{"repository":"https://github.com/onilabs/conductance","dockerfilePath":"Dockerfile","startTime":1672782175776,"clone":{"stdout":"","stderr":"Cloning into '/tmp/dinghy-analysis/onilabs/conductance'...\n","error":null,"commit":"9866e29b6030cab4dfc2628bc07763a41b805239"},"originalBuild":{"startTimestamp":1672782177048,"endTimestamp":1672782261127,"error":{"code":2,"killed":false,"signal":null,"cmd":"docker build --no-cache --force-rm -t conductance:latest -f /tmp/dinghy-analysis/onilabs/conductance/Dockerfile ."},"stdout":"Sending build context to Docker daemon  8.157MB\r\r\nStep 1/13 : FROM node:16.15.0-bullseye AS build\n16.15.0-bullseye: Pulling from library/node\ne756f3fdd6a3: Pulling fs layer\nbf168a674899: Pulling fs layer\ne604223835cc: Pulling fs layer\n6d5c91c4cd86: Pulling fs layer\n2cc8d8854262: Pulling fs layer\nb8798d556362: Pulling fs layer\n1fe18fbe7263: Pulling fs layer\n72a41faca8b0: Pulling fs layer\n5783af58b43f: Pulling fs layer\n6d5c91c4cd86: Waiting\nb8798d556362: Waiting\n5783af58b43f: Waiting\n72a41faca8b0: Waiting\n1fe18fbe7263: Waiting\nbf168a674899: Verifying Checksum\nbf168a674899: Download complete\ne604223835cc: Verifying Checksum\ne604223835cc: Download complete\n6d5c91c4cd86: Verifying Checksum\n6d5c91c4cd86: Download complete\nb8798d556362: Verifying Checksum\nb8798d556362: Download complete\ne756f3fdd6a3: Verifying Checksum\ne756f3fdd6a3: Download complete\n72a41faca8b0: Verifying Checksum\n72a41faca8b0: Download complete\n5783af58b43f: Verifying Checksum\n5783af58b43f: Download complete\n2cc8d8854262: Verifying Checksum\n2cc8d8854262: Download complete\ne756f3fdd6a3: Pull complete\nbf168a674899: Pull complete\n1fe18fbe7263: Verifying Checksum\n1fe18fbe7263: Download complete\ne604223835cc: Pull complete\n6d5c91c4cd86: Pull complete\n2cc8d8854262: Pull complete\nb8798d556362: Pull complete\n1fe18fbe7263: Pull complete\n72a41faca8b0: Pull complete\n5783af58b43f: Pull complete\nDigest: sha256:02b94e296a770967e3258e9cec42d3e9c4411ee09bec0528fb86110dded59d34\nStatus: Downloaded newer image for node:16.15.0-bullseye\n ---> 6c3a13604055\nStep 2/13 : MAINTAINER alex@onilabs.com\n ---> Running in b363a9277ce0\nRemoving intermediate container b363a9277ce0\n ---> b85951fb7797\nStep 3/13 : RUN mkdir -p /usr/src/conductance\n ---> Running in 941b3d49e4ce\nRemoving intermediate container 941b3d49e4ce\n ---> 8ed01ca312d5\nStep 4/13 : WORKDIR /usr/src/conductance\n ---> Running in 575ec1e8c0d0\nRemoving intermediate container 575ec1e8c0d0\n ---> ddc2eb251e1e\nStep 5/13 : COPY . /usr/src/conductance\n ---> 0e75f951221d\nStep 6/13 : RUN apt-get update     && apt-get install -y --no-install-recommends python-is-python2\n ---> Running in 1bcd5f94300d\nGet:1 http://security.debian.org/debian-security bullseye-security InRelease [48.4 kB]\nGet:2 http://deb.debian.org/debian bullseye InRelease [116 kB]\nGet:3 http://deb.debian.org/debian bullseye-updates InRelease [44.1 kB]\nGet:4 http://security.debian.org/debian-security bullseye-security/main amd64 Packages [210 kB]\nGet:5 http://deb.debian.org/debian bullseye/main amd64 Packages [8183 kB]\nGet:6 http://deb.debian.org/debian bullseye-updates/main amd64 Packages [14.6 kB]\nFetched 8616 kB in 1s (6014 kB/s)\nReading package lists...\nReading package lists...\nBuilding dependency tree...\nReading state information...\nThe following additional packages will be installed:\n  libpython2-stdlib libpython2.7-minimal libpython2.7-stdlib mailcap\n  mime-support python2 python2-minimal python2.7 python2.7-minimal\nSuggested packages:\n  python2-doc python-tk python2.7-doc binfmt-support\nThe following NEW packages will be installed:\n  libpython2-stdlib libpython2.7-minimal libpython2.7-stdlib mailcap\n  mime-support python-is-python2 python2 python2-minimal python2.7\n  python2.7-minimal\n0 upgraded, 10 newly installed, 0 to remove and 81 not upgraded.\nNeed to get 4019 kB of archives.\nAfter this operation, 16.3 MB of additional disk space will be used.\nGet:1 http://deb.debian.org/debian bullseye/main amd64 libpython2.7-minimal amd64 2.7.18-8 [396 kB]\nGet:2 http://deb.debian.org/debian bullseye/main amd64 python2.7-minimal amd64 2.7.18-8 [1322 kB]\nGet:3 http://deb.debian.org/debian bullseye/main amd64 python2-minimal amd64 2.7.18-3 [34.2 kB]\nGet:4 http://deb.debian.org/debian bullseye/main amd64 mailcap all 3.69 [31.7 kB]\nGet:5 http://deb.debian.org/debian bullseye/main amd64 mime-support all 3.66 [10.9 kB]\nGet:6 http://deb.debian.org/debian bullseye/main amd64 libpython2.7-stdlib amd64 2.7.18-8 [1865 kB]\nGet:7 http://deb.debian.org/debian bullseye/main amd64 python2.7 amd64 2.7.18-8 [311 kB]\nGet:8 http://deb.debian.org/debian bullseye/main amd64 libpython2-stdlib amd64 2.7.18-3 [21.2 kB]\nGet:9 http://deb.debian.org/debian bullseye/main amd64 python2 amd64 2.7.18-3 [24.5 kB]\nGet:10 http://deb.debian.org/debian bullseye/main amd64 python-is-python2 all 2.7.18-9 [2940 B]\n\u001b[91mdebconf: delaying package configuration, since apt-utils is not installed\n\u001b[0mFetched 4019 kB in 0s (38.3 MB/s)\nSelecting previously unselected package libpython2.7-minimal:amd64.\r\n(Reading database ... \r(Reading database ... 5%\r(Reading database ... 10%\r(Reading database ... 15%\r(Reading database ... 20%\r(Reading database ... 25%\r(Reading database ... 30%\r(Reading database ... 35%\r(Reading database ... 40%\r(Reading database ... 45%\r(Reading database ... 50%\r(Reading database ... 55%\r(Reading database ... 60%\r(Reading database ... 65%\r(Reading database ... 70%\r(Reading database ... 75%\r(Reading database ... 80%\r(Reading database ... 85%\r(Reading database ... 90%\r(Reading database ... 95%\r(Reading database ... 100%\r(Reading database ... 22790 files and directories currently installed.)\r\nPreparing to unpack .../0-libpython2.7-minimal_2.7.18-8_amd64.deb ...\r\nUnpacking libpython2.7-minimal:amd64 (2.7.18-8) ...\r\nSelecting previously unselected package python2.7-minimal.\r\nPreparing to unpack .../1-python2.7-minimal_2.7.18-8_amd64.deb ...\r\nUnpacking python2.7-minimal (2.7.18-8) ...\r\nSelecting previously unselected package python2-minimal.\r\nPreparing to unpack .../2-python2-minimal_2.7.18-3_amd64.deb ...\r\nUnpacking python2-minimal (2.7.18-3) ...\r\nSelecting previously unselected package mailcap.\r\nPreparing to unpack .../3-mailcap_3.69_all.deb ...\r\nUnpacking mailcap (3.69) ...\r\nSelecting previously unselected package mime-support.\r\nPreparing to unpack .../4-mime-support_3.66_all.deb ...\r\nUnpacking mime-support (3.66) ...\r\nSelecting previously unselected package libpython2.7-stdlib:amd64.\r\nPreparing to unpack .../5-libpython2.7-stdlib_2.7.18-8_amd64.deb ...\r\nUnpacking libpython2.7-stdlib:amd64 (2.7.18-8) ...\r\nSelecting previously unselected package python2.7.\r\nPreparing to unpack .../6-python2.7_2.7.18-8_amd64.deb ...\r\nUnpacking python2.7 (2.7.18-8) ...\r\nSelecting previously unselected package libpython2-stdlib:amd64.\r\nPreparing to unpack .../7-libpython2-stdlib_2.7.18-3_amd64.deb ...\r\nUnpacking libpython2-stdlib:amd64 (2.7.18-3) ...\r\nSetting up libpython2.7-minimal:amd64 (2.7.18-8) ...\r\nSetting up python2.7-minimal (2.7.18-8) ...\r\nLinking and byte-compiling packages for runtime python2.7...\r\nSetting up python2-minimal (2.7.18-3) ...\r\nSelecting previously unselected package python2.\r\n(Reading database ... \r(Reading database ... 5%\r(Reading database ... 10%\r(Reading database ... 15%\r(Reading database ... 20%\r(Reading database ... 25%\r(Reading database ... 30%\r(Reading database ... 35%\r(Reading database ... 40%\r(Reading database ... 45%\r(Reading database ... 50%\r(Reading database ... 55%\r(Reading database ... 60%\r(Reading database ... 65%\r(Reading database ... 70%\r(Reading database ... 75%\r(Reading database ... 80%\r(Reading database ... 85%\r(Reading database ... 90%\r(Reading database ... 95%\r(Reading database ... 100%\r(Reading database ... 23560 files and directories currently installed.)\r\nPreparing to unpack .../python2_2.7.18-3_amd64.deb ...\r\nUnpacking python2 (2.7.18-3) ...\r\nSelecting previously unselected package python-is-python2.\r\nPreparing to unpack .../python-is-python2_2.7.18-9_all.deb ...\r\nUnpacking python-is-python2 (2.7.18-9) ...\r\nSetting up mailcap (3.69) ...\r\nSetting up mime-support (3.66) ...\r\nSetting up libpython2.7-stdlib:amd64 (2.7.18-8) ...\r\nSetting up python2.7 (2.7.18-8) ...\r\nSetting up libpython2-stdlib:amd64 (2.7.18-3) ...\r\nSetting up python2 (2.7.18-3) ...\r\nSetting up python-is-python2 (2.7.18-9) ...\r\nRemoving intermediate container 1bcd5f94300d\n ---> 0d46fb8573ba\nStep 7/13 : RUN make && ln -s /usr/src/conductance/conductance /usr/local/bin/conductance\n ---> Running in 1e275689eda9\n\u001b[91mgup  all\n\u001b[0m\u001b[91mgup    node_modules/all\n\u001b[0m\u001b[91mgup      node_modules/update\n\u001b[0m\u001b[91mError: Cannot find module '/usr/src/conductance/node_modules/@msgpack/msgpack/package.json'\nRequire stack:\n- /usr/src/conductance/tools/update-deps.js\n\u001b[0m\u001b[91mError: Cannot find module '/usr/src/conductance/node_modules/browserify/package.json'\nRequire stack:\n- /usr/src/conductance/tools/update-deps.js\n\u001b[0m\u001b[91mError: Cannot find module '/usr/src/conductance/node_modules/google-oauth-jwt/package.json'\nRequire stack:\n- /usr/src/conductance/tools/update-deps.js\n\u001b[0m\u001b[91mError: Cannot find module '/usr/src/conductance/node_modules/leveldown/package.json'\nRequire stack:\n- /usr/src/conductance/tools/update-deps.js\n\u001b[0m\u001b[91mError: Cannot find module '/usr/src/conductance/node_modules/nodemon/package.json'\nRequire stack:\n- /usr/src/conductance/tools/update-deps.js\n\u001b[0m\u001b[91mError: Cannot find module '/usr/src/conductance/node_modules/ssh2/package.json'\nRequire stack:\n- /usr/src/conductance/tools/update-deps.js\n\u001b[0m\u001b[91mError: Cannot find module '/usr/src/conductance/node_modules/stratifiedjs/package.json'\nRequire stack:\n- /usr/src/conductance/tools/update-deps.js\n\u001b[0m\u001b[91mError: Cannot find module '/usr/src/conductance/node_modules/ws/package.json'\nRequire stack:\n- /usr/src/conductance/tools/update-deps.js\n\u001b[0m\u001b[91mError: Cannot find module '/usr/src/conductance/node_modules/bufferutil/package.json'\nRequire stack:\n- /usr/src/conductance/tools/update-deps.js\n\u001b[0m\u001b[91mError: Cannot find module '/usr/src/conductance/node_modules/utf-8-validate/package.json'\nRequire stack:\n- /usr/src/conductance/tools/update-deps.js\n\u001b[0mCalling `npm install --production @msgpack/msgpack@^2.8.0 browserify@^17.0.0 google-oauth-jwt@^0.0.7 leveldown@^5.6.0 nodemon@^1.19.4 ssh2@^0.8.9 stratifiedjs@git+https://github.com/onilabs/stratifiedjs.git#9e436be354fb2116d4c9c0e2f74157060710885157cce35a46dd63b36911938ad0f775ede5723fa8 ws@^8.11.0 bufferutil@^4.0.7 utf-8-validate@^5.0.10`\n\u001b[91mnpm notice \nnpm notice New major version of npm available! 8.5.5 -> 9.2.0\nnpm notice Changelog: <https://github.com/npm/cli/releases/tag/v9.2.0>\nnpm\u001b[0m\u001b[91m notice Run `npm install -g npm@9.2.0` to update!\nnpm notice \n\u001b[0m\u001b[91mnpm ERR! code 1\n\u001b[0m\u001b[91mnpm ERR! The git reference could not be found\nnpm ERR!\u001b[0m\u001b[91m command git --no-replace-objects checkout 9e436be354fb2116d4c9c0e2f74157060710885157cce35a46dd63b36911938ad0f775ede5723fa8\n\u001b[0m\u001b[91mnpm ERR! error: pathspec '9e436be354fb2116d4c9c0e2f74157060710885157cce35a46dd63b36911938ad0f775ede5723fa8' did not match any file(s) known to git\n\u001b[0m\u001b[91m\n\u001b[0m\u001b[91mnpm ERR! A complete log of this run can be found in:\nnpm \u001b[0m\u001b[91mERR!     /root/.npm/_logs/2023-01-03T21_44_01_893Z-debug-0.log\n\u001b[0m\u001b[91mgup      Target `node_modules/update` failed with exit status 1\n\u001b[0m\u001b[91mgup    Target `node_modules/all` failed with exit status 2\n\u001b[0m\u001b[91mgup  Target `all` failed with exit status 2\n\u001b[0m\u001b[91mmake: *** [Makefile:4: all] Error 2\n\u001b[0mRemoving intermediate container 1e275689eda9\n","stderr":"The command '/bin/sh -c make && ln -s /usr/src/conductance/conductance /usr/local/bin/conductance' returned a non-zero code: 2\n"},"endTime":1672782261214}