{"repository":"https://github.com/batiste/django-page-cms","dockerfilePath":"Dockerfile","startTime":1672300011257,"clone":{"stdout":"","stderr":"Cloning into '/tmp/dinghy-analysis/batiste/django-page-cms'...\n","error":null,"commit":"706ec96cd3ac96a9c6120cbd2b4f07d3290bb011"},"originalBuild":{"startTimestamp":1672300012252,"endTimestamp":1672300060168,"error":{"code":1,"killed":false,"signal":null,"cmd":"docker build --no-cache --force-rm -t django-page-cms:latest -f /tmp/dinghy-analysis/batiste/django-page-cms/Dockerfile ."},"stdout":"Sending build context to Docker daemon   4.29MB\r\r\nStep 1/11 : FROM python:3\n ---> 75cc8d87cc34\nStep 2/11 : ENV PYTHONUNBUFFERED 1\n ---> Running in e85a284da78e\nRemoving intermediate container e85a284da78e\n ---> 329ac1f5bc39\nStep 3/11 : RUN mkdir /code\n ---> Running in b2b57757dd8f\nRemoving intermediate container b2b57757dd8f\n ---> df23fc2a40d3\nStep 4/11 : WORKDIR /code\n ---> Running in 29716308cabe\nRemoving intermediate container 29716308cabe\n ---> ebbe3d259686\nStep 5/11 : COPY ./example /code/example\n ---> 8d93d9bcad2b\nStep 6/11 : COPY ./pages /code/pages\n ---> e93e8311b8e3\nStep 7/11 : COPY ./doc /code/doc\n ---> d3558b51a543\nStep 8/11 : COPY README.rst /code/\n ---> 6a31399319c0\nStep 9/11 : COPY requirements-frozen.txt /code/\n ---> f1ff5756e384\nStep 10/11 : COPY setup.py /code/\n ---> 8949b990ba25\nStep 11/11 : RUN pip install -r requirements-frozen.txt\n ---> Running in c28c0338f141\nCollecting asgiref==3.2.10\n  Downloading asgiref-3.2.10-py3-none-any.whl (19 kB)\nCollecting astroid==2.3.3\n  Downloading astroid-2.3.3-py3-none-any.whl (205 kB)\n     ━━━━━━━━━━━━━━━━━━━━━━━━━━━━━━━━━━━━━━ 205.7/205.7 kB 11.6 MB/s eta 0:00:00\nCollecting certifi==2022.12.7\n  Downloading certifi-2022.12.7-py3-none-any.whl (155 kB)\n     ━━━━━━━━━━━━━━━━━━━━━━━━━━━━━━━━━━━━━━ 155.3/155.3 kB 10.2 MB/s eta 0:00:00\nCollecting chardet==3.0.4\n  Downloading chardet-3.0.4-py2.py3-none-any.whl (133 kB)\n     ━━━━━━━━━━━━━━━━━━━━━━━━━━━━━━━━━━━━━━━ 133.4/133.4 kB 7.4 MB/s eta 0:00:00\nCollecting Django==3.1.14\n  Downloading Django-3.1.14-py3-none-any.whl (7.8 MB)\n     ━━━━━━━━━━━━━━━━━━━━━━━━━━━━━━━━━━━━━━━━ 7.8/7.8 MB 36.5 MB/s eta 0:00:00\nCollecting django-ckeditor==5.9.0\n  Downloading django_ckeditor-5.9.0-py2.py3-none-any.whl (2.4 MB)\n     ━━━━━━━━━━━━━━━━━━━━━━━━━━━━━━━━━━━━━━━━ 2.4/2.4 MB 43.5 MB/s eta 0:00:00\nCollecting django-haystack==2.8.1\n  Downloading django-haystack-2.8.1.tar.gz (1.6 MB)\n     ━━━━━━━━━━━━━━━━━━━━━━━━━━━━━━━━━━━━━━━━ 1.6/1.6 MB 6.5 MB/s eta 0:00:00\n  Preparing metadata (setup.py): started\n  Preparing metadata (setup.py): finished with status 'done'\nCollecting django-js-asset==1.2.2\n  Downloading django_js_asset-1.2.2-py2.py3-none-any.whl (5.8 kB)\nCollecting django-mptt==0.11.0\n  Downloading django_mptt-0.11.0-py2.py3-none-any.whl (109 kB)\n     ━━━━━━━━━━━━━━━━━━━━━━━━━━━━━━━━━━━━━━━ 109.8/109.8 kB 7.3 MB/s eta 0:00:00\nCollecting django-page-cms==2.0.11\n  Downloading django-page-cms-2.0.11.tar.gz (1.3 MB)\n     ━━━━━━━━━━━━━━━━━━━━━━━━━━━━━━━━━━━━━━━━ 1.3/1.3 MB 3.7 MB/s eta 0:00:00\n  Preparing metadata (setup.py): started\n  Preparing metadata (setup.py): finished with status 'done'\nCollecting django-taggit==1.2.0\n  Downloading django_taggit-1.2.0-py3-none-any.whl (45 kB)\n     ━━━━━━━━━━━━━━━━━━━━━━━━━━━━━━━━━━━━━━━━ 45.5/45.5 kB 4.8 MB/s eta 0:00:00\nCollecting djangorestframework==3.11.2\n  Downloading djangorestframework-3.11.2-py3-none-any.whl (911 kB)\n     ━━━━━━━━━━━━━━━━━━━━━━━━━━━━━━━━━━━━━━ 911.2/911.2 kB 49.7 MB/s eta 0:00:00\nCollecting idna==2.8\n  Downloading idna-2.8-py2.py3-none-any.whl (58 kB)\n     ━━━━━━━━━━━━━━━━━━━━━━━━━━━━━━━━━━━━━━━━ 58.6/58.6 kB 4.5 MB/s eta 0:00:00\nCollecting isort==4.3.21\n  Downloading isort-4.3.21-py2.py3-none-any.whl (42 kB)\n     ━━━━━━━━━━━━━━━━━━━━━━━━━━━━━━━━━━━━━━━━ 42.3/42.3 kB 2.9 MB/s eta 0:00:00\nCollecting lazy-object-proxy==1.4.3\n  Downloading lazy-object-proxy-1.4.3.tar.gz (34 kB)\n  Installing build dependencies: started\n  Installing build dependencies: finished with status 'done'\n  Getting requirements to build wheel: started\n  Getting requirements to build wheel: finished with status 'done'\n  Preparing metadata (pyproject.toml): started\n  Preparing metadata (pyproject.toml): finished with status 'done'\nCollecting Markdown==3.2.1\n  Downloading Markdown-3.2.1-py2.py3-none-any.whl (88 kB)\n     ━━━━━━━━━━━━━━━━━━━━━━━━━━━━━━━━━━━━━━━━ 88.8/88.8 kB 5.0 MB/s eta 0:00:00\nCollecting mccabe==0.6.1\n  Downloading mccabe-0.6.1-py2.py3-none-any.whl (8.6 kB)\nCollecting packaging==20.1\n  Downloading packaging-20.1-py2.py3-none-any.whl (36 kB)\nCollecting Pillow==9.3.0\n  Downloading Pillow-9.3.0-cp311-cp311-manylinux_2_28_x86_64.whl (3.3 MB)\n     ━━━━━━━━━━━━━━━━━━━━━━━━━━━━━━━━━━━━━━━━ 3.3/3.3 MB 51.7 MB/s eta 0:00:00\nCollecting polib==1.1.0\n  Downloading polib-1.1.0-py2.py3-none-any.whl (25 kB)\nCollecting pylint==2.4.4\n  Downloading pylint-2.4.4-py3-none-any.whl (302 kB)\n     ━━━━━━━━━━━━━━━━━━━━━━━━━━━━━━━━━━━━━ 303.0/303.0 kB 349.5 kB/s eta 0:00:00\nCollecting pyparsing==2.4.6\n  Downloading pyparsing-2.4.6-py2.py3-none-any.whl (67 kB)\n     ━━━━━━━━━━━━━━━━━━━━━━━━━━━━━━━━━━━━━━━ 67.7/67.7 kB 464.5 kB/s eta 0:00:00\nCollecting pytz==2019.3\n  Downloading pytz-2019.3-py2.py3-none-any.whl (509 kB)\n     ━━━━━━━━━━━━━━━━━━━━━━━━━━━━━━━━━━━━━━━ 509.2/509.2 kB 8.0 MB/s eta 0:00:00\nCollecting requests==2.26.0\n  Downloading requests-2.26.0-py2.py3-none-any.whl (62 kB)\n     ━━━━━━━━━━━━━━━━━━━━━━━━━━━━━━━━━━━━━━━━ 62.3/62.3 kB 3.1 MB/s eta 0:00:00\nCollecting six==1.14.0\n  Downloading six-1.14.0-py2.py3-none-any.whl (10 kB)\nCollecting sorl-thumbnail==12.6.3\n  Downloading sorl_thumbnail-12.6.3-py3-none-any.whl (41 kB)\n     ━━━━━━━━━━━━━━━━━━━━━━━━━━━━━━━━━━━━━━━━ 41.5/41.5 kB 2.9 MB/s eta 0:00:00\nCollecting sqlparse==0.3.0\n  Downloading sqlparse-0.3.0-py2.py3-none-any.whl (39 kB)\nCollecting tqdm==4.42.1\n  Downloading tqdm-4.42.1-py2.py3-none-any.whl (59 kB)\n     ━━━━━━━━━━━━━━━━━━━━━━━━━━━━━━━━━━━━━━━━ 59.1/59.1 kB 6.7 MB/s eta 0:00:00\nCollecting typed-ast==1.4.1\n  Downloading typed_ast-1.4.1.tar.gz (208 kB)\n     ━━━━━━━━━━━━━━━━━━━━━━━━━━━━━━━━━━━━━━ 208.6/208.6 kB 17.0 MB/s eta 0:00:00\n  Preparing metadata (setup.py): started\n  Preparing metadata (setup.py): finished with status 'done'\nCollecting urllib3==1.26.6\n  Downloading urllib3-1.26.6-py2.py3-none-any.whl (138 kB)\n     ━━━━━━━━━━━━━━━━━━━━━━━━━━━━━━━━━━━━━━━ 138.5/138.5 kB 9.0 MB/s eta 0:00:00\nCollecting Whoosh==2.7.4\n  Downloading Whoosh-2.7.4-py2.py3-none-any.whl (468 kB)\n     ━━━━━━━━━━━━━━━━━━━━━━━━━━━━━━━━━━━━━━ 468.8/468.8 kB 18.0 MB/s eta 0:00:00\nCollecting wrapt==1.11.2\n  Downloading wrapt-1.11.2.tar.gz (27 kB)\n  Preparing metadata (setup.py): started\n  Preparing metadata (setup.py): finished with status 'done'\nRequirement already satisfied: setuptools>=36 in /usr/local/lib/python3.11/site-packages (from Markdown==3.2.1->-r requirements-frozen.txt (line 16)) (65.5.0)\nCollecting charset-normalizer~=2.0.0\n  Downloading charset_normalizer-2.0.12-py3-none-any.whl (39 kB)\nBuilding wheels for collected packages: django-haystack, django-page-cms, lazy-object-proxy, typed-ast, wrapt\n  Building wheel for django-haystack (setup.py): started\n  Building wheel for django-haystack (setup.py): finished with status 'done'\n  Created wheel for django-haystack: filename=django_haystack-2.8.1-py3-none-any.whl size=131004 sha256=bad09ea4fa6b4da29afadee340b28f6b872b28a2c4e48764127a3f15476e155a\n  Stored in directory: /root/.cache/pip/wheels/56/f5/ef/298d4afc5e5fa6e52a18bb2600386149a75fcd37684462db93\n  Building wheel for django-page-cms (setup.py): started\n  Building wheel for django-page-cms (setup.py): finished with status 'done'\n  Created wheel for django-page-cms: filename=django_page_cms-2.0.11-py2.py3-none-any.whl size=974622 sha256=753c70de4eda5aba5bf58a8fdead6079d941a0d27649cc586d31121b0663cd78\n  Stored in directory: /root/.cache/pip/wheels/3b/25/4c/8668dd6fe1fb09e22215fb327c175014618e9ff1b1b614190e\n  Building wheel for lazy-object-proxy (pyproject.toml): started\n  Building wheel for lazy-object-proxy (pyproject.toml): finished with status 'done'\n  Created wheel for lazy-object-proxy: filename=lazy_object_proxy-1.4.3-cp311-cp311-linux_x86_64.whl size=57228 sha256=0566bf2cc8a4d08c0994f6646e048722d72e5285a2ac1f552f1176705b0ac06a\n  Stored in directory: /root/.cache/pip/wheels/02/89/03/865b686f23ad7f58d17130d0ee7a4ae6a1b4c90d6a225594fe\n  Building wheel for typed-ast (setup.py): started\n  Building wheel for typed-ast (setup.py): finished with status 'error'\n\u001b[91m  error: subprocess-exited-with-error\n  \n  × python setup.py bdist_wheel did not run successfully.\n  │ exit code: 1\n  ╰─> [218 lines of output]\n      running bdist_wheel\n      running build\n      running build_py\n      creating build\n      creating build/lib.linux-x86_64-cpython-311\n      creating build/lib.linux-x86_64-cpython-311/typed_ast\n      copying typed_ast/conversions.py -> build/lib.linux-x86_64-cpython-311/typed_ast\n      copying typed_ast/__init__.py -> build/lib.linux-x86_64-cpython-311/typed_ast\n      copying typed_ast/ast3.py -> build/lib.linux-x86_64-cpython-311/typed_ast\n      copying typed_ast/ast27.py -> build/lib.linux-x86_64-cpython-311/typed_ast\n      creating build/lib.linux-x86_64-cpython-311/typed_ast/tests\n      copying ast3/tests/test_basics.py -> build/lib.linux-x86_64-cpython-311/typed_ast/tests\n      running build_ext\n      building '_ast27' extension\n      creating build/temp.linux-x86_64-cpython-311\n      creating build/temp.linux-x86_64-cpython-311/ast27\n      creating build/temp.linux-x86_64-cpython-311/ast27/Custom\n      creating build/temp.linux-x86_64-cpython-311/ast27/Parser\n      creating build/temp.linux-x86_64-cpython-311/ast27/Python\n      gcc -pthread -Wsign-compare -DNDEBUG -g -fwrapv -O3 -Wall -fPIC -Iast27/Include -I/usr/local/include/python3.11 -c ast27/Custom/typed_ast.c -o build/temp.linux-x86_64-cpython-311/ast27/Custom/typed_ast.o\n      In file included from ast27/Include/Python-ast.h:3,\n                       from ast27/Custom/typed_ast.c:2:\n      ast27/Include/asdl.h:37:41: error: unknown type name ‘PyArena’\n         37 | asdl_seq *asdl_seq_new(Py_ssize_t size, PyArena *arena);\n            |                                         ^~~~~~~\n      ast27/Include/asdl.h:38:49: error: unknown type name ‘PyArena’\n         38 | asdl_int_seq *asdl_int_seq_new(Py_ssize_t size, PyArena *arena);\n            |                                                 ^~~~~~~\n      In file included from ast27/Custom/typed_ast.c:2:\n      ast27/Include/Python-ast.h:398:63: error: unknown type name ‘PyArena’\n        398 | mod_ty _Ta27_Module(asdl_seq * body, asdl_seq * type_ignores, PyArena *arena);\n            |                                                               ^~~~~~~\n      ast27/Include/Python-ast.h:400:43: error: unknown type name ‘PyArena’\n        400 | mod_ty _Ta27_Interactive(asdl_seq * body, PyArena *arena);\n            |                                           ^~~~~~~\n      ast27/Include/Python-ast.h:402:39: error: unknown type name ‘PyArena’\n        402 | mod_ty _Ta27_Expression(expr_ty body, PyArena *arena);\n            |                                       ^~~~~~~\n      ast27/Include/Python-ast.h:404:65: error: unknown type name ‘PyArena’\n        404 | mod_ty _Ta27_FunctionType(asdl_seq * argtypes, expr_ty returns, PyArena *arena);\n            |                                                                 ^~~~~~~\n      ast27/Include/Python-ast.h:406:37: error: unknown type name ‘PyArena’\n        406 | mod_ty _Ta27_Suite(asdl_seq * body, PyArena *arena);\n            |                                     ^~~~~~~\n      ast27/Include/Python-ast.h:409:92: error: unknown type name ‘PyArena’\n        409 |                           decorator_list, string type_comment, int lineno, int col_offset, PyArena\n            |                                                                                            ^~~~~~~\n      ast27/Include/Python-ast.h:413:68: error: unknown type name ‘PyArena’\n        413 |                        decorator_list, int lineno, int col_offset, PyArena *arena);\n            |                                                                    ^~~~~~~\n      ast27/Include/Python-ast.h:415:65: error: unknown type name ‘PyArena’\n        415 | stmt_ty _Ta27_Return(expr_ty value, int lineno, int col_offset, PyArena *arena);\n            |                                                                 ^~~~~~~\n      ast27/Include/Python-ast.h:417:70: error: unknown type name ‘PyArena’\n        417 | stmt_ty _Ta27_Delete(asdl_seq * targets, int lineno, int col_offset, PyArena *arena);\n            |                                                                      ^~~~~~~\n      ast27/Include/Python-ast.h:420:34: error: unknown type name ‘PyArena’\n        420 |                      col_offset, PyArena *arena);\n            |                                  ^~~~~~~\n      ast27/Include/Python-ast.h:423:25: error: unknown type name ‘PyArena’\n        423 |                         PyArena *arena);\n            |                         ^~~~~~~\n      ast27/Include/Python-ast.h:425:91: error: unknown type name ‘PyArena’\n        425 | stmt_ty _Ta27_Print(expr_ty dest, asdl_seq * values, bool nl, int lineno, int col_offset, PyArena\n            |                                                                                           ^~~~~~~\n      ast27/Include/Python-ast.h:429:61: error: unknown type name ‘PyArena’\n        429 |                   type_comment, int lineno, int col_offset, PyArena *arena);\n            |                                                             ^~~~~~~\n      ast27/Include/Python-ast.h:432:21: error: unknown type name ‘PyArena’\n        432 |                     PyArena *arena);\n            |                     ^~~~~~~\n      ast27/Include/Python-ast.h:435:18: error: unknown type name ‘PyArena’\n        435 |                  PyArena *arena);\n            |                  ^~~~~~~\n      ast27/Include/Python-ast.h:438:62: error: unknown type name ‘PyArena’\n        438 |                    type_comment, int lineno, int col_offset, PyArena *arena);\n            |                                                              ^~~~~~~\n      ast27/Include/Python-ast.h:440:92: error: unknown type name ‘PyArena’\n        440 | stmt_ty _Ta27_Raise(expr_ty type, expr_ty inst, expr_ty tback, int lineno, int col_offset, PyArena\n            |                                                                                            ^~~~~~~\n      ast27/Include/Python-ast.h:444:37: error: unknown type name ‘PyArena’\n        444 |                         col_offset, PyArena *arena);\n            |                                     ^~~~~~~\n      ast27/Include/Python-ast.h:446:93: error: unknown type name ‘PyArena’\n        446 | stmt_ty _Ta27_TryFinally(asdl_seq * body, asdl_seq * finalbody, int lineno, int col_offset, PyArena\n            |                                                                                             ^~~~~~~\n      ast27/Include/Python-ast.h:449:77: error: unknown type name ‘PyArena’\n        449 | stmt_ty _Ta27_Assert(expr_ty test, expr_ty msg, int lineno, int col_offset, PyArena *arena);\n            |                                                                             ^~~~~~~\n      ast27/Include/Python-ast.h:451:68: error: unknown type name ‘PyArena’\n        451 | stmt_ty _Ta27_Import(asdl_seq * names, int lineno, int col_offset, PyArena *arena);\n            |                                                                    ^~~~~~~\n      ast27/Include/Python-ast.h:454:38: error: unknown type name ‘PyArena’\n        454 |                          col_offset, PyArena *arena);\n            |                                      ^~~~~~~\n      ast27/Include/Python-ast.h:457:20: error: unknown type name ‘PyArena’\n        457 |                    PyArena *arena);\n            |                    ^~~~~~~\n      ast27/Include/Python-ast.h:459:68: error: unknown type name ‘PyArena’\n        459 | stmt_ty _Ta27_Global(asdl_seq * names, int lineno, int col_offset, PyArena *arena);\n            |                                                                    ^~~~~~~\n      ast27/Include/Python-ast.h:461:63: error: unknown type name ‘PyArena’\n        461 | stmt_ty _Ta27_Expr(expr_ty value, int lineno, int col_offset, PyArena *arena);\n            |                                                               ^~~~~~~\n      ast27/Include/Python-ast.h:463:48: error: unknown type name ‘PyArena’\n        463 | stmt_ty _Ta27_Pass(int lineno, int col_offset, PyArena *arena);\n            |                                                ^~~~~~~\n      ast27/Include/Python-ast.h:465:49: error: unknown type name ‘PyArena’\n        465 | stmt_ty _Ta27_Break(int lineno, int col_offset, PyArena *arena);\n            |                                                 ^~~~~~~\n      ast27/Include/Python-ast.h:467:52: error: unknown type name ‘PyArena’\n        467 | stmt_ty _Ta27_Continue(int lineno, int col_offset, PyArena *arena);\n            |                                                    ^~~~~~~\n      ast27/Include/Python-ast.h:469:83: error: unknown type name ‘PyArena’\n        469 | expr_ty _Ta27_BoolOp(boolop_ty op, asdl_seq * values, int lineno, int col_offset, PyArena *arena);\n            |                                                                                   ^~~~~~~\n      ast27/Include/Python-ast.h:472:21: error: unknown type name ‘PyArena’\n        472 |                     PyArena *arena);\n            |                     ^~~~~~~\n      ast27/Include/Python-ast.h:474:83: error: unknown type name ‘PyArena’\n        474 | expr_ty _Ta27_UnaryOp(unaryop_ty op, expr_ty operand, int lineno, int col_offset, PyArena *arena);\n            |                                                                                   ^~~~~~~\n      ast27/Include/Python-ast.h:476:83: error: unknown type name ‘PyArena’\n        476 | expr_ty _Ta27_Lambda(arguments_ty args, expr_ty body, int lineno, int col_offset, PyArena *arena);\n            |                                                                                   ^~~~~~~\n      ast27/Include/Python-ast.h:478:93: error: unknown type name ‘PyArena’\n        478 | expr_ty _Ta27_IfExp(expr_ty test, expr_ty body, expr_ty orelse, int lineno, int col_offset, PyArena\n            |                                                                                             ^~~~~~~\n      ast27/Include/Python-ast.h:481:84: error: unknown type name ‘PyArena’\n        481 | expr_ty _Ta27_Dict(asdl_seq * keys, asdl_seq * values, int lineno, int col_offset, PyArena *arena);\n            |                                                                                    ^~~~~~~\n      ast27/Include/Python-ast.h:483:64: error: unknown type name ‘PyArena’\n        483 | expr_ty _Ta27_Set(asdl_seq * elts, int lineno, int col_offset, PyArena *arena);\n            |                                                                ^~~~~~~\n      ast27/Include/Python-ast.h:485:88: error: unknown type name ‘PyArena’\n        485 | expr_ty _Ta27_ListComp(expr_ty elt, asdl_seq * generators, int lineno, int col_offset, PyArena\n            |                                                                                        ^~~~~~~\n      ast27/Include/Python-ast.h:488:87: error: unknown type name ‘PyArena’\n        488 | expr_ty _Ta27_SetComp(expr_ty elt, asdl_seq * generators, int lineno, int col_offset, PyArena\n            |                                                                                       ^~~~~~~\n      ast27/Include/Python-ast.h:492:36: error: unknown type name ‘PyArena’\n        492 |                        col_offset, PyArena *arena);\n            |                                    ^~~~~~~\n      ast27/Include/Python-ast.h:494:92: error: unknown type name ‘PyArena’\n        494 | expr_ty _Ta27_GeneratorExp(expr_ty elt, asdl_seq * generators, int lineno, int col_offset, PyArena\n            |                                                                                            ^~~~~~~\n      ast27/Include/Python-ast.h:497:64: error: unknown type name ‘PyArena’\n        497 | expr_ty _Ta27_Yield(expr_ty value, int lineno, int col_offset, PyArena *arena);\n            |                                                                ^~~~~~~\n      ast27/Include/Python-ast.h:500:35: error: unknown type name ‘PyArena’\n        500 |                       col_offset, PyArena *arena);\n            |                                   ^~~~~~~\n      ast27/Include/Python-ast.h:503:56: error: unknown type name ‘PyArena’\n        503 |                    kwargs, int lineno, int col_offset, PyArena *arena);\n            |                                                        ^~~~~~~\n      ast27/Include/Python-ast.h:505:63: error: unknown type name ‘PyArena’\n        505 | expr_ty _Ta27_Repr(expr_ty value, int lineno, int col_offset, PyArena *arena);\n            |                                                               ^~~~~~~\n      ast27/Include/Python-ast.h:507:57: error: unknown type name ‘PyArena’\n        507 | expr_ty _Ta27_Num(object n, int lineno, int col_offset, PyArena *arena);\n            |                                                         ^~~~~~~\n      ast27/Include/Python-ast.h:509:70: error: unknown type name ‘PyArena’\n        509 | expr_ty _Ta27_Str(string s, string kind, int lineno, int col_offset, PyArena *arena);\n            |                                                                      ^~~~~~~\n      ast27/Include/Python-ast.h:512:37: error: unknown type name ‘PyArena’\n        512 |                         col_offset, PyArena *arena);\n            |                                     ^~~~~~~\n      ast27/Include/Python-ast.h:515:37: error: unknown type name ‘PyArena’\n        515 |                         col_offset, PyArena *arena);\n            |                                     ^~~~~~~\n      ast27/Include/Python-ast.h:517:84: error: unknown type name ‘PyArena’\n        517 | expr_ty _Ta27_Name(identifier id, expr_context_ty ctx, int lineno, int col_offset, PyArena *arena);\n            |                                                                                    ^~~~~~~\n      ast27/Include/Python-ast.h:519:86: error: unknown type name ‘PyArena’\n        519 | expr_ty _Ta27_List(asdl_seq * elts, expr_context_ty ctx, int lineno, int col_offset, PyArena\n            |                                                                                      ^~~~~~~\n      ast27/Include/Python-ast.h:522:87: error: unknown type name ‘PyArena’\n        522 | expr_ty _Ta27_Tuple(asdl_seq * elts, expr_context_ty ctx, int lineno, int col_offset, PyArena\n            |                                                                                       ^~~~~~~\n      ast27/Include/Python-ast.h:525:25: error: unknown type name ‘PyArena’\n        525 | slice_ty _Ta27_Ellipsis(PyArena *arena);\n            |                         ^~~~~~~\n      ast27/Include/Python-ast.h:527:66: error: unknown type name ‘PyArena’\n        527 | slice_ty _Ta27_Slice(expr_ty lower, expr_ty upper, expr_ty step, PyArena *arena);\n            |                                                                  ^~~~~~~\n      ast27/Include/Python-ast.h:529:42: error: unknown type name ‘PyArena’\n        529 | slice_ty _Ta27_ExtSlice(asdl_seq * dims, PyArena *arena);\n            |                                          ^~~~~~~\n      ast27/Include/Python-ast.h:531:37: error: unknown type name ‘PyArena’\n        531 | slice_ty _Ta27_Index(expr_ty value, PyArena *arena);\n            |                                     ^~~~~~~\n      ast27/Include/Python-ast.h:533:84: error: unknown type name ‘PyArena’\n        533 | comprehension_ty _Ta27_comprehension(expr_ty target, expr_ty iter, asdl_seq * ifs, PyArena *arena);\n            |                                                                                    ^~~~~~~\n      ast27/Include/Python-ast.h:536:50: error: unknown type name ‘PyArena’\n        536 |                                      col_offset, PyArena *arena);\n            |                                                  ^~~~~~~\n      ast27/Include/Python-ast.h:539:66: error: unknown type name ‘PyArena’\n        539 |                              defaults, asdl_seq * type_comments, PyArena *arena);\n            |                                                                  ^~~~~~~\n      ast27/Include/Python-ast.h:541:57: error: unknown type name ‘PyArena’\n        541 | keyword_ty _Ta27_keyword(identifier arg, expr_ty value, PyArena *arena);\n            |                                                         ^~~~~~~\n      ast27/Include/Python-ast.h:543:58: error: unknown type name ‘PyArena’\n        543 | alias_ty _Ta27_alias(identifier name, identifier asname, PyArena *arena);\n            |                                                          ^~~~~~~\n      ast27/Include/Python-ast.h:545:57: error: unknown type name ‘PyArena’\n        545 | type_ignore_ty _Ta27_TypeIgnore(int lineno, string tag, PyArena *arena);\n            |                                                         ^~~~~~~\n      ast27/Include/Python-ast.h:548:39: error: unknown type name ‘PyArena’\n        548 | mod_ty Ta27AST_obj2mod(PyObject* ast, PyArena* arena, int mode);\n            |                                       ^~~~~~~\n      In file included from ast27/Custom/typed_ast.c:3:\n      ast27/Include/compile.h:5:10: fatal error: code.h: No such file or directory\n          5 | #include \"code.h\"\n            |          ^~~~~~~~\n      compilation terminated.\n      error: command '/usr/bin/gcc' failed with exit code 1\n      [end of output]\n  \n  note: This error originates from a subprocess, and is likely not a problem with pip.\n\u001b[0m\u001b[91m  ERROR: Failed building wheel for typed-ast\n\u001b[0m  Running setup.py clean for typed-ast\n  Building wheel for wrapt (setup.py): started\n  Building wheel for wrapt (setup.py): finished with status 'done'\n  Created wheel for wrapt: filename=wrapt-1.11.2-cp311-cp311-linux_x86_64.whl size=73291 sha256=cea43a9ff8cfed649b71a68aee0df84b11880bee41cf15d171d9046a419e6e63\n  Stored in directory: /root/.cache/pip/wheels/49/7a/7d/38c5d457af18777546e9b10d7835395fb1f33ccaae370fcbdb\nSuccessfully built django-haystack django-page-cms lazy-object-proxy wrapt\nFailed to build typed-ast\nInstalling collected packages: wrapt, Whoosh, typed-ast, pytz, polib, mccabe, django-js-asset, chardet, urllib3, tqdm, sqlparse, sorl-thumbnail, six, pyparsing, Pillow, Markdown, lazy-object-proxy, isort, idna, django-ckeditor, charset-normalizer, certifi, asgiref, requests, packaging, Django, astroid, pylint, djangorestframework, django-taggit, django-mptt, django-haystack, django-page-cms\n  Running setup.py install for typed-ast: started\n  Running setup.py install for typed-ast: finished with status 'error'\n\u001b[91m  error: subprocess-exited-with-error\n  \n  × Running setup.py install for typed-ast did not run successfully.\n  │ exit code: 1\n  ╰─> [220 lines of output]\n      running install\n      /usr/local/lib/python3.11/site-packages/setuptools/command/install.py:34: SetuptoolsDeprecationWarning: setup.py install is deprecated. Use build and pip and other standards-based tools.\n        warnings.warn(\n      running build\n      running build_py\n      creating build\n      creating build/lib.linux-x86_64-cpython-311\n      creating build/lib.linux-x86_64-cpython-311/typed_ast\n      copying typed_ast/conversions.py -> build/lib.linux-x86_64-cpython-311/typed_ast\n      copying typed_ast/__init__.py -> build/lib.linux-x86_64-cpython-311/typed_ast\n      copying typed_ast/ast3.py -> build/lib.linux-x86_64-cpython-311/typed_ast\n      copying typed_ast/ast27.py -> build/lib.linux-x86_64-cpython-311/typed_ast\n      creating build/lib.linux-x86_64-cpython-311/typed_ast/tests\n      copying ast3/tests/test_basics.py -> build/lib.linux-x86_64-cpython-311/typed_ast/tests\n      running build_ext\n      building '_ast27' extension\n      creating build/temp.linux-x86_64-cpython-311\n      creating build/temp.linux-x86_64-cpython-311/ast27\n      creating build/temp.linux-x86_64-cpython-311/ast27/Custom\n      creating build/temp.linux-x86_64-cpython-311/ast27/Parser\n      creating build/temp.linux-x86_64-cpython-311/ast27/Python\n      gcc -pthread -Wsign-compare -DNDEBUG -g -fwrapv -O3 -Wall -fPIC -Iast27/Include -I/usr/local/include/python3.11 -c ast27/Custom/typed_ast.c -o build/temp.linux-x86_64-cpython-311/ast27/Custom/typed_ast.o\n      In file included from ast27/Include/Python-ast.h:3,\n                       from ast27/Custom/typed_ast.c:2:\n      ast27/Include/asdl.h:37:41: error: unknown type name ‘PyArena’\n         37 | asdl_seq *asdl_seq_new(Py_ssize_t size, PyArena *arena);\n            |                                         ^~~~~~~\n      ast27/Include/asdl.h:38:49: error: unknown type name ‘PyArena’\n         38 | asdl_int_seq *asdl_int_seq_new(Py_ssize_t size, PyArena *arena);\n            |                                                 ^~~~~~~\n      In file included from ast27/Custom/typed_ast.c:2:\n      ast27/Include/Python-ast.h:398:63: error: unknown type name ‘PyArena’\n        398 | mod_ty _Ta27_Module(asdl_seq * body, asdl_seq * type_ignores, PyArena *arena);\n            |                                                               ^~~~~~~\n      ast27/Include/Python-ast.h:400:43: error: unknown type name ‘PyArena’\n        400 | mod_ty _Ta27_Interactive(asdl_seq * body, PyArena *arena);\n            |                                           ^~~~~~~\n      ast27/Include/Python-ast.h:402:39: error: unknown type name ‘PyArena’\n        402 | mod_ty _Ta27_Expression(expr_ty body, PyArena *arena);\n            |                                       ^~~~~~~\n      ast27/Include/Python-ast.h:404:65: error: unknown type name ‘PyArena’\n        404 | mod_ty _Ta27_FunctionType(asdl_seq * argtypes, expr_ty returns, PyArena *arena);\n            |                                                                 ^~~~~~~\n      ast27/Include/Python-ast.h:406:37: error: unknown type name ‘PyArena’\n        406 | mod_ty _Ta27_Suite(asdl_seq * body, PyArena *arena);\n            |                                     ^~~~~~~\n      ast27/Include/Python-ast.h:409:92: error: unknown type name ‘PyArena’\n        409 |                           decorator_list, string type_comment, int lineno, int col_offset, PyArena\n            |                                                                                            ^~~~~~~\n      ast27/Include/Python-ast.h:413:68: error: unknown type name ‘PyArena’\n        413 |                        decorator_list, int lineno, int col_offset, PyArena *arena);\n            |                                                                    ^~~~~~~\n      ast27/Include/Python-ast.h:415:65: error: unknown type name ‘PyArena’\n        415 | stmt_ty _Ta27_Return(expr_ty value, int lineno, int col_offset, PyArena *arena);\n            |                                                                 ^~~~~~~\n      ast27/Include/Python-ast.h:417:70: error: unknown type name ‘PyArena’\n        417 | stmt_ty _Ta27_Delete(asdl_seq * targets, int lineno, int col_offset, PyArena *arena);\n            |                                                                      ^~~~~~~\n      ast27/Include/Python-ast.h:420:34: error: unknown type name ‘PyArena’\n        420 |                      col_offset, PyArena *arena);\n            |                                  ^~~~~~~\n      ast27/Include/Python-ast.h:423:25: error: unknown type name ‘PyArena’\n        423 |                         PyArena *arena);\n            |                         ^~~~~~~\n      ast27/Include/Python-ast.h:425:91: error: unknown type name ‘PyArena’\n        425 | stmt_ty _Ta27_Print(expr_ty dest, asdl_seq * values, bool nl, int lineno, int col_offset, PyArena\n            |                                                                                           ^~~~~~~\n      ast27/Include/Python-ast.h:429:61: error: unknown type name ‘PyArena’\n        429 |                   type_comment, int lineno, int col_offset, PyArena *arena);\n            |                                                             ^~~~~~~\n      ast27/Include/Python-ast.h:432:21: error: unknown type name ‘PyArena’\n        432 |                     PyArena *arena);\n            |                     ^~~~~~~\n      ast27/Include/Python-ast.h:435:18: error: unknown type name ‘PyArena’\n        435 |                  PyArena *arena);\n            |                  ^~~~~~~\n      ast27/Include/Python-ast.h:438:62: error: unknown type name ‘PyArena’\n        438 |                    type_comment, int lineno, int col_offset, PyArena *arena);\n            |                                                              ^~~~~~~\n      ast27/Include/Python-ast.h:440:92: error: unknown type name ‘PyArena’\n        440 | stmt_ty _Ta27_Raise(expr_ty type, expr_ty inst, expr_ty tback, int lineno, int col_offset, PyArena\n            |                                                                                            ^~~~~~~\n      ast27/Include/Python-ast.h:444:37: error: unknown type name ‘PyArena’\n        444 |                         col_offset, PyArena *arena);\n            |                                     ^~~~~~~\n      ast27/Include/Python-ast.h:446:93: error: unknown type name ‘PyArena’\n        446 | stmt_ty _Ta27_TryFinally(asdl_seq * body, asdl_seq * finalbody, int lineno, int col_offset, PyArena\n            |                                                                                             ^~~~~~~\n      ast27/Include/Python-ast.h:449:77: error: unknown type name ‘PyArena’\n        449 | stmt_ty _Ta27_Assert(expr_ty test, expr_ty msg, int lineno, int col_offset, PyArena *arena);\n            |                                                                             ^~~~~~~\n      ast27/Include/Python-ast.h:451:68: error: unknown type name ‘PyArena’\n        451 | stmt_ty _Ta27_Import(asdl_seq * names, int lineno, int col_offset, PyArena *arena);\n            |                                                                    ^~~~~~~\n      ast27/Include/Python-ast.h:454:38: error: unknown type name ‘PyArena’\n        454 |                          col_offset, PyArena *arena);\n            |                                      ^~~~~~~\n      ast27/Include/Python-ast.h:457:20: error: unknown type name ‘PyArena’\n        457 |                    PyArena *arena);\n            |                    ^~~~~~~\n      ast27/Include/Python-ast.h:459:68: error: unknown type name ‘PyArena’\n        459 | stmt_ty _Ta27_Global(asdl_seq * names, int lineno, int col_offset, PyArena *arena);\n            |                                                                    ^~~~~~~\n      ast27/Include/Python-ast.h:461:63: error: unknown type name ‘PyArena’\n        461 | stmt_ty _Ta27_Expr(expr_ty value, int lineno, int col_offset, PyArena *arena);\n            |                                                               ^~~~~~~\n      ast27/Include/Python-ast.h:463:48: error: unknown type name ‘PyArena’\n        463 | stmt_ty _Ta27_Pass(int lineno, int col_offset, PyArena *arena);\n            |                                                ^~~~~~~\n      ast27/Include/Python-ast.h:465:49: error: unknown type name ‘PyArena’\n        465 | stmt_ty _Ta27_Break(int lineno, int col_offset, PyArena *arena);\n            |                                                 ^~~~~~~\n      ast27/Include/Python-ast.h:467:52: error: unknown type name ‘PyArena’\n        467 | stmt_ty _Ta27_Continue(int lineno, int col_offset, PyArena *arena);\n            |                                                    ^~~~~~~\n      ast27/Include/Python-ast.h:469:83: error: unknown type name ‘PyArena’\n        469 | expr_ty _Ta27_BoolOp(boolop_ty op, asdl_seq * values, int lineno, int col_offset, PyArena *arena);\n            |                                                                                   ^~~~~~~\n      ast27/Include/Python-ast.h:472:21: error: unknown type name ‘PyArena’\n        472 |                     PyArena *arena);\n            |                     ^~~~~~~\n      ast27/Include/Python-ast.h:474:83: error: unknown type name ‘PyArena’\n        474 | expr_ty _Ta27_UnaryOp(unaryop_ty op, expr_ty operand, int lineno, int col_offset, PyArena *arena);\n            |                                                                                   ^~~~~~~\n      ast27/Include/Python-ast.h:476:83: error: unknown type name ‘PyArena’\n        476 | expr_ty _Ta27_Lambda(arguments_ty args, expr_ty body, int lineno, int col_offset, PyArena *arena);\n            |                                                                                   ^~~~~~~\n      ast27/Include/Python-ast.h:478:93: error: unknown type name ‘PyArena’\n        478 | expr_ty _Ta27_IfExp(expr_ty test, expr_ty body, expr_ty orelse, int lineno, int col_offset, PyArena\n            |                                                                                             ^~~~~~~\n      ast27/Include/Python-ast.h:481:84: error: unknown type name ‘PyArena’\n        481 | expr_ty _Ta27_Dict(asdl_seq * keys, asdl_seq * values, int lineno, int col_offset, PyArena *arena);\n            |                                                                                    ^~~~~~~\n      ast27/Include/Python-ast.h:483:64: error: unknown type name ‘PyArena’\n        483 | expr_ty _Ta27_Set(asdl_seq * elts, int lineno, int col_offset, PyArena *arena);\n            |                                                                ^~~~~~~\n      ast27/Include/Python-ast.h:485:88: error: unknown type name ‘PyArena’\n        485 | expr_ty _Ta27_ListComp(expr_ty elt, asdl_seq * generators, int lineno, int col_offset, PyArena\n            |                                                                                        ^~~~~~~\n      ast27/Include/Python-ast.h:488:87: error: unknown type name ‘PyArena’\n        488 | expr_ty _Ta27_SetComp(expr_ty elt, asdl_seq * generators, int lineno, int col_offset, PyArena\n            |                                                                                       ^~~~~~~\n      ast27/Include/Python-ast.h:492:36: error: unknown type name ‘PyArena’\n        492 |                        col_offset, PyArena *arena);\n            |                                    ^~~~~~~\n      ast27/Include/Python-ast.h:494:92: error: unknown type name ‘PyArena’\n        494 | expr_ty _Ta27_GeneratorExp(expr_ty elt, asdl_seq * generators, int lineno, int col_offset, PyArena\n            |                                                                                            ^~~~~~~\n      ast27/Include/Python-ast.h:497:64: error: unknown type name ‘PyArena’\n        497 | expr_ty _Ta27_Yield(expr_ty value, int lineno, int col_offset, PyArena *arena);\n            |                                                                ^~~~~~~\n      ast27/Include/Python-ast.h:500:35: error: unknown type name ‘PyArena’\n        500 |                       col_offset, PyArena *arena);\n            |                                   ^~~~~~~\n      ast27/Include/Python-ast.h:503:56: error: unknown type name ‘PyArena’\n        503 |                    kwargs, int lineno, int col_offset, PyArena *arena);\n            |                                                        ^~~~~~~\n      ast27/Include/Python-ast.h:505:63: error: unknown type name ‘PyArena’\n        505 | expr_ty _Ta27_Repr(expr_ty value, int lineno, int col_offset, PyArena *arena);\n            |                                                               ^~~~~~~\n      ast27/Include/Python-ast.h:507:57: error: unknown type name ‘PyArena’\n        507 | expr_ty _Ta27_Num(object n, int lineno, int col_offset, PyArena *arena);\n            |                                                         ^~~~~~~\n      ast27/Include/Python-ast.h:509:70: error: unknown type name ‘PyArena’\n        509 | expr_ty _Ta27_Str(string s, string kind, int lineno, int col_offset, PyArena *arena);\n            |                                                                      ^~~~~~~\n      ast27/Include/Python-ast.h:512:37: error: unknown type name ‘PyArena’\n        512 |                         col_offset, PyArena *arena);\n            |                                     ^~~~~~~\n      ast27/Include/Python-ast.h:515:37: error: unknown type name ‘PyArena’\n        515 |                         col_offset, PyArena *arena);\n            |                                     ^~~~~~~\n      ast27/Include/Python-ast.h:517:84: error: unknown type name ‘PyArena’\n        517 | expr_ty _Ta27_Name(identifier id, expr_context_ty ctx, int lineno, int col_offset, PyArena *arena);\n            |                                                                                    ^~~~~~~\n      ast27/Include/Python-ast.h:519:86: error: unknown type name ‘PyArena’\n        519 | expr_ty _Ta27_List(asdl_seq * elts, expr_context_ty ctx, int lineno, int col_offset, PyArena\n            |                                                                                      ^~~~~~~\n      ast27/Include/Python-ast.h:522:87: error: unknown type name ‘PyArena’\n        522 | expr_ty _Ta27_Tuple(asdl_seq * elts, expr_context_ty ctx, int lineno, int col_offset, PyArena\n            |                                                                                       ^~~~~~~\n      ast27/Include/Python-ast.h:525:25: error: unknown type name ‘PyArena’\n        525 | slice_ty _Ta27_Ellipsis(PyArena *arena);\n            |                         ^~~~~~~\n      ast27/Include/Python-ast.h:527:66: error: unknown type name ‘PyArena’\n        527 | slice_ty _Ta27_Slice(expr_ty lower, expr_ty upper, expr_ty step, PyArena *arena);\n            |                                                                  ^~~~~~~\n      ast27/Include/Python-ast.h:529:42: error: unknown type name ‘PyArena’\n        529 | slice_ty _Ta27_ExtSlice(asdl_seq * dims, PyArena *arena);\n            |                                          ^~~~~~~\n      ast27/Include/Python-ast.h:531:37: error: unknown type name ‘PyArena’\n        531 | slice_ty _Ta27_Index(expr_ty value, PyArena *arena);\n            |                                     ^~~~~~~\n      ast27/Include/Python-ast.h:533:84: error: unknown type name ‘PyArena’\n        533 | comprehension_ty _Ta27_comprehension(expr_ty target, expr_ty iter, asdl_seq * ifs, PyArena *arena);\n            |                                                                                    ^~~~~~~\n      ast27/Include/Python-ast.h:536:50: error: unknown type name ‘PyArena’\n        536 |                                      col_offset, PyArena *arena);\n            |                                                  ^~~~~~~\n      ast27/Include/Python-ast.h:539:66: error: unknown type name ‘PyArena’\n        539 |                              defaults, asdl_seq * type_comments, PyArena *arena);\n            |                                                                  ^~~~~~~\n      ast27/Include/Python-ast.h:541:57: error: unknown type name ‘PyArena’\n        541 | keyword_ty _Ta27_keyword(identifier arg, expr_ty value, PyArena *arena);\n            |                                                         ^~~~~~~\n      ast27/Include/Python-ast.h:543:58: error: unknown type name ‘PyArena’\n        543 | alias_ty _Ta27_alias(identifier name, identifier asname, PyArena *arena);\n            |                                                          ^~~~~~~\n      ast27/Include/Python-ast.h:545:57: error: unknown type name ‘PyArena’\n        545 | type_ignore_ty _Ta27_TypeIgnore(int lineno, string tag, PyArena *arena);\n            |                                                         ^~~~~~~\n      ast27/Include/Python-ast.h:548:39: error: unknown type name ‘PyArena’\n        548 | mod_ty Ta27AST_obj2mod(PyObject* ast, PyArena* arena, int mode);\n            |                                       ^~~~~~~\n      In file included from ast27/Custom/typed_ast.c:3:\n      ast27/Include/compile.h:5:10: fatal error: code.h: No such file or directory\n          5 | #include \"code.h\"\n            |          ^~~~~~~~\n      compilation terminated.\n      error: command '/usr/bin/gcc' failed with exit code 1\n      [end of output]\n  \n  note: This error originates from a subprocess, and is likely not a problem with pip.\n\u001b[0m\u001b[91merror: legacy-install-failure\n\n× Encountered error while trying to install package.\n╰─> typed-ast\n\nnote: This is an issue with the package mentioned above, not pip.\nhint: See above for output from the failure.\n\u001b[0mRemoving intermediate container c28c0338f141\n","stderr":"The command '/bin/sh -c pip install -r requirements-frozen.txt' returned a non-zero code: 1\n"},"endTime":1672300060239}