{"repository":"https://github.com/oslabs-beta/tikitaka","dockerfilePath":"Dockerfile","startTime":1672737897084,"clone":{"stdout":"","stderr":"Cloning into '/tmp/dinghy-analysis/oslabs-beta/tikitaka'...\n","error":null,"commit":"2e97fbb94890e95a831a101d88628cb1d95d1d6c"},"originalBuild":{"startTimestamp":1672737898061,"endTimestamp":1672737996365,"error":{"code":2,"killed":false,"signal":null,"cmd":"docker build --no-cache --force-rm -t tikitaka:latest -f /tmp/dinghy-analysis/oslabs-beta/tikitaka/Dockerfile ."},"stdout":"Sending build context to Docker daemon  1.437MB\r\r\nStep 1/8 : FROM node:13\n13: Pulling from library/node\n1c6172af85ee: Pulling fs layer\nb194b0e3c928: Pulling fs layer\n1f5ec00f35d5: Pulling fs layer\n93b1353672b6: Pulling fs layer\n3d7f38db3cca: Pulling fs layer\n21e102f9fe89: Pulling fs layer\nd5431b24825a: Pulling fs layer\nf780e3352c18: Pulling fs layer\n4d28937582d0: Pulling fs layer\n93b1353672b6: Waiting\n3d7f38db3cca: Waiting\n21e102f9fe89: Waiting\nd5431b24825a: Waiting\nf780e3352c18: Waiting\n4d28937582d0: Waiting\n1f5ec00f35d5: Verifying Checksum\n1f5ec00f35d5: Download complete\nb194b0e3c928: Verifying Checksum\nb194b0e3c928: Download complete\n1c6172af85ee: Verifying Checksum\n1c6172af85ee: Download complete\n21e102f9fe89: Download complete\n93b1353672b6: Verifying Checksum\n93b1353672b6: Download complete\nd5431b24825a: Verifying Checksum\nd5431b24825a: Download complete\nf780e3352c18: Download complete\n4d28937582d0: Verifying Checksum\n4d28937582d0: Download complete\n1c6172af85ee: Pull complete\nb194b0e3c928: Pull complete\n3d7f38db3cca: Verifying Checksum\n3d7f38db3cca: Download complete\n1f5ec00f35d5: Pull complete\n93b1353672b6: Pull complete\n3d7f38db3cca: Pull complete\n21e102f9fe89: Pull complete\nd5431b24825a: Pull complete\nf780e3352c18: Pull complete\n4d28937582d0: Pull complete\nDigest: sha256:70d4fffcab39a1f9f7161d58e674ddcc56c7f0724196b68d52a87bab15cb4a04\nStatus: Downloaded newer image for node:13\n ---> 2b9604a36e49\nStep 2/8 : WORKDIR /usr/src/app\n ---> Running in 1633be6d6351\nRemoving intermediate container 1633be6d6351\n ---> 526f8c7a1f0d\nStep 3/8 : COPY ./package.json .\n ---> 02e2b7fe4f3c\nStep 4/8 : RUN npm install\n ---> Running in 1d518a6c1dc3\n\u001b[91mnpm WARN deprecated html-webpack-plugin@3.2.0: 3.x is no longer supported\n\u001b[0m\u001b[91mnpm WARN deprecated request@2.88.2: request has been deprecated, see https://github.com/request/request/issues/3142\n\u001b[0m\u001b[91mnpm WARN deprecated chokidar@2.1.8: Chokidar 2 does not receive security updates since 2019. Upgrade to chokidar 3 with 15x fewer dependencies\n\u001b[0m\u001b[91mnpm WARN deprecated har-validator@5.1.5: this library is no longer supported\n\u001b[0m\u001b[91mnpm WARN deprecated uuid@3.4.0: Please upgrade  to version 7 or higher.  Older versions may use Math.random() in certain circumstances, which is known to be problematic.  See https://v8.dev/blog/math-random for details.\n\u001b[0m\u001b[91mnpm WARN deprecated tar@2.2.2: This version of tar is no longer supported, and will not receive security updates. Please upgrade asap.\n\u001b[0m\u001b[91mnpm WARN deprecated @types/classnames@2.3.1: This is a stub types definition. classnames provides its own type definitions, so you do not need this installed.\n\u001b[0m\u001b[91mnpm WARN deprecated fsevents@1.2.13: fsevents 1 will break on node v14+ and could be using insecure binaries. Upgrade to fsevents 2.\n\u001b[0m\u001b[91mnpm WARN deprecated querystring@0.2.0: The querystring API is considered Legacy. new code should use the URLSearchParams API instead.\n\u001b[0m\u001b[91mnpm WARN deprecated source-map-resolve@0.5.3: See https://github.com/lydell/source-map-resolve#deprecated\n\u001b[0m\u001b[91mnpm WARN deprecated core-js@1.2.7: core-js@<3.23.3 is no longer maintained and not recommended for usage due to the number of issues. Because of the V8 engine whims, feature detection in old core-js versions could cause a slowdown up to 100x even if nothing is polyfilled. Some versions have web compatibility issues. Please, upgrade your dependencies to the actual version of core-js.\n\u001b[0m\u001b[91mnpm WARN deprecated resolve-url@0.2.1: https://github.com/lydell/resolve-url#deprecated\n\u001b[0m\u001b[91mnpm WARN deprecated source-map-url@0.4.1: See https://github.com/lydell/source-map-url#deprecated\n\u001b[0m\u001b[91mnpm WARN deprecated urix@0.1.0: Please see https://github.com/lydell/urix#deprecated\n\u001b[0m\n> node-sass@4.14.1 install /usr/src/app/node_modules/node-sass\n> node scripts/install.js\n\nDownloading binary from https://github.com/sass/node-sass/releases/download/v4.14.1/linux-x64-79_binding.node\nDownload complete\nBinary saved to /usr/src/app/node_modules/node-sass/vendor/linux-x64-79/binding.node\nCaching binary to /root/.npm/node-sass/4.14.1/linux-x64-79_binding.node\n\n> es5-ext@0.10.62 postinstall /usr/src/app/node_modules/es5-ext\n>  node -e \"try{require('./_postinstall')}catch(e){}\" || exit 0\n\n\n> node-sass@4.14.1 postinstall /usr/src/app/node_modules/node-sass\n> node scripts/build.js\n\nBinary found at /usr/src/app/node_modules/node-sass/vendor/linux-x64-79/binding.node\nTesting binary\nBinary is fine\n\u001b[91mnpm notice created a lockfile as package-lock.json. You should commit this file.\n\u001b[0m\u001b[91mnpm WARN optional\u001b[0m\u001b[91m SKIPPING OPTIONAL DEPENDENCY: fsevents@~2.3.2 (node_modules/chokidar/node_modules/fsevents):\n\u001b[0m\u001b[91mnpm WARN\u001b[0m\u001b[91m notsup\u001b[0m\u001b[91m SKIPPING OPTIONAL DEPENDENCY: Unsupported platform for fsevents@2.3.2: wanted {\"os\":\"darwin\",\"arch\":\"any\"} (current: {\"os\":\"linux\",\"arch\":\"x64\"})\n\u001b[0m\u001b[91mnpm WARN optional SKIPPING OPTIONAL DEPENDENCY: fsevents@^1.2.7 (node_modules/watchpack-chokidar2/node_modules/chokidar/node_modules/fsevents):\n\u001b[0m\u001b[91mnpm WARN\u001b[0m\u001b[91m \u001b[0m\u001b[91mnotsup SKIPPING OPTIONAL DEPENDENCY: Unsupported platform for fsevents@1.2.13: wanted {\"os\":\"darwin\",\"arch\":\"any\"} (current: {\"os\":\"linux\",\"arch\":\"x64\"})\n\u001b[0m\u001b[91mnpm WARN \u001b[0m\u001b[91moptional\u001b[0m\u001b[91m SKIPPING OPTIONAL DEPENDENCY: fsevents@^1.2.7 (node_modules/webpack-dev-server/node_modules/chokidar/node_modules/fsevents):\n\u001b[0m\u001b[91mnpm \u001b[0m\u001b[91mWARN\u001b[0m\u001b[91m \u001b[0m\u001b[91mnotsup SKIPPING OPTIONAL DEPENDENCY: Unsupported platform for fsevents@1.2.13: wanted {\"os\":\"darwin\",\"arch\":\"any\"} (current: {\"os\":\"linux\",\"arch\":\"x64\"})\n\u001b[0m\u001b[91mnpm WARN\u001b[0m\u001b[91m bootstrap@4.6.2 requires a peer of jquery@1.9.1 - 3 but none is installed. You must install peer dependencies yourself.\nnpm\u001b[0m\u001b[91m \u001b[0m\u001b[91mWARN\u001b[0m\u001b[91m bootstrap@4.6.2 requires a peer of popper.js@^1.16.1 but none is installed. You must install peer dependencies yourself.\n\u001b[0m\u001b[91mnpm WARN @babel/preset-env@7.20.2 requires a peer of @babel/core@^7.0.0-0 but none is installed. You must install peer dependencies yourself.\n\u001b[0m\u001b[91mnpm WARN\u001b[0m\u001b[91m @babel/preset-react@7.18.6 requires a peer of @babel/core@^7.0.0-0 but none is installed. You must install peer dependencies yourself.\n\u001b[0m\u001b[91mnpm WARN\u001b[0m\u001b[91m @babel/helper-compilation-targets@7.20.7 requires a peer of @babel/core@^7.0.0 but none is installed. You must install peer dependencies yourself.\n\u001b[0m\u001b[91mnpm WARN\u001b[0m\u001b[91m @babel/plugin-bugfix-safari-id-destructuring-collision-in-function-expression@7.18.6 requires a peer of @babel/core@^7.0.0 but none is installed. You must install peer dependencies yourself.\nnpm \u001b[0m\u001b[91mWARN\u001b[0m\u001b[91m @babel/plugin-bugfix-v8-spread-parameters-in-optional-chaining@7.20.7 requires a peer of @babel/core@^7.13.0 but none is installed. You must install peer dependencies yourself.\nnpm WARN\u001b[0m\u001b[91m @babel/plugin-proposal-async-generator-functions@7.20.7 requires a peer of @babel/core@^7.0.0-0 but none is installed. You must install peer dependencies yourself.\n\u001b[0m\u001b[91mnpm WARN\u001b[0m\u001b[91m @babel/plugin-proposal-class-properties@7.18.6 requires a peer of @babel/core@^7.0.0-0 but none is installed. You must install peer dependencies yourself.\n\u001b[0m\u001b[91mnpm WARN\u001b[0m\u001b[91m @babel/plugin-proposal-dynamic-import@7.18.6 requires a peer of @babel/core@^7.0.0-0 but none is installed. You must install peer dependencies yourself.\n\u001b[0m\u001b[91mnpm WARN\u001b[0m\u001b[91m @babel/plugin-proposal-class-static-block@7.20.7 requires a peer of @babel/core@^7.12.0 but none is installed. You must install peer dependencies yourself.\nnpm WARN\u001b[0m\u001b[91m @babel/plugin-proposal-export-namespace-from@7.18.9 requires a peer of @babel/core@^7.0.0-0 but none is installed. You must install peer dependencies yourself.\n\u001b[0m\u001b[91mnpm WARN @babel/plugin-proposal-json-strings@7.18.6 requires a peer of @babel/core@^7.0.0-0 but none is installed. You must install peer dependencies yourself.\n\u001b[0m\u001b[91mnpm WARN @babel/plugin-proposal-numeric-separator@7.18.6 requires a peer of @babel/core@^7.0.0-0 but none is installed. You must install peer dependencies yourself.\nnpm WARN @babel/plugin-proposal-logical-assignment-operators@7.20.7 requires a peer of @babel/core@^7.0.0-0 but none is installed. You must install peer dependencies yourself.\n\u001b[0m\u001b[91mnpm WARN\u001b[0m\u001b[91m @babel/plugin-proposal-object-rest-spread@7.20.7 requires a peer of @babel/core@^7.0.0-0 but none is installed. You must install peer dependencies yourself.\nnpm \u001b[0m\u001b[91mWARN\u001b[0m\u001b[91m @babel/plugin-proposal-optional-catch-binding@7.18.6 requires a peer of @babel/core@^7.0.0-0 but none is installed. You must install peer dependencies yourself.\n\u001b[0m\u001b[91mnpm WARN @babel/plugin-proposal-nullish-coalescing-operator@7.18.6 requires a peer of @babel/core@^7.0.0-0 but none is installed. You must install peer dependencies yourself.\n\u001b[0m\u001b[91mnpm WARN\u001b[0m\u001b[91m @babel/plugin-proposal-private-methods@7.18.6 requires a peer of @babel/core@^7.0.0-0 but none is installed. You must install peer dependencies yourself.\nnpm \u001b[0m\u001b[91mWARN\u001b[0m\u001b[91m @babel/plugin-proposal-optional-chaining@7.20.7 requires a peer of @babel/core@^7.0.0-0 but none is installed. You must install peer dependencies yourself.\nnpm\u001b[0m\u001b[91m \u001b[0m\u001b[91mWARN\u001b[0m\u001b[91m @babel/plugin-proposal-private-property-in-object@7.20.5 requires a peer of @babel/core@^7.0.0-0 but none is installed. You must install peer dependencies yourself.\nnpm \u001b[0m\u001b[91mWARN\u001b[0m\u001b[91m @babel/plugin-syntax-async-generators@7.8.4 requires a peer of @babel/core@^7.0.0-0 but none is installed. You must install peer dependencies yourself.\n\u001b[0m\u001b[91mnpm WARN\u001b[0m\u001b[91m @babel/plugin-syntax-class-static-block@7.14.5 requires a peer of @babel/core@^7.0.0-0 but none is installed. You must install peer dependencies yourself.\nnpm WARN\u001b[0m\u001b[91m @babel/plugin-proposal-unicode-property-regex@7.18.6 requires a peer of @babel/core@^7.0.0-0 but none is installed. You must install peer dependencies yourself.\n\u001b[0m\u001b[91mnpm WARN\u001b[0m\u001b[91m @babel/plugin-syntax-class-properties@7.12.13 requires a peer of @babel/core@^7.0.0-0 but none is installed. You must install peer dependencies yourself.\n\u001b[0m\u001b[91mnpm WARN\u001b[0m\u001b[91m @babel/plugin-syntax-dynamic-import@7.8.3 requires a peer of @babel/core@^7.0.0-0 but none is installed. You must install peer dependencies yourself.\n\u001b[0m\u001b[91mnpm WARN\u001b[0m\u001b[91m @babel/plugin-syntax-export-namespace-from@7.8.3 requires a peer of @babel/core@^7.0.0-0 but none is installed. You must install peer dependencies yourself.\n\u001b[0m\u001b[91mnpm\u001b[0m\u001b[91m WARN\u001b[0m\u001b[91m @babel/plugin-syntax-import-assertions@7.20.0 requires a peer of @babel/core@^7.0.0-0 but none is installed. You must install peer dependencies yourself.\nnpm WARN\u001b[0m\u001b[91m @babel/plugin-syntax-json-strings@7.8.3 requires a peer of @babel/core@^7.0.0-0 but none is installed. You must install peer dependencies yourself.\n\u001b[0m\u001b[91mnpm WARN\u001b[0m\u001b[91m @babel/plugin-syntax-logical-assignment-operators@7.10.4 requires a peer of @babel/core@^7.0.0-0 but none is installed. You must install peer dependencies yourself.\nnpm WARN\u001b[0m\u001b[91m @babel/plugin-syntax-nullish-coalescing-operator@7.8.3 requires a peer of @babel/core@^7.0.0-0 but none is installed. You must install peer dependencies yourself.\n\u001b[0m\u001b[91mnpm WARN\u001b[0m\u001b[91m @babel/plugin-syntax-numeric-separator@7.10.4 requires a peer of @babel/core@^7.0.0-0 but none is installed. You must install peer dependencies yourself.\n\u001b[0m\u001b[91mnpm WARN\u001b[0m\u001b[91m @babel/plugin-syntax-optional-catch-binding@7.8.3 requires a peer of @babel/core@^7.0.0-0 but none is installed. You must install peer dependencies yourself.\n\u001b[0m\u001b[91mnpm WARN\u001b[0m\u001b[91m @babel/plugin-syntax-object-rest-spread@7.8.3 requires a peer of @babel/core@^7.0.0-0 but none is installed. You must install peer dependencies yourself.\n\u001b[0m\u001b[91mnpm WARN\u001b[0m\u001b[91m @babel/plugin-syntax-optional-chaining@7.8.3 requires a peer of @babel/core@^7.0.0-0 but none is installed. You must install peer dependencies yourself.\nnpm WARN @babel/plugin-syntax-private-property-in-object@7.14.5 requires a peer of @babel/core@^7.0.0-0 but none is installed. You must install peer dependencies yourself.\n\u001b[0m\u001b[91mnpm WARN\u001b[0m\u001b[91m @babel/plugin-syntax-top-level-await@7.14.5 requires a peer of @babel/core@^7.0.0-0 but none is installed. You must install peer dependencies yourself.\nnpm WARN\u001b[0m\u001b[91m @babel/plugin-transform-arrow-functions@7.20.7 requires a peer of @babel/core@^7.0.0-0 but none is installed. You must install peer dependencies yourself.\nnpm\u001b[0m\u001b[91m WARN @babel/plugin-transform-async-to-generator@7.20.7 requires a peer of @babel/core@^7.0.0-0 but none is installed. You must install peer dependencies yourself.\nnpm\u001b[0m\u001b[91m WARN\u001b[0m\u001b[91m @babel/plugin-transform-block-scoping@7.20.11 requires a peer of @babel/core@^7.0.0-0 but none is installed. You must install peer dependencies yourself.\n\u001b[0m\u001b[91mnpm WARN\u001b[0m\u001b[91m @babel/plugin-transform-block-scoped-functions@7.18.6 requires a peer of @babel/core@^7.0.0-0 but none is installed. You must install peer dependencies yourself.\nnpm\u001b[0m\u001b[91m WARN\u001b[0m\u001b[91m @babel/plugin-transform-classes@7.20.7 requires a peer of @babel/core@^7.0.0-0 but none is installed. You must install peer dependencies yourself.\n\u001b[0m\u001b[91mnpm\u001b[0m\u001b[91m \u001b[0m\u001b[91mWARN\u001b[0m\u001b[91m @babel/plugin-transform-computed-properties@7.20.7 requires a peer of @babel/core@^7.0.0-0 but none is installed. You must install peer dependencies yourself.\nnpm\u001b[0m\u001b[91m WARN\u001b[0m\u001b[91m @babel/plugin-transform-destructuring@7.20.7 requires a peer of @babel/core@^7.0.0-0 but none is installed. You must install peer dependencies yourself.\nnpm\u001b[0m\u001b[91m \u001b[0m\u001b[91mWARN\u001b[0m\u001b[91m @babel/plugin-transform-dotall-regex@7.18.6 requires a peer of @babel/core@^7.0.0-0 but none is installed. You must install peer dependencies yourself.\n\u001b[0m\u001b[91mnpm WARN\u001b[0m\u001b[91m @babel/plugin-transform-duplicate-keys@7.18.9 requires a peer of @babel/core@^7.0.0-0 but none is installed. You must install peer dependencies yourself.\nnpm \u001b[0m\u001b[91mWARN @babel/plugin-transform-exponentiation-operator@7.18.6 requires a peer of @babel/core@^7.0.0-0 but none is installed. You must install peer dependencies yourself.\n\u001b[0m\u001b[91mnpm WARN @babel/plugin-transform-for-of@7.18.8 requires a peer of @babel/core@^7.0.0-0 but none is installed. You must install peer dependencies yourself.\n\u001b[0m\u001b[91mnpm WARN @babel/plugin-transform-function-name@7.18.9 requires a peer of @babel/core@^7.0.0-0 but none is installed. You must install peer dependencies yourself.\nnpm\u001b[0m\u001b[91m \u001b[0m\u001b[91mWARN\u001b[0m\u001b[91m @babel/plugin-transform-literals@7.18.9 requires a peer of @babel/core@^7.0.0-0 but none is installed. You must install peer dependencies yourself.\nnpm \u001b[0m\u001b[91mWARN\u001b[0m\u001b[91m @babel/plugin-transform-member-expression-literals@7.18.6 requires a peer of @babel/core@^7.0.0-0 but none is installed. You must install peer dependencies yourself.\n\u001b[0m\u001b[91mnpm\u001b[0m\u001b[91m WARN @babel/plugin-transform-modules-amd@7.20.11 requires a peer of @babel/core@^7.0.0-0 but none is installed. You must install peer dependencies yourself.\nnpm WARN @babel/plugin-transform-modules-commonjs@7.20.11 requires a peer of @babel/core@^7.0.0-0 but none is installed. You must install peer dependencies yourself.\n\u001b[0m\u001b[91mnpm WARN @babel/plugin-transform-modules-systemjs@7.20.11 requires a peer of @babel/core@^7.0.0-0 but none is installed. You must install peer dependencies yourself.\n\u001b[0m\u001b[91mnpm WARN @babel/plugin-transform-modules-umd@7.18.6 requires a peer of @babel/core@^7.0.0-0 but none is installed. You must install peer dependencies yourself.\n\u001b[0m\u001b[91mnpm \u001b[0m\u001b[91mWARN\u001b[0m\u001b[91m @babel/plugin-transform-named-capturing-groups-regex@7.20.5 requires a peer of @babel/core@^7.0.0 but none is installed. You must install peer dependencies yourself.\nnpm \u001b[0m\u001b[91mWARN @babel/plugin-transform-new-target@7.18.6 requires a peer of @babel/core@^7.0.0-0 but none is installed. You must install peer dependencies yourself.\nnpm\u001b[0m\u001b[91m WARN\u001b[0m\u001b[91m @babel/plugin-transform-parameters@7.20.7 requires a peer of @babel/core@^7.0.0-0 but none is installed. You must install peer dependencies yourself.\nnpm\u001b[0m\u001b[91m WARN\u001b[0m\u001b[91m @babel/plugin-transform-object-super@7.18.6 requires a peer of @babel/core@^7.0.0-0 but none is installed. You must install peer dependencies yourself.\nnpm \u001b[0m\u001b[91mWARN @babel/plugin-transform-property-literals@7.18.6 requires a peer of @babel/core@^7.0.0-0 but none is installed. You must install peer dependencies yourself.\n\u001b[0m\u001b[91mnpm WARN\u001b[0m\u001b[91m @babel/plugin-transform-regenerator@7.20.5 requires a peer of @babel/core@^7.0.0-0 but none is installed. You must install peer dependencies yourself.\n\u001b[0m\u001b[91mnpm \u001b[0m\u001b[91mWARN @babel/plugin-transform-reserved-words@7.18.6 requires a peer of @babel/core@^7.0.0-0 but none is installed. You must install peer dependencies yourself.\n\u001b[0m\u001b[91mnpm WARN @babel/plugin-transform-shorthand-properties@7.18.6 requires a peer of @babel/core@^7.0.0-0 but none is installed. You must install peer dependencies yourself.\n\u001b[0m\u001b[91mnpm\u001b[0m\u001b[91m WARN\u001b[0m\u001b[91m @babel/plugin-transform-spread@7.20.7 requires a peer of @babel/core@^7.0.0-0 but none is installed. You must install peer dependencies yourself.\nnpm\u001b[0m\u001b[91m WARN @babel/plugin-transform-template-literals@7.18.9 requires a peer of @babel/core@^7.0.0-0 but none is installed. You must install peer dependencies yourself.\n\u001b[0m\u001b[91mnpm WARN\u001b[0m\u001b[91m @babel/plugin-transform-sticky-regex@7.18.6 requires a peer of @babel/core@^7.0.0-0 but none is installed. You must install peer dependencies yourself.\nnpm \u001b[0m\u001b[91mWARN\u001b[0m\u001b[91m @babel/plugin-transform-typeof-symbol@7.18.9 requires a peer of @babel/core@^7.0.0-0 but none is installed. You must install peer dependencies yourself.\nnpm \u001b[0m\u001b[91mWARN @babel/plugin-transform-unicode-escapes@7.18.10 requires a peer of @babel/core@^7.0.0-0 but none is installed. You must install peer dependencies yourself.\n\u001b[0m\u001b[91mnpm WARN\u001b[0m\u001b[91m @babel/plugin-transform-unicode-regex@7.18.6 requires a peer of @babel/core@^7.0.0-0 but none is installed. You must install peer dependencies yourself.\n\u001b[0m\u001b[91mnpm WARN\u001b[0m\u001b[91m @babel/preset-modules@0.1.5 requires a peer of @babel/core@^7.0.0-0 but none is installed. You must install peer dependencies yourself.\n\u001b[0m\u001b[91mnpm WARN\u001b[0m\u001b[91m babel-plugin-polyfill-corejs2@0.3.3 requires a peer of @babel/core@^7.0.0-0 but none is installed. You must install peer dependencies yourself.\n\u001b[0m\u001b[91mnpm\u001b[0m\u001b[91m WARN\u001b[0m\u001b[91m babel-plugin-polyfill-corejs3@0.6.0 requires a peer of @babel/core@^7.0.0-0 but none is installed. You must install peer dependencies yourself.\n\u001b[0m\u001b[91mnpm WARN\u001b[0m\u001b[91m babel-plugin-polyfill-regenerator@0.4.1 requires a peer of @babel/core@^7.0.0-0 but none is installed. You must install peer dependencies yourself.\n\u001b[0m\u001b[91mnpm WARN @babel/helper-remap-async-to-generator@7.18.9 requires a peer of @babel/core@^7.0.0 but none is installed. You must install peer dependencies yourself.\n\u001b[0m\u001b[91mnpm WARN @babel/helper-create-class-features-plugin@7.20.7 requires a peer of @babel/core@^7.0.0 but none is installed. You must install peer dependencies yourself.\n\u001b[0m\u001b[91mnpm WARN\u001b[0m\u001b[91m @babel/helper-create-regexp-features-plugin@7.20.5 requires a peer of @babel/core@^7.0.0 but none is installed. You must install peer dependencies yourself.\n\u001b[0m\u001b[91mnpm WARN\u001b[0m\u001b[91m @babel/helper-define-polyfill-provider@0.3.3 requires a peer of @babel/core@^7.4.0-0 but none is installed. You must install peer dependencies yourself.\n\u001b[0m\u001b[91mnpm\u001b[0m\u001b[91m WARN\u001b[0m\u001b[91m @babel/plugin-transform-react-display-name@7.18.6 requires a peer of @babel/core@^7.0.0-0 but none is installed. You must install peer dependencies yourself.\nnpm \u001b[0m\u001b[91mWARN @babel/plugin-transform-react-jsx@7.20.7 requires a peer of @babel/core@^7.0.0-0 but none is installed. You must install peer dependencies yourself.\n\u001b[0m\u001b[91mnpm WARN\u001b[0m\u001b[91m @babel/plugin-transform-react-jsx-development@7.18.6 requires a peer of @babel/core@^7.0.0-0 but none is installed. You must install peer dependencies yourself.\n\u001b[0m\u001b[91mnpm\u001b[0m\u001b[91m WARN\u001b[0m\u001b[91m @babel/plugin-transform-react-pure-annotations@7.18.6 requires a peer of @babel/core@^7.0.0-0 but none is installed. You must install peer dependencies yourself.\n\u001b[0m\u001b[91mnpm \u001b[0m\u001b[91mWARN @babel/plugin-syntax-jsx@7.18.6 requires a peer of @babel/core@^7.0.0-0 but none is installed. You must install peer dependencies yourself.\n\u001b[0m\u001b[91mnpm WARN\u001b[0m\u001b[91m dash@1.0.0 No description\nnpm\u001b[0m\u001b[91m WARN\u001b[0m\u001b[91m dash@1.0.0 No repository field.\n\u001b[0m\u001b[91m\n\u001b[0madded 1212 packages from 803 contributors and audited 1218 packages in 28.489s\n\n86 packages are looking for funding\n  run `npm fund` for details\n\nfound 30 vulnerabilities (5 low, 4 moderate, 20 high, 1 critical)\n  run `npm audit fix` to fix them, or `npm audit` for details\nRemoving intermediate container 1d518a6c1dc3\n ---> fe525cb0e879\nStep 5/8 : COPY ./ ./\n ---> 3f1c9fe6a405\nStep 6/8 : RUN npm run build\n ---> Running in d203e067027a\n\n> dash@1.0.0 build /usr/src/app\n> webpack --config ./webpack.config.js\n\nHash: dbca6ff9d8c143b5ea21\nVersion: webpack 4.46.0\nTime: 7677ms\nBuilt at: 01/03/2023 9:26:35 AM\n        Asset       Size  Chunks                   Chunk Names\n    bundle.js   2.28 MiB    main  [emitted]        main\nbundle.js.map    2.1 MiB    main  [emitted] [dev]  main\n   index.html  384 bytes          [emitted]        \n     main.css    181 KiB    main  [emitted]        main\n main.css.map    483 KiB    main  [emitted] [dev]  main\nEntrypoint main = main.css bundle.js main.css.map bundle.js.map\n[./node_modules/webpack/buildin/global.js] (webpack)/buildin/global.js 472 bytes {main} [built]\n[./src/context/historyContext.tsx] 856 bytes {main} [built]\n[./src/index.tsx] 303 bytes {main} [built]\n[./src/styles/app.scss] 39 bytes {main} [built]\n    + 417 hidden modules\n\nERROR in /usr/src/app/node_modules/@types/react-router/ts4.6/index.d.ts\n[tsl] ERROR in /usr/src/app/node_modules/@types/react-router/ts4.6/index.d.ts(124,100)\n      TS1110: Type expected.\n\nERROR in /usr/src/app/node_modules/@types/react-router/ts4.6/index.d.ts\n[tsl] ERROR in /usr/src/app/node_modules/@types/react-router/ts4.6/index.d.ts(124,109)\n      TS1005: '}' expected.\n\nERROR in /usr/src/app/node_modules/@types/react-router/ts4.6/index.d.ts\n[tsl] ERROR in /usr/src/app/node_modules/@types/react-router/ts4.6/index.d.ts(124,114)\n      TS1128: Declaration or statement expected.\n\nERROR in /usr/src/app/node_modules/@types/react-router/ts4.6/index.d.ts\n[tsl] ERROR in /usr/src/app/node_modules/@types/react-router/ts4.6/index.d.ts(124,115)\n      TS1128: Declaration or statement expected.\n\nERROR in /usr/src/app/node_modules/@types/react-router/ts4.6/index.d.ts\n[tsl] ERROR in /usr/src/app/node_modules/@types/react-router/ts4.6/index.d.ts(126,18)\n      TS1005: ';' expected.\n\nERROR in /usr/src/app/node_modules/@types/react-router/ts4.6/index.d.ts\n[tsl] ERROR in /usr/src/app/node_modules/@types/react-router/ts4.6/index.d.ts(126,19)\n      TS1005: ';' expected.\n\nERROR in /usr/src/app/node_modules/@types/react-router/ts4.6/index.d.ts\n[tsl] ERROR in /usr/src/app/node_modules/@types/react-router/ts4.6/index.d.ts(126,26)\n      TS1005: ';' expected.\n\nERROR in /usr/src/app/node_modules/@types/react-router/ts4.6/index.d.ts\n[tsl] ERROR in /usr/src/app/node_modules/@types/react-router/ts4.6/index.d.ts(126,32)\n      TS1109: Expression expected.\n\nERROR in /usr/src/app/node_modules/@types/react-router/ts4.6/index.d.ts\n[tsl] ERROR in /usr/src/app/node_modules/@types/react-router/ts4.6/index.d.ts(128,18)\n      TS1005: ';' expected.\n\nERROR in /usr/src/app/node_modules/@types/react-router/ts4.6/index.d.ts\n[tsl] ERROR in /usr/src/app/node_modules/@types/react-router/ts4.6/index.d.ts(128,19)\n      TS1005: ';' expected.\n\nERROR in /usr/src/app/node_modules/@types/react-router/ts4.6/index.d.ts\n[tsl] ERROR in /usr/src/app/node_modules/@types/react-router/ts4.6/index.d.ts(128,26)\n      TS1005: ';' expected.\n\nERROR in /usr/src/app/node_modules/@types/react-router/ts4.6/index.d.ts\n[tsl] ERROR in /usr/src/app/node_modules/@types/react-router/ts4.6/index.d.ts(134,18)\n      TS1005: ';' expected.\n\nERROR in /usr/src/app/node_modules/@types/react-router/ts4.6/index.d.ts\n[tsl] ERROR in /usr/src/app/node_modules/@types/react-router/ts4.6/index.d.ts(134,19)\n      TS1005: ';' expected.\n\nERROR in /usr/src/app/node_modules/@types/react-router/ts4.6/index.d.ts\n[tsl] ERROR in /usr/src/app/node_modules/@types/react-router/ts4.6/index.d.ts(134,26)\n      TS1005: ';' expected.\n\nERROR in /usr/src/app/node_modules/@types/react-router/ts4.6/index.d.ts\n[tsl] ERROR in /usr/src/app/node_modules/@types/react-router/ts4.6/index.d.ts(134,33)\n      TS1128: Declaration or statement expected.\n\nERROR in /usr/src/app/node_modules/@types/react-router/ts4.6/index.d.ts\n[tsl] ERROR in /usr/src/app/node_modules/@types/react-router/ts4.6/index.d.ts(134,35)\n      TS1005: ';' expected.\n\nERROR in /usr/src/app/node_modules/@types/react-router/ts4.6/index.d.ts\n[tsl] ERROR in /usr/src/app/node_modules/@types/react-router/ts4.6/index.d.ts(134,42)\n      TS1005: ';' expected.\n\nERROR in /usr/src/app/node_modules/@types/react-router/ts4.6/index.d.ts\n[tsl] ERROR in /usr/src/app/node_modules/@types/react-router/ts4.6/index.d.ts(134,67)\n      TS1161: Unterminated regular expression literal.\n\nERROR in /usr/src/app/node_modules/@types/react-router/ts4.6/index.d.ts\n[tsl] ERROR in /usr/src/app/node_modules/@types/react-router/ts4.6/index.d.ts(135,31)\n      TS1005: ':' expected.\n\nERROR in /usr/src/app/node_modules/@types/react-router/ts4.6/index.d.ts\n[tsl] ERROR in /usr/src/app/node_modules/@types/react-router/ts4.6/index.d.ts(135,48)\n      TS1005: '}' expected.\n\nERROR in /usr/src/app/node_modules/@types/react-router/ts4.6/index.d.ts\n[tsl] ERROR in /usr/src/app/node_modules/@types/react-router/ts4.6/index.d.ts(135,53)\n      TS1128: Declaration or statement expected.\n\nERROR in /usr/src/app/node_modules/@types/react-router/ts4.6/index.d.ts\n[tsl] ERROR in /usr/src/app/node_modules/@types/react-router/ts4.6/index.d.ts(135,56)\n      TS1005: ')' expected.\n\nERROR in /usr/src/app/node_modules/@types/react-router/ts4.6/index.d.ts\n[tsl] ERROR in /usr/src/app/node_modules/@types/react-router/ts4.6/index.d.ts(135,63)\n      TS1005: ';' expected.\n\nERROR in /usr/src/app/node_modules/@types/react-router/ts4.6/index.d.ts\n[tsl] ERROR in /usr/src/app/node_modules/@types/react-router/ts4.6/index.d.ts(135,71)\n      TS1128: Declaration or statement expected.\n\nERROR in /usr/src/app/node_modules/@types/react-router/ts4.6/index.d.ts\n[tsl] ERROR in /usr/src/app/node_modules/@types/react-router/ts4.6/index.d.ts(138,18)\n      TS1005: ';' expected.\n\nERROR in /usr/src/app/node_modules/@types/react-router/ts4.6/index.d.ts\n[tsl] ERROR in /usr/src/app/node_modules/@types/react-router/ts4.6/index.d.ts(138,19)\n      TS1005: ';' expected.\n\nERROR in /usr/src/app/node_modules/@types/react-router/ts4.6/index.d.ts\n[tsl] ERROR in /usr/src/app/node_modules/@types/react-router/ts4.6/index.d.ts(138,26)\n      TS1005: ';' expected.\n\nERROR in /usr/src/app/node_modules/@types/react-router/ts4.6/index.d.ts\n[tsl] ERROR in /usr/src/app/node_modules/@types/react-router/ts4.6/index.d.ts(138,33)\n      TS1128: Declaration or statement expected.\n\nERROR in /usr/src/app/node_modules/@types/react-router/ts4.6/index.d.ts\n[tsl] ERROR in /usr/src/app/node_modules/@types/react-router/ts4.6/index.d.ts(138,35)\n      TS1005: ';' expected.\n\nERROR in /usr/src/app/node_modules/@types/react-router/ts4.6/index.d.ts\n[tsl] ERROR in /usr/src/app/node_modules/@types/react-router/ts4.6/index.d.ts(138,42)\n      TS1005: ';' expected.\n\nERROR in /usr/src/app/node_modules/@types/react-router/ts4.6/index.d.ts\n[tsl] ERROR in /usr/src/app/node_modules/@types/react-router/ts4.6/index.d.ts(139,40)\n      TS1005: ';' expected.\n\nERROR in /usr/src/app/node_modules/@types/react-router/ts4.6/index.d.ts\n[tsl] ERROR in /usr/src/app/node_modules/@types/react-router/ts4.6/index.d.ts(139,41)\n      TS1005: ';' expected.\n\nERROR in /usr/src/app/node_modules/@types/react-router/ts4.6/index.d.ts\n[tsl] ERROR in /usr/src/app/node_modules/@types/react-router/ts4.6/index.d.ts(139,48)\n      TS1005: ';' expected.\n\nERROR in /usr/src/app/node_modules/@types/react-router/ts4.6/index.d.ts\n[tsl] ERROR in /usr/src/app/node_modules/@types/react-router/ts4.6/index.d.ts(139,56)\n      TS1005: ')' expected.\n\nERROR in /usr/src/app/node_modules/@types/react-router/ts4.6/index.d.ts\n[tsl] ERROR in /usr/src/app/node_modules/@types/react-router/ts4.6/index.d.ts(139,63)\n      TS1005: ';' expected.\n\nERROR in /usr/src/app/node_modules/@types/react-router/ts4.6/index.d.ts\n[tsl] ERROR in /usr/src/app/node_modules/@types/react-router/ts4.6/index.d.ts(139,71)\n      TS1128: Declaration or statement expected.\n\nERROR in /usr/src/app/node_modules/@types/react-router/ts4.6/index.d.ts\n[tsl] ERROR in /usr/src/app/node_modules/@types/react-router/ts4.6/index.d.ts(174,1)\n      TS1160: Unterminated template literal.\nChild html-webpack-plugin for \"index.html\":\n     1 asset\n    Entrypoint undefined = index.html\n    [./node_modules/html-webpack-plugin/lib/loader.js!./index.html] 493 bytes {0} [built]\n    [./node_modules/webpack/buildin/global.js] (webpack)/buildin/global.js 472 bytes {0} [built]\n    [./node_modules/webpack/buildin/module.js] (webpack)/buildin/module.js 497 bytes {0} [built]\n        + 1 hidden module\nChild mini-css-extract-plugin node_modules/css-loader/dist/cjs.js??ref--6-1!node_modules/sass-loader/dist/cjs.js??ref--6-2!src/styles/app.scss:\n    Entrypoint mini-css-extract-plugin = *\n    [./node_modules/css-loader/dist/cjs.js?!./node_modules/sass-loader/dist/cjs.js?!./src/styles/app.scss] ./node_modules/css-loader/dist/cjs.js??ref--6-1!./node_modules/sass-loader/dist/cjs.js??ref--6-2!./src/styles/app.scss 682 KiB {mini-css-extract-plugin} [built]\n        + 1 hidden module\n\u001b[91mnpm ERR! \u001b[0m\u001b[91mcode ELIFECYCLE\n\u001b[0m\u001b[91mnpm\u001b[0m\u001b[91m ERR! errno\u001b[0m\u001b[91m 2\n\u001b[0m\u001b[91mnpm ERR! dash@1.0.0 build: `webpack --config ./webpack.config.js`\nnpm ERR!\u001b[0m\u001b[91m Exit status 2\n\u001b[0m\u001b[91mnpm ERR! \n\u001b[0m\u001b[91mnpm ERR!\u001b[0m\u001b[91m Failed at the dash@1.0.0 build script.\n\u001b[0m\u001b[91mnpm ERR! This is probably not a problem with npm. There is likely additional logging output above.\n\u001b[0m\u001b[91m\n\u001b[0m\u001b[91mnpm \u001b[0m\u001b[91mERR!\u001b[0m\u001b[91m A complete log of this run can be found in:\nnpm \u001b[0m\u001b[91mERR!     /root/.npm/_logs/2023-01-03T09_26_35_336Z-debug.log\n\u001b[0mRemoving intermediate container d203e067027a\n","stderr":"The command '/bin/sh -c npm run build' returned a non-zero code: 2\n"},"endTime":1672737996431}