{"repository":"https://github.com/altangent/lnd-explorer","dockerfilePath":"Dockerfile","startTime":1672157348000,"clone":{"stdout":"","stderr":"Cloning into '/tmp/dinghy-analysis/altangent/lnd-explorer'...\n","error":null,"commit":"c1d9d7dd46690ca9b07e4a9b87f59663d5a8e249"},"originalBuild":{"startTimestamp":1672157349135,"endTimestamp":1672157381660,"error":{"code":1,"killed":false,"signal":null,"cmd":"docker build --no-cache --force-rm -t lnd-explorer:latest -f /tmp/dinghy-analysis/altangent/lnd-explorer/Dockerfile ."},"stdout":"Sending build context to Docker daemon  830.5kB\r\r\nStep 1/5 : FROM node:alpine\nalpine: Pulling from library/node\nc158987b0551: Already exists\n27ae9ce8b069: Pulling fs layer\nab5501735aae: Pulling fs layer\n9ce0a5833ea2: Pulling fs layer\n9ce0a5833ea2: Waiting\nab5501735aae: Verifying Checksum\nab5501735aae: Download complete\n9ce0a5833ea2: Download complete\n27ae9ce8b069: Verifying Checksum\n27ae9ce8b069: Download complete\n27ae9ce8b069: Pull complete\nab5501735aae: Pull complete\n9ce0a5833ea2: Pull complete\nDigest: sha256:3ed634e0f15d3e05a1918c3949963508f7ed56350cf94156e6d804ae577849fa\nStatus: Downloaded newer image for node:alpine\n ---> f01bef8b5e92\nStep 2/5 : COPY . /lnd-explorer\n ---> 90867ab805ee\nStep 3/5 : WORKDIR /lnd-explorer\n ---> Running in 860d5917ed78\nRemoving intermediate container 860d5917ed78\n ---> c9392ab534a4\nStep 4/5 : RUN npm install &&  npm run build\n ---> Running in 68692137023d\n\u001b[91mnpm WARN\u001b[0m\u001b[91m old lockfile \nnpm WARN old lockfile\u001b[0m\u001b[91m The package-lock.json file was created with an old version of npm,\nnpm\u001b[0m\u001b[91m WARN\u001b[0m\u001b[91m old lockfile so supplemental metadata must be fetched from the registry.\nnpm WARN old lockfile\u001b[0m\u001b[91m \nnpm WARN old lockfile This is a one-time fix-up, please be patient...\nnpm WARN old lockfile\u001b[0m\u001b[91m \n\u001b[0m\u001b[91mnpm WARN deprecated urix@0.1.0: Please see https://github.com/lydell/urix#deprecated\n\u001b[0m\u001b[91mnpm WARN deprecated source-map-url@0.4.0: See https://github.com/lydell/source-map-url#deprecated\n\u001b[0m\u001b[91mnpm WARN deprecated resolve-url@0.2.1: https://github.com/lydell/resolve-url#deprecated\n\u001b[0m\u001b[91mnpm WARN deprecated uuid@3.3.2: Please upgrade  to version 7 or higher.  Older versions may use Math.random() in certain circumstances, which is known to be problematic.  See https://v8.dev/blog/math-random for details.\n\u001b[0m\u001b[91mnpm WARN deprecated source-map-resolve@0.5.2: See https://github.com/lydell/source-map-resolve#deprecated\n\u001b[0m\u001b[91mnpm WARN deprecated querystring@0.2.0: The querystring API is considered Legacy. new code should use the URLSearchParams API instead.\n\u001b[0m\u001b[91mnpm WARN deprecated request@2.88.2: request has been deprecated, see https://github.com/request/request/issues/3142\n\u001b[0m\u001b[91mnpm WARN deprecated har-validator@5.1.5: this library is no longer supported\n\u001b[0m\u001b[91mnpm WARN deprecated mkdirp@0.5.1: Legacy versions of mkdirp are no longer supported. Please update to mkdirp 1.x. (Note that the API surface has changed to use Promises in 1.x.)\n\u001b[0m\u001b[91mnpm WARN deprecated circular-json@0.3.3: CircularJSON is in maintenance only, flatted is its successor.\n\u001b[0m\u001b[91mnpm WARN deprecated chokidar@2.0.4: Chokidar 2 does not receive security updates since 2019. Upgrade to chokidar 3 with 15x fewer dependencies\n\u001b[0m\u001b[91mnpm WARN deprecated babel-eslint@8.2.6: babel-eslint is now @babel/eslint-parser. This package will no longer receive updates.\n\u001b[0m\u001b[91mnpm WARN deprecated popper.js@1.14.3: You can find the new Popper v2 at @popperjs/core, this package is dedicated to the legacy v1\n\u001b[0m\u001b[91mnpm WARN deprecated tar@2.2.2: This version of tar is no longer supported, and will not receive security updates. Please upgrade asap.\n\u001b[0m\u001b[91mnpm WARN deprecated chokidar@2.1.6: Chokidar 2 does not receive security updates since 2019. Upgrade to chokidar 3 with 15x fewer dependencies\n\u001b[0m\u001b[91mnpm WARN deprecated debug@4.1.1: Debug versions >=3.2.0 <3.2.7 || >=4 <4.3.1 have a low-severity ReDos regression when used in a Node.js environment. It is recommended you upgrade to 3.2.7 or 4.3.1. (https://github.com/visionmedia/debug/issues/797)\n\u001b[0m\u001b[91mnpm WARN deprecated debug@4.1.1: Debug versions >=3.2.0 <3.2.7 || >=4 <4.3.1 have a low-severity ReDos regression when used in a Node.js environment. It is recommended you upgrade to 3.2.7 or 4.3.1. (https://github.com/visionmedia/debug/issues/797)\n\u001b[0m\u001b[91mnpm WARN deprecated core-js@2.5.3: core-js@<3.23.3 is no longer maintained and not recommended for usage due to the number of issues. Because of the V8 engine whims, feature detection in old core-js versions could cause a slowdown up to 100x even if nothing is polyfilled. Some versions have web compatibility issues. Please, upgrade your dependencies to the actual version of core-js.\n\u001b[0m\u001b[91mnpm WARN deprecated core-js@2.5.7: core-js@<3.23.3 is no longer maintained and not recommended for usage due to the number of issues. Because of the V8 engine whims, feature detection in old core-js versions could cause a slowdown up to 100x even if nothing is polyfilled. Some versions have web compatibility issues. Please, upgrade your dependencies to the actual version of core-js.\n\u001b[0m\u001b[91mnpm WARN deprecated grpc@1.24.9: This library will not receive further updates other than security fixes. We recommend using @grpc/grpc-js instead.\n\u001b[0m\u001b[91mnpm ERR! code 1\n\u001b[0m\u001b[91mnpm ERR! path /lnd-explorer/node_modules/grpc\n\u001b[0m\u001b[91mnpm ERR! command failed\n\u001b[0m\u001b[91mnpm ERR! command sh -c node-pre-gyp install --fallback-to-build --library=static_library\n\u001b[0m\u001b[91mnpm ERR! Failed to execute '/usr/local/bin/node /usr/local/lib/node_modules/npm/node_modules/node-gyp/bin/node-gyp.js configure --fallback-to-build --library=static_library --module=/lnd-explorer/node_modules/grpc/src/node/extension_binary/node-v111-linux-x64-musl/grpc_node.node --module_name=grpc_node --module_path=/lnd-explorer/node_modules/grpc/src/node/extension_binary/node-v111-linux-x64-musl --napi_version=8 --node_abi_napi=napi --napi_build_version=0 --node_napi_label=node-v111' (1)\n\u001b[0m\u001b[91mnpm ERR! node-pre-gyp info it worked if it ends with ok\nnpm ERR!\u001b[0m\u001b[91m node-pre-gyp info using node-pre-gyp@1.0.5\nnpm ERR! node-pre-gyp info using node@19.3.0 | linux | x64\nnpm\u001b[0m\u001b[91m ERR! node-pre-gyp info check checked for \"/lnd-explorer/node_modules/grpc/src/node/extension_binary/node-v111-linux-x64-musl/grpc_node.node\" (not found)\nnpm ERR! node-pre-gyp http GET https://node-precompiled-binaries.grpc.io/grpc/v1.24.9/node-v111-linux-x64-musl.tar.gz\nnpm \u001b[0m\u001b[91mERR! node-pre-gyp ERR! install response status 404 Not Found on https://node-precompiled-binaries.grpc.io/grpc/v1.24.9/node-v111-linux-x64-musl.tar.gz \nnpm ERR! node-pre-gyp WARN Pre-built binaries not installable for grpc@1.24.9 and node@19.3.0 (node-v111 ABI, musl) (falling back to source compile with node-gyp) \nnpm ERR!\u001b[0m\u001b[91m node-pre-gyp WARN Hit error response status 404 Not Found on https://node-precompiled-binaries.grpc.io/grpc/v1.24.9/node-v111-linux-x64-musl.tar.gz \nnpm ERR! gyp info it worked if it ends with ok\n\u001b[0m\u001b[91mnpm ERR! gyp info using node-gyp@9.3.0\nnpm ERR! gyp info using node@19.3.0 | linux | x64\nnpm ERR! gyp info ok \nnpm \u001b[0m\u001b[91mERR!\u001b[0m\u001b[91m gyp info it worked if it ends with ok\nnpm ERR! gyp info using node-gyp@9.3.0\nnpm\u001b[0m\u001b[91m ERR!\u001b[0m\u001b[91m gyp info using node@19.3.0 | linux | x64\nnpm ERR! gyp ERR! find Python \nnpm \u001b[0m\u001b[91mERR! gyp ERR! find Python Python is not set from command line or npm configuration\nnpm ERR! gyp ERR! find Python Python is not set from environment variable PYTHON\n\u001b[0m\u001b[91mnpm \u001b[0m\u001b[91mERR! gyp ERR! find Python checking if \"python3\" can be used\nnpm \u001b[0m\u001b[91mERR! gyp ERR! find Python - \"python3\" is not in PATH or produced an error\nnpm\u001b[0m\u001b[91m ERR! gyp ERR! find Python checking if \"python\" can be used\n\u001b[0m\u001b[91mnpm \u001b[0m\u001b[91mERR!\u001b[0m\u001b[91m gyp ERR! find Python - \"python\" is not in PATH or produced an error\nnpm\u001b[0m\u001b[91m ERR! gyp ERR! find Python \n\u001b[0m\u001b[91mnpm ERR!\u001b[0m\u001b[91m gyp ERR! find Python **********************************************************\nnpm ERR! gyp ERR! find Python You need to install the latest version of Python.\nnpm \u001b[0m\u001b[91mERR! gyp ERR! find Python Node-gyp should be able to find and use Python. If not,\nnpm ERR! gyp ERR! find Python you can try one of the following options:\nnpm \u001b[0m\u001b[91mERR! gyp ERR! find Python - Use the switch --python=\"/path/to/pythonexecutable\"\nnpm ERR! gyp ERR! find Python   (accepted by both node-gyp and npm)\nnpm ERR! gyp ERR! find Python - Set the environment variable PYTHON\nnpm ERR! gyp ERR! find Python - Set the npm configuration variable python:\nnpm ERR!\u001b[0m\u001b[91m gyp ERR! find Python   npm config set python \"/path/to/pythonexecutable\"\nnpm ERR! gyp ERR! find Python For more information consult the documentation at:\nnpm ERR! gyp ERR! find Python https://github.com/nodejs/node-gyp#installation\nnpm ERR! gyp ERR! find Python **********************************************************\nnpm ERR!\u001b[0m\u001b[91m gyp ERR! find Python \nnpm ERR! gyp ERR! configure error \n\u001b[0m\u001b[91mnpm ERR!\u001b[0m\u001b[91m gyp ERR! stack Error: Could not find any Python installation to use\nnpm ERR!\u001b[0m\u001b[91m gyp ERR! stack     at PythonFinder.fail (/usr/local/lib/node_modules/npm/node_modules/node-gyp/lib/find-python.js:330:47)\n\u001b[0m\u001b[91mnpm ERR! gyp ERR! stack     at PythonFinder.runChecks (/usr/local/lib/node_modules/npm/node_modules/node-gyp/lib/find-python.js:159:21)\nnpm ERR! gyp ERR! stack     at PythonFinder.<anonymous> (/usr/local/lib/node_modules/npm/node_modules/node-gyp/lib/find-python.js:202:16)\nnpm ERR! gyp ERR! stack     at PythonFinder.execFileCallback (/usr/local/lib/node_modules/npm/node_modules/node-gyp/lib/find-python.js:294:16)\nnpm\u001b[0m\u001b[91m ERR!\u001b[0m\u001b[91m gyp ERR! stack     at exithandler (node:child_process:427:5)\nnpm\u001b[0m\u001b[91m ERR! gyp ERR! stack     at ChildProcess.errorhandler (node:child_process:439:5)\nnpm ERR! gyp ERR! stack     at ChildProcess.emit (node:events:513:28)\nnpm ERR! gyp ERR! stack     at ChildProcess._handle.onexit (node:internal/child_process:291:12)\nnpm\u001b[0m\u001b[91m ERR! gyp ERR! stack     at onErrorNT (node:internal/child_process:483:16)\nnpm \u001b[0m\u001b[91mERR! gyp ERR! stack     at process.processTicksAndRejections (node:internal/process/task_queues:82:21)\nnpm ERR!\u001b[0m\u001b[91m gyp ERR! System Linux 5.4.0-113-generic\nnpm ERR! gyp ERR! command \"/usr/local/bin/node\" \"/usr/local/lib/node_modules/npm/node_modules/node-gyp/bin/node-gyp.js\" \"configure\" \"--fallback-to-build\" \"--library=static_library\" \"--module=/lnd-explorer/node_modules/grpc/src/node/extension_binary/node-v111-linux-x64-musl/grpc_node.node\" \"--module_name=grpc_node\" \"--module_path=/lnd-explorer/node_modules/grpc/src/node/extension_binary/node-v111-linux-x64-musl\" \"--napi_version=8\" \"--node_abi_napi=napi\" \"--napi_build_version=0\" \"--node_napi_label=node-v111\"\nnpm ERR! gyp ERR! cwd /lnd-explorer/node_modules/grpc\n\u001b[0m\u001b[91mnpm ERR!\u001b[0m\u001b[91m gyp ERR! node -v v19.3.0\nnpm ERR! gyp ERR! node-gyp -v v9.3.0\nnpm ERR!\u001b[0m\u001b[91m gyp ERR! not ok \nnpm ERR! node-pre-gyp ERR! build error \nnpm ERR! node-pre-gyp ERR! stack Error: Failed to execute '/usr/local/bin/node /usr/local/lib/node_modules/npm/node_modules/node-gyp/bin/node-gyp.js configure --fallback-to-build --library=static_library --module=/lnd-explorer/node_modules/grpc/src/node/extension_binary/node-v111-linux-x64-musl/grpc_node.node --module_name=grpc_node --module_path=/lnd-explorer/node_modules/grpc/src/node/extension_binary/node-v111-linux-x64-musl --napi_version=8 --node_abi_napi=napi --napi_build_version=0 --node_napi_label=node-v111' (1)\nnpm ERR! node-pre-gyp ERR! stack     at ChildProcess.<anonymous> (/lnd-explorer/node_modules/@mapbox/node-pre-gyp/lib/util/compile.js:89:23)\nnpm ERR! node-pre-gyp ERR! stack     at ChildProcess.emit (node:events:513:28)\nnpm ERR!\u001b[0m\u001b[91m node-pre-gyp ERR! stack     at maybeClose (node:internal/child_process:1098:16)\nnpm ERR! node-pre-gyp ERR! stack     at ChildProcess._handle.onexit (node:internal/child_process:304:5)\nnpm ERR!\u001b[0m\u001b[91m node-pre-gyp ERR! System Linux 5.4.0-113-generic\nnpm ERR! node-pre-gyp ERR! command \"/usr/local/bin/node\" \"/lnd-explorer/node_modules/.bin/node-pre-gyp\" \"install\" \"--fallback-to-build\" \"--library=static_library\"\nnpm ERR!\u001b[0m\u001b[91m node-pre-gyp ERR! cwd /lnd-explorer/node_modules/grpc\n\u001b[0m\u001b[91mnpm ERR!\u001b[0m\u001b[91m node-pre-gyp ERR! node -v v19.3.0\nnpm\u001b[0m\u001b[91m ERR! node-pre-gyp ERR! node-pre-gyp -v v1.0.5\nnpm ERR! node-pre-gyp ERR! not ok\n\u001b[0m\u001b[91m\n\u001b[0m\u001b[91mnpm ERR! A complete log of this run can be found in:\nnpm ERR!     /root/.npm/_logs/2022-12-27T16_09_22_656Z-debug-0.log\n\u001b[0mRemoving intermediate container 68692137023d\n","stderr":"The command '/bin/sh -c npm install &&  npm run build' returned a non-zero code: 1\n"},"endTime":1672157381736}