{"repository":"https://github.com/conaticus/boolean","dockerfilePath":"Dockerfile","startTime":1672502197489,"clone":{"stdout":"","stderr":"Cloning into '/tmp/dinghy-analysis/conaticus/boolean'...\n","error":null,"commit":"048c6313db1d7ea714b50673e5e7262fa3165ebd"},"originalBuild":{"startTimestamp":1672502198320,"endTimestamp":1672502281631,"error":{"code":2,"killed":false,"signal":null,"cmd":"docker build --no-cache --force-rm -t boolean:latest -f /tmp/dinghy-analysis/conaticus/boolean/Dockerfile ."},"stdout":"Sending build context to Docker daemon  416.8kB\r\r\nStep 1/14 : FROM node:16-alpine AS base\n ---> 610c0494e820\nStep 2/14 : WORKDIR /opt/app\n ---> Running in bcdb31fc88ab\nRemoving intermediate container bcdb31fc88ab\n ---> 04067f170706\nStep 3/14 : COPY package.json /opt/app\n ---> 7202a7d6d578\nStep 4/14 : RUN npm install\n ---> Running in 4219606d9c42\n\u001b[91mnpm WARN deprecated @discordjs/rest@0.4.1: no longer supported\n\u001b[0m\u001b[91mnpm WARN deprecated @discordjs/collection@0.7.0: no longer supported\n\u001b[0m\u001b[91mnpm WARN deprecated @discordjs/builders@0.13.0: no longer supported\n\u001b[0m\u001b[91mnpm WARN deprecated @discordjs/builders@0.16.0: no longer supported\n\u001b[0m\n> conaticus-bot@1.0.0 prepare\n> husky install\n\n\nadded 585 packages, and audited 586 packages in 45s\n\n99 packages are looking for funding\n  run `npm fund` for details\n\n4 high severity vulnerabilities\n\nTo address all issues (including breaking changes), run:\n  npm audit fix --force\n\nRun `npm audit` for details.\n\u001b[91mnpm notice \nnpm notice\u001b[0m\u001b[91m New major version of npm available! 8.19.3 -> 9.2.0\nnpm notice\u001b[0m\u001b[91m Changelog: <https://github.com/npm/cli/releases/tag/v9.2.0>\nnpm notice\u001b[0m\u001b[91m Run `npm install -g npm@9.2.0` to update!\nnpm notice\u001b[0m\u001b[91m \n\u001b[0mRemoving intermediate container 4219606d9c42\n ---> d22e0e83a130\nStep 5/14 : FROM base AS build\n ---> d22e0e83a130\nStep 6/14 : COPY . /opt/app\n ---> f66c96d51827\nStep 7/14 : RUN sh ./scripts/build.sh\n ---> Running in d5fcbf35aaa2\nPrisma schema loaded from prisma/schema.prisma\n\u001b[91mError: Get config: Unable to establish a connection to query-engine-node-api library\n\nPrisma CLI Version : 3.15.2\n\u001b[0m\n> conaticus-bot@1.0.0 build\n> tsc\n\nsrc/commands/rolemenu.ts(66,32): error TS2339: Property 'title' does not exist on type 'FullSelfRoleList'.\nsrc/commands/rolemenu.ts(69,35): error TS2339: Property 'title' does not exist on type 'FullSelfRoleList'.\nsrc/commands/selfrole.ts(93,36): error TS2339: Property 'title' does not exist on type 'FullSelfRoleList'.\nsrc/database/selfroles.ts(1,10): error TS2305: Module '\"@prisma/client\"' has no exported member 'RoleChoice'.\nsrc/database/selfroles.ts(1,22): error TS2305: Module '\"@prisma/client\"' has no exported member 'SelfRoleList'.\nsrc/database/selfroles.ts(41,20): error TS7006: Parameter 'list' implicitly has an 'any' type.\nsrc/database/selfroles.ts(87,9): error TS2322: Type '{ guildId: string; choices: Role[]; title: any; id: any; }' is not assignable to type 'FullSelfRoleList'.\n  Object literal may only specify known properties, and 'guildId' does not exist in type 'FullSelfRoleList'.\nsrc/database/selfroles.ts(171,30): error TS2339: Property 'id' does not exist on type 'FullSelfRoleList'.\nsrc/database/selfroles.ts(208,62): error TS2339: Property 'id' does not exist on type 'FullSelfRoleList'.\nsrc/events/interactionCreate.ts(78,42): error TS2339: Property 'title' does not exist on type 'FullSelfRoleList'.\nsrc/services/modmail/commands/ModmailCmd.ts(13,10): error TS2305: Module '\"@prisma/client\"' has no exported member 'Modmail'.\nsrc/services/modmail/database.ts(1,10): error TS2305: Module '\"@prisma/client\"' has no exported member 'Modmail'.\nsrc/services/modmail/database.ts(1,19): error TS2305: Module '\"@prisma/client\"' has no exported member 'ModmailMessage'.\nsrc/services/modmail/database.ts(1,35): error TS2305: Module '\"@prisma/client\"' has no exported member 'Prisma'.\nsrc/services/modmail/database.ts(184,26): error TS7031: Binding element 'senderId' implicitly has an 'any' type.\nsrc/services/modmail/sync.ts(1,10): error TS2305: Module '\"@prisma/client\"' has no exported member 'Modmail'.\nsrc/services/modmail/sync.ts(1,19): error TS2305: Module '\"@prisma/client\"' has no exported member 'ModmailMessage'.\nsrc/services/modmail/util.ts(9,10): error TS2305: Module '\"@prisma/client\"' has no exported member 'Modmail'.\nsrc/services/modmail/util.ts(9,19): error TS2305: Module '\"@prisma/client\"' has no exported member 'ModmailMessage'.\nRemoving intermediate container d5fcbf35aaa2\n","stderr":"The command '/bin/sh -c sh ./scripts/build.sh' returned a non-zero code: 2\n"},"endTime":1672502281724}