{"repository":"https://github.com/davidsblom/foam-fsi","dockerfilePath":"Dockerfile","startTime":1673170710526,"endTime":1673170875119,"clone":{"startTime":1673170710526,"stdout":"","stderr":"Cloning into '/tmp/dinghy-analysis/davidsblom/foam-fsi'...\n","error":null,"endTime":1673170714159,"commit":"5f43c0922374318901a2b7e333bc0eea2de46441"},"originalBuild":{"startTime":1673170714233,"endTime":1673170874981,"error":{"code":1,"killed":false,"signal":null,"cmd":"docker build --no-cache --force-rm -t foam-fsi:latest -f /tmp/dinghy-analysis/davidsblom/foam-fsi/Dockerfile ."},"stdout":"Sending build context to Docker daemon  2.365MB\r\r\nStep 1/7 : FROM debian:unstable\nunstable: Pulling from library/debian\n41739a274d31: Pulling fs layer\n41739a274d31: Verifying Checksum\n41739a274d31: Download complete\n41739a274d31: Pull complete\nDigest: sha256:889d8b2c0e17f0204ef479f979651c6b4f89aca9713f43c0467ca3a14adad8f5\nStatus: Downloaded newer image for debian:unstable\n ---> e874826ba352\nStep 2/7 : RUN apt-get clean && apt-get update && apt-get install -y cppcheck\n ---> Running in 964cc6b33b46\nGet:1 http://deb.debian.org/debian unstable InRelease [161 kB]\nGet:2 http://deb.debian.org/debian unstable/main amd64 Packages [9391 kB]\nFetched 9552 kB in 1s (6995 kB/s)\nReading package lists...\nReading package lists...\nBuilding dependency tree...\nReading state information...\nThe following additional packages will be installed:\n  krb5-locales libexpat1 libgpm2 libgssapi-krb5-2 libk5crypto3 libkeyutils1\n  libkrb5-3 libkrb5support0 libmpdec3 libncursesw6 libnsl2 libpcre3\n  libpython3-stdlib libpython3.11-minimal libpython3.11-stdlib libreadline8\n  libsqlite3-0 libssl3 libtinfo6 libtinyxml2-9 libtirpc-common libtirpc3\n  media-types ncurses-base ncurses-bin python3 python3-minimal\n  python3-pkg-resources python3-pygments python3.11 python3.11-minimal\n  readline-common\nSuggested packages:\n  cppcheck-gui clang clang-tidy gpm krb5-doc krb5-user python3-doc python3-tk\n  python3-venv python3-setuptools python-pygments-doc ttf-bitstream-vera\n  python3.11-venv python3.11-doc binutils binfmt-support readline-doc\nThe following NEW packages will be installed:\n  cppcheck krb5-locales libexpat1 libgpm2 libgssapi-krb5-2 libk5crypto3\n  libkeyutils1 libkrb5-3 libkrb5support0 libmpdec3 libncursesw6 libnsl2\n  libpcre3 libpython3-stdlib libpython3.11-minimal libpython3.11-stdlib\n  libreadline8 libsqlite3-0 libssl3 libtinyxml2-9 libtirpc-common libtirpc3\n  media-types python3 python3-minimal python3-pkg-resources python3-pygments\n  python3.11 python3.11-minimal readline-common\nThe following packages will be upgraded:\n  libtinfo6 ncurses-base ncurses-bin\n3 upgraded, 30 newly installed, 0 to remove and 28 not upgraded.\nNeed to get 13.9 MB of archives.\nAfter this operation, 49.6 MB of additional disk space will be used.\nGet:1 http://deb.debian.org/debian unstable/main amd64 ncurses-bin amd64 6.4-1 [421 kB]\nGet:2 http://deb.debian.org/debian unstable/main amd64 ncurses-base all 6.4-1 [261 kB]\nGet:3 http://deb.debian.org/debian unstable/main amd64 libssl3 amd64 3.0.7-1 [2008 kB]\nGet:4 http://deb.debian.org/debian unstable/main amd64 libpython3.11-minimal amd64 3.11.1-2 [812 kB]\nGet:5 http://deb.debian.org/debian unstable/main amd64 libexpat1 amd64 2.5.0-1 [99.3 kB]\nGet:6 http://deb.debian.org/debian unstable/main amd64 python3.11-minimal amd64 3.11.1-2 [2065 kB]\nGet:7 http://deb.debian.org/debian unstable/main amd64 python3-minimal amd64 3.11.1-1 [25.5 kB]\nGet:8 http://deb.debian.org/debian unstable/main amd64 media-types all 8.0.0 [33.4 kB]\nGet:9 http://deb.debian.org/debian unstable/main amd64 libmpdec3 amd64 2.5.1-2 [87.8 kB]\nGet:10 http://deb.debian.org/debian unstable/main amd64 libtinfo6 amd64 6.4-1 [331 kB]\nGet:11 http://deb.debian.org/debian unstable/main amd64 libncursesw6 amd64 6.4-1 [134 kB]\nGet:12 http://deb.debian.org/debian unstable/main amd64 libkrb5support0 amd64 1.20.1-1 [32.2 kB]\nGet:13 http://deb.debian.org/debian unstable/main amd64 libk5crypto3 amd64 1.20.1-1 [78.6 kB]\nGet:14 http://deb.debian.org/debian unstable/main amd64 libkeyutils1 amd64 1.6.3-2 [8808 B]\nGet:15 http://deb.debian.org/debian unstable/main amd64 libkrb5-3 amd64 1.20.1-1 [331 kB]\nGet:16 http://deb.debian.org/debian unstable/main amd64 libgssapi-krb5-2 amd64 1.20.1-1 [134 kB]\nGet:17 http://deb.debian.org/debian unstable/main amd64 libtirpc-common all 1.3.3+ds-1 [14.0 kB]\nGet:18 http://deb.debian.org/debian unstable/main amd64 libtirpc3 amd64 1.3.3+ds-1 [85.2 kB]\nGet:19 http://deb.debian.org/debian unstable/main amd64 libnsl2 amd64 1.3.0-2 [39.5 kB]\nGet:20 http://deb.debian.org/debian unstable/main amd64 readline-common all 8.2-1.2 [68.5 kB]\nGet:21 http://deb.debian.org/debian unstable/main amd64 libreadline8 amd64 8.2-1.2 [165 kB]\nGet:22 http://deb.debian.org/debian unstable/main amd64 libsqlite3-0 amd64 3.40.1-1 [838 kB]\nGet:23 http://deb.debian.org/debian unstable/main amd64 libpython3.11-stdlib amd64 3.11.1-2 [1712 kB]\nGet:24 http://deb.debian.org/debian unstable/main amd64 python3.11 amd64 3.11.1-2 [567 kB]\nGet:25 http://deb.debian.org/debian unstable/main amd64 libpython3-stdlib amd64 3.11.1-1 [8580 B]\nGet:26 http://deb.debian.org/debian unstable/main amd64 python3 amd64 3.11.1-1 [25.2 kB]\nGet:27 http://deb.debian.org/debian unstable/main amd64 krb5-locales all 1.20.1-1 [62.4 kB]\nGet:28 http://deb.debian.org/debian unstable/main amd64 libpcre3 amd64 2:8.39-15 [341 kB]\nGet:29 http://deb.debian.org/debian unstable/main amd64 libtinyxml2-9 amd64 9.0.0+dfsg-3.1 [31.8 kB]\nGet:30 http://deb.debian.org/debian unstable/main amd64 python3-pkg-resources all 65.6.3-1 [278 kB]\nGet:31 http://deb.debian.org/debian unstable/main amd64 python3-pygments all 2.14.0+dfsg-1 [783 kB]\nGet:32 http://deb.debian.org/debian unstable/main amd64 cppcheck amd64 2.9-1 [2039 kB]\nGet:33 http://deb.debian.org/debian unstable/main amd64 libgpm2 amd64 1.20.7-10+b1 [14.2 kB]\n\u001b[91mdebconf: delaying package configuration, since apt-utils is not installed\n\u001b[0mFetched 13.9 MB in 0s (32.2 MB/s)\n(Reading database ... \r(Reading database ... 5%\r(Reading database ... 10%\r(Reading database ... 15%\r(Reading database ... 20%\r(Reading database ... 25%\r(Reading database ... 30%\r(Reading database ... 35%\r(Reading database ... 40%\r(Reading database ... 45%\r(Reading database ... 50%\r(Reading database ... 55%\r(Reading database ... 60%\r(Reading database ... 65%\r(Reading database ... 70%\r(Reading database ... 75%\r(Reading database ... 80%\r(Reading database ... 85%\r(Reading database ... 90%\r(Reading database ... 95%\r(Reading database ... 100%\r(Reading database ... 6562 files and directories currently installed.)\r\nPreparing to unpack .../ncurses-bin_6.4-1_amd64.deb ...\r\nUnpacking ncurses-bin (6.4-1) over (6.3+20220423-2) ...\r\nSetting up ncurses-bin (6.4-1) ...\r\n(Reading database ... \r(Reading database ... 5%\r(Reading database ... 10%\r(Reading database ... 15%\r(Reading database ... 20%\r(Reading database ... 25%\r(Reading database ... 30%\r(Reading database ... 35%\r(Reading database ... 40%\r(Reading database ... 45%\r(Reading database ... 50%\r(Reading database ... 55%\r(Reading database ... 60%\r(Reading database ... 65%\r(Reading database ... 70%\r(Reading database ... 75%\r(Reading database ... 80%\r(Reading database ... 85%\r(Reading database ... 90%\r(Reading database ... 95%\r(Reading database ... 100%\r(Reading database ... 6562 files and directories currently installed.)\r\nPreparing to unpack .../ncurses-base_6.4-1_all.deb ...\r\nUnpacking ncurses-base (6.4-1) over (6.3+20220423-2) ...\r\nSetting up ncurses-base (6.4-1) ...\r\nSelecting previously unselected package libssl3:amd64.\r\n(Reading database ... \r(Reading database ... 5%\r(Reading database ... 10%\r(Reading database ... 15%\r(Reading database ... 20%\r(Reading database ... 25%\r(Reading database ... 30%\r(Reading database ... 35%\r(Reading database ... 40%\r(Reading database ... 45%\r(Reading database ... 50%\r(Reading database ... 55%\r(Reading database ... 60%\r(Reading database ... 65%\r(Reading database ... 70%\r(Reading database ... 75%\r(Reading database ... 80%\r(Reading database ... 85%\r(Reading database ... 90%\r(Reading database ... 95%\r(Reading database ... 100%\r(Reading database ... 6562 files and directories currently installed.)\r\nPreparing to unpack .../libssl3_3.0.7-1_amd64.deb ...\r\nUnpacking libssl3:amd64 (3.0.7-1) ...\r\nSelecting previously unselected package libpython3.11-minimal:amd64.\r\nPreparing to unpack .../libpython3.11-minimal_3.11.1-2_amd64.deb ...\r\nUnpacking libpython3.11-minimal:amd64 (3.11.1-2) ...\r\nSelecting previously unselected package libexpat1:amd64.\r\nPreparing to unpack .../libexpat1_2.5.0-1_amd64.deb ...\r\nUnpacking libexpat1:amd64 (2.5.0-1) ...\r\nSelecting previously unselected package python3.11-minimal.\r\nPreparing to unpack .../python3.11-minimal_3.11.1-2_amd64.deb ...\r\nUnpacking python3.11-minimal (3.11.1-2) ...\r\nSetting up libssl3:amd64 (3.0.7-1) ...\r\nSetting up libpython3.11-minimal:amd64 (3.11.1-2) ...\r\nSetting up libexpat1:amd64 (2.5.0-1) ...\r\nSetting up python3.11-minimal (3.11.1-2) ...\r\nSelecting previously unselected package python3-minimal.\r\n(Reading database ... \r(Reading database ... 5%\r(Reading database ... 10%\r(Reading database ... 15%\r(Reading database ... 20%\r(Reading database ... 25%\r(Reading database ... 30%\r(Reading database ... 35%\r(Reading database ... 40%\r(Reading database ... 45%\r(Reading database ... 50%\r(Reading database ... 55%\r(Reading database ... 60%\r(Reading database ... 65%\r(Reading database ... 70%\r(Reading database ... 75%\r(Reading database ... 80%\r(Reading database ... 85%\r(Reading database ... 90%\r(Reading database ... 95%\r(Reading database ... 100%\r(Reading database ... 6890 files and directories currently installed.)\r\nPreparing to unpack .../python3-minimal_3.11.1-1_amd64.deb ...\r\nUnpacking python3-minimal (3.11.1-1) ...\r\nSelecting previously unselected package media-types.\r\nPreparing to unpack .../media-types_8.0.0_all.deb ...\r\nUnpacking media-types (8.0.0) ...\r\nSelecting previously unselected package libmpdec3:amd64.\r\nPreparing to unpack .../libmpdec3_2.5.1-2_amd64.deb ...\r\nUnpacking libmpdec3:amd64 (2.5.1-2) ...\r\nPreparing to unpack .../libtinfo6_6.4-1_amd64.deb ...\r\nUnpacking libtinfo6:amd64 (6.4-1) over (6.3+20220423-2) ...\r\nSetting up libtinfo6:amd64 (6.4-1) ...\r\nSelecting previously unselected package libncursesw6:amd64.\r\n(Reading database ... \r(Reading database ... 5%\r(Reading database ... 10%\r(Reading database ... 15%\r(Reading database ... 20%\r(Reading database ... 25%\r(Reading database ... 30%\r(Reading database ... 35%\r(Reading database ... 40%\r(Reading database ... 45%\r(Reading database ... 50%\r(Reading database ... 55%\r(Reading database ... 60%\r(Reading database ... 65%\r(Reading database ... 70%\r(Reading database ... 75%\r(Reading database ... 80%\r(Reading database ... 85%\r(Reading database ... 90%\r(Reading database ... 95%\r(Reading database ... 100%\r(Reading database ... 6925 files and directories currently installed.)\r\nPreparing to unpack .../00-libncursesw6_6.4-1_amd64.deb ...\r\nUnpacking libncursesw6:amd64 (6.4-1) ...\r\nSelecting previously unselected package libkrb5support0:amd64.\r\nPreparing to unpack .../01-libkrb5support0_1.20.1-1_amd64.deb ...\r\nUnpacking libkrb5support0:amd64 (1.20.1-1) ...\r\nSelecting previously unselected package libk5crypto3:amd64.\r\nPreparing to unpack .../02-libk5crypto3_1.20.1-1_amd64.deb ...\r\nUnpacking libk5crypto3:amd64 (1.20.1-1) ...\r\nSelecting previously unselected package libkeyutils1:amd64.\r\nPreparing to unpack .../03-libkeyutils1_1.6.3-2_amd64.deb ...\r\nUnpacking libkeyutils1:amd64 (1.6.3-2) ...\r\nSelecting previously unselected package libkrb5-3:amd64.\r\nPreparing to unpack .../04-libkrb5-3_1.20.1-1_amd64.deb ...\r\nUnpacking libkrb5-3:amd64 (1.20.1-1) ...\r\nSelecting previously unselected package libgssapi-krb5-2:amd64.\r\nPreparing to unpack .../05-libgssapi-krb5-2_1.20.1-1_amd64.deb ...\r\nUnpacking libgssapi-krb5-2:amd64 (1.20.1-1) ...\r\nSelecting previously unselected package libtirpc-common.\r\nPreparing to unpack .../06-libtirpc-common_1.3.3+ds-1_all.deb ...\r\nUnpacking libtirpc-common (1.3.3+ds-1) ...\r\nSelecting previously unselected package libtirpc3:amd64.\r\nPreparing to unpack .../07-libtirpc3_1.3.3+ds-1_amd64.deb ...\r\nUnpacking libtirpc3:amd64 (1.3.3+ds-1) ...\r\nSelecting previously unselected package libnsl2:amd64.\r\nPreparing to unpack .../08-libnsl2_1.3.0-2_amd64.deb ...\r\nUnpacking libnsl2:amd64 (1.3.0-2) ...\r\nSelecting previously unselected package readline-common.\r\nPreparing to unpack .../09-readline-common_8.2-1.2_all.deb ...\r\nUnpacking readline-common (8.2-1.2) ...\r\nSelecting previously unselected package libreadline8:amd64.\r\nPreparing to unpack .../10-libreadline8_8.2-1.2_amd64.deb ...\r\nUnpacking libreadline8:amd64 (8.2-1.2) ...\r\nSelecting previously unselected package libsqlite3-0:amd64.\r\nPreparing to unpack .../11-libsqlite3-0_3.40.1-1_amd64.deb ...\r\nUnpacking libsqlite3-0:amd64 (3.40.1-1) ...\r\nSelecting previously unselected package libpython3.11-stdlib:amd64.\r\nPreparing to unpack .../12-libpython3.11-stdlib_3.11.1-2_amd64.deb ...\r\nUnpacking libpython3.11-stdlib:amd64 (3.11.1-2) ...\r\nSelecting previously unselected package python3.11.\r\nPreparing to unpack .../13-python3.11_3.11.1-2_amd64.deb ...\r\nUnpacking python3.11 (3.11.1-2) ...\r\nSelecting previously unselected package libpython3-stdlib:amd64.\r\nPreparing to unpack .../14-libpython3-stdlib_3.11.1-1_amd64.deb ...\r\nUnpacking libpython3-stdlib:amd64 (3.11.1-1) ...\r\nSetting up python3-minimal (3.11.1-1) ...\r\nSelecting previously unselected package python3.\r\n(Reading database ... \r(Reading database ... 5%\r(Reading database ... 10%\r(Reading database ... 15%\r(Reading database ... 20%\r(Reading database ... 25%\r(Reading database ... 30%\r(Reading database ... 35%\r(Reading database ... 40%\r(Reading database ... 45%\r(Reading database ... 50%\r(Reading database ... 55%\r(Reading database ... 60%\r(Reading database ... 65%\r(Reading database ... 70%\r(Reading database ... 75%\r(Reading database ... 80%\r(Reading database ... 85%\r(Reading database ... 90%\r(Reading database ... 95%\r(Reading database ... 100%\r(Reading database ... 7401 files and directories currently installed.)\r\nPreparing to unpack .../0-python3_3.11.1-1_amd64.deb ...\r\nUnpacking python3 (3.11.1-1) ...\r\nSelecting previously unselected package krb5-locales.\r\nPreparing to unpack .../1-krb5-locales_1.20.1-1_all.deb ...\r\nUnpacking krb5-locales (1.20.1-1) ...\r\nSelecting previously unselected package libpcre3:amd64.\r\nPreparing to unpack .../2-libpcre3_2%3a8.39-15_amd64.deb ...\r\nUnpacking libpcre3:amd64 (2:8.39-15) ...\r\nSelecting previously unselected package libtinyxml2-9:amd64.\r\nPreparing to unpack .../3-libtinyxml2-9_9.0.0+dfsg-3.1_amd64.deb ...\r\nUnpacking libtinyxml2-9:amd64 (9.0.0+dfsg-3.1) ...\r\nSelecting previously unselected package python3-pkg-resources.\r\nPreparing to unpack .../4-python3-pkg-resources_65.6.3-1_all.deb ...\r\nUnpacking python3-pkg-resources (65.6.3-1) ...\r\nSelecting previously unselected package python3-pygments.\r\nPreparing to unpack .../5-python3-pygments_2.14.0+dfsg-1_all.deb ...\r\nUnpacking python3-pygments (2.14.0+dfsg-1) ...\r\nSelecting previously unselected package cppcheck.\r\nPreparing to unpack .../6-cppcheck_2.9-1_amd64.deb ...\r\nUnpacking cppcheck (2.9-1) ...\r\nSelecting previously unselected package libgpm2:amd64.\r\nPreparing to unpack .../7-libgpm2_1.20.7-10+b1_amd64.deb ...\r\nUnpacking libgpm2:amd64 (1.20.7-10+b1) ...\r\nSetting up media-types (8.0.0) ...\r\nSetting up libkeyutils1:amd64 (1.6.3-2) ...\r\nSetting up libgpm2:amd64 (1.20.7-10+b1) ...\r\nSetting up libtirpc-common (1.3.3+ds-1) ...\r\nSetting up libsqlite3-0:amd64 (3.40.1-1) ...\r\nSetting up krb5-locales (1.20.1-1) ...\r\nSetting up libkrb5support0:amd64 (1.20.1-1) ...\r\nSetting up libpcre3:amd64 (2:8.39-15) ...\r\nSetting up libtinyxml2-9:amd64 (9.0.0+dfsg-3.1) ...\r\nSetting up libncursesw6:amd64 (6.4-1) ...\r\nSetting up libk5crypto3:amd64 (1.20.1-1) ...\r\nSetting up libmpdec3:amd64 (2.5.1-2) ...\r\nSetting up libkrb5-3:amd64 (1.20.1-1) ...\r\nSetting up readline-common (8.2-1.2) ...\r\nSetting up libreadline8:amd64 (8.2-1.2) ...\r\nSetting up libgssapi-krb5-2:amd64 (1.20.1-1) ...\r\nSetting up libtirpc3:amd64 (1.3.3+ds-1) ...\r\nSetting up libnsl2:amd64 (1.3.0-2) ...\r\nSetting up libpython3.11-stdlib:amd64 (3.11.1-2) ...\r\nSetting up libpython3-stdlib:amd64 (3.11.1-1) ...\r\nSetting up python3.11 (3.11.1-2) ...\r\nSetting up python3 (3.11.1-1) ...\r\nrunning python rtupdate hooks for python3.11...\r\nrunning python post-rtupdate hooks for python3.11...\r\nSetting up python3-pkg-resources (65.6.3-1) ...\r\nSetting up python3-pygments (2.14.0+dfsg-1) ...\r\nSetting up cppcheck (2.9-1) ...\r\nProcessing triggers for libc-bin (2.36-6) ...\r\nRemoving intermediate container 964cc6b33b46\n ---> a335aa5fdc32\nStep 3/7 : COPY . /pipeline/source\n ---> 246bd63b6184\nStep 4/7 : RUN cd /pipeline/source/src/fsi && cppcheck --error-exitcode=1 --enable=performance,portability .\n ---> Running in 3c3cbc04b924\nChecking ASMILS.C ...\n1/64 files checked 1% done\nChecking AbsoluteConvergenceMeasure.C ...\n2/64 files checked 1% done\nChecking AdaptiveTimeStepper.C ...\n3/64 files checked 2% done\nChecking AggressiveSpaceMapping.C ...\n4/64 files checked 4% done\nChecking AitkenPostProcessing.C ...\n5/64 files checked 4% done\nChecking AndersonPostProcessing.C ...\n6/64 files checked 7% done\nChecking BroydenPostProcessing.C ...\n7/64 files checked 9% done\nChecking ClenshawCurtis.C ...\n8/64 files checked 9% done\nChecking ClenshawCurtis.tpp ...\n9/64 files checked 9% done\nChecking DataStorage.C ...\n10/64 files checked 10% done\nChecking DataValues.C ...\n11/64 files checked 11% done\nChecking ESDIRK.C ...\n12/64 files checked 15% done\nChecking FsiSolver.C ...\n13/64 files checked 17% done\nChecking GaussLobatto.C ...\n14/64 files checked 17% done\nChecking GaussLobatto.tpp ...\n15/64 files checked 17% done\nChecking GaussRadau.C ...\n16/64 files checked 17% done\nChecking GaussRadau.tpp ...\n17/64 files checked 17% done\nChecking ImplicitMultiLevelFsiSolver.C ...\n18/64 files checked 19% done\nChecking MLIQNILSSolver.C ...\n19/64 files checked 19% done\nChecking ManifoldMapping.C ...\n20/64 files checked 22% done\nChecking MinIterationConvergenceMeasure.C ...\n21/64 files checked 22% done\nChecking MultiLevelFsiSolver.C ...\n22/64 files checked 25% done\nChecking MultiLevelSolver.C ...\n23/64 files checked 26% done\nChecking MultiLevelSpaceMappingSolver.C ...\n24/64 files checked 27% done\nChecking OutputSpaceMapping.C ...\n25/64 files checked 30% done\nChecking PIES.C ...\n26/64 files checked 30% done\nChecking PIES.tpp ...\n27/64 files checked 32% done\nChecking Polynomial.C ...\n28/64 files checked 32% done\nChecking Polynomial.tpp ...\n29/64 files checked 33% done\nChecking PostProcessing.C ...\n30/64 files checked 34% done\nChecking QuadratureInterface.C ...\n31/64 files checked 34% done\nChecking QuadratureInterface.tpp ...\n32/64 files checked 35% done\nChecking RelativeConvergenceMeasure.C ...\n33/64 files checked 35% done\nChecking ResidualRelativeConvergenceMeasure.C ...\n34/64 files checked 35% done\nChecking SDC.C ...\n35/64 files checked 39% done\nChecking SDCFsiSolver.C ...\n36/64 files checked 40% done\nChecking SpaceMapping.C ...\n37/64 files checked 41% done\nChecking SpaceMappingSolver.C ...\n38/64 files checked 42% done\nChecking TubeFlowFluidSolver.C ...\n39/64 files checked 47% done\nChecking TubeFlowLinearizedFluidSolver.C ...\n40/64 files checked 48% done\nChecking TubeFlowLinearizedSolidSolver.C ...\n41/64 files checked 50% done\nChecking TubeFlowSolidSolver.C ...\n42/64 files checked 50% done\nChecking Uniform.C ...\n43/64 files checked 50% done\nChecking Uniform.tpp ...\n44/64 files checked 50% done\nChecking UserDefinedNodes.C ...\n45/64 files checked 51% done\nChecking UserDefinedNodes.tpp ...\n46/64 files checked 51% done\nChecking fluidSolvers/CompressibleFluidSolver.C ...\n47/64 files checked 53% done\nChecking fluidSolvers/CoupledFluidSolver.C ...\n48/64 files checked 56% done\nChecking fluidSolvers/FluidSolver.C ...\n49/64 files checked 59% done\nChecking fluidSolvers/SDCDynamicMeshFluidSolver.C ...\n50/64 files checked 64% done\nChecking fluidSolvers/SDCFluidSolver.C ...\n51/64 files checked 70% done\nChecking fluidSolvers/SDCLaplacianSolver.C ...\n52/64 files checked 71% done\nChecking fluidSolvers/SteadyStateFluidSolver.C ...\n53/64 files checked 74% done\nChecking fluidSolvers/foamFluidSolver.C ...\n54/64 files checked 77% done\nChecking solidSolvers/ElasticSolidSolver.C ...\n55/64 files checked 79% done\nChecking solidSolvers/SDCSolidSolver.C ...\n56/64 files checked 83% done\nChecking solidSolvers/SolidSolver.C ...\n57/64 files checked 86% done\nChecking solidSolvers/SteadyStateSolidSolver.C ...\n58/64 files checked 88% done\nChecking solidSolvers/dealiiSolidSolver.C ...\n59/64 files checked 88% done\nChecking solidSolvers/dealiiSolidSolver.tpp ...\n60/64 files checked 90% done\nChecking solidSolvers/foamSolidSolver.C ...\n61/64 files checked 94% done\nChecking solidSolvers/solidPolyMesh/solidPolyBoundaryMesh.C ...\n62/64 files checked 95% done\nChecking solidSolvers/solidPolyMesh/solidPolyMesh.C ...\n63/64 files checked 99% done\nChecking solidSolvers/solidPolyMesh/solidPolyMeshLduAddressing.C ...\n64/64 files checked 100% done\nRemoving intermediate container 3c3cbc04b924\n ---> a12ea65adfa8\nStep 5/7 : RUN cd /pipeline/source/src/RBFMeshMotionSolver && cppcheck --error-exitcode=1 --enable=performance,portability .\n ---> Running in c3976ec670fb\nChecking AdaptiveCoarsening.C ...\n1/15 files checked 8% done\nChecking ElRBFInterpolation.C ...\n2/15 files checked 14% done\nChecking ElRBFMeshMotionSolver.C ...\n3/15 files checked 28% done\nChecking NoCoarsening.C ...\n4/15 files checked 29% done\nChecking RBFCoarsening.C ...\n5/15 files checked 50% done\nChecking RBFFunctions/LinearFunction.C ...\n6/15 files checked 50% done\nChecking RBFFunctions/TPSFunction.C ...\n7/15 files checked 50% done\nChecking RBFFunctions/WendlandC0Function.C ...\n8/15 files checked 51% done\nChecking RBFFunctions/WendlandC2Function.C ...\n9/15 files checked 51% done\nChecking RBFFunctions/WendlandC4Function.C ...\n10/15 files checked 52% done\nChecking RBFFunctions/WendlandC6Function.C ...\n11/15 files checked 52% done\nChecking RBFInterpolation.C ...\n12/15 files checked 62% done\nChecking RBFMeshMotionSolver.C ...\n13/15 files checked 90% done\nChecking UnitCoarsening.C ...\n14/15 files checked 97% done\nChecking twoDPointCorrectorRBF.C ...\n15/15 files checked 100% done\nRemoving intermediate container c3976ec670fb\n ---> a5f1b4efd384\nStep 6/7 : RUN cd /pipeline/source/src/tests && cppcheck --error-exitcode=1 --enable=performance,portability .\n ---> Running in 1f9ecc3fbef8\nChecking testsuite-dealii/test_dealiisolidsolver.C ...\n1/92 files checked 1% done\nChecking testsuite-dealii/tests.C ...\n2/92 files checked 1% done\nChecking testsuite-fsi/MonolithicFsiSolver.C ...\n3/92 files checked 2% done\nChecking testsuite-fsi/test_absoluteconvergencemeasure.C ...\n4/92 files checked 2% done\nChecking testsuite-fsi/test_aitkenpostprocessing.C ...\n5/92 files checked 3% done\nChecking testsuite-fsi/test_andersonpostprocessing.C ...\n6/92 files checked 4% done\nChecking testsuite-fsi/test_broydenpostprocessing.C ...\n7/92 files checked 5% done\nChecking testsuite-fsi/test_fluidsolver.C ...\n8/92 files checked 6% done\nChecking testsuite-fsi/test_fsilinearizedsolidsolver.C ...\n9/92 files checked 6% done\nChecking testsuite-fsi/test_fsisolver.C ...\n10/92 files checked 7% done\nChecking testsuite-fsi/test_implicitfsilinearizedsolidsolver.C ...\n11/92 files checked 8% done\nChecking testsuite-fsi/test_implicitfsisolver.C ...\n12/92 files checked 10% done\nChecking testsuite-fsi/test_linearizedfluidsolver.C ...\n13/92 files checked 10% done\nChecking testsuite-fsi/test_linearizedsolidsolver.C ...\n14/92 files checked 10% done\nChecking testsuite-fsi/test_miniterationconvergencemeasure.C ...\n15/92 files checked 11% done\nChecking testsuite-fsi/test_monolithicfsisolver.C ...\n16/92 files checked 11% done\nChecking testsuite-fsi/test_parallelcoupling.C ...\n17/92 files checked 12% done\nChecking testsuite-fsi/test_relativeconvergencemeasure.C ...\n18/92 files checked 12% done\nChecking testsuite-fsi/test_residualrelativeconvergencemeasure.C ...\n19/92 files checked 12% done\nChecking testsuite-fsi/test_solidsolver.C ...\n20/92 files checked 12% done\nChecking testsuite-fsi/tests.C ...\n21/92 files checked 12% done\nChecking testsuite-rbf/test_adaptivecoarsening.C ...\n22/92 files checked 14% done\nChecking testsuite-rbf/test_elrbfinterpolation.C ...\n23/92 files checked 17% done\nChecking testsuite-rbf/test_nocoarsener.C ...\n24/92 files checked 18% done\nChecking testsuite-rbf/test_rbfcoarsening.C ...\n25/92 files checked 18% done\nChecking testsuite-rbf/test_rbfinterpolation.C ...\n26/92 files checked 20% done\nChecking testsuite-rbf/test_unitcoarsening.C ...\n27/92 files checked 22% done\nChecking testsuite-rbf/tests.C ...\n28/92 files checked 22% done\nChecking testsuite-sdc-fsi/SDCTubeFlowBDFLinearizedSolidSolver.C ...\n29/92 files checked 23% done\nChecking testsuite-sdc-fsi/SDCTubeFlowExplicitLinearSolidSolver.C ...\n30/92 files checked 23% done\nChecking testsuite-sdc-fsi/SDCTubeFlowFluidSolver.C ...\n31/92 files checked 24% done\nChecking testsuite-sdc-fsi/SDCTubeFlowLinearizedSolidSolver.C ...\n32/92 files checked 25% done\nChecking testsuite-sdc-fsi/SDCTubeFlowSolidSolver.C ...\n33/92 files checked 25% done\nChecking testsuite-sdc-fsi/TubeFlowExplicitLinearSolidSolver.C ...\n34/92 files checked 26% done\nChecking testsuite-sdc-fsi/test_explicitsolidsolver.C ...\n35/92 files checked 27% done\nChecking testsuite-sdc-fsi/test_sdcexplicitsolidsolver.C ...\n36/92 files checked 27% done\nChecking testsuite-sdc-fsi/test_sdctubeflowbdfsolidsolver.C ...\n37/92 files checked 28% done\nChecking testsuite-sdc-fsi/test_sdctubeflowfluidsolver.C ...\n38/92 files checked 29% done\nChecking testsuite-sdc-fsi/test_sdctubeflowfsisolver.C ...\n39/92 files checked 32% done\nChecking testsuite-sdc-fsi/test_sdctubeflowsolidsolver.C ...\n40/92 files checked 34% done\nChecking testsuite-sdc-fsi/test_sdirktubeflowfluidsolver.C ...\n41/92 files checked 34% done\nChecking testsuite-sdc-fsi/test_sdirktubeflowfsisolver.C ...\n42/92 files checked 36% done\nChecking testsuite-sdc-fsi/test_sdirktubeflowsolidsolver.C ...\n43/92 files checked 38% done\nChecking testsuite-sdc-fsi/test_tubeflowsolidsolver.C ...\n44/92 files checked 39% done\nChecking testsuite-sdc-fsi/testsuite-sdc-fsi.C ...\n45/92 files checked 39% done\nChecking testsuite-sdc/Cos.C ...\n46/92 files checked 39% done\nChecking testsuite-sdc/Oscillator.C ...\n47/92 files checked 39% done\nChecking testsuite-sdc/Piston.C ...\n48/92 files checked 40% done\nChecking testsuite-sdc/test_adaptivetime.C ...\n49/92 files checked 41% done\nChecking testsuite-sdc/test_esdirk.C ...\n\u001b[91mtestsuite-sdc/test_esdirk.C:226:47: error: Division by zero. [zerodiv]\n    scalar error1 = std::abs( cos1->f - ref ) / std::abs( ref );\n                                              ^\ntestsuite-sdc/test_esdirk.C:213:25: note: Assignment 'amplitude=0.2', assigned value is 0.2\n    scalar amplitude = 0.2;\n                        ^\ntestsuite-sdc/test_esdirk.C:225:82: note: Assignment 'ref=0.5*amplitude*std::sin(3.14159265358979323846*frequency*endTime)*3.14159265358979323846*frequency', assigned value is 0\n    scalar ref = 0.5 * amplitude * std::sin( M_PI * frequency * endTime ) * M_PI * frequency;\n                                                                                 ^\ntestsuite-sdc/test_esdirk.C:226:47: note: Division by zero\n    scalar error1 = std::abs( cos1->f - ref ) / std::abs( ref );\n                                              ^\ntestsuite-sdc/test_esdirk.C:227:47: error: Division by zero. [zerodiv]\n    scalar error2 = std::abs( cos2->f - ref ) / std::abs( ref );\n                                              ^\ntestsuite-sdc/test_esdirk.C:213:25: note: Assignment 'amplitude=0.2', assigned value is 0.2\n    scalar amplitude = 0.2;\n                        ^\ntestsuite-sdc/test_esdirk.C:225:82: note: Assignment 'ref=0.5*amplitude*std::sin(3.14159265358979323846*frequency*endTime)*3.14159265358979323846*frequency', assigned value is 0\n    scalar ref = 0.5 * amplitude * std::sin( M_PI * frequency * endTime ) * M_PI * frequency;\n                                                                                 ^\ntestsuite-sdc/test_esdirk.C:227:47: note: Division by zero\n    scalar error2 = std::abs( cos2->f - ref ) / std::abs( ref );\n                                              ^\n\u001b[0m\u001b[91mtestsuite-sdc/test_esdirk.C:236:42: error: Division by zero. [zerodiv]\n    error1 = std::abs( cos1->sol - ref ) / std::abs( ref );\n                                         ^\ntestsuite-sdc/test_esdirk.C:213:25: note: Assignment 'amplitude=0.2', assigned value is 0.2\n    scalar amplitude = 0.2;\n                        ^\ntestsuite-sdc/test_esdirk.C:235:21: note: Assignment 'ref=amplitude*(0.5-0.5*std::cos(3.14159265358979323846*frequency*endTime))', assigned value is 0\n    ref = amplitude * ( 0.5 - 0.5 * std::cos( M_PI * frequency * endTime ) );\n                    ^\ntestsuite-sdc/test_esdirk.C:236:42: note: Division by zero\n    error1 = std::abs( cos1->sol - ref ) / std::abs( ref );\n                                         ^\n\u001b[0m\u001b[91mtestsuite-sdc/test_esdirk.C:237:42: error: Division by zero. [zerodiv]\n    error2 = std::abs( cos2->sol - ref ) / std::abs( ref );\n                                         ^\ntestsuite-sdc/test_esdirk.C:213:25: note: Assignment 'amplitude=0.2', assigned value is 0.2\n    scalar amplitude = 0.2;\n                        ^\ntestsuite-sdc/test_esdirk.C:235:21: note: Assignment 'ref=amplitude*(0.5-0.5*std::cos(3.14159265358979323846*frequency*endTime))', assigned value is 0\n    ref = amplitude * ( 0.5 - 0.5 * std::cos( M_PI * frequency * endTime ) );\n                    ^\ntestsuite-sdc/test_esdirk.C:237:42: note: Division by zero\n    error2 = std::abs( cos2->sol - ref ) / std::abs( ref );\n                                         ^\n\u001b[0m50/92 files checked 42% done\nChecking testsuite-sdc/test_gausslobatto.C ...\n51/92 files checked 43% done\nChecking testsuite-sdc/test_gaussradau.C ...\n52/92 files checked 43% done\nChecking testsuite-sdc/test_pies.C ...\n53/92 files checked 44% done\nChecking testsuite-sdc/test_quadrature.C ...\n54/92 files checked 44% done\nChecking testsuite-sdc/test_sdc.C ...\n\u001b[91mtestsuite-sdc/test_sdc.C:378:47: error: Division by zero. [zerodiv]\n    scalar error1 = std::abs( cos1->f - ref ) / std::abs( ref );\n                                              ^\ntestsuite-sdc/test_sdc.C:362:25: note: Assignment 'amplitude=0.2', assigned value is 0.2\n    scalar amplitude = 0.2;\n                        ^\ntestsuite-sdc/test_sdc.C:377:82: note: Assignment 'ref=0.5*amplitude*std::sin(3.14159265358979323846*frequency*endTime)*3.14159265358979323846*frequency', assigned value is 0\n    scalar ref = 0.5 * amplitude * std::sin( M_PI * frequency * endTime ) * M_PI * frequency;\n                                                                                 ^\ntestsuite-sdc/test_sdc.C:378:47: note: Division by zero\n    scalar error1 = std::abs( cos1->f - ref ) / std::abs( ref );\n                                              ^\n\u001b[0m\u001b[91mtestsuite-sdc/test_sdc.C:379:47: error: Division by zero. [zerodiv]\n    scalar error2 = std::abs( cos2->f - ref ) / std::abs( ref );\n                                              ^\ntestsuite-sdc/test_sdc.C:362:25: note: Assignment 'amplitude=0.2', assigned value is 0.2\n    scalar amplitude = 0.2;\n                        ^\ntestsuite-sdc/test_sdc.C:377:82: note: Assignment 'ref=0.5*amplitude*std::sin(3.14159265358979323846*frequency*endTime)*3.14159265358979323846*frequency', assigned value is 0\n    scalar ref = 0.5 * amplitude * std::sin( M_PI * frequency * endTime ) * M_PI * frequency;\n                                                                                 ^\ntestsuite-sdc/test_sdc.C:379:47: note: Division by zero\n    scalar error2 = std::abs( cos2->f - ref ) / std::abs( ref );\n                                              ^\n\u001b[0m\u001b[91mtestsuite-sdc/test_sdc.C:386:42: error: Division by zero. [zerodiv]\n    error1 = std::abs( cos1->sol - ref ) / std::abs( ref );\n                                         ^\ntestsuite-sdc/test_sdc.C:362:25: note: Assignment 'amplitude=0.2', assigned value is 0.2\n    scalar amplitude = 0.2;\n                        ^\ntestsuite-sdc/test_sdc.C:377:82: note: Assignment 'ref=0.5*amplitude*std::sin(3.14159265358979323846*frequency*endTime)*3.14159265358979323846*frequency', assigned value is 0\n    scalar ref = 0.5 * amplitude * std::sin( M_PI * frequency * endTime ) * M_PI * frequency;\n                                                                                 ^\ntestsuite-sdc/test_sdc.C:386:42: note: Division by zero\n    error1 = std::abs( cos1->sol - ref ) / std::abs( ref );\n                                         ^\n\u001b[0m\u001b[91mtestsuite-sdc/test_sdc.C:387:42: error: Division by zero. [zerodiv]\n    error2 = std::abs( cos2->sol - ref ) / std::abs( ref );\n                                         ^\ntestsuite-sdc/test_sdc.C:362:25: note: Assignment 'amplitude=0.2', assigned value is 0.2\n    scalar amplitude = 0.2;\n                        ^\ntestsuite-sdc/test_sdc.C:377:82: note: Assignment 'ref=0.5*amplitude*std::sin(3.14159265358979323846*frequency*endTime)*3.14159265358979323846*frequency', assigned value is 0\n    scalar ref = 0.5 * amplitude * std::sin( M_PI * frequency * endTime ) * M_PI * frequency;\n                                                                                 ^\ntestsuite-sdc/test_sdc.C:387:42: note: Division by zero\n    error2 = std::abs( cos2->sol - ref ) / std::abs( ref );\n                                         ^\n\u001b[0m55/92 files checked 46% done\nChecking testsuite-sdc/test_sdcinterpolation.C ...\n56/92 files checked 47% done\nChecking testsuite-sdc/test_uniform.C ...\n57/92 files checked 48% done\nChecking testsuite-sdc/test_userdefinednodes.C ...\n58/92 files checked 49% done\nChecking testsuite-sdc/tests.C ...\n59/92 files checked 49% done\nChecking testsuite-spacemapping/MonolithicFsiSolver.C ...\n60/92 files checked 50% done\nChecking testsuite-spacemapping/test_aggressivespacemapping.C ...\n61/92 files checked 52% done\nChecking testsuite-spacemapping/test_asmils.C ...\n62/92 files checked 55% done\nChecking testsuite-spacemapping/test_manifoldmapping.C ...\n63/92 files checked 57% done\nChecking testsuite-spacemapping/test_manifoldmappinglinearizedfsisolver.C ...\n64/92 files checked 58% done\nChecking testsuite-spacemapping/test_manifoldmappingsolver.C ...\n65/92 files checked 61% done\nChecking testsuite-spacemapping/test_mliqnilssolver.C ...\n66/92 files checked 64% done\nChecking testsuite-spacemapping/test_multilevelaggressivespacemappingsolver.C ...\n67/92 files checked 66% done\nChecking testsuite-spacemapping/test_multilevelasmils.C ...\n68/92 files checked 68% done\nChecking testsuite-spacemapping/test_multilevelimplicitfsisolver.C ...\n69/92 files checked 69% done\nChecking testsuite-spacemapping/test_multilevelmanifoldmappingsolver.C ...\n70/92 files checked 71% done\nChecking testsuite-spacemapping/test_multilevelmliqnilssolver.C ...\n71/92 files checked 73% done\nChecking testsuite-spacemapping/test_multileveloutputspacemappingsolver.C ...\n72/92 files checked 75% done\nChecking testsuite-spacemapping/test_multilevelsolver.C ...\n73/92 files checked 76% done\nChecking testsuite-spacemapping/test_multilevelspacemapping.C ...\n74/92 files checked 79% done\nChecking testsuite-spacemapping/test_outputspacemapping.C ...\n75/92 files checked 82% done\nChecking testsuite-spacemapping/tests.C ...\n76/92 files checked 82% done\nChecking tubeflow-sdc-bdf-solid/SDCTubeFlowBDFLinearizedSolidSolver.C ...\n77/92 files checked 82% done\nChecking tubeflow-sdc-bdf-solid/SDCTubeFlowFluidSolver.C ...\n78/92 files checked 83% done\nChecking tubeflow-sdc-bdf-solid/tubeflow-sdc-bdf-solid.C ...\n79/92 files checked 84% done\nChecking tubeflow-sdc-rk4-solid/SDCTubeFlowExplicitLinearSolidSolver.C ...\n80/92 files checked 85% done\nChecking tubeflow-sdc-rk4-solid/SDCTubeFlowFluidSolver.C ...\n81/92 files checked 86% done\nChecking tubeflow-sdc-rk4-solid/SDCTubeFlowLinearizedSolidSolver.C ...\n82/92 files checked 86% done\nChecking tubeflow-sdc-rk4-solid/TubeFlowExplicitLinearSolidSolver.C ...\n83/92 files checked 87% done\nChecking tubeflow-sdc-rk4-solid/tubeflow-sdc-rk4-solid.C ...\n84/92 files checked 88% done\nChecking tubeflow-sdc-solid/SDCTubeFlowFluidSolver.C ...\n85/92 files checked 89% done\nChecking tubeflow-sdc-solid/SDCTubeFlowLinearizedSolidSolver.C ...\n86/92 files checked 89% done\nChecking tubeflow-sdc-solid/tubeflow-sdc-solid.C ...\n87/92 files checked 91% done\nChecking tubeflow-sdc/SDCTubeFlowFluidSolver.C ...\n88/92 files checked 92% done\nChecking tubeflow-sdc/SDCTubeFlowSolidSolver.C ...\n89/92 files checked 92% done\nChecking tubeflow-sdc/tubeflow-sdc.C ...\n90/92 files checked 93% done\nChecking tubeflow/tubeflow.C ...\n91/92 files checked 97% done\nChecking tubeflow3/tubeflow3.C ...\n92/92 files checked 100% done\nRemoving intermediate container 1f9ecc3fbef8\n","stderr":"The command '/bin/sh -c cd /pipeline/source/src/tests && cppcheck --error-exitcode=1 --enable=performance,portability .' returned a non-zero code: 1\n"}}