{"repository":"https://github.com/kiswa/taskboard","dockerfilePath":"Dockerfile","startTime":1672922989640,"endTime":1672923148822,"clone":{"startTime":1672922989641,"stdout":"","stderr":"Cloning into '/tmp/dinghy-analysis/kiswa/taskboard'...\n","error":null,"endTime":1672922990887,"commit":"21150fa150cc60d650e771cc98deea4f2e47fead"},"originalBuild":{"startTime":1672922990958,"endTime":1672923148737,"error":{"code":1,"killed":false,"signal":null,"cmd":"docker build --no-cache --force-rm -t taskboard:latest -f /tmp/dinghy-analysis/kiswa/taskboard/Dockerfile ."},"stdout":"Sending build context to Docker daemon  3.403MB\r\r\nStep 1/21 : FROM node:alpine AS appbuild\n ---> f01bef8b5e92\nStep 2/21 : RUN apk add --update --no-cache p7zip\n ---> Running in 3ddca0328835\nfetch https://dl-cdn.alpinelinux.org/alpine/v3.17/main/x86_64/APKINDEX.tar.gz\nfetch https://dl-cdn.alpinelinux.org/alpine/v3.17/community/x86_64/APKINDEX.tar.gz\n(1/1) Installing p7zip (17.04-r3)\nExecuting busybox-1.35.0-r29.trigger\nOK: 20 MiB in 18 packages\nRemoving intermediate container 3ddca0328835\n ---> 662c48b7b2d8\nStep 3/21 : WORKDIR /usr/src/app\n ---> Running in 75440f636355\nRemoving intermediate container 75440f636355\n ---> f204af55358d\nStep 4/21 : COPY ./package.json ./\n ---> 6f92b1a99230\nStep 5/21 : RUN npm install\n ---> Running in 121e16d4c2d8\n\u001b[91mnpm WARN deprecated @npmcli/move-file@1.1.2: This functionality has been moved to @npmcli/fs\n\u001b[0m\u001b[91mnpm WARN deprecated stable@0.1.8: Modern JS already guarantees Array#sort() is a stable sort, so this library is deprecated. See the compatibility table on MDN: https://developer.mozilla.org/en-US/docs/Web/JavaScript/Reference/Global_Objects/Array/sort#browser_compatibility\n\u001b[0m\u001b[91mnpm WARN deprecated querystring@0.2.0: The querystring API is considered Legacy. new code should use the URLSearchParams API instead.\n\u001b[0m\u001b[91mnpm WARN deprecated source-map-url@0.4.1: See https://github.com/lydell/source-map-url#deprecated\n\u001b[0m\u001b[91mnpm WARN deprecated urix@0.1.0: Please see https://github.com/lydell/urix#deprecated\n\u001b[0m\u001b[91mnpm WARN deprecated resolve-url@0.2.1: https://github.com/lydell/resolve-url#deprecated\n\u001b[0m\u001b[91mnpm WARN deprecated har-validator@5.1.5: this library is no longer supported\n\u001b[0m\u001b[91mnpm WARN deprecated source-map-resolve@0.5.3: See https://github.com/lydell/source-map-resolve#deprecated\n\u001b[0m\u001b[91mnpm WARN deprecated\u001b[0m\u001b[91m readdir-scoped-modules@1.1.0: This functionality has been moved to @npmcli/fs\n\u001b[0m\u001b[91mnpm WARN deprecated node-fetch-npm@2.0.4: This module is not used anymore, npm uses minipass-fetch for its fetch implementation now\n\u001b[0m\u001b[91mnpm WARN deprecated request@2.88.2: request has been deprecated, see https://github.com/request/request/issues/3142\n\u001b[0m\u001b[91mnpm WARN deprecated read-package-tree@5.3.1: The functionality that this package provided is now in @npmcli/arborist\n\u001b[0m\u001b[91mnpm WARN deprecated sourcemap-codec@1.4.8: Please use @jridgewell/sourcemap-codec instead\n\u001b[0m\u001b[91mnpm WARN deprecated debug@4.1.1: Debug versions >=3.2.0 <3.2.7 || >=4 <4.3.1 have a low-severity ReDos regression when used in a Node.js environment. It is recommended you upgrade to 3.2.7 or 4.3.1. (https://github.com/visionmedia/debug/issues/797)\n\u001b[0m\u001b[91mnpm WARN deprecated @schematics/update@0.1002.1: This was an internal-only Angular package up through Angular v11 which is no longer used or maintained. Upgrade Angular to v12+ to remove this dependency.\n\u001b[0m\u001b[91mnpm WARN deprecated svgo@1.3.2: This SVGO version is no longer supported. Upgrade to v2.x.x.\n\u001b[0m\u001b[91mnpm WARN deprecated uuid@3.4.0: Please upgrade  to version 7 or higher.  Older versions may use Math.random() in certain circumstances, which is known to be problematic.  See https://v8.dev/blog/math-random for details.\n\u001b[0m\u001b[91mnpm WARN deprecated chokidar@2.1.8: Chokidar 2 does not receive security updates since 2019. Upgrade to chokidar 3 with 15x fewer dependencies\n\u001b[0m\u001b[91mnpm WARN deprecated uuid@3.4.0: Please upgrade  to version 7 or higher.  Older versions may use Math.random() in certain circumstances, which is known to be problematic.  See https://v8.dev/blog/math-random for details.\n\u001b[0m\u001b[91mnpm WARN deprecated uuid@3.4.0: Please upgrade  to version 7 or higher.  Older versions may use Math.random() in certain circumstances, which is known to be problematic.  See https://v8.dev/blog/math-random for details.\n\u001b[0m\u001b[91mnpm WARN deprecated uuid@3.4.0: Please upgrade  to version 7 or higher.  Older versions may use Math.random() in certain circumstances, which is known to be problematic.  See https://v8.dev/blog/math-random for details.\n\u001b[0m\u001b[91mnpm WARN deprecated chokidar@2.1.8: Chokidar 2 does not receive security updates since 2019. Upgrade to chokidar 3 with 15x fewer dependencies\n\u001b[0m\u001b[91mnpm WARN deprecated protractor@7.0.0: We have news to share - Protractor is deprecated and will reach end-of-life by Summer 2023. To learn more and find out about other options please refer to this post on the Angular blog. Thank you for using and contributing to Protractor. https://goo.gle/state-of-e2e-in-angular\n\u001b[0m\u001b[91mnpm WARN deprecated tar@2.2.2: This version of tar is no longer supported, and will not receive security updates. Please upgrade asap.\n\u001b[0m\u001b[91mnpm WARN deprecated puppeteer@5.5.0: < 18.1.0 is no longer supported\n\u001b[0m\u001b[91mnpm WARN deprecated tslint@6.1.3: TSLint has been deprecated in favor of ESLint. Please see https://github.com/palantir/tslint/issues/4534 for more information.\n\u001b[0m\u001b[91mnpm WARN deprecated core-js@3.6.4: core-js@<3.23.3 is no longer maintained and not recommended for usage due to the number of issues. Because of the V8 engine whims, feature detection in old core-js versions could cause a slowdown up to 100x even if nothing is polyfilled. Some versions have web compatibility issues. Please, upgrade your dependencies to the actual version of core-js.\n\u001b[0m\u001b[91mnpm ERR! code 1\n\u001b[0m\u001b[91mnpm ERR! path /usr/src/app/node_modules/node-sass\n\u001b[0m\u001b[91mnpm ERR! command failed\n\u001b[0m\u001b[91mnpm ERR! command sh -c node scripts/build.js\n\u001b[0m\u001b[91mnpm ERR! Building: /usr/local/bin/node /usr/src/app/node_modules/node-gyp/bin/node-gyp.js rebuild --verbose --libsass_ext= --libsass_cflags= --libsass_ldflags= --libsass_library=\n\u001b[0m\u001b[91mnpm ERR! gyp info it worked if it ends with ok\nnpm ERR! gyp verb cli [\nnpm ERR! gyp verb cli   '/usr/local/bin/node',\nnpm ERR!\u001b[0m\u001b[91m gyp verb cli   '/usr/src/app/node_modules/node-gyp/bin/node-gyp.js',\nnpm ERR! gyp verb cli   'rebuild',\nnpm ERR! gyp verb cli   '--verbose',\nnpm ERR!\u001b[0m\u001b[91m gyp verb cli   '--libsass_ext=',\nnpm ERR! gyp verb cli   '--libsass_cflags=',\nnpm ERR!\u001b[0m\u001b[91m gyp verb cli   '--libsass_ldflags=',\nnpm \u001b[0m\u001b[91mERR! gyp verb cli   '--libsass_library='\nnpm\u001b[0m\u001b[91m ERR! gyp verb cli ]\n\u001b[0m\u001b[91mnpm ERR! gyp info using node-gyp@3.8.0\nnpm \u001b[0m\u001b[91mERR! gyp info using node@19.3.0 | linux | x64\nnpm ERR! gyp verb command rebuild []\nnpm ERR! gyp verb command clean []\nnpm ERR!\u001b[0m\u001b[91m gyp verb clean removing \"build\" directory\nnpm \u001b[0m\u001b[91mERR! gyp verb command configure []\nnpm\u001b[0m\u001b[91m ERR! gyp verb check python checking for Python executable \"python2\" in the PATH\n\u001b[0m\u001b[91mnpm ERR! gyp verb `which` failed Error: not found: python2\nnpm ERR! gyp verb `which` failed     at getNotFoundError (/usr/src/app/node_modules/which/which.js:13:12)\n\u001b[0m\u001b[91mnpm ERR! gyp verb `which` failed     at F (/usr/src/app/node_modules/which/which.js:68:19)\nnpm ERR! gyp verb `which` failed     at E (/usr/src/app/node_modules/which/which.js:80:29)\nnpm \u001b[0m\u001b[91mERR! gyp verb `which` failed     at /usr/src/app/node_modules/which/which.js:89:16\nnpm ERR! gyp verb `which` failed     at /usr/src/app/node_modules/isexe/index.js:42:5\nnpm\u001b[0m\u001b[91m ERR!\u001b[0m\u001b[91m gyp verb `which` failed     at /usr/src/app/node_modules/isexe/mode.js:8:5\nnpm ERR!\u001b[0m\u001b[91m gyp verb `which` failed     at FSReqCallback.oncomplete (node:fs:190:21)\nnpm ERR! gyp verb `which` failed  python2 Error: not found: python2\nnpm \u001b[0m\u001b[91mERR! gyp verb `which` failed     at getNotFoundError (/usr/src/app/node_modules/which/which.js:13:12)\n\u001b[0m\u001b[91mnpm ERR!\u001b[0m\u001b[91m gyp verb `which` failed     at F (/usr/src/app/node_modules/which/which.js:68:19)\nnpm ERR! gyp verb `which` failed     at E (/usr/src/app/node_modules/which/which.js:80:29)\nnpm ERR!\u001b[0m\u001b[91m gyp verb `which` failed     at /usr/src/app/node_modules/which/which.js:89:16\nnpm ERR! gyp verb `which` failed     at /usr/src/app/node_modules/isexe/index.js:42:5\nnpm ERR!\u001b[0m\u001b[91m gyp verb `which` failed     at /usr/src/app/node_modules/isexe/mode.js:8:5\nnpm ERR! gyp verb `which` failed     at FSReqCallback.oncomplete (node:fs:190:21) {\nnpm\u001b[0m\u001b[91m ERR! gyp verb `which` failed   code: 'ENOENT'\nnpm ERR! gyp verb `which` failed }\nnpm \u001b[0m\u001b[91mERR! gyp verb check python checking for Python executable \"python\" in the PATH\nnpm ERR! gyp verb `which` failed Error: not found: python\nnpm \u001b[0m\u001b[91mERR! gyp verb `which` failed     at getNotFoundError (/usr/src/app/node_modules/which/which.js:13:12)\nnpm ERR! gyp verb `which` failed     at F (/usr/src/app/node_modules/which/which.js:68:19)\nnpm ERR! gyp verb `which` failed     at E (/usr/src/app/node_modules/which/which.js:80:29)\nnpm ERR! gyp verb `which` failed     at /usr/src/app/node_modules/which/which.js:89:16\nnpm ERR! gyp verb `which` failed     at /usr/src/app/node_modules/isexe/index.js:42:5\nnpm ERR! gyp verb `which` failed     at /usr/src/app/node_modules/isexe/mode.js:8:5\nnpm ERR! gyp verb `which` failed     at FSReqCallback.oncomplete (node:fs:190:21)\nnpm ERR!\u001b[0m\u001b[91m gyp verb `which` failed  python Error: not found: python\nnpm ERR! gyp verb `which` failed     at getNotFoundError (/usr/src/app/node_modules/which/which.js:13:12)\nnpm \u001b[0m\u001b[91mERR! gyp verb `which` failed     at F (/usr/src/app/node_modules/which/which.js:68:19)\nnpm ERR! gyp verb `which` failed     at E (/usr/src/app/node_modules/which/which.js:80:29)\nnpm ERR!\u001b[0m\u001b[91m gyp verb `which` failed     at /usr/src/app/node_modules/which/which.js:89:16\nnpm ERR!\u001b[0m\u001b[91m gyp verb `which` failed     at /usr/src/app/node_modules/isexe/index.js:42:5\nnpm \u001b[0m\u001b[91mERR! gyp verb `which` failed     at /usr/src/app/node_modules/isexe/mode.js:8:5\nnpm ERR! gyp verb `which` failed     at FSReqCallback.oncomplete (node:fs:190:21) {\n\u001b[0m\u001b[91mnpm ERR! gyp verb `which` failed   code: 'ENOENT'\nnpm ERR!\u001b[0m\u001b[91m gyp verb `which` failed }\nnpm ERR! gyp ERR! configure error \nnpm\u001b[0m\u001b[91m ERR! gyp ERR! stack Error: Can't find Python executable \"python\", you can set the PYTHON env variable.\nnpm ERR!\u001b[0m\u001b[91m gyp ERR! stack     at PythonFinder.failNoPython (/usr/src/app/node_modules/node-gyp/lib/configure.js:484:19)\nnpm\u001b[0m\u001b[91m ERR! gyp ERR! stack     at PythonFinder.<anonymous> (/usr/src/app/node_modules/node-gyp/lib/configure.js:406:16)\nnpm \u001b[0m\u001b[91mERR! gyp ERR! stack     at F (/usr/src/app/node_modules/which/which.js:68:16)\nnpm ERR!\u001b[0m\u001b[91m gyp ERR! stack     at E (/usr/src/app/node_modules/which/which.js:80:29)\nnpm \u001b[0m\u001b[91mERR! gyp ERR! stack     at /usr/src/app/node_modules/which/which.js:89:16\nnpm ERR! gyp ERR! stack     at /usr/src/app/node_modules/isexe/index.js:42:5\n\u001b[0m\u001b[91mnpm ERR! gyp ERR! stack     at /usr/src/app/node_modules/isexe/mode.js:8:5\nnpm ERR!\u001b[0m\u001b[91m gyp ERR! stack     at FSReqCallback.oncomplete (node:fs:190:21)\nnpm ERR! gyp ERR! System Linux 5.4.0-113-generic\nnpm ERR! gyp ERR! command \"/usr/local/bin/node\" \"/usr/src/app/node_modules/node-gyp/bin/node-gyp.js\" \"rebuild\" \"--verbose\" \"--libsass_ext=\" \"--libsass_cflags=\" \"--libsass_ldflags=\" \"--libsass_library=\"\nnpm ERR! gyp ERR! cwd /usr/src/app/node_modules/node-sass\nnpm \u001b[0m\u001b[91mERR! gyp ERR! node -v v19.3.0\nnpm ERR! gyp ERR! node-gyp -v v3.8.0\nnpm ERR! gyp ERR! not ok \nnpm ERR!\u001b[0m\u001b[91m Build failed with error code: 1\n\u001b[0m\u001b[91m\n\u001b[0m\u001b[91mnpm ERR! A complete log of this run can be found in:\nnpm ERR!     /root/.npm/_logs/2023-01-05T12_50_32_359Z-debug-0.log\n\u001b[0mRemoving intermediate container 121e16d4c2d8\n","stderr":"The command '/bin/sh -c npm install' returned a non-zero code: 1\n"}}