{"repository":"https://github.com/niqdev/packtpub-crawler","dockerfilePath":"Dockerfile","startTime":1672851198134,"endTime":1672851277063,"clone":{"startTime":1672851198134,"stdout":"","stderr":"Cloning into '/tmp/dinghy-analysis/niqdev/packtpub-crawler'...\n","error":null,"endTime":1672851198866,"commit":"f8066e273a8ec5e052affc66c5af8b8e8e328414"},"originalBuild":{"startTime":1672851198953,"endTime":1672851276942,"error":{"code":1,"killed":false,"signal":null,"cmd":"docker build --no-cache --force-rm -t packtpub-crawler:latest -f /tmp/dinghy-analysis/niqdev/packtpub-crawler/Dockerfile ."},"stdout":"Sending build context to Docker daemon  217.6kB\r\r\nStep 1/7 : FROM python:2.7\n2.7: Pulling from library/python\n7e2b2a5af8f6: Pulling fs layer\n09b6f03ffac4: Pulling fs layer\ndc3f0c679f0f: Pulling fs layer\nfd4b47407fc3: Pulling fs layer\nb32f6bf7d96d: Pulling fs layer\n6f4489a7e4cf: Pulling fs layer\naf4b99ad9ef0: Pulling fs layer\n39db0bc48c26: Pulling fs layer\nacb4a89489fc: Pulling fs layer\nfd4b47407fc3: Waiting\nb32f6bf7d96d: Waiting\n6f4489a7e4cf: Waiting\naf4b99ad9ef0: Waiting\nacb4a89489fc: Waiting\n09b6f03ffac4: Verifying Checksum\n09b6f03ffac4: Download complete\ndc3f0c679f0f: Verifying Checksum\ndc3f0c679f0f: Download complete\n7e2b2a5af8f6: Verifying Checksum\n7e2b2a5af8f6: Download complete\n6f4489a7e4cf: Verifying Checksum\n6f4489a7e4cf: Download complete\nfd4b47407fc3: Verifying Checksum\nfd4b47407fc3: Download complete\n39db0bc48c26: Download complete\naf4b99ad9ef0: Verifying Checksum\naf4b99ad9ef0: Download complete\nacb4a89489fc: Verifying Checksum\nacb4a89489fc: Download complete\nb32f6bf7d96d: Verifying Checksum\nb32f6bf7d96d: Download complete\n7e2b2a5af8f6: Pull complete\n09b6f03ffac4: Pull complete\ndc3f0c679f0f: Pull complete\nfd4b47407fc3: Pull complete\nb32f6bf7d96d: Pull complete\n6f4489a7e4cf: Pull complete\naf4b99ad9ef0: Pull complete\n39db0bc48c26: Pull complete\nacb4a89489fc: Pull complete\nDigest: sha256:cfa62318c459b1fde9e0841c619906d15ada5910d625176e24bf692cf8a2601d\nStatus: Downloaded newer image for python:2.7\n ---> 68e7be49c28c\nStep 2/7 : WORKDIR /packtpub-crawler\n ---> Running in ef72915f997d\nRemoving intermediate container ef72915f997d\n ---> cd29d101a79c\nStep 3/7 : COPY script script\n ---> 0e5a50612aa9\nStep 4/7 : COPY config config\n ---> cc9a5f15de02\nStep 5/7 : COPY requirements.txt requirements.txt\n ---> 2e4378c08898\nStep 6/7 : RUN pip install -r requirements.txt\n ---> Running in 75ee9cdd425c\n\u001b[91mDEPRECATION: Python 2.7 reached the end of its life on January 1st, 2020. Please upgrade your Python as Python 2.7 is no longer maintained. A future version of pip will drop support for Python 2.7. More details about Python 2 support in pip, can be found at https://pip.pypa.io/en/latest/development/release-process/#python-2-support\n\u001b[0mCollecting APScheduler==3.1.0\n  Downloading APScheduler-3.1.0-py2.py3-none-any.whl (155 kB)\nCollecting beautifulsoup4==4.4.1\n  Downloading beautifulsoup4-4.4.1-py2-none-any.whl (81 kB)\nCollecting clint==0.5.1\n  Downloading clint-0.5.1.tar.gz (29 kB)\nCollecting google-api-python-client==1.3.2\n  Downloading google-api-python-client-1.3.2.tar.gz (40 kB)\nCollecting html5lib==0.9999999\n  Downloading html5lib-0.9999999.tar.gz (889 kB)\nCollecting oauth2client==1.4.11\n  Downloading oauth2client-1.4.11.tar.gz (49 kB)\nCollecting python-magic==0.4.11\n  Downloading python-magic-0.4.11.tar.gz (6.4 kB)\nCollecting requests==2.10.0\n  Downloading requests-2.10.0-py2.py3-none-any.whl (506 kB)\nCollecting termcolor==1.1.0\n  Downloading termcolor-1.1.0.tar.gz (3.9 kB)\nCollecting urllib3==1.15.1\n  Downloading urllib3-1.15.1-py2.py3-none-any.whl (92 kB)\nCollecting python-firebase==1.2\n  Downloading python-firebase-1.2.tar.gz (10 kB)\nCollecting paramiko==2.0.2\n  Downloading paramiko-2.0.2-py2.py3-none-any.whl (171 kB)\nCollecting cryptography==1.6\n  Downloading cryptography-1.6.tar.gz (410 kB)\nCollecting scp==0.10.2\n  Downloading scp-0.10.2-py2.py3-none-any.whl (7.1 kB)\nCollecting onedrivesdk==1.1.8\n  Downloading onedrivesdk-1.1.8.zip (203 kB)\nCollecting python-pushover==0.3\n  Downloading python-pushover-0.3.tar.gz (19 kB)\nRequirement already satisfied: setuptools>=0.7 in /usr/local/lib/python2.7/site-packages (from APScheduler==3.1.0->-r requirements.txt (line 1)) (44.1.0)\nCollecting tzlocal>=1.2\n  Downloading tzlocal-2.1-py2.py3-none-any.whl (16 kB)\nCollecting pytz\n  Downloading pytz-2022.7-py2.py3-none-any.whl (499 kB)\nCollecting futures; python_version == \"2.7\"\n  Downloading futures-3.4.0-py2-none-any.whl (16 kB)\nRequirement already satisfied: six>=1.4.0 in /usr/local/lib/python2.7/site-packages (from APScheduler==3.1.0->-r requirements.txt (line 1)) (1.14.0)\nCollecting funcsigs; python_version == \"2.7\"\n  Downloading funcsigs-1.0.2-py2.py3-none-any.whl (17 kB)\nCollecting args\n  Downloading args-0.1.0.tar.gz (3.0 kB)\nCollecting httplib2>=0.8\n  Downloading httplib2-0.21.0.tar.gz (350 kB)\n  Installing build dependencies: started\n  Installing build dependencies: finished with status 'done'\n  Getting requirements to build wheel: started\n  Getting requirements to build wheel: finished with status 'done'\n    Preparing wheel metadata: started\n    Preparing wheel metadata: finished with status 'done'\nCollecting uritemplate>=0.6\n  Downloading uritemplate-3.0.1-py2.py3-none-any.whl (15 kB)\nCollecting pyasn1==0.1.7\n  Downloading pyasn1-0.1.7.tar.gz (68 kB)\nCollecting pyasn1_modules==0.0.5\n  Downloading pyasn1-modules-0.0.5.tar.gz (38 kB)\nCollecting rsa==3.1.4\n  Downloading rsa-3.1.4.tar.gz (36 kB)\nCollecting idna>=2.0\n  Downloading idna-2.10-py2.py3-none-any.whl (58 kB)\nCollecting enum34\n  Downloading enum34-1.1.10-py2-none-any.whl (11 kB)\nCollecting ipaddress\n  Downloading ipaddress-1.0.23-py2.py3-none-any.whl (18 kB)\nCollecting cffi>=1.4.1\n  Downloading cffi-1.15.1-cp27-cp27mu-manylinux1_x86_64.whl (390 kB)\nCollecting pyparsing<3,>=2.4.2; python_version < \"3.0\"\n  Downloading pyparsing-2.4.7-py2.py3-none-any.whl (67 kB)\nCollecting pycparser\n  Downloading pycparser-2.21-py2.py3-none-any.whl (118 kB)\nBuilding wheels for collected packages: clint, google-api-python-client, html5lib, oauth2client, python-magic, termcolor, python-firebase, cryptography, onedrivesdk, python-pushover, args, httplib2, pyasn1, pyasn1-modules, rsa\n  Building wheel for clint (setup.py): started\n  Building wheel for clint (setup.py): finished with status 'done'\n  Created wheel for clint: filename=clint-0.5.1-py2-none-any.whl size=34448 sha256=599912f54d0510070df842b54b2b4dd78b028c9cfe9d5eafca414f24f0374e93\n  Stored in directory: /root/.cache/pip/wheels/b5/c6/aa/65a51110e366998a766d335e2b73a25344758cc7355c206680\n  Building wheel for google-api-python-client (setup.py): started\n  Building wheel for google-api-python-client (setup.py): finished with status 'done'\n  Created wheel for google-api-python-client: filename=google_api_python_client-1.3.2-py2-none-any.whl size=42596 sha256=c139865e0ddec106f3b9adb7cc49f4f275834b87873c5a262206d2570b3ce733\n  Stored in directory: /root/.cache/pip/wheels/88/2f/d7/33088e28c5ff3fbe110455a385c24fce9b0700cf3ccad50476\n  Building wheel for html5lib (setup.py): started\n  Building wheel for html5lib (setup.py): finished with status 'done'\n  Created wheel for html5lib: filename=html5lib-0.9999999-py2-none-any.whl size=107220 sha256=d84e05b9d30fdc1df547199f439a400b769f3343cc9883fc73ce4bc2f2e5ff4a\n  Stored in directory: /root/.cache/pip/wheels/57/cc/a0/fbe3b508c937e8b5c85d75423be716e7f0c0413676db93b334\n  Building wheel for oauth2client (setup.py): started\n  Building wheel for oauth2client (setup.py): finished with status 'done'\n  Created wheel for oauth2client: filename=oauth2client-1.4.11-py2-none-any.whl size=61369 sha256=03d5685c802de25754b32049a197c112c9e47cd7d67b2a850e3ca1e4d85fd7f8\n  Stored in directory: /root/.cache/pip/wheels/b3/9e/eb/6f20a56e38976582f84601dbd427e3f266b611711228fcf4f7\n  Building wheel for python-magic (setup.py): started\n  Building wheel for python-magic (setup.py): finished with status 'done'\n  Created wheel for python-magic: filename=python_magic-0.4.11-py2-none-any.whl size=4231 sha256=93462f919b0dfc29c2140c255409818acdee6262971fb85150adcb0fb7a333e2\n  Stored in directory: /root/.cache/pip/wheels/5f/3a/77/656381e76c76c20ac0a9a5eec1a7bb699e515f56441f45f12c\n  Building wheel for termcolor (setup.py): started\n  Building wheel for termcolor (setup.py): finished with status 'done'\n  Created wheel for termcolor: filename=termcolor-1.1.0-py2-none-any.whl size=4831 sha256=b4bedf8e0f6174e4e758cb42e4759d2b611c3defebd852eefc29308405075b85\n  Stored in directory: /root/.cache/pip/wheels/48/54/87/2f4d1a48c87e43906477a3c93d9663c49ca092046d5a4b00b4\n  Building wheel for python-firebase (setup.py): started\n  Building wheel for python-firebase (setup.py): finished with status 'done'\n  Created wheel for python-firebase: filename=python_firebase-1.2-py2-none-any.whl size=11531 sha256=e2010a31eed5daf9f25128e8e611a0e00d56bdef0240a6edb604a386fb389122\n  Stored in directory: /root/.cache/pip/wheels/cf/fb/98/3c22eb0697b446f01233734e1931b68cfe13c34873d3c5daa1\n  Building wheel for cryptography (setup.py): started\n  Building wheel for cryptography (setup.py): finished with status 'error'\n\u001b[91m  ERROR: Command errored out with exit status 1:\n   command: /usr/local/bin/python -u -c 'import sys, setuptools, tokenize; sys.argv[0] = '\"'\"'/tmp/pip-install-skCCDD/cryptography/setup.py'\"'\"'; __file__='\"'\"'/tmp/pip-install-skCCDD/cryptography/setup.py'\"'\"';f=getattr(tokenize, '\"'\"'open'\"'\"', open)(__file__);code=f.read().replace('\"'\"'\\r\\n'\"'\"', '\"'\"'\\n'\"'\"');f.close();exec(compile(code, __file__, '\"'\"'exec'\"'\"'))' bdist_wheel -d /tmp/pip-wheel-sFfU1v\n       cwd: /tmp/pip-install-skCCDD/cryptography/\n  Complete output (525 lines):\n  DEPRECATION: Python 2.7 reached the end of its life on January 1st, 2020. Please upgrade your Python as Python 2.7 is no longer maintained. A future version of pip will drop support for Python 2.7. More details about Python 2 support in pip, can be found at https://pip.pypa.io/en/latest/development/release-process/#python-2-support\n  DEPRECATION: Python 2.7 reached the end of its life on January 1st, 2020. Please upgrade your Python as Python 2.7 is no longer maintained. A future version of pip will drop support for Python 2.7. More details about Python 2 support in pip, can be found at https://pip.pypa.io/en/latest/development/release-process/#python-2-support\n  running bdist_wheel\n  running build\n  running build_py\n  creating build\n  creating build/lib.linux-x86_64-2.7\n  creating build/lib.linux-x86_64-2.7/cryptography\n  copying src/cryptography/__init__.py -> build/lib.linux-x86_64-2.7/cryptography\n  copying src/cryptography/exceptions.py -> build/lib.linux-x86_64-2.7/cryptography\n  copying src/cryptography/fernet.py -> build/lib.linux-x86_64-2.7/cryptography\n  copying src/cryptography/__about__.py -> build/lib.linux-x86_64-2.7/cryptography\n  copying src/cryptography/utils.py -> build/lib.linux-x86_64-2.7/cryptography\n  creating build/lib.linux-x86_64-2.7/cryptography/x509\n  copying src/cryptography/x509/__init__.py -> build/lib.linux-x86_64-2.7/cryptography/x509\n  copying src/cryptography/x509/base.py -> build/lib.linux-x86_64-2.7/cryptography/x509\n  copying src/cryptography/x509/name.py -> build/lib.linux-x86_64-2.7/cryptography/x509\n  copying src/cryptography/x509/oid.py -> build/lib.linux-x86_64-2.7/cryptography/x509\n  copying src/cryptography/x509/general_name.py -> build/lib.linux-x86_64-2.7/cryptography/x509\n  copying src/cryptography/x509/extensions.py -> build/lib.linux-x86_64-2.7/cryptography/x509\n  creating build/lib.linux-x86_64-2.7/cryptography/hazmat\n  copying src/cryptography/hazmat/__init__.py -> build/lib.linux-x86_64-2.7/cryptography/hazmat\n  creating build/lib.linux-x86_64-2.7/cryptography/hazmat/primitives\n  copying src/cryptography/hazmat/primitives/__init__.py -> build/lib.linux-x86_64-2.7/cryptography/hazmat/primitives\n  copying src/cryptography/hazmat/primitives/keywrap.py -> build/lib.linux-x86_64-2.7/cryptography/hazmat/primitives\n  copying src/cryptography/hazmat/primitives/padding.py -> build/lib.linux-x86_64-2.7/cryptography/hazmat/primitives\n  copying src/cryptography/hazmat/primitives/cmac.py -> build/lib.linux-x86_64-2.7/cryptography/hazmat/primitives\n  copying src/cryptography/hazmat/primitives/hashes.py -> build/lib.linux-x86_64-2.7/cryptography/hazmat/primitives\n  copying src/cryptography/hazmat/primitives/hmac.py -> build/lib.linux-x86_64-2.7/cryptography/hazmat/primitives\n  copying src/cryptography/hazmat/primitives/constant_time.py -> build/lib.linux-x86_64-2.7/cryptography/hazmat/primitives\n  copying src/cryptography/hazmat/primitives/serialization.py -> build/lib.linux-x86_64-2.7/cryptography/hazmat/primitives\n  creating build/lib.linux-x86_64-2.7/cryptography/hazmat/bindings\n  copying src/cryptography/hazmat/bindings/__init__.py -> build/lib.linux-x86_64-2.7/cryptography/hazmat/bindings\n  creating build/lib.linux-x86_64-2.7/cryptography/hazmat/backends\n  copying src/cryptography/hazmat/backends/__init__.py -> build/lib.linux-x86_64-2.7/cryptography/hazmat/backends\n  copying src/cryptography/hazmat/backends/interfaces.py -> build/lib.linux-x86_64-2.7/cryptography/hazmat/backends\n  copying src/cryptography/hazmat/backends/multibackend.py -> build/lib.linux-x86_64-2.7/cryptography/hazmat/backends\n  creating build/lib.linux-x86_64-2.7/cryptography/hazmat/primitives/interfaces\n  copying src/cryptography/hazmat/primitives/interfaces/__init__.py -> build/lib.linux-x86_64-2.7/cryptography/hazmat/primitives/interfaces\n  creating build/lib.linux-x86_64-2.7/cryptography/hazmat/primitives/ciphers\n  copying src/cryptography/hazmat/primitives/ciphers/__init__.py -> build/lib.linux-x86_64-2.7/cryptography/hazmat/primitives/ciphers\n  copying src/cryptography/hazmat/primitives/ciphers/base.py -> build/lib.linux-x86_64-2.7/cryptography/hazmat/primitives/ciphers\n  copying src/cryptography/hazmat/primitives/ciphers/algorithms.py -> build/lib.linux-x86_64-2.7/cryptography/hazmat/primitives/ciphers\n  copying src/cryptography/hazmat/primitives/ciphers/modes.py -> build/lib.linux-x86_64-2.7/cryptography/hazmat/primitives/ciphers\n  creating build/lib.linux-x86_64-2.7/cryptography/hazmat/primitives/kdf\n  copying src/cryptography/hazmat/primitives/kdf/__init__.py -> build/lib.linux-x86_64-2.7/cryptography/hazmat/primitives/kdf\n  copying src/cryptography/hazmat/primitives/kdf/concatkdf.py -> build/lib.linux-x86_64-2.7/cryptography/hazmat/primitives/kdf\n  copying src/cryptography/hazmat/primitives/kdf/x963kdf.py -> build/lib.linux-x86_64-2.7/cryptography/hazmat/primitives/kdf\n  copying src/cryptography/hazmat/primitives/kdf/kbkdf.py -> build/lib.linux-x86_64-2.7/cryptography/hazmat/primitives/kdf\n  copying src/cryptography/hazmat/primitives/kdf/scrypt.py -> build/lib.linux-x86_64-2.7/cryptography/hazmat/primitives/kdf\n  copying src/cryptography/hazmat/primitives/kdf/hkdf.py -> build/lib.linux-x86_64-2.7/cryptography/hazmat/primitives/kdf\n  copying src/cryptography/hazmat/primitives/kdf/pbkdf2.py -> build/lib.linux-x86_64-2.7/cryptography/hazmat/primitives/kdf\n  creating build/lib.linux-x86_64-2.7/cryptography/hazmat/primitives/asymmetric\n  copying src/cryptography/hazmat/primitives/asymmetric/__init__.py -> build/lib.linux-x86_64-2.7/cryptography/hazmat/primitives/asymmetric\n  copying src/cryptography/hazmat/primitives/asymmetric/dh.py -> build/lib.linux-x86_64-2.7/cryptography/hazmat/primitives/asymmetric\n  copying src/cryptography/hazmat/primitives/asymmetric/ec.py -> build/lib.linux-x86_64-2.7/cryptography/hazmat/primitives/asymmetric\n  copying src/cryptography/hazmat/primitives/asymmetric/padding.py -> build/lib.linux-x86_64-2.7/cryptography/hazmat/primitives/asymmetric\n  copying src/cryptography/hazmat/primitives/asymmetric/rsa.py -> build/lib.linux-x86_64-2.7/cryptography/hazmat/primitives/asymmetric\n  copying src/cryptography/hazmat/primitives/asymmetric/dsa.py -> build/lib.linux-x86_64-2.7/cryptography/hazmat/primitives/asymmetric\n  copying src/cryptography/hazmat/primitives/asymmetric/utils.py -> build/lib.linux-x86_64-2.7/cryptography/hazmat/primitives/asymmetric\n  creating build/lib.linux-x86_64-2.7/cryptography/hazmat/primitives/twofactor\n  copying src/cryptography/hazmat/primitives/twofactor/__init__.py -> build/lib.linux-x86_64-2.7/cryptography/hazmat/primitives/twofactor\n  copying src/cryptography/hazmat/primitives/twofactor/totp.py -> build/lib.linux-x86_64-2.7/cryptography/hazmat/primitives/twofactor\n  copying src/cryptography/hazmat/primitives/twofactor/hotp.py -> build/lib.linux-x86_64-2.7/cryptography/hazmat/primitives/twofactor\n  copying src/cryptography/hazmat/primitives/twofactor/utils.py -> build/lib.linux-x86_64-2.7/cryptography/hazmat/primitives/twofactor\n  creating build/lib.linux-x86_64-2.7/cryptography/hazmat/bindings/openssl\n  copying src/cryptography/hazmat/bindings/openssl/__init__.py -> build/lib.linux-x86_64-2.7/cryptography/hazmat/bindings/openssl\n  copying src/cryptography/hazmat/bindings/openssl/binding.py -> build/lib.linux-x86_64-2.7/cryptography/hazmat/bindings/openssl\n  copying src/cryptography/hazmat/bindings/openssl/_conditional.py -> build/lib.linux-x86_64-2.7/cryptography/hazmat/bindings/openssl\n  creating build/lib.linux-x86_64-2.7/cryptography/hazmat/bindings/commoncrypto\n  copying src/cryptography/hazmat/bindings/commoncrypto/__init__.py -> build/lib.linux-x86_64-2.7/cryptography/hazmat/bindings/commoncrypto\n  copying src/cryptography/hazmat/bindings/commoncrypto/binding.py -> build/lib.linux-x86_64-2.7/cryptography/hazmat/bindings/commoncrypto\n  creating build/lib.linux-x86_64-2.7/cryptography/hazmat/backends/openssl\n  copying src/cryptography/hazmat/backends/openssl/__init__.py -> build/lib.linux-x86_64-2.7/cryptography/hazmat/backends/openssl\n  copying src/cryptography/hazmat/backends/openssl/ec.py -> build/lib.linux-x86_64-2.7/cryptography/hazmat/backends/openssl\n  copying src/cryptography/hazmat/backends/openssl/ciphers.py -> build/lib.linux-x86_64-2.7/cryptography/hazmat/backends/openssl\n  copying src/cryptography/hazmat/backends/openssl/x509.py -> build/lib.linux-x86_64-2.7/cryptography/hazmat/backends/openssl\n  copying src/cryptography/hazmat/backends/openssl/rsa.py -> build/lib.linux-x86_64-2.7/cryptography/hazmat/backends/openssl\n  copying src/cryptography/hazmat/backends/openssl/backend.py -> build/lib.linux-x86_64-2.7/cryptography/hazmat/backends/openssl\n  copying src/cryptography/hazmat/backends/openssl/cmac.py -> build/lib.linux-x86_64-2.7/cryptography/hazmat/backends/openssl\n  copying src/cryptography/hazmat/backends/openssl/encode_asn1.py -> build/lib.linux-x86_64-2.7/cryptography/hazmat/backends/openssl\n  copying src/cryptography/hazmat/backends/openssl/dsa.py -> build/lib.linux-x86_64-2.7/cryptography/hazmat/backends/openssl\n  copying src/cryptography/hazmat/backends/openssl/hashes.py -> build/lib.linux-x86_64-2.7/cryptography/hazmat/backends/openssl\n  copying src/cryptography/hazmat/backends/openssl/hmac.py -> build/lib.linux-x86_64-2.7/cryptography/hazmat/backends/openssl\n  copying src/cryptography/hazmat/backends/openssl/utils.py -> build/lib.linux-x86_64-2.7/cryptography/hazmat/backends/openssl\n  copying src/cryptography/hazmat/backends/openssl/decode_asn1.py -> build/lib.linux-x86_64-2.7/cryptography/hazmat/backends/openssl\n  creating build/lib.linux-x86_64-2.7/cryptography/hazmat/backends/commoncrypto\n  copying src/cryptography/hazmat/backends/commoncrypto/__init__.py -> build/lib.linux-x86_64-2.7/cryptography/hazmat/backends/commoncrypto\n  copying src/cryptography/hazmat/backends/commoncrypto/ciphers.py -> build/lib.linux-x86_64-2.7/cryptography/hazmat/backends/commoncrypto\n  copying src/cryptography/hazmat/backends/commoncrypto/backend.py -> build/lib.linux-x86_64-2.7/cryptography/hazmat/backends/commoncrypto\n  copying src/cryptography/hazmat/backends/commoncrypto/hashes.py -> build/lib.linux-x86_64-2.7/cryptography/hazmat/backends/commoncrypto\n  copying src/cryptography/hazmat/backends/commoncrypto/hmac.py -> build/lib.linux-x86_64-2.7/cryptography/hazmat/backends/commoncrypto\n  running egg_info\n  writing requirements to src/cryptography.egg-info/requires.txt\n  writing src/cryptography.egg-info/PKG-INFO\n  writing top-level names to src/cryptography.egg-info/top_level.txt\n  writing dependency_links to src/cryptography.egg-info/dependency_links.txt\n  writing entry points to src/cryptography.egg-info/entry_points.txt\n  reading manifest file 'src/cryptography.egg-info/SOURCES.txt'\n  reading manifest template 'MANIFEST.in'\n  no previously-included directories found matching 'docs/_build'\n  warning: no previously-included files matching '*' found under directory 'vectors'\n  writing manifest file 'src/cryptography.egg-info/SOURCES.txt'\n  running build_ext\n  generating cffi module 'build/temp.linux-x86_64-2.7/_padding.c'\n  creating build/temp.linux-x86_64-2.7\n  generating cffi module 'build/temp.linux-x86_64-2.7/_constant_time.c'\n  generating cffi module 'build/temp.linux-x86_64-2.7/_openssl.c'\n  building '_openssl' extension\n  creating build/temp.linux-x86_64-2.7/build\n  creating build/temp.linux-x86_64-2.7/build/temp.linux-x86_64-2.7\n  gcc -pthread -fno-strict-aliasing -g -O2 -DNDEBUG -g -fwrapv -O3 -Wall -Wstrict-prototypes -fPIC -I/usr/local/include/python2.7 -c build/temp.linux-x86_64-2.7/_openssl.c -o build/temp.linux-x86_64-2.7/build/temp.linux-x86_64-2.7/_openssl.o\n  build/temp.linux-x86_64-2.7/_openssl.c:801:23: error: conflicting types for ‘ASN1_TIME_to_generalizedtime’\n   ASN1_GENERALIZEDTIME *ASN1_TIME_to_generalizedtime(ASN1_TIME *,\n                         ^~~~~~~~~~~~~~~~~~~~~~~~~~~~\n  In file included from build/temp.linux-x86_64-2.7/_openssl.c:606:\n  /usr/include/openssl/asn1.h:630:23: note: previous declaration of ‘ASN1_TIME_to_generalizedtime’ was here\n   ASN1_GENERALIZEDTIME *ASN1_TIME_to_generalizedtime(const ASN1_TIME *t,\n                         ^~~~~~~~~~~~~~~~~~~~~~~~~~~~\n  build/temp.linux-x86_64-2.7/_openssl.c:895:6: error: conflicting types for ‘BIO_callback_ctrl’\n   long BIO_callback_ctrl(\n        ^~~~~~~~~~~~~~~~~\n  In file included from /usr/include/openssl/asn1.h:16,\n                   from build/temp.linux-x86_64-2.7/_openssl.c:606:\n  /usr/include/openssl/bio.h:566:6: note: previous declaration of ‘BIO_callback_ctrl’ was here\n   long BIO_callback_ctrl(BIO *b, int cmd, BIO_info_cb *fp);\n        ^~~~~~~~~~~~~~~~~\n  build/temp.linux-x86_64-2.7/_openssl.c:1114:5: error: conflicting types for ‘EVP_PKEY_size’\n   int EVP_PKEY_size(EVP_PKEY *);\n       ^~~~~~~~~~~~~\n  In file included from /usr/include/openssl/cmac.h:19,\n                   from build/temp.linux-x86_64-2.7/_openssl.c:616:\n  /usr/include/openssl/evp.h:996:5: note: previous declaration of ‘EVP_PKEY_size’ was here\n   int EVP_PKEY_size(const EVP_PKEY *pkey);\n       ^~~~~~~~~~~~~\n  build/temp.linux-x86_64-2.7/_openssl.c:1411:5: error: conflicting types for ‘SSL_renegotiate_pending’\n   int SSL_renegotiate_pending(SSL *);\n       ^~~~~~~~~~~~~~~~~~~~~~~\n  In file included from build/temp.linux-x86_64-2.7/_openssl.c:690:\n  /usr/include/openssl/ssl.h:1923:12: note: previous declaration of ‘SSL_renegotiate_pending’ was here\n   __owur int SSL_renegotiate_pending(const SSL *s);\n              ^~~~~~~~~~~~~~~~~~~~~~~\n  build/temp.linux-x86_64-2.7/_openssl.c: In function ‘_cffi_d_ASN1_STRING_data’:\n  build/temp.linux-x86_64-2.7/_openssl.c:13983:3: warning: ‘ASN1_STRING_data’ is deprecated [-Wdeprecated-declarations]\n     return ASN1_STRING_data(x0);\n     ^~~~~~\n  In file included from /usr/include/openssl/e_os2.h:13,\n                   from build/temp.linux-x86_64-2.7/_openssl.c:576:\n  /usr/include/openssl/asn1.h:554:1: note: declared here\n   DEPRECATEDIN_1_1_0(unsigned char *ASN1_STRING_data(ASN1_STRING *x))\n   ^~~~~~~~~~~~~~~~~~\n  build/temp.linux-x86_64-2.7/_openssl.c: In function ‘_cffi_f_ASN1_STRING_data’:\n  build/temp.linux-x86_64-2.7/_openssl.c:14006:3: warning: ‘ASN1_STRING_data’ is deprecated [-Wdeprecated-declarations]\n     { result = ASN1_STRING_data(x0); }\n     ^\n  In file included from /usr/include/openssl/e_os2.h:13,\n                   from build/temp.linux-x86_64-2.7/_openssl.c:576:\n  /usr/include/openssl/asn1.h:554:1: note: declared here\n   DEPRECATEDIN_1_1_0(unsigned char *ASN1_STRING_data(ASN1_STRING *x))\n   ^~~~~~~~~~~~~~~~~~\n  build/temp.linux-x86_64-2.7/_openssl.c: In function ‘_cffi_d_BIO_f_buffer’:\n  build/temp.linux-x86_64-2.7/_openssl.c:15420:10: warning: return discards ‘const’ qualifier from pointer target type [-Wdiscarded-qualifiers]\n     return BIO_f_buffer();\n            ^~~~~~~~~~~~~~\n  build/temp.linux-x86_64-2.7/_openssl.c: In function ‘_cffi_f_BIO_f_buffer’:\n  build/temp.linux-x86_64-2.7/_openssl.c:15431:12: warning: assignment discards ‘const’ qualifier from pointer target type [-Wdiscarded-qualifiers]\n     { result = BIO_f_buffer(); }\n              ^\n  build/temp.linux-x86_64-2.7/_openssl.c: In function ‘_cffi_d_BIO_f_null’:\n  build/temp.linux-x86_64-2.7/_openssl.c:15446:10: warning: return discards ‘const’ qualifier from pointer target type [-Wdiscarded-qualifiers]\n     return BIO_f_null();\n            ^~~~~~~~~~~~\n  build/temp.linux-x86_64-2.7/_openssl.c: In function ‘_cffi_f_BIO_f_null’:\n  build/temp.linux-x86_64-2.7/_openssl.c:15457:12: warning: assignment discards ‘const’ qualifier from pointer target type [-Wdiscarded-qualifiers]\n     { result = BIO_f_null(); }\n              ^\n  build/temp.linux-x86_64-2.7/_openssl.c: In function ‘_cffi_d_BIO_s_fd’:\n  build/t\u001b[0m\u001b[91memp.linux-x86_64-2.7/_openssl.c:16911:10: warning: return discards ‘const’ qualifier from pointer target type [-Wdiscarded-qualifiers]\n     return BIO_s_fd();\n            ^~~~~~~~~~\n  build/temp.linux-x86_64-2.7/_openssl.c: In function ‘_cffi_f_BIO_s_fd’:\n  build/temp.linux-x86_64-2.7/_openssl.c:16922:12: warning: assignment discards ‘const’ qualifier from pointer target type [-Wdiscarded-qualifiers]\n     { result = BIO_s_fd(); }\n              ^\n  build/temp.linux-x86_64-2.7/_openssl.c: In function ‘_cffi_d_BIO_s_file’:\n  build/temp.linux-x86_64-2.7/_openssl.c:16937:10: warning: return discards ‘const’ qualifier from pointer target type [-Wdiscarded-qualifiers]\n     return BIO_s_file();\n            ^~~~~~~~~~~~\n  build/temp.linux-x86_64-2.7/_openssl.c: In function ‘_cffi_f_BIO_s_file’:\n  build/temp.linux-x86_64-2.7/_openssl.c:16948:12: warning: assignment discards ‘const’ qualifier from pointer target type [-Wdiscarded-qualifiers]\n     { result = BIO_s_file(); }\n              ^\n  build/temp.linux-x86_64-2.7/_openssl.c: In function ‘_cffi_d_BIO_s_mem’:\n  build/temp.linux-x86_64-2.7/_openssl.c:16963:10: warning: return discards ‘const’ qualifier from pointer target type [-Wdiscarded-qualifiers]\n     return BIO_s_mem();\n            ^~~~~~~~~~~\n  build/temp.linux-x86_64-2.7/_openssl.c: In function ‘_cffi_f_BIO_s_mem’:\n  build/temp.linux-x86_64-2.7/_openssl.c:16974:12: warning: assignment discards ‘const’ qualifier from pointer target type [-Wdiscarded-qualifiers]\n     { result = BIO_s_mem(); }\n              ^\n  build/temp.linux-x86_64-2.7/_openssl.c: In function ‘_cffi_d_BIO_s_null’:\n  build/temp.linux-x86_64-2.7/_openssl.c:16989:10: warning: return discards ‘const’ qualifier from pointer target type [-Wdiscarded-qualifiers]\n     return BIO_s_null();\n            ^~~~~~~~~~~~\n  build/temp.linux-x86_64-2.7/_openssl.c: In function ‘_cffi_f_BIO_s_null’:\n  build/temp.linux-x86_64-2.7/_openssl.c:17000:12: warning: assignment discards ‘const’ qualifier from pointer target type [-Wdiscarded-qualifiers]\n     { result = BIO_s_null(); }\n              ^\n  build/temp.linux-x86_64-2.7/_openssl.c: In function ‘_cffi_d_BIO_s_socket’:\n  build/temp.linux-x86_64-2.7/_openssl.c:17015:10: warning: return discards ‘const’ qualifier from pointer target type [-Wdiscarded-qualifiers]\n     return BIO_s_socket();\n            ^~~~~~~~~~~~~~\n  build/temp.linux-x86_64-2.7/_openssl.c: In function ‘_cffi_f_BIO_s_socket’:\n  build/temp.linux-x86_64-2.7/_openssl.c:17026:12: warning: assignment discards ‘const’ qualifier from pointer target type [-Wdiscarded-qualifiers]\n     { result = BIO_s_socket(); }\n              ^\n  build/temp.linux-x86_64-2.7/_openssl.c: In function ‘_cffi_d_DTLSv1_client_method’:\n  build/temp.linux-x86_64-2.7/_openssl.c:23605:3: warning: ‘DTLSv1_client_method’ is deprecated [-Wdeprecated-declarations]\n     return DTLSv1_client_method();\n     ^~~~~~\n  In file included from /usr/include/openssl/e_os2.h:13,\n                   from build/temp.linux-x86_64-2.7/_openssl.c:576:\n  /usr/include/openssl/ssl.h:1897:1: note: declared here\n   DEPRECATEDIN_1_1_0(__owur const SSL_METHOD *DTLSv1_client_method(void))\n   ^~~~~~~~~~~~~~~~~~\n  build/temp.linux-x86_64-2.7/_openssl.c: In function ‘_cffi_f_DTLSv1_client_method’:\n  build/temp.linux-x86_64-2.7/_openssl.c:23616:3: warning: ‘DTLSv1_client_method’ is deprecated [-Wdeprecated-declarations]\n     { result = DTLSv1_client_method(); }\n     ^\n  In file included from /usr/include/openssl/e_os2.h:13,\n                   from build/temp.linux-x86_64-2.7/_openssl.c:576:\n  /usr/include/openssl/ssl.h:1897:1: note: declared here\n   DEPRECATEDIN_1_1_0(__owur const SSL_METHOD *DTLSv1_client_method(void))\n   ^~~~~~~~~~~~~~~~~~\n  build/temp.linux-x86_64-2.7/_openssl.c: In function ‘_cffi_d_DTLSv1_method’:\n  build/temp.linux-x86_64-2.7/_openssl.c:23631:3: warning: ‘DTLSv1_method’ is deprecated [-Wdeprecated-declarations]\n     return DTLSv1_method();\n     ^~~~~~\n  In file included from /usr/include/openssl/e_os2.h:13,\n                   from build/temp.linux-x86_64-2.7/_openssl.c:576:\n  /usr/include/openssl/ssl.h:1895:1: note: declared here\n   DEPRECATEDIN_1_1_0(__owur const SSL_METHOD *DTLSv1_method(void)) /* DTLSv1.0 */\n   ^~~~~~~~~~~~~~~~~~\n  build/temp.linux-x86_64-2.7/_openssl.c: In function ‘_cffi_f_DTLSv1_method’:\n  build/temp.linux-x86_64-2.7/_openssl.c:23642:3: warning: ‘DTLSv1_method’ is deprecated [-Wdeprecated-declarations]\n     { result = DTLSv1_method(); }\n     ^\n  In file included from /usr/include/openssl/e_os2.h:13,\n                   from build/temp.linux-x86_64-2.7/_openssl.c:576:\n  /usr/include/openssl/ssl.h:1895:1: note: declared here\n   DEPRECATEDIN_1_1_0(__owur const SSL_METHOD *DTLSv1_method(void)) /* DTLSv1.0 */\n   ^~~~~~~~~~~~~~~~~~\n  build/temp.linux-x86_64-2.7/_openssl.c: In function ‘_cffi_d_DTLSv1_server_method’:\n  build/temp.linux-x86_64-2.7/_openssl.c:23657:3: warning: ‘DTLSv1_server_method’ is deprecated [-Wdeprecated-declarations]\n     return DTLSv1_server_method();\n     ^~~~~~\n  In file included from /usr/include/openssl/e_os2.h:13,\n                   from build/temp.linux-x86_64-2.7/_openssl.c:576:\n  /usr/include/openssl/ssl.h:1896:1: note: declared here\n   DEPRECATEDIN_1_1_0(__owur const SSL_METHOD *DTLSv1_server_method(void))\n   ^~~~~~~~~~~~~~~~~~\n  build/temp.linux-x86_64-2.7/_openssl.c: In function ‘_cffi_f_DTLSv1_server_method’:\n  build/temp.linux-x86_64-2.7/_openssl.c:23668:3: warning: ‘DTLSv1_server_method’ is deprecated [-Wdeprecated-declarations]\n     { result = DTLSv1_server_method(); }\n     ^\n  In file included from /usr/include/openssl/e_os2.h:13,\n                   from build/temp.linux-x86_64-2.7/_openssl.c:576:\n  /usr/include/openssl/ssl.h:1896:1: note: declared here\n   DEPRECATEDIN_1_1_0(__owur const SSL_METHOD *DTLSv1_server_method(void))\n   ^~~~~~~~~~~~~~~~~~\n  build/temp.linux-x86_64-2.7/_openssl.c: In function ‘_cffi_d_OPENSSL_config’:\n  build/temp.linux-x86_64-2.7/_openssl.c:40554:3: warning: ‘OPENSSL_config’ is deprecated [-Wdeprecated-declarations]\n     OPENSSL_config(x0);\n     ^~~~~~~~~~~~~~\n  In file included from /usr/include/openssl/e_os2.h:13,\n                   from build/temp.linux-x86_64-2.7/_openssl.c:576:\n  /usr/include/openssl/conf.h:91:1: note: declared here\n   DEPRECATEDIN_1_1_0(void OPENSSL_config(const char *config_name))\n   ^~~~~~~~~~~~~~~~~~\n  build/temp.linux-x86_64-2.7/_openssl.c: In function ‘_cffi_f_OPENSSL_config’:\n  build/temp.linux-x86_64-2.7/_openssl.c:40575:3: warning: ‘OPENSSL_config’ is deprecated [-Wdeprecated-declarations]\n     { OPENSSL_config(x0); }\n     ^\n  In file included from /usr/include/openssl/e_os2.h:13,\n                   from build/temp.linux-x86_64-2.7/_openssl.c:576:\n  /usr/include/openssl/conf.h:91:1: note: declared here\n   DEPRECATEDIN_1_1_0(void OPENSSL_config(const char *config_name))\n   ^~~~~~~~~~~~~~~~~~\n  build/temp.linux-x86_64-2.7/_openssl.c: In function ‘_cffi_d_TLSv1_1_client_method’:\n  build/temp.linux-x86_64-2.7/_openssl.c:53828:3: warning: ‘TLSv1_1_client_method’ is deprecated [-Wdeprecated-declarations]\n     return TLSv1_1_client_method();\n     ^~~~~~\n  In file included from /usr/include/openssl/e_os2.h:13,\n                   from build/temp.linux-x86_64-2.7/_openssl.c:576:\n  /usr/include/openssl/ssl.h:1885:1: note: declared here\n   DEPRECATEDIN_1_1_0(__owur const SSL_METHOD *TLSv1_1_client_method(void))\n   ^~~~~~~~~~~~~~~~~~\n  build/temp.linux-x86_64-2.7/_openssl.c: In function ‘_cffi_f_TLSv1_1_client_method’:\n  build/temp.linux-x86_64-2.7/_openssl.c:53839:3: warning: ‘TLSv1_1_client_method’ is deprecated [-Wdeprecated-declarations]\n     { result = TLSv1_1_client_method(); }\n     ^\n  In file included from /usr/include/openssl/e_os2.h:13,\n                   from build/temp.linux-x86_64-2.7/_openssl.c:576:\n  /usr/include/openssl/ssl.h:1885:1: note: declared here\n   DEPRECATEDIN_1_1_0(__owur const SSL_METHOD *TLSv1_1_client_method(void))\n   ^~~~~~~~~~~~~~~~~~\n  build/temp.linux-x86_64-2.7/_openssl.c: In function ‘_cffi_d_TLSv1_1_method’:\n  build/temp.linux-x86_64-2.7/_openssl.c:53854:3: warning: ‘TLSv1_1_method’ is deprecated [-Wdeprecated-declarations]\n     return TLSv1_1_method();\n     ^~~~~~\n  In file included from /usr/include/openssl/e_os2.h:13,\n                   from build/temp.linux-x86_64-2.7/_openssl.c:576:\n  /usr/include/openssl/ssl.h:1883:1: note: declared here\n   DEPRECATEDIN_1_1_0(__owur const SSL_METHOD *TLSv1_1_method(void)) /* TLSv1.1 */\n   ^~~~~~~~~~~~~~~~~~\n  build/temp.linux-x86_64-2.7/_openssl.c: In function ‘_cffi_f_TLSv1_1_method’:\n  build/temp.linux-x86_64-2.7/_openssl.c:53865:3: warning: ‘TLSv1_1_method’ is deprecated [-Wdeprecated-declarations]\n     { result = TLSv1_1_method(); }\n     ^\n  In file included from /usr/include/openssl/e_os2.h:13,\n                   from build/temp.linux-x86_64-2.7/_openssl.c:576:\n  /usr/include/openssl/ssl.h:1883:1: note: declared here\n   DEPRECATEDIN_1_1_0(__owur const SSL_METHOD *TLSv1_1_method(void)) /* TLSv1.1 */\n   ^~~~~~~~~~~~~~~~~~\n  build/temp.linux-x86_64-2.7/_openssl.c: In function ‘_cffi_d_TLSv1_1_server_method’:\n  build/temp.linux-x86_64-2.7/_openssl.c:53880:3: warning: ‘TLSv1_1_server_method’ is deprecated [-Wdeprecated-declarations]\n     return TLSv1_1_server_method();\n     ^~~~~~\n  In file included from /usr/include/openssl/e_os2.h:13,\n                   from build/temp.linux-x86_64-2.7/_openssl.c:576:\n  /usr/include/openssl/ssl.h:1884:1: note: declared here\n   DEPRECATEDIN_1_1_0(__owur const SSL_METHOD *TLSv1_1_server_method(void))\n   ^~~~~~~~~~~~~~~~~~\n  build/temp.linux-x86_64-2.7/_openssl.c: In function ‘_cffi_f_TLSv1_1_server_method’:\n  build/temp.linux-x86_64-2.7/_openssl.c:53891:3: warning: ‘TLSv1_1_server_method’ is deprecated [-Wdeprecated-declarations]\n     { result = TLSv1_1_server_method(); }\n     ^\n  In file included from /usr/include/openssl/e_os2.h:13,\n                   from build/temp.linux-x86_64-2.7/_openssl.c:576:\n  /usr/include/openssl/ssl.h:1884:1: note: declared here\n   DEPRECATEDIN_1_1_0(__owur const SSL_METHOD *TLSv1_1_server_method(void))\n   ^~~~~~~~~~~~~~~~~~\n  build/temp.linux-x86_64-2.7/_openssl.c: In function ‘_cffi_d_TLSv1_2_client_method’:\n  build/temp.linux-x86_64-2.7/_openssl.c:53906:3: warning: ‘TLSv1_2_client_method’ is deprecated [-Wdeprecated-declarations]\n     return TLSv1_2_client_method();\n     ^~~~~~\n  In file included from /usr/include/openssl/e_os2.h:13,\n                   from build/temp.linux-x86_64-2.7/_openssl.c:576:\n  /usr/include/openssl/ssl.h:1891:1: note: declared here\n   DEPRECATEDIN_1_1_0(__owur const SSL_METHOD *TLSv1_2_client_method(void))\n   ^~~~~~~~~~~~~~~~~~\n  build/temp.linux-x86_64-2.7/_openssl.c: In function ‘_cffi_f_TLSv1_2_client_method’:\n  build/temp.linux-x86_64-2.7/_openssl.c:53917:3: warning: ‘TLSv1_2_client_method’ is deprecated [-Wdeprecated-declarations]\n     { result = TLSv1_2_client_method(); }\n     ^\n  In file included from /usr/include/openssl/e_os2.h:13,\n                   from build/temp.linux-x86_64-2.7/_openssl.c:576:\n  /usr/include/openssl/ssl.h:1891:1: note: declared here\n   DEPRECATEDIN_1_1_0(__owur const SSL_METHOD *TLSv1_2_client_method(void))\n   ^~~~~~~~~~~~~~~~~~\n  build/temp.linux-x86_64-2.7/_openssl.c: In function ‘_cffi_d_TLSv1_2_method’:\n  build/temp.linux-x86_64-2.7/_openssl.c:53932:3: warning: ‘TLSv1_2_method’ is deprecated [-Wdeprecated-declarations]\n     return TLSv1_2_method();\n     ^~~~~~\n  In file included from /usr/include/openssl/e_os2.h:13,\n                   from build/temp.linux-x86_64-2.7/_openssl.c:576:\n  /usr/include/openssl/ssl.h:1889:1: note: declared here\n   DEPRECATEDIN_1_1_0(__owur const SSL_METHOD *TLSv1_2_method(void)) /* TLSv1.2 */\n   ^~~~~~~~~~~~~~~~~~\n  build/temp.linux-x86_64-2.7/_openssl.c: In function ‘_cffi_f_TLSv1_2_method’:\n  build/temp.linux-x86_64-2.7/_openssl.c:53943:3: warning: ‘TLSv1_2_method’ is deprecated [-Wdeprecated-declarations]\n     { result = TLSv1_2_method(); }\n     ^\n  In file included from /usr/include/openssl/e_os2.h:13,\n                   from build/temp.linux-x86_64-2.7/_openssl.c:576:\n  /usr/include/openssl/ssl.h:1889:1: note: declared here\n   DEPRECATEDIN_1_1_0(__owur const SSL_METHOD *TLSv1_2_method(void)) /* TLSv1.2 */\n   ^~~~~~~~~~~~~~~~~~\n  build/temp.linux-x86_64-2.7/_openssl.c: In function ‘_cffi_d_TLSv1_2_server_method’:\n  build/temp.linux-x86_64-2.7/_openssl.c:53958:3: warning: ‘TLSv1_2_server_method’ is deprecated [-Wdeprecated-declarations]\n     return TLSv1_2_server_method();\n     ^~~~~~\n  In file included from /usr/include/openssl/e_os2.h:13,\n                   from build/temp.linux-x86_64-2.7/_openssl.c:576:\n  /usr/include/openssl/ssl.h:1890:1: note: declared here\n   DEPRECATEDIN_1_1_0(__owur const SSL_METHOD *TLSv1_2_server_method(void))\n   ^~~~~~~~~~~~~~~~~~\n  build/temp.linux-x86_64-2.7/_openssl.c: In function ‘_cffi_f_TLSv1_2_server_method’:\n  build/temp.linux-x86_64-2.7/_openssl.c:53969:3: warning: ‘TLSv1_2_server_method’ is deprecated [-Wdeprecated-declarations]\n     { result = TLSv1_2_server_method(); }\n     ^\n  In file included from /usr/include/openssl/e_os2.h:13,\n                   from build/temp.linux-x86_64-2.7/_openssl.c:576:\n  /usr/include/openssl/ssl.h:1890:1: note: declared here\n   DEPRECATEDIN_1_1_0(__owur const SSL_METHOD *TLSv1_2_server_method(void))\n   ^~~~~~~~~~~~~~~~~~\n  build/temp.linux-x86_64-2.7/_openssl.c: In function ‘_cffi_d_TLSv1_client_method’:\n  build/temp.linux-x86_64-2.7/_openssl.c:53984:3: warning: ‘TLSv1_client_method’ is deprecated [-Wdeprecated-declarations]\n     return TLSv1_client_method();\n     ^~~~~~\n  In file included from /usr/include/openssl/e_os2.h:13,\n                   from build/temp.linux-x86_64-2.7/_openssl.c:576:\n  /usr/include/openssl/ssl.h:1879:1: note: declared here\n   DEPRECATEDIN_1_1_0(__owur const SSL_METHOD *TLSv1_client_method(void))\n   ^~~~~~~~~~~~~~~~~~\n  build/temp.linux-x86_64-2.7/_openssl.c: In function ‘_cffi_f_TLSv1_client_method’:\n  build/temp.linux-x86_64-2.7/_openssl.c:53995:3: warning: ‘TLSv1_client_method’ is deprecated [-Wdeprecated-declarations]\n     { result = TLSv1_client_method(); }\n     ^\n  In file included from /usr/include/openssl/e_os2.h:13,\n                   from build/temp.linux-x86_64-2.7/_openssl.c:576:\n  /usr/include/openssl/ssl.h:1879:1: note: declared here\n   DEPRECATEDIN_1_1_0(__owur const SSL_METHOD *TLSv1_client_method(void))\n   ^~~~~~~~~~~~~~~~~~\n  build/temp.linux-x86_64-2.7/_openssl.c: In function ‘_cffi_d_TLSv1_method’:\n  build/temp.linux-x86_64-2.7/_openssl.c:54010:3: warning: ‘TLSv1_method’ is deprecated [-Wdeprecated-declarations]\n     return TLSv1_method();\n     ^~~~~~\n  In file included from /usr/include/openssl/e_os2.h:13,\n                   from build/temp.linux-x86_64-2.7/_openssl.c:576:\n  /usr/include/openssl/ssl.h:1877:1: note: declared here\n   DEPRECATEDIN_1_1_0(__owur const SSL_METHOD *TLSv1_method(void)) /* TLSv1.0 */\n   ^~~~~~~~~~~~~~~~~~\n  build/temp.linux-x86_64-2.7/_openssl.c: In function ‘_cffi_f_TLSv1_method’:\n  build/temp.linux-x86_64-2.7/_openssl.c:54021:3: warning: ‘TLSv1_method’ is deprecated [-Wdeprecated-declarations]\n     { result = TLSv1_method(); }\n     ^\n  In file included from /usr/include/openssl/e_os2.h:13,\n                   from build/temp.linux-x86_64-2.7/_openssl.c:576:\n  /usr/include/openssl/ssl.h:1877:1: note: declared here\n   DEPRECATEDIN_1_1_0(__owur const SSL_METHOD *TLSv1_method(void)) /* TLSv1.0 */\n   ^~~~~~~~~~~~~~~~~~\n  build/temp.linux-x86_64-2.7/_openssl.c: In function ‘_cffi_d_TLSv1_server_method’:\n  build/temp.linux-x86_64-2.7/_openssl.c:54036:3: warning: ‘TLSv1_server_method’ is deprecated [-Wdeprecated-declarations]\n     return TLSv1_server_method();\n     ^~~~~~\n  In file included from /usr/include/openssl/e_os2.h:13,\n                   from build/temp.linux-x86_64-2.7/_openssl.c:576:\n  /usr/include/openssl/ssl.h:1878:1: note: declared here\n   DEPRECATEDIN_1_1_0(__owur const SSL_METHOD *TLSv1_server_method(void))\n   ^~~~~~~~~~~~~~~~~~\n  build/temp.linux-x86_64-2.7/_openssl.c: In function ‘_cffi_f_TLSv1_server_method’:\n  build/temp.linux-x86_64-2.7/_openssl.c:54047:3: warning: ‘TLSv1_server_method’ is deprecated [-Wdeprecated-declarations]\n     { result = TLSv1_server_method(); }\n     ^\n  In file included from /usr/include/openssl/e_os2.h:13,\n                   from build/temp.linux-x86_64-2.7/_openssl.c:576:\n  /usr/include/openssl/ssl.h:1878:1: note: declared here\n   DEPRECATEDIN_1_1_0(__owur const SSL_METHOD *TLSv1_server_method(void))\n   ^~~~~~~~~~~~~~~~~~\n  build/temp.linux-x86_64-2.7/_openssl.c: In function ‘_cffi_d_X509_CRL_get_lastUpdate’:\n  build/temp.linux-x86_64-2.7/_openssl.c:55087:3: warning: ‘X509_CRL_get_lastUpdate’ is deprecated [-Wdeprecated-declarations]\n     return X509_CRL_get_lastUpdate(x0);\n     ^~~~~~\n  In file included from /usr/include/openssl/e_os2.h:13,\n                   from build/temp.linux-x86_64-2.7/_openssl.c:576:\n  /usr/include/openssl/x509.h:727:1: note: declared here\n   DEPRECATEDIN_1_1_0(ASN1_TIME *X509_CRL_get_lastUpdate(X509_CRL *crl))\n   ^~~~~~~~~~~~~~~~~~\n  build/temp.linux-x86_64-2.7/_openssl.c: In function ‘_cffi_f_X509_CRL_get_lastUpdate’:\n  build/temp.linux-x86_64-2.7/_openssl.c:55110:3: warning: ‘X509_CRL_get_lastUpdate’ is deprecated [-Wdeprecated-declarations]\n     { result = X509_CRL_get_lastUpdate(x0); }\n     ^\n  In file included from /usr/include/openssl/e_os2.h:13,\n                   from build/temp.linux-x86_64-2.7/_openssl.c:576:\n  /usr/include/openssl/x509.h:727:1: note: declared here\n   DEPRECATEDIN_1_1_0(ASN1_TIME *X509_CRL_get_lastUpdate(X509_CRL *crl))\n   ^~~~~~~~~~~~~~~~~~\n  build/temp.linux-x86_64-2.7/_openssl.c: In function ‘_cffi_d_X509_CRL_get_nextUpdate’:\n  build/temp.linux-x86_64-2.7/_openssl.c:55125:3: warning: ‘X509_CRL_get_nextUpdate’ is deprecated [-Wdeprecated-declarations]\n     return X509_CRL_get_nextUpdate(x0);\n     ^~~~~~\n  In file included from /usr/include/openssl/e_os2.h:13,\n                   from build/temp.linux-x86_64-2.7/_openssl.c:576:\n  /usr/include/openssl/x509.h:728:1: note: declared here\n   DEPRECATEDIN_1_1_0(ASN1_TIME *X509_CRL_get_nextUpdate(X509_CRL *crl))\n   ^~~~~~~~~~~~~~~~~~\n  build/temp.linux-x86_64-2.7/_openssl.c: In function ‘_cffi_f_X509_CRL_get_nextUpdate’:\n  build/temp.linux-x86_64-2.7/_openssl.c:55148:3: warning: ‘X509_CRL_get_nextUpdate’ is deprecated [-Wdeprecated-declarations]\n     { result = X509_CRL_get_nextUpdate(x0); }\n     ^\n  In file included from /usr/include/openssl/e_os2.h:13,\n                   from build/temp.linux-x86_64-2.7/_openssl.c:576:\n  /usr/include/openssl/x509.h:728:1: note: declared here\n   DEPRECATEDIN_1_1_0(ASN1_TIME *X509_CRL_get_nextUpdate(X509_CRL *crl))\n   ^~~~~~~~~~~~~~~~~~\n  build/temp.linux-x86_64-2.7/_openssl.c: In function ‘_cffi_d_X509_get0_signature’:\n  build/temp.linux-x86_64-2.7/_openssl.c:60867:23: warning: passing argument 1 of ‘X509_get0_signature’ from incompatible pointer type [-Wincompatible-pointer-types]\n     X509_get0_signature(x0, x1, x2);\n                         ^~\n  In file included from /usr/include/openssl/cms.h:16,\n                   from build/temp.linux-x86_64-2.7/_openssl.c:621:\n  /usr/include/openssl/x509.h:571:50: note: expected ‘const ASN1_BIT_STRING **’ {aka ‘const struct asn1_string_st **’} but argument is of type ‘ASN1_OCTET_STRING **’ {aka ‘struct asn1_string_st **’}\n   void X509_get0_signature(const ASN1_BIT_STRING **psig,\n                            ~~~~~~~~~~~~~~~~~~~~~~~~^~~~\n  build/temp.linux-x86_64-2.7/_openssl.c:60867:27: warning: passing argument 2 of ‘X509_get0_signature’ from incompatible pointer type [-Wincompatible-pointer-types]\n     X509_get0_signature(x0, x1, x2);\n                             ^~\n  In file included from /usr/include/openssl/cms.h:16,\n                   from build/temp.linux-x86_64-2.7/_openssl.c:621:\n  /usr/include/openssl/x509.h:572:45: note: expected ‘const X509_ALGOR **’ {aka ‘const struct X509_algor_st **’} but argument is of type ‘X509_ALGOR **’ {aka ‘struct X509_algor_st **’}\n                            const X509_ALGOR **palg, const X509 *x);\n                            ~~~~~~~~~~~~~~~~~~~^~~~\n  build/temp.linux-x86_64-2.7/_openssl.c: In function ‘_cffi_f_X509_get0_signature’:\n  build/temp.linux-x86_64-2.7/_openssl.c:60914:25: warning: passing argument 1 of ‘X509_get0_signature’ from incompatible pointer type [-Wincompatible-pointer-types]\n     { X509_get0_signature(x0, x1, x2); }\n                           ^~\n  In file included from /usr/include/openssl/cms.h:16,\n                   from build/temp.linux-x86_64-2.7/_openssl.c:621:\n  /usr/include/openssl/x509.h:571:50: note: expected ‘const ASN1_BIT_STRING **’ {aka ‘const struct asn1_string_st **’} but argument is of type ‘ASN1_OCTET_STRING **’ {aka ‘struct asn1_string_st **’}\n   void X509_get0_signature(const ASN1_BIT_STRING **psig,\n                            ~~~~~~~~~~~~~~~~~~~~~~~~^~~~\n  build/temp.linux-x86_64-2.7/_openssl.c:60914:29: warning: passing argument 2 of ‘X509_get0_signature’ from incompatible pointer type [-Wincompatible-pointer-types]\n     { X509_get0_signature(x0, x1, x2); }\n                               ^~\n  In file included from /usr/include/openssl/cms.h:16,\n                   from build/temp.linux-x86_64-2.7/_openssl.c:621:\n  /usr/include/openssl/x509.h:572:45: note: expected ‘const X509_ALGOR **’ {aka ‘const struct X509_algor_st **’} but argument is of type ‘X509_ALGOR **’ {aka ‘struct X509_algor_st **’}\n                            const X509_ALGOR **palg, const X509 *x);\n                            ~~~~~~~~~~~~~~~~~~~^~~~\n  At top level:\n  build/temp.linux-x86_64-2.7/_openssl.c:2958:13: warning: ‘_ssl_thread_locking_function’ defined but not used [-Wunused-function]\n   static void _ssl_thread_locking_function(int mode, int n, const char *file,\n               ^~~~~~~~~~~~~~~~~~~~~~~~~~~~\n  error: command 'gcc' failed with exit status 1\n  ----------------------------------------\n\u001b[0m\u001b[91m  ERROR: Failed building wheel for cryptography\n\u001b[0m  Running setup.py clean for cryptography\n  Building wheel for onedrivesdk (setup.py): started\n  Building wheel for onedrivesdk (setup.py): finished with status 'done'\n  Created wheel for onedrivesdk: filename=onedrivesdk-1.1.8-py2-none-any.whl size=137394 sha256=0e397876f7956f37cd454b20fc13b72f92e1e2da07f1a9f403b861425364485a\n  Stored in directory: /root/.cache/pip/wheels/70/cf/0e/292cacc2ea01364f10d55fe3259c3616cba9dc4625a9d8f82f\n  Building wheel for python-pushover (setup.py): started\n  Building wheel for python-pushover (setup.py): finished with status 'done'\n  Created wheel for python-pushover: filename=python_pushover-0.3-py2-none-any.whl size=19840 sha256=c1afa76557cd7c34bc11297c1dc8e8020c40e3d9bc6ed8689d350a5ebbfb544d\n  Stored in directory: /root/.cache/pip/wheels/d9/d2/20/c9e30e62c67da0eb4d41d300d8640a47eaff189db88241eb33\n  Building wheel for args (setup.py): started\n  Building wheel for args (setup.py): finished with status 'done'\n  Created wheel for args: filename=args-0.1.0-py2-none-any.whl size=3317 sha256=5e05785a569524906061c0650c86b102f120320baf6585fde4ed2f2b07eba50b\n  Stored in directory: /root/.cache/pip/wheels/b9/8f/29/d02881615637a8da87f2f6c934836e088288979edd02f79aca\n  Building wheel for httplib2 (PEP 517): started\n  Building wheel for httplib2 (PEP 517): finished with status 'done'\n  Created wheel for httplib2: filename=httplib2-0.21.0-py2-none-any.whl size=98116 sha256=d4202b95198ad8d2c3a3f23f3b00ae3d81a3c0d4fed10aad2ff83b57f4b267a8\n  Stored in directory: /root/.cache/pip/wheels/59/0e/c2/c9bb6b7eeed25e6848394fa2ba566663a7a4d0998ac9d62272\n  Building wheel for pyasn1 (setup.py): started\n  Building wheel for pyasn1 (setup.py): finished with status 'done'\n  Created wheel for pyasn1: filename=pyasn1-0.1.7-py2-none-any.whl size=32807 sha256=488db743ccabe20e23c61eacfe7f9e73a348e817c02f7bc4819f9ad4c6baa6cd\n  Stored in directory: /root/.cache/pip/wheels/71/3d/07/e2239906264579f067cb4ded4c81300147cf4f7595467eeed3\n  Building wheel for pyasn1-modules (setup.py): started\n  Building wheel for pyasn1-modules (setup.py): finished with status 'done'\n  Created wheel for pyasn1-modules: filename=pyasn1_modules-0.0.5-py2-none-any.whl size=30450 sha256=9d6e7c86ac8e53c0bcad96997981eac6b50335850ddf554c3b4d2bb519c2d74c\n  Stored in directory: /root/.cache/pip/wheels/a2/f0/bf/b48e91521193cc584d19a80a35961e3b15ba1f2a2c542e85d1\n  Building wheel for rsa (setup.py): started\n  Building wheel for rsa (setup.py): finished with status 'done'\n  Created wheel for rsa: filename=rsa-3.1.4-py2-none-any.whl size=43339 sha256=0e9f20ff272adae94808211ca46287639c13c00704d6600ec8815798cb5fbc99\n  Stored in directory: /root/.cache/pip/wheels/b9/0a/0a/a99d0c1fe13d01efdf7aa29be87a4b1ac608072c150c669ba6\nSuccessfully built clint google-api-python-client html5lib oauth2client python-magic termcolor python-firebase onedrivesdk python-pushover args httplib2 pyasn1 pyasn1-modules rsa\nFailed to build cryptography\n\u001b[91mERROR: cryptography 1.6 has requirement pyasn1>=0.1.8, but you'll have pyasn1 0.1.7 which is incompatible.\n\u001b[0mInstalling collected packages: pytz, tzlocal, futures, funcsigs, APScheduler, beautifulsoup4, args, clint, pyparsing, httplib2, pyasn1, pyasn1-modules, rsa, oauth2client, uritemplate, google-api-python-client, html5lib, python-magic, requests, termcolor, urllib3, python-firebase, idna, enum34, ipaddress, pycparser, cffi, cryptography, paramiko, scp, onedrivesdk, python-pushover\n    Running setup.py install for cryptography: started\n    Running setup.py install for cryptography: finished with status 'error'\n\u001b[91m    ERROR: Command errored out with exit status 1:\n     command: /usr/local/bin/python -u -c 'import sys, setuptools, tokenize; sys.argv[0] = '\"'\"'/tmp/pip-install-skCCDD/cryptography/setup.py'\"'\"'; __file__='\"'\"'/tmp/pip-install-skCCDD/cryptography/setup.py'\"'\"';f=getattr(tokenize, '\"'\"'open'\"'\"', open)(__file__);code=f.read().replace('\"'\"'\\r\\n'\"'\"', '\"'\"'\\n'\"'\"');f.close();exec(compile(code, __file__, '\"'\"'exec'\"'\"'))' install --record /tmp/pip-record-5IQj0a/install-record.txt --single-version-externally-managed --compile --install-headers /usr/local/include/python2.7/cryptography\n         cwd: /tmp/pip-install-skCCDD/cryptography/\n    Complete output (523 lines):\n    running install\n    running build\n    running build_py\n    creating build\n    creating build/lib.linux-x86_64-2.7\n    creating build/lib.linux-x86_64-2.7/cryptography\n    copying src/cryptography/__init__.py -> build/lib.linux-x86_64-2.7/cryptography\n    copying src/cryptography/exceptions.py -> build/lib.linux-x86_64-2.7/cryptography\n    copying src/cryptography/fernet.py -> build/lib.linux-x86_64-2.7/cryptography\n    copying src/cryptography/__about__.py -> build/lib.linux-x86_64-2.7/cryptography\n    copying src/cryptography/utils.py -> build/lib.linux-x86_64-2.7/cryptography\n    creating build/lib.linux-x86_64-2.7/cryptography/x509\n    copying src/cryptography/x509/__init__.py -> build/lib.linux-x86_64-2.7/cryptography/x509\n    copying src/cryptography/x509/base.py -> build/lib.linux-x86_64-2.7/cryptography/x509\n    copying src/cryptography/x509/name.py -> build/lib.linux-x86_64-2.7/cryptography/x509\n    copying src/cryptography/x509/oid.py -> build/lib.linux-x86_64-2.7/cryptography/x509\n    copying src/cryptography/x509/general_name.py -> build/lib.linux-x86_64-2.7/cryptography/x509\n    copying src/cryptography/x509/extensions.py -> build/lib.linux-x86_64-2.7/cryptography/x509\n    creating build/lib.linux-x86_64-2.7/cryptography/hazmat\n    copying src/cryptography/hazmat/__init__.py -> build/lib.linux-x86_64-2.7/cryptography/hazmat\n    creating build/lib.linux-x86_64-2.7/cryptography/hazmat/primitives\n    copying src/cryptography/hazmat/primitives/__init__.py -> build/lib.linux-x86_64-2.7/cryptography/hazmat/primitives\n    copying src/cryptography/hazmat/primitives/keywrap.py -> build/lib.linux-x86_64-2.7/cryptography/hazmat/primitives\n    copying src/cryptography/hazmat/primitives/padding.py -> build/lib.linux-x86_64-2.7/cryptography/hazmat/primitives\n    copying src/cryptography/hazmat/primitives/cmac.py -> build/lib.linux-x86_64-2.7/cryptography/hazmat/primitives\n    copying src/cryptography/hazmat/primitives/hashes.py -> build/lib.linux-x86_64-2.7/cryptography/hazmat/primitives\n    copying src/cryptography/hazmat/primitives/hmac.py -> build/lib.linux-x86_64-2.7/cryptography/hazmat/primitives\n    copying src/cryptography/hazmat/primitives/constant_time.py -> build/lib.linux-x86_64-2.7/cryptography/hazmat/primitives\n    copying src/cryptography/hazmat/primitives/serialization.py -> build/lib.linux-x86_64-2.7/cryptography/hazmat/primitives\n    creating build/lib.linux-x86_64-2.7/cryptography/hazmat/bindings\n    copying src/cryptography/hazmat/bindings/__init__.py -> build/lib.linux-x86_64-2.7/cryptography/hazmat/bindings\n    creating build/lib.linux-x86_64-2.7/cryptography/hazmat/backends\n    copying src/cryptography/hazmat/backends/__init__.py -> build/lib.linux-x86_64-2.7/cryptography/hazmat/backends\n    copying src/cryptography/hazmat/backends/interfaces.py -> build/lib.linux-x86_64-2.7/cryptography/hazmat/backends\n    copying src/cryptography/hazmat/backends/multibackend.py -> build/lib.linux-x86_64-2.7/cryptography/hazmat/backends\n    creating build/lib.linux-x86_64-2.7/cryptography/hazmat/primitives/interfaces\n    copying src/cryptography/hazmat/primitives/interfaces/__init__.py -> build/lib.linux-x86_64-2.7/cryptography/hazmat/primitives/interfaces\n    creating build/lib.linux-x86_64-2.7/cryptography/hazmat/primitives/ciphers\n    copying src/cryptography/hazmat/primitives/ciphers/__init__.py -> build/lib.linux-x86_64-2.7/cryptography/hazmat/primitives/ciphers\n    copying src/cryptography/hazmat/primitives/ciphers/base.py -> build/lib.linux-x86_64-2.7/cryptography/hazmat/primitives/ciphers\n    copying src/cryptography/hazmat/primitives/ciphers/algorithms.py -> build/lib.linux-x86_64-2.7/cryptography/hazmat/primitives/ciphers\n    copying src/cryptography/hazmat/primitives/ciphers/modes.py -> build/lib.linux-x86_64-2.7/cryptography/hazmat/primitives/ciphers\n    creating build/lib.linux-x86_64-2.7/cryptography/hazmat/primitives/kdf\n    copying src/cryptography/hazmat/primitives/kdf/__init__.py -> build/lib.linux-x86_64-2.7/cryptography/hazmat/primitives/kdf\n    copying src/cryptography/hazmat/primitives/kdf/concatkdf.py -> build/lib.linux-x86_64-2.7/cryptography/hazmat/primitives/kdf\n    copying src/cryptography/hazmat/primitives/kdf/x963kdf.py -> build/lib.linux-x86_64-2.7/cryptography/hazmat/primitives/kdf\n    copying src/cryptography/hazmat/primitives/kdf/kbkdf.py -> build/lib.linux-x86_64-2.7/cryptography/hazmat/primitives/kdf\n    copying src/cryptography/hazmat/primitives/kdf/scrypt.py -> build/lib.linux-x86_64-2.7/cryptography/hazmat/primitives/kdf\n    copying src/cryptography/hazmat/primitives/kdf/hkdf.py -> build/lib.linux-x86_64-2.7/cryptography/hazmat/primitives/kdf\n    copying src/cryptography/hazmat/primitives/kdf/pbkdf2.py -> build/lib.linux-x86_64-2.7/cryptography/hazmat/primitives/kdf\n    creating build/lib.linux-x86_64-2.7/cryptography/hazmat/primitives/asymmetric\n    copying src/cryptography/hazmat/primitives/asymmetric/__init__.py -> build/lib.linux-x86_64-2.7/cryptography/hazmat/primitives/asymmetric\n    copying src/cryptography/hazmat/primitives/asymmetric/dh.py -> build/lib.linux-x86_64-2.7/cryptography/hazmat/primitives/asymmetric\n    copying src/cryptography/hazmat/primitives/asymmetric/ec.py -> build/lib.linux-x86_64-2.7/cryptography/hazmat/primitives/asymmetric\n    copying src/cryptography/hazmat/primitives/asymmetric/padding.py -> build/lib.linux-x86_64-2.7/cryptography/hazmat/primitives/asymmetric\n    copying src/cryptography/hazmat/primitives/asymmetric/rsa.py -> build/lib.linux-x86_64-2.7/cryptography/hazmat/primitives/asymmetric\n    copying src/cryptography/hazmat/primitives/asymmetric/dsa.py -> build/lib.linux-x86_64-2.7/cryptography/hazmat/primitives/asymmetric\n    copying src/cryptography/hazmat/primitives/asymmetric/utils.py -> build/lib.linux-x86_64-2.7/cryptography/hazmat/primitives/asymmetric\n    creating build/lib.linux-x86_64-2.7/cryptography/hazmat/primitives/twofactor\n    copying src/cryptography/hazmat/primitives/twofactor/__init__.py -> build/lib.linux-x86_64-2.7/cryptography/hazmat/primitives/twofactor\n    copying src/cryptography/hazmat/primitives/twofactor/totp.py -> build/lib.linux-x86_64-2.7/cryptography/hazmat/primitives/twofactor\n    copying src/cryptography/hazmat/primitives/twofactor/hotp.py -> build/lib.linux-x86_64-2.7/cryptography/hazmat/primitives/twofactor\n    copying src/cryptography/hazmat/primitives/twofactor/utils.py -> build/lib.linux-x86_64-2.7/cryptography/hazmat/primitives/twofactor\n    creating build/lib.linux-x86_64-2.7/cryptography/hazmat/bindings/openssl\n    copying src/cryptography/hazmat/bindings/openssl/__init__.py -> build/lib.linux-x86_64-2.7/cryptography/hazmat/bindings/openssl\n    copying src/cryptography/hazmat/bindings/openssl/binding.py -> build/lib.linux-x86_64-2.7/cryptography/hazmat/bindings/openssl\n    copying src/cryptography/hazmat/bindings/openssl/_conditional.py -> build/lib.linux-x86_64-2.7/cryptography/hazmat/bindings/openssl\n    creating build/lib.linux-x86_64-2.7/cryptography/hazmat/bindings/commoncrypto\n    copying src/cryptography/hazmat/bindings/commoncrypto/__init__.py -> build/lib.linux-x86_64-2.7/cryptography/hazmat/bindings/commoncrypto\n    copying src/cryptography/hazmat/bindings/commoncrypto/binding.py -> build/lib.linux-x86_64-2.7/cryptography/hazmat/bindings/commoncrypto\n    creating build/lib.linux-x86_64-2.7/cryptography/hazmat/backends/openssl\n    copying src/cryptography/hazmat/backends/openssl/__init__.py -> build/lib.linux-x86_64-2.7/cryptography/hazmat/backends/openssl\n    copying src/cryptography/hazmat/backends/openssl/ec.py -> build/lib.linux-x86_64-2.7/cryptography/hazmat/backends/openssl\n    copying src/cryptography/hazmat/backends/openssl/ciphers.py -> build/lib.linux-x86_64-2.7/cryptography/hazmat/backends/openssl\n    copying src/cryptography/hazmat/backends/openssl/x509.py -> build/lib.linux-x86_64-2.7/cryptography/hazmat/backends/openssl\n    copying src/cryptography/hazmat/backends/openssl/rsa.py -> build/lib.linux-x86_64-2.7/cryptography/hazmat/backends/openssl\n    copying src/cryptography/hazmat/backends/openssl/backend.py -> build/lib.linux-x86_64-2.7/cryptography/hazmat/backends/openssl\n    copying src/cryptography/hazmat/backends/openssl/cmac.py -> build/lib.linux-x86_64-2.7/cryptography/hazmat/backends/openssl\n    copying src/cryptography/hazmat/backends/openssl/encode_asn1.py -> build/lib.linux-x86_64-2.7/cryptography/hazmat/backends/openssl\n    copying src/cryptography/hazmat/backends/openssl/dsa.py -> build/lib.linux-x86_64-2.7/cryptography/hazmat/backends/openssl\n    copying src/cryptography/hazmat/backends/openssl/hashes.py -> build/lib.linux-x86_64-2.7/cryptography/hazmat/backends/openssl\n    copying src/cryptography/hazmat/backends/openssl/hmac.py -> build/lib.linux-x86_64-2.7/cryptography/hazmat/backends/openssl\n    copying src/cryptography/hazmat/backends/openssl/utils.py -> build/lib.linux-x86_64-2.7/cryptography/hazmat/backends/openssl\n    copying src/cryptography/hazmat/backends/openssl/decode_asn1.py -> build/lib.linux-x86_64-2.7/cryptography/hazmat/backends/openssl\n    creating build/lib.linux-x86_64-2.7/cryptography/hazmat/backends/commoncrypto\n    copying src/cryptography/hazmat/backends/commoncrypto/__init__.py -> build/lib.linux-x86_64-2.7/cryptography/hazmat/backends/commoncrypto\n    copying src/cryptography/hazmat/backends/commoncrypto/ciphers.py -> build/lib.linux-x86_64-2.7/cryptography/hazmat/backends/commoncrypto\n    copying src/cryptography/hazmat/backends/commoncrypto/backend.py -> build/lib.linux-x86_64-2.7/cryptography/hazmat/backends/commoncrypto\n    copying src/cryptography/hazmat/backends/commoncrypto/hashes.py -> build/lib.linux-x86_64-2.7/cryptography/hazmat/backends/commoncrypto\n    copying src/cryptography/hazmat/backends/commoncrypto/hmac.py -> build/lib.linux-x86_64-2.7/cryptography/hazmat/backends/commoncrypto\n    running egg_info\n    writing requirements to src/cryptography.egg-info/requires.txt\n    writing src/cryptography.egg-info/PKG-INFO\n    writing top-level names to src/cryptography.egg-info/top_level.txt\n    writing dependency_links to src/cryptography.egg-info/dependency_links.txt\n    writing entry points to src/cryptography.egg-info/entry_points.txt\n    reading manifest file 'src/cryptography.egg-info/SOURCES.txt'\n    reading manifest template 'MANIFEST.in'\n    no previously-included directories found matching 'docs/_build'\n    warning: no previously-included files matching '*' found under directory 'vectors'\n    writing manifest file 'src/cryptography.egg-info/SOURCES.txt'\n    running build_ext\n    generating cffi module 'build/temp.linux-x86_64-2.7/_padding.c'\n    creating build/temp.linux-x86_64-2.7\n    generating cffi module 'build/temp.linux-x86_64-2.7/_constant_time.c'\n    generating cffi module 'build/temp.linux-x86_64-2.7/_openssl.c'\n    building '_openssl' extension\n    creating build/temp.linux-x86_64-2.7/build\n    creating build/temp.linux-x86_64-2.7/build/temp.linux-x86_64-2.7\n    gcc -pthread -fno-strict-aliasing -g -O2 -DNDEBUG -g -fwrapv -O3 -Wall -Wstrict-prototypes -fPIC -I/usr/local/include/python2.7 -c build/temp.linux-x86_64-2.7/_openssl.c -o build/temp.linux-x86_64-2.7/build/temp.linux-x86_64-2.7/_openssl.o\n    build/temp.linux-x86_64-2.7/_openssl.c:801:23: error: conflicting types for ‘ASN1_TIME_to_generalizedtime’\n     ASN1_GENERALIZEDTIME *ASN1_TIME_to_generalizedtime(ASN1_TIME *,\n                           ^~~~~~~~~~~~~~~~~~~~~~~~~~~~\n    In file included from build/temp.linux-x86_64-2.7/_openssl.c:606:\n    /usr/include/openssl/asn1.h:630:23: note: previous declaration of ‘ASN1_T\u001b[0m\u001b[91mIME_to_generalizedtime’ was here\n     ASN1_GENERALIZEDTIME *ASN1_TIME_to_generalizedtime(const ASN1_TIME *t,\n                           ^~~~~~~~~~~~~~~~~~~~~~~~~~~~\n    build/temp.linux-x86_64-2.7/_openssl.c:895:6: error: conflicting types for ‘BIO_callback_ctrl’\n     long BIO_callback_ctrl(\n          ^~~~~~~~~~~~~~~~~\n    In file included from /usr/include/openssl/asn1.h:16,\n                     from build/temp.linux-x86_64-2.7/_openssl.c:606:\n    /usr/include/openssl/bio.h:566:6: note: previous declaration of ‘BIO_callback_ctrl’ was here\n     long BIO_callback_ctrl(BIO *b, int cmd, BIO_info_cb *fp);\n          ^~~~~~~~~~~~~~~~~\n    build/temp.linux-x86_64-2.7/_openssl.c:1114:5: error: conflicting types for ‘EVP_PKEY_size’\n     int EVP_PKEY_size(EVP_PKEY *);\n         ^~~~~~~~~~~~~\n    In file included from /usr/include/openssl/cmac.h:19,\n                     from build/temp.linux-x86_64-2.7/_openssl.c:616:\n    /usr/include/openssl/evp.h:996:5: note: previous declaration of ‘EVP_PKEY_size’ was here\n     int EVP_PKEY_size(const EVP_PKEY *pkey);\n         ^~~~~~~~~~~~~\n    build/temp.linux-x86_64-2.7/_openssl.c:1411:5: error: conflicting types for ‘SSL_renegotiate_pending’\n     int SSL_renegotiate_pending(SSL *);\n         ^~~~~~~~~~~~~~~~~~~~~~~\n    In file included from build/temp.linux-x86_64-2.7/_openssl.c:690:\n    /usr/include/openssl/ssl.h:1923:12: note: previous declaration of ‘SSL_renegotiate_pending’ was here\n     __owur int SSL_renegotiate_pending(const SSL *s);\n                ^~~~~~~~~~~~~~~~~~~~~~~\n    build/temp.linux-x86_64-2.7/_openssl.c: In function ‘_cffi_d_ASN1_STRING_data’:\n    build/temp.linux-x86_64-2.7/_openssl.c:13983:3: warning: ‘ASN1_STRING_data’ is deprecated [-Wdeprecated-declarations]\n       return ASN1_STRING_data(x0);\n       ^~~~~~\n    In file included from /usr/include/openssl/e_os2.h:13,\n                     from build/temp.linux-x86_64-2.7/_openssl.c:576:\n    /usr/include/openssl/asn1.h:554:1: note: declared here\n     DEPRECATEDIN_1_1_0(unsigned char *ASN1_STRING_data(ASN1_STRING *x))\n     ^~~~~~~~~~~~~~~~~~\n    build/temp.linux-x86_64-2.7/_openssl.c: In function ‘_cffi_f_ASN1_STRING_data’:\n    build/temp.linux-x86_64-2.7/_openssl.c:14006:3: warning: ‘ASN1_STRING_data’ is deprecated [-Wdeprecated-declarations]\n       { result = ASN1_STRING_data(x0); }\n       ^\n    In file included from /usr/include/openssl/e_os2.h:13,\n                     from build/temp.linux-x86_64-2.7/_openssl.c:576:\n    /usr/include/openssl/asn1.h:554:1: note: declared here\n     DEPRECATEDIN_1_1_0(unsigned char *ASN1_STRING_data(ASN1_STRING *x))\n     ^~~~~~~~~~~~~~~~~~\n    build/temp.linux-x86_64-2.7/_openssl.c: In function ‘_cffi_d_BIO_f_buffer’:\n    build/temp.linux-x86_64-2.7/_openssl.c:15420:10: warning: return discards ‘const’ qualifier from pointer target type [-Wdiscarded-qualifiers]\n       return BIO_f_buffer();\n              ^~~~~~~~~~~~~~\n    build/temp.linux-x86_64-2.7/_openssl.c: In function ‘_cffi_f_BIO_f_buffer’:\n    build/temp.linux-x86_64-2.7/_openssl.c:15431:12: warning: assignment discards ‘const’ qualifier from pointer target type [-Wdiscarded-qualifiers]\n       { result = BIO_f_buffer(); }\n                ^\n    build/temp.linux-x86_64-2.7/_openssl.c: In function ‘_cffi_d_BIO_f_null’:\n    build/temp.linux-x86_64-2.7/_openssl.c:15446:10: warning: return discards ‘const’ qualifier from pointer target type [-Wdiscarded-qualifiers]\n       return BIO_f_null();\n              ^~~~~~~~~~~~\n    build/temp.linux-x86_64-2.7/_openssl.c: In function ‘_cffi_f_BIO_f_null’:\n    build/temp.linux-x86_64-2.7/_openssl.c:15457:12: warning: assignment discards ‘const’ qualifier from pointer target type [-Wdiscarded-qualifiers]\n       { result = BIO_f_null(); }\n                ^\n    build/temp.linux-x86_64-2.7/_openssl.c: In function ‘_cffi_d_BIO_s_fd’:\n    build/temp.linux-x86_64-2.7/_openssl.c:16911:10: warning: return discards ‘const’ qualifier from pointer target type [-Wdiscarded-qualifiers]\n       return BIO_s_fd();\n              ^~~~~~~~~~\n    build/temp.linux-x86_64-2.7/_openssl.c: In function ‘_cffi_f_BIO_s_fd’:\n    build/temp.linux-x86_64-2.7/_openssl.c:16922:12: warning: assignment discards ‘const’ qualifier from pointer target type [-Wdiscarded-qualifiers]\n       { result = BIO_s_fd(); }\n                ^\n    build/temp.linux-x86_64-2.7/_openssl.c: In function ‘_cffi_d_BIO_s_file’:\n    build/temp.linux-x86_64-2.7/_openssl.c:16937:10: warning: return discards ‘const’ qualifier from pointer target type [-Wdiscarded-qualifiers]\n       return BIO_s_file();\n              ^~~~~~~~~~~~\n    build/temp.linux-x86_64-2.7/_openssl.c: In function ‘_cffi_f_BIO_s_file’:\n    build/temp.linux-x86_64-2.7/_openssl.c:16948:12: warning: assignment discards ‘const’ qualifier from pointer target type [-Wdiscarded-qualifiers]\n       { result = BIO_s_file(); }\n                ^\n    build/temp.linux-x86_64-2.7/_openssl.c: In function ‘_cffi_d_BIO_s_mem’:\n    build/temp.linux-x86_64-2.7/_openssl.c:16963:10: warning: return discards ‘const’ qualifier from pointer target type [-Wdiscarded-qualifiers]\n       return BIO_s_mem();\n              ^~~~~~~~~~~\n    build/temp.linux-x86_64-2.7/_openssl.c: In function ‘_cffi_f_BIO_s_mem’:\n    build/temp.linux-x86_64-2.7/_openssl.c:16974:12: warning: assignment discards ‘const’ qualifier from pointer target type [-Wdiscarded-qualifiers]\n       { result = BIO_s_mem(); }\n                ^\n    build/temp.linux-x86_64-2.7/_openssl.c: In function ‘_cffi_d_BIO_s_null’:\n    build/temp.linux-x86_64-2.7/_openssl.c:16989:10: warning: return discards ‘const’ qualifier from pointer target type [-Wdiscarded-qualifiers]\n       return BIO_s_null();\n              ^~~~~~~~~~~~\n    build/temp.linux-x86_64-2.7/_openssl.c: In function ‘_cffi_f_BIO_s_null’:\n    build/temp.linux-x86_64-2.7/_openssl.c:17000:12: warning: assignment discards ‘const’ qualifier from pointer target type [-Wdiscarded-qualifiers]\n       { result = BIO_s_null(); }\n                ^\n    build/temp.linux-x86_64-2.7/_openssl.c: In function ‘_cffi_d_BIO_s_socket’:\n    build/temp.linux-x86_64-2.7/_openssl.c:17015:10: warning: return discards ‘const’ qualifier from pointer target type [-Wdiscarded-qualifiers]\n       return BIO_s_socket();\n              ^~~~~~~~~~~~~~\n    build/temp.linux-x86_64-2.7/_openssl.c: In function ‘_cffi_f_BIO_s_socket’:\n    build/temp.linux-x86_64-2.7/_openssl.c:17026:12: warning: assignment discards ‘const’ qualifier from pointer target type [-Wdiscarded-qualifiers]\n       { result = BIO_s_socket(); }\n                ^\n    build/temp.linux-x86_64-2.7/_openssl.c: In function ‘_cffi_d_DTLSv1_client_method’:\n    build/temp.linux-x86_64-2.7/_openssl.c:23605:3: warning: ‘DTLSv1_client_method’ is deprecated [-Wdeprecated-declarations]\n       return DTLSv1_client_method();\n       ^~~~~~\n    In file included from /usr/include/openssl/e_os2.h:13,\n                     from build/temp.linux-x86_64-2.7/_openssl.c:576:\n    /usr/include/openssl/ssl.h:1897:1: note: declared here\n     DEPRECATEDIN_1_1_0(__owur const SSL_METHOD *DTLSv1_client_method(void))\n     ^~~~~~~~~~~~~~~~~~\n    build/temp.linux-x86_64-2.7/_openssl.c: In function ‘_cffi_f_DTLSv1_client_method’:\n    build/temp.linux-x86_64-2.7/_openssl.c:23616:3: warning: ‘DTLSv1_client_method’ is deprecated [-Wdeprecated-declarations]\n       { result = DTLSv1_client_method(); }\n       ^\n    In file included from /usr/include/openssl/e_os2.h:13,\n                     from build/temp.linux-x86_64-2.7/_openssl.c:576:\n    /usr/include/openssl/ssl.h:1897:1: note: declared here\n     DEPRECATEDIN_1_1_0(__owur const SSL_METHOD *DTLSv1_client_method(void))\n     ^~~~~~~~~~~~~~~~~~\n    build/temp.linux-x86_64-2.7/_openssl.c: In function ‘_cffi_d_DTLSv1_method’:\n    build/temp.linux-x86_64-2.7/_openssl.c:23631:3: warning: ‘DTLSv1_method’ is deprecated [-Wdeprecated-declarations]\n       return DTLSv1_method();\n       ^~~~~~\n    In file included from /usr/include/openssl/e_os2.h:13,\n                     from build/temp.linux-x86_64-2.7/_openssl.c:576:\n    /usr/include/openssl/ssl.h:1895:1: note: declared here\n     DEPRECATEDIN_1_1_0(__owur const SSL_METHOD *DTLSv1_method(void)) /* DTLSv1.0 */\n     ^~~~~~~~~~~~~~~~~~\n    build/temp.linux-x86_64-2.7/_openssl.c: In function ‘_cffi_f_DTLSv1_method’:\n    build/temp.linux-x86_64-2.7/_openssl.c:23642:3: warning: ‘DTLSv1_method’ is deprecated [-Wdeprecated-declarations]\n       { result = DTLSv1_method(); }\n       ^\n    In file included from /usr/include/openssl/e_os2.h:13,\n                     from build/temp.linux-x86_64-2.7/_openssl.c:576:\n    /usr/include/openssl/ssl.h:1895:1: note: declared here\n     DEPRECATEDIN_1_1_0(__owur const SSL_METHOD *DTLSv1_method(void)) /* DTLSv1.0 */\n     ^~~~~~~~~~~~~~~~~~\n    build/temp.linux-x86_64-2.7/_openssl.c: In function ‘_cffi_d_DTLSv1_server_method’:\n    build/temp.linux-x86_64-2.7/_openssl.c:23657:3: warning: ‘DTLSv1_server_method’ is deprecated [-Wdeprecated-declarations]\n       return DTLSv1_server_method();\n       ^~~~~~\n    In file included from /usr/include/openssl/e_os2.h:13,\n                     from build/temp.linux-x86_64-2.7/_openssl.c:576:\n    /usr/include/openssl/ssl.h:1896:1: note: declared here\n     DEPRECATEDIN_1_1_0(__owur const SSL_METHOD *DTLSv1_server_method(void))\n     ^~~~~~~~~~~~~~~~~~\n    build/temp.linux-x86_64-2.7/_openssl.c: In function ‘_cffi_f_DTLSv1_server_method’:\n    build/temp.linux-x86_64-2.7/_openssl.c:23668:3: warning: ‘DTLSv1_server_method’ is deprecated [-Wdeprecated-declarations]\n       { result = DTLSv1_server_method(); }\n       ^\n    In file included from /usr/include/openssl/e_os2.h:13,\n                     from build/temp.linux-x86_64-2.7/_openssl.c:576:\n    /usr/include/openssl/ssl.h:1896:1: note: declared here\n     DEPRECATEDIN_1_1_0(__owur const SSL_METHOD *DTLSv1_server_method(void))\n     ^~~~~~~~~~~~~~~~~~\n    build/temp.linux-x86_64-2.7/_openssl.c: In function ‘_cffi_d_OPENSSL_config’:\n    build/temp.linux-x86_64-2.7/_openssl.c:40554:3: warning: ‘OPENSSL_config’ is deprecated [-Wdeprecated-declarations]\n       OPENSSL_config(x0);\n       ^~~~~~~~~~~~~~\n    In file included from /usr/include/openssl/e_os2.h:13,\n                     from build/temp.linux-x86_64-2.7/_openssl.c:576:\n    /usr/include/openssl/conf.h:91:1: note: declared here\n     DEPRECATEDIN_1_1_0(void OPENSSL_config(const char *config_name))\n     ^~~~~~~~~~~~~~~~~~\n    build/temp.linux-x86_64-2.7/_openssl.c: In function ‘_cffi_f_OPENSSL_config’:\n    build/temp.linux-x86_64-2.7/_openssl.c:40575:3: warning: ‘OPENSSL_config’ is deprecated [-Wdeprecated-declarations]\n       { OPENSSL_config(x0); }\n       ^\n    In file included from /usr/include/openssl/e_os2.h:13,\n                     from build/temp.linux-x86_64-2.7/_openssl.c:576:\n    /usr/include/openssl/conf.h:91:1: note: declared here\n     DEPRECATEDIN_1_1_0(void OPENSSL_config(const char *config_name))\n     ^~~~~~~~~~~~~~~~~~\n    build/temp.linux-x86_64-2.7/_openssl.c: In function ‘_cffi_d_TLSv1_1_client_method’:\n    build/temp.linux-x86_64-2.7/_openssl.c:53828:3: warning: ‘TLSv1_1_client_method’ is deprecated [-Wdeprecated-declarations]\n       return TLSv1_1_client_method();\n       ^~~~~~\n    In file included from /usr/include/openssl/e_os2.h:13,\n                     from build/temp.linux-x86_64-2.7/_openssl.c:576:\n    /usr/include/openssl/ssl.h:1885:1: note: declared here\n     DEPRECATEDIN_1_1_0(__owur const SSL_METHOD *TLSv1_1_client_method(void))\n     ^~~~~~~~~~~~~~~~~~\n    build/temp.linux-x86_64-2.7/_openssl.c: In function ‘_cffi_f_TLSv1_1_client_method’:\n    build/temp.linux-x86_64-2.7/_openssl.c:53839:3: warning: ‘TLSv1_1_client_method’ is deprecated [-Wdeprecated-declarations]\n       { result = TLSv1_1_client_method(); }\n       ^\n    In file included from /usr/include/openssl/e_os2.h:13,\n                     from build/temp.linux-x86_64-2.7/_openssl.c:576:\n    /usr/include/openssl/ssl.h:1885:1: note: declared here\n     DEPRECATEDIN_1_1_0(__owur const SSL_METHOD *TLSv1_1_client_method(void))\n     ^~~~~~~~~~~~~~~~~~\n    build/temp.linux-x86_64-2.7/_openssl.c: In function ‘_cffi_d_TLSv1_1_method’:\n    build/temp.linux-x86_64-2.7/_openssl.c:53854:3: warning: ‘TLSv1_1_method’ is deprecated [-Wdeprecated-declarations]\n       return TLSv1_1_method();\n       ^~~~~~\n    In file included from /usr/include/openssl/e_os2.h:13,\n                     from build/temp.linux-x86_64-2.7/_openssl.c:576:\n    /usr/include/openssl/ssl.h:1883:1: note: declared here\n     DEPRECATEDIN_1_1_0(__owur const SSL_METHOD *TLSv1_1_method(void)) /* TLSv1.1 */\n     ^~~~~~~~~~~~~~~~~~\n    build/temp.linux-x86_64-2.7/_openssl.c: In function ‘_cffi_f_TLSv1_1_method’:\n    build/temp.linux-x86_64-2.7/_openssl.c:53865:3: warning: ‘TLSv1_1_method’ is deprecated [-Wdeprecated-declarations]\n       { result = TLSv1_1_method(); }\n       ^\n    In file included from /usr/include/openssl/e_os2.h:13,\n                     from build/temp.linux-x86_64-2.7/_openssl.c:576:\n    /usr/include/openssl/ssl.h:1883:1: note: declared here\n     DEPRECATEDIN_1_1_0(__owur const SSL_METHOD *TLSv1_1_method(void)) /* TLSv1.1 */\n     ^~~~~~~~~~~~~~~~~~\n    build/temp.linux-x86_64-2.7/_openssl.c: In function ‘_cffi_d_TLSv1_1_server_method’:\n    build/temp.linux-x86_64-2.7/_openssl.c:53880:3: warning: ‘TLSv1_1_server_method’ is deprecated [-Wdeprecated-declarations]\n       return TLSv1_1_server_method();\n       ^~~~~~\n    In file included from /usr/include/openssl/e_os2.h:13,\n                     from build/temp.linux-x86_64-2.7/_openssl.c:576:\n    /usr/include/openssl/ssl.h:1884:1: note: declared here\n     DEPRECATEDIN_1_1_0(__owur const SSL_METHOD *TLSv1_1_server_method(void))\n     ^~~~~~~~~~~~~~~~~~\n    build/temp.linux-x86_64-2.7/_openssl.c: In function ‘_cffi_f_TLSv1_1_server_method’:\n    build/temp.linux-x86_64-2.7/_openssl.c:53891:3: warning: ‘TLSv1_1_server_method’ is deprecated [-Wdeprecated-declarations]\n       { result = TLSv1_1_server_method(); }\n       ^\n    In file included from /usr/include/openssl/e_os2.h:13,\n                     from build/temp.linux-x86_64-2.7/_openssl.c:576:\n    /usr/include/openssl/ssl.h:1884:1: note: declared here\n     DEPRECATEDIN_1_1_0(__owur const SSL_METHOD *TLSv1_1_server_method(void))\n     ^~~~~~~~~~~~~~~~~~\n    build/temp.linux-x86_64-2.7/_openssl.c: In function ‘_cffi_d_TLSv1_2_client_method’:\n    build/temp.linux-x86_64-2.7/_openssl.c:53906:3: warning: ‘TLSv1_2_client_method’ is deprecated [-Wdeprecated-declarations]\n       return TLSv1_2_client_method();\n       ^~~~~~\n    In file included from /usr/include/openssl/e_os2.h:13,\n                     from build/temp.linux-x86_64-2.7/_openssl.c:576:\n    /usr/include/openssl/ssl.h:1891:1: note: declared here\n     DEPRECATEDIN_1_1_0(__owur const SSL_METHOD *TLSv1_2_client_method(void))\n     ^~~~~~~~~~~~~~~~~~\n    build/temp.linux-x86_64-2.7/_openssl.c: In function ‘_cffi_f_TLSv1_2_client_method’:\n    build/temp.linux-x86_64-2.7/_openssl.c:53917:3: warning: ‘TLSv1_2_client_method’ is deprecated [-Wdeprecated-declarations]\n       { result = TLSv1_2_client_method(); }\n       ^\n    In file included from /usr/include/openssl/e_os2.h:13,\n                     from build/temp.linux-x86_64-2.7/_openssl.c:576:\n    /usr/include/openssl/ssl.h:1891:1: note: declared here\n     DEPRECATEDIN_1_1_0(__owur const SSL_METHOD *TLSv1_2_client_method(void))\n     ^~~~~~~~~~~~~~~~~~\n    build/temp.linux-x86_64-2.7/_openssl.c: In function ‘_cffi_d_TLSv1_2_method’:\n    build/temp.linux-x86_64-2.7/_openssl.c:53932:3: warning: ‘TLSv1_2_method’ is deprecated [-Wdeprecated-declarations]\n       return TLSv1_2_method();\n       ^~~~~~\n    In file included from /usr/include/openssl/e_os2.h:13,\n                     from build/temp.linux-x86_64-2.7/_openssl.c:576:\n    /usr/include/openssl/ssl.h:1889:1: note: declared here\n     DEPRECATEDIN_1_1_0(__owur const SSL_METHOD *TLSv1_2_method(void)) /* TLSv1.2 */\n     ^~~~~~~~~~~~~~~~~~\n    build/temp.linux-x86_64-2.7/_openssl.c: In function ‘_cffi_f_TLSv1_2_method’:\n    build/temp.linux-x86_64-2.7/_openssl.c:53943:3: warning: ‘TLSv1_2_method’ is deprecated [-Wdeprecated-declarations]\n       { result = TLSv1_2_method(); }\n       ^\n    In file included from /usr/include/openssl/e_os2.h:13,\n                     from build/temp.linux-x86_64-2.7/_openssl.c:576:\n    /usr/include/openssl/ssl.h:1889:1: note: declared here\n     DEPRECATEDIN_1_1_0(__owur const SSL_METHOD *TLSv1_2_method(void)) /* TLSv1.2 */\n     ^~~~~~~~~~~~~~~~~~\n    build/temp.linux-x86_64-2.7/_openssl.c: In function ‘_cffi_d_TLSv1_2_server_method’:\n    build/temp.linux-x86_64-2.7/_openssl.c:53958:3: warning: ‘TLSv1_2_server_method’ is deprecated [-Wdeprecated-declarations]\n       return TLSv1_2_server_method();\n       ^~~~~~\n    In file included from /usr/include/openssl/e_os2.h:13,\n                     from build/temp.linux-x86_64-2.7/_openssl.c:576:\n    /usr/include/openssl/ssl.h:1890:1: note: declared here\n     DEPRECATEDIN_1_1_0(__owur const SSL_METHOD *TLSv1_2_server_method(void))\n     ^~~~~~~~~~~~~~~~~~\n    build/temp.linux-x86_64-2.7/_openssl.c: In function ‘_cffi_f_TLSv1_2_server_method’:\n    build/temp.linux-x86_64-2.7/_openssl.c:53969:3: warning: ‘TLSv1_2_server_method’ is deprecated [-Wdeprecated-declarations]\n       { result = TLSv1_2_server_method(); }\n       ^\n    In file included from /usr/include/openssl/e_os2.h:13,\n                     from build/temp.linux-x86_64-2.7/_openssl.c:576:\n    /usr/include/openssl/ssl.h:1890:1: note: declared here\n     DEPRECATEDIN_1_1_0(__owur const SSL_METHOD *TLSv1_2_server_method(void))\n     ^~~~~~~~~~~~~~~~~~\n    build/temp.linux-x86_64-2.7/_openssl.c: In function ‘_cffi_d_TLSv1_client_method’:\n    build/temp.linux-x86_64-2.7/_openssl.c:53984:3: warning: ‘TLSv1_client_method’ is deprecated [-Wdeprecated-declarations]\n       return TLSv1_client_method();\n       ^~~~~~\n    In file included from /usr/include/openssl/e_os2.h:13,\n                     from build/temp.linux-x86_64-2.7/_openssl.c:576:\n    /usr/include/openssl/ssl.h:1879:1: note: declared here\n     DEPRECATEDIN_1_1_0(__owur const SSL_METHOD *TLSv1_client_method(void))\n     ^~~~~~~~~~~~~~~~~~\n    build/temp.linux-x86_64-2.7/_openssl.c: In function ‘_cffi_f_TLSv1_client_method’:\n    build/temp.linux-x86_64-2.7/_openssl.c:53995:3: warning: ‘TLSv1_client_method’ is deprecated [-Wdeprecated-declarations]\n       { result = TLSv1_client_method(); }\n       ^\n    In file included from /usr/include/openssl/e_os2.h:13,\n                     from build/temp.linux-x86_64-2.7/_openssl.c:576:\n    /usr/include/openssl/ssl.h:1879:1: note: declared here\n     DEPRECATEDIN_1_1_0(__owur const SSL_METHOD *TLSv1_client_method(void))\n     ^~~~~~~~~~~~~~~~~~\n    build/temp.linux-x86_64-2.7/_openssl.c: In function ‘_cffi_d_TLSv1_method’:\n    build/temp.linux-x86_64-2.7/_openssl.c:54010:3: warning: ‘TLSv1_method’ is deprecated [-Wdeprecated-declarations]\n       return TLSv1_method();\n       ^~~~~~\n    In file included from /usr/include/openssl/e_os2.h:13,\n                     from build/temp.linux-x86_64-2.7/_openssl.c:576:\n    /usr/include/openssl/ssl.h:1877:1: note: declared here\n     DEPRECATEDIN_1_1_0(__owur const SSL_METHOD *TLSv1_method(void)) /* TLSv1.0 */\n     ^~~~~~~~~~~~~~~~~~\n    build/temp.linux-x86_64-2.7/_openssl.c: In function ‘_cffi_f_TLSv1_method’:\n    build/temp.linux-x86_64-2.7/_openssl.c:54021:3: warning: ‘TLSv1_method’ is deprecated [-Wdeprecated-declarations]\n       { result = TLSv1_method(); }\n       ^\n    In file included from /usr/include/openssl/e_os2.h:13,\n                     from build/temp.linux-x86_64-2.7/_openssl.c:576:\n    /usr/include/openssl/ssl.h:1877:1: note: declared here\n     DEPRECATEDIN_1_1_0(__owur const SSL_METHOD *TLSv1_method(void)) /* TLSv1.0 */\n     ^~~~~~~~~~~~~~~~~~\n    build/temp.linux-x86_64-2.7/_openssl.c: In function ‘_cffi_d_TLSv1_server_method’:\n    build/temp.linux-x86_64-2.7/_openssl.c:54036:3: warning: ‘TLSv1_server_method’ is deprecated [-Wdeprecated-declarations]\n       return TLSv1_server_method();\n       ^~~~~~\n    In file included from /usr/include/openssl/e_os2.h:13,\n                     from build/temp.linux-x86_64-2.7/_openssl.c:576:\n    /usr/include/openssl/ssl.h:1878:1: note: declared here\n     DEPRECATEDIN_1_1_0(__owur const SSL_METHOD *TLSv1_server_method(void))\n     ^~~~~~~~~~~~~~~~~~\n    build/temp.linux-x86_64-2.7/_openssl.c: In function ‘_cffi_f_TLSv1_server_method’:\n    build/temp.linux-x86_64-2.7/_openssl.c:54047:3: warning: ‘TLSv1_server_method’ is deprecated [-Wdeprecated-declarations]\n       { result = TLSv1_server_method(); }\n       ^\n    In file included from /usr/include/openssl/e_os2.h:13,\n                     from build/temp.linux-x86_64-2.7/_openssl.c:576:\n    /usr/include/openssl/ssl.h:1878:1: note: declared here\n     DEPRECATEDIN_1_1_0(__owur const SSL_METHOD *TLSv1_server_method(void))\n     ^~~~~~~~~~~~~~~~~~\n    build/temp.linux-x86_64-2.7/_openssl.c: In function ‘_cffi_d_X509_CRL_get_lastUpdate’:\n    build/temp.linux-x86_64-2.7/_openssl.c:55087:3: warning: ‘X509_CRL_get_lastUpdate’ is deprecated [-Wdeprecated-declarations]\n       return X509_CRL_get_lastUpdate(x0);\n       ^~~~~~\n    In file included from /usr/include/openssl/e_os2.h:13,\n                     from build/temp.linux-x86_64-2.7/_openssl.c:576:\n    /usr/include/openssl/x509.h:727:1: note: declared here\n     DEPRECATEDIN_1_1_0(ASN1_TIME *X509_CRL_get_lastUpdate(X509_CRL *crl))\n     ^~~~~~~~~~~~~~~~~~\n    build/temp.linux-x86_64-2.7/_openssl.c: In function ‘_cffi_f_X509_CRL_get_lastUpdate’:\n    build/temp.linux-x86_64-2.7/_openssl.c:55110:3: warning: ‘X509_CRL_get_lastUpdate’ is deprecated [-Wdeprecated-declarations]\n       { result = X509_CRL_get_lastUpdate(x0); }\n       ^\n    In file included from /usr/include/openssl/e_os2.h:13,\n                     from build/temp.linux-x86_64-2.7/_openssl.c:576:\n    /usr/include/openssl/x509.h:727:1: note: declared here\n     DEPRECATEDIN_1_1_0(ASN1_TIME *X509_CRL_get_lastUpdate(X509_CRL *crl))\n     ^~~~~~~~~~~~~~~~~~\n    build/temp.linux-x86_64-2.7/_openssl.c: In function ‘_cffi_d_X509_CRL_get_nextUpdate’:\n    build/temp.linux-x86_64-2.7/_openssl.c:55125:3: warning: ‘X509_CRL_get_nextUpdate’ is deprecated [-Wdeprecated-declarations]\n       return X509_CRL_get_nextUpdate(x0);\n       ^~~~~~\n    In file included from /usr/include/openssl/e_os2.h:13,\n                     from build/temp.linux-x86_64-2.7/_openssl.c:576:\n    /usr/include/openssl/x509.h:728:1: note: declared here\n     DEPRECATEDIN_1_1_0(ASN1_TIME *X509_CRL_get_nextUpdate(X509_CRL *crl))\n     ^~~~~~~~~~~~~~~~~~\n    build/temp.linux-x86_64-2.7/_openssl.c: In function ‘_cffi_f_X509_CRL_get_nextUpdate’:\n    build/temp.linux-x86_64-2.7/_openssl.c:55148:3: warning: ‘X509_CRL_get_nextUpdate’ is deprecated [-Wdeprecated-declarations]\n       { result = X509_CRL_get_nextUpdate(x0); }\n       ^\n    In file included from /usr/include/openssl/e_os2.h:13,\n                     from build/temp.linux-x86_64-2.7/_openssl.c:576:\n    /usr/include/openssl/x509.h:728:1: note: declared here\n     DEPRECATEDIN_1_1_0(ASN1_TIME *X509_CRL_get_nextUpdate(X509_CRL *crl))\n     ^~~~~~~~~~~~~~~~~~\n    build/temp.linux-x86_64-2.7/_openssl.c: In function ‘_cffi_d_X509_get0_signature’:\n    build/temp.linux-x86_64-2.7/_openssl.c:60867:23: warning: passing argument 1 of ‘X509_get0_signature’ from incompatible pointer type [-Wincompatible-pointer-types]\n       X509_get0_signature(x0, x1, x2);\n                           ^~\n    In file included from /usr/include/openssl/cms.h:16,\n                     from build/temp.linux-x86_64-2.7/_openssl.c:621:\n    /usr/include/openssl/x509.h:571:50: note: expected ‘const ASN1_BIT_STRING **’ {aka ‘const struct asn1_string_st **’} but argument is of type ‘ASN1_OCTET_STRING **’ {aka ‘struct asn1_string_st **’}\n     void X509_get0_signature(const ASN1_BIT_STRING **psig,\n                              ~~~~~~~~~~~~~~~~~~~~~~~~^~~~\n    build/temp.linux-x86_64-2.7/_openssl.c:60867:27: warning: passing argument 2 of ‘X509_get0_signature’ from incompatible pointer type [-Wincompatible-pointer-types]\n       X509_get0_signature(x0, x1, x2);\n                               ^~\n    In file included from /usr/include/openssl/cms.h:16,\n                     from build/temp.linux-x86_64-2.7/_openssl.c:621:\n    /usr/include/openssl/x509.h:572:45: note: expected ‘const X509_ALGOR **’ {aka ‘const struct X509_algor_st **’} but argument is of type ‘X509_ALGOR **’ {aka ‘struct X509_algor_st **’}\n                              const X509_ALGOR **palg, const X509 *x);\n                              ~~~~~~~~~~~~~~~~~~~^~~~\n    build/temp.linux-x86_64-2.7/_openssl.c: In function ‘_cffi_f_X509_get0_signature’:\n    build/temp.linux-x86_64-2.7/_openssl.c:60914:25: warning: passing argument 1 of ‘X509_get0_signature’ from incompatible pointer type [-Wincompatible-pointer-types]\n       { X509_get0_signature(x0, x1, x2); }\n                             ^~\n    In file included from /usr/include/openssl/cms.h:16,\n                     from build/temp.linux-x86_64-2.7/_openssl.c:621:\n    /usr/include/openssl/x509.h:571:50: note: expected ‘const ASN1_BIT_STRING **’ {aka ‘const struct asn1_string_st **’} but argument is of type ‘ASN1_OCTET_STRING **’ {aka ‘struct asn1_string_st **’}\n     void X509_get0_signature(const ASN1_BIT_STRING **psig,\n                              ~~~~~~~~~~~~~~~~~~~~~~~~^~~~\n    build/temp.linux-x86_64-2.7/_openssl.c:60914:29: warning: passing argument 2 of ‘X509_get0_signature’ from incompatible pointer type [-Wincompatible-pointer-types]\n       { X509_get0_signature(x0, x1, x2); }\n                                 ^~\n    In file included from /usr/include/openssl/cms.h:16,\n                     from build/temp.linux-x86_64-2.7/_openssl.c:621:\n    /usr/include/openssl/x509.h:572:45: note: expected ‘const X509_ALGOR **’ {aka ‘const struct X509_algor_st **’} but argument is of type ‘X509_ALGOR **’ {aka ‘struct X509_algor_st **’}\n                              const X509_ALGOR **palg, const X509 *x);\n                              ~~~~~~~~~~~~~~~~~~~^~~~\n    At top level:\n    build/temp.linux-x86_64-2.7/_openssl.c:2958:13: warning: ‘_ssl_thread_locking_function’ defined but not used [-Wunused-function]\n     static void _ssl_thread_locking_function(int mode, int n, const char *file,\n                 ^~~~~~~~~~~~~~~~~~~~~~~~~~~~\n    error: command 'gcc' failed with exit status 1\n    ----------------------------------------\n\u001b[0m\u001b[91mERROR: Command errored out with exit status 1: /usr/local/bin/python -u -c 'import sys, setuptools, tokenize; sys.argv[0] = '\"'\"'/tmp/pip-install-skCCDD/cryptography/setup.py'\"'\"'; __file__='\"'\"'/tmp/pip-install-skCCDD/cryptography/setup.py'\"'\"';f=getattr(tokenize, '\"'\"'open'\"'\"', open)(__file__);code=f.read().replace('\"'\"'\\r\\n'\"'\"', '\"'\"'\\n'\"'\"');f.close();exec(compile(code, __file__, '\"'\"'exec'\"'\"'))' install --record /tmp/pip-record-5IQj0a/install-record.txt --single-version-externally-managed --compile --install-headers /usr/local/include/python2.7/cryptography Check the logs for full command output.\n\u001b[0m\u001b[91mWARNING: You are using pip version 20.0.2; however, version 20.3.4 is available.\nYou should consider upgrading via the '/usr/local/bin/python -m pip install --upgrade pip' command.\n\u001b[0mRemoving intermediate container 75ee9cdd425c\n","stderr":"The command '/bin/sh -c pip install -r requirements.txt' returned a non-zero code: 1\n"}}