{"repository":"https://github.com/opendsa/opendsa-lti","dockerfilePath":"Dockerfile","startTime":1672022003734,"clone":{"stdout":"","stderr":"Cloning into '/tmp/dinghy-analysis/opendsa/opendsa-lti'...\n","error":null,"commit":"970abfb53b75fb25f7d11187f30e67c92dc3c6b9"},"originalBuild":{"startTimestamp":1672022006210,"endTimestamp":1672022104641,"error":{"code":5,"killed":false,"signal":null,"cmd":"docker build --no-cache --force-rm -t opendsa-lti:latest -f /tmp/dinghy-analysis/opendsa/opendsa-lti/Dockerfile ."},"stdout":"Sending build context to Docker daemon   60.7MB\r\r\nStep 1/21 : FROM docker.io/bitnami/ruby:2.7\n2.7: Pulling from bitnami/ruby\nf8c1c832ce65: Pulling fs layer\nfa20be1cb889: Pulling fs layer\nf8c1c832ce65: Verifying Checksum\nf8c1c832ce65: Download complete\nf8c1c832ce65: Pull complete\nfa20be1cb889: Verifying Checksum\nfa20be1cb889: Download complete\nfa20be1cb889: Pull complete\nDigest: sha256:af8b9f6e499ea4214c29fb48e25c35db3f4936db248df069a18a34818f54d8a0\nStatus: Downloaded newer image for bitnami/ruby:2.7\n ---> 0a44daffe26c\nStep 2/21 : MAINTAINER Jihane Najdi <jnajdi@vt.edu>\n ---> Running in 02b3595e4dbd\nRemoving intermediate container 02b3595e4dbd\n ---> 7ccaf1ba1762\nStep 3/21 : ARG RAILS_ENV='development'\n ---> Running in 5935a47964cb\nRemoving intermediate container 5935a47964cb\n ---> 56f2ef134f42\nStep 4/21 : ARG ODSA_BRANCH='master'\n ---> Running in 7faf56bf5e90\nRemoving intermediate container 7faf56bf5e90\n ---> 90fa010fb7f5\nStep 5/21 : ARG LTI_BRANCH='master'\n ---> Running in 023157b4e47d\nRemoving intermediate container 023157b4e47d\n ---> 21294dd93404\nStep 6/21 : ENV TZ=America/New_York\n ---> Running in 832b15a7b374\nRemoving intermediate container 832b15a7b374\n ---> 8b5511b07f28\nStep 7/21 : RUN ln -snf /usr/share/zoneinfo/$TZ /etc/localtime && echo $TZ > /etc/timezone\n ---> Running in 2e0986368d31\nRemoving intermediate container 2e0986368d31\n ---> 328f19aabc24\nStep 8/21 : ENV ODSA_ENV='PROD'\n ---> Running in 2486842002d7\nRemoving intermediate container 2486842002d7\n ---> 015f87cf5d65\nStep 9/21 : ENV BUNDLER_VERSION 2.1.4\n ---> Running in acfa937d83d3\nRemoving intermediate container acfa937d83d3\n ---> 6df1a30f4e3b\nStep 10/21 : ENV RAILS_ENV=$RAILS_ENV\n ---> Running in 0e71e462643b\nRemoving intermediate container 0e71e462643b\n ---> d797f78e6dbb\nStep 11/21 : ENV ODSA_BRANCH=$ODSA_BRANCH\n ---> Running in d15e47ceac80\nRemoving intermediate container d15e47ceac80\n ---> 4a2e3ff17258\nStep 12/21 : ENV LTI_BRANCH=$LTI_BRANCH\n ---> Running in e3c400168833\nRemoving intermediate container e3c400168833\n ---> b2ccf74b40c7\nStep 13/21 : RUN apt-get update -qq   && apt-get install -y apt-utils build-essential cron   && apt-get install -y libyaml-dev libevent-dev libxml2 libffi-dev libxslt-dev libmariadb-dev-compat libmariadb-dev   && apt-get install -y shared-mime-info   && rm -rf /var/apt/lists/*\n ---> Running in f50286a055df\nReading package lists...\nBuilding dependency tree...\nReading state information...\nbuild-essential is already the newest version (12.9).\nThe following additional packages will be installed:\n  exim4-base exim4-config exim4-daemon-light gsasl-common guile-2.2-libs\n  libevent-2.1-7 libfribidi0 libgc1 libgnutls-dane0 libgsasl7 libidn11\n  libltdl7 libmailutils7 libmariadb3 libmpdec3 libntlm0 libpython3.9\n  libpython3.9-minimal libpython3.9-stdlib libunbound8 mailutils\n  mailutils-common mariadb-common media-types mysql-common netbase psmisc\n  sensible-utils\nSuggested packages:\n  anacron logrotate checksecurity exim4-doc-html | exim4-doc-info eximon4 file\n  spf-tools-perl swaks dns-root-data mailutils-mh mailutils-doc\nThe following NEW packages will be installed:\n  apt-utils cron exim4-base exim4-config exim4-daemon-light gsasl-common\n  guile-2.2-libs libevent-2.1-7 libfribidi0 libgc1 libgnutls-dane0 libgsasl7\n  libidn11 libltdl7 libmailutils7 libmariadb3 libmpdec3 libntlm0 libpython3.9\n  libpython3.9-minimal libpython3.9-stdlib libunbound8 mailutils\n  mailutils-common mariadb-common media-types mysql-common netbase psmisc\n  sensible-utils\n0 upgraded, 30 newly installed, 0 to remove and 0 not upgraded.\nNeed to get 17.0 MB of archives.\nAfter this operation, 81.8 MB of additional disk space will be used.\nGet:1 http://deb.debian.org/debian bullseye/main amd64 sensible-utils all 0.0.14 [14.8 kB]\nGet:2 http://deb.debian.org/debian bullseye/main amd64 cron amd64 3.0pl1-137 [99.6 kB]\nGet:3 http://deb.debian.org/debian bullseye/main amd64 apt-utils amd64 2.2.4 [439 kB]\nGet:4 http://deb.debian.org/debian bullseye/main amd64 netbase all 6.3 [19.9 kB]\nGet:5 http://deb.debian.org/debian bullseye/main amd64 media-types all 4.0.0 [30.3 kB]\nGet:6 http://deb.debian.org/debian bullseye/main amd64 exim4-config all 4.94.2-7 [335 kB]\nGet:7 http://deb.debian.org/debian bullseye/main amd64 exim4-base amd64 4.94.2-7 [1175 kB]\nGet:8 http://deb.debian.org/debian bullseye/main amd64 libevent-2.1-7 amd64 2.1.12-stable-1 [188 kB]\nGet:9 http://deb.debian.org/debian bullseye/main amd64 libunbound8 amd64 1.13.1-1 [504 kB]\nGet:10 http://deb.debian.org/debian bullseye/main amd64 libgnutls-dane0 amd64 3.7.1-5+deb11u2 [395 kB]\nGet:11 http://deb.debian.org/debian bullseye/main amd64 libidn11 amd64 1.33-3 [116 kB]\nGet:12 http://deb.debian.org/debian bullseye/main amd64 exim4-daemon-light amd64 4.94.2-7 [658 kB]\nGet:13 http://deb.debian.org/debian bullseye/main amd64 gsasl-common all 1.10.0-4+deb11u1 [175 kB]\nGet:14 http://deb.debian.org/debian bullseye/main amd64 libgc1 amd64 1:8.0.4-3 [239 kB]\nGet:15 http://deb.debian.org/debian bullseye/main amd64 libltdl7 amd64 2.4.6-15 [391 kB]\nGet:16 http://deb.debian.org/debian bullseye/main amd64 guile-2.2-libs amd64 2.2.7+1-6 [4980 kB]\nGet:17 http://deb.debian.org/debian bullseye/main amd64 libfribidi0 amd64 1.0.8-2+deb11u1 [64.9 kB]\nGet:18 http://deb.debian.org/debian bullseye/main amd64 libntlm0 amd64 1.6-3 [84.7 kB]\nGet:19 http://deb.debian.org/debian bullseye/main amd64 libgsasl7 amd64 1.10.0-4+deb11u1 [195 kB]\nGet:20 http://deb.debian.org/debian bullseye/main amd64 mailutils-common all 1:3.10-3 [728 kB]\nGet:21 http://deb.debian.org/debian bullseye/main amd64 mysql-common all 5.8+1.0.7 [7464 B]\nGet:22 http://deb.debian.org/debian bullseye/main amd64 mariadb-common all 1:10.5.18-0+deb11u1 [36.9 kB]\nGet:23 http://deb.debian.org/debian bullseye/main amd64 libmariadb3 amd64 1:10.5.18-0+deb11u1 [176 kB]\nGet:24 http://deb.debian.org/debian bullseye/main amd64 libpython3.9-minimal amd64 3.9.2-1 [801 kB]\nGet:25 http://deb.debian.org/debian bullseye/main amd64 libmpdec3 amd64 2.5.1-1 [87.7 kB]\nGet:26 http://deb.debian.org/debian bullseye/main amd64 libpython3.9-stdlib amd64 3.9.2-1 [1684 kB]\nGet:27 http://deb.debian.org/debian bullseye/main amd64 libpython3.9 amd64 3.9.2-1 [1691 kB]\nGet:28 http://deb.debian.org/debian bullseye/main amd64 libmailutils7 amd64 1:3.10-3+b1 [893 kB]\nGet:29 http://deb.debian.org/debian bullseye/main amd64 mailutils amd64 1:3.10-3+b1 [576 kB]\nGet:30 http://deb.debian.org/debian bullseye/main amd64 psmisc amd64 23.4-2 [198 kB]\n\u001b[91mdebconf: delaying package configuration, since apt-utils is not installed\n\u001b[0mFetched 17.0 MB in 0s (83.5 MB/s)\nSelecting previously unselected package sensible-utils.\r\n(Reading database ... \r(Reading database ... 5%\r(Reading database ... 10%\r(Reading database ... 15%\r(Reading database ... 20%\r(Reading database ... 25%\r(Reading database ... 30%\r(Reading database ... 35%\r(Reading database ... 40%\r(Reading database ... 45%\r(Reading database ... 50%\r(Reading database ... 55%\r(Reading database ... 60%\r(Reading database ... 65%\r(Reading database ... 70%\r(Reading database ... 75%\r(Reading database ... 80%\r(Reading database ... 85%\r(Reading database ... 90%\r(Reading database ... 95%\r(Reading database ... 100%\r(Reading database ... 14323 files and directories currently installed.)\r\nPreparing to unpack .../00-sensible-utils_0.0.14_all.deb ...\r\nUnpacking sensible-utils (0.0.14) ...\r\nSelecting previously unselected package cron.\r\nPreparing to unpack .../01-cron_3.0pl1-137_amd64.deb ...\r\nUnpacking cron (3.0pl1-137) ...\r\nSelecting previously unselected package apt-utils.\r\nPreparing to unpack .../02-apt-utils_2.2.4_amd64.deb ...\r\nUnpacking apt-utils (2.2.4) ...\r\nSelecting previously unselected package netbase.\r\nPreparing to unpack .../03-netbase_6.3_all.deb ...\r\nUnpacking netbase (6.3) ...\r\nSelecting previously unselected package media-types.\r\nPreparing to unpack .../04-media-types_4.0.0_all.deb ...\r\nUnpacking media-types (4.0.0) ...\r\nSelecting previously unselected package exim4-config.\r\nPreparing to unpack .../05-exim4-config_4.94.2-7_all.deb ...\r\nUnpacking exim4-config (4.94.2-7) ...\r\nSelecting previously unselected package exim4-base.\r\nPreparing to unpack .../06-exim4-base_4.94.2-7_amd64.deb ...\r\nUnpacking exim4-base (4.94.2-7) ...\r\nSelecting previously unselected package libevent-2.1-7:amd64.\r\nPreparing to unpack .../07-libevent-2.1-7_2.1.12-stable-1_amd64.deb ...\r\nUnpacking libevent-2.1-7:amd64 (2.1.12-stable-1) ...\r\nSelecting previously unselected package libunbound8:amd64.\r\nPreparing to unpack .../08-libunbound8_1.13.1-1_amd64.deb ...\r\nUnpacking libunbound8:amd64 (1.13.1-1) ...\r\nSelecting previously unselected package libgnutls-dane0:amd64.\r\nPreparing to unpack .../09-libgnutls-dane0_3.7.1-5+deb11u2_amd64.deb ...\r\nUnpacking libgnutls-dane0:amd64 (3.7.1-5+deb11u2) ...\r\nSelecting previously unselected package libidn11:amd64.\r\nPreparing to unpack .../10-libidn11_1.33-3_amd64.deb ...\r\nUnpacking libidn11:amd64 (1.33-3) ...\r\nSelecting previously unselected package exim4-daemon-light.\r\nPreparing to unpack .../11-exim4-daemon-light_4.94.2-7_amd64.deb ...\r\nUnpacking exim4-daemon-light (4.94.2-7) ...\r\nSelecting previously unselected package gsasl-common.\r\nPreparing to unpack .../12-gsasl-common_1.10.0-4+deb11u1_all.deb ...\r\nUnpacking gsasl-common (1.10.0-4+deb11u1) ...\r\nSelecting previously unselected package libgc1:amd64.\r\nPreparing to unpack .../13-libgc1_1%3a8.0.4-3_amd64.deb ...\r\nUnpacking libgc1:amd64 (1:8.0.4-3) ...\r\nSelecting previously unselected package libltdl7:amd64.\r\nPreparing to unpack .../14-libltdl7_2.4.6-15_amd64.deb ...\r\nUnpacking libltdl7:amd64 (2.4.6-15) ...\r\nSelecting previously unselected package guile-2.2-libs:amd64.\r\nPreparing to unpack .../15-guile-2.2-libs_2.2.7+1-6_amd64.deb ...\r\nUnpacking guile-2.2-libs:amd64 (2.2.7+1-6) ...\r\nSelecting previously unselected package libfribidi0:amd64.\r\nPreparing to unpack .../16-libfribidi0_1.0.8-2+deb11u1_amd64.deb ...\r\nUnpacking libfribidi0:amd64 (1.0.8-2+deb11u1) ...\r\nSelecting previously unselected package libntlm0:amd64.\r\nPreparing to unpack .../17-libntlm0_1.6-3_amd64.deb ...\r\nUnpacking libntlm0:amd64 (1.6-3) ...\r\nSelecting previously unselected package libgsasl7:amd64.\r\nPreparing to unpack .../18-libgsasl7_1.10.0-4+deb11u1_amd64.deb ...\r\nUnpacking libgsasl7:amd64 (1.10.0-4+deb11u1) ...\r\nSelecting previously unselected package mailutils-common.\r\nPreparing to unpack .../19-mailutils-common_1%3a3.10-3_all.deb ...\r\nUnpacking mailutils-common (1:3.10-3) ...\r\nSelecting previously unselected package mysql-common.\r\nPreparing to unpack .../20-mysql-common_5.8+1.0.7_all.deb ...\r\nUnpacking mysql-common (5.8+1.0.7) ...\r\nSelecting previously unselected package mariadb-common.\r\nPreparing to unpack .../21-mariadb-common_1%3a10.5.18-0+deb11u1_all.deb ...\r\nUnpacking mariadb-common (1:10.5.18-0+deb11u1) ...\r\nSelecting previously unselected package libmariadb3:amd64.\r\nPreparing to unpack .../22-libmariadb3_1%3a10.5.18-0+deb11u1_amd64.deb ...\r\nUnpacking libmariadb3:amd64 (1:10.5.18-0+deb11u1) ...\r\nSelecting previously unselected package libpython3.9-minimal:amd64.\r\nPreparing to unpack .../23-libpython3.9-minimal_3.9.2-1_amd64.deb ...\r\nUnpacking libpython3.9-minimal:amd64 (3.9.2-1) ...\r\nSelecting previously unselected package libmpdec3:amd64.\r\nPreparing to unpack .../24-libmpdec3_2.5.1-1_amd64.deb ...\r\nUnpacking libmpdec3:amd64 (2.5.1-1) ...\r\nSelecting previously unselected package libpython3.9-stdlib:amd64.\r\nPreparing to unpack .../25-libpython3.9-stdlib_3.9.2-1_amd64.deb ...\r\nUnpacking libpython3.9-stdlib:amd64 (3.9.2-1) ...\r\nSelecting previously unselected package libpython3.9:amd64.\r\nPreparing to unpack .../26-libpython3.9_3.9.2-1_amd64.deb ...\r\nUnpacking libpython3.9:amd64 (3.9.2-1) ...\r\nSelecting previously unselected package libmailutils7:amd64.\r\nPreparing to unpack .../27-libmailutils7_1%3a3.10-3+b1_amd64.deb ...\r\nUnpacking libmailutils7:amd64 (1:3.10-3+b1) ...\r\nSelecting previously unselected package mailutils.\r\nPreparing to unpack .../28-mailutils_1%3a3.10-3+b1_amd64.deb ...\r\nUnpacking mailutils (1:3.10-3+b1) ...\r\nSelecting previously unselected package psmisc.\r\nPreparing to unpack .../29-psmisc_23.4-2_amd64.deb ...\r\nUnpacking psmisc (23.4-2) ...\r\nSetting up media-types (4.0.0) ...\r\nSetting up mysql-common (5.8+1.0.7) ...\r\nupdate-alternatives: using /etc/mysql/my.cnf.fallback to provide /etc/mysql/my.cnf (my.cnf) in auto mode\r\nSetting up apt-utils (2.2.4) ...\r\nSetting up psmisc (23.4-2) ...\r\nSetting up libpython3.9-minimal:amd64 (3.9.2-1) ...\r\nSetting up mariadb-common (1:10.5.18-0+deb11u1) ...\r\nupdate-alternatives: using /etc/mysql/mariadb.cnf to provide /etc/mysql/my.cnf (my.cnf) in auto mode\r\nSetting up libntlm0:amd64 (1.6-3) ...\r\nSetting up libidn11:amd64 (1.33-3) ...\r\nSetting up libfribidi0:amd64 (1.0.8-2+deb11u1) ...\r\nSetting up libevent-2.1-7:amd64 (2.1.12-stable-1) ...\r\nSetting up mailutils-common (1:3.10-3) ...\r\nSetting up libmariadb3:amd64 (1:10.5.18-0+deb11u1) ...\r\nSetting up libgc1:amd64 (1:8.0.4-3) ...\r\nSetting up libltdl7:amd64 (2.4.6-15) ...\r\nSetting up sensible-utils (0.0.14) ...\r\nSetting up exim4-config (4.94.2-7) ...\r\ndebconf: unable to initialize frontend: Dialog\r\ndebconf: (TERM is not set, so the dialog frontend is not usable.)\r\ndebconf: falling back to frontend: Readline\r\nAdding system-user for exim (v4)\r\nSetting up libmpdec3:amd64 (2.5.1-1) ...\r\nSetting up netbase (6.3) ...\r\nSetting up gsasl-common (1.10.0-4+deb11u1) ...\r\nSetting up guile-2.2-libs:amd64 (2.2.7+1-6) ...\r\nSetting up libpython3.9-stdlib:amd64 (3.9.2-1) ...\r\nSetting up cron (3.0pl1-137) ...\r\nAdding group `crontab' (GID 102) ...\r\nDone.\r\ninvoke-rc.d: could not determine current runlevel\r\ninvoke-rc.d: policy-rc.d denied execution of start.\r\nSetting up libgsasl7:amd64 (1.10.0-4+deb11u1) ...\r\nSetting up libunbound8:amd64 (1.13.1-1) ...\r\nSetting up libpython3.9:amd64 (3.9.2-1) ...\r\nSetting up libgnutls-dane0:amd64 (3.7.1-5+deb11u2) ...\r\nSetting up libmailutils7:amd64 (1:3.10-3+b1) ...\r\nSetting up exim4-base (4.94.2-7) ...\r\ndebconf: unable to initialize frontend: Dialog\r\ndebconf: (TERM is not set, so the dialog frontend is not usable.)\r\ndebconf: falling back to frontend: Readline\r\nexim: DB upgrade, deleting hints-db\r\nSetting up exim4-daemon-light (4.94.2-7) ...\r\ndebconf: unable to initialize frontend: Dialog\r\ndebconf: (TERM is not set, so the dialog frontend is not usable.)\r\ndebconf: falling back to frontend: Readline\r\ninvoke-rc.d: could not determine current runlevel\r\ninvoke-rc.d: policy-rc.d denied execution of start.\r\nSetting up mailutils (1:3.10-3+b1) ...\r\nupdate-alternatives: using /usr/bin/frm.mailutils to provide /usr/bin/frm (frm) in auto mode\r\nupdate-alternatives: using /usr/bin/from.mailutils to provide /usr/bin/from (from) in auto mode\r\nupdate-alternatives: using /usr/bin/messages.mailutils to provide /usr/bin/messages (messages) in auto mode\r\nupdate-alternatives: using /usr/bin/movemail.mailutils to provide /usr/bin/movemail (movemail) in auto mode\r\nupdate-alternatives: using /usr/bin/readmsg.mailutils to provide /usr/bin/readmsg (readmsg) in auto mode\r\nupdate-alternatives: using /usr/bin/dotlock.mailutils to provide /usr/bin/dotlock (dotlock) in auto mode\r\nupdate-alternatives: using /usr/bin/mail.mailutils to provide /usr/bin/mailx (mailx) in auto mode\r\nProcessing triggers for libc-bin (2.31-13+deb11u5) ...\r\nReading package lists...\nBuilding dependency tree...\nReading state information...\nThe following additional packages will be installed:\n  icu-devtools libevent-core-2.1-7 libevent-extra-2.1-7 libevent-openssl-2.1-7\n  libevent-pthreads-2.1-7 libicu-dev libicu67 libxml2-dev libxslt1.1\n  libyaml-0-2 zlib1g-dev\nSuggested packages:\n  icu-doc libyaml-doc\nThe following NEW packages will be installed:\n  icu-devtools libevent-core-2.1-7 libevent-dev libevent-extra-2.1-7\n  libevent-openssl-2.1-7 libevent-pthreads-2.1-7 libffi-dev libicu-dev\n  libicu67 libmariadb-dev libmariadb-dev-compat libxml2 libxml2-dev\n  libxslt1-dev libxslt1.1 libyaml-0-2 libyaml-dev zlib1g-dev\n0 upgraded, 18 newly installed, 0 to remove and 0 not upgraded.\nNeed to get 21.7 MB of archives.\nAfter this operation, 92.6 MB of additional disk space will be used.\nGet:1 http://deb.debian.org/debian bullseye/main amd64 libicu67 amd64 67.1-7 [8622 kB]\nGet:2 http://deb.debian.org/debian bullseye/main amd64 icu-devtools amd64 67.1-7 [201 kB]\nGet:3 http://deb.debian.org/debian bullseye/main amd64 libevent-core-2.1-7 amd64 2.1.12-stable-1 [139 kB]\nGet:4 http://deb.debian.org/debian bullseye/main amd64 libevent-extra-2.1-7 amd64 2.1.12-stable-1 [110 kB]\nGet:5 http://deb.debian.org/debian bullseye/main amd64 libevent-pthreads-2.1-7 amd64 2.1.12-stable-1 [57.1 kB]\nGet:6 http://deb.debian.org/debian bullseye/main amd64 libevent-openssl-2.1-7 amd64 2.1.12-stable-1 [64.1 kB]\nGet:7 http://deb.debian.org/debian bullseye/main amd64 libevent-dev amd64 2.1.12-stable-1 [311 kB]\nGet:8 http://deb.debian.org/debian bullseye/main amd64 libffi-dev amd64 3.3-6 [56.5 kB]\nGet:9 http://deb.debian.org/debian bullseye/main amd64 libicu-dev amd64 67.1-7 [9597 kB]\nGet:10 http://deb.debian.org/debian bullseye/main amd64 zlib1g-dev amd64 1:1.2.11.dfsg-2+deb11u2 [191 kB]\nGet:11 http://deb.debian.org/debian bullseye/main amd64 libmariadb-dev amd64 1:10.5.18-0+deb11u1 [185 kB]\nGet:12 http://deb.debian.org/debian bullseye/main amd64 libmariadb-dev-compat amd64 1:10.5.18-0+deb11u1 [35.7 kB]\nGet:13 http://deb.debian.org/debian bullseye/main amd64 libxml2 amd64 2.9.10+dfsg-6.7+deb11u3 [693 kB]\nGet:14 http://deb.debian.org/debian bullseye/main amd64 libxml2-dev amd64 2.9.10+dfsg-6.7+deb11u3 [790 kB]\nGet:15 http://deb.debian.org/debian bullseye/main amd64 libxslt1.1 amd64 1.1.34-4+deb11u1 [240 kB]\nGet:16 http://deb.debian.org/debian bullseye/main amd64 libxslt1-dev amd64 1.1.34-4+deb11u1 [329 kB]\nGet:17 http://deb.debian.org/debian bullseye/main amd64 libyaml-0-2 amd64 0.2.2-1 [49.6 kB]\nGet:18 http://deb.debian.org/debian bullseye/main amd64 libyaml-dev amd64 0.2.2-1 [60.1 kB]\n\u001b[91mdebconf: unable to initialize frontend: Dialog\ndebconf: (TERM is not set, so the dialog frontend is not usable.)\ndebconf: falling back to frontend: Readline\n\u001b[0m\u001b[91mdebconf: unable to initialize frontend: Readline\ndebconf: (This frontend requires a controlling tty.)\ndebconf: falling back to frontend: Teletype\n\u001b[0m\u001b[91mdpkg-preconfigure: unable to re-open stdin: \n\u001b[0mFetched 21.7 MB in 0s (96.8 MB/s)\nSelecting previously unselected package libicu67:amd64.\r\n(Reading database ... \r(Reading database ... 5%\r(Reading database ... 10%\r(Reading database ... 15%\r(Reading database ... 20%\r(Reading database ... 25%\r(Reading database ... 30%\r(Reading database ... 35%\r(Reading database ... 40%\r(Reading database ... 45%\r(Reading database ... 50%\r(Reading database ... 55%\r(Reading database ... 60%\r(Reading database ... 65%\r(Reading database ... 70%\r(Reading database ... 75%\r(Reading database ... 80%\r(Reading database ... 85%\r(Reading database ... 90%\r(Reading database ... 95%\r(Reading database ... 100%\r(Reading database ... 16308 files and directories currently installed.)\r\nPreparing to unpack .../00-libicu67_67.1-7_amd64.deb ...\r\nUnpacking libicu67:amd64 (67.1-7) ...\r\nSelecting previously unselected package icu-devtools.\r\nPreparing to unpack .../01-icu-devtools_67.1-7_amd64.deb ...\r\nUnpacking icu-devtools (67.1-7) ...\r\nSelecting previously unselected package libevent-core-2.1-7:amd64.\r\nPreparing to unpack .../02-libevent-core-2.1-7_2.1.12-stable-1_amd64.deb ...\r\nUnpacking libevent-core-2.1-7:amd64 (2.1.12-stable-1) ...\r\nSelecting previously unselected package libevent-extra-2.1-7:amd64.\r\nPreparing to unpack .../03-libevent-extra-2.1-7_2.1.12-stable-1_amd64.deb ...\r\nUnpacking libevent-extra-2.1-7:amd64 (2.1.12-stable-1) ...\r\nSelecting previously unselected package libevent-pthreads-2.1-7:amd64.\r\nPreparing to unpack .../04-libevent-pthreads-2.1-7_2.1.12-stable-1_amd64.deb ...\r\nUnpacking libevent-pthreads-2.1-7:amd64 (2.1.12-stable-1) ...\r\nSelecting previously unselected package libevent-openssl-2.1-7:amd64.\r\nPreparing to unpack .../05-libevent-openssl-2.1-7_2.1.12-stable-1_amd64.deb ...\r\nUnpacking libevent-openssl-2.1-7:amd64 (2.1.12-stable-1) ...\r\nSelecting previously unselected package libevent-dev.\r\nPreparing to unpack .../06-libevent-dev_2.1.12-stable-1_amd64.deb ...\r\nUnpacking libevent-dev (2.1.12-stable-1) ...\r\nSelecting previously unselected package libffi-dev:amd64.\r\nPreparing to unpack .../07-libffi-dev_3.3-6_amd64.deb ...\r\nUnpacking libffi-dev:amd64 (3.3-6) ...\r\nSelecting previously unselected package libicu-dev:amd64.\r\nPreparing to unpack .../08-libicu-dev_67.1-7_amd64.deb ...\r\nUnpacking libicu-dev:amd64 (67.1-7) ...\r\nSelecting previously unselected package zlib1g-dev:amd64.\r\nPreparing to unpack .../09-zlib1g-dev_1%3a1.2.11.dfsg-2+deb11u2_amd64.deb ...\r\nUnpacking zlib1g-dev:amd64 (1:1.2.11.dfsg-2+deb11u2) ...\r\nSelecting previously unselected package libmariadb-dev.\r\nPreparing to unpack .../10-libmariadb-dev_1%3a10.5.18-0+deb11u1_amd64.deb ...\r\nUnpacking libmariadb-dev (1:10.5.18-0+deb11u1) ...\r\nSelecting previously unselected package libmariadb-dev-compat:amd64.\r\nPreparing to unpack .../11-libmariadb-dev-compat_1%3a10.5.18-0+deb11u1_amd64.deb ...\r\nUnpacking libmariadb-dev-compat:amd64 (1:10.5.18-0+deb11u1) ...\r\nSelecting previously unselected package libxml2:amd64.\r\nPreparing to unpack .../12-libxml2_2.9.10+dfsg-6.7+deb11u3_amd64.deb ...\r\nUnpacking libxml2:amd64 (2.9.10+dfsg-6.7+deb11u3) ...\r\nSelecting previously unselected package libxml2-dev:amd64.\r\nPreparing to unpack .../13-libxml2-dev_2.9.10+dfsg-6.7+deb11u3_amd64.deb ...\r\nUnpacking libxml2-dev:amd64 (2.9.10+dfsg-6.7+deb11u3) ...\r\nSelecting previously unselected package libxslt1.1:amd64.\r\nPreparing to unpack .../14-libxslt1.1_1.1.34-4+deb11u1_amd64.deb ...\r\nUnpacking libxslt1.1:amd64 (1.1.34-4+deb11u1) ...\r\nSelecting previously unselected package libxslt1-dev:amd64.\r\nPreparing to unpack .../15-libxslt1-dev_1.1.34-4+deb11u1_amd64.deb ...\r\nUnpacking libxslt1-dev:amd64 (1.1.34-4+deb11u1) ...\r\nSelecting previously unselected package libyaml-0-2:amd64.\r\nPreparing to unpack .../16-libyaml-0-2_0.2.2-1_amd64.deb ...\r\nUnpacking libyaml-0-2:amd64 (0.2.2-1) ...\r\nSelecting previously unselected package libyaml-dev:amd64.\r\nPreparing to unpack .../17-libyaml-dev_0.2.2-1_amd64.deb ...\r\nUnpacking libyaml-dev:amd64 (0.2.2-1) ...\r\nSetting up libicu67:amd64 (67.1-7) ...\r\nSetting up libyaml-0-2:amd64 (0.2.2-1) ...\r\nSetting up libffi-dev:amd64 (3.3-6) ...\r\nSetting up libevent-core-2.1-7:amd64 (2.1.12-stable-1) ...\r\nSetting up icu-devtools (67.1-7) ...\r\nSetting up zlib1g-dev:amd64 (1:1.2.11.dfsg-2+deb11u2) ...\r\nSetting up libicu-dev:amd64 (67.1-7) ...\r\nSetting up libxml2:amd64 (2.9.10+dfsg-6.7+deb11u3) ...\r\nSetting up libevent-pthreads-2.1-7:amd64 (2.1.12-stable-1) ...\r\nSetting up libevent-extra-2.1-7:amd64 (2.1.12-stable-1) ...\r\nSetting up libyaml-dev:amd64 (0.2.2-1) ...\r\nSetting up libevent-openssl-2.1-7:amd64 (2.1.12-stable-1) ...\r\nSetting up libxml2-dev:amd64 (2.9.10+dfsg-6.7+deb11u3) ...\r\nSetting up libevent-dev (2.1.12-stable-1) ...\r\nSetting up libmariadb-dev (1:10.5.18-0+deb11u1) ...\r\nSetting up libxslt1.1:amd64 (1.1.34-4+deb11u1) ...\r\nSetting up libmariadb-dev-compat:amd64 (1:10.5.18-0+deb11u1) ...\r\nSetting up libxslt1-dev:amd64 (1.1.34-4+deb11u1) ...\r\nProcessing triggers for libc-bin (2.31-13+deb11u5) ...\r\nReading package lists...\nBuilding dependency tree...\nReading state information...\nThe following NEW packages will be installed:\n  shared-mime-info\n0 upgraded, 1 newly installed, 0 to remove and 0 not upgraded.\nNeed to get 701 kB of archives.\nAfter this operation, 4997 kB of additional disk space will be used.\nGet:1 http://deb.debian.org/debian bullseye/main amd64 shared-mime-info amd64 2.0-1 [701 kB]\n\u001b[91mdebconf: unable to initialize frontend: Dialog\ndebconf: (TERM is not set, so the dialog frontend is not usable.)\ndebconf: falling back to frontend: Readline\n\u001b[0m\u001b[91mdebconf: unable to initialize frontend: Readline\ndebconf: (This frontend requires a controlling tty.)\ndebconf: falling back to frontend: Teletype\n\u001b[0m\u001b[91mdpkg-preconfigure: unable to re-open stdin: \n\u001b[0mFetched 701 kB in 0s (30.2 MB/s)\nSelecting previously unselected package shared-mime-info.\r\n(Reading database ... \r(Reading database ... 5%\r(Reading database ... 10%\r(Reading database ... 15%\r(Reading database ... 20%\r(Reading database ... 25%\r(Reading database ... 30%\r(Reading database ... 35%\r(Reading database ... 40%\r(Reading database ... 45%\r(Reading database ... 50%\r(Reading database ... 55%\r(Reading database ... 60%\r(Reading database ... 65%\r(Reading database ... 70%\r(Reading database ... 75%\r(Reading database ... 80%\r(Reading database ... 85%\r(Reading database ... 90%\r(Reading database ... 95%\r(Reading database ... 100%\r(Reading database ... 17026 files and directories currently installed.)\r\nPreparing to unpack .../shared-mime-info_2.0-1_amd64.deb ...\r\nUnpacking shared-mime-info (2.0-1) ...\r\nSetting up shared-mime-info (2.0-1) ...\r\nRemoving intermediate container f50286a055df\n ---> 050ffbbc6da0\nStep 14/21 : RUN gem install bundler -v $BUNDLER_VERSION\n ---> Running in fb52e2d7c44e\nSuccessfully installed bundler-2.1.4\nParsing documentation for bundler-2.1.4\nInstalling ri documentation for bundler-2.1.4\nDone installing documentation for bundler after 7 seconds\n1 gem installed\nRemoving intermediate container fb52e2d7c44e\n ---> b87b8d13de9d\nStep 15/21 : RUN mkdir /opendsa-lti && echo \"cd /opendsa-lti\" >> /root/.bashrc\n ---> Running in de3198652abe\nRemoving intermediate container de3198652abe\n ---> f3297c1dccd3\nStep 16/21 : WORKDIR /opendsa-lti\n ---> Running in 48cba68727d0\nRemoving intermediate container 48cba68727d0\n ---> 0a1184c4aa37\nStep 17/21 : COPY Gemfile Gemfile\n ---> 8b2067a446ec\nStep 18/21 : COPY Gemfile.lock Gemfile.lock\n ---> 4e0123df90e1\nStep 19/21 : RUN bundle config build.nokogiri --use-system-libraries\n ---> Running in 1dd2f0881e94\nRemoving intermediate container 1dd2f0881e94\n ---> 22d6e2394dbb\nStep 20/21 : RUN bundle install -j4\n ---> Running in 6bfe34c89d1c\n\u001b[91mDon't run Bundler as root. Bundler can ask for sudo if it is needed, and\ninstalling your bundle as root will break this application for all non-root\nusers on this machine.\n\u001b[0mFetching gem metadata from https://rubygems.org/.......\nFetching https://github.com/raganwald/andand.git\nFetching https://github.com/net-ssh/net-ssh.git\nFetching https://github.com/voormedia/rails-erd.git\nUsing rake 13.0.1\nFetching concurrent-ruby 1.1.8\nFetching minitest 5.14.4\nFetching thread_safe 0.3.6\nInstalling minitest 5.14.4\nInstalling thread_safe 0.3.6\nInstalling concurrent-ruby 1.1.8\nFetching zeitwerk 2.4.2\nInstalling zeitwerk 2.4.2\nFetching builder 3.2.4\nFetching erubi 1.10.0\nInstalling builder 3.2.4\nInstalling erubi 1.10.0\nFetching mini_portile2 2.4.0\nInstalling mini_portile2 2.4.0\nFetching crass 1.0.6\nInstalling crass 1.0.6\nFetching rack 2.2.2\nFetching nio4r 2.5.5\nInstalling rack 2.2.2\nInstalling nio4r 2.5.5 with native extensions\nFetching websocket-extensions 0.1.5\nInstalling websocket-extensions 0.1.5\nFetching mini_mime 1.0.2\nInstalling mini_mime 1.0.2\nFetching formtastic_i18n 0.6.0\nFetching method_source 1.0.0\nInstalling method_source 1.0.0\nFetching thor 1.1.0\nInstalling thor 1.1.0\nFetching kaminari-core 1.2.1\nInstalling kaminari-core 1.2.1\nInstalling formtastic_i18n 0.6.0\nFetching ffi 1.13.1\nFetching tilt 2.0.10\nInstalling tilt 2.0.10\nFetching public_suffix 4.0.5\nInstalling ffi 1.13.1 with native extensions\nInstalling public_suffix 4.0.5\nUsing andand 1.3.3 from https://github.com/raganwald/andand.git (at master@d6c4545)\nFetching execjs 2.7.0\nInstalling execjs 2.7.0\nFetching awesome_print 1.8.0\nInstalling awesome_print 1.8.0\nFetching ice_nine 0.11.2\nInstalling ice_nine 0.11.2\nFetching bcrypt 3.1.15\nInstalling bcrypt 3.1.15 with native extensions\nFetching browser 4.2.0\nInstalling browser 4.2.0\nUsing bundler 2.1.4\nFetching cancancan 3.1.0\nInstalling cancancan 3.1.0\nFetching timers 4.3.0\nInstalling timers 4.3.0\nFetching choice 0.2.0\nFetching chronic 0.10.2\nInstalling choice 0.2.0\nFetching clipboard-rails 1.7.1\nInstalling clipboard-rails 1.7.1\nFetching cocoon 1.2.14\nInstalling chronic 0.10.2\nInstalling cocoon 1.2.14\nFetching coderay 1.1.3\nInstalling coderay 1.1.3\nFetching coffee-script-source 1.12.2\nInstalling coffee-script-source 1.12.2\nFetching daemons 1.3.1\nInstalling daemons 1.3.1\nFetching declarative 0.0.20\nInstalling declarative 0.0.20\nFetching declarative-option 0.1.0\nFetching orm_adapter 0.5.0\nInstalling declarative-option 0.1.0\nInstalling orm_adapter 0.5.0\nFetching diff-lcs 1.4.4\nFetching equalizer 0.0.11\nInstalling diff-lcs 1.4.4\nFetching erubis 2.7.0\nInstalling erubis 2.7.0\nInstalling equalizer 0.0.11\nFetching exception_handler 0.3.45\nFetching multipart-post 2.1.1\nInstalling multipart-post 2.1.1\nFetching link_header 0.0.8\nInstalling exception_handler 0.3.45\nFetching gravtastic 3.2.6\nInstalling link_header 0.0.8\nFetching temple 0.8.2\nInstalling temple 0.8.2\nInstalling gravtastic 3.2.6\nFetching sexp_processor 4.15.0\nFetching hashie 4.1.0\nInstalling sexp_processor 4.15.0\nInstalling hashie 4.1.0\nFetching oauth 0.5.4\nInstalling oauth 0.5.4\nFetching inflecto 0.0.2\nUsing json 2.3.0\nFetching jstree-rails-4 3.3.8\nInstalling jstree-rails-4 3.3.8\nInstalling inflecto 0.0.2\nFetching jwt 2.2.1\nFetching libv8 3.16.14.19 (x86_64-linux)\nInstalling jwt 2.2.1\nFetching log_file 0.0.3\nFetching multi_json 1.15.0\nInstalling multi_json 1.15.0\nFetching multi_xml 0.6.0\nInstalling multi_xml 0.6.0\nFetching mustache 1.1.1\nInstalling mustache 1.1.1\nInstalling log_file 0.0.3\nFetching mysql2 0.5.3\nInstalling mysql2 0.5.3 with native extensions\nUsing net-ssh 6.2.0.rc1 from https://github.com/net-ssh/net-ssh.git (at master@d731c11)\nFetching power_assert 1.2.0\nInstalling power_assert 1.2.0\nInstalling libv8 3.16.14.19 (x86_64-linux)\nFetching rexml 3.2.4\nInstalling rexml 3.2.4\nFetching user_agent_parser 2.7.0\nInstalling user_agent_parser 2.7.0\nFetching rdoc 6.2.1\nInstalling rdoc 6.2.1\nFetching redcarpet 3.5.0\nInstalling redcarpet 3.5.0 with native extensions\nFetching ref 2.0.0\nInstalling ref 2.0.0\nFetching remotipart 1.4.4\nInstalling remotipart 1.4.4\nFetching uber 0.1.0\nInstalling uber 0.1.0\nFetching request-log-analyzer 1.13.4\nInstalling request-log-analyzer 1.13.4\nFetching rspec-support 3.9.3\nInstalling rspec-support 3.9.3\nFetching simple_oauth 0.3.1\nFetching truncate_html 0.9.3\nInstalling simple_oauth 0.3.1\nInstalling truncate_html 0.9.3\nFetching wannabe_bool 0.7.1\nInstalling wannabe_bool 0.7.1\nFetching tzinfo 1.2.9\nFetching descendants_tracker 0.0.4\nInstalling tzinfo 1.2.9\nFetching nokogiri 1.10.9\nInstalling descendants_tracker 0.0.4\nFetching i18n 1.8.2\nInstalling i18n 1.8.2\nFetching websocket-driver 0.7.3\nInstalling websocket-driver 0.7.3 with native extensions\nInstalling nokogiri 1.10.9 with native extensions\nFetching rack-test 1.1.0\nInstalling rack-test 1.1.0\nFetching sprockets 3.7.2\nInstalling sprockets 3.7.2\nFetching warden 1.2.8\nInstalling warden 1.2.8\nFetching rack-cors 1.1.1\nInstalling rack-cors 1.1.1\nFetching mail 2.7.1\nFetching figaro 1.2.0\nInstalling figaro 1.2.0\nInstalling mail 2.7.1\nFetching addressable 2.7.0\nInstalling addressable 2.7.0\nFetching autoprefixer-rails 9.8.6.1\nFetching uglifier 4.2.0\nInstalling uglifier 4.2.0\nInstalling autoprefixer-rails 9.8.6.1\nFetching puma 4.3.5\nFetching celluloid-essentials 0.20.5\nInstalling puma 4.3.5 with native extensions\nInstalling celluloid-essentials 0.20.5\nFetching celluloid-extras 0.20.5\nInstalling celluloid-extras 0.20.5\nFetching celluloid-fsm 0.20.5\nInstalling celluloid-fsm 0.20.5\nFetching celluloid-pool 0.20.5\nInstalling celluloid-pool 0.20.5\nFetching celluloid-supervision 0.20.6\nInstalling celluloid-supervision 0.20.6\nFetching whenever 1.0.0\nInstalling whenever 1.0.0\nFetching coffee-script 2.4.1\nInstalling coffee-script 2.4.1\nFetching pry 0.13.1\nInstalling pry 0.13.1\nFetching faraday 0.17.3\nInstalling faraday 0.17.3\nFetching haml 5.1.2\nInstalling haml 5.1.2\nFetching ruby_parser 3.14.2\nInstalling ruby_parser 3.14.2\nFetching omniauth 1.9.1\nInstalling omniauth 1.9.1\nFetching ims-lti 1.2.4\nFetching sassc 2.1.0 (x86_64-linux)\nInstalling ims-lti 1.2.4\nFetching test-unit 3.0.9\nInstalling sassc 2.1.0 (x86_64-linux)\nFetching ruby-graphviz 1.2.5\nInstalling ruby-graphviz 1.2.5\nFetching rails_same_site_cookie 0.1.8\nInstalling rails_same_site_cookie 0.1.8\nFetching sdoc 1.1.0\nInstalling test-unit 3.0.9\nInstalling sdoc 1.1.0\nFetching therubyracer 0.12.3\nFetching representable 3.0.4\nInstalling therubyracer 0.12.3 with native extensions\nInstalling representable 3.0.4\nFetching rspec-core 3.9.2\nInstalling rspec-core 3.9.2\nFetching rspec-expectations 3.9.2\nInstalling rspec-expectations 3.9.2\nFetching rspec-mocks 3.9.1\nInstalling rspec-mocks 3.9.1\nFetching axiom-types 0.1.1\nInstalling axiom-types 0.1.1\nFetching coercible 1.0.0\nInstalling coercible 1.0.0\nFetching activesupport 6.0.3.5\nInstalling activesupport 6.0.3.5\nFetching faker 2.13.0\nInstalling faker 2.13.0\nFetching celluloid 0.17.4\nInstalling celluloid 0.17.4\nFetching oauth2 1.4.4\nInstalling oauth2 1.4.4\nFetching bootstrap-sass 3.4.1\nInstalling bootstrap-sass 3.4.1\nFetching virtus 1.0.5\nFetching globalid 0.4.2\nInstalling globalid 0.4.2\nFetching activemodel 6.0.3.5\nInstalling activemodel 6.0.3.5\nFetching arbre 1.2.1\nInstalling arbre 1.2.1\nInstalling virtus 1.0.5\nFetching csv_shaper 1.3.2\nInstalling csv_shaper 1.3.2\nFetching delayed_job 4.1.8\nFetching factory_bot 6.1.0\nInstalling delayed_job 4.1.8\nInstalling factory_bot 6.1.0\nFetching footrest 0.5.3\nFetching jbuilder 2.10.0\nInstalling jbuilder 2.10.0\nFetching rabl 0.14.3\nInstalling footrest 0.5.3\nFetching sucker_punch 1.6.0\nInstalling rabl 0.14.3\nFetching omniauth-oauth2 1.7.0\nInstalling omniauth-oauth2 1.7.0\nInstalling sucker_punch 1.6.0\n\u001b[91mGem::Ext::BuildError: ERROR: Failed to build gem native extension.\n\ncurrent directory:\n/opt/bitnami/ruby/lib/ruby/gems/2.7.0/gems/nokogiri-1.10.9/ext/nokogiri\n/opt/bitnami/ruby/bin/ruby -I /opt/bitnami/ruby/lib/ruby/site_ruby/2.7.0\nextconf.rb --use-system-libraries\nchecking if the C compiler accepts ... yes\nBuilding nokogiri using system libraries.\nchecking for xmlParseDoc() in libxml/parser.h... yes\nchecking for xsltParseStylesheetDoc() in libxslt/xslt.h... yes\nchecking for exsltFuncRegister() in libexslt/exslt.h... yes\nchecking for xmlHasFeature()... yes\nchecking for xmlFirstElementChild()... yes\nchecking for xmlRelaxNGSetParserStructuredErrors()... yes\nchecking for xmlRelaxNGSetParserStructuredErrors()... yes\nchecking for xmlRelaxNGSetValidStructuredErrors()... yes\nchecking for xmlSchemaSetValidStructuredErrors()... yes\nchecking for xmlSchemaSetParserStructuredErrors()... yes\ncreating Makefile\n\ncurrent directory:\n/opt/bitnami/ruby/lib/ruby/gems/2.7.0/gems/nokogiri-1.10.9/ext/nokogiri\nmake DESTDIR\\= sitearchdir\\=./.gem.20221225-1-6l1jrl\nsitelibdir\\=./.gem.20221225-1-6l1jrl clean\n\ncurrent directory:\n/opt/bitnami/ruby/lib/ruby/gems/2.7.0/gems/nokogiri-1.10.9/ext/nokogiri\nmake DESTDIR\\= sitearchdir\\=./.gem.20221225-1-6l1jrl\nsitelibdir\\=./.gem.20221225-1-6l1jrl\ncompiling html_document.c\nIn file included from /opt/bitnami/ruby/include/ruby-2.7.0/ruby.h:33,\n                 from ./nokogiri.h:33,\n                 from ./html_document.h:4,\n                 from html_document.c:1:\nhtml_document.c: In function 'new':\n/opt/bitnami/ruby/include/ruby-2.7.0/ruby/ruby.h:2510:48: warning: cast discards\n'const' qualifier from pointer target type [-Wcast-qual]\n 2510 |        (rb_scan_args_verify(fmt, varc), vars), (char *)fmt, varc)\n      |                                                ^\n/opt/bitnami/ruby/include/ruby-2.7.0/ruby/ruby.h:2342:9: note: in expansion of\nmacro 'rb_scan_args0'\n 2342 |         rb_scan_args0(argc,argvp,fmt,\\\n      |         ^~~~~~~~~~~~~\nhtml_document.c:16:3: note: in expansion of macro 'rb_scan_args'\n   16 |   rb_scan_args(argc, argv, \"0*\", &rest);\n      |   ^~~~~~~~~~~~\ncompiling html_element_description.c\ncompiling html_entity_lookup.c\ncompiling html_sax_parser_context.c\ncompiling html_sax_push_parser.c\ncompiling nokogiri.c\ncompiling xml_attr.c\nIn file included from /opt/bitnami/ruby/include/ruby-2.7.0/ruby.h:33,\n                 from ./nokogiri.h:33,\n                 from ./xml_attr.h:4,\n                 from xml_attr.c:1:\nxml_attr.c: In function 'new':\n/opt/bitnami/ruby/include/ruby-2.7.0/ruby/ruby.h:2510:48: warning: cast discards\n'const' qualifier from pointer target type [-Wcast-qual]\n 2510 |        (rb_scan_args_verify(fmt, varc), vars), (char *)fmt, varc)\n      |                                                ^\n/opt/bitnami/ruby/include/ruby-2.7.0/ruby/ruby.h:2342:9: note: in expansion of\nmacro 'rb_scan_args0'\n 2342 |         rb_scan_args0(argc,argvp,fmt,\\\n      |         ^~~~~~~~~~~~~\nxml_attr.c:61:3: note: in expansion of macro 'rb_scan_args'\n   61 |   rb_scan_args(argc, argv, \"2*\", &document, &name, &rest);\n      |   ^~~~~~~~~~~~\ncompiling xml_attribute_decl.c\ncompiling xml_cdata.c\nIn file included from /opt/bitnami/ruby/include/ruby-2.7.0/ruby.h:33,\n                 from ./nokogiri.h:33,\n                 from ./xml_cdata.h:4,\n                 from xml_cdata.c:1:\nxml_cdata.c: In function 'new':\n/opt/bitnami/ruby/include/ruby-2.7.0/ruby/ruby.h:2510:48: warning: cast discards\n'const' qualifier from pointer target type [-Wcast-qual]\n 2510 |        (rb_scan_args_verify(fmt, varc), vars), (char *)fmt, varc)\n      |                                                ^\n/opt/bitnami/ruby/include/ruby-2.7.0/ruby/ruby.h:2342:9: note: in expansion of\nmacro 'rb_scan_args0'\n 2342 |         rb_scan_args0(argc,argvp,fmt,\\\n      |         ^~~~~~~~~~~~~\nxml_cdata.c:23:3: note: in expansion of macro 'rb_scan_args'\n   23 |   rb_scan_args(argc, argv, \"2*\", &doc, &content, &rest);\n      |   ^~~~~~~~~~~~\ncompiling xml_comment.c\nIn file included from /opt/bitnami/ruby/include/ruby-2.7.0/ruby.h:33,\n                 from ./nokogiri.h:33,\n                 from ./xml_comment.h:4,\n                 from xml_comment.c:1:\nxml_comment.c: In function 'new':\n/opt/bitnami/ruby/include/ruby-2.7.0/ruby/ruby.h:2510:48: warning: cast discards\n'const' qualifier from pointer target type [-Wcast-qual]\n 2510 |        (rb_scan_args_verify(fmt, varc), vars), (char *)fmt, varc)\n      |                                                ^\n/opt/bitnami/ruby/include/ruby-2.7.0/ruby/ruby.h:2342:9: note: in expansion of\nmacro 'rb_scan_args0'\n 2342 |         rb_scan_args0(argc,argvp,fmt,\\\n      |         ^~~~~~~~~~~~~\nxml_comment.c:21:3: note: in expansion of macro 'rb_scan_args'\n   21 |   rb_scan_args(argc, argv, \"2*\", &document, &content, &rest);\n      |   ^~~~~~~~~~~~\ncompiling xml_document.c\nxml_document.c: In function 'dealloc':\nxml_document.c:49:25: warning: passing argument 2 of 'rb_st_foreach' from\nincompatible pointer type [-Wincompatible-pointer-types]\n   49 |   st_foreach(node_hash, dealloc_node_i, (st_data_t)doc);\n      |                         ^~~~~~~~~~~~~~\n      |                         |\n|                         int (*)(xmlNode *, xmlNode *, xmlDoc *) {aka int\n(*)(struct _xmlNode *, struct _xmlNode *, struct _xmlDoc *)}\nIn file included from /opt/bitnami/ruby/include/ruby-2.7.0/ruby/intern.h:39,\n                 from /opt/bitnami/ruby/include/ruby-2.7.0/ruby/ruby.h:2150,\n                 from /opt/bitnami/ruby/include/ruby-2.7.0/ruby.h:33,\n                 from ./nokogiri.h:33,\n                 from ./xml_document.h:4,\n                 from xml_document.c:1:\n/opt/bitnami/ruby/include/ruby-2.7.0/ruby/st.h:141:31: note: expected 'int\n(*)(st_data_t,  st_data_t,  st_data_t)' {aka 'int (*)(long unsigned int,  long\nunsigned int,  long unsigned int)'} but argument is of type 'int (*)(xmlNode *,\nxmlNode *, xmlDoc *)' {aka 'int (*)(struct _xmlNode *, struct _xmlNode *, struct\n_xmlDoc *)'}\n  141 | int rb_st_foreach(st_table *, st_foreach_callback_func *, st_data_t);\n      |                               ^~~~~~~~~~~~~~~~~~~~~~~~~~\nIn file included from /opt/bitnami/ruby/include/ruby-2.7.0/ruby.h:33,\n                 from ./nokogiri.h:33,\n                 from ./xml_document.h:4,\n                 from xml_document.c:1:\nxml_document.c: In function 'duplicate_document':\n/opt/bitnami/ruby/include/ruby-2.7.0/ruby/ruby.h:2510:48: warning: cast discards\n'const' qualifier from pointer target type [-Wcast-qual]\n 2510 |        (rb_scan_args_verify(fmt, varc), vars), (char *)fmt, varc)\n      |                                                ^\n/opt/bitnami/ruby/include/ruby-2.7.0/ruby/ruby.h:2342:9: note: in expansion of\nmacro 'rb_scan_args0'\n 2342 |         rb_scan_args0(argc,argvp,fmt,\\\n      |         ^~~~~~~~~~~~~\nxml_document.c:330:6: note: in expansion of macro 'rb_scan_args'\n  330 |   if(rb_scan_args(argc, argv, \"01\", &level) == 0)\n      |      ^~~~~~~~~~~~\nxml_document.c: In function 'new':\n/opt/bitnami/ruby/include/ruby-2.7.0/ruby/ruby.h:2510:48: warning: cast discards\n'const' qualifier from pointer target type [-Wcast-qual]\n 2510 |        (rb_scan_args_verify(fmt, varc), vars), (char *)fmt, varc)\n      |                                                ^\n/opt/bitnami/ruby/include/ruby-2.7.0/ruby/ruby.h:2342:9: note: in expansion of\nmacro 'rb_scan_args0'\n 2342 |         rb_scan_args0(argc,argvp,fmt,\\\n      |         ^~~~~~~~~~~~~\nxml_document.c:357:3: note: in expansion of macro 'rb_scan_args'\n  357 |   rb_scan_args(argc, argv, \"0*\", &rest);\n      |   ^~~~~~~~~~~~\nxml_document.c: In function 'create_entity':\n/opt/bitnami/ruby/include/ruby-2.7.0/ruby/ruby.h:2510:48: warning: cast discards\n'const' qualifier from pointer target type [-Wcast-qual]\n 2510 |        (rb_scan_args_verify(fmt, varc), vars), (char *)fmt, varc)\n      |                                                ^\n/opt/bitnami/ruby/include/ruby-2.7.0/ruby/ruby.h:2342:9: note: in expansion of\nmacro 'rb_scan_args0'\n 2342 |         rb_scan_args0(argc,argvp,fmt,\\\n      |         ^~~~~~~~~~~~~\nxml_document.c:436:3: note: in expansion of macro 'rb_scan_args'\n  436 |   rb_scan_args(argc, argv, \"14\", &name, &type, &external_id, &system_id,\n      |   ^~~~~~~~~~~~\nxml_document.c: At top level:\nxml_document.c:495:14: error: conflicting types for 'canonicalize'\n  495 | static VALUE canonicalize(int argc, VALUE* argv, VALUE self)\n      |              ^~~~~~~~~~~~\nIn file included from /usr/include/features.h:461,\n                 from /usr/include/x86_64-linux-gnu/bits/libc-header-start.h:33,\n                 from /usr/include/stdlib.h:25,\n                 from ./nokogiri.h:4,\n                 from ./xml_document.h:4,\n                 from xml_document.c:1:\n/usr/include/x86_64-linux-gnu/bits/mathcalls.h:371:1: note: previous declaration\nof 'canonicalize' was here\n371 | __MATHDECL_1 (int, canonicalize,, (_Mdouble_ *__cx, const _Mdouble_\n*__x));\n      | ^~~~~~~~~~~~\nIn file included from /opt/bitnami/ruby/include/ruby-2.7.0/ruby.h:33,\n                 from ./nokogiri.h:33,\n                 from ./xml_document.h:4,\n                 from xml_document.c:1:\nxml_document.c: In function 'canonicalize':\n/opt/bitnami/ruby/include/ruby-2.7.0/ruby/ruby.h:2510:48: warning: cast discards\n'const' qualifier from pointer target type [-Wcast-qual]\n 2510 |        (rb_scan_args_verify(fmt, varc), vars), (char *)fmt, varc)\n      |                                                ^\n/opt/bitnami/ruby/include/ruby-2.7.0/ruby/ruby.h:2342:9: note: in expansion of\nmacro 'rb_scan_args0'\n 2342 |         rb_scan_args0(argc,argvp,fmt,\\\n      |         ^~~~~~~~~~~~~\nxml_document.c:511:3: note: in expansion of macro 'rb_scan_args'\n  511 |   rb_scan_args(argc, argv, \"03\", &mode, &incl_ns, &with_comments);\n      |   ^~~~~~~~~~~~\nmake: *** [Makefile:246: xml_document.o] Error 1\n\nmake failed, exit code 2\n\nGem files will remain installed in\n/opt/bitnami/ruby/lib/ruby/gems/2.7.0/gems/nokogiri-1.10.9 for inspection.\nResults logged to\n/opt/bitnami/ruby/lib/ruby/gems/2.7.0/extensions/x86_64-linux/2.7.0-static/nokogiri-1.10.9/gem_make.out\n\nAn error occurred while installing nokogiri (1.10.9), and Bundler cannot\ncontinue.\nMake sure that `gem install nokogiri -v '1.10.9' --source\n'https://rubygems.org/'` succeeds before bundling.\n\nIn Gemfile:\n  css3-progress-bar-rails was resolved to 0.5.1, which depends on\n    rails was resolved to 6.0.3.5, which depends on\n      actioncable was resolved to 6.0.3.5, which depends on\n        actionpack was resolved to 6.0.3.5, which depends on\n          actionview was resolved to 6.0.3.5, which depends on\n            rails-dom-testing was resolved to 2.0.3, which depends on\n              nokogiri\n\u001b[0mRemoving intermediate container 6bfe34c89d1c\n","stderr":"The command '/bin/bash -o pipefail -c bundle install -j4' returned a non-zero code: 5\n"},"endTime":1672022104747}