{"repository":"https://github.com/netflix/metaflow-service","dockerfilePath":"Dockerfile","startTime":1672777268353,"clone":{"stdout":"","stderr":"Cloning into '/tmp/dinghy-analysis/netflix/metaflow-service'...\n","error":null,"commit":"c13d2e43995607367b887641418f1c5c0b7b2f5c"},"originalBuild":{"startTimestamp":1672777269418,"endTimestamp":1672777623672,"error":null,"stdout":"Sending build context to Docker daemon  1.479MB\r\r\nStep 1/31 : FROM golang:1.16.3\n1.16.3: Pulling from library/golang\nbd8f6a7501cc: Pulling fs layer\n44718e6d535d: Pulling fs layer\nefe9738af0cb: Pulling fs layer\nf37aabde37b8: Pulling fs layer\nc4c446e03742: Pulling fs layer\n77ce91079a9a: Pulling fs layer\n62b51a704e67: Pulling fs layer\nf37aabde37b8: Waiting\nc4c446e03742: Waiting\n77ce91079a9a: Waiting\n62b51a704e67: Waiting\n44718e6d535d: Verifying Checksum\n44718e6d535d: Download complete\nefe9738af0cb: Verifying Checksum\nefe9738af0cb: Download complete\nf37aabde37b8: Verifying Checksum\nf37aabde37b8: Download complete\nbd8f6a7501cc: Verifying Checksum\nbd8f6a7501cc: Download complete\nc4c446e03742: Verifying Checksum\nc4c446e03742: Download complete\n62b51a704e67: Download complete\n77ce91079a9a: Verifying Checksum\n77ce91079a9a: Download complete\nbd8f6a7501cc: Pull complete\n44718e6d535d: Pull complete\nefe9738af0cb: Pull complete\nf37aabde37b8: Pull complete\nc4c446e03742: Pull complete\n77ce91079a9a: Pull complete\n62b51a704e67: Pull complete\nDigest: sha256:f7d3519759ba6988a2b73b5874b17c5958ac7d0aa48a8b1d84d66ef25fa345f1\nStatus: Downloaded newer image for golang:1.16.3\n ---> d5dc529b0ee7\nStep 2/31 : ARG BUILD_TIMESTAMP\n ---> Running in 81e2b8fb6298\nRemoving intermediate container 81e2b8fb6298\n ---> 17b72270cd48\nStep 3/31 : ARG BUILD_COMMIT_HASH\n ---> Running in 62c1ac192c14\nRemoving intermediate container 62c1ac192c14\n ---> d39c7c4c9d1b\nStep 4/31 : ENV BUILD_TIMESTAMP=$BUILD_TIMESTAMP\n ---> Running in 076e1ef802be\nRemoving intermediate container 076e1ef802be\n ---> a6ccb112b1b7\nStep 5/31 : ENV BUILD_COMMIT_HASH=$BUILD_COMMIT_HASH\n ---> Running in 200c8d0d1c46\nRemoving intermediate container 200c8d0d1c46\n ---> 05cb94656d08\nStep 6/31 : ARG UI_ENABLED=\"1\"\n ---> Running in 7c21825ce58a\nRemoving intermediate container 7c21825ce58a\n ---> e92859a853a2\nStep 7/31 : ARG UI_VERSION=\"v1.1.4\"\n ---> Running in 57ffc342dffb\nRemoving intermediate container 57ffc342dffb\n ---> e26279574359\nStep 8/31 : ENV UI_ENABLED=$UI_ENABLED\n ---> Running in adc6bd470ae2\nRemoving intermediate container adc6bd470ae2\n ---> 5a942dc205b9\nStep 9/31 : ENV UI_VERSION=$UI_VERSION\n ---> Running in 66df56421c30\nRemoving intermediate container 66df56421c30\n ---> ea774b709f65\nStep 10/31 : ENV FEATURE_RUN_GROUPS=0\n ---> Running in f63b54f7fbc8\nRemoving intermediate container f63b54f7fbc8\n ---> 042250954c84\nStep 11/31 : ENV FEATURE_DEBUG_VIEW=1\n ---> Running in 96a6d3d9c30e\nRemoving intermediate container 96a6d3d9c30e\n ---> b582a8cdaa33\nStep 12/31 : RUN go install github.com/pressly/goose/v3/cmd/goose@v3.5.3\n ---> Running in 9a9dc278871e\n\u001b[91mgo: downloading github.com/pressly/goose/v3 v3.5.3\n\u001b[0m\u001b[91mgo: downloading github.com/denisenkom/go-mssqldb v0.12.0\ngo: downloading github.com/ClickHouse/clickhouse-go v1.5.4\ngo: downloading modernc.org/sqlite v1.14.6\ngo: downloading github.com/lib/pq v1.10.4\ngo: downloading github.com/ziutek/mymysql v1.5.4\ngo: downloading github.com/go-sql-driver/mysql v1.6.0\n\u001b[0m\u001b[91mgo: downloading github.com/pkg/errors v0.9.1\n\u001b[0m\u001b[91mgo: downloading golang.org/x/crypto v0.0.0-20220210151621-f4118a5b28e2\n\u001b[0m\u001b[91mgo: downloading github.com/golang-sql/civil v0.0.0-20190719163853-cb61b32ac6fe\ngo: downloading github.com/golang-sql/sqlexp v0.0.0-20170517235910-f1bb20e5a188\n\u001b[0m\u001b[91mgo: downloading modernc.org/libc v1.14.5\n\u001b[0m\u001b[91mgo: downloading github.com/google/uuid v1.3.0\ngo: downloading golang.org/x/sys v0.0.0-20220209214540-3681064d5158\ngo: downloading github.com/mattn/go-isatty v0.0.14\n\u001b[0m\u001b[91mgo: downloading modernc.org/memory v1.0.5\n\u001b[0m\u001b[91mgo: downloading modernc.org/mathutil v1.4.1\n\u001b[0m\u001b[91mgo: downloading github.com/remyoudompheng/bigfft v0.0.0-20200410134404-eec4a21b6bb0\n\u001b[0mRemoving intermediate container 9a9dc278871e\n ---> 00aa20f7dc32\nStep 13/31 : RUN apt-get update && apt-get -y install python3.7 && apt-get -y install python3-pip && apt-get -y install libpq-dev unzip\n ---> Running in 3c70b92c9c8c\nGet:1 http://security.debian.org/debian-security buster/updates InRelease [34.8 kB]\nGet:2 http://deb.debian.org/debian buster InRelease [122 kB]\nGet:3 http://deb.debian.org/debian buster-updates InRelease [56.6 kB]\nGet:4 http://security.debian.org/debian-security buster/updates/main amd64 Packages [422 kB]\nGet:5 http://deb.debian.org/debian buster/main amd64 Packages [7909 kB]\nGet:6 http://deb.debian.org/debian buster-updates/main amd64 Packages [8788 B]\nFetched 8553 kB in 2s (5332 kB/s)\nReading package lists...\nReading package lists...\nBuilding dependency tree...\nReading state information...\nThe following additional packages will be installed:\n  libmpdec2 libpython3.7-minimal libpython3.7-stdlib python3.7-minimal\nSuggested packages:\n  python3.7-venv python3.7-doc binfmt-support\nThe following NEW packages will be installed:\n  libmpdec2 libpython3.7-minimal libpython3.7-stdlib python3.7\n  python3.7-minimal\n0 upgraded, 5 newly installed, 0 to remove and 61 not upgraded.\nNeed to get 4475 kB of archives.\nAfter this operation, 22.9 MB of additional disk space will be used.\nGet:1 http://deb.debian.org/debian buster/main amd64 libmpdec2 amd64 2.4.2-2 [87.2 kB]\nGet:2 http://security.debian.org/debian-security buster/updates/main amd64 libpython3.7-minimal amd64 3.7.3-2+deb10u4 [589 kB]\nGet:3 http://security.debian.org/debian-security buster/updates/main amd64 python3.7-minimal amd64 3.7.3-2+deb10u4 [1736 kB]\nGet:4 http://security.debian.org/debian-security buster/updates/main amd64 libpython3.7-stdlib amd64 3.7.3-2+deb10u4 [1733 kB]\nGet:5 http://security.debian.org/debian-security buster/updates/main amd64 python3.7 amd64 3.7.3-2+deb10u4 [330 kB]\n\u001b[91mdebconf: delaying package configuration, since apt-utils is not installed\n\u001b[0mFetched 4475 kB in 0s (57.9 MB/s)\nSelecting previously unselected package libpython3.7-minimal:amd64.\r\n(Reading database ... \r(Reading database ... 5%\r(Reading database ... 10%\r(Reading database ... 15%\r(Reading database ... 20%\r(Reading database ... 25%\r(Reading database ... 30%\r(Reading database ... 35%\r(Reading database ... 40%\r(Reading database ... 45%\r(Reading database ... 50%\r(Reading database ... 55%\r(Reading database ... 60%\r(Reading database ... 65%\r(Reading database ... 70%\r(Reading database ... 75%\r(Reading database ... 80%\r(Reading database ... 85%\r(Reading database ... 90%\r(Reading database ... 95%\r(Reading database ... 100%\r(Reading database ... 15421 files and directories currently installed.)\r\nPreparing to unpack .../libpython3.7-minimal_3.7.3-2+deb10u4_amd64.deb ...\r\nUnpacking libpython3.7-minimal:amd64 (3.7.3-2+deb10u4) ...\r\nSelecting previously unselected package python3.7-minimal.\r\nPreparing to unpack .../python3.7-minimal_3.7.3-2+deb10u4_amd64.deb ...\r\nUnpacking python3.7-minimal (3.7.3-2+deb10u4) ...\r\nSelecting previously unselected package libmpdec2:amd64.\r\nPreparing to unpack .../libmpdec2_2.4.2-2_amd64.deb ...\r\nUnpacking libmpdec2:amd64 (2.4.2-2) ...\r\nSelecting previously unselected package libpython3.7-stdlib:amd64.\r\nPreparing to unpack .../libpython3.7-stdlib_3.7.3-2+deb10u4_amd64.deb ...\r\nUnpacking libpython3.7-stdlib:amd64 (3.7.3-2+deb10u4) ...\r\nSelecting previously unselected package python3.7.\r\nPreparing to unpack .../python3.7_3.7.3-2+deb10u4_amd64.deb ...\r\nUnpacking python3.7 (3.7.3-2+deb10u4) ...\r\nSetting up libpython3.7-minimal:amd64 (3.7.3-2+deb10u4) ...\r\nSetting up python3.7-minimal (3.7.3-2+deb10u4) ...\r\nSetting up libmpdec2:amd64 (2.4.2-2) ...\r\nSetting up libpython3.7-stdlib:amd64 (3.7.3-2+deb10u4) ...\r\nSetting up python3.7 (3.7.3-2+deb10u4) ...\r\nProcessing triggers for libc-bin (2.28-10) ...\r\nProcessing triggers for mime-support (3.62) ...\r\nReading package lists...\nBuilding dependency tree...\nReading state information...\nThe following additional packages will be installed:\n  build-essential bzip2 dbus dh-python dpkg-dev fakeroot gir1.2-glib-2.0\n  libalgorithm-diff-perl libalgorithm-diff-xs-perl libalgorithm-merge-perl\n  libapparmor1 libbz2-1.0 libdbus-1-3 libdpkg-perl libexpat1 libexpat1-dev\n  libfakeroot libgirepository-1.0-1 libpython3-dev libpython3-stdlib\n  libpython3.7 libpython3.7-dev patch python-pip-whl python3\n  python3-asn1crypto python3-cffi-backend python3-crypto python3-cryptography\n  python3-dbus python3-dev python3-distutils python3-entrypoints python3-gi\n  python3-keyring python3-keyrings.alt python3-lib2to3 python3-minimal\n  python3-pkg-resources python3-secretstorage python3-setuptools python3-six\n  python3-wheel python3-xdg python3.7-dev xz-utils\nSuggested packages:\n  bzip2-doc default-dbus-session-bus | dbus-session-bus debian-keyring bzr ed\n  diffutils-doc python3-doc python3-tk python3-venv python-crypto-doc\n  python-cryptography-doc python3-cryptography-vectors python-dbus-doc\n  python3-dbus-dbg gnome-keyring libkf5wallet-bin gir1.2-gnomekeyring-1.0\n  python-secretstorage-doc python-setuptools-doc\nRecommended packages:\n  libfile-fcntllock-perl liblocale-gettext-perl\nThe following NEW packages will be installed:\n  build-essential bzip2 dbus dh-python dpkg-dev fakeroot gir1.2-glib-2.0\n  libalgorithm-diff-perl libalgorithm-diff-xs-perl libalgorithm-merge-perl\n  libapparmor1 libdbus-1-3 libexpat1-dev libfakeroot libgirepository-1.0-1\n  libpython3-dev libpython3-stdlib libpython3.7 libpython3.7-dev patch\n  python-pip-whl python3 python3-asn1crypto python3-cffi-backend\n  python3-crypto python3-cryptography python3-dbus python3-dev\n  python3-distutils python3-entrypoints python3-gi python3-keyring\n  python3-keyrings.alt python3-lib2to3 python3-minimal python3-pip\n  python3-pkg-resources python3-secretstorage python3-setuptools python3-six\n  python3-wheel python3-xdg python3.7-dev xz-utils\nThe following packages will be upgraded:\n  libbz2-1.0 libdpkg-perl libexpat1\n3 upgraded, 44 newly installed, 0 to remove and 58 not upgraded.\nNeed to get 59.0 MB of archives.\nAfter this operation, 109 MB of additional disk space will be used.\nGet:1 http://security.debian.org/debian-security buster/updates/main amd64 libbz2-1.0 amd64 1.0.6-9.2~deb10u2 [45.4 kB]\nGet:2 http://deb.debian.org/debian buster/main amd64 python3-minimal amd64 3.7.3-1 [36.6 kB]\nGet:3 http://deb.debian.org/debian buster/main amd64 libpython3-stdlib amd64 3.7.3-1 [20.0 kB]\nGet:4 http://security.debian.org/debian-security buster/updates/main amd64 bzip2 amd64 1.0.6-9.2~deb10u2 [48.5 kB]\nGet:5 http://security.debian.org/debian-security buster/updates/main amd64 libdbus-1-3 amd64 1.12.24-0+deb10u1 [218 kB]\nGet:6 http://deb.debian.org/debian buster/main amd64 python3 amd64 3.7.3-1 [61.5 kB]\nGet:7 http://deb.debian.org/debian buster/main amd64 libapparmor1 amd64 2.13.2-10 [94.7 kB]\nGet:8 http://security.debian.org/debian-security buster/updates/main amd64 libexpat1 amd64 2.2.6-2+deb10u6 [108 kB]\nGet:9 http://deb.debian.org/debian buster/main amd64 xz-utils amd64 5.2.4-1+deb10u1 [183 kB]\nGet:10 http://security.debian.org/debian-security buster/updates/main amd64 dbus amd64 1.12.24-0+deb10u1 [240 kB]\nGet:11 http://deb.debian.org/debian buster/main amd64 libdpkg-perl all 1.19.8 [1415 kB]\nGet:12 http://security.debian.org/debian-security buster/updates/main amd64 libexpat1-dev amd64 2.2.6-2+deb10u6 [155 kB]\nGet:13 http://security.debian.org/debian-security buster/updates/main amd64 libpython3.7 amd64 3.7.3-2+deb10u4 [1498 kB]\nGet:14 http://deb.debian.org/debian buster/main amd64 patch amd64 2.7.6-3+deb10u1 [126 kB]\nGet:15 http://deb.debian.org/debian buster/main amd64 dpkg-dev all 1.19.8 [1776 kB]\nGet:16 http://security.debian.org/debian-security buster/updates/main amd64 libpython3.7-dev amd64 3.7.3-2+deb10u4 [48.4 MB]\nGet:17 http://deb.debian.org/debian buster/main amd64 build-essential amd64 12.6 [7576 B]\nGet:18 http://deb.debian.org/debian buster/main amd64 python3-lib2to3 all 3.7.3-1 [76.7 kB]\nGet:19 http://deb.debian.org/debian buster/main amd64 python3-distutils all 3.7.3-1 [142 kB]\nGet:20 http://deb.debian.org/debian buster/main amd64 dh-python all 3.20190308 [99.3 kB]\nGet:21 http://deb.debian.org/debian buster/main amd64 libfakeroot amd64 1.23-1 [45.9 kB]\nGet:22 http://deb.debian.org/debian buster/main amd64 fakeroot amd64 1.23-1 [85.8 kB]\nGet:23 http://deb.debian.org/debian buster/main amd64 libgirepository-1.0-1 amd64 1.58.3-2 [92.8 kB]\nGet:24 http://deb.debian.org/debian buster/main amd64 gir1.2-glib-2.0 amd64 1.58.3-2 [143 kB]\nGet:25 http://deb.debian.org/debian buster/main amd64 libalgorithm-diff-perl all 1.19.03-2 [47.9 kB]\nGet:26 http://deb.debian.org/debian buster/main amd64 libalgorithm-diff-xs-perl amd64 0.04-5+b1 [11.8 kB]\nGet:27 http://deb.debian.org/debian buster/main amd64 libalgorithm-merge-perl all 0.08-3 [12.7 kB]\nGet:28 http://deb.debian.org/debian buster/main amd64 libpython3-dev amd64 3.7.3-1 [20.1 kB]\nGet:29 http://deb.debian.org/debian buster/main amd64 python-pip-whl all 18.1-5 [1591 kB]\nGet:30 http://deb.debian.org/debian buster/main amd64 python3-asn1crypto all 0.24.0-1 [78.2 kB]\nGet:31 http://deb.debian.org/debian buster/main amd64 python3-cffi-backend amd64 1.12.2-1 [79.7 kB]\nGet:32 http://deb.debian.org/debian buster/main amd64 python3-crypto amd64 2.6.1-9+b1 [263 kB]\nGet:33 http://deb.debian.org/debian buster/main amd64 python3-six all 1.12.0-1 [15.7 kB]\nGet:34 http://deb.debian.org/debian buster/main amd64 python3-cryptography amd64 2.6.1-3+deb10u2 [219 kB]\nGet:35 http://deb.debian.org/debian buster/main amd64 python3-dbus amd64 1.2.8-3 [103 kB]\nGet:36 http://deb.debian.org/debian buster/main amd64 python3-dev amd64 3.7.3-1 [1264 B]\nGet:37 http://deb.debian.org/debian buster/main amd64 python3-entrypoints all 0.3-1 [5508 B]\nGet:38 http://deb.debian.org/debian buster/main amd64 python3-gi amd64 3.30.4-1 [180 kB]\nGet:39 http://deb.debian.org/debian buster/main amd64 python3-secretstorage all 2.3.1-2 [14.2 kB]\nGet:40 http://deb.debian.org/debian buster/main amd64 python3-keyring all 17.1.1-1 [43.1 kB]\nGet:41 http://deb.debian.org/debian buster/main amd64 python3-keyrings.alt all 3.1.1-1 [18.2 kB]\nGet:42 http://deb.debian.org/debian buster/main amd64 python3-pip all 18.1-5 [171 kB]\nGet:43 http://deb.debian.org/debian buster/main amd64 python3-pkg-resources all 40.8.0-1 [153 kB]\nGet:44 http://deb.debian.org/debian buster/main amd64 python3-setuptools all 40.8.0-1 [306 kB]\nGet:45 http://deb.debian.org/debian buster/main amd64 python3-wheel all 0.32.3-2 [19.4 kB]\nGet:46 http://deb.debian.org/debian buster/main amd64 python3-xdg all 0.25-5 [35.9 kB]\nGet:47 http://security.debian.org/debian-security buster/updates/main amd64 python3.7-dev amd64 3.7.3-2+deb10u4 [513 kB]\n\u001b[91mdebconf: delaying package configuration, since apt-utils is not installed\n\u001b[0mFetched 59.0 MB in 4s (15.9 MB/s)\nSelecting previously unselected package python3-minimal.\r\n(Reading database ... \r(Reading database ... 5%\r(Reading database ... 10%\r(Reading database ... 15%\r(Reading database ... 20%\r(Reading database ... 25%\r(Reading database ... 30%\r(Reading database ... 35%\r(Reading database ... 40%\r(Reading database ... 45%\r(Reading database ... 50%\r(Reading database ... 55%\r(Reading database ... 60%\r(Reading database ... 65%\r(Reading database ... 70%\r(Reading database ... 75%\r(Reading database ... 80%\r(Reading database ... 85%\r(Reading database ... 90%\r(Reading database ... 95%\r(Reading database ... 100%\r(Reading database ... 16046 files and directories currently installed.)\r\nPreparing to unpack .../python3-minimal_3.7.3-1_amd64.deb ...\r\nUnpacking python3-minimal (3.7.3-1) ...\r\nSelecting previously unselected package libpython3-stdlib:amd64.\r\nPreparing to unpack .../libpython3-stdlib_3.7.3-1_amd64.deb ...\r\nUnpacking libpython3-stdlib:amd64 (3.7.3-1) ...\r\nSetting up python3-minimal (3.7.3-1) ...\r\nSelecting previously unselected package python3.\r\n(Reading database ... \r(Reading database ... 5%\r(Reading database ... 10%\r(Reading database ... 15%\r(Reading database ... 20%\r(Reading database ... 25%\r(Reading database ... 30%\r(Reading database ... 35%\r(Reading database ... 40%\r(Reading database ... 45%\r(Reading database ... 50%\r(Reading database ... 55%\r(Reading database ... 60%\r(Reading database ... 65%\r(Reading database ... 70%\r(Reading database ... 75%\r(Reading database ... 80%\r(Reading database ... 85%\r(Reading database ... 90%\r(Reading database ... 95%\r(Reading database ... 100%\r(Reading database ... 16073 files and directories currently installed.)\r\nPreparing to unpack .../python3_3.7.3-1_amd64.deb ...\r\nUnpacking python3 (3.7.3-1) ...\r\nPreparing to unpack .../libbz2-1.0_1.0.6-9.2~deb10u2_amd64.deb ...\r\nUnpacking libbz2-1.0:amd64 (1.0.6-9.2~deb10u2) over (1.0.6-9.2~deb10u1) ...\r\nSetting up libbz2-1.0:amd64 (1.0.6-9.2~deb10u2) ...\r\nSelecting previously unselected package bzip2.\r\n(Reading database ... \r(Reading database ... 5%\r(Reading database ... 10%\r(Reading database ... 15%\r(Reading database ... 20%\r(Reading database ... 25%\r(Reading database ... 30%\r(Reading database ... 35%\r(Reading database ... 40%\r(Reading database ... 45%\r(Reading database ... 50%\r(Reading database ... 55%\r(Reading database ... 60%\r(Reading database ... 65%\r(Reading database ... 70%\r(Reading database ... 75%\r(Reading database ... 80%\r(Reading database ... 85%\r(Reading database ... 90%\r(Reading database ... 95%\r(Reading database ... 100%\r(Reading database ... 16106 files and directories currently installed.)\r\nPreparing to unpack .../00-bzip2_1.0.6-9.2~deb10u2_amd64.deb ...\r\nUnpacking bzip2 (1.0.6-9.2~deb10u2) ...\r\nSelecting previously unselected package libapparmor1:amd64.\r\nPreparing to unpack .../01-libapparmor1_2.13.2-10_amd64.deb ...\r\nUnpacking libapparmor1:amd64 (2.13.2-10) ...\r\nSelecting previously unselected package libdbus-1-3:amd64.\r\nPreparing to unpack .../02-libdbus-1-3_1.12.24-0+deb10u1_amd64.deb ...\r\nUnpacking libdbus-1-3:amd64 (1.12.24-0+deb10u1) ...\r\nPreparing to unpack .../03-libexpat1_2.2.6-2+deb10u6_amd64.deb ...\r\nUnpacking libexpat1:amd64 (2.2.6-2+deb10u6) over (2.2.6-2+deb10u1) ...\r\nSelecting previously unselected package dbus.\r\nPreparing to unpack .../04-dbus_1.12.24-0+deb10u1_amd64.deb ...\r\nUnpacking dbus (1.12.24-0+deb10u1) ...\r\nSelecting previously unselected package xz-utils.\r\nPreparing to unpack .../05-xz-utils_5.2.4-1+deb10u1_amd64.deb ...\r\nUnpacking xz-utils (5.2.4-1+deb10u1) ...\r\nPreparing to unpack .../06-libdpkg-perl_1.19.8_all.deb ...\r\nUnpacking libdpkg-perl (1.19.8) over (1.19.7) ...\r\nSelecting previously unselected package patch.\r\nPreparing to unpack .../07-patch_2.7.6-3+deb10u1_amd64.deb ...\r\nUnpacking patch (2.7.6-3+deb10u1) ...\r\nSelecting previously unselected package dpkg-dev.\r\nPreparing to unpack .../08-dpkg-dev_1.19.8_all.deb ...\r\nUnpacking dpkg-dev (1.19.8) ...\r\nSelecting previously unselected package build-essential.\r\nPreparing to unpack .../09-build-essential_12.6_amd64.deb ...\r\nUnpacking build-essential (12.6) ...\r\nSelecting previously unselected package python3-lib2to3.\r\nPreparing to unpack .../10-python3-lib2to3_3.7.3-1_all.deb ...\r\nUnpacking python3-lib2to3 (3.7.3-1) ...\r\nSelecting previously unselected package python3-distutils.\r\nPreparing to unpack .../11-python3-distutils_3.7.3-1_all.deb ...\r\nUnpacking python3-distutils (3.7.3-1) ...\r\nSelecting previously unselected package dh-python.\r\nPreparing to unpack .../12-dh-python_3.20190308_all.deb ...\r\nUnpacking dh-python (3.20190308) ...\r\nSelecting previously unselected package libfakeroot:amd64.\r\nPreparing to unpack .../13-libfakeroot_1.23-1_amd64.deb ...\r\nUnpacking libfakeroot:amd64 (1.23-1) ...\r\nSelecting previously unselected package fakeroot.\r\nPreparing to unpack .../14-fakeroot_1.23-1_amd64.deb ...\r\nUnpacking fakeroot (1.23-1) ...\r\nSelecting previously unselected package libgirepository-1.0-1:amd64.\r\nPreparing to unpack .../15-libgirepository-1.0-1_1.58.3-2_amd64.deb ...\r\nUnpacking libgirepository-1.0-1:amd64 (1.58.3-2) ...\r\nSelecting previously unselected package gir1.2-glib-2.0:amd64.\r\nPreparing to unpack .../16-gir1.2-glib-2.0_1.58.3-2_amd64.deb ...\r\nUnpacking gir1.2-glib-2.0:amd64 (1.58.3-2) ...\r\nSelecting previously unselected package libalgorithm-diff-perl.\r\nPreparing to unpack .../17-libalgorithm-diff-perl_1.19.03-2_all.deb ...\r\nUnpacking libalgorithm-diff-perl (1.19.03-2) ...\r\nSelecting previously unselected package libalgorithm-diff-xs-perl.\r\nPreparing to unpack .../18-libalgorithm-diff-xs-perl_0.04-5+b1_amd64.deb ...\r\nUnpacking libalgorithm-diff-xs-perl (0.04-5+b1) ...\r\nSelecting previously unselected package libalgorithm-merge-perl.\r\nPreparing to unpack .../19-libalgorithm-merge-perl_0.08-3_all.deb ...\r\nUnpacking libalgorithm-merge-perl (0.08-3) ...\r\nSelecting previously unselected package libexpat1-dev:amd64.\r\nPreparing to unpack .../20-libexpat1-dev_2.2.6-2+deb10u6_amd64.deb ...\r\nUnpacking libexpat1-dev:amd64 (2.2.6-2+deb10u6) ...\r\nSelecting previously unselected package libpython3.7:amd64.\r\nPreparing to unpack .../21-libpython3.7_3.7.3-2+deb10u4_amd64.deb ...\r\nUnpacking libpython3.7:amd64 (3.7.3-2+deb10u4) ...\r\nSelecting previously unselected package libpython3.7-dev:amd64.\r\nPreparing to unpack .../22-libpython3.7-dev_3.7.3-2+deb10u4_amd64.deb ...\r\nUnpacking libpython3.7-dev:amd64 (3.7.3-2+deb10u4) ...\r\nSelecting previously unselected package libpython3-dev:amd64.\r\nPreparing to unpack .../23-libpython3-dev_3.7.3-1_amd64.deb ...\r\nUnpacking libpython3-dev:amd64 (3.7.3-1) ...\r\nSelecting previously unselected package python-pip-whl.\r\nPreparing to unpack .../24-python-pip-whl_18.1-5_all.deb ...\r\nUnpacking python-pip-whl (18.1-5) ...\r\nSelecting previously unselected package python3-asn1crypto.\r\nPreparing to unpack .../25-python3-asn1crypto_0.24.0-1_all.deb ...\r\nUnpacking python3-asn1crypto (0.24.0-1) ...\r\nSelecting previously unselected package python3-cffi-backend.\r\nPreparing to unpack .../26-python3-cffi-backend_1.12.2-1_amd64.deb ...\r\nUnpacking python3-cffi-backend (1.12.2-1) ...\r\nSelecting previously unselected package python3-crypto.\r\nPreparing to unpack .../27-python3-crypto_2.6.1-9+b1_amd64.deb ...\r\nUnpacking python3-crypto (2.6.1-9+b1) ...\r\nSelecting previously unselected package python3-six.\r\nPreparing to unpack .../28-python3-six_1.12.0-1_all.deb ...\r\nUnpacking python3-six (1.12.0-1) ...\r\nSelecting previously unselected package python3-cryptography.\r\nPreparing to unpack .../29-python3-cryptography_2.6.1-3+deb10u2_amd64.deb ...\r\nUnpacking python3-cryptography (2.6.1-3+deb10u2) ...\r\nSelecting previously unselected package python3-dbus.\r\nPreparing to unpack .../30-python3-dbus_1.2.8-3_amd64.deb ...\r\nUnpacking python3-dbus (1.2.8-3) ...\r\nSelecting previously unselected package python3.7-dev.\r\nPreparing to unpack .../31-python3.7-dev_3.7.3-2+deb10u4_amd64.deb ...\r\nUnpacking python3.7-dev (3.7.3-2+deb10u4) ...\r\nSelecting previously unselected package python3-dev.\r\nPreparing to unpack .../32-python3-dev_3.7.3-1_amd64.deb ...\r\nUnpacking python3-dev (3.7.3-1) ...\r\nSelecting previously unselected package python3-entrypoints.\r\nPreparing to unpack .../33-python3-entrypoints_0.3-1_all.deb ...\r\nUnpacking python3-entrypoints (0.3-1) ...\r\nSelecting previously unselected package python3-gi.\r\nPreparing to unpack .../34-python3-gi_3.30.4-1_amd64.deb ...\r\nUnpacking python3-gi (3.30.4-1) ...\r\nSelecting previously unselected package python3-secretstorage.\r\nPreparing to unpack .../35-python3-secretstorage_2.3.1-2_all.deb ...\r\nUnpacking python3-secretstorage (2.3.1-2) ...\r\nSelecting previously unselected package python3-keyring.\r\nPreparing to unpack .../36-python3-keyring_17.1.1-1_all.deb ...\r\nUnpacking python3-keyring (17.1.1-1) ...\r\nSelecting previously unselected package python3-keyrings.alt.\r\nPreparing to unpack .../37-python3-keyrings.alt_3.1.1-1_all.deb ...\r\nUnpacking python3-keyrings.alt (3.1.1-1) ...\r\nSelecting previously unselected package python3-pip.\r\nPreparing to unpack .../38-python3-pip_18.1-5_all.deb ...\r\nUnpacking python3-pip (18.1-5) ...\r\nSelecting previously unselected package python3-pkg-resources.\r\nPreparing to unpack .../39-python3-pkg-resources_40.8.0-1_all.deb ...\r\nUnpacking python3-pkg-resources (40.8.0-1) ...\r\nSelecting previously unselected package python3-setuptools.\r\nPreparing to unpack .../40-python3-setuptools_40.8.0-1_all.deb ...\r\nUnpacking python3-setuptools (40.8.0-1) ...\r\nSelecting previously unselected package python3-wheel.\r\nPreparing to unpack .../41-python3-wheel_0.32.3-2_all.deb ...\r\nUnpacking python3-wheel (0.32.3-2) ...\r\nSelecting previously unselected package python3-xdg.\r\nPreparing to unpack .../42-python3-xdg_0.25-5_all.deb ...\r\nUnpacking python3-xdg (0.25-5) ...\r\nSetting up libexpat1:amd64 (2.2.6-2+deb10u6) ...\r\nSetting up libapparmor1:amd64 (2.13.2-10) ...\r\nSetting up libpython3.7:amd64 (3.7.3-2+deb10u4) ...\r\nSetting up libalgorithm-diff-perl (1.19.03-2) ...\r\nSetting up bzip2 (1.0.6-9.2~deb10u2) ...\r\nSetting up libfakeroot:amd64 (1.23-1) ...\r\nSetting up fakeroot (1.23-1) ...\r\nupdate-alternatives: using /usr/bin/fakeroot-sysv to provide /usr/bin/fakeroot (fakeroot) in auto mode\r\nSetting up libexpat1-dev:amd64 (2.2.6-2+deb10u6) ...\r\nSetting up libdbus-1-3:amd64 (1.12.24-0+deb10u1) ...\r\nSetting up dbus (1.12.24-0+deb10u1) ...\r\ninvoke-rc.d: could not determine current runlevel\r\ninvoke-rc.d: policy-rc.d denied execution of start.\r\nSetting up xz-utils (5.2.4-1+deb10u1) ...\r\nupdate-alternatives: using /usr/bin/xz to provide /usr/bin/lzma (lzma) in auto mode\r\nSetting up patch (2.7.6-3+deb10u1) ...\r\nSetting up libdpkg-perl (1.19.8) ...\r\nSetting up libgirepository-1.0-1:amd64 (1.58.3-2) ...\r\nSetting up python-pip-whl (18.1-5) ...\r\nSetting up libalgorithm-diff-xs-perl (0.04-5+b1) ...\r\nSetting up libpython3-stdlib:amd64 (3.7.3-1) ...\r\nSetting up libalgorithm-merge-perl (0.08-3) ...\r\nSetting up libpython3.7-dev:amd64 (3.7.3-2+deb10u4) ...\r\nSetting up python3 (3.7.3-1) ...\r\nrunning python rtupdate hooks for python3.7...\r\nrunning python post-rtupdate hooks for python3.7...\r\nSetting up python3-xdg (0.25-5) ...\r\nSetting up python3-wheel (0.32.3-2) ...\r\nSetting up python3.7-dev (3.7.3-2+deb10u4) ...\r\nSetting up dpkg-dev (1.19.8) ...\r\nSetting up python3-six (1.12.0-1) ...\r\nSetting up gir1.2-glib-2.0:amd64 (1.58.3-2) ...\r\nSetting up build-essential (12.6) ...\r\nSetting up python3-crypto (2.6.1-9+b1) ...\r\nSetting up python3-lib2to3 (3.7.3-1) ...\r\nSetting up python3-asn1crypto (0.24.0-1) ...\r\nSetting up python3-cffi-backend (1.12.2-1) ...\r\nSetting up python3-pkg-resources (40.8.0-1) ...\r\nSetting up python3-entrypoints (0.3-1) ...\r\nSetting up python3-distutils (3.7.3-1) ...\r\nSetting up dh-python (3.20190308) ...\r\nSetting up python3-dbus (1.2.8-3) ...\r\nSetting up libpython3-dev:amd64 (3.7.3-1) ...\r\nSetting up python3-setuptools (40.8.0-1) ...\r\nSetting up python3-cryptography (2.6.1-3+deb10u2) ...\r\nSetting up python3-dev (3.7.3-1) ...\r\nSetting up python3-gi (3.30.4-1) ...\r\nSetting up python3-pip (18.1-5) ...\r\nSetting up python3-keyrings.alt (3.1.1-1) ...\r\nSetting up python3-secretstorage (2.3.1-2) ...\r\nSetting up python3-keyring (17.1.1-1) ...\r\nProcessing triggers for libc-bin (2.28-10) ...\r\nReading package lists...\nBuilding dependency tree...\nReading state information...\nThe following additional packages will be installed:\n  libpq5\nSuggested packages:\n  postgresql-doc-11 zip\nThe following NEW packages will be installed:\n  libpq-dev libpq5 unzip\n0 upgraded, 3 newly installed, 0 to remove and 58 not upgraded.\nNeed to get 512 kB of archives.\nAfter this operation, 2051 kB of additional disk space will be used.\nGet:1 http://security.debian.org/debian-security buster/updates/main amd64 libpq5 amd64 11.18-0+deb10u1 [173 kB]\nGet:2 http://security.debian.org/debian-security buster/updates/main amd64 libpq-dev amd64 11.18-0+deb10u1 [167 kB]\nGet:3 http://security.debian.org/debian-security buster/updates/main amd64 unzip amd64 6.0-23+deb10u3 [172 kB]\n\u001b[91mdebconf: delaying package configuration, since apt-utils is not installed\n\u001b[0mFetched 512 kB in 1s (987 kB/s)\nSelecting previously unselected package libpq5:amd64.\r\n(Reading database ... \r(Reading database ... 5%\r(Reading database ... 10%\r(Reading database ... 15%\r(Reading database ... 20%\r(Reading database ... 25%\r(Reading database ... 30%\r(Reading database ... 35%\r(Reading database ... 40%\r(Reading database ... 45%\r(Reading database ... 50%\r(Reading database ... 55%\r(Reading database ... 60%\r(Reading database ... 65%\r(Reading database ... 70%\r(Reading database ... 75%\r(Reading database ... 80%\r(Reading database ... 85%\r(Reading database ... 90%\r(Reading database ... 95%\r(Reading database ... 100%\r(Reading database ... 17779 files and directories currently installed.)\r\nPreparing to unpack .../libpq5_11.18-0+deb10u1_amd64.deb ...\r\nUnpacking libpq5:amd64 (11.18-0+deb10u1) ...\r\nSelecting previously unselected package libpq-dev.\r\nPreparing to unpack .../libpq-dev_11.18-0+deb10u1_amd64.deb ...\r\nUnpacking libpq-dev (11.18-0+deb10u1) ...\r\nSelecting previously unselected package unzip.\r\nPreparing to unpack .../unzip_6.0-23+deb10u3_amd64.deb ...\r\nUnpacking unzip (6.0-23+deb10u3) ...\r\nSetting up unzip (6.0-23+deb10u3) ...\r\nSetting up libpq5:amd64 (11.18-0+deb10u1) ...\r\nSetting up libpq-dev (11.18-0+deb10u1) ...\r\nProcessing triggers for libc-bin (2.28-10) ...\r\nProcessing triggers for mime-support (3.62) ...\r\nRemoving intermediate container 3c70b92c9c8c\n ---> 3cb64687ceb8\nStep 14/31 : RUN pip3 install virtualenv && pip3 install requests\n ---> Running in 5cac56403ebd\nCollecting virtualenv\n  Downloading https://files.pythonhosted.org/packages/18/a2/7931d40ecb02b5236a34ac53770f2f6931e3082b7a7dafe915d892d749d6/virtualenv-20.17.1-py3-none-any.whl (8.8MB)\nCollecting filelock<4,>=3.4.1 (from virtualenv)\n  Downloading https://files.pythonhosted.org/packages/14/4c/b201d0292ca4e0950f0741212935eac9996f69cd66b92a3587e594999163/filelock-3.9.0-py3-none-any.whl\nCollecting platformdirs<3,>=2.4 (from virtualenv)\n  Downloading https://files.pythonhosted.org/packages/c1/c7/9be9d651b93efce682b45142a6267034fc4215972780748618c02e236361/platformdirs-2.6.2-py3-none-any.whl\nCollecting distlib<1,>=0.3.6 (from virtualenv)\n  Downloading https://files.pythonhosted.org/packages/76/cb/6bbd2b10170ed991cf64e8c8b85e01f2fb38f95d1bc77617569e0b0b26ac/distlib-0.3.6-py2.py3-none-any.whl (468kB)\nCollecting importlib-metadata>=4.8.3; python_version < \"3.8\" (from virtualenv)\n  Downloading https://files.pythonhosted.org/packages/26/a7/9da7d5b23fc98ab3d424ac2c65613d63c1f401efb84ad50f2fa27b2caab4/importlib_metadata-6.0.0-py3-none-any.whl\nCollecting typing-extensions>=4.4; python_version < \"3.8\" (from platformdirs<3,>=2.4->virtualenv)\n  Downloading https://files.pythonhosted.org/packages/0b/8e/f1a0a5a76cfef77e1eb6004cb49e5f8d72634da638420b9ea492ce8305e8/typing_extensions-4.4.0-py3-none-any.whl\nCollecting zipp>=0.5 (from importlib-metadata>=4.8.3; python_version < \"3.8\"->virtualenv)\n  Downloading https://files.pythonhosted.org/packages/d8/20/256eb3f3f437c575fb1a2efdce5e801a5ce3162ea8117da96c43e6ee97d8/zipp-3.11.0-py3-none-any.whl\nInstalling collected packages: filelock, typing-extensions, platformdirs, distlib, zipp, importlib-metadata, virtualenv\nSuccessfully installed distlib-0.3.6 filelock-3.9.0 importlib-metadata-6.0.0 platformdirs-2.6.2 typing-extensions-4.4.0 virtualenv-20.17.1 zipp-3.11.0\nCollecting requests\n  Downloading https://files.pythonhosted.org/packages/ca/91/6d9b8ccacd0412c08820f72cebaa4f0c0441b5cda699c90f618b6f8a1b42/requests-2.28.1-py3-none-any.whl (62kB)\nCollecting idna<4,>=2.5 (from requests)\n  Downloading https://files.pythonhosted.org/packages/fc/34/3030de6f1370931b9dbb4dad48f6ab1015ab1d32447850b9fc94e60097be/idna-3.4-py3-none-any.whl (61kB)\nCollecting certifi>=2017.4.17 (from requests)\n  Downloading https://files.pythonhosted.org/packages/71/4c/3db2b8021bd6f2f0ceb0e088d6b2d49147671f25832fb17970e9b583d742/certifi-2022.12.7-py3-none-any.whl (155kB)\nCollecting charset-normalizer<3,>=2 (from requests)\n  Downloading https://files.pythonhosted.org/packages/db/51/a507c856293ab05cdc1db77ff4bc1268ddd39f29e7dc4919aa497f0adbec/charset_normalizer-2.1.1-py3-none-any.whl\nCollecting urllib3<1.27,>=1.21.1 (from requests)\n  Downloading https://files.pythonhosted.org/packages/65/0c/cc6644eaa594585e5875f46f3c83ee8762b647b51fc5b0fb253a242df2dc/urllib3-1.26.13-py2.py3-none-any.whl (140kB)\nInstalling collected packages: idna, certifi, charset-normalizer, urllib3, requests\nSuccessfully installed certifi-2022.12.7 charset-normalizer-2.1.1 idna-3.4 requests-2.28.1 urllib3-1.26.13\nRemoving intermediate container 5cac56403ebd\n ---> d76b6213bf3d\nStep 15/31 : RUN virtualenv /opt/v_1_0_1 -p python3\n ---> Running in bc533f1c63c8\ncreated virtual environment CPython3.7.3.final.0-64 in 377ms\n  creator CPython3Posix(dest=/opt/v_1_0_1, clear=False, no_vcs_ignore=False, global=False)\n  seeder FromAppData(download=False, pip=bundle, setuptools=bundle, wheel=bundle, via=copy, app_data_dir=/root/.local/share/virtualenv)\n    added seed packages: pip==22.3.1, setuptools==65.6.3, wheel==0.38.4\n  activators BashActivator,CShellActivator,FishActivator,NushellActivator,PowerShellActivator,PythonActivator\nRemoving intermediate container bc533f1c63c8\n ---> 45f7465ff8c1\nStep 16/31 : RUN virtualenv /opt/latest -p python3\n ---> Running in 1068ce93b1de\ncreated virtual environment CPython3.7.3.final.0-64 in 171ms\n  creator CPython3Posix(dest=/opt/latest, clear=False, no_vcs_ignore=False, global=False)\n  seeder FromAppData(download=False, pip=bundle, setuptools=bundle, wheel=bundle, via=copy, app_data_dir=/root/.local/share/virtualenv)\n    added seed packages: pip==22.3.1, setuptools==65.6.3, wheel==0.38.4\n  activators BashActivator,CShellActivator,FishActivator,NushellActivator,PowerShellActivator,PythonActivator\nRemoving intermediate container 1068ce93b1de\n ---> ba638e56ab02\nStep 17/31 : RUN /opt/v_1_0_1/bin/pip install https://github.com/Netflix/metaflow-service/archive/1.0.1.zip\n ---> Running in 226921dfab8d\nCollecting https://github.com/Netflix/metaflow-service/archive/1.0.1.zip\n  Downloading https://github.com/Netflix/metaflow-service/archive/1.0.1.zip\n     \\ 24.0 kB 1.0 MB/s 0:00:00\n  Preparing metadata (setup.py): started\n  Preparing metadata (setup.py): finished with status 'done'\nCollecting aiohttp\n  Downloading aiohttp-3.8.3-cp37-cp37m-manylinux_2_17_x86_64.manylinux2014_x86_64.whl (948 kB)\n     ━━━━━━━━━━━━━━━━━━━━━━━━━━━━━━━━━━━━━━ 948.0/948.0 kB 22.3 MB/s eta 0:00:00\nCollecting aiohttp_swagger\n  Downloading aiohttp_swagger-1.0.16-py3-none-any.whl (3.3 MB)\n     ━━━━━━━━━━━━━━━━━━━━━━━━━━━━━━━━━━━━━━━━ 3.3/3.3 MB 53.5 MB/s eta 0:00:00\nCollecting psycopg2\n  Downloading psycopg2-2.9.5.tar.gz (384 kB)\n     ━━━━━━━━━━━━━━━━━━━━━━━━━━━━━━━━━━━━━━ 384.3/384.3 kB 33.4 MB/s eta 0:00:00\n  Preparing metadata (setup.py): started\n  Preparing metadata (setup.py): finished with status 'done'\nCollecting aiopg\n  Downloading aiopg-1.4.0-py3-none-any.whl (34 kB)\nCollecting boto3\n  Downloading boto3-1.26.42-py3-none-any.whl (132 kB)\n     ━━━━━━━━━━━━━━━━━━━━━━━━━━━━━━━━━━━━━ 132.7/132.7 kB 956.7 kB/s eta 0:00:00\nCollecting charset-normalizer<3.0,>=2.0\n  Using cached charset_normalizer-2.1.1-py3-none-any.whl (39 kB)\nCollecting aiosignal>=1.1.2\n  Downloading aiosignal-1.3.1-py3-none-any.whl (7.6 kB)\nCollecting yarl<2.0,>=1.0\n  Downloading yarl-1.8.2-cp37-cp37m-manylinux_2_17_x86_64.manylinux2014_x86_64.whl (231 kB)\n     ━━━━━━━━━━━━━━━━━━━━━━━━━━━━━━━━━━━━━━━ 231.4/231.4 kB 3.6 MB/s eta 0:00:00\nCollecting frozenlist>=1.1.1\n  Downloading frozenlist-1.3.3-cp37-cp37m-manylinux_2_5_x86_64.manylinux1_x86_64.manylinux_2_17_x86_64.manylinux2014_x86_64.whl (148 kB)\n     ━━━━━━━━━━━━━━━━━━━━━━━━━━━━━━━━━━━━━━━ 148.0/148.0 kB 1.2 MB/s eta 0:00:00\nCollecting asynctest==0.13.0\n  Downloading asynctest-0.13.0-py3-none-any.whl (26 kB)\nCollecting typing-extensions>=3.7.4\n  Using cached typing_extensions-4.4.0-py3-none-any.whl (26 kB)\nCollecting multidict<7.0,>=4.5\n  Downloading multidict-6.0.4-cp37-cp37m-manylinux_2_17_x86_64.manylinux2014_x86_64.whl (94 kB)\n     ━━━━━━━━━━━━━━━━━━━━━━━━━━━━━━━━━━━━━━━━ 94.8/94.8 kB 5.8 MB/s eta 0:00:00\nCollecting async-timeout<5.0,>=4.0.0a3\n  Downloading async_timeout-4.0.2-py3-none-any.whl (5.8 kB)\nCollecting attrs>=17.3.0\n  Downloading attrs-22.2.0-py3-none-any.whl (60 kB)\n     ━━━━━━━━━━━━━━━━━━━━━━━━━━━━━━━━━━━━━━━━ 60.0/60.0 kB 2.6 MB/s eta 0:00:00\nCollecting pyYAML>=5.1\n  Downloading PyYAML-6.0-cp37-cp37m-manylinux_2_5_x86_64.manylinux1_x86_64.manylinux_2_12_x86_64.manylinux2010_x86_64.whl (596 kB)\n     ━━━━━━━━━━━━━━━━━━━━━━━━━━━━━━━━━━━━━━ 596.3/596.3 kB 21.8 MB/s eta 0:00:00\nCollecting jinja2>=2.11.2\n  Downloading Jinja2-3.1.2-py3-none-any.whl (133 kB)\n     ━━━━━━━━━━━━━━━━━━━━━━━━━━━━━━━━━━━━━━━ 133.1/133.1 kB 8.6 MB/s eta 0:00:00\nCollecting psycopg2-binary>=2.9.5\n  Downloading psycopg2_binary-2.9.5-cp37-cp37m-manylinux_2_17_x86_64.manylinux2014_x86_64.whl (3.0 MB)\n     ━━━━━━━━━━━━━━━━━━━━━━━━━━━━━━━━━━━━━━━━ 3.0/3.0 MB 32.7 MB/s eta 0:00:00\nCollecting s3transfer<0.7.0,>=0.6.0\n  Downloading s3transfer-0.6.0-py3-none-any.whl (79 kB)\n     ━━━━━━━━━━━━━━━━━━━━━━━━━━━━━━━━━━━━━━━━ 79.6/79.6 kB 7.8 MB/s eta 0:00:00\nCollecting botocore<1.30.0,>=1.29.42\n  Downloading botocore-1.29.42-py3-none-any.whl (10.3 MB)\n     ━━━━━━━━━━━━━━━━━━━━━━━━━━━━━━━━━━━━━━━━ 10.3/10.3 MB 43.7 MB/s eta 0:00:00\nCollecting jmespath<2.0.0,>=0.7.1\n  Downloading jmespath-1.0.1-py3-none-any.whl (20 kB)\nCollecting python-dateutil<3.0.0,>=2.1\n  Downloading python_dateutil-2.8.2-py2.py3-none-any.whl (247 kB)\n     ━━━━━━━━━━━━━━━━━━━━━━━━━━━━━━━━━━━━━━ 247.7/247.7 kB 20.9 MB/s eta 0:00:00\nCollecting urllib3<1.27,>=1.25.4\n  Using cached urllib3-1.26.13-py2.py3-none-any.whl (140 kB)\nCollecting MarkupSafe>=2.0\n  Downloading MarkupSafe-2.1.1-cp37-cp37m-manylinux_2_17_x86_64.manylinux2014_x86_64.whl (25 kB)\nCollecting idna>=2.0\n  Using cached idna-3.4-py3-none-any.whl (61 kB)\nCollecting six>=1.5\n  Downloading six-1.16.0-py2.py3-none-any.whl (11 kB)\nBuilding wheels for collected packages: metadata-service, psycopg2\n  Building wheel for metadata-service (setup.py): started\n  Building wheel for metadata-service (setup.py): finished with status 'done'\n  Created wheel for metadata-service: filename=metadata_service-1.0.1-py3-none-any.whl size=20753 sha256=4c181ba743c246b1dafb0af920ba1dec4b96d89ed6d3383767ebe794b3bd2ffe\n  Stored in directory: /tmp/pip-ephem-wheel-cache-bo4lwyg2/wheels/19/55/01/d349b5e343de251cff6849ecb064dfb9dd6a9bf646fa222836\n  Building wheel for psycopg2 (setup.py): started\n  Building wheel for psycopg2 (setup.py): finished with status 'done'\n  Created wheel for psycopg2: filename=psycopg2-2.9.5-cp37-cp37m-linux_x86_64.whl size=298554 sha256=ecddb6eb60a207e381abeb778489c343d15d9cb223217ece8df0ea6960cfa916\n  Stored in directory: /root/.cache/pip/wheels/71/cf/3b/6938209e9f18871e3403f56800318298d49459e81f9656f4af\nSuccessfully built metadata-service psycopg2\nInstalling collected packages: urllib3, typing-extensions, six, pyYAML, psycopg2-binary, psycopg2, multidict, MarkupSafe, jmespath, idna, frozenlist, charset-normalizer, attrs, asynctest, yarl, python-dateutil, jinja2, async-timeout, aiosignal, botocore, aiopg, aiohttp, s3transfer, aiohttp_swagger, boto3, metadata-service\nSuccessfully installed MarkupSafe-2.1.1 aiohttp-3.8.3 aiohttp_swagger-1.0.16 aiopg-1.4.0 aiosignal-1.3.1 async-timeout-4.0.2 asynctest-0.13.0 attrs-22.2.0 boto3-1.26.42 botocore-1.29.42 charset-normalizer-2.1.1 frozenlist-1.3.3 idna-3.4 jinja2-3.1.2 jmespath-1.0.1 metadata-service-1.0.1 multidict-6.0.4 psycopg2-2.9.5 psycopg2-binary-2.9.5 pyYAML-6.0 python-dateutil-2.8.2 s3transfer-0.6.0 six-1.16.0 typing-extensions-4.4.0 urllib3-1.26.13 yarl-1.8.2\nRemoving intermediate container 226921dfab8d\n ---> 9126d7789740\nStep 18/31 : ADD services/__init__.py /root/services/\n ---> 47d5b8710463\nStep 19/31 : ADD services/data/service_configs.py /root/services/\n ---> a783136ed36f\nStep 20/31 : ADD services/data /root/services/data\n ---> 7001fec5c926\nStep 21/31 : ADD services/metadata_service /root/services/metadata_service\n ---> b23e379c0341\nStep 22/31 : ADD services/ui_backend_service /root/services/ui_backend_service\n ---> 878d6d20710f\nStep 23/31 : ADD services/utils /root/services/utils\n ---> 78532b7e7d52\nStep 24/31 : ADD setup.py setup.cfg run_goose.py /root/\n ---> 8f901b2ea78e\nStep 25/31 : WORKDIR /root\n ---> Running in b0d131eae009\nRemoving intermediate container b0d131eae009\n ---> 52a6410718cd\nStep 26/31 : RUN /opt/latest/bin/pip install .\n ---> Running in 4f303ddbe7d0\nProcessing /root\n  Preparing metadata (setup.py): started\n  Preparing metadata (setup.py): finished with status 'done'\nCollecting aiohttp<4,>=3.8.1\n  Using cached aiohttp-3.8.3-cp37-cp37m-manylinux_2_17_x86_64.manylinux2014_x86_64.whl (948 kB)\nCollecting psycopg2\n  Using cached psycopg2-2.9.5-cp37-cp37m-linux_x86_64.whl\nCollecting boto3\n  Using cached boto3-1.26.42-py3-none-any.whl (132 kB)\nCollecting aiopg\n  Using cached aiopg-1.4.0-py3-none-any.whl (34 kB)\nCollecting pyee==8.0.1\n  Downloading pyee-8.0.1-py2.py3-none-any.whl (12 kB)\nCollecting throttler==1.2.0\n  Downloading throttler-1.2.0-py3-none-any.whl (7.6 kB)\nCollecting pygit2==1.6.1\n  Downloading pygit2-1.6.1-cp37-cp37m-manylinux_2_17_x86_64.manylinux2014_x86_64.whl (4.6 MB)\n     ━━━━━━━━━━━━━━━━━━━━━━━━━━━━━━━━━━━━━━━━ 4.6/4.6 MB 6.6 MB/s eta 0:00:00\nCollecting aiohttp_cors==0.7.0\n  Downloading aiohttp_cors-0.7.0-py3-none-any.whl (27 kB)\nCollecting metaflow>=2.7.7\n  Downloading metaflow-2.7.18-py2.py3-none-any.whl (872 kB)\n     ━━━━━━━━━━━━━━━━━━━━━━━━━━━━━━━━━━━━━━ 872.5/872.5 kB 29.2 MB/s eta 0:00:00\nCollecting click==8.0.3\n  Downloading click-8.0.3-py3-none-any.whl (97 kB)\n     ━━━━━━━━━━━━━━━━━━━━━━━━━━━━━━━━━━━━━━━━ 97.5/97.5 kB 6.1 MB/s eta 0:00:00\nCollecting azure-storage-blob==12.13.1\n  Downloading azure_storage_blob-12.13.1-py3-none-any.whl (377 kB)\n     ━━━━━━━━━━━━━━━━━━━━━━━━━━━━━━━━━━━━━━ 377.4/377.4 kB 31.2 MB/s eta 0:00:00\nCollecting azure-identity==1.10.0\n  Downloading azure_identity-1.10.0-py3-none-any.whl (134 kB)\n     ━━━━━━━━━━━━━━━━━━━━━━━━━━━━━━━━━━━━━━ 134.1/134.1 kB 14.6 MB/s eta 0:00:00\nCollecting cryptography>=2.5\n  Downloading cryptography-39.0.0-cp36-abi3-manylinux_2_28_x86_64.whl (4.2 MB)\n     ━━━━━━━━━━━━━━━━━━━━━━━━━━━━━━━━━━━━━━━━ 4.2/4.2 MB 48.1 MB/s eta 0:00:00\nCollecting azure-core<2.0.0,>=1.11.0\n  Downloading azure_core-1.26.1-py3-none-any.whl (172 kB)\n     ━━━━━━━━━━━━━━━━━━━━━━━━━━━━━━━━━━━━━━━ 172.6/172.6 kB 9.3 MB/s eta 0:00:00\nCollecting msal<2.0.0,>=1.12.0\n  Downloading msal-1.20.0-py2.py3-none-any.whl (90 kB)\n     ━━━━━━━━━━━━━━━━━━━━━━━━━━━━━━━━━━━━━━━━ 90.0/90.0 kB 6.6 MB/s eta 0:00:00\nCollecting six>=1.12.0\n  Using cached six-1.16.0-py2.py3-none-any.whl (11 kB)\nCollecting msal-extensions<2.0.0,>=0.3.0\n  Downloading msal_extensions-1.0.0-py2.py3-none-any.whl (19 kB)\nCollecting msrest>=0.6.21\n  Downloading msrest-0.7.1-py3-none-any.whl (85 kB)\n     ━━━━━━━━━━━━━━━━━━━━━━━━━━━━━━━━━━━━━━━━ 85.4/85.4 kB 6.0 MB/s eta 0:00:00\nCollecting importlib-metadata\n  Using cached importlib_metadata-6.0.0-py3-none-any.whl (21 kB)\nCollecting cached-property\n  Downloading cached_property-1.5.2-py2.py3-none-any.whl (7.6 kB)\nCollecting cffi>=1.4.0\n  Downloading cffi-1.15.1-cp37-cp37m-manylinux_2_17_x86_64.manylinux2014_x86_64.whl (427 kB)\n     ━━━━━━━━━━━━━━━━━━━━━━━━━━━━━━━━━━━━━━━ 427.9/427.9 kB 1.2 MB/s eta 0:00:00\nCollecting asynctest==0.13.0\n  Using cached asynctest-0.13.0-py3-none-any.whl (26 kB)\nCollecting typing-extensions>=3.7.4\n  Using cached typing_extensions-4.4.0-py3-none-any.whl (26 kB)\nCollecting frozenlist>=1.1.1\n  Using cached frozenlist-1.3.3-cp37-cp37m-manylinux_2_5_x86_64.manylinux1_x86_64.manylinux_2_17_x86_64.manylinux2014_x86_64.whl (148 kB)\nCollecting aiosignal>=1.1.2\n  Using cached aiosignal-1.3.1-py3-none-any.whl (7.6 kB)\nCollecting yarl<2.0,>=1.0\n  Using cached yarl-1.8.2-cp37-cp37m-manylinux_2_17_x86_64.manylinux2014_x86_64.whl (231 kB)\nCollecting attrs>=17.3.0\n  Using cached attrs-22.2.0-py3-none-any.whl (60 kB)\nCollecting charset-normalizer<3.0,>=2.0\n  Using cached charset_normalizer-2.1.1-py3-none-any.whl (39 kB)\nCollecting async-timeout<5.0,>=4.0.0a3\n  Using cached async_timeout-4.0.2-py3-none-any.whl (5.8 kB)\nCollecting multidict<7.0,>=4.5\n  Using cached multidict-6.0.4-cp37-cp37m-manylinux_2_17_x86_64.manylinux2014_x86_64.whl (94 kB)\nCollecting pylint\n  Downloading pylint-2.15.9-py3-none-any.whl (509 kB)\n     ━━━━━━━━━━━━━━━━━━━━━━━━━━━━━━━━━━━━━━ 509.3/509.3 kB 26.9 MB/s eta 0:00:00\nCollecting requests\n  Using cached requests-2.28.1-py3-none-any.whl (62 kB)\nCollecting psycopg2-binary>=2.9.5\n  Using cached psycopg2_binary-2.9.5-cp37-cp37m-manylinux_2_17_x86_64.manylinux2014_x86_64.whl (3.0 MB)\nCollecting jmespath<2.0.0,>=0.7.1\n  Using cached jmespath-1.0.1-py3-none-any.whl (20 kB)\nCollecting s3transfer<0.7.0,>=0.6.0\n  Using cached s3transfer-0.6.0-py3-none-any.whl (79 kB)\nCollecting botocore<1.30.0,>=1.29.42\n  Using cached botocore-1.29.42-py3-none-any.whl (10.3 MB)\nCollecting python-dateutil<3.0.0,>=2.1\n  Using cached python_dateutil-2.8.2-py2.py3-none-any.whl (247 kB)\nCollecting urllib3<1.27,>=1.25.4\n  Using cached urllib3-1.26.13-py2.py3-none-any.whl (140 kB)\nCollecting pycparser\n  Downloading pycparser-2.21-py2.py3-none-any.whl (118 kB)\n     ━━━━━━━━━━━━━━━━━━━━━━━━━━━━━━━━━━━━━━━ 118.7/118.7 kB 1.1 MB/s eta 0:00:00\nCollecting PyJWT[crypto]<3,>=1.0.0\n  Downloading PyJWT-2.6.0-py3-none-any.whl (20 kB)\nCollecting portalocker<3,>=1.0\n  Downloading portalocker-2.6.0-py2.py3-none-any.whl (15 kB)\nCollecting isodate>=0.6.0\n  Downloading isodate-0.6.1-py2.py3-none-any.whl (41 kB)\n     ━━━━━━━━━━━━━━━━━━━━━━━━━━━━━━━━━━━━━━━ 41.7/41.7 kB 561.9 kB/s eta 0:00:00\nCollecting certifi>=2017.4.17\n  Using cached certifi-2022.12.7-py3-none-any.whl (155 kB)\nCollecting requests-oauthlib>=0.5.0\n  Downloading requests_oauthlib-1.3.1-py2.py3-none-any.whl (23 kB)\nCollecting idna<4,>=2.5\n  Using cached idna-3.4-py3-none-any.whl (61 kB)\nCollecting zipp>=0.5\n  Using cached zipp-3.11.0-py3-none-any.whl (6.6 kB)\nCollecting isort<6,>=4.2.5\n  Downloading isort-5.11.4-py3-none-any.whl (104 kB)\n     ━━━━━━━━━━━━━━━━━━━━━━━━━━━━━━━━━━━━━━━ 104.1/104.1 kB 8.0 MB/s eta 0:00:00\nCollecting astroid<=2.14.0-dev0,>=2.12.13\n  Downloading astroid-2.12.13-py3-none-any.whl (264 kB)\n     ━━━━━━━━━━━━━━━━━━━━━━━━━━━━━━━━━━━━━━ 264.8/264.8 kB 19.9 MB/s eta 0:00:00\nCollecting platformdirs>=2.2.0\n  Using cached platformdirs-2.6.2-py3-none-any.whl (14 kB)\nCollecting dill>=0.2\n  Downloading dill-0.3.6-py3-none-any.whl (110 kB)\n     ━━━━━━━━━━━━━━━━━━━━━━━━━━━━━━━━━━━━━━ 110.5/110.5 kB 10.0 MB/s eta 0:00:00\nCollecting tomli>=1.1.0\n  Downloading tomli-2.0.1-py3-none-any.whl (12 kB)\nCollecting mccabe<0.8,>=0.6\n  Downloading mccabe-0.7.0-py2.py3-none-any.whl (7.3 kB)\nCollecting tomlkit>=0.10.1\n  Downloading tomlkit-0.11.6-py3-none-any.whl (35 kB)\nCollecting typed-ast<2.0,>=1.4.0\n  Downloading typed_ast-1.5.4-cp37-cp37m-manylinux_2_5_x86_64.manylinux1_x86_64.manylinux_2_12_x86_64.manylinux2010_x86_64.whl (843 kB)\n     ━━━━━━━━━━━━━━━━━━━━━━━━━━━━━━━━━━━━━━ 843.7/843.7 kB 32.8 MB/s eta 0:00:00\nCollecting wrapt<2,>=1.11\n  Downloading wrapt-1.14.1-cp37-cp37m-manylinux_2_5_x86_64.manylinux1_x86_64.manylinux_2_17_x86_64.manylinux2014_x86_64.whl (75 kB)\n     ━━━━━━━━━━━━━━━━━━━━━━━━━━━━━━━━━━━━━━━━ 75.2/75.2 kB 6.7 MB/s eta 0:00:00\nCollecting lazy-object-proxy>=1.4.0\n  Downloading lazy-object-proxy-1.8.0.tar.gz (41 kB)\n     ━━━━━━━━━━━━━━━━━━━━━━━━━━━━━━━━━━━━━━━━ 41.9/41.9 kB 3.2 MB/s eta 0:00:00\n  Installing build dependencies: started\n  Installing build dependencies: finished with status 'done'\n  Getting requirements to build wheel: started\n  Getting requirements to build wheel: finished with status 'done'\n  Preparing metadata (pyproject.toml): started\n  Preparing metadata (pyproject.toml): finished with status 'done'\nCollecting oauthlib>=3.0.0\n  Downloading oauthlib-3.2.2-py3-none-any.whl (151 kB)\n     ━━━━━━━━━━━━━━━━━━━━━━━━━━━━━━━━━━━━━━━ 151.7/151.7 kB 9.0 MB/s eta 0:00:00\nBuilding wheels for collected packages: metadata-service, lazy-object-proxy\n  Building wheel for metadata-service (setup.py): started\n  Building wheel for metadata-service (setup.py): finished with status 'done'\n  Created wheel for metadata-service: filename=metadata_service-2.3.3-py3-none-any.whl size=200632 sha256=b8cd809bc96b19c79076e2b54bd5023499ab8fd97133878ee0a8b3182692fd3e\n  Stored in directory: /tmp/pip-ephem-wheel-cache-ixe4ttol/wheels/13/f9/f6/7955ca7027a63e3815b3a1416764a1cf62d6a63d9f0d1798e0\n  Building wheel for lazy-object-proxy (pyproject.toml): started\n  Building wheel for lazy-object-proxy (pyproject.toml): finished with status 'done'\n  Created wheel for lazy-object-proxy: filename=lazy_object_proxy-1.8.0-cp37-cp37m-linux_x86_64.whl size=35968 sha256=ca1b035a6f9c0ef73ec96b11fcc39b573f127c81e7ea8362c5aee23e886e2f3d\n  Stored in directory: /root/.cache/pip/wheels/c0/96/89/f64b1ccaf665e6d26cee18a9a7cc434c2ea609649e0436df44\nSuccessfully built metadata-service lazy-object-proxy\nInstalling collected packages: throttler, pyee, cached-property, zipp, wrapt, urllib3, typing-extensions, typed-ast, tomlkit, tomli, six, PyJWT, pycparser, psycopg2-binary, psycopg2, portalocker, oauthlib, multidict, mccabe, lazy-object-proxy, jmespath, isort, idna, frozenlist, dill, charset-normalizer, certifi, attrs, asynctest, yarl, requests, python-dateutil, platformdirs, isodate, importlib-metadata, cffi, async-timeout, astroid, aiosignal, requests-oauthlib, pylint, pygit2, cryptography, click, botocore, azure-core, aiopg, aiohttp, s3transfer, msrest, aiohttp_cors, msal, boto3, azure-storage-blob, msal-extensions, metaflow, azure-identity, metadata-service\nSuccessfully installed PyJWT-2.6.0 aiohttp-3.8.3 aiohttp_cors-0.7.0 aiopg-1.4.0 aiosignal-1.3.1 astroid-2.12.13 async-timeout-4.0.2 asynctest-0.13.0 attrs-22.2.0 azure-core-1.26.1 azure-identity-1.10.0 azure-storage-blob-12.13.1 boto3-1.26.42 botocore-1.29.42 cached-property-1.5.2 certifi-2022.12.7 cffi-1.15.1 charset-normalizer-2.1.1 click-8.0.3 cryptography-39.0.0 dill-0.3.6 frozenlist-1.3.3 idna-3.4 importlib-metadata-6.0.0 isodate-0.6.1 isort-5.11.4 jmespath-1.0.1 lazy-object-proxy-1.8.0 mccabe-0.7.0 metadata-service-2.3.3 metaflow-2.7.18 msal-1.20.0 msal-extensions-1.0.0 msrest-0.7.1 multidict-6.0.4 oauthlib-3.2.2 platformdirs-2.6.2 portalocker-2.6.0 psycopg2-2.9.5 psycopg2-binary-2.9.5 pycparser-2.21 pyee-8.0.1 pygit2-1.6.1 pylint-2.15.9 python-dateutil-2.8.2 requests-2.28.1 requests-oauthlib-1.3.1 s3transfer-0.6.0 six-1.16.0 throttler-1.2.0 tomli-2.0.1 tomlkit-0.11.6 typed-ast-1.5.4 typing-extensions-4.4.0 urllib3-1.26.13 wrapt-1.14.1 yarl-1.8.2 zipp-3.11.0\nRemoving intermediate container 4f303ddbe7d0\n ---> aec83cd7b71d\nStep 27/31 : RUN /root/services/ui_backend_service/download_ui.sh\n ---> Running in 0d9b16272239\nDownload UI version v1.1.4 from https://github.com/Netflix/metaflow-ui/releases/download/v1.1.4/metaflow-ui-v1.1.4.zip to /root/services/ui_backend_service/ui\n\u001b[91m  % Total    % Received % Xferd  Average Speed   Time    Time     Time  Current\n                 \u001b[0m\u001b[91m                Dload  Upload   Total  \u001b[0m\u001b[91m Spent    \u001b[0m\u001b[91mLeft  Speed\n\r  0 \u001b[0m\u001b[91m    0    0     \u001b[0m\u001b[91m0    0     0   \u001b[0m\u001b[91m   0     \u001b[0m\u001b[91m 0 --:--:-- --:--:-- --:--:--     0\u001b[0m\u001b[91m\r  0     0    0     0    0     0      0      0 --:--:--\u001b[0m\u001b[91m --:--:-- --:--:--     0\n\u001b[0m\u001b[91m\r100 1577k  100 1577k\u001b[0m\u001b[91m    0     0  2480k      0 --:-\u001b[0m\u001b[91m-:-\u001b[0m\u001b[91m- --:-\u001b[0m\u001b[91m-:\u001b[0m\u001b[91m-- \u001b[0m\u001b[91m--:-\u001b[0m\u001b[91m-:-- 2480\u001b[0m\u001b[91mk\n\u001b[0mArchive:  metaflow-ui.zip\n  inflating: /root/services/ui_backend_service/ui/asset-manifest.json  \n  inflating: /root/services/ui_backend_service/ui/favicon.ico  \n  inflating: /root/services/ui_backend_service/ui/index.html  \n  inflating: /root/services/ui_backend_service/ui/manifest.json  \n  inflating: /root/services/ui_backend_service/ui/robots.txt  \n   creating: /root/services/ui_backend_service/ui/static/css/\n  inflating: /root/services/ui_backend_service/ui/static/css/main.95ba8333.chunk.css  \n  inflating: /root/services/ui_backend_service/ui/static/css/main.95ba8333.chunk.css.map  \n   creating: /root/services/ui_backend_service/ui/static/media/\n  inflating: /root/services/ui_backend_service/ui/static/media/Roboto-Bold.4f39c579.ttf  \n  inflating: /root/services/ui_backend_service/ui/static/media/return.a5adc3c5.svg  \n  inflating: /root/services/ui_backend_service/ui/static/media/info_thick.1c930b3c.svg  \n  inflating: /root/services/ui_backend_service/ui/static/media/RobotoMono-Regular.418a8f9f.ttf  \n  inflating: /root/services/ui_backend_service/ui/static/media/ellipsis.9e23c199.svg  \n  inflating: /root/services/ui_backend_service/ui/static/media/launch_black.6b460a52.svg  \n  inflating: /root/services/ui_backend_service/ui/static/media/pen.933d1299.svg  \n  inflating: /root/services/ui_backend_service/ui/static/media/plugin.d8dd6305.svg  \n  inflating: /root/services/ui_backend_service/ui/static/media/list-item-not-found.f6e94045.svg  \n  inflating: /root/services/ui_backend_service/ui/static/media/RobotoMono-Medium.e04fa2d8.ttf  \n  inflating: /root/services/ui_backend_service/ui/static/media/expand.a17deef9.svg  \n  inflating: /root/services/ui_backend_service/ui/static/media/Roboto-Light.0cea3982.ttf  \n  inflating: /root/services/ui_backend_service/ui/static/media/search-not-found.cee7f7a0.svg  \n  inflating: /root/services/ui_backend_service/ui/static/media/success.81ce300f.svg  \n  inflating: /root/services/ui_backend_service/ui/static/media/question-circled.011eba6a.svg  \n  inflating: /root/services/ui_backend_service/ui/static/media/to_top_arrow.e40a74e8.svg  \n  inflating: /root/services/ui_backend_service/ui/static/media/sort.20d05979.svg  \n  inflating: /root/services/ui_backend_service/ui/static/media/caret_down.09c41ed5.svg  \n  inflating: /root/services/ui_backend_service/ui/static/media/list-not-found.e643698f.svg  \n  inflating: /root/services/ui_backend_service/ui/static/media/times.c222bc02.svg  \n  inflating: /root/services/ui_backend_service/ui/static/media/calendar.cc9877c5.svg  \n  inflating: /root/services/ui_backend_service/ui/static/media/plus.f7542020.svg  \n  inflating: /root/services/ui_backend_service/ui/static/media/logo_dark_horizontal.a4e12f01.svg  \n  inflating: /root/services/ui_backend_service/ui/static/media/RobotoMono-Light.835ca7f9.ttf  \n  inflating: /root/services/ui_backend_service/ui/static/media/warning.b60249c1.svg  \n  inflating: /root/services/ui_backend_service/ui/static/media/copy.7fb41a96.svg  \n  inflating: /root/services/ui_backend_service/ui/static/media/info-small.bca2ebee.svg  \n  inflating: /root/services/ui_backend_service/ui/static/media/collapse.7747319a.svg  \n  inflating: /root/services/ui_backend_service/ui/static/media/minus.3982e3bf.svg  \n  inflating: /root/services/ui_backend_service/ui/static/media/listing.34f9d83e.svg  \n  inflating: /root/services/ui_backend_service/ui/static/media/maximize.7523398d.svg  \n  inflating: /root/services/ui_backend_service/ui/static/media/danger.8f952995.svg  \n  inflating: /root/services/ui_backend_service/ui/static/media/external.8ecd3317.svg  \n  inflating: /root/services/ui_backend_service/ui/static/media/info.b20d9f75.svg  \n  inflating: /root/services/ui_backend_service/ui/static/media/check.61a7fd13.svg  \n  inflating: /root/services/ui_backend_service/ui/static/media/launch_white.e25e1d2f.svg  \n  inflating: /root/services/ui_backend_service/ui/static/media/Roboto-Regular.03523cf5.ttf  \n  inflating: /root/services/ui_backend_service/ui/static/media/row-loader.3463c4d3.svg  \n  inflating: /root/services/ui_backend_service/ui/static/media/Roboto-Medium.13a29228.ttf  \n  inflating: /root/services/ui_backend_service/ui/static/media/download.172c14de.svg  \n  inflating: /root/services/ui_backend_service/ui/static/media/timeline.7d6bc113.svg  \n  inflating: /root/services/ui_backend_service/ui/static/media/search.a863bf9b.svg  \n  inflating: /root/services/ui_backend_service/ui/static/media/warning_thick.8dcac359.svg  \n  inflating: /root/services/ui_backend_service/ui/static/media/arrow_down.e9a9ac4c.svg  \n  inflating: /root/services/ui_backend_service/ui/static/media/arrow-point-up.0f7e8891.svg  \n  inflating: /root/services/ui_backend_service/ui/static/media/enter.20128b76.svg  \n  inflating: /root/services/ui_backend_service/ui/static/media/no-dag.40a163f2.svg  \n  inflating: /root/services/ui_backend_service/ui/static/media/no-data.eddce605.svg  \n   creating: /root/services/ui_backend_service/ui/static/js/\n  inflating: /root/services/ui_backend_service/ui/static/js/runtime-main.0726a0f0.js  \n  inflating: /root/services/ui_backend_service/ui/static/js/main.90f4c338.chunk.js.map  \n  inflating: /root/services/ui_backend_service/ui/static/js/runtime-main.0726a0f0.js.map  \n  inflating: /root/services/ui_backend_service/ui/static/js/2.d99c3536.chunk.js.map  \n  inflating: /root/services/ui_backend_service/ui/static/js/2.d99c3536.chunk.js  \n  inflating: /root/services/ui_backend_service/ui/static/js/main.90f4c338.chunk.js  \n  inflating: /root/services/ui_backend_service/ui/static/js/2.d99c3536.chunk.js.LICENSE.txt  \nRemoving intermediate container 0d9b16272239\n ---> 229175498fbd\nStep 28/31 : ADD services/migration_service /root/services/migration_service\n ---> 5167526be76c\nStep 29/31 : RUN pip3 install -r /root/services/migration_service/requirements.txt\n ---> Running in 1af6a16ca769\nCollecting aiohttp<4,>=3.8.1 (from -r /root/services/migration_service/requirements.txt (line 1))\n\u001b[91m  Cache entry deserialization failed, entry ignored\n\u001b[0m  Downloading https://files.pythonhosted.org/packages/ff/4f/62d9859b7d4e6dc32feda67815c5f5ab4421e6909e48cbc970b6a40d60b7/aiohttp-3.8.3.tar.gz (7.3MB)\n  Installing build dependencies: started\n  Installing build dependencies: finished with status 'done'\nCollecting psycopg2 (from -r /root/services/migration_service/requirements.txt (line 2))\n\u001b[91m  Cache entry deserialization failed, entry ignored\n\u001b[0m\u001b[91m  Cache entry deserialization failed, entry ignored\n\u001b[0m  Downloading https://files.pythonhosted.org/packages/89/d6/cd8c46417e0f7a16b4b0fc321f4ab676a59250d08fce5b64921897fb07cc/psycopg2-2.9.5.tar.gz (384kB)\nCollecting aiopg (from -r /root/services/migration_service/requirements.txt (line 3))\n\u001b[91m  Cache entry deserialization failed, entry ignored\n\u001b[0m\u001b[91m  Cache entry deserialization failed, entry ignored\n\u001b[0m  Downloading https://files.pythonhosted.org/packages/9b/2f/ab8690bf995171b9a8b60b98a2ca91d4108a42422abf10bf622397437d26/aiopg-1.4.0-py3-none-any.whl\nCollecting attrs>=17.3.0 (from aiohttp<4,>=3.8.1->-r /root/services/migration_service/requirements.txt (line 1))\n\u001b[91m  Cache entry deserialization failed, entry ignored\n\u001b[0m\u001b[91m  Cache entry deserialization failed, entry ignored\n\u001b[0m  Downloading https://files.pythonhosted.org/packages/fb/6e/6f83bf616d2becdf333a1640f1d463fef3150e2e926b7010cb0f81c95e88/attrs-22.2.0-py3-none-any.whl (60kB)\nRequirement already satisfied: charset-normalizer<3.0,>=2.0 in /usr/local/lib/python3.7/dist-packages (from aiohttp<4,>=3.8.1->-r /root/services/migration_service/requirements.txt (line 1)) (2.1.1)\nCollecting multidict<7.0,>=4.5 (from aiohttp<4,>=3.8.1->-r /root/services/migration_service/requirements.txt (line 1))\n\u001b[91m  Cache entry deserialization failed, entry ignored\n\u001b[0m  Downloading https://files.pythonhosted.org/packages/4a/15/bd620f7a6eb9aa5112c4ef93e7031bcd071e0611763d8e17706ef8ba65e0/multidict-6.0.4.tar.gz (51kB)\n  Installing build dependencies: started\n  Installing build dependencies: finished with status 'done'\n\u001b[91m  Missing build requirements in pyproject.toml for multidict<7.0,>=4.5 from https://files.pythonhosted.org/packages/4a/15/bd620f7a6eb9aa5112c4ef93e7031bcd071e0611763d8e17706ef8ba65e0/multidict-6.0.4.tar.gz#sha256=3666906492efb76453c0e7b97f2cf459b0682e7402c0489a95484965dbc1da49 (from aiohttp<4,>=3.8.1->-r /root/services/migration_service/requirements.txt (line 1)).\n\u001b[0m\u001b[91m  The project does not specify a build backend, and pip cannot fall back to setuptools without 'wheel'.\n\u001b[0mCollecting async_timeout<5.0,>=4.0.0a3 (from aiohttp<4,>=3.8.1->-r /root/services/migration_service/requirements.txt (line 1))\n\u001b[91m  Cache entry deserialization failed, entry ignored\n\u001b[0m\u001b[91m  Cache entry deserialization failed, entry ignored\n\u001b[0m  Downloading https://files.pythonhosted.org/packages/d6/c1/8991e7c5385b897b8c020cdaad718c5b087a6626d1d11a23e1ea87e325a7/async_timeout-4.0.2-py3-none-any.whl\nCollecting yarl<2.0,>=1.0 (from aiohttp<4,>=3.8.1->-r /root/services/migration_service/requirements.txt (line 1))\n\u001b[91m  Cache entry deserialization failed, entry ignored\n\u001b[0m  Downloading https://files.pythonhosted.org/packages/c4/1e/1b204050c601d5cd82b45d5c8f439cb6f744a2ce0c0a6f83be0ddf0dc7b2/yarl-1.8.2.tar.gz (172kB)\n  Installing build dependencies: started\n  Installing build dependencies: finished with status 'done'\nCollecting frozenlist>=1.1.1 (from aiohttp<4,>=3.8.1->-r /root/services/migration_service/requirements.txt (line 1))\n\u001b[91m  Cache entry deserialization failed, entry ignored\n\u001b[0m\u001b[91m  Cache entry deserialization failed, entry ignored\n\u001b[0m  Downloading https://files.pythonhosted.org/packages/b2/18/3b0eb2690b3bf4d340a221d0e76b6c5f4cac9d5dd37fb8c7b6ec25c2f510/frozenlist-1.3.3-cp37-cp37m-manylinux_2_5_x86_64.manylinux1_x86_64.manylinux_2_17_x86_64.manylinux2014_x86_64.whl (148kB)\nCollecting aiosignal>=1.1.2 (from aiohttp<4,>=3.8.1->-r /root/services/migration_service/requirements.txt (line 1))\n\u001b[91m  Cache entry deserialization failed, entry ignored\n\u001b[0m\u001b[91m  Cache entry deserialization failed, entry ignored\n\u001b[0m  Downloading https://files.pythonhosted.org/packages/76/ac/a7305707cb852b7e16ff80eaf5692309bde30e2b1100a1fcacdc8f731d97/aiosignal-1.3.1-py3-none-any.whl\nCollecting asynctest==0.13.0 (from aiohttp<4,>=3.8.1->-r /root/services/migration_service/requirements.txt (line 1))\n\u001b[91m  Cache entry deserialization failed, entry ignored\n\u001b[0m\u001b[91m  Cache entry deserialization failed, entry ignored\n\u001b[0m  Downloading https://files.pythonhosted.org/packages/e8/b6/8d17e169d577ca7678b11cd0d3ceebb0a6089a7f4a2de4b945fe4b1c86db/asynctest-0.13.0-py3-none-any.whl\nRequirement already satisfied: typing_extensions>=3.7.4 in /usr/local/lib/python3.7/dist-packages (from aiohttp<4,>=3.8.1->-r /root/services/migration_service/requirements.txt (line 1)) (4.4.0)\nCollecting psycopg2-binary>=2.9.5 (from aiopg->-r /root/services/migration_service/requirements.txt (line 3))\n\u001b[91m  Cache entry deserialization failed, entry ignored\n\u001b[0m  Downloading https://files.pythonhosted.org/packages/8c/45/77147700f5088efaf9235a3a62b611b594d477a5c5613b5316d0ebd18be0/psycopg2-binary-2.9.5.tar.gz (384kB)\nRequirement already satisfied: idna>=2.0 in /usr/local/lib/python3.7/dist-packages (from yarl<2.0,>=1.0->aiohttp<4,>=3.8.1->-r /root/services/migration_service/requirements.txt (line 1)) (3.4)\nBuilding wheels for collected packages: aiohttp, psycopg2, multidict, yarl, psycopg2-binary\n  Running setup.py bdist_wheel for aiohttp: started\n  Running setup.py bdist_wheel for aiohttp: finished with status 'done'\n  Stored in directory: /root/.cache/pip/wheels/d6/da/2a/afed0dfd0857057661ede90ee89f374f15841978ce97deafc1\n  Running setup.py bdist_wheel for psycopg2: started\n  Running setup.py bdist_wheel for psycopg2: finished with status 'done'\n  Stored in directory: /root/.cache/pip/wheels/84/5a/54/8f6e30034417222f4acea8305f8cba2ce81ecd68a3ae70235b\n  Running setup.py bdist_wheel for multidict: started\n  Running setup.py bdist_wheel for multidict: finished with status 'done'\n  Stored in directory: /root/.cache/pip/wheels/20/a6/d4/d71f74c48ee3e583760d8bb94f466dce2b7d2acdefb1c3376b\n  Running setup.py bdist_wheel for yarl: started\n  Running setup.py bdist_wheel for yarl: finished with status 'done'\n  Stored in directory: /root/.cache/pip/wheels/59/9d/fc/c3828bc495d3ae87029dee8212ea52c3ca40471c16119d3bed\n  Running setup.py bdist_wheel for psycopg2-binary: started\n  Running setup.py bdist_wheel for psycopg2-binary: finished with status 'done'\n  Stored in directory: /root/.cache/pip/wheels/2d/28/99/53edc6c274df207800afcb68c18aa7edaf2d759b93981adb40\nSuccessfully built aiohttp psycopg2 multidict yarl psycopg2-binary\nInstalling collected packages: attrs, multidict, async-timeout, yarl, frozenlist, aiosignal, asynctest, aiohttp, psycopg2, psycopg2-binary, aiopg\nSuccessfully installed aiohttp-3.8.3 aiopg-1.4.0 aiosignal-1.3.1 async-timeout-4.0.2 asynctest-0.13.0 attrs-22.2.0 frozenlist-1.3.3 multidict-6.0.4 psycopg2-2.9.5 psycopg2-binary-2.9.5 yarl-1.8.2\nRemoving intermediate container 1af6a16ca769\n ---> 1879da1054fc\nStep 30/31 : RUN chmod 777 /root/services/migration_service/run_script.py\n ---> Running in 7b4562c9035c\nRemoving intermediate container 7b4562c9035c\n ---> 1159282ec8c8\nStep 31/31 : CMD python3  services/migration_service/run_script.py\n ---> Running in 24bbb5901d49\nRemoving intermediate container 24bbb5901d49\n ---> f0fb4be97ed3\nSuccessfully built f0fb4be97ed3\nSuccessfully tagged metaflow-service:latest\n","stderr":"","imageSize":1973619929},"repair":{"violations":[{"name":"pipUseNoCacheDir","position":{"start":19,"end":19,"columnStart":4,"columnEnd":27}},{"name":"pipUseNoCacheDir","position":{"start":19,"end":19,"columnStart":31,"columnEnd":52}},{"name":"pipUseNoCacheDir","position":{"start":41,"end":41,"columnStart":4,"columnEnd":69}},{"name":"ruleAptGetInstallUseNoRec","position":{"start":17,"end":17,"columnStart":22,"columnEnd":50}},{"name":"ruleAptGetInstallUseNoRec","position":{"start":17,"end":17,"columnStart":54,"columnEnd":84}},{"name":"ruleAptGetInstallUseNoRec","position":{"start":17,"end":17,"columnStart":88,"columnEnd":122}},{"name":"ruleAptGetInstallThenRemoveAptLists","position":{"start":17,"end":17,"columnStart":22,"columnEnd":50}},{"name":"ruleAptGetInstallThenRemoveAptLists","position":{"start":17,"end":17,"columnStart":54,"columnEnd":84}},{"name":"ruleAptGetInstallThenRemoveAptLists","position":{"start":17,"end":17,"columnStart":88,"columnEnd":122}}],"repairedDockerfile":"FROM golang:1.16.3\n\nARG BUILD_TIMESTAMP\nARG BUILD_COMMIT_HASH\nENV BUILD_TIMESTAMP=$BUILD_TIMESTAMP\nENV BUILD_COMMIT_HASH=$BUILD_COMMIT_HASH\n\nARG UI_ENABLED=\"1\"\nARG UI_VERSION=\"v1.1.4\"\nENV UI_ENABLED=$UI_ENABLED\nENV UI_VERSION=$UI_VERSION\n\nENV FEATURE_RUN_GROUPS=0\nENV FEATURE_DEBUG_VIEW=1\n\nRUN go install github.com/pressly/goose/v3/cmd/goose@v3.5.3\n\nRUN apt-get update && apt-get -y --no-install-recommends install python3.7 && apt-get -y --no-install-recommends install python3-pip && apt-get -y --no-install-recommends install libpq-dev unzip\n\nRUN pip3 install --no-cache-dir virtualenv && pip3 install --no-cache-dir requests\n\nRUN virtualenv /opt/v_1_0_1 -p python3\nRUN virtualenv /opt/latest -p python3\n\nRUN /opt/v_1_0_1/bin/pip install https://github.com/Netflix/metaflow-service/archive/1.0.1.zip\n\nADD services/__init__.py /root/services/\nADD services/data/service_configs.py /root/services/\nADD services/data /root/services/data\nADD services/metadata_service /root/services/metadata_service\nADD services/ui_backend_service /root/services/ui_backend_service\nADD services/utils /root/services/utils\nADD setup.py setup.cfg run_goose.py /root/\nWORKDIR /root\nRUN /opt/latest/bin/pip install .\n\n# Install Netflix/metaflow-ui release artifact\nRUN /root/services/ui_backend_service/download_ui.sh\n\n# Migration Service\nADD services/migration_service /root/services/migration_service\nRUN pip3 install --no-cache-dir -r /root/services/migration_service/requirements.txt\n\nRUN chmod 777 /root/services/migration_service/run_script.py\nCMD python3  services/migration_service/run_script.py\n"},"repairedBuild":{"startTimestamp":1672777625151,"endTimestamp":1672777741057,"error":{"code":1,"killed":false,"signal":null,"cmd":"docker build --no-cache --force-rm -t metaflow-service:latest -f /tmp/dinghy-analysis/netflix/metaflow-service/Dockerfile ."},"stdout":"Sending build context to Docker daemon   1.48MB\r\r\nStep 1/31 : FROM golang:1.16.3\n ---> d5dc529b0ee7\nStep 2/31 : ARG BUILD_TIMESTAMP\n ---> Running in 64d27c1a940b\nRemoving intermediate container 64d27c1a940b\n ---> d152602f2b55\nStep 3/31 : ARG BUILD_COMMIT_HASH\n ---> Running in 0221492684e5\nRemoving intermediate container 0221492684e5\n ---> 8a5065f727c4\nStep 4/31 : ENV BUILD_TIMESTAMP=$BUILD_TIMESTAMP\n ---> Running in 96ce06e23982\nRemoving intermediate container 96ce06e23982\n ---> 3bcf5238bf7a\nStep 5/31 : ENV BUILD_COMMIT_HASH=$BUILD_COMMIT_HASH\n ---> Running in 10c5c49d57fa\nRemoving intermediate container 10c5c49d57fa\n ---> c2219aeaff28\nStep 6/31 : ARG UI_ENABLED=\"1\"\n ---> Running in e435c89b1408\nRemoving intermediate container e435c89b1408\n ---> 02f8f9d606c5\nStep 7/31 : ARG UI_VERSION=\"v1.1.4\"\n ---> Running in 01f7c70361fd\nRemoving intermediate container 01f7c70361fd\n ---> 396aa2beab86\nStep 8/31 : ENV UI_ENABLED=$UI_ENABLED\n ---> Running in bf6e70a0e59a\nRemoving intermediate container bf6e70a0e59a\n ---> ed925b2de554\nStep 9/31 : ENV UI_VERSION=$UI_VERSION\n ---> Running in 2812b91e95d9\nRemoving intermediate container 2812b91e95d9\n ---> 7b78e247fa8e\nStep 10/31 : ENV FEATURE_RUN_GROUPS=0\n ---> Running in 6d2c72701932\nRemoving intermediate container 6d2c72701932\n ---> 9c9d63d71216\nStep 11/31 : ENV FEATURE_DEBUG_VIEW=1\n ---> Running in 8ff6c85db72c\nRemoving intermediate container 8ff6c85db72c\n ---> bda201de566b\nStep 12/31 : RUN go install github.com/pressly/goose/v3/cmd/goose@v3.5.3\n ---> Running in 37a2e9bc5570\n\u001b[91mgo: downloading github.com/pressly/goose/v3 v3.5.3\n\u001b[0m\u001b[91mgo: downloading github.com/go-sql-driver/mysql v1.6.0\ngo: downloading github.com/lib/pq v1.10.4\n\u001b[0m\u001b[91mgo: downloading modernc.org/sqlite v1.14.6\n\u001b[0m\u001b[91mgo: downloading github.com/ClickHouse/clickhouse-go v1.5.4\n\u001b[0m\u001b[91mgo: downloading github.com/denisenkom/go-mssqldb v0.12.0\n\u001b[0m\u001b[91mgo: downloading github.com/ziutek/mymysql v1.5.4\n\u001b[0m\u001b[91mgo: downloading github.com/pkg/errors v0.9.1\n\u001b[0m\u001b[91mgo: downloading golang.org/x/crypto v0.0.0-20220210151621-f4118a5b28e2\ngo: downloading github.com/golang-sql/sqlexp v0.0.0-20170517235910-f1bb20e5a188\ngo: downloading github.com/golang-sql/civil v0.0.0-20190719163853-cb61b32ac6fe\n\u001b[0m\u001b[91mgo: downloading modernc.org/libc v1.14.5\n\u001b[0m\u001b[91mgo: downloading github.com/google/uuid v1.3.0\ngo: downloading github.com/mattn/go-isatty v0.0.14\n\u001b[0m\u001b[91mgo: downloading golang.org/x/sys v0.0.0-20220209214540-3681064d5158\n\u001b[0m\u001b[91mgo: downloading modernc.org/mathutil v1.4.1\n\u001b[0m\u001b[91mgo: downloading modernc.org/memory v1.0.5\n\u001b[0m\u001b[91mgo: downloading github.com/remyoudompheng/bigfft v0.0.0-20200410134404-eec4a21b6bb0\n\u001b[0mRemoving intermediate container 37a2e9bc5570\n ---> 0e06ba1706e6\nStep 13/31 : RUN apt-get update && apt-get -y --no-install-recommends install python3.7 && apt-get -y --no-install-recommends install python3-pip && apt-get -y --no-install-recommends install libpq-dev unzip\n ---> Running in a8089d074e53\nGet:1 http://deb.debian.org/debian buster InRelease [122 kB]\nGet:2 http://security.debian.org/debian-security buster/updates InRelease [34.8 kB]\nGet:3 http://deb.debian.org/debian buster-updates InRelease [56.6 kB]\nGet:4 http://security.debian.org/debian-security buster/updates/main amd64 Packages [422 kB]\nGet:5 http://deb.debian.org/debian buster/main amd64 Packages [7909 kB]\nGet:6 http://deb.debian.org/debian buster-updates/main amd64 Packages [8788 B]\nFetched 8553 kB in 1s (5711 kB/s)\nReading package lists...\nReading package lists...\nBuilding dependency tree...\nReading state information...\nThe following additional packages will be installed:\n  libmpdec2 libpython3.7-minimal libpython3.7-stdlib python3.7-minimal\nSuggested packages:\n  python3.7-venv python3.7-doc binfmt-support\nThe following NEW packages will be installed:\n  libmpdec2 libpython3.7-minimal libpython3.7-stdlib python3.7\n  python3.7-minimal\n0 upgraded, 5 newly installed, 0 to remove and 61 not upgraded.\nNeed to get 4475 kB of archives.\nAfter this operation, 22.9 MB of additional disk space will be used.\nGet:1 http://deb.debian.org/debian buster/main amd64 libmpdec2 amd64 2.4.2-2 [87.2 kB]\nGet:2 http://security.debian.org/debian-security buster/updates/main amd64 libpython3.7-minimal amd64 3.7.3-2+deb10u4 [589 kB]\nGet:3 http://security.debian.org/debian-security buster/updates/main amd64 python3.7-minimal amd64 3.7.3-2+deb10u4 [1736 kB]\nGet:4 http://security.debian.org/debian-security buster/updates/main amd64 libpython3.7-stdlib amd64 3.7.3-2+deb10u4 [1733 kB]\nGet:5 http://security.debian.org/debian-security buster/updates/main amd64 python3.7 amd64 3.7.3-2+deb10u4 [330 kB]\n\u001b[91mdebconf: delaying package configuration, since apt-utils is not installed\n\u001b[0mFetched 4475 kB in 0s (52.5 MB/s)\nSelecting previously unselected package libpython3.7-minimal:amd64.\r\n(Reading database ... \r(Reading database ... 5%\r(Reading database ... 10%\r(Reading database ... 15%\r(Reading database ... 20%\r(Reading database ... 25%\r(Reading database ... 30%\r(Reading database ... 35%\r(Reading database ... 40%\r(Reading database ... 45%\r(Reading database ... 50%\r(Reading database ... 55%\r(Reading database ... 60%\r(Reading database ... 65%\r(Reading database ... 70%\r(Reading database ... 75%\r(Reading database ... 80%\r(Reading database ... 85%\r(Reading database ... 90%\r(Reading database ... 95%\r(Reading database ... 100%\r(Reading database ... 15421 files and directories currently installed.)\r\nPreparing to unpack .../libpython3.7-minimal_3.7.3-2+deb10u4_amd64.deb ...\r\nUnpacking libpython3.7-minimal:amd64 (3.7.3-2+deb10u4) ...\r\nSelecting previously unselected package python3.7-minimal.\r\nPreparing to unpack .../python3.7-minimal_3.7.3-2+deb10u4_amd64.deb ...\r\nUnpacking python3.7-minimal (3.7.3-2+deb10u4) ...\r\nSelecting previously unselected package libmpdec2:amd64.\r\nPreparing to unpack .../libmpdec2_2.4.2-2_amd64.deb ...\r\nUnpacking libmpdec2:amd64 (2.4.2-2) ...\r\nSelecting previously unselected package libpython3.7-stdlib:amd64.\r\nPreparing to unpack .../libpython3.7-stdlib_3.7.3-2+deb10u4_amd64.deb ...\r\nUnpacking libpython3.7-stdlib:amd64 (3.7.3-2+deb10u4) ...\r\nSelecting previously unselected package python3.7.\r\nPreparing to unpack .../python3.7_3.7.3-2+deb10u4_amd64.deb ...\r\nUnpacking python3.7 (3.7.3-2+deb10u4) ...\r\nSetting up libpython3.7-minimal:amd64 (3.7.3-2+deb10u4) ...\r\nSetting up python3.7-minimal (3.7.3-2+deb10u4) ...\r\nSetting up libmpdec2:amd64 (2.4.2-2) ...\r\nSetting up libpython3.7-stdlib:amd64 (3.7.3-2+deb10u4) ...\r\nSetting up python3.7 (3.7.3-2+deb10u4) ...\r\nProcessing triggers for libc-bin (2.28-10) ...\r\nProcessing triggers for mime-support (3.62) ...\r\nReading package lists...\nBuilding dependency tree...\nReading state information...\nThe following additional packages will be installed:\n  libpython3-stdlib python-pip-whl python3 python3-distutils python3-lib2to3\n  python3-minimal\nSuggested packages:\n  python3-doc python3-tk python3-venv\nRecommended packages:\n  build-essential python3-dev python3-setuptools python3-wheel\nThe following NEW packages will be installed:\n  libpython3-stdlib python-pip-whl python3 python3-distutils python3-lib2to3\n  python3-minimal python3-pip\n0 upgraded, 7 newly installed, 0 to remove and 61 not upgraded.\nNeed to get 2099 kB of archives.\nAfter this operation, 4126 kB of additional disk space will be used.\nGet:1 http://deb.debian.org/debian buster/main amd64 python3-minimal amd64 3.7.3-1 [36.6 kB]\nGet:2 http://deb.debian.org/debian buster/main amd64 libpython3-stdlib amd64 3.7.3-1 [20.0 kB]\nGet:3 http://deb.debian.org/debian buster/main amd64 python3 amd64 3.7.3-1 [61.5 kB]\nGet:4 http://deb.debian.org/debian buster/main amd64 python-pip-whl all 18.1-5 [1591 kB]\nGet:5 http://deb.debian.org/debian buster/main amd64 python3-lib2to3 all 3.7.3-1 [76.7 kB]\nGet:6 http://deb.debian.org/debian buster/main amd64 python3-distutils all 3.7.3-1 [142 kB]\nGet:7 http://deb.debian.org/debian buster/main amd64 python3-pip all 18.1-5 [171 kB]\n\u001b[91mdebconf: delaying package configuration, since apt-utils is not installed\n\u001b[0mFetched 2099 kB in 0s (34.8 MB/s)\nSelecting previously unselected package python3-minimal.\r\n(Reading database ... \r(Reading database ... 5%\r(Reading database ... 10%\r(Reading database ... 15%\r(Reading database ... 20%\r(Reading database ... 25%\r(Reading database ... 30%\r(Reading database ... 35%\r(Reading database ... 40%\r(Reading database ... 45%\r(Reading database ... 50%\r(Reading database ... 55%\r(Reading database ... 60%\r(Reading database ... 65%\r(Reading database ... 70%\r(Reading database ... 75%\r(Reading database ... 80%\r(Reading database ... 85%\r(Reading database ... 90%\r(Reading database ... 95%\r(Reading database ... 100%\r(Reading database ... 16046 files and directories currently installed.)\r\nPreparing to unpack .../python3-minimal_3.7.3-1_amd64.deb ...\r\nUnpacking python3-minimal (3.7.3-1) ...\r\nSelecting previously unselected package libpython3-stdlib:amd64.\r\nPreparing to unpack .../libpython3-stdlib_3.7.3-1_amd64.deb ...\r\nUnpacking libpython3-stdlib:amd64 (3.7.3-1) ...\r\nSetting up python3-minimal (3.7.3-1) ...\r\nSelecting previously unselected package python3.\r\n(Reading database ... \r(Reading database ... 5%\r(Reading database ... 10%\r(Reading database ... 15%\r(Reading database ... 20%\r(Reading database ... 25%\r(Reading database ... 30%\r(Reading database ... 35%\r(Reading database ... 40%\r(Reading database ... 45%\r(Reading database ... 50%\r(Reading database ... 55%\r(Reading database ... 60%\r(Reading database ... 65%\r(Reading database ... 70%\r(Reading database ... 75%\r(Reading database ... 80%\r(Reading database ... 85%\r(Reading database ... 90%\r(Reading database ... 95%\r(Reading database ... 100%\r(Reading database ... 16073 files and directories currently installed.)\r\nPreparing to unpack .../python3_3.7.3-1_amd64.deb ...\r\nUnpacking python3 (3.7.3-1) ...\r\nSelecting previously unselected package python-pip-whl.\r\nPreparing to unpack .../python-pip-whl_18.1-5_all.deb ...\r\nUnpacking python-pip-whl (18.1-5) ...\r\nSelecting previously unselected package python3-lib2to3.\r\nPreparing to unpack .../python3-lib2to3_3.7.3-1_all.deb ...\r\nUnpacking python3-lib2to3 (3.7.3-1) ...\r\nSelecting previously unselected package python3-distutils.\r\nPreparing to unpack .../python3-distutils_3.7.3-1_all.deb ...\r\nUnpacking python3-distutils (3.7.3-1) ...\r\nSelecting previously unselected package python3-pip.\r\nPreparing to unpack .../python3-pip_18.1-5_all.deb ...\r\nUnpacking python3-pip (18.1-5) ...\r\nSetting up python-pip-whl (18.1-5) ...\r\nSetting up libpython3-stdlib:amd64 (3.7.3-1) ...\r\nSetting up python3 (3.7.3-1) ...\r\nrunning python rtupdate hooks for python3.7...\r\nrunning python post-rtupdate hooks for python3.7...\r\nSetting up python3-lib2to3 (3.7.3-1) ...\r\nSetting up python3-distutils (3.7.3-1) ...\r\nSetting up python3-pip (18.1-5) ...\r\nReading package lists...\nBuilding dependency tree...\nReading state information...\nThe following additional packages will be installed:\n  libpq5\nSuggested packages:\n  postgresql-doc-11 zip\nThe following NEW packages will be installed:\n  libpq-dev libpq5 unzip\n0 upgraded, 3 newly installed, 0 to remove and 61 not upgraded.\nNeed to get 512 kB of archives.\nAfter this operation, 2051 kB of additional disk space will be used.\nGet:1 http://security.debian.org/debian-security buster/updates/main amd64 libpq5 amd64 11.18-0+deb10u1 [173 kB]\nGet:2 http://security.debian.org/debian-security buster/updates/main amd64 libpq-dev amd64 11.18-0+deb10u1 [167 kB]\nGet:3 http://security.debian.org/debian-security buster/updates/main amd64 unzip amd64 6.0-23+deb10u3 [172 kB]\n\u001b[91mdebconf: delaying package configuration, since apt-utils is not installed\n\u001b[0mFetched 512 kB in 0s (30.0 MB/s)\nSelecting previously unselected package libpq5:amd64.\r\n(Reading database ... \r(Reading database ... 5%\r(Reading database ... 10%\r(Reading database ... 15%\r(Reading database ... 20%\r(Reading database ... 25%\r(Reading database ... 30%\r(Reading database ... 35%\r(Reading database ... 40%\r(Reading database ... 45%\r(Reading database ... 50%\r(Reading database ... 55%\r(Reading database ... 60%\r(Reading database ... 65%\r(Reading database ... 70%\r(Reading database ... 75%\r(Reading database ... 80%\r(Reading database ... 85%\r(Reading database ... 90%\r(Reading database ... 95%\r(Reading database ... 100%\r(Reading database ... 16378 files and directories currently installed.)\r\nPreparing to unpack .../libpq5_11.18-0+deb10u1_amd64.deb ...\r\nUnpacking libpq5:amd64 (11.18-0+deb10u1) ...\r\nSelecting previously unselected package libpq-dev.\r\nPreparing to unpack .../libpq-dev_11.18-0+deb10u1_amd64.deb ...\r\nUnpacking libpq-dev (11.18-0+deb10u1) ...\r\nSelecting previously unselected package unzip.\r\nPreparing to unpack .../unzip_6.0-23+deb10u3_amd64.deb ...\r\nUnpacking unzip (6.0-23+deb10u3) ...\r\nSetting up unzip (6.0-23+deb10u3) ...\r\nSetting up libpq5:amd64 (11.18-0+deb10u1) ...\r\nSetting up libpq-dev (11.18-0+deb10u1) ...\r\nProcessing triggers for libc-bin (2.28-10) ...\r\nProcessing triggers for mime-support (3.62) ...\r\nRemoving intermediate container a8089d074e53\n ---> 64f8cbcbd0ef\nStep 14/31 : RUN pip3 install --no-cache-dir virtualenv && pip3 install --no-cache-dir requests\n ---> Running in bcacb652fd1e\nCollecting virtualenv\n  Downloading https://files.pythonhosted.org/packages/18/a2/7931d40ecb02b5236a34ac53770f2f6931e3082b7a7dafe915d892d749d6/virtualenv-20.17.1-py3-none-any.whl (8.8MB)\nCollecting filelock<4,>=3.4.1 (from virtualenv)\n  Downloading https://files.pythonhosted.org/packages/14/4c/b201d0292ca4e0950f0741212935eac9996f69cd66b92a3587e594999163/filelock-3.9.0-py3-none-any.whl\nCollecting distlib<1,>=0.3.6 (from virtualenv)\n  Downloading https://files.pythonhosted.org/packages/76/cb/6bbd2b10170ed991cf64e8c8b85e01f2fb38f95d1bc77617569e0b0b26ac/distlib-0.3.6-py2.py3-none-any.whl (468kB)\nCollecting importlib-metadata>=4.8.3; python_version < \"3.8\" (from virtualenv)\n  Downloading https://files.pythonhosted.org/packages/26/a7/9da7d5b23fc98ab3d424ac2c65613d63c1f401efb84ad50f2fa27b2caab4/importlib_metadata-6.0.0-py3-none-any.whl\nCollecting platformdirs<3,>=2.4 (from virtualenv)\n  Downloading https://files.pythonhosted.org/packages/c1/c7/9be9d651b93efce682b45142a6267034fc4215972780748618c02e236361/platformdirs-2.6.2-py3-none-any.whl\nCollecting zipp>=0.5 (from importlib-metadata>=4.8.3; python_version < \"3.8\"->virtualenv)\n  Downloading https://files.pythonhosted.org/packages/d8/20/256eb3f3f437c575fb1a2efdce5e801a5ce3162ea8117da96c43e6ee97d8/zipp-3.11.0-py3-none-any.whl\nCollecting typing-extensions>=3.6.4; python_version < \"3.8\" (from importlib-metadata>=4.8.3; python_version < \"3.8\"->virtualenv)\n  Downloading https://files.pythonhosted.org/packages/0b/8e/f1a0a5a76cfef77e1eb6004cb49e5f8d72634da638420b9ea492ce8305e8/typing_extensions-4.4.0-py3-none-any.whl\nInstalling collected packages: filelock, distlib, zipp, typing-extensions, importlib-metadata, platformdirs, virtualenv\nSuccessfully installed distlib-0.3.6 filelock-3.9.0 importlib-metadata-6.0.0 platformdirs-2.6.2 typing-extensions-4.4.0 virtualenv-20.17.1 zipp-3.11.0\nCollecting requests\n  Downloading https://files.pythonhosted.org/packages/ca/91/6d9b8ccacd0412c08820f72cebaa4f0c0441b5cda699c90f618b6f8a1b42/requests-2.28.1-py3-none-any.whl (62kB)\nCollecting idna<4,>=2.5 (from requests)\n  Downloading https://files.pythonhosted.org/packages/fc/34/3030de6f1370931b9dbb4dad48f6ab1015ab1d32447850b9fc94e60097be/idna-3.4-py3-none-any.whl (61kB)\nCollecting charset-normalizer<3,>=2 (from requests)\n  Downloading https://files.pythonhosted.org/packages/db/51/a507c856293ab05cdc1db77ff4bc1268ddd39f29e7dc4919aa497f0adbec/charset_normalizer-2.1.1-py3-none-any.whl\nCollecting urllib3<1.27,>=1.21.1 (from requests)\n  Downloading https://files.pythonhosted.org/packages/65/0c/cc6644eaa594585e5875f46f3c83ee8762b647b51fc5b0fb253a242df2dc/urllib3-1.26.13-py2.py3-none-any.whl (140kB)\nCollecting certifi>=2017.4.17 (from requests)\n  Downloading https://files.pythonhosted.org/packages/71/4c/3db2b8021bd6f2f0ceb0e088d6b2d49147671f25832fb17970e9b583d742/certifi-2022.12.7-py3-none-any.whl (155kB)\nInstalling collected packages: idna, charset-normalizer, urllib3, certifi, requests\nSuccessfully installed certifi-2022.12.7 charset-normalizer-2.1.1 idna-3.4 requests-2.28.1 urllib3-1.26.13\nRemoving intermediate container bcacb652fd1e\n ---> 5f46fb0c9740\nStep 15/31 : RUN virtualenv /opt/v_1_0_1 -p python3\n ---> Running in 0c27ee7378a9\ncreated virtual environment CPython3.7.3.final.0-64 in 358ms\n  creator CPython3Posix(dest=/opt/v_1_0_1, clear=False, no_vcs_ignore=False, global=False)\n  seeder FromAppData(download=False, pip=bundle, setuptools=bundle, wheel=bundle, via=copy, app_data_dir=/root/.local/share/virtualenv)\n    added seed packages: pip==22.3.1, setuptools==65.6.3, wheel==0.38.4\n  activators BashActivator,CShellActivator,FishActivator,NushellActivator,PowerShellActivator,PythonActivator\nRemoving intermediate container 0c27ee7378a9\n ---> 2fa3618549a2\nStep 16/31 : RUN virtualenv /opt/latest -p python3\n ---> Running in 7c14bd0bb8a6\ncreated virtual environment CPython3.7.3.final.0-64 in 183ms\n  creator CPython3Posix(dest=/opt/latest, clear=False, no_vcs_ignore=False, global=False)\n  seeder FromAppData(download=False, pip=bundle, setuptools=bundle, wheel=bundle, via=copy, app_data_dir=/root/.local/share/virtualenv)\n    added seed packages: pip==22.3.1, setuptools==65.6.3, wheel==0.38.4\n  activators BashActivator,CShellActivator,FishActivator,NushellActivator,PowerShellActivator,PythonActivator\nRemoving intermediate container 7c14bd0bb8a6\n ---> 2fc1e3dbe9a9\nStep 17/31 : RUN /opt/v_1_0_1/bin/pip install https://github.com/Netflix/metaflow-service/archive/1.0.1.zip\n ---> Running in 53aac2954775\nCollecting https://github.com/Netflix/metaflow-service/archive/1.0.1.zip\n  Downloading https://github.com/Netflix/metaflow-service/archive/1.0.1.zip\n     - 24.0 kB 1.0 MB/s 0:00:00\n  Preparing metadata (setup.py): started\n  Preparing metadata (setup.py): finished with status 'done'\nCollecting aiohttp\n  Downloading aiohttp-3.8.3-cp37-cp37m-manylinux_2_17_x86_64.manylinux2014_x86_64.whl (948 kB)\n     ━━━━━━━━━━━━━━━━━━━━━━━━━━━━━━━━━━━━━━━ 948.0/948.0 kB 8.4 MB/s eta 0:00:00\nCollecting aiohttp_swagger\n  Downloading aiohttp_swagger-1.0.16-py3-none-any.whl (3.3 MB)\n     ━━━━━━━━━━━━━━━━━━━━━━━━━━━━━━━━━━━━━━━━ 3.3/3.3 MB 7.8 MB/s eta 0:00:00\nCollecting psycopg2\n  Downloading psycopg2-2.9.5.tar.gz (384 kB)\n     ━━━━━━━━━━━━━━━━━━━━━━━━━━━━━━━━━━━━━ 384.3/384.3 kB 909.1 kB/s eta 0:00:00\n  Preparing metadata (setup.py): started\n  Preparing metadata (setup.py): finished with status 'done'\nCollecting aiopg\n  Downloading aiopg-1.4.0-py3-none-any.whl (34 kB)\nCollecting boto3\n  Downloading boto3-1.26.42-py3-none-any.whl (132 kB)\n     ━━━━━━━━━━━━━━━━━━━━━━━━━━━━━━━━━━━━━━━ 132.7/132.7 kB 1.3 MB/s eta 0:00:00\nCollecting async-timeout<5.0,>=4.0.0a3\n  Downloading async_timeout-4.0.2-py3-none-any.whl (5.8 kB)\nCollecting frozenlist>=1.1.1\n  Downloading frozenlist-1.3.3-cp37-cp37m-manylinux_2_5_x86_64.manylinux1_x86_64.manylinux_2_17_x86_64.manylinux2014_x86_64.whl (148 kB)\n     ━━━━━━━━━━━━━━━━━━━━━━━━━━━━━━━━━━━━━━━ 148.0/148.0 kB 3.0 MB/s eta 0:00:00\nCollecting yarl<2.0,>=1.0\n  Downloading yarl-1.8.2-cp37-cp37m-manylinux_2_17_x86_64.manylinux2014_x86_64.whl (231 kB)\n     ━━━━━━━━━━━━━━━━━━━━━━━━━━━━━━━━━━━━━━ 231.4/231.4 kB 11.0 MB/s eta 0:00:00\nCollecting charset-normalizer<3.0,>=2.0\n  Downloading charset_normalizer-2.1.1-py3-none-any.whl (39 kB)\nCollecting attrs>=17.3.0\n  Downloading attrs-22.2.0-py3-none-any.whl (60 kB)\n     ━━━━━━━━━━━━━━━━━━━━━━━━━━━━━━━━━━━━━━━━ 60.0/60.0 kB 2.4 MB/s eta 0:00:00\nCollecting aiosignal>=1.1.2\n  Downloading aiosignal-1.3.1-py3-none-any.whl (7.6 kB)\nCollecting typing-extensions>=3.7.4\n  Downloading typing_extensions-4.4.0-py3-none-any.whl (26 kB)\nCollecting multidict<7.0,>=4.5\n  Downloading multidict-6.0.4-cp37-cp37m-manylinux_2_17_x86_64.manylinux2014_x86_64.whl (94 kB)\n     ━━━━━━━━━━━━━━━━━━━━━━━━━━━━━━━━━━━━━━━━ 94.8/94.8 kB 2.8 MB/s eta 0:00:00\nCollecting asynctest==0.13.0\n  Downloading asynctest-0.13.0-py3-none-any.whl (26 kB)\nCollecting jinja2>=2.11.2\n  Downloading Jinja2-3.1.2-py3-none-any.whl (133 kB)\n     ━━━━━━━━━━━━━━━━━━━━━━━━━━━━━━━━━━━━━━━ 133.1/133.1 kB 9.2 MB/s eta 0:00:00\nCollecting pyYAML>=5.1\n  Downloading PyYAML-6.0-cp37-cp37m-manylinux_2_5_x86_64.manylinux1_x86_64.manylinux_2_12_x86_64.manylinux2010_x86_64.whl (596 kB)\n     ━━━━━━━━━━━━━━━━━━━━━━━━━━━━━━━━━━━━━━━ 596.3/596.3 kB 7.7 MB/s eta 0:00:00\nCollecting psycopg2-binary>=2.9.5\n  Downloading psycopg2_binary-2.9.5-cp37-cp37m-manylinux_2_17_x86_64.manylinux2014_x86_64.whl (3.0 MB)\n     ━━━━━━━━━━━━━━━━━━━━━━━━━━━━━━━━━━━━━━━━ 3.0/3.0 MB 22.4 MB/s eta 0:00:00\nCollecting botocore<1.30.0,>=1.29.42\n  Downloading botocore-1.29.42-py3-none-any.whl (10.3 MB)\n     ━━━━━━━━━━━━━━━━━━━━━━━━━━━━━━━━━━━━━━━━ 10.3/10.3 MB 42.6 MB/s eta 0:00:00\nCollecting jmespath<2.0.0,>=0.7.1\n  Downloading jmespath-1.0.1-py3-none-any.whl (20 kB)\nCollecting s3transfer<0.7.0,>=0.6.0\n  Downloading s3transfer-0.6.0-py3-none-any.whl (79 kB)\n     ━━━━━━━━━━━━━━━━━━━━━━━━━━━━━━━━━━━━━━━━ 79.6/79.6 kB 6.5 MB/s eta 0:00:00\nCollecting python-dateutil<3.0.0,>=2.1\n  Downloading python_dateutil-2.8.2-py2.py3-none-any.whl (247 kB)\n     ━━━━━━━━━━━━━━━━━━━━━━━━━━━━━━━━━━━━━━ 247.7/247.7 kB 18.5 MB/s eta 0:00:00\nCollecting urllib3<1.27,>=1.25.4\n  Downloading urllib3-1.26.13-py2.py3-none-any.whl (140 kB)\n     ━━━━━━━━━━━━━━━━━━━━━━━━━━━━━━━━━━━━━━ 140.6/140.6 kB 14.3 MB/s eta 0:00:00\nCollecting MarkupSafe>=2.0\n  Downloading MarkupSafe-2.1.1-cp37-cp37m-manylinux_2_17_x86_64.manylinux2014_x86_64.whl (25 kB)\nCollecting idna>=2.0\n  Downloading idna-3.4-py3-none-any.whl (61 kB)\n     ━━━━━━━━━━━━━━━━━━━━━━━━━━━━━━━━━━━━━━━━ 61.5/61.5 kB 2.4 MB/s eta 0:00:00\nCollecting six>=1.5\n  Downloading six-1.16.0-py2.py3-none-any.whl (11 kB)\nBuilding wheels for collected packages: metadata-service, psycopg2\n  Building wheel for metadata-service (setup.py): started\n  Building wheel for metadata-service (setup.py): finished with status 'done'\n  Created wheel for metadata-service: filename=metadata_service-1.0.1-py3-none-any.whl size=20753 sha256=069cb072d4444cb853d52564a275ed358762c61575394126ea50810d35a74384\n  Stored in directory: /tmp/pip-ephem-wheel-cache-3ka2_9n_/wheels/19/55/01/d349b5e343de251cff6849ecb064dfb9dd6a9bf646fa222836\n  Building wheel for psycopg2 (setup.py): started\n  Building wheel for psycopg2 (setup.py): finished with status 'error'\n\u001b[91m  error: subprocess-exited-with-error\n  \n  × python setup.py bdist_wheel did not run successfully.\n  │ exit code: 1\n  ╰─> [40 lines of output]\n      /opt/v_1_0_1/lib/python3.7/site-packages/setuptools/config/setupcfg.py:508: SetuptoolsDeprecationWarning: The license_file parameter is deprecated, use license_files instead.\n        warnings.warn(msg, warning_class)\n      running bdist_wheel\n      running build\n      running build_py\n      creating build\n      creating build/lib.linux-x86_64-cpython-37\n      creating build/lib.linux-x86_64-cpython-37/psycopg2\n      copying lib/__init__.py -> build/lib.linux-x86_64-cpython-37/psycopg2\n      copying lib/pool.py -> build/lib.linux-x86_64-cpython-37/psycopg2\n      copying lib/_ipaddress.py -> build/lib.linux-x86_64-cpython-37/psycopg2\n      copying lib/errors.py -> build/lib.linux-x86_64-cpython-37/psycopg2\n      copying lib/_json.py -> build/lib.linux-x86_64-cpython-37/psycopg2\n      copying lib/sql.py -> build/lib.linux-x86_64-cpython-37/psycopg2\n      copying lib/_range.py -> build/lib.linux-x86_64-cpython-37/psycopg2\n      copying lib/tz.py -> build/lib.linux-x86_64-cpython-37/psycopg2\n      copying lib/extras.py -> build/lib.linux-x86_64-cpython-37/psycopg2\n      copying lib/extensions.py -> build/lib.linux-x86_64-cpython-37/psycopg2\n      copying lib/errorcodes.py -> build/lib.linux-x86_64-cpython-37/psycopg2\n      running build_ext\n      building 'psycopg2._psycopg' extension\n      creating build/temp.linux-x86_64-cpython-37\n      creating build/temp.linux-x86_64-cpython-37/psycopg\n      x86_64-linux-gnu-gcc -pthread -Wno-unused-result -Wsign-compare -DNDEBUG -g -fwrapv -O2 -Wall -g -fstack-protector-strong -Wformat -Werror=format-security -g -flto -fuse-linker-plugin -ffat-lto-objects -fPIC \"-DPSYCOPG_VERSION=2.9.5 (dt dec pq3 ext lo64)\" -DPSYCOPG_DEBUG=1 -DPG_VERSION_NUM=110018 -DHAVE_LO64=1 -DPSYCOPG_DEBUG=1 -I/opt/v_1_0_1/include -I/usr/include/python3.7m -I. -I/usr/include/postgresql -I/usr/include/postgresql/11/server -I/usr/include/libxml2 -I/usr/include/mit-krb5 -c psycopg/adapter_asis.c -o build/temp.linux-x86_64-cpython-37/psycopg/adapter_asis.o -Wdeclaration-after-statement\n      In file included from psycopg/adapter_asis.c:28:\n      ./psycopg/psycopg.h:35:10: fatal error: Python.h: No such file or directory\n       #include <Python.h>\n                ^~~~~~~~~~\n      compilation terminated.\n      \n      It appears you are missing some prerequisite to build the package from source.\n      \n      You may install a binary package by installing 'psycopg2-binary' from PyPI.\n      If you want to install psycopg2 from source, please install the packages\n      required for the build and try again.\n      \n      For further information please check the 'doc/src/install.rst' file (also at\n      <https://www.psycopg.org/docs/install.html>).\n      \n      error: command '/usr/bin/x86_64-linux-gnu-gcc' failed with exit code 1\n      [end of output]\n  \n  note: This error originates from a subprocess, and is likely not a problem with pip.\n\u001b[0m\u001b[91m  ERROR: Failed building wheel for psycopg2\n\u001b[0m  Running setup.py clean for psycopg2\nSuccessfully built metadata-service\nFailed to build psycopg2\nInstalling collected packages: urllib3, typing-extensions, six, pyYAML, psycopg2-binary, psycopg2, multidict, MarkupSafe, jmespath, idna, frozenlist, charset-normalizer, attrs, asynctest, yarl, python-dateutil, jinja2, async-timeout, aiosignal, botocore, aiopg, aiohttp, s3transfer, aiohttp_swagger, boto3, metadata-service\n  Running setup.py install for psycopg2: started\n  Running setup.py install for psycopg2: finished with status 'error'\n\u001b[91m  error: subprocess-exited-with-error\n  \n  × Running setup.py install for psycopg2 did not run successfully.\n  │ exit code: 1\n  ╰─> [42 lines of output]\n      /opt/v_1_0_1/lib/python3.7/site-packages/setuptools/config/setupcfg.py:508: SetuptoolsDeprecationWarning: The license_file parameter is deprecated, use license_files instead.\n        warnings.warn(msg, warning_class)\n      running install\n      /opt/v_1_0_1/lib/python3.7/site-packages/setuptools/command/install.py:37: SetuptoolsDeprecationWarning: setup.py install is deprecated. Use build and pip and other standards-based tools.\n        setuptools.SetuptoolsDeprecationWarning,\n      running build\n      running build_py\n      creating build\n      creating build/lib.linux-x86_64-cpython-37\n      creating build/lib.linux-x86_64-cpython-37/psycopg2\n      copying lib/__init__.py -> build/lib.linux-x86_64-cpython-37/psycopg2\n      copying lib/pool.py -> build/lib.linux-x86_64-cpython-37/psycopg2\n      copying lib/_ipaddress.py -> build/lib.linux-x86_64-cpython-37/psycopg2\n      copying lib/errors.py -> build/lib.linux-x86_64-cpython-37/psycopg2\n      copying lib/_json.py -> build/lib.linux-x86_64-cpython-37/psycopg2\n      copying lib/sql.py -> build/lib.linux-x86_64-cpython-37/psycopg2\n      copying lib/_range.py -> build/lib.linux-x86_64-cpython-37/psycopg2\n      copying lib/tz.py -> build/lib.linux-x86_64-cpython-37/psycopg2\n      copying lib/extras.py -> build/lib.linux-x86_64-cpython-37/psycopg2\n      copying lib/extensions.py -> build/lib.linux-x86_64-cpython-37/psycopg2\n      copying lib/errorcodes.py -> build/lib.linux-x86_64-cpython-37/psycopg2\n      running build_ext\n      building 'psycopg2._psycopg' extension\n      creating build/temp.linux-x86_64-cpython-37\n      creating build/temp.linux-x86_64-cpython-37/psycopg\n      x86_64-linux-gnu-gcc -pthread -Wno-unused-result -Wsign-compare -DNDEBUG -g -fwrapv -O2 -Wall -g -fstack-protector-strong -Wformat -Werror=format-security -g -flto -fuse-linker-plugin -ffat-lto-objects -fPIC \"-DPSYCOPG_VERSION=2.9.5 (dt dec pq3 ext lo64)\" -DPSYCOPG_DEBUG=1 -DPG_VERSION_NUM=110018 -DHAVE_LO64=1 -DPSYCOPG_DEBUG=1 -I/opt/v_1_0_1/include -I/usr/include/python3.7m -I. -I/usr/include/postgresql -I/usr/include/postgresql/11/server -I/usr/include/libxml2 -I/usr/include/mit-krb5 -c psycopg/adapter_asis.c -o build/temp.linux-x86_64-cpython-37/psycopg/adapter_asis.o -Wdeclaration-after-statement\n      In file included from psycopg/adapter_asis.c:28:\n      ./psycopg/psycopg.h:35:10: fatal error: Python.h: No such file or directory\n       #include <Python.h>\n                ^~~~~~~~~~\n      compilation terminated.\n      \n      It appears you are missing some prerequisite to build the package from source.\n      \n      You may install a binary package by installing 'psycopg2-binary' from PyPI.\n      If you want to install psycopg2 from source, please install the packages\n      required for the build and try again.\n      \n      For further information please check the 'doc/src/install.rst' file (also at\n      <https://www.psycopg.org/docs/install.html>).\n      \n      error: command '/usr/bin/x86_64-linux-gnu-gcc' failed with exit code 1\n      [end of output]\n  \n  note: This error originates from a subprocess, and is likely not a problem with pip.\n\u001b[0m\u001b[91merror: legacy-install-failure\n\n× Encountered error while trying to install package.\n╰─> psycopg2\n\nnote: This is an issue with the package mentioned above, not pip.\nhint: See above for output from the failure.\n\u001b[0mRemoving intermediate container 53aac2954775\n","stderr":"The command '/bin/sh -c /opt/v_1_0_1/bin/pip install https://github.com/Netflix/metaflow-service/archive/1.0.1.zip' returned a non-zero code: 1\n"},"endTime":1672777741129}