{"repository":"https://github.com/aertslab/scope","dockerfilePath":"Dockerfile","startTime":1672575168517,"clone":{"stdout":"","stderr":"Cloning into '/tmp/dinghy-analysis/aertslab/scope'...\n","error":null,"commit":"9ae520733138f3cf4315ad1a681863fa4126cec4"},"originalBuild":{"startTimestamp":1672575170481,"endTimestamp":1672575668160,"error":{"code":1,"killed":false,"signal":null,"cmd":"docker build --no-cache --force-rm -t scope:latest -f /tmp/dinghy-analysis/aertslab/scope/Dockerfile ."},"stdout":"Sending build context to Docker daemon  47.83MB\r\r\nStep 1/19 : FROM debian:latest\nlatest: Pulling from library/debian\n32de3c850997: Already exists\nDigest: sha256:c66c0e5dc607baefefda1d9e64a3b3a317e4189c540c8eac0c1a06186fe353a1\nStatus: Downloaded newer image for debian:latest\n ---> 446440c01886\nStep 2/19 : ARG SCOPE_PORT=80\n ---> Running in 76a0b6b62ef3\nRemoving intermediate container 76a0b6b62ef3\n ---> 3df21c2920e8\nStep 3/19 : RUN apt-get update -y\n ---> Running in 9814e17b2e64\nGet:1 http://deb.debian.org/debian bullseye InRelease [116 kB]\nGet:2 http://deb.debian.org/debian-security bullseye-security InRelease [48.4 kB]\nGet:3 http://deb.debian.org/debian bullseye-updates InRelease [44.1 kB]\nGet:4 http://deb.debian.org/debian bullseye/main amd64 Packages [8183 kB]\nGet:5 http://deb.debian.org/debian-security bullseye-security/main amd64 Packages [210 kB]\nGet:6 http://deb.debian.org/debian bullseye-updates/main amd64 Packages [14.6 kB]\nFetched 8616 kB in 1s (6480 kB/s)\nReading package lists...\nRemoving intermediate container 9814e17b2e64\n ---> 8c91b1dc9fe7\nStep 4/19 : RUN apt-get install -y     curl wget     gnupg     unzip     git\n ---> Running in ae6cc2209f05\nReading package lists...\nBuilding dependency tree...\nReading state information...\nThe following additional packages will be installed:\n  ca-certificates dirmngr git-man gnupg-l10n gnupg-utils gpg gpg-agent\n  gpg-wks-client gpg-wks-server gpgconf gpgsm less libassuan0 libbrotli1\n  libbsd0 libcbor0 libcurl3-gnutls libcurl4 libedit2 liberror-perl libexpat1\n  libfido2-1 libgdbm-compat4 libgdbm6 libgpm2 libksba8 libldap-2.4-2\n  libldap-common libmd0 libncursesw6 libnghttp2-14 libnpth0 libperl5.32\n  libpsl5 libreadline8 librtmp1 libsasl2-2 libsasl2-modules\n  libsasl2-modules-db libsqlite3-0 libssh2-1 libx11-6 libx11-data libxau6\n  libxcb1 libxdmcp6 libxext6 libxmuu1 netbase openssh-client openssl patch\n  perl perl-modules-5.32 pinentry-curses publicsuffix readline-common xauth\nSuggested packages:\n  dbus-user-session libpam-systemd pinentry-gnome3 tor gettext-base\n  git-daemon-run | git-daemon-sysvinit git-doc git-el git-email git-gui gitk\n  gitweb git-cvs git-mediawiki git-svn parcimonie xloadimage scdaemon\n  gdbm-l10n gpm sensible-utils libsasl2-modules-gssapi-mit\n  | libsasl2-modules-gssapi-heimdal libsasl2-modules-ldap libsasl2-modules-otp\n  libsasl2-modules-sql keychain libpam-ssh monkeysphere ssh-askpass ed\n  diffutils-doc perl-doc libterm-readline-gnu-perl\n  | libterm-readline-perl-perl make libtap-harness-archive-perl pinentry-doc\n  readline-doc zip\nThe following NEW packages will be installed:\n  ca-certificates curl dirmngr git git-man gnupg gnupg-l10n gnupg-utils gpg\n  gpg-agent gpg-wks-client gpg-wks-server gpgconf gpgsm less libassuan0\n  libbrotli1 libbsd0 libcbor0 libcurl3-gnutls libcurl4 libedit2 liberror-perl\n  libexpat1 libfido2-1 libgdbm-compat4 libgdbm6 libgpm2 libksba8 libldap-2.4-2\n  libldap-common libmd0 libncursesw6 libnghttp2-14 libnpth0 libperl5.32\n  libpsl5 libreadline8 librtmp1 libsasl2-2 libsasl2-modules\n  libsasl2-modules-db libsqlite3-0 libssh2-1 libx11-6 libx11-data libxau6\n  libxcb1 libxdmcp6 libxext6 libxmuu1 netbase openssh-client openssl patch\n  perl perl-modules-5.32 pinentry-curses publicsuffix readline-common unzip\n  wget xauth\n0 upgraded, 63 newly installed, 0 to remove and 0 not upgraded.\nNeed to get 31.1 MB of archives.\nAfter this operation, 125 MB of additional disk space will be used.\nGet:1 http://deb.debian.org/debian bullseye/main amd64 perl-modules-5.32 all 5.32.1-4+deb11u2 [2823 kB]\nGet:2 http://deb.debian.org/debian bullseye/main amd64 libgdbm6 amd64 1.19-2 [64.9 kB]\nGet:3 http://deb.debian.org/debian bullseye/main amd64 libgdbm-compat4 amd64 1.19-2 [44.7 kB]\nGet:4 http://deb.debian.org/debian bullseye/main amd64 libperl5.32 amd64 5.32.1-4+deb11u2 [4106 kB]\nGet:5 http://deb.debian.org/debian bullseye/main amd64 perl amd64 5.32.1-4+deb11u2 [293 kB]\nGet:6 http://deb.debian.org/debian bullseye/main amd64 less amd64 551-2 [133 kB]\nGet:7 http://deb.debian.org/debian bullseye/main amd64 readline-common all 8.1-1 [73.7 kB]\nGet:8 http://deb.debian.org/debian bullseye/main amd64 libreadline8 amd64 8.1-1 [169 kB]\nGet:9 http://deb.debian.org/debian bullseye/main amd64 netbase all 6.3 [19.9 kB]\nGet:10 http://deb.debian.org/debian bullseye/main amd64 openssl amd64 1.1.1n-0+deb11u3 [853 kB]\nGet:11 http://deb.debian.org/debian bullseye/main amd64 ca-certificates all 20210119 [158 kB]\nGet:12 http://deb.debian.org/debian bullseye/main amd64 libmd0 amd64 1.0.3-3 [28.0 kB]\nGet:13 http://deb.debian.org/debian bullseye/main amd64 libbsd0 amd64 0.11.3-1 [108 kB]\nGet:14 http://deb.debian.org/debian bullseye/main amd64 libedit2 amd64 3.1-20191231-2+b1 [96.7 kB]\nGet:15 http://deb.debian.org/debian bullseye/main amd64 libcbor0 amd64 0.5.0+dfsg-2 [24.0 kB]\nGet:16 http://deb.debian.org/debian bullseye/main amd64 libfido2-1 amd64 1.6.0-2 [53.3 kB]\nGet:17 http://deb.debian.org/debian bullseye/main amd64 openssh-client amd64 1:8.4p1-5+deb11u1 [929 kB]\nGet:18 http://deb.debian.org/debian bullseye/main amd64 libpsl5 amd64 0.21.0-1.2 [57.3 kB]\nGet:19 http://deb.debian.org/debian bullseye/main amd64 wget amd64 1.21-1+deb11u1 [964 kB]\nGet:20 http://deb.debian.org/debian bullseye/main amd64 libbrotli1 amd64 1.0.9-2+b2 [279 kB]\nGet:21 http://deb.debian.org/debian bullseye/main amd64 libsasl2-modules-db amd64 2.1.27+dfsg-2.1+deb11u1 [69.1 kB]\nGet:22 http://deb.debian.org/debian bullseye/main amd64 libsasl2-2 amd64 2.1.27+dfsg-2.1+deb11u1 [106 kB]\nGet:23 http://deb.debian.org/debian bullseye/main amd64 libldap-2.4-2 amd64 2.4.57+dfsg-3+deb11u1 [232 kB]\nGet:24 http://deb.debian.org/debian bullseye/main amd64 libnghttp2-14 amd64 1.43.0-1 [77.1 kB]\nGet:25 http://deb.debian.org/debian bullseye/main amd64 librtmp1 amd64 2.4+20151223.gitfa8646d.1-2+b2 [60.8 kB]\nGet:26 http://deb.debian.org/debian bullseye/main amd64 libssh2-1 amd64 1.9.0-2 [156 kB]\nGet:27 http://deb.debian.org/debian bullseye/main amd64 libcurl4 amd64 7.74.0-1.3+deb11u3 [345 kB]\nGet:28 http://deb.debian.org/debian bullseye/main amd64 curl amd64 7.74.0-1.3+deb11u3 [269 kB]\nGet:29 http://deb.debian.org/debian bullseye/main amd64 libassuan0 amd64 2.5.3-7.1 [50.5 kB]\nGet:30 http://deb.debian.org/debian bullseye/main amd64 gpgconf amd64 2.2.27-2+deb11u2 [548 kB]\nGet:31 http://deb.debian.org/debian-security bullseye-security/main amd64 libksba8 amd64 1.5.0-3+deb11u2 [123 kB]\nGet:32 http://deb.debian.org/debian bullseye/main amd64 libnpth0 amd64 1.6-3 [19.0 kB]\nGet:33 http://deb.debian.org/debian bullseye/main amd64 dirmngr amd64 2.2.27-2+deb11u2 [763 kB]\nGet:34 http://deb.debian.org/debian bullseye/main amd64 libcurl3-gnutls amd64 7.74.0-1.3+deb11u3 [342 kB]\nGet:35 http://deb.debian.org/debian bullseye/main amd64 libexpat1 amd64 2.2.10-2+deb11u5 [98.2 kB]\nGet:36 http://deb.debian.org/debian bullseye/main amd64 liberror-perl all 0.17029-1 [31.0 kB]\nGet:37 http://deb.debian.org/debian bullseye/main amd64 git-man all 1:2.30.2-1 [1827 kB]\nGet:38 http://deb.debian.org/debian bullseye/main amd64 git amd64 1:2.30.2-1 [5527 kB]\nGet:39 http://deb.debian.org/debian bullseye/main amd64 gnupg-l10n all 2.2.27-2+deb11u2 [1086 kB]\nGet:40 http://deb.debian.org/debian bullseye/main amd64 gnupg-utils amd64 2.2.27-2+deb11u2 [905 kB]\nGet:41 http://deb.debian.org/debian bullseye/main amd64 libsqlite3-0 amd64 3.34.1-3 [797 kB]\nGet:42 http://deb.debian.org/debian bullseye/main amd64 gpg amd64 2.2.27-2+deb11u2 [928 kB]\nGet:43 http://deb.debian.org/debian bullseye/main amd64 libncursesw6 amd64 6.2+20201114-2 [132 kB]\nGet:44 http://deb.debian.org/debian bullseye/main amd64 pinentry-curses amd64 1.1.0-4 [64.9 kB]\nGet:45 http://deb.debian.org/debian bullseye/main amd64 gpg-agent amd64 2.2.27-2+deb11u2 [669 kB]\nGet:46 http://deb.debian.org/debian bullseye/main amd64 gpg-wks-client amd64 2.2.27-2+deb11u2 [524 kB]\nGet:47 http://deb.debian.org/debian bullseye/main amd64 gpg-wks-server amd64 2.2.27-2+deb11u2 [516 kB]\nGet:48 http://deb.debian.org/debian bullseye/main amd64 gpgsm amd64 2.2.27-2+deb11u2 [645 kB]\nGet:49 http://deb.debian.org/debian bullseye/main amd64 gnupg all 2.2.27-2+deb11u2 [825 kB]\nGet:50 http://deb.debian.org/debian bullseye/main amd64 libgpm2 amd64 1.20.7-8 [35.6 kB]\nGet:51 http://deb.debian.org/debian bullseye/main amd64 libldap-common all 2.4.57+dfsg-3+deb11u1 [95.8 kB]\nGet:52 http://deb.debian.org/debian bullseye/main amd64 libsasl2-modules amd64 2.1.27+dfsg-2.1+deb11u1 [104 kB]\nGet:53 http://deb.debian.org/debian bullseye/main amd64 libxau6 amd64 1:1.0.9-1 [19.7 kB]\nGet:54 http://deb.debian.org/debian bullseye/main amd64 libxdmcp6 amd64 1:1.1.2-3 [26.3 kB]\nGet:55 http://deb.debian.org/debian bullseye/main amd64 libxcb1 amd64 1.14-3 [140 kB]\nGet:56 http://deb.debian.org/debian bullseye/main amd64 libx11-data all 2:1.7.2-1 [311 kB]\nGet:57 http://deb.debian.org/debian bullseye/main amd64 libx11-6 amd64 2:1.7.2-1 [772 kB]\nGet:58 http://deb.debian.org/debian bullseye/main amd64 libxext6 amd64 2:1.3.3-1.1 [52.7 kB]\nGet:59 http://deb.debian.org/debian bullseye/main amd64 libxmuu1 amd64 2:1.1.2-2+b3 [23.9 kB]\nGet:60 http://deb.debian.org/debian bullseye/main amd64 patch amd64 2.7.6-7 [128 kB]\nGet:61 http://deb.debian.org/debian bullseye/main amd64 publicsuffix all 20220811.1734-0+deb11u1 [127 kB]\nGet:62 http://deb.debian.org/debian bullseye/main amd64 unzip amd64 6.0-26+deb11u1 [172 kB]\nGet:63 http://deb.debian.org/debian bullseye/main amd64 xauth amd64 1:1.1-1 [40.5 kB]\n\u001b[91mdebconf: delaying package configuration, since apt-utils is not installed\n\u001b[0mFetched 31.1 MB in 0s (79.9 MB/s)\nSelecting previously unselected package perl-modules-5.32.\r\n(Reading database ... \r(Reading database ... 5%\r(Reading database ... 10%\r(Reading database ... 15%\r(Reading database ... 20%\r(Reading database ... 25%\r(Reading database ... 30%\r(Reading database ... 35%\r(Reading database ... 40%\r(Reading database ... 45%\r(Reading database ... 50%\r(Reading database ... 55%\r(Reading database ... 60%\r(Reading database ... 65%\r(Reading database ... 70%\r(Reading database ... 75%\r(Reading database ... 80%\r(Reading database ... 85%\r(Reading database ... 90%\r(Reading database ... 95%\r(Reading database ... 100%\r(Reading database ... 6661 files and directories currently installed.)\r\nPreparing to unpack .../00-perl-modules-5.32_5.32.1-4+deb11u2_all.deb ...\r\nUnpacking perl-modules-5.32 (5.32.1-4+deb11u2) ...\r\nSelecting previously unselected package libgdbm6:amd64.\r\nPreparing to unpack .../01-libgdbm6_1.19-2_amd64.deb ...\r\nUnpacking libgdbm6:amd64 (1.19-2) ...\r\nSelecting previously unselected package libgdbm-compat4:amd64.\r\nPreparing to unpack .../02-libgdbm-compat4_1.19-2_amd64.deb ...\r\nUnpacking libgdbm-compat4:amd64 (1.19-2) ...\r\nSelecting previously unselected package libperl5.32:amd64.\r\nPreparing to unpack .../03-libperl5.32_5.32.1-4+deb11u2_amd64.deb ...\r\nUnpacking libperl5.32:amd64 (5.32.1-4+deb11u2) ...\r\nSelecting previously unselected package perl.\r\nPreparing to unpack .../04-perl_5.32.1-4+deb11u2_amd64.deb ...\r\nUnpacking perl (5.32.1-4+deb11u2) ...\r\nSelecting previously unselected package less.\r\nPreparing to unpack .../05-less_551-2_amd64.deb ...\r\nUnpacking less (551-2) ...\r\nSelecting previously unselected package readline-common.\r\nPreparing to unpack .../06-readline-common_8.1-1_all.deb ...\r\nUnpacking readline-common (8.1-1) ...\r\nSelecting previously unselected package libreadline8:amd64.\r\nPreparing to unpack .../07-libreadline8_8.1-1_amd64.deb ...\r\nUnpacking libreadline8:amd64 (8.1-1) ...\r\nSelecting previously unselected package netbase.\r\nPreparing to unpack .../08-netbase_6.3_all.deb ...\r\nUnpacking netbase (6.3) ...\r\nSelecting previously unselected package openssl.\r\nPreparing to unpack .../09-openssl_1.1.1n-0+deb11u3_amd64.deb ...\r\nUnpacking openssl (1.1.1n-0+deb11u3) ...\r\nSelecting previously unselected package ca-certificates.\r\nPreparing to unpack .../10-ca-certificates_20210119_all.deb ...\r\nUnpacking ca-certificates (20210119) ...\r\nSelecting previously unselected package libmd0:amd64.\r\nPreparing to unpack .../11-libmd0_1.0.3-3_amd64.deb ...\r\nUnpacking libmd0:amd64 (1.0.3-3) ...\r\nSelecting previously unselected package libbsd0:amd64.\r\nPreparing to unpack .../12-libbsd0_0.11.3-1_amd64.deb ...\r\nUnpacking libbsd0:amd64 (0.11.3-1) ...\r\nSelecting previously unselected package libedit2:amd64.\r\nPreparing to unpack .../13-libedit2_3.1-20191231-2+b1_amd64.deb ...\r\nUnpacking libedit2:amd64 (3.1-20191231-2+b1) ...\r\nSelecting previously unselected package libcbor0:amd64.\r\nPreparing to unpack .../14-libcbor0_0.5.0+dfsg-2_amd64.deb ...\r\nUnpacking libcbor0:amd64 (0.5.0+dfsg-2) ...\r\nSelecting previously unselected package libfido2-1:amd64.\r\nPreparing to unpack .../15-libfido2-1_1.6.0-2_amd64.deb ...\r\nUnpacking libfido2-1:amd64 (1.6.0-2) ...\r\nSelecting previously unselected package openssh-client.\r\nPreparing to unpack .../16-openssh-client_1%3a8.4p1-5+deb11u1_amd64.deb ...\r\nUnpacking openssh-client (1:8.4p1-5+deb11u1) ...\r\nSelecting previously unselected package libpsl5:amd64.\r\nPreparing to unpack .../17-libpsl5_0.21.0-1.2_amd64.deb ...\r\nUnpacking libpsl5:amd64 (0.21.0-1.2) ...\r\nSelecting previously unselected package wget.\r\nPreparing to unpack .../18-wget_1.21-1+deb11u1_amd64.deb ...\r\nUnpacking wget (1.21-1+deb11u1) ...\r\nSelecting previously unselected package libbrotli1:amd64.\r\nPreparing to unpack .../19-libbrotli1_1.0.9-2+b2_amd64.deb ...\r\nUnpacking libbrotli1:amd64 (1.0.9-2+b2) ...\r\nSelecting previously unselected package libsasl2-modules-db:amd64.\r\nPreparing to unpack .../20-libsasl2-modules-db_2.1.27+dfsg-2.1+deb11u1_amd64.deb ...\r\nUnpacking libsasl2-modules-db:amd64 (2.1.27+dfsg-2.1+deb11u1) ...\r\nSelecting previously unselected package libsasl2-2:amd64.\r\nPreparing to unpack .../21-libsasl2-2_2.1.27+dfsg-2.1+deb11u1_amd64.deb ...\r\nUnpacking libsasl2-2:amd64 (2.1.27+dfsg-2.1+deb11u1) ...\r\nSelecting previously unselected package libldap-2.4-2:amd64.\r\nPreparing to unpack .../22-libldap-2.4-2_2.4.57+dfsg-3+deb11u1_amd64.deb ...\r\nUnpacking libldap-2.4-2:amd64 (2.4.57+dfsg-3+deb11u1) ...\r\nSelecting previously unselected package libnghttp2-14:amd64.\r\nPreparing to unpack .../23-libnghttp2-14_1.43.0-1_amd64.deb ...\r\nUnpacking libnghttp2-14:amd64 (1.43.0-1) ...\r\nSelecting previously unselected package librtmp1:amd64.\r\nPreparing to unpack .../24-librtmp1_2.4+20151223.gitfa8646d.1-2+b2_amd64.deb ...\r\nUnpacking librtmp1:amd64 (2.4+20151223.gitfa8646d.1-2+b2) ...\r\nSelecting previously unselected package libssh2-1:amd64.\r\nPreparing to unpack .../25-libssh2-1_1.9.0-2_amd64.deb ...\r\nUnpacking libssh2-1:amd64 (1.9.0-2) ...\r\nSelecting previously unselected package libcurl4:amd64.\r\nPreparing to unpack .../26-libcurl4_7.74.0-1.3+deb11u3_amd64.deb ...\r\nUnpacking libcurl4:amd64 (7.74.0-1.3+deb11u3) ...\r\nSelecting previously unselected package curl.\r\nPreparing to unpack .../27-curl_7.74.0-1.3+deb11u3_amd64.deb ...\r\nUnpacking curl (7.74.0-1.3+deb11u3) ...\r\nSelecting previously unselected package libassuan0:amd64.\r\nPreparing to unpack .../28-libassuan0_2.5.3-7.1_amd64.deb ...\r\nUnpacking libassuan0:amd64 (2.5.3-7.1) ...\r\nSelecting previously unselected package gpgconf.\r\nPreparing to unpack .../29-gpgconf_2.2.27-2+deb11u2_amd64.deb ...\r\nUnpacking gpgconf (2.2.27-2+deb11u2) ...\r\nSelecting previously unselected package libksba8:amd64.\r\nPreparing to unpack .../30-libksba8_1.5.0-3+deb11u2_amd64.deb ...\r\nUnpacking libksba8:amd64 (1.5.0-3+deb11u2) ...\r\nSelecting previously unselected package libnpth0:amd64.\r\nPreparing to unpack .../31-libnpth0_1.6-3_amd64.deb ...\r\nUnpacking libnpth0:amd64 (1.6-3) ...\r\nSelecting previously unselected package dirmngr.\r\nPreparing to unpack .../32-dirmngr_2.2.27-2+deb11u2_amd64.deb ...\r\nUnpacking dirmngr (2.2.27-2+deb11u2) ...\r\nSelecting previously unselected package libcurl3-gnutls:amd64.\r\nPreparing to unpack .../33-libcurl3-gnutls_7.74.0-1.3+deb11u3_amd64.deb ...\r\nUnpacking libcurl3-gnutls:amd64 (7.74.0-1.3+deb11u3) ...\r\nSelecting previously unselected package libexpat1:amd64.\r\nPreparing to unpack .../34-libexpat1_2.2.10-2+deb11u5_amd64.deb ...\r\nUnpacking libexpat1:amd64 (2.2.10-2+deb11u5) ...\r\nSelecting previously unselected package liberror-perl.\r\nPreparing to unpack .../35-liberror-perl_0.17029-1_all.deb ...\r\nUnpacking liberror-perl (0.17029-1) ...\r\nSelecting previously unselected package git-man.\r\nPreparing to unpack .../36-git-man_1%3a2.30.2-1_all.deb ...\r\nUnpacking git-man (1:2.30.2-1) ...\r\nSelecting previously unselected package git.\r\nPreparing to unpack .../37-git_1%3a2.30.2-1_amd64.deb ...\r\nUnpacking git (1:2.30.2-1) ...\r\nSelecting previously unselected package gnupg-l10n.\r\nPreparing to unpack .../38-gnupg-l10n_2.2.27-2+deb11u2_all.deb ...\r\nUnpacking gnupg-l10n (2.2.27-2+deb11u2) ...\r\nSelecting previously unselected package gnupg-utils.\r\nPreparing to unpack .../39-gnupg-utils_2.2.27-2+deb11u2_amd64.deb ...\r\nUnpacking gnupg-utils (2.2.27-2+deb11u2) ...\r\nSelecting previously unselected package libsqlite3-0:amd64.\r\nPreparing to unpack .../40-libsqlite3-0_3.34.1-3_amd64.deb ...\r\nUnpacking libsqlite3-0:amd64 (3.34.1-3) ...\r\nSelecting previously unselected package gpg.\r\nPreparing to unpack .../41-gpg_2.2.27-2+deb11u2_amd64.deb ...\r\nUnpacking gpg (2.2.27-2+deb11u2) ...\r\nSelecting previously unselected package libncursesw6:amd64.\r\nPreparing to unpack .../42-libncursesw6_6.2+20201114-2_amd64.deb ...\r\nUnpacking libncursesw6:amd64 (6.2+20201114-2) ...\r\nSelecting previously unselected package pinentry-curses.\r\nPreparing to unpack .../43-pinentry-curses_1.1.0-4_amd64.deb ...\r\nUnpacking pinentry-curses (1.1.0-4) ...\r\nSelecting previously unselected package gpg-agent.\r\nPreparing to unpack .../44-gpg-agent_2.2.27-2+deb11u2_amd64.deb ...\r\nUnpacking gpg-agent (2.2.27-2+deb11u2) ...\r\nSelecting previously unselected package gpg-wks-client.\r\nPreparing to unpack .../45-gpg-wks-client_2.2.27-2+deb11u2_amd64.deb ...\r\nUnpacking gpg-wks-client (2.2.27-2+deb11u2) ...\r\nSelecting previously unselected package gpg-wks-server.\r\nPreparing to unpack .../46-gpg-wks-server_2.2.27-2+deb11u2_amd64.deb ...\r\nUnpacking gpg-wks-server (2.2.27-2+deb11u2) ...\r\nSelecting previously unselected package gpgsm.\r\nPreparing to unpack .../47-gpgsm_2.2.27-2+deb11u2_amd64.deb ...\r\nUnpacking gpgsm (2.2.27-2+deb11u2) ...\r\nSelecting previously unselected package gnupg.\r\nPreparing to unpack .../48-gnupg_2.2.27-2+deb11u2_all.deb ...\r\nUnpacking gnupg (2.2.27-2+deb11u2) ...\r\nSelecting previously unselected package libgpm2:amd64.\r\nPreparing to unpack .../49-libgpm2_1.20.7-8_amd64.deb ...\r\nUnpacking libgpm2:amd64 (1.20.7-8) ...\r\nSelecting previously unselected package libldap-common.\r\nPreparing to unpack .../50-libldap-common_2.4.57+dfsg-3+deb11u1_all.deb ...\r\nUnpacking libldap-common (2.4.57+dfsg-3+deb11u1) ...\r\nSelecting previously unselected package libsasl2-modules:amd64.\r\nPreparing to unpack .../51-libsasl2-modules_2.1.27+dfsg-2.1+deb11u1_amd64.deb ...\r\nUnpacking libsasl2-modules:amd64 (2.1.27+dfsg-2.1+deb11u1) ...\r\nSelecting previously unselected package libxau6:amd64.\r\nPreparing to unpack .../52-libxau6_1%3a1.0.9-1_amd64.deb ...\r\nUnpacking libxau6:amd64 (1:1.0.9-1) ...\r\nSelecting previously unselected package libxdmcp6:amd64.\r\nPreparing to unpack .../53-libxdmcp6_1%3a1.1.2-3_amd64.deb ...\r\nUnpacking libxdmcp6:amd64 (1:1.1.2-3) ...\r\nSelecting previously unselected package libxcb1:amd64.\r\nPreparing to unpack .../54-libxcb1_1.14-3_amd64.deb ...\r\nUnpacking libxcb1:amd64 (1.14-3) ...\r\nSelecting previously unselected package libx11-data.\r\nPreparing to unpack .../55-libx11-data_2%3a1.7.2-1_all.deb ...\r\nUnpacking libx11-data (2:1.7.2-1) ...\r\nSelecting previously unselected package libx11-6:amd64.\r\nPreparing to unpack .../56-libx11-6_2%3a1.7.2-1_amd64.deb ...\r\nUnpacking libx11-6:amd64 (2:1.7.2-1) ...\r\nSelecting previously unselected package libxext6:amd64.\r\nPreparing to unpack .../57-libxext6_2%3a1.3.3-1.1_amd64.deb ...\r\nUnpacking libxext6:amd64 (2:1.3.3-1.1) ...\r\nSelecting previously unselected package libxmuu1:amd64.\r\nPreparing to unpack .../58-libxmuu1_2%3a1.1.2-2+b3_amd64.deb ...\r\nUnpacking libxmuu1:amd64 (2:1.1.2-2+b3) ...\r\nSelecting previously unselected package patch.\r\nPreparing to unpack .../59-patch_2.7.6-7_amd64.deb ...\r\nUnpacking patch (2.7.6-7) ...\r\nSelecting previously unselected package publicsuffix.\r\nPreparing to unpack .../60-publicsuffix_20220811.1734-0+deb11u1_all.deb ...\r\nUnpacking publicsuffix (20220811.1734-0+deb11u1) ...\r\nSelecting previously unselected package unzip.\r\nPreparing to unpack .../61-unzip_6.0-26+deb11u1_amd64.deb ...\r\nUnpacking unzip (6.0-26+deb11u1) ...\r\nSelecting previously unselected package xauth.\r\nPreparing to unpack .../62-xauth_1%3a1.1-1_amd64.deb ...\r\nUnpacking xauth (1:1.1-1) ...\r\nSetting up libksba8:amd64 (1.5.0-3+deb11u2) ...\r\nSetting up libexpat1:amd64 (2.2.10-2+deb11u5) ...\r\nSetting up libxau6:amd64 (1:1.0.9-1) ...\r\nSetting up libpsl5:amd64 (0.21.0-1.2) ...\r\nSetting up libgpm2:amd64 (1.20.7-8) ...\r\nSetting up wget (1.21-1+deb11u1) ...\r\nSetting up unzip (6.0-26+deb11u1) ...\r\nSetting up perl-modules-5.32 (5.32.1-4+deb11u2) ...\r\nSetting up libbrotli1:amd64 (1.0.9-2+b2) ...\r\nSetting up libsqlite3-0:amd64 (3.34.1-3) ...\r\nSetting up libcbor0:amd64 (0.5.0+dfsg-2) ...\r\nSetting up libsasl2-modules:amd64 (2.1.27+dfsg-2.1+deb11u1) ...\r\nSetting up libnghttp2-14:amd64 (1.43.0-1) ...\r\nSetting up less (551-2) ...\r\nSetting up libnpth0:amd64 (1.6-3) ...\r\nSetting up libassuan0:amd64 (2.5.3-7.1) ...\r\nSetting up libldap-common (2.4.57+dfsg-3+deb11u1) ...\r\nSetting up libsasl2-modules-db:amd64 (2.1.27+dfsg-2.1+deb11u1) ...\r\nSetting up libx11-data (2:1.7.2-1) ...\r\nSetting up gnupg-l10n (2.2.27-2+deb11u2) ...\r\nSetting up librtmp1:amd64 (2.4+20151223.gitfa8646d.1-2+b2) ...\r\nSetting up patch (2.7.6-7) ...\r\nSetting up libncursesw6:amd64 (6.2+20201114-2) ...\r\nSetting up libsasl2-2:amd64 (2.1.27+dfsg-2.1+deb11u1) ...\r\nSetting up libmd0:amd64 (1.0.3-3) ...\r\nSetting up git-man (1:2.30.2-1) ...\r\nSetting up libssh2-1:amd64 (1.9.0-2) ...\r\nSetting up netbase (6.3) ...\r\nSetting up libfido2-1:amd64 (1.6.0-2) ...\r\nSetting up openssl (1.1.1n-0+deb11u3) ...\r\nSetting up libbsd0:amd64 (0.11.3-1) ...\r\nSetting up readline-common (8.1-1) ...\r\nSetting up publicsuffix (20220811.1734-0+deb11u1) ...\r\nSetting up libgdbm6:amd64 (1.19-2) ...\r\nSetting up pinentry-curses (1.1.0-4) ...\r\nSetting up libxdmcp6:amd64 (1:1.1.2-3) ...\r\nSetting up libxcb1:amd64 (1.14-3) ...\r\nSetting up libedit2:amd64 (3.1-20191231-2+b1) ...\r\nSetting up libreadline8:amd64 (8.1-1) ...\r\nSetting up libldap-2.4-2:amd64 (2.4.57+dfsg-3+deb11u1) ...\r\nSetting up libcurl3-gnutls:amd64 (7.74.0-1.3+deb11u3) ...\r\nSetting up ca-certificates (20210119) ...\r\ndebconf: unable to initialize frontend: Dialog\r\ndebconf: (TERM is not set, so the dialog frontend is not usable.)\r\ndebconf: falling back to frontend: Readline\r\nUpdating certificates in /etc/ssl/certs...\r\n129 added, 0 removed; done.\r\nSetting up libgdbm-compat4:amd64 (1.19-2) ...\r\nSetting up libperl5.32:amd64 (5.32.1-4+deb11u2) ...\r\nSetting up gpgconf (2.2.27-2+deb11u2) ...\r\nSetting up libcurl4:amd64 (7.74.0-1.3+deb11u3) ...\r\nSetting up libx11-6:amd64 (2:1.7.2-1) ...\r\nSetting up curl (7.74.0-1.3+deb11u3) ...\r\nSetting up libxmuu1:amd64 (2:1.1.2-2+b3) ...\r\nSetting up gpg (2.2.27-2+deb11u2) ...\r\nSetting up gnupg-utils (2.2.27-2+deb11u2) ...\r\nSetting up gpg-agent (2.2.27-2+deb11u2) ...\r\nSetting up openssh-client (1:8.4p1-5+deb11u1) ...\r\nSetting up gpgsm (2.2.27-2+deb11u2) ...\r\nSetting up libxext6:amd64 (2:1.3.3-1.1) ...\r\nSetting up dirmngr (2.2.27-2+deb11u2) ...\r\nSetting up perl (5.32.1-4+deb11u2) ...\r\nSetting up gpg-wks-server (2.2.27-2+deb11u2) ...\r\nSetting up xauth (1:1.1-1) ...\r\nSetting up gpg-wks-client (2.2.27-2+deb11u2) ...\r\nSetting up liberror-perl (0.17029-1) ...\r\nSetting up git (1:2.30.2-1) ...\r\nSetting up gnupg (2.2.27-2+deb11u2) ...\r\nProcessing triggers for libc-bin (2.31-13+deb11u5) ...\r\nProcessing triggers for ca-certificates (20210119) ...\r\nUpdating certificates in /etc/ssl/certs...\r\n0 added, 0 removed; done.\r\nRunning hooks in /etc/ca-certificates/update.d...\r\ndone.\r\nRemoving intermediate container ae6cc2209f05\n ---> 9020124e172f\nStep 5/19 : RUN curl -sL https://deb.nodesource.com/setup_14.x | bash -\n ---> Running in 5d0e86623cae\n\n## Installing the NodeSource Node.js 14.x repo...\n\n\n## Populating apt-get cache...\n\n+ apt-get update\nHit:1 http://deb.debian.org/debian bullseye InRelease\nHit:2 http://deb.debian.org/debian-security bullseye-security InRelease\nHit:3 http://deb.debian.org/debian bullseye-updates InRelease\nReading package lists...\n\n## Installing packages required for setup: lsb-release...\n\n+ apt-get install -y lsb-release > /dev/null 2>&1\n\n## Confirming \"bullseye\" is supported...\n\n+ curl -sLf -o /dev/null 'https://deb.nodesource.com/node_14.x/dists/bullseye/Release'\n\n## Adding the NodeSource signing key to your keyring...\n\n+ curl -s https://deb.nodesource.com/gpgkey/nodesource.gpg.key | gpg --dearmor | tee /usr/share/keyrings/nodesource.gpg >/dev/null\n\n## Creating apt sources list file for the NodeSource Node.js 14.x repo...\n\n+ echo 'deb [signed-by=/usr/share/keyrings/nodesource.gpg] https://deb.nodesource.com/node_14.x bullseye main' > /etc/apt/sources.list.d/nodesource.list\n+ echo 'deb-src [signed-by=/usr/share/keyrings/nodesource.gpg] https://deb.nodesource.com/node_14.x bullseye main' >> /etc/apt/sources.list.d/nodesource.list\n\n## Running `apt-get update` for you...\n\n+ apt-get update\nHit:1 http://deb.debian.org/debian bullseye InRelease\nHit:2 http://deb.debian.org/debian-security bullseye-security InRelease\nHit:3 http://deb.debian.org/debian bullseye-updates InRelease\nGet:4 https://deb.nodesource.com/node_14.x bullseye InRelease [4586 B]\nGet:5 https://deb.nodesource.com/node_14.x bullseye/main amd64 Packages [773 B]\nFetched 5359 B in 1s (4082 B/s)\nReading package lists...\n\n## Run `sudo apt-get install -y nodejs` to install Node.js 14.x and npm\n## You may also need development tools to build native addons:\n     sudo apt-get install gcc g++ make\n## To install the Yarn package manager, run:\n     curl -sL https://dl.yarnpkg.com/debian/pubkey.gpg | gpg --dearmor | sudo tee /usr/share/keyrings/yarnkey.gpg >/dev/null\n     echo \"deb [signed-by=/usr/share/keyrings/yarnkey.gpg] https://dl.yarnpkg.com/debian stable main\" | sudo tee /etc/apt/sources.list.d/yarn.list\n     sudo apt-get update && sudo apt-get install yarn\n\n\nRemoving intermediate container 5d0e86623cae\n ---> b5f503b75253\nStep 6/19 : RUN apt-get install -y nodejs\n ---> Running in ff274ffd936f\nReading package lists...\nBuilding dependency tree...\nReading state information...\nThe following NEW packages will be installed:\n  nodejs\n0 upgraded, 1 newly installed, 0 to remove and 0 not upgraded.\nNeed to get 25.7 MB of archives.\nAfter this operation, 125 MB of additional disk space will be used.\nGet:1 https://deb.nodesource.com/node_14.x bullseye/main amd64 nodejs amd64 14.21.1-deb-1nodesource1 [25.7 MB]\n\u001b[91mdebconf: delaying package configuration, since apt-utils is not installed\n\u001b[0mFetched 25.7 MB in 1s (44.6 MB/s)\nSelecting previously unselected package nodejs.\r\n(Reading database ... \r(Reading database ... 5%\r(Reading database ... 10%\r(Reading database ... 15%\r(Reading database ... 20%\r(Reading database ... 25%\r(Reading database ... 30%\r(Reading database ... 35%\r(Reading database ... 40%\r(Reading database ... 45%\r(Reading database ... 50%\r(Reading database ... 55%\r(Reading database ... 60%\r(Reading database ... 65%\r(Reading database ... 70%\r(Reading database ... 75%\r(Reading database ... 80%\r(Reading database ... 85%\r(Reading database ... 90%\r(Reading database ... 95%\r(Reading database ... 100%\r(Reading database ... 11644 files and directories currently installed.)\r\nPreparing to unpack .../nodejs_14.21.1-deb-1nodesource1_amd64.deb ...\r\nUnpacking nodejs (14.21.1-deb-1nodesource1) ...\r\nSetting up nodejs (14.21.1-deb-1nodesource1) ...\r\nRemoving intermediate container ff274ffd936f\n ---> b54ec97e5765\nStep 7/19 : RUN apt-get install -y build-essential\n ---> Running in fce2e75ad94c\nReading package lists...\nBuilding dependency tree...\nReading state information...\nThe following additional packages will be installed:\n  binutils binutils-common binutils-x86-64-linux-gnu bzip2 cpp cpp-10 dpkg-dev\n  fakeroot fontconfig-config fonts-dejavu-core g++ g++-10 gcc gcc-10\n  libalgorithm-diff-perl libalgorithm-diff-xs-perl libalgorithm-merge-perl\n  libasan6 libatomic1 libbinutils libc-dev-bin libc-devtools libc6-dev\n  libcc1-0 libcrypt-dev libctf-nobfd0 libctf0 libdeflate0 libdpkg-perl\n  libfakeroot libfile-fcntllock-perl libfontconfig1 libfreetype6 libgcc-10-dev\n  libgd3 libgomp1 libisl23 libitm1 libjbig0 libjpeg62-turbo\n  liblocale-gettext-perl liblsan0 libmpc3 libmpfr6 libnsl-dev libpng16-16\n  libquadmath0 libstdc++-10-dev libtiff5 libtirpc-dev libtsan0 libubsan1\n  libwebp6 libxpm4 linux-libc-dev make manpages manpages-dev sensible-utils\n  ucf xz-utils\nSuggested packages:\n  binutils-doc bzip2-doc cpp-doc gcc-10-locales debian-keyring g++-multilib\n  g++-10-multilib gcc-10-doc gcc-multilib autoconf automake libtool flex bison\n  gdb gcc-doc gcc-10-multilib glibc-doc bzr libgd-tools libstdc++-10-doc\n  make-doc man-browser\nThe following NEW packages will be installed:\n  binutils binutils-common binutils-x86-64-linux-gnu build-essential bzip2 cpp\n  cpp-10 dpkg-dev fakeroot fontconfig-config fonts-dejavu-core g++ g++-10 gcc\n  gcc-10 libalgorithm-diff-perl libalgorithm-diff-xs-perl\n  libalgorithm-merge-perl libasan6 libatomic1 libbinutils libc-dev-bin\n  libc-devtools libc6-dev libcc1-0 libcrypt-dev libctf-nobfd0 libctf0\n  libdeflate0 libdpkg-perl libfakeroot libfile-fcntllock-perl libfontconfig1\n  libfreetype6 libgcc-10-dev libgd3 libgomp1 libisl23 libitm1 libjbig0\n  libjpeg62-turbo liblocale-gettext-perl liblsan0 libmpc3 libmpfr6 libnsl-dev\n  libpng16-16 libquadmath0 libstdc++-10-dev libtiff5 libtirpc-dev libtsan0\n  libubsan1 libwebp6 libxpm4 linux-libc-dev make manpages manpages-dev\n  sensible-utils ucf xz-utils\n0 upgraded, 62 newly installed, 0 to remove and 0 not upgraded.\nNeed to get 69.3 MB of archives.\nAfter this operation, 243 MB of additional disk space will be used.\nGet:1 http://deb.debian.org/debian bullseye/main amd64 liblocale-gettext-perl amd64 1.07-4+b1 [19.0 kB]\nGet:2 http://deb.debian.org/debian bullseye/main amd64 sensible-utils all 0.0.14 [14.8 kB]\nGet:3 http://deb.debian.org/debian bullseye/main amd64 bzip2 amd64 1.0.8-4 [49.3 kB]\nGet:4 http://deb.debian.org/debian bullseye/main amd64 manpages all 5.10-1 [1412 kB]\nGet:5 http://deb.debian.org/debian bullseye/main amd64 ucf all 3.0043 [74.0 kB]\nGet:6 http://deb.debian.org/debian bullseye/main amd64 xz-utils amd64 5.2.5-2.1~deb11u1 [220 kB]\nGet:7 http://deb.debian.org/debian bullseye/main amd64 binutils-common amd64 2.35.2-2 [2220 kB]\nGet:8 http://deb.debian.org/debian bullseye/main amd64 libbinutils amd64 2.35.2-2 [570 kB]\nGet:9 http://deb.debian.org/debian bullseye/main amd64 libctf-nobfd0 amd64 2.35.2-2 [110 kB]\nGet:10 http://deb.debian.org/debian bullseye/main amd64 libctf0 amd64 2.35.2-2 [53.2 kB]\nGet:11 http://deb.debian.org/debian bullseye/main amd64 binutils-x86-64-linux-gnu amd64 2.35.2-2 [1809 kB]\nGet:12 http://deb.debian.org/debian bullseye/main amd64 binutils amd64 2.35.2-2 [61.2 kB]\nGet:13 http://deb.debian.org/debian bullseye/main amd64 libc-dev-bin amd64 2.31-13+deb11u5 [276 kB]\nGet:14 http://deb.debian.org/debian bullseye/main amd64 linux-libc-dev amd64 5.10.158-2 [1571 kB]\nGet:15 http://deb.debian.org/debian bullseye/main amd64 libcrypt-dev amd64 1:4.4.18-4 [104 kB]\nGet:16 http://deb.debian.org/debian bullseye/main amd64 libtirpc-dev amd64 1.3.1-1+deb11u1 [191 kB]\nGet:17 http://deb.debian.org/debian bullseye/main amd64 libnsl-dev amd64 1.3.0-2 [66.4 kB]\nGet:18 http://deb.debian.org/debian bullseye/main amd64 libc6-dev amd64 2.31-13+deb11u5 [2359 kB]\nGet:19 http://deb.debian.org/debian bullseye/main amd64 libisl23 amd64 0.23-1 [676 kB]\nGet:20 http://deb.debian.org/debian bullseye/main amd64 libmpfr6 amd64 4.1.0-3 [2012 kB]\nGet:21 http://deb.debian.org/debian bullseye/main amd64 libmpc3 amd64 1.2.0-1 [45.0 kB]\nGet:22 http://deb.debian.org/debian bullseye/main amd64 cpp-10 amd64 10.2.1-6 [8528 kB]\nGet:23 http://deb.debian.org/debian bullseye/main amd64 cpp amd64 4:10.2.1-1 [19.7 kB]\nGet:24 http://deb.debian.org/debian bullseye/main amd64 libcc1-0 amd64 10.2.1-6 [47.0 kB]\nGet:25 http://deb.debian.org/debian bullseye/main amd64 libgomp1 amd64 10.2.1-6 [99.9 kB]\nGet:26 http://deb.debian.org/debian bullseye/main amd64 libitm1 amd64 10.2.1-6 [25.8 kB]\nGet:27 http://deb.debian.org/debian bullseye/main amd64 libatomic1 amd64 10.2.1-6 [9008 B]\nGet:28 http://deb.debian.org/debian bullseye/main amd64 libasan6 amd64 10.2.1-6 [2065 kB]\nGet:29 http://deb.debian.org/debian bullseye/main amd64 liblsan0 amd64 10.2.1-6 [828 kB]\nGet:30 http://deb.debian.org/debian bullseye/main amd64 libtsan0 amd64 10.2.1-6 [2000 kB]\nGet:31 http://deb.debian.org/debian bullseye/main amd64 libubsan1 amd64 10.2.1-6 [777 kB]\nGet:32 http://deb.debian.org/debian bullseye/main amd64 libquadmath0 amd64 10.2.1-6 [145 kB]\nGet:33 http://deb.debian.org/debian bullseye/main amd64 libgcc-10-dev amd64 10.2.1-6 [2328 kB]\nGet:34 http://deb.debian.org/debian bullseye/main amd64 gcc-10 amd64 10.2.1-6 [17.0 MB]\nGet:35 http://deb.debian.org/debian bullseye/main amd64 gcc amd64 4:10.2.1-1 [5192 B]\nGet:36 http://deb.debian.org/debian bullseye/main amd64 libstdc++-10-dev amd64 10.2.1-6 [1741 kB]\nGet:37 http://deb.debian.org/debian bullseye/main amd64 g++-10 amd64 10.2.1-6 [9380 kB]\nGet:38 http://deb.debian.org/debian bullseye/main amd64 g++ amd64 4:10.2.1-1 [1644 B]\nGet:39 http://deb.debian.org/debian bullseye/main amd64 make amd64 4.3-4.1 [396 kB]\nGet:40 http://deb.debian.org/debian bullseye/main amd64 libdpkg-perl all 1.20.12 [1551 kB]\nGet:41 http://deb.debian.org/debian bullseye/main amd64 dpkg-dev all 1.20.12 [2312 kB]\nGet:42 http://deb.debian.org/debian bullseye/main amd64 build-essential amd64 12.9 [7704 B]\nGet:43 http://deb.debian.org/debian bullseye/main amd64 libfakeroot amd64 1.25.3-1.1 [47.0 kB]\nGet:44 http://deb.debian.org/debian bullseye/main amd64 fakeroot amd64 1.25.3-1.1 [87.0 kB]\nGet:45 http://deb.debian.org/debian bullseye/main amd64 fonts-dejavu-core all 2.37-2 [1069 kB]\nGet:46 http://deb.debian.org/debian bullseye/main amd64 fontconfig-config all 2.13.1-4.2 [281 kB]\nGet:47 http://deb.debian.org/debian bullseye/main amd64 libalgorithm-diff-perl all 1.201-1 [43.3 kB]\nGet:48 http://deb.debian.org/debian bullseye/main amd64 libalgorithm-diff-xs-perl amd64 0.04-6+b1 [12.0 kB]\nGet:49 http://deb.debian.org/debian bullseye/main amd64 libalgorithm-merge-perl all 0.08-3 [12.7 kB]\nGet:50 http://deb.debian.org/debian bullseye/main amd64 libpng16-16 amd64 1.6.37-3 [294 kB]\nGet:51 http://deb.debian.org/debian bullseye/main amd64 libfreetype6 amd64 2.10.4+dfsg-1+deb11u1 [418 kB]\nGet:52 http://deb.debian.org/debian bullseye/main amd64 libfontconfig1 amd64 2.13.1-4.2 [347 kB]\nGet:53 http://deb.debian.org/debian bullseye/main amd64 libjpeg62-turbo amd64 1:2.0.6-4 [151 kB]\nGet:54 http://deb.debian.org/debian bullseye/main amd64 libdeflate0 amd64 1.7-1 [53.1 kB]\nGet:55 http://deb.debian.org/debian bullseye/main amd64 libjbig0 amd64 2.1-3.1+b2 [31.0 kB]\nGet:56 http://deb.debian.org/debian bullseye/main amd64 libwebp6 amd64 0.6.1-2.1 [258 kB]\nGet:57 http://deb.debian.org/debian bullseye/main amd64 libtiff5 amd64 4.2.0-1+deb11u1 [289 kB]\nGet:58 http://deb.debian.org/debian bullseye/main amd64 libxpm4 amd64 1:3.5.12-1 [49.1 kB]\nGet:59 http://deb.debian.org/debian bullseye/main amd64 libgd3 amd64 2.3.0-2 [137 kB]\nGet:60 http://deb.debian.org/debian bullseye/main amd64 libc-devtools amd64 2.31-13+deb11u5 [246 kB]\nGet:61 http://deb.debian.org/debian bullseye/main amd64 libfile-fcntllock-perl amd64 0.22-3+b7 [35.5 kB]\nGet:62 http://deb.debian.org/debian bullseye/main amd64 manpages-dev all 5.10-1 [2309 kB]\n\u001b[91mdebconf: delaying package configuration, since apt-utils is not installed\n\u001b[0mFetched 69.3 MB in 1s (48.4 MB/s)\nSelecting previously unselected package liblocale-gettext-perl.\r\n(Reading database ... \r(Reading database ... 5%\r(Reading database ... 10%\r(Reading database ... 15%\r(Reading database ... 20%\r(Reading database ... 25%\r(Reading database ... 30%\r(Reading database ... 35%\r(Reading database ... 40%\r(Reading database ... 45%\r(Reading database ... 50%\r(Reading database ... 55%\r(Reading database ... 60%\r(Reading database ... 65%\r(Reading database ... 70%\r(Reading database ... 75%\r(Reading database ... 80%\r(Reading database ... 85%\r(Reading database ... 90%\r(Reading database ... 95%\r(Reading database ... 100%\r(Reading database ... 16604 files and directories currently installed.)\r\nPreparing to unpack .../00-liblocale-gettext-perl_1.07-4+b1_amd64.deb ...\r\nUnpacking liblocale-gettext-perl (1.07-4+b1) ...\r\nSelecting previously unselected package sensible-utils.\r\nPreparing to unpack .../01-sensible-utils_0.0.14_all.deb ...\r\nUnpacking sensible-utils (0.0.14) ...\r\nSelecting previously unselected package bzip2.\r\nPreparing to unpack .../02-bzip2_1.0.8-4_amd64.deb ...\r\nUnpacking bzip2 (1.0.8-4) ...\r\nSelecting previously unselected package manpages.\r\nPreparing to unpack .../03-manpages_5.10-1_all.deb ...\r\nUnpacking manpages (5.10-1) ...\r\nSelecting previously unselected package ucf.\r\nPreparing to unpack .../04-ucf_3.0043_all.deb ...\r\nMoving old data out of the way\r\nUnpacking ucf (3.0043) ...\r\nSelecting previously unselected package xz-utils.\r\nPreparing to unpack .../05-xz-utils_5.2.5-2.1~deb11u1_amd64.deb ...\r\nUnpacking xz-utils (5.2.5-2.1~deb11u1) ...\r\nSelecting previously unselected package binutils-common:amd64.\r\nPreparing to unpack .../06-binutils-common_2.35.2-2_amd64.deb ...\r\nUnpacking binutils-common:amd64 (2.35.2-2) ...\r\nSelecting previously unselected package libbinutils:amd64.\r\nPreparing to unpack .../07-libbinutils_2.35.2-2_amd64.deb ...\r\nUnpacking libbinutils:amd64 (2.35.2-2) ...\r\nSelecting previously unselected package libctf-nobfd0:amd64.\r\nPreparing to unpack .../08-libctf-nobfd0_2.35.2-2_amd64.deb ...\r\nUnpacking libctf-nobfd0:amd64 (2.35.2-2) ...\r\nSelecting previously unselected package libctf0:amd64.\r\nPreparing to unpack .../09-libctf0_2.35.2-2_amd64.deb ...\r\nUnpacking libctf0:amd64 (2.35.2-2) ...\r\nSelecting previously unselected package binutils-x86-64-linux-gnu.\r\nPreparing to unpack .../10-binutils-x86-64-linux-gnu_2.35.2-2_amd64.deb ...\r\nUnpacking binutils-x86-64-linux-gnu (2.35.2-2) ...\r\nSelecting previously unselected package binutils.\r\nPreparing to unpack .../11-binutils_2.35.2-2_amd64.deb ...\r\nUnpacking binutils (2.35.2-2) ...\r\nSelecting previously unselected package libc-dev-bin.\r\nPreparing to unpack .../12-libc-dev-bin_2.31-13+deb11u5_amd64.deb ...\r\nUnpacking libc-dev-bin (2.31-13+deb11u5) ...\r\nSelecting previously unselected package linux-libc-dev:amd64.\r\nPreparing to unpack .../13-linux-libc-dev_5.10.158-2_amd64.deb ...\r\nUnpacking linux-libc-dev:amd64 (5.10.158-2) ...\r\nSelecting previously unselected package libcrypt-dev:amd64.\r\nPreparing to unpack .../14-libcrypt-dev_1%3a4.4.18-4_amd64.deb ...\r\nUnpacking libcrypt-dev:amd64 (1:4.4.18-4) ...\r\nSelecting previously unselected package libtirpc-dev:amd64.\r\nPreparing to unpack .../15-libtirpc-dev_1.3.1-1+deb11u1_amd64.deb ...\r\nUnpacking libtirpc-dev:amd64 (1.3.1-1+deb11u1) ...\r\nSelecting previously unselected package libnsl-dev:amd64.\r\nPreparing to unpack .../16-libnsl-dev_1.3.0-2_amd64.deb ...\r\nUnpacking libnsl-dev:amd64 (1.3.0-2) ...\r\nSelecting previously unselected package libc6-dev:amd64.\r\nPreparing to unpack .../17-libc6-dev_2.31-13+deb11u5_amd64.deb ...\r\nUnpacking libc6-dev:amd64 (2.31-13+deb11u5) ...\r\nSelecting previously unselected package libisl23:amd64.\r\nPreparing to unpack .../18-libisl23_0.23-1_amd64.deb ...\r\nUnpacking libisl23:amd64 (0.23-1) ...\r\nSelecting previously unselected package libmpfr6:amd64.\r\nPreparing to unpack .../19-libmpfr6_4.1.0-3_amd64.deb ...\r\nUnpacking libmpfr6:amd64 (4.1.0-3) ...\r\nSelecting previously unselected package libmpc3:amd64.\r\nPreparing to unpack .../20-libmpc3_1.2.0-1_amd64.deb ...\r\nUnpacking libmpc3:amd64 (1.2.0-1) ...\r\nSelecting previously unselected package cpp-10.\r\nPreparing to unpack .../21-cpp-10_10.2.1-6_amd64.deb ...\r\nUnpacking cpp-10 (10.2.1-6) ...\r\nSelecting previously unselected package cpp.\r\nPreparing to unpack .../22-cpp_4%3a10.2.1-1_amd64.deb ...\r\nUnpacking cpp (4:10.2.1-1) ...\r\nSelecting previously unselected package libcc1-0:amd64.\r\nPreparing to unpack .../23-libcc1-0_10.2.1-6_amd64.deb ...\r\nUnpacking libcc1-0:amd64 (10.2.1-6) ...\r\nSelecting previously unselected package libgomp1:amd64.\r\nPreparing to unpack .../24-libgomp1_10.2.1-6_amd64.deb ...\r\nUnpacking libgomp1:amd64 (10.2.1-6) ...\r\nSelecting previously unselected package libitm1:amd64.\r\nPreparing to unpack .../25-libitm1_10.2.1-6_amd64.deb ...\r\nUnpacking libitm1:amd64 (10.2.1-6) ...\r\nSelecting previously unselected package libatomic1:amd64.\r\nPreparing to unpack .../26-libatomic1_10.2.1-6_amd64.deb ...\r\nUnpacking libatomic1:amd64 (10.2.1-6) ...\r\nSelecting previously unselected package libasan6:amd64.\r\nPreparing to unpack .../27-libasan6_10.2.1-6_amd64.deb ...\r\nUnpacking libasan6:amd64 (10.2.1-6) ...\r\nSelecting previously unselected package liblsan0:amd64.\r\nPreparing to unpack .../28-liblsan0_10.2.1-6_amd64.deb ...\r\nUnpacking liblsan0:amd64 (10.2.1-6) ...\r\nSelecting previously unselected package libtsan0:amd64.\r\nPreparing to unpack .../29-libtsan0_10.2.1-6_amd64.deb ...\r\nUnpacking libtsan0:amd64 (10.2.1-6) ...\r\nSelecting previously unselected package libubsan1:amd64.\r\nPreparing to unpack .../30-libubsan1_10.2.1-6_amd64.deb ...\r\nUnpacking libubsan1:amd64 (10.2.1-6) ...\r\nSelecting previously unselected package libquadmath0:amd64.\r\nPreparing to unpack .../31-libquadmath0_10.2.1-6_amd64.deb ...\r\nUnpacking libquadmath0:amd64 (10.2.1-6) ...\r\nSelecting previously unselected package libgcc-10-dev:amd64.\r\nPreparing to unpack .../32-libgcc-10-dev_10.2.1-6_amd64.deb ...\r\nUnpacking libgcc-10-dev:amd64 (10.2.1-6) ...\r\nSelecting previously unselected package gcc-10.\r\nPreparing to unpack .../33-gcc-10_10.2.1-6_amd64.deb ...\r\nUnpacking gcc-10 (10.2.1-6) ...\r\nSelecting previously unselected package gcc.\r\nPreparing to unpack .../34-gcc_4%3a10.2.1-1_amd64.deb ...\r\nUnpacking gcc (4:10.2.1-1) ...\r\nSelecting previously unselected package libstdc++-10-dev:amd64.\r\nPreparing to unpack .../35-libstdc++-10-dev_10.2.1-6_amd64.deb ...\r\nUnpacking libstdc++-10-dev:amd64 (10.2.1-6) ...\r\nSelecting previously unselected package g++-10.\r\nPreparing to unpack .../36-g++-10_10.2.1-6_amd64.deb ...\r\nUnpacking g++-10 (10.2.1-6) ...\r\nSelecting previously unselected package g++.\r\nPreparing to unpack .../37-g++_4%3a10.2.1-1_amd64.deb ...\r\nUnpacking g++ (4:10.2.1-1) ...\r\nSelecting previously unselected package make.\r\nPreparing to unpack .../38-make_4.3-4.1_amd64.deb ...\r\nUnpacking make (4.3-4.1) ...\r\nSelecting previously unselected package libdpkg-perl.\r\nPreparing to unpack .../39-libdpkg-perl_1.20.12_all.deb ...\r\nUnpacking libdpkg-perl (1.20.12) ...\r\nSelecting previously unselected package dpkg-dev.\r\nPreparing to unpack .../40-dpkg-dev_1.20.12_all.deb ...\r\nUnpacking dpkg-dev (1.20.12) ...\r\nSelecting previously unselected package build-essential.\r\nPreparing to unpack .../41-build-essential_12.9_amd64.deb ...\r\nUnpacking build-essential (12.9) ...\r\nSelecting previously unselected package libfakeroot:amd64.\r\nPreparing to unpack .../42-libfakeroot_1.25.3-1.1_amd64.deb ...\r\nUnpacking libfakeroot:amd64 (1.25.3-1.1) ...\r\nSelecting previously unselected package fakeroot.\r\nPreparing to unpack .../43-fakeroot_1.25.3-1.1_amd64.deb ...\r\nUnpacking fakeroot (1.25.3-1.1) ...\r\nSelecting previously unselected package fonts-dejavu-core.\r\nPreparing to unpack .../44-fonts-dejavu-core_2.37-2_all.deb ...\r\nUnpacking fonts-dejavu-core (2.37-2) ...\r\nSelecting previously unselected package fontconfig-config.\r\nPreparing to unpack .../45-fontconfig-config_2.13.1-4.2_all.deb ...\r\nUnpacking fontconfig-config (2.13.1-4.2) ...\r\nSelecting previously unselected package libalgorithm-diff-perl.\r\nPreparing to unpack .../46-libalgorithm-diff-perl_1.201-1_all.deb ...\r\nUnpacking libalgorithm-diff-perl (1.201-1) ...\r\nSelecting previously unselected package libalgorithm-diff-xs-perl.\r\nPreparing to unpack .../47-libalgorithm-diff-xs-perl_0.04-6+b1_amd64.deb ...\r\nUnpacking libalgorithm-diff-xs-perl (0.04-6+b1) ...\r\nSelecting previously unselected package libalgorithm-merge-perl.\r\nPreparing to unpack .../48-libalgorithm-merge-perl_0.08-3_all.deb ...\r\nUnpacking libalgorithm-merge-perl (0.08-3) ...\r\nSelecting previously unselected package libpng16-16:amd64.\r\nPreparing to unpack .../49-libpng16-16_1.6.37-3_amd64.deb ...\r\nUnpacking libpng16-16:amd64 (1.6.37-3) ...\r\nSelecting previously unselected package libfreetype6:amd64.\r\nPreparing to unpack .../50-libfreetype6_2.10.4+dfsg-1+deb11u1_amd64.deb ...\r\nUnpacking libfreetype6:amd64 (2.10.4+dfsg-1+deb11u1) ...\r\nSelecting previously unselected package libfontconfig1:amd64.\r\nPreparing to unpack .../51-libfontconfig1_2.13.1-4.2_amd64.deb ...\r\nUnpacking libfontconfig1:amd64 (2.13.1-4.2) ...\r\nSelecting previously unselected package libjpeg62-turbo:amd64.\r\nPreparing to unpack .../52-libjpeg62-turbo_1%3a2.0.6-4_amd64.deb ...\r\nUnpacking libjpeg62-turbo:amd64 (1:2.0.6-4) ...\r\nSelecting previously unselected package libdeflate0:amd64.\r\nPreparing to unpack .../53-libdeflate0_1.7-1_amd64.deb ...\r\nUnpacking libdeflate0:amd64 (1.7-1) ...\r\nSelecting previously unselected package libjbig0:amd64.\r\nPreparing to unpack .../54-libjbig0_2.1-3.1+b2_amd64.deb ...\r\nUnpacking libjbig0:amd64 (2.1-3.1+b2) ...\r\nSelecting previously unselected package libwebp6:amd64.\r\nPreparing to unpack .../55-libwebp6_0.6.1-2.1_amd64.deb ...\r\nUnpacking libwebp6:amd64 (0.6.1-2.1) ...\r\nSelecting previously unselected package libtiff5:amd64.\r\nPreparing to unpack .../56-libtiff5_4.2.0-1+deb11u1_amd64.deb ...\r\nUnpacking libtiff5:amd64 (4.2.0-1+deb11u1) ...\r\nSelecting previously unselected package libxpm4:amd64.\r\nPreparing to unpack .../57-libxpm4_1%3a3.5.12-1_amd64.deb ...\r\nUnpacking libxpm4:amd64 (1:3.5.12-1) ...\r\nSelecting previously unselected package libgd3:amd64.\r\nPreparing to unpack .../58-libgd3_2.3.0-2_amd64.deb ...\r\nUnpacking libgd3:amd64 (2.3.0-2) ...\r\nSelecting previously unselected package libc-devtools.\r\nPreparing to unpack .../59-libc-devtools_2.31-13+deb11u5_amd64.deb ...\r\nUnpacking libc-devtools (2.31-13+deb11u5) ...\r\nSelecting previously unselected package libfile-fcntllock-perl.\r\nPreparing to unpack .../60-libfile-fcntllock-perl_0.22-3+b7_amd64.deb ...\r\nUnpacking libfile-fcntllock-perl (0.22-3+b7) ...\r\nSelecting previously unselected package manpages-dev.\r\nPreparing to unpack .../61-manpages-dev_5.10-1_all.deb ...\r\nUnpacking manpages-dev (5.10-1) ...\r\nSetting up libxpm4:amd64 (1:3.5.12-1) ...\r\nSetting up libfile-fcntllock-perl (0.22-3+b7) ...\r\nSetting up libalgorithm-diff-perl (1.201-1) ...\r\nSetting up manpages (5.10-1) ...\r\nSetting up binutils-common:amd64 (2.35.2-2) ...\r\nSetting up libdeflate0:amd64 (1.7-1) ...\r\nSetting up linux-libc-dev:amd64 (5.10.158-2) ...\r\nSetting up libctf-nobfd0:amd64 (2.35.2-2) ...\r\nSetting up libgomp1:amd64 (10.2.1-6) ...\r\nSetting up bzip2 (1.0.8-4) ...\r\nSetting up libjbig0:amd64 (2.1-3.1+b2) ...\r\nSetting up libfakeroot:amd64 (1.25.3-1.1) ...\r\nSetting up libasan6:amd64 (10.2.1-6) ...\r\nSetting up fakeroot (1.25.3-1.1) ...\r\nupdate-alternatives: using /usr/bin/fakeroot-sysv to provide /usr/bin/fakeroot (fakeroot) in auto mode\r\nSetting up libtirpc-dev:amd64 (1.3.1-1+deb11u1) ...\r\nSetting up libjpeg62-turbo:amd64 (1:2.0.6-4) ...\r\nSetting up make (4.3-4.1) ...\r\nSetting up libmpfr6:amd64 (4.1.0-3) ...\r\nSetting up xz-utils (5.2.5-2.1~deb11u1) ...\r\nupdate-alternatives: using /usr/bin/xz to provide /usr/bin/lzma (lzma) in auto mode\r\nSetting up libquadmath0:amd64 (10.2.1-6) ...\r\nSetting up libpng16-16:amd64 (1.6.37-3) ...\r\nSetting up libmpc3:amd64 (1.2.0-1) ...\r\nSetting up libatomic1:amd64 (10.2.1-6) ...\r\nSetting up libwebp6:amd64 (0.6.1-2.1) ...\r\nSetting up fonts-dejavu-core (2.37-2) ...\r\nSetting up libdpkg-perl (1.20.12) ...\r\nSetting up libubsan1:amd64 (10.2.1-6) ...\r\nSetting up libnsl-dev:amd64 (1.3.0-2) ...\r\nSetting up sensible-utils (0.0.14) ...\r\nSetting up libcrypt-dev:amd64 (1:4.4.18-4) ...\r\nSetting up libtiff5:amd64 (4.2.0-1+deb11u1) ...\r\nSetting up libbinutils:amd64 (2.35.2-2) ...\r\nSetting up libisl23:amd64 (0.23-1) ...\r\nSetting up libc-dev-bin (2.31-13+deb11u5) ...\r\nSetting up libalgorithm-diff-xs-perl (0.04-6+b1) ...\r\nSetting up libcc1-0:amd64 (10.2.1-6) ...\r\nSetting up liblocale-gettext-perl (1.07-4+b1) ...\r\nSetting up liblsan0:amd64 (10.2.1-6) ...\r\nSetting up cpp-10 (10.2.1-6) ...\r\nSetting up libitm1:amd64 (10.2.1-6) ...\r\nSetting up libalgorithm-merge-perl (0.08-3) ...\r\nSetting up libtsan0:amd64 (10.2.1-6) ...\r\nSetting up libctf0:amd64 (2.35.2-2) ...\r\nSetting up manpages-dev (5.10-1) ...\r\nSetting up libgcc-10-dev:amd64 (10.2.1-6) ...\r\nSetting up libfreetype6:amd64 (2.10.4+dfsg-1+deb11u1) ...\r\nSetting up ucf (3.0043) ...\r\ndebconf: unable to initialize frontend: Dialog\r\ndebconf: (TERM is not set, so the dialog frontend is not usable.)\r\ndebconf: falling back to frontend: Readline\r\nSetting up cpp (4:10.2.1-1) ...\r\nSetting up libc6-dev:amd64 (2.31-13+deb11u5) ...\r\nSetting up binutils-x86-64-linux-gnu (2.35.2-2) ...\r\nSetting up libstdc++-10-dev:amd64 (10.2.1-6) ...\r\nSetting up fontconfig-config (2.13.1-4.2) ...\r\ndebconf: unable to initialize frontend: Dialog\r\ndebconf: (TERM is not set, so the dialog frontend is not usable.)\r\ndebconf: falling back to frontend: Readline\r\nSetting up binutils (2.35.2-2) ...\r\nSetting up dpkg-dev (1.20.12) ...\r\nSetting up gcc-10 (10.2.1-6) ...\r\nSetting up libfontconfig1:amd64 (2.13.1-4.2) ...\r\nSetting up g++-10 (10.2.1-6) ...\r\nSetting up gcc (4:10.2.1-1) ...\r\nSetting up libgd3:amd64 (2.3.0-2) ...\r\nSetting up g++ (4:10.2.1-1) ...\r\nupdate-alternatives: using /usr/bin/g++ to provide /usr/bin/c++ (c++) in auto mode\r\nSetting up build-essential (12.9) ...\r\nSetting up libc-devtools (2.31-13+deb11u5) ...\r\nProcessing triggers for libc-bin (2.31-13+deb11u5) ...\r\nRemoving intermediate container fce2e75ad94c\n ---> f34d9acc4762\nStep 8/19 : RUN wget --quiet --content-disposition http://bit.ly/miniconda3 -O ~/miniconda.sh &&     /bin/bash ~/miniconda.sh -b -p /opt/conda &&     rm ~/miniconda.sh &&     ln -s /opt/conda/etc/profile.d/conda.sh /etc/profile.d/conda.sh &&     echo \". /opt/conda/etc/profile.d/conda.sh\" >> ~/.bashrc &&     echo \"conda activate base\" >> ~/.bashrc\n ---> Running in 7b324fe6498b\nPREFIX=/opt/conda\nUnpacking payload ...\n\u001b[91m\r  0%|          | 0/43 [00:00<?, ?it/s]\u001b[0m\u001b[91m\rExtracting : cffi-1.15.1-py310h5eee18b_3.conda:   0%|          | 0/43 [00:00<?, ?it/s]\u001b[0m\u001b[91m\rExtracting : cffi-1.15.1-py310h5eee18b_3.conda:   2%|         | 1/43 [00:00<00:05,  8.23it/s]\u001b[0m\u001b[91m\rExtracting : conda-22.11.1-py310h06a4308_4.conda:   2%|         | 1/43 [00:00<00:05,  8.23it/s]\u001b[0m\u001b[91m\rExtracting : ca-certificates-2022.10.11-h06a4308_0.conda:   5%|         | 2/43 [00:00<00:04,  8.23it/s]\u001b[0m\u001b[91m\rExtracting : conda-package-handling-1.9.0-py310h5eee18b_1.conda:   7%|         | 3/43 [00:00<00:04,  8.23it/s]\u001b[0m\u001b[91m\rExtracting : libgomp-11.2.0-h1234567_1.conda:   9%|         | 4/43 [00:00<00:04,  8.23it/s]                   \u001b[0m\u001b[91m\rExtracting : pycparser-2.21-pyhd3eb1b0_0.conda:  12%|        | 5/43 [00:00<00:04,  8.23it/s]\u001b[0m\u001b[91m\rExtracting : pyopenssl-22.0.0-pyhd3eb1b0_0.conda:  14%|        | 6/43 [00:00<00:04,  8.23it/s]\u001b[0m\u001b[91m\rExtracting : pycosat-0.6.4-py310h5eee18b_0.conda:  16%|        | 7/43 [00:00<00:04,  8.23it/s]\u001b[0m\u001b[91m\rExtracting : tzdata-2022g-h04d1e81_0.conda:  19%|        | 8/43 [00:00<00:04,  8.23it/s]      \u001b[0m\u001b[91m\rExtracting : pluggy-1.0.0-py310h06a4308_1.conda:  21%|        | 9/43 [00:00<00:04,  8.23it/s]\u001b[0m\u001b[91m\rExtracting : urllib3-1.26.13-py310h06a4308_0.conda:  23%|       | 10/43 [00:00<00:04,  8.23it/s]\u001b[0m\u001b[91m\rExtracting : six-1.16.0-pyhd3eb1b0_1.conda:  26%|       | 11/43 [00:00<00:03,  8.23it/s]        \u001b[0m\u001b[91m\rExtracting : pysocks-1.7.1-py310h06a4308_0.conda:  28%|       | 12/43 [00:00<00:03,  8.23it/s]\u001b[0m\u001b[91m\rExtracting : libstdcxx-ng-11.2.0-h1234567_1.conda:  30%|       | 13/43 [00:00<00:03,  8.23it/s]\rExtracting : sqlite-3.40.0-h5082296_0.conda:  33%|      | 14/43 [00:00<00:03,  8.23it/s]      \u001b[0m\u001b[91m\rExtracting : ncurses-6.3-h5eee18b_3.conda:  35%|      | 15/43 [00:00<00:03,  8.23it/s]  \u001b[0m\u001b[91m\rExtracting : ncurses-6.3-h5eee18b_3.conda:  37%|      | 16/43 [00:00<00:00, 74.59it/s]\u001b[0m\u001b[91m\rExtracting : libuuid-1.41.5-h5eee18b_0.conda:  37%|      | 16/43 [00:00<00:00, 74.59it/s]\u001b[0m\u001b[91m\rExtracting : charset-normalizer-2.0.4-pyhd3eb1b0_0.conda:  40%|      | 17/43 [00:00<00:00, 74.59it/s]\u001b[0m\u001b[91m\rExtracting : setuptools-65.5.0-py310h06a4308_0.conda:  42%|     | 18/43 [00:00<00:00, 74.59it/s]    \u001b[0m\u001b[91m\rExtracting : cryptography-38.0.1-py310h9ce1e76_0.conda:  44%|     | 19/43 [00:00<00:00, 74.59it/s]\u001b[0m\u001b[91m\rExtracting : ld_impl_linux-64-2.38-h1181459_1.conda:  47%|     | 20/43 [00:00<00:00, 74.59it/s]   \u001b[0m\u001b[91m\rExtracting : toolz-0.12.0-py310h06a4308_0.conda:  49%|     | 21/43 [00:00<00:00, 74.59it/s]    \u001b[0m\u001b[91m\rExtracting : certifi-2022.12.7-py310h06a4308_0.conda:  51%|     | 22/43 [00:00<00:00, 74.59it/s]\u001b[0m\u001b[91m\rExtracting : pip-22.3.1-py310h06a4308_0.conda:  53%|    | 23/43 [00:00<00:00, 74.59it/s]       \u001b[0m\u001b[91m\rExtracting : _libgcc_mutex-0.1-main.conda:  56%|    | 24/43 [00:00<00:00, 74.59it/s]    \u001b[0m\u001b[91m\rExtracting : zlib-1.2.13-h5eee18b_0.conda:  58%|    | 25/43 [00:00<00:00, 74.59it/s]\u001b[0m\u001b[91m\rExtracting : openssl-1.1.1s-h7f8727e_0.conda:  60%|    | 26/43 [00:00<00:00, 74.59it/s]\u001b[0m\u001b[91m\rExtracting : requests-2.28.1-py310h06a4308_0.conda:  63%|   | 27/43 [00:00<00:00, 74.59it/s]\u001b[0m\u001b[91m\rExtracting : readline-8.2-h5eee18b_0.conda:  65%|   | 28/43 [00:00<00:00, 74.59it/s]        \u001b[0m\u001b[91m\rExtracting : _openmp_mutex-5.1-1_gnu.conda:  67%|   | 29/43 [00:00<00:00, 74.59it/s]\u001b[0m\u001b[91m\rExtracting : python-3.10.8-h7a1cb2a_1.conda:  70%|   | 30/43 [00:00<00:00, 74.59it/s]\u001b[0m\u001b[91m\rExtracting : python-3.10.8-h7a1cb2a_1.conda:  72%|  | 31/43 [00:00<00:00, 76.23it/s]\u001b[0m\u001b[91m\rExtracting : ruamel.yaml.clib-0.2.6-py310h5eee18b_1.conda:  72%|  | 31/43 [00:00<00:00, 76.23it/s]\u001b[0m\u001b[91m\rExtracting : libffi-3.4.2-h6a678d5_6.conda:  74%|  | 32/43 [00:00<00:00, 76.23it/s]               \u001b[0m\u001b[91m\rExtracting : tk-8.6.12-h1ccaba5_0.conda:  77%|  | 33/43 [00:00<00:00, 76.23it/s]   \u001b[0m\u001b[91m\rExtracting : wheel-0.37.1-pyhd3eb1b0_0.conda:  79%|  | 34/43 [00:00<00:00, 76.23it/s]\u001b[0m\u001b[91m\rExtracting : idna-3.4-py310h06a4308_0.conda:  81%| | 35/43 [00:00<00:00, 76.23it/s] \u001b[0m\u001b[91m\rExtracting : xz-5.2.8-h5eee18b_0.conda:  84%| | 36/43 [00:00<00:00, 76.23it/s]     \u001b[0m\u001b[91m\rExtracting : ruamel.yaml-0.17.21-py310h5eee18b_0.conda:  86%| | 37/43 [00:00<00:00, 76.23it/s]\u001b[0m\u001b[91m\rExtracting : bzip2-1.0.8-h7b6447c_0.conda:  88%| | 38/43 [00:00<00:00, 76.23it/s]             \u001b[0m\u001b[91m\rExtracting : brotlipy-0.7.0-py310h7f8727e_1002.conda:  91%| | 39/43 [00:00<00:00, 76.23it/s]\u001b[0m\u001b[91m\rExtracting : libgcc-ng-11.2.0-h1234567_1.conda:  93%|| 40/43 [00:00<00:00, 76.23it/s]      \u001b[0m\u001b[91m\rExtracting : tqdm-4.64.1-py310h06a4308_0.conda:  95%|| 41/43 [00:00<00:00, 76.23it/s]\u001b[0m\u001b[91m\rExtracting : conda-content-trust-0.1.3-py310h06a4308_0.conda:  98%|| 42/43 [00:00<00:00, 76.23it/s]\u001b[0m\u001b[91m\r                                                                                                             \r\u001b[0m\nInstalling base environment...\n\n\nDownloading and Extracting Packages\n\r\n\nDownloading and Extracting Packages\n\r\nPreparing transaction: ...working... done\nExecuting transaction: ...working... done\ninstallation finished.\nRemoving intermediate container 7b324fe6498b\n ---> 34939b0c7d7b\nStep 9/19 : ENV PATH /opt/conda/bin:$PATH\n ---> Running in 6d0c20f7a335\nRemoving intermediate container 6d0c20f7a335\n ---> 77a09129c411\nStep 10/19 : RUN . /opt/conda/etc/profile.d/conda.sh\n ---> Running in 32aa37ee1f15\nRemoving intermediate container 32aa37ee1f15\n ---> 31199584ed61\nStep 11/19 : RUN conda create -n scope python=3.8.3 -y\n ---> Running in aa695e496ab5\nCollecting package metadata (current_repodata.json): ...working... done\nSolving environment: ...working... failed with repodata from current_repodata.json, will retry with next repodata source.\nCollecting package metadata (repodata.json): ...working... done\nSolving environment: ...working... done\n\n## Package Plan ##\n\n  environment location: /opt/conda/envs/scope\n\n  added / updated specs:\n    - python=3.8.3\n\n\nThe following packages will be downloaded:\n\n    package                    |            build\n    ---------------------------|-----------------\n    certifi-2022.12.7          |   py38h06a4308_0         150 KB\n    libffi-3.3                 |       he6710b0_2          50 KB\n    pip-22.3.1                 |   py38h06a4308_0         2.7 MB\n    python-3.8.3               |       hcff3b4d_2        49.1 MB\n    setuptools-65.5.0          |   py38h06a4308_0         1.1 MB\n    ------------------------------------------------------------\n                                           Total:        53.1 MB\n\nThe following NEW packages will be INSTALLED:\n\n  _libgcc_mutex      pkgs/main/linux-64::_libgcc_mutex-0.1-main \n  _openmp_mutex      pkgs/main/linux-64::_openmp_mutex-5.1-1_gnu \n  ca-certificates    pkgs/main/linux-64::ca-certificates-2022.10.11-h06a4308_0 \n  certifi            pkgs/main/linux-64::certifi-2022.12.7-py38h06a4308_0 \n  ld_impl_linux-64   pkgs/main/linux-64::ld_impl_linux-64-2.38-h1181459_1 \n  libffi             pkgs/main/linux-64::libffi-3.3-he6710b0_2 \n  libgcc-ng          pkgs/main/linux-64::libgcc-ng-11.2.0-h1234567_1 \n  libgomp            pkgs/main/linux-64::libgomp-11.2.0-h1234567_1 \n  libstdcxx-ng       pkgs/main/linux-64::libstdcxx-ng-11.2.0-h1234567_1 \n  ncurses            pkgs/main/linux-64::ncurses-6.3-h5eee18b_3 \n  openssl            pkgs/main/linux-64::openssl-1.1.1s-h7f8727e_0 \n  pip                pkgs/main/linux-64::pip-22.3.1-py38h06a4308_0 \n  python             pkgs/main/linux-64::python-3.8.3-hcff3b4d_2 \n  readline           pkgs/main/linux-64::readline-8.2-h5eee18b_0 \n  setuptools         pkgs/main/linux-64::setuptools-65.5.0-py38h06a4308_0 \n  sqlite             pkgs/main/linux-64::sqlite-3.40.0-h5082296_0 \n  tk                 pkgs/main/linux-64::tk-8.6.12-h1ccaba5_0 \n  wheel              pkgs/main/noarch::wheel-0.37.1-pyhd3eb1b0_0 \n  xz                 pkgs/main/linux-64::xz-5.2.8-h5eee18b_0 \n  zlib               pkgs/main/linux-64::zlib-1.2.13-h5eee18b_0 \n\n\n\nDownloading and Extracting Packages\n\rsetuptools-65.5.0    | 1.1 MB    |            |   0% \n\rcertifi-2022.12.7    | 150 KB    |            |   0% \u001b[A\n\n\rpython-3.8.3         | 49.1 MB   |            |   0% \u001b[A\u001b[A\n\n\n\rlibffi-3.3           | 50 KB     |            |   0% \u001b[A\u001b[A\u001b[A\n\n\n\n\rpip-22.3.1           | 2.7 MB    |            |   0% \u001b[A\u001b[A\u001b[A\u001b[A\n\n\rpython-3.8.3         | 49.1 MB   |            |   0% \u001b[A\u001b[A\n\n\n\n\rpip-22.3.1           | 2.7 MB    | #7         |  18% \u001b[A\u001b[A\u001b[A\u001b[A\rsetuptools-65.5.0    | 1.1 MB    | ########## | 100% \rsetuptools-65.5.0    | 1.1 MB    | ########## | 100% \n\n\n\rlibffi-3.3           | 50 KB     | ########## | 100% \u001b[A\u001b[A\u001b[A\n\n\n\rlibffi-3.3           | 50 KB     | ########## | 100% \u001b[A\u001b[A\u001b[A\n\rcertifi-2022.12.7    | 150 KB    | ########## | 100% \u001b[A\n\rcertifi-2022.12.7    | 150 KB    | ########## | 100% \u001b[A\n\n\rpython-3.8.3         | 49.1 MB   | 4          |   5% \u001b[A\u001b[A\n\n\n\n\rpip-22.3.1           | 2.7 MB    | ########## | 100% \u001b[A\u001b[A\u001b[A\u001b[A\n\n\n\n\rpip-22.3.1           | 2.7 MB    | ########## | 100% \u001b[A\u001b[A\u001b[A\u001b[A\n\n\rpython-3.8.3         | 49.1 MB   | #5         |  15% \u001b[A\u001b[A\n\n\rpython-3.8.3         | 49.1 MB   | ##         |  21% \u001b[A\u001b[A\n\n\rpython-3.8.3         | 49.1 MB   | ###6       |  37% \u001b[A\u001b[A\n\n\rpython-3.8.3         | 49.1 MB   | #####9     |  59% \u001b[A\u001b[A\n\n\rpython-3.8.3         | 49.1 MB   | ########   |  80% \u001b[A\u001b[A\n\n\rpython-3.8.3         | 49.1 MB   | ########## | 100% \u001b[A\u001b[A\n\n\rpython-3.8.3         | 49.1 MB   | ########## | 100% \u001b[A\u001b[A\r                                                     \r\n\r                                                     \u001b[A\n\n\r                                                     \u001b[A\u001b[A\n\n\n\r                                                     \u001b[A\u001b[A\u001b[A\n\n\n\n\r                                                     \u001b[A\u001b[A\u001b[A\u001b[A\r\nPreparing transaction: ...working... done\nVerifying transaction: ...working... done\nExecuting transaction: ...working... done\n#\n# To activate this environment, use\n#\n#     $ conda activate scope\n#\n# To deactivate an active environment, use\n#\n#     $ conda deactivate\n\nRemoving intermediate container aa695e496ab5\n ---> 456acf614147\nStep 12/19 : RUN echo \"conda activate scope\" >> ~/.bashrc\n ---> Running in cce193da3a78\nRemoving intermediate container cce193da3a78\n ---> 6429486cbfa6\nStep 13/19 : RUN conda install -c conda-forge poetry\n ---> Running in 541331bd70f8\nCollecting package metadata (current_repodata.json): ...working... done\nSolving environment: ...working... done\n\n## Package Plan ##\n\n  environment location: /opt/conda\n\n  added / updated specs:\n    - poetry\n\n\nThe following packages will be downloaded:\n\n    package                    |            build\n    ---------------------------|-----------------\n    _libgcc_mutex-0.1          |      conda_forge           3 KB  conda-forge\n    _openmp_mutex-4.5          |       2_kmp_llvm           6 KB  conda-forge\n    attrs-22.2.0               |     pyh71513ae_0          53 KB  conda-forge\n    ca-certificates-2022.12.7  |       ha878542_0         143 KB  conda-forge\n    cachecontrol-0.12.11       |     pyhd8ed1ab_0          24 KB  conda-forge\n    certifi-2022.12.7          |     pyhd8ed1ab_0         147 KB  conda-forge\n    cleo-2.0.1                 |     pyhd8ed1ab_0          57 KB  conda-forge\n    conda-22.11.1              |  py310hff52083_1         913 KB  conda-forge\n    crashtest-0.4.1            |     pyhd8ed1ab_0          10 KB  conda-forge\n    dbus-1.13.6                |       he372182_0         602 KB  conda-forge\n    distlib-0.3.6              |     pyhd8ed1ab_0         332 KB  conda-forge\n    dulwich-0.20.50            |  py310h1fa729e_0         677 KB  conda-forge\n    expat-2.5.0                |       h27087fc_0         189 KB  conda-forge\n    filelock-3.9.0             |     pyhd8ed1ab_0          13 KB  conda-forge\n    glib-2.69.1                |       he621ea3_2         1.9 MB\n    html5lib-1.1               |     pyh9f0ad1d_0          89 KB  conda-forge\n    importlib-metadata-4.11.4  |  py310hff52083_0          33 KB  conda-forge\n    importlib_metadata-4.11.4  |       hd8ed1ab_0           4 KB  conda-forge\n    importlib_resources-5.10.1 |     pyhd8ed1ab_1          30 KB  conda-forge\n    jaraco.classes-3.2.3       |     pyhd8ed1ab_0          10 KB  conda-forge\n    jeepney-0.8.0              |     pyhd8ed1ab_0          36 KB  conda-forge\n    jsonschema-4.17.3          |     pyhd8ed1ab_0          69 KB  conda-forge\n    keyring-23.13.1            |  py310hff52083_0          60 KB  conda-forge\n    libblas-3.9.0              |16_linux64_openblas          13 KB  conda-forge\n    libcblas-3.9.0             |16_linux64_openblas          13 KB  conda-forge\n    libgcc-ng-12.2.0           |      h65d4601_19         931 KB  conda-forge\n    libgfortran-ng-12.2.0      |      h69a702a_19          22 KB  conda-forge\n    libgfortran5-12.2.0        |      h337968e_19         1.8 MB  conda-forge\n    liblapack-3.9.0            |16_linux64_openblas          13 KB  conda-forge\n    libopenblas-0.3.21         |pthreads_h78a6416_3        10.1 MB  conda-forge\n    libstdcxx-ng-12.2.0        |      h46fd767_19         4.3 MB  conda-forge\n    llvm-openmp-14.0.6         |       h9e868ea_0         4.4 MB\n    lockfile-0.12.2            |             py_1          11 KB  conda-forge\n    more-itertools-9.0.0       |     pyhd8ed1ab_0          46 KB  conda-forge\n    msgpack-python-1.0.4       |  py310hbf28c38_1          88 KB  conda-forge\n    numpy-1.24.1               |  py310h08bbf29_0         6.3 MB  conda-forge\n    openssl-1.1.1s             |       h0b41bf4_1         1.9 MB  conda-forge\n    packaging-22.0             |     pyhd8ed1ab_0          40 KB  conda-forge\n    pcre-8.45                  |       h9c3ff4c_0         253 KB  conda-forge\n    pexpect-4.8.0              |     pyh1a96a4e_2          48 KB  conda-forge\n    pkginfo-1.9.2              |     pyhd8ed1ab_0          24 KB  conda-forge\n    pkgutil-resolve-name-1.3.10|     pyhd8ed1ab_0           9 KB  conda-forge\n    platformdirs-2.6.2         |     pyhd8ed1ab_0          17 KB  conda-forge\n    poetry-1.3.1               |linux_pyhd8ed1ab_1         143 KB  conda-forge\n    poetry-core-1.4.0          |     pyhd8ed1ab_0         387 KB  conda-forge\n    poetry-plugin-export-1.2.0 |     pyhd8ed1ab_1          15 KB  conda-forge\n    ptyprocess-0.7.0           |     pyhd3deb0d_0          16 KB  conda-forge\n    pyrsistent-0.19.2          |  py310h5764c6d_0          94 KB  conda-forge\n    python_abi-3.10            |          2_cp310           4 KB  conda-forge\n    rapidfuzz-2.13.7           |  py310heca2aa9_0         1.4 MB  conda-forge\n    requests-toolbelt-0.10.1   |     pyhd8ed1ab_0          42 KB  conda-forge\n    secretstorage-3.3.3        |  py310hff52083_1          25 KB  conda-forge\n    shellingham-1.5.0          |     pyhd8ed1ab_0          12 KB  conda-forge\n    tomli-2.0.1                |     pyhd8ed1ab_0          16 KB  conda-forge\n    tomlkit-0.11.6             |     pyha770c72_0          33 KB  conda-forge\n    trove-classifiers-2022.12.22|     pyhd8ed1ab_0          17 KB  conda-forge\n    typing-3.10.0.0            |     pyhd8ed1ab_0           7 KB  conda-forge\n    typing-extensions-4.4.0    |       hd8ed1ab_0           8 KB  conda-forge\n    typing_extensions-4.4.0    |     pyha770c72_0          29 KB  conda-forge\n    virtualenv-20.17.1         |  py310hff52083_0         6.1 MB  conda-forge\n    webencodings-0.5.1         |             py_1          12 KB  conda-forge\n    zipp-3.11.0                |     pyhd8ed1ab_0          15 KB  conda-forge\n    ------------------------------------------------------------\n                                           Total:        43.8 MB\n\nThe following NEW packages will be INSTALLED:\n\n  attrs              conda-forge/noarch::attrs-22.2.0-pyh71513ae_0 \n  cachecontrol       conda-forge/noarch::cachecontrol-0.12.11-pyhd8ed1ab_0 \n  cleo               conda-forge/noarch::cleo-2.0.1-pyhd8ed1ab_0 \n  crashtest          conda-forge/noarch::crashtest-0.4.1-pyhd8ed1ab_0 \n  dbus               conda-forge/linux-64::dbus-1.13.6-he372182_0 \n  distlib            conda-forge/noarch::distlib-0.3.6-pyhd8ed1ab_0 \n  dulwich            conda-forge/linux-64::dulwich-0.20.50-py310h1fa729e_0 \n  expat              conda-forge/linux-64::expat-2.5.0-h27087fc_0 \n  filelock           conda-forge/noarch::filelock-3.9.0-pyhd8ed1ab_0 \n  glib               pkgs/main/linux-64::glib-2.69.1-he621ea3_2 \n  html5lib           conda-forge/noarch::html5lib-1.1-pyh9f0ad1d_0 \n  importlib-metadata conda-forge/linux-64::importlib-metadata-4.11.4-py310hff52083_0 \n  importlib_metadata conda-forge/noarch::importlib_metadata-4.11.4-hd8ed1ab_0 \n  importlib_resourc~ conda-forge/noarch::importlib_resources-5.10.1-pyhd8ed1ab_1 \n  jaraco.classes     conda-forge/noarch::jaraco.classes-3.2.3-pyhd8ed1ab_0 \n  jeepney            conda-forge/noarch::jeepney-0.8.0-pyhd8ed1ab_0 \n  jsonschema         conda-forge/noarch::jsonschema-4.17.3-pyhd8ed1ab_0 \n  keyring            conda-forge/linux-64::keyring-23.13.1-py310hff52083_0 \n  libblas            conda-forge/linux-64::libblas-3.9.0-16_linux64_openblas \n  libcblas           conda-forge/linux-64::libcblas-3.9.0-16_linux64_openblas \n  libgfortran-ng     conda-forge/linux-64::libgfortran-ng-12.2.0-h69a702a_19 \n  libgfortran5       conda-forge/linux-64::libgfortran5-12.2.0-h337968e_19 \n  liblapack          conda-forge/linux-64::liblapack-3.9.0-16_linux64_openblas \n  libopenblas        conda-forge/linux-64::libopenblas-0.3.21-pthreads_h78a6416_3 \n  llvm-openmp        pkgs/main/linux-64::llvm-openmp-14.0.6-h9e868ea_0 \n  lockfile           conda-forge/noarch::lockfile-0.12.2-py_1 \n  more-itertools     conda-forge/noarch::more-itertools-9.0.0-pyhd8ed1ab_0 \n  msgpack-python     conda-forge/linux-64::msgpack-python-1.0.4-py310hbf28c38_1 \n  numpy              conda-forge/linux-64::numpy-1.24.1-py310h08bbf29_0 \n  packaging          conda-forge/noarch::packaging-22.0-pyhd8ed1ab_0 \n  pcre               conda-forge/linux-64::pcre-8.45-h9c3ff4c_0 \n  pexpect            conda-forge/noarch::pexpect-4.8.0-pyh1a96a4e_2 \n  pkginfo            conda-forge/noarch::pkginfo-1.9.2-pyhd8ed1ab_0 \n  pkgutil-resolve-n~ conda-forge/noarch::pkgutil-resolve-name-1.3.10-pyhd8ed1ab_0 \n  platformdirs       conda-forge/noarch::platformdirs-2.6.2-pyhd8ed1ab_0 \n  poetry             conda-forge/noarch::poetry-1.3.1-linux_pyhd8ed1ab_1 \n  poetry-core        conda-forge/noarch::poetry-core-1.4.0-pyhd8ed1ab_0 \n  poetry-plugin-exp~ conda-forge/noarch::poetry-plugin-export-1.2.0-pyhd8ed1ab_1 \n  ptyprocess         conda-forge/noarch::ptyprocess-0.7.0-pyhd3deb0d_0 \n  pyrsistent         conda-forge/linux-64::pyrsistent-0.19.2-py310h5764c6d_0 \n  python_abi         conda-forge/linux-64::python_abi-3.10-2_cp310 \n  rapidfuzz          conda-forge/linux-64::rapidfuzz-2.13.7-py310heca2aa9_0 \n  requests-toolbelt  conda-forge/noarch::requests-toolbelt-0.10.1-pyhd8ed1ab_0 \n  secretstorage      conda-forge/linux-64::secretstorage-3.3.3-py310hff52083_1 \n  shellingham        conda-forge/noarch::shellingham-1.5.0-pyhd8ed1ab_0 \n  tomli              conda-forge/noarch::tomli-2.0.1-pyhd8ed1ab_0 \n  tomlkit            conda-forge/noarch::tomlkit-0.11.6-pyha770c72_0 \n  trove-classifiers  conda-forge/noarch::trove-classifiers-2022.12.22-pyhd8ed1ab_0 \n  typing             conda-forge/noarch::typing-3.10.0.0-pyhd8ed1ab_0 \n  typing-extensions  conda-forge/noarch::typing-extensions-4.4.0-hd8ed1ab_0 \n  typing_extensions  conda-forge/noarch::typing_extensions-4.4.0-pyha770c72_0 \n  virtualenv         conda-forge/linux-64::virtualenv-20.17.1-py310hff52083_0 \n  webencodings       conda-forge/noarch::webencodings-0.5.1-py_1 \n  zipp               conda-forge/noarch::zipp-3.11.0-pyhd8ed1ab_0 \n\nThe following packages will be REMOVED:\n\n  libgomp-11.2.0-h1234567_1\n\nThe following packages will be UPDATED:\n\n  ca-certificates    pkgs/main::ca-certificates-2022.10.11~ --> conda-forge::ca-certificates-2022.12.7-ha878542_0 \n  libgcc-ng          pkgs/main::libgcc-ng-11.2.0-h1234567_1 --> conda-forge::libgcc-ng-12.2.0-h65d4601_19 \n  libstdcxx-ng       pkgs/main::libstdcxx-ng-11.2.0-h12345~ --> conda-forge::libstdcxx-ng-12.2.0-h46fd767_19 \n  openssl              pkgs/main::openssl-1.1.1s-h7f8727e_0 --> conda-forge::openssl-1.1.1s-h0b41bf4_1 \n\nThe following packages will be SUPERSEDED by a higher-priority channel:\n\n  _libgcc_mutex           pkgs/main::_libgcc_mutex-0.1-main --> conda-forge::_libgcc_mutex-0.1-conda_forge \n  _openmp_mutex          pkgs/main::_openmp_mutex-5.1-1_gnu --> conda-forge::_openmp_mutex-4.5-2_kmp_llvm \n  certifi            pkgs/main/linux-64::certifi-2022.12.7~ --> conda-forge/noarch::certifi-2022.12.7-pyhd8ed1ab_0 \n  conda              pkgs/main::conda-22.11.1-py310h06a430~ --> conda-forge::conda-22.11.1-py310hff52083_1 \n\n\nProceed ([y]/n)? \n\nDownloading and Extracting Packages\n\rlibstdcxx-ng-12.2.0  | 4.3 MB    |            |   0% \n\rlockfile-0.12.2      | 11 KB     |            |   0% \u001b[A\n\n\rtyping-3.10.0.0      | 7 KB      |            |   0% \u001b[A\u001b[A\n\n\n\rtyping_extensions-4. | 29 KB     |            |   0% \u001b[A\u001b[A\u001b[A\n\n\n\n\rpexpect-4.8.0        | 48 KB     |            |   0% \u001b[A\u001b[A\u001b[A\u001b[A\n\n\n\n\n\rimportlib_metadata-4 | 4 KB      |            |   0% \u001b[A\u001b[A\u001b[A\u001b[A\u001b[A\n\n\n\n\n\n\ropenssl-1.1.1s       | 1.9 MB    |            |   0% \u001b[A\u001b[A\u001b[A\u001b[A\u001b[A\u001b[A\n\n\n\n\n\n\n\rimportlib_resources- | 30 KB     |            |   0% \u001b[A\u001b[A\u001b[A\u001b[A\u001b[A\u001b[A\u001b[A\n\n\n\n\n\n\n\n\rvirtualenv-20.17.1   | 6.1 MB    |            |   0% \u001b[A\u001b[A\u001b[A\u001b[A\u001b[A\u001b[A\u001b[A\u001b[A\n\n\n\n\n\n\n\n\n\rexpat-2.5.0          | 189 KB    |            |   0% \u001b[A\u001b[A\u001b[A\u001b[A\u001b[A\u001b[A\u001b[A\u001b[A\u001b[A\n\n\n\n\n\n\n\n\n\n\rca-certificates-2022 | 143 KB    |            |   0% \u001b[A\u001b[A\u001b[A\u001b[A\u001b[A\u001b[A\u001b[A\u001b[A\u001b[A\u001b[A\n\n\n\n\n\n\n\n\n\n\n\rhtml5lib-1.1         | 89 KB     |            |   0% \u001b[A\u001b[A\u001b[A\u001b[A\u001b[A\u001b[A\u001b[A\u001b[A\u001b[A\u001b[A\u001b[A\n\n\n\n\n\n\n\n\n\n\n\n\rmsgpack-python-1.0.4 | 88 KB     |            |   0% \u001b[A\u001b[A\u001b[A\u001b[A\u001b[A\u001b[A\u001b[A\u001b[A\u001b[A\u001b[A\u001b[A\u001b[A\n\n\n\n\n\n\n\n\n\n\n\n\n\rattrs-22.2.0         | 53 KB     |            |   0% \u001b[A\u001b[A\u001b[A\u001b[A\u001b[A\u001b[A\u001b[A\u001b[A\u001b[A\u001b[A\u001b[A\u001b[A\u001b[A\n\n\n\n\n\n\n\n\n\n\n\n\n\n\rglib-2.69.1          | 1.9 MB    |            |   0% \u001b[A\u001b[A\u001b[A\u001b[A\u001b[A\u001b[A\u001b[A\u001b[A\u001b[A\u001b[A\u001b[A\u001b[A\u001b[A\u001b[A\n\n\n\n\n\n\n\n\n\n\n\n\n\n\n\rjsonschema-4.17.3    | 69 KB     |            |   0% \u001b[A\u001b[A\u001b[A\u001b[A\u001b[A\u001b[A\u001b[A\u001b[A\u001b[A\u001b[A\u001b[A\u001b[A\u001b[A\u001b[A\u001b[A\n\n\n\n\n\n\n\n\n\n\n\n\n\n\n\n\rshellingham-1.5.0    | 12 KB     |            |   0% \u001b[A\u001b[A\u001b[A\u001b[A\u001b[A\u001b[A\u001b[A\u001b[A\u001b[A\u001b[A\u001b[A\u001b[A\u001b[A\u001b[A\u001b[A\u001b[A\n\n\n\n\n\n\n\n\n\n\n\n\n\n\n\n\n\rlibblas-3.9.0        | 13 KB     |            |   0% \u001b[A\u001b[A\u001b[A\u001b[A\u001b[A\u001b[A\u001b[A\u001b[A\u001b[A\u001b[A\u001b[A\u001b[A\u001b[A\u001b[A\u001b[A\u001b[A\u001b[A\n\n\n\n\n\n\n\n\n\n\n\n\n\n\n\n\n\n\rlibcblas-3.9.0       | 13 KB     |            |   0% \u001b[A\u001b[A\u001b[A\u001b[A\u001b[A\u001b[A\u001b[A\u001b[A\u001b[A\u001b[A\u001b[A\u001b[A\u001b[A\u001b[A\u001b[A\u001b[A\u001b[A\u001b[A\n\n\n\n\n\n\n\n\n\n\n\n\n\n\n\n\n\n\n\r ... (more hidden) ...\u001b[A\u001b[A\u001b[A\u001b[A\u001b[A\u001b[A\u001b[A\u001b[A\u001b[A\u001b[A\u001b[A\u001b[A\u001b[A\u001b[A\u001b[A\u001b[A\u001b[A\u001b[A\u001b[A\n\n\n\rtyping_extensions-4. | 29 KB     | ########## | 100% \u001b[A\u001b[A\u001b[A\rlibstdcxx-ng-12.2.0  | 4.3 MB    | 2          |   2% \n\n\rtyping-3.10.0.0      | 7 KB      | ########## | 100% \u001b[A\u001b[A\n\n\rtyping-3.10.0.0      | 7 KB      | ########## | 100% \u001b[A\u001b[A\n\n\n\n\n\rimportlib_metadata-4 | 4 KB      | ########## | 100% \u001b[A\u001b[A\u001b[A\u001b[A\u001b[A\n\n\n\n\n\n\ropenssl-1.1.1s       | 1.9 MB    |            |   1% \u001b[A\u001b[A\u001b[A\u001b[A\u001b[A\u001b[A\n\n\n\n\n\n\n\rimportlib_resources- | 30 KB     | #####4     |  54% \u001b[A\u001b[A\u001b[A\u001b[A\u001b[A\u001b[A\u001b[A\n\n\n\n\rpexpect-4.8.0        | 48 KB     | ########## | 100% \u001b[A\u001b[A\u001b[A\u001b[A\n\n\n\n\rpexpect-4.8.0        | 48 KB     | ########## | 100% \u001b[A\u001b[A\u001b[A\u001b[A\n\n\n\n\n\rimportlib_metadata-4 | 4 KB      | ########## | 100% \u001b[A\u001b[A\u001b[A\u001b[A\u001b[A\n\rlockfile-0.12.2      | 11 KB     | ########## | 100% \u001b[A\n\n\n\n\n\n\n\n\rvirtualenv-20.17.1   | 6.1 MB    |            |   0% \u001b[A\u001b[A\u001b[A\u001b[A\u001b[A\u001b[A\u001b[A\u001b[A\n\n\n\n\n\n\n\n\n\rexpat-2.5.0          | 189 KB    | 8          |   8% \u001b[A\u001b[A\u001b[A\u001b[A\u001b[A\u001b[A\u001b[A\u001b[A\u001b[A\n\n\n\n\n\n\n\rimportlib_resources- | 30 KB     | ########## | 100% \u001b[A\u001b[A\u001b[A\u001b[A\u001b[A\u001b[A\u001b[A\rlibstdcxx-ng-12.2.0  | 4.3 MB    | ####5      |  45% \n\rlockfile-0.12.2      | 11 KB     | ########## | 100% \u001b[A\n\n\n\n\n\n\ropenssl-1.1.1s       | 1.9 MB    | ######     |  60% \u001b[A\u001b[A\u001b[A\u001b[A\u001b[A\u001b[A\n\n\n\n\n\n\n\n\n\n\rca-certificates-2022 | 143 KB    | #1         |  11% \u001b[A\u001b[A\u001b[A\u001b[A\u001b[A\u001b[A\u001b[A\u001b[A\u001b[A\u001b[A\n\n\n\n\n\n\n\n\n\n\n\rhtml5lib-1.1         | 89 KB     | #7         |  18% \u001b[A\u001b[A\u001b[A\u001b[A\u001b[A\u001b[A\u001b[A\u001b[A\u001b[A\u001b[A\u001b[A\n\n\n\n\n\n\n\n\n\rexpat-2.5.0          | 189 KB    | ########## | 100% \u001b[A\u001b[A\u001b[A\u001b[A\u001b[A\u001b[A\u001b[A\u001b[A\u001b[A\n\n\n\n\n\n\n\n\rvirtualenv-20.17.1   | 6.1 MB    | #4         |  15% \u001b[A\u001b[A\u001b[A\u001b[A\u001b[A\u001b[A\u001b[A\u001b[A\n\n\n\n\n\n\n\n\n\n\n\n\rmsgpack-python-1.0.4 | 88 KB     | #8         |  18% \u001b[A\u001b[A\u001b[A\u001b[A\u001b[A\u001b[A\u001b[A\u001b[A\u001b[A\u001b[A\u001b[A\u001b[A\n\n\n\n\n\n\n\n\n\n\n\rhtml5lib-1.1         | 89 KB     | ########## | 100% \u001b[A\u001b[A\u001b[A\u001b[A\u001b[A\u001b[A\u001b[A\u001b[A\u001b[A\u001b[A\u001b[A\n\n\n\n\n\n\n\n\n\n\n\n\n\rattrs-22.2.0         | 53 KB     | ###        |  30% \u001b[A\u001b[A\u001b[A\u001b[A\u001b[A\u001b[A\u001b[A\u001b[A\u001b[A\u001b[A\u001b[A\u001b[A\u001b[A\rlibstdcxx-ng-12.2.0  | 4.3 MB    | #######1   |  71% \n\n\n\n\n\n\n\n\n\n\rca-certificates-2022 | 143 KB    | ########## | 100% \u001b[A\u001b[A\u001b[A\u001b[A\u001b[A\u001b[A\u001b[A\u001b[A\u001b[A\u001b[A\n\n\n\n\n\n\n\n\n\n\n\n\n\n\n\rjsonschema-4.17.3    | 69 KB     | ##3        |  23% \u001b[A\u001b[A\u001b[A\u001b[A\u001b[A\u001b[A\u001b[A\u001b[A\u001b[A\u001b[A\u001b[A\u001b[A\u001b[A\u001b[A\u001b[A\n\n\n\n\n\n\n\n\n\n\n\n\n\n\n\n\rshellingham-1.5.0    | 12 KB     | ########## | 100% \u001b[A\u001b[A\u001b[A\u001b[A\u001b[A\u001b[A\u001b[A\u001b[A\u001b[A\u001b[A\u001b[A\u001b[A\u001b[A\u001b[A\u001b[A\u001b[A\n\n\n\n\n\n\n\n\n\n\n\n\n\n\rglib-2.69.1          | 1.9 MB    |            |   1% \u001b[A\u001b[A\u001b[A\u001b[A\u001b[A\u001b[A\u001b[A\u001b[A\u001b[A\u001b[A\u001b[A\u001b[A\u001b[A\u001b[A\n\n\n\n\n\n\n\n\n\n\n\n\rmsgpack-python-1.0.4 | 88 KB     | ########## | 100% \u001b[A\u001b[A\u001b[A\u001b[A\u001b[A\u001b[A\u001b[A\u001b[A\u001b[A\u001b[A\u001b[A\u001b[A\n\n\n\n\n\n\n\n\rvirtualenv-20.17.1   | 6.1 MB    | ###3       |  34% \u001b[A\u001b[A\u001b[A\u001b[A\u001b[A\u001b[A\u001b[A\u001b[A\n\n\n\n\n\n\n\n\n\n\n\n\n\n\n\n\n\rlibblas-3.9.0        | 13 KB     | ########## | 100% \u001b[A\u001b[A\u001b[A\u001b[A\u001b[A\u001b[A\u001b[A\u001b[A\u001b[A\u001b[A\u001b[A\u001b[A\u001b[A\u001b[A\u001b[A\u001b[A\u001b[A\n\n\n\n\n\n\n\n\n\n\n\n\n\n\n\n\n\n\rlibcblas-3.9.0       | 13 KB     | ########## | 100% \u001b[A\u001b[A\u001b[A\u001b[A\u001b[A\u001b[A\u001b[A\u001b[A\u001b[A\u001b[A\u001b[A\u001b[A\u001b[A\u001b[A\u001b[A\u001b[A\u001b[A\u001b[A\rlibstdcxx-ng-12.2.0  | 4.3 MB    | #########9 |  99% \n\n\n\n\n\n\n\n\n\n\n\n\n\n\rglib-2.69.1          | 1.9 MB    | #####1     |  52% \u001b[A\u001b[A\u001b[A\u001b[A\u001b[A\u001b[A\u001b[A\u001b[A\u001b[A\u001b[A\u001b[A\u001b[A\u001b[A\u001b[A\n\n\n\n\n\n\ropenssl-1.1.1s       | 1.9 MB    | ########## | 100% \u001b[A\u001b[A\u001b[A\u001b[A\u001b[A\u001b[A\n\n\n\n\n\n\ropenssl-1.1.1s       | 1.9 MB    | ########## | 100% \u001b[A\u001b[A\u001b[A\u001b[A\u001b[A\u001b[A\n\n\n\n\n\n\n\n\rvirtualenv-20.17.1   | 6.1 MB    | #####4     |  54% \u001b[A\u001b[A\u001b[A\u001b[A\u001b[A\u001b[A\u001b[A\u001b[A\n\n\n\n\n\n\n\n\n\n\n\n\n\rattrs-22.2.0         | 53 KB     | ########## | 100% \u001b[A\u001b[A\u001b[A\u001b[A\u001b[A\u001b[A\u001b[A\u001b[A\u001b[A\u001b[A\u001b[A\u001b[A\u001b[A\n\n\n\n\n\n\n\n\n\n\n\n\n\rattrs-22.2.0         | 53 KB     | ########## | 100% \u001b[A\u001b[A\u001b[A\u001b[A\u001b[A\u001b[A\u001b[A\u001b[A\u001b[A\u001b[A\u001b[A\u001b[A\u001b[A\n\n\n\n\n\n\n\n\n\n\n\n\n\n\n\n\rshellingham-1.5.0    | 12 KB     | ########## | 100% \u001b[A\u001b[A\u001b[A\u001b[A\u001b[A\u001b[A\u001b[A\u001b[A\u001b[A\u001b[A\u001b[A\u001b[A\u001b[A\u001b[A\u001b[A\u001b[A\n\n\n\n\n\n\n\n\n\n\n\n\n\n\n\rjsonschema-4.17.3    | 69 KB     | ########## | 100% \u001b[A\u001b[A\u001b[A\u001b[A\u001b[A\u001b[A\u001b[A\u001b[A\u001b[A\u001b[A\u001b[A\u001b[A\u001b[A\u001b[A\u001b[A\n\n\n\n\n\n\n\n\n\n\n\n\n\n\n\rjsonschema-4.17.3    | 69 KB     | ########## | 100% \u001b[A\u001b[A\u001b[A\u001b[A\u001b[A\u001b[A\u001b[A\u001b[A\u001b[A\u001b[A\u001b[A\u001b[A\u001b[A\u001b[A\u001b[A\n\n\n\n\n\n\n\n\n\n\n\n\n\n\n\n\n\rlibblas-3.9.0        | 13 KB     | ########## | 100% \u001b[A\u001b[A\u001b[A\u001b[A\u001b[A\u001b[A\u001b[A\u001b[A\u001b[A\u001b[A\u001b[A\u001b[A\u001b[A\u001b[A\u001b[A\u001b[A\u001b[A\n\n\n\n\n\n\n\n\rvirtualenv-20.17.1   | 6.1 MB    | #######7   |  78% \u001b[A\u001b[A\u001b[A\u001b[A\u001b[A\u001b[A\u001b[A\u001b[A\n\n\n\n\n\n\n\n\n\n\n\n\n\n\n\n\n\n\rlibcblas-3.9.0       | 13 KB     | ########## | 100% \u001b[A\u001b[A\u001b[A\u001b[A\u001b[A\u001b[A\u001b[A\u001b[A\u001b[A\u001b[A\u001b[A\u001b[A\u001b[A\u001b[A\u001b[A\u001b[A\u001b[A\u001b[A\n\n\n\n\n\n\n\n\n\n\n\n\n\n\n\n\n\n\n\r ... (more hidden) ...\u001b[A\u001b[A\u001b[A\u001b[A\u001b[A\u001b[A\u001b[A\u001b[A\u001b[A\u001b[A\u001b[A\u001b[A\u001b[A\u001b[A\u001b[A\u001b[A\u001b[A\u001b[A\u001b[A\rlibstdcxx-ng-12.2.0  | 4.3 MB    | ########## | 100% \n\n\n\n\n\n\n\n\rvirtualenv-20.17.1   | 6.1 MB    | #########6 |  96% \u001b[A\u001b[A\u001b[A\u001b[A\u001b[A\u001b[A\u001b[A\u001b[A\n\n\n\n\n\n\n\n\n\n\n\n\n\n\n\n\n\n\n\r ... (more hidden) ...\u001b[A\u001b[A\u001b[A\u001b[A\u001b[A\u001b[A\u001b[A\u001b[A\u001b[A\u001b[A\u001b[A\u001b[A\u001b[A\u001b[A\u001b[A\u001b[A\u001b[A\u001b[A\u001b[A\n\n\n\n\n\n\n\n\n\n\n\n\n\n\rglib-2.69.1          | 1.9 MB    | ########## | 100% \u001b[A\u001b[A\u001b[A\u001b[A\u001b[A\u001b[A\u001b[A\u001b[A\u001b[A\u001b[A\u001b[A\u001b[A\u001b[A\u001b[A\n\n\n\n\n\n\n\n\n\n\n\n\n\n\rglib-2.69.1          | 1.9 MB    | ########## | 100% \u001b[A\u001b[A\u001b[A\u001b[A\u001b[A\u001b[A\u001b[A\u001b[A\u001b[A\u001b[A\u001b[A\u001b[A\u001b[A\u001b[A\n\n\n\n\n\n\n\n\n\n\n\n\n\n\n\n\n\n\n\r ... (more hidden) ...\u001b[A\u001b[A\u001b[A\u001b[A\u001b[A\u001b[A\u001b[A\u001b[A\u001b[A\u001b[A\u001b[A\u001b[A\u001b[A\u001b[A\u001b[A\u001b[A\u001b[A\u001b[A\u001b[A\n\n\n\n\n\n\n\n\rvirtualenv-20.17.1   | 6.1 MB    | ########## | 100% \u001b[A\u001b[A\u001b[A\u001b[A\u001b[A\u001b[A\u001b[A\u001b[A\n\n\n\n\n\n\n\n\n\n\n\n\n\n\n\n\n\n\n\r ... (more hidden) ...\u001b[A\u001b[A\u001b[A\u001b[A\u001b[A\u001b[A\u001b[A\u001b[A\u001b[A\u001b[A\u001b[A\u001b[A\u001b[A\u001b[A\u001b[A\u001b[A\u001b[A\u001b[A\u001b[A\n\n\n\n\n\n\n\n\n\n\n\n\n\n\n\n\n\n\n\r ... (more hidden) ...\u001b[A\u001b[A\u001b[A\u001b[A\u001b[A\u001b[A\u001b[A\u001b[A\u001b[A\u001b[A\u001b[A\u001b[A\u001b[A\u001b[A\u001b[A\u001b[A\u001b[A\u001b[A\u001b[A\n\n\n\n\n\n\n\n\n\n\n\n\n\n\n\n\n\n\n\r ... (more hidden) ...\u001b[A\u001b[A\u001b[A\u001b[A\u001b[A\u001b[A\u001b[A\u001b[A\u001b[A\u001b[A\u001b[A\u001b[A\u001b[A\u001b[A\u001b[A\u001b[A\u001b[A\u001b[A\u001b[A\n\n\n\n\n\n\n\n\n\n\n\n\n\n\n\n\n\n\n\r                      \r\u001b[A\u001b[A\u001b[A\u001b[A\u001b[A\u001b[A\u001b[A\u001b[A\u001b[A\u001b[A\u001b[A\u001b[A\u001b[A\u001b[A\u001b[A\u001b[A\u001b[A\u001b[A\u001b[A\r                                                     \r\n\r                                                     \u001b[A\n\n\r                                                     \u001b[A\u001b[A\n\n\n\r                                                     \u001b[A\u001b[A\u001b[A\n\n\n\n\r                                                     \u001b[A\u001b[A\u001b[A\u001b[A\n\n\n\n\n\r                                                     \u001b[A\u001b[A\u001b[A\u001b[A\u001b[A\n\n\n\n\n\n\r                                                     \u001b[A\u001b[A\u001b[A\u001b[A\u001b[A\u001b[A\n\n\n\n\n\n\n\r                                                     \u001b[A\u001b[A\u001b[A\u001b[A\u001b[A\u001b[A\u001b[A\n\n\n\n\n\n\n\n\r                                                     \u001b[A\u001b[A\u001b[A\u001b[A\u001b[A\u001b[A\u001b[A\u001b[A\n\n\n\n\n\n\n\n\n\r                                                     \u001b[A\u001b[A\u001b[A\u001b[A\u001b[A\u001b[A\u001b[A\u001b[A\u001b[A\n\n\n\n\n\n\n\n\n\n\r                                                     \u001b[A\u001b[A\u001b[A\u001b[A\u001b[A\u001b[A\u001b[A\u001b[A\u001b[A\u001b[A\n\n\n\n\n\n\n\n\n\n\n\r                                                     \u001b[A\u001b[A\u001b[A\u001b[A\u001b[A\u001b[A\u001b[A\u001b[A\u001b[A\u001b[A\u001b[A\n\n\n\n\n\n\n\n\n\n\n\n\r                                                     \u001b[A\u001b[A\u001b[A\u001b[A\u001b[A\u001b[A\u001b[A\u001b[A\u001b[A\u001b[A\u001b[A\u001b[A\n\n\n\n\n\n\n\n\n\n\n\n\n\r                                                     \u001b[A\u001b[A\u001b[A\u001b[A\u001b[A\u001b[A\u001b[A\u001b[A\u001b[A\u001b[A\u001b[A\u001b[A\u001b[A\n\n\n\n\n\n\n\n\n\n\n\n\n\n\r                                                     \u001b[A\u001b[A\u001b[A\u001b[A\u001b[A\u001b[A\u001b[A\u001b[A\u001b[A\u001b[A\u001b[A\u001b[A\u001b[A\u001b[A\n\n\n\n\n\n\n\n\n\n\n\n\n\n\n\r                                                     \u001b[A\u001b[A\u001b[A\u001b[A\u001b[A\u001b[A\u001b[A\u001b[A\u001b[A\u001b[A\u001b[A\u001b[A\u001b[A\u001b[A\u001b[A\n\n\n\n\n\n\n\n\n\n\n\n\n\n\n\n\r                                                     \u001b[A\u001b[A\u001b[A\u001b[A\u001b[A\u001b[A\u001b[A\u001b[A\u001b[A\u001b[A\u001b[A\u001b[A\u001b[A\u001b[A\u001b[A\u001b[A\n\n\n\n\n\n\n\n\n\n\n\n\n\n\n\n\n\r                                                     \u001b[A\u001b[A\u001b[A\u001b[A\u001b[A\u001b[A\u001b[A\u001b[A\u001b[A\u001b[A\u001b[A\u001b[A\u001b[A\u001b[A\u001b[A\u001b[A\u001b[A\n\n\n\n\n\n\n\n\n\n\n\n\n\n\n\n\n\n\r                                                     \u001b[A\u001b[A\u001b[A\u001b[A\u001b[A\u001b[A\u001b[A\u001b[A\u001b[A\u001b[A\u001b[A\u001b[A\u001b[A\u001b[A\u001b[A\u001b[A\u001b[A\u001b[A\r\r\n\r\u001b[A\n\n\r\u001b[A\u001b[A\n\n\n\r\u001b[A\u001b[A\u001b[A\n\n\n\n\r\u001b[A\u001b[A\u001b[A\u001b[A\n\n\n\n\n\r\u001b[A\u001b[A\u001b[A\u001b[A\u001b[A\n\n\n\n\n\n\r\u001b[A\u001b[A\u001b[A\u001b[A\u001b[A\u001b[A\n\n\n\n\n\n\n\r\u001b[A\u001b[A\u001b[A\u001b[A\u001b[A\u001b[A\u001b[A\n\n\n\n\n\n\n\n\r\u001b[A\u001b[A\u001b[A\u001b[A\u001b[A\u001b[A\u001b[A\u001b[A\n\n\n\n\n\n\n\n\n\r\u001b[A\u001b[A\u001b[A\u001b[A\u001b[A\u001b[A\u001b[A\u001b[A\u001b[A\n\n\n\n\n\n\n\n\n\n\r\u001b[A\u001b[A\u001b[A\u001b[A\u001b[A\u001b[A\u001b[A\u001b[A\u001b[A\u001b[A\n\n\n\n\n\n\n\n\n\n\n\r\u001b[A\u001b[A\u001b[A\u001b[A\u001b[A\u001b[A\u001b[A\u001b[A\u001b[A\u001b[A\u001b[A\n\n\n\n\n\n\n\n\n\n\n\n\r\u001b[A\u001b[A\u001b[A\u001b[A\u001b[A\u001b[A\u001b[A\u001b[A\u001b[A\u001b[A\u001b[A\u001b[A\n\n\n\n\n\n\n\n\n\n\n\n\n\r\u001b[A\u001b[A\u001b[A\u001b[A\u001b[A\u001b[A\u001b[A\u001b[A\u001b[A\u001b[A\u001b[A\u001b[A\u001b[A\n\n\n\n\n\n\n\n\n\n\n\n\n\n\r\u001b[A\u001b[A\u001b[A\u001b[A\u001b[A\u001b[A\u001b[A\u001b[A\u001b[A\u001b[A\u001b[A\u001b[A\u001b[A\u001b[A\n\n\n\n\n\n\n\n\n\n\n\n\n\n\n\r\u001b[A\u001b[A\u001b[A\u001b[A\u001b[A\u001b[A\u001b[A\u001b[A\u001b[A\u001b[A\u001b[A\u001b[A\u001b[A\u001b[A\u001b[A\n\n\n\n\n\n\n\n\n\n\n\n\n\n\n\n\r\u001b[A\u001b[A\u001b[A\u001b[A\u001b[A\u001b[A\u001b[A\u001b[A\u001b[A\u001b[A\u001b[A\u001b[A\u001b[A\u001b[A\u001b[A\u001b[A\n\n\n\n\n\n\n\n\n\n\n\n\n\n\n\n\n\r\u001b[A\u001b[A\u001b[A\u001b[A\u001b[A\u001b[A\u001b[A\u001b[A\u001b[A\u001b[A\u001b[A\u001b[A\u001b[A\u001b[A\u001b[A\u001b[A\u001b[A\n\n\n\n\n\n\n\n\n\n\n\n\n\n\n\n\n\n\r\u001b[A\u001b[A\u001b[A\u001b[A\u001b[A\u001b[A\u001b[A\u001b[A\u001b[A\u001b[A\u001b[A\u001b[A\u001b[A\u001b[A\u001b[A\u001b[A\u001b[A\u001b[A\r\r\n\r\u001b[A\n\n\r\u001b[A\u001b[A\n\n\n\r\u001b[A\u001b[A\u001b[A\n\n\n\n\r\u001b[A\u001b[A\u001b[A\u001b[A\n\n\n\n\n\r\u001b[A\u001b[A\u001b[A\u001b[A\u001b[A\n\n\n\n\n\n\r\u001b[A\u001b[A\u001b[A\u001b[A\u001b[A\u001b[A\n\n\n\n\n\n\n\r\u001b[A\u001b[A\u001b[A\u001b[A\u001b[A\u001b[A\u001b[A\n\n\n\n\n\n\n\n\r\u001b[A\u001b[A\u001b[A\u001b[A\u001b[A\u001b[A\u001b[A\u001b[A\n\n\n\n\n\n\n\n\n\r\u001b[A\u001b[A\u001b[A\u001b[A\u001b[A\u001b[A\u001b[A\u001b[A\u001b[A\n\n\n\n\n\n\n\n\n\n\r\u001b[A\u001b[A\u001b[A\u001b[A\u001b[A\u001b[A\u001b[A\u001b[A\u001b[A\u001b[A\n\n\n\n\n\n\n\n\n\n\n\r\u001b[A\u001b[A\u001b[A\u001b[A\u001b[A\u001b[A\u001b[A\u001b[A\u001b[A\u001b[A\u001b[A\n\n\n\n\n\n\n\n\n\n\n\n\r\u001b[A\u001b[A\u001b[A\u001b[A\u001b[A\u001b[A\u001b[A\u001b[A\u001b[A\u001b[A\u001b[A\u001b[A\n\n\n\n\n\n\n\n\n\n\n\n\n\r\u001b[A\u001b[A\u001b[A\u001b[A\u001b[A\u001b[A\u001b[A\u001b[A\u001b[A\u001b[A\u001b[A\u001b[A\u001b[A\n\n\n\n\n\n\n\n\n\n\n\n\n\n\r\u001b[A\u001b[A\u001b[A\u001b[A\u001b[A\u001b[A\u001b[A\u001b[A\u001b[A\u001b[A\u001b[A\u001b[A\u001b[A\u001b[A\n\n\n\n\n\n\n\n\n\n\n\n\n\n\n\r\u001b[A\u001b[A\u001b[A\u001b[A\u001b[A\u001b[A\u001b[A\u001b[A\u001b[A\u001b[A\u001b[A\u001b[A\u001b[A\u001b[A\u001b[A\n\n\n\n\n\n\n\n\n\n\n\n\n\n\n\n\r\u001b[A\u001b[A\u001b[A\u001b[A\u001b[A\u001b[A\u001b[A\u001b[A\u001b[A\u001b[A\u001b[A\u001b[A\u001b[A\u001b[A\u001b[A\u001b[A\n\n\n\n\n\n\n\n\n\n\n\n\n\n\n\n\n\r\u001b[A\u001b[A\u001b[A\u001b[A\u001b[A\u001b[A\u001b[A\u001b[A\u001b[A\u001b[A\u001b[A\u001b[A\u001b[A\u001b[A\u001b[A\u001b[A\u001b[A\n\n\n\n\n\n\n\n\n\n\n\n\n\n\n\n\n\n\r\u001b[A\u001b[A\u001b[A\u001b[A\u001b[A\u001b[A\u001b[A\u001b[A\u001b[A\u001b[A\u001b[A\u001b[A\u001b[A\u001b[A\u001b[A\u001b[A\u001b[A\u001b[A\r\r\n\r\u001b[A\n\n\r\u001b[A\u001b[A\n\n\n\r\u001b[A\u001b[A\u001b[A\n\n\n\n\r\u001b[A\u001b[A\u001b[A\u001b[A\r\nPreparing transaction: ...working... done\nVerifying transaction: ...working... done\nExecuting transaction: ...working... done\nRemoving intermediate container 541331bd70f8\n ---> e4bb2d2466b6\nStep 14/19 : COPY . /app\n ---> 7ac99a943622\nStep 15/19 : RUN cd /app && npm install\n ---> Running in 921b4e9af8fc\n\u001b[91mnpm WARN lifecycle\u001b[0m\u001b[91m SCope@1.8.2~preinstall: cannot run in wd SCope@1.8.2 npm i shelljs command-exists && node bin/install.js (wd=/app)\n\u001b[0m\n> grpc@1.24.5 install /app/node_modules/grpc\n> node-pre-gyp install --fallback-to-build --library=static_library\n\n\u001b[91mnode-pre-gyp\u001b[0m\u001b[91m WARN Using request for node-pre-gyp https download \n\u001b[0m[grpc] Success: \"/app/node_modules/grpc/src/node/extension_binary/node-v83-linux-x64-glibc/grpc_node.node\" is installed via remote\n\n> grpc-tools@1.10.0 install /app/node_modules/grpc-tools\n> node-pre-gyp install\n\n\u001b[91mnode-pre-gyp\u001b[0m\u001b[91m WARN Using request for node-pre-gyp https download \n\u001b[0m[grpc-tools] Success: \"/app/node_modules/grpc-tools/bin/grpc_tools.node\" is installed via remote\n\n> core-js@3.9.1 postinstall /app/node_modules/@babel/node/node_modules/core-js\n> node -e \"try{require('./postinstall')}catch(e){}\"\n\n\u001b[96mThank you for using core-js (\u001b[94m https://github.com/zloirock/core-js \u001b[96m) for polyfilling JavaScript standard library!\u001b[0m\n\n\u001b[96mThe project needs your help! Please consider supporting of core-js on Open Collective or Patreon: \u001b[0m\n\u001b[96m>\u001b[94m https://opencollective.com/core-js \u001b[0m\n\u001b[96m>\u001b[94m https://www.patreon.com/zloirock \u001b[0m\n\n\u001b[96mAlso, the author of core-js (\u001b[94m https://github.com/zloirock \u001b[96m) is looking for a good job -)\u001b[0m\n\n\n> core-js@2.6.12 postinstall /app/node_modules/core-js\n> node -e \"try{require('./postinstall')}catch(e){}\"\n\n\u001b[96mThank you for using core-js (\u001b[94m https://github.com/zloirock/core-js \u001b[96m) for polyfilling JavaScript standard library!\u001b[0m\n\n\u001b[96mThe project needs your help! Please consider supporting of core-js on Open Collective or Patreon: \u001b[0m\n\u001b[96m>\u001b[94m https://opencollective.com/core-js \u001b[0m\n\u001b[96m>\u001b[94m https://www.patreon.com/zloirock \u001b[0m\n\n\u001b[96mAlso, the author of core-js (\u001b[94m https://github.com/zloirock \u001b[96m) is looking for a good job -)\u001b[0m\n\n\n> protobufjs@6.8.9 postinstall /app/node_modules/grpc-loader/node_modules/protobufjs\n> node scripts/postinstall\n\n\n> protobufjs@6.10.2 postinstall /app/node_modules/protobufjs\n> node scripts/postinstall\n\n\u001b[91mnpm WARN lifecycle SCope@1.8.2~postinstall: cannot run in wd SCope@1.8.2 node bin/configure.js (wd=/app)\n\u001b[0m\u001b[91mnpm WARN optional SKIPPING OPTIONAL DEPENDENCY: fsevents@1.2.13 (node_modules/webpack-dev-server/node_modules/fsevents):\nnpm WARN \u001b[0m\u001b[91mnotsup SKIPPING OPTIONAL DEPENDENCY: Unsupported platform for fsevents@1.2.13: wanted {\"os\":\"darwin\",\"arch\":\"any\"} (current: {\"os\":\"linux\",\"arch\":\"x64\"})\n\u001b[0m\u001b[91mnpm WARN optional SKIPPING OPTIONAL DEPENDENCY: fsevents@1.2.13 (node_modules/watchpack-chokidar2/node_modules/fsevents):\nnpm WARN notsup SKIPPING OPTIONAL DEPENDENCY: Unsupported platform for fsevents@1.2.13: wanted {\"os\":\"darwin\",\"arch\":\"any\"} (current: {\"os\":\"linux\",\"arch\":\"x64\"})\n\u001b[0m\u001b[91mnpm WARN optional SKIPPING OPTIONAL DEPENDENCY: fsevents@2.3.2 (node_modules/fsevents):\nnpm WARN notsup SKIPPING OPTIONAL DEPENDENCY: Unsupported platform for fsevents@2.3.2: wanted {\"os\":\"darwin\",\"arch\":\"any\"} (current: {\"os\":\"linux\",\"arch\":\"x64\"})\n\u001b[0m\u001b[91m\n\u001b[0madded 1486 packages from 1346 contributors and audited 1506 packages in 28.244s\n\n67 packages are looking for funding\n  run `npm fund` for details\n\nfound 131 vulnerabilities (9 low, 34 moderate, 75 high, 13 critical)\n  run `npm audit fix` to fix them, or `npm audit` for details\nRemoving intermediate container 921b4e9af8fc\n ---> 7bf9a62b67a8\nStep 16/19 : COPY ${SCOPE_CONFIG:-config.json} /app/config.json\n ---> 57cb87590047\nStep 17/19 : RUN cd /app && SCOPE_CONFIG=./config.json SCOPE_PORT=${SCOPE_PORT} npm run build\n ---> Running in 32eab8e49243\n\n> SCope@1.8.2 build /app\n> cross-env NODE_ENV=production NODE_TYPE=local webpack\n\nAppending SCOPE_PORT to publicHostAddress\n{\n  debug: true,\n  publicHostAddress: '127.0.0.1:80',\n  localHostAddress: '127.0.0.1',\n  httpProtocol: 'http',\n  wsProtocol: 'ws',\n  mPort: 55850,\n  pPort: 55851,\n  xPort: 55852,\n  gPort: 55853,\n  reverseProxyOn: false,\n  orcidAPIClientID: '',\n  orcidAPIClientSecret: '',\n  orcidAPIRedirectURI: '',\n  dataHashSecret: '',\n  data: ''\n}\nChanged output.filename to SCope-1.8.2.9ae5207.js\nChanged output.chunkFilename to SCope-chunk.9ae5207.js\nStarting type checking service...\n\u001b[91m(node:26) DeprecationWarning: Tapable.plugin is deprecated. Use new API on `.hooks` instead\n(Use `node --trace-deprecation ...` to show where the warning was created)\n\u001b[0m\u001b[91mBrowserslist: caniuse-lite is outdated. Please run:\nnpx browserslist@latest --update-db\n\nWhy you should do it regularly:\nhttps://github.com/browserslist/browserslist#browsers-data-updating\n\u001b[0mCleaning up Webpack files; skipping [githash]: 9ae5207\nHash: 47c8ef15dbd03df10956\nVersion: webpack 4.46.0\nTime: 31899ms\nBuilt at: 01/01/2023 12:19:56 PM\n                               Asset      Size  Chunks                    Chunk Names\n82f60bd0b94a1ed68b1e6e309ce2e8c3.svg   105 KiB          [emitted]         \n8e3c7f5520f5ae906c6cf6d7f3ddcd19.eot   104 KiB          [emitted]         \n962a1bf31c081691065fe333d9fa8105.svg   382 KiB          [emitted]  [big]  \n              SCope-1.8.2.9ae5207.js  18.7 MiB       0  [emitted]  [big]  main\n  SCope-1.8.2.9ae5207.js.LICENSE.txt  3.73 KiB          [emitted]         \na1a749e89f578a49306ec2b055c073da.svg   496 KiB          [emitted]  [big]  \nb87b9ba532ace76ae9f6edfe9f72ded2.ttf   103 KiB          [emitted]         \nEntrypoint main [big] = SCope-1.8.2.9ae5207.js\n   [8] ./node_modules/semantic-ui-react/dist/es/lib/index.js + 1 modules 2.94 KiB {0} [built]\n       |    2 modules\n  [15] ./node_modules/react-ga/dist/esm/index.js + 11 modules 30.2 KiB {0} [built]\n       |    12 modules\n  [16] ./node_modules/d3/index.js + 466 modules 500 KiB {0} [built]\n       |    467 modules\n  [37] (webpack)/buildin/global.js 472 bytes {0} [built]\n  [54] ./node_modules/@babel/runtime/helpers/esm/inheritsLoose.js + 1 modules 459 bytes {0} [built]\n       |    2 modules\n  [93] (webpack)/buildin/module.js 497 bytes {0} [built]\n[1093] ./src/css/header.css 1.01 KiB {0} [built]\n[1094] ./node_modules/css-loader/dist/cjs.js!./src/css/header.css 1.74 KiB {0} [built]\n[1095] ./src/css/sidebar.css 1.01 KiB {0} [built]\n[1096] ./node_modules/css-loader/dist/cjs.js!./src/css/sidebar.css 2.61 KiB {0} [built]\n[1097] ./src/css/viewer.css 1.01 KiB {0} [built]\n[1098] ./node_modules/css-loader/dist/cjs.js!./src/css/viewer.css 2.34 KiB {0} [built]\n[1099] ./src/css/features.css 1.02 KiB {0} [built]\n[1100] ./node_modules/css-loader/dist/cjs.js!./src/css/features.css 1.62 KiB {0} [built]\n[1101] ./src/main.tsx + 251 modules 1.42 MiB {0} [built]\n       | ./src/main.tsx 939 bytes [built]\n       | ./src/redux/store.ts 666 bytes [built]\n       | ./src/redux/actions.ts 214 bytes [built]\n       | ./src/redux/reducers/index.ts 533 bytes [built]\n       | ./src/redux/sagas/index.ts 615 bytes [built]\n       | ./src/js/http.js 4.65 KiB [built]\n       | ./src/js/box2.js 8.36 KiB [built]\n       | ./src/redux/actionTypes.ts 47 bytes [built]\n       | ./src/redux/reducers/main.ts 1.51 KiB [built]\n       | ./src/api/fetch.ts 1.32 KiB [built]\n       |     + 242 hidden modules\n    + 1544 hidden modules\n\nWARNING in asset size limit: The following asset(s) exceed the recommended size limit (244 KiB).\nThis can impact web performance.\nAssets: \n  962a1bf31c081691065fe333d9fa8105.svg (382 KiB)\n  a1a749e89f578a49306ec2b055c073da.svg (496 KiB)\n  SCope-1.8.2.9ae5207.js (18.7 MiB)\n\nWARNING in entrypoint size limit: The following entrypoint(s) combined asset size exceeds the recommended limit (244 KiB). This can impact web performance.\nEntrypoints:\n  main (18.7 MiB)\n      SCope-1.8.2.9ae5207.js\n\n\nWARNING in webpack performance recommendations: \nYou can limit the size of your bundles by using import() or require.ensure to lazy load some parts of your application.\nFor more info visit https://webpack.js.org/guides/code-splitting/\nRemoving intermediate container 32eab8e49243\n ---> 2d925570dfa2\nStep 18/19 : RUN cd /app/opt && poetry install\n ---> Running in 524f245e9746\n\u001b[91mCreating virtualenv scopeserver-1v7iq-XX-py3.10 in /root/.cache/pypoetry/virtualenvs\n\u001b[0mInstalling dependencies from lock file\n\nPackage operations: 98 installs, 0 updates, 0 removals\n\n   Installing heapdict (1.0.1)\n   Installing numpy (1.19.2)\n   Installing six (1.15.0)\n\n  CalledProcessError\n\n  Command '['/root/.cache/pypoetry/virtualenvs/scopeserver-1v7iq-XX-py3.10/bin/python', '-m', 'pip', 'install', '--use-pep517', '--disable-pip-version-check', '--isolated', '--no-input', '--prefix', '/root/.cache/pypoetry/virtualenvs/scopeserver-1v7iq-XX-py3.10', '--no-deps', '/root/.cache/pypoetry/artifacts/ed/07/d8/9a5e079beea635754d2de6e7caa28f402f4e43adf8a104f882633499bf/numpy-1.19.2.zip']' returned non-zero exit status 1.\n\n  at /opt/conda/lib/python3.10/subprocess.py:526 in run\n       522             # We don't call process.wait() as .__exit__ does that for us.\n       523             raise\n       524         retcode = process.poll()\n       525         if check and retcode:\n      526             raise CalledProcessError(retcode, process.args,\n       527                                      output=stdout, stderr=stderr)\n       528     return CompletedProcess(process.args, retcode, stdout, stderr)\n       529 \n       530 \n\nThe following error occurred when trying to handle this error:\n\n\n  EnvCommandError\n\n  Command ['/root/.cache/pypoetry/virtualenvs/scopeserver-1v7iq-XX-py3.10/bin/python', '-m', 'pip', 'install', '--use-pep517', '--disable-pip-version-check', '--isolated', '--no-input', '--prefix', '/root/.cache/pypoetry/virtualenvs/scopeserver-1v7iq-XX-py3.10', '--no-deps', '/root/.cache/pypoetry/artifacts/ed/07/d8/9a5e079beea635754d2de6e7caa28f402f4e43adf8a104f882633499bf/numpy-1.19.2.zip'] errored with the following return code 1, and output: \n  Processing /root/.cache/pypoetry/artifacts/ed/07/d8/9a5e079beea635754d2de6e7caa28f402f4e43adf8a104f882633499bf/numpy-1.19.2.zip\n    Installing build dependencies: started\n    Installing build dependencies: finished with status 'done'\n    Getting requirements to build wheel: started\n    Getting requirements to build wheel: finished with status 'done'\n    Preparing metadata (pyproject.toml): started\n    Preparing metadata (pyproject.toml): finished with status 'done'\n  Building wheels for collected packages: numpy\n    Building wheel for numpy (pyproject.toml): started\n    Building wheel for numpy (pyproject.toml): finished with status 'error'\n    error: subprocess-exited-with-error\n    \n     Building wheel for numpy (pyproject.toml) did not run successfully.\n     exit code: 1\n    > [914 lines of output]\n        Running from numpy source directory.\n        numpy/random/_bounded_integers.pxd.in has not changed\n        numpy/random/_bounded_integers.pyx.in has not changed\n        numpy/random/_sfc64.pyx has not changed\n        numpy/random/bit_generator.pyx has not changed\n        numpy/random/mtrand.pyx has not changed\n        numpy/random/_generator.pyx has not changed\n        Processing numpy/random/_bounded_integers.pyx\n        numpy/random/_mt19937.pyx has not changed\n        numpy/random/_philox.pyx has not changed\n        numpy/random/_pcg64.pyx has not changed\n        numpy/random/_common.pyx has not changed\n        Cythonizing sources\n        blas_opt_info:\n        blas_mkl_info:\n        customize UnixCCompiler\n          libraries mkl_rt not found in ['/root/.cache/pypoetry/virtualenvs/scopeserver-1v7iq-XX-py3.10/lib', '/usr/local/lib', '/usr/lib', '/usr/lib/x86_64-linux-gnu']\n          NOT AVAILABLE\n        \n        blis_info:\n          libraries blis not found in ['/root/.cache/pypoetry/virtualenvs/scopeserver-1v7iq-XX-py3.10/lib', '/usr/local/lib', '/usr/lib', '/usr/lib/x86_64-linux-gnu']\n          NOT AVAILABLE\n        \n        openblas_info:\n          libraries openblas not found in ['/root/.cache/pypoetry/virtualenvs/scopeserver-1v7iq-XX-py3.10/lib', '/usr/local/lib', '/usr/lib', '/usr/lib/x86_64-linux-gnu']\n          NOT AVAILABLE\n        \n        atlas_3_10_blas_threads_info:\n        Setting PTATLAS=ATLAS\n          libraries tatlas not found in ['/root/.cache/pypoetry/virtualenvs/scopeserver-1v7iq-XX-py3.10/lib', '/usr/local/lib', '/usr/lib', '/usr/lib/x86_64-linux-gnu']\n          NOT AVAILABLE\n        \n        atlas_3_10_blas_info:\n          libraries satlas not found in ['/root/.cache/pypoetry/virtualenvs/scopeserver-1v7iq-XX-py3.10/lib', '/usr/local/lib', '/usr/lib', '/usr/lib/x86_64-linux-gnu']\n          NOT AVAILABLE\n        \n        atlas_blas_threads_info:\n        Setting PTATLAS=ATLAS\n          libraries ptf77blas,ptcblas,atlas not found in ['/root/.cache/pypoetry/virtualenvs/scopeserver-1v7iq-XX-py3.10/lib', '/usr/local/lib', '/usr/lib', '/usr/lib/x86_64-linux-gnu']\n          NOT AVAILABLE\n        \n        atlas_blas_info:\n          libraries f77blas,cblas,atlas not found in ['/root/.cache/pypoetry/virtualenvs/scopeserver-1v7iq-XX-py3.10/lib', '/usr/local/lib', '/usr/lib', '/usr/lib/x86_64-linux-gnu']\n          NOT AVAILABLE\n        \n        accelerate_info:\n          NOT AVAILABLE\n        \n        /tmp/pip-req-build-9dxkmvlq/numpy/distutils/system_info.py:1914: UserWarning:\n            Optimized (vendor) Blas libraries are not found.\n            Falls back to netlib Blas library which has worse performance.\n            A better performance should be easily gained by switching\n            Blas library.\n          if self._calc_info(blas):\n        blas_info:\n          libraries blas not found in ['/root/.cache/pypoetry/virtualenvs/scopeserver-1v7iq-XX-py3.10/lib', '/usr/local/lib', '/usr/lib', '/usr/lib/x86_64-linux-gnu']\n          NOT AVAILABLE\n        \n        /tmp/pip-req-build-9dxkmvlq/numpy/distutils/system_info.py:1914: UserWarning:\n            Blas (http://www.netlib.org/blas/) libraries not found.\n            Directories to search for the libraries can be specified in the\n            numpy/distutils/site.cfg file (section [blas]) or by setting\n            the BLAS environment variable.\n          if self._calc_info(blas):\n        blas_src_info:\n          NOT AVAILABLE\n        \n        /tmp/pip-req-build-9dxkmvlq/numpy/distutils/system_info.py:1914: UserWarning:\n            Blas (http://www.netlib.org/blas/) sources not found.\n            Directories to search for the sources can be specified in the\n            numpy/distutils/site.cfg file (section [blas_src]) or by setting\n            the BLAS_SRC environment variable.\n          if self._calc_info(blas):\n          NOT AVAILABLE\n        \n        non-existing path in 'numpy/distutils': 'site.cfg'\n        lapack_opt_info:\n        lapack_mkl_info:\n          libraries mkl_rt not found in ['/root/.cache/pypoetry/virtualenvs/scopeserver-1v7iq-XX-py3.10/lib', '/usr/local/lib', '/usr/lib', '/usr/lib/x86_64-linux-gnu']\n          NOT AVAILABLE\n        \n        openblas_lapack_info:\n          libraries openblas not found in ['/root/.cache/pypoetry/virtualenvs/scopeserver-1v7iq-XX-py3.10/lib', '/usr/local/lib', '/usr/lib', '/usr/lib/x86_64-linux-gnu']\n          NOT AVAILABLE\n        \n        openblas_clapack_info:\n          libraries openblas,lapack not found in ['/root/.cache/pypoetry/virtualenvs/scopeserver-1v7iq-XX-py3.10/lib', '/usr/local/lib', '/usr/lib', '/usr/lib/x86_64-linux-gnu']\n          NOT AVAILABLE\n        \n        flame_info:\n          libraries flame not found in ['/root/.cache/pypoetry/virtualenvs/scopeserver-1v7iq-XX-py3.10/lib', '/usr/local/lib', '/usr/lib', '/usr/lib/x86_64-linux-gnu']\n          NOT AVAILABLE\n        \n        atlas_3_10_threads_info:\n        Setting PTATLAS=ATLAS\n          libraries lapack_atlas not found in /root/.cache/pypoetry/virtualenvs/scopeserver-1v7iq-XX-py3.10/lib\n          libraries tatlas,tatlas not found in /root/.cache/pypoetry/virtualenvs/scopeserver-1v7iq-XX-py3.10/lib\n          libraries lapack_atlas not found in /usr/local/lib\n          libraries tatlas,tatlas not found in /usr/local/lib\n          libraries lapack_atlas not found in /usr/lib\n          libraries tatlas,tatlas not found in /usr/lib\n          libraries lapack_atlas not found in /usr/lib/x86_64-linux-gnu\n          libraries tatlas,tatlas not found in /usr/lib/x86_64-linux-gnu\n        <class 'numpy.distutils.system_info.atlas_3_10_threads_info'>\n          NOT AVAILABLE\n        \n        atlas_3_10_info:\n          libraries lapack_atlas not found in /root/.cache/pypoetry/virtualenvs/scopeserver-1v7iq-XX-py3.10/lib\n          libraries satlas,satlas not found in /root/.cache/pypoetry/virtualenvs/scopeserver-1v7iq-XX-py3.10/lib\n          libraries lapack_atlas not found in /usr/local/lib\n          libraries satlas,satlas not found in /usr/local/lib\n          libraries lapack_atlas not found in /usr/lib\n          libraries satlas,satlas not found in /usr/lib\n          libraries lapack_atlas not found in /usr/lib/x86_64-linux-gnu\n          libraries satlas,satlas not found in /usr/lib/x86_64-linux-gnu\n        <class 'numpy.distutils.system_info.atlas_3_10_info'>\n          NOT AVAILABLE\n        \n        atlas_threads_info:\n        Setting PTATLAS=ATLAS\n          libraries lapack_atlas not found in /root/.cache/pypoetry/virtualenvs/scopeserver-1v7iq-XX-py3.10/lib\n          libraries ptf77blas,ptcblas,atlas not found in /root/.cache/pypoetry/virtualenvs/scopeserver-1v7iq-XX-py3.10/lib\n          libraries lapack_atlas not found in /usr/local/lib\n          libraries ptf77blas,ptcblas,atlas not found in /usr/local/lib\n          libraries lapack_atlas not found in /usr/lib\n          libraries ptf77blas,ptcblas,atlas not found in /usr/lib\n          libraries lapack_atlas not found in /usr/lib/x86_64-linux-gnu\n          libraries ptf77blas,ptcblas,atlas not found in /usr/lib/x86_64-linux-gnu\n        <class 'numpy.distutils.system_info.atlas_threads_info'>\n          NOT AVAILABLE\n        \n        atlas_info:\n          libraries lapack_atlas not found in /root/.cache/pypoetry/virtualenvs/scopeserver-1v7iq-XX-py3.10/lib\n          libraries f77blas,cblas,atlas not found in /root/.cache/pypoetry/virtualenvs/scopeserver-1v7iq-XX-py3.10/lib\n          libraries lapack_atlas not found in /usr/local/lib\n          libraries f77blas,cblas,atlas not found in /usr/local/lib\n          libraries lapack_atlas not found in /usr/lib\n          libraries f77blas,cblas,atlas not found in /usr/lib\n          libraries lapack_atlas not found in /usr/lib/x86_64-linux-gnu\n          libraries f77blas,cblas,atlas not found in /usr/lib/x86_64-linux-gnu\n        <class 'numpy.distutils.system_info.atlas_info'>\n          NOT AVAILABLE\n        \n        lapack_info:\n          libraries lapack not found in ['/root/.cache/pypoetry/virtualenvs/scopeserver-1v7iq-XX-py3.10/lib', '/usr/local/lib', '/usr/lib', '/usr/lib/x86_64-linux-gnu']\n          NOT AVAILABLE\n        \n        /tmp/pip-req-build-9dxkmvlq/numpy/distutils/system_info.py:1748: UserWarning:\n            Lapack (http://www.netlib.org/lapack/) libraries not found.\n            Directories to search for the libraries can be specified in the\n            numpy/distutils/site.cfg file (section [lapack]) or by setting\n            the LAPACK environment variable.\n          return getattr(self, '_calc_info_{}'.format(name))()\n        lapack_src_info:\n          NOT AVAILABLE\n        \n        /tmp/pip-req-build-9dxkmvlq/numpy/distutils/system_info.py:1748: UserWarning:\n            Lapack (http://www.netlib.org/lapack/) sources not found.\n            Directories to search for the sources can be specified in the\n            numpy/distutils/site.cfg file (section [lapack_src]) or by setting\n            the LAPACK_SRC environment variable.\n          return getattr(self, '_calc_info_{}'.format(name))()\n          NOT AVAILABLE\n        \n        numpy_linalg_lapack_lite:\n          FOUND:\n            language = c\n            define_macros = [('HAVE_BLAS_ILP64', None), ('BLAS_SYMBOL_SUFFIX', '64_')]\n        \n        /tmp/pip-build-env-h2emay2j/overlay/lib/python3.10/site-packages/setuptools/_distutils/dist.py:275: UserWarning: Unknown distribution option: 'define_macros'\n          warnings.warn(msg)\n        running bdist_wheel\n        running build\n        running config_cc\n        unifing config_cc, config, build_clib, build_ext, build commands --compiler options\n        running config_fc\n        unifing config_fc, config, build_clib, build_ext, build commands --fcompiler options\n        running build_src\n        build_src\n        building py_modules sources\n        building library \"npymath\" sources\n        Could not locate executable gfortran\n        Could not locate executable f95\n        Could not locate executable ifort\n        Could not locate executable ifc\n        Could not locate executable lf95\n        Could not locate executable pgfortran\n        Could not locate executable f90\n        Could not locate executable f77\n        Could not locate executable fort\n        Could not locate executable efort\n        Could not locate executable efc\n        Could not locate executable g77\n        Could not locate executable g95\n        Could not locate executable pathf95\n        Could not locate executable nagfor\n        don't know how to compile Fortran code on platform 'posix'\n          adding 'build/src.linux-x86_64-3.10/numpy/core/src/npymath' to include_dirs.\n        None - nothing done with h_files = ['build/src.linux-x86_64-3.10/numpy/core/src/npymath/npy_math_internal.h']\n        building library \"npysort\" sources\n          adding 'build/src.linux-x86_64-3.10/numpy/core/src/common' to include_dirs.\n        None - nothing done with h_files = ['build/src.linux-x86_64-3.10/numpy/core/src/common/npy_sort.h', 'build/src.linux-x86_64-3.10/numpy/core/src/common/npy_partition.h', 'build/src.linux-x86_64-3.10/numpy/core/src/common/npy_binsearch.h']\n        building library \"npyrandom\" sources\n        building extension \"numpy.core._multiarray_tests\" sources\n        building extension \"numpy.core._multiarray_umath\" sources\n          adding 'build/src.linux-x86_64-3.10/numpy/core/src/umath' to include_dirs.\n          adding 'build/src.linux-x86_64-3.10/numpy/core/src/npymath' to include_dirs.\n          adding 'build/src.linux-x86_64-3.10/numpy/core/src/common' to include_dirs.\n        numpy.core - nothing done with h_files = ['build/src.linux-x86_64-3.10/numpy/core/src/umath/funcs.inc', 'build/src.linux-x86_64-3.10/numpy/core/src/umath/simd.inc', 'build/src.linux-x86_64-3.10/numpy/core/src/umath/loops.h', 'build/src.linux-x86_64-3.10/numpy/core/src/umath/matmul.h', 'build/src.linux-x86_64-3.10/numpy/core/src/umath/clip.h', 'build/src.linux-x86_64-3.10/numpy/core/src/npymath/npy_math_internal.h', 'build/src.linux-x86_64-3.10/numpy/core/src/common/templ_common.h', 'build/src.linux-x86_64-3.10/numpy/core/include/numpy/config.h', 'build/src.linux-x86_64-3.10/numpy/core/include/numpy/_numpyconfig.h', 'build/src.linux-x86_64-3.10/numpy/core/include/numpy/__multiarray_api.h', 'build/src.linux-x86_64-3.10/numpy/core/include/numpy/__ufunc_api.h']\n        building extension \"numpy.core._umath_tests\" sources\n        building extension \"numpy.core._rational_tests\" sources\n        building extension \"numpy.core._struct_ufunc_tests\" sources\n        building extension \"numpy.core._operand_flag_tests\" sources\n        building extension \"numpy.fft._pocketfft_internal\" sources\n        building extension \"numpy.linalg.lapack_lite\" sources\n        ### Warning:  Using unoptimized lapack ###\n        building extension \"numpy.linalg._umath_linalg\" sources\n        ### Warning:  Using unoptimized lapack ###\n        building extension \"numpy.random._mt19937\" sources\n        building extension \"numpy.random._philox\" sources\n        building extension \"numpy.random._pcg64\" sources\n        building extension \"numpy.random._sfc64\" sources\n        building extension \"numpy.random._common\" sources\n        building extension \"numpy.random.bit_generator\" sources\n        building extension \"numpy.random._generator\" sources\n        building extension \"numpy.random._bounded_integers\" sources\n        building extension \"numpy.random.mtrand\" sources\n        building data_files sources\n        build_src: building npy-pkg config files\n        running build_py\n        creating build/lib.linux-x86_64-3.10\n        creating build/lib.linux-x86_64-3.10/numpy\n        copying numpy/_globals.py -> build/lib.linux-x86_64-3.10/numpy\n        copying numpy/__init__.py -> build/lib.linux-x86_64-3.10/numpy\n        copying numpy/dual.py -> build/lib.linux-x86_64-3.10/numpy\n        copying numpy/ctypeslib.py -> build/lib.linux-x86_64-3.10/numpy\n        copying numpy/_distributor_init.py -> build/lib.linux-x86_64-3.10/numpy\n        copying numpy/version.py -> build/lib.linux-x86_64-3.10/numpy\n        copying numpy/matlib.py -> build/lib.linux-x86_64-3.10/numpy\n        copying numpy/setup.py -> build/lib.linux-x86_64-3.10/numpy\n        copying numpy/_pytesttester.py -> build/lib.linux-x86_64-3.10/numpy\n        copying numpy/conftest.py -> build/lib.linux-x86_64-3.10/numpy\n        copying build/src.linux-x86_64-3.10/numpy/__config__.py -> build/lib.linux-x86_64-3.10/numpy\n        creating build/lib.linux-x86_64-3.10/numpy/compat\n        copying numpy/compat/__init__.py -> build/lib.linux-x86_64-3.10/numpy/compat\n        copying numpy/compat/_inspect.py -> build/lib.linux-x86_64-3.10/numpy/compat\n        copying numpy/compat/setup.py -> build/lib.linux-x86_64-3.10/numpy/compat\n        copying numpy/compat/py3k.py -> build/lib.linux-x86_64-3.10/numpy/compat\n        creating build/lib.linux-x86_64-3.10/numpy/compat/tests\n        copying numpy/compat/tests/__init__.py -> build/lib.linux-x86_64-3.10/numpy/compat/tests\n        copying numpy/compat/tests/test_compat.py -> build/lib.linux-x86_64-3.10/numpy/compat/tests\n        creating build/lib.linux-x86_64-3.10/numpy/core\n        copying numpy/core/_string_helpers.py -> build/lib.linux-x86_64-3.10/numpy/core\n        copying numpy/core/__init__.py -> build/lib.linux-x86_64-3.10/numpy/core\n        copying numpy/core/_dtype_ctypes.py -> build/lib.linux-x86_64-3.10/numpy/core\n        copying numpy/core/_methods.py -> build/lib.linux-x86_64-3.10/numpy/core\n        copying numpy/core/einsumfunc.py -> build/lib.linux-x86_64-3.10/numpy/core\n        copying numpy/core/function_base.py -> build/lib.linux-x86_64-3.10/numpy/core\n        copying numpy/core/_dtype.py -> build/lib.linux-x86_64-3.10/numpy/core\n        copying numpy/core/arrayprint.py -> build/lib.linux-x86_64-3.10/numpy/core\n        copying numpy/core/umath_tests.py -> build/lib.linux-x86_64-3.10/numpy/core\n        copying numpy/core/umath.py -> build/lib.linux-x86_64-3.10/numpy/core\n        copying numpy/core/_ufunc_config.py -> build/lib.linux-x86_64-3.10/numpy/core\n        copying numpy/core/_add_newdocs.py -> build/lib.linux-x86_64-3.10/numpy/core\n        copying numpy/core/multiarray.py -> build/lib.linux-x86_64-3.10/numpy/core\n        copying numpy/core/numeric.py -> build/lib.linux-x86_64-3.10/numpy/core\n        copying numpy/core/overrides.py -> build/lib.linux-x86_64-3.10/numpy/core\n        copying numpy/core/_exceptions.py -> build/lib.linux-x86_64-3.10/numpy/core\n        copying numpy/core/_asarray.py -> build/lib.linux-x86_64-3.10/numpy/core\n        copying numpy/core/machar.py -> build/lib.linux-x86_64-3.10/numpy/core\n        copying numpy/core/fromnumeric.py -> build/lib.linux-x86_64-3.10/numpy/core\n        copying numpy/core/getlimits.py -> build/lib.linux-x86_64-3.10/numpy/core\n        copying numpy/core/shape_base.py -> build/lib.linux-x86_64-3.10/numpy/core\n        copying numpy/core/setup_common.py -> build/lib.linux-x86_64-3.10/numpy/core\n        copying numpy/core/_internal.py -> build/lib.linux-x86_64-3.10/numpy/core\n        copying numpy/core/setup.py -> build/lib.linux-x86_64-3.10/numpy/core\n        copying numpy/core/records.py -> build/lib.linux-x86_64-3.10/numpy/core\n        copying numpy/core/memmap.py -> build/lib.linux-x86_64-3.10/numpy/core\n        copying numpy/core/numerictypes.py -> build/lib.linux-x86_64-3.10/numpy/core\n        copying numpy/core/cversions.py -> build/lib.linux-x86_64-3.10/numpy/core\n        copying numpy/core/_type_aliases.py -> build/lib.linux-x86_64-3.10/numpy/core\n        copying numpy/core/defchararray.py -> build/lib.linux-x86_64-3.10/numpy/core\n        copying numpy/core/code_generators/generate_numpy_api.py -> build/lib.linux-x86_64-3.10/numpy/core\n        creating build/lib.linux-x86_64-3.10/numpy/core/tests\n        copying numpy/core/tests/test_half.py -> build/lib.linux-x86_64-3.10/numpy/core/tests\n        copying numpy/core/tests/test_api.py -> build/lib.linux-x86_64-3.10/numpy/core/tests\n        copying numpy/core/tests/test_memmap.py -> build/lib.linux-x86_64-3.10/numpy/core/tests\n        copying numpy/core/tests/__init__.py -> build/lib.linux-x86_64-3.10/numpy/core/tests\n        copying numpy/core/tests/test_extint128.py -> build/lib.linux-x86_64-3.10/numpy/core/tests\n        copying numpy/core/tests/test_umath.py -> build/lib.linux-x86_64-3.10/numpy/core/tests\n        copying numpy/core/tests/test_unicode.py -> build/lib.linux-x86_64-3.10/numpy/core/tests\n        copying numpy/core/tests/test_nditer.py -> build/lib.linux-x86_64-3.10/numpy/core/tests\n        copying numpy/core/tests/test_numeric.py -> build/lib.linux-x86_64-3.10/numpy/core/tests\n        copying numpy/core/tests/test_scalarmath.py -> build/lib.linux-x86_64-3.10/numpy/core/tests\n        copying numpy/core/tests/test_deprecations.py -> build/lib.linux-x86_64-3.10/numpy/core/tests\n        copying numpy/core/tests/test_dtype.py -> build/lib.linux-x86_64-3.10/numpy/core/tests\n        copying numpy/core/tests/test_protocols.py -> build/lib.linux-x86_64-3.10/numpy/core/tests\n        copying numpy/core/tests/test_errstate.py -> build/lib.linux-x86_64-3.10/numpy/core/tests\n        copying numpy/core/tests/test_multiarray.py -> build/lib.linux-x86_64-3.10/numpy/core/tests\n        copying numpy/core/tests/test_indexerrors.py -> build/lib.linux-x86_64-3.10/numpy/core/tests\n        copying numpy/core/tests/test_datetime.py -> build/lib.linux-x86_64-3.10/numpy/core/tests\n        copying numpy/core/tests/test_arrayprint.py -> build/lib.linux-x86_64-3.10/numpy/core/tests\n        copying numpy/core/tests/test_scalar_ctors.py -> build/lib.linux-x86_64-3.10/numpy/core/tests\n        copying numpy/core/tests/_locales.py -> build/lib.linux-x86_64-3.10/numpy/core/tests\n        copying numpy/core/tests/test_numerictypes.py -> build/lib.linux-x86_64-3.10/numpy/core/tests\n        copying numpy/core/tests/test_getlimits.py -> build/lib.linux-x86_64-3.10/numpy/core/tests\n        copying numpy/core/tests/test_umath_accuracy.py -> build/lib.linux-x86_64-3.10/numpy/core/tests\n        copying numpy/core/tests/test__exceptions.py -> build/lib.linux-x86_64-3.10/numpy/core/tests\n        copying numpy/core/tests/test_records.py -> build/lib.linux-x86_64-3.10/numpy/core/tests\n        copying numpy/core/tests/test_shape_base.py -> build/lib.linux-x86_64-3.10/numpy/core/tests\n        copying numpy/core/tests/test_mem_overlap.py -> build/lib.linux-x86_64-3.10/numpy/core/tests\n        copying numpy/core/tests/test_function_base.py -> build/lib.linux-x86_64-3.10/numpy/core/tests\n        copying numpy/core/tests/test_scalarprint.py -> build/lib.linux-x86_64-3.10/numpy/core/tests\n        copying numpy/core/tests/test_longdouble.py -> build/lib.linux-x86_64-3.10/numpy/core/tests\n        copying numpy/core/tests/test_defchararray.py -> build/lib.linux-x86_64-3.10/numpy/core/tests\n        copying numpy/core/tests/test_cpu_features.py -> build/lib.linux-x86_64-3.10/numpy/core/tests\n        copying numpy/core/tests/test_conversion_utils.py -> build/lib.linux-x86_64-3.10/numpy/core/tests\n        copying numpy/core/tests/test_print.py -> build/lib.linux-x86_64-3.10/numpy/core/tests\n        copying numpy/core/tests/test_scalarbuffer.py -> build/lib.linux-x86_64-3.10/numpy/core/tests\n        copying numpy/core/tests/test_abc.py -> build/lib.linux-x86_64-3.10/numpy/core/tests\n        copying numpy/core/tests/test_ufunc.py -> build/lib.linux-x86_64-3.10/numpy/core/tests\n        copying numpy/core/tests/test_overrides.py -> build/lib.linux-x86_64-3.10/numpy/core/tests\n        copying numpy/core/tests/test_umath_complex.py -> build/lib.linux-x86_64-3.10/numpy/core/tests\n        copying numpy/core/tests/test_item_selection.py -> build/lib.linux-x86_64-3.10/numpy/core/tests\n        copying numpy/core/tests/test_scalarinherit.py -> build/lib.linux-x86_64-3.10/numpy/core/tests\n        copying numpy/core/tests/test_machar.py -> build/lib.linux-x86_64-3.10/numpy/core/tests\n        copying numpy/core/tests/test_indexing.py -> build/lib.linux-x86_64-3.10/numpy/core/tests\n        copying numpy/core/tests/test_einsum.py -> build/lib.linux-x86_64-3.10/numpy/core/tests\n        copying numpy/core/tests/test_regression.py -> build/lib.linux-x86_64-3.10/numpy/core/tests\n        copying numpy/core/tests/test_scalar_methods.py -> build/lib.linux-x86_64-3.10/numpy/core/tests\n        creating build/lib.linux-x86_64-3.10/numpy/distutils\n        copying numpy/distutils/numpy_distribution.py -> build/lib.linux-x86_64-3.10/numpy/distutils\n        copying numpy/distutils/__init__.py -> build/lib.linux-x86_64-3.10/numpy/distutils\n        copying numpy/distutils/misc_util.py -> build/lib.linux-x86_64-3.10/numpy/distutils\n        copying numpy/distutils/unixccompiler.py -> build/lib.linux-x86_64-3.10/numpy/distutils\n        copying numpy/distutils/cpuinfo.py -> build/lib.linux-x86_64-3.10/numpy/distutils\n        copying numpy/distutils/mingw32ccompiler.py -> build/lib.linux-x86_64-3.10/numpy/distutils\n        copying numpy/distutils/from_template.py -> build/lib.linux-x86_64-3.10/numpy/distutils\n        copying numpy/distutils/log.py -> build/lib.linux-x86_64-3.10/numpy/distutils\n        copying numpy/distutils/ccompiler.py -> build/lib.linux-x86_64-3.10/numpy/distutils\n        copying numpy/distutils/msvccompiler.py -> build/lib.linux-x86_64-3.10/numpy/distutils\n        copying numpy/distutils/intelccompiler.py -> build/lib.linux-x86_64-3.10/numpy/distutils\n        copying numpy/distutils/lib2def.py -> build/lib.linux-x86_64-3.10/numpy/distutils\n        copying numpy/distutils/exec_command.py -> build/lib.linux-x86_64-3.10/numpy/distutils\n        copying numpy/distutils/extension.py -> build/lib.linux-x86_64-3.10/numpy/distutils\n        copying numpy/distutils/conv_template.py -> build/lib.linux-x86_64-3.10/numpy/distutils\n        copying numpy/distutils/system_info.py -> build/lib.linux-x86_64-3.10/numpy/distutils\n        copying numpy/distutils/line_endings.py -> build/lib.linux-x86_64-3.10/numpy/distutils\n        copying numpy/distutils/setup.py -> build/lib.linux-x86_64-3.10/numpy/distutils\n        copying numpy/distutils/core.py -> build/lib.linux-x86_64-3.10/numpy/distutils\n        copying numpy/distutils/msvc9compiler.py -> build/lib.linux-x86_64-3.10/numpy/distutils\n        copying numpy/distutils/pathccompiler.py -> build/lib.linux-x86_64-3.10/numpy/distutils\n        copying numpy/distutils/_shell_utils.py -> build/lib.linux-x86_64-3.10/numpy/distutils\n        copying numpy/distutils/npy_pkg_config.py -> build/lib.linux-x86_64-3.10/numpy/distutils\n        copying build/src.linux-x86_64-3.10/numpy/distutils/__config__.py -> build/lib.linux-x86_64-3.10/numpy/distutils\n        creating build/lib.linux-x86_64-3.10/numpy/distutils/command\n        copying numpy/distutils/command/develop.py -> build/lib.linux-x86_64-3.10/numpy/distutils/command\n        copying numpy/distutils/command/__init__.py -> build/lib.linux-x86_64-3.10/numpy/distutils/command\n        copying numpy/distutils/command/build.py -> build/lib.linux-x86_64-3.10/numpy/distutils/command\n        copying numpy/distutils/command/build_scripts.py -> build/lib.linux-x86_64-3.10/numpy/distutils/command\n        copying numpy/distutils/command/build_py.py -> build/lib.linux-x86_64-3.10/numpy/distutils/command\n        copying numpy/distutils/command/sdist.py -> build/lib.linux-x86_64-3.10/numpy/distutils/command\n        copying numpy/distutils/command/install_headers.py -> build/lib.linux-x86_64-3.10/numpy/distutils/command\n        copying numpy/distutils/command/autodist.py -> build/lib.linux-x86_64-3.10/numpy/distutils/command\n        copying numpy/distutils/command/egg_info.py -> build/lib.linux-x86_64-3.10/numpy/distutils/command\n        copying numpy/distutils/command/config_compiler.py -> build/lib.linux-x86_64-3.10/numpy/distutils/command\n        copying numpy/distutils/command/install_clib.py -> build/lib.linux-x86_64-3.10/numpy/distutils/command\n        copying numpy/distutils/command/install_data.py -> build/lib.linux-x86_64-3.10/numpy/distutils/command\n        copying numpy/distutils/command/config.py -> build/lib.linux-x86_64-3.10/numpy/distutils/command\n        copying numpy/distutils/command/build_src.py -> build/lib.linux-x86_64-3.10/numpy/distutils/command\n        copying numpy/distutils/command/install.py -> build/lib.linux-x86_64-3.10/numpy/distutils/command\n        copying numpy/distutils/command/build_ext.py -> build/lib.linux-x86_64-3.10/numpy/distutils/command\n        copying numpy/distutils/command/bdist_rpm.py -> build/lib.linux-x86_64-3.10/numpy/distutils/command\n        copying numpy/distutils/command/build_clib.py -> build/lib.linux-x86_64-3.10/numpy/distutils/command\n        creating build/lib.linux-x86_64-3.10/numpy/distutils/fcompiler\n        copying numpy/distutils/fcompiler/__init__.py -> build/lib.linux-x86_64-3.10/numpy/distutils/fcompiler\n        copying numpy/distutils/fcompiler/nag.py -> build/lib.linux-x86_64-3.10/numpy/distutils/fcompiler\n        copying numpy/distutils/fcompiler/environment.py -> build/lib.linux-x86_64-3.10/numpy/distutils/fcompiler\n        copying numpy/distutils/fcompiler/compaq.py -> build/lib.linux-x86_64-3.10/numpy/distutils/fcompiler\n        copying numpy/distutils/fcompiler/gnu.py -> build/lib.linux-x86_64-3.10/numpy/distutils/fcompiler\n        copying numpy/distutils/fcompiler/pg.py -> build/lib.linux-x86_64-3.10/numpy/distutils/fcompiler\n        copying numpy/distutils/fcompiler/intel.py -> build/lib.linux-x86_64-3.10/numpy/distutils/fcompiler\n        copying numpy/distutils/fcompiler/lahey.py -> build/lib.linux-x86_64-3.10/numpy/distutils/fcompiler\n        copying numpy/distutils/fcompiler/ibm.py -> build/lib.linux-x86_64-3.10/numpy/distutils/fcompiler\n        copying numpy/distutils/fcompiler/pathf95.py -> build/lib.linux-x86_64-3.10/numpy/distutils/fcompiler\n        copying numpy/distutils/fcompiler/mips.py -> build/lib.linux-x86_64-3.10/numpy/distutils/fcompiler\n        copying numpy/distutils/fcompiler/absoft.py -> build/lib.linux-x86_64-3.10/numpy/distutils/fcompiler\n        copying numpy/distutils/fcompiler/none.py -> build/lib.linux-x86_64-3.10/numpy/distutils/fcompiler\n        copying numpy/distutils/fcompiler/g95.py -> build/lib.linux-x86_64-3.10/numpy/distutils/fcompiler\n        copying numpy/distutils/fcompiler/hpux.py -> build/lib.linux-x86_64-3.10/numpy/distutils/fcompiler\n        copying numpy/distutils/fcompiler/vast.py -> build/lib.linux-x86_64-3.10/numpy/distutils/fcompiler\n        copying numpy/distutils/fcompiler/sun.py -> build/lib.linux-x86_64-3.10/numpy/distutils/fcompiler\n        creating build/lib.linux-x86_64-3.10/numpy/distutils/tests\n        copying numpy/distutils/tests/__init__.py -> build/lib.linux-x86_64-3.10/numpy/distutils/tests\n        copying numpy/distutils/tests/test_npy_pkg_config.py -> build/lib.linux-x86_64-3.10/numpy/distutils/tests\n        copying numpy/distutils/tests/test_from_template.py -> build/lib.linux-x86_64-3.10/numpy/distutils/tests\n        copying numpy/distutils/tests/test_mingw32ccompiler.py -> build/lib.linux-x86_64-3.10/numpy/distutils/tests\n        copying numpy/distutils/tests/test_fcompiler_gnu.py -> build/lib.linux-x86_64-3.10/numpy/distutils/tests\n        copying numpy/distutils/tests/test_fcompiler_intel.py -> build/lib.linux-x86_64-3.10/numpy/distutils/tests\n        copying numpy/distutils/tests/test_fcompiler.py -> build/lib.linux-x86_64-3.10/numpy/distutils/tests\n        copying numpy/distutils/tests/test_fcompiler_nagfor.py -> build/lib.linux-x86_64-3.10/numpy/distutils/tests\n        copying numpy/distutils/tests/test_system_info.py -> build/lib.linux-x86_64-3.10/numpy/distutils/tests\n        copying numpy/distutils/tests/test_shell_utils.py -> build/lib.linux-x86_64-3.10/numpy/distutils/tests\n        copying numpy/distutils/tests/test_misc_util.py -> build/lib.linux-x86_64-3.10/numpy/distutils/tests\n        copying numpy/distutils/tests/test_exec_command.py -> build/lib.linux-x86_64-3.10/numpy/distutils/tests\n        creating build/lib.linux-x86_64-3.10/numpy/doc\n        copying numpy/doc/__init__.py -> build/lib.linux-x86_64-3.10/numpy/doc\n        copying numpy/doc/indexing.py -> build/lib.linux-x86_64-3.10/numpy/doc\n        copying numpy/doc/byteswapping.py -> build/lib.linux-x86_64-3.10/numpy/doc\n        copying numpy/doc/basics.py -> build/lib.linux-x86_64-3.10/numpy/doc\n        copying numpy/doc/internals.py -> build/lib.linux-x86_64-3.10/numpy/doc\n        copying numpy/doc/misc.py -> build/lib.linux-x86_64-3.10/numpy/doc\n        copying numpy/doc/broadcasting.py -> build/lib.linux-x86_64-3.10/numpy/doc\n        copying numpy/doc/ufuncs.py -> build/lib.linux-x86_64-3.10/numpy/doc\n        copying numpy/doc/subclassing.py -> build/lib.linux-x86_64-3.10/numpy/doc\n        copying numpy/doc/creation.py -> build/lib.linux-x86_64-3.10/numpy/doc\n        copying numpy/doc/dispatch.py -> build/lib.linux-x86_64-3.10/numpy/doc\n        copying numpy/doc/constants.py -> build/lib.linux-x86_64-3.10/numpy/doc\n        copying numpy/doc/glossary.py -> build/lib.linux-x86_64-3.10/numpy/doc\n        copying numpy/doc/structured_arrays.py -> build/lib.linux-x86_64-3.10/numpy/doc\n        creating build/lib.linux-x86_64-3.10/numpy/f2py\n        copying numpy/f2py/__init__.py -> build/lib.linux-x86_64-3.10/numpy/f2py\n        copying numpy/f2py/f2py2e.py -> build/lib.linux-x86_64-3.10/numpy/f2py\n        copying numpy/f2py/f2py_testing.py -> build/lib.linux-x86_64-3.10/numpy/f2py\n        copying numpy/f2py/__version__.py -> build/lib.linux-x86_64-3.10/numpy/f2py\n        copying numpy/f2py/auxfuncs.py -> build/lib.linux-x86_64-3.10/numpy/f2py\n        copying numpy/f2py/crackfortran.py -> build/lib.linux-x86_64-3.10/numpy/f2py\n        copying numpy/f2py/cfuncs.py -> build/lib.linux-x86_64-3.10/numpy/f2py\n        copying numpy/f2py/use_rules.py -> build/lib.linux-x86_64-3.10/numpy/f2py\n        copying numpy/f2py/setup.py -> build/lib.linux-x86_64-3.10/numpy/f2py\n        copying numpy/f2py/rules.py -> build/lib.linux-x86_64-3.10/numpy/f2py\n        copying numpy/f2py/__main__.py -> build/lib.linux-x86_64-3.10/numpy/f2py\n        copying numpy/f2py/func2subr.py -> build/lib.linux-x86_64-3.10/numpy/f2py\n        copying numpy/f2py/common_rules.py -> build/lib.linux-x86_64-3.10/numpy/f2py\n        copying numpy/f2py/capi_maps.py -> build/lib.linux-x86_64-3.10/numpy/f2py\n        copying numpy/f2py/cb_rules.py -> build/lib.linux-x86_64-3.10/numpy/f2py\n        copying numpy/f2py/diagnose.py -> build/lib.linux-x86_64-3.10/numpy/f2py\n        copying numpy/f2py/f90mod_rules.py -> build/lib.linux-x86_64-3.10/numpy/f2py\n        creating build/lib.linux-x86_64-3.10/numpy/f2py/tests\n        copying numpy/f2py/tests/__init__.py -> build/lib.linux-x86_64-3.10/numpy/f2py/tests\n        copying numpy/f2py/tests/test_assumed_shape.py -> build/lib.linux-x86_64-3.10/numpy/f2py/tests\n        copying numpy/f2py/tests/test_block_docstring.py -> build/lib.linux-x86_64-3.10/numpy/f2py/tests\n        copying numpy/f2py/tests/test_mixed.py -> build/lib.linux-x86_64-3.10/numpy/f2py/tests\n        copying numpy/f2py/tests/test_quoted_character.py -> build/lib.linux-x86_64-3.10/numpy/f2py/tests\n        copying numpy/f2py/tests/test_return_integer.py -> build/lib.linux-x86_64-3.10/numpy/f2py/tests\n        copying numpy/f2py/tests/test_semicolon_split.py -> build/lib.linux-x86_64-3.10/numpy/f2py/tests\n        copying numpy/f2py/tests/test_kind.py -> build/lib.linux-x86_64-3.10/numpy/f2py/tests\n        copying numpy/f2py/tests/test_return_complex.py -> build/lib.linux-x86_64-3.10/numpy/f2py/tests\n        copying numpy/f2py/tests/test_return_logical.py -> build/lib.linux-x86_64-3.10/numpy/f2py/tests\n        copying numpy/f2py/tests/test_array_from_pyobj.py -> build/lib.linux-x86_64-3.10/numpy/f2py/tests\n        copying numpy/f2py/tests/test_size.py -> build/lib.linux-x86_64-3.10/numpy/f2py/tests\n        copying numpy/f2py/tests/test_common.py -> build/lib.linux-x86_64-3.10/numpy/f2py/tests\n        copying numpy/f2py/tests/test_string.py -> build/lib.linux-x86_64-3.10/numpy/f2py/tests\n        copying numpy/f2py/tests/test_return_character.py -> build/lib.linux-x86_64-3.10/numpy/f2py/tests\n        copying numpy/f2py/tests/util.py -> build/lib.linux-x86_64-3.10/numpy/f2py/tests\n        copying numpy/f2py/tests/test_crackfortran.py -> build/lib.linux-x86_64-3.10/numpy/f2py/tests\n        copying numpy/f2py/tests/test_callback.py -> build/lib.linux-x86_64-3.10/numpy/f2py/tests\n        copying numpy/f2py/tests/test_return_real.py -> build/lib.linux-x86_64-3.10/numpy/f2py/tests\n        copying numpy/f2py/tests/test_regression.py -> build/lib.linux-x86_64-3.10/numpy/f2py/tests\n        copying numpy/f2py/tests/test_parameter.py -> build/lib.linux-x86_64-3.10/numpy/f2py/tests\n        copying numpy/f2py/tests/test_compile_function.py -> build/lib.linux-x86_64-3.10/numpy/f2py/tests\n        creating build/lib.linux-x86_64-3.10/numpy/fft\n        copying numpy/fft/__init__.py -> build/lib.linux-x86_64-3.10/numpy/fft\n        copying numpy/fft/helper.py -> build/lib.linux-x86_64-3.10/numpy/fft\n        copying numpy/fft/setup.py -> build/lib.linux-x86_64-3.10/numpy/fft\n        copying numpy/fft/_pocketfft.py -> build/lib.linux-x86_64-3.10/numpy/fft\n        creating build/lib.linux-x86_64-3.10/numpy/fft/tests\n        copying numpy/fft/tests/__init__.py -> build/lib.linux-x86_64-3.10/numpy/fft/tests\n        copying numpy/fft/tests/test_helper.py -> build/lib.linux-x86_64-3.10/numpy/fft/tests\n        copying numpy/fft/tests/test_pocketfft.py -> build/lib.linux-x86_64-3.10/numpy/fft/tests\n        creating build/lib.linux-x86_64-3.10/numpy/lib\n        copying numpy/lib/arraysetops.py -> build/lib.linux-x86_64-3.10/numpy/lib\n        copying numpy/lib/__init__.py -> build/lib.linux-x86_64-3.10/numpy/lib\n        copying numpy/lib/nanfunctions.py -> build/lib.linux-x86_64-3.10/numpy/lib\n        copying numpy/lib/npyio.py -> build/lib.linux-x86_64-3.10/numpy/lib\n        copying numpy/lib/format.py -> build/lib.linux-x86_64-3.10/numpy/lib\n        copying numpy/lib/_datasource.py -> build/lib.linux-x86_64-3.10/numpy/lib\n        copying numpy/lib/arraypad.py -> build/lib.linux-x86_64-3.10/numpy/lib\n        copying numpy/lib/function_base.py -> build/lib.linux-x86_64-3.10/numpy/lib\n        copying numpy/lib/ufunclike.py -> build/lib.linux-x86_64-3.10/numpy/lib\n        copying numpy/lib/polynomial.py -> build/lib.linux-x86_64-3.10/numpy/lib\n        copying numpy/lib/mixins.py -> build/lib.linux-x86_64-3.10/numpy/lib\n        copying numpy/lib/scimath.py -> build/lib.linux-x86_64-3.10/numpy/lib\n        copying numpy/lib/shape_base.py -> build/lib.linux-x86_64-3.10/numpy/lib\n        copying numpy/lib/_version.py -> build/lib.linux-x86_64-3.10/numpy/lib\n        copying numpy/lib/_iotools.py -> build/lib.linux-x86_64-3.10/numpy/lib\n        copying numpy/lib/setup.py -> build/lib.linux-x86_64-3.10/numpy/lib\n        copying numpy/lib/type_check.py -> build/lib.linux-x86_64-3.10/numpy/lib\n        copying numpy/lib/stride_tricks.py -> build/lib.linux-x86_64-3.10/numpy/lib\n        copying numpy/lib/recfunctions.py -> build/lib.linux-x86_64-3.10/numpy/lib\n        copying numpy/lib/financial.py -> build/lib.linux-x86_64-3.10/numpy/lib\n        copying numpy/lib/histograms.py -> build/lib.linux-x86_64-3.10/numpy/lib\n        copying numpy/lib/twodim_base.py -> build/lib.linux-x86_64-3.10/numpy/lib\n        copying numpy/lib/index_tricks.py -> build/lib.linux-x86_64-3.10/numpy/lib\n        copying numpy/lib/utils.py -> build/lib.linux-x86_64-3.10/numpy/lib\n        copying numpy/lib/user_array.py -> build/lib.linux-x86_64-3.10/numpy/lib\n        copying numpy/lib/arrayterator.py -> build/lib.linux-x86_64-3.10/numpy/lib\n        creating build/lib.linux-x86_64-3.10/numpy/lib/tests\n        copying numpy/lib/tests/__init__.py -> build/lib.linux-x86_64-3.10/numpy/lib/tests\n        copying numpy/lib/tests/test_type_check.py -> build/lib.linux-x86_64-3.10/numpy/lib/tests\n        copying numpy/lib/tests/test_twodim_base.py -> build/lib.linux-x86_64-3.10/numpy/lib/tests\n        copying numpy/lib/tests/test_format.py -> build/lib.linux-x86_64-3.10/numpy/lib/tests\n        copying numpy/lib/tests/test_recfunctions.py -> build/lib.linux-x86_64-3.10/numpy/lib/tests\n        copying numpy/lib/tests/test__iotools.py -> build/lib.linux-x86_64-3.10/numpy/lib/tests\n        copying numpy/lib/tests/test_arraypad.py -> build/lib.linux-x86_64-3.10/numpy/lib/tests\n        copying numpy/lib/tests/test_packbits.py -> build/lib.linux-x86_64-3.10/numpy/lib/tests\n        copying numpy/lib/tests/test_financial.py -> build/lib.linux-x86_64-3.10/numpy/lib/tests\n        copying numpy/lib/tests/test_index_tricks.py -> build/lib.linux-x86_64-3.10/numpy/lib/tests\n        copying numpy/lib/tests/test_shape_base.py -> build/lib.linux-x86_64-3.10/numpy/lib/tests\n        copying numpy/lib/tests/test_stride_tricks.py -> build/lib.linux-x86_64-3.10/numpy/lib/tests\n        copying numpy/lib/tests/test_ufunclike.py -> build/lib.linux-x86_64-3.10/numpy/lib/tests\n        copying numpy/lib/tests/test_mixins.py -> build/lib.linux-x86_64-3.10/numpy/lib/tests\n        copying numpy/lib/tests/test_function_base.py -> build/lib.linux-x86_64-3.10/numpy/lib/tests\n        copying numpy/lib/tests/test_histograms.py -> build/lib.linux-x86_64-3.10/numpy/lib/tests\n        copying numpy/lib/tests/test_io.py -> build/lib.linux-x86_64-3.10/numpy/lib/tests\n        copying numpy/lib/tests/test_arrayterator.py -> build/lib.linux-x86_64-3.10/numpy/lib/tests\n        copying numpy/lib/tests/test_utils.py -> build/lib.linux-x86_64-3.10/numpy/lib/tests\n        copying numpy/lib/tests/test__version.py -> build/lib.linux-x86_64-3.10/numpy/lib/tests\n        copying numpy/lib/tests/test_polynomial.py -> build/lib.linux-x86_64-3.10/numpy/lib/tests\n        copying numpy/lib/tests/test_arraysetops.py -> build/lib.linux-x86_64-3.10/numpy/lib/tests\n        copying numpy/lib/tests/test_nanfunctions.py -> build/lib.linux-x86_64-3.10/numpy/lib/tests\n        copying numpy/lib/tests/test_regression.py -> build/lib.linux-x86_64-3.10/numpy/lib/tests\n        copying numpy/lib/tests/test__datasource.py -> build/lib.linux-x86_64-3.10/numpy/lib/tests\n        creating build/lib.linux-x86_64-3.10/numpy/linalg\n        copying numpy/linalg/__init__.py -> build/lib.linux-x86_64-3.10/numpy/linalg\n        copying numpy/linalg/linalg.py -> build/lib.linux-x86_64-3.10/numpy/linalg\n        copying numpy/linalg/setup.py -> build/lib.linux-x86_64-3.10/numpy/linalg\n        creating build/lib.linux-x86_64-3.10/numpy/linalg/tests\n        copying numpy/linalg/tests/__init__.py -> build/lib.linux-x86_64-3.10/numpy/linalg/tests\n        copying numpy/linalg/tests/test_deprecations.py -> build/lib.linux-x86_64-3.10/numpy/linalg/tests\n        copying numpy/linalg/tests/test_linalg.py -> build/lib.linux-x86_64-3.10/numpy/linalg/tests\n        copying numpy/linalg/tests/test_build.py -> build/lib.linux-x86_64-3.10/numpy/linalg/tests\n        copying numpy/linalg/tests/test_regression.py -> build/lib.linux-x86_64-3.10/numpy/linalg/tests\n        creating build/lib.linux-x86_64-3.10/numpy/ma\n        copying numpy/ma/__init__.py -> build/lib.linux-x86_64-3.10/numpy/ma\n        copying numpy/ma/mrecords.py -> build/lib.linux-x86_64-3.10/numpy/ma\n        copying numpy/ma/setup.py -> build/lib.linux-x86_64-3.10/numpy/ma\n        copying numpy/ma/core.py -> build/lib.linux-x86_64-3.10/numpy/ma\n        copying numpy/ma/testutils.py -> build/lib.linux-x86_64-3.10/numpy/ma\n        copying numpy/ma/bench.py -> build/lib.linux-x86_64-3.10/numpy/ma\n        copying numpy/ma/extras.py -> build/lib.linux-x86_64-3.10/numpy/ma\n        copying numpy/ma/timer_comparison.py -> build/lib.linux-x86_64-3.10/numpy/ma\n        creating build/lib.linux-x86_64-3.10/numpy/ma/tests\n        copying numpy/ma/tests/__init__.py -> build/lib.linux-x86_64-3.10/numpy/ma/tests\n        copying numpy/ma/tests/test_deprecations.py -> build/lib.linux-x86_64-3.10/numpy/ma/tests\n        copying numpy/ma/tests/test_core.py -> build/lib.linux-x86_64-3.10/numpy/ma/tests\n        copying numpy/ma/tests/test_subclassing.py -> build/lib.linux-x86_64-3.10/numpy/ma/tests\n        copying numpy/ma/tests/test_mrecords.py -> build/lib.linux-x86_64-3.10/numpy/ma/tests\n        copying numpy/ma/tests/test_old_ma.py -> build/lib.linux-x86_64-3.10/numpy/ma/tests\n        copying numpy/ma/tests/test_extras.py -> build/lib.linux-x86_64-3.10/numpy/ma/tests\n        copying numpy/ma/tests/test_regression.py -> build/lib.linux-x86_64-3.10/numpy/ma/tests\n        creating build/lib.linux-x86_64-3.10/numpy/matrixlib\n        copying numpy/matrixlib/__init__.py -> build/lib.linux-x86_64-3.10/numpy/matrixlib\n        copying numpy/matrixlib/setup.py -> build/lib.linux-x86_64-3.10/numpy/matrixlib\n        copying numpy/matrixlib/defmatrix.py -> build/lib.linux-x86_64-3.10/numpy/matrixlib\n        creating build/lib.linux-x86_64-3.10/numpy/matrixlib/tests\n        copying numpy/matrixlib/tests/test_defmatrix.py -> build/lib.linux-x86_64-3.10/numpy/matrixlib/tests\n        copying numpy/matrixlib/tests/__init__.py -> build/lib.linux-x86_64-3.10/numpy/matrixlib/tests\n        copying numpy/matrixlib/tests/test_numeric.py -> build/lib.linux-x86_64-3.10/numpy/matrixlib/tests\n        copying numpy/matrixlib/tests/test_multiarray.py -> build/lib.linux-x86_64-3.10/numpy/matrixlib/tests\n        copying numpy/matrixlib/tests/test_interaction.py -> build/lib.linux-x86_64-3.10/numpy/matrixlib/tests\n        copying numpy/matrixlib/tests/test_matrix_linalg.py -> build/lib.linux-x86_64-3.10/numpy/matrixlib/tests\n        copying numpy/matrixlib/tests/test_masked_matrix.py -> build/lib.linux-x86_64-3.10/numpy/matrixlib/tests\n        copying numpy/matrixlib/tests/test_regression.py -> build/lib.linux-x86_64-3.10/numpy/matrixlib/tests\n        creating build/lib.linux-x86_64-3.10/numpy/polynomial\n        copying numpy/polynomial/__init__.py -> build/lib.linux-x86_64-3.10/numpy/polynomial\n        copying numpy/polynomial/chebyshev.py -> build/lib.linux-x86_64-3.10/numpy/polynomial\n        copying numpy/polynomial/polyutils.py -> build/lib.linux-x86_64-3.10/numpy/polynomial\n        copying numpy/polynomial/hermite.py -> build/lib.linux-x86_64-3.10/numpy/polynomial\n        copying numpy/polynomial/legendre.py -> build/lib.linux-x86_64-3.10/numpy/polynomial\n        copying numpy/polynomial/polynomial.py -> build/lib.linux-x86_64-3.10/numpy/polynomial\n        copying numpy/polynomial/laguerre.py -> build/lib.linux-x86_64-3.10/numpy/polynomial\n        copying numpy/polynomial/setup.py -> build/lib.linux-x86_64-3.10/numpy/polynomial\n        copying numpy/polynomial/_polybase.py -> build/lib.linux-x86_64-3.10/numpy/polynomial\n        copying numpy/polynomial/hermite_e.py -> build/lib.linux-x86_64-3.10/numpy/polynomial\n        creating build/lib.linux-x86_64-3.10/numpy/polynomial/tests\n        copying numpy/polynomial/tests/test_chebyshev.py -> build/lib.linux-x86_64-3.10/numpy/polynomial/tests\n        copying numpy/polynomial/tests/__init__.py -> build/lib.linux-x86_64-3.10/numpy/polynomial/tests\n        copying numpy/polynomial/tests/test_hermite_e.py -> build/lib.linux-x86_64-3.10/numpy/polynomial/tests\n        copying numpy/polynomial/tests/test_laguerre.py -> build/lib.linux-x86_64-3.10/numpy/polynomial/tests\n        copying numpy/polynomial/tests/test_printing.py -> build/lib.linux-x86_64-3.10/numpy/polynomial/tests\n        copying numpy/polynomial/tests/test_polyutils.py -> build/lib.linux-x86_64-3.10/numpy/polynomial/tests\n        copying numpy/polynomial/tests/test_legendre.py -> build/lib.linux-x86_64-3.10/numpy/polynomial/tests\n        copying numpy/polynomial/tests/test_hermite.py -> build/lib.linux-x86_64-3.10/numpy/polynomial/tests\n        copying numpy/polynomial/tests/test_polynomial.py -> build/lib.linux-x86_64-3.10/numpy/polynomial/tests\n        copying numpy/polynomial/tests/test_classes.py -> build/lib.linux-x86_64-3.10/numpy/polynomial/tests\n        creating build/lib.linux-x86_64-3.10/numpy/random\n        copying numpy/random/__init__.py -> build/lib.linux-x86_64-3.10/numpy/random\n        copying numpy/random/_pickle.py -> build/lib.linux-x86_64-3.10/numpy/random\n        copying numpy/random/setup.py -> build/lib.linux-x86_64-3.10/numpy/random\n        creating build/lib.linux-x86_64-3.10/numpy/random/tests\n        copying numpy/random/tests/__init__.py -> build/lib.linux-x86_64-3.10/numpy/random/tests\n        copying numpy/random/tests/test_random.py -> build/lib.linux-x86_64-3.10/numpy/random/tests\n        copying numpy/random/tests/test_randomstate.py -> build/lib.linux-x86_64-3.10/numpy/random/tests\n        copying numpy/random/tests/test_direct.py -> build/lib.linux-x86_64-3.10/numpy/random/tests\n        copying numpy/random/tests/test_seed_sequence.py -> build/lib.linux-x86_64-3.10/numpy/random/tests\n        copying numpy/random/tests/test_randomstate_regression.py -> build/lib.linux-x86_64-3.10/numpy/random/tests\n        copying numpy/random/tests/test_generator_mt19937_regressions.py -> build/lib.linux-x86_64-3.10/numpy/random/tests\n        copying numpy/random/tests/test_generator_mt19937.py -> build/lib.linux-x86_64-3.10/numpy/random/tests\n        copying numpy/random/tests/test_smoke.py -> build/lib.linux-x86_64-3.10/numpy/random/tests\n        copying numpy/random/tests/test_extending.py -> build/lib.linux-x86_64-3.10/numpy/random/tests\n        copying numpy/random/tests/test_regression.py -> build/lib.linux-x86_64-3.10/numpy/random/tests\n        creating build/lib.linux-x86_64-3.10/numpy/testing\n        copying numpy/testing/__init__.py -> build/lib.linux-x86_64-3.10/numpy/testing\n        copying numpy/testing/print_coercion_tables.py -> build/lib.linux-x86_64-3.10/numpy/testing\n        copying numpy/testing/setup.py -> build/lib.linux-x86_64-3.10/numpy/testing\n        copying numpy/testing/utils.py -> build/lib.linux-x86_64-3.10/numpy/testing\n        creating build/lib.linux-x86_64-3.10/numpy/testing/_private\n        copying numpy/testing/_private/__init__.py -> build/lib.linux-x86_64-3.10/numpy/testing/_private\n        copying numpy/testing/_private/noseclasses.py -> build/lib.linux-x86_64-3.10/numpy/testing/_private\n        copying numpy/testing/_private/decorators.py -> build/lib.linux-x86_64-3.10/numpy/testing/_private\n        copying numpy/testing/_private/nosetester.py -> build/lib.linux-x86_64-3.10/numpy/testing/_private\n        copying numpy/testing/_private/parameterized.py -> build/lib.linux-x86_64-3.10/numpy/testing/_private\n        copying numpy/testing/_private/utils.py -> build/lib.linux-x86_64-3.10/numpy/testing/_private\n        creating build/lib.linux-x86_64-3.10/numpy/testing/tests\n        copying numpy/testing/tests/__init__.py -> build/lib.linux-x86_64-3.10/numpy/testing/tests\n        copying numpy/testing/tests/test_decorators.py -> build/lib.linux-x86_64-3.10/numpy/testing/tests\n        copying numpy/testing/tests/test_doctesting.py -> build/lib.linux-x86_64-3.10/numpy/testing/tests\n        copying numpy/testing/tests/test_utils.py -> build/lib.linux-x86_64-3.10/numpy/testing/tests\n        creating build/lib.linux-x86_64-3.10/numpy/tests\n        copying numpy/tests/__init__.py -> build/lib.linux-x86_64-3.10/numpy/tests\n        copying numpy/tests/test_warnings.py -> build/lib.linux-x86_64-3.10/numpy/tests\n        copying numpy/tests/test_matlib.py -> build/lib.linux-x86_64-3.10/numpy/tests\n        copying numpy/tests/test_reloading.py -> build/lib.linux-x86_64-3.10/numpy/tests\n        copying numpy/tests/test_public_api.py -> build/lib.linux-x86_64-3.10/numpy/tests\n        copying numpy/tests/test_scripts.py -> build/lib.linux-x86_64-3.10/numpy/tests\n        copying numpy/tests/test_ctypeslib.py -> build/lib.linux-x86_64-3.10/numpy/tests\n        copying numpy/tests/test_numpy_version.py -> build/lib.linux-x86_64-3.10/numpy/tests\n        running build_clib\n        customize UnixCCompiler\n        customize UnixCCompiler using new_build_clib\n        building 'npymath' library\n        compiling C sources\n        C compiler: gcc -pthread -B /opt/conda/compiler_compat -Wno-unused-result -Wsign-compare -DNDEBUG -fwrapv -O2 -Wall -fPIC -O2 -isystem /opt/conda/include -fPIC -O2 -isystem /opt/conda/include -fPIC\n        \n        creating build/temp.linux-x86_64-3.10\n        creating build/temp.linux-x86_64-3.10/numpy\n        creating build/temp.linux-x86_64-3.10/numpy/core\n        creating build/temp.linux-x86_64-3.10/numpy/core/src\n        creating build/temp.linux-x86_64-3.10/numpy/core/src/npymath\n        creating build/temp.linux-x86_64-3.10/build\n        creating build/temp.linux-x86_64-3.10/build/src.linux-x86_64-3.10\n        creating build/temp.linux-x86_64-3.10/build/src.linux-x86_64-3.10/numpy\n        creating build/temp.linux-x86_64-3.10/build/src.linux-x86_64-3.10/numpy/core\n        creating build/temp.linux-x86_64-3.10/build/src.linux-x86_64-3.10/numpy/core/src\n        creating build/temp.linux-x86_64-3.10/build/src.linux-x86_64-3.10/numpy/core/src/npymath\n        compile options: '-Ibuild/src.linux-x86_64-3.10/numpy/core/src/npymath -Inumpy/core/include -Ibuild/src.linux-x86_64-3.10/numpy/core/include/numpy -Inumpy/core/src/common -Inumpy/core/src -Inumpy/core -Inumpy/core/src/npymath -Inumpy/core/src/multiarray -Inumpy/core/src/umath -Inumpy/core/src/npysort -I/root/.cache/pypoetry/virtualenvs/scopeserver-1v7iq-XX-py3.10/include -I/opt/conda/include/python3.10 -Ibuild/src.linux-x86_64-3.10/numpy/core/src/common -Ibuild/src.linux-x86_64-3.10/numpy/core/src/npymath -c'\n        gcc: numpy/core/src/npymath/npy_math.c\n        gcc: build/src.linux-x86_64-3.10/numpy/core/src/npymath/ieee754.c\n        gcc: build/src.linux-x86_64-3.10/numpy/core/src/npymath/npy_math_complex.c\n        gcc: numpy/core/src/npymath/halffloat.c\n        ar: adding 4 object files to build/temp.linux-x86_64-3.10/libnpymath.a\n        building 'npysort' library\n        compiling C sources\n        C compiler: gcc -pthread -B /opt/conda/compiler_compat -Wno-unused-result -Wsign-compare -DNDEBUG -fwrapv -O2 -Wall -fPIC -O2 -isystem /opt/conda/include -fPIC -O2 -isystem /opt/conda/include -fPIC\n        \n        creating build/temp.linux-x86_64-3.10/build/src.linux-x86_64-3.10/numpy/core/src/npysort\n        compile options: '-Ibuild/src.linux-x86_64-3.10/numpy/core/src/common -Inumpy/core/include -Ibuild/src.linux-x86_64-3.10/numpy/core/include/numpy -Inumpy/core/src/common -Inumpy/core/src -Inumpy/core -Inumpy/core/src/npymath -Inumpy/core/src/multiarray -Inumpy/core/src/umath -Inumpy/core/src/npysort -I/root/.cache/pypoetry/virtualenvs/scopeserver-1v7iq-XX-py3.10/include -I/opt/conda/include/python3.10 -Ibuild/src.linux-x86_64-3.10/numpy/core/src/common -Ibuild/src.linux-x86_64-3.10/numpy/core/src/npymath -c'\n        gcc: build/src.linux-x86_64-3.10/numpy/core/src/npysort/mergesort.c\n        gcc: build/src.linux-x86_64-3.10/numpy/core/src/npysort/quicksort.c\n        gcc: build/src.linux-x86_64-3.10/numpy/core/src/npysort/heapsort.c\n        gcc: build/src.linux-x86_64-3.10/numpy/core/src/npysort/radixsort.c\n        gcc: build/src.linux-x86_64-3.10/numpy/core/src/npysort/timsort.c\n        gcc: build/src.linux-x86_64-3.10/numpy/core/src/npysort/selection.c\n        gcc: build/src.linux-x86_64-3.10/numpy/core/src/npysort/binsearch.c\n        ar: adding 7 object files to build/temp.linux-x86_64-3.10/libnpysort.a\n        building 'npyrandom' library\n        compiling C sources\n        C compiler: gcc -pthread -B /opt/conda/compiler_compat -Wno-unused-result -Wsign-compare -DNDEBUG -fwrapv -O2 -Wall -fPIC -O2 -isystem /opt/conda/include -fPIC -O2 -isystem /opt/conda/include -fPIC\n        \n        creating build/temp.linux-x86_64-3.10/numpy/random\n        creating build/temp.linux-x86_64-3.10/numpy/random/src\n        creating build/temp.linux-x86_64-3.10/numpy/random/src/distributions\n        compile options: '-Inumpy/core/include -Ibuild/src.linux-x86_64-3.10/numpy/core/include/numpy -Inumpy/core/src/common -Inumpy/core/src -Inumpy/core -Inumpy/core/src/npymath -Inumpy/core/src/multiarray -Inumpy/core/src/umath -Inumpy/core/src/npysort -I/root/.cache/pypoetry/virtualenvs/scopeserver-1v7iq-XX-py3.10/include -I/opt/conda/include/python3.10 -Ibuild/src.linux-x86_64-3.10/numpy/core/src/common -Ibuild/src.linux-x86_64-3.10/numpy/core/src/npymath -c'\n        gcc: numpy/random/src/distributions/logfactorial.c\n        gcc: numpy/random/src/distributions/distributions.c\n        gcc: numpy/random/src/distributions/random_mvhg_marginals.c\n        gcc: numpy/random/src/distributions/random_hypergeometric.c\n        gcc: numpy/random/src/distributions/random_mvhg_count.c\n        ar: adding 5 object files to build/temp.linux-x86_64-3.10/libnpyrandom.a\n        running build_ext\n        customize UnixCCompiler\n        customize UnixCCompiler using new_build_ext\n        building 'numpy.core._multiarray_tests' extension\n        compiling C sources\n        C compiler: gcc -pthread -B /opt/conda/compiler_compat -Wno-unused-result -Wsign-compare -DNDEBUG -fwrapv -O2 -Wall -fPIC -O2 -isystem /opt/conda/include -fPIC -O2 -isystem /opt/conda/include -fPIC\n        \n        creating build/temp.linux-x86_64-3.10/build/src.linux-x86_64-3.10/numpy/core/src/multiarray\n        creating build/temp.linux-x86_64-3.10/numpy/core/src/common\n        compile options: '-DNPY_INTERNAL_BUILD=1 -DHAVE_NPY_CONFIG_H=1 -D_FILE_OFFSET_BITS=64 -D_LARGEFILE_SOURCE=1 -D_LARGEFILE64_SOURCE=1 -Inumpy/core/include -Ibuild/src.linux-x86_64-3.10/numpy/core/include/numpy -Inumpy/core/src/common -Inumpy/core/src -Inumpy/core -Inumpy/core/src/npymath -Inumpy/core/src/multiarray -Inumpy/core/src/umath -Inumpy/core/src/npysort -I/root/.cache/pypoetry/virtualenvs/scopeserver-1v7iq-XX-py3.10/include -I/opt/conda/include/python3.10 -Ibuild/src.linux-x86_64-3.10/numpy/core/src/common -Ibuild/src.linux-x86_64-3.10/numpy/core/src/npymath -c'\n        gcc: build/src.linux-x86_64-3.10/numpy/core/src/multiarray/_multiarray_tests.c\n        gcc: numpy/core/src/common/mem_overlap.c\n        gcc -pthread -B /opt/conda/compiler_compat -shared -Wl,-rpath,/opt/conda/lib -Wl,-rpath-link,/opt/conda/lib -L/opt/conda/lib -Wl,-rpath,/opt/conda/lib -Wl,-rpath-link,/opt/conda/lib -L/opt/conda/lib build/temp.linux-x86_64-3.10/build/src.linux-x86_64-3.10/numpy/core/src/multiarray/_multiarray_tests.o build/temp.linux-x86_64-3.10/numpy/core/src/common/mem_overlap.o -Lbuild/temp.linux-x86_64-3.10 -lnpymath -o build/lib.linux-x86_64-3.10/numpy/core/_multiarray_tests.cpython-310-x86_64-linux-gnu.so\n        building 'numpy.core._multiarray_umath' extension\n        compiling C sources\n        C compiler: gcc -pthread -B /opt/conda/compiler_compat -Wno-unused-result -Wsign-compare -DNDEBUG -fwrapv -O2 -Wall -fPIC -O2 -isystem /opt/conda/include -fPIC -O2 -isystem /opt/conda/include -fPIC\n        \n        creating build/temp.linux-x86_64-3.10/numpy/core/src/multiarray\n        creating build/temp.linux-x86_64-3.10/numpy/core/src/umath\n        creating build/temp.linux-x86_64-3.10/build/src.linux-x86_64-3.10/numpy/core/src/umath\n        creating build/temp.linux-x86_64-3.10/build/src.linux-x86_64-3.10/numpy/core/src/common\n        compile options: '-DNPY_INTERNAL_BUILD=1 -DHAVE_NPY_CONFIG_H=1 -D_FILE_OFFSET_BITS=64 -D_LARGEFILE_SOURCE=1 -D_LARGEFILE64_SOURCE=1 -Ibuild/src.linux-x86_64-3.10/numpy/core/src/umath -Ibuild/src.linux-x86_64-3.10/numpy/core/src/npymath -Ibuild/src.linux-x86_64-3.10/numpy/core/src/common -Inumpy/core/include -Ibuild/src.linux-x86_64-3.10/numpy/core/include/numpy -Inumpy/core/src/common -Inumpy/core/src -Inumpy/core -Inumpy/core/src/npymath -Inumpy/core/src/multiarray -Inumpy/core/src/umath -Inumpy/core/src/npysort -I/root/.cache/pypoetry/virtualenvs/scopeserver-1v7iq-XX-py3.10/include -I/opt/conda/include/python3.10 -Ibuild/src.linux-x86_64-3.10/numpy/core/src/common -Ibuild/src.linux-x86_64-3.10/numpy/core/src/npymath -c'\n        gcc: numpy/core/src/multiarray/array_assign_scalar.c\n        gcc: numpy/core/src/multiarray/alloc.c\n        gcc: numpy/core/src/multiarray/buffer.c\n        gcc: numpy/core/src/multiarray/common.c\n        gcc: numpy/core/src/multiarray/datetime_strings.c\n        gcc: numpy/core/src/multiarray/conversion_utils.c\n        gcc: numpy/core/src/multiarray/descriptor.c\n        gcc: build/src.linux-x86_64-3.10/numpy/core/src/multiarray/einsum.c\n        gcc: numpy/core/src/multiarray/arrayobject.c\n        gcc: numpy/core/src/multiarray/array_assign_array.c\n        gcc: numpy/core/src/multiarray/arrayfunction_override.c\n        gcc: numpy/core/src/multiarray/ctors.c\n        gcc: numpy/core/src/multiarray/convert.c\n        gcc: numpy/core/src/multiarray/calculation.c\n        gcc: numpy/core/src/multiarray/datetime_busday.c\n        gcc: numpy/core/src/multiarray/dragon4.c\n        gcc: numpy/core/src/multiarray/hashdescr.c\n        gcc: numpy/core/src/multiarray/convert_datatype.c\n        gcc: build/src.linux-x86_64-3.10/numpy/core/src/multiarray/arraytypes.c\n        gcc: numpy/core/src/multiarray/item_selection.c\n        gcc: numpy/core/src/multiarray/datetime_busdaycal.c\n        gcc: numpy/core/src/multiarray/compiled_base.c\n        gcc: build/src.linux-x86_64-3.10/numpy/core/src/multiarray/lowlevel_strided_loops.c\n        gcc: numpy/core/src/multiarray/dtype_transfer.c\n        gcc: numpy/core/src/multiarray/multiarraymodule.c\n        gcc: numpy/core/src/multiarray/datetime.c\n        gcc: numpy/core/src/multiarray/nditer_constr.c\n        gcc: numpy/core/src/multiarray/refcount.c\n        gcc: numpy/core/src/multiarray/iterators.c\n        gcc: numpy/core/src/multiarray/scalarapi.c\n        gcc: numpy/core/src/multiarray/sequence.c\n        gcc: numpy/core/src/multiarray/shape.c\n        gcc: numpy/core/src/multiarray/nditer_pywrap.c\n        gcc: build/src.linux-x86_64-3.10/numpy/core/src/multiarray/scalartypes.c\n        numpy/core/src/multiarray/scalartypes.c.src: In function float_arrtype_hash:\n        numpy/core/src/multiarray/scalartypes.c.src:2967:27: error: incompatible type for argument 1 of _Py_HashDouble\n         2967 |     return _Py_HashDouble((double) PyArrayScalar_VAL(obj, @name@));\n        In file included from /opt/conda/include/python3.10/Python.h:77,\n                         from numpy/core/src/multiarray/scalartypes.c.src:3:\n        /opt/conda/include/python3.10/pyhash.h:10:38: note: expected PyObject * {aka struct _object *} but argument is of type double\n           10 | PyAPI_FUNC(Py_hash_t) _Py_HashDouble(PyObject *, double);\n              |                                      ^~~~~~~~~~\n        numpy/core/src/multiarray/scalartypes.c.src:2967:12: error: too few arguments to function _Py_HashDouble\n         2967 |     return _Py_HashDouble((double) PyArrayScalar_VAL(obj, @name@));\n              |            ^~~~~~~~~~~~~~\n        In file included from /opt/conda/include/python3.10/Python.h:77,\n                         from numpy/core/src/multiarray/scalartypes.c.src:3:\n        /opt/conda/include/python3.10/pyhash.h:10:23: note: declared here\n           10 | PyAPI_FUNC(Py_hash_t) _Py_HashDouble(PyObject *, double);\n              |                       ^~~~~~~~~~~~~~\n        numpy/core/src/multiarray/scalartypes.c.src: In function cfloat_arrtype_hash:\n        numpy/core/src/multiarray/scalartypes.c.src:2975:31: error: incompatible type for argument 1 of _Py_HashDouble\n         2975 |     hashreal = _Py_HashDouble((double)\n              |                               ^~~~~~~~\n              |                               |\n              |                               double\n         2976 |             PyArrayScalar_VAL(obj, C@name@).real);\n              |             ~~~~~~~~~~~~~~~~~~~~~~~~~~~~~~~~~~~\n        In file included from /opt/conda/include/python3.10/Python.h:77,\n                         from numpy/core/src/multiarray/scalartypes.c.src:3:\n        /opt/conda/include/python3.10/pyhash.h:10:38: note: expected PyObject * {aka struct _object *} but argument is of type double\n           10 | PyAPI_FUNC(Py_hash_t) _Py_HashDouble(PyObject *, double);\n              |                                      ^~~~~~~~~~\n        numpy/core/src/multiarray/scalartypes.c.src:2975:16: error: too few arguments to function _Py_HashDouble\n         2975 |     hashreal = _Py_HashDouble((double)\n              |                ^~~~~~~~~~~~~~\n        In file included from /opt/conda/include/python3.10/Python.h:77,\n                         from numpy/core/src/multiarray/scalartypes.c.src:3:\n        /opt/conda/include/python3.10/pyhash.h:10:23: note: declared here\n           10 | PyAPI_FUNC(Py_hash_t) _Py_HashDouble(PyObject *, double);\n              |                       ^~~~~~~~~~~~~~\n        numpy/core/src/multiarray/scalartypes.c.src:2981:31: error: incompatible type for argument 1 of _Py_HashDouble\n         2981 |     hashimag = _Py_HashDouble((double)\n              |                               ^~~~~~~~\n              |                               |\n              |                               double\n         2982 |             PyArrayScalar_VAL(obj, C@name@).imag);\n              |             ~~~~~~~~~~~~~~~~~~~~~~~~~~~~~~~~~~~\n        In file included from /opt/conda/include/python3.10/Python.h:77,\n                         from numpy/core/src/multiarray/scalartypes.c.src:3:\n        /opt/conda/include/python3.10/pyhash.h:10:38: note: expected PyObject * {aka struct _object *} but argument is of type double\n           10 | PyAPI_FUNC(Py_hash_t) _Py_HashDouble(PyObject *, double);\n              |                                      ^~~~~~~~~~\n        numpy/core/src/multiarray/scalartypes.c.src:2981:16: error: too few arguments to function _Py_HashDouble\n         2981 |     hashimag = _Py_HashDouble((double)\n              |                ^~~~~~~~~~~~~~\n        In file included from /opt/conda/include/python3.10/Python.h:77,\n                         from numpy/core/src/multiarray/scalartypes.c.src:3:\n        /opt/conda/include/python3.10/pyhash.h:10:23: note: declared here\n           10 | PyAPI_FUNC(Py_hash_t) _Py_HashDouble(PyObject *, double);\n              |                       ^~~~~~~~~~~~~~\n        numpy/core/src/multiarray/scalartypes.c.src: In function longdouble_arrtype_hash:\n        numpy/core/src/multiarray/scalartypes.c.src:2967:27: error: incompatible type for argument 1 of _Py_HashDouble\n         2967 |     return _Py_HashDouble((double) PyArrayScalar_VAL(obj, @name@));\n        In file included from /opt/conda/include/python3.10/Python.h:77,\n                         from numpy/core/src/multiarray/scalartypes.c.src:3:\n        /opt/conda/include/python3.10/pyhash.h:10:38: note: expected PyObject * {aka struct _object *} but argument is of type double\n           10 | PyAPI_FUNC(Py_hash_t) _Py_HashDouble(PyObject *, double);\n              |                                      ^~~~~~~~~~\n        numpy/core/src/multiarray/scalartypes.c.src:2967:12: error: too few arguments to function _Py_HashDouble\n         2967 |     return _Py_HashDouble((double) PyArrayScalar_VAL(obj, @name@));\n              |            ^~~~~~~~~~~~~~\n        In file included from /opt/conda/include/python3.10/Python.h:77,\n                         from numpy/core/src/multiarray/scalartypes.c.src:3:\n        /opt/conda/include/python3.10/pyhash.h:10:23: note: declared here\n           10 | PyAPI_FUNC(Py_hash_t) _Py_HashDouble(PyObject *, double);\n              |                       ^~~~~~~~~~~~~~\n        numpy/core/src/multiarray/scalartypes.c.src: In function clongdouble_arrtype_hash:\n        numpy/core/src/multiarray/scalartypes.c.src:2975:31: error: incompatible type for argument 1 of _Py_HashDouble\n         2975 |     hashreal = _Py_HashDouble((double)\n              |                               ^~~~~~~~\n              |                               |\n              |                               double\n         2976 |             PyArrayScalar_VAL(obj, C@name@).real);\n              |             ~~~~~~~~~~~~~~~~~~~~~~~~~~~~~~~~~~~~~~\n        In file included from /opt/conda/include/python3.10/Python.h:77,\n                         from numpy/core/src/multiarray/scalartypes.c.src:3:\n        /opt/conda/include/python3.10/pyhash.h:10:38: note: expected PyObject * {aka struct _object *} but argument is of type double\n           10 | PyAPI_FUNC(Py_hash_t) _Py_HashDouble(PyObject *, double);\n              |                                      ^~~~~~~~~~\n        numpy/core/src/multiarray/scalartypes.c.src:2975:16: error: too few arguments to function _Py_HashDouble\n         2975 |     hashreal = _Py_HashDouble((double)\n              |                ^~~~~~~~~~~~~~\n        In file included from /opt/conda/include/python3.10/Python.h:77,\n                         from numpy/core/src/multiarray/scalartypes.c.src:3:\n        /opt/conda/include/python3.10/pyhash.h:10:23: note: declared here\n           10 | PyAPI_FUNC(Py_hash_t) _Py_HashDouble(PyObject *, double);\n              |                       ^~~~~~~~~~~~~~\n        numpy/core/src/multiarray/scalartypes.c.src:2981:31: error: incompatible type for argument 1 of _Py_HashDouble\n         2981 |     hashimag = _Py_HashDouble((double)\n              |                               ^~~~~~~~\n              |                               |\n              |                               double\n         2982 |             PyArrayScalar_VAL(obj, C@name@).imag);\n              |             ~~~~~~~~~~~~~~~~~~~~~~~~~~~~~~~~~~~~~~\n        In file included from /opt/conda/include/python3.10/Python.h:77,\n                         from numpy/core/src/multiarray/scalartypes.c.src:3:\n        /opt/conda/include/python3.10/pyhash.h:10:38: note: expected PyObject * {aka struct _object *} but argument is of type double\n           10 | PyAPI_FUNC(Py_hash_t) _Py_HashDouble(PyObject *, double);\n              |                                      ^~~~~~~~~~\n        numpy/core/src/multiarray/scalartypes.c.src:2981:16: error: too few arguments to function _Py_HashDouble\n         2981 |     hashimag = _Py_HashDouble((double)\n              |                ^~~~~~~~~~~~~~\n        In file included from /opt/conda/include/python3.10/Python.h:77,\n                         from numpy/core/src/multiarray/scalartypes.c.src:3:\n        /opt/conda/include/python3.10/pyhash.h:10:23: note: declared here\n           10 | PyAPI_FUNC(Py_hash_t) _Py_HashDouble(PyObject *, double);\n              |                       ^~~~~~~~~~~~~~\n        numpy/core/src/multiarray/scalartypes.c.src: In function half_arrtype_hash:\n        numpy/core/src/multiarray/scalartypes.c.src:2997:27: error: incompatible type for argument 1 of _Py_HashDouble\n         2997 |     return _Py_HashDouble(npy_half_to_double(PyArrayScalar_VAL(obj, Half)));\n              |                           ^~~~~~~~~~~~~~~~~~~~~~~~~~~~~~~~~~~~~~~~~~~~~~~~\n              |                           |\n              |                           double\n        In file included from /opt/conda/include/python3.10/Python.h:77,\n                         from numpy/core/src/multiarray/scalartypes.c.src:3:\n        /opt/conda/include/python3.10/pyhash.h:10:38: note: expected PyObject * {aka struct _object *} but argument is of type double\n           10 | PyAPI_FUNC(Py_hash_t) _Py_HashDouble(PyObject *, double);\n              |                                      ^~~~~~~~~~\n        numpy/core/src/multiarray/scalartypes.c.src:2997:12: error: too few arguments to function _Py_HashDouble\n         2997 |     return _Py_HashDouble(npy_half_to_double(PyArrayScalar_VAL(obj, Half)));\n              |            ^~~~~~~~~~~~~~\n        In file included from /opt/conda/include/python3.10/Python.h:77,\n                         from numpy/core/src/multiarray/scalartypes.c.src:3:\n        /opt/conda/include/python3.10/pyhash.h:10:23: note: declared here\n           10 | PyAPI_FUNC(Py_hash_t) _Py_HashDouble(PyObject *, double);\n              |                       ^~~~~~~~~~~~~~\n        numpy/core/src/multiarray/scalartypes.c.src: In function longdouble_arrtype_hash:\n        numpy/core/src/multiarray/scalartypes.c.src:2968:1: warning: control reaches end of non-void function [-Wreturn-type]\n         2968 | }\n              | ^\n        numpy/core/src/multiarray/scalartypes.c.src: In function float_arrtype_hash:\n        numpy/core/src/multiarray/scalartypes.c.src:2968:1: warning: control reaches end of non-void function [-Wreturn-type]\n         2968 | }\n              | ^\n        numpy/core/src/multiarray/scalartypes.c.src: In function half_arrtype_hash:\n        numpy/core/src/multiarray/scalartypes.c.src:2998:1: warning: control reaches end of non-void function [-Wreturn-type]\n         2998 | }\n              | ^\n        gcc: numpy/core/src/multiarray/temp_elide.c\n        gcc: numpy/core/src/multiarray/vdot.c\n        gcc: build/src.linux-x86_64-3.10/numpy/core/src/umath/loops.c\n        gcc: numpy/core/src/multiarray/typeinfo.c\n        gcc: numpy/core/src/umath/umathmodule.c\n        gcc: numpy/core/src/multiarray/usertypes.c\n        gcc: numpy/core/src/umath/reduction.c\n        gcc: numpy/core/src/multiarray/number.c\n        gcc: numpy/core/src/multiarray/flagsobject.c\n        gcc: numpy/core/src/umath/ufunc_object.c\n        gcc: numpy/core/src/umath/ufunc_type_resolution.c\n        gcc: build/src.linux-x86_64-3.10/numpy/core/src/multiarray/nditer_templ.c\n        gcc: numpy/core/src/multiarray/getset.c\n        gcc: build/src.linux-x86_64-3.10/numpy/core/src/npymath/ieee754.c\n        gcc: build/src.linux-x86_64-3.10/numpy/core/src/npymath/npy_math_complex.c\n        gcc: numpy/core/src/common/array_assign.c\n        gcc: numpy/core/src/umath/override.c\n        gcc: numpy/core/src/common/mem_overlap.c\n        gcc: numpy/core/src/npymath/halffloat.c\n        gcc: numpy/core/src/multiarray/nditer_api.c\n        gcc: numpy/core/src/npymath/npy_math.c\n        gcc: numpy/core/src/common/ucsnarrow.c\n        gcc: numpy/core/src/common/npy_longdouble.c\n        gcc: numpy/core/src/common/ufunc_override.c\n        gcc: build/src.linux-x86_64-3.10/numpy/core/src/common/npy_cpu_features.c\n        gcc: numpy/core/src/common/numpyos.c\n        gcc: numpy/core/src/umath/extobj.c\n        gcc: build/src.linux-x86_64-3.10/numpy/core/src/umath/scalarmath.c\n        gcc: numpy/core/src/multiarray/mapping.c\n        gcc: numpy/core/src/multiarray/methods.c\n        gcc: build/src.linux-x86_64-3.10/numpy/core/src/umath/matmul.c\n        gcc: build/src.linux-x86_64-3.10/numpy/core/src/umath/clip.c\n        error: Command \"gcc -pthread -B /opt/conda/compiler_compat -Wno-unused-result -Wsign-compare -DNDEBUG -fwrapv -O2 -Wall -fPIC -O2 -isystem /opt/conda/include -fPIC -O2 -isystem /opt/conda/include -fPIC -DNPY_INTERNAL_BUILD=1 -DHAVE_NPY_CONFIG_H=1 -D_FILE_OFFSET_BITS=64 -D_LARGEFILE_SOURCE=1 -D_LARGEFILE64_SOURCE=1 -Ibuild/src.linux-x86_64-3.10/numpy/core/src/umath -Ibuild/src.linux-x86_64-3.10/numpy/core/src/npymath -Ibuild/src.linux-x86_64-3.10/numpy/core/src/common -Inumpy/core/include -Ibuild/src.linux-x86_64-3.10/numpy/core/include/numpy -Inumpy/core/src/common -Inumpy/core/src -Inumpy/core -Inumpy/core/src/npymath -Inumpy/core/src/multiarray -Inumpy/core/src/umath -Inumpy/core/src/npysort -I/root/.cache/pypoetry/virtualenvs/scopeserver-1v7iq-XX-py3.10/include -I/opt/conda/include/python3.10 -Ibuild/src.linux-x86_64-3.10/numpy/core/src/common -Ibuild/src.linux-x86_64-3.10/numpy/core/src/npymath -c build/src.linux-x86_64-3.10/numpy/core/src/multiarray/scalartypes.c -o build/temp.linux-x86_64-3.10/build/src.linux-x86_64-3.10/numpy/core/src/multiarray/scalartypes.o -MMD -MF build/temp.linux-x86_64-3.10/build/src.linux-x86_64-3.10/numpy/core/src/multiarray/scalartypes.o.d\" failed with exit status 1\n        [end of output]\n    \n    note: This error originates from a subprocess, and is likely not a problem with pip.\n    ERROR: Failed building wheel for numpy\n  Failed to build numpy\n  ERROR: Could not build wheels for numpy, which is required to install pyproject.toml-based projects\n  \n\n  at /opt/conda/lib/python3.10/site-packages/poetry/utils/env.py:1540 in _run\n      1536                 output = subprocess.check_output(\n      1537                     command, stderr=subprocess.STDOUT, env=env, **kwargs\n      1538                 )\n      1539         except CalledProcessError as e:\n     1540             raise EnvCommandError(e, input=input_)\n      1541 \n      1542         return decode(output)\n      1543 \n      1544     def execute(self, bin: str, *args: str, **kwargs: Any) -> int:\n\nThe following error occurred when trying to handle this error:\n\n\n  PoetryException\n\n  Failed to install /root/.cache/pypoetry/artifacts/ed/07/d8/9a5e079beea635754d2de6e7caa28f402f4e43adf8a104f882633499bf/numpy-1.19.2.zip\n\n  at /opt/conda/lib/python3.10/site-packages/poetry/utils/pip.py:58 in pip_install\n       54 \n       55     try:\n       56         return environment.run_pip(*args)\n       57     except EnvCommandError as e:\n      58         raise PoetryException(f\"Failed to install {path.as_posix()}\") from e\n       59 \n\nRemoving intermediate container 524f245e9746\n","stderr":"The command '/bin/sh -c cd /app/opt && poetry install' returned a non-zero code: 1\n"},"endTime":1672575668240}