{"repository":"https://github.com/v0idp/mellow","dockerfilePath":"Dockerfile","startTime":1672554280046,"clone":{"stdout":"","stderr":"Cloning into '/tmp/dinghy-analysis/v0idp/mellow'...\n","error":null,"commit":"8c1b9f8f1bfc2a4f3eae5b15fb57fb2941dbb22a"},"originalBuild":{"startTimestamp":1672554280988,"endTimestamp":1672554450508,"error":{"code":1,"killed":false,"signal":null,"cmd":"docker build --no-cache --force-rm -t mellow:latest -f /tmp/dinghy-analysis/v0idp/mellow/Dockerfile ."},"stdout":"Sending build context to Docker daemon  797.7kB\r\r\nStep 1/12 : FROM node:lts\nlts: Pulling from library/node\n32de3c850997: Already exists\nfa1d4c8d85a4: Already exists\nc796299bbbdd: Already exists\n81283a9569ad: Already exists\n60b38700e7fb: Already exists\n9537c7a3988e: Already exists\nfd36cab452a2: Pulling fs layer\n2d0da1e46288: Pulling fs layer\n1815baed2c16: Pulling fs layer\n1815baed2c16: Download complete\n2d0da1e46288: Verifying Checksum\n2d0da1e46288: Download complete\nfd36cab452a2: Verifying Checksum\nfd36cab452a2: Download complete\nfd36cab452a2: Pull complete\n2d0da1e46288: Pull complete\n1815baed2c16: Pull complete\nDigest: sha256:e9ad817b0d42b4d177a4bef8a0aff97c352468a008c3fdb2b4a82533425480df\nStatus: Downloaded newer image for node:lts\n ---> 7b2a09676e2c\nStep 2/12 : LABEL maintainer=\"void* <voidp@protonmail.com>\"\n ---> Running in a7228aa3ba15\nRemoving intermediate container a7228aa3ba15\n ---> c7f0d2d63463\nStep 3/12 : USER root\n ---> Running in 4550405d16be\nRemoving intermediate container 4550405d16be\n ---> cf4384b3e258\nStep 4/12 : ENV APP /usr/src/app\n ---> Running in 732c6315dff4\nRemoving intermediate container 732c6315dff4\n ---> d3b51fa8e05d\nStep 5/12 : RUN npm install pm2 -g\n ---> Running in 54360ae6d557\n\u001b[91mnpm WARN deprecated uuid@3.4.0: Please upgrade  to version 7 or higher.  Older versions may use Math.random() in certain circumstances, which is known to be problematic.  See https://v8.dev/blog/math-random for details.\n\u001b[0m\nadded 184 packages, and audited 185 packages in 13s\n\n12 packages are looking for funding\n  run `npm fund` for details\n\nfound 0 vulnerabilities\n\u001b[91mnpm notice \nnpm notice\u001b[0m\u001b[91m New major version of npm available! 8.19.2 -> 9.2.0\nnpm notice Changelog: <https://github.com/npm/cli/releases/tag/v9.2.0>\n\u001b[0m\u001b[91mnpm \u001b[0m\u001b[91mnotice\u001b[0m\u001b[91m Run `npm install -g npm@9.2.0` to update!\nnpm notice\u001b[0m\u001b[91m \n\u001b[0mRemoving intermediate container 54360ae6d557\n ---> e872cb061692\nStep 6/12 : COPY package.json /tmp/package.json\n ---> 37b94d805f9e\nStep 7/12 : RUN cd /tmp && npm install --loglevel=warn   && mkdir -p $APP   && mv /tmp/node_modules $APP\n ---> Running in 53e2bbe52082\n\u001b[91mnpm WARN \u001b[0m\u001b[91mdeprecated har-validator@5.1.5: this library is no longer supported\n\u001b[0m\u001b[91mnpm\u001b[0m\u001b[91m WARN\u001b[0m\u001b[91m deprecated querystring@0.2.0: The querystring API is considered Legacy. new code should use the URLSearchParams API instead.\n\u001b[0m\u001b[91mnpm WARN deprecated uuid@3.4.0: Please upgrade  to version 7 or higher.  Older versions may use Math.random() in certain circumstances, which is known to be problematic.  See https://v8.dev/blog/math-random for details.\n\u001b[0m\u001b[91mnpm WARN deprecated request@2.88.2: request has been deprecated, see https://github.com/request/request/issues/3142\n\u001b[0m\u001b[91mnpm WARN deprecated node-pre-gyp@0.11.0: Please upgrade to @mapbox/node-pre-gyp: the non-scoped node-pre-gyp package is deprecated and only the @mapbox scoped package will recieve updates in the future\n\u001b[0m\u001b[91mnpm WARN deprecated snekfetch@3.6.4: use node-fetch instead\n\u001b[0m\u001b[91mnpm WARN deprecated discord.js@11.6.4: no longer supported\n\u001b[0m\u001b[91mnpm WARN deprecated @discordjs/uws@10.149.0: Package no longer supported. Contact Support at https://www.npmjs.com/support for more info.\n\u001b[0m\u001b[91mnpm ERR! \u001b[0m\u001b[91mcode 1\n\u001b[0m\u001b[91mnpm ERR! path /tmp/node_modules/sqlite3\n\u001b[0m\u001b[91mnpm ERR! command failed\nnpm ERR! command sh -c -- node-pre-gyp install --fallback-to-build\n\u001b[0m\u001b[91mnpm ERR! make: Entering directory '/tmp/node_modules/sqlite3/build'\nnpm ERR!   ACTION deps_sqlite3_gyp_action_before_build_target_unpack_sqlite_dep Release/obj/gen/sqlite-autoconf-3310100/sqlite3.c\nnpm ERR! make: Leaving directory '/tmp/node_modules/sqlite3/build'\nnpm ERR! Failed to execute '/usr/local/bin/node /usr/local/lib/node_modules/npm/node_modules/node-gyp/bin/node-gyp.js build --fallback-to-build --module=/tmp/node_modules/sqlite3/lib/binding/node-v108-linux-x64/node_sqlite3.node --module_name=node_sqlite3 --module_path=/tmp/node_modules/sqlite3/lib/binding/node-v108-linux-x64 --napi_version=8 --node_abi_napi=napi --napi_build_version=0 --node_napi_label=node-v108' (1)\n\u001b[0m\u001b[91mnpm ERR! node-pre-gyp WARN Using request for node-pre-gyp https download \nnpm ERR!\u001b[0m\u001b[91m node-pre-gyp WARN Tried to download(403): https://mapbox-node-binary.s3.amazonaws.com/sqlite3/v4.2.0/node-v108-linux-x64.tar.gz \n\u001b[0m\u001b[91mnpm \u001b[0m\u001b[91mERR!\u001b[0m\u001b[91m node-pre-gyp WARN Pre-built binaries not found for sqlite3@4.2.0 and node@18.12.1 (node-v108 ABI, glibc) (falling back to source compile with node-gyp) \n\u001b[0m\u001b[91mnpm ERR!\u001b[0m\u001b[91m /bin/sh: 1: python: not found\nnpm \u001b[0m\u001b[91mERR! make: *** [deps/action_before_build.target.mk:13: Release/obj/gen/sqlite-autoconf-3310100/sqlite3.c] Error 127\nnpm\u001b[0m\u001b[91m ERR! gyp ERR! build error \nnpm \u001b[0m\u001b[91mERR! gyp ERR! stack Error: `make` failed with exit code: 2\nnpm \u001b[0m\u001b[91mERR! gyp ERR! stack     at ChildProcess.onExit (/usr/local/lib/node_modules/npm/node_modules/node-gyp/lib/build.js:201:23)\nnpm \u001b[0m\u001b[91mERR! gyp ERR! stack     at ChildProcess.emit (node:events:513:28)\nnpm ERR! gyp ERR! stack     at ChildProcess._handle.onexit (node:internal/child_process:291:12)\n\u001b[0m\u001b[91mnpm ERR!\u001b[0m\u001b[91m gyp ERR! System Linux 5.4.0-113-generic\nnpm\u001b[0m\u001b[91m ERR! gyp ERR! command \"/usr/local/bin/node\" \"/usr/local/lib/node_modules/npm/node_modules/node-gyp/bin/node-gyp.js\" \"build\" \"--fallback-to-build\" \"--module=/tmp/node_modules/sqlite3/lib/binding/node-v108-linux-x64/node_sqlite3.node\" \"--module_name=node_sqlite3\" \"--module_path=/tmp/node_modules/sqlite3/lib/binding/node-v108-linux-x64\" \"--napi_version=8\" \"--node_abi_napi=napi\" \"--napi_build_version=0\" \"--node_napi_label=node-v108\"\nnpm ERR! gyp ERR! cwd /tmp/node_modules/sqlite3\n\u001b[0m\u001b[91mnpm ERR!\u001b[0m\u001b[91m gyp ERR! node -v v18.12.1\nnpm ERR!\u001b[0m\u001b[91m gyp ERR! node-gyp -v v9.1.0\nnpm\u001b[0m\u001b[91m ERR!\u001b[0m\u001b[91m gyp ERR! not ok \nnpm ERR! node-pre-gyp ERR! build error \nnpm ERR! node-pre-gyp ERR! stack Error: Failed to execute '/usr/local/bin/node /usr/local/lib/node_modules/npm/node_modules/node-gyp/bin/node-gyp.js build --fallback-to-build --module=/tmp/node_modules/sqlite3/lib/binding/node-v108-linux-x64/node_sqlite3.node --module_name=node_sqlite3 --module_path=/tmp/node_modules/sqlite3/lib/binding/node-v108-linux-x64 --napi_version=8 --node_abi_napi=napi --napi_build_version=0 --node_napi_label=node-v108' (1)\nnpm \u001b[0m\u001b[91mERR!\u001b[0m\u001b[91m node-pre-gyp ERR! stack     at ChildProcess.<anonymous> (/tmp/node_modules/node-pre-gyp/lib/util/compile.js:83:29)\nnpm ERR!\u001b[0m\u001b[91m node-pre-gyp ERR! stack     at ChildProcess.emit (node:events:513:28)\n\u001b[0m\u001b[91mnpm \u001b[0m\u001b[91mERR!\u001b[0m\u001b[91m node-pre-gyp ERR! stack     at maybeClose (node:internal/child_process:1091:16)\nnpm\u001b[0m\u001b[91m ERR! node-pre-gyp ERR! stack     at ChildProcess._handle.onexit (node:internal/child_process:302:5)\nnpm ERR! node-pre-gyp ERR! System Linux 5.4.0-113-generic\nnpm ERR!\u001b[0m\u001b[91m node-pre-gyp ERR! command \"/usr/local/bin/node\" \"/tmp/node_modules/.bin/node-pre-gyp\" \"install\" \"--fallback-to-build\"\nnpm ERR!\u001b[0m\u001b[91m node-pre-gyp ERR! cwd /tmp/node_modules/sqlite3\nnpm \u001b[0m\u001b[91mERR! node-pre-gyp ERR! node -v v18.12.1\nnpm\u001b[0m\u001b[91m ERR!\u001b[0m\u001b[91m node-pre-gyp ERR! node-pre-gyp -v v0.11.0\nnpm \u001b[0m\u001b[91mERR! node-pre-gyp ERR! not ok\n\u001b[0m\u001b[91m\n\u001b[0m\u001b[91mnpm ERR! A complete log of this run can be found in:\nnpm ERR!     /root/.npm/_logs/2023-01-01T06_26_08_024Z-debug-0.log\n\u001b[0mRemoving intermediate container 53e2bbe52082\n","stderr":"The command '/bin/sh -c cd /tmp && npm install --loglevel=warn   && mkdir -p $APP   && mv /tmp/node_modules $APP' returned a non-zero code: 1\n"},"endTime":1672554450614}