{"repository":"https://github.com/oasisdex/oasis-borrow","dockerfilePath":"Dockerfile","startTime":1672710375902,"clone":{"stdout":"","stderr":"Cloning into '/tmp/dinghy-analysis/oasisdex/oasis-borrow'...\n","error":null,"commit":"9291597de66d4681f5ad7d8c6d53147095185152"},"originalBuild":{"startTimestamp":1672710381186,"endTimestamp":1672711347094,"error":{"code":1,"killed":false,"signal":null,"cmd":"docker build --no-cache --force-rm -t oasis-borrow:latest -f /tmp/dinghy-analysis/oasisdex/oasis-borrow/Dockerfile ."},"stdout":"Sending build context to Docker daemon  91.84MB\r\r\nStep 1/29 : FROM node:16.13.2\n16.13.2: Pulling from library/node\na024302f8a01: Pulling fs layer\n289773030fdc: Pulling fs layer\n81bb8b3399fe: Pulling fs layer\n9c63da771697: Pulling fs layer\nbcf1b23b1e4b: Pulling fs layer\n53a5e10666cb: Pulling fs layer\n32143206e3f8: Pulling fs layer\n72ad9aab2e11: Pulling fs layer\n18175fdf07cd: Pulling fs layer\nbcf1b23b1e4b: Waiting\n18175fdf07cd: Waiting\n72ad9aab2e11: Waiting\n32143206e3f8: Waiting\n9c63da771697: Waiting\n289773030fdc: Verifying Checksum\n289773030fdc: Download complete\n81bb8b3399fe: Verifying Checksum\n81bb8b3399fe: Download complete\na024302f8a01: Verifying Checksum\na024302f8a01: Download complete\n53a5e10666cb: Download complete\n9c63da771697: Verifying Checksum\n9c63da771697: Download complete\n32143206e3f8: Verifying Checksum\n32143206e3f8: Download complete\n72ad9aab2e11: Verifying Checksum\n72ad9aab2e11: Download complete\n18175fdf07cd: Verifying Checksum\n18175fdf07cd: Download complete\nbcf1b23b1e4b: Verifying Checksum\nbcf1b23b1e4b: Download complete\na024302f8a01: Pull complete\n289773030fdc: Pull complete\n81bb8b3399fe: Pull complete\n9c63da771697: Pull complete\nbcf1b23b1e4b: Pull complete\n53a5e10666cb: Pull complete\n32143206e3f8: Pull complete\n72ad9aab2e11: Pull complete\n18175fdf07cd: Pull complete\nDigest: sha256:2033f4cc18f9d8b5d0baa7f276aaeffd202e1a2c6fe9af408af05a34fe68cbfb\nStatus: Downloaded newer image for node:16.13.2\n ---> 304de6a23023\nStep 2/29 : EXPOSE 3000\n ---> Running in efa9a73f5d7a\nRemoving intermediate container efa9a73f5d7a\n ---> bcc4bce634e8\nStep 3/29 : COPY package.json /usr/src/app/package.json\n ---> d511f7c4b19e\nStep 4/29 : COPY yarn.lock /usr/src/app/yarn.lock\n ---> f210bc2e7edf\nStep 5/29 : COPY ./server/ /usr/src/app/server\n ---> bea2b5904bb2\nStep 6/29 : WORKDIR /usr/src/app\n ---> Running in fc2818b30142\nRemoving intermediate container fc2818b30142\n ---> 4b19586c478c\nStep 7/29 : RUN apt update && apt-get install -y libudev-dev && apt-get install libusb-1.0-0\n ---> Running in 4bc64e40fb92\n\u001b[91m\nWARNING: apt does not have a stable CLI interface. Use with caution in scripts.\n\n\u001b[0mGet:1 http://deb.debian.org/debian buster InRelease [122 kB]\nGet:2 http://security.debian.org/debian-security buster/updates InRelease [34.8 kB]\nGet:3 http://deb.debian.org/debian buster-updates InRelease [56.6 kB]\nGet:4 http://security.debian.org/debian-security buster/updates/main amd64 Packages [422 kB]\nGet:5 http://deb.debian.org/debian buster/main amd64 Packages [7909 kB]\nGet:6 http://deb.debian.org/debian buster-updates/main amd64 Packages [8788 B]\nFetched 8553 kB in 2s (4321 kB/s)\nReading package lists...\nBuilding dependency tree...\nReading state information...\n114 packages can be upgraded. Run 'apt list --upgradable' to see them.\nReading package lists...\nBuilding dependency tree...\nReading state information...\nThe following NEW packages will be installed:\n  libudev-dev\n0 upgraded, 1 newly installed, 0 to remove and 114 not upgraded.\nNeed to get 110 kB of archives.\nAfter this operation, 202 kB of additional disk space will be used.\nGet:1 http://deb.debian.org/debian buster/main amd64 libudev-dev amd64 241-7~deb10u8 [110 kB]\n\u001b[91mdebconf: delaying package configuration, since apt-utils is not installed\n\u001b[0mFetched 110 kB in 0s (7075 kB/s)\nSelecting previously unselected package libudev-dev:amd64.\r\n(Reading database ... \r(Reading database ... 5%\r(Reading database ... 10%\r(Reading database ... 15%\r(Reading database ... 20%\r(Reading database ... 25%\r(Reading database ... 30%\r(Reading database ... 35%\r(Reading database ... 40%\r(Reading database ... 45%\r(Reading database ... 50%\r(Reading database ... 55%\r(Reading database ... 60%\r(Reading database ... 65%\r(Reading database ... 70%\r(Reading database ... 75%\r(Reading database ... 80%\r(Reading database ... 85%\r(Reading database ... 90%\r(Reading database ... 95%\r(Reading database ... 100%\r(Reading database ... 23987 files and directories currently installed.)\r\nPreparing to unpack .../libudev-dev_241-7~deb10u8_amd64.deb ...\r\nUnpacking libudev-dev:amd64 (241-7~deb10u8) ...\r\nSetting up libudev-dev:amd64 (241-7~deb10u8) ...\r\nReading package lists...\nBuilding dependency tree...\nReading state information...\nThe following NEW packages will be installed:\n  libusb-1.0-0\n0 upgraded, 1 newly installed, 0 to remove and 114 not upgraded.\nNeed to get 55.3 kB of archives.\nAfter this operation, 136 kB of additional disk space will be used.\nGet:1 http://deb.debian.org/debian buster/main amd64 libusb-1.0-0 amd64 2:1.0.22-2 [55.3 kB]\n\u001b[91mdebconf: delaying package configuration, since apt-utils is not installed\n\u001b[0mFetched 55.3 kB in 0s (4963 kB/s)\nSelecting previously unselected package libusb-1.0-0:amd64.\r\n(Reading database ... \r(Reading database ... 5%\r(Reading database ... 10%\r(Reading database ... 15%\r(Reading database ... 20%\r(Reading database ... 25%\r(Reading database ... 30%\r(Reading database ... 35%\r(Reading database ... 40%\r(Reading database ... 45%\r(Reading database ... 50%\r(Reading database ... 55%\r(Reading database ... 60%\r(Reading database ... 65%\r(Reading database ... 70%\r(Reading database ... 75%\r(Reading database ... 80%\r(Reading database ... 85%\r(Reading database ... 90%\r(Reading database ... 95%\r(Reading database ... 100%\r(Reading database ... 24060 files and directories currently installed.)\r\nPreparing to unpack .../libusb-1.0-0_2%3a1.0.22-2_amd64.deb ...\r\nUnpacking libusb-1.0-0:amd64 (2:1.0.22-2) ...\r\nSetting up libusb-1.0-0:amd64 (2:1.0.22-2) ...\r\nProcessing triggers for libc-bin (2.28-10) ...\r\nRemoving intermediate container 4bc64e40fb92\n ---> b269a5fbadff\nStep 8/29 : RUN yarn --no-progress --non-interactive --frozen-lockfile\n ---> Running in de74dfdb5a5f\nyarn install v1.22.15\n[1/5] Validating package.json...\n[2/5] Resolving packages...\n[3/5] Fetching packages...\n\u001b[91mwarning Pattern [\"ethereumjs-abi@git+https://github.com/ethereumjs/ethereumjs-abi.git\"] is trying to unpack in the same destination \"/usr/local/share/.cache/yarn/v6/npm-ethereumjs-abi-0.6.8-1cfbb13862f90f0b391d8a699544d5fe4dfb8c7b/node_modules/ethereumjs-abi\" as pattern [\"ethereumjs-abi@0.6.8\",\"ethereumjs-abi@^0.6.8\",\"ethereumjs-abi@0.6.8\"]. This could result in non-deterministic behavior, skipping.\n\u001b[0m\u001b[91mwarning mini-css-extract-plugin@0.4.3: Invalid bin field for \"mini-css-extract-plugin\".\n\u001b[0minfo fsevents@2.3.2: The platform \"linux\" is incompatible with this module.\ninfo \"fsevents@2.3.2\" is an optional dependency and failed compatibility check. Excluding it from installation.\ninfo @next/swc-android-arm64@12.1.0: The platform \"linux\" is incompatible with this module.\ninfo \"@next/swc-android-arm64@12.1.0\" is an optional dependency and failed compatibility check. Excluding it from installation.\ninfo @next/swc-android-arm64@12.1.0: The CPU architecture \"x64\" is incompatible with this module.\ninfo @next/swc-darwin-arm64@12.1.0: The platform \"linux\" is incompatible with this module.\ninfo \"@next/swc-darwin-arm64@12.1.0\" is an optional dependency and failed compatibility check. Excluding it from installation.\ninfo @next/swc-darwin-arm64@12.1.0: The CPU architecture \"x64\" is incompatible with this module.\ninfo @next/swc-darwin-x64@12.1.0: The platform \"linux\" is incompatible with this module.\ninfo \"@next/swc-darwin-x64@12.1.0\" is an optional dependency and failed compatibility check. Excluding it from installation.\ninfo @next/swc-linux-arm-gnueabihf@12.1.0: The CPU architecture \"x64\" is incompatible with this module.\ninfo \"@next/swc-linux-arm-gnueabihf@12.1.0\" is an optional dependency and failed compatibility check. Excluding it from installation.\ninfo @next/swc-linux-arm64-gnu@12.1.0: The CPU architecture \"x64\" is incompatible with this module.\ninfo \"@next/swc-linux-arm64-gnu@12.1.0\" is an optional dependency and failed compatibility check. Excluding it from installation.\ninfo @next/swc-linux-arm64-musl@12.1.0: The CPU architecture \"x64\" is incompatible with this module.\ninfo \"@next/swc-linux-arm64-musl@12.1.0\" is an optional dependency and failed compatibility check. Excluding it from installation.\ninfo @next/swc-win32-arm64-msvc@12.1.0: The platform \"linux\" is incompatible with this module.\ninfo \"@next/swc-win32-arm64-msvc@12.1.0\" is an optional dependency and failed compatibility check. Excluding it from installation.\ninfo @next/swc-win32-arm64-msvc@12.1.0: The CPU architecture \"x64\" is incompatible with this module.\ninfo @next/swc-win32-ia32-msvc@12.1.0: The platform \"linux\" is incompatible with this module.\ninfo \"@next/swc-win32-ia32-msvc@12.1.0\" is an optional dependency and failed compatibility check. Excluding it from installation.\ninfo @next/swc-win32-ia32-msvc@12.1.0: The CPU architecture \"x64\" is incompatible with this module.\ninfo @next/swc-win32-x64-msvc@12.1.0: The platform \"linux\" is incompatible with this module.\ninfo \"@next/swc-win32-x64-msvc@12.1.0\" is an optional dependency and failed compatibility check. Excluding it from installation.\ninfo fsevents@2.1.3: The platform \"linux\" is incompatible with this module.\ninfo \"fsevents@2.1.3\" is an optional dependency and failed compatibility check. Excluding it from installation.\n[4/5] Linking dependencies...\n\u001b[91mwarning \" > @makerdao/dai-ui-icons@0.0.59\" has incorrect peer dependency \"react@^16.13.1\".\n\u001b[0m\u001b[91mwarning \" > @makerdao/dai-ui-icons@0.0.59\" has incorrect peer dependency \"react-dom@^16.13.1\".\n\u001b[0m\u001b[91mwarning \" > @makerdao/dai-ui-icons@0.0.59\" has incorrect peer dependency \"theme-ui@^0.4.0-alpha.0\".\n\u001b[0m\u001b[91mwarning \" > @makerdao/dai-ui-icons-branding@0.0.66\" has incorrect peer dependency \"react@^16.13.1\".\n\u001b[0m\u001b[91mwarning \" > @makerdao/dai-ui-icons-branding@0.0.66\" has incorrect peer dependency \"react-dom@^16.13.1\".\n\u001b[0m\u001b[91mwarning \" > @makerdao/dai-ui-icons-branding@0.0.66\" has incorrect peer dependency \"theme-ui@^0.4.0-alpha.0\".\n\u001b[0m\u001b[91mwarning \"@mdx-js/loader > @mdx-js/react@1.6.19\" has incorrect peer dependency \"react@^16.13.1\".\n\u001b[0m\u001b[91mwarning \" > @mdx-js/runtime@1.6.19\" has incorrect peer dependency \"react@^16.13.1\".\n\u001b[0m\u001b[91mwarning \" > @next/mdx@12.0.4\" has unmet peer dependency \"@mdx-js/react@*\".\n\u001b[0m\u001b[91mwarning \"@oasisdex/web3-context > @web3-react/walletconnect-connector > @walletconnect/web3-provider > web3-provider-engine > eth-block-tracker > @babel/plugin-transform-runtime@7.9.0\" has unmet peer dependency \"@babel/core@^7.0.0-0\".\n\u001b[0m\u001b[91mwarning \" > @theme-ui/style-guide@0.3.5\" has unmet peer dependency \"@emotion/core@^10.0.10\".\n\u001b[0m\u001b[91mwarning \" > @theme-ui/style-guide@0.3.5\" has incorrect peer dependency \"react@^16.8.6\".\n\u001b[0m\u001b[91mwarning \" > @uniswap/widgets@1.0.6\" has unmet peer dependency \"@babel/runtime@^7.17.0\".\n\u001b[0m\u001b[91mwarning \" > @uniswap/widgets@1.0.6\" has unmet peer dependency \"redux@^4.1.2\".\n\u001b[0m\u001b[91mwarning \"@uniswap/widgets > @uniswap/redux-multicall@1.1.1\" has unmet peer dependency \"@ethersproject/abi@5\".\nwarning \"@uniswap/widgets > @uniswap/redux-multicall@1.1.1\" has unmet peer dependency \"@ethersproject/bignumber@5\".\n\u001b[0m\u001b[91mwarning \"@uniswap/widgets > @uniswap/redux-multicall@1.1.1\" has unmet peer dependency \"@ethersproject/contracts@5\".\n\u001b[0m\u001b[91mwarning \"@uniswap/widgets > styled-components@5.3.3\" has unmet peer dependency \"react-is@>= 16.8.0\".\n\u001b[0m\u001b[91mwarning \"@uniswap/widgets > rebass > reflexbox@4.0.6\" has incorrect peer dependency \"react@^16.8.6\".\n\u001b[0m\u001b[91mwarning \"@uniswap/widgets > @web3-react/core > zustand > use-sync-external-store@1.0.0-rc.1-next-629036a9c-20220224\" has incorrect peer dependency \"react@18.0.0-rc.1-next-629036a9c-20220224\".\n\u001b[0m\u001b[91mwarning \" > @zeit/next-sass@1.0.1\" has unmet peer dependency \"node-sass@^4.7.2\".\nwarning \"@zeit/next-sass > sass-loader@6.0.6\" has unmet peer dependency \"node-sass@^4.0.0\".\n\u001b[0m\u001b[91mwarning \"@zeit/next-sass > @zeit/next-css > css-loader@1.0.0\" has incorrect peer dependency \"webpack@^4.0.0\".\n\u001b[0m\u001b[91mwarning \"@zeit/next-sass > @zeit/next-css > mini-css-extract-plugin@0.4.3\" has incorrect peer dependency \"webpack@^4.4.0\".\n\u001b[0m\u001b[91mwarning \" > next@12.1.0\" has incorrect peer dependency \"react@^17.0.2 || ^18.0.0-0\".\n\u001b[0m\u001b[91mwarning \" > next@12.1.0\" has incorrect peer dependency \"react-dom@^17.0.2 || ^18.0.0-0\".\n\u001b[0m\u001b[91mwarning \"next-pwa > babel-loader@8.2.4\" has unmet peer dependency \"@babel/core@^7.0.0\".\n\u001b[0m\u001b[91mwarning \" > react-countdown-circle-timer@2.5.1\" has unmet peer dependency \"prop-types@>=15.7.0\".\n\u001b[0m\u001b[91mwarning \" > react-lottie@1.2.3\" has incorrect peer dependency \"react@^0.14.7 || ^15.0.0 || ^16.0.0\".\n\u001b[0m\u001b[91mwarning \" > react-select@3.1.0\" has incorrect peer dependency \"react@^16.8.0\".\n\u001b[0m\u001b[91mwarning \" > react-select@3.1.0\" has incorrect peer dependency \"react-dom@^16.8.0\".\n\u001b[0m\u001b[91mwarning \"react-select > react-input-autosize@2.2.2\" has incorrect peer dependency \"react@^0.14.9 || ^15.3.0 || ^16.0.0-rc || ^16.0\".\n\u001b[0m\u001b[91mwarning \" > react-text-mask@5.4.3\" has incorrect peer dependency \"react@^0.14.0 || ^15.0.0 || ^16.0.0\".\n\u001b[0m\u001b[91mwarning \"snowflake-sdk > asn1.js-rfc2560@5.0.1\" has unmet peer dependency \"asn1.js@^5.0.0\".\n\u001b[0m\u001b[91mwarning \" > storybook-addon-next-router@3.1.1\" has unmet peer dependency \"@storybook/addon-actions@^6.0.0\".\nwarning \" > storybook-addon-next-router@3.1.1\" has unmet peer dependency \"@storybook/addons@^6.0.0\".\n\u001b[0m\u001b[91mwarning \" > storybook-addon-next-router@3.1.1\" has unmet peer dependency \"@storybook/client-api@^6.0.0\".\n\u001b[0m\u001b[91mwarning \"theme-ui > @theme-ui/color-modes@0.3.1\" has incorrect peer dependency \"react@^16.11.0\".\n\u001b[0m\u001b[91mwarning \"theme-ui > @theme-ui/components@0.3.1\" has incorrect peer dependency \"react@^16.8.0\".\n\u001b[0m\u001b[91mwarning \"theme-ui > @theme-ui/core@0.3.1\" has incorrect peer dependency \"react@^16.11.0\".\n\u001b[0m\u001b[91mwarning \"theme-ui > @theme-ui/mdx@0.3.0\" has incorrect peer dependency \"react@^16.11.0\".\n\u001b[0m\u001b[91mwarning \"theme-ui > @theme-ui/mdx > @mdx-js/react@1.5.8\" has incorrect peer dependency \"react@^16.9.0\".\n\u001b[0m\u001b[91mwarning \" > @babel/plugin-proposal-class-properties@7.17.12\" has unmet peer dependency \"@babel/core@^7.0.0-0\".\n\u001b[0m\u001b[91mwarning \"@babel/plugin-proposal-class-properties > @babel/helper-create-class-features-plugin@7.17.12\" has unmet peer dependency \"@babel/core@^7.0.0\".\n\u001b[0m\u001b[91mwarning \" > @storybook/addon-essentials@6.4.22\" has unmet peer dependency \"@babel/core@^7.9.6\".\n\u001b[0m\u001b[91mwarning \"@storybook/addon-essentials > @storybook/addon-actions > react-inspector@5.1.0\" has incorrect peer dependency \"react@^16.8.4\".\n\u001b[0m\u001b[91mwarning \"@storybook/addon-essentials > @storybook/addon-docs > @storybook/builder-webpack4 > webpack-filter-warnings-plugin@1.2.1\" has incorrect peer dependency \"webpack@^2.0.0 || ^3.0.0 || ^4.0.0\".\n\u001b[0m\u001b[91mwarning \"@storybook/react > @babel/preset-flow@7.12.13\" has unmet peer dependency \"@babel/core@^7.0.0-0\".\n\u001b[0m\u001b[91mwarning \"@storybook/react > babel-plugin-named-asset-import@0.3.7\" has unmet peer dependency \"@babel/core@^7.1.0\".\nwarning \"@storybook/react > @babel/preset-flow > @babel/plugin-transform-flow-strip-types@7.13.0\" has unmet peer dependency \"@babel/core@^7.0.0-0\".\n\u001b[0m\u001b[91mwarning \"@xstate/cli > @xstate/tools-shared@1.2.3\" has incorrect peer dependency \"prettier@^2.3.1\".\n\u001b[0m\u001b[91mwarning \" > @xstate/inspect@0.7.0\" has unmet peer dependency \"ws@^8.0.0\".\n\u001b[0m\u001b[91mwarning \" > babel-loader@8.1.0\" has unmet peer dependency \"@babel/core@^7.0.0\".\n\u001b[0m\u001b[91mwarning \" > enzyme-adapter-react-16@1.15.6\" has incorrect peer dependency \"react@^16.0.0-0\".\n\u001b[0m\u001b[91mwarning \" > enzyme-adapter-react-16@1.15.6\" has incorrect peer dependency \"react-dom@^16.0.0-0\".\n\u001b[0m\u001b[91mwarning \"enzyme-adapter-react-16 > enzyme-adapter-utils@1.14.0\" has incorrect peer dependency \"react@0.13.x || 0.14.x || ^15.0.0-0 || ^16.0.0-0\".\n\u001b[0m\u001b[91mwarning \"enzyme-adapter-react-16 > react-test-renderer@16.14.0\" has incorrect peer dependency \"react@^16.14.0\".\n\u001b[0m\u001b[91mwarning \"enzyme-adapter-react-16 > enzyme-adapter-utils > airbnb-prop-types@2.16.0\" has incorrect peer dependency \"react@^0.14 || ^15.0.0 || ^16.0.0-alpha\".\n\u001b[0m\u001b[91mwarning \" > eslint-config-typestrict@1.0.0\" has incorrect peer dependency \"@typescript-eslint/eslint-plugin@^2.25.0\".\n\u001b[0m\u001b[91mwarning \" > eslint-plugin-sonarjs@0.5.0\" has incorrect peer dependency \"eslint@^3.0.0 || ^4.0.0 || ^5.0.0 || ^6.0.0\".\n\u001b[0m\u001b[91mwarning \"eslint-plugin-unused-imports > @typescript-eslint/eslint-plugin@2.30.0\" has incorrect peer dependency \"@typescript-eslint/parser@^2.0.0\".\n\u001b[0m\u001b[91mwarning \" > react-i18next@11.16.2\" has unmet peer dependency \"i18next@>= 19.0.0\".\n\u001b[0m\u001b[91mwarning \" > storybook-xstate-addon@2.3.1\" has unmet peer dependency \"@storybook/addons@>=6.4.19 <7\".\nwarning \" > storybook-xstate-addon@2.3.1\" has unmet peer dependency \"@storybook/api@>=6.4.19 <7\".\n\u001b[0m\u001b[91mwarning \" > storybook-xstate-addon@2.3.1\" has unmet peer dependency \"@storybook/components@>=6.4.19 <7\".\nwarning \" > storybook-xstate-addon@2.3.1\" has unmet peer dependency \"@storybook/core-events@>=6.4.19 <7\".\n\u001b[0m\u001b[91mwarning \" > storybook-xstate-addon@2.3.1\" has unmet peer dependency \"@storybook/theming@>=6.4.19 <7\".\n\u001b[0m\u001b[91mwarning \" > storybook-xstate-addon@2.3.1\" has unmet peer dependency \"storybook@>=6.4.19 <7\".\n\u001b[0m\u001b[91mwarning \"wrtc@0.4.7\" is missing a bundled dependency \"node-pre-gyp\". This should be reported to the package maintainer.\n\u001b[0m[5/5] Building fresh packages...\ninfo This module is OPTIONAL, you can safely ignore this error\n\u001b[91mwarning Error running install script for optional dependency: \"/usr/src/app/node_modules/node-hid: Command failed.\nExit code: 1\nCommand: prebuild-install || node-gyp rebuild\nArguments: \nDirectory: /usr/src/app/node_modules/node-hid\nOutput:\nprebuild-install WARN install No prebuilt binaries found (target=16.13.2 runtime=node arch=x64 libc= platform=linux)\ngyp info it worked if it ends with ok\ngyp info using node-gyp@8.3.0\ngyp info using node@16.13.2 | linux | x64\ngyp info find Python using Python version 3.7.3 found at \\\"/usr/bin/python3\\\"\ngyp info spawn /usr/bin/python3\ngyp info spawn args [\ngyp info spawn args   '/usr/local/lib/node_modules/npm/node_modules/node-gyp/gyp/gyp_main.py',\ngyp info spawn args   'binding.gyp',\ngyp info spawn args   '-f',\ngyp info spawn args   'make',\ngyp info spawn args   '-I',\ngyp info spawn args   '/usr/src/app/node_modules/node-hid/build/config.gypi',\ngyp info spawn args   '-I',\ngyp info spawn args   '/usr/local/lib/node_modules/npm/node_modules/node-gyp/addon.gypi',\ngyp info spawn args   '-I',\ngyp info spawn args   '/root/.cache/node-gyp/16.13.2/include/node/common.gypi',\ngyp info spawn args   '-Dlibrary=shared_library',\ngyp info spawn args   '-Dvisibility=default',\ngyp info spawn args   '-Dnode_root_dir=/root/.cache/node-gyp/16.13.2',\ngyp info spawn args   '-Dnode_gyp_dir=/usr/local/lib/node_modules/npm/node_modules/node-gyp',\ngyp info spawn args   '-Dnode_lib_file=/root/.cache/node-gyp/16.13.2/<(target_arch)/node.lib',\ngyp info spawn args   '-Dmodule_root_dir=/usr/src/app/node_modules/node-hid',\ngyp info spawn args   '-Dnode_engine=v8',\ngyp info spawn args   '--depth=.',\ngyp info spawn args   '--no-parallel',\ngyp info spawn args   '--generator-output',\ngyp info spawn args   'build',\ngyp info spawn args   '-Goutput_dir=.'\ngyp info spawn args ]\ngyp info spawn make\ngyp info spawn args [ 'BUILDTYPE=Release', '-C', 'build' ]\nmake: Entering directory '/usr/src/app/node_modules/node-hid/build'\n  CC(target) Release/obj.target/hidapi-linux-hidraw/hidapi/linux/hid.o\n  AR(target) Release/obj.target/hidapi-linux-hidraw.a\n  COPY Release/hidapi-linux-hidraw.a\n  CXX(target) Release/obj.target/HID-hidraw/src/HID.o\nIn file included from ../src/HID.cc:35:\n../node_modules/nan/nan.h: In function 'void Nan::AsyncQueueWorker(Nan::AsyncWorker*)':\n../node_modules/nan/nan.h:2298:62: warning: cast between incompatible function types from 'void (*)(uv_work_t*)' {aka 'void (*)(uv_work_s*)'} to 'uv_after_work_cb' {aka 'void (*)(uv_work_s*, int)'} [-Wcast-function-type]\n     , reinterpret_cast<uv_after_work_cb>(AsyncExecuteComplete)\n                                                              ^\n../src/HID.cc: At global scope:\n../src/HID.cc:71:5: warning: dynamic exception specifications are deprecated in C++11 [-Wdeprecated]\n     throw(JSException);\n     ^~~~~\n../src/HID.cc:74:5: warning: dynamic exception specifications are deprecated in C++11 [-Wdeprecated]\n     throw(JSException);\n     ^~~~~\n../src/HID.cc:156:3: warning: dynamic exception specifications are deprecated in C++11 [-Wdeprecated]\n   throw(JSException)\n   ^~~~~\n../src/HID.cc:167:3: warning: dynamic exception specifications are deprecated in C++11 [-Wdeprecated]\n   throw(JSException)\n   ^~~~~\n../src/HID.cc: In static member function 'static Nan::NAN_METHOD_RETURN_TYPE HID::read(Nan::NAN_METHOD_ARGS_TYPE)':\n../src/HID.cc:262:70: warning: cast between incompatible function types from 'void (*)(uv_work_t*)' {aka 'void (*)(uv_work_s*)'} to 'uv_after_work_cb' {aka 'void (*)(uv_work_s*, int)'} [-Wcast-function-type]\n   uv_queue_work(uv_default_loop(), req, recvAsync, (uv_after_work_cb)recvAsyncDone);\n                                                                      ^~~~~~~~~~~~~\n../src/HID.cc: In static member function 'static void HID::Initialize(v8::Local<v8::Object>)':\n../src/HID.cc:612:16: error: cannot convert 'void (*)(void*)' to 'node::Environment*'\n   node::AtExit(deinitialize, 0);\n                ^~~~~~~~~~~~\nIn file included from ../src/HID.cc:34:\n/root/.cache/node-gyp/16.13.2/include/node/node.h:913:38: note:   initializing argument 1 of 'void node::AtExit(node::Environment*, void (*)(void*), void*)'\n NODE_EXTERN void AtExit(Environment* env,\n                         ~~~~~~~~~~~~~^~~\n../src/HID.cc: At global scope:\n/root/.cache/node-gyp/16.13.2/include/node/node.h:821:43: warning: cast between incompatible function types from 'void (*)(v8::Local<v8::Object>)' to 'node::addon_register_func' {aka 'void (*)(v8::Local<v8::Object>, v8::Local<v8::Value>, void*)'} [-Wcast-function-type]\n       (node::addon_register_func) (regfunc),                          \\\\\\n                                           ^\n/root/.cache/node-gyp/16.13.2/include/node/node.h:855:3: note: in expansion of macro 'NODE_MODULE_X'\n   NODE_MODULE_X(modname, regfunc, NULL, 0)  // NOLINT (readability/null_usage)\n   ^~~~~~~~~~~~~\n../src/HID.cc:646:3: note: in expansion of macro 'NODE_MODULE'\n   NODE_MODULE(HID, init);\n   ^~~~~~~~~~~\nmake: *** [HID-hidraw.target.mk:124: Release/obj.target/HID-hidraw/src/HID.o] Error 1\nmake: Leaving directory '/usr/src/app/node_modules/node-hid/build'\ngyp ERR! build error \ngyp ERR! stack Error: `make` failed with exit code: 2\ngyp ERR! stack     at ChildProcess.onExit (/usr/local/lib/node_modules/npm/node_modules/node-gyp/lib/build.js:194:23)\ngyp ERR! stack     at ChildProcess.emit (node:events:390:28)\ngyp ERR! stack     at Process.ChildProcess._handle.onexit (node:internal/child_process:290:12)\ngyp ERR! System Linux 5.4.0-113-generic\ngyp ERR! command \\\"/usr/local/bin/node\\\" \\\"/usr/local/lib/node_modules/npm/node_modules/node-gyp/bin/node-gyp.js\\\" \\\"rebuild\\\"\ngyp ERR! cwd /usr/src/app/node_modules/node-hid\ngyp ERR! node -v v16.13.2\ngyp ERR! node-gyp -v v8.3.0\ngyp ERR! not ok\"\n\u001b[0minfo This module is OPTIONAL, you can safely ignore this error\n\u001b[91mwarning Error running install script for optional dependency: \"/usr/src/app/node_modules/usb: Command failed.\nExit code: 1\nCommand: prebuild-install --verbose || node-gyp rebuild\nArguments: \nDirectory: /usr/src/app/node_modules/usb\nOutput:\nprebuild-install info begin Prebuild-install version 5.3.5\nprebuild-install info looking for cached prebuild @ /root/.npm/_prebuilds/994a61-usb-v1.6.3-node-v93-linux-x64.tar.gz\nprebuild-install http request GET https://github.com/tessel/node-usb/releases/download/v1.6.3/usb-v1.6.3-node-v93-linux-x64.tar.gz\nprebuild-install http 404 https://github.com/tessel/node-usb/releases/download/v1.6.3/usb-v1.6.3-node-v93-linux-x64.tar.gz\nprebuild-install WARN install No prebuilt binaries found (target=16.13.2 runtime=node arch=x64 libc= platform=linux)\ngyp info it worked if it ends with ok\ngyp info using node-gyp@8.3.0\ngyp info using node@16.13.2 | linux | x64\ngyp info find Python using Python version 3.7.3 found at \\\"/usr/bin/python3\\\"\ngyp info spawn /usr/bin/python3\ngyp info spawn args [\ngyp info spawn args   '/usr/local/lib/node_modules/npm/node_modules/node-gyp/gyp/gyp_main.py',\ngyp info spawn args   'binding.gyp',\ngyp info spawn args   '-f',\ngyp info spawn args   'make',\ngyp info spawn args   '-I',\ngyp info spawn args   '/usr/src/app/node_modules/usb/build/config.gypi',\ngyp info spawn args   '-I',\ngyp info spawn args   '/usr/local/lib/node_modules/npm/node_modules/node-gyp/addon.gypi',\ngyp info spawn args   '-I',\ngyp info spawn args   '/root/.cache/node-gyp/16.13.2/include/node/common.gypi',\ngyp info spawn args   '-Dlibrary=shared_library',\ngyp info spawn args   '-Dvisibility=default',\ngyp info spawn args   '-Dnode_root_dir=/root/.cache/node-gyp/16.13.2',\ngyp info spawn args   '-Dnode_gyp_dir=/usr/local/lib/node_modules/npm/node_modules/node-gyp',\ngyp info spawn args   '-Dnode_lib_file=/root/.cache/node-gyp/16.13.2/<(target_arch)/node.lib',\ngyp info spawn args   '-Dmodule_root_dir=/usr/src/app/node_modules/usb',\ngyp info spawn args   '-Dnode_engine=v8',\ngyp info spawn args   '--depth=.',\ngyp info spawn args   '--no-parallel',\ngyp info spawn args   '--generator-output',\ngyp info spawn args   'build',\ngyp info spawn args   '-Goutput_dir=.'\ngyp info spawn args ]\ngyp info spawn make\ngyp info spawn args [ 'BUILDTYPE=Release', '-C', 'build' ]\nmake: Entering directory '/usr/src/app/node_modules/usb/build'\n  CC(target) Release/obj.target/libusb/libusb/libusb/core.o\n  CC(target) Release/obj.target/libusb/libusb/libusb/descriptor.o\n  CC(target) Release/obj.target/libusb/libusb/libusb/hotplug.o\n  CC(target) Release/obj.target/libusb/libusb/libusb/io.o\n  CC(target) Release/obj.target/libusb/libusb/libusb/strerror.o\n  CC(target) Release/obj.target/libusb/libusb/libusb/sync.o\n  CC(target) Release/obj.target/libusb/libusb/libusb/os/poll_posix.o\n  CC(target) Release/obj.target/libusb/libusb/libusb/os/threads_posix.o\n  CC(target) Release/obj.target/libusb/libusb/libusb/os/linux_usbfs.o\n  CC(target) Release/obj.target/libusb/libusb/libusb/os/linux_udev.o\n  AR(target) Release/obj.target/usb.a\n  COPY Release/usb.a\n  CXX(target) Release/obj.target/usb_bindings/src/node_usb.o\nmake: Leaving directory '/usr/src/app/node_modules/usb/build'\nIn file included from /root/.cache/node-gyp/16.13.2/include/node/v8.h:30,\n                 from ../src/node_usb.h:12,\n                 from ../src/node_usb.cc:1:\n/root/.cache/node-gyp/16.13.2/include/node/v8-internal.h: In function 'void v8::internal::PerformCastCheck(T*)':\n/root/.cache/node-gyp/16.13.2/include/node/v8-internal.h:492:38: error: 'remove_cv_t' is not a member of 'std'\n             !std::is_same<Data, std::remove_cv_t<T>>::value>::Perform(data);\n                                      ^~~~~~~~~~~\n/root/.cache/node-gyp/16.13.2/include/node/v8-internal.h:492:38: note: suggested alternative: 'remove_cv'\n             !std::is_same<Data, std::remove_cv_t<T>>::value>::Perform(data);\n                                      ^~~~~~~~~~~\n                                      remove_cv\n/root/.cache/node-gyp/16.13.2/include/node/v8-internal.h:492:38: error: 'remove_cv_t' is not a member of 'std'\n/root/.cache/node-gyp/16.13.2/include/node/v8-internal.h:492:38: note: suggested alternative: 'remove_cv'\n             !std::is_same<Data, std::remove_cv_t<T>>::value>::Perform(data);\n                                      ^~~~~~~~~~~\n                                      remove_cv\n/root/.cache/node-gyp/16.13.2/include/node/v8-internal.h:492:50: error: template argument 2 is invalid\n             !std::is_same<Data, std::remove_cv_t<T>>::value>::Perform(data);\n                                                  ^\n/root/.cache/node-gyp/16.13.2/include/node/v8-internal.h:492:63: error: '::Perform' has not been declared\n             !std::is_same<Data, std::remove_cv_t<T>>::value>::Perform(data);\n                                                               ^~~~~~~\n/root/.cache/node-gyp/16.13.2/include/node/v8-internal.h:492:63: note: suggested alternative: 'perror'\n             !std::is_same<Data, std::remove_cv_t<T>>::value>::Perform(data);\n                                                               ^~~~~~~\n                                                               perror\nIn file included from ../src/helpers.h:3,\n                 from ../src/node_usb.h:21,\n                 from ../src/node_usb.cc:1:\n../node_modules/nan/nan.h: In function 'void Nan::AsyncQueueWorker(Nan::AsyncWorker*)':\n../node_modules/nan/nan.h:2232:62: warning: cast between incompatible function types from 'void (*)(uv_work_t*)' {aka 'void (*)(uv_work_s*)'} to 'uv_after_work_cb' {aka 'void (*)(uv_work_s*, int)'} [-Wcast-function-type]\n     , reinterpret_cast<uv_after_work_cb>(AsyncExecuteComplete)\n                                                              ^\nIn file included from ../src/node_usb.h:14,\n                 from ../src/node_usb.cc:1:\n../src/node_usb.cc: At global scope:\n/root/.cache/node-gyp/16.13.2/include/node/node.h:821:43: warning: cast between incompatible function types from 'void (*)(v8::Local<v8::Object>)' to 'node::addon_register_func' {aka 'void (*)(v8::Local<v8::Object>, v8::Local<v8::Value>, void*)'} [-Wcast-function-type]\n       (node::addon_register_func) (regfunc),                          \\\\\\n                                           ^\n/root/.cache/node-gyp/16.13.2/include/node/node.h:855:3: note: in expansion of macro 'NODE_MODULE_X'\n   NODE_MODULE_X(modname, regfunc, NULL, 0)  // NOLINT (readability/null_usage)\n   ^~~~~~~~~~~~~\n../src/node_usb.cc:95:1: note: in expansion of macro 'NODE_MODULE'\n NODE_MODULE(usb_bindings, Initialize)\n ^~~~~~~~~~~\n../src/node_usb.cc: In function 'void handleHotplug(std::pair<libusb_device*, libusb_hotplug_event>)':\n../src/node_usb.cc:151:58: warning: 'v8::Local<v8::Value> Nan::MakeCallback(v8::Local<v8::Object>, const char*, int, v8::Local<v8::Value>*)' is deprecated [-Wdeprecated-declarations]\n  Nan::MakeCallback(Nan::New(hotplugThis), \\\"emit\\\", 2, argv);\n                                                          ^\nIn file included from ../src/helpers.h:3,\n                 from ../src/node_usb.h:21,\n                 from ../src/node_usb.cc:1:\n../node_modules/nan/nan.h:1001:46: note: declared here\n   NAN_DEPRECATED inline v8::Local<v8::Value> MakeCallback(\n                                              ^~~~~~~~~~~~\n../src/node_usb.cc:151:58: warning: 'v8::Local<v8::Value> Nan::MakeCallback(v8::Local<v8::Object>, const char*, int, v8::Local<v8::Value>*)' is deprecated [-Wdeprecated-declarations]\n  Nan::MakeCallback(Nan::New(hotplugThis), \\\"emit\\\", 2, argv);\n                                                          ^\nIn file included from ../src/helpers.h:3,\n                 from ../src/node_usb.h:21,\n                 from ../src/node_usb.cc:1:\n../node_modules/nan/nan.h:1001:46: note: declared here\n   NAN_DEPRECATED inline v8::Local<v8::Value> MakeCallback(\n                                              ^~~~~~~~~~~~\nmake: *** [usb_bindings.target.mk:124: Release/obj.target/usb_bindings/src/node_usb.o] Error 1\ngyp ERR! build error \ngyp ERR! stack Error: `make` failed with exit code: 2\ngyp ERR! stack     at ChildProcess.onExit (/usr/local/lib/node_modules/npm/node_modules/node-gyp/lib/build.js:194:23)\ngyp ERR! stack     at ChildProcess.emit (node:events:390:28)\ngyp ERR! stack     at Process.ChildProcess._handle.onexit (node:internal/child_process:290:12)\ngyp ERR! System Linux 5.4.0-113-generic\ngyp ERR! command \\\"/usr/local/bin/node\\\" \\\"/usr/local/lib/node_modules/npm/node_modules/node-gyp/bin/node-gyp.js\\\" \\\"rebuild\\\"\ngyp ERR! cwd /usr/src/app/node_modules/usb\ngyp ERR! node -v v16.13.2\ngyp ERR! node-gyp -v v8.3.0\ngyp ERR! not ok\"\n\u001b[0m$ rm -f node_modules/web3/index.d.ts && yarn prisma:generate && yarn patch-package && yarn typechain:generate && yarn xstate:typegen\nyarn run v1.22.15\n$ prisma generate --schema=./server/database/schema.prisma\nPrisma schema loaded from server/database/schema.prisma\n\nâœ” Generated Prisma Client (3.14.0 | library) to ./node_modules/@prisma/client in 702ms\nYou can now start using Prisma Client in your code. Reference: https://pris.ly/d/client\n```\nimport { PrismaClient } from '@prisma/client'\nconst prisma = new PrismaClient()\n```\nDone in 3.69s.\nyarn run v1.22.15\n$ /usr/src/app/node_modules/.bin/patch-package\npatch-package 6.4.7\nApplying patches...\n\u001b[91mNo patch files found\n\u001b[0mDone in 0.26s.\nyarn run v1.22.15\n$ yarn typechain:generate:web3 && yarn typechain:generate:ethers\n$ typechain --target=web3-v1 'blockchain/abi/*.json'\nts-gen: Running TypeChain\nts-gen: blockchain/abi/*.json matched 0 files.\nts-gen: Writing file: types/web3-v1-contracts/types.d.ts\nts-gen: ðŸ’Ž All done! Generated files: 1\n$ typechain --target=ethers-v5 'blockchain/abi/*.json'\nts-gen: Running TypeChain\nts-gen: blockchain/abi/*.json matched 0 files.\nts-gen: Writing file: types/ethers-contracts/commons.ts\nts-gen: Writing file: types/ethers-contracts/index.ts\nts-gen: ðŸ’Ž All done! Generated files: 2\nDone in 1.44s.\nyarn run v1.22.15\n$ xstate typegen \"@(features|pages|components|utils)/**/*.ts?(x)\" \nDone in 0.35s.\nDone in 399.26s.\nRemoving intermediate container de74dfdb5a5f\n ---> 9324e0ecf00a\nStep 9/29 : ARG COMMIT_SHA\n ---> Running in f363b6f07c54\nRemoving intermediate container f363b6f07c54\n ---> b772326f9c2c\nStep 10/29 : ARG API_HOST\n ---> Running in 3699c2383db2\nRemoving intermediate container 3699c2383db2\n ---> 2d147f36c020\nStep 11/29 : ARG NOTIFICATIONS_HOST\n ---> Running in f2d52375fb5b\nRemoving intermediate container f2d52375fb5b\n ---> f1f044387b0a\nStep 12/29 : ARG NOTIFICATIONS_HOST_GOERLI\n ---> Running in bff3cbb13261\nRemoving intermediate container bff3cbb13261\n ---> 344d7849b6bb\nStep 13/29 : ARG APP_FULL_DOMAIN\n ---> Running in 1f86cba52db8\nRemoving intermediate container 1f86cba52db8\n ---> 2e241807782e\nStep 14/29 : ARG MIXPANEL_ENV\n ---> Running in b8a1d5c1c61f\nRemoving intermediate container b8a1d5c1c61f\n ---> 9e55efd4dc62\nStep 15/29 : ARG MIXPANEL_KEY\n ---> Running in 6e158c248d4c\nRemoving intermediate container 6e158c248d4c\n ---> 65a1901a363b\nStep 16/29 : ARG ADROLL_ADV_ID\n ---> Running in ffe0bac44945\nRemoving intermediate container ffe0bac44945\n ---> f65005694e1e\nStep 17/29 : ARG ADROLL_PIX_ID\n ---> Running in f4c29800cb8b\nRemoving intermediate container f4c29800cb8b\n ---> 9e68455a847c\nStep 18/29 : ARG MAINNET_CACHE_URL\n ---> Running in 07c21e4b7a69\nRemoving intermediate container 07c21e4b7a69\n ---> 30978c6317be\nStep 19/29 : ARG SHOW_BUILD_INFO\n ---> Running in 49cacbc9361d\nRemoving intermediate container 49cacbc9361d\n ---> e5e19a51a816\nStep 20/29 : ARG ETHERSCAN_API_KEY\n ---> Running in dc91d9642101\nRemoving intermediate container dc91d9642101\n ---> dd4f36bef5b3\nStep 21/29 : ARG BLOCKNATIVE_API_KEY\n ---> Running in 93db489548a9\nRemoving intermediate container 93db489548a9\n ---> 912ef54011a3\nStep 22/29 : ARG INFURA_PROJECT_ID\n ---> Running in eea8b11e122e\nRemoving intermediate container eea8b11e122e\n ---> 56c68cd5e3ca\nStep 23/29 : ARG NODE_ENV\n ---> Running in 5dc9f069a347\nRemoving intermediate container 5dc9f069a347\n ---> 3fd98dd7ed3d\nStep 24/29 : ARG NEXT_PUBLIC_SENTRY_ENV\n ---> Running in 2266ef5bfa02\nRemoving intermediate container 2266ef5bfa02\n ---> 862efd3dcf4c\nStep 25/29 : ARG SENTRY_AUTH_TOKEN\n ---> Running in 1d60ca651f4a\nRemoving intermediate container 1d60ca651f4a\n ---> 1af22e96da7b\nStep 26/29 : ENV COMMIT_SHA=$COMMIT_SHA     API_HOST=$API_HOST     NOTIFICATIONS_HOST=$NOTIFICATIONS_HOST     NOTIFICATIONS_HOST_GOERLI=$NOTIFICATIONS_HOST_GOERLI     APP_FULL_DOMAIN=$APP_FULL_DOMAIN     MIXPANEL_ENV=$MIXPANEL_ENV     MIXPANEL_KEY=$MIXPANEL_KEY     ADROLL_ADV_ID=$ADROLL_ADV_ID     ADROLL_PIX_ID=$ADROLL_PIX_ID     MAINNET_CACHE_URL=$MAINNET_CACHE_URL     ETHERSCAN_API_KEY=$ETHERSCAN_API_KEY     BLOCKNATIVE_API_KEY=$BLOCKNATIVE_API_KEY     INFURA_PROJECT_ID=$INFURA_PROJECT_ID     USE_TERMS_OF_SERVICE=1     USE_TRM_API=1     SHOW_BUILD_INFO=$SHOW_BUILD_INFO     NODE_ENV=$NODE_ENV     SENTRY_RELEASE=$COMMIT_SHA     NEXT_PUBLIC_SENTRY_ENV=$NEXT_PUBLIC_SENTRY_ENV     SENTRY_AUTH_TOKEN=$SENTRY_AUTH_TOKEN     NODE_OPTIONS=--max-old-space-size=6144\n ---> Running in 8e31ea3484de\nRemoving intermediate container 8e31ea3484de\n ---> a7590e24ffe0\nStep 27/29 : COPY . .\n ---> f7b16443c3a1\nStep 28/29 : RUN chmod +x ./scripts/wait-for-it.sh     && npm run build\n ---> Running in b4e8cd42f579\n\n> oasis-borrow@5.11.0 build\n> next build && node sitemapGenerator.js\n\nAttention: Next.js now collects completely anonymous telemetry regarding usage.\nThis information is used to shape Next.js' roadmap and prioritize features.\nYou can learn more, including how to opt-out if you'd not like to participate in this anonymous program, by visiting the following URL:\nhttps://nextjs.org/telemetry\n\ninfo  - Skipping validation of types...\n\u001b[91mwarn  - The Next.js plugin was not detected in your ESLint configuration. See https://nextjs.org/docs/basic-features/eslint#migrating-existing-config\n\u001b[0minfo  - Creating an optimized production build...\n> [PWA] Compile client (static)\n> [PWA] Auto register service worker with: /usr/src/app/node_modules/next-pwa/register.js\n> [PWA] Service worker: /usr/src/app/public/sw.js\n> [PWA]   url: /sw.js\n> [PWA]   scope: /\n> [PWA] Compile server\n\u001b[91mFailed to compile.\n\nSentry CLI Plugin: Command failed: /usr/src/app/node_modules/@sentry/cli/sentry-cli releases new 2NGVWsTeAcxkRA3L3bZxZ\nerror: API request failed\n  caused by: sentry reported an error: Invalid token header. No credentials provided. (http status: 401)\n\nAdd --log-level=[info|debug] or export SENTRY_LOG_LEVEL=[info|debug] to see more output.\nPlease attach the full debug log to all bug reports.\n\n\u001b[0m\u001b[91m\n\u001b[0m\u001b[91m> Build failed because of webpack errors\n\u001b[0mRemoving intermediate container b4e8cd42f579\n","stderr":"The command '/bin/sh -c chmod +x ./scripts/wait-for-it.sh     && npm run build' returned a non-zero code: 1\n"},"endTime":1672711347217}