{"repository":"https://github.com/teamhg-memex/arachnado","dockerfilePath":"Dockerfile","startTime":1672155194645,"clone":{"stdout":"","stderr":"Cloning into '/tmp/dinghy-analysis/teamhg-memex/arachnado'...\n","error":null,"commit":"d2ac60f0ec2cdfb9e648bd58ad3bb9f7f763cf59"},"originalBuild":{"startTimestamp":1672155195560,"endTimestamp":1672155306919,"error":{"code":100,"killed":false,"signal":null,"cmd":"docker build --no-cache --force-rm -t arachnado:latest -f /tmp/dinghy-analysis/teamhg-memex/arachnado/Dockerfile ."},"stdout":"Sending build context to Docker daemon  581.6kB\r\r\nStep 1/19 : FROM ubuntu:14.04\n14.04: Pulling from library/ubuntu\nDigest: sha256:64483f3496c1373bfd55348e88694d1c4d0c9b660dee6bfef5e12f43b9933b30\nStatus: Downloaded newer image for ubuntu:14.04\n ---> 13b66b487594\nStep 2/19 : ENV DEBIAN_FRONTEND noninteractive\n ---> Running in 9ff1b6890766\nRemoving intermediate container 9ff1b6890766\n ---> f56d6f55dd8a\nStep 3/19 : RUN apt-get update; apt-get install -y --no-install-recommends     git     curl     python3     python3-pip     python3-dev     build-essential     pkg-config     libsqlite3-dev     libffi-dev     libxml2-dev     libxslt1-dev     zlib1g-dev     libssl-dev     python3-lxml\n ---> Running in e8a911d117b6\nIgn http://archive.ubuntu.com trusty InRelease\nGet:1 http://security.ubuntu.com trusty-security InRelease [65.9 kB]\nGet:2 http://archive.ubuntu.com trusty-updates InRelease [65.9 kB]\nGet:3 http://security.ubuntu.com trusty-security/main amd64 Packages [1032 kB]\nGet:4 http://archive.ubuntu.com trusty-backports InRelease [65.9 kB]\nGet:5 https://esm.ubuntu.com trusty-infra-security InRelease\nHit http://archive.ubuntu.com trusty Release.gpg\nGet:6 https://esm.ubuntu.com trusty-infra-updates InRelease\nGet:7 http://security.ubuntu.com trusty-security/restricted amd64 Packages [18.1 kB]\nGet:8 http://archive.ubuntu.com trusty-updates/main amd64 Packages [1460 kB]\nGet:9 http://security.ubuntu.com trusty-security/universe amd64 Packages [378 kB]\nGet:10 https://esm.ubuntu.com trusty-infra-security/main amd64 Packages\nGet:11 http://security.ubuntu.com trusty-security/multiverse amd64 Packages [4730 B]\nGet:12 http://archive.ubuntu.com trusty-updates/restricted amd64 Packages [21.4 kB]\nGet:13 http://archive.ubuntu.com trusty-updates/universe amd64 Packages [671 kB]\nGet:14 https://esm.ubuntu.com trusty-infra-updates/main amd64 Packages\nGet:15 http://archive.ubuntu.com trusty-updates/multiverse amd64 Packages [16.1 kB]\nGet:16 http://archive.ubuntu.com trusty-backports/main amd64 Packages [14.7 kB]\nGet:17 http://archive.ubuntu.com trusty-backports/restricted amd64 Packages [40 B]\nGet:18 http://archive.ubuntu.com trusty-backports/universe amd64 Packages [52.5 kB]\nGet:19 http://archive.ubuntu.com trusty-backports/multiverse amd64 Packages [1392 B]\nHit http://archive.ubuntu.com trusty Release\nGet:20 http://archive.ubuntu.com trusty/main amd64 Packages [1743 kB]\nGet:21 http://archive.ubuntu.com trusty/restricted amd64 Packages [16.0 kB]\nGet:22 http://archive.ubuntu.com trusty/universe amd64 Packages [7589 kB]\nGet:23 http://archive.ubuntu.com trusty/multiverse amd64 Packages [169 kB]\nFetched 14.1 MB in 4s (2951 kB/s)\nReading package lists...\nReading package lists...\nBuilding dependency tree...\nReading state information...\npython3 is already the newest version.\nThe following extra packages will be installed:\n  binutils cpp cpp-4.8 dpkg-dev g++ g++-4.8 gcc gcc-4.8 git-man libasan0\n  libatomic1 libc-dev-bin libc6-dev libcloog-isl4 libcurl3 libdpkg-perl\n  liberror-perl libexpat1-dev libgcc-4.8-dev libglib2.0-0 libgmp10 libgomp1\n  libisl10 libitm1 libmpc3 libmpfr4 libpython3-dev libpython3.4\n  libpython3.4-dev libquadmath0 libstdc++-4.8-dev libtimedate-perl libtsan0\n  libxml2 libxslt1.1 linux-libc-dev make patch python-chardet-whl\n  python-colorama-whl python-distlib-whl python-html5lib-whl python-pip-whl\n  python-requests-whl python-setuptools-whl python-six-whl python-urllib3-whl\n  python3-chardet python3-colorama python3-distlib python3-html5lib\n  python3-requests python3-setuptools python3-six python3-urllib3\n  python3.4-dev xz-utils\nSuggested packages:\n  binutils-doc cpp-doc gcc-4.8-locales debian-keyring g++-multilib\n  g++-4.8-multilib gcc-4.8-doc libstdc++6-4.8-dbg gcc-multilib manpages-dev\n  autoconf automake1.9 libtool flex bison gdb gcc-doc gcc-4.8-multilib\n  libgcc1-dbg libgomp1-dbg libitm1-dbg libatomic1-dbg libasan0-dbg\n  libtsan0-dbg libquadmath0-dbg gettext-base git-daemon-run\n  git-daemon-sysvinit git-doc git-el git-email git-gui gitk gitweb git-arch\n  git-bzr git-cvs git-mediawiki git-svn glibc-doc sqlite3-doc\n  libstdc++-4.8-doc make-doc ed diffutils-doc python3-genshi python3-lxml-dbg\nRecommended packages:\n  fakeroot libalgorithm-merge-perl rsync ssh-client libfile-fcntllock-perl\n  libglib2.0-data shared-mime-info libssl-doc xml-core python3-wheel\nThe following NEW packages will be installed:\n  binutils build-essential cpp cpp-4.8 curl dpkg-dev g++ g++-4.8 gcc gcc-4.8\n  git git-man libasan0 libatomic1 libc-dev-bin libc6-dev libcloog-isl4\n  libcurl3 libdpkg-perl liberror-perl libexpat1-dev libffi-dev libgcc-4.8-dev\n  libglib2.0-0 libgmp10 libgomp1 libisl10 libitm1 libmpc3 libmpfr4\n  libpython3-dev libpython3.4 libpython3.4-dev libquadmath0 libsqlite3-dev\n  libssl-dev libstdc++-4.8-dev libtimedate-perl libtsan0 libxml2 libxml2-dev\n  libxslt1-dev libxslt1.1 linux-libc-dev make patch pkg-config\n  python-chardet-whl python-colorama-whl python-distlib-whl\n  python-html5lib-whl python-pip-whl python-requests-whl python-setuptools-whl\n  python-six-whl python-urllib3-whl python3-chardet python3-colorama\n  python3-dev python3-distlib python3-html5lib python3-lxml python3-pip\n  python3-requests python3-setuptools python3-six python3-urllib3\n  python3.4-dev xz-utils zlib1g-dev\n0 upgraded, 70 newly installed, 0 to remove and 1 not upgraded.\nNeed to get 67.9 MB of archives.\nAfter this operation, 201 MB of additional disk space will be used.\nGet:1 http://archive.ubuntu.com/ubuntu/ trusty-updates/main libglib2.0-0 amd64 2.40.2-0ubuntu1.1 [1059 kB]\nGet:2 http://archive.ubuntu.com/ubuntu/ trusty-updates/main libxml2 amd64 2.9.1+dfsg1-3ubuntu4.13 [573 kB]\nGet:3 http://archive.ubuntu.com/ubuntu/ trusty-updates/main libasan0 amd64 4.8.4-2ubuntu1~14.04.4 [63.1 kB]\nGet:4 http://archive.ubuntu.com/ubuntu/ trusty-updates/main libatomic1 amd64 4.8.4-2ubuntu1~14.04.4 [8630 B]\nGet:5 http://archive.ubuntu.com/ubuntu/ trusty/main libgmp10 amd64 2:5.1.3+dfsg-1ubuntu1 [218 kB]\nGet:6 http://archive.ubuntu.com/ubuntu/ trusty/main libisl10 amd64 0.12.2-1 [419 kB]\nGet:7 http://archive.ubuntu.com/ubuntu/ trusty/main libcloog-isl4 amd64 0.18.2-1 [57.5 kB]\nGet:8 http://archive.ubuntu.com/ubuntu/ trusty-updates/main libcurl3 amd64 7.35.0-1ubuntu2.20 [173 kB]\nGet:9 http://archive.ubuntu.com/ubuntu/ trusty-updates/main libgomp1 amd64 4.8.4-2ubuntu1~14.04.4 [23.1 kB]\nGet:10 http://archive.ubuntu.com/ubuntu/ trusty-updates/main libitm1 amd64 4.8.4-2ubuntu1~14.04.4 [28.6 kB]\nGet:11 http://archive.ubuntu.com/ubuntu/ trusty/main libmpfr4 amd64 3.1.2-1 [203 kB]\nGet:12 http://archive.ubuntu.com/ubuntu/ trusty-updates/main libpython3.4 amd64 3.4.3-1ubuntu1~14.04.7 [1303 kB]\nGet:13 http://archive.ubuntu.com/ubuntu/ trusty-updates/main libc-dev-bin amd64 2.19-0ubuntu6.15 [68.9 kB]\nGet:14 http://archive.ubuntu.com/ubuntu/ trusty-updates/main linux-libc-dev amd64 3.13.0-170.220 [772 kB]\nGet:15 http://archive.ubuntu.com/ubuntu/ trusty-updates/main libc6-dev amd64 2.19-0ubuntu6.15 [1913 kB]\nGet:16 http://archive.ubuntu.com/ubuntu/ trusty-updates/main libexpat1-dev amd64 2.1.0-4ubuntu1.4 [115 kB]\nGet:17 http://archive.ubuntu.com/ubuntu/ trusty-updates/main libpython3.4-dev amd64 3.4.3-1ubuntu1~14.04.7 [17.8 MB]\nGet:18 http://archive.ubuntu.com/ubuntu/ trusty-updates/main libquadmath0 amd64 4.8.4-2ubuntu1~14.04.4 [126 kB]\nGet:19 http://archive.ubuntu.com/ubuntu/ trusty-updates/main libtsan0 amd64 4.8.4-2ubuntu1~14.04.4 [94.8 kB]\nGet:20 http://archive.ubuntu.com/ubuntu/ trusty-updates/main libxslt1.1 amd64 1.1.28-2ubuntu0.2 [146 kB]\nGet:21 http://archive.ubuntu.com/ubuntu/ trusty/main libmpc3 amd64 1.0.1-1ubuntu1 [38.4 kB]\nGet:22 http://archive.ubuntu.com/ubuntu/ trusty-updates/main binutils amd64 2.24-5ubuntu14.2 [2076 kB]\nGet:23 http://archive.ubuntu.com/ubuntu/ trusty-updates/main cpp-4.8 amd64 4.8.4-2ubuntu1~14.04.4 [4452 kB]\nGet:24 http://archive.ubuntu.com/ubuntu/ trusty/main cpp amd64 4:4.8.2-1ubuntu6 [27.5 kB]\nGet:25 http://archive.ubuntu.com/ubuntu/ trusty-updates/main libgcc-4.8-dev amd64 4.8.4-2ubuntu1~14.04.4 [1688 kB]\nGet:26 http://archive.ubuntu.com/ubuntu/ trusty-updates/main gcc-4.8 amd64 4.8.4-2ubuntu1~14.04.4 [5040 kB]\nGet:27 http://archive.ubuntu.com/ubuntu/ trusty/main gcc amd64 4:4.8.2-1ubuntu6 [5098 B]\nGet:28 http://archive.ubuntu.com/ubuntu/ trusty-updates/main libstdc++-4.8-dev amd64 4.8.4-2ubuntu1~14.04.4 [1051 kB]\nGet:29 http://archive.ubuntu.com/ubuntu/ trusty-updates/main g++-4.8 amd64 4.8.4-2ubuntu1~14.04.4 [18.0 MB]\nGet:30 http://archive.ubuntu.com/ubuntu/ trusty/main g++ amd64 4:4.8.2-1ubuntu6 [1490 B]\nGet:31 http://archive.ubuntu.com/ubuntu/ trusty/main make amd64 3.81-8.2ubuntu3 [119 kB]\nGet:32 http://archive.ubuntu.com/ubuntu/ trusty/main libtimedate-perl all 2.3000-1 [37.2 kB]\nGet:33 http://archive.ubuntu.com/ubuntu/ trusty-updates/main libdpkg-perl all 1.17.5ubuntu5.8 [179 kB]\nGet:34 http://archive.ubuntu.com/ubuntu/ trusty/main xz-utils amd64 5.1.1alpha+20120614-2ubuntu2 [78.8 kB]\nGet:35 http://archive.ubuntu.com/ubuntu/ trusty-updates/main patch amd64 2.7.1-4ubuntu2.4 [86.9 kB]\nGet:36 http://archive.ubuntu.com/ubuntu/ trusty-updates/main dpkg-dev all 1.17.5ubuntu5.8 [726 kB]\nGet:37 http://archive.ubuntu.com/ubuntu/ trusty/main build-essential amd64 11.6ubuntu6 [4838 B]\nGet:38 http://archive.ubuntu.com/ubuntu/ trusty-updates/main curl amd64 7.35.0-1ubuntu2.20 [123 kB]\nGet:39 http://archive.ubuntu.com/ubuntu/ trusty/main liberror-perl all 0.17-1.1 [21.1 kB]\nGet:40 http://archive.ubuntu.com/ubuntu/ trusty-updates/main git-man all 1:1.9.1-1ubuntu0.10 [700 kB]\nGet:41 http://archive.ubuntu.com/ubuntu/ trusty-updates/main git amd64 1:1.9.1-1ubuntu0.10 [2737 kB]\nGet:42 http://archive.ubuntu.com/ubuntu/ trusty/main libpython3-dev amd64 3.4.0-0ubuntu2 [7002 B]\nGet:43 http://archive.ubuntu.com/ubuntu/ trusty-updates/main libsqlite3-dev amd64 3.8.2-1ubuntu2.2 [439 kB]\nGet:44 http://archive.ubuntu.com/ubuntu/ trusty-updates/main zlib1g-dev amd64 1:1.2.8.dfsg-1ubuntu1.1 [166 kB]\nGet:45 http://archive.ubuntu.com/ubuntu/ trusty-updates/main libssl-dev amd64 1.0.1f-1ubuntu2.27 [1076 kB]\nGet:46 http://archive.ubuntu.com/ubuntu/ trusty-updates/main libxml2-dev amd64 2.9.1+dfsg1-3ubuntu4.13 [630 kB]\nGet:47 http://archive.ubuntu.com/ubuntu/ trusty-updates/main libxslt1-dev amd64 1.1.28-2ubuntu0.2 [407 kB]\nGet:48 http://archive.ubuntu.com/ubuntu/ trusty/main pkg-config amd64 0.26-1ubuntu4 [40.9 kB]\nGet:49 http://archive.ubuntu.com/ubuntu/ trusty-updates/universe python-chardet-whl all 2.2.1-2~ubuntu1 [170 kB]\nGet:50 http://archive.ubuntu.com/ubuntu/ trusty-updates/universe python-colorama-whl all 0.2.5-0.1ubuntu2 [18.2 kB]\nGet:51 http://archive.ubuntu.com/ubuntu/ trusty-updates/universe python-distlib-whl all 0.1.8-1ubuntu1 [140 kB]\nGet:52 http://archive.ubuntu.com/ubuntu/ trusty-updates/main python-html5lib-whl all 0.999-3~ubuntu1 [109 kB]\nGet:53 http://archive.ubuntu.com/ubuntu/ trusty-updates/main python-six-whl all 1.5.2-1ubuntu1.1 [10.6 kB]\nGet:54 http://archive.ubuntu.com/ubuntu/ trusty-updates/main python-urllib3-whl all 1.7.1-1ubuntu4.1 [63.9 kB]\nGet:55 http://archive.ubuntu.com/ubuntu/ trusty-updates/main python-requests-whl all 2.2.1-1ubuntu0.4 [228 kB]\nGet:56 http://archive.ubuntu.com/ubuntu/ trusty-updates/main python-setuptools-whl all 3.3-1ubuntu2 [244 kB]\nGet:57 http://archive.ubuntu.com/ubuntu/ trusty-updates/universe python-pip-whl all 1.5.4-1ubuntu4 [111 kB]\nGet:58 http://archive.ubuntu.com/ubuntu/ trusty-updates/main python3-chardet all 2.2.1-2~ubuntu1 [96.5 kB]\nGet:59 http://archive.ubuntu.com/ubuntu/ trusty-updates/universe python3-colorama all 0.2.5-0.1ubuntu2 [12.0 kB]\nGet:60 http://archive.ubuntu.com/ubuntu/ trusty-updates/main python3.4-dev amd64 3.4.3-1ubuntu1~14.04.7 [421 kB]\nGet:61 http://archive.ubuntu.com/ubuntu/ trusty/main python3-dev amd64 3.4.0-0ubuntu2 [1192 B]\nGet:62 http://archive.ubuntu.com/ubuntu/ trusty-updates/universe python3-distlib all 0.1.8-1ubuntu1 [113 kB]\nGet:63 http://archive.ubuntu.com/ubuntu/ trusty-updates/main python3-six all 1.5.2-1ubuntu1.1 [8438 B]\nGet:64 http://archive.ubuntu.com/ubuntu/ trusty-updates/universe python3-html5lib all 0.999-3~ubuntu1 [79.7 kB]\nGet:65 http://archive.ubuntu.com/ubuntu/ trusty-updates/main python3-lxml amd64 3.3.3-1ubuntu0.2 [625 kB]\nGet:66 http://archive.ubuntu.com/ubuntu/ trusty-updates/main python3-urllib3 all 1.7.1-1ubuntu4.1 [39.5 kB]\nGet:67 http://archive.ubuntu.com/ubuntu/ trusty-updates/main python3-requests all 2.2.1-1ubuntu0.4 [43.3 kB]\nGet:68 http://archive.ubuntu.com/ubuntu/ trusty-updates/main python3-setuptools all 3.3-1ubuntu2 [144 kB]\nGet:69 http://archive.ubuntu.com/ubuntu/ trusty-updates/universe python3-pip all 1.5.4-1ubuntu4 [80.3 kB]\nGet:70 http://archive.ubuntu.com/ubuntu/ trusty-updates/main libffi-dev amd64 3.1~rc1+r3.0.13-12ubuntu0.2 [100 kB]\n\u001b[91m\rExtracting templates from packages: 42%\u001b[0m\u001b[91m\rExtracting templates from packages: 85%\u001b[0m\u001b[91m\rExtracting templates from packages: 100%\n\u001b[0mFetched 67.9 MB in 4s (14.7 MB/s)\nSelecting previously unselected package libglib2.0-0:amd64.\n(Reading database ... 12097 files and directories currently installed.)\nPreparing to unpack .../libglib2.0-0_2.40.2-0ubuntu1.1_amd64.deb ...\nUnpacking libglib2.0-0:amd64 (2.40.2-0ubuntu1.1) ...\nSelecting previously unselected package libxml2:amd64.\nPreparing to unpack .../libxml2_2.9.1+dfsg1-3ubuntu4.13_amd64.deb ...\nUnpacking libxml2:amd64 (2.9.1+dfsg1-3ubuntu4.13) ...\nSelecting previously unselected package libasan0:amd64.\nPreparing to unpack .../libasan0_4.8.4-2ubuntu1~14.04.4_amd64.deb ...\nUnpacking libasan0:amd64 (4.8.4-2ubuntu1~14.04.4) ...\nSelecting previously unselected package libatomic1:amd64.\nPreparing to unpack .../libatomic1_4.8.4-2ubuntu1~14.04.4_amd64.deb ...\nUnpacking libatomic1:amd64 (4.8.4-2ubuntu1~14.04.4) ...\nSelecting previously unselected package libgmp10:amd64.\nPreparing to unpack .../libgmp10_2%3a5.1.3+dfsg-1ubuntu1_amd64.deb ...\nUnpacking libgmp10:amd64 (2:5.1.3+dfsg-1ubuntu1) ...\nSelecting previously unselected package libisl10:amd64.\nPreparing to unpack .../libisl10_0.12.2-1_amd64.deb ...\nUnpacking libisl10:amd64 (0.12.2-1) ...\nSelecting previously unselected package libcloog-isl4:amd64.\nPreparing to unpack .../libcloog-isl4_0.18.2-1_amd64.deb ...\nUnpacking libcloog-isl4:amd64 (0.18.2-1) ...\nSelecting previously unselected package libcurl3:amd64.\nPreparing to unpack .../libcurl3_7.35.0-1ubuntu2.20_amd64.deb ...\nUnpacking libcurl3:amd64 (7.35.0-1ubuntu2.20) ...\nSelecting previously unselected package libgomp1:amd64.\nPreparing to unpack .../libgomp1_4.8.4-2ubuntu1~14.04.4_amd64.deb ...\nUnpacking libgomp1:amd64 (4.8.4-2ubuntu1~14.04.4) ...\nSelecting previously unselected package libitm1:amd64.\nPreparing to unpack .../libitm1_4.8.4-2ubuntu1~14.04.4_amd64.deb ...\nUnpacking libitm1:amd64 (4.8.4-2ubuntu1~14.04.4) ...\nSelecting previously unselected package libmpfr4:amd64.\nPreparing to unpack .../libmpfr4_3.1.2-1_amd64.deb ...\nUnpacking libmpfr4:amd64 (3.1.2-1) ...\nSelecting previously unselected package libpython3.4:amd64.\nPreparing to unpack .../libpython3.4_3.4.3-1ubuntu1~14.04.7_amd64.deb ...\nUnpacking libpython3.4:amd64 (3.4.3-1ubuntu1~14.04.7) ...\nSelecting previously unselected package libc-dev-bin.\nPreparing to unpack .../libc-dev-bin_2.19-0ubuntu6.15_amd64.deb ...\nUnpacking libc-dev-bin (2.19-0ubuntu6.15) ...\nSelecting previously unselected package linux-libc-dev:amd64.\nPreparing to unpack .../linux-libc-dev_3.13.0-170.220_amd64.deb ...\nUnpacking linux-libc-dev:amd64 (3.13.0-170.220) ...\nSelecting previously unselected package libc6-dev:amd64.\nPreparing to unpack .../libc6-dev_2.19-0ubuntu6.15_amd64.deb ...\nUnpacking libc6-dev:amd64 (2.19-0ubuntu6.15) ...\nSelecting previously unselected package libexpat1-dev:amd64.\nPreparing to unpack .../libexpat1-dev_2.1.0-4ubuntu1.4_amd64.deb ...\nUnpacking libexpat1-dev:amd64 (2.1.0-4ubuntu1.4) ...\nSelecting previously unselected package libpython3.4-dev:amd64.\nPreparing to unpack .../libpython3.4-dev_3.4.3-1ubuntu1~14.04.7_amd64.deb ...\nUnpacking libpython3.4-dev:amd64 (3.4.3-1ubuntu1~14.04.7) ...\nSelecting previously unselected package libquadmath0:amd64.\nPreparing to unpack .../libquadmath0_4.8.4-2ubuntu1~14.04.4_amd64.deb ...\nUnpacking libquadmath0:amd64 (4.8.4-2ubuntu1~14.04.4) ...\nSelecting previously unselected package libtsan0:amd64.\nPreparing to unpack .../libtsan0_4.8.4-2ubuntu1~14.04.4_amd64.deb ...\nUnpacking libtsan0:amd64 (4.8.4-2ubuntu1~14.04.4) ...\nSelecting previously unselected package libxslt1.1:amd64.\nPreparing to unpack .../libxslt1.1_1.1.28-2ubuntu0.2_amd64.deb ...\nUnpacking libxslt1.1:amd64 (1.1.28-2ubuntu0.2) ...\nSelecting previously unselected package libmpc3:amd64.\nPreparing to unpack .../libmpc3_1.0.1-1ubuntu1_amd64.deb ...\nUnpacking libmpc3:amd64 (1.0.1-1ubuntu1) ...\nSelecting previously unselected package binutils.\nPreparing to unpack .../binutils_2.24-5ubuntu14.2_amd64.deb ...\nUnpacking binutils (2.24-5ubuntu14.2) ...\nSelecting previously unselected package cpp-4.8.\nPreparing to unpack .../cpp-4.8_4.8.4-2ubuntu1~14.04.4_amd64.deb ...\nUnpacking cpp-4.8 (4.8.4-2ubuntu1~14.04.4) ...\nSelecting previously unselected package cpp.\nPreparing to unpack .../cpp_4%3a4.8.2-1ubuntu6_amd64.deb ...\nUnpacking cpp (4:4.8.2-1ubuntu6) ...\nSelecting previously unselected package libgcc-4.8-dev:amd64.\nPreparing to unpack .../libgcc-4.8-dev_4.8.4-2ubuntu1~14.04.4_amd64.deb ...\nUnpacking libgcc-4.8-dev:amd64 (4.8.4-2ubuntu1~14.04.4) ...\nSelecting previously unselected package gcc-4.8.\nPreparing to unpack .../gcc-4.8_4.8.4-2ubuntu1~14.04.4_amd64.deb ...\nUnpacking gcc-4.8 (4.8.4-2ubuntu1~14.04.4) ...\nSelecting previously unselected package gcc.\nPreparing to unpack .../gcc_4%3a4.8.2-1ubuntu6_amd64.deb ...\nUnpacking gcc (4:4.8.2-1ubuntu6) ...\nSelecting previously unselected package libstdc++-4.8-dev:amd64.\nPreparing to unpack .../libstdc++-4.8-dev_4.8.4-2ubuntu1~14.04.4_amd64.deb ...\nUnpacking libstdc++-4.8-dev:amd64 (4.8.4-2ubuntu1~14.04.4) ...\nSelecting previously unselected package g++-4.8.\nPreparing to unpack .../g++-4.8_4.8.4-2ubuntu1~14.04.4_amd64.deb ...\nUnpacking g++-4.8 (4.8.4-2ubuntu1~14.04.4) ...\nSelecting previously unselected package g++.\nPreparing to unpack .../g++_4%3a4.8.2-1ubuntu6_amd64.deb ...\nUnpacking g++ (4:4.8.2-1ubuntu6) ...\nSelecting previously unselected package make.\nPreparing to unpack .../make_3.81-8.2ubuntu3_amd64.deb ...\nUnpacking make (3.81-8.2ubuntu3) ...\nSelecting previously unselected package libtimedate-perl.\nPreparing to unpack .../libtimedate-perl_2.3000-1_all.deb ...\nUnpacking libtimedate-perl (2.3000-1) ...\nSelecting previously unselected package libdpkg-perl.\nPreparing to unpack .../libdpkg-perl_1.17.5ubuntu5.8_all.deb ...\nUnpacking libdpkg-perl (1.17.5ubuntu5.8) ...\nSelecting previously unselected package xz-utils.\nPreparing to unpack .../xz-utils_5.1.1alpha+20120614-2ubuntu2_amd64.deb ...\nUnpacking xz-utils (5.1.1alpha+20120614-2ubuntu2) ...\nSelecting previously unselected package patch.\nPreparing to unpack .../patch_2.7.1-4ubuntu2.4_amd64.deb ...\nUnpacking patch (2.7.1-4ubuntu2.4) ...\nSelecting previously unselected package dpkg-dev.\nPreparing to unpack .../dpkg-dev_1.17.5ubuntu5.8_all.deb ...\nUnpacking dpkg-dev (1.17.5ubuntu5.8) ...\nSelecting previously unselected package build-essential.\nPreparing to unpack .../build-essential_11.6ubuntu6_amd64.deb ...\nUnpacking build-essential (11.6ubuntu6) ...\nSelecting previously unselected package curl.\nPreparing to unpack .../curl_7.35.0-1ubuntu2.20_amd64.deb ...\nUnpacking curl (7.35.0-1ubuntu2.20) ...\nSelecting previously unselected package liberror-perl.\nPreparing to unpack .../liberror-perl_0.17-1.1_all.deb ...\nUnpacking liberror-perl (0.17-1.1) ...\nSelecting previously unselected package git-man.\nPreparing to unpack .../git-man_1%3a1.9.1-1ubuntu0.10_all.deb ...\nUnpacking git-man (1:1.9.1-1ubuntu0.10) ...\nSelecting previously unselected package git.\nPreparing to unpack .../git_1%3a1.9.1-1ubuntu0.10_amd64.deb ...\nUnpacking git (1:1.9.1-1ubuntu0.10) ...\nSelecting previously unselected package libpython3-dev:amd64.\nPreparing to unpack .../libpython3-dev_3.4.0-0ubuntu2_amd64.deb ...\nUnpacking libpython3-dev:amd64 (3.4.0-0ubuntu2) ...\nSelecting previously unselected package libsqlite3-dev:amd64.\nPreparing to unpack .../libsqlite3-dev_3.8.2-1ubuntu2.2_amd64.deb ...\nUnpacking libsqlite3-dev:amd64 (3.8.2-1ubuntu2.2) ...\nSelecting previously unselected package zlib1g-dev:amd64.\nPreparing to unpack .../zlib1g-dev_1%3a1.2.8.dfsg-1ubuntu1.1_amd64.deb ...\nUnpacking zlib1g-dev:amd64 (1:1.2.8.dfsg-1ubuntu1.1) ...\nSelecting previously unselected package libssl-dev:amd64.\nPreparing to unpack .../libssl-dev_1.0.1f-1ubuntu2.27_amd64.deb ...\nUnpacking libssl-dev:amd64 (1.0.1f-1ubuntu2.27) ...\nSelecting previously unselected package libxml2-dev:amd64.\nPreparing to unpack .../libxml2-dev_2.9.1+dfsg1-3ubuntu4.13_amd64.deb ...\nUnpacking libxml2-dev:amd64 (2.9.1+dfsg1-3ubuntu4.13) ...\nSelecting previously unselected package libxslt1-dev:amd64.\nPreparing to unpack .../libxslt1-dev_1.1.28-2ubuntu0.2_amd64.deb ...\nUnpacking libxslt1-dev:amd64 (1.1.28-2ubuntu0.2) ...\nSelecting previously unselected package pkg-config.\nPreparing to unpack .../pkg-config_0.26-1ubuntu4_amd64.deb ...\nUnpacking pkg-config (0.26-1ubuntu4) ...\nSelecting previously unselected package python-chardet-whl.\nPreparing to unpack .../python-chardet-whl_2.2.1-2~ubuntu1_all.deb ...\nUnpacking python-chardet-whl (2.2.1-2~ubuntu1) ...\nSelecting previously unselected package python-colorama-whl.\nPreparing to unpack .../python-colorama-whl_0.2.5-0.1ubuntu2_all.deb ...\nUnpacking python-colorama-whl (0.2.5-0.1ubuntu2) ...\nSelecting previously unselected package python-distlib-whl.\nPreparing to unpack .../python-distlib-whl_0.1.8-1ubuntu1_all.deb ...\nUnpacking python-distlib-whl (0.1.8-1ubuntu1) ...\nSelecting previously unselected package python-html5lib-whl.\nPreparing to unpack .../python-html5lib-whl_0.999-3~ubuntu1_all.deb ...\nUnpacking python-html5lib-whl (0.999-3~ubuntu1) ...\nSelecting previously unselected package python-six-whl.\nPreparing to unpack .../python-six-whl_1.5.2-1ubuntu1.1_all.deb ...\nUnpacking python-six-whl (1.5.2-1ubuntu1.1) ...\nSelecting previously unselected package python-urllib3-whl.\nPreparing to unpack .../python-urllib3-whl_1.7.1-1ubuntu4.1_all.deb ...\nUnpacking python-urllib3-whl (1.7.1-1ubuntu4.1) ...\nSelecting previously unselected package python-requests-whl.\nPreparing to unpack .../python-requests-whl_2.2.1-1ubuntu0.4_all.deb ...\nUnpacking python-requests-whl (2.2.1-1ubuntu0.4) ...\nSelecting previously unselected package python-setuptools-whl.\nPreparing to unpack .../python-setuptools-whl_3.3-1ubuntu2_all.deb ...\nUnpacking python-setuptools-whl (3.3-1ubuntu2) ...\nSelecting previously unselected package python-pip-whl.\nPreparing to unpack .../python-pip-whl_1.5.4-1ubuntu4_all.deb ...\nUnpacking python-pip-whl (1.5.4-1ubuntu4) ...\nSelecting previously unselected package python3-chardet.\nPreparing to unpack .../python3-chardet_2.2.1-2~ubuntu1_all.deb ...\nUnpacking python3-chardet (2.2.1-2~ubuntu1) ...\nSelecting previously unselected package python3-colorama.\nPreparing to unpack .../python3-colorama_0.2.5-0.1ubuntu2_all.deb ...\nUnpacking python3-colorama (0.2.5-0.1ubuntu2) ...\nSelecting previously unselected package python3.4-dev.\nPreparing to unpack .../python3.4-dev_3.4.3-1ubuntu1~14.04.7_amd64.deb ...\nUnpacking python3.4-dev (3.4.3-1ubuntu1~14.04.7) ...\nSelecting previously unselected package python3-dev.\nPreparing to unpack .../python3-dev_3.4.0-0ubuntu2_amd64.deb ...\nUnpacking python3-dev (3.4.0-0ubuntu2) ...\nSelecting previously unselected package python3-distlib.\nPreparing to unpack .../python3-distlib_0.1.8-1ubuntu1_all.deb ...\nUnpacking python3-distlib (0.1.8-1ubuntu1) ...\nSelecting previously unselected package python3-six.\nPreparing to unpack .../python3-six_1.5.2-1ubuntu1.1_all.deb ...\nUnpacking python3-six (1.5.2-1ubuntu1.1) ...\nSelecting previously unselected package python3-html5lib.\nPreparing to unpack .../python3-html5lib_0.999-3~ubuntu1_all.deb ...\nUnpacking python3-html5lib (0.999-3~ubuntu1) ...\nSelecting previously unselected package python3-lxml.\nPreparing to unpack .../python3-lxml_3.3.3-1ubuntu0.2_amd64.deb ...\nUnpacking python3-lxml (3.3.3-1ubuntu0.2) ...\nSelecting previously unselected package python3-urllib3.\nPreparing to unpack .../python3-urllib3_1.7.1-1ubuntu4.1_all.deb ...\nUnpacking python3-urllib3 (1.7.1-1ubuntu4.1) ...\nSelecting previously unselected package python3-requests.\nPreparing to unpack .../python3-requests_2.2.1-1ubuntu0.4_all.deb ...\nUnpacking python3-requests (2.2.1-1ubuntu0.4) ...\nSelecting previously unselected package python3-setuptools.\nPreparing to unpack .../python3-setuptools_3.3-1ubuntu2_all.deb ...\nUnpacking python3-setuptools (3.3-1ubuntu2) ...\nSelecting previously unselected package python3-pip.\nPreparing to unpack .../python3-pip_1.5.4-1ubuntu4_all.deb ...\nUnpacking python3-pip (1.5.4-1ubuntu4) ...\nSelecting previously unselected package libffi-dev:amd64.\nPreparing to unpack .../libffi-dev_3.1~rc1+r3.0.13-12ubuntu0.2_amd64.deb ...\nUnpacking libffi-dev:amd64 (3.1~rc1+r3.0.13-12ubuntu0.2) ...\nSetting up libglib2.0-0:amd64 (2.40.2-0ubuntu1.1) ...\nNo schema files found: doing nothing.\nSetting up libxml2:amd64 (2.9.1+dfsg1-3ubuntu4.13) ...\nSetting up libasan0:amd64 (4.8.4-2ubuntu1~14.04.4) ...\nSetting up libatomic1:amd64 (4.8.4-2ubuntu1~14.04.4) ...\nSetting up libgmp10:amd64 (2:5.1.3+dfsg-1ubuntu1) ...\nSetting up libisl10:amd64 (0.12.2-1) ...\nSetting up libcloog-isl4:amd64 (0.18.2-1) ...\nSetting up libcurl3:amd64 (7.35.0-1ubuntu2.20) ...\nSetting up libgomp1:amd64 (4.8.4-2ubuntu1~14.04.4) ...\nSetting up libitm1:amd64 (4.8.4-2ubuntu1~14.04.4) ...\nSetting up libmpfr4:amd64 (3.1.2-1) ...\nSetting up libpython3.4:amd64 (3.4.3-1ubuntu1~14.04.7) ...\nSetting up libc-dev-bin (2.19-0ubuntu6.15) ...\nSetting up linux-libc-dev:amd64 (3.13.0-170.220) ...\nSetting up libc6-dev:amd64 (2.19-0ubuntu6.15) ...\nSetting up libexpat1-dev:amd64 (2.1.0-4ubuntu1.4) ...\nSetting up libpython3.4-dev:amd64 (3.4.3-1ubuntu1~14.04.7) ...\nSetting up libquadmath0:amd64 (4.8.4-2ubuntu1~14.04.4) ...\nSetting up libtsan0:amd64 (4.8.4-2ubuntu1~14.04.4) ...\nSetting up libxslt1.1:amd64 (1.1.28-2ubuntu0.2) ...\nSetting up libmpc3:amd64 (1.0.1-1ubuntu1) ...\nSetting up binutils (2.24-5ubuntu14.2) ...\nSetting up cpp-4.8 (4.8.4-2ubuntu1~14.04.4) ...\nSetting up cpp (4:4.8.2-1ubuntu6) ...\nSetting up libgcc-4.8-dev:amd64 (4.8.4-2ubuntu1~14.04.4) ...\nSetting up gcc-4.8 (4.8.4-2ubuntu1~14.04.4) ...\nSetting up gcc (4:4.8.2-1ubuntu6) ...\nSetting up libstdc++-4.8-dev:amd64 (4.8.4-2ubuntu1~14.04.4) ...\nSetting up g++-4.8 (4.8.4-2ubuntu1~14.04.4) ...\nSetting up g++ (4:4.8.2-1ubuntu6) ...\nupdate-alternatives: using /usr/bin/g++ to provide /usr/bin/c++ (c++) in auto mode\nSetting up make (3.81-8.2ubuntu3) ...\nSetting up libtimedate-perl (2.3000-1) ...\nSetting up libdpkg-perl (1.17.5ubuntu5.8) ...\nSetting up xz-utils (5.1.1alpha+20120614-2ubuntu2) ...\nupdate-alternatives: using /usr/bin/xz to provide /usr/bin/lzma (lzma) in auto mode\nSetting up patch (2.7.1-4ubuntu2.4) ...\nSetting up dpkg-dev (1.17.5ubuntu5.8) ...\nSetting up build-essential (11.6ubuntu6) ...\nSetting up curl (7.35.0-1ubuntu2.20) ...\nSetting up liberror-perl (0.17-1.1) ...\nSetting up git-man (1:1.9.1-1ubuntu0.10) ...\nSetting up git (1:1.9.1-1ubuntu0.10) ...\nSetting up libpython3-dev:amd64 (3.4.0-0ubuntu2) ...\nSetting up libsqlite3-dev:amd64 (3.8.2-1ubuntu2.2) ...\nSetting up zlib1g-dev:amd64 (1:1.2.8.dfsg-1ubuntu1.1) ...\nSetting up libssl-dev:amd64 (1.0.1f-1ubuntu2.27) ...\nSetting up libxml2-dev:amd64 (2.9.1+dfsg1-3ubuntu4.13) ...\nSetting up libxslt1-dev:amd64 (1.1.28-2ubuntu0.2) ...\nSetting up pkg-config (0.26-1ubuntu4) ...\nSetting up python-chardet-whl (2.2.1-2~ubuntu1) ...\nSetting up python-colorama-whl (0.2.5-0.1ubuntu2) ...\nSetting up python-distlib-whl (0.1.8-1ubuntu1) ...\nSetting up python-html5lib-whl (0.999-3~ubuntu1) ...\nSetting up python-six-whl (1.5.2-1ubuntu1.1) ...\nSetting up python-urllib3-whl (1.7.1-1ubuntu4.1) ...\nSetting up python-requests-whl (2.2.1-1ubuntu0.4) ...\nSetting up python-setuptools-whl (3.3-1ubuntu2) ...\nSetting up python-pip-whl (1.5.4-1ubuntu4) ...\nSetting up python3-chardet (2.2.1-2~ubuntu1) ...\nSetting up python3-colorama (0.2.5-0.1ubuntu2) ...\nSetting up python3.4-dev (3.4.3-1ubuntu1~14.04.7) ...\nSetting up python3-dev (3.4.0-0ubuntu2) ...\nSetting up python3-distlib (0.1.8-1ubuntu1) ...\nSetting up python3-six (1.5.2-1ubuntu1.1) ...\nSetting up python3-html5lib (0.999-3~ubuntu1) ...\nSetting up python3-lxml (3.3.3-1ubuntu0.2) ...\nSetting up python3-urllib3 (1.7.1-1ubuntu4.1) ...\nSetting up python3-requests (2.2.1-1ubuntu0.4) ...\nSetting up python3-setuptools (3.3-1ubuntu2) ...\nSetting up python3-pip (1.5.4-1ubuntu4) ...\nSetting up libffi-dev:amd64 (3.1~rc1+r3.0.13-12ubuntu0.2) ...\nProcessing triggers for libc-bin (2.19-0ubuntu6.15) ...\nRemoving intermediate container e8a911d117b6\n ---> c7cfbc69dd63\nStep 4/19 : RUN pip3 install -U pip setuptools\n ---> Running in 4ce849aaf081\nDownloading/unpacking pip from https://files.pythonhosted.org/packages/09/bd/2410905c76ee14c62baf69e3f4aa780226c1bbfc9485731ad018e35b0cb5/pip-22.3.1-py3-none-any.whl#sha256=908c78e6bc29b676ede1c4d57981d490cb892eb45cd8c214ab6298125119e077\nDownloading/unpacking setuptools from https://files.pythonhosted.org/packages/ef/e3/29d6e1a07e8d90ace4a522d9689d03e833b67b50d1588e693eec15f26251/setuptools-65.6.3-py3-none-any.whl#sha256=57f6f22bde4e042978bcd50176fdb381d7c21a9efa4041202288d3737a0c6a54\nInstalling collected packages: pip, setuptools\n  Found existing installation: pip 1.5.4\n    Not uninstalling pip at /usr/lib/python3/dist-packages, owned by OS\n*** Error compiling '/tmp/pip_build_root/pip/pip/_internal/build_env.py'...\n  File \"/tmp/pip_build_root/pip/pip/_internal/build_env.py\", line 90\n    self._bin_dirs: List[str] = []\n                  ^\nSyntaxError: invalid syntax\n\n*** Error compiling '/tmp/pip_build_root/pip/pip/_internal/cache.py'...\n  File \"/tmp/pip_build_root/pip/pip/_internal/cache.py\", line 211\n    self.origin: Optional[DirectUrl] = None\n               ^\nSyntaxError: invalid syntax\n\n*** Error compiling '/tmp/pip_build_root/pip/pip/_internal/cli/autocompletion.py'...\n  File \"/tmp/pip_build_root/pip/pip/_internal/cli/autocompletion.py\", line 32\n    subcommand_name: Optional[str] = None\n                   ^\nSyntaxError: invalid syntax\n\n*** Error compiling '/tmp/pip_build_root/pip/pip/_internal/cli/base_command.py'...\n  File \"/tmp/pip_build_root/pip/pip/_internal/cli/base_command.py\", line 46\n    usage: str = \"\"\n         ^\nSyntaxError: invalid syntax\n\n*** Error compiling '/tmp/pip_build_root/pip/pip/_internal/cli/cmdoptions.py'...\n  File \"/tmp/pip_build_root/pip/pip/_internal/cli/cmdoptions.py\", line 45\n    msg = f\"{option} error: {msg}\"\n                                 ^\nSyntaxError: invalid syntax\n\n*** Error compiling '/tmp/pip_build_root/pip/pip/_internal/cli/main.py'...\n  File \"/tmp/pip_build_root/pip/pip/_internal/cli/main.py\", line 57\n    sys.stderr.write(f\"ERROR: {exc}\")\n                                   ^\nSyntaxError: invalid syntax\n\n*** Error compiling '/tmp/pip_build_root/pip/pip/_internal/cli/main_parser.py'...\n  File \"/tmp/pip_build_root/pip/pip/_internal/cli/main_parser.py\", line 42\n    f\"{name:27} {command_info.summary}\"\n                                      ^\nSyntaxError: invalid syntax\n\n*** Error compiling '/tmp/pip_build_root/pip/pip/_internal/cli/parser.py'...\n  File \"/tmp/pip_build_root/pip/pip/_internal/cli/parser.py\", line 83\n    description = f\"{label}:\\n{description}\\n\"\n                                             ^\nSyntaxError: invalid syntax\n\n*** Error compiling '/tmp/pip_build_root/pip/pip/_internal/cli/progress_bars.py'...\n  File \"/tmp/pip_build_root/pip/pip/_internal/cli/progress_bars.py\", line 27\n    ) -> Generator[bytes, None, None]:\n    ^\nSyntaxError: invalid syntax\n\n*** Error compiling '/tmp/pip_build_root/pip/pip/_internal/cli/req_command.py'...\n  File \"/tmp/pip_build_root/pip/pip/_internal/cli/req_command.py\", line 79\n    self._session: Optional[PipSession] = None\n                 ^\nSyntaxError: invalid syntax\n\n*** Error compiling '/tmp/pip_build_root/pip/pip/_internal/cli/spinners.py'...\n  File \"/tmp/pip_build_root/pip/pip/_internal/cli/spinners.py\", line 97\n    self._update(f\"finished with status '{final_status}'\")\n                                                        ^\nSyntaxError: invalid syntax\n\n*** Error compiling '/tmp/pip_build_root/pip/pip/_internal/commands/__init__.py'...\n  File \"/tmp/pip_build_root/pip/pip/_internal/commands/__init__.py\", line 20\n    commands_dict: Dict[str, CommandInfo] = {\n                 ^\nSyntaxError: invalid syntax\n\n*** Error compiling '/tmp/pip_build_root/pip/pip/_internal/commands/cache.py'...\n  File \"/tmp/pip_build_root/pip/pip/_internal/commands/cache.py\", line 150\n    results.append(f\" - {wheel} ({size})\")\n                                        ^\nSyntaxError: invalid syntax\n\n*** Error compiling '/tmp/pip_build_root/pip/pip/_internal/commands/configuration.py'...\n  File \"/tmp/pip_build_root/pip/pip/_internal/commands/configuration.py\", line 222\n    env_var = f\"PIP_{key.upper()}\"\n                                 ^\nSyntaxError: invalid syntax\n\n*** Error compiling '/tmp/pip_build_root/pip/pip/_internal/commands/debug.py'...\n  File \"/tmp/pip_build_root/pip/pip/_internal/commands/debug.py\", line 56\n    __import__(f\"pip._vendor.{module_name}\", globals(), locals(), level=0)\n                                          ^\nSyntaxError: invalid syntax\n\n*** Error compiling '/tmp/pip_build_root/pip/pip/_internal/commands/download.py'...\n  File \"/tmp/pip_build_root/pip/pip/_internal/commands/download.py\", line 140\n    downloaded: List[str] = []\n              ^\nSyntaxError: invalid syntax\n\n*** Error compiling '/tmp/pip_build_root/pip/pip/_internal/commands/help.py'...\n  File \"/tmp/pip_build_root/pip/pip/_internal/commands/help.py\", line 32\n    msg = [f'unknown command \"{cmd_name}\"']\n                                         ^\nSyntaxError: invalid syntax\n\n*** Error compiling '/tmp/pip_build_root/pip/pip/_internal/commands/index.py'...\n  File \"/tmp/pip_build_root/pip/pip/_internal/commands/index.py\", line 117\n    versions: Iterable[Union[LegacyVersion, Version]] = (\n            ^\nSyntaxError: invalid syntax\n\n*** Error compiling '/tmp/pip_build_root/pip/pip/_internal/commands/inspect.py'...\n  File \"/tmp/pip_build_root/pip/pip/_internal/commands/inspect.py\", line 71\n    res: Dict[str, Any] = {\n       ^\nSyntaxError: invalid syntax\n\n*** Error compiling '/tmp/pip_build_root/pip/pip/_internal/commands/install.py'...\n  File \"/tmp/pip_build_root/pip/pip/_internal/commands/install.py\", line 304\n    target_temp_dir: Optional[TempDirectory] = None\n                   ^\nSyntaxError: invalid syntax\n\n*** Error compiling '/tmp/pip_build_root/pip/pip/_internal/commands/list.py'...\n  File \"/tmp/pip_build_root/pip/pip/_internal/commands/list.py\", line 30\n    latest_version: DistributionVersion\n                  ^\nSyntaxError: invalid syntax\n\n*** Error compiling '/tmp/pip_build_root/pip/pip/_internal/commands/search.py'...\n  File \"/tmp/pip_build_root/pip/pip/_internal/commands/search.py\", line 26\n    name: str\n        ^\nSyntaxError: invalid syntax\n\n*** Error compiling '/tmp/pip_build_root/pip/pip/_internal/commands/show.py'...\n  File \"/tmp/pip_build_root/pip/pip/_internal/commands/show.py\", line 53\n    name: str\n        ^\nSyntaxError: invalid syntax\n\n*** Error compiling '/tmp/pip_build_root/pip/pip/_internal/commands/uninstall.py'...\n  File \"/tmp/pip_build_root/pip/pip/_internal/commands/uninstall.py\", line 89\n    f\"You must give at least one requirement to {self.name} (see \"\n                                                                 ^\nSyntaxError: invalid syntax\n\n*** Error compiling '/tmp/pip_build_root/pip/pip/_internal/commands/wheel.py'...\n  File \"/tmp/pip_build_root/pip/pip/_internal/commands/wheel.py\", line 172\n    reqs_to_build: List[InstallRequirement] = []\n                 ^\nSyntaxError: invalid syntax\n\n*** Error compiling '/tmp/pip_build_root/pip/pip/_internal/configuration.py'...\n  File \"/tmp/pip_build_root/pip/pip/_internal/configuration.py\", line 114\n    self._parsers: Dict[Kind, List[Tuple[str, RawConfigParser]]] = {\n                 ^\nSyntaxError: invalid syntax\n\n*** Error compiling '/tmp/pip_build_root/pip/pip/_internal/distributions/sdist.py'...\n  File \"/tmp/pip_build_root/pip/pip/_internal/distributions/sdist.py\", line 137\n    f\"{installed} is incompatible with {wanted}\"\n                                               ^\nSyntaxError: invalid syntax\n\n*** Error compiling '/tmp/pip_build_root/pip/pip/_internal/exceptions.py'...\n  File \"/tmp/pip_build_root/pip/pip/_internal/exceptions.py\", line 39\n    ) -> Text:\n    ^\nSyntaxError: invalid syntax\n\n*** Error compiling '/tmp/pip_build_root/pip/pip/_internal/index/collector.py'...\n  File \"/tmp/pip_build_root/pip/pip/_internal/index/collector.py\", line 294\n    self.url: str = url\n            ^\nSyntaxError: invalid syntax\n\n*** Error compiling '/tmp/pip_build_root/pip/pip/_internal/index/package_finder.py'...\n  File \"/tmp/pip_build_root/pip/pip/_internal/index/package_finder.py\", line 170\n    return (LinkType.yanked, f\"yanked for reason: {reason}\")\n                                                          ^\nSyntaxError: invalid syntax\n\n*** Error compiling '/tmp/pip_build_root/pip/pip/_internal/index/sources.py'...\n  File \"/tmp/pip_build_root/pip/pip/_internal/index/sources.py\", line 173\n    ) -> Tuple[Optional[str], Optional[LinkSource]]:\n    ^\nSyntaxError: invalid syntax\n\n*** Error compiling '/tmp/pip_build_root/pip/pip/_internal/locations/__init__.py'...\n  File \"/tmp/pip_build_root/pip/pip/_internal/locations/__init__.py\", line 42\n    _PLATLIBDIR: str = getattr(sys, \"platlibdir\", \"lib\")\n               ^\nSyntaxError: invalid syntax\n\n*** Error compiling '/tmp/pip_build_root/pip/pip/_internal/locations/_distutils.py'...\n  File \"/tmp/pip_build_root/pip/pip/_internal/locations/_distutils.py\", line 44\n    ) -> Dict[str, str]:\n    ^\nSyntaxError: invalid syntax\n\n*** Error compiling '/tmp/pip_build_root/pip/pip/_internal/locations/_sysconfig.py'...\n  File \"/tmp/pip_build_root/pip/pip/_internal/locations/_sysconfig.py\", line 73\n    implementation_suffixed = f\"{sys.implementation.name}_{os.name}\"\n                                                                   ^\nSyntaxError: invalid syntax\n\n*** Error compiling '/tmp/pip_build_root/pip/pip/_internal/locations/base.py'...\n  File \"/tmp/pip_build_root/pip/pip/_internal/locations/base.py\", line 16\n    site_packages: typing.Optional[str] = sysconfig.get_path(\"purelib\")\n                 ^\nSyntaxError: invalid syntax\n\n*** Error compiling '/tmp/pip_build_root/pip/pip/_internal/metadata/__init__.py'...\n  File \"/tmp/pip_build_root/pip/pip/_internal/metadata/__init__.py\", line 53\n    Distribution: Type[BaseDistribution]\n                ^\nSyntaxError: invalid syntax\n\n*** Error compiling '/tmp/pip_build_root/pip/pip/_internal/metadata/_json.py'...\n  File \"/tmp/pip_build_root/pip/pip/_internal/metadata/_json.py\", line 66\n    value: Union[str, List[str]] = [\n         ^\nSyntaxError: invalid syntax\n\n*** Error compiling '/tmp/pip_build_root/pip/pip/_internal/metadata/base.py'...\n  File \"/tmp/pip_build_root/pip/pip/_internal/metadata/base.py\", line 98\n    return str(pathlib.Path(*info, *entry))\n                                   ^\nSyntaxError: invalid syntax\n\n*** Error compiling '/tmp/pip_build_root/pip/pip/_internal/metadata/importlib/_compat.py'...\n  File \"/tmp/pip_build_root/pip/pip/_internal/metadata/importlib/_compat.py\", line 11\n    return f\"Bad metadata in {self.dist} ({self.reason})\"\n                                                        ^\nSyntaxError: invalid syntax\n\n*** Error compiling '/tmp/pip_build_root/pip/pip/_internal/metadata/importlib/_dists.py'...\n  File \"/tmp/pip_build_root/pip/pip/_internal/metadata/importlib/_dists.py\", line 67\n    if name.startswith(f\"{info_dir}/\")\n                                    ^\nSyntaxError: invalid syntax\n\n*** Error compiling '/tmp/pip_build_root/pip/pip/_internal/metadata/importlib/_envs.py'...\n  File \"/tmp/pip_build_root/pip/pip/_internal/metadata/importlib/_envs.py\", line 50\n    self._found_names: Set[NormalizedName] = set()\n                     ^\nSyntaxError: invalid syntax\n\n*** Error compiling '/tmp/pip_build_root/pip/pip/_internal/metadata/pkg_resources.py'...\n  File \"/tmp/pip_build_root/pip/pip/_internal/metadata/pkg_resources.py\", line 31\n    name: str\n        ^\nSyntaxError: invalid syntax\n\n*** Error compiling '/tmp/pip_build_root/pip/pip/_internal/models/direct_url.py'...\n  File \"/tmp/pip_build_root/pip/pip/_internal/models/direct_url.py\", line 46\n    raise DirectUrlValidationError(f\"{key} must have a value\")\n                                                            ^\nSyntaxError: invalid syntax\n\n*** Error compiling '/tmp/pip_build_root/pip/pip/_internal/models/installation_report.py'...\n  File \"/tmp/pip_build_root/pip/pip/_internal/models/installation_report.py\", line 15\n    assert ireq.download_info, f\"No download_info for {ireq}\"\n                                                            ^\nSyntaxError: invalid syntax\n\n*** Error compiling '/tmp/pip_build_root/pip/pip/_internal/models/link.py'...\n  File \"/tmp/pip_build_root/pip/pip/_internal/models/link.py\", line 54\n    name: str\n        ^\nSyntaxError: invalid syntax\n\n*** Error compiling '/tmp/pip_build_root/pip/pip/_internal/models/search_scope.py'...\n  File \"/tmp/pip_build_root/pip/pip/_internal/models/search_scope.py\", line 40\n    built_find_links: List[str] = []\n                    ^\nSyntaxError: invalid syntax\n\n*** Error compiling '/tmp/pip_build_root/pip/pip/_internal/models/target_python.py'...\n  File \"/tmp/pip_build_root/pip/pip/_internal/models/target_python.py\", line 65\n    self._valid_tags: Optional[List[Tag]] = None\n                    ^\nSyntaxError: invalid syntax\n\n*** Error compiling '/tmp/pip_build_root/pip/pip/_internal/models/wheel.py'...\n  File \"/tmp/pip_build_root/pip/pip/_internal/models/wheel.py\", line 28\n    raise InvalidWheelFilename(f\"{filename} is not a valid wheel filename.\")\n                                                                          ^\nSyntaxError: invalid syntax\n\n*** Error compiling '/tmp/pip_build_root/pip/pip/_internal/network/auth.py'...\n  File \"/tmp/pip_build_root/pip/pip/_internal/network/auth.py\", line 79\n    self.passwords: Dict[str, AuthInfo] = {}\n                  ^\nSyntaxError: invalid syntax\n\n*** Error compiling '/tmp/pip_build_root/pip/pip/_internal/network/download.py'...\n  File \"/tmp/pip_build_root/pip/pip/_internal/network/download.py\", line 103\n    ext: Optional[str] = splitext(filename)[1]\n       ^\nSyntaxError: invalid syntax\n\n*** Error compiling '/tmp/pip_build_root/pip/pip/_internal/network/lazy_wheel.py'...\n  File \"/tmp/pip_build_root/pip/pip/_internal/network/lazy_wheel.py\", line 59\n    self._left: List[int] = []\n              ^\nSyntaxError: invalid syntax\n\n*** Error compiling '/tmp/pip_build_root/pip/pip/_internal/network/session.py'...\n  File \"/tmp/pip_build_root/pip/pip/_internal/network/session.py\", line 67\n    SECURE_ORIGINS: List[SecureOrigin] = [\n                  ^\nSyntaxError: invalid syntax\n\n*** Error compiling '/tmp/pip_build_root/pip/pip/_internal/network/utils.py'...\n  File \"/tmp/pip_build_root/pip/pip/_internal/network/utils.py\", line 26\n    HEADERS: Dict[str, str] = {\"Accept-Encoding\": \"identity\"}\n           ^\nSyntaxError: invalid syntax\n\n*** Error compiling '/tmp/pip_build_root/pip/pip/_internal/operations/build/build_tracker.py'...\n  File \"/tmp/pip_build_root/pip/pip/_internal/operations/build/build_tracker.py\", line 21\n    saved_values: Dict[str, Union[object, str]] = {}\n                ^\nSyntaxError: invalid syntax\n\n*** Error compiling '/tmp/pip_build_root/pip/pip/_internal/operations/build/metadata_legacy.py'...\n  File \"/tmp/pip_build_root/pip/pip/_internal/operations/build/metadata_legacy.py\", line 26\n    raise InstallationError(f\"No .egg-info directory found in {directory}\")\n                                                                         ^\nSyntaxError: invalid syntax\n\n*** Error compiling '/tmp/pip_build_root/pip/pip/_internal/operations/build/wheel.py'...\n  File \"/tmp/pip_build_root/pip/pip/_internal/operations/build/wheel.py\", line 27\n    f\"Building wheel for {name} (pyproject.toml)\"\n                                                ^\nSyntaxError: invalid syntax\n\n*** Error compiling '/tmp/pip_build_root/pip/pip/_internal/operations/build/wheel_editable.py'...\n  File \"/tmp/pip_build_root/pip/pip/_internal/operations/build/wheel_editable.py\", line 27\n    f\"Building editable for {name} (pyproject.toml)\"\n                                                   ^\nSyntaxError: invalid syntax\n\n*** Error compiling '/tmp/pip_build_root/pip/pip/_internal/operations/build/wheel_legacy.py'...\n  File \"/tmp/pip_build_root/pip/pip/_internal/operations/build/wheel_legacy.py\", line 18\n    text = f\"Command arguments: {command_desc}\\n\"\n                                                ^\nSyntaxError: invalid syntax\n\n*** Error compiling '/tmp/pip_build_root/pip/pip/_internal/operations/check.py'...\n  File \"/tmp/pip_build_root/pip/pip/_internal/operations/check.py\", line 19\n    version: DistributionVersion\n           ^\nSyntaxError: invalid syntax\n\n*** Error compiling '/tmp/pip_build_root/pip/pip/_internal/operations/freeze.py'...\n  File \"/tmp/pip_build_root/pip/pip/_internal/operations/freeze.py\", line 22\n    requirement: str\n               ^\nSyntaxError: invalid syntax\n\n*** Error compiling '/tmp/pip_build_root/pip/pip/_internal/operations/install/legacy.py'...\n  File \"/tmp/pip_build_root/pip/pip/_internal/operations/install/legacy.py\", line 94\n    f\"Running setup.py install for {req_name}\"\n                                             ^\nSyntaxError: invalid syntax\n\n*** Error compiling '/tmp/pip_build_root/pip/pip/_internal/operations/install/wheel.py'...\n  File \"/tmp/pip_build_root/pip/pip/_internal/operations/install/wheel.py\", line 66\n    src_record_path: \"RecordPath\"\n                   ^\nSyntaxError: invalid syntax\n\n*** Error compiling '/tmp/pip_build_root/pip/pip/_internal/operations/prepare.py'...\n  File \"/tmp/pip_build_root/pip/pip/_internal/operations/prepare.py\", line 259\n    self._downloaded: Dict[str, str] = {}\n                    ^\nSyntaxError: invalid syntax\n\n*** Error compiling '/tmp/pip_build_root/pip/pip/_internal/pyproject.py'...\n  File \"/tmp/pip_build_root/pip/pip/_internal/pyproject.py\", line 58\n    f\"{req_name} does not appear to be a Python project: \"\n                                                         ^\nSyntaxError: invalid syntax\n\n*** Error compiling '/tmp/pip_build_root/pip/pip/_internal/req/__init__.py'...\n  File \"/tmp/pip_build_root/pip/pip/_internal/req/__init__.py\", line 26\n    return f\"InstallationResult(name={self.name!r})\"\n                                                   ^\nSyntaxError: invalid syntax\n\n*** Error compiling '/tmp/pip_build_root/pip/pip/_internal/req/constructors.py'...\n  File \"/tmp/pip_build_root/pip/pip/_internal/req/constructors.py\", line 92\n    if url.lower().startswith(f\"{version_control}:\"):\n                                                  ^\nSyntaxError: invalid syntax\n\n*** Error compiling '/tmp/pip_build_root/pip/pip/_internal/req/req_file.py'...\n  File \"/tmp/pip_build_root/pip/pip/_internal/req/req_file.py\", line 53\n    SUPPORTED_OPTIONS: List[Callable[..., optparse.Option]] = [\n                     ^\nSyntaxError: invalid syntax\n\n*** Error compiling '/tmp/pip_build_root/pip/pip/_internal/req/req_install.py'...\n  File \"/tmp/pip_build_root/pip/pip/_internal/req/req_install.py\", line 101\n    self.legacy_install_reason: Optional[LegacyInstallReason] = None\n                              ^\nSyntaxError: invalid syntax\n\n*** Error compiling '/tmp/pip_build_root/pip/pip/_internal/req/req_set.py'...\n  File \"/tmp/pip_build_root/pip/pip/_internal/req/req_set.py\", line 16\n    self.requirements: Dict[str, InstallRequirement] = OrderedDict()\n                     ^\nSyntaxError: invalid syntax\n\n*** Error compiling '/tmp/pip_build_root/pip/pip/_internal/req/req_uninstall.py'...\n  File \"/tmp/pip_build_root/pip/pip/_internal/req/req_uninstall.py\", line 31\n    yield f\"{exe_name}.exe\"\n                          ^\nSyntaxError: invalid syntax\n\n*** Error compiling '/tmp/pip_build_root/pip/pip/_internal/resolution/legacy/resolver.py'...\n  File \"/tmp/pip_build_root/pip/pip/_internal/resolution/legacy/resolver.py\", line 156\n    self._discovered_dependencies: DiscoveredDependencies = defaultdict(list)\n                                 ^\nSyntaxError: invalid syntax\n\n*** Error compiling '/tmp/pip_build_root/pip/pip/_internal/resolution/resolvelib/candidates.py'...\n  File \"/tmp/pip_build_root/pip/pip/_internal/resolution/resolvelib/candidates.py\", line 107\n    line = f\"{dist.canonical_name} @ {template.link.url}\"\n                                                        ^\nSyntaxError: invalid syntax\n\n*** Error compiling '/tmp/pip_build_root/pip/pip/_internal/resolution/resolvelib/factory.py'...\n  File \"/tmp/pip_build_root/pip/pip/_internal/resolution/resolvelib/factory.py\", line 72\n    requirement: RequiresPythonRequirement\n               ^\nSyntaxError: invalid syntax\n\n*** Error compiling '/tmp/pip_build_root/pip/pip/_internal/resolution/resolvelib/found_candidates.py'...\n  File \"/tmp/pip_build_root/pip/pip/_internal/resolution/resolvelib/found_candidates.py\", line 43\n    versions_found: Set[_BaseVersion] = set()\n                  ^\nSyntaxError: invalid syntax\n\n*** Error compiling '/tmp/pip_build_root/pip/pip/_internal/resolution/resolvelib/provider.py'...\n  File \"/tmp/pip_build_root/pip/pip/_internal/resolution/resolvelib/provider.py\", line 102\n    self._known_depths: Dict[str, float] = collections.defaultdict(lambda: math.inf)\n                      ^\nSyntaxError: invalid syntax\n\n*** Error compiling '/tmp/pip_build_root/pip/pip/_internal/resolution/resolvelib/reporter.py'...\n  File \"/tmp/pip_build_root/pip/pip/_internal/resolution/resolvelib/reporter.py\", line 14\n    self.backtracks_by_package: DefaultDict[str, int] = defaultdict(int)\n                              ^\nSyntaxError: invalid syntax\n\n*** Error compiling '/tmp/pip_build_root/pip/pip/_internal/resolution/resolvelib/requirements.py'...\n  File \"/tmp/pip_build_root/pip/pip/_internal/resolution/resolvelib/requirements.py\", line 85\n    f\"Internal issue: Candidate is not for this requirement \"\n                                                            ^\nSyntaxError: invalid syntax\n\n*** Error compiling '/tmp/pip_build_root/pip/pip/_internal/resolution/resolvelib/resolver.py'...\n  File \"/tmp/pip_build_root/pip/pip/_internal/resolution/resolvelib/resolver.py\", line 68\n    self._result: Optional[Result] = None\n                ^\nSyntaxError: invalid syntax\n\n*** Error compiling '/tmp/pip_build_root/pip/pip/_internal/self_outdated_check.py'...\n  File \"/tmp/pip_build_root/pip/pip/_internal/self_outdated_check.py\", line 45\n    self._state: Dict[str, Any] = {}\n               ^\nSyntaxError: invalid syntax\n\n*** Error compiling '/tmp/pip_build_root/pip/pip/_internal/utils/compat.py'...\n  File \"/tmp/pip_build_root/pip/pip/_internal/utils/compat.py\", line 50\n    raise OSError(f\"{path} is a symlink; Will not return uid for symlinks\")\n                                                                         ^\nSyntaxError: invalid syntax\n\n*** Error compiling '/tmp/pip_build_root/pip/pip/_internal/utils/compatibility_tags.py'...\n  File \"/tmp/pip_build_root/pip/pip/_internal/utils/compatibility_tags.py\", line 109\n    return f\"{implementation}{version}\"\n                                      ^\nSyntaxError: invalid syntax\n\n*** Error compiling '/tmp/pip_build_root/pip/pip/_internal/utils/deprecation.py'...\n  File \"/tmp/pip_build_root/pip/pip/_internal/utils/deprecation.py\", line 20\n    _original_showwarning: Any = None\n                         ^\nSyntaxError: invalid syntax\n\n*** Error compiling '/tmp/pip_build_root/pip/pip/_internal/utils/direct_url_helpers.py'...\n  File \"/tmp/pip_build_root/pip/pip/_internal/utils/direct_url_helpers.py\", line 82\n    hash = f\"{hash_name}={link.hash}\"\n                                    ^\nSyntaxError: invalid syntax\n\n*** Error compiling '/tmp/pip_build_root/pip/pip/_internal/utils/encoding.py'...\n  File \"/tmp/pip_build_root/pip/pip/_internal/utils/encoding.py\", line 7\n    BOMS: List[Tuple[bytes, str]] = [\n        ^\nSyntaxError: invalid syntax\n\n*** Error compiling '/tmp/pip_build_root/pip/pip/_internal/utils/entrypoints.py'...\n  File \"/tmp/pip_build_root/pip/pip/_internal/utils/entrypoints.py\", line 12\n    f\"pip{sys.version_info.major}\",\n                                 ^\nSyntaxError: invalid syntax\n\n*** Error compiling '/tmp/pip_build_root/pip/pip/_internal/utils/filesystem.py'...\n  File \"/tmp/pip_build_root/pip/pip/_internal/utils/filesystem.py\", line 58\n    **kwargs,\n            ^\nSyntaxError: invalid syntax\n\n*** Error compiling '/tmp/pip_build_root/pip/pip/_internal/utils/filetypes.py'...\n  File \"/tmp/pip_build_root/pip/pip/_internal/utils/filetypes.py\", line 9\n    BZ2_EXTENSIONS: Tuple[str, ...] = (\".tar.bz2\", \".tbz\")\n                  ^\nSyntaxError: invalid syntax\n\n*** Error compiling '/tmp/pip_build_root/pip/pip/_internal/utils/hashes.py'...\n  File \"/tmp/pip_build_root/pip/pip/_internal/utils/hashes.py\", line 82\n    raise InstallationError(f\"Unknown hash name: {hash_name}\")\n                                                            ^\nSyntaxError: invalid syntax\n\n*** Error compiling '/tmp/pip_build_root/pip/pip/_internal/utils/logging.py'...\n  File \"/tmp/pip_build_root/pip/pip/_internal/utils/logging.py\", line 80\n    **kwargs: Any,\n                 ^\nSyntaxError: invalid syntax\n\n*** Error compiling '/tmp/pip_build_root/pip/pip/_internal/utils/misc.py'...\n  File \"/tmp/pip_build_root/pip/pip/_internal/utils/misc.py\", line 116\n    return f\"{sys.executable} -m pip\"\n                                    ^\nSyntaxError: invalid syntax\n\n*** Error compiling '/tmp/pip_build_root/pip/pip/_internal/utils/subprocess.py'...\n  File \"/tmp/pip_build_root/pip/pip/_internal/utils/subprocess.py\", line 36\n    command_args: CommandArgs = []\n                ^\nSyntaxError: invalid syntax\n\n*** Error compiling '/tmp/pip_build_root/pip/pip/_internal/utils/temp_dir.py'...\n  File \"/tmp/pip_build_root/pip/pip/_internal/utils/temp_dir.py\", line 25\n    _tempdir_manager: Optional[ExitStack] = None\n                    ^\nSyntaxError: invalid syntax\n\n*** Error compiling '/tmp/pip_build_root/pip/pip/_internal/utils/unpacking.py'...\n  File \"/tmp/pip_build_root/pip/pip/_internal/utils/unpacking.py\", line 257\n    raise InstallationError(f\"Cannot determine archive format of {location}\")\n                                                                           ^\nSyntaxError: invalid syntax\n\n*** Error compiling '/tmp/pip_build_root/pip/pip/_internal/utils/urls.py'...\n  File \"/tmp/pip_build_root/pip/pip/_internal/utils/urls.py\", line 32\n    ), f\"You can only turn file: urls into filenames (not {url!r})\"\n                                                                  ^\nSyntaxError: invalid syntax\n\n*** Error compiling '/tmp/pip_build_root/pip/pip/_internal/utils/wheel.py'...\n  File \"/tmp/pip_build_root/pip/pip/_internal/utils/wheel.py\", line 77\n    raise UnsupportedWheel(f\"could not read {path!r} file: {e!r}\")\n                                                                ^\nSyntaxError: invalid syntax\n\n*** Error compiling '/tmp/pip_build_root/pip/pip/_internal/vcs/bazaar.py'...\n  File \"/tmp/pip_build_root/pip/pip/_internal/vcs/bazaar.py\", line 51\n    flag = f\"-{'v'*verbosity}\"\n                             ^\nSyntaxError: invalid syntax\n\n*** Error compiling '/tmp/pip_build_root/pip/pip/_internal/vcs/git.py'...\n  File \"/tmp/pip_build_root/pip/pip/_internal/vcs/git.py\", line 162\n    raise ValueError(f\"unexpected show-ref line: {line!r}\")\n                                                         ^\nSyntaxError: invalid syntax\n\n*** Error compiling '/tmp/pip_build_root/pip/pip/_internal/vcs/mercurial.py'...\n  File \"/tmp/pip_build_root/pip/pip/_internal/vcs/mercurial.py\", line 47\n    flags: Tuple[str, ...] = (\"--quiet\",)\n         ^\nSyntaxError: invalid syntax\n\n*** Error compiling '/tmp/pip_build_root/pip/pip/_internal/vcs/subversion.py'...\n  File \"/tmp/pip_build_root/pip/pip/_internal/vcs/subversion.py\", line 100\n    extra_args: CommandArgs = []\n              ^\nSyntaxError: invalid syntax\n\n*** Error compiling '/tmp/pip_build_root/pip/pip/_internal/vcs/versioncontrol.py'...\n  File \"/tmp/pip_build_root/pip/pip/_internal/vcs/versioncontrol.py\", line 78\n    req = f\"{repo_url}@{rev}#egg={egg_project_name}\"\n                                                   ^\nSyntaxError: invalid syntax\n\n*** Error compiling '/tmp/pip_build_root/pip/pip/_internal/wheel_builder.py'...\n  File \"/tmp/pip_build_root/pip/pip/_internal/wheel_builder.py\", line 186\n    msg = f\"Invalid Metadata-Version: {metadata_version_value}\"\n                                                              ^\nSyntaxError: invalid syntax\n\n*** Error compiling '/tmp/pip_build_root/pip/pip/_vendor/chardet/__init__.py'...\n  File \"/tmp/pip_build_root/pip/pip/_vendor/chardet/__init__.py\", line 35\n    f\"Expected object of type bytes or bytearray, got: {type(byte_str)}\"\n                                                                       ^\nSyntaxError: invalid syntax\n\n*** Error compiling '/tmp/pip_build_root/pip/pip/_vendor/chardet/cli/chardetect.py'...\n  File \"/tmp/pip_build_root/pip/pip/_vendor/chardet/cli/chardetect.py\", line 43\n    return f'{name}: {result[\"encoding\"]} with confidence {result[\"confidence\"]}'\n                                                                                ^\nSyntaxError: invalid syntax\n\n*** Error compiling '/tmp/pip_build_root/pip/pip/_vendor/chardet/metadata/languages.py'...\n  File \"/tmp/pip_build_root/pip/pip/_vendor/chardet/metadata/languages.py\", line 60\n    f\"{k}={v!r}\" for k, v in self.__dict__.items() if not k.startswith(\"_\")\n               ^\nSyntaxError: invalid syntax\n\n*** Error compiling '/tmp/pip_build_root/pip/pip/_vendor/distro/distro.py'...\n  File \"/tmp/pip_build_root/pip/pip/_vendor/distro/distro.py\", line 62\n    major: str\n         ^\nSyntaxError: invalid syntax\n\n*** Error compiling '/tmp/pip_build_root/pip/pip/_vendor/packaging/_manylinux.py'...\n  File \"/tmp/pip_build_root/pip/pip/_vendor/packaging/_manylinux.py\", line 39\n    result: Tuple[int, ...] = struct.unpack(fmt, data)\n          ^\nSyntaxError: invalid syntax\n\n*** Error compiling '/tmp/pip_build_root/pip/pip/_vendor/packaging/_musllinux.py'...\n  File \"/tmp/pip_build_root/pip/pip/_vendor/packaging/_musllinux.py\", line 72\n    major: int\n         ^\nSyntaxError: invalid syntax\n\n*** Error compiling '/tmp/pip_build_root/pip/pip/_vendor/packaging/markers.py'...\n  File \"/tmp/pip_build_root/pip/pip/_vendor/packaging/markers.py\", line 63\n    return f\"<{self.__class__.__name__}('{self}')>\"\n                                                  ^\nSyntaxError: invalid syntax\n\n*** Error compiling '/tmp/pip_build_root/pip/pip/_vendor/packaging/requirements.py'...\n  File \"/tmp/pip_build_root/pip/pip/_vendor/packaging/requirements.py\", line 105\n    f'Parse error at \"{ requirement_string[e.loc : e.loc + 8]!r}\": {e.msg}'\n                                                                          ^\nSyntaxError: invalid syntax\n\n*** Error compiling '/tmp/pip_build_root/pip/pip/_vendor/packaging/specifiers.py'...\n  File \"/tmp/pip_build_root/pip/pip/_vendor/packaging/specifiers.py\", line 92\n    _operators: Dict[str, str] = {}\n              ^\nSyntaxError: invalid syntax\n\n*** Error compiling '/tmp/pip_build_root/pip/pip/_vendor/packaging/tags.py'...\n  File \"/tmp/pip_build_root/pip/pip/_vendor/packaging/tags.py\", line 30\n    INTERPRETER_SHORT_NAMES: Dict[str, str] = {\n                           ^\nSyntaxError: invalid syntax\n\n*** Error compiling '/tmp/pip_build_root/pip/pip/_vendor/packaging/utils.py'...\n  File \"/tmp/pip_build_root/pip/pip/_vendor/packaging/utils.py\", line 56\n    parts.append(f\"{parsed.epoch}!\")\n                                  ^\nSyntaxError: invalid syntax\n\n*** Error compiling '/tmp/pip_build_root/pip/pip/_vendor/packaging/version.py'...\n  File \"/tmp/pip_build_root/pip/pip/_vendor/packaging/version.py\", line 61\n    _key: Union[CmpKey, LegacyCmpKey]\n        ^\nSyntaxError: invalid syntax\n\n*** Error compiling '/tmp/pip_build_root/pip/pip/_vendor/platformdirs/__init__.py'...\n  File \"/tmp/pip_build_root/pip/pip/_vendor/platformdirs/__init__.py\", line 5\n    from __future__ import annotations\nSyntaxError: future feature annotations is not defined\n\n*** Error compiling '/tmp/pip_build_root/pip/pip/_vendor/platformdirs/__main__.py'...\n  File \"/tmp/pip_build_root/pip/pip/_vendor/platformdirs/__main__.py\", line 22\n    print(f\"-- platformdirs {__version__} --\")\n                                            ^\nSyntaxError: invalid syntax\n\n*** Error compiling '/tmp/pip_build_root/pip/pip/_vendor/platformdirs/android.py'...\n  File \"/tmp/pip_build_root/pip/pip/_vendor/platformdirs/android.py\", line 89\n    result: str | None = Context.getFilesDir().getParentFile().getAbsolutePath()\n          ^\nSyntaxError: invalid syntax\n\n*** Error compiling '/tmp/pip_build_root/pip/pip/_vendor/platformdirs/api.py'...\n  File \"/tmp/pip_build_root/pip/pip/_vendor/platformdirs/api.py\", line 1\n    from __future__ import annotations\nSyntaxError: future feature annotations is not defined\n\n*** Error compiling '/tmp/pip_build_root/pip/pip/_vendor/platformdirs/macos.py'...\n  File \"/tmp/pip_build_root/pip/pip/_vendor/platformdirs/macos.py\", line 1\n    from __future__ import annotations\nSyntaxError: future feature annotations is not defined\n\n*** Error compiling '/tmp/pip_build_root/pip/pip/_vendor/platformdirs/unix.py'...\n  File \"/tmp/pip_build_root/pip/pip/_vendor/platformdirs/unix.py\", line 51\n    path = f\"/usr/local/share{os.pathsep}/usr/share\"\n                                                   ^\nSyntaxError: invalid syntax\n\n*** Error compiling '/tmp/pip_build_root/pip/pip/_vendor/platformdirs/windows.py'...\n  File \"/tmp/pip_build_root/pip/pip/_vendor/platformdirs/windows.py\", line 113\n    raise ValueError(f\"Unknown CSIDL name: {csidl_name}\")\n                                                       ^\nSyntaxError: invalid syntax\n\n*** Error compiling '/tmp/pip_build_root/pip/pip/_vendor/pygments/formatters/html.py'...\n  File \"/tmp/pip_build_root/pip/pip/_vendor/pygments/formatters/html.py\", line 717\n    yield 0, (f'<table class=\"{self.cssclass}table\">' + filename_tr +\n                                                    ^\nSyntaxError: invalid syntax\n\n*** Error compiling '/tmp/pip_build_root/pip/pip/_vendor/pyparsing/__init__.py'...\n  File \"/tmp/pip_build_root/pip/pip/_vendor/pyparsing/__init__.py\", line 100\n    major: int\n         ^\nSyntaxError: invalid syntax\n\n*** Error compiling '/tmp/pip_build_root/pip/pip/_vendor/pyparsing/core.py'...\n  File \"/tmp/pip_build_root/pip/pip/_vendor/pyparsing/core.py\", line 50\n    str_type: Tuple[type, ...] = (str, bytes)\n            ^\nSyntaxError: invalid syntax\n\n*** Error compiling '/tmp/pip_build_root/pip/pip/_vendor/pyparsing/diagram/__init__.py'...\n  File \"/tmp/pip_build_root/pip/pip/_vendor/pyparsing/diagram/__init__.py\", line 251\n    self.element: pyparsing.ParserElement = element\n                ^\nSyntaxError: invalid syntax\n\n*** Error compiling '/tmp/pip_build_root/pip/pip/_vendor/pyparsing/helpers.py'...\n  File \"/tmp/pip_build_root/pip/pip/_vendor/pyparsing/helpers.py\", line 22\n    ) -> ParserElement:\n    ^\nSyntaxError: invalid syntax\n\n*** Error compiling '/tmp/pip_build_root/pip/pip/_vendor/pyparsing/results.py'...\n  File \"/tmp/pip_build_root/pip/pip/_vendor/pyparsing/results.py\", line 7\n    str_type: Tuple[type, ...] = (str, bytes)\n            ^\nSyntaxError: invalid syntax\n\n*** Error compiling '/tmp/pip_build_root/pip/pip/_vendor/pyparsing/testing.py'...\n  File \"/tmp/pip_build_root/pip/pip/_vendor/pyparsing/testing.py\", line 186\n    for rpt, expected in zip(run_test_results, expected_parse_results)\n                        ^\nSyntaxError: can use starred expression only as assignment target\n\n*** Error compiling '/tmp/pip_build_root/pip/pip/_vendor/pyparsing/unicode.py'...\n  File \"/tmp/pip_build_root/pip/pip/_vendor/pyparsing/unicode.py\", line 53\n    _ranges: UnicodeRangeList = []\n           ^\nSyntaxError: invalid syntax\n\n*** Error compiling '/tmp/pip_build_root/pip/pip/_vendor/pyparsing/util.py'...\n  File \"/tmp/pip_build_root/pip/pip/_vendor/pyparsing/util.py\", line 15\n    _all_names: List[str] = []\n              ^\nSyntaxError: invalid syntax\n\n*** Error compiling '/tmp/pip_build_root/pip/pip/_vendor/requests/adapters.py'...\n  File \"/tmp/pip_build_root/pip/pip/_vendor/requests/adapters.py\", line 198\n    **pool_kwargs,\n                 ^\nSyntaxError: invalid syntax\n\n*** Error compiling '/tmp/pip_build_root/pip/pip/_vendor/requests/auth.py'...\n  File \"/tmp/pip_build_root/pip/pip/_vendor/requests/auth.py\", line 176\n    KD = lambda s, d: hash_utf8(f\"{s}:{d}\")  # noqa:E731\n                                         ^\nSyntaxError: invalid syntax\n\n*** Error compiling '/tmp/pip_build_root/pip/pip/_vendor/requests/cookies.py'...\n  File \"/tmp/pip_build_root/pip/pip/_vendor/requests/cookies.py\", line 384\n    raise KeyError(f\"name={name!r}, domain={domain!r}, path={path!r}\")\n                                                                    ^\nSyntaxError: invalid syntax\n\n*** Error compiling '/tmp/pip_build_root/pip/pip/_vendor/requests/help.py'...\n  File \"/tmp/pip_build_root/pip/pip/_vendor/requests/help.py\", line 95\n    \"openssl_version\": f\"{OpenSSL.SSL.OPENSSL_VERSION_NUMBER:x}\",\n                                                               ^\nSyntaxError: invalid syntax\n\n*** Error compiling '/tmp/pip_build_root/pip/pip/_vendor/requests/models.py'...\n  File \"/tmp/pip_build_root/pip/pip/_vendor/requests/models.py\", line 211\n    raise ValueError(f'Unsupported event specified, with event name \"{event}\"')\n                                                                             ^\nSyntaxError: invalid syntax\n\n*** Error compiling '/tmp/pip_build_root/pip/pip/_vendor/requests/sessions.py'...\n  File \"/tmp/pip_build_root/pip/pip/_vendor/requests/sessions.py\", line 169\n    **adapter_kwargs,\n                    ^\nSyntaxError: invalid syntax\n\n*** Error compiling '/tmp/pip_build_root/pip/pip/_vendor/requests/status_codes.py'...\n  File \"/tmp/pip_build_root/pip/pip/_vendor/requests/status_codes.py\", line 117\n    names = \", \".join(f\"``{n}``\" for n in _codes[code])\n                               ^\nSyntaxError: invalid syntax\n\n*** Error compiling '/tmp/pip_build_root/pip/pip/_vendor/requests/structures.py'...\n  File \"/tmp/pip_build_root/pip/pip/_vendor/requests/structures.py\", line 91\n    return f\"<lookup '{self.name}'>\"\n                                   ^\nSyntaxError: invalid syntax\n\n*** Error compiling '/tmp/pip_build_root/pip/pip/_vendor/requests/utils.py'...\n  File \"/tmp/pip_build_root/pip/pip/_vendor/requests/utils.py\", line 201\n    netrc_locations = (f\"~/{f}\" for f in NETRC_FILES)\n                              ^\nSyntaxError: invalid syntax\n\n*** Error compiling '/tmp/pip_build_root/pip/pip/_vendor/rich/__init__.py'...\n  File \"/tmp/pip_build_root/pip/pip/_vendor/rich/__init__.py\", line 14\n    _console: Optional[\"Console\"] = None\n            ^\nSyntaxError: invalid syntax\n\n*** Error compiling '/tmp/pip_build_root/pip/pip/_vendor/rich/__main__.py'...\n  File \"/tmp/pip_build_root/pip/pip/_vendor/rich/__main__.py\", line 235\n    print(f\"rendered in {pre_cache_taken}ms (cold cache)\")\n                                                        ^\nSyntaxError: invalid syntax\n\n*** Error compiling '/tmp/pip_build_root/pip/pip/_vendor/rich/_inspect.py'...\n  File \"/tmp/pip_build_root/pip/pip/_vendor/rich/_inspect.py\", line 52\n    ) -> None:\n    ^\nSyntaxError: invalid syntax\n\n*** Error compiling '/tmp/pip_build_root/pip/pip/_vendor/rich/_log_render.py'...\n  File \"/tmp/pip_build_root/pip/pip/_vendor/rich/_log_render.py\", line 30\n    self._last_time: Optional[Text] = None\n                   ^\nSyntaxError: invalid syntax\n\n*** Error compiling '/tmp/pip_build_root/pip/pip/_vendor/rich/_ratio.py'...\n  File \"/tmp/pip_build_root/pip/pip/_vendor/rich/_ratio.py\", line 15\n    size: Optional[int] = None\n        ^\nSyntaxError: invalid syntax\n\n*** Error compiling '/tmp/pip_build_root/pip/pip/_vendor/rich/_timer.py'...\n  File \"/tmp/pip_build_root/pip/pip/_vendor/rich/_timer.py\", line 19\n    print(f\"{subject} elapsed {elapsed_ms:.1f}ms\")\n                                                ^\nSyntaxError: invalid syntax\n\n*** Error compiling '/tmp/pip_build_root/pip/pip/_vendor/rich/_win32_console.py'...\n  File \"/tmp/pip_build_root/pip/pip/_vendor/rich/_win32_console.py\", line 9\n    windll: Any = None\n          ^\nSyntaxError: invalid syntax\n\n*** Error compiling '/tmp/pip_build_root/pip/pip/_vendor/rich/_windows.py'...\n  File \"/tmp/pip_build_root/pip/pip/_vendor/rich/_windows.py\", line 9\n    vt: bool = False\n      ^\nSyntaxError: invalid syntax\n\n*** Error compiling '/tmp/pip_build_root/pip/pip/_vendor/rich/_windows_renderer.py'...\n  File \"/tmp/pip_build_root/pip/pip/_vendor/rich/_windows_renderer.py\", line 21\n    control_codes: Sequence[ControlCode] = control\n                 ^\nSyntaxError: invalid syntax\n\n*** Error compiling '/tmp/pip_build_root/pip/pip/_vendor/rich/_wrap.py'...\n  File \"/tmp/pip_build_root/pip/pip/_vendor/rich/_wrap.py\", line 21\n    divides: List[int] = []\n           ^\nSyntaxError: invalid syntax\n\n*** Error compiling '/tmp/pip_build_root/pip/pip/_vendor/rich/align.py'...\n  File \"/tmp/pip_build_root/pip/pip/_vendor/rich/align.py\", line 49\n    ) -> None:\n    ^\nSyntaxError: invalid syntax\n\n*** Error compiling '/tmp/pip_build_root/pip/pip/_vendor/rich/ansi.py'...\n  File \"/tmp/pip_build_root/pip/pip/_vendor/rich/ansi.py\", line 22\n    plain: str = \"\"\n         ^\nSyntaxError: invalid syntax\n\n*** Error compiling '/tmp/pip_build_root/pip/pip/_vendor/rich/bar.py'...\n  File \"/tmp/pip_build_root/pip/pip/_vendor/rich/bar.py\", line 38\n    ):\n    ^\nSyntaxError: invalid syntax\n\n*** Error compiling '/tmp/pip_build_root/pip/pip/_vendor/rich/box.py'...\n  File \"/tmp/pip_build_root/pip/pip/_vendor/rich/box.py\", line 111\n    parts: List[str] = []\n         ^\nSyntaxError: invalid syntax\n\n*** Error compiling '/tmp/pip_build_root/pip/pip/_vendor/rich/cells.py'...\n  File \"/tmp/pip_build_root/pip/pip/_vendor/rich/cells.py\", line 132\n    lines: List[List[str]] = [[]]\n         ^\nSyntaxError: invalid syntax\n\n*** Error compiling '/tmp/pip_build_root/pip/pip/_vendor/rich/color.py'...\n  File \"/tmp/pip_build_root/pip/pip/_vendor/rich/color.py\", line 30\n    return f\"ColorSystem.{self.name}\"\n                                    ^\nSyntaxError: invalid syntax\n\n*** Error compiling '/tmp/pip_build_root/pip/pip/_vendor/rich/color_triplet.py'...\n  File \"/tmp/pip_build_root/pip/pip/_vendor/rich/color_triplet.py\", line 7\n    red: int\n       ^\nSyntaxError: invalid syntax\n\n*** Error compiling '/tmp/pip_build_root/pip/pip/_vendor/rich/columns.py'...\n  File \"/tmp/pip_build_root/pip/pip/_vendor/rich/columns.py\", line 43\n    ) -> None:\n    ^\nSyntaxError: invalid syntax\n\n*** Error compiling '/tmp/pip_build_root/pip/pip/_vendor/rich/console.py'...\n  File \"/tmp/pip_build_root/pip/pip/_vendor/rich/console.py\", line 113\n    width: int\n         ^\nSyntaxError: invalid syntax\n\n*** Error compiling '/tmp/pip_build_root/pip/pip/_vendor/rich/containers.py'...\n  File \"/tmp/pip_build_root/pip/pip/_vendor/rich/containers.py\", line 36\n    self._renderables: List[\"RenderableType\"] = (\n                     ^\nSyntaxError: invalid syntax\n\n*** Error compiling '/tmp/pip_build_root/pip/pip/_vendor/rich/control.py'...\n  File \"/tmp/pip_build_root/pip/pip/_vendor/rich/control.py\", line 15\n    STRIP_CONTROL_CODES: Final = [\n                       ^\nSyntaxError: invalid syntax\n\n*** Error compiling '/tmp/pip_build_root/pip/pip/_vendor/rich/default_styles.py'...\n  File \"/tmp/pip_build_root/pip/pip/_vendor/rich/default_styles.py\", line 5\n    DEFAULT_STYLES: Dict[str, Style] = {\n                  ^\nSyntaxError: invalid syntax\n\n*** Error compiling '/tmp/pip_build_root/pip/pip/_vendor/rich/diagnose.py'...\n  File \"/tmp/pip_build_root/pip/pip/_vendor/rich/diagnose.py\", line 33\n    console.print(f'platform=\"{platform.system()}\"')\n                                                  ^\nSyntaxError: invalid syntax\n\n*** Error compiling '/tmp/pip_build_root/pip/pip/_vendor/rich/emoji.py'...\n  File \"/tmp/pip_build_root/pip/pip/_vendor/rich/emoji.py\", line 53\n    raise NoEmoji(f\"No emoji called {name!r}\")\n                                            ^\nSyntaxError: invalid syntax\n\n*** Error compiling '/tmp/pip_build_root/pip/pip/_vendor/rich/file_proxy.py'...\n  File \"/tmp/pip_build_root/pip/pip/_vendor/rich/file_proxy.py\", line 17\n    self.__buffer: List[str] = []\n                 ^\nSyntaxError: invalid syntax\n\n*** Error compiling '/tmp/pip_build_root/pip/pip/_vendor/rich/filesize.py'...\n  File \"/tmp/pip_build_root/pip/pip/_vendor/rich/filesize.py\", line 26\n    ) -> str:\n    ^\nSyntaxError: invalid syntax\n\n*** Error compiling '/tmp/pip_build_root/pip/pip/_vendor/rich/highlighter.py'...\n  File \"/tmp/pip_build_root/pip/pip/_vendor/rich/highlighter.py\", line 37\n    raise TypeError(f\"str or Text instance required, not {text!r}\")\n                                                                 ^\nSyntaxError: invalid syntax\n\n*** Error compiling '/tmp/pip_build_root/pip/pip/_vendor/rich/json.py'...\n  File \"/tmp/pip_build_root/pip/pip/_vendor/rich/json.py\", line 83\n    json_instance: \"JSON\" = cls.__new__(cls)\n                 ^\nSyntaxError: invalid syntax\n\n*** Error compiling '/tmp/pip_build_root/pip/pip/_vendor/rich/jupyter.py'...\n  File \"/tmp/pip_build_root/pip/pip/_vendor/rich/jupyter.py\", line 45\n    **kwargs: Any,\n                 ^\nSyntaxError: invalid syntax\n\n*** Error compiling '/tmp/pip_build_root/pip/pip/_vendor/rich/layout.py'...\n  File \"/tmp/pip_build_root/pip/pip/_vendor/rich/layout.py\", line 35\n    region: Region\n          ^\nSyntaxError: invalid syntax\n\n*** Error compiling '/tmp/pip_build_root/pip/pip/_vendor/rich/live.py'...\n  File \"/tmp/pip_build_root/pip/pip/_vendor/rich/live.py\", line 64\n    ) -> None:\n    ^\nSyntaxError: invalid syntax\n\n*** Error compiling '/tmp/pip_build_root/pip/pip/_vendor/rich/live_render.py'...\n  File \"/tmp/pip_build_root/pip/pip/_vendor/rich/live_render.py\", line 37\n    self._shape: Optional[Tuple[int, int]] = None\n               ^\nSyntaxError: invalid syntax\n\n*** Error compiling '/tmp/pip_build_root/pip/pip/_vendor/rich/logging.py'...\n  File \"/tmp/pip_build_root/pip/pip/_vendor/rich/logging.py\", line 49\n    KEYWORDS: ClassVar[Optional[List[str]]] = [\n            ^\nSyntaxError: invalid syntax\n\n*** Error compiling '/tmp/pip_build_root/pip/pip/_vendor/rich/markup.py'...\n  File \"/tmp/pip_build_root/pip/pip/_vendor/rich/markup.py\", line 23\n    name: str\n        ^\nSyntaxError: invalid syntax\n\n*** Error compiling '/tmp/pip_build_root/pip/pip/_vendor/rich/measure.py'...\n  File \"/tmp/pip_build_root/pip/pip/_vendor/rich/measure.py\", line 14\n    minimum: int\n           ^\nSyntaxError: invalid syntax\n\n*** Error compiling '/tmp/pip_build_root/pip/pip/_vendor/rich/padding.py'...\n  File \"/tmp/pip_build_root/pip/pip/_vendor/rich/padding.py\", line 40\n    ):\n    ^\nSyntaxError: invalid syntax\n\n*** Error compiling '/tmp/pip_build_root/pip/pip/_vendor/rich/palette.py'...\n  File \"/tmp/pip_build_root/pip/pip/_vendor/rich/palette.py\", line 31\n    caption=f\"{len(self._colors)} colors\",\n                                        ^\nSyntaxError: invalid syntax\n\n*** Error compiling '/tmp/pip_build_root/pip/pip/_vendor/rich/panel.py'...\n  File \"/tmp/pip_build_root/pip/pip/_vendor/rich/panel.py\", line 54\n    ) -> None:\n    ^\nSyntaxError: invalid syntax\n\n*** Error compiling '/tmp/pip_build_root/pip/pip/_vendor/rich/pretty.py'...\n  File \"/tmp/pip_build_root/pip/pip/_vendor/rich/pretty.py\", line 250\n    pprint: bool = True\n          ^\nSyntaxError: invalid syntax\n\n*** Error compiling '/tmp/pip_build_root/pip/pip/_vendor/rich/progress.py'...\n  File \"/tmp/pip_build_root/pip/pip/_vendor/rich/progress.py\", line 142\n    columns: List[\"ProgressColumn\"] = (\n           ^\nSyntaxError: invalid syntax\n\n*** Error compiling '/tmp/pip_build_root/pip/pip/_vendor/rich/progress_bar.py'...\n  File \"/tmp/pip_build_root/pip/pip/_vendor/rich/progress_bar.py\", line 55\n    self._pulse_segments: Optional[List[Segment]] = None\n                        ^\nSyntaxError: invalid syntax\n\n*** Error compiling '/tmp/pip_build_root/pip/pip/_vendor/rich/prompt.py'...\n  File \"/tmp/pip_build_root/pip/pip/_vendor/rich/prompt.py\", line 43\n    response_type: type = str\n                 ^\nSyntaxError: invalid syntax\n\n*** Error compiling '/tmp/pip_build_root/pip/pip/_vendor/rich/protocol.py'...\n  File \"/tmp/pip_build_root/pip/pip/_vendor/rich/protocol.py\", line 30\n    rich_visited_set: Set[type] = set()  # Prevent potential infinite loop\n                    ^\nSyntaxError: invalid syntax\n\n*** Error compiling '/tmp/pip_build_root/pip/pip/_vendor/rich/region.py'...\n  File \"/tmp/pip_build_root/pip/pip/_vendor/rich/region.py\", line 7\n    x: int\n     ^\nSyntaxError: invalid syntax\n\n*** Error compiling '/tmp/pip_build_root/pip/pip/_vendor/rich/repr.py'...\n  File \"/tmp/pip_build_root/pip/pip/_vendor/rich/repr.py\", line 48\n    repr_str: List[str] = []\n            ^\nSyntaxError: invalid syntax\n\n*** Error compiling '/tmp/pip_build_root/pip/pip/_vendor/rich/rule.py'...\n  File \"/tmp/pip_build_root/pip/pip/_vendor/rich/rule.py\", line 31\n    ) -> None:\n    ^\nSyntaxError: invalid syntax\n\n*** Error compiling '/tmp/pip_build_root/pip/pip/_vendor/rich/scope.py'...\n  File \"/tmp/pip_build_root/pip/pip/_vendor/rich/scope.py\", line 22\n    ) -> \"ConsoleRenderable\":\n    ^\nSyntaxError: invalid syntax\n\n*** Error compiling '/tmp/pip_build_root/pip/pip/_vendor/rich/screen.py'...\n  File \"/tmp/pip_build_root/pip/pip/_vendor/rich/screen.py\", line 26\n    renderable: \"RenderableType\"\n              ^\nSyntaxError: invalid syntax\n\n*** Error compiling '/tmp/pip_build_root/pip/pip/_vendor/rich/segment.py'...\n  File \"/tmp/pip_build_root/pip/pip/_vendor/rich/segment.py\", line 77\n    text: str\n        ^\nSyntaxError: invalid syntax\n\n*** Error compiling '/tmp/pip_build_root/pip/pip/_vendor/rich/spinner.py'...\n  File \"/tmp/pip_build_root/pip/pip/_vendor/rich/spinner.py\", line 21\n    ) -> None:\n    ^\nSyntaxError: invalid syntax\n\n*** Error compiling '/tmp/pip_build_root/pip/pip/_vendor/rich/status.py'...\n  File \"/tmp/pip_build_root/pip/pip/_vendor/rich/status.py\", line 32\n    ):\n    ^\nSyntaxError: invalid syntax\n\n*** Error compiling '/tmp/pip_build_root/pip/pip/_vendor/rich/style.py'...\n  File \"/tmp/pip_build_root/pip/pip/_vendor/rich/style.py\", line 58\n    _color: Optional[Color]\n          ^\nSyntaxError: invalid syntax\n\n*** Error compiling '/tmp/pip_build_root/pip/pip/_vendor/rich/syntax.py'...\n  File \"/tmp/pip_build_root/pip/pip/_vendor/rich/syntax.py\", line 59\n    ANSI_LIGHT: Dict[TokenType, Style] = {\n              ^\nSyntaxError: invalid syntax\n\n*** Error compiling '/tmp/pip_build_root/pip/pip/_vendor/rich/table.py'...\n  File \"/tmp/pip_build_root/pip/pip/_vendor/rich/table.py\", line 70\n    header: \"RenderableType\" = \"\"\n          ^\nSyntaxError: invalid syntax\n\n*** Error compiling '/tmp/pip_build_root/pip/pip/_vendor/rich/text.py'...\n  File \"/tmp/pip_build_root/pip/pip/_vendor/rich/text.py\", line 34\n    DEFAULT_JUSTIFY: \"JustifyMethod\" = \"default\"\n                   ^\nSyntaxError: invalid syntax\n\n*** Error compiling '/tmp/pip_build_root/pip/pip/_vendor/rich/theme.py'...\n  File \"/tmp/pip_build_root/pip/pip/_vendor/rich/theme.py\", line 16\n    styles: Dict[str, Style]\n          ^\nSyntaxError: invalid syntax\n\n*** Error compiling '/tmp/pip_build_root/pip/pip/_vendor/rich/traceback.py'...\n  File \"/tmp/pip_build_root/pip/pip/_vendor/rich/traceback.py\", line 47\n    ) -> Callable[[Type[BaseException], BaseException, Optional[TracebackType]], Any]:\n    ^\nSyntaxError: invalid syntax\n\n*** Error compiling '/tmp/pip_build_root/pip/pip/_vendor/rich/tree.py'...\n  File \"/tmp/pip_build_root/pip/pip/_vendor/rich/tree.py\", line 32\n    ) -> None:\n    ^\nSyntaxError: invalid syntax\n\n*** Error compiling '/tmp/pip_build_root/pip/pip/_vendor/tenacity/__init__.py'...\n  File \"/tmp/pip_build_root/pip/pip/_vendor/tenacity/__init__.py\", line 123\n    f\"Got retry_base instance ({f.__class__.__name__}) as callable argument, \"\n                                                                             ^\nSyntaxError: invalid syntax\n\n*** Error compiling '/tmp/pip_build_root/pip/pip/_vendor/tenacity/_asyncio.py'...\n  File \"/tmp/pip_build_root/pip/pip/_vendor/tenacity/_asyncio.py\", line 38\n    async def __call__(  # type: ignore  # Change signature from supertype\n            ^\nSyntaxError: invalid syntax\n\n*** Error compiling '/tmp/pip_build_root/pip/pip/_vendor/tenacity/_utils.py'...\n  File \"/tmp/pip_build_root/pip/pip/_vendor/tenacity/_utils.py\", line 43\n    return f\"{pos_num}{find_ordinal(pos_num)}\"\n                                             ^\nSyntaxError: invalid syntax\n\n*** Error compiling '/tmp/pip_build_root/pip/pip/_vendor/tenacity/after.py'...\n  File \"/tmp/pip_build_root/pip/pip/_vendor/tenacity/after.py\", line 41\n    f\"Finished call to '{_utils.get_callback_name(retry_state.fn)}' \"\n                                                                    ^\nSyntaxError: invalid syntax\n\n*** Error compiling '/tmp/pip_build_root/pip/pip/_vendor/tenacity/before.py'...\n  File \"/tmp/pip_build_root/pip/pip/_vendor/tenacity/before.py\", line 37\n    f\"Starting call to '{_utils.get_callback_name(retry_state.fn)}', \"\n                                                                     ^\nSyntaxError: invalid syntax\n\n*** Error compiling '/tmp/pip_build_root/pip/pip/_vendor/tenacity/before_sleep.py'...\n  File \"/tmp/pip_build_root/pip/pip/_vendor/tenacity/before_sleep.py\", line 41\n    verb, value = \"raised\", f\"{ex.__class__.__name__}: {ex}\"\n                                                           ^\nSyntaxError: invalid syntax\n\n*** Error compiling '/tmp/pip_build_root/pip/pip/_vendor/tenacity/retry.py'...\n  File \"/tmp/pip_build_root/pip/pip/_vendor/tenacity/retry.py\", line 182\n    raise TypeError(f\"{self.__class__.__name__}() takes either 'message' or 'match', not both\")\n                                                                                             ^\nSyntaxError: invalid syntax\n\n*** Error compiling '/tmp/pip_build_root/pip/pip/_vendor/tenacity/tornadoweb.py'...\n  File \"/tmp/pip_build_root/pip/pip/_vendor/tenacity/tornadoweb.py\", line 41\n    **kwargs: typing.Any,\n                        ^\nSyntaxError: invalid syntax\n\n*** Error compiling '/tmp/pip_build_root/pip/pip/_vendor/tomli/_parser.py'...\n  File \"/tmp/pip_build_root/pip/pip/_vendor/tomli/_parser.py\", line 77\n    header: Key = ()\n          ^\nSyntaxError: invalid syntax\n\n*** Error compiling '/tmp/pip_build_root/pip/pip/_vendor/tomli/_re.py'...\n  File \"/tmp/pip_build_root/pip/pip/_vendor/tomli/_re.py\", line 47\n    rf\"\"\"\n([0-9]{{4}})-(0[1-9]|1[0-2])-(0[1-9]|[12][0-9]|3[01])  # date, e.g. 1988-10-27\n(?:\n    [Tt ]\n    {_TIME_RE_STR}\n    (?:([Zz])|([+-])([01][0-9]|2[0-3]):([0-5][0-9]))?  # optional time offset\n)?\n\"\"\",\n         \n                                                                              \n   \n         \n                  \n                                                                             \n  \n  ^\nSyntaxError: invalid syntax\n\n*** Error compiling '/tmp/pip_build_root/pip/pip/_vendor/typing_extensions.py'...\n  File \"/tmp/pip_build_root/pip/pip/_vendor/typing_extensions.py\", line 94\n    raise TypeError(f\"{cls} is not a generic class\")\n                                                  ^\nSyntaxError: invalid syntax\n\n  Found existing installation: setuptools 3.3\n    Not uninstalling setuptools at /usr/lib/python3/dist-packages, owned by OS\n*** Error compiling '/tmp/pip_build_root/setuptools/_distutils_hack/__init__.py'...\n  File \"/tmp/pip_build_root/setuptools/_distutils_hack/__init__.py\", line 194\n    f'spec_for_{name}',\n                     ^\nSyntaxError: invalid syntax\n\n*** Error compiling '/tmp/pip_build_root/setuptools/pkg_resources/__init__.py'...\n  File \"/tmp/pip_build_root/setuptools/pkg_resources/__init__.py\", line 124\n    f\"{v} is an invalid version and will not be supported in \"\n                                                             ^\nSyntaxError: invalid syntax\n\n*** Error compiling '/tmp/pip_build_root/setuptools/pkg_resources/_vendor/importlib_resources/_adapters.py'...\n  File \"/tmp/pip_build_root/setuptools/pkg_resources/_vendor/importlib_resources/_adapters.py\", line 134\n    return CompatibilityFiles.OrphanPath(*self._path, other)\n                                                           ^\nSyntaxError: only named arguments may follow *expression\n\n*** Error compiling '/tmp/pip_build_root/setuptools/pkg_resources/_vendor/importlib_resources/_common.py'...\n  File \"/tmp/pip_build_root/setuptools/pkg_resources/_vendor/importlib_resources/_common.py\", line 55\n    raise TypeError(f'{package!r} is not a package')\n                                                  ^\nSyntaxError: invalid syntax\n\n*** Error compiling '/tmp/pip_build_root/setuptools/pkg_resources/_vendor/importlib_resources/_itertools.py'...\n  File \"/tmp/pip_build_root/setuptools/pkg_resources/_vendor/importlib_resources/_itertools.py\", line 24\n    seen: Set[Union[_T, _U]] = set()\n        ^\nSyntaxError: invalid syntax\n\n*** Error compiling '/tmp/pip_build_root/setuptools/pkg_resources/_vendor/importlib_resources/_legacy.py'...\n  File \"/tmp/pip_build_root/setuptools/pkg_resources/_vendor/importlib_resources/_legacy.py\", line 19\n    f\"{func.__name__} is deprecated. Use files() instead. \"\n                                                          ^\nSyntaxError: invalid syntax\n\n*** Error compiling '/tmp/pip_build_root/setuptools/pkg_resources/_vendor/importlib_resources/readers.py'...\n  File \"/tmp/pip_build_root/setuptools/pkg_resources/_vendor/importlib_resources/readers.py\", line 74\n    raise FileNotFoundError(f'{self} is not a file')\n                                                  ^\nSyntaxError: invalid syntax\n\n*** Error compiling '/tmp/pip_build_root/setuptools/pkg_resources/_vendor/jaraco/functools.py'...\n  File \"/tmp/pip_build_root/setuptools/pkg_resources/_vendor/jaraco/functools.py\", line 175\n    bound_method: CallableT = types.MethodType(  # type: ignore[assignment]\n                ^\nSyntaxError: invalid syntax\n\n*** Error compiling '/tmp/pip_build_root/setuptools/pkg_resources/_vendor/more_itertools/more.py'...\n  File \"/tmp/pip_build_root/setuptools/pkg_resources/_vendor/more_itertools/more.py\", line 3231\n    yield [[e], *p]\n                  ^\nSyntaxError: can use starred expression only as assignment target\n\n*** Error compiling '/tmp/pip_build_root/setuptools/pkg_resources/_vendor/packaging/_manylinux.py'...\n  File \"/tmp/pip_build_root/setuptools/pkg_resources/_vendor/packaging/_manylinux.py\", line 39\n    result: Tuple[int, ...] = struct.unpack(fmt, data)\n          ^\nSyntaxError: invalid syntax\n\n*** Error compiling '/tmp/pip_build_root/setuptools/pkg_resources/_vendor/packaging/_musllinux.py'...\n  File \"/tmp/pip_build_root/setuptools/pkg_resources/_vendor/packaging/_musllinux.py\", line 72\n    major: int\n         ^\nSyntaxError: invalid syntax\n\n*** Error compiling '/tmp/pip_build_root/setuptools/pkg_resources/_vendor/packaging/markers.py'...\n  File \"/tmp/pip_build_root/setuptools/pkg_resources/_vendor/packaging/markers.py\", line 63\n    return f\"<{self.__class__.__name__}('{self}')>\"\n                                                  ^\nSyntaxError: invalid syntax\n\n*** Error compiling '/tmp/pip_build_root/setuptools/pkg_resources/_vendor/packaging/requirements.py'...\n  File \"/tmp/pip_build_root/setuptools/pkg_resources/_vendor/packaging/requirements.py\", line 105\n    f'Parse error at \"{ requirement_string[e.loc : e.loc + 8]!r}\": {e.msg}'\n                                                                          ^\nSyntaxError: invalid syntax\n\n*** Error compiling '/tmp/pip_build_root/setuptools/pkg_resources/_vendor/packaging/specifiers.py'...\n  File \"/tmp/pip_build_root/setuptools/pkg_resources/_vendor/packaging/specifiers.py\", line 92\n    _operators: Dict[str, str] = {}\n              ^\nSyntaxError: invalid syntax\n\n*** Error compiling '/tmp/pip_build_root/setuptools/pkg_resources/_vendor/packaging/tags.py'...\n  File \"/tmp/pip_build_root/setuptools/pkg_resources/_vendor/packaging/tags.py\", line 30\n    INTERPRETER_SHORT_NAMES: Dict[str, str] = {\n                           ^\nSyntaxError: invalid syntax\n\n*** Error compiling '/tmp/pip_build_root/setuptools/pkg_resources/_vendor/packaging/utils.py'...\n  File \"/tmp/pip_build_root/setuptools/pkg_resources/_vendor/packaging/utils.py\", line 56\n    parts.append(f\"{parsed.epoch}!\")\n                                  ^\nSyntaxError: invalid syntax\n\n*** Error compiling '/tmp/pip_build_root/setuptools/pkg_resources/_vendor/packaging/version.py'...\n  File \"/tmp/pip_build_root/setuptools/pkg_resources/_vendor/packaging/version.py\", line 61\n    _key: Union[CmpKey, LegacyCmpKey]\n        ^\nSyntaxError: invalid syntax\n\n*** Error compiling '/tmp/pip_build_root/setuptools/pkg_resources/_vendor/pyparsing/__init__.py'...\n  File \"/tmp/pip_build_root/setuptools/pkg_resources/_vendor/pyparsing/__init__.py\", line 100\n    major: int\n         ^\nSyntaxError: invalid syntax\n\n*** Error compiling '/tmp/pip_build_root/setuptools/pkg_resources/_vendor/pyparsing/core.py'...\n  File \"/tmp/pip_build_root/setuptools/pkg_resources/_vendor/pyparsing/core.py\", line 50\n    str_type: Tuple[type, ...] = (str, bytes)\n            ^\nSyntaxError: invalid syntax\n\n*** Error compiling '/tmp/pip_build_root/setuptools/pkg_resources/_vendor/pyparsing/diagram/__init__.py'...\n  File \"/tmp/pip_build_root/setuptools/pkg_resources/_vendor/pyparsing/diagram/__init__.py\", line 251\n    self.element: pyparsing.ParserElement = element\n                ^\nSyntaxError: invalid syntax\n\n*** Error compiling '/tmp/pip_build_root/setuptools/pkg_resources/_vendor/pyparsing/helpers.py'...\n  File \"/tmp/pip_build_root/setuptools/pkg_resources/_vendor/pyparsing/helpers.py\", line 22\n    ) -> ParserElement:\n    ^\nSyntaxError: invalid syntax\n\n*** Error compiling '/tmp/pip_build_root/setuptools/pkg_resources/_vendor/pyparsing/results.py'...\n  File \"/tmp/pip_build_root/setuptools/pkg_resources/_vendor/pyparsing/results.py\", line 7\n    str_type: Tuple[type, ...] = (str, bytes)\n            ^\nSyntaxError: invalid syntax\n\n*** Error compiling '/tmp/pip_build_root/setuptools/pkg_resources/_vendor/pyparsing/testing.py'...\n  File \"/tmp/pip_build_root/setuptools/pkg_resources/_vendor/pyparsing/testing.py\", line 186\n    for rpt, expected in zip(run_test_results, expected_parse_results)\n                        ^\nSyntaxError: can use starred expression only as assignment target\n\n*** Error compiling '/tmp/pip_build_root/setuptools/pkg_resources/_vendor/pyparsing/unicode.py'...\n  File \"/tmp/pip_build_root/setuptools/pkg_resources/_vendor/pyparsing/unicode.py\", line 53\n    _ranges: UnicodeRangeList = []\n           ^\nSyntaxError: invalid syntax\n\n*** Error compiling '/tmp/pip_build_root/setuptools/pkg_resources/_vendor/pyparsing/util.py'...\n  File \"/tmp/pip_build_root/setuptools/pkg_resources/_vendor/pyparsing/util.py\", line 15\n    _all_names: List[str] = []\n              ^\nSyntaxError: invalid syntax\n\n*** Error compiling '/tmp/pip_build_root/setuptools/setuptools/_distutils/_msvccompiler.py'...\n  File \"/tmp/pip_build_root/setuptools/setuptools/_distutils/_msvccompiler.py\", line 147\n    f'cmd /u /c \"{vcvarsall}\" {plat_spec} && set',\n                                                ^\nSyntaxError: invalid syntax\n\n*** Error compiling '/tmp/pip_build_root/setuptools/setuptools/_distutils/ccompiler.py'...\n  File \"/tmp/pip_build_root/setuptools/setuptools/_distutils/ccompiler.py\", line 978\n    raise ValueError(f\"'lib_type' must be {expected}\")\n                                                    ^\nSyntaxError: invalid syntax\n\n*** Error compiling '/tmp/pip_build_root/setuptools/setuptools/_distutils/command/install.py'...\n  File \"/tmp/pip_build_root/setuptools/setuptools/_distutils/command/install.py\", line 116\n    **INSTALL_SCHEMES.get(scheme, {}),\n     ^\nSyntaxError: invalid syntax\n\n*** Error compiling '/tmp/pip_build_root/setuptools/setuptools/_distutils/command/install_egg_info.py'...\n  File \"/tmp/pip_build_root/setuptools/setuptools/_distutils/command/install_egg_info.py\", line 37\n    *sys.version_info[:2],\n               ^\nSyntaxError: can use starred expression only as assignment target\n\n*** Error compiling '/tmp/pip_build_root/setuptools/setuptools/_distutils/cygwinccompiler.py'...\n  File \"/tmp/pip_build_root/setuptools/setuptools/_distutils/cygwinccompiler.py\", line 260\n    **super().out_extensions,\n     ^\nSyntaxError: invalid syntax\n\n*** Error compiling '/tmp/pip_build_root/setuptools/setuptools/_distutils/dist.py'...\n  File \"/tmp/pip_build_root/setuptools/setuptools/_distutils/dist.py\", line 1158\n    file.write(f\"{header}: {val}\\n\")\n                                  ^\nSyntaxError: invalid syntax\n\n*** Error compiling '/tmp/pip_build_root/setuptools/setuptools/_distutils/sysconfig.py'...\n  File \"/tmp/pip_build_root/setuptools/setuptools/_distutils/sysconfig.py\", line 124\n    getter = globals()[f'_get_python_inc_{os.name}']\n                                                  ^\nSyntaxError: invalid syntax\n\n*** Error compiling '/tmp/pip_build_root/setuptools/setuptools/_distutils/util.py'...\n  File \"/tmp/pip_build_root/setuptools/setuptools/_distutils/util.py\", line 172\n    raise DistutilsPlatformError(f\"nothing known about platform '{os.name}'\")\n                                                                           ^\nSyntaxError: invalid syntax\n\n*** Error compiling '/tmp/pip_build_root/setuptools/setuptools/_entry_points.py'...\n  File \"/tmp/pip_build_root/setuptools/setuptools/_entry_points.py\", line 22\n    f\"Problems to parse {ep}.\\nPlease ensure entry-point follows the spec: \"\n                                                                           ^\nSyntaxError: invalid syntax\n\n*** Error compiling '/tmp/pip_build_root/setuptools/setuptools/_itertools.py'...\n  File \"/tmp/pip_build_root/setuptools/setuptools/_itertools.py\", line 21\n    raise ValueError(f\"Duplicate element {element!r} encountered.\")\n                                                                 ^\nSyntaxError: invalid syntax\n\n*** Error compiling '/tmp/pip_build_root/setuptools/setuptools/_vendor/importlib_metadata/__init__.py'...\n  File \"/tmp/pip_build_root/setuptools/setuptools/_vendor/importlib_metadata/__init__.py\", line 55\n    return f\"No package metadata was found for {self.name}\"\n                                                          ^\nSyntaxError: invalid syntax\n\n*** Error compiling '/tmp/pip_build_root/setuptools/setuptools/_vendor/importlib_resources/_adapters.py'...\n  File \"/tmp/pip_build_root/setuptools/setuptools/_vendor/importlib_resources/_adapters.py\", line 134\n    return CompatibilityFiles.OrphanPath(*self._path, other)\n                                                           ^\nSyntaxError: only named arguments may follow *expression\n\n*** Error compiling '/tmp/pip_build_root/setuptools/setuptools/_vendor/importlib_resources/_common.py'...\n  File \"/tmp/pip_build_root/setuptools/setuptools/_vendor/importlib_resources/_common.py\", line 55\n    raise TypeError(f'{package!r} is not a package')\n                                                  ^\nSyntaxError: invalid syntax\n\n*** Error compiling '/tmp/pip_build_root/setuptools/setuptools/_vendor/importlib_resources/_itertools.py'...\n  File \"/tmp/pip_build_root/setuptools/setuptools/_vendor/importlib_resources/_itertools.py\", line 24\n    seen: Set[Union[_T, _U]] = set()\n        ^\nSyntaxError: invalid syntax\n\n*** Error compiling '/tmp/pip_build_root/setuptools/setuptools/_vendor/importlib_resources/_legacy.py'...\n  File \"/tmp/pip_build_root/setuptools/setuptools/_vendor/importlib_resources/_legacy.py\", line 19\n    f\"{func.__name__} is deprecated. Use files() instead. \"\n                                                          ^\nSyntaxError: invalid syntax\n\n*** Error compiling '/tmp/pip_build_root/setuptools/setuptools/_vendor/importlib_resources/readers.py'...\n  File \"/tmp/pip_build_root/setuptools/setuptools/_vendor/importlib_resources/readers.py\", line 74\n    raise FileNotFoundError(f'{self} is not a file')\n                                                  ^\nSyntaxError: invalid syntax\n\n*** Error compiling '/tmp/pip_build_root/setuptools/setuptools/_vendor/jaraco/functools.py'...\n  File \"/tmp/pip_build_root/setuptools/setuptools/_vendor/jaraco/functools.py\", line 175\n    bound_method: CallableT = types.MethodType(  # type: ignore[assignment]\n                ^\nSyntaxError: invalid syntax\n\n*** Error compiling '/tmp/pip_build_root/setuptools/setuptools/_vendor/more_itertools/more.py'...\n  File \"/tmp/pip_build_root/setuptools/setuptools/_vendor/more_itertools/more.py\", line 3059\n    yield [[e], *p]\n                  ^\nSyntaxError: can use starred expression only as assignment target\n\n*** Error compiling '/tmp/pip_build_root/setuptools/setuptools/_vendor/packaging/_manylinux.py'...\n  File \"/tmp/pip_build_root/setuptools/setuptools/_vendor/packaging/_manylinux.py\", line 39\n    result: Tuple[int, ...] = struct.unpack(fmt, data)\n          ^\nSyntaxError: invalid syntax\n\n*** Error compiling '/tmp/pip_build_root/setuptools/setuptools/_vendor/packaging/_musllinux.py'...\n  File \"/tmp/pip_build_root/setuptools/setuptools/_vendor/packaging/_musllinux.py\", line 72\n    major: int\n         ^\nSyntaxError: invalid syntax\n\n*** Error compiling '/tmp/pip_build_root/setuptools/setuptools/_vendor/packaging/markers.py'...\n  File \"/tmp/pip_build_root/setuptools/setuptools/_vendor/packaging/markers.py\", line 63\n    return f\"<{self.__class__.__name__}('{self}')>\"\n                                                  ^\nSyntaxError: invalid syntax\n\n*** Error compiling '/tmp/pip_build_root/setuptools/setuptools/_vendor/packaging/requirements.py'...\n  File \"/tmp/pip_build_root/setuptools/setuptools/_vendor/packaging/requirements.py\", line 105\n    f'Parse error at \"{ requirement_string[e.loc : e.loc + 8]!r}\": {e.msg}'\n                                                                          ^\nSyntaxError: invalid syntax\n\n*** Error compiling '/tmp/pip_build_root/setuptools/setuptools/_vendor/packaging/specifiers.py'...\n  File \"/tmp/pip_build_root/setuptools/setuptools/_vendor/packaging/specifiers.py\", line 92\n    _operators: Dict[str, str] = {}\n              ^\nSyntaxError: invalid syntax\n\n*** Error compiling '/tmp/pip_build_root/setuptools/setuptools/_vendor/packaging/tags.py'...\n  File \"/tmp/pip_build_root/setuptools/setuptools/_vendor/packaging/tags.py\", line 30\n    INTERPRETER_SHORT_NAMES: Dict[str, str] = {\n                           ^\nSyntaxError: invalid syntax\n\n*** Error compiling '/tmp/pip_build_root/setuptools/setuptools/_vendor/packaging/utils.py'...\n  File \"/tmp/pip_build_root/setuptools/setuptools/_vendor/packaging/utils.py\", line 56\n    parts.append(f\"{parsed.epoch}!\")\n                                  ^\nSyntaxError: invalid syntax\n\n*** Error compiling '/tmp/pip_build_root/setuptools/setuptools/_vendor/packaging/version.py'...\n  File \"/tmp/pip_build_root/setuptools/setuptools/_vendor/packaging/version.py\", line 61\n    _key: Union[CmpKey, LegacyCmpKey]\n        ^\nSyntaxError: invalid syntax\n\n*** Error compiling '/tmp/pip_build_root/setuptools/setuptools/_vendor/pyparsing/__init__.py'...\n  File \"/tmp/pip_build_root/setuptools/setuptools/_vendor/pyparsing/__init__.py\", line 100\n    major: int\n         ^\nSyntaxError: invalid syntax\n\n*** Error compiling '/tmp/pip_build_root/setuptools/setuptools/_vendor/pyparsing/core.py'...\n  File \"/tmp/pip_build_root/setuptools/setuptools/_vendor/pyparsing/core.py\", line 50\n    str_type: Tuple[type, ...] = (str, bytes)\n            ^\nSyntaxError: invalid syntax\n\n*** Error compiling '/tmp/pip_build_root/setuptools/setuptools/_vendor/pyparsing/diagram/__init__.py'...\n  File \"/tmp/pip_build_root/setuptools/setuptools/_vendor/pyparsing/diagram/__init__.py\", line 251\n    self.element: pyparsing.ParserElement = element\n                ^\nSyntaxError: invalid syntax\n\n*** Error compiling '/tmp/pip_build_root/setuptools/setuptools/_vendor/pyparsing/helpers.py'...\n  File \"/tmp/pip_build_root/setuptools/setuptools/_vendor/pyparsing/helpers.py\", line 22\n    ) -> ParserElement:\n    ^\nSyntaxError: invalid syntax\n\n*** Error compiling '/tmp/pip_build_root/setuptools/setuptools/_vendor/pyparsing/results.py'...\n  File \"/tmp/pip_build_root/setuptools/setuptools/_vendor/pyparsing/results.py\", line 7\n    str_type: Tuple[type, ...] = (str, bytes)\n            ^\nSyntaxError: invalid syntax\n\n*** Error compiling '/tmp/pip_build_root/setuptools/setuptools/_vendor/pyparsing/testing.py'...\n  File \"/tmp/pip_build_root/setuptools/setuptools/_vendor/pyparsing/testing.py\", line 186\n    for rpt, expected in zip(run_test_results, expected_parse_results)\n                        ^\nSyntaxError: can use starred expression only as assignment target\n\n*** Error compiling '/tmp/pip_build_root/setuptools/setuptools/_vendor/pyparsing/unicode.py'...\n  File \"/tmp/pip_build_root/setuptools/setuptools/_vendor/pyparsing/unicode.py\", line 53\n    _ranges: UnicodeRangeList = []\n           ^\nSyntaxError: invalid syntax\n\n*** Error compiling '/tmp/pip_build_root/setuptools/setuptools/_vendor/pyparsing/util.py'...\n  File \"/tmp/pip_build_root/setuptools/setuptools/_vendor/pyparsing/util.py\", line 15\n    _all_names: List[str] = []\n              ^\nSyntaxError: invalid syntax\n\n*** Error compiling '/tmp/pip_build_root/setuptools/setuptools/_vendor/tomli/_parser.py'...\n  File \"/tmp/pip_build_root/setuptools/setuptools/_vendor/tomli/_parser.py\", line 77\n    header: Key = ()\n          ^\nSyntaxError: invalid syntax\n\n*** Error compiling '/tmp/pip_build_root/setuptools/setuptools/_vendor/tomli/_re.py'...\n  File \"/tmp/pip_build_root/setuptools/setuptools/_vendor/tomli/_re.py\", line 47\n    rf\"\"\"\n([0-9]{{4}})-(0[1-9]|1[0-2])-(0[1-9]|[12][0-9]|3[01])  # date, e.g. 1988-10-27\n(?:\n    [Tt ]\n    {_TIME_RE_STR}\n    (?:([Zz])|([+-])([01][0-9]|2[0-3]):([0-5][0-9]))?  # optional time offset\n)?\n\"\"\",\n         \n                                                                              \n   \n         \n                  \n                                                                             \n  \n  ^\nSyntaxError: invalid syntax\n\n*** Error compiling '/tmp/pip_build_root/setuptools/setuptools/_vendor/typing_extensions.py'...\n  File \"/tmp/pip_build_root/setuptools/setuptools/_vendor/typing_extensions.py\", line 33\n    raise TypeError(f\"{cls} is not a generic class\")\n                                                  ^\nSyntaxError: invalid syntax\n\n*** Error compiling '/tmp/pip_build_root/setuptools/setuptools/build_meta.py'...\n  File \"/tmp/pip_build_root/setuptools/setuptools/build_meta.py\", line 306\n    msg = f\"\"\"\n            The arguments {bad_args!r} were given via `--global-option`.\n            Please use `--build-option` instead,\n            `--global-option` is reserved to flags like `--verbose` or `--quiet`.\n            \"\"\"\n              \n                                                                        \n                                                \n                                                                                 \n              ^\nSyntaxError: invalid syntax\n\n*** Error compiling '/tmp/pip_build_root/setuptools/setuptools/command/build.py'...\n  File \"/tmp/pip_build_root/setuptools/setuptools/command/build.py\", line 75\n    editable_mode: bool = False\n                 ^\nSyntaxError: invalid syntax\n\n*** Error compiling '/tmp/pip_build_root/setuptools/setuptools/command/build_ext.py'...\n  File \"/tmp/pip_build_root/setuptools/setuptools/command/build_ext.py\", line 78\n    editable_mode: bool = False\n                 ^\nSyntaxError: invalid syntax\n\n*** Error compiling '/tmp/pip_build_root/setuptools/setuptools/command/build_py.py'...\n  File \"/tmp/pip_build_root/setuptools/setuptools/command/build_py.py\", line 33\n    editable_mode: bool = False\n                 ^\nSyntaxError: invalid syntax\n\n*** Error compiling '/tmp/pip_build_root/setuptools/setuptools/command/dist_info.py'...\n  File \"/tmp/pip_build_root/setuptools/setuptools/command/dist_info.py\", line 77\n    self.name = f\"{name}-{version}\"\n                                  ^\nSyntaxError: invalid syntax\n\n*** Error compiling '/tmp/pip_build_root/setuptools/setuptools/command/easy_install.py'...\n  File \"/tmp/pip_build_root/setuptools/setuptools/command/easy_install.py\", line 231\n    'py_version_short': f'{sys.version_info.major}.{sys.version_info.minor}',\n                                                                           ^\nSyntaxError: invalid syntax\n\n*** Error compiling '/tmp/pip_build_root/setuptools/setuptools/command/editable_wheel.py'...\n  File \"/tmp/pip_build_root/setuptools/setuptools/command/editable_wheel.py\", line 78\n    raise errors.OptionError(f\"Invalid editable mode: {mode!r}. Try: 'strict'.\")\n                                                                              ^\nSyntaxError: invalid syntax\n\n*** Error compiling '/tmp/pip_build_root/setuptools/setuptools/command/egg_info.py'...\n  File \"/tmp/pip_build_root/setuptools/setuptools/command/egg_info.py\", line 151\n    return safe_version(f\"0{self.vtags}\")[1:]\n                                       ^\nSyntaxError: invalid syntax\n\n*** Error compiling '/tmp/pip_build_root/setuptools/setuptools/config/__init__.py'...\n  File \"/tmp/pip_build_root/setuptools/setuptools/config/__init__.py\", line 27\n    msg = f\"\"\"\\\n        As setuptools moves its configuration towards `pyproject.toml`,\n        `{__name__}.{fn.__name__}` became deprecated.\n\n        For the time being, you can use the `{setupcfg.__name__}` module\n        to access a backward compatible API, but this module is provisional\n        and might be removed in the future.\n        \"\"\"\n               \n                                                                       \n                                                     \n\n                                                                        \n                                                                           \n                                           \n          ^\nSyntaxError: invalid syntax\n\n*** Error compiling '/tmp/pip_build_root/setuptools/setuptools/config/_apply_pyprojecttoml.py'...\n  File \"/tmp/pip_build_root/setuptools/setuptools/config/_apply_pyprojecttoml.py\", line 27\n    EMPTY: Mapping = MappingProxyType({})  # Immutable dict-like\n         ^\nSyntaxError: invalid syntax\n\n*** Error compiling '/tmp/pip_build_root/setuptools/setuptools/config/_validate_pyproject/__init__.py'...\n  File \"/tmp/pip_build_root/setuptools/setuptools/config/_validate_pyproject/__init__.py\", line 20\n    FORMAT_FUNCTIONS: Dict[str, Callable[[str], bool]] = {\n                    ^\nSyntaxError: invalid syntax\n\n*** Error compiling '/tmp/pip_build_root/setuptools/setuptools/config/_validate_pyproject/error_reporting.py'...\n  File \"/tmp/pip_build_root/setuptools/setuptools/config/_validate_pyproject/error_reporting.py\", line 85\n    self.name = f\"`{self._simplify_name(ex.name)}`\"\n                                                  ^\nSyntaxError: invalid syntax\n\n*** Error compiling '/tmp/pip_build_root/setuptools/setuptools/config/_validate_pyproject/extra_validations.py'...\n  File \"/tmp/pip_build_root/setuptools/setuptools/config/_validate_pyproject/extra_validations.py\", line 27\n    msg = f\"You cannot provide a value for `project.{field}` and \"\n                                                                 ^\nSyntaxError: invalid syntax\n\n*** Error compiling '/tmp/pip_build_root/setuptools/setuptools/config/_validate_pyproject/formats.py'...\n  File \"/tmp/pip_build_root/setuptools/setuptools/config/_validate_pyproject/formats.py\", line 55\n    PEP508_IDENTIFIER_REGEX = re.compile(f\"^{PEP508_IDENTIFIER_PATTERN}$\", re.I)\n                                                                        ^\nSyntaxError: invalid syntax\n\n*** Error compiling '/tmp/pip_build_root/setuptools/setuptools/config/expand.py'...\n  File \"/tmp/pip_build_root/setuptools/setuptools/config/expand.py\", line 87\n    raise AttributeError(f\"{self.name} has no attribute {attr}\") from e\n                                                              ^\nSyntaxError: invalid syntax\n\n*** Error compiling '/tmp/pip_build_root/setuptools/setuptools/config/pyprojecttoml.py'...\n  File \"/tmp/pip_build_root/setuptools/setuptools/config/pyprojecttoml.py\", line 44\n    summary = f\"configuration error: {ex.summary}\"\n                                                 ^\nSyntaxError: invalid syntax\n\n*** Error compiling '/tmp/pip_build_root/setuptools/setuptools/config/setupcfg.py'...\n  File \"/tmp/pip_build_root/setuptools/setuptools/config/setupcfg.py\", line 126\n    config_dict: dict = defaultdict(dict)\n               ^\nSyntaxError: invalid syntax\n\n*** Error compiling '/tmp/pip_build_root/setuptools/setuptools/discovery.py'...\n  File \"/tmp/pip_build_root/setuptools/setuptools/discovery.py\", line 81\n    ALWAYS_EXCLUDE: Tuple[str, ...] = ()\n                  ^\nSyntaxError: invalid syntax\n\n*** Error compiling '/tmp/pip_build_root/setuptools/setuptools/dist.py'...\n  File \"/tmp/pip_build_root/setuptools/setuptools/dist.py\", line 316\n    warnings.warn(f\"{attr} is ignored.\", DistDeprecationWarning)\n                                      ^\nSyntaxError: invalid syntax\n\nSuccessfully installed pip setuptools\nCleaning up...\nRemoving intermediate container 4ce849aaf081\n ---> 1b0defb4c666\nStep 5/19 : RUN curl -sL https://deb.nodesource.com/setup_6.x | sudo -E bash -\n ---> Running in ad613a14c892\n\n================================================================================\n================================================================================\n\n                              DEPRECATION WARNING                            \n\n  Node.js 6.x LTS Boron is no longer actively supported!\n\n  You will not receive security or critical stability updates for this version.\n\n  You should migrate to a supported version of Node.js as soon as possible.\n  Use the installation script that corresponds to the version of Node.js you\n  wish to install. e.g.\n\n   * https://deb.nodesource.com/setup_12.x  Node.js 12 LTS \"Erbium\"\n   * https://deb.nodesource.com/setup_14.x  Node.js 14 LTS \"Fermium\" (recommended)\n   * https://deb.nodesource.com/setup_16.x  Node.js 16 \"Gallium\"\n\n  Please see https://github.com/nodejs/Release for details about which\n  version may be appropriate for you.\n\n  The NodeSource Node.js distributions repository contains\n  information both about supported versions of Node.js and supported Linux\n  distributions. To learn more about usage, see the repository:\n    https://github.com/nodesource/distributions\n\n================================================================================\n================================================================================\n\nContinuing in 20 seconds ...\n\n\n## Installing the NodeSource Node.js 6.x LTS Boron repo...\n\n\n## Populating apt-get cache...\n\n+ apt-get update\nHit http://security.ubuntu.com trusty-security InRelease\nHit http://security.ubuntu.com trusty-security/main amd64 Packages\nHit http://security.ubuntu.com trusty-security/restricted amd64 Packages\nHit http://security.ubuntu.com trusty-security/universe amd64 Packages\nIgn http://archive.ubuntu.com trusty InRelease\nHit http://security.ubuntu.com trusty-security/multiverse amd64 Packages\nHit http://archive.ubuntu.com trusty-updates InRelease\nHit https://esm.ubuntu.com trusty-infra-security InRelease\nHit https://esm.ubuntu.com trusty-infra-updates InRelease\nHit https://esm.ubuntu.com trusty-infra-security/main amd64 Packages\nHit http://archive.ubuntu.com trusty-backports InRelease\nHit https://esm.ubuntu.com trusty-infra-updates/main amd64 Packages\nHit http://archive.ubuntu.com trusty Release.gpg\nHit http://archive.ubuntu.com trusty-updates/main amd64 Packages\nHit http://archive.ubuntu.com trusty-updates/restricted amd64 Packages\nHit http://archive.ubuntu.com trusty-updates/universe amd64 Packages\nHit http://archive.ubuntu.com trusty-updates/multiverse amd64 Packages\nHit http://archive.ubuntu.com trusty-backports/main amd64 Packages\nHit http://archive.ubuntu.com trusty-backports/restricted amd64 Packages\nHit http://archive.ubuntu.com trusty-backports/universe amd64 Packages\nHit http://archive.ubuntu.com trusty-backports/multiverse amd64 Packages\nHit http://archive.ubuntu.com trusty Release\nHit http://archive.ubuntu.com trusty/main amd64 Packages\nHit http://archive.ubuntu.com trusty/restricted amd64 Packages\nHit http://archive.ubuntu.com trusty/universe amd64 Packages\nHit http://archive.ubuntu.com trusty/multiverse amd64 Packages\nReading package lists...\n\u001b[91mError processing line 1 of /usr/local/lib/python3.4/dist-packages/distutils-precedence.pth:\n\n  Traceback (most recent call last):\n    File \"/usr/lib/python3.4/site.py\", line 173, in addpackage\n      exec(line)\n    File \"<string>\", line 1, in <module>\n    File \"/usr/local/lib/python3.4/dist-packages/_distutils_hack/__init__.py\", line 194\n      f'spec_for_{name}',\n                       ^\n  SyntaxError: invalid syntax\n\nRemainder of file ignored\n\u001b[0m\u001b[91mError processing line 1 of /usr/local/lib/python3.4/dist-packages/distutils-precedence.pth:\n\n  Traceback (most recent call last):\n    File \"/usr/lib/python3.4/site.py\", line 173, in addpackage\n      exec(line)\n    File \"<string>\", line 1, in <module>\n    File \"/usr/local/lib/python3.4/dist-packages/_distutils_hack/__init__.py\", line 194\n      f'spec_for_{name}',\n                       ^\n  SyntaxError: invalid syntax\n\nRemainder of file ignored\n\u001b[0m\n## Confirming \"trusty\" is supported...\n\n+ curl -sLf -o /dev/null 'https://deb.nodesource.com/node_6.x/dists/trusty/Release'\n\n## Adding the NodeSource signing key to your keyring...\n\n+ curl -s https://deb.nodesource.com/gpgkey/nodesource.gpg.key | gpg --dearmor | tee /usr/share/keyrings/nodesource.gpg >/dev/null\n\n## Creating apt sources list file for the NodeSource Node.js 6.x LTS Boron repo...\n\n+ echo 'deb [signed-by=/usr/share/keyrings/nodesource.gpg] https://deb.nodesource.com/node_6.x trusty main' > /etc/apt/sources.list.d/nodesource.list\n+ echo 'deb-src [signed-by=/usr/share/keyrings/nodesource.gpg] https://deb.nodesource.com/node_6.x trusty main' >> /etc/apt/sources.list.d/nodesource.list\n\n## Running `apt-get update` for you...\n\n+ apt-get update\nIgn http://archive.ubuntu.com trusty InRelease\nHit http://archive.ubuntu.com trusty-updates InRelease\nHit http://archive.ubuntu.com trusty-backports InRelease\nHit http://archive.ubuntu.com trusty Release.gpg\nHit http://archive.ubuntu.com trusty-updates/main amd64 Packages\nHit http://archive.ubuntu.com trusty-updates/restricted amd64 Packages\nHit http://security.ubuntu.com trusty-security InRelease\nHit http://archive.ubuntu.com trusty-updates/universe amd64 Packages\nHit http://archive.ubuntu.com trusty-updates/multiverse amd64 Packages\nHit http://archive.ubuntu.com trusty Release\nHit http://archive.ubuntu.com trusty-backports/main amd64 Packages\nHit http://archive.ubuntu.com trusty-backports/restricted amd64 Packages\nHit http://archive.ubuntu.com trusty-backports/universe amd64 Packages\nHit http://archive.ubuntu.com trusty-backports/multiverse amd64 Packages\nHit http://archive.ubuntu.com trusty/main amd64 Packages\nHit http://archive.ubuntu.com trusty/restricted amd64 Packages\nHit http://archive.ubuntu.com trusty/universe amd64 Packages\nHit http://security.ubuntu.com trusty-security/main amd64 Packages\nHit http://archive.ubuntu.com trusty/multiverse amd64 Packages\nHit http://security.ubuntu.com trusty-security/restricted amd64 Packages\nHit http://security.ubuntu.com trusty-security/universe amd64 Packages\nHit https://esm.ubuntu.com trusty-infra-security InRelease\nGet:1 https://deb.nodesource.com trusty InRelease\nHit http://security.ubuntu.com trusty-security/multiverse amd64 Packages\nIgn https://deb.nodesource.com trusty InRelease\nHit https://esm.ubuntu.com trusty-infra-updates InRelease\nGet:2 https://deb.nodesource.com trusty/main Sources\nHit https://esm.ubuntu.com trusty-infra-security/main amd64 Packages\nHit https://esm.ubuntu.com trusty-infra-updates/main amd64 Packages\nGet:3 https://deb.nodesource.com trusty/main amd64 Packages\nFetched 5634 B in 1s (2863 B/s)\nReading package lists...\n\u001b[91mW: GPG error: https://deb.nodesource.com trusty InRelease: The following signatures couldn't be verified because the public key is not available: NO_PUBKEY 1655A0AB68576280\n\u001b[0m\n## Run `sudo apt-get install -y nodejs` to install Node.js 6.x LTS Boron and npm\n## You may also need development tools to build native addons:\n     sudo apt-get install gcc g++ make\n## To install the Yarn package manager, run:\n     curl -sL https://dl.yarnpkg.com/debian/pubkey.gpg | gpg --dearmor | sudo tee /usr/share/keyrings/yarnkey.gpg >/dev/null\n     echo \"deb [signed-by=/usr/share/keyrings/yarnkey.gpg] https://dl.yarnpkg.com/debian stable main\" | sudo tee /etc/apt/sources.list.d/yarn.list\n     sudo apt-get update && sudo apt-get install yarn\n\n\nRemoving intermediate container ad613a14c892\n ---> 22ef8d3b0427\nStep 6/19 : RUN apt-get install -y nodejs\n ---> Running in a7a8d2e7e233\nReading package lists...\nBuilding dependency tree...\nReading state information...\nThe following extra packages will be installed:\n  libpython-stdlib libpython2.7-minimal libpython2.7-stdlib python\n  python-minimal python2.7 python2.7-minimal\nSuggested packages:\n  python-doc python-tk python2.7-doc binfmt-support\nThe following NEW packages will be installed:\n  libpython-stdlib libpython2.7-minimal libpython2.7-stdlib nodejs python\n  python-minimal python2.7 python2.7-minimal\n0 upgraded, 8 newly installed, 0 to remove and 1 not upgraded.\nNeed to get 14.8 MB of archives.\nAfter this operation, 67.0 MB of additional disk space will be used.\nWARNING: The following packages cannot be authenticated!\n  nodejs\n\u001b[91mE: There are problems and -y was used without --force-yes\n\u001b[0mRemoving intermediate container a7a8d2e7e233\n","stderr":"The command '/bin/sh -c apt-get install -y nodejs' returned a non-zero code: 100\n"},"endTime":1672155306984}