{"repository":"https://github.com/exdx/titan","dockerfilePath":"Dockerfile","startTime":1672327708652,"clone":{"stdout":"","stderr":"Cloning into '/tmp/dinghy-analysis/exdx/titan'...\n","error":null,"commit":"7dd3b93cec52b56902f063e8d26c3126ed5762a5"},"originalBuild":{"startTimestamp":1672327709418,"endTimestamp":1672328391045,"error":{"code":1,"killed":false,"signal":null,"cmd":"docker build --no-cache --force-rm -t titan:latest -f /tmp/dinghy-analysis/exdx/titan/Dockerfile ."},"stdout":"Sending build context to Docker daemon    299kB\r\r\nStep 1/21 : from python:3.6-alpine3.7\n3.6-alpine3.7: Pulling from library/python\n48ecbb6b270e: Pulling fs layer\n692f29ee68fa: Pulling fs layer\nf75fc7ac1098: Pulling fs layer\nc30e40bb471c: Pulling fs layer\n51a8cc25b36b: Pulling fs layer\nc30e40bb471c: Waiting\n51a8cc25b36b: Waiting\n48ecbb6b270e: Verifying Checksum\n48ecbb6b270e: Download complete\n692f29ee68fa: Verifying Checksum\nf75fc7ac1098: Verifying Checksum\nf75fc7ac1098: Download complete\n48ecbb6b270e: Pull complete\nc30e40bb471c: Download complete\n692f29ee68fa: Pull complete\n51a8cc25b36b: Verifying Checksum\n51a8cc25b36b: Download complete\nf75fc7ac1098: Pull complete\nc30e40bb471c: Pull complete\n51a8cc25b36b: Pull complete\nDigest: sha256:33cb6cc0bf14c9e594306eee7d9f27e94135dab9c2d0d9de02694a1fcb13ad9e\nStatus: Downloaded newer image for python:3.6-alpine3.7\n ---> 28f54a6b0f1a\nStep 2/21 : ENV LANG C.UTF-8\n ---> Running in 2dc09993c977\nRemoving intermediate container 2dc09993c977\n ---> 15fa6ff37a0b\nStep 3/21 : RUN apk --no-cache add --upgrade     bash     curl     freetype     git     libpng     libstdc++     postgresql-client     py3-gobject3     py3-numpy     py3-cairo     py3-sqlalchemy     py3-tornado     py3-virtualenv     tzdata\n ---> Running in e61fa4c04599\nfetch http://dl-cdn.alpinelinux.org/alpine/v3.7/main/x86_64/APKINDEX.tar.gz\nfetch http://dl-cdn.alpinelinux.org/alpine/v3.7/community/x86_64/APKINDEX.tar.gz\n(1/49) Upgrading libbz2 (1.0.6-r6 -> 1.0.6-r7)\n(2/49) Upgrading expat (2.2.5-r0 -> 2.2.8-r0)\n(3/49) Upgrading sqlite-libs (3.25.3-r0 -> 3.25.3-r2)\n(4/49) Installing pkgconf (1.3.10-r0)\n(5/49) Installing bash (4.4.19-r1)\nExecuting bash-4.4.19-r1.post-install\n(6/49) Upgrading ca-certificates (20171114-r0 -> 20190108-r0)\n(7/49) Installing libssh2 (1.9.0-r1)\n(8/49) Installing libcurl (7.61.1-r3)\n(9/49) Installing curl (7.61.1-r3)\n(10/49) Installing libpng (1.6.37-r0)\n(11/49) Installing freetype (2.8.1-r4)\n(12/49) Installing pcre2 (10.30-r0)\n(13/49) Installing git (2.15.4-r0)\n(14/49) Installing libgcc (6.4.0-r5)\n(15/49) Installing libstdc++ (6.4.0-r5)\n(16/49) Installing libedit (20170329.3.1-r3)\n(17/49) Installing db (5.3.28-r0)\n(18/49) Installing libsasl (2.1.26-r11)\n(19/49) Installing libldap (2.4.48-r0)\n(20/49) Installing libpq (10.10-r0)\n(21/49) Installing postgresql-client (10.10-r0)\n(22/49) Installing libxau (1.0.8-r2)\n(23/49) Installing libbsd (0.8.6-r1)\n(24/49) Installing libxdmcp (1.1.2-r4)\n(25/49) Installing libxcb (1.12-r1)\n(26/49) Installing libx11 (1.6.6-r0)\n(27/49) Installing libxext (1.3.3-r2)\n(28/49) Installing libxrender (0.9.10-r2)\n(29/49) Installing fontconfig (2.12.6-r0)\n(30/49) Installing pixman (0.34.0-r3)\n(31/49) Installing cairo (1.14.10-r0)\n(32/49) Installing python3 (3.6.9-r1)\n(33/49) Installing py3-cairo (1.10.0-r0)\n(34/49) Installing libuuid (2.31.1-r0)\n(35/49) Installing libblkid (2.31.1-r0)\n(36/49) Installing libmount (2.31.1-r0)\n(37/49) Installing pcre (8.41-r1)\n(38/49) Installing glib (2.54.2-r1)\n(39/49) Installing cairo-gobject (1.14.10-r0)\n(40/49) Installing gobject-introspection (1.54.1-r0)\n(41/49) Installing py3-gobject3 (3.24.1-r2)\n(42/49) Installing libquadmath (6.4.0-r5)\n(43/49) Installing libgfortran (6.4.0-r5)\n(44/49) Installing openblas (0.2.19-r3)\n(45/49) Installing py3-numpy (1.13.3-r0)\n(46/49) Installing py3-sqlalchemy (1.1.14-r0)\n(47/49) Installing py3-tornado (4.5.2-r1)\n(48/49) Installing py3-virtualenv (15.1.0-r0)\n(49/49) Installing tzdata (2019c-r0)\nExecuting busybox-1.27.2-r11.trigger\nExecuting ca-certificates-20190108-r0.trigger\nExecuting glib-2.54.2-r1.trigger\nOK: 167 MiB in 78 packages\nRemoving intermediate container e61fa4c04599\n ---> 22c75b92fec5\nStep 4/21 : RUN apk --no-cache add --virtual .build-deps     freetype-dev     g++     gcc     gfortran     libpng-dev     make     py3-cairo-dev     py-numpy-dev     python3-dev\n ---> Running in ca568d3f1792\nfetch http://dl-cdn.alpinelinux.org/alpine/v3.7/main/x86_64/APKINDEX.tar.gz\nfetch http://dl-cdn.alpinelinux.org/alpine/v3.7/community/x86_64/APKINDEX.tar.gz\n(1/64) Upgrading musl (1.1.18-r3 -> 1.1.18-r4)\n(2/64) Installing zlib-dev (1.2.11-r1)\n(3/64) Installing libpng-dev (1.6.37-r0)\n(4/64) Installing freetype-dev (2.8.1-r4)\n(5/64) Installing binutils-libs (2.30-r2)\n(6/64) Installing binutils (2.30-r2)\n(7/64) Installing gmp (6.1.2-r1)\n(8/64) Installing isl (0.18-r0)\n(9/64) Installing libgomp (6.4.0-r5)\n(10/64) Installing libatomic (6.4.0-r5)\n(11/64) Installing mpfr3 (3.1.5-r1)\n(12/64) Installing mpc1 (1.0.3-r1)\n(13/64) Installing gcc (6.4.0-r5)\n(14/64) Installing musl-dev (1.1.18-r4)\n(15/64) Installing libc-dev (0.7.1-r0)\n(16/64) Installing g++ (6.4.0-r5)\n(17/64) Installing gfortran (6.4.0-r5)\n(18/64) Installing make (4.2.1-r0)\n(19/64) Installing expat-dev (2.2.8-r0)\n(20/64) Installing fontconfig-dev (2.12.6-r0)\n(21/64) Installing renderproto (0.11.1-r3)\n(22/64) Installing xproto (7.0.31-r1)\n(23/64) Installing libxau-dev (1.0.8-r2)\n(24/64) Installing xcb-proto (1.12-r1)\n(25/64) Installing libpthread-stubs (0.3-r4)\n(26/64) Installing libxdmcp-dev (1.1.2-r4)\n(27/64) Installing libxcb-dev (1.12-r1)\n(28/64) Installing xextproto (7.3.0-r2)\n(29/64) Installing xf86bigfontproto-dev (1.2.0-r5)\n(30/64) Installing xtrans (1.3.5-r1)\n(31/64) Installing inputproto (2.3.2-r1)\n(32/64) Installing kbproto (1.0.7-r2)\n(33/64) Installing libx11-dev (1.6.6-r0)\n(34/64) Installing libxrender-dev (0.9.10-r2)\n(35/64) Installing pixman-dev (0.34.0-r3)\n(36/64) Installing util-macros (1.19.1-r1)\n(37/64) Installing xcb-util (0.4.0-r1)\n(38/64) Installing xcb-util-dev (0.4.0-r1)\n(39/64) Installing libxext-dev (1.3.3-r2)\n(40/64) Installing cairo-tools (1.14.10-r0)\n(41/64) Installing perl (5.26.3-r0)\n(42/64) Installing python2 (2.7.15-r3)\n(43/64) Installing gettext-asprintf (0.19.8.1-r1)\n(44/64) Installing libunistring (0.9.7-r0)\n(45/64) Installing gettext-libs (0.19.8.1-r1)\n(46/64) Installing libxml2 (2.9.8-r1)\n(47/64) Installing gettext (0.19.8.1-r1)\n(48/64) Installing gettext-dev (0.19.8.1-r1)\n(49/64) Installing bzip2-dev (1.0.6-r7)\n(50/64) Installing libffi-dev (3.2.1-r4)\n(51/64) Installing libfdisk (2.31.1-r0)\n(52/64) Installing libsmartcols (2.31.1-r0)\n(53/64) Installing util-linux-dev (2.31.1-r0)\n(54/64) Installing libpcre16 (8.41-r1)\n(55/64) Installing libpcre32 (8.41-r1)\n(56/64) Installing libpcrecpp (8.41-r1)\n(57/64) Installing pcre-dev (8.41-r1)\n(58/64) Installing glib-dev (2.54.2-r1)\n(59/64) Installing cairo-dev (1.14.10-r0)\n(60/64) Installing py3-cairo-dev (1.10.0-r0)\n(61/64) Installing py-numpy-dev (1.13.3-r0)\n(62/64) Installing python3-dev (3.6.9-r1)\n(63/64) Installing .build-deps (0)\n(64/64) Upgrading musl-utils (1.1.18-r3 -> 1.1.18-r4)\nExecuting busybox-1.27.2-r11.trigger\nExecuting glib-2.54.2-r1.trigger\nNo schema files found: doing nothing.\nOK: 480 MiB in 140 packages\nRemoving intermediate container ca568d3f1792\n ---> 4a95a6978ec7\nStep 5/21 : RUN ln -s /usr/include/locale.h /usr/include/xlocale.h\n ---> Running in 76868831a685\nRemoving intermediate container 76868831a685\n ---> 191169a147e6\nStep 6/21 : RUN addgroup -S titan && adduser -S -G titan -s /bin/bash titan\n ---> Running in db0bb89c5b22\nRemoving intermediate container db0bb89c5b22\n ---> ea3a2e529a6b\nStep 7/21 : RUN virtualenv --system-site-packages /titan && chown -R titan:titan /titan\n ---> Running in cac142bfc294\nUsing base prefix '/usr'\nNew python executable in /titan/bin/python3\nAlso creating executable in /titan/bin/python\nInstalling setuptools, pip, wheel...done.\nRemoving intermediate container cac142bfc294\n ---> ff1dc90230e8\nStep 8/21 : COPY entry.sh /entry.sh\n ---> d37cf3adfcc9\nStep 9/21 : RUN chmod +x /entry.sh\n ---> Running in 016bfade01b5\nRemoving intermediate container 016bfade01b5\n ---> e4d2b280a03b\nStep 10/21 : USER titan\n ---> Running in 6c85b43ba384\nRemoving intermediate container 6c85b43ba384\n ---> 1a8eee420f76\nStep 11/21 : WORKDIR /titan\n ---> Running in 5fcf53b7ef6f\nRemoving intermediate container 5fcf53b7ef6f\n ---> 062e678a1ec3\nStep 12/21 : RUN mkdir src\n ---> Running in b38f18dd4591\nRemoving intermediate container b38f18dd4591\n ---> a34b2ea2315a\nStep 13/21 : WORKDIR /titan/src\n ---> Running in 7c8369e636e8\nRemoving intermediate container 7c8369e636e8\n ---> 603397c3105a\nStep 14/21 : RUN git clone https://github.com/JustinHop/Titan.git\n ---> Running in 650dc3a0a470\n\u001b[91mCloning into 'Titan'...\n\u001b[0mRemoving intermediate container 650dc3a0a470\n ---> 45b2eb903d79\nStep 15/21 : WORKDIR /titan/src/Titan\n ---> Running in 15860c98281b\nRemoving intermediate container 15860c98281b\n ---> fb101e80e019\nStep 16/21 : RUN source /titan/bin/activate && pip install -r requirements.txt && pip install Flask-SQLAlchemy\n ---> Running in a0a01f800d84\nCollecting aiodns\n  Downloading aiodns-3.0.0-py3-none-any.whl (5.0 kB)\nCollecting aiohttp\n  Downloading aiohttp-3.8.3-cp36-cp36m-musllinux_1_1_x86_64.whl (954 kB)\nCollecting async-timeout\n  Downloading async_timeout-4.0.2-py3-none-any.whl (5.8 kB)\nCollecting Babel\n  Downloading Babel-2.11.0-py3-none-any.whl (9.5 MB)\nCollecting blinker\n  Downloading blinker-1.5-py2.py3-none-any.whl (12 kB)\nCollecting cchardet\n  Downloading cchardet-2.1.7.tar.gz (653 kB)\n  Preparing metadata (setup.py): started\n  Preparing metadata (setup.py): finished with status 'done'\nCollecting ccxt\n  Downloading ccxt-2.4.71-py2.py3-none-any.whl (3.4 MB)\nCollecting certifi\n  Downloading certifi-2022.12.7-py3-none-any.whl (155 kB)\nCollecting chardet\n  Downloading chardet-5.0.0-py3-none-any.whl (193 kB)\nCollecting click\n  Downloading click-8.0.4-py3-none-any.whl (97 kB)\nCollecting cycler\n  Downloading cycler-0.11.0-py3-none-any.whl (6.4 kB)\nCollecting dash\n  Downloading dash-2.7.1-py3-none-any.whl (9.9 MB)\nCollecting dash-core-components\n  Downloading dash_core_components-2.0.0-py3-none-any.whl (3.8 kB)\nCollecting dash-html-components\n  Downloading dash_html_components-2.0.0-py3-none-any.whl (4.1 kB)\nCollecting dash-renderer\n  Downloading dash_renderer-1.9.1.tar.gz (1.0 MB)\n  Preparing metadata (setup.py): started\n  Preparing metadata (setup.py): finished with status 'done'\nCollecting decorator\n  Downloading decorator-5.1.1-py3-none-any.whl (9.1 kB)\nCollecting Flask\n  Downloading Flask-2.0.3-py3-none-any.whl (95 kB)\nCollecting Flask-Babel\n  Downloading Flask_Babel-2.0.0-py3-none-any.whl (9.3 kB)\nCollecting Flask-Compress\n  Downloading Flask_Compress-1.13-py3-none-any.whl (7.9 kB)\nCollecting Flask-DebugToolbar\n  Downloading Flask_DebugToolbar-0.13.1-py3-none-any.whl (324 kB)\nCollecting Flask-Psycopg2\n  Downloading Flask-Psycopg2-1.3.tar.gz (2.4 kB)\n  Preparing metadata (setup.py): started\n  Preparing metadata (setup.py): finished with status 'done'\nCollecting Flask-SQLAlchemy\n  Downloading Flask_SQLAlchemy-2.5.1-py2.py3-none-any.whl (17 kB)\nCollecting Flask-Table\n  Downloading Flask-Table-0.5.0.tar.gz (18 kB)\n  Preparing metadata (setup.py): started\n  Preparing metadata (setup.py): finished with status 'done'\nCollecting idna\n  Downloading idna-3.4-py3-none-any.whl (61 kB)\nCollecting ipython-genutils\n  Downloading ipython_genutils-0.2.0-py2.py3-none-any.whl (26 kB)\nCollecting itsdangerous\n  Downloading itsdangerous-2.0.1-py3-none-any.whl (18 kB)\nCollecting Jinja2\n  Downloading Jinja2-3.0.3-py3-none-any.whl (133 kB)\nCollecting jsonschema\n  Downloading jsonschema-3.2.0-py2.py3-none-any.whl (56 kB)\nCollecting jupyter-core\n  Downloading jupyter_core-4.9.2-py3-none-any.whl (86 kB)\nCollecting MarkupSafe\n  Downloading MarkupSafe-2.0.1-cp36-cp36m-musllinux_1_1_x86_64.whl (29 kB)\nCollecting matplotlib\n  Downloading matplotlib-3.3.4.tar.gz (37.9 MB)\n  Preparing metadata (setup.py): started\n  Preparing metadata (setup.py): still running...\n  Preparing metadata (setup.py): still running...\n  Preparing metadata (setup.py): finished with status 'done'\nCollecting multidict\n  Downloading multidict-5.2.0-cp36-cp36m-musllinux_1_1_x86_64.whl (138 kB)\nCollecting nbformat\n  Downloading nbformat-5.1.3-py3-none-any.whl (178 kB)\nRequirement already satisfied: numpy in /usr/lib/python3.6/site-packages (from -r requirements.txt (line 34)) (1.13.3)\nCollecting pandas\n  Downloading pandas-1.1.5.tar.gz (5.2 MB)\n  Installing build dependencies: started\n  Installing build dependencies: still running...\n  Installing build dependencies: finished with status 'done'\n  Getting requirements to build wheel: started\n  Getting requirements to build wheel: finished with status 'error'\n\u001b[91m  ERROR: Command errored out with exit status 1:\n   command: /titan/bin/python3 /titan/lib/python3.6/site-packages/pip/_vendor/pep517/in_process/_in_process.py get_requires_for_build_wheel /tmp/tmpzlew3w6x\n       cwd: /tmp/pip-install-39i1a0vx/pandas_659b18d8f2e6411693e5e4fe5d1125e8\n  Complete output (10 lines):\n  Traceback (most recent call last):\n    File \"/titan/lib/python3.6/site-packages/pip/_vendor/pep517/in_process/_in_process.py\", line 363, in <module>\n      main()\n    File \"/titan/lib/python3.6/site-packages/pip/_vendor/pep517/in_process/_in_process.py\", line 345, in main\n      json_out['return_val'] = hook(**hook_input['kwargs'])\n    File \"/titan/lib/python3.6/site-packages/pip/_vendor/pep517/in_process/_in_process.py\", line 124, in get_requires_for_build_wheel\n      backend = _build_backend()\n    File \"/titan/lib/python3.6/site-packages/pip/_vendor/pep517/in_process/_in_process.py\", line 102, in _build_backend\n      obj = getattr(obj, path_part)\n  AttributeError: module 'setuptools.build_meta' has no attribute '__legacy__'\n  ----------------------------------------\n\u001b[0m\u001b[91mWARNING: Discarding https://files.pythonhosted.org/packages/fb/e4/828bb9c2474ff6016e5ce96a78220d485436d5468c23068f4f6c2eb9cff8/pandas-1.1.5.tar.gz#sha256=f10fc41ee3c75a474d3bdf68d396f10782d013d7f67db99c0efbfd0acb99701b (from https://pypi.org/simple/pandas/) (requires-python:>=3.6.1). Command errored out with exit status 1: /titan/bin/python3 /titan/lib/python3.6/site-packages/pip/_vendor/pep517/in_process/_in_process.py get_requires_for_build_wheel /tmp/tmpzlew3w6x Check the logs for full command output.\n\u001b[0m  Downloading pandas-1.1.4.tar.gz (5.2 MB)\n  Installing build dependencies: started\n  Installing build dependencies: finished with status 'done'\n  Getting requirements to build wheel: started\n  Getting requirements to build wheel: finished with status 'error'\n\u001b[91m  ERROR: Command errored out with exit status 1:\n   command: /titan/bin/python3 /titan/lib/python3.6/site-packages/pip/_vendor/pep517/in_process/_in_process.py get_requires_for_build_wheel /tmp/tmprt4isw88\n       cwd: /tmp/pip-install-39i1a0vx/pandas_fb6a670a0b9b4f6786989a4abcbbf737\n  Complete output (10 lines):\n  Traceback (most recent call last):\n    File \"/titan/lib/python3.6/site-packages/pip/_vendor/pep517/in_process/_in_process.py\", line 363, in <module>\n      main()\n    File \"/titan/lib/python3.6/site-packages/pip/_vendor/pep517/in_process/_in_process.py\", line 345, in main\n      json_out['return_val'] = hook(**hook_input['kwargs'])\n    File \"/titan/lib/python3.6/site-packages/pip/_vendor/pep517/in_process/_in_process.py\", line 124, in get_requires_for_build_wheel\n      backend = _build_backend()\n    File \"/titan/lib/python3.6/site-packages/pip/_vendor/pep517/in_process/_in_process.py\", line 102, in _build_backend\n      obj = getattr(obj, path_part)\n  AttributeError: module 'setuptools.build_meta' has no attribute '__legacy__'\n  ----------------------------------------\n\u001b[0m\u001b[91mWARNING: Discarding https://files.pythonhosted.org/packages/09/39/fb93ed98962d032963418cd1ea5927b9e11c4c80cb1e0b45dea769d8f9a5/pandas-1.1.4.tar.gz#sha256=a979d0404b135c63954dea79e6246c45dd45371a88631cdbb4877d844e6de3b6 (from https://pypi.org/simple/pandas/) (requires-python:>=3.6.1). Command errored out with exit status 1: /titan/bin/python3 /titan/lib/python3.6/site-packages/pip/_vendor/pep517/in_process/_in_process.py get_requires_for_build_wheel /tmp/tmprt4isw88 Check the logs for full command output.\n\u001b[0m  Downloading pandas-1.1.3.tar.gz (5.2 MB)\n  Installing build dependencies: started\n  Installing build dependencies: finished with status 'done'\n  Getting requirements to build wheel: started\n  Getting requirements to build wheel: finished with status 'error'\n\u001b[91m  ERROR: Command errored out with exit status 1:\n   command: /titan/bin/python3 /titan/lib/python3.6/site-packages/pip/_vendor/pep517/in_process/_in_process.py get_requires_for_build_wheel /tmp/tmpzlv4z8sq\n       cwd: /tmp/pip-install-39i1a0vx/pandas_dc825f832e794df78130816fa4b4d0b9\n  Complete output (10 lines):\n  Traceback (most recent call last):\n    File \"/titan/lib/python3.6/site-packages/pip/_vendor/pep517/in_process/_in_process.py\", line 363, in <module>\n      main()\n    File \"/titan/lib/python3.6/site-packages/pip/_vendor/pep517/in_process/_in_process.py\", line 345, in main\n      json_out['return_val'] = hook(**hook_input['kwargs'])\n    File \"/titan/lib/python3.6/site-packages/pip/_vendor/pep517/in_process/_in_process.py\", line 124, in get_requires_for_build_wheel\n      backend = _build_backend()\n    File \"/titan/lib/python3.6/site-packages/pip/_vendor/pep517/in_process/_in_process.py\", line 102, in _build_backend\n      obj = getattr(obj, path_part)\n  AttributeError: module 'setuptools.build_meta' has no attribute '__legacy__'\n  ----------------------------------------\n\u001b[0m\u001b[91mWARNING: Discarding https://files.pythonhosted.org/packages/1b/e5/552ba65835ab43e12b299458fea94ee23886125b8b8aabc91edb03f2ba65/pandas-1.1.3.tar.gz#sha256=babbeda2f83b0686c9ad38d93b10516e68cdcd5771007eb80a763e98aaf44613 (from https://pypi.org/simple/pandas/) (requires-python:>=3.6.1). Command errored out with exit status 1: /titan/bin/python3 /titan/lib/python3.6/site-packages/pip/_vendor/pep517/in_process/_in_process.py get_requires_for_build_wheel /tmp/tmpzlv4z8sq Check the logs for full command output.\n\u001b[0m  Downloading pandas-1.1.2.tar.gz (5.2 MB)\n  Installing build dependencies: started\n  Installing build dependencies: finished with status 'done'\n  Getting requirements to build wheel: started\n  Getting requirements to build wheel: finished with status 'error'\n\u001b[91m  ERROR: Command errored out with exit status 1:\n   command: /titan/bin/python3 /titan/lib/python3.6/site-packages/pip/_vendor/pep517/in_process/_in_process.py get_requires_for_build_wheel /tmp/tmpvnvwtgcu\n       cwd: /tmp/pip-install-39i1a0vx/pandas_d32a30ce5ef542a1885407760f98ac93\n  Complete output (10 lines):\n  Traceback (most recent call last):\n    File \"/titan/lib/python3.6/site-packages/pip/_vendor/pep517/in_process/_in_process.py\", line 363, in <module>\n      main()\n    File \"/titan/lib/python3.6/site-packages/pip/_vendor/pep517/in_process/_in_process.py\", line 345, in main\n      json_out['return_val'] = hook(**hook_input['kwargs'])\n    File \"/titan/lib/python3.6/site-packages/pip/_vendor/pep517/in_process/_in_process.py\", line 124, in get_requires_for_build_wheel\n      backend = _build_backend()\n    File \"/titan/lib/python3.6/site-packages/pip/_vendor/pep517/in_process/_in_process.py\", line 102, in _build_backend\n      obj = getattr(obj, path_part)\n  AttributeError: module 'setuptools.build_meta' has no attribute '__legacy__'\n  ----------------------------------------\n\u001b[0m\u001b[91mWARNING: Discarding https://files.pythonhosted.org/packages/64/f1/8fdbd74edfc31625d597717be8c155c6226fc72a7c954c52583ab81a8614/pandas-1.1.2.tar.gz#sha256=b64ffd87a2cfd31b40acd4b92cb72ea9a52a48165aec4c140e78fd69c45d1444 (from https://pypi.org/simple/pandas/) (requires-python:>=3.6.1). Command errored out with exit status 1: /titan/bin/python3 /titan/lib/python3.6/site-packages/pip/_vendor/pep517/in_process/_in_process.py get_requires_for_build_wheel /tmp/tmpvnvwtgcu Check the logs for full command output.\n\u001b[0m  Downloading pandas-1.1.1.tar.gz (5.2 MB)\n  Installing build dependencies: started\n  Installing build dependencies: finished with status 'done'\n  Getting requirements to build wheel: started\n  Getting requirements to build wheel: finished with status 'error'\n\u001b[91m  ERROR: Command errored out with exit status 1:\n   command: /titan/bin/python3 /titan/lib/python3.6/site-packages/pip/_vendor/pep517/in_process/_in_process.py get_requires_for_build_wheel /tmp/tmpt01gk8ro\n       cwd: /tmp/pip-install-39i1a0vx/pandas_57da77f0921e45918c0cf701f726bacd\n  Complete output (10 lines):\n  Traceback (most recent call last):\n    File \"/titan/lib/python3.6/site-packages/pip/_vendor/pep517/in_process/_in_process.py\", line 363, in <module>\n      main()\n    File \"/titan/lib/python3.6/site-packages/pip/_vendor/pep517/in_process/_in_process.py\", line 345, in main\n      json_out['return_val'] = hook(**hook_input['kwargs'])\n    File \"/titan/lib/python3.6/site-packages/pip/_vendor/pep517/in_process/_in_process.py\", line 124, in get_requires_for_build_wheel\n      backend = _build_backend()\n    File \"/titan/lib/python3.6/site-packages/pip/_vendor/pep517/in_process/_in_process.py\", line 102, in _build_backend\n      obj = getattr(obj, path_part)\n  AttributeError: module 'setuptools.build_meta' has no attribute '__legacy__'\n  ----------------------------------------\n\u001b[0m\u001b[91mWARNING: Discarding https://files.pythonhosted.org/packages/b1/1f/afb5cad013e8888053f6524849cc3df4bb83dfcab59485f10bf50016d4f8/pandas-1.1.1.tar.gz#sha256=53328284a7bb046e2e885fd1b8c078bd896d7fc4575b915d4936f54984a2ba67 (from https://pypi.org/simple/pandas/) (requires-python:>=3.6.1). Command errored out with exit status 1: /titan/bin/python3 /titan/lib/python3.6/site-packages/pip/_vendor/pep517/in_process/_in_process.py get_requires_for_build_wheel /tmp/tmpt01gk8ro Check the logs for full command output.\n\u001b[0m  Downloading pandas-1.1.0.tar.gz (5.2 MB)\n  Installing build dependencies: started\n  Installing build dependencies: finished with status 'done'\n  Getting requirements to build wheel: started\n  Getting requirements to build wheel: finished with status 'error'\n\u001b[91m  ERROR: Command errored out with exit status 1:\n   command: /titan/bin/python3 /titan/lib/python3.6/site-packages/pip/_vendor/pep517/in_process/_in_process.py get_requires_for_build_wheel /tmp/tmp4ldxtyu2\n       cwd: /tmp/pip-install-39i1a0vx/pandas_a946e6bde94a47ae841bb7110bccb81f\n  Complete output (10 lines):\n  Traceback (most recent call last):\n    File \"/titan/lib/python3.6/site-packages/pip/_vendor/pep517/in_process/_in_process.py\", line 363, in <module>\n      main()\n    File \"/titan/lib/python3.6/site-packages/pip/_vendor/pep517/in_process/_in_process.py\", line 345, in main\n      json_out['return_val'] = hook(**hook_input['kwargs'])\n    File \"/titan/lib/python3.6/site-packages/pip/_vendor/pep517/in_process/_in_process.py\", line 124, in get_requires_for_build_wheel\n      backend = _build_backend()\n    File \"/titan/lib/python3.6/site-packages/pip/_vendor/pep517/in_process/_in_process.py\", line 102, in _build_backend\n      obj = getattr(obj, path_part)\n  AttributeError: module 'setuptools.build_meta' has no attribute '__legacy__'\n  ----------------------------------------\n\u001b[0m\u001b[91mWARNING: Discarding https://files.pythonhosted.org/packages/6f/29/32ff85413724ffa7cc8d52373f93c2ef1cb197ffd0c7b1b10d36452dd0ca/pandas-1.1.0.tar.gz#sha256=b39508562ad0bb3f384b0db24da7d68a2608b9ddc85b1d931ccaaa92d5e45273 (from https://pypi.org/simple/pandas/) (requires-python:>=3.6.1). Command errored out with exit status 1: /titan/bin/python3 /titan/lib/python3.6/site-packages/pip/_vendor/pep517/in_process/_in_process.py get_requires_for_build_wheel /tmp/tmp4ldxtyu2 Check the logs for full command output.\n\u001b[0m  Downloading pandas-1.0.5.tar.gz (5.0 MB)\n  Installing build dependencies: started\n  Installing build dependencies: still running...\n  Installing build dependencies: still running...\n  Installing build dependencies: finished with status 'done'\n  Getting requirements to build wheel: started\n  Getting requirements to build wheel: finished with status 'error'\n\u001b[91m  ERROR: Command errored out with exit status 1:\n   command: /titan/bin/python3 /titan/lib/python3.6/site-packages/pip/_vendor/pep517/in_process/_in_process.py get_requires_for_build_wheel /tmp/tmpwhwch6e1\n       cwd: /tmp/pip-install-39i1a0vx/pandas_9068a0751f3c42ceb171672d2f025b61\n  Complete output (10 lines):\n  Traceback (most recent call last):\n    File \"/titan/lib/python3.6/site-packages/pip/_vendor/pep517/in_process/_in_process.py\", line 363, in <module>\n      main()\n    File \"/titan/lib/python3.6/site-packages/pip/_vendor/pep517/in_process/_in_process.py\", line 345, in main\n      json_out['return_val'] = hook(**hook_input['kwargs'])\n    File \"/titan/lib/python3.6/site-packages/pip/_vendor/pep517/in_process/_in_process.py\", line 124, in get_requires_for_build_wheel\n      backend = _build_backend()\n    File \"/titan/lib/python3.6/site-packages/pip/_vendor/pep517/in_process/_in_process.py\", line 102, in _build_backend\n      obj = getattr(obj, path_part)\n  AttributeError: module 'setuptools.build_meta' has no attribute '__legacy__'\n  ----------------------------------------\n\u001b[0m\u001b[91mWARNING: Discarding https://files.pythonhosted.org/packages/31/29/ede692aa6547dfc1f07a4d69e8411b35225218bcfbe9787e78b67a35d103/pandas-1.0.5.tar.gz#sha256=69c5d920a0b2a9838e677f78f4dde506b95ea8e4d30da25859db6469ded84fa8 (from https://pypi.org/simple/pandas/) (requires-python:>=3.6.1). Command errored out with exit status 1: /titan/bin/python3 /titan/lib/python3.6/site-packages/pip/_vendor/pep517/in_process/_in_process.py get_requires_for_build_wheel /tmp/tmpwhwch6e1 Check the logs for full command output.\n\u001b[0m  Downloading pandas-1.0.4.tar.gz (5.0 MB)\n  Installing build dependencies: started\n  Installing build dependencies: finished with status 'done'\n  Getting requirements to build wheel: started\n  Getting requirements to build wheel: finished with status 'error'\n\u001b[91m  ERROR: Command errored out with exit status 1:\n   command: /titan/bin/python3 /titan/lib/python3.6/site-packages/pip/_vendor/pep517/in_process/_in_process.py get_requires_for_build_wheel /tmp/tmp4de6nda8\n       cwd: /tmp/pip-install-39i1a0vx/pandas_4677dbd4c7ce4c23a146b6965490aacf\n  Complete output (10 lines):\n  Traceback (most recent call last):\n    File \"/titan/lib/python3.6/site-packages/pip/_vendor/pep517/in_process/_in_process.py\", line 363, in <module>\n      main()\n    File \"/titan/lib/python3.6/site-packages/pip/_vendor/pep517/in_process/_in_process.py\", line 345, in main\n      json_out['return_val'] = hook(**hook_input['kwargs'])\n    File \"/titan/lib/python3.6/site-packages/pip/_vendor/pep517/in_process/_in_process.py\", line 124, in get_requires_for_build_wheel\n      backend = _build_backend()\n    File \"/titan/lib/python3.6/site-packages/pip/_vendor/pep517/in_process/_in_process.py\", line 102, in _build_backend\n      obj = getattr(obj, path_part)\n  AttributeError: module 'setuptools.build_meta' has no attribute '__legacy__'\n  ----------------------------------------\n\u001b[0m\u001b[91mWARNING: Discarding https://files.pythonhosted.org/packages/53/87/6438c197fc70ca6b3056cfb60b3dfedca25bedb631bce1f72d6a10502d15/pandas-1.0.4.tar.gz#sha256=b35d625282baa7b51e82e52622c300a1ca9f786711b2af7cbe64f1e6831f4126 (from https://pypi.org/simple/pandas/) (requires-python:>=3.6.1). Command errored out with exit status 1: /titan/bin/python3 /titan/lib/python3.6/site-packages/pip/_vendor/pep517/in_process/_in_process.py get_requires_for_build_wheel /tmp/tmp4de6nda8 Check the logs for full command output.\n\u001b[0m  Downloading pandas-1.0.3.tar.gz (5.0 MB)\n  Installing build dependencies: started\n  Installing build dependencies: finished with status 'done'\n  Getting requirements to build wheel: started\n  Getting requirements to build wheel: finished with status 'error'\n\u001b[91m  ERROR: Command errored out with exit status 1:\n   command: /titan/bin/python3 /titan/lib/python3.6/site-packages/pip/_vendor/pep517/in_process/_in_process.py get_requires_for_build_wheel /tmp/tmp4h_oq7k2\n       cwd: /tmp/pip-install-39i1a0vx/pandas_2366f9e8188848b9bf69c9417918a8e9\n  Complete output (10 lines):\n  Traceback (most recent call last):\n    File \"/titan/lib/python3.6/site-packages/pip/_vendor/pep517/in_process/_in_process.py\", line 363, in <module>\n      main()\n    File \"/titan/lib/python3.6/site-packages/pip/_vendor/pep517/in_process/_in_process.py\", line 345, in main\n      json_out['return_val'] = hook(**hook_input['kwargs'])\n    File \"/titan/lib/python3.6/site-packages/pip/_vendor/pep517/in_process/_in_process.py\", line 124, in get_requires_for_build_wheel\n      backend = _build_backend()\n    File \"/titan/lib/python3.6/site-packages/pip/_vendor/pep517/in_process/_in_process.py\", line 102, in _build_backend\n      obj = getattr(obj, path_part)\n  AttributeError: module 'setuptools.build_meta' has no attribute '__legacy__'\n  ----------------------------------------\n\u001b[0m\u001b[91mWARNING: Discarding https://files.pythonhosted.org/packages/2f/79/f236ab1cfde94bac03d7b58f3f2ab0b1cc71d6a8bda3b25ce370a9fe4ab1/pandas-1.0.3.tar.gz#sha256=32f42e322fb903d0e189a4c10b75ba70d90958cc4f66a1781ed027f1a1d14586 (from https://pypi.org/simple/pandas/) (requires-python:>=3.6.1). Command errored out with exit status 1: /titan/bin/python3 /titan/lib/python3.6/site-packages/pip/_vendor/pep517/in_process/_in_process.py get_requires_for_build_wheel /tmp/tmp4h_oq7k2 Check the logs for full command output.\n\u001b[0m  Downloading pandas-1.0.2.tar.gz (5.0 MB)\n  Installing build dependencies: started\n  Installing build dependencies: finished with status 'done'\n  Getting requirements to build wheel: started\n  Getting requirements to build wheel: finished with status 'error'\n\u001b[91m  ERROR: Command errored out with exit status 1:\n   command: /titan/bin/python3 /titan/lib/python3.6/site-packages/pip/_vendor/pep517/in_process/_in_process.py get_requires_for_build_wheel /tmp/tmp5vrn7g3e\n       cwd: /tmp/pip-install-39i1a0vx/pandas_b1100334c179446f8beb0a74018ddef6\n  Complete output (10 lines):\n  Traceback (most recent call last):\n    File \"/titan/lib/python3.6/site-packages/pip/_vendor/pep517/in_process/_in_process.py\", line 363, in <module>\n      main()\n    File \"/titan/lib/python3.6/site-packages/pip/_vendor/pep517/in_process/_in_process.py\", line 345, in main\n      json_out['return_val'] = hook(**hook_input['kwargs'])\n    File \"/titan/lib/python3.6/site-packages/pip/_vendor/pep517/in_process/_in_process.py\", line 124, in get_requires_for_build_wheel\n      backend = _build_backend()\n    File \"/titan/lib/python3.6/site-packages/pip/_vendor/pep517/in_process/_in_process.py\", line 102, in _build_backend\n      obj = getattr(obj, path_part)\n  AttributeError: module 'setuptools.build_meta' has no attribute '__legacy__'\n  ----------------------------------------\n\u001b[0m\u001b[91mWARNING: Discarding https://files.pythonhosted.org/packages/d2/08/61e6f33ef99999893f7840b368b06ddd6be11d1a2d5354667fed5f41c1e0/pandas-1.0.2.tar.gz#sha256=76334ba36aa42f93b6b47b79cbc32187d3a178a4ab1c3a478c8f4198bcd93a73 (from https://pypi.org/simple/pandas/) (requires-python:>=3.6.1). Command errored out with exit status 1: /titan/bin/python3 /titan/lib/python3.6/site-packages/pip/_vendor/pep517/in_process/_in_process.py get_requires_for_build_wheel /tmp/tmp5vrn7g3e Check the logs for full command output.\n\u001b[0m  Downloading pandas-1.0.1.tar.gz (4.9 MB)\n  Installing build dependencies: started\n  Installing build dependencies: finished with status 'done'\n  Getting requirements to build wheel: started\n  Getting requirements to build wheel: finished with status 'error'\n\u001b[91m  ERROR: Command errored out with exit status 1:\n   command: /titan/bin/python3 /titan/lib/python3.6/site-packages/pip/_vendor/pep517/in_process/_in_process.py get_requires_for_build_wheel /tmp/tmpbx82gpiz\n       cwd: /tmp/pip-install-39i1a0vx/pandas_8f72d84131cc41caa1738f98342c39f1\n  Complete output (10 lines):\n  Traceback (most recent call last):\n    File \"/titan/lib/python3.6/site-packages/pip/_vendor/pep517/in_process/_in_process.py\", line 363, in <module>\n      main()\n    File \"/titan/lib/python3.6/site-packages/pip/_vendor/pep517/in_process/_in_process.py\", line 345, in main\n      json_out['return_val'] = hook(**hook_input['kwargs'])\n    File \"/titan/lib/python3.6/site-packages/pip/_vendor/pep517/in_process/_in_process.py\", line 124, in get_requires_for_build_wheel\n      backend = _build_backend()\n    File \"/titan/lib/python3.6/site-packages/pip/_vendor/pep517/in_process/_in_process.py\", line 102, in _build_backend\n      obj = getattr(obj, path_part)\n  AttributeError: module 'setuptools.build_meta' has no attribute '__legacy__'\n  ----------------------------------------\n\u001b[0m\u001b[91mWARNING: Discarding https://files.pythonhosted.org/packages/02/c3/e8c56de02d6c52f8541feca2fd77117e8ae4956f7b3e5cdbed726624039b/pandas-1.0.1.tar.gz#sha256=3c07765308f091d81b6735d4f2242bb43c332cc3461cae60543df6b10967fe27 (from https://pypi.org/simple/pandas/) (requires-python:>=3.6.1). Command errored out with exit status 1: /titan/bin/python3 /titan/lib/python3.6/site-packages/pip/_vendor/pep517/in_process/_in_process.py get_requires_for_build_wheel /tmp/tmpbx82gpiz Check the logs for full command output.\n\u001b[0m  Downloading pandas-1.0.0.tar.gz (4.8 MB)\n  Installing build dependencies: started\n  Installing build dependencies: finished with status 'done'\n  Getting requirements to build wheel: started\n  Getting requirements to build wheel: finished with status 'error'\n\u001b[91m  ERROR: Command errored out with exit status 1:\n   command: /titan/bin/python3 /titan/lib/python3.6/site-packages/pip/_vendor/pep517/in_process/_in_process.py get_requires_for_build_wheel /tmp/tmphgzfj6jw\n       cwd: /tmp/pip-install-39i1a0vx/pandas_18b245daceb04dc6b256c65a78546c1b\n  Complete output (10 lines):\n  Traceback (most recent call last):\n    File \"/titan/lib/python3.6/site-packages/pip/_vendor/pep517/in_process/_in_process.py\", line 363, in <module>\n      main()\n    File \"/titan/lib/python3.6/site-packages/pip/_vendor/pep517/in_process/_in_process.py\", line 345, in main\n      json_out['return_val'] = hook(**hook_input['kwargs'])\n    File \"/titan/lib/python3.6/site-packages/pip/_vendor/pep517/in_process/_in_process.py\", line 124, in get_requires_for_build_wheel\n      backend = _build_backend()\n    File \"/titan/lib/python3.6/site-packages/pip/_vendor/pep517/in_process/_in_process.py\", line 102, in _build_backend\n      obj = getattr(obj, path_part)\n  AttributeError: module 'setuptools.build_meta' has no attribute '__legacy__'\n  ----------------------------------------\n\u001b[0m\u001b[91mWARNING: Discarding https://files.pythonhosted.org/packages/26/c4/b3cd1c8928a496e27a8604160a4b6c672bda76cc215130848f68f01e0213/pandas-1.0.0.tar.gz#sha256=3ea6cc86931f57f18b1240572216f09922d91b19ab8a01cf24734394a3db3bec (from https://pypi.org/simple/pandas/) (requires-python:>=3.6.1). Command errored out with exit status 1: /titan/bin/python3 /titan/lib/python3.6/site-packages/pip/_vendor/pep517/in_process/_in_process.py get_requires_for_build_wheel /tmp/tmphgzfj6jw Check the logs for full command output.\n\u001b[0m  Downloading pandas-0.25.3.tar.gz (12.6 MB)\n  Preparing metadata (setup.py): started\n  Preparing metadata (setup.py): finished with status 'done'\nCollecting plotly\n  Downloading plotly-5.11.0-py2.py3-none-any.whl (15.3 MB)\nCollecting psycopg2\n  Downloading psycopg2-2.9.5.tar.gz (384 kB)\n  Preparing metadata (setup.py): started\n  Preparing metadata (setup.py): finished with status 'error'\n\u001b[91m  ERROR: Command errored out with exit status 1:\n   command: /titan/bin/python3 -c 'import io, os, sys, setuptools, tokenize; sys.argv[0] = '\"'\"'/tmp/pip-install-39i1a0vx/psycopg2_67e1476138a14283b2b72672d2140f61/setup.py'\"'\"'; __file__='\"'\"'/tmp/pip-install-39i1a0vx/psycopg2_67e1476138a14283b2b72672d2140f61/setup.py'\"'\"';f = getattr(tokenize, '\"'\"'open'\"'\"', open)(__file__) if os.path.exists(__file__) else io.StringIO('\"'\"'from setuptools import setup; setup()'\"'\"');code = f.read().replace('\"'\"'\\r\\n'\"'\"', '\"'\"'\\n'\"'\"');f.close();exec(compile(code, __file__, '\"'\"'exec'\"'\"'))' egg_info --egg-base /tmp/pip-pip-egg-info-tkf6wfc1\n       cwd: /tmp/pip-install-39i1a0vx/psycopg2_67e1476138a14283b2b72672d2140f61/\n  Complete output (23 lines):\n  running egg_info\n  creating /tmp/pip-pip-egg-info-tkf6wfc1/psycopg2.egg-info\n  writing /tmp/pip-pip-egg-info-tkf6wfc1/psycopg2.egg-info/PKG-INFO\n  writing dependency_links to /tmp/pip-pip-egg-info-tkf6wfc1/psycopg2.egg-info/dependency_links.txt\n  writing top-level names to /tmp/pip-pip-egg-info-tkf6wfc1/psycopg2.egg-info/top_level.txt\n  writing manifest file '/tmp/pip-pip-egg-info-tkf6wfc1/psycopg2.egg-info/SOURCES.txt'\n  \n  Error: pg_config executable not found.\n  \n  pg_config is required to build psycopg2 from source.  Please add the directory\n  containing pg_config to the $PATH or specify the full executable path with the\n  option:\n  \n      python setup.py build_ext --pg-config /path/to/pg_config build ...\n  \n  or with the pg_config option in 'setup.cfg'.\n  \n  If you prefer to avoid building psycopg2 from source, please install the PyPI\n  'psycopg2-binary' package instead.\n  \n  For further information please check the 'doc/src/install.rst' file (also at\n  <https://www.psycopg.org/docs/install.html>).\n  \n  ----------------------------------------\n\u001b[0m\u001b[91mWARNING: Discarding https://files.pythonhosted.org/packages/89/d6/cd8c46417e0f7a16b4b0fc321f4ab676a59250d08fce5b64921897fb07cc/psycopg2-2.9.5.tar.gz#sha256=a5246d2e683a972e2187a8714b5c2cf8156c064629f9a9b1a873c1730d9e245a (from https://pypi.org/simple/psycopg2/) (requires-python:>=3.6). Command errored out with exit status 1: python setup.py egg_info Check the logs for full command output.\n\u001b[0m  Downloading psycopg2-2.9.4.tar.gz (384 kB)\n  Preparing metadata (setup.py): started\n  Preparing metadata (setup.py): finished with status 'error'\n\u001b[91m  ERROR: Command errored out with exit status 1:\n   command: /titan/bin/python3 -c 'import io, os, sys, setuptools, tokenize; sys.argv[0] = '\"'\"'/tmp/pip-install-39i1a0vx/psycopg2_d26367bc222141efb5218d471d8dc52a/setup.py'\"'\"'; __file__='\"'\"'/tmp/pip-install-39i1a0vx/psycopg2_d26367bc222141efb5218d471d8dc52a/setup.py'\"'\"';f = getattr(tokenize, '\"'\"'open'\"'\"', open)(__file__) if os.path.exists(__file__) else io.StringIO('\"'\"'from setuptools import setup; setup()'\"'\"');code = f.read().replace('\"'\"'\\r\\n'\"'\"', '\"'\"'\\n'\"'\"');f.close();exec(compile(code, __file__, '\"'\"'exec'\"'\"'))' egg_info --egg-base /tmp/pip-pip-egg-info-kcyil8up\n       cwd: /tmp/pip-install-39i1a0vx/psycopg2_d26367bc222141efb5218d471d8dc52a/\n  Complete output (23 lines):\n  running egg_info\n  creating /tmp/pip-pip-egg-info-kcyil8up/psycopg2.egg-info\n  writing /tmp/pip-pip-egg-info-kcyil8up/psycopg2.egg-info/PKG-INFO\n  writing dependency_links to /tmp/pip-pip-egg-info-kcyil8up/psycopg2.egg-info/dependency_links.txt\n  writing top-level names to /tmp/pip-pip-egg-info-kcyil8up/psycopg2.egg-info/top_level.txt\n  writing manifest file '/tmp/pip-pip-egg-info-kcyil8up/psycopg2.egg-info/SOURCES.txt'\n  \n  Error: pg_config executable not found.\n  \n  pg_config is required to build psycopg2 from source.  Please add the directory\n  containing pg_config to the $PATH or specify the full executable path with the\n  option:\n  \n      python setup.py build_ext --pg-config /path/to/pg_config build ...\n  \n  or with the pg_config option in 'setup.cfg'.\n  \n  If you prefer to avoid building psycopg2 from source, please install the PyPI\n  'psycopg2-binary' package instead.\n  \n  For further information please check the 'doc/src/install.rst' file (also at\n  <https://www.psycopg.org/docs/install.html>).\n  \n  ----------------------------------------\n\u001b[0m\u001b[91mWARNING: Discarding https://files.pythonhosted.org/packages/8d/d7/277e23b708a0429b6b3d50e86e52b791156dfbfa81917d34ef6d7b435b84/psycopg2-2.9.4.tar.gz#sha256=d529926254e093a1b669f692a3aa50069bc71faf5b0ecd91686a78f62767d52f (from https://pypi.org/simple/psycopg2/) (requires-python:>=3.6). Command errored out with exit status 1: python setup.py egg_info Check the logs for full command output.\n\u001b[0m  Downloading psycopg2-2.9.3.tar.gz (380 kB)\n  Preparing metadata (setup.py): started\n  Preparing metadata (setup.py): finished with status 'error'\n\u001b[91m  ERROR: Command errored out with exit status 1:\n   command: /titan/bin/python3 -c 'import io, os, sys, setuptools, tokenize; sys.argv[0] = '\"'\"'/tmp/pip-install-39i1a0vx/psycopg2_5aa798b690d149df8a5fff6179e4cec1/setup.py'\"'\"'; __file__='\"'\"'/tmp/pip-install-39i1a0vx/psycopg2_5aa798b690d149df8a5fff6179e4cec1/setup.py'\"'\"';f = getattr(tokenize, '\"'\"'open'\"'\"', open)(__file__) if os.path.exists(__file__) else io.StringIO('\"'\"'from setuptools import setup; setup()'\"'\"');code = f.read().replace('\"'\"'\\r\\n'\"'\"', '\"'\"'\\n'\"'\"');f.close();exec(compile(code, __file__, '\"'\"'exec'\"'\"'))' egg_info --egg-base /tmp/pip-pip-egg-info-k4svukqx\n       cwd: /tmp/pip-install-39i1a0vx/psycopg2_5aa798b690d149df8a5fff6179e4cec1/\n  Complete output (23 lines):\n  running egg_info\n  creating /tmp/pip-pip-egg-info-k4svukqx/psycopg2.egg-info\n  writing /tmp/pip-pip-egg-info-k4svukqx/psycopg2.egg-info/PKG-INFO\n  writing dependency_links to /tmp/pip-pip-egg-info-k4svukqx/psycopg2.egg-info/dependency_links.txt\n  writing top-level names to /tmp/pip-pip-egg-info-k4svukqx/psycopg2.egg-info/top_level.txt\n  writing manifest file '/tmp/pip-pip-egg-info-k4svukqx/psycopg2.egg-info/SOURCES.txt'\n  \n  Error: pg_config executable not found.\n  \n  pg_config is required to build psycopg2 from source.  Please add the directory\n  containing pg_config to the $PATH or specify the full executable path with the\n  option:\n  \n      python setup.py build_ext --pg-config /path/to/pg_config build ...\n  \n  or with the pg_config option in 'setup.cfg'.\n  \n  If you prefer to avoid building psycopg2 from source, please install the PyPI\n  'psycopg2-binary' package instead.\n  \n  For further information please check the 'doc/src/install.rst' file (also at\n  <https://www.psycopg.org/docs/install.html>).\n  \n  ----------------------------------------\n\u001b[0m\u001b[91mWARNING: Discarding https://files.pythonhosted.org/packages/d1/1e/b450599a27b1809bccbd4e369f397cb18dc56b875778d961f9ae180b54b7/psycopg2-2.9.3.tar.gz#sha256=8e841d1bf3434da985cc5ef13e6f75c8981ced601fd70cc6bf33351b91562981 (from https://pypi.org/simple/psycopg2/) (requires-python:>=3.6). Command errored out with exit status 1: python setup.py egg_info Check the logs for full command output.\n\u001b[0m  Downloading psycopg2-2.9.2.tar.gz (380 kB)\n  Preparing metadata (setup.py): started\n  Preparing metadata (setup.py): finished with status 'error'\n\u001b[91m  ERROR: Command errored out with exit status 1:\n   command: /titan/bin/python3 -c 'import io, os, sys, setuptools, tokenize; sys.argv[0] = '\"'\"'/tmp/pip-install-39i1a0vx/psycopg2_5460401c0cc643babcc9ff838780f5fc/setup.py'\"'\"'; __file__='\"'\"'/tmp/pip-install-39i1a0vx/psycopg2_5460401c0cc643babcc9ff838780f5fc/setup.py'\"'\"';f = getattr(tokenize, '\"'\"'open'\"'\"', open)(__file__) if os.path.exists(__file__) else io.StringIO('\"'\"'from setuptools import setup; setup()'\"'\"');code = f.read().replace('\"'\"'\\r\\n'\"'\"', '\"'\"'\\n'\"'\"');f.close();exec(compile(code, __file__, '\"'\"'exec'\"'\"'))' egg_info --egg-base /tmp/pip-pip-egg-info-m1oygw5h\n       cwd: /tmp/pip-install-39i1a0vx/psycopg2_5460401c0cc643babcc9ff838780f5fc/\n  Complete output (23 lines):\n  running egg_info\n  creating /tmp/pip-pip-egg-info-m1oygw5h/psycopg2.egg-info\n  writing /tmp/pip-pip-egg-info-m1oygw5h/psycopg2.egg-info/PKG-INFO\n  writing dependency_links to /tmp/pip-pip-egg-info-m1oygw5h/psycopg2.egg-info/dependency_links.txt\n  writing top-level names to /tmp/pip-pip-egg-info-m1oygw5h/psycopg2.egg-info/top_level.txt\n  writing manifest file '/tmp/pip-pip-egg-info-m1oygw5h/psycopg2.egg-info/SOURCES.txt'\n  \n  Error: pg_config executable not found.\n  \n  pg_config is required to build psycopg2 from source.  Please add the directory\n  containing pg_config to the $PATH or specify the full executable path with the\n  option:\n  \n      python setup.py build_ext --pg-config /path/to/pg_config build ...\n  \n  or with the pg_config option in 'setup.cfg'.\n  \n  If you prefer to avoid building psycopg2 from source, please install the PyPI\n  'psycopg2-binary' package instead.\n  \n  For further information please check the 'doc/src/install.rst' file (also at\n  <https://www.psycopg.org/docs/install.html>).\n  \n  ----------------------------------------\n\u001b[0m\u001b[91mWARNING: Discarding https://files.pythonhosted.org/packages/33/ed/79434011d773e5ea4c51262f6ebfb86680c2908d7677f31ebccd5aa9f1b3/psycopg2-2.9.2.tar.gz#sha256=a84da9fa891848e0270e8e04dcca073bc9046441eeb47069f5c0e36783debbea (from https://pypi.org/simple/psycopg2/) (requires-python:>=3.6). Command errored out with exit status 1: python setup.py egg_info Check the logs for full command output.\n\u001b[0m  Downloading psycopg2-2.9.1.tar.gz (379 kB)\n  Preparing metadata (setup.py): started\n  Preparing metadata (setup.py): finished with status 'error'\n\u001b[91m  ERROR: Command errored out with exit status 1:\n   command: /titan/bin/python3 -c 'import io, os, sys, setuptools, tokenize; sys.argv[0] = '\"'\"'/tmp/pip-install-39i1a0vx/psycopg2_06bf84446dda4ab2a5cfa0855f9292a0/setup.py'\"'\"'; __file__='\"'\"'/tmp/pip-install-39i1a0vx/psycopg2_06bf84446dda4ab2a5cfa0855f9292a0/setup.py'\"'\"';f = getattr(tokenize, '\"'\"'open'\"'\"', open)(__file__) if os.path.exists(__file__) else io.StringIO('\"'\"'from setuptools import setup; setup()'\"'\"');code = f.read().replace('\"'\"'\\r\\n'\"'\"', '\"'\"'\\n'\"'\"');f.close();exec(compile(code, __file__, '\"'\"'exec'\"'\"'))' egg_info --egg-base /tmp/pip-pip-egg-info-azwolhcz\n       cwd: /tmp/pip-install-39i1a0vx/psycopg2_06bf84446dda4ab2a5cfa0855f9292a0/\n  Complete output (23 lines):\n  running egg_info\n  creating /tmp/pip-pip-egg-info-azwolhcz/psycopg2.egg-info\n  writing /tmp/pip-pip-egg-info-azwolhcz/psycopg2.egg-info/PKG-INFO\n  writing dependency_links to /tmp/pip-pip-egg-info-azwolhcz/psycopg2.egg-info/dependency_links.txt\n  writing top-level names to /tmp/pip-pip-egg-info-azwolhcz/psycopg2.egg-info/top_level.txt\n  writing manifest file '/tmp/pip-pip-egg-info-azwolhcz/psycopg2.egg-info/SOURCES.txt'\n  \n  Error: pg_config executable not found.\n  \n  pg_config is required to build psycopg2 from source.  Please add the directory\n  containing pg_config to the $PATH or specify the full executable path with the\n  option:\n  \n      python setup.py build_ext --pg-config /path/to/pg_config build ...\n  \n  or with the pg_config option in 'setup.cfg'.\n  \n  If you prefer to avoid building psycopg2 from source, please install the PyPI\n  'psycopg2-binary' package instead.\n  \n  For further information please check the 'doc/src/install.rst' file (also at\n  <https://www.psycopg.org/docs/install.html>).\n  \n  ----------------------------------------\n\u001b[0m\u001b[91mWARNING: Discarding https://files.pythonhosted.org/packages/aa/8a/7c80e7e44fb1b4277e89bd9ca509aefdd4dd1b2c547c6f293afe9f7ffd04/psycopg2-2.9.1.tar.gz#sha256=de5303a6f1d0a7a34b9d40e4d3bef684ccc44a49bbe3eb85e3c0bffb4a131b7c (from https://pypi.org/simple/psycopg2/) (requires-python:>=3.6). Command errored out with exit status 1: python setup.py egg_info Check the logs for full command output.\n\u001b[0m  Downloading psycopg2-2.9.tar.gz (379 kB)\n  Preparing metadata (setup.py): started\n  Preparing metadata (setup.py): finished with status 'error'\n\u001b[91m  ERROR: Command errored out with exit status 1:\n   command: /titan/bin/python3 -c 'import io, os, sys, setuptools, tokenize; sys.argv[0] = '\"'\"'/tmp/pip-install-39i1a0vx/psycopg2_5a732b1d3bc54c21abead3121e1a908d/setup.py'\"'\"'; __file__='\"'\"'/tmp/pip-install-39i1a0vx/psycopg2_5a732b1d3bc54c21abead3121e1a908d/setup.py'\"'\"';f = getattr(tokenize, '\"'\"'open'\"'\"', open)(__file__) if os.path.exists(__file__) else io.StringIO('\"'\"'from setuptools import setup; setup()'\"'\"');code = f.read().replace('\"'\"'\\r\\n'\"'\"', '\"'\"'\\n'\"'\"');f.close();exec(compile(code, __file__, '\"'\"'exec'\"'\"'))' egg_info --egg-base /tmp/pip-pip-egg-info-rqs26ey8\n       cwd: /tmp/pip-install-39i1a0vx/psycopg2_5a732b1d3bc54c21abead3121e1a908d/\n  Complete output (23 lines):\n  running egg_info\n  creating /tmp/pip-pip-egg-info-rqs26ey8/psycopg2.egg-info\n  writing /tmp/pip-pip-egg-info-rqs26ey8/psycopg2.egg-info/PKG-INFO\n  writing dependency_links to /tmp/pip-pip-egg-info-rqs26ey8/psycopg2.egg-info/dependency_links.txt\n  writing top-level names to /tmp/pip-pip-egg-info-rqs26ey8/psycopg2.egg-info/top_level.txt\n  writing manifest file '/tmp/pip-pip-egg-info-rqs26ey8/psycopg2.egg-info/SOURCES.txt'\n  \n  Error: pg_config executable not found.\n  \n  pg_config is required to build psycopg2 from source.  Please add the directory\n  containing pg_config to the $PATH or specify the full executable path with the\n  option:\n  \n      python setup.py build_ext --pg-config /path/to/pg_config build ...\n  \n  or with the pg_config option in 'setup.cfg'.\n  \n  If you prefer to avoid building psycopg2 from source, please install the PyPI\n  'psycopg2-binary' package instead.\n  \n  For further information please check the 'doc/src/install.rst' file (also at\n  <https://www.psycopg.org/docs/install.html>).\n  \n  ----------------------------------------\n\u001b[0m\u001b[91mWARNING: Discarding https://files.pythonhosted.org/packages/6c/79/6df8af2405e2aa60732c47757453fc7fa4af5c90a1796b3392ef892d3a52/psycopg2-2.9.tar.gz#sha256=b12073fdf2002e828e5921be2c39ff9c6eab361c5c0bd6c529619fc23677accc (from https://pypi.org/simple/psycopg2/) (requires-python:>=3.6). Command errored out with exit status 1: python setup.py egg_info Check the logs for full command output.\n\u001b[0m  Downloading psycopg2-2.8.6.tar.gz (383 kB)\n  Preparing metadata (setup.py): started\n  Preparing metadata (setup.py): finished with status 'error'\n\u001b[91m  ERROR: Command errored out with exit status 1:\n   command: /titan/bin/python3 -c 'import io, os, sys, setuptools, tokenize; sys.argv[0] = '\"'\"'/tmp/pip-install-39i1a0vx/psycopg2_7ae63ec8bc5b4ff89c3b6bf37c5ff9a4/setup.py'\"'\"'; __file__='\"'\"'/tmp/pip-install-39i1a0vx/psycopg2_7ae63ec8bc5b4ff89c3b6bf37c5ff9a4/setup.py'\"'\"';f = getattr(tokenize, '\"'\"'open'\"'\"', open)(__file__) if os.path.exists(__file__) else io.StringIO('\"'\"'from setuptools import setup; setup()'\"'\"');code = f.read().replace('\"'\"'\\r\\n'\"'\"', '\"'\"'\\n'\"'\"');f.close();exec(compile(code, __file__, '\"'\"'exec'\"'\"'))' egg_info --egg-base /tmp/pip-pip-egg-info-y4ogkrje\n       cwd: /tmp/pip-install-39i1a0vx/psycopg2_7ae63ec8bc5b4ff89c3b6bf37c5ff9a4/\n  Complete output (23 lines):\n  running egg_info\n  creating /tmp/pip-pip-egg-info-y4ogkrje/psycopg2.egg-info\n  writing /tmp/pip-pip-egg-info-y4ogkrje/psycopg2.egg-info/PKG-INFO\n  writing dependency_links to /tmp/pip-pip-egg-info-y4ogkrje/psycopg2.egg-info/dependency_links.txt\n  writing top-level names to /tmp/pip-pip-egg-info-y4ogkrje/psycopg2.egg-info/top_level.txt\n  writing manifest file '/tmp/pip-pip-egg-info-y4ogkrje/psycopg2.egg-info/SOURCES.txt'\n  \n  Error: pg_config executable not found.\n  \n  pg_config is required to build psycopg2 from source.  Please add the directory\n  containing pg_config to the $PATH or specify the full executable path with the\n  option:\n  \n      python setup.py build_ext --pg-config /path/to/pg_config build ...\n  \n  or with the pg_config option in 'setup.cfg'.\n  \n  If you prefer to avoid building psycopg2 from source, please install the PyPI\n  'psycopg2-binary' package instead.\n  \n  For further information please check the 'doc/src/install.rst' file (also at\n  <https://www.psycopg.org/docs/install.html>).\n  \n  ----------------------------------------\n\u001b[0m\u001b[91mWARNING: Discarding https://files.pythonhosted.org/packages/fd/ae/98cb7a0cbb1d748ee547b058b14604bd0e9bf285a8e0cc5d148f8a8a952e/psycopg2-2.8.6.tar.gz#sha256=fb23f6c71107c37fd667cb4ea363ddeb936b348bbd6449278eb92c189699f543 (from https://pypi.org/simple/psycopg2/) (requires-python:>=2.7,!=3.0.*,!=3.1.*,!=3.2.*,!=3.3.*). Command errored out with exit status 1: python setup.py egg_info Check the logs for full command output.\n\u001b[0m  Downloading psycopg2-2.8.5.tar.gz (380 kB)\n  Preparing metadata (setup.py): started\n  Preparing metadata (setup.py): finished with status 'error'\n\u001b[91m  ERROR: Command errored out with exit status 1:\n   command: /titan/bin/python3 -c 'import io, os, sys, setuptools, tokenize; sys.argv[0] = '\"'\"'/tmp/pip-install-39i1a0vx/psycopg2_3e69151b10854c91881323b1972497bc/setup.py'\"'\"'; __file__='\"'\"'/tmp/pip-install-39i1a0vx/psycopg2_3e69151b10854c91881323b1972497bc/setup.py'\"'\"';f = getattr(tokenize, '\"'\"'open'\"'\"', open)(__file__) if os.path.exists(__file__) else io.StringIO('\"'\"'from setuptools import setup; setup()'\"'\"');code = f.read().replace('\"'\"'\\r\\n'\"'\"', '\"'\"'\\n'\"'\"');f.close();exec(compile(code, __file__, '\"'\"'exec'\"'\"'))' egg_info --egg-base /tmp/pip-pip-egg-info-lr8tw78k\n       cwd: /tmp/pip-install-39i1a0vx/psycopg2_3e69151b10854c91881323b1972497bc/\n  Complete output (23 lines):\n  running egg_info\n  creating /tmp/pip-pip-egg-info-lr8tw78k/psycopg2.egg-info\n  writing /tmp/pip-pip-egg-info-lr8tw78k/psycopg2.egg-info/PKG-INFO\n  writing dependency_links to /tmp/pip-pip-egg-info-lr8tw78k/psycopg2.egg-info/dependency_links.txt\n  writing top-level names to /tmp/pip-pip-egg-info-lr8tw78k/psycopg2.egg-info/top_level.txt\n  writing manifest file '/tmp/pip-pip-egg-info-lr8tw78k/psycopg2.egg-info/SOURCES.txt'\n  \n  Error: pg_config executable not found.\n  \n  pg_config is required to build psycopg2 from source.  Please add the directory\n  containing pg_config to the $PATH or specify the full executable path with the\n  option:\n  \n      python setup.py build_ext --pg-config /path/to/pg_config build ...\n  \n  or with the pg_config option in 'setup.cfg'.\n  \n  If you prefer to avoid building psycopg2 from source, please install the PyPI\n  'psycopg2-binary' package instead.\n  \n  For further information please check the 'doc/src/install.rst' file (also at\n  <https://www.psycopg.org/docs/install.html>).\n  \n  ----------------------------------------\n\u001b[0m\u001b[91mWARNING: Discarding https://files.pythonhosted.org/packages/a8/8f/1c5690eebf148d1d1554fc00ccf9101e134636553dbb75bdfef4f85d7647/psycopg2-2.8.5.tar.gz#sha256=f7d46240f7a1ae1dd95aab38bd74f7428d46531f69219954266d669da60c0818 (from https://pypi.org/simple/psycopg2/) (requires-python:>=2.7,!=3.0.*,!=3.1.*,!=3.2.*,!=3.3.*). Command errored out with exit status 1: python setup.py egg_info Check the logs for full command output.\n\u001b[0m  Downloading psycopg2-2.8.4.tar.gz (377 kB)\n  Preparing metadata (setup.py): started\n  Preparing metadata (setup.py): finished with status 'error'\n\u001b[91m  ERROR: Command errored out with exit status 1:\n   command: /titan/bin/python3 -c 'import io, os, sys, setuptools, tokenize; sys.argv[0] = '\"'\"'/tmp/pip-install-39i1a0vx/psycopg2_8fb13008ebe54257a31cbf41d423e141/setup.py'\"'\"'; __file__='\"'\"'/tmp/pip-install-39i1a0vx/psycopg2_8fb13008ebe54257a31cbf41d423e141/setup.py'\"'\"';f = getattr(tokenize, '\"'\"'open'\"'\"', open)(__file__) if os.path.exists(__file__) else io.StringIO('\"'\"'from setuptools import setup; setup()'\"'\"');code = f.read().replace('\"'\"'\\r\\n'\"'\"', '\"'\"'\\n'\"'\"');f.close();exec(compile(code, __file__, '\"'\"'exec'\"'\"'))' egg_info --egg-base /tmp/pip-pip-egg-info-e18rzx6f\n       cwd: /tmp/pip-install-39i1a0vx/psycopg2_8fb13008ebe54257a31cbf41d423e141/\n  Complete output (23 lines):\n  running egg_info\n  creating /tmp/pip-pip-egg-info-e18rzx6f/psycopg2.egg-info\n  writing /tmp/pip-pip-egg-info-e18rzx6f/psycopg2.egg-info/PKG-INFO\n  writing dependency_links to /tmp/pip-pip-egg-info-e18rzx6f/psycopg2.egg-info/dependency_links.txt\n  writing top-level names to /tmp/pip-pip-egg-info-e18rzx6f/psycopg2.egg-info/top_level.txt\n  writing manifest file '/tmp/pip-pip-egg-info-e18rzx6f/psycopg2.egg-info/SOURCES.txt'\n  \n  Error: pg_config executable not found.\n  \n  pg_config is required to build psycopg2 from source.  Please add the directory\n  containing pg_config to the $PATH or specify the full executable path with the\n  option:\n  \n      python setup.py build_ext --pg-config /path/to/pg_config build ...\n  \n  or with the pg_config option in 'setup.cfg'.\n  \n  If you prefer to avoid building psycopg2 from source, please install the PyPI\n  'psycopg2-binary' package instead.\n  \n  For further information please check the 'doc/src/install.rst' file (also at\n  <http://initd.org/psycopg/docs/install.html>).\n  \n  ----------------------------------------\n\u001b[0m\u001b[91mWARNING: Discarding https://files.pythonhosted.org/packages/84/d7/6a93c99b5ba4d4d22daa3928b983cec66df4536ca50b22ce5dcac65e4e71/psycopg2-2.8.4.tar.gz#sha256=f898e5cc0a662a9e12bde6f931263a1bbd350cfb18e1d5336a12927851825bb6 (from https://pypi.org/simple/psycopg2/) (requires-python:>=2.7,!=3.0.*,!=3.1.*,!=3.2.*,!=3.3.*). Command errored out with exit status 1: python setup.py egg_info Check the logs for full command output.\n\u001b[0m  Downloading psycopg2-2.8.3.tar.gz (377 kB)\n  Preparing metadata (setup.py): started\n  Preparing metadata (setup.py): finished with status 'error'\n\u001b[91m  ERROR: Command errored out with exit status 1:\n   command: /titan/bin/python3 -c 'import io, os, sys, setuptools, tokenize; sys.argv[0] = '\"'\"'/tmp/pip-install-39i1a0vx/psycopg2_2e4e9d68872a471081998ee93d506bfe/setup.py'\"'\"'; __file__='\"'\"'/tmp/pip-install-39i1a0vx/psycopg2_2e4e9d68872a471081998ee93d506bfe/setup.py'\"'\"';f = getattr(tokenize, '\"'\"'open'\"'\"', open)(__file__) if os.path.exists(__file__) else io.StringIO('\"'\"'from setuptools import setup; setup()'\"'\"');code = f.read().replace('\"'\"'\\r\\n'\"'\"', '\"'\"'\\n'\"'\"');f.close();exec(compile(code, __file__, '\"'\"'exec'\"'\"'))' egg_info --egg-base /tmp/pip-pip-egg-info-979unta7\n       cwd: /tmp/pip-install-39i1a0vx/psycopg2_2e4e9d68872a471081998ee93d506bfe/\n  Complete output (23 lines):\n  running egg_info\n  creating /tmp/pip-pip-egg-info-979unta7/psycopg2.egg-info\n  writing /tmp/pip-pip-egg-info-979unta7/psycopg2.egg-info/PKG-INFO\n  writing dependency_links to /tmp/pip-pip-egg-info-979unta7/psycopg2.egg-info/dependency_links.txt\n  writing top-level names to /tmp/pip-pip-egg-info-979unta7/psycopg2.egg-info/top_level.txt\n  writing manifest file '/tmp/pip-pip-egg-info-979unta7/psycopg2.egg-info/SOURCES.txt'\n  \n  Error: pg_config executable not found.\n  \n  pg_config is required to build psycopg2 from source.  Please add the directory\n  containing pg_config to the $PATH or specify the full executable path with the\n  option:\n  \n      python setup.py build_ext --pg-config /path/to/pg_config build ...\n  \n  or with the pg_config option in 'setup.cfg'.\n  \n  If you prefer to avoid building psycopg2 from source, please install the PyPI\n  'psycopg2-binary' package instead.\n  \n  For further information please check the 'doc/src/install.rst' file (also at\n  <http://initd.org/psycopg/docs/install.html>).\n  \n  ----------------------------------------\n\u001b[0m\u001b[91mWARNING: Discarding https://files.pythonhosted.org/packages/5c/1c/6997288da181277a0c29bc39a5f9143ff20b8c99f2a7d059cfb55163e165/psycopg2-2.8.3.tar.gz#sha256=897a6e838319b4bf648a574afb6cabcb17d0488f8c7195100d48d872419f4457 (from https://pypi.org/simple/psycopg2/) (requires-python:>=2.7,!=3.0.*,!=3.1.*,!=3.2.*,!=3.3.*). Command errored out with exit status 1: python setup.py egg_info Check the logs for full command output.\n\u001b[0m  Downloading psycopg2-2.8.2.tar.gz (368 kB)\n  Preparing metadata (setup.py): started\n  Preparing metadata (setup.py): finished with status 'error'\n\u001b[91m  ERROR: Command errored out with exit status 1:\n   command: /titan/bin/python3 -c 'import io, os, sys, setuptools, tokenize; sys.argv[0] = '\"'\"'/tmp/pip-install-39i1a0vx/psycopg2_93c19b365ff84b7c9ce0322a2848b6bf/setup.py'\"'\"'; __file__='\"'\"'/tmp/pip-install-39i1a0vx/psycopg2_93c19b365ff84b7c9ce0322a2848b6bf/setup.py'\"'\"';f = getattr(tokenize, '\"'\"'open'\"'\"', open)(__file__) if os.path.exists(__file__) else io.StringIO('\"'\"'from setuptools import setup; setup()'\"'\"');code = f.read().replace('\"'\"'\\r\\n'\"'\"', '\"'\"'\\n'\"'\"');f.close();exec(compile(code, __file__, '\"'\"'exec'\"'\"'))' egg_info --egg-base /tmp/pip-pip-egg-info-l75vanjw\n       cwd: /tmp/pip-install-39i1a0vx/psycopg2_93c19b365ff84b7c9ce0322a2848b6bf/\n  Complete output (23 lines):\n  running egg_info\n  creating /tmp/pip-pip-egg-info-l75vanjw/psycopg2.egg-info\n  writing /tmp/pip-pip-egg-info-l75vanjw/psycopg2.egg-info/PKG-INFO\n  writing dependency_links to /tmp/pip-pip-egg-info-l75vanjw/psycopg2.egg-info/dependency_links.txt\n  writing top-level names to /tmp/pip-pip-egg-info-l75vanjw/psycopg2.egg-info/top_level.txt\n  writing manifest file '/tmp/pip-pip-egg-info-l75vanjw/psycopg2.egg-info/SOURCES.txt'\n  \n  Error: pg_config executable not found.\n  \n  pg_config is required to build psycopg2 from source.  Please add the directory\n  containing pg_config to the $PATH or specify the full executable path with the\n  option:\n  \n      python setup.py build_ext --pg-config /path/to/pg_config build ...\n  \n  or with the pg_config option in 'setup.cfg'.\n  \n  If you prefer to avoid building psycopg2 from source, please install the PyPI\n  'psycopg2-binary' package instead.\n  \n  For further information please check the 'doc/src/install.rst' file (also at\n  <http://initd.org/psycopg/docs/install.html>).\n  \n  ----------------------------------------\n\u001b[0m\u001b[91mWARNING: Discarding https://files.pythonhosted.org/packages/23/7e/93c325482c328619870b6cd09370f6dbe1148283daca65115cd63642e60f/psycopg2-2.8.2.tar.gz#sha256=5cacf21b6f813c239f100ef78a4132056f93a5940219ec25d2ef833cbeb05588 (from https://pypi.org/simple/psycopg2/) (requires-python:>=2.7,!=3.0.*,!=3.1.*,!=3.2.*,!=3.3.*). Command errored out with exit status 1: python setup.py egg_info Check the logs for full command output.\n\u001b[0m  Downloading psycopg2-2.8.1.tar.gz (367 kB)\n  Preparing metadata (setup.py): started\n  Preparing metadata (setup.py): finished with status 'error'\n\u001b[91m  ERROR: Command errored out with exit status 1:\n   command: /titan/bin/python3 -c 'import io, os, sys, setuptools, tokenize; sys.argv[0] = '\"'\"'/tmp/pip-install-39i1a0vx/psycopg2_8b961deca4584a86902a0676de60302d/setup.py'\"'\"'; __file__='\"'\"'/tmp/pip-install-39i1a0vx/psycopg2_8b961deca4584a86902a0676de60302d/setup.py'\"'\"';f = getattr(tokenize, '\"'\"'open'\"'\"', open)(__file__) if os.path.exists(__file__) else io.StringIO('\"'\"'from setuptools import setup; setup()'\"'\"');code = f.read().replace('\"'\"'\\r\\n'\"'\"', '\"'\"'\\n'\"'\"');f.close();exec(compile(code, __file__, '\"'\"'exec'\"'\"'))' egg_info --egg-base /tmp/pip-pip-egg-info-7eyosbt8\n       cwd: /tmp/pip-install-39i1a0vx/psycopg2_8b961deca4584a86902a0676de60302d/\n  Complete output (23 lines):\n  running egg_info\n  creating /tmp/pip-pip-egg-info-7eyosbt8/psycopg2.egg-info\n  writing /tmp/pip-pip-egg-info-7eyosbt8/psycopg2.egg-info/PKG-INFO\n  writing dependency_links to /tmp/pip-pip-egg-info-7eyosbt8/psycopg2.egg-info/dependency_links.txt\n  writing top-level names to /tmp/pip-pip-egg-info-7eyosbt8/psycopg2.egg-info/top_level.txt\n  writing manifest file '/tmp/pip-pip-egg-info-7eyosbt8/psycopg2.egg-info/SOURCES.txt'\n  \n  Error: pg_config executable not found.\n  \n  pg_config is required to build psycopg2 from source.  Please add the directory\n  containing pg_config to the $PATH or specify the full executable path with the\n  option:\n  \n      python setup.py build_ext --pg-config /path/to/pg_config build ...\n  \n  or with the pg_config option in 'setup.cfg'.\n  \n  If you prefer to avoid building psycopg2 from source, please install the PyPI\n  'psycopg2-binary' package instead.\n  \n  For further information please check the 'doc/src/install.rst' file (also at\n  <http://initd.org/psycopg/docs/install.html>).\n  \n  ----------------------------------------\n\u001b[0m\u001b[91mWARNING: Discarding https://files.pythonhosted.org/packages/52/be/f898e712f5f08131d651a62754fca82a1deb42e4e9889ad01932f770a2be/psycopg2-2.8.1.tar.gz#sha256=b4a475ce87eabc0607e068a3c704d0aa0820237ed78d493b8e2d880eb73cd7fe (from https://pypi.org/simple/psycopg2/) (requires-python:>=2.7,!=3.0.*,!=3.1.*,!=3.2.*,!=3.3.*). Command errored out with exit status 1: python setup.py egg_info Check the logs for full command output.\n\u001b[0m  Downloading psycopg2-2.8.tar.gz (367 kB)\n  Preparing metadata (setup.py): started\n  Preparing metadata (setup.py): finished with status 'error'\n\u001b[91m  ERROR: Command errored out with exit status 1:\n   command: /titan/bin/python3 -c 'import io, os, sys, setuptools, tokenize; sys.argv[0] = '\"'\"'/tmp/pip-install-39i1a0vx/psycopg2_58d860c8d15a46ae99d8e6899786f89e/setup.py'\"'\"'; __file__='\"'\"'/tmp/pip-install-39i1a0vx/psycopg2_58d860c8d15a46ae99d8e6899786f89e/setup.py'\"'\"';f = getattr(tokenize, '\"'\"'open'\"'\"', open)(__file__) if os.path.exists(__file__) else io.StringIO('\"'\"'from setuptools import setup; setup()'\"'\"');code = f.read().replace('\"'\"'\\r\\n'\"'\"', '\"'\"'\\n'\"'\"');f.close();exec(compile(code, __file__, '\"'\"'exec'\"'\"'))' egg_info --egg-base /tmp/pip-pip-egg-info-gq8ooabj\n       cwd: /tmp/pip-install-39i1a0vx/psycopg2_58d860c8d15a46ae99d8e6899786f89e/\n  Complete output (23 lines):\n  running egg_info\n  creating /tmp/pip-pip-egg-info-gq8ooabj/psycopg2.egg-info\n  writing /tmp/pip-pip-egg-info-gq8ooabj/psycopg2.egg-info/PKG-INFO\n  writing dependency_links to /tmp/pip-pip-egg-info-gq8ooabj/psycopg2.egg-info/dependency_links.txt\n  writing top-level names to /tmp/pip-pip-egg-info-gq8ooabj/psycopg2.egg-info/top_level.txt\n  writing manifest file '/tmp/pip-pip-egg-info-gq8ooabj/psycopg2.egg-info/SOURCES.txt'\n  \n  Error: pg_config executable not found.\n  \n  pg_config is required to build psycopg2 from source.  Please add the directory\n  containing pg_config to the $PATH or specify the full executable path with the\n  option:\n  \n      python setup.py build_ext --pg-config /path/to/pg_config build ...\n  \n  or with the pg_config option in 'setup.cfg'.\n  \n  If you prefer to avoid building psycopg2 from source, please install the PyPI\n  'psycopg2-binary' package instead.\n  \n  For further information please check the 'doc/src/install.rst' file (also at\n  <http://initd.org/psycopg/docs/install.html>).\n  \n  ----------------------------------------\n\u001b[0m\u001b[91mWARNING: Discarding https://files.pythonhosted.org/packages/c7/ca/75236b17f1b951950ffc55d657c5aa408d3d0327a1b6c4c0f7cb16ef7e7b/psycopg2-2.8.tar.gz#sha256=49c5838d90e83217909db3789d30a105385b5e696ec5168cda645546c542f35a (from https://pypi.org/simple/psycopg2/) (requires-python:>=2.7,!=3.0.*,!=3.1.*,!=3.2.*,!=3.3.*). Command errored out with exit status 1: python setup.py egg_info Check the logs for full command output.\n\u001b[0m  Downloading psycopg2-2.7.7.tar.gz (427 kB)\n  Preparing metadata (setup.py): started\n  Preparing metadata (setup.py): finished with status 'error'\n\u001b[91m  ERROR: Command errored out with exit status 1:\n   command: /titan/bin/python3 -c 'import io, os, sys, setuptools, tokenize; sys.argv[0] = '\"'\"'/tmp/pip-install-39i1a0vx/psycopg2_3e2f5a564369454ca27fd48dc513b092/setup.py'\"'\"'; __file__='\"'\"'/tmp/pip-install-39i1a0vx/psycopg2_3e2f5a564369454ca27fd48dc513b092/setup.py'\"'\"';f = getattr(tokenize, '\"'\"'open'\"'\"', open)(__file__) if os.path.exists(__file__) else io.StringIO('\"'\"'from setuptools import setup; setup()'\"'\"');code = f.read().replace('\"'\"'\\r\\n'\"'\"', '\"'\"'\\n'\"'\"');f.close();exec(compile(code, __file__, '\"'\"'exec'\"'\"'))' egg_info --egg-base /tmp/pip-pip-egg-info-ydp7uc39\n       cwd: /tmp/pip-install-39i1a0vx/psycopg2_3e2f5a564369454ca27fd48dc513b092/\n  Complete output (26 lines):\n  running egg_info\n  creating /tmp/pip-pip-egg-info-ydp7uc39/psycopg2.egg-info\n  writing /tmp/pip-pip-egg-info-ydp7uc39/psycopg2.egg-info/PKG-INFO\n  writing dependency_links to /tmp/pip-pip-egg-info-ydp7uc39/psycopg2.egg-info/dependency_links.txt\n  writing top-level names to /tmp/pip-pip-egg-info-ydp7uc39/psycopg2.egg-info/top_level.txt\n  writing manifest file '/tmp/pip-pip-egg-info-ydp7uc39/psycopg2.egg-info/SOURCES.txt'\n  /titan/lib/python3.6/site-packages/setuptools/command/egg_info.py:628: SetuptoolsDeprecationWarning: Custom 'build_py' does not implement 'get_data_files_without_manifest'.\n  Please extend command classes from setuptools instead of distutils.\n    SetuptoolsDeprecationWarning\n  \n  Error: pg_config executable not found.\n  \n  pg_config is required to build psycopg2 from source.  Please add the directory\n  containing pg_config to the $PATH or specify the full executable path with the\n  option:\n  \n      python setup.py build_ext --pg-config /path/to/pg_config build ...\n  \n  or with the pg_config option in 'setup.cfg'.\n  \n  If you prefer to avoid building psycopg2 from source, please install the PyPI\n  'psycopg2-binary' package instead.\n  \n  For further information please check the 'doc/src/install.rst' file (also at\n  <http://initd.org/psycopg/docs/install.html>).\n  \n  ----------------------------------------\n\u001b[0m\u001b[91mWARNING: Discarding https://files.pythonhosted.org/packages/63/54/c039eb0f46f9a9406b59a638415c2012ad7be9b4b97bfddb1f48c280df3a/psycopg2-2.7.7.tar.gz#sha256=f4526d078aedd5187d0508aa5f9a01eae6a48a470ed678406da94b4cd6524b7e (from https://pypi.org/simple/psycopg2/). Command errored out with exit status 1: python setup.py egg_info Check the logs for full command output.\n\u001b[0m  Downloading psycopg2-2.7.6.1.tar.gz (427 kB)\n  Preparing metadata (setup.py): started\n  Preparing metadata (setup.py): finished with status 'error'\n\u001b[91m  ERROR: Command errored out with exit status 1:\n   command: /titan/bin/python3 -c 'import io, os, sys, setuptools, tokenize; sys.argv[0] = '\"'\"'/tmp/pip-install-39i1a0vx/psycopg2_35d1a0af93994a09b3a22d8f16a4d6b5/setup.py'\"'\"'; __file__='\"'\"'/tmp/pip-install-39i1a0vx/psycopg2_35d1a0af93994a09b3a22d8f16a4d6b5/setup.py'\"'\"';f = getattr(tokenize, '\"'\"'open'\"'\"', open)(__file__) if os.path.exists(__file__) else io.StringIO('\"'\"'from setuptools import setup; setup()'\"'\"');code = f.read().replace('\"'\"'\\r\\n'\"'\"', '\"'\"'\\n'\"'\"');f.close();exec(compile(code, __file__, '\"'\"'exec'\"'\"'))' egg_info --egg-base /tmp/pip-pip-egg-info-imumf5pk\n       cwd: /tmp/pip-install-39i1a0vx/psycopg2_35d1a0af93994a09b3a22d8f16a4d6b5/\n  Complete output (26 lines):\n  running egg_info\n  creating /tmp/pip-pip-egg-info-imumf5pk/psycopg2.egg-info\n  writing /tmp/pip-pip-egg-info-imumf5pk/psycopg2.egg-info/PKG-INFO\n  writing dependency_links to /tmp/pip-pip-egg-info-imumf5pk/psycopg2.egg-info/dependency_links.txt\n  writing top-level names to /tmp/pip-pip-egg-info-imumf5pk/psycopg2.egg-info/top_level.txt\n  writing manifest file '/tmp/pip-pip-egg-info-imumf5pk/psycopg2.egg-info/SOURCES.txt'\n  /titan/lib/python3.6/site-packages/setuptools/command/egg_info.py:628: SetuptoolsDeprecationWarning: Custom 'build_py' does not implement 'get_data_files_without_manifest'.\n  Please extend command classes from setuptools instead of distutils.\n    SetuptoolsDeprecationWarning\n  \n  Error: pg_config executable not found.\n  \n  pg_config is required to build psycopg2 from source.  Please add the directory\n  containing pg_config to the $PATH or specify the full executable path with the\n  option:\n  \n      python setup.py build_ext --pg-config /path/to/pg_config build ...\n  \n  or with the pg_config option in 'setup.cfg'.\n  \n  If you prefer to avoid building psycopg2 from source, please install the PyPI\n  'psycopg2-binary' package instead.\n  \n  For further information please check the 'doc/src/install.rst' file (also at\n  <http://initd.org/psycopg/docs/install.html>).\n  \n  ----------------------------------------\n\u001b[0m\u001b[91mWARNING: Discarding https://files.pythonhosted.org/packages/c0/07/93573b97ed61b6fb907c8439bf58f09957564cf7c39612cef36c547e68c6/psycopg2-2.7.6.1.tar.gz#sha256=27959abe64ca1fc6d8cd11a71a1f421d8287831a3262bd4cacd43bbf43cc3c82 (from https://pypi.org/simple/psycopg2/). Command errored out with exit status 1: python setup.py egg_info Check the logs for full command output.\n\u001b[0m  Downloading psycopg2-2.7.6.tar.gz (427 kB)\n  Preparing metadata (setup.py): started\n  Preparing metadata (setup.py): finished with status 'error'\n\u001b[91m  ERROR: Command errored out with exit status 1:\n   command: /titan/bin/python3 -c 'import io, os, sys, setuptools, tokenize; sys.argv[0] = '\"'\"'/tmp/pip-install-39i1a0vx/psycopg2_899b8e51b9aa42c7bbd1ae4fef5a8548/setup.py'\"'\"'; __file__='\"'\"'/tmp/pip-install-39i1a0vx/psycopg2_899b8e51b9aa42c7bbd1ae4fef5a8548/setup.py'\"'\"';f = getattr(tokenize, '\"'\"'open'\"'\"', open)(__file__) if os.path.exists(__file__) else io.StringIO('\"'\"'from setuptools import setup; setup()'\"'\"');code = f.read().replace('\"'\"'\\r\\n'\"'\"', '\"'\"'\\n'\"'\"');f.close();exec(compile(code, __file__, '\"'\"'exec'\"'\"'))' egg_info --egg-base /tmp/pip-pip-egg-info-p86sz553\n       cwd: /tmp/pip-install-39i1a0vx/psycopg2_899b8e51b9aa42c7bbd1ae4fef5a8548/\n  Complete output (26 lines):\n  running egg_info\n  creating /tmp/pip-pip-egg-info-p86sz553/psycopg2.egg-info\n  writing /tmp/pip-pip-egg-info-p86sz553/psycopg2.egg-info/PKG-INFO\n  writing dependency_links to /tmp/pip-pip-egg-info-p86sz553/psycopg2.egg-info/dependency_links.txt\n  writing top-level names to /tmp/pip-pip-egg-info-p86sz553/psycopg2.egg-info/top_level.txt\n  writing manifest file '/tmp/pip-pip-egg-info-p86sz553/psycopg2.egg-info/SOURCES.txt'\n  /titan/lib/python3.6/site-packages/setuptools/command/egg_info.py:628: SetuptoolsDeprecationWarning: Custom 'build_py' does not implement 'get_data_files_without_manifest'.\n  Please extend command classes from setuptools instead of distutils.\n    SetuptoolsDeprecationWarning\n  \n  Error: pg_config executable not found.\n  \n  pg_config is required to build psycopg2 from source.  Please add the directory\n  containing pg_config to the $PATH or specify the full executable path with the\n  option:\n  \n      python setup.py build_ext --pg-config /path/to/pg_config build ...\n  \n  or with the pg_config option in 'setup.cfg'.\n  \n  If you prefer to avoid building psycopg2 from source, please install the PyPI\n  'psycopg2-binary' package instead.\n  \n  For further information please check the 'doc/src/install.rst' file (also at\n  <http://initd.org/psycopg/docs/install.html>).\n  \n  ----------------------------------------\n\u001b[0m\u001b[91mWARNING: Discarding https://files.pythonhosted.org/packages/94/09/2f1fae36d83e2315b90ee91738d01baf8af8c945726bf4b4708fcec3256d/psycopg2-2.7.6.tar.gz#sha256=4a658550b0bcb259e97f77f2dc93ed6b108fe2eda963a9e6fc8b48040d542ec2 (from https://pypi.org/simple/psycopg2/). Command errored out with exit status 1: python setup.py egg_info Check the logs for full command output.\n\u001b[0m  Downloading psycopg2-2.7.5.tar.gz (426 kB)\n  Preparing metadata (setup.py): started\n  Preparing metadata (setup.py): finished with status 'error'\n\u001b[91m  ERROR: Command errored out with exit status 1:\n   command: /titan/bin/python3 -c 'import io, os, sys, setuptools, tokenize; sys.argv[0] = '\"'\"'/tmp/pip-install-39i1a0vx/psycopg2_c635badc3d8343d083a3e3ed9893caa7/setup.py'\"'\"'; __file__='\"'\"'/tmp/pip-install-39i1a0vx/psycopg2_c635badc3d8343d083a3e3ed9893caa7/setup.py'\"'\"';f = getattr(tokenize, '\"'\"'open'\"'\"', open)(__file__) if os.path.exists(__file__) else io.StringIO('\"'\"'from setuptools import setup; setup()'\"'\"');code = f.read().replace('\"'\"'\\r\\n'\"'\"', '\"'\"'\\n'\"'\"');f.close();exec(compile(code, __file__, '\"'\"'exec'\"'\"'))' egg_info --egg-base /tmp/pip-pip-egg-info-js7fvbc4\n       cwd: /tmp/pip-install-39i1a0vx/psycopg2_c635badc3d8343d083a3e3ed9893caa7/\n  Complete output (26 lines):\n  running egg_info\n  creating /tmp/pip-pip-egg-info-js7fvbc4/psycopg2.egg-info\n  writing /tmp/pip-pip-egg-info-js7fvbc4/psycopg2.egg-info/PKG-INFO\n  writing dependency_links to /tmp/pip-pip-egg-info-js7fvbc4/psycopg2.egg-info/dependency_links.txt\n  writing top-level names to /tmp/pip-pip-egg-info-js7fvbc4/psycopg2.egg-info/top_level.txt\n  writing manifest file '/tmp/pip-pip-egg-info-js7fvbc4/psycopg2.egg-info/SOURCES.txt'\n  /titan/lib/python3.6/site-packages/setuptools/command/egg_info.py:628: SetuptoolsDeprecationWarning: Custom 'build_py' does not implement 'get_data_files_without_manifest'.\n  Please extend command classes from setuptools instead of distutils.\n    SetuptoolsDeprecationWarning\n  \n  Error: pg_config executable not found.\n  \n  pg_config is required to build psycopg2 from source.  Please add the directory\n  containing pg_config to the $PATH or specify the full executable path with the\n  option:\n  \n      python setup.py build_ext --pg-config /path/to/pg_config build ...\n  \n  or with the pg_config option in 'setup.cfg'.\n  \n  If you prefer to avoid building psycopg2 from source, please install the PyPI\n  'psycopg2-binary' package instead.\n  \n  For further information please check the 'doc/src/install.rst' file (also at\n  <http://initd.org/psycopg/docs/install.html>).\n  \n  ----------------------------------------\n\u001b[0m\u001b[91mWARNING: Discarding https://files.pythonhosted.org/packages/b2/c1/7bf6c464e903ffc4f3f5907c389e5a4199666bf57f6cd6bf46c17912a1f9/psycopg2-2.7.5.tar.gz#sha256=eccf962d41ca46e6326b97c8fe0a6687b58dfc1a5f6540ed071ff1474cea749e (from https://pypi.org/simple/psycopg2/). Command errored out with exit status 1: python setup.py egg_info Check the logs for full command output.\n\u001b[0m  Downloading psycopg2-2.7.4.tar.gz (425 kB)\n  Preparing metadata (setup.py): started\n  Preparing metadata (setup.py): finished with status 'error'\n\u001b[91m  ERROR: Command errored out with exit status 1:\n   command: /titan/bin/python3 -c 'import io, os, sys, setuptools, tokenize; sys.argv[0] = '\"'\"'/tmp/pip-install-39i1a0vx/psycopg2_b29c219345ff4cdeb30e3f2d1666e759/setup.py'\"'\"'; __file__='\"'\"'/tmp/pip-install-39i1a0vx/psycopg2_b29c219345ff4cdeb30e3f2d1666e759/setup.py'\"'\"';f = getattr(tokenize, '\"'\"'open'\"'\"', open)(__file__) if os.path.exists(__file__) else io.StringIO('\"'\"'from setuptools import setup; setup()'\"'\"');code = f.read().replace('\"'\"'\\r\\n'\"'\"', '\"'\"'\\n'\"'\"');f.close();exec(compile(code, __file__, '\"'\"'exec'\"'\"'))' egg_info --egg-base /tmp/pip-pip-egg-info-2xuendlf\n       cwd: /tmp/pip-install-39i1a0vx/psycopg2_b29c219345ff4cdeb30e3f2d1666e759/\n  Complete output (26 lines):\n  running egg_info\n  creating /tmp/pip-pip-egg-info-2xuendlf/psycopg2.egg-info\n  writing /tmp/pip-pip-egg-info-2xuendlf/psycopg2.egg-info/PKG-INFO\n  writing dependency_links to /tmp/pip-pip-egg-info-2xuendlf/psycopg2.egg-info/dependency_links.txt\n  writing top-level names to /tmp/pip-pip-egg-info-2xuendlf/psycopg2.egg-info/top_level.txt\n  writing manifest file '/tmp/pip-pip-egg-info-2xuendlf/psycopg2.egg-info/SOURCES.txt'\n  /titan/lib/python3.6/site-packages/setuptools/command/egg_info.py:628: SetuptoolsDeprecationWarning: Custom 'build_py' does not implement 'get_data_files_without_manifest'.\n  Please extend command classes from setuptools instead of distutils.\n    SetuptoolsDeprecationWarning\n  \n  Error: pg_config executable not found.\n  \n  pg_config is required to build psycopg2 from source.  Please add the directory\n  containing pg_config to the $PATH or specify the full executable path with the\n  option:\n  \n      python setup.py build_ext --pg-config /path/to/pg_config build ...\n  \n  or with the pg_config option in 'setup.cfg'.\n  \n  If you prefer to avoid building psycopg2 from source, please install the PyPI\n  'psycopg2-binary' package instead.\n  \n  For further information please check the 'doc/src/install.rst' file (also at\n  <http://initd.org/psycopg/docs/install.html>).\n  \n  ----------------------------------------\n\u001b[0m\u001b[91mWARNING: Discarding https://files.pythonhosted.org/packages/74/83/51580322ed0e82cba7ad8e0af590b8fb2cf11bd5aaa1ed872661bd36f462/psycopg2-2.7.4.tar.gz#sha256=8bf51191d60f6987482ef0cfe8511bbf4877a5aa7f313d7b488b53189cf26209 (from https://pypi.org/simple/psycopg2/). Command errored out with exit status 1: python setup.py egg_info Check the logs for full command output.\n\u001b[0m  Downloading psycopg2-2.7.3.2.tar.gz (425 kB)\n  Preparing metadata (setup.py): started\n  Preparing metadata (setup.py): finished with status 'error'\n\u001b[91m  ERROR: Command errored out with exit status 1:\n   command: /titan/bin/python3 -c 'import io, os, sys, setuptools, tokenize; sys.argv[0] = '\"'\"'/tmp/pip-install-39i1a0vx/psycopg2_bdae40a852fd40efbbd83d12a2b0dfee/setup.py'\"'\"'; __file__='\"'\"'/tmp/pip-install-39i1a0vx/psycopg2_bdae40a852fd40efbbd83d12a2b0dfee/setup.py'\"'\"';f = getattr(tokenize, '\"'\"'open'\"'\"', open)(__file__) if os.path.exists(__file__) else io.StringIO('\"'\"'from setuptools import setup; setup()'\"'\"');code = f.read().replace('\"'\"'\\r\\n'\"'\"', '\"'\"'\\n'\"'\"');f.close();exec(compile(code, __file__, '\"'\"'exec'\"'\"'))' egg_info --egg-base /tmp/pip-pip-egg-info-eqmwi75x\n       cwd: /tmp/pip-install-39i1a0vx/psycopg2_bdae40a852fd40efbbd83d12a2b0dfee/\n  Complete output (17 lines):\n  running egg_info\n  creating /tmp/pip-pip-egg-info-eqmwi75x/psycopg2.egg-info\n  writing /tmp/pip-pip-egg-info-eqmwi75x/psycopg2.egg-info/PKG-INFO\n  writing dependency_links to /tmp/pip-pip-egg-info-eqmwi75x/psycopg2.egg-info/dependency_links.txt\n  writing top-level names to /tmp/pip-pip-egg-info-eqmwi75x/psycopg2.egg-info/top_level.txt\n  writing manifest file '/tmp/pip-pip-egg-info-eqmwi75x/psycopg2.egg-info/SOURCES.txt'\n  /titan/lib/python3.6/site-packages/setuptools/command/egg_info.py:628: SetuptoolsDeprecationWarning: Custom 'build_py' does not implement 'get_data_files_without_manifest'.\n  Please extend command classes from setuptools instead of distutils.\n    SetuptoolsDeprecationWarning\n  Error: pg_config executable not found.\n  \n  Please add the directory containing pg_config to the PATH\n  or specify the full executable path with the option:\n  \n      python setup.py build_ext --pg-config /path/to/pg_config build ...\n  \n  or with the pg_config option in 'setup.cfg'.\n  ----------------------------------------\n\u001b[0m\u001b[91mWARNING: Discarding https://files.pythonhosted.org/packages/dd/47/000b405d73ca22980684fd7bd3318690cc03cfa3b2ae1c5b7fff8050b28a/psycopg2-2.7.3.2.tar.gz#sha256=5c3213be557d0468f9df8fe2487eaf2990d9799202c5ff5cb8d394d09fad9b2a (from https://pypi.org/simple/psycopg2/). Command errored out with exit status 1: python setup.py egg_info Check the logs for full command output.\n\u001b[0m  Downloading psycopg2-2.7.3.1.tar.gz (425 kB)\n  Preparing metadata (setup.py): started\n  Preparing metadata (setup.py): finished with status 'error'\n\u001b[91m  ERROR: Command errored out with exit status 1:\n   command: /titan/bin/python3 -c 'import io, os, sys, setuptools, tokenize; sys.argv[0] = '\"'\"'/tmp/pip-install-39i1a0vx/psycopg2_455b7646e52d45efa8b389ea3f8c892c/setup.py'\"'\"'; __file__='\"'\"'/tmp/pip-install-39i1a0vx/psycopg2_455b7646e52d45efa8b389ea3f8c892c/setup.py'\"'\"';f = getattr(tokenize, '\"'\"'open'\"'\"', open)(__file__) if os.path.exists(__file__) else io.StringIO('\"'\"'from setuptools import setup; setup()'\"'\"');code = f.read().replace('\"'\"'\\r\\n'\"'\"', '\"'\"'\\n'\"'\"');f.close();exec(compile(code, __file__, '\"'\"'exec'\"'\"'))' egg_info --egg-base /tmp/pip-pip-egg-info-d_gdlexb\n       cwd: /tmp/pip-install-39i1a0vx/psycopg2_455b7646e52d45efa8b389ea3f8c892c/\n  Complete output (17 lines):\n  running egg_info\n  creating /tmp/pip-pip-egg-info-d_gdlexb/psycopg2.egg-info\n  writing /tmp/pip-pip-egg-info-d_gdlexb/psycopg2.egg-info/PKG-INFO\n  writing dependency_links to /tmp/pip-pip-egg-info-d_gdlexb/psycopg2.egg-info/dependency_links.txt\n  writing top-level names to /tmp/pip-pip-egg-info-d_gdlexb/psycopg2.egg-info/top_level.txt\n  writing manifest file '/tmp/pip-pip-egg-info-d_gdlexb/psycopg2.egg-info/SOURCES.txt'\n  /titan/lib/python3.6/site-packages/setuptools/command/egg_info.py:628: SetuptoolsDeprecationWarning: Custom 'build_py' does not implement 'get_data_files_without_manifest'.\n  Please extend command classes from setuptools instead of distutils.\n    SetuptoolsDeprecationWarning\n  Error: pg_config executable not found.\n  \n  Please add the directory containing pg_config to the PATH\n  or specify the full executable path with the option:\n  \n      python setup.py build_ext --pg-config /path/to/pg_config build ...\n  \n  or with the pg_config option in 'setup.cfg'.\n  ----------------------------------------\n\u001b[0m\u001b[91mWARNING: Discarding https://files.pythonhosted.org/packages/6b/fb/15c687eda2f925f0ff59373063fdb408471b4284714a7761daaa65c01f15/psycopg2-2.7.3.1.tar.gz#sha256=9b7b16e26448b43cf167f785d8b5345007731ebf153a510e12dae826800caa65 (from https://pypi.org/simple/psycopg2/). Command errored out with exit status 1: python setup.py egg_info Check the logs for full command output.\n\u001b[0m  Downloading psycopg2-2.7.3.tar.gz (425 kB)\n  Preparing metadata (setup.py): started\n  Preparing metadata (setup.py): finished with status 'error'\n\u001b[91m  ERROR: Command errored out with exit status 1:\n   command: /titan/bin/python3 -c 'import io, os, sys, setuptools, tokenize; sys.argv[0] = '\"'\"'/tmp/pip-install-39i1a0vx/psycopg2_0e444566f5634c1c89eb326e992bc317/setup.py'\"'\"'; __file__='\"'\"'/tmp/pip-install-39i1a0vx/psycopg2_0e444566f5634c1c89eb326e992bc317/setup.py'\"'\"';f = getattr(tokenize, '\"'\"'open'\"'\"', open)(__file__) if os.path.exists(__file__) else io.StringIO('\"'\"'from setuptools import setup; setup()'\"'\"');code = f.read().replace('\"'\"'\\r\\n'\"'\"', '\"'\"'\\n'\"'\"');f.close();exec(compile(code, __file__, '\"'\"'exec'\"'\"'))' egg_info --egg-base /tmp/pip-pip-egg-info-g67gunzf\n       cwd: /tmp/pip-install-39i1a0vx/psycopg2_0e444566f5634c1c89eb326e992bc317/\n  Complete output (17 lines):\n  running egg_info\n  creating /tmp/pip-pip-egg-info-g67gunzf/psycopg2.egg-info\n  writing /tmp/pip-pip-egg-info-g67gunzf/psycopg2.egg-info/PKG-INFO\n  writing dependency_links to /tmp/pip-pip-egg-info-g67gunzf/psycopg2.egg-info/dependency_links.txt\n  writing top-level names to /tmp/pip-pip-egg-info-g67gunzf/psycopg2.egg-info/top_level.txt\n  writing manifest file '/tmp/pip-pip-egg-info-g67gunzf/psycopg2.egg-info/SOURCES.txt'\n  /titan/lib/python3.6/site-packages/setuptools/command/egg_info.py:628: SetuptoolsDeprecationWarning: Custom 'build_py' does not implement 'get_data_files_without_manifest'.\n  Please extend command classes from setuptools instead of distutils.\n    SetuptoolsDeprecationWarning\n  Error: pg_config executable not found.\n  \n  Please add the directory containing pg_config to the PATH\n  or specify the full executable path with the option:\n  \n      python setup.py build_ext --pg-config /path/to/pg_config build ...\n  \n  or with the pg_config option in 'setup.cfg'.\n  ----------------------------------------\n\u001b[0m\u001b[91mWARNING: Discarding https://files.pythonhosted.org/packages/98/99/33ca02c4bc3ed1bd9ceab5614bda2e6d1d31e61ec58345b9feece238c38a/psycopg2-2.7.3.tar.gz#sha256=c9bd49848556d04093909faec017c3675efabf78c2b7f383bf7c43ba18324ac8 (from https://pypi.org/simple/psycopg2/). Command errored out with exit status 1: python setup.py egg_info Check the logs for full command output.\n\u001b[0m  Downloading psycopg2-2.7.2.tar.gz (424 kB)\n  Preparing metadata (setup.py): started\n  Preparing metadata (setup.py): finished with status 'error'\n\u001b[91m  ERROR: Command errored out with exit status 1:\n   command: /titan/bin/python3 -c 'import io, os, sys, setuptools, tokenize; sys.argv[0] = '\"'\"'/tmp/pip-install-39i1a0vx/psycopg2_d14a9b1727204e44be24056710a874ec/setup.py'\"'\"'; __file__='\"'\"'/tmp/pip-install-39i1a0vx/psycopg2_d14a9b1727204e44be24056710a874ec/setup.py'\"'\"';f = getattr(tokenize, '\"'\"'open'\"'\"', open)(__file__) if os.path.exists(__file__) else io.StringIO('\"'\"'from setuptools import setup; setup()'\"'\"');code = f.read().replace('\"'\"'\\r\\n'\"'\"', '\"'\"'\\n'\"'\"');f.close();exec(compile(code, __file__, '\"'\"'exec'\"'\"'))' egg_info --egg-base /tmp/pip-pip-egg-info-8t6eij4f\n       cwd: /tmp/pip-install-39i1a0vx/psycopg2_d14a9b1727204e44be24056710a874ec/\n  Complete output (17 lines):\n  running egg_info\n  creating /tmp/pip-pip-egg-info-8t6eij4f/psycopg2.egg-info\n  writing /tmp/pip-pip-egg-info-8t6eij4f/psycopg2.egg-info/PKG-INFO\n  writing dependency_links to /tmp/pip-pip-egg-info-8t6eij4f/psycopg2.egg-info/dependency_links.txt\n  writing top-level names to /tmp/pip-pip-egg-info-8t6eij4f/psycopg2.egg-info/top_level.txt\n  writing manifest file '/tmp/pip-pip-egg-info-8t6eij4f/psycopg2.egg-info/SOURCES.txt'\n  /titan/lib/python3.6/site-packages/setuptools/command/egg_info.py:628: SetuptoolsDeprecationWarning: Custom 'build_py' does not implement 'get_data_files_without_manifest'.\n  Please extend command classes from setuptools instead of distutils.\n    SetuptoolsDeprecationWarning\n  Error: pg_config executable not found.\n  \n  Please add the directory containing pg_config to the PATH\n  or specify the full executable path with the option:\n  \n      python setup.py build_ext --pg-config /path/to/pg_config build ...\n  \n  or with the pg_config option in 'setup.cfg'.\n  ----------------------------------------\n\u001b[0m\u001b[91mWARNING: Discarding https://files.pythonhosted.org/packages/d0/66/61c1b34ea8da8f95d99676e6803ccad83abef3ac90df145b45033696f3d2/psycopg2-2.7.2.tar.gz#sha256=3767f40bb35713ccc75dbcff80bf228a75e080d6b98c78afd5fb9aa84682a9f4 (from https://pypi.org/simple/psycopg2/). Command errored out with exit status 1: python setup.py egg_info Check the logs for full command output.\n\u001b[0m  Downloading psycopg2-2.7.1.tar.gz (421 kB)\n  Preparing metadata (setup.py): started\n  Preparing metadata (setup.py): finished with status 'error'\n\u001b[91m  ERROR: Command errored out with exit status 1:\n   command: /titan/bin/python3 -c 'import io, os, sys, setuptools, tokenize; sys.argv[0] = '\"'\"'/tmp/pip-install-39i1a0vx/psycopg2_efb3facba1f043979eda4088895d70ef/setup.py'\"'\"'; __file__='\"'\"'/tmp/pip-install-39i1a0vx/psycopg2_efb3facba1f043979eda4088895d70ef/setup.py'\"'\"';f = getattr(tokenize, '\"'\"'open'\"'\"', open)(__file__) if os.path.exists(__file__) else io.StringIO('\"'\"'from setuptools import setup; setup()'\"'\"');code = f.read().replace('\"'\"'\\r\\n'\"'\"', '\"'\"'\\n'\"'\"');f.close();exec(compile(code, __file__, '\"'\"'exec'\"'\"'))' egg_info --egg-base /tmp/pip-pip-egg-info-gyh8rgtn\n       cwd: /tmp/pip-install-39i1a0vx/psycopg2_efb3facba1f043979eda4088895d70ef/\n  Complete output (17 lines):\n  running egg_info\n  creating /tmp/pip-pip-egg-info-gyh8rgtn/psycopg2.egg-info\n  writing /tmp/pip-pip-egg-info-gyh8rgtn/psycopg2.egg-info/PKG-INFO\n  writing dependency_links to /tmp/pip-pip-egg-info-gyh8rgtn/psycopg2.egg-info/dependency_links.txt\n  writing top-level names to /tmp/pip-pip-egg-info-gyh8rgtn/psycopg2.egg-info/top_level.txt\n  writing manifest file '/tmp/pip-pip-egg-info-gyh8rgtn/psycopg2.egg-info/SOURCES.txt'\n  /titan/lib/python3.6/site-packages/setuptools/command/egg_info.py:628: SetuptoolsDeprecationWarning: Custom 'build_py' does not implement 'get_data_files_without_manifest'.\n  Please extend command classes from setuptools instead of distutils.\n    SetuptoolsDeprecationWarning\n  Error: pg_config executable not found.\n  \n  Please add the directory containing pg_config to the PATH\n  or specify the full executable path with the option:\n  \n      python setup.py build_ext --pg-config /path/to/pg_config build ...\n  \n  or with the pg_config option in 'setup.cfg'.\n  ----------------------------------------\n\u001b[0m\u001b[91mWARNING: Discarding https://files.pythonhosted.org/packages/f8/e9/5793369ce8a41bf5467623ded8d59a434dfef9c136351aca4e70c2657ba0/psycopg2-2.7.1.tar.gz#sha256=86c9355f5374b008c8479bc00023b295c07d508f7c3b91dbd2e74f8925b1d9c6 (from https://pypi.org/simple/psycopg2/). Command errored out with exit status 1: python setup.py egg_info Check the logs for full command output.\n\u001b[0m  Downloading psycopg2-2.7.tar.gz (421 kB)\n  Preparing metadata (setup.py): started\n  Preparing metadata (setup.py): finished with status 'error'\n\u001b[91m  ERROR: Command errored out with exit status 1:\n   command: /titan/bin/python3 -c 'import io, os, sys, setuptools, tokenize; sys.argv[0] = '\"'\"'/tmp/pip-install-39i1a0vx/psycopg2_1415832227944f459a2cdba14fc5e4c9/setup.py'\"'\"'; __file__='\"'\"'/tmp/pip-install-39i1a0vx/psycopg2_1415832227944f459a2cdba14fc5e4c9/setup.py'\"'\"';f = getattr(tokenize, '\"'\"'open'\"'\"', open)(__file__) if os.path.exists(__file__) else io.StringIO('\"'\"'from setuptools import setup; setup()'\"'\"');code = f.read().replace('\"'\"'\\r\\n'\"'\"', '\"'\"'\\n'\"'\"');f.close();exec(compile(code, __file__, '\"'\"'exec'\"'\"'))' egg_info --egg-base /tmp/pip-pip-egg-info-lckl5s20\n       cwd: /tmp/pip-install-39i1a0vx/psycopg2_1415832227944f459a2cdba14fc5e4c9/\n  Complete output (17 lines):\n  running egg_info\n  creating /tmp/pip-pip-egg-info-lckl5s20/psycopg2.egg-info\n  writing /tmp/pip-pip-egg-info-lckl5s20/psycopg2.egg-info/PKG-INFO\n  writing dependency_links to /tmp/pip-pip-egg-info-lckl5s20/psycopg2.egg-info/dependency_links.txt\n  writing top-level names to /tmp/pip-pip-egg-info-lckl5s20/psycopg2.egg-info/top_level.txt\n  writing manifest file '/tmp/pip-pip-egg-info-lckl5s20/psycopg2.egg-info/SOURCES.txt'\n  /titan/lib/python3.6/site-packages/setuptools/command/egg_info.py:628: SetuptoolsDeprecationWarning: Custom 'build_py' does not implement 'get_data_files_without_manifest'.\n  Please extend command classes from setuptools instead of distutils.\n    SetuptoolsDeprecationWarning\n  Error: pg_config executable not found.\n  \n  Please add the directory containing pg_config to the PATH\n  or specify the full executable path with the option:\n  \n      python setup.py build_ext --pg-config /path/to/pg_config build ...\n  \n  or with the pg_config option in 'setup.cfg'.\n  ----------------------------------------\n\u001b[0m\u001b[91mWARNING: Discarding https://files.pythonhosted.org/packages/62/ca/0a479c9664526e86c2913a7ad593586eeb86b428b7e629e7c7b6b69e3cb7/psycopg2-2.7.tar.gz#sha256=ceadecf660ad4f7a31ea5baef30a7351add8626f9fd3daaafabb9a9e549f3f9a (from https://pypi.org/simple/psycopg2/). Command errored out with exit status 1: python setup.py egg_info Check the logs for full command output.\n\u001b[0m  Downloading psycopg2-2.6.2.tar.gz (376 kB)\n  Preparing metadata (setup.py): started\n  Preparing metadata (setup.py): finished with status 'error'\n\u001b[91m  ERROR: Command errored out with exit status 1:\n   command: /titan/bin/python3 -c 'import io, os, sys, setuptools, tokenize; sys.argv[0] = '\"'\"'/tmp/pip-install-39i1a0vx/psycopg2_92dae21c6e8f4003afbf39d580db8fbc/setup.py'\"'\"'; __file__='\"'\"'/tmp/pip-install-39i1a0vx/psycopg2_92dae21c6e8f4003afbf39d580db8fbc/setup.py'\"'\"';f = getattr(tokenize, '\"'\"'open'\"'\"', open)(__file__) if os.path.exists(__file__) else io.StringIO('\"'\"'from setuptools import setup; setup()'\"'\"');code = f.read().replace('\"'\"'\\r\\n'\"'\"', '\"'\"'\\n'\"'\"');f.close();exec(compile(code, __file__, '\"'\"'exec'\"'\"'))' egg_info --egg-base /tmp/pip-pip-egg-info-kag0274r\n       cwd: /tmp/pip-install-39i1a0vx/psycopg2_92dae21c6e8f4003afbf39d580db8fbc/\n  Complete output (17 lines):\n  running egg_info\n  creating /tmp/pip-pip-egg-info-kag0274r/psycopg2.egg-info\n  writing /tmp/pip-pip-egg-info-kag0274r/psycopg2.egg-info/PKG-INFO\n  writing dependency_links to /tmp/pip-pip-egg-info-kag0274r/psycopg2.egg-info/dependency_links.txt\n  writing top-level names to /tmp/pip-pip-egg-info-kag0274r/psycopg2.egg-info/top_level.txt\n  writing manifest file '/tmp/pip-pip-egg-info-kag0274r/psycopg2.egg-info/SOURCES.txt'\n  /titan/lib/python3.6/site-packages/setuptools/command/egg_info.py:628: SetuptoolsDeprecationWarning: Custom 'build_py' does not implement 'get_data_files_without_manifest'.\n  Please extend command classes from setuptools instead of distutils.\n    SetuptoolsDeprecationWarning\n  Error: pg_config executable not found.\n  \n  Please add the directory containing pg_config to the PATH\n  or specify the full executable path with the option:\n  \n      python setup.py build_ext --pg-config /path/to/pg_config build ...\n  \n  or with the pg_config option in 'setup.cfg'.\n  ----------------------------------------\n\u001b[0m\u001b[91mWARNING: Discarding https://files.pythonhosted.org/packages/7b/a8/dc2d50a6f37c157459cd18bab381c8e6134b9381b50fbe969997b2ae7dbc/psycopg2-2.6.2.tar.gz#sha256=70490e12ed9c5c818ecd85d185d363335cc8a8cbf7212e3c185431c79ff8c05c (from https://pypi.org/simple/psycopg2/). Command errored out with exit status 1: python setup.py egg_info Check the logs for full command output.\n\u001b[0m  Downloading psycopg2-2.6.1.tar.gz (371 kB)\n  Preparing metadata (setup.py): started\n  Preparing metadata (setup.py): finished with status 'error'\n\u001b[91m  ERROR: Command errored out with exit status 1:\n   command: /titan/bin/python3 -c 'import io, os, sys, setuptools, tokenize; sys.argv[0] = '\"'\"'/tmp/pip-install-39i1a0vx/psycopg2_224106b8e233467daf59f582226f263c/setup.py'\"'\"'; __file__='\"'\"'/tmp/pip-install-39i1a0vx/psycopg2_224106b8e233467daf59f582226f263c/setup.py'\"'\"';f = getattr(tokenize, '\"'\"'open'\"'\"', open)(__file__) if os.path.exists(__file__) else io.StringIO('\"'\"'from setuptools import setup; setup()'\"'\"');code = f.read().replace('\"'\"'\\r\\n'\"'\"', '\"'\"'\\n'\"'\"');f.close();exec(compile(code, __file__, '\"'\"'exec'\"'\"'))' egg_info --egg-base /tmp/pip-pip-egg-info-36a2hq4h\n       cwd: /tmp/pip-install-39i1a0vx/psycopg2_224106b8e233467daf59f582226f263c/\n  Complete output (17 lines):\n  running egg_info\n  creating /tmp/pip-pip-egg-info-36a2hq4h/psycopg2.egg-info\n  writing /tmp/pip-pip-egg-info-36a2hq4h/psycopg2.egg-info/PKG-INFO\n  writing dependency_links to /tmp/pip-pip-egg-info-36a2hq4h/psycopg2.egg-info/dependency_links.txt\n  writing top-level names to /tmp/pip-pip-egg-info-36a2hq4h/psycopg2.egg-info/top_level.txt\n  writing manifest file '/tmp/pip-pip-egg-info-36a2hq4h/psycopg2.egg-info/SOURCES.txt'\n  /titan/lib/python3.6/site-packages/setuptools/command/egg_info.py:628: SetuptoolsDeprecationWarning: Custom 'build_py' does not implement 'get_data_files_without_manifest'.\n  Please extend command classes from setuptools instead of distutils.\n    SetuptoolsDeprecationWarning\n  Error: pg_config executable not found.\n  \n  Please add the directory containing pg_config to the PATH\n  or specify the full executable path with the option:\n  \n      python setup.py build_ext --pg-config /path/to/pg_config build ...\n  \n  or with the pg_config option in 'setup.cfg'.\n  ----------------------------------------\n\u001b[0m\u001b[91mWARNING: Discarding https://files.pythonhosted.org/packages/86/fd/cc8315be63a41fe000cce20482a917e874cdc1151e62cb0141f5e55f711e/psycopg2-2.6.1.tar.gz#sha256=6acf9abbbe757ef75dc2ecd9d91ba749547941abaffbe69ff2086a9e37d4904c (from https://pypi.org/simple/psycopg2/). Command errored out with exit status 1: python setup.py egg_info Check the logs for full command output.\n\u001b[0m  Downloading psycopg2-2.6.tar.gz (367 kB)\n  Preparing metadata (setup.py): started\n  Preparing metadata (setup.py): finished with status 'error'\n\u001b[91m  ERROR: Command errored out with exit status 1:\n   command: /titan/bin/python3 -c 'import io, os, sys, setuptools, tokenize; sys.argv[0] = '\"'\"'/tmp/pip-install-39i1a0vx/psycopg2_0383812ad55243f8a3b285a93a7a138e/setup.py'\"'\"'; __file__='\"'\"'/tmp/pip-install-39i1a0vx/psycopg2_0383812ad55243f8a3b285a93a7a138e/setup.py'\"'\"';f = getattr(tokenize, '\"'\"'open'\"'\"', open)(__file__) if os.path.exists(__file__) else io.StringIO('\"'\"'from setuptools import setup; setup()'\"'\"');code = f.read().replace('\"'\"'\\r\\n'\"'\"', '\"'\"'\\n'\"'\"');f.close();exec(compile(code, __file__, '\"'\"'exec'\"'\"'))' egg_info --egg-base /tmp/pip-pip-egg-info-vi2dyyer\n       cwd: /tmp/pip-install-39i1a0vx/psycopg2_0383812ad55243f8a3b285a93a7a138e/\n  Complete output (17 lines):\n  running egg_info\n  creating /tmp/pip-pip-egg-info-vi2dyyer/psycopg2.egg-info\n  writing /tmp/pip-pip-egg-info-vi2dyyer/psycopg2.egg-info/PKG-INFO\n  writing dependency_links to /tmp/pip-pip-egg-info-vi2dyyer/psycopg2.egg-info/dependency_links.txt\n  writing top-level names to /tmp/pip-pip-egg-info-vi2dyyer/psycopg2.egg-info/top_level.txt\n  writing manifest file '/tmp/pip-pip-egg-info-vi2dyyer/psycopg2.egg-info/SOURCES.txt'\n  /titan/lib/python3.6/site-packages/setuptools/command/egg_info.py:628: SetuptoolsDeprecationWarning: Custom 'build_py' does not implement 'get_data_files_without_manifest'.\n  Please extend command classes from setuptools instead of distutils.\n    SetuptoolsDeprecationWarning\n  Error: pg_config executable not found.\n  \n  Please add the directory containing pg_config to the PATH\n  or specify the full executable path with the option:\n  \n      python setup.py build_ext --pg-config /path/to/pg_config build ...\n  \n  or with the pg_config option in 'setup.cfg'.\n  ----------------------------------------\n\u001b[0m\u001b[91mWARNING: Discarding https://files.pythonhosted.org/packages/dd/c7/9016ff8ff69da269b1848276eebfb264af5badf6b38caad805426771f04d/psycopg2-2.6.tar.gz#sha256=c00afecb302a99a4f83dec9b055c4d1cc196926d62c8db015d68432df8118ca8 (from https://pypi.org/simple/psycopg2/). Command errored out with exit status 1: python setup.py egg_info Check the logs for full command output.\n\u001b[0m  Downloading psycopg2-2.5.5.tar.gz (779 kB)\n  Preparing metadata (setup.py): started\n  Preparing metadata (setup.py): finished with status 'error'\n\u001b[91m  ERROR: Command errored out with exit status 1:\n   command: /titan/bin/python3 -c 'import io, os, sys, setuptools, tokenize; sys.argv[0] = '\"'\"'/tmp/pip-install-39i1a0vx/psycopg2_2c3ce32a17f7450f9555c42bbf8058f2/setup.py'\"'\"'; __file__='\"'\"'/tmp/pip-install-39i1a0vx/psycopg2_2c3ce32a17f7450f9555c42bbf8058f2/setup.py'\"'\"';f = getattr(tokenize, '\"'\"'open'\"'\"', open)(__file__) if os.path.exists(__file__) else io.StringIO('\"'\"'from setuptools import setup; setup()'\"'\"');code = f.read().replace('\"'\"'\\r\\n'\"'\"', '\"'\"'\\n'\"'\"');f.close();exec(compile(code, __file__, '\"'\"'exec'\"'\"'))' egg_info --egg-base /tmp/pip-pip-egg-info-j0jjlxwq\n       cwd: /tmp/pip-install-39i1a0vx/psycopg2_2c3ce32a17f7450f9555c42bbf8058f2/\n  Complete output (17 lines):\n  running egg_info\n  creating /tmp/pip-pip-egg-info-j0jjlxwq/psycopg2.egg-info\n  writing /tmp/pip-pip-egg-info-j0jjlxwq/psycopg2.egg-info/PKG-INFO\n  writing dependency_links to /tmp/pip-pip-egg-info-j0jjlxwq/psycopg2.egg-info/dependency_links.txt\n  writing top-level names to /tmp/pip-pip-egg-info-j0jjlxwq/psycopg2.egg-info/top_level.txt\n  writing manifest file '/tmp/pip-pip-egg-info-j0jjlxwq/psycopg2.egg-info/SOURCES.txt'\n  /titan/lib/python3.6/site-packages/setuptools/command/egg_info.py:628: SetuptoolsDeprecationWarning: Custom 'build_py' does not implement 'get_data_files_without_manifest'.\n  Please extend command classes from setuptools instead of distutils.\n    SetuptoolsDeprecationWarning\n  Error: pg_config executable not found.\n  \n  Please add the directory containing pg_config to the PATH\n  or specify the full executable path with the option:\n  \n      python setup.py build_ext --pg-config /path/to/pg_config build ...\n  \n  or with the pg_config option in 'setup.cfg'.\n  ----------------------------------------\n\u001b[0m\u001b[91mWARNING: Discarding https://files.pythonhosted.org/packages/9b/60/f4c79e73a69ded145880bcf4f98eeed741af12c62c5ddc89b754602b1807/psycopg2-2.5.5.tar.gz#sha256=c6c330c98ab08c5639f0ccd7e211b82b3a39f001813dcea6bb824a99d2b34fe2 (from https://pypi.org/simple/psycopg2/). Command errored out with exit status 1: python setup.py egg_info Check the logs for full command output.\n\u001b[0m  Downloading psycopg2-2.5.4.tar.gz (682 kB)\n  Preparing metadata (setup.py): started\n  Preparing metadata (setup.py): finished with status 'error'\n\u001b[91m  ERROR: Command errored out with exit status 1:\n   command: /titan/bin/python3 -c 'import io, os, sys, setuptools, tokenize; sys.argv[0] = '\"'\"'/tmp/pip-install-39i1a0vx/psycopg2_b6bab9ecee634d3eb3bf1e0b70a54157/setup.py'\"'\"'; __file__='\"'\"'/tmp/pip-install-39i1a0vx/psycopg2_b6bab9ecee634d3eb3bf1e0b70a54157/setup.py'\"'\"';f = getattr(tokenize, '\"'\"'open'\"'\"', open)(__file__) if os.path.exists(__file__) else io.StringIO('\"'\"'from setuptools import setup; setup()'\"'\"');code = f.read().replace('\"'\"'\\r\\n'\"'\"', '\"'\"'\\n'\"'\"');f.close();exec(compile(code, __file__, '\"'\"'exec'\"'\"'))' egg_info --egg-base /tmp/pip-pip-egg-info-hgueuvjm\n       cwd: /tmp/pip-install-39i1a0vx/psycopg2_b6bab9ecee634d3eb3bf1e0b70a54157/\n  Complete output (17 lines):\n  running egg_info\n  creating /tmp/pip-pip-egg-info-hgueuvjm/psycopg2.egg-info\n  writing /tmp/pip-pip-egg-info-hgueuvjm/psycopg2.egg-info/PKG-INFO\n  writing dependency_links to /tmp/pip-pip-egg-info-hgueuvjm/psycopg2.egg-info/dependency_links.txt\n  writing top-level names to /tmp/pip-pip-egg-info-hgueuvjm/psycopg2.egg-info/top_level.txt\n  writing manifest file '/tmp/pip-pip-egg-info-hgueuvjm/psycopg2.egg-info/SOURCES.txt'\n  /titan/lib/python3.6/site-packages/setuptools/command/egg_info.py:628: SetuptoolsDeprecationWarning: Custom 'build_py' does not implement 'get_data_files_without_manifest'.\n  Please extend command classes from setuptools instead of distutils.\n    SetuptoolsDeprecationWarning\n  Error: pg_config executable not found.\n  \n  Please add the directory containing pg_config to the PATH\n  or specify the full executable path with the option:\n  \n      python setup.py build_ext --pg-config /path/to/pg_config build ...\n  \n  or with the pg_config option in 'setup.cfg'.\n  ----------------------------------------\n\u001b[0m\u001b[91mWARNING: Discarding https://files.pythonhosted.org/packages/63/c3/802668cb3cfc2880c2a8364623e7105a0257724a2612bb66ec733aaddb8c/psycopg2-2.5.4.tar.gz#sha256=24ba3f328aba08d8d505bc2a8f68a94ebe24a85e8483640b667221bc0efd3b1e (from https://pypi.org/simple/psycopg2/). Command errored out with exit status 1: python setup.py egg_info Check the logs for full command output.\n\u001b[0m  Downloading psycopg2-2.5.3.tar.gz (690 kB)\n  Preparing metadata (setup.py): started\n  Preparing metadata (setup.py): finished with status 'error'\n\u001b[91m  ERROR: Command errored out with exit status 1:\n   command: /titan/bin/python3 -c 'import io, os, sys, setuptools, tokenize; sys.argv[0] = '\"'\"'/tmp/pip-install-39i1a0vx/psycopg2_712cdc692b84420582bfce06d61be5eb/setup.py'\"'\"'; __file__='\"'\"'/tmp/pip-install-39i1a0vx/psycopg2_712cdc692b84420582bfce06d61be5eb/setup.py'\"'\"';f = getattr(tokenize, '\"'\"'open'\"'\"', open)(__file__) if os.path.exists(__file__) else io.StringIO('\"'\"'from setuptools import setup; setup()'\"'\"');code = f.read().replace('\"'\"'\\r\\n'\"'\"', '\"'\"'\\n'\"'\"');f.close();exec(compile(code, __file__, '\"'\"'exec'\"'\"'))' egg_info --egg-base /tmp/pip-pip-egg-info-a2r__mbd\n       cwd: /tmp/pip-install-39i1a0vx/psycopg2_712cdc692b84420582bfce06d61be5eb/\n  Complete output (17 lines):\n  running egg_info\n  creating /tmp/pip-pip-egg-info-a2r__mbd/psycopg2.egg-info\n  writing /tmp/pip-pip-egg-info-a2r__mbd/psycopg2.egg-info/PKG-INFO\n  writing dependency_links to /tmp/pip-pip-egg-info-a2r__mbd/psycopg2.egg-info/dependency_links.txt\n  writing top-level names to /tmp/pip-pip-egg-info-a2r__mbd/psycopg2.egg-info/top_level.txt\n  writing manifest file '/tmp/pip-pip-egg-info-a2r__mbd/psycopg2.egg-info/SOURCES.txt'\n  /titan/lib/python3.6/site-packages/setuptools/command/egg_info.py:628: SetuptoolsDeprecationWarning: Custom 'build_py' does not implement 'get_data_files_without_manifest'.\n  Please extend command classes from setuptools instead of distutils.\n    SetuptoolsDeprecationWarning\n  Error: pg_config executable not found.\n  \n  Please add the directory containing pg_config to the PATH\n  or specify the full executable path with the option:\n  \n      python setup.py build_ext --pg-config /path/to/pg_config build ...\n  \n  or with the pg_config option in 'setup.cfg'.\n  ----------------------------------------\n\u001b[0m\u001b[91mWARNING: Discarding https://files.pythonhosted.org/packages/22/fa/5ddcafc7387c1534c59eb3ffcdb9ab2af106fd3b104e6df191b6c55718af/psycopg2-2.5.3.tar.gz#sha256=3a2df3bb113187227aa97d0dd3d06e0f26be3d50dcdeeaef67fac59ed51a030a (from https://pypi.org/simple/psycopg2/). Command errored out with exit status 1: python setup.py egg_info Check the logs for full command output.\n\u001b[0m  Downloading psycopg2-2.5.2.tar.gz (685 kB)\n  Preparing metadata (setup.py): started\n  Preparing metadata (setup.py): finished with status 'error'\n\u001b[91m  ERROR: Command errored out with exit status 1:\n   command: /titan/bin/python3 -c 'import io, os, sys, setuptools, tokenize; sys.argv[0] = '\"'\"'/tmp/pip-install-39i1a0vx/psycopg2_b8da92600956476792ae477bdb3dd16d/setup.py'\"'\"'; __file__='\"'\"'/tmp/pip-install-39i1a0vx/psycopg2_b8da92600956476792ae477bdb3dd16d/setup.py'\"'\"';f = getattr(tokenize, '\"'\"'open'\"'\"', open)(__file__) if os.path.exists(__file__) else io.StringIO('\"'\"'from setuptools import setup; setup()'\"'\"');code = f.read().replace('\"'\"'\\r\\n'\"'\"', '\"'\"'\\n'\"'\"');f.close();exec(compile(code, __file__, '\"'\"'exec'\"'\"'))' egg_info --egg-base /tmp/pip-pip-egg-info-i8tbr__r\n       cwd: /tmp/pip-install-39i1a0vx/psycopg2_b8da92600956476792ae477bdb3dd16d/\n  Complete output (17 lines):\n  running egg_info\n  creating /tmp/pip-pip-egg-info-i8tbr__r/psycopg2.egg-info\n  writing /tmp/pip-pip-egg-info-i8tbr__r/psycopg2.egg-info/PKG-INFO\n  writing dependency_links to /tmp/pip-pip-egg-info-i8tbr__r/psycopg2.egg-info/dependency_links.txt\n  writing top-level names to /tmp/pip-pip-egg-info-i8tbr__r/psycopg2.egg-info/top_level.txt\n  writing manifest file '/tmp/pip-pip-egg-info-i8tbr__r/psycopg2.egg-info/SOURCES.txt'\n  /titan/lib/python3.6/site-packages/setuptools/command/egg_info.py:628: SetuptoolsDeprecationWarning: Custom 'build_py' does not implement 'get_data_files_without_manifest'.\n  Please extend command classes from setuptools instead of distutils.\n    SetuptoolsDeprecationWarning\n  Error: pg_config executable not found.\n  \n  Please add the directory containing pg_config to the PATH\n  or specify the full executable path with the option:\n  \n      python setup.py build_ext --pg-config /path/to/pg_config build ...\n  \n  or with the pg_config option in 'setup.cfg'.\n  ----------------------------------------\n\u001b[0m\u001b[91mWARNING: Discarding https://files.pythonhosted.org/packages/c3/f3/5519551f02ae70fc51f4e608e7b44d59a408fe3264fec4afeea37b8ea317/psycopg2-2.5.2.tar.gz#sha256=50382d8703a16c3c615f328c2676f002787095925c99f0afb125a59962a5bd2e (from https://pypi.org/simple/psycopg2/). Command errored out with exit status 1: python setup.py egg_info Check the logs for full command output.\n\u001b[0m  Downloading psycopg2-2.5.1.tar.gz (684 kB)\n  Preparing metadata (setup.py): started\n  Preparing metadata (setup.py): finished with status 'error'\n\u001b[91m  ERROR: Command errored out with exit status 1:\n   command: /titan/bin/python3 -c 'import io, os, sys, setuptools, tokenize; sys.argv[0] = '\"'\"'/tmp/pip-install-39i1a0vx/psycopg2_10bd1366ab5140dc816b7eaca8e9e1f7/setup.py'\"'\"'; __file__='\"'\"'/tmp/pip-install-39i1a0vx/psycopg2_10bd1366ab5140dc816b7eaca8e9e1f7/setup.py'\"'\"';f = getattr(tokenize, '\"'\"'open'\"'\"', open)(__file__) if os.path.exists(__file__) else io.StringIO('\"'\"'from setuptools import setup; setup()'\"'\"');code = f.read().replace('\"'\"'\\r\\n'\"'\"', '\"'\"'\\n'\"'\"');f.close();exec(compile(code, __file__, '\"'\"'exec'\"'\"'))' egg_info --egg-base /tmp/pip-pip-egg-info-0cybt7sa\n       cwd: /tmp/pip-install-39i1a0vx/psycopg2_10bd1366ab5140dc816b7eaca8e9e1f7/\n  Complete output (17 lines):\n  running egg_info\n  creating /tmp/pip-pip-egg-info-0cybt7sa/psycopg2.egg-info\n  writing /tmp/pip-pip-egg-info-0cybt7sa/psycopg2.egg-info/PKG-INFO\n  writing dependency_links to /tmp/pip-pip-egg-info-0cybt7sa/psycopg2.egg-info/dependency_links.txt\n  writing top-level names to /tmp/pip-pip-egg-info-0cybt7sa/psycopg2.egg-info/top_level.txt\n  writing manifest file '/tmp/pip-pip-egg-info-0cybt7sa/psycopg2.egg-info/SOURCES.txt'\n  /titan/lib/python3.6/site-packages/setuptools/command/egg_info.py:628: SetuptoolsDeprecationWarning: Custom 'build_py' does not implement 'get_data_files_without_manifest'.\n  Please extend command classes from setuptools instead of distutils.\n    SetuptoolsDeprecationWarning\n  Error: pg_config executable not found.\n  \n  Please add the directory containing pg_config to the PATH\n  or specify the full executable path with the option:\n  \n      python setup.py build_ext --pg-config /path/to/pg_config build ...\n  \n  or with the pg_config option in 'setup.cfg'.\n  ----------------------------------------\n\u001b[0m\u001b[91mWARNING: Discarding https://files.pythonhosted.org/packages/22/09/63d5da7375c267e208bbadf56b51699d85cb7b3a9096817eeea500a27b3b/psycopg2-2.5.1.tar.gz#sha256=65a70c88a7e02d8bef57aab8636b5795389674c3205fd88ec46a4dffffa7efec (from https://pypi.org/simple/psycopg2/). Command errored out with exit status 1: python setup.py egg_info Check the logs for full command output.\n\u001b[0m  Downloading psycopg2-2.5.tar.gz (703 kB)\n  Preparing metadata (setup.py): started\n  Preparing metadata (setup.py): finished with status 'error'\n\u001b[91m  ERROR: Command errored out with exit status 1:\n   command: /titan/bin/python3 -c 'import io, os, sys, setuptools, tokenize; sys.argv[0] = '\"'\"'/tmp/pip-install-39i1a0vx/psycopg2_0ff37e9325a341b7a3948d0e69913292/setup.py'\"'\"'; __file__='\"'\"'/tmp/pip-install-39i1a0vx/psycopg2_0ff37e9325a341b7a3948d0e69913292/setup.py'\"'\"';f = getattr(tokenize, '\"'\"'open'\"'\"', open)(__file__) if os.path.exists(__file__) else io.StringIO('\"'\"'from setuptools import setup; setup()'\"'\"');code = f.read().replace('\"'\"'\\r\\n'\"'\"', '\"'\"'\\n'\"'\"');f.close();exec(compile(code, __file__, '\"'\"'exec'\"'\"'))' egg_info --egg-base /tmp/pip-pip-egg-info-zfgtivaj\n       cwd: /tmp/pip-install-39i1a0vx/psycopg2_0ff37e9325a341b7a3948d0e69913292/\n  Complete output (17 lines):\n  running egg_info\n  creating /tmp/pip-pip-egg-info-zfgtivaj/psycopg2.egg-info\n  writing /tmp/pip-pip-egg-info-zfgtivaj/psycopg2.egg-info/PKG-INFO\n  writing dependency_links to /tmp/pip-pip-egg-info-zfgtivaj/psycopg2.egg-info/dependency_links.txt\n  writing top-level names to /tmp/pip-pip-egg-info-zfgtivaj/psycopg2.egg-info/top_level.txt\n  writing manifest file '/tmp/pip-pip-egg-info-zfgtivaj/psycopg2.egg-info/SOURCES.txt'\n  /titan/lib/python3.6/site-packages/setuptools/command/egg_info.py:628: SetuptoolsDeprecationWarning: Custom 'build_py' does not implement 'get_data_files_without_manifest'.\n  Please extend command classes from setuptools instead of distutils.\n    SetuptoolsDeprecationWarning\n  Error: pg_config executable not found.\n  \n  Please add the directory containing pg_config to the PATH\n  or specify the full executable path with the option:\n  \n      python setup.py build_ext --pg-config /path/to/pg_config build ...\n  \n  or with the pg_config option in 'setup.cfg'.\n  ----------------------------------------\n\u001b[0m\u001b[91mWARNING: Discarding https://files.pythonhosted.org/packages/84/7e/7256298bf7064238e63b9380cf424f776a4d2a87e387c9a9bd1bc5ea0fbc/psycopg2-2.5.tar.gz#sha256=6b2f0cc9199de9eaa53ba10ff69b2741e73484b24657e69bdae259561c23bde4 (from https://pypi.org/simple/psycopg2/). Command errored out with exit status 1: python setup.py egg_info Check the logs for full command output.\n\u001b[0m  Downloading psycopg2-2.4.6.tar.gz (667 kB)\n  Preparing metadata (setup.py): started\n  Preparing metadata (setup.py): finished with status 'error'\n\u001b[91m  ERROR: Command errored out with exit status 1:\n   command: /titan/bin/python3 -c 'import io, os, sys, setuptools, tokenize; sys.argv[0] = '\"'\"'/tmp/pip-install-39i1a0vx/psycopg2_4f7bce0970e24ce68b50584e4776b008/setup.py'\"'\"'; __file__='\"'\"'/tmp/pip-install-39i1a0vx/psycopg2_4f7bce0970e24ce68b50584e4776b008/setup.py'\"'\"';f = getattr(tokenize, '\"'\"'open'\"'\"', open)(__file__) if os.path.exists(__file__) else io.StringIO('\"'\"'from setuptools import setup; setup()'\"'\"');code = f.read().replace('\"'\"'\\r\\n'\"'\"', '\"'\"'\\n'\"'\"');f.close();exec(compile(code, __file__, '\"'\"'exec'\"'\"'))' egg_info --egg-base /tmp/pip-pip-egg-info-dbhl1kyw\n       cwd: /tmp/pip-install-39i1a0vx/psycopg2_4f7bce0970e24ce68b50584e4776b008/\n  Complete output (17 lines):\n  running egg_info\n  creating /tmp/pip-pip-egg-info-dbhl1kyw/psycopg2.egg-info\n  writing /tmp/pip-pip-egg-info-dbhl1kyw/psycopg2.egg-info/PKG-INFO\n  writing dependency_links to /tmp/pip-pip-egg-info-dbhl1kyw/psycopg2.egg-info/dependency_links.txt\n  writing top-level names to /tmp/pip-pip-egg-info-dbhl1kyw/psycopg2.egg-info/top_level.txt\n  writing manifest file '/tmp/pip-pip-egg-info-dbhl1kyw/psycopg2.egg-info/SOURCES.txt'\n  /titan/lib/python3.6/site-packages/setuptools/command/egg_info.py:628: SetuptoolsDeprecationWarning: Custom 'build_py' does not implement 'get_data_files_without_manifest'.\n  Please extend command classes from setuptools instead of distutils.\n    SetuptoolsDeprecationWarning\n  Error: pg_config executable not found.\n  \n  Please add the directory containing pg_config to the PATH\n  or specify the full executable path with the option:\n  \n      python setup.py build_ext --pg-config /path/to/pg_config build ...\n  \n  or with the pg_config option in 'setup.cfg'.\n  ----------------------------------------\n\u001b[0m\u001b[91mWARNING: Discarding https://files.pythonhosted.org/packages/59/aa/4d74a5dc32a89d622c1fa896a86683b488ef255f06d4b27231e12e6076f7/psycopg2-2.4.6.tar.gz#sha256=4edcb40b0a039b4b559a6bc887b2155db8b6c53d0f55b00af8338c77b725621f (from https://pypi.org/simple/psycopg2/). Command errored out with exit status 1: python setup.py egg_info Check the logs for full command output.\n\u001b[0m  Downloading psycopg2-2.4.5.tar.gz (719 kB)\n  Preparing metadata (setup.py): started\n  Preparing metadata (setup.py): finished with status 'error'\n\u001b[91m  ERROR: Command errored out with exit status 1:\n   command: /titan/bin/python3 -c 'import io, os, sys, setuptools, tokenize; sys.argv[0] = '\"'\"'/tmp/pip-install-39i1a0vx/psycopg2_90231282196a4dde81124f5b3645c1f6/setup.py'\"'\"'; __file__='\"'\"'/tmp/pip-install-39i1a0vx/psycopg2_90231282196a4dde81124f5b3645c1f6/setup.py'\"'\"';f = getattr(tokenize, '\"'\"'open'\"'\"', open)(__file__) if os.path.exists(__file__) else io.StringIO('\"'\"'from setuptools import setup; setup()'\"'\"');code = f.read().replace('\"'\"'\\r\\n'\"'\"', '\"'\"'\\n'\"'\"');f.close();exec(compile(code, __file__, '\"'\"'exec'\"'\"'))' egg_info --egg-base /tmp/pip-pip-egg-info-9nht7085\n       cwd: /tmp/pip-install-39i1a0vx/psycopg2_90231282196a4dde81124f5b3645c1f6/\n  Complete output (17 lines):\n  running egg_info\n  creating /tmp/pip-pip-egg-info-9nht7085/psycopg2.egg-info\n  writing /tmp/pip-pip-egg-info-9nht7085/psycopg2.egg-info/PKG-INFO\n  writing dependency_links to /tmp/pip-pip-egg-info-9nht7085/psycopg2.egg-info/dependency_links.txt\n  writing top-level names to /tmp/pip-pip-egg-info-9nht7085/psycopg2.egg-info/top_level.txt\n  writing manifest file '/tmp/pip-pip-egg-info-9nht7085/psycopg2.egg-info/SOURCES.txt'\n  /titan/lib/python3.6/site-packages/setuptools/command/egg_info.py:628: SetuptoolsDeprecationWarning: Custom 'build_py' does not implement 'get_data_files_without_manifest'.\n  Please extend command classes from setuptools instead of distutils.\n    SetuptoolsDeprecationWarning\n  Error: pg_config executable not found.\n  \n  Please add the directory containing pg_config to the PATH\n  or specify the full executable path with the option:\n  \n      python setup.py build_ext --pg-config /path/to/pg_config build ...\n  \n  or with the pg_config option in 'setup.cfg'.\n  ----------------------------------------\n\u001b[0m\u001b[91mWARNING: Discarding https://files.pythonhosted.org/packages/36/77/894a5dd9f3f55cfc85682d3e6473ee5103d8d418b95baf4019fad3ffa026/psycopg2-2.4.5.tar.gz#sha256=48b702a7ca479e1bc2c1a7b81875a07d474298132605993e2cb979f5e08277d7 (from https://pypi.org/simple/psycopg2/). Command errored out with exit status 1: python setup.py egg_info Check the logs for full command output.\n\u001b[0m  Downloading psycopg2-2.4.4.tar.gz (648 kB)\n  Preparing metadata (setup.py): started\n  Preparing metadata (setup.py): finished with status 'error'\n\u001b[91m  ERROR: Command errored out with exit status 1:\n   command: /titan/bin/python3 -c 'import io, os, sys, setuptools, tokenize; sys.argv[0] = '\"'\"'/tmp/pip-install-39i1a0vx/psycopg2_8162a2fd47d041a2835cccce09bd904b/setup.py'\"'\"'; __file__='\"'\"'/tmp/pip-install-39i1a0vx/psycopg2_8162a2fd47d041a2835cccce09bd904b/setup.py'\"'\"';f = getattr(tokenize, '\"'\"'open'\"'\"', open)(__file__) if os.path.exists(__file__) else io.StringIO('\"'\"'from setuptools import setup; setup()'\"'\"');code = f.read().replace('\"'\"'\\r\\n'\"'\"', '\"'\"'\\n'\"'\"');f.close();exec(compile(code, __file__, '\"'\"'exec'\"'\"'))' egg_info --egg-base /tmp/pip-pip-egg-info-c_t99kno\n       cwd: /tmp/pip-install-39i1a0vx/psycopg2_8162a2fd47d041a2835cccce09bd904b/\n  Complete output (17 lines):\n  running egg_info\n  creating /tmp/pip-pip-egg-info-c_t99kno/psycopg2.egg-info\n  writing /tmp/pip-pip-egg-info-c_t99kno/psycopg2.egg-info/PKG-INFO\n  writing dependency_links to /tmp/pip-pip-egg-info-c_t99kno/psycopg2.egg-info/dependency_links.txt\n  writing top-level names to /tmp/pip-pip-egg-info-c_t99kno/psycopg2.egg-info/top_level.txt\n  writing manifest file '/tmp/pip-pip-egg-info-c_t99kno/psycopg2.egg-info/SOURCES.txt'\n  /titan/lib/python3.6/site-packages/setuptools/command/egg_info.py:628: SetuptoolsDeprecationWarning: Custom 'build_py' does not implement 'get_data_files_without_manifest'.\n  Please extend command classes from setuptools instead of distutils.\n    SetuptoolsDeprecationWarning\n  Error: pg_config executable not found.\n  \n  Please add the directory containing pg_config to the PATH\n  or specify the full executable path with the option:\n  \n      python setup.py build_ext --pg-config /path/to/pg_config build ...\n  \n  or with the pg_config option in 'setup.cfg'.\n  ----------------------------------------\n\u001b[0m\u001b[91mWARNING: Discarding https://files.pythonhosted.org/packages/6f/91/890c6f954e2d09d26b266a24468570c6227de61ac6f64926c48000db0a6e/psycopg2-2.4.4.tar.gz#sha256=0c55b059d33f6b2cbb52f254320832c0ca30498ae06f4f4df2a2b38af989127e (from https://pypi.org/simple/psycopg2/). Command errored out with exit status 1: python setup.py egg_info Check the logs for full command output.\n\u001b[0m  Downloading psycopg2-2.4.3.tar.gz (647 kB)\n  Preparing metadata (setup.py): started\n  Preparing metadata (setup.py): finished with status 'error'\n\u001b[91m  ERROR: Command errored out with exit status 1:\n   command: /titan/bin/python3 -c 'import io, os, sys, setuptools, tokenize; sys.argv[0] = '\"'\"'/tmp/pip-install-39i1a0vx/psycopg2_0caa258c09124e708cbcf4b152b6cd29/setup.py'\"'\"'; __file__='\"'\"'/tmp/pip-install-39i1a0vx/psycopg2_0caa258c09124e708cbcf4b152b6cd29/setup.py'\"'\"';f = getattr(tokenize, '\"'\"'open'\"'\"', open)(__file__) if os.path.exists(__file__) else io.StringIO('\"'\"'from setuptools import setup; setup()'\"'\"');code = f.read().replace('\"'\"'\\r\\n'\"'\"', '\"'\"'\\n'\"'\"');f.close();exec(compile(code, __file__, '\"'\"'exec'\"'\"'))' egg_info --egg-base /tmp/pip-pip-egg-info-sbuzcjq1\n       cwd: /tmp/pip-install-39i1a0vx/psycopg2_0caa258c09124e708cbcf4b152b6cd29/\n  Complete output (17 lines):\n  running egg_info\n  creating /tmp/pip-pip-egg-info-sbuzcjq1/psycopg2.egg-info\n  writing /tmp/pip-pip-egg-info-sbuzcjq1/psycopg2.egg-info/PKG-INFO\n  writing dependency_links to /tmp/pip-pip-egg-info-sbuzcjq1/psycopg2.egg-info/dependency_links.txt\n  writing top-level names to /tmp/pip-pip-egg-info-sbuzcjq1/psycopg2.egg-info/top_level.txt\n  writing manifest file '/tmp/pip-pip-egg-info-sbuzcjq1/psycopg2.egg-info/SOURCES.txt'\n  /titan/lib/python3.6/site-packages/setuptools/command/egg_info.py:628: SetuptoolsDeprecationWarning: Custom 'build_py' does not implement 'get_data_files_without_manifest'.\n  Please extend command classes from setuptools instead of distutils.\n    SetuptoolsDeprecationWarning\n  Error: pg_config executable not found.\n  \n  Please add the directory containing pg_config to the PATH\n  or specify the full executable path with the option:\n  \n      python setup.py build_ext --pg-config /path/to/pg_config build ...\n  \n  or with the pg_config option in 'setup.cfg'.\n  ----------------------------------------\n\u001b[0m\u001b[91mWARNING: Discarding https://files.pythonhosted.org/packages/1e/71/8929172068cbc3d3c7288bf888a7df5862a28d67ed61ad9b4c7aa5cf8be8/psycopg2-2.4.3.tar.gz#sha256=febd8e35ca9904bf4418e611f866a80639fbca7db2781e5b5cd20589b767af0b (from https://pypi.org/simple/psycopg2/). Command errored out with exit status 1: python setup.py egg_info Check the logs for full command output.\n\u001b[0m  Downloading psycopg2-2.4.2.tar.gz (667 kB)\n  Preparing metadata (setup.py): started\n  Preparing metadata (setup.py): finished with status 'error'\n\u001b[91m  ERROR: Command errored out with exit status 1:\n   command: /titan/bin/python3 -c 'import io, os, sys, setuptools, tokenize; sys.argv[0] = '\"'\"'/tmp/pip-install-39i1a0vx/psycopg2_dfb64e10ff86465faabd63a284046a29/setup.py'\"'\"'; __file__='\"'\"'/tmp/pip-install-39i1a0vx/psycopg2_dfb64e10ff86465faabd63a284046a29/setup.py'\"'\"';f = getattr(tokenize, '\"'\"'open'\"'\"', open)(__file__) if os.path.exists(__file__) else io.StringIO('\"'\"'from setuptools import setup; setup()'\"'\"');code = f.read().replace('\"'\"'\\r\\n'\"'\"', '\"'\"'\\n'\"'\"');f.close();exec(compile(code, __file__, '\"'\"'exec'\"'\"'))' egg_info --egg-base /tmp/pip-pip-egg-info-ia3_60od\n       cwd: /tmp/pip-install-39i1a0vx/psycopg2_dfb64e10ff86465faabd63a284046a29/\n  Complete output (17 lines):\n  running egg_info\n  creating /tmp/pip-pip-egg-info-ia3_60od/psycopg2.egg-info\n  writing /tmp/pip-pip-egg-info-ia3_60od/psycopg2.egg-info/PKG-INFO\n  writing dependency_links to /tmp/pip-pip-egg-info-ia3_60od/psycopg2.egg-info/dependency_links.txt\n  writing top-level names to /tmp/pip-pip-egg-info-ia3_60od/psycopg2.egg-info/top_level.txt\n  writing manifest file '/tmp/pip-pip-egg-info-ia3_60od/psycopg2.egg-info/SOURCES.txt'\n  /titan/lib/python3.6/site-packages/setuptools/command/egg_info.py:628: SetuptoolsDeprecationWarning: Custom 'build_py' does not implement 'get_data_files_without_manifest'.\n  Please extend command classes from setuptools instead of distutils.\n    SetuptoolsDeprecationWarning\n  Error: pg_config executable not found.\n  \n  Please add the directory containing pg_config to the PATH\n  or specify the full executable path with the option:\n  \n      python setup.py build_ext --pg-config /path/to/pg_config build ...\n  \n  or with the pg_config option in 'setup.cfg'.\n  ----------------------------------------\n\u001b[0m\u001b[91mWARNING: Discarding https://files.pythonhosted.org/packages/70/91/345f8eb32dc333331510e1adad858f7a1478d3a1e4aae05ee188985c6b17/psycopg2-2.4.2.tar.gz#sha256=c5f0f853aeeefc7b2aa73b08579e5d74c4c32ad5fca87e058bf04e08273a41a1 (from https://pypi.org/simple/psycopg2/). Command errored out with exit status 1: python setup.py egg_info Check the logs for full command output.\n\u001b[0m  Downloading psycopg2-2.4.1.tar.gz (398 kB)\n  Preparing metadata (setup.py): started\n  Preparing metadata (setup.py): finished with status 'error'\n\u001b[91m  ERROR: Command errored out with exit status 1:\n   command: /titan/bin/python3 -c 'import io, os, sys, setuptools, tokenize; sys.argv[0] = '\"'\"'/tmp/pip-install-39i1a0vx/psycopg2_8423e898cc9e4a05aca098235f8e4fd0/setup.py'\"'\"'; __file__='\"'\"'/tmp/pip-install-39i1a0vx/psycopg2_8423e898cc9e4a05aca098235f8e4fd0/setup.py'\"'\"';f = getattr(tokenize, '\"'\"'open'\"'\"', open)(__file__) if os.path.exists(__file__) else io.StringIO('\"'\"'from setuptools import setup; setup()'\"'\"');code = f.read().replace('\"'\"'\\r\\n'\"'\"', '\"'\"'\\n'\"'\"');f.close();exec(compile(code, __file__, '\"'\"'exec'\"'\"'))' egg_info --egg-base /tmp/pip-pip-egg-info-31f2r6jf\n       cwd: /tmp/pip-install-39i1a0vx/psycopg2_8423e898cc9e4a05aca098235f8e4fd0/\n  Complete output (17 lines):\n  running egg_info\n  creating /tmp/pip-pip-egg-info-31f2r6jf/psycopg2.egg-info\n  writing /tmp/pip-pip-egg-info-31f2r6jf/psycopg2.egg-info/PKG-INFO\n  writing dependency_links to /tmp/pip-pip-egg-info-31f2r6jf/psycopg2.egg-info/dependency_links.txt\n  writing top-level names to /tmp/pip-pip-egg-info-31f2r6jf/psycopg2.egg-info/top_level.txt\n  writing manifest file '/tmp/pip-pip-egg-info-31f2r6jf/psycopg2.egg-info/SOURCES.txt'\n  /titan/lib/python3.6/site-packages/setuptools/command/egg_info.py:628: SetuptoolsDeprecationWarning: Custom 'build_py' does not implement 'get_data_files_without_manifest'.\n  Please extend command classes from setuptools instead of distutils.\n    SetuptoolsDeprecationWarning\n  Error: pg_config executable not found.\n  \n  Please add the directory containing pg_config to the PATH\n  or specify the full executable path with the option:\n  \n      python setup.py build_ext --pg-config /path/to/pg_config build ...\n  \n  or with the pg_config option in 'setup.cfg'.\n  ----------------------------------------\n\u001b[0m\u001b[91mWARNING: Discarding https://files.pythonhosted.org/packages/82/f8/6c80beb1b58f01f52dcdfa52bc1668caa4e3fc4927e9230edc40afa98c05/psycopg2-2.4.1.tar.gz#sha256=f8ee9a4004afbd1ff1a1db8df7910475d6ec26e102aa92c9214cbeb1ef39ff49 (from https://pypi.org/simple/psycopg2/). Command errored out with exit status 1: python setup.py egg_info Check the logs for full command output.\n\u001b[0m  Downloading psycopg2-2.4.tar.gz (607 kB)\n  Preparing metadata (setup.py): started\n  Preparing metadata (setup.py): finished with status 'error'\n\u001b[91m  ERROR: Command errored out with exit status 1:\n   command: /titan/bin/python3 -c 'import io, os, sys, setuptools, tokenize; sys.argv[0] = '\"'\"'/tmp/pip-install-39i1a0vx/psycopg2_7d129acac57a49d59bcabc3f0fb284f5/setup.py'\"'\"'; __file__='\"'\"'/tmp/pip-install-39i1a0vx/psycopg2_7d129acac57a49d59bcabc3f0fb284f5/setup.py'\"'\"';f = getattr(tokenize, '\"'\"'open'\"'\"', open)(__file__) if os.path.exists(__file__) else io.StringIO('\"'\"'from setuptools import setup; setup()'\"'\"');code = f.read().replace('\"'\"'\\r\\n'\"'\"', '\"'\"'\\n'\"'\"');f.close();exec(compile(code, __file__, '\"'\"'exec'\"'\"'))' egg_info --egg-base /tmp/pip-pip-egg-info-l30uamp0\n       cwd: /tmp/pip-install-39i1a0vx/psycopg2_7d129acac57a49d59bcabc3f0fb284f5/\n  Complete output (17 lines):\n  running egg_info\n  creating /tmp/pip-pip-egg-info-l30uamp0/psycopg2.egg-info\n  writing /tmp/pip-pip-egg-info-l30uamp0/psycopg2.egg-info/PKG-INFO\n  writing dependency_links to /tmp/pip-pip-egg-info-l30uamp0/psycopg2.egg-info/dependency_links.txt\n  writing top-level names to /tmp/pip-pip-egg-info-l30uamp0/psycopg2.egg-info/top_level.txt\n  writing manifest file '/tmp/pip-pip-egg-info-l30uamp0/psycopg2.egg-info/SOURCES.txt'\n  /titan/lib/python3.6/site-packages/setuptools/command/egg_info.py:628: SetuptoolsDeprecationWarning: Custom 'build_py' does not implement 'get_data_files_without_manifest'.\n  Please extend command classes from setuptools instead of distutils.\n    SetuptoolsDeprecationWarning\n  Error: pg_config executable not found.\n  \n  Please add the directory containing pg_config to the PATH\n  or specify the full executable path with the option:\n  \n      python setup.py build_ext --pg-config /path/to/pg_config build ...\n  \n  or with the pg_config option in 'setup.cfg'.\n  ----------------------------------------\n\u001b[0m\u001b[91mWARNING: Discarding https://files.pythonhosted.org/packages/ce/2d/e9e65ee32ef2657028109bd5a1c1ece97e409ebf790b6ee286aae2c6b890/psycopg2-2.4.tar.gz#sha256=f41623c413283f101b61ba2356f92cc1890b00308aea970124ebd6178ac5c3a5 (from https://pypi.org/simple/psycopg2/). Command errored out with exit status 1: python setup.py egg_info Check the logs for full command output.\n\u001b[0m  Downloading psycopg2-2.3.2.tar.gz (568 kB)\n  Preparing metadata (setup.py): started\n  Preparing metadata (setup.py): finished with status 'error'\n\u001b[91m  ERROR: Command errored out with exit status 1:\n   command: /titan/bin/python3 -c 'import io, os, sys, setuptools, tokenize; sys.argv[0] = '\"'\"'/tmp/pip-install-39i1a0vx/psycopg2_58c0b1703b02475996283b86fe116038/setup.py'\"'\"'; __file__='\"'\"'/tmp/pip-install-39i1a0vx/psycopg2_58c0b1703b02475996283b86fe116038/setup.py'\"'\"';f = getattr(tokenize, '\"'\"'open'\"'\"', open)(__file__) if os.path.exists(__file__) else io.StringIO('\"'\"'from setuptools import setup; setup()'\"'\"');code = f.read().replace('\"'\"'\\r\\n'\"'\"', '\"'\"'\\n'\"'\"');f.close();exec(compile(code, __file__, '\"'\"'exec'\"'\"'))' egg_info --egg-base /tmp/pip-pip-egg-info-1l78l48x\n       cwd: /tmp/pip-install-39i1a0vx/psycopg2_58c0b1703b02475996283b86fe116038/\n  Complete output (6 lines):\n  Traceback (most recent call last):\n    File \"<string>\", line 1, in <module>\n    File \"/tmp/pip-install-39i1a0vx/psycopg2_58c0b1703b02475996283b86fe116038/setup.py\", line 247\n      except Warning, w:\n                    ^\n  SyntaxError: invalid syntax\n  ----------------------------------------\n\u001b[0m\u001b[91mWARNING: Discarding https://files.pythonhosted.org/packages/50/48/32927cbc99633613704950be5013fc144aa0f451a5e0616635a934d94a62/psycopg2-2.3.2.tar.gz#sha256=0ef1df428f5482c41885ee6d9a6975473fc83af5497801abd36dd150a3754c2c (from https://pypi.org/simple/psycopg2/). Command errored out with exit status 1: python setup.py egg_info Check the logs for full command output.\n\u001b[0m  Downloading psycopg2-2.3.1.tar.gz (567 kB)\n  Preparing metadata (setup.py): started\n  Preparing metadata (setup.py): finished with status 'error'\n\u001b[91m  ERROR: Command errored out with exit status 1:\n   command: /titan/bin/python3 -c 'import io, os, sys, setuptools, tokenize; sys.argv[0] = '\"'\"'/tmp/pip-install-39i1a0vx/psycopg2_8c9e0318d437452b8753a237b32953d8/setup.py'\"'\"'; __file__='\"'\"'/tmp/pip-install-39i1a0vx/psycopg2_8c9e0318d437452b8753a237b32953d8/setup.py'\"'\"';f = getattr(tokenize, '\"'\"'open'\"'\"', open)(__file__) if os.path.exists(__file__) else io.StringIO('\"'\"'from setuptools import setup; setup()'\"'\"');code = f.read().replace('\"'\"'\\r\\n'\"'\"', '\"'\"'\\n'\"'\"');f.close();exec(compile(code, __file__, '\"'\"'exec'\"'\"'))' egg_info --egg-base /tmp/pip-pip-egg-info-b77eo6mh\n       cwd: /tmp/pip-install-39i1a0vx/psycopg2_8c9e0318d437452b8753a237b32953d8/\n  Complete output (6 lines):\n  Traceback (most recent call last):\n    File \"<string>\", line 1, in <module>\n    File \"/tmp/pip-install-39i1a0vx/psycopg2_8c9e0318d437452b8753a237b32953d8/setup.py\", line 247\n      except Warning, w:\n                    ^\n  SyntaxError: invalid syntax\n  ----------------------------------------\n\u001b[0m\u001b[91mWARNING: Discarding https://files.pythonhosted.org/packages/cd/7c/6acf5aacd347f3dc1398eca0e2123c35a48efb07617d4d9578e9cd79a1a7/psycopg2-2.3.1.tar.gz#sha256=7aee74fb13f3b51571fa84cebeeeb29b4230e7553f554f228636c6754752c4e4 (from https://pypi.org/simple/psycopg2/). Command errored out with exit status 1: python setup.py egg_info Check the logs for full command output.\n\u001b[0m  Downloading psycopg2-2.3.0.tar.gz (588 kB)\n  Preparing metadata (setup.py): started\n  Preparing metadata (setup.py): finished with status 'error'\n\u001b[91m  ERROR: Command errored out with exit status 1:\n   command: /titan/bin/python3 -c 'import io, os, sys, setuptools, tokenize; sys.argv[0] = '\"'\"'/tmp/pip-install-39i1a0vx/psycopg2_cb87066e48d54d9b9a451e646e50fbbe/setup.py'\"'\"'; __file__='\"'\"'/tmp/pip-install-39i1a0vx/psycopg2_cb87066e48d54d9b9a451e646e50fbbe/setup.py'\"'\"';f = getattr(tokenize, '\"'\"'open'\"'\"', open)(__file__) if os.path.exists(__file__) else io.StringIO('\"'\"'from setuptools import setup; setup()'\"'\"');code = f.read().replace('\"'\"'\\r\\n'\"'\"', '\"'\"'\\n'\"'\"');f.close();exec(compile(code, __file__, '\"'\"'exec'\"'\"'))' egg_info --egg-base /tmp/pip-pip-egg-info-p0_b5grc\n       cwd: /tmp/pip-install-39i1a0vx/psycopg2_cb87066e48d54d9b9a451e646e50fbbe/\n  Complete output (6 lines):\n  Traceback (most recent call last):\n    File \"<string>\", line 1, in <module>\n    File \"/tmp/pip-install-39i1a0vx/psycopg2_cb87066e48d54d9b9a451e646e50fbbe/setup.py\", line 247\n      except Warning, w:\n                    ^\n  SyntaxError: invalid syntax\n  ----------------------------------------\n\u001b[0m\u001b[91mWARNING: Discarding https://files.pythonhosted.org/packages/68/0a/459df8dcbcc118ca435e9567abceaab919706908d52139e503f6396c4935/psycopg2-2.3.0.tar.gz#sha256=c17a06b7468debba94fa151d3ad93cd885d9cbe9a751e54ceb87738d5f0478ea (from https://pypi.org/simple/psycopg2/). Command errored out with exit status 1: python setup.py egg_info Check the logs for full command output.\n\u001b[0m  Downloading psycopg2-2.2.2.tar.gz (530 kB)\n  Preparing metadata (setup.py): started\n  Preparing metadata (setup.py): finished with status 'error'\n\u001b[91m  ERROR: Command errored out with exit status 1:\n   command: /titan/bin/python3 -c 'import io, os, sys, setuptools, tokenize; sys.argv[0] = '\"'\"'/tmp/pip-install-39i1a0vx/psycopg2_d0c98fd88db94f818416e26fea91dc71/setup.py'\"'\"'; __file__='\"'\"'/tmp/pip-install-39i1a0vx/psycopg2_d0c98fd88db94f818416e26fea91dc71/setup.py'\"'\"';f = getattr(tokenize, '\"'\"'open'\"'\"', open)(__file__) if os.path.exists(__file__) else io.StringIO('\"'\"'from setuptools import setup; setup()'\"'\"');code = f.read().replace('\"'\"'\\r\\n'\"'\"', '\"'\"'\\n'\"'\"');f.close();exec(compile(code, __file__, '\"'\"'exec'\"'\"'))' egg_info --egg-base /tmp/pip-pip-egg-info-ajw7_p9k\n       cwd: /tmp/pip-install-39i1a0vx/psycopg2_d0c98fd88db94f818416e26fea91dc71/\n  Complete output (6 lines):\n  Traceback (most recent call last):\n    File \"<string>\", line 1, in <module>\n    File \"/tmp/pip-install-39i1a0vx/psycopg2_d0c98fd88db94f818416e26fea91dc71/setup.py\", line 245\n      except Warning, w:\n                    ^\n  SyntaxError: invalid syntax\n  ----------------------------------------\n\u001b[0m\u001b[91mWARNING: Discarding https://files.pythonhosted.org/packages/63/3e/a4a35761eb4595fff89e63347b4f8e79c2095782fa5bc016a6dfb18b21ac/psycopg2-2.2.2.tar.gz#sha256=21a33d5b2609103512748098a06249492cc294790e07638fadc68cf06eeac39d (from https://pypi.org/simple/psycopg2/). Command errored out with exit status 1: python setup.py egg_info Check the logs for full command output.\n\u001b[0m  Downloading psycopg2-2.2.1.tar.gz (529 kB)\n  Preparing metadata (setup.py): started\n  Preparing metadata (setup.py): finished with status 'error'\n\u001b[91m  ERROR: Command errored out with exit status 1:\n   command: /titan/bin/python3 -c 'import io, os, sys, setuptools, tokenize; sys.argv[0] = '\"'\"'/tmp/pip-install-39i1a0vx/psycopg2_52bbc2a87b14465583dcaf510c79becc/setup.py'\"'\"'; __file__='\"'\"'/tmp/pip-install-39i1a0vx/psycopg2_52bbc2a87b14465583dcaf510c79becc/setup.py'\"'\"';f = getattr(tokenize, '\"'\"'open'\"'\"', open)(__file__) if os.path.exists(__file__) else io.StringIO('\"'\"'from setuptools import setup; setup()'\"'\"');code = f.read().replace('\"'\"'\\r\\n'\"'\"', '\"'\"'\\n'\"'\"');f.close();exec(compile(code, __file__, '\"'\"'exec'\"'\"'))' egg_info --egg-base /tmp/pip-pip-egg-info-7uxt6o73\n       cwd: /tmp/pip-install-39i1a0vx/psycopg2_52bbc2a87b14465583dcaf510c79becc/\n  Complete output (6 lines):\n  Traceback (most recent call last):\n    File \"<string>\", line 1, in <module>\n    File \"/tmp/pip-install-39i1a0vx/psycopg2_52bbc2a87b14465583dcaf510c79becc/setup.py\", line 239\n      except Warning, w:\n                    ^\n  SyntaxError: invalid syntax\n  ----------------------------------------\n\u001b[0m\u001b[91mWARNING: Discarding https://files.pythonhosted.org/packages/de/c4/fdfb801035bd7da9e1ce98169d48ca2d6dee5b4361e349afbba40b3d7a5d/psycopg2-2.2.1.tar.gz#sha256=b0eca4e8438025dc57cacbea4e8ca2f5dc0554d41b1cdcc177757a5fc413f3d1 (from https://pypi.org/simple/psycopg2/). Command errored out with exit status 1: python setup.py egg_info Check the logs for full command output.\n\u001b[0m  Downloading psycopg2-2.2.0.tar.gz (528 kB)\n  Preparing metadata (setup.py): started\n  Preparing metadata (setup.py): finished with status 'error'\n\u001b[91m  ERROR: Command errored out with exit status 1:\n   command: /titan/bin/python3 -c 'import io, os, sys, setuptools, tokenize; sys.argv[0] = '\"'\"'/tmp/pip-install-39i1a0vx/psycopg2_613aa0981d34457b9cc2fb875cabdb8c/setup.py'\"'\"'; __file__='\"'\"'/tmp/pip-install-39i1a0vx/psycopg2_613aa0981d34457b9cc2fb875cabdb8c/setup.py'\"'\"';f = getattr(tokenize, '\"'\"'open'\"'\"', open)(__file__) if os.path.exists(__file__) else io.StringIO('\"'\"'from setuptools import setup; setup()'\"'\"');code = f.read().replace('\"'\"'\\r\\n'\"'\"', '\"'\"'\\n'\"'\"');f.close();exec(compile(code, __file__, '\"'\"'exec'\"'\"'))' egg_info --egg-base /tmp/pip-pip-egg-info-l0ga6xmz\n       cwd: /tmp/pip-install-39i1a0vx/psycopg2_613aa0981d34457b9cc2fb875cabdb8c/\n  Complete output (6 lines):\n  Traceback (most recent call last):\n    File \"<string>\", line 1, in <module>\n    File \"/tmp/pip-install-39i1a0vx/psycopg2_613aa0981d34457b9cc2fb875cabdb8c/setup.py\", line 238\n      except Warning, w:\n                    ^\n  SyntaxError: invalid syntax\n  ----------------------------------------\n\u001b[0m\u001b[91mWARNING: Discarding https://files.pythonhosted.org/packages/32/0c/2f4da04ae2a66d71eff37f19fce67506ad28f887851cd1c1cca35ba08b36/psycopg2-2.2.0.tar.gz#sha256=e70a8eabc491318beef4cd9cd9245a4d8dc62ee31cb74e7988913a66bb33f858 (from https://pypi.org/simple/psycopg2/). Command errored out with exit status 1: python setup.py egg_info Check the logs for full command output.\n\u001b[0m  Downloading psycopg2-2.0.14.tar.gz (491 kB)\n  Preparing metadata (setup.py): started\n  Preparing metadata (setup.py): finished with status 'error'\n\u001b[91m  ERROR: Command errored out with exit status 1:\n   command: /titan/bin/python3 -c 'import io, os, sys, setuptools, tokenize; sys.argv[0] = '\"'\"'/tmp/pip-install-39i1a0vx/psycopg2_c48b6c4678fb49be88f2bbebc44a0675/setup.py'\"'\"'; __file__='\"'\"'/tmp/pip-install-39i1a0vx/psycopg2_c48b6c4678fb49be88f2bbebc44a0675/setup.py'\"'\"';f = getattr(tokenize, '\"'\"'open'\"'\"', open)(__file__) if os.path.exists(__file__) else io.StringIO('\"'\"'from setuptools import setup; setup()'\"'\"');code = f.read().replace('\"'\"'\\r\\n'\"'\"', '\"'\"'\\n'\"'\"');f.close();exec(compile(code, __file__, '\"'\"'exec'\"'\"'))' egg_info --egg-base /tmp/pip-pip-egg-info-bukbt57i\n       cwd: /tmp/pip-install-39i1a0vx/psycopg2_c48b6c4678fb49be88f2bbebc44a0675/\n  Complete output (6 lines):\n  Traceback (most recent call last):\n    File \"<string>\", line 1, in <module>\n    File \"/tmp/pip-install-39i1a0vx/psycopg2_c48b6c4678fb49be88f2bbebc44a0675/setup.py\", line 238\n      except Warning, w:\n                    ^\n  SyntaxError: invalid syntax\n  ----------------------------------------\n\u001b[0m\u001b[91mWARNING: Discarding https://files.pythonhosted.org/packages/e0/1c/f0843f50a69fba3db880e9b267d36f6709bbf31a36fc46b82f75e8975ede/psycopg2-2.0.14.tar.gz#sha256=902607cdbe1195a00694d2b477eed8429eda433caaa0eb6ff7f80883e1c17ac7 (from https://pypi.org/simple/psycopg2/). Command errored out with exit status 1: python setup.py egg_info Check the logs for full command output.\n\u001b[0m  Downloading psycopg2-2.0.13.tar.gz (258 kB)\n  Preparing metadata (setup.py): started\n  Preparing metadata (setup.py): finished with status 'error'\n\u001b[91m  ERROR: Command errored out with exit status 1:\n   command: /titan/bin/python3 -c 'import io, os, sys, setuptools, tokenize; sys.argv[0] = '\"'\"'/tmp/pip-install-39i1a0vx/psycopg2_ebd6de038d05405ca3862849b1a27775/setup.py'\"'\"'; __file__='\"'\"'/tmp/pip-install-39i1a0vx/psycopg2_ebd6de038d05405ca3862849b1a27775/setup.py'\"'\"';f = getattr(tokenize, '\"'\"'open'\"'\"', open)(__file__) if os.path.exists(__file__) else io.StringIO('\"'\"'from setuptools import setup; setup()'\"'\"');code = f.read().replace('\"'\"'\\r\\n'\"'\"', '\"'\"'\\n'\"'\"');f.close();exec(compile(code, __file__, '\"'\"'exec'\"'\"'))' egg_info --egg-base /tmp/pip-pip-egg-info-hwehtc19\n       cwd: /tmp/pip-install-39i1a0vx/psycopg2_ebd6de038d05405ca3862849b1a27775/\n  Complete output (6 lines):\n  Traceback (most recent call last):\n    File \"<string>\", line 1, in <module>\n    File \"/tmp/pip-install-39i1a0vx/psycopg2_ebd6de038d05405ca3862849b1a27775/setup.py\", line 233\n      except Warning, w:\n                    ^\n  SyntaxError: invalid syntax\n  ----------------------------------------\n\u001b[0m\u001b[91mWARNING: Discarding https://files.pythonhosted.org/packages/3a/7a/968afcb86b1958ae963a3aaa42c561e3ed2c2d4a8b773622b03856a16248/psycopg2-2.0.13.tar.gz#sha256=a15e622e101b16aa8ad44813d8fb1eced91379396c054aacbfa3ad658352332b (from https://pypi.org/simple/psycopg2/). Command errored out with exit status 1: python setup.py egg_info Check the logs for full command output.\n\u001b[0m  Downloading psycopg2-2.0.12.tar.gz (256 kB)\n  Preparing metadata (setup.py): started\n  Preparing metadata (setup.py): finished with status 'error'\n\u001b[91m  ERROR: Command errored out with exit status 1:\n   command: /titan/bin/python3 -c 'import io, os, sys, setuptools, tokenize; sys.argv[0] = '\"'\"'/tmp/pip-install-39i1a0vx/psycopg2_8622a629776e48969cda0fb8f91a9470/setup.py'\"'\"'; __file__='\"'\"'/tmp/pip-install-39i1a0vx/psycopg2_8622a629776e48969cda0fb8f91a9470/setup.py'\"'\"';f = getattr(tokenize, '\"'\"'open'\"'\"', open)(__file__) if os.path.exists(__file__) else io.StringIO('\"'\"'from setuptools import setup; setup()'\"'\"');code = f.read().replace('\"'\"'\\r\\n'\"'\"', '\"'\"'\\n'\"'\"');f.close();exec(compile(code, __file__, '\"'\"'exec'\"'\"'))' egg_info --egg-base /tmp/pip-pip-egg-info-aw8w6791\n       cwd: /tmp/pip-install-39i1a0vx/psycopg2_8622a629776e48969cda0fb8f91a9470/\n  Complete output (6 lines):\n  Traceback (most recent call last):\n    File \"<string>\", line 1, in <module>\n    File \"/tmp/pip-install-39i1a0vx/psycopg2_8622a629776e48969cda0fb8f91a9470/setup.py\", line 225\n      except Warning, w:\n                    ^\n  SyntaxError: invalid syntax\n  ----------------------------------------\n\u001b[0m\u001b[91mWARNING: Discarding https://files.pythonhosted.org/packages/6a/8d/ee5c330823d527a5cd14c833063f825211d7b5de6e4897f72e250c107d85/psycopg2-2.0.12.tar.gz#sha256=542c187531e756867fb60034c393b6f2beca34eeeb3ce2e0089a2b6fb8be1292 (from https://pypi.org/simple/psycopg2/). Command errored out with exit status 1: python setup.py egg_info Check the logs for full command output.\n\u001b[0m  Downloading psycopg2-2.0.11.tar.gz (255 kB)\n  Preparing metadata (setup.py): started\n  Preparing metadata (setup.py): finished with status 'error'\n\u001b[91m  ERROR: Command errored out with exit status 1:\n   command: /titan/bin/python3 -c 'import io, os, sys, setuptools, tokenize; sys.argv[0] = '\"'\"'/tmp/pip-install-39i1a0vx/psycopg2_b4623481208d42a0b4d6c1df5248991c/setup.py'\"'\"'; __file__='\"'\"'/tmp/pip-install-39i1a0vx/psycopg2_b4623481208d42a0b4d6c1df5248991c/setup.py'\"'\"';f = getattr(tokenize, '\"'\"'open'\"'\"', open)(__file__) if os.path.exists(__file__) else io.StringIO('\"'\"'from setuptools import setup; setup()'\"'\"');code = f.read().replace('\"'\"'\\r\\n'\"'\"', '\"'\"'\\n'\"'\"');f.close();exec(compile(code, __file__, '\"'\"'exec'\"'\"'))' egg_info --egg-base /tmp/pip-pip-egg-info-yfj_fvax\n       cwd: /tmp/pip-install-39i1a0vx/psycopg2_b4623481208d42a0b4d6c1df5248991c/\n  Complete output (6 lines):\n  Traceback (most recent call last):\n    File \"<string>\", line 1, in <module>\n    File \"/tmp/pip-install-39i1a0vx/psycopg2_b4623481208d42a0b4d6c1df5248991c/setup.py\", line 225\n      except Warning, w:\n                    ^\n  SyntaxError: invalid syntax\n  ----------------------------------------\n\u001b[0m\u001b[91mWARNING: Discarding https://files.pythonhosted.org/packages/2d/d7/496da11d7c81971870ddd36800419c4f84e8f6208aac5eabedf9f7748729/psycopg2-2.0.11.tar.gz#sha256=e6b4e0e41df97441eff34e00065376414da6488e0d55848a45cd77551dbae434 (from https://pypi.org/simple/psycopg2/). Command errored out with exit status 1: python setup.py egg_info Check the logs for full command output.\n\u001b[0m  Downloading psycopg2-2.0.10.tar.gz (255 kB)\n  Preparing metadata (setup.py): started\n  Preparing metadata (setup.py): finished with status 'error'\n\u001b[91m  ERROR: Command errored out with exit status 1:\n   command: /titan/bin/python3 -c 'import io, os, sys, setuptools, tokenize; sys.argv[0] = '\"'\"'/tmp/pip-install-39i1a0vx/psycopg2_0cafe08dd0494844adad13e9de312881/setup.py'\"'\"'; __file__='\"'\"'/tmp/pip-install-39i1a0vx/psycopg2_0cafe08dd0494844adad13e9de312881/setup.py'\"'\"';f = getattr(tokenize, '\"'\"'open'\"'\"', open)(__file__) if os.path.exists(__file__) else io.StringIO('\"'\"'from setuptools import setup; setup()'\"'\"');code = f.read().replace('\"'\"'\\r\\n'\"'\"', '\"'\"'\\n'\"'\"');f.close();exec(compile(code, __file__, '\"'\"'exec'\"'\"'))' egg_info --egg-base /tmp/pip-pip-egg-info-am9p3hdi\n       cwd: /tmp/pip-install-39i1a0vx/psycopg2_0cafe08dd0494844adad13e9de312881/\n  Complete output (5 lines):\n  Traceback (most recent call last):\n    File \"<string>\", line 1, in <module>\n    File \"/tmp/pip-install-39i1a0vx/psycopg2_0cafe08dd0494844adad13e9de312881/setup.py\", line 50, in <module>\n      import ConfigParser\n  ModuleNotFoundError: No module named 'ConfigParser'\n  ----------------------------------------\n\u001b[0m\u001b[91mWARNING: Discarding https://files.pythonhosted.org/packages/19/79/35c7596bab4456f3610c12ec542a94d51c6781ced587d1d85127210b879b/psycopg2-2.0.10.tar.gz#sha256=e40cc04b43849085725076ae134bfef9e3b087f6dd7c964aeeb930e2f0bc14ab (from https://pypi.org/simple/psycopg2/). Command errored out with exit status 1: python setup.py egg_info Check the logs for full command output.\n\u001b[0m\u001b[91mERROR: Could not find a version that satisfies the requirement psycopg2 (from versions: 2.0.10, 2.0.11, 2.0.12, 2.0.13, 2.0.14, 2.2.0, 2.2.1, 2.2.2, 2.3.0, 2.3.1, 2.3.2, 2.4, 2.4.1, 2.4.2, 2.4.3, 2.4.4, 2.4.5, 2.4.6, 2.5, 2.5.1, 2.5.2, 2.5.3, 2.5.4, 2.5.5, 2.6, 2.6.1, 2.6.2, 2.7, 2.7.1, 2.7.2, 2.7.3, 2.7.3.1, 2.7.3.2, 2.7.4, 2.7.5, 2.7.6, 2.7.6.1, 2.7.7, 2.8, 2.8.1, 2.8.2, 2.8.3, 2.8.4, 2.8.5, 2.8.6, 2.9, 2.9.1, 2.9.2, 2.9.3, 2.9.4, 2.9.5)\nERROR: No matching distribution found for psycopg2\n\u001b[0mRemoving intermediate container a0a01f800d84\n","stderr":"The command '/bin/sh -c source /titan/bin/activate && pip install -r requirements.txt && pip install Flask-SQLAlchemy' returned a non-zero code: 1\n"},"endTime":1672328391119}