{"repository":"https://github.com/jakelever/pubrunner","dockerfilePath":"Dockerfile","startTime":1672507989279,"clone":{"stdout":"","stderr":"Cloning into '/tmp/dinghy-analysis/jakelever/pubrunner'...\n","error":null,"commit":"30796dfa0610620821b4a7e058a9e6275bf38944"},"originalBuild":{"startTimestamp":1672507990082,"endTimestamp":1672508155252,"error":{"code":1,"killed":false,"signal":null,"cmd":"docker build --no-cache --force-rm -t pubrunner:latest -f /tmp/dinghy-analysis/jakelever/pubrunner/Dockerfile ."},"stdout":"Sending build context to Docker daemon  444.9kB\r\r\nStep 1/10 : FROM python:3\n3: Pulling from library/python\nDigest: sha256:250990a809a15bb6a3e307fec72dead200c882c940523fb1694baa78eb0e47c6\nStatus: Downloaded newer image for python:3\n ---> 75cc8d87cc34\nStep 2/10 : RUN git clone https://github.com/jakelever/pubrunner.git\n ---> Running in 2b0e3d80389a\n\u001b[91mCloning into 'pubrunner'...\n\u001b[0mRemoving intermediate container 2b0e3d80389a\n ---> be18a15d5894\nStep 3/10 : RUN git clone https://github.com/jakelever/Ab3P.git\n ---> Running in 88f4c136ced8\n\u001b[91mCloning into 'Ab3P'...\n\u001b[0mRemoving intermediate container 88f4c136ced8\n ---> 27570395f044\nStep 4/10 : RUN git clone https://github.com/jakelever/OpenSesamIE.git\n ---> Running in 6e6aadea6dd5\n\u001b[91mCloning into 'OpenSesamIE'...\n\u001b[0mRemoving intermediate container 6e6aadea6dd5\n ---> dc6a7e7751fc\nStep 5/10 : RUN pip install spacy\n ---> Running in 376bcb83a003\nCollecting spacy\n  Downloading spacy-3.4.4-cp311-cp311-manylinux_2_17_x86_64.manylinux2014_x86_64.whl (6.4 MB)\n     ━━━━━━━━━━━━━━━━━━━━━━━━━━━━━━━━━━━━━━━━ 6.4/6.4 MB 29.2 MB/s eta 0:00:00\nCollecting spacy-legacy<3.1.0,>=3.0.10\n  Downloading spacy_legacy-3.0.11-py2.py3-none-any.whl (24 kB)\nCollecting spacy-loggers<2.0.0,>=1.0.0\n  Downloading spacy_loggers-1.0.4-py3-none-any.whl (11 kB)\nCollecting murmurhash<1.1.0,>=0.28.0\n  Downloading murmurhash-1.0.9-cp311-cp311-manylinux_2_5_x86_64.manylinux1_x86_64.manylinux_2_17_x86_64.manylinux2014_x86_64.whl (21 kB)\nCollecting cymem<2.1.0,>=2.0.2\n  Downloading cymem-2.0.7-cp311-cp311-manylinux_2_17_x86_64.manylinux2014_x86_64.whl (34 kB)\nCollecting preshed<3.1.0,>=3.0.2\n  Downloading preshed-3.0.8-cp311-cp311-manylinux_2_5_x86_64.manylinux1_x86_64.manylinux_2_17_x86_64.manylinux2014_x86_64.whl (122 kB)\n     ━━━━━━━━━━━━━━━━━━━━━━━━━━━━━━━━━━━━━━━ 122.1/122.1 kB 1.6 MB/s eta 0:00:00\nCollecting thinc<8.2.0,>=8.1.0\n  Downloading thinc-8.1.6-cp311-cp311-manylinux_2_17_x86_64.manylinux2014_x86_64.whl (816 kB)\n     ━━━━━━━━━━━━━━━━━━━━━━━━━━━━━━━━━━━━━━ 816.2/816.2 kB 26.1 MB/s eta 0:00:00\nCollecting wasabi<1.1.0,>=0.9.1\n  Downloading wasabi-0.10.1-py3-none-any.whl (26 kB)\nCollecting srsly<3.0.0,>=2.4.3\n  Downloading srsly-2.4.5-cp311-cp311-manylinux_2_17_x86_64.manylinux2014_x86_64.whl (489 kB)\n     ━━━━━━━━━━━━━━━━━━━━━━━━━━━━━━━━━━━━━━━ 489.2/489.2 kB 5.1 MB/s eta 0:00:00\nCollecting catalogue<2.1.0,>=2.0.6\n  Downloading catalogue-2.0.8-py3-none-any.whl (17 kB)\nCollecting typer<0.8.0,>=0.3.0\n  Downloading typer-0.7.0-py3-none-any.whl (38 kB)\nCollecting pathy>=0.3.5\n  Downloading pathy-0.10.1-py3-none-any.whl (48 kB)\n     ━━━━━━━━━━━━━━━━━━━━━━━━━━━━━━━━━━━━━━━ 48.9/48.9 kB 752.2 kB/s eta 0:00:00\nCollecting smart-open<7.0.0,>=5.2.1\n  Downloading smart_open-6.3.0-py3-none-any.whl (56 kB)\n     ━━━━━━━━━━━━━━━━━━━━━━━━━━━━━━━━━━━━━━━ 56.8/56.8 kB 828.5 kB/s eta 0:00:00\nCollecting tqdm<5.0.0,>=4.38.0\n  Downloading tqdm-4.64.1-py2.py3-none-any.whl (78 kB)\n     ━━━━━━━━━━━━━━━━━━━━━━━━━━━━━━━━━━━━━━━━ 78.5/78.5 kB 2.4 MB/s eta 0:00:00\nCollecting numpy>=1.15.0\n  Downloading numpy-1.24.1-cp311-cp311-manylinux_2_17_x86_64.manylinux2014_x86_64.whl (17.3 MB)\n     ━━━━━━━━━━━━━━━━━━━━━━━━━━━━━━━━━━━━━━━━ 17.3/17.3 MB 24.6 MB/s eta 0:00:00\nCollecting requests<3.0.0,>=2.13.0\n  Downloading requests-2.28.1-py3-none-any.whl (62 kB)\n     ━━━━━━━━━━━━━━━━━━━━━━━━━━━━━━━━━━━━━━━━ 62.8/62.8 kB 4.1 MB/s eta 0:00:00\nCollecting pydantic!=1.8,!=1.8.1,<1.11.0,>=1.7.4\n  Downloading pydantic-1.10.4-cp311-cp311-manylinux_2_17_x86_64.manylinux2014_x86_64.whl (3.0 MB)\n     ━━━━━━━━━━━━━━━━━━━━━━━━━━━━━━━━━━━━━━━━ 3.0/3.0 MB 31.1 MB/s eta 0:00:00\nCollecting jinja2\n  Downloading Jinja2-3.1.2-py3-none-any.whl (133 kB)\n     ━━━━━━━━━━━━━━━━━━━━━━━━━━━━━━━━━━━━━━━ 133.1/133.1 kB 8.5 MB/s eta 0:00:00\nRequirement already satisfied: setuptools in /usr/local/lib/python3.11/site-packages (from spacy) (65.5.0)\nCollecting packaging>=20.0\n  Downloading packaging-22.0-py3-none-any.whl (42 kB)\n     ━━━━━━━━━━━━━━━━━━━━━━━━━━━━━━━━━━━━━━━━ 42.6/42.6 kB 2.4 MB/s eta 0:00:00\nCollecting langcodes<4.0.0,>=3.2.0\n  Downloading langcodes-3.3.0-py3-none-any.whl (181 kB)\n     ━━━━━━━━━━━━━━━━━━━━━━━━━━━━━━━━━━━━━━ 181.6/181.6 kB 10.3 MB/s eta 0:00:00\nCollecting typing-extensions>=4.2.0\n  Downloading typing_extensions-4.4.0-py3-none-any.whl (26 kB)\nCollecting charset-normalizer<3,>=2\n  Downloading charset_normalizer-2.1.1-py3-none-any.whl (39 kB)\nCollecting idna<4,>=2.5\n  Downloading idna-3.4-py3-none-any.whl (61 kB)\n     ━━━━━━━━━━━━━━━━━━━━━━━━━━━━━━━━━━━━━━━━ 61.5/61.5 kB 3.7 MB/s eta 0:00:00\nCollecting urllib3<1.27,>=1.21.1\n  Downloading urllib3-1.26.13-py2.py3-none-any.whl (140 kB)\n     ━━━━━━━━━━━━━━━━━━━━━━━━━━━━━━━━━━━━━━ 140.6/140.6 kB 11.6 MB/s eta 0:00:00\nCollecting certifi>=2017.4.17\n  Downloading certifi-2022.12.7-py3-none-any.whl (155 kB)\n     ━━━━━━━━━━━━━━━━━━━━━━━━━━━━━━━━━━━━━━ 155.3/155.3 kB 10.0 MB/s eta 0:00:00\nCollecting blis<0.8.0,>=0.7.8\n  Downloading blis-0.7.9-cp311-cp311-manylinux_2_17_x86_64.manylinux2014_x86_64.whl (10.2 MB)\n     ━━━━━━━━━━━━━━━━━━━━━━━━━━━━━━━━━━━━━━━━ 10.2/10.2 MB 5.3 MB/s eta 0:00:00\nCollecting confection<1.0.0,>=0.0.1\n  Downloading confection-0.0.3-py3-none-any.whl (32 kB)\nCollecting click<9.0.0,>=7.1.1\n  Downloading click-8.1.3-py3-none-any.whl (96 kB)\n     ━━━━━━━━━━━━━━━━━━━━━━━━━━━━━━━━━━━━━━━━ 96.6/96.6 kB 1.5 MB/s eta 0:00:00\nCollecting MarkupSafe>=2.0\n  Downloading MarkupSafe-2.1.1.tar.gz (18 kB)\n  Preparing metadata (setup.py): started\n  Preparing metadata (setup.py): finished with status 'done'\nBuilding wheels for collected packages: MarkupSafe\n  Building wheel for MarkupSafe (setup.py): started\n  Building wheel for MarkupSafe (setup.py): finished with status 'done'\n  Created wheel for MarkupSafe: filename=MarkupSafe-2.1.1-cp311-cp311-linux_x86_64.whl size=27477 sha256=6764945e59cfa9c032488cd7d393378412795f9cae2ead0468dad5985574bd1c\n  Stored in directory: /root/.cache/pip/wheels/96/ee/62/407c247ad088bcb67b530ba3ac1479058c58a651bd6bf09a1f\nSuccessfully built MarkupSafe\nInstalling collected packages: wasabi, cymem, urllib3, typing-extensions, tqdm, spacy-loggers, spacy-legacy, smart-open, packaging, numpy, murmurhash, MarkupSafe, langcodes, idna, click, charset-normalizer, certifi, catalogue, typer, srsly, requests, pydantic, preshed, jinja2, blis, pathy, confection, thinc, spacy\nSuccessfully installed MarkupSafe-2.1.1 blis-0.7.9 catalogue-2.0.8 certifi-2022.12.7 charset-normalizer-2.1.1 click-8.1.3 confection-0.0.3 cymem-2.0.7 idna-3.4 jinja2-3.1.2 langcodes-3.3.0 murmurhash-1.0.9 numpy-1.24.1 packaging-22.0 pathy-0.10.1 preshed-3.0.8 pydantic-1.10.4 requests-2.28.1 smart-open-6.3.0 spacy-3.4.4 spacy-legacy-3.0.11 spacy-loggers-1.0.4 srsly-2.4.5 thinc-8.1.6 tqdm-4.64.1 typer-0.7.0 typing-extensions-4.4.0 urllib3-1.26.13 wasabi-0.10.1\n\u001b[91mWARNING: Running pip as the 'root' user can result in broken permissions and conflicting behaviour with the system package manager. It is recommended to use a virtual environment instead: https://pip.pypa.io/warnings/venv\n\u001b[0mRemoving intermediate container 376bcb83a003\n ---> c7f66e4183fb\nStep 6/10 : RUN python -m spacy download en\n ---> Running in 721c6aad9b83\nCollecting en-core-web-sm==3.4.1\n  Downloading https://github.com/explosion/spacy-models/releases/download/en_core_web_sm-3.4.1/en_core_web_sm-3.4.1-py3-none-any.whl (12.8 MB)\n     ━━━━━━━━━━━━━━━━━━━━━━━━━━━━━━━━━━━━━━━━ 12.8/12.8 MB 9.7 MB/s eta 0:00:00\nRequirement already satisfied: spacy<3.5.0,>=3.4.0 in /usr/local/lib/python3.11/site-packages (from en-core-web-sm==3.4.1) (3.4.4)\nRequirement already satisfied: spacy-legacy<3.1.0,>=3.0.10 in /usr/local/lib/python3.11/site-packages (from spacy<3.5.0,>=3.4.0->en-core-web-sm==3.4.1) (3.0.11)\nRequirement already satisfied: spacy-loggers<2.0.0,>=1.0.0 in /usr/local/lib/python3.11/site-packages (from spacy<3.5.0,>=3.4.0->en-core-web-sm==3.4.1) (1.0.4)\nRequirement already satisfied: murmurhash<1.1.0,>=0.28.0 in /usr/local/lib/python3.11/site-packages (from spacy<3.5.0,>=3.4.0->en-core-web-sm==3.4.1) (1.0.9)\nRequirement already satisfied: cymem<2.1.0,>=2.0.2 in /usr/local/lib/python3.11/site-packages (from spacy<3.5.0,>=3.4.0->en-core-web-sm==3.4.1) (2.0.7)\nRequirement already satisfied: preshed<3.1.0,>=3.0.2 in /usr/local/lib/python3.11/site-packages (from spacy<3.5.0,>=3.4.0->en-core-web-sm==3.4.1) (3.0.8)\nRequirement already satisfied: thinc<8.2.0,>=8.1.0 in /usr/local/lib/python3.11/site-packages (from spacy<3.5.0,>=3.4.0->en-core-web-sm==3.4.1) (8.1.6)\nRequirement already satisfied: wasabi<1.1.0,>=0.9.1 in /usr/local/lib/python3.11/site-packages (from spacy<3.5.0,>=3.4.0->en-core-web-sm==3.4.1) (0.10.1)\nRequirement already satisfied: srsly<3.0.0,>=2.4.3 in /usr/local/lib/python3.11/site-packages (from spacy<3.5.0,>=3.4.0->en-core-web-sm==3.4.1) (2.4.5)\nRequirement already satisfied: catalogue<2.1.0,>=2.0.6 in /usr/local/lib/python3.11/site-packages (from spacy<3.5.0,>=3.4.0->en-core-web-sm==3.4.1) (2.0.8)\nRequirement already satisfied: typer<0.8.0,>=0.3.0 in /usr/local/lib/python3.11/site-packages (from spacy<3.5.0,>=3.4.0->en-core-web-sm==3.4.1) (0.7.0)\nRequirement already satisfied: pathy>=0.3.5 in /usr/local/lib/python3.11/site-packages (from spacy<3.5.0,>=3.4.0->en-core-web-sm==3.4.1) (0.10.1)\nRequirement already satisfied: smart-open<7.0.0,>=5.2.1 in /usr/local/lib/python3.11/site-packages (from spacy<3.5.0,>=3.4.0->en-core-web-sm==3.4.1) (6.3.0)\nRequirement already satisfied: tqdm<5.0.0,>=4.38.0 in /usr/local/lib/python3.11/site-packages (from spacy<3.5.0,>=3.4.0->en-core-web-sm==3.4.1) (4.64.1)\nRequirement already satisfied: numpy>=1.15.0 in /usr/local/lib/python3.11/site-packages (from spacy<3.5.0,>=3.4.0->en-core-web-sm==3.4.1) (1.24.1)\nRequirement already satisfied: requests<3.0.0,>=2.13.0 in /usr/local/lib/python3.11/site-packages (from spacy<3.5.0,>=3.4.0->en-core-web-sm==3.4.1) (2.28.1)\nRequirement already satisfied: pydantic!=1.8,!=1.8.1,<1.11.0,>=1.7.4 in /usr/local/lib/python3.11/site-packages (from spacy<3.5.0,>=3.4.0->en-core-web-sm==3.4.1) (1.10.4)\nRequirement already satisfied: jinja2 in /usr/local/lib/python3.11/site-packages (from spacy<3.5.0,>=3.4.0->en-core-web-sm==3.4.1) (3.1.2)\nRequirement already satisfied: setuptools in /usr/local/lib/python3.11/site-packages (from spacy<3.5.0,>=3.4.0->en-core-web-sm==3.4.1) (65.5.0)\nRequirement already satisfied: packaging>=20.0 in /usr/local/lib/python3.11/site-packages (from spacy<3.5.0,>=3.4.0->en-core-web-sm==3.4.1) (22.0)\nRequirement already satisfied: langcodes<4.0.0,>=3.2.0 in /usr/local/lib/python3.11/site-packages (from spacy<3.5.0,>=3.4.0->en-core-web-sm==3.4.1) (3.3.0)\nRequirement already satisfied: typing-extensions>=4.2.0 in /usr/local/lib/python3.11/site-packages (from pydantic!=1.8,!=1.8.1,<1.11.0,>=1.7.4->spacy<3.5.0,>=3.4.0->en-core-web-sm==3.4.1) (4.4.0)\nRequirement already satisfied: charset-normalizer<3,>=2 in /usr/local/lib/python3.11/site-packages (from requests<3.0.0,>=2.13.0->spacy<3.5.0,>=3.4.0->en-core-web-sm==3.4.1) (2.1.1)\nRequirement already satisfied: idna<4,>=2.5 in /usr/local/lib/python3.11/site-packages (from requests<3.0.0,>=2.13.0->spacy<3.5.0,>=3.4.0->en-core-web-sm==3.4.1) (3.4)\nRequirement already satisfied: urllib3<1.27,>=1.21.1 in /usr/local/lib/python3.11/site-packages (from requests<3.0.0,>=2.13.0->spacy<3.5.0,>=3.4.0->en-core-web-sm==3.4.1) (1.26.13)\nRequirement already satisfied: certifi>=2017.4.17 in /usr/local/lib/python3.11/site-packages (from requests<3.0.0,>=2.13.0->spacy<3.5.0,>=3.4.0->en-core-web-sm==3.4.1) (2022.12.7)\nRequirement already satisfied: blis<0.8.0,>=0.7.8 in /usr/local/lib/python3.11/site-packages (from thinc<8.2.0,>=8.1.0->spacy<3.5.0,>=3.4.0->en-core-web-sm==3.4.1) (0.7.9)\nRequirement already satisfied: confection<1.0.0,>=0.0.1 in /usr/local/lib/python3.11/site-packages (from thinc<8.2.0,>=8.1.0->spacy<3.5.0,>=3.4.0->en-core-web-sm==3.4.1) (0.0.3)\nRequirement already satisfied: click<9.0.0,>=7.1.1 in /usr/local/lib/python3.11/site-packages (from typer<0.8.0,>=0.3.0->spacy<3.5.0,>=3.4.0->en-core-web-sm==3.4.1) (8.1.3)\nRequirement already satisfied: MarkupSafe>=2.0 in /usr/local/lib/python3.11/site-packages (from jinja2->spacy<3.5.0,>=3.4.0->en-core-web-sm==3.4.1) (2.1.1)\nInstalling collected packages: en-core-web-sm\nSuccessfully installed en-core-web-sm-3.4.1\n\u001b[91mWARNING: Running pip as the 'root' user can result in broken permissions and conflicting behaviour with the system package manager. It is recommended to use a virtual environment instead: https://pip.pypa.io/warnings/venv\n\u001b[0m\u001b[38;5;3m⚠ As of spaCy v3.0, shortcuts like 'en' are deprecated. Please use the\nfull pipeline package name 'en_core_web_sm' instead.\u001b[0m\n\u001b[38;5;2m✔ Download and installation successful\u001b[0m\nYou can now load the package via spacy.load('en_core_web_sm')\nRemoving intermediate container 721c6aad9b83\n ---> ab899e220270\nStep 7/10 : RUN pip install -e /pubrunner\n ---> Running in fd4d9d6b6e65\nObtaining file:///pubrunner\n  Preparing metadata (setup.py): started\n  Preparing metadata (setup.py): finished with status 'done'\nCollecting six\n  Downloading six-1.16.0-py2.py3-none-any.whl (11 kB)\nCollecting gitpython\n  Downloading GitPython-3.1.30-py3-none-any.whl (184 kB)\n     ━━━━━━━━━━━━━━━━━━━━━━━━━━━━━━━━━━━━━━━ 184.0/184.0 kB 9.6 MB/s eta 0:00:00\nCollecting pyyaml\n  Downloading PyYAML-6.0-cp311-cp311-manylinux_2_17_x86_64.manylinux2014_x86_64.whl (757 kB)\n     ━━━━━━━━━━━━━━━━━━━━━━━━━━━━━━━━━━━━━━━ 757.9/757.9 kB 6.0 MB/s eta 0:00:00\nCollecting wget\n  Downloading wget-3.2.zip (10 kB)\n  Preparing metadata (setup.py): started\n  Preparing metadata (setup.py): finished with status 'done'\nRequirement already satisfied: requests in /usr/local/lib/python3.11/site-packages (from pubrunner==0.5.4) (2.28.1)\nCollecting ftputil\n  Downloading ftputil-5.0.4.tar.gz (83 kB)\n     ━━━━━━━━━━━━━━━━━━━━━━━━━━━━━━━━━━━━━━━━ 83.9/83.9 kB 8.5 MB/s eta 0:00:00\n  Preparing metadata (setup.py): started\n  Preparing metadata (setup.py): finished with status 'done'\nCollecting bioc>=1.3.1\n  Downloading bioc-2.0.post5-py3-none-any.whl (37 kB)\nCollecting jsonlines\n  Downloading jsonlines-3.1.0-py3-none-any.whl (8.6 kB)\nCollecting future\n  Downloading future-0.18.2.tar.gz (829 kB)\n     ━━━━━━━━━━━━━━━━━━━━━━━━━━━━━━━━━━━━━━━ 829.2/829.2 kB 4.8 MB/s eta 0:00:00\n  Preparing metadata (setup.py): started\n  Preparing metadata (setup.py): finished with status 'done'\nCollecting pymarc\n  Downloading pymarc-4.2.1-py3-none-any.whl (155 kB)\n     ━━━━━━━━━━━━━━━━━━━━━━━━━━━━━━━━━━━━━━━ 155.4/155.4 kB 1.6 MB/s eta 0:00:00\nCollecting snakemake\n  Downloading snakemake-7.19.1-py3-none-any.whl (360 kB)\n     ━━━━━━━━━━━━━━━━━━━━━━━━━━━━━━━━━━━━━━━ 360.3/360.3 kB 1.0 MB/s eta 0:00:00\nCollecting drmaa\n  Downloading drmaa-0.7.9.tar.gz (30 kB)\n  Preparing metadata (setup.py): started\n  Preparing metadata (setup.py): finished with status 'done'\nCollecting pyfiglet\n  Downloading pyfiglet-0.8.post1-py2.py3-none-any.whl (865 kB)\n     ━━━━━━━━━━━━━━━━━━━━━━━━━━━━━━━━━━━━━━━ 865.8/865.8 kB 4.7 MB/s eta 0:00:00\nCollecting biopython\n  Downloading biopython-1.80-cp311-cp311-manylinux_2_17_x86_64.manylinux2014_x86_64.whl (3.1 MB)\n     ━━━━━━━━━━━━━━━━━━━━━━━━━━━━━━━━━━━━━━━━ 3.1/3.1 MB 5.3 MB/s eta 0:00:00\nCollecting markdown2\n  Downloading markdown2-2.4.6-py2.py3-none-any.whl (37 kB)\nCollecting lxml>=4.6.3\n  Downloading lxml-4.9.2-cp311-cp311-manylinux_2_17_x86_64.manylinux2014_x86_64.manylinux_2_24_x86_64.whl (7.2 MB)\n     ━━━━━━━━━━━━━━━━━━━━━━━━━━━━━━━━━━━━━━━━ 7.2/7.2 MB 17.1 MB/s eta 0:00:00\nRequirement already satisfied: tqdm in /usr/local/lib/python3.11/site-packages (from bioc>=1.3.1->pubrunner==0.5.4) (4.64.1)\nCollecting intervaltree\n  Downloading intervaltree-3.1.0.tar.gz (32 kB)\n  Preparing metadata (setup.py): started\n  Preparing metadata (setup.py): finished with status 'done'\nCollecting attrs>=19.2.0\n  Downloading attrs-22.2.0-py3-none-any.whl (60 kB)\n     ━━━━━━━━━━━━━━━━━━━━━━━━━━━━━━━━━━━━━━━ 60.0/60.0 kB 860.4 kB/s eta 0:00:00\nRequirement already satisfied: numpy in /usr/local/lib/python3.11/site-packages (from biopython->pubrunner==0.5.4) (1.24.1)\nCollecting gitdb<5,>=4.0.1\n  Downloading gitdb-4.0.10-py3-none-any.whl (62 kB)\n     ━━━━━━━━━━━━━━━━━━━━━━━━━━━━━━━━━━━━━━━━ 62.7/62.7 kB 1.1 MB/s eta 0:00:00\nRequirement already satisfied: charset-normalizer<3,>=2 in /usr/local/lib/python3.11/site-packages (from requests->pubrunner==0.5.4) (2.1.1)\nRequirement already satisfied: idna<4,>=2.5 in /usr/local/lib/python3.11/site-packages (from requests->pubrunner==0.5.4) (3.4)\nRequirement already satisfied: urllib3<1.27,>=1.21.1 in /usr/local/lib/python3.11/site-packages (from requests->pubrunner==0.5.4) (1.26.13)\nRequirement already satisfied: certifi>=2017.4.17 in /usr/local/lib/python3.11/site-packages (from requests->pubrunner==0.5.4) (2022.12.7)\nCollecting wrapt\n  Downloading wrapt-1.14.1.tar.gz (50 kB)\n     ━━━━━━━━━━━━━━━━━━━━━━━━━━━━━━━━━━━━━━━ 50.9/50.9 kB 290.8 kB/s eta 0:00:00\n  Preparing metadata (setup.py): started\n  Preparing metadata (setup.py): finished with status 'done'\nCollecting throttler\n  Downloading throttler-1.2.2-py3-none-any.whl (7.6 kB)\nCollecting configargparse\n  Downloading ConfigArgParse-1.5.3-py3-none-any.whl (20 kB)\nCollecting appdirs\n  Downloading appdirs-1.4.4-py2.py3-none-any.whl (9.6 kB)\nCollecting datrie\n  Downloading datrie-0.8.2.tar.gz (63 kB)\n     ━━━━━━━━━━━━━━━━━━━━━━━━━━━━━━━━━━━━━━━ 63.3/63.3 kB 575.9 kB/s eta 0:00:00\n  Installing build dependencies: started\n  Installing build dependencies: finished with status 'done'\n  Getting requirements to build wheel: started\n  Getting requirements to build wheel: finished with status 'done'\n  Installing backend dependencies: started\n  Installing backend dependencies: finished with status 'done'\n  Preparing metadata (pyproject.toml): started\n  Preparing metadata (pyproject.toml): finished with status 'done'\nCollecting jsonschema\n  Downloading jsonschema-4.17.3-py3-none-any.whl (90 kB)\n     ━━━━━━━━━━━━━━━━━━━━━━━━━━━━━━━━━━━━━━━ 90.4/90.4 kB 110.4 kB/s eta 0:00:00\nCollecting docutils\n  Downloading docutils-0.19-py3-none-any.whl (570 kB)\n     ━━━━━━━━━━━━━━━━━━━━━━━━━━━━━━━━━━━━━━━ 570.5/570.5 kB 3.5 MB/s eta 0:00:00\nCollecting psutil\n  Downloading psutil-5.9.4-cp36-abi3-manylinux_2_12_x86_64.manylinux2010_x86_64.manylinux_2_17_x86_64.manylinux2014_x86_64.whl (280 kB)\n     ━━━━━━━━━━━━━━━━━━━━━━━━━━━━━━━━━━━━━ 280.2/280.2 kB 651.6 kB/s eta 0:00:00\nCollecting nbformat\n  Downloading nbformat-5.7.1-py3-none-any.whl (77 kB)\n     ━━━━━━━━━━━━━━━━━━━━━━━━━━━━━━━━━━━━━━━ 77.2/77.2 kB 492.1 kB/s eta 0:00:00\nCollecting toposort\n  Downloading toposort-1.7-py2.py3-none-any.whl (9.0 kB)\nCollecting connection-pool>=0.0.3\n  Downloading connection_pool-0.0.3.tar.gz (3.8 kB)\n  Preparing metadata (setup.py): started\n  Preparing metadata (setup.py): finished with status 'done'\nCollecting pulp>=2.0\n  Downloading PuLP-2.7.0-py3-none-any.whl (14.3 MB)\n     ━━━━━━━━━━━━━━━━━━━━━━━━━━━━━━━━━━━━━━━━ 14.3/14.3 MB 18.0 MB/s eta 0:00:00\nRequirement already satisfied: smart-open>=3.0 in /usr/local/lib/python3.11/site-packages (from snakemake->pubrunner==0.5.4) (6.3.0)\nCollecting stopit\n  Downloading stopit-1.1.2.tar.gz (18 kB)\n  Preparing metadata (setup.py): started\n  Preparing metadata (setup.py): finished with status 'done'\nCollecting tabulate\n  Downloading tabulate-0.9.0-py3-none-any.whl (35 kB)\nCollecting yte<2.0,>=1.0\n  Downloading yte-1.5.1-py3-none-any.whl (7.5 kB)\nRequirement already satisfied: jinja2<4.0,>=3.0 in /usr/local/lib/python3.11/site-packages (from snakemake->pubrunner==0.5.4) (3.1.2)\nCollecting reretry\n  Downloading reretry-0.11.8-py2.py3-none-any.whl (5.6 kB)\nCollecting smmap<6,>=3.0.1\n  Downloading smmap-5.0.0-py3-none-any.whl (24 kB)\nRequirement already satisfied: MarkupSafe>=2.0 in /usr/local/lib/python3.11/site-packages (from jinja2<4.0,>=3.0->snakemake->pubrunner==0.5.4) (2.1.1)\nCollecting dpath<3.0,>=2.0\n  Downloading dpath-2.1.3-py3-none-any.whl (17 kB)\nCollecting plac<2.0.0,>=1.3.4\n  Downloading plac-1.3.5-py2.py3-none-any.whl (22 kB)\nCollecting sortedcontainers<3.0,>=2.0\n  Downloading sortedcontainers-2.4.0-py2.py3-none-any.whl (29 kB)\nCollecting pyrsistent!=0.17.0,!=0.17.1,!=0.17.2,>=0.14.0\n  Downloading pyrsistent-0.19.3-py3-none-any.whl (57 kB)\n     ━━━━━━━━━━━━━━━━━━━━━━━━━━━━━━━━━━━━━━━━ 57.5/57.5 kB 5.0 MB/s eta 0:00:00\nCollecting fastjsonschema\n  Downloading fastjsonschema-2.16.2-py3-none-any.whl (22 kB)\nCollecting jupyter-core\n  Downloading jupyter_core-5.1.1-py3-none-any.whl (93 kB)\n     ━━━━━━━━━━━━━━━━━━━━━━━━━━━━━━━━━━━━━━━━ 93.2/93.2 kB 6.6 MB/s eta 0:00:00\nCollecting traitlets>=5.1\n  Downloading traitlets-5.8.0-py3-none-any.whl (116 kB)\n     ━━━━━━━━━━━━━━━━━━━━━━━━━━━━━━━━━━━━━━ 116.8/116.8 kB 11.1 MB/s eta 0:00:00\nCollecting platformdirs>=2.5\n  Downloading platformdirs-2.6.2-py3-none-any.whl (14 kB)\nBuilding wheels for collected packages: drmaa, ftputil, future, wget, connection-pool, datrie, intervaltree, stopit, wrapt\n  Building wheel for drmaa (setup.py): started\n  Building wheel for drmaa (setup.py): finished with status 'done'\n  Created wheel for drmaa: filename=drmaa-0.7.9-py2.py3-none-any.whl size=19751 sha256=482970e3ff089009473af5c38583467277eccea174de743df9a81966b944d0c0\n  Stored in directory: /root/.cache/pip/wheels/7d/01/50/ace5d75fd1fa0b71f375fb93605ae82a629736e724743dacba\n  Building wheel for ftputil (setup.py): started\n  Building wheel for ftputil (setup.py): finished with status 'done'\n  Created wheel for ftputil: filename=ftputil-5.0.4-py3-none-any.whl size=50345 sha256=a93cf385a71e2a660d8aa1b234c42378d6049863c2450b78c66eb4e711ecbb13\n  Stored in directory: /root/.cache/pip/wheels/7c/22/0c/ccb714bc874ca9a49b0eace77bd92d607f7451ebc72cdb4b6f\n  Building wheel for future (setup.py): started\n  Building wheel for future (setup.py): finished with status 'done'\n  Created wheel for future: filename=future-0.18.2-py3-none-any.whl size=491059 sha256=7ec44fc970b4f501657a60fe020e26f3b9d9047ef5edd693509fde799b7938bc\n  Stored in directory: /root/.cache/pip/wheels/b8/f1/45/0dd6ebeb516ba9f3ca654102bd50bf5eb4e755ba95852d6222\n  Building wheel for wget (setup.py): started\n  Building wheel for wget (setup.py): finished with status 'done'\n  Created wheel for wget: filename=wget-3.2-py3-none-any.whl size=9656 sha256=1af3a8650bee98a87359c45788ea1968784db3a82e7b03d54f580526ab068483\n  Stored in directory: /root/.cache/pip/wheels/f0/e4/9c/b3ed593784fe0147db216173b4046fce93fae7130b29e4464e\n  Building wheel for connection-pool (setup.py): started\n  Building wheel for connection-pool (setup.py): finished with status 'done'\n  Created wheel for connection-pool: filename=connection_pool-0.0.3-py3-none-any.whl size=4064 sha256=5ea58a7c01cf69776a1b43228dcf9af44c53b41405b587b7a68bbdbb610df475\n  Stored in directory: /root/.cache/pip/wheels/94/8b/0d/d9e9db76c34e3be480eca91ba2e53d0b30f1a6455147881f40\n  Building wheel for datrie (pyproject.toml): started\n  Building wheel for datrie (pyproject.toml): finished with status 'done'\n  Created wheel for datrie: filename=datrie-0.8.2-cp311-cp311-linux_x86_64.whl size=778106 sha256=edbda4daab08583d7fa0df734dc7fce2b0333fbf1cac80615fbdfcc5d8dd7ae7\n  Stored in directory: /root/.cache/pip/wheels/af/69/af/378490519a0ba04dab5019a6ead7b8b55d451c4f25c840a221\n  Building wheel for intervaltree (setup.py): started\n  Building wheel for intervaltree (setup.py): finished with status 'done'\n  Created wheel for intervaltree: filename=intervaltree-3.1.0-py2.py3-none-any.whl size=26098 sha256=f7dba34da91157412a3cbf2edc6e2432dc7af1aa8bcd5fad4f36eb0d1b672edc\n  Stored in directory: /root/.cache/pip/wheels/86/3a/bc/0bafc0b2813403a9942aa094171ff2b7c9899ad848043d63b5\n  Building wheel for stopit (setup.py): started\n  Building wheel for stopit (setup.py): finished with status 'done'\n  Created wheel for stopit: filename=stopit-1.1.2-py3-none-any.whl size=11937 sha256=2249352da323a9727bcdb7dacf58c9f0d38f49c61c69e647a2a70cf9a49fe7f8\n  Stored in directory: /root/.cache/pip/wheels/ea/39/ff/e88d138c5a12ee40f8984697ab5ad37ceda9351cb6c7c3c88c\n  Building wheel for wrapt (setup.py): started\n  Building wheel for wrapt (setup.py): finished with status 'done'\n  Created wheel for wrapt: filename=wrapt-1.14.1-cp311-cp311-linux_x86_64.whl size=77721 sha256=3049292bf93fb589f8b50998d5f6ae708c8d6d1144a132b43560667933eaf0db\n  Stored in directory: /root/.cache/pip/wheels/6c/5f/ff/a07f5f99c11c1480c6d2d1d6e0adadd8c1d05bdd668173bc42\nSuccessfully built drmaa ftputil future wget connection-pool datrie intervaltree stopit wrapt\nInstalling collected packages: wget, toposort, throttler, stopit, sortedcontainers, pyfiglet, pulp, plac, fastjsonschema, drmaa, connection-pool, appdirs, wrapt, traitlets, tabulate, smmap, six, reretry, pyyaml, pyrsistent, pymarc, psutil, platformdirs, markdown2, lxml, intervaltree, future, ftputil, dpath, docutils, datrie, configargparse, biopython, attrs, yte, jupyter-core, jsonschema, jsonlines, gitdb, nbformat, gitpython, bioc, snakemake, pubrunner\n  Running setup.py develop for pubrunner\nSuccessfully installed appdirs-1.4.4 attrs-22.2.0 bioc-2.0.post5 biopython-1.80 configargparse-1.5.3 connection-pool-0.0.3 datrie-0.8.2 docutils-0.19 dpath-2.1.3 drmaa-0.7.9 fastjsonschema-2.16.2 ftputil-5.0.4 future-0.18.2 gitdb-4.0.10 gitpython-3.1.30 intervaltree-3.1.0 jsonlines-3.1.0 jsonschema-4.17.3 jupyter-core-5.1.1 lxml-4.9.2 markdown2-2.4.6 nbformat-5.7.1 plac-1.3.5 platformdirs-2.6.2 psutil-5.9.4 pubrunner-0.5.4 pulp-2.7.0 pyfiglet-0.8.post1 pymarc-4.2.1 pyrsistent-0.19.3 pyyaml-6.0 reretry-0.11.8 six-1.16.0 smmap-5.0.0 snakemake-7.19.1 sortedcontainers-2.4.0 stopit-1.1.2 tabulate-0.9.0 throttler-1.2.2 toposort-1.7 traitlets-5.8.0 wget-3.2 wrapt-1.14.1 yte-1.5.1\n\u001b[91mWARNING: Running pip as the 'root' user can result in broken permissions and conflicting behaviour with the system package manager. It is recommended to use a virtual environment instead: https://pip.pypa.io/warnings/venv\n\u001b[0mRemoving intermediate container fd4d9d6b6e65\n ---> b76d3763355c\nStep 8/10 : RUN pubrunner --test --defaultsettings /Ab3P\n ---> Running in 2049d41171db\n\u001b[91mBuilding DAG of jobs...\n\u001b[0m\u001b[91mUsing shell: /bin/bash\nProvided cores: 1 (use --cores to define parallelism)\nRules claiming more threads will be scaled down.\n\u001b[0m\u001b[91mJob stats:\njob        count    min threads    max threads\n-------  -------  -------------  -------------\nall            1              1              1\nconvert        1              1              1\ntotal          2              1              1\n\nSelect jobs to execute...\n\u001b[0m\u001b[91m\n\u001b[0m\u001b[91m[Sat Dec 31 17:35:52 2022]\n\u001b[0m\u001b[91mrule convert:\n    input: /root/pubrunner/workspace/Ab3P/test/PUBMED.CHUNKS/PUBMED.00000000.txt\n    output: /root/pubrunner/workspace/Ab3P/test/PUBMED/PUBMED.00000000.txt\n    jobid: 1\n    reason: Missing output files: /root/pubrunner/workspace/Ab3P/test/PUBMED/PUBMED.00000000.txt\n    wildcards: filename=PUBMED.00000000.txt\n    resources: tmpdir=/tmp\n\u001b[0m\u001b[91m\n\u001b[0m\u001b[91mBuilding DAG of jobs...\n\u001b[0m\u001b[91mUsing shell: /bin/bash\nProvided cores: 1 (use --cores to define parallelism)\n\u001b[0m\u001b[91mRules claiming more threads will be scaled down.\n\u001b[0m\u001b[91mSelect jobs to execute...\n\u001b[0m\u001b[91m[Sat Dec 31 17:35:53 2022]\n\u001b[0m\u001b[91mError in rule convert:\n    jobid: 0\n    input: /root/pubrunner/workspace/Ab3P/test/PUBMED.CHUNKS/PUBMED.00000000.txt\n    output: /root/pubrunner/workspace/Ab3P/test/PUBMED/PUBMED.00000000.txt\n\n\u001b[0m\u001b[91mRuleException:\nAttributeError in file /pubrunner/pubrunner/Snakefiles/Convert.py, line 65:\nmodule 'bioc' has no attribute 'BioCXMLDocumentWriter'\n  File \"/pubrunner/pubrunner/Snakefiles/Convert.py\", line 65, in __rule_convert\n  File \"/pubrunner/pubrunner/convert.py\", line 601, in convertFilesFromFilelist\n  File \"/pubrunner/pubrunner/convert.py\", line 629, in convertFiles\n  File \"/pubrunner/pubrunner/convert.py\", line 501, in pubmedxml2bioc\n  File \"/usr/local/lib/python3.11/concurrent/futures/thread.py\", line 58, in run\n\u001b[0m\u001b[91mRemoving output files of failed job convert since they might be corrupted:\n/root/pubrunner/workspace/Ab3P/test/PUBMED/PUBMED.00000000.txt\n\u001b[0m\u001b[91mShutting down, this might take some time.\n\u001b[0m\u001b[91mExiting because a job execution failed. Look above for error message\n\u001b[0mConverting 1 files to /root/pubrunner/workspace/Ab3P/test/PUBMED/PUBMED.00000000.txt\n\u001b[91mShutting down, this might take some time.\n\u001b[0m\u001b[91mExiting because a job execution failed. Look above for error message\n\u001b[0m\u001b[91mComplete log: .snakemake/log/2022-12-31T173552.640210.snakemake.log\n\u001b[0m       _____  _     _ ______   ______ _     _ __   _ __   _ _______  ______\n      |_____] |     | |_____] |_____/ |     | | \\  | | \\  | |______ |_____/\n      |       |_____| |_____] |    \\_ |_____| |  \\_| |  \\_| |______ |    \\_\n                                                                           \n\n\nWorking directory: /root/pubrunner/workspace/Ab3P/test\n\nGetting resources\n\nRunning conversions\n\u001b[91mTraceback (most recent call last):\n  File \"/usr/local/bin/pubrunner\", line 33, in <module>\n\u001b[0m\u001b[91m    sys.exit(load_entry_point('pubrunner', 'console_scripts', 'pubrunner')())\n\u001b[0m\u001b[91m             ^^^^^^^^^^^^^^^^^^^^^^^^^^^^^^^^^^^^^^^^^^^^^^^^^^^^^^^^^^^^^^^\n  File \"/pubrunner/pubrunner/command_line.py\", line 66, in main\n\u001b[0m\u001b[91m    pubrunner.pubrun(args.codebase,args.test,(not args.nogetresource),forceresource_dir=args.forceresource_dir,forceresource_format=args.forceresource_format,outputdir=args.outputdir)\n\u001b[0m\u001b[91m  File \"/pubrunner/pubrunner/pubrun.py\", line 447, in pubrun\n\u001b[0m\u001b[91m    pubrunner.launchSnakemake(convertSnakeFile,parameters=parameters)\n\u001b[0m\u001b[91m  File \"/pubrunner/pubrunner/snakemake.py\", line 34, in launchSnakemake\n\u001b[0m\u001b[91m    raise RuntimeError(\"Snake make call FAILED (file:%s)\" % snakeFilePath)\n\u001b[0m\u001b[91mRuntimeError: Snake make call FAILED (file:/pubrunner/pubrunner/Snakefiles/Convert.py)\n\u001b[0mRemoving intermediate container 2049d41171db\n","stderr":"The command '/bin/sh -c pubrunner --test --defaultsettings /Ab3P' returned a non-zero code: 1\n"},"endTime":1672508155328}