{"repository":"https://github.com/52north/helgoland","dockerfilePath":"Dockerfile","startTime":1672830911791,"clone":{"stdout":"","stderr":"Cloning into '/tmp/dinghy-analysis/52north/helgoland'...\n","error":null,"commit":"d3048fad75a03891ae7ac8939405d2ba9da53416"},"originalBuild":{"startTimestamp":1672830912819,"endTimestamp":1672830974690,"error":{"code":1,"killed":false,"signal":null,"cmd":"docker build --no-cache --force-rm -t helgoland:latest -f /tmp/dinghy-analysis/52north/helgoland/Dockerfile ."},"stdout":"Sending build context to Docker daemon  1.833MB\r\r\nStep 1/16 : FROM node:latest AS BUILD\nlatest: Pulling from library/node\n32de3c850997: Already exists\nfa1d4c8d85a4: Already exists\nc796299bbbdd: Already exists\n81283a9569ad: Already exists\n60b38700e7fb: Already exists\n9537c7a3988e: Already exists\ndfc2ed565c15: Pulling fs layer\nb65dd9eadf26: Pulling fs layer\nc46cc3bcdf59: Pulling fs layer\nc46cc3bcdf59: Download complete\nb65dd9eadf26: Verifying Checksum\nb65dd9eadf26: Download complete\ndfc2ed565c15: Download complete\ndfc2ed565c15: Pull complete\nb65dd9eadf26: Pull complete\nc46cc3bcdf59: Pull complete\nDigest: sha256:d5222e1ebd7dd7e9683f47a8861a4711cb4407a4830cbe04a582ca4986245700\nStatus: Downloaded newer image for node:latest\n ---> 548714e444f4\nStep 2/16 : RUN mkdir -p /usr/src/app\n ---> Running in 76b3b780f621\nRemoving intermediate container 76b3b780f621\n ---> f296aebcd485\nStep 3/16 : WORKDIR /usr/src/app\n ---> Running in 3aed9d86110c\nRemoving intermediate container 3aed9d86110c\n ---> fced3b700292\nStep 4/16 : COPY package.json package-lock.json /usr/src/app/\n ---> 28d9e8513a7b\nStep 5/16 : COPY scripts /usr/src/app/scripts\n ---> bba580949ac7\nStep 6/16 : RUN npm install\n ---> Running in 1e9f7199fb4c\n\u001b[91mnpm WARN old lockfile \nnpm\u001b[0m\u001b[91m WARN old lockfile The package-lock.json file was created with an old version of npm,\nnpm WARN \u001b[0m\u001b[91mold lockfile so supplemental metadata must be fetched from the registry.\nnpm WARN old lockfile\u001b[0m\u001b[91m \nnpm WARN old lockfile This is a one-time fix-up, please be patient...\nnpm WARN old lockfile \n\u001b[0m\u001b[91mnpm WARN EBADENGINE Unsupported engine {\nnpm WARN EBADENGINE   package: 'karma-cli@1.0.1',\nnpm WARN EBADENGINE   required: { node: '0.10 || 0.12 || 4 || 5 || 6' },\n\u001b[0m\u001b[91mnpm WARN EBADENGINE   current: { node: 'v19.3.0', npm: '9.2.0' }\nnpm WARN EBADENGINE }\n\u001b[0m\u001b[91mnpm WARN deprecated urix@0.1.0: Please see https://github.com/lydell/urix#deprecated\n\u001b[0m\u001b[91mnpm WARN deprecated uuid@3.4.0: Please upgrade  to version 7 or higher.  Older versions may use Math.random() in certain circumstances, which is known to be problematic.  See https://v8.dev/blog/math-random for details.\n\u001b[0m\u001b[91mnpm WARN deprecated stable@0.1.8: Modern JS already guarantees Array#sort() is a stable sort, so this library is deprecated. See the compatibility table on MDN: https://developer.mozilla.org/en-US/docs/Web/JavaScript/Reference/Global_Objects/Array/sort#browser_compatibility\n\u001b[0m\u001b[91mnpm WARN deprecated set-value@2.0.0: Critical bug fixed in v3.0.1, please upgrade to the latest version.\n\u001b[0m\u001b[91mnpm WARN deprecated source-map-url@0.4.0: See https://github.com/lydell/source-map-url#deprecated\n\u001b[0m\u001b[91mnpm WARN deprecated sourcemap-codec@1.4.8: Please use @jridgewell/sourcemap-codec instead\n\u001b[0m\u001b[91mnpm WARN deprecated resolve-url@0.2.1: https://github.com/lydell/resolve-url#deprecated\n\u001b[0m\u001b[91mnpm WARN deprecated readdir-scoped-modules@1.1.0: This functionality has been moved to @npmcli/fs\n\u001b[0m\u001b[91mnpm WARN deprecated read-package-tree@5.3.1: The functionality that this package provided is now in @npmcli/arborist\n\u001b[0m\u001b[91mnpm WARN deprecated source-map-resolve@0.5.2: See https://github.com/lydell/source-map-resolve#deprecated\n\u001b[0m\u001b[91mnpm WARN deprecated\u001b[0m\u001b[91m streamroller@2.2.4: 2.x is no longer supported. Please upgrade to 3.x or higher.\n\u001b[0m\u001b[91mnpm WARN deprecated querystring@0.2.0: The querystring API is considered Legacy. new code should use the URLSearchParams API instead.\n\u001b[0m\u001b[91mnpm WARN deprecated request@2.88.2: request has been deprecated, see https://github.com/request/request/issues/3142\n\u001b[0m\u001b[91mnpm WARN deprecated mixin-deep@1.3.1: Critical bug fixed in v2.0.1, please upgrade to the latest version.\n\u001b[0m\u001b[91mnpm WARN deprecated node-fetch-npm@2.0.4: This module is not used anymore, npm uses minipass-fetch for its fetch implementation now\n\u001b[0m\u001b[91mnpm WARN deprecated mumath@3.3.4: Redundant dependency in your project.\n\u001b[0m\u001b[91mnpm WARN deprecated mkdirp@0.5.1: Legacy versions of mkdirp are no longer supported. Please update to mkdirp 1.x. (Note that the API surface has changed to use Promises in 1.x.)\n\u001b[0m\u001b[91mnpm WARN deprecated ini@1.3.5: Please update to ini >=1.3.6 to avoid a prototype pollution issue\n\u001b[0m\u001b[91mnpm WARN deprecated har-validator@5.1.3: this library is no longer supported\n\u001b[0m\u001b[91mnpm WARN deprecated svgo@1.3.2: This SVGO version is no longer supported. Upgrade to v2.x.x.\n\u001b[0m\u001b[91mnpm WARN deprecated date-format@3.0.0: 3.x is no longer supported. Please upgrade to 4.x or higher.\n\u001b[0m\u001b[91mnpm WARN deprecated tar@2.2.2: This version of tar is no longer supported, and will not receive security updates. Please upgrade asap.\n\u001b[0m\u001b[91mnpm WARN deprecated protractor@7.0.0: We have news to share - Protractor is deprecated and will reach end-of-life by Summer 2023. To learn more and find out about other options please refer to this post on the Angular blog. Thank you for using and contributing to Protractor. https://goo.gle/state-of-e2e-in-angular\n\u001b[0m\u001b[91mnpm WARN deprecated tslint@6.1.3: TSLint has been deprecated in favor of ESLint. Please see https://github.com/palantir/tslint/issues/4534 for more information.\n\u001b[0m\u001b[91mnpm WARN deprecated @npmcli/move-file@1.0.1: This functionality has been moved to @npmcli/fs\n\u001b[0m\u001b[91mnpm WARN deprecated @schematics/update@0.1002.0: This was an internal-only Angular package up through Angular v11 which is no longer used or maintained. Upgrade Angular to v12+ to remove this dependency.\n\u001b[0m\u001b[91mnpm WARN deprecated core-js@2.5.7: core-js@<3.23.3 is no longer maintained and not recommended for usage due to the number of issues. Because of the V8 engine whims, feature detection in old core-js versions could cause a slowdown up to 100x even if nothing is polyfilled. Some versions have web compatibility issues. Please, upgrade your dependencies to the actual version of core-js.\n\u001b[0m\u001b[91mnpm WARN deprecated debug@4.2.0: Debug versions >=3.2.0 <3.2.7 || >=4 <4.3.1 have a low-severity ReDos regression when used in a Node.js environment. It is recommended you upgrade to 3.2.7 or 4.3.1. (https://github.com/visionmedia/debug/issues/797)\n\u001b[0m\u001b[91mnpm WARN deprecated chokidar@2.1.8: Chokidar 2 does not receive security updates since 2019. Upgrade to chokidar 3 with 15x fewer dependencies\n\u001b[0m\u001b[91mnpm WARN deprecated set-value@0.4.3: Critical bug fixed in v3.0.1, please upgrade to the latest version.\n\u001b[0m\u001b[91mnpm WARN deprecated debug@4.2.0: Debug versions >=3.2.0 <3.2.7 || >=4 <4.3.1 have a low-severity ReDos regression when used in a Node.js environment. It is recommended you upgrade to 3.2.7 or 4.3.1. (https://github.com/visionmedia/debug/issues/797)\n\u001b[0m\u001b[91mnpm WARN deprecated chokidar@2.1.8: Chokidar 2 does not receive security updates since 2019. Upgrade to chokidar 3 with 15x fewer dependencies\n\u001b[0m\u001b[91mnpm WARN deprecated debug@4.2.0: Debug versions >=3.2.0 <3.2.7 || >=4 <4.3.1 have a low-severity ReDos regression when used in a Node.js environment. It is recommended you upgrade to 3.2.7 or 4.3.1. (https://github.com/visionmedia/debug/issues/797)\n\u001b[0m\u001b[91mnpm WARN deprecated date-format@2.1.0: 2.x is no longer supported. Please upgrade to 4.x or higher.\n\u001b[0m\u001b[91mnpm WARN deprecated debug@4.2.0: Debug versions >=3.2.0 <3.2.7 || >=4 <4.3.1 have a low-severity ReDos regression when used in a Node.js environment. It is recommended you upgrade to 3.2.7 or 4.3.1. (https://github.com/visionmedia/debug/issues/797)\n\u001b[0m\u001b[91mnpm WARN deprecated debug@4.2.0: Debug versions >=3.2.0 <3.2.7 || >=4 <4.3.1 have a low-severity ReDos regression when used in a Node.js environment. It is recommended you upgrade to 3.2.7 or 4.3.1. (https://github.com/visionmedia/debug/issues/797)\n\u001b[0m\u001b[91mnpm WARN deprecated debug@4.1.1: Debug versions >=3.2.0 <3.2.7 || >=4 <4.3.1 have a low-severity ReDos regression when used in a Node.js environment. It is recommended you upgrade to 3.2.7 or 4.3.1. (https://github.com/visionmedia/debug/issues/797)\n\u001b[0m\u001b[91mnpm WARN deprecated debug@3.2.6: Debug versions >=3.2.0 <3.2.7 || >=4 <4.3.1 have a low-severity ReDos regression when used in a Node.js environment. It is recommended you upgrade to 3.2.7 or 4.3.1. (https://github.com/visionmedia/debug/issues/797)\n\u001b[0m\u001b[91mnpm WARN deprecated debug@4.1.1: Debug versions >=3.2.0 <3.2.7 || >=4 <4.3.1 have a low-severity ReDos regression when used in a Node.js environment. It is recommended you upgrade to 3.2.7 or 4.3.1. (https://github.com/visionmedia/debug/issues/797)\n\u001b[0m\u001b[91mnpm WARN deprecated debug@4.1.1: Debug versions >=3.2.0 <3.2.7 || >=4 <4.3.1 have a low-severity ReDos regression when used in a Node.js environment. It is recommended you upgrade to 3.2.7 or 4.3.1. (https://github.com/visionmedia/debug/issues/797)\n\u001b[0m\u001b[91mnpm WARN deprecated uuid@3.4.0: Please upgrade  to version 7 or higher.  Older versions may use Math.random() in certain circumstances, which is known to be problematic.  See https://v8.dev/blog/math-random for details.\n\u001b[0m\u001b[91mnpm WARN deprecated debug@3.2.6: Debug versions >=3.2.0 <3.2.7 || >=4 <4.3.1 have a low-severity ReDos regression when used in a Node.js environment. It is recommended you upgrade to 3.2.7 or 4.3.1. (https://github.com/visionmedia/debug/issues/797)\n\u001b[0m\u001b[91mnpm WARN deprecated debug@4.2.0: Debug versions >=3.2.0 <3.2.7 || >=4 <4.3.1 have a low-severity ReDos regression when used in a Node.js environment. It is recommended you upgrade to 3.2.7 or 4.3.1. (https://github.com/visionmedia/debug/issues/797)\n\u001b[0m\u001b[91mnpm WARN deprecated debug@4.2.0: Debug versions >=3.2.0 <3.2.7 || >=4 <4.3.1 have a low-severity ReDos regression when used in a Node.js environment. It is recommended you upgrade to 3.2.7 or 4.3.1. (https://github.com/visionmedia/debug/issues/797)\n\u001b[0m\u001b[91mnpm WARN deprecated uuid@3.3.2: Please upgrade  to version 7 or higher.  Older versions may use Math.random() in certain circumstances, which is known to be problematic.  See https://v8.dev/blog/math-random for details.\n\u001b[0m\u001b[91mnpm WARN deprecated uuid@3.4.0: Please upgrade  to version 7 or higher.  Older versions may use Math.random() in certain circumstances, which is known to be problematic.  See https://v8.dev/blog/math-random for details.\n\u001b[0m\u001b[91mnpm WARN deprecated request@2.88.0: request has been deprecated, see https://github.com/request/request/issues/3142\n\u001b[0m\u001b[91mnpm WARN deprecated request@2.88.0: request has been deprecated, see https://github.com/request/request/issues/3142\n\u001b[0m\u001b[91mnpm WARN deprecated debug@3.2.6: Debug versions >=3.2.0 <3.2.7 || >=4 <4.3.1 have a low-severity ReDos regression when used in a Node.js environment. It is recommended you upgrade to 3.2.7 or 4.3.1. (https://github.com/visionmedia/debug/issues/797)\n\u001b[0m\u001b[91mnpm WARN deprecated debug@4.1.1: Debug versions >=3.2.0 <3.2.7 || >=4 <4.3.1 have a low-severity ReDos regression when used in a Node.js environment. It is recommended you upgrade to 3.2.7 or 4.3.1. (https://github.com/visionmedia/debug/issues/797)\n\u001b[0m\u001b[91mnpm WARN deprecated debug@4.1.1: Debug versions >=3.2.0 <3.2.7 || >=4 <4.3.1 have a low-severity ReDos regression when used in a Node.js environment. It is recommended you upgrade to 3.2.7 or 4.3.1. (https://github.com/visionmedia/debug/issues/797)\n\u001b[0m\u001b[91mnpm WARN deprecated debug@4.2.0: Debug versions >=3.2.0 <3.2.7 || >=4 <4.3.1 have a low-severity ReDos regression when used in a Node.js environment. It is recommended you upgrade to 3.2.7 or 4.3.1. (https://github.com/visionmedia/debug/issues/797)\n\u001b[0m\u001b[91mnpm WARN deprecated debug@4.2.0: Debug versions >=3.2.0 <3.2.7 || >=4 <4.3.1 have a low-severity ReDos regression when used in a Node.js environment. It is recommended you upgrade to 3.2.7 or 4.3.1. (https://github.com/visionmedia/debug/issues/797)\n\u001b[0m\u001b[91mnpm WARN deprecated debug@4.2.0: Debug versions >=3.2.0 <3.2.7 || >=4 <4.3.1 have a low-severity ReDos regression when used in a Node.js environment. It is recommended you upgrade to 3.2.7 or 4.3.1. (https://github.com/visionmedia/debug/issues/797)\n\u001b[0m\u001b[91mnpm WARN deprecated debug@4.1.1: Debug versions >=3.2.0 <3.2.7 || >=4 <4.3.1 have a low-severity ReDos regression when used in a Node.js environment. It is recommended you upgrade to 3.2.7 or 4.3.1. (https://github.com/visionmedia/debug/issues/797)\n\u001b[0m\u001b[91mnpm WARN deprecated core-js@3.6.4: core-js@<3.23.3 is no longer maintained and not recommended for usage due to the number of issues. Because of the V8 engine whims, feature detection in old core-js versions could cause a slowdown up to 100x even if nothing is polyfilled. Some versions have web compatibility issues. Please, upgrade your dependencies to the actual version of core-js.\n\u001b[0m\u001b[91mnpm ERR! code 1\n\u001b[0m\u001b[91mnpm ERR! path /usr/src/app/node_modules/node-sass\n\u001b[0m\u001b[91mnpm ERR! command failed\n\u001b[0m\u001b[91mnpm ERR! command sh -c node scripts/build.js\n\u001b[0m\u001b[91mnpm ERR! Building: /usr/local/bin/node /usr/src/app/node_modules/node-gyp/bin/node-gyp.js rebuild --verbose --libsass_ext= --libsass_cflags= --libsass_ldflags= --libsass_library=\n\u001b[0m\u001b[91mnpm ERR! gyp info it worked if it ends with ok\nnpm ERR! gyp verb cli [\nnpm ERR!\u001b[0m\u001b[91m gyp verb cli   '/usr/local/bin/node',\nnpm ERR!\u001b[0m\u001b[91m gyp verb cli   '/usr/src/app/node_modules/node-gyp/bin/node-gyp.js',\nnpm ERR!\u001b[0m\u001b[91m gyp verb cli   'rebuild',\nnpm ERR!\u001b[0m\u001b[91m gyp verb cli   '--verbose',\nnpm\u001b[0m\u001b[91m ERR! gyp verb cli   '--libsass_ext=',\nnpm\u001b[0m\u001b[91m ERR!\u001b[0m\u001b[91m gyp verb cli   '--libsass_cflags=',\nnpm\u001b[0m\u001b[91m ERR! gyp verb cli   '--libsass_ldflags=',\nnpm ERR! gyp verb cli   '--libsass_library='\nnpm ERR! gyp verb cli ]\n\u001b[0m\u001b[91mnpm ERR! gyp info using node-gyp@3.8.0\nnpm ERR! gyp info using node@19.3.0 | linux | x64\nnpm ERR! gyp verb command rebuild []\n\u001b[0m\u001b[91mnpm ERR! gyp verb command clean []\nnpm \u001b[0m\u001b[91mERR! gyp verb clean removing \"build\" directory\nnpm ERR! gyp verb command configure []\nnpm ERR!\u001b[0m\u001b[91m gyp verb check python checking for Python executable \"python2\" in the PATH\nnpm \u001b[0m\u001b[91mERR! gyp verb `which` failed Error: not found: python2\nnpm \u001b[0m\u001b[91mERR! gyp verb `which` failed     at getNotFoundError (/usr/src/app/node_modules/which/which.js:13:12)\nnpm ERR!\u001b[0m\u001b[91m gyp verb `which` failed     at F (/usr/src/app/node_modules/which/which.js:68:19)\nnpm\u001b[0m\u001b[91m \u001b[0m\u001b[91mERR! gyp verb `which` failed     at E (/usr/src/app/node_modules/which/which.js:80:29)\nnpm \u001b[0m\u001b[91mERR! gyp verb `which` failed     at /usr/src/app/node_modules/which/which.js:89:16\nnpm\u001b[0m\u001b[91m ERR!\u001b[0m\u001b[91m gyp verb `which` failed     at /usr/src/app/node_modules/isexe/index.js:42:5\nnpm\u001b[0m\u001b[91m ERR! gyp verb `which` failed     at /usr/src/app/node_modules/isexe/mode.js:8:5\nnpm ERR!\u001b[0m\u001b[91m gyp verb `which` failed     at FSReqCallback.oncomplete (node:fs:190:21)\n\u001b[0m\u001b[91mnpm \u001b[0m\u001b[91mERR!\u001b[0m\u001b[91m gyp verb `which` failed  python2 Error: not found: python2\nnpm ERR! gyp verb `which` failed     at getNotFoundError (/usr/src/app/node_modules/which/which.js:13:12)\n\u001b[0m\u001b[91mnpm ERR! gyp verb `which` failed     at F (/usr/src/app/node_modules/which/which.js:68:19)\nnpm ERR!\u001b[0m\u001b[91m gyp verb `which` failed     at E (/usr/src/app/node_modules/which/which.js:80:29)\nnpm ERR!\u001b[0m\u001b[91m gyp verb `which` failed     at /usr/src/app/node_modules/which/which.js:89:16\nnpm ERR!\u001b[0m\u001b[91m gyp verb `which` failed     at /usr/src/app/node_modules/isexe/index.js:42:5\nnpm\u001b[0m\u001b[91m ERR!\u001b[0m\u001b[91m gyp verb `which` failed     at /usr/src/app/node_modules/isexe/mode.js:8:5\nnpm ERR! gyp verb `which` failed     at FSReqCallback.oncomplete (node:fs:190:21) {\nnpm ERR!\u001b[0m\u001b[91m gyp verb `which` failed   code: 'ENOENT'\nnpm ERR! gyp verb `which` failed }\nnpm\u001b[0m\u001b[91m ERR! gyp verb check python checking for Python executable \"python\" in the PATH\nnpm ERR!\u001b[0m\u001b[91m gyp verb `which` failed Error: not found: python\nnpm\u001b[0m\u001b[91m ERR!\u001b[0m\u001b[91m gyp verb `which` failed     at getNotFoundError (/usr/src/app/node_modules/which/which.js:13:12)\nnpm ERR! gyp verb `which` failed     at F (/usr/src/app/node_modules/which/which.js:68:19)\nnpm ERR! gyp verb `which` failed     at E (/usr/src/app/node_modules/which/which.js:80:29)\n\u001b[0m\u001b[91mnpm ERR! gyp verb `which` failed     at /usr/src/app/node_modules/which/which.js:89:16\nnpm ERR! gyp verb `which` failed     at /usr/src/app/node_modules/isexe/index.js:42:5\n\u001b[0m\u001b[91mnpm ERR!\u001b[0m\u001b[91m gyp verb `which` failed     at /usr/src/app/node_modules/isexe/mode.js:8:5\nnpm ERR!\u001b[0m\u001b[91m gyp verb `which` failed     at FSReqCallback.oncomplete (node:fs:190:21)\nnpm ERR!\u001b[0m\u001b[91m gyp verb `which` failed  python Error: not found: python\nnpm ERR! gyp verb `which` failed     at getNotFoundError (/usr/src/app/node_modules/which/which.js:13:12)\nnpm ERR!\u001b[0m\u001b[91m gyp verb `which` failed     at F (/usr/src/app/node_modules/which/which.js:68:19)\nnpm ERR!\u001b[0m\u001b[91m gyp verb `which` failed     at E (/usr/src/app/node_modules/which/which.js:80:29)\nnpm ERR! gyp verb `which` failed     at /usr/src/app/node_modules/which/which.js:89:16\nnpm ERR! gyp verb `which` failed     at /usr/src/app/node_modules/isexe/index.js:42:5\nnpm\u001b[0m\u001b[91m ERR! gyp verb `which` failed     at /usr/src/app/node_modules/isexe/mode.js:8:5\nnpm \u001b[0m\u001b[91mERR! gyp verb `which` failed     at FSReqCallback.oncomplete (node:fs:190:21) {\nnpm ERR! gyp verb `which` failed   code: 'ENOENT'\nnpm\u001b[0m\u001b[91m ERR!\u001b[0m\u001b[91m gyp verb `which` failed }\nnpm ERR!\u001b[0m\u001b[91m gyp ERR! configure error \nnpm ERR!\u001b[0m\u001b[91m gyp ERR! stack Error: Can't find Python executable \"python\", you can set the PYTHON env variable.\nnpm ERR! gyp ERR! stack     at PythonFinder.failNoPython (/usr/src/app/node_modules/node-gyp/lib/configure.js:484:19)\nnpm\u001b[0m\u001b[91m ERR! gyp ERR! stack     at PythonFinder.<anonymous> (/usr/src/app/node_modules/node-gyp/lib/configure.js:406:16)\nnpm ERR! gyp ERR! stack     at F (/usr/src/app/node_modules/which/which.js:68:16)\n\u001b[0m\u001b[91mnpm ERR! gyp ERR! stack     at E (/usr/src/app/node_modules/which/which.js:80:29)\n\u001b[0m\u001b[91mnpm ERR! gyp ERR! stack     at /usr/src/app/node_modules/which/which.js:89:16\n\u001b[0m\u001b[91mnpm \u001b[0m\u001b[91mERR!\u001b[0m\u001b[91m gyp ERR! stack     at /usr/src/app/node_modules/isexe/index.js:42:5\nnpm\u001b[0m\u001b[91m ERR! gyp ERR! stack     at /usr/src/app/node_modules/isexe/mode.js:8:5\n\u001b[0m\u001b[91mnpm ERR!\u001b[0m\u001b[91m gyp ERR! stack     at FSReqCallback.oncomplete (node:fs:190:21)\nnpm ERR!\u001b[0m\u001b[91m gyp ERR! System Linux 5.4.0-113-generic\nnpm ERR! gyp ERR! command \"/usr/local/bin/node\" \"/usr/src/app/node_modules/node-gyp/bin/node-gyp.js\" \"rebuild\" \"--verbose\" \"--libsass_ext=\" \"--libsass_cflags=\" \"--libsass_ldflags=\" \"--libsass_library=\"\nnpm\u001b[0m\u001b[91m ERR! gyp ERR! cwd /usr/src/app/node_modules/node-sass\nnpm \u001b[0m\u001b[91mERR! gyp ERR! node -v v19.3.0\nnpm ERR! gyp ERR! node-gyp -v v3.8.0\nnpm ERR!\u001b[0m\u001b[91m gyp ERR! not ok \n\u001b[0m\u001b[91mnpm ERR! Build failed with error code: 1\n\u001b[0m\u001b[91m\n\u001b[0m\u001b[91mnpm ERR! A complete log of this run can be found in:\nnpm ERR!     /root/.npm/_logs/2023-01-04T11_15_24_453Z-debug-0.log\n\u001b[0mRemoving intermediate container 1e9f7199fb4c\n","stderr":"The command '/bin/sh -c npm install' returned a non-zero code: 1\n"},"endTime":1672830974764}