{"repository":"https://github.com/c-w/gutenberg-http","dockerfilePath":"Dockerfile","startTime":1672810115947,"clone":{"stdout":"","stderr":"Cloning into '/tmp/dinghy-analysis/c-w/gutenberg-http'...\n","error":null,"commit":"d41f58f3a8ca27806ee5032ab0432ad4664242fa"},"originalBuild":{"startTimestamp":1672810116847,"endTimestamp":1672810230197,"error":{"code":1,"killed":false,"signal":null,"cmd":"docker build --no-cache --force-rm -t gutenberg-http:latest -f /tmp/dinghy-analysis/c-w/gutenberg-http/Dockerfile ."},"stdout":"Sending build context to Docker daemon  30.21kB\r\r\nStep 1/28 : ARG PYTHON_VERSION=3.7\nStep 2/28 : FROM python:${PYTHON_VERSION}-alpine AS builder\n ---> 23de60bcccb1\nStep 3/28 : WORKDIR /app\n ---> Running in dd39c5efc22b\nRemoving intermediate container dd39c5efc22b\n ---> dacd5e27bcf3\nStep 4/28 : RUN apk add --no-cache db-dev  && apk add --no-cache build-base\n ---> Running in 327c596a379a\nfetch https://dl-cdn.alpinelinux.org/alpine/v3.17/main/x86_64/APKINDEX.tar.gz\nfetch https://dl-cdn.alpinelinux.org/alpine/v3.17/community/x86_64/APKINDEX.tar.gz\n(1/5) Installing libgcc (12.2.1_git20220924-r4)\n(2/5) Installing libstdc++ (12.2.1_git20220924-r4)\n(3/5) Installing db-c++ (5.3.28-r2)\n(4/5) Installing db (5.3.28-r2)\n(5/5) Installing db-dev (5.3.28-r2)\nOK: 21 MiB in 42 packages\nfetch https://dl-cdn.alpinelinux.org/alpine/v3.17/main/x86_64/APKINDEX.tar.gz\nfetch https://dl-cdn.alpinelinux.org/alpine/v3.17/community/x86_64/APKINDEX.tar.gz\n(1/18) Installing binutils (2.39-r2)\n(2/18) Installing libmagic (5.43-r0)\n(3/18) Installing file (5.43-r0)\n(4/18) Installing libgomp (12.2.1_git20220924-r4)\n(5/18) Installing libatomic (12.2.1_git20220924-r4)\n(6/18) Installing gmp (6.2.1-r2)\n(7/18) Installing isl25 (0.25-r0)\n(8/18) Installing mpfr4 (4.1.0-r0)\n(9/18) Installing mpc1 (1.2.1-r1)\n(10/18) Installing gcc (12.2.1_git20220924-r4)\n(11/18) Installing libstdc++-dev (12.2.1_git20220924-r4)\n(12/18) Installing musl-dev (1.2.3-r4)\n(13/18) Installing libc-dev (0.7.2-r3)\n(14/18) Installing g++ (12.2.1_git20220924-r4)\n(15/18) Installing make (4.3-r1)\n(16/18) Installing fortify-headers (1.1-r1)\n(17/18) Installing patch (2.7.6-r8)\n(18/18) Installing build-base (0.5-r3)\nExecuting busybox-1.35.0-r29.trigger\nOK: 256 MiB in 60 packages\nRemoving intermediate container 327c596a379a\n ---> a65b2e0614a0\nStep 5/28 : RUN pip install -U pip setuptools wheel\n ---> Running in 955c7e0f6bb8\nRequirement already satisfied: pip in /usr/local/lib/python3.7/site-packages (22.0.4)\nCollecting pip\n  Downloading pip-22.3.1-py3-none-any.whl (2.1 MB)\n     ━━━━━━━━━━━━━━━━━━━━━━━━━━━━━━━━━━━━━━━━ 2.1/2.1 MB 24.8 MB/s eta 0:00:00\nRequirement already satisfied: setuptools in /usr/local/lib/python3.7/site-packages (57.5.0)\nCollecting setuptools\n  Downloading setuptools-65.6.3-py3-none-any.whl (1.2 MB)\n     ━━━━━━━━━━━━━━━━━━━━━━━━━━━━━━━━━━━━━━━━ 1.2/1.2 MB 10.8 MB/s eta 0:00:00\nRequirement already satisfied: wheel in /usr/local/lib/python3.7/site-packages (0.38.4)\nInstalling collected packages: setuptools, pip\n  Attempting uninstall: setuptools\n    Found existing installation: setuptools 57.5.0\n    Uninstalling setuptools-57.5.0:\n      Successfully uninstalled setuptools-57.5.0\n  Attempting uninstall: pip\n    Found existing installation: pip 22.0.4\n    Uninstalling pip-22.0.4:\n      Successfully uninstalled pip-22.0.4\nSuccessfully installed pip-22.3.1 setuptools-65.6.3\n\u001b[91mWARNING: Running pip as the 'root' user can result in broken permissions and conflicting behaviour with the system package manager. It is recommended to use a virtual environment instead: https://pip.pypa.io/warnings/venv\n\u001b[0mRemoving intermediate container 955c7e0f6bb8\n ---> fa57f4079f11\nStep 6/28 : COPY requirements.txt .\n ---> cbd034faa64a\nStep 7/28 : RUN pip install -r requirements.txt  && pip wheel -r requirements.txt -w /deps\n ---> Running in a8cffe46e269\nCollecting Flask-Caching==1.7.2\n  Downloading Flask_Caching-1.7.2-py2.py3-none-any.whl (27 kB)\nCollecting Gutenberg==0.8.0\n  Downloading Gutenberg-0.8.0.tar.gz (20 kB)\n  Preparing metadata (setup.py): started\n  Preparing metadata (setup.py): finished with status 'done'\nCollecting Jinja2==2.10.1\n  Downloading Jinja2-2.10.1-py2.py3-none-any.whl (124 kB)\n     ━━━━━━━━━━━━━━━━━━━━━━━━━━━━━━━━━━━━━━ 124.9/124.9 kB 10.7 MB/s eta 0:00:00\nCollecting applicationinsights==0.11.9\n  Downloading applicationinsights-0.11.9-py2.py3-none-any.whl (58 kB)\n     ━━━━━━━━━━━━━━━━━━━━━━━━━━━━━━━━━━━━━━━━ 58.5/58.5 kB 4.3 MB/s eta 0:00:00\nCollecting click==7.0\n  Downloading Click-7.0-py2.py3-none-any.whl (81 kB)\n     ━━━━━━━━━━━━━━━━━━━━━━━━━━━━━━━━━━━━━━━━ 81.3/81.3 kB 7.7 MB/s eta 0:00:00\nCollecting flask-cors==3.0.8\n  Downloading Flask_Cors-3.0.8-py2.py3-none-any.whl (14 kB)\nCollecting flask==1.1.1\n  Downloading Flask-1.1.1-py2.py3-none-any.whl (94 kB)\n     ━━━━━━━━━━━━━━━━━━━━━━━━━━━━━━━━━━━━━━━━ 94.5/94.5 kB 5.3 MB/s eta 0:00:00\nCollecting gunicorn==19.9.0\n  Downloading gunicorn-19.9.0-py2.py3-none-any.whl (112 kB)\n     ━━━━━━━━━━━━━━━━━━━━━━━━━━━━━━━━━━━━━━ 112.9/112.9 kB 10.9 MB/s eta 0:00:00\nCollecting SPARQLWrapper>=1.8.2\n  Downloading SPARQLWrapper-2.0.0-py3-none-any.whl (28 kB)\nCollecting bsddb3>=6.1.0\n  Downloading bsddb3-6.2.9.tar.gz (230 kB)\n     ━━━━━━━━━━━━━━━━━━━━━━━━━━━━━━━━━━━━━━ 230.5/230.5 kB 16.3 MB/s eta 0:00:00\n  Preparing metadata (setup.py): started\n  Preparing metadata (setup.py): finished with status 'done'\nCollecting future>=0.15.2\n  Downloading future-0.18.2.tar.gz (829 kB)\n     ━━━━━━━━━━━━━━━━━━━━━━━━━━━━━━━━━━━━━━ 829.2/829.2 kB 40.9 MB/s eta 0:00:00\n  Preparing metadata (setup.py): started\n  Preparing metadata (setup.py): finished with status 'done'\nCollecting rdflib-sqlalchemy>=0.3.8\n  Downloading rdflib_sqlalchemy-0.5.3-py3-none-any.whl (19 kB)\nCollecting rdflib>=4.2.0\n  Downloading rdflib-6.2.0-py3-none-any.whl (500 kB)\n     ━━━━━━━━━━━━━━━━━━━━━━━━━━━━━━━━━━━━━━ 500.3/500.3 kB 30.0 MB/s eta 0:00:00\nCollecting requests>=2.5.1\n  Downloading requests-2.28.1-py3-none-any.whl (62 kB)\n     ━━━━━━━━━━━━━━━━━━━━━━━━━━━━━━━━━━━━━━━━ 62.8/62.8 kB 6.9 MB/s eta 0:00:00\nRequirement already satisfied: setuptools>=18.5 in /usr/local/lib/python3.7/site-packages (from Gutenberg==0.8.0->-r requirements.txt (line 2)) (65.6.3)\nCollecting six>=1.10.0\n  Downloading six-1.16.0-py2.py3-none-any.whl (11 kB)\nCollecting MarkupSafe>=0.23\n  Downloading MarkupSafe-2.1.1-cp37-cp37m-musllinux_1_1_x86_64.whl (30 kB)\nCollecting itsdangerous>=0.24\n  Downloading itsdangerous-2.1.2-py3-none-any.whl (15 kB)\nCollecting Werkzeug>=0.15\n  Downloading Werkzeug-2.2.2-py3-none-any.whl (232 kB)\n     ━━━━━━━━━━━━━━━━━━━━━━━━━━━━━━━━━━━━━━ 232.7/232.7 kB 18.9 MB/s eta 0:00:00\nCollecting importlib-metadata\n  Downloading importlib_metadata-6.0.0-py3-none-any.whl (21 kB)\nCollecting isodate\n  Downloading isodate-0.6.1-py2.py3-none-any.whl (41 kB)\n     ━━━━━━━━━━━━━━━━━━━━━━━━━━━━━━━━━━━━━━━━ 41.7/41.7 kB 2.7 MB/s eta 0:00:00\nCollecting pyparsing\n  Downloading pyparsing-3.0.9-py3-none-any.whl (98 kB)\n     ━━━━━━━━━━━━━━━━━━━━━━━━━━━━━━━━━━━━━━━━ 98.3/98.3 kB 8.6 MB/s eta 0:00:00\nCollecting alembic>=0.8.8\n  Downloading alembic-1.9.1-py3-none-any.whl (210 kB)\n     ━━━━━━━━━━━━━━━━━━━━━━━━━━━━━━━━━━━━━━ 210.4/210.4 kB 22.3 MB/s eta 0:00:00\nCollecting SQLAlchemy>=1.1.4\n  Downloading SQLAlchemy-1.4.46.tar.gz (8.5 MB)\n     ━━━━━━━━━━━━━━━━━━━━━━━━━━━━━━━━━━━━━━━━ 8.5/8.5 MB 49.8 MB/s eta 0:00:00\n  Preparing metadata (setup.py): started\n  Preparing metadata (setup.py): finished with status 'done'\nCollecting urllib3<1.27,>=1.21.1\n  Downloading urllib3-1.26.13-py2.py3-none-any.whl (140 kB)\n     ━━━━━━━━━━━━━━━━━━━━━━━━━━━━━━━━━━━━━━━ 140.6/140.6 kB 6.2 MB/s eta 0:00:00\nCollecting charset-normalizer<3,>=2\n  Downloading charset_normalizer-2.1.1-py3-none-any.whl (39 kB)\nCollecting certifi>=2017.4.17\n  Downloading certifi-2022.12.7-py3-none-any.whl (155 kB)\n     ━━━━━━━━━━━━━━━━━━━━━━━━━━━━━━━━━━━━━━ 155.3/155.3 kB 12.5 MB/s eta 0:00:00\nCollecting idna<4,>=2.5\n  Downloading idna-3.4-py3-none-any.whl (61 kB)\n     ━━━━━━━━━━━━━━━━━━━━━━━━━━━━━━━━━━━━━━━━ 61.5/61.5 kB 3.9 MB/s eta 0:00:00\nCollecting Mako\n  Downloading Mako-1.2.4-py3-none-any.whl (78 kB)\n     ━━━━━━━━━━━━━━━━━━━━━━━━━━━━━━━━━━━━━━━━ 78.7/78.7 kB 6.3 MB/s eta 0:00:00\nCollecting importlib-resources\n  Downloading importlib_resources-5.10.2-py3-none-any.whl (34 kB)\nCollecting greenlet!=0.4.17\n  Downloading greenlet-2.0.1-cp37-cp37m-musllinux_1_1_x86_64.whl (1.0 MB)\n     ━━━━━━━━━━━━━━━━━━━━━━━━━━━━━━━━━━━━━━━━ 1.0/1.0 MB 35.4 MB/s eta 0:00:00\nCollecting zipp>=0.5\n  Downloading zipp-3.11.0-py3-none-any.whl (6.6 kB)\nCollecting typing-extensions>=3.6.4\n  Downloading typing_extensions-4.4.0-py3-none-any.whl (26 kB)\nBuilding wheels for collected packages: Gutenberg, bsddb3, future, SQLAlchemy\n  Building wheel for Gutenberg (setup.py): started\n  Building wheel for Gutenberg (setup.py): finished with status 'done'\n  Created wheel for Gutenberg: filename=Gutenberg-0.8.0-py3-none-any.whl size=22202 sha256=f9c17ff068667371ecda0d9a94780358169dd50a672235e6bbe7817ec1a11268\n  Stored in directory: /root/.cache/pip/wheels/07/11/e4/647c4f5880a79a3249cf8ccc14064dedcfefea373b13e8b57e\n  Building wheel for bsddb3 (setup.py): started\n  Building wheel for bsddb3 (setup.py): finished with status 'done'\n  Created wheel for bsddb3: filename=bsddb3-6.2.9-cp37-cp37m-linux_x86_64.whl size=170458 sha256=2cbc3d744c64f6425ad65c8565d5adacd9fc56e50981b703ab8ed6008b452f52\n  Stored in directory: /root/.cache/pip/wheels/25/79/b9/dc37b1df2f1d25bde3eca6d2841a8ba9e9768c4f5497eab716\n  Building wheel for future (setup.py): started\n  Building wheel for future (setup.py): finished with status 'done'\n  Created wheel for future: filename=future-0.18.2-py3-none-any.whl size=491059 sha256=ed7d140c6a66e1f8f81e68b482b443983e6f748cac0f4740225dfc0b21b0caf8\n  Stored in directory: /root/.cache/pip/wheels/3e/3c/b4/7132d27620dd551cf00823f798a7190e7320ae7ffb71d1e989\n  Building wheel for SQLAlchemy (setup.py): started\n  Building wheel for SQLAlchemy (setup.py): finished with status 'done'\n  Created wheel for SQLAlchemy: filename=SQLAlchemy-1.4.46-cp37-cp37m-linux_x86_64.whl size=1563520 sha256=bb97470aa4c8a5015e1bfa495598971ce7d304332d11bd4bda4b25f96579c39c\n  Stored in directory: /root/.cache/pip/wheels/63/12/87/f5dacbcb2726972e23bb3908f1762b1059d05b2702c3be62df\nSuccessfully built Gutenberg bsddb3 future SQLAlchemy\nInstalling collected packages: bsddb3, applicationinsights, zipp, urllib3, typing-extensions, six, pyparsing, MarkupSafe, itsdangerous, idna, gunicorn, greenlet, future, click, charset-normalizer, certifi, Werkzeug, requests, Jinja2, isodate, importlib-resources, importlib-metadata, SQLAlchemy, rdflib, Mako, flask, SPARQLWrapper, flask-cors, Flask-Caching, alembic, rdflib-sqlalchemy, Gutenberg\nSuccessfully installed Flask-Caching-1.7.2 Gutenberg-0.8.0 Jinja2-2.10.1 Mako-1.2.4 MarkupSafe-2.1.1 SPARQLWrapper-2.0.0 SQLAlchemy-1.4.46 Werkzeug-2.2.2 alembic-1.9.1 applicationinsights-0.11.9 bsddb3-6.2.9 certifi-2022.12.7 charset-normalizer-2.1.1 click-7.0 flask-1.1.1 flask-cors-3.0.8 future-0.18.2 greenlet-2.0.1 gunicorn-19.9.0 idna-3.4 importlib-metadata-6.0.0 importlib-resources-5.10.2 isodate-0.6.1 itsdangerous-2.1.2 pyparsing-3.0.9 rdflib-6.2.0 rdflib-sqlalchemy-0.5.3 requests-2.28.1 six-1.16.0 typing-extensions-4.4.0 urllib3-1.26.13 zipp-3.11.0\n\u001b[91mWARNING: Running pip as the 'root' user can result in broken permissions and conflicting behaviour with the system package manager. It is recommended to use a virtual environment instead: https://pip.pypa.io/warnings/venv\n\u001b[0mCollecting Flask-Caching==1.7.2\n  Using cached Flask_Caching-1.7.2-py2.py3-none-any.whl (27 kB)\nCollecting Gutenberg==0.8.0\n  Using cached Gutenberg-0.8.0-py3-none-any.whl\nCollecting Jinja2==2.10.1\n  Using cached Jinja2-2.10.1-py2.py3-none-any.whl (124 kB)\nCollecting applicationinsights==0.11.9\n  Using cached applicationinsights-0.11.9-py2.py3-none-any.whl (58 kB)\nCollecting click==7.0\n  Using cached Click-7.0-py2.py3-none-any.whl (81 kB)\nCollecting flask-cors==3.0.8\n  Using cached Flask_Cors-3.0.8-py2.py3-none-any.whl (14 kB)\nCollecting flask==1.1.1\n  Using cached Flask-1.1.1-py2.py3-none-any.whl (94 kB)\nCollecting gunicorn==19.9.0\n  Using cached gunicorn-19.9.0-py2.py3-none-any.whl (112 kB)\nCollecting future>=0.15.2\n  Using cached future-0.18.2-py3-none-any.whl\nCollecting requests>=2.5.1\n  Using cached requests-2.28.1-py3-none-any.whl (62 kB)\nCollecting rdflib-sqlalchemy>=0.3.8\n  Using cached rdflib_sqlalchemy-0.5.3-py3-none-any.whl (19 kB)\nCollecting bsddb3>=6.1.0\n  Using cached bsddb3-6.2.9-cp37-cp37m-linux_x86_64.whl\nCollecting six>=1.10.0\n  Using cached six-1.16.0-py2.py3-none-any.whl (11 kB)\nCollecting SPARQLWrapper>=1.8.2\n  Using cached SPARQLWrapper-2.0.0-py3-none-any.whl (28 kB)\nCollecting rdflib>=4.2.0\n  Using cached rdflib-6.2.0-py3-none-any.whl (500 kB)\nCollecting setuptools>=18.5\n  Using cached setuptools-65.6.3-py3-none-any.whl (1.2 MB)\nCollecting MarkupSafe>=0.23\n  Using cached MarkupSafe-2.1.1-cp37-cp37m-musllinux_1_1_x86_64.whl (30 kB)\nCollecting Werkzeug>=0.15\n  Using cached Werkzeug-2.2.2-py3-none-any.whl (232 kB)\nCollecting itsdangerous>=0.24\n  Using cached itsdangerous-2.1.2-py3-none-any.whl (15 kB)\nCollecting pyparsing\n  Using cached pyparsing-3.0.9-py3-none-any.whl (98 kB)\nCollecting importlib-metadata\n  Using cached importlib_metadata-6.0.0-py3-none-any.whl (21 kB)\nCollecting isodate\n  Using cached isodate-0.6.1-py2.py3-none-any.whl (41 kB)\nCollecting alembic>=0.8.8\n  Using cached alembic-1.9.1-py3-none-any.whl (210 kB)\nCollecting SQLAlchemy>=1.1.4\n  Using cached SQLAlchemy-1.4.46-cp37-cp37m-linux_x86_64.whl\nCollecting idna<4,>=2.5\n  Using cached idna-3.4-py3-none-any.whl (61 kB)\nCollecting urllib3<1.27,>=1.21.1\n  Using cached urllib3-1.26.13-py2.py3-none-any.whl (140 kB)\nCollecting charset-normalizer<3,>=2\n  Using cached charset_normalizer-2.1.1-py3-none-any.whl (39 kB)\nCollecting certifi>=2017.4.17\n  Using cached certifi-2022.12.7-py3-none-any.whl (155 kB)\nCollecting Mako\n  Using cached Mako-1.2.4-py3-none-any.whl (78 kB)\nCollecting importlib-resources\n  Using cached importlib_resources-5.10.2-py3-none-any.whl (34 kB)\nCollecting greenlet!=0.4.17\n  Using cached greenlet-2.0.1-cp37-cp37m-musllinux_1_1_x86_64.whl (1.0 MB)\nCollecting zipp>=0.5\n  Using cached zipp-3.11.0-py3-none-any.whl (6.6 kB)\nCollecting typing-extensions>=3.6.4\n  Using cached typing_extensions-4.4.0-py3-none-any.whl (26 kB)\nSaved /deps/Flask_Caching-1.7.2-py2.py3-none-any.whl\nSaved /deps/Gutenberg-0.8.0-py3-none-any.whl\nSaved /deps/Jinja2-2.10.1-py2.py3-none-any.whl\nSaved /deps/applicationinsights-0.11.9-py2.py3-none-any.whl\nSaved /deps/Click-7.0-py2.py3-none-any.whl\nSaved /deps/Flask_Cors-3.0.8-py2.py3-none-any.whl\nSaved /deps/Flask-1.1.1-py2.py3-none-any.whl\nSaved /deps/gunicorn-19.9.0-py2.py3-none-any.whl\nSaved /deps/bsddb3-6.2.9-cp37-cp37m-linux_x86_64.whl\nSaved /deps/future-0.18.2-py3-none-any.whl\nSaved /deps/itsdangerous-2.1.2-py3-none-any.whl\nSaved /deps/MarkupSafe-2.1.1-cp37-cp37m-musllinux_1_1_x86_64.whl\nSaved /deps/rdflib-6.2.0-py3-none-any.whl\nSaved /deps/rdflib_sqlalchemy-0.5.3-py3-none-any.whl\nSaved /deps/requests-2.28.1-py3-none-any.whl\nSaved /deps/six-1.16.0-py2.py3-none-any.whl\nSaved /deps/SPARQLWrapper-2.0.0-py3-none-any.whl\nSaved /deps/Werkzeug-2.2.2-py3-none-any.whl\nSaved /deps/alembic-1.9.1-py3-none-any.whl\nSaved /deps/certifi-2022.12.7-py3-none-any.whl\nSaved /deps/charset_normalizer-2.1.1-py3-none-any.whl\nSaved /deps/idna-3.4-py3-none-any.whl\nSaved /deps/SQLAlchemy-1.4.46-cp37-cp37m-linux_x86_64.whl\nSaved /deps/urllib3-1.26.13-py2.py3-none-any.whl\nSaved /deps/importlib_metadata-6.0.0-py3-none-any.whl\nSaved /deps/isodate-0.6.1-py2.py3-none-any.whl\nSaved /deps/pyparsing-3.0.9-py3-none-any.whl\nSaved /deps/greenlet-2.0.1-cp37-cp37m-musllinux_1_1_x86_64.whl\nSaved /deps/typing_extensions-4.4.0-py3-none-any.whl\nSaved /deps/zipp-3.11.0-py3-none-any.whl\nSaved /deps/importlib_resources-5.10.2-py3-none-any.whl\nSaved /deps/Mako-1.2.4-py3-none-any.whl\nSaved /deps/setuptools-65.6.3-py3-none-any.whl\nRemoving intermediate container a8cffe46e269\n ---> 68e6774788d2\nStep 8/28 : COPY requirements-dev.txt .\n ---> 138afe433f6e\nStep 9/28 : RUN pip install -r requirements-dev.txt\n ---> Running in 404a24db4136\nCollecting flake8==3.7.8\n  Downloading flake8-3.7.8-py2.py3-none-any.whl (70 kB)\n     ━━━━━━━━━━━━━━━━━━━━━━━━━━━━━━━━━━━━━━━━ 70.1/70.1 kB 4.4 MB/s eta 0:00:00\nCollecting nose2==0.9.1\n  Downloading nose2-0.9.1-py2.py3-none-any.whl (137 kB)\n     ━━━━━━━━━━━━━━━━━━━━━━━━━━━━━━━━━━━━━━ 137.2/137.2 kB 12.7 MB/s eta 0:00:00\nCollecting mypy==0.720\n  Downloading mypy-0.720-py3-none-any.whl (1.6 MB)\n     ━━━━━━━━━━━━━━━━━━━━━━━━━━━━━━━━━━━━━━━━ 1.6/1.6 MB 36.3 MB/s eta 0:00:00\nCollecting mccabe<0.7.0,>=0.6.0\n  Downloading mccabe-0.6.1-py2.py3-none-any.whl (8.6 kB)\nCollecting entrypoints<0.4.0,>=0.3.0\n  Downloading entrypoints-0.3-py2.py3-none-any.whl (11 kB)\nCollecting pyflakes<2.2.0,>=2.1.0\n  Downloading pyflakes-2.1.1-py2.py3-none-any.whl (59 kB)\n     ━━━━━━━━━━━━━━━━━━━━━━━━━━━━━━━━━━━━━━━━ 60.0/60.0 kB 3.8 MB/s eta 0:00:00\nCollecting pycodestyle<2.6.0,>=2.5.0\n  Downloading pycodestyle-2.5.0-py2.py3-none-any.whl (51 kB)\n     ━━━━━━━━━━━━━━━━━━━━━━━━━━━━━━━━━━━━━━━━ 51.2/51.2 kB 3.1 MB/s eta 0:00:00\nRequirement already satisfied: six>=1.7 in /usr/local/lib/python3.7/site-packages (from nose2==0.9.1->-r requirements-dev.txt (line 2)) (1.16.0)\nCollecting coverage>=4.4.1\n  Downloading coverage-7.0.3-cp37-cp37m-musllinux_1_1_x86_64.whl (228 kB)\n     ━━━━━━━━━━━━━━━━━━━━━━━━━━━━━━━━━━━━━━ 228.1/228.1 kB 11.9 MB/s eta 0:00:00\nCollecting mypy-extensions<0.5.0,>=0.4.0\n  Downloading mypy_extensions-0.4.3-py2.py3-none-any.whl (4.5 kB)\nCollecting typed-ast<1.5.0,>=1.4.0\n  Downloading typed_ast-1.4.3.tar.gz (210 kB)\n     ━━━━━━━━━━━━━━━━━━━━━━━━━━━━━━━━━━━━━━ 210.9/210.9 kB 11.9 MB/s eta 0:00:00\n  Preparing metadata (setup.py): started\n  Preparing metadata (setup.py): finished with status 'done'\nRequirement already satisfied: typing-extensions>=3.7.4 in /usr/local/lib/python3.7/site-packages (from mypy==0.720->-r requirements-dev.txt (line 3)) (4.4.0)\nBuilding wheels for collected packages: typed-ast\n  Building wheel for typed-ast (setup.py): started\n  Building wheel for typed-ast (setup.py): finished with status 'done'\n  Created wheel for typed-ast: filename=typed_ast-1.4.3-cp37-cp37m-linux_x86_64.whl size=219285 sha256=3503b3ba2c101a9cdda3a7a008fc5d4dc091e3580476f13e4c21c479a9d4efff\n  Stored in directory: /root/.cache/pip/wheels/6a/e4/98/89b257c46d5698e34626e9efaf49af714de64dc9f399d64a30\nSuccessfully built typed-ast\nInstalling collected packages: typed-ast, mypy-extensions, mccabe, pyflakes, pycodestyle, mypy, entrypoints, coverage, nose2, flake8\nSuccessfully installed coverage-7.0.3 entrypoints-0.3 flake8-3.7.8 mccabe-0.6.1 mypy-0.720 mypy-extensions-0.4.3 nose2-0.9.1 pycodestyle-2.5.0 pyflakes-2.1.1 typed-ast-1.4.3\n\u001b[91mWARNING: Running pip as the 'root' user can result in broken permissions and conflicting behaviour with the system package manager. It is recommended to use a virtual environment instead: https://pip.pypa.io/warnings/venv\n\u001b[0mRemoving intermediate container 404a24db4136\n ---> 4ba9400a2b1e\nStep 10/28 : COPY . .\n ---> c2ecb80807a8\nStep 11/28 : RUN flake8\n ---> Running in 9cf6d88138eb\nRemoving intermediate container 9cf6d88138eb\n ---> c4aeb3c32e11\nStep 12/28 : RUN mypy --ignore-missing-imports --cache-dir=/dev/null gutenberg_http\n ---> Running in d2339794caa4\nRemoving intermediate container d2339794caa4\n ---> 4a800774d011\nStep 13/28 : RUN nose2 -v\n ---> Running in 847de9fa7e6a\n\u001b[91mtests.test_logic (nose2.loader.ModuleImportFailure) ... \u001b[0m\u001b[91mERROR\ntests.test_parameters (nose2.loader.ModuleImportFailure) ... \u001b[0m\u001b[91mERROR\n\n======================================================================\nERROR: tests.test_logic (nose2.loader.ModuleImportFailure)\n----------------------------------------------------------------------\nImportError: Failed to import test module: tests.test_logic\nTraceback (most recent call last):\n  File \"/usr/local/lib/python3.7/site-packages/nose2/plugins/loader/discovery.py\", line 201, in _find_tests_in_file\n    module = util.module_from_name(module_name)\n  File \"/usr/local/lib/python3.7/site-packages/nose2/util.py\", line 77, in module_from_name\n    __import__(name)\n  File \"/app/tests/test_logic.py\", line 4, in <module>\n    from gutenberg_http import logic\n  File \"/app/gutenberg_http/__init__.py\", line 4, in <module>\n    from flask import Flask\n  File \"/usr/local/lib/python3.7/site-packages/flask/__init__.py\", line 14, in <module>\n    from jinja2 import escape\n  File \"/usr/local/lib/python3.7/site-packages/jinja2/__init__.py\", line 33, in <module>\n    from jinja2.environment import Environment, Template\n  File \"/usr/local/lib/python3.7/site-packages/jinja2/environment.py\", line 15, in <module>\n    from jinja2 import nodes\n  File \"/usr/local/lib/python3.7/site-packages/jinja2/nodes.py\", line 19, in <module>\n    from jinja2.utils import Markup\n  File \"/usr/local/lib/python3.7/site-packages/jinja2/utils.py\", line 647, in <module>\n    from markupsafe import Markup, escape, soft_unicode\nImportError: cannot import name 'soft_unicode' from 'markupsafe' (/usr/local/lib/python3.7/site-packages/markupsafe/__init__.py)\n\n\n======================================================================\nERROR: tests.test_parameters (nose2.loader.ModuleImportFailure)\n----------------------------------------------------------------------\nImportError: Failed to import test module: tests.test_parameters\nTraceback (most recent call last):\n  File \"/usr/local/lib/python3.7/site-packages/nose2/plugins/loader/discovery.py\", line 201, in _find_tests_in_file\n    module = util.module_from_name(module_name)\n  File \"/usr/local/lib/python3.7/site-packages/nose2/util.py\", line 77, in module_from_name\n    __import__(name)\n  File \"/app/tests/test_parameters.py\", line 3, in <module>\n    from gutenberg_http import parameters\n  File \"/app/gutenberg_http/__init__.py\", line 4, in <module>\n    from flask import Flask\n  File \"/usr/local/lib/python3.7/site-packages/flask/__init__.py\", line 14, in <module>\n    from jinja2 import escape\n  File \"/usr/local/lib/python3.7/site-packages/jinja2/__init__.py\", line 33, in <module>\n    from jinja2.environment import Environment, Template\n  File \"/usr/local/lib/python3.7/site-packages/jinja2/environment.py\", line 15, in <module>\n    from jinja2 import nodes\n  File \"/usr/local/lib/python3.7/site-packages/jinja2/nodes.py\", line 19, in <module>\n    from jinja2.utils import Markup\n  File \"/usr/local/lib/python3.7/site-packages/jinja2/utils.py\", line 647, in <module>\n    from markupsafe import Markup, escape, soft_unicode\nImportError: cannot import name 'soft_unicode' from 'markupsafe' (/usr/local/lib/python3.7/site-packages/markupsafe/__init__.py)\n\n\n----------------------------------------------------------------------\nRan 2 tests in 0.000s\n\nFAILED (errors=2)\n\u001b[0mRemoving intermediate container 847de9fa7e6a\n","stderr":"The command '/bin/sh -c nose2 -v' returned a non-zero code: 1\n"},"endTime":1672810230266}