{"repository":"https://github.com/wendelfreitas/kraken","dockerfilePath":"Dockerfile","startTime":1672998467787,"endTime":1672998511453,"clone":{"startTime":1672998467788,"stdout":"","stderr":"Cloning into '/tmp/dinghy-analysis/wendelfreitas/kraken'...\n","error":null,"endTime":1672998468567,"commit":"f7e4325169d882378b7e87372eb353c339d1d1c9"},"originalBuild":{"startTime":1672998468662,"endTime":1672998511381,"error":{"code":1,"killed":false,"signal":null,"cmd":"docker build --no-cache --force-rm -t kraken:latest -f /tmp/dinghy-analysis/wendelfreitas/kraken/Dockerfile ."},"stdout":"Sending build context to Docker daemon  613.4kB\r\r\nStep 1/7 : FROM node:latest\n ---> 548714e444f4\nStep 2/7 : WORKDIR /usr/src/app\n ---> Running in 55b0304952ca\nRemoving intermediate container 55b0304952ca\n ---> f6a3d37520b0\nStep 3/7 : COPY ./package*.json ./\n ---> c97a2f44d337\nStep 4/7 : RUN npm install\n ---> Running in 8ed734ec7899\n\u001b[91mnpm WARN old lockfile \nnpm \u001b[0m\u001b[91mWARN old lockfile The package-lock.json file was created with an old version of npm,\n\u001b[0m\u001b[91mnpm WARN\u001b[0m\u001b[91m old lockfile so supplemental metadata must be fetched from the registry.\nnpm WARN old lockfile\u001b[0m\u001b[91m \n\u001b[0m\u001b[91mnpm WARN old lockfile This is a one-time fix-up, please be patient...\nnpm WARN old lockfile \n\u001b[0m\u001b[91mnpm WARN deprecated urix@0.1.0: Please see https://github.com/lydell/urix#deprecated\n\u001b[0m\u001b[91mnpm WARN deprecated w3c-hr-time@1.0.1: Use your platform's native performance.now() and performance.timeOrigin.\n\u001b[0m\u001b[91mnpm WARN deprecated set-value@2.0.0: Critical bug fixed in v3.0.1, please upgrade to the latest version.\n\u001b[0m\u001b[91mnpm WARN deprecated source-map-url@0.4.0: See https://github.com/lydell/source-map-url#deprecated\n\u001b[0m\u001b[91mnpm WARN deprecated request-promise-native@1.0.7: request-promise-native has been deprecated because it extends the now deprecated request package, see https://github.com/request/request/issues/3142\n\u001b[0m\u001b[91mnpm WARN deprecated uuid@3.3.2: Please upgrade  to version 7 or higher.  Older versions may use Math.random() in certain circumstances, which is known to be problematic.  See https://v8.dev/blog/math-random for details.\n\u001b[0m\u001b[91mnpm WARN deprecated resolve-url@0.2.1: https://github.com/lydell/resolve-url#deprecated\n\u001b[0m\u001b[91mnpm WARN deprecated sane@4.1.0: some dependency vulnerabilities fixed, support for node < 10 dropped, and newer ECMAScript syntax/features added\n\u001b[0m\u001b[91mnpm WARN deprecated source-map-resolve@0.5.2: See https://github.com/lydell/source-map-resolve#deprecated\n\u001b[0m\u001b[91mnpm WARN deprecated querystring@0.2.0: The querystring API is considered Legacy. new code should use the URLSearchParams API instead.\n\u001b[0m\u001b[91mnpm WARN deprecated request@2.88.0: request has been deprecated, see https://github.com/request/request/issues/3142\n\u001b[0m\u001b[91mnpm WARN deprecated ini@1.3.5: Please update to ini >=1.3.6 to avoid a prototype pollution issue\n\u001b[0m\u001b[91mnpm WARN deprecated har-validator@5.1.3: this library is no longer supported\n\u001b[0m\u001b[91mnpm WARN deprecated left-pad@1.3.0: use String.prototype.padStart()\n\u001b[0m\u001b[91mnpm WARN deprecated graphql-extensions@0.0.10: The `graphql-extensions` API has been removed from Apollo Server 3. Use the plugin API instead: https://www.apollographql.com/docs/apollo-server/integrations/plugins/\n\u001b[0m\u001b[91mnpm WARN deprecated graphql-import@0.7.1: GraphQL Import has been deprecated and merged into GraphQL Tools, so it will no longer get updates. Use GraphQL Tools instead to stay up-to-date! Check out https://www.graphql-tools.com/docs/migration-from-import for migration and https://the-guild.dev/blog/graphql-tools-v6 for new changes.\n\u001b[0m\u001b[91mnpm WARN deprecated chokidar@2.1.6: Chokidar 2 does not receive security updates since 2019. Upgrade to chokidar 3 with 15x fewer dependencies\n\u001b[0m\u001b[91mnpm WARN deprecated aws-lambda@0.1.2: please upgrade to latest 1.x\n\u001b[0m\u001b[91mnpm WARN deprecated mkdirp@0.5.1: Legacy versions of mkdirp are no longer supported. Please update to mkdirp 1.x. (Note that the API surface has changed to use Promises in 1.x.)\n\u001b[0m\u001b[91mnpm WARN deprecated merge-graphql-schemas@1.5.8: Merge GraphQL Schemas has been deprecated and merged into GraphQL Tools, so it will no longer get updates. Use GraphQL Tools instead to stay up-to-date! Check outÂ https://www.graphql-tools.com/docs/migration-from-merge-graphql-schemasÂ for migration andÂ https://the-guild.dev/blog/graphql-tools-v6Â for new changes.\n\u001b[0m\u001b[91mnpm WARN deprecated apollo-tracing@0.1.4: The `apollo-tracing` package is no longer part of Apollo Server 3. See https://www.apollographql.com/docs/apollo-server/migration/#tracing for details\n\u001b[0m\u001b[91mnpm WARN deprecated apollo-server-lambda@1.3.6: The `apollo-server-lambda` package is part of Apollo Server v2 and v3, which are now deprecated (end-of-life October 22nd 2023). This package's functionality is now found in the `@apollo/server` package. See https://www.apollographql.com/docs/apollo-server/previous-versions/ for more details.\n\u001b[0m\u001b[91mnpm WARN deprecated node-pre-gyp@0.12.0: Please upgrade to @mapbox/node-pre-gyp: the non-scoped node-pre-gyp package is deprecated and only the @mapbox scoped package will recieve updates in the future\n\u001b[0m\u001b[91mnpm WARN deprecated subscriptions-transport-ws@0.9.16: The `subscriptions-transport-ws` package is no longer maintained. We recommend you use `graphql-ws` instead. For help migrating Apollo software to `graphql-ws`, see https://www.apollographql.com/docs/apollo-server/data/subscriptions/#switching-from-subscriptions-transport-ws    For general help using `graphql-ws`, see https://github.com/enisdenjo/graphql-ws/blob/master/README.md\n\u001b[0m\u001b[91mnpm WARN deprecated apollo-upload-server@7.1.0: Please migrate to https://npm.im/graphql-upload (see https://git.io/fADhl).\n\u001b[0m\u001b[91mnpm WARN deprecated apollo-server-express@1.4.0: The `apollo-server-express` package is part of Apollo Server v2 and v3, which are now deprecated (end-of-life October 22nd 2023). This package's functionality is now found in the `@apollo/server` package. See https://www.apollographql.com/docs/apollo-server/previous-versions/ for more details.\n\u001b[0m\u001b[91mnpm WARN deprecated bcrypt@3.0.6: versions < v5.0.0 do not handle NUL in passwords properly\n\u001b[0m\u001b[91mnpm WARN deprecated apollo-cache-control@0.1.1: The functionality provided by the `apollo-cache-control` package is built in to `apollo-server-core` starting with Apollo Server 3. See https://www.apollographql.com/docs/apollo-server/migration/#cachecontrol for details.\n\u001b[0m\u001b[91mnpm WARN deprecated apollo-server-core@1.4.0: The `apollo-server-core` package is part of Apollo Server v2 and v3, which are now deprecated (end-of-life October 22nd 2023). This package's functionality is now found in the `@apollo/server` package. See https://www.apollographql.com/docs/apollo-server/previous-versions/ for more details.\n\u001b[0m\u001b[91mnpm WARN deprecated buffer@4.9.1: This version of 'buffer' is out-of-date. You must update to v4.9.2 or newer\n\u001b[0m\u001b[91mnpm WARN deprecated bson@1.1.1: Fixed a critical issue with BSON serialization documented in CVE-2019-2391, see https://bit.ly/2KcpXdo for more details\n\u001b[0m\u001b[91mnpm WARN deprecated graphql-tools@4.0.4: This package has been deprecated and now it only exports makeExecutableSchema.\\nAnd it will no longer receive updates.\\nWe recommend you to migrate to scoped packages such as @graphql-tools/schema, @graphql-tools/utils and etc.\\nCheck out https://www.graphql-tools.com to learn what package you should use instead\n\u001b[0m\u001b[91mnpm WARN deprecated @babel/polyfill@7.4.4: ðŸš¨ This package has been deprecated in favor of separate inclusion of a polyfill and regenerator-runtime (when needed). See the @babel/polyfill docs (https://babeljs.io/docs/en/babel-polyfill) for more information.\n\u001b[0m\u001b[91mnpm WARN deprecated core-js-pure@3.1.3: core-js-pure@<3.23.3 is no longer maintained and not recommended for usage due to the number of issues. Because of the V8 engine whims, feature detection in old core-js versions could cause a slowdown up to 100x even if nothing is polyfilled. Some versions have web compatibility issues. Please, upgrade your dependencies to the actual version of core-js-pure.\n\u001b[0m\u001b[91mnpm WARN deprecated core-js@2.6.5: core-js@<3.23.3 is no longer maintained and not recommended for usage due to the number of issues. Because of the V8 engine whims, feature detection in old core-js versions could cause a slowdown up to 100x even if nothing is polyfilled. Some versions have web compatibility issues. Please, upgrade your dependencies to the actual version of core-js.\n\u001b[0m\u001b[91mnpm WARN deprecated set-value@0.4.3: Critical bug fixed in v3.0.1, please upgrade to the latest version.\n\u001b[0m\u001b[91mnpm WARN deprecated debug@3.2.6: Debug versions >=3.2.0 <3.2.7 || >=4 <4.3.1 have a low-severity ReDos regression when used in a Node.js environment. It is recommended you upgrade to 3.2.7 or 4.3.1. (https://github.com/visionmedia/debug/issues/797)\n\u001b[0m\u001b[91mnpm WARN deprecated debug@3.2.6: Debug versions >=3.2.0 <3.2.7 || >=4 <4.3.1 have a low-severity ReDos regression when used in a Node.js environment. It is recommended you upgrade to 3.2.7 or 4.3.1. (https://github.com/visionmedia/debug/issues/797)\n\u001b[0m\u001b[91mnpm WARN deprecated debug@4.1.1: Debug versions >=3.2.0 <3.2.7 || >=4 <4.3.1 have a low-severity ReDos regression when used in a Node.js environment. It is recommended you upgrade to 3.2.7 or 4.3.1. (https://github.com/visionmedia/debug/issues/797)\n\u001b[0m\u001b[91mnpm WARN deprecated debug@4.1.1: Debug versions >=3.2.0 <3.2.7 || >=4 <4.3.1 have a low-severity ReDos regression when used in a Node.js environment. It is recommended you upgrade to 3.2.7 or 4.3.1. (https://github.com/visionmedia/debug/issues/797)\n\u001b[0m\u001b[91mnpm WARN deprecated debug@4.1.1: Debug versions >=3.2.0 <3.2.7 || >=4 <4.3.1 have a low-severity ReDos regression when used in a Node.js environment. It is recommended you upgrade to 3.2.7 or 4.3.1. (https://github.com/visionmedia/debug/issues/797)\n\u001b[0m\u001b[91mnpm WARN deprecated debug@4.1.1: Debug versions >=3.2.0 <3.2.7 || >=4 <4.3.1 have a low-severity ReDos regression when used in a Node.js environment. It is recommended you upgrade to 3.2.7 or 4.3.1. (https://github.com/visionmedia/debug/issues/797)\n\u001b[0m\u001b[91mnpm WARN deprecated core-js@3.1.3: core-js@<3.23.3 is no longer maintained and not recommended for usage due to the number of issues. Because of the V8 engine whims, feature detection in old core-js versions could cause a slowdown up to 100x even if nothing is polyfilled. Some versions have web compatibility issues. Please, upgrade your dependencies to the actual version of core-js.\n\u001b[0m\u001b[91mnpm ERR! code 1\n\u001b[0m\u001b[91mnpm ERR! path /usr/src/app/node_modules/bcrypt\n\u001b[0m\u001b[91mnpm ERR! command failed\nnpm ERR! command\u001b[0m\u001b[91m sh -c node-pre-gyp install --fallback-to-build\n\u001b[0m\u001b[91mnpm ERR! make: Entering directory '/usr/src/app/node_modules/bcrypt/build'\nnpm ERR!   CXX(target) Release/obj.target/bcrypt_lib/src/blowfish.o\n\u001b[0m\u001b[91mnpm ERR!   CXX(target) Release/obj.target/bcrypt_lib/src/bcrypt.o\nnpm\u001b[0m\u001b[91m ERR!\u001b[0m\u001b[91m   CXX(target) Release/obj.target/bcrypt_lib/src/bcrypt_node.o\nnpm\u001b[0m\u001b[91m ERR!\u001b[0m\u001b[91m make: Leaving directory '/usr/src/app/node_modules/bcrypt/build'\nnpm ERR!\u001b[0m\u001b[91m Failed to execute '/usr/local/bin/node /usr/local/lib/node_modules/npm/node_modules/node-gyp/bin/node-gyp.js build --fallback-to-build --module=/usr/src/app/node_modules/bcrypt/lib/binding/bcrypt_lib.node --module_name=bcrypt_lib --module_path=/usr/src/app/node_modules/bcrypt/lib/binding --napi_version=8 --node_abi_napi=napi --napi_build_version=0 --node_napi_label=node-v111' (1)\n\u001b[0m\u001b[91mnpm ERR! node-pre-gyp info it worked if it ends with ok\nnpm ERR! node-pre-gyp info using node-pre-gyp@0.12.0\nnpm ERR!\u001b[0m\u001b[91m node-pre-gyp info using node@19.3.0 | linux | x64\nnpm ERR! node-pre-gyp WARN Using request for node-pre-gyp https download \n\u001b[0m\u001b[91mnpm ERR! node-pre-gyp info check checked for \"/usr/src/app/node_modules/bcrypt/lib/binding/bcrypt_lib.node\" (not found)\nnpm ERR!\u001b[0m\u001b[91m node-pre-gyp http GET https://github.com/kelektiv/node.bcrypt.js/releases/download/v3.0.6/bcrypt_lib-v3.0.6-node-v111-linux-x64-glibc.tar.gz\nnpm ERR! node-pre-gyp http 404 https://github.com/kelektiv/node.bcrypt.js/releases/download/v3.0.6/bcrypt_lib-v3.0.6-node-v111-linux-x64-glibc.tar.gz\nnpm ERR!\u001b[0m\u001b[91m node-pre-gyp WARN Tried to download(404): https://github.com/kelektiv/node.bcrypt.js/releases/download/v3.0.6/bcrypt_lib-v3.0.6-node-v111-linux-x64-glibc.tar.gz \nnpm ERR!\u001b[0m\u001b[91m node-pre-gyp WARN Pre-built binaries not found for bcrypt@3.0.6 and node@19.3.0 (node-v111 ABI, glibc) (falling back to source compile with node-gyp) \nnpm ERR!\u001b[0m\u001b[91m node-pre-gyp http 404 status code downloading tarball https://github.com/kelektiv/node.bcrypt.js/releases/download/v3.0.6/bcrypt_lib-v3.0.6-node-v111-linux-x64-glibc.tar.gz \nnpm ERR! gyp info it worked if it ends with ok\nnpm ERR! gyp info using node-gyp@9.3.0\nnpm ERR!\u001b[0m\u001b[91m gyp info using node@19.3.0 | linux | x64\nnpm ERR! gyp info ok \nnpm ERR!\u001b[0m\u001b[91m gyp info it worked if it ends with ok\nnpm ERR!\u001b[0m\u001b[91m gyp info using node-gyp@9.3.0\nnpm ERR! gyp info using node@19.3.0 | linux | x64\n\u001b[0m\u001b[91mnpm\u001b[0m\u001b[91m ERR!\u001b[0m\u001b[91m gyp info find Python using Python version 3.9.2 found at \"/usr/bin/python3\"\nnpm ERR!\u001b[0m\u001b[91m gyp http GET https://nodejs.org/download/release/v19.3.0/node-v19.3.0-headers.tar.gz\nnpm ERR!\u001b[0m\u001b[91m gyp http 200 https://nodejs.org/download/release/v19.3.0/node-v19.3.0-headers.tar.gz\nnpm ERR!\u001b[0m\u001b[91m gyp http GET https://nodejs.org/download/release/v19.3.0/SHASUMS256.txt\nnpm \u001b[0m\u001b[91mERR!\u001b[0m\u001b[91m gyp http 200 https://nodejs.org/download/release/v19.3.0/SHASUMS256.txt\nnpm \u001b[0m\u001b[91mERR! gyp info spawn /usr/bin/python3\nnpm ERR!\u001b[0m\u001b[91m gyp info spawn args [\nnpm ERR!\u001b[0m\u001b[91m gyp info spawn args   '/usr/local/lib/node_modules/npm/node_modules/node-gyp/gyp/gyp_main.py',\nnpm ERR!\u001b[0m\u001b[91m gyp info spawn args   'binding.gyp',\n\u001b[0m\u001b[91mnpm ERR! gyp info spawn args   '-f',\n\u001b[0m\u001b[91mnpm\u001b[0m\u001b[91m \u001b[0m\u001b[91mERR!\u001b[0m\u001b[91m gyp info spawn args   'make',\nnpm \u001b[0m\u001b[91mERR! gyp info spawn args   '-I',\nnpm\u001b[0m\u001b[91m ERR!\u001b[0m\u001b[91m gyp info spawn args   '/usr/src/app/node_modules/bcrypt/build/config.gypi',\n\u001b[0m\u001b[91mnpm\u001b[0m\u001b[91m ERR! gyp info spawn args   '-I',\nnpm ERR!\u001b[0m\u001b[91m gyp info spawn args   '/usr/local/lib/node_modules/npm/node_modules/node-gyp/addon.gypi',\nnpm ERR! gyp info spawn args   '-I',\n\u001b[0m\u001b[91mnpm ERR!\u001b[0m\u001b[91m gyp info spawn args   '/root/.cache/node-gyp/19.3.0/include/node/common.gypi',\nnpm ERR!\u001b[0m\u001b[91m gyp info spawn args   '-Dlibrary=shared_library',\nnpm ERR! gyp info spawn args   '-Dvisibility=default',\nnpm ERR!\u001b[0m\u001b[91m gyp info spawn args   '-Dnode_root_dir=/root/.cache/node-gyp/19.3.0',\nnpm ERR! gyp info spawn args   '-Dnode_gyp_dir=/usr/local/lib/node_modules/npm/node_modules/node-gyp',\nnpm ERR!\u001b[0m\u001b[91m gyp info spawn args   '-Dnode_lib_file=/root/.cache/node-gyp/19.3.0/<(target_arch)/node.lib',\nnpm ERR!\u001b[0m\u001b[91m gyp info spawn args   '-Dmodule_root_dir=/usr/src/app/node_modules/bcrypt',\nnpm ERR!\u001b[0m\u001b[91m gyp info spawn args   '-Dnode_engine=v8',\nnpm \u001b[0m\u001b[91mERR!\u001b[0m\u001b[91m gyp info spawn args   '--depth=.',\nnpm \u001b[0m\u001b[91mERR!\u001b[0m\u001b[91m gyp info spawn args   '--no-parallel',\nnpm ERR!\u001b[0m\u001b[91m gyp info spawn args   '--generator-output',\nnpm\u001b[0m\u001b[91m \u001b[0m\u001b[91mERR!\u001b[0m\u001b[91m gyp info spawn args   'build',\nnpm \u001b[0m\u001b[91mERR!\u001b[0m\u001b[91m gyp info spawn args   '-Goutput_dir=.'\nnpm ERR!\u001b[0m\u001b[91m gyp info spawn args ]\nnpm ERR! gyp info ok \nnpm\u001b[0m\u001b[91m ERR!\u001b[0m\u001b[91m gyp info it worked if it ends with ok\n\u001b[0m\u001b[91mnpm\u001b[0m\u001b[91m ERR!\u001b[0m\u001b[91m gyp info using node-gyp@9.3.0\nnpm ERR!\u001b[0m\u001b[91m gyp info using node@19.3.0 | linux | x64\nnpm \u001b[0m\u001b[91mERR! gyp info spawn make\nnpm ERR!\u001b[0m\u001b[91m gyp info spawn args [ 'BUILDTYPE=Release', '-C', 'build' ]\nnpm ERR!\u001b[0m\u001b[91m In file included from ../node_modules/nan/nan.h:173,\nnpm ERR!\u001b[0m\u001b[91m                  from ../src/bcrypt_node.cc:1:\nnpm\u001b[0m\u001b[91m ERR!\u001b[0m\u001b[91m ../node_modules/nan/nan_callbacks.h:55:23: error: 'AccessorSignature' is not a member of 'v8'\nnpm ERR!\u001b[0m\u001b[91m    55 | typedef v8::Local<v8::AccessorSignature> Sig;\nnpm \u001b[0m\u001b[91mERR!       |                       ^~~~~~~~~~~~~~~~~\n\u001b[0m\u001b[91mnpm \u001b[0m\u001b[91mERR!\u001b[0m\u001b[91m ../node_modules/nan/nan_callbacks.h:55:40: error: template argument 1 is invalid\nnpm\u001b[0m\u001b[91m ERR!    55 | typedef v8::Local<v8::AccessorSignature> Sig;\nnpm \u001b[0m\u001b[91mERR!       |                                        ^\n\u001b[0m\u001b[91mnpm\u001b[0m\u001b[91m \u001b[0m\u001b[91mERR! In file included from ../src/bcrypt_node.cc:1:\nnpm\u001b[0m\u001b[91m ERR! ../node_modules/nan/nan.h: In function 'void Nan::AsyncQueueWorker(Nan::AsyncWorker*)':\nnpm \u001b[0m\u001b[91mERR!\u001b[0m\u001b[91m ../node_modules/nan/nan.h:2232:7: warning: cast between incompatible function types from 'void (*)(uv_work_t*)' {aka 'void (*)(uv_work_s*)'} to 'uv_after_work_cb' {aka 'void (*)(uv_work_s*, int)'} [-Wcast-function-type]\nnpm ERR!\u001b[0m\u001b[91m  2232 |     , reinterpret_cast<uv_after_work_cb>(AsyncExecuteComplete)\nnpm ERR!       |       ^~~~~~~~~~~~~~~~~~~~~~~~~~~~~~~~~~~~~~~~~~~~~~~~~~~~~~~~\nnpm ERR! ../node_modules/nan/nan.h: In function 'void Nan::SetAccessor(v8::Local<v8::ObjectTemplate>, v8::Local<v8::String>, Nan::GetterCallback, Nan::SetterCallback, v8::Local<v8::Value>, v8::AccessControl, v8::PropertyAttribute, Nan::imp::Sig)':\nnpm ERR!\u001b[0m\u001b[91m ../node_modules/nan/nan.h:2477:16: error: no matching function for call to 'v8::ObjectTemplate::SetAccessor(v8::Local<v8::String>&, void (*&)(v8::Local<v8::Name>, const v8::PropertyCallbackInfo<v8::Value>&), void (*&)(v8::Local<v8::Name>, v8::Local<v8::Value>, const v8::PropertyCallbackInfo<void>&), v8::Local<v8::Object>&, v8::AccessControl&, v8::PropertyAttribute&, Nan::imp::Sig&)'\nnpm ERR!\u001b[0m\u001b[91m  2477 |     , signature);\nnpm ERR!\u001b[0m\u001b[91m       |                ^\nnpm ERR!\u001b[0m\u001b[91m In file included from /root/.cache/node-gyp/19.3.0/include/node/v8-function.h:15,\nnpm ERR!                  from /root/.cache/node-gyp/19.3.0/include/node/v8.h:33,\nnpm\u001b[0m\u001b[91m ERR!                  from /root/.cache/node-gyp/19.3.0/include/node/node.h:73,\nnpm ERR!\u001b[0m\u001b[91m                  from ../node_modules/nan/nan.h:53,\nnpm ERR!\u001b[0m\u001b[91m                  from ../src/bcrypt_node.cc:1:\nnpm ERR!\u001b[0m\u001b[91m /root/.cache/node-gyp/19.3.0/include/node/v8-template.h:807:8: note: candidate: 'void v8::ObjectTemplate::SetAccessor(v8::Local<v8::String>, v8::AccessorGetterCallback, v8::AccessorSetterCallback, v8::Local<v8::Value>, v8::AccessControl, v8::PropertyAttribute, v8::SideEffectType, v8::SideEffectType)'\nnpm ERR!   807 |   void SetAccessor(\n\u001b[0m\u001b[91mnpm \u001b[0m\u001b[91mERR!       |        ^~~~~~~~~~~\n\u001b[0m\u001b[91mnpm\u001b[0m\u001b[91m ERR!\u001b[0m\u001b[91m /root/.cache/node-gyp/19.3.0/include/node/v8-template.h:812:22: note:   no known conversion for argument 7 from 'Nan::imp::Sig' {aka 'int'} to 'v8::SideEffectType'\nnpm\u001b[0m\u001b[91m ERR!\u001b[0m\u001b[91m   812 |       SideEffectType getter_side_effect_type = SideEffectType::kHasSideEffect,\nnpm ERR!\u001b[0m\u001b[91m       |       ~~~~~~~~~~~~~~~^~~~~~~~~~~~~~~~~~~~~~~~~~~~~~~~~~~~~~~~~~~~~~~~~~~~~~~~\nnpm ERR! /root/.cache/node-gyp/19.3.0/include/node/v8-template.h:814:8: note: candidate: 'void v8::ObjectTemplate::SetAccessor(v8::Local<v8::Name>, v8::AccessorNameGetterCallback, v8::AccessorNameSetterCallback, v8::Local<v8::Value>, v8::AccessControl, v8::PropertyAttribute, v8::SideEffectType, v8::SideEffectType)'\nnpm\u001b[0m\u001b[91m ERR!   814 |   void SetAccessor(\nnpm ERR!\u001b[0m\u001b[91m       |        ^~~~~~~~~~~\nnpm \u001b[0m\u001b[91mERR! /root/.cache/node-gyp/19.3.0/include/node/v8-template.h:819:22: note:   no known conversion for argument 7 from 'Nan::imp::Sig' {aka 'int'} to 'v8::SideEffectType'\n\u001b[0m\u001b[91mnpm ERR!\u001b[0m\u001b[91m   819 |       SideEffectType getter_side_effect_type = SideEffectType::kHasSideEffect,\nnpm \u001b[0m\u001b[91mERR!\u001b[0m\u001b[91m       |       ~~~~~~~~~~~~~~~^~~~~~~~~~~~~~~~~~~~~~~~~~~~~~~~~~~~~~~~~~~~~~~~~~~~~~~~\nnpm \u001b[0m\u001b[91mERR!\u001b[0m\u001b[91m In file included from ../node_modules/nan/nan.h:2818,\nnpm\u001b[0m\u001b[91m ERR!                  from ../src/bcrypt_node.cc:1:\nnpm \u001b[0m\u001b[91mERR! ../node_modules/nan/nan_typedarray_contents.h: In constructor 'Nan::TypedArrayContents<T>::TypedArrayContents(v8::Local<v8::Value>)':\nnpm\u001b[0m\u001b[91m \u001b[0m\u001b[91mERR!\u001b[0m\u001b[91m ../node_modules/nan/nan_typedarray_contents.h:34:43: error: 'class v8::ArrayBuffer' has no member named 'GetContents'\nnpm \u001b[0m\u001b[91mERR!\u001b[0m\u001b[91m    34 |       data   = static_cast<char*>(buffer->GetContents().Data()) + byte_offset;\nnpm\u001b[0m\u001b[91m ERR!       |                                           ^~~~~~~~~~~\n\u001b[0m\u001b[91mnpm ERR! In file included from ../node_modules/nan/nan.h:53,\n\u001b[0m\u001b[91mnpm ERR!                  from ../src/bcrypt_node.cc:1:\n\u001b[0m\u001b[91mnpm \u001b[0m\u001b[91mERR! ../src/bcrypt_node.cc: At global scope:\nnpm \u001b[0m\u001b[91mERR! /root/.cache/node-gyp/19.3.0/include/node/node.h:993:7: warning: cast between incompatible function types from 'void (*)(Nan::ADDON_REGISTER_FUNCTION_ARGS_TYPE)' {aka 'void (*)(v8::Local<v8::Object>)'} to 'node::addon_register_func' {aka 'void (*)(v8::Local<v8::Object>, v8::Local<v8::Value>, void*)'} [-Wcast-function-type]\n\u001b[0m\u001b[91mnpm ERR!\u001b[0m\u001b[91m   993 |       (node::addon_register_func) (regfunc),                          \\\nnpm ERR!\u001b[0m\u001b[91m       |       ^~~~~~~~~~~~~~~~~~~~~~~~~~~~~~~~~~~~~\nnpm ERR!\u001b[0m\u001b[91m /root/.cache/node-gyp/19.3.0/include/node/node.h:1027:3: note: in expansion of macro 'NODE_MODULE_X'\nnpm ERR!  1027 |   NODE_MODULE_X(modname, regfunc, NULL, 0)  // NOLINT (readability/null_usage)\nnpm \u001b[0m\u001b[91mERR!       |   ^~~~~~~~~~~~~\nnpm ERR!\u001b[0m\u001b[91m ../src/bcrypt_node.cc:378:1: note: in expansion of macro 'NODE_MODULE'\nnpm ERR!   378 | NODE_MODULE(bcrypt_lib, init);\n\u001b[0m\u001b[91mnpm ERR!\u001b[0m\u001b[91m       | ^~~~~~~~~~~\nnpm \u001b[0m\u001b[91mERR!\u001b[0m\u001b[91m make: *** [bcrypt_lib.target.mk:115: Release/obj.target/bcrypt_lib/src/bcrypt_node.o] Error 1\nnpm\u001b[0m\u001b[91m ERR!\u001b[0m\u001b[91m gyp ERR! build error \nnpm \u001b[0m\u001b[91mERR! gyp ERR! stack Error: `make` failed with exit code: 2\n\u001b[0m\u001b[91mnpm ERR! gyp ERR! stack     at ChildProcess.onExit (/usr/local/lib/node_modules/npm/node_modules/node-gyp/lib/build.js:203:23)\nnpm \u001b[0m\u001b[91mERR! gyp ERR! stack     at ChildProcess.emit (node:events:513:28)\n\u001b[0m\u001b[91mnpm\u001b[0m\u001b[91m ERR!\u001b[0m\u001b[91m gyp ERR! stack     at ChildProcess._handle.onexit (node:internal/child_process:293:12)\n\u001b[0m\u001b[91mnpm ERR!\u001b[0m\u001b[91m gyp ERR! System Linux 5.4.0-113-generic\nnpm ERR!\u001b[0m\u001b[91m gyp ERR! command \"/usr/local/bin/node\" \"/usr/local/lib/node_modules/npm/node_modules/node-gyp/bin/node-gyp.js\" \"build\" \"--fallback-to-build\" \"--module=/usr/src/app/node_modules/bcrypt/lib/binding/bcrypt_lib.node\" \"--module_name=bcrypt_lib\" \"--module_path=/usr/src/app/node_modules/bcrypt/lib/binding\" \"--napi_version=8\" \"--node_abi_napi=napi\" \"--napi_build_version=0\" \"--node_napi_label=node-v111\"\nnpm ERR! gyp ERR! cwd /usr/src/app/node_modules/bcrypt\n\u001b[0m\u001b[91mnpm ERR! gyp ERR! node -v v19.3.0\nnpm ERR! gyp ERR! node-gyp -v v9.3.0\nnpm\u001b[0m\u001b[91m ERR! gyp ERR! not ok \nnpm \u001b[0m\u001b[91mERR!\u001b[0m\u001b[91m node-pre-gyp ERR! build error \n\u001b[0m\u001b[91mnpm ERR! node-pre-gyp ERR! stack Error: Failed to execute '/usr/local/bin/node /usr/local/lib/node_modules/npm/node_modules/node-gyp/bin/node-gyp.js build --fallback-to-build --module=/usr/src/app/node_modules/bcrypt/lib/binding/bcrypt_lib.node --module_name=bcrypt_lib --module_path=/usr/src/app/node_modules/bcrypt/lib/binding --napi_version=8 --node_abi_napi=napi --napi_build_version=0 --node_napi_label=node-v111' (1)\n\u001b[0m\u001b[91mnpm ERR! node-pre-gyp ERR! stack     at ChildProcess.<anonymous> (/usr/src/app/node_modules/node-pre-gyp/lib/util/compile.js:83:29)\nnpm\u001b[0m\u001b[91m \u001b[0m\u001b[91mERR!\u001b[0m\u001b[91m node-pre-gyp ERR! stack     at ChildProcess.emit (node:events:513:28)\nnpm ERR! node-pre-gyp ERR! stack     at maybeClose (node:internal/child_process:1098:16)\nnpm ERR!\u001b[0m\u001b[91m node-pre-gyp ERR! stack     at ChildProcess._handle.onexit (node:internal/child_process:304:5)\nnpm ERR!\u001b[0m\u001b[91m node-pre-gyp ERR! System Linux 5.4.0-113-generic\nnpm\u001b[0m\u001b[91m ERR!\u001b[0m\u001b[91m node-pre-gyp ERR! command \"/usr/local/bin/node\" \"/usr/src/app/node_modules/.bin/node-pre-gyp\" \"install\" \"--fallback-to-build\"\nnpm \u001b[0m\u001b[91mERR! node-pre-gyp ERR! cwd /usr/src/app/node_modules/bcrypt\n\u001b[0m\u001b[91mnpm\u001b[0m\u001b[91m ERR!\u001b[0m\u001b[91m node-pre-gyp ERR! node -v v19.3.0\n\u001b[0m\u001b[91mnpm \u001b[0m\u001b[91mERR! node-pre-gyp ERR! node-pre-gyp -v v0.12.0\nnpm\u001b[0m\u001b[91m ERR!\u001b[0m\u001b[91m node-pre-gyp ERR! not ok\n\u001b[0m\u001b[91m\n\u001b[0m\u001b[91mnpm ERR! A complete log of this run can be found in:\nnpm ERR!\u001b[0m\u001b[91m     /root/.npm/_logs/2023-01-06T09_48_02_043Z-debug-0.log\n\u001b[0mRemoving intermediate container 8ed734ec7899\n","stderr":"The command '/bin/sh -c npm install' returned a non-zero code: 1\n"}}