{"repository":"https://github.com/vikwin/pcapfex","dockerfilePath":"Dockerfile","startTime":1673031805523,"endTime":1673031878946,"clone":{"startTime":1673031805524,"stdout":"","stderr":"Cloning into '/tmp/dinghy-analysis/vikwin/pcapfex'...\n","error":null,"endTime":1673031807058,"commit":"c51055a32119ab806a5875aa57913cca74a8e0c5"},"originalBuild":{"startTime":1673031807131,"endTime":1673031878869,"error":{"code":1,"killed":false,"signal":null,"cmd":"docker build --no-cache --force-rm -t pcapfex:latest -f /tmp/dinghy-analysis/vikwin/pcapfex/Dockerfile ."},"stdout":"Sending build context to Docker daemon  29.63MB\r\r\nStep 1/5 : FROM python:2.7-alpine\n2.7-alpine: Pulling from library/python\naad63a933944: Pulling fs layer\n259d822268fb: Pulling fs layer\n10ba96d218d3: Pulling fs layer\n44ba9f6a4209: Pulling fs layer\n44ba9f6a4209: Waiting\n259d822268fb: Download complete\naad63a933944: Verifying Checksum\naad63a933944: Download complete\n10ba96d218d3: Verifying Checksum\n10ba96d218d3: Download complete\n44ba9f6a4209: Verifying Checksum\n44ba9f6a4209: Download complete\naad63a933944: Pull complete\n259d822268fb: Pull complete\n10ba96d218d3: Pull complete\n44ba9f6a4209: Pull complete\nDigest: sha256:724d0540eb56ffaa6dd770aa13c3bc7dfc829dec561d87cb36b2f5b9ff8a760a\nStatus: Downloaded newer image for python:2.7-alpine\n ---> 8579e446340f\nStep 2/5 : RUN apk --no-cache add gcc musl-dev\n ---> Running in 0eb5ceaa9a08\nfetch http://dl-cdn.alpinelinux.org/alpine/v3.11/main/x86_64/APKINDEX.tar.gz\nfetch http://dl-cdn.alpinelinux.org/alpine/v3.11/community/x86_64/APKINDEX.tar.gz\n(1/12) Upgrading musl (1.1.24-r2 -> 1.1.24-r3)\n(2/12) Installing libgcc (9.3.0-r0)\n(3/12) Installing libstdc++ (9.3.0-r0)\n(4/12) Installing binutils (2.33.1-r1)\n(5/12) Installing gmp (6.1.2-r1)\n(6/12) Installing isl (0.18-r0)\n(7/12) Installing libgomp (9.3.0-r0)\n(8/12) Installing libatomic (9.3.0-r0)\n(9/12) Installing mpfr4 (4.0.2-r1)\n(10/12) Installing mpc1 (1.1.0-r1)\n(11/12) Installing gcc (9.3.0-r0)\n(12/12) Installing musl-dev (1.1.24-r3)\nExecuting busybox-1.31.1-r9.trigger\nOK: 117 MiB in 43 packages\nRemoving intermediate container 0eb5ceaa9a08\n ---> 3c2d61d02f9e\nStep 3/5 : RUN pip install dpkt regex\n ---> Running in 154317e25fb1\n\u001b[91mDEPRECATION: Python 2.7 reached the end of its life on January 1st, 2020. Please upgrade your Python as Python 2.7 is no longer maintained. A future version of pip will drop support for Python 2.7. More details about Python 2 support in pip, can be found at https://pip.pypa.io/en/latest/development/release-process/#python-2-support\n\u001b[0mCollecting dpkt\n  Downloading dpkt-1.9.8.tar.gz (180 kB)\nCollecting regex\n  Downloading regex-2022.1.18.tar.gz (382 kB)\nBuilding wheels for collected packages: dpkt, regex\n  Building wheel for dpkt (setup.py): started\n  Building wheel for dpkt (setup.py): finished with status 'done'\n  Created wheel for dpkt: filename=dpkt-1.9.8-py2-none-any.whl size=194961 sha256=b52f3765d5bfa2995d0123788a0740a2cdd2ce35cf509e636e58d9d8a6ae69ef\n  Stored in directory: /root/.cache/pip/wheels/d6/24/0b/45e5ef43a490316921d9962ab80a1e226894e72533ed524f1b\n  Building wheel for regex (setup.py): started\n  Building wheel for regex (setup.py): finished with status 'error'\n\u001b[91m  ERROR: Command errored out with exit status 1:\n   command: /usr/local/bin/python -u -c 'import sys, setuptools, tokenize; sys.argv[0] = '\"'\"'/tmp/pip-install-20_zGK/regex/setup.py'\"'\"'; __file__='\"'\"'/tmp/pip-install-20_zGK/regex/setup.py'\"'\"';f=getattr(tokenize, '\"'\"'open'\"'\"', open)(__file__);code=f.read().replace('\"'\"'\\r\\n'\"'\"', '\"'\"'\\n'\"'\"');f.close();exec(compile(code, __file__, '\"'\"'exec'\"'\"'))' bdist_wheel -d /tmp/pip-wheel-OF5lqI\n       cwd: /tmp/pip-install-20_zGK/regex/\n  Complete output (1466 lines):\n  running bdist_wheel\n  running build\n  running build_py\n  creating build\n  creating build/lib.linux-x86_64-2.7\n  creating build/lib.linux-x86_64-2.7/regex\n  copying regex_3/__init__.py -> build/lib.linux-x86_64-2.7/regex\n  copying regex_3/regex.py -> build/lib.linux-x86_64-2.7/regex\n  copying regex_3/_regex_core.py -> build/lib.linux-x86_64-2.7/regex\n  copying regex_3/test_regex.py -> build/lib.linux-x86_64-2.7/regex\n  running build_ext\n  building 'regex._regex' extension\n  creating build/temp.linux-x86_64-2.7\n  creating build/temp.linux-x86_64-2.7/regex_3\n  gcc -fno-strict-aliasing -g -O2 -DNDEBUG -g -fwrapv -O3 -Wall -Wstrict-prototypes -DTHREAD_STACK_SIZE=0x100000 -fPIC -I/usr/local/include/python2.7 -c regex_3/_regex.c -o build/temp.linux-x86_64-2.7/regex_3/_regex.o\n  regex_3/_regex.c: In function 'bytes1_char_at':\n  regex_3/_regex.c:755:15: error: 'Py_UCS1' undeclared (first use in this function); did you mean 'Py_UCS4'?\n    755 |     return *((Py_UCS1*)text + pos);\n        |               ^~~~~~~\n        |               Py_UCS4\n  regex_3/_regex.c:755:15: note: each undeclared identifier is reported only once for each function it appears in\n  regex_3/_regex.c:755:23: error: expected expression before ')' token\n    755 |     return *((Py_UCS1*)text + pos);\n        |                       ^\n  regex_3/_regex.c: In function 'bytes1_set_char_at':\n  regex_3/_regex.c:760:8: error: 'Py_UCS1' undeclared (first use in this function); did you mean 'Py_UCS4'?\n    760 |     *((Py_UCS1*)text + pos) = (Py_UCS1)ch;\n        |        ^~~~~~~\n        |        Py_UCS4\n  regex_3/_regex.c:760:16: error: expected expression before ')' token\n    760 |     *((Py_UCS1*)text + pos) = (Py_UCS1)ch;\n        |                ^\n  regex_3/_regex.c:760:40: error: expected ';' before 'ch'\n    760 |     *((Py_UCS1*)text + pos) = (Py_UCS1)ch;\n        |                                        ^~\n        |                                        ;\n  regex_3/_regex.c: In function 'bytes1_point_to':\n  regex_3/_regex.c:765:13: error: 'Py_UCS1' undeclared (first use in this function); did you mean 'Py_UCS4'?\n    765 |     return (Py_UCS1*)text + pos;\n        |             ^~~~~~~\n        |             Py_UCS4\n  regex_3/_regex.c:765:21: error: expected expression before ')' token\n    765 |     return (Py_UCS1*)text + pos;\n        |                     ^\n  regex_3/_regex.c: In function 'bytes2_char_at':\n  regex_3/_regex.c:770:15: error: 'Py_UCS2' undeclared (first use in this function); did you mean 'Py_UCS4'?\n    770 |     return *((Py_UCS2*)text + pos);\n        |               ^~~~~~~\n        |               Py_UCS4\n  regex_3/_regex.c:770:23: error: expected expression before ')' token\n    770 |     return *((Py_UCS2*)text + pos);\n        |                       ^\n  regex_3/_regex.c: In function 'bytes2_set_char_at':\n  regex_3/_regex.c:775:8: error: 'Py_UCS2' undeclared (first use in this function); did you mean 'Py_UCS4'?\n    775 |     *((Py_UCS2*)text + pos) = (Py_UCS2)ch;\n        |        ^~~~~~~\n        |        Py_UCS4\n  regex_3/_regex.c:775:16: error: expected expression before ')' token\n    775 |     *((Py_UCS2*)text + pos) = (Py_UCS2)ch;\n        |                ^\n  regex_3/_regex.c:775:40: error: expected ';' before 'ch'\n    775 |     *((Py_UCS2*)text + pos) = (Py_UCS2)ch;\n        |                                        ^~\n        |                                        ;\n  regex_3/_regex.c: In function 'bytes2_point_to':\n  regex_3/_regex.c:780:13: error: 'Py_UCS2' undeclared (first use in this function); did you mean 'Py_UCS4'?\n    780 | \u001b[0m\u001b[91m    return (Py_UCS2*)text + pos;\n        |             ^~~~~~~\n        |             Py_UCS4\n  regex_3/_regex.c:780:21: error: expected expression before ')' token\n    780 |     return (Py_UCS2*)text + pos;\n        |                     ^\n  regex_3/_regex.c: In function 'set_error':\n  regex_3/_regex.c:2103:25: error: 'PyExc_TimeoutError' undeclared (first use in this function); did you mean 'PyExc_ImportError'?\n   2103 |         PyErr_SetString(PyExc_TimeoutError, \"regex timed out\");\n        |                         ^~~~~~~~~~~~~~~~~~\n        |                         PyExc_ImportError\n  regex_3/_regex.c: In function 'match_many_ANY':\n  regex_3/_regex.c:3468:9: error: unknown type name 'Py_UCS1'; did you mean 'Py_UCS4'?\n   3468 |         Py_UCS1* text_ptr;\n        |         ^~~~~~~\n        |         Py_UCS4\n  regex_3/_regex.c:3469:9: error: unknown type name 'Py_UCS1'; did you mean 'Py_UCS4'?\n   3469 |         Py_UCS1* limit_ptr;\n        |         ^~~~~~~\n        |         Py_UCS4\n  regex_3/_regex.c:3471:21: error: 'Py_UCS1' undeclared (first use in this function); did you mean 'Py_UCS4'?\n   3471 |         text_ptr = (Py_UCS1*)text + text_pos;\n        |                     ^~~~~~~\n        |                     Py_UCS4\n  regex_3/_regex.c:3471:29: error: expected expression before ')' token\n   3471 |         text_ptr = (Py_UCS1*)text + text_pos;\n        |                             ^\n  regex_3/_regex.c:3472:30: error: expected expression before ')' token\n   3472 |         limit_ptr = (Py_UCS1*)text + limit;\n        |                              ^\n  regex_3/_regex.c:3477:40: error: expected expression before ')' token\n   3477 |         text_pos = text_ptr - (Py_UCS1*)text;\n        |                                        ^\n  regex_3/_regex.c:3482:9: error: unknown type name 'Py_UCS2'; did you mean 'Py_UCS4'?\n   3482 |         Py_UCS2* text_ptr;\n        |         ^~~~~~~\n        |         Py_UCS4\n  regex_3/_regex.c:3483:9: error: unknown type name 'Py_UCS2'; did you mean 'Py_UCS4'?\n   3483 |         Py_UCS2* limit_ptr;\n        |         ^~~~~~~\n        |         Py_UCS4\n  regex_3/_regex.c:3485:21: error: 'Py_UCS2' undeclared (first use in this function); did you mean 'Py_UCS4'?\n   3485 |         text_ptr = (Py_UCS2*)text + text_pos;\n        |                     ^~~~~~~\n        |                     Py_UCS4\n  regex_3/_regex.c:3485:29: error: expected expression before ')' token\n   3485 |         text_ptr = (Py_UCS2*)text + text_pos;\n        |                             ^\n  regex_3/_regex.c:3486:30: error: expected expression before ')' token\n   3486 |         limit_ptr = (Py_UCS2*)text + limit;\n        |                              ^\n  regex_3/_regex.c:3491:40: error: expected expression before ')' token\n   3491 |         text_pos = text_ptr - (Py_UCS2*)text;\n        |                                        ^\n  regex_3/_regex.c: In function 'match_many_ANY_REV':\n  regex_3/_regex.c:3523:9: error: unknown type name 'Py_UCS1'; did you mean 'Py_UCS4'?\n   3523 |         Py_UCS1* text_ptr;\n        |         ^~~~~~~\n        |         Py_UCS4\n  regex_3/_regex.c:3524:9: error: unknown type name 'Py_UCS1'; did you mean 'Py_UCS4'?\n   3524 |         Py_UCS1* limit_ptr;\n        |         ^~~~~~~\n        |         Py_UCS4\n  regex_3/_regex.c:3526:21: error: 'Py_UCS1' undeclared (first use in this function); did you mean 'Py_UCS4'?\n   3526 |         text_ptr = (Py_UCS1*)text + text_pos;\n        |                     ^~~~~~~\n        |                     Py_UCS4\n  regex_3/_regex.c:3526:29: error: expected expression before ')' token\n   3526 |         text_ptr = (Py_UCS1*)text + text_pos;\n        |                             ^\n  regex_3/_regex.c:3527:30: error: expected expression before ')' token\n   3527 |         limit_ptr = (Py_UCS1*)text + limit;\n        |                              ^\n  regex_3/_regex.c:3532:40: error: expected expression before ')' token\n   3532 |         text_pos = text_ptr - (Py_UCS1*)text;\n        |                                        ^\n  regex_3/_regex.c:3537:9: error: unknown type name 'Py_UCS2'; did you mean 'Py_UCS4'?\n   3537 |         Py_UCS2* text_ptr;\n        |         ^~~~~~~\n        |         Py_UCS4\n  regex_3/_regex.c:3538:9: error: unknown type name 'Py_UCS2'; did you mean 'Py_UCS4'?\n   3538 |         Py_UCS2* limit_ptr;\n        |         ^~~~~~~\n        |         Py_UCS4\n  regex_3/_regex.c:3540:21: error: 'Py_UCS2' undeclared (first use in this function); did you mean 'Py_UCS4'?\n   3540 |         text_ptr = (Py_UCS2*)text + text_pos;\n        |                     ^~~~~~~\n        |                     Py_UCS4\n  regex_3/_regex.c:3540:29: error: expected expression before ')' token\n   3540 |         text_ptr = (Py_UCS2*)text + text_pos;\n        |                             ^\n  regex_3/_regex.c:3541:30: error: expected expression before ')' token\n   3541 |         limit_ptr = (Py_UCS2*)text + limit;\n        |                              ^\n  regex_3/_regex.c:3546:40: error: expected expression before ')' token\n   3546 |         text_pos = text_ptr - (Py_UCS2*)text;\n        |                                        ^\n  regex_3/_regex.c: In function 'match_many_ANY_U':\n  regex_3/_regex.c:3580:9: error: unknown type name 'Py_UCS1'; did you mean 'Py_UCS4'?\n   3580 |         Py_UCS1* text_ptr;\n        |         ^~~~~~~\n        |         Py_UCS4\n  regex_3/_regex.c:3581:9: error: unknown type name 'Py_UCS1'; did you mean 'Py_UCS4'?\n   3581 |         Py_UCS1* limit_ptr;\n        |         ^~~~~~~\n        |         Py_UCS4\n  regex_3/_regex.c:3583:21: error: 'Py_UCS1' undeclared (first use in this function); did you mean 'Py_UCS4'?\n   3583 |         text_ptr = (Py_UCS1*)text + text_pos;\n        |                     ^~~~~~~\n        |                     Py_UCS4\n  regex_3/_regex.c:3583:29: error: expected expression before ')' token\n   3583 |         text_ptr = (Py_UCS1*)text + text_pos;\n        |                             ^\n  regex_3/_regex.c:3584:30: error: expected expression before ')' token\n   3584 |         limit_ptr = (Py_UCS1*)text + limit;\n        |                              ^\n  regex_3/_regex.c:3596:40: error: expected expression before ')' token\n   3596 |         text_pos = text_ptr - (Py_UCS1*)text;\n        |                                        ^\n  regex_3/_regex.c:3601:9: error: unknown type name 'Py_UCS2'; did you mean 'Py_UCS4'?\n   3601 |         Py_UCS2* text_ptr;\n        |         ^~~~~~~\n        |         Py_UCS4\n  regex_3/_regex.c:3602:9: error: unknown type name 'Py_UCS2'; did you mean 'Py_UCS4'?\n   3602 |         Py_UCS2* limit_ptr;\n        |         ^~~~~~~\n        |         Py_UCS4\n  regex_3/_regex.c:3604:21: error: 'Py_UCS2' undeclared (first use in this function); did you mean 'Py_UCS4'?\n   3604 |         text_ptr = (Py_UCS2*)text + text_pos;\n        |                     ^~~~~~~\n        |                     Py_UCS4\n  regex_3/_regex.c:3604:29: error: expected expression before ')' token\n   3604 |         text_ptr = (Py_UCS2*)text + text_pos;\n        |                             ^\n  regex_3/_regex.c:3605:30: error: expected expression before ')' token\n   3605 |         limit_ptr = (Py_UCS2*)text + limit;\n        |                              ^\n  regex_3/_regex.c:3617:40: error: expected expression before ')' token\n   3617 |         text_pos = text_ptr - (Py_UCS2*)text;\n        |                                        ^\n  regex_3/_regex.c: In function 'match_many_ANY_U_REV':\n  regex_3/_regex.c:3658:9: error: unknown type name 'Py_UCS1'; did you mean 'Py_UCS4'?\n   3658 |         Py_UCS1* text_ptr;\n        |         ^~~~~~~\n        |         Py_UCS4\n  regex_3/_regex.c:3659:9: error: unknown type name 'Py_UCS1'; did you mean 'Py_UCS4'?\n   3659 |         Py_UCS1* limit_ptr;\n        |         ^~~~~~~\n        |         Py_UCS4\n  regex_3/_regex.c:3661:21: error: 'Py_UCS1' undeclared (first use in this function); did you mean 'Py_UCS4'?\n   3661 |         text_ptr = (Py_UCS1*)text + text_pos;\n        |                     ^~~~~~~\n        |                     Py_UCS4\n  regex_3/_regex.c:3661:29: error: expected expression before ')' token\n   3661 |         text_ptr = (Py_UCS1*)text + text_pos;\n        |                             ^\n  regex_3/_regex.c:3662:30: error: expected expression before ')' token\n   3662 |         limit_ptr = (Py_UCS1*)text + limit;\n        |                              ^\n  regex_3/_regex.c:3674:40: error: expected expression before ')' token\n   3674 |         text_pos = text_ptr - (Py_UCS1*)text;\n        |                                        ^\n  regex_3/_regex.c:3679:9: error: unknown type name 'Py_UCS2'; did you mean 'Py_UCS4'?\n   3679 |         Py_UCS2* text_ptr;\n        |         ^~~~~~~\n        |         Py_UCS4\n  regex_3/_regex.c:3680:9: error: unknown type name 'Py_UCS2'; did you mean 'Py_UCS4'?\n   3680 |         Py_UCS2* limit_ptr;\n        |         ^~~~~~~\n        |         Py_UCS4\n  regex_3/_regex.c:3682:21: error: 'Py_UCS2' undeclared (first use in this function); did you mean 'Py_UCS4'?\n   3682 |         text_ptr = (Py_UCS2*)text + text_pos;\n        |                     ^~~~~~~\n        |                     Py_UCS4\n  regex_3/_regex.c:3682:29: error: expected expression before ')' token\n   3682 |         text_ptr = (Py_UCS2*)text + text_pos;\n        |                             ^\n  regex_3/_regex.c:3683:30: error: expected expression before ')' token\n   3683 |         limit_ptr = (Py_UCS2*)text + limit;\n        |                              ^\n  regex_3/_regex.c:3695:40: error: expected expression before ')' token\n   3695 |         text_pos = text_ptr - (Py_UCS2*)text;\n        |                                        ^\n  regex_3/_regex.c: In function 'match_many_CHARACTER':\n  regex_3/_regex.c:3737:9: error: unknown type name 'Py_UCS1'; did you mean 'Py_UCS4'?\n   3737 |         Py_UCS1* text_ptr;\n        |         ^~~~~~~\n        |         Py_UCS4\n  regex_3/_regex.c:3738:9: error: unknown type name 'Py_UCS1'; did you mean 'Py_UCS4'?\n   3738 |         Py_UCS1* limit_ptr;\n        |         ^~~~~~~\n        |         Py_UCS4\n  regex_3/_regex.c:3740:21: error: 'Py_UCS1' undeclared (first use in this function); did you mean 'Py_UCS4'?\n   3740 |         text_ptr = (Py_UCS1*)text + text_pos;\n        |                     ^~~~~~~\n        |                     Py_UCS4\n  regex_3/_regex.c:3740:29: error: expected expression before ')' token\n   3740 |         text_ptr = (Py_UCS1*)text + text_pos;\n        |                             ^\n  regex_3/_regex.c:3741:30: error: expected expression before ')' token\n   3741 |         limit_ptr = (Py_UCS1*)text + limit;\n        |                              ^\n  regex_3/_regex.c:3746:40: error: expected expression before ')' token\n   3746 |         text_pos = text_ptr - (Py_UCS1*)text;\n        |                                        ^\n  regex_3/_regex.c:3751:9: error: unknown type name 'Py_UCS2'; did you mean 'Py_UCS4'?\n   3751 |         Py_UCS2* text_ptr;\n        |         ^~~~~~~\n        |         Py_UCS4\n  regex_3/_regex.c:3752:9: error: unknown type name 'Py_UCS2'; did you mean 'Py_UCS4'?\n   3752 |         Py_UCS2* limit_ptr;\n        |         ^~~~~~~\n        |         Py_UCS4\n  regex_3/_regex.c:3754:21: error: 'Py_UCS2' undeclared (first use in this function); did you mean 'Py_UCS4'?\n   3754 |         text_ptr = (Py_UCS2*)text + text_pos;\n        |                     ^~~~~~~\n        |                     Py_UCS4\n  regex_3/_regex.c:3754:29: error: expected expression before ')' token\n   3754 |         text_ptr = (Py_UCS2*)text + text_pos;\n        |                             ^\n  regex_3/_regex.c:3755:30: error: expected expression before ')' token\n   3755 |         limit_ptr = (Py_UCS2*)text + limit;\n        |                              ^\n  regex_3/_regex.c:3760:40: error: expected expression before ')' token\n   3760 |         text_pos = text_ptr - (Py_UCS2*)text;\n        |                                        ^\n  regex_3/_regex.c: In function 'match_many_CHARACTER_IGN':\n  regex_3/_regex.c:3797:9: error: unknown type name 'Py_UCS1'; did you mean 'Py_UCS4'?\n   3797 |         Py_UCS1* text_ptr;\n        |         ^~~~~~~\n        |         Py_UCS4\n  regex_3/_regex.c:3798:9: error: unknown type name 'Py_UCS1'; did you mean 'Py_UCS4'?\n   3798 |         Py_UCS1* limit_ptr;\n        |         ^~~~~~~\n        |         Py_UCS4\n  regex_3/_regex.c:3800:21: error: 'Py_UCS1' undeclared (first use in this function); did you mean 'Py_UCS4'?\n   3800 |         text_ptr = (Py_UCS1*)text + text_pos;\n        |                     ^~~~~~~\n        |                     Py_UCS4\n  regex_3/_regex.c:3800:29: error: expected expression before ')' token\n   3800 |         text_ptr = (Py_UCS1*)text + text_pos;\n        |                             ^\n  regex_3/_regex.c:3801:30: error: expected expression before ')' token\n   3801 |         limit_ptr = (Py_UCS1*)text + limit;\n        |                              ^\n  regex_3/_regex.c:3807:40: error: expected expression before ')' token\n   3807 |         text_pos = text_ptr - (Py_UCS1*)text;\n        |                                        ^\n  regex_3/_regex.c:3812:9: error: unknown type name 'Py_UCS2'; did you mean 'Py_UCS4'?\n   3812 |         Py_UCS2* text_ptr;\n        |         ^~~~~~~\n        |         Py_UCS4\n  regex_3/_regex.c:3813:9: error: unknown type name 'Py_UCS2'; did you mean 'Py_UCS4'?\n   3813 |         Py_UCS2* limit_ptr;\n        |         ^~~~~~~\n        |         Py_UCS4\n  regex_3/_regex.c:3815:21: error: 'Py_UCS2' undeclared (first use in this function); did you mean 'Py_UCS4'?\n   3815 |         text_ptr = (Py_UCS2*)text + text_pos;\n        |                     ^~~~~~~\n        |                     Py_UCS4\n  regex_3/_regex.c:3815:29: error: expected expression before ')' token\n   3815 |         text_ptr = (Py_UCS2*)text + text_pos;\n        |                             ^\n  regex_3/_regex.c:3816:30: error: expected expression before ')' token\n   3816 |         limit_ptr = (Py_UCS2*)text + limit;\n        |                              ^\n  regex_3/_regex.c:3822:40: error: expected expression before ')' token\n   3822 |         text_pos = text_ptr - (Py_UCS2*)text;\n        |                                        ^\n  regex_3/_regex.c: In function 'match_many_CHARACTER_IGN_REV':\n  regex_3/_regex.c:3860:9: error: unknown type name 'Py_UCS1'; did you mean 'Py_UCS4'?\n   3860 |         Py_UCS1* text_ptr;\n        |         ^~~~~~~\n        |         Py_UCS4\n  regex_3/_regex.c:3861:9: error: unknown type name 'Py_UCS1'; did you mean 'Py_UCS4'?\n   3861 |         Py_UCS1* limit_ptr;\n        |         ^~~~~~~\n        |         Py_UCS4\n  regex_3/_regex.c:3863:21: error: 'Py_UCS1' undeclared (first use in this function); did you mean 'Py_UCS4'?\n   3863 |         text_ptr = (Py_UCS1*)text + text_pos;\n        |                     ^~~~~~~\n        |                     Py_UCS4\n  regex_3/_regex.c:3863:29: error: expected expression before ')' token\n   3863 |         text_ptr = (Py_UCS1*)text + text_pos;\n        |                             ^\n  regex_3/_regex.c:3864:30: error: expected expression before ')' token\n   3864 |         limit_ptr = (Py_UCS1*)text + limit;\n        |                              ^\n  regex_3/_regex.c:3870:40: error: expected expression before ')' token\n   3870 |         text_pos = text_ptr - (Py_UCS1*)text;\n        |                                        ^\n  regex_3/_regex.c:3875:9: error: unknown type name 'Py_UCS2'; did you mean 'Py_UCS4'?\n   3875 |         Py_UCS2* text_ptr;\n        |         ^~~~~~~\n        |         Py_UCS4\n  regex_3/_regex.c:3876:9: error: unknown type name 'Py_UCS2'; did you mean 'Py_UCS4'?\n   3876 |         Py_UCS2* limit_ptr;\n        |         ^~~~~~~\n        |         Py_UCS4\n  regex_3/_regex.c:3878:21: error: 'Py_UCS2' undeclared (first use in this function); did you mean 'Py_UCS4'?\n   3878 |         text_ptr = (Py_UCS2*)text + text_pos;\n        |                     ^~~~~~~\n        |                     Py_UCS4\n  regex_3/_regex.c:3878:29: error: expected expression before ')' token\n   3878 |         text_ptr = (Py_UCS2*)text + text_pos;\n        |                             ^\n  regex_3/_regex.c:3879:30: error: expected expression before ')' token\n   3879 |         limit_ptr = (Py_UCS2*)text + limit;\n        |                              ^\n  regex_3/_regex.c:3885:40: error: expected express\u001b[0m\u001b[91mion before ')' token\n   3885 |         text_pos = text_ptr - (Py_UCS2*)text;\n        |                                        ^\n  regex_3/_regex.c: In function 'match_many_CHARACTER_REV':\n  regex_3/_regex.c:3921:9: error: unknown type name 'Py_UCS1'; did you mean 'Py_UCS4'?\n   3921 |         Py_UCS1* text_ptr;\n        |         ^~~~~~~\n        |         Py_UCS4\n  regex_3/_regex.c:3922:9: error: unknown type name 'Py_UCS1'; did you mean 'Py_UCS4'?\n   3922 |         Py_UCS1* limit_ptr;\n        |         ^~~~~~~\n        |         Py_UCS4\n  regex_3/_regex.c:3924:21: error: 'Py_UCS1' undeclared (first use in this function); did you mean 'Py_UCS4'?\n   3924 |         text_ptr = (Py_UCS1*)text + text_pos;\n        |                     ^~~~~~~\n        |                     Py_UCS4\n  regex_3/_regex.c:3924:29: error: expected expression before ')' token\n   3924 |         text_ptr = (Py_UCS1*)text + text_pos;\n        |                             ^\n  regex_3/_regex.c:3925:30: error: expected expression before ')' token\n   3925 |         limit_ptr = (Py_UCS1*)text + limit;\n        |                              ^\n  regex_3/_regex.c:3930:40: error: expected expression before ')' token\n   3930 |         text_pos = text_ptr - (Py_UCS1*)text;\n        |                                        ^\n  regex_3/_regex.c:3935:9: error: unknown type name 'Py_UCS2'; did you mean 'Py_UCS4'?\n   3935 |         Py_UCS2* text_ptr;\n        |         ^~~~~~~\n        |         Py_UCS4\n  regex_3/_regex.c:3936:9: error: unknown type name 'Py_UCS2'; did you mean 'Py_UCS4'?\n   3936 |         Py_UCS2* limit_ptr;\n        |         ^~~~~~~\n        |         Py_UCS4\n  regex_3/_regex.c:3938:21: error: 'Py_UCS2' undeclared (first use in this function); did you mean 'Py_UCS4'?\n   3938 |         text_ptr = (Py_UCS2*)text + text_pos;\n        |                     ^~~~~~~\n        |                     Py_UCS4\n  regex_3/_regex.c:3938:29: error: expected expression before ')' token\n   3938 |         text_ptr = (Py_UCS2*)text + text_pos;\n        |                             ^\n  regex_3/_regex.c:3939:30: error: expected expression before ')' token\n   3939 |         limit_ptr = (Py_UCS2*)text + limit;\n        |                              ^\n  regex_3/_regex.c:3944:40: error: expected expression before ')' token\n   3944 |         text_pos = text_ptr - (Py_UCS2*)text;\n        |                                        ^\n  regex_3/_regex.c: In function 'match_many_PROPERTY':\n  regex_3/_regex.c:3983:9: error: unknown type name 'Py_UCS1'; did you mean 'Py_UCS4'?\n   3983 |         Py_UCS1* text_ptr;\n        |         ^~~~~~~\n        |         Py_UCS4\n  regex_3/_regex.c:3984:9: error: unknown type name 'Py_UCS1'; did you mean 'Py_UCS4'?\n   3984 |         Py_UCS1* limit_ptr;\n        |         ^~~~~~~\n        |         Py_UCS4\n  regex_3/_regex.c:3986:21: error: 'Py_UCS1' undeclared (first use in this function); did you mean 'Py_UCS4'?\n   3986 |         text_ptr = (Py_UCS1*)text + text_pos;\n        |                     ^~~~~~~\n        |                     Py_UCS4\n  regex_3/_regex.c:3986:29: error: expected expression before ')' token\n   3986 |         text_ptr = (Py_UCS1*)text + text_pos;\n        |                             ^\n  regex_3/_regex.c:3987:30: error: expected expression before ')' token\n   3987 |         limit_ptr = (Py_UCS1*)text + limit;\n        |                              ^\n  regex_3/_regex.c:4004:40: error: expected expression before ')' token\n   4004 |         text_pos = text_ptr - (Py_UCS1*)text;\n        |                                        ^\n  regex_3/_regex.c:4009:9: error: unknown type name 'Py_UCS2'; did you mean 'Py_UCS4'?\n   4009 |         Py_UCS2* text_ptr;\n        |         ^~~~~~~\n        |         Py_UCS4\n  regex_3/_regex.c:4010:9: error: unknown type name 'Py_UCS2'; did you mean 'Py_UCS4'?\n   4010 |         Py_UCS2* limit_ptr;\n        |         ^~~~~~~\n        |         Py_UCS4\n  regex_3/_regex.c:4012:21: error: 'Py_UCS2' undeclared (first use in this function); did you mean 'Py_UCS4'?\n   4012 |         text_ptr = (Py_UCS2*)text + text_pos;\n        |                     ^~~~~~~\n        |                     Py_UCS4\n  regex_3/_regex.c:4012:29: error: expected expression before ')' token\n   4012 |         text_ptr = (Py_UCS2*)text + text_pos;\n        |                             ^\n  regex_3/_regex.c:4013:30: error: expected expression before ')' token\n   4013 |         limit_ptr = (Py_UCS2*)text + limit;\n        |                              ^\n  regex_3/_regex.c:4030:40: error: expected expression before ')' token\n   4030 |         text_pos = text_ptr - (Py_UCS2*)text;\n        |                                        ^\n  regex_3/_regex.c: In function 'match_many_PROPERTY_IGN':\n  regex_3/_regex.c:4081:9: error: unknown type name 'Py_UCS1'; did you mean 'Py_UCS4'?\n   4081 |         Py_UCS1* text_ptr;\n        |         ^~~~~~~\n        |         Py_UCS4\n  regex_3/_regex.c:4082:9: error: unknown type name 'Py_UCS1'; did you mean 'Py_UCS4'?\n   4082 |         Py_UCS1* limit_ptr;\n        |         ^~~~~~~\n        |         Py_UCS4\n  regex_3/_regex.c:4084:21: error: 'Py_UCS1' undeclared (first use in this function); did you mean 'Py_UCS4'?\n   4084 |         text_ptr = (Py_UCS1*)text + text_pos;\n        |                     ^~~~~~~\n        |                     Py_UCS4\n  regex_3/_regex.c:4084:29: error: expected expression before ')' token\n   4084 |         text_ptr = (Py_UCS1*)text + text_pos;\n        |                             ^\n  regex_3/_regex.c:4085:30: error: expected expression before ')' token\n   4085 |         limit_ptr = (Py_UCS1*)text + limit;\n        |                              ^\n  regex_3/_regex.c:4102:40: error: expected expression before ')' token\n   4102 |         text_pos = text_ptr - (Py_UCS1*)text;\n        |                                        ^\n  regex_3/_regex.c:4107:9: error: unknown type name 'Py_UCS2'; did you mean 'Py_UCS4'?\n   4107 |         Py_UCS2* text_ptr;\n        |         ^~~~~~~\n        |         Py_UCS4\n  regex_3/_regex.c:4108:9: error: unknown type name 'Py_UCS2'; did you mean 'Py_UCS4'?\n   4108 |         Py_UCS2* limit_ptr;\n        |         ^~~~~~~\n        |         Py_UCS4\n  regex_3/_regex.c:4110:21: error: 'Py_UCS2' undeclared (first use in this function); did you mean 'Py_UCS4'?\n   4110 |         text_ptr = (Py_UCS2*)text + text_pos;\n        |                     ^~~~~~~\n        |                     Py_UCS4\n  regex_3/_regex.c:4110:29: error: expected expression before ')' token\n   4110 |         text_ptr = (Py_UCS2*)text + text_pos;\n        |                             ^\n  regex_3/_regex.c:4111:30: error: expected expression before ')' token\n   4111 |         limit_ptr = (Py_UCS2*)text + limit;\n        |                              ^\n  regex_3/_regex.c:4128:40: error: expected expression before ')' token\n   4128 |         text_pos = text_ptr - (Py_UCS2*)text;\n        |                                        ^\n  regex_3/_regex.c: In function 'match_many_PROPERTY_IGN_REV':\n  regex_3/_regex.c:4179:9: error: unknown type name 'Py_UCS1'; did you mean 'Py_UCS4'?\n   4179 |         Py_UCS1* text_ptr;\n        |         ^~~~~~~\n        |         Py_UCS4\n  regex_3/_regex.c:4180:9: error: unknown type name 'Py_UCS1'; did you mean 'Py_UCS4'?\n   4180 |         Py_UCS1* limit_ptr;\n        |         ^~~~~~~\n        |         Py_UCS4\n  regex_3/_regex.c:4182:21: error: 'Py_UCS1' undeclared (first use in this function); did you mean 'Py_UCS4'?\n   4182 |         text_ptr = (Py_UCS1*)text + text_pos;\n        |                     ^~~~~~~\n        |                     Py_UCS4\n  regex_3/_regex.c:4182:29: error: expected expression before ')' token\n   4182 |         text_ptr = (Py_UCS1*)text + text_pos;\n        |                             ^\n  regex_3/_regex.c:4183:30: error: expected expression before ')' token\n   4183 |         limit_ptr = (Py_UCS1*)text + limit;\n        |                              ^\n  regex_3/_regex.c:4200:40: error: expected expression before ')' token\n   4200 |         text_pos = text_ptr - (Py_UCS1*)text;\n        |                                        ^\n  regex_3/_regex.c:4205:9: error: unknown type name 'Py_UCS2'; did you mean 'Py_UCS4'?\n   4205 |         Py_UCS2* text_ptr;\n        |         ^~~~~~~\n        |         Py_UCS4\n  regex_3/_regex.c:4206:9: error: unknown type name 'Py_UCS2'; did you mean 'Py_UCS4'?\n   4206 |         Py_UCS2* limit_ptr;\n        |         ^~~~~~~\n        |         Py_UCS4\n  regex_3/_regex.c:4208:21: error: 'Py_UCS2' undeclared (first use in this function); did you mean 'Py_UCS4'?\n   4208 |         text_ptr = (Py_UCS2*)text + text_pos;\n        |                     ^~~~~~~\n        |                     Py_UCS4\n  regex_3/_regex.c:4208:29: error: expected expression before ')' token\n   4208 |         text_ptr = (Py_UCS2*)text + text_pos;\n        |                             ^\n  regex_3/_regex.c:4209:30: error: expected expression before ')' token\n   4209 |         limit_ptr = (Py_UCS2*)text + limit;\n        |                              ^\n  regex_3/_regex.c:4226:40: error: expected expression before ')' token\n   4226 |         text_pos = text_ptr - (Py_UCS2*)text;\n        |                                        ^\n  regex_3/_regex.c: In function 'match_many_PROPERTY_REV':\n  regex_3/_regex.c:4277:9: error: unknown type name 'Py_UCS1'; did you mean 'Py_UCS4'?\n   4277 |         Py_UCS1* text_ptr;\n        |         ^~~~~~~\n        |         Py_UCS4\n  regex_3/_regex.c:4278:9: error: unknown type name 'Py_UCS1'; did you mean 'Py_UCS4'?\n   4278 |         Py_UCS1* limit_ptr;\n        |         ^~~~~~~\n        |         Py_UCS4\n  regex_3/_regex.c:4280:21: error: 'Py_UCS1' undeclared (first use in this function); did you mean 'Py_UCS4'?\n   4280 |         text_ptr = (Py_UCS1*)text + text_pos;\n        |                     ^~~~~~~\n        |                     Py_UCS4\n  regex_3/_regex.c:4280:29: error: expected expression before ')' token\n   4280 |         text_ptr = (Py_UCS1*)text + text_pos;\n        |                             ^\n  regex_3/_regex.c:4281:30: error: expected expression before ')' token\n   4281 |         limit_ptr = (Py_UCS1*)text + limit;\n        |                              ^\n  regex_3/_regex.c:4298:40: error: expected expression before ')' token\n   4298 |         text_pos = text_ptr - (Py_UCS1*)text;\n        |                                        ^\n  regex_3/_regex.c:4303:9: error: unknown type name 'Py_UCS2'; did you mean 'Py_UCS4'?\n   4303 |         Py_UCS2* text_ptr;\n        |         ^~~~~~~\n        |         Py_UCS4\n  regex_3/_regex.c:4304:9: error: unknown type name 'Py_UCS2'; did you mean 'Py_UCS4'?\n   4304 |         Py_UCS2* limit_ptr;\n        |         ^~~~~~~\n        |         Py_UCS4\n  regex_3/_regex.c:4306:21: error: 'Py_UCS2' undeclared (first use in this function); did you mean 'Py_UCS4'?\n   4306 |         text_ptr = (Py_UCS2*)text + text_pos;\n        |                     ^~~~~~~\n        |                     Py_UCS4\n  regex_3/_regex.c:4306:29: error: expected expression before ')' token\n   4306 |         text_ptr = (Py_UCS2*)text + text_pos;\n        |                             ^\n  regex_3/_regex.c:4307:30: error: expected expression before ')' token\n   4307 |         limit_ptr = (Py_UCS2*)text + limit;\n        |                              ^\n  regex_3/_regex.c:4324:40: error: expected expression before ')' token\n   4324 |         text_pos = text_ptr - (Py_UCS2*)text;\n        |                                        ^\n  regex_3/_regex.c: In function 'match_many_RANGE':\n  regex_3/_regex.c:4373:9: error: unknown type name 'Py_UCS1'; did you mean 'Py_UCS4'?\n   4373 |         Py_UCS1* text_ptr;\n        |         ^~~~~~~\n        |         Py_UCS4\n  regex_3/_regex.c:4374:9: error: unknown type name 'Py_UCS1'; did you mean 'Py_UCS4'?\n   4374 |         Py_UCS1* limit_ptr;\n        |         ^~~~~~~\n        |         Py_UCS4\n  regex_3/_regex.c:4376:21: error: 'Py_UCS1' undeclared (first use in this function); did you mean 'Py_UCS4'?\n   4376 |         text_ptr = (Py_UCS1*)text + text_pos;\n        |                     ^~~~~~~\n        |                     Py_UCS4\n  regex_3/_regex.c:4376:29: error: expected expression before ')' token\n   4376 |         text_ptr = (Py_UCS1*)text + text_pos;\n        |                             ^\n  regex_3/_regex.c:4377:30: error: expected expression before ')' token\n   4377 |         limit_ptr = (Py_UCS1*)text + limit;\n        |                              ^\n  regex_3/_regex.c:4383:40: error: expected expression before ')' token\n   4383 |         text_pos = text_ptr - (Py_UCS1*)text;\n        |                                        ^\n  regex_3/_regex.c:4388:9: error: unknown type name 'Py_UCS2'; did you mean 'Py_UCS4'?\n   4388 |         Py_UCS2* text_ptr;\n        |         ^~~~~~~\n        |         Py_UCS4\n  regex_3/_regex.c:4389:9: error: unknown type name 'Py_UCS2'; did you mean 'Py_UCS4'?\n   4389 |         Py_UCS2* limit_ptr;\n        |         ^~~~~~~\n        |         Py_UCS4\n  regex_3/_regex.c:4391:21: error: 'Py_UCS2' undeclared (first use in this function); did you mean 'Py_UCS4'?\n   4391 |         text_ptr = (Py_UCS2*)text + text_pos;\n        |                     ^~~~~~~\n        |                     Py_UCS4\n  regex_3/_regex.c:4391:29: error: expected expression before ')' token\n   4391 |         text_ptr = (Py_UCS2*)text + text_pos;\n        |                             ^\n  regex_3/_regex.c:4392:30: error: expected expression before ')' token\n   4392 |         limit_ptr = (Py_UCS2*)text + limit;\n        |                              ^\n  regex_3/_regex.c:4398:40: error: expected expression before ')' token\n   4398 |         text_pos = text_ptr - (Py_UCS2*)text;\n        |                                        ^\n  regex_3/_regex.c: In function 'match_many_RANGE_IGN':\n  regex_3/_regex.c:4436:9: error: unknown type name 'Py_UCS1'; did you mean 'Py_UCS4'?\n   4436 |         Py_UCS1* text_ptr;\n        |         ^~~~~~~\n        |         Py_UCS4\n  regex_3/_regex.c:4437:9: error: unknown type name 'Py_UCS1'; did you mean 'Py_UCS4'?\n   4437 |         Py_UCS1* limit_ptr;\n        |         ^~~~~~~\n        |         Py_UCS4\n  regex_3/_regex.c:4439:21: error: 'Py_UCS1' undeclared (first use in this function); did you mean 'Py_UCS4'?\n   4439 |         text_ptr = (Py_UCS1*)text + text_pos;\n        |                     ^~~~~~~\n        |                     Py_UCS4\n  regex_3/_regex.c:4439:29: error: expected expression before ')' token\n   4439 |         text_ptr = (Py_UCS1*)text + text_pos;\n        |                             ^\n  regex_3/_regex.c:4440:30: error: expected expression before ')' token\n   4440 |         limit_ptr = (Py_UCS1*)text + limit;\n        |                              ^\n  regex_3/_regex.c:4446:40: error: expected expression before ')' token\n   4446 |         text_pos = text_ptr - (Py_UCS1*)text;\n        |                                        ^\n  regex_3/_regex.c:4451:9: error: unknown type name 'Py_UCS2'; did you mean 'Py_UCS4'?\n   4451 |         Py_UCS2* text_ptr;\n        |         ^~~~~~~\n        |         Py_UCS4\n  regex_3/_regex.c:4452:9: error: unknown type name 'Py_UCS2'; did you mean 'Py_UCS4'?\n   4452 |         Py_UCS2* limit_ptr;\n        |         ^~~~~~~\n        |         Py_UCS4\n  regex_3/_regex.c:4454:21: error: 'Py_UCS2' undeclared (first use in this function); did you mean 'Py_UCS4'?\n   4454 |         text_ptr = (Py_UCS2*)text + text_pos;\n        |                     ^~~~~~~\n        |                     Py_UCS4\n  regex_3/_regex.c:4454:29: error: expected expression before ')' token\n   4454 |         text_ptr = (Py_UCS2*)text + text_pos;\n        |                             ^\n  regex_3/_regex.c:4455:30: error: expected expression before ')' token\n   4455 |         limit_ptr = (Py_UCS2*)text + limit;\n        |                              ^\n  regex_3/_regex.c:4461:40: error: expected expression before ')' token\n   4461 |         text_pos = text_ptr - (Py_UCS2*)text;\n        |                                        ^\n  regex_3/_regex.c: In function 'match_many_RANGE_IGN_REV':\n  regex_3/_regex.c:4499:9: error: unknown type name 'Py_UCS1'; did you mean 'Py_UCS4'?\n   4499 |         Py_UCS1* text_ptr;\n        |         ^~~~~~~\n        |         Py_UCS4\n  regex_3/_regex.c:4500:9: error: unknown type name 'Py_UCS1'; did you mean 'Py_UCS4'?\n   4500 |         Py_UCS1* limit_ptr;\n        |         ^~~~~~~\n        |         Py_UCS4\n  regex_3/_regex.c:4502:21: error: 'Py_UCS1' undeclared (first use in this function); did you mean 'Py_UCS4'?\n   4502 |         text_ptr = (Py_UCS1*)text + text_pos;\n        |                     ^~~~~~~\n        |                     Py_UCS4\n  regex_3/_regex.c:4502:29: error: expected expression before ')' token\n   4502 |         text_ptr = (Py_UCS1*)text + text_pos;\n        |                             ^\n  regex_3/_regex.c:4503:30: error: expected expression before ')' token\n   4503 |         limit_ptr = (Py_UCS1*)text + limit;\n        |                              ^\n  regex_3/_regex.c:4509:40: error: expected expression before ')' token\n   4509 |         text_pos = text_ptr - (Py_UCS1*)text;\n        |                                        ^\n  regex_3/_regex.c:4514:9: error: unknown type name 'Py_UCS2'; did you mean 'Py_UCS4'?\n   4514 |         Py_UCS2* text_ptr;\n        |         ^~~~~~~\n        |         Py_UCS4\n  regex_3/_regex.c:4515:9: error: unknown type name 'Py_UCS2'; did you mean 'Py_UCS4'?\n   4515 |         Py_UCS2* limit_ptr;\n        |         ^~~~~~~\n        |         Py_UCS4\n  regex_3/_regex.c:4517:21: error: 'Py_UCS2' undeclared (first use in this function); did you mean 'Py_UCS4'?\n   4517 |         text_ptr = (Py_UCS2*)text + text_pos;\n        |                     ^~~~~~~\n        |                     Py_UCS4\n  regex_3/_regex.c:4517:29: error: expected expression before ')' token\n   4517 |         text_ptr = (Py_UCS2*)text + text_pos;\n        |                             ^\n  regex_3/_regex.c:4518:30: error: expected expression before ')' token\n   4518 |         limit_ptr = (Py_UCS2*)text + limit;\n        |                              ^\n  regex_3/_regex.c:4524:40: error: expected expression before ')' token\n   4524 |         text_pos = text_ptr - (Py_UCS2*)text;\n        |                                        ^\n  regex_3/_regex.c: In function 'match_many_RANGE_REV':\n  regex_3/_regex.c:4562:9: error: unknown type name 'Py_UCS1'; did you mean 'Py_UCS4'?\n   4562 |         Py_UCS1* text_ptr;\n        |         ^~~~~~~\n        |         Py_UCS4\n  regex_3/_regex.c:4563:9: error: unknown type name 'Py_UCS1'; did you mean 'Py_UCS4'?\n   4563 |         Py_UCS1* limit_ptr;\n        |         ^~~~~~~\n        |         Py_UCS4\n  regex_3/_regex.c:4565:21: error: 'Py_UCS1' undeclared (first use in this function); did you mean 'Py_UCS4'?\n   4565 |         text_ptr = (Py_UCS1*)text + text_pos;\n        |                     ^~~~~~~\n        |                     Py_UCS4\n  regex_3/_regex.c:4565:29: error: expected expression before ')' token\n   4565 |         text_ptr = (Py_UCS1*)text + text_pos;\n        |                             ^\n  regex_3/_regex.c:4566:30: error: expected expression before ')' token\n   4566 |         limit_ptr = (Py_UCS1*)text + limit;\n        |                              ^\n  regex_3/_regex.c:4572:40: error: expected expression before ')' token\n   4572 |         text_pos = text_ptr - (Py_UCS1*)text;\n        |                                        ^\n  regex_3/_regex.c:4577:9: error: unknown type name 'Py_UCS2'; did you mean 'Py_UCS4'?\n   4577 |         Py_UCS2* text_ptr;\n        |         ^~~~~~~\n        |         Py_UCS4\n  regex_3/_regex.c:4578:9: error: unknown type name 'Py_UCS2'; did you mean 'Py_UCS4'?\n   4578 |         Py_UCS2* limit_ptr;\n        |         ^~~~~~~\n        |         Py_UCS4\n  regex_3/_regex.c:4580:21: error: 'Py_UCS2' undeclared (first use in this function); did you mean 'Py_UCS4'?\n   4580 |         text_ptr = (Py_UCS2*)text + text_pos;\n        |                     ^~~~~~~\n        |                     Py_UCS4\n  regex_3/_regex.c:4580:29: error: expected expression before ')' token\n   4580 |         text_ptr = (Py_UCS2*)text + text_pos;\n        |                             ^\n  regex_3/_regex.c:4581:30: error: expected expression before ')' token\n   4581 |         limit_ptr = (Py_UCS2*)text + limit;\n        |                              ^\n  regex_3/_regex.c:4587:40: error: expected expression before ')' token\n   4587 |         text_pos = text_ptr - (Py_UCS2*)text;\n        |                                        ^\n  regex_3/_regex.c: In function 'match_many_SET':\n  regex_3/_regex.c:4625:9: error: unknown type name 'Py_UCS1'; did you mean 'Py_UCS4'?\n   4625 |         Py_UCS1* text_ptr;\n        |         ^~~~~~~\n        |         Py_UCS4\n  regex_3/_regex.c:4626:9: error: unknown type name 'Py_UCS1'; did you mean 'Py_UCS4'?\n   4626 |         Py_UCS1* limit_ptr;\n        |         ^~~~~~~\n        |         Py_UCS4\n  regex_3/_regex.c:4628:21: error: 'Py_UCS1' undeclared (first use in this function); did you mean 'Py_UCS4'?\n   4628 |         text_ptr = (Py_UCS1*)text + text_pos;\n        |                     ^~~~~~~\n        |                     Py_UCS4\n  regex_3/_regex.c:4628:29: error: expected expression before ')' token\n   4628 |         text_ptr = (Py_UCS1*)text + text_pos;\n        |                             ^\n  regex_3/_regex.c:4629:30: error: expected expression before ')' token\n   4629 |         limit_ptr = (Py_UCS1*)text + limit;\n        |                              ^\n  regex_3/_regex.c:4635:40: error: expected expression before ')' token\n   4635 |         text_pos = text_ptr - (Py_UCS1*)text;\n        |                                        ^\n  regex_3/_regex.c:4640:9: error: unknown type name 'Py_UCS2'; did you mean 'Py_UCS4'?\n   4640 |         Py_UCS2* text_ptr;\n        |         ^~~~~~~\n        |         Py_UCS4\n  regex_3/_regex.c:4641:9: error: unknown type name 'Py_UCS2'; did you mean 'Py_UCS4'?\n   4641 |         Py_UCS2* limit_ptr;\n        |         ^~~~~~~\n        |         Py_UCS4\n  regex_3/_regex.c:4643:21: error: 'Py_UCS2' undeclared (first use in this function); did you mean 'Py_UCS4'?\n   4643 |         text_ptr = (Py_UCS2*)text + text_pos;\n        |                     ^~~~~~~\n        |                     Py_UCS4\n  regex_3/_regex.c:4643:29: error: expected expression before ')' token\n   4643 |         text_ptr = (Py_UCS2*)text + text_pos;\n        |                             ^\n  regex_3/_regex.c:4644:30: error: expected expression before ')' token\n   4644 |         limit_ptr = (Py_UCS2*)text + limit;\n        |                              ^\n  regex_3/_regex.c:4650:40: error: expected expression before ')' token\n   4650 |         text_pos = text_ptr - (Py_UCS2*)text;\n        |                                        ^\n  regex_3/_regex.c: In function 'match_many_SET_IGN':\n  regex_3/_regex.c:4688:9: error: unknown type name 'Py_UCS1'; did you mean 'Py_UCS4'?\n   4688 |         Py_UCS1* text_ptr;\n        |         ^~~~~~~\n        |         Py_UCS4\n  regex_3/_regex.c:4689:9: error: unknown type name 'Py_UCS1'; did you mean 'Py_UCS4'?\n   4689 |         Py_UCS1* limit_ptr;\n        |         ^~~~~~~\n        |         Py_UCS4\n  regex_3/_regex.c:4691:21: error: 'Py_UCS1' undeclared (first use in this function); did you mean 'Py_UCS4'?\n   4691 |         text_ptr = (Py_UCS1*)text + text_pos;\n        |                     ^~~~~~~\n        |                     Py_UCS4\n  regex_3/_regex.c:4691:29: error: expected expression before ')' token\n   4691 |         text_ptr = (Py_UCS1*)text + text_pos;\n        |                             ^\n  regex_3/_regex.c:4692:30: error: expected expression before ')' token\n   4692 |         limit_ptr = (Py_UCS1*)text + limit;\n        |                              ^\n  regex_3/_regex.c:4698:40: error: expected expression before ')' token\n   4698 |         text_pos = text_ptr - (Py_UCS1*)text;\n        |                                        ^\n  regex_3/_regex.c:4703:9: error: unknown type name 'Py_UCS2'; did you mean 'Py_UCS4'?\n   4703 |         Py_UCS2* text_ptr;\n        |         ^~~~~~~\n        |         Py_UCS4\n  regex_3/_regex.c:4704:9: error: unknown type name 'Py_UCS2'; did you mean 'Py_UCS4'?\n   4704 |         Py_UCS2* limit_ptr;\n        |         ^~~~~~~\n        |         Py_UCS4\n  regex_3/_regex.c:4706:21: error: 'Py_UCS2' undeclared (first use in this function); did you mean 'Py_UCS4'?\n   4706 |         text_ptr = (Py_UCS2*)text + text_pos;\n        |                     ^~~~~~~\n        |                     Py_UCS4\n  regex_3/_regex.c:4706:29: error: expected expression before ')' token\n   4706 |         text_ptr = (Py_UCS2*)text + text_pos;\n        |                             ^\n  regex_3/_regex.c:4707:30: error: expected expression before ')' token\n   4707 |         limit_ptr = (Py_UCS2*)text + limit;\n        |                              ^\n  regex_3/_regex.c:4713:40: error: expected expression before ')' token\n   4713 |         text_pos = text_ptr - (Py_UCS2*)text;\n        |                                        ^\n  regex_3/_regex.c: In function 'match_many_SET_IGN_REV':\n  regex_3/_regex.c:4751:9: error: unknown type name 'Py_UCS1'; did you mean 'Py_UCS4'?\n   4751 |         Py_UCS1* text_ptr;\n        |         ^~~~~~~\n        |         Py_UCS4\n  regex_3/_regex.c:4752:9: error: unknown type name 'Py_UCS1'; did you mean 'Py_UCS4'?\n   4752 |         Py_UCS1* limit_ptr;\n        |         ^~~~~~~\n        |         Py_UCS4\n  regex_3/_regex.c:4754:21: error: 'Py_UCS1' undeclared (first use in this function); did you mean 'Py_UCS4'?\n   4754 |         text_ptr = (Py_UCS1*)text + text_pos;\n        |                     ^~~~~~~\n        |                     Py_UCS4\n  regex_3/_regex.c:4754:29: error: expected expression before ')' token\n   4754 |         text_ptr = (Py_UCS1*)text + text_pos;\n        |                             ^\n  regex_3/_regex.c:4755:30: error: expected expression before ')' token\n   4755 |         limit_ptr = (Py_UCS1*)text + limit;\n        |                              ^\n  regex_3/_regex.c:4761:40: error: expected expression before ')' token\n   4761 |         text_pos = text_ptr - (Py_UCS1*)text;\n        |                                        ^\n  regex_3/_regex.c:4766:9: error: unknown type name 'Py_UCS2'; did you mean 'Py_UCS4'?\n   4766 |         Py_UCS2* text_ptr;\n        |         ^~~~~~~\n        |         Py_UCS4\n  regex_3/_regex.c:4767:9: error: unknown type name 'Py_UCS2'; did you mean 'Py_UCS4'?\n   4767 |         Py_UCS2* limit_ptr;\n        |         ^~~~~~~\n        |         Py_UCS4\n  regex_3/_regex.c:4769:21: error: 'Py_UCS2' undeclared (first use in this function); did you mean 'Py_UCS4'?\n   4769 |         text_ptr = (Py_UCS2*)text + text_pos;\n        |                     ^~~~~~~\n        |                     Py_UCS4\n  regex_3/_regex.c:4769:29: error: expected expression before ')' token\n   4769 |         text_ptr = (Py_UCS2*)text + text_pos;\n        |                             ^\n  regex_3/_regex.c:4770:30: error: expected expression before ')' token\n   4770 |         limit_ptr = (Py_UCS2*)text + limit;\n        |                              ^\n  regex_3/_regex.c:4776:40: error: expected expression before ')' token\n   4776 |         text_pos = text_ptr - (Py_UCS2*)text;\n        |                                        ^\n  regex_3/_regex.c: In function 'match_many_SET_REV':\n  regex_3/_regex.c:4814:9: error: unknown type name 'Py_UCS1'; did you mean 'Py_UCS4'?\n   4814 |         Py_UCS1* text_ptr;\n        |         ^~~~~~~\n        |         Py_UCS4\n  regex_3/_regex.c:4815:9: error: unknown type name 'Py_UCS1'; did you mean 'Py_UCS4'?\n   4815 |         Py_UCS1* limit_ptr;\n        |         ^~~~~~~\n        |         Py_UCS4\n  regex_3/_regex.c:4817:21: error: 'Py_UCS1' undeclared (first use in this function); did you mean 'Py_UCS4'?\n   4817 |         text_ptr = (Py_UCS1*)text + text_pos;\n        |                     ^~~~~~~\n        |                     Py_UCS4\n  regex_3/_regex.c:4817:29: error: expected expression before ')' token\n   4817 |         text_ptr = (Py_UCS1*)text + text_pos;\n        |                             ^\n  regex_3/_regex.c:4818:30: error: expected expression before ')' token\n   4818 |         limit_ptr = (Py_UCS1*)text + limit;\n        |                              ^\n  regex_3/_regex.c:4824:40: error: expected expression before ')' token\n   4824 |         text_pos = text_ptr - (Py_UCS1*)text;\n        |                                        ^\n  regex_3/_regex.c:4829:9: error: unknown type name 'Py_UCS2'; did you mean 'Py_UCS4'?\n   4829 |         Py_UCS2* text_ptr;\n        |         ^~~~~~~\n        |         Py_UCS4\n  regex_3/_regex.c:4830:9: error: unknown type name 'Py_UCS2'; did you mean 'Py_UCS4'?\n   4830 |         Py_UCS2* limit_ptr;\n        |         ^~~~~~~\n        |         Py_UCS4\n  regex_3/_regex.c:4832:21: error: 'Py_UCS2' undeclared (first use in this function); did you mean 'Py_UCS4'?\n   4832 |         text_ptr = (Py_UCS2*)text + text_pos;\n        |                     ^~~~~~~\n        |                     Py_UCS4\n  regex_3/_regex.c:4832:29: error: expected expression before ')' token\n   4832 |         text_ptr = (Py_UCS2*)text + text_pos;\n        |                             ^\n  regex_3/_regex.c:4833:30: error: expected expression before ')' token\n   4833 |         limit_ptr = (Py_UCS2*)text + limit;\n        |                              ^\n  regex_3/_regex.c:4839:40: error: expected expression before ')' token\n   4839 |         text_pos = text_ptr - (Py_UCS2*)text;\n        |                                        ^\n  regex_3/_regex.c: In function 'simple_string_search':\n  regex_3/_regex.c:5120:9: error: unknown type name 'Py_UCS1'; did you mean 'Py_UCS4'?\n   5120 |         Py_UCS1* text = (Py_UCS1*)state->text;\n        |         ^~~~~~~\n        |         Py_UCS4\n  regex_3/_regex.c:5120:26: error: 'Py_UCS1' undeclared (first use in this function); did you mean 'Py_UCS4'?\n   5120 |         Py_UCS1* text = (Py_UCS1*)state->text;\n        |                          ^~~~~~~\n        |                          Py_UCS4\n  regex_3/_regex.c:5120:34: error: expected expression before ')' token\n   5120 |         Py_UCS1* text = (Py_UCS1*)state->text;\n        |                                  ^\n  regex_3/_regex.c:5121:18: error: 'text_ptr' undeclared (first use in this function); did you mean 'text_pos'?\n   5121 |         Py_UCS1* text_ptr = text + text_pos;\n        |                  ^~~~~~~~\n        |                  text_pos\n  regex_3/_regex.c:5122:18: error: 'limit_ptr' undeclared (first use in this function)\n   5122 |         Py_UCS1* limit_ptr = text + limit;\n        |                  ^~~~~~~~~\n  regex_3/_regex.c:5161:9: error: unknown type name 'Py_UCS2'; did you mean 'Py_UCS4'?\n   5161 |         Py_UCS2* text = (Py_UCS2*)state->text;\n        |         ^~~~~~~\n        |         Py_UCS4\n  regex_3/_regex.c:5161:26: error: 'Py_UCS2' undeclared (first use in this function); did you mean 'Py_UCS4'?\n   5161 |         Py_UCS2* text = (Py_UCS2*)state->text;\n        |                          ^~~~~~~\n        |                          Py_UCS4\n  regex_3/_regex.c:5161:34: error: expected expression before ')' token\n   5161 |         Py_UCS2* text = (Py_UCS2*)state->text;\n        |                                  ^\n  regex_3/_regex.c: In function 'simple_string_search_ign':\n  regex_3/_regex.c:5274:9: error: unknown type name 'Py_UCS1'; did you mean 'Py_UCS4'?\n   5274 |         Py_UCS1* text = (Py_UCS1*)state->text;\n        |         ^~~~~~~\n        |         Py_UCS4\n  regex_3/_regex.c:5274:26: error: 'Py_UCS1' undeclared (first use in this function); did you mean 'Py_UCS4'?\n   5274 |         Py_UCS1* text = (Py_UCS1*)state->text;\n        |                          ^~~~~~~\n        |                          Py_UCS4\n  regex_3/_regex.c:5274:34: error: expected expression before ')' token\n   5274 |         Py_UCS1* text = (Py_UCS1*)state->text;\n        |                                  ^\n  regex_3/_regex.c:5275:18: error: 'text_ptr' undeclared (first use in this function); did you mean 'text_pos'?\n   5275 |         Py_UCS1* text_ptr = text + text_pos;\n        |                  ^~~~~~~~\n        |                  text_pos\n  regex_3/_regex.c:5276:18: error: 'limit_ptr' undeclared (first use in this function)\n   5276 |         Py_UCS1* limit_ptr = text + limit;\n        |                  ^~~~~~~~~\n  regex_3/_regex.c:5316:9: error: unknown type name 'Py_UCS2'; did you mean 'Py_UCS4'?\n   5316 |         Py_UCS2* text = (Py_UCS2*)state->text;\n        |         ^~~~~~~\n        |         Py_UCS4\n  regex_3/_regex.c:5316:26: error: 'Py_UCS2' undeclared (\u001b[0m\u001b[91mfirst use in this function); did you mean 'Py_UCS4'?\n   5316 |         Py_UCS2* text = (Py_UCS2*)state->text;\n        |                          ^~~~~~~\n        |                          Py_UCS4\n  regex_3/_regex.c:5316:34: error: expected expression before ')' token\n   5316 |         Py_UCS2* text = (Py_UCS2*)state->text;\n        |                                  ^\n  regex_3/_regex.c: In function 'simple_string_search_ign_rev':\n  regex_3/_regex.c:5431:9: error: unknown type name 'Py_UCS1'; did you mean 'Py_UCS4'?\n   5431 |         Py_UCS1* text = (Py_UCS1*)state->text;\n        |         ^~~~~~~\n        |         Py_UCS4\n  regex_3/_regex.c:5431:26: error: 'Py_UCS1' undeclared (first use in this function); did you mean 'Py_UCS4'?\n   5431 |         Py_UCS1* text = (Py_UCS1*)state->text;\n        |                          ^~~~~~~\n        |                          Py_UCS4\n  regex_3/_regex.c:5431:34: error: expected expression before ')' token\n   5431 |         Py_UCS1* text = (Py_UCS1*)state->text;\n        |                                  ^\n  regex_3/_regex.c:5432:18: error: 'text_ptr' undeclared (first use in this function); did you mean 'text_pos'?\n   5432 |         Py_UCS1* text_ptr = text + text_pos;\n        |                  ^~~~~~~~\n        |                  text_pos\n  regex_3/_regex.c:5433:18: error: 'limit_ptr' undeclared (first use in this function)\n   5433 |         Py_UCS1* limit_ptr = text + limit;\n        |                  ^~~~~~~~~\n  regex_3/_regex.c:5473:9: error: unknown type name 'Py_UCS2'; did you mean 'Py_UCS4'?\n   5473 |         Py_UCS2* text = (Py_UCS2*)state->text;\n        |         ^~~~~~~\n        |         Py_UCS4\n  regex_3/_regex.c:5473:26: error: 'Py_UCS2' undeclared (first use in this function); did you mean 'Py_UCS4'?\n   5473 |         Py_UCS2* text = (Py_UCS2*)state->text;\n        |                          ^~~~~~~\n        |                          Py_UCS4\n  regex_3/_regex.c:5473:34: error: expected expression before ')' token\n   5473 |         Py_UCS2* text = (Py_UCS2*)state->text;\n        |                                  ^\n  regex_3/_regex.c: In function 'simple_string_search_rev':\n  regex_3/_regex.c:5583:9: error: unknown type name 'Py_UCS1'; did you mean 'Py_UCS4'?\n   5583 |         Py_UCS1* text = (Py_UCS1*)state->text;\n        |         ^~~~~~~\n        |         Py_UCS4\n  regex_3/_regex.c:5583:26: error: 'Py_UCS1' undeclared (first use in this function); did you mean 'Py_UCS4'?\n   5583 |         Py_UCS1* text = (Py_UCS1*)state->text;\n        |                          ^~~~~~~\n        |                          Py_UCS4\n  regex_3/_regex.c:5583:34: error: expected expression before ')' token\n   5583 |         Py_UCS1* text = (Py_UCS1*)state->text;\n        |                                  ^\n  regex_3/_regex.c:5584:18: error: 'text_ptr' undeclared (first use in this function); did you mean 'text_pos'?\n   5584 |         Py_UCS1* text_ptr = text + text_pos;\n        |                  ^~~~~~~~\n        |                  text_pos\n  regex_3/_regex.c:5585:18: error: 'limit_ptr' undeclared (first use in this function)\n   5585 |         Py_UCS1* limit_ptr = text + limit;\n        |                  ^~~~~~~~~\n  regex_3/_regex.c:5625:9: error: unknown type name 'Py_UCS2'; did you mean 'Py_UCS4'?\n   5625 |         Py_UCS2* text = (Py_UCS2*)state->text;\n        |         ^~~~~~~\n        |         Py_UCS4\n  regex_3/_regex.c:5625:26: error: 'Py_UCS2' undeclared (first use in this function); did you mean 'Py_UCS4'?\n   5625 |         Py_UCS2* text = (Py_UCS2*)state->text;\n        |                          ^~~~~~~\n        |                          Py_UCS4\n  regex_3/_regex.c:5625:34: error: expected expression before ')' token\n   5625 |         Py_UCS2* text = (Py_UCS2*)state->text;\n        |                                  ^\n  regex_3/_regex.c: In function 'fast_string_search':\n  regex_3/_regex.c:5742:9: error: unknown type name 'Py_UCS1'; did you mean 'Py_UCS4'?\n   5742 |         Py_UCS1* text_ptr;\n        |         ^~~~~~~\n        |         Py_UCS4\n  regex_3/_regex.c:5743:9: error: unknown type name 'Py_UCS1'; did you mean 'Py_UCS4'?\n   5743 |         Py_UCS1* limit_ptr;\n        |         ^~~~~~~\n        |         Py_UCS4\n  regex_3/_regex.c:5745:21: error: 'Py_UCS1' undeclared (first use in this function); did you mean 'Py_UCS4'?\n   5745 |         text_ptr = (Py_UCS1*)text + text_pos;\n        |                     ^~~~~~~\n        |                     Py_UCS4\n  regex_3/_regex.c:5745:29: error: expected expression before ')' token\n   5745 |         text_ptr = (Py_UCS1*)text + text_pos;\n        |                             ^\n  regex_3/_regex.c:5746:30: error: expected expression before ')' token\n   5746 |         limit_ptr = (Py_UCS1*)text + limit;\n        |                              ^\n  regex_3/_regex.c:5760:48: error: expected expression before ')' token\n   5760 |                     return text_ptr - (Py_UCS1*)text;\n        |                                                ^\n  regex_3/_regex.c:5770:9: error: unknown type name 'Py_UCS2'; did you mean 'Py_UCS4'?\n   5770 |         Py_UCS2* text_ptr;\n        |         ^~~~~~~\n        |         Py_UCS4\n  regex_3/_regex.c:5771:9: error: unknown type name 'Py_UCS2'; did you mean 'Py_UCS4'?\n   5771 |         Py_UCS2* limit_ptr;\n        |         ^~~~~~~\n        |         Py_UCS4\n  regex_3/_regex.c:5773:21: error: 'Py_UCS2' undeclared (first use in this function); did you mean 'Py_UCS4'?\n   5773 |         text_ptr = (Py_UCS2*)text + text_pos;\n        |                     ^~~~~~~\n        |                     Py_UCS4\n  regex_3/_regex.c:5773:29: error: expected expression before ')' token\n   5773 |         text_ptr = (Py_UCS2*)text + text_pos;\n        |                             ^\n  regex_3/_regex.c:5774:30: error: expected expression before ')' token\n   5774 |         limit_ptr = (Py_UCS2*)text + limit;\n        |                              ^\n  regex_3/_regex.c:5788:48: error: expected expression before ')' token\n   5788 |                     return text_ptr - (Py_UCS2*)text;\n        |                                                ^\n  regex_3/_regex.c: In function 'fast_string_search_ign':\n  regex_3/_regex.c:5857:9: error: unknown type name 'Py_UCS1'; did you mean 'Py_UCS4'?\n   5857 |         Py_UCS1* text_ptr;\n        |         ^~~~~~~\n        |         Py_UCS4\n  regex_3/_regex.c:5858:9: error: unknown type name 'Py_UCS1'; did you mean 'Py_UCS4'?\n   5858 |         Py_UCS1* limit_ptr;\n        |         ^~~~~~~\n        |         Py_UCS4\n  regex_3/_regex.c:5860:21: error: 'Py_UCS1' undeclared (first use in this function); did you mean 'Py_UCS4'?\n   5860 |         text_ptr = (Py_UCS1*)text + text_pos;\n        |                     ^~~~~~~\n        |                     Py_UCS4\n  regex_3/_regex.c:5860:29: error: expected expression before ')' token\n   5860 |         text_ptr = (Py_UCS1*)text + text_pos;\n        |                             ^\n  regex_3/_regex.c:5861:30: error: expected expression before ')' token\n   5861 |         limit_ptr = (Py_UCS1*)text + limit;\n        |                              ^\n  regex_3/_regex.c:5876:48: error: expected expression before ')' token\n   5876 |                     return text_ptr - (Py_UCS1*)text;\n        |                                                ^\n  regex_3/_regex.c:5886:9: error: unknown type name 'Py_UCS2'; did you mean 'Py_UCS4'?\n   5886 |         Py_UCS2* text_ptr;\n        |         ^~~~~~~\n        |         Py_UCS4\n  regex_3/_regex.c:5887:9: error: unknown type name 'Py_UCS2'; did you mean 'Py_UCS4'?\n   5887 |         Py_UCS2* limit_ptr;\n        |         ^~~~~~~\n        |         Py_UCS4\n  regex_3/_regex.c:5889:21: error: 'Py_UCS2' undeclared (first use in this function); did you mean 'Py_UCS4'?\n   5889 |         text_ptr = (Py_UCS2*)text + text_pos;\n        |                     ^~~~~~~\n        |                     Py_UCS4\n  regex_3/_regex.c:5889:29: error: expected expression before ')' token\n   5889 |         text_ptr = (Py_UCS2*)text + text_pos;\n        |                             ^\n  regex_3/_regex.c:5890:30: error: expected expression before ')' token\n   5890 |         limit_ptr = (Py_UCS2*)text + limit;\n        |                              ^\n  regex_3/_regex.c:5905:48: error: expected expression before ')' token\n   5905 |                     return text_ptr - (Py_UCS2*)text;\n        |                                                ^\n  regex_3/_regex.c: In function 'fast_string_search_ign_rev':\n  regex_3/_regex.c:5973:9: error: unknown type name 'Py_UCS1'; did you mean 'Py_UCS4'?\n   5973 |         Py_UCS1* text_ptr;\n        |         ^~~~~~~\n        |         Py_UCS4\n  regex_3/_regex.c:5974:9: error: unknown type name 'Py_UCS1'; did you mean 'Py_UCS4'?\n   5974 |         Py_UCS1* limit_ptr;\n        |         ^~~~~~~\n        |         Py_UCS4\n  regex_3/_regex.c:5976:21: error: 'Py_UCS1' undeclared (first use in this function); did you mean 'Py_UCS4'?\n   5976 |         text_ptr = (Py_UCS1*)text + text_pos;\n        |                     ^~~~~~~\n        |                     Py_UCS4\n  regex_3/_regex.c:5976:29: error: expected expression before ')' token\n   5976 |         text_ptr = (Py_UCS1*)text + text_pos;\n        |                             ^\n  regex_3/_regex.c:5977:30: error: expected expression before ')' token\n   5977 |         limit_ptr = (Py_UCS1*)text + limit;\n        |                              ^\n  regex_3/_regex.c:5992:48: error: expected expression before ')' token\n   5992 |                     return text_ptr - (Py_UCS1*)text + length;\n        |                                                ^\n  regex_3/_regex.c:6002:9: error: unknown type name 'Py_UCS2'; did you mean 'Py_UCS4'?\n   6002 |         Py_UCS2* text_ptr;\n        |         ^~~~~~~\n        |         Py_UCS4\n  regex_3/_regex.c:6003:9: error: unknown type name 'Py_UCS2'; did you mean 'Py_UCS4'?\n   6003 |         Py_UCS2* limit_ptr;\n        |         ^~~~~~~\n        |         Py_UCS4\n  regex_3/_regex.c:6005:21: error: 'Py_UCS2' undeclared (first use in this function); did you mean 'Py_UCS4'?\n   6005 |         text_ptr = (Py_UCS2*)text + text_pos;\n        |                     ^~~~~~~\n        |                     Py_UCS4\n  regex_3/_regex.c:6005:29: error: expected expression before ')' token\n   6005 |         text_ptr = (Py_UCS2*)text + text_pos;\n        |                             ^\n  regex_3/_regex.c:6006:30: error: expected expression before ')' token\n   6006 |         limit_ptr = (Py_UCS2*)text + limit;\n        |                              ^\n  regex_3/_regex.c:6021:48: error: expected expression before ')' token\n   6021 |                     return text_ptr - (Py_UCS2*)text + length;\n        |                                                ^\n  regex_3/_regex.c: In function 'fast_string_search_rev':\n  regex_3/_regex.c:6084:9: error: unknown type name 'Py_UCS1'; did you mean 'Py_UCS4'?\n   6084 |         Py_UCS1* text_ptr;\n        |         ^~~~~~~\n        |         Py_UCS4\n  regex_3/_regex.c:6085:9: error: unknown type name 'Py_UCS1'; did you mean 'Py_UCS4'?\n   6085 |         Py_UCS1* limit_ptr;\n        |         ^~~~~~~\n        |         Py_UCS4\n  regex_3/_regex.c:6087:21: error: 'Py_UCS1' undeclared (first use in this function); did you mean 'Py_UCS4'?\n   6087 |         text_ptr = (Py_UCS1*)text + text_pos;\n        |                     ^~~~~~~\n        |                     Py_UCS4\n  regex_3/_regex.c:6087:29: error: expected expression before ')' token\n   6087 |         text_ptr = (Py_UCS1*)text + text_pos;\n        |                             ^\n  regex_3/_regex.c:6088:30: error: expected expression before ')' token\n   6088 |         limit_ptr = (Py_UCS1*)text + limit;\n        |                              ^\n  regex_3/_regex.c:6102:48: error: expected expression before ')' token\n   6102 |                     return text_ptr - (Py_UCS1*)text + length;\n        |                                                ^\n  regex_3/_regex.c:6112:9: error: unknown type name 'Py_UCS2'; did you mean 'Py_UCS4'?\n   6112 |         Py_UCS2* text_ptr;\n        |         ^~~~~~~\n        |         Py_UCS4\n  regex_3/_regex.c:6113:9: error: unknown type name 'Py_UCS2'; did you mean 'Py_UCS4'?\n   6113 |         Py_UCS2* limit_ptr;\n        |         ^~~~~~~\n        |         Py_UCS4\n  regex_3/_regex.c:6115:21: error: 'Py_UCS2' undeclared (first use in this function); did you mean 'Py_UCS4'?\n   6115 |         text_ptr = (Py_UCS2*)text + text_pos;\n        |                     ^~~~~~~\n        |                     Py_UCS4\n  regex_3/_regex.c:6115:29: error: expected expression before ')' token\n   6115 |         text_ptr = (Py_UCS2*)text + text_pos;\n        |                             ^\n  regex_3/_regex.c:6116:30: error: expected expression before ')' token\n   6116 |         limit_ptr = (Py_UCS2*)text + limit;\n        |                              ^\n  regex_3/_regex.c:6130:48: error: expected expression before ')' token\n   6130 |                     return text_ptr - (Py_UCS2*)text + length;\n        |                                                ^\n  regex_3/_regex.c: In function 'build_unicode_value':\n  regex_3/_regex.c:9478:16: error: 'PyUnicode_1BYTE_KIND' undeclared (first use in this function); did you mean 'PyUnicode_GET_SIZE'?\n   9478 |         kind = PyUnicode_1BYTE_KIND;\n        |                ^~~~~~~~~~~~~~~~~~~~\n        |                PyUnicode_GET_SIZE\n  regex_3/_regex.c:9481:16: error: 'PyUnicode_2BYTE_KIND' undeclared (first use in this function); did you mean 'PyUnicode_GET_SIZE'?\n   9481 |         kind = PyUnicode_2BYTE_KIND;\n        |                ^~~~~~~~~~~~~~~~~~~~\n        |                PyUnicode_GET_SIZE\n  regex_3/_regex.c:9484:16: error: 'PyUnicode_4BYTE_KIND' undeclared (first use in this function); did you mean 'PyUnicode_GET_SIZE'?\n   9484 |         kind = PyUnicode_4BYTE_KIND;\n        |                ^~~~~~~~~~~~~~~~~~~~\n        |                PyUnicode_GET_SIZE\n  regex_3/_regex.c:9491:12: warning: implicit declaration of function 'PyUnicode_FromKindAndData'; did you mean 'PyUnicode_FromOrdinal'? [-Wimplicit-function-declaration]\n   9491 |     return PyUnicode_FromKindAndData(kind, buffer, len);\n        |            ^~~~~~~~~~~~~~~~~~~~~~~~~\n        |            PyUnicode_FromOrdinal\n  regex_3/_regex.c:9491:12: warning: returning 'int' from a function with return type 'PyObject *' {aka 'struct _object *'} makes pointer from integer without a cast [-Wint-conversion]\n   9491 |     return PyUnicode_FromKindAndData(kind, buffer, len);\n        |            ^~~~~~~~~~~~~~~~~~~~~~~~~~~~~~~~~~~~~~~~~~~~\n  regex_3/_regex.c: In function 'build_bytes_value':\n  regex_3/_regex.c:9499:5: error: unknown type name 'Py_UCS1'; did you mean 'Py_UCS4'?\n   9499 |     Py_UCS1* byte_buffer;\n        |     ^~~~~~~\n        |     Py_UCS4\n  regex_3/_regex.c:9514:9: error: unknown type name 'Py_UCS2'; did you mean 'Py_UCS4'?\n   9514 |         Py_UCS2 c = ((Py_UCS2*)buffer)[i];\n        |         ^~~~~~~\n        |         Py_UCS4\n  regex_3/_regex.c:9514:23: error: 'Py_UCS2' undeclared (first use in this function); did you mean 'Py_UCS4'?\n   9514 |         Py_UCS2 c = ((Py_UCS2*)buffer)[i];\n        |                       ^~~~~~~\n        |                       Py_UCS4\n  regex_3/_regex.c:9514:31: error: expected expression before ')' token\n   9514 |         Py_UCS2 c = ((Py_UCS2*)buffer)[i];\n        |                               ^\n  regex_3/_regex.c:9518:27: error: 'Py_UCS1' undeclared (first use in this function); did you mean 'Py_UCS4'?\n   9518 |         byte_buffer[i] = (Py_UCS1)c;\n        |                           ^~~~~~~\n        |                           Py_UCS4\n  regex_3/_regex.c:9518:35: error: expected ';' before 'c'\n   9518 |         byte_buffer[i] = (Py_UCS1)c;\n        |                                   ^\n        |                                   ;\n  regex_3/_regex.c: In function 'get_string':\n  regex_3/_regex.c:18037:13: warning: implicit declaration of function 'PyUnicode_READY'; did you mean 'PyUnicode_Join'? [-Wimplicit-function-declaration]\n  18037 |         if (PyUnicode_READY(string) == -1)\n        |             ^~~~~~~~~~~~~~~\n        |             PyUnicode_Join\n  regex_3/_regex.c:18040:39: warning: implicit declaration of function 'PyUnicode_DATA'; did you mean 'PyUnicode_AS_DATA'? [-Wimplicit-function-declaration]\n  18040 |         str_info->characters = (void*)PyUnicode_DATA(string);\n        |                                       ^~~~~~~~~~~~~~\n        |                                       PyUnicode_AS_DATA\n  regex_3/_regex.c:18040:32: warning: cast to pointer from integer of different size [-Wint-to-pointer-cast]\n  18040 |         str_info->characters = (void*)PyUnicode_DATA(string);\n        |                                ^\n  regex_3/_regex.c:18041:28: warning: implicit declaration of function 'PyUnicode_GET_LENGTH'; did you mean 'PyUnicode_GET_SIZE'? [-Wimplicit-function-declaration]\n  18041 |         str_info->length = PyUnicode_GET_LENGTH(string);\n        |                            ^~~~~~~~~~~~~~~~~~~~\n        |                            PyUnicode_GET_SIZE\n  regex_3/_regex.c:18042:30: warning: implicit declaration of function 'PyUnicode_KIND'; did you mean 'PyUnicode_Join'? [-Wimplicit-function-declaration]\n  18042 |         str_info->charsize = PyUnicode_KIND(string);\n        |                              ^~~~~~~~~~~~~~\n        |                              PyUnicode_Join\n  regex_3/_regex.c: In function 'ensure_immutable':\n  regex_3/_regex.c:18557:22: warning: implicit declaration of function 'PyBytes_FromObject'; did you mean 'PyBuffer_FromObject'? [-Wimplicit-function-declaration]\n  18557 |         new_string = PyBytes_FromObject(string);\n        |                      ^~~~~~~~~~~~~~~~~~\n        |                      PyBuffer_FromObject\n  regex_3/_regex.c:18557:20: warning: assignment to 'PyObject *' {aka 'struct _object *'} from 'int' makes pointer from integer without a cast [-Wint-conversion]\n  18557 |         new_string = PyBytes_FromObject(string);\n        |                    ^\n  regex_3/_regex.c: In function 'unicode_slice':\n  regex_3/_regex.c:18585:12: warning: implicit declaration of function 'PyUnicode_Substring'; did you mean 'PyUnicode_FromString'? [-Wimplicit-function-declaration]\n  18585 |     return PyUnicode_Substring(string, start, end);\n        |            ^~~~~~~~~~~~~~~~~~~\n        |            PyUnicode_FromString\n  regex_3/_regex.c:18585:12: warning: returning 'int' from a function with return type 'PyObject *' {aka 'struct _object *'} makes pointer from integer without a cast [-Wint-conversion]\n  18585 |     return PyUnicode_Substring(string, start, end);\n        |            ^~~~~~~~~~~~~~~~~~~~~~~~~~~~~~~~~~~~~~~\n  regex_3/_regex.c: In function 'add_to_join_list':\n  regex_3/_regex.c:19408:22: warning: assignment to 'PyObject *' {aka 'struct _object *'} from 'int' makes pointer from integer without a cast [-Wint-conversion]\n  19408 |             new_item = PyBytes_FromObject(item);\n        |                      ^\n  regex_3/_regex.c: In function 'join_list_info':\n  regex_3/_regex.c:19475:22: warning: implicit declaration of function 'PyUnicode_New'; did you mean 'PyCode_New'? [-Wimplicit-function-declaration]\n  19475 |             joiner = PyUnicode_New(0, 0);\n        |                      ^~~~~~~~~~~~~\n        |                      PyCode_New\n  regex_3/_regex.c:19475:20: warning: assignment to 'PyObject *' {aka 'struct _object *'} from 'int' makes pointer from integer without a cast [-Wint-conversion]\n  19475 |             joiner = PyUnicode_New(0, 0);\n        |                    ^\n  regex_3/_regex.c:19505:16: warning: returning 'int' from a function with return type 'PyObject *' {aka 'struct _object *'} makes pointer from integer without a cast [-Wint-conversion]\n  19505 |         return PyUnicode_New(0, 0);\n        |                ^~~~~~~~~~~~~~~~~~~\n  regex_3/_regex.c: In function 'match_get_group_slice':\n  regex_3/_regex.c:19809:30: warning: passing argument 1 of 'PySlice_GetIndicesEx' from incompatible pointer type [-Wincompatible-pointer-types]\n  19809 |     if (PySlice_GetIndicesEx(slice, (Py_ssize_t)self->group_count + 1, &start,\n        |                              ^~~~~\n        |                              |\n        |                              PyObject * {aka struct _object *}\n  In file included from /usr/local/include/python2.7/Python.h:115,\n                   from regex_3/_regex.c:50:\n  /usr/local/include/python2.7/sliceobject.h:37:53: note: expected 'PySliceObject *' {aka 'struct <anonymous> *'} but argument is of type 'PyObject *' {aka 'struct _object *'}\n     37 | PyAPI_FUNC(int) PySlice_GetIndicesEx(PySliceObject *r, Py_ssize_t length,\n        |                                      ~~~~~~~~~~~~~~~^\n  regex_3/_regex.c: In function 'index_to_integer':\n  regex_3/_regex.c:21024:19: warning: implicit declaration of function 'PyLong_FromUnicodeObject'; did you mean 'PyLong_FromUnicode'? [-Wimplicit-function-declaration]\n  21024 |         int_obj = PyLong_FromUnicodeObject(item, 0);\n        |                   ^~~~~~~~~~~~~~~~~~~~~~~~\n        |                   PyLong_FromUnicode\n  regex_3/_regex.c:21024:17: warning: assignment to 'PyObject *' {aka 'struct _object *'} from 'int' makes pointer from integer without a cast [-Wint-conversion]\n  21024 |         int_obj = PyLong_FromUnicodeObject(item, 0);\n        |                 ^\n  regex_3/_regex.c: In function 'pattern_sizeof':\n  regex_3/_regex.c:22280:13: warning: implicit declaration of function 'PyLong_AsSize_t'; did you mean 'PyLong_AsSsize_t'? [-Wimplicit-function-declaration]\n  22280 |     size += PyLong_AsSize_t(result);\n        |             ^~~~~~~~~~~~~~~\n        |             PyLong_AsSsize_t\n  regex_3/_regex.c: At top level:\n  regex_3/_regex.c:26217:15: error: variable 'regex_module' has initializer but incomplete type\n  26217 | static struct PyModuleDef regex_module = {\n        |               ^~~~~~~~~~~\n  regex_3/_regex.c:26218:5: error: 'PyModuleDef_HEAD_INIT' undeclared here (not in a function)\n  26218 |     PyModuleDef_HEAD_INIT,\n        |     ^~~~~~~~~~~~~~~~~~~~~\n  regex_3/_regex.c:26218:5: warning: excess elements in struct initializer\n  regex_3/_regex.c:26218:5: note: (near initialization for 'regex_module')\n  regex_3/_regex.c:26219:5: warning: excess elements in struct initializer\n  26219 |     \"_regex\",\n        |     ^~~~~~~~\n  regex_3/_regex.c:26219:5: note: (near initialization for 'regex_module')\n  regex_3/_regex.c:26220:5: warning: excess elements in struct initializer\n  26220 |     NULL,\n        |     ^~~~\n  regex_3/_regex.c:26220:5: note: (near initialization for 'regex_module')\n  regex_3/_regex.c:26221:5: warning: excess elements in struct initializer\n  26221 |     -1,\n        |     ^\n  regex_3/_regex.c:26221:5: note: (near initialization for 'regex_module')\n  regex_3/_regex.c:26222:5: warning: excess elements in struct initializer\n  26222 |     _functions,\n        |     ^~~~~~~~~~\n  regex_3/_regex.c:26222:5: note: (near initialization for 'regex_module')\n  regex_3/_regex.c:26223:5: warning: excess elements in struct initializer\n  26223 |     NULL,\n        |     ^~~~\n  regex_3/_regex.c:26223:5: note: (near initialization for 'regex_module')\n  regex_3/_regex.c:26224:5: warning: excess elements in struct initializer\n  26224 |     NULL,\n        |     ^~~~\n  regex_3/_regex.c:26224:5: note: (near initialization for 'regex_module')\n  regex_3/_regex.c:26225:5: warning: excess elements in struct initializer\n  26225 |     NULL,\n        |     ^~~~\n  regex_3/_regex.c:26225:5: note: (near initialization for 'regex_module')\n  regex_3/_regex.c:26226:5: warning: excess elements in struct initializer\n  26226 |     NULL\n        |     ^~~~\n  regex_3/_regex.c:26226:5: note: (near initialization for 'regex_module')\n  regex_3/_regex.c: In function 'PyInit__regex':\n  regex_3/_regex.c:26287:16: warning: 'return' with a value, in function returning void [-Wreturn-type]\n  26287 |         return NULL;\n        |                ^~~~\n  regex_3/_regex.c:26230:16: note: declared here\n  26230 | PyMODINIT_FUNC PyInit__regex(void) {\n        |                ^~~~~~~~~~~~~\n  regex_3/_regex.c:26289:16: warning: 'return' with a value, in function returning void [-Wreturn-type]\n  26289 |         return NULL;\n        |                ^~~~\n  regex_3/_regex.c:26230:16: note: declared here\n  26230 | PyMODINIT_FUNC PyInit__regex(void) {\n        |                ^~~~~~~~~~~~~\n  regex_3/_regex.c:26291:16: warning: 'return' with a value, in function returning void [-Wreturn-type]\n  26291 |         return NULL;\n        |                ^~~~\n  regex_3/_regex.c:26230:16: note: declared here\n  26230 | PyMODINIT_FUNC PyInit__regex(void) {\n        |                ^~~~~~~~~~~~~\n  regex_3/_regex.c:26293:16: warning: 'return' with a value, in function returning void [-Wreturn-type]\n  26293 |         return NULL;\n        |                ^~~~\n  regex_3/_regex.c:26230:16: note: declared here\n  26230 | PyMODINIT_FUNC PyInit__regex(void) {\n        |                ^~~~~~~~~~~~~\n  regex_3/_regex.c:26295:16: warning: 'return' with a value, in function returning void [-Wreturn-type]\n  26295 |         return NULL;\n        |                ^~~~\n  regex_3/_regex.c:26230:16: note: declared here\n  26230 | PyMODINIT_FUNC PyInit__regex(void) {\n        |                ^~~~~~~~~~~~~\n  regex_3/_regex.c:26299:9: warning: implicit declaration of function 'PyModule_Create'; did you mean 'PyModule_Check'? [-Wimplicit-function-declaration]\n  26299 |     m = PyModule_Create(&regex_module);\n        |         ^~~~~~~~~~~~~~~\n        |         PyModule_Check\n  regex_3/_regex.c:26299:7: warning: assignment to 'PyObject *' {aka 'struct _object *'} from 'int' makes pointer from integer without a cast [-Wint-conversion]\n  26299 |     m = PyModule_Create(&regex_module);\n        |       ^\n  regex_3/_regex.c:26301:16: warning: 'return' with a value, in function returning void [-Wreturn-type]\n  26301 |         return NULL;\n        |                ^~~~\n  regex_3/_regex.c:26230:16: note: declared here\n  26230 | PyMODINIT_FUNC PyInit__regex(void) {\n        |                ^~~~~~~~~~~~~\n  regex_3/_regex.c:26326:16: warning: 'return' with a value, in function returning void [-Wreturn-type]\n  26326 |         return NULL;\n        |                ^~~~\n  regex_3/_regex.c:26230:16: note: declared here\n  26230 | PyMODINIT_FUNC PyInit__regex(void) {\n        |                ^~~~~~~~~~~~~\n  regex_3/_regex.c:26329:12: warning: 'return' with a value, in function returning void [-Wreturn-type]\n  26329 |     return m;\n        |            ^\n  regex_3/_regex.c:26230:16: note: declared here\n  26230 | PyMODINIT_FUNC PyInit__regex(void) {\n        |                ^~~~~~~~~~~~~\n  regex_3/_regex.c: At top level:\n  regex_3/_regex.c:26217:27: error: storage size of 'regex_module' isn't known\n  26217 | static struct PyModuleDef regex_module = {\n        |                           ^~~~~~~~~~~~\n  regex_3/_regex.c: In function 'bytes2_char_at':\n  regex_3/_regex.c:771:1: warning: control reaches end of non-void function [-Wreturn-type]\n    771 | }\n        | ^\n  regex_3/_regex.c: In function 'bytes1_char_at':\n  regex_3/_regex.c:756:1: warning: control reaches end of non-void function [-Wreturn-type]\n    756 | }\n        | ^\n  regex_3/_regex.c: In function 'bytes2_point_to':\n  regex_3/_regex.c:781:1: warning: control reaches end of non-void function [-Wreturn-type]\n    781 | }\n        | ^\n  regex_3/_regex.c: In function 'bytes1_point_to':\n  regex_3/_regex.c:766:1: warning: control reaches end of non-void function [-Wreturn-type]\n    766 | }\n        | ^\n  error: command 'gcc' failed with exit status 1\n  ----------------------------------------\n\u001b[0m\u001b[91m  ERROR: Failed building wheel for regex\n\u001b[0m  Running setup.py clean for regex\nSuccessfully built dpkt\nFailed to build regex\nInstalling collected packages: dpkt, regex\n    Running setup.py install for regex: started\n    Running setup.py install for regex: finished with status 'error'\n\u001b[91m    ERROR: Command errored out with exit status 1:\n     command: /usr/local/bin/python -u -c 'import sys, setuptools, tokenize; sys.argv[0] = '\"'\"'/tmp/pip-install-20_zGK/regex/setup.py'\"'\"'; __file__='\"'\"'/tmp/pip-install-20_zGK/regex/setup.py'\"'\"';f=getattr(tokenize, '\"'\"'open'\"'\"', open)(__file__);code=f.read().replace('\"'\"'\\r\\n'\"'\"', '\"'\"'\\n'\"'\"');f.close();exec(compile(code, __file__, '\"'\"'exec'\"'\"'))' install --record /tmp/pip-record-PRYksG/install-record.txt --single-version-externally-managed --compile --install-headers /usr/local/include/python2.7/regex\n         cwd: /tmp/pip-install-20_zGK/regex/\n    Complete output (1466 lines):\n    running install\n    running build\n    running build_py\n    creating build\n    creating build/lib.linux-x86_64-2.7\n    creating build/lib.linux-x86_64-2.7/regex\n    copying regex_3/__init__.py -> build/lib.linux-x86_64-2.7/regex\n    copying regex_3/regex.py -> build/lib.linux-x86_64-2.7/regex\n    copying regex_3/_regex_core.py -> build/lib.linux-x86_64-2.7/regex\n    copying regex_3/test_regex.py -> build/lib.linux-x86_64-2.7/regex\n    running build_ext\n    building 'regex._regex' extension\n    creating build/temp.linux-x86_64-2.7\n    creating build/temp.linux-x86_64-2.7/regex_3\n    gcc -fno-strict-aliasing -g -O2 -DNDEBUG -g -fwrapv -O3 -Wall -Wstrict-prototypes -DTHREAD_STACK_SIZE=0x100000 -fPIC -I/usr/local/include/python2.7 -c regex_3/_regex.c -o build/temp.linux-x86_64-2.7/regex_3/_regex.o\n    regex_3/_regex.c: In function 'bytes1_char_at':\n    regex_3/_regex.c:755:15: error: 'Py_UCS1' undeclared (first use in this function); did you mean 'Py_UCS4'?\n      755 |     return *((Py_UCS1*)text + pos);\n          |               ^~~~~~~\n          |               Py_UCS4\n    regex_3/_regex.c:755:15: note: each undeclared identifier is reported only once for each function it appears in\n    regex_3/_regex.c:755:23: error: expected expression before ')' token\n      755 |     return *((Py_UCS1*)text + pos);\n          |                       ^\n    regex_3/_regex.c: In function 'bytes1_set_char_at':\n    regex_3/_regex.c:760:8: error: 'Py_UCS1' undeclared (first use in this function); did you mean 'Py_UCS4'?\n      760 |     *((Py_UCS1*)text + pos) = (Py_UCS1)ch;\n          |        ^~~~~~~\n          |        Py_UCS4\n    regex_3/_regex.c:760:16: error: expected expression before ')' token\n      760 |     *((Py_UCS1*)text + pos) = (Py_UCS1)ch;\n          |                ^\n    regex_3/_regex.c:760:40: error: expected ';' before 'ch'\n      760 |     *((Py_UCS1*)text + pos) = (Py_UCS1)ch;\n          |                                        ^~\n          |                                        ;\n    regex_3/_regex.c: In function 'bytes1_point_to':\n    regex_3/_regex.c:765:13: error: 'Py_UCS1' undeclared (first use in this function); did you mean 'Py_UCS4'?\n      765 |     return (Py_UCS1*)text + pos;\n          |             ^~~~~~~\n          |             Py_UCS4\n    regex_3/_regex.c:765:21: error: expected expression before ')' token\n      765 |     return (Py_UCS1*)text + pos;\n          |                     ^\n    regex_3/_regex.c: In function 'bytes2_char_at':\n    regex_3/_regex.c:770:15: error: 'Py_UCS2' undeclared (first use in this function); did you mean 'Py_UCS4'?\n      770 |     return *((Py_UCS2*)text + pos);\n          |               ^~~~~~~\n          |               Py_UCS4\n    regex_3/_regex.c:770:23: error: expected expression before ')' token\n      770 |     return *((Py_UCS2*)text + pos);\n          |                       ^\n    regex_3/_regex.c: In function 'bytes2_set_char_at':\n    regex_3/_regex.c:775:8: error: 'Py_UCS2' undeclared (first use in this function); did you mean 'Py_UCS4'?\n      775 |     *((Py_UCS2*)text + pos) = (Py_UCS2)ch;\n          |        ^~~~~~~\n          |        Py_UCS4\n    regex_3/_regex.c:775:16: error: expected expression before ')' token\n      775 |     *((Py_UCS2*)text + pos) = (Py_UCS2)ch;\n          |                ^\n    regex_3/_regex.c:775:40: error: expected ';' before 'ch'\n      775 |     *((Py_UCS2*)text + pos) = (Py_UCS2)ch;\n          |                                        ^~\n          |                                        ;\n    regex_3/_regex.c: In function 'bytes2_point_to':\n    regex_3/_regex.c:780:13: error: 'Py_UCS2' undeclared (first use in this function); did you mean 'Py_UCS4'?\n      780 |     return (Py_UCS2*)text + pos;\n          |             ^~~~~~~\n          |             Py_UCS4\n    regex_3/_regex.c:780:21: error: expected expression before ')' token\n      780 |     return (Py_UCS2*)text + pos;\n          |                     ^\n    regex_3/_regex.c: In function 'set_error':\n    regex_3/_regex.c:2103:25: error: 'PyExc_TimeoutError' undeclared (first use in this function); did you mean 'PyExc_ImportError'?\n     2103 |         PyErr_SetString(PyExc_TimeoutError, \"regex timed out\");\n          |                         ^~~~~~~~~~~~~~~~~~\n          |                         PyExc_ImportError\n    regex_3/_regex.c: In function 'match_many_ANY':\n    regex_3/_regex.c:3468:9: error: unknown type name 'Py_UCS1'; did you mean 'Py_UCS4'?\n     3468 |         Py_UCS1* text_ptr;\n          |         ^~~~~~~\n          |         Py_UCS4\n    regex_3/_regex.c:3469:9: error: unknown type name 'Py_UCS1'; did you mean 'Py_UCS4'?\n     3469 |         Py_UCS1* limit_ptr;\n          |         ^~~~~~~\n          |         Py_UCS4\n    regex_3/_regex.c:3471:21: error: 'Py_UCS1' undeclared (first use in this function); did you mean 'Py_UCS4'?\n     3471 |         text_ptr = (Py_UCS1*)text + text_pos;\n          |                     ^~~~~~~\n          |                     Py_UCS4\n    regex_3/_regex.c:3471:29: error: expected expression before ')' token\n     3471 |         text_ptr = (Py_UCS1*)text + text_pos;\n          |                             ^\n    regex_3/_regex.c:3472:30: error: expected expression before ')' token\n     3472 |         limit_ptr = (Py_UCS1*)text + limit;\n          |                              ^\n    regex_3/_regex.c:3477:40: error: expected expression before ')' token\n     3477 |         text_pos = text_ptr - (Py_UCS1*)text;\n          |                                        ^\n    regex_3/_regex.c:3482:9: error: unknown type name 'Py_UCS2'; did you mean 'Py_UCS4'?\n     3482 |         Py_UCS2* text_ptr;\n          |         ^~~~~~~\n          |         Py_UCS4\n    regex_3/_regex.c:3483:9: error: unknown type name 'Py_UCS2'; did you mean 'Py_UCS4'?\n     3483 |         Py_UCS2* limit_ptr;\n          |         ^~~~~~~\n          |         Py_UCS4\n    regex_3/_regex.c:3485:21: error: 'Py_UCS2' undeclared (first use in this function); did you mean 'Py_UCS4'?\n     3485 |         text_ptr = (Py_UCS2*)text + text_pos;\n          |                     ^~~~~~~\n          |                     Py_UCS4\n    regex_3/_regex.c:3485:29: error: expected expression before ')' token\n     3485 |         text_ptr = (Py_UCS2*)text + text_pos;\n          |                             ^\n    regex_3/_regex.c:3486:30: error: expected expression before ')' token\n     3486 |         limit_ptr = (Py_UCS2*)text + limit;\n          |                              ^\n    regex_3/_regex.c:3491:40: error: expected expression before ')' token\n     3491 |         text_pos = text_ptr - (Py_UCS2*)text;\n          |                                        ^\n    regex_3/_regex.c: In function 'match_many_ANY_REV':\n    regex_3/_regex.c:3523:9: error: unknown type name 'Py_UCS1'; did you mean 'Py_UCS4'?\n     3523 |         Py_UCS1* text_ptr;\n          |         ^~~~~~~\n          |         Py_UCS4\n    regex_3/_regex.c:3524:9: error: unknown type name 'Py_UCS1'; did you mean 'Py_UCS4'?\n     3524 |         Py_UCS1* limit_ptr;\n          |         ^~~~~~~\n          |         Py_UCS4\n    regex_3/_regex.c:3526:21: error: 'Py_UCS1' undeclared (first use in this function); did you mean 'Py_UCS4'?\n     3526 |         text_ptr = (Py_UCS1*)text + text_pos;\n          |                     ^~~~~~~\n          |                     Py_UCS4\n    regex_3/_regex.c:3526:29: error: expected expression before ')' token\n     3526 |         text_ptr = (Py_UCS1*)text + text_pos;\n          |                             ^\n    regex_3/_regex.c:3527:30: error: expected expression before ')' token\n     3527 |         limit_ptr = (Py_UCS1*)text + limit;\n          |                              ^\n    regex_3/_regex.c:3532:40: error: expected expression before ')' token\n     3532 |         text_pos = text_ptr - (Py_UCS1*)text;\n          |                                        ^\n    regex_3/_regex.c:3537:9: error: unknown type name 'Py_UCS2'; did you mean 'Py_UCS4'?\n     3537 |         Py_UCS2* text_ptr;\n          |         ^~~~~~~\n          |         Py_UCS4\n    regex_3/_regex.c:3538:9: error: unknown type name 'Py_UCS2'; did you mean 'Py_UCS4'?\n     3538 |         Py_UCS2* limit_ptr;\n          |         ^~~~~~~\n          |         Py_UCS4\n    regex_3/_regex.c:3540:21: error: 'Py_UCS2' undeclared (first use in this function); did you mean 'Py_UCS4'?\n     3540 |         text_ptr = (Py_UCS2*)text + text_pos;\n          |                     ^~~~~~~\n          |                     Py_UCS4\n    regex_3/_regex.c:3540:29: error: expected expression before ')' token\n     3540 |         text_ptr = (Py_UCS2*)text + text_pos;\n          |                             ^\n    regex_3/_regex.c:3541:30: error: expected expression before ')' token\n     3541 |         limit_ptr = (Py_UCS2*)text + limit;\n          |                              ^\n    regex_3/_regex.c:3546:40: error: expected expression before ')' token\n     3546 |         text_pos = text_ptr - (Py_UCS2*)text;\n          |                                        ^\n    regex_3/_regex.c: In function 'match_many_ANY_U':\n    regex_3/_regex.c:3580:9: error: unknown type name 'Py_UCS1'; did you mean 'Py_UCS4'?\n     3580 |         Py_UCS1* text_ptr;\n          |         ^~~~~~~\n          |         Py_UCS4\n    regex_3/_regex.c:3581:9: error: unknown type name 'Py_UCS1'; did you mean 'Py_UCS4'?\n     3581 |         Py_UCS1* limit_ptr;\n          |         ^~~~~~~\n          |         Py_UCS4\n    regex_3/_regex.c:3583:21: error: 'Py_UCS1' undeclared (first use in this function); did you mean 'Py_UCS4'?\n     3583 |         text_ptr = (Py_UCS1*)text + text_pos;\n          |                     ^~~~~~~\n          |                     Py_UCS4\n    regex_3/_regex.c:3583:29: error: expected expression before ')' token\n     3583 |         text_ptr = (Py_UCS1*)text + text_pos;\n          |                             ^\n    regex_3/_regex.c:3584:30: error: expected expression before ')' token\n     3584 |         limit_ptr = (Py_UCS1*)text + limit;\n          |                              ^\n    regex_3/_regex.c:3596:40: error: expected expression before ')' token\n     3596 |         text_pos = text_ptr - (Py_UCS1*)text;\n          |                                        ^\n    regex_3/_regex.c:3601:9: error: unknown type name 'Py_UCS2'; did you mean 'Py_UCS4'?\n     3601 |         Py_UCS2* text_ptr;\n          |         ^~~~~~~\n          |         Py_UCS4\n    regex_3/_regex.c:3602:9: error: unknown type name 'Py_UCS2'; did you mean 'Py_UCS4'?\n     3602 |         Py_UCS2* limit_ptr;\n          |         ^~~~~~~\n          |         Py_UCS4\n    regex_3/_regex.c:3604:21: error: 'Py_UCS2' undeclared (first use in this function); did you mean 'Py_UCS4'?\n     3604 |         text_ptr = (Py_UCS2*)text + text_pos;\n          |                     ^~~~~~~\n          |                     Py_UCS4\n    regex_3/_regex.c:3604:29: error: expected expression before ')' token\n     3604 |         text_ptr = (Py_UCS2*)text + text_pos;\n          |                             ^\n    regex_3/_regex.c:3605:30: error: expected expression before ')' token\n     3605 |         limit_ptr = (Py_UCS2*)text + limit;\n          |                              ^\n    regex_3/_regex.c:3617:40: error: expected expression before ')' token\n     3617 |         text_pos = text_ptr - (Py_UCS2*)text;\n          |                                        ^\n    regex_3/_regex.c: In function 'match_many_ANY_U_REV':\n    regex_3/_regex.c:3658:9: error: unknown type name 'Py_UCS1'; did you mean 'Py_UCS4'?\n     3658 |         Py_UCS1* text_ptr;\n          |         ^~~~~~~\n          |         Py_UCS4\n    regex_3/_regex.c:3659:9: error: unknown type name 'Py_UCS1'; did you mean 'Py_UCS4'?\n     3659 |         Py_UCS1* limit_ptr;\n          |         ^~~~~~~\n          |         Py_UCS4\n    regex_3/_regex.c:3661:21: error: 'Py_UCS1' undeclared (first use in this function); did you mean 'Py_UCS4'?\n     3661 |         text_ptr = (Py_UCS1*)text + text_pos;\n          |                     ^~~~~~~\n          |                     Py_UCS4\n    regex_3/_regex.c:3661:29: error: expected expression before ')' token\n     3661 |         text_ptr = (Py_UCS1*)text + text_pos;\n          |                             ^\n    regex_3/_regex.c:3662:30: error: expected expression before ')' token\n     3662 |         limit_ptr = (Py_UCS1*)text + limit;\n          |                              ^\n    regex_3/_regex.c:3674:40: error: expected expression before ')' token\n     3674 |         text_pos = text_ptr - (Py_UCS1*)text;\n          |                                        ^\n    regex_3/_regex.c:3679:9: error: unknown type name 'Py_UCS2'; did you mean 'Py_UCS4'?\n     3679 |         Py_UCS2* text_ptr;\n          |         ^~~~~~~\n          |         Py_UCS4\n    regex_3/_regex.c:3680:9: error: unknown type name 'Py_UCS2'; did you mean 'Py_UCS4'?\n     3680 |         Py_UCS2* limit_ptr;\n          |         ^~~~~~~\n          |         Py_UCS4\n    regex_3/_regex.c:3682:21: error: 'Py_UCS2' undeclared (first use in this function); did you mean 'Py_UCS4'?\n     3682 |         text_ptr = (Py_UCS2*)text + text_pos;\n          |                     ^~~~~~~\n          |                     Py_UCS4\n    regex_3/_regex.c:3682:29: error: expected expression before ')' token\n     3682 |         text_ptr = (Py_UCS2*)text + text_pos;\n          |                             ^\n    regex_3/_regex.c:3683:30: error: expected expression before ')' token\n     3683 |         limit_ptr = (Py_UCS2*)text + limit;\n          |                              ^\n    regex_3/_regex.c:3695:40: error: expected expression before ')' token\n     3695 |         text_pos = text_ptr - (Py_UCS2*)text;\n          |                                        ^\n    regex_3/_regex.c: In function 'match_many_CHARACTER':\n    regex_3/_regex.c:3737:9: error: unknown type name 'Py_UCS1'; did you mean 'Py_UCS4'?\n     3737 |         Py_UCS1* text_ptr;\n          |         ^~~~~~~\n          |         Py_UCS4\n    regex_3/_regex.c:3738:9: error: unknown type name 'Py_UCS1'; did you mean 'Py_UCS4'?\n     3738 |         Py_UCS1* limit_ptr;\n          |         ^~~~~~~\n          |         Py_UCS4\n    regex_3/_regex.c:3740:21: error: 'Py_UCS1' undeclared (first use in this function); did you mean 'Py_UCS4'?\n     3740 |         text_ptr = (Py_UCS1*)text + text_pos;\n          |                     ^~~~~~~\n          |                     Py_UCS4\n    regex_3/_regex.c:3740:29: error: expected expression before ')' token\n     3740 |         text_ptr = (Py_UCS1*)text + text_pos;\n          |                             ^\n    regex_3/_regex.c:3741:30: error: expected expression before ')' token\n     3741 |         limit_ptr = (Py_UCS1*)text + limit;\n          |                              ^\n    regex_3/_regex.c:3746:40: error: expected expression before ')' token\n     3746 |         text_pos = text_ptr - (Py_UCS1*)text;\n          |                                        ^\n    regex_3/_regex.c:3751:9: error: unknown type name 'Py_UCS2'; did you mean 'Py_UCS4'?\n     3751 |         Py_UCS2* text_ptr;\n          |         ^~~~~~~\n          |         Py_UCS4\n    regex_3/_regex.c:3752:9: error: unknown type name 'Py_UCS2'; did you mean 'Py_UCS4'?\n     3752 |         Py_UCS2* limit_ptr;\n          |         ^~~~~~~\n          |         Py_UCS4\n    regex_3/_regex.c:3754:21: error: 'Py_UCS2' undeclared (first use in this function); did you mean 'Py_UCS4'?\n     3754 |         text_ptr = (Py_UCS2*)text + text_pos;\n          |                     ^~~~~~~\n          |                     Py_UCS4\n    regex_3/_regex.c:3754:29: error: expected expression before ')' token\n     3754 |         text_ptr = (Py_UCS2*)text + text_pos;\n          |                             ^\n    regex_3/_regex.c:3755:30: error: expected expression before ')' token\n     3755 |         limit_ptr = (Py_UCS2*)text + limit;\n          |                              ^\n    regex_3/_regex.c:3760:40: error: expected expression before ')' token\n     3760 |         text_pos = text_ptr - (Py_UCS2*)text;\n          |                                        ^\n    regex_3/_regex.c: In function 'match_many_CHARACTER_IGN':\n    regex_3/_regex.c:3797:9: error: unknown type name 'Py_UCS1'; did you mean 'Py_UCS4'?\n     3797 |         Py_UCS1* text_ptr;\n          |         ^~~~~~~\n          |         Py_UCS4\n    regex_3/_regex.c:3798:9: error: unknown type name 'Py_UCS1'; did you mean 'Py_UCS4'?\n     3798 |         Py_UCS1* limit_ptr;\n          |         ^~~~~~~\n          |         Py_UCS4\n    regex_3/_regex.c:3800:21: error: 'Py_UCS1' undeclared (first use in this function); did you mean 'Py_UCS4'?\n     3800 |         text_ptr = (Py_UCS1*)text + text_pos;\n          |                     ^~~~~~~\n          |                     Py_UCS4\n    regex_3/_regex.c:3800:29: error: expected expression before ')' token\n     3800 |         text_ptr = (Py_UCS1*)text + text_pos;\n          |                             ^\n    regex_3/_regex.c:3801:30: error: expected expression before ')' token\n     3801 |         limit_ptr = (Py_UCS1*)text + limit;\n          |                              ^\n    regex_3/_regex.c:3807:40: error: expected expression before ')' token\n     3807 |         text_pos = text_ptr - (Py_UCS1*)text;\n          |                                        ^\n    regex_3/_regex.c:3812:9: error: unknown type name 'Py_UCS2'; did you mean 'Py_UCS4'?\n     3812 |         Py_UCS2* text_ptr;\n          |         ^~~~~~~\n          |         Py_UCS4\n    regex_3/_regex.c:3813:9: error: unknown type name 'Py_UCS2'; did you mean 'Py_UCS4'?\n     3813 |         Py_UCS2* limit_ptr;\n          |         ^~~~~~~\n          |         Py_UCS4\n    regex_3/_regex.c:3815:21: error: 'Py_UCS2' undeclared (first use in this function); did you mean 'Py_UCS4'?\n     3815 |         text_ptr = (Py_UCS2*)text + text_pos;\n          |                     ^~~~~~~\n          |                     Py_UCS4\n    regex_3/_regex.c:3815:29: error: expected expression before ')' token\n     3815 |         text_ptr = (Py_UCS2*)text + text_pos;\n          |                             ^\n    regex_3/_regex.c:3816:30: error: expected expression before ')' token\n     3816 |         limit_ptr = (Py_UCS2*)text + limit;\n          |                              ^\n    regex_3/_regex.c:3822:40: error: expected expression before ')' token\n     3822 |         text_pos = text_ptr - (Py_UCS2*)text;\n          |                                        ^\n    regex_3/_regex.c: In function 'match_many_CHARACTER_IGN_REV':\n    regex_3/_regex.c:3860:9: error: unknown type name 'Py_UCS1'; did you mean 'Py_UCS4'?\n     3860 |         Py_UCS1* text_ptr;\n          |         ^~~~~~~\n          |         Py_UCS4\n    regex_3/_regex.c:3861:9: error: unknown type name 'Py_UCS1'; did you mean 'Py_UCS4'?\n     3861 |         Py_UCS1* limit_ptr;\n          |         ^~~~~~~\n          |         Py_UCS4\n    regex_3/_regex.c:3863:21: error: 'Py_UCS1' undeclared (first use in this function); did you mean 'Py_UCS4'?\n     3863 |         text_ptr = (Py_UCS1*)text + text_pos;\n          |                     ^~~~~~~\n          |                     Py_UCS4\n    regex_3/_regex.c:3863:29: error: expected expression before ')' token\n     3863 |         text_ptr = (Py_UCS1*)text + text_pos;\n          |                             ^\n    regex_3/_regex.c:3864:30: error: expected expression before ')' token\n     3864 |         limit_ptr = (Py_UCS1*)text + limit;\n          |                              ^\n    regex_3/_regex.c:3870:40: error: expected expression before ')' token\n     3870 |         text_pos = text_ptr - (Py_UCS1*)text;\n          |                                        ^\n    regex_3/_regex.c:3875:9: error: unknown type name 'Py_UCS2'; did you mean 'Py_UCS4'?\n     3875 |         Py_UCS2* text_ptr;\n          |         ^~~~~~~\n          |         Py_UCS4\n    regex_3/_regex.c:3876:9: error: unknown type name 'Py_UCS2'; did you mean 'Py_UCS4'?\n     3876 |         Py_UCS2* limit_ptr;\n          |         ^~~~~~~\n          |         Py_UCS4\n    regex_3/_regex.c:3878:21: error: 'Py_UCS2' undeclared (first use in this function); did you mean 'Py_UCS4'?\n     3878 |         text_ptr = (Py_UCS2*)text + text_pos;\n          |                     ^~~~~~~\n          |                     Py_UCS4\n    regex_3/_regex.c:3878:29: error: expected expression before ')' token\n     3878 |         text_ptr = (Py_UCS2*)text + text_pos;\n          |                             ^\n    regex_3/_regex.c:3879:30: error: expected expression before ')' token\n     3879 |         limit_ptr = (Py_UCS2*)text + limit;\n          |                              ^\n    regex_3/_regex.c:3885:40: error: expected expression before ')' token\n     3885 |         text_pos = text_ptr - (Py_UCS2*)text;\n          |                                        ^\n    regex_3/_regex.c: In function 'match_many_CHARACTER_REV':\n    regex_3/_regex.c:3921:9: error: unknown type name 'Py_UCS1'; did you mean 'Py_UCS4'?\n     3921 |         Py_UCS1* text_ptr;\n          |         ^~~~~~~\n          |         Py_UCS4\n    regex_3/_regex.c:3922:9: error: unknown type name 'Py_UCS1'; did you mean 'Py_UCS4'?\n     3922 |         Py_UCS1* limit_ptr;\n          |         ^~~~~~~\n          |         Py_UCS4\n    regex_3/_regex.c:3924:21: error: 'Py_UCS1' undeclared (first use in this function); did you mean 'Py_UCS4'?\n     3924 |         text_ptr = (Py_UCS1*)text + text_pos;\n          |                     ^~~~~~~\n          |                     Py_UCS4\n    regex_3/_regex.c:3924:29: error: expected expression before ')' token\n     3924 |         text_ptr = (Py_UCS1*)text + text_pos;\n          |                             ^\n    regex_3/_regex.c:3925:30: error: expected expression before ')' token\n     3925 |         limit_ptr = (Py_UCS1*)text + limit;\n          |                              ^\n    regex_3/_regex.c:3930:40: error: expected expression before ')' token\n     3930 |         text_pos = text_ptr - (Py_UCS1*)text;\n          |                                        ^\n    regex_3/_regex.c:3935:9: error: unknown type name 'Py_UCS2'; did you mean 'Py_UCS4'?\n     3935 |         Py_UCS2* text_ptr;\n          |         ^~~~~~~\n          |         Py_UCS4\n    regex_3/_regex.c:3936:9: error: unknown type name 'Py_UCS2'; did you mean 'Py_UCS4'?\n     3936 |         Py_UCS2* limit_ptr;\n          |         ^~~~~~~\n          |         Py_UCS4\n    regex_3/_regex.c:3938:21: error: 'Py_UCS2' undeclared (first use in this function); did you mean 'Py_UCS4'?\n     3938 |         text_ptr = (Py_UCS2*)text + text_pos;\n          |                     ^~~~~~~\n          |                     Py_UCS4\n    regex_3/_regex.c:3938:29: error: expected expression before ')' token\n     3938 |         text_ptr = (Py_UCS2*)text + text_pos;\n          |                             ^\n    regex_3/_regex.c:3939:30: error: expected expression before ')' token\n     3939 |         limit_ptr = (Py_UCS2*)text + limit;\n          |                              ^\n    regex_3/_regex.c:3944:40: error: expected expression before ')' token\n     3944 |         text_pos = text_ptr - (Py_UCS2*)text;\n          |                                        ^\n    regex_3/_regex.c: In function 'match_many_PROPERTY':\n    regex_3/_regex.c:3983:9: error: unknown type name 'Py_UCS1'; did you mean 'Py_UCS4'?\n     3983 |         Py_UCS1* text_ptr;\n          |         ^~~~~~~\n          |         Py_UCS4\n    regex_3/_regex.c:3984:9: error: unknown type name 'Py_UCS1'; did you mean 'Py_UCS4'?\n     3984 |         Py_UCS1* limit_ptr;\n          |         ^~~~~~~\n          |         Py_UCS4\n    regex_3/_regex.c:3986:21: error: 'Py_UCS1' undeclared (first use in this function); did you mean 'Py_UCS4'?\n     3986 |         text_ptr = (Py_UCS1*)text + text_pos;\n          |                     ^~~~~~~\n          |                     Py_UCS4\n    regex_3/_regex.c:3986:29: error: expected expression before ')' token\n     3986 |         text_ptr = (Py_UCS1*)text + text_pos;\n          |                             ^\n    regex_3/_regex.c:3987:30: error: expected expression before ')' token\n     3987 |         limit_ptr = (Py_UCS1*)text + limit;\n          |                              ^\n    regex_3/_regex.c:4004:40: error: expected expression before ')' token\n     4004 |         text_pos = text_ptr - (Py_UCS1*)text;\n          |                                        ^\n    regex_3/_regex.c:4009:9: error: unknown type name 'Py_UCS2'; did you mean 'Py_UCS4'?\n     4009 |         Py_UCS2* text_ptr;\n          |         ^~~~~~~\n          |         Py_UCS4\n    regex_3/_regex.c:4010:9: error: unknown type name 'Py_UCS2'; did you mean 'Py_UCS4'?\n     4010 |         Py_UCS2* limit_ptr;\n          |         ^~~~~~~\n          |         Py_UCS4\n    regex_3/_regex.c:4012:21: error: 'Py_UCS2' undeclared (first use in this function); did you mean 'Py_UCS4'?\n     4012 |         text_ptr = (Py_UCS2*)text + text_pos;\n          |                     ^~~~~~~\n          |                     Py_UCS4\n    regex_3/_regex.c:4012:29: error: expected expression before ')' token\n     4012 |         text_ptr = (Py_UCS2*)text + text_pos;\n          |                             ^\n    regex_3/_regex.c:4013:30: error: expected expression before ')' token\n     4013 |         limit_ptr = (Py_UCS2*)text + limit;\n          |                              ^\n    regex_3/_regex.c:4030:40: error: expected expression before ')' token\n     4030 |         text_pos = text_ptr - (Py_UCS2*)text;\n          |                                        ^\n    regex_3/_regex.c: In function 'match_many_PROPERTY_IGN':\n    regex_3/_regex.c:4081:9: error: unknown type name 'Py_UCS1'; did you mean 'Py_UCS4'?\n     4081 |         Py_UCS1* text_ptr;\n          |         ^~~~~~~\n          |         Py_UCS4\n    regex_3/_regex.c:4082:9: error: unknown type name 'Py_UCS1'; did you mean 'Py_UCS4'?\n     4082 |         Py_UCS1* limit_ptr;\n          |         ^~~~~~~\n          |         Py_UCS4\n    regex_3/_regex.c:4084:21: error: 'Py_UCS1' undeclared (first use in this function); did you mean 'Py_UCS4'?\n     4084 |         text_ptr = (Py_UCS1*)text + text_pos;\n          |                     ^~~~~~~\n          |                     Py_UCS4\n    regex_3/_regex.c:4084:29: error: expected expression before ')' token\n     4084 |         text_ptr = (Py_UCS1*)text + text_pos;\n          |                             ^\n    regex_3/_regex.c:4085:30: error: expected expression before ')' token\n     4085 |         limit_ptr = (Py_UCS1*)text + limit;\n          |                              ^\n    regex_3/_regex.c:4102:40: error: expected expression before ')' token\n     4102 |         text_pos = text_ptr - (Py_UCS1*)text;\n          |                                        ^\n    regex_3/_regex.c:4107:9: error: unknown type name 'Py_UCS2'; did you mean 'Py_UCS4'?\n     4107 |         Py_UCS2* text_ptr;\n          |         ^~~~~~~\n          |         Py_UCS4\n    regex_3/_regex.c:4108:9: error: unknown type name 'Py_UCS2'; did you mean 'Py_UCS4'?\n     4108 |         Py_UCS2* limit_ptr;\n          |         ^~~~~~~\n          |         Py_UCS4\n    regex_3/_regex.c:4110:21: error: 'Py_UCS2' undeclared (first use in this function); did you mean 'Py_UCS4'?\n     4110 |         text_ptr = (Py_UCS2*)text + text_pos;\n          |                     ^~~~~~~\n          |                     Py_UCS4\n    regex_3/_regex.c:4110:29: error: expected expression before ')' token\n     4110 |         text_ptr = (Py_UCS2*)text + text_pos;\n          |                             ^\n    regex_3/_regex.c:4111:30: error: expected expression before ')' token\n     4111 |         limit_ptr = (Py_UCS2*)text + limit;\n          |                              ^\n    regex_3/_regex.c:4128:40: error: expected expression before ')' token\n     4128 |         text_pos = text_ptr - (Py_UCS2*)text;\n          |                                        ^\n    regex_3/_regex.c: In function 'match_many_PROPERTY_IGN_REV':\n    regex_3/_regex.c:4179:9: error: unknown type name 'Py_UCS1'; did you mean 'Py_UCS4'?\n     4179 |         Py_UCS1* text_ptr;\n          |         ^~~~~~~\n          |         Py_UCS4\n    regex_3/_regex.c:4180:9: error: unknown type name 'Py_UCS1'; did you mean 'Py_UCS4'?\n     4180 |         Py_UCS1* limit_ptr;\n          |         ^~~~~~~\n          |         Py_UCS4\n    regex_3/_regex.c:4182:21: error: 'Py_UCS1' undeclared (first use in this function); did you mean 'Py_UCS4'?\n     4182 |         text_ptr = (Py_UCS1*)text + text_pos;\n          |                     ^~~~~~~\n          |                     Py_UCS4\n    regex_3/_regex.c:4182:29: error: expected expression before ')' token\n     4182 |         text_ptr = (Py_UCS1*)text + text_pos;\n          |                             ^\n    regex_3/_regex.c:4183:30: error: expected expression before ')' token\n     4183 |         limit_ptr = (Py_UCS1*)text + limit;\n          |                              ^\n    regex_3/_regex.c:4200:40: error: expected expression before ')' token\n     4200 |         text_pos = text_ptr - (Py_UCS1*)text;\n          |                                        ^\n    regex_3/_regex.c:4205:9: error: unknown type name 'Py_UCS2'; did you mean 'Py_UCS4'?\n     4205 |         Py_UCS2* text_ptr;\n          |         ^~~~~~~\n          |         Py_UCS4\n    regex_3/_regex.c:4206:9: error: unknown type name 'Py_UCS2'; did you mean 'Py_UCS4'?\n     4206 |         Py_UCS2* limit_ptr;\n          |         ^~~~~~~\n          |         Py_UCS4\n    regex_3/_regex.c:4208:21: error: 'Py_UCS2' undeclared (first use in this function); did you mean 'Py_UCS4'?\n     4208 |         text_ptr = (Py_UCS2*)text + text_pos;\n          |                     ^~~~~~~\n          |                     Py_UCS4\n    regex_3/_regex.c:4208:29: error: expected expression before ')' token\n     4208 |         text_ptr = (Py_UCS2*)text + text_pos;\n          |                             ^\n    regex_3/_regex.c:4209:30: error: expected expression before ')' token\n     4209 |         limit_ptr = (Py_UCS2*)text + limit;\n          |                              ^\n    regex_3/_regex.c:4226:40: error: expected expression before ')' token\n     4226 |         text_pos = text_ptr - (Py_UCS2*)text;\n          |                                        ^\n    regex_3/_regex.c: In function 'match_many_PROPERTY_REV':\n    regex_3/_regex.c:4277:9: error: unknown type name 'Py_UCS1'; did you mean 'Py_UCS4'?\n     4277 |         Py_UCS1* text_ptr;\n          |         ^~~~~~~\n          |         Py_UCS4\n    regex_3/_regex.c:4278:9: error: unknown type name 'Py_UCS1'; did you mean 'Py_UCS4'?\n     4278 |         Py_UCS1* limit_ptr;\n          |         ^~~~~~~\n          |         Py_UCS4\n    regex_3/_regex.c:4280:21: error: 'Py_UCS1' undeclared (first use in this function); did you mean 'Py_UCS4'?\n     4280 |         text_ptr = (Py_UCS1*)text + text_pos;\n          |                     ^~~~~~~\n          |                     Py_UCS4\n    regex_3/_regex.c:4280:29: error: expected expression before ')' token\n     4280 |         text_ptr = (Py_UCS1*)text + text_pos;\n          |                             ^\n    regex_3/_regex.c:4281:30: error: expected expression before ')' token\n     4281 |         limit_ptr = (Py_UCS1*)text + limit;\n          |                              ^\n    regex_3/_regex.c:4298:40: error: expected expression before ')' token\n     4298 |         text_pos = text_ptr - (Py_UCS1*)text;\n          |                                        ^\n    regex_3/_regex.c:4303:9: error: unknown type name 'Py_UCS2'; did you mean 'Py_UCS4'?\n     4303 |         Py_UCS2* text_ptr;\n          |         ^~~~~~~\n          |         Py_UCS4\n    regex_3/_regex.c:4304:9: error: unknown type name 'Py_UCS2'; did you mean 'Py_UCS4'?\n     4304 |         Py_UCS2* limit_ptr;\n          |         ^~~~~~~\n          |         Py_UCS4\n    regex_3/_regex.c:4306:21: error: 'Py_UCS2' undeclared (first use in this function); did you mean 'Py_UCS4'?\n     4306 |         text_ptr = (Py_UCS2*)text + text_pos;\n          |                     ^~~~~~~\n          |                     Py_\u001b[0m\u001b[91mUCS4\n    regex_3/_regex.c:4306:29: error: expected expression before ')' token\n     4306 |         text_ptr = (Py_UCS2*)text + text_pos;\n          |                             ^\n    regex_3/_regex.c:4307:30: error: expected expression before ')' token\n     4307 |         limit_ptr = (Py_UCS2*)text + limit;\n          |                              ^\n    regex_3/_regex.c:4324:40: error: expected expression before ')' token\n     4324 |         text_pos = text_ptr - (Py_UCS2*)text;\n          |                                        ^\n    regex_3/_regex.c: In function 'match_many_RANGE':\n    regex_3/_regex.c:4373:9: error: unknown type name 'Py_UCS1'; did you mean 'Py_UCS4'?\n     4373 |         Py_UCS1* text_ptr;\n          |         ^~~~~~~\n          |         Py_UCS4\n    regex_3/_regex.c:4374:9: error: unknown type name 'Py_UCS1'; did you mean 'Py_UCS4'?\n     4374 |         Py_UCS1* limit_ptr;\n          |         ^~~~~~~\n          |         Py_UCS4\n    regex_3/_regex.c:4376:21: error: 'Py_UCS1' undeclared (first use in this function); did you mean 'Py_UCS4'?\n     4376 |         text_ptr = (Py_UCS1*)text + text_pos;\n          |                     ^~~~~~~\n          |                     Py_UCS4\n    regex_3/_regex.c:4376:29: error: expected expression before ')' token\n     4376 |         text_ptr = (Py_UCS1*)text + text_pos;\n          |                             ^\n    regex_3/_regex.c:4377:30: error: expected expression before ')' token\n     4377 |         limit_ptr = (Py_UCS1*)text + limit;\n          |                              ^\n    regex_3/_regex.c:4383:40: error: expected expression before ')' token\n     4383 |         text_pos = text_ptr - (Py_UCS1*)text;\n          |                                        ^\n    regex_3/_regex.c:4388:9: error: unknown type name 'Py_UCS2'; did you mean 'Py_UCS4'?\n     4388 |         Py_UCS2* text_ptr;\n          |         ^~~~~~~\n          |         Py_UCS4\n    regex_3/_regex.c:4389:9: error: unknown type name 'Py_UCS2'; did you mean 'Py_UCS4'?\n     4389 |         Py_UCS2* limit_ptr;\n          |         ^~~~~~~\n          |         Py_UCS4\n    regex_3/_regex.c:4391:21: error: 'Py_UCS2' undeclared (first use in this function); did you mean 'Py_UCS4'?\n     4391 |         text_ptr = (Py_UCS2*)text + text_pos;\n          |                     ^~~~~~~\n          |                     Py_UCS4\n    regex_3/_regex.c:4391:29: error: expected expression before ')' token\n     4391 |         text_ptr = (Py_UCS2*)text + text_pos;\n          |                             ^\n    regex_3/_regex.c:4392:30: error: expected expression before ')' token\n     4392 |         limit_ptr = (Py_UCS2*)text + limit;\n          |                              ^\n    regex_3/_regex.c:4398:40: error: expected expression before ')' token\n     4398 |         text_pos = text_ptr - (Py_UCS2*)text;\n          |                                        ^\n    regex_3/_regex.c: In function 'match_many_RANGE_IGN':\n    regex_3/_regex.c:4436:9: error: unknown type name 'Py_UCS1'; did you mean 'Py_UCS4'?\n     4436 |         Py_UCS1* text_ptr;\n          |         ^~~~~~~\n          |         Py_UCS4\n    regex_3/_regex.c:4437:9: error: unknown type name 'Py_UCS1'; did you mean 'Py_UCS4'?\n     4437 |         Py_UCS1* limit_ptr;\n          |         ^~~~~~~\n          |         Py_UCS4\n    regex_3/_regex.c:4439:21: error: 'Py_UCS1' undeclared (first use in this function); did you mean 'Py_UCS4'?\n     4439 |         text_ptr = (Py_UCS1*)text + text_pos;\n          |                     ^~~~~~~\n          |                     Py_UCS4\n    regex_3/_regex.c:4439:29: error: expected expression before ')' token\n     4439 |         text_ptr = (Py_UCS1*)text + text_pos;\n          |                             ^\n    regex_3/_regex.c:4440:30: error: expected expression before ')' token\n     4440 |         limit_ptr = (Py_UCS1*)text + limit;\n          |                              ^\n    regex_3/_regex.c:4446:40: error: expected expression before ')' token\n     4446 |         text_pos = text_ptr - (Py_UCS1*)text;\n          |                                        ^\n    regex_3/_regex.c:4451:9: error: unknown type name 'Py_UCS2'; did you mean 'Py_UCS4'?\n     4451 |         Py_UCS2* text_ptr;\n          |         ^~~~~~~\n          |         Py_UCS4\n    regex_3/_regex.c:4452:9: error: unknown type name 'Py_UCS2'; did you mean 'Py_UCS4'?\n     4452 |         Py_UCS2* limit_ptr;\n          |         ^~~~~~~\n          |         Py_UCS4\n    regex_3/_regex.c:4454:21: error: 'Py_UCS2' undeclared (first use in this function); did you mean 'Py_UCS4'?\n     4454 |         text_ptr = (Py_UCS2*)text + text_pos;\n          |                     ^~~~~~~\n          |                     Py_UCS4\n    regex_3/_regex.c:4454:29: error: expected expression before ')' token\n     4454 |         text_ptr = (Py_UCS2*)text + text_pos;\n          |                             ^\n    regex_3/_regex.c:4455:30: error: expected expression before ')' token\n     4455 |         limit_ptr = (Py_UCS2*)text + limit;\n          |                              ^\n    regex_3/_regex.c:4461:40: error: expected expression before ')' token\n     4461 |         text_pos = text_ptr - (Py_UCS2*)text;\n          |                                        ^\n    regex_3/_regex.c: In function 'match_many_RANGE_IGN_REV':\n    regex_3/_regex.c:4499:9: error: unknown type name 'Py_UCS1'; did you mean 'Py_UCS4'?\n     4499 |         Py_UCS1* text_ptr;\n          |         ^~~~~~~\n          |         Py_UCS4\n    regex_3/_regex.c:4500:9: error: unknown type name 'Py_UCS1'; did you mean 'Py_UCS4'?\n     4500 |         Py_UCS1* limit_ptr;\n          |         ^~~~~~~\n          |         Py_UCS4\n    regex_3/_regex.c:4502:21: error: 'Py_UCS1' undeclared (first use in this function); did you mean 'Py_UCS4'?\n     4502 |         text_ptr = (Py_UCS1*)text + text_pos;\n          |                     ^~~~~~~\n          |                     Py_UCS4\n    regex_3/_regex.c:4502:29: error: expected expression before ')' token\n     4502 |         text_ptr = (Py_UCS1*)text + text_pos;\n          |                             ^\n    regex_3/_regex.c:4503:30: error: expected expression before ')' token\n     4503 |         limit_ptr = (Py_UCS1*)text + limit;\n          |                              ^\n    regex_3/_regex.c:4509:40: error: expected expression before ')' token\n     4509 |         text_pos = text_ptr - (Py_UCS1*)text;\n          |                                        ^\n    regex_3/_regex.c:4514:9: error: unknown type name 'Py_UCS2'; did you mean 'Py_UCS4'?\n     4514 |         Py_UCS2* text_ptr;\n          |         ^~~~~~~\n          |         Py_UCS4\n    regex_3/_regex.c:4515:9: error: unknown type name 'Py_UCS2'; did you mean 'Py_UCS4'?\n     4515 |         Py_UCS2* limit_ptr;\n          |         ^~~~~~~\n          |         Py_UCS4\n    regex_3/_regex.c:4517:21: error: 'Py_UCS2' undeclared (first use in this function); did you mean 'Py_UCS4'?\n     4517 |         text_ptr = (Py_UCS2*)text + text_pos;\n          |                     ^~~~~~~\n          |                     Py_UCS4\n    regex_3/_regex.c:4517:29: error: expected expression before ')' token\n     4517 |         text_ptr = (Py_UCS2*)text + text_pos;\n          |                             ^\n    regex_3/_regex.c:4518:30: error: expected expression before ')' token\n     4518 |         limit_ptr = (Py_UCS2*)text + limit;\n          |                              ^\n    regex_3/_regex.c:4524:40: error: expected expression before ')' token\n     4524 |         text_pos = text_ptr - (Py_UCS2*)text;\n          |                                        ^\n    regex_3/_regex.c: In function 'match_many_RANGE_REV':\n    regex_3/_regex.c:4562:9: error: unknown type name 'Py_UCS1'; did you mean 'Py_UCS4'?\n     4562 |         Py_UCS1* text_ptr;\n          |         ^~~~~~~\n          |         Py_UCS4\n    regex_3/_regex.c:4563:9: error: unknown type name 'Py_UCS1'; did you mean 'Py_UCS4'?\n     4563 |         Py_UCS1* limit_ptr;\n          |         ^~~~~~~\n          |         Py_UCS4\n    regex_3/_regex.c:4565:21: error: 'Py_UCS1' undeclared (first use in this function); did you mean 'Py_UCS4'?\n     4565 |         text_ptr = (Py_UCS1*)text + text_pos;\n          |                     ^~~~~~~\n          |                     Py_UCS4\n    regex_3/_regex.c:4565:29: error: expected expression before ')' token\n     4565 |         text_ptr = (Py_UCS1*)text + text_pos;\n          |                             ^\n    regex_3/_regex.c:4566:30: error: expected expression before ')' token\n     4566 |         limit_ptr = (Py_UCS1*)text + limit;\n          |                              ^\n    regex_3/_regex.c:4572:40: error: expected expression before ')' token\n     4572 |         text_pos = text_ptr - (Py_UCS1*)text;\n          |                                        ^\n    regex_3/_regex.c:4577:9: error: unknown type name 'Py_UCS2'; did you mean 'Py_UCS4'?\n     4577 |         Py_UCS2* text_ptr;\n          |         ^~~~~~~\n          |         Py_UCS4\n    regex_3/_regex.c:4578:9: error: unknown type name 'Py_UCS2'; did you mean 'Py_UCS4'?\n     4578 |         Py_UCS2* limit_ptr;\n          |         ^~~~~~~\n          |         Py_UCS4\n    regex_3/_regex.c:4580:21: error: 'Py_UCS2' undeclared (first use in this function); did you mean 'Py_UCS4'?\n     4580 |         text_ptr = (Py_UCS2*)text + text_pos;\n          |                     ^~~~~~~\n          |                     Py_UCS4\n    regex_3/_regex.c:4580:29: error: expected expression before ')' token\n     4580 |         text_ptr = (Py_UCS2*)text + text_pos;\n          |                             ^\n    regex_3/_regex.c:4581:30: error: expected expression before ')' token\n     4581 |         limit_ptr = (Py_UCS2*)text + limit;\n          |                              ^\n    regex_3/_regex.c:4587:40: error: expected expression before ')' token\n     4587 |         text_pos = text_ptr - (Py_UCS2*)text;\n          |                                        ^\n    regex_3/_regex.c: In function 'match_many_SET':\n    regex_3/_regex.c:4625:9: error: unknown type name 'Py_UCS1'; did you mean 'Py_UCS4'?\n     4625 |         Py_UCS1* text_ptr;\n          |         ^~~~~~~\n          |         Py_UCS4\n    regex_3/_regex.c:4626:9: error: unknown type name 'Py_UCS1'; did you mean 'Py_UCS4'?\n     4626 |         Py_UCS1* limit_ptr;\n          |         ^~~~~~~\n          |         Py_UCS4\n    regex_3/_regex.c:4628:21: error: 'Py_UCS1' undeclared (first use in this function); did you mean 'Py_UCS4'?\n     4628 |         text_ptr = (Py_UCS1*)text + text_pos;\n          |                     ^~~~~~~\n          |                     Py_UCS4\n    regex_3/_regex.c:4628:29: error: expected expression before ')' token\n     4628 |         text_ptr = (Py_UCS1*)text + text_pos;\n          |                             ^\n    regex_3/_regex.c:4629:30: error: expected expression before ')' token\n     4629 |         limit_ptr = (Py_UCS1*)text + limit;\n          |                              ^\n    regex_3/_regex.c:4635:40: error: expected expression before ')' token\n     4635 |         text_pos = text_ptr - (Py_UCS1*)text;\n          |                                        ^\n    regex_3/_regex.c:4640:9: error: unknown type name 'Py_UCS2'; did you mean 'Py_UCS4'?\n     4640 |         Py_UCS2* text_ptr;\n          |         ^~~~~~~\n          |         Py_UCS4\n    regex_3/_regex.c:4641:9: error: unknown type name 'Py_UCS2'; did you mean 'Py_UCS4'?\n     4641 |         Py_UCS2* limit_ptr;\n          |         ^~~~~~~\n          |         Py_UCS4\n    regex_3/_regex.c:4643:21: error: 'Py_UCS2' undeclared (first use in this function); did you mean 'Py_UCS4'?\n     4643 |         text_ptr = (Py_UCS2*)text + text_pos;\n          |                     ^~~~~~~\n          |                     Py_UCS4\n    regex_3/_regex.c:4643:29: error: expected expression before ')' token\n     4643 |         text_ptr = (Py_UCS2*)text + text_pos;\n          |                             ^\n    regex_3/_regex.c:4644:30: error: expected expression before ')' token\n     4644 |         limit_ptr = (Py_UCS2*)text + limit;\n          |                              ^\n    regex_3/_regex.c:4650:40: error: expected expression before ')' token\n     4650 |         text_pos = text_ptr - (Py_UCS2*)text;\n          |                                        ^\n    regex_3/_regex.c: In function 'match_many_SET_IGN':\n    regex_3/_regex.c:4688:9: error: unknown type name 'Py_UCS1'; did you mean 'Py_UCS4'?\n     4688 |         Py_UCS1* text_ptr;\n          |         ^~~~~~~\n          |         Py_UCS4\n    regex_3/_regex.c:4689:9: error: unknown type name 'Py_UCS1'; did you mean 'Py_UCS4'?\n     4689 |         Py_UCS1* limit_ptr;\n          |         ^~~~~~~\n          |         Py_UCS4\n    regex_3/_regex.c:4691:21: error: 'Py_UCS1' undeclared (first use in this function); did you mean 'Py_UCS4'?\n     4691 |         text_ptr = (Py_UCS1*)text + text_pos;\n          |                     ^~~~~~~\n          |                     Py_UCS4\n    regex_3/_regex.c:4691:29: error: expected expression before ')' token\n     4691 |         text_ptr = (Py_UCS1*)text + text_pos;\n          |                             ^\n    regex_3/_regex.c:4692:30: error: expected expression before ')' token\n     4692 |         limit_ptr = (Py_UCS1*)text + limit;\n          |                              ^\n    regex_3/_regex.c:4698:40: error: expected expression before ')' token\n     4698 |         text_pos = text_ptr - (Py_UCS1*)text;\n          |                                        ^\n    regex_3/_regex.c:4703:9: error: unknown type name 'Py_UCS2'; did you mean 'Py_UCS4'?\n     4703 |         Py_UCS2* text_ptr;\n          |         ^~~~~~~\n          |         Py_UCS4\n    regex_3/_regex.c:4704:9: error: unknown type name 'Py_UCS2'; did you mean 'Py_UCS4'?\n     4704 |         Py_UCS2* limit_ptr;\n          |         ^~~~~~~\n          |         Py_UCS4\n    regex_3/_regex.c:4706:21: error: 'Py_UCS2' undeclared (first use in this function); did you mean 'Py_UCS4'?\n     4706 |         text_ptr = (Py_UCS2*)text + text_pos;\n          |                     ^~~~~~~\n          |                     Py_UCS4\n    regex_3/_regex.c:4706:29: error: expected expression before ')' token\n     4706 |         text_ptr = (Py_UCS2*)text + text_pos;\n          |                             ^\n    regex_3/_regex.c:4707:30: error: expected expression before ')' token\n     4707 |         limit_ptr = (Py_UCS2*)text + limit;\n          |                              ^\n    regex_3/_regex.c:4713:40: error: expected expression before ')' token\n     4713 |         text_pos = text_ptr - (Py_UCS2*)text;\n          |                                        ^\n    regex_3/_regex.c: In function 'match_many_SET_IGN_REV':\n    regex_3/_regex.c:4751:9: error: unknown type name 'Py_UCS1'; did you mean 'Py_UCS4'?\n     4751 |         Py_UCS1* text_ptr;\n          |         ^~~~~~~\n          |         Py_UCS4\n    regex_3/_regex.c:4752:9: error: unknown type name 'Py_UCS1'; did you mean 'Py_UCS4'?\n     4752 |         Py_UCS1* limit_ptr;\n          |         ^~~~~~~\n          |         Py_UCS4\n    regex_3/_regex.c:4754:21: error: 'Py_UCS1' undeclared (first use in this function); did you mean 'Py_UCS4'?\n     4754 |         text_ptr = (Py_UCS1*)text + text_pos;\n          |                     ^~~~~~~\n          |                     Py_UCS4\n    regex_3/_regex.c:4754:29: error: expected expression before ')' token\n     4754 |         text_ptr = (Py_UCS1*)text + text_pos;\n          |                             ^\n    regex_3/_regex.c:4755:30: error: expected expression before ')' token\n     4755 |         limit_ptr = (Py_UCS1*)text + limit;\n          |                              ^\n    regex_3/_regex.c:4761:40: error: expected expression before ')' token\n     4761 |         text_pos = text_ptr - (Py_UCS1*)text;\n          |                                        ^\n    regex_3/_regex.c:4766:9: error: unknown type name 'Py_UCS2'; did you mean 'Py_UCS4'?\n     4766 |         Py_UCS2* text_ptr;\n          |         ^~~~~~~\n          |         Py_UCS4\n    regex_3/_regex.c:4767:9: error: unknown type name 'Py_UCS2'; did you mean 'Py_UCS4'?\n     4767 |         Py_UCS2* limit_ptr;\n          |         ^~~~~~~\n          |         Py_UCS4\n    regex_3/_regex.c:4769:21: error: 'Py_UCS2' undeclared (first use in this function); did you mean 'Py_UCS4'?\n     4769 |         text_ptr = (Py_UCS2*)text + text_pos;\n          |                     ^~~~~~~\n          |                     Py_UCS4\n    regex_3/_regex.c:4769:29: error: expected expression before ')' token\n     4769 |         text_ptr = (Py_UCS2*)text + text_pos;\n          |                             ^\n    regex_3/_regex.c:4770:30: error: expected expression before ')' token\n     4770 |         limit_ptr = (Py_UCS2*)text + limit;\n          |                              ^\n    regex_3/_regex.c:4776:40: error: expected expression before ')' token\n     4776 |         text_pos = text_ptr - (Py_UCS2*)text;\n          |                                        ^\n    regex_3/_regex.c: In function 'match_many_SET_REV':\n    regex_3/_regex.c:4814:9: error: unknown type name 'Py_UCS1'; did you mean 'Py_UCS4'?\n     4814 |         Py_UCS1* text_ptr;\n          |         ^~~~~~~\n          |         Py_UCS4\n    regex_3/_regex.c:4815:9: error: unknown type name 'Py_UCS1'; did you mean 'Py_UCS4'?\n     4815 |         Py_UCS1* limit_ptr;\n          |         ^~~~~~~\n          |         Py_UCS4\n    regex_3/_regex.c:4817:21: error: 'Py_UCS1' undeclared (first use in this function); did you mean 'Py_UCS4'?\n     4817 |         text_ptr = (Py_UCS1*)text + text_pos;\n          |                     ^~~~~~~\n          |                     Py_UCS4\n    regex_3/_regex.c:4817:29: error: expected expression before ')' token\n     4817 |         text_ptr = (Py_UCS1*)text + text_pos;\n          |                             ^\n    regex_3/_regex.c:4818:30: error: expected expression before ')' token\n     4818 |         limit_ptr = (Py_UCS1*)text + limit;\n          |                              ^\n    regex_3/_regex.c:4824:40: error: expected expression before ')' token\n     4824 |         text_pos = text_ptr - (Py_UCS1*)text;\n          |                                        ^\n    regex_3/_regex.c:4829:9: error: unknown type name 'Py_UCS2'; did you mean 'Py_UCS4'?\n     4829 |         Py_UCS2* text_ptr;\n          |         ^~~~~~~\n          |         Py_UCS4\n    regex_3/_regex.c:4830:9: error: unknown type name 'Py_UCS2'; did you mean 'Py_UCS4'?\n     4830 |         Py_UCS2* limit_ptr;\n          |         ^~~~~~~\n          |         Py_UCS4\n    regex_3/_regex.c:4832:21: error: 'Py_UCS2' undeclared (first use in this function); did you mean 'Py_UCS4'?\n     4832 |         text_ptr = (Py_UCS2*)text + text_pos;\n          |                     ^~~~~~~\n          |                     Py_UCS4\n    regex_3/_regex.c:4832:29: error: expected expression before ')' token\n     4832 |         text_ptr = (Py_UCS2*)text + text_pos;\n          |                             ^\n    regex_3/_regex.c:4833:30: error: expected expression before ')' token\n     4833 |         limit_ptr = (Py_UCS2*)text + limit;\n          |                              ^\n    regex_3/_regex.c:4839:40: error: expected expression before ')' token\n     4839 |         text_pos = text_ptr - (Py_UCS2*)text;\n          |                                        ^\n    regex_3/_regex.c: In function 'simple_string_search':\n    regex_3/_regex.c:5120:9: error: unknown type name 'Py_UCS1'; did you mean 'Py_UCS4'?\n     5120 |         Py_UCS1* text = (Py_UCS1*)state->text;\n          |         ^~~~~~~\n          |         Py_UCS4\n    regex_3/_regex.c:5120:26: error: 'Py_UCS1' undeclared (first use in this function); did you mean 'Py_UCS4'?\n     5120 |         Py_UCS1* text = (Py_UCS1*)state->text;\n          |                          ^~~~~~~\n          |                          Py_UCS4\n    regex_3/_regex.c:5120:34: error: expected expression before ')' token\n     5120 |         Py_UCS1* text = (Py_UCS1*)state->text;\n          |                                  ^\n    regex_3/_regex.c:5121:18: error: 'text_ptr' undeclared (first use in this function); did you mean 'text_pos'?\n     5121 |         Py_UCS1* text_ptr = text + text_pos;\n          |                  ^~~~~~~~\n          |                  text_pos\n    regex_3/_regex.c:5122:18: error: 'limit_ptr' undeclared (first use in this function)\n     5122 |         Py_UCS1* limit_ptr = text + limit;\n          |                  ^~~~~~~~~\n    regex_3/_regex.c:5161:9: error: unknown type name 'Py_UCS2'; did you mean 'Py_UCS4'?\n     5161 |         Py_UCS2* text = (Py_UCS2*)state->text;\n          |         ^~~~~~~\n          |         Py_UCS4\n    regex_3/_regex.c:5161:26: error: 'Py_UCS2' undeclared (first use in this function); did you mean 'Py_UCS4'?\n     5161 |         Py_UCS2* text = (Py_UCS2*)state->text;\n          |                          ^~~~~~~\n          |                          Py_UCS4\n    regex_3/_regex.c:5161:34: error: expected expression before ')' token\n     5161 |         Py_UCS2* text = (Py_UCS2*)state->text;\n          |                                  ^\n    regex_3/_regex.c: In function 'simple_string_search_ign':\n    regex_3/_regex.c:5274:9: error: unknown type name 'Py_UCS1'; did you mean 'Py_UCS4'?\n     5274 |         Py_UCS1* text = (Py_UCS1*)state->text;\n          |         ^~~~~~~\n          |         Py_UCS4\n    regex_3/_regex.c:5274:26: error: 'Py_UCS1' undeclared (first use in this function); did you mean 'Py_UCS4'?\n     5274 |         Py_UCS1* text = (Py_UCS1*)state->text;\n          |                          ^~~~~~~\n          |                          Py_UCS4\n    regex_3/_regex.c:5274:34: error: expected expression before ')' token\n     5274 |         Py_UCS1* text = (Py_UCS1*)state->text;\n          |                                  ^\n    regex_3/_regex.c:5275:18: error: 'text_ptr' undeclared (first use in this function); did you mean 'text_pos'?\n     5275 |         Py_UCS1* text_ptr = text + text_pos;\n          |                  ^~~~~~~~\n          |                  text_pos\n    regex_3/_regex.c:5276:18: error: 'limit_ptr' undeclared (first use in this function)\n     5276 |         Py_UCS1* limit_ptr = text + limit;\n          |                  ^~~~~~~~~\n    regex_3/_regex.c:5316:9: error: unknown type name 'Py_UCS2'; did you mean 'Py_UCS4'?\n     5316 |         Py_UCS2* text = (Py_UCS2*)state->text;\n          |         ^~~~~~~\n          |         Py_UCS4\n    regex_3/_regex.c:5316:26: error: 'Py_UCS2' undeclared (first use in this function); did you mean 'Py_UCS4'?\n     5316 |         Py_UCS2* text = (Py_UCS2*)state->text;\n          |                          ^~~~~~~\n          |                          Py_UCS4\n    regex_3/_regex.c:5316:34: error: expected expression before ')' token\n     5316 |         Py_UCS2* text = (Py_UCS2*)state->text;\n          |                                  ^\n    regex_3/_regex.c: In function 'simple_string_search_ign_rev':\n    regex_3/_regex.c:5431:9: error: unknown type name 'Py_UCS1'; did you mean 'Py_UCS4'?\n     5431 |         Py_UCS1* text = (Py_UCS1*)state->text;\n          |         ^~~~~~~\n          |         Py_UCS4\n    regex_3/_regex.c:5431:26: error: 'Py_UCS1' undeclared (first use in this function); did you mean 'Py_UCS4'?\n     5431 |         Py_UCS1* text = (Py_UCS1*)state->text;\n          |                          ^~~~~~~\n          |                          Py_UCS4\n    regex_3/_regex.c:5431:34: error: expected expression before ')' token\n     5431 |         Py_UCS1* text = (Py_UCS1*)state->text;\n          |                                  ^\n    regex_3/_regex.c:5432:18: error: 'text_ptr' undeclared (first use in this function); did you mean 'text_pos'?\n     5432 |         Py_UCS1* text_ptr = text + text_pos;\n          |                  ^~~~~~~~\n          |                  text_pos\n    regex_3/_regex.c:5433:18: error: 'limit_ptr' undeclared (first use in this function)\n     5433 |         Py_UCS1* limit_ptr = text + limit;\n          |                  ^~~~~~~~~\n    regex_3/_regex.c:5473:9: error: unknown type name 'Py_UCS2'; did you mean 'Py_UCS4'?\n     5473 |         Py_UCS2* text = (Py_UCS2*)state->text;\n          |         ^~~~~~~\n          |         Py_UCS4\n    regex_3/_regex.c:5473:26: error: 'Py_UCS2' undeclared (first use in this function); did you mean 'Py_UCS4'?\n     5473 |         Py_UCS2* text = (Py_UCS2*)state->text;\n          |                          ^~~~~~~\n          |                          Py_UCS4\n    regex_3/_regex.c:5473:34: error: expected expression before ')' token\n     5473 |         Py_UCS2* text = (Py_UCS2*)state->text;\n          |                                  ^\n    regex_3/_regex.c: In function 'simple_string_search_rev':\n    regex_3/_regex.c:5583:9: error: unknown type name 'Py_UCS1'; did you mean 'Py_UCS4'?\n     5583 |         Py_UCS1* text = (Py_UCS1*)state->text;\n          |         ^~~~~~~\n          |         Py_UCS4\n    regex_3/_regex.c:5583:26: error: 'Py_UCS1' undeclared (first use in this function); did you mean 'Py_UCS4'?\n     5583 |         Py_UCS1* text = (Py_UCS1*)state->text;\n          |                          ^~~~~~~\n          |                          Py_UCS4\n    regex_3/_regex.c:5583:34: error: expected expression before ')' token\n     5583 |         Py_UCS1* text = (Py_UCS1*)state->text;\n          |                                  ^\n    regex_3/_regex.c:5584:18: error: 'text_ptr' undeclared (first use in this function); did you mean 'text_pos'?\n     5584 |         Py_UCS1* text_ptr = text + text_pos;\n          |                  ^~~~~~~~\n          |                  text_pos\n    regex_3/_regex.c:5585:18: error: 'limit_ptr' undeclared (first use in this function)\n     5585 |         Py_UCS1* limit_ptr = text + limit;\n          |                  ^~~~~~~~~\n    regex_3/_regex.c:5625:9: error: unknown type name 'Py_UCS2'; did you mean 'Py_UCS4'?\n     5625 |         Py_UCS2* text = (Py_UCS2*)state->text;\n          |         ^~~~~~~\n          |         Py_UCS4\n    regex_3/_regex.c:5625:26: error: 'Py_UCS2' undeclared (first use in this function); did you mean 'Py_UCS4'?\n     5625 |         Py_UCS2* text = (Py_UCS2*)state->text;\n          |                          ^~~~~~~\n          |                          Py_UCS4\n    regex_3/_regex.c:5625:34: error: expected expression before ')' token\n     5625 |         Py_UCS2* text = (Py_UCS2*)state->text;\n          |                                  ^\n    regex_3/_regex.c: In function 'fast_string_search':\n    regex_3/_regex.c:5742:9: error: unknown type name 'Py_UCS1'; did you mean 'Py_UCS4'?\n     5742 |         Py_UCS1* text_ptr;\n          |         ^~~~~~~\n          |         Py_UCS4\n    regex_3/_regex.c:5743:9: error: unknown type name 'Py_UCS1'; did you mean 'Py_UCS4'?\n     5743 |         Py_UCS1* limit_ptr;\n          |         ^~~~~~~\n          |         Py_UCS4\n    regex_3/_regex.c:5745:21: error: 'Py_UCS1' undeclared (first use in this function); did you mean 'Py_UCS4'?\n     5745 |         text_ptr = (Py_UCS1*)text + text_pos;\n          |                     ^~~~~~~\n          |                     Py_UCS4\n    regex_3/_regex.c:5745:29: error: expected expression before ')' token\n     5745 |         text_ptr = (Py_UCS1*)text + text_pos;\n          |                             ^\n    regex_3/_regex.c:5746:30: error: expected expression before ')' token\n     5746 |         limit_ptr = (Py_UCS1*)text + limit;\n          |                              ^\n    regex_3/_regex.c:5760:48: error: expected expression before ')' token\n     5760 |                     return text_ptr - (Py_UCS1*)text;\n          |                                                ^\n    regex_3/_regex.c:5770:9: error: unknown type name 'Py_UCS2'; did you mean 'Py_UCS4'?\n     5770 |         Py_UCS2* text_ptr;\n          |         ^~~~~~~\n          |         Py_UCS4\n    regex_3/_regex.c:5771:9: error: unknown type name 'Py_UCS2'; did you mean 'Py_UCS4'?\n     5771 |         Py_UCS2* limit_ptr;\n          |         ^~~~~~~\n          |         Py_UCS4\n    regex_3/_regex.c:5773:21: error: 'Py_UCS2' undeclared (first use in this function); did you mean 'Py_UCS4'?\n     5773 |         text_ptr = (Py_UCS2*)text + text_pos;\n          |                     ^~~~~~~\n          |                     Py_UCS4\n    regex_3/_regex.c:5773:29: error: expected expression before ')' token\n     5773 |         text_ptr = (Py_UCS2*)text + text_pos;\n          |                             ^\n    regex_3/_regex.c:5774:30: error: expected expression before ')' token\n     5774 |         limit_ptr = (Py_UCS2*)text + limit;\n          |                              ^\n    regex_3/_regex.c:5788:48: error: expected expression before ')' token\n     5788 |                     return text_ptr - (Py_UCS2*)text;\n          |                                                ^\n    regex_3/_regex.c: In function 'fast_string_search_ign':\n    regex_3/_regex.c:5857:9: error: unknown type name 'Py_UCS1'; did you mean 'Py_UCS4'?\n     5857 |         Py_UCS1* text_ptr;\n          |         ^~~~~~~\n          |         Py_UCS4\n    regex_3/_regex.c:5858:9: error: unknown type name 'Py_UCS1'; did you mean 'Py_UCS4'?\n     5858 |         Py_UCS1* limit_ptr;\n          |         ^~~~~~~\n          |         Py_UCS4\n    regex_3/_regex.c:5860:21: error: 'Py_UCS1' undeclared (first use in this function); did you mean 'Py_UCS4'?\n     5860 |         text_ptr = (Py_UCS1*)text + text_pos;\n          |                     ^~~~~~~\n          |                     Py_UCS4\n    regex_3/_regex.c:5860:29: error: expected expression before ')' token\n     5860 |         text_ptr = (Py_UCS1*)text + text_pos;\n          |                             ^\n    regex_3/_regex.c:5861:30: error: expected expression before ')' token\n     5861 |         limit_ptr = (Py_UCS1*)text + limit;\n          |                              ^\n    regex_3/_regex.c:5876:48: error: expected expression before ')' token\n     5876 |                     return text_ptr - (Py_UCS1*)text;\n          |                                                ^\n    regex_3/_regex.c:5886:9: error: unknown type name 'Py_UCS2'; did you mean 'Py_UCS4'?\n     5886 |         Py_UCS2* text_ptr;\n          |         ^~~~~~~\n          |         Py_UCS4\n    regex_3/_regex.c:5887:9: error: unknown type name 'Py_UCS2'; did you mean 'Py_UCS4'?\n     5887 |         Py_UCS2* limit_ptr;\n          |         ^~~~~~~\n          |         Py_UCS4\n    regex_3/_regex.c:5889:21: error: 'Py_UCS2' undeclared (first use in this function); did you mean 'Py_UCS4'?\n     5889 |         text_ptr = (Py_UCS2*)text + text_pos;\n          |                     ^~~~~~~\n          |                     Py_UCS4\n    regex_3/_regex.c:5889:29: error: expected expression before ')' token\n     5889 |         text_ptr = (Py_UCS2*)text + text_pos;\n          |                             ^\n    regex_3/_regex.c:5890:30: error: expected expression before ')' token\n     5890 |         limit_ptr = (Py_UCS2*)text + limit;\n          |                              ^\n    regex_3/_regex.c:5905:48: error: expected expression before ')' token\n     5905 |                     return text_ptr - (Py_UCS2*)text;\n          |                                                ^\n    regex_3/_regex.c: In function 'fast_string_search_ign_rev':\n    regex_3/_regex.c:5973:9: error: unknown type name 'Py_UCS1'; did you mean 'Py_UCS4'?\n     5973 |         Py_UCS1* text_ptr;\n          |         ^~~~~~~\n          |         Py_UCS4\n    regex_3/_regex.c:5974:9: error: unknown type name 'Py_UCS1'; did you mean 'Py_UCS4'?\n     5974 |         Py_UCS1* limit_ptr;\n          |         ^~~~~~~\n          |         Py_UCS4\n    regex_3/_regex.c:5976:21: error: 'Py_UCS1' undeclared (first use in this function); did you mean 'Py_UCS4'?\n     5976 |         text_ptr = (Py_UCS1*)text + text_pos;\n          |                     ^~~~~~~\n          |                     Py_UCS4\n    regex_3/_regex.c:5976:29: error: expected expression before ')' token\n     5976 |         text_ptr = (Py_UCS1*)text + text_pos;\n          |                             ^\n    regex_3/_regex.c:5977:30: error: expected expression before ')' token\n     5977 |         limit_ptr = (Py_UCS1*)text + limit;\n          |                              ^\n    regex_3/_regex.c:5992:48: error: expected expression before ')' token\n     5992 |                     return text_ptr - (Py_UCS1*)text + length;\n          |                                                ^\n    regex_3/_regex.c:6002:9: error: unknown type name 'Py_UCS2'; did you mean 'Py_UCS4'?\n     6002 |         Py_UCS2* text_ptr;\n          |         ^~~~~~~\n          |         Py_UCS4\n    regex_3/_regex.c:60\u001b[0m\u001b[91m03:9: error: unknown type name 'Py_UCS2'; did you mean 'Py_UCS4'?\n     6003 |         Py_UCS2* limit_ptr;\n          |         ^~~~~~~\n          |         Py_UCS4\n    regex_3/_regex.c:6005:21: error: 'Py_UCS2' undeclared (first use in this function); did you mean 'Py_UCS4'?\n     6005 |         text_ptr = (Py_UCS2*)text + text_pos;\n          |                     ^~~~~~~\n          |                     Py_UCS4\n    regex_3/_regex.c:6005:29: error: expected expression before ')' token\n     6005 |         text_ptr = (Py_UCS2*)text + text_pos;\n          |                             ^\n    regex_3/_regex.c:6006:30: error: expected expression before ')' token\n     6006 |         limit_ptr = (Py_UCS2*)text + limit;\n          |                              ^\n    regex_3/_regex.c:6021:48: error: expected expression before ')' token\n     6021 |                     return text_ptr - (Py_UCS2*)text + length;\n          |                                                ^\n    regex_3/_regex.c: In function 'fast_string_search_rev':\n    regex_3/_regex.c:6084:9: error: unknown type name 'Py_UCS1'; did you mean 'Py_UCS4'?\n     6084 |         Py_UCS1* text_ptr;\n          |         ^~~~~~~\n          |         Py_UCS4\n    regex_3/_regex.c:6085:9: error: unknown type name 'Py_UCS1'; did you mean 'Py_UCS4'?\n     6085 |         Py_UCS1* limit_ptr;\n          |         ^~~~~~~\n          |         Py_UCS4\n    regex_3/_regex.c:6087:21: error: 'Py_UCS1' undeclared (first use in this function); did you mean 'Py_UCS4'?\n     6087 |         text_ptr = (Py_UCS1*)text + text_pos;\n          |                     ^~~~~~~\n          |                     Py_UCS4\n    regex_3/_regex.c:6087:29: error: expected expression before ')' token\n     6087 |         text_ptr = (Py_UCS1*)text + text_pos;\n          |                             ^\n    regex_3/_regex.c:6088:30: error: expected expression before ')' token\n     6088 |         limit_ptr = (Py_UCS1*)text + limit;\n          |                              ^\n    regex_3/_regex.c:6102:48: error: expected expression before ')' token\n     6102 |                     return text_ptr - (Py_UCS1*)text + length;\n          |                                                ^\n    regex_3/_regex.c:6112:9: error: unknown type name 'Py_UCS2'; did you mean 'Py_UCS4'?\n     6112 |         Py_UCS2* text_ptr;\n          |         ^~~~~~~\n          |         Py_UCS4\n    regex_3/_regex.c:6113:9: error: unknown type name 'Py_UCS2'; did you mean 'Py_UCS4'?\n     6113 |         Py_UCS2* limit_ptr;\n          |         ^~~~~~~\n          |         Py_UCS4\n    regex_3/_regex.c:6115:21: error: 'Py_UCS2' undeclared (first use in this function); did you mean 'Py_UCS4'?\n     6115 |         text_ptr = (Py_UCS2*)text + text_pos;\n          |                     ^~~~~~~\n          |                     Py_UCS4\n    regex_3/_regex.c:6115:29: error: expected expression before ')' token\n     6115 |         text_ptr = (Py_UCS2*)text + text_pos;\n          |                             ^\n    regex_3/_regex.c:6116:30: error: expected expression before ')' token\n     6116 |         limit_ptr = (Py_UCS2*)text + limit;\n          |                              ^\n    regex_3/_regex.c:6130:48: error: expected expression before ')' token\n     6130 |                     return text_ptr - (Py_UCS2*)text + length;\n          |                                                ^\n    regex_3/_regex.c: In function 'build_unicode_value':\n    regex_3/_regex.c:9478:16: error: 'PyUnicode_1BYTE_KIND' undeclared (first use in this function); did you mean 'PyUnicode_GET_SIZE'?\n     9478 |         kind = PyUnicode_1BYTE_KIND;\n          |                ^~~~~~~~~~~~~~~~~~~~\n          |                PyUnicode_GET_SIZE\n    regex_3/_regex.c:9481:16: error: 'PyUnicode_2BYTE_KIND' undeclared (first use in this function); did you mean 'PyUnicode_GET_SIZE'?\n     9481 |         kind = PyUnicode_2BYTE_KIND;\n          |                ^~~~~~~~~~~~~~~~~~~~\n          |                PyUnicode_GET_SIZE\n    regex_3/_regex.c:9484:16: error: 'PyUnicode_4BYTE_KIND' undeclared (first use in this function); did you mean 'PyUnicode_GET_SIZE'?\n     9484 |         kind = PyUnicode_4BYTE_KIND;\n          |                ^~~~~~~~~~~~~~~~~~~~\n          |                PyUnicode_GET_SIZE\n    regex_3/_regex.c:9491:12: warning: implicit declaration of function 'PyUnicode_FromKindAndData'; did you mean 'PyUnicode_FromOrdinal'? [-Wimplicit-function-declaration]\n     9491 |     return PyUnicode_FromKindAndData(kind, buffer, len);\n          |            ^~~~~~~~~~~~~~~~~~~~~~~~~\n          |            PyUnicode_FromOrdinal\n    regex_3/_regex.c:9491:12: warning: returning 'int' from a function with return type 'PyObject *' {aka 'struct _object *'} makes pointer from integer without a cast [-Wint-conversion]\n     9491 |     return PyUnicode_FromKindAndData(kind, buffer, len);\n          |            ^~~~~~~~~~~~~~~~~~~~~~~~~~~~~~~~~~~~~~~~~~~~\n    regex_3/_regex.c: In function 'build_bytes_value':\n    regex_3/_regex.c:9499:5: error: unknown type name 'Py_UCS1'; did you mean 'Py_UCS4'?\n     9499 |     Py_UCS1* byte_buffer;\n          |     ^~~~~~~\n          |     Py_UCS4\n    regex_3/_regex.c:9514:9: error: unknown type name 'Py_UCS2'; did you mean 'Py_UCS4'?\n     9514 |         Py_UCS2 c = ((Py_UCS2*)buffer)[i];\n          |         ^~~~~~~\n          |         Py_UCS4\n    regex_3/_regex.c:9514:23: error: 'Py_UCS2' undeclared (first use in this function); did you mean 'Py_UCS4'?\n     9514 |         Py_UCS2 c = ((Py_UCS2*)buffer)[i];\n          |                       ^~~~~~~\n          |                       Py_UCS4\n    regex_3/_regex.c:9514:31: error: expected expression before ')' token\n     9514 |         Py_UCS2 c = ((Py_UCS2*)buffer)[i];\n          |                               ^\n    regex_3/_regex.c:9518:27: error: 'Py_UCS1' undeclared (first use in this function); did you mean 'Py_UCS4'?\n     9518 |         byte_buffer[i] = (Py_UCS1)c;\n          |                           ^~~~~~~\n          |                           Py_UCS4\n    regex_3/_regex.c:9518:35: error: expected ';' before 'c'\n     9518 |         byte_buffer[i] = (Py_UCS1)c;\n          |                                   ^\n          |                                   ;\n    regex_3/_regex.c: In function 'get_string':\n    regex_3/_regex.c:18037:13: warning: implicit declaration of function 'PyUnicode_READY'; did you mean 'PyUnicode_Join'? [-Wimplicit-function-declaration]\n    18037 |         if (PyUnicode_READY(string) == -1)\n          |             ^~~~~~~~~~~~~~~\n          |             PyUnicode_Join\n    regex_3/_regex.c:18040:39: warning: implicit declaration of function 'PyUnicode_DATA'; did you mean 'PyUnicode_AS_DATA'? [-Wimplicit-function-declaration]\n    18040 |         str_info->characters = (void*)PyUnicode_DATA(string);\n          |                                       ^~~~~~~~~~~~~~\n          |                                       PyUnicode_AS_DATA\n    regex_3/_regex.c:18040:32: warning: cast to pointer from integer of different size [-Wint-to-pointer-cast]\n    18040 |         str_info->characters = (void*)PyUnicode_DATA(string);\n          |                                ^\n    regex_3/_regex.c:18041:28: warning: implicit declaration of function 'PyUnicode_GET_LENGTH'; did you mean 'PyUnicode_GET_SIZE'? [-Wimplicit-function-declaration]\n    18041 |         str_info->length = PyUnicode_GET_LENGTH(string);\n          |                            ^~~~~~~~~~~~~~~~~~~~\n          |                            PyUnicode_GET_SIZE\n    regex_3/_regex.c:18042:30: warning: implicit declaration of function 'PyUnicode_KIND'; did you mean 'PyUnicode_Join'? [-Wimplicit-function-declaration]\n    18042 |         str_info->charsize = PyUnicode_KIND(string);\n          |                              ^~~~~~~~~~~~~~\n          |                              PyUnicode_Join\n    regex_3/_regex.c: In function 'ensure_immutable':\n    regex_3/_regex.c:18557:22: warning: implicit declaration of function 'PyBytes_FromObject'; did you mean 'PyBuffer_FromObject'? [-Wimplicit-function-declaration]\n    18557 |         new_string = PyBytes_FromObject(string);\n          |                      ^~~~~~~~~~~~~~~~~~\n          |                      PyBuffer_FromObject\n    regex_3/_regex.c:18557:20: warning: assignment to 'PyObject *' {aka 'struct _object *'} from 'int' makes pointer from integer without a cast [-Wint-conversion]\n    18557 |         new_string = PyBytes_FromObject(string);\n          |                    ^\n    regex_3/_regex.c: In function 'unicode_slice':\n    regex_3/_regex.c:18585:12: warning: implicit declaration of function 'PyUnicode_Substring'; did you mean 'PyUnicode_FromString'? [-Wimplicit-function-declaration]\n    18585 |     return PyUnicode_Substring(string, start, end);\n          |            ^~~~~~~~~~~~~~~~~~~\n          |            PyUnicode_FromString\n    regex_3/_regex.c:18585:12: warning: returning 'int' from a function with return type 'PyObject *' {aka 'struct _object *'} makes pointer from integer without a cast [-Wint-conversion]\n    18585 |     return PyUnicode_Substring(string, start, end);\n          |            ^~~~~~~~~~~~~~~~~~~~~~~~~~~~~~~~~~~~~~~\n    regex_3/_regex.c: In function 'add_to_join_list':\n    regex_3/_regex.c:19408:22: warning: assignment to 'PyObject *' {aka 'struct _object *'} from 'int' makes pointer from integer without a cast [-Wint-conversion]\n    19408 |             new_item = PyBytes_FromObject(item);\n          |                      ^\n    regex_3/_regex.c: In function 'join_list_info':\n    regex_3/_regex.c:19475:22: warning: implicit declaration of function 'PyUnicode_New'; did you mean 'PyCode_New'? [-Wimplicit-function-declaration]\n    19475 |             joiner = PyUnicode_New(0, 0);\n          |                      ^~~~~~~~~~~~~\n          |                      PyCode_New\n    regex_3/_regex.c:19475:20: warning: assignment to 'PyObject *' {aka 'struct _object *'} from 'int' makes pointer from integer without a cast [-Wint-conversion]\n    19475 |             joiner = PyUnicode_New(0, 0);\n          |                    ^\n    regex_3/_regex.c:19505:16: warning: returning 'int' from a function with return type 'PyObject *' {aka 'struct _object *'} makes pointer from integer without a cast [-Wint-conversion]\n    19505 |         return PyUnicode_New(0, 0);\n          |                ^~~~~~~~~~~~~~~~~~~\n    regex_3/_regex.c: In function 'match_get_group_slice':\n    regex_3/_regex.c:19809:30: warning: passing argument 1 of 'PySlice_GetIndicesEx' from incompatible pointer type [-Wincompatible-pointer-types]\n    19809 |     if (PySlice_GetIndicesEx(slice, (Py_ssize_t)self->group_count + 1, &start,\n          |                              ^~~~~\n          |                              |\n          |                              PyObject * {aka struct _object *}\n    In file included from /usr/local/include/python2.7/Python.h:115,\n                     from regex_3/_regex.c:50:\n    /usr/local/include/python2.7/sliceobject.h:37:53: note: expected 'PySliceObject *' {aka 'struct <anonymous> *'} but argument is of type 'PyObject *' {aka 'struct _object *'}\n       37 | PyAPI_FUNC(int) PySlice_GetIndicesEx(PySliceObject *r, Py_ssize_t length,\n          |                                      ~~~~~~~~~~~~~~~^\n    regex_3/_regex.c: In function 'index_to_integer':\n    regex_3/_regex.c:21024:19: warning: implicit declaration of function 'PyLong_FromUnicodeObject'; did you mean 'PyLong_FromUnicode'? [-Wimplicit-function-declaration]\n    21024 |         int_obj = PyLong_FromUnicodeObject(item, 0);\n          |                   ^~~~~~~~~~~~~~~~~~~~~~~~\n          |                   PyLong_FromUnicode\n    regex_3/_regex.c:21024:17: warning: assignment to 'PyObject *' {aka 'struct _object *'} from 'int' makes pointer from integer without a cast [-Wint-conversion]\n    21024 |         int_obj = PyLong_FromUnicodeObject(item, 0);\n          |                 ^\n    regex_3/_regex.c: In function 'pattern_sizeof':\n    regex_3/_regex.c:22280:13: warning: implicit declaration of function 'PyLong_AsSize_t'; did you mean 'PyLong_AsSsize_t'? [-Wimplicit-function-declaration]\n    22280 |     size += PyLong_AsSize_t(result);\n          |             ^~~~~~~~~~~~~~~\n          |             PyLong_AsSsize_t\n    regex_3/_regex.c: At top level:\n    regex_3/_regex.c:26217:15: error: variable 'regex_module' has initializer but incomplete type\n    26217 | static struct PyModuleDef regex_module = {\n          |               ^~~~~~~~~~~\n    regex_3/_regex.c:26218:5: error: 'PyModuleDef_HEAD_INIT' undeclared here (not in a function)\n    26218 |     PyModuleDef_HEAD_INIT,\n          |     ^~~~~~~~~~~~~~~~~~~~~\n    regex_3/_regex.c:26218:5: warning: excess elements in struct initializer\n    regex_3/_regex.c:26218:5: note: (near initialization for 'regex_module')\n    regex_3/_regex.c:26219:5: warning: excess elements in struct initializer\n    26219 |     \"_regex\",\n          |     ^~~~~~~~\n    regex_3/_regex.c:26219:5: note: (near initialization for 'regex_module')\n    regex_3/_regex.c:26220:5: warning: excess elements in struct initializer\n    26220 |     NULL,\n          |     ^~~~\n    regex_3/_regex.c:26220:5: note: (near initialization for 'regex_module')\n    regex_3/_regex.c:26221:5: warning: excess elements in struct initializer\n    26221 |     -1,\n          |     ^\n    regex_3/_regex.c:26221:5: note: (near initialization for 'regex_module')\n    regex_3/_regex.c:26222:5: warning: excess elements in struct initializer\n    26222 |     _functions,\n          |     ^~~~~~~~~~\n    regex_3/_regex.c:26222:5: note: (near initialization for 'regex_module')\n    regex_3/_regex.c:26223:5: warning: excess elements in struct initializer\n    26223 |     NULL,\n          |     ^~~~\n    regex_3/_regex.c:26223:5: note: (near initialization for 'regex_module')\n    regex_3/_regex.c:26224:5: warning: excess elements in struct initializer\n    26224 |     NULL,\n          |     ^~~~\n    regex_3/_regex.c:26224:5: note: (near initialization for 'regex_module')\n    regex_3/_regex.c:26225:5: warning: excess elements in struct initializer\n    26225 |     NULL,\n          |     ^~~~\n    regex_3/_regex.c:26225:5: note: (near initialization for 'regex_module')\n    regex_3/_regex.c:26226:5: warning: excess elements in struct initializer\n    26226 |     NULL\n          |     ^~~~\n    regex_3/_regex.c:26226:5: note: (near initialization for 'regex_module')\n    regex_3/_regex.c: In function 'PyInit__regex':\n    regex_3/_regex.c:26287:16: warning: 'return' with a value, in function returning void [-Wreturn-type]\n    26287 |         return NULL;\n          |                ^~~~\n    regex_3/_regex.c:26230:16: note: declared here\n    26230 | PyMODINIT_FUNC PyInit__regex(void) {\n          |                ^~~~~~~~~~~~~\n    regex_3/_regex.c:26289:16: warning: 'return' with a value, in function returning void [-Wreturn-type]\n    26289 |         return NULL;\n          |                ^~~~\n    regex_3/_regex.c:26230:16: note: declared here\n    26230 | PyMODINIT_FUNC PyInit__regex(void) {\n          |                ^~~~~~~~~~~~~\n    regex_3/_regex.c:26291:16: warning: 'return' with a value, in function returning void [-Wreturn-type]\n    26291 |         return NULL;\n          |                ^~~~\n    regex_3/_regex.c:26230:16: note: declared here\n    26230 | PyMODINIT_FUNC PyInit__regex(void) {\n          |                ^~~~~~~~~~~~~\n    regex_3/_regex.c:26293:16: warning: 'return' with a value, in function returning void [-Wreturn-type]\n    26293 |         return NULL;\n          |                ^~~~\n    regex_3/_regex.c:26230:16: note: declared here\n    26230 | PyMODINIT_FUNC PyInit__regex(void) {\n          |                ^~~~~~~~~~~~~\n    regex_3/_regex.c:26295:16: warning: 'return' with a value, in function returning void [-Wreturn-type]\n    26295 |         return NULL;\n          |                ^~~~\n    regex_3/_regex.c:26230:16: note: declared here\n    26230 | PyMODINIT_FUNC PyInit__regex(void) {\n          |                ^~~~~~~~~~~~~\n    regex_3/_regex.c:26299:9: warning: implicit declaration of function 'PyModule_Create'; did you mean 'PyModule_Check'? [-Wimplicit-function-declaration]\n    26299 |     m = PyModule_Create(&regex_module);\n          |         ^~~~~~~~~~~~~~~\n          |         PyModule_Check\n    regex_3/_regex.c:26299:7: warning: assignment to 'PyObject *' {aka 'struct _object *'} from 'int' makes pointer from integer without a cast [-Wint-conversion]\n    26299 |     m = PyModule_Create(&regex_module);\n          |       ^\n    regex_3/_regex.c:26301:16: warning: 'return' with a value, in function returning void [-Wreturn-type]\n    26301 |         return NULL;\n          |                ^~~~\n    regex_3/_regex.c:26230:16: note: declared here\n    26230 | PyMODINIT_FUNC PyInit__regex(void) {\n          |                ^~~~~~~~~~~~~\n    regex_3/_regex.c:26326:16: warning: 'return' with a value, in function returning void [-Wreturn-type]\n    26326 |         return NULL;\n          |                ^~~~\n    regex_3/_regex.c:26230:16: note: declared here\n    26230 | PyMODINIT_FUNC PyInit__regex(void) {\n          |                ^~~~~~~~~~~~~\n    regex_3/_regex.c:26329:12: warning: 'return' with a value, in function returning void [-Wreturn-type]\n    26329 |     return m;\n          |            ^\n    regex_3/_regex.c:26230:16: note: declared here\n    26230 | PyMODINIT_FUNC PyInit__regex(void) {\n          |                ^~~~~~~~~~~~~\n    regex_3/_regex.c: At top level:\n    regex_3/_regex.c:26217:27: error: storage size of 'regex_module' isn't known\n    26217 | static struct PyModuleDef regex_module = {\n          |                           ^~~~~~~~~~~~\n    regex_3/_regex.c: In function 'bytes2_char_at':\n    regex_3/_regex.c:771:1: warning: control reaches end of non-void function [-Wreturn-type]\n      771 | }\n          | ^\n    regex_3/_regex.c: In function 'bytes1_char_at':\n    regex_3/_regex.c:756:1: warning: control reaches end of non-void function [-Wreturn-type]\n      756 | }\n          | ^\n    regex_3/_regex.c: In function 'bytes2_point_to':\n    regex_3/_regex.c:781:1: warning: control reaches end of non-void function [-Wreturn-type]\n      781 | }\n          | ^\n    regex_3/_regex.c: In function 'bytes1_point_to':\n    regex_3/_regex.c:766:1: warning: control reaches end of non-void function [-Wreturn-type]\n      766 | }\n          | ^\n    error: command 'gcc' failed with exit status 1\n    ----------------------------------------\n\u001b[0m\u001b[91mERROR: Command errored out with exit status 1: /usr/local/bin/python -u -c 'import sys, setuptools, tokenize; sys.argv[0] = '\"'\"'/tmp/pip-install-20_zGK/regex/setup.py'\"'\"'; __file__='\"'\"'/tmp/pip-install-20_zGK/regex/setup.py'\"'\"';f=getattr(tokenize, '\"'\"'open'\"'\"', open)(__file__);code=f.read().replace('\"'\"'\\r\\n'\"'\"', '\"'\"'\\n'\"'\"');f.close();exec(compile(code, __file__, '\"'\"'exec'\"'\"'))' install --record /tmp/pip-record-PRYksG/install-record.txt --single-version-externally-managed --compile --install-headers /usr/local/include/python2.7/regex Check the logs for full command output.\n\u001b[0m\u001b[91mWARNING: You are using pip version 20.0.2; however, version 20.3.4 is available.\nYou should consider upgrading via the '/usr/local/bin/python -m pip install --upgrade pip' command.\n\u001b[0mRemoving intermediate container 154317e25fb1\n","stderr":"The command '/bin/sh -c pip install dpkt regex' returned a non-zero code: 1\n"}}