{"repository":"https://github.com/pkrasicki/syncpaint","dockerfilePath":"Dockerfile","startTime":1672314606251,"clone":{"stdout":"","stderr":"Cloning into '/tmp/dinghy-analysis/pkrasicki/syncpaint'...\n","error":null,"commit":"c35b627d7ee926ae26c69259a880215447ce5fb1"},"originalBuild":{"startTimestamp":1672314607362,"endTimestamp":1672314648950,"error":{"code":1,"killed":false,"signal":null,"cmd":"docker build --no-cache --force-rm -t syncpaint:latest -f /tmp/dinghy-analysis/pkrasicki/syncpaint/Dockerfile ."},"stdout":"Sending build context to Docker daemon  842.8kB\r\r\nStep 1/7 : FROM node:lts-alpine3.11\nlts-alpine3.11: Pulling from library/node\n6a428f9f83b0: Pulling fs layer\n3b99c7d83f4e: Pulling fs layer\n7aed112a7386: Pulling fs layer\n8a422bc4b94e: Pulling fs layer\n8a422bc4b94e: Waiting\n6a428f9f83b0: Verifying Checksum\n6a428f9f83b0: Download complete\n7aed112a7386: Verifying Checksum\n7aed112a7386: Download complete\n8a422bc4b94e: Verifying Checksum\n8a422bc4b94e: Download complete\n3b99c7d83f4e: Verifying Checksum\n3b99c7d83f4e: Download complete\n6a428f9f83b0: Pull complete\n3b99c7d83f4e: Pull complete\n7aed112a7386: Pull complete\n8a422bc4b94e: Pull complete\nDigest: sha256:3b2e5a8932729c0dc561c9242c9a3c51d2101bdaff879689678a3d7febe8d08f\nStatus: Downloaded newer image for node:lts-alpine3.11\n ---> ef75ab605b08\nStep 2/7 : LABEL description=\"A web app for synchronized group drawing\"\n ---> Running in f517934a247e\nRemoving intermediate container f517934a247e\n ---> 0628816dc1d3\nStep 3/7 : COPY . /app\n ---> eb8b55dcc24e\nStep 4/7 : WORKDIR /app\n ---> Running in e0e9dc4119f5\nRemoving intermediate container e0e9dc4119f5\n ---> c924850c02b5\nStep 5/7 : RUN npm install && npm run build-prod && npm prune --production\n ---> Running in ef904c5413a2\n\u001b[91mnpm WARN old lockfile \nnpm \u001b[0m\u001b[91mWARN\u001b[0m\u001b[91m old lockfile The package-lock.json file was created with an old version of npm,\nnpm\u001b[0m\u001b[91m WARN\u001b[0m\u001b[91m old lockfile so supplemental metadata must be fetched from the registry.\nnpm WARN old lockfile\u001b[0m\u001b[91m \nnpm WARN old lockfile This is a one-time fix-up, please be patient...\nnpm \u001b[0m\u001b[91mWARN old lockfile \n\u001b[0m\u001b[91mnpm WARN deprecated urix@0.1.0: Please see https://github.com/lydell/urix#deprecated\n\u001b[0m\u001b[91mnpm WARN deprecated stable@0.1.8: Modern JS already guarantees Array#sort() is a stable sort, so this library is deprecated. See the compatibility table on MDN: https://developer.mozilla.org/en-US/docs/Web/JavaScript/Reference/Global_Objects/Array/sort#browser_compatibility\n\u001b[0m\u001b[91mnpm WARN deprecated source-map-resolve@0.5.3: See https://github.com/lydell/source-map-resolve#deprecated\n\u001b[0m\u001b[91mnpm WARN deprecated uuid@3.4.0: Please upgrade  to version 7 or higher.  Older versions may use Math.random() in certain circumstances, which is known to be problematic.  See https://v8.dev/blog/math-random for details.\n\u001b[0m\u001b[91mnpm WARN deprecated source-map-url@0.4.0: See https://github.com/lydell/source-map-url#deprecated\n\u001b[0m\u001b[91mnpm WARN deprecated resolve-url@0.2.1: https://github.com/lydell/resolve-url#deprecated\n\u001b[0m\u001b[91mnpm WARN deprecated querystring@0.2.0: The querystring API is considered Legacy. new code should use the URLSearchParams API instead.\n\u001b[0m\u001b[91mnpm WARN deprecated request@2.88.2: request has been deprecated, see https://github.com/request/request/issues/3142\n\u001b[0m\u001b[91mnpm WARN deprecated har-validator@5.1.3: this library is no longer supported\n\u001b[0m\u001b[91mnpm WARN deprecated html-webpack-plugin@3.2.0: 3.x is no longer supported\n\u001b[0m\u001b[91mnpm WARN deprecated chokidar@2.1.8: Chokidar 2 does not receive security updates since 2019. Upgrade to chokidar 3 with 15x fewer dependencies\n\u001b[0m\u001b[91mnpm WARN deprecated debug@4.1.1: Debug versions >=3.2.0 <3.2.7 || >=4 <4.3.1 have a low-severity ReDos regression when used in a Node.js environment. It is recommended you upgrade to 3.2.7 or 4.3.1. (https://github.com/visionmedia/debug/issues/797)\n\u001b[0m\u001b[91mnpm WARN deprecated svgo@1.3.2: This SVGO version is no longer supported. Upgrade to v2.x.x.\n\u001b[0m\u001b[91mnpm WARN deprecated debug@4.1.1: Debug versions >=3.2.0 <3.2.7 || >=4 <4.3.1 have a low-severity ReDos regression when used in a Node.js environment. It is recommended you upgrade to 3.2.7 or 4.3.1. (https://github.com/visionmedia/debug/issues/797)\n\u001b[0m\u001b[91mnpm WARN deprecated debug@3.2.6: Debug versions >=3.2.0 <3.2.7 || >=4 <4.3.1 have a low-severity ReDos regression when used in a Node.js environment. It is recommended you upgrade to 3.2.7 or 4.3.1. (https://github.com/visionmedia/debug/issues/797)\n\u001b[0m\u001b[91mnpm WARN deprecated debug@4.1.1: Debug versions >=3.2.0 <3.2.7 || >=4 <4.3.1 have a low-severity ReDos regression when used in a Node.js environment. It is recommended you upgrade to 3.2.7 or 4.3.1. (https://github.com/visionmedia/debug/issues/797)\n\u001b[0m\u001b[91mnpm WARN deprecated tar@2.2.2: This version of tar is no longer supported, and will not receive security updates. Please upgrade asap.\n\u001b[0m\u001b[91mnpm notice \nnpm notice New major version of npm available! 8.1.0 -> 9.2.0\nnpm notice Changelog: <https://github.com/npm/cli/releases/tag/v9.2.0>\nnpm notice Run `npm install -g npm@9.2.0` to update!\nnpm notice \n\u001b[0m\u001b[91mnpm ERR! code 1\nnpm ERR! path /app/node_modules/node-sass\n\u001b[0m\u001b[91mnpm ERR! command failed\nnpm ERR! command sh -c node scripts/build.js\nnpm ERR! Building: /usr/local/bin/node /app/node_modules/node-gyp/bin/node-gyp.js rebuild --verbose --libsass_ext= --libsass_cflags= --libsass_ldflags= --libsass_library=\nnpm ERR! gyp info it worked if it ends with ok\nnpm ERR! gyp verb cli [\nnpm ERR! gyp verb cli   '/usr/local/bin/node',\nnpm ERR! gyp verb cli   '/app/node_modules/node-gyp/bin/node-gyp.js',\nnpm ERR! gyp verb cli   'rebuild',\nnpm ERR!\u001b[0m\u001b[91m gyp verb cli   '--verbose',\nnpm ERR! gyp verb cli   '--libsass_ext=',\nnpm ERR! gyp verb cli   '--libsass_cflags=',\nnpm \u001b[0m\u001b[91mERR! gyp verb cli   '--libsass_ldflags=',\nnpm\u001b[0m\u001b[91m ERR!\u001b[0m\u001b[91m gyp verb cli   '--libsass_library='\nnpm \u001b[0m\u001b[91mERR! gyp verb cli ]\nnpm ERR!\u001b[0m\u001b[91m gyp info using node-gyp@3.8.0\nnpm ERR!\u001b[0m\u001b[91m gyp info using node@16.13.0 | linux | x64\nnpm ERR! gyp verb command rebuild []\nnpm\u001b[0m\u001b[91m ERR!\u001b[0m\u001b[91m gyp verb command clean []\n\u001b[0m\u001b[91mnpm \u001b[0m\u001b[91mERR!\u001b[0m\u001b[91m gyp verb clean removing \"build\" directory\nnpm ERR! gyp verb command configure []\nnpm ERR! gyp verb check python checking for Python executable \"python2\" in the PATH\nnpm ERR! gyp verb `which` failed Error: not found: python2\nnpm ERR! gyp verb `which` failed     at getNotFoundError (/app/node_modules/which/which.js:13:12)\nnpm ERR! gyp verb `which` failed     at F (/app/node_modules/which/which.js:68:19)\nnpm ERR! gyp verb `which` failed     at E (/app/node_modules/which/which.js:80:29)\nnpm\u001b[0m\u001b[91m ERR! gyp verb `which` failed     at /app/node_modules/which/which.js:89:16\nnpm ERR! gyp verb `which` failed     at /app/node_modules/isexe/index.js:42:5\nnpm ERR!\u001b[0m\u001b[91m gyp verb `which` failed     at /app/node_modules/isexe/mode.js:8:5\nnpm ERR!\u001b[0m\u001b[91m gyp verb `which` failed     at FSReqCallback.oncomplete (node:fs:198:21)\nnpm ERR!\u001b[0m\u001b[91m gyp verb `which` failed  python2 Error: not found: python2\nnpm \u001b[0m\u001b[91mERR!\u001b[0m\u001b[91m gyp verb `which` failed     at getNotFoundError (/app/node_modules/which/which.js:13:12)\nnpm ERR!\u001b[0m\u001b[91m gyp verb `which` failed     at F (/app/node_modules/which/which.js:68:19)\n\u001b[0m\u001b[91mnpm \u001b[0m\u001b[91mERR! gyp verb `which` failed     at E (/app/node_modules/which/which.js:80:29)\nnpm ERR! gyp verb `which` failed     at /app/node_modules/which/which.js:89:16\nnpm ERR! gyp verb `which` failed     at /app/node_modules/isexe/index.js:42:5\n\u001b[0m\u001b[91mnpm \u001b[0m\u001b[91mERR!\u001b[0m\u001b[91m gyp verb `which` failed     at /app/node_modules/isexe/mode.js:8:5\nnpm\u001b[0m\u001b[91m ERR! gyp verb `which` failed     at FSReqCallback.oncomplete (node:fs:198:21) {\n\u001b[0m\u001b[91mnpm \u001b[0m\u001b[91mERR! gyp verb `which` failed   code: 'ENOENT'\nnpm\u001b[0m\u001b[91m ERR! gyp verb `which` failed }\nnpm \u001b[0m\u001b[91mERR! gyp verb check python checking for Python executable \"python\" in the PATH\nnpm ERR! gyp verb `which` failed Error: not found: python\nnpm \u001b[0m\u001b[91mERR!\u001b[0m\u001b[91m gyp verb `which` failed     at getNotFoundError (/app/node_modules/which/which.js:13:12)\n\u001b[0m\u001b[91mnpm ERR! gyp verb `which` failed     at F (/app/node_modules/which/which.js:68:19)\nnpm\u001b[0m\u001b[91m \u001b[0m\u001b[91mERR! gyp verb `which` failed     at E (/app/node_modules/which/which.js:80:29)\nnpm ERR! gyp verb `which` failed     at /app/node_modules/which/which.js:89:16\nnpm ERR!\u001b[0m\u001b[91m gyp verb `which` failed     at /app/node_modules/isexe/index.js:42:5\nnpm ERR! gyp verb `which` failed     at /app/node_modules/isexe/mode.js:8:5\nnpm ERR! gyp verb `which` failed     at FSReqCallback.oncomplete (node:fs:198:21)\nnpm\u001b[0m\u001b[91m ERR! gyp verb `which` failed  python Error: not found: python\nnpm\u001b[0m\u001b[91m ERR!\u001b[0m\u001b[91m gyp verb `which` failed     at getNotFoundError (/app/node_modules/which/which.js:13:12)\nnpm\u001b[0m\u001b[91m ERR!\u001b[0m\u001b[91m gyp verb `which` failed     at F (/app/node_modules/which/which.js:68:19)\nnpm\u001b[0m\u001b[91m ERR! gyp verb `which` failed     at E (/app/node_modules/which/which.js:80:29)\nnpm \u001b[0m\u001b[91mERR!\u001b[0m\u001b[91m gyp verb `which` failed     at /app/node_modules/which/which.js:89:16\nnpm \u001b[0m\u001b[91mERR!\u001b[0m\u001b[91m gyp verb `which` failed     at /app/node_modules/isexe/index.js:42:5\nnpm \u001b[0m\u001b[91mERR! gyp verb `which` failed     at /app/node_modules/isexe/mode.js:8:5\nnpm\u001b[0m\u001b[91m ERR!\u001b[0m\u001b[91m gyp verb `which` failed     at FSReqCallback.oncomplete (node:fs:198:21) {\nnpm ERR! gyp verb `which` failed   code: 'ENOENT'\nnpm ERR!\u001b[0m\u001b[91m gyp verb `which` failed }\nnpm\u001b[0m\u001b[91m ERR!\u001b[0m\u001b[91m gyp ERR! configure error \nnpm ERR! gyp ERR! stack Error: Can't find Python executable \"python\", you can set the PYTHON env variable.\nnpm ERR!\u001b[0m\u001b[91m gyp ERR! stack     at PythonFinder.failNoPython (/app/node_modules/node-gyp/lib/configure.js:484:19)\nnpm ERR! gyp ERR! stack     at PythonFinder.<anonymous> (/app/node_modules/node-gyp/lib/configure.js:406:16)\nnpm ERR! gyp ERR! stack     at F (/app/node_modules/which/which.js:68:16)\nnpm ERR!\u001b[0m\u001b[91m gyp ERR! stack     at E (/app/node_modules/which/which.js:80:29)\nnpm ERR! gyp ERR! stack     at /app/node_modules/which/which.js:89:16\n\u001b[0m\u001b[91mnpm ERR! gyp ERR! stack     at /app/node_modules/isexe/index.js:42:5\nnpm ERR!\u001b[0m\u001b[91m gyp ERR! stack     at /app/node_modules/isexe/mode.js:8:5\nnpm ERR! gyp ERR! stack     at FSReqCallback.oncomplete (node:fs:198:21)\nnpm ERR! gyp ERR! System Linux 5.4.0-113-generic\nnpm\u001b[0m\u001b[91m ERR!\u001b[0m\u001b[91m gyp ERR! command \"/usr/local/bin/node\" \"/app/node_modules/node-gyp/bin/node-gyp.js\" \"rebuild\" \"--verbose\" \"--libsass_ext=\" \"--libsass_cflags=\" \"--libsass_ldflags=\" \"--libsass_library=\"\nnpm\u001b[0m\u001b[91m ERR! gyp ERR! cwd /app/node_modules/node-sass\nnpm \u001b[0m\u001b[91mERR! gyp ERR! node -v v16.13.0\nnpm ERR! gyp ERR! node-gyp -v v3.8.0\nnpm \u001b[0m\u001b[91mERR!\u001b[0m\u001b[91m gyp ERR! not ok \nnpm ERR!\u001b[0m\u001b[91m Build failed with error code: 1\n\u001b[0m\u001b[91m\n\u001b[0m\u001b[91mnpm ERR! A complete log of this run can be found in:\nnpm ERR!\u001b[0m\u001b[91m     /root/.npm/_logs/2022-12-29T11_50_36_468Z-debug.log\n\u001b[0mRemoving intermediate container ef904c5413a2\n","stderr":"The command '/bin/sh -c npm install && npm run build-prod && npm prune --production' returned a non-zero code: 1\n"},"endTime":1672314649030}