{"repository":"https://github.com/phev-remote/phevcore","dockerfilePath":"Dockerfile","startTime":1672498077657,"clone":{"stdout":"","stderr":"Cloning into '/tmp/dinghy-analysis/phev-remote/phevcore'...\n","error":null,"commit":"f4ca9f64cd9c8855369b4718ccf71ac07b92874f"},"originalBuild":{"startTimestamp":1672498078505,"endTimestamp":1672498492587,"error":{"code":2,"killed":false,"signal":null,"cmd":"docker build --no-cache --force-rm -t phevcore:latest -f /tmp/dinghy-analysis/phev-remote/phevcore/Dockerfile ."},"stdout":"Sending build context to Docker daemon  586.2kB\r\r\nStep 1/18 : FROM ubuntu:latest\n ---> 6b7dfa7e8fdb\nStep 2/18 : ARG DEBIAN_FRONTEND=noninteractive\n ---> Running in 8abcac6d4726\nRemoving intermediate container 8abcac6d4726\n ---> f5f85625c2c6\nStep 3/18 : RUN apt-get update && apt-get -y install gcc cmake git\n ---> Running in 7662d4df9b9f\nGet:1 http://archive.ubuntu.com/ubuntu jammy InRelease [270 kB]\nGet:2 http://security.ubuntu.com/ubuntu jammy-security InRelease [110 kB]\nGet:3 http://archive.ubuntu.com/ubuntu jammy-updates InRelease [114 kB]\nGet:4 http://archive.ubuntu.com/ubuntu jammy-backports InRelease [99.8 kB]\nGet:5 http://security.ubuntu.com/ubuntu jammy-security/universe amd64 Packages [781 kB]\nGet:6 http://archive.ubuntu.com/ubuntu jammy/restricted amd64 Packages [164 kB]\nGet:7 http://archive.ubuntu.com/ubuntu jammy/multiverse amd64 Packages [266 kB]\nGet:8 http://archive.ubuntu.com/ubuntu jammy/universe amd64 Packages [17.5 MB]\nGet:9 http://security.ubuntu.com/ubuntu jammy-security/restricted amd64 Packages [593 kB]\nGet:10 http://security.ubuntu.com/ubuntu jammy-security/multiverse amd64 Packages [4732 B]\nGet:11 http://security.ubuntu.com/ubuntu jammy-security/main amd64 Packages [667 kB]\nGet:12 http://archive.ubuntu.com/ubuntu jammy/main amd64 Packages [1792 kB]\nGet:13 http://archive.ubuntu.com/ubuntu jammy-updates/restricted amd64 Packages [641 kB]\nGet:14 http://archive.ubuntu.com/ubuntu jammy-updates/multiverse amd64 Packages [8150 B]\nGet:15 http://archive.ubuntu.com/ubuntu jammy-updates/main amd64 Packages [972 kB]\nGet:16 http://archive.ubuntu.com/ubuntu jammy-updates/universe amd64 Packages [970 kB]\nGet:17 http://archive.ubuntu.com/ubuntu jammy-backports/universe amd64 Packages [7291 B]\nGet:18 http://archive.ubuntu.com/ubuntu jammy-backports/main amd64 Packages [3520 B]\nFetched 24.9 MB in 4s (6293 kB/s)\nReading package lists...\nReading package lists...\nBuilding dependency tree...\nReading state information...\nThe following additional packages will be installed:\n  binutils binutils-common binutils-x86-64-linux-gnu ca-certificates\n  cmake-data cpp cpp-11 dh-elpa-helper emacsen-common fontconfig-config\n  fonts-dejavu-core gcc-11 gcc-11-base git-man less libarchive13 libasan6\n  libatomic1 libbinutils libbrotli1 libbsd0 libc-dev-bin libc-devtools\n  libc6-dev libcbor0.8 libcc1-0 libcrypt-dev libctf-nobfd0 libctf0\n  libcurl3-gnutls libcurl4 libdeflate0 libedit2 liberror-perl libexpat1\n  libfido2-1 libfontconfig1 libfreetype6 libgcc-11-dev libgd3 libgdbm-compat4\n  libgdbm6 libgomp1 libicu70 libisl23 libitm1 libjbig0 libjpeg-turbo8 libjpeg8\n  libjsoncpp25 libldap-2.5-0 libldap-common liblsan0 libmd0 libmpc3 libmpfr6\n  libnghttp2-14 libnsl-dev libperl5.34 libpng16-16 libpsl5 libquadmath0\n  librhash0 librtmp1 libsasl2-2 libsasl2-modules libsasl2-modules-db libssh-4\n  libtiff5 libtirpc-dev libtsan0 libubsan1 libuv1 libwebp7 libx11-6\n  libx11-data libxau6 libxcb1 libxdmcp6 libxext6 libxml2 libxmuu1 libxpm4\n  linux-libc-dev make manpages manpages-dev netbase openssh-client openssl\n  patch perl perl-modules-5.34 publicsuffix rpcsvc-proto ucf xauth\nSuggested packages:\n  binutils-doc cmake-doc ninja-build cmake-format cpp-doc gcc-11-locales\n  gcc-multilib autoconf automake libtool flex bison gdb gcc-doc\n  gcc-11-multilib gcc-11-doc gettext-base git-daemon-run | git-daemon-sysvinit\n  git-doc git-email git-gui gitk gitweb git-cvs git-mediawiki git-svn lrzip\n  glibc-doc libgd-tools gdbm-l10n libsasl2-modules-gssapi-mit\n  | libsasl2-modules-gssapi-heimdal libsasl2-modules-ldap libsasl2-modules-otp\n  libsasl2-modules-sql make-doc man-browser keychain libpam-ssh monkeysphere\n  ssh-askpass ed diffutils-doc perl-doc libterm-readline-gnu-perl\n  | libterm-readline-perl-perl libtap-harness-archive-perl\nThe following NEW packages will be installed:\n  binutils binutils-common binutils-x86-64-linux-gnu ca-certificates cmake\n  cmake-data cpp cpp-11 dh-elpa-helper emacsen-common fontconfig-config\n  fonts-dejavu-core gcc gcc-11 gcc-11-base git git-man less libarchive13\n  libasan6 libatomic1 libbinutils libbrotli1 libbsd0 libc-dev-bin\n  libc-devtools libc6-dev libcbor0.8 libcc1-0 libcrypt-dev libctf-nobfd0\n  libctf0 libcurl3-gnutls libcurl4 libdeflate0 libedit2 liberror-perl\n  libexpat1 libfido2-1 libfontconfig1 libfreetype6 libgcc-11-dev libgd3\n  libgdbm-compat4 libgdbm6 libgomp1 libicu70 libisl23 libitm1 libjbig0\n  libjpeg-turbo8 libjpeg8 libjsoncpp25 libldap-2.5-0 libldap-common liblsan0\n  libmd0 libmpc3 libmpfr6 libnghttp2-14 libnsl-dev libperl5.34 libpng16-16\n  libpsl5 libquadmath0 librhash0 librtmp1 libsasl2-2 libsasl2-modules\n  libsasl2-modules-db libssh-4 libtiff5 libtirpc-dev libtsan0 libubsan1 libuv1\n  libwebp7 libx11-6 libx11-data libxau6 libxcb1 libxdmcp6 libxext6 libxml2\n  libxmuu1 libxpm4 linux-libc-dev make manpages manpages-dev netbase\n  openssh-client openssl patch perl perl-modules-5.34 publicsuffix\n  rpcsvc-proto ucf xauth\n0 upgraded, 100 newly installed, 0 to remove and 0 not upgraded.\nNeed to get 92.3 MB of archives.\nAfter this operation, 329 MB of additional disk space will be used.\nGet:1 http://archive.ubuntu.com/ubuntu jammy-updates/main amd64 perl-modules-5.34 all 5.34.0-3ubuntu1.1 [2976 kB]\nGet:2 http://archive.ubuntu.com/ubuntu jammy/main amd64 libgdbm6 amd64 1.23-1 [33.9 kB]\nGet:3 http://archive.ubuntu.com/ubuntu jammy/main amd64 libgdbm-compat4 amd64 1.23-1 [6606 B]\nGet:4 http://archive.ubuntu.com/ubuntu jammy-updates/main amd64 libperl5.34 amd64 5.34.0-3ubuntu1.1 [4819 kB]\nGet:5 http://archive.ubuntu.com/ubuntu jammy-updates/main amd64 perl amd64 5.34.0-3ubuntu1.1 [232 kB]\nGet:6 http://archive.ubuntu.com/ubuntu jammy-updates/main amd64 openssl amd64 3.0.2-0ubuntu1.7 [1183 kB]\nGet:7 http://archive.ubuntu.com/ubuntu jammy-updates/main amd64 ca-certificates all 20211016ubuntu0.22.04.1 [144 kB]\nGet:8 http://archive.ubuntu.com/ubuntu jammy/main amd64 less amd64 590-1build1 [143 kB]\nGet:9 http://archive.ubuntu.com/ubuntu jammy/main amd64 libmd0 amd64 1.0.4-1build1 [23.0 kB]\nGet:10 http://archive.ubuntu.com/ubuntu jammy/main amd64 libbsd0 amd64 0.11.5-1 [44.8 kB]\nGet:11 http://archive.ubuntu.com/ubuntu jammy-updates/main amd64 libexpat1 amd64 2.4.7-1ubuntu0.2 [91.0 kB]\nGet:12 http://archive.ubuntu.com/ubuntu jammy/main amd64 libicu70 amd64 70.1-2 [10.6 MB]\nGet:13 http://archive.ubuntu.com/ubuntu jammy-updates/main amd64 libxml2 amd64 2.9.13+dfsg-1ubuntu0.2 [764 kB]\nGet:14 http://archive.ubuntu.com/ubuntu jammy/main amd64 netbase all 6.3 [12.9 kB]\nGet:15 http://archive.ubuntu.com/ubuntu jammy/main amd64 ucf all 3.0043 [56.1 kB]\nGet:16 http://archive.ubuntu.com/ubuntu jammy/main amd64 libcbor0.8 amd64 0.8.0-2ubuntu1 [24.6 kB]\nGet:17 http://archive.ubuntu.com/ubuntu jammy/main amd64 libedit2 amd64 3.1-20210910-1build1 [96.8 kB]\nGet:18 http://archive.ubuntu.com/ubuntu jammy/main amd64 libfido2-1 amd64 1.10.0-1 [82.8 kB]\nGet:19 http://archive.ubuntu.com/ubuntu jammy/main amd64 libnghttp2-14 amd64 1.43.0-1build3 [76.3 kB]\nGet:20 http://archive.ubuntu.com/ubuntu jammy/main amd64 libpng16-16 amd64 1.6.37-3build5 [191 kB]\nGet:21 http://archive.ubuntu.com/ubuntu jammy/main amd64 libpsl5 amd64 0.21.0-1.2build2 [58.4 kB]\nGet:22 http://archive.ubuntu.com/ubuntu jammy/main amd64 libuv1 amd64 1.43.0-1 [93.1 kB]\nGet:23 http://archive.ubuntu.com/ubuntu jammy/main amd64 libxau6 amd64 1:1.0.9-1build5 [7634 B]\nGet:24 http://archive.ubuntu.com/ubuntu jammy/main amd64 libxdmcp6 amd64 1:1.1.3-0ubuntu5 [10.9 kB]\nGet:25 http://archive.ubuntu.com/ubuntu jammy/main amd64 libxcb1 amd64 1.14-3ubuntu3 [49.0 kB]\nGet:26 http://archive.ubuntu.com/ubuntu jammy/main amd64 libx11-data all 2:1.7.5-1 [119 kB]\nGet:27 http://archive.ubuntu.com/ubuntu jammy/main amd64 libx11-6 amd64 2:1.7.5-1 [666 kB]\nGet:28 http://archive.ubuntu.com/ubuntu jammy/main amd64 libxext6 amd64 2:1.3.4-1build1 [31.8 kB]\nGet:29 http://archive.ubuntu.com/ubuntu jammy/main amd64 libxmuu1 amd64 2:1.1.3-3 [10.2 kB]\nGet:30 http://archive.ubuntu.com/ubuntu jammy/main amd64 manpages all 5.10-1ubuntu1 [1375 kB]\nGet:31 http://archive.ubuntu.com/ubuntu jammy/main amd64 openssh-client amd64 1:8.9p1-3 [909 kB]\nGet:32 http://archive.ubuntu.com/ubuntu jammy/main amd64 publicsuffix all 20211207.1025-1 [129 kB]\nGet:33 http://archive.ubuntu.com/ubuntu jammy/main amd64 xauth amd64 1:1.1-1build2 [27.5 kB]\nGet:34 http://archive.ubuntu.com/ubuntu jammy-updates/main amd64 binutils-common amd64 2.38-4ubuntu2.1 [221 kB]\nGet:35 http://archive.ubuntu.com/ubuntu jammy-updates/main amd64 libbinutils amd64 2.38-4ubuntu2.1 [661 kB]\nGet:36 http://archive.ubuntu.com/ubuntu jammy-updates/main amd64 libctf-nobfd0 amd64 2.38-4ubuntu2.1 [107 kB]\nGet:37 http://archive.ubuntu.com/ubuntu jammy-updates/main amd64 libctf0 amd64 2.38-4ubuntu2.1 [103 kB]\nGet:38 http://archive.ubuntu.com/ubuntu jammy-updates/main amd64 binutils-x86-64-linux-gnu amd64 2.38-4ubuntu2.1 [2328 kB]\nGet:39 http://archive.ubuntu.com/ubuntu jammy-updates/main amd64 binutils amd64 2.38-4ubuntu2.1 [3198 B]\nGet:40 http://archive.ubuntu.com/ubuntu jammy/main amd64 libarchive13 amd64 3.6.0-1ubuntu1 [368 kB]\nGet:41 http://archive.ubuntu.com/ubuntu jammy/main amd64 libbrotli1 amd64 1.0.9-2build6 [315 kB]\nGet:42 http://archive.ubuntu.com/ubuntu jammy/main amd64 libsasl2-modules-db amd64 2.1.27+dfsg2-3ubuntu1 [20.8 kB]\nGet:43 http://archive.ubuntu.com/ubuntu jammy/main amd64 libsasl2-2 amd64 2.1.27+dfsg2-3ubuntu1 [53.9 kB]\nGet:44 http://archive.ubuntu.com/ubuntu jammy-updates/main amd64 libldap-2.5-0 amd64 2.5.13+dfsg-0ubuntu0.22.04.1 [183 kB]\nGet:45 http://archive.ubuntu.com/ubuntu jammy/main amd64 librtmp1 amd64 2.4+20151223.gitfa8646d.1-2build4 [58.2 kB]\nGet:46 http://archive.ubuntu.com/ubuntu jammy/main amd64 libssh-4 amd64 0.9.6-2build1 [184 kB]\nGet:47 http://archive.ubuntu.com/ubuntu jammy-updates/main amd64 libcurl4 amd64 7.81.0-1ubuntu1.6 [290 kB]\nGet:48 http://archive.ubuntu.com/ubuntu jammy/main amd64 libjsoncpp25 amd64 1.9.5-3 [80.0 kB]\nGet:49 http://archive.ubuntu.com/ubuntu jammy/main amd64 librhash0 amd64 1.4.2-1ubuntu1 [125 kB]\nGet:50 http://archive.ubuntu.com/ubuntu jammy/main amd64 dh-elpa-helper all 2.0.9ubuntu1 [7610 B]\nGet:51 http://archive.ubuntu.com/ubuntu jammy/main amd64 emacsen-common all 3.0.4 [14.9 kB]\nGet:52 http://archive.ubuntu.com/ubuntu jammy-updates/main amd64 cmake-data all 3.22.1-1ubuntu1.22.04.1 [1913 kB]\nGet:53 http://archive.ubuntu.com/ubuntu jammy-updates/main amd64 cmake amd64 3.22.1-1ubuntu1.22.04.1 [5013 kB]\nGet:54 http://archive.ubuntu.com/ubuntu jammy-updates/main amd64 gcc-11-base amd64 11.3.0-1ubuntu1~22.04 [20.8 kB]\nGet:55 http://archive.ubuntu.com/ubuntu jammy/main amd64 libisl23 amd64 0.24-2build1 [727 kB]\nGet:56 http://archive.ubuntu.com/ubuntu jammy/main amd64 libmpfr6 amd64 4.1.0-3build3 [1425 kB]\nGet:57 http://archive.ubuntu.com/ubuntu jammy/main amd64 libmpc3 amd64 1.2.1-2build1 [46.9 kB]\nGet:58 http://archive.ubuntu.com/ubuntu jammy-updates/main amd64 cpp-11 amd64 11.3.0-1ubuntu1~22.04 [9967 kB]\nGet:59 http://archive.ubuntu.com/ubuntu jammy/main amd64 cpp amd64 4:11.2.0-1ubuntu1 [27.7 kB]\nGet:60 http://archive.ubuntu.com/ubuntu jammy/main amd64 fonts-dejavu-core all 2.37-2build1 [1041 kB]\nGet:61 http://archive.ubuntu.com/ubuntu jammy/main amd64 fontconfig-config all 2.13.1-4.2ubuntu5 [29.1 kB]\nGet:62 http://archive.ubuntu.com/ubuntu jammy-updates/main amd64 libcc1-0 amd64 12.1.0-2ubuntu1~22.04 [47.4 kB]\nGet:63 http://archive.ubuntu.com/ubuntu jammy-updates/main amd64 libgomp1 amd64 12.1.0-2ubuntu1~22.04 [126 kB]\nGet:64 http://archive.ubuntu.com/ubuntu jammy-updates/main amd64 libitm1 amd64 12.1.0-2ubuntu1~22.04 [30.2 kB]\nGet:65 http://archive.ubuntu.com/ubuntu jammy-updates/main amd64 libatomic1 amd64 12.1.0-2ubuntu1~22.04 [10.4 kB]\nGet:66 http://archive.ubuntu.com/ubuntu jammy-updates/main amd64 libasan6 amd64 11.3.0-1ubuntu1~22.04 [2284 kB]\nGet:67 http://archive.ubuntu.com/ubuntu jammy-updates/main amd64 liblsan0 amd64 12.1.0-2ubuntu1~22.04 [1069 kB]\nGet:68 http://archive.ubuntu.com/ubuntu jammy-updates/main amd64 libtsan0 amd64 11.3.0-1ubuntu1~22.04 [2262 kB]\nGet:69 http://archive.ubuntu.com/ubuntu jammy-updates/main amd64 libubsan1 amd64 12.1.0-2ubuntu1~22.04 [976 kB]\nGet:70 http://archive.ubuntu.com/ubuntu jammy-updates/main amd64 libquadmath0 amd64 12.1.0-2ubuntu1~22.04 [154 kB]\nGet:71 http://archive.ubuntu.com/ubuntu jammy-updates/main amd64 libgcc-11-dev amd64 11.3.0-1ubuntu1~22.04 [2517 kB]\nGet:72 http://archive.ubuntu.com/ubuntu jammy-updates/main amd64 gcc-11 amd64 11.3.0-1ubuntu1~22.04 [20.1 MB]\nGet:73 http://archive.ubuntu.com/ubuntu jammy/main amd64 gcc amd64 4:11.2.0-1ubuntu1 [5112 B]\nGet:74 http://archive.ubuntu.com/ubuntu jammy-updates/main amd64 libcurl3-gnutls amd64 7.81.0-1ubuntu1.6 [283 kB]\nGet:75 http://archive.ubuntu.com/ubuntu jammy/main amd64 liberror-perl all 0.17029-1 [26.5 kB]\nGet:76 http://archive.ubuntu.com/ubuntu jammy-updates/main amd64 git-man all 1:2.34.1-1ubuntu1.5 [953 kB]\nGet:77 http://archive.ubuntu.com/ubuntu jammy-updates/main amd64 git amd64 1:2.34.1-1ubuntu1.5 [3132 kB]\nGet:78 http://archive.ubuntu.com/ubuntu jammy-updates/main amd64 libc-dev-bin amd64 2.35-0ubuntu3.1 [20.4 kB]\nGet:79 http://archive.ubuntu.com/ubuntu jammy-updates/main amd64 libfreetype6 amd64 2.11.1+dfsg-1ubuntu0.1 [389 kB]\nGet:80 http://archive.ubuntu.com/ubuntu jammy/main amd64 libfontconfig1 amd64 2.13.1-4.2ubuntu5 [131 kB]\nGet:81 http://archive.ubuntu.com/ubuntu jammy/main amd64 libjpeg-turbo8 amd64 2.1.2-0ubuntu1 [134 kB]\nGet:82 http://archive.ubuntu.com/ubuntu jammy/main amd64 libjpeg8 amd64 8c-2ubuntu10 [2264 B]\nGet:83 http://archive.ubuntu.com/ubuntu jammy/main amd64 libdeflate0 amd64 1.10-2 [70.9 kB]\nGet:84 http://archive.ubuntu.com/ubuntu jammy-updates/main amd64 libjbig0 amd64 2.1-3.1ubuntu0.22.04.1 [29.2 kB]\nGet:85 http://archive.ubuntu.com/ubuntu jammy/main amd64 libwebp7 amd64 1.2.2-2 [206 kB]\nGet:86 http://archive.ubuntu.com/ubuntu jammy-updates/main amd64 libtiff5 amd64 4.3.0-6ubuntu0.3 [183 kB]\nGet:87 http://archive.ubuntu.com/ubuntu jammy/main amd64 libxpm4 amd64 1:3.5.12-1build2 [36.2 kB]\nGet:88 http://archive.ubuntu.com/ubuntu jammy/main amd64 libgd3 amd64 2.3.0-2ubuntu2 [129 kB]\nGet:89 http://archive.ubuntu.com/ubuntu jammy-updates/main amd64 libc-devtools amd64 2.35-0ubuntu3.1 [28.9 kB]\nGet:90 http://archive.ubuntu.com/ubuntu jammy-updates/main amd64 linux-libc-dev amd64 5.15.0-56.62 [1333 kB]\nGet:91 http://archive.ubuntu.com/ubuntu jammy/main amd64 libcrypt-dev amd64 1:4.4.27-1 [112 kB]\nGet:92 http://archive.ubuntu.com/ubuntu jammy/main amd64 rpcsvc-proto amd64 1.4.2-0ubuntu6 [68.5 kB]\nGet:93 http://archive.ubuntu.com/ubuntu jammy-updates/main amd64 libtirpc-dev amd64 1.3.2-2ubuntu0.1 [192 kB]\nGet:94 http://archive.ubuntu.com/ubuntu jammy/main amd64 libnsl-dev amd64 1.3.0-2build2 [71.3 kB]\nGet:95 http://archive.ubuntu.com/ubuntu jammy-updates/main amd64 libc6-dev amd64 2.35-0ubuntu3.1 [2099 kB]\nGet:96 http://archive.ubuntu.com/ubuntu jammy-updates/main amd64 libldap-common all 2.5.13+dfsg-0ubuntu0.22.04.1 [15.9 kB]\nGet:97 http://archive.ubuntu.com/ubuntu jammy/main amd64 libsasl2-modules amd64 2.1.27+dfsg2-3ubuntu1 [57.5 kB]\nGet:98 http://archive.ubuntu.com/ubuntu jammy/main amd64 make amd64 4.3-4.1build1 [180 kB]\nGet:99 http://archive.ubuntu.com/ubuntu jammy/main amd64 manpages-dev all 5.10-1ubuntu1 [2309 kB]\nGet:100 http://archive.ubuntu.com/ubuntu jammy/main amd64 patch amd64 2.7.6-7build2 [109 kB]\n\u001b[91mdebconf: delaying package configuration, since apt-utils is not installed\n\u001b[0mFetched 92.3 MB in 4s (22.2 MB/s)\nSelecting previously unselected package perl-modules-5.34.\r\n(Reading database ... \r(Reading database ... 5%\r(Reading database ... 10%\r(Reading database ... 15%\r(Reading database ... 20%\r(Reading database ... 25%\r(Reading database ... 30%\r(Reading database ... 35%\r(Reading database ... 40%\r(Reading database ... 45%\r(Reading database ... 50%\r(Reading database ... 55%\r(Reading database ... 60%\r(Reading database ... 65%\r(Reading database ... 70%\r(Reading database ... 75%\r(Reading database ... 80%\r(Reading database ... 85%\r(Reading database ... 90%\r(Reading database ... 95%\r(Reading database ... 100%\r(Reading database ... 4395 files and directories currently installed.)\r\nPreparing to unpack .../00-perl-modules-5.34_5.34.0-3ubuntu1.1_all.deb ...\r\nUnpacking perl-modules-5.34 (5.34.0-3ubuntu1.1) ...\r\nSelecting previously unselected package libgdbm6:amd64.\r\nPreparing to unpack .../01-libgdbm6_1.23-1_amd64.deb ...\r\nUnpacking libgdbm6:amd64 (1.23-1) ...\r\nSelecting previously unselected package libgdbm-compat4:amd64.\r\nPreparing to unpack .../02-libgdbm-compat4_1.23-1_amd64.deb ...\r\nUnpacking libgdbm-compat4:amd64 (1.23-1) ...\r\nSelecting previously unselected package libperl5.34:amd64.\r\nPreparing to unpack .../03-libperl5.34_5.34.0-3ubuntu1.1_amd64.deb ...\r\nUnpacking libperl5.34:amd64 (5.34.0-3ubuntu1.1) ...\r\nSelecting previously unselected package perl.\r\nPreparing to unpack .../04-perl_5.34.0-3ubuntu1.1_amd64.deb ...\r\nUnpacking perl (5.34.0-3ubuntu1.1) ...\r\nSelecting previously unselected package openssl.\r\nPreparing to unpack .../05-openssl_3.0.2-0ubuntu1.7_amd64.deb ...\r\nUnpacking openssl (3.0.2-0ubuntu1.7) ...\r\nSelecting previously unselected package ca-certificates.\r\nPreparing to unpack .../06-ca-certificates_20211016ubuntu0.22.04.1_all.deb ...\r\nUnpacking ca-certificates (20211016ubuntu0.22.04.1) ...\r\nSelecting previously unselected package less.\r\nPreparing to unpack .../07-less_590-1build1_amd64.deb ...\r\nUnpacking less (590-1build1) ...\r\nSelecting previously unselected package libmd0:amd64.\r\nPreparing to unpack .../08-libmd0_1.0.4-1build1_amd64.deb ...\r\nUnpacking libmd0:amd64 (1.0.4-1build1) ...\r\nSelecting previously unselected package libbsd0:amd64.\r\nPreparing to unpack .../09-libbsd0_0.11.5-1_amd64.deb ...\r\nUnpacking libbsd0:amd64 (0.11.5-1) ...\r\nSelecting previously unselected package libexpat1:amd64.\r\nPreparing to unpack .../10-libexpat1_2.4.7-1ubuntu0.2_amd64.deb ...\r\nUnpacking libexpat1:amd64 (2.4.7-1ubuntu0.2) ...\r\nSelecting previously unselected package libicu70:amd64.\r\nPreparing to unpack .../11-libicu70_70.1-2_amd64.deb ...\r\nUnpacking libicu70:amd64 (70.1-2) ...\r\nSelecting previously unselected package libxml2:amd64.\r\nPreparing to unpack .../12-libxml2_2.9.13+dfsg-1ubuntu0.2_amd64.deb ...\r\nUnpacking libxml2:amd64 (2.9.13+dfsg-1ubuntu0.2) ...\r\nSelecting previously unselected package netbase.\r\nPreparing to unpack .../13-netbase_6.3_all.deb ...\r\nUnpacking netbase (6.3) ...\r\nSelecting previously unselected package ucf.\r\nPreparing to unpack .../14-ucf_3.0043_all.deb ...\r\nMoving old data out of the way\r\nUnpacking ucf (3.0043) ...\r\nSelecting previously unselected package libcbor0.8:amd64.\r\nPreparing to unpack .../15-libcbor0.8_0.8.0-2ubuntu1_amd64.deb ...\r\nUnpacking libcbor0.8:amd64 (0.8.0-2ubuntu1) ...\r\nSelecting previously unselected package libedit2:amd64.\r\nPreparing to unpack .../16-libedit2_3.1-20210910-1build1_amd64.deb ...\r\nUnpacking libedit2:amd64 (3.1-20210910-1build1) ...\r\nSelecting previously unselected package libfido2-1:amd64.\r\nPreparing to unpack .../17-libfido2-1_1.10.0-1_amd64.deb ...\r\nUnpacking libfido2-1:amd64 (1.10.0-1) ...\r\nSelecting previously unselected package libnghttp2-14:amd64.\r\nPreparing to unpack .../18-libnghttp2-14_1.43.0-1build3_amd64.deb ...\r\nUnpacking libnghttp2-14:amd64 (1.43.0-1build3) ...\r\nSelecting previously unselected package libpng16-16:amd64.\r\nPreparing to unpack .../19-libpng16-16_1.6.37-3build5_amd64.deb ...\r\nUnpacking libpng16-16:amd64 (1.6.37-3build5) ...\r\nSelecting previously unselected package libpsl5:amd64.\r\nPreparing to unpack .../20-libpsl5_0.21.0-1.2build2_amd64.deb ...\r\nUnpacking libpsl5:amd64 (0.21.0-1.2build2) ...\r\nSelecting previously unselected package libuv1:amd64.\r\nPreparing to unpack .../21-libuv1_1.43.0-1_amd64.deb ...\r\nUnpacking libuv1:amd64 (1.43.0-1) ...\r\nSelecting previously unselected package libxau6:amd64.\r\nPreparing to unpack .../22-libxau6_1%3a1.0.9-1build5_amd64.deb ...\r\nUnpacking libxau6:amd64 (1:1.0.9-1build5) ...\r\nSelecting previously unselected package libxdmcp6:amd64.\r\nPreparing to unpack .../23-libxdmcp6_1%3a1.1.3-0ubuntu5_amd64.deb ...\r\nUnpacking libxdmcp6:amd64 (1:1.1.3-0ubuntu5) ...\r\nSelecting previously unselected package libxcb1:amd64.\r\nPreparing to unpack .../24-libxcb1_1.14-3ubuntu3_amd64.deb ...\r\nUnpacking libxcb1:amd64 (1.14-3ubuntu3) ...\r\nSelecting previously unselected package libx11-data.\r\nPreparing to unpack .../25-libx11-data_2%3a1.7.5-1_all.deb ...\r\nUnpacking libx11-data (2:1.7.5-1) ...\r\nSelecting previously unselected package libx11-6:amd64.\r\nPreparing to unpack .../26-libx11-6_2%3a1.7.5-1_amd64.deb ...\r\nUnpacking libx11-6:amd64 (2:1.7.5-1) ...\r\nSelecting previously unselected package libxext6:amd64.\r\nPreparing to unpack .../27-libxext6_2%3a1.3.4-1build1_amd64.deb ...\r\nUnpacking libxext6:amd64 (2:1.3.4-1build1) ...\r\nSelecting previously unselected package libxmuu1:amd64.\r\nPreparing to unpack .../28-libxmuu1_2%3a1.1.3-3_amd64.deb ...\r\nUnpacking libxmuu1:amd64 (2:1.1.3-3) ...\r\nSelecting previously unselected package manpages.\r\nPreparing to unpack .../29-manpages_5.10-1ubuntu1_all.deb ...\r\nUnpacking manpages (5.10-1ubuntu1) ...\r\nSelecting previously unselected package openssh-client.\r\nPreparing to unpack .../30-openssh-client_1%3a8.9p1-3_amd64.deb ...\r\nUnpacking openssh-client (1:8.9p1-3) ...\r\nSelecting previously unselected package publicsuffix.\r\nPreparing to unpack .../31-publicsuffix_20211207.1025-1_all.deb ...\r\nUnpacking publicsuffix (20211207.1025-1) ...\r\nSelecting previously unselected package xauth.\r\nPreparing to unpack .../32-xauth_1%3a1.1-1build2_amd64.deb ...\r\nUnpacking xauth (1:1.1-1build2) ...\r\nSelecting previously unselected package binutils-common:amd64.\r\nPreparing to unpack .../33-binutils-common_2.38-4ubuntu2.1_amd64.deb ...\r\nUnpacking binutils-common:amd64 (2.38-4ubuntu2.1) ...\r\nSelecting previously unselected package libbinutils:amd64.\r\nPreparing to unpack .../34-libbinutils_2.38-4ubuntu2.1_amd64.deb ...\r\nUnpacking libbinutils:amd64 (2.38-4ubuntu2.1) ...\r\nSelecting previously unselected package libctf-nobfd0:amd64.\r\nPreparing to unpack .../35-libctf-nobfd0_2.38-4ubuntu2.1_amd64.deb ...\r\nUnpacking libctf-nobfd0:amd64 (2.38-4ubuntu2.1) ...\r\nSelecting previously unselected package libctf0:amd64.\r\nPreparing to unpack .../36-libctf0_2.38-4ubuntu2.1_amd64.deb ...\r\nUnpacking libctf0:amd64 (2.38-4ubuntu2.1) ...\r\nSelecting previously unselected package binutils-x86-64-linux-gnu.\r\nPreparing to unpack .../37-binutils-x86-64-linux-gnu_2.38-4ubuntu2.1_amd64.deb ...\r\nUnpacking binutils-x86-64-linux-gnu (2.38-4ubuntu2.1) ...\r\nSelecting previously unselected package binutils.\r\nPreparing to unpack .../38-binutils_2.38-4ubuntu2.1_amd64.deb ...\r\nUnpacking binutils (2.38-4ubuntu2.1) ...\r\nSelecting previously unselected package libarchive13:amd64.\r\nPreparing to unpack .../39-libarchive13_3.6.0-1ubuntu1_amd64.deb ...\r\nUnpacking libarchive13:amd64 (3.6.0-1ubuntu1) ...\r\nSelecting previously unselected package libbrotli1:amd64.\r\nPreparing to unpack .../40-libbrotli1_1.0.9-2build6_amd64.deb ...\r\nUnpacking libbrotli1:amd64 (1.0.9-2build6) ...\r\nSelecting previously unselected package libsasl2-modules-db:amd64.\r\nPreparing to unpack .../41-libsasl2-modules-db_2.1.27+dfsg2-3ubuntu1_amd64.deb ...\r\nUnpacking libsasl2-modules-db:amd64 (2.1.27+dfsg2-3ubuntu1) ...\r\nSelecting previously unselected package libsasl2-2:amd64.\r\nPreparing to unpack .../42-libsasl2-2_2.1.27+dfsg2-3ubuntu1_amd64.deb ...\r\nUnpacking libsasl2-2:amd64 (2.1.27+dfsg2-3ubuntu1) ...\r\nSelecting previously unselected package libldap-2.5-0:amd64.\r\nPreparing to unpack .../43-libldap-2.5-0_2.5.13+dfsg-0ubuntu0.22.04.1_amd64.deb ...\r\nUnpacking libldap-2.5-0:amd64 (2.5.13+dfsg-0ubuntu0.22.04.1) ...\r\nSelecting previously unselected package librtmp1:amd64.\r\nPreparing to unpack .../44-librtmp1_2.4+20151223.gitfa8646d.1-2build4_amd64.deb ...\r\nUnpacking librtmp1:amd64 (2.4+20151223.gitfa8646d.1-2build4) ...\r\nSelecting previously unselected package libssh-4:amd64.\r\nPreparing to unpack .../45-libssh-4_0.9.6-2build1_amd64.deb ...\r\nUnpacking libssh-4:amd64 (0.9.6-2build1) ...\r\nSelecting previously unselected package libcurl4:amd64.\r\nPreparing to unpack .../46-libcurl4_7.81.0-1ubuntu1.6_amd64.deb ...\r\nUnpacking libcurl4:amd64 (7.81.0-1ubuntu1.6) ...\r\nSelecting previously unselected package libjsoncpp25:amd64.\r\nPreparing to unpack .../47-libjsoncpp25_1.9.5-3_amd64.deb ...\r\nUnpacking libjsoncpp25:amd64 (1.9.5-3) ...\r\nSelecting previously unselected package librhash0:amd64.\r\nPreparing to unpack .../48-librhash0_1.4.2-1ubuntu1_amd64.deb ...\r\nUnpacking librhash0:amd64 (1.4.2-1ubuntu1) ...\r\nSelecting previously unselected package dh-elpa-helper.\r\nPreparing to unpack .../49-dh-elpa-helper_2.0.9ubuntu1_all.deb ...\r\nUnpacking dh-elpa-helper (2.0.9ubuntu1) ...\r\nSelecting previously unselected package emacsen-common.\r\nPreparing to unpack .../50-emacsen-common_3.0.4_all.deb ...\r\nUnpacking emacsen-common (3.0.4) ...\r\nSelecting previously unselected package cmake-data.\r\nPreparing to unpack .../51-cmake-data_3.22.1-1ubuntu1.22.04.1_all.deb ...\r\nUnpacking cmake-data (3.22.1-1ubuntu1.22.04.1) ...\r\nSelecting previously unselected package cmake.\r\nPreparing to unpack .../52-cmake_3.22.1-1ubuntu1.22.04.1_amd64.deb ...\r\nUnpacking cmake (3.22.1-1ubuntu1.22.04.1) ...\r\nSelecting previously unselected package gcc-11-base:amd64.\r\nPreparing to unpack .../53-gcc-11-base_11.3.0-1ubuntu1~22.04_amd64.deb ...\r\nUnpacking gcc-11-base:amd64 (11.3.0-1ubuntu1~22.04) ...\r\nSelecting previously unselected package libisl23:amd64.\r\nPreparing to unpack .../54-libisl23_0.24-2build1_amd64.deb ...\r\nUnpacking libisl23:amd64 (0.24-2build1) ...\r\nSelecting previously unselected package libmpfr6:amd64.\r\nPreparing to unpack .../55-libmpfr6_4.1.0-3build3_amd64.deb ...\r\nUnpacking libmpfr6:amd64 (4.1.0-3build3) ...\r\nSelecting previously unselected package libmpc3:amd64.\r\nPreparing to unpack .../56-libmpc3_1.2.1-2build1_amd64.deb ...\r\nUnpacking libmpc3:amd64 (1.2.1-2build1) ...\r\nSelecting previously unselected package cpp-11.\r\nPreparing to unpack .../57-cpp-11_11.3.0-1ubuntu1~22.04_amd64.deb ...\r\nUnpacking cpp-11 (11.3.0-1ubuntu1~22.04) ...\r\nSelecting previously unselected package cpp.\r\nPreparing to unpack .../58-cpp_4%3a11.2.0-1ubuntu1_amd64.deb ...\r\nUnpacking cpp (4:11.2.0-1ubuntu1) ...\r\nSelecting previously unselected package fonts-dejavu-core.\r\nPreparing to unpack .../59-fonts-dejavu-core_2.37-2build1_all.deb ...\r\nUnpacking fonts-dejavu-core (2.37-2build1) ...\r\nSelecting previously unselected package fontconfig-config.\r\nPreparing to unpack .../60-fontconfig-config_2.13.1-4.2ubuntu5_all.deb ...\r\nUnpacking fontconfig-config (2.13.1-4.2ubuntu5) ...\r\nSelecting previously unselected package libcc1-0:amd64.\r\nPreparing to unpack .../61-libcc1-0_12.1.0-2ubuntu1~22.04_amd64.deb ...\r\nUnpacking libcc1-0:amd64 (12.1.0-2ubuntu1~22.04) ...\r\nSelecting previously unselected package libgomp1:amd64.\r\nPreparing to unpack .../62-libgomp1_12.1.0-2ubuntu1~22.04_amd64.deb ...\r\nUnpacking libgomp1:amd64 (12.1.0-2ubuntu1~22.04) ...\r\nSelecting previously unselected package libitm1:amd64.\r\nPreparing to unpack .../63-libitm1_12.1.0-2ubuntu1~22.04_amd64.deb ...\r\nUnpacking libitm1:amd64 (12.1.0-2ubuntu1~22.04) ...\r\nSelecting previously unselected package libatomic1:amd64.\r\nPreparing to unpack .../64-libatomic1_12.1.0-2ubuntu1~22.04_amd64.deb ...\r\nUnpacking libatomic1:amd64 (12.1.0-2ubuntu1~22.04) ...\r\nSelecting previously unselected package libasan6:amd64.\r\nPreparing to unpack .../65-libasan6_11.3.0-1ubuntu1~22.04_amd64.deb ...\r\nUnpacking libasan6:amd64 (11.3.0-1ubuntu1~22.04) ...\r\nSelecting previously unselected package liblsan0:amd64.\r\nPreparing to unpack .../66-liblsan0_12.1.0-2ubuntu1~22.04_amd64.deb ...\r\nUnpacking liblsan0:amd64 (12.1.0-2ubuntu1~22.04) ...\r\nSelecting previously unselected package libtsan0:amd64.\r\nPreparing to unpack .../67-libtsan0_11.3.0-1ubuntu1~22.04_amd64.deb ...\r\nUnpacking libtsan0:amd64 (11.3.0-1ubuntu1~22.04) ...\r\nSelecting previously unselected package libubsan1:amd64.\r\nPreparing to unpack .../68-libubsan1_12.1.0-2ubuntu1~22.04_amd64.deb ...\r\nUnpacking libubsan1:amd64 (12.1.0-2ubuntu1~22.04) ...\r\nSelecting previously unselected package libquadmath0:amd64.\r\nPreparing to unpack .../69-libquadmath0_12.1.0-2ubuntu1~22.04_amd64.deb ...\r\nUnpacking libquadmath0:amd64 (12.1.0-2ubuntu1~22.04) ...\r\nSelecting previously unselected package libgcc-11-dev:amd64.\r\nPreparing to unpack .../70-libgcc-11-dev_11.3.0-1ubuntu1~22.04_amd64.deb ...\r\nUnpacking libgcc-11-dev:amd64 (11.3.0-1ubuntu1~22.04) ...\r\nSelecting previously unselected package gcc-11.\r\nPreparing to unpack .../71-gcc-11_11.3.0-1ubuntu1~22.04_amd64.deb ...\r\nUnpacking gcc-11 (11.3.0-1ubuntu1~22.04) ...\r\nSelecting previously unselected package gcc.\r\nPreparing to unpack .../72-gcc_4%3a11.2.0-1ubuntu1_amd64.deb ...\r\nUnpacking gcc (4:11.2.0-1ubuntu1) ...\r\nSelecting previously unselected package libcurl3-gnutls:amd64.\r\nPreparing to unpack .../73-libcurl3-gnutls_7.81.0-1ubuntu1.6_amd64.deb ...\r\nUnpacking libcurl3-gnutls:amd64 (7.81.0-1ubuntu1.6) ...\r\nSelecting previously unselected package liberror-perl.\r\nPreparing to unpack .../74-liberror-perl_0.17029-1_all.deb ...\r\nUnpacking liberror-perl (0.17029-1) ...\r\nSelecting previously unselected package git-man.\r\nPreparing to unpack .../75-git-man_1%3a2.34.1-1ubuntu1.5_all.deb ...\r\nUnpacking git-man (1:2.34.1-1ubuntu1.5) ...\r\nSelecting previously unselected package git.\r\nPreparing to unpack .../76-git_1%3a2.34.1-1ubuntu1.5_amd64.deb ...\r\nUnpacking git (1:2.34.1-1ubuntu1.5) ...\r\nSelecting previously unselected package libc-dev-bin.\r\nPreparing to unpack .../77-libc-dev-bin_2.35-0ubuntu3.1_amd64.deb ...\r\nUnpacking libc-dev-bin (2.35-0ubuntu3.1) ...\r\nSelecting previously unselected package libfreetype6:amd64.\r\nPreparing to unpack .../78-libfreetype6_2.11.1+dfsg-1ubuntu0.1_amd64.deb ...\r\nUnpacking libfreetype6:amd64 (2.11.1+dfsg-1ubuntu0.1) ...\r\nSelecting previously unselected package libfontconfig1:amd64.\r\nPreparing to unpack .../79-libfontconfig1_2.13.1-4.2ubuntu5_amd64.deb ...\r\nUnpacking libfontconfig1:amd64 (2.13.1-4.2ubuntu5) ...\r\nSelecting previously unselected package libjpeg-turbo8:amd64.\r\nPreparing to unpack .../80-libjpeg-turbo8_2.1.2-0ubuntu1_amd64.deb ...\r\nUnpacking libjpeg-turbo8:amd64 (2.1.2-0ubuntu1) ...\r\nSelecting previously unselected package libjpeg8:amd64.\r\nPreparing to unpack .../81-libjpeg8_8c-2ubuntu10_amd64.deb ...\r\nUnpacking libjpeg8:amd64 (8c-2ubuntu10) ...\r\nSelecting previously unselected package libdeflate0:amd64.\r\nPreparing to unpack .../82-libdeflate0_1.10-2_amd64.deb ...\r\nUnpacking libdeflate0:amd64 (1.10-2) ...\r\nSelecting previously unselected package libjbig0:amd64.\r\nPreparing to unpack .../83-libjbig0_2.1-3.1ubuntu0.22.04.1_amd64.deb ...\r\nUnpacking libjbig0:amd64 (2.1-3.1ubuntu0.22.04.1) ...\r\nSelecting previously unselected package libwebp7:amd64.\r\nPreparing to unpack .../84-libwebp7_1.2.2-2_amd64.deb ...\r\nUnpacking libwebp7:amd64 (1.2.2-2) ...\r\nSelecting previously unselected package libtiff5:amd64.\r\nPreparing to unpack .../85-libtiff5_4.3.0-6ubuntu0.3_amd64.deb ...\r\nUnpacking libtiff5:amd64 (4.3.0-6ubuntu0.3) ...\r\nSelecting previously unselected package libxpm4:amd64.\r\nPreparing to unpack .../86-libxpm4_1%3a3.5.12-1build2_amd64.deb ...\r\nUnpacking libxpm4:amd64 (1:3.5.12-1build2) ...\r\nSelecting previously unselected package libgd3:amd64.\r\nPreparing to unpack .../87-libgd3_2.3.0-2ubuntu2_amd64.deb ...\r\nUnpacking libgd3:amd64 (2.3.0-2ubuntu2) ...\r\nSelecting previously unselected package libc-devtools.\r\nPreparing to unpack .../88-libc-devtools_2.35-0ubuntu3.1_amd64.deb ...\r\nUnpacking libc-devtools (2.35-0ubuntu3.1) ...\r\nSelecting previously unselected package linux-libc-dev:amd64.\r\nPreparing to unpack .../89-linux-libc-dev_5.15.0-56.62_amd64.deb ...\r\nUnpacking linux-libc-dev:amd64 (5.15.0-56.62) ...\r\nSelecting previously unselected package libcrypt-dev:amd64.\r\nPreparing to unpack .../90-libcrypt-dev_1%3a4.4.27-1_amd64.deb ...\r\nUnpacking libcrypt-dev:amd64 (1:4.4.27-1) ...\r\nSelecting previously unselected package rpcsvc-proto.\r\nPreparing to unpack .../91-rpcsvc-proto_1.4.2-0ubuntu6_amd64.deb ...\r\nUnpacking rpcsvc-proto (1.4.2-0ubuntu6) ...\r\nSelecting previously unselected package libtirpc-dev:amd64.\r\nPreparing to unpack .../92-libtirpc-dev_1.3.2-2ubuntu0.1_amd64.deb ...\r\nUnpacking libtirpc-dev:amd64 (1.3.2-2ubuntu0.1) ...\r\nSelecting previously unselected package libnsl-dev:amd64.\r\nPreparing to unpack .../93-libnsl-dev_1.3.0-2build2_amd64.deb ...\r\nUnpacking libnsl-dev:amd64 (1.3.0-2build2) ...\r\nSelecting previously unselected package libc6-dev:amd64.\r\nPreparing to unpack .../94-libc6-dev_2.35-0ubuntu3.1_amd64.deb ...\r\nUnpacking libc6-dev:amd64 (2.35-0ubuntu3.1) ...\r\nSelecting previously unselected package libldap-common.\r\nPreparing to unpack .../95-libldap-common_2.5.13+dfsg-0ubuntu0.22.04.1_all.deb ...\r\nUnpacking libldap-common (2.5.13+dfsg-0ubuntu0.22.04.1) ...\r\nSelecting previously unselected package libsasl2-modules:amd64.\r\nPreparing to unpack .../96-libsasl2-modules_2.1.27+dfsg2-3ubuntu1_amd64.deb ...\r\nUnpacking libsasl2-modules:amd64 (2.1.27+dfsg2-3ubuntu1) ...\r\nSelecting previously unselected package make.\r\nPreparing to unpack .../97-make_4.3-4.1build1_amd64.deb ...\r\nUnpacking make (4.3-4.1build1) ...\r\nSelecting previously unselected package manpages-dev.\r\nPreparing to unpack .../98-manpages-dev_5.10-1ubuntu1_all.deb ...\r\nUnpacking manpages-dev (5.10-1ubuntu1) ...\r\nSelecting previously unselected package patch.\r\nPreparing to unpack .../99-patch_2.7.6-7build2_amd64.deb ...\r\nUnpacking patch (2.7.6-7build2) ...\r\nSetting up libexpat1:amd64 (2.4.7-1ubuntu0.2) ...\r\nSetting up gcc-11-base:amd64 (11.3.0-1ubuntu1~22.04) ...\r\nSetting up libxau6:amd64 (1:1.0.9-1build5) ...\r\nSetting up libpsl5:amd64 (0.21.0-1.2build2) ...\r\nSetting up manpages (5.10-1ubuntu1) ...\r\nSetting up libcbor0.8:amd64 (0.8.0-2ubuntu1) ...\r\nSetting up libbrotli1:amd64 (1.0.9-2build6) ...\r\nSetting up libsasl2-modules:amd64 (2.1.27+dfsg2-3ubuntu1) ...\r\nSetting up binutils-common:amd64 (2.38-4ubuntu2.1) ...\r\nSetting up libnghttp2-14:amd64 (1.43.0-1build3) ...\r\nSetting up libdeflate0:amd64 (1.10-2) ...\r\nSetting up less (590-1build1) ...\r\nSetting up linux-libc-dev:amd64 (5.15.0-56.62) ...\r\nSetting up libctf-nobfd0:amd64 (2.38-4ubuntu2.1) ...\r\nSetting up libgomp1:amd64 (12.1.0-2ubuntu1~22.04) ...\r\nSetting up perl-modules-5.34 (5.34.0-3ubuntu1.1) ...\r\nSetting up libldap-common (2.5.13+dfsg-0ubuntu0.22.04.1) ...\r\nSetting up libjbig0:amd64 (2.1-3.1ubuntu0.22.04.1) ...\r\nSetting up libasan6:amd64 (11.3.0-1ubuntu1~22.04) ...\r\nSetting up libsasl2-modules-db:amd64 (2.1.27+dfsg2-3ubuntu1) ...\r\nSetting up libtirpc-dev:amd64 (1.3.2-2ubuntu0.1) ...\r\nSetting up libuv1:amd64 (1.43.0-1) ...\r\nSetting up rpcsvc-proto (1.4.2-0ubuntu6) ...\r\nSetting up emacsen-common (3.0.4) ...\r\nSetting up libx11-data (2:1.7.5-1) ...\r\nSetting up make (4.3-4.1build1) ...\r\nSetting up libmpfr6:amd64 (4.1.0-3build3) ...\r\nSetting up librtmp1:amd64 (2.4+20151223.gitfa8646d.1-2build4) ...\r\nSetting up dh-elpa-helper (2.0.9ubuntu1) ...\r\nSetting up libquadmath0:amd64 (12.1.0-2ubuntu1~22.04) ...\r\nSetting up libpng16-16:amd64 (1.6.37-3build5) ...\r\nSetting up libmpc3:amd64 (1.2.1-2build1) ...\r\nSetting up libatomic1:amd64 (12.1.0-2ubuntu1~22.04) ...\r\nSetting up patch (2.7.6-7build2) ...\r\nSetting up libjsoncpp25:amd64 (1.9.5-3) ...\r\nSetting up fonts-dejavu-core (2.37-2build1) ...\r\nSetting up ucf (3.0043) ...\r\nSetting up libjpeg-turbo8:amd64 (2.1.2-0ubuntu1) ...\r\nSetting up libsasl2-2:amd64 (2.1.27+dfsg2-3ubuntu1) ...\r\nSetting up libssh-4:amd64 (0.9.6-2build1) ...\r\nSetting up libwebp7:amd64 (1.2.2-2) ...\r\nSetting up libubsan1:amd64 (12.1.0-2ubuntu1~22.04) ...\r\nSetting up libmd0:amd64 (1.0.4-1build1) ...\r\nSetting up libnsl-dev:amd64 (1.3.0-2build2) ...\r\nSetting up librhash0:amd64 (1.4.2-1ubuntu1) ...\r\nSetting up libcrypt-dev:amd64 (1:4.4.27-1) ...\r\nSetting up git-man (1:2.34.1-1ubuntu1.5) ...\r\nSetting up netbase (6.3) ...\r\nSetting up cmake-data (3.22.1-1ubuntu1.22.04.1) ...\r\nSetting up libbinutils:amd64 (2.38-4ubuntu2.1) ...\r\nSetting up libfido2-1:amd64 (1.10.0-1) ...\r\nSetting up libisl23:amd64 (0.24-2build1) ...\r\nSetting up libc-dev-bin (2.35-0ubuntu3.1) ...\r\nSetting up openssl (3.0.2-0ubuntu1.7) ...\r\nSetting up libbsd0:amd64 (0.11.5-1) ...\r\nSetting up publicsuffix (20211207.1025-1) ...\r\nSetting up libcc1-0:amd64 (12.1.0-2ubuntu1~22.04) ...\r\nSetting up liblsan0:amd64 (12.1.0-2ubuntu1~22.04) ...\r\nSetting up libitm1:amd64 (12.1.0-2ubuntu1~22.04) ...\r\nSetting up libgdbm6:amd64 (1.23-1) ...\r\nSetting up libicu70:amd64 (70.1-2) ...\r\nSetting up libtsan0:amd64 (11.3.0-1ubuntu1~22.04) ...\r\nSetting up libctf0:amd64 (2.38-4ubuntu2.1) ...\r\nSetting up libjpeg8:amd64 (8c-2ubuntu10) ...\r\nSetting up cpp-11 (11.3.0-1ubuntu1~22.04) ...\r\nSetting up manpages-dev (5.10-1ubuntu1) ...\r\nSetting up libxdmcp6:amd64 (1:1.1.3-0ubuntu5) ...\r\nSetting up libxcb1:amd64 (1.14-3ubuntu3) ...\r\nSetting up fontconfig-config (2.13.1-4.2ubuntu5) ...\r\nSetting up libedit2:amd64 (3.1-20210910-1build1) ...\r\nSetting up libldap-2.5-0:amd64 (2.5.13+dfsg-0ubuntu0.22.04.1) ...\r\nSetting up ca-certificates (20211016ubuntu0.22.04.1) ...\r\nUpdating certificates in /etc/ssl/certs...\r\n124 added, 0 removed; done.\r\nSetting up libfreetype6:amd64 (2.11.1+dfsg-1ubuntu0.1) ...\r\nSetting up libgdbm-compat4:amd64 (1.23-1) ...\r\nSetting up libgcc-11-dev:amd64 (11.3.0-1ubuntu1~22.04) ...\r\nSetting up cpp (4:11.2.0-1ubuntu1) ...\r\nSetting up libcurl4:amd64 (7.81.0-1ubuntu1.6) ...\r\nSetting up libc6-dev:amd64 (2.35-0ubuntu3.1) ...\r\nSetting up libx11-6:amd64 (2:1.7.5-1) ...\r\nSetting up libtiff5:amd64 (4.3.0-6ubuntu0.3) ...\r\nSetting up libfontconfig1:amd64 (2.13.1-4.2ubuntu5) ...\r\nSetting up libxml2:amd64 (2.9.13+dfsg-1ubuntu0.2) ...\r\nSetting up libxmuu1:amd64 (2:1.1.3-3) ...\r\nSetting up binutils-x86-64-linux-gnu (2.38-4ubuntu2.1) ...\r\nSetting up libperl5.34:amd64 (5.34.0-3ubuntu1.1) ...\r\nSetting up libxpm4:amd64 (1:3.5.12-1build2) ...\r\nSetting up libarchive13:amd64 (3.6.0-1ubuntu1) ...\r\nSetting up openssh-client (1:8.9p1-3) ...\r\nupdate-alternatives: using /usr/bin/ssh to provide /usr/bin/rsh (rsh) in auto mode\r\nupdate-alternatives: warning: skip creation of /usr/share/man/man1/rsh.1.gz because associated file /usr/share/man/man1/ssh.1.gz (of link group rsh) doesn't exist\r\nupdate-alternatives: using /usr/bin/slogin to provide /usr/bin/rlogin (rlogin) in auto mode\r\nupdate-alternatives: warning: skip creation of /usr/share/man/man1/rlogin.1.gz because associated file /usr/share/man/man1/slogin.1.gz (of link group rlogin) doesn't exist\r\nupdate-alternatives: using /usr/bin/scp to provide /usr/bin/rcp (rcp) in auto mode\r\nupdate-alternatives: warning: skip creation of /usr/share/man/man1/rcp.1.gz because associated file /usr/share/man/man1/scp.1.gz (of link group rcp) doesn't exist\r\nSetting up libxext6:amd64 (2:1.3.4-1build1) ...\r\nSetting up libcurl3-gnutls:amd64 (7.81.0-1ubuntu1.6) ...\r\nSetting up binutils (2.38-4ubuntu2.1) ...\r\nSetting up perl (5.34.0-3ubuntu1.1) ...\r\nSetting up libgd3:amd64 (2.3.0-2ubuntu2) ...\r\nSetting up gcc-11 (11.3.0-1ubuntu1~22.04) ...\r\nSetting up xauth (1:1.1-1build2) ...\r\nSetting up cmake (3.22.1-1ubuntu1.22.04.1) ...\r\nSetting up libc-devtools (2.35-0ubuntu3.1) ...\r\nSetting up gcc (4:11.2.0-1ubuntu1) ...\r\nSetting up liberror-perl (0.17029-1) ...\r\nSetting up git (1:2.34.1-1ubuntu1.5) ...\r\nProcessing triggers for libc-bin (2.35-0ubuntu3.1) ...\r\nProcessing triggers for ca-certificates (20211016ubuntu0.22.04.1) ...\r\nUpdating certificates in /etc/ssl/certs...\r\n0 added, 0 removed; done.\r\nRunning hooks in /etc/ca-certificates/update.d...\r\ndone.\r\nRemoving intermediate container 7662d4df9b9f\n ---> 42c5c6bf0e5f\nStep 4/18 : WORKDIR /phev\n ---> Running in 86460eea6110\nRemoving intermediate container 86460eea6110\n ---> 8d30e1cdb244\nStep 5/18 : RUN git clone https://github.com/ThrowTheSwitch/Unity.git\n ---> Running in becef9597995\n\u001b[91mCloning into 'Unity'...\n\u001b[0mRemoving intermediate container becef9597995\n ---> 722c3e84dff7\nStep 6/18 : RUN git clone https://github.com/papawattu/msg-core\n ---> Running in 8e987e7ddd5d\n\u001b[91mCloning into 'msg-core'...\n\u001b[0mRemoving intermediate container 8e987e7ddd5d\n ---> f9cd667f9e9d\nStep 7/18 : RUN git clone https://github.com/DaveGamble/cJSON\n ---> Running in 8e508ba95314\n\u001b[91mCloning into 'cJSON'...\n\u001b[0mRemoving intermediate container 8e508ba95314\n ---> be176def7f6e\nStep 8/18 : WORKDIR /phev/Unity\n ---> Running in 2b536e6744ff\nRemoving intermediate container 2b536e6744ff\n ---> 87a09fd42d56\nStep 9/18 : RUN mkdir -p build && cd build && cmake .. && make && make install\n ---> Running in edeec0eb49e0\n-- The C compiler identification is GNU 11.3.0\n-- Detecting C compiler ABI info\n-- Detecting C compiler ABI info - done\n-- Check for working C compiler: /usr/bin/cc - skipped\n-- Detecting C compile features\n-- Detecting C compile features - done\n-- Configuring done\n-- Generating done\n-- Build files have been written to: /phev/Unity/build\n[ 50%] Building C object CMakeFiles/unity.dir/src/unity.c.o\n[100%] Linking C static library libunity.a\n[100%] Built target unity\nConsolidate compiler generated dependencies of target unity\n[100%] Built target unity\nInstall the project...\n-- Install configuration: \"\"\n-- Installing: /usr/local/lib/libunity.a\n-- Installing: /usr/local/include/unity/unity.h\n-- Installing: /usr/local/include/unity/unity_internals.h\n-- Installing: /usr/local/lib/cmake/unity/unityTargets.cmake\n-- Installing: /usr/local/lib/cmake/unity/unityTargets-noconfig.cmake\n-- Installing: /usr/local/lib/cmake/unity/unityConfig.cmake\n-- Installing: /usr/local/lib/cmake/unity/unityConfigVersion.cmake\nRemoving intermediate container edeec0eb49e0\n ---> 9c6cfa9cfb2c\nStep 10/18 : WORKDIR /phev/msg-core\n ---> Running in fbd0f55d669f\nRemoving intermediate container fbd0f55d669f\n ---> 39f7c1f739ff\nStep 11/18 : RUN mkdir -p build && cd build && cmake .. && make && make install\n ---> Running in 9702bf3d87c1\n-- The C compiler identification is GNU 11.3.0\n-- Detecting C compiler ABI info\n-- Detecting C compiler ABI info - done\n-- Check for working C compiler: /usr/bin/cc - skipped\n-- Detecting C compile features\n-- Detecting C compile features - done\n-- Configuring done\n-- Generating done\n-- Build files have been written to: /phev/msg-core/build\n[ 12%] Building C object CMakeFiles/msg_core.dir/src/msg_core.c.o\n\u001b[91m/phev/msg-core/src/msg_core.c: In function 'msg_core_registerHandlers':\n/phev/msg-core/src/msg_core.c:56:33: warning: assignment to 'messagingClient_t * (*)(messagingClient_t *)' from incompatible pointer type 'messagingClientHandler_t' {aka 'void (*)(messagingClient_t *, message_t *)'} [-Wincompatible-pointer-types]\n   56 |         client->incomingHandler = incoming;\n      |                                 ^\n/phev/msg-core/src/msg_core.c:60:33: warning: assignment to 'messagingClient_t * (*)(messagingClient_t *)' from incompatible pointer type 'message_t * (*)(messagingClient_t *)' [-Wincompatible-pointer-types]\n   60 |         client->incomingHandler = msg_core_incomingNop;\n      |                                 ^\n\u001b[0m\u001b[91m/phev/msg-core/src/msg_core.c: In function 'msg_core_loop':\n/phev/msg-core/src/msg_core.c:90:26: warning: initialization of 'message_t *' from incompatible pointer type 'messagingClient_t *' [-Wincompatible-pointer-types]\n   90 |     message_t *message = client->incomingHandler(client);\n      |                          ^~~~~~\n\u001b[0m\u001b[91m/phev/msg-core/src/msg_core.c: In function 'msg_core_createMessagingClient':\n/phev/msg-core/src/msg_core.c:123:47: warning: passing argument 2 of 'msg_core_registerHandlers' from incompatible pointer type [-Wincompatible-pointer-types]\n  123 |     msg_core_registerHandlers(client, settings.incomingHandler,settings.outgoingHandler);\n      |                                       ~~~~~~~~^~~~~~~~~~~~~~~~\n      |                                               |\n      |                                               message_t * (*)(messagingClient_t *)\n/phev/msg-core/src/msg_core.c:50:83: note: expected 'messagingClientHandler_t' {aka 'void (*)(messagingClient_t *, message_t *)'} but argument is of type 'message_t * (*)(messagingClient_t *)'\n   50 | int msg_core_registerHandlers(messagingClient_t *client, messagingClientHandler_t incoming, messagingClientHandler_t outgoing)\n      |                                                          ~~~~~~~~~~~~~~~~~~~~~~~~~^~~~~~~~\n\u001b[0m[ 25%] Building C object CMakeFiles/msg_core.dir/src/msg_gcp_mqtt.c.o\n\u001b[91m/phev/msg-core/src/msg_gcp_mqtt.c: In function 'msg_gcp_connect':\n/phev/msg-core/src/msg_gcp_mqtt.c:57:25: warning: initialization of 'void (*)(mqtt_event_t **)' from incompatible pointer type 'void (*)(void)' [-Wincompatible-pointer-types]\n   57 |         .published_cb = ctx->published,\n      |                         ^~~\n/phev/msg-core/src/msg_gcp_mqtt.c:57:25: note: (near initialization for 'settings.published_cb')\n\u001b[0m[ 37%] Building C object CMakeFiles/msg_core.dir/src/msg_mqtt.c.o\n\u001b[91m/phev/msg-core/src/msg_mqtt.c: In function 'mqtt_event_handler':\n/phev/msg-core/src/msg_mqtt.c:28:55: warning: passing argument 1 of 'mqtt->connected_cb' from incompatible pointer type [-Wincompatible-pointer-types]\n   28 |             if(mqtt->connected_cb) mqtt->connected_cb(event);\n      |                                                       ^~~~~\n      |                                                       |\n      |                                                       mqtt_event_handle_t {aka mqtt_event_t *}\n/phev/msg-core/src/msg_mqtt.c:28:55: note: expected 'mqtt_event_t **' but argument is of type 'mqtt_event_handle_t' {aka 'mqtt_event_t *'}\n\u001b[0m\u001b[91m/phev/msg-core/src/msg_mqtt.c:31:61: warning: passing argument 1 of 'mqtt->disconnected_cb' from incompatible pointer type [-Wincompatible-pointer-types]\n   31 |             if(mqtt->disconnected_cb) mqtt->disconnected_cb(event);\n      |                                                             ^~~~~\n      |                                                             |\n      |                                                             mqtt_event_handle_t {aka mqtt_event_t *}\n/phev/msg-core/src/msg_mqtt.c:31:61: note: expected 'mqtt_event_t **' but argument is of type 'mqtt_event_handle_t' {aka 'mqtt_event_t *'}\n\u001b[0m\u001b[91m/phev/msg-core/src/msg_mqtt.c:34:57: warning: passing argument 1 of 'mqtt->subscribed_cb' from incompatible pointer type [-Wincompatible-pointer-types]\n   34 |             if(mqtt->subscribed_cb) mqtt->subscribed_cb(event);\n      |                                                         ^~~~~\n      |                                                         |\n      |                                                         mqtt_event_handle_t {aka mqtt_event_t *}\n/phev/msg-core/src/msg_mqtt.c:34:57: note: expected 'mqtt_event_t **' but argument is of type 'mqtt_event_handle_t' {aka 'mqtt_event_t *'}\n\u001b[0m\u001b[91m/phev/msg-core/src/msg_mqtt.c:39:55: warning: passing argument 1 of 'mqtt->published_cb' from incompatible pointer type [-Wincompatible-pointer-types]\n   39 |             if(mqtt->published_cb) mqtt->published_cb(event);\n      |                                                       ^~~~~\n      |                                                       |\n      |                                                       mqtt_event_handle_t {aka mqtt_event_t *}\n/phev/msg-core/src/msg_mqtt.c:39:55: note: expected 'mqtt_event_t **' but argument is of type 'mqtt_event_handle_t' {aka 'mqtt_event_t *'}\n\u001b[0m\u001b[91m/phev/msg-core/src/msg_mqtt.c:45:47: warning: passing argument 1 of 'mqtt->error_cb' from incompatible pointer type [-Wincompatible-pointer-types]\n   45 |             if(mqtt->error_cb) mqtt->error_cb(event);\n      |                                               ^~~~~\n      |                                               |\n      |                                               mqtt_event_handle_t {aka mqtt_event_t *}\n/phev/msg-core/src/msg_mqtt.c:45:47: note: expected 'mqtt_event_t **' but argument is of type 'mqtt_event_handle_t' {aka 'mqtt_event_t *'}\n\u001b[0m\u001b[91m/phev/msg-core/src/msg_mqtt.c: In function 'msg_mqtt_start':\n/phev/msg-core/src/msg_mqtt.c:86:25: warning: initialization of 'mesp_err_t (*)(mqtt_event_t *)' {aka 'int (*)(mqtt_event_t *)'} from incompatible pointer type 'msg_mqtt_err_t (*)(mqtt_event_t *)' {aka 'short unsigned int (*)(mqtt_event_t *)'} [-Wincompatible-pointer-types]\n   86 |         .event_handle = mqtt_event_handler,\n      |                         ^~~~~~~~~~~~~~~~~~\n\u001b[0m\u001b[91m/phev/msg-core/src/msg_mqtt.c:86:25: note: (near initialization for 'mqtt_cfg.event_handle')\n\u001b[0m[ 50%] Building C object CMakeFiles/msg_core.dir/src/msg_pipe_splitter.c.o\n[ 62%] Building C object CMakeFiles/msg_core.dir/src/msg_pipe.c.o\n[ 75%] Building C object CMakeFiles/msg_core.dir/src/msg_tcpip.c.o\n[ 87%] Building C object CMakeFiles/msg_core.dir/src/msg_utils.c.o\n[100%] Linking C static library libmsg_core.a\n[100%] Built target msg_core\nConsolidate compiler generated dependencies of target msg_core\n[100%] Built target msg_core\nInstall the project...\n-- Install configuration: \"\"\n-- Installing: /usr/local/lib/libmsg_core.a\n-- Installing: /usr/local/include/logger.h\n-- Installing: /usr/local/include/msg_core.h\n-- Installing: /usr/local/include/msg_gcp_mqtt.h\n-- Installing: /usr/local/include/msg_mqtt.h\n-- Installing: /usr/local/include/msg_pipe_splitter.h\n-- Installing: /usr/local/include/msg_pipe.h\n-- Installing: /usr/local/include/msg_tcpip.h\n-- Installing: /usr/local/include/msg_utils.h\n-- Installing: /usr/local/include/msg_mqtt_paho.h\nRemoving intermediate container 9702bf3d87c1\n ---> a237038ef073\nStep 12/18 : WORKDIR /phev/cJSON\n ---> Running in f7ebc2a3260f\nRemoving intermediate container f7ebc2a3260f\n ---> 7f23898bbdde\nStep 13/18 : RUN mkdir build && cd build && cmake .. && make && make install\n ---> Running in 9a34c73cebd2\n-- The C compiler identification is GNU 11.3.0\n-- Detecting C compiler ABI info\n-- Detecting C compiler ABI info - done\n-- Check for working C compiler: /usr/bin/cc - skipped\n-- Detecting C compile features\n-- Detecting C compile features - done\n-- Performing Test FLAG_SUPPORTED_stdc89\n-- Performing Test FLAG_SUPPORTED_stdc89 - Success\n-- Performing Test FLAG_SUPPORTED_pedantic\n-- Performing Test FLAG_SUPPORTED_pedantic - Success\n-- Performing Test FLAG_SUPPORTED_Wall\n-- Performing Test FLAG_SUPPORTED_Wall - Success\n-- Performing Test FLAG_SUPPORTED_Wextra\n-- Performing Test FLAG_SUPPORTED_Wextra - Success\n-- Performing Test FLAG_SUPPORTED_Werror\n-- Performing Test FLAG_SUPPORTED_Werror - Success\n-- Performing Test FLAG_SUPPORTED_Wstrictprototypes\n-- Performing Test FLAG_SUPPORTED_Wstrictprototypes - Success\n-- Performing Test FLAG_SUPPORTED_Wwritestrings\n-- Performing Test FLAG_SUPPORTED_Wwritestrings - Success\n-- Performing Test FLAG_SUPPORTED_Wshadow\n-- Performing Test FLAG_SUPPORTED_Wshadow - Success\n-- Performing Test FLAG_SUPPORTED_Winitself\n-- Performing Test FLAG_SUPPORTED_Winitself - Success\n-- Performing Test FLAG_SUPPORTED_Wcastalign\n-- Performing Test FLAG_SUPPORTED_Wcastalign - Success\n-- Performing Test FLAG_SUPPORTED_Wformat2\n-- Performing Test FLAG_SUPPORTED_Wformat2 - Success\n-- Performing Test FLAG_SUPPORTED_Wmissingprototypes\n-- Performing Test FLAG_SUPPORTED_Wmissingprototypes - Success\n-- Performing Test FLAG_SUPPORTED_Wstrictoverflow2\n-- Performing Test FLAG_SUPPORTED_Wstrictoverflow2 - Success\n-- Performing Test FLAG_SUPPORTED_Wcastqual\n-- Performing Test FLAG_SUPPORTED_Wcastqual - Success\n-- Performing Test FLAG_SUPPORTED_Wundef\n-- Performing Test FLAG_SUPPORTED_Wundef - Success\n-- Performing Test FLAG_SUPPORTED_Wswitchdefault\n-- Performing Test FLAG_SUPPORTED_Wswitchdefault - Success\n-- Performing Test FLAG_SUPPORTED_Wconversion\n-- Performing Test FLAG_SUPPORTED_Wconversion - Success\n-- Performing Test FLAG_SUPPORTED_Wccompat\n-- Performing Test FLAG_SUPPORTED_Wccompat - Success\n-- Performing Test FLAG_SUPPORTED_fstackprotectorstrong\n-- Performing Test FLAG_SUPPORTED_fstackprotectorstrong - Success\n-- Performing Test FLAG_SUPPORTED_Wcomma\n-- Performing Test FLAG_SUPPORTED_Wcomma - Failed\n-- Performing Test FLAG_SUPPORTED_Wdoublepromotion\n-- Performing Test FLAG_SUPPORTED_Wdoublepromotion - Success\n-- Performing Test FLAG_SUPPORTED_Wparentheses\n-- Performing Test FLAG_SUPPORTED_Wparentheses - Success\n-- Performing Test FLAG_SUPPORTED_Wformatoverflow\n-- Performing Test FLAG_SUPPORTED_Wformatoverflow - Success\n-- Performing Test FLAG_SUPPORTED_Wunusedmacros\n-- Performing Test FLAG_SUPPORTED_Wunusedmacros - Success\n-- Performing Test FLAG_SUPPORTED_Wmissingvariabledeclarations\n-- Performing Test FLAG_SUPPORTED_Wmissingvariabledeclarations - Failed\n-- Performing Test FLAG_SUPPORTED_Wusedbutmarkedunused\n-- Performing Test FLAG_SUPPORTED_Wusedbutmarkedunused - Failed\n-- Performing Test FLAG_SUPPORTED_Wswitchenum\n-- Performing Test FLAG_SUPPORTED_Wswitchenum - Success\n-- Performing Test FLAG_SUPPORTED_fvisibilityhidden\n-- Performing Test FLAG_SUPPORTED_fvisibilityhidden - Success\n-- Configuring done\n-- Generating done\n-- Build files have been written to: /phev/cJSON/build\n[  2%] Building C object CMakeFiles/cjson.dir/cJSON.c.o\n[  4%] Linking C shared library libcjson.so\n[  4%] Built target cjson\n[  6%] Building C object CMakeFiles/cJSON_test.dir/test.c.o\n[  8%] Linking C executable cJSON_test\n[  8%] Built target cJSON_test\n[ 11%] Building C object tests/CMakeFiles/unity.dir/unity/src/unity.c.o\n[ 13%] Linking C static library libunity.a\n[ 13%] Built target unity\n[ 15%] Building C object tests/CMakeFiles/parse_examples.dir/parse_examples.c.o\n[ 17%] Linking C executable parse_examples\n[ 17%] Built target parse_examples\n[ 20%] Building C object tests/CMakeFiles/parse_number.dir/parse_number.c.o\n[ 22%] Linking C executable parse_number\n[ 22%] Built target parse_number\n[ 24%] Building C object tests/CMakeFiles/parse_hex4.dir/parse_hex4.c.o\n[ 26%] Linking C executable parse_hex4\n[ 26%] Built target parse_hex4\n[ 28%] Building C object tests/CMakeFiles/parse_string.dir/parse_string.c.o\n[ 31%] Linking C executable parse_string\n[ 31%] Built target parse_string\n[ 33%] Building C object tests/CMakeFiles/parse_array.dir/parse_array.c.o\n[ 35%] Linking C executable parse_array\n[ 35%] Built target parse_array\n[ 37%] Building C object tests/CMakeFiles/parse_object.dir/parse_object.c.o\n[ 40%] Linking C executable parse_object\n[ 40%] Built target parse_object\n[ 42%] Building C object tests/CMakeFiles/parse_value.dir/parse_value.c.o\n[ 44%] Linking C executable parse_value\n[ 44%] Built target parse_value\n[ 46%] Building C object tests/CMakeFiles/print_string.dir/print_string.c.o\n[ 48%] Linking C executable print_string\n[ 48%] Built target print_string\n[ 51%] Building C object tests/CMakeFiles/print_number.dir/print_number.c.o\n[ 53%] Linking C executable print_number\n[ 53%] Built target print_number\n[ 55%] Building C object tests/CMakeFiles/print_array.dir/print_array.c.o\n[ 57%] Linking C executable print_array\n[ 57%] Built target print_array\n[ 60%] Building C object tests/CMakeFiles/print_object.dir/print_object.c.o\n[ 62%] Linking C executable print_object\n[ 62%] Built target print_object\n[ 64%] Building C object tests/CMakeFiles/print_value.dir/print_value.c.o\n[ 66%] Linking C executable print_value\n[ 66%] Built target print_value\n[ 68%] Building C object tests/CMakeFiles/misc_tests.dir/misc_tests.c.o\n[ 71%] Linking C executable misc_tests\n[ 71%] Built target misc_tests\n[ 73%] Building C object tests/CMakeFiles/parse_with_opts.dir/parse_with_opts.c.o\n[ 75%] Linking C executable parse_with_opts\n[ 75%] Built target parse_with_opts\n[ 77%] Building C object tests/CMakeFiles/compare_tests.dir/compare_tests.c.o\n[ 80%] Linking C executable compare_tests\n[ 80%] Built target compare_tests\n[ 82%] Building C object tests/CMakeFiles/cjson_add.dir/cjson_add.c.o\n[ 84%] Linking C executable cjson_add\n[ 84%] Built target cjson_add\n[ 86%] Building C object tests/CMakeFiles/readme_examples.dir/readme_examples.c.o\n[ 88%] Linking C executable readme_examples\n[ 88%] Built target readme_examples\n[ 91%] Building C object tests/CMakeFiles/minify_tests.dir/minify_tests.c.o\n[ 93%] Linking C executable minify_tests\n[ 93%] Built target minify_tests\n[ 95%] Building C object fuzzing/CMakeFiles/fuzz_main.dir/fuzz_main.c.o\n[ 97%] Building C object fuzzing/CMakeFiles/fuzz_main.dir/cjson_read_fuzzer.c.o\n[100%] Linking C executable fuzz_main\n[100%] Built target fuzz_main\nConsolidate compiler generated dependencies of target cjson\n[  4%] Built target cjson\nConsolidate compiler generated dependencies of target cJSON_test\n[  8%] Built target cJSON_test\nConsolidate compiler generated dependencies of target unity\n[ 13%] Built target unity\nConsolidate compiler generated dependencies of target parse_examples\n[ 17%] Built target parse_examples\nConsolidate compiler generated dependencies of target parse_number\n[ 22%] Built target parse_number\nConsolidate compiler generated dependencies of target parse_hex4\n[ 26%] Built target parse_hex4\nConsolidate compiler generated dependencies of target parse_string\n[ 31%] Built target parse_string\nConsolidate compiler generated dependencies of target parse_array\n[ 35%] Built target parse_array\nConsolidate compiler generated dependencies of target parse_object\n[ 40%] Built target parse_object\nConsolidate compiler generated dependencies of target parse_value\n[ 44%] Built target parse_value\nConsolidate compiler generated dependencies of target print_string\n[ 48%] Built target print_string\nConsolidate compiler generated dependencies of target print_number\n[ 53%] Built target print_number\nConsolidate compiler generated dependencies of target print_array\n[ 57%] Built target print_array\nConsolidate compiler generated dependencies of target print_object\n[ 62%] Built target print_object\nConsolidate compiler generated dependencies of target print_value\n[ 66%] Built target print_value\nConsolidate compiler generated dependencies of target misc_tests\n[ 71%] Built target misc_tests\nConsolidate compiler generated dependencies of target parse_with_opts\n[ 75%] Built target parse_with_opts\nConsolidate compiler generated dependencies of target compare_tests\n[ 80%] Built target compare_tests\nConsolidate compiler generated dependencies of target cjson_add\n[ 84%] Built target cjson_add\nConsolidate compiler generated dependencies of target readme_examples\n[ 88%] Built target readme_examples\nConsolidate compiler generated dependencies of target minify_tests\n[ 93%] Built target minify_tests\nConsolidate compiler generated dependencies of target fuzz_main\n[100%] Built target fuzz_main\nInstall the project...\n-- Install configuration: \"\"\n-- Installing: /usr/local/include/cjson/cJSON.h\n-- Installing: /usr/local/lib/pkgconfig/libcjson.pc\n-- Installing: /usr/local/lib/libcjson.so.1.7.15\n-- Installing: /usr/local/lib/libcjson.so.1\n-- Installing: /usr/local/lib/libcjson.so\n-- Installing: /usr/local/lib/cmake/cJSON/cjson.cmake\n-- Installing: /usr/local/lib/cmake/cJSON/cjson-noconfig.cmake\n-- Installing: /usr/local/lib/cmake/cJSON/cJSONConfig.cmake\n-- Installing: /usr/local/lib/cmake/cJSON/cJSONConfigVersion.cmake\nRemoving intermediate container 9a34c73cebd2\n ---> f17fe9f6964f\nStep 14/18 : WORKDIR /phev/phevcore\n ---> Running in 9bc72cdc3607\nRemoving intermediate container 9bc72cdc3607\n ---> a7f4330eea25\nStep 15/18 : COPY . .\n ---> fd612cece128\nStep 16/18 : RUN mkdir build && cd build && cmake -DBUILD_TESTS=true .. && make\n ---> Running in 6cae18d162f5\n-- The C compiler identification is GNU 11.3.0\n-- Detecting C compiler ABI info\n-- Detecting C compiler ABI info - done\n-- Check for working C compiler: /usr/bin/cc - skipped\n-- Detecting C compile features\n-- Detecting C compile features - done\n-- Configuring done\n-- Generating done\n-- Build files have been written to: /phev/phevcore/build\n[ 10%] Building C object CMakeFiles/phev.dir/src/phev_register.c.o\n\u001b[91m/phev/phevcore/src/phev_register.c: In function 'phev_register_eventHandler':\n/phev/phevcore/src/phev_register.c:122:30: warning: passing argument 1 of 'regCtx->complete' from incompatible pointer type [-Wincompatible-pointer-types]\n  122 |             regCtx->complete(regCtx);\n      |                              ^~~~~~\n      |                              |\n      |                              phevRegisterCtx_t * {aka struct phevRegisterCtx_t *}\n/phev/phevcore/src/phev_register.c:122:30: note: expected 'phev_pipe_ctx_t *' {aka 'struct phev_pipe_ctx_t *'} but argument is of type 'phevRegisterCtx_t *' {aka 'struct phevRegisterCtx_t *'}\n\u001b[0m\u001b[91m/phev/phevcore/src/phev_register.c:132:34: warning: passing argument 1 of 'regCtx->errorHandler' from incompatible pointer type [-Wincompatible-pointer-types]\n  132 |             regCtx->errorHandler(&event);\n      |                                  ^~~~~~\n      |                                  |\n      |                                  phevPipeEvent_t **\n/phev/phevcore/src/phev_register.c:132:34: note: expected 'phevError_t *' but argument is of type 'phevPipeEvent_t **'\n\u001b[0m\u001b[91m/phev/phevcore/src/phev_register.c:148:34: warning: passing argument 1 of 'regCtx->complete' from incompatible pointer type [-Wincompatible-pointer-types]\n  148 |                 regCtx->complete(regCtx);\n      |                                  ^~~~~~\n      |                                  |\n      |                                  phevRegisterCtx_t * {aka struct phevRegisterCtx_t *}\n/phev/phevcore/src/phev_register.c:148:34: note: expected 'phev_pipe_ctx_t *' {aka 'struct phev_pipe_ctx_t *'} but argument is of type 'phevRegisterCtx_t *' {aka 'struct phevRegisterCtx_t *'}\n\u001b[0m[ 20%] Building C object CMakeFiles/phev.dir/src/phev_pipe.c.o\n[ 30%] Building C object CMakeFiles/phev.dir/src/phev_core.c.o\n[ 40%] Building C object CMakeFiles/phev.dir/src/phev_service.c.o\n[ 50%] Building C object CMakeFiles/phev.dir/src/phev_model.c.o\n[ 60%] Building C object CMakeFiles/phev.dir/src/phev_tcpip.c.o\n[ 70%] Building C object CMakeFiles/phev.dir/src/phev.c.o\n[ 80%] Linking C static library libphev.a\n[ 80%] Built target phev\n[ 90%] Building C object test/CMakeFiles/test_runner.dir/test_runner.c.o\n\u001b[91m/phev/phevcore/test/test_runner.c:7:10: fatal error: unity.h: No such file or directory\n    7 | #include \"unity.h\"\n      |          ^~~~~~~~~\ncompilation terminated.\n\u001b[0m\u001b[91mmake[2]: *** [test/CMakeFiles/test_runner.dir/build.make:76: test/CMakeFiles/test_runner.dir/test_runner.c.o] Error 1\n\u001b[0m\u001b[91mmake[1]: *** [CMakeFiles/Makefile2:882: test/CMakeFiles/test_runner.dir/all] Error 2\n\u001b[0m\u001b[91mmake: *** [Makefile:146: all] Error 2\n\u001b[0mRemoving intermediate container 6cae18d162f5\n","stderr":"The command '/bin/sh -c mkdir build && cd build && cmake -DBUILD_TESTS=true .. && make' returned a non-zero code: 2\n"},"endTime":1672498492655}