{"repository":"https://github.com/neoito-hub/learninghub","dockerfilePath":"Dockerfile","startTime":1672602741581,"clone":{"stdout":"","stderr":"Cloning into '/tmp/dinghy-analysis/neoito-hub/learninghub'...\n","error":null,"commit":"679c1d29290a6110f37d2c1753b4a8485f17d5f8"},"originalBuild":{"startTimestamp":1672602743841,"endTimestamp":1672603085828,"error":{"code":1,"killed":false,"signal":null,"cmd":"docker build --no-cache --force-rm -t learninghub:latest -f /tmp/dinghy-analysis/neoito-hub/learninghub/Dockerfile ."},"stdout":"Sending build context to Docker daemon  23.58MB\r\r\nStep 1/9 : FROM node:buster\nbuster: Pulling from library/node\nc7c50787e2da: Already exists\naff359114acb: Already exists\n821dc261e045: Already exists\n3790459d63d5: Already exists\nc09b016fff62: Already exists\n5348855a40c0: Already exists\nd9454921e572: Pulling fs layer\n2b090663c881: Pulling fs layer\nd64a006cd163: Pulling fs layer\nd64a006cd163: Download complete\n2b090663c881: Verifying Checksum\n2b090663c881: Download complete\nd9454921e572: Verifying Checksum\nd9454921e572: Download complete\nd9454921e572: Pull complete\n2b090663c881: Pull complete\nd64a006cd163: Pull complete\nDigest: sha256:80085909084e9ff9ea6ed41a46fa6c6b40625b37570f78b922b622f484dc2b51\nStatus: Downloaded newer image for node:buster\n ---> f74e977ee5a8\nStep 2/9 : WORKDIR /app\n ---> Running in b4880628b506\nRemoving intermediate container b4880628b506\n ---> 6a1cbefafea1\nStep 3/9 : RUN npm -g install gatsby-cli\n ---> Running in 4597ea5958f8\n\nadded 327 packages in 20s\n\n53 packages are looking for funding\n  run `npm fund` for details\nRemoving intermediate container 4597ea5958f8\n ---> 90934fe448f2\nStep 4/9 : COPY package*.json ./\n ---> b214603ac26d\nStep 5/9 : RUN npm ci\n ---> Running in fcf8f7c73bd8\n\u001b[91mnpm\u001b[0m\u001b[91m WARN old lockfile \nnpm\u001b[0m\u001b[91m \u001b[0m\u001b[91mWARN\u001b[0m\u001b[91m old lockfile The package-lock.json file was created with an old version of npm,\n\u001b[0m\u001b[91mnpm \u001b[0m\u001b[91mWARN old lockfile\u001b[0m\u001b[91m so supplemental metadata must be fetched from the registry.\nnpm WARN \u001b[0m\u001b[91mold lockfile \n\u001b[0m\u001b[91mnpm WARN old lockfile This is a one-time fix-up, please be patient...\nnpm WARN old lockfile \n\u001b[0m\u001b[91mnpm WARN \u001b[0m\u001b[91mdeprecated urix@0.1.0: Please see https://github.com/lydell/urix#deprecated\n\u001b[0m\u001b[91mnpm WARN deprecated stable@0.1.8: Modern JS already guarantees Array#sort() is a stable sort, so this library is deprecated. See the compatibility table on MDN: https://developer.mozilla.org/en-US/docs/Web/JavaScript/Reference/Global_Objects/Array/sort#browser_compatibility\n\u001b[0m\u001b[91mnpm WARN deprecated sourcemap-codec@1.4.6: Please use @jridgewell/sourcemap-codec instead\n\u001b[0m\u001b[91mnpm WARN deprecated source-map-url@0.4.0: See https://github.com/lydell/source-map-url#deprecated\n\u001b[0m\u001b[91mnpm WARN deprecated uuid@3.3.3: Please upgrade  to version 7 or higher.  Older versions may use Math.random() in certain circumstances, which is known to be problematic.  See https://v8.dev/blog/math-random for details.\n\u001b[0m\u001b[91mnpm WARN deprecated resolve-url@0.2.1: https://github.com/lydell/resolve-url#deprecated\n\u001b[0m\u001b[91mnpm WARN deprecated source-map-resolve@0.5.2: See https://github.com/lydell/source-map-resolve#deprecated\n\u001b[0m\u001b[91mnpm WARN deprecated querystring@0.2.0: The querystring API is considered Legacy. new code should use the URLSearchParams API instead.\n\u001b[0m\u001b[91mnpm WARN \u001b[0m\u001b[91mdeprecated request@2.88.0: request has been deprecated, see https://github.com/request/request/issues/3142\n\u001b[0m\u001b[91mnpm WARN deprecated mkdirp@0.5.1: Legacy versions of mkdirp are no longer supported. Please update to mkdirp 1.x. (Note that the API surface has changed to use Promises in 1.x.)\n\u001b[0m\u001b[91mnpm WARN deprecated svgo@1.3.2: This SVGO version is no longer supported. Upgrade to v2.x.x.\n\u001b[0m\u001b[91mnpm WARN deprecated ini@1.3.5: Please update to ini >=1.3.6 to avoid a prototype pollution issue\n\u001b[0m\u001b[91mnpm WARN deprecated har-validator@5.1.3: this library is no longer supported\n\u001b[0m\u001b[91mnpm WARN deprecated graphql-import@0.7.1: GraphQL Import has been deprecated and merged into GraphQL Tools, so it will no longer get updates. Use GraphQL Tools instead to stay up-to-date! Check out https://www.graphql-tools.com/docs/migration-from-import for migration and https://the-guild.dev/blog/graphql-tools-v6 for new changes.\n\u001b[0m\u001b[91mnpm WARN deprecated gatsby-plugin-remove-trailing-slashes@2.1.17: This plugin's functionality is now built-in to Gatsby. Use the trailingSlash feature: https://gatsby.dev/trailing-slash. This package will no longer receive updates.\n\u001b[0m\u001b[91mnpm WARN deprecated flat@4.1.0: Fixed a prototype pollution security issue in 4.1.0, please upgrade to ^4.1.1 or ^5.0.1.\n\u001b[0m\u001b[91mnpm WARN deprecated eslint-loader@2.2.1: This loader has been deprecated. Please use eslint-webpack-plugin\n\u001b[0m\u001b[91mnpm WARN deprecated debug@4.1.1: Debug versions >=3.2.0 <3.2.7 || >=4 <4.3.1 have a low-severity ReDos regression when used in a Node.js environment. It is recommended you upgrade to 3.2.7 or 4.3.1. (https://github.com/visionmedia/debug/issues/797)\n\u001b[0m\u001b[91mnpm WARN deprecated acorn-dynamic-import@4.0.0: This is probably built in to whatever tool you're using. If you still need it... idk\n\u001b[0m\u001b[91mnpm WARN deprecated babel-eslint@10.1.0: babel-eslint is now @babel/eslint-parser. This package will no longer receive updates.\n\u001b[0m\u001b[91mnpm WARN deprecated axios@0.19.0: Critical security vulnerability fixed in v0.21.1. For more information, see https://github.com/axios/axios/pull/3410\n\u001b[0m\u001b[91mnpm WARN deprecated apollo-codegen@0.10.13: The 'apollo-codegen' command has been replaced with the more-powerful 'apollo' CLI. Switch to 'apollo' to ensure future updates and visit https://npm.im/apollo#code-generation for more information.\n\u001b[0m\u001b[91mnpm WARN deprecated @types/vfile-message@2.0.0: This is a stub types definition. vfile-message provides its own type definitions, so you do not need this installed.\n\u001b[0m\u001b[91mnpm WARN deprecated @hapi/bourne@1.3.2: This version has been deprecated and is no longer supported or maintained\n\u001b[0m\u001b[91mnpm WARN deprecated @hapi/topo@3.1.6: This version has been deprecated and is no longer supported or maintained\n\u001b[0m\u001b[91mnpm WARN deprecated @hapi/address@2.1.4: Moved to 'npm install @sideway/address'\n\u001b[0m\u001b[91mnpm WARN deprecated @hapi/hoek@8.5.0: This version has been deprecated and is no longer supported or maintained\n\u001b[0m\u001b[91mnpm WARN deprecated @hapi/joi@15.1.1: Switch to 'npm install joi'\n\u001b[0m\u001b[91mnpm WARN deprecated @babel/polyfill@7.7.0: ðŸš¨ This package has been deprecated in favor of separate inclusion of a polyfill and regenerator-runtime (when needed). See the @babel/polyfill docs (https://babeljs.io/docs/en/babel-polyfill) for more information.\n\u001b[0m\u001b[91mnpm WARN deprecated chokidar@2.1.8: Chokidar 2 does not receive security updates since 2019. Upgrade to chokidar 3 with 15x fewer dependencies\n\u001b[0m\u001b[91mnpm WARN deprecated debug@3.2.6: Debug versions >=3.2.0 <3.2.7 || >=4 <4.3.1 have a low-severity ReDos regression when used in a Node.js environment. It is recommended you upgrade to 3.2.7 or 4.3.1. (https://github.com/visionmedia/debug/issues/797)\n\u001b[0m\u001b[91mnpm WARN deprecated chokidar@2.1.8: Chokidar 2 does not receive security updates since 2019. Upgrade to chokidar 3 with 15x fewer dependencies\n\u001b[0m\u001b[91mnpm WARN deprecated debug@3.2.6: Debug versions >=3.2.0 <3.2.7 || >=4 <4.3.1 have a low-severity ReDos regression when used in a Node.js environment. It is recommended you upgrade to 3.2.7 or 4.3.1. (https://github.com/visionmedia/debug/issues/797)\n\u001b[0m\u001b[91mnpm WARN deprecated debug@4.1.1: Debug versions >=3.2.0 <3.2.7 || >=4 <4.3.1 have a low-severity ReDos regression when used in a Node.js environment. It is recommended you upgrade to 3.2.7 or 4.3.1. (https://github.com/visionmedia/debug/issues/797)\n\u001b[0m\u001b[91mnpm WARN deprecated debug@3.2.6: Debug versions >=3.2.0 <3.2.7 || >=4 <4.3.1 have a low-severity ReDos regression when used in a Node.js environment. It is recommended you upgrade to 3.2.7 or 4.3.1. (https://github.com/visionmedia/debug/issues/797)\n\u001b[0m\u001b[91mnpm WARN deprecated chokidar@2.1.8: Chokidar 2 does not receive security updates since 2019. Upgrade to chokidar 3 with 15x fewer dependencies\n\u001b[0m\u001b[91mnpm WARN deprecated core-js@2.6.10: core-js@<3.23.3 is no longer maintained and not recommended for usage due to the number of issues. Because of the V8 engine whims, feature detection in old core-js versions could cause a slowdown up to 100x even if nothing is polyfilled. Some versions have web compatibility issues. Please, upgrade your dependencies to the actual version of core-js.\n\u001b[0m\u001b[91mnpm WARN deprecated core-js-pure@3.6.4: core-js-pure@<3.23.3 is no longer maintained and not recommended for usage due to the number of issues. Because of the V8 engine whims, feature detection in old core-js versions could cause a slowdown up to 100x even if nothing is polyfilled. Some versions have web compatibility issues. Please, upgrade your dependencies to the actual version of core-js-pure.\n\u001b[0m\u001b[91mnpm WARN deprecated core-js@1.2.7: core-js@<3.23.3 is no longer maintained and not recommended for usage due to the number of issues. Because of the V8 engine whims, feature detection in old core-js versions could cause a slowdown up to 100x even if nothing is polyfilled. Some versions have web compatibility issues. Please, upgrade your dependencies to the actual version of core-js.\n\u001b[0m\u001b[91mnpm WARN deprecated core-js@2.6.11: core-js@<3.23.3 is no longer maintained and not recommended for usage due to the number of issues. Because of the V8 engine whims, feature detection in old core-js versions could cause a slowdown up to 100x even if nothing is polyfilled. Some versions have web compatibility issues. Please, upgrade your dependencies to the actual version of core-js.\n\u001b[0m\u001b[91mnpm ERR! code 1\nnpm ERR! path /app/node_modules/sharp\n\u001b[0m\u001b[91mnpm ERR! command failed\nnpm ERR! command sh -c (node install/libvips && node install/dll-copy && prebuild-install) || (node-gyp rebuild && node install/dll-copy)\n\u001b[0m\u001b[91mnpm ERR! make: Entering directory '/app/node_modules/sharp/build'\nnpm ERR!   TOUCH Release/obj.target/libvips-cpp.stamp\nnpm ERR!   CXX(target) Release/obj.target/sharp/src/common.o\nnpm ERR!\u001b[0m\u001b[91m make: Leaving directory '/app/node_modules/sharp/build'\n\u001b[0m\u001b[91mnpm ERR! info sharp Downloading https://github.com/lovell/sharp-libvips/releases/download/v8.8.1/libvips-8.8.1-linux-x64.tar.gz\nnpm ERR! gyp info it worked if it ends with ok\nnpm ERR! gyp info using node-gyp@9.3.0\nnpm ERR! gyp info using node@19.3.0 | linux | x64\nnpm ERR! gyp info find Python using Python version 3.7.3 found at \"/usr/bin/python3\"\nnpm ERR! gyp http GET https://nodejs.org/download/release/v19.3.0/node-v19.3.0-headers.tar.gz\nnpm ERR! gyp http 200 https://nodejs.org/download/release/v19.3.0/node-v19.3.0-headers.tar.gz\nnpm ERR! gyp http GET https://nodejs.org/download/release/v19.3.0/SHASUMS256.txt\nnpm ERR!\u001b[0m\u001b[91m gyp http 200 https://nodejs.org/download/release/v19.3.0/SHASUMS256.txt\nnpm ERR! gyp info spawn /usr/bin/python3\nnpm ERR! gyp info spawn args [\nnpm\u001b[0m\u001b[91m ERR!\u001b[0m\u001b[91m gyp info spawn args   '/usr/local/lib/node_modules/npm/node_modules/node-gyp/gyp/gyp_main.py',\nnpm\u001b[0m\u001b[91m ERR!\u001b[0m\u001b[91m gyp info spawn args   'binding.gyp',\nnpm\u001b[0m\u001b[91m ERR!\u001b[0m\u001b[91m gyp info spawn args   '-f',\nnpm \u001b[0m\u001b[91mERR! gyp info spawn args   'make',\nnpm ERR! gyp info spawn args   '-I',\nnpm ERR!\u001b[0m\u001b[91m gyp info spawn args   '/app/node_modules/sharp/build/config.gypi',\nnpm ERR! gyp info spawn args   '-I',\nnpm ERR! gyp info spawn args   '/usr/local/lib/node_modules/npm/node_modules/node-gyp/addon.gypi',\nnpm ERR!\u001b[0m\u001b[91m gyp info spawn args   '-I',\nnpm \u001b[0m\u001b[91mERR! gyp info spawn args   '/root/.cache/node-gyp/19.3.0/include/node/common.gypi',\n\u001b[0m\u001b[91mnpm ERR!\u001b[0m\u001b[91m gyp info spawn args   '-Dlibrary=shared_library',\nnpm\u001b[0m\u001b[91m ERR!\u001b[0m\u001b[91m gyp info spawn args   '-Dvisibility=default',\nnpm \u001b[0m\u001b[91mERR! gyp info spawn args   '-Dnode_root_dir=/root/.cache/node-gyp/19.3.0',\nnpm ERR! gyp info spawn args   '-Dnode_gyp_dir=/usr/local/lib/node_modules/npm/node_modules/node-gyp',\nnpm ERR! gyp info spawn args   '-Dnode_lib_file=/root/.cache/node-gyp/19.3.0/<(target_arch)/node.lib',\nnpm ERR!\u001b[0m\u001b[91m gyp info spawn args   '-Dmodule_root_dir=/app/node_modules/sharp',\nnpm ERR! gyp info spawn args   '-Dnode_engine=v8',\nnpm ERR!\u001b[0m\u001b[91m gyp info spawn args   '--depth=.',\nnpm\u001b[0m\u001b[91m ERR! gyp info spawn args   '--no-parallel',\nnpm\u001b[0m\u001b[91m ERR! gyp info spawn args   '--generator-output',\nnpm ERR! gyp info spawn args   'build',\nnpm \u001b[0m\u001b[91mERR! gyp info spawn args   '-Goutput_dir=.'\n\u001b[0m\u001b[91mnpm ERR! gyp info spawn args ]\n\u001b[0m\u001b[91mnpm ERR!\u001b[0m\u001b[91m gyp info spawn make\nnpm\u001b[0m\u001b[91m ERR! gyp info spawn args [ 'BUILDTYPE=Release', '-C', 'build' ]\nnpm \u001b[0m\u001b[91mERR! <command-line>: warning: \"_GLIBCXX_USE_CXX11_ABI\" redefined\nnpm \u001b[0m\u001b[91mERR! <command-line>: note: this is the location of the previous definition\n\u001b[0m\u001b[91mnpm ERR!\u001b[0m\u001b[91m In file included from /root/.cache/node-gyp/19.3.0/include/node/v8-local-handle.h:12,\nnpm ERR!                  from /root/.cache/node-gyp/19.3.0/include/node/v8-array-buffer.h:12,\nnpm \u001b[0m\u001b[91mERR!                  from /root/.cache/node-gyp/19.3.0/include/node/v8.h:24,\nnpm ERR!                  from /root/.cache/node-gyp/19.3.0/include/node/node.h:73,\n\u001b[0m\u001b[91mnpm ERR!                  from ../src/common.cc:22:\n\u001b[0m\u001b[91mnpm ERR! /root/.cache/node-gyp/19.3.0/include/node/v8-internal.h: In function 'void v8::internal::PerformCastCheck(T*)':\nnpm ERR! /root/.cache/node-gyp/19.3.0/include/node/v8-internal.h:850:38: error: 'remove_cv_t' is not a member of 'std'\nnpm \u001b[0m\u001b[91mERR!              !std::is_same<Data, std::remove_cv_t<T>>::value>::Perform(data);\nnpm ERR!                                       ^~~~~~~~~~~\nnpm ERR!\u001b[0m\u001b[91m /root/.cache/node-gyp/19.3.0/include/node/v8-internal.h:850:38: note: suggested alternative: 'remove_cv'\nnpm ERR!              !std::is_same<Data, std::remove_cv_t<T>>::value>::Perform(data);\nnpm ERR!\u001b[0m\u001b[91m                                       ^~~~~~~~~~~\nnpm \u001b[0m\u001b[91mERR!                                       remove_cv\nnpm ERR! /root/.cache/node-gyp/19.3.0/include/node/v8-internal.h:850:38: error: 'remove_cv_t' is not a member of 'std'\nnpm\u001b[0m\u001b[91m ERR!\u001b[0m\u001b[91m /root/.cache/node-gyp/19.3.0/include/node/v8-internal.h:850:38: note: suggested alternative: 'remove_cv'\nnpm ERR!              !std::is_same<Data, std::remove_cv_t<T>>::value>::Perform(data);\nnpm\u001b[0m\u001b[91m ERR!\u001b[0m\u001b[91m                                       ^~~~~~~~~~~\nnpm ERR!                                       remove_cv\nnpm ERR!\u001b[0m\u001b[91m /root/.cache/node-gyp/19.3.0/include/node/v8-internal.h:850:50: error: template argument 2 is invalid\nnpm\u001b[0m\u001b[91m ERR!\u001b[0m\u001b[91m              !std::is_same<Data, std::remove_cv_t<T>>::value>::Perform(data);\nnpm ERR!\u001b[0m\u001b[91m                                                   ^\nnpm\u001b[0m\u001b[91m ERR! /root/.cache/node-gyp/19.3.0/include/node/v8-internal.h:850:63: error: '::Perform' has not been declared\nnpm ERR!\u001b[0m\u001b[91m              !std::is_same<Data, std::remove_cv_t<T>>::value>::Perform(data);\nnpm ERR!                                                                ^~~~~~~\n\u001b[0m\u001b[91mnpm ERR! /root/.cache/node-gyp/19.3.0/include/node/v8-internal.h:850:63: note: suggested alternative: 'perror'\nnpm ERR!\u001b[0m\u001b[91m              !std::is_same<Data, std::remove_cv_t<T>>::value>::Perform(data);\nnpm ERR!                                                                ^~~~~~~\n\u001b[0m\u001b[91mnpm ERR!                                                                perror\n\u001b[0m\u001b[91mnpm ERR! In file included from /root/.cache/node-gyp/19.3.0/include/node/v8-object.h:9,\nnpm\u001b[0m\u001b[91m ERR!\u001b[0m\u001b[91m                  from /root/.cache/node-gyp/19.3.0/include/node/v8-array-buffer.h:13,\nnpm ERR!                  from /root/.cache/node-gyp/19.3.0/include/node/v8.h:24,\nnpm \u001b[0m\u001b[91mERR!                  from /root/.cache/node-gyp/19.3.0/include/node/node.h:73,\nnpm ERR!                  from ../src/common.cc:22:\nnpm ERR! /root/.cache/node-gyp/19.3.0/include/node/v8-maybe.h: At global scope:\n\u001b[0m\u001b[91mnpm ERR!\u001b[0m\u001b[91m /root/.cache/node-gyp/19.3.0/include/node/v8-maybe.h:106:27: error: 'std::enable_if_t' has not been declared\nnpm\u001b[0m\u001b[91m ERR!    template <class U, std::enable_if_t<!std::is_lvalue_reference_v<U>>*>\nnpm \u001b[0m\u001b[91mERR!                            ^~~~~~~~~~~\nnpm ERR!\u001b[0m\u001b[91m /root/.cache/node-gyp/19.3.0/include/node/v8-maybe.h:106:38: error: expected '>' before '<' token\nnpm ERR!\u001b[0m\u001b[91m    template <class U, std::enable_if_t<!std::is_lvalue_reference_v<U>>*>\nnpm ERR!                                       ^\nnpm ERR!\u001b[0m\u001b[91m /root/.cache/node-gyp/19.3.0/include/node/v8-maybe.h:123:25: error: 'std::enable_if_t' has not been declared\nnpm ERR!  template <class T, std::enable_if_t<!std::is_lvalue_reference_v<T>>* = nullptr>\nnpm\u001b[0m\u001b[91m \u001b[0m\u001b[91mERR!                          ^~~~~~~~~~~\nnpm ERR! /root/.cache/node-gyp/19.3.0/include/node/v8-maybe.h:123:36: error: expected '>' before '<' token\nnpm \u001b[0m\u001b[91mERR!  template <class T, std::enable_if_t<!std::is_lvalue_reference_v<T>>* = nullptr>\nnpm \u001b[0m\u001b[91mERR!                                     ^\nnpm\u001b[0m\u001b[91m ERR!\u001b[0m\u001b[91m In file included from ../../nan/nan.h:174,\nnpm\u001b[0m\u001b[91m ERR!                  from ../src/common.cc:24:\n\u001b[0m\u001b[91mnpm ERR! ../../nan/nan_callbacks.h:55:23: error: 'AccessorSignature' is not a member of 'v8'\nnpm ERR!\u001b[0m\u001b[91m  typedef v8::Local<v8::AccessorSignature> Sig;\nnpm ERR!                        ^~~~~~~~~~~~~~~~~\n\u001b[0m\u001b[91mnpm ERR! ../../nan/nan_callbacks.h:55:23: note: suggested alternative: 'Signature'\nnpm ERR!\u001b[0m\u001b[91m  typedef v8::Local<v8::AccessorSignature> Sig;\nnpm ERR!                        ^~~~~~~~~~~~~~~~~\n\u001b[0m\u001b[91mnpm \u001b[0m\u001b[91mERR!                        Signature\nnpm \u001b[0m\u001b[91mERR! ../../nan/nan_callbacks.h:55:23: error: 'AccessorSignature' is not a member of 'v8'\n\u001b[0m\u001b[91mnpm ERR! ../../nan/nan_callbacks.h:55:23: note: suggested alternative: 'Signature'\n\u001b[0m\u001b[91mnpm ERR!  typedef v8::Local<v8::AccessorSignature> Sig;\n\u001b[0m\u001b[91mnpm ERR!\u001b[0m\u001b[91m                        ^~~~~~~~~~~~~~~~~\nnpm ERR!\u001b[0m\u001b[91m                        Signature\nnpm ERR!\u001b[0m\u001b[91m ../../nan/nan_callbacks.h:55:40: error: template argument 1 is invalid\nnpm ERR!  typedef v8::Local<v8::AccessorSignature> Sig;\n\u001b[0m\u001b[91mnpm ERR!\u001b[0m\u001b[91m                                         ^\nnpm ERR!\u001b[0m\u001b[91m In file included from ../src/common.cc:24:\n\u001b[0m\u001b[91mnpm\u001b[0m\u001b[91m ERR!\u001b[0m\u001b[91m ../../nan/nan.h: In function 'void Nan::SetAccessor(v8::Local<v8::ObjectTemplate>, v8::Local<v8::String>, Nan::GetterCallback, Nan::SetterCallback, v8::Local<v8::Value>, v8::AccessControl, v8::PropertyAttribute, Nan::imp::Sig)':\n\u001b[0m\u001b[91mnpm ERR! ../../nan/nan.h:2543:16: error: no matching function for call to 'v8::ObjectTemplate::SetAccessor(v8::Local<v8::String>&, void (*&)(v8::Local<v8::Name>, const v8::PropertyCallbackInfo<v8::Value>&), void (*&)(v8::Local<v8::Name>, v8::Local<v8::Value>, const v8::PropertyCallbackInfo<void>&), v8::Local<v8::Object>&, v8::AccessControl&, v8::PropertyAttribute&, Nan::imp::Sig&)'\nnpm\u001b[0m\u001b[91m ERR!      , signature);\n\u001b[0m\u001b[91mnpm \u001b[0m\u001b[91mERR!\u001b[0m\u001b[91m                 ^\nnpm ERR!\u001b[0m\u001b[91m In file included from /root/.cache/node-gyp/19.3.0/include/node/v8-function.h:15,\n\u001b[0m\u001b[91mnpm ERR!                  from /root/.cache/node-gyp/19.3.0/include/node/v8.h:33,\n\u001b[0m\u001b[91mnpm ERR!                  from /root/.cache/node-gyp/19.3.0/include/node/node.h:73,\nnpm \u001b[0m\u001b[91mERR!                  from ../src/common.cc:22:\nnpm ERR! /root/.cache/node-gyp/19.3.0/include/node/v8-template.h:807:8: note: candidate: 'void v8::ObjectTemplate::SetAccessor(v8::Local<v8::String>, v8::AccessorGetterCallback, v8::AccessorSetterCallback, v8::Local<v8::Value>, v8::AccessControl, v8::PropertyAttribute, v8::SideEffectType, v8::SideEffectType)'\nnpm ERR!    void SetAccessor(\nnpm\u001b[0m\u001b[91m ERR!         ^~~~~~~~~~~\nnpm\u001b[0m\u001b[91m ERR! /root/.cache/node-gyp/19.3.0/include/node/v8-template.h:807:8: note:   no known conversion for argument 7 from 'Nan::imp::Sig' {aka 'int'} to 'v8::SideEffectType'\n\u001b[0m\u001b[91mnpm \u001b[0m\u001b[91mERR!\u001b[0m\u001b[91m /root/.cache/node-gyp/19.3.0/include/node/v8-template.h:814:8: note: candidate: 'void v8::ObjectTemplate::SetAccessor(v8::Local<v8::Name>, v8::AccessorNameGetterCallback, v8::AccessorNameSetterCallback, v8::Local<v8::Value>, v8::AccessControl, v8::PropertyAttribute, v8::SideEffectType, v8::SideEffectType)'\n\u001b[0m\u001b[91mnpm\u001b[0m\u001b[91m ERR!    void SetAccessor(\nnpm ERR!\u001b[0m\u001b[91m         ^~~~~~~~~~~\nnpm ERR!\u001b[0m\u001b[91m /root/.cache/node-gyp/19.3.0/include/node/v8-template.h:814:8: note:   no known conversion for argument 7 from 'Nan::imp::Sig' {aka 'int'} to 'v8::SideEffectType'\nnpm ERR! In file included from ../../nan/nan.h:2884,\nnpm\u001b[0m\u001b[91m ERR!                  from ../src/common.cc:24:\nnpm\u001b[0m\u001b[91m ERR! ../../nan/nan_typedarray_contents.h: In constructor 'Nan::TypedArrayContents<T>::TypedArrayContents(v8::Local<v8::Value>)':\nnpm \u001b[0m\u001b[91mERR! ../../nan/nan_typedarray_contents.h:34:43: error: 'class v8::ArrayBuffer' has no member named 'GetContents'; did you mean 'IsContext'?\nnpm \u001b[0m\u001b[91mERR!        data   = static_cast<char*>(buffer->GetContents().Data()) + byte_offset;\nnpm\u001b[0m\u001b[91m ERR!                                            ^~~~~~~~~~~\n\u001b[0m\u001b[91mnpm ERR!                                            IsContext\nnpm ERR! make: *** [sharp.target.mk:139: Release/obj.target/sharp/src/common.o] Error 1\nnpm\u001b[0m\u001b[91m ERR! gyp ERR! build error \nnpm ERR!\u001b[0m\u001b[91m gyp ERR! stack Error: `make` failed with exit code: 2\nnpm ERR! gyp ERR! stack     at ChildProcess.onExit (/usr/local/lib/node_modules/npm/node_modules/node-gyp/lib/build.js:203:23)\nnpm ERR!\u001b[0m\u001b[91m gyp ERR! stack     at ChildProcess.emit (node:events:513:28)\nnpm ERR!\u001b[0m\u001b[91m gyp ERR! stack     at ChildProcess._handle.onexit (node:internal/child_process:293:12)\n\u001b[0m\u001b[91mnpm \u001b[0m\u001b[91mERR!\u001b[0m\u001b[91m gyp ERR! System Linux 5.4.0-113-generic\nnpm\u001b[0m\u001b[91m ERR! gyp ERR! command \"/usr/local/bin/node\" \"/usr/local/lib/node_modules/npm/node_modules/node-gyp/bin/node-gyp.js\" \"rebuild\"\nnpm\u001b[0m\u001b[91m ERR!\u001b[0m\u001b[91m gyp ERR! cwd /app/node_modules/sharp\n\u001b[0m\u001b[91mnpm ERR!\u001b[0m\u001b[91m gyp ERR! node -v v19.3.0\nnpm ERR!\u001b[0m\u001b[91m gyp ERR! node-gyp -v v9.3.0\nnpm ERR! gyp ERR! not ok\n\u001b[0m\u001b[91m\n\u001b[0m\u001b[91mnpm ERR! A complete log of this run can be found in:\nnpm ERR!     /root/.npm/_logs/2023-01-01T19_53_56_916Z-debug-0.log\n\u001b[0mRemoving intermediate container fcf8f7c73bd8\n","stderr":"The command '/bin/sh -c npm ci' returned a non-zero code: 1\n"},"endTime":1672603085917}