{"repository":"https://github.com/chanzuckerberg/cellxgene","dockerfilePath":"Dockerfile","startTime":1673022314594,"endTime":1673023876547,"clone":{"startTime":1673022314594,"stdout":"","stderr":"Cloning into '/tmp/dinghy-analysis/chanzuckerberg/cellxgene'...\n","error":null,"endTime":1673022326084,"commit":"127de34a208c92cddcc27535dc23ada8685e5af7"},"originalBuild":{"startTime":1673022326156,"endTime":1673023367144,"error":null,"stdout":"Sending build context to Docker daemon  388.6MB\r\r\nStep 1/5 : FROM ubuntu:bionic\nbionic: Pulling from library/ubuntu\nDigest: sha256:c1d0baf2425ecef88a2f0c3543ec43690dc16cc80d3c4e593bb95e4f45390e45\nStatus: Downloaded newer image for ubuntu:bionic\n ---> e28a50f651f9\nStep 2/5 : ENV LC_ALL=C.UTF-8\n ---> Running in 07711448a4fd\nRemoving intermediate container 07711448a4fd\n ---> 0dc996dd31b5\nStep 3/5 : ENV LANG=C.UTF-8\n ---> Running in c148bb637291\nRemoving intermediate container c148bb637291\n ---> b683f6078147\nStep 4/5 : RUN apt-get update &&     apt-get install -y build-essential libxml2-dev python3-dev python3-pip zlib1g-dev python3-requests python3-aiohttp &&     python3 -m pip install --upgrade pip &&     pip3 install cellxgene\n ---> Running in 9e28b1878983\nGet:1 http://security.ubuntu.com/ubuntu bionic-security InRelease [88.7 kB]\nGet:2 http://archive.ubuntu.com/ubuntu bionic InRelease [242 kB]\nGet:3 http://archive.ubuntu.com/ubuntu bionic-updates InRelease [88.7 kB]\nGet:4 http://archive.ubuntu.com/ubuntu bionic-backports InRelease [83.3 kB]\nGet:5 http://security.ubuntu.com/ubuntu bionic-security/universe amd64 Packages [1573 kB]\nGet:6 http://archive.ubuntu.com/ubuntu bionic/universe amd64 Packages [11.3 MB]\nGet:7 http://security.ubuntu.com/ubuntu bionic-security/restricted amd64 Packages [1349 kB]\nGet:8 http://security.ubuntu.com/ubuntu bionic-security/main amd64 Packages [3127 kB]\nGet:9 http://security.ubuntu.com/ubuntu bionic-security/multiverse amd64 Packages [22.9 kB]\nGet:10 http://archive.ubuntu.com/ubuntu bionic/multiverse amd64 Packages [186 kB]\nGet:11 http://archive.ubuntu.com/ubuntu bionic/main amd64 Packages [1344 kB]\nGet:12 http://archive.ubuntu.com/ubuntu bionic/restricted amd64 Packages [13.5 kB]\nGet:13 http://archive.ubuntu.com/ubuntu bionic-updates/main amd64 Packages [3549 kB]\nGet:14 http://archive.ubuntu.com/ubuntu bionic-updates/restricted amd64 Packages [1389 kB]\nGet:15 http://archive.ubuntu.com/ubuntu bionic-updates/multiverse amd64 Packages [30.9 kB]\nGet:16 http://archive.ubuntu.com/ubuntu bionic-updates/universe amd64 Packages [2348 kB]\nGet:17 http://archive.ubuntu.com/ubuntu bionic-backports/universe amd64 Packages [20.5 kB]\nGet:18 http://archive.ubuntu.com/ubuntu bionic-backports/main amd64 Packages [64.0 kB]\nFetched 26.9 MB in 59s (452 kB/s)\nReading package lists...\nReading package lists...\nBuilding dependency tree...\nReading state information...\nThe following additional packages will be installed:\n  binutils binutils-common binutils-x86-64-linux-gnu ca-certificates cpp cpp-7\n  dbus dh-python dirmngr dpkg-dev fakeroot file g++ g++-7 gcc gcc-7 gcc-7-base\n  gir1.2-glib-2.0 gir1.2-harfbuzz-0.0 gnupg gnupg-l10n gnupg-utils gpg\n  gpg-agent gpg-wks-client gpg-wks-server gpgconf gpgsm icu-devtools\n  libalgorithm-diff-perl libalgorithm-diff-xs-perl libalgorithm-merge-perl\n  libapparmor1 libasan4 libasn1-8-heimdal libassuan0 libatomic1 libbinutils\n  libc-dev-bin libc6-dev libcc1-0 libcilkrts5 libdbus-1-3 libdpkg-perl libelf1\n  libexpat1 libexpat1-dev libfakeroot libfile-fcntllock-perl libfreetype6\n  libgcc-7-dev libgdbm-compat4 libgdbm5 libgirepository-1.0-1 libglib2.0-0\n  libglib2.0-bin libglib2.0-data libglib2.0-dev libglib2.0-dev-bin libgomp1\n  libgraphite2-3 libgraphite2-dev libgssapi3-heimdal libharfbuzz-dev\n  libharfbuzz-gobject0 libharfbuzz-icu0 libharfbuzz0b libhcrypto4-heimdal\n  libheimbase1-heimdal libheimntlm0-heimdal libhx509-5-heimdal libicu-dev\n  libicu-le-hb-dev libicu-le-hb0 libicu60 libiculx60 libisl19 libitm1\n  libkrb5-26-heimdal libksba8 libldap-2.4-2 libldap-common\n  liblocale-gettext-perl liblsan0 libmagic-mgc libmagic1 libmpc3 libmpdec2\n  libmpfr6 libmpx2 libnpth0 libpcre16-3 libpcre3-dev libpcre32-3 libpcrecpp0v5\n  libperl5.26 libpng16-16 libpython3-dev libpython3-stdlib libpython3.6\n  libpython3.6-dev libpython3.6-minimal libpython3.6-stdlib libquadmath0\n  libreadline7 libroken18-heimdal libsasl2-2 libsasl2-modules\n  libsasl2-modules-db libsqlite3-0 libssl1.1 libstdc++-7-dev libtsan0\n  libubsan0 libwind0-heimdal libxml2 linux-libc-dev make manpages manpages-dev\n  mime-support netbase openssl patch perl perl-modules-5.26 pinentry-curses\n  pkg-config python-pip-whl python3 python3-asn1crypto python3-async-timeout\n  python3-attr python3-certifi python3-cffi-backend python3-chardet\n  python3-crypto python3-cryptography python3-dbus python3-distutils\n  python3-gi python3-idna python3-keyring python3-keyrings.alt python3-lib2to3\n  python3-minimal python3-multidict python3-pkg-resources\n  python3-secretstorage python3-setuptools python3-six python3-urllib3\n  python3-wheel python3-xdg python3-yarl python3.6 python3.6-dev\n  python3.6-minimal readline-common shared-mime-info xdg-user-dirs xz-utils\nSuggested packages:\n  binutils-doc cpp-doc gcc-7-locales default-dbus-session-bus\n  | dbus-session-bus dbus-user-session libpam-systemd pinentry-gnome3 tor\n  debian-keyring g++-multilib g++-7-multilib gcc-7-doc libstdc++6-7-dbg\n  gcc-multilib autoconf automake libtool flex bison gdb gcc-doc gcc-7-multilib\n  libgcc1-dbg libgomp1-dbg libitm1-dbg libatomic1-dbg libasan4-dbg\n  liblsan0-dbg libtsan0-dbg libubsan0-dbg libcilkrts5-dbg libmpx2-dbg\n  libquadmath0-dbg parcimonie xloadimage scdaemon glibc-doc git bzr gdbm-l10n\n  libglib2.0-doc libgraphite2-utils icu-doc libsasl2-modules-gssapi-mit\n  | libsasl2-modules-gssapi-heimdal libsasl2-modules-ldap libsasl2-modules-otp\n  libsasl2-modules-sql libstdc++-7-doc make-doc man-browser ed diffutils-doc\n  perl-doc libterm-readline-gnu-perl | libterm-readline-perl-perl pinentry-doc\n  python3-doc python3-tk python3-venv python-attr-doc python-crypto-doc\n  python-cryptography-doc python3-cryptography-vectors python-dbus-doc\n  python3-dbus-dbg gnome-keyring libkf5wallet-bin gir1.2-gnomekeyring-1.0\n  python3-openssl python3-socks python-secretstorage-doc python-setuptools-doc\n  python3.6-venv python3.6-doc binfmt-support readline-doc\nThe following NEW packages will be installed:\n  binutils binutils-common binutils-x86-64-linux-gnu build-essential\n  ca-certificates cpp cpp-7 dbus dh-python dirmngr dpkg-dev fakeroot file g++\n  g++-7 gcc gcc-7 gcc-7-base gir1.2-glib-2.0 gir1.2-harfbuzz-0.0 gnupg\n  gnupg-l10n gnupg-utils gpg gpg-agent gpg-wks-client gpg-wks-server gpgconf\n  gpgsm icu-devtools libalgorithm-diff-perl libalgorithm-diff-xs-perl\n  libalgorithm-merge-perl libapparmor1 libasan4 libasn1-8-heimdal libassuan0\n  libatomic1 libbinutils libc-dev-bin libc6-dev libcc1-0 libcilkrts5\n  libdbus-1-3 libdpkg-perl libelf1 libexpat1 libexpat1-dev libfakeroot\n  libfile-fcntllock-perl libfreetype6 libgcc-7-dev libgdbm-compat4 libgdbm5\n  libgirepository-1.0-1 libglib2.0-0 libglib2.0-bin libglib2.0-data\n  libglib2.0-dev libglib2.0-dev-bin libgomp1 libgraphite2-3 libgraphite2-dev\n  libgssapi3-heimdal libharfbuzz-dev libharfbuzz-gobject0 libharfbuzz-icu0\n  libharfbuzz0b libhcrypto4-heimdal libheimbase1-heimdal libheimntlm0-heimdal\n  libhx509-5-heimdal libicu-dev libicu-le-hb-dev libicu-le-hb0 libicu60\n  libiculx60 libisl19 libitm1 libkrb5-26-heimdal libksba8 libldap-2.4-2\n  libldap-common liblocale-gettext-perl liblsan0 libmagic-mgc libmagic1\n  libmpc3 libmpdec2 libmpfr6 libmpx2 libnpth0 libpcre16-3 libpcre3-dev\n  libpcre32-3 libpcrecpp0v5 libperl5.26 libpng16-16 libpython3-dev\n  libpython3-stdlib libpython3.6 libpython3.6-dev libpython3.6-minimal\n  libpython3.6-stdlib libquadmath0 libreadline7 libroken18-heimdal libsasl2-2\n  libsasl2-modules libsasl2-modules-db libsqlite3-0 libssl1.1 libstdc++-7-dev\n  libtsan0 libubsan0 libwind0-heimdal libxml2 libxml2-dev linux-libc-dev make\n  manpages manpages-dev mime-support netbase openssl patch perl\n  perl-modules-5.26 pinentry-curses pkg-config python-pip-whl python3\n  python3-aiohttp python3-asn1crypto python3-async-timeout python3-attr\n  python3-certifi python3-cffi-backend python3-chardet python3-crypto\n  python3-cryptography python3-dbus python3-dev python3-distutils python3-gi\n  python3-idna python3-keyring python3-keyrings.alt python3-lib2to3\n  python3-minimal python3-multidict python3-pip python3-pkg-resources\n  python3-requests python3-secretstorage python3-setuptools python3-six\n  python3-urllib3 python3-wheel python3-xdg python3-yarl python3.6\n  python3.6-dev python3.6-minimal readline-common shared-mime-info\n  xdg-user-dirs xz-utils zlib1g-dev\n0 upgraded, 169 newly installed, 0 to remove and 0 not upgraded.\nNeed to get 137 MB of archives.\nAfter this operation, 462 MB of additional disk space will be used.\nGet:1 http://archive.ubuntu.com/ubuntu bionic/main amd64 liblocale-gettext-perl amd64 1.07-3build2 [16.6 kB]\nGet:2 http://archive.ubuntu.com/ubuntu bionic-updates/main amd64 libssl1.1 amd64 1.1.1-1ubuntu2.1~18.04.20 [1302 kB]\nGet:3 http://archive.ubuntu.com/ubuntu bionic-updates/main amd64 libpython3.6-minimal amd64 3.6.9-1~18.04ubuntu1.9 [533 kB]\nGet:4 http://archive.ubuntu.com/ubuntu bionic-updates/main amd64 libexpat1 amd64 2.2.5-3ubuntu0.9 [82.8 kB]\nGet:5 http://archive.ubuntu.com/ubuntu bionic-updates/main amd64 python3.6-minimal amd64 3.6.9-1~18.04ubuntu1.9 [1609 kB]\nGet:6 http://archive.ubuntu.com/ubuntu bionic-updates/main amd64 python3-minimal amd64 3.6.7-1~18.04 [23.7 kB]\nGet:7 http://archive.ubuntu.com/ubuntu bionic/main amd64 mime-support all 3.60ubuntu1 [30.1 kB]\nGet:8 http://archive.ubuntu.com/ubuntu bionic/main amd64 libmpdec2 amd64 2.4.2-1ubuntu1 [84.1 kB]\nGet:9 http://archive.ubuntu.com/ubuntu bionic/main amd64 readline-common all 7.0-3 [52.9 kB]\nGet:10 http://archive.ubuntu.com/ubuntu bionic/main amd64 libreadline7 amd64 7.0-3 [124 kB]\nGet:11 http://archive.ubuntu.com/ubuntu bionic-updates/main amd64 libsqlite3-0 amd64 3.22.0-1ubuntu0.7 [499 kB]\nGet:12 http://archive.ubuntu.com/ubuntu bionic-updates/main amd64 libpython3.6-stdlib amd64 3.6.9-1~18.04ubuntu1.9 [1712 kB]\nGet:13 http://archive.ubuntu.com/ubuntu bionic-updates/main amd64 python3.6 amd64 3.6.9-1~18.04ubuntu1.9 [203 kB]\nGet:14 http://archive.ubuntu.com/ubuntu bionic-updates/main amd64 libpython3-stdlib amd64 3.6.7-1~18.04 [7240 B]\nGet:15 http://archive.ubuntu.com/ubuntu bionic-updates/main amd64 python3 amd64 3.6.7-1~18.04 [47.2 kB]\nGet:16 http://archive.ubuntu.com/ubuntu bionic-updates/main amd64 perl-modules-5.26 all 5.26.1-6ubuntu0.6 [2764 kB]\nGet:17 http://archive.ubuntu.com/ubuntu bionic/main amd64 libgdbm5 amd64 1.14.1-6 [26.0 kB]\nGet:18 http://archive.ubuntu.com/ubuntu bionic/main amd64 libgdbm-compat4 amd64 1.14.1-6 [6084 B]\nGet:19 http://archive.ubuntu.com/ubuntu bionic-updates/main amd64 libperl5.26 amd64 5.26.1-6ubuntu0.6 [3556 kB]\nGet:20 http://archive.ubuntu.com/ubuntu bionic-updates/main amd64 perl amd64 5.26.1-6ubuntu0.6 [201 kB]\nGet:21 http://archive.ubuntu.com/ubuntu bionic-updates/main amd64 openssl amd64 1.1.1-1ubuntu2.1~18.04.20 [614 kB]\nGet:22 http://archive.ubuntu.com/ubuntu bionic-updates/main amd64 ca-certificates all 20211016ubuntu0.18.04.1 [140 kB]\nGet:23 http://archive.ubuntu.com/ubuntu bionic-updates/main amd64 libapparmor1 amd64 2.12-4ubuntu5.1 [31.3 kB]\nGet:24 http://archive.ubuntu.com/ubuntu bionic-updates/main amd64 libdbus-1-3 amd64 1.12.2-1ubuntu1.4 [175 kB]\nGet:25 http://archive.ubuntu.com/ubuntu bionic-updates/main amd64 dbus amd64 1.12.2-1ubuntu1.4 [150 kB]\nGet:26 http://archive.ubuntu.com/ubuntu bionic-updates/main amd64 libmagic-mgc amd64 1:5.32-2ubuntu0.4 [184 kB]\nGet:27 http://archive.ubuntu.com/ubuntu bionic-updates/main amd64 libmagic1 amd64 1:5.32-2ubuntu0.4 [68.6 kB]\nGet:28 http://archive.ubuntu.com/ubuntu bionic-updates/main amd64 file amd64 1:5.32-2ubuntu0.4 [22.1 kB]\nGet:29 http://archive.ubuntu.com/ubuntu bionic-updates/main amd64 libglib2.0-0 amd64 2.56.4-0ubuntu0.18.04.9 [1169 kB]\nGet:30 http://archive.ubuntu.com/ubuntu bionic/main amd64 libgirepository-1.0-1 amd64 1.56.1-1 [82.0 kB]\nGet:31 http://archive.ubuntu.com/ubuntu bionic/main amd64 gir1.2-glib-2.0 amd64 1.56.1-1 [131 kB]\nGet:32 http://archive.ubuntu.com/ubuntu bionic-updates/main amd64 libelf1 amd64 0.170-0.4ubuntu0.1 [44.8 kB]\nGet:33 http://archive.ubuntu.com/ubuntu bionic-updates/main amd64 libglib2.0-data all 2.56.4-0ubuntu0.18.04.9 [4728 B]\nGet:34 http://archive.ubuntu.com/ubuntu bionic-updates/main amd64 libicu60 amd64 60.2-3ubuntu3.2 [8050 kB]\nGet:35 http://archive.ubuntu.com/ubuntu bionic-updates/main amd64 libxml2 amd64 2.9.4+dfsg1-6.1ubuntu1.8 [664 kB]\nGet:36 http://archive.ubuntu.com/ubuntu bionic/main amd64 netbase all 5.4 [12.7 kB]\nGet:37 http://archive.ubuntu.com/ubuntu bionic/main amd64 python3-dbus amd64 1.2.6-1 [89.9 kB]\nGet:38 http://archive.ubuntu.com/ubuntu bionic-updates/main amd64 python3-gi amd64 3.26.1-2ubuntu1 [153 kB]\nGet:39 http://archive.ubuntu.com/ubuntu bionic/main amd64 shared-mime-info amd64 1.9-2 [426 kB]\nGet:40 http://archive.ubuntu.com/ubuntu bionic/main amd64 xdg-user-dirs amd64 0.17-1ubuntu1 [48.0 kB]\nGet:41 http://archive.ubuntu.com/ubuntu bionic-updates/main amd64 xz-utils amd64 5.2.2-1.3ubuntu0.1 [83.8 kB]\nGet:42 http://archive.ubuntu.com/ubuntu bionic-updates/main amd64 libpng16-16 amd64 1.6.34-1ubuntu0.18.04.2 [176 kB]\nGet:43 http://archive.ubuntu.com/ubuntu bionic/main amd64 manpages all 4.15-1 [1234 kB]\nGet:44 http://archive.ubuntu.com/ubuntu bionic-updates/main amd64 binutils-common amd64 2.30-21ubuntu1~18.04.8 [197 kB]\nGet:45 http://archive.ubuntu.com/ubuntu bionic-updates/main amd64 libbinutils amd64 2.30-21ubuntu1~18.04.8 [488 kB]\nGet:46 http://archive.ubuntu.com/ubuntu bionic-updates/main amd64 binutils-x86-64-linux-gnu amd64 2.30-21ubuntu1~18.04.8 [1839 kB]\nGet:47 http://archive.ubuntu.com/ubuntu bionic-updates/main amd64 binutils amd64 2.30-21ubuntu1~18.04.8 [3388 B]\nGet:48 http://archive.ubuntu.com/ubuntu bionic-updates/main amd64 libc-dev-bin amd64 2.27-3ubuntu1.6 [71.9 kB]\nGet:49 http://archive.ubuntu.com/ubuntu bionic-updates/main amd64 linux-libc-dev amd64 4.15.0-201.212 [1000 kB]\nGet:50 http://archive.ubuntu.com/ubuntu bionic-updates/main amd64 libc6-dev amd64 2.27-3ubuntu1.6 [2587 kB]\nGet:51 http://archive.ubuntu.com/ubuntu bionic-updates/main amd64 gcc-7-base amd64 7.5.0-3ubuntu1~18.04 [18.3 kB]\nGet:52 http://archive.ubuntu.com/ubuntu bionic/main amd64 libisl19 amd64 0.19-1 [551 kB]\nGet:53 http://archive.ubuntu.com/ubuntu bionic/main amd64 libmpfr6 amd64 4.0.1-1 [243 kB]\nGet:54 http://archive.ubuntu.com/ubuntu bionic/main amd64 libmpc3 amd64 1.1.0-1 [40.8 kB]\nGet:55 http://archive.ubuntu.com/ubuntu bionic-updates/main amd64 cpp-7 amd64 7.5.0-3ubuntu1~18.04 [8591 kB]\nGet:56 http://archive.ubuntu.com/ubuntu bionic-updates/main amd64 cpp amd64 4:7.4.0-1ubuntu2.3 [27.7 kB]\nGet:57 http://archive.ubuntu.com/ubuntu bionic-updates/main amd64 libcc1-0 amd64 8.4.0-1ubuntu1~18.04 [39.4 kB]\nGet:58 http://archive.ubuntu.com/ubuntu bionic-updates/main amd64 libgomp1 amd64 8.4.0-1ubuntu1~18.04 [76.5 kB]\nGet:59 http://archive.ubuntu.com/ubuntu bionic-updates/main amd64 libitm1 amd64 8.4.0-1ubuntu1~18.04 [27.9 kB]\nGet:60 http://archive.ubuntu.com/ubuntu bionic-updates/main amd64 libatomic1 amd64 8.4.0-1ubuntu1~18.04 [9192 B]\nGet:61 http://archive.ubuntu.com/ubuntu bionic-updates/main amd64 libasan4 amd64 7.5.0-3ubuntu1~18.04 [358 kB]\nGet:62 http://archive.ubuntu.com/ubuntu bionic-updates/main amd64 liblsan0 amd64 8.4.0-1ubuntu1~18.04 [133 kB]\nGet:63 http://archive.ubuntu.com/ubuntu bionic-updates/main amd64 libtsan0 amd64 8.4.0-1ubuntu1~18.04 [288 kB]\nGet:64 http://archive.ubuntu.com/ubuntu bionic-updates/main amd64 libubsan0 amd64 7.5.0-3ubuntu1~18.04 [126 kB]\nGet:65 http://archive.ubuntu.com/ubuntu bionic-updates/main amd64 libcilkrts5 amd64 7.5.0-3ubuntu1~18.04 [42.5 kB]\nGet:66 http://archive.ubuntu.com/ubuntu bionic-updates/main amd64 libmpx2 amd64 8.4.0-1ubuntu1~18.04 [11.6 kB]\nGet:67 http://archive.ubuntu.com/ubuntu bionic-updates/main amd64 libquadmath0 amd64 8.4.0-1ubuntu1~18.04 [134 kB]\nGet:68 http://archive.ubuntu.com/ubuntu bionic-updates/main amd64 libgcc-7-dev amd64 7.5.0-3ubuntu1~18.04 [2378 kB]\nGet:69 http://archive.ubuntu.com/ubuntu bionic-updates/main amd64 gcc-7 amd64 7.5.0-3ubuntu1~18.04 [9381 kB]\nGet:70 http://archive.ubuntu.com/ubuntu bionic-updates/main amd64 gcc amd64 4:7.4.0-1ubuntu2.3 [5184 B]\nGet:71 http://archive.ubuntu.com/ubuntu bionic-updates/main amd64 libstdc++-7-dev amd64 7.5.0-3ubuntu1~18.04 [1471 kB]\nGet:72 http://archive.ubuntu.com/ubuntu bionic-updates/main amd64 g++-7 amd64 7.5.0-3ubuntu1~18.04 [9697 kB]\nGet:73 http://archive.ubuntu.com/ubuntu bionic-updates/main amd64 g++ amd64 4:7.4.0-1ubuntu2.3 [1568 B]\nGet:74 http://archive.ubuntu.com/ubuntu bionic/main amd64 make amd64 4.1-9.1ubuntu1 [154 kB]\nGet:75 http://archive.ubuntu.com/ubuntu bionic-updates/main amd64 libdpkg-perl all 1.19.0.5ubuntu2.4 [212 kB]\nGet:76 http://archive.ubuntu.com/ubuntu bionic-updates/main amd64 patch amd64 2.7.6-2ubuntu1.1 [102 kB]\nGet:77 http://archive.ubuntu.com/ubuntu bionic-updates/main amd64 dpkg-dev all 1.19.0.5ubuntu2.4 [607 kB]\nGet:78 http://archive.ubuntu.com/ubuntu bionic/main amd64 build-essential amd64 12.4ubuntu1 [4758 B]\nGet:79 http://archive.ubuntu.com/ubuntu bionic-updates/main amd64 python3-lib2to3 all 3.6.9-1~18.04 [77.4 kB]\nGet:80 http://archive.ubuntu.com/ubuntu bionic-updates/main amd64 python3-distutils all 3.6.9-1~18.04 [144 kB]\nGet:81 http://archive.ubuntu.com/ubuntu bionic/main amd64 dh-python all 3.20180325ubuntu2 [89.2 kB]\nGet:82 http://archive.ubuntu.com/ubuntu bionic/main amd64 libassuan0 amd64 2.5.1-2 [35.0 kB]\nGet:83 http://archive.ubuntu.com/ubuntu bionic-updates/main amd64 gpgconf amd64 2.2.4-1ubuntu1.6 [124 kB]\nGet:84 http://archive.ubuntu.com/ubuntu bionic-updates/main amd64 libksba8 amd64 1.3.5-2ubuntu0.18.04.2 [94.6 kB]\nGet:85 http://archive.ubuntu.com/ubuntu bionic-updates/main amd64 libroken18-heimdal amd64 7.5.0+dfsg-1ubuntu0.2 [41.8 kB]\nGet:86 http://archive.ubuntu.com/ubuntu bionic-updates/main amd64 libasn1-8-heimdal amd64 7.5.0+dfsg-1ubuntu0.2 [174 kB]\nGet:87 http://archive.ubuntu.com/ubuntu bionic-updates/main amd64 libheimbase1-heimdal amd64 7.5.0+dfsg-1ubuntu0.2 [29.9 kB]\nGet:88 http://archive.ubuntu.com/ubuntu bionic-updates/main amd64 libhcrypto4-heimdal amd64 7.5.0+dfsg-1ubuntu0.2 [85.9 kB]\nGet:89 http://archive.ubuntu.com/ubuntu bionic-updates/main amd64 libwind0-heimdal amd64 7.5.0+dfsg-1ubuntu0.2 [48.0 kB]\nGet:90 http://archive.ubuntu.com/ubuntu bionic-updates/main amd64 libhx509-5-heimdal amd64 7.5.0+dfsg-1ubuntu0.2 [108 kB]\nGet:91 http://archive.ubuntu.com/ubuntu bionic-updates/main amd64 libkrb5-26-heimdal amd64 7.5.0+dfsg-1ubuntu0.2 [207 kB]\nGet:92 http://archive.ubuntu.com/ubuntu bionic-updates/main amd64 libheimntlm0-heimdal amd64 7.5.0+dfsg-1ubuntu0.2 [14.7 kB]\nGet:93 http://archive.ubuntu.com/ubuntu bionic-updates/main amd64 libgssapi3-heimdal amd64 7.5.0+dfsg-1ubuntu0.2 [96.3 kB]\nGet:94 http://archive.ubuntu.com/ubuntu bionic-updates/main amd64 libsasl2-modules-db amd64 2.1.27~101-g0780600+dfsg-3ubuntu2.4 [15.0 kB]\nGet:95 http://archive.ubuntu.com/ubuntu bionic-updates/main amd64 libsasl2-2 amd64 2.1.27~101-g0780600+dfsg-3ubuntu2.4 [49.2 kB]\nGet:96 http://archive.ubuntu.com/ubuntu bionic-updates/main amd64 libldap-common all 2.4.45+dfsg-1ubuntu1.11 [15.8 kB]\nGet:97 http://archive.ubuntu.com/ubuntu bionic-updates/main amd64 libldap-2.4-2 amd64 2.4.45+dfsg-1ubuntu1.11 [154 kB]\nGet:98 http://archive.ubuntu.com/ubuntu bionic/main amd64 libnpth0 amd64 1.5-3 [7668 B]\nGet:99 http://archive.ubuntu.com/ubuntu bionic-updates/main amd64 dirmngr amd64 2.2.4-1ubuntu1.6 [317 kB]\nGet:100 http://archive.ubuntu.com/ubuntu bionic/main amd64 libfakeroot amd64 1.22-2ubuntu1 [25.9 kB]\nGet:101 http://archive.ubuntu.com/ubuntu bionic/main amd64 fakeroot amd64 1.22-2ubuntu1 [62.3 kB]\nGet:102 http://archive.ubuntu.com/ubuntu bionic-updates/main amd64 libfreetype6 amd64 2.8.1-2ubuntu2.2 [335 kB]\nGet:103 http://archive.ubuntu.com/ubuntu bionic/main amd64 libgraphite2-3 amd64 1.3.11-2 [78.7 kB]\nGet:104 http://archive.ubuntu.com/ubuntu bionic/main amd64 libharfbuzz0b amd64 1.7.2-1ubuntu1 [232 kB]\nGet:105 http://archive.ubuntu.com/ubuntu bionic/main amd64 gir1.2-harfbuzz-0.0 amd64 1.7.2-1ubuntu1 [18.6 kB]\nGet:106 http://archive.ubuntu.com/ubuntu bionic-updates/main amd64 gnupg-l10n all 2.2.4-1ubuntu1.6 [50.1 kB]\nGet:107 http://archive.ubuntu.com/ubuntu bionic-updates/main amd64 gnupg-utils amd64 2.2.4-1ubuntu1.6 [128 kB]\nGet:108 http://archive.ubuntu.com/ubuntu bionic-updates/main amd64 gpg amd64 2.2.4-1ubuntu1.6 [468 kB]\nGet:109 http://archive.ubuntu.com/ubuntu bionic/main amd64 pinentry-curses amd64 1.1.0-1 [35.8 kB]\nGet:110 http://archive.ubuntu.com/ubuntu bionic-updates/main amd64 gpg-agent amd64 2.2.4-1ubuntu1.6 [227 kB]\nGet:111 http://archive.ubuntu.com/ubuntu bionic-updates/main amd64 gpg-wks-client amd64 2.2.4-1ubuntu1.6 [91.8 kB]\nGet:112 http://archive.ubuntu.com/ubuntu bionic-updates/main amd64 gpg-wks-server amd64 2.2.4-1ubuntu1.6 [85.0 kB]\nGet:113 http://archive.ubuntu.com/ubuntu bionic-updates/main amd64 gpgsm amd64 2.2.4-1ubuntu1.6 [215 kB]\nGet:114 http://archive.ubuntu.com/ubuntu bionic-updates/main amd64 gnupg amd64 2.2.4-1ubuntu1.6 [249 kB]\nGet:115 http://archive.ubuntu.com/ubuntu bionic-updates/main amd64 icu-devtools amd64 60.2-3ubuntu3.2 [179 kB]\nGet:116 http://archive.ubuntu.com/ubuntu bionic/main amd64 libalgorithm-diff-perl all 1.19.03-1 [47.6 kB]\nGet:117 http://archive.ubuntu.com/ubuntu bionic/main amd64 libalgorithm-diff-xs-perl amd64 0.04-5 [11.1 kB]\nGet:118 http://archive.ubuntu.com/ubuntu bionic/main amd64 libalgorithm-merge-perl all 0.08-3 [12.0 kB]\nGet:119 http://archive.ubuntu.com/ubuntu bionic-updates/main amd64 libexpat1-dev amd64 2.2.5-3ubuntu0.9 [124 kB]\nGet:120 http://archive.ubuntu.com/ubuntu bionic/main amd64 libfile-fcntllock-perl amd64 0.22-3build2 [33.2 kB]\nGet:121 http://archive.ubuntu.com/ubuntu bionic-updates/main amd64 libglib2.0-bin amd64 2.56.4-0ubuntu0.18.04.9 [68.9 kB]\nGet:122 http://archive.ubuntu.com/ubuntu bionic-updates/main amd64 libglib2.0-dev-bin amd64 2.56.4-0ubuntu0.18.04.9 [102 kB]\nGet:123 http://archive.ubuntu.com/ubuntu bionic-updates/main amd64 libpcre16-3 amd64 2:8.39-9ubuntu0.1 [147 kB]\nGet:124 http://archive.ubuntu.com/ubuntu bionic-updates/main amd64 libpcre32-3 amd64 2:8.39-9ubuntu0.1 [138 kB]\nGet:125 http://archive.ubuntu.com/ubuntu bionic-updates/main amd64 libpcrecpp0v5 amd64 2:8.39-9ubuntu0.1 [15.3 kB]\nGet:126 http://archive.ubuntu.com/ubuntu bionic-updates/main amd64 libpcre3-dev amd64 2:8.39-9ubuntu0.1 [536 kB]\nGet:127 http://archive.ubuntu.com/ubuntu bionic/main amd64 pkg-config amd64 0.29.1-0ubuntu2 [45.0 kB]\nGet:128 http://archive.ubuntu.com/ubuntu bionic-updates/main amd64 zlib1g-dev amd64 1:1.2.11.dfsg-0ubuntu2.2 [176 kB]\nGet:129 http://archive.ubuntu.com/ubuntu bionic-updates/main amd64 libglib2.0-dev amd64 2.56.4-0ubuntu0.18.04.9 [1385 kB]\nGet:130 http://archive.ubuntu.com/ubuntu bionic/main amd64 libgraphite2-dev amd64 1.3.11-2 [14.5 kB]\nGet:131 http://archive.ubuntu.com/ubuntu bionic/main amd64 libharfbuzz-icu0 amd64 1.7.2-1ubuntu1 [5604 B]\nGet:132 http://archive.ubuntu.com/ubuntu bionic/main amd64 libharfbuzz-gobject0 amd64 1.7.2-1ubuntu1 [13.4 kB]\nGet:133 http://archive.ubuntu.com/ubuntu bionic/main amd64 libicu-le-hb0 amd64 1.0.3+git161113-4 [14.3 kB]\nGet:134 http://archive.ubuntu.com/ubuntu bionic-updates/main amd64 libiculx60 amd64 60.2-3ubuntu3.2 [19.0 kB]\nGet:135 http://archive.ubuntu.com/ubuntu bionic/main amd64 libicu-le-hb-dev amd64 1.0.3+git161113-4 [29.5 kB]\nGet:136 http://archive.ubuntu.com/ubuntu bionic-updates/main amd64 libicu-dev amd64 60.2-3ubuntu3.2 [8894 kB]\nGet:137 http://archive.ubuntu.com/ubuntu bionic/main amd64 libharfbuzz-dev amd64 1.7.2-1ubuntu1 [302 kB]\nGet:138 http://archive.ubuntu.com/ubuntu bionic-updates/main amd64 libpython3.6 amd64 3.6.9-1~18.04ubuntu1.9 [1414 kB]\nGet:139 http://archive.ubuntu.com/ubuntu bionic-updates/main amd64 libpython3.6-dev amd64 3.6.9-1~18.04ubuntu1.9 [44.9 MB]\nGet:140 http://archive.ubuntu.com/ubuntu bionic-updates/main amd64 libpython3-dev amd64 3.6.7-1~18.04 [7328 B]\nGet:141 http://archive.ubuntu.com/ubuntu bionic-updates/main amd64 libsasl2-modules amd64 2.1.27~101-g0780600+dfsg-3ubuntu2.4 [48.9 kB]\nGet:142 http://archive.ubuntu.com/ubuntu bionic-updates/main amd64 libxml2-dev amd64 2.9.4+dfsg1-6.1ubuntu1.8 [757 kB]\nGet:143 http://archive.ubuntu.com/ubuntu bionic/main amd64 manpages-dev all 4.15-1 [2217 kB]\nGet:144 http://archive.ubuntu.com/ubuntu bionic-updates/universe amd64 python-pip-whl all 9.0.1-2.3~ubuntu1.18.04.5 [1653 kB]\nGet:145 http://archive.ubuntu.com/ubuntu bionic/universe amd64 python3-async-timeout all 2.0.0-1 [4968 B]\nGet:146 http://archive.ubuntu.com/ubuntu bionic/main amd64 python3-attr all 17.4.0-2 [23.8 kB]\nGet:147 http://archive.ubuntu.com/ubuntu bionic/main amd64 python3-pkg-resources all 39.0.1-2 [98.8 kB]\nGet:148 http://archive.ubuntu.com/ubuntu bionic/main amd64 python3-chardet all 3.0.4-1 [80.3 kB]\nGet:149 http://archive.ubuntu.com/ubuntu bionic/universe amd64 python3-multidict amd64 4.1.0-1 [84.1 kB]\nGet:150 http://archive.ubuntu.com/ubuntu bionic/main amd64 python3-idna all 2.6-1 [32.5 kB]\nGet:151 http://archive.ubuntu.com/ubuntu bionic/universe amd64 python3-yarl amd64 1.1.0-1 [44.4 kB]\nGet:152 http://archive.ubuntu.com/ubuntu bionic/universe amd64 python3-aiohttp amd64 3.0.1-1 [168 kB]\nGet:153 http://archive.ubuntu.com/ubuntu bionic/main amd64 python3-asn1crypto all 0.24.0-1 [72.8 kB]\nGet:154 http://archive.ubuntu.com/ubuntu bionic/main amd64 python3-certifi all 2018.1.18-2 [144 kB]\nGet:155 http://archive.ubuntu.com/ubuntu bionic/main amd64 python3-cffi-backend amd64 1.11.5-1 [64.6 kB]\nGet:156 http://archive.ubuntu.com/ubuntu bionic/main amd64 python3-crypto amd64 2.6.1-8ubuntu2 [244 kB]\nGet:157 http://archive.ubuntu.com/ubuntu bionic/main amd64 python3-six all 1.11.0-2 [11.4 kB]\nGet:158 http://archive.ubuntu.com/ubuntu bionic-updates/main amd64 python3-cryptography amd64 2.1.4-1ubuntu1.4 [220 kB]\nGet:159 http://archive.ubuntu.com/ubuntu bionic-updates/main amd64 python3.6-dev amd64 3.6.9-1~18.04ubuntu1.9 [511 kB]\nGet:160 http://archive.ubuntu.com/ubuntu bionic-updates/main amd64 python3-dev amd64 3.6.7-1~18.04 [1288 B]\nGet:161 http://archive.ubuntu.com/ubuntu bionic/main amd64 python3-secretstorage all 2.3.1-2 [12.1 kB]\nGet:162 http://archive.ubuntu.com/ubuntu bionic/main amd64 python3-keyring all 10.6.0-1 [26.7 kB]\nGet:163 http://archive.ubuntu.com/ubuntu bionic/main amd64 python3-keyrings.alt all 3.0-1 [16.6 kB]\nGet:164 http://archive.ubuntu.com/ubuntu bionic-updates/universe amd64 python3-pip all 9.0.1-2.3~ubuntu1.18.04.5 [114 kB]\nGet:165 http://archive.ubuntu.com/ubuntu bionic-updates/main amd64 python3-urllib3 all 1.22-1ubuntu0.18.04.2 [86.2 kB]\nGet:166 http://archive.ubuntu.com/ubuntu bionic-updates/main amd64 python3-requests all 2.18.4-2ubuntu0.1 [58.3 kB]\nGet:167 http://archive.ubuntu.com/ubuntu bionic/main amd64 python3-setuptools all 39.0.1-2 [248 kB]\nGet:168 http://archive.ubuntu.com/ubuntu bionic/universe amd64 python3-wheel all 0.30.0-0.2 [36.5 kB]\nGet:169 http://archive.ubuntu.com/ubuntu bionic-updates/main amd64 python3-xdg all 0.25-4ubuntu1.1 [31.3 kB]\n\u001b[91mdebconf: delaying package configuration, since apt-utils is not installed\n\u001b[0mFetched 137 MB in 11min 44s (195 kB/s)\nSelecting previously unselected package liblocale-gettext-perl.\r\n(Reading database ... \r(Reading database ... 5%\r(Reading database ... 10%\r(Reading database ... 15%\r(Reading database ... 20%\r(Reading database ... 25%\r(Reading database ... 30%\r(Reading database ... 35%\r(Reading database ... 40%\r(Reading database ... 45%\r(Reading database ... 50%\r(Reading database ... 55%\r(Reading database ... 60%\r(Reading database ... 65%\r(Reading database ... 70%\r(Reading database ... 75%\r(Reading database ... 80%\r(Reading database ... 85%\r(Reading database ... 90%\r(Reading database ... 95%\r(Reading database ... 100%\r(Reading database ... 4051 files and directories currently installed.)\r\nPreparing to unpack .../liblocale-gettext-perl_1.07-3build2_amd64.deb ...\r\nUnpacking liblocale-gettext-perl (1.07-3build2) ...\r\nSelecting previously unselected package libssl1.1:amd64.\r\nPreparing to unpack .../libssl1.1_1.1.1-1ubuntu2.1~18.04.20_amd64.deb ...\r\nUnpacking libssl1.1:amd64 (1.1.1-1ubuntu2.1~18.04.20) ...\r\nSelecting previously unselected package libpython3.6-minimal:amd64.\r\nPreparing to unpack .../libpython3.6-minimal_3.6.9-1~18.04ubuntu1.9_amd64.deb ...\r\nUnpacking libpython3.6-minimal:amd64 (3.6.9-1~18.04ubuntu1.9) ...\r\nSelecting previously unselected package libexpat1:amd64.\r\nPreparing to unpack .../libexpat1_2.2.5-3ubuntu0.9_amd64.deb ...\r\nUnpacking libexpat1:amd64 (2.2.5-3ubuntu0.9) ...\r\nSelecting previously unselected package python3.6-minimal.\r\nPreparing to unpack .../python3.6-minimal_3.6.9-1~18.04ubuntu1.9_amd64.deb ...\r\nUnpacking python3.6-minimal (3.6.9-1~18.04ubuntu1.9) ...\r\nSetting up libssl1.1:amd64 (1.1.1-1ubuntu2.1~18.04.20) ...\r\ndebconf: unable to initialize frontend: Dialog\r\ndebconf: (TERM is not set, so the dialog frontend is not usable.)\r\ndebconf: falling back to frontend: Readline\r\ndebconf: unable to initialize frontend: Readline\r\ndebconf: (Can't locate Term/ReadLine.pm in @INC (you may need to install the Term::ReadLine module) (@INC contains: /etc/perl /usr/local/lib/x86_64-linux-gnu/perl/5.26.1 /usr/local/share/perl/5.26.1 /usr/lib/x86_64-linux-gnu/perl5/5.26 /usr/share/perl5 /usr/lib/x86_64-linux-gnu/perl/5.26 /usr/share/perl/5.26 /usr/local/lib/site_perl /usr/lib/x86_64-linux-gnu/perl-base) at /usr/share/perl5/Debconf/FrontEnd/Readline.pm line 7.)\r\ndebconf: falling back to frontend: Teletype\r\nSetting up libpython3.6-minimal:amd64 (3.6.9-1~18.04ubuntu1.9) ...\r\nSetting up libexpat1:amd64 (2.2.5-3ubuntu0.9) ...\r\nSetting up python3.6-minimal (3.6.9-1~18.04ubuntu1.9) ...\r\nSelecting previously unselected package python3-minimal.\r\n(Reading database ... \r(Reading database ... 5%\r(Reading database ... 10%\r(Reading database ... 15%\r(Reading database ... 20%\r(Reading database ... 25%\r(Reading database ... 30%\r(Reading database ... 35%\r(Reading database ... 40%\r(Reading database ... 45%\r(Reading database ... 50%\r(Reading database ... 55%\r(Reading database ... 60%\r(Reading database ... 65%\r(Reading database ... 70%\r(Reading database ... 75%\r(Reading database ... 80%\r(Reading database ... 85%\r(Reading database ... 90%\r(Reading database ... 95%\r(Reading database ... 100%\r(Reading database ... 4322 files and directories currently installed.)\r\nPreparing to unpack .../0-python3-minimal_3.6.7-1~18.04_amd64.deb ...\r\nUnpacking python3-minimal (3.6.7-1~18.04) ...\r\nSelecting previously unselected package mime-support.\r\nPreparing to unpack .../1-mime-support_3.60ubuntu1_all.deb ...\r\nUnpacking mime-support (3.60ubuntu1) ...\r\nSelecting previously unselected package libmpdec2:amd64.\r\nPreparing to unpack .../2-libmpdec2_2.4.2-1ubuntu1_amd64.deb ...\r\nUnpacking libmpdec2:amd64 (2.4.2-1ubuntu1) ...\r\nSelecting previously unselected package readline-common.\r\nPreparing to unpack .../3-readline-common_7.0-3_all.deb ...\r\nUnpacking readline-common (7.0-3) ...\r\nSelecting previously unselected package libreadline7:amd64.\r\nPreparing to unpack .../4-libreadline7_7.0-3_amd64.deb ...\r\nUnpacking libreadline7:amd64 (7.0-3) ...\r\nSelecting previously unselected package libsqlite3-0:amd64.\r\nPreparing to unpack .../5-libsqlite3-0_3.22.0-1ubuntu0.7_amd64.deb ...\r\nUnpacking libsqlite3-0:amd64 (3.22.0-1ubuntu0.7) ...\r\nSelecting previously unselected package libpython3.6-stdlib:amd64.\r\nPreparing to unpack .../6-libpython3.6-stdlib_3.6.9-1~18.04ubuntu1.9_amd64.deb ...\r\nUnpacking libpython3.6-stdlib:amd64 (3.6.9-1~18.04ubuntu1.9) ...\r\nSelecting previously unselected package python3.6.\r\nPreparing to unpack .../7-python3.6_3.6.9-1~18.04ubuntu1.9_amd64.deb ...\r\nUnpacking python3.6 (3.6.9-1~18.04ubuntu1.9) ...\r\nSelecting previously unselected package libpython3-stdlib:amd64.\r\nPreparing to unpack .../8-libpython3-stdlib_3.6.7-1~18.04_amd64.deb ...\r\nUnpacking libpython3-stdlib:amd64 (3.6.7-1~18.04) ...\r\nSetting up python3-minimal (3.6.7-1~18.04) ...\r\nSelecting previously unselected package python3.\r\n(Reading database ... \r(Reading database ... 5%\r(Reading database ... 10%\r(Reading database ... 15%\r(Reading database ... 20%\r(Reading database ... 25%\r(Reading database ... 30%\r(Reading database ... 35%\r(Reading database ... 40%\r(Reading database ... 45%\r(Reading database ... 50%\r(Reading database ... 55%\r(Reading database ... 60%\r(Reading database ... 65%\r(Reading database ... 70%\r(Reading database ... 75%\r(Reading database ... 80%\r(Reading database ... 85%\r(Reading database ... 90%\r(Reading database ... 95%\r(Reading database ... 100%\r(Reading database ... 4780 files and directories currently installed.)\r\nPreparing to unpack .../000-python3_3.6.7-1~18.04_amd64.deb ...\r\nUnpacking python3 (3.6.7-1~18.04) ...\r\nSelecting previously unselected package perl-modules-5.26.\r\nPreparing to unpack .../001-perl-modules-5.26_5.26.1-6ubuntu0.6_all.deb ...\r\nUnpacking perl-modules-5.26 (5.26.1-6ubuntu0.6) ...\r\nSelecting previously unselected package libgdbm5:amd64.\r\nPreparing to unpack .../002-libgdbm5_1.14.1-6_amd64.deb ...\r\nUnpacking libgdbm5:amd64 (1.14.1-6) ...\r\nSelecting previously unselected package libgdbm-compat4:amd64.\r\nPreparing to unpack .../003-libgdbm-compat4_1.14.1-6_amd64.deb ...\r\nUnpacking libgdbm-compat4:amd64 (1.14.1-6) ...\r\nSelecting previously unselected package libperl5.26:amd64.\r\nPreparing to unpack .../004-libperl5.26_5.26.1-6ubuntu0.6_amd64.deb ...\r\nUnpacking libperl5.26:amd64 (5.26.1-6ubuntu0.6) ...\r\nSelecting previously unselected package perl.\r\nPreparing to unpack .../005-perl_5.26.1-6ubuntu0.6_amd64.deb ...\r\nUnpacking perl (5.26.1-6ubuntu0.6) ...\r\nSelecting previously unselected package openssl.\r\nPreparing to unpack .../006-openssl_1.1.1-1ubuntu2.1~18.04.20_amd64.deb ...\r\nUnpacking openssl (1.1.1-1ubuntu2.1~18.04.20) ...\r\nSelecting previously unselected package ca-certificates.\r\nPreparing to unpack .../007-ca-certificates_20211016ubuntu0.18.04.1_all.deb ...\r\nUnpacking ca-certificates (20211016ubuntu0.18.04.1) ...\r\nSelecting previously unselected package libapparmor1:amd64.\r\nPreparing to unpack .../008-libapparmor1_2.12-4ubuntu5.1_amd64.deb ...\r\nUnpacking libapparmor1:amd64 (2.12-4ubuntu5.1) ...\r\nSelecting previously unselected package libdbus-1-3:amd64.\r\nPreparing to unpack .../009-libdbus-1-3_1.12.2-1ubuntu1.4_amd64.deb ...\r\nUnpacking libdbus-1-3:amd64 (1.12.2-1ubuntu1.4) ...\r\nSelecting previously unselected package dbus.\r\nPreparing to unpack .../010-dbus_1.12.2-1ubuntu1.4_amd64.deb ...\r\nUnpacking dbus (1.12.2-1ubuntu1.4) ...\r\nSelecting previously unselected package libmagic-mgc.\r\nPreparing to unpack .../011-libmagic-mgc_1%3a5.32-2ubuntu0.4_amd64.deb ...\r\nUnpacking libmagic-mgc (1:5.32-2ubuntu0.4) ...\r\nSelecting previously unselected package libmagic1:amd64.\r\nPreparing to unpack .../012-libmagic1_1%3a5.32-2ubuntu0.4_amd64.deb ...\r\nUnpacking libmagic1:amd64 (1:5.32-2ubuntu0.4) ...\r\nSelecting previously unselected package file.\r\nPreparing to unpack .../013-file_1%3a5.32-2ubuntu0.4_amd64.deb ...\r\nUnpacking file (1:5.32-2ubuntu0.4) ...\r\nSelecting previously unselected package libglib2.0-0:amd64.\r\nPreparing to unpack .../014-libglib2.0-0_2.56.4-0ubuntu0.18.04.9_amd64.deb ...\r\nUnpacking libglib2.0-0:amd64 (2.56.4-0ubuntu0.18.04.9) ...\r\nSelecting previously unselected package libgirepository-1.0-1:amd64.\r\nPreparing to unpack .../015-libgirepository-1.0-1_1.56.1-1_amd64.deb ...\r\nUnpacking libgirepository-1.0-1:amd64 (1.56.1-1) ...\r\nSelecting previously unselected package gir1.2-glib-2.0:amd64.\r\nPreparing to unpack .../016-gir1.2-glib-2.0_1.56.1-1_amd64.deb ...\r\nUnpacking gir1.2-glib-2.0:amd64 (1.56.1-1) ...\r\nSelecting previously unselected package libelf1:amd64.\r\nPreparing to unpack .../017-libelf1_0.170-0.4ubuntu0.1_amd64.deb ...\r\nUnpacking libelf1:amd64 (0.170-0.4ubuntu0.1) ...\r\nSelecting previously unselected package libglib2.0-data.\r\nPreparing to unpack .../018-libglib2.0-data_2.56.4-0ubuntu0.18.04.9_all.deb ...\r\nUnpacking libglib2.0-data (2.56.4-0ubuntu0.18.04.9) ...\r\nSelecting previously unselected package libicu60:amd64.\r\nPreparing to unpack .../019-libicu60_60.2-3ubuntu3.2_amd64.deb ...\r\nUnpacking libicu60:amd64 (60.2-3ubuntu3.2) ...\r\nSelecting previously unselected package libxml2:amd64.\r\nPreparing to unpack .../020-libxml2_2.9.4+dfsg1-6.1ubuntu1.8_amd64.deb ...\r\nUnpacking libxml2:amd64 (2.9.4+dfsg1-6.1ubuntu1.8) ...\r\nSelecting previously unselected package netbase.\r\nPreparing to unpack .../021-netbase_5.4_all.deb ...\r\nUnpacking netbase (5.4) ...\r\nSelecting previously unselected package python3-dbus.\r\nPreparing to unpack .../022-python3-dbus_1.2.6-1_amd64.deb ...\r\nUnpacking python3-dbus (1.2.6-1) ...\r\nSelecting previously unselected package python3-gi.\r\nPreparing to unpack .../023-python3-gi_3.26.1-2ubuntu1_amd64.deb ...\r\nUnpacking python3-gi (3.26.1-2ubuntu1) ...\r\nSelecting previously unselected package shared-mime-info.\r\nPreparing to unpack .../024-shared-mime-info_1.9-2_amd64.deb ...\r\nUnpacking shared-mime-info (1.9-2) ...\r\nSelecting previously unselected package xdg-user-dirs.\r\nPreparing to unpack .../025-xdg-user-dirs_0.17-1ubuntu1_amd64.deb ...\r\nUnpacking xdg-user-dirs (0.17-1ubuntu1) ...\r\nSelecting previously unselected package xz-utils.\r\nPreparing to unpack .../026-xz-utils_5.2.2-1.3ubuntu0.1_amd64.deb ...\r\nUnpacking xz-utils (5.2.2-1.3ubuntu0.1) ...\r\nSelecting previously unselected package libpng16-16:amd64.\r\nPreparing to unpack .../027-libpng16-16_1.6.34-1ubuntu0.18.04.2_amd64.deb ...\r\nUnpacking libpng16-16:amd64 (1.6.34-1ubuntu0.18.04.2) ...\r\nSelecting previously unselected package manpages.\r\nPreparing to unpack .../028-manpages_4.15-1_all.deb ...\r\nUnpacking manpages (4.15-1) ...\r\nSelecting previously unselected package binutils-common:amd64.\r\nPreparing to unpack .../029-binutils-common_2.30-21ubuntu1~18.04.8_amd64.deb ...\r\nUnpacking binutils-common:amd64 (2.30-21ubuntu1~18.04.8) ...\r\nSelecting previously unselected package libbinutils:amd64.\r\nPreparing to unpack .../030-libbinutils_2.30-21ubuntu1~18.04.8_amd64.deb ...\r\nUnpacking libbinutils:amd64 (2.30-21ubuntu1~18.04.8) ...\r\nSelecting previously unselected package binutils-x86-64-linux-gnu.\r\nPreparing to unpack .../031-binutils-x86-64-linux-gnu_2.30-21ubuntu1~18.04.8_amd64.deb ...\r\nUnpacking binutils-x86-64-linux-gnu (2.30-21ubuntu1~18.04.8) ...\r\nSelecting previously unselected package binutils.\r\nPreparing to unpack .../032-binutils_2.30-21ubuntu1~18.04.8_amd64.deb ...\r\nUnpacking binutils (2.30-21ubuntu1~18.04.8) ...\r\nSelecting previously unselected package libc-dev-bin.\r\nPreparing to unpack .../033-libc-dev-bin_2.27-3ubuntu1.6_amd64.deb ...\r\nUnpacking libc-dev-bin (2.27-3ubuntu1.6) ...\r\nSelecting previously unselected package linux-libc-dev:amd64.\r\nPreparing to unpack .../034-linux-libc-dev_4.15.0-201.212_amd64.deb ...\r\nUnpacking linux-libc-dev:amd64 (4.15.0-201.212) ...\r\nSelecting previously unselected package libc6-dev:amd64.\r\nPreparing to unpack .../035-libc6-dev_2.27-3ubuntu1.6_amd64.deb ...\r\nUnpacking libc6-dev:amd64 (2.27-3ubuntu1.6) ...\r\nSelecting previously unselected package gcc-7-base:amd64.\r\nPreparing to unpack .../036-gcc-7-base_7.5.0-3ubuntu1~18.04_amd64.deb ...\r\nUnpacking gcc-7-base:amd64 (7.5.0-3ubuntu1~18.04) ...\r\nSelecting previously unselected package libisl19:amd64.\r\nPreparing to unpack .../037-libisl19_0.19-1_amd64.deb ...\r\nUnpacking libisl19:amd64 (0.19-1) ...\r\nSelecting previously unselected package libmpfr6:amd64.\r\nPreparing to unpack .../038-libmpfr6_4.0.1-1_amd64.deb ...\r\nUnpacking libmpfr6:amd64 (4.0.1-1) ...\r\nSelecting previously unselected package libmpc3:amd64.\r\nPreparing to unpack .../039-libmpc3_1.1.0-1_amd64.deb ...\r\nUnpacking libmpc3:amd64 (1.1.0-1) ...\r\nSelecting previously unselected package cpp-7.\r\nPreparing to unpack .../040-cpp-7_7.5.0-3ubuntu1~18.04_amd64.deb ...\r\nUnpacking cpp-7 (7.5.0-3ubuntu1~18.04) ...\r\nSelecting previously unselected package cpp.\r\nPreparing to unpack .../041-cpp_4%3a7.4.0-1ubuntu2.3_amd64.deb ...\r\nUnpacking cpp (4:7.4.0-1ubuntu2.3) ...\r\nSelecting previously unselected package libcc1-0:amd64.\r\nPreparing to unpack .../042-libcc1-0_8.4.0-1ubuntu1~18.04_amd64.deb ...\r\nUnpacking libcc1-0:amd64 (8.4.0-1ubuntu1~18.04) ...\r\nSelecting previously unselected package libgomp1:amd64.\r\nPreparing to unpack .../043-libgomp1_8.4.0-1ubuntu1~18.04_amd64.deb ...\r\nUnpacking libgomp1:amd64 (8.4.0-1ubuntu1~18.04) ...\r\nSelecting previously unselected package libitm1:amd64.\r\nPreparing to unpack .../044-libitm1_8.4.0-1ubuntu1~18.04_amd64.deb ...\r\nUnpacking libitm1:amd64 (8.4.0-1ubuntu1~18.04) ...\r\nSelecting previously unselected package libatomic1:amd64.\r\nPreparing to unpack .../045-libatomic1_8.4.0-1ubuntu1~18.04_amd64.deb ...\r\nUnpacking libatomic1:amd64 (8.4.0-1ubuntu1~18.04) ...\r\nSelecting previously unselected package libasan4:amd64.\r\nPreparing to unpack .../046-libasan4_7.5.0-3ubuntu1~18.04_amd64.deb ...\r\nUnpacking libasan4:amd64 (7.5.0-3ubuntu1~18.04) ...\r\nSelecting previously unselected package liblsan0:amd64.\r\nPreparing to unpack .../047-liblsan0_8.4.0-1ubuntu1~18.04_amd64.deb ...\r\nUnpacking liblsan0:amd64 (8.4.0-1ubuntu1~18.04) ...\r\nSelecting previously unselected package libtsan0:amd64.\r\nPreparing to unpack .../048-libtsan0_8.4.0-1ubuntu1~18.04_amd64.deb ...\r\nUnpacking libtsan0:amd64 (8.4.0-1ubuntu1~18.04) ...\r\nSelecting previously unselected package libubsan0:amd64.\r\nPreparing to unpack .../049-libubsan0_7.5.0-3ubuntu1~18.04_amd64.deb ...\r\nUnpacking libubsan0:amd64 (7.5.0-3ubuntu1~18.04) ...\r\nSelecting previously unselected package libcilkrts5:amd64.\r\nPreparing to unpack .../050-libcilkrts5_7.5.0-3ubuntu1~18.04_amd64.deb ...\r\nUnpacking libcilkrts5:amd64 (7.5.0-3ubuntu1~18.04) ...\r\nSelecting previously unselected package libmpx2:amd64.\r\nPreparing to unpack .../051-libmpx2_8.4.0-1ubuntu1~18.04_amd64.deb ...\r\nUnpacking libmpx2:amd64 (8.4.0-1ubuntu1~18.04) ...\r\nSelecting previously unselected package libquadmath0:amd64.\r\nPreparing to unpack .../052-libquadmath0_8.4.0-1ubuntu1~18.04_amd64.deb ...\r\nUnpacking libquadmath0:amd64 (8.4.0-1ubuntu1~18.04) ...\r\nSelecting previously unselected package libgcc-7-dev:amd64.\r\nPreparing to unpack .../053-libgcc-7-dev_7.5.0-3ubuntu1~18.04_amd64.deb ...\r\nUnpacking libgcc-7-dev:amd64 (7.5.0-3ubuntu1~18.04) ...\r\nSelecting previously unselected package gcc-7.\r\nPreparing to unpack .../054-gcc-7_7.5.0-3ubuntu1~18.04_amd64.deb ...\r\nUnpacking gcc-7 (7.5.0-3ubuntu1~18.04) ...\r\nSelecting previously unselected package gcc.\r\nPreparing to unpack .../055-gcc_4%3a7.4.0-1ubuntu2.3_amd64.deb ...\r\nUnpacking gcc (4:7.4.0-1ubuntu2.3) ...\r\nSelecting previously unselected package libstdc++-7-dev:amd64.\r\nPreparing to unpack .../056-libstdc++-7-dev_7.5.0-3ubuntu1~18.04_amd64.deb ...\r\nUnpacking libstdc++-7-dev:amd64 (7.5.0-3ubuntu1~18.04) ...\r\nSelecting previously unselected package g++-7.\r\nPreparing to unpack .../057-g++-7_7.5.0-3ubuntu1~18.04_amd64.deb ...\r\nUnpacking g++-7 (7.5.0-3ubuntu1~18.04) ...\r\nSelecting previously unselected package g++.\r\nPreparing to unpack .../058-g++_4%3a7.4.0-1ubuntu2.3_amd64.deb ...\r\nUnpacking g++ (4:7.4.0-1ubuntu2.3) ...\r\nSelecting previously unselected package make.\r\nPreparing to unpack .../059-make_4.1-9.1ubuntu1_amd64.deb ...\r\nUnpacking make (4.1-9.1ubuntu1) ...\r\nSelecting previously unselected package libdpkg-perl.\r\nPreparing to unpack .../060-libdpkg-perl_1.19.0.5ubuntu2.4_all.deb ...\r\nUnpacking libdpkg-perl (1.19.0.5ubuntu2.4) ...\r\nSelecting previously unselected package patch.\r\nPreparing to unpack .../061-patch_2.7.6-2ubuntu1.1_amd64.deb ...\r\nUnpacking patch (2.7.6-2ubuntu1.1) ...\r\nSelecting previously unselected package dpkg-dev.\r\nPreparing to unpack .../062-dpkg-dev_1.19.0.5ubuntu2.4_all.deb ...\r\nUnpacking dpkg-dev (1.19.0.5ubuntu2.4) ...\r\nSelecting previously unselected package build-essential.\r\nPreparing to unpack .../063-build-essential_12.4ubuntu1_amd64.deb ...\r\nUnpacking build-essential (12.4ubuntu1) ...\r\nSelecting previously unselected package python3-lib2to3.\r\nPreparing to unpack .../064-python3-lib2to3_3.6.9-1~18.04_all.deb ...\r\nUnpacking python3-lib2to3 (3.6.9-1~18.04) ...\r\nSelecting previously unselected package python3-distutils.\r\nPreparing to unpack .../065-python3-distutils_3.6.9-1~18.04_all.deb ...\r\nUnpacking python3-distutils (3.6.9-1~18.04) ...\r\nSelecting previously unselected package dh-python.\r\nPreparing to unpack .../066-dh-python_3.20180325ubuntu2_all.deb ...\r\nUnpacking dh-python (3.20180325ubuntu2) ...\r\nSelecting previously unselected package libassuan0:amd64.\r\nPreparing to unpack .../067-libassuan0_2.5.1-2_amd64.deb ...\r\nUnpacking libassuan0:amd64 (2.5.1-2) ...\r\nSelecting previously unselected package gpgconf.\r\nPreparing to unpack .../068-gpgconf_2.2.4-1ubuntu1.6_amd64.deb ...\r\nUnpacking gpgconf (2.2.4-1ubuntu1.6) ...\r\nSelecting previously unselected package libksba8:amd64.\r\nPreparing to unpack .../069-libksba8_1.3.5-2ubuntu0.18.04.2_amd64.deb ...\r\nUnpacking libksba8:amd64 (1.3.5-2ubuntu0.18.04.2) ...\r\nSelecting previously unselected package libroken18-heimdal:amd64.\r\nPreparing to unpack .../070-libroken18-heimdal_7.5.0+dfsg-1ubuntu0.2_amd64.deb ...\r\nUnpacking libroken18-heimdal:amd64 (7.5.0+dfsg-1ubuntu0.2) ...\r\nSelecting previously unselected package libasn1-8-heimdal:amd64.\r\nPreparing to unpack .../071-libasn1-8-heimdal_7.5.0+dfsg-1ubuntu0.2_amd64.deb ...\r\nUnpacking libasn1-8-heimdal:amd64 (7.5.0+dfsg-1ubuntu0.2) ...\r\nSelecting previously unselected package libheimbase1-heimdal:amd64.\r\nPreparing to unpack .../072-libheimbase1-heimdal_7.5.0+dfsg-1ubuntu0.2_amd64.deb ...\r\nUnpacking libheimbase1-heimdal:amd64 (7.5.0+dfsg-1ubuntu0.2) ...\r\nSelecting previously unselected package libhcrypto4-heimdal:amd64.\r\nPreparing to unpack .../073-libhcrypto4-heimdal_7.5.0+dfsg-1ubuntu0.2_amd64.deb ...\r\nUnpacking libhcrypto4-heimdal:amd64 (7.5.0+dfsg-1ubuntu0.2) ...\r\nSelecting previously unselected package libwind0-heimdal:amd64.\r\nPreparing to unpack .../074-libwind0-heimdal_7.5.0+dfsg-1ubuntu0.2_amd64.deb ...\r\nUnpacking libwind0-heimdal:amd64 (7.5.0+dfsg-1ubuntu0.2) ...\r\nSelecting previously unselected package libhx509-5-heimdal:amd64.\r\nPreparing to unpack .../075-libhx509-5-heimdal_7.5.0+dfsg-1ubuntu0.2_amd64.deb ...\r\nUnpacking libhx509-5-heimdal:amd64 (7.5.0+dfsg-1ubuntu0.2) ...\r\nSelecting previously unselected package libkrb5-26-heimdal:amd64.\r\nPreparing to unpack .../076-libkrb5-26-heimdal_7.5.0+dfsg-1ubuntu0.2_amd64.deb ...\r\nUnpacking libkrb5-26-heimdal:amd64 (7.5.0+dfsg-1ubuntu0.2) ...\r\nSelecting previously unselected package libheimntlm0-heimdal:amd64.\r\nPreparing to unpack .../077-libheimntlm0-heimdal_7.5.0+dfsg-1ubuntu0.2_amd64.deb ...\r\nUnpacking libheimntlm0-heimdal:amd64 (7.5.0+dfsg-1ubuntu0.2) ...\r\nSelecting previously unselected package libgssapi3-heimdal:amd64.\r\nPreparing to unpack .../078-libgssapi3-heimdal_7.5.0+dfsg-1ubuntu0.2_amd64.deb ...\r\nUnpacking libgssapi3-heimdal:amd64 (7.5.0+dfsg-1ubuntu0.2) ...\r\nSelecting previously unselected package libsasl2-modules-db:amd64.\r\nPreparing to unpack .../079-libsasl2-modules-db_2.1.27~101-g0780600+dfsg-3ubuntu2.4_amd64.deb ...\r\nUnpacking libsasl2-modules-db:amd64 (2.1.27~101-g0780600+dfsg-3ubuntu2.4) ...\r\nSelecting previously unselected package libsasl2-2:amd64.\r\nPreparing to unpack .../080-libsasl2-2_2.1.27~101-g0780600+dfsg-3ubuntu2.4_amd64.deb ...\r\nUnpacking libsasl2-2:amd64 (2.1.27~101-g0780600+dfsg-3ubuntu2.4) ...\r\nSelecting previously unselected package libldap-common.\r\nPreparing to unpack .../081-libldap-common_2.4.45+dfsg-1ubuntu1.11_all.deb ...\r\nUnpacking libldap-common (2.4.45+dfsg-1ubuntu1.11) ...\r\nSelecting previously unselected package libldap-2.4-2:amd64.\r\nPreparing to unpack .../082-libldap-2.4-2_2.4.45+dfsg-1ubuntu1.11_amd64.deb ...\r\nUnpacking libldap-2.4-2:amd64 (2.4.45+dfsg-1ubuntu1.11) ...\r\nSelecting previously unselected package libnpth0:amd64.\r\nPreparing to unpack .../083-libnpth0_1.5-3_amd64.deb ...\r\nUnpacking libnpth0:amd64 (1.5-3) ...\r\nSelecting previously unselected package dirmngr.\r\nPreparing to unpack .../084-dirmngr_2.2.4-1ubuntu1.6_amd64.deb ...\r\nUnpacking dirmngr (2.2.4-1ubuntu1.6) ...\r\nSelecting previously unselected package libfakeroot:amd64.\r\nPreparing to unpack .../085-libfakeroot_1.22-2ubuntu1_amd64.deb ...\r\nUnpacking libfakeroot:amd64 (1.22-2ubuntu1) ...\r\nSelecting previously unselected package fakeroot.\r\nPreparing to unpack .../086-fakeroot_1.22-2ubuntu1_amd64.deb ...\r\nUnpacking fakeroot (1.22-2ubuntu1) ...\r\nSelecting previously unselected package libfreetype6:amd64.\r\nPreparing to unpack .../087-libfreetype6_2.8.1-2ubuntu2.2_amd64.deb ...\r\nUnpacking libfreetype6:amd64 (2.8.1-2ubuntu2.2) ...\r\nSelecting previously unselected package libgraphite2-3:amd64.\r\nPreparing to unpack .../088-libgraphite2-3_1.3.11-2_amd64.deb ...\r\nUnpacking libgraphite2-3:amd64 (1.3.11-2) ...\r\nSelecting previously unselected package libharfbuzz0b:amd64.\r\nPreparing to unpack .../089-libharfbuzz0b_1.7.2-1ubuntu1_amd64.deb ...\r\nUnpacking libharfbuzz0b:amd64 (1.7.2-1ubuntu1) ...\r\nSelecting previously unselected package gir1.2-harfbuzz-0.0:amd64.\r\nPreparing to unpack .../090-gir1.2-harfbuzz-0.0_1.7.2-1ubuntu1_amd64.deb ...\r\nUnpacking gir1.2-harfbuzz-0.0:amd64 (1.7.2-1ubuntu1) ...\r\nSelecting previously unselected package gnupg-l10n.\r\nPreparing to unpack .../091-gnupg-l10n_2.2.4-1ubuntu1.6_all.deb ...\r\nUnpacking gnupg-l10n (2.2.4-1ubuntu1.6) ...\r\nSelecting previously unselected package gnupg-utils.\r\nPreparing to unpack .../092-gnupg-utils_2.2.4-1ubuntu1.6_amd64.deb ...\r\nUnpacking gnupg-utils (2.2.4-1ubuntu1.6) ...\r\nSelecting previously unselected package gpg.\r\nPreparing to unpack .../093-gpg_2.2.4-1ubuntu1.6_amd64.deb ...\r\nUnpacking gpg (2.2.4-1ubuntu1.6) ...\r\nSelecting previously unselected package pinentry-curses.\r\nPreparing to unpack .../094-pinentry-curses_1.1.0-1_amd64.deb ...\r\nUnpacking pinentry-curses (1.1.0-1) ...\r\nSelecting previously unselected package gpg-agent.\r\nPreparing to unpack .../095-gpg-agent_2.2.4-1ubuntu1.6_amd64.deb ...\r\nUnpacking gpg-agent (2.2.4-1ubuntu1.6) ...\r\nSelecting previously unselected package gpg-wks-client.\r\nPreparing to unpack .../096-gpg-wks-client_2.2.4-1ubuntu1.6_amd64.deb ...\r\nUnpacking gpg-wks-client (2.2.4-1ubuntu1.6) ...\r\nSelecting previously unselected package gpg-wks-server.\r\nPreparing to unpack .../097-gpg-wks-server_2.2.4-1ubuntu1.6_amd64.deb ...\r\nUnpacking gpg-wks-server (2.2.4-1ubuntu1.6) ...\r\nSelecting previously unselected package gpgsm.\r\nPreparing to unpack .../098-gpgsm_2.2.4-1ubuntu1.6_amd64.deb ...\r\nUnpacking gpgsm (2.2.4-1ubuntu1.6) ...\r\nSelecting previously unselected package gnupg.\r\nPreparing to unpack .../099-gnupg_2.2.4-1ubuntu1.6_amd64.deb ...\r\nUnpacking gnupg (2.2.4-1ubuntu1.6) ...\r\nSelecting previously unselected package icu-devtools.\r\nPreparing to unpack .../100-icu-devtools_60.2-3ubuntu3.2_amd64.deb ...\r\nUnpacking icu-devtools (60.2-3ubuntu3.2) ...\r\nSelecting previously unselected package libalgorithm-diff-perl.\r\nPreparing to unpack .../101-libalgorithm-diff-perl_1.19.03-1_all.deb ...\r\nUnpacking libalgorithm-diff-perl (1.19.03-1) ...\r\nSelecting previously unselected package libalgorithm-diff-xs-perl.\r\nPreparing to unpack .../102-libalgorithm-diff-xs-perl_0.04-5_amd64.deb ...\r\nUnpacking libalgorithm-diff-xs-perl (0.04-5) ...\r\nSelecting previously unselected package libalgorithm-merge-perl.\r\nPreparing to unpack .../103-libalgorithm-merge-perl_0.08-3_all.deb ...\r\nUnpacking libalgorithm-merge-perl (0.08-3) ...\r\nSelecting previously unselected package libexpat1-dev:amd64.\r\nPreparing to unpack .../104-libexpat1-dev_2.2.5-3ubuntu0.9_amd64.deb ...\r\nUnpacking libexpat1-dev:amd64 (2.2.5-3ubuntu0.9) ...\r\nSelecting previously unselected package libfile-fcntllock-perl.\r\nPreparing to unpack .../105-libfile-fcntllock-perl_0.22-3build2_amd64.deb ...\r\nUnpacking libfile-fcntllock-perl (0.22-3build2) ...\r\nSelecting previously unselected package libglib2.0-bin.\r\nPreparing to unpack .../106-libglib2.0-bin_2.56.4-0ubuntu0.18.04.9_amd64.deb ...\r\nUnpacking libglib2.0-bin (2.56.4-0ubuntu0.18.04.9) ...\r\nSelecting previously unselected package libglib2.0-dev-bin.\r\nPreparing to unpack .../107-libglib2.0-dev-bin_2.56.4-0ubuntu0.18.04.9_amd64.deb ...\r\nUnpacking libglib2.0-dev-bin (2.56.4-0ubuntu0.18.04.9) ...\r\nSelecting previously unselected package libpcre16-3:amd64.\r\nPreparing to unpack .../108-libpcre16-3_2%3a8.39-9ubuntu0.1_amd64.deb ...\r\nUnpacking libpcre16-3:amd64 (2:8.39-9ubuntu0.1) ...\r\nSelecting previously unselected package libpcre32-3:amd64.\r\nPreparing to unpack .../109-libpcre32-3_2%3a8.39-9ubuntu0.1_amd64.deb ...\r\nUnpacking libpcre32-3:amd64 (2:8.39-9ubuntu0.1) ...\r\nSelecting previously unselected package libpcrecpp0v5:amd64.\r\nPreparing to unpack .../110-libpcrecpp0v5_2%3a8.39-9ubuntu0.1_amd64.deb ...\r\nUnpacking libpcrecpp0v5:amd64 (2:8.39-9ubuntu0.1) ...\r\nSelecting previously unselected package libpcre3-dev:amd64.\r\nPreparing to unpack .../111-libpcre3-dev_2%3a8.39-9ubuntu0.1_amd64.deb ...\r\nUnpacking libpcre3-dev:amd64 (2:8.39-9ubuntu0.1) ...\r\nSelecting previously unselected package pkg-config.\r\nPreparing to unpack .../112-pkg-config_0.29.1-0ubuntu2_amd64.deb ...\r\nUnpacking pkg-config (0.29.1-0ubuntu2) ...\r\nSelecting previously unselected package zlib1g-dev:amd64.\r\nPreparing to unpack .../113-zlib1g-dev_1%3a1.2.11.dfsg-0ubuntu2.2_amd64.deb ...\r\nUnpacking zlib1g-dev:amd64 (1:1.2.11.dfsg-0ubuntu2.2) ...\r\nSelecting previously unselected package libglib2.0-dev:amd64.\r\nPreparing to unpack .../114-libglib2.0-dev_2.56.4-0ubuntu0.18.04.9_amd64.deb ...\r\nUnpacking libglib2.0-dev:amd64 (2.56.4-0ubuntu0.18.04.9) ...\r\nSelecting previously unselected package libgraphite2-dev:amd64.\r\nPreparing to unpack .../115-libgraphite2-dev_1.3.11-2_amd64.deb ...\r\nUnpacking libgraphite2-dev:amd64 (1.3.11-2) ...\r\nSelecting previously unselected package libharfbuzz-icu0:amd64.\r\nPreparing to unpack .../116-libharfbuzz-icu0_1.7.2-1ubuntu1_amd64.deb ...\r\nUnpacking libharfbuzz-icu0:amd64 (1.7.2-1ubuntu1) ...\r\nSelecting previously unselected package libharfbuzz-gobject0:amd64.\r\nPreparing to unpack .../117-libharfbuzz-gobject0_1.7.2-1ubuntu1_amd64.deb ...\r\nUnpacking libharfbuzz-gobject0:amd64 (1.7.2-1ubuntu1) ...\r\nSelecting previously unselected package libicu-le-hb0:amd64.\r\nPreparing to unpack .../118-libicu-le-hb0_1.0.3+git161113-4_amd64.deb ...\r\nUnpacking libicu-le-hb0:amd64 (1.0.3+git161113-4) ...\r\nSelecting previously unselected package libiculx60:amd64.\r\nPreparing to unpack .../119-libiculx60_60.2-3ubuntu3.2_amd64.deb ...\r\nUnpacking libiculx60:amd64 (60.2-3ubuntu3.2) ...\r\nSelecting previously unselected package libicu-le-hb-dev:amd64.\r\nPreparing to unpack .../120-libicu-le-hb-dev_1.0.3+git161113-4_amd64.deb ...\r\nUnpacking libicu-le-hb-dev:amd64 (1.0.3+git161113-4) ...\r\nSelecting previously unselected package libicu-dev.\r\nPreparing to unpack .../121-libicu-dev_60.2-3ubuntu3.2_amd64.deb ...\r\nUnpacking libicu-dev (60.2-3ubuntu3.2) ...\r\nSelecting previously unselected package libharfbuzz-dev:amd64.\r\nPreparing to unpack .../122-libharfbuzz-dev_1.7.2-1ubuntu1_amd64.deb ...\r\nUnpacking libharfbuzz-dev:amd64 (1.7.2-1ubuntu1) ...\r\nSelecting previously unselected package libpython3.6:amd64.\r\nPreparing to unpack .../123-libpython3.6_3.6.9-1~18.04ubuntu1.9_amd64.deb ...\r\nUnpacking libpython3.6:amd64 (3.6.9-1~18.04ubuntu1.9) ...\r\nSelecting previously unselected package libpython3.6-dev:amd64.\r\nPreparing to unpack .../124-libpython3.6-dev_3.6.9-1~18.04ubuntu1.9_amd64.deb ...\r\nUnpacking libpython3.6-dev:amd64 (3.6.9-1~18.04ubuntu1.9) ...\r\nSelecting previously unselected package libpython3-dev:amd64.\r\nPreparing to unpack .../125-libpython3-dev_3.6.7-1~18.04_amd64.deb ...\r\nUnpacking libpython3-dev:amd64 (3.6.7-1~18.04) ...\r\nSelecting previously unselected package libsasl2-modules:amd64.\r\nPreparing to unpack .../126-libsasl2-modules_2.1.27~101-g0780600+dfsg-3ubuntu2.4_amd64.deb ...\r\nUnpacking libsasl2-modules:amd64 (2.1.27~101-g0780600+dfsg-3ubuntu2.4) ...\r\nSelecting previously unselected package libxml2-dev:amd64.\r\nPreparing to unpack .../127-libxml2-dev_2.9.4+dfsg1-6.1ubuntu1.8_amd64.deb ...\r\nUnpacking libxml2-dev:amd64 (2.9.4+dfsg1-6.1ubuntu1.8) ...\r\nSelecting previously unselected package manpages-dev.\r\nPreparing to unpack .../128-manpages-dev_4.15-1_all.deb ...\r\nUnpacking manpages-dev (4.15-1) ...\r\nSelecting previously unselected package python-pip-whl.\r\nPreparing to unpack .../129-python-pip-whl_9.0.1-2.3~ubuntu1.18.04.5_all.deb ...\r\nUnpacking python-pip-whl (9.0.1-2.3~ubuntu1.18.04.5) ...\r\nSelecting previously unselected package python3-async-timeout.\r\nPreparing to unpack .../130-python3-async-timeout_2.0.0-1_all.deb ...\r\nUnpacking python3-async-timeout (2.0.0-1) ...\r\nSelecting previously unselected package python3-attr.\r\nPreparing to unpack .../131-python3-attr_17.4.0-2_all.deb ...\r\nUnpacking python3-attr (17.4.0-2) ...\r\nSelecting previously unselected package python3-pkg-resources.\r\nPreparing to unpack .../132-python3-pkg-resources_39.0.1-2_all.deb ...\r\nUnpacking python3-pkg-resources (39.0.1-2) ...\r\nSelecting previously unselected package python3-chardet.\r\nPreparing to unpack .../133-python3-chardet_3.0.4-1_all.deb ...\r\nUnpacking python3-chardet (3.0.4-1) ...\r\nSelecting previously unselected package python3-multidict.\r\nPreparing to unpack .../134-python3-multidict_4.1.0-1_amd64.deb ...\r\nUnpacking python3-multidict (4.1.0-1) ...\r\nSelecting previously unselected package python3-idna.\r\nPreparing to unpack .../135-python3-idna_2.6-1_all.deb ...\r\nUnpacking python3-idna (2.6-1) ...\r\nSelecting previously unselected package python3-yarl.\r\nPreparing to unpack .../136-python3-yarl_1.1.0-1_amd64.deb ...\r\nUnpacking python3-yarl (1.1.0-1) ...\r\nSelecting previously unselected package python3-aiohttp.\r\nPreparing to unpack .../137-python3-aiohttp_3.0.1-1_amd64.deb ...\r\nUnpacking python3-aiohttp (3.0.1-1) ...\r\nSelecting previously unselected package python3-asn1crypto.\r\nPreparing to unpack .../138-python3-asn1crypto_0.24.0-1_all.deb ...\r\nUnpacking python3-asn1crypto (0.24.0-1) ...\r\nSelecting previously unselected package python3-certifi.\r\nPreparing to unpack .../139-python3-certifi_2018.1.18-2_all.deb ...\r\nUnpacking python3-certifi (2018.1.18-2) ...\r\nSelecting previously unselected package python3-cffi-backend.\r\nPreparing to unpack .../140-python3-cffi-backend_1.11.5-1_amd64.deb ...\r\nUnpacking python3-cffi-backend (1.11.5-1) ...\r\nSelecting previously unselected package python3-crypto.\r\nPreparing to unpack .../141-python3-crypto_2.6.1-8ubuntu2_amd64.deb ...\r\nUnpacking python3-crypto (2.6.1-8ubuntu2) ...\r\nSelecting previously unselected package python3-six.\r\nPreparing to unpack .../142-python3-six_1.11.0-2_all.deb ...\r\nUnpacking python3-six (1.11.0-2) ...\r\nSelecting previously unselected package python3-cryptography.\r\nPreparing to unpack .../143-python3-cryptography_2.1.4-1ubuntu1.4_amd64.deb ...\r\nUnpacking python3-cryptography (2.1.4-1ubuntu1.4) ...\r\nSelecting previously unselected package python3.6-dev.\r\nPreparing to unpack .../144-python3.6-dev_3.6.9-1~18.04ubuntu1.9_amd64.deb ...\r\nUnpacking python3.6-dev (3.6.9-1~18.04ubuntu1.9) ...\r\nSelecting previously unselected package python3-dev.\r\nPreparing to unpack .../145-python3-dev_3.6.7-1~18.04_amd64.deb ...\r\nUnpacking python3-dev (3.6.7-1~18.04) ...\r\nSelecting previously unselected package python3-secretstorage.\r\nPreparing to unpack .../146-python3-secretstorage_2.3.1-2_all.deb ...\r\nUnpacking python3-secretstorage (2.3.1-2) ...\r\nSelecting previously unselected package python3-keyring.\r\nPreparing to unpack .../147-python3-keyring_10.6.0-1_all.deb ...\r\nUnpacking python3-keyring (10.6.0-1) ...\r\nSelecting previously unselected package python3-keyrings.alt.\r\nPreparing to unpack .../148-python3-keyrings.alt_3.0-1_all.deb ...\r\nUnpacking python3-keyrings.alt (3.0-1) ...\r\nSelecting previously unselected package python3-pip.\r\nPreparing to unpack .../149-python3-pip_9.0.1-2.3~ubuntu1.18.04.5_all.deb ...\r\nUnpacking python3-pip (9.0.1-2.3~ubuntu1.18.04.5) ...\r\nSelecting previously unselected package python3-urllib3.\r\nPreparing to unpack .../150-python3-urllib3_1.22-1ubuntu0.18.04.2_all.deb ...\r\nUnpacking python3-urllib3 (1.22-1ubuntu0.18.04.2) ...\r\nSelecting previously unselected package python3-requests.\r\nPreparing to unpack .../151-python3-requests_2.18.4-2ubuntu0.1_all.deb ...\r\nUnpacking python3-requests (2.18.4-2ubuntu0.1) ...\r\nSelecting previously unselected package python3-setuptools.\r\nPreparing to unpack .../152-python3-setuptools_39.0.1-2_all.deb ...\r\nUnpacking python3-setuptools (39.0.1-2) ...\r\nSelecting previously unselected package python3-wheel.\r\nPreparing to unpack .../153-python3-wheel_0.30.0-0.2_all.deb ...\r\nUnpacking python3-wheel (0.30.0-0.2) ...\r\nSelecting previously unselected package python3-xdg.\r\nPreparing to unpack .../154-python3-xdg_0.25-4ubuntu1.1_all.deb ...\r\nUnpacking python3-xdg (0.25-4ubuntu1.1) ...\r\nSetting up libquadmath0:amd64 (8.4.0-1ubuntu1~18.04) ...\r\nSetting up libnpth0:amd64 (1.5-3) ...\r\nSetting up libgomp1:amd64 (8.4.0-1ubuntu1~18.04) ...\r\nSetting up libatomic1:amd64 (8.4.0-1ubuntu1~18.04) ...\r\nSetting up readline-common (7.0-3) ...\r\nSetting up manpages (4.15-1) ...\r\nSetting up libicu60:amd64 (60.2-3ubuntu3.2) ...\r\nSetting up libcc1-0:amd64 (8.4.0-1ubuntu1~18.04) ...\r\nSetting up make (4.1-9.1ubuntu1) ...\r\nSetting up mime-support (3.60ubuntu1) ...\r\nSetting up libpng16-16:amd64 (1.6.34-1ubuntu0.18.04.2) ...\r\nSetting up libldap-common (2.4.45+dfsg-1ubuntu1.11) ...\r\nSetting up libreadline7:amd64 (7.0-3) ...\r\nSetting up libelf1:amd64 (0.170-0.4ubuntu0.1) ...\r\nSetting up libtsan0:amd64 (8.4.0-1ubuntu1~18.04) ...\r\nSetting up libglib2.0-0:amd64 (2.56.4-0ubuntu0.18.04.9) ...\r\nNo schema files found: doing nothing.\r\nSetting up libsasl2-modules-db:amd64 (2.1.27~101-g0780600+dfsg-3ubuntu2.4) ...\r\nSetting up linux-libc-dev:amd64 (4.15.0-201.212) ...\r\nSetting up libmpfr6:amd64 (4.0.1-1) ...\r\nSetting up libsasl2-2:amd64 (2.1.27~101-g0780600+dfsg-3ubuntu2.4) ...\r\nSetting up libroken18-heimdal:amd64 (7.5.0+dfsg-1ubuntu0.2) ...\r\nSetting up libksba8:amd64 (1.3.5-2ubuntu0.18.04.2) ...\r\nSetting up perl-modules-5.26 (5.26.1-6ubuntu0.6) ...\r\nSetting up libgdbm5:amd64 (1.14.1-6) ...\r\nSetting up libgirepository-1.0-1:amd64 (1.56.1-1) ...\r\nSetting up libxml2:amd64 (2.9.4+dfsg1-6.1ubuntu1.8) ...\r\nSetting up libfreetype6:amd64 (2.8.1-2ubuntu2.2) ...\r\nSetting up libmagic-mgc (1:5.32-2ubuntu0.4) ...\r\nSetting up gnupg-l10n (2.2.4-1ubuntu1.6) ...\r\nSetting up libmagic1:amd64 (1:5.32-2ubuntu0.4) ...\r\nSetting up libgraphite2-3:amd64 (1.3.11-2) ...\r\nSetting up liblsan0:amd64 (8.4.0-1ubuntu1~18.04) ...\r\nSetting up gcc-7-base:amd64 (7.5.0-3ubuntu1~18.04) ...\r\nSetting up binutils-common:amd64 (2.30-21ubuntu1~18.04.8) ...\r\nSetting up libmpx2:amd64 (8.4.0-1ubuntu1~18.04) ...\r\nSetting up gir1.2-glib-2.0:amd64 (1.56.1-1) ...\r\nSetting up patch (2.7.6-2ubuntu1.1) ...\r\nSetting up libglib2.0-data (2.56.4-0ubuntu0.18.04.9) ...\r\nSetting up libapparmor1:amd64 (2.12-4ubuntu5.1) ...\r\nSetting up xz-utils (5.2.2-1.3ubuntu0.1) ...\r\nupdate-alternatives: using /usr/bin/xz to provide /usr/bin/lzma (lzma) in auto mode\r\nupdate-alternatives: warning: skip creation of /usr/share/man/man1/lzma.1.gz because associated file /usr/share/man/man1/xz.1.gz (of link group lzma) doesn't exist\r\nupdate-alternatives: warning: skip creation of /usr/share/man/man1/unlzma.1.gz because associated file /usr/share/man/man1/unxz.1.gz (of link group lzma) doesn't exist\r\nupdate-alternatives: warning: skip creation of /usr/share/man/man1/lzcat.1.gz because associated file /usr/share/man/man1/xzcat.1.gz (of link group lzma) doesn't exist\r\nupdate-alternatives: warning: skip creation of /usr/share/man/man1/lzmore.1.gz because associated file /usr/share/man/man1/xzmore.1.gz (of link group lzma) doesn't exist\r\nupdate-alternatives: warning: skip creation of /usr/share/man/man1/lzless.1.gz because associated file /usr/share/man/man1/xzless.1.gz (of link group lzma) doesn't exist\r\nupdate-alternatives: warning: skip creation of /usr/share/man/man1/lzdiff.1.gz because associated file /usr/share/man/man1/xzdiff.1.gz (of link group lzma) doesn't exist\r\nupdate-alternatives: warning: skip creation of /usr/share/man/man1/lzcmp.1.gz because associated file /usr/share/man/man1/xzcmp.1.gz (of link group lzma) doesn't exist\r\nupdate-alternatives: warning: skip creation of /usr/share/man/man1/lzgrep.1.gz because associated file /usr/share/man/man1/xzgrep.1.gz (of link group lzma) doesn't exist\r\nupdate-alternatives: warning: skip creation of /usr/share/man/man1/lzegrep.1.gz because associated file /usr/share/man/man1/xzegrep.1.gz (of link group lzma) doesn't exist\r\nupdate-alternatives: warning: skip creation of /usr/share/man/man1/lzfgrep.1.gz because associated file /usr/share/man/man1/xzfgrep.1.gz (of link group lzma) doesn't exist\r\nSetting up libheimbase1-heimdal:amd64 (7.5.0+dfsg-1ubuntu0.2) ...\r\nSetting up libfakeroot:amd64 (1.22-2ubuntu1) ...\r\nSetting up openssl (1.1.1-1ubuntu2.1~18.04.20) ...\r\nSetting up libsqlite3-0:amd64 (3.22.0-1ubuntu0.7) ...\r\nSetting up liblocale-gettext-perl (1.07-3build2) ...\r\nSetting up shared-mime-info (1.9-2) ...\r\nSetting up libpcrecpp0v5:amd64 (2:8.39-9ubuntu0.1) ...\r\nSetting up libpcre32-3:amd64 (2:8.39-9ubuntu0.1) ...\r\nSetting up libmpc3:amd64 (1.1.0-1) ...\r\nSetting up icu-devtools (60.2-3ubuntu3.2) ...\r\nSetting up libc-dev-bin (2.27-3ubuntu1.6) ...\r\nSetting up libpcre16-3:amd64 (2:8.39-9ubuntu0.1) ...\r\nSetting up libgdbm-compat4:amd64 (1.14.1-6) ...\r\nSetting up libsasl2-modules:amd64 (2.1.27~101-g0780600+dfsg-3ubuntu2.4) ...\r\nSetting up ca-certificates (20211016ubuntu0.18.04.1) ...\r\ndebconf: unable to initialize frontend: Dialog\r\ndebconf: (TERM is not set, so the dialog frontend is not usable.)\r\ndebconf: falling back to frontend: Readline\r\nUpdating certificates in /etc/ssl/certs...\r\n124 added, 0 removed; done.\r\nSetting up manpages-dev (4.15-1) ...\r\nSetting up libglib2.0-bin (2.56.4-0ubuntu0.18.04.9) ...\r\nSetting up libc6-dev:amd64 (2.27-3ubuntu1.6) ...\r\nSetting up libgraphite2-dev:amd64 (1.3.11-2) ...\r\nSetting up libassuan0:amd64 (2.5.1-2) ...\r\nSetting up xdg-user-dirs (0.17-1ubuntu1) ...\r\nSetting up libitm1:amd64 (8.4.0-1ubuntu1~18.04) ...\r\nSetting up libmpdec2:amd64 (2.4.2-1ubuntu1) ...\r\nSetting up libdbus-1-3:amd64 (1.12.2-1ubuntu1.4) ...\r\nSetting up netbase (5.4) ...\r\nSetting up zlib1g-dev:amd64 (1:1.2.11.dfsg-0ubuntu2.2) ...\r\nSetting up libisl19:amd64 (0.19-1) ...\r\nSetting up python-pip-whl (9.0.1-2.3~ubuntu1.18.04.5) ...\r\nSetting up libpython3.6-stdlib:amd64 (3.6.9-1~18.04ubuntu1.9) ...\r\nSetting up libpcre3-dev:amd64 (2:8.39-9ubuntu0.1) ...\r\nSetting up python3.6 (3.6.9-1~18.04ubuntu1.9) ...\r\nSetting up libwind0-heimdal:amd64 (7.5.0+dfsg-1ubuntu0.2) ...\r\nSetting up libasan4:amd64 (7.5.0-3ubuntu1~18.04) ...\r\nSetting up libbinutils:amd64 (2.30-21ubuntu1~18.04.8) ...\r\nSetting up libcilkrts5:amd64 (7.5.0-3ubuntu1~18.04) ...\r\nSetting up libasn1-8-heimdal:amd64 (7.5.0+dfsg-1ubuntu0.2) ...\r\nSetting up libubsan0:amd64 (7.5.0-3ubuntu1~18.04) ...\r\nSetting up gpgconf (2.2.4-1ubuntu1.6) ...\r\nSetting up libhcrypto4-heimdal:amd64 (7.5.0+dfsg-1ubuntu0.2) ...\r\nSetting up libharfbuzz0b:amd64 (1.7.2-1ubuntu1) ...\r\nSetting up file (1:5.32-2ubuntu0.4) ...\r\nSetting up fakeroot (1.22-2ubuntu1) ...\r\nupdate-alternatives: using /usr/bin/fakeroot-sysv to provide /usr/bin/fakeroot (fakeroot) in auto mode\r\nupdate-alternatives: warning: skip creation of /usr/share/man/man1/fakeroot.1.gz because associated file /usr/share/man/man1/fakeroot-sysv.1.gz (of link group fakeroot) doesn't exist\r\nupdate-alternatives: warning: skip creation of /usr/share/man/man1/faked.1.gz because associated file /usr/share/man/man1/faked-sysv.1.gz (of link group fakeroot) doesn't exist\r\nupdate-alternatives: warning: skip creation of /usr/share/man/es/man1/fakeroot.1.gz because associated file /usr/share/man/es/man1/fakeroot-sysv.1.gz (of link group fakeroot) doesn't exist\r\nupdate-alternatives: warning: skip creation of /usr/share/man/es/man1/faked.1.gz because associated file /usr/share/man/es/man1/faked-sysv.1.gz (of link group fakeroot) doesn't exist\r\nupdate-alternatives: warning: skip creation of /usr/share/man/fr/man1/fakeroot.1.gz because associated file /usr/share/man/fr/man1/fakeroot-sysv.1.gz (of link group fakeroot) doesn't exist\r\nupdate-alternatives: warning: skip creation of /usr/share/man/fr/man1/faked.1.gz because associated file /usr/share/man/fr/man1/faked-sysv.1.gz (of link group fakeroot) doesn't exist\r\nupdate-alternatives: warning: skip creation of /usr/share/man/sv/man1/fakeroot.1.gz because associated file /usr/share/man/sv/man1/fakeroot-sysv.1.gz (of link group fakeroot) doesn't exist\r\nupdate-alternatives: warning: skip creation of /usr/share/man/sv/man1/faked.1.gz because associated file /usr/share/man/sv/man1/faked-sysv.1.gz (of link group fakeroot) doesn't exist\r\nSetting up libhx509-5-heimdal:amd64 (7.5.0+dfsg-1ubuntu0.2) ...\r\nSetting up libgcc-7-dev:amd64 (7.5.0-3ubuntu1~18.04) ...\r\nSetting up cpp-7 (7.5.0-3ubuntu1~18.04) ...\r\nSetting up libstdc++-7-dev:amd64 (7.5.0-3ubuntu1~18.04) ...\r\nSetting up gir1.2-harfbuzz-0.0:amd64 (1.7.2-1ubuntu1) ...\r\nSetting up libperl5.26:amd64 (5.26.1-6ubuntu0.6) ...\r\nSetting up gpgsm (2.2.4-1ubuntu1.6) ...\r\nSetting up gnupg-utils (2.2.4-1ubuntu1.6) ...\r\nSetting up libexpat1-dev:amd64 (2.2.5-3ubuntu0.9) ...\r\nSetting up pinentry-curses (1.1.0-1) ...\r\nSetting up libkrb5-26-heimdal:amd64 (7.5.0+dfsg-1ubuntu0.2) ...\r\nSetting up dbus (1.12.2-1ubuntu1.4) ...\r\nSetting up libharfbuzz-gobject0:amd64 (1.7.2-1ubuntu1) ...\r\nSetting up libheimntlm0-heimdal:amd64 (7.5.0+dfsg-1ubuntu0.2) ...\r\nSetting up gpg (2.2.4-1ubuntu1.6) ...\r\nSetting up libpython3.6:amd64 (3.6.9-1~18.04ubuntu1.9) ...\r\nSetting up binutils-x86-64-linux-gnu (2.30-21ubuntu1~18.04.8) ...\r\nSetting up libpython3-stdlib:amd64 (3.6.7-1~18.04) ...\r\nSetting up cpp (4:7.4.0-1ubuntu2.3) ...\r\nSetting up libharfbuzz-icu0:amd64 (1.7.2-1ubuntu1) ...\r\nSetting up python3 (3.6.7-1~18.04) ...\r\nrunning python rtupdate hooks for python3.6...\r\nrunning python post-rtupdate hooks for python3.6...\r\nSetting up python3-cffi-backend (1.11.5-1) ...\r\nSetting up python3-async-timeout (2.0.0-1) ...\r\nSetting up python3-crypto (2.6.1-8ubuntu2) ...\r\nSetting up python3-idna (2.6-1) ...\r\nSetting up python3-xdg (0.25-4ubuntu1.1) ...\r\nSetting up libicu-le-hb0:amd64 (1.0.3+git161113-4) ...\r\nSetting up python3-six (1.11.0-2) ...\r\nSetting up gpg-agent (2.2.4-1ubuntu1.6) ...\r\nSetting up python3-certifi (2018.1.18-2) ...\r\nSetting up python3-multidict (4.1.0-1) ...\r\nSetting up python3-wheel (0.30.0-0.2) ...\r\nSetting up gpg-wks-server (2.2.4-1ubuntu1.6) ...\r\nSetting up python3-pkg-resources (39.0.1-2) ...\r\nSetting up python3-gi (3.26.1-2ubuntu1) ...\r\nSetting up libpython3.6-dev:amd64 (3.6.9-1~18.04ubuntu1.9) ...\r\nSetting up perl (5.26.1-6ubuntu0.6) ...\r\nSetting up python3-asn1crypto (0.24.0-1) ...\r\nSetting up libfile-fcntllock-perl (0.22-3build2) ...\r\nSetting up python3-chardet (3.0.4-1) ...\r\nSetting up libiculx60:amd64 (60.2-3ubuntu3.2) ...\r\nSetting up libalgorithm-diff-perl (1.19.03-1) ...\r\nSetting up python3-attr (17.4.0-2) ...\r\nSetting up python3-urllib3 (1.22-1ubuntu0.18.04.2) ...\r\nSetting up binutils (2.30-21ubuntu1~18.04.8) ...\r\nSetting up libgssapi3-heimdal:amd64 (7.5.0+dfsg-1ubuntu0.2) ...\r\nSetting up python3.6-dev (3.6.9-1~18.04ubuntu1.9) ...\r\nSetting up python3-lib2to3 (3.6.9-1~18.04) ...\r\nSetting up python3-distutils (3.6.9-1~18.04) ...\r\nSetting up libpython3-dev:amd64 (3.6.7-1~18.04) ...\r\nSetting up python3-cryptography (2.1.4-1ubuntu1.4) ...\r\nSetting up python3-dbus (1.2.6-1) ...\r\nSetting up libglib2.0-dev-bin (2.56.4-0ubuntu0.18.04.9) ...\r\nSetting up gcc-7 (7.5.0-3ubuntu1~18.04) ...\r\nSetting up g++-7 (7.5.0-3ubuntu1~18.04) ...\r\nSetting up python3-yarl (1.1.0-1) ...\r\nSetting up python3-keyrings.alt (3.0-1) ...\r\nSetting up libdpkg-perl (1.19.0.5ubuntu2.4) ...\r\nSetting up gcc (4:7.4.0-1ubuntu2.3) ...\r\nSetting up libalgorithm-merge-perl (0.08-3) ...\r\nSetting up python3-aiohttp (3.0.1-1) ...\r\nSetting up dpkg-dev (1.19.0.5ubuntu2.4) ...\r\nSetting up libalgorithm-diff-xs-perl (0.04-5) ...\r\nSetting up libldap-2.4-2:amd64 (2.4.45+dfsg-1ubuntu1.11) ...\r\nSetting up python3-pip (9.0.1-2.3~ubuntu1.18.04.5) ...\r\nSetting up python3-requests (2.18.4-2ubuntu0.1) ...\r\nSetting up g++ (4:7.4.0-1ubuntu2.3) ...\r\nupdate-alternatives: using /usr/bin/g++ to provide /usr/bin/c++ (c++) in auto mode\r\nupdate-alternatives: warning: skip creation of /usr/share/man/man1/c++.1.gz because associated file /usr/share/man/man1/g++.1.gz (of link group c++) doesn't exist\r\nSetting up python3-setuptools (39.0.1-2) ...\r\nSetting up python3-secretstorage (2.3.1-2) ...\r\nSetting up dirmngr (2.2.4-1ubuntu1.6) ...\r\nSetting up dh-python (3.20180325ubuntu2) ...\r\nSetting up python3-keyring (10.6.0-1) ...\r\nSetting up build-essential (12.4ubuntu1) ...\r\nSetting up python3-dev (3.6.7-1~18.04) ...\r\nSetting up gpg-wks-client (2.2.4-1ubuntu1.6) ...\r\nSetting up pkg-config (0.29.1-0ubuntu2) ...\r\nSetting up gnupg (2.2.4-1ubuntu1.6) ...\r\nSetting up libglib2.0-dev:amd64 (2.56.4-0ubuntu0.18.04.9) ...\r\nSetting up libicu-le-hb-dev:amd64 (1.0.3+git161113-4) ...\r\nSetting up libicu-dev (60.2-3ubuntu3.2) ...\r\nSetting up libxml2-dev:amd64 (2.9.4+dfsg1-6.1ubuntu1.8) ...\r\nSetting up libharfbuzz-dev:amd64 (1.7.2-1ubuntu1) ...\r\nProcessing triggers for libc-bin (2.27-3ubuntu1.6) ...\r\nProcessing triggers for ca-certificates (20211016ubuntu0.18.04.1) ...\r\nUpdating certificates in /etc/ssl/certs...\r\n0 added, 0 removed; done.\r\nRunning hooks in /etc/ca-certificates/update.d...\r\ndone.\r\nCollecting pip\n  Downloading https://files.pythonhosted.org/packages/a4/6d/6463d49a933f547439d6b5b98b46af8742cc03ae83543e4d7688c2420f8b/pip-21.3.1-py3-none-any.whl (1.7MB)\nInstalling collected packages: pip\n  Found existing installation: pip 9.0.1\n    Not uninstalling pip at /usr/lib/python3/dist-packages, outside environment /usr\nSuccessfully installed pip-21.3.1\nCollecting cellxgene\n  Downloading cellxgene-1.1.1.tar.gz (2.9 MB)\n  Preparing metadata (setup.py): started\n  Preparing metadata (setup.py): finished with status 'done'\nCollecting Flask-Compress>=1.4.0\n  Downloading Flask_Compress-1.13-py3-none-any.whl (7.9 kB)\nCollecting Flask-Cors>=3.0.9\n  Downloading Flask_Cors-3.0.10-py2.py3-none-any.whl (14 kB)\nCollecting Flask-RESTful>=0.3.6\n  Downloading Flask_RESTful-0.3.9-py2.py3-none-any.whl (25 kB)\nCollecting Flask>=1.0.2\n  Downloading Flask-2.0.3-py3-none-any.whl (95 kB)\nCollecting PyYAML>=5.4\n  Downloading PyYAML-6.0-cp36-cp36m-manylinux_2_5_x86_64.manylinux1_x86_64.manylinux_2_12_x86_64.manylinux2010_x86_64.whl (603 kB)\nCollecting anndata>=0.7.6\n  Downloading anndata-0.7.8-py3-none-any.whl (91 kB)\nCollecting boto3>=1.12.18\n  Downloading boto3-1.23.10-py3-none-any.whl (132 kB)\nCollecting click>=7.1.2\n  Downloading click-8.0.4-py3-none-any.whl (97 kB)\nCollecting flask-server-timing>=0.1.2\n  Downloading flask-server-timing-0.1.2.tar.gz (3.3 kB)\n  Preparing metadata (setup.py): started\n  Preparing metadata (setup.py): finished with status 'done'\nCollecting flask-talisman>=0.7.0\n  Downloading flask_talisman-1.0.0-py2.py3-none-any.whl (18 kB)\nCollecting flatbuffers<2.0.0,>=1.11.0\n  Downloading flatbuffers-1.12-py2.py3-none-any.whl (15 kB)\nCollecting flatten-dict>=0.2.0\n  Downloading flatten_dict-0.4.2-py2.py3-none-any.whl (9.7 kB)\nCollecting fsspec<0.8.0,>=0.4.4\n  Downloading fsspec-0.7.4-py3-none-any.whl (75 kB)\nCollecting gunicorn>=20.0.4\n  Downloading gunicorn-20.1.0-py3-none-any.whl (79 kB)\nCollecting h5py>=3.0.0\n  Downloading h5py-3.1.0-cp36-cp36m-manylinux1_x86_64.whl (4.0 MB)\nCollecting numba>=0.51.2\n  Downloading numba-0.53.1-cp36-cp36m-manylinux2014_x86_64.whl (3.4 MB)\nCollecting numpy<=1.22,>=1.17.5\n  Downloading numpy-1.19.5-cp36-cp36m-manylinux2010_x86_64.whl (14.8 MB)\nCollecting packaging>=20.0\n  Downloading packaging-21.3-py3-none-any.whl (40 kB)\nCollecting pandas!=1.1,>=1.0\n  Downloading pandas-1.1.5-cp36-cp36m-manylinux1_x86_64.whl (9.5 MB)\nCollecting requests>=2.22.0\n  Downloading requests-2.27.1-py2.py3-none-any.whl (63 kB)\nCollecting s3fs==0.4.2\n  Downloading s3fs-0.4.2-py3-none-any.whl (19 kB)\nCollecting scipy>=1.4\n  Downloading scipy-1.5.4-cp36-cp36m-manylinux1_x86_64.whl (25.9 MB)\nCollecting botocore>=1.12.91\n  Downloading botocore-1.26.10-py3-none-any.whl (8.8 MB)\nCollecting natsort\n  Downloading natsort-8.2.0-py3-none-any.whl (37 kB)\nCollecting importlib_metadata>=0.7\n  Downloading importlib_metadata-4.8.3-py3-none-any.whl (17 kB)\nCollecting xlrd<2.0\n  Downloading xlrd-1.2.0-py2.py3-none-any.whl (103 kB)\nCollecting jmespath<2.0.0,>=0.7.1\n  Downloading jmespath-0.10.0-py2.py3-none-any.whl (24 kB)\nCollecting s3transfer<0.6.0,>=0.5.0\n  Downloading s3transfer-0.5.2-py3-none-any.whl (79 kB)\nCollecting Werkzeug>=2.0\n  Downloading Werkzeug-2.0.3-py3-none-any.whl (289 kB)\nCollecting itsdangerous>=2.0\n  Downloading itsdangerous-2.0.1-py3-none-any.whl (18 kB)\nCollecting Jinja2>=3.0\n  Downloading Jinja2-3.0.3-py3-none-any.whl (133 kB)\nCollecting brotli\n  Downloading Brotli-1.0.9-cp36-cp36m-manylinux1_x86_64.whl (357 kB)\nRequirement already satisfied: Six in /usr/lib/python3/dist-packages (from Flask-Cors>=3.0.9->cellxgene) (1.11.0)\nCollecting pytz\n  Downloading pytz-2022.7-py2.py3-none-any.whl (499 kB)\nCollecting aniso8601>=0.82\n  Downloading aniso8601-9.0.1-py2.py3-none-any.whl (52 kB)\nCollecting Six\n  Downloading six-1.16.0-py2.py3-none-any.whl (11 kB)\nRequirement already satisfied: setuptools>=3.0 in /usr/lib/python3/dist-packages (from gunicorn>=20.0.4->cellxgene) (39.0.1)\nCollecting cached-property\n  Downloading cached_property-1.5.2-py2.py3-none-any.whl (7.6 kB)\nCollecting llvmlite<0.37,>=0.36.0rc1\n  Downloading llvmlite-0.36.0-cp36-cp36m-manylinux2010_x86_64.whl (25.3 MB)\nCollecting pyparsing!=3.0.5,>=2.0.2\n  Downloading pyparsing-3.0.9-py3-none-any.whl (98 kB)\nCollecting python-dateutil>=2.7.3\n  Downloading python_dateutil-2.8.2-py2.py3-none-any.whl (247 kB)\nCollecting charset-normalizer~=2.0.0\n  Downloading charset_normalizer-2.0.12-py3-none-any.whl (39 kB)\nRequirement already satisfied: urllib3<1.27,>=1.21.1 in /usr/lib/python3/dist-packages (from requests>=2.22.0->cellxgene) (1.22)\nRequirement already satisfied: idna<4,>=2.5 in /usr/lib/python3/dist-packages (from requests>=2.22.0->cellxgene) (2.6)\nRequirement already satisfied: certifi>=2017.4.17 in /usr/lib/python3/dist-packages (from requests>=2.22.0->cellxgene) (2018.1.18)\nCollecting urllib3<1.27,>=1.21.1\n  Downloading urllib3-1.26.13-py2.py3-none-any.whl (140 kB)\nCollecting typing-extensions>=3.6.4\n  Downloading typing_extensions-4.1.1-py3-none-any.whl (26 kB)\nCollecting zipp>=0.5\n  Downloading zipp-3.6.0-py3-none-any.whl (5.3 kB)\nCollecting MarkupSafe>=2.0\n  Downloading MarkupSafe-2.0.1-cp36-cp36m-manylinux_2_5_x86_64.manylinux1_x86_64.manylinux_2_12_x86_64.manylinux2010_x86_64.whl (30 kB)\nCollecting dataclasses\n  Downloading dataclasses-0.8-py3-none-any.whl (19 kB)\nBuilding wheels for collected packages: cellxgene, flask-server-timing\n  Building wheel for cellxgene (setup.py): started\n  Building wheel for cellxgene (setup.py): finished with status 'done'\n  Created wheel for cellxgene: filename=cellxgene-1.1.1-py3-none-any.whl size=2917746 sha256=1d58eb3a769cdcc8af6fd8290a07c05016bba99120ac85231307ada6e80e485b\n  Stored in directory: /root/.cache/pip/wheels/79/f8/9e/874fb03bae294adfd9d027a9a0ad0dcfe7482851c8a2d63ec9\n  Building wheel for flask-server-timing (setup.py): started\n  Building wheel for flask-server-timing (setup.py): finished with status 'done'\n  Created wheel for flask-server-timing: filename=flask_server_timing-0.1.2-py3-none-any.whl size=5763 sha256=37eeb53d87dee1ff94d6cbc79747ad1eaaf5f121de2d79944da2fc9b61490045\n  Stored in directory: /root/.cache/pip/wheels/f0/c9/06/c52fb3602ea00887e1201a362e139e03cd71438199fb37b523\nSuccessfully built cellxgene flask-server-timing\nInstalling collected packages: zipp, typing-extensions, Six, urllib3, python-dateutil, MarkupSafe, jmespath, importlib-metadata, dataclasses, Werkzeug, pytz, pyparsing, numpy, Jinja2, itsdangerous, click, cached-property, botocore, xlrd, scipy, s3transfer, pandas, packaging, natsort, llvmlite, h5py, fsspec, Flask, charset-normalizer, brotli, aniso8601, s3fs, requests, PyYAML, numba, gunicorn, flatten-dict, flatbuffers, flask-talisman, flask-server-timing, Flask-RESTful, Flask-Cors, Flask-Compress, boto3, anndata, cellxgene\n  Attempting uninstall: Six\n    Found existing installation: six 1.11.0\n    Uninstalling six-1.11.0:\n      Successfully uninstalled six-1.11.0\n  Attempting uninstall: urllib3\n    Found existing installation: urllib3 1.22\n    Uninstalling urllib3-1.22:\n      Successfully uninstalled urllib3-1.22\n  Attempting uninstall: requests\n    Found existing installation: requests 2.18.4\n    Uninstalling requests-2.18.4:\n      Successfully uninstalled requests-2.18.4\nSuccessfully installed Flask-2.0.3 Flask-Compress-1.13 Flask-Cors-3.0.10 Flask-RESTful-0.3.9 Jinja2-3.0.3 MarkupSafe-2.0.1 PyYAML-6.0 Six-1.16.0 Werkzeug-2.0.3 aniso8601-9.0.1 anndata-0.7.8 boto3-1.23.10 botocore-1.26.10 brotli-1.0.9 cached-property-1.5.2 cellxgene-1.1.1 charset-normalizer-2.0.12 click-8.0.4 dataclasses-0.8 flask-server-timing-0.1.2 flask-talisman-1.0.0 flatbuffers-1.12 flatten-dict-0.4.2 fsspec-0.7.4 gunicorn-20.1.0 h5py-3.1.0 importlib-metadata-4.8.3 itsdangerous-2.0.1 jmespath-0.10.0 llvmlite-0.36.0 natsort-8.2.0 numba-0.53.1 numpy-1.19.5 packaging-21.3 pandas-1.1.5 pyparsing-3.0.9 python-dateutil-2.8.2 pytz-2022.7 requests-2.27.1 s3fs-0.4.2 s3transfer-0.5.2 scipy-1.5.4 typing-extensions-4.1.1 urllib3-1.26.13 xlrd-1.2.0 zipp-3.6.0\n\u001b[91mWARNING: Running pip as the 'root' user can result in broken permissions and conflicting behaviour with the system package manager. It is recommended to use a virtual environment instead: https://pip.pypa.io/warnings/venv\n\u001b[0mRemoving intermediate container 9e28b1878983\n ---> 43c78f944755\nStep 5/5 : ENTRYPOINT [\"cellxgene\"]\n ---> Running in 3063ea93348a\nRemoving intermediate container 3063ea93348a\n ---> 4c40b16ff9f4\nSuccessfully built 4c40b16ff9f4\nSuccessfully tagged cellxgene:latest\n","stderr":"","imageSize":1065556828},"repair":{"startTime":1673023367205,"endTime":1673023367313,"violations":[{"name":"pipUseNoCacheDir","position":{"start":8,"end":8,"columnStart":4,"columnEnd":26}},{"name":"aptGetInstallUseNoRec","position":{"start":6,"end":6,"columnStart":4,"columnEnd":118}},{"name":"ruleAptGetInstallThenRemoveAptLists","position":{"start":6,"end":6,"columnStart":4,"columnEnd":118}}],"repairedDockerfile":"FROM ubuntu:bionic\n\nENV LC_ALL=C.UTF-8\nENV LANG=C.UTF-8\n\nRUN apt-get update && \\\n    apt-get install --no-install-recommends -y build-essential libxml2-dev python3-dev python3-pip zlib1g-dev python3-requests python3-aiohttp && \\\n    python3 -m pip install --upgrade pip && \\\n    pip3 install --no-cache-dir cellxgene && rm -rf /var/lib/apt/lists/*;\n\nENTRYPOINT [\"cellxgene\"]\n"},"repairedBuild":{"startTime":1673023368268,"endTime":1673023876439,"error":{"code":1,"killed":false,"signal":null,"cmd":"docker build --no-cache --force-rm -t cellxgene:latest -f /tmp/dinghy-analysis/chanzuckerberg/cellxgene/Dockerfile ."},"stdout":"Sending build context to Docker daemon  388.6MB\r\r\nStep 1/5 : FROM ubuntu:bionic\n ---> e28a50f651f9\nStep 2/5 : ENV LC_ALL=C.UTF-8\n ---> Running in bee8fd451baf\nRemoving intermediate container bee8fd451baf\n ---> 6e5f50c26f9f\nStep 3/5 : ENV LANG=C.UTF-8\n ---> Running in 93f09df763da\nRemoving intermediate container 93f09df763da\n ---> fb74567c4490\nStep 4/5 : RUN apt-get update &&     apt-get install --no-install-recommends -y build-essential libxml2-dev python3-dev python3-pip zlib1g-dev python3-requests python3-aiohttp &&     python3 -m pip install --upgrade pip &&     pip3 install --no-cache-dir cellxgene && rm -rf /var/lib/apt/lists/*;\n ---> Running in e5bb28717dbf\nGet:1 http://archive.ubuntu.com/ubuntu bionic InRelease [242 kB]\nGet:2 http://security.ubuntu.com/ubuntu bionic-security InRelease [88.7 kB]\nGet:3 http://security.ubuntu.com/ubuntu bionic-security/multiverse amd64 Packages [22.9 kB]\nGet:4 http://security.ubuntu.com/ubuntu bionic-security/main amd64 Packages [3127 kB]\nGet:5 http://archive.ubuntu.com/ubuntu bionic-updates InRelease [88.7 kB]\nGet:6 http://archive.ubuntu.com/ubuntu bionic-backports InRelease [83.3 kB]\nGet:7 http://archive.ubuntu.com/ubuntu bionic/restricted amd64 Packages [13.5 kB]\nGet:8 http://archive.ubuntu.com/ubuntu bionic/main amd64 Packages [1344 kB]\nGet:9 http://security.ubuntu.com/ubuntu bionic-security/restricted amd64 Packages [1349 kB]\nGet:10 http://archive.ubuntu.com/ubuntu bionic/multiverse amd64 Packages [186 kB]\nGet:11 http://security.ubuntu.com/ubuntu bionic-security/universe amd64 Packages [1573 kB]\nGet:12 http://archive.ubuntu.com/ubuntu bionic/universe amd64 Packages [11.3 MB]\nGet:13 http://archive.ubuntu.com/ubuntu bionic-updates/universe amd64 Packages [2348 kB]\nGet:14 http://archive.ubuntu.com/ubuntu bionic-updates/restricted amd64 Packages [1389 kB]\nGet:15 http://archive.ubuntu.com/ubuntu bionic-updates/main amd64 Packages [3549 kB]\nGet:16 http://archive.ubuntu.com/ubuntu bionic-updates/multiverse amd64 Packages [30.9 kB]\nGet:17 http://archive.ubuntu.com/ubuntu bionic-backports/main amd64 Packages [64.0 kB]\nGet:18 http://archive.ubuntu.com/ubuntu bionic-backports/universe amd64 Packages [20.5 kB]\nFetched 26.9 MB in 3min 37s (124 kB/s)\nReading package lists...\nReading package lists...\nBuilding dependency tree...\nReading state information...\nThe following additional packages will be installed:\n  binutils binutils-common binutils-x86-64-linux-gnu ca-certificates cpp cpp-7\n  dh-python dpkg-dev g++ g++-7 gcc gcc-7 gcc-7-base gir1.2-glib-2.0\n  gir1.2-harfbuzz-0.0 icu-devtools libasan4 libatomic1 libbinutils\n  libc-dev-bin libc6-dev libcc1-0 libcilkrts5 libdpkg-perl libelf1 libexpat1\n  libexpat1-dev libfreetype6 libgcc-7-dev libgdbm-compat4 libgdbm5\n  libgirepository-1.0-1 libglib2.0-0 libglib2.0-bin libglib2.0-data\n  libglib2.0-dev libglib2.0-dev-bin libgomp1 libgraphite2-3 libgraphite2-dev\n  libharfbuzz-dev libharfbuzz-gobject0 libharfbuzz-icu0 libharfbuzz0b\n  libicu-dev libicu-le-hb-dev libicu-le-hb0 libicu60 libiculx60 libisl19\n  libitm1 liblsan0 libmpc3 libmpdec2 libmpfr6 libmpx2 libpcre16-3 libpcre3-dev\n  libpcre32-3 libpcrecpp0v5 libperl5.26 libpng16-16 libpython3-dev\n  libpython3-stdlib libpython3.6 libpython3.6-dev libpython3.6-minimal\n  libpython3.6-stdlib libquadmath0 libreadline7 libsqlite3-0 libssl1.1\n  libstdc++-7-dev libtsan0 libubsan0 libxml2 linux-libc-dev make mime-support\n  openssl patch perl perl-modules-5.26 pkg-config python-pip-whl python3\n  python3-async-timeout python3-attr python3-certifi python3-chardet\n  python3-distutils python3-idna python3-lib2to3 python3-minimal\n  python3-multidict python3-pkg-resources python3-six python3-urllib3\n  python3-yarl python3.6 python3.6-dev python3.6-minimal readline-common\n  xz-utils\nSuggested packages:\n  binutils-doc cpp-doc gcc-7-locales debian-keyring g++-multilib\n  g++-7-multilib gcc-7-doc libstdc++6-7-dbg gcc-multilib manpages-dev autoconf\n  automake libtool flex bison gdb gcc-doc gcc-7-multilib libgcc1-dbg\n  libgomp1-dbg libitm1-dbg libatomic1-dbg libasan4-dbg liblsan0-dbg\n  libtsan0-dbg libubsan0-dbg libcilkrts5-dbg libmpx2-dbg libquadmath0-dbg\n  glibc-doc gnupg | gnupg2 git bzr gdbm-l10n libglib2.0-doc libgraphite2-utils\n  icu-doc libstdc++-7-doc make-doc ed diffutils-doc perl-doc\n  libterm-readline-gnu-perl | libterm-readline-perl-perl python3-doc\n  python3-tk python3-venv python-attr-doc python3-setuptools\n  python3-cryptography python3-openssl python3-socks python3.6-venv\n  python3.6-doc binfmt-support readline-doc\nRecommended packages:\n  fakeroot gnupg | gnupg2 libalgorithm-merge-perl manpages manpages-dev\n  libfile-fcntllock-perl liblocale-gettext-perl shared-mime-info xdg-user-dirs\n  file netbase python3-setuptools python3-wheel\nThe following NEW packages will be installed:\n  binutils binutils-common binutils-x86-64-linux-gnu build-essential\n  ca-certificates cpp cpp-7 dh-python dpkg-dev g++ g++-7 gcc gcc-7 gcc-7-base\n  gir1.2-glib-2.0 gir1.2-harfbuzz-0.0 icu-devtools libasan4 libatomic1\n  libbinutils libc-dev-bin libc6-dev libcc1-0 libcilkrts5 libdpkg-perl libelf1\n  libexpat1 libexpat1-dev libfreetype6 libgcc-7-dev libgdbm-compat4 libgdbm5\n  libgirepository-1.0-1 libglib2.0-0 libglib2.0-bin libglib2.0-data\n  libglib2.0-dev libglib2.0-dev-bin libgomp1 libgraphite2-3 libgraphite2-dev\n  libharfbuzz-dev libharfbuzz-gobject0 libharfbuzz-icu0 libharfbuzz0b\n  libicu-dev libicu-le-hb-dev libicu-le-hb0 libicu60 libiculx60 libisl19\n  libitm1 liblsan0 libmpc3 libmpdec2 libmpfr6 libmpx2 libpcre16-3 libpcre3-dev\n  libpcre32-3 libpcrecpp0v5 libperl5.26 libpng16-16 libpython3-dev\n  libpython3-stdlib libpython3.6 libpython3.6-dev libpython3.6-minimal\n  libpython3.6-stdlib libquadmath0 libreadline7 libsqlite3-0 libssl1.1\n  libstdc++-7-dev libtsan0 libubsan0 libxml2 libxml2-dev linux-libc-dev make\n  mime-support openssl patch perl perl-modules-5.26 pkg-config python-pip-whl\n  python3 python3-aiohttp python3-async-timeout python3-attr python3-certifi\n  python3-chardet python3-dev python3-distutils python3-idna python3-lib2to3\n  python3-minimal python3-multidict python3-pip python3-pkg-resources\n  python3-requests python3-six python3-urllib3 python3-yarl python3.6\n  python3.6-dev python3.6-minimal readline-common xz-utils zlib1g-dev\n0 upgraded, 111 newly installed, 0 to remove and 0 not upgraded.\nNeed to get 128 MB of archives.\nAfter this operation, 429 MB of additional disk space will be used.\nGet:1 http://archive.ubuntu.com/ubuntu bionic-updates/main amd64 libssl1.1 amd64 1.1.1-1ubuntu2.1~18.04.20 [1302 kB]\nGet:2 http://archive.ubuntu.com/ubuntu bionic-updates/main amd64 libpython3.6-minimal amd64 3.6.9-1~18.04ubuntu1.9 [533 kB]\nGet:3 http://archive.ubuntu.com/ubuntu bionic-updates/main amd64 libexpat1 amd64 2.2.5-3ubuntu0.9 [82.8 kB]\nGet:4 http://archive.ubuntu.com/ubuntu bionic-updates/main amd64 python3.6-minimal amd64 3.6.9-1~18.04ubuntu1.9 [1609 kB]\nGet:5 http://archive.ubuntu.com/ubuntu bionic-updates/main amd64 python3-minimal amd64 3.6.7-1~18.04 [23.7 kB]\nGet:6 http://archive.ubuntu.com/ubuntu bionic/main amd64 mime-support all 3.60ubuntu1 [30.1 kB]\nGet:7 http://archive.ubuntu.com/ubuntu bionic/main amd64 libmpdec2 amd64 2.4.2-1ubuntu1 [84.1 kB]\nGet:8 http://archive.ubuntu.com/ubuntu bionic/main amd64 readline-common all 7.0-3 [52.9 kB]\nGet:9 http://archive.ubuntu.com/ubuntu bionic/main amd64 libreadline7 amd64 7.0-3 [124 kB]\nGet:10 http://archive.ubuntu.com/ubuntu bionic-updates/main amd64 libsqlite3-0 amd64 3.22.0-1ubuntu0.7 [499 kB]\nGet:11 http://archive.ubuntu.com/ubuntu bionic-updates/main amd64 libpython3.6-stdlib amd64 3.6.9-1~18.04ubuntu1.9 [1712 kB]\nGet:12 http://archive.ubuntu.com/ubuntu bionic-updates/main amd64 python3.6 amd64 3.6.9-1~18.04ubuntu1.9 [203 kB]\nGet:13 http://archive.ubuntu.com/ubuntu bionic-updates/main amd64 libpython3-stdlib amd64 3.6.7-1~18.04 [7240 B]\nGet:14 http://archive.ubuntu.com/ubuntu bionic-updates/main amd64 python3 amd64 3.6.7-1~18.04 [47.2 kB]\nGet:15 http://archive.ubuntu.com/ubuntu bionic-updates/main amd64 perl-modules-5.26 all 5.26.1-6ubuntu0.6 [2764 kB]\nGet:16 http://archive.ubuntu.com/ubuntu bionic/main amd64 libgdbm5 amd64 1.14.1-6 [26.0 kB]\nGet:17 http://archive.ubuntu.com/ubuntu bionic/main amd64 libgdbm-compat4 amd64 1.14.1-6 [6084 B]\nGet:18 http://archive.ubuntu.com/ubuntu bionic-updates/main amd64 libperl5.26 amd64 5.26.1-6ubuntu0.6 [3556 kB]\nGet:19 http://archive.ubuntu.com/ubuntu bionic-updates/main amd64 perl amd64 5.26.1-6ubuntu0.6 [201 kB]\nGet:20 http://archive.ubuntu.com/ubuntu bionic-updates/main amd64 openssl amd64 1.1.1-1ubuntu2.1~18.04.20 [614 kB]\nGet:21 http://archive.ubuntu.com/ubuntu bionic-updates/main amd64 ca-certificates all 20211016ubuntu0.18.04.1 [140 kB]\nGet:22 http://archive.ubuntu.com/ubuntu bionic-updates/main amd64 libglib2.0-0 amd64 2.56.4-0ubuntu0.18.04.9 [1169 kB]\nGet:23 http://archive.ubuntu.com/ubuntu bionic/main amd64 libgirepository-1.0-1 amd64 1.56.1-1 [82.0 kB]\nGet:24 http://archive.ubuntu.com/ubuntu bionic/main amd64 gir1.2-glib-2.0 amd64 1.56.1-1 [131 kB]\nGet:25 http://archive.ubuntu.com/ubuntu bionic-updates/main amd64 libelf1 amd64 0.170-0.4ubuntu0.1 [44.8 kB]\nGet:26 http://archive.ubuntu.com/ubuntu bionic-updates/main amd64 libglib2.0-data all 2.56.4-0ubuntu0.18.04.9 [4728 B]\nGet:27 http://archive.ubuntu.com/ubuntu bionic-updates/main amd64 libicu60 amd64 60.2-3ubuntu3.2 [8050 kB]\nGet:28 http://archive.ubuntu.com/ubuntu bionic-updates/main amd64 libxml2 amd64 2.9.4+dfsg1-6.1ubuntu1.8 [664 kB]\nGet:29 http://archive.ubuntu.com/ubuntu bionic-updates/main amd64 xz-utils amd64 5.2.2-1.3ubuntu0.1 [83.8 kB]\nGet:30 http://archive.ubuntu.com/ubuntu bionic-updates/main amd64 libpng16-16 amd64 1.6.34-1ubuntu0.18.04.2 [176 kB]\nGet:31 http://archive.ubuntu.com/ubuntu bionic-updates/main amd64 binutils-common amd64 2.30-21ubuntu1~18.04.8 [197 kB]\nGet:32 http://archive.ubuntu.com/ubuntu bionic-updates/main amd64 libbinutils amd64 2.30-21ubuntu1~18.04.8 [488 kB]\nGet:33 http://archive.ubuntu.com/ubuntu bionic-updates/main amd64 binutils-x86-64-linux-gnu amd64 2.30-21ubuntu1~18.04.8 [1839 kB]\nGet:34 http://archive.ubuntu.com/ubuntu bionic-updates/main amd64 binutils amd64 2.30-21ubuntu1~18.04.8 [3388 B]\nGet:35 http://archive.ubuntu.com/ubuntu bionic-updates/main amd64 libc-dev-bin amd64 2.27-3ubuntu1.6 [71.9 kB]\nGet:36 http://archive.ubuntu.com/ubuntu bionic-updates/main amd64 linux-libc-dev amd64 4.15.0-201.212 [1000 kB]\nGet:37 http://archive.ubuntu.com/ubuntu bionic-updates/main amd64 libc6-dev amd64 2.27-3ubuntu1.6 [2587 kB]\nGet:38 http://archive.ubuntu.com/ubuntu bionic-updates/main amd64 gcc-7-base amd64 7.5.0-3ubuntu1~18.04 [18.3 kB]\nGet:39 http://archive.ubuntu.com/ubuntu bionic/main amd64 libisl19 amd64 0.19-1 [551 kB]\nGet:40 http://archive.ubuntu.com/ubuntu bionic/main amd64 libmpfr6 amd64 4.0.1-1 [243 kB]\nGet:41 http://archive.ubuntu.com/ubuntu bionic/main amd64 libmpc3 amd64 1.1.0-1 [40.8 kB]\nGet:42 http://archive.ubuntu.com/ubuntu bionic-updates/main amd64 cpp-7 amd64 7.5.0-3ubuntu1~18.04 [8591 kB]\nGet:43 http://archive.ubuntu.com/ubuntu bionic-updates/main amd64 cpp amd64 4:7.4.0-1ubuntu2.3 [27.7 kB]\nGet:44 http://archive.ubuntu.com/ubuntu bionic-updates/main amd64 libcc1-0 amd64 8.4.0-1ubuntu1~18.04 [39.4 kB]\nGet:45 http://archive.ubuntu.com/ubuntu bionic-updates/main amd64 libgomp1 amd64 8.4.0-1ubuntu1~18.04 [76.5 kB]\nGet:46 http://archive.ubuntu.com/ubuntu bionic-updates/main amd64 libitm1 amd64 8.4.0-1ubuntu1~18.04 [27.9 kB]\nGet:47 http://archive.ubuntu.com/ubuntu bionic-updates/main amd64 libatomic1 amd64 8.4.0-1ubuntu1~18.04 [9192 B]\nGet:48 http://archive.ubuntu.com/ubuntu bionic-updates/main amd64 libasan4 amd64 7.5.0-3ubuntu1~18.04 [358 kB]\nGet:49 http://archive.ubuntu.com/ubuntu bionic-updates/main amd64 liblsan0 amd64 8.4.0-1ubuntu1~18.04 [133 kB]\nGet:50 http://archive.ubuntu.com/ubuntu bionic-updates/main amd64 libtsan0 amd64 8.4.0-1ubuntu1~18.04 [288 kB]\nGet:51 http://archive.ubuntu.com/ubuntu bionic-updates/main amd64 libubsan0 amd64 7.5.0-3ubuntu1~18.04 [126 kB]\nGet:52 http://archive.ubuntu.com/ubuntu bionic-updates/main amd64 libcilkrts5 amd64 7.5.0-3ubuntu1~18.04 [42.5 kB]\nGet:53 http://archive.ubuntu.com/ubuntu bionic-updates/main amd64 libmpx2 amd64 8.4.0-1ubuntu1~18.04 [11.6 kB]\nGet:54 http://archive.ubuntu.com/ubuntu bionic-updates/main amd64 libquadmath0 amd64 8.4.0-1ubuntu1~18.04 [134 kB]\nGet:55 http://archive.ubuntu.com/ubuntu bionic-updates/main amd64 libgcc-7-dev amd64 7.5.0-3ubuntu1~18.04 [2378 kB]\nGet:56 http://archive.ubuntu.com/ubuntu bionic-updates/main amd64 gcc-7 amd64 7.5.0-3ubuntu1~18.04 [9381 kB]\nGet:57 http://archive.ubuntu.com/ubuntu bionic-updates/main amd64 gcc amd64 4:7.4.0-1ubuntu2.3 [5184 B]\nGet:58 http://archive.ubuntu.com/ubuntu bionic-updates/main amd64 libstdc++-7-dev amd64 7.5.0-3ubuntu1~18.04 [1471 kB]\nGet:59 http://archive.ubuntu.com/ubuntu bionic-updates/main amd64 g++-7 amd64 7.5.0-3ubuntu1~18.04 [9697 kB]\nGet:60 http://archive.ubuntu.com/ubuntu bionic-updates/main amd64 g++ amd64 4:7.4.0-1ubuntu2.3 [1568 B]\nGet:61 http://archive.ubuntu.com/ubuntu bionic/main amd64 make amd64 4.1-9.1ubuntu1 [154 kB]\nGet:62 http://archive.ubuntu.com/ubuntu bionic-updates/main amd64 libdpkg-perl all 1.19.0.5ubuntu2.4 [212 kB]\nGet:63 http://archive.ubuntu.com/ubuntu bionic-updates/main amd64 patch amd64 2.7.6-2ubuntu1.1 [102 kB]\nGet:64 http://archive.ubuntu.com/ubuntu bionic-updates/main amd64 dpkg-dev all 1.19.0.5ubuntu2.4 [607 kB]\nGet:65 http://archive.ubuntu.com/ubuntu bionic/main amd64 build-essential amd64 12.4ubuntu1 [4758 B]\nGet:66 http://archive.ubuntu.com/ubuntu bionic-updates/main amd64 python3-lib2to3 all 3.6.9-1~18.04 [77.4 kB]\nGet:67 http://archive.ubuntu.com/ubuntu bionic-updates/main amd64 python3-distutils all 3.6.9-1~18.04 [144 kB]\nGet:68 http://archive.ubuntu.com/ubuntu bionic/main amd64 dh-python all 3.20180325ubuntu2 [89.2 kB]\nGet:69 http://archive.ubuntu.com/ubuntu bionic-updates/main amd64 libfreetype6 amd64 2.8.1-2ubuntu2.2 [335 kB]\nGet:70 http://archive.ubuntu.com/ubuntu bionic/main amd64 libgraphite2-3 amd64 1.3.11-2 [78.7 kB]\nGet:71 http://archive.ubuntu.com/ubuntu bionic/main amd64 libharfbuzz0b amd64 1.7.2-1ubuntu1 [232 kB]\nGet:72 http://archive.ubuntu.com/ubuntu bionic/main amd64 gir1.2-harfbuzz-0.0 amd64 1.7.2-1ubuntu1 [18.6 kB]\nGet:73 http://archive.ubuntu.com/ubuntu bionic-updates/main amd64 icu-devtools amd64 60.2-3ubuntu3.2 [179 kB]\nGet:74 http://archive.ubuntu.com/ubuntu bionic-updates/main amd64 libexpat1-dev amd64 2.2.5-3ubuntu0.9 [124 kB]\nGet:75 http://archive.ubuntu.com/ubuntu bionic-updates/main amd64 libglib2.0-bin amd64 2.56.4-0ubuntu0.18.04.9 [68.9 kB]\nGet:76 http://archive.ubuntu.com/ubuntu bionic-updates/main amd64 libglib2.0-dev-bin amd64 2.56.4-0ubuntu0.18.04.9 [102 kB]\nGet:77 http://archive.ubuntu.com/ubuntu bionic-updates/main amd64 libpcre16-3 amd64 2:8.39-9ubuntu0.1 [147 kB]\nGet:78 http://archive.ubuntu.com/ubuntu bionic-updates/main amd64 libpcre32-3 amd64 2:8.39-9ubuntu0.1 [138 kB]\nGet:79 http://archive.ubuntu.com/ubuntu bionic-updates/main amd64 libpcrecpp0v5 amd64 2:8.39-9ubuntu0.1 [15.3 kB]\nGet:80 http://archive.ubuntu.com/ubuntu bionic-updates/main amd64 libpcre3-dev amd64 2:8.39-9ubuntu0.1 [536 kB]\nGet:81 http://archive.ubuntu.com/ubuntu bionic/main amd64 pkg-config amd64 0.29.1-0ubuntu2 [45.0 kB]\nGet:82 http://archive.ubuntu.com/ubuntu bionic-updates/main amd64 zlib1g-dev amd64 1:1.2.11.dfsg-0ubuntu2.2 [176 kB]\nGet:83 http://archive.ubuntu.com/ubuntu bionic-updates/main amd64 libglib2.0-dev amd64 2.56.4-0ubuntu0.18.04.9 [1385 kB]\nGet:84 http://archive.ubuntu.com/ubuntu bionic/main amd64 libgraphite2-dev amd64 1.3.11-2 [14.5 kB]\nGet:85 http://archive.ubuntu.com/ubuntu bionic/main amd64 libharfbuzz-icu0 amd64 1.7.2-1ubuntu1 [5604 B]\nGet:86 http://archive.ubuntu.com/ubuntu bionic/main amd64 libharfbuzz-gobject0 amd64 1.7.2-1ubuntu1 [13.4 kB]\nGet:87 http://archive.ubuntu.com/ubuntu bionic/main amd64 libicu-le-hb0 amd64 1.0.3+git161113-4 [14.3 kB]\nGet:88 http://archive.ubuntu.com/ubuntu bionic-updates/main amd64 libiculx60 amd64 60.2-3ubuntu3.2 [19.0 kB]\nGet:89 http://archive.ubuntu.com/ubuntu bionic/main amd64 libicu-le-hb-dev amd64 1.0.3+git161113-4 [29.5 kB]\nGet:90 http://archive.ubuntu.com/ubuntu bionic-updates/main amd64 libicu-dev amd64 60.2-3ubuntu3.2 [8894 kB]\nGet:91 http://archive.ubuntu.com/ubuntu bionic/main amd64 libharfbuzz-dev amd64 1.7.2-1ubuntu1 [302 kB]\nGet:92 http://archive.ubuntu.com/ubuntu bionic-updates/main amd64 libpython3.6 amd64 3.6.9-1~18.04ubuntu1.9 [1414 kB]\nGet:93 http://archive.ubuntu.com/ubuntu bionic-updates/main amd64 libpython3.6-dev amd64 3.6.9-1~18.04ubuntu1.9 [44.9 MB]\nGet:94 http://archive.ubuntu.com/ubuntu bionic-updates/main amd64 libpython3-dev amd64 3.6.7-1~18.04 [7328 B]\nGet:95 http://archive.ubuntu.com/ubuntu bionic-updates/main amd64 libxml2-dev amd64 2.9.4+dfsg1-6.1ubuntu1.8 [757 kB]\nGet:96 http://archive.ubuntu.com/ubuntu bionic-updates/universe amd64 python-pip-whl all 9.0.1-2.3~ubuntu1.18.04.5 [1653 kB]\nGet:97 http://archive.ubuntu.com/ubuntu bionic/universe amd64 python3-async-timeout all 2.0.0-1 [4968 B]\nGet:98 http://archive.ubuntu.com/ubuntu bionic/main amd64 python3-attr all 17.4.0-2 [23.8 kB]\nGet:99 http://archive.ubuntu.com/ubuntu bionic/main amd64 python3-pkg-resources all 39.0.1-2 [98.8 kB]\nGet:100 http://archive.ubuntu.com/ubuntu bionic/main amd64 python3-chardet all 3.0.4-1 [80.3 kB]\nGet:101 http://archive.ubuntu.com/ubuntu bionic/universe amd64 python3-multidict amd64 4.1.0-1 [84.1 kB]\nGet:102 http://archive.ubuntu.com/ubuntu bionic/main amd64 python3-idna all 2.6-1 [32.5 kB]\nGet:103 http://archive.ubuntu.com/ubuntu bionic/universe amd64 python3-yarl amd64 1.1.0-1 [44.4 kB]\nGet:104 http://archive.ubuntu.com/ubuntu bionic/universe amd64 python3-aiohttp amd64 3.0.1-1 [168 kB]\nGet:105 http://archive.ubuntu.com/ubuntu bionic/main amd64 python3-certifi all 2018.1.18-2 [144 kB]\nGet:106 http://archive.ubuntu.com/ubuntu bionic-updates/main amd64 python3.6-dev amd64 3.6.9-1~18.04ubuntu1.9 [511 kB]\nGet:107 http://archive.ubuntu.com/ubuntu bionic-updates/main amd64 python3-dev amd64 3.6.7-1~18.04 [1288 B]\nGet:108 http://archive.ubuntu.com/ubuntu bionic-updates/universe amd64 python3-pip all 9.0.1-2.3~ubuntu1.18.04.5 [114 kB]\nGet:109 http://archive.ubuntu.com/ubuntu bionic/main amd64 python3-six all 1.11.0-2 [11.4 kB]\nGet:110 http://archive.ubuntu.com/ubuntu bionic-updates/main amd64 python3-urllib3 all 1.22-1ubuntu0.18.04.2 [86.2 kB]\nGet:111 http://archive.ubuntu.com/ubuntu bionic-updates/main amd64 python3-requests all 2.18.4-2ubuntu0.1 [58.3 kB]\n\u001b[91mdebconf: delaying package configuration, since apt-utils is not installed\n\u001b[0mFetched 128 MB in 1min 59s (1076 kB/s)\nSelecting previously unselected package libssl1.1:amd64.\r\n(Reading database ... \r(Reading database ... 5%\r(Reading database ... 10%\r(Reading database ... 15%\r(Reading database ... 20%\r(Reading database ... 25%\r(Reading database ... 30%\r(Reading database ... 35%\r(Reading database ... 40%\r(Reading database ... 45%\r(Reading database ... 50%\r(Reading database ... 55%\r(Reading database ... 60%\r(Reading database ... 65%\r(Reading database ... 70%\r(Reading database ... 75%\r(Reading database ... 80%\r(Reading database ... 85%\r(Reading database ... 90%\r(Reading database ... 95%\r(Reading database ... 100%\r(Reading database ... 4051 files and directories currently installed.)\r\nPreparing to unpack .../libssl1.1_1.1.1-1ubuntu2.1~18.04.20_amd64.deb ...\r\nUnpacking libssl1.1:amd64 (1.1.1-1ubuntu2.1~18.04.20) ...\r\nSelecting previously unselected package libpython3.6-minimal:amd64.\r\nPreparing to unpack .../libpython3.6-minimal_3.6.9-1~18.04ubuntu1.9_amd64.deb ...\r\nUnpacking libpython3.6-minimal:amd64 (3.6.9-1~18.04ubuntu1.9) ...\r\nSelecting previously unselected package libexpat1:amd64.\r\nPreparing to unpack .../libexpat1_2.2.5-3ubuntu0.9_amd64.deb ...\r\nUnpacking libexpat1:amd64 (2.2.5-3ubuntu0.9) ...\r\nSelecting previously unselected package python3.6-minimal.\r\nPreparing to unpack .../python3.6-minimal_3.6.9-1~18.04ubuntu1.9_amd64.deb ...\r\nUnpacking python3.6-minimal (3.6.9-1~18.04ubuntu1.9) ...\r\nSetting up libssl1.1:amd64 (1.1.1-1ubuntu2.1~18.04.20) ...\r\ndebconf: unable to initialize frontend: Dialog\r\ndebconf: (TERM is not set, so the dialog frontend is not usable.)\r\ndebconf: falling back to frontend: Readline\r\ndebconf: unable to initialize frontend: Readline\r\ndebconf: (Can't locate Term/ReadLine.pm in @INC (you may need to install the Term::ReadLine module) (@INC contains: /etc/perl /usr/local/lib/x86_64-linux-gnu/perl/5.26.1 /usr/local/share/perl/5.26.1 /usr/lib/x86_64-linux-gnu/perl5/5.26 /usr/share/perl5 /usr/lib/x86_64-linux-gnu/perl/5.26 /usr/share/perl/5.26 /usr/local/lib/site_perl /usr/lib/x86_64-linux-gnu/perl-base) at /usr/share/perl5/Debconf/FrontEnd/Readline.pm line 7.)\r\ndebconf: falling back to frontend: Teletype\r\nSetting up libpython3.6-minimal:amd64 (3.6.9-1~18.04ubuntu1.9) ...\r\nSetting up libexpat1:amd64 (2.2.5-3ubuntu0.9) ...\r\nSetting up python3.6-minimal (3.6.9-1~18.04ubuntu1.9) ...\r\nSelecting previously unselected package python3-minimal.\r\n(Reading database ... \r(Reading database ... 5%\r(Reading database ... 10%\r(Reading database ... 15%\r(Reading database ... 20%\r(Reading database ... 25%\r(Reading database ... 30%\r(Reading database ... 35%\r(Reading database ... 40%\r(Reading database ... 45%\r(Reading database ... 50%\r(Reading database ... 55%\r(Reading database ... 60%\r(Reading database ... 65%\r(Reading database ... 70%\r(Reading database ... 75%\r(Reading database ... 80%\r(Reading database ... 85%\r(Reading database ... 90%\r(Reading database ... 95%\r(Reading database ... 100%\r(Reading database ... 4308 files and directories currently installed.)\r\nPreparing to unpack .../0-python3-minimal_3.6.7-1~18.04_amd64.deb ...\r\nUnpacking python3-minimal (3.6.7-1~18.04) ...\r\nSelecting previously unselected package mime-support.\r\nPreparing to unpack .../1-mime-support_3.60ubuntu1_all.deb ...\r\nUnpacking mime-support (3.60ubuntu1) ...\r\nSelecting previously unselected package libmpdec2:amd64.\r\nPreparing to unpack .../2-libmpdec2_2.4.2-1ubuntu1_amd64.deb ...\r\nUnpacking libmpdec2:amd64 (2.4.2-1ubuntu1) ...\r\nSelecting previously unselected package readline-common.\r\nPreparing to unpack .../3-readline-common_7.0-3_all.deb ...\r\nUnpacking readline-common (7.0-3) ...\r\nSelecting previously unselected package libreadline7:amd64.\r\nPreparing to unpack .../4-libreadline7_7.0-3_amd64.deb ...\r\nUnpacking libreadline7:amd64 (7.0-3) ...\r\nSelecting previously unselected package libsqlite3-0:amd64.\r\nPreparing to unpack .../5-libsqlite3-0_3.22.0-1ubuntu0.7_amd64.deb ...\r\nUnpacking libsqlite3-0:amd64 (3.22.0-1ubuntu0.7) ...\r\nSelecting previously unselected package libpython3.6-stdlib:amd64.\r\nPreparing to unpack .../6-libpython3.6-stdlib_3.6.9-1~18.04ubuntu1.9_amd64.deb ...\r\nUnpacking libpython3.6-stdlib:amd64 (3.6.9-1~18.04ubuntu1.9) ...\r\nSelecting previously unselected package python3.6.\r\nPreparing to unpack .../7-python3.6_3.6.9-1~18.04ubuntu1.9_amd64.deb ...\r\nUnpacking python3.6 (3.6.9-1~18.04ubuntu1.9) ...\r\nSelecting previously unselected package libpython3-stdlib:amd64.\r\nPreparing to unpack .../8-libpython3-stdlib_3.6.7-1~18.04_amd64.deb ...\r\nUnpacking libpython3-stdlib:amd64 (3.6.7-1~18.04) ...\r\nSetting up python3-minimal (3.6.7-1~18.04) ...\r\nSelecting previously unselected package python3.\r\n(Reading database ... \r(Reading database ... 5%\r(Reading database ... 10%\r(Reading database ... 15%\r(Reading database ... 20%\r(Reading database ... 25%\r(Reading database ... 30%\r(Reading database ... 35%\r(Reading database ... 40%\r(Reading database ... 45%\r(Reading database ... 50%\r(Reading database ... 55%\r(Reading database ... 60%\r(Reading database ... 65%\r(Reading database ... 70%\r(Reading database ... 75%\r(Reading database ... 80%\r(Reading database ... 85%\r(Reading database ... 90%\r(Reading database ... 95%\r(Reading database ... 100%\r(Reading database ... 4766 files and directories currently installed.)\r\nPreparing to unpack .../00-python3_3.6.7-1~18.04_amd64.deb ...\r\nUnpacking python3 (3.6.7-1~18.04) ...\r\nSelecting previously unselected package perl-modules-5.26.\r\nPreparing to unpack .../01-perl-modules-5.26_5.26.1-6ubuntu0.6_all.deb ...\r\nUnpacking perl-modules-5.26 (5.26.1-6ubuntu0.6) ...\r\nSelecting previously unselected package libgdbm5:amd64.\r\nPreparing to unpack .../02-libgdbm5_1.14.1-6_amd64.deb ...\r\nUnpacking libgdbm5:amd64 (1.14.1-6) ...\r\nSelecting previously unselected package libgdbm-compat4:amd64.\r\nPreparing to unpack .../03-libgdbm-compat4_1.14.1-6_amd64.deb ...\r\nUnpacking libgdbm-compat4:amd64 (1.14.1-6) ...\r\nSelecting previously unselected package libperl5.26:amd64.\r\nPreparing to unpack .../04-libperl5.26_5.26.1-6ubuntu0.6_amd64.deb ...\r\nUnpacking libperl5.26:amd64 (5.26.1-6ubuntu0.6) ...\r\nSelecting previously unselected package perl.\r\nPreparing to unpack .../05-perl_5.26.1-6ubuntu0.6_amd64.deb ...\r\nUnpacking perl (5.26.1-6ubuntu0.6) ...\r\nSelecting previously unselected package openssl.\r\nPreparing to unpack .../06-openssl_1.1.1-1ubuntu2.1~18.04.20_amd64.deb ...\r\nUnpacking openssl (1.1.1-1ubuntu2.1~18.04.20) ...\r\nSelecting previously unselected package ca-certificates.\r\nPreparing to unpack .../07-ca-certificates_20211016ubuntu0.18.04.1_all.deb ...\r\nUnpacking ca-certificates (20211016ubuntu0.18.04.1) ...\r\nSelecting previously unselected package libglib2.0-0:amd64.\r\nPreparing to unpack .../08-libglib2.0-0_2.56.4-0ubuntu0.18.04.9_amd64.deb ...\r\nUnpacking libglib2.0-0:amd64 (2.56.4-0ubuntu0.18.04.9) ...\r\nSelecting previously unselected package libgirepository-1.0-1:amd64.\r\nPreparing to unpack .../09-libgirepository-1.0-1_1.56.1-1_amd64.deb ...\r\nUnpacking libgirepository-1.0-1:amd64 (1.56.1-1) ...\r\nSelecting previously unselected package gir1.2-glib-2.0:amd64.\r\nPreparing to unpack .../10-gir1.2-glib-2.0_1.56.1-1_amd64.deb ...\r\nUnpacking gir1.2-glib-2.0:amd64 (1.56.1-1) ...\r\nSelecting previously unselected package libelf1:amd64.\r\nPreparing to unpack .../11-libelf1_0.170-0.4ubuntu0.1_amd64.deb ...\r\nUnpacking libelf1:amd64 (0.170-0.4ubuntu0.1) ...\r\nSelecting previously unselected package libglib2.0-data.\r\nPreparing to unpack .../12-libglib2.0-data_2.56.4-0ubuntu0.18.04.9_all.deb ...\r\nUnpacking libglib2.0-data (2.56.4-0ubuntu0.18.04.9) ...\r\nSelecting previously unselected package libicu60:amd64.\r\nPreparing to unpack .../13-libicu60_60.2-3ubuntu3.2_amd64.deb ...\r\nUnpacking libicu60:amd64 (60.2-3ubuntu3.2) ...\r\nSelecting previously unselected package libxml2:amd64.\r\nPreparing to unpack .../14-libxml2_2.9.4+dfsg1-6.1ubuntu1.8_amd64.deb ...\r\nUnpacking libxml2:amd64 (2.9.4+dfsg1-6.1ubuntu1.8) ...\r\nSelecting previously unselected package xz-utils.\r\nPreparing to unpack .../15-xz-utils_5.2.2-1.3ubuntu0.1_amd64.deb ...\r\nUnpacking xz-utils (5.2.2-1.3ubuntu0.1) ...\r\nSelecting previously unselected package libpng16-16:amd64.\r\nPreparing to unpack .../16-libpng16-16_1.6.34-1ubuntu0.18.04.2_amd64.deb ...\r\nUnpacking libpng16-16:amd64 (1.6.34-1ubuntu0.18.04.2) ...\r\nSelecting previously unselected package binutils-common:amd64.\r\nPreparing to unpack .../17-binutils-common_2.30-21ubuntu1~18.04.8_amd64.deb ...\r\nUnpacking binutils-common:amd64 (2.30-21ubuntu1~18.04.8) ...\r\nSelecting previously unselected package libbinutils:amd64.\r\nPreparing to unpack .../18-libbinutils_2.30-21ubuntu1~18.04.8_amd64.deb ...\r\nUnpacking libbinutils:amd64 (2.30-21ubuntu1~18.04.8) ...\r\nSelecting previously unselected package binutils-x86-64-linux-gnu.\r\nPreparing to unpack .../19-binutils-x86-64-linux-gnu_2.30-21ubuntu1~18.04.8_amd64.deb ...\r\nUnpacking binutils-x86-64-linux-gnu (2.30-21ubuntu1~18.04.8) ...\r\nSelecting previously unselected package binutils.\r\nPreparing to unpack .../20-binutils_2.30-21ubuntu1~18.04.8_amd64.deb ...\r\nUnpacking binutils (2.30-21ubuntu1~18.04.8) ...\r\nSelecting previously unselected package libc-dev-bin.\r\nPreparing to unpack .../21-libc-dev-bin_2.27-3ubuntu1.6_amd64.deb ...\r\nUnpacking libc-dev-bin (2.27-3ubuntu1.6) ...\r\nSelecting previously unselected package linux-libc-dev:amd64.\r\nPreparing to unpack .../22-linux-libc-dev_4.15.0-201.212_amd64.deb ...\r\nUnpacking linux-libc-dev:amd64 (4.15.0-201.212) ...\r\nSelecting previously unselected package libc6-dev:amd64.\r\nPreparing to unpack .../23-libc6-dev_2.27-3ubuntu1.6_amd64.deb ...\r\nUnpacking libc6-dev:amd64 (2.27-3ubuntu1.6) ...\r\nSelecting previously unselected package gcc-7-base:amd64.\r\nPreparing to unpack .../24-gcc-7-base_7.5.0-3ubuntu1~18.04_amd64.deb ...\r\nUnpacking gcc-7-base:amd64 (7.5.0-3ubuntu1~18.04) ...\r\nSelecting previously unselected package libisl19:amd64.\r\nPreparing to unpack .../25-libisl19_0.19-1_amd64.deb ...\r\nUnpacking libisl19:amd64 (0.19-1) ...\r\nSelecting previously unselected package libmpfr6:amd64.\r\nPreparing to unpack .../26-libmpfr6_4.0.1-1_amd64.deb ...\r\nUnpacking libmpfr6:amd64 (4.0.1-1) ...\r\nSelecting previously unselected package libmpc3:amd64.\r\nPreparing to unpack .../27-libmpc3_1.1.0-1_amd64.deb ...\r\nUnpacking libmpc3:amd64 (1.1.0-1) ...\r\nSelecting previously unselected package cpp-7.\r\nPreparing to unpack .../28-cpp-7_7.5.0-3ubuntu1~18.04_amd64.deb ...\r\nUnpacking cpp-7 (7.5.0-3ubuntu1~18.04) ...\r\nSelecting previously unselected package cpp.\r\nPreparing to unpack .../29-cpp_4%3a7.4.0-1ubuntu2.3_amd64.deb ...\r\nUnpacking cpp (4:7.4.0-1ubuntu2.3) ...\r\nSelecting previously unselected package libcc1-0:amd64.\r\nPreparing to unpack .../30-libcc1-0_8.4.0-1ubuntu1~18.04_amd64.deb ...\r\nUnpacking libcc1-0:amd64 (8.4.0-1ubuntu1~18.04) ...\r\nSelecting previously unselected package libgomp1:amd64.\r\nPreparing to unpack .../31-libgomp1_8.4.0-1ubuntu1~18.04_amd64.deb ...\r\nUnpacking libgomp1:amd64 (8.4.0-1ubuntu1~18.04) ...\r\nSelecting previously unselected package libitm1:amd64.\r\nPreparing to unpack .../32-libitm1_8.4.0-1ubuntu1~18.04_amd64.deb ...\r\nUnpacking libitm1:amd64 (8.4.0-1ubuntu1~18.04) ...\r\nSelecting previously unselected package libatomic1:amd64.\r\nPreparing to unpack .../33-libatomic1_8.4.0-1ubuntu1~18.04_amd64.deb ...\r\nUnpacking libatomic1:amd64 (8.4.0-1ubuntu1~18.04) ...\r\nSelecting previously unselected package libasan4:amd64.\r\nPreparing to unpack .../34-libasan4_7.5.0-3ubuntu1~18.04_amd64.deb ...\r\nUnpacking libasan4:amd64 (7.5.0-3ubuntu1~18.04) ...\r\nSelecting previously unselected package liblsan0:amd64.\r\nPreparing to unpack .../35-liblsan0_8.4.0-1ubuntu1~18.04_amd64.deb ...\r\nUnpacking liblsan0:amd64 (8.4.0-1ubuntu1~18.04) ...\r\nSelecting previously unselected package libtsan0:amd64.\r\nPreparing to unpack .../36-libtsan0_8.4.0-1ubuntu1~18.04_amd64.deb ...\r\nUnpacking libtsan0:amd64 (8.4.0-1ubuntu1~18.04) ...\r\nSelecting previously unselected package libubsan0:amd64.\r\nPreparing to unpack .../37-libubsan0_7.5.0-3ubuntu1~18.04_amd64.deb ...\r\nUnpacking libubsan0:amd64 (7.5.0-3ubuntu1~18.04) ...\r\nSelecting previously unselected package libcilkrts5:amd64.\r\nPreparing to unpack .../38-libcilkrts5_7.5.0-3ubuntu1~18.04_amd64.deb ...\r\nUnpacking libcilkrts5:amd64 (7.5.0-3ubuntu1~18.04) ...\r\nSelecting previously unselected package libmpx2:amd64.\r\nPreparing to unpack .../39-libmpx2_8.4.0-1ubuntu1~18.04_amd64.deb ...\r\nUnpacking libmpx2:amd64 (8.4.0-1ubuntu1~18.04) ...\r\nSelecting previously unselected package libquadmath0:amd64.\r\nPreparing to unpack .../40-libquadmath0_8.4.0-1ubuntu1~18.04_amd64.deb ...\r\nUnpacking libquadmath0:amd64 (8.4.0-1ubuntu1~18.04) ...\r\nSelecting previously unselected package libgcc-7-dev:amd64.\r\nPreparing to unpack .../41-libgcc-7-dev_7.5.0-3ubuntu1~18.04_amd64.deb ...\r\nUnpacking libgcc-7-dev:amd64 (7.5.0-3ubuntu1~18.04) ...\r\nSelecting previously unselected package gcc-7.\r\nPreparing to unpack .../42-gcc-7_7.5.0-3ubuntu1~18.04_amd64.deb ...\r\nUnpacking gcc-7 (7.5.0-3ubuntu1~18.04) ...\r\nSelecting previously unselected package gcc.\r\nPreparing to unpack .../43-gcc_4%3a7.4.0-1ubuntu2.3_amd64.deb ...\r\nUnpacking gcc (4:7.4.0-1ubuntu2.3) ...\r\nSelecting previously unselected package libstdc++-7-dev:amd64.\r\nPreparing to unpack .../44-libstdc++-7-dev_7.5.0-3ubuntu1~18.04_amd64.deb ...\r\nUnpacking libstdc++-7-dev:amd64 (7.5.0-3ubuntu1~18.04) ...\r\nSelecting previously unselected package g++-7.\r\nPreparing to unpack .../45-g++-7_7.5.0-3ubuntu1~18.04_amd64.deb ...\r\nUnpacking g++-7 (7.5.0-3ubuntu1~18.04) ...\r\nSelecting previously unselected package g++.\r\nPreparing to unpack .../46-g++_4%3a7.4.0-1ubuntu2.3_amd64.deb ...\r\nUnpacking g++ (4:7.4.0-1ubuntu2.3) ...\r\nSelecting previously unselected package make.\r\nPreparing to unpack .../47-make_4.1-9.1ubuntu1_amd64.deb ...\r\nUnpacking make (4.1-9.1ubuntu1) ...\r\nSelecting previously unselected package libdpkg-perl.\r\nPreparing to unpack .../48-libdpkg-perl_1.19.0.5ubuntu2.4_all.deb ...\r\nUnpacking libdpkg-perl (1.19.0.5ubuntu2.4) ...\r\nSelecting previously unselected package patch.\r\nPreparing to unpack .../49-patch_2.7.6-2ubuntu1.1_amd64.deb ...\r\nUnpacking patch (2.7.6-2ubuntu1.1) ...\r\nSelecting previously unselected package dpkg-dev.\r\nPreparing to unpack .../50-dpkg-dev_1.19.0.5ubuntu2.4_all.deb ...\r\nUnpacking dpkg-dev (1.19.0.5ubuntu2.4) ...\r\nSelecting previously unselected package build-essential.\r\nPreparing to unpack .../51-build-essential_12.4ubuntu1_amd64.deb ...\r\nUnpacking build-essential (12.4ubuntu1) ...\r\nSelecting previously unselected package python3-lib2to3.\r\nPreparing to unpack .../52-python3-lib2to3_3.6.9-1~18.04_all.deb ...\r\nUnpacking python3-lib2to3 (3.6.9-1~18.04) ...\r\nSelecting previously unselected package python3-distutils.\r\nPreparing to unpack .../53-python3-distutils_3.6.9-1~18.04_all.deb ...\r\nUnpacking python3-distutils (3.6.9-1~18.04) ...\r\nSelecting previously unselected package dh-python.\r\nPreparing to unpack .../54-dh-python_3.20180325ubuntu2_all.deb ...\r\nUnpacking dh-python (3.20180325ubuntu2) ...\r\nSelecting previously unselected package libfreetype6:amd64.\r\nPreparing to unpack .../55-libfreetype6_2.8.1-2ubuntu2.2_amd64.deb ...\r\nUnpacking libfreetype6:amd64 (2.8.1-2ubuntu2.2) ...\r\nSelecting previously unselected package libgraphite2-3:amd64.\r\nPreparing to unpack .../56-libgraphite2-3_1.3.11-2_amd64.deb ...\r\nUnpacking libgraphite2-3:amd64 (1.3.11-2) ...\r\nSelecting previously unselected package libharfbuzz0b:amd64.\r\nPreparing to unpack .../57-libharfbuzz0b_1.7.2-1ubuntu1_amd64.deb ...\r\nUnpacking libharfbuzz0b:amd64 (1.7.2-1ubuntu1) ...\r\nSelecting previously unselected package gir1.2-harfbuzz-0.0:amd64.\r\nPreparing to unpack .../58-gir1.2-harfbuzz-0.0_1.7.2-1ubuntu1_amd64.deb ...\r\nUnpacking gir1.2-harfbuzz-0.0:amd64 (1.7.2-1ubuntu1) ...\r\nSelecting previously unselected package icu-devtools.\r\nPreparing to unpack .../59-icu-devtools_60.2-3ubuntu3.2_amd64.deb ...\r\nUnpacking icu-devtools (60.2-3ubuntu3.2) ...\r\nSelecting previously unselected package libexpat1-dev:amd64.\r\nPreparing to unpack .../60-libexpat1-dev_2.2.5-3ubuntu0.9_amd64.deb ...\r\nUnpacking libexpat1-dev:amd64 (2.2.5-3ubuntu0.9) ...\r\nSelecting previously unselected package libglib2.0-bin.\r\nPreparing to unpack .../61-libglib2.0-bin_2.56.4-0ubuntu0.18.04.9_amd64.deb ...\r\nUnpacking libglib2.0-bin (2.56.4-0ubuntu0.18.04.9) ...\r\nSelecting previously unselected package libglib2.0-dev-bin.\r\nPreparing to unpack .../62-libglib2.0-dev-bin_2.56.4-0ubuntu0.18.04.9_amd64.deb ...\r\nUnpacking libglib2.0-dev-bin (2.56.4-0ubuntu0.18.04.9) ...\r\nSelecting previously unselected package libpcre16-3:amd64.\r\nPreparing to unpack .../63-libpcre16-3_2%3a8.39-9ubuntu0.1_amd64.deb ...\r\nUnpacking libpcre16-3:amd64 (2:8.39-9ubuntu0.1) ...\r\nSelecting previously unselected package libpcre32-3:amd64.\r\nPreparing to unpack .../64-libpcre32-3_2%3a8.39-9ubuntu0.1_amd64.deb ...\r\nUnpacking libpcre32-3:amd64 (2:8.39-9ubuntu0.1) ...\r\nSelecting previously unselected package libpcrecpp0v5:amd64.\r\nPreparing to unpack .../65-libpcrecpp0v5_2%3a8.39-9ubuntu0.1_amd64.deb ...\r\nUnpacking libpcrecpp0v5:amd64 (2:8.39-9ubuntu0.1) ...\r\nSelecting previously unselected package libpcre3-dev:amd64.\r\nPreparing to unpack .../66-libpcre3-dev_2%3a8.39-9ubuntu0.1_amd64.deb ...\r\nUnpacking libpcre3-dev:amd64 (2:8.39-9ubuntu0.1) ...\r\nSelecting previously unselected package pkg-config.\r\nPreparing to unpack .../67-pkg-config_0.29.1-0ubuntu2_amd64.deb ...\r\nUnpacking pkg-config (0.29.1-0ubuntu2) ...\r\nSelecting previously unselected package zlib1g-dev:amd64.\r\nPreparing to unpack .../68-zlib1g-dev_1%3a1.2.11.dfsg-0ubuntu2.2_amd64.deb ...\r\nUnpacking zlib1g-dev:amd64 (1:1.2.11.dfsg-0ubuntu2.2) ...\r\nSelecting previously unselected package libglib2.0-dev:amd64.\r\nPreparing to unpack .../69-libglib2.0-dev_2.56.4-0ubuntu0.18.04.9_amd64.deb ...\r\nUnpacking libglib2.0-dev:amd64 (2.56.4-0ubuntu0.18.04.9) ...\r\nSelecting previously unselected package libgraphite2-dev:amd64.\r\nPreparing to unpack .../70-libgraphite2-dev_1.3.11-2_amd64.deb ...\r\nUnpacking libgraphite2-dev:amd64 (1.3.11-2) ...\r\nSelecting previously unselected package libharfbuzz-icu0:amd64.\r\nPreparing to unpack .../71-libharfbuzz-icu0_1.7.2-1ubuntu1_amd64.deb ...\r\nUnpacking libharfbuzz-icu0:amd64 (1.7.2-1ubuntu1) ...\r\nSelecting previously unselected package libharfbuzz-gobject0:amd64.\r\nPreparing to unpack .../72-libharfbuzz-gobject0_1.7.2-1ubuntu1_amd64.deb ...\r\nUnpacking libharfbuzz-gobject0:amd64 (1.7.2-1ubuntu1) ...\r\nSelecting previously unselected package libicu-le-hb0:amd64.\r\nPreparing to unpack .../73-libicu-le-hb0_1.0.3+git161113-4_amd64.deb ...\r\nUnpacking libicu-le-hb0:amd64 (1.0.3+git161113-4) ...\r\nSelecting previously unselected package libiculx60:amd64.\r\nPreparing to unpack .../74-libiculx60_60.2-3ubuntu3.2_amd64.deb ...\r\nUnpacking libiculx60:amd64 (60.2-3ubuntu3.2) ...\r\nSelecting previously unselected package libicu-le-hb-dev:amd64.\r\nPreparing to unpack .../75-libicu-le-hb-dev_1.0.3+git161113-4_amd64.deb ...\r\nUnpacking libicu-le-hb-dev:amd64 (1.0.3+git161113-4) ...\r\nSelecting previously unselected package libicu-dev.\r\nPreparing to unpack .../76-libicu-dev_60.2-3ubuntu3.2_amd64.deb ...\r\nUnpacking libicu-dev (60.2-3ubuntu3.2) ...\r\nSelecting previously unselected package libharfbuzz-dev:amd64.\r\nPreparing to unpack .../77-libharfbuzz-dev_1.7.2-1ubuntu1_amd64.deb ...\r\nUnpacking libharfbuzz-dev:amd64 (1.7.2-1ubuntu1) ...\r\nSelecting previously unselected package libpython3.6:amd64.\r\nPreparing to unpack .../78-libpython3.6_3.6.9-1~18.04ubuntu1.9_amd64.deb ...\r\nUnpacking libpython3.6:amd64 (3.6.9-1~18.04ubuntu1.9) ...\r\nSelecting previously unselected package libpython3.6-dev:amd64.\r\nPreparing to unpack .../79-libpython3.6-dev_3.6.9-1~18.04ubuntu1.9_amd64.deb ...\r\nUnpacking libpython3.6-dev:amd64 (3.6.9-1~18.04ubuntu1.9) ...\r\nSelecting previously unselected package libpython3-dev:amd64.\r\nPreparing to unpack .../80-libpython3-dev_3.6.7-1~18.04_amd64.deb ...\r\nUnpacking libpython3-dev:amd64 (3.6.7-1~18.04) ...\r\nSelecting previously unselected package libxml2-dev:amd64.\r\nPreparing to unpack .../81-libxml2-dev_2.9.4+dfsg1-6.1ubuntu1.8_amd64.deb ...\r\nUnpacking libxml2-dev:amd64 (2.9.4+dfsg1-6.1ubuntu1.8) ...\r\nSelecting previously unselected package python-pip-whl.\r\nPreparing to unpack .../82-python-pip-whl_9.0.1-2.3~ubuntu1.18.04.5_all.deb ...\r\nUnpacking python-pip-whl (9.0.1-2.3~ubuntu1.18.04.5) ...\r\nSelecting previously unselected package python3-async-timeout.\r\nPreparing to unpack .../83-python3-async-timeout_2.0.0-1_all.deb ...\r\nUnpacking python3-async-timeout (2.0.0-1) ...\r\nSelecting previously unselected package python3-attr.\r\nPreparing to unpack .../84-python3-attr_17.4.0-2_all.deb ...\r\nUnpacking python3-attr (17.4.0-2) ...\r\nSelecting previously unselected package python3-pkg-resources.\r\nPreparing to unpack .../85-python3-pkg-resources_39.0.1-2_all.deb ...\r\nUnpacking python3-pkg-resources (39.0.1-2) ...\r\nSelecting previously unselected package python3-chardet.\r\nPreparing to unpack .../86-python3-chardet_3.0.4-1_all.deb ...\r\nUnpacking python3-chardet (3.0.4-1) ...\r\nSelecting previously unselected package python3-multidict.\r\nPreparing to unpack .../87-python3-multidict_4.1.0-1_amd64.deb ...\r\nUnpacking python3-multidict (4.1.0-1) ...\r\nSelecting previously unselected package python3-idna.\r\nPreparing to unpack .../88-python3-idna_2.6-1_all.deb ...\r\nUnpacking python3-idna (2.6-1) ...\r\nSelecting previously unselected package python3-yarl.\r\nPreparing to unpack .../89-python3-yarl_1.1.0-1_amd64.deb ...\r\nUnpacking python3-yarl (1.1.0-1) ...\r\nSelecting previously unselected package python3-aiohttp.\r\nPreparing to unpack .../90-python3-aiohttp_3.0.1-1_amd64.deb ...\r\nUnpacking python3-aiohttp (3.0.1-1) ...\r\nSelecting previously unselected package python3-certifi.\r\nPreparing to unpack .../91-python3-certifi_2018.1.18-2_all.deb ...\r\nUnpacking python3-certifi (2018.1.18-2) ...\r\nSelecting previously unselected package python3.6-dev.\r\nPreparing to unpack .../92-python3.6-dev_3.6.9-1~18.04ubuntu1.9_amd64.deb ...\r\nUnpacking python3.6-dev (3.6.9-1~18.04ubuntu1.9) ...\r\nSelecting previously unselected package python3-dev.\r\nPreparing to unpack .../93-python3-dev_3.6.7-1~18.04_amd64.deb ...\r\nUnpacking python3-dev (3.6.7-1~18.04) ...\r\nSelecting previously unselected package python3-pip.\r\nPreparing to unpack .../94-python3-pip_9.0.1-2.3~ubuntu1.18.04.5_all.deb ...\r\nUnpacking python3-pip (9.0.1-2.3~ubuntu1.18.04.5) ...\r\nSelecting previously unselected package python3-six.\r\nPreparing to unpack .../95-python3-six_1.11.0-2_all.deb ...\r\nUnpacking python3-six (1.11.0-2) ...\r\nSelecting previously unselected package python3-urllib3.\r\nPreparing to unpack .../96-python3-urllib3_1.22-1ubuntu0.18.04.2_all.deb ...\r\nUnpacking python3-urllib3 (1.22-1ubuntu0.18.04.2) ...\r\nSelecting previously unselected package python3-requests.\r\nPreparing to unpack .../97-python3-requests_2.18.4-2ubuntu0.1_all.deb ...\r\nUnpacking python3-requests (2.18.4-2ubuntu0.1) ...\r\nSetting up libquadmath0:amd64 (8.4.0-1ubuntu1~18.04) ...\r\nSetting up libgomp1:amd64 (8.4.0-1ubuntu1~18.04) ...\r\nSetting up libatomic1:amd64 (8.4.0-1ubuntu1~18.04) ...\r\nSetting up readline-common (7.0-3) ...\r\nSetting up libicu60:amd64 (60.2-3ubuntu3.2) ...\r\nSetting up libcc1-0:amd64 (8.4.0-1ubuntu1~18.04) ...\r\nSetting up make (4.1-9.1ubuntu1) ...\r\nSetting up mime-support (3.60ubuntu1) ...\r\nSetting up libpng16-16:amd64 (1.6.34-1ubuntu0.18.04.2) ...\r\nSetting up libreadline7:amd64 (7.0-3) ...\r\nSetting up libelf1:amd64 (0.170-0.4ubuntu0.1) ...\r\nSetting up libtsan0:amd64 (8.4.0-1ubuntu1~18.04) ...\r\nSetting up libglib2.0-0:amd64 (2.56.4-0ubuntu0.18.04.9) ...\r\nNo schema files found: doing nothing.\r\nSetting up linux-libc-dev:amd64 (4.15.0-201.212) ...\r\nSetting up libmpfr6:amd64 (4.0.1-1) ...\r\nSetting up perl-modules-5.26 (5.26.1-6ubuntu0.6) ...\r\nSetting up libgdbm5:amd64 (1.14.1-6) ...\r\nSetting up libgirepository-1.0-1:amd64 (1.56.1-1) ...\r\nSetting up libxml2:amd64 (2.9.4+dfsg1-6.1ubuntu1.8) ...\r\nSetting up libfreetype6:amd64 (2.8.1-2ubuntu2.2) ...\r\nSetting up libgraphite2-3:amd64 (1.3.11-2) ...\r\nSetting up liblsan0:amd64 (8.4.0-1ubuntu1~18.04) ...\r\nSetting up gcc-7-base:amd64 (7.5.0-3ubuntu1~18.04) ...\r\nSetting up binutils-common:amd64 (2.30-21ubuntu1~18.04.8) ...\r\nSetting up libmpx2:amd64 (8.4.0-1ubuntu1~18.04) ...\r\nSetting up gir1.2-glib-2.0:amd64 (1.56.1-1) ...\r\nSetting up patch (2.7.6-2ubuntu1.1) ...\r\nSetting up libglib2.0-data (2.56.4-0ubuntu0.18.04.9) ...\r\nSetting up xz-utils (5.2.2-1.3ubuntu0.1) ...\r\nupdate-alternatives: using /usr/bin/xz to provide /usr/bin/lzma (lzma) in auto mode\r\nupdate-alternatives: warning: skip creation of /usr/share/man/man1/lzma.1.gz because associated file /usr/share/man/man1/xz.1.gz (of link group lzma) doesn't exist\r\nupdate-alternatives: warning: skip creation of /usr/share/man/man1/unlzma.1.gz because associated file /usr/share/man/man1/unxz.1.gz (of link group lzma) doesn't exist\r\nupdate-alternatives: warning: skip creation of /usr/share/man/man1/lzcat.1.gz because associated file /usr/share/man/man1/xzcat.1.gz (of link group lzma) doesn't exist\r\nupdate-alternatives: warning: skip creation of /usr/share/man/man1/lzmore.1.gz because associated file /usr/share/man/man1/xzmore.1.gz (of link group lzma) doesn't exist\r\nupdate-alternatives: warning: skip creation of /usr/share/man/man1/lzless.1.gz because associated file /usr/share/man/man1/xzless.1.gz (of link group lzma) doesn't exist\r\nupdate-alternatives: warning: skip creation of /usr/share/man/man1/lzdiff.1.gz because associated file /usr/share/man/man1/xzdiff.1.gz (of link group lzma) doesn't exist\r\nupdate-alternatives: warning: skip creation of /usr/share/man/man1/lzcmp.1.gz because associated file /usr/share/man/man1/xzcmp.1.gz (of link group lzma) doesn't exist\r\nupdate-alternatives: warning: skip creation of /usr/share/man/man1/lzgrep.1.gz because associated file /usr/share/man/man1/xzgrep.1.gz (of link group lzma) doesn't exist\r\nupdate-alternatives: warning: skip creation of /usr/share/man/man1/lzegrep.1.gz because associated file /usr/share/man/man1/xzegrep.1.gz (of link group lzma) doesn't exist\r\nupdate-alternatives: warning: skip creation of /usr/share/man/man1/lzfgrep.1.gz because associated file /usr/share/man/man1/xzfgrep.1.gz (of link group lzma) doesn't exist\r\nSetting up openssl (1.1.1-1ubuntu2.1~18.04.20) ...\r\nSetting up libsqlite3-0:amd64 (3.22.0-1ubuntu0.7) ...\r\nSetting up libpcrecpp0v5:amd64 (2:8.39-9ubuntu0.1) ...\r\nSetting up libpcre32-3:amd64 (2:8.39-9ubuntu0.1) ...\r\nSetting up libmpc3:amd64 (1.1.0-1) ...\r\nSetting up icu-devtools (60.2-3ubuntu3.2) ...\r\nSetting up libc-dev-bin (2.27-3ubuntu1.6) ...\r\nSetting up libpcre16-3:amd64 (2:8.39-9ubuntu0.1) ...\r\nSetting up libgdbm-compat4:amd64 (1.14.1-6) ...\r\nSetting up ca-certificates (20211016ubuntu0.18.04.1) ...\r\ndebconf: unable to initialize frontend: Dialog\r\ndebconf: (TERM is not set, so the dialog frontend is not usable.)\r\ndebconf: falling back to frontend: Readline\r\nUpdating certificates in /etc/ssl/certs...\r\n124 added, 0 removed; done.\r\nSetting up libglib2.0-bin (2.56.4-0ubuntu0.18.04.9) ...\r\nSetting up libc6-dev:amd64 (2.27-3ubuntu1.6) ...\r\nSetting up libgraphite2-dev:amd64 (1.3.11-2) ...\r\nSetting up libitm1:amd64 (8.4.0-1ubuntu1~18.04) ...\r\nSetting up libmpdec2:amd64 (2.4.2-1ubuntu1) ...\r\nSetting up zlib1g-dev:amd64 (1:1.2.11.dfsg-0ubuntu2.2) ...\r\nSetting up libisl19:amd64 (0.19-1) ...\r\nSetting up python-pip-whl (9.0.1-2.3~ubuntu1.18.04.5) ...\r\nSetting up libpython3.6-stdlib:amd64 (3.6.9-1~18.04ubuntu1.9) ...\r\nSetting up libpcre3-dev:amd64 (2:8.39-9ubuntu0.1) ...\r\nSetting up python3.6 (3.6.9-1~18.04ubuntu1.9) ...\r\nSetting up libasan4:amd64 (7.5.0-3ubuntu1~18.04) ...\r\nSetting up libbinutils:amd64 (2.30-21ubuntu1~18.04.8) ...\r\nSetting up libcilkrts5:amd64 (7.5.0-3ubuntu1~18.04) ...\r\nSetting up libubsan0:amd64 (7.5.0-3ubuntu1~18.04) ...\r\nSetting up libharfbuzz0b:amd64 (1.7.2-1ubuntu1) ...\r\nSetting up libgcc-7-dev:amd64 (7.5.0-3ubuntu1~18.04) ...\r\nSetting up cpp-7 (7.5.0-3ubuntu1~18.04) ...\r\nSetting up libstdc++-7-dev:amd64 (7.5.0-3ubuntu1~18.04) ...\r\nSetting up gir1.2-harfbuzz-0.0:amd64 (1.7.2-1ubuntu1) ...\r\nSetting up libperl5.26:amd64 (5.26.1-6ubuntu0.6) ...\r\nSetting up libexpat1-dev:amd64 (2.2.5-3ubuntu0.9) ...\r\nSetting up libharfbuzz-gobject0:amd64 (1.7.2-1ubuntu1) ...\r\nSetting up libpython3.6:amd64 (3.6.9-1~18.04ubuntu1.9) ...\r\nSetting up binutils-x86-64-linux-gnu (2.30-21ubuntu1~18.04.8) ...\r\nSetting up libpython3-stdlib:amd64 (3.6.7-1~18.04) ...\r\nSetting up cpp (4:7.4.0-1ubuntu2.3) ...\r\nSetting up libharfbuzz-icu0:amd64 (1.7.2-1ubuntu1) ...\r\nSetting up python3 (3.6.7-1~18.04) ...\r\nrunning python rtupdate hooks for python3.6...\r\nrunning python post-rtupdate hooks for python3.6...\r\nSetting up python3-async-timeout (2.0.0-1) ...\r\nSetting up python3-idna (2.6-1) ...\r\nSetting up libicu-le-hb0:amd64 (1.0.3+git161113-4) ...\r\nSetting up python3-six (1.11.0-2) ...\r\nSetting up python3-certifi (2018.1.18-2) ...\r\nSetting up python3-multidict (4.1.0-1) ...\r\nSetting up python3-pkg-resources (39.0.1-2) ...\r\nSetting up libpython3.6-dev:amd64 (3.6.9-1~18.04ubuntu1.9) ...\r\nSetting up perl (5.26.1-6ubuntu0.6) ...\r\nSetting up python3-chardet (3.0.4-1) ...\r\nSetting up libiculx60:amd64 (60.2-3ubuntu3.2) ...\r\nSetting up python3-attr (17.4.0-2) ...\r\nSetting up python3-urllib3 (1.22-1ubuntu0.18.04.2) ...\r\nSetting up binutils (2.30-21ubuntu1~18.04.8) ...\r\nSetting up python3.6-dev (3.6.9-1~18.04ubuntu1.9) ...\r\nSetting up python3-lib2to3 (3.6.9-1~18.04) ...\r\nSetting up python3-distutils (3.6.9-1~18.04) ...\r\nSetting up libpython3-dev:amd64 (3.6.7-1~18.04) ...\r\nSetting up libglib2.0-dev-bin (2.56.4-0ubuntu0.18.04.9) ...\r\nSetting up gcc-7 (7.5.0-3ubuntu1~18.04) ...\r\nSetting up g++-7 (7.5.0-3ubuntu1~18.04) ...\r\nSetting up python3-yarl (1.1.0-1) ...\r\nSetting up libdpkg-perl (1.19.0.5ubuntu2.4) ...\r\nSetting up gcc (4:7.4.0-1ubuntu2.3) ...\r\nSetting up python3-aiohttp (3.0.1-1) ...\r\nSetting up dpkg-dev (1.19.0.5ubuntu2.4) ...\r\nSetting up python3-pip (9.0.1-2.3~ubuntu1.18.04.5) ...\r\nSetting up python3-requests (2.18.4-2ubuntu0.1) ...\r\nSetting up g++ (4:7.4.0-1ubuntu2.3) ...\r\nupdate-alternatives: using /usr/bin/g++ to provide /usr/bin/c++ (c++) in auto mode\r\nupdate-alternatives: warning: skip creation of /usr/share/man/man1/c++.1.gz because associated file /usr/share/man/man1/g++.1.gz (of link group c++) doesn't exist\r\nSetting up dh-python (3.20180325ubuntu2) ...\r\nSetting up build-essential (12.4ubuntu1) ...\r\nSetting up python3-dev (3.6.7-1~18.04) ...\r\nSetting up pkg-config (0.29.1-0ubuntu2) ...\r\nSetting up libglib2.0-dev:amd64 (2.56.4-0ubuntu0.18.04.9) ...\r\nSetting up libicu-le-hb-dev:amd64 (1.0.3+git161113-4) ...\r\nSetting up libicu-dev (60.2-3ubuntu3.2) ...\r\nSetting up libxml2-dev:amd64 (2.9.4+dfsg1-6.1ubuntu1.8) ...\r\nSetting up libharfbuzz-dev:amd64 (1.7.2-1ubuntu1) ...\r\nProcessing triggers for libc-bin (2.27-3ubuntu1.6) ...\r\nProcessing triggers for ca-certificates (20211016ubuntu0.18.04.1) ...\r\nUpdating certificates in /etc/ssl/certs...\r\n0 added, 0 removed; done.\r\nRunning hooks in /etc/ca-certificates/update.d...\r\ndone.\r\nCollecting pip\n  Downloading https://files.pythonhosted.org/packages/a4/6d/6463d49a933f547439d6b5b98b46af8742cc03ae83543e4d7688c2420f8b/pip-21.3.1-py3-none-any.whl (1.7MB)\nInstalling collected packages: pip\n  Found existing installation: pip 9.0.1\n    Not uninstalling pip at /usr/lib/python3/dist-packages, outside environment /usr\nSuccessfully installed pip-21.3.1\nCollecting cellxgene\n  Downloading cellxgene-1.1.1.tar.gz (2.9 MB)\n  Preparing metadata (setup.py): started\n  Preparing metadata (setup.py): finished with status 'error'\n\u001b[91m  ERROR: Command errored out with exit status 1:\n   command: /usr/bin/python3 -c 'import io, os, sys, setuptools, tokenize; sys.argv[0] = '\"'\"'/tmp/pip-install-_q2nhjqv/cellxgene_4551820ed77d423da79b8f633c4e8bd6/setup.py'\"'\"'; __file__='\"'\"'/tmp/pip-install-_q2nhjqv/cellxgene_4551820ed77d423da79b8f633c4e8bd6/setup.py'\"'\"';f = getattr(tokenize, '\"'\"'open'\"'\"', open)(__file__) if os.path.exists(__file__) else io.StringIO('\"'\"'from setuptools import setup; setup()'\"'\"');code = f.read().replace('\"'\"'\\r\\n'\"'\"', '\"'\"'\\n'\"'\"');f.close();exec(compile(code, __file__, '\"'\"'exec'\"'\"'))' egg_info --egg-base /tmp/pip-pip-egg-info-8_m_yxyv\n       cwd: /tmp/pip-install-_q2nhjqv/cellxgene_4551820ed77d423da79b8f633c4e8bd6/\n  Complete output (3 lines):\n  Traceback (most recent call last):\n    File \"<string>\", line 1, in <module>\n  ModuleNotFoundError: No module named 'setuptools'\n  ----------------------------------------\n\u001b[0m\u001b[91mWARNING: Discarding https://files.pythonhosted.org/packages/4d/a1/01eecc11d068392f8ae305efe26caeb29ed1dad653294a76296488affc1e/cellxgene-1.1.1.tar.gz#sha256=23ce7f653d31989ad3b1f2e299ecd844a45f2437379701054120ba9d9a368a52 (from https://pypi.org/simple/cellxgene/) (requires-python:>=3.6). Command errored out with exit status 1: python setup.py egg_info Check the logs for full command output.\n\u001b[0m  Downloading cellxgene-1.1.0.tar.gz (2.9 MB)\n  Preparing metadata (setup.py): started\n  Preparing metadata (setup.py): finished with status 'error'\n\u001b[91m  ERROR: Command errored out with exit status 1:\n   command: /usr/bin/python3 -c 'import io, os, sys, setuptools, tokenize; sys.argv[0] = '\"'\"'/tmp/pip-install-_q2nhjqv/cellxgene_132571476dbf4e63b7939d501582c326/setup.py'\"'\"'; __file__='\"'\"'/tmp/pip-install-_q2nhjqv/cellxgene_132571476dbf4e63b7939d501582c326/setup.py'\"'\"';f = getattr(tokenize, '\"'\"'open'\"'\"', open)(__file__) if os.path.exists(__file__) else io.StringIO('\"'\"'from setuptools import setup; setup()'\"'\"');code = f.read().replace('\"'\"'\\r\\n'\"'\"', '\"'\"'\\n'\"'\"');f.close();exec(compile(code, __file__, '\"'\"'exec'\"'\"'))' egg_info --egg-base /tmp/pip-pip-egg-info-s5wpt608\n       cwd: /tmp/pip-install-_q2nhjqv/cellxgene_132571476dbf4e63b7939d501582c326/\n  Complete output (3 lines):\n  Traceback (most recent call last):\n    File \"<string>\", line 1, in <module>\n  ModuleNotFoundError: No module named 'setuptools'\n  ----------------------------------------\n\u001b[0m\u001b[91mWARNING: Discarding https://files.pythonhosted.org/packages/34/6c/4382de05ba8dbb3857c425c3388da03986ccbb7893fa551996e708ef9738/cellxgene-1.1.0.tar.gz#sha256=d07618bbf04e396d440e20d08713adeec88d71908cc178db7917c1454127ffd0 (from https://pypi.org/simple/cellxgene/) (requires-python:>=3.6). Command errored out with exit status 1: python setup.py egg_info Check the logs for full command output.\n\u001b[0m  Downloading cellxgene-1.0.1.tar.gz (2.9 MB)\n  Preparing metadata (setup.py): started\n  Preparing metadata (setup.py): finished with status 'error'\n\u001b[91m  ERROR: Command errored out with exit status 1:\n   command: /usr/bin/python3 -c 'import io, os, sys, setuptools, tokenize; sys.argv[0] = '\"'\"'/tmp/pip-install-_q2nhjqv/cellxgene_359dd4659d4944119f9452ceba84ca03/setup.py'\"'\"'; __file__='\"'\"'/tmp/pip-install-_q2nhjqv/cellxgene_359dd4659d4944119f9452ceba84ca03/setup.py'\"'\"';f = getattr(tokenize, '\"'\"'open'\"'\"', open)(__file__) if os.path.exists(__file__) else io.StringIO('\"'\"'from setuptools import setup; setup()'\"'\"');code = f.read().replace('\"'\"'\\r\\n'\"'\"', '\"'\"'\\n'\"'\"');f.close();exec(compile(code, __file__, '\"'\"'exec'\"'\"'))' egg_info --egg-base /tmp/pip-pip-egg-info-yau1g2ry\n       cwd: /tmp/pip-install-_q2nhjqv/cellxgene_359dd4659d4944119f9452ceba84ca03/\n  Complete output (3 lines):\n  Traceback (most recent call last):\n    File \"<string>\", line 1, in <module>\n  ModuleNotFoundError: No module named 'setuptools'\n  ----------------------------------------\n\u001b[0m\u001b[91mWARNING: Discarding https://files.pythonhosted.org/packages/53/1a/e05d9530254e1e6342a78b33aa0e3ffa4850d1ce4ae7d162aae6ef278bd4/cellxgene-1.0.1.tar.gz#sha256=f6f557cc219cbc725bd861339f8785fb2ee118ea79a47a88f838dd03733ed344 (from https://pypi.org/simple/cellxgene/) (requires-python:>=3.6). Command errored out with exit status 1: python setup.py egg_info Check the logs for full command output.\n\u001b[0m  Downloading cellxgene-1.0.0.tar.gz (2.9 MB)\n  Preparing metadata (setup.py): started\n  Preparing metadata (setup.py): finished with status 'error'\n\u001b[91m  ERROR: Command errored out with exit status 1:\n   command: /usr/bin/python3 -c 'import io, os, sys, setuptools, tokenize; sys.argv[0] = '\"'\"'/tmp/pip-install-_q2nhjqv/cellxgene_3d068985ca13409486f13e4f070dcb99/setup.py'\"'\"'; __file__='\"'\"'/tmp/pip-install-_q2nhjqv/cellxgene_3d068985ca13409486f13e4f070dcb99/setup.py'\"'\"';f = getattr(tokenize, '\"'\"'open'\"'\"', open)(__file__) if os.path.exists(__file__) else io.StringIO('\"'\"'from setuptools import setup; setup()'\"'\"');code = f.read().replace('\"'\"'\\r\\n'\"'\"', '\"'\"'\\n'\"'\"');f.close();exec(compile(code, __file__, '\"'\"'exec'\"'\"'))' egg_info --egg-base /tmp/pip-pip-egg-info-4qsyxy5u\n       cwd: /tmp/pip-install-_q2nhjqv/cellxgene_3d068985ca13409486f13e4f070dcb99/\n  Complete output (3 lines):\n  Traceback (most recent call last):\n    File \"<string>\", line 1, in <module>\n  ModuleNotFoundError: No module named 'setuptools'\n  ----------------------------------------\n\u001b[0m\u001b[91mWARNING: Discarding https://files.pythonhosted.org/packages/98/71/a322d2c1905783e01fcbc6a6b9b3f88beb66e8c3d693a9c795a7146837b7/cellxgene-1.0.0.tar.gz#sha256=205d5e9c38ac4186f163d574291f8866eefc8aa30d6a0d2fccb282ea9d4de7b4 (from https://pypi.org/simple/cellxgene/) (requires-python:>=3.6). Command errored out with exit status 1: python setup.py egg_info Check the logs for full command output.\n\u001b[0m  Downloading cellxgene-0.19.0.tar.gz (2.9 MB)\n  Preparing metadata (setup.py): started\n  Preparing metadata (setup.py): finished with status 'error'\n\u001b[91m  ERROR: Command errored out with exit status 1:\n   command: /usr/bin/python3 -c 'import io, os, sys, setuptools, tokenize; sys.argv[0] = '\"'\"'/tmp/pip-install-_q2nhjqv/cellxgene_5759c127a13c4e4a816f2738322cc706/setup.py'\"'\"'; __file__='\"'\"'/tmp/pip-install-_q2nhjqv/cellxgene_5759c127a13c4e4a816f2738322cc706/setup.py'\"'\"';f = getattr(tokenize, '\"'\"'open'\"'\"', open)(__file__) if os.path.exists(__file__) else io.StringIO('\"'\"'from setuptools import setup; setup()'\"'\"');code = f.read().replace('\"'\"'\\r\\n'\"'\"', '\"'\"'\\n'\"'\"');f.close();exec(compile(code, __file__, '\"'\"'exec'\"'\"'))' egg_info --egg-base /tmp/pip-pip-egg-info-s3umb9vd\n       cwd: /tmp/pip-install-_q2nhjqv/cellxgene_5759c127a13c4e4a816f2738322cc706/\n  Complete output (3 lines):\n  Traceback (most recent call last):\n    File \"<string>\", line 1, in <module>\n  ModuleNotFoundError: No module named 'setuptools'\n  ----------------------------------------\n\u001b[0m\u001b[91mWARNING: Discarding https://files.pythonhosted.org/packages/ad/c5/e9dc15d1124de2f0952edebadffedc4f26660ded7ed711cc1c61dccaa0db/cellxgene-0.19.0.tar.gz#sha256=c079bebb85b98c7bc51349551ff9778754a0dacc3fd5a2d1fbc8c9a5e8b27f97 (from https://pypi.org/simple/cellxgene/) (requires-python:>=3.6). Command errored out with exit status 1: python setup.py egg_info Check the logs for full command output.\n\u001b[0m  Downloading cellxgene-0.18.0.tar.gz (6.5 MB)\n  Preparing metadata (setup.py): started\n  Preparing metadata (setup.py): finished with status 'error'\n\u001b[91m  ERROR: Command errored out with exit status 1:\n   command: /usr/bin/python3 -c 'import io, os, sys, setuptools, tokenize; sys.argv[0] = '\"'\"'/tmp/pip-install-_q2nhjqv/cellxgene_36092518de3f4b37b44ae51ec2900284/setup.py'\"'\"'; __file__='\"'\"'/tmp/pip-install-_q2nhjqv/cellxgene_36092518de3f4b37b44ae51ec2900284/setup.py'\"'\"';f = getattr(tokenize, '\"'\"'open'\"'\"', open)(__file__) if os.path.exists(__file__) else io.StringIO('\"'\"'from setuptools import setup; setup()'\"'\"');code = f.read().replace('\"'\"'\\r\\n'\"'\"', '\"'\"'\\n'\"'\"');f.close();exec(compile(code, __file__, '\"'\"'exec'\"'\"'))' egg_info --egg-base /tmp/pip-pip-egg-info-3im9b73c\n       cwd: /tmp/pip-install-_q2nhjqv/cellxgene_36092518de3f4b37b44ae51ec2900284/\n  Complete output (3 lines):\n  Traceback (most recent call last):\n    File \"<string>\", line 1, in <module>\n  ModuleNotFoundError: No module named 'setuptools'\n  ----------------------------------------\n\u001b[0m\u001b[91mWARNING: Discarding https://files.pythonhosted.org/packages/67/74/208cf368c0ea5b6b13f0b0a5cc09525e848ba2409e583d95fb7a4b34ee65/cellxgene-0.18.0.tar.gz#sha256=9b0bc58275b9dc84bd07a05ee77c0cb37cb9bbcc4d70913b279247cac18338e3 (from https://pypi.org/simple/cellxgene/). Command errored out with exit status 1: python setup.py egg_info Check the logs for full command output.\n\u001b[0m  Downloading cellxgene-0.17.0.tar.gz (6.5 MB)\n  Preparing metadata (setup.py): started\n  Preparing metadata (setup.py): finished with status 'error'\n\u001b[91m  ERROR: Command errored out with exit status 1:\n   command: /usr/bin/python3 -c 'import io, os, sys, setuptools, tokenize; sys.argv[0] = '\"'\"'/tmp/pip-install-_q2nhjqv/cellxgene_219f7e16466643caa51a696c5a9d8663/setup.py'\"'\"'; __file__='\"'\"'/tmp/pip-install-_q2nhjqv/cellxgene_219f7e16466643caa51a696c5a9d8663/setup.py'\"'\"';f = getattr(tokenize, '\"'\"'open'\"'\"', open)(__file__) if os.path.exists(__file__) else io.StringIO('\"'\"'from setuptools import setup; setup()'\"'\"');code = f.read().replace('\"'\"'\\r\\n'\"'\"', '\"'\"'\\n'\"'\"');f.close();exec(compile(code, __file__, '\"'\"'exec'\"'\"'))' egg_info --egg-base /tmp/pip-pip-egg-info-io3_4nsa\n       cwd: /tmp/pip-install-_q2nhjqv/cellxgene_219f7e16466643caa51a696c5a9d8663/\n  Complete output (3 lines):\n  Traceback (most recent call last):\n    File \"<string>\", line 1, in <module>\n  ModuleNotFoundError: No module named 'setuptools'\n  ----------------------------------------\n\u001b[0m\u001b[91mWARNING: Discarding https://files.pythonhosted.org/packages/42/9e/c7e6999882d4e74d729657dcaa4edcf68587983df09a3a5f18fdc3d6b417/cellxgene-0.17.0.tar.gz#sha256=1f63b5a4ad40d894afd1c41287011a8dc5fdce446bab013202039684c16d18e6 (from https://pypi.org/simple/cellxgene/). Command errored out with exit status 1: python setup.py egg_info Check the logs for full command output.\n\u001b[0m  Downloading cellxgene-0.16.8.tar.gz (6.6 MB)\n  Preparing metadata (setup.py): started\n  Preparing metadata (setup.py): finished with status 'error'\n\u001b[91m  ERROR: Command errored out with exit status 1:\n   command: /usr/bin/python3 -c 'import io, os, sys, setuptools, tokenize; sys.argv[0] = '\"'\"'/tmp/pip-install-_q2nhjqv/cellxgene_a85e70c4c74143779c90e24f7d803792/setup.py'\"'\"'; __file__='\"'\"'/tmp/pip-install-_q2nhjqv/cellxgene_a85e70c4c74143779c90e24f7d803792/setup.py'\"'\"';f = getattr(tokenize, '\"'\"'open'\"'\"', open)(__file__) if os.path.exists(__file__) else io.StringIO('\"'\"'from setuptools import setup; setup()'\"'\"');code = f.read().replace('\"'\"'\\r\\n'\"'\"', '\"'\"'\\n'\"'\"');f.close();exec(compile(code, __file__, '\"'\"'exec'\"'\"'))' egg_info --egg-base /tmp/pip-pip-egg-info-v7al27u6\n       cwd: /tmp/pip-install-_q2nhjqv/cellxgene_a85e70c4c74143779c90e24f7d803792/\n  Complete output (3 lines):\n  Traceback (most recent call last):\n    File \"<string>\", line 1, in <module>\n  ModuleNotFoundError: No module named 'setuptools'\n  ----------------------------------------\n\u001b[0m\u001b[91mWARNING: Discarding https://files.pythonhosted.org/packages/f4/d1/de4e06b181ef6ef0fa1e9b6119e0abdc9f4260432a91b57c3a0d6a004fc2/cellxgene-0.16.8.tar.gz#sha256=09403f4256ef4b065ce375339df31a9504b111dcce3b1429cc1ceb9d0fb0357a (from https://pypi.org/simple/cellxgene/). Command errored out with exit status 1: python setup.py egg_info Check the logs for full command output.\n\u001b[0m  Downloading cellxgene-0.16.7.tar.gz (6.6 MB)\n  Preparing metadata (setup.py): started\n  Preparing metadata (setup.py): finished with status 'error'\n\u001b[91m  ERROR: Command errored out with exit status 1:\n   command: /usr/bin/python3 -c 'import io, os, sys, setuptools, tokenize; sys.argv[0] = '\"'\"'/tmp/pip-install-_q2nhjqv/cellxgene_59b42c02c77e471786c77bf1998184e9/setup.py'\"'\"'; __file__='\"'\"'/tmp/pip-install-_q2nhjqv/cellxgene_59b42c02c77e471786c77bf1998184e9/setup.py'\"'\"';f = getattr(tokenize, '\"'\"'open'\"'\"', open)(__file__) if os.path.exists(__file__) else io.StringIO('\"'\"'from setuptools import setup; setup()'\"'\"');code = f.read().replace('\"'\"'\\r\\n'\"'\"', '\"'\"'\\n'\"'\"');f.close();exec(compile(code, __file__, '\"'\"'exec'\"'\"'))' egg_info --egg-base /tmp/pip-pip-egg-info-k3oosc2_\n       cwd: /tmp/pip-install-_q2nhjqv/cellxgene_59b42c02c77e471786c77bf1998184e9/\n  Complete output (3 lines):\n  Traceback (most recent call last):\n    File \"<string>\", line 1, in <module>\n  ModuleNotFoundError: No module named 'setuptools'\n  ----------------------------------------\n\u001b[0m\u001b[91mWARNING: Discarding https://files.pythonhosted.org/packages/36/37/c49adcafcfac62db8091a9533a009144a65bd55f570c4f3bdfcba33768f8/cellxgene-0.16.7.tar.gz#sha256=ab08b6194373f63c0b96cf6b08b8b7baa60832c06f7ba39a3efb45612f55d42d (from https://pypi.org/simple/cellxgene/). Command errored out with exit status 1: python setup.py egg_info Check the logs for full command output.\n\u001b[0m  Downloading cellxgene-0.16.6.tar.gz (2.9 MB)\n  Preparing metadata (setup.py): started\n  Preparing metadata (setup.py): finished with status 'error'\n\u001b[91m  ERROR: Command errored out with exit status 1:\n   command: /usr/bin/python3 -c 'import io, os, sys, setuptools, tokenize; sys.argv[0] = '\"'\"'/tmp/pip-install-_q2nhjqv/cellxgene_f4e995405b2f423fb6bdcec4185c0974/setup.py'\"'\"'; __file__='\"'\"'/tmp/pip-install-_q2nhjqv/cellxgene_f4e995405b2f423fb6bdcec4185c0974/setup.py'\"'\"';f = getattr(tokenize, '\"'\"'open'\"'\"', open)(__file__) if os.path.exists(__file__) else io.StringIO('\"'\"'from setuptools import setup; setup()'\"'\"');code = f.read().replace('\"'\"'\\r\\n'\"'\"', '\"'\"'\\n'\"'\"');f.close();exec(compile(code, __file__, '\"'\"'exec'\"'\"'))' egg_info --egg-base /tmp/pip-pip-egg-info-j46c0fad\n       cwd: /tmp/pip-install-_q2nhjqv/cellxgene_f4e995405b2f423fb6bdcec4185c0974/\n  Complete output (3 lines):\n  Traceback (most recent call last):\n    File \"<string>\", line 1, in <module>\n  ModuleNotFoundError: No module named 'setuptools'\n  ----------------------------------------\n\u001b[0m\u001b[91mWARNING: Discarding https://files.pythonhosted.org/packages/46/57/4e8ec27e74978afe0eab05fc6dcc8519e5aa1eea53327c44b475eb641bce/cellxgene-0.16.6.tar.gz#sha256=856817534a318cc234552e8007545a5e50bf4ab3ae8edcf5c5a0fe393cb883f9 (from https://pypi.org/simple/cellxgene/). Command errored out with exit status 1: python setup.py egg_info Check the logs for full command output.\n\u001b[0m  Downloading cellxgene-0.16.5.tar.gz (2.9 MB)\n  Preparing metadata (setup.py): started\n\u001b[91m  ERROR: Command errored out with exit status 1:\n   command: /usr/bin/python3 -c 'import io, os, sys, setuptools, tokenize; sys.argv[0] = '\"'\"'/tmp/pip-install-_q2nhjqv/cellxgene_4dcecbf33e1f42df86a9dc0e7054474e/setup.py'\"'\"'; __file__='\"'\"'/tmp/pip-install-_q2nhjqv/cellxgene_4dcecbf33e1f42df86a9dc0e7054474e/setup.py'\"'\"';f = getattr(tokenize, '\"'\"'open'\"'\"', open)(__file__) if os.path.exists(__file__) else io.StringIO('\"'\"'from setuptools import setup; setup()'\"'\"');code = f.read().replace('\"'\"'\\r\\n'\"'\"', '\"'\"'\\n'\"'\"');f.close();exec(compile(code, __file__, '\"'\"'exec'\"'\"'))' egg_info --egg-base /tmp/pip-pip-egg-info-9fts39mr\n       cwd: /tmp/pip-install-_q2nhjqv/cellxgene_4dcecbf33e1f42df86a9dc0e7054474e/\n  Complete output (3 lines):\n  Traceback (most recent call last):\n    File \"<string>\", line 1, in <module>\n  ModuleNotFoundError: No module named 'setuptools'\n  ----------------------------------------\n\u001b[0m  Preparing metadata (setup.py): finished with status 'error'\n\u001b[91mWARNING: Discarding https://files.pythonhosted.org/packages/1d/a5/671b9ba2dd89cce68de6a330c2a917d3ea3e87fe13ad0664f5ecbc24b873/cellxgene-0.16.5.tar.gz#sha256=69d88e8387b45e07a01379cbb5f9f753e27b20314cb3a8305f7fd75afdbd6449 (from https://pypi.org/simple/cellxgene/). Command errored out with exit status 1: python setup.py egg_info Check the logs for full command output.\n\u001b[0m  Downloading cellxgene-0.16.4.tar.gz (2.9 MB)\n  Preparing metadata (setup.py): started\n  Preparing metadata (setup.py): finished with status 'error'\n\u001b[91m  ERROR: Command errored out with exit status 1:\n   command: /usr/bin/python3 -c 'import io, os, sys, setuptools, tokenize; sys.argv[0] = '\"'\"'/tmp/pip-install-_q2nhjqv/cellxgene_c851effc57694b8c88a7274cfa8a35fc/setup.py'\"'\"'; __file__='\"'\"'/tmp/pip-install-_q2nhjqv/cellxgene_c851effc57694b8c88a7274cfa8a35fc/setup.py'\"'\"';f = getattr(tokenize, '\"'\"'open'\"'\"', open)(__file__) if os.path.exists(__file__) else io.StringIO('\"'\"'from setuptools import setup; setup()'\"'\"');code = f.read().replace('\"'\"'\\r\\n'\"'\"', '\"'\"'\\n'\"'\"');f.close();exec(compile(code, __file__, '\"'\"'exec'\"'\"'))' egg_info --egg-base /tmp/pip-pip-egg-info-ysken8tv\n       cwd: /tmp/pip-install-_q2nhjqv/cellxgene_c851effc57694b8c88a7274cfa8a35fc/\n  Complete output (3 lines):\n  Traceback (most recent call last):\n    File \"<string>\", line 1, in <module>\n  ModuleNotFoundError: No module named 'setuptools'\n  ----------------------------------------\n\u001b[0m\u001b[91mWARNING: Discarding https://files.pythonhosted.org/packages/55/77/a7ce451edb9bf53fa57de24189f12f7889264e27592fedf00d97d1bc339e/cellxgene-0.16.4.tar.gz#sha256=7d1b0fc6de3d6372d762944f6faf0472c9cc65305cba18f767789b65a8f6cc99 (from https://pypi.org/simple/cellxgene/). Command errored out with exit status 1: python setup.py egg_info Check the logs for full command output.\n\u001b[0m  Downloading cellxgene-0.16.2.tar.gz (2.9 MB)\n  Preparing metadata (setup.py): started\n  Preparing metadata (setup.py): finished with status 'error'\n\u001b[91m  ERROR: Command errored out with exit status 1:\n   command: /usr/bin/python3 -c 'import io, os, sys, setuptools, tokenize; sys.argv[0] = '\"'\"'/tmp/pip-install-_q2nhjqv/cellxgene_2f7257bcedbe4a5aa372a55ae751cd02/setup.py'\"'\"'; __file__='\"'\"'/tmp/pip-install-_q2nhjqv/cellxgene_2f7257bcedbe4a5aa372a55ae751cd02/setup.py'\"'\"';f = getattr(tokenize, '\"'\"'open'\"'\"', open)(__file__) if os.path.exists(__file__) else io.StringIO('\"'\"'from setuptools import setup; setup()'\"'\"');code = f.read().replace('\"'\"'\\r\\n'\"'\"', '\"'\"'\\n'\"'\"');f.close();exec(compile(code, __file__, '\"'\"'exec'\"'\"'))' egg_info --egg-base /tmp/pip-pip-egg-info-0w4zfg7_\n       cwd: /tmp/pip-install-_q2nhjqv/cellxgene_2f7257bcedbe4a5aa372a55ae751cd02/\n  Complete output (3 lines):\n  Traceback (most recent call last):\n    File \"<string>\", line 1, in <module>\n  ModuleNotFoundError: No module named 'setuptools'\n  ----------------------------------------\n\u001b[0m\u001b[91mWARNING: Discarding https://files.pythonhosted.org/packages/98/92/caf14011354ee4b585da15140a0552d4c24dcb32a1bd6a9d04dc8e60da84/cellxgene-0.16.2.tar.gz#sha256=bcc39f503c40314595efe3781f6b5c8bb1b01d798220a5369cc4840d3c253c9f (from https://pypi.org/simple/cellxgene/). Command errored out with exit status 1: python setup.py egg_info Check the logs for full command output.\n\u001b[0m  Downloading cellxgene-0.16.0.tar.gz (2.7 MB)\n  Preparing metadata (setup.py): started\n  Preparing metadata (setup.py): finished with status 'error'\n\u001b[91m  ERROR: Command errored out with exit status 1:\n   command: /usr/bin/python3 -c 'import io, os, sys, setuptools, tokenize; sys.argv[0] = '\"'\"'/tmp/pip-install-_q2nhjqv/cellxgene_1c7fbd9eec7e4906b0e9cc5ff408435e/setup.py'\"'\"'; __file__='\"'\"'/tmp/pip-install-_q2nhjqv/cellxgene_1c7fbd9eec7e4906b0e9cc5ff408435e/setup.py'\"'\"';f = getattr(tokenize, '\"'\"'open'\"'\"', open)(__file__) if os.path.exists(__file__) else io.StringIO('\"'\"'from setuptools import setup; setup()'\"'\"');code = f.read().replace('\"'\"'\\r\\n'\"'\"', '\"'\"'\\n'\"'\"');f.close();exec(compile(code, __file__, '\"'\"'exec'\"'\"'))' egg_info --egg-base /tmp/pip-pip-egg-info-ak58stpk\n       cwd: /tmp/pip-install-_q2nhjqv/cellxgene_1c7fbd9eec7e4906b0e9cc5ff408435e/\n  Complete output (3 lines):\n  Traceback (most recent call last):\n    File \"<string>\", line 1, in <module>\n  ModuleNotFoundError: No module named 'setuptools'\n  ----------------------------------------\n\u001b[0m\u001b[91mWARNING: Discarding https://files.pythonhosted.org/packages/c1/c2/332c3957eabfbef8ff1ec9b495c53423f2680d48cb9440fe6c093b36ef69/cellxgene-0.16.0.tar.gz#sha256=1689ccf328d2e805da78b9b70e0a725c47bd489a493a2e422c0c9d080a679472 (from https://pypi.org/simple/cellxgene/). Command errored out with exit status 1: python setup.py egg_info Check the logs for full command output.\n\u001b[0m  Downloading cellxgene-0.15.0.tar.gz (1.9 MB)\n  Preparing metadata (setup.py): started\n  Preparing metadata (setup.py): finished with status 'error'\n\u001b[91m  ERROR: Command errored out with exit status 1:\n   command: /usr/bin/python3 -c 'import io, os, sys, setuptools, tokenize; sys.argv[0] = '\"'\"'/tmp/pip-install-_q2nhjqv/cellxgene_049e933da9ee49368e73c61398151faf/setup.py'\"'\"'; __file__='\"'\"'/tmp/pip-install-_q2nhjqv/cellxgene_049e933da9ee49368e73c61398151faf/setup.py'\"'\"';f = getattr(tokenize, '\"'\"'open'\"'\"', open)(__file__) if os.path.exists(__file__) else io.StringIO('\"'\"'from setuptools import setup; setup()'\"'\"');code = f.read().replace('\"'\"'\\r\\n'\"'\"', '\"'\"'\\n'\"'\"');f.close();exec(compile(code, __file__, '\"'\"'exec'\"'\"'))' egg_info --egg-base /tmp/pip-pip-egg-info-jzc4r_4w\n       cwd: /tmp/pip-install-_q2nhjqv/cellxgene_049e933da9ee49368e73c61398151faf/\n  Complete output (3 lines):\n  Traceback (most recent call last):\n    File \"<string>\", line 1, in <module>\n  ModuleNotFoundError: No module named 'setuptools'\n  ----------------------------------------\n\u001b[0m\u001b[91mWARNING: Discarding https://files.pythonhosted.org/packages/fe/d8/885c0c0da98b3da76750a32216345e004b2d384b4ab524db0fc7419f918b/cellxgene-0.15.0.tar.gz#sha256=5be2122de6d1af62f3f6f526f026ec56a07964d7c7e6091210fc90746d633323 (from https://pypi.org/simple/cellxgene/). Command errored out with exit status 1: python setup.py egg_info Check the logs for full command output.\n\u001b[0m  Downloading cellxgene-0.14.1.tar.gz (1.9 MB)\n  Preparing metadata (setup.py): started\n  Preparing metadata (setup.py): finished with status 'error'\n\u001b[91m  ERROR: Command errored out with exit status 1:\n   command: /usr/bin/python3 -c 'import io, os, sys, setuptools, tokenize; sys.argv[0] = '\"'\"'/tmp/pip-install-_q2nhjqv/cellxgene_1359e5bea74c4ea7a8e38c05ee26a85f/setup.py'\"'\"'; __file__='\"'\"'/tmp/pip-install-_q2nhjqv/cellxgene_1359e5bea74c4ea7a8e38c05ee26a85f/setup.py'\"'\"';f = getattr(tokenize, '\"'\"'open'\"'\"', open)(__file__) if os.path.exists(__file__) else io.StringIO('\"'\"'from setuptools import setup; setup()'\"'\"');code = f.read().replace('\"'\"'\\r\\n'\"'\"', '\"'\"'\\n'\"'\"');f.close();exec(compile(code, __file__, '\"'\"'exec'\"'\"'))' egg_info --egg-base /tmp/pip-pip-egg-info-5dvoayin\n       cwd: /tmp/pip-install-_q2nhjqv/cellxgene_1359e5bea74c4ea7a8e38c05ee26a85f/\n  Complete output (3 lines):\n  Traceback (most recent call last):\n    File \"<string>\", line 1, in <module>\n  ModuleNotFoundError: No module named 'setuptools'\n  ----------------------------------------\n\u001b[0m\u001b[91mWARNING: Discarding https://files.pythonhosted.org/packages/27/39/70afaaaaeb21bdba945a0ab487b8cdca7ec9a480a914b9f9ffeb2cfa8c86/cellxgene-0.14.1.tar.gz#sha256=c22e156e721ca95bf77b48221807d36be0000df36e73a225751d0e07c1b7dfdc (from https://pypi.org/simple/cellxgene/). Command errored out with exit status 1: python setup.py egg_info Check the logs for full command output.\n\u001b[0m  Downloading cellxgene-0.14.0.tar.gz (1.9 MB)\n  Preparing metadata (setup.py): started\n  Preparing metadata (setup.py): finished with status 'error'\n\u001b[91m  ERROR: Command errored out with exit status 1:\n   command: /usr/bin/python3 -c 'import io, os, sys, setuptools, tokenize; sys.argv[0] = '\"'\"'/tmp/pip-install-_q2nhjqv/cellxgene_46dc38896cb44200a8fa7fcb4ebaaeaa/setup.py'\"'\"'; __file__='\"'\"'/tmp/pip-install-_q2nhjqv/cellxgene_46dc38896cb44200a8fa7fcb4ebaaeaa/setup.py'\"'\"';f = getattr(tokenize, '\"'\"'open'\"'\"', open)(__file__) if os.path.exists(__file__) else io.StringIO('\"'\"'from setuptools import setup; setup()'\"'\"');code = f.read().replace('\"'\"'\\r\\n'\"'\"', '\"'\"'\\n'\"'\"');f.close();exec(compile(code, __file__, '\"'\"'exec'\"'\"'))' egg_info --egg-base /tmp/pip-pip-egg-info-qv0_7ei6\n       cwd: /tmp/pip-install-_q2nhjqv/cellxgene_46dc38896cb44200a8fa7fcb4ebaaeaa/\n  Complete output (3 lines):\n  Traceback (most recent call last):\n    File \"<string>\", line 1, in <module>\n  ModuleNotFoundError: No module named 'setuptools'\n  ----------------------------------------\n\u001b[0m\u001b[91mWARNING: Discarding https://files.pythonhosted.org/packages/0c/53/60e82ab93eaac8cbee603e7e25ea19e17207d5cfa4bae9a5779cb95214b7/cellxgene-0.14.0.tar.gz#sha256=652c278cb62064914de9cece64cb102bbfd64308237aadf8b758c3dfe3786590 (from https://pypi.org/simple/cellxgene/). Command errored out with exit status 1: python setup.py egg_info Check the logs for full command output.\n\u001b[0m  Downloading cellxgene-0.13.0.tar.gz (1.5 MB)\n  Preparing metadata (setup.py): started\n  Preparing metadata (setup.py): finished with status 'error'\n\u001b[91m  ERROR: Command errored out with exit status 1:\n   command: /usr/bin/python3 -c 'import io, os, sys, setuptools, tokenize; sys.argv[0] = '\"'\"'/tmp/pip-install-_q2nhjqv/cellxgene_c3d9a4dcd00846848f25c39374c511b2/setup.py'\"'\"'; __file__='\"'\"'/tmp/pip-install-_q2nhjqv/cellxgene_c3d9a4dcd00846848f25c39374c511b2/setup.py'\"'\"';f = getattr(tokenize, '\"'\"'open'\"'\"', open)(__file__) if os.path.exists(__file__) else io.StringIO('\"'\"'from setuptools import setup; setup()'\"'\"');code = f.read().replace('\"'\"'\\r\\n'\"'\"', '\"'\"'\\n'\"'\"');f.close();exec(compile(code, __file__, '\"'\"'exec'\"'\"'))' egg_info --egg-base /tmp/pip-pip-egg-info-7q07eybg\n       cwd: /tmp/pip-install-_q2nhjqv/cellxgene_c3d9a4dcd00846848f25c39374c511b2/\n  Complete output (3 lines):\n  Traceback (most recent call last):\n    File \"<string>\", line 1, in <module>\n  ModuleNotFoundError: No module named 'setuptools'\n  ----------------------------------------\n\u001b[0m\u001b[91mWARNING: Discarding https://files.pythonhosted.org/packages/7a/e3/544bd121cda2a038bb61ce45ebc49f6325b31a559a7e9672d433e62f90ef/cellxgene-0.13.0.tar.gz#sha256=5871d6509018458d74587824008b33fea463818ea139c6cc5c93793d2258aa1c (from https://pypi.org/simple/cellxgene/). Command errored out with exit status 1: python setup.py egg_info Check the logs for full command output.\n\u001b[0m  Downloading cellxgene-0.12.0.tar.gz (1.5 MB)\n  Preparing metadata (setup.py): started\n  Preparing metadata (setup.py): finished with status 'error'\n\u001b[91m  ERROR: Command errored out with exit status 1:\n   command: /usr/bin/python3 -c 'import io, os, sys, setuptools, tokenize; sys.argv[0] = '\"'\"'/tmp/pip-install-_q2nhjqv/cellxgene_9f88a321bf034e579b0ff35ba1bc4602/setup.py'\"'\"'; __file__='\"'\"'/tmp/pip-install-_q2nhjqv/cellxgene_9f88a321bf034e579b0ff35ba1bc4602/setup.py'\"'\"';f = getattr(tokenize, '\"'\"'open'\"'\"', open)(__file__) if os.path.exists(__file__) else io.StringIO('\"'\"'from setuptools import setup; setup()'\"'\"');code = f.read().replace('\"'\"'\\r\\n'\"'\"', '\"'\"'\\n'\"'\"');f.close();exec(compile(code, __file__, '\"'\"'exec'\"'\"'))' egg_info --egg-base /tmp/pip-pip-egg-info-1fpcrjei\n       cwd: /tmp/pip-install-_q2nhjqv/cellxgene_9f88a321bf034e579b0ff35ba1bc4602/\n  Complete output (3 lines):\n  Traceback (most recent call last):\n    File \"<string>\", line 1, in <module>\n  ModuleNotFoundError: No module named 'setuptools'\n  ----------------------------------------\n\u001b[0m\u001b[91mWARNING: Discarding https://files.pythonhosted.org/packages/57/1c/925a9eccb97534e8b4288ccf3300a2496766632f76a0802a75ead9e624d7/cellxgene-0.12.0.tar.gz#sha256=a6d7b65ab1959f842953cb047d3d6bafad5b914392af5d67c1d29fb0cd708328 (from https://pypi.org/simple/cellxgene/). Command errored out with exit status 1: python setup.py egg_info Check the logs for full command output.\n\u001b[0m  Downloading cellxgene-0.11.2.tar.gz (1.9 MB)\n  Preparing metadata (setup.py): started\n  Preparing metadata (setup.py): finished with status 'error'\n\u001b[91m  ERROR: Command errored out with exit status 1:\n   command: /usr/bin/python3 -c 'import io, os, sys, setuptools, tokenize; sys.argv[0] = '\"'\"'/tmp/pip-install-_q2nhjqv/cellxgene_ba43fac4353846a09c6cd9ff7571ed40/setup.py'\"'\"'; __file__='\"'\"'/tmp/pip-install-_q2nhjqv/cellxgene_ba43fac4353846a09c6cd9ff7571ed40/setup.py'\"'\"';f = getattr(tokenize, '\"'\"'open'\"'\"', open)(__file__) if os.path.exists(__file__) else io.StringIO('\"'\"'from setuptools import setup; setup()'\"'\"');code = f.read().replace('\"'\"'\\r\\n'\"'\"', '\"'\"'\\n'\"'\"');f.close();exec(compile(code, __file__, '\"'\"'exec'\"'\"'))' egg_info --egg-base /tmp/pip-pip-egg-info-5v0__u41\n       cwd: /tmp/pip-install-_q2nhjqv/cellxgene_ba43fac4353846a09c6cd9ff7571ed40/\n  Complete output (3 lines):\n  Traceback (most recent call last):\n    File \"<string>\", line 1, in <module>\n  ModuleNotFoundError: No module named 'setuptools'\n  ----------------------------------------\nWARNING: Discarding https://files.pythonhosted.org/packages/31/25/6225946ea61d624ec2f91c20175480c5d48b9748d6b9bd736ac0c2c10a06/cellxgene-0.11.2.tar.gz#sha256=b32e34e4e29ebc7c8f691e56c77353a546e13922c7e6ca76ca043e2092fe9586 (from https://pypi.org/simple/cellxgene/). Command errored out with exit status 1: python setup.py egg_info Check the logs for full command output.\n\u001b[0m  Downloading cellxgene-0.11.0.tar.gz (1.9 MB)\n  Preparing metadata (setup.py): started\n  Preparing metadata (setup.py): finished with status 'error'\n\u001b[91m  ERROR: Command errored out with exit status 1:\n   command: /usr/bin/python3 -c 'import io, os, sys, setuptools, tokenize; sys.argv[0] = '\"'\"'/tmp/pip-install-_q2nhjqv/cellxgene_024343f75e38470aaf5752671b5e991b/setup.py'\"'\"'; __file__='\"'\"'/tmp/pip-install-_q2nhjqv/cellxgene_024343f75e38470aaf5752671b5e991b/setup.py'\"'\"';f = getattr(tokenize, '\"'\"'open'\"'\"', open)(__file__) if os.path.exists(__file__) else io.StringIO('\"'\"'from setuptools import setup; setup()'\"'\"');code = f.read().replace('\"'\"'\\r\\n'\"'\"', '\"'\"'\\n'\"'\"');f.close();exec(compile(code, __file__, '\"'\"'exec'\"'\"'))' egg_info --egg-base /tmp/pip-pip-egg-info-7t3zjwvw\n       cwd: /tmp/pip-install-_q2nhjqv/cellxgene_024343f75e38470aaf5752671b5e991b/\n  Complete output (3 lines):\n  Traceback (most recent call last):\n    File \"<string>\", line 1, in <module>\n  ModuleNotFoundError: No module named 'setuptools'\n  ----------------------------------------\n\u001b[0m\u001b[91mWARNING: Discarding https://files.pythonhosted.org/packages/0c/7d/122cd2dbc243dd78d078d5bdd12be90a9357a99fe394010caedd77aa7081/cellxgene-0.11.0.tar.gz#sha256=e52e55e7a3f0bde7ac037b659fc784aab38387966aff478342030c4886c9c4d6 (from https://pypi.org/simple/cellxgene/). Command errored out with exit status 1: python setup.py egg_info Check the logs for full command output.\n\u001b[0m  Downloading cellxgene-0.10.1.tar.gz (1.9 MB)\n  Preparing metadata (setup.py): started\n  Preparing metadata (setup.py): finished with status 'error'\n\u001b[91m  ERROR: Command errored out with exit status 1:\n   command: /usr/bin/python3 -c 'import io, os, sys, setuptools, tokenize; sys.argv[0] = '\"'\"'/tmp/pip-install-_q2nhjqv/cellxgene_ee3d8f07611141a3bdf8b8e37cb01fba/setup.py'\"'\"'; __file__='\"'\"'/tmp/pip-install-_q2nhjqv/cellxgene_ee3d8f07611141a3bdf8b8e37cb01fba/setup.py'\"'\"';f = getattr(tokenize, '\"'\"'open'\"'\"', open)(__file__) if os.path.exists(__file__) else io.StringIO('\"'\"'from setuptools import setup; setup()'\"'\"');code = f.read().replace('\"'\"'\\r\\n'\"'\"', '\"'\"'\\n'\"'\"');f.close();exec(compile(code, __file__, '\"'\"'exec'\"'\"'))' egg_info --egg-base /tmp/pip-pip-egg-info-az24hbc8\n       cwd: /tmp/pip-install-_q2nhjqv/cellxgene_ee3d8f07611141a3bdf8b8e37cb01fba/\n  Complete output (3 lines):\n  Traceback (most recent call last):\n    File \"<string>\", line 1, in <module>\n  ModuleNotFoundError: No module named 'setuptools'\n  ----------------------------------------\n\u001b[0m\u001b[91mWARNING: Discarding https://files.pythonhosted.org/packages/a7/e3/fd7ce40686864d3046647aa38b3b110dfd4cc96c2c77eea37b91a516b47e/cellxgene-0.10.1.tar.gz#sha256=974868eacbb760415c3b273e8a467c646d4ebe244cb94974c19ccb3048f81b46 (from https://pypi.org/simple/cellxgene/). Command errored out with exit status 1: python setup.py egg_info Check the logs for full command output.\n\u001b[0m  Downloading cellxgene-0.10.0.tar.gz (1.9 MB)\n  Preparing metadata (setup.py): started\n  Preparing metadata (setup.py): finished with status 'error'\n\u001b[91m  ERROR: Command errored out with exit status 1:\n   command: /usr/bin/python3 -c 'import io, os, sys, setuptools, tokenize; sys.argv[0] = '\"'\"'/tmp/pip-install-_q2nhjqv/cellxgene_5b1d5702ad6c472e801cf25841468621/setup.py'\"'\"'; __file__='\"'\"'/tmp/pip-install-_q2nhjqv/cellxgene_5b1d5702ad6c472e801cf25841468621/setup.py'\"'\"';f = getattr(tokenize, '\"'\"'open'\"'\"', open)(__file__) if os.path.exists(__file__) else io.StringIO('\"'\"'from setuptools import setup; setup()'\"'\"');code = f.read().replace('\"'\"'\\r\\n'\"'\"', '\"'\"'\\n'\"'\"');f.close();exec(compile(code, __file__, '\"'\"'exec'\"'\"'))' egg_info --egg-base /tmp/pip-pip-egg-info-l4jjk_lz\n       cwd: /tmp/pip-install-_q2nhjqv/cellxgene_5b1d5702ad6c472e801cf25841468621/\n  Complete output (3 lines):\n  Traceback (most recent call last):\n    File \"<string>\", line 1, in <module>\n  ModuleNotFoundError: No module named 'setuptools'\n  ----------------------------------------\n\u001b[0m\u001b[91mWARNING: Discarding https://files.pythonhosted.org/packages/b1/a5/0d1b11e9436421922b9e47a31a9a8d44cee4a043d18452be252d761261d2/cellxgene-0.10.0.tar.gz#sha256=eb35b5d5267d366d8cfc3771f05732d92f2e8bef3600a822ec9e5b02d0016cd3 (from https://pypi.org/simple/cellxgene/). Command errored out with exit status 1: python setup.py egg_info Check the logs for full command output.\n\u001b[0m  Downloading cellxgene-0.9.3.tar.gz (1.8 MB)\n  Preparing metadata (setup.py): started\n  Preparing metadata (setup.py): finished with status 'error'\n\u001b[91m  ERROR: Command errored out with exit status 1:\n   command: /usr/bin/python3 -c 'import io, os, sys, setuptools, tokenize; sys.argv[0] = '\"'\"'/tmp/pip-install-_q2nhjqv/cellxgene_49d3746cceeb4a6e830037d8b840c8ab/setup.py'\"'\"'; __file__='\"'\"'/tmp/pip-install-_q2nhjqv/cellxgene_49d3746cceeb4a6e830037d8b840c8ab/setup.py'\"'\"';f = getattr(tokenize, '\"'\"'open'\"'\"', open)(__file__) if os.path.exists(__file__) else io.StringIO('\"'\"'from setuptools import setup; setup()'\"'\"');code = f.read().replace('\"'\"'\\r\\n'\"'\"', '\"'\"'\\n'\"'\"');f.close();exec(compile(code, __file__, '\"'\"'exec'\"'\"'))' egg_info --egg-base /tmp/pip-pip-egg-info-rlyqctyi\n       cwd: /tmp/pip-install-_q2nhjqv/cellxgene_49d3746cceeb4a6e830037d8b840c8ab/\n  Complete output (3 lines):\n  Traceback (most recent call last):\n    File \"<string>\", line 1, in <module>\n  ModuleNotFoundError: No module named 'setuptools'\n  ----------------------------------------\n\u001b[0m\u001b[91mWARNING: Discarding https://files.pythonhosted.org/packages/20/7c/115b98c51f0e707499f556ebd246008ce0d681adc80d8a75e4d3b42aecd2/cellxgene-0.9.3.tar.gz#sha256=cabf77390194543ef46e22497bbcdf22f664f00b5f0f2d329d857a96b431143e (from https://pypi.org/simple/cellxgene/). Command errored out with exit status 1: python setup.py egg_info Check the logs for full command output.\n\u001b[0m  Downloading cellxgene-0.9.2.tar.gz (1.8 MB)\n  Preparing metadata (setup.py): started\n  Preparing metadata (setup.py): finished with status 'error'\n\u001b[91m  ERROR: Command errored out with exit status 1:\n   command: /usr/bin/python3 -c 'import io, os, sys, setuptools, tokenize; sys.argv[0] = '\"'\"'/tmp/pip-install-_q2nhjqv/cellxgene_b2df2a8ce96d4d62abde71e7bfd4c8e1/setup.py'\"'\"'; __file__='\"'\"'/tmp/pip-install-_q2nhjqv/cellxgene_b2df2a8ce96d4d62abde71e7bfd4c8e1/setup.py'\"'\"';f = getattr(tokenize, '\"'\"'open'\"'\"', open)(__file__) if os.path.exists(__file__) else io.StringIO('\"'\"'from setuptools import setup; setup()'\"'\"');code = f.read().replace('\"'\"'\\r\\n'\"'\"', '\"'\"'\\n'\"'\"');f.close();exec(compile(code, __file__, '\"'\"'exec'\"'\"'))' egg_info --egg-base /tmp/pip-pip-egg-info-3y4pab30\n       cwd: /tmp/pip-install-_q2nhjqv/cellxgene_b2df2a8ce96d4d62abde71e7bfd4c8e1/\n  Complete output (3 lines):\n  Traceback (most recent call last):\n    File \"<string>\", line 1, in <module>\n  ModuleNotFoundError: No module named 'setuptools'\n  ----------------------------------------\n\u001b[0m\u001b[91mWARNING: Discarding https://files.pythonhosted.org/packages/c7/eb/0955f0f20b1a581522e50ce4b0fb353b59e18f78a8228f590c7c8e6e1a8b/cellxgene-0.9.2.tar.gz#sha256=09537583e2532a670c4c3c5f0e599df7bf7c72ca29b8cd4da7c65bc316b4935d (from https://pypi.org/simple/cellxgene/). Command errored out with exit status 1: python setup.py egg_info Check the logs for full command output.\n\u001b[0m  Downloading cellxgene-0.9.1.tar.gz (1.8 MB)\n  Preparing metadata (setup.py): started\n  Preparing metadata (setup.py): finished with status 'error'\n\u001b[91m  ERROR: Command errored out with exit status 1:\n   command: /usr/bin/python3 -c 'import io, os, sys, setuptools, tokenize; sys.argv[0] = '\"'\"'/tmp/pip-install-_q2nhjqv/cellxgene_675cbda377db4909b2fe12513aa69b29/setup.py'\"'\"'; __file__='\"'\"'/tmp/pip-install-_q2nhjqv/cellxgene_675cbda377db4909b2fe12513aa69b29/setup.py'\"'\"';f = getattr(tokenize, '\"'\"'open'\"'\"', open)(__file__) if os.path.exists(__file__) else io.StringIO('\"'\"'from setuptools import setup; setup()'\"'\"');code = f.read().replace('\"'\"'\\r\\n'\"'\"', '\"'\"'\\n'\"'\"');f.close();exec(compile(code, __file__, '\"'\"'exec'\"'\"'))' egg_info --egg-base /tmp/pip-pip-egg-info-hb__24fm\n       cwd: /tmp/pip-install-_q2nhjqv/cellxgene_675cbda377db4909b2fe12513aa69b29/\n  Complete output (3 lines):\n  Traceback (most recent call last):\n    File \"<string>\", line 1, in <module>\n  ModuleNotFoundError: No module named 'setuptools'\n  ----------------------------------------\n\u001b[0m\u001b[91mWARNING: Discarding https://files.pythonhosted.org/packages/b7/d9/e16797e0b9e1fdcda29fb7192e5af44019e07cb593ceeb58d064963f2e86/cellxgene-0.9.1.tar.gz#sha256=faeef68727cdd719f5a54551cafe68249d92cbdc148c8de479aad3df1f6de25f (from https://pypi.org/simple/cellxgene/). Command errored out with exit status 1: python setup.py egg_info Check the logs for full command output.\n\u001b[0m  Downloading cellxgene-0.8.0.tar.gz (1.4 MB)\n  Preparing metadata (setup.py): started\n\u001b[91m  ERROR: Command errored out with exit status 1:\n   command: /usr/bin/python3 -c 'import io, os, sys, setuptools, tokenize; sys.argv[0] = '\"'\"'/tmp/pip-install-_q2nhjqv/cellxgene_6a06c61a6a24412d82ebec3dd223bd30/setup.py'\"'\"'; __file__='\"'\"'/tmp/pip-install-_q2nhjqv/cellxgene_6a06c61a6a24412d82ebec3dd223bd30/setup.py'\"'\"';f = getattr(tokenize, '\"'\"'open'\"'\"', open)(__file__) if os.path.exists(__file__) else io.StringIO('\"'\"'from setuptools import setup; setup()'\"'\"');code = f.read().replace('\"'\"'\\r\\n'\"'\"', '\"'\"'\\n'\"'\"');f.close();exec(compile(code, __file__, '\"'\"'exec'\"'\"'))' egg_info --egg-base /tmp/pip-pip-egg-info-fk3vnhdx\n       cwd: /tmp/pip-install-_q2nhjqv/cellxgene_6a06c61a6a24412d82ebec3dd223bd30/\n  Complete output (3 lines):\n  Traceback (most recent call last):\n    File \"<string>\", line 1, in <module>\n  ModuleNotFoundError: No module named 'setuptools'\n  ----------------------------------------\n\u001b[0m  Preparing metadata (setup.py): finished with status 'error'\n\u001b[91mWARNING: Discarding https://files.pythonhosted.org/packages/3f/81/50082e9ad5ab2a9e4ed95644695b4b73d691f54a9cf0a78a9f28d49c4748/cellxgene-0.8.0.tar.gz#sha256=f229a48b3b344ca4f2da7e8130f96b1175a92b3d5e13e1d8bf5c5959bc8ef506 (from https://pypi.org/simple/cellxgene/). Command errored out with exit status 1: python setup.py egg_info Check the logs for full command output.\n\u001b[0m  Downloading cellxgene-0.7.0.tar.gz (1.4 MB)\n  Preparing metadata (setup.py): started\n  Preparing metadata (setup.py): finished with status 'error'\n\u001b[91m  ERROR: Command errored out with exit status 1:\n   command: /usr/bin/python3 -c 'import io, os, sys, setuptools, tokenize; sys.argv[0] = '\"'\"'/tmp/pip-install-_q2nhjqv/cellxgene_da5e65ee2a5b427eb549f0248e4c7d59/setup.py'\"'\"'; __file__='\"'\"'/tmp/pip-install-_q2nhjqv/cellxgene_da5e65ee2a5b427eb549f0248e4c7d59/setup.py'\"'\"';f = getattr(tokenize, '\"'\"'open'\"'\"', open)(__file__) if os.path.exists(__file__) else io.StringIO('\"'\"'from setuptools import setup; setup()'\"'\"');code = f.read().replace('\"'\"'\\r\\n'\"'\"', '\"'\"'\\n'\"'\"');f.close();exec(compile(code, __file__, '\"'\"'exec'\"'\"'))' egg_info --egg-base /tmp/pip-pip-egg-info-3sdie3qq\n       cwd: /tmp/pip-install-_q2nhjqv/cellxgene_da5e65ee2a5b427eb549f0248e4c7d59/\n  Complete output (3 lines):\n  Traceback (most recent call last):\n    File \"<string>\", line 1, in <module>\n  ModuleNotFoundError: No module named 'setuptools'\n  ----------------------------------------\n\u001b[0m\u001b[91mWARNING: Discarding https://files.pythonhosted.org/packages/3b/81/599ffaba4be5208463124662903d942d2dd2671f6d9ff5f90f9ff5f7371f/cellxgene-0.7.0.tar.gz#sha256=fbbe11e3a8fca59ae66987023eac3bc4fe371f44db54bb7d546d83e3aa456ceb (from https://pypi.org/simple/cellxgene/). Command errored out with exit status 1: python setup.py egg_info Check the logs for full command output.\n\u001b[0m  Downloading cellxgene-0.6.1.tar.gz (1.4 MB)\n  Preparing metadata (setup.py): started\n  Preparing metadata (setup.py): finished with status 'error'\n\u001b[91m  ERROR: Command errored out with exit status 1:\n   command: /usr/bin/python3 -c 'import io, os, sys, setuptools, tokenize; sys.argv[0] = '\"'\"'/tmp/pip-install-_q2nhjqv/cellxgene_4b5f1c8e6ffb4c5b922647e63065d853/setup.py'\"'\"'; __file__='\"'\"'/tmp/pip-install-_q2nhjqv/cellxgene_4b5f1c8e6ffb4c5b922647e63065d853/setup.py'\"'\"';f = getattr(tokenize, '\"'\"'open'\"'\"', open)(__file__) if os.path.exists(__file__) else io.StringIO('\"'\"'from setuptools import setup; setup()'\"'\"');code = f.read().replace('\"'\"'\\r\\n'\"'\"', '\"'\"'\\n'\"'\"');f.close();exec(compile(code, __file__, '\"'\"'exec'\"'\"'))' egg_info --egg-base /tmp/pip-pip-egg-info-47_q2e06\n       cwd: /tmp/pip-install-_q2nhjqv/cellxgene_4b5f1c8e6ffb4c5b922647e63065d853/\n  Complete output (3 lines):\n  Traceback (most recent call last):\n    File \"<string>\", line 1, in <module>\n  ModuleNotFoundError: No module named 'setuptools'\n  ----------------------------------------\n\u001b[0m\u001b[91mWARNING: Discarding https://files.pythonhosted.org/packages/28/b8/552da5ee4a6f4505d5fd39af2cc318d200254fbf1e761e197423295d675f/cellxgene-0.6.1.tar.gz#sha256=746e7ecdd0882910b4c37e6f64cf6996defa87f647e16c96df7721c5efd1d156 (from https://pypi.org/simple/cellxgene/). Command errored out with exit status 1: python setup.py egg_info Check the logs for full command output.\n\u001b[0m  Downloading cellxgene-0.5.1.tar.gz (1.4 MB)\n  Preparing metadata (setup.py): started\n  Preparing metadata (setup.py): finished with status 'error'\n\u001b[91m  ERROR: Command errored out with exit status 1:\n   command: /usr/bin/python3 -c 'import io, os, sys, setuptools, tokenize; sys.argv[0] = '\"'\"'/tmp/pip-install-_q2nhjqv/cellxgene_4caead5c76b846fa9b1b37ee26051a28/setup.py'\"'\"'; __file__='\"'\"'/tmp/pip-install-_q2nhjqv/cellxgene_4caead5c76b846fa9b1b37ee26051a28/setup.py'\"'\"';f = getattr(tokenize, '\"'\"'open'\"'\"', open)(__file__) if os.path.exists(__file__) else io.StringIO('\"'\"'from setuptools import setup; setup()'\"'\"');code = f.read().replace('\"'\"'\\r\\n'\"'\"', '\"'\"'\\n'\"'\"');f.close();exec(compile(code, __file__, '\"'\"'exec'\"'\"'))' egg_info --egg-base /tmp/pip-pip-egg-info-0uj0v5e1\n       cwd: /tmp/pip-install-_q2nhjqv/cellxgene_4caead5c76b846fa9b1b37ee26051a28/\n  Complete output (3 lines):\n  Traceback (most recent call last):\n    File \"<string>\", line 1, in <module>\n  ModuleNotFoundError: No module named 'setuptools'\n  ----------------------------------------\n\u001b[0m\u001b[91mWARNING: Discarding https://files.pythonhosted.org/packages/f7/0e/78bf477fd906d095b58738176a1602e1ddd7cabc69b32839c8c0c01b549e/cellxgene-0.5.1.tar.gz#sha256=3244bd944ea9a7095c27be5185325a1add748996794e8ece4c1351398eb26671 (from https://pypi.org/simple/cellxgene/). Command errored out with exit status 1: python setup.py egg_info Check the logs for full command output.\n\u001b[0m  Downloading cellxgene-0.5.0.tar.gz (1.4 MB)\n  Preparing metadata (setup.py): started\n  Preparing metadata (setup.py): finished with status 'error'\n\u001b[91m  ERROR: Command errored out with exit status 1:\n   command: /usr/bin/python3 -c 'import io, os, sys, setuptools, tokenize; sys.argv[0] = '\"'\"'/tmp/pip-install-_q2nhjqv/cellxgene_91495538c71a4b89a195a53c268e17c3/setup.py'\"'\"'; __file__='\"'\"'/tmp/pip-install-_q2nhjqv/cellxgene_91495538c71a4b89a195a53c268e17c3/setup.py'\"'\"';f = getattr(tokenize, '\"'\"'open'\"'\"', open)(__file__) if os.path.exists(__file__) else io.StringIO('\"'\"'from setuptools import setup; setup()'\"'\"');code = f.read().replace('\"'\"'\\r\\n'\"'\"', '\"'\"'\\n'\"'\"');f.close();exec(compile(code, __file__, '\"'\"'exec'\"'\"'))' egg_info --egg-base /tmp/pip-pip-egg-info-j46a0kji\n       cwd: /tmp/pip-install-_q2nhjqv/cellxgene_91495538c71a4b89a195a53c268e17c3/\n  Complete output (3 lines):\n  Traceback (most recent call last):\n    File \"<string>\", line 1, in <module>\n  ModuleNotFoundError: No module named 'setuptools'\n  ----------------------------------------\n\u001b[0m\u001b[91mWARNING: Discarding https://files.pythonhosted.org/packages/2c/df/d8131b7056b71d822a63bfb7a6be7999b9ea2b7093c248602480dd8da73b/cellxgene-0.5.0.tar.gz#sha256=a2cdad806d3a96f9cd1e2ca8ab0aaa11680f55e18288ed0eb2525636e9c4f65b (from https://pypi.org/simple/cellxgene/). Command errored out with exit status 1: python setup.py egg_info Check the logs for full command output.\n\u001b[0m  Downloading cellxgene-0.4.0.tar.gz (1.4 MB)\n  Preparing metadata (setup.py): started\n  Preparing metadata (setup.py): finished with status 'error'\n\u001b[91m  ERROR: Command errored out with exit status 1:\n   command: /usr/bin/python3 -c 'import io, os, sys, setuptools, tokenize; sys.argv[0] = '\"'\"'/tmp/pip-install-_q2nhjqv/cellxgene_1379c366c1e446a09d000924f4c60c5e/setup.py'\"'\"'; __file__='\"'\"'/tmp/pip-install-_q2nhjqv/cellxgene_1379c366c1e446a09d000924f4c60c5e/setup.py'\"'\"';f = getattr(tokenize, '\"'\"'open'\"'\"', open)(__file__) if os.path.exists(__file__) else io.StringIO('\"'\"'from setuptools import setup; setup()'\"'\"');code = f.read().replace('\"'\"'\\r\\n'\"'\"', '\"'\"'\\n'\"'\"');f.close();exec(compile(code, __file__, '\"'\"'exec'\"'\"'))' egg_info --egg-base /tmp/pip-pip-egg-info-977ki3in\n       cwd: /tmp/pip-install-_q2nhjqv/cellxgene_1379c366c1e446a09d000924f4c60c5e/\n  Complete output (3 lines):\n  Traceback (most recent call last):\n    File \"<string>\", line 1, in <module>\n  ModuleNotFoundError: No module named 'setuptools'\n  ----------------------------------------\n\u001b[0m\u001b[91mWARNING: Discarding https://files.pythonhosted.org/packages/4f/06/a0d7db30692bc83b698df6ef54ee875709242a6d83e4129dcb00a441a410/cellxgene-0.4.0.tar.gz#sha256=a6cfafc040261aa62baf1ec953435a50f77c0ff273b3d7847860fdcc556ea9c9 (from https://pypi.org/simple/cellxgene/). Command errored out with exit status 1: python setup.py egg_info Check the logs for full command output.\n\u001b[0m  Downloading cellxgene-0.3.0.tar.gz (1.4 MB)\n  Preparing metadata (setup.py): started\n  Preparing metadata (setup.py): finished with status 'error'\n\u001b[91m  ERROR: Command errored out with exit status 1:\n   command: /usr/bin/python3 -c 'import io, os, sys, setuptools, tokenize; sys.argv[0] = '\"'\"'/tmp/pip-install-_q2nhjqv/cellxgene_1a5942bc30c7473581f0787188041b11/setup.py'\"'\"'; __file__='\"'\"'/tmp/pip-install-_q2nhjqv/cellxgene_1a5942bc30c7473581f0787188041b11/setup.py'\"'\"';f = getattr(tokenize, '\"'\"'open'\"'\"', open)(__file__) if os.path.exists(__file__) else io.StringIO('\"'\"'from setuptools import setup; setup()'\"'\"');code = f.read().replace('\"'\"'\\r\\n'\"'\"', '\"'\"'\\n'\"'\"');f.close();exec(compile(code, __file__, '\"'\"'exec'\"'\"'))' egg_info --egg-base /tmp/pip-pip-egg-info-t6651nic\n       cwd: /tmp/pip-install-_q2nhjqv/cellxgene_1a5942bc30c7473581f0787188041b11/\n  Complete output (3 lines):\n  Traceback (most recent call last):\n    File \"<string>\", line 1, in <module>\n  ModuleNotFoundError: No module named 'setuptools'\n  ----------------------------------------\n\u001b[0m\u001b[91mWARNING: Discarding https://files.pythonhosted.org/packages/b2/6f/c1e0e7b7c5c3b218e29e2e5cceb99e12205ec9e74cdab8fa17c839d39bf7/cellxgene-0.3.0.tar.gz#sha256=1560a1172100bf323baf63b408aff787551e3af60a3d12844f77ba4718e8bdb6 (from https://pypi.org/simple/cellxgene/). Command errored out with exit status 1: python setup.py egg_info Check the logs for full command output.\n\u001b[0m  Downloading cellxgene-0.2.4.tar.gz (1.4 MB)\n  Preparing metadata (setup.py): started\n  Preparing metadata (setup.py): finished with status 'error'\n\u001b[91m  ERROR: Command errored out with exit status 1:\n   command: /usr/bin/python3 -c 'import io, os, sys, setuptools, tokenize; sys.argv[0] = '\"'\"'/tmp/pip-install-_q2nhjqv/cellxgene_05e1e62908084cf49387e3c34bb1e300/setup.py'\"'\"'; __file__='\"'\"'/tmp/pip-install-_q2nhjqv/cellxgene_05e1e62908084cf49387e3c34bb1e300/setup.py'\"'\"';f = getattr(tokenize, '\"'\"'open'\"'\"', open)(__file__) if os.path.exists(__file__) else io.StringIO('\"'\"'from setuptools import setup; setup()'\"'\"');code = f.read().replace('\"'\"'\\r\\n'\"'\"', '\"'\"'\\n'\"'\"');f.close();exec(compile(code, __file__, '\"'\"'exec'\"'\"'))' egg_info --egg-base /tmp/pip-pip-egg-info-6_jhh_lk\n       cwd: /tmp/pip-install-_q2nhjqv/cellxgene_05e1e62908084cf49387e3c34bb1e300/\n  Complete output (3 lines):\n  Traceback (most recent call last):\n    File \"<string>\", line 1, in <module>\n  ModuleNotFoundError: No module named 'setuptools'\n  ----------------------------------------\n\u001b[0m\u001b[91mWARNING: Discarding https://files.pythonhosted.org/packages/c2/eb/f9b8ec05f2623f9339f5f06b2da768e6bdc04c216b687de5794875008a9d/cellxgene-0.2.4.tar.gz#sha256=2b99a0fa47c21511ca8d297f9ca29608f17390cc84b2f9880f7fdea8bb0e9594 (from https://pypi.org/simple/cellxgene/). Command errored out with exit status 1: python setup.py egg_info Check the logs for full command output.\n\u001b[0m  Downloading cellxgene-0.2.3.tar.gz (1.4 MB)\n  Preparing metadata (setup.py): started\n  Preparing metadata (setup.py): finished with status 'error'\n\u001b[91m  ERROR: Command errored out with exit status 1:\n   command: /usr/bin/python3 -c 'import io, os, sys, setuptools, tokenize; sys.argv[0] = '\"'\"'/tmp/pip-install-_q2nhjqv/cellxgene_ad20ac78087641dfb9e51f7bab834687/setup.py'\"'\"'; __file__='\"'\"'/tmp/pip-install-_q2nhjqv/cellxgene_ad20ac78087641dfb9e51f7bab834687/setup.py'\"'\"';f = getattr(tokenize, '\"'\"'open'\"'\"', open)(__file__) if os.path.exists(__file__) else io.StringIO('\"'\"'from setuptools import setup; setup()'\"'\"');code = f.read().replace('\"'\"'\\r\\n'\"'\"', '\"'\"'\\n'\"'\"');f.close();exec(compile(code, __file__, '\"'\"'exec'\"'\"'))' egg_info --egg-base /tmp/pip-pip-egg-info-jrc98rcu\n       cwd: /tmp/pip-install-_q2nhjqv/cellxgene_ad20ac78087641dfb9e51f7bab834687/\n  Complete output (3 lines):\n  Traceback (most recent call last):\n    File \"<string>\", line 1, in <module>\n  ModuleNotFoundError: No module named 'setuptools'\n  ----------------------------------------\n\u001b[0m\u001b[91mWARNING: Discarding https://files.pythonhosted.org/packages/bc/3d/7a89c9a67632e77cbac4a9ffe21dc88d23f4a2c3ade0495220154f74601f/cellxgene-0.2.3.tar.gz#sha256=0619f82a99bae9b99cd0b4af6944ef5fcb374f921814c216de144ed5f03d032c (from https://pypi.org/simple/cellxgene/). Command errored out with exit status 1: python setup.py egg_info Check the logs for full command output.\n\u001b[0m  Downloading cellxgene-0.2.2.tar.gz (1.4 MB)\n  Preparing metadata (setup.py): started\n  Preparing metadata (setup.py): finished with status 'error'\n\u001b[91m  ERROR: Command errored out with exit status 1:\n   command: /usr/bin/python3 -c 'import io, os, sys, setuptools, tokenize; sys.argv[0] = '\"'\"'/tmp/pip-install-_q2nhjqv/cellxgene_6a9dddfd8f1a4717812c1a02b661a791/setup.py'\"'\"'; __file__='\"'\"'/tmp/pip-install-_q2nhjqv/cellxgene_6a9dddfd8f1a4717812c1a02b661a791/setup.py'\"'\"';f = getattr(tokenize, '\"'\"'open'\"'\"', open)(__file__) if os.path.exists(__file__) else io.StringIO('\"'\"'from setuptools import setup; setup()'\"'\"');code = f.read().replace('\"'\"'\\r\\n'\"'\"', '\"'\"'\\n'\"'\"');f.close();exec(compile(code, __file__, '\"'\"'exec'\"'\"'))' egg_info --egg-base /tmp/pip-pip-egg-info-17uuha6h\n       cwd: /tmp/pip-install-_q2nhjqv/cellxgene_6a9dddfd8f1a4717812c1a02b661a791/\n  Complete output (3 lines):\n  Traceback (most recent call last):\n    File \"<string>\", line 1, in <module>\n  ModuleNotFoundError: No module named 'setuptools'\n  ----------------------------------------\n\u001b[0m\u001b[91mWARNING: Discarding https://files.pythonhosted.org/packages/2b/23/c127671dc2416db072a2d14efcb2ee6aaf00d009f8b1768b37d9982d7ebd/cellxgene-0.2.2.tar.gz#sha256=f5eb66a685f441972faf481039b10263dcaac6752297174d3357808fb7211683 (from https://pypi.org/simple/cellxgene/). Command errored out with exit status 1: python setup.py egg_info Check the logs for full command output.\n\u001b[0m  Downloading cellxgene-0.2.1.tar.gz (1.4 MB)\n  Preparing metadata (setup.py): started\n  Preparing metadata (setup.py): finished with status 'error'\n\u001b[91m  ERROR: Command errored out with exit status 1:\n   command: /usr/bin/python3 -c 'import io, os, sys, setuptools, tokenize; sys.argv[0] = '\"'\"'/tmp/pip-install-_q2nhjqv/cellxgene_77d7586715fa48bfb1e0d83d964c346d/setup.py'\"'\"'; __file__='\"'\"'/tmp/pip-install-_q2nhjqv/cellxgene_77d7586715fa48bfb1e0d83d964c346d/setup.py'\"'\"';f = getattr(tokenize, '\"'\"'open'\"'\"', open)(__file__) if os.path.exists(__file__) else io.StringIO('\"'\"'from setuptools import setup; setup()'\"'\"');code = f.read().replace('\"'\"'\\r\\n'\"'\"', '\"'\"'\\n'\"'\"');f.close();exec(compile(code, __file__, '\"'\"'exec'\"'\"'))' egg_info --egg-base /tmp/pip-pip-egg-info-uvbjn_28\n       cwd: /tmp/pip-install-_q2nhjqv/cellxgene_77d7586715fa48bfb1e0d83d964c346d/\n  Complete output (3 lines):\n  Traceback (most recent call last):\n    File \"<string>\", line 1, in <module>\n  ModuleNotFoundError: No module named 'setuptools'\n  ----------------------------------------\n\u001b[0m\u001b[91mWARNING: Discarding https://files.pythonhosted.org/packages/7d/0e/b88cbf808c8351790f51f08e8e548244664fb73a2aad0d504b53613dea8f/cellxgene-0.2.1.tar.gz#sha256=5ca1b3ac87aa4f32c5504dcda5f6c87e98d32dc3fa37c9a14208d59ffb3c5f77 (from https://pypi.org/simple/cellxgene/). Command errored out with exit status 1: python setup.py egg_info Check the logs for full command output.\n\u001b[0m  Downloading cellxgene-0.2.0.tar.gz (1.4 MB)\n  Preparing metadata (setup.py): started\n  Preparing metadata (setup.py): finished with status 'error'\n\u001b[91m  ERROR: Command errored out with exit status 1:\n   command: /usr/bin/python3 -c 'import io, os, sys, setuptools, tokenize; sys.argv[0] = '\"'\"'/tmp/pip-install-_q2nhjqv/cellxgene_f0119dca4da94453a818a0637a5feef6/setup.py'\"'\"'; __file__='\"'\"'/tmp/pip-install-_q2nhjqv/cellxgene_f0119dca4da94453a818a0637a5feef6/setup.py'\"'\"';f = getattr(tokenize, '\"'\"'open'\"'\"', open)(__file__) if os.path.exists(__file__) else io.StringIO('\"'\"'from setuptools import setup; setup()'\"'\"');code = f.read().replace('\"'\"'\\r\\n'\"'\"', '\"'\"'\\n'\"'\"');f.close();exec(compile(code, __file__, '\"'\"'exec'\"'\"'))' egg_info --egg-base /tmp/pip-pip-egg-info-o24cag4a\n       cwd: /tmp/pip-install-_q2nhjqv/cellxgene_f0119dca4da94453a818a0637a5feef6/\n  Complete output (3 lines):\n  Traceback (most recent call last):\n    File \"<string>\", line 1, in <module>\n  ModuleNotFoundError: No module named 'setuptools'\n  ----------------------------------------\n\u001b[0m\u001b[91mWARNING: Discarding https://files.pythonhosted.org/packages/62/52/3f4fb38267001b06998e8ebd649702e43b186874bc8f9d0827888851625e/cellxgene-0.2.0.tar.gz#sha256=254d49a91385cba02725528bfe1fe1d334860e3114810f75dd4443e122899ed0 (from https://pypi.org/simple/cellxgene/). Command errored out with exit status 1: python setup.py egg_info Check the logs for full command output.\n\u001b[0m  Downloading cellxgene-0.0.2.tar.gz (1.4 MB)\n  Preparing metadata (setup.py): started\n  Preparing metadata (setup.py): finished with status 'error'\n\u001b[91m  ERROR: Command errored out with exit status 1:\n   command: /usr/bin/python3 -c 'import io, os, sys, setuptools, tokenize; sys.argv[0] = '\"'\"'/tmp/pip-install-_q2nhjqv/cellxgene_d0de2d97f199428e8d19e1f72b4f6bf6/setup.py'\"'\"'; __file__='\"'\"'/tmp/pip-install-_q2nhjqv/cellxgene_d0de2d97f199428e8d19e1f72b4f6bf6/setup.py'\"'\"';f = getattr(tokenize, '\"'\"'open'\"'\"', open)(__file__) if os.path.exists(__file__) else io.StringIO('\"'\"'from setuptools import setup; setup()'\"'\"');code = f.read().replace('\"'\"'\\r\\n'\"'\"', '\"'\"'\\n'\"'\"');f.close();exec(compile(code, __file__, '\"'\"'exec'\"'\"'))' egg_info --egg-base /tmp/pip-pip-egg-info-_bi4wy5e\n       cwd: /tmp/pip-install-_q2nhjqv/cellxgene_d0de2d97f199428e8d19e1f72b4f6bf6/\n  Complete output (3 lines):\n  Traceback (most recent call last):\n    File \"<string>\", line 1, in <module>\n  ModuleNotFoundError: No module named 'setuptools'\n  ----------------------------------------\n\u001b[0m\u001b[91mWARNING: Discarding https://files.pythonhosted.org/packages/c4/d5/e23da490bf190625325d48321a467971b321f74e69f9f9a3cf55bb8cbedb/cellxgene-0.0.2.tar.gz#sha256=a0f006ea4478257895d354ca8cfa05e6ac5b70bfbb307b529eaf2e74bdb75ac8 (from https://pypi.org/simple/cellxgene/). Command errored out with exit status 1: python setup.py egg_info Check the logs for full command output.\n\u001b[0m\u001b[91mERROR: Could not find a version that satisfies the requirement cellxgene (from versions: 0.0.2, 0.2.0, 0.2.1, 0.2.2, 0.2.3, 0.2.4, 0.3.0, 0.4.0, 0.5.0, 0.5.1, 0.6.1, 0.7.0, 0.8.0, 0.9.1, 0.9.2, 0.9.3, 0.10.0, 0.10.1, 0.11.0, 0.11.2, 0.12.0, 0.13.0, 0.14.0, 0.14.1, 0.15.0, 0.16.0, 0.16.2, 0.16.4, 0.16.5, 0.16.6, 0.16.7, 0.16.8, 0.17.0, 0.18.0, 0.19.0, 1.0.0, 1.0.1, 1.1.0, 1.1.1)\n\u001b[0m\u001b[91mERROR: No matching distribution found for cellxgene\n\u001b[0mRemoving intermediate container e5bb28717dbf\n","stderr":"The command '/bin/sh -c apt-get update &&     apt-get install --no-install-recommends -y build-essential libxml2-dev python3-dev python3-pip zlib1g-dev python3-requests python3-aiohttp &&     python3 -m pip install --upgrade pip &&     pip3 install --no-cache-dir cellxgene && rm -rf /var/lib/apt/lists/*;' returned a non-zero code: 1\n"}}