{"repository":"https://github.com/mirceaulinic/salt-sproxy","dockerfilePath":"Dockerfile","startTime":1672068655719,"clone":{"stdout":"","stderr":"Cloning into '/tmp/dinghy-analysis/mirceaulinic/salt-sproxy'...\n","error":null,"commit":"da4a9a15c5b603d5f42423ed8cee88dee173ad91"},"originalBuild":{"startTimestamp":1672068656668,"endTimestamp":1672068738910,"error":null,"stdout":"Sending build context to Docker daemon  1.974MB\r\r\nStep 1/6 : FROM python:3.7.9-slim-stretch\n3.7.9-slim-stretch: Pulling from library/python\ncae7303ade7f: Pulling fs layer\ndedfa4e2a1e5: Pulling fs layer\n6e231360d71f: Pulling fs layer\n888d0b65b610: Pulling fs layer\n81b2555f15c2: Pulling fs layer\n888d0b65b610: Waiting\n81b2555f15c2: Waiting\ndedfa4e2a1e5: Verifying Checksum\ndedfa4e2a1e5: Download complete\n6e231360d71f: Verifying Checksum\n6e231360d71f: Download complete\n888d0b65b610: Verifying Checksum\n888d0b65b610: Download complete\n81b2555f15c2: Verifying Checksum\n81b2555f15c2: Download complete\ncae7303ade7f: Verifying Checksum\ncae7303ade7f: Download complete\ncae7303ade7f: Pull complete\ndedfa4e2a1e5: Pull complete\n6e231360d71f: Pull complete\n888d0b65b610: Pull complete\n81b2555f15c2: Pull complete\nDigest: sha256:f45d79f1c9c9afd9c5ff1c3f4441e137a362ce04615bfc30c2db0016ed2c8974\nStatus: Downloaded newer image for python:3.7.9-slim-stretch\n ---> 44744293f7ca\nStep 2/6 : MAINTAINER ping@mirceaulinic.net\n ---> Running in de36b8ccf3c0\nRemoving intermediate container de36b8ccf3c0\n ---> b947d9f15b2a\nStep 3/6 : ARG SALT_VERSION=\"2019.2.5\"\n ---> Running in 71f30a2ffc81\nRemoving intermediate container 71f30a2ffc81\n ---> e171421bfed3\nStep 4/6 : COPY ./ /var/cache/salt-sproxy/\n ---> 52d69ea17dec\nStep 5/6 : COPY ./master /etc/salt/master\n ---> 8994aa670ae0\nStep 6/6 : RUN apt-get update  && apt-get install -y python-zmq gcc  && pip --no-cache-dir install salt==$SALT_VERSION  && pip --no-cache-dir install /var/cache/salt-sproxy/  && rm -rf /var/cache/salt-sproxy/  && apt-get autoremove -y  && rm -rf /var/lib/apt/lists/*\n ---> Running in ad86f2125eb0\nGet:1 http://security.debian.org/debian-security stretch/updates InRelease [59.1 kB]\nIgn:2 http://deb.debian.org/debian stretch InRelease\nGet:3 http://deb.debian.org/debian stretch-updates InRelease [93.6 kB]\nGet:4 http://deb.debian.org/debian stretch Release [118 kB]\nGet:5 http://deb.debian.org/debian stretch Release.gpg [3177 B]\nGet:6 http://security.debian.org/debian-security stretch/updates/main amd64 Packages [782 kB]\nGet:7 http://deb.debian.org/debian stretch/main amd64 Packages [7080 kB]\nFetched 8135 kB in 1s (5524 kB/s)\nReading package lists...\nReading package lists...\nBuilding dependency tree...\nReading state information...\nThe following additional packages will be installed:\n  binutils bzip2 cpp cpp-6 file gcc-6 libasan3 libatomic1 libc-dev-bin\n  libc6-dev libcc1-0 libcilkrts5 libgcc-6-dev libgmp10 libgomp1 libisl15\n  libitm1 liblsan0 libmagic-mgc libmagic1 libmpc3 libmpfr4 libmpx2\n  libpgm-5.2-0 libpython-stdlib libpython2.7-minimal libpython2.7-stdlib\n  libquadmath0 libsodium18 libtsan0 libubsan0 libzmq5 linux-libc-dev manpages\n  manpages-dev mime-support python python-minimal python2.7 python2.7-minimal\n  xz-utils\nSuggested packages:\n  binutils-doc bzip2-doc cpp-doc gcc-6-locales gcc-multilib make autoconf\n  automake libtool flex bison gdb gcc-doc gcc-6-multilib gcc-6-doc libgcc1-dbg\n  libgomp1-dbg libitm1-dbg libatomic1-dbg libasan3-dbg liblsan0-dbg\n  libtsan0-dbg libubsan0-dbg libcilkrts5-dbg libmpx2-dbg libquadmath0-dbg\n  glibc-doc man-browser python-doc python-tk python2.7-doc binfmt-support\nThe following NEW packages will be installed:\n  binutils bzip2 cpp cpp-6 file gcc gcc-6 libasan3 libatomic1 libc-dev-bin\n  libc6-dev libcc1-0 libcilkrts5 libgcc-6-dev libgmp10 libgomp1 libisl15\n  libitm1 liblsan0 libmagic-mgc libmagic1 libmpc3 libmpfr4 libmpx2\n  libpgm-5.2-0 libpython-stdlib libpython2.7-minimal libpython2.7-stdlib\n  libquadmath0 libsodium18 libtsan0 libubsan0 libzmq5 linux-libc-dev manpages\n  manpages-dev mime-support python python-minimal python-zmq python2.7\n  python2.7-minimal xz-utils\n0 upgraded, 43 newly installed, 0 to remove and 17 not upgraded.\nNeed to get 35.4 MB of archives.\nAfter this operation, 145 MB of additional disk space will be used.\nGet:1 http://security.debian.org/debian-security stretch/updates/main amd64 libpython2.7-minimal amd64 2.7.13-2+deb9u6 [390 kB]\nGet:2 http://deb.debian.org/debian stretch/main amd64 python-minimal amd64 2.7.13-2 [40.5 kB]\nGet:3 http://deb.debian.org/debian stretch/main amd64 mime-support all 3.60 [36.7 kB]\nGet:4 http://deb.debian.org/debian stretch/main amd64 libpython-stdlib amd64 2.7.13-2 [20.0 kB]\nGet:5 http://security.debian.org/debian-security stretch/updates/main amd64 python2.7-minimal amd64 2.7.13-2+deb9u6 [1382 kB]\nGet:6 http://security.debian.org/debian-security stretch/updates/main amd64 libpython2.7-stdlib amd64 2.7.13-2+deb9u6 [1898 kB]\nGet:7 http://deb.debian.org/debian stretch/main amd64 python amd64 2.7.13-2 [154 kB]\nGet:8 http://security.debian.org/debian-security stretch/updates/main amd64 python2.7 amd64 2.7.13-2+deb9u6 [286 kB]\nGet:9 http://deb.debian.org/debian stretch/main amd64 bzip2 amd64 1.0.6-8.1 [47.5 kB]\nGet:10 http://deb.debian.org/debian stretch/main amd64 libmagic-mgc amd64 1:5.30-1+deb9u3 [222 kB]\nGet:11 http://security.debian.org/debian-security stretch/updates/main amd64 xz-utils amd64 5.2.2-1.2+deb9u1 [266 kB]\nGet:12 http://deb.debian.org/debian stretch/main amd64 libmagic1 amd64 1:5.30-1+deb9u3 [111 kB]\nGet:13 http://security.debian.org/debian-security stretch/updates/main amd64 libgmp10 amd64 2:6.1.2+dfsg-1+deb9u1 [253 kB]\nGet:14 http://deb.debian.org/debian stretch/main amd64 file amd64 1:5.30-1+deb9u3 [64.2 kB]\nGet:15 http://deb.debian.org/debian stretch/main amd64 manpages all 4.10-2 [1222 kB]\nGet:16 http://security.debian.org/debian-security stretch/updates/main amd64 linux-libc-dev amd64 4.9.320-2 [1633 kB]\nGet:17 http://deb.debian.org/debian stretch/main amd64 binutils amd64 2.28-5 [3770 kB]\nGet:18 http://security.debian.org/debian-security stretch/updates/main amd64 libzmq5 amd64 4.2.1-4+deb9u4 [201 kB]\nGet:19 http://deb.debian.org/debian stretch/main amd64 libisl15 amd64 0.18-1 [564 kB]\nGet:20 http://deb.debian.org/debian stretch/main amd64 libmpfr4 amd64 3.1.5-1 [556 kB]\nGet:21 http://deb.debian.org/debian stretch/main amd64 libmpc3 amd64 1.0.3-1+b2 [39.9 kB]\nGet:22 http://deb.debian.org/debian stretch/main amd64 cpp-6 amd64 6.3.0-18+deb9u1 [6584 kB]\nGet:23 http://deb.debian.org/debian stretch/main amd64 cpp amd64 4:6.3.0-4 [18.7 kB]\nGet:24 http://deb.debian.org/debian stretch/main amd64 libcc1-0 amd64 6.3.0-18+deb9u1 [30.6 kB]\nGet:25 http://deb.debian.org/debian stretch/main amd64 libgomp1 amd64 6.3.0-18+deb9u1 [73.3 kB]\nGet:26 http://deb.debian.org/debian stretch/main amd64 libitm1 amd64 6.3.0-18+deb9u1 [27.3 kB]\nGet:27 http://deb.debian.org/debian stretch/main amd64 libatomic1 amd64 6.3.0-18+deb9u1 [8966 B]\nGet:28 http://deb.debian.org/debian stretch/main amd64 libasan3 amd64 6.3.0-18+deb9u1 [311 kB]\nGet:29 http://deb.debian.org/debian stretch/main amd64 liblsan0 amd64 6.3.0-18+deb9u1 [115 kB]\nGet:30 http://deb.debian.org/debian stretch/main amd64 libtsan0 amd64 6.3.0-18+deb9u1 [257 kB]\nGet:31 http://deb.debian.org/debian stretch/main amd64 libubsan0 amd64 6.3.0-18+deb9u1 [107 kB]\nGet:32 http://deb.debian.org/debian stretch/main amd64 libcilkrts5 amd64 6.3.0-18+deb9u1 [40.5 kB]\nGet:33 http://deb.debian.org/debian stretch/main amd64 libmpx2 amd64 6.3.0-18+deb9u1 [11.2 kB]\nGet:34 http://deb.debian.org/debian stretch/main amd64 libquadmath0 amd64 6.3.0-18+deb9u1 [131 kB]\nGet:35 http://deb.debian.org/debian stretch/main amd64 libgcc-6-dev amd64 6.3.0-18+deb9u1 [2296 kB]\nGet:36 http://deb.debian.org/debian stretch/main amd64 gcc-6 amd64 6.3.0-18+deb9u1 [6900 kB]\nGet:37 http://deb.debian.org/debian stretch/main amd64 gcc amd64 4:6.3.0-4 [5196 B]\nGet:38 http://deb.debian.org/debian stretch/main amd64 libc-dev-bin amd64 2.24-11+deb9u4 [259 kB]\nGet:39 http://deb.debian.org/debian stretch/main amd64 libc6-dev amd64 2.24-11+deb9u4 [2364 kB]\nGet:40 http://deb.debian.org/debian stretch/main amd64 libpgm-5.2-0 amd64 5.2.122~dfsg-2 [157 kB]\nGet:41 http://deb.debian.org/debian stretch/main amd64 libsodium18 amd64 1.0.11-2 [161 kB]\nGet:42 http://deb.debian.org/debian stretch/main amd64 manpages-dev all 4.10-2 [2145 kB]\nGet:43 http://deb.debian.org/debian stretch/main amd64 python-zmq amd64 16.0.2-2 [243 kB]\n\u001b[91mdebconf: delaying package configuration, since apt-utils is not installed\n\u001b[0mFetched 35.4 MB in 1s (26.1 MB/s)\nSelecting previously unselected package libpython2.7-minimal:amd64.\r\n(Reading database ... \r(Reading database ... 5%\r(Reading database ... 10%\r(Reading database ... 15%\r(Reading database ... 20%\r(Reading database ... 25%\r(Reading database ... 30%\r(Reading database ... 35%\r(Reading database ... 40%\r(Reading database ... 45%\r(Reading database ... 50%\r(Reading database ... 55%\r(Reading database ... 60%\r(Reading database ... 65%\r(Reading database ... 70%\r(Reading database ... 75%\r(Reading database ... 80%\r(Reading database ... 85%\r(Reading database ... 90%\r(Reading database ... 95%\r(Reading database ... 100%\r(Reading database ... 6687 files and directories currently installed.)\r\nPreparing to unpack .../0-libpython2.7-minimal_2.7.13-2+deb9u6_amd64.deb ...\r\nUnpacking libpython2.7-minimal:amd64 (2.7.13-2+deb9u6) ...\r\nSelecting previously unselected package python2.7-minimal.\r\nPreparing to unpack .../1-python2.7-minimal_2.7.13-2+deb9u6_amd64.deb ...\r\nUnpacking python2.7-minimal (2.7.13-2+deb9u6) ...\r\nSelecting previously unselected package python-minimal.\r\nPreparing to unpack .../2-python-minimal_2.7.13-2_amd64.deb ...\r\nUnpacking python-minimal (2.7.13-2) ...\r\nSelecting previously unselected package mime-support.\r\nPreparing to unpack .../3-mime-support_3.60_all.deb ...\r\nUnpacking mime-support (3.60) ...\r\nSelecting previously unselected package libpython2.7-stdlib:amd64.\r\nPreparing to unpack .../4-libpython2.7-stdlib_2.7.13-2+deb9u6_amd64.deb ...\r\nUnpacking libpython2.7-stdlib:amd64 (2.7.13-2+deb9u6) ...\r\nSelecting previously unselected package python2.7.\r\nPreparing to unpack .../5-python2.7_2.7.13-2+deb9u6_amd64.deb ...\r\nUnpacking python2.7 (2.7.13-2+deb9u6) ...\r\nSelecting previously unselected package libpython-stdlib:amd64.\r\nPreparing to unpack .../6-libpython-stdlib_2.7.13-2_amd64.deb ...\r\nUnpacking libpython-stdlib:amd64 (2.7.13-2) ...\r\nSetting up libpython2.7-minimal:amd64 (2.7.13-2+deb9u6) ...\r\nSetting up python2.7-minimal (2.7.13-2+deb9u6) ...\r\nLinking and byte-compiling packages for runtime python2.7...\r\nSetting up python-minimal (2.7.13-2) ...\r\nSelecting previously unselected package python.\r\n(Reading database ... \r(Reading database ... 5%\r(Reading database ... 10%\r(Reading database ... 15%\r(Reading database ... 20%\r(Reading database ... 25%\r(Reading database ... 30%\r(Reading database ... 35%\r(Reading database ... 40%\r(Reading database ... 45%\r(Reading database ... 50%\r(Reading database ... 55%\r(Reading database ... 60%\r(Reading database ... 65%\r(Reading database ... 70%\r(Reading database ... 75%\r(Reading database ... 80%\r(Reading database ... 85%\r(Reading database ... 90%\r(Reading database ... 95%\r(Reading database ... 100%\r(Reading database ... 7460 files and directories currently installed.)\r\nPreparing to unpack .../00-python_2.7.13-2_amd64.deb ...\r\nUnpacking python (2.7.13-2) ...\r\nSelecting previously unselected package bzip2.\r\nPreparing to unpack .../01-bzip2_1.0.6-8.1_amd64.deb ...\r\nUnpacking bzip2 (1.0.6-8.1) ...\r\nSelecting previously unselected package libmagic-mgc.\r\nPreparing to unpack .../02-libmagic-mgc_1%3a5.30-1+deb9u3_amd64.deb ...\r\nUnpacking libmagic-mgc (1:5.30-1+deb9u3) ...\r\nSelecting previously unselected package libmagic1:amd64.\r\nPreparing to unpack .../03-libmagic1_1%3a5.30-1+deb9u3_amd64.deb ...\r\nUnpacking libmagic1:amd64 (1:5.30-1+deb9u3) ...\r\nSelecting previously unselected package file.\r\nPreparing to unpack .../04-file_1%3a5.30-1+deb9u3_amd64.deb ...\r\nUnpacking file (1:5.30-1+deb9u3) ...\r\nSelecting previously unselected package manpages.\r\nPreparing to unpack .../05-manpages_4.10-2_all.deb ...\r\nUnpacking manpages (4.10-2) ...\r\nSelecting previously unselected package xz-utils.\r\nPreparing to unpack .../06-xz-utils_5.2.2-1.2+deb9u1_amd64.deb ...\r\nUnpacking xz-utils (5.2.2-1.2+deb9u1) ...\r\nSelecting previously unselected package binutils.\r\nPreparing to unpack .../07-binutils_2.28-5_amd64.deb ...\r\nUnpacking binutils (2.28-5) ...\r\nSelecting previously unselected package libgmp10:amd64.\r\nPreparing to unpack .../08-libgmp10_2%3a6.1.2+dfsg-1+deb9u1_amd64.deb ...\r\nUnpacking libgmp10:amd64 (2:6.1.2+dfsg-1+deb9u1) ...\r\nSelecting previously unselected package libisl15:amd64.\r\nPreparing to unpack .../09-libisl15_0.18-1_amd64.deb ...\r\nUnpacking libisl15:amd64 (0.18-1) ...\r\nSelecting previously unselected package libmpfr4:amd64.\r\nPreparing to unpack .../10-libmpfr4_3.1.5-1_amd64.deb ...\r\nUnpacking libmpfr4:amd64 (3.1.5-1) ...\r\nSelecting previously unselected package libmpc3:amd64.\r\nPreparing to unpack .../11-libmpc3_1.0.3-1+b2_amd64.deb ...\r\nUnpacking libmpc3:amd64 (1.0.3-1+b2) ...\r\nSelecting previously unselected package cpp-6.\r\nPreparing to unpack .../12-cpp-6_6.3.0-18+deb9u1_amd64.deb ...\r\nUnpacking cpp-6 (6.3.0-18+deb9u1) ...\r\nSelecting previously unselected package cpp.\r\nPreparing to unpack .../13-cpp_4%3a6.3.0-4_amd64.deb ...\r\nUnpacking cpp (4:6.3.0-4) ...\r\nSelecting previously unselected package libcc1-0:amd64.\r\nPreparing to unpack .../14-libcc1-0_6.3.0-18+deb9u1_amd64.deb ...\r\nUnpacking libcc1-0:amd64 (6.3.0-18+deb9u1) ...\r\nSelecting previously unselected package libgomp1:amd64.\r\nPreparing to unpack .../15-libgomp1_6.3.0-18+deb9u1_amd64.deb ...\r\nUnpacking libgomp1:amd64 (6.3.0-18+deb9u1) ...\r\nSelecting previously unselected package libitm1:amd64.\r\nPreparing to unpack .../16-libitm1_6.3.0-18+deb9u1_amd64.deb ...\r\nUnpacking libitm1:amd64 (6.3.0-18+deb9u1) ...\r\nSelecting previously unselected package libatomic1:amd64.\r\nPreparing to unpack .../17-libatomic1_6.3.0-18+deb9u1_amd64.deb ...\r\nUnpacking libatomic1:amd64 (6.3.0-18+deb9u1) ...\r\nSelecting previously unselected package libasan3:amd64.\r\nPreparing to unpack .../18-libasan3_6.3.0-18+deb9u1_amd64.deb ...\r\nUnpacking libasan3:amd64 (6.3.0-18+deb9u1) ...\r\nSelecting previously unselected package liblsan0:amd64.\r\nPreparing to unpack .../19-liblsan0_6.3.0-18+deb9u1_amd64.deb ...\r\nUnpacking liblsan0:amd64 (6.3.0-18+deb9u1) ...\r\nSelecting previously unselected package libtsan0:amd64.\r\nPreparing to unpack .../20-libtsan0_6.3.0-18+deb9u1_amd64.deb ...\r\nUnpacking libtsan0:amd64 (6.3.0-18+deb9u1) ...\r\nSelecting previously unselected package libubsan0:amd64.\r\nPreparing to unpack .../21-libubsan0_6.3.0-18+deb9u1_amd64.deb ...\r\nUnpacking libubsan0:amd64 (6.3.0-18+deb9u1) ...\r\nSelecting previously unselected package libcilkrts5:amd64.\r\nPreparing to unpack .../22-libcilkrts5_6.3.0-18+deb9u1_amd64.deb ...\r\nUnpacking libcilkrts5:amd64 (6.3.0-18+deb9u1) ...\r\nSelecting previously unselected package libmpx2:amd64.\r\nPreparing to unpack .../23-libmpx2_6.3.0-18+deb9u1_amd64.deb ...\r\nUnpacking libmpx2:amd64 (6.3.0-18+deb9u1) ...\r\nSelecting previously unselected package libquadmath0:amd64.\r\nPreparing to unpack .../24-libquadmath0_6.3.0-18+deb9u1_amd64.deb ...\r\nUnpacking libquadmath0:amd64 (6.3.0-18+deb9u1) ...\r\nSelecting previously unselected package libgcc-6-dev:amd64.\r\nPreparing to unpack .../25-libgcc-6-dev_6.3.0-18+deb9u1_amd64.deb ...\r\nUnpacking libgcc-6-dev:amd64 (6.3.0-18+deb9u1) ...\r\nSelecting previously unselected package gcc-6.\r\nPreparing to unpack .../26-gcc-6_6.3.0-18+deb9u1_amd64.deb ...\r\nUnpacking gcc-6 (6.3.0-18+deb9u1) ...\r\nSelecting previously unselected package gcc.\r\nPreparing to unpack .../27-gcc_4%3a6.3.0-4_amd64.deb ...\r\nUnpacking gcc (4:6.3.0-4) ...\r\nSelecting previously unselected package libc-dev-bin.\r\nPreparing to unpack .../28-libc-dev-bin_2.24-11+deb9u4_amd64.deb ...\r\nUnpacking libc-dev-bin (2.24-11+deb9u4) ...\r\nSelecting previously unselected package linux-libc-dev:amd64.\r\nPreparing to unpack .../29-linux-libc-dev_4.9.320-2_amd64.deb ...\r\nUnpacking linux-libc-dev:amd64 (4.9.320-2) ...\r\nSelecting previously unselected package libc6-dev:amd64.\r\nPreparing to unpack .../30-libc6-dev_2.24-11+deb9u4_amd64.deb ...\r\nUnpacking libc6-dev:amd64 (2.24-11+deb9u4) ...\r\nSelecting previously unselected package libpgm-5.2-0:amd64.\r\nPreparing to unpack .../31-libpgm-5.2-0_5.2.122~dfsg-2_amd64.deb ...\r\nUnpacking libpgm-5.2-0:amd64 (5.2.122~dfsg-2) ...\r\nSelecting previously unselected package libsodium18:amd64.\r\nPreparing to unpack .../32-libsodium18_1.0.11-2_amd64.deb ...\r\nUnpacking libsodium18:amd64 (1.0.11-2) ...\r\nSelecting previously unselected package libzmq5:amd64.\r\nPreparing to unpack .../33-libzmq5_4.2.1-4+deb9u4_amd64.deb ...\r\nUnpacking libzmq5:amd64 (4.2.1-4+deb9u4) ...\r\nSelecting previously unselected package manpages-dev.\r\nPreparing to unpack .../34-manpages-dev_4.10-2_all.deb ...\r\nUnpacking manpages-dev (4.10-2) ...\r\nSelecting previously unselected package python-zmq.\r\nPreparing to unpack .../35-python-zmq_16.0.2-2_amd64.deb ...\r\nUnpacking python-zmq (16.0.2-2) ...\r\nSetting up libquadmath0:amd64 (6.3.0-18+deb9u1) ...\r\nSetting up libgomp1:amd64 (6.3.0-18+deb9u1) ...\r\nSetting up libpgm-5.2-0:amd64 (5.2.122~dfsg-2) ...\r\nSetting up libatomic1:amd64 (6.3.0-18+deb9u1) ...\r\nSetting up manpages (4.10-2) ...\r\nSetting up libcc1-0:amd64 (6.3.0-18+deb9u1) ...\r\nSetting up libasan3:amd64 (6.3.0-18+deb9u1) ...\r\nSetting up mime-support (3.60) ...\r\nSetting up libcilkrts5:amd64 (6.3.0-18+deb9u1) ...\r\nSetting up libubsan0:amd64 (6.3.0-18+deb9u1) ...\r\nSetting up libtsan0:amd64 (6.3.0-18+deb9u1) ...\r\nSetting up linux-libc-dev:amd64 (4.9.320-2) ...\r\nSetting up libmagic-mgc (1:5.30-1+deb9u3) ...\r\nSetting up bzip2 (1.0.6-8.1) ...\r\nSetting up libmagic1:amd64 (1:5.30-1+deb9u3) ...\r\nSetting up liblsan0:amd64 (6.3.0-18+deb9u1) ...\r\nSetting up libmpx2:amd64 (6.3.0-18+deb9u1) ...\r\nSetting up libgmp10:amd64 (2:6.1.2+dfsg-1+deb9u1) ...\r\nProcessing triggers for libc-bin (2.24-11+deb9u4) ...\r\nSetting up xz-utils (5.2.2-1.2+deb9u1) ...\r\nupdate-alternatives: using /usr/bin/xz to provide /usr/bin/lzma (lzma) in auto mode\r\nupdate-alternatives: warning: skip creation of /usr/share/man/man1/lzma.1.gz because associated file /usr/share/man/man1/xz.1.gz (of link group lzma) doesn't exist\r\nupdate-alternatives: warning: skip creation of /usr/share/man/man1/unlzma.1.gz because associated file /usr/share/man/man1/unxz.1.gz (of link group lzma) doesn't exist\r\nupdate-alternatives: warning: skip creation of /usr/share/man/man1/lzcat.1.gz because associated file /usr/share/man/man1/xzcat.1.gz (of link group lzma) doesn't exist\r\nupdate-alternatives: warning: skip creation of /usr/share/man/man1/lzmore.1.gz because associated file /usr/share/man/man1/xzmore.1.gz (of link group lzma) doesn't exist\r\nupdate-alternatives: warning: skip creation of /usr/share/man/man1/lzless.1.gz because associated file /usr/share/man/man1/xzless.1.gz (of link group lzma) doesn't exist\r\nupdate-alternatives: warning: skip creation of /usr/share/man/man1/lzdiff.1.gz because associated file /usr/share/man/man1/xzdiff.1.gz (of link group lzma) doesn't exist\r\nupdate-alternatives: warning: skip creation of /usr/share/man/man1/lzcmp.1.gz because associated file /usr/share/man/man1/xzcmp.1.gz (of link group lzma) doesn't exist\r\nupdate-alternatives: warning: skip creation of /usr/share/man/man1/lzgrep.1.gz because associated file /usr/share/man/man1/xzgrep.1.gz (of link group lzma) doesn't exist\r\nupdate-alternatives: warning: skip creation of /usr/share/man/man1/lzegrep.1.gz because associated file /usr/share/man/man1/xzegrep.1.gz (of link group lzma) doesn't exist\r\nupdate-alternatives: warning: skip creation of /usr/share/man/man1/lzfgrep.1.gz because associated file /usr/share/man/man1/xzfgrep.1.gz (of link group lzma) doesn't exist\r\nSetting up libmpfr4:amd64 (3.1.5-1) ...\r\nSetting up libmpc3:amd64 (1.0.3-1+b2) ...\r\nSetting up binutils (2.28-5) ...\r\nSetting up libc-dev-bin (2.24-11+deb9u4) ...\r\nSetting up libsodium18:amd64 (1.0.11-2) ...\r\nSetting up manpages-dev (4.10-2) ...\r\nSetting up libc6-dev:amd64 (2.24-11+deb9u4) ...\r\nSetting up libitm1:amd64 (6.3.0-18+deb9u1) ...\r\nSetting up libpython2.7-stdlib:amd64 (2.7.13-2+deb9u6) ...\r\nSetting up libzmq5:amd64 (4.2.1-4+deb9u4) ...\r\nSetting up libgcc-6-dev:amd64 (6.3.0-18+deb9u1) ...\r\nSetting up python2.7 (2.7.13-2+deb9u6) ...\r\nSetting up file (1:5.30-1+deb9u3) ...\r\nSetting up libpython-stdlib:amd64 (2.7.13-2) ...\r\nSetting up libisl15:amd64 (0.18-1) ...\r\nSetting up cpp-6 (6.3.0-18+deb9u1) ...\r\nSetting up python (2.7.13-2) ...\r\nSetting up cpp (4:6.3.0-4) ...\r\nSetting up gcc-6 (6.3.0-18+deb9u1) ...\r\nSetting up python-zmq (16.0.2-2) ...\r\nSetting up gcc (4:6.3.0-4) ...\r\nProcessing triggers for libc-bin (2.24-11+deb9u4) ...\r\nCollecting salt==2019.2.5\n  Downloading salt-2019.2.5.tar.gz (14.6 MB)\nCollecting Jinja2\n  Downloading Jinja2-3.1.2-py3-none-any.whl (133 kB)\nCollecting msgpack!=0.5.5,>=0.5\n  Downloading msgpack-1.0.4-cp37-cp37m-manylinux_2_17_x86_64.manylinux2014_x86_64.whl (299 kB)\nCollecting PyYAML<5.1\n  Downloading PyYAML-3.13.tar.gz (270 kB)\nCollecting MarkupSafe\n  Downloading MarkupSafe-2.1.1-cp37-cp37m-manylinux_2_17_x86_64.manylinux2014_x86_64.whl (25 kB)\nCollecting requests>=1.0.0\n  Downloading requests-2.28.1-py3-none-any.whl (62 kB)\nCollecting tornado<5.0,>=4.2.1\n  Downloading tornado-4.5.3.tar.gz (484 kB)\nCollecting pycrypto>=2.6.1\n  Downloading pycrypto-2.6.1.tar.gz (446 kB)\nCollecting pyzmq>=2.2.0\n  Downloading pyzmq-24.0.1-cp37-cp37m-manylinux_2_5_x86_64.manylinux1_x86_64.whl (1.1 MB)\nCollecting urllib3<1.27,>=1.21.1\n  Downloading urllib3-1.26.13-py2.py3-none-any.whl (140 kB)\nCollecting charset-normalizer<3,>=2\n  Downloading charset_normalizer-2.1.1-py3-none-any.whl (39 kB)\nCollecting idna<4,>=2.5\n  Downloading idna-3.4-py3-none-any.whl (61 kB)\nCollecting certifi>=2017.4.17\n  Downloading certifi-2022.12.7-py3-none-any.whl (155 kB)\nBuilding wheels for collected packages: salt, pycrypto, PyYAML, tornado\n  Building wheel for salt (setup.py): started\n  Building wheel for salt (setup.py): finished with status 'done'\n  Created wheel for salt: filename=salt-2019.2.5-py3-none-any.whl size=8853282 sha256=8a980f5d34c82e5a98b612335eeb3adbbe81a432326af70c46aaf8c5d647807e\n  Stored in directory: /tmp/pip-ephem-wheel-cache-v2agjzw7/wheels/1a/d3/b8/15f02f574e4cb038d39f62c73da7e65c7512bc5e59a23cc52c\n  Building wheel for pycrypto (setup.py): started\n  Building wheel for pycrypto (setup.py): finished with status 'done'\n  Created wheel for pycrypto: filename=pycrypto-2.6.1-cp37-cp37m-linux_x86_64.whl size=481778 sha256=50a0ee33736049b722bc6eea4c16b185f25069ad524a1adbcf40650fee1559dd\n  Stored in directory: /tmp/pip-ephem-wheel-cache-v2agjzw7/wheels/cf/85/ba/bbd7c96add459de7598fb424e5ff2309baf2095c844ac0f191\n  Building wheel for PyYAML (setup.py): started\n  Building wheel for PyYAML (setup.py): finished with status 'done'\n  Created wheel for PyYAML: filename=PyYAML-3.13-cp37-cp37m-linux_x86_64.whl size=43088 sha256=b270c8a893ef11436adfaf9242ab9f6464808f3dd6b61e212a0d546e963f591a\n  Stored in directory: /tmp/pip-ephem-wheel-cache-v2agjzw7/wheels/95/cd/14/899edaa9cdb9a65aa7224539f6e0ad488e9a7b202bb48f6ae6\n  Building wheel for tornado (setup.py): started\n  Building wheel for tornado (setup.py): finished with status 'done'\n  Created wheel for tornado: filename=tornado-4.5.3-cp37-cp37m-linux_x86_64.whl size=422952 sha256=9b2f4030ef5f6fc6a75ff0d58c8e97d63149c23d87461a257dfe285bd9f0f76d\n  Stored in directory: /tmp/pip-ephem-wheel-cache-v2agjzw7/wheels/a2/45/43/36ec7a893e16c1212a6b1505ded0a2d73cf8e863a0227c8e04\nSuccessfully built salt pycrypto PyYAML tornado\nInstalling collected packages: urllib3, MarkupSafe, idna, charset-normalizer, certifi, tornado, requests, pyzmq, PyYAML, pycrypto, msgpack, Jinja2, salt\nSuccessfully installed Jinja2-3.1.2 MarkupSafe-2.1.1 PyYAML-3.13 certifi-2022.12.7 charset-normalizer-2.1.1 idna-3.4 msgpack-1.0.4 pycrypto-2.6.1 pyzmq-24.0.1 requests-2.28.1 salt-2019.2.5 tornado-4.5.3 urllib3-1.26.13\n\u001b[91mWARNING: You are using pip version 21.0.1; however, version 22.3.1 is available.\nYou should consider upgrading via the '/usr/local/bin/python -m pip install --upgrade pip' command.\n\u001b[0mProcessing /var/cache/salt-sproxy\nRequirement already satisfied: salt in /usr/local/lib/python3.7/site-packages (from salt-sproxy==2022.10.0) (2019.2.5)\nCollecting progressbar2\n  Downloading progressbar2-4.2.0-py2.py3-none-any.whl (27 kB)\nCollecting python-utils>=3.0.0\n  Downloading python_utils-3.4.5-py2.py3-none-any.whl (23 kB)\nRequirement already satisfied: pyzmq>=2.2.0 in /usr/local/lib/python3.7/site-packages (from salt->salt-sproxy==2022.10.0) (24.0.1)\nRequirement already satisfied: tornado<5.0,>=4.2.1 in /usr/local/lib/python3.7/site-packages (from salt->salt-sproxy==2022.10.0) (4.5.3)\nRequirement already satisfied: PyYAML<5.1 in /usr/local/lib/python3.7/site-packages (from salt->salt-sproxy==2022.10.0) (3.13)\nRequirement already satisfied: requests>=1.0.0 in /usr/local/lib/python3.7/site-packages (from salt->salt-sproxy==2022.10.0) (2.28.1)\nRequirement already satisfied: Jinja2 in /usr/local/lib/python3.7/site-packages (from salt->salt-sproxy==2022.10.0) (3.1.2)\nRequirement already satisfied: pycrypto>=2.6.1 in /usr/local/lib/python3.7/site-packages (from salt->salt-sproxy==2022.10.0) (2.6.1)\nRequirement already satisfied: MarkupSafe in /usr/local/lib/python3.7/site-packages (from salt->salt-sproxy==2022.10.0) (2.1.1)\nRequirement already satisfied: msgpack!=0.5.5,>=0.5 in /usr/local/lib/python3.7/site-packages (from salt->salt-sproxy==2022.10.0) (1.0.4)\nRequirement already satisfied: urllib3<1.27,>=1.21.1 in /usr/local/lib/python3.7/site-packages (from requests>=1.0.0->salt->salt-sproxy==2022.10.0) (1.26.13)\nRequirement already satisfied: certifi>=2017.4.17 in /usr/local/lib/python3.7/site-packages (from requests>=1.0.0->salt->salt-sproxy==2022.10.0) (2022.12.7)\nRequirement already satisfied: idna<4,>=2.5 in /usr/local/lib/python3.7/site-packages (from requests>=1.0.0->salt->salt-sproxy==2022.10.0) (3.4)\nRequirement already satisfied: charset-normalizer<3,>=2 in /usr/local/lib/python3.7/site-packages (from requests>=1.0.0->salt->salt-sproxy==2022.10.0) (2.1.1)\nBuilding wheels for collected packages: salt-sproxy\n  Building wheel for salt-sproxy (setup.py): started\n  Building wheel for salt-sproxy (setup.py): finished with status 'done'\n  Created wheel for salt-sproxy: filename=salt_sproxy-2022.10.0-py2.py3-none-any.whl size=96339 sha256=274a640b5b64fa06e3a72753657a68b82107972793ad82c6f9c362cd7d60602a\n  Stored in directory: /tmp/pip-ephem-wheel-cache-bu3wzax5/wheels/da/04/01/75382237061a64d1e62533daa099c9ed0963150edf49acbc9b\nSuccessfully built salt-sproxy\nInstalling collected packages: python-utils, progressbar2, salt-sproxy\nSuccessfully installed progressbar2-4.2.0 python-utils-3.4.5 salt-sproxy-2022.10.0\n\u001b[91mWARNING: You are using pip version 21.0.1; however, version 22.3.1 is available.\nYou should consider upgrading via the '/usr/local/bin/python -m pip install --upgrade pip' command.\n\u001b[0mReading package lists...\nBuilding dependency tree...\nReading state information...\n0 upgraded, 0 newly installed, 0 to remove and 17 not upgraded.\nRemoving intermediate container ad86f2125eb0\n ---> a2d1203f96b4\nSuccessfully built a2d1203f96b4\nSuccessfully tagged salt-sproxy:latest\n","stderr":"","imageSize":310949055},"repair":{"violations":[{"name":"ruleAptGetInstallUseNoRec","position":{"start":10,"end":10,"columnStart":4,"columnEnd":37}}],"repairedDockerfile":"FROM python:3.7.9-slim-stretch\n\nMAINTAINER ping@mirceaulinic.net\n\nARG SALT_VERSION=\"2019.2.5\"\n\nCOPY ./ /var/cache/salt-sproxy/\nCOPY ./master /etc/salt/master\n\nRUN apt-get update \\\n && apt-get install --no-install-recommends -y python-zmq gcc \\\n && pip --no-cache-dir install salt==$SALT_VERSION \\\n && pip --no-cache-dir install /var/cache/salt-sproxy/ \\\n && rm -rf /var/cache/salt-sproxy/ \\\n && apt-get autoremove -y \\\n && rm -rf /var/lib/apt/lists/*\n"},"repairedBuild":{"startTimestamp":1672068739641,"endTimestamp":1672068807065,"error":{"code":1,"killed":false,"signal":null,"cmd":"docker build --no-cache --force-rm -t salt-sproxy:latest -f /tmp/dinghy-analysis/mirceaulinic/salt-sproxy/Dockerfile ."},"stdout":"Sending build context to Docker daemon  1.974MB\r\r\nStep 1/6 : FROM python:3.7.9-slim-stretch\n ---> 44744293f7ca\nStep 2/6 : MAINTAINER ping@mirceaulinic.net\n ---> Running in c328ea955614\nRemoving intermediate container c328ea955614\n ---> d2591a260a7d\nStep 3/6 : ARG SALT_VERSION=\"2019.2.5\"\n ---> Running in 7769337539ce\nRemoving intermediate container 7769337539ce\n ---> 1291c1a1bd64\nStep 4/6 : COPY ./ /var/cache/salt-sproxy/\n ---> ab1db29ab592\nStep 5/6 : COPY ./master /etc/salt/master\n ---> baedc5f5ad08\nStep 6/6 : RUN apt-get update  && apt-get install --no-install-recommends -y python-zmq gcc  && pip --no-cache-dir install salt==$SALT_VERSION  && pip --no-cache-dir install /var/cache/salt-sproxy/  && rm -rf /var/cache/salt-sproxy/  && apt-get autoremove -y  && rm -rf /var/lib/apt/lists/*\n ---> Running in 24e258efd8fe\nGet:1 http://security.debian.org/debian-security stretch/updates InRelease [59.1 kB]\nIgn:2 http://deb.debian.org/debian stretch InRelease\nGet:3 http://deb.debian.org/debian stretch-updates InRelease [93.6 kB]\nGet:4 http://deb.debian.org/debian stretch Release [118 kB]\nGet:5 http://deb.debian.org/debian stretch Release.gpg [3177 B]\nGet:6 http://security.debian.org/debian-security stretch/updates/main amd64 Packages [782 kB]\nGet:7 http://deb.debian.org/debian stretch/main amd64 Packages [7080 kB]\nFetched 8135 kB in 1s (4960 kB/s)\nReading package lists...\nReading package lists...\nBuilding dependency tree...\nReading state information...\nThe following additional packages will be installed:\n  binutils cpp cpp-6 gcc-6 libasan3 libatomic1 libcc1-0 libcilkrts5\n  libgcc-6-dev libgmp10 libgomp1 libisl15 libitm1 liblsan0 libmpc3 libmpfr4\n  libmpx2 libpgm-5.2-0 libpython-stdlib libpython2.7-minimal\n  libpython2.7-stdlib libquadmath0 libsodium18 libtsan0 libubsan0 libzmq5\n  mime-support python python-minimal python2.7 python2.7-minimal\nSuggested packages:\n  binutils-doc cpp-doc gcc-6-locales gcc-multilib make manpages-dev autoconf\n  automake libtool flex bison gdb gcc-doc gcc-6-multilib gcc-6-doc libgcc1-dbg\n  libgomp1-dbg libitm1-dbg libatomic1-dbg libasan3-dbg liblsan0-dbg\n  libtsan0-dbg libubsan0-dbg libcilkrts5-dbg libmpx2-dbg libquadmath0-dbg\n  python-doc python-tk python2.7-doc binfmt-support\nRecommended packages:\n  libc6-dev | libc-dev libc6-dev bzip2 file xz-utils\nThe following NEW packages will be installed:\n  binutils cpp cpp-6 gcc gcc-6 libasan3 libatomic1 libcc1-0 libcilkrts5\n  libgcc-6-dev libgmp10 libgomp1 libisl15 libitm1 liblsan0 libmpc3 libmpfr4\n  libmpx2 libpgm-5.2-0 libpython-stdlib libpython2.7-minimal\n  libpython2.7-stdlib libquadmath0 libsodium18 libtsan0 libubsan0 libzmq5\n  mime-support python python-minimal python-zmq python2.7 python2.7-minimal\n0 upgraded, 33 newly installed, 0 to remove and 17 not upgraded.\nNeed to get 27.1 MB of archives.\nAfter this operation, 113 MB of additional disk space will be used.\nGet:1 http://security.debian.org/debian-security stretch/updates/main amd64 libpython2.7-minimal amd64 2.7.13-2+deb9u6 [390 kB]\nGet:2 http://deb.debian.org/debian stretch/main amd64 python-minimal amd64 2.7.13-2 [40.5 kB]\nGet:3 http://security.debian.org/debian-security stretch/updates/main amd64 python2.7-minimal amd64 2.7.13-2+deb9u6 [1382 kB]\nGet:4 http://deb.debian.org/debian stretch/main amd64 mime-support all 3.60 [36.7 kB]\nGet:5 http://deb.debian.org/debian stretch/main amd64 libpython-stdlib amd64 2.7.13-2 [20.0 kB]\nGet:6 http://deb.debian.org/debian stretch/main amd64 python amd64 2.7.13-2 [154 kB]\nGet:7 http://deb.debian.org/debian stretch/main amd64 binutils amd64 2.28-5 [3770 kB]\nGet:8 http://security.debian.org/debian-security stretch/updates/main amd64 libpython2.7-stdlib amd64 2.7.13-2+deb9u6 [1898 kB]\nGet:9 http://security.debian.org/debian-security stretch/updates/main amd64 python2.7 amd64 2.7.13-2+deb9u6 [286 kB]\nGet:10 http://security.debian.org/debian-security stretch/updates/main amd64 libgmp10 amd64 2:6.1.2+dfsg-1+deb9u1 [253 kB]\nGet:11 http://deb.debian.org/debian stretch/main amd64 libisl15 amd64 0.18-1 [564 kB]\nGet:12 http://deb.debian.org/debian stretch/main amd64 libmpfr4 amd64 3.1.5-1 [556 kB]\nGet:13 http://security.debian.org/debian-security stretch/updates/main amd64 libzmq5 amd64 4.2.1-4+deb9u4 [201 kB]\nGet:14 http://deb.debian.org/debian stretch/main amd64 libmpc3 amd64 1.0.3-1+b2 [39.9 kB]\nGet:15 http://deb.debian.org/debian stretch/main amd64 cpp-6 amd64 6.3.0-18+deb9u1 [6584 kB]\nGet:16 http://deb.debian.org/debian stretch/main amd64 cpp amd64 4:6.3.0-4 [18.7 kB]\nGet:17 http://deb.debian.org/debian stretch/main amd64 libcc1-0 amd64 6.3.0-18+deb9u1 [30.6 kB]\nGet:18 http://deb.debian.org/debian stretch/main amd64 libgomp1 amd64 6.3.0-18+deb9u1 [73.3 kB]\nGet:19 http://deb.debian.org/debian stretch/main amd64 libitm1 amd64 6.3.0-18+deb9u1 [27.3 kB]\nGet:20 http://deb.debian.org/debian stretch/main amd64 libatomic1 amd64 6.3.0-18+deb9u1 [8966 B]\nGet:21 http://deb.debian.org/debian stretch/main amd64 libasan3 amd64 6.3.0-18+deb9u1 [311 kB]\nGet:22 http://deb.debian.org/debian stretch/main amd64 liblsan0 amd64 6.3.0-18+deb9u1 [115 kB]\nGet:23 http://deb.debian.org/debian stretch/main amd64 libtsan0 amd64 6.3.0-18+deb9u1 [257 kB]\nGet:24 http://deb.debian.org/debian stretch/main amd64 libubsan0 amd64 6.3.0-18+deb9u1 [107 kB]\nGet:25 http://deb.debian.org/debian stretch/main amd64 libcilkrts5 amd64 6.3.0-18+deb9u1 [40.5 kB]\nGet:26 http://deb.debian.org/debian stretch/main amd64 libmpx2 amd64 6.3.0-18+deb9u1 [11.2 kB]\nGet:27 http://deb.debian.org/debian stretch/main amd64 libquadmath0 amd64 6.3.0-18+deb9u1 [131 kB]\nGet:28 http://deb.debian.org/debian stretch/main amd64 libgcc-6-dev amd64 6.3.0-18+deb9u1 [2296 kB]\nGet:29 http://deb.debian.org/debian stretch/main amd64 gcc-6 amd64 6.3.0-18+deb9u1 [6900 kB]\nGet:30 http://deb.debian.org/debian stretch/main amd64 gcc amd64 4:6.3.0-4 [5196 B]\nGet:31 http://deb.debian.org/debian stretch/main amd64 libpgm-5.2-0 amd64 5.2.122~dfsg-2 [157 kB]\nGet:32 http://deb.debian.org/debian stretch/main amd64 libsodium18 amd64 1.0.11-2 [161 kB]\nGet:33 http://deb.debian.org/debian stretch/main amd64 python-zmq amd64 16.0.2-2 [243 kB]\n\u001b[91mdebconf: delaying package configuration, since apt-utils is not installed\n\u001b[0mFetched 27.1 MB in 0s (39.5 MB/s)\nSelecting previously unselected package libpython2.7-minimal:amd64.\r\n(Reading database ... \r(Reading database ... 5%\r(Reading database ... 10%\r(Reading database ... 15%\r(Reading database ... 20%\r(Reading database ... 25%\r(Reading database ... 30%\r(Reading database ... 35%\r(Reading database ... 40%\r(Reading database ... 45%\r(Reading database ... 50%\r(Reading database ... 55%\r(Reading database ... 60%\r(Reading database ... 65%\r(Reading database ... 70%\r(Reading database ... 75%\r(Reading database ... 80%\r(Reading database ... 85%\r(Reading database ... 90%\r(Reading database ... 95%\r(Reading database ... 100%\r(Reading database ... 6687 files and directories currently installed.)\r\nPreparing to unpack .../0-libpython2.7-minimal_2.7.13-2+deb9u6_amd64.deb ...\r\nUnpacking libpython2.7-minimal:amd64 (2.7.13-2+deb9u6) ...\r\nSelecting previously unselected package python2.7-minimal.\r\nPreparing to unpack .../1-python2.7-minimal_2.7.13-2+deb9u6_amd64.deb ...\r\nUnpacking python2.7-minimal (2.7.13-2+deb9u6) ...\r\nSelecting previously unselected package python-minimal.\r\nPreparing to unpack .../2-python-minimal_2.7.13-2_amd64.deb ...\r\nUnpacking python-minimal (2.7.13-2) ...\r\nSelecting previously unselected package mime-support.\r\nPreparing to unpack .../3-mime-support_3.60_all.deb ...\r\nUnpacking mime-support (3.60) ...\r\nSelecting previously unselected package libpython2.7-stdlib:amd64.\r\nPreparing to unpack .../4-libpython2.7-stdlib_2.7.13-2+deb9u6_amd64.deb ...\r\nUnpacking libpython2.7-stdlib:amd64 (2.7.13-2+deb9u6) ...\r\nSelecting previously unselected package python2.7.\r\nPreparing to unpack .../5-python2.7_2.7.13-2+deb9u6_amd64.deb ...\r\nUnpacking python2.7 (2.7.13-2+deb9u6) ...\r\nSelecting previously unselected package libpython-stdlib:amd64.\r\nPreparing to unpack .../6-libpython-stdlib_2.7.13-2_amd64.deb ...\r\nUnpacking libpython-stdlib:amd64 (2.7.13-2) ...\r\nSetting up libpython2.7-minimal:amd64 (2.7.13-2+deb9u6) ...\r\nSetting up python2.7-minimal (2.7.13-2+deb9u6) ...\r\nLinking and byte-compiling packages for runtime python2.7...\r\nSetting up python-minimal (2.7.13-2) ...\r\nSelecting previously unselected package python.\r\n(Reading database ... \r(Reading database ... 5%\r(Reading database ... 10%\r(Reading database ... 15%\r(Reading database ... 20%\r(Reading database ... 25%\r(Reading database ... 30%\r(Reading database ... 35%\r(Reading database ... 40%\r(Reading database ... 45%\r(Reading database ... 50%\r(Reading database ... 55%\r(Reading database ... 60%\r(Reading database ... 65%\r(Reading database ... 70%\r(Reading database ... 75%\r(Reading database ... 80%\r(Reading database ... 85%\r(Reading database ... 90%\r(Reading database ... 95%\r(Reading database ... 100%\r(Reading database ... 7460 files and directories currently installed.)\r\nPreparing to unpack .../00-python_2.7.13-2_amd64.deb ...\r\nUnpacking python (2.7.13-2) ...\r\nSelecting previously unselected package binutils.\r\nPreparing to unpack .../01-binutils_2.28-5_amd64.deb ...\r\nUnpacking binutils (2.28-5) ...\r\nSelecting previously unselected package libgmp10:amd64.\r\nPreparing to unpack .../02-libgmp10_2%3a6.1.2+dfsg-1+deb9u1_amd64.deb ...\r\nUnpacking libgmp10:amd64 (2:6.1.2+dfsg-1+deb9u1) ...\r\nSelecting previously unselected package libisl15:amd64.\r\nPreparing to unpack .../03-libisl15_0.18-1_amd64.deb ...\r\nUnpacking libisl15:amd64 (0.18-1) ...\r\nSelecting previously unselected package libmpfr4:amd64.\r\nPreparing to unpack .../04-libmpfr4_3.1.5-1_amd64.deb ...\r\nUnpacking libmpfr4:amd64 (3.1.5-1) ...\r\nSelecting previously unselected package libmpc3:amd64.\r\nPreparing to unpack .../05-libmpc3_1.0.3-1+b2_amd64.deb ...\r\nUnpacking libmpc3:amd64 (1.0.3-1+b2) ...\r\nSelecting previously unselected package cpp-6.\r\nPreparing to unpack .../06-cpp-6_6.3.0-18+deb9u1_amd64.deb ...\r\nUnpacking cpp-6 (6.3.0-18+deb9u1) ...\r\nSelecting previously unselected package cpp.\r\nPreparing to unpack .../07-cpp_4%3a6.3.0-4_amd64.deb ...\r\nUnpacking cpp (4:6.3.0-4) ...\r\nSelecting previously unselected package libcc1-0:amd64.\r\nPreparing to unpack .../08-libcc1-0_6.3.0-18+deb9u1_amd64.deb ...\r\nUnpacking libcc1-0:amd64 (6.3.0-18+deb9u1) ...\r\nSelecting previously unselected package libgomp1:amd64.\r\nPreparing to unpack .../09-libgomp1_6.3.0-18+deb9u1_amd64.deb ...\r\nUnpacking libgomp1:amd64 (6.3.0-18+deb9u1) ...\r\nSelecting previously unselected package libitm1:amd64.\r\nPreparing to unpack .../10-libitm1_6.3.0-18+deb9u1_amd64.deb ...\r\nUnpacking libitm1:amd64 (6.3.0-18+deb9u1) ...\r\nSelecting previously unselected package libatomic1:amd64.\r\nPreparing to unpack .../11-libatomic1_6.3.0-18+deb9u1_amd64.deb ...\r\nUnpacking libatomic1:amd64 (6.3.0-18+deb9u1) ...\r\nSelecting previously unselected package libasan3:amd64.\r\nPreparing to unpack .../12-libasan3_6.3.0-18+deb9u1_amd64.deb ...\r\nUnpacking libasan3:amd64 (6.3.0-18+deb9u1) ...\r\nSelecting previously unselected package liblsan0:amd64.\r\nPreparing to unpack .../13-liblsan0_6.3.0-18+deb9u1_amd64.deb ...\r\nUnpacking liblsan0:amd64 (6.3.0-18+deb9u1) ...\r\nSelecting previously unselected package libtsan0:amd64.\r\nPreparing to unpack .../14-libtsan0_6.3.0-18+deb9u1_amd64.deb ...\r\nUnpacking libtsan0:amd64 (6.3.0-18+deb9u1) ...\r\nSelecting previously unselected package libubsan0:amd64.\r\nPreparing to unpack .../15-libubsan0_6.3.0-18+deb9u1_amd64.deb ...\r\nUnpacking libubsan0:amd64 (6.3.0-18+deb9u1) ...\r\nSelecting previously unselected package libcilkrts5:amd64.\r\nPreparing to unpack .../16-libcilkrts5_6.3.0-18+deb9u1_amd64.deb ...\r\nUnpacking libcilkrts5:amd64 (6.3.0-18+deb9u1) ...\r\nSelecting previously unselected package libmpx2:amd64.\r\nPreparing to unpack .../17-libmpx2_6.3.0-18+deb9u1_amd64.deb ...\r\nUnpacking libmpx2:amd64 (6.3.0-18+deb9u1) ...\r\nSelecting previously unselected package libquadmath0:amd64.\r\nPreparing to unpack .../18-libquadmath0_6.3.0-18+deb9u1_amd64.deb ...\r\nUnpacking libquadmath0:amd64 (6.3.0-18+deb9u1) ...\r\nSelecting previously unselected package libgcc-6-dev:amd64.\r\nPreparing to unpack .../19-libgcc-6-dev_6.3.0-18+deb9u1_amd64.deb ...\r\nUnpacking libgcc-6-dev:amd64 (6.3.0-18+deb9u1) ...\r\nSelecting previously unselected package gcc-6.\r\nPreparing to unpack .../20-gcc-6_6.3.0-18+deb9u1_amd64.deb ...\r\nUnpacking gcc-6 (6.3.0-18+deb9u1) ...\r\nSelecting previously unselected package gcc.\r\nPreparing to unpack .../21-gcc_4%3a6.3.0-4_amd64.deb ...\r\nUnpacking gcc (4:6.3.0-4) ...\r\nSelecting previously unselected package libpgm-5.2-0:amd64.\r\nPreparing to unpack .../22-libpgm-5.2-0_5.2.122~dfsg-2_amd64.deb ...\r\nUnpacking libpgm-5.2-0:amd64 (5.2.122~dfsg-2) ...\r\nSelecting previously unselected package libsodium18:amd64.\r\nPreparing to unpack .../23-libsodium18_1.0.11-2_amd64.deb ...\r\nUnpacking libsodium18:amd64 (1.0.11-2) ...\r\nSelecting previously unselected package libzmq5:amd64.\r\nPreparing to unpack .../24-libzmq5_4.2.1-4+deb9u4_amd64.deb ...\r\nUnpacking libzmq5:amd64 (4.2.1-4+deb9u4) ...\r\nSelecting previously unselected package python-zmq.\r\nPreparing to unpack .../25-python-zmq_16.0.2-2_amd64.deb ...\r\nUnpacking python-zmq (16.0.2-2) ...\r\nSetting up libquadmath0:amd64 (6.3.0-18+deb9u1) ...\r\nSetting up libgomp1:amd64 (6.3.0-18+deb9u1) ...\r\nSetting up libpgm-5.2-0:amd64 (5.2.122~dfsg-2) ...\r\nSetting up libatomic1:amd64 (6.3.0-18+deb9u1) ...\r\nSetting up libcc1-0:amd64 (6.3.0-18+deb9u1) ...\r\nSetting up libasan3:amd64 (6.3.0-18+deb9u1) ...\r\nSetting up mime-support (3.60) ...\r\nSetting up libcilkrts5:amd64 (6.3.0-18+deb9u1) ...\r\nSetting up libubsan0:amd64 (6.3.0-18+deb9u1) ...\r\nSetting up libtsan0:amd64 (6.3.0-18+deb9u1) ...\r\nSetting up liblsan0:amd64 (6.3.0-18+deb9u1) ...\r\nSetting up libmpx2:amd64 (6.3.0-18+deb9u1) ...\r\nSetting up libgmp10:amd64 (2:6.1.2+dfsg-1+deb9u1) ...\r\nProcessing triggers for libc-bin (2.24-11+deb9u4) ...\r\nSetting up libmpfr4:amd64 (3.1.5-1) ...\r\nSetting up libmpc3:amd64 (1.0.3-1+b2) ...\r\nSetting up binutils (2.28-5) ...\r\nSetting up libsodium18:amd64 (1.0.11-2) ...\r\nSetting up libitm1:amd64 (6.3.0-18+deb9u1) ...\r\nSetting up libpython2.7-stdlib:amd64 (2.7.13-2+deb9u6) ...\r\nSetting up libzmq5:amd64 (4.2.1-4+deb9u4) ...\r\nSetting up libgcc-6-dev:amd64 (6.3.0-18+deb9u1) ...\r\nSetting up python2.7 (2.7.13-2+deb9u6) ...\r\nSetting up libpython-stdlib:amd64 (2.7.13-2) ...\r\nSetting up libisl15:amd64 (0.18-1) ...\r\nSetting up cpp-6 (6.3.0-18+deb9u1) ...\r\nSetting up python (2.7.13-2) ...\r\nSetting up cpp (4:6.3.0-4) ...\r\nSetting up gcc-6 (6.3.0-18+deb9u1) ...\r\nSetting up python-zmq (16.0.2-2) ...\r\nSetting up gcc (4:6.3.0-4) ...\r\nProcessing triggers for libc-bin (2.24-11+deb9u4) ...\r\nCollecting salt==2019.2.5\n  Downloading salt-2019.2.5.tar.gz (14.6 MB)\nCollecting Jinja2\n  Downloading Jinja2-3.1.2-py3-none-any.whl (133 kB)\nCollecting msgpack!=0.5.5,>=0.5\n  Downloading msgpack-1.0.4-cp37-cp37m-manylinux_2_17_x86_64.manylinux2014_x86_64.whl (299 kB)\nCollecting PyYAML<5.1\n  Downloading PyYAML-3.13.tar.gz (270 kB)\nCollecting MarkupSafe\n  Downloading MarkupSafe-2.1.1-cp37-cp37m-manylinux_2_17_x86_64.manylinux2014_x86_64.whl (25 kB)\nCollecting requests>=1.0.0\n  Downloading requests-2.28.1-py3-none-any.whl (62 kB)\nCollecting tornado<5.0,>=4.2.1\n  Downloading tornado-4.5.3.tar.gz (484 kB)\nCollecting pycrypto>=2.6.1\n  Downloading pycrypto-2.6.1.tar.gz (446 kB)\nCollecting pyzmq>=2.2.0\n  Downloading pyzmq-24.0.1-cp37-cp37m-manylinux_2_5_x86_64.manylinux1_x86_64.whl (1.1 MB)\nCollecting idna<4,>=2.5\n  Downloading idna-3.4-py3-none-any.whl (61 kB)\nCollecting charset-normalizer<3,>=2\n  Downloading charset_normalizer-2.1.1-py3-none-any.whl (39 kB)\nCollecting certifi>=2017.4.17\n  Downloading certifi-2022.12.7-py3-none-any.whl (155 kB)\nCollecting urllib3<1.27,>=1.21.1\n  Downloading urllib3-1.26.13-py2.py3-none-any.whl (140 kB)\nBuilding wheels for collected packages: salt, pycrypto, PyYAML, tornado\n  Building wheel for salt (setup.py): started\n  Building wheel for salt (setup.py): finished with status 'done'\n  Created wheel for salt: filename=salt-2019.2.5-py3-none-any.whl size=8853282 sha256=4b3429152bbce10fceab331ed6bb226d53743d51bc50e62bd7f0ebe4f656e927\n  Stored in directory: /tmp/pip-ephem-wheel-cache-pa1n8ljg/wheels/1a/d3/b8/15f02f574e4cb038d39f62c73da7e65c7512bc5e59a23cc52c\n  Building wheel for pycrypto (setup.py): started\n  Building wheel for pycrypto (setup.py): finished with status 'error'\n\u001b[91m  ERROR: Command errored out with exit status 1:\n   command: /usr/local/bin/python -u -c 'import sys, setuptools, tokenize; sys.argv[0] = '\"'\"'/tmp/pip-install-c6qlsbsv/pycrypto_47f1573542b441b08e43336a1670a08d/setup.py'\"'\"'; __file__='\"'\"'/tmp/pip-install-c6qlsbsv/pycrypto_47f1573542b441b08e43336a1670a08d/setup.py'\"'\"';f=getattr(tokenize, '\"'\"'open'\"'\"', open)(__file__);code=f.read().replace('\"'\"'\\r\\n'\"'\"', '\"'\"'\\n'\"'\"');f.close();exec(compile(code, __file__, '\"'\"'exec'\"'\"'))' bdist_wheel -d /tmp/pip-wheel-9g57rppk\n       cwd: /tmp/pip-install-c6qlsbsv/pycrypto_47f1573542b441b08e43336a1670a08d/\n  Complete output (186 lines):\n  running bdist_wheel\n  running build\n  running build_py\n  creating build\n  creating build/lib.linux-x86_64-3.7\n  creating build/lib.linux-x86_64-3.7/Crypto\n  copying lib/Crypto/__init__.py -> build/lib.linux-x86_64-3.7/Crypto\n  copying lib/Crypto/pct_warnings.py -> build/lib.linux-x86_64-3.7/Crypto\n  creating build/lib.linux-x86_64-3.7/Crypto/Hash\n  copying lib/Crypto/Hash/__init__.py -> build/lib.linux-x86_64-3.7/Crypto/Hash\n  copying lib/Crypto/Hash/MD4.py -> build/lib.linux-x86_64-3.7/Crypto/Hash\n  copying lib/Crypto/Hash/MD2.py -> build/lib.linux-x86_64-3.7/Crypto/Hash\n  copying lib/Crypto/Hash/hashalgo.py -> build/lib.linux-x86_64-3.7/Crypto/Hash\n  copying lib/Crypto/Hash/SHA224.py -> build/lib.linux-x86_64-3.7/Crypto/Hash\n  copying lib/Crypto/Hash/RIPEMD.py -> build/lib.linux-x86_64-3.7/Crypto/Hash\n  copying lib/Crypto/Hash/MD5.py -> build/lib.linux-x86_64-3.7/Crypto/Hash\n  copying lib/Crypto/Hash/SHA.py -> build/lib.linux-x86_64-3.7/Crypto/Hash\n  copying lib/Crypto/Hash/HMAC.py -> build/lib.linux-x86_64-3.7/Crypto/Hash\n  copying lib/Crypto/Hash/SHA512.py -> build/lib.linux-x86_64-3.7/Crypto/Hash\n  copying lib/Crypto/Hash/SHA256.py -> build/lib.linux-x86_64-3.7/Crypto/Hash\n  copying lib/Crypto/Hash/SHA384.py -> build/lib.linux-x86_64-3.7/Crypto/Hash\n  creating build/lib.linux-x86_64-3.7/Crypto/Cipher\n  copying lib/Crypto/Cipher/blockalgo.py -> build/lib.linux-x86_64-3.7/Crypto/Cipher\n  copying lib/Crypto/Cipher/__init__.py -> build/lib.linux-x86_64-3.7/Crypto/Cipher\n  copying lib/Crypto/Cipher/DES.py -> build/lib.linux-x86_64-3.7/Crypto/Cipher\n  copying lib/Crypto/Cipher/ARC2.py -> build/lib.linux-x86_64-3.7/Crypto/Cipher\n  copying lib/Crypto/Cipher/CAST.py -> build/lib.linux-x86_64-3.7/Crypto/Cipher\n  copying lib/Crypto/Cipher/XOR.py -> build/lib.linux-x86_64-3.7/Crypto/Cipher\n  copying lib/Crypto/Cipher/Blowfish.py -> build/lib.linux-x86_64-3.7/Crypto/Cipher\n  copying lib/Crypto/Cipher/DES3.py -> build/lib.linux-x86_64-3.7/Crypto/Cipher\n  copying lib/Crypto/Cipher/PKCS1_OAEP.py -> build/lib.linux-x86_64-3.7/Crypto/Cipher\n  copying lib/Crypto/Cipher/ARC4.py -> build/lib.linux-x86_64-3.7/Crypto/Cipher\n  copying lib/Crypto/Cipher/PKCS1_v1_5.py -> build/lib.linux-x86_64-3.7/Crypto/Cipher\n  copying lib/Crypto/Cipher/AES.py -> build/lib.linux-x86_64-3.7/Crypto/Cipher\n  creating build/lib.linux-x86_64-3.7/Crypto/Util\n  copying lib/Crypto/Util/__init__.py -> build/lib.linux-x86_64-3.7/Crypto/Util\n  copying lib/Crypto/Util/randpool.py -> build/lib.linux-x86_64-3.7/Crypto/Util\n  copying lib/Crypto/Util/RFC1751.py -> build/lib.linux-x86_64-3.7/Crypto/Util\n  copying lib/Crypto/Util/winrandom.py -> build/lib.linux-x86_64-3.7/Crypto/Util\n  copying lib/Crypto/Util/_number_new.py -> build/lib.linux-x86_64-3.7/Crypto/Util\n  copying lib/Crypto/Util/py3compat.py -> build/lib.linux-x86_64-3.7/Crypto/Util\n  copying lib/Crypto/Util/asn1.py -> build/lib.linux-x86_64-3.7/Crypto/Util\n  copying lib/Crypto/Util/Counter.py -> build/lib.linux-x86_64-3.7/Crypto/Util\n  copying lib/Crypto/Util/number.py -> build/lib.linux-x86_64-3.7/Crypto/Util\n  creating build/lib.linux-x86_64-3.7/Crypto/Random\n  copying lib/Crypto/Random/__init__.py -> build/lib.linux-x86_64-3.7/Crypto/Random\n  copying lib/Crypto/Random/random.py -> build/lib.linux-x86_64-3.7/Crypto/Random\n  copying lib/Crypto/Random/_UserFriendlyRNG.py -> build/lib.linux-x86_64-3.7/Crypto/Random\n  creating build/lib.linux-x86_64-3.7/Crypto/Random/Fortuna\n  copying lib/Crypto/Random/Fortuna/__init__.py -> build/lib.linux-x86_64-3.7/Crypto/Random/Fortuna\n  copying lib/Crypto/Random/Fortuna/SHAd256.py -> build/lib.linux-x86_64-3.7/Crypto/Random/Fortuna\n  copying lib/Crypto/Random/Fortuna/FortunaGenerator.py -> build/lib.linux-x86_64-3.7/Crypto/Random/Fortuna\n  copying lib/Crypto/Random/Fortuna/FortunaAccumulator.py -> build/lib.linux-x86_64-3.7/Crypto/Random/Fortuna\n  creating build/lib.linux-x86_64-3.7/Crypto/Random/OSRNG\n  copying lib/Crypto/Random/OSRNG/__init__.py -> build/lib.linux-x86_64-3.7/Crypto/Random/OSRNG\n  copying lib/Crypto/Random/OSRNG/rng_base.py -> build/lib.linux-x86_64-3.7/Crypto/Random/OSRNG\n  copying lib/Crypto/Random/OSRNG/fallback.py -> build/lib.linux-x86_64-3.7/Crypto/Random/OSRNG\n  copying lib/Crypto/Random/OSRNG/posix.py -> build/lib.linux-x86_64-3.7/Crypto/Random/OSRNG\n  creating build/lib.linux-x86_64-3.7/Crypto/SelfTest\n  copying lib/Crypto/SelfTest/__init__.py -> build/lib.linux-x86_64-3.7/Crypto/SelfTest\n  copying lib/Crypto/SelfTest/st_common.py -> build/lib.linux-x86_64-3.7/Crypto/SelfTest\n  creating build/lib.linux-x86_64-3.7/Crypto/SelfTest/Cipher\n  copying lib/Crypto/SelfTest/Cipher/__init__.py -> build/lib.linux-x86_64-3.7/Crypto/SelfTest/Cipher\n  copying lib/Crypto/SelfTest/Cipher/test_ARC2.py -> build/lib.linux-x86_64-3.7/Crypto/SelfTest/Cipher\n  copying lib/Crypto/SelfTest/Cipher/test_ARC4.py -> build/lib.linux-x86_64-3.7/Crypto/SelfTest/Cipher\n  copying lib/Crypto/SelfTest/Cipher/test_XOR.py -> build/lib.linux-x86_64-3.7/Crypto/SelfTest/Cipher\n  copying lib/Crypto/SelfTest/Cipher/test_CAST.py -> build/lib.linux-x86_64-3.7/Crypto/SelfTest/Cipher\n  copying lib/Crypto/SelfTest/Cipher/test_pkcs1_15.py -> build/lib.linux-x86_64-3.7/Crypto/SelfTest/Cipher\n  copying lib/Crypto/SelfTest/Cipher/test_pkcs1_oaep.py -> build/lib.linux-x86_64-3.7/Crypto/SelfTest/Cipher\n  copying lib/Crypto/SelfTest/Cipher/test_DES3.py -> build/lib.linux-x86_64-3.7/Crypto/SelfTest/Cipher\n  copying lib/Crypto/SelfTest/Cipher/test_DES.py -> build/lib.linux-x86_64-3.7/Crypto/SelfTest/Cipher\n  copying lib/Crypto/SelfTest/Cipher/test_Blowfish.py -> build/lib.linux-x86_64-3.7/Crypto/SelfTest/Cipher\n  copying lib/Crypto/SelfTest/Cipher/test_AES.py -> build/lib.linux-x86_64-3.7/Crypto/SelfTest/Cipher\n  copying lib/Crypto/SelfTest/Cipher/common.py -> build/lib.linux-x86_64-3.7/Crypto/SelfTest/Cipher\n  creating build/lib.linux-x86_64-3.7/Crypto/SelfTest/Hash\n  copying lib/Crypto/SelfTest/Hash/__init__.py -> build/lib.linux-x86_64-3.7/Crypto/SelfTest/Hash\n  copying lib/Crypto/SelfTest/Hash/test_SHA384.py -> build/lib.linux-x86_64-3.7/Crypto/SelfTest/Hash\n  copying lib/Crypto/SelfTest/Hash/test_SHA.py -> build/lib.linux-x86_64-3.7/Crypto/SelfTest/Hash\n  copying lib/Crypto/SelfTest/Hash/test_SHA224.py -> build/lib.linux-x86_64-3.7/Crypto/SelfTest/Hash\n  copying lib/Crypto/SelfTest/Hash/test_SHA256.py -> build/lib.linux-x86_64-3.7/Crypto/SelfTest/Hash\n  copying lib/Crypto/SelfTest/Hash/test_SHA512.py -> build/lib.linux-x86_64-3.7/Crypto/SelfTest/Hash\n  copying lib/Crypto/SelfTest/Hash/test_MD4.py -> build/lib.linux-x86_64-3.7/Crypto/SelfTest/Hash\n  copying lib/Crypto/SelfTest/Hash/test_HMAC.py -> build/lib.linux-x86_64-3.7/Crypto/SelfTest/Hash\n  copying lib/Crypto/SelfTest/Hash/test_RIPEMD.py -> build/lib.linux-x86_64-3.7/Crypto/SelfTest/Hash\n  copying lib/Crypto/SelfTest/Hash/test_MD2.py -> build/lib.linux-x86_64-3.7/Crypto/SelfTest/Hash\n  copying lib/Crypto/SelfTest/Hash/test_MD5.py -> build/lib.linux-x86_64-3.7/Crypto/SelfTest/Hash\n  copying lib/Crypto/SelfTest/Hash/common.py -> build/lib.linux-x86_64-3.7/Crypto/SelfTest/Hash\n  creating build/lib.linux-x86_64-3.7/Crypto/SelfTest/Protocol\n  copying lib/Crypto/SelfTest/Protocol/test_AllOrNothing.py -> build/lib.linux-x86_64-3.7/Crypto/SelfTest/Protocol\n  copying lib/Crypto/SelfTest/Protocol/__init__.py -> build/lib.linux-x86_64-3.7/Crypto/SelfTest/Protocol\n  copying lib/Crypto/SelfTest/Protocol/test_chaffing.py -> build/lib.linux-x86_64-3.7/Crypto/SelfTest/Protocol\n  copying lib/Crypto/SelfTest/Protocol/test_KDF.py -> build/lib.linux-x86_64-3.7/Crypto/SelfTest/Protocol\n  copying lib/Crypto/SelfTest/Protocol/test_rfc1751.py -> build/lib.linux-x86_64-3.7/Crypto/SelfTest/Protocol\n  creating build/lib.linux-x86_64-3.7/Crypto/SelfTest/PublicKey\n  copying lib/Crypto/SelfTest/PublicKey/__init__.py -> build/lib.linux-x86_64-3.7/Crypto/SelfTest/PublicKey\n  copying lib/Crypto/SelfTest/PublicKey/test_DSA.py -> build/lib.linux-x86_64-3.7/Crypto/SelfTest/PublicKey\n  copying lib/Crypto/SelfTest/PublicKey/test_importKey.py -> build/lib.linux-x86_64-3.7/Crypto/SelfTest/PublicKey\n  copying lib/Crypto/SelfTest/PublicKey/test_ElGamal.py -> build/lib.linux-x86_64-3.7/Crypto/SelfTest/PublicKey\n  copying lib/Crypto/SelfTest/PublicKey/test_RSA.py -> build/lib.linux-x86_64-3.7/Crypto/SelfTest/PublicKey\n  creating build/lib.linux-x86_64-3.7/Crypto/SelfTest/Random\n  copying lib/Crypto/SelfTest/Random/__init__.py -> build/lib.linux-x86_64-3.7/Crypto/SelfTest/Random\n  copying lib/Crypto/SelfTest/Random/test_random.py -> build/lib.linux-x86_64-3.7/Crypto/SelfTest/Random\n  copying lib/Crypto/SelfTest/Random/test__UserFriendlyRNG.py -> build/lib.linux-x86_64-3.7/Crypto/SelfTest/Random\n  copying lib/Crypto/SelfTest/Random/test_rpoolcompat.py -> build/lib.linux-x86_64-3.7/Crypto/SelfTest/Random\n  creating build/lib.linux-x86_64-3.7/Crypto/SelfTest/Random/Fortuna\n  copying lib/Crypto/SelfTest/Random/Fortuna/__init__.py -> build/lib.linux-x86_64-3.7/Crypto/SelfTest/Random/Fortuna\n  copying lib/Crypto/SelfTest/Random/Fortuna/test_FortunaGenerator.py -> build/lib.linux-x86_64-3.7/Crypto/SelfTest/Random/Fortuna\n  copying lib/Crypto/SelfTest/Random/Fortuna/test_SHAd256.py -> build/lib.linux-x86_64-3.7/Crypto/SelfTest/Random/Fortuna\n  copying lib/Crypto/SelfTest/Random/Fortuna/test_FortunaAccumulator.py -> build/lib.linux-x86_64-3.7/Crypto/SelfTest/Random/Fortuna\n  creating build/lib.linux-x86_64-3.7/Crypto/SelfTest/Random/OSRNG\n  copying lib/Crypto/SelfTest/Random/OSRNG/__init__.py -> build/lib.linux-x86_64-3.7/Crypto/SelfTest/Random/OSRNG\n  copying lib/Crypto/SelfTest/Random/OSRNG/test_fallback.py -> build/lib.linux-x86_64-3.7/Crypto/SelfTest/Random/OSRNG\n  copying lib/Crypto/SelfTest/Random/OSRNG/test_nt.py -> build/lib.linux-x86_64-3.7/Crypto/SelfTest/Random/OSRNG\n  copying lib/Crypto/SelfTest/Random/OSRNG/test_generic.py -> build/lib.linux-x86_64-3.7/Crypto/SelfTest/Random/OSRNG\n  copying lib/Crypto/SelfTest/Random/OSRNG/test_posix.py -> build/lib.linux-x86_64-3.7/Crypto/SelfTest/Random/OSRNG\n  copying lib/Crypto/SelfTest/Random/OSRNG/test_winrandom.py -> build/lib.linux-x86_64-3.7/Crypto/SelfTest/Random/OSRNG\n  creating build/lib.linux-x86_64-3.7/Crypto/SelfTest/Util\n  copying lib/Crypto/SelfTest/Util/test_Counter.py -> build/lib.linux-x86_64-3.7/Crypto/SelfTest/Util\n  copying lib/Crypto/SelfTest/Util/__init__.py -> build/lib.linux-x86_64-3.7/Crypto/SelfTest/Util\n  copying lib/Crypto/SelfTest/Util/test_asn1.py -> build/lib.linux-x86_64-3.7/Crypto/SelfTest/Util\n  copying lib/Crypto/SelfTest/Util/test_number.py -> build/lib.linux-x86_64-3.7/Crypto/SelfTest/Util\n  copying lib/Crypto/SelfTest/Util/test_winrandom.py -> build/lib.linux-x86_64-3.7/Crypto/SelfTest/Util\n  creating build/lib.linux-x86_64-3.7/Crypto/SelfTest/Signature\n  copying lib/Crypto/SelfTest/Signature/__init__.py -> build/lib.linux-x86_64-3.7/Crypto/SelfTest/Signature\n  copying lib/Crypto/SelfTest/Signature/test_pkcs1_15.py -> build/lib.linux-x86_64-3.7/Crypto/SelfTest/Signature\n  copying lib/Crypto/SelfTest/Signature/test_pkcs1_pss.py -> build/lib.linux-x86_64-3.7/Crypto/SelfTest/Signature\n  creating build/lib.linux-x86_64-3.7/Crypto/Protocol\n  copying lib/Crypto/Protocol/__init__.py -> build/lib.linux-x86_64-3.7/Crypto/Protocol\n  copying lib/Crypto/Protocol/Chaffing.py -> build/lib.linux-x86_64-3.7/Crypto/Protocol\n  copying lib/Crypto/Protocol/AllOrNothing.py -> build/lib.linux-x86_64-3.7/Crypto/Protocol\n  copying lib/Crypto/Protocol/KDF.py -> build/lib.linux-x86_64-3.7/Crypto/Protocol\n  creating build/lib.linux-x86_64-3.7/Crypto/PublicKey\n  copying lib/Crypto/PublicKey/__init__.py -> build/lib.linux-x86_64-3.7/Crypto/PublicKey\n  copying lib/Crypto/PublicKey/_DSA.py -> build/lib.linux-x86_64-3.7/Crypto/PublicKey\n  copying lib/Crypto/PublicKey/_RSA.py -> build/lib.linux-x86_64-3.7/Crypto/PublicKey\n  copying lib/Crypto/PublicKey/RSA.py -> build/lib.linux-x86_64-3.7/Crypto/PublicKey\n  copying lib/Crypto/PublicKey/ElGamal.py -> build/lib.linux-x86_64-3.7/Crypto/PublicKey\n  copying lib/Crypto/PublicKey/_slowmath.py -> build/lib.linux-x86_64-3.7/Crypto/PublicKey\n  copying lib/Crypto/PublicKey/pubkey.py -> build/lib.linux-x86_64-3.7/Crypto/PublicKey\n  copying lib/Crypto/PublicKey/DSA.py -> build/lib.linux-x86_64-3.7/Crypto/PublicKey\n  creating build/lib.linux-x86_64-3.7/Crypto/Signature\n  copying lib/Crypto/Signature/__init__.py -> build/lib.linux-x86_64-3.7/Crypto/Signature\n  copying lib/Crypto/Signature/PKCS1_PSS.py -> build/lib.linux-x86_64-3.7/Crypto/Signature\n  copying lib/Crypto/Signature/PKCS1_v1_5.py -> build/lib.linux-x86_64-3.7/Crypto/Signature\n  Skipping optional fixer: buffer\n  Skipping optional fixer: idioms\n  Skipping optional fixer: set_literal\n  Skipping optional fixer: ws_comma\n  running build_ext\n  running build_configure\n  checking for gcc... gcc\n  checking whether the C compiler works... no\n  configure: error: in `/tmp/pip-install-c6qlsbsv/pycrypto_47f1573542b441b08e43336a1670a08d':\n  configure: error: C compiler cannot create executables\n  See `config.log' for more details\n  Traceback (most recent call last):\n    File \"<string>\", line 1, in <module>\n    File \"/tmp/pip-install-c6qlsbsv/pycrypto_47f1573542b441b08e43336a1670a08d/setup.py\", line 456, in <module>\n      core.setup(**kw)\n    File \"/usr/local/lib/python3.7/distutils/core.py\", line 148, in setup\n      dist.run_commands()\n    File \"/usr/local/lib/python3.7/distutils/dist.py\", line 966, in run_commands\n      self.run_command(cmd)\n    File \"/usr/local/lib/python3.7/distutils/dist.py\", line 985, in run_command\n      cmd_obj.run()\n    File \"/usr/local/lib/python3.7/site-packages/wheel/bdist_wheel.py\", line 299, in run\n      self.run_command('build')\n    File \"/usr/local/lib/python3.7/distutils/cmd.py\", line 313, in run_command\n      self.distribution.run_command(command)\n    File \"/usr/local/lib/python3.7/distutils/dist.py\", line 985, in run_command\n      cmd_obj.run()\n    File \"/usr/local/lib/python3.7/distutils/command/build.py\", line 135, in run\n      self.run_command(cmd_name)\n    File \"/usr/local/lib/python3.7/distutils/cmd.py\", line 313, in run_command\n      self.distribution.run_command(command)\n    File \"/usr/local/lib/python3.7/distutils/dist.py\", line 985, in run_command\n      cmd_obj.run()\n    File \"/tmp/pip-install-c6qlsbsv/pycrypto_47f1573542b441b08e43336a1670a08d/setup.py\", line 251, in run\n      self.run_command(cmd_name)\n    File \"/usr/local/lib/python3.7/distutils/cmd.py\", line 313, in run_command\n      self.distribution.run_command(command)\n    File \"/usr/local/lib/python3.7/distutils/dist.py\", line 985, in run_command\n      cmd_obj.run()\n    File \"/tmp/pip-install-c6qlsbsv/pycrypto_47f1573542b441b08e43336a1670a08d/setup.py\", line 278, in run\n      raise RuntimeError(\"autoconf error\")\n  RuntimeError: autoconf error\n  ----------------------------------------\n\u001b[0m\u001b[91m  ERROR: Failed building wheel for pycrypto\n\u001b[0m  Running setup.py clean for pycrypto\n  Building wheel for PyYAML (setup.py): started\n  Building wheel for PyYAML (setup.py): finished with status 'done'\n  Created wheel for PyYAML: filename=PyYAML-3.13-cp37-cp37m-linux_x86_64.whl size=43088 sha256=39181f6d09dad251d6eb2612898977362a96eb9c86fd5923a313be54b8454156\n  Stored in directory: /tmp/pip-ephem-wheel-cache-pa1n8ljg/wheels/95/cd/14/899edaa9cdb9a65aa7224539f6e0ad488e9a7b202bb48f6ae6\n  Building wheel for tornado (setup.py): started\n  Building wheel for tornado (setup.py): finished with status 'done'\n  Created wheel for tornado: filename=tornado-4.5.3-cp37-cp37m-linux_x86_64.whl size=420778 sha256=32d2c9c8d9f6e40738b96b2bf694965a5383d23ec4cf2ac074049a7ae4200c38\n  Stored in directory: /tmp/pip-ephem-wheel-cache-pa1n8ljg/wheels/a2/45/43/36ec7a893e16c1212a6b1505ded0a2d73cf8e863a0227c8e04\nSuccessfully built salt PyYAML tornado\nFailed to build pycrypto\nInstalling collected packages: urllib3, MarkupSafe, idna, charset-normalizer, certifi, tornado, requests, pyzmq, PyYAML, pycrypto, msgpack, Jinja2, salt\n    Running setup.py install for pycrypto: started\n    Running setup.py install for pycrypto: finished with status 'error'\n\u001b[91m    ERROR: Command errored out with exit status 1:\n     command: /usr/local/bin/python -u -c 'import sys, setuptools, tokenize; sys.argv[0] = '\"'\"'/tmp/pip-install-c6qlsbsv/pycrypto_47f1573542b441b08e43336a1670a08d/setup.py'\"'\"'; __file__='\"'\"'/tmp/pip-install-c6qlsbsv/pycrypto_47f1573542b441b08e43336a1670a08d/setup.py'\"'\"';f=getattr(tokenize, '\"'\"'open'\"'\"', open)(__file__);code=f.read().replace('\"'\"'\\r\\n'\"'\"', '\"'\"'\\n'\"'\"');f.close();exec(compile(code, __file__, '\"'\"'exec'\"'\"'))' install --record /tmp/pip-record-lpilj_k2/install-record.txt --single-version-externally-managed --compile --install-headers /usr/local/include/python3.7m/pycrypto\n         cwd: /tmp/pip-install-c6qlsbsv/pycrypto_47f1573542b441b08e43336a1670a08d/\n    Complete output (188 lines):\n    running install\n    running build\n    running build_py\n    creating build\n    creating build/lib.linux-x86_64-3.7\n    creating build/lib.linux-x86_64-3.7/Crypto\n    copying lib/Crypto/__init__.py -> build/lib.linux-x86_64-3.7/Crypto\n    copying lib/Crypto/pct_warnings.py -> build/lib.linux-x86_64-3.7/Crypto\n    creating build/lib.linux-x86_64-3.7/Crypto/Hash\n    copying lib/Crypto/Hash/__init__.py -> build/lib.linux-x86_64-3.7/Crypto/Hash\n    copying lib/Crypto/Hash/MD4.py -> build/lib.linux-x86_64-3.7/Crypto/Hash\n    copying lib/Crypto/Hash/MD2.py -> build/lib.linux-x86_64-3.7/Crypto/Hash\n    copying lib/Crypto/Hash/hashalgo.py -> build/lib.linux-x86_64-3.7/Crypto/Hash\n    copying lib/Crypto/Hash/SHA224.py -> build/lib.linux-x86_64-3.7/Crypto/Hash\n    copying lib/Crypto/Hash/RIPEMD.py -> build/lib.linux-x86_64-3.7/Crypto/Hash\n    copying lib/Crypto/Hash/MD5.py -> build/lib.linux-x86_64-3.7/Crypto/Hash\n    copying lib/Crypto/Hash/SHA.py -> build/lib.linux-x86_64-3.7/Crypto/Hash\n    copying lib/Crypto/Hash/HMAC.py -> build/lib.linux-x86_64-3.7/Crypto/Hash\n    copying lib/Crypto/Hash/SHA512.py -> build/lib.linux-x86_64-3.7/Crypto/Hash\n    copying lib/Crypto/Hash/SHA256.py -> build/lib.linux-x86_64-3.7/Crypto/Hash\n    copying lib/Crypto/Hash/SHA384.py -> build/lib.linux-x86_64-3.7/Crypto/Hash\n    creating build/lib.linux-x86_64-3.7/Crypto/Cipher\n    copying lib/Crypto/Cipher/blockalgo.py -> build/lib.linux-x86_64-3.7/Crypto/Cipher\n    copying lib/Crypto/Cipher/__init__.py -> build/lib.linux-x86_64-3.7/Crypto/Cipher\n    copying lib/Crypto/Cipher/DES.py -> build/lib.linux-x86_64-3.7/Crypto/Cipher\n    copying lib/Crypto/Cipher/ARC2.py -> build/lib.linux-x86_64-3.7/Crypto/Cipher\n    copying lib/Crypto/Cipher/CAST.py -> build/lib.linux-x86_64-3.7/Crypto/Cipher\n    copying lib/Crypto/Cipher/XOR.py -> build/lib.linux-x86_64-3.7/Crypto/Cipher\n    copying lib/Crypto/Cipher/Blowfish.py -> build/lib.linux-x86_64-3.7/Crypto/Cipher\n    copying lib/Crypto/Cipher/DES3.py -> build/lib.linux-x86_64-3.7/Crypto/Cipher\n    copying lib/Crypto/Cipher/PKCS1_OAEP.py -> build/lib.linux-x86_64-3.7/Crypto/Cipher\n    copying lib/Crypto/Cipher/ARC4.py -> build/lib.linux-x86_64-3.7/Crypto/Cipher\n    copying lib/Crypto/Cipher/PKCS1_v1_5.py -> build/lib.linux-x86_64-3.7/Crypto/Cipher\n    copying lib/Crypto/Cipher/AES.py -> build/lib.linux-x86_64-3.7/Crypto/Cipher\n    creating build/lib.linux-x86_64-3.7/Crypto/Util\n    copying lib/Crypto/Util/__init__.py -> build/lib.linux-x86_64-3.7/Crypto/Util\n    copying lib/Crypto/Util/randpool.py -> build/lib.linux-x86_64-3.7/Crypto/Util\n    copying lib/Crypto/Util/RFC1751.py -> build/lib.linux-x86_64-3.7/Crypto/Util\n    copying lib/Crypto/Util/winrandom.py -> build/lib.linux-x86_64-3.7/Crypto/Util\n    copying lib/Crypto/Util/_number_new.py -> build/lib.linux-x86_64-3.7/Crypto/Util\n    copying lib/Crypto/Util/py3compat.py -> build/lib.linux-x86_64-3.7/Crypto/Util\n    copying lib/Crypto/Util/asn1.py -> build/lib.linux-x86_64-3.7/Crypto/Util\n    copying lib/Crypto/Util/Counter.py -> build/lib.linux-x86_64-3.7/Crypto/Util\n    copying lib/Crypto/Util/number.py -> build/lib.linux-x86_64-3.7/Crypto/Util\n    creating build/lib.linux-x86_64-3.7/Crypto/Random\n    copying lib/Crypto/Random/__init__.py -> build/lib.linux-x86_64-3.7/Crypto/Random\n    copying lib/Crypto/Rand\u001b[0m\u001b[91mom/random.py -> build/lib.linux-x86_64-3.7/Crypto/Random\n    copying lib/Crypto/Random/_UserFriendlyRNG.py -> build/lib.linux-x86_64-3.7/Crypto/Random\n    creating build/lib.linux-x86_64-3.7/Crypto/Random/Fortuna\n    copying lib/Crypto/Random/Fortuna/__init__.py -> build/lib.linux-x86_64-3.7/Crypto/Random/Fortuna\n    copying lib/Crypto/Random/Fortuna/SHAd256.py -> build/lib.linux-x86_64-3.7/Crypto/Random/Fortuna\n    copying lib/Crypto/Random/Fortuna/FortunaGenerator.py -> build/lib.linux-x86_64-3.7/Crypto/Random/Fortuna\n    copying lib/Crypto/Random/Fortuna/FortunaAccumulator.py -> build/lib.linux-x86_64-3.7/Crypto/Random/Fortuna\n    creating build/lib.linux-x86_64-3.7/Crypto/Random/OSRNG\n    copying lib/Crypto/Random/OSRNG/__init__.py -> build/lib.linux-x86_64-3.7/Crypto/Random/OSRNG\n    copying lib/Crypto/Random/OSRNG/rng_base.py -> build/lib.linux-x86_64-3.7/Crypto/Random/OSRNG\n    copying lib/Crypto/Random/OSRNG/fallback.py -> build/lib.linux-x86_64-3.7/Crypto/Random/OSRNG\n    copying lib/Crypto/Random/OSRNG/posix.py -> build/lib.linux-x86_64-3.7/Crypto/Random/OSRNG\n    creating build/lib.linux-x86_64-3.7/Crypto/SelfTest\n    copying lib/Crypto/SelfTest/__init__.py -> build/lib.linux-x86_64-3.7/Crypto/SelfTest\n    copying lib/Crypto/SelfTest/st_common.py -> build/lib.linux-x86_64-3.7/Crypto/SelfTest\n    creating build/lib.linux-x86_64-3.7/Crypto/SelfTest/Cipher\n    copying lib/Crypto/SelfTest/Cipher/__init__.py -> build/lib.linux-x86_64-3.7/Crypto/SelfTest/Cipher\n    copying lib/Crypto/SelfTest/Cipher/test_ARC2.py -> build/lib.linux-x86_64-3.7/Crypto/SelfTest/Cipher\n    copying lib/Crypto/SelfTest/Cipher/test_ARC4.py -> build/lib.linux-x86_64-3.7/Crypto/SelfTest/Cipher\n    copying lib/Crypto/SelfTest/Cipher/test_XOR.py -> build/lib.linux-x86_64-3.7/Crypto/SelfTest/Cipher\n    copying lib/Crypto/SelfTest/Cipher/test_CAST.py -> build/lib.linux-x86_64-3.7/Crypto/SelfTest/Cipher\n    copying lib/Crypto/SelfTest/Cipher/test_pkcs1_15.py -> build/lib.linux-x86_64-3.7/Crypto/SelfTest/Cipher\n    copying lib/Crypto/SelfTest/Cipher/test_pkcs1_oaep.py -> build/lib.linux-x86_64-3.7/Crypto/SelfTest/Cipher\n    copying lib/Crypto/SelfTest/Cipher/test_DES3.py -> build/lib.linux-x86_64-3.7/Crypto/SelfTest/Cipher\n    copying lib/Crypto/SelfTest/Cipher/test_DES.py -> build/lib.linux-x86_64-3.7/Crypto/SelfTest/Cipher\n    copying lib/Crypto/SelfTest/Cipher/test_Blowfish.py -> build/lib.linux-x86_64-3.7/Crypto/SelfTest/Cipher\n    copying lib/Crypto/SelfTest/Cipher/test_AES.py -> build/lib.linux-x86_64-3.7/Crypto/SelfTest/Cipher\n    copying lib/Crypto/SelfTest/Cipher/common.py -> build/lib.linux-x86_64-3.7/Crypto/SelfTest/Cipher\n    creating build/lib.linux-x86_64-3.7/Crypto/SelfTest/Hash\n    copying lib/Crypto/SelfTest/Hash/__init__.py -> build/lib.linux-x86_64-3.7/Crypto/SelfTest/Hash\n    copying lib/Crypto/SelfTest/Hash/test_SHA384.py -> build/lib.linux-x86_64-3.7/Crypto/SelfTest/Hash\n    copying lib/Crypto/SelfTest/Hash/test_SHA.py -> build/lib.linux-x86_64-3.7/Crypto/SelfTest/Hash\n    copying lib/Crypto/SelfTest/Hash/test_SHA224.py -> build/lib.linux-x86_64-3.7/Crypto/SelfTest/Hash\n    copying lib/Crypto/SelfTest/Hash/test_SHA256.py -> build/lib.linux-x86_64-3.7/Crypto/SelfTest/Hash\n    copying lib/Crypto/SelfTest/Hash/test_SHA512.py -> build/lib.linux-x86_64-3.7/Crypto/SelfTest/Hash\n    copying lib/Crypto/SelfTest/Hash/test_MD4.py -> build/lib.linux-x86_64-3.7/Crypto/SelfTest/Hash\n    copying lib/Crypto/SelfTest/Hash/test_HMAC.py -> build/lib.linux-x86_64-3.7/Crypto/SelfTest/Hash\n    copying lib/Crypto/SelfTest/Hash/test_RIPEMD.py -> build/lib.linux-x86_64-3.7/Crypto/SelfTest/Hash\n    copying lib/Crypto/SelfTest/Hash/test_MD2.py -> build/lib.linux-x86_64-3.7/Crypto/SelfTest/Hash\n    copying lib/Crypto/SelfTest/Hash/test_MD5.py -> build/lib.linux-x86_64-3.7/Crypto/SelfTest/Hash\n    copying lib/Crypto/SelfTest/Hash/common.py -> build/lib.linux-x86_64-3.7/Crypto/SelfTest/Hash\n    creating build/lib.linux-x86_64-3.7/Crypto/SelfTest/Protocol\n    copying lib/Crypto/SelfTest/Protocol/test_AllOrNothing.py -> build/lib.linux-x86_64-3.7/Crypto/SelfTest/Protocol\n    copying lib/Crypto/SelfTest/Protocol/__init__.py -> build/lib.linux-x86_64-3.7/Crypto/SelfTest/Protocol\n    copying lib/Crypto/SelfTest/Protocol/test_chaffing.py -> build/lib.linux-x86_64-3.7/Crypto/SelfTest/Protocol\n    copying lib/Crypto/SelfTest/Protocol/test_KDF.py -> build/lib.linux-x86_64-3.7/Crypto/SelfTest/Protocol\n    copying lib/Crypto/SelfTest/Protocol/test_rfc1751.py -> build/lib.linux-x86_64-3.7/Crypto/SelfTest/Protocol\n    creating build/lib.linux-x86_64-3.7/Crypto/SelfTest/PublicKey\n    copying lib/Crypto/SelfTest/PublicKey/__init__.py -> build/lib.linux-x86_64-3.7/Crypto/SelfTest/PublicKey\n    copying lib/Crypto/SelfTest/PublicKey/test_DSA.py -> build/lib.linux-x86_64-3.7/Crypto/SelfTest/PublicKey\n    copying lib/Crypto/SelfTest/PublicKey/test_importKey.py -> build/lib.linux-x86_64-3.7/Crypto/SelfTest/PublicKey\n    copying lib/Crypto/SelfTest/PublicKey/test_ElGamal.py -> build/lib.linux-x86_64-3.7/Crypto/SelfTest/PublicKey\n    copying lib/Crypto/SelfTest/PublicKey/test_RSA.py -> build/lib.linux-x86_64-3.7/Crypto/SelfTest/PublicKey\n    creating build/lib.linux-x86_64-3.7/Crypto/SelfTest/Random\n    copying lib/Crypto/SelfTest/Random/__init__.py -> build/lib.linux-x86_64-3.7/Crypto/SelfTest/Random\n    copying lib/Crypto/SelfTest/Random/test_random.py -> build/lib.linux-x86_64-3.7/Crypto/SelfTest/Random\n    copying lib/Crypto/SelfTest/Random/test__UserFriendlyRNG.py -> build/lib.linux-x86_64-3.7/Crypto/SelfTest/Random\n    copying lib/Crypto/SelfTest/Random/test_rpoolcompat.py -> build/lib.linux-x86_64-3.7/Crypto/SelfTest/Random\n    creating build/lib.linux-x86_64-3.7/Crypto/SelfTest/Random/Fortuna\n    copying lib/Crypto/SelfTest/Random/Fortuna/__init__.py -> build/lib.linux-x86_64-3.7/Crypto/SelfTest/Random/Fortuna\n    copying lib/Crypto/SelfTest/Random/Fortuna/test_FortunaGenerator.py -> build/lib.linux-x86_64-3.7/Crypto/SelfTest/Random/Fortuna\n    copying lib/Crypto/SelfTest/Random/Fortuna/test_SHAd256.py -> build/lib.linux-x86_64-3.7/Crypto/SelfTest/Random/Fortuna\n    copying lib/Crypto/SelfTest/Random/Fortuna/test_FortunaAccumulator.py -> build/lib.linux-x86_64-3.7/Crypto/SelfTest/Random/Fortuna\n    creating build/lib.linux-x86_64-3.7/Crypto/SelfTest/Random/OSRNG\n    copying lib/Crypto/SelfTest/Random/OSRNG/__init__.py -> build/lib.linux-x86_64-3.7/Crypto/SelfTest/Random/OSRNG\n    copying lib/Crypto/SelfTest/Random/OSRNG/test_fallback.py -> build/lib.linux-x86_64-3.7/Crypto/SelfTest/Random/OSRNG\n    copying lib/Crypto/SelfTest/Random/OSRNG/test_nt.py -> build/lib.linux-x86_64-3.7/Crypto/SelfTest/Random/OSRNG\n    copying lib/Crypto/SelfTest/Random/OSRNG/test_generic.py -> build/lib.linux-x86_64-3.7/Crypto/SelfTest/Random/OSRNG\n    copying lib/Crypto/SelfTest/Random/OSRNG/test_posix.py -> build/lib.linux-x86_64-3.7/Crypto/SelfTest/Random/OSRNG\n    copying lib/Crypto/SelfTest/Random/OSRNG/test_winrandom.py -> build/lib.linux-x86_64-3.7/Crypto/SelfTest/Random/OSRNG\n    creating build/lib.linux-x86_64-3.7/Crypto/SelfTest/Util\n    copying lib/Crypto/SelfTest/Util/test_Counter.py -> build/lib.linux-x86_64-3.7/Crypto/SelfTest/Util\n    copying lib/Crypto/SelfTest/Util/__init__.py -> build/lib.linux-x86_64-3.7/Crypto/SelfTest/Util\n    copying lib/Crypto/SelfTest/Util/test_asn1.py -> build/lib.linux-x86_64-3.7/Crypto/SelfTest/Util\n    copying lib/Crypto/SelfTest/Util/test_number.py -> build/lib.linux-x86_64-3.7/Crypto/SelfTest/Util\n    copying lib/Crypto/SelfTest/Util/test_winrandom.py -> build/lib.linux-x86_64-3.7/Crypto/SelfTest/Util\n    creating build/lib.linux-x86_64-3.7/Crypto/SelfTest/Signature\n    copying lib/Crypto/SelfTest/Signature/__init__.py -> build/lib.linux-x86_64-3.7/Crypto/SelfTest/Signature\n    copying lib/Crypto/SelfTest/Signature/test_pkcs1_15.py -> build/lib.linux-x86_64-3.7/Crypto/SelfTest/Signature\n    copying lib/Crypto/SelfTest/Signature/test_pkcs1_pss.py -> build/lib.linux-x86_64-3.7/Crypto/SelfTest/Signature\n    creating build/lib.linux-x86_64-3.7/Crypto/Protocol\n    copying lib/Crypto/Protocol/__init__.py -> build/lib.linux-x86_64-3.7/Crypto/Protocol\n    copying lib/Crypto/Protocol/Chaffing.py -> build/lib.linux-x86_64-3.7/Crypto/Protocol\n    copying lib/Crypto/Protocol/AllOrNothing.py -> build/lib.linux-x86_64-3.7/Crypto/Protocol\n    copying lib/Crypto/Protocol/KDF.py -> build/lib.linux-x86_64-3.7/Crypto/Protocol\n    creating build/lib.linux-x86_64-3.7/Crypto/PublicKey\n    copying lib/Crypto/PublicKey/__init__.py -> build/lib.linux-x86_64-3.7/Crypto/PublicKey\n    copying lib/Crypto/PublicKey/_DSA.py -> build/lib.linux-x86_64-3.7/Crypto/PublicKey\n    copying lib/Crypto/PublicKey/_RSA.py -> build/lib.linux-x86_64-3.7/Crypto/PublicKey\n    copying lib/Crypto/PublicKey/RSA.py -> build/lib.linux-x86_64-3.7/Crypto/PublicKey\n    copying lib/Crypto/PublicKey/ElGamal.py -> build/lib.linux-x86_64-3.7/Crypto/PublicKey\n    copying lib/Crypto/PublicKey/_slowmath.py -> build/lib.linux-x86_64-3.7/Crypto/PublicKey\n    copying lib/Crypto/PublicKey/pubkey.py -> build/lib.linux-x86_64-3.7/Crypto/PublicKey\n    copying lib/Crypto/PublicKey/DSA.py -> build/lib.linux-x86_64-3.7/Crypto/PublicKey\n    creating build/lib.linux-x86_64-3.7/Crypto/Signature\n    copying lib/Crypto/Signature/__init__.py -> build/lib.linux-x86_64-3.7/Crypto/Signature\n    copying lib/Crypto/Signature/PKCS1_PSS.py -> build/lib.linux-x86_64-3.7/Crypto/Signature\n    copying lib/Crypto/Signature/PKCS1_v1_5.py -> build/lib.linux-x86_64-3.7/Crypto/Signature\n    Skipping optional fixer: buffer\n    Skipping optional fixer: idioms\n    Skipping optional fixer: set_literal\n    Skipping optional fixer: ws_comma\n    running build_ext\n    running build_configure\n    checking for gcc... gcc\n    checking whether the C compiler works... no\n    configure: error: in `/tmp/pip-install-c6qlsbsv/pycrypto_47f1573542b441b08e43336a1670a08d':\n    configure: error: C compiler cannot create executables\n    See `config.log' for more details\n    Traceback (most recent call last):\n      File \"<string>\", line 1, in <module>\n      File \"/tmp/pip-install-c6qlsbsv/pycrypto_47f1573542b441b08e43336a1670a08d/setup.py\", line 456, in <module>\n        core.setup(**kw)\n      File \"/usr/local/lib/python3.7/distutils/core.py\", line 148, in setup\n        dist.run_commands()\n      File \"/usr/local/lib/python3.7/distutils/dist.py\", line 966, in run_commands\n        self.run_command(cmd)\n      File \"/usr/local/lib/python3.7/distutils/dist.py\", line 985, in run_command\n        cmd_obj.run()\n      File \"/usr/local/lib/python3.7/site-packages/setuptools/command/install.py\", line 61, in run\n        return orig.install.run(self)\n      File \"/usr/local/lib/python3.7/distutils/command/install.py\", line 545, in run\n        self.run_command('build')\n      File \"/usr/local/lib/python3.7/distutils/cmd.py\", line 313, in run_command\n        self.distribution.run_command(command)\n      File \"/usr/local/lib/python3.7/distutils/dist.py\", line 985, in run_command\n        cmd_obj.run()\n      File \"/usr/local/lib/python3.7/distutils/command/build.py\", line 135, in run\n        self.run_command(cmd_name)\n      File \"/usr/local/lib/python3.7/distutils/cmd.py\", line 313, in run_command\n        self.distribution.run_command(command)\n      File \"/usr/local/lib/python3.7/distutils/dist.py\", line 985, in run_command\n        cmd_obj.run()\n      File \"/tmp/pip-install-c6qlsbsv/pycrypto_47f1573542b441b08e43336a1670a08d/setup.py\", line 251, in run\n        self.run_command(cmd_name)\n      File \"/usr/local/lib/python3.7/distutils/cmd.py\", line 313, in run_command\n        self.distribution.run_command(command)\n      File \"/usr/local/lib/python3.7/distutils/dist.py\", line 985, in run_command\n        cmd_obj.run()\n      File \"/tmp/pip-install-c6qlsbsv/pycrypto_47f1573542b441b08e43336a1670a08d/setup.py\", line 278, in run\n        raise RuntimeError(\"autoconf error\")\n    RuntimeError: autoconf error\n    ----------------------------------------\n\u001b[0m\u001b[91mERROR: Command errored out with exit status 1: /usr/local/bin/python -u -c 'import sys, setuptools, tokenize; sys.argv[0] = '\"'\"'/tmp/pip-install-c6qlsbsv/pycrypto_47f1573542b441b08e43336a1670a08d/setup.py'\"'\"'; __file__='\"'\"'/tmp/pip-install-c6qlsbsv/pycrypto_47f1573542b441b08e43336a1670a08d/setup.py'\"'\"';f=getattr(tokenize, '\"'\"'open'\"'\"', open)(__file__);code=f.read().replace('\"'\"'\\r\\n'\"'\"', '\"'\"'\\n'\"'\"');f.close();exec(compile(code, __file__, '\"'\"'exec'\"'\"'))' install --record /tmp/pip-record-lpilj_k2/install-record.txt --single-version-externally-managed --compile --install-headers /usr/local/include/python3.7m/pycrypto Check the logs for full command output.\n\u001b[0m\u001b[91mWARNING: You are using pip version 21.0.1; however, version 22.3.1 is available.\nYou should consider upgrading via the '/usr/local/bin/python -m pip install --upgrade pip' command.\n\u001b[0mRemoving intermediate container 24e258efd8fe\n","stderr":"The command '/bin/sh -c apt-get update  && apt-get install --no-install-recommends -y python-zmq gcc  && pip --no-cache-dir install salt==$SALT_VERSION  && pip --no-cache-dir install /var/cache/salt-sproxy/  && rm -rf /var/cache/salt-sproxy/  && apt-get autoremove -y  && rm -rf /var/lib/apt/lists/*' returned a non-zero code: 1\n"},"endTime":1672068807116}