{"repository":"https://github.com/thx/rap2-delos","dockerfilePath":"Dockerfile","startTime":1672958749459,"endTime":1672958891283,"clone":{"startTime":1672958749460,"stdout":"","stderr":"Cloning into '/tmp/dinghy-analysis/thx/rap2-delos'...\n","error":null,"endTime":1672958750319,"commit":"2e84684d41b1785e2961cf7a831f8d945b233e1f"},"originalBuild":{"startTime":1672958750404,"endTime":1672958891198,"error":{"code":2,"killed":false,"signal":null,"cmd":"docker build --no-cache --force-rm -t rap2-delos:latest -f /tmp/dinghy-analysis/thx/rap2-delos/Dockerfile ."},"stdout":"Sending build context to Docker daemon  647.2kB\r\r\nStep 1/14 : FROM node:lts-alpine AS builder\nlts-alpine: Pulling from library/node\nDigest: sha256:a136ed7b0df71082cdb171f36d640ea3b392a5c70401c642326acee767b8c540\nStatus: Downloaded newer image for node:lts-alpine\n ---> 6d7b7852bcd3\nStep 2/14 : LABEL maintainer=\"chibing.fy@alibaba-inc.com\"\n ---> Running in 64bcd0cd5585\nRemoving intermediate container 64bcd0cd5585\n ---> 86656829c636\nStep 3/14 : WORKDIR /app\n ---> Running in dff23eb1af27\nRemoving intermediate container dff23eb1af27\n ---> 7ed28c1d716a\nStep 4/14 : COPY package.json ./\n ---> 2231042d57e1\nStep 5/14 : RUN npm install typescript -g &&     npm install\n ---> Running in a858c24ffbe0\n\nadded 1 package, and audited 2 packages in 4s\n\nfound 0 vulnerabilities\n\u001b[91mnpm notice \nnpm \u001b[0m\u001b[91mnotice New major version of npm available! 8.19.2 -> 9.2.0\nnpm notice Changelog: <https://github.com/npm/cli/releases/tag/v9.2.0>\n\u001b[0m\u001b[91mnpm notice Run `npm install -g npm@9.2.0` to update!\nnpm \u001b[0m\u001b[91mnotice \n\u001b[0m\u001b[91mnpm WARN deprecated har-validator@5.1.5: this library is no longer supported\n\u001b[0m\u001b[91mnpm WARN deprecated formidable@1.2.6: Please upgrade to latest, formidable@v2 or formidable@v3! Check these notes: https://bit.ly/2ZEqIau\n\u001b[0m\u001b[91mnpm WARN deprecated superagent@3.8.3: Please upgrade to v7.0.2+ of superagent.  We have fixed numerous issues with streams, form-data, attach(), filesystem errors not bubbling up (ENOENT on attach()), and all tests are now passing.  See the releases tab for more information at <https://github.com/visionmedia/superagent/releases>.\n\u001b[0m\u001b[91mnpm WARN deprecated request-promise@4.2.6: request-promise has been deprecated because it extends the now deprecated request package, see https://github.com/request/request/issues/3142\n\u001b[0m\u001b[91mnpm WARN deprecated notevil@1.3.3: Package no longer supported. Contact Support at https://www.npmjs.com/support for more info.\n\u001b[0m\u001b[91mnpm WARN deprecated babel-eslint@10.1.0: babel-eslint is now @babel/eslint-parser. This package will no longer receive updates.\n\u001b[0m\u001b[91mnpm WARN deprecated request@2.88.2: request has been deprecated, see https://github.com/request/request/issues/3142\n\u001b[0m\u001b[91mnpm WARN deprecated sequelize@5.22.5: Please update to v6 or higher! A migration guide can be found here: https://sequelize.org/v6/manual/upgrade-to-v6.html\n\u001b[0m\u001b[91mnpm WARN deprecated uuid@3.4.0: Please upgrade  to version 7 or higher.  Older versions may use Math.random() in certain circumstances, which is known to be problematic.  See https://v8.dev/blog/math-random for details.\n\u001b[0m\u001b[91mnpm WARN deprecated tslint@6.1.3: TSLint has been deprecated in favor of ESLint. Please see https://github.com/palantir/tslint/issues/4534 for more information.\n\u001b[0m\nadded 870 packages, and audited 871 packages in 1m\n\n100 packages are looking for funding\n  run `npm fund` for details\n\n4 vulnerabilities (2 moderate, 2 high)\n\nTo address issues that do not require attention, run:\n  npm audit fix\n\nSome issues need review, and may require choosing\na different dependency.\n\nRun `npm audit` for details.\nRemoving intermediate container a858c24ffbe0\n ---> 7060328a3e23\nStep 6/14 : COPY . ./\n ---> a79aac754526\nStep 7/14 : RUN npm run build\n ---> Running in 5904783c6b72\n\n> rap2-delos@2.9.0 build\n> rimraf -rf dist/ && tsc\n\nnode_modules/@types/bluebird/index.d.ts(42,47): error TS1005: '?' expected.\nnode_modules/@types/bluebird/index.d.ts(42,59): error TS1005: ';' expected.\nnode_modules/@types/bluebird/index.d.ts(54,17): error TS1005: ']' expected.\nnode_modules/@types/bluebird/index.d.ts(54,20): error TS1005: ';' expected.\nnode_modules/@types/bluebird/index.d.ts(54,39): error TS1005: '(' expected.\nnode_modules/@types/bluebird/index.d.ts(54,40): error TS1135: Argument expression expected.\nnode_modules/@types/bluebird/index.d.ts(54,66): error TS1005: '(' expected.\nnode_modules/@types/bluebird/index.d.ts(55,1): error TS1128: Declaration or statement expected.\nnode_modules/@types/bluebird/index.d.ts(58,17): error TS1005: ']' expected.\nnode_modules/@types/bluebird/index.d.ts(58,20): error TS1005: ';' expected.\nnode_modules/@types/bluebird/index.d.ts(58,25): error TS1005: ';' expected.\nnode_modules/@types/bluebird/index.d.ts(58,50): error TS1005: ';' expected.\nnode_modules/@types/bluebird/index.d.ts(58,51): error TS1128: Declaration or statement expected.\nnode_modules/@types/bluebird/index.d.ts(59,1): error TS1128: Declaration or statement expected.\nnode_modules/@types/express-serve-static-core/index.d.ts(99,68): error TS1110: Type expected.\nnode_modules/@types/express-serve-static-core/index.d.ts(99,77): error TS1005: '}' expected.\nnode_modules/@types/express-serve-static-core/index.d.ts(99,78): error TS1128: Declaration or statement expected.\nnode_modules/@types/express-serve-static-core/index.d.ts(99,80): error TS1005: ';' expected.\nnode_modules/@types/express-serve-static-core/index.d.ts(101,33): error TS1005: ';' expected.\nnode_modules/@types/express-serve-static-core/index.d.ts(101,48): error TS1005: ';' expected.\nnode_modules/@types/express-serve-static-core/index.d.ts(102,8): error TS1005: ';' expected.\nnode_modules/@types/express-serve-static-core/index.d.ts(108,22): error TS1005: ';' expected.\nnode_modules/@types/express-serve-static-core/index.d.ts(108,23): error TS1005: ';' expected.\nnode_modules/@types/express-serve-static-core/index.d.ts(108,33): error TS1005: ')' expected.\nnode_modules/@types/express-serve-static-core/index.d.ts(110,26): error TS1005: ';' expected.\nnode_modules/@types/express-serve-static-core/index.d.ts(110,27): error TS1005: ';' expected.\nnode_modules/@types/express-serve-static-core/index.d.ts(110,35): error TS1128: Declaration or statement expected.\nnode_modules/@types/express-serve-static-core/index.d.ts(110,37): error TS1005: ';' expected.\nnode_modules/@types/express-serve-static-core/index.d.ts(110,44): error TS1005: ';' expected.\nnode_modules/@types/express-serve-static-core/index.d.ts(114,52): error TS1005: ';' expected.\nnode_modules/@types/express-serve-static-core/index.d.ts(114,53): error TS1005: ';' expected.\nnode_modules/@types/express-serve-static-core/index.d.ts(114,60): error TS1005: ';' expected.\nnode_modules/@types/express-serve-static-core/index.d.ts(114,70): error TS1128: Declaration or statement expected.\nnode_modules/@types/express-serve-static-core/index.d.ts(118,28): error TS1005: ';' expected.\nnode_modules/@types/express-serve-static-core/index.d.ts(118,29): error TS1005: ';' expected.\nnode_modules/@types/express-serve-static-core/index.d.ts(118,53): error TS1005: '(' expected.\nnode_modules/@types/express-serve-static-core/index.d.ts(118,55): error TS1005: ';' expected.\nnode_modules/@types/express-serve-static-core/index.d.ts(118,62): error TS1005: ';' expected.\nnode_modules/@types/express-serve-static-core/index.d.ts(234,41): error TS1005: ';' expected.\nnode_modules/@types/express-serve-static-core/index.d.ts(243,31): error TS1005: ';' expected.\nnode_modules/@types/express-serve-static-core/index.d.ts(269,62): error TS1005: ';' expected.\nnode_modules/@types/express-serve-static-core/index.d.ts(365,49): error TS1005: ';' expected.\nnode_modules/@types/express-serve-static-core/index.d.ts(366,59): error TS1005: ';' expected.\nnode_modules/@types/express-serve-static-core/index.d.ts(367,5): error TS1005: ';' expected.\nnode_modules/@types/express-serve-static-core/index.d.ts(367,25): error TS1005: ';' expected.\nnode_modules/@types/express-serve-static-core/index.d.ts(367,44): error TS1005: ';' expected.\nnode_modules/@types/express-serve-static-core/index.d.ts(368,31): error TS1005: ';' expected.\nnode_modules/@types/express-serve-static-core/index.d.ts(373,84): error TS1005: ';' expected.\nnode_modules/@types/express-serve-static-core/index.d.ts(388,13): error TS1005: ';' expected.\nnode_modules/@types/express-serve-static-core/index.d.ts(389,14): error TS1005: ';' expected.\nnode_modules/@types/express-serve-static-core/index.d.ts(389,29): error TS1005: ';' expected.\nnode_modules/@types/express-serve-static-core/index.d.ts(402,20): error TS1005: ';' expected.\nnode_modules/@types/express-serve-static-core/index.d.ts(411,28): error TS1005: ';' expected.\nnode_modules/@types/express-serve-static-core/index.d.ts(412,45): error TS1005: ';' expected.\nnode_modules/@types/express-serve-static-core/index.d.ts(415,13): error TS1005: ';' expected.\nnode_modules/@types/express-serve-static-core/index.d.ts(489,56): error TS1005: ';' expected.\nnode_modules/@types/express-serve-static-core/index.d.ts(493,48): error TS1005: ';' expected.\nnode_modules/@types/express-serve-static-core/index.d.ts(512,35): error TS1005: ';' expected.\nnode_modules/@types/express-serve-static-core/index.d.ts(512,58): error TS1005: ';' expected.\nnode_modules/@types/express-serve-static-core/index.d.ts(518,36): error TS1005: ';' expected.\nnode_modules/@types/express-serve-static-core/index.d.ts(520,13): error TS1005: ';' expected.\nnode_modules/@types/express-serve-static-core/index.d.ts(526,53): error TS1005: ';' expected.\nnode_modules/@types/express-serve-static-core/index.d.ts(566,26): error TS1005: ';' expected.\nnode_modules/@types/express-serve-static-core/index.d.ts(572,31): error TS1005: ';' expected.\nnode_modules/@types/express-serve-static-core/index.d.ts(595,24): error TS1005: ';' expected.\nnode_modules/@types/express-serve-static-core/index.d.ts(676,20): error TS1005: ';' expected.\nnode_modules/@types/express-serve-static-core/index.d.ts(681,46): error TS1005: ';' expected.\nnode_modules/@types/express-serve-static-core/index.d.ts(694,46): error TS1005: ';' expected.\nnode_modules/@types/express-serve-static-core/index.d.ts(742,40): error TS1005: ';' expected.\nnode_modules/@types/express-serve-static-core/index.d.ts(745,22): error TS1005: ';' expected.\nnode_modules/@types/express-serve-static-core/index.d.ts(746,51): error TS1005: ';' expected.\nnode_modules/@types/express-serve-static-core/index.d.ts(752,13): error TS1005: ';' expected.\nnode_modules/@types/express-serve-static-core/index.d.ts(752,68): error TS1005: ';' expected.\nnode_modules/@types/express-serve-static-core/index.d.ts(753,13): error TS1005: ';' expected.\nnode_modules/@types/express-serve-static-core/index.d.ts(754,13): error TS1005: ';' expected.\nnode_modules/@types/express-serve-static-core/index.d.ts(755,13): error TS1005: ';' expected.\nnode_modules/@types/express-serve-static-core/index.d.ts(755,68): error TS1005: ';' expected.\nnode_modules/@types/express-serve-static-core/index.d.ts(757,43): error TS1005: ';' expected.\nnode_modules/@types/express-serve-static-core/index.d.ts(761,48): error TS1005: ';' expected.\nnode_modules/@types/express-serve-static-core/index.d.ts(762,44): error TS1005: ';' expected.\nnode_modules/@types/express-serve-static-core/index.d.ts(763,47): error TS1005: ';' expected.\nnode_modules/@types/express-serve-static-core/index.d.ts(802,40): error TS1005: ';' expected.\nnode_modules/@types/express-serve-static-core/index.d.ts(804,54): error TS1005: ';' expected.\nnode_modules/@types/express-serve-static-core/index.d.ts(805,31): error TS1005: ';' expected.\nnode_modules/@types/express-serve-static-core/index.d.ts(807,35): error TS1005: ';' expected.\nnode_modules/@types/express-serve-static-core/index.d.ts(812,26): error TS1005: ';' expected.\nnode_modules/@types/express-serve-static-core/index.d.ts(819,49): error TS1005: ';' expected.\nnode_modules/@types/express-serve-static-core/index.d.ts(819,64): error TS1005: ';' expected.\nnode_modules/@types/express-serve-static-core/index.d.ts(820,66): error TS1005: ';' expected.\nnode_modules/@types/express-serve-static-core/index.d.ts(833,49): error TS1005: ';' expected.\nnode_modules/@types/express-serve-static-core/index.d.ts(833,64): error TS1005: ';' expected.\nnode_modules/@types/express-serve-static-core/index.d.ts(834,66): error TS1005: ';' expected.\nnode_modules/@types/express-serve-static-core/index.d.ts(847,52): error TS1005: ';' expected.\nnode_modules/@types/express-serve-static-core/index.d.ts(850,26): error TS1005: ';' expected.\nnode_modules/@types/express-serve-static-core/index.d.ts(858,54): error TS1005: ';' expected.\nnode_modules/@types/express-serve-static-core/index.d.ts(859,12): error TS1005: ';' expected.\nnode_modules/@types/express-serve-static-core/index.d.ts(859,39): error TS1109: Expression expected.\nnode_modules/@types/express-serve-static-core/index.d.ts(892,38): error TS1005: ';' expected.\nnode_modules/@types/express-serve-static-core/index.d.ts(893,36): error TS1005: ';' expected.\nnode_modules/@types/express-serve-static-core/index.d.ts(901,72): error TS1005: ';' expected.\nnode_modules/@types/express-serve-static-core/index.d.ts(906,20): error TS1005: ';' expected.\nnode_modules/@types/express-serve-static-core/index.d.ts(906,31): error TS1005: ';' expected.\nnode_modules/@types/express-serve-static-core/index.d.ts(915,20): error TS1005: ';' expected.\nnode_modules/@types/express-serve-static-core/index.d.ts(926,31): error TS1005: ';' expected.\nnode_modules/@types/express-serve-static-core/index.d.ts(929,23): error TS1005: ';' expected.\nnode_modules/@types/express-serve-static-core/index.d.ts(933,20): error TS1005: ';' expected.\nnode_modules/@types/express-serve-static-core/index.d.ts(933,30): error TS1005: ';' expected.\nnode_modules/@types/express-serve-static-core/index.d.ts(933,52): error TS1005: ';' expected.\nnode_modules/@types/express-serve-static-core/index.d.ts(937,14): error TS1005: ';' expected.\nnode_modules/@types/express-serve-static-core/index.d.ts(937,63): error TS1005: ';' expected.\nnode_modules/@types/express-serve-static-core/index.d.ts(938,14): error TS1005: ';' expected.\nnode_modules/@types/express-serve-static-core/index.d.ts(939,14): error TS1005: ';' expected.\nnode_modules/@types/express-serve-static-core/index.d.ts(954,36): error TS1005: ';' expected.\nnode_modules/@types/express-serve-static-core/index.d.ts(956,19): error TS1005: ';' expected.\nnode_modules/@types/express-serve-static-core/index.d.ts(968,46): error TS1005: ';' expected.\nnode_modules/@types/express-serve-static-core/index.d.ts(982,31): error TS1005: ';' expected.\nnode_modules/@types/express-serve-static-core/index.d.ts(982,60): error TS1005: ';' expected.\nnode_modules/@types/express-serve-static-core/index.d.ts(985,23): error TS1005: ';' expected.\nnode_modules/@types/express-serve-static-core/index.d.ts(985,46): error TS1005: ';' expected.\nnode_modules/@types/express-serve-static-core/index.d.ts(987,9): error TS1005: ';' expected.\nnode_modules/@types/express-serve-static-core/index.d.ts(1004,16): error TS1005: ';' expected.\nnode_modules/@types/express-serve-static-core/index.d.ts(1004,38): error TS1005: ';' expected.\nnode_modules/@types/express-serve-static-core/index.d.ts(1004,70): error TS1005: ';' expected.\nnode_modules/@types/express-serve-static-core/index.d.ts(1010,12): error TS1005: ';' expected.\nnode_modules/@types/express-serve-static-core/index.d.ts(1011,12): error TS1005: ';' expected.\nnode_modules/@types/express-serve-static-core/index.d.ts(1081,53): error TS1005: ';' expected.\nnode_modules/@types/express-serve-static-core/index.d.ts(1082,12): error TS1005: ';' expected.\nnode_modules/@types/express-serve-static-core/index.d.ts(1084,25): error TS1005: ';' expected.\nnode_modules/@types/express-serve-static-core/index.d.ts(1099,52): error TS1005: ';' expected.\nnode_modules/@types/express-serve-static-core/index.d.ts(1114,16): error TS1005: ';' expected.\nnode_modules/@types/express-serve-static-core/index.d.ts(1114,29): error TS1005: ';' expected.\nnode_modules/@types/express-serve-static-core/index.d.ts(1114,46): error TS1005: ';' expected.\nnode_modules/@types/express-serve-static-core/index.d.ts(1150,18): error TS1005: ';' expected.\nnode_modules/@types/express-serve-static-core/index.d.ts(1162,18): error TS1005: ';' expected.\nnode_modules/@types/express-serve-static-core/index.d.ts(1173,17): error TS1005: ';' expected.\nnode_modules/@types/express-serve-static-core/index.d.ts(1176,18): error TS1005: ';' expected.\nnode_modules/@types/express-serve-static-core/index.d.ts(1180,31): error TS1005: ';' expected.\nnode_modules/@types/express-serve-static-core/index.d.ts(1180,48): error TS1005: ';' expected.\nnode_modules/@types/express-serve-static-core/index.d.ts(1196,16): error TS1005: ';' expected.\nnode_modules/@types/express-serve-static-core/index.d.ts(1197,33): error TS1005: ';' expected.\nnode_modules/@types/express-serve-static-core/index.d.ts(1265,1): error TS1160: Unterminated template literal.\nRemoving intermediate container 5904783c6b72\n","stderr":"The command '/bin/sh -c npm run build' returned a non-zero code: 2\n"}}