{"repository":"https://github.com/anyaudio/anyaudio-server","dockerfilePath":"Dockerfile","startTime":1672101312341,"clone":{"stdout":"","stderr":"Cloning into '/tmp/dinghy-analysis/anyaudio/anyaudio-server'...\n","error":null,"commit":"64cc3df2b7f58ac3f02db08289a32d9589dd2cce"},"originalBuild":{"startTimestamp":1672101313208,"endTimestamp":1672101380576,"error":{"code":1,"killed":false,"signal":null,"cmd":"docker build --no-cache --force-rm -t anyaudio-server:latest -f /tmp/dinghy-analysis/anyaudio/anyaudio-server/Dockerfile ."},"stdout":"Sending build context to Docker daemon  254.5kB\r\r\nStep 1/14 : FROM python:2-alpine\n2-alpine: Pulling from library/python\naad63a933944: Pulling fs layer\n259d822268fb: Pulling fs layer\n10ba96d218d3: Pulling fs layer\n44ba9f6a4209: Pulling fs layer\n44ba9f6a4209: Waiting\n259d822268fb: Download complete\naad63a933944: Verifying Checksum\naad63a933944: Download complete\n10ba96d218d3: Verifying Checksum\n10ba96d218d3: Download complete\naad63a933944: Pull complete\n44ba9f6a4209: Download complete\n259d822268fb: Pull complete\n10ba96d218d3: Pull complete\n44ba9f6a4209: Pull complete\nDigest: sha256:724d0540eb56ffaa6dd770aa13c3bc7dfc829dec561d87cb36b2f5b9ff8a760a\nStatus: Downloaded newer image for python:2-alpine\n ---> 8579e446340f\nStep 2/14 : MAINTAINER Avi Aryan <avi.aryan123@gmail.com>\n ---> Running in 08e50ce3eb6e\nRemoving intermediate container 08e50ce3eb6e\n ---> e9e10c8c169f\nStep 3/14 : ENV INSTALL_PATH /anyaudio\n ---> Running in 23e4173b7a5a\nRemoving intermediate container 23e4173b7a5a\n ---> e04cfbf378d3\nStep 4/14 : RUN mkdir -p $INSTALL_PATH\n ---> Running in 4cf600a226ab\nRemoving intermediate container 4cf600a226ab\n ---> 6f2daba08ce7\nStep 5/14 : WORKDIR $INSTALL_PATH\n ---> Running in c044942b6ead\nRemoving intermediate container c044942b6ead\n ---> 5979b8e74afd\nStep 6/14 : RUN apk --update add --no-cache ca-certificates wget tar xz postgresql-dev\n ---> Running in 7cf8ad110bdb\nfetch http://dl-cdn.alpinelinux.org/alpine/v3.11/main/x86_64/APKINDEX.tar.gz\nfetch http://dl-cdn.alpinelinux.org/alpine/v3.11/community/x86_64/APKINDEX.tar.gz\n(1/15) Upgrading libcrypto1.1 (1.1.1d-r3 -> 1.1.1l-r0)\n(2/15) Upgrading libssl1.1 (1.1.1d-r3 -> 1.1.1l-r0)\n(3/15) Installing pkgconf (1.6.3-r0)\n(4/15) Installing openssl-dev (1.1.1l-r0)\n(5/15) Installing db (5.3.28-r1)\n(6/15) Installing libsasl (2.1.27-r5)\n(7/15) Installing libldap (2.4.48-r3)\n(8/15) Installing libpq (12.9-r0)\n(9/15) Installing postgresql-libs (12.9-r0)\n(10/15) Installing postgresql-dev (12.9-r0)\n(11/15) Installing libacl (2.2.53-r0)\n(12/15) Installing tar (1.32-r2)\n(13/15) Installing wget (1.20.3-r0)\n(14/15) Installing xz-libs (5.2.4-r0)\n(15/15) Installing xz (5.2.4-r0)\nExecuting busybox-1.31.1-r9.trigger\nExecuting ca-certificates-20191127-r1.trigger\nOK: 26 MiB in 45 packages\nRemoving intermediate container 7cf8ad110bdb\n ---> 72013ffc605b\nStep 7/14 : RUN update-ca-certificates\n ---> Running in 94541edb4124\n\u001b[91mWARNING: ca-certificates.crt does not contain exactly one certificate or CRL: skipping\n\u001b[0mRemoving intermediate container 94541edb4124\n ---> adb8778bdaa7\nStep 8/14 : COPY requirements.txt requirements.txt\n ---> 6729c3e958e0\nStep 9/14 : RUN apk update\n ---> Running in c3c637f66682\nfetch http://dl-cdn.alpinelinux.org/alpine/v3.11/main/x86_64/APKINDEX.tar.gz\nfetch http://dl-cdn.alpinelinux.org/alpine/v3.11/community/x86_64/APKINDEX.tar.gz\nv3.11.13-12-g2cfa91a2b4 [http://dl-cdn.alpinelinux.org/alpine/v3.11/main]\nv3.11.11-124-gf2729ece5a [http://dl-cdn.alpinelinux.org/alpine/v3.11/community]\nOK: 11288 distinct packages available\nRemoving intermediate container c3c637f66682\n ---> fee1a8caf8a6\nStep 10/14 : RUN apk add --no-cache --virtual build-dependencies gcc python-dev libevent-dev linux-headers musl-dev \t&& pip install -r requirements.txt \t&& apk del build-dependencies\n ---> Running in 91bf8baf682d\nfetch http://dl-cdn.alpinelinux.org/alpine/v3.11/main/x86_64/APKINDEX.tar.gz\nfetch http://dl-cdn.alpinelinux.org/alpine/v3.11/community/x86_64/APKINDEX.tar.gz\n(1/19) Upgrading musl (1.1.24-r2 -> 1.1.24-r3)\n(2/19) Installing libgcc (9.3.0-r0)\n(3/19) Installing libstdc++ (9.3.0-r0)\n(4/19) Installing binutils (2.33.1-r1)\n(5/19) Installing gmp (6.1.2-r1)\n(6/19) Installing isl (0.18-r0)\n(7/19) Installing libgomp (9.3.0-r0)\n(8/19) Installing libatomic (9.3.0-r0)\n(9/19) Installing mpfr4 (4.0.2-r1)\n(10/19) Installing mpc1 (1.1.0-r1)\n(11/19) Installing gcc (9.3.0-r0)\n(12/19) Installing python2 (2.7.18-r0)\n(13/19) Installing python2-dev (2.7.18-r0)\n(14/19) Installing python3 (3.8.10-r0)\n(15/19) Installing libevent (2.1.11-r0)\n(16/19) Installing libevent-dev (2.1.11-r0)\n(17/19) Installing linux-headers (4.19.36-r0)\n(18/19) Installing musl-dev (1.1.24-r3)\n(19/19) Installing build-dependencies (20221227.003557)\nExecuting busybox-1.31.1-r9.trigger\nOK: 249 MiB in 63 packages\n\u001b[91mDEPRECATION: Python 2.7 reached the end of its life on January 1st, 2020. Please upgrade your Python as Python 2.7 is no longer maintained. A future version of pip will drop support for Python 2.7. More details about Python 2 support in pip, can be found at https://pip.pypa.io/en/latest/development/release-process/#python-2-support\n\u001b[0mCollecting flask\n  Downloading Flask-1.1.4-py2.py3-none-any.whl (94 kB)\nCollecting youtube-dl\n  Downloading youtube_dl-2021.12.17-py2.py3-none-any.whl (1.9 MB)\nCollecting requests\n  Downloading requests-2.27.1-py2.py3-none-any.whl (63 kB)\nCollecting gunicorn\n  Downloading gunicorn-19.10.0-py2.py3-none-any.whl (113 kB)\nCollecting eventlet\n  Downloading eventlet-0.33.2-py2.py3-none-any.whl (226 kB)\nCollecting greenlet\n  Downloading greenlet-2.0.1.tar.gz (163 kB)\nCollecting psycopg2\n  Downloading psycopg2-2.8.6.tar.gz (383 kB)\nCollecting mutagen\n  Downloading mutagen-1.43.1-py2.py3-none-any.whl (212 kB)\nCollecting pafy\n  Downloading pafy-0.5.5-py2.py3-none-any.whl (35 kB)\nCollecting flask-cors\n  Downloading Flask_Cors-3.0.10-py2.py3-none-any.whl (14 kB)\nCollecting click<8.0,>=5.1\n  Downloading click-7.1.2-py2.py3-none-any.whl (82 kB)\nCollecting Jinja2<3.0,>=2.10.1\n  Downloading Jinja2-2.11.3-py2.py3-none-any.whl (125 kB)\nCollecting itsdangerous<2.0,>=0.24\n  Downloading itsdangerous-1.1.0-py2.py3-none-any.whl (16 kB)\nCollecting Werkzeug<2.0,>=0.15\n  Downloading Werkzeug-1.0.1-py2.py3-none-any.whl (298 kB)\nCollecting urllib3<1.27,>=1.21.1\n  Downloading urllib3-1.26.13-py2.py3-none-any.whl (140 kB)\nCollecting certifi>=2017.4.17\n  Downloading certifi-2021.10.8-py2.py3-none-any.whl (149 kB)\nCollecting chardet<5,>=3.0.2; python_version < \"3\"\n  Downloading chardet-4.0.0-py2.py3-none-any.whl (178 kB)\nCollecting idna<3,>=2.5; python_version < \"3\"\n  Downloading idna-2.10-py2.py3-none-any.whl (58 kB)\nCollecting dnspython>=1.15.0\n  Downloading dnspython-1.16.0-py2.py3-none-any.whl (188 kB)\nCollecting six>=1.10.0\n  Downloading six-1.16.0-py2.py3-none-any.whl (11 kB)\nCollecting monotonic>=1.4; python_version < \"3.5\"\n  Downloading monotonic-1.6-py2.py3-none-any.whl (8.2 kB)\nCollecting MarkupSafe>=0.23\n  Downloading MarkupSafe-1.1.1.tar.gz (19 kB)\nBuilding wheels for collected packages: greenlet, psycopg2, MarkupSafe\n  Building wheel for greenlet (setup.py): started\n  Building wheel for greenlet (setup.py): finished with status 'error'\n\u001b[91m  ERROR: Command errored out with exit status 1:\n   command: /usr/local/bin/python -u -c 'import sys, setuptools, tokenize; sys.argv[0] = '\"'\"'/tmp/pip-install-k7UeCS/greenlet/setup.py'\"'\"'; __file__='\"'\"'/tmp/pip-install-k7UeCS/greenlet/setup.py'\"'\"';f=getattr(tokenize, '\"'\"'open'\"'\"', open)(__file__);code=f.read().replace('\"'\"'\\r\\n'\"'\"', '\"'\"'\\n'\"'\"');f.close();exec(compile(code, __file__, '\"'\"'exec'\"'\"'))' bdist_wheel -d /tmp/pip-wheel-jybW84\n       cwd: /tmp/pip-install-k7UeCS/greenlet/\n  Complete output (93 lines):\n  running bdist_wheel\n  running build\n  running build_py\n  creating build\n  creating build/lib.linux-x86_64-2.7\n  creating build/lib.linux-x86_64-2.7/greenlet\n  copying src/greenlet/__init__.py -> build/lib.linux-x86_64-2.7/greenlet\n  creating build/lib.linux-x86_64-2.7/greenlet/tests\n  copying src/greenlet/tests/__init__.py -> build/lib.linux-x86_64-2.7/greenlet/tests\n  copying src/greenlet/tests/test_gc.py -> build/lib.linux-x86_64-2.7/greenlet/tests\n  copying src/greenlet/tests/test_weakref.py -> build/lib.linux-x86_64-2.7/greenlet/tests\n  copying src/greenlet/tests/leakcheck.py -> build/lib.linux-x86_64-2.7/greenlet/tests\n  copying src/greenlet/tests/test_version.py -> build/lib.linux-x86_64-2.7/greenlet/tests\n  copying src/greenlet/tests/test_cpp.py -> build/lib.linux-x86_64-2.7/greenlet/tests\n  copying src/greenlet/tests/test_generator_nested.py -> build/lib.linux-x86_64-2.7/greenlet/tests\n  copying src/greenlet/tests/test_generator.py -> build/lib.linux-x86_64-2.7/greenlet/tests\n  copying src/greenlet/tests/test_greenlet.py -> build/lib.linux-x86_64-2.7/greenlet/tests\n  copying src/greenlet/tests/test_throw.py -> build/lib.linux-x86_64-2.7/greenlet/tests\n  copying src/greenlet/tests/test_extension_interface.py -> build/lib.linux-x86_64-2.7/greenlet/tests\n  copying src/greenlet/tests/test_contextvars.py -> build/lib.linux-x86_64-2.7/greenlet/tests\n  copying src/greenlet/tests/test_tracing.py -> build/lib.linux-x86_64-2.7/greenlet/tests\n  copying src/greenlet/tests/test_stack_saved.py -> build/lib.linux-x86_64-2.7/greenlet/tests\n  copying src/greenlet/tests/test_greenlet_trash.py -> build/lib.linux-x86_64-2.7/greenlet/tests\n  copying src/greenlet/tests/test_leaks.py -> build/lib.linux-x86_64-2.7/greenlet/tests\n  creating build/lib.linux-x86_64-2.7/greenlet/platform\n  copying src/greenlet/platform/__init__.py -> build/lib.linux-x86_64-2.7/greenlet/platform\n  running egg_info\n  writing requirements to src/greenlet.egg-info/requires.txt\n  writing src/greenlet.egg-info/PKG-INFO\n  writing top-level names to src/greenlet.egg-info/top_level.txt\n  writing dependency_links to src/greenlet.egg-info/dependency_links.txt\n  reading manifest file 'src/greenlet.egg-info/SOURCES.txt'\n  reading manifest template 'MANIFEST.in'\n  warning: no previously-included files found matching 'benchmarks/*.json'\n  no previously-included directories found matching 'docs/_build'\n  warning: no files found matching '*.py' under directory 'appveyor'\n  warning: no previously-included files matching '*.pyc' found anywhere in distribution\n  warning: no previously-included files matching '*.pyd' found anywhere in distribution\n  warning: no previously-included files matching '*.so' found anywhere in distribution\n  warning: no previously-included files matching '.coverage' found anywhere in distribution\n  writing manifest file 'src/greenlet.egg-info/SOURCES.txt'\n  copying src/greenlet/greenlet.cpp -> build/lib.linux-x86_64-2.7/greenlet\n  copying src/greenlet/greenlet.h -> build/lib.linux-x86_64-2.7/greenlet\n  copying src/greenlet/greenlet_allocator.hpp -> build/lib.linux-x86_64-2.7/greenlet\n  copying src/greenlet/greenlet_compiler_compat.hpp -> build/lib.linux-x86_64-2.7/greenlet\n  copying src/greenlet/greenlet_cpython_compat.hpp -> build/lib.linux-x86_64-2.7/greenlet\n  copying src/greenlet/greenlet_exceptions.hpp -> build/lib.linux-x86_64-2.7/greenlet\n  copying src/greenlet/greenlet_greenlet.hpp -> build/lib.linux-x86_64-2.7/greenlet\n  copying src/greenlet/greenlet_internal.hpp -> build/lib.linux-x86_64-2.7/greenlet\n  copying src/greenlet/greenlet_refs.hpp -> build/lib.linux-x86_64-2.7/greenlet\n  copying src/greenlet/greenlet_slp_switch.hpp -> build/lib.linux-x86_64-2.7/greenlet\n  copying src/greenlet/greenlet_thread_state.hpp -> build/lib.linux-x86_64-2.7/greenlet\n  copying src/greenlet/greenlet_thread_state_dict_cleanup.hpp -> build/lib.linux-x86_64-2.7/greenlet\n  copying src/greenlet/greenlet_thread_support.hpp -> build/lib.linux-x86_64-2.7/greenlet\n  copying src/greenlet/slp_platformselect.h -> build/lib.linux-x86_64-2.7/greenlet\n  copying src/greenlet/tests/_test_extension.c -> build/lib.linux-x86_64-2.7/greenlet/tests\n  copying src/greenlet/tests/_test_extension_cpp.cpp -> build/lib.linux-x86_64-2.7/greenlet/tests\n  copying src/greenlet/platform/setup_switch_x64_masm.cmd -> build/lib.linux-x86_64-2.7/greenlet/platform\n  copying src/greenlet/platform/switch_aarch64_gcc.h -> build/lib.linux-x86_64-2.7/greenlet/platform\n  copying src/greenlet/platform/switch_alpha_unix.h -> build/lib.linux-x86_64-2.7/greenlet/platform\n  copying src/greenlet/platform/switch_amd64_unix.h -> build/lib.linux-x86_64-2.7/greenlet/platform\n  copying src/greenlet/platform/switch_arm32_gcc.h -> build/lib.linux-x86_64-2.7/greenlet/platform\n  copying src/greenlet/platform/switch_arm32_ios.h -> build/lib.linux-x86_64-2.7/greenlet/platform\n  copying src/greenlet/platform/switch_arm64_masm.asm -> build/lib.linux-x86_64-2.7/greenlet/platform\n  copying src/greenlet/platform/switch_arm64_masm.obj -> build/lib.linux-x86_64-2.7/greenlet/platform\n  copying src/greenlet/platform/switch_arm64_msvc.h -> build/lib.linux-x86_64-2.7/greenlet/platform\n  copying src/greenlet/platform/switch_csky_gcc.h -> build/lib.linux-x86_64-2.7/greenlet/platform\n  copying src/greenlet/platform/switch_m68k_gcc.h -> build/lib.linux-x86_64-2.7/greenlet/platform\n  copying src/greenlet/platform/switch_mips_unix.h -> build/lib.linux-x86_64-2.7/greenlet/platform\n  copying src/greenlet/platform/switch_ppc64_aix.h -> build/lib.linux-x86_64-2.7/greenlet/platform\n  copying src/greenlet/platform/switch_ppc64_linux.h -> build/lib.linux-x86_64-2.7/greenlet/platform\n  copying src/greenlet/platform/switch_ppc_aix.h -> build/lib.linux-x86_64-2.7/greenlet/platform\n  copying src/greenlet/platform/switch_ppc_linux.h -> build/lib.linux-x86_64-2.7/greenlet/platform\n  copying src/greenlet/platform/switch_ppc_macosx.h -> build/lib.linux-x86_64-2.7/greenlet/platform\n  copying src/greenlet/platform/switch_ppc_unix.h -> build/lib.linux-x86_64-2.7/greenlet/platform\n  copying src/greenlet/platform/switch_riscv_unix.h -> build/lib.linux-x86_64-2.7/greenlet/platform\n  copying src/greenlet/platform/switch_s390_unix.h -> build/lib.linux-x86_64-2.7/greenlet/platform\n  copying src/greenlet/platform/switch_sparc_sun_gcc.h -> build/lib.linux-x86_64-2.7/greenlet/platform\n  copying src/greenlet/platform/switch_x32_unix.h -> build/lib.linux-x86_64-2.7/greenlet/platform\n  copying src/greenlet/platform/switch_x64_masm.asm -> build/lib.linux-x86_64-2.7/greenlet/platform\n  copying src/greenlet/platform/switch_x64_masm.obj -> build/lib.linux-x86_64-2.7/greenlet/platform\n  copying src/greenlet/platform/switch_x64_msvc.h -> build/lib.linux-x86_64-2.7/greenlet/platform\n  copying src/greenlet/platform/switch_x86_msvc.h -> build/lib.linux-x86_64-2.7/greenlet/platform\n  copying src/greenlet/platform/switch_x86_unix.h -> build/lib.linux-x86_64-2.7/greenlet/platform\n  running build_ext\n  building 'greenlet._greenlet' extension\n  creating build/temp.linux-x86_64-2.7\n  creating build/temp.linux-x86_64-2.7/src\n  creating build/temp.linux-x86_64-2.7/src/greenlet\n  gcc -fno-strict-aliasing -g -O2 -DNDEBUG -g -fwrapv -O3 -Wall -Wstrict-prototypes -DTHREAD_STACK_SIZE=0x100000 -fPIC -I/usr/local/include/python2.7 -c src/greenlet/greenlet.cpp -o build/temp.linux-x86_64-2.7/src/greenlet/greenlet.o\n  gcc: fatal error: cannot execute 'cc1plus': execvp: No such file or directory\n  compilation terminated.\n  error: command 'gcc' failed with exit status 1\n  ----------------------------------------\n\u001b[0m\u001b[91m  ERROR: Failed building wheel for greenlet\n\u001b[0m  Running setup.py clean for greenlet\n  Building wheel for psycopg2 (setup.py): started\n  Building wheel for psycopg2 (setup.py): finished with status 'done'\n  Created wheel for psycopg2: filename=psycopg2-2.8.6-cp27-cp27mu-linux_x86_64.whl size=428004 sha256=6d0b0161d301a59e523d1e1b985ca0b447cd80937da382582afa7861675e862d\n  Stored in directory: /root/.cache/pip/wheels/85/34/73/e3871d18b1d4f076b12aa8bb57dec5d2fd472a7e44a3aa22d6\n  Building wheel for MarkupSafe (setup.py): started\n  Building wheel for MarkupSafe (setup.py): finished with status 'done'\n  Created wheel for MarkupSafe: filename=MarkupSafe-1.1.1-cp27-cp27mu-linux_x86_64.whl size=27791 sha256=8e0299b518e7670816ade54450156bf6098d60354dce3c4c712a6d09d3e622d9\n  Stored in directory: /root/.cache/pip/wheels/4d/4b/bf/cce593b6a13cd17b3bf2452827317fc68dfa4c61655596028c\nSuccessfully built psycopg2 MarkupSafe\nFailed to build greenlet\nInstalling collected packages: click, MarkupSafe, Jinja2, itsdangerous, Werkzeug, flask, youtube-dl, urllib3, certifi, chardet, idna, requests, gunicorn, greenlet, dnspython, six, monotonic, eventlet, psycopg2, mutagen, pafy, flask-cors\n    Running setup.py install for greenlet: started\n    Running setup.py install for greenlet: finished with status 'error'\n\u001b[91m    ERROR: Command errored out with exit status 1:\n     command: /usr/local/bin/python -u -c 'import sys, setuptools, tokenize; sys.argv[0] = '\"'\"'/tmp/pip-install-k7UeCS/greenlet/setup.py'\"'\"'; __file__='\"'\"'/tmp/pip-install-k7UeCS/greenlet/setup.py'\"'\"';f=getattr(tokenize, '\"'\"'open'\"'\"', open)(__file__);code=f.read().replace('\"'\"'\\r\\n'\"'\"', '\"'\"'\\n'\"'\"');f.close();exec(compile(code, __file__, '\"'\"'exec'\"'\"'))' install --record /tmp/pip-record-NOrxxF/install-record.txt --single-version-externally-managed --compile --install-headers /usr/local/include/python2.7/greenlet\n         cwd: /tmp/pip-install-k7UeCS/greenlet/\n    Complete output (93 lines):\n    running install\n    running build\n    running build_py\n    creating build\n    creating build/lib.linux-x86_64-2.7\n    creating build/lib.linux-x86_64-2.7/greenlet\n    copying src/greenlet/__init__.py -> build/lib.linux-x86_64-2.7/greenlet\n    creating build/lib.linux-x86_64-2.7/greenlet/tests\n    copying src/greenlet/tests/__init__.py -> build/lib.linux-x86_64-2.7/greenlet/tests\n    copying src/greenlet/tests/test_gc.py -> build/lib.linux-x86_64-2.7/greenlet/tests\n    copying src/greenlet/tests/test_weakref.py -> build/lib.linux-x86_64-2.7/greenlet/tests\n    copying src/greenlet/tests/leakcheck.py -> build/lib.linux-x86_64-2.7/greenlet/tests\n    copying src/greenlet/tests/test_version.py -> build/lib.linux-x86_64-2.7/greenlet/tests\n    copying src/greenlet/tests/test_cpp.py -> build/lib.linux-x86_64-2.7/greenlet/tests\n    copying src/greenlet/tests/test_generator_nested.py -> build/lib.linux-x86_64-2.7/greenlet/tests\n    copying src/greenlet/tests/test_generator.py -> build/lib.linux-x86_64-2.7/greenlet/tests\n    copying src/greenlet/tests/test_greenlet.py -> build/lib.linux-x86_64-2.7/greenlet/tests\n    copying src/greenlet/tests/test_throw.py -> build/lib.linux-x86_64-2.7/greenlet/tests\n    copying src/greenlet/tests/test_extension_interface.py -> build/lib.linux-x86_64-2.7/greenlet/tests\n    copying src/greenlet/tests/test_contextvars.py -> build/lib.linux-x86_64-2.7/greenlet/tests\n    copying src/greenlet/tests/test_tracing.py -> build/lib.linux-x86_64-2.7/greenlet/tests\n    copying src/greenlet/tests/test_stack_saved.py -> build/lib.linux-x86_64-2.7/greenlet/tests\n    copying src/greenlet/tests/test_greenlet_trash.py -> build/lib.linux-x86_64-2.7/greenlet/tests\n    copying src/greenlet/tests/test_leaks.py -> build/lib.linux-x86_64-2.7/greenlet/tests\n    creating build/lib.linux-x86_64-2.7/greenlet/platform\n    copying src/greenlet/platform/__init__.py -> build/lib.linux-x86_64-2.7/greenlet/platform\n    running egg_info\n    writing requirements to src/greenlet.egg-info/requires.txt\n    writing src/greenlet.egg-info/PKG-INFO\n    writing top-level names to src/greenlet.egg-info/top_level.txt\n    writing dependency_links to src/greenlet.egg-info/dependency_links.txt\n    reading manifest file 'src/greenlet.egg-info/SOURCES.txt'\n    reading manifest template 'MANIFEST.in'\n    warning: no previously-included files found matching 'benchmarks/*.json'\n    no previously-included directories found matching 'docs/_build'\n    warning: no files found matching '*.py' under directory 'appveyor'\n    warning: no previously-included files matching '*.pyc' found anywhere in distribution\n    warning: no previously-included files matching '*.pyd' found anywhere in distribution\n    warning: no previously-included files matching '*.so' found anywhere in distribution\n    warning: no previously-included files matching '.coverage' found anywhere in distribution\n    writing manifest file 'src/greenlet.egg-info/SOURCES.txt'\n    copying src/greenlet/greenlet.cpp -> build/lib.linux-x86_64-2.7/greenlet\n    copying src/greenlet/greenlet.h -> build/lib.linux-x86_64-2.7/greenlet\n    copying src/greenlet/greenlet_allocator.hpp -> build/lib.linux-x86_64-2.7/greenlet\n    copying src/greenlet/greenlet_compiler_compat.hpp -> build/lib.linux-x86_64-2.7/greenlet\n    copying src/greenlet/greenlet_cpython_compat.hpp -> build/lib.linux-x86_64-2.7/greenlet\n    copying src/greenlet/greenlet_exceptions.hpp -> build/lib.linux-x86_64-2.7/greenlet\n    copying src/greenlet/greenlet_greenlet.hpp -> build/lib.linux-x86_64-2.7/greenlet\n    copying src/greenlet/greenlet_internal.hpp -> build/lib.linux-x86_64-2.7/greenlet\n    copying src/greenlet/greenlet_refs.hpp -> build/lib.linux-x86_64-2.7/greenlet\n    copying src/greenlet/greenlet_slp_switch.hpp -> build/lib.linux-x86_64-2.7/greenlet\n    copying src/greenlet/greenlet_thread_state.hpp -> build/lib.linux-x86_64-2.7/greenlet\n    copying src/greenlet/greenlet_thread_state_dict_cleanup.hpp -> build/lib.linux-x86_64-2.7/greenlet\n    copying src/greenlet/greenlet_thread_support.hpp -> build/lib.linux-x86_64-2.7/greenlet\n    copying src/greenlet/slp_platformselect.h -> build/lib.linux-x86_64-2.7/greenlet\n    copying src/greenlet/tests/_test_extension.c -> build/lib.linux-x86_64-2.7/greenlet/tests\n    copying src/greenlet/tests/_test_extension_cpp.cpp -> build/lib.linux-x86_64-2.7/greenlet/tests\n    copying src/greenlet/platform/setup_switch_x64_masm.cmd -> build/lib.linux-x86_64-2.7/greenlet/platform\n    copying src/greenlet/platform/switch_aarch64_gcc.h -> build/lib.linux-x86_64-2.7/greenlet/platform\n    copying src/greenlet/platform/switch_alpha_unix.h -> build/lib.linux-x86_64-2.7/greenlet/platform\n    copying src/greenlet/platform/switch_amd64_unix.h -> build/lib.linux-x86_64-2.7/greenlet/platform\n    copying src/greenlet/platform/switch_arm32_gcc.h -> build/lib.linux-x86_64-2.7/greenlet/platform\n    copying src/greenlet/platform/switch_arm32_ios.h -> build/lib.linux-x86_64-2.7/greenlet/platform\n    copying src/greenlet/platform/switch_arm64_masm.asm -> build/lib.linux-x86_64-2.7/greenlet/platform\n    copying src/greenlet/platform/switch_arm64_masm.obj -> build/lib.linux-x86_64-2.7/greenlet/platform\n    copying src/greenlet/platform/switch_arm64_msvc.h -> build/lib.linux-x86_64-2.7/greenlet/platform\n    copying src/greenlet/platform/switch_csky_gcc.h -> build/lib.linux-x86_64-2.7/greenlet/platform\n    copying src/greenlet/platform/switch_m68k_gcc.h -> build/lib.linux-x86_64-2.7/greenlet/platform\n    copying src/greenlet/platform/switch_mips_unix.h -> build/lib.linux-x86_64-2.7/greenlet/platform\n    copying src/greenlet/platform/switch_ppc64_aix.h -> build/lib.linux-x86_64-2.7/greenlet/platform\n    copying src/greenlet/platform/switch_ppc64_linux.h -> build/lib.linux-x86_64-2.7/greenlet/platform\n    copying src/greenlet/platform/switch_ppc_aix.h -> build/lib.linux-x86_64-2.7/greenlet/platform\n    copying src/greenlet/platform/switch_ppc_linux.h -> build/lib.linux-x86_64-2.7/greenlet/platform\n    copying src/greenlet/platform/switch_ppc_macosx.h -> build/lib.linux-x86_64-2.7/greenlet/platform\n    copying src/greenlet/platform/switch_ppc_unix.h -> build/lib.linux-x86_64-2.7/greenlet/platform\n    copying src/greenlet/platform/switch_riscv_unix.h -> build/lib.linux-x86_64-2.7/greenlet/platform\n    copying src/greenlet/platform/switch_s390_unix.h -> build/lib.linux-x86_64-2.7/greenlet/platform\n    copying src/greenlet/platform/switch_sparc_sun_gcc.h -> build/lib.linux-x86_64-2.7/greenlet/platform\n    copying src/greenlet/platform/switch_x32_unix.h -> build/lib.linux-x86_64-2.7/greenlet/platform\n    copying src/greenlet/platform/switch_x64_masm.asm -> build/lib.linux-x86_64-2.7/greenlet/platform\n    copying src/greenlet/platform/switch_x64_masm.obj -> build/lib.linux-x86_64-2.7/greenlet/platform\n    copying src/greenlet/platform/switch_x64_msvc.h -> build/lib.linux-x86_64-2.7/greenlet/platform\n    copying src/greenlet/platform/switch_x86_msvc.h -> build/lib.linux-x86_64-2.7/greenlet/platform\n    copying src/greenlet/platform/switch_x86_unix.h -> build/lib.linux-x86_64-2.7/greenlet/platform\n    running build_ext\n    building 'greenlet._greenlet' extension\n    creating build/temp.linux-x86_64-2.7\n    creating build/temp.linux-x86_64-2.7/src\n    creating build/temp.linux-x86_64-2.7/src/greenlet\n    gcc -fno-strict-aliasing -g -O2 -DNDEBUG -g -fwrapv -O3 -Wall -Wstrict-prototypes -DTHREAD_STACK_SIZE=0x100000 -fPIC -I/usr/local/include/python2.7 -c src/greenlet/greenlet.cpp -o build/temp.linux-x86_64-2.7/src/greenlet/greenlet.o\n    gcc: fatal error: cannot execute 'cc1plus': execvp: No such file or directory\n    compilation terminated.\n    error: command 'gcc' failed with exit status 1\n    ----------------------------------------\n\u001b[0m\u001b[91mERROR: Command errored out with exit status 1: /usr/local/bin/python -u -c 'import sys, setuptools, tokenize; sys.argv[0] = '\"'\"'/tmp/pip-install-k7UeCS/greenlet/setup.py'\"'\"'; __file__='\"'\"'/tmp/pip-install-k7UeCS/greenlet/setup.py'\"'\"';f=getattr(tokenize, '\"'\"'open'\"'\"', open)(__file__);code=f.read().replace('\"'\"'\\r\\n'\"'\"', '\"'\"'\\n'\"'\"');f.close();exec(compile(code, __file__, '\"'\"'exec'\"'\"'))' install --record /tmp/pip-record-NOrxxF/install-record.txt --single-version-externally-managed --compile --install-headers /usr/local/include/python2.7/greenlet Check the logs for full command output.\n\u001b[0m\u001b[91mWARNING: You are using pip version 20.0.2; however, version 20.3.4 is available.\nYou should consider upgrading via the '/usr/local/bin/python -m pip install --upgrade pip' command.\n\u001b[0mRemoving intermediate container 91bf8baf682d\n","stderr":"The command '/bin/sh -c apk add --no-cache --virtual build-dependencies gcc python-dev libevent-dev linux-headers musl-dev \t&& pip install -r requirements.txt \t&& apk del build-dependencies' returned a non-zero code: 1\n"},"endTime":1672101380651}