{"repository":"https://github.com/opendatacube/eo-datasets","dockerfilePath":"Dockerfile","startTime":1672094567480,"clone":{"stdout":"","stderr":"Cloning into '/tmp/dinghy-analysis/opendatacube/eo-datasets'...\n","error":null,"commit":"6bb934782afde63f1f2edc81a4592735efc3b755"},"originalBuild":{"startTimestamp":1672094570615,"endTimestamp":1672095074061,"error":null,"stdout":"Sending build context to Docker daemon  96.35MB\r\r\nStep 1/21 : FROM osgeo/gdal:ubuntu-small-3.3.2\nubuntu-small-3.3.2: Pulling from osgeo/gdal\n35807b77a593: Pulling fs layer\n1815b2b71486: Pulling fs layer\neb5a2f863d40: Pulling fs layer\n5526b064589f: Pulling fs layer\n46d0784d1249: Pulling fs layer\n07b556a03370: Pulling fs layer\nccf9ced9cec2: Pulling fs layer\n32495d8d2fc0: Pulling fs layer\n16d6fd99d611: Pulling fs layer\n764dfa5638d2: Pulling fs layer\n46d0784d1249: Waiting\n9b87c76f9162: Pulling fs layer\nfb82761462eb: Pulling fs layer\n1d5539feb099: Pulling fs layer\ndf1df70b636c: Pulling fs layer\n32495d8d2fc0: Waiting\n5526b064589f: Waiting\n07b556a03370: Waiting\n16d6fd99d611: Waiting\n764dfa5638d2: Waiting\nfb82761462eb: Waiting\n9b87c76f9162: Waiting\n1d5539feb099: Waiting\n35807b77a593: Verifying Checksum\n35807b77a593: Download complete\n1815b2b71486: Verifying Checksum\n1815b2b71486: Download complete\neb5a2f863d40: Verifying Checksum\neb5a2f863d40: Download complete\n5526b064589f: Verifying Checksum\n5526b064589f: Download complete\nccf9ced9cec2: Verifying Checksum\nccf9ced9cec2: Download complete\n46d0784d1249: Verifying Checksum\n46d0784d1249: Download complete\n35807b77a593: Pull complete\n32495d8d2fc0: Download complete\n16d6fd99d611: Verifying Checksum\n16d6fd99d611: Download complete\n07b556a03370: Verifying Checksum\n07b556a03370: Download complete\nfb82761462eb: Verifying Checksum\nfb82761462eb: Download complete\n9b87c76f9162: Verifying Checksum\n9b87c76f9162: Download complete\n764dfa5638d2: Verifying Checksum\n764dfa5638d2: Download complete\ndf1df70b636c: Download complete\n1815b2b71486: Pull complete\neb5a2f863d40: Pull complete\n5526b064589f: Pull complete\n1d5539feb099: Verifying Checksum\n1d5539feb099: Download complete\n46d0784d1249: Pull complete\n07b556a03370: Pull complete\nccf9ced9cec2: Pull complete\n32495d8d2fc0: Pull complete\n16d6fd99d611: Pull complete\n764dfa5638d2: Pull complete\n9b87c76f9162: Pull complete\nfb82761462eb: Pull complete\n1d5539feb099: Pull complete\ndf1df70b636c: Pull complete\nDigest: sha256:ee49d63db0e92f9e8f3da277efe6385baff297f09c6f65b100416f4efec1f750\nStatus: Downloaded newer image for osgeo/gdal:ubuntu-small-3.3.2\n ---> 96e2cf636cb1\nStep 2/21 : ENV DEBIAN_FRONTEND=noninteractive     LC_ALL=C.UTF-8     LANG=C.UTF-8     PYTHONFAULTHANDLER=1\n ---> Running in 2c2783133728\nRemoving intermediate container 2c2783133728\n ---> 8f84ed3afd85\nStep 3/21 : RUN apt-get update &&     apt-get install -y       build-essential       git       vim       nano       tini       wget       python3-pip       libpq-dev python-dev     && apt-get autoclean &&     apt-get autoremove &&     rm -rf /var/lib/{apt,dpkg,cache,log}\n ---> Running in e68021f964c2\nHit:1 http://archive.ubuntu.com/ubuntu focal InRelease\nGet:2 http://archive.ubuntu.com/ubuntu focal-updates InRelease [114 kB]\nGet:3 http://archive.ubuntu.com/ubuntu focal-backports InRelease [108 kB]\nGet:4 http://security.ubuntu.com/ubuntu focal-security InRelease [114 kB]\nGet:5 http://archive.ubuntu.com/ubuntu focal-updates/main amd64 Packages [2828 kB]\nGet:6 http://archive.ubuntu.com/ubuntu focal-updates/multiverse amd64 Packages [30.4 kB]\nGet:7 http://archive.ubuntu.com/ubuntu focal-updates/universe amd64 Packages [1275 kB]\nGet:8 http://archive.ubuntu.com/ubuntu focal-updates/restricted amd64 Packages [1894 kB]\nGet:9 http://archive.ubuntu.com/ubuntu focal-backports/main amd64 Packages [55.2 kB]\nGet:10 http://archive.ubuntu.com/ubuntu focal-backports/universe amd64 Packages [28.6 kB]\nGet:11 http://security.ubuntu.com/ubuntu focal-security/universe amd64 Packages [972 kB]\nGet:12 http://security.ubuntu.com/ubuntu focal-security/main amd64 Packages [2358 kB]\nGet:13 http://security.ubuntu.com/ubuntu focal-security/multiverse amd64 Packages [27.7 kB]\nGet:14 http://security.ubuntu.com/ubuntu focal-security/restricted amd64 Packages [1779 kB]\nFetched 11.6 MB in 2s (5618 kB/s)\nReading package lists...\nReading package lists...\nBuilding dependency tree...\nReading state information...\nThe following additional packages will be installed:\n  alsa-topology-conf alsa-ucm-conf binutils binutils-common\n  binutils-x86-64-linux-gnu cpp cpp-9 dirmngr dpkg-dev fakeroot g++ g++-9 gcc\n  gcc-9 gcc-9-base git-man gnupg gnupg-l10n gnupg-utils gpg gpg-agent\n  gpg-wks-client gpg-wks-server gpgconf gpgsm gpgv less libalgorithm-diff-perl\n  libalgorithm-diff-xs-perl libalgorithm-merge-perl libasan5 libasound2\n  libasound2-data libassuan0 libatomic1 libbinutils libbsd0 libc-dev-bin libc6\n  libc6-dev libcanberra0 libcbor0.6 libcc1-0 libcrypt-dev libctf-nobfd0\n  libctf0 libdpkg-perl libedit2 liberror-perl libexpat1 libexpat1-dev\n  libfakeroot libfido2-1 libfile-fcntllock-perl libgcc-9-dev libgdbm-compat4\n  libgdbm6 libgomp1 libgpm2 libisl22 libitm1 libksba8 liblocale-gettext-perl\n  liblsan0 libltdl7 libmpc3 libmpfr6 libnpth0 libogg0 libperl5.30 libpq5\n  libpython2-dev libpython2-stdlib libpython2.7 libpython2.7-dev\n  libpython2.7-minimal libpython2.7-stdlib libpython3-dev libpython3.8\n  libpython3.8-dev libpython3.8-minimal libpython3.8-stdlib libstdc++-9-dev\n  libtdb1 libtsan0 libubsan1 libvorbis0a libvorbisfile3 libx11-6 libx11-data\n  libxau6 libxcb1 libxdmcp6 libxext6 libxmuu1 linux-libc-dev make manpages\n  manpages-dev netbase openssh-client patch perl perl-base perl-modules-5.30\n  pinentry-curses python-is-python2 python-pip-whl python2 python2-dev\n  python2-minimal python2.7 python2.7-dev python2.7-minimal python3-dev\n  python3-distutils python3-lib2to3 python3-setuptools python3-wheel python3.8\n  python3.8-dev python3.8-minimal sound-theme-freedesktop vim-common\n  vim-runtime xauth xxd xz-utils zlib1g zlib1g-dev\nSuggested packages:\n  binutils-doc cpp-doc gcc-9-locales dbus-user-session libpam-systemd\n  pinentry-gnome3 tor debian-keyring g++-multilib g++-9-multilib gcc-9-doc\n  gcc-multilib autoconf automake libtool flex bison gdb gcc-doc gcc-9-multilib\n  gettext-base git-daemon-run | git-daemon-sysvinit git-doc git-el git-email\n  git-gui gitk gitweb git-cvs git-mediawiki git-svn parcimonie xloadimage\n  scdaemon libasound2-plugins alsa-utils glibc-doc locales libcanberra-gtk0\n  libcanberra-pulse bzr gdbm-l10n gpm postgresql-doc-12 libstdc++-9-doc\n  make-doc man-browser hunspell keychain libpam-ssh monkeysphere ssh-askpass\n  ed diffutils-doc perl-doc libterm-readline-gnu-perl\n  | libterm-readline-perl-perl libb-debug-perl liblocale-codes-perl\n  pinentry-doc python2-doc python-tk python2.7-doc binfmt-support\n  python-setuptools-doc python3.8-venv python3.8-doc ctags vim-doc vim-scripts\nThe following packages will be REMOVED:\n  python-is-python3\nThe following NEW packages will be installed:\n  alsa-topology-conf alsa-ucm-conf binutils binutils-common\n  binutils-x86-64-linux-gnu build-essential cpp cpp-9 dirmngr dpkg-dev\n  fakeroot g++ g++-9 gcc gcc-9 gcc-9-base git git-man gnupg gnupg-l10n\n  gnupg-utils gpg gpg-agent gpg-wks-client gpg-wks-server gpgconf gpgsm less\n  libalgorithm-diff-perl libalgorithm-diff-xs-perl libalgorithm-merge-perl\n  libasan5 libasound2 libasound2-data libassuan0 libatomic1 libbinutils\n  libbsd0 libc-dev-bin libc6-dev libcanberra0 libcbor0.6 libcc1-0 libcrypt-dev\n  libctf-nobfd0 libctf0 libdpkg-perl libedit2 liberror-perl libexpat1-dev\n  libfakeroot libfido2-1 libfile-fcntllock-perl libgcc-9-dev libgdbm-compat4\n  libgdbm6 libgomp1 libgpm2 libisl22 libitm1 libksba8 liblocale-gettext-perl\n  liblsan0 libltdl7 libmpc3 libmpfr6 libnpth0 libogg0 libperl5.30 libpq-dev\n  libpython2-dev libpython2-stdlib libpython2.7 libpython2.7-dev\n  libpython2.7-minimal libpython2.7-stdlib libpython3-dev libpython3.8-dev\n  libstdc++-9-dev libtdb1 libtsan0 libubsan1 libvorbis0a libvorbisfile3\n  libx11-6 libx11-data libxau6 libxcb1 libxdmcp6 libxext6 libxmuu1\n  linux-libc-dev make manpages manpages-dev nano netbase openssh-client patch\n  perl perl-modules-5.30 pinentry-curses python-dev-is-python2\n  python-is-python2 python-pip-whl python2 python2-dev python2-minimal\n  python2.7 python2.7-dev python2.7-minimal python3-dev python3-distutils\n  python3-lib2to3 python3-pip python3-setuptools python3-wheel python3.8-dev\n  sound-theme-freedesktop tini vim vim-common vim-runtime wget xauth xxd\n  xz-utils zlib1g-dev\nThe following packages will be upgraded:\n  gpgv libc6 libexpat1 libpq5 libpython3.8 libpython3.8-minimal\n  libpython3.8-stdlib perl-base python3.8 python3.8-minimal zlib1g\n11 upgraded, 128 newly installed, 1 to remove and 68 not upgraded.\nNeed to get 99.1 MB of archives.\nAfter this operation, 412 MB of additional disk space will be used.\nGet:1 http://archive.ubuntu.com/ubuntu focal-updates/main amd64 perl-base amd64 5.30.0-9ubuntu0.3 [1514 kB]\nGet:2 http://archive.ubuntu.com/ubuntu focal-updates/main amd64 libc6 amd64 2.31-0ubuntu9.9 [2722 kB]\nGet:3 http://archive.ubuntu.com/ubuntu focal/main amd64 liblocale-gettext-perl amd64 1.07-4 [17.1 kB]\nGet:4 http://archive.ubuntu.com/ubuntu focal-updates/main amd64 libexpat1 amd64 2.2.9-1ubuntu0.6 [74.6 kB]\nGet:5 http://archive.ubuntu.com/ubuntu focal-updates/main amd64 zlib1g amd64 1:1.2.11.dfsg-2ubuntu1.5 [54.2 kB]\nGet:6 http://archive.ubuntu.com/ubuntu focal-updates/main amd64 libpython3.8 amd64 3.8.10-0ubuntu1~20.04.6 [1625 kB]\nGet:7 http://archive.ubuntu.com/ubuntu focal-updates/main amd64 python3.8 amd64 3.8.10-0ubuntu1~20.04.6 [387 kB]\nGet:8 http://archive.ubuntu.com/ubuntu focal-updates/main amd64 libpython3.8-stdlib amd64 3.8.10-0ubuntu1~20.04.6 [1675 kB]\nGet:9 http://archive.ubuntu.com/ubuntu focal-updates/main amd64 python3.8-minimal amd64 3.8.10-0ubuntu1~20.04.6 [1901 kB]\nGet:10 http://archive.ubuntu.com/ubuntu focal-updates/main amd64 libpython3.8-minimal amd64 3.8.10-0ubuntu1~20.04.6 [717 kB]\nGet:11 http://archive.ubuntu.com/ubuntu focal-updates/main amd64 perl-modules-5.30 all 5.30.0-9ubuntu0.3 [2739 kB]\nGet:12 http://archive.ubuntu.com/ubuntu focal/main amd64 libgdbm6 amd64 1.18.1-5 [27.4 kB]\nGet:13 http://archive.ubuntu.com/ubuntu focal/main amd64 libgdbm-compat4 amd64 1.18.1-5 [6244 B]\nGet:14 http://archive.ubuntu.com/ubuntu focal-updates/main amd64 libperl5.30 amd64 5.30.0-9ubuntu0.3 [3951 kB]\nGet:15 http://archive.ubuntu.com/ubuntu focal-updates/main amd64 perl amd64 5.30.0-9ubuntu0.3 [224 kB]\nGet:16 http://archive.ubuntu.com/ubuntu focal-updates/universe amd64 libpython2.7-minimal amd64 2.7.18-1~20.04.3 [336 kB]\nGet:17 http://archive.ubuntu.com/ubuntu focal-updates/universe amd64 python2.7-minimal amd64 2.7.18-1~20.04.3 [1280 kB]\nGet:18 http://archive.ubuntu.com/ubuntu focal/universe amd64 python2-minimal amd64 2.7.17-2ubuntu4 [27.5 kB]\nGet:19 http://archive.ubuntu.com/ubuntu focal-updates/universe amd64 libpython2.7-stdlib amd64 2.7.18-1~20.04.3 [1888 kB]\nGet:20 http://archive.ubuntu.com/ubuntu focal-updates/universe amd64 python2.7 amd64 2.7.18-1~20.04.3 [248 kB]\nGet:21 http://archive.ubuntu.com/ubuntu focal/universe amd64 libpython2-stdlib amd64 2.7.17-2ubuntu4 [7072 B]\nGet:22 http://archive.ubuntu.com/ubuntu focal/universe amd64 python2 amd64 2.7.17-2ubuntu4 [26.5 kB]\nGet:23 http://archive.ubuntu.com/ubuntu focal-updates/main amd64 gpgv amd64 2.2.19-3ubuntu2.2 [200 kB]\nGet:24 http://archive.ubuntu.com/ubuntu focal-updates/main amd64 less amd64 551-1ubuntu0.1 [123 kB]\nGet:25 http://archive.ubuntu.com/ubuntu focal/main amd64 libbsd0 amd64 0.10.0-1 [45.4 kB]\nGet:26 http://archive.ubuntu.com/ubuntu focal/main amd64 netbase all 6.1 [13.1 kB]\nGet:27 http://archive.ubuntu.com/ubuntu focal-updates/main amd64 xxd amd64 2:8.1.2269-1ubuntu5.9 [50.0 kB]\nGet:28 http://archive.ubuntu.com/ubuntu focal-updates/main amd64 vim-common all 2:8.1.2269-1ubuntu5.9 [85.0 kB]\nGet:29 http://archive.ubuntu.com/ubuntu focal-updates/main amd64 xz-utils amd64 5.2.4-1ubuntu1.1 [82.6 kB]\nGet:30 http://archive.ubuntu.com/ubuntu focal/main amd64 libcbor0.6 amd64 0.6.0-0ubuntu1 [21.1 kB]\nGet:31 http://archive.ubuntu.com/ubuntu focal/main amd64 libedit2 amd64 3.1-20191231-1 [87.0 kB]\nGet:32 http://archive.ubuntu.com/ubuntu focal/main amd64 libfido2-1 amd64 1.3.1-1ubuntu2 [47.9 kB]\nGet:33 http://archive.ubuntu.com/ubuntu focal/main amd64 libxau6 amd64 1:1.0.9-0ubuntu1 [7488 B]\nGet:34 http://archive.ubuntu.com/ubuntu focal/main amd64 libxdmcp6 amd64 1:1.1.3-0ubuntu1 [10.6 kB]\nGet:35 http://archive.ubuntu.com/ubuntu focal/main amd64 libxcb1 amd64 1.14-2 [44.7 kB]\nGet:36 http://archive.ubuntu.com/ubuntu focal-updates/main amd64 libx11-data all 2:1.6.9-2ubuntu1.2 [113 kB]\nGet:37 http://archive.ubuntu.com/ubuntu focal-updates/main amd64 libx11-6 amd64 2:1.6.9-2ubuntu1.2 [575 kB]\nGet:38 http://archive.ubuntu.com/ubuntu focal/main amd64 libxext6 amd64 2:1.3.4-0ubuntu1 [29.1 kB]\nGet:39 http://archive.ubuntu.com/ubuntu focal/main amd64 libxmuu1 amd64 2:1.1.3-0ubuntu1 [9728 B]\nGet:40 http://archive.ubuntu.com/ubuntu focal/main amd64 manpages all 5.05-1 [1314 kB]\nGet:41 http://archive.ubuntu.com/ubuntu focal/main amd64 nano amd64 4.8-1ubuntu1 [269 kB]\nGet:42 http://archive.ubuntu.com/ubuntu focal-updates/main amd64 openssh-client amd64 1:8.2p1-4ubuntu0.5 [671 kB]\nGet:43 http://archive.ubuntu.com/ubuntu focal-updates/main amd64 wget amd64 1.20.3-1ubuntu2 [348 kB]\nGet:44 http://archive.ubuntu.com/ubuntu focal/main amd64 xauth amd64 1:1.1-0ubuntu1 [25.0 kB]\nGet:45 http://archive.ubuntu.com/ubuntu focal/main amd64 alsa-topology-conf all 1.2.2-1 [7364 B]\nGet:46 http://archive.ubuntu.com/ubuntu focal-updates/main amd64 alsa-ucm-conf all 1.2.2-1ubuntu0.13 [27.0 kB]\nGet:47 http://archive.ubuntu.com/ubuntu focal-updates/main amd64 binutils-common amd64 2.34-6ubuntu1.4 [207 kB]\nGet:48 http://archive.ubuntu.com/ubuntu focal-updates/main amd64 libbinutils amd64 2.34-6ubuntu1.4 [474 kB]\nGet:49 http://archive.ubuntu.com/ubuntu focal-updates/main amd64 libctf-nobfd0 amd64 2.34-6ubuntu1.4 [47.2 kB]\nGet:50 http://archive.ubuntu.com/ubuntu focal-updates/main amd64 libctf0 amd64 2.34-6ubuntu1.4 [46.6 kB]\nGet:51 http://archive.ubuntu.com/ubuntu focal-updates/main amd64 binutils-x86-64-linux-gnu amd64 2.34-6ubuntu1.4 [1613 kB]\nGet:52 http://archive.ubuntu.com/ubuntu focal-updates/main amd64 binutils amd64 2.34-6ubuntu1.4 [3380 B]\nGet:53 http://archive.ubuntu.com/ubuntu focal-updates/main amd64 libc-dev-bin amd64 2.31-0ubuntu9.9 [71.8 kB]\nGet:54 http://archive.ubuntu.com/ubuntu focal-updates/main amd64 linux-libc-dev amd64 5.4.0-135.152 [1121 kB]\nGet:55 http://archive.ubuntu.com/ubuntu focal/main amd64 libcrypt-dev amd64 1:4.4.10-10ubuntu4 [104 kB]\nGet:56 http://archive.ubuntu.com/ubuntu focal-updates/main amd64 libc6-dev amd64 2.31-0ubuntu9.9 [2519 kB]\nGet:57 http://archive.ubuntu.com/ubuntu focal-updates/main amd64 gcc-9-base amd64 9.4.0-1ubuntu1~20.04.1 [19.4 kB]\nGet:58 http://archive.ubuntu.com/ubuntu focal/main amd64 libisl22 amd64 0.22.1-1 [592 kB]\nGet:59 http://archive.ubuntu.com/ubuntu focal/main amd64 libmpfr6 amd64 4.0.2-1 [240 kB]\nGet:60 http://archive.ubuntu.com/ubuntu focal/main amd64 libmpc3 amd64 1.1.0-1 [40.8 kB]\nGet:61 http://archive.ubuntu.com/ubuntu focal-updates/main amd64 cpp-9 amd64 9.4.0-1ubuntu1~20.04.1 [7500 kB]\nGet:62 http://archive.ubuntu.com/ubuntu focal/main amd64 cpp amd64 4:9.3.0-1ubuntu2 [27.6 kB]\nGet:63 http://archive.ubuntu.com/ubuntu focal-updates/main amd64 libcc1-0 amd64 10.3.0-1ubuntu1~20.04 [48.8 kB]\nGet:64 http://archive.ubuntu.com/ubuntu focal-updates/main amd64 libgomp1 amd64 10.3.0-1ubuntu1~20.04 [102 kB]\nGet:65 http://archive.ubuntu.com/ubuntu focal-updates/main amd64 libitm1 amd64 10.3.0-1ubuntu1~20.04 [26.2 kB]\nGet:66 http://archive.ubuntu.com/ubuntu focal-updates/main amd64 libatomic1 amd64 10.3.0-1ubuntu1~20.04 [9284 B]\nGet:67 http://archive.ubuntu.com/ubuntu focal-updates/main amd64 libasan5 amd64 9.4.0-1ubuntu1~20.04.1 [2751 kB]\nGet:68 http://archive.ubuntu.com/ubuntu focal-updates/main amd64 liblsan0 amd64 10.3.0-1ubuntu1~20.04 [835 kB]\nGet:69 http://archive.ubuntu.com/ubuntu focal-updates/main amd64 libtsan0 amd64 10.3.0-1ubuntu1~20.04 [2009 kB]\nGet:70 http://archive.ubuntu.com/ubuntu focal-updates/main amd64 libubsan1 amd64 10.3.0-1ubuntu1~20.04 [784 kB]\nGet:71 http://archive.ubuntu.com/ubuntu focal-updates/main amd64 libgcc-9-dev amd64 9.4.0-1ubuntu1~20.04.1 [2359 kB]\nGet:72 http://archive.ubuntu.com/ubuntu focal-updates/main amd64 gcc-9 amd64 9.4.0-1ubuntu1~20.04.1 [8274 kB]\nGet:73 http://archive.ubuntu.com/ubuntu focal/main amd64 gcc amd64 4:9.3.0-1ubuntu2 [5208 B]\nGet:74 http://archive.ubuntu.com/ubuntu focal-updates/main amd64 libstdc++-9-dev amd64 9.4.0-1ubuntu1~20.04.1 [1722 kB]\nGet:75 http://archive.ubuntu.com/ubuntu focal-updates/main amd64 g++-9 amd64 9.4.0-1ubuntu1~20.04.1 [8420 kB]\nGet:76 http://archive.ubuntu.com/ubuntu focal/main amd64 g++ amd64 4:9.3.0-1ubuntu2 [1604 B]\nGet:77 http://archive.ubuntu.com/ubuntu focal/main amd64 make amd64 4.2.1-1.2 [162 kB]\nGet:78 http://archive.ubuntu.com/ubuntu focal-updates/main amd64 libdpkg-perl all 1.19.7ubuntu3.2 [231 kB]\nGet:79 http://archive.ubuntu.com/ubuntu focal/main amd64 patch amd64 2.7.6-6 [105 kB]\nGet:80 http://archive.ubuntu.com/ubuntu focal-updates/main amd64 dpkg-dev all 1.19.7ubuntu3.2 [679 kB]\nGet:81 http://archive.ubuntu.com/ubuntu focal-updates/main amd64 build-essential amd64 12.8ubuntu1.1 [4664 B]\nGet:82 http://archive.ubuntu.com/ubuntu focal/main amd64 libassuan0 amd64 2.5.3-7ubuntu2 [35.7 kB]\nGet:83 http://archive.ubuntu.com/ubuntu focal-updates/main amd64 gpgconf amd64 2.2.19-3ubuntu2.2 [124 kB]\nGet:84 http://archive.ubuntu.com/ubuntu focal-updates/main amd64 libksba8 amd64 1.3.5-2ubuntu0.20.04.1 [95.1 kB]\nGet:85 http://archive.ubuntu.com/ubuntu focal/main amd64 libnpth0 amd64 1.6-1 [7736 B]\nGet:86 http://archive.ubuntu.com/ubuntu focal-updates/main amd64 dirmngr amd64 2.2.19-3ubuntu2.2 [330 kB]\nGet:87 http://archive.ubuntu.com/ubuntu focal/main amd64 libfakeroot amd64 1.24-1 [25.7 kB]\nGet:88 http://archive.ubuntu.com/ubuntu focal/main amd64 fakeroot amd64 1.24-1 [62.6 kB]\nGet:89 http://archive.ubuntu.com/ubuntu focal/main amd64 liberror-perl all 0.17029-1 [26.5 kB]\nGet:90 http://archive.ubuntu.com/ubuntu focal-updates/main amd64 git-man all 1:2.25.1-1ubuntu3.6 [887 kB]\nGet:91 http://archive.ubuntu.com/ubuntu focal-updates/main amd64 git amd64 1:2.25.1-1ubuntu3.6 [4529 kB]\nGet:92 http://archive.ubuntu.com/ubuntu focal-updates/main amd64 gnupg-l10n all 2.2.19-3ubuntu2.2 [51.7 kB]\nGet:93 http://archive.ubuntu.com/ubuntu focal-updates/main amd64 gnupg-utils amd64 2.2.19-3ubuntu2.2 [481 kB]\nGet:94 http://archive.ubuntu.com/ubuntu focal-updates/main amd64 gpg amd64 2.2.19-3ubuntu2.2 [482 kB]\nGet:95 http://archive.ubuntu.com/ubuntu focal/main amd64 pinentry-curses amd64 1.1.0-3build1 [36.3 kB]\nGet:96 http://archive.ubuntu.com/ubuntu focal-updates/main amd64 gpg-agent amd64 2.2.19-3ubuntu2.2 [232 kB]\nGet:97 http://archive.ubuntu.com/ubuntu focal-updates/main amd64 gpg-wks-client amd64 2.2.19-3ubuntu2.2 [97.4 kB]\nGet:98 http://archive.ubuntu.com/ubuntu focal-updates/main amd64 gpg-wks-server amd64 2.2.19-3ubuntu2.2 [90.2 kB]\nGet:99 http://archive.ubuntu.com/ubuntu focal-updates/main amd64 gpgsm amd64 2.2.19-3ubuntu2.2 [217 kB]\nGet:100 http://archive.ubuntu.com/ubuntu focal-updates/main amd64 gnupg all 2.2.19-3ubuntu2.2 [259 kB]\nGet:101 http://archive.ubuntu.com/ubuntu focal/main amd64 libalgorithm-diff-perl all 1.19.03-2 [46.6 kB]\nGet:102 http://archive.ubuntu.com/ubuntu focal/main amd64 libalgorithm-diff-xs-perl amd64 0.04-6 [11.3 kB]\nGet:103 http://archive.ubuntu.com/ubuntu focal/main amd64 libalgorithm-merge-perl all 0.08-3 [12.0 kB]\nGet:104 http://archive.ubuntu.com/ubuntu focal-updates/main amd64 libasound2-data all 1.2.2-2.1ubuntu2.5 [20.1 kB]\nGet:105 http://archive.ubuntu.com/ubuntu focal-updates/main amd64 libasound2 amd64 1.2.2-2.1ubuntu2.5 [335 kB]\nGet:106 http://archive.ubuntu.com/ubuntu focal/main amd64 libltdl7 amd64 2.4.6-14 [38.5 kB]\nGet:107 http://archive.ubuntu.com/ubuntu focal-updates/main amd64 libtdb1 amd64 1.4.3-0ubuntu0.20.04.1 [44.2 kB]\nGet:108 http://archive.ubuntu.com/ubuntu focal/main amd64 libogg0 amd64 1.3.4-0ubuntu1 [24.0 kB]\nGet:109 http://archive.ubuntu.com/ubuntu focal/main amd64 libvorbis0a amd64 1.3.6-2ubuntu1 [87.0 kB]\nGet:110 http://archive.ubuntu.com/ubuntu focal/main amd64 libvorbisfile3 amd64 1.3.6-2ubuntu1 [16.1 kB]\nGet:111 http://archive.ubuntu.com/ubuntu focal/main amd64 sound-theme-freedesktop all 0.8-2ubuntu1 [384 kB]\nGet:112 http://archive.ubuntu.com/ubuntu focal/main amd64 libcanberra0 amd64 0.30-7ubuntu1 [38.1 kB]\nGet:113 http://archive.ubuntu.com/ubuntu focal-updates/main amd64 libexpat1-dev amd64 2.2.9-1ubuntu0.6 [116 kB]\nGet:114 http://archive.ubuntu.com/ubuntu focal/main amd64 libfile-fcntllock-perl amd64 0.22-3build4 [33.1 kB]\nGet:115 http://archive.ubuntu.com/ubuntu focal/main amd64 libgpm2 amd64 1.20.7-5 [15.1 kB]\nGet:116 http://archive.ubuntu.com/ubuntu focal-updates/main amd64 libpq5 amd64 12.12-0ubuntu0.20.04.1 [117 kB]\nGet:117 http://archive.ubuntu.com/ubuntu focal-updates/main amd64 libpq-dev amd64 12.12-0ubuntu0.20.04.1 [137 kB]\nGet:118 http://archive.ubuntu.com/ubuntu focal-updates/universe amd64 libpython2.7 amd64 2.7.18-1~20.04.3 [1037 kB]\nGet:119 http://archive.ubuntu.com/ubuntu focal-updates/universe amd64 libpython2.7-dev amd64 2.7.18-1~20.04.3 [2466 kB]\nGet:120 http://archive.ubuntu.com/ubuntu focal/universe amd64 libpython2-dev amd64 2.7.17-2ubuntu4 [7140 B]\nGet:121 http://archive.ubuntu.com/ubuntu focal-updates/main amd64 libpython3.8-dev amd64 3.8.10-0ubuntu1~20.04.6 [3949 kB]\nGet:122 http://archive.ubuntu.com/ubuntu focal/main amd64 libpython3-dev amd64 3.8.2-0ubuntu2 [7236 B]\nGet:123 http://archive.ubuntu.com/ubuntu focal/main amd64 manpages-dev all 5.05-1 [2266 kB]\nGet:124 http://archive.ubuntu.com/ubuntu focal/universe amd64 python-is-python2 all 2.7.17-4 [2496 B]\nGet:125 http://archive.ubuntu.com/ubuntu focal-updates/universe amd64 python2.7-dev amd64 2.7.18-1~20.04.3 [293 kB]\nGet:126 http://archive.ubuntu.com/ubuntu focal/universe amd64 python2-dev amd64 2.7.17-2ubuntu4 [1268 B]\nGet:127 http://archive.ubuntu.com/ubuntu focal/universe amd64 python-dev-is-python2 all 2.7.17-4 [1396 B]\nGet:128 http://archive.ubuntu.com/ubuntu focal-updates/universe amd64 python-pip-whl all 20.0.2-5ubuntu1.6 [1805 kB]\nGet:129 http://archive.ubuntu.com/ubuntu focal-updates/main amd64 zlib1g-dev amd64 1:1.2.11.dfsg-2ubuntu1.5 [155 kB]\nGet:130 http://archive.ubuntu.com/ubuntu focal-updates/main amd64 python3.8-dev amd64 3.8.10-0ubuntu1~20.04.6 [514 kB]\nGet:131 http://archive.ubuntu.com/ubuntu focal-updates/main amd64 python3-lib2to3 all 3.8.10-0ubuntu1~20.04 [76.3 kB]\nGet:132 http://archive.ubuntu.com/ubuntu focal-updates/main amd64 python3-distutils all 3.8.10-0ubuntu1~20.04 [141 kB]\nGet:133 http://archive.ubuntu.com/ubuntu focal/main amd64 python3-dev amd64 3.8.2-0ubuntu2 [1212 B]\nGet:134 http://archive.ubuntu.com/ubuntu focal/main amd64 python3-setuptools all 45.2.0-1 [330 kB]\nGet:135 http://archive.ubuntu.com/ubuntu focal/universe amd64 python3-wheel all 0.34.2-1 [23.8 kB]\nGet:136 http://archive.ubuntu.com/ubuntu focal-updates/universe amd64 python3-pip all 20.0.2-5ubuntu1.6 [231 kB]\nGet:137 http://archive.ubuntu.com/ubuntu focal/universe amd64 tini amd64 0.18.0-1 [283 kB]\nGet:138 http://archive.ubuntu.com/ubuntu focal-updates/main amd64 vim-runtime all 2:8.1.2269-1ubuntu5.9 [5873 kB]\nGet:139 http://archive.ubuntu.com/ubuntu focal-updates/main amd64 vim amd64 2:8.1.2269-1ubuntu5.9 [1238 kB]\n\u001b[91mdebconf: delaying package configuration, since apt-utils is not installed\n\u001b[0mFetched 99.1 MB in 3s (39.5 MB/s)\n(Reading database ... \r(Reading database ... 5%\r(Reading database ... 10%\r(Reading database ... 15%\r(Reading database ... 20%\r(Reading database ... 25%\r(Reading database ... 30%\r(Reading database ... 35%\r(Reading database ... 40%\r(Reading database ... 45%\r(Reading database ... 50%\r(Reading database ... 55%\r(Reading database ... 60%\r(Reading database ... 65%\r(Reading database ... 70%\r(Reading database ... 75%\r(Reading database ... 80%\r(Reading database ... 85%\r(Reading database ... 90%\r(Reading database ... 95%\r(Reading database ... 100%\r(Reading database ... 7914 files and directories currently installed.)\r\nPreparing to unpack .../perl-base_5.30.0-9ubuntu0.3_amd64.deb ...\r\nUnpacking perl-base (5.30.0-9ubuntu0.3) over (5.30.0-9ubuntu0.2) ...\r\nSetting up perl-base (5.30.0-9ubuntu0.3) ...\r\n(Reading database ... \r(Reading database ... 5%\r(Reading database ... 10%\r(Reading database ... 15%\r(Reading database ... 20%\r(Reading database ... 25%\r(Reading database ... 30%\r(Reading database ... 35%\r(Reading database ... 40%\r(Reading database ... 45%\r(Reading database ... 50%\r(Reading database ... 55%\r(Reading database ... 60%\r(Reading database ... 65%\r(Reading database ... 70%\r(Reading database ... 75%\r(Reading database ... 80%\r(Reading database ... 85%\r(Reading database ... 90%\r(Reading database ... 95%\r(Reading database ... 100%\r(Reading database ... 7914 files and directories currently installed.)\r\nRemoving python-is-python3 (3.8.2-4) ...\r\n(Reading database ... \r(Reading database ... 5%\r(Reading database ... 10%\r(Reading database ... 15%\r(Reading database ... 20%\r(Reading database ... 25%\r(Reading database ... 30%\r(Reading database ... 35%\r(Reading database ... 40%\r(Reading database ... 45%\r(Reading database ... 50%\r(Reading database ... 55%\r(Reading database ... 60%\r(Reading database ... 65%\r(Reading database ... 70%\r(Reading database ... 75%\r(Reading database ... 80%\r(Reading database ... 85%\r(Reading database ... 90%\r(Reading database ... 95%\r(Reading database ... 100%\r(Reading database ... 7910 files and directories currently installed.)\r\nPreparing to unpack .../libc6_2.31-0ubuntu9.9_amd64.deb ...\r\nUnpacking libc6:amd64 (2.31-0ubuntu9.9) over (2.31-0ubuntu9.2) ...\r\nSetting up libc6:amd64 (2.31-0ubuntu9.9) ...\r\nSelecting previously unselected package liblocale-gettext-perl.\r\n(Reading database ... \r(Reading database ... 5%\r(Reading database ... 10%\r(Reading database ... 15%\r(Reading database ... 20%\r(Reading database ... 25%\r(Reading database ... 30%\r(Reading database ... 35%\r(Reading database ... 40%\r(Reading database ... 45%\r(Reading database ... 50%\r(Reading database ... 55%\r(Reading database ... 60%\r(Reading database ... 65%\r(Reading database ... 70%\r(Reading database ... 75%\r(Reading database ... 80%\r(Reading database ... 85%\r(Reading database ... 90%\r(Reading database ... 95%\r(Reading database ... 100%\r(Reading database ... 7910 files and directories currently installed.)\r\nPreparing to unpack .../liblocale-gettext-perl_1.07-4_amd64.deb ...\r\nUnpacking liblocale-gettext-perl (1.07-4) ...\r\nPreparing to unpack .../libexpat1_2.2.9-1ubuntu0.6_amd64.deb ...\r\nUnpacking libexpat1:amd64 (2.2.9-1ubuntu0.6) over (2.2.9-1build1) ...\r\nPreparing to unpack .../zlib1g_1%3a1.2.11.dfsg-2ubuntu1.5_amd64.deb ...\r\nUnpacking zlib1g:amd64 (1:1.2.11.dfsg-2ubuntu1.5) over (1:1.2.11.dfsg-2ubuntu1.2) ...\r\nSetting up zlib1g:amd64 (1:1.2.11.dfsg-2ubuntu1.5) ...\r\n(Reading database ... \r(Reading database ... 5%\r(Reading database ... 10%\r(Reading database ... 15%\r(Reading database ... 20%\r(Reading database ... 25%\r(Reading database ... 30%\r(Reading database ... 35%\r(Reading database ... 40%\r(Reading database ... 45%\r(Reading database ... 50%\r(Reading database ... 55%\r(Reading database ... 60%\r(Reading database ... 65%\r(Reading database ... 70%\r(Reading database ... 75%\r(Reading database ... 80%\r(Reading database ... 85%\r(Reading database ... 90%\r(Reading database ... 95%\r(Reading database ... 100%\r(Reading database ... 7924 files and directories currently installed.)\r\nPreparing to unpack .../00-libpython3.8_3.8.10-0ubuntu1~20.04.6_amd64.deb ...\r\nUnpacking libpython3.8:amd64 (3.8.10-0ubuntu1~20.04.6) over (3.8.10-0ubuntu1~20.04) ...\r\nPreparing to unpack .../01-python3.8_3.8.10-0ubuntu1~20.04.6_amd64.deb ...\r\nUnpacking python3.8 (3.8.10-0ubuntu1~20.04.6) over (3.8.10-0ubuntu1~20.04) ...\r\nPreparing to unpack .../02-libpython3.8-stdlib_3.8.10-0ubuntu1~20.04.6_amd64.deb ...\r\nUnpacking libpython3.8-stdlib:amd64 (3.8.10-0ubuntu1~20.04.6) over (3.8.10-0ubuntu1~20.04) ...\r\nPreparing to unpack .../03-python3.8-minimal_3.8.10-0ubuntu1~20.04.6_amd64.deb ...\r\nUnpacking python3.8-minimal (3.8.10-0ubuntu1~20.04.6) over (3.8.10-0ubuntu1~20.04) ...\r\nPreparing to unpack .../04-libpython3.8-minimal_3.8.10-0ubuntu1~20.04.6_amd64.deb ...\r\nUnpacking libpython3.8-minimal:amd64 (3.8.10-0ubuntu1~20.04.6) over (3.8.10-0ubuntu1~20.04) ...\r\nSelecting previously unselected package perl-modules-5.30.\r\nPreparing to unpack .../05-perl-modules-5.30_5.30.0-9ubuntu0.3_all.deb ...\r\nUnpacking perl-modules-5.30 (5.30.0-9ubuntu0.3) ...\r\nSelecting previously unselected package libgdbm6:amd64.\r\nPreparing to unpack .../06-libgdbm6_1.18.1-5_amd64.deb ...\r\nUnpacking libgdbm6:amd64 (1.18.1-5) ...\r\nSelecting previously unselected package libgdbm-compat4:amd64.\r\nPreparing to unpack .../07-libgdbm-compat4_1.18.1-5_amd64.deb ...\r\nUnpacking libgdbm-compat4:amd64 (1.18.1-5) ...\r\nSelecting previously unselected package libperl5.30:amd64.\r\nPreparing to unpack .../08-libperl5.30_5.30.0-9ubuntu0.3_amd64.deb ...\r\nUnpacking libperl5.30:amd64 (5.30.0-9ubuntu0.3) ...\r\nSelecting previously unselected package perl.\r\nPreparing to unpack .../09-perl_5.30.0-9ubuntu0.3_amd64.deb ...\r\nUnpacking perl (5.30.0-9ubuntu0.3) ...\r\nSelecting previously unselected package libpython2.7-minimal:amd64.\r\nPreparing to unpack .../10-libpython2.7-minimal_2.7.18-1~20.04.3_amd64.deb ...\r\nUnpacking libpython2.7-minimal:amd64 (2.7.18-1~20.04.3) ...\r\nSelecting previously unselected package python2.7-minimal.\r\nPreparing to unpack .../11-python2.7-minimal_2.7.18-1~20.04.3_amd64.deb ...\r\nUnpacking python2.7-minimal (2.7.18-1~20.04.3) ...\r\nSelecting previously unselected package python2-minimal.\r\nPreparing to unpack .../12-python2-minimal_2.7.17-2ubuntu4_amd64.deb ...\r\nUnpacking python2-minimal (2.7.17-2ubuntu4) ...\r\nSelecting previously unselected package libpython2.7-stdlib:amd64.\r\nPreparing to unpack .../13-libpython2.7-stdlib_2.7.18-1~20.04.3_amd64.deb ...\r\nUnpacking libpython2.7-stdlib:amd64 (2.7.18-1~20.04.3) ...\r\nSelecting previously unselected package python2.7.\r\nPreparing to unpack .../14-python2.7_2.7.18-1~20.04.3_amd64.deb ...\r\nUnpacking python2.7 (2.7.18-1~20.04.3) ...\r\nSelecting previously unselected package libpython2-stdlib:amd64.\r\nPreparing to unpack .../15-libpython2-stdlib_2.7.17-2ubuntu4_amd64.deb ...\r\nUnpacking libpython2-stdlib:amd64 (2.7.17-2ubuntu4) ...\r\nSetting up libpython2.7-minimal:amd64 (2.7.18-1~20.04.3) ...\r\nSetting up python2.7-minimal (2.7.18-1~20.04.3) ...\r\nSetting up python2-minimal (2.7.17-2ubuntu4) ...\r\nSelecting previously unselected package python2.\r\n(Reading database ... \r(Reading database ... 5%\r(Reading database ... 10%\r(Reading database ... 15%\r(Reading database ... 20%\r(Reading database ... 25%\r(Reading database ... 30%\r(Reading database ... 35%\r(Reading database ... 40%\r(Reading database ... 45%\r(Reading database ... 50%\r(Reading database ... 55%\r(Reading database ... 60%\r(Reading database ... 65%\r(Reading database ... 70%\r(Reading database ... 75%\r(Reading database ... 80%\r(Reading database ... 85%\r(Reading database ... 90%\r(Reading database ... 95%\r(Reading database ... 100%\r(Reading database ... 10620 files and directories currently installed.)\r\nPreparing to unpack .../python2_2.7.17-2ubuntu4_amd64.deb ...\r\nUnpacking python2 (2.7.17-2ubuntu4) ...\r\nPreparing to unpack .../gpgv_2.2.19-3ubuntu2.2_amd64.deb ...\r\nUnpacking gpgv (2.2.19-3ubuntu2.2) over (2.2.19-3ubuntu2.1) ...\r\nSetting up gpgv (2.2.19-3ubuntu2.2) ...\r\nSelecting previously unselected package less.\r\n(Reading database ... \r(Reading database ... 5%\r(Reading database ... 10%\r(Reading database ... 15%\r(Reading database ... 20%\r(Reading database ... 25%\r(Reading database ... 30%\r(Reading database ... 35%\r(Reading database ... 40%\r(Reading database ... 45%\r(Reading database ... 50%\r(Reading database ... 55%\r(Reading database ... 60%\r(Reading database ... 65%\r(Reading database ... 70%\r(Reading database ... 75%\r(Reading database ... 80%\r(Reading database ... 85%\r(Reading database ... 90%\r(Reading database ... 95%\r(Reading database ... 100%\r(Reading database ... 10650 files and directories currently installed.)\r\nPreparing to unpack .../000-less_551-1ubuntu0.1_amd64.deb ...\r\nUnpacking less (551-1ubuntu0.1) ...\r\nSelecting previously unselected package libbsd0:amd64.\r\nPreparing to unpack .../001-libbsd0_0.10.0-1_amd64.deb ...\r\nUnpacking libbsd0:amd64 (0.10.0-1) ...\r\nSelecting previously unselected package netbase.\r\nPreparing to unpack .../002-netbase_6.1_all.deb ...\r\nUnpacking netbase (6.1) ...\r\nSelecting previously unselected package xxd.\r\nPreparing to unpack .../003-xxd_2%3a8.1.2269-1ubuntu5.9_amd64.deb ...\r\nUnpacking xxd (2:8.1.2269-1ubuntu5.9) ...\r\nSelecting previously unselected package vim-common.\r\nPreparing to unpack .../004-vim-common_2%3a8.1.2269-1ubuntu5.9_all.deb ...\r\nUnpacking vim-common (2:8.1.2269-1ubuntu5.9) ...\r\nSelecting previously unselected package xz-utils.\r\nPreparing to unpack .../005-xz-utils_5.2.4-1ubuntu1.1_amd64.deb ...\r\nUnpacking xz-utils (5.2.4-1ubuntu1.1) ...\r\nSelecting previously unselected package libcbor0.6:amd64.\r\nPreparing to unpack .../006-libcbor0.6_0.6.0-0ubuntu1_amd64.deb ...\r\nUnpacking libcbor0.6:amd64 (0.6.0-0ubuntu1) ...\r\nSelecting previously unselected package libedit2:amd64.\r\nPreparing to unpack .../007-libedit2_3.1-20191231-1_amd64.deb ...\r\nUnpacking libedit2:amd64 (3.1-20191231-1) ...\r\nSelecting previously unselected package libfido2-1:amd64.\r\nPreparing to unpack .../008-libfido2-1_1.3.1-1ubuntu2_amd64.deb ...\r\nUnpacking libfido2-1:amd64 (1.3.1-1ubuntu2) ...\r\nSelecting previously unselected package libxau6:amd64.\r\nPreparing to unpack .../009-libxau6_1%3a1.0.9-0ubuntu1_amd64.deb ...\r\nUnpacking libxau6:amd64 (1:1.0.9-0ubuntu1) ...\r\nSelecting previously unselected package libxdmcp6:amd64.\r\nPreparing to unpack .../010-libxdmcp6_1%3a1.1.3-0ubuntu1_amd64.deb ...\r\nUnpacking libxdmcp6:amd64 (1:1.1.3-0ubuntu1) ...\r\nSelecting previously unselected package libxcb1:amd64.\r\nPreparing to unpack .../011-libxcb1_1.14-2_amd64.deb ...\r\nUnpacking libxcb1:amd64 (1.14-2) ...\r\nSelecting previously unselected package libx11-data.\r\nPreparing to unpack .../012-libx11-data_2%3a1.6.9-2ubuntu1.2_all.deb ...\r\nUnpacking libx11-data (2:1.6.9-2ubuntu1.2) ...\r\nSelecting previously unselected package libx11-6:amd64.\r\nPreparing to unpack .../013-libx11-6_2%3a1.6.9-2ubuntu1.2_amd64.deb ...\r\nUnpacking libx11-6:amd64 (2:1.6.9-2ubuntu1.2) ...\r\nSelecting previously unselected package libxext6:amd64.\r\nPreparing to unpack .../014-libxext6_2%3a1.3.4-0ubuntu1_amd64.deb ...\r\nUnpacking libxext6:amd64 (2:1.3.4-0ubuntu1) ...\r\nSelecting previously unselected package libxmuu1:amd64.\r\nPreparing to unpack .../015-libxmuu1_2%3a1.1.3-0ubuntu1_amd64.deb ...\r\nUnpacking libxmuu1:amd64 (2:1.1.3-0ubuntu1) ...\r\nSelecting previously unselected package manpages.\r\nPreparing to unpack .../016-manpages_5.05-1_all.deb ...\r\nUnpacking manpages (5.05-1) ...\r\nSelecting previously unselected package nano.\r\nPreparing to unpack .../017-nano_4.8-1ubuntu1_amd64.deb ...\r\nUnpacking nano (4.8-1ubuntu1) ...\r\nSelecting previously unselected package openssh-client.\r\nPreparing to unpack .../018-openssh-client_1%3a8.2p1-4ubuntu0.5_amd64.deb ...\r\nUnpacking openssh-client (1:8.2p1-4ubuntu0.5) ...\r\nSelecting previously unselected package wget.\r\nPreparing to unpack .../019-wget_1.20.3-1ubuntu2_amd64.deb ...\r\nUnpacking wget (1.20.3-1ubuntu2) ...\r\nSelecting previously unselected package xauth.\r\nPreparing to unpack .../020-xauth_1%3a1.1-0ubuntu1_amd64.deb ...\r\nUnpacking xauth (1:1.1-0ubuntu1) ...\r\nSelecting previously unselected package alsa-topology-conf.\r\nPreparing to unpack .../021-alsa-topology-conf_1.2.2-1_all.deb ...\r\nUnpacking alsa-topology-conf (1.2.2-1) ...\r\nSelecting previously unselected package alsa-ucm-conf.\r\nPreparing to unpack .../022-alsa-ucm-conf_1.2.2-1ubuntu0.13_all.deb ...\r\nUnpacking alsa-ucm-conf (1.2.2-1ubuntu0.13) ...\r\nSelecting previously unselected package binutils-common:amd64.\r\nPreparing to unpack .../023-binutils-common_2.34-6ubuntu1.4_amd64.deb ...\r\nUnpacking binutils-common:amd64 (2.34-6ubuntu1.4) ...\r\nSelecting previously unselected package libbinutils:amd64.\r\nPreparing to unpack .../024-libbinutils_2.34-6ubuntu1.4_amd64.deb ...\r\nUnpacking libbinutils:amd64 (2.34-6ubuntu1.4) ...\r\nSelecting previously unselected package libctf-nobfd0:amd64.\r\nPreparing to unpack .../025-libctf-nobfd0_2.34-6ubuntu1.4_amd64.deb ...\r\nUnpacking libctf-nobfd0:amd64 (2.34-6ubuntu1.4) ...\r\nSelecting previously unselected package libctf0:amd64.\r\nPreparing to unpack .../026-libctf0_2.34-6ubuntu1.4_amd64.deb ...\r\nUnpacking libctf0:amd64 (2.34-6ubuntu1.4) ...\r\nSelecting previously unselected package binutils-x86-64-linux-gnu.\r\nPreparing to unpack .../027-binutils-x86-64-linux-gnu_2.34-6ubuntu1.4_amd64.deb ...\r\nUnpacking binutils-x86-64-linux-gnu (2.34-6ubuntu1.4) ...\r\nSelecting previously unselected package binutils.\r\nPreparing to unpack .../028-binutils_2.34-6ubuntu1.4_amd64.deb ...\r\nUnpacking binutils (2.34-6ubuntu1.4) ...\r\nSelecting previously unselected package libc-dev-bin.\r\nPreparing to unpack .../029-libc-dev-bin_2.31-0ubuntu9.9_amd64.deb ...\r\nUnpacking libc-dev-bin (2.31-0ubuntu9.9) ...\r\nSelecting previously unselected package linux-libc-dev:amd64.\r\nPreparing to unpack .../030-linux-libc-dev_5.4.0-135.152_amd64.deb ...\r\nUnpacking linux-libc-dev:amd64 (5.4.0-135.152) ...\r\nSelecting previously unselected package libcrypt-dev:amd64.\r\nPreparing to unpack .../031-libcrypt-dev_1%3a4.4.10-10ubuntu4_amd64.deb ...\r\nUnpacking libcrypt-dev:amd64 (1:4.4.10-10ubuntu4) ...\r\nSelecting previously unselected package libc6-dev:amd64.\r\nPreparing to unpack .../032-libc6-dev_2.31-0ubuntu9.9_amd64.deb ...\r\nUnpacking libc6-dev:amd64 (2.31-0ubuntu9.9) ...\r\nSelecting previously unselected package gcc-9-base:amd64.\r\nPreparing to unpack .../033-gcc-9-base_9.4.0-1ubuntu1~20.04.1_amd64.deb ...\r\nUnpacking gcc-9-base:amd64 (9.4.0-1ubuntu1~20.04.1) ...\r\nSelecting previously unselected package libisl22:amd64.\r\nPreparing to unpack .../034-libisl22_0.22.1-1_amd64.deb ...\r\nUnpacking libisl22:amd64 (0.22.1-1) ...\r\nSelecting previously unselected package libmpfr6:amd64.\r\nPreparing to unpack .../035-libmpfr6_4.0.2-1_amd64.deb ...\r\nUnpacking libmpfr6:amd64 (4.0.2-1) ...\r\nSelecting previously unselected package libmpc3:amd64.\r\nPreparing to unpack .../036-libmpc3_1.1.0-1_amd64.deb ...\r\nUnpacking libmpc3:amd64 (1.1.0-1) ...\r\nSelecting previously unselected package cpp-9.\r\nPreparing to unpack .../037-cpp-9_9.4.0-1ubuntu1~20.04.1_amd64.deb ...\r\nUnpacking cpp-9 (9.4.0-1ubuntu1~20.04.1) ...\r\nSelecting previously unselected package cpp.\r\nPreparing to unpack .../038-cpp_4%3a9.3.0-1ubuntu2_amd64.deb ...\r\nUnpacking cpp (4:9.3.0-1ubuntu2) ...\r\nSelecting previously unselected package libcc1-0:amd64.\r\nPreparing to unpack .../039-libcc1-0_10.3.0-1ubuntu1~20.04_amd64.deb ...\r\nUnpacking libcc1-0:amd64 (10.3.0-1ubuntu1~20.04) ...\r\nSelecting previously unselected package libgomp1:amd64.\r\nPreparing to unpack .../040-libgomp1_10.3.0-1ubuntu1~20.04_amd64.deb ...\r\nUnpacking libgomp1:amd64 (10.3.0-1ubuntu1~20.04) ...\r\nSelecting previously unselected package libitm1:amd64.\r\nPreparing to unpack .../041-libitm1_10.3.0-1ubuntu1~20.04_amd64.deb ...\r\nUnpacking libitm1:amd64 (10.3.0-1ubuntu1~20.04) ...\r\nSelecting previously unselected package libatomic1:amd64.\r\nPreparing to unpack .../042-libatomic1_10.3.0-1ubuntu1~20.04_amd64.deb ...\r\nUnpacking libatomic1:amd64 (10.3.0-1ubuntu1~20.04) ...\r\nSelecting previously unselected package libasan5:amd64.\r\nPreparing to unpack .../043-libasan5_9.4.0-1ubuntu1~20.04.1_amd64.deb ...\r\nUnpacking libasan5:amd64 (9.4.0-1ubuntu1~20.04.1) ...\r\nSelecting previously unselected package liblsan0:amd64.\r\nPreparing to unpack .../044-liblsan0_10.3.0-1ubuntu1~20.04_amd64.deb ...\r\nUnpacking liblsan0:amd64 (10.3.0-1ubuntu1~20.04) ...\r\nSelecting previously unselected package libtsan0:amd64.\r\nPreparing to unpack .../045-libtsan0_10.3.0-1ubuntu1~20.04_amd64.deb ...\r\nUnpacking libtsan0:amd64 (10.3.0-1ubuntu1~20.04) ...\r\nSelecting previously unselected package libubsan1:amd64.\r\nPreparing to unpack .../046-libubsan1_10.3.0-1ubuntu1~20.04_amd64.deb ...\r\nUnpacking libubsan1:amd64 (10.3.0-1ubuntu1~20.04) ...\r\nSelecting previously unselected package libgcc-9-dev:amd64.\r\nPreparing to unpack .../047-libgcc-9-dev_9.4.0-1ubuntu1~20.04.1_amd64.deb ...\r\nUnpacking libgcc-9-dev:amd64 (9.4.0-1ubuntu1~20.04.1) ...\r\nSelecting previously unselected package gcc-9.\r\nPreparing to unpack .../048-gcc-9_9.4.0-1ubuntu1~20.04.1_amd64.deb ...\r\nUnpacking gcc-9 (9.4.0-1ubuntu1~20.04.1) ...\r\nSelecting previously unselected package gcc.\r\nPreparing to unpack .../049-gcc_4%3a9.3.0-1ubuntu2_amd64.deb ...\r\nUnpacking gcc (4:9.3.0-1ubuntu2) ...\r\nSelecting previously unselected package libstdc++-9-dev:amd64.\r\nPreparing to unpack .../050-libstdc++-9-dev_9.4.0-1ubuntu1~20.04.1_amd64.deb ...\r\nUnpacking libstdc++-9-dev:amd64 (9.4.0-1ubuntu1~20.04.1) ...\r\nSelecting previously unselected package g++-9.\r\nPreparing to unpack .../051-g++-9_9.4.0-1ubuntu1~20.04.1_amd64.deb ...\r\nUnpacking g++-9 (9.4.0-1ubuntu1~20.04.1) ...\r\nSelecting previously unselected package g++.\r\nPreparing to unpack .../052-g++_4%3a9.3.0-1ubuntu2_amd64.deb ...\r\nUnpacking g++ (4:9.3.0-1ubuntu2) ...\r\nSelecting previously unselected package make.\r\nPreparing to unpack .../053-make_4.2.1-1.2_amd64.deb ...\r\nUnpacking make (4.2.1-1.2) ...\r\nSelecting previously unselected package libdpkg-perl.\r\nPreparing to unpack .../054-libdpkg-perl_1.19.7ubuntu3.2_all.deb ...\r\nUnpacking libdpkg-perl (1.19.7ubuntu3.2) ...\r\nSelecting previously unselected package patch.\r\nPreparing to unpack .../055-patch_2.7.6-6_amd64.deb ...\r\nUnpacking patch (2.7.6-6) ...\r\nSelecting previously unselected package dpkg-dev.\r\nPreparing to unpack .../056-dpkg-dev_1.19.7ubuntu3.2_all.deb ...\r\nUnpacking dpkg-dev (1.19.7ubuntu3.2) ...\r\nSelecting previously unselected package build-essential.\r\nPreparing to unpack .../057-build-essential_12.8ubuntu1.1_amd64.deb ...\r\nUnpacking build-essential (12.8ubuntu1.1) ...\r\nSelecting previously unselected package libassuan0:amd64.\r\nPreparing to unpack .../058-libassuan0_2.5.3-7ubuntu2_amd64.deb ...\r\nUnpacking libassuan0:amd64 (2.5.3-7ubuntu2) ...\r\nSelecting previously unselected package gpgconf.\r\nPreparing to unpack .../059-gpgconf_2.2.19-3ubuntu2.2_amd64.deb ...\r\nUnpacking gpgconf (2.2.19-3ubuntu2.2) ...\r\nSelecting previously unselected package libksba8:amd64.\r\nPreparing to unpack .../060-libksba8_1.3.5-2ubuntu0.20.04.1_amd64.deb ...\r\nUnpacking libksba8:amd64 (1.3.5-2ubuntu0.20.04.1) ...\r\nSelecting previously unselected package libnpth0:amd64.\r\nPreparing to unpack .../061-libnpth0_1.6-1_amd64.deb ...\r\nUnpacking libnpth0:amd64 (1.6-1) ...\r\nSelecting previously unselected package dirmngr.\r\nPreparing to unpack .../062-dirmngr_2.2.19-3ubuntu2.2_amd64.deb ...\r\nUnpacking dirmngr (2.2.19-3ubuntu2.2) ...\r\nSelecting previously unselected package libfakeroot:amd64.\r\nPreparing to unpack .../063-libfakeroot_1.24-1_amd64.deb ...\r\nUnpacking libfakeroot:amd64 (1.24-1) ...\r\nSelecting previously unselected package fakeroot.\r\nPreparing to unpack .../064-fakeroot_1.24-1_amd64.deb ...\r\nUnpacking fakeroot (1.24-1) ...\r\nSelecting previously unselected package liberror-perl.\r\nPreparing to unpack .../065-liberror-perl_0.17029-1_all.deb ...\r\nUnpacking liberror-perl (0.17029-1) ...\r\nSelecting previously unselected package git-man.\r\nPreparing to unpack .../066-git-man_1%3a2.25.1-1ubuntu3.6_all.deb ...\r\nUnpacking git-man (1:2.25.1-1ubuntu3.6) ...\r\nSelecting previously unselected package git.\r\nPreparing to unpack .../067-git_1%3a2.25.1-1ubuntu3.6_amd64.deb ...\r\nUnpacking git (1:2.25.1-1ubuntu3.6) ...\r\nSelecting previously unselected package gnupg-l10n.\r\nPreparing to unpack .../068-gnupg-l10n_2.2.19-3ubuntu2.2_all.deb ...\r\nUnpacking gnupg-l10n (2.2.19-3ubuntu2.2) ...\r\nSelecting previously unselected package gnupg-utils.\r\nPreparing to unpack .../069-gnupg-utils_2.2.19-3ubuntu2.2_amd64.deb ...\r\nUnpacking gnupg-utils (2.2.19-3ubuntu2.2) ...\r\nSelecting previously unselected package gpg.\r\nPreparing to unpack .../070-gpg_2.2.19-3ubuntu2.2_amd64.deb ...\r\nUnpacking gpg (2.2.19-3ubuntu2.2) ...\r\nSelecting previously unselected package pinentry-curses.\r\nPreparing to unpack .../071-pinentry-curses_1.1.0-3build1_amd64.deb ...\r\nUnpacking pinentry-curses (1.1.0-3build1) ...\r\nSelecting previously unselected package gpg-agent.\r\nPreparing to unpack .../072-gpg-agent_2.2.19-3ubuntu2.2_amd64.deb ...\r\nUnpacking gpg-agent (2.2.19-3ubuntu2.2) ...\r\nSelecting previously unselected package gpg-wks-client.\r\nPreparing to unpack .../073-gpg-wks-client_2.2.19-3ubuntu2.2_amd64.deb ...\r\nUnpacking gpg-wks-client (2.2.19-3ubuntu2.2) ...\r\nSelecting previously unselected package gpg-wks-server.\r\nPreparing to unpack .../074-gpg-wks-server_2.2.19-3ubuntu2.2_amd64.deb ...\r\nUnpacking gpg-wks-server (2.2.19-3ubuntu2.2) ...\r\nSelecting previously unselected package gpgsm.\r\nPreparing to unpack .../075-gpgsm_2.2.19-3ubuntu2.2_amd64.deb ...\r\nUnpacking gpgsm (2.2.19-3ubuntu2.2) ...\r\nSelecting previously unselected package gnupg.\r\nPreparing to unpack .../076-gnupg_2.2.19-3ubuntu2.2_all.deb ...\r\nUnpacking gnupg (2.2.19-3ubuntu2.2) ...\r\nSelecting previously unselected package libalgorithm-diff-perl.\r\nPreparing to unpack .../077-libalgorithm-diff-perl_1.19.03-2_all.deb ...\r\nUnpacking libalgorithm-diff-perl (1.19.03-2) ...\r\nSelecting previously unselected package libalgorithm-diff-xs-perl.\r\nPreparing to unpack .../078-libalgorithm-diff-xs-perl_0.04-6_amd64.deb ...\r\nUnpacking libalgorithm-diff-xs-perl (0.04-6) ...\r\nSelecting previously unselected package libalgorithm-merge-perl.\r\nPreparing to unpack .../079-libalgorithm-merge-perl_0.08-3_all.deb ...\r\nUnpacking libalgorithm-merge-perl (0.08-3) ...\r\nSelecting previously unselected package libasound2-data.\r\nPreparing to unpack .../080-libasound2-data_1.2.2-2.1ubuntu2.5_all.deb ...\r\nUnpacking libasound2-data (1.2.2-2.1ubuntu2.5) ...\r\nSelecting previously unselected package libasound2:amd64.\r\nPreparing to unpack .../081-libasound2_1.2.2-2.1ubuntu2.5_amd64.deb ...\r\nUnpacking libasound2:amd64 (1.2.2-2.1ubuntu2.5) ...\r\nSelecting previously unselected package libltdl7:amd64.\r\nPreparing to unpack .../082-libltdl7_2.4.6-14_amd64.deb ...\r\nUnpacking libltdl7:amd64 (2.4.6-14) ...\r\nSelecting previously unselected package libtdb1:amd64.\r\nPreparing to unpack .../083-libtdb1_1.4.3-0ubuntu0.20.04.1_amd64.deb ...\r\nUnpacking libtdb1:amd64 (1.4.3-0ubuntu0.20.04.1) ...\r\nSelecting previously unselected package libogg0:amd64.\r\nPreparing to unpack .../084-libogg0_1.3.4-0ubuntu1_amd64.deb ...\r\nUnpacking libogg0:amd64 (1.3.4-0ubuntu1) ...\r\nSelecting previously unselected package libvorbis0a:amd64.\r\nPreparing to unpack .../085-libvorbis0a_1.3.6-2ubuntu1_amd64.deb ...\r\nUnpacking libvorbis0a:amd64 (1.3.6-2ubuntu1) ...\r\nSelecting previously unselected package libvorbisfile3:amd64.\r\nPreparing to unpack .../086-libvorbisfile3_1.3.6-2ubuntu1_amd64.deb ...\r\nUnpacking libvorbisfile3:amd64 (1.3.6-2ubuntu1) ...\r\nSelecting previously unselected package sound-theme-freedesktop.\r\nPreparing to unpack .../087-sound-theme-freedesktop_0.8-2ubuntu1_all.deb ...\r\nUnpacking sound-theme-freedesktop (0.8-2ubuntu1) ...\r\nSelecting previously unselected package libcanberra0:amd64.\r\nPreparing to unpack .../088-libcanberra0_0.30-7ubuntu1_amd64.deb ...\r\nUnpacking libcanberra0:amd64 (0.30-7ubuntu1) ...\r\nSelecting previously unselected package libexpat1-dev:amd64.\r\nPreparing to unpack .../089-libexpat1-dev_2.2.9-1ubuntu0.6_amd64.deb ...\r\nUnpacking libexpat1-dev:amd64 (2.2.9-1ubuntu0.6) ...\r\nSelecting previously unselected package libfile-fcntllock-perl.\r\nPreparing to unpack .../090-libfile-fcntllock-perl_0.22-3build4_amd64.deb ...\r\nUnpacking libfile-fcntllock-perl (0.22-3build4) ...\r\nSelecting previously unselected package libgpm2:amd64.\r\nPreparing to unpack .../091-libgpm2_1.20.7-5_amd64.deb ...\r\nUnpacking libgpm2:amd64 (1.20.7-5) ...\r\nPreparing to unpack .../092-libpq5_12.12-0ubuntu0.20.04.1_amd64.deb ...\r\nUnpacking libpq5:amd64 (12.12-0ubuntu0.20.04.1) over (12.8-0ubuntu0.20.04.1) ...\r\nSelecting previously unselected package libpq-dev.\r\nPreparing to unpack .../093-libpq-dev_12.12-0ubuntu0.20.04.1_amd64.deb ...\r\nUnpacking libpq-dev (12.12-0ubuntu0.20.04.1) ...\r\nSelecting previously unselected package libpython2.7:amd64.\r\nPreparing to unpack .../094-libpython2.7_2.7.18-1~20.04.3_amd64.deb ...\r\nUnpacking libpython2.7:amd64 (2.7.18-1~20.04.3) ...\r\nSelecting previously unselected package libpython2.7-dev:amd64.\r\nPreparing to unpack .../095-libpython2.7-dev_2.7.18-1~20.04.3_amd64.deb ...\r\nUnpacking libpython2.7-dev:amd64 (2.7.18-1~20.04.3) ...\r\nSelecting previously unselected package libpython2-dev:amd64.\r\nPreparing to unpack .../096-libpython2-dev_2.7.17-2ubuntu4_amd64.deb ...\r\nUnpacking libpython2-dev:amd64 (2.7.17-2ubuntu4) ...\r\nSelecting previously unselected package libpython3.8-dev:amd64.\r\nPreparing to unpack .../097-libpython3.8-dev_3.8.10-0ubuntu1~20.04.6_amd64.deb ...\r\nUnpacking libpython3.8-dev:amd64 (3.8.10-0ubuntu1~20.04.6) ...\r\nSelecting previously unselected package libpython3-dev:amd64.\r\nPreparing to unpack .../098-libpython3-dev_3.8.2-0ubuntu2_amd64.deb ...\r\nUnpacking libpython3-dev:amd64 (3.8.2-0ubuntu2) ...\r\nSelecting previously unselected package manpages-dev.\r\nPreparing to unpack .../099-manpages-dev_5.05-1_all.deb ...\r\nUnpacking manpages-dev (5.05-1) ...\r\nSelecting previously unselected package python-is-python2.\r\nPreparing to unpack .../100-python-is-python2_2.7.17-4_all.deb ...\r\nUnpacking python-is-python2 (2.7.17-4) ...\r\nSelecting previously unselected package python2.7-dev.\r\nPreparing to unpack .../101-python2.7-dev_2.7.18-1~20.04.3_amd64.deb ...\r\nUnpacking python2.7-dev (2.7.18-1~20.04.3) ...\r\nSelecting previously unselected package python2-dev.\r\nPreparing to unpack .../102-python2-dev_2.7.17-2ubuntu4_amd64.deb ...\r\nUnpacking python2-dev (2.7.17-2ubuntu4) ...\r\nSelecting previously unselected package python-dev-is-python2.\r\nPreparing to unpack .../103-python-dev-is-python2_2.7.17-4_all.deb ...\r\nUnpacking python-dev-is-python2 (2.7.17-4) ...\r\nSelecting previously unselected package python-pip-whl.\r\nPreparing to unpack .../104-python-pip-whl_20.0.2-5ubuntu1.6_all.deb ...\r\nUnpacking python-pip-whl (20.0.2-5ubuntu1.6) ...\r\nSelecting previously unselected package zlib1g-dev:amd64.\r\nPreparing to unpack .../105-zlib1g-dev_1%3a1.2.11.dfsg-2ubuntu1.5_amd64.deb ...\r\nUnpacking zlib1g-dev:amd64 (1:1.2.11.dfsg-2ubuntu1.5) ...\r\nSelecting previously unselected package python3.8-dev.\r\nPreparing to unpack .../106-python3.8-dev_3.8.10-0ubuntu1~20.04.6_amd64.deb ...\r\nUnpacking python3.8-dev (3.8.10-0ubuntu1~20.04.6) ...\r\nSelecting previously unselected package python3-lib2to3.\r\nPreparing to unpack .../107-python3-lib2to3_3.8.10-0ubuntu1~20.04_all.deb ...\r\nUnpacking python3-lib2to3 (3.8.10-0ubuntu1~20.04) ...\r\nSelecting previously unselected package python3-distutils.\r\nPreparing to unpack .../108-python3-distutils_3.8.10-0ubuntu1~20.04_all.deb ...\r\nUnpacking python3-distutils (3.8.10-0ubuntu1~20.04) ...\r\nSelecting previously unselected package python3-dev.\r\nPreparing to unpack .../109-python3-dev_3.8.2-0ubuntu2_amd64.deb ...\r\nUnpacking python3-dev (3.8.2-0ubuntu2) ...\r\nSelecting previously unselected package python3-setuptools.\r\nPreparing to unpack .../110-python3-setuptools_45.2.0-1_all.deb ...\r\nUnpacking python3-setuptools (45.2.0-1) ...\r\nSelecting previously unselected package python3-wheel.\r\nPreparing to unpack .../111-python3-wheel_0.34.2-1_all.deb ...\r\nUnpacking python3-wheel (0.34.2-1) ...\r\nSelecting previously unselected package python3-pip.\r\nPreparing to unpack .../112-python3-pip_20.0.2-5ubuntu1.6_all.deb ...\r\nUnpacking python3-pip (20.0.2-5ubuntu1.6) ...\r\nSelecting previously unselected package tini.\r\nPreparing to unpack .../113-tini_0.18.0-1_amd64.deb ...\r\nUnpacking tini (0.18.0-1) ...\r\nSelecting previously unselected package vim-runtime.\r\nPreparing to unpack .../114-vim-runtime_2%3a8.1.2269-1ubuntu5.9_all.deb ...\r\nAdding 'diversion of /usr/share/vim/vim81/doc/help.txt to /usr/share/vim/vim81/doc/help.txt.vim-tiny by vim-runtime'\r\nAdding 'diversion of /usr/share/vim/vim81/doc/tags to /usr/share/vim/vim81/doc/tags.vim-tiny by vim-runtime'\r\nUnpacking vim-runtime (2:8.1.2269-1ubuntu5.9) ...\r\nSelecting previously unselected package vim.\r\nPreparing to unpack .../115-vim_2%3a8.1.2269-1ubuntu5.9_amd64.deb ...\r\nUnpacking vim (2:8.1.2269-1ubuntu5.9) ...\r\nSetting up libksba8:amd64 (1.3.5-2ubuntu0.20.04.1) ...\r\nSetting up libexpat1:amd64 (2.2.9-1ubuntu0.6) ...\r\nSetting up libxau6:amd64 (1:1.0.9-0ubuntu1) ...\r\nSetting up libpython3.8-minimal:amd64 (3.8.10-0ubuntu1~20.04.6) ...\r\nSetting up libgpm2:amd64 (1.20.7-5) ...\r\nSetting up libogg0:amd64 (1.3.4-0ubuntu1) ...\r\nSetting up perl-modules-5.30 (5.30.0-9ubuntu0.3) ...\r\nSetting up wget (1.20.3-1ubuntu2) ...\r\nSetting up alsa-ucm-conf (1.2.2-1ubuntu0.13) ...\r\nSetting up manpages (5.05-1) ...\r\nSetting up libtdb1:amd64 (1.4.3-0ubuntu0.20.04.1) ...\r\nSetting up binutils-common:amd64 (2.34-6ubuntu1.4) ...\r\nSetting up libpq5:amd64 (12.12-0ubuntu0.20.04.1) ...\r\nSetting up less (551-1ubuntu0.1) ...\r\nSetting up linux-libc-dev:amd64 (5.4.0-135.152) ...\r\nSetting up libctf-nobfd0:amd64 (2.34-6ubuntu1.4) ...\r\nSetting up libpq-dev (12.12-0ubuntu0.20.04.1) ...\r\nSetting up libnpth0:amd64 (1.6-1) ...\r\nSetting up libassuan0:amd64 (2.5.3-7ubuntu2) ...\r\nSetting up libgomp1:amd64 (10.3.0-1ubuntu1~20.04) ...\r\nSetting up libcbor0.6:amd64 (0.6.0-0ubuntu1) ...\r\nSetting up python3-wheel (0.34.2-1) ...\r\nSetting up xxd (2:8.1.2269-1ubuntu5.9) ...\r\nSetting up libfakeroot:amd64 (1.24-1) ...\r\nSetting up libpython2.7-stdlib:amd64 (2.7.18-1~20.04.3) ...\r\nSetting up fakeroot (1.24-1) ...\r\nupdate-alternatives: using /usr/bin/fakeroot-sysv to provide /usr/bin/fakeroot (fakeroot) in auto mode\r\nupdate-alternatives: warning: skip creation of /usr/share/man/man1/fakeroot.1.gz because associated file /usr/share/man/man1/fakeroot-sysv.1.gz (of link group fakeroot) doesn't exist\r\nupdate-alternatives: warning: skip creation of /usr/share/man/man1/faked.1.gz because associated file /usr/share/man/man1/faked-sysv.1.gz (of link group fakeroot) doesn't exist\r\nupdate-alternatives: warning: skip creation of /usr/share/man/es/man1/fakeroot.1.gz because associated file /usr/share/man/es/man1/fakeroot-sysv.1.gz (of link group fakeroot) doesn't exist\r\nupdate-alternatives: warning: skip creation of /usr/share/man/es/man1/faked.1.gz because associated file /usr/share/man/es/man1/faked-sysv.1.gz (of link group fakeroot) doesn't exist\r\nupdate-alternatives: warning: skip creation of /usr/share/man/fr/man1/fakeroot.1.gz because associated file /usr/share/man/fr/man1/fakeroot-sysv.1.gz (of link group fakeroot) doesn't exist\r\nupdate-alternatives: warning: skip creation of /usr/share/man/fr/man1/faked.1.gz because associated file /usr/share/man/fr/man1/faked-sysv.1.gz (of link group fakeroot) doesn't exist\r\nupdate-alternatives: warning: skip creation of /usr/share/man/sv/man1/fakeroot.1.gz because associated file /usr/share/man/sv/man1/fakeroot-sysv.1.gz (of link group fakeroot) doesn't exist\r\nupdate-alternatives: warning: skip creation of /usr/share/man/sv/man1/faked.1.gz because associated file /usr/share/man/sv/man1/faked-sysv.1.gz (of link group fakeroot) doesn't exist\r\nSetting up libasound2-data (1.2.2-2.1ubuntu2.5) ...\r\nSetting up vim-common (2:8.1.2269-1ubuntu5.9) ...\r\nSetting up libx11-data (2:1.6.9-2ubuntu1.2) ...\r\nSetting up make (4.2.1-1.2) ...\r\nSetting up libmpfr6:amd64 (4.0.2-1) ...\r\nSetting up gnupg-l10n (2.2.19-3ubuntu2.2) ...\r\nSetting up xz-utils (5.2.4-1ubuntu1.1) ...\r\nupdate-alternatives: using /usr/bin/xz to provide /usr/bin/lzma (lzma) in auto mode\r\nupdate-alternatives: warning: skip creation of /usr/share/man/man1/lzma.1.gz because associated file /usr/share/man/man1/xz.1.gz (of link group lzma) doesn't exist\r\nupdate-alternatives: warning: skip creation of /usr/share/man/man1/unlzma.1.gz because associated file /usr/share/man/man1/unxz.1.gz (of link group lzma) doesn't exist\r\nupdate-alternatives: warning: skip creation of /usr/share/man/man1/lzcat.1.gz because associated file /usr/share/man/man1/xzcat.1.gz (of link group lzma) doesn't exist\r\nupdate-alternatives: warning: skip creation of /usr/share/man/man1/lzmore.1.gz because associated file /usr/share/man/man1/xzmore.1.gz (of link group lzma) doesn't exist\r\nupdate-alternatives: warning: skip creation of /usr/share/man/man1/lzless.1.gz because associated file /usr/share/man/man1/xzless.1.gz (of link group lzma) doesn't exist\r\nupdate-alternatives: warning: skip creation of /usr/share/man/man1/lzdiff.1.gz because associated file /usr/share/man/man1/xzdiff.1.gz (of link group lzma) doesn't exist\r\nupdate-alternatives: warning: skip creation of /usr/share/man/man1/lzcmp.1.gz because associated file /usr/share/man/man1/xzcmp.1.gz (of link group lzma) doesn't exist\r\nupdate-alternatives: warning: skip creation of /usr/share/man/man1/lzgrep.1.gz because associated file /usr/share/man/man1/xzgrep.1.gz (of link group lzma) doesn't exist\r\nupdate-alternatives: warning: skip creation of /usr/share/man/man1/lzegrep.1.gz because associated file /usr/share/man/man1/xzegrep.1.gz (of link group lzma) doesn't exist\r\nupdate-alternatives: warning: skip creation of /usr/share/man/man1/lzfgrep.1.gz because associated file /usr/share/man/man1/xzfgrep.1.gz (of link group lzma) doesn't exist\r\nSetting up libmpc3:amd64 (1.1.0-1) ...\r\nSetting up libatomic1:amd64 (10.3.0-1ubuntu1~20.04) ...\r\nSetting up libvorbis0a:amd64 (1.3.6-2ubuntu1) ...\r\nSetting up tini (0.18.0-1) ...\r\nSetting up patch (2.7.6-6) ...\r\nSetting up libltdl7:amd64 (2.4.6-14) ...\r\nSetting up libubsan1:amd64 (10.3.0-1ubuntu1~20.04) ...\r\nSetting up nano (4.8-1ubuntu1) ...\r\nupdate-alternatives: using /bin/nano to provide /usr/bin/editor (editor) in auto mode\r\nupdate-alternatives: warning: skip creation of /usr/share/man/man1/editor.1.gz because associated file /usr/share/man/man1/nano.1.gz (of link group editor) doesn't exist\r\nupdate-alternatives: using /bin/nano to provide /usr/bin/pico (pico) in auto mode\r\nupdate-alternatives: warning: skip creation of /usr/share/man/man1/pico.1.gz because associated file /usr/share/man/man1/nano.1.gz (of link group pico) doesn't exist\r\nSetting up alsa-topology-conf (1.2.2-1) ...\r\nSetting up python3.8-minimal (3.8.10-0ubuntu1~20.04.6) ...\r\nSetting up sound-theme-freedesktop (0.8-2ubuntu1) ...\r\nSetting up libcrypt-dev:amd64 (1:4.4.10-10ubuntu4) ...\r\nSetting up libasound2:amd64 (1.2.2-2.1ubuntu2.5) ...\r\nSetting up gpgconf (2.2.19-3ubuntu2.2) ...\r\nSetting up git-man (1:2.25.1-1ubuntu3.6) ...\r\nSetting up libisl22:amd64 (0.22.1-1) ...\r\nSetting up netbase (6.1) ...\r\nSetting up python-pip-whl (20.0.2-5ubuntu1.6) ...\r\nSetting up libbinutils:amd64 (2.34-6ubuntu1.4) ...\r\nSetting up vim-runtime (2:8.1.2269-1ubuntu5.9) ...\r\nSetting up libpython3.8-stdlib:amd64 (3.8.10-0ubuntu1~20.04.6) ...\r\nSetting up libfido2-1:amd64 (1.3.1-1ubuntu2) ...\r\nSetting up libc-dev-bin (2.31-0ubuntu9.9) ...\r\nSetting up python3.8 (3.8.10-0ubuntu1~20.04.6) ...\r\nSetting up libbsd0:amd64 (0.10.0-1) ...\r\nSetting up python3-lib2to3 (3.8.10-0ubuntu1~20.04) ...\r\nSetting up libcc1-0:amd64 (10.3.0-1ubuntu1~20.04) ...\r\nSetting up liblocale-gettext-perl (1.07-4) ...\r\nSetting up gpg (2.2.19-3ubuntu2.2) ...\r\nSetting up liblsan0:amd64 (10.3.0-1ubuntu1~20.04) ...\r\nSetting up libitm1:amd64 (10.3.0-1ubuntu1~20.04) ...\r\nSetting up libgdbm6:amd64 (1.18.1-5) ...\r\nSetting up gcc-9-base:amd64 (9.4.0-1ubuntu1~20.04.1) ...\r\nSetting up gnupg-utils (2.2.19-3ubuntu2.2) ...\r\nSetting up libtsan0:amd64 (10.3.0-1ubuntu1~20.04) ...\r\nSetting up libctf0:amd64 (2.34-6ubuntu1.4) ...\r\nSetting up python3-distutils (3.8.10-0ubuntu1~20.04) ...\r\nSetting up pinentry-curses (1.1.0-3build1) ...\r\nSetting up manpages-dev (5.05-1) ...\r\nSetting up libxdmcp6:amd64 (1:1.1.3-0ubuntu1) ...\r\nSetting up libpython2.7:amd64 (2.7.18-1~20.04.3) ...\r\nSetting up libxcb1:amd64 (1.14-2) ...\r\nSetting up gpg-agent (2.2.19-3ubuntu2.2) ...\r\nSetting up python3-setuptools (45.2.0-1) ...\r\nSetting up python2.7 (2.7.18-1~20.04.3) ...\r\nSetting up libpython2-stdlib:amd64 (2.7.17-2ubuntu4) ...\r\nSetting up libedit2:amd64 (3.1-20191231-1) ...\r\nSetting up gpgsm (2.2.19-3ubuntu2.2) ...\r\nSetting up python2 (2.7.17-2ubuntu4) ...\r\nSetting up dirmngr (2.2.19-3ubuntu2.2) ...\r\nSetting up libvorbisfile3:amd64 (1.3.6-2ubuntu1) ...\r\nSetting up libasan5:amd64 (9.4.0-1ubuntu1~20.04.1) ...\r\nSetting up libpython3.8:amd64 (3.8.10-0ubuntu1~20.04.6) ...\r\nSetting up libgdbm-compat4:amd64 (1.18.1-5) ...\r\nSetting up python3-pip (20.0.2-5ubuntu1.6) ...\r\nSetting up gpg-wks-server (2.2.19-3ubuntu2.2) ...\r\nSetting up cpp-9 (9.4.0-1ubuntu1~20.04.1) ...\r\nSetting up libperl5.30:amd64 (5.30.0-9ubuntu0.3) ...\r\nSetting up libc6-dev:amd64 (2.31-0ubuntu9.9) ...\r\nSetting up libx11-6:amd64 (2:1.6.9-2ubuntu1.2) ...\r\nSetting up libxmuu1:amd64 (2:1.1.3-0ubuntu1) ...\r\nSetting up python-is-python2 (2.7.17-4) ...\r\nSetting up binutils-x86-64-linux-gnu (2.34-6ubuntu1.4) ...\r\nSetting up libcanberra0:amd64 (0.30-7ubuntu1) ...\r\nSetting up vim (2:8.1.2269-1ubuntu5.9) ...\r\nupdate-alternatives: using /usr/bin/vim.basic to provide /usr/bin/vim (vim) in auto mode\r\nupdate-alternatives: using /usr/bin/vim.basic to provide /usr/bin/vimdiff (vimdiff) in auto mode\r\nupdate-alternatives: using /usr/bin/vim.basic to provide /usr/bin/rvim (rvim) in auto mode\r\nupdate-alternatives: using /usr/bin/vim.basic to provide /usr/bin/rview (rview) in auto mode\r\nupdate-alternatives: using /usr/bin/vim.basic to provide /usr/bin/vi (vi) in auto mode\r\nupdate-alternatives: warning: skip creation of /usr/share/man/da/man1/vi.1.gz because associated file /usr/share/man/da/man1/vim.1.gz (of link group vi) doesn't exist\r\nupdate-alternatives: warning: skip creation of /usr/share/man/de/man1/vi.1.gz because associated file /usr/share/man/de/man1/vim.1.gz (of link group vi) doesn't exist\r\nupdate-alternatives: warning: skip creation of /usr/share/man/fr/man1/vi.1.gz because associated file /usr/share/man/fr/man1/vim.1.gz (of link group vi) doesn't exist\r\nupdate-alternatives: warning: skip creation of /usr/share/man/it/man1/vi.1.gz because associated file /usr/share/man/it/man1/vim.1.gz (of link group vi) doesn't exist\r\nupdate-alternatives: warning: skip creation of /usr/share/man/ja/man1/vi.1.gz because associated file /usr/share/man/ja/man1/vim.1.gz (of link group vi) doesn't exist\r\nupdate-alternatives: warning: skip creation of /usr/share/man/pl/man1/vi.1.gz because associated file /usr/share/man/pl/man1/vim.1.gz (of link group vi) doesn't exist\r\nupdate-alternatives: warning: skip creation of /usr/share/man/ru/man1/vi.1.gz because associated file /usr/share/man/ru/man1/vim.1.gz (of link group vi) doesn't exist\r\nupdate-alternatives: warning: skip creation of /usr/share/man/man1/vi.1.gz because associated file /usr/share/man/man1/vim.1.gz (of link group vi) doesn't exist\r\nupdate-alternatives: using /usr/bin/vim.basic to provide /usr/bin/view (view) in auto mode\r\nupdate-alternatives: warning: skip creation of /usr/share/man/da/man1/view.1.gz because associated file /usr/share/man/da/man1/vim.1.gz (of link group view) doesn't exist\r\nupdate-alternatives: warning: skip creation of /usr/share/man/de/man1/view.1.gz because associated file /usr/share/man/de/man1/vim.1.gz (of link group view) doesn't exist\r\nupdate-alternatives: warning: skip creation of /usr/share/man/fr/man1/view.1.gz because associated file /usr/share/man/fr/man1/vim.1.gz (of link group view) doesn't exist\r\nupdate-alternatives: warning: skip creation of /usr/share/man/it/man1/view.1.gz because associated file /usr/share/man/it/man1/vim.1.gz (of link group view) doesn't exist\r\nupdate-alternatives: warning: skip creation of /usr/share/man/ja/man1/view.1.gz because associated file /usr/share/man/ja/man1/vim.1.gz (of link group view) doesn't exist\r\nupdate-alternatives: warning: skip creation of /usr/share/man/pl/man1/view.1.gz because associated file /usr/share/man/pl/man1/vim.1.gz (of link group view) doesn't exist\r\nupdate-alternatives: warning: skip creation of /usr/share/man/ru/man1/view.1.gz because associated file /usr/share/man/ru/man1/vim.1.gz (of link group view) doesn't exist\r\nupdate-alternatives: warning: skip creation of /usr/share/man/man1/view.1.gz because associated file /usr/share/man/man1/vim.1.gz (of link group view) doesn't exist\r\nupdate-alternatives: using /usr/bin/vim.basic to provide /usr/bin/ex (ex) in auto mode\r\nupdate-alternatives: warning: skip creation of /usr/share/man/da/man1/ex.1.gz because associated file /usr/share/man/da/man1/vim.1.gz (of link group ex) doesn't exist\r\nupdate-alternatives: warning: skip creation of /usr/share/man/de/man1/ex.1.gz because associated file /usr/share/man/de/man1/vim.1.gz (of link group ex) doesn't exist\r\nupdate-alternatives: warning: skip creation of /usr/share/man/fr/man1/ex.1.gz because associated file /usr/share/man/fr/man1/vim.1.gz (of link group ex) doesn't exist\r\nupdate-alternatives: warning: skip creation of /usr/share/man/it/man1/ex.1.gz because associated file /usr/share/man/it/man1/vim.1.gz (of link group ex) doesn't exist\r\nupdate-alternatives: warning: skip creation of /usr/share/man/ja/man1/ex.1.gz because associated file /usr/share/man/ja/man1/vim.1.gz (of link group ex) doesn't exist\r\nupdate-alternatives: warning: skip creation of /usr/share/man/pl/man1/ex.1.gz because associated file /usr/share/man/pl/man1/vim.1.gz (of link group ex) doesn't exist\r\nupdate-alternatives: warning: skip creation of /usr/share/man/ru/man1/ex.1.gz because associated file /usr/share/man/ru/man1/vim.1.gz (of link group ex) doesn't exist\r\nupdate-alternatives: warning: skip creation of /usr/share/man/man1/ex.1.gz because associated file /usr/share/man/man1/vim.1.gz (of link group ex) doesn't exist\r\nSetting up gpg-wks-client (2.2.19-3ubuntu2.2) ...\r\nSetting up openssh-client (1:8.2p1-4ubuntu0.5) ...\r\nSetting up libxext6:amd64 (2:1.3.4-0ubuntu1) ...\r\nSetting up binutils (2.34-6ubuntu1.4) ...\r\nSetting up libgcc-9-dev:amd64 (9.4.0-1ubuntu1~20.04.1) ...\r\nSetting up perl (5.30.0-9ubuntu0.3) ...\r\nSetting up libexpat1-dev:amd64 (2.2.9-1ubuntu0.6) ...\r\nSetting up libpython3.8-dev:amd64 (3.8.10-0ubuntu1~20.04.6) ...\r\nSetting up libdpkg-perl (1.19.7ubuntu3.2) ...\r\nSetting up zlib1g-dev:amd64 (1:1.2.11.dfsg-2ubuntu1.5) ...\r\nSetting up xauth (1:1.1-0ubuntu1) ...\r\nSetting up cpp (4:9.3.0-1ubuntu2) ...\r\nSetting up gnupg (2.2.19-3ubuntu2.2) ...\r\nSetting up gcc-9 (9.4.0-1ubuntu1~20.04.1) ...\r\nSetting up libpython2.7-dev:amd64 (2.7.18-1~20.04.3) ...\r\nSetting up libpython3-dev:amd64 (3.8.2-0ubuntu2) ...\r\nSetting up libstdc++-9-dev:amd64 (9.4.0-1ubuntu1~20.04.1) ...\r\nSetting up libfile-fcntllock-perl (0.22-3build4) ...\r\nSetting up libalgorithm-diff-perl (1.19.03-2) ...\r\nSetting up gcc (4:9.3.0-1ubuntu2) ...\r\nSetting up dpkg-dev (1.19.7ubuntu3.2) ...\r\nSetting up liberror-perl (0.17029-1) ...\r\nSetting up git (1:2.25.1-1ubuntu3.6) ...\r\nSetting up g++-9 (9.4.0-1ubuntu1~20.04.1) ...\r\nSetting up python3.8-dev (3.8.10-0ubuntu1~20.04.6) ...\r\nSetting up g++ (4:9.3.0-1ubuntu2) ...\r\nupdate-alternatives: using /usr/bin/g++ to provide /usr/bin/c++ (c++) in auto mode\r\nupdate-alternatives: warning: skip creation of /usr/share/man/man1/c++.1.gz because associated file /usr/share/man/man1/g++.1.gz (of link group c++) doesn't exist\r\nSetting up build-essential (12.8ubuntu1.1) ...\r\nSetting up libpython2-dev:amd64 (2.7.17-2ubuntu4) ...\r\nSetting up libalgorithm-diff-xs-perl (0.04-6) ...\r\nSetting up libalgorithm-merge-perl (0.08-3) ...\r\nSetting up python2.7-dev (2.7.18-1~20.04.3) ...\r\nSetting up python2-dev (2.7.17-2ubuntu4) ...\r\nSetting up python-dev-is-python2 (2.7.17-4) ...\r\nSetting up python3-dev (3.8.2-0ubuntu2) ...\r\nProcessing triggers for libc-bin (2.31-0ubuntu9.2) ...\r\nProcessing triggers for mime-support (3.64ubuntu1) ...\r\nReading package lists...\nBuilding dependency tree...\nReading state information...\nReading package lists...\nBuilding dependency tree...\nReading state information...\n0 upgraded, 0 newly installed, 0 to remove and 68 not upgraded.\nRemoving intermediate container e68021f964c2\n ---> 59d19e5bff8a\nStep 4/21 : ARG ENVIRONMENT=test\n ---> Running in 15c2a5b9468a\nRemoving intermediate container 15c2a5b9468a\n ---> 5ba03ecd3f2f\nStep 5/21 : RUN echo \"Environment is: $ENVIRONMENT\"\n ---> Running in 76cb897cab40\nEnvironment is: test\nRemoving intermediate container 76cb897cab40\n ---> 1f81f50ad1b8\nStep 6/21 : RUN mkdir -p /conf\n ---> Running in 9b9cd2151f83\nRemoving intermediate container 9b9cd2151f83\n ---> 5985d79f07e5\nStep 7/21 : COPY requirements /conf/\n ---> 14ab67e94ace\nStep 8/21 : RUN pip install -r /conf/setup.txt\n ---> Running in 5f8cb5e47ad7\nCollecting attrs==22.1.0\n  Downloading attrs-22.1.0-py2.py3-none-any.whl (58 kB)\nCollecting build==0.8.0\n  Downloading build-0.8.0-py3-none-any.whl (17 kB)\nCollecting certifi==2022.12.7\n  Downloading certifi-2022.12.7-py3-none-any.whl (155 kB)\nCollecting cfgv==3.3.1\n  Downloading cfgv-3.3.1-py2.py3-none-any.whl (7.3 kB)\nCollecting click==8.1.3\n  Downloading click-8.1.3-py3-none-any.whl (96 kB)\nCollecting coverage[toml]==6.5.0\n  Downloading coverage-6.5.0-cp38-cp38-manylinux_2_5_x86_64.manylinux1_x86_64.manylinux_2_17_x86_64.manylinux2014_x86_64.whl (214 kB)\nCollecting distlib==0.3.6\n  Downloading distlib-0.3.6-py2.py3-none-any.whl (468 kB)\nCollecting filelock==3.8.0\n  Downloading filelock-3.8.0-py3-none-any.whl (10 kB)\nCollecting identify==2.5.6\n  Downloading identify-2.5.6-py2.py3-none-any.whl (98 kB)\nCollecting iniconfig==1.1.1\n  Downloading iniconfig-1.1.1-py2.py3-none-any.whl (5.0 kB)\nCollecting nodeenv==1.7.0\n  Downloading nodeenv-1.7.0-py2.py3-none-any.whl (21 kB)\nCollecting packaging==21.3\n  Downloading packaging-21.3-py3-none-any.whl (40 kB)\nCollecting pep517==0.13.0\n  Downloading pep517-0.13.0-py3-none-any.whl (18 kB)\nCollecting pip-tools==6.9.0\n  Downloading pip_tools-6.9.0-py3-none-any.whl (52 kB)\nCollecting platformdirs==2.5.2\n  Downloading platformdirs-2.5.2-py3-none-any.whl (14 kB)\nCollecting pluggy==1.0.0\n  Downloading pluggy-1.0.0-py2.py3-none-any.whl (13 kB)\nCollecting pre-commit==2.20.0\n  Downloading pre_commit-2.20.0-py2.py3-none-any.whl (199 kB)\nCollecting py==1.11.0\n  Downloading py-1.11.0-py2.py3-none-any.whl (98 kB)\nCollecting pydantic==1.10.2\n  Downloading pydantic-1.10.2-cp38-cp38-manylinux_2_17_x86_64.manylinux2014_x86_64.whl (13.6 MB)\nCollecting pyparsing==3.0.9\n  Downloading pyparsing-3.0.9-py3-none-any.whl (98 kB)\nCollecting pyproj==3.4.0\n  Downloading pyproj-3.4.0-cp38-cp38-manylinux_2_17_x86_64.manylinux2014_x86_64.whl (7.8 MB)\nCollecting pytest==7.1.3\n  Downloading pytest-7.1.3-py3-none-any.whl (298 kB)\nCollecting pytest-cov==4.0.0\n  Downloading pytest_cov-4.0.0-py3-none-any.whl (21 kB)\nCollecting pyyaml==6.0\n  Downloading PyYAML-6.0-cp38-cp38-manylinux_2_5_x86_64.manylinux1_x86_64.manylinux_2_12_x86_64.manylinux2010_x86_64.whl (701 kB)\nCollecting toml==0.10.2\n  Downloading toml-0.10.2-py2.py3-none-any.whl (16 kB)\nCollecting tomli==2.0.1\n  Downloading tomli-2.0.1-py3-none-any.whl (12 kB)\nCollecting typing-extensions==4.4.0\n  Downloading typing_extensions-4.4.0-py3-none-any.whl (26 kB)\nCollecting virtualenv==20.16.5\n  Downloading virtualenv-20.16.5-py3-none-any.whl (8.8 MB)\nCollecting wheel==0.37.1\n  Downloading wheel-0.37.1-py2.py3-none-any.whl (35 kB)\nRequirement already satisfied: setuptools in /usr/lib/python3/dist-packages (from nodeenv==1.7.0->-r /conf/setup.txt (line 27)) (45.2.0)\nCollecting pip>=21.2\n  Downloading pip-22.3.1-py3-none-any.whl (2.1 MB)\nInstalling collected packages: attrs, tomli, pyparsing, packaging, pep517, build, certifi, cfgv, click, coverage, distlib, filelock, identify, iniconfig, nodeenv, pip, wheel, pip-tools, platformdirs, pluggy, toml, virtualenv, pyyaml, pre-commit, py, typing-extensions, pydantic, pyproj, pytest, pytest-cov\n  Attempting uninstall: pip\n    Found existing installation: pip 20.0.2\n    Not uninstalling pip at /usr/lib/python3/dist-packages, outside environment /usr\n    Can't uninstall 'pip'. No files were found to uninstall.\n  Attempting uninstall: wheel\n    Found existing installation: wheel 0.34.2\n    Not uninstalling wheel at /usr/lib/python3/dist-packages, outside environment /usr\n    Can't uninstall 'wheel'. No files were found to uninstall.\nSuccessfully installed attrs-22.1.0 build-0.8.0 certifi-2022.12.7 cfgv-3.3.1 click-8.1.3 coverage-6.5.0 distlib-0.3.6 filelock-3.8.0 identify-2.5.6 iniconfig-1.1.1 nodeenv-1.7.0 packaging-21.3 pep517-0.13.0 pip-22.3.1 pip-tools-6.9.0 platformdirs-2.5.2 pluggy-1.0.0 pre-commit-2.20.0 py-1.11.0 pydantic-1.10.2 pyparsing-3.0.9 pyproj-3.4.0 pytest-7.1.3 pytest-cov-4.0.0 pyyaml-6.0 toml-0.10.2 tomli-2.0.1 typing-extensions-4.4.0 virtualenv-20.16.5 wheel-0.37.1\nRemoving intermediate container 5f8cb5e47ad7\n ---> a64abb38684e\nStep 9/21 : ENV PATH=/usr/local/bin:$PATH\n ---> Running in e16b7d7fcb3b\nRemoving intermediate container e16b7d7fcb3b\n ---> a19ce631b32d\nStep 10/21 : RUN pip install -r /conf/${ENVIRONMENT}.txt\n ---> Running in a05a94574309\nCollecting affine==2.3.1\n  Downloading affine-2.3.1-py2.py3-none-any.whl (16 kB)\nCollecting alabaster==0.7.12\n  Downloading alabaster-0.7.12-py2.py3-none-any.whl (14 kB)\nRequirement already satisfied: attrs==22.1.0 in /usr/local/lib/python3.8/dist-packages (from -r /conf/test.txt (line 14)) (22.1.0)\nCollecting babel==2.10.3\n  Downloading Babel-2.10.3-py3-none-any.whl (9.5 MB)\n      9.5/9.5 MB 39.9 MB/s eta 0:00:00\nCollecting boltons==21.0.0\n  Downloading boltons-21.0.0-py2.py3-none-any.whl (193 kB)\n      193.7/193.7 kB 14.2 MB/s eta 0:00:00\nCollecting boto3==1.24.94\n  Downloading boto3-1.24.94-py3-none-any.whl (132 kB)\n      132.5/132.5 kB 9.6 MB/s eta 0:00:00\nCollecting botocore==1.27.94\n  Downloading botocore-1.27.94-py3-none-any.whl (9.3 MB)\n      9.3/9.3 MB 49.7 MB/s eta 0:00:00\nCollecting cachetools==5.2.0\n  Downloading cachetools-5.2.0-py3-none-any.whl (9.3 kB)\nCollecting cattrs==22.2.0\n  Downloading cattrs-22.2.0-py3-none-any.whl (35 kB)\nRequirement already satisfied: certifi==2022.12.7 in /usr/local/lib/python3.8/dist-packages (from -r /conf/test.txt (line 37)) (2022.12.7)\nCollecting cftime==1.6.2\n  Downloading cftime-1.6.2-cp38-cp38-manylinux_2_17_x86_64.manylinux2014_x86_64.whl (1.3 MB)\n      1.3/1.3 MB 45.9 MB/s eta 0:00:00\nCollecting charset-normalizer==2.1.1\n  Downloading charset_normalizer-2.1.1-py3-none-any.whl (39 kB)\nCollecting checksumdir==1.2.0\n  Downloading checksumdir-1.2.0-py3-none-any.whl (5.3 kB)\nCollecting ciso8601==2.2.0\n  Downloading ciso8601-2.2.0.tar.gz (18 kB)\n  Installing build dependencies: started\n  Installing build dependencies: finished with status 'done'\n  Getting requirements to build wheel: started\n  Getting requirements to build wheel: finished with status 'done'\n  Preparing metadata (pyproject.toml): started\n  Preparing metadata (pyproject.toml): finished with status 'done'\nRequirement already satisfied: click==8.1.3 in /usr/local/lib/python3.8/dist-packages (from -r /conf/test.txt (line 50)) (8.1.3)\nCollecting click-plugins==1.1.1\n  Downloading click_plugins-1.1.1-py2.py3-none-any.whl (7.5 kB)\nCollecting cligj==0.7.2\n  Downloading cligj-0.7.2-py3-none-any.whl (7.1 kB)\nCollecting cloudpickle==2.2.0\n  Downloading cloudpickle-2.2.0-py3-none-any.whl (25 kB)\nCollecting dask[array]==2022.10.0\n  Downloading dask-2022.10.0-py3-none-any.whl (1.1 MB)\n      1.1/1.1 MB 46.1 MB/s eta 0:00:00\nCollecting datacube==1.8.8\n  Downloading datacube-1.8.8-py2.py3-none-any.whl (351 kB)\n      351.4/351.4 kB 17.8 MB/s eta 0:00:00\nCollecting deepdiff==6.2.1\n  Downloading deepdiff-6.2.1-py3-none-any.whl (72 kB)\n      72.7/72.7 kB 6.4 MB/s eta 0:00:00\nCollecting defusedxml==0.7.1\n  Downloading defusedxml-0.7.1-py2.py3-none-any.whl (25 kB)\nCollecting distributed==2022.10.0\n  Downloading distributed-2022.10.0-py3-none-any.whl (908 kB)\n      908.6/908.6 kB 34.8 MB/s eta 0:00:00\nCollecting docutils==0.17.1\n  Downloading docutils-0.17.1-py2.py3-none-any.whl (575 kB)\n      575.5/575.5 kB 26.5 MB/s eta 0:00:00\nCollecting exceptiongroup==1.0.0rc9\n  Downloading exceptiongroup-1.0.0rc9-py3-none-any.whl (12 kB)\nCollecting flake8==5.0.4\n  Downloading flake8-5.0.4-py2.py3-none-any.whl (61 kB)\n      61.9/61.9 kB 2.9 MB/s eta 0:00:00\nCollecting fsspec==2022.10.0\n  Downloading fsspec-2022.10.0-py3-none-any.whl (138 kB)\n      138.8/138.8 kB 13.6 MB/s eta 0:00:00\nRequirement already satisfied: gdal==3.3.2 in /usr/lib/python3/dist-packages (from -r /conf/test.txt (line 90)) (3.3.2)\nCollecting geoalchemy2==0.12.5\n  Downloading GeoAlchemy2-0.12.5-py2.py3-none-any.whl (50 kB)\n      50.5/50.5 kB 3.4 MB/s eta 0:00:00\nCollecting greenlet==1.1.3.post0\n  Downloading greenlet-1.1.3.post0-cp38-cp38-manylinux_2_17_x86_64.manylinux2014_x86_64.whl (157 kB)\n      157.4/157.4 kB 211.4 kB/s eta 0:00:00\nCollecting h5py==3.7.0\n  Downloading h5py-3.7.0-cp38-cp38-manylinux_2_12_x86_64.manylinux2010_x86_64.whl (4.5 MB)\n      4.5/4.5 MB 15.3 MB/s eta 0:00:00\nCollecting heapdict==1.0.1\n  Downloading HeapDict-1.0.1-py3-none-any.whl (3.9 kB)\nCollecting idna==3.4\n  Downloading idna-3.4-py3-none-any.whl (61 kB)\n      61.5/61.5 kB 668.6 kB/s eta 0:00:00\nCollecting imageio==2.22.2\n  Downloading imageio-2.22.2-py3-none-any.whl (3.4 MB)\n      3.4/3.4 MB 28.4 MB/s eta 0:00:00\nCollecting imagesize==1.4.1\n  Downloading imagesize-1.4.1-py2.py3-none-any.whl (8.8 kB)\nCollecting importlib-metadata==5.0.0\n  Downloading importlib_metadata-5.0.0-py3-none-any.whl (21 kB)\nCollecting importlib-resources==5.10.0\n  Downloading importlib_resources-5.10.0-py3-none-any.whl (34 kB)\nRequirement already satisfied: iniconfig==1.1.1 in /usr/local/lib/python3.8/dist-packages (from -r /conf/test.txt (line 110)) (1.1.1)\nCollecting jinja2==3.1.2\n  Downloading Jinja2-3.1.2-py3-none-any.whl (133 kB)\n      133.1/133.1 kB 1.3 MB/s eta 0:00:00\nCollecting jmespath==1.0.1\n  Downloading jmespath-1.0.1-py3-none-any.whl (20 kB)\nCollecting jsonschema==4.16.0\n  Downloading jsonschema-4.16.0-py3-none-any.whl (83 kB)\n      83.1/83.1 kB 1.3 MB/s eta 0:00:00\nCollecting lark==1.1.3\n  Downloading lark-1.1.3-py3-none-any.whl (107 kB)\n      107.5/107.5 kB 1.4 MB/s eta 0:00:00\nCollecting locket==1.0.0\n  Downloading locket-1.0.0-py2.py3-none-any.whl (4.4 kB)\nCollecting markupsafe==2.1.1\n  Downloading MarkupSafe-2.1.1-cp38-cp38-manylinux_2_17_x86_64.manylinux2014_x86_64.whl (25 kB)\nCollecting mccabe==0.7.0\n  Downloading mccabe-0.7.0-py2.py3-none-any.whl (7.3 kB)\nCollecting mock==4.0.3\n  Downloading mock-4.0.3-py3-none-any.whl (28 kB)\nCollecting morecantile==3.1.2\n  Downloading morecantile-3.1.2.tar.gz (25 kB)\n  Preparing metadata (setup.py): started\n  Preparing metadata (setup.py): finished with status 'done'\nCollecting msgpack==1.0.4\n  Downloading msgpack-1.0.4-cp38-cp38-manylinux_2_17_x86_64.manylinux2014_x86_64.whl (322 kB)\n      322.5/322.5 kB 14.0 MB/s eta 0:00:00\nCollecting netcdf4==1.6.1\n  Downloading netCDF4-1.6.1-cp38-cp38-manylinux_2_17_x86_64.manylinux2014_x86_64.whl (5.1 MB)\n      5.1/5.1 MB 4.2 MB/s eta 0:00:00\nCollecting networkx==2.8.7\n  Downloading networkx-2.8.7-py3-none-any.whl (2.0 MB)\n      2.0/2.0 MB 10.2 MB/s eta 0:00:00\nCollecting numpy==1.23.4\n  Downloading numpy-1.23.4-cp38-cp38-manylinux_2_17_x86_64.manylinux2014_x86_64.whl (17.1 MB)\n      17.1/17.1 MB 23.2 MB/s eta 0:00:00\nCollecting ordered-set==4.1.0\n  Downloading ordered_set-4.1.0-py3-none-any.whl (7.6 kB)\nRequirement already satisfied: packaging==21.3 in /usr/local/lib/python3.8/dist-packages (from -r /conf/test.txt (line 166)) (21.3)\nCollecting pandas==1.5.1\n  Downloading pandas-1.5.1-cp38-cp38-manylinux_2_17_x86_64.manylinux2014_x86_64.whl (12.2 MB)\n      12.2/12.2 MB 21.4 MB/s eta 0:00:00\nCollecting partd==1.3.0\n  Downloading partd-1.3.0-py3-none-any.whl (18 kB)\nCollecting pep8-naming==0.13.2\n  Downloading pep8_naming-0.13.2-py3-none-any.whl (8.5 kB)\nCollecting pillow==9.3.0\n  Downloading Pillow-9.3.0-cp38-cp38-manylinux_2_28_x86_64.whl (3.3 MB)\n      3.3/3.3 MB 18.9 MB/s eta 0:00:00\nCollecting pkgutil-resolve-name==1.3.10\n  Downloading pkgutil_resolve_name-1.3.10-py3-none-any.whl (4.7 kB)\nRequirement already satisfied: pluggy==1.0.0 in /usr/local/lib/python3.8/dist-packages (from -r /conf/test.txt (line 189)) (1.0.0)\nCollecting psutil==5.9.3\n  Downloading psutil-5.9.3-cp38-cp38-manylinux_2_12_x86_64.manylinux2010_x86_64.manylinux_2_17_x86_64.manylinux2014_x86_64.whl (295 kB)\n      295.6/295.6 kB 4.2 MB/s eta 0:00:00\nCollecting psycopg2==2.9.4\n  Downloading psycopg2-2.9.4.tar.gz (384 kB)\n      384.0/384.0 kB 22.2 MB/s eta 0:00:00\n  Preparing metadata (setup.py): started\n  Preparing metadata (setup.py): finished with status 'done'\nRequirement already satisfied: py==1.11.0 in /usr/local/lib/python3.8/dist-packages (from -r /conf/test.txt (line 195)) (1.11.0)\nCollecting pycodestyle==2.9.1\n  Downloading pycodestyle-2.9.1-py2.py3-none-any.whl (41 kB)\n      41.5/41.5 kB 652.7 kB/s eta 0:00:00\nRequirement already satisfied: pydantic==1.10.2 in /usr/local/lib/python3.8/dist-packages (from -r /conf/test.txt (line 199)) (1.10.2)\nCollecting pyflakes==2.5.0\n  Downloading pyflakes-2.5.0-py2.py3-none-any.whl (66 kB)\n      66.1/66.1 kB 2.1 MB/s eta 0:00:00\nCollecting pygments==2.13.0\n  Downloading Pygments-2.13.0-py3-none-any.whl (1.1 MB)\n      1.1/1.1 MB 37.6 MB/s eta 0:00:00\nRequirement already satisfied: pyparsing==3.0.9 in /usr/local/lib/python3.8/dist-packages (from -r /conf/test.txt (line 207)) (3.0.9)\nRequirement already satisfied: pyproj==3.4.0 in /usr/local/lib/python3.8/dist-packages (from -r /conf/test.txt (line 211)) (3.4.0)\nCollecting pyrsistent==0.18.1\n  Downloading pyrsistent-0.18.1-cp38-cp38-manylinux_2_17_x86_64.manylinux2014_x86_64.whl (119 kB)\n      119.8/119.8 kB 7.5 MB/s eta 0:00:00\nCollecting pystac==1.6.1\n  Downloading pystac-1.6.1-py3-none-any.whl (146 kB)\n      146.0/146.0 kB 7.1 MB/s eta 0:00:00\nRequirement already satisfied: pytest==7.1.3 in /usr/local/lib/python3.8/dist-packages (from -r /conf/test.txt (line 220)) (7.1.3)\nCollecting python-dateutil==2.8.2\n  Downloading python_dateutil-2.8.2-py2.py3-none-any.whl (247 kB)\n      247.7/247.7 kB 18.5 MB/s eta 0:00:00\nCollecting python-rapidjson==1.9\n  Downloading python_rapidjson-1.9-cp38-cp38-manylinux_2_17_x86_64.manylinux2014_x86_64.whl (1.6 MB)\n      1.6/1.6 MB 28.0 MB/s eta 0:00:00\nCollecting pytz==2022.5\n  Downloading pytz-2022.5-py2.py3-none-any.whl (500 kB)\n      500.7/500.7 kB 1.6 MB/s eta 0:00:00\nCollecting pywavelets==1.4.1\n  Downloading PyWavelets-1.4.1-cp38-cp38-manylinux_2_17_x86_64.manylinux2014_x86_64.whl (6.9 MB)\n      6.9/6.9 MB 46.2 MB/s eta 0:00:00\nRequirement already satisfied: pyyaml==6.0 in /usr/local/lib/python3.8/dist-packages (from -r /conf/test.txt (line 236)) (6.0)\nCollecting rasterio==1.3.3\n  Downloading rasterio-1.3.3-cp38-cp38-manylinux_2_17_x86_64.manylinux2014_x86_64.whl (21.0 MB)\n      21.0/21.0 MB 3.2 MB/s eta 0:00:00\nCollecting requests==2.28.1\n  Downloading requests-2.28.1-py3-none-any.whl (62 kB)\n      62.8/62.8 kB 473.1 kB/s eta 0:00:00\nCollecting rio-cogeo==3.4.1\n  Downloading rio_cogeo-3.4.1-py3-none-any.whl (19 kB)\nCollecting ruamel-yaml==0.17.21\n  Downloading ruamel.yaml-0.17.21-py3-none-any.whl (109 kB)\n      109.5/109.5 kB 1.1 MB/s eta 0:00:00\nCollecting ruamel-yaml-clib==0.2.6\n  Downloading ruamel.yaml.clib-0.2.6-cp38-cp38-manylinux1_x86_64.whl (570 kB)\n      570.4/570.4 kB 18.9 MB/s eta 0:00:00\nCollecting s3transfer==0.6.0\n  Downloading s3transfer-0.6.0-py3-none-any.whl (79 kB)\n      79.6/79.6 kB 1.6 MB/s eta 0:00:00\nCollecting scikit-image==0.19.3\n  Downloading scikit_image-0.19.3-cp38-cp38-manylinux_2_17_x86_64.manylinux2014_x86_64.whl (14.0 MB)\n      14.0/14.0 MB 37.3 MB/s eta 0:00:00\nCollecting scipy==1.9.3\n  Downloading scipy-1.9.3-cp38-cp38-manylinux_2_17_x86_64.manylinux2014_x86_64.whl (33.8 MB)\n      33.8/33.8 MB 10.6 MB/s eta 0:00:00\nCollecting shapely==1.8.5.post1\n  Downloading Shapely-1.8.5.post1-cp38-cp38-manylinux_2_12_x86_64.manylinux2010_x86_64.whl (2.1 MB)\n      2.1/2.1 MB 14.6 MB/s eta 0:00:00\nCollecting six==1.16.0\n  Downloading six-1.16.0-py2.py3-none-any.whl (11 kB)\nCollecting snowballstemmer==2.2.0\n  Downloading snowballstemmer-2.2.0-py2.py3-none-any.whl (93 kB)\n      93.0/93.0 kB 1.2 MB/s eta 0:00:00\nCollecting snuggs==1.4.7\n  Downloading snuggs-1.4.7-py3-none-any.whl (5.4 kB)\nCollecting sortedcontainers==2.4.0\n  Downloading sortedcontainers-2.4.0-py2.py3-none-any.whl (29 kB)\nCollecting sphinx==5.3.0\n  Downloading sphinx-5.3.0-py3-none-any.whl (3.2 MB)\n      3.2/3.2 MB 33.7 MB/s eta 0:00:00\nCollecting sphinx-autodoc-typehints==1.19.4\n  Downloading sphinx_autodoc_typehints-1.19.4-py3-none-any.whl (12 kB)\nCollecting sphinx-rtd-theme==1.0.0\n  Downloading sphinx_rtd_theme-1.0.0-py2.py3-none-any.whl (2.8 MB)\n      2.8/2.8 MB 44.0 MB/s eta 0:00:00\nCollecting sphinxcontrib-applehelp==1.0.2\n  Downloading sphinxcontrib_applehelp-1.0.2-py2.py3-none-any.whl (121 kB)\n      121.2/121.2 kB 2.3 MB/s eta 0:00:00\nCollecting sphinxcontrib-devhelp==1.0.2\n  Downloading sphinxcontrib_devhelp-1.0.2-py2.py3-none-any.whl (84 kB)\n      84.7/84.7 kB 3.3 MB/s eta 0:00:00\nCollecting sphinxcontrib-htmlhelp==2.0.0\n  Downloading sphinxcontrib_htmlhelp-2.0.0-py2.py3-none-any.whl (100 kB)\n      100.5/100.5 kB 4.4 MB/s eta 0:00:00\nCollecting sphinxcontrib-jsmath==1.0.1\n  Downloading sphinxcontrib_jsmath-1.0.1-py2.py3-none-any.whl (5.1 kB)\nCollecting sphinxcontrib-qthelp==1.0.3\n  Downloading sphinxcontrib_qthelp-1.0.3-py2.py3-none-any.whl (90 kB)\n      90.6/90.6 kB 9.8 MB/s eta 0:00:00\nCollecting sphinxcontrib-serializinghtml==1.1.5\n  Downloading sphinxcontrib_serializinghtml-1.1.5-py2.py3-none-any.whl (94 kB)\n      94.0/94.0 kB 8.8 MB/s eta 0:00:00\nCollecting sqlalchemy==1.4.42\n  Downloading SQLAlchemy-1.4.42-cp38-cp38-manylinux_2_5_x86_64.manylinux1_x86_64.manylinux_2_17_x86_64.manylinux2014_x86_64.whl (1.6 MB)\n      1.6/1.6 MB 37.1 MB/s eta 0:00:00\nCollecting structlog==22.1.0\n  Downloading structlog-22.1.0-py3-none-any.whl (58 kB)\n      58.7/58.7 kB 2.7 MB/s eta 0:00:00\nCollecting tblib==1.7.0\n  Downloading tblib-1.7.0-py2.py3-none-any.whl (12 kB)\nCollecting tifffile==2022.10.10\n  Downloading tifffile-2022.10.10-py3-none-any.whl (210 kB)\n      210.3/210.3 kB 863.7 kB/s eta 0:00:00\nRequirement already satisfied: tomli==2.0.1 in /usr/local/lib/python3.8/dist-packages (from -r /conf/test.txt (line 304)) (2.0.1)\nCollecting toolz==0.12.0\n  Downloading toolz-0.12.0-py3-none-any.whl (55 kB)\n      55.8/55.8 kB 1.4 MB/s eta 0:00:00\nCollecting tornado==6.1\n  Downloading tornado-6.1-cp38-cp38-manylinux2010_x86_64.whl (427 kB)\n      427.5/427.5 kB 13.7 MB/s eta 0:00:00\nRequirement already satisfied: typing-extensions==4.4.0 in /usr/local/lib/python3.8/dist-packages (from -r /conf/test.txt (line 314)) (4.4.0)\nCollecting urllib3==1.26.12\n  Downloading urllib3-1.26.12-py2.py3-none-any.whl (140 kB)\n      140.4/140.4 kB 7.7 MB/s eta 0:00:00\nCollecting xarray==2022.10.0\n  Downloading xarray-2022.10.0-py3-none-any.whl (947 kB)\n      947.6/947.6 kB 20.6 MB/s eta 0:00:00\nCollecting zict==2.2.0\n  Downloading zict-2.2.0-py2.py3-none-any.whl (23 kB)\nCollecting zipp==3.9.0\n  Downloading zipp-3.9.0-py3-none-any.whl (5.8 kB)\nRequirement already satisfied: setuptools in /usr/lib/python3/dist-packages (from rasterio==1.3.3->-r /conf/test.txt (line 241)) (45.2.0)\nBuilding wheels for collected packages: ciso8601, morecantile, psycopg2\n  Building wheel for ciso8601 (pyproject.toml): started\n  Building wheel for ciso8601 (pyproject.toml): finished with status 'done'\n  Created wheel for ciso8601: filename=ciso8601-2.2.0-cp38-cp38-linux_x86_64.whl size=38356 sha256=baa6c127c61846ca5df42388b5bbfb0d0e12d56280bde54b21647b1441153eef\n  Stored in directory: /root/.cache/pip/wheels/f9/e4/88/caf067d89ea4e2ffe29255cb2ae81bfdc56d3d0437d4deb8d2\n  Building wheel for morecantile (setup.py): started\n  Building wheel for morecantile (setup.py): finished with status 'done'\n  Created wheel for morecantile: filename=morecantile-3.1.2-py3-none-any.whl size=32089 sha256=582371ff7c7008bc2705949b00b6af0f069584d2cb6485ed601feba00381a91f\n  Stored in directory: /root/.cache/pip/wheels/76/04/74/54140735d81cf870fea448c8738824fbcffb126f80f1c4fdb4\n  Building wheel for psycopg2 (setup.py): started\n  Building wheel for psycopg2 (setup.py): finished with status 'done'\n  Created wheel for psycopg2: filename=psycopg2-2.9.4-cp38-cp38-linux_x86_64.whl size=557594 sha256=97a09a8421e8f98e562db63d54a929d316fda177c83c151daeb1cc71dcf4d3c2\n  Stored in directory: /root/.cache/pip/wheels/49/ed/88/5f5e0d72dbcb4c7690866c159c5c6405f8ceaf5c43e638cbff\nSuccessfully built ciso8601 morecantile psycopg2\nInstalling collected packages: sortedcontainers, snowballstemmer, pytz, msgpack, lark, heapdict, ciso8601, boltons, alabaster, affine, zipp, zict, urllib3, tornado, toolz, tblib, structlog, sphinxcontrib-serializinghtml, sphinxcontrib-qthelp, sphinxcontrib-jsmath, sphinxcontrib-htmlhelp, sphinxcontrib-devhelp, sphinxcontrib-applehelp, six, shapely, ruamel-yaml-clib, python-rapidjson, pyrsistent, pygments, pyflakes, pycodestyle, psycopg2, psutil, pkgutil-resolve-name, pillow, ordered-set, numpy, networkx, mock, mccabe, markupsafe, locket, jmespath, imagesize, idna, greenlet, fsspec, exceptiongroup, docutils, defusedxml, cloudpickle, cligj, click-plugins, checksumdir, charset-normalizer, cachetools, babel, tifffile, sqlalchemy, snuggs, scipy, ruamel-yaml, requests, pywavelets, python-dateutil, partd, morecantile, jinja2, importlib-resources, importlib-metadata, imageio, h5py, flake8, deepdiff, cftime, cattrs, sphinx, scikit-image, rasterio, pystac, pep8-naming, pandas, netcdf4, jsonschema, geoalchemy2, dask, botocore, xarray, sphinx-rtd-theme, sphinx-autodoc-typehints, s3transfer, rio-cogeo, distributed, datacube, boto3\n  Attempting uninstall: numpy\n    Found existing installation: numpy 1.17.4\n    Uninstalling numpy-1.17.4:\n      Successfully uninstalled numpy-1.17.4\nSuccessfully installed affine-2.3.1 alabaster-0.7.12 babel-2.10.3 boltons-21.0.0 boto3-1.24.94 botocore-1.27.94 cachetools-5.2.0 cattrs-22.2.0 cftime-1.6.2 charset-normalizer-2.1.1 checksumdir-1.2.0 ciso8601-2.2.0 click-plugins-1.1.1 cligj-0.7.2 cloudpickle-2.2.0 dask-2022.10.0 datacube-1.8.8 deepdiff-6.2.1 defusedxml-0.7.1 distributed-2022.10.0 docutils-0.17.1 exceptiongroup-1.0.0rc9 flake8-5.0.4 fsspec-2022.10.0 geoalchemy2-0.12.5 greenlet-1.1.3.post0 h5py-3.7.0 heapdict-1.0.1 idna-3.4 imageio-2.22.2 imagesize-1.4.1 importlib-metadata-5.0.0 importlib-resources-5.10.0 jinja2-3.1.2 jmespath-1.0.1 jsonschema-4.16.0 lark-1.1.3 locket-1.0.0 markupsafe-2.1.1 mccabe-0.7.0 mock-4.0.3 morecantile-3.1.2 msgpack-1.0.4 netcdf4-1.6.1 networkx-2.8.7 numpy-1.23.4 ordered-set-4.1.0 pandas-1.5.1 partd-1.3.0 pep8-naming-0.13.2 pillow-9.3.0 pkgutil-resolve-name-1.3.10 psutil-5.9.3 psycopg2-2.9.4 pycodestyle-2.9.1 pyflakes-2.5.0 pygments-2.13.0 pyrsistent-0.18.1 pystac-1.6.1 python-dateutil-2.8.2 python-rapidjson-1.9 pytz-2022.5 pywavelets-1.4.1 rasterio-1.3.3 requests-2.28.1 rio-cogeo-3.4.1 ruamel-yaml-0.17.21 ruamel-yaml-clib-0.2.6 s3transfer-0.6.0 scikit-image-0.19.3 scipy-1.9.3 shapely-1.8.5.post1 six-1.16.0 snowballstemmer-2.2.0 snuggs-1.4.7 sortedcontainers-2.4.0 sphinx-5.3.0 sphinx-autodoc-typehints-1.19.4 sphinx-rtd-theme-1.0.0 sphinxcontrib-applehelp-1.0.2 sphinxcontrib-devhelp-1.0.2 sphinxcontrib-htmlhelp-2.0.0 sphinxcontrib-jsmath-1.0.1 sphinxcontrib-qthelp-1.0.3 sphinxcontrib-serializinghtml-1.1.5 sqlalchemy-1.4.42 structlog-22.1.0 tblib-1.7.0 tifffile-2022.10.10 toolz-0.12.0 tornado-6.1 urllib3-1.26.12 xarray-2022.10.0 zict-2.2.0 zipp-3.9.0\n\u001b[91mWARNING: Running pip as the 'root' user can result in broken permissions and conflicting behaviour with the system package manager. It is recommended to use a virtual environment instead: https://pip.pypa.io/warnings/venv\n\u001b[0mRemoving intermediate container a05a94574309\n ---> 6d17823fb1fe\nStep 11/21 : COPY .pre-commit-config.yaml /conf/\n ---> c84952b12e67\nStep 12/21 : RUN if [ \"$ENVIRONMENT\" = \"test\" ] ; then        mkdir -p ~/pre-commit        && cp /conf/.pre-commit-config.yaml ~/pre-commit        && cd ~/pre-commit        && git init        && pre-commit run        && rm -rf ~/pre-commit ;     fi\n ---> Running in b2179e80b657\nInitialized empty Git repository in /root/pre-commit/.git/\n[INFO] Initializing environment for https://github.com/Zac-HD/shed.\n[INFO] Initializing environment for https://github.com/PyCQA/flake8.\n[INFO] Initializing environment for https://github.com/PyCQA/flake8:dlint,flake8-broken-line,flake8-debugger,flake8-executable,flake8-logging-format,flake8-pep3101,flake8-pytest,pep8-naming.\n[INFO] Initializing environment for https://github.com/PyCQA/bandit.\n[INFO] Initializing environment for https://github.com/pre-commit/pre-commit-hooks.\n[INFO] Installing environment for https://github.com/Zac-HD/shed.\n[INFO] Once installed this environment will be reused.\n[INFO] This may take a few minutes...\n[INFO] Installing environment for https://github.com/PyCQA/flake8.\n[INFO] Once installed this environment will be reused.\n[INFO] This may take a few minutes...\n[INFO] Installing environment for https://github.com/PyCQA/bandit.\n[INFO] Once installed this environment will be reused.\n[INFO] This may take a few minutes...\n[INFO] Installing environment for https://github.com/pre-commit/pre-commit-hooks.\n[INFO] Once installed this environment will be reused.\n[INFO] This may take a few minutes...\nshed.................................................(no files to check)Skipped\nflake8...............................................(no files to check)Skipped\nbandit...............................................(no files to check)Skipped\ncheck for added large files..........................(no files to check)Skipped\ncheck for case conflicts.............................(no files to check)Skipped\ncheck docstring is first.............................(no files to check)Skipped\ncheck json...........................................(no files to check)Skipped\ncheck for merge conflicts............................(no files to check)Skipped\ncheck for broken symlinks............................(no files to check)Skipped\ncheck yaml...........................................(no files to check)Skipped\ndebug statements (python)............................(no files to check)Skipped\nfix end of files.....................................(no files to check)Skipped\nfix utf-8 byte order marker..........................(no files to check)Skipped\nmixed line ending....................................(no files to check)Skipped\npretty format json...................................(no files to check)Skipped\nfix requirements.txt.................................(no files to check)Skipped\ntrim trailing whitespace.............................(no files to check)Skipped\nRemoving intermediate container b2179e80b657\n ---> ee3756bc3e03\nStep 13/21 : ENV APPDIR=/code\n ---> Running in ace0bccf4bf9\nRemoving intermediate container ace0bccf4bf9\n ---> ca565010d106\nStep 14/21 : RUN mkdir -p $APPDIR\n ---> Running in 5bb8c93fdeb4\nRemoving intermediate container 5bb8c93fdeb4\n ---> c4a04f558067\nStep 15/21 : WORKDIR $APPDIR\n ---> Running in c4df67640ada\nRemoving intermediate container c4df67640ada\n ---> b5b24a1c03a0\nStep 16/21 : ADD . $APPDIR\n ---> 5b557b2862e5\nStep 17/21 : RUN if [ \"$ENVIRONMENT\" = \"deployment\" ] ; then        pip install .[$ENVIRONMENT] ;         rm -rf /code/* ;     else         pip install --no-use-pep517 --editable .[$ENVIRONMENT] ;     fi\n ---> Running in 19535e72fa5a\nObtaining file:///code\n  Preparing metadata (setup.py): started\n  Preparing metadata (setup.py): finished with status 'done'\nRequirement already satisfied: affine in /usr/local/lib/python3.8/dist-packages (from eodatasets3==0+untagged.1.g6bb9347.dirty) (2.3.1)\nRequirement already satisfied: attrs>=18.1 in /usr/local/lib/python3.8/dist-packages (from eodatasets3==0+untagged.1.g6bb9347.dirty) (22.1.0)\nRequirement already satisfied: boltons in /usr/local/lib/python3.8/dist-packages (from eodatasets3==0+untagged.1.g6bb9347.dirty) (21.0.0)\nRequirement already satisfied: boto3 in /usr/local/lib/python3.8/dist-packages (from eodatasets3==0+untagged.1.g6bb9347.dirty) (1.24.94)\nRequirement already satisfied: botocore in /usr/local/lib/python3.8/dist-packages (from eodatasets3==0+untagged.1.g6bb9347.dirty) (1.27.94)\nRequirement already satisfied: cattrs in /usr/local/lib/python3.8/dist-packages (from eodatasets3==0+untagged.1.g6bb9347.dirty) (22.2.0)\nRequirement already satisfied: ciso8601 in /usr/local/lib/python3.8/dist-packages (from eodatasets3==0+untagged.1.g6bb9347.dirty) (2.2.0)\nRequirement already satisfied: click in /usr/local/lib/python3.8/dist-packages (from eodatasets3==0+untagged.1.g6bb9347.dirty) (8.1.3)\nRequirement already satisfied: datacube in /usr/local/lib/python3.8/dist-packages (from eodatasets3==0+untagged.1.g6bb9347.dirty) (1.8.8)\nRequirement already satisfied: defusedxml in /usr/local/lib/python3.8/dist-packages (from eodatasets3==0+untagged.1.g6bb9347.dirty) (0.7.1)\nRequirement already satisfied: h5py in /usr/local/lib/python3.8/dist-packages (from eodatasets3==0+untagged.1.g6bb9347.dirty) (3.7.0)\nRequirement already satisfied: jsonschema>=3 in /usr/local/lib/python3.8/dist-packages (from eodatasets3==0+untagged.1.g6bb9347.dirty) (4.16.0)\nRequirement already satisfied: numpy>=1.15.4 in /usr/local/lib/python3.8/dist-packages (from eodatasets3==0+untagged.1.g6bb9347.dirty) (1.23.4)\nRequirement already satisfied: pyproj in /usr/local/lib/python3.8/dist-packages (from eodatasets3==0+untagged.1.g6bb9347.dirty) (3.4.0)\nRequirement already satisfied: pystac>=1.1.0 in /usr/local/lib/python3.8/dist-packages (from eodatasets3==0+untagged.1.g6bb9347.dirty) (1.6.1)\nRequirement already satisfied: python-rapidjson in /usr/local/lib/python3.8/dist-packages (from eodatasets3==0+untagged.1.g6bb9347.dirty) (1.9)\nRequirement already satisfied: rasterio in /usr/local/lib/python3.8/dist-packages (from eodatasets3==0+untagged.1.g6bb9347.dirty) (1.3.3)\nRequirement already satisfied: ruamel.yaml in /usr/local/lib/python3.8/dist-packages (from eodatasets3==0+untagged.1.g6bb9347.dirty) (0.17.21)\nRequirement already satisfied: scipy in /usr/local/lib/python3.8/dist-packages (from eodatasets3==0+untagged.1.g6bb9347.dirty) (1.9.3)\nRequirement already satisfied: shapely in /usr/local/lib/python3.8/dist-packages (from eodatasets3==0+untagged.1.g6bb9347.dirty) (1.8.5.post1)\nRequirement already satisfied: structlog in /usr/local/lib/python3.8/dist-packages (from eodatasets3==0+untagged.1.g6bb9347.dirty) (22.1.0)\nRequirement already satisfied: xarray in /usr/local/lib/python3.8/dist-packages (from eodatasets3==0+untagged.1.g6bb9347.dirty) (2022.10.0)\nRequirement already satisfied: checksumdir in /usr/local/lib/python3.8/dist-packages (from eodatasets3==0+untagged.1.g6bb9347.dirty) (1.2.0)\nRequirement already satisfied: deepdiff in /usr/local/lib/python3.8/dist-packages (from eodatasets3==0+untagged.1.g6bb9347.dirty) (6.2.1)\nRequirement already satisfied: gdal in /usr/lib/python3/dist-packages (from eodatasets3==0+untagged.1.g6bb9347.dirty) (3.3.2)\nRequirement already satisfied: mock in /usr/local/lib/python3.8/dist-packages (from eodatasets3==0+untagged.1.g6bb9347.dirty) (4.0.3)\nRequirement already satisfied: netCDF4 in /usr/local/lib/python3.8/dist-packages (from eodatasets3==0+untagged.1.g6bb9347.dirty) (1.6.1)\nRequirement already satisfied: pep8-naming in /usr/local/lib/python3.8/dist-packages (from eodatasets3==0+untagged.1.g6bb9347.dirty) (0.13.2)\nRequirement already satisfied: pytest in /usr/local/lib/python3.8/dist-packages (from eodatasets3==0+untagged.1.g6bb9347.dirty) (7.1.3)\nRequirement already satisfied: rio_cogeo in /usr/local/lib/python3.8/dist-packages (from eodatasets3==0+untagged.1.g6bb9347.dirty) (3.4.1)\nRequirement already satisfied: scikit-image in /usr/local/lib/python3.8/dist-packages (from eodatasets3==0+untagged.1.g6bb9347.dirty) (0.19.3)\nRequirement already satisfied: sphinx-autodoc-typehints in /usr/local/lib/python3.8/dist-packages (from eodatasets3==0+untagged.1.g6bb9347.dirty) (1.19.4)\nRequirement already satisfied: sphinx_rtd_theme in /usr/local/lib/python3.8/dist-packages (from eodatasets3==0+untagged.1.g6bb9347.dirty) (1.0.0)\nRequirement already satisfied: importlib-resources>=1.4.0 in /usr/local/lib/python3.8/dist-packages (from jsonschema>=3->eodatasets3==0+untagged.1.g6bb9347.dirty) (5.10.0)\nRequirement already satisfied: pkgutil-resolve-name>=1.3.10 in /usr/local/lib/python3.8/dist-packages (from jsonschema>=3->eodatasets3==0+untagged.1.g6bb9347.dirty) (1.3.10)\nRequirement already satisfied: pyrsistent!=0.17.0,!=0.17.1,!=0.17.2,>=0.14.0 in /usr/local/lib/python3.8/dist-packages (from jsonschema>=3->eodatasets3==0+untagged.1.g6bb9347.dirty) (0.18.1)\nRequirement already satisfied: python-dateutil>=2.7.0 in /usr/local/lib/python3.8/dist-packages (from pystac>=1.1.0->eodatasets3==0+untagged.1.g6bb9347.dirty) (2.8.2)\nRequirement already satisfied: jmespath<2.0.0,>=0.7.1 in /usr/local/lib/python3.8/dist-packages (from boto3->eodatasets3==0+untagged.1.g6bb9347.dirty) (1.0.1)\nRequirement already satisfied: s3transfer<0.7.0,>=0.6.0 in /usr/local/lib/python3.8/dist-packages (from boto3->eodatasets3==0+untagged.1.g6bb9347.dirty) (0.6.0)\nRequirement already satisfied: urllib3<1.27,>=1.25.4 in /usr/local/lib/python3.8/dist-packages (from botocore->eodatasets3==0+untagged.1.g6bb9347.dirty) (1.26.12)\nRequirement already satisfied: exceptiongroup in /usr/local/lib/python3.8/dist-packages (from cattrs->eodatasets3==0+untagged.1.g6bb9347.dirty) (1.0.0rc9)\nRequirement already satisfied: psycopg2 in /usr/local/lib/python3.8/dist-packages (from datacube->eodatasets3==0+untagged.1.g6bb9347.dirty) (2.9.4)\nRequirement already satisfied: toolz in /usr/local/lib/python3.8/dist-packages (from datacube->eodatasets3==0+untagged.1.g6bb9347.dirty) (0.12.0)\nRequirement already satisfied: GeoAlchemy2 in /usr/local/lib/python3.8/dist-packages (from datacube->eodatasets3==0+untagged.1.g6bb9347.dirty) (0.12.5)\nRequirement already satisfied: lark in /usr/local/lib/python3.8/dist-packages (from datacube->eodatasets3==0+untagged.1.g6bb9347.dirty) (1.1.3)\nRequirement already satisfied: pandas in /usr/local/lib/python3.8/dist-packages (from datacube->eodatasets3==0+untagged.1.g6bb9347.dirty) (1.5.1)\nRequirement already satisfied: distributed in /usr/local/lib/python3.8/dist-packages (from datacube->eodatasets3==0+untagged.1.g6bb9347.dirty) (2022.10.0)\nRequirement already satisfied: sqlalchemy in /usr/local/lib/python3.8/dist-packages (from datacube->eodatasets3==0+untagged.1.g6bb9347.dirty) (1.4.42)\nRequirement already satisfied: dask[array] in /usr/local/lib/python3.8/dist-packages (from datacube->eodatasets3==0+untagged.1.g6bb9347.dirty) (2022.10.0)\nRequirement already satisfied: cloudpickle>=0.4 in /usr/local/lib/python3.8/dist-packages (from datacube->eodatasets3==0+untagged.1.g6bb9347.dirty) (2.2.0)\nRequirement already satisfied: cachetools in /usr/local/lib/python3.8/dist-packages (from datacube->eodatasets3==0+untagged.1.g6bb9347.dirty) (5.2.0)\nRequirement already satisfied: pyyaml in /usr/local/lib/python3.8/dist-packages (from datacube->eodatasets3==0+untagged.1.g6bb9347.dirty) (6.0)\nRequirement already satisfied: certifi in /usr/local/lib/python3.8/dist-packages (from pyproj->eodatasets3==0+untagged.1.g6bb9347.dirty) (2022.12.7)\nRequirement already satisfied: click-plugins in /usr/local/lib/python3.8/dist-packages (from rasterio->eodatasets3==0+untagged.1.g6bb9347.dirty) (1.1.1)\nRequirement already satisfied: snuggs>=1.4.1 in /usr/local/lib/python3.8/dist-packages (from rasterio->eodatasets3==0+untagged.1.g6bb9347.dirty) (1.4.7)\nRequirement already satisfied: setuptools in /usr/lib/python3/dist-packages (from rasterio->eodatasets3==0+untagged.1.g6bb9347.dirty) (45.2.0)\nRequirement already satisfied: cligj>=0.5 in /usr/local/lib/python3.8/dist-packages (from rasterio->eodatasets3==0+untagged.1.g6bb9347.dirty) (0.7.2)\nRequirement already satisfied: packaging>=21.0 in /usr/local/lib/python3.8/dist-packages (from xarray->eodatasets3==0+untagged.1.g6bb9347.dirty) (21.3)\nRequirement already satisfied: ordered-set<4.2.0,>=4.0.2 in /usr/local/lib/python3.8/dist-packages (from deepdiff->eodatasets3==0+untagged.1.g6bb9347.dirty) (4.1.0)\nRequirement already satisfied: cftime in /usr/local/lib/python3.8/dist-packages (from netCDF4->eodatasets3==0+untagged.1.g6bb9347.dirty) (1.6.2)\nRequirement already satisfied: flake8>=3.9.1 in /usr/local/lib/python3.8/dist-packages (from pep8-naming->eodatasets3==0+untagged.1.g6bb9347.dirty) (5.0.4)\nRequirement already satisfied: iniconfig in /usr/local/lib/python3.8/dist-packages (from pytest->eodatasets3==0+untagged.1.g6bb9347.dirty) (1.1.1)\nRequirement already satisfied: tomli>=1.0.0 in /usr/local/lib/python3.8/dist-packages (from pytest->eodatasets3==0+untagged.1.g6bb9347.dirty) (2.0.1)\nRequirement already satisfied: pluggy<2.0,>=0.12 in /usr/local/lib/python3.8/dist-packages (from pytest->eodatasets3==0+untagged.1.g6bb9347.dirty) (1.0.0)\nRequirement already satisfied: py>=1.8.2 in /usr/local/lib/python3.8/dist-packages (from pytest->eodatasets3==0+untagged.1.g6bb9347.dirty) (1.11.0)\nRequirement already satisfied: pydantic in /usr/local/lib/python3.8/dist-packages (from rio_cogeo->eodatasets3==0+untagged.1.g6bb9347.dirty) (1.10.2)\nRequirement already satisfied: morecantile<4.0,>=3.1 in /usr/local/lib/python3.8/dist-packages (from rio_cogeo->eodatasets3==0+untagged.1.g6bb9347.dirty) (3.1.2)\nRequirement already satisfied: ruamel.yaml.clib>=0.2.6 in /usr/local/lib/python3.8/dist-packages (from ruamel.yaml->eodatasets3==0+untagged.1.g6bb9347.dirty) (0.2.6)\nRequirement already satisfied: PyWavelets>=1.1.1 in /usr/local/lib/python3.8/dist-packages (from scikit-image->eodatasets3==0+untagged.1.g6bb9347.dirty) (1.4.1)\nRequirement already satisfied: pillow!=7.1.0,!=7.1.1,!=8.3.0,>=6.1.0 in /usr/local/lib/python3.8/dist-packages (from scikit-image->eodatasets3==0+untagged.1.g6bb9347.dirty) (9.3.0)\nRequirement already satisfied: imageio>=2.4.1 in /usr/local/lib/python3.8/dist-packages (from scikit-image->eodatasets3==0+untagged.1.g6bb9347.dirty) (2.22.2)\nRequirement already satisfied: tifffile>=2019.7.26 in /usr/local/lib/python3.8/dist-packages (from scikit-image->eodatasets3==0+untagged.1.g6bb9347.dirty) (2022.10.10)\nRequirement already satisfied: networkx>=2.2 in /usr/local/lib/python3.8/dist-packages (from scikit-image->eodatasets3==0+untagged.1.g6bb9347.dirty) (2.8.7)\nRequirement already satisfied: sphinx>=5.2.1 in /usr/local/lib/python3.8/dist-packages (from sphinx-autodoc-typehints->eodatasets3==0+untagged.1.g6bb9347.dirty) (5.3.0)\nRequirement already satisfied: docutils<0.18 in /usr/local/lib/python3.8/dist-packages (from sphinx_rtd_theme->eodatasets3==0+untagged.1.g6bb9347.dirty) (0.17.1)\nRequirement already satisfied: pycodestyle<2.10.0,>=2.9.0 in /usr/local/lib/python3.8/dist-packages (from flake8>=3.9.1->pep8-naming->eodatasets3==0+untagged.1.g6bb9347.dirty) (2.9.1)\nRequirement already satisfied: mccabe<0.8.0,>=0.7.0 in /usr/local/lib/python3.8/dist-packages (from flake8>=3.9.1->pep8-naming->eodatasets3==0+untagged.1.g6bb9347.dirty) (0.7.0)\nRequirement already satisfied: pyflakes<2.6.0,>=2.5.0 in /usr/local/lib/python3.8/dist-packages (from flake8>=3.9.1->pep8-naming->eodatasets3==0+untagged.1.g6bb9347.dirty) (2.5.0)\nRequirement already satisfied: zipp>=3.1.0 in /usr/local/lib/python3.8/dist-packages (from importlib-resources>=1.4.0->jsonschema>=3->eodatasets3==0+untagged.1.g6bb9347.dirty) (3.9.0)\nRequirement already satisfied: pyparsing!=3.0.5,>=2.0.2 in /usr/local/lib/python3.8/dist-packages (from packaging>=21.0->xarray->eodatasets3==0+untagged.1.g6bb9347.dirty) (3.0.9)\nRequirement already satisfied: pytz>=2020.1 in /usr/local/lib/python3.8/dist-packages (from pandas->datacube->eodatasets3==0+untagged.1.g6bb9347.dirty) (2022.5)\nRequirement already satisfied: six>=1.5 in /usr/local/lib/python3.8/dist-packages (from python-dateutil>=2.7.0->pystac>=1.1.0->eodatasets3==0+untagged.1.g6bb9347.dirty) (1.16.0)\nRequirement already satisfied: requests>=2.5.0 in /usr/local/lib/python3.8/dist-packages (from sphinx>=5.2.1->sphinx-autodoc-typehints->eodatasets3==0+untagged.1.g6bb9347.dirty) (2.28.1)\nRequirement already satisfied: sphinxcontrib-htmlhelp>=2.0.0 in /usr/local/lib/python3.8/dist-packages (from sphinx>=5.2.1->sphinx-autodoc-typehints->eodatasets3==0+untagged.1.g6bb9347.dirty) (2.0.0)\nRequirement already satisfied: sphinxcontrib-qthelp in /usr/local/lib/python3.8/dist-packages (from sphinx>=5.2.1->sphinx-autodoc-typehints->eodatasets3==0+untagged.1.g6bb9347.dirty) (1.0.3)\nRequirement already satisfied: Jinja2>=3.0 in /usr/local/lib/python3.8/dist-packages (from sphinx>=5.2.1->sphinx-autodoc-typehints->eodatasets3==0+untagged.1.g6bb9347.dirty) (3.1.2)\nRequirement already satisfied: Pygments>=2.12 in /usr/local/lib/python3.8/dist-packages (from sphinx>=5.2.1->sphinx-autodoc-typehints->eodatasets3==0+untagged.1.g6bb9347.dirty) (2.13.0)\nRequirement already satisfied: babel>=2.9 in /usr/local/lib/python3.8/dist-packages (from sphinx>=5.2.1->sphinx-autodoc-typehints->eodatasets3==0+untagged.1.g6bb9347.dirty) (2.10.3)\nRequirement already satisfied: sphinxcontrib-jsmath in /usr/local/lib/python3.8/dist-packages (from sphinx>=5.2.1->sphinx-autodoc-typehints->eodatasets3==0+untagged.1.g6bb9347.dirty) (1.0.1)\nRequirement already satisfied: snowballstemmer>=2.0 in /usr/local/lib/python3.8/dist-packages (from sphinx>=5.2.1->sphinx-autodoc-typehints->eodatasets3==0+untagged.1.g6bb9347.dirty) (2.2.0)\nRequirement already satisfied: importlib-metadata>=4.8 in /usr/local/lib/python3.8/dist-packages (from sphinx>=5.2.1->sphinx-autodoc-typehints->eodatasets3==0+untagged.1.g6bb9347.dirty) (5.0.0)\nRequirement already satisfied: sphinxcontrib-serializinghtml>=1.1.5 in /usr/local/lib/python3.8/dist-packages (from sphinx>=5.2.1->sphinx-autodoc-typehints->eodatasets3==0+untagged.1.g6bb9347.dirty) (1.1.5)\nRequirement already satisfied: sphinxcontrib-applehelp in /usr/local/lib/python3.8/dist-packages (from sphinx>=5.2.1->sphinx-autodoc-typehints->eodatasets3==0+untagged.1.g6bb9347.dirty) (1.0.2)\nRequirement already satisfied: alabaster<0.8,>=0.7 in /usr/local/lib/python3.8/dist-packages (from sphinx>=5.2.1->sphinx-autodoc-typehints->eodatasets3==0+untagged.1.g6bb9347.dirty) (0.7.12)\nRequirement already satisfied: imagesize>=1.3 in /usr/local/lib/python3.8/dist-packages (from sphinx>=5.2.1->sphinx-autodoc-typehints->eodatasets3==0+untagged.1.g6bb9347.dirty) (1.4.1)\nRequirement already satisfied: sphinxcontrib-devhelp in /usr/local/lib/python3.8/dist-packages (from sphinx>=5.2.1->sphinx-autodoc-typehints->eodatasets3==0+untagged.1.g6bb9347.dirty) (1.0.2)\nRequirement already satisfied: fsspec>=0.6.0 in /usr/local/lib/python3.8/dist-packages (from dask[array]->datacube->eodatasets3==0+untagged.1.g6bb9347.dirty) (2022.10.0)\nRequirement already satisfied: partd>=0.3.10 in /usr/local/lib/python3.8/dist-packages (from dask[array]->datacube->eodatasets3==0+untagged.1.g6bb9347.dirty) (1.3.0)\nRequirement already satisfied: psutil>=5.0 in /usr/local/lib/python3.8/dist-packages (from distributed->datacube->eodatasets3==0+untagged.1.g6bb9347.dirty) (5.9.3)\nRequirement already satisfied: zict>=0.1.3 in /usr/local/lib/python3.8/dist-packages (from distributed->datacube->eodatasets3==0+untagged.1.g6bb9347.dirty) (2.2.0)\nRequirement already satisfied: locket>=1.0.0 in /usr/local/lib/python3.8/dist-packages (from distributed->datacube->eodatasets3==0+untagged.1.g6bb9347.dirty) (1.0.0)\nRequirement already satisfied: sortedcontainers!=2.0.0,!=2.0.1 in /usr/local/lib/python3.8/dist-packages (from distributed->datacube->eodatasets3==0+untagged.1.g6bb9347.dirty) (2.4.0)\nRequirement already satisfied: tornado<6.2,>=6.0.3 in /usr/local/lib/python3.8/dist-packages (from distributed->datacube->eodatasets3==0+untagged.1.g6bb9347.dirty) (6.1)\nRequirement already satisfied: msgpack>=0.6.0 in /usr/local/lib/python3.8/dist-packages (from distributed->datacube->eodatasets3==0+untagged.1.g6bb9347.dirty) (1.0.4)\nRequirement already satisfied: tblib>=1.6.0 in /usr/local/lib/python3.8/dist-packages (from distributed->datacube->eodatasets3==0+untagged.1.g6bb9347.dirty) (1.7.0)\nRequirement already satisfied: greenlet!=0.4.17 in /usr/local/lib/python3.8/dist-packages (from sqlalchemy->datacube->eodatasets3==0+untagged.1.g6bb9347.dirty) (1.1.3.post0)\nRequirement already satisfied: typing-extensions>=4.1.0 in /usr/local/lib/python3.8/dist-packages (from pydantic->rio_cogeo->eodatasets3==0+untagged.1.g6bb9347.dirty) (4.4.0)\nRequirement already satisfied: MarkupSafe>=2.0 in /usr/local/lib/python3.8/dist-packages (from Jinja2>=3.0->sphinx>=5.2.1->sphinx-autodoc-typehints->eodatasets3==0+untagged.1.g6bb9347.dirty) (2.1.1)\nRequirement already satisfied: charset-normalizer<3,>=2 in /usr/local/lib/python3.8/dist-packages (from requests>=2.5.0->sphinx>=5.2.1->sphinx-autodoc-typehints->eodatasets3==0+untagged.1.g6bb9347.dirty) (2.1.1)\nRequirement already satisfied: idna<4,>=2.5 in /usr/local/lib/python3.8/dist-packages (from requests>=2.5.0->sphinx>=5.2.1->sphinx-autodoc-typehints->eodatasets3==0+untagged.1.g6bb9347.dirty) (3.4)\nRequirement already satisfied: heapdict in /usr/local/lib/python3.8/dist-packages (from zict>=0.1.3->distributed->datacube->eodatasets3==0+untagged.1.g6bb9347.dirty) (1.0.1)\nInstalling collected packages: eodatasets3\n  Running setup.py develop for eodatasets3\nSuccessfully installed eodatasets3\n\u001b[91mWARNING: Running pip as the 'root' user can result in broken permissions and conflicting behaviour with the system package manager. It is recommended to use a virtual environment instead: https://pip.pypa.io/warnings/venv\n\u001b[0mRemoving intermediate container 19535e72fa5a\n ---> 79406956977b\nStep 18/21 : RUN pip freeze\n ---> Running in 6eb5b6953acb\naffine==2.3.1\nalabaster==0.7.12\nattrs==22.1.0\nBabel==2.10.3\nboltons==21.0.0\nboto3==1.24.94\nbotocore==1.27.94\nbuild==0.8.0\ncachetools==5.2.0\ncattrs==22.2.0\ncertifi==2022.12.7\ncfgv==3.3.1\ncftime==1.6.2\ncharset-normalizer==2.1.1\nchecksumdir==1.2.0\nciso8601==2.2.0\nclick==8.1.3\nclick-plugins==1.1.1\ncligj==0.7.2\ncloudpickle==2.2.0\ncoverage==6.5.0\ndask==2022.10.0\ndatacube==1.8.8\ndeepdiff==6.2.1\ndefusedxml==0.7.1\ndistlib==0.3.6\ndistributed==2022.10.0\ndocutils==0.17.1\n-e git+https://github.com/opendatacube/eo-datasets@6bb934782afde63f1f2edc81a4592735efc3b755#egg=eodatasets3\nexceptiongroup==1.0.0rc9\nfilelock==3.8.0\nflake8==5.0.4\nfsspec==2022.10.0\nGDAL==3.3.2\nGeoAlchemy2==0.12.5\ngreenlet==1.1.3.post0\nh5py==3.7.0\nHeapDict==1.0.1\nidentify==2.5.6\nidna==3.4\nimageio==2.22.2\nimagesize==1.4.1\nimportlib-metadata==5.0.0\nimportlib-resources==5.10.0\niniconfig==1.1.1\nJinja2==3.1.2\njmespath==1.0.1\njsonschema==4.16.0\nlark==1.1.3\nlocket==1.0.0\nMarkupSafe==2.1.1\nmccabe==0.7.0\nmock==4.0.3\nmorecantile==3.1.2\nmsgpack==1.0.4\nnetCDF4==1.6.1\nnetworkx==2.8.7\nnodeenv==1.7.0\nnumpy==1.23.4\nordered-set==4.1.0\npackaging==21.3\npandas==1.5.1\npartd==1.3.0\npep517==0.13.0\npep8-naming==0.13.2\nPillow==9.3.0\npip-tools==6.9.0\npkgutil_resolve_name==1.3.10\nplatformdirs==2.5.2\npluggy==1.0.0\npre-commit==2.20.0\npsutil==5.9.3\npsycopg2==2.9.4\npy==1.11.0\npycodestyle==2.9.1\npydantic==1.10.2\npyflakes==2.5.0\nPygments==2.13.0\npyparsing==3.0.9\npyproj==3.4.0\npyrsistent==0.18.1\npystac==1.6.1\npytest==7.1.3\npytest-cov==4.0.0\npython-dateutil==2.8.2\npython-rapidjson==1.9\npytz==2022.5\nPyWavelets==1.4.1\nPyYAML==6.0\nrasterio==1.3.3\nrequests==2.28.1\nrio-cogeo==3.4.1\nruamel.yaml==0.17.21\nruamel.yaml.clib==0.2.6\ns3transfer==0.6.0\nscikit-image==0.19.3\nscipy==1.9.3\nShapely==1.8.5.post1\nsix==1.16.0\nsnowballstemmer==2.2.0\nsnuggs==1.4.7\nsortedcontainers==2.4.0\nSphinx==5.3.0\nsphinx-rtd-theme==1.0.0\nsphinx_autodoc_typehints==1.19.4\nsphinxcontrib-applehelp==1.0.2\nsphinxcontrib-devhelp==1.0.2\nsphinxcontrib-htmlhelp==2.0.0\nsphinxcontrib-jsmath==1.0.1\nsphinxcontrib-qthelp==1.0.3\nsphinxcontrib-serializinghtml==1.1.5\nSQLAlchemy==1.4.42\nstructlog==22.1.0\ntblib==1.7.0\ntifffile==2022.10.10\ntoml==0.10.2\ntomli==2.0.1\ntoolz==0.12.0\ntornado==6.1\ntyping_extensions==4.4.0\nurllib3==1.26.12\nvirtualenv==20.16.5\nxarray==2022.10.0\nzict==2.2.0\nzipp==3.9.0\nRemoving intermediate container 6eb5b6953acb\n ---> 9ea25ccb6412\nStep 19/21 : RUN eo3-validate --version\n ---> Running in 2f95882784bb\neo3-validate, version 0+untagged.1.g6bb9347.dirty\nRemoving intermediate container 2f95882784bb\n ---> f903c4eb0d55\nStep 20/21 : ENTRYPOINT [\"/bin/tini\", \"--\"]\n ---> Running in 80876a7d73ce\nRemoving intermediate container 80876a7d73ce\n ---> 24196a8ed7b1\nStep 21/21 : CMD [\"eo3-validate\"]\n ---> Running in fda5089ae9a6\nRemoving intermediate container fda5089ae9a6\n ---> 093cf82027ff\nSuccessfully built 093cf82027ff\nSuccessfully tagged eo-datasets:latest\n","stderr":"","imageSize":1926613874},"repair":{"violations":[{"name":"pipUseNoCacheDir","position":{"start":39,"end":39,"columnStart":4,"columnEnd":34}},{"name":"pipUseNoCacheDir","position":{"start":43,"end":43,"columnStart":4,"columnEnd":43}},{"name":"pipUseNoCacheDir","position":{"start":76,"end":76,"columnStart":8,"columnEnd":37}},{"name":"pipUseNoCacheDir","position":{"start":79,"end":79,"columnStart":8,"columnEnd":64}},{"name":"ruleAptGetInstallUseNoRec","position":{"start":12,"end":21,"columnStart":4,"columnEnd":26}},{"name":"ruleAptGetInstallThenRemoveAptLists","position":{"start":12,"end":21,"columnStart":4,"columnEnd":26}}],"repairedDockerfile":"# This gdal version should match the \"gdal==\"\n# line in setup.py's \"docker\"\nFROM osgeo/gdal:ubuntu-small-3.3.2\n\nENV DEBIAN_FRONTEND=noninteractive \\\n    LC_ALL=C.UTF-8 \\\n    LANG=C.UTF-8 \\\n    PYTHONFAULTHANDLER=1\n\n# Apt installation\nRUN apt-get update && \\\n    apt-get install --no-install-recommends -y \\\n      build-essential \\\n      git \\\n      vim \\\n      nano \\\n      tini \\\n      wget \\\n      python3-pip \\\n      # For Psycopg2\n      libpq-dev python-dev \\\n    && apt-get autoclean && \\\n    apt-get autoremove && \\\n    rm -rf /var/lib/{apt,dpkg,cache,log}\n\n\n# Environment can be whatever is supported by setup.py\n# so, either deployment, test\nARG ENVIRONMENT=test\n# ARG ENVIRONMENT=deployment\n\nRUN echo \"Environment is: $ENVIRONMENT\"\n\n\n# Pip installation\nRUN mkdir -p /conf\nCOPY requirements /conf/\n\nRUN pip install --no-cache-dir -r /conf/setup.txt\n\nENV PATH=/usr/local/bin:$PATH\n\nRUN pip install --no-cache-dir -r /conf/${ENVIRONMENT}.txt\n\n# USER runner ?\n\n# Dev setup: run pre-commit once, so its virtualenv is built and cached.\n#    We do this in a tmp repository, before copying our real code, as we\n#    want this cached by Docker and not rebuilt every time code changes\nCOPY .pre-commit-config.yaml /conf/\n\nRUN if [ \"$ENVIRONMENT\" = \"test\" ] ; then \\\n       mkdir -p ~/pre-commit \\\n       && cp /conf/.pre-commit-config.yaml ~/pre-commit \\\n       && cd ~/pre-commit \\\n       && git init \\\n       && pre-commit run \\\n       && rm -rf ~/pre-commit ; \\\n    fi\n\n\n# Set up a nice workdir and add the live code\nENV APPDIR=/code\nRUN mkdir -p $APPDIR\nWORKDIR $APPDIR\nADD . $APPDIR\n\n# These ENVIRONMENT flags make this a bit complex, but basically, if we are in dev\n# then we want to link the source (with the -e flag) and if we're in prod, we\n# want to delete the stuff in the /code folder to keep it simple.\n#\n# (note: --editable doesn't currently work well with pyproject.toml projects, so\n#        we turn off pep517 with it)\n#\nRUN if [ \"$ENVIRONMENT\" = \"deployment\" ] ; then \\\n        pip install --no-cache-dir .[$ENVIRONMENT]; \\\n        rm -rf /code/* ; \\\n    else \\\n        pip install --no-cache-dir --no-use-pep517 --editable .[$ENVIRONMENT]; \\\n    fi\n\nRUN pip freeze\n\n# Is it working?\nRUN eo3-validate --version\n\nENTRYPOINT [\"/bin/tini\", \"--\"]\nCMD [\"eo3-validate\"]\n"},"repairedBuild":{"startTimestamp":1672095075448,"endTimestamp":1672095287292,"error":{"code":1,"killed":false,"signal":null,"cmd":"docker build --no-cache --force-rm -t eo-datasets:latest -f /tmp/dinghy-analysis/opendatacube/eo-datasets/Dockerfile ."},"stdout":"Sending build context to Docker daemon  96.35MB\r\r\nStep 1/21 : FROM osgeo/gdal:ubuntu-small-3.3.2\n ---> 96e2cf636cb1\nStep 2/21 : ENV DEBIAN_FRONTEND=noninteractive     LC_ALL=C.UTF-8     LANG=C.UTF-8     PYTHONFAULTHANDLER=1\n ---> Running in b2a059675f5f\nRemoving intermediate container b2a059675f5f\n ---> 8b194a38ba05\nStep 3/21 : RUN apt-get update &&     apt-get install --no-install-recommends -y       build-essential       git       vim       nano       tini       wget       python3-pip       libpq-dev python-dev     && apt-get autoclean &&     apt-get autoremove &&     rm -rf /var/lib/{apt,dpkg,cache,log}\n ---> Running in a110d5096e75\nHit:1 http://archive.ubuntu.com/ubuntu focal InRelease\nGet:2 http://archive.ubuntu.com/ubuntu focal-updates InRelease [114 kB]\nGet:3 http://security.ubuntu.com/ubuntu focal-security InRelease [114 kB]\nGet:4 http://archive.ubuntu.com/ubuntu focal-backports InRelease [108 kB]\nGet:5 http://archive.ubuntu.com/ubuntu focal-updates/restricted amd64 Packages [1894 kB]\nGet:6 http://archive.ubuntu.com/ubuntu focal-updates/multiverse amd64 Packages [30.4 kB]\nGet:7 http://archive.ubuntu.com/ubuntu focal-updates/universe amd64 Packages [1275 kB]\nGet:8 http://archive.ubuntu.com/ubuntu focal-updates/main amd64 Packages [2828 kB]\nGet:9 http://archive.ubuntu.com/ubuntu focal-backports/main amd64 Packages [55.2 kB]\nGet:10 http://archive.ubuntu.com/ubuntu focal-backports/universe amd64 Packages [28.6 kB]\nGet:11 http://security.ubuntu.com/ubuntu focal-security/restricted amd64 Packages [1779 kB]\nGet:12 http://security.ubuntu.com/ubuntu focal-security/universe amd64 Packages [972 kB]\nGet:13 http://security.ubuntu.com/ubuntu focal-security/main amd64 Packages [2358 kB]\nGet:14 http://security.ubuntu.com/ubuntu focal-security/multiverse amd64 Packages [27.7 kB]\nFetched 11.6 MB in 2s (5844 kB/s)\nReading package lists...\nReading package lists...\nBuilding dependency tree...\nReading state information...\nThe following additional packages will be installed:\n  binutils binutils-common binutils-x86-64-linux-gnu cpp cpp-9 dpkg-dev g++\n  g++-9 gcc gcc-9 gcc-9-base git-man libasan5 libasound2 libasound2-data\n  libatomic1 libbinutils libc-dev-bin libc6 libc6-dev libcanberra0 libcc1-0\n  libcrypt-dev libctf-nobfd0 libctf0 libdpkg-perl liberror-perl libexpat1\n  libexpat1-dev libgcc-9-dev libgdbm-compat4 libgdbm6 libgomp1 libgpm2\n  libisl22 libitm1 liblsan0 libltdl7 libmpc3 libmpfr6 libogg0 libperl5.30\n  libpq5 libpython2-dev libpython2-stdlib libpython2.7 libpython2.7-dev\n  libpython2.7-minimal libpython2.7-stdlib libstdc++-9-dev libtdb1 libtsan0\n  libubsan1 libvorbis0a libvorbisfile3 linux-libc-dev make patch perl\n  perl-base perl-modules-5.30 python-is-python2 python-pip-whl python2\n  python2-dev python2-minimal python2.7 python2.7-dev python2.7-minimal\n  python3-distutils python3-lib2to3 python3-setuptools python3-wheel\n  sound-theme-freedesktop vim-common vim-runtime xxd xz-utils\nSuggested packages:\n  binutils-doc cpp-doc gcc-9-locales debian-keyring g++-multilib\n  g++-9-multilib gcc-9-doc gcc-multilib manpages-dev autoconf automake libtool\n  flex bison gdb gcc-doc gcc-9-multilib gettext-base git-daemon-run\n  | git-daemon-sysvinit git-doc git-el git-email git-gui gitk gitweb git-cvs\n  git-mediawiki git-svn libasound2-plugins alsa-utils glibc-doc locales\n  libcanberra-gtk0 libcanberra-pulse gnupg | gnupg2 bzr gdbm-l10n gpm\n  postgresql-doc-12 libstdc++-9-doc make-doc hunspell ed diffutils-doc\n  perl-doc libterm-readline-gnu-perl | libterm-readline-perl-perl\n  libb-debug-perl liblocale-codes-perl python2-doc python-tk python2.7-doc\n  binfmt-support python-setuptools-doc ctags vim-doc vim-scripts\nRecommended packages:\n  fakeroot gnupg | gnupg2 libalgorithm-merge-perl less ssh-client\n  alsa-ucm-conf alsa-topology-conf manpages manpages-dev\n  libfile-fcntllock-perl liblocale-gettext-perl netbase python3-dev\nThe following packages will be REMOVED:\n  python-is-python3\nThe following NEW packages will be installed:\n  binutils binutils-common binutils-x86-64-linux-gnu build-essential cpp cpp-9\n  dpkg-dev g++ g++-9 gcc gcc-9 gcc-9-base git git-man libasan5 libasound2\n  libasound2-data libatomic1 libbinutils libc-dev-bin libc6-dev libcanberra0\n  libcc1-0 libcrypt-dev libctf-nobfd0 libctf0 libdpkg-perl liberror-perl\n  libexpat1-dev libgcc-9-dev libgdbm-compat4 libgdbm6 libgomp1 libgpm2\n  libisl22 libitm1 liblsan0 libltdl7 libmpc3 libmpfr6 libogg0 libperl5.30\n  libpq-dev libpython2-dev libpython2-stdlib libpython2.7 libpython2.7-dev\n  libpython2.7-minimal libpython2.7-stdlib libstdc++-9-dev libtdb1 libtsan0\n  libubsan1 libvorbis0a libvorbisfile3 linux-libc-dev make nano patch perl\n  perl-modules-5.30 python-dev-is-python2 python-is-python2 python-pip-whl\n  python2 python2-dev python2-minimal python2.7 python2.7-dev\n  python2.7-minimal python3-distutils python3-lib2to3 python3-pip\n  python3-setuptools python3-wheel sound-theme-freedesktop tini vim vim-common\n  vim-runtime wget xxd xz-utils\nThe following packages will be upgraded:\n  libc6 libexpat1 libpq5 perl-base\n4 upgraded, 83 newly installed, 1 to remove and 75 not upgraded.\nNeed to get 79.7 MB of archives.\nAfter this operation, 368 MB of additional disk space will be used.\nGet:1 http://archive.ubuntu.com/ubuntu focal-updates/main amd64 perl-base amd64 5.30.0-9ubuntu0.3 [1514 kB]\nGet:2 http://archive.ubuntu.com/ubuntu focal-updates/main amd64 perl-modules-5.30 all 5.30.0-9ubuntu0.3 [2739 kB]\nGet:3 http://archive.ubuntu.com/ubuntu focal-updates/main amd64 libc6 amd64 2.31-0ubuntu9.9 [2722 kB]\nGet:4 http://archive.ubuntu.com/ubuntu focal/main amd64 libgdbm6 amd64 1.18.1-5 [27.4 kB]\nGet:5 http://archive.ubuntu.com/ubuntu focal/main amd64 libgdbm-compat4 amd64 1.18.1-5 [6244 B]\nGet:6 http://archive.ubuntu.com/ubuntu focal-updates/main amd64 libperl5.30 amd64 5.30.0-9ubuntu0.3 [3951 kB]\nGet:7 http://archive.ubuntu.com/ubuntu focal-updates/main amd64 perl amd64 5.30.0-9ubuntu0.3 [224 kB]\nGet:8 http://archive.ubuntu.com/ubuntu focal-updates/universe amd64 libpython2.7-minimal amd64 2.7.18-1~20.04.3 [336 kB]\nGet:9 http://archive.ubuntu.com/ubuntu focal-updates/universe amd64 python2.7-minimal amd64 2.7.18-1~20.04.3 [1280 kB]\nGet:10 http://archive.ubuntu.com/ubuntu focal/universe amd64 python2-minimal amd64 2.7.17-2ubuntu4 [27.5 kB]\nGet:11 http://archive.ubuntu.com/ubuntu focal-updates/main amd64 libexpat1 amd64 2.2.9-1ubuntu0.6 [74.6 kB]\nGet:12 http://archive.ubuntu.com/ubuntu focal-updates/universe amd64 libpython2.7-stdlib amd64 2.7.18-1~20.04.3 [1888 kB]\nGet:13 http://archive.ubuntu.com/ubuntu focal-updates/universe amd64 python2.7 amd64 2.7.18-1~20.04.3 [248 kB]\nGet:14 http://archive.ubuntu.com/ubuntu focal/universe amd64 libpython2-stdlib amd64 2.7.17-2ubuntu4 [7072 B]\nGet:15 http://archive.ubuntu.com/ubuntu focal/universe amd64 python2 amd64 2.7.17-2ubuntu4 [26.5 kB]\nGet:16 http://archive.ubuntu.com/ubuntu focal-updates/main amd64 xxd amd64 2:8.1.2269-1ubuntu5.9 [50.0 kB]\nGet:17 http://archive.ubuntu.com/ubuntu focal-updates/main amd64 vim-common all 2:8.1.2269-1ubuntu5.9 [85.0 kB]\nGet:18 http://archive.ubuntu.com/ubuntu focal-updates/main amd64 xz-utils amd64 5.2.4-1ubuntu1.1 [82.6 kB]\nGet:19 http://archive.ubuntu.com/ubuntu focal/main amd64 nano amd64 4.8-1ubuntu1 [269 kB]\nGet:20 http://archive.ubuntu.com/ubuntu focal-updates/main amd64 wget amd64 1.20.3-1ubuntu2 [348 kB]\nGet:21 http://archive.ubuntu.com/ubuntu focal-updates/main amd64 binutils-common amd64 2.34-6ubuntu1.4 [207 kB]\nGet:22 http://archive.ubuntu.com/ubuntu focal-updates/main amd64 libbinutils amd64 2.34-6ubuntu1.4 [474 kB]\nGet:23 http://archive.ubuntu.com/ubuntu focal-updates/main amd64 libctf-nobfd0 amd64 2.34-6ubuntu1.4 [47.2 kB]\nGet:24 http://archive.ubuntu.com/ubuntu focal-updates/main amd64 libctf0 amd64 2.34-6ubuntu1.4 [46.6 kB]\nGet:25 http://archive.ubuntu.com/ubuntu focal-updates/main amd64 binutils-x86-64-linux-gnu amd64 2.34-6ubuntu1.4 [1613 kB]\nGet:26 http://archive.ubuntu.com/ubuntu focal-updates/main amd64 binutils amd64 2.34-6ubuntu1.4 [3380 B]\nGet:27 http://archive.ubuntu.com/ubuntu focal-updates/main amd64 libc-dev-bin amd64 2.31-0ubuntu9.9 [71.8 kB]\nGet:28 http://archive.ubuntu.com/ubuntu focal-updates/main amd64 linux-libc-dev amd64 5.4.0-135.152 [1121 kB]\nGet:29 http://archive.ubuntu.com/ubuntu focal/main amd64 libcrypt-dev amd64 1:4.4.10-10ubuntu4 [104 kB]\nGet:30 http://archive.ubuntu.com/ubuntu focal-updates/main amd64 libc6-dev amd64 2.31-0ubuntu9.9 [2519 kB]\nGet:31 http://archive.ubuntu.com/ubuntu focal-updates/main amd64 gcc-9-base amd64 9.4.0-1ubuntu1~20.04.1 [19.4 kB]\nGet:32 http://archive.ubuntu.com/ubuntu focal/main amd64 libisl22 amd64 0.22.1-1 [592 kB]\nGet:33 http://archive.ubuntu.com/ubuntu focal/main amd64 libmpfr6 amd64 4.0.2-1 [240 kB]\nGet:34 http://archive.ubuntu.com/ubuntu focal/main amd64 libmpc3 amd64 1.1.0-1 [40.8 kB]\nGet:35 http://archive.ubuntu.com/ubuntu focal-updates/main amd64 cpp-9 amd64 9.4.0-1ubuntu1~20.04.1 [7500 kB]\nGet:36 http://archive.ubuntu.com/ubuntu focal/main amd64 cpp amd64 4:9.3.0-1ubuntu2 [27.6 kB]\nGet:37 http://archive.ubuntu.com/ubuntu focal-updates/main amd64 libcc1-0 amd64 10.3.0-1ubuntu1~20.04 [48.8 kB]\nGet:38 http://archive.ubuntu.com/ubuntu focal-updates/main amd64 libgomp1 amd64 10.3.0-1ubuntu1~20.04 [102 kB]\nGet:39 http://archive.ubuntu.com/ubuntu focal-updates/main amd64 libitm1 amd64 10.3.0-1ubuntu1~20.04 [26.2 kB]\nGet:40 http://archive.ubuntu.com/ubuntu focal-updates/main amd64 libatomic1 amd64 10.3.0-1ubuntu1~20.04 [9284 B]\nGet:41 http://archive.ubuntu.com/ubuntu focal-updates/main amd64 libasan5 amd64 9.4.0-1ubuntu1~20.04.1 [2751 kB]\nGet:42 http://archive.ubuntu.com/ubuntu focal-updates/main amd64 liblsan0 amd64 10.3.0-1ubuntu1~20.04 [835 kB]\nGet:43 http://archive.ubuntu.com/ubuntu focal-updates/main amd64 libtsan0 amd64 10.3.0-1ubuntu1~20.04 [2009 kB]\nGet:44 http://archive.ubuntu.com/ubuntu focal-updates/main amd64 libubsan1 amd64 10.3.0-1ubuntu1~20.04 [784 kB]\nGet:45 http://archive.ubuntu.com/ubuntu focal-updates/main amd64 libgcc-9-dev amd64 9.4.0-1ubuntu1~20.04.1 [2359 kB]\nGet:46 http://archive.ubuntu.com/ubuntu focal-updates/main amd64 gcc-9 amd64 9.4.0-1ubuntu1~20.04.1 [8274 kB]\nGet:47 http://archive.ubuntu.com/ubuntu focal/main amd64 gcc amd64 4:9.3.0-1ubuntu2 [5208 B]\nGet:48 http://archive.ubuntu.com/ubuntu focal-updates/main amd64 libstdc++-9-dev amd64 9.4.0-1ubuntu1~20.04.1 [1722 kB]\nGet:49 http://archive.ubuntu.com/ubuntu focal-updates/main amd64 g++-9 amd64 9.4.0-1ubuntu1~20.04.1 [8420 kB]\nGet:50 http://archive.ubuntu.com/ubuntu focal/main amd64 g++ amd64 4:9.3.0-1ubuntu2 [1604 B]\nGet:51 http://archive.ubuntu.com/ubuntu focal/main amd64 make amd64 4.2.1-1.2 [162 kB]\nGet:52 http://archive.ubuntu.com/ubuntu focal-updates/main amd64 libdpkg-perl all 1.19.7ubuntu3.2 [231 kB]\nGet:53 http://archive.ubuntu.com/ubuntu focal/main amd64 patch amd64 2.7.6-6 [105 kB]\nGet:54 http://archive.ubuntu.com/ubuntu focal-updates/main amd64 dpkg-dev all 1.19.7ubuntu3.2 [679 kB]\nGet:55 http://archive.ubuntu.com/ubuntu focal-updates/main amd64 build-essential amd64 12.8ubuntu1.1 [4664 B]\nGet:56 http://archive.ubuntu.com/ubuntu focal/main amd64 liberror-perl all 0.17029-1 [26.5 kB]\nGet:57 http://archive.ubuntu.com/ubuntu focal-updates/main amd64 git-man all 1:2.25.1-1ubuntu3.6 [887 kB]\nGet:58 http://archive.ubuntu.com/ubuntu focal-updates/main amd64 git amd64 1:2.25.1-1ubuntu3.6 [4529 kB]\nGet:59 http://archive.ubuntu.com/ubuntu focal-updates/main amd64 libasound2-data all 1.2.2-2.1ubuntu2.5 [20.1 kB]\nGet:60 http://archive.ubuntu.com/ubuntu focal-updates/main amd64 libasound2 amd64 1.2.2-2.1ubuntu2.5 [335 kB]\nGet:61 http://archive.ubuntu.com/ubuntu focal/main amd64 libltdl7 amd64 2.4.6-14 [38.5 kB]\nGet:62 http://archive.ubuntu.com/ubuntu focal-updates/main amd64 libtdb1 amd64 1.4.3-0ubuntu0.20.04.1 [44.2 kB]\nGet:63 http://archive.ubuntu.com/ubuntu focal/main amd64 libogg0 amd64 1.3.4-0ubuntu1 [24.0 kB]\nGet:64 http://archive.ubuntu.com/ubuntu focal/main amd64 libvorbis0a amd64 1.3.6-2ubuntu1 [87.0 kB]\nGet:65 http://archive.ubuntu.com/ubuntu focal/main amd64 libvorbisfile3 amd64 1.3.6-2ubuntu1 [16.1 kB]\nGet:66 http://archive.ubuntu.com/ubuntu focal/main amd64 sound-theme-freedesktop all 0.8-2ubuntu1 [384 kB]\nGet:67 http://archive.ubuntu.com/ubuntu focal/main amd64 libcanberra0 amd64 0.30-7ubuntu1 [38.1 kB]\nGet:68 http://archive.ubuntu.com/ubuntu focal-updates/main amd64 libexpat1-dev amd64 2.2.9-1ubuntu0.6 [116 kB]\nGet:69 http://archive.ubuntu.com/ubuntu focal/main amd64 libgpm2 amd64 1.20.7-5 [15.1 kB]\nGet:70 http://archive.ubuntu.com/ubuntu focal-updates/main amd64 libpq5 amd64 12.12-0ubuntu0.20.04.1 [117 kB]\nGet:71 http://archive.ubuntu.com/ubuntu focal-updates/main amd64 libpq-dev amd64 12.12-0ubuntu0.20.04.1 [137 kB]\nGet:72 http://archive.ubuntu.com/ubuntu focal-updates/universe amd64 libpython2.7 amd64 2.7.18-1~20.04.3 [1037 kB]\nGet:73 http://archive.ubuntu.com/ubuntu focal-updates/universe amd64 libpython2.7-dev amd64 2.7.18-1~20.04.3 [2466 kB]\nGet:74 http://archive.ubuntu.com/ubuntu focal/universe amd64 libpython2-dev amd64 2.7.17-2ubuntu4 [7140 B]\nGet:75 http://archive.ubuntu.com/ubuntu focal/universe amd64 python-is-python2 all 2.7.17-4 [2496 B]\nGet:76 http://archive.ubuntu.com/ubuntu focal-updates/universe amd64 python2.7-dev amd64 2.7.18-1~20.04.3 [293 kB]\nGet:77 http://archive.ubuntu.com/ubuntu focal/universe amd64 python2-dev amd64 2.7.17-2ubuntu4 [1268 B]\nGet:78 http://archive.ubuntu.com/ubuntu focal/universe amd64 python-dev-is-python2 all 2.7.17-4 [1396 B]\nGet:79 http://archive.ubuntu.com/ubuntu focal-updates/universe amd64 python-pip-whl all 20.0.2-5ubuntu1.6 [1805 kB]\nGet:80 http://archive.ubuntu.com/ubuntu focal-updates/main amd64 python3-lib2to3 all 3.8.10-0ubuntu1~20.04 [76.3 kB]\nGet:81 http://archive.ubuntu.com/ubuntu focal-updates/main amd64 python3-distutils all 3.8.10-0ubuntu1~20.04 [141 kB]\nGet:82 http://archive.ubuntu.com/ubuntu focal/main amd64 python3-setuptools all 45.2.0-1 [330 kB]\nGet:83 http://archive.ubuntu.com/ubuntu focal/universe amd64 python3-wheel all 0.34.2-1 [23.8 kB]\nGet:84 http://archive.ubuntu.com/ubuntu focal-updates/universe amd64 python3-pip all 20.0.2-5ubuntu1.6 [231 kB]\nGet:85 http://archive.ubuntu.com/ubuntu focal/universe amd64 tini amd64 0.18.0-1 [283 kB]\nGet:86 http://archive.ubuntu.com/ubuntu focal-updates/main amd64 vim-runtime all 2:8.1.2269-1ubuntu5.9 [5873 kB]\nGet:87 http://archive.ubuntu.com/ubuntu focal-updates/main amd64 vim amd64 2:8.1.2269-1ubuntu5.9 [1238 kB]\n\u001b[91mdebconf: delaying package configuration, since apt-utils is not installed\n\u001b[0mFetched 79.7 MB in 6s (12.5 MB/s)\n(Reading database ... \r(Reading database ... 5%\r(Reading database ... 10%\r(Reading database ... 15%\r(Reading database ... 20%\r(Reading database ... 25%\r(Reading database ... 30%\r(Reading database ... 35%\r(Reading database ... 40%\r(Reading database ... 45%\r(Reading database ... 50%\r(Reading database ... 55%\r(Reading database ... 60%\r(Reading database ... 65%\r(Reading database ... 70%\r(Reading database ... 75%\r(Reading database ... 80%\r(Reading database ... 85%\r(Reading database ... 90%\r(Reading database ... 95%\r(Reading database ... 100%\r(Reading database ... 7914 files and directories currently installed.)\r\nPreparing to unpack .../perl-base_5.30.0-9ubuntu0.3_amd64.deb ...\r\nUnpacking perl-base (5.30.0-9ubuntu0.3) over (5.30.0-9ubuntu0.2) ...\r\nSetting up perl-base (5.30.0-9ubuntu0.3) ...\r\n(Reading database ... \r(Reading database ... 5%\r(Reading database ... 10%\r(Reading database ... 15%\r(Reading database ... 20%\r(Reading database ... 25%\r(Reading database ... 30%\r(Reading database ... 35%\r(Reading database ... 40%\r(Reading database ... 45%\r(Reading database ... 50%\r(Reading database ... 55%\r(Reading database ... 60%\r(Reading database ... 65%\r(Reading database ... 70%\r(Reading database ... 75%\r(Reading database ... 80%\r(Reading database ... 85%\r(Reading database ... 90%\r(Reading database ... 95%\r(Reading database ... 100%\r(Reading database ... 7914 files and directories currently installed.)\r\nRemoving python-is-python3 (3.8.2-4) ...\r\nSelecting previously unselected package perl-modules-5.30.\r\n(Reading database ... \r(Reading database ... 5%\r(Reading database ... 10%\r(Reading database ... 15%\r(Reading database ... 20%\r(Reading database ... 25%\r(Reading database ... 30%\r(Reading database ... 35%\r(Reading database ... 40%\r(Reading database ... 45%\r(Reading database ... 50%\r(Reading database ... 55%\r(Reading database ... 60%\r(Reading database ... 65%\r(Reading database ... 70%\r(Reading database ... 75%\r(Reading database ... 80%\r(Reading database ... 85%\r(Reading database ... 90%\r(Reading database ... 95%\r(Reading database ... 100%\r(Reading database ... 7910 files and directories currently installed.)\r\nPreparing to unpack .../perl-modules-5.30_5.30.0-9ubuntu0.3_all.deb ...\r\nUnpacking perl-modules-5.30 (5.30.0-9ubuntu0.3) ...\r\nPreparing to unpack .../libc6_2.31-0ubuntu9.9_amd64.deb ...\r\nUnpacking libc6:amd64 (2.31-0ubuntu9.9) over (2.31-0ubuntu9.2) ...\r\nSetting up libc6:amd64 (2.31-0ubuntu9.9) ...\r\nSelecting previously unselected package libgdbm6:amd64.\r\n(Reading database ... \r(Reading database ... 5%\r(Reading database ... 10%\r(Reading database ... 15%\r(Reading database ... 20%\r(Reading database ... 25%\r(Reading database ... 30%\r(Reading database ... 35%\r(Reading database ... 40%\r(Reading database ... 45%\r(Reading database ... 50%\r(Reading database ... 55%\r(Reading database ... 60%\r(Reading database ... 65%\r(Reading database ... 70%\r(Reading database ... 75%\r(Reading database ... 80%\r(Reading database ... 85%\r(Reading database ... 90%\r(Reading database ... 95%\r(Reading database ... 100%\r(Reading database ... 9277 files and directories currently installed.)\r\nPreparing to unpack .../00-libgdbm6_1.18.1-5_amd64.deb ...\r\nUnpacking libgdbm6:amd64 (1.18.1-5) ...\r\nSelecting previously unselected package libgdbm-compat4:amd64.\r\nPreparing to unpack .../01-libgdbm-compat4_1.18.1-5_amd64.deb ...\r\nUnpacking libgdbm-compat4:amd64 (1.18.1-5) ...\r\nSelecting previously unselected package libperl5.30:amd64.\r\nPreparing to unpack .../02-libperl5.30_5.30.0-9ubuntu0.3_amd64.deb ...\r\nUnpacking libperl5.30:amd64 (5.30.0-9ubuntu0.3) ...\r\nSelecting previously unselected package perl.\r\nPreparing to unpack .../03-perl_5.30.0-9ubuntu0.3_amd64.deb ...\r\nUnpacking perl (5.30.0-9ubuntu0.3) ...\r\nSelecting previously unselected package libpython2.7-minimal:amd64.\r\nPreparing to unpack .../04-libpython2.7-minimal_2.7.18-1~20.04.3_amd64.deb ...\r\nUnpacking libpython2.7-minimal:amd64 (2.7.18-1~20.04.3) ...\r\nSelecting previously unselected package python2.7-minimal.\r\nPreparing to unpack .../05-python2.7-minimal_2.7.18-1~20.04.3_amd64.deb ...\r\nUnpacking python2.7-minimal (2.7.18-1~20.04.3) ...\r\nSelecting previously unselected package python2-minimal.\r\nPreparing to unpack .../06-python2-minimal_2.7.17-2ubuntu4_amd64.deb ...\r\nUnpacking python2-minimal (2.7.17-2ubuntu4) ...\r\nPreparing to unpack .../07-libexpat1_2.2.9-1ubuntu0.6_amd64.deb ...\r\nUnpacking libexpat1:amd64 (2.2.9-1ubuntu0.6) over (2.2.9-1build1) ...\r\nSelecting previously unselected package libpython2.7-stdlib:amd64.\r\nPreparing to unpack .../08-libpython2.7-stdlib_2.7.18-1~20.04.3_amd64.deb ...\r\nUnpacking libpython2.7-stdlib:amd64 (2.7.18-1~20.04.3) ...\r\nSelecting previously unselected package python2.7.\r\nPreparing to unpack .../09-python2.7_2.7.18-1~20.04.3_amd64.deb ...\r\nUnpacking python2.7 (2.7.18-1~20.04.3) ...\r\nSelecting previously unselected package libpython2-stdlib:amd64.\r\nPreparing to unpack .../10-libpython2-stdlib_2.7.17-2ubuntu4_amd64.deb ...\r\nUnpacking libpython2-stdlib:amd64 (2.7.17-2ubuntu4) ...\r\nSetting up libpython2.7-minimal:amd64 (2.7.18-1~20.04.3) ...\r\nSetting up python2.7-minimal (2.7.18-1~20.04.3) ...\r\nSetting up python2-minimal (2.7.17-2ubuntu4) ...\r\nSelecting previously unselected package python2.\r\n(Reading database ... \r(Reading database ... 5%\r(Reading database ... 10%\r(Reading database ... 15%\r(Reading database ... 20%\r(Reading database ... 25%\r(Reading database ... 30%\r(Reading database ... 35%\r(Reading database ... 40%\r(Reading database ... 45%\r(Reading database ... 50%\r(Reading database ... 55%\r(Reading database ... 60%\r(Reading database ... 65%\r(Reading database ... 70%\r(Reading database ... 75%\r(Reading database ... 80%\r(Reading database ... 85%\r(Reading database ... 90%\r(Reading database ... 95%\r(Reading database ... 100%\r(Reading database ... 10606 files and directories currently installed.)\r\nPreparing to unpack .../00-python2_2.7.17-2ubuntu4_amd64.deb ...\r\nUnpacking python2 (2.7.17-2ubuntu4) ...\r\nSelecting previously unselected package xxd.\r\nPreparing to unpack .../01-xxd_2%3a8.1.2269-1ubuntu5.9_amd64.deb ...\r\nUnpacking xxd (2:8.1.2269-1ubuntu5.9) ...\r\nSelecting previously unselected package vim-common.\r\nPreparing to unpack .../02-vim-common_2%3a8.1.2269-1ubuntu5.9_all.deb ...\r\nUnpacking vim-common (2:8.1.2269-1ubuntu5.9) ...\r\nSelecting previously unselected package xz-utils.\r\nPreparing to unpack .../03-xz-utils_5.2.4-1ubuntu1.1_amd64.deb ...\r\nUnpacking xz-utils (5.2.4-1ubuntu1.1) ...\r\nSelecting previously unselected package nano.\r\nPreparing to unpack .../04-nano_4.8-1ubuntu1_amd64.deb ...\r\nUnpacking nano (4.8-1ubuntu1) ...\r\nSelecting previously unselected package wget.\r\nPreparing to unpack .../05-wget_1.20.3-1ubuntu2_amd64.deb ...\r\nUnpacking wget (1.20.3-1ubuntu2) ...\r\nSelecting previously unselected package binutils-common:amd64.\r\nPreparing to unpack .../06-binutils-common_2.34-6ubuntu1.4_amd64.deb ...\r\nUnpacking binutils-common:amd64 (2.34-6ubuntu1.4) ...\r\nSelecting previously unselected package libbinutils:amd64.\r\nPreparing to unpack .../07-libbinutils_2.34-6ubuntu1.4_amd64.deb ...\r\nUnpacking libbinutils:amd64 (2.34-6ubuntu1.4) ...\r\nSelecting previously unselected package libctf-nobfd0:amd64.\r\nPreparing to unpack .../08-libctf-nobfd0_2.34-6ubuntu1.4_amd64.deb ...\r\nUnpacking libctf-nobfd0:amd64 (2.34-6ubuntu1.4) ...\r\nSelecting previously unselected package libctf0:amd64.\r\nPreparing to unpack .../09-libctf0_2.34-6ubuntu1.4_amd64.deb ...\r\nUnpacking libctf0:amd64 (2.34-6ubuntu1.4) ...\r\nSelecting previously unselected package binutils-x86-64-linux-gnu.\r\nPreparing to unpack .../10-binutils-x86-64-linux-gnu_2.34-6ubuntu1.4_amd64.deb ...\r\nUnpacking binutils-x86-64-linux-gnu (2.34-6ubuntu1.4) ...\r\nSelecting previously unselected package binutils.\r\nPreparing to unpack .../11-binutils_2.34-6ubuntu1.4_amd64.deb ...\r\nUnpacking binutils (2.34-6ubuntu1.4) ...\r\nSelecting previously unselected package libc-dev-bin.\r\nPreparing to unpack .../12-libc-dev-bin_2.31-0ubuntu9.9_amd64.deb ...\r\nUnpacking libc-dev-bin (2.31-0ubuntu9.9) ...\r\nSelecting previously unselected package linux-libc-dev:amd64.\r\nPreparing to unpack .../13-linux-libc-dev_5.4.0-135.152_amd64.deb ...\r\nUnpacking linux-libc-dev:amd64 (5.4.0-135.152) ...\r\nSelecting previously unselected package libcrypt-dev:amd64.\r\nPreparing to unpack .../14-libcrypt-dev_1%3a4.4.10-10ubuntu4_amd64.deb ...\r\nUnpacking libcrypt-dev:amd64 (1:4.4.10-10ubuntu4) ...\r\nSelecting previously unselected package libc6-dev:amd64.\r\nPreparing to unpack .../15-libc6-dev_2.31-0ubuntu9.9_amd64.deb ...\r\nUnpacking libc6-dev:amd64 (2.31-0ubuntu9.9) ...\r\nSelecting previously unselected package gcc-9-base:amd64.\r\nPreparing to unpack .../16-gcc-9-base_9.4.0-1ubuntu1~20.04.1_amd64.deb ...\r\nUnpacking gcc-9-base:amd64 (9.4.0-1ubuntu1~20.04.1) ...\r\nSelecting previously unselected package libisl22:amd64.\r\nPreparing to unpack .../17-libisl22_0.22.1-1_amd64.deb ...\r\nUnpacking libisl22:amd64 (0.22.1-1) ...\r\nSelecting previously unselected package libmpfr6:amd64.\r\nPreparing to unpack .../18-libmpfr6_4.0.2-1_amd64.deb ...\r\nUnpacking libmpfr6:amd64 (4.0.2-1) ...\r\nSelecting previously unselected package libmpc3:amd64.\r\nPreparing to unpack .../19-libmpc3_1.1.0-1_amd64.deb ...\r\nUnpacking libmpc3:amd64 (1.1.0-1) ...\r\nSelecting previously unselected package cpp-9.\r\nPreparing to unpack .../20-cpp-9_9.4.0-1ubuntu1~20.04.1_amd64.deb ...\r\nUnpacking cpp-9 (9.4.0-1ubuntu1~20.04.1) ...\r\nSelecting previously unselected package cpp.\r\nPreparing to unpack .../21-cpp_4%3a9.3.0-1ubuntu2_amd64.deb ...\r\nUnpacking cpp (4:9.3.0-1ubuntu2) ...\r\nSelecting previously unselected package libcc1-0:amd64.\r\nPreparing to unpack .../22-libcc1-0_10.3.0-1ubuntu1~20.04_amd64.deb ...\r\nUnpacking libcc1-0:amd64 (10.3.0-1ubuntu1~20.04) ...\r\nSelecting previously unselected package libgomp1:amd64.\r\nPreparing to unpack .../23-libgomp1_10.3.0-1ubuntu1~20.04_amd64.deb ...\r\nUnpacking libgomp1:amd64 (10.3.0-1ubuntu1~20.04) ...\r\nSelecting previously unselected package libitm1:amd64.\r\nPreparing to unpack .../24-libitm1_10.3.0-1ubuntu1~20.04_amd64.deb ...\r\nUnpacking libitm1:amd64 (10.3.0-1ubuntu1~20.04) ...\r\nSelecting previously unselected package libatomic1:amd64.\r\nPreparing to unpack .../25-libatomic1_10.3.0-1ubuntu1~20.04_amd64.deb ...\r\nUnpacking libatomic1:amd64 (10.3.0-1ubuntu1~20.04) ...\r\nSelecting previously unselected package libasan5:amd64.\r\nPreparing to unpack .../26-libasan5_9.4.0-1ubuntu1~20.04.1_amd64.deb ...\r\nUnpacking libasan5:amd64 (9.4.0-1ubuntu1~20.04.1) ...\r\nSelecting previously unselected package liblsan0:amd64.\r\nPreparing to unpack .../27-liblsan0_10.3.0-1ubuntu1~20.04_amd64.deb ...\r\nUnpacking liblsan0:amd64 (10.3.0-1ubuntu1~20.04) ...\r\nSelecting previously unselected package libtsan0:amd64.\r\nPreparing to unpack .../28-libtsan0_10.3.0-1ubuntu1~20.04_amd64.deb ...\r\nUnpacking libtsan0:amd64 (10.3.0-1ubuntu1~20.04) ...\r\nSelecting previously unselected package libubsan1:amd64.\r\nPreparing to unpack .../29-libubsan1_10.3.0-1ubuntu1~20.04_amd64.deb ...\r\nUnpacking libubsan1:amd64 (10.3.0-1ubuntu1~20.04) ...\r\nSelecting previously unselected package libgcc-9-dev:amd64.\r\nPreparing to unpack .../30-libgcc-9-dev_9.4.0-1ubuntu1~20.04.1_amd64.deb ...\r\nUnpacking libgcc-9-dev:amd64 (9.4.0-1ubuntu1~20.04.1) ...\r\nSelecting previously unselected package gcc-9.\r\nPreparing to unpack .../31-gcc-9_9.4.0-1ubuntu1~20.04.1_amd64.deb ...\r\nUnpacking gcc-9 (9.4.0-1ubuntu1~20.04.1) ...\r\nSelecting previously unselected package gcc.\r\nPreparing to unpack .../32-gcc_4%3a9.3.0-1ubuntu2_amd64.deb ...\r\nUnpacking gcc (4:9.3.0-1ubuntu2) ...\r\nSelecting previously unselected package libstdc++-9-dev:amd64.\r\nPreparing to unpack .../33-libstdc++-9-dev_9.4.0-1ubuntu1~20.04.1_amd64.deb ...\r\nUnpacking libstdc++-9-dev:amd64 (9.4.0-1ubuntu1~20.04.1) ...\r\nSelecting previously unselected package g++-9.\r\nPreparing to unpack .../34-g++-9_9.4.0-1ubuntu1~20.04.1_amd64.deb ...\r\nUnpacking g++-9 (9.4.0-1ubuntu1~20.04.1) ...\r\nSelecting previously unselected package g++.\r\nPreparing to unpack .../35-g++_4%3a9.3.0-1ubuntu2_amd64.deb ...\r\nUnpacking g++ (4:9.3.0-1ubuntu2) ...\r\nSelecting previously unselected package make.\r\nPreparing to unpack .../36-make_4.2.1-1.2_amd64.deb ...\r\nUnpacking make (4.2.1-1.2) ...\r\nSelecting previously unselected package libdpkg-perl.\r\nPreparing to unpack .../37-libdpkg-perl_1.19.7ubuntu3.2_all.deb ...\r\nUnpacking libdpkg-perl (1.19.7ubuntu3.2) ...\r\nSelecting previously unselected package patch.\r\nPreparing to unpack .../38-patch_2.7.6-6_amd64.deb ...\r\nUnpacking patch (2.7.6-6) ...\r\nSelecting previously unselected package dpkg-dev.\r\nPreparing to unpack .../39-dpkg-dev_1.19.7ubuntu3.2_all.deb ...\r\nUnpacking dpkg-dev (1.19.7ubuntu3.2) ...\r\nSelecting previously unselected package build-essential.\r\nPreparing to unpack .../40-build-essential_12.8ubuntu1.1_amd64.deb ...\r\nUnpacking build-essential (12.8ubuntu1.1) ...\r\nSelecting previously unselected package liberror-perl.\r\nPreparing to unpack .../41-liberror-perl_0.17029-1_all.deb ...\r\nUnpacking liberror-perl (0.17029-1) ...\r\nSelecting previously unselected package git-man.\r\nPreparing to unpack .../42-git-man_1%3a2.25.1-1ubuntu3.6_all.deb ...\r\nUnpacking git-man (1:2.25.1-1ubuntu3.6) ...\r\nSelecting previously unselected package git.\r\nPreparing to unpack .../43-git_1%3a2.25.1-1ubuntu3.6_amd64.deb ...\r\nUnpacking git (1:2.25.1-1ubuntu3.6) ...\r\nSelecting previously unselected package libasound2-data.\r\nPreparing to unpack .../44-libasound2-data_1.2.2-2.1ubuntu2.5_all.deb ...\r\nUnpacking libasound2-data (1.2.2-2.1ubuntu2.5) ...\r\nSelecting previously unselected package libasound2:amd64.\r\nPreparing to unpack .../45-libasound2_1.2.2-2.1ubuntu2.5_amd64.deb ...\r\nUnpacking libasound2:amd64 (1.2.2-2.1ubuntu2.5) ...\r\nSelecting previously unselected package libltdl7:amd64.\r\nPreparing to unpack .../46-libltdl7_2.4.6-14_amd64.deb ...\r\nUnpacking libltdl7:amd64 (2.4.6-14) ...\r\nSelecting previously unselected package libtdb1:amd64.\r\nPreparing to unpack .../47-libtdb1_1.4.3-0ubuntu0.20.04.1_amd64.deb ...\r\nUnpacking libtdb1:amd64 (1.4.3-0ubuntu0.20.04.1) ...\r\nSelecting previously unselected package libogg0:amd64.\r\nPreparing to unpack .../48-libogg0_1.3.4-0ubuntu1_amd64.deb ...\r\nUnpacking libogg0:amd64 (1.3.4-0ubuntu1) ...\r\nSelecting previously unselected package libvorbis0a:amd64.\r\nPreparing to unpack .../49-libvorbis0a_1.3.6-2ubuntu1_amd64.deb ...\r\nUnpacking libvorbis0a:amd64 (1.3.6-2ubuntu1) ...\r\nSelecting previously unselected package libvorbisfile3:amd64.\r\nPreparing to unpack .../50-libvorbisfile3_1.3.6-2ubuntu1_amd64.deb ...\r\nUnpacking libvorbisfile3:amd64 (1.3.6-2ubuntu1) ...\r\nSelecting previously unselected package sound-theme-freedesktop.\r\nPreparing to unpack .../51-sound-theme-freedesktop_0.8-2ubuntu1_all.deb ...\r\nUnpacking sound-theme-freedesktop (0.8-2ubuntu1) ...\r\nSelecting previously unselected package libcanberra0:amd64.\r\nPreparing to unpack .../52-libcanberra0_0.30-7ubuntu1_amd64.deb ...\r\nUnpacking libcanberra0:amd64 (0.30-7ubuntu1) ...\r\nSelecting previously unselected package libexpat1-dev:amd64.\r\nPreparing to unpack .../53-libexpat1-dev_2.2.9-1ubuntu0.6_amd64.deb ...\r\nUnpacking libexpat1-dev:amd64 (2.2.9-1ubuntu0.6) ...\r\nSelecting previously unselected package libgpm2:amd64.\r\nPreparing to unpack .../54-libgpm2_1.20.7-5_amd64.deb ...\r\nUnpacking libgpm2:amd64 (1.20.7-5) ...\r\nPreparing to unpack .../55-libpq5_12.12-0ubuntu0.20.04.1_amd64.deb ...\r\nUnpacking libpq5:amd64 (12.12-0ubuntu0.20.04.1) over (12.8-0ubuntu0.20.04.1) ...\r\nSelecting previously unselected package libpq-dev.\r\nPreparing to unpack .../56-libpq-dev_12.12-0ubuntu0.20.04.1_amd64.deb ...\r\nUnpacking libpq-dev (12.12-0ubuntu0.20.04.1) ...\r\nSelecting previously unselected package libpython2.7:amd64.\r\nPreparing to unpack .../57-libpython2.7_2.7.18-1~20.04.3_amd64.deb ...\r\nUnpacking libpython2.7:amd64 (2.7.18-1~20.04.3) ...\r\nSelecting previously unselected package libpython2.7-dev:amd64.\r\nPreparing to unpack .../58-libpython2.7-dev_2.7.18-1~20.04.3_amd64.deb ...\r\nUnpacking libpython2.7-dev:amd64 (2.7.18-1~20.04.3) ...\r\nSelecting previously unselected package libpython2-dev:amd64.\r\nPreparing to unpack .../59-libpython2-dev_2.7.17-2ubuntu4_amd64.deb ...\r\nUnpacking libpython2-dev:amd64 (2.7.17-2ubuntu4) ...\r\nSelecting previously unselected package python-is-python2.\r\nPreparing to unpack .../60-python-is-python2_2.7.17-4_all.deb ...\r\nUnpacking python-is-python2 (2.7.17-4) ...\r\nSelecting previously unselected package python2.7-dev.\r\nPreparing to unpack .../61-python2.7-dev_2.7.18-1~20.04.3_amd64.deb ...\r\nUnpacking python2.7-dev (2.7.18-1~20.04.3) ...\r\nSelecting previously unselected package python2-dev.\r\nPreparing to unpack .../62-python2-dev_2.7.17-2ubuntu4_amd64.deb ...\r\nUnpacking python2-dev (2.7.17-2ubuntu4) ...\r\nSelecting previously unselected package python-dev-is-python2.\r\nPreparing to unpack .../63-python-dev-is-python2_2.7.17-4_all.deb ...\r\nUnpacking python-dev-is-python2 (2.7.17-4) ...\r\nSelecting previously unselected package python-pip-whl.\r\nPreparing to unpack .../64-python-pip-whl_20.0.2-5ubuntu1.6_all.deb ...\r\nUnpacking python-pip-whl (20.0.2-5ubuntu1.6) ...\r\nSelecting previously unselected package python3-lib2to3.\r\nPreparing to unpack .../65-python3-lib2to3_3.8.10-0ubuntu1~20.04_all.deb ...\r\nUnpacking python3-lib2to3 (3.8.10-0ubuntu1~20.04) ...\r\nSelecting previously unselected package python3-distutils.\r\nPreparing to unpack .../66-python3-distutils_3.8.10-0ubuntu1~20.04_all.deb ...\r\nUnpacking python3-distutils (3.8.10-0ubuntu1~20.04) ...\r\nSelecting previously unselected package python3-setuptools.\r\nPreparing to unpack .../67-python3-setuptools_45.2.0-1_all.deb ...\r\nUnpacking python3-setuptools (45.2.0-1) ...\r\nSelecting previously unselected package python3-wheel.\r\nPreparing to unpack .../68-python3-wheel_0.34.2-1_all.deb ...\r\nUnpacking python3-wheel (0.34.2-1) ...\r\nSelecting previously unselected package python3-pip.\r\nPreparing to unpack .../69-python3-pip_20.0.2-5ubuntu1.6_all.deb ...\r\nUnpacking python3-pip (20.0.2-5ubuntu1.6) ...\r\nSelecting previously unselected package tini.\r\nPreparing to unpack .../70-tini_0.18.0-1_amd64.deb ...\r\nUnpacking tini (0.18.0-1) ...\r\nSelecting previously unselected package vim-runtime.\r\nPreparing to unpack .../71-vim-runtime_2%3a8.1.2269-1ubuntu5.9_all.deb ...\r\nAdding 'diversion of /usr/share/vim/vim81/doc/help.txt to /usr/share/vim/vim81/doc/help.txt.vim-tiny by vim-runtime'\r\nAdding 'diversion of /usr/share/vim/vim81/doc/tags to /usr/share/vim/vim81/doc/tags.vim-tiny by vim-runtime'\r\nUnpacking vim-runtime (2:8.1.2269-1ubuntu5.9) ...\r\nSelecting previously unselected package vim.\r\nPreparing to unpack .../72-vim_2%3a8.1.2269-1ubuntu5.9_amd64.deb ...\r\nUnpacking vim (2:8.1.2269-1ubuntu5.9) ...\r\nSetting up libexpat1:amd64 (2.2.9-1ubuntu0.6) ...\r\nSetting up libgpm2:amd64 (1.20.7-5) ...\r\nSetting up libogg0:amd64 (1.3.4-0ubuntu1) ...\r\nSetting up perl-modules-5.30 (5.30.0-9ubuntu0.3) ...\r\nSetting up wget (1.20.3-1ubuntu2) ...\r\nSetting up libtdb1:amd64 (1.4.3-0ubuntu0.20.04.1) ...\r\nSetting up binutils-common:amd64 (2.34-6ubuntu1.4) ...\r\nSetting up libpq5:amd64 (12.12-0ubuntu0.20.04.1) ...\r\nSetting up linux-libc-dev:amd64 (5.4.0-135.152) ...\r\nSetting up libctf-nobfd0:amd64 (2.34-6ubuntu1.4) ...\r\nSetting up libpq-dev (12.12-0ubuntu0.20.04.1) ...\r\nSetting up libgomp1:amd64 (10.3.0-1ubuntu1~20.04) ...\r\nSetting up python3-wheel (0.34.2-1) ...\r\nSetting up xxd (2:8.1.2269-1ubuntu5.9) ...\r\nSetting up libpython2.7-stdlib:amd64 (2.7.18-1~20.04.3) ...\r\nSetting up libasound2-data (1.2.2-2.1ubuntu2.5) ...\r\nSetting up vim-common (2:8.1.2269-1ubuntu5.9) ...\r\nSetting up make (4.2.1-1.2) ...\r\nSetting up libmpfr6:amd64 (4.0.2-1) ...\r\nSetting up xz-utils (5.2.4-1ubuntu1.1) ...\r\nupdate-alternatives: using /usr/bin/xz to provide /usr/bin/lzma (lzma) in auto mode\r\nupdate-alternatives: warning: skip creation of /usr/share/man/man1/lzma.1.gz because associated file /usr/share/man/man1/xz.1.gz (of link group lzma) doesn't exist\r\nupdate-alternatives: warning: skip creation of /usr/share/man/man1/unlzma.1.gz because associated file /usr/share/man/man1/unxz.1.gz (of link group lzma) doesn't exist\r\nupdate-alternatives: warning: skip creation of /usr/share/man/man1/lzcat.1.gz because associated file /usr/share/man/man1/xzcat.1.gz (of link group lzma) doesn't exist\r\nupdate-alternatives: warning: skip creation of /usr/share/man/man1/lzmore.1.gz because associated file /usr/share/man/man1/xzmore.1.gz (of link group lzma) doesn't exist\r\nupdate-alternatives: warning: skip creation of /usr/share/man/man1/lzless.1.gz because associated file /usr/share/man/man1/xzless.1.gz (of link group lzma) doesn't exist\r\nupdate-alternatives: warning: skip creation of /usr/share/man/man1/lzdiff.1.gz because associated file /usr/share/man/man1/xzdiff.1.gz (of link group lzma) doesn't exist\r\nupdate-alternatives: warning: skip creation of /usr/share/man/man1/lzcmp.1.gz because associated file /usr/share/man/man1/xzcmp.1.gz (of link group lzma) doesn't exist\r\nupdate-alternatives: warning: skip creation of /usr/share/man/man1/lzgrep.1.gz because associated file /usr/share/man/man1/xzgrep.1.gz (of link group lzma) doesn't exist\r\nupdate-alternatives: warning: skip creation of /usr/share/man/man1/lzegrep.1.gz because associated file /usr/share/man/man1/xzegrep.1.gz (of link group lzma) doesn't exist\r\nupdate-alternatives: warning: skip creation of /usr/share/man/man1/lzfgrep.1.gz because associated file /usr/share/man/man1/xzfgrep.1.gz (of link group lzma) doesn't exist\r\nSetting up libmpc3:amd64 (1.1.0-1) ...\r\nSetting up libatomic1:amd64 (10.3.0-1ubuntu1~20.04) ...\r\nSetting up libvorbis0a:amd64 (1.3.6-2ubuntu1) ...\r\nSetting up tini (0.18.0-1) ...\r\nSetting up patch (2.7.6-6) ...\r\nSetting up libltdl7:amd64 (2.4.6-14) ...\r\nSetting up libubsan1:amd64 (10.3.0-1ubuntu1~20.04) ...\r\nSetting up nano (4.8-1ubuntu1) ...\r\nupdate-alternatives: using /bin/nano to provide /usr/bin/editor (editor) in auto mode\r\nupdate-alternatives: warning: skip creation of /usr/share/man/man1/editor.1.gz because associated file /usr/share/man/man1/nano.1.gz (of link group editor) doesn't exist\r\nupdate-alternatives: using /bin/nano to provide /usr/bin/pico (pico) in auto mode\r\nupdate-alternatives: warning: skip creation of /usr/share/man/man1/pico.1.gz because associated file /usr/share/man/man1/nano.1.gz (of link group pico) doesn't exist\r\nSetting up sound-theme-freedesktop (0.8-2ubuntu1) ...\r\nSetting up libcrypt-dev:amd64 (1:4.4.10-10ubuntu4) ...\r\nSetting up libasound2:amd64 (1.2.2-2.1ubuntu2.5) ...\r\nSetting up git-man (1:2.25.1-1ubuntu3.6) ...\r\nSetting up libisl22:amd64 (0.22.1-1) ...\r\nSetting up python-pip-whl (20.0.2-5ubuntu1.6) ...\r\nSetting up libbinutils:amd64 (2.34-6ubuntu1.4) ...\r\nSetting up vim-runtime (2:8.1.2269-1ubuntu5.9) ...\r\nSetting up libc-dev-bin (2.31-0ubuntu9.9) ...\r\nSetting up python3-lib2to3 (3.8.10-0ubuntu1~20.04) ...\r\nSetting up libcc1-0:amd64 (10.3.0-1ubuntu1~20.04) ...\r\nSetting up liblsan0:amd64 (10.3.0-1ubuntu1~20.04) ...\r\nSetting up libitm1:amd64 (10.3.0-1ubuntu1~20.04) ...\r\nSetting up libgdbm6:amd64 (1.18.1-5) ...\r\nSetting up gcc-9-base:amd64 (9.4.0-1ubuntu1~20.04.1) ...\r\nSetting up libtsan0:amd64 (10.3.0-1ubuntu1~20.04) ...\r\nSetting up libctf0:amd64 (2.34-6ubuntu1.4) ...\r\nSetting up python3-distutils (3.8.10-0ubuntu1~20.04) ...\r\nSetting up libpython2.7:amd64 (2.7.18-1~20.04.3) ...\r\nSetting up python3-setuptools (45.2.0-1) ...\r\nSetting up python2.7 (2.7.18-1~20.04.3) ...\r\nSetting up libpython2-stdlib:amd64 (2.7.17-2ubuntu4) ...\r\nSetting up python2 (2.7.17-2ubuntu4) ...\r\nSetting up libvorbisfile3:amd64 (1.3.6-2ubuntu1) ...\r\nSetting up libasan5:amd64 (9.4.0-1ubuntu1~20.04.1) ...\r\nSetting up libgdbm-compat4:amd64 (1.18.1-5) ...\r\nSetting up python3-pip (20.0.2-5ubuntu1.6) ...\r\nSetting up cpp-9 (9.4.0-1ubuntu1~20.04.1) ...\r\nSetting up libperl5.30:amd64 (5.30.0-9ubuntu0.3) ...\r\nSetting up libc6-dev:amd64 (2.31-0ubuntu9.9) ...\r\nSetting up python-is-python2 (2.7.17-4) ...\r\nSetting up binutils-x86-64-linux-gnu (2.34-6ubuntu1.4) ...\r\nSetting up libcanberra0:amd64 (0.30-7ubuntu1) ...\r\nSetting up vim (2:8.1.2269-1ubuntu5.9) ...\r\nupdate-alternatives: using /usr/bin/vim.basic to provide /usr/bin/vim (vim) in auto mode\r\nupdate-alternatives: using /usr/bin/vim.basic to provide /usr/bin/vimdiff (vimdiff) in auto mode\r\nupdate-alternatives: using /usr/bin/vim.basic to provide /usr/bin/rvim (rvim) in auto mode\r\nupdate-alternatives: using /usr/bin/vim.basic to provide /usr/bin/rview (rview) in auto mode\r\nupdate-alternatives: using /usr/bin/vim.basic to provide /usr/bin/vi (vi) in auto mode\r\nupdate-alternatives: warning: skip creation of /usr/share/man/da/man1/vi.1.gz because associated file /usr/share/man/da/man1/vim.1.gz (of link group vi) doesn't exist\r\nupdate-alternatives: warning: skip creation of /usr/share/man/de/man1/vi.1.gz because associated file /usr/share/man/de/man1/vim.1.gz (of link group vi) doesn't exist\r\nupdate-alternatives: warning: skip creation of /usr/share/man/fr/man1/vi.1.gz because associated file /usr/share/man/fr/man1/vim.1.gz (of link group vi) doesn't exist\r\nupdate-alternatives: warning: skip creation of /usr/share/man/it/man1/vi.1.gz because associated file /usr/share/man/it/man1/vim.1.gz (of link group vi) doesn't exist\r\nupdate-alternatives: warning: skip creation of /usr/share/man/ja/man1/vi.1.gz because associated file /usr/share/man/ja/man1/vim.1.gz (of link group vi) doesn't exist\r\nupdate-alternatives: warning: skip creation of /usr/share/man/pl/man1/vi.1.gz because associated file /usr/share/man/pl/man1/vim.1.gz (of link group vi) doesn't exist\r\nupdate-alternatives: warning: skip creation of /usr/share/man/ru/man1/vi.1.gz because associated file /usr/share/man/ru/man1/vim.1.gz (of link group vi) doesn't exist\r\nupdate-alternatives: warning: skip creation of /usr/share/man/man1/vi.1.gz because associated file /usr/share/man/man1/vim.1.gz (of link group vi) doesn't exist\r\nupdate-alternatives: using /usr/bin/vim.basic to provide /usr/bin/view (view) in auto mode\r\nupdate-alternatives: warning: skip creation of /usr/share/man/da/man1/view.1.gz because associated file /usr/share/man/da/man1/vim.1.gz (of link group view) doesn't exist\r\nupdate-alternatives: warning: skip creation of /usr/share/man/de/man1/view.1.gz because associated file /usr/share/man/de/man1/vim.1.gz (of link group view) doesn't exist\r\nupdate-alternatives: warning: skip creation of /usr/share/man/fr/man1/view.1.gz because associated file /usr/share/man/fr/man1/vim.1.gz (of link group view) doesn't exist\r\nupdate-alternatives: warning: skip creation of /usr/share/man/it/man1/view.1.gz because associated file /usr/share/man/it/man1/vim.1.gz (of link group view) doesn't exist\r\nupdate-alternatives: warning: skip creation of /usr/share/man/ja/man1/view.1.gz because associated file /usr/share/man/ja/man1/vim.1.gz (of link group view) doesn't exist\r\nupdate-alternatives: warning: skip creation of /usr/share/man/pl/man1/view.1.gz because associated file /usr/share/man/pl/man1/vim.1.gz (of link group view) doesn't exist\r\nupdate-alternatives: warning: skip creation of /usr/share/man/ru/man1/view.1.gz because associated file /usr/share/man/ru/man1/vim.1.gz (of link group view) doesn't exist\r\nupdate-alternatives: warning: skip creation of /usr/share/man/man1/view.1.gz because associated file /usr/share/man/man1/vim.1.gz (of link group view) doesn't exist\r\nupdate-alternatives: using /usr/bin/vim.basic to provide /usr/bin/ex (ex) in auto mode\r\nupdate-alternatives: warning: skip creation of /usr/share/man/da/man1/ex.1.gz because associated file /usr/share/man/da/man1/vim.1.gz (of link group ex) doesn't exist\r\nupdate-alternatives: warning: skip creation of /usr/share/man/de/man1/ex.1.gz because associated file /usr/share/man/de/man1/vim.1.gz (of link group ex) doesn't exist\r\nupdate-alternatives: warning: skip creation of /usr/share/man/fr/man1/ex.1.gz because associated file /usr/share/man/fr/man1/vim.1.gz (of link group ex) doesn't exist\r\nupdate-alternatives: warning: skip creation of /usr/share/man/it/man1/ex.1.gz because associated file /usr/share/man/it/man1/vim.1.gz (of link group ex) doesn't exist\r\nupdate-alternatives: warning: skip creation of /usr/share/man/ja/man1/ex.1.gz because associated file /usr/share/man/ja/man1/vim.1.gz (of link group ex) doesn't exist\r\nupdate-alternatives: warning: skip creation of /usr/share/man/pl/man1/ex.1.gz because associated file /usr/share/man/pl/man1/vim.1.gz (of link group ex) doesn't exist\r\nupdate-alternatives: warning: skip creation of /usr/share/man/ru/man1/ex.1.gz because associated file /usr/share/man/ru/man1/vim.1.gz (of link group ex) doesn't exist\r\nupdate-alternatives: warning: skip creation of /usr/share/man/man1/ex.1.gz because associated file /usr/share/man/man1/vim.1.gz (of link group ex) doesn't exist\r\nSetting up binutils (2.34-6ubuntu1.4) ...\r\nSetting up libgcc-9-dev:amd64 (9.4.0-1ubuntu1~20.04.1) ...\r\nSetting up perl (5.30.0-9ubuntu0.3) ...\r\nSetting up libexpat1-dev:amd64 (2.2.9-1ubuntu0.6) ...\r\nSetting up libdpkg-perl (1.19.7ubuntu3.2) ...\r\nSetting up cpp (4:9.3.0-1ubuntu2) ...\r\nSetting up gcc-9 (9.4.0-1ubuntu1~20.04.1) ...\r\nSetting up libpython2.7-dev:amd64 (2.7.18-1~20.04.3) ...\r\nSetting up libstdc++-9-dev:amd64 (9.4.0-1ubuntu1~20.04.1) ...\r\nSetting up gcc (4:9.3.0-1ubuntu2) ...\r\nSetting up dpkg-dev (1.19.7ubuntu3.2) ...\r\nSetting up liberror-perl (0.17029-1) ...\r\nSetting up git (1:2.25.1-1ubuntu3.6) ...\r\nSetting up g++-9 (9.4.0-1ubuntu1~20.04.1) ...\r\nSetting up g++ (4:9.3.0-1ubuntu2) ...\r\nupdate-alternatives: using /usr/bin/g++ to provide /usr/bin/c++ (c++) in auto mode\r\nupdate-alternatives: warning: skip creation of /usr/share/man/man1/c++.1.gz because associated file /usr/share/man/man1/g++.1.gz (of link group c++) doesn't exist\r\nSetting up build-essential (12.8ubuntu1.1) ...\r\nSetting up libpython2-dev:amd64 (2.7.17-2ubuntu4) ...\r\nSetting up python2.7-dev (2.7.18-1~20.04.3) ...\r\nSetting up python2-dev (2.7.17-2ubuntu4) ...\r\nSetting up python-dev-is-python2 (2.7.17-4) ...\r\nProcessing triggers for libc-bin (2.31-0ubuntu9.2) ...\r\nProcessing triggers for mime-support (3.64ubuntu1) ...\r\nReading package lists...\nBuilding dependency tree...\nReading state information...\nReading package lists...\nBuilding dependency tree...\nReading state information...\n0 upgraded, 0 newly installed, 0 to remove and 75 not upgraded.\nRemoving intermediate container a110d5096e75\n ---> 25afd0a47d00\nStep 4/21 : ARG ENVIRONMENT=test\n ---> Running in 35b6bdca1910\nRemoving intermediate container 35b6bdca1910\n ---> e4055b2689f2\nStep 5/21 : RUN echo \"Environment is: $ENVIRONMENT\"\n ---> Running in 83c7bf37567d\nEnvironment is: test\nRemoving intermediate container 83c7bf37567d\n ---> 57a2aff49123\nStep 6/21 : RUN mkdir -p /conf\n ---> Running in 95ad4037a3d9\nRemoving intermediate container 95ad4037a3d9\n ---> 38659c4d608a\nStep 7/21 : COPY requirements /conf/\n ---> c09decdd7a52\nStep 8/21 : RUN pip install --no-cache-dir -r /conf/setup.txt\n ---> Running in 91fbce62869c\nCollecting attrs==22.1.0\n  Downloading attrs-22.1.0-py2.py3-none-any.whl (58 kB)\nCollecting build==0.8.0\n  Downloading build-0.8.0-py3-none-any.whl (17 kB)\nCollecting certifi==2022.12.7\n  Downloading certifi-2022.12.7-py3-none-any.whl (155 kB)\nCollecting cfgv==3.3.1\n  Downloading cfgv-3.3.1-py2.py3-none-any.whl (7.3 kB)\nCollecting click==8.1.3\n  Downloading click-8.1.3-py3-none-any.whl (96 kB)\nCollecting coverage[toml]==6.5.0\n  Downloading coverage-6.5.0-cp38-cp38-manylinux_2_5_x86_64.manylinux1_x86_64.manylinux_2_17_x86_64.manylinux2014_x86_64.whl (214 kB)\nCollecting distlib==0.3.6\n  Downloading distlib-0.3.6-py2.py3-none-any.whl (468 kB)\nCollecting filelock==3.8.0\n  Downloading filelock-3.8.0-py3-none-any.whl (10 kB)\nCollecting identify==2.5.6\n  Downloading identify-2.5.6-py2.py3-none-any.whl (98 kB)\nCollecting iniconfig==1.1.1\n  Downloading iniconfig-1.1.1-py2.py3-none-any.whl (5.0 kB)\nCollecting nodeenv==1.7.0\n  Downloading nodeenv-1.7.0-py2.py3-none-any.whl (21 kB)\nCollecting packaging==21.3\n  Downloading packaging-21.3-py3-none-any.whl (40 kB)\nCollecting pep517==0.13.0\n  Downloading pep517-0.13.0-py3-none-any.whl (18 kB)\nCollecting pip-tools==6.9.0\n  Downloading pip_tools-6.9.0-py3-none-any.whl (52 kB)\nCollecting platformdirs==2.5.2\n  Downloading platformdirs-2.5.2-py3-none-any.whl (14 kB)\nCollecting pluggy==1.0.0\n  Downloading pluggy-1.0.0-py2.py3-none-any.whl (13 kB)\nCollecting pre-commit==2.20.0\n  Downloading pre_commit-2.20.0-py2.py3-none-any.whl (199 kB)\nCollecting py==1.11.0\n  Downloading py-1.11.0-py2.py3-none-any.whl (98 kB)\nCollecting pydantic==1.10.2\n  Downloading pydantic-1.10.2-cp38-cp38-manylinux_2_17_x86_64.manylinux2014_x86_64.whl (13.6 MB)\nCollecting pyparsing==3.0.9\n  Downloading pyparsing-3.0.9-py3-none-any.whl (98 kB)\nCollecting pyproj==3.4.0\n  Downloading pyproj-3.4.0-cp38-cp38-manylinux_2_17_x86_64.manylinux2014_x86_64.whl (7.8 MB)\nCollecting pytest==7.1.3\n  Downloading pytest-7.1.3-py3-none-any.whl (298 kB)\nCollecting pytest-cov==4.0.0\n  Downloading pytest_cov-4.0.0-py3-none-any.whl (21 kB)\nCollecting pyyaml==6.0\n  Downloading PyYAML-6.0-cp38-cp38-manylinux_2_5_x86_64.manylinux1_x86_64.manylinux_2_12_x86_64.manylinux2010_x86_64.whl (701 kB)\nCollecting toml==0.10.2\n  Downloading toml-0.10.2-py2.py3-none-any.whl (16 kB)\nCollecting tomli==2.0.1\n  Downloading tomli-2.0.1-py3-none-any.whl (12 kB)\nCollecting typing-extensions==4.4.0\n  Downloading typing_extensions-4.4.0-py3-none-any.whl (26 kB)\nCollecting virtualenv==20.16.5\n  Downloading virtualenv-20.16.5-py3-none-any.whl (8.8 MB)\nCollecting wheel==0.37.1\n  Downloading wheel-0.37.1-py2.py3-none-any.whl (35 kB)\nRequirement already satisfied: setuptools in /usr/lib/python3/dist-packages (from nodeenv==1.7.0->-r /conf/setup.txt (line 27)) (45.2.0)\nCollecting pip>=21.2\n  Downloading pip-22.3.1-py3-none-any.whl (2.1 MB)\nInstalling collected packages: attrs, pyparsing, packaging, tomli, pep517, build, certifi, cfgv, click, coverage, distlib, filelock, identify, iniconfig, nodeenv, pip, wheel, pip-tools, platformdirs, pluggy, pyyaml, virtualenv, toml, pre-commit, py, typing-extensions, pydantic, pyproj, pytest, pytest-cov\n  Attempting uninstall: pip\n    Found existing installation: pip 20.0.2\n    Not uninstalling pip at /usr/lib/python3/dist-packages, outside environment /usr\n    Can't uninstall 'pip'. No files were found to uninstall.\n  Attempting uninstall: wheel\n    Found existing installation: wheel 0.34.2\n    Not uninstalling wheel at /usr/lib/python3/dist-packages, outside environment /usr\n    Can't uninstall 'wheel'. No files were found to uninstall.\nSuccessfully installed attrs-22.1.0 build-0.8.0 certifi-2022.12.7 cfgv-3.3.1 click-8.1.3 coverage-6.5.0 distlib-0.3.6 filelock-3.8.0 identify-2.5.6 iniconfig-1.1.1 nodeenv-1.7.0 packaging-21.3 pep517-0.13.0 pip-22.3.1 pip-tools-6.9.0 platformdirs-2.5.2 pluggy-1.0.0 pre-commit-2.20.0 py-1.11.0 pydantic-1.10.2 pyparsing-3.0.9 pyproj-3.4.0 pytest-7.1.3 pytest-cov-4.0.0 pyyaml-6.0 toml-0.10.2 tomli-2.0.1 typing-extensions-4.4.0 virtualenv-20.16.5 wheel-0.37.1\nRemoving intermediate container 91fbce62869c\n ---> 4c96de5c0b5a\nStep 9/21 : ENV PATH=/usr/local/bin:$PATH\n ---> Running in ce8ce648084a\nRemoving intermediate container ce8ce648084a\n ---> 158100fe4450\nStep 10/21 : RUN pip install --no-cache-dir -r /conf/${ENVIRONMENT}.txt\n ---> Running in b9aa1a2463ef\nCollecting affine==2.3.1\n  Downloading affine-2.3.1-py2.py3-none-any.whl (16 kB)\nCollecting alabaster==0.7.12\n  Downloading alabaster-0.7.12-py2.py3-none-any.whl (14 kB)\nRequirement already satisfied: attrs==22.1.0 in /usr/local/lib/python3.8/dist-packages (from -r /conf/test.txt (line 14)) (22.1.0)\nCollecting babel==2.10.3\n  Downloading Babel-2.10.3-py3-none-any.whl (9.5 MB)\n      9.5/9.5 MB 107.0 MB/s eta 0:00:00\nCollecting boltons==21.0.0\n  Downloading boltons-21.0.0-py2.py3-none-any.whl (193 kB)\n      193.7/193.7 kB 309.2 MB/s eta 0:00:00\nCollecting boto3==1.24.94\n  Downloading boto3-1.24.94-py3-none-any.whl (132 kB)\n      132.5/132.5 kB 261.9 MB/s eta 0:00:00\nCollecting botocore==1.27.94\n  Downloading botocore-1.27.94-py3-none-any.whl (9.3 MB)\n      9.3/9.3 MB 119.2 MB/s eta 0:00:00\nCollecting cachetools==5.2.0\n  Downloading cachetools-5.2.0-py3-none-any.whl (9.3 kB)\nCollecting cattrs==22.2.0\n  Downloading cattrs-22.2.0-py3-none-any.whl (35 kB)\nRequirement already satisfied: certifi==2022.12.7 in /usr/local/lib/python3.8/dist-packages (from -r /conf/test.txt (line 37)) (2022.12.7)\nCollecting cftime==1.6.2\n  Downloading cftime-1.6.2-cp38-cp38-manylinux_2_17_x86_64.manylinux2014_x86_64.whl (1.3 MB)\n      1.3/1.3 MB 135.3 MB/s eta 0:00:00\nCollecting charset-normalizer==2.1.1\n  Downloading charset_normalizer-2.1.1-py3-none-any.whl (39 kB)\nCollecting checksumdir==1.2.0\n  Downloading checksumdir-1.2.0-py3-none-any.whl (5.3 kB)\nCollecting ciso8601==2.2.0\n  Downloading ciso8601-2.2.0.tar.gz (18 kB)\n  Installing build dependencies: started\n  Installing build dependencies: finished with status 'done'\n  Getting requirements to build wheel: started\n  Getting requirements to build wheel: finished with status 'done'\n  Preparing metadata (pyproject.toml): started\n  Preparing metadata (pyproject.toml): finished with status 'done'\nRequirement already satisfied: click==8.1.3 in /usr/local/lib/python3.8/dist-packages (from -r /conf/test.txt (line 50)) (8.1.3)\nCollecting click-plugins==1.1.1\n  Downloading click_plugins-1.1.1-py2.py3-none-any.whl (7.5 kB)\nCollecting cligj==0.7.2\n  Downloading cligj-0.7.2-py3-none-any.whl (7.1 kB)\nCollecting cloudpickle==2.2.0\n  Downloading cloudpickle-2.2.0-py3-none-any.whl (25 kB)\nCollecting dask[array]==2022.10.0\n  Downloading dask-2022.10.0-py3-none-any.whl (1.1 MB)\n      1.1/1.1 MB 138.1 MB/s eta 0:00:00\nCollecting datacube==1.8.8\n  Downloading datacube-1.8.8-py2.py3-none-any.whl (351 kB)\n      351.4/351.4 kB 207.5 MB/s eta 0:00:00\nCollecting deepdiff==6.2.1\n  Downloading deepdiff-6.2.1-py3-none-any.whl (72 kB)\n      72.7/72.7 kB 264.3 MB/s eta 0:00:00\nCollecting defusedxml==0.7.1\n  Downloading defusedxml-0.7.1-py2.py3-none-any.whl (25 kB)\nCollecting distributed==2022.10.0\n  Downloading distributed-2022.10.0-py3-none-any.whl (908 kB)\n      908.6/908.6 kB 140.1 MB/s eta 0:00:00\nCollecting docutils==0.17.1\n  Downloading docutils-0.17.1-py2.py3-none-any.whl (575 kB)\n      575.5/575.5 kB 181.7 MB/s eta 0:00:00\nCollecting exceptiongroup==1.0.0rc9\n  Downloading exceptiongroup-1.0.0rc9-py3-none-any.whl (12 kB)\nCollecting flake8==5.0.4\n  Downloading flake8-5.0.4-py2.py3-none-any.whl (61 kB)\n      61.9/61.9 kB 233.5 MB/s eta 0:00:00\nCollecting fsspec==2022.10.0\n  Downloading fsspec-2022.10.0-py3-none-any.whl (138 kB)\n      138.8/138.8 kB 309.5 MB/s eta 0:00:00\nRequirement already satisfied: gdal==3.3.2 in /usr/lib/python3/dist-packages (from -r /conf/test.txt (line 90)) (3.3.2)\nCollecting geoalchemy2==0.12.5\n  Downloading GeoAlchemy2-0.12.5-py2.py3-none-any.whl (50 kB)\n      50.5/50.5 kB 236.0 MB/s eta 0:00:00\nCollecting greenlet==1.1.3.post0\n  Downloading greenlet-1.1.3.post0-cp38-cp38-manylinux_2_17_x86_64.manylinux2014_x86_64.whl (157 kB)\n      157.4/157.4 kB 295.5 MB/s eta 0:00:00\nCollecting h5py==3.7.0\n  Downloading h5py-3.7.0-cp38-cp38-manylinux_2_12_x86_64.manylinux2010_x86_64.whl (4.5 MB)\n      4.5/4.5 MB 118.4 MB/s eta 0:00:00\nCollecting heapdict==1.0.1\n  Downloading HeapDict-1.0.1-py3-none-any.whl (3.9 kB)\nCollecting idna==3.4\n  Downloading idna-3.4-py3-none-any.whl (61 kB)\n      61.5/61.5 kB 138.3 MB/s eta 0:00:00\nCollecting imageio==2.22.2\n  Downloading imageio-2.22.2-py3-none-any.whl (3.4 MB)\n      3.4/3.4 MB 122.7 MB/s eta 0:00:00\nCollecting imagesize==1.4.1\n  Downloading imagesize-1.4.1-py2.py3-none-any.whl (8.8 kB)\nCollecting importlib-metadata==5.0.0\n  Downloading importlib_metadata-5.0.0-py3-none-any.whl (21 kB)\nCollecting importlib-resources==5.10.0\n  Downloading importlib_resources-5.10.0-py3-none-any.whl (34 kB)\nRequirement already satisfied: iniconfig==1.1.1 in /usr/local/lib/python3.8/dist-packages (from -r /conf/test.txt (line 110)) (1.1.1)\nCollecting jinja2==3.1.2\n  Downloading Jinja2-3.1.2-py3-none-any.whl (133 kB)\n      133.1/133.1 kB 314.3 MB/s eta 0:00:00\nCollecting jmespath==1.0.1\n  Downloading jmespath-1.0.1-py3-none-any.whl (20 kB)\nCollecting jsonschema==4.16.0\n  Downloading jsonschema-4.16.0-py3-none-any.whl (83 kB)\n      83.1/83.1 kB 181.0 MB/s eta 0:00:00\nCollecting lark==1.1.3\n  Downloading lark-1.1.3-py3-none-any.whl (107 kB)\n      107.5/107.5 kB 73.8 MB/s eta 0:00:00\nCollecting locket==1.0.0\n  Downloading locket-1.0.0-py2.py3-none-any.whl (4.4 kB)\nCollecting markupsafe==2.1.1\n  Downloading MarkupSafe-2.1.1-cp38-cp38-manylinux_2_17_x86_64.manylinux2014_x86_64.whl (25 kB)\nCollecting mccabe==0.7.0\n  Downloading mccabe-0.7.0-py2.py3-none-any.whl (7.3 kB)\nCollecting mock==4.0.3\n  Downloading mock-4.0.3-py3-none-any.whl (28 kB)\nCollecting morecantile==3.1.2\n  Downloading morecantile-3.1.2.tar.gz (25 kB)\n  Preparing metadata (setup.py): started\n  Preparing metadata (setup.py): finished with status 'done'\nCollecting msgpack==1.0.4\n  Downloading msgpack-1.0.4-cp38-cp38-manylinux_2_17_x86_64.manylinux2014_x86_64.whl (322 kB)\n      322.5/322.5 kB 277.5 MB/s eta 0:00:00\nCollecting netcdf4==1.6.1\n  Downloading netCDF4-1.6.1-cp38-cp38-manylinux_2_17_x86_64.manylinux2014_x86_64.whl (5.1 MB)\n      5.1/5.1 MB 129.3 MB/s eta 0:00:00\nCollecting networkx==2.8.7\n  Downloading networkx-2.8.7-py3-none-any.whl (2.0 MB)\n      2.0/2.0 MB 126.2 MB/s eta 0:00:00\nCollecting numpy==1.23.4\n  Downloading numpy-1.23.4-cp38-cp38-manylinux_2_17_x86_64.manylinux2014_x86_64.whl (17.1 MB)\n      17.1/17.1 MB 101.8 MB/s eta 0:00:00\nCollecting ordered-set==4.1.0\n  Downloading ordered_set-4.1.0-py3-none-any.whl (7.6 kB)\nRequirement already satisfied: packaging==21.3 in /usr/local/lib/python3.8/dist-packages (from -r /conf/test.txt (line 166)) (21.3)\nCollecting pandas==1.5.1\n  Downloading pandas-1.5.1-cp38-cp38-manylinux_2_17_x86_64.manylinux2014_x86_64.whl (12.2 MB)\n      12.2/12.2 MB 116.5 MB/s eta 0:00:00\nCollecting partd==1.3.0\n  Downloading partd-1.3.0-py3-none-any.whl (18 kB)\nCollecting pep8-naming==0.13.2\n  Downloading pep8_naming-0.13.2-py3-none-any.whl (8.5 kB)\nCollecting pillow==9.3.0\n  Downloading Pillow-9.3.0-cp38-cp38-manylinux_2_28_x86_64.whl (3.3 MB)\n      3.3/3.3 MB 112.5 MB/s eta 0:00:00\nCollecting pkgutil-resolve-name==1.3.10\n  Downloading pkgutil_resolve_name-1.3.10-py3-none-any.whl (4.7 kB)\nRequirement already satisfied: pluggy==1.0.0 in /usr/local/lib/python3.8/dist-packages (from -r /conf/test.txt (line 189)) (1.0.0)\nCollecting psutil==5.9.3\n  Downloading psutil-5.9.3-cp38-cp38-manylinux_2_12_x86_64.manylinux2010_x86_64.manylinux_2_17_x86_64.manylinux2014_x86_64.whl (295 kB)\n      295.6/295.6 kB 114.7 MB/s eta 0:00:00\nCollecting psycopg2==2.9.4\n  Downloading psycopg2-2.9.4.tar.gz (384 kB)\n      384.0/384.0 kB 188.3 MB/s eta 0:00:00\n  Preparing metadata (setup.py): started\n  Preparing metadata (setup.py): finished with status 'done'\nRequirement already satisfied: py==1.11.0 in /usr/local/lib/python3.8/dist-packages (from -r /conf/test.txt (line 195)) (1.11.0)\nCollecting pycodestyle==2.9.1\n  Downloading pycodestyle-2.9.1-py2.py3-none-any.whl (41 kB)\n      41.5/41.5 kB 199.6 MB/s eta 0:00:00\nRequirement already satisfied: pydantic==1.10.2 in /usr/local/lib/python3.8/dist-packages (from -r /conf/test.txt (line 199)) (1.10.2)\nCollecting pyflakes==2.5.0\n  Downloading pyflakes-2.5.0-py2.py3-none-any.whl (66 kB)\n      66.1/66.1 kB 257.1 MB/s eta 0:00:00\nCollecting pygments==2.13.0\n  Downloading Pygments-2.13.0-py3-none-any.whl (1.1 MB)\n      1.1/1.1 MB 124.8 MB/s eta 0:00:00\nRequirement already satisfied: pyparsing==3.0.9 in /usr/local/lib/python3.8/dist-packages (from -r /conf/test.txt (line 207)) (3.0.9)\nRequirement already satisfied: pyproj==3.4.0 in /usr/local/lib/python3.8/dist-packages (from -r /conf/test.txt (line 211)) (3.4.0)\nCollecting pyrsistent==0.18.1\n  Downloading pyrsistent-0.18.1-cp38-cp38-manylinux_2_17_x86_64.manylinux2014_x86_64.whl (119 kB)\n      119.8/119.8 kB 277.8 MB/s eta 0:00:00\nCollecting pystac==1.6.1\n  Downloading pystac-1.6.1-py3-none-any.whl (146 kB)\n      146.0/146.0 kB 323.5 MB/s eta 0:00:00\nRequirement already satisfied: pytest==7.1.3 in /usr/local/lib/python3.8/dist-packages (from -r /conf/test.txt (line 220)) (7.1.3)\nCollecting python-dateutil==2.8.2\n  Downloading python_dateutil-2.8.2-py2.py3-none-any.whl (247 kB)\n      247.7/247.7 kB 114.0 MB/s eta 0:00:00\nCollecting python-rapidjson==1.9\n  Downloading python_rapidjson-1.9-cp38-cp38-manylinux_2_17_x86_64.manylinux2014_x86_64.whl (1.6 MB)\n      1.6/1.6 MB 114.4 MB/s eta 0:00:00\nCollecting pytz==2022.5\n  Downloading pytz-2022.5-py2.py3-none-any.whl (500 kB)\n      500.7/500.7 kB 170.5 MB/s eta 0:00:00\nCollecting pywavelets==1.4.1\n  Downloading PyWavelets-1.4.1-cp38-cp38-manylinux_2_17_x86_64.manylinux2014_x86_64.whl (6.9 MB)\n      6.9/6.9 MB 95.4 MB/s eta 0:00:00\nRequirement already satisfied: pyyaml==6.0 in /usr/local/lib/python3.8/dist-packages (from -r /conf/test.txt (line 236)) (6.0)\nCollecting rasterio==1.3.3\n  Downloading rasterio-1.3.3-cp38-cp38-manylinux_2_17_x86_64.manylinux2014_x86_64.whl (21.0 MB)\n      21.0/21.0 MB 115.3 MB/s eta 0:00:00\nCollecting requests==2.28.1\n  Downloading requests-2.28.1-py3-none-any.whl (62 kB)\n      62.8/62.8 kB 264.7 MB/s eta 0:00:00\nCollecting rio-cogeo==3.4.1\n  Downloading rio_cogeo-3.4.1-py3-none-any.whl (19 kB)\nCollecting ruamel-yaml==0.17.21\n  Downloading ruamel.yaml-0.17.21-py3-none-any.whl (109 kB)\n      109.5/109.5 kB 281.0 MB/s eta 0:00:00\nCollecting ruamel-yaml-clib==0.2.6\n  Downloading ruamel.yaml.clib-0.2.6-cp38-cp38-manylinux1_x86_64.whl (570 kB)\n      570.4/570.4 kB 168.5 MB/s eta 0:00:00\nCollecting s3transfer==0.6.0\n  Downloading s3transfer-0.6.0-py3-none-any.whl (79 kB)\n      79.6/79.6 kB 208.2 MB/s eta 0:00:00\nCollecting scikit-image==0.19.3\n  Downloading scikit_image-0.19.3-cp38-cp38-manylinux_2_17_x86_64.manylinux2014_x86_64.whl (14.0 MB)\n      14.0/14.0 MB 111.2 MB/s eta 0:00:00\nCollecting scipy==1.9.3\n  Downloading scipy-1.9.3-cp38-cp38-manylinux_2_17_x86_64.manylinux2014_x86_64.whl (33.8 MB)\n      33.8/33.8 MB 105.3 MB/s eta 0:00:00\nCollecting shapely==1.8.5.post1\n  Downloading Shapely-1.8.5.post1-cp38-cp38-manylinux_2_12_x86_64.manylinux2010_x86_64.whl (2.1 MB)\n      2.1/2.1 MB 109.2 MB/s eta 0:00:00\nCollecting six==1.16.0\n  Downloading six-1.16.0-py2.py3-none-any.whl (11 kB)\nCollecting snowballstemmer==2.2.0\n  Downloading snowballstemmer-2.2.0-py2.py3-none-any.whl (93 kB)\n      93.0/93.0 kB 280.1 MB/s eta 0:00:00\nCollecting snuggs==1.4.7\n  Downloading snuggs-1.4.7-py3-none-any.whl (5.4 kB)\nCollecting sortedcontainers==2.4.0\n  Downloading sortedcontainers-2.4.0-py2.py3-none-any.whl (29 kB)\nCollecting sphinx==5.3.0\n  Downloading sphinx-5.3.0-py3-none-any.whl (3.2 MB)\n      3.2/3.2 MB 109.3 MB/s eta 0:00:00\nCollecting sphinx-autodoc-typehints==1.19.4\n  Downloading sphinx_autodoc_typehints-1.19.4-py3-none-any.whl (12 kB)\nCollecting sphinx-rtd-theme==1.0.0\n  Downloading sphinx_rtd_theme-1.0.0-py2.py3-none-any.whl (2.8 MB)\n      2.8/2.8 MB 121.7 MB/s eta 0:00:00\nCollecting sphinxcontrib-applehelp==1.0.2\n  Downloading sphinxcontrib_applehelp-1.0.2-py2.py3-none-any.whl (121 kB)\n      121.2/121.2 kB 306.4 MB/s eta 0:00:00\nCollecting sphinxcontrib-devhelp==1.0.2\n  Downloading sphinxcontrib_devhelp-1.0.2-py2.py3-none-any.whl (84 kB)\n      84.7/84.7 kB 296.1 MB/s eta 0:00:00\nCollecting sphinxcontrib-htmlhelp==2.0.0\n  Downloading sphinxcontrib_htmlhelp-2.0.0-py2.py3-none-any.whl (100 kB)\n      100.5/100.5 kB 294.4 MB/s eta 0:00:00\nCollecting sphinxcontrib-jsmath==1.0.1\n  Downloading sphinxcontrib_jsmath-1.0.1-py2.py3-none-any.whl (5.1 kB)\nCollecting sphinxcontrib-qthelp==1.0.3\n  Downloading sphinxcontrib_qthelp-1.0.3-py2.py3-none-any.whl (90 kB)\n      90.6/90.6 kB 299.9 MB/s eta 0:00:00\nCollecting sphinxcontrib-serializinghtml==1.1.5\n  Downloading sphinxcontrib_serializinghtml-1.1.5-py2.py3-none-any.whl (94 kB)\n      94.0/94.0 kB 199.5 MB/s eta 0:00:00\nCollecting sqlalchemy==1.4.42\n  Downloading SQLAlchemy-1.4.42-cp38-cp38-manylinux_2_5_x86_64.manylinux1_x86_64.manylinux_2_17_x86_64.manylinux2014_x86_64.whl (1.6 MB)\n      1.6/1.6 MB 131.1 MB/s eta 0:00:00\nCollecting structlog==22.1.0\n  Downloading structlog-22.1.0-py3-none-any.whl (58 kB)\n      58.7/58.7 kB 183.2 MB/s eta 0:00:00\nCollecting tblib==1.7.0\n  Downloading tblib-1.7.0-py2.py3-none-any.whl (12 kB)\nCollecting tifffile==2022.10.10\n  Downloading tifffile-2022.10.10-py3-none-any.whl (210 kB)\n      210.3/210.3 kB 297.6 MB/s eta 0:00:00\nRequirement already satisfied: tomli==2.0.1 in /usr/local/lib/python3.8/dist-packages (from -r /conf/test.txt (line 304)) (2.0.1)\nCollecting toolz==0.12.0\n  Downloading toolz-0.12.0-py3-none-any.whl (55 kB)\n      55.8/55.8 kB 240.0 MB/s eta 0:00:00\nCollecting tornado==6.1\n  Downloading tornado-6.1-cp38-cp38-manylinux2010_x86_64.whl (427 kB)\n      427.5/427.5 kB 130.8 MB/s eta 0:00:00\nRequirement already satisfied: typing-extensions==4.4.0 in /usr/local/lib/python3.8/dist-packages (from -r /conf/test.txt (line 314)) (4.4.0)\nCollecting urllib3==1.26.12\n  Downloading urllib3-1.26.12-py2.py3-none-any.whl (140 kB)\n      140.4/140.4 kB 99.8 MB/s eta 0:00:00\nCollecting xarray==2022.10.0\n  Downloading xarray-2022.10.0-py3-none-any.whl (947 kB)\n      947.6/947.6 kB 140.7 MB/s eta 0:00:00\nCollecting zict==2.2.0\n  Downloading zict-2.2.0-py2.py3-none-any.whl (23 kB)\nCollecting zipp==3.9.0\n  Downloading zipp-3.9.0-py3-none-any.whl (5.8 kB)\nRequirement already satisfied: setuptools in /usr/lib/python3/dist-packages (from rasterio==1.3.3->-r /conf/test.txt (line 241)) (45.2.0)\nBuilding wheels for collected packages: ciso8601, morecantile, psycopg2\n  Building wheel for ciso8601 (pyproject.toml): started\n  Building wheel for ciso8601 (pyproject.toml): finished with status 'error'\n\u001b[91m  error: subprocess-exited-with-error\n  \n   Building wheel for ciso8601 (pyproject.toml) did not run successfully.\n   exit code: 1\n  > [17 lines of output]\n      running bdist_wheel\n      running build\n      running build_py\n      creating build\n      creating build/lib.linux-x86_64-cpython-38\n      creating build/lib.linux-x86_64-cpython-38/ciso8601\n      copying ciso8601/__init__.pyi -> build/lib.linux-x86_64-cpython-38/ciso8601\n      copying ciso8601/py.typed -> build/lib.linux-x86_64-cpython-38/ciso8601\n      running build_ext\n      building 'ciso8601' extension\n      creating build/temp.linux-x86_64-cpython-38\n      x86_64-linux-gnu-gcc -pthread -Wno-unused-result -Wsign-compare -DNDEBUG -g -fwrapv -O2 -Wall -g -fstack-protector-strong -Wformat -Werror=format-security -g -fwrapv -O2 -fPIC -DCISO8601_VERSION=2.2.0 -DCISO8601_CACHING_ENABLED=1 -I/usr/include/python3.8 -c module.c -o build/temp.linux-x86_64-cpython-38/module.o\n      module.c:1:10: fatal error: Python.h: No such file or directory\n          1 | #include <Python.h>\n            |          ^~~~~~~~~~\n      compilation terminated.\n      error: command '/usr/bin/x86_64-linux-gnu-gcc' failed with exit code 1\n      [end of output]\n  \n  note: This error originates from a subprocess, and is likely not a problem with pip.\n\u001b[0m\u001b[91m  ERROR: Failed building wheel for ciso8601\n\u001b[0m  Building wheel for morecantile (setup.py): started\n  Building wheel for morecantile (setup.py): finished with status 'done'\n  Created wheel for morecantile: filename=morecantile-3.1.2-py3-none-any.whl size=32089 sha256=a922082a0cf7808a073bbdabab1d6519d80b2a0fd2e01a39b0b7c3283cb0eb3b\n  Stored in directory: /tmp/pip-ephem-wheel-cache-9zl62gnf/wheels/76/04/74/54140735d81cf870fea448c8738824fbcffb126f80f1c4fdb4\n  Building wheel for psycopg2 (setup.py): started\n  Building wheel for psycopg2 (setup.py): finished with status 'error'\n\u001b[91m  error: subprocess-exited-with-error\n  \n   python setup.py bdist_wheel did not run successfully.\n   exit code: 1\n  > [38 lines of output]\n      running bdist_wheel\n      running build\n      running build_py\n      creating build\n      creating build/lib.linux-x86_64-3.8\n      creating build/lib.linux-x86_64-3.8/psycopg2\n      copying lib/__init__.py -> build/lib.linux-x86_64-3.8/psycopg2\n      copying lib/pool.py -> build/lib.linux-x86_64-3.8/psycopg2\n      copying lib/_ipaddress.py -> build/lib.linux-x86_64-3.8/psycopg2\n      copying lib/errors.py -> build/lib.linux-x86_64-3.8/psycopg2\n      copying lib/_json.py -> build/lib.linux-x86_64-3.8/psycopg2\n      copying lib/sql.py -> build/lib.linux-x86_64-3.8/psycopg2\n      copying lib/_range.py -> build/lib.linux-x86_64-3.8/psycopg2\n      copying lib/tz.py -> build/lib.linux-x86_64-3.8/psycopg2\n      copying lib/extras.py -> build/lib.linux-x86_64-3.8/psycopg2\n      copying lib/extensions.py -> build/lib.linux-x86_64-3.8/psycopg2\n      copying lib/errorcodes.py -> build/lib.linux-x86_64-3.8/psycopg2\n      running build_ext\n      building 'psycopg2._psycopg' extension\n      creating build/temp.linux-x86_64-3.8\n      creating build/temp.linux-x86_64-3.8/psycopg\n      x86_64-linux-gnu-gcc -pthread -Wno-unused-result -Wsign-compare -DNDEBUG -g -fwrapv -O2 -Wall -g -fstack-protector-strong -Wformat -Werror=format-security -g -fwrapv -O2 -g -fstack-protector-strong -Wformat -Werror=format-security -Wdate-time -D_FORTIFY_SOURCE=2 -fPIC -DPSYCOPG_VERSION=2.9.4 (dt dec pq3 ext lo64) -DPSYCOPG_DEBUG=1 -DPG_VERSION_NUM=120012 -DHAVE_LO64=1 -DPSYCOPG_DEBUG=1 -I/usr/include/python3.8 -I. -I/usr/include/postgresql -I/usr/include/postgresql/12/server -I/usr/include/libxml2 -I/usr/include/mit-krb5 -c psycopg/psycopgmodule.c -o build/temp.linux-x86_64-3.8/psycopg/psycopgmodule.o -Wdeclaration-after-statement\n      In file included from psycopg/psycopgmodule.c:28:\n      ./psycopg/psycopg.h:35:10: fatal error: Python.h: No such file or directory\n         35 | #include <Python.h>\n            |          ^~~~~~~~~~\n      compilation terminated.\n      \n      It appears you are missing some prerequisite to build the package from source.\n      \n      You may install a binary package by installing 'psycopg2-binary' from PyPI.\n      If you want to install psycopg2 from source, please install the packages\n      required for the build and try again.\n      \n      For further information please check the 'doc/src/install.rst' file (also at\n      <https://www.psycopg.org/docs/install.html>).\n      \n      error: command 'x86_64-linux-gnu-gcc' failed with exit status 1\n      [end of output]\n  \n  note: This error originates from a subprocess, and is likely not a problem with pip.\n\u001b[0m\u001b[91m  ERROR: Failed building wheel for psycopg2\n\u001b[0m  Running setup.py clean for psycopg2\nSuccessfully built morecantile\nFailed to build ciso8601 psycopg2\n\u001b[91mERROR: Could not build wheels for ciso8601, which is required to install pyproject.toml-based projects\n\u001b[0mRemoving intermediate container b9aa1a2463ef\n","stderr":"The command '/bin/sh -c pip install --no-cache-dir -r /conf/${ENVIRONMENT}.txt' returned a non-zero code: 1\n"},"endTime":1672095287386}