{"repository":"https://github.com/innereq/mx-puppet-vk","dockerfilePath":"Dockerfile","startTime":1672755922593,"clone":{"stdout":"","stderr":"Cloning into '/tmp/dinghy-analysis/innereq/mx-puppet-vk'...\n","error":null,"commit":"72656770021760f705c30120cfcae7f91a750923"},"originalBuild":{"startTimestamp":1672755923756,"endTimestamp":1672756039110,"error":{"code":1,"killed":false,"signal":null,"cmd":"docker build --no-cache --force-rm -t mx-puppet-vk:latest -f /tmp/dinghy-analysis/innereq/mx-puppet-vk/Dockerfile ."},"stdout":"Sending build context to Docker daemon  392.7kB\r\r\nStep 1/21 : FROM node:alpine AS builder\n ---> f01bef8b5e92\nStep 2/21 : WORKDIR /opt/mx-puppet-vk\n ---> Running in 6552f7665c03\nRemoving intermediate container 6552f7665c03\n ---> 86d0ceddbf99\nStep 3/21 : RUN chown node:node /opt/mx-puppet-vk\n ---> Running in c73a2616f85b\nRemoving intermediate container c73a2616f85b\n ---> c1bdc392fbce\nStep 4/21 : RUN apk --no-cache add git python3 make g++ pkgconfig     build-base     cairo-dev     jpeg-dev     pango-dev     musl-dev     giflib-dev     pixman-dev     pangomm-dev     libjpeg-turbo-dev     freetype-dev\n ---> Running in a6bf583703ac\nfetch https://dl-cdn.alpinelinux.org/alpine/v3.17/main/x86_64/APKINDEX.tar.gz\nfetch https://dl-cdn.alpinelinux.org/alpine/v3.17/community/x86_64/APKINDEX.tar.gz\n(1/133) Installing binutils (2.39-r2)\n(2/133) Installing libmagic (5.43-r0)\n(3/133) Installing file (5.43-r0)\n(4/133) Installing libgomp (12.2.1_git20220924-r4)\n(5/133) Installing libatomic (12.2.1_git20220924-r4)\n(6/133) Installing gmp (6.2.1-r2)\n(7/133) Installing isl25 (0.25-r0)\n(8/133) Installing mpfr4 (4.1.0-r0)\n(9/133) Installing mpc1 (1.2.1-r1)\n(10/133) Installing gcc (12.2.1_git20220924-r4)\n(11/133) Installing libstdc++-dev (12.2.1_git20220924-r4)\n(12/133) Installing musl-dev (1.2.3-r4)\n(13/133) Installing libc-dev (0.7.2-r3)\n(14/133) Installing g++ (12.2.1_git20220924-r4)\n(15/133) Installing make (4.3-r1)\n(16/133) Installing fortify-headers (1.1-r1)\n(17/133) Installing patch (2.7.6-r8)\n(18/133) Installing build-base (0.5-r3)\n(19/133) Installing cairo-tools (1.17.6-r3)\n(20/133) Installing libexpat (2.5.0-r0)\n(21/133) Installing brotli-libs (1.0.9-r9)\n(22/133) Installing libbz2 (1.0.8-r4)\n(23/133) Installing libpng (1.6.38-r0)\n(24/133) Installing freetype (2.12.1-r0)\n(25/133) Installing fontconfig (2.14.1-r0)\n(26/133) Installing expat (2.5.0-r0)\n(27/133) Installing pkgconf (1.9.3-r0)\n(28/133) Installing expat-dev (2.5.0-r0)\n(29/133) Installing bzip2-dev (1.0.8-r4)\n(30/133) Installing brotli (1.0.9-r9)\n(31/133) Installing brotli-dev (1.0.9-r9)\n(32/133) Installing zlib-dev (1.2.13-r0)\n(33/133) Installing libpng-dev (1.6.38-r0)\n(34/133) Installing freetype-dev (2.12.1-r0)\n(35/133) Installing fontconfig-dev (2.14.1-r0)\n(36/133) Installing libxau (1.0.10-r0)\n(37/133) Installing xorgproto (2022.2-r0)\n(38/133) Installing libxau-dev (1.0.10-r0)\n(39/133) Installing libmd (1.0.4-r0)\n(40/133) Installing libbsd (0.11.7-r0)\n(41/133) Installing libxdmcp (1.1.4-r0)\n(42/133) Installing libxcb (1.15-r0)\n(43/133) Installing libx11 (1.8.3-r0)\n(44/133) Installing libxext (1.3.5-r0)\n(45/133) Installing xcb-proto (1.15.2-r0)\n(46/133) Installing libxdmcp-dev (1.1.4-r0)\n(47/133) Installing libxcb-dev (1.15-r0)\n(48/133) Installing xtrans (1.4.0-r2)\n(49/133) Installing libx11-dev (1.8.3-r0)\n(50/133) Installing libxext-dev (1.3.5-r0)\n(51/133) Installing libxrender (0.9.11-r0)\n(52/133) Installing libxrender-dev (0.9.11-r0)\n(53/133) Installing pixman (0.42.2-r0)\n(54/133) Installing pixman-dev (0.42.2-r0)\n(55/133) Installing util-macros (1.19.3-r0)\n(56/133) Installing xcb-util (0.4.0-r3)\n(57/133) Installing xcb-util-dev (0.4.0-r3)\n(58/133) Installing cairo (1.17.6-r3)\n(59/133) Installing libffi (3.4.4-r0)\n(60/133) Installing libintl (0.21.1-r1)\n(61/133) Installing libblkid (2.38.1-r0)\n(62/133) Installing libmount (2.38.1-r0)\n(63/133) Installing pcre2 (10.42-r0)\n(64/133) Installing glib (2.74.4-r0)\n(65/133) Installing cairo-gobject (1.17.6-r3)\n(66/133) Installing xz-libs (5.2.9-r0)\n(67/133) Installing libxml2 (2.10.3-r1)\n(68/133) Installing libxml2-utils (2.10.3-r1)\n(69/133) Installing docbook-xml (4.5-r8)\nExecuting docbook-xml-4.5-r8.post-install\n(70/133) Installing libgpg-error (1.46-r1)\n(71/133) Installing libgcrypt (1.10.1-r0)\n(72/133) Installing libxslt (1.1.37-r0)\n(73/133) Installing docbook-xsl (1.79.2-r8)\nExecuting docbook-xsl-1.79.2-r8.post-install\n(74/133) Installing gettext-asprintf (0.21.1-r1)\n(75/133) Installing ncurses-terminfo-base (6.3_p20221119-r0)\n(76/133) Installing ncurses-libs (6.3_p20221119-r0)\n(77/133) Installing libunistring (1.1-r0)\n(78/133) Installing gettext-libs (0.21.1-r1)\n(79/133) Installing gettext (0.21.1-r1)\n(80/133) Installing gettext-dev (0.21.1-r1)\n(81/133) Installing gdbm (1.23-r0)\n(82/133) Installing mpdecimal (2.5.1-r1)\n(83/133) Installing readline (8.2.0-r0)\n(84/133) Installing sqlite-libs (3.40.1-r0)\n(85/133) Installing python3 (3.10.9-r1)\n(86/133) Installing linux-headers (5.19.5-r0)\n(87/133) Installing libffi-dev (3.4.4-r0)\n(88/133) Installing bsd-compat-headers (0.7.2-r3)\n(89/133) Installing ncurses-dev (6.3_p20221119-r0)\n(90/133) Installing libedit (20221030.3.1-r0)\n(91/133) Installing libedit-dev (20221030.3.1-r0)\n(92/133) Installing libpcre2-16 (10.42-r0)\n(93/133) Installing libpcre2-32 (10.42-r0)\n(94/133) Installing pcre2-dev (10.42-r0)\n(95/133) Installing libuuid (2.38.1-r0)\n(96/133) Installing libfdisk (2.38.1-r0)\n(97/133) Installing libsmartcols (2.38.1-r0)\n(98/133) Installing util-linux-dev (2.38.1-r0)\n(99/133) Installing glib-dev (2.74.4-r0)\n(100/133) Installing cairo-dev (1.17.6-r3)\n(101/133) Installing giflib (5.2.1-r2)\n(102/133) Installing giflib-dev (5.2.1-r2)\n(103/133) Installing ca-certificates (20220614-r3)\n(104/133) Installing nghttp2-libs (1.51.0-r0)\n(105/133) Installing libcurl (7.87.0-r0)\n(106/133) Installing git (2.38.2-r0)\n(107/133) Installing libjpeg-turbo (2.1.4-r0)\n(108/133) Installing libjpeg-turbo-dev (2.1.4-r0)\n(109/133) Installing jpeg-dev (9e-r0)\n(110/133) Installing libxft (2.3.7-r0)\n(111/133) Installing graphite2 (1.3.14-r2)\n(112/133) Installing harfbuzz (5.3.1-r1)\n(113/133) Installing fribidi (1.0.12-r0)\n(114/133) Installing pango (1.50.12-r0)\n(115/133) Installing pango-tools (1.50.12-r0)\n(116/133) Installing fribidi-dev (1.0.12-r0)\n(117/133) Installing icu-data-en (72.1-r1)\nExecuting icu-data-en-72.1-r1.post-install\n\u001b[91m*\n* If you need ICU with non-English locales and legacy charset support, install\n* package icu-data-full.\n*\n\u001b[0m(118/133) Installing icu-libs (72.1-r1)\n(119/133) Installing harfbuzz-icu (5.3.1-r1)\n(120/133) Installing graphite2-dev (1.3.14-r2)\n(121/133) Installing icu (72.1-r1)\n(122/133) Installing icu-dev (72.1-r1)\n(123/133) Installing harfbuzz-dev (5.3.1-r1)\n(124/133) Installing libxft-dev (2.3.7-r0)\n(125/133) Installing pango-dev (1.50.12-r0)\n(126/133) Installing libsigc++ (2.10.8-r0)\n(127/133) Installing cairomm (1.14.4-r0)\n(128/133) Installing glibmm (2.66.5-r0)\n(129/133) Installing pangomm (2.46.3-r0)\n(130/133) Installing libsigc++-dev (2.10.8-r0)\n(131/133) Installing cairomm-dev (1.14.4-r0)\n(132/133) Installing glibmm-dev (2.66.5-r0)\n(133/133) Installing pangomm-dev (2.46.3-r0)\nExecuting busybox-1.35.0-r29.trigger\nExecuting glib-2.74.4-r0.trigger\nNo schema files found: doing nothing.\nExecuting ca-certificates-20220614-r3.trigger\nOK: 400 MiB in 150 packages\nRemoving intermediate container a6bf583703ac\n ---> 2dca9013a5d7\nStep 5/21 : COPY package.json ./\n ---> a1d5d6e0e8f7\nStep 6/21 : RUN chown node:node package.json\n ---> Running in 9368fbe2f020\nRemoving intermediate container 9368fbe2f020\n ---> b2244c6e4619\nStep 7/21 : USER node\n ---> Running in 31b553cbb9ab\nRemoving intermediate container 31b553cbb9ab\n ---> 3f45f1700517\nStep 8/21 : RUN npm install\n ---> Running in e41406a32e24\n\u001b[91mnpm WARN EBADENGINE Unsupported engine {\nnpm WARN\u001b[0m\u001b[91m EBADENGINE   package: '@sorunome/matrix-bot-sdk@0.5.13',\nnpm WARN EBADENGINE   required: { node: '>=10.0.0', npm: '^6.0.0', yarn: '^1.19.0' },\nnpm WARN EBADENGINE   current: { node: 'v19.3.0', npm: '9.2.0' }\nnpm WARN EBADENGINE }\n\u001b[0m\u001b[91mnpm WARN deprecated uuid@3.4.0: Please upgrade  to version 7 or higher.  Older versions may use Math.random() in certain circumstances, which is known to be problematic.  See https://v8.dev/blog/math-random for details.\n\u001b[0m\u001b[91mnpm ERR! code 1\nnpm ERR! path /opt/mx-puppet-vk/node_modules/better-sqlite3\n\u001b[0m\u001b[91mnpm ERR!\u001b[0m\u001b[91m command failed\n\u001b[0m\u001b[91mnpm ERR! command sh -c prebuild-install || npm run build-release\n\u001b[0m\u001b[91mnpm ERR! > better-sqlite3@7.6.2 build-release\nnpm ERR!\u001b[0m\u001b[91m > node-gyp rebuild --release\nnpm\u001b[0m\u001b[91m ERR! \nnpm\u001b[0m\u001b[91m ERR! make: Entering directory '/opt/mx-puppet-vk/node_modules/better-sqlite3/build'\n\u001b[0m\u001b[91mnpm ERR!\u001b[0m\u001b[91m   TOUCH ba23eeee118cd63e16015df367567cb043fed872.intermediate\nnpm \u001b[0m\u001b[91mERR!   ACTION deps_sqlite3_gyp_locate_sqlite3_target_copy_builtin_sqlite3 ba23eeee118cd63e16015df367567cb043fed872.intermediate\n\u001b[0m\u001b[91mnpm ERR!\u001b[0m\u001b[91m   TOUCH Release/obj.target/deps/locate_sqlite3.stamp\nnpm\u001b[0m\u001b[91m ERR!\u001b[0m\u001b[91m   CC(target) Release/obj.target/sqlite3/gen/sqlite3/sqlite3.o\nnpm \u001b[0m\u001b[91mERR! rm -f Release/obj.target/deps/sqlite3.a Release/obj.target/deps/sqlite3.a.ar-file-list; mkdir -p `dirname Release/obj.target/deps/sqlite3.a`\n\u001b[0m\u001b[91mnpm \u001b[0m\u001b[91mERR! ar crs Release/obj.target/deps/sqlite3.a @Release/obj.target/deps/sqlite3.a.ar-file-list\n\u001b[0m\u001b[91mnpm ERR!   COPY Release/sqlite3.a\nnpm \u001b[0m\u001b[91mERR!\u001b[0m\u001b[91m   CXX(target) Release/obj.target/better_sqlite3/src/better_sqlite3.o\nnpm \u001b[0m\u001b[91mERR!\u001b[0m\u001b[91m rm ba23eeee118cd63e16015df367567cb043fed872.intermediate\nnpm ERR!\u001b[0m\u001b[91m make: Leaving directory '/opt/mx-puppet-vk/node_modules/better-sqlite3/build'\n\u001b[0m\u001b[91mnpm ERR! prebuild-install warn install No prebuilt binaries found (target=19.3.0 runtime=node arch=x64 libc=musl platform=linux)\n\u001b[0m\u001b[91mnpm ERR! gyp info it worked if it ends with ok\nnpm ERR!\u001b[0m\u001b[91m gyp info using node-gyp@9.3.0\nnpm ERR! gyp info using node@19.3.0 | linux | x64\nnpm \u001b[0m\u001b[91mERR! gyp info find Python using Python version 3.10.9 found at \"/usr/bin/python3\"\nnpm \u001b[0m\u001b[91mERR!\u001b[0m\u001b[91m gyp http GET https://unofficial-builds.nodejs.org/download/release/v19.3.0/node-v19.3.0-headers.tar.gz\nnpm \u001b[0m\u001b[91mERR! gyp http 200 https://unofficial-builds.nodejs.org/download/release/v19.3.0/node-v19.3.0-headers.tar.gz\n\u001b[0m\u001b[91mnpm ERR!\u001b[0m\u001b[91m gyp http GET https://unofficial-builds.nodejs.org/download/release/v19.3.0/SHASUMS256.txt\nnpm ERR! gyp http 200 https://unofficial-builds.nodejs.org/download/release/v19.3.0/SHASUMS256.txt\nnpm ERR! gyp info spawn /usr/bin/python3\nnpm ERR! gyp info spawn args [\nnpm ERR! gyp info spawn args   '/usr/local/lib/node_modules/npm/node_modules/node-gyp/gyp/gyp_main.py',\nnpm ERR!\u001b[0m\u001b[91m gyp info spawn args   'binding.gyp',\nnpm ERR!\u001b[0m\u001b[91m gyp info spawn args   '-f',\n\u001b[0m\u001b[91mnpm \u001b[0m\u001b[91mERR! gyp info spawn args   'make',\n\u001b[0m\u001b[91mnpm ERR! gyp info spawn args   '-I',\n\u001b[0m\u001b[91mnpm ERR! gyp info spawn args   '/opt/mx-puppet-vk/node_modules/better-sqlite3/build/config.gypi',\nnpm \u001b[0m\u001b[91mERR! gyp info spawn args   '-I',\nnpm \u001b[0m\u001b[91mERR!\u001b[0m\u001b[91m gyp info spawn args   '/usr/local/lib/node_modules/npm/node_modules/node-gyp/addon.gypi',\n\u001b[0m\u001b[91mnpm ERR! gyp info spawn args   '-I',\n\u001b[0m\u001b[91mnpm ERR!\u001b[0m\u001b[91m gyp info spawn args   '/home/node/.cache/node-gyp/19.3.0/include/node/common.gypi',\n\u001b[0m\u001b[91mnpm ERR! gyp info spawn args   '-Dlibrary=shared_library',\n\u001b[0m\u001b[91mnpm \u001b[0m\u001b[91mERR! gyp info spawn args   '-Dvisibility=default',\nnpm \u001b[0m\u001b[91mERR!\u001b[0m\u001b[91m gyp info spawn args   '-Dnode_root_dir=/home/node/.cache/node-gyp/19.3.0',\n\u001b[0m\u001b[91mnpm ERR!\u001b[0m\u001b[91m gyp info spawn args   '-Dnode_gyp_dir=/usr/local/lib/node_modules/npm/node_modules/node-gyp',\nnpm\u001b[0m\u001b[91m ERR!\u001b[0m\u001b[91m gyp info spawn args   '-Dnode_lib_file=/home/node/.cache/node-gyp/19.3.0/<(target_arch)/node.lib',\nnpm ERR! gyp info spawn args   '-Dmodule_root_dir=/opt/mx-puppet-vk/node_modules/better-sqlite3',\n\u001b[0m\u001b[91mnpm ERR! gyp info spawn args   '-Dnode_engine=v8',\nnpm \u001b[0m\u001b[91mERR! gyp info spawn args   '--depth=.',\n\u001b[0m\u001b[91mnpm \u001b[0m\u001b[91mERR! gyp info spawn args   '--no-parallel',\nnpm\u001b[0m\u001b[91m ERR!\u001b[0m\u001b[91m gyp info spawn args   '--generator-output',\n\u001b[0m\u001b[91mnpm ERR!\u001b[0m\u001b[91m gyp info spawn args   'build',\nnpm ERR!\u001b[0m\u001b[91m gyp info spawn args   '-Goutput_dir=.'\nnpm \u001b[0m\u001b[91mERR! gyp info spawn args ]\n\u001b[0m\u001b[91mnpm ERR! gyp info spawn make\nnpm\u001b[0m\u001b[91m \u001b[0m\u001b[91mERR!\u001b[0m\u001b[91m gyp info spawn args [ 'BUILDTYPE=Release', '-C', 'build' ]\nnpm ERR!\u001b[0m\u001b[91m In file included from ./src/better_sqlite3.lzz:11,\nnpm\u001b[0m\u001b[91m ERR!\u001b[0m\u001b[91m                  from ../src/better_sqlite3.cpp:4:\nnpm\u001b[0m\u001b[91m ERR! /home/node/.cache/node-gyp/19.3.0/include/node/node.h:1013:7: warning: cast between incompatible function types from 'void (*)(v8::Local<v8::Object>, v8::Local<v8::Value>, v8::Local<v8::Context>)' to 'node::addon_context_register_func' {aka 'void (*)(v8::Local<v8::Object>, v8::Local<v8::Value>, v8::Local<v8::Context>, void*)'} [-Wcast-function-type]\nnpm ERR!  1013 |       (node::addon_context_register_func) (regfunc),                  \\\n\u001b[0m\u001b[91mnpm\u001b[0m\u001b[91m ERR!       |       ^~~~~~~~~~~~~~~~~~~~~~~~~~~~~~~~~~~~~~~~~~~~~\nnpm \u001b[0m\u001b[91mERR! /home/node/.cache/node-gyp/19.3.0/include/node/node.h:1031:3: note: in expansion of macro 'NODE_MODULE_CONTEXT_AWARE_X'\nnpm \u001b[0m\u001b[91mERR!  1031 |   NODE_MODULE_CONTEXT_AWARE_X(modname, regfunc, NULL, 0)\nnpm ERR!       |   ^~~~~~~~~~~~~~~~~~~~~~~~~~~\n\u001b[0m\u001b[91mnpm ERR! /home/node/.cache/node-gyp/19.3.0/include/node/node.h:1062:3: note: in expansion of macro 'NODE_MODULE_CONTEXT_AWARE'\nnpm ERR!  1062 |   NODE_MODULE_CONTEXT_AWARE(NODE_GYP_MODULE_NAME,                     \\\n\u001b[0m\u001b[91mnpm ERR!       |   ^~~~~~~~~~~~~~~~~~~~~~~~~\nnpm \u001b[0m\u001b[91mERR!\u001b[0m\u001b[91m ./src/better_sqlite3.lzz:67:1: note: in expansion of macro 'NODE_MODULE_INIT'\nnpm ERR!\u001b[0m\u001b[91m ./src/util/macros.lzz: In function 'void SetPrototypeGetter(v8::Isolate*, v8::Local<v8::External>, v8::Local<v8::FunctionTemplate>, const char*, v8::AccessorGetterCallback)':\nnpm ERR!\u001b[0m\u001b[91m ./src/util/macros.lzz:157:21: error: 'v8::AccessorSignature' has not been declared\nnpm ERR! ./src/util/binder.lzz: In static member function 'static bool Binder::IsPlainObject(v8::Isolate*, v8::Local<v8::Object>)':\nnpm\u001b[0m\u001b[91m ERR! ./src/util/binder.lzz:37:51: error: 'class v8::Object' has no member named 'CreationContext'; did you mean 'GetCreationContext'?\nnpm ERR! ./src/util/data.lzz: In function 'v8::Local<v8::Value> Data::GetValueJS(v8::Isolate*, sqlite3_stmt*, int, bool)':\nnpm ERR! ./src/util/data.lzz:73:92: warning: this statement may fall through [-Wimplicit-fallthrough=]\nnpm ERR!\u001b[0m\u001b[91m ./src/util/data.lzz:73:197: note: here\nnpm \u001b[0m\u001b[91mERR! ./src/util/data.lzz: In function 'v8::Local<v8::Value> Data::GetValueJS(v8::Isolate*, sqlite3_value*, bool)':\nnpm ERR!\u001b[0m\u001b[91m ./src/util/data.lzz:77:81: warning: this statement may fall through [-Wimplicit-fallthrough=]\n\u001b[0m\u001b[91mnpm \u001b[0m\u001b[91mERR! ./src/util/data.lzz:77:175: note: here\n\u001b[0m\u001b[91mnpm \u001b[0m\u001b[91mERR! make: *** [better_sqlite3.target.mk:125: Release/obj.target/better_sqlite3/src/better_sqlite3.o] Error 1\nnpm \u001b[0m\u001b[91mERR!\u001b[0m\u001b[91m gyp ERR! build error \nnpm\u001b[0m\u001b[91m \u001b[0m\u001b[91mERR! gyp ERR! stack Error: `make` failed with exit code: 2\n\u001b[0m\u001b[91mnpm ERR! gyp ERR! stack     at ChildProcess.onExit (/usr/local/lib/node_modules/npm/node_modules/node-gyp/lib/build.js:203:23)\n\u001b[0m\u001b[91mnpm ERR! gyp ERR! stack     at ChildProcess.emit (node:events:513:28)\n\u001b[0m\u001b[91mnpm ERR! gyp ERR! stack     at ChildProcess._handle.onexit (node:internal/child_process:293:12)\nnpm \u001b[0m\u001b[91mERR!\u001b[0m\u001b[91m gyp ERR! System Linux 5.4.0-113-generic\nnpm ERR!\u001b[0m\u001b[91m gyp ERR! command \"/usr/local/bin/node\" \"/usr/local/lib/node_modules/npm/node_modules/node-gyp/bin/node-gyp.js\" \"rebuild\" \"--release\"\nnpm\u001b[0m\u001b[91m ERR! gyp ERR! cwd /opt/mx-puppet-vk/node_modules/better-sqlite3\nnpm ERR!\u001b[0m\u001b[91m gyp ERR! node -v v19.3.0\nnpm \u001b[0m\u001b[91mERR! gyp ERR! node-gyp -v v9.3.0\nnpm \u001b[0m\u001b[91mERR! gyp ERR! not ok\n\u001b[0m\u001b[91m\n\u001b[0m\u001b[91mnpm ERR! A complete log of this run can be found in:\nnpm ERR!\u001b[0m\u001b[91m     /home/node/.npm/_logs/2023-01-03T14_25_46_453Z-debug-0.log\n\u001b[0mRemoving intermediate container e41406a32e24\n","stderr":"The command '/bin/sh -c npm install' returned a non-zero code: 1\n"},"endTime":1672756039180}