{"repository":"https://github.com/tatsuya4649/fly","dockerfilePath":"Dockerfile","startTime":1672530934256,"clone":{"stdout":"","stderr":"Cloning into '/tmp/dinghy-analysis/tatsuya4649/fly'...\n","error":null,"commit":"93ecc9b054ab4b1faafbba1eeca2061cb07a8f71"},"originalBuild":{"startTimestamp":1672530935302,"endTimestamp":1672531230500,"error":{"code":1,"killed":false,"signal":null,"cmd":"docker build --no-cache --force-rm -t fly:latest -f /tmp/dinghy-analysis/tatsuya4649/fly/Dockerfile ."},"stdout":"Sending build context to Docker daemon  8.131MB\r\r\nStep 1/20 : FROM ubuntu:latest\n ---> 6b7dfa7e8fdb\nStep 2/20 : RUN apt update -y\n ---> Running in 9074eb711d59\n\u001b[91m\nWARNING: apt does not have a stable CLI interface. Use with caution in scripts.\n\n\u001b[0mGet:1 http://security.ubuntu.com/ubuntu jammy-security InRelease [110 kB]\nGet:2 http://archive.ubuntu.com/ubuntu jammy InRelease [270 kB]\nGet:3 http://archive.ubuntu.com/ubuntu jammy-updates InRelease [114 kB]\nGet:4 http://security.ubuntu.com/ubuntu jammy-security/restricted amd64 Packages [593 kB]\nGet:5 http://archive.ubuntu.com/ubuntu jammy-backports InRelease [99.8 kB]\nGet:6 http://archive.ubuntu.com/ubuntu jammy/main amd64 Packages [1792 kB]\nGet:7 http://security.ubuntu.com/ubuntu jammy-security/multiverse amd64 Packages [4732 B]\nGet:8 http://security.ubuntu.com/ubuntu jammy-security/main amd64 Packages [667 kB]\nGet:9 http://security.ubuntu.com/ubuntu jammy-security/universe amd64 Packages [781 kB]\nGet:10 http://archive.ubuntu.com/ubuntu jammy/multiverse amd64 Packages [266 kB]\nGet:11 http://archive.ubuntu.com/ubuntu jammy/universe amd64 Packages [17.5 MB]\nGet:12 http://archive.ubuntu.com/ubuntu jammy/restricted amd64 Packages [164 kB]\nGet:13 http://archive.ubuntu.com/ubuntu jammy-updates/restricted amd64 Packages [641 kB]\nGet:14 http://archive.ubuntu.com/ubuntu jammy-updates/main amd64 Packages [972 kB]\nGet:15 http://archive.ubuntu.com/ubuntu jammy-updates/universe amd64 Packages [970 kB]\nGet:16 http://archive.ubuntu.com/ubuntu jammy-updates/multiverse amd64 Packages [8150 B]\nGet:17 http://archive.ubuntu.com/ubuntu jammy-backports/main amd64 Packages [3520 B]\nGet:18 http://archive.ubuntu.com/ubuntu jammy-backports/universe amd64 Packages [7291 B]\nFetched 24.9 MB in 4s (6513 kB/s)\nReading package lists...\nBuilding dependency tree...\nReading state information...\nAll packages are up to date.\nRemoving intermediate container 9074eb711d59\n ---> 3a7c6cfb1ed5\nStep 3/20 : RUN apt install -y build-essential m4 perl autotools-dev autoconf automake libtool-bin autoconf-archive lsof vim\n ---> Running in 9b07ed68e52d\n\u001b[91m\nWARNING: apt does not have a stable CLI interface. Use with caution in scripts.\n\n\u001b[0mReading package lists...\nBuilding dependency tree...\nReading state information...\nThe following additional packages will be installed:\n  binutils binutils-common binutils-x86-64-linux-gnu bzip2 cpp cpp-11 dirmngr\n  dpkg-dev fakeroot file fontconfig-config fonts-dejavu-core g++ g++-11 gcc\n  gcc-11 gcc-11-base gnupg gnupg-l10n gnupg-utils gpg gpg-agent gpg-wks-client\n  gpg-wks-server gpgconf gpgsm libalgorithm-diff-perl\n  libalgorithm-diff-xs-perl libalgorithm-merge-perl libasan6 libassuan0\n  libatomic1 libbinutils libbrotli1 libbsd0 libc-dev-bin libc-devtools\n  libc6-dev libcc1-0 libcrypt-dev libctf-nobfd0 libctf0 libdeflate0\n  libdpkg-perl libexpat1 libfakeroot libfile-fcntllock-perl libfontconfig1\n  libfreetype6 libgcc-11-dev libgd3 libgdbm-compat4 libgdbm6 libgomp1 libgpm2\n  libisl23 libitm1 libjbig0 libjpeg-turbo8 libjpeg8 libksba8 libldap-2.5-0\n  libldap-common liblocale-gettext-perl liblsan0 libltdl-dev libltdl7\n  libmagic-mgc libmagic1 libmd0 libmpc3 libmpdec3 libmpfr6 libnpth0 libnsl-dev\n  libperl5.34 libpng16-16 libpython3.10 libpython3.10-minimal\n  libpython3.10-stdlib libquadmath0 libreadline8 libsasl2-2 libsasl2-modules\n  libsasl2-modules-db libsigsegv2 libsodium23 libsqlite3-0 libstdc++-11-dev\n  libtiff5 libtirpc-dev libtool libtsan0 libubsan1 libwebp7 libx11-6\n  libx11-data libxau6 libxcb1 libxdmcp6 libxpm4 linux-libc-dev\n  lto-disabled-list make manpages manpages-dev media-types netbase patch\n  perl-modules-5.34 pinentry-curses readline-common rpcsvc-proto ucf\n  vim-common vim-runtime xxd xz-utils\nSuggested packages:\n  gnu-standards autoconf-doc gettext binutils-doc bzip2-doc cpp-doc\n  gcc-11-locales dbus-user-session libpam-systemd pinentry-gnome3 tor\n  debian-keyring g++-multilib g++-11-multilib gcc-11-doc gcc-multilib flex\n  bison gdb gcc-doc gcc-11-multilib parcimonie xloadimage scdaemon glibc-doc\n  git bzr libgd-tools gdbm-l10n gpm libtool-doc libsasl2-modules-gssapi-mit\n  | libsasl2-modules-gssapi-heimdal libsasl2-modules-ldap libsasl2-modules-otp\n  libsasl2-modules-sql libstdc++-11-doc gfortran | fortran95-compiler gcj-jdk\n  m4-doc make-doc man-browser ed diffutils-doc perl-doc\n  libterm-readline-gnu-perl | libterm-readline-perl-perl\n  libtap-harness-archive-perl pinentry-doc readline-doc ctags vim-doc\n  vim-scripts\nThe following NEW packages will be installed:\n  autoconf autoconf-archive automake autotools-dev binutils binutils-common\n  binutils-x86-64-linux-gnu build-essential bzip2 cpp cpp-11 dirmngr dpkg-dev\n  fakeroot file fontconfig-config fonts-dejavu-core g++ g++-11 gcc gcc-11\n  gcc-11-base gnupg gnupg-l10n gnupg-utils gpg gpg-agent gpg-wks-client\n  gpg-wks-server gpgconf gpgsm libalgorithm-diff-perl\n  libalgorithm-diff-xs-perl libalgorithm-merge-perl libasan6 libassuan0\n  libatomic1 libbinutils libbrotli1 libbsd0 libc-dev-bin libc-devtools\n  libc6-dev libcc1-0 libcrypt-dev libctf-nobfd0 libctf0 libdeflate0\n  libdpkg-perl libexpat1 libfakeroot libfile-fcntllock-perl libfontconfig1\n  libfreetype6 libgcc-11-dev libgd3 libgdbm-compat4 libgdbm6 libgomp1 libgpm2\n  libisl23 libitm1 libjbig0 libjpeg-turbo8 libjpeg8 libksba8 libldap-2.5-0\n  libldap-common liblocale-gettext-perl liblsan0 libltdl-dev libltdl7\n  libmagic-mgc libmagic1 libmd0 libmpc3 libmpdec3 libmpfr6 libnpth0 libnsl-dev\n  libperl5.34 libpng16-16 libpython3.10 libpython3.10-minimal\n  libpython3.10-stdlib libquadmath0 libreadline8 libsasl2-2 libsasl2-modules\n  libsasl2-modules-db libsigsegv2 libsodium23 libsqlite3-0 libstdc++-11-dev\n  libtiff5 libtirpc-dev libtool libtool-bin libtsan0 libubsan1 libwebp7\n  libx11-6 libx11-data libxau6 libxcb1 libxdmcp6 libxpm4 linux-libc-dev lsof\n  lto-disabled-list m4 make manpages manpages-dev media-types netbase patch\n  perl perl-modules-5.34 pinentry-curses readline-common rpcsvc-proto ucf vim\n  vim-common vim-runtime xxd xz-utils\n0 upgraded, 128 newly installed, 0 to remove and 0 not upgraded.\nNeed to get 100 MB of archives.\nAfter this operation, 371 MB of additional disk space will be used.\nGet:1 http://archive.ubuntu.com/ubuntu jammy/main amd64 liblocale-gettext-perl amd64 1.07-4build3 [17.1 kB]\nGet:2 http://archive.ubuntu.com/ubuntu jammy/universe amd64 autoconf-archive all 20210219-2.1 [676 kB]\nGet:3 http://archive.ubuntu.com/ubuntu jammy-updates/main amd64 perl-modules-5.34 all 5.34.0-3ubuntu1.1 [2976 kB]\nGet:4 http://archive.ubuntu.com/ubuntu jammy/main amd64 libgdbm6 amd64 1.23-1 [33.9 kB]\nGet:5 http://archive.ubuntu.com/ubuntu jammy/main amd64 libgdbm-compat4 amd64 1.23-1 [6606 B]\nGet:6 http://archive.ubuntu.com/ubuntu jammy-updates/main amd64 libperl5.34 amd64 5.34.0-3ubuntu1.1 [4819 kB]\nGet:7 http://archive.ubuntu.com/ubuntu jammy-updates/main amd64 perl amd64 5.34.0-3ubuntu1.1 [232 kB]\nGet:8 http://archive.ubuntu.com/ubuntu jammy/main amd64 libmd0 amd64 1.0.4-1build1 [23.0 kB]\nGet:9 http://archive.ubuntu.com/ubuntu jammy/main amd64 libbsd0 amd64 0.11.5-1 [44.8 kB]\nGet:10 http://archive.ubuntu.com/ubuntu jammy-updates/main amd64 libexpat1 amd64 2.4.7-1ubuntu0.2 [91.0 kB]\nGet:11 http://archive.ubuntu.com/ubuntu jammy/main amd64 libmpdec3 amd64 2.5.1-2build2 [86.8 kB]\nGet:12 http://archive.ubuntu.com/ubuntu jammy-updates/main amd64 libpython3.10-minimal amd64 3.10.6-1~22.04.2 [810 kB]\nGet:13 http://archive.ubuntu.com/ubuntu jammy/main amd64 media-types all 7.0.0 [25.5 kB]\nGet:14 http://archive.ubuntu.com/ubuntu jammy/main amd64 readline-common all 8.1.2-1 [53.5 kB]\nGet:15 http://archive.ubuntu.com/ubuntu jammy/main amd64 libreadline8 amd64 8.1.2-1 [153 kB]\nGet:16 http://archive.ubuntu.com/ubuntu jammy-updates/main amd64 libsqlite3-0 amd64 3.37.2-2ubuntu0.1 [641 kB]\nGet:17 http://archive.ubuntu.com/ubuntu jammy-updates/main amd64 libpython3.10-stdlib amd64 3.10.6-1~22.04.2 [1832 kB]\nGet:18 http://archive.ubuntu.com/ubuntu jammy/main amd64 netbase all 6.3 [12.9 kB]\nGet:19 http://archive.ubuntu.com/ubuntu jammy/main amd64 ucf all 3.0043 [56.1 kB]\nGet:20 http://archive.ubuntu.com/ubuntu jammy-updates/main amd64 xxd amd64 2:8.2.3995-1ubuntu2.1 [51.3 kB]\nGet:21 http://archive.ubuntu.com/ubuntu jammy-updates/main amd64 vim-common all 2:8.2.3995-1ubuntu2.1 [81.5 kB]\nGet:22 http://archive.ubuntu.com/ubuntu jammy/main amd64 libmagic-mgc amd64 1:5.41-3 [257 kB]\nGet:23 http://archive.ubuntu.com/ubuntu jammy/main amd64 libmagic1 amd64 1:5.41-3 [87.2 kB]\nGet:24 http://archive.ubuntu.com/ubuntu jammy/main amd64 file amd64 1:5.41-3 [21.5 kB]\nGet:25 http://archive.ubuntu.com/ubuntu jammy/main amd64 libpng16-16 amd64 1.6.37-3build5 [191 kB]\nGet:26 http://archive.ubuntu.com/ubuntu jammy/main amd64 libxau6 amd64 1:1.0.9-1build5 [7634 B]\nGet:27 http://archive.ubuntu.com/ubuntu jammy/main amd64 libxdmcp6 amd64 1:1.1.3-0ubuntu5 [10.9 kB]\nGet:28 http://archive.ubuntu.com/ubuntu jammy/main amd64 libxcb1 amd64 1.14-3ubuntu3 [49.0 kB]\nGet:29 http://archive.ubuntu.com/ubuntu jammy/main amd64 libx11-data all 2:1.7.5-1 [119 kB]\nGet:30 http://archive.ubuntu.com/ubuntu jammy/main amd64 libx11-6 amd64 2:1.7.5-1 [666 kB]\nGet:31 http://archive.ubuntu.com/ubuntu jammy/main amd64 lsof amd64 4.93.2+dfsg-1.1build2 [253 kB]\nGet:32 http://archive.ubuntu.com/ubuntu jammy/main amd64 manpages all 5.10-1ubuntu1 [1375 kB]\nGet:33 http://archive.ubuntu.com/ubuntu jammy/main amd64 xz-utils amd64 5.2.5-2ubuntu1 [84.8 kB]\nGet:34 http://archive.ubuntu.com/ubuntu jammy/main amd64 libsigsegv2 amd64 2.13-1ubuntu3 [14.6 kB]\nGet:35 http://archive.ubuntu.com/ubuntu jammy/main amd64 m4 amd64 1.4.18-5ubuntu2 [199 kB]\nGet:36 http://archive.ubuntu.com/ubuntu jammy/main amd64 autoconf all 2.71-2 [338 kB]\nGet:37 http://archive.ubuntu.com/ubuntu jammy/main amd64 autotools-dev all 20220109.1 [44.9 kB]\nGet:38 http://archive.ubuntu.com/ubuntu jammy/main amd64 automake all 1:1.16.5-1.3 [558 kB]\nGet:39 http://archive.ubuntu.com/ubuntu jammy-updates/main amd64 binutils-common amd64 2.38-4ubuntu2.1 [221 kB]\nGet:40 http://archive.ubuntu.com/ubuntu jammy-updates/main amd64 libbinutils amd64 2.38-4ubuntu2.1 [661 kB]\nGet:41 http://archive.ubuntu.com/ubuntu jammy-updates/main amd64 libctf-nobfd0 amd64 2.38-4ubuntu2.1 [107 kB]\nGet:42 http://archive.ubuntu.com/ubuntu jammy-updates/main amd64 libctf0 amd64 2.38-4ubuntu2.1 [103 kB]\nGet:43 http://archive.ubuntu.com/ubuntu jammy-updates/main amd64 binutils-x86-64-linux-gnu amd64 2.38-4ubuntu2.1 [2328 kB]\nGet:44 http://archive.ubuntu.com/ubuntu jammy-updates/main amd64 binutils amd64 2.38-4ubuntu2.1 [3198 B]\nGet:45 http://archive.ubuntu.com/ubuntu jammy-updates/main amd64 libc-dev-bin amd64 2.35-0ubuntu3.1 [20.4 kB]\nGet:46 http://archive.ubuntu.com/ubuntu jammy-updates/main amd64 linux-libc-dev amd64 5.15.0-56.62 [1333 kB]\nGet:47 http://archive.ubuntu.com/ubuntu jammy/main amd64 libcrypt-dev amd64 1:4.4.27-1 [112 kB]\nGet:48 http://archive.ubuntu.com/ubuntu jammy/main amd64 rpcsvc-proto amd64 1.4.2-0ubuntu6 [68.5 kB]\nGet:49 http://archive.ubuntu.com/ubuntu jammy-updates/main amd64 libtirpc-dev amd64 1.3.2-2ubuntu0.1 [192 kB]\nGet:50 http://archive.ubuntu.com/ubuntu jammy/main amd64 libnsl-dev amd64 1.3.0-2build2 [71.3 kB]\nGet:51 http://archive.ubuntu.com/ubuntu jammy-updates/main amd64 libc6-dev amd64 2.35-0ubuntu3.1 [2099 kB]\nGet:52 http://archive.ubuntu.com/ubuntu jammy-updates/main amd64 gcc-11-base amd64 11.3.0-1ubuntu1~22.04 [20.8 kB]\nGet:53 http://archive.ubuntu.com/ubuntu jammy/main amd64 libisl23 amd64 0.24-2build1 [727 kB]\nGet:54 http://archive.ubuntu.com/ubuntu jammy/main amd64 libmpfr6 amd64 4.1.0-3build3 [1425 kB]\nGet:55 http://archive.ubuntu.com/ubuntu jammy/main amd64 libmpc3 amd64 1.2.1-2build1 [46.9 kB]\nGet:56 http://archive.ubuntu.com/ubuntu jammy-updates/main amd64 cpp-11 amd64 11.3.0-1ubuntu1~22.04 [9967 kB]\nGet:57 http://archive.ubuntu.com/ubuntu jammy/main amd64 cpp amd64 4:11.2.0-1ubuntu1 [27.7 kB]\nGet:58 http://archive.ubuntu.com/ubuntu jammy-updates/main amd64 libcc1-0 amd64 12.1.0-2ubuntu1~22.04 [47.4 kB]\nGet:59 http://archive.ubuntu.com/ubuntu jammy-updates/main amd64 libgomp1 amd64 12.1.0-2ubuntu1~22.04 [126 kB]\nGet:60 http://archive.ubuntu.com/ubuntu jammy-updates/main amd64 libitm1 amd64 12.1.0-2ubuntu1~22.04 [30.2 kB]\nGet:61 http://archive.ubuntu.com/ubuntu jammy-updates/main amd64 libatomic1 amd64 12.1.0-2ubuntu1~22.04 [10.4 kB]\nGet:62 http://archive.ubuntu.com/ubuntu jammy-updates/main amd64 libasan6 amd64 11.3.0-1ubuntu1~22.04 [2284 kB]\nGet:63 http://archive.ubuntu.com/ubuntu jammy-updates/main amd64 liblsan0 amd64 12.1.0-2ubuntu1~22.04 [1069 kB]\nGet:64 http://archive.ubuntu.com/ubuntu jammy-updates/main amd64 libtsan0 amd64 11.3.0-1ubuntu1~22.04 [2262 kB]\nGet:65 http://archive.ubuntu.com/ubuntu jammy-updates/main amd64 libubsan1 amd64 12.1.0-2ubuntu1~22.04 [976 kB]\nGet:66 http://archive.ubuntu.com/ubuntu jammy-updates/main amd64 libquadmath0 amd64 12.1.0-2ubuntu1~22.04 [154 kB]\nGet:67 http://archive.ubuntu.com/ubuntu jammy-updates/main amd64 libgcc-11-dev amd64 11.3.0-1ubuntu1~22.04 [2517 kB]\nGet:68 http://archive.ubuntu.com/ubuntu jammy-updates/main amd64 gcc-11 amd64 11.3.0-1ubuntu1~22.04 [20.1 MB]\nGet:69 http://archive.ubuntu.com/ubuntu jammy/main amd64 gcc amd64 4:11.2.0-1ubuntu1 [5112 B]\nGet:70 http://archive.ubuntu.com/ubuntu jammy-updates/main amd64 libstdc++-11-dev amd64 11.3.0-1ubuntu1~22.04 [2087 kB]\nGet:71 http://archive.ubuntu.com/ubuntu jammy-updates/main amd64 g++-11 amd64 11.3.0-1ubuntu1~22.04 [11.4 MB]\nGet:72 http://archive.ubuntu.com/ubuntu jammy/main amd64 g++ amd64 4:11.2.0-1ubuntu1 [1412 B]\nGet:73 http://archive.ubuntu.com/ubuntu jammy/main amd64 make amd64 4.3-4.1build1 [180 kB]\nGet:74 http://archive.ubuntu.com/ubuntu jammy-updates/main amd64 libdpkg-perl all 1.21.1ubuntu2.1 [237 kB]\nGet:75 http://archive.ubuntu.com/ubuntu jammy/main amd64 bzip2 amd64 1.0.8-5build1 [34.8 kB]\nGet:76 http://archive.ubuntu.com/ubuntu jammy/main amd64 patch amd64 2.7.6-7build2 [109 kB]\nGet:77 http://archive.ubuntu.com/ubuntu jammy/main amd64 lto-disabled-list all 24 [12.5 kB]\nGet:78 http://archive.ubuntu.com/ubuntu jammy-updates/main amd64 dpkg-dev all 1.21.1ubuntu2.1 [922 kB]\nGet:79 http://archive.ubuntu.com/ubuntu jammy/main amd64 build-essential amd64 12.9ubuntu3 [4744 B]\nGet:80 http://archive.ubuntu.com/ubuntu jammy/main amd64 libassuan0 amd64 2.5.5-1build1 [38.2 kB]\nGet:81 http://archive.ubuntu.com/ubuntu jammy-updates/main amd64 gpgconf amd64 2.2.27-3ubuntu2.1 [94.2 kB]\nGet:82 http://archive.ubuntu.com/ubuntu jammy-updates/main amd64 libksba8 amd64 1.6.0-2ubuntu0.1 [119 kB]\nGet:83 http://archive.ubuntu.com/ubuntu jammy/main amd64 libsasl2-modules-db amd64 2.1.27+dfsg2-3ubuntu1 [20.8 kB]\nGet:84 http://archive.ubuntu.com/ubuntu jammy/main amd64 libsasl2-2 amd64 2.1.27+dfsg2-3ubuntu1 [53.9 kB]\nGet:85 http://archive.ubuntu.com/ubuntu jammy-updates/main amd64 libldap-2.5-0 amd64 2.5.13+dfsg-0ubuntu0.22.04.1 [183 kB]\nGet:86 http://archive.ubuntu.com/ubuntu jammy/main amd64 libnpth0 amd64 1.6-3build2 [8664 B]\nGet:87 http://archive.ubuntu.com/ubuntu jammy-updates/main amd64 dirmngr amd64 2.2.27-3ubuntu2.1 [293 kB]\nGet:88 http://archive.ubuntu.com/ubuntu jammy/main amd64 libfakeroot amd64 1.28-1ubuntu1 [31.5 kB]\nGet:89 http://archive.ubuntu.com/ubuntu jammy/main amd64 fakeroot amd64 1.28-1ubuntu1 [60.4 kB]\nGet:90 http://archive.ubuntu.com/ubuntu jammy/main amd64 fonts-dejavu-core all 2.37-2build1 [1041 kB]\nGet:91 http://archive.ubuntu.com/ubuntu jammy/main amd64 fontconfig-config all 2.13.1-4.2ubuntu5 [29.1 kB]\nGet:92 http://archive.ubuntu.com/ubuntu jammy-updates/main amd64 gnupg-l10n all 2.2.27-3ubuntu2.1 [54.4 kB]\nGet:93 http://archive.ubuntu.com/ubuntu jammy-updates/main amd64 gnupg-utils amd64 2.2.27-3ubuntu2.1 [308 kB]\nGet:94 http://archive.ubuntu.com/ubuntu jammy-updates/main amd64 gpg amd64 2.2.27-3ubuntu2.1 [519 kB]\nGet:95 http://archive.ubuntu.com/ubuntu jammy/main amd64 pinentry-curses amd64 1.1.1-1build2 [34.4 kB]\nGet:96 http://archive.ubuntu.com/ubuntu jammy-updates/main amd64 gpg-agent amd64 2.2.27-3ubuntu2.1 [209 kB]\nGet:97 http://archive.ubuntu.com/ubuntu jammy-updates/main amd64 gpg-wks-client amd64 2.2.27-3ubuntu2.1 [62.7 kB]\nGet:98 http://archive.ubuntu.com/ubuntu jammy-updates/main amd64 gpg-wks-server amd64 2.2.27-3ubuntu2.1 [57.5 kB]\nGet:99 http://archive.ubuntu.com/ubuntu jammy-updates/main amd64 gpgsm amd64 2.2.27-3ubuntu2.1 [197 kB]\nGet:100 http://archive.ubuntu.com/ubuntu jammy-updates/main amd64 gnupg all 2.2.27-3ubuntu2.1 [315 kB]\nGet:101 http://archive.ubuntu.com/ubuntu jammy/main amd64 libalgorithm-diff-perl all 1.201-1 [41.8 kB]\nGet:102 http://archive.ubuntu.com/ubuntu jammy/main amd64 libalgorithm-diff-xs-perl amd64 0.04-6build3 [11.9 kB]\nGet:103 http://archive.ubuntu.com/ubuntu jammy/main amd64 libalgorithm-merge-perl all 0.08-3 [12.0 kB]\nGet:104 http://archive.ubuntu.com/ubuntu jammy/main amd64 libbrotli1 amd64 1.0.9-2build6 [315 kB]\nGet:105 http://archive.ubuntu.com/ubuntu jammy-updates/main amd64 libfreetype6 amd64 2.11.1+dfsg-1ubuntu0.1 [389 kB]\nGet:106 http://archive.ubuntu.com/ubuntu jammy/main amd64 libfontconfig1 amd64 2.13.1-4.2ubuntu5 [131 kB]\nGet:107 http://archive.ubuntu.com/ubuntu jammy/main amd64 libjpeg-turbo8 amd64 2.1.2-0ubuntu1 [134 kB]\nGet:108 http://archive.ubuntu.com/ubuntu jammy/main amd64 libjpeg8 amd64 8c-2ubuntu10 [2264 B]\nGet:109 http://archive.ubuntu.com/ubuntu jammy/main amd64 libdeflate0 amd64 1.10-2 [70.9 kB]\nGet:110 http://archive.ubuntu.com/ubuntu jammy-updates/main amd64 libjbig0 amd64 2.1-3.1ubuntu0.22.04.1 [29.2 kB]\nGet:111 http://archive.ubuntu.com/ubuntu jammy/main amd64 libwebp7 amd64 1.2.2-2 [206 kB]\nGet:112 http://archive.ubuntu.com/ubuntu jammy-updates/main amd64 libtiff5 amd64 4.3.0-6ubuntu0.3 [183 kB]\nGet:113 http://archive.ubuntu.com/ubuntu jammy/main amd64 libxpm4 amd64 1:3.5.12-1build2 [36.2 kB]\nGet:114 http://archive.ubuntu.com/ubuntu jammy/main amd64 libgd3 amd64 2.3.0-2ubuntu2 [129 kB]\nGet:115 http://archive.ubuntu.com/ubuntu jammy-updates/main amd64 libc-devtools amd64 2.35-0ubuntu3.1 [28.9 kB]\nGet:116 http://archive.ubuntu.com/ubuntu jammy/main amd64 libfile-fcntllock-perl amd64 0.22-3build7 [33.9 kB]\nGet:117 http://archive.ubuntu.com/ubuntu jammy/main amd64 libgpm2 amd64 1.20.7-10build1 [15.3 kB]\nGet:118 http://archive.ubuntu.com/ubuntu jammy-updates/main amd64 libldap-common all 2.5.13+dfsg-0ubuntu0.22.04.1 [15.9 kB]\nGet:119 http://archive.ubuntu.com/ubuntu jammy/main amd64 libltdl7 amd64 2.4.6-15build2 [39.6 kB]\nGet:120 http://archive.ubuntu.com/ubuntu jammy/main amd64 libltdl-dev amd64 2.4.6-15build2 [169 kB]\nGet:121 http://archive.ubuntu.com/ubuntu jammy-updates/main amd64 libpython3.10 amd64 3.10.6-1~22.04.2 [1955 kB]\nGet:122 http://archive.ubuntu.com/ubuntu jammy/main amd64 libsasl2-modules amd64 2.1.27+dfsg2-3ubuntu1 [57.5 kB]\nGet:123 http://archive.ubuntu.com/ubuntu jammy/main amd64 libsodium23 amd64 1.0.18-1build2 [164 kB]\nGet:124 http://archive.ubuntu.com/ubuntu jammy/main amd64 libtool all 2.4.6-15build2 [164 kB]\nGet:125 http://archive.ubuntu.com/ubuntu jammy/main amd64 libtool-bin amd64 2.4.6-15build2 [81.5 kB]\nGet:126 http://archive.ubuntu.com/ubuntu jammy/main amd64 manpages-dev all 5.10-1ubuntu1 [2309 kB]\nGet:127 http://archive.ubuntu.com/ubuntu jammy-updates/main amd64 vim-runtime all 2:8.2.3995-1ubuntu2.1 [6832 kB]\nGet:128 http://archive.ubuntu.com/ubuntu jammy-updates/main amd64 vim amd64 2:8.2.3995-1ubuntu2.1 [1727 kB]\n\u001b[91mdebconf: delaying package configuration, since apt-utils is not installed\n\u001b[0mFetched 100 MB in 9s (11.2 MB/s)\nSelecting previously unselected package liblocale-gettext-perl.\r\n(Reading database ... \r(Reading database ... 5%\r(Reading database ... 10%\r(Reading database ... 15%\r(Reading database ... 20%\r(Reading database ... 25%\r(Reading database ... 30%\r(Reading database ... 35%\r(Reading database ... 40%\r(Reading database ... 45%\r(Reading database ... 50%\r(Reading database ... 55%\r(Reading database ... 60%\r(Reading database ... 65%\r(Reading database ... 70%\r(Reading database ... 75%\r(Reading database ... 80%\r(Reading database ... 85%\r(Reading database ... 90%\r(Reading database ... 95%\r(Reading database ... 100%\r(Reading database ... 4395 files and directories currently installed.)\r\nPreparing to unpack .../000-liblocale-gettext-perl_1.07-4build3_amd64.deb ...\r\nUnpacking liblocale-gettext-perl (1.07-4build3) ...\r\nSelecting previously unselected package autoconf-archive.\r\nPreparing to unpack .../001-autoconf-archive_20210219-2.1_all.deb ...\r\nUnpacking autoconf-archive (20210219-2.1) ...\r\nSelecting previously unselected package perl-modules-5.34.\r\nPreparing to unpack .../002-perl-modules-5.34_5.34.0-3ubuntu1.1_all.deb ...\r\nUnpacking perl-modules-5.34 (5.34.0-3ubuntu1.1) ...\r\nSelecting previously unselected package libgdbm6:amd64.\r\nPreparing to unpack .../003-libgdbm6_1.23-1_amd64.deb ...\r\nUnpacking libgdbm6:amd64 (1.23-1) ...\r\nSelecting previously unselected package libgdbm-compat4:amd64.\r\nPreparing to unpack .../004-libgdbm-compat4_1.23-1_amd64.deb ...\r\nUnpacking libgdbm-compat4:amd64 (1.23-1) ...\r\nSelecting previously unselected package libperl5.34:amd64.\r\nPreparing to unpack .../005-libperl5.34_5.34.0-3ubuntu1.1_amd64.deb ...\r\nUnpacking libperl5.34:amd64 (5.34.0-3ubuntu1.1) ...\r\nSelecting previously unselected package perl.\r\nPreparing to unpack .../006-perl_5.34.0-3ubuntu1.1_amd64.deb ...\r\nUnpacking perl (5.34.0-3ubuntu1.1) ...\r\nSelecting previously unselected package libmd0:amd64.\r\nPreparing to unpack .../007-libmd0_1.0.4-1build1_amd64.deb ...\r\nUnpacking libmd0:amd64 (1.0.4-1build1) ...\r\nSelecting previously unselected package libbsd0:amd64.\r\nPreparing to unpack .../008-libbsd0_0.11.5-1_amd64.deb ...\r\nUnpacking libbsd0:amd64 (0.11.5-1) ...\r\nSelecting previously unselected package libexpat1:amd64.\r\nPreparing to unpack .../009-libexpat1_2.4.7-1ubuntu0.2_amd64.deb ...\r\nUnpacking libexpat1:amd64 (2.4.7-1ubuntu0.2) ...\r\nSelecting previously unselected package libmpdec3:amd64.\r\nPreparing to unpack .../010-libmpdec3_2.5.1-2build2_amd64.deb ...\r\nUnpacking libmpdec3:amd64 (2.5.1-2build2) ...\r\nSelecting previously unselected package libpython3.10-minimal:amd64.\r\nPreparing to unpack .../011-libpython3.10-minimal_3.10.6-1~22.04.2_amd64.deb ...\r\nUnpacking libpython3.10-minimal:amd64 (3.10.6-1~22.04.2) ...\r\nSelecting previously unselected package media-types.\r\nPreparing to unpack .../012-media-types_7.0.0_all.deb ...\r\nUnpacking media-types (7.0.0) ...\r\nSelecting previously unselected package readline-common.\r\nPreparing to unpack .../013-readline-common_8.1.2-1_all.deb ...\r\nUnpacking readline-common (8.1.2-1) ...\r\nSelecting previously unselected package libreadline8:amd64.\r\nPreparing to unpack .../014-libreadline8_8.1.2-1_amd64.deb ...\r\nUnpacking libreadline8:amd64 (8.1.2-1) ...\r\nSelecting previously unselected package libsqlite3-0:amd64.\r\nPreparing to unpack .../015-libsqlite3-0_3.37.2-2ubuntu0.1_amd64.deb ...\r\nUnpacking libsqlite3-0:amd64 (3.37.2-2ubuntu0.1) ...\r\nSelecting previously unselected package libpython3.10-stdlib:amd64.\r\nPreparing to unpack .../016-libpython3.10-stdlib_3.10.6-1~22.04.2_amd64.deb ...\r\nUnpacking libpython3.10-stdlib:amd64 (3.10.6-1~22.04.2) ...\r\nSelecting previously unselected package netbase.\r\nPreparing to unpack .../017-netbase_6.3_all.deb ...\r\nUnpacking netbase (6.3) ...\r\nSelecting previously unselected package ucf.\r\nPreparing to unpack .../018-ucf_3.0043_all.deb ...\r\nMoving old data out of the way\r\nUnpacking ucf (3.0043) ...\r\nSelecting previously unselected package xxd.\r\nPreparing to unpack .../019-xxd_2%3a8.2.3995-1ubuntu2.1_amd64.deb ...\r\nUnpacking xxd (2:8.2.3995-1ubuntu2.1) ...\r\nSelecting previously unselected package vim-common.\r\nPreparing to unpack .../020-vim-common_2%3a8.2.3995-1ubuntu2.1_all.deb ...\r\nUnpacking vim-common (2:8.2.3995-1ubuntu2.1) ...\r\nSelecting previously unselected package libmagic-mgc.\r\nPreparing to unpack .../021-libmagic-mgc_1%3a5.41-3_amd64.deb ...\r\nUnpacking libmagic-mgc (1:5.41-3) ...\r\nSelecting previously unselected package libmagic1:amd64.\r\nPreparing to unpack .../022-libmagic1_1%3a5.41-3_amd64.deb ...\r\nUnpacking libmagic1:amd64 (1:5.41-3) ...\r\nSelecting previously unselected package file.\r\nPreparing to unpack .../023-file_1%3a5.41-3_amd64.deb ...\r\nUnpacking file (1:5.41-3) ...\r\nSelecting previously unselected package libpng16-16:amd64.\r\nPreparing to unpack .../024-libpng16-16_1.6.37-3build5_amd64.deb ...\r\nUnpacking libpng16-16:amd64 (1.6.37-3build5) ...\r\nSelecting previously unselected package libxau6:amd64.\r\nPreparing to unpack .../025-libxau6_1%3a1.0.9-1build5_amd64.deb ...\r\nUnpacking libxau6:amd64 (1:1.0.9-1build5) ...\r\nSelecting previously unselected package libxdmcp6:amd64.\r\nPreparing to unpack .../026-libxdmcp6_1%3a1.1.3-0ubuntu5_amd64.deb ...\r\nUnpacking libxdmcp6:amd64 (1:1.1.3-0ubuntu5) ...\r\nSelecting previously unselected package libxcb1:amd64.\r\nPreparing to unpack .../027-libxcb1_1.14-3ubuntu3_amd64.deb ...\r\nUnpacking libxcb1:amd64 (1.14-3ubuntu3) ...\r\nSelecting previously unselected package libx11-data.\r\nPreparing to unpack .../028-libx11-data_2%3a1.7.5-1_all.deb ...\r\nUnpacking libx11-data (2:1.7.5-1) ...\r\nSelecting previously unselected package libx11-6:amd64.\r\nPreparing to unpack .../029-libx11-6_2%3a1.7.5-1_amd64.deb ...\r\nUnpacking libx11-6:amd64 (2:1.7.5-1) ...\r\nSelecting previously unselected package lsof.\r\nPreparing to unpack .../030-lsof_4.93.2+dfsg-1.1build2_amd64.deb ...\r\nUnpacking lsof (4.93.2+dfsg-1.1build2) ...\r\nSelecting previously unselected package manpages.\r\nPreparing to unpack .../031-manpages_5.10-1ubuntu1_all.deb ...\r\nUnpacking manpages (5.10-1ubuntu1) ...\r\nSelecting previously unselected package xz-utils.\r\nPreparing to unpack .../032-xz-utils_5.2.5-2ubuntu1_amd64.deb ...\r\nUnpacking xz-utils (5.2.5-2ubuntu1) ...\r\nSelecting previously unselected package libsigsegv2:amd64.\r\nPreparing to unpack .../033-libsigsegv2_2.13-1ubuntu3_amd64.deb ...\r\nUnpacking libsigsegv2:amd64 (2.13-1ubuntu3) ...\r\nSelecting previously unselected package m4.\r\nPreparing to unpack .../034-m4_1.4.18-5ubuntu2_amd64.deb ...\r\nUnpacking m4 (1.4.18-5ubuntu2) ...\r\nSelecting previously unselected package autoconf.\r\nPreparing to unpack .../035-autoconf_2.71-2_all.deb ...\r\nUnpacking autoconf (2.71-2) ...\r\nSelecting previously unselected package autotools-dev.\r\nPreparing to unpack .../036-autotools-dev_20220109.1_all.deb ...\r\nUnpacking autotools-dev (20220109.1) ...\r\nSelecting previously unselected package automake.\r\nPreparing to unpack .../037-automake_1%3a1.16.5-1.3_all.deb ...\r\nUnpacking automake (1:1.16.5-1.3) ...\r\nSelecting previously unselected package binutils-common:amd64.\r\nPreparing to unpack .../038-binutils-common_2.38-4ubuntu2.1_amd64.deb ...\r\nUnpacking binutils-common:amd64 (2.38-4ubuntu2.1) ...\r\nSelecting previously unselected package libbinutils:amd64.\r\nPreparing to unpack .../039-libbinutils_2.38-4ubuntu2.1_amd64.deb ...\r\nUnpacking libbinutils:amd64 (2.38-4ubuntu2.1) ...\r\nSelecting previously unselected package libctf-nobfd0:amd64.\r\nPreparing to unpack .../040-libctf-nobfd0_2.38-4ubuntu2.1_amd64.deb ...\r\nUnpacking libctf-nobfd0:amd64 (2.38-4ubuntu2.1) ...\r\nSelecting previously unselected package libctf0:amd64.\r\nPreparing to unpack .../041-libctf0_2.38-4ubuntu2.1_amd64.deb ...\r\nUnpacking libctf0:amd64 (2.38-4ubuntu2.1) ...\r\nSelecting previously unselected package binutils-x86-64-linux-gnu.\r\nPreparing to unpack .../042-binutils-x86-64-linux-gnu_2.38-4ubuntu2.1_amd64.deb ...\r\nUnpacking binutils-x86-64-linux-gnu (2.38-4ubuntu2.1) ...\r\nSelecting previously unselected package binutils.\r\nPreparing to unpack .../043-binutils_2.38-4ubuntu2.1_amd64.deb ...\r\nUnpacking binutils (2.38-4ubuntu2.1) ...\r\nSelecting previously unselected package libc-dev-bin.\r\nPreparing to unpack .../044-libc-dev-bin_2.35-0ubuntu3.1_amd64.deb ...\r\nUnpacking libc-dev-bin (2.35-0ubuntu3.1) ...\r\nSelecting previously unselected package linux-libc-dev:amd64.\r\nPreparing to unpack .../045-linux-libc-dev_5.15.0-56.62_amd64.deb ...\r\nUnpacking linux-libc-dev:amd64 (5.15.0-56.62) ...\r\nSelecting previously unselected package libcrypt-dev:amd64.\r\nPreparing to unpack .../046-libcrypt-dev_1%3a4.4.27-1_amd64.deb ...\r\nUnpacking libcrypt-dev:amd64 (1:4.4.27-1) ...\r\nSelecting previously unselected package rpcsvc-proto.\r\nPreparing to unpack .../047-rpcsvc-proto_1.4.2-0ubuntu6_amd64.deb ...\r\nUnpacking rpcsvc-proto (1.4.2-0ubuntu6) ...\r\nSelecting previously unselected package libtirpc-dev:amd64.\r\nPreparing to unpack .../048-libtirpc-dev_1.3.2-2ubuntu0.1_amd64.deb ...\r\nUnpacking libtirpc-dev:amd64 (1.3.2-2ubuntu0.1) ...\r\nSelecting previously unselected package libnsl-dev:amd64.\r\nPreparing to unpack .../049-libnsl-dev_1.3.0-2build2_amd64.deb ...\r\nUnpacking libnsl-dev:amd64 (1.3.0-2build2) ...\r\nSelecting previously unselected package libc6-dev:amd64.\r\nPreparing to unpack .../050-libc6-dev_2.35-0ubuntu3.1_amd64.deb ...\r\nUnpacking libc6-dev:amd64 (2.35-0ubuntu3.1) ...\r\nSelecting previously unselected package gcc-11-base:amd64.\r\nPreparing to unpack .../051-gcc-11-base_11.3.0-1ubuntu1~22.04_amd64.deb ...\r\nUnpacking gcc-11-base:amd64 (11.3.0-1ubuntu1~22.04) ...\r\nSelecting previously unselected package libisl23:amd64.\r\nPreparing to unpack .../052-libisl23_0.24-2build1_amd64.deb ...\r\nUnpacking libisl23:amd64 (0.24-2build1) ...\r\nSelecting previously unselected package libmpfr6:amd64.\r\nPreparing to unpack .../053-libmpfr6_4.1.0-3build3_amd64.deb ...\r\nUnpacking libmpfr6:amd64 (4.1.0-3build3) ...\r\nSelecting previously unselected package libmpc3:amd64.\r\nPreparing to unpack .../054-libmpc3_1.2.1-2build1_amd64.deb ...\r\nUnpacking libmpc3:amd64 (1.2.1-2build1) ...\r\nSelecting previously unselected package cpp-11.\r\nPreparing to unpack .../055-cpp-11_11.3.0-1ubuntu1~22.04_amd64.deb ...\r\nUnpacking cpp-11 (11.3.0-1ubuntu1~22.04) ...\r\nSelecting previously unselected package cpp.\r\nPreparing to unpack .../056-cpp_4%3a11.2.0-1ubuntu1_amd64.deb ...\r\nUnpacking cpp (4:11.2.0-1ubuntu1) ...\r\nSelecting previously unselected package libcc1-0:amd64.\r\nPreparing to unpack .../057-libcc1-0_12.1.0-2ubuntu1~22.04_amd64.deb ...\r\nUnpacking libcc1-0:amd64 (12.1.0-2ubuntu1~22.04) ...\r\nSelecting previously unselected package libgomp1:amd64.\r\nPreparing to unpack .../058-libgomp1_12.1.0-2ubuntu1~22.04_amd64.deb ...\r\nUnpacking libgomp1:amd64 (12.1.0-2ubuntu1~22.04) ...\r\nSelecting previously unselected package libitm1:amd64.\r\nPreparing to unpack .../059-libitm1_12.1.0-2ubuntu1~22.04_amd64.deb ...\r\nUnpacking libitm1:amd64 (12.1.0-2ubuntu1~22.04) ...\r\nSelecting previously unselected package libatomic1:amd64.\r\nPreparing to unpack .../060-libatomic1_12.1.0-2ubuntu1~22.04_amd64.deb ...\r\nUnpacking libatomic1:amd64 (12.1.0-2ubuntu1~22.04) ...\r\nSelecting previously unselected package libasan6:amd64.\r\nPreparing to unpack .../061-libasan6_11.3.0-1ubuntu1~22.04_amd64.deb ...\r\nUnpacking libasan6:amd64 (11.3.0-1ubuntu1~22.04) ...\r\nSelecting previously unselected package liblsan0:amd64.\r\nPreparing to unpack .../062-liblsan0_12.1.0-2ubuntu1~22.04_amd64.deb ...\r\nUnpacking liblsan0:amd64 (12.1.0-2ubuntu1~22.04) ...\r\nSelecting previously unselected package libtsan0:amd64.\r\nPreparing to unpack .../063-libtsan0_11.3.0-1ubuntu1~22.04_amd64.deb ...\r\nUnpacking libtsan0:amd64 (11.3.0-1ubuntu1~22.04) ...\r\nSelecting previously unselected package libubsan1:amd64.\r\nPreparing to unpack .../064-libubsan1_12.1.0-2ubuntu1~22.04_amd64.deb ...\r\nUnpacking libubsan1:amd64 (12.1.0-2ubuntu1~22.04) ...\r\nSelecting previously unselected package libquadmath0:amd64.\r\nPreparing to unpack .../065-libquadmath0_12.1.0-2ubuntu1~22.04_amd64.deb ...\r\nUnpacking libquadmath0:amd64 (12.1.0-2ubuntu1~22.04) ...\r\nSelecting previously unselected package libgcc-11-dev:amd64.\r\nPreparing to unpack .../066-libgcc-11-dev_11.3.0-1ubuntu1~22.04_amd64.deb ...\r\nUnpacking libgcc-11-dev:amd64 (11.3.0-1ubuntu1~22.04) ...\r\nSelecting previously unselected package gcc-11.\r\nPreparing to unpack .../067-gcc-11_11.3.0-1ubuntu1~22.04_amd64.deb ...\r\nUnpacking gcc-11 (11.3.0-1ubuntu1~22.04) ...\r\nSelecting previously unselected package gcc.\r\nPreparing to unpack .../068-gcc_4%3a11.2.0-1ubuntu1_amd64.deb ...\r\nUnpacking gcc (4:11.2.0-1ubuntu1) ...\r\nSelecting previously unselected package libstdc++-11-dev:amd64.\r\nPreparing to unpack .../069-libstdc++-11-dev_11.3.0-1ubuntu1~22.04_amd64.deb ...\r\nUnpacking libstdc++-11-dev:amd64 (11.3.0-1ubuntu1~22.04) ...\r\nSelecting previously unselected package g++-11.\r\nPreparing to unpack .../070-g++-11_11.3.0-1ubuntu1~22.04_amd64.deb ...\r\nUnpacking g++-11 (11.3.0-1ubuntu1~22.04) ...\r\nSelecting previously unselected package g++.\r\nPreparing to unpack .../071-g++_4%3a11.2.0-1ubuntu1_amd64.deb ...\r\nUnpacking g++ (4:11.2.0-1ubuntu1) ...\r\nSelecting previously unselected package make.\r\nPreparing to unpack .../072-make_4.3-4.1build1_amd64.deb ...\r\nUnpacking make (4.3-4.1build1) ...\r\nSelecting previously unselected package libdpkg-perl.\r\nPreparing to unpack .../073-libdpkg-perl_1.21.1ubuntu2.1_all.deb ...\r\nUnpacking libdpkg-perl (1.21.1ubuntu2.1) ...\r\nSelecting previously unselected package bzip2.\r\nPreparing to unpack .../074-bzip2_1.0.8-5build1_amd64.deb ...\r\nUnpacking bzip2 (1.0.8-5build1) ...\r\nSelecting previously unselected package patch.\r\nPreparing to unpack .../075-patch_2.7.6-7build2_amd64.deb ...\r\nUnpacking patch (2.7.6-7build2) ...\r\nSelecting previously unselected package lto-disabled-list.\r\nPreparing to unpack .../076-lto-disabled-list_24_all.deb ...\r\nUnpacking lto-disabled-list (24) ...\r\nSelecting previously unselected package dpkg-dev.\r\nPreparing to unpack .../077-dpkg-dev_1.21.1ubuntu2.1_all.deb ...\r\nUnpacking dpkg-dev (1.21.1ubuntu2.1) ...\r\nSelecting previously unselected package build-essential.\r\nPreparing to unpack .../078-build-essential_12.9ubuntu3_amd64.deb ...\r\nUnpacking build-essential (12.9ubuntu3) ...\r\nSelecting previously unselected package libassuan0:amd64.\r\nPreparing to unpack .../079-libassuan0_2.5.5-1build1_amd64.deb ...\r\nUnpacking libassuan0:amd64 (2.5.5-1build1) ...\r\nSelecting previously unselected package gpgconf.\r\nPreparing to unpack .../080-gpgconf_2.2.27-3ubuntu2.1_amd64.deb ...\r\nUnpacking gpgconf (2.2.27-3ubuntu2.1) ...\r\nSelecting previously unselected package libksba8:amd64.\r\nPreparing to unpack .../081-libksba8_1.6.0-2ubuntu0.1_amd64.deb ...\r\nUnpacking libksba8:amd64 (1.6.0-2ubuntu0.1) ...\r\nSelecting previously unselected package libsasl2-modules-db:amd64.\r\nPreparing to unpack .../082-libsasl2-modules-db_2.1.27+dfsg2-3ubuntu1_amd64.deb ...\r\nUnpacking libsasl2-modules-db:amd64 (2.1.27+dfsg2-3ubuntu1) ...\r\nSelecting previously unselected package libsasl2-2:amd64.\r\nPreparing to unpack .../083-libsasl2-2_2.1.27+dfsg2-3ubuntu1_amd64.deb ...\r\nUnpacking libsasl2-2:amd64 (2.1.27+dfsg2-3ubuntu1) ...\r\nSelecting previously unselected package libldap-2.5-0:amd64.\r\nPreparing to unpack .../084-libldap-2.5-0_2.5.13+dfsg-0ubuntu0.22.04.1_amd64.deb ...\r\nUnpacking libldap-2.5-0:amd64 (2.5.13+dfsg-0ubuntu0.22.04.1) ...\r\nSelecting previously unselected package libnpth0:amd64.\r\nPreparing to unpack .../085-libnpth0_1.6-3build2_amd64.deb ...\r\nUnpacking libnpth0:amd64 (1.6-3build2) ...\r\nSelecting previously unselected package dirmngr.\r\nPreparing to unpack .../086-dirmngr_2.2.27-3ubuntu2.1_amd64.deb ...\r\nUnpacking dirmngr (2.2.27-3ubuntu2.1) ...\r\nSelecting previously unselected package libfakeroot:amd64.\r\nPreparing to unpack .../087-libfakeroot_1.28-1ubuntu1_amd64.deb ...\r\nUnpacking libfakeroot:amd64 (1.28-1ubuntu1) ...\r\nSelecting previously unselected package fakeroot.\r\nPreparing to unpack .../088-fakeroot_1.28-1ubuntu1_amd64.deb ...\r\nUnpacking fakeroot (1.28-1ubuntu1) ...\r\nSelecting previously unselected package fonts-dejavu-core.\r\nPreparing to unpack .../089-fonts-dejavu-core_2.37-2build1_all.deb ...\r\nUnpacking fonts-dejavu-core (2.37-2build1) ...\r\nSelecting previously unselected package fontconfig-config.\r\nPreparing to unpack .../090-fontconfig-config_2.13.1-4.2ubuntu5_all.deb ...\r\nUnpacking fontconfig-config (2.13.1-4.2ubuntu5) ...\r\nSelecting previously unselected package gnupg-l10n.\r\nPreparing to unpack .../091-gnupg-l10n_2.2.27-3ubuntu2.1_all.deb ...\r\nUnpacking gnupg-l10n (2.2.27-3ubuntu2.1) ...\r\nSelecting previously unselected package gnupg-utils.\r\nPreparing to unpack .../092-gnupg-utils_2.2.27-3ubuntu2.1_amd64.deb ...\r\nUnpacking gnupg-utils (2.2.27-3ubuntu2.1) ...\r\nSelecting previously unselected package gpg.\r\nPreparing to unpack .../093-gpg_2.2.27-3ubuntu2.1_amd64.deb ...\r\nUnpacking gpg (2.2.27-3ubuntu2.1) ...\r\nSelecting previously unselected package pinentry-curses.\r\nPreparing to unpack .../094-pinentry-curses_1.1.1-1build2_amd64.deb ...\r\nUnpacking pinentry-curses (1.1.1-1build2) ...\r\nSelecting previously unselected package gpg-agent.\r\nPreparing to unpack .../095-gpg-agent_2.2.27-3ubuntu2.1_amd64.deb ...\r\nUnpacking gpg-agent (2.2.27-3ubuntu2.1) ...\r\nSelecting previously unselected package gpg-wks-client.\r\nPreparing to unpack .../096-gpg-wks-client_2.2.27-3ubuntu2.1_amd64.deb ...\r\nUnpacking gpg-wks-client (2.2.27-3ubuntu2.1) ...\r\nSelecting previously unselected package gpg-wks-server.\r\nPreparing to unpack .../097-gpg-wks-server_2.2.27-3ubuntu2.1_amd64.deb ...\r\nUnpacking gpg-wks-server (2.2.27-3ubuntu2.1) ...\r\nSelecting previously unselected package gpgsm.\r\nPreparing to unpack .../098-gpgsm_2.2.27-3ubuntu2.1_amd64.deb ...\r\nUnpacking gpgsm (2.2.27-3ubuntu2.1) ...\r\nSelecting previously unselected package gnupg.\r\nPreparing to unpack .../099-gnupg_2.2.27-3ubuntu2.1_all.deb ...\r\nUnpacking gnupg (2.2.27-3ubuntu2.1) ...\r\nSelecting previously unselected package libalgorithm-diff-perl.\r\nPreparing to unpack .../100-libalgorithm-diff-perl_1.201-1_all.deb ...\r\nUnpacking libalgorithm-diff-perl (1.201-1) ...\r\nSelecting previously unselected package libalgorithm-diff-xs-perl.\r\nPreparing to unpack .../101-libalgorithm-diff-xs-perl_0.04-6build3_amd64.deb ...\r\nUnpacking libalgorithm-diff-xs-perl (0.04-6build3) ...\r\nSelecting previously unselected package libalgorithm-merge-perl.\r\nPreparing to unpack .../102-libalgorithm-merge-perl_0.08-3_all.deb ...\r\nUnpacking libalgorithm-merge-perl (0.08-3) ...\r\nSelecting previously unselected package libbrotli1:amd64.\r\nPreparing to unpack .../103-libbrotli1_1.0.9-2build6_amd64.deb ...\r\nUnpacking libbrotli1:amd64 (1.0.9-2build6) ...\r\nSelecting previously unselected package libfreetype6:amd64.\r\nPreparing to unpack .../104-libfreetype6_2.11.1+dfsg-1ubuntu0.1_amd64.deb ...\r\nUnpacking libfreetype6:amd64 (2.11.1+dfsg-1ubuntu0.1) ...\r\nSelecting previously unselected package libfontconfig1:amd64.\r\nPreparing to unpack .../105-libfontconfig1_2.13.1-4.2ubuntu5_amd64.deb ...\r\nUnpacking libfontconfig1:amd64 (2.13.1-4.2ubuntu5) ...\r\nSelecting previously unselected package libjpeg-turbo8:amd64.\r\nPreparing to unpack .../106-libjpeg-turbo8_2.1.2-0ubuntu1_amd64.deb ...\r\nUnpacking libjpeg-turbo8:amd64 (2.1.2-0ubuntu1) ...\r\nSelecting previously unselected package libjpeg8:amd64.\r\nPreparing to unpack .../107-libjpeg8_8c-2ubuntu10_amd64.deb ...\r\nUnpacking libjpeg8:amd64 (8c-2ubuntu10) ...\r\nSelecting previously unselected package libdeflate0:amd64.\r\nPreparing to unpack .../108-libdeflate0_1.10-2_amd64.deb ...\r\nUnpacking libdeflate0:amd64 (1.10-2) ...\r\nSelecting previously unselected package libjbig0:amd64.\r\nPreparing to unpack .../109-libjbig0_2.1-3.1ubuntu0.22.04.1_amd64.deb ...\r\nUnpacking libjbig0:amd64 (2.1-3.1ubuntu0.22.04.1) ...\r\nSelecting previously unselected package libwebp7:amd64.\r\nPreparing to unpack .../110-libwebp7_1.2.2-2_amd64.deb ...\r\nUnpacking libwebp7:amd64 (1.2.2-2) ...\r\nSelecting previously unselected package libtiff5:amd64.\r\nPreparing to unpack .../111-libtiff5_4.3.0-6ubuntu0.3_amd64.deb ...\r\nUnpacking libtiff5:amd64 (4.3.0-6ubuntu0.3) ...\r\nSelecting previously unselected package libxpm4:amd64.\r\nPreparing to unpack .../112-libxpm4_1%3a3.5.12-1build2_amd64.deb ...\r\nUnpacking libxpm4:amd64 (1:3.5.12-1build2) ...\r\nSelecting previously unselected package libgd3:amd64.\r\nPreparing to unpack .../113-libgd3_2.3.0-2ubuntu2_amd64.deb ...\r\nUnpacking libgd3:amd64 (2.3.0-2ubuntu2) ...\r\nSelecting previously unselected package libc-devtools.\r\nPreparing to unpack .../114-libc-devtools_2.35-0ubuntu3.1_amd64.deb ...\r\nUnpacking libc-devtools (2.35-0ubuntu3.1) ...\r\nSelecting previously unselected package libfile-fcntllock-perl.\r\nPreparing to unpack .../115-libfile-fcntllock-perl_0.22-3build7_amd64.deb ...\r\nUnpacking libfile-fcntllock-perl (0.22-3build7) ...\r\nSelecting previously unselected package libgpm2:amd64.\r\nPreparing to unpack .../116-libgpm2_1.20.7-10build1_amd64.deb ...\r\nUnpacking libgpm2:amd64 (1.20.7-10build1) ...\r\nSelecting previously unselected package libldap-common.\r\nPreparing to unpack .../117-libldap-common_2.5.13+dfsg-0ubuntu0.22.04.1_all.deb ...\r\nUnpacking libldap-common (2.5.13+dfsg-0ubuntu0.22.04.1) ...\r\nSelecting previously unselected package libltdl7:amd64.\r\nPreparing to unpack .../118-libltdl7_2.4.6-15build2_amd64.deb ...\r\nUnpacking libltdl7:amd64 (2.4.6-15build2) ...\r\nSelecting previously unselected package libltdl-dev:amd64.\r\nPreparing to unpack .../119-libltdl-dev_2.4.6-15build2_amd64.deb ...\r\nUnpacking libltdl-dev:amd64 (2.4.6-15build2) ...\r\nSelecting previously unselected package libpython3.10:amd64.\r\nPreparing to unpack .../120-libpython3.10_3.10.6-1~22.04.2_amd64.deb ...\r\nUnpacking libpython3.10:amd64 (3.10.6-1~22.04.2) ...\r\nSelecting previously unselected package libsasl2-modules:amd64.\r\nPreparing to unpack .../121-libsasl2-modules_2.1.27+dfsg2-3ubuntu1_amd64.deb ...\r\nUnpacking libsasl2-modules:amd64 (2.1.27+dfsg2-3ubuntu1) ...\r\nSelecting previously unselected package libsodium23:amd64.\r\nPreparing to unpack .../122-libsodium23_1.0.18-1build2_amd64.deb ...\r\nUnpacking libsodium23:amd64 (1.0.18-1build2) ...\r\nSelecting previously unselected package libtool.\r\nPreparing to unpack .../123-libtool_2.4.6-15build2_all.deb ...\r\nUnpacking libtool (2.4.6-15build2) ...\r\nSelecting previously unselected package libtool-bin.\r\nPreparing to unpack .../124-libtool-bin_2.4.6-15build2_amd64.deb ...\r\nUnpacking libtool-bin (2.4.6-15build2) ...\r\nSelecting previously unselected package manpages-dev.\r\nPreparing to unpack .../125-manpages-dev_5.10-1ubuntu1_all.deb ...\r\nUnpacking manpages-dev (5.10-1ubuntu1) ...\r\nSelecting previously unselected package vim-runtime.\r\nPreparing to unpack .../126-vim-runtime_2%3a8.2.3995-1ubuntu2.1_all.deb ...\r\nAdding 'diversion of /usr/share/vim/vim82/doc/help.txt to /usr/share/vim/vim82/doc/help.txt.vim-tiny by vim-runtime'\r\nAdding 'diversion of /usr/share/vim/vim82/doc/tags to /usr/share/vim/vim82/doc/tags.vim-tiny by vim-runtime'\r\nUnpacking vim-runtime (2:8.2.3995-1ubuntu2.1) ...\r\nSelecting previously unselected package vim.\r\nPreparing to unpack .../127-vim_2%3a8.2.3995-1ubuntu2.1_amd64.deb ...\r\nUnpacking vim (2:8.2.3995-1ubuntu2.1) ...\r\nSetting up libksba8:amd64 (1.6.0-2ubuntu0.1) ...\r\nSetting up libexpat1:amd64 (2.4.7-1ubuntu0.2) ...\r\nSetting up media-types (7.0.0) ...\r\nSetting up gcc-11-base:amd64 (11.3.0-1ubuntu1~22.04) ...\r\nSetting up libxau6:amd64 (1:1.0.9-1build5) ...\r\nSetting up lto-disabled-list (24) ...\r\nSetting up libsodium23:amd64 (1.0.18-1build2) ...\r\nSetting up libgpm2:amd64 (1.20.7-10build1) ...\r\nSetting up libmagic-mgc (1:5.41-3) ...\r\nSetting up manpages (5.10-1ubuntu1) ...\r\nSetting up libbrotli1:amd64 (1.0.9-2build6) ...\r\nSetting up libsqlite3-0:amd64 (3.37.2-2ubuntu0.1) ...\r\nSetting up libsasl2-modules:amd64 (2.1.27+dfsg2-3ubuntu1) ...\r\nSetting up binutils-common:amd64 (2.38-4ubuntu2.1) ...\r\nSetting up libmagic1:amd64 (1:5.41-3) ...\r\nSetting up libdeflate0:amd64 (1.10-2) ...\r\nSetting up linux-libc-dev:amd64 (5.15.0-56.62) ...\r\nSetting up libctf-nobfd0:amd64 (2.38-4ubuntu2.1) ...\r\nSetting up libnpth0:amd64 (1.6-3build2) ...\r\nSetting up autoconf-archive (20210219-2.1) ...\r\nSetting up file (1:5.41-3) ...\r\nSetting up libassuan0:amd64 (2.5.5-1build1) ...\r\nSetting up libgomp1:amd64 (12.1.0-2ubuntu1~22.04) ...\r\nSetting up perl-modules-5.34 (5.34.0-3ubuntu1.1) ...\r\nSetting up bzip2 (1.0.8-5build1) ...\r\nSetting up libldap-common (2.5.13+dfsg-0ubuntu0.22.04.1) ...\r\nSetting up libjbig0:amd64 (2.1-3.1ubuntu0.22.04.1) ...\r\nSetting up xxd (2:8.2.3995-1ubuntu2.1) ...\r\nSetting up libfakeroot:amd64 (1.28-1ubuntu1) ...\r\nSetting up libasan6:amd64 (11.3.0-1ubuntu1~22.04) ...\r\nSetting up libsasl2-modules-db:amd64 (2.1.27+dfsg2-3ubuntu1) ...\r\nSetting up fakeroot (1.28-1ubuntu1) ...\r\nupdate-alternatives: using /usr/bin/fakeroot-sysv to provide /usr/bin/fakeroot (fakeroot) in auto mode\r\nupdate-alternatives: warning: skip creation of /usr/share/man/man1/fakeroot.1.gz because associated file /usr/share/man/man1/fakeroot-sysv.1.gz (of link group fakeroot) doesn't exist\r\nupdate-alternatives: warning: skip creation of /usr/share/man/man1/faked.1.gz because associated file /usr/share/man/man1/faked-sysv.1.gz (of link group fakeroot) doesn't exist\r\nupdate-alternatives: warning: skip creation of /usr/share/man/es/man1/fakeroot.1.gz because associated file /usr/share/man/es/man1/fakeroot-sysv.1.gz (of link group fakeroot) doesn't exist\r\nupdate-alternatives: warning: skip creation of /usr/share/man/es/man1/faked.1.gz because associated file /usr/share/man/es/man1/faked-sysv.1.gz (of link group fakeroot) doesn't exist\r\nupdate-alternatives: warning: skip creation of /usr/share/man/fr/man1/fakeroot.1.gz because associated file /usr/share/man/fr/man1/fakeroot-sysv.1.gz (of link group fakeroot) doesn't exist\r\nupdate-alternatives: warning: skip creation of /usr/share/man/fr/man1/faked.1.gz because associated file /usr/share/man/fr/man1/faked-sysv.1.gz (of link group fakeroot) doesn't exist\r\nupdate-alternatives: warning: skip creation of /usr/share/man/sv/man1/fakeroot.1.gz because associated file /usr/share/man/sv/man1/fakeroot-sysv.1.gz (of link group fakeroot) doesn't exist\r\nupdate-alternatives: warning: skip creation of /usr/share/man/sv/man1/faked.1.gz because associated file /usr/share/man/sv/man1/faked-sysv.1.gz (of link group fakeroot) doesn't exist\r\nSetting up autotools-dev (20220109.1) ...\r\nSetting up libtirpc-dev:amd64 (1.3.2-2ubuntu0.1) ...\r\nSetting up rpcsvc-proto (1.4.2-0ubuntu6) ...\r\nSetting up vim-common (2:8.2.3995-1ubuntu2.1) ...\r\nSetting up libx11-data (2:1.7.5-1) ...\r\nSetting up make (4.3-4.1build1) ...\r\nSetting up libmpfr6:amd64 (4.1.0-3build3) ...\r\nSetting up gnupg-l10n (2.2.27-3ubuntu2.1) ...\r\nSetting up libsigsegv2:amd64 (2.13-1ubuntu3) ...\r\nSetting up xz-utils (5.2.5-2ubuntu1) ...\r\nupdate-alternatives: using /usr/bin/xz to provide /usr/bin/lzma (lzma) in auto mode\r\nupdate-alternatives: warning: skip creation of /usr/share/man/man1/lzma.1.gz because associated file /usr/share/man/man1/xz.1.gz (of link group lzma) doesn't exist\r\nupdate-alternatives: warning: skip creation of /usr/share/man/man1/unlzma.1.gz because associated file /usr/share/man/man1/unxz.1.gz (of link group lzma) doesn't exist\r\nupdate-alternatives: warning: skip creation of /usr/share/man/man1/lzcat.1.gz because associated file /usr/share/man/man1/xzcat.1.gz (of link group lzma) doesn't exist\r\nupdate-alternatives: warning: skip creation of /usr/share/man/man1/lzmore.1.gz because associated file /usr/share/man/man1/xzmore.1.gz (of link group lzma) doesn't exist\r\nupdate-alternatives: warning: skip creation of /usr/share/man/man1/lzless.1.gz because associated file /usr/share/man/man1/xzless.1.gz (of link group lzma) doesn't exist\r\nupdate-alternatives: warning: skip creation of /usr/share/man/man1/lzdiff.1.gz because associated file /usr/share/man/man1/xzdiff.1.gz (of link group lzma) doesn't exist\r\nupdate-alternatives: warning: skip creation of /usr/share/man/man1/lzcmp.1.gz because associated file /usr/share/man/man1/xzcmp.1.gz (of link group lzma) doesn't exist\r\nupdate-alternatives: warning: skip creation of /usr/share/man/man1/lzgrep.1.gz because associated file /usr/share/man/man1/xzgrep.1.gz (of link group lzma) doesn't exist\r\nupdate-alternatives: warning: skip creation of /usr/share/man/man1/lzegrep.1.gz because associated file /usr/share/man/man1/xzegrep.1.gz (of link group lzma) doesn't exist\r\nupdate-alternatives: warning: skip creation of /usr/share/man/man1/lzfgrep.1.gz because associated file /usr/share/man/man1/xzfgrep.1.gz (of link group lzma) doesn't exist\r\nSetting up libquadmath0:amd64 (12.1.0-2ubuntu1~22.04) ...\r\nSetting up libpng16-16:amd64 (1.6.37-3build5) ...\r\nSetting up libmpc3:amd64 (1.2.1-2build1) ...\r\nSetting up libatomic1:amd64 (12.1.0-2ubuntu1~22.04) ...\r\nSetting up patch (2.7.6-7build2) ...\r\nSetting up libpython3.10-minimal:amd64 (3.10.6-1~22.04.2) ...\r\nSetting up fonts-dejavu-core (2.37-2build1) ...\r\nSetting up ucf (3.0043) ...\r\ndebconf: unable to initialize frontend: Dialog\r\ndebconf: (TERM is not set, so the dialog frontend is not usable.)\r\ndebconf: falling back to frontend: Readline\r\nSetting up libjpeg-turbo8:amd64 (2.1.2-0ubuntu1) ...\r\nSetting up libltdl7:amd64 (2.4.6-15build2) ...\r\nSetting up libsasl2-2:amd64 (2.1.27+dfsg2-3ubuntu1) ...\r\nSetting up lsof (4.93.2+dfsg-1.1build2) ...\r\nSetting up libwebp7:amd64 (1.2.2-2) ...\r\nSetting up libubsan1:amd64 (12.1.0-2ubuntu1~22.04) ...\r\nSetting up libmd0:amd64 (1.0.4-1build1) ...\r\nSetting up libnsl-dev:amd64 (1.3.0-2build2) ...\r\nSetting up libcrypt-dev:amd64 (1:4.4.27-1) ...\r\nSetting up libmpdec3:amd64 (2.5.1-2build2) ...\r\nSetting up netbase (6.3) ...\r\nSetting up libbinutils:amd64 (2.38-4ubuntu2.1) ...\r\nSetting up vim-runtime (2:8.2.3995-1ubuntu2.1) ...\r\nSetting up libisl23:amd64 (0.24-2build1) ...\r\nSetting up libc-dev-bin (2.35-0ubuntu3.1) ...\r\nSetting up libbsd0:amd64 (0.11.5-1) ...\r\nSetting up readline-common (8.1.2-1) ...\r\nSetting up libcc1-0:amd64 (12.1.0-2ubuntu1~22.04) ...\r\nSetting up liblocale-gettext-perl (1.07-4build3) ...\r\nSetting up liblsan0:amd64 (12.1.0-2ubuntu1~22.04) ...\r\nSetting up libitm1:amd64 (12.1.0-2ubuntu1~22.04) ...\r\nSetting up libgdbm6:amd64 (1.23-1) ...\r\nSetting up libtsan0:amd64 (11.3.0-1ubuntu1~22.04) ...\r\nSetting up libctf0:amd64 (2.38-4ubuntu2.1) ...\r\nSetting up libjpeg8:amd64 (8c-2ubuntu10) ...\r\nSetting up pinentry-curses (1.1.1-1build2) ...\r\nSetting up cpp-11 (11.3.0-1ubuntu1~22.04) ...\r\nSetting up manpages-dev (5.10-1ubuntu1) ...\r\nSetting up libxdmcp6:amd64 (1:1.1.3-0ubuntu5) ...\r\nSetting up libxcb1:amd64 (1.14-3ubuntu3) ...\r\nSetting up fontconfig-config (2.13.1-4.2ubuntu5) ...\r\nSetting up libreadline8:amd64 (8.1.2-1) ...\r\nSetting up m4 (1.4.18-5ubuntu2) ...\r\nSetting up libldap-2.5-0:amd64 (2.5.13+dfsg-0ubuntu0.22.04.1) ...\r\nSetting up libpython3.10-stdlib:amd64 (3.10.6-1~22.04.2) ...\r\nSetting up libfreetype6:amd64 (2.11.1+dfsg-1ubuntu0.1) ...\r\nSetting up libgdbm-compat4:amd64 (1.23-1) ...\r\nSetting up libgcc-11-dev:amd64 (11.3.0-1ubuntu1~22.04) ...\r\nSetting up cpp (4:11.2.0-1ubuntu1) ...\r\nSetting up gpgconf (2.2.27-3ubuntu2.1) ...\r\nSetting up libc6-dev:amd64 (2.35-0ubuntu3.1) ...\r\nSetting up libx11-6:amd64 (2:1.7.5-1) ...\r\nSetting up libtiff5:amd64 (4.3.0-6ubuntu0.3) ...\r\nSetting up libfontconfig1:amd64 (2.13.1-4.2ubuntu5) ...\r\nSetting up gpg (2.2.27-3ubuntu2.1) ...\r\nSetting up gnupg-utils (2.2.27-3ubuntu2.1) ...\r\nSetting up binutils-x86-64-linux-gnu (2.38-4ubuntu2.1) ...\r\nSetting up libpython3.10:amd64 (3.10.6-1~22.04.2) ...\r\nSetting up libperl5.34:amd64 (5.34.0-3ubuntu1.1) ...\r\nSetting up vim (2:8.2.3995-1ubuntu2.1) ...\r\nupdate-alternatives: using /usr/bin/vim.basic to provide /usr/bin/vim (vim) in auto mode\r\nupdate-alternatives: using /usr/bin/vim.basic to provide /usr/bin/vimdiff (vimdiff) in auto mode\r\nupdate-alternatives: using /usr/bin/vim.basic to provide /usr/bin/rvim (rvim) in auto mode\r\nupdate-alternatives: using /usr/bin/vim.basic to provide /usr/bin/rview (rview) in auto mode\r\nupdate-alternatives: using /usr/bin/vim.basic to provide /usr/bin/vi (vi) in auto mode\r\nupdate-alternatives: warning: skip creation of /usr/share/man/da/man1/vi.1.gz because associated file /usr/share/man/da/man1/vim.1.gz (of link group vi) doesn't exist\r\nupdate-alternatives: warning: skip creation of /usr/share/man/de/man1/vi.1.gz because associated file /usr/share/man/de/man1/vim.1.gz (of link group vi) doesn't exist\r\nupdate-alternatives: warning: skip creation of /usr/share/man/fr/man1/vi.1.gz because associated file /usr/share/man/fr/man1/vim.1.gz (of link group vi) doesn't exist\r\nupdate-alternatives: warning: skip creation of /usr/share/man/it/man1/vi.1.gz because associated file /usr/share/man/it/man1/vim.1.gz (of link group vi) doesn't exist\r\nupdate-alternatives: warning: skip creation of /usr/share/man/ja/man1/vi.1.gz because associated file /usr/share/man/ja/man1/vim.1.gz (of link group vi) doesn't exist\r\nupdate-alternatives: warning: skip creation of /usr/share/man/pl/man1/vi.1.gz because associated file /usr/share/man/pl/man1/vim.1.gz (of link group vi) doesn't exist\r\nupdate-alternatives: warning: skip creation of /usr/share/man/ru/man1/vi.1.gz because associated file /usr/share/man/ru/man1/vim.1.gz (of link group vi) doesn't exist\r\nupdate-alternatives: warning: skip creation of /usr/share/man/man1/vi.1.gz because associated file /usr/share/man/man1/vim.1.gz (of link group vi) doesn't exist\r\nupdate-alternatives: using /usr/bin/vim.basic to provide /usr/bin/view (view) in auto mode\r\nupdate-alternatives: warning: skip creation of /usr/share/man/da/man1/view.1.gz because associated file /usr/share/man/da/man1/vim.1.gz (of link group view) doesn't exist\r\nupdate-alternatives: warning: skip creation of /usr/share/man/de/man1/view.1.gz because associated file /usr/share/man/de/man1/vim.1.gz (of link group view) doesn't exist\r\nupdate-alternatives: warning: skip creation of /usr/share/man/fr/man1/view.1.gz because associated file /usr/share/man/fr/man1/vim.1.gz (of link group view) doesn't exist\r\nupdate-alternatives: warning: skip creation of /usr/share/man/it/man1/view.1.gz because associated file /usr/share/man/it/man1/vim.1.gz (of link group view) doesn't exist\r\nupdate-alternatives: warning: skip creation of /usr/share/man/ja/man1/view.1.gz because associated file /usr/share/man/ja/man1/vim.1.gz (of link group view) doesn't exist\r\nupdate-alternatives: warning: skip creation of /usr/share/man/pl/man1/view.1.gz because associated file /usr/share/man/pl/man1/vim.1.gz (of link group view) doesn't exist\r\nupdate-alternatives: warning: skip creation of /usr/share/man/ru/man1/view.1.gz because associated file /usr/share/man/ru/man1/vim.1.gz (of link group view) doesn't exist\r\nupdate-alternatives: warning: skip creation of /usr/share/man/man1/view.1.gz because associated file /usr/share/man/man1/vim.1.gz (of link group view) doesn't exist\r\nupdate-alternatives: using /usr/bin/vim.basic to provide /usr/bin/ex (ex) in auto mode\r\nupdate-alternatives: warning: skip creation of /usr/share/man/da/man1/ex.1.gz because associated file /usr/share/man/da/man1/vim.1.gz (of link group ex) doesn't exist\r\nupdate-alternatives: warning: skip creation of /usr/share/man/de/man1/ex.1.gz because associated file /usr/share/man/de/man1/vim.1.gz (of link group ex) doesn't exist\r\nupdate-alternatives: warning: skip creation of /usr/share/man/fr/man1/ex.1.gz because associated file /usr/share/man/fr/man1/vim.1.gz (of link group ex) doesn't exist\r\nupdate-alternatives: warning: skip creation of /usr/share/man/it/man1/ex.1.gz because associated file /usr/share/man/it/man1/vim.1.gz (of link group ex) doesn't exist\r\nupdate-alternatives: warning: skip creation of /usr/share/man/ja/man1/ex.1.gz because associated file /usr/share/man/ja/man1/vim.1.gz (of link group ex) doesn't exist\r\nupdate-alternatives: warning: skip creation of /usr/share/man/pl/man1/ex.1.gz because associated file /usr/share/man/pl/man1/vim.1.gz (of link group ex) doesn't exist\r\nupdate-alternatives: warning: skip creation of /usr/share/man/ru/man1/ex.1.gz because associated file /usr/share/man/ru/man1/vim.1.gz (of link group ex) doesn't exist\r\nupdate-alternatives: warning: skip creation of /usr/share/man/man1/ex.1.gz because associated file /usr/share/man/man1/vim.1.gz (of link group ex) doesn't exist\r\nupdate-alternatives: using /usr/bin/vim.basic to provide /usr/bin/editor (editor) in auto mode\r\nupdate-alternatives: warning: skip creation of /usr/share/man/da/man1/editor.1.gz because associated file /usr/share/man/da/man1/vim.1.gz (of link group editor) doesn't exist\r\nupdate-alternatives: warning: skip creation of /usr/share/man/de/man1/editor.1.gz because associated file /usr/share/man/de/man1/vim.1.gz (of link group editor) doesn't exist\r\nupdate-alternatives: warning: skip creation of /usr/share/man/fr/man1/editor.1.gz because associated file /usr/share/man/fr/man1/vim.1.gz (of link group editor) doesn't exist\r\nupdate-alternatives: warning: skip creation of /usr/share/man/it/man1/editor.1.gz because associated file /usr/share/man/it/man1/vim.1.gz (of link group editor) doesn't exist\r\nupdate-alternatives: warning: skip creation of /usr/share/man/ja/man1/editor.1.gz because associated file /usr/share/man/ja/man1/vim.1.gz (of link group editor) doesn't exist\r\nupdate-alternatives: warning: skip creation of /usr/share/man/pl/man1/editor.1.gz because associated file /usr/share/man/pl/man1/vim.1.gz (of link group editor) doesn't exist\r\nupdate-alternatives: warning: skip creation of /usr/share/man/ru/man1/editor.1.gz because associated file /usr/share/man/ru/man1/vim.1.gz (of link group editor) doesn't exist\r\nupdate-alternatives: warning: skip creation of /usr/share/man/man1/editor.1.gz because associated file /usr/share/man/man1/vim.1.gz (of link group editor) doesn't exist\r\nSetting up gpg-agent (2.2.27-3ubuntu2.1) ...\r\nSetting up libxpm4:amd64 (1:3.5.12-1build2) ...\r\nSetting up gpgsm (2.2.27-3ubuntu2.1) ...\r\nSetting up binutils (2.38-4ubuntu2.1) ...\r\nSetting up dirmngr (2.2.27-3ubuntu2.1) ...\r\nSetting up perl (5.34.0-3ubuntu1.1) ...\r\nSetting up libgd3:amd64 (2.3.0-2ubuntu2) ...\r\nSetting up libdpkg-perl (1.21.1ubuntu2.1) ...\r\nSetting up autoconf (2.71-2) ...\r\nSetting up libstdc++-11-dev:amd64 (11.3.0-1ubuntu1~22.04) ...\r\nSetting up gpg-wks-server (2.2.27-3ubuntu2.1) ...\r\nSetting up gcc-11 (11.3.0-1ubuntu1~22.04) ...\r\nSetting up libc-devtools (2.35-0ubuntu3.1) ...\r\nSetting up automake (1:1.16.5-1.3) ...\r\nupdate-alternatives: using /usr/bin/automake-1.16 to provide /usr/bin/automake (automake) in auto mode\r\nupdate-alternatives: warning: skip creation of /usr/share/man/man1/automake.1.gz because associated file /usr/share/man/man1/automake-1.16.1.gz (of link group automake) doesn't exist\r\nupdate-alternatives: warning: skip creation of /usr/share/man/man1/aclocal.1.gz because associated file /usr/share/man/man1/aclocal-1.16.1.gz (of link group automake) doesn't exist\r\nSetting up gpg-wks-client (2.2.27-3ubuntu2.1) ...\r\nSetting up libtool (2.4.6-15build2) ...\r\nSetting up g++-11 (11.3.0-1ubuntu1~22.04) ...\r\nSetting up libfile-fcntllock-perl (0.22-3build7) ...\r\nSetting up libalgorithm-diff-perl (1.201-1) ...\r\nSetting up gcc (4:11.2.0-1ubuntu1) ...\r\nSetting up dpkg-dev (1.21.1ubuntu2.1) ...\r\nSetting up libltdl-dev:amd64 (2.4.6-15build2) ...\r\nSetting up g++ (4:11.2.0-1ubuntu1) ...\r\nupdate-alternatives: using /usr/bin/g++ to provide /usr/bin/c++ (c++) in auto mode\r\nupdate-alternatives: warning: skip creation of /usr/share/man/man1/c++.1.gz because associated file /usr/share/man/man1/g++.1.gz (of link group c++) doesn't exist\r\nSetting up gnupg (2.2.27-3ubuntu2.1) ...\r\nSetting up build-essential (12.9ubuntu3) ...\r\nSetting up libalgorithm-diff-xs-perl (0.04-6build3) ...\r\nSetting up libalgorithm-merge-perl (0.08-3) ...\r\nSetting up libtool-bin (2.4.6-15build2) ...\r\nProcessing triggers for libc-bin (2.35-0ubuntu3.1) ...\r\nRemoving intermediate container 9b07ed68e52d\n ---> 7672f42b10d5\nStep 4/20 : RUN apt install -y libssl-dev zlib1g-dev libbrotli-dev\n ---> Running in c6972d826267\n\u001b[91m\nWARNING: apt does not have a stable CLI interface. Use with caution in scripts.\n\n\u001b[0mReading package lists...\nBuilding dependency tree...\nReading state information...\nSuggested packages:\n  libssl-doc\nThe following NEW packages will be installed:\n  libbrotli-dev libssl-dev zlib1g-dev\n0 upgraded, 3 newly installed, 0 to remove and 0 not upgraded.\nNeed to get 2873 kB of archives.\nAfter this operation, 13.9 MB of additional disk space will be used.\nGet:1 http://archive.ubuntu.com/ubuntu jammy/main amd64 libbrotli-dev amd64 1.0.9-2build6 [337 kB]\nGet:2 http://archive.ubuntu.com/ubuntu jammy-updates/main amd64 libssl-dev amd64 3.0.2-0ubuntu1.7 [2372 kB]\nGet:3 http://archive.ubuntu.com/ubuntu jammy-updates/main amd64 zlib1g-dev amd64 1:1.2.11.dfsg-2ubuntu9.2 [164 kB]\n\u001b[91mdebconf: delaying package configuration, since apt-utils is not installed\n\u001b[0mFetched 2873 kB in 1s (2378 kB/s)\nSelecting previously unselected package libbrotli-dev:amd64.\r\n(Reading database ... \r(Reading database ... 5%\r(Reading database ... 10%\r(Reading database ... 15%\r(Reading database ... 20%\r(Reading database ... 25%\r(Reading database ... 30%\r(Reading database ... 35%\r(Reading database ... 40%\r(Reading database ... 45%\r(Reading database ... 50%\r(Reading database ... 55%\r(Reading database ... 60%\r(Reading database ... 65%\r(Reading database ... 70%\r(Reading database ... 75%\r(Reading database ... 80%\r(Reading database ... 85%\r(Reading database ... 90%\r(Reading database ... 95%\r(Reading database ... 100%\r(Reading database ... 17757 files and directories currently installed.)\r\nPreparing to unpack .../libbrotli-dev_1.0.9-2build6_amd64.deb ...\r\nUnpacking libbrotli-dev:amd64 (1.0.9-2build6) ...\r\nSelecting previously unselected package libssl-dev:amd64.\r\nPreparing to unpack .../libssl-dev_3.0.2-0ubuntu1.7_amd64.deb ...\r\nUnpacking libssl-dev:amd64 (3.0.2-0ubuntu1.7) ...\r\nSelecting previously unselected package zlib1g-dev:amd64.\r\nPreparing to unpack .../zlib1g-dev_1%3a1.2.11.dfsg-2ubuntu9.2_amd64.deb ...\r\nUnpacking zlib1g-dev:amd64 (1:1.2.11.dfsg-2ubuntu9.2) ...\r\nSetting up libssl-dev:amd64 (3.0.2-0ubuntu1.7) ...\r\nSetting up zlib1g-dev:amd64 (1:1.2.11.dfsg-2ubuntu9.2) ...\r\nSetting up libbrotli-dev:amd64 (1.0.9-2build6) ...\r\nRemoving intermediate container c6972d826267\n ---> 85e9f3b273b9\nStep 5/20 : RUN apt install -y python3-pip\n ---> Running in 7d942578c0a0\n\u001b[91m\nWARNING: apt does not have a stable CLI interface. Use with caution in scripts.\n\n\u001b[0mReading package lists...\nBuilding dependency tree...\nReading state information...\nThe following additional packages will be installed:\n  ca-certificates javascript-common libexpat1-dev libjs-jquery libjs-sphinxdoc\n  libjs-underscore libpython3-dev libpython3-stdlib libpython3.10-dev openssl\n  python3 python3-dev python3-distutils python3-lib2to3 python3-minimal\n  python3-pkg-resources python3-setuptools python3-wheel python3.10\n  python3.10-dev python3.10-minimal\nSuggested packages:\n  apache2 | lighttpd | httpd python3-doc python3-tk python3-venv\n  python-setuptools-doc python3.10-venv python3.10-doc binfmt-support\nThe following NEW packages will be installed:\n  ca-certificates javascript-common libexpat1-dev libjs-jquery libjs-sphinxdoc\n  libjs-underscore libpython3-dev libpython3-stdlib libpython3.10-dev openssl\n  python3 python3-dev python3-distutils python3-lib2to3 python3-minimal\n  python3-pip python3-pkg-resources python3-setuptools python3-wheel\n  python3.10 python3.10-dev python3.10-minimal\n0 upgraded, 22 newly installed, 0 to remove and 0 not upgraded.\nNeed to get 12.2 MB of archives.\nAfter this operation, 44.0 MB of additional disk space will be used.\nGet:1 http://archive.ubuntu.com/ubuntu jammy-updates/main amd64 python3.10-minimal amd64 3.10.6-1~22.04.2 [2251 kB]\nGet:2 http://archive.ubuntu.com/ubuntu jammy-updates/main amd64 python3-minimal amd64 3.10.6-1~22.04 [24.3 kB]\nGet:3 http://archive.ubuntu.com/ubuntu jammy-updates/main amd64 python3.10 amd64 3.10.6-1~22.04.2 [497 kB]\nGet:4 http://archive.ubuntu.com/ubuntu jammy-updates/main amd64 libpython3-stdlib amd64 3.10.6-1~22.04 [6910 B]\nGet:5 http://archive.ubuntu.com/ubuntu jammy-updates/main amd64 python3 amd64 3.10.6-1~22.04 [22.8 kB]\nGet:6 http://archive.ubuntu.com/ubuntu jammy-updates/main amd64 openssl amd64 3.0.2-0ubuntu1.7 [1183 kB]\nGet:7 http://archive.ubuntu.com/ubuntu jammy-updates/main amd64 ca-certificates all 20211016ubuntu0.22.04.1 [144 kB]\nGet:8 http://archive.ubuntu.com/ubuntu jammy/main amd64 python3-pkg-resources all 59.6.0-1.2 [132 kB]\nGet:9 http://archive.ubuntu.com/ubuntu jammy/main amd64 javascript-common all 11+nmu1 [5936 B]\nGet:10 http://archive.ubuntu.com/ubuntu jammy-updates/main amd64 libexpat1-dev amd64 2.4.7-1ubuntu0.2 [147 kB]\nGet:11 http://archive.ubuntu.com/ubuntu jammy/main amd64 libjs-jquery all 3.6.0+dfsg+~3.5.13-1 [321 kB]\nGet:12 http://archive.ubuntu.com/ubuntu jammy/main amd64 libjs-underscore all 1.13.2~dfsg-2 [118 kB]\nGet:13 http://archive.ubuntu.com/ubuntu jammy/main amd64 libjs-sphinxdoc all 4.3.2-1 [139 kB]\nGet:14 http://archive.ubuntu.com/ubuntu jammy-updates/main amd64 libpython3.10-dev amd64 3.10.6-1~22.04.2 [4755 kB]\nGet:15 http://archive.ubuntu.com/ubuntu jammy-updates/main amd64 libpython3-dev amd64 3.10.6-1~22.04 [7166 B]\nGet:16 http://archive.ubuntu.com/ubuntu jammy-updates/main amd64 python3.10-dev amd64 3.10.6-1~22.04.2 [507 kB]\nGet:17 http://archive.ubuntu.com/ubuntu jammy-updates/main amd64 python3-lib2to3 all 3.10.6-1~22.04 [77.6 kB]\nGet:18 http://archive.ubuntu.com/ubuntu jammy-updates/main amd64 python3-distutils all 3.10.6-1~22.04 [139 kB]\nGet:19 http://archive.ubuntu.com/ubuntu jammy-updates/main amd64 python3-dev amd64 3.10.6-1~22.04 [26.0 kB]\nGet:20 http://archive.ubuntu.com/ubuntu jammy/main amd64 python3-setuptools all 59.6.0-1.2 [339 kB]\nGet:21 http://archive.ubuntu.com/ubuntu jammy/universe amd64 python3-wheel all 0.37.1-2 [31.9 kB]\nGet:22 http://archive.ubuntu.com/ubuntu jammy/universe amd64 python3-pip all 22.0.2+dfsg-1 [1306 kB]\n\u001b[91mdebconf: delaying package configuration, since apt-utils is not installed\n\u001b[0mFetched 12.2 MB in 2s (5274 kB/s)\nSelecting previously unselected package python3.10-minimal.\r\n(Reading database ... \r(Reading database ... 5%\r(Reading database ... 10%\r(Reading database ... 15%\r(Reading database ... 20%\r(Reading database ... 25%\r(Reading database ... 30%\r(Reading database ... 35%\r(Reading database ... 40%\r(Reading database ... 45%\r(Reading database ... 50%\r(Reading database ... 55%\r(Reading database ... 60%\r(Reading database ... 65%\r(Reading database ... 70%\r(Reading database ... 75%\r(Reading database ... 80%\r(Reading database ... 85%\r(Reading database ... 90%\r(Reading database ... 95%\r(Reading database ... 100%\r(Reading database ... 17951 files and directories currently installed.)\r\nPreparing to unpack .../python3.10-minimal_3.10.6-1~22.04.2_amd64.deb ...\r\nUnpacking python3.10-minimal (3.10.6-1~22.04.2) ...\r\nSetting up python3.10-minimal (3.10.6-1~22.04.2) ...\r\nSelecting previously unselected package python3-minimal.\r\n(Reading database ... \r(Reading database ... 5%\r(Reading database ... 10%\r(Reading database ... 15%\r(Reading database ... 20%\r(Reading database ... 25%\r(Reading database ... 30%\r(Reading database ... 35%\r(Reading database ... 40%\r(Reading database ... 45%\r(Reading database ... 50%\r(Reading database ... 55%\r(Reading database ... 60%\r(Reading database ... 65%\r(Reading database ... 70%\r(Reading database ... 75%\r(Reading database ... 80%\r(Reading database ... 85%\r(Reading database ... 90%\r(Reading database ... 95%\r(Reading database ... 100%\r(Reading database ... 17960 files and directories currently installed.)\r\nPreparing to unpack .../python3-minimal_3.10.6-1~22.04_amd64.deb ...\r\nUnpacking python3-minimal (3.10.6-1~22.04) ...\r\nSelecting previously unselected package python3.10.\r\nPreparing to unpack .../python3.10_3.10.6-1~22.04.2_amd64.deb ...\r\nUnpacking python3.10 (3.10.6-1~22.04.2) ...\r\nSelecting previously unselected package libpython3-stdlib:amd64.\r\nPreparing to unpack .../libpython3-stdlib_3.10.6-1~22.04_amd64.deb ...\r\nUnpacking libpython3-stdlib:amd64 (3.10.6-1~22.04) ...\r\nSetting up python3-minimal (3.10.6-1~22.04) ...\r\nSelecting previously unselected package python3.\r\n(Reading database ... \r(Reading database ... 5%\r(Reading database ... 10%\r(Reading database ... 15%\r(Reading database ... 20%\r(Reading database ... 25%\r(Reading database ... 30%\r(Reading database ... 35%\r(Reading database ... 40%\r(Reading database ... 45%\r(Reading database ... 50%\r(Reading database ... 55%\r(Reading database ... 60%\r(Reading database ... 65%\r(Reading database ... 70%\r(Reading database ... 75%\r(Reading database ... 80%\r(Reading database ... 85%\r(Reading database ... 90%\r(Reading database ... 95%\r(Reading database ... 100%\r(Reading database ... 18005 files and directories currently installed.)\r\nPreparing to unpack .../00-python3_3.10.6-1~22.04_amd64.deb ...\r\nUnpacking python3 (3.10.6-1~22.04) ...\r\nSelecting previously unselected package openssl.\r\nPreparing to unpack .../01-openssl_3.0.2-0ubuntu1.7_amd64.deb ...\r\nUnpacking openssl (3.0.2-0ubuntu1.7) ...\r\nSelecting previously unselected package ca-certificates.\r\nPreparing to unpack .../02-ca-certificates_20211016ubuntu0.22.04.1_all.deb ...\r\nUnpacking ca-certificates (20211016ubuntu0.22.04.1) ...\r\nSelecting previously unselected package python3-pkg-resources.\r\nPreparing to unpack .../03-python3-pkg-resources_59.6.0-1.2_all.deb ...\r\nUnpacking python3-pkg-resources (59.6.0-1.2) ...\r\nSelecting previously unselected package javascript-common.\r\nPreparing to unpack .../04-javascript-common_11+nmu1_all.deb ...\r\nUnpacking javascript-common (11+nmu1) ...\r\nSelecting previously unselected package libexpat1-dev:amd64.\r\nPreparing to unpack .../05-libexpat1-dev_2.4.7-1ubuntu0.2_amd64.deb ...\r\nUnpacking libexpat1-dev:amd64 (2.4.7-1ubuntu0.2) ...\r\nSelecting previously unselected package libjs-jquery.\r\nPreparing to unpack .../06-libjs-jquery_3.6.0+dfsg+~3.5.13-1_all.deb ...\r\nUnpacking libjs-jquery (3.6.0+dfsg+~3.5.13-1) ...\r\nSelecting previously unselected package libjs-underscore.\r\nPreparing to unpack .../07-libjs-underscore_1.13.2~dfsg-2_all.deb ...\r\nUnpacking libjs-underscore (1.13.2~dfsg-2) ...\r\nSelecting previously unselected package libjs-sphinxdoc.\r\nPreparing to unpack .../08-libjs-sphinxdoc_4.3.2-1_all.deb ...\r\nUnpacking libjs-sphinxdoc (4.3.2-1) ...\r\nSelecting previously unselected package libpython3.10-dev:amd64.\r\nPreparing to unpack .../09-libpython3.10-dev_3.10.6-1~22.04.2_amd64.deb ...\r\nUnpacking libpython3.10-dev:amd64 (3.10.6-1~22.04.2) ...\r\nSelecting previously unselected package libpython3-dev:amd64.\r\nPreparing to unpack .../10-libpython3-dev_3.10.6-1~22.04_amd64.deb ...\r\nUnpacking libpython3-dev:amd64 (3.10.6-1~22.04) ...\r\nSelecting previously unselected package python3.10-dev.\r\nPreparing to unpack .../11-python3.10-dev_3.10.6-1~22.04.2_amd64.deb ...\r\nUnpacking python3.10-dev (3.10.6-1~22.04.2) ...\r\nSelecting previously unselected package python3-lib2to3.\r\nPreparing to unpack .../12-python3-lib2to3_3.10.6-1~22.04_all.deb ...\r\nUnpacking python3-lib2to3 (3.10.6-1~22.04) ...\r\nSelecting previously unselected package python3-distutils.\r\nPreparing to unpack .../13-python3-distutils_3.10.6-1~22.04_all.deb ...\r\nUnpacking python3-distutils (3.10.6-1~22.04) ...\r\nSelecting previously unselected package python3-dev.\r\nPreparing to unpack .../14-python3-dev_3.10.6-1~22.04_amd64.deb ...\r\nUnpacking python3-dev (3.10.6-1~22.04) ...\r\nSelecting previously unselected package python3-setuptools.\r\nPreparing to unpack .../15-python3-setuptools_59.6.0-1.2_all.deb ...\r\nUnpacking python3-setuptools (59.6.0-1.2) ...\r\nSelecting previously unselected package python3-wheel.\r\nPreparing to unpack .../16-python3-wheel_0.37.1-2_all.deb ...\r\nUnpacking python3-wheel (0.37.1-2) ...\r\nSelecting previously unselected package python3-pip.\r\nPreparing to unpack .../17-python3-pip_22.0.2+dfsg-1_all.deb ...\r\nUnpacking python3-pip (22.0.2+dfsg-1) ...\r\nSetting up javascript-common (11+nmu1) ...\r\nSetting up python3.10 (3.10.6-1~22.04.2) ...\r\nSetting up libexpat1-dev:amd64 (2.4.7-1ubuntu0.2) ...\r\nSetting up libpython3.10-dev:amd64 (3.10.6-1~22.04.2) ...\r\nSetting up python3.10-dev (3.10.6-1~22.04.2) ...\r\nSetting up libjs-jquery (3.6.0+dfsg+~3.5.13-1) ...\r\nSetting up openssl (3.0.2-0ubuntu1.7) ...\r\nSetting up libpython3-stdlib:amd64 (3.10.6-1~22.04) ...\r\nSetting up libjs-underscore (1.13.2~dfsg-2) ...\r\nSetting up libpython3-dev:amd64 (3.10.6-1~22.04) ...\r\nSetting up python3 (3.10.6-1~22.04) ...\r\nrunning python rtupdate hooks for python3.10...\r\nrunning python post-rtupdate hooks for python3.10...\r\nSetting up ca-certificates (20211016ubuntu0.22.04.1) ...\r\ndebconf: unable to initialize frontend: Dialog\r\ndebconf: (TERM is not set, so the dialog frontend is not usable.)\r\ndebconf: falling back to frontend: Readline\r\nUpdating certificates in /etc/ssl/certs...\r\n124 added, 0 removed; done.\r\nSetting up libjs-sphinxdoc (4.3.2-1) ...\r\nSetting up python3-lib2to3 (3.10.6-1~22.04) ...\r\nSetting up python3-pkg-resources (59.6.0-1.2) ...\r\nSetting up python3-distutils (3.10.6-1~22.04) ...\r\nSetting up python3-setuptools (59.6.0-1.2) ...\r\nSetting up python3-wheel (0.37.1-2) ...\r\nSetting up python3-dev (3.10.6-1~22.04) ...\r\nSetting up python3-pip (22.0.2+dfsg-1) ...\r\nProcessing triggers for ca-certificates (20211016ubuntu0.22.04.1) ...\r\nUpdating certificates in /etc/ssl/certs...\r\n0 added, 0 removed; done.\r\nRunning hooks in /etc/ca-certificates/update.d...\r\ndone.\r\nRemoving intermediate container 7d942578c0a0\n ---> 59c0e4caf0a0\nStep 6/20 : WORKDIR /fly\n ---> Running in 72a3294698b6\nRemoving intermediate container 72a3294698b6\n ---> 0417adf50c97\nStep 7/20 : RUN python3 -m pip install --upgrade pip\n ---> Running in 3560f476dd5f\nRequirement already satisfied: pip in /usr/lib/python3/dist-packages (22.0.2)\nCollecting pip\n  Downloading pip-22.3.1-py3-none-any.whl (2.1 MB)\n      2.1/2.1 MB 34.5 MB/s eta 0:00:00\nInstalling collected packages: pip\n  Attempting uninstall: pip\n    Found existing installation: pip 22.0.2\n    Not uninstalling pip at /usr/lib/python3/dist-packages, outside environment /usr\n    Can't uninstall 'pip'. No files were found to uninstall.\nSuccessfully installed pip-22.3.1\n\u001b[91mWARNING: Running pip as the 'root' user can result in broken permissions and conflicting behaviour with the system package manager. It is recommended to use a virtual environment instead: https://pip.pypa.io/warnings/venv\n\u001b[0mRemoving intermediate container 3560f476dd5f\n ---> ca90fcf429e8\nStep 8/20 : COPY . .\n ---> 0b252b51d666\nStep 9/20 : RUN pwd\n ---> Running in e0577229b8c5\n/fly\nRemoving intermediate container e0577229b8c5\n ---> c196824725e3\nStep 10/20 : RUN ls -l\n ---> Running in b9f2e318bda0\ntotal 1132\n-rw-rw-r-- 1 root root   3308 Dec 31 23:55 CHANGELOG.md\n-rw-rw-r-- 1 root root    917 Dec 31 23:55 Dockerfile\n-rw-rw-r-- 1 root root   1066 Dec 31 23:55 LICENSE\n-rw-rw-r-- 1 root root    546 Dec 31 23:55 MANIFEST.in\n-rw-rw-r-- 1 root root     39 Dec 31 23:55 Makefile.am\n-rw-rw-r-- 1 root root  26060 Dec 31 23:55 Makefile.in\n-rw-rw-r-- 1 root root   3936 Dec 31 23:55 README.md\n-rw-rw-r-- 1 root root     80 Dec 31 23:55 TODO\n-rw-rw-r-- 1 root root      1 Dec 31 23:55 TestKeyPair.pem\n-rw-rw-r-- 1 root root      6 Dec 31 23:55 VERSION\n-rw-rw-r-- 1 root root   4527 Dec 31 23:55 _makefile\ndrwxrwxr-x 4 root root   4096 Dec 31 23:55 bench\n-rwxrwxr-x 1 root root   7400 Dec 31 23:55 compile\n-rwxrwxr-x 1 root root  49348 Dec 31 23:55 config.guess\n-rw-rw-r-- 1 root root  11115 Dec 31 23:55 config.h.in\n-rwxrwxr-x 1 root root  35276 Dec 31 23:55 config.sub\n-rwxrwxr-x 1 root root 552805 Dec 31 23:55 configure\n-rw-rw-r-- 1 root root  16716 Dec 31 23:55 configure.ac\ndrwxrwxr-x 2 root root   4096 Dec 31 23:55 fly\n-rw-rw-r-- 1 root root   1813 Dec 31 23:55 fly.conf\n-rwxrwxr-x 1 root root  15358 Dec 31 23:55 install-sh\n-rw-rw-r-- 1 root root 331236 Dec 31 23:55 ltmain.sh\ndrwxrwxr-x 2 root root   4096 Dec 31 23:55 m4\n-rwxrwxr-x 1 root root   6878 Dec 31 23:55 missing\n-rw-rw-r-- 1 root root    126 Dec 31 23:55 requirements.txt\n-rw-rw-r-- 1 root root    896 Dec 31 23:55 setup.cfg\n-rw-rw-r-- 1 root root   4624 Dec 31 23:55 setup.py\ndrwxrwxr-x 2 root root   4096 Dec 31 23:55 src\ndrwxrwxr-x 2 root root   4096 Dec 31 23:55 static\ndrwxrwxr-x 4 root root   4096 Dec 31 23:55 tests\nRemoving intermediate container b9f2e318bda0\n ---> 6fb1ea8cc1f3\nStep 11/20 : RUN python3 -m pip install -r requirements.txt\n ---> Running in c2caa0f546bc\nCollecting pytest>=6\n  Downloading pytest-7.2.0-py3-none-any.whl (316 kB)\n      316.8/316.8 kB 11.1 MB/s eta 0:00:00\nCollecting pytest-cov>=3.0.0\n  Downloading pytest_cov-4.0.0-py3-none-any.whl (21 kB)\nCollecting httpx\n  Downloading httpx-0.23.1-py3-none-any.whl (84 kB)\n      85.0/85.0 kB 6.1 MB/s eta 0:00:00\nCollecting click>=7.1.0\n  Downloading click-8.1.3-py3-none-any.whl (96 kB)\n      96.6/96.6 kB 5.4 MB/s eta 0:00:00\nCollecting jinja2>=3.0.0\n  Downloading Jinja2-3.1.2-py3-none-any.whl (133 kB)\n      133.1/133.1 kB 10.4 MB/s eta 0:00:00\nCollecting pytest-asyncio==0.16.0\n  Downloading pytest_asyncio-0.16.0-py3-none-any.whl (12 kB)\nCollecting flaky==3.7.0\n  Downloading flaky-3.7.0-py2.py3-none-any.whl (22 kB)\nCollecting pydantic==1.8.2\n  Downloading pydantic-1.8.2-py3-none-any.whl (126 kB)\n      126.0/126.0 kB 13.4 MB/s eta 0:00:00\nCollecting typing-extensions>=3.7.4.3\n  Downloading typing_extensions-4.4.0-py3-none-any.whl (26 kB)\nCollecting tomli>=1.0.0\n  Downloading tomli-2.0.1-py3-none-any.whl (12 kB)\nCollecting packaging\n  Downloading packaging-22.0-py3-none-any.whl (42 kB)\n      42.6/42.6 kB 2.0 MB/s eta 0:00:00\nCollecting iniconfig\n  Downloading iniconfig-1.1.1-py2.py3-none-any.whl (5.0 kB)\nCollecting attrs>=19.2.0\n  Downloading attrs-22.2.0-py3-none-any.whl (60 kB)\n      60.0/60.0 kB 3.6 MB/s eta 0:00:00\nCollecting pluggy<2.0,>=0.12\n  Downloading pluggy-1.0.0-py2.py3-none-any.whl (13 kB)\nCollecting exceptiongroup>=1.0.0rc8\n  Downloading exceptiongroup-1.1.0-py3-none-any.whl (14 kB)\nCollecting coverage[toml]>=5.2.1\n  Downloading coverage-7.0.1-cp310-cp310-manylinux_2_5_x86_64.manylinux1_x86_64.manylinux_2_17_x86_64.manylinux2014_x86_64.whl (216 kB)\n      216.0/216.0 kB 1.8 MB/s eta 0:00:00\nCollecting certifi\n  Downloading certifi-2022.12.7-py3-none-any.whl (155 kB)\n      155.3/155.3 kB 10.9 MB/s eta 0:00:00\nCollecting httpcore<0.17.0,>=0.15.0\n  Downloading httpcore-0.16.3-py3-none-any.whl (69 kB)\n      69.6/69.6 kB 4.8 MB/s eta 0:00:00\nCollecting rfc3986[idna2008]<2,>=1.3\n  Downloading rfc3986-1.5.0-py2.py3-none-any.whl (31 kB)\nCollecting sniffio\n  Downloading sniffio-1.3.0-py3-none-any.whl (10 kB)\nCollecting h2<5,>=3\n  Downloading h2-4.1.0-py3-none-any.whl (57 kB)\n      57.5/57.5 kB 5.4 MB/s eta 0:00:00\nCollecting MarkupSafe>=2.0\n  Downloading MarkupSafe-2.1.1-cp310-cp310-manylinux_2_17_x86_64.manylinux2014_x86_64.whl (25 kB)\nCollecting hpack<5,>=4.0\n  Downloading hpack-4.0.0-py3-none-any.whl (32 kB)\nCollecting hyperframe<7,>=6.0\n  Downloading hyperframe-6.0.1-py3-none-any.whl (12 kB)\nCollecting h11<0.15,>=0.13\n  Downloading h11-0.14.0-py3-none-any.whl (58 kB)\n      58.3/58.3 kB 5.2 MB/s eta 0:00:00\nCollecting anyio<5.0,>=3.0\n  Downloading anyio-3.6.2-py3-none-any.whl (80 kB)\n      80.6/80.6 kB 4.6 MB/s eta 0:00:00\nCollecting idna\n  Downloading idna-3.4-py3-none-any.whl (61 kB)\n      61.5/61.5 kB 5.1 MB/s eta 0:00:00\nInstalling collected packages: rfc3986, iniconfig, typing-extensions, tomli, sniffio, pluggy, packaging, MarkupSafe, idna, hyperframe, hpack, h11, flaky, exceptiongroup, coverage, click, certifi, attrs, pytest, pydantic, jinja2, h2, anyio, pytest-cov, pytest-asyncio, httpcore, httpx\nSuccessfully installed MarkupSafe-2.1.1 anyio-3.6.2 attrs-22.2.0 certifi-2022.12.7 click-8.1.3 coverage-7.0.1 exceptiongroup-1.1.0 flaky-3.7.0 h11-0.14.0 h2-4.1.0 hpack-4.0.0 httpcore-0.16.3 httpx-0.23.1 hyperframe-6.0.1 idna-3.4 iniconfig-1.1.1 jinja2-3.1.2 packaging-22.0 pluggy-1.0.0 pydantic-1.8.2 pytest-7.2.0 pytest-asyncio-0.16.0 pytest-cov-4.0.0 rfc3986-1.5.0 sniffio-1.3.0 tomli-2.0.1 typing-extensions-4.4.0\n\u001b[91mWARNING: Running pip as the 'root' user can result in broken permissions and conflicting behaviour with the system package manager. It is recommended to use a virtual environment instead: https://pip.pypa.io/warnings/venv\n\u001b[0mRemoving intermediate container c2caa0f546bc\n ---> 8464777f4a56\nStep 12/20 : RUN autoreconf\n ---> Running in 8200fc8f4ffb\n\u001b[91msrc/Makefile.am: error: required file './depcomp' not found\nsrc/Makefile.am:   'automake --add-missing' can install 'depcomp'\n\u001b[0m\u001b[91mautoreconf: error: automake failed with exit status: 1\n\u001b[0mRemoving intermediate container 8200fc8f4ffb\n","stderr":"The command '/bin/sh -c autoreconf' returned a non-zero code: 1\n"},"endTime":1672531230578}