{"repository":"https://github.com/dribdat/dribdat","dockerfilePath":"Dockerfile","startTime":1672843608166,"endTime":1672844262854,"clone":{"startTime":1672843608167,"stdout":"","stderr":"Cloning into '/tmp/dinghy-analysis/dribdat/dribdat'...\n","error":null,"endTime":1672843609317,"commit":"63cdadf13fd3e2bb1dc8778dcc7c3d6a7f16171a"},"originalBuild":{"startTime":1672843609540,"endTime":1672844012300,"error":null,"stdout":"Sending build context to Docker daemon  2.898MB\r\r\nStep 1/15 : FROM python:3.9-slim\n3.9-slim: Pulling from library/python\nDigest: sha256:9e0b4391fc41bc35c16caef4740736b6b349f6626fd14eba32793ae3c7b01908\nStatus: Downloaded newer image for python:3.9-slim\n ---> e2f464551004\nStep 2/15 : RUN apt-get update && apt-get install gcc -y && apt-get clean\n ---> Running in 3362e8681be9\nGet:1 http://deb.debian.org/debian bullseye InRelease [116 kB]\nGet:2 http://deb.debian.org/debian-security bullseye-security InRelease [48.4 kB]\nGet:3 http://deb.debian.org/debian bullseye-updates InRelease [44.1 kB]\nGet:4 http://deb.debian.org/debian bullseye/main amd64 Packages [8183 kB]\nGet:5 http://deb.debian.org/debian-security bullseye-security/main amd64 Packages [210 kB]\nGet:6 http://deb.debian.org/debian bullseye-updates/main amd64 Packages [14.6 kB]\nFetched 8616 kB in 4s (2311 kB/s)\nReading package lists...\nReading package lists...\nBuilding dependency tree...\nReading state information...\nThe following additional packages will be installed:\n  binutils binutils-common binutils-x86-64-linux-gnu cpp cpp-10\n  fontconfig-config fonts-dejavu-core gcc-10 libasan6 libatomic1 libbinutils\n  libbrotli1 libbsd0 libc-dev-bin libc-devtools libc6-dev libcc1-0\n  libcrypt-dev libctf-nobfd0 libctf0 libdeflate0 libfontconfig1 libfreetype6\n  libgcc-10-dev libgd3 libgomp1 libisl23 libitm1 libjbig0 libjpeg62-turbo\n  liblsan0 libmd0 libmpc3 libmpfr6 libnsl-dev libpng16-16 libquadmath0\n  libtiff5 libtirpc-dev libtsan0 libubsan1 libwebp6 libx11-6 libx11-data\n  libxau6 libxcb1 libxdmcp6 libxpm4 linux-libc-dev manpages manpages-dev\n  sensible-utils ucf\nSuggested packages:\n  binutils-doc cpp-doc gcc-10-locales gcc-multilib make autoconf automake\n  libtool flex bison gdb gcc-doc gcc-10-multilib gcc-10-doc glibc-doc\n  libgd-tools man-browser\nThe following NEW packages will be installed:\n  binutils binutils-common binutils-x86-64-linux-gnu cpp cpp-10\n  fontconfig-config fonts-dejavu-core gcc gcc-10 libasan6 libatomic1\n  libbinutils libbrotli1 libbsd0 libc-dev-bin libc-devtools libc6-dev libcc1-0\n  libcrypt-dev libctf-nobfd0 libctf0 libdeflate0 libfontconfig1 libfreetype6\n  libgcc-10-dev libgd3 libgomp1 libisl23 libitm1 libjbig0 libjpeg62-turbo\n  liblsan0 libmd0 libmpc3 libmpfr6 libnsl-dev libpng16-16 libquadmath0\n  libtiff5 libtirpc-dev libtsan0 libubsan1 libwebp6 libx11-6 libx11-data\n  libxau6 libxcb1 libxdmcp6 libxpm4 linux-libc-dev manpages manpages-dev\n  sensible-utils ucf\n0 upgraded, 54 newly installed, 0 to remove and 0 not upgraded.\nNeed to get 55.1 MB of archives.\nAfter this operation, 193 MB of additional disk space will be used.\nGet:1 http://deb.debian.org/debian bullseye/main amd64 sensible-utils all 0.0.14 [14.8 kB]\nGet:2 http://deb.debian.org/debian bullseye/main amd64 manpages all 5.10-1 [1412 kB]\nGet:3 http://deb.debian.org/debian bullseye/main amd64 ucf all 3.0043 [74.0 kB]\nGet:4 http://deb.debian.org/debian bullseye/main amd64 binutils-common amd64 2.35.2-2 [2220 kB]\nGet:5 http://deb.debian.org/debian bullseye/main amd64 libbinutils amd64 2.35.2-2 [570 kB]\nGet:6 http://deb.debian.org/debian bullseye/main amd64 libctf-nobfd0 amd64 2.35.2-2 [110 kB]\nGet:7 http://deb.debian.org/debian bullseye/main amd64 libctf0 amd64 2.35.2-2 [53.2 kB]\nGet:8 http://deb.debian.org/debian bullseye/main amd64 binutils-x86-64-linux-gnu amd64 2.35.2-2 [1809 kB]\nGet:9 http://deb.debian.org/debian bullseye/main amd64 binutils amd64 2.35.2-2 [61.2 kB]\nGet:10 http://deb.debian.org/debian bullseye/main amd64 libisl23 amd64 0.23-1 [676 kB]\nGet:11 http://deb.debian.org/debian bullseye/main amd64 libmpfr6 amd64 4.1.0-3 [2012 kB]\nGet:12 http://deb.debian.org/debian bullseye/main amd64 libmpc3 amd64 1.2.0-1 [45.0 kB]\nGet:13 http://deb.debian.org/debian bullseye/main amd64 cpp-10 amd64 10.2.1-6 [8528 kB]\nGet:14 http://deb.debian.org/debian bullseye/main amd64 cpp amd64 4:10.2.1-1 [19.7 kB]\nGet:15 http://deb.debian.org/debian bullseye/main amd64 fonts-dejavu-core all 2.37-2 [1069 kB]\nGet:16 http://deb.debian.org/debian bullseye/main amd64 fontconfig-config all 2.13.1-4.2 [281 kB]\nGet:17 http://deb.debian.org/debian bullseye/main amd64 libcc1-0 amd64 10.2.1-6 [47.0 kB]\nGet:18 http://deb.debian.org/debian bullseye/main amd64 libgomp1 amd64 10.2.1-6 [99.9 kB]\nGet:19 http://deb.debian.org/debian bullseye/main amd64 libitm1 amd64 10.2.1-6 [25.8 kB]\nGet:20 http://deb.debian.org/debian bullseye/main amd64 libatomic1 amd64 10.2.1-6 [9008 B]\nGet:21 http://deb.debian.org/debian bullseye/main amd64 libasan6 amd64 10.2.1-6 [2065 kB]\nGet:22 http://deb.debian.org/debian bullseye/main amd64 liblsan0 amd64 10.2.1-6 [828 kB]\nGet:23 http://deb.debian.org/debian bullseye/main amd64 libtsan0 amd64 10.2.1-6 [2000 kB]\nGet:24 http://deb.debian.org/debian bullseye/main amd64 libubsan1 amd64 10.2.1-6 [777 kB]\nGet:25 http://deb.debian.org/debian bullseye/main amd64 libquadmath0 amd64 10.2.1-6 [145 kB]\nGet:26 http://deb.debian.org/debian bullseye/main amd64 libgcc-10-dev amd64 10.2.1-6 [2328 kB]\nGet:27 http://deb.debian.org/debian bullseye/main amd64 gcc-10 amd64 10.2.1-6 [17.0 MB]\nGet:28 http://deb.debian.org/debian bullseye/main amd64 gcc amd64 4:10.2.1-1 [5192 B]\nGet:29 http://deb.debian.org/debian bullseye/main amd64 libbrotli1 amd64 1.0.9-2+b2 [279 kB]\nGet:30 http://deb.debian.org/debian bullseye/main amd64 libmd0 amd64 1.0.3-3 [28.0 kB]\nGet:31 http://deb.debian.org/debian bullseye/main amd64 libbsd0 amd64 0.11.3-1 [108 kB]\nGet:32 http://deb.debian.org/debian bullseye/main amd64 libc-dev-bin amd64 2.31-13+deb11u5 [276 kB]\nGet:33 http://deb.debian.org/debian bullseye/main amd64 libpng16-16 amd64 1.6.37-3 [294 kB]\nGet:34 http://deb.debian.org/debian bullseye/main amd64 libfreetype6 amd64 2.10.4+dfsg-1+deb11u1 [418 kB]\nGet:35 http://deb.debian.org/debian bullseye/main amd64 libfontconfig1 amd64 2.13.1-4.2 [347 kB]\nGet:36 http://deb.debian.org/debian bullseye/main amd64 libjpeg62-turbo amd64 1:2.0.6-4 [151 kB]\nGet:37 http://deb.debian.org/debian bullseye/main amd64 libdeflate0 amd64 1.7-1 [53.1 kB]\nGet:38 http://deb.debian.org/debian bullseye/main amd64 libjbig0 amd64 2.1-3.1+b2 [31.0 kB]\nGet:39 http://deb.debian.org/debian bullseye/main amd64 libwebp6 amd64 0.6.1-2.1 [258 kB]\nGet:40 http://deb.debian.org/debian bullseye/main amd64 libtiff5 amd64 4.2.0-1+deb11u1 [289 kB]\nGet:41 http://deb.debian.org/debian bullseye/main amd64 libxau6 amd64 1:1.0.9-1 [19.7 kB]\nGet:42 http://deb.debian.org/debian bullseye/main amd64 libxdmcp6 amd64 1:1.1.2-3 [26.3 kB]\nGet:43 http://deb.debian.org/debian bullseye/main amd64 libxcb1 amd64 1.14-3 [140 kB]\nGet:44 http://deb.debian.org/debian bullseye/main amd64 libx11-data all 2:1.7.2-1 [311 kB]\nGet:45 http://deb.debian.org/debian bullseye/main amd64 libx11-6 amd64 2:1.7.2-1 [772 kB]\nGet:46 http://deb.debian.org/debian bullseye/main amd64 libxpm4 amd64 1:3.5.12-1 [49.1 kB]\nGet:47 http://deb.debian.org/debian bullseye/main amd64 libgd3 amd64 2.3.0-2 [137 kB]\nGet:48 http://deb.debian.org/debian bullseye/main amd64 libc-devtools amd64 2.31-13+deb11u5 [246 kB]\nGet:49 http://deb.debian.org/debian bullseye/main amd64 linux-libc-dev amd64 5.10.158-2 [1571 kB]\nGet:50 http://deb.debian.org/debian bullseye/main amd64 libcrypt-dev amd64 1:4.4.18-4 [104 kB]\nGet:51 http://deb.debian.org/debian bullseye/main amd64 libtirpc-dev amd64 1.3.1-1+deb11u1 [191 kB]\nGet:52 http://deb.debian.org/debian bullseye/main amd64 libnsl-dev amd64 1.3.0-2 [66.4 kB]\nGet:53 http://deb.debian.org/debian bullseye/main amd64 libc6-dev amd64 2.31-13+deb11u5 [2359 kB]\nGet:54 http://deb.debian.org/debian bullseye/main amd64 manpages-dev all 5.10-1 [2309 kB]\n\u001b[91mdebconf: delaying package configuration, since apt-utils is not installed\n\u001b[0mFetched 55.1 MB in 2s (25.5 MB/s)\nSelecting previously unselected package sensible-utils.\r\n(Reading database ... \r(Reading database ... 5%\r(Reading database ... 10%\r(Reading database ... 15%\r(Reading database ... 20%\r(Reading database ... 25%\r(Reading database ... 30%\r(Reading database ... 35%\r(Reading database ... 40%\r(Reading database ... 45%\r(Reading database ... 50%\r(Reading database ... 55%\r(Reading database ... 60%\r(Reading database ... 65%\r(Reading database ... 70%\r(Reading database ... 75%\r(Reading database ... 80%\r(Reading database ... 85%\r(Reading database ... 90%\r(Reading database ... 95%\r(Reading database ... 100%\r(Reading database ... 7031 files and directories currently installed.)\r\nPreparing to unpack .../00-sensible-utils_0.0.14_all.deb ...\r\nUnpacking sensible-utils (0.0.14) ...\r\nSelecting previously unselected package manpages.\r\nPreparing to unpack .../01-manpages_5.10-1_all.deb ...\r\nUnpacking manpages (5.10-1) ...\r\nSelecting previously unselected package ucf.\r\nPreparing to unpack .../02-ucf_3.0043_all.deb ...\r\nMoving old data out of the way\r\nUnpacking ucf (3.0043) ...\r\nSelecting previously unselected package binutils-common:amd64.\r\nPreparing to unpack .../03-binutils-common_2.35.2-2_amd64.deb ...\r\nUnpacking binutils-common:amd64 (2.35.2-2) ...\r\nSelecting previously unselected package libbinutils:amd64.\r\nPreparing to unpack .../04-libbinutils_2.35.2-2_amd64.deb ...\r\nUnpacking libbinutils:amd64 (2.35.2-2) ...\r\nSelecting previously unselected package libctf-nobfd0:amd64.\r\nPreparing to unpack .../05-libctf-nobfd0_2.35.2-2_amd64.deb ...\r\nUnpacking libctf-nobfd0:amd64 (2.35.2-2) ...\r\nSelecting previously unselected package libctf0:amd64.\r\nPreparing to unpack .../06-libctf0_2.35.2-2_amd64.deb ...\r\nUnpacking libctf0:amd64 (2.35.2-2) ...\r\nSelecting previously unselected package binutils-x86-64-linux-gnu.\r\nPreparing to unpack .../07-binutils-x86-64-linux-gnu_2.35.2-2_amd64.deb ...\r\nUnpacking binutils-x86-64-linux-gnu (2.35.2-2) ...\r\nSelecting previously unselected package binutils.\r\nPreparing to unpack .../08-binutils_2.35.2-2_amd64.deb ...\r\nUnpacking binutils (2.35.2-2) ...\r\nSelecting previously unselected package libisl23:amd64.\r\nPreparing to unpack .../09-libisl23_0.23-1_amd64.deb ...\r\nUnpacking libisl23:amd64 (0.23-1) ...\r\nSelecting previously unselected package libmpfr6:amd64.\r\nPreparing to unpack .../10-libmpfr6_4.1.0-3_amd64.deb ...\r\nUnpacking libmpfr6:amd64 (4.1.0-3) ...\r\nSelecting previously unselected package libmpc3:amd64.\r\nPreparing to unpack .../11-libmpc3_1.2.0-1_amd64.deb ...\r\nUnpacking libmpc3:amd64 (1.2.0-1) ...\r\nSelecting previously unselected package cpp-10.\r\nPreparing to unpack .../12-cpp-10_10.2.1-6_amd64.deb ...\r\nUnpacking cpp-10 (10.2.1-6) ...\r\nSelecting previously unselected package cpp.\r\nPreparing to unpack .../13-cpp_4%3a10.2.1-1_amd64.deb ...\r\nUnpacking cpp (4:10.2.1-1) ...\r\nSelecting previously unselected package fonts-dejavu-core.\r\nPreparing to unpack .../14-fonts-dejavu-core_2.37-2_all.deb ...\r\nUnpacking fonts-dejavu-core (2.37-2) ...\r\nSelecting previously unselected package fontconfig-config.\r\nPreparing to unpack .../15-fontconfig-config_2.13.1-4.2_all.deb ...\r\nUnpacking fontconfig-config (2.13.1-4.2) ...\r\nSelecting previously unselected package libcc1-0:amd64.\r\nPreparing to unpack .../16-libcc1-0_10.2.1-6_amd64.deb ...\r\nUnpacking libcc1-0:amd64 (10.2.1-6) ...\r\nSelecting previously unselected package libgomp1:amd64.\r\nPreparing to unpack .../17-libgomp1_10.2.1-6_amd64.deb ...\r\nUnpacking libgomp1:amd64 (10.2.1-6) ...\r\nSelecting previously unselected package libitm1:amd64.\r\nPreparing to unpack .../18-libitm1_10.2.1-6_amd64.deb ...\r\nUnpacking libitm1:amd64 (10.2.1-6) ...\r\nSelecting previously unselected package libatomic1:amd64.\r\nPreparing to unpack .../19-libatomic1_10.2.1-6_amd64.deb ...\r\nUnpacking libatomic1:amd64 (10.2.1-6) ...\r\nSelecting previously unselected package libasan6:amd64.\r\nPreparing to unpack .../20-libasan6_10.2.1-6_amd64.deb ...\r\nUnpacking libasan6:amd64 (10.2.1-6) ...\r\nSelecting previously unselected package liblsan0:amd64.\r\nPreparing to unpack .../21-liblsan0_10.2.1-6_amd64.deb ...\r\nUnpacking liblsan0:amd64 (10.2.1-6) ...\r\nSelecting previously unselected package libtsan0:amd64.\r\nPreparing to unpack .../22-libtsan0_10.2.1-6_amd64.deb ...\r\nUnpacking libtsan0:amd64 (10.2.1-6) ...\r\nSelecting previously unselected package libubsan1:amd64.\r\nPreparing to unpack .../23-libubsan1_10.2.1-6_amd64.deb ...\r\nUnpacking libubsan1:amd64 (10.2.1-6) ...\r\nSelecting previously unselected package libquadmath0:amd64.\r\nPreparing to unpack .../24-libquadmath0_10.2.1-6_amd64.deb ...\r\nUnpacking libquadmath0:amd64 (10.2.1-6) ...\r\nSelecting previously unselected package libgcc-10-dev:amd64.\r\nPreparing to unpack .../25-libgcc-10-dev_10.2.1-6_amd64.deb ...\r\nUnpacking libgcc-10-dev:amd64 (10.2.1-6) ...\r\nSelecting previously unselected package gcc-10.\r\nPreparing to unpack .../26-gcc-10_10.2.1-6_amd64.deb ...\r\nUnpacking gcc-10 (10.2.1-6) ...\r\nSelecting previously unselected package gcc.\r\nPreparing to unpack .../27-gcc_4%3a10.2.1-1_amd64.deb ...\r\nUnpacking gcc (4:10.2.1-1) ...\r\nSelecting previously unselected package libbrotli1:amd64.\r\nPreparing to unpack .../28-libbrotli1_1.0.9-2+b2_amd64.deb ...\r\nUnpacking libbrotli1:amd64 (1.0.9-2+b2) ...\r\nSelecting previously unselected package libmd0:amd64.\r\nPreparing to unpack .../29-libmd0_1.0.3-3_amd64.deb ...\r\nUnpacking libmd0:amd64 (1.0.3-3) ...\r\nSelecting previously unselected package libbsd0:amd64.\r\nPreparing to unpack .../30-libbsd0_0.11.3-1_amd64.deb ...\r\nUnpacking libbsd0:amd64 (0.11.3-1) ...\r\nSelecting previously unselected package libc-dev-bin.\r\nPreparing to unpack .../31-libc-dev-bin_2.31-13+deb11u5_amd64.deb ...\r\nUnpacking libc-dev-bin (2.31-13+deb11u5) ...\r\nSelecting previously unselected package libpng16-16:amd64.\r\nPreparing to unpack .../32-libpng16-16_1.6.37-3_amd64.deb ...\r\nUnpacking libpng16-16:amd64 (1.6.37-3) ...\r\nSelecting previously unselected package libfreetype6:amd64.\r\nPreparing to unpack .../33-libfreetype6_2.10.4+dfsg-1+deb11u1_amd64.deb ...\r\nUnpacking libfreetype6:amd64 (2.10.4+dfsg-1+deb11u1) ...\r\nSelecting previously unselected package libfontconfig1:amd64.\r\nPreparing to unpack .../34-libfontconfig1_2.13.1-4.2_amd64.deb ...\r\nUnpacking libfontconfig1:amd64 (2.13.1-4.2) ...\r\nSelecting previously unselected package libjpeg62-turbo:amd64.\r\nPreparing to unpack .../35-libjpeg62-turbo_1%3a2.0.6-4_amd64.deb ...\r\nUnpacking libjpeg62-turbo:amd64 (1:2.0.6-4) ...\r\nSelecting previously unselected package libdeflate0:amd64.\r\nPreparing to unpack .../36-libdeflate0_1.7-1_amd64.deb ...\r\nUnpacking libdeflate0:amd64 (1.7-1) ...\r\nSelecting previously unselected package libjbig0:amd64.\r\nPreparing to unpack .../37-libjbig0_2.1-3.1+b2_amd64.deb ...\r\nUnpacking libjbig0:amd64 (2.1-3.1+b2) ...\r\nSelecting previously unselected package libwebp6:amd64.\r\nPreparing to unpack .../38-libwebp6_0.6.1-2.1_amd64.deb ...\r\nUnpacking libwebp6:amd64 (0.6.1-2.1) ...\r\nSelecting previously unselected package libtiff5:amd64.\r\nPreparing to unpack .../39-libtiff5_4.2.0-1+deb11u1_amd64.deb ...\r\nUnpacking libtiff5:amd64 (4.2.0-1+deb11u1) ...\r\nSelecting previously unselected package libxau6:amd64.\r\nPreparing to unpack .../40-libxau6_1%3a1.0.9-1_amd64.deb ...\r\nUnpacking libxau6:amd64 (1:1.0.9-1) ...\r\nSelecting previously unselected package libxdmcp6:amd64.\r\nPreparing to unpack .../41-libxdmcp6_1%3a1.1.2-3_amd64.deb ...\r\nUnpacking libxdmcp6:amd64 (1:1.1.2-3) ...\r\nSelecting previously unselected package libxcb1:amd64.\r\nPreparing to unpack .../42-libxcb1_1.14-3_amd64.deb ...\r\nUnpacking libxcb1:amd64 (1.14-3) ...\r\nSelecting previously unselected package libx11-data.\r\nPreparing to unpack .../43-libx11-data_2%3a1.7.2-1_all.deb ...\r\nUnpacking libx11-data (2:1.7.2-1) ...\r\nSelecting previously unselected package libx11-6:amd64.\r\nPreparing to unpack .../44-libx11-6_2%3a1.7.2-1_amd64.deb ...\r\nUnpacking libx11-6:amd64 (2:1.7.2-1) ...\r\nSelecting previously unselected package libxpm4:amd64.\r\nPreparing to unpack .../45-libxpm4_1%3a3.5.12-1_amd64.deb ...\r\nUnpacking libxpm4:amd64 (1:3.5.12-1) ...\r\nSelecting previously unselected package libgd3:amd64.\r\nPreparing to unpack .../46-libgd3_2.3.0-2_amd64.deb ...\r\nUnpacking libgd3:amd64 (2.3.0-2) ...\r\nSelecting previously unselected package libc-devtools.\r\nPreparing to unpack .../47-libc-devtools_2.31-13+deb11u5_amd64.deb ...\r\nUnpacking libc-devtools (2.31-13+deb11u5) ...\r\nSelecting previously unselected package linux-libc-dev:amd64.\r\nPreparing to unpack .../48-linux-libc-dev_5.10.158-2_amd64.deb ...\r\nUnpacking linux-libc-dev:amd64 (5.10.158-2) ...\r\nSelecting previously unselected package libcrypt-dev:amd64.\r\nPreparing to unpack .../49-libcrypt-dev_1%3a4.4.18-4_amd64.deb ...\r\nUnpacking libcrypt-dev:amd64 (1:4.4.18-4) ...\r\nSelecting previously unselected package libtirpc-dev:amd64.\r\nPreparing to unpack .../50-libtirpc-dev_1.3.1-1+deb11u1_amd64.deb ...\r\nUnpacking libtirpc-dev:amd64 (1.3.1-1+deb11u1) ...\r\nSelecting previously unselected package libnsl-dev:amd64.\r\nPreparing to unpack .../51-libnsl-dev_1.3.0-2_amd64.deb ...\r\nUnpacking libnsl-dev:amd64 (1.3.0-2) ...\r\nSelecting previously unselected package libc6-dev:amd64.\r\nPreparing to unpack .../52-libc6-dev_2.31-13+deb11u5_amd64.deb ...\r\nUnpacking libc6-dev:amd64 (2.31-13+deb11u5) ...\r\nSelecting previously unselected package manpages-dev.\r\nPreparing to unpack .../53-manpages-dev_5.10-1_all.deb ...\r\nUnpacking manpages-dev (5.10-1) ...\r\nSetting up libxau6:amd64 (1:1.0.9-1) ...\r\nSetting up manpages (5.10-1) ...\r\nSetting up libbrotli1:amd64 (1.0.9-2+b2) ...\r\nSetting up binutils-common:amd64 (2.35.2-2) ...\r\nSetting up libdeflate0:amd64 (1.7-1) ...\r\nSetting up linux-libc-dev:amd64 (5.10.158-2) ...\r\nSetting up libctf-nobfd0:amd64 (2.35.2-2) ...\r\nSetting up libgomp1:amd64 (10.2.1-6) ...\r\nSetting up libjbig0:amd64 (2.1-3.1+b2) ...\r\nSetting up libasan6:amd64 (10.2.1-6) ...\r\nSetting up libtirpc-dev:amd64 (1.3.1-1+deb11u1) ...\r\nSetting up libjpeg62-turbo:amd64 (1:2.0.6-4) ...\r\nSetting up libx11-data (2:1.7.2-1) ...\r\nSetting up libmpfr6:amd64 (4.1.0-3) ...\r\nSetting up libquadmath0:amd64 (10.2.1-6) ...\r\nSetting up libpng16-16:amd64 (1.6.37-3) ...\r\nSetting up libmpc3:amd64 (1.2.0-1) ...\r\nSetting up libatomic1:amd64 (10.2.1-6) ...\r\nSetting up libwebp6:amd64 (0.6.1-2.1) ...\r\nSetting up fonts-dejavu-core (2.37-2) ...\r\nSetting up libubsan1:amd64 (10.2.1-6) ...\r\nSetting up libmd0:amd64 (1.0.3-3) ...\r\nSetting up libnsl-dev:amd64 (1.3.0-2) ...\r\nSetting up sensible-utils (0.0.14) ...\r\nSetting up libcrypt-dev:amd64 (1:4.4.18-4) ...\r\nSetting up libtiff5:amd64 (4.2.0-1+deb11u1) ...\r\nSetting up libbinutils:amd64 (2.35.2-2) ...\r\nSetting up libisl23:amd64 (0.23-1) ...\r\nSetting up libc-dev-bin (2.31-13+deb11u5) ...\r\nSetting up libbsd0:amd64 (0.11.3-1) ...\r\nSetting up libcc1-0:amd64 (10.2.1-6) ...\r\nSetting up liblsan0:amd64 (10.2.1-6) ...\r\nSetting up cpp-10 (10.2.1-6) ...\r\nSetting up libitm1:amd64 (10.2.1-6) ...\r\nSetting up libtsan0:amd64 (10.2.1-6) ...\r\nSetting up libctf0:amd64 (2.35.2-2) ...\r\nSetting up manpages-dev (5.10-1) ...\r\nSetting up libxdmcp6:amd64 (1:1.1.2-3) ...\r\nSetting up libxcb1:amd64 (1.14-3) ...\r\nSetting up libgcc-10-dev:amd64 (10.2.1-6) ...\r\nSetting up libfreetype6:amd64 (2.10.4+dfsg-1+deb11u1) ...\r\nSetting up ucf (3.0043) ...\r\ndebconf: unable to initialize frontend: Dialog\r\ndebconf: (TERM is not set, so the dialog frontend is not usable.)\r\ndebconf: falling back to frontend: Readline\r\ndebconf: unable to initialize frontend: Readline\r\ndebconf: (Can't locate Term/ReadLine.pm in @INC (you may need to install the Term::ReadLine module) (@INC contains: /etc/perl /usr/local/lib/x86_64-linux-gnu/perl/5.32.1 /usr/local/share/perl/5.32.1 /usr/lib/x86_64-linux-gnu/perl5/5.32 /usr/share/perl5 /usr/lib/x86_64-linux-gnu/perl-base /usr/lib/x86_64-linux-gnu/perl/5.32 /usr/share/perl/5.32 /usr/local/lib/site_perl) at /usr/share/perl5/Debconf/FrontEnd/Readline.pm line 7.)\r\ndebconf: falling back to frontend: Teletype\r\nSetting up cpp (4:10.2.1-1) ...\r\nSetting up libc6-dev:amd64 (2.31-13+deb11u5) ...\r\nSetting up libx11-6:amd64 (2:1.7.2-1) ...\r\nSetting up binutils-x86-64-linux-gnu (2.35.2-2) ...\r\nSetting up libxpm4:amd64 (1:3.5.12-1) ...\r\nSetting up fontconfig-config (2.13.1-4.2) ...\r\ndebconf: unable to initialize frontend: Dialog\r\ndebconf: (TERM is not set, so the dialog frontend is not usable.)\r\ndebconf: falling back to frontend: Readline\r\ndebconf: unable to initialize frontend: Readline\r\ndebconf: (Can't locate Term/ReadLine.pm in @INC (you may need to install the Term::ReadLine module) (@INC contains: /etc/perl /usr/local/lib/x86_64-linux-gnu/perl/5.32.1 /usr/local/share/perl/5.32.1 /usr/lib/x86_64-linux-gnu/perl5/5.32 /usr/share/perl5 /usr/lib/x86_64-linux-gnu/perl-base /usr/lib/x86_64-linux-gnu/perl/5.32 /usr/share/perl/5.32 /usr/local/lib/site_perl) at /usr/share/perl5/Debconf/FrontEnd/Readline.pm line 7.)\r\ndebconf: falling back to frontend: Teletype\r\nSetting up binutils (2.35.2-2) ...\r\nSetting up gcc-10 (10.2.1-6) ...\r\nSetting up libfontconfig1:amd64 (2.13.1-4.2) ...\r\nSetting up gcc (4:10.2.1-1) ...\r\nSetting up libgd3:amd64 (2.3.0-2) ...\r\nSetting up libc-devtools (2.31-13+deb11u5) ...\r\nProcessing triggers for libc-bin (2.31-13+deb11u5) ...\r\nRemoving intermediate container 3362e8681be9\n ---> e360c021206a\nStep 3/15 : EXPOSE 5000\n ---> Running in 2d31b4db39af\nRemoving intermediate container 2d31b4db39af\n ---> cdf1eb7a451d\nStep 4/15 : ENV PYTHONDONTWRITEBYTECODE=1\n ---> Running in c7c2b2fdf091\nRemoving intermediate container c7c2b2fdf091\n ---> 754886a6a477\nStep 5/15 : ENV PYTHONUNBUFFERED=1\n ---> Running in 2d074fe411b1\nRemoving intermediate container 2d074fe411b1\n ---> f98d12845fda\nStep 6/15 : COPY requirements.txt .\n ---> e61d57251971\nStep 7/15 : COPY requirements/* requirements/\n ---> 2c9ad3729b83\nStep 8/15 : RUN python -m pip install --upgrade pip\n ---> Running in 09d31972d4b6\nRequirement already satisfied: pip in /usr/local/lib/python3.9/site-packages (22.0.4)\nCollecting pip\n  Downloading pip-22.3.1-py3-none-any.whl (2.1 MB)\n     ━━━━━━━━━━━━━━━━━━━━━━━━━━━━━━━━━━━━━━━━ 2.1/2.1 MB 20.7 MB/s eta 0:00:00\nInstalling collected packages: pip\n  Attempting uninstall: pip\n    Found existing installation: pip 22.0.4\n    Uninstalling pip-22.0.4:\n      Successfully uninstalled pip-22.0.4\nSuccessfully installed pip-22.3.1\n\u001b[91mWARNING: Running pip as the 'root' user can result in broken permissions and conflicting behaviour with the system package manager. It is recommended to use a virtual environment instead: https://pip.pypa.io/warnings/venv\n\u001b[0mRemoving intermediate container 09d31972d4b6\n ---> 197009a2a0e0\nStep 9/15 : RUN python -m pip install -r requirements.txt\n ---> Running in 86594cc5cdd5\nIgnoring colorama: markers 'python_version >= \"3.7\" and python_full_version < \"3.0.0\" and platform_system == \"Windows\" or platform_system == \"Windows\" and python_version >= \"3.7\" and python_full_version >= \"3.7.0\"' don't match your environment\nIgnoring importlib-metadata: markers 'python_version < \"3.8\" and python_version >= \"3.7\" and (python_version >= \"3.6\" and python_full_version < \"3.0.0\" and python_version < \"3.8\" or python_full_version >= \"3.6.0\" and python_version < \"3.8\" and python_version >= \"3.6\") and (python_version >= \"3.7\" and python_full_version < \"3.0.0\" or python_full_version >= \"3.4.0\" and python_version >= \"3.7\") and python_full_version >= \"3.6.2\" and python_full_version < \"4.0.0\" and (python_version >= \"3.7\" and python_full_version < \"3.0.0\" and python_version < \"3.8\" or python_full_version >= \"3.6.0\" and python_version < \"3.8\" and python_version >= \"3.7\")' don't match your environment\nIgnoring importlib-resources: markers 'python_version < \"3.9\" and python_version >= \"3.7\"' don't match your environment\nIgnoring pkgutil-resolve-name: markers 'python_version < \"3.9\" and python_version >= \"3.7\"' don't match your environment\nIgnoring typing-extensions: markers 'python_version < \"3.8\" and python_version >= \"3.7\" and (python_version >= \"3.6\" and python_full_version < \"3.0.0\" and python_version < \"3.8\" or python_full_version >= \"3.6.0\" and python_version < \"3.8\" and python_version >= \"3.6\") and python_full_version >= \"3.6.3\" and python_full_version < \"4.0.0\"' don't match your environment\nIgnoring zipp: markers 'python_version < \"3.8\" and python_version >= \"3.7\" and (python_version >= \"3.6\" and python_full_version < \"3.0.0\" and python_version < \"3.8\" or python_full_version >= \"3.6.0\" and python_version < \"3.8\" and python_version >= \"3.6\")' don't match your environment\nCollecting misaka>=2.1.1\n  Downloading misaka-2.1.1.tar.gz (125 kB)\n     ━━━━━━━━━━━━━━━━━━━━━━━━━━━━━━━━━━━━━ 125.2/125.2 kB 682.1 kB/s eta 0:00:00\n  Preparing metadata (setup.py): started\n  Preparing metadata (setup.py): finished with status 'done'\nCollecting alembic==1.8.1\n  Downloading alembic-1.8.1-py3-none-any.whl (209 kB)\n     ━━━━━━━━━━━━━━━━━━━━━━━━━━━━━━━━━━━━━━━ 209.8/209.8 kB 2.6 MB/s eta 0:00:00\nCollecting aniso8601==9.0.1\n  Downloading aniso8601-9.0.1-py2.py3-none-any.whl (52 kB)\n     ━━━━━━━━━━━━━━━━━━━━━━━━━━━━━━━━━━━━━━━ 52.8/52.8 kB 589.5 kB/s eta 0:00:00\nCollecting async-timeout==4.0.2\n  Downloading async_timeout-4.0.2-py3-none-any.whl (5.8 kB)\nCollecting attrs==22.1.0\n  Downloading attrs-22.1.0-py2.py3-none-any.whl (58 kB)\n     ━━━━━━━━━━━━━━━━━━━━━━━━━━━━━━━━━━━━━━━ 58.8/58.8 kB 299.6 kB/s eta 0:00:00\nCollecting bcrypt==4.0.1\n  Downloading bcrypt-4.0.1-cp36-abi3-manylinux_2_28_x86_64.whl (593 kB)\n     ━━━━━━━━━━━━━━━━━━━━━━━━━━━━━━━━━━━━━━━ 593.7/593.7 kB 2.9 MB/s eta 0:00:00\nCollecting bleach==5.0.1\n  Downloading bleach-5.0.1-py3-none-any.whl (160 kB)\n     ━━━━━━━━━━━━━━━━━━━━━━━━━━━━━━━━━━━━━━━ 160.9/160.9 kB 1.3 MB/s eta 0:00:00\nCollecting boto3==1.19.12\n  Downloading boto3-1.19.12-py3-none-any.whl (131 kB)\n     ━━━━━━━━━━━━━━━━━━━━━━━━━━━━━━━━━━━━━ 131.8/131.8 kB 634.9 kB/s eta 0:00:00\nCollecting botocore==1.22.12\n  Downloading botocore-1.22.12-py3-none-any.whl (8.1 MB)\n     ━━━━━━━━━━━━━━━━━━━━━━━━━━━━━━━━━━━━━━━━ 8.1/8.1 MB 12.6 MB/s eta 0:00:00\nCollecting cachelib==0.9.0\n  Downloading cachelib-0.9.0-py3-none-any.whl (15 kB)\nCollecting certifi==2022.12.7\n  Downloading certifi-2022.12.7-py3-none-any.whl (155 kB)\n     ━━━━━━━━━━━━━━━━━━━━━━━━━━━━━━━━━━━━━ 155.3/155.3 kB 268.5 kB/s eta 0:00:00\nCollecting cffi==1.15.1\n  Using cached cffi-1.15.1-cp39-cp39-manylinux_2_17_x86_64.manylinux2014_x86_64.whl (441 kB)\nCollecting chardet==5.1.0\n  Downloading chardet-5.1.0-py3-none-any.whl (199 kB)\n     ━━━━━━━━━━━━━━━━━━━━━━━━━━━━━━━━━━━━━ 199.1/199.1 kB 161.9 kB/s eta 0:00:00\nCollecting charset-normalizer==2.1.1\n  Downloading charset_normalizer-2.1.1-py3-none-any.whl (39 kB)\nCollecting click==8.1.3\n  Downloading click-8.1.3-py3-none-any.whl (96 kB)\n     ━━━━━━━━━━━━━━━━━━━━━━━━━━━━━━━━━━━━━━━ 96.6/96.6 kB 584.4 kB/s eta 0:00:00\nCollecting commonmark==0.9.1\n  Downloading commonmark-0.9.1-py2.py3-none-any.whl (51 kB)\n     ━━━━━━━━━━━━━━━━━━━━━━━━━━━━━━━━━━━━━━━ 51.1/51.1 kB 317.9 kB/s eta 0:00:00\nCollecting cssmin==0.2.0\n  Downloading cssmin-0.2.0.tar.gz (3.2 kB)\n  Preparing metadata (setup.py): started\n  Preparing metadata (setup.py): finished with status 'done'\nCollecting cssselect==1.2.0\n  Downloading cssselect-1.2.0-py2.py3-none-any.whl (18 kB)\nCollecting decorator==5.1.1\n  Downloading decorator-5.1.1-py3-none-any.whl (9.1 kB)\nCollecting dnspython==1.16.0\n  Downloading dnspython-1.16.0-py2.py3-none-any.whl (188 kB)\n     ━━━━━━━━━━━━━━━━━━━━━━━━━━━━━━━━━━━━━━━ 188.4/188.4 kB 1.2 MB/s eta 0:00:00\nCollecting email-validator==1.3.0\n  Downloading email_validator-1.3.0-py2.py3-none-any.whl (22 kB)\nCollecting eventlet==0.30.2\n  Downloading eventlet-0.30.2-py2.py3-none-any.whl (224 kB)\n     ━━━━━━━━━━━━━━━━━━━━━━━━━━━━━━━━━━━━━━━ 224.2/224.2 kB 3.5 MB/s eta 0:00:00\nCollecting flask-assets==2.0\n  Downloading Flask_Assets-2.0-py3-none-any.whl (8.5 kB)\nCollecting flask-bcrypt==1.0.1\n  Downloading Flask_Bcrypt-1.0.1-py3-none-any.whl (6.0 kB)\nCollecting flask-caching==2.0.1\n  Downloading Flask_Caching-2.0.1-py3-none-any.whl (28 kB)\nCollecting flask-cors==3.0.10\n  Downloading Flask_Cors-3.0.10-py2.py3-none-any.whl (14 kB)\nCollecting flask-dance==5.1.0\n  Downloading Flask_Dance-5.1.0-py2.py3-none-any.whl (59 kB)\n     ━━━━━━━━━━━━━━━━━━━━━━━━━━━━━━━━━━━━━━━ 59.5/59.5 kB 715.0 kB/s eta 0:00:00\nCollecting flask-hashing==1.1\n  Downloading Flask-Hashing-1.1.tar.gz (3.0 kB)\n  Preparing metadata (setup.py): started\n  Preparing metadata (setup.py): finished with status 'done'\nCollecting flask-login==0.6.2\n  Downloading Flask_Login-0.6.2-py3-none-any.whl (17 kB)\nCollecting flask-mailman==0.3.0\n  Downloading Flask_Mailman-0.3.0-py3-none-any.whl (17 kB)\nCollecting flask-migrate==4.0.0\n  Downloading Flask_Migrate-4.0.0-py3-none-any.whl (20 kB)\nCollecting flask-misaka==1.0.0\n  Downloading Flask_Misaka-1.0.0-py3-none-any.whl (4.0 kB)\nCollecting flask-sqlalchemy==2.5.1\n  Downloading Flask_SQLAlchemy-2.5.1-py2.py3-none-any.whl (17 kB)\nCollecting flask-talisman==1.0.0\n  Downloading flask_talisman-1.0.0-py2.py3-none-any.whl (18 kB)\nCollecting flask-wtf==1.0.1\n  Downloading Flask_WTF-1.0.1-py3-none-any.whl (12 kB)\nCollecting flask==2.1.3\n  Downloading Flask-2.1.3-py3-none-any.whl (95 kB)\n     ━━━━━━━━━━━━━━━━━━━━━━━━━━━━━━━━━━━━━━━ 95.6/95.6 kB 829.5 kB/s eta 0:00:00\nCollecting frictionless==4.40.8\n  Downloading frictionless-4.40.8-py2.py3-none-any.whl (419 kB)\n     ━━━━━━━━━━━━━━━━━━━━━━━━━━━━━━━━━━━━━━━ 419.5/419.5 kB 5.1 MB/s eta 0:00:00\nCollecting future==0.18.2\n  Downloading future-0.18.2.tar.gz (829 kB)\n     ━━━━━━━━━━━━━━━━━━━━━━━━━━━━━━━━━━━━━━━ 829.2/829.2 kB 3.4 MB/s eta 0:00:00\n  Preparing metadata (setup.py): started\n  Preparing metadata (setup.py): finished with status 'done'\nCollecting graphene==3.2.1\n  Downloading graphene-3.2.1-py2.py3-none-any.whl (125 kB)\n     ━━━━━━━━━━━━━━━━━━━━━━━━━━━━━━━━━━━━━ 125.1/125.1 kB 776.6 kB/s eta 0:00:00\nCollecting graphql-core==3.2.3\n  Downloading graphql_core-3.2.3-py3-none-any.whl (202 kB)\n     ━━━━━━━━━━━━━━━━━━━━━━━━━━━━━━━━━━━━━ 202.9/202.9 kB 668.1 kB/s eta 0:00:00\nCollecting graphql-relay==3.2.0\n  Downloading graphql_relay-3.2.0-py3-none-any.whl (16 kB)\nCollecting greenlet==2.0.1\n  Downloading greenlet-2.0.1-cp39-cp39-manylinux_2_17_x86_64.manylinux2014_x86_64.whl (535 kB)\n     ━━━━━━━━━━━━━━━━━━━━━━━━━━━━━━━━━━━━━━━ 535.9/535.9 kB 3.4 MB/s eta 0:00:00\nCollecting gunicorn==20.1.0\n  Downloading gunicorn-20.1.0-py3-none-any.whl (79 kB)\n     ━━━━━━━━━━━━━━━━━━━━━━━━━━━━━━━━━━━━━━━ 79.5/79.5 kB 247.2 kB/s eta 0:00:00\nCollecting hiredis==2.1.0\n  Downloading hiredis-2.1.0-cp39-cp39-manylinux_2_17_x86_64.manylinux2014_x86_64.whl (83 kB)\n     ━━━━━━━━━━━━━━━━━━━━━━━━━━━━━━━━━━━━━━━ 83.1/83.1 kB 262.1 kB/s eta 0:00:00\nCollecting idna==3.4\n  Downloading idna-3.4-py3-none-any.whl (61 kB)\n     ━━━━━━━━━━━━━━━━━━━━━━━━━━━━━━━━━━━━━━━ 61.5/61.5 kB 386.8 kB/s eta 0:00:00\nCollecting isodate==0.6.1\n  Downloading isodate-0.6.1-py2.py3-none-any.whl (41 kB)\n     ━━━━━━━━━━━━━━━━━━━━━━━━━━━━━━━━━━━━━━━ 41.7/41.7 kB 509.2 kB/s eta 0:00:00\nCollecting itsdangerous==2.1.2\n  Downloading itsdangerous-2.1.2-py3-none-any.whl (15 kB)\nCollecting jinja2==3.1.2\n  Downloading Jinja2-3.1.2-py3-none-any.whl (133 kB)\n     ━━━━━━━━━━━━━━━━━━━━━━━━━━━━━━━━━━━━━ 133.1/133.1 kB 370.5 kB/s eta 0:00:00\nCollecting jmespath==0.10.0\n  Downloading jmespath-0.10.0-py2.py3-none-any.whl (24 kB)\nCollecting jsmin==3.0.1\n  Downloading jsmin-3.0.1.tar.gz (13 kB)\n  Preparing metadata (setup.py): started\n  Preparing metadata (setup.py): finished with status 'done'\nCollecting jsonschema==4.17.3\n  Downloading jsonschema-4.17.3-py3-none-any.whl (90 kB)\n     ━━━━━━━━━━━━━━━━━━━━━━━━━━━━━━━━━━━━━━━━ 90.4/90.4 kB 1.4 MB/s eta 0:00:00\nCollecting lxml==4.9.2\n  Downloading lxml-4.9.2-cp39-cp39-manylinux_2_17_x86_64.manylinux2014_x86_64.manylinux_2_24_x86_64.whl (7.1 MB)\n     ━━━━━━━━━━━━━━━━━━━━━━━━━━━━━━━━━━━━━━━━ 7.1/7.1 MB 6.6 MB/s eta 0:00:00\nCollecting mako==1.2.4\n  Downloading Mako-1.2.4-py3-none-any.whl (78 kB)\n     ━━━━━━━━━━━━━━━━━━━━━━━━━━━━━━━━━━━━━━━ 78.7/78.7 kB 549.6 kB/s eta 0:00:00\nCollecting marko==1.2.2\n  Downloading marko-1.2.2-py3-none-any.whl (39 kB)\nCollecting markupsafe==2.1.1\n  Downloading MarkupSafe-2.1.1-cp39-cp39-manylinux_2_17_x86_64.manylinux2014_x86_64.whl (25 kB)\nCollecting micawber==0.5.4\n  Downloading micawber-0.5.4.tar.gz (18 kB)\n  Preparing metadata (setup.py): started\n  Preparing metadata (setup.py): finished with status 'done'\nCollecting mkdocs-material-extensions==1.1.1\n  Downloading mkdocs_material_extensions-1.1.1-py3-none-any.whl (7.9 kB)\nCollecting oauthlib==3.2.2\n  Downloading oauthlib-3.2.2-py3-none-any.whl (151 kB)\n     ━━━━━━━━━━━━━━━━━━━━━━━━━━━━━━━━━━━━━━━ 151.7/151.7 kB 1.3 MB/s eta 0:00:00\nCollecting petl==1.7.12\n  Downloading petl-1.7.12.tar.gz (409 kB)\n     ━━━━━━━━━━━━━━━━━━━━━━━━━━━━━━━━━━━━━━━ 409.6/409.6 kB 4.4 MB/s eta 0:00:00\n  Installing build dependencies: started\n  Installing build dependencies: finished with status 'done'\n  Getting requirements to build wheel: started\n  Getting requirements to build wheel: finished with status 'done'\n  Preparing metadata (pyproject.toml): started\n  Preparing metadata (pyproject.toml): finished with status 'done'\nCollecting psycopg2-binary==2.9.5\n  Downloading psycopg2_binary-2.9.5-cp39-cp39-manylinux_2_17_x86_64.manylinux2014_x86_64.whl (3.0 MB)\n     ━━━━━━━━━━━━━━━━━━━━━━━━━━━━━━━━━━━━━━━━ 3.0/3.0 MB 17.8 MB/s eta 0:00:00\nCollecting pycparser==2.21\n  Using cached pycparser-2.21-py2.py3-none-any.whl (118 kB)\nCollecting pygments==2.13.0\n  Downloading Pygments-2.13.0-py3-none-any.whl (1.1 MB)\n     ━━━━━━━━━━━━━━━━━━━━━━━━━━━━━━━━━━━━━━━━ 1.1/1.1 MB 7.6 MB/s eta 0:00:00\nCollecting pyquery==1.4.3\n  Downloading pyquery-1.4.3-py3-none-any.whl (22 kB)\nCollecting pyrsistent==0.19.2\n  Downloading pyrsistent-0.19.2-py3-none-any.whl (57 kB)\n     ━━━━━━━━━━━━━━━━━━━━━━━━━━━━━━━━━━━━━━━━ 57.5/57.5 kB 3.4 MB/s eta 0:00:00\nCollecting pystache==0.6.0\n  Downloading pystache-0.6.0.tar.gz (78 kB)\n     ━━━━━━━━━━━━━━━━━━━━━━━━━━━━━━━━━━━━━━━━ 78.2/78.2 kB 75.0 kB/s eta 0:00:00\n  Installing build dependencies: started\n  Installing build dependencies: finished with status 'done'\n  Getting requirements to build wheel: started\n  Getting requirements to build wheel: finished with status 'done'\n  Preparing metadata (pyproject.toml): started\n  Preparing metadata (pyproject.toml): finished with status 'done'\nCollecting python-dateutil==2.8.2\n  Downloading python_dateutil-2.8.2-py2.py3-none-any.whl (247 kB)\n     ━━━━━━━━━━━━━━━━━━━━━━━━━━━━━━━━━━━━━━ 247.7/247.7 kB 14.1 MB/s eta 0:00:00\nCollecting python-dotenv==0.21.0\n  Downloading python_dotenv-0.21.0-py3-none-any.whl (18 kB)\nCollecting python-slugify==7.0.0\n  Downloading python_slugify-7.0.0-py2.py3-none-any.whl (9.4 kB)\nCollecting pytz==2022.6\n  Downloading pytz-2022.6-py2.py3-none-any.whl (498 kB)\n     ━━━━━━━━━━━━━━━━━━━━━━━━━━━━━━━━━━━━━━ 498.1/498.1 kB 14.9 MB/s eta 0:00:00\nCollecting pyyaml==5.4.1\n  Downloading PyYAML-5.4.1-cp39-cp39-manylinux1_x86_64.whl (630 kB)\n     ━━━━━━━━━━━━━━━━━━━━━━━━━━━━━━━━━━━━━━ 630.1/630.1 kB 27.1 MB/s eta 0:00:00\nCollecting redis==4.4.0\n  Downloading redis-4.4.0-py3-none-any.whl (236 kB)\n     ━━━━━━━━━━━━━━━━━━━━━━━━━━━━━━━━━━━━━━ 236.4/236.4 kB 14.4 MB/s eta 0:00:00\nCollecting requests-oauthlib==1.3.1\n  Downloading requests_oauthlib-1.3.1-py2.py3-none-any.whl (23 kB)\nCollecting requests==2.28.1\n  Downloading requests-2.28.1-py3-none-any.whl (62 kB)\n     ━━━━━━━━━━━━━━━━━━━━━━━━━━━━━━━━━━━━━━━━ 62.8/62.8 kB 3.1 MB/s eta 0:00:00\nCollecting rfc3986==2.0.0\n  Downloading rfc3986-2.0.0-py2.py3-none-any.whl (31 kB)\nCollecting rich==12.6.0\n  Downloading rich-12.6.0-py3-none-any.whl (237 kB)\n     ━━━━━━━━━━━━━━━━━━━━━━━━━━━━━━━━━━━━━━ 237.5/237.5 kB 17.3 MB/s eta 0:00:00\nCollecting s3transfer==0.5.2\n  Downloading s3transfer-0.5.2-py3-none-any.whl (79 kB)\n     ━━━━━━━━━━━━━━━━━━━━━━━━━━━━━━━━━━━━━━━━ 79.5/79.5 kB 7.5 MB/s eta 0:00:00\nCollecting shellingham==1.5.0\n  Downloading shellingham-1.5.0-py2.py3-none-any.whl (9.3 kB)\nCollecting simpleeval==0.9.12\n  Downloading simpleeval-0.9.12-py2.py3-none-any.whl (14 kB)\nCollecting six==1.16.0\n  Downloading six-1.16.0-py2.py3-none-any.whl (11 kB)\nCollecting sqlalchemy-continuum==1.3.13\n  Downloading SQLAlchemy_Continuum-1.3.13-py3-none-any.whl (45 kB)\n     ━━━━━━━━━━━━━━━━━━━━━━━━━━━━━━━━━━━━━━━━ 45.7/45.7 kB 1.2 MB/s eta 0:00:00\nCollecting sqlalchemy-utils==0.38.3\n  Downloading SQLAlchemy_Utils-0.38.3-py3-none-any.whl (100 kB)\n     ━━━━━━━━━━━━━━━━━━━━━━━━━━━━━━━━━━━━━━━ 100.3/100.3 kB 1.7 MB/s eta 0:00:00\nCollecting sqlalchemy==1.4.22\n  Downloading SQLAlchemy-1.4.22-cp39-cp39-manylinux_2_5_x86_64.manylinux1_x86_64.manylinux_2_17_x86_64.manylinux2014_x86_64.whl (1.6 MB)\n     ━━━━━━━━━━━━━━━━━━━━━━━━━━━━━━━━━━━━━━━━ 1.6/1.6 MB 20.6 MB/s eta 0:00:00\nCollecting stringcase==1.2.0\n  Downloading stringcase-1.2.0.tar.gz (3.0 kB)\n  Preparing metadata (setup.py): started\n  Preparing metadata (setup.py): finished with status 'done'\nCollecting tabulate==0.9.0\n  Downloading tabulate-0.9.0-py3-none-any.whl (35 kB)\nCollecting text-unidecode==1.3\n  Downloading text_unidecode-1.3-py2.py3-none-any.whl (78 kB)\n     ━━━━━━━━━━━━━━━━━━━━━━━━━━━━━━━━━━━━━━━━ 78.2/78.2 kB 2.8 MB/s eta 0:00:00\nCollecting typer==0.7.0\n  Downloading typer-0.7.0-py3-none-any.whl (38 kB)\nCollecting urllib3==1.26.13\n  Downloading urllib3-1.26.13-py2.py3-none-any.whl (140 kB)\n     ━━━━━━━━━━━━━━━━━━━━━━━━━━━━━━━━━━━━━━━ 140.6/140.6 kB 3.7 MB/s eta 0:00:00\nCollecting urlobject==2.4.3\n  Downloading URLObject-2.4.3.tar.gz (27 kB)\n  Preparing metadata (setup.py): started\n  Preparing metadata (setup.py): finished with status 'done'\nCollecting validators==0.20.0\n  Downloading validators-0.20.0.tar.gz (30 kB)\n  Preparing metadata (setup.py): started\n  Preparing metadata (setup.py): finished with status 'done'\nCollecting webassets==2.0\n  Downloading webassets-2.0-py3-none-any.whl (142 kB)\n     ━━━━━━━━━━━━━━━━━━━━━━━━━━━━━━━━━━━━━━━ 142.9/142.9 kB 2.8 MB/s eta 0:00:00\nCollecting webencodings==0.5.1\n  Downloading webencodings-0.5.1-py2.py3-none-any.whl (11 kB)\nCollecting werkzeug==2.0.3\n  Downloading Werkzeug-2.0.3-py3-none-any.whl (289 kB)\n     ━━━━━━━━━━━━━━━━━━━━━━━━━━━━━━━━━━━━━━ 289.2/289.2 kB 12.4 MB/s eta 0:00:00\nCollecting whitenoise==5.3.0\n  Downloading whitenoise-5.3.0-py2.py3-none-any.whl (19 kB)\nCollecting wtforms==2.3.3\n  Downloading WTForms-2.3.3-py2.py3-none-any.whl (169 kB)\n     ━━━━━━━━━━━━━━━━━━━━━━━━━━━━━━━━━━━━━━ 169.1/169.1 kB 10.0 MB/s eta 0:00:00\nCollecting importlib-metadata>=3.6.0\n  Downloading importlib_metadata-6.0.0-py3-none-any.whl (21 kB)\nRequirement already satisfied: setuptools>=3.0 in /usr/local/lib/python3.9/site-packages (from gunicorn==20.1.0->-r requirements/prod.txt (line 44)) (58.1.0)\nCollecting zipp>=0.5\n  Downloading zipp-3.11.0-py3-none-any.whl (6.6 kB)\nCollecting colorama<0.5.0,>=0.4.3\n  Downloading colorama-0.4.6-py2.py3-none-any.whl (25 kB)\n\u001b[91mWARNING: The candidate selected for download or install is a yanked version: 'shellingham' candidate (version 1.5.0 at https://files.pythonhosted.org/packages/3d/1a/d31fce69c119df1fddab3706b63c53d363982c55d841d9c3839b12f15327/shellingham-1.5.0-py2.py3-none-any.whl (from https://pypi.org/simple/shellingham/) (requires-python:>=3.4))\nReason for being yanked: Incorrect package metadata\n\u001b[0mBuilding wheels for collected packages: misaka, cssmin, flask-hashing, future, jsmin, micawber, petl, pystache, stringcase, urlobject, validators\n  Building wheel for misaka (setup.py): started\n  Building wheel for misaka (setup.py): finished with status 'done'\n  Created wheel for misaka: filename=misaka-2.1.1-cp39-cp39-linux_x86_64.whl size=49317 sha256=afd49cc5a11bacd55c4e2bfb5f42f708ce0614c1fb21157f22f0c1c53ba9c774\n  Stored in directory: /root/.cache/pip/wheels/72/51/df/5e1eda1b565d4ce8431709377b4228bcca6c8baa3c904cffe1\n  Building wheel for cssmin (setup.py): started\n  Building wheel for cssmin (setup.py): finished with status 'done'\n  Created wheel for cssmin: filename=cssmin-0.2.0-py3-none-any.whl size=3790 sha256=fdb6d26e006913c1d9b42f07bee0ef1c624ff5e76be06457d91630286ee24948\n  Stored in directory: /root/.cache/pip/wheels/62/5d/50/72080d2ebabc19635e7b336e5157c30353162e9be2a3f34c20\n  Building wheel for flask-hashing (setup.py): started\n  Building wheel for flask-hashing (setup.py): finished with status 'done'\n  Created wheel for flask-hashing: filename=Flask_Hashing-1.1-py3-none-any.whl size=3255 sha256=a42f529a6c981d60d0d02882aa9082f4eba20c3764dc4141011be71ff7473a14\n  Stored in directory: /root/.cache/pip/wheels/33/1f/9b/d18e0e7ae42bbad8f56a71f098dc4766db59c1c42491d74cfe\n  Building wheel for future (setup.py): started\n  Building wheel for future (setup.py): finished with status 'done'\n  Created wheel for future: filename=future-0.18.2-py3-none-any.whl size=491071 sha256=ae130bea86b8f2cd0e9348d8e71636af391079f646de51fadfe1ce96ef75a55b\n  Stored in directory: /root/.cache/pip/wheels/96/66/19/2de75120f5d0bc185e9d16cf0fd223d8471ed025de08e45867\n  Building wheel for jsmin (setup.py): started\n  Building wheel for jsmin (setup.py): finished with status 'done'\n  Created wheel for jsmin: filename=jsmin-3.0.1-py3-none-any.whl size=13783 sha256=7de4cf40f2f67c8229522e4302e3cc4068835e874f435ee57bcec6bf54548996\n  Stored in directory: /root/.cache/pip/wheels/af/ab/ec/75758f1dbe296946d0d90421df85ad9bc5f59a825241614c6a\n  Building wheel for micawber (setup.py): started\n  Building wheel for micawber (setup.py): finished with status 'done'\n  Created wheel for micawber: filename=micawber-0.5.4-py3-none-any.whl size=22374 sha256=23156c8cd2936da9ded1209774eaae9b447332de312ae17103f6f355a8a8e245\n  Stored in directory: /root/.cache/pip/wheels/61/6d/f5/b06fd2dbfef5b04bf20663bb46e601e2e49a7bc3b4f403f72e\n  Building wheel for petl (pyproject.toml): started\n  Building wheel for petl (pyproject.toml): finished with status 'done'\n  Created wheel for petl: filename=petl-1.7.12-py3-none-any.whl size=226953 sha256=1c73172762b35ac45135a4612375f9e0c8dd28226fa82a06e1365e6047cf6c7b\n  Stored in directory: /root/.cache/pip/wheels/f6/d2/53/b4a30c7e84d8fdef8a41799f4766f22f03e43d8e9ced6acfe3\n  Building wheel for pystache (pyproject.toml): started\n  Building wheel for pystache (pyproject.toml): finished with status 'done'\n  Created wheel for pystache: filename=pystache-0.6.0-py3-none-any.whl size=83618 sha256=6947cdbf49494fe30baa377bb2c28045028af3cf651fc136f98517f0ead6f86d\n  Stored in directory: /root/.cache/pip/wheels/66/17/80/1fa8123607af3e55ee038d7311592eaf26f8afae58f0a17f00\n  Building wheel for stringcase (setup.py): started\n  Building wheel for stringcase (setup.py): finished with status 'done'\n  Created wheel for stringcase: filename=stringcase-1.2.0-py3-none-any.whl size=3587 sha256=3267bb6c2d31dc8e83485e019ccf0d32b93c4d853b12493c363bd5ca172b34f7\n  Stored in directory: /root/.cache/pip/wheels/ab/5e/ef/561f4c25e3dbbe6b0cd1e2f220d560ec84df547ad763d634b2\n  Building wheel for urlobject (setup.py): started\n  Building wheel for urlobject (setup.py): finished with status 'done'\n  Created wheel for urlobject: filename=URLObject-2.4.3-py3-none-any.whl size=14533 sha256=28b11aab30c50cd5f95d981db3646c190c4d27381fdfbdfc7fe0bba223395f84\n  Stored in directory: /root/.cache/pip/wheels/42/92/e7/fd5be2d6b67ea239087ec3d7f8830139289f5780da8330d2eb\n  Building wheel for validators (setup.py): started\n  Building wheel for validators (setup.py): finished with status 'done'\n  Created wheel for validators: filename=validators-0.20.0-py3-none-any.whl size=19581 sha256=2468ae40ccadb9aea26cc59630209459dd553a0e559f3b9c33fdf1eabd613849\n  Stored in directory: /root/.cache/pip/wheels/5c/6a/fd/17a2b6f8d376e336d46414eeaf656327fd973158159b059046\nSuccessfully built misaka cssmin flask-hashing future jsmin micawber petl pystache stringcase urlobject validators\nInstalling collected packages: webencodings, webassets, urlobject, text-unidecode, stringcase, simpleeval, pytz, micawber, jsmin, flask-talisman, cssmin, commonmark, aniso8601, zipp, whitenoise, werkzeug, urllib3, tabulate, six, shellingham, rfc3986, pyyaml, python-slugify, python-dotenv, pystache, pyrsistent, pygments, pycparser, psycopg2-binary, petl, oauthlib, mkdocs-material-extensions, markupsafe, marko, lxml, jmespath, itsdangerous, idna, hiredis, gunicorn, greenlet, graphql-core, future, dnspython, decorator, cssselect, colorama, click, charset-normalizer, chardet, certifi, cachelib, bcrypt, attrs, async-timeout, wtforms, validators, typer, sqlalchemy, rich, requests, redis, python-dateutil, pyquery, mako, jsonschema, jinja2, isodate, importlib-metadata, graphql-relay, eventlet, email-validator, cffi, bleach, sqlalchemy-utils, requests-oauthlib, misaka, graphene, flask, botocore, alembic, sqlalchemy-continuum, s3transfer, frictionless, flask-wtf, flask-sqlalchemy, flask-misaka, flask-mailman, flask-login, flask-hashing, flask-dance, flask-cors, flask-caching, flask-bcrypt, flask-assets, flask-migrate, boto3\nSuccessfully installed alembic-1.8.1 aniso8601-9.0.1 async-timeout-4.0.2 attrs-22.1.0 bcrypt-4.0.1 bleach-5.0.1 boto3-1.19.12 botocore-1.22.12 cachelib-0.9.0 certifi-2022.12.7 cffi-1.15.1 chardet-5.1.0 charset-normalizer-2.1.1 click-8.1.3 colorama-0.4.6 commonmark-0.9.1 cssmin-0.2.0 cssselect-1.2.0 decorator-5.1.1 dnspython-1.16.0 email-validator-1.3.0 eventlet-0.30.2 flask-2.1.3 flask-assets-2.0 flask-bcrypt-1.0.1 flask-caching-2.0.1 flask-cors-3.0.10 flask-dance-5.1.0 flask-hashing-1.1 flask-login-0.6.2 flask-mailman-0.3.0 flask-migrate-4.0.0 flask-misaka-1.0.0 flask-sqlalchemy-2.5.1 flask-talisman-1.0.0 flask-wtf-1.0.1 frictionless-4.40.8 future-0.18.2 graphene-3.2.1 graphql-core-3.2.3 graphql-relay-3.2.0 greenlet-2.0.1 gunicorn-20.1.0 hiredis-2.1.0 idna-3.4 importlib-metadata-6.0.0 isodate-0.6.1 itsdangerous-2.1.2 jinja2-3.1.2 jmespath-0.10.0 jsmin-3.0.1 jsonschema-4.17.3 lxml-4.9.2 mako-1.2.4 marko-1.2.2 markupsafe-2.1.1 micawber-0.5.4 misaka-2.1.1 mkdocs-material-extensions-1.1.1 oauthlib-3.2.2 petl-1.7.12 psycopg2-binary-2.9.5 pycparser-2.21 pygments-2.13.0 pyquery-1.4.3 pyrsistent-0.19.2 pystache-0.6.0 python-dateutil-2.8.2 python-dotenv-0.21.0 python-slugify-7.0.0 pytz-2022.6 pyyaml-5.4.1 redis-4.4.0 requests-2.28.1 requests-oauthlib-1.3.1 rfc3986-2.0.0 rich-12.6.0 s3transfer-0.5.2 shellingham-1.5.0 simpleeval-0.9.12 six-1.16.0 sqlalchemy-1.4.22 sqlalchemy-continuum-1.3.13 sqlalchemy-utils-0.38.3 stringcase-1.2.0 tabulate-0.9.0 text-unidecode-1.3 typer-0.7.0 urllib3-1.26.13 urlobject-2.4.3 validators-0.20.0 webassets-2.0 webencodings-0.5.1 werkzeug-2.0.3 whitenoise-5.3.0 wtforms-2.3.3 zipp-3.11.0\n\u001b[91mWARNING: Running pip as the 'root' user can result in broken permissions and conflicting behaviour with the system package manager. It is recommended to use a virtual environment instead: https://pip.pypa.io/warnings/venv\n\u001b[0mRemoving intermediate container 86594cc5cdd5\n ---> c87cf946c251\nStep 10/15 : WORKDIR /app\n ---> Running in 30b087b5d778\nRemoving intermediate container 30b087b5d778\n ---> 8a10c7b1e53e\nStep 11/15 : COPY . /app\n ---> 201268e1116d\nStep 12/15 : RUN adduser -u 5678 --disabled-password --gecos \"\" appuser && chown -R appuser /app\n ---> Running in 7592982af48f\nAdding user `appuser' ...\nAdding new group `appuser' (5678) ...\nAdding new user `appuser' (5678) with group `appuser' ...\nCreating home directory `/home/appuser' ...\nCopying files from `/etc/skel' ...\nRemoving intermediate container 7592982af48f\n ---> 4ba8ba207e9d\nStep 13/15 : USER appuser\n ---> Running in a5addd9f51e5\nRemoving intermediate container a5addd9f51e5\n ---> 60693cb47ec7\nStep 14/15 : RUN ./release.sh\n ---> Running in 669302b234f5\nINFO  [alembic.runtime.migration] Context impl SQLiteImpl.\nINFO  [alembic.runtime.migration] Will assume non-transactional DDL.\nINFO  [alembic.runtime.migration] Running upgrade  -> 7c3929047190, Initial database\nINFO  [alembic.runtime.migration] Running upgrade 7c3929047190 -> 1ba5ea3134a7, Event instructions and resources\nINFO  [alembic.runtime.migration] Running upgrade 1ba5ea3134a7 -> 30e6fbf01833, Activity users and project nullable\nINFO  [alembic.runtime.migration] Running upgrade 30e6fbf01833 -> 0884a8accfad, Project download URL and field sizes, Event summary field\nINFO  [alembic.runtime.migration] Running upgrade 0884a8accfad -> f8d682598e82, Connect Resources to project instead of user\nINFO  [alembic.runtime.migration] Running upgrade f8d682598e82 -> 0c5ae11e7666, SQLAlchemy Continuum for Projects\nINFO  [alembic.runtime.migration] Running upgrade 0c5ae11e7666 -> 84d8ce8453f3, Add hashtags to events\nTraceback (most recent call last):\n  File \"/usr/local/lib/python3.9/site-packages/sqlalchemy/engine/base.py\", line 1771, in _execute_context\n    self.dialect.do_execute(\n  File \"/usr/local/lib/python3.9/site-packages/sqlalchemy/engine/default.py\", line 717, in do_execute\n    cursor.execute(statement, parameters)\nsqlite3.OperationalError: near \"DROP\": syntax error\n\nThe above exception was the direct cause of the following exception:\n\nTraceback (most recent call last):\n  File \"/app/manage.py\", line 69, in <module>\n    cli()\n  File \"/usr/local/lib/python3.9/site-packages/click/core.py\", line 1130, in __call__\n    return self.main(*args, **kwargs)\n  File \"/usr/local/lib/python3.9/site-packages/flask/cli.py\", line 567, in main\n    return super().main(*args, **kwargs)\n  File \"/usr/local/lib/python3.9/site-packages/click/core.py\", line 1055, in main\n    rv = self.invoke(ctx)\n  File \"/usr/local/lib/python3.9/site-packages/click/core.py\", line 1657, in invoke\n    return _process_result(sub_ctx.command.invoke(sub_ctx))\n  File \"/usr/local/lib/python3.9/site-packages/click/core.py\", line 1657, in invoke\n    return _process_result(sub_ctx.command.invoke(sub_ctx))\n  File \"/usr/local/lib/python3.9/site-packages/click/core.py\", line 1404, in invoke\n    return ctx.invoke(self.callback, **ctx.params)\n  File \"/usr/local/lib/python3.9/site-packages/click/core.py\", line 760, in invoke\n    return __callback(*args, **kwargs)\n  File \"/usr/local/lib/python3.9/site-packages/click/decorators.py\", line 26, in new_func\n    return f(get_current_context(), *args, **kwargs)\n  File \"/usr/local/lib/python3.9/site-packages/flask/cli.py\", line 407, in decorator\n    return __ctx.invoke(f, *args, **kwargs)\n  File \"/usr/local/lib/python3.9/site-packages/click/core.py\", line 760, in invoke\n    return __callback(*args, **kwargs)\n  File \"/usr/local/lib/python3.9/site-packages/flask_migrate/cli.py\", line 149, in upgrade\n    _upgrade(directory, revision, sql, tag, x_arg)\n  File \"/usr/local/lib/python3.9/site-packages/flask_migrate/__init__.py\", line 111, in wrapped\n    f(*args, **kwargs)\n  File \"/usr/local/lib/python3.9/site-packages/flask_migrate/__init__.py\", line 200, in upgrade\n    command.upgrade(config, revision, sql=sql, tag=tag)\n  File \"/usr/local/lib/python3.9/site-packages/alembic/command.py\", line 322, in upgrade\n    script.run_env()\n  File \"/usr/local/lib/python3.9/site-packages/alembic/script/base.py\", line 569, in run_env\n    util.load_python_file(self.dir, \"env.py\")\n  File \"/usr/local/lib/python3.9/site-packages/alembic/util/pyfiles.py\", line 94, in load_python_file\n    module = load_module_py(module_id, path)\n  File \"/usr/local/lib/python3.9/site-packages/alembic/util/pyfiles.py\", line 110, in load_module_py\n    spec.loader.exec_module(module)  # type: ignore\n  File \"<frozen importlib._bootstrap_external>\", line 850, in exec_module\n  File \"<frozen importlib._bootstrap>\", line 228, in _call_with_frames_removed\n  File \"migrations/env.py\", line 97, in <module>\n    run_migrations_online()\n  File \"migrations/env.py\", line 91, in run_migrations_online\n    context.run_migrations()\n  File \"<string>\", line 8, in run_migrations\n  File \"/usr/local/lib/python3.9/site-packages/alembic/runtime/environment.py\", line 853, in run_migrations\n    self.get_context().run_migrations(**kw)\n  File \"/usr/local/lib/python3.9/site-packages/alembic/runtime/migration.py\", line 623, in run_migrations\n    step.migration_fn(**kw)\n  File \"/app/migrations/versions/84d8ce8453f3_.py\", line 20, in upgrade\n    op.drop_column('users', 'carddata') # clear card data column\n  File \"<string>\", line 8, in drop_column\n  File \"<string>\", line 3, in drop_column\n  File \"/usr/local/lib/python3.9/site-packages/alembic/operations/ops.py\", line 2189, in drop_column\n    return operations.invoke(op)\n  File \"/usr/local/lib/python3.9/site-packages/alembic/operations/base.py\", line 399, in invoke\n    return fn(self, operation)\n  File \"/usr/local/lib/python3.9/site-packages/alembic/operations/toimpl.py\", line 89, in drop_column\n    operations.impl.drop_column(\n  File \"/usr/local/lib/python3.9/site-packages/alembic/ddl/impl.py\", line 331, in drop_column\n    self._exec(base.DropColumn(table_name, column, schema=schema))\n  File \"/usr/local/lib/python3.9/site-packages/alembic/ddl/impl.py\", line 195, in _exec\n    return conn.execute(construct, multiparams)\n  File \"/usr/local/lib/python3.9/site-packages/sqlalchemy/engine/base.py\", line 1263, in execute\n    return meth(self, multiparams, params, _EMPTY_EXECUTION_OPTS)\n  File \"/usr/local/lib/python3.9/site-packages/sqlalchemy/sql/ddl.py\", line 77, in _execute_on_connection\n    return connection._execute_ddl(\n  File \"/usr/local/lib/python3.9/site-packages/sqlalchemy/engine/base.py\", line 1353, in _execute_ddl\n    ret = self._execute_context(\n  File \"/usr/local/lib/python3.9/site-packages/sqlalchemy/engine/base.py\", line 1814, in _execute_context\n    self._handle_dbapi_exception(\n  File \"/usr/local/lib/python3.9/site-packages/sqlalchemy/engine/base.py\", line 1995, in _handle_dbapi_exception\n    util.raise_(\n  File \"/usr/local/lib/python3.9/site-packages/sqlalchemy/util/compat.py\", line 207, in raise_\n    raise exception\n  File \"/usr/local/lib/python3.9/site-packages/sqlalchemy/engine/base.py\", line 1771, in _execute_context\n    self.dialect.do_execute(\n  File \"/usr/local/lib/python3.9/site-packages/sqlalchemy/engine/default.py\", line 717, in do_execute\n    cursor.execute(statement, parameters)\nsqlalchemy.exc.OperationalError: (sqlite3.OperationalError) near \"DROP\": syntax error\n[SQL: ALTER TABLE users DROP COLUMN carddata]\n(Background on this error at: https://sqlalche.me/e/14/e3q8)\nWarning! Your database may be out of sync due to a forced upgrade.\nGzip compressed dribdat/static/js/editor.js (13K -> 3K)\nGzip compressed dribdat/static/js/render.js (3K -> 1K)\nGzip compressed dribdat/static/js/script.js (10K -> 3K)\nGzip compressed dribdat/static/css/style.css (41K -> 9K)\nGzip compressed dribdat/static/css/timeline.css (4K -> 1K)\nGzip compressed dribdat/static/css/honeycomb.css (1K -> 0K)\nGzip compressed dribdat/static/css/social.css (4K -> 0K)\nGzip compressed dribdat/static/css/rainbow/rainbow-custom.min.js (21K -> 7K)\nGzip compressed dribdat/static/css/rainbow/zenburnesque.css (2K -> 0K)\nGzip compressed dribdat/static/img/dribdat_badge.svg (38K -> 4K)\nGzip compressed dribdat/static/img/project_page_overview.svg (12K -> 2K)\nGzip compressed dribdat/static/img/logo8.svg (28K -> 4K)\nGzip compressed dribdat/static/img/favicon.ico (1K -> 0K)\nGzip compressed dribdat/static/img/sso/azure_teams.svg (4K -> 1K)\nGzip compressed dribdat/static/img/sso/Mattermost-Logo-Denim.svg (7K -> 2K)\nSkipping dribdat/static/public/.gitkeep (Gzip compression not effective)\nSkipping dribdat/static/public/js/.gitkeep (Gzip compression not effective)\nSkipping dribdat/static/public/css/.gitkeep (Gzip compression not effective)\nRemoving intermediate container 669302b234f5\n ---> 9f5d94c4640b\nStep 15/15 : CMD gunicorn --config=gunicorn.conf.py patched:init_app\\(\\)\n ---> Running in 5f78108ac760\nRemoving intermediate container 5f78108ac760\n ---> 42e2fc95c9cd\nSuccessfully built 42e2fc95c9cd\nSuccessfully tagged dribdat:latest\n","stderr":"","imageSize":522022839},"repair":{"startTime":1672844012362,"endTime":1672844012481,"violations":[{"name":"ruleAptGetInstallUseNoRec","position":{"start":3,"end":3,"columnStart":22,"columnEnd":44}},{"name":"ruleAptGetInstallThenRemoveAptLists","position":{"start":3,"end":3,"columnStart":22,"columnEnd":44}}],"repairedDockerfile":"FROM python:3.9-slim\n\n# Install compiler\nRUN apt-get update && apt-get install --no-install-recommends gcc -y && apt-get clean && rm -rf /var/lib/apt/lists/*;\n\n# Not needed for production\n#RUN apt-get install -y nodejs npm\n# Install node requirements (after WORKDIR)\n#RUN npm install\n\nEXPOSE 5000\n\n# Keeps Python from generating .pyc files in the container\nENV PYTHONDONTWRITEBYTECODE=1\n\n# Turns off buffering for easier container logging\nENV PYTHONUNBUFFERED=1\n\n# Install pip requirements\nCOPY requirements.txt .\nCOPY requirements/* requirements/\nRUN python -m pip install --upgrade pip\nRUN python -m pip install -r requirements.txt\n\n# Copy dribdat app\nWORKDIR /app\nCOPY . /app\n\n# Creates a non-root user with an explicit UID and adds permission to access the /app folder\n# For more info, please refer to https://aka.ms/vscode-docker-python-configure-containers\nRUN adduser -u 5678 --disabled-password --gecos \"\" appuser && chown -R appuser /app\nUSER appuser\n\n# Run release commands\nRUN ./release.sh\n\n# During debugging, this entry point will be overridden. For more information,\n# please refer to https://aka.ms/vscode-docker-python-debug\nCMD gunicorn --config=gunicorn.conf.py patched:init_app\\(\\)\n"},"repairedBuild":{"startTime":1672844014039,"endTime":1672844262780,"error":{"code":1,"killed":false,"signal":null,"cmd":"docker build --no-cache --force-rm -t dribdat:latest -f /tmp/dinghy-analysis/dribdat/dribdat/Dockerfile ."},"stdout":"Sending build context to Docker daemon  2.898MB\r\r\nStep 1/15 : FROM python:3.9-slim\n ---> e2f464551004\nStep 2/15 : RUN apt-get update && apt-get install --no-install-recommends gcc -y && apt-get clean && rm -rf /var/lib/apt/lists/*;\n ---> Running in 94dee3afac9c\nGet:1 http://deb.debian.org/debian bullseye InRelease [116 kB]\nGet:2 http://deb.debian.org/debian-security bullseye-security InRelease [48.4 kB]\nGet:3 http://deb.debian.org/debian bullseye-updates InRelease [44.1 kB]\nGet:4 http://deb.debian.org/debian bullseye/main amd64 Packages [8183 kB]\nGet:5 http://deb.debian.org/debian-security bullseye-security/main amd64 Packages [210 kB]\nGet:6 http://deb.debian.org/debian bullseye-updates/main amd64 Packages [14.6 kB]\nFetched 8616 kB in 2s (3778 kB/s)\nReading package lists...\nReading package lists...\nBuilding dependency tree...\nReading state information...\nThe following additional packages will be installed:\n  binutils binutils-common binutils-x86-64-linux-gnu cpp cpp-10 gcc-10\n  libasan6 libatomic1 libbinutils libcc1-0 libctf-nobfd0 libctf0 libgcc-10-dev\n  libgomp1 libisl23 libitm1 liblsan0 libmpc3 libmpfr6 libquadmath0 libtsan0\n  libubsan1\nSuggested packages:\n  binutils-doc cpp-doc gcc-10-locales gcc-multilib make manpages-dev autoconf\n  automake libtool flex bison gdb gcc-doc gcc-10-multilib gcc-10-doc\nRecommended packages:\n  libc6-dev | libc-dev libc6-dev\nThe following NEW packages will be installed:\n  binutils binutils-common binutils-x86-64-linux-gnu cpp cpp-10 gcc gcc-10\n  libasan6 libatomic1 libbinutils libcc1-0 libctf-nobfd0 libctf0 libgcc-10-dev\n  libgomp1 libisl23 libitm1 liblsan0 libmpc3 libmpfr6 libquadmath0 libtsan0\n  libubsan1\n0 upgraded, 23 newly installed, 0 to remove and 0 not upgraded.\nNeed to get 41.4 MB of archives.\nAfter this operation, 151 MB of additional disk space will be used.\nGet:1 http://deb.debian.org/debian bullseye/main amd64 binutils-common amd64 2.35.2-2 [2220 kB]\nGet:2 http://deb.debian.org/debian bullseye/main amd64 libbinutils amd64 2.35.2-2 [570 kB]\nGet:3 http://deb.debian.org/debian bullseye/main amd64 libctf-nobfd0 amd64 2.35.2-2 [110 kB]\nGet:4 http://deb.debian.org/debian bullseye/main amd64 libctf0 amd64 2.35.2-2 [53.2 kB]\nGet:5 http://deb.debian.org/debian bullseye/main amd64 binutils-x86-64-linux-gnu amd64 2.35.2-2 [1809 kB]\nGet:6 http://deb.debian.org/debian bullseye/main amd64 binutils amd64 2.35.2-2 [61.2 kB]\nGet:7 http://deb.debian.org/debian bullseye/main amd64 libisl23 amd64 0.23-1 [676 kB]\nGet:8 http://deb.debian.org/debian bullseye/main amd64 libmpfr6 amd64 4.1.0-3 [2012 kB]\nGet:9 http://deb.debian.org/debian bullseye/main amd64 libmpc3 amd64 1.2.0-1 [45.0 kB]\nGet:10 http://deb.debian.org/debian bullseye/main amd64 cpp-10 amd64 10.2.1-6 [8528 kB]\nGet:11 http://deb.debian.org/debian bullseye/main amd64 cpp amd64 4:10.2.1-1 [19.7 kB]\nGet:12 http://deb.debian.org/debian bullseye/main amd64 libcc1-0 amd64 10.2.1-6 [47.0 kB]\nGet:13 http://deb.debian.org/debian bullseye/main amd64 libgomp1 amd64 10.2.1-6 [99.9 kB]\nGet:14 http://deb.debian.org/debian bullseye/main amd64 libitm1 amd64 10.2.1-6 [25.8 kB]\nGet:15 http://deb.debian.org/debian bullseye/main amd64 libatomic1 amd64 10.2.1-6 [9008 B]\nGet:16 http://deb.debian.org/debian bullseye/main amd64 libasan6 amd64 10.2.1-6 [2065 kB]\nGet:17 http://deb.debian.org/debian bullseye/main amd64 liblsan0 amd64 10.2.1-6 [828 kB]\nGet:18 http://deb.debian.org/debian bullseye/main amd64 libtsan0 amd64 10.2.1-6 [2000 kB]\nGet:19 http://deb.debian.org/debian bullseye/main amd64 libubsan1 amd64 10.2.1-6 [777 kB]\nGet:20 http://deb.debian.org/debian bullseye/main amd64 libquadmath0 amd64 10.2.1-6 [145 kB]\nGet:21 http://deb.debian.org/debian bullseye/main amd64 libgcc-10-dev amd64 10.2.1-6 [2328 kB]\nGet:22 http://deb.debian.org/debian bullseye/main amd64 gcc-10 amd64 10.2.1-6 [17.0 MB]\nGet:23 http://deb.debian.org/debian bullseye/main amd64 gcc amd64 4:10.2.1-1 [5192 B]\n\u001b[91mdebconf: delaying package configuration, since apt-utils is not installed\n\u001b[0mFetched 41.4 MB in 1s (30.7 MB/s)\nSelecting previously unselected package binutils-common:amd64.\r\n(Reading database ... \r(Reading database ... 5%\r(Reading database ... 10%\r(Reading database ... 15%\r(Reading database ... 20%\r(Reading database ... 25%\r(Reading database ... 30%\r(Reading database ... 35%\r(Reading database ... 40%\r(Reading database ... 45%\r(Reading database ... 50%\r(Reading database ... 55%\r(Reading database ... 60%\r(Reading database ... 65%\r(Reading database ... 70%\r(Reading database ... 75%\r(Reading database ... 80%\r(Reading database ... 85%\r(Reading database ... 90%\r(Reading database ... 95%\r(Reading database ... 100%\r(Reading database ... 7031 files and directories currently installed.)\r\nPreparing to unpack .../00-binutils-common_2.35.2-2_amd64.deb ...\r\nUnpacking binutils-common:amd64 (2.35.2-2) ...\r\nSelecting previously unselected package libbinutils:amd64.\r\nPreparing to unpack .../01-libbinutils_2.35.2-2_amd64.deb ...\r\nUnpacking libbinutils:amd64 (2.35.2-2) ...\r\nSelecting previously unselected package libctf-nobfd0:amd64.\r\nPreparing to unpack .../02-libctf-nobfd0_2.35.2-2_amd64.deb ...\r\nUnpacking libctf-nobfd0:amd64 (2.35.2-2) ...\r\nSelecting previously unselected package libctf0:amd64.\r\nPreparing to unpack .../03-libctf0_2.35.2-2_amd64.deb ...\r\nUnpacking libctf0:amd64 (2.35.2-2) ...\r\nSelecting previously unselected package binutils-x86-64-linux-gnu.\r\nPreparing to unpack .../04-binutils-x86-64-linux-gnu_2.35.2-2_amd64.deb ...\r\nUnpacking binutils-x86-64-linux-gnu (2.35.2-2) ...\r\nSelecting previously unselected package binutils.\r\nPreparing to unpack .../05-binutils_2.35.2-2_amd64.deb ...\r\nUnpacking binutils (2.35.2-2) ...\r\nSelecting previously unselected package libisl23:amd64.\r\nPreparing to unpack .../06-libisl23_0.23-1_amd64.deb ...\r\nUnpacking libisl23:amd64 (0.23-1) ...\r\nSelecting previously unselected package libmpfr6:amd64.\r\nPreparing to unpack .../07-libmpfr6_4.1.0-3_amd64.deb ...\r\nUnpacking libmpfr6:amd64 (4.1.0-3) ...\r\nSelecting previously unselected package libmpc3:amd64.\r\nPreparing to unpack .../08-libmpc3_1.2.0-1_amd64.deb ...\r\nUnpacking libmpc3:amd64 (1.2.0-1) ...\r\nSelecting previously unselected package cpp-10.\r\nPreparing to unpack .../09-cpp-10_10.2.1-6_amd64.deb ...\r\nUnpacking cpp-10 (10.2.1-6) ...\r\nSelecting previously unselected package cpp.\r\nPreparing to unpack .../10-cpp_4%3a10.2.1-1_amd64.deb ...\r\nUnpacking cpp (4:10.2.1-1) ...\r\nSelecting previously unselected package libcc1-0:amd64.\r\nPreparing to unpack .../11-libcc1-0_10.2.1-6_amd64.deb ...\r\nUnpacking libcc1-0:amd64 (10.2.1-6) ...\r\nSelecting previously unselected package libgomp1:amd64.\r\nPreparing to unpack .../12-libgomp1_10.2.1-6_amd64.deb ...\r\nUnpacking libgomp1:amd64 (10.2.1-6) ...\r\nSelecting previously unselected package libitm1:amd64.\r\nPreparing to unpack .../13-libitm1_10.2.1-6_amd64.deb ...\r\nUnpacking libitm1:amd64 (10.2.1-6) ...\r\nSelecting previously unselected package libatomic1:amd64.\r\nPreparing to unpack .../14-libatomic1_10.2.1-6_amd64.deb ...\r\nUnpacking libatomic1:amd64 (10.2.1-6) ...\r\nSelecting previously unselected package libasan6:amd64.\r\nPreparing to unpack .../15-libasan6_10.2.1-6_amd64.deb ...\r\nUnpacking libasan6:amd64 (10.2.1-6) ...\r\nSelecting previously unselected package liblsan0:amd64.\r\nPreparing to unpack .../16-liblsan0_10.2.1-6_amd64.deb ...\r\nUnpacking liblsan0:amd64 (10.2.1-6) ...\r\nSelecting previously unselected package libtsan0:amd64.\r\nPreparing to unpack .../17-libtsan0_10.2.1-6_amd64.deb ...\r\nUnpacking libtsan0:amd64 (10.2.1-6) ...\r\nSelecting previously unselected package libubsan1:amd64.\r\nPreparing to unpack .../18-libubsan1_10.2.1-6_amd64.deb ...\r\nUnpacking libubsan1:amd64 (10.2.1-6) ...\r\nSelecting previously unselected package libquadmath0:amd64.\r\nPreparing to unpack .../19-libquadmath0_10.2.1-6_amd64.deb ...\r\nUnpacking libquadmath0:amd64 (10.2.1-6) ...\r\nSelecting previously unselected package libgcc-10-dev:amd64.\r\nPreparing to unpack .../20-libgcc-10-dev_10.2.1-6_amd64.deb ...\r\nUnpacking libgcc-10-dev:amd64 (10.2.1-6) ...\r\nSelecting previously unselected package gcc-10.\r\nPreparing to unpack .../21-gcc-10_10.2.1-6_amd64.deb ...\r\nUnpacking gcc-10 (10.2.1-6) ...\r\nSelecting previously unselected package gcc.\r\nPreparing to unpack .../22-gcc_4%3a10.2.1-1_amd64.deb ...\r\nUnpacking gcc (4:10.2.1-1) ...\r\nSetting up binutils-common:amd64 (2.35.2-2) ...\r\nSetting up libctf-nobfd0:amd64 (2.35.2-2) ...\r\nSetting up libgomp1:amd64 (10.2.1-6) ...\r\nSetting up libasan6:amd64 (10.2.1-6) ...\r\nSetting up libmpfr6:amd64 (4.1.0-3) ...\r\nSetting up libquadmath0:amd64 (10.2.1-6) ...\r\nSetting up libmpc3:amd64 (1.2.0-1) ...\r\nSetting up libatomic1:amd64 (10.2.1-6) ...\r\nSetting up libubsan1:amd64 (10.2.1-6) ...\r\nSetting up libbinutils:amd64 (2.35.2-2) ...\r\nSetting up libisl23:amd64 (0.23-1) ...\r\nSetting up libcc1-0:amd64 (10.2.1-6) ...\r\nSetting up liblsan0:amd64 (10.2.1-6) ...\r\nSetting up cpp-10 (10.2.1-6) ...\r\nSetting up libitm1:amd64 (10.2.1-6) ...\r\nSetting up libtsan0:amd64 (10.2.1-6) ...\r\nSetting up libctf0:amd64 (2.35.2-2) ...\r\nSetting up libgcc-10-dev:amd64 (10.2.1-6) ...\r\nSetting up cpp (4:10.2.1-1) ...\r\nSetting up binutils-x86-64-linux-gnu (2.35.2-2) ...\r\nSetting up binutils (2.35.2-2) ...\r\nSetting up gcc-10 (10.2.1-6) ...\r\nSetting up gcc (4:10.2.1-1) ...\r\nProcessing triggers for libc-bin (2.31-13+deb11u5) ...\r\nRemoving intermediate container 94dee3afac9c\n ---> ce68422c5773\nStep 3/15 : EXPOSE 5000\n ---> Running in 98a73274c9f4\nRemoving intermediate container 98a73274c9f4\n ---> 5e226a652e56\nStep 4/15 : ENV PYTHONDONTWRITEBYTECODE=1\n ---> Running in d9950f893db7\nRemoving intermediate container d9950f893db7\n ---> d3c3ea2d21d9\nStep 5/15 : ENV PYTHONUNBUFFERED=1\n ---> Running in 80a5d91e793a\nRemoving intermediate container 80a5d91e793a\n ---> de3ab28bbc95\nStep 6/15 : COPY requirements.txt .\n ---> 55167d9830dd\nStep 7/15 : COPY requirements/* requirements/\n ---> e12bac10da09\nStep 8/15 : RUN python -m pip install --upgrade pip\n ---> Running in 179262dcebf5\nRequirement already satisfied: pip in /usr/local/lib/python3.9/site-packages (22.0.4)\nCollecting pip\n  Downloading pip-22.3.1-py3-none-any.whl (2.1 MB)\n     ━━━━━━━━━━━━━━━━━━━━━━━━━━━━━━━━━━━━━━━━ 2.1/2.1 MB 10.5 MB/s eta 0:00:00\nInstalling collected packages: pip\n  Attempting uninstall: pip\n    Found existing installation: pip 22.0.4\n    Uninstalling pip-22.0.4:\n      Successfully uninstalled pip-22.0.4\nSuccessfully installed pip-22.3.1\n\u001b[91mWARNING: Running pip as the 'root' user can result in broken permissions and conflicting behaviour with the system package manager. It is recommended to use a virtual environment instead: https://pip.pypa.io/warnings/venv\n\u001b[0mRemoving intermediate container 179262dcebf5\n ---> 1cbda2fd6849\nStep 9/15 : RUN python -m pip install -r requirements.txt\n ---> Running in 3606a63c7a5f\nIgnoring colorama: markers 'python_version >= \"3.7\" and python_full_version < \"3.0.0\" and platform_system == \"Windows\" or platform_system == \"Windows\" and python_version >= \"3.7\" and python_full_version >= \"3.7.0\"' don't match your environment\nIgnoring importlib-metadata: markers 'python_version < \"3.8\" and python_version >= \"3.7\" and (python_version >= \"3.6\" and python_full_version < \"3.0.0\" and python_version < \"3.8\" or python_full_version >= \"3.6.0\" and python_version < \"3.8\" and python_version >= \"3.6\") and (python_version >= \"3.7\" and python_full_version < \"3.0.0\" or python_full_version >= \"3.4.0\" and python_version >= \"3.7\") and python_full_version >= \"3.6.2\" and python_full_version < \"4.0.0\" and (python_version >= \"3.7\" and python_full_version < \"3.0.0\" and python_version < \"3.8\" or python_full_version >= \"3.6.0\" and python_version < \"3.8\" and python_version >= \"3.7\")' don't match your environment\nIgnoring importlib-resources: markers 'python_version < \"3.9\" and python_version >= \"3.7\"' don't match your environment\nIgnoring pkgutil-resolve-name: markers 'python_version < \"3.9\" and python_version >= \"3.7\"' don't match your environment\nIgnoring typing-extensions: markers 'python_version < \"3.8\" and python_version >= \"3.7\" and (python_version >= \"3.6\" and python_full_version < \"3.0.0\" and python_version < \"3.8\" or python_full_version >= \"3.6.0\" and python_version < \"3.8\" and python_version >= \"3.6\") and python_full_version >= \"3.6.3\" and python_full_version < \"4.0.0\"' don't match your environment\nIgnoring zipp: markers 'python_version < \"3.8\" and python_version >= \"3.7\" and (python_version >= \"3.6\" and python_full_version < \"3.0.0\" and python_version < \"3.8\" or python_full_version >= \"3.6.0\" and python_version < \"3.8\" and python_version >= \"3.6\")' don't match your environment\nCollecting misaka>=2.1.1\n  Downloading misaka-2.1.1.tar.gz (125 kB)\n     ━━━━━━━━━━━━━━━━━━━━━━━━━━━━━━━━━━━━━━━ 125.2/125.2 kB 1.2 MB/s eta 0:00:00\n  Preparing metadata (setup.py): started\n  Preparing metadata (setup.py): finished with status 'done'\nCollecting alembic==1.8.1\n  Downloading alembic-1.8.1-py3-none-any.whl (209 kB)\n     ━━━━━━━━━━━━━━━━━━━━━━━━━━━━━━━━━━━━━━━ 209.8/209.8 kB 8.7 MB/s eta 0:00:00\nCollecting aniso8601==9.0.1\n  Downloading aniso8601-9.0.1-py2.py3-none-any.whl (52 kB)\n     ━━━━━━━━━━━━━━━━━━━━━━━━━━━━━━━━━━━━━━━━ 52.8/52.8 kB 4.0 MB/s eta 0:00:00\nCollecting async-timeout==4.0.2\n  Downloading async_timeout-4.0.2-py3-none-any.whl (5.8 kB)\nCollecting attrs==22.1.0\n  Downloading attrs-22.1.0-py2.py3-none-any.whl (58 kB)\n     ━━━━━━━━━━━━━━━━━━━━━━━━━━━━━━━━━━━━━━━ 58.8/58.8 kB 230.3 kB/s eta 0:00:00\nCollecting bcrypt==4.0.1\n  Downloading bcrypt-4.0.1-cp36-abi3-manylinux_2_28_x86_64.whl (593 kB)\n     ━━━━━━━━━━━━━━━━━━━━━━━━━━━━━━━━━━━━━━ 593.7/593.7 kB 18.2 MB/s eta 0:00:00\nCollecting bleach==5.0.1\n  Downloading bleach-5.0.1-py3-none-any.whl (160 kB)\n     ━━━━━━━━━━━━━━━━━━━━━━━━━━━━━━━━━━━━━━━ 160.9/160.9 kB 8.3 MB/s eta 0:00:00\nCollecting boto3==1.19.12\n  Downloading boto3-1.19.12-py3-none-any.whl (131 kB)\n     ━━━━━━━━━━━━━━━━━━━━━━━━━━━━━━━━━━━━━━━ 131.8/131.8 kB 2.2 MB/s eta 0:00:00\nCollecting botocore==1.22.12\n  Downloading botocore-1.22.12-py3-none-any.whl (8.1 MB)\n     ━━━━━━━━━━━━━━━━━━━━━━━━━━━━━━━━━━━━━━━━ 8.1/8.1 MB 24.5 MB/s eta 0:00:00\nCollecting cachelib==0.9.0\n  Downloading cachelib-0.9.0-py3-none-any.whl (15 kB)\nCollecting certifi==2022.12.7\n  Downloading certifi-2022.12.7-py3-none-any.whl (155 kB)\n     ━━━━━━━━━━━━━━━━━━━━━━━━━━━━━━━━━━━━━━━ 155.3/155.3 kB 7.8 MB/s eta 0:00:00\nCollecting cffi==1.15.1\n  Using cached cffi-1.15.1-cp39-cp39-manylinux_2_17_x86_64.manylinux2014_x86_64.whl (441 kB)\nCollecting chardet==5.1.0\n  Downloading chardet-5.1.0-py3-none-any.whl (199 kB)\n     ━━━━━━━━━━━━━━━━━━━━━━━━━━━━━━━━━━━━━━━ 199.1/199.1 kB 1.2 MB/s eta 0:00:00\nCollecting charset-normalizer==2.1.1\n  Downloading charset_normalizer-2.1.1-py3-none-any.whl (39 kB)\nCollecting click==8.1.3\n  Downloading click-8.1.3-py3-none-any.whl (96 kB)\n     ━━━━━━━━━━━━━━━━━━━━━━━━━━━━━━━━━━━━━━━ 96.6/96.6 kB 828.9 kB/s eta 0:00:00\nCollecting commonmark==0.9.1\n  Downloading commonmark-0.9.1-py2.py3-none-any.whl (51 kB)\n     ━━━━━━━━━━━━━━━━━━━━━━━━━━━━━━━━━━━━━━━━ 51.1/51.1 kB 2.8 MB/s eta 0:00:00\nCollecting cssmin==0.2.0\n  Downloading cssmin-0.2.0.tar.gz (3.2 kB)\n  Preparing metadata (setup.py): started\n  Preparing metadata (setup.py): finished with status 'done'\nCollecting cssselect==1.2.0\n  Downloading cssselect-1.2.0-py2.py3-none-any.whl (18 kB)\nCollecting decorator==5.1.1\n  Downloading decorator-5.1.1-py3-none-any.whl (9.1 kB)\nCollecting dnspython==1.16.0\n  Downloading dnspython-1.16.0-py2.py3-none-any.whl (188 kB)\n     ━━━━━━━━━━━━━━━━━━━━━━━━━━━━━━━━━━━━━━━ 188.4/188.4 kB 1.2 MB/s eta 0:00:00\nCollecting email-validator==1.3.0\n  Downloading email_validator-1.3.0-py2.py3-none-any.whl (22 kB)\nCollecting eventlet==0.30.2\n  Downloading eventlet-0.30.2-py2.py3-none-any.whl (224 kB)\n     ━━━━━━━━━━━━━━━━━━━━━━━━━━━━━━━━━━━━━━━ 224.2/224.2 kB 2.8 MB/s eta 0:00:00\nCollecting flask-assets==2.0\n  Downloading Flask_Assets-2.0-py3-none-any.whl (8.5 kB)\nCollecting flask-bcrypt==1.0.1\n  Downloading Flask_Bcrypt-1.0.1-py3-none-any.whl (6.0 kB)\nCollecting flask-caching==2.0.1\n  Downloading Flask_Caching-2.0.1-py3-none-any.whl (28 kB)\nCollecting flask-cors==3.0.10\n  Downloading Flask_Cors-3.0.10-py2.py3-none-any.whl (14 kB)\nCollecting flask-dance==5.1.0\n  Downloading Flask_Dance-5.1.0-py2.py3-none-any.whl (59 kB)\n     ━━━━━━━━━━━━━━━━━━━━━━━━━━━━━━━━━━━━━━━━ 59.5/59.5 kB 64.8 kB/s eta 0:00:00\nCollecting flask-hashing==1.1\n  Downloading Flask-Hashing-1.1.tar.gz (3.0 kB)\n  Preparing metadata (setup.py): started\n  Preparing metadata (setup.py): finished with status 'done'\nCollecting flask-login==0.6.2\n  Downloading Flask_Login-0.6.2-py3-none-any.whl (17 kB)\nCollecting flask-mailman==0.3.0\n  Downloading Flask_Mailman-0.3.0-py3-none-any.whl (17 kB)\nCollecting flask-migrate==4.0.0\n  Downloading Flask_Migrate-4.0.0-py3-none-any.whl (20 kB)\nCollecting flask-misaka==1.0.0\n  Downloading Flask_Misaka-1.0.0-py3-none-any.whl (4.0 kB)\nCollecting flask-sqlalchemy==2.5.1\n  Downloading Flask_SQLAlchemy-2.5.1-py2.py3-none-any.whl (17 kB)\nCollecting flask-talisman==1.0.0\n  Downloading flask_talisman-1.0.0-py2.py3-none-any.whl (18 kB)\nCollecting flask-wtf==1.0.1\n  Downloading Flask_WTF-1.0.1-py3-none-any.whl (12 kB)\nCollecting flask==2.1.3\n  Downloading Flask-2.1.3-py3-none-any.whl (95 kB)\n     ━━━━━━━━━━━━━━━━━━━━━━━━━━━━━━━━━━━━━━━━ 95.6/95.6 kB 1.8 MB/s eta 0:00:00\nCollecting frictionless==4.40.8\n  Downloading frictionless-4.40.8-py2.py3-none-any.whl (419 kB)\n     ━━━━━━━━━━━━━━━━━━━━━━━━━━━━━━━━━━━━━━ 419.5/419.5 kB 23.6 MB/s eta 0:00:00\nCollecting future==0.18.2\n  Downloading future-0.18.2.tar.gz (829 kB)\n     ━━━━━━━━━━━━━━━━━━━━━━━━━━━━━━━━━━━━━━ 829.2/829.2 kB 31.7 MB/s eta 0:00:00\n  Preparing metadata (setup.py): started\n  Preparing metadata (setup.py): finished with status 'done'\nCollecting graphene==3.2.1\n  Downloading graphene-3.2.1-py2.py3-none-any.whl (125 kB)\n     ━━━━━━━━━━━━━━━━━━━━━━━━━━━━━━━━━━━━━━━ 125.1/125.1 kB 6.2 MB/s eta 0:00:00\nCollecting graphql-core==3.2.3\n  Downloading graphql_core-3.2.3-py3-none-any.whl (202 kB)\n     ━━━━━━━━━━━━━━━━━━━━━━━━━━━━━━━━━━━━━━━ 202.9/202.9 kB 3.3 MB/s eta 0:00:00\nCollecting graphql-relay==3.2.0\n  Downloading graphql_relay-3.2.0-py3-none-any.whl (16 kB)\nCollecting greenlet==2.0.1\n  Downloading greenlet-2.0.1-cp39-cp39-manylinux_2_17_x86_64.manylinux2014_x86_64.whl (535 kB)\n     ━━━━━━━━━━━━━━━━━━━━━━━━━━━━━━━━━━━━━━ 535.9/535.9 kB 21.5 MB/s eta 0:00:00\nCollecting gunicorn==20.1.0\n  Downloading gunicorn-20.1.0-py3-none-any.whl (79 kB)\n     ━━━━━━━━━━━━━━━━━━━━━━━━━━━━━━━━━━━━━━━━ 79.5/79.5 kB 4.6 MB/s eta 0:00:00\nCollecting hiredis==2.1.0\n  Downloading hiredis-2.1.0-cp39-cp39-manylinux_2_17_x86_64.manylinux2014_x86_64.whl (83 kB)\n     ━━━━━━━━━━━━━━━━━━━━━━━━━━━━━━━━━━━━━━━━ 83.1/83.1 kB 5.2 MB/s eta 0:00:00\nCollecting idna==3.4\n  Downloading idna-3.4-py3-none-any.whl (61 kB)\n     ━━━━━━━━━━━━━━━━━━━━━━━━━━━━━━━━━━━━━━━━ 61.5/61.5 kB 1.7 MB/s eta 0:00:00\nCollecting isodate==0.6.1\n  Downloading isodate-0.6.1-py2.py3-none-any.whl (41 kB)\n     ━━━━━━━━━━━━━━━━━━━━━━━━━━━━━━━━━━━━━━━━ 41.7/41.7 kB 1.5 MB/s eta 0:00:00\nCollecting itsdangerous==2.1.2\n  Downloading itsdangerous-2.1.2-py3-none-any.whl (15 kB)\nCollecting jinja2==3.1.2\n  Downloading Jinja2-3.1.2-py3-none-any.whl (133 kB)\n     ━━━━━━━━━━━━━━━━━━━━━━━━━━━━━━━━━━━━━━━ 133.1/133.1 kB 2.9 MB/s eta 0:00:00\nCollecting jmespath==0.10.0\n  Downloading jmespath-0.10.0-py2.py3-none-any.whl (24 kB)\nCollecting jsmin==3.0.1\n  Downloading jsmin-3.0.1.tar.gz (13 kB)\n  Preparing metadata (setup.py): started\n  Preparing metadata (setup.py): finished with status 'done'\nCollecting jsonschema==4.17.3\n  Downloading jsonschema-4.17.3-py3-none-any.whl (90 kB)\n     ━━━━━━━━━━━━━━━━━━━━━━━━━━━━━━━━━━━━━━━━ 90.4/90.4 kB 3.9 MB/s eta 0:00:00\nCollecting lxml==4.9.2\n  Downloading lxml-4.9.2-cp39-cp39-manylinux_2_17_x86_64.manylinux2014_x86_64.manylinux_2_24_x86_64.whl (7.1 MB)\n     ━━━━━━━━━━━━━━━━━━━━━━━━━━━━━━━━━━━━━━━━ 7.1/7.1 MB 23.2 MB/s eta 0:00:00\nCollecting mako==1.2.4\n  Downloading Mako-1.2.4-py3-none-any.whl (78 kB)\n     ━━━━━━━━━━━━━━━━━━━━━━━━━━━━━━━━━━━━━━━ 78.7/78.7 kB 240.3 kB/s eta 0:00:00\nCollecting marko==1.2.2\n  Downloading marko-1.2.2-py3-none-any.whl (39 kB)\nCollecting markupsafe==2.1.1\n  Downloading MarkupSafe-2.1.1-cp39-cp39-manylinux_2_17_x86_64.manylinux2014_x86_64.whl (25 kB)\nCollecting micawber==0.5.4\n  Downloading micawber-0.5.4.tar.gz (18 kB)\n  Preparing metadata (setup.py): started\n  Preparing metadata (setup.py): finished with status 'done'\nCollecting mkdocs-material-extensions==1.1.1\n  Downloading mkdocs_material_extensions-1.1.1-py3-none-any.whl (7.9 kB)\nCollecting oauthlib==3.2.2\n  Downloading oauthlib-3.2.2-py3-none-any.whl (151 kB)\n     ━━━━━━━━━━━━━━━━━━━━━━━━━━━━━━━━━━━━━━━ 151.7/151.7 kB 2.0 MB/s eta 0:00:00\nCollecting petl==1.7.12\n  Downloading petl-1.7.12.tar.gz (409 kB)\n     ━━━━━━━━━━━━━━━━━━━━━━━━━━━━━━━━━━━━━━━ 409.6/409.6 kB 6.2 MB/s eta 0:00:00\n  Installing build dependencies: started\n  Installing build dependencies: finished with status 'done'\n  Getting requirements to build wheel: started\n  Getting requirements to build wheel: finished with status 'done'\n  Preparing metadata (pyproject.toml): started\n  Preparing metadata (pyproject.toml): finished with status 'done'\nCollecting psycopg2-binary==2.9.5\n  Downloading psycopg2_binary-2.9.5-cp39-cp39-manylinux_2_17_x86_64.manylinux2014_x86_64.whl (3.0 MB)\n     ━━━━━━━━━━━━━━━━━━━━━━━━━━━━━━━━━━━━━━━━ 3.0/3.0 MB 6.6 MB/s eta 0:00:00\nCollecting pycparser==2.21\n  Using cached pycparser-2.21-py2.py3-none-any.whl (118 kB)\nCollecting pygments==2.13.0\n  Downloading Pygments-2.13.0-py3-none-any.whl (1.1 MB)\n     ━━━━━━━━━━━━━━━━━━━━━━━━━━━━━━━━━━━━━━━━ 1.1/1.1 MB 2.0 MB/s eta 0:00:00\nCollecting pyquery==1.4.3\n  Downloading pyquery-1.4.3-py3-none-any.whl (22 kB)\nCollecting pyrsistent==0.19.2\n  Downloading pyrsistent-0.19.2-py3-none-any.whl (57 kB)\n     ━━━━━━━━━━━━━━━━━━━━━━━━━━━━━━━━━━━━━━━ 57.5/57.5 kB 236.0 kB/s eta 0:00:00\nCollecting pystache==0.6.0\n  Downloading pystache-0.6.0.tar.gz (78 kB)\n     ━━━━━━━━━━━━━━━━━━━━━━━━━━━━━━━━━━━━━━━━ 78.2/78.2 kB 1.2 MB/s eta 0:00:00\n  Installing build dependencies: started\n  Installing build dependencies: finished with status 'done'\n  Getting requirements to build wheel: started\n  Getting requirements to build wheel: finished with status 'done'\n  Preparing metadata (pyproject.toml): started\n  Preparing metadata (pyproject.toml): finished with status 'done'\nCollecting python-dateutil==2.8.2\n  Downloading python_dateutil-2.8.2-py2.py3-none-any.whl (247 kB)\n     ━━━━━━━━━━━━━━━━━━━━━━━━━━━━━━━━━━━━━ 247.7/247.7 kB 518.7 kB/s eta 0:00:00\nCollecting python-dotenv==0.21.0\n  Downloading python_dotenv-0.21.0-py3-none-any.whl (18 kB)\nCollecting python-slugify==7.0.0\n  Downloading python_slugify-7.0.0-py2.py3-none-any.whl (9.4 kB)\nCollecting pytz==2022.6\n  Downloading pytz-2022.6-py2.py3-none-any.whl (498 kB)\n     ━━━━━━━━━━━━━━━━━━━━━━━━━━━━━━━━━━━━━ 498.1/498.1 kB 382.0 kB/s eta 0:00:00\nCollecting pyyaml==5.4.1\n  Downloading PyYAML-5.4.1-cp39-cp39-manylinux1_x86_64.whl (630 kB)\n     ━━━━━━━━━━━━━━━━━━━━━━━━━━━━━━━━━━━━━━━ 630.1/630.1 kB 4.0 MB/s eta 0:00:00\nCollecting redis==4.4.0\n  Downloading redis-4.4.0-py3-none-any.whl (236 kB)\n     ━━━━━━━━━━━━━━━━━━━━━━━━━━━━━━━━━━━━━━━ 236.4/236.4 kB 1.7 MB/s eta 0:00:00\nCollecting requests-oauthlib==1.3.1\n  Downloading requests_oauthlib-1.3.1-py2.py3-none-any.whl (23 kB)\nCollecting requests==2.28.1\n  Downloading requests-2.28.1-py3-none-any.whl (62 kB)\n     ━━━━━━━━━━━━━━━━━━━━━━━━━━━━━━━━━━━━━━━━ 62.8/62.8 kB 3.3 MB/s eta 0:00:00\nCollecting rfc3986==2.0.0\n  Downloading rfc3986-2.0.0-py2.py3-none-any.whl (31 kB)\nCollecting rich==12.6.0\n  Downloading rich-12.6.0-py3-none-any.whl (237 kB)\n     ━━━━━━━━━━━━━━━━━━━━━━━━━━━━━━━━━━━━━━━ 237.5/237.5 kB 1.2 MB/s eta 0:00:00\nCollecting s3transfer==0.5.2\n  Downloading s3transfer-0.5.2-py3-none-any.whl (79 kB)\n     ━━━━━━━━━━━━━━━━━━━━━━━━━━━━━━━━━━━━━━━━ 79.5/79.5 kB 1.8 MB/s eta 0:00:00\nCollecting shellingham==1.5.0\n  Downloading shellingham-1.5.0-py2.py3-none-any.whl (9.3 kB)\nCollecting simpleeval==0.9.12\n  Downloading simpleeval-0.9.12-py2.py3-none-any.whl (14 kB)\nCollecting six==1.16.0\n  Downloading six-1.16.0-py2.py3-none-any.whl (11 kB)\nCollecting sqlalchemy-continuum==1.3.13\n  Downloading SQLAlchemy_Continuum-1.3.13-py3-none-any.whl (45 kB)\n     ━━━━━━━━━━━━━━━━━━━━━━━━━━━━━━━━━━━━━━━━ 45.7/45.7 kB 2.4 MB/s eta 0:00:00\nCollecting sqlalchemy-utils==0.38.3\n  Downloading SQLAlchemy_Utils-0.38.3-py3-none-any.whl (100 kB)\n     ━━━━━━━━━━━━━━━━━━━━━━━━━━━━━━━━━━━━━━━ 100.3/100.3 kB 3.6 MB/s eta 0:00:00\nCollecting sqlalchemy==1.4.22\n  Downloading SQLAlchemy-1.4.22-cp39-cp39-manylinux_2_5_x86_64.manylinux1_x86_64.manylinux_2_17_x86_64.manylinux2014_x86_64.whl (1.6 MB)\n     ━━━━━━━━━━━━━━━━━━━━━━━━━━━━━━━━━━━━━━━━ 1.6/1.6 MB 27.1 MB/s eta 0:00:00\nCollecting stringcase==1.2.0\n  Downloading stringcase-1.2.0.tar.gz (3.0 kB)\n  Preparing metadata (setup.py): started\n  Preparing metadata (setup.py): finished with status 'done'\nCollecting tabulate==0.9.0\n  Downloading tabulate-0.9.0-py3-none-any.whl (35 kB)\nCollecting text-unidecode==1.3\n  Downloading text_unidecode-1.3-py2.py3-none-any.whl (78 kB)\n     ━━━━━━━━━━━━━━━━━━━━━━━━━━━━━━━━━━━━━━━━ 78.2/78.2 kB 3.6 MB/s eta 0:00:00\nCollecting typer==0.7.0\n  Downloading typer-0.7.0-py3-none-any.whl (38 kB)\nCollecting urllib3==1.26.13\n  Downloading urllib3-1.26.13-py2.py3-none-any.whl (140 kB)\n     ━━━━━━━━━━━━━━━━━━━━━━━━━━━━━━━━━━━━━ 140.6/140.6 kB 319.9 kB/s eta 0:00:00\nCollecting urlobject==2.4.3\n  Downloading URLObject-2.4.3.tar.gz (27 kB)\n  Preparing metadata (setup.py): started\n  Preparing metadata (setup.py): finished with status 'done'\nCollecting validators==0.20.0\n  Downloading validators-0.20.0.tar.gz (30 kB)\n  Preparing metadata (setup.py): started\n  Preparing metadata (setup.py): finished with status 'done'\nCollecting webassets==2.0\n  Downloading webassets-2.0-py3-none-any.whl (142 kB)\n     ━━━━━━━━━━━━━━━━━━━━━━━━━━━━━━━━━━━━━━━ 142.9/142.9 kB 7.0 MB/s eta 0:00:00\nCollecting webencodings==0.5.1\n  Downloading webencodings-0.5.1-py2.py3-none-any.whl (11 kB)\nCollecting werkzeug==2.0.3\n  Downloading Werkzeug-2.0.3-py3-none-any.whl (289 kB)\n     ━━━━━━━━━━━━━━━━━━━━━━━━━━━━━━━━━━━━━━━ 289.2/289.2 kB 9.5 MB/s eta 0:00:00\nCollecting whitenoise==5.3.0\n  Downloading whitenoise-5.3.0-py2.py3-none-any.whl (19 kB)\nCollecting wtforms==2.3.3\n  Downloading WTForms-2.3.3-py2.py3-none-any.whl (169 kB)\n     ━━━━━━━━━━━━━━━━━━━━━━━━━━━━━━━━━━━━━━━ 169.1/169.1 kB 6.9 MB/s eta 0:00:00\nCollecting importlib-metadata>=3.6.0\n  Downloading importlib_metadata-6.0.0-py3-none-any.whl (21 kB)\nRequirement already satisfied: setuptools>=3.0 in /usr/local/lib/python3.9/site-packages (from gunicorn==20.1.0->-r requirements/prod.txt (line 44)) (58.1.0)\nCollecting zipp>=0.5\n  Downloading zipp-3.11.0-py3-none-any.whl (6.6 kB)\nCollecting colorama<0.5.0,>=0.4.3\n  Downloading colorama-0.4.6-py2.py3-none-any.whl (25 kB)\n\u001b[91mWARNING: The candidate selected for download or install is a yanked version: 'shellingham' candidate (version 1.5.0 at https://files.pythonhosted.org/packages/3d/1a/d31fce69c119df1fddab3706b63c53d363982c55d841d9c3839b12f15327/shellingham-1.5.0-py2.py3-none-any.whl (from https://pypi.org/simple/shellingham/) (requires-python:>=3.4))\nReason for being yanked: Incorrect package metadata\n\u001b[0mBuilding wheels for collected packages: misaka, cssmin, flask-hashing, future, jsmin, micawber, petl, pystache, stringcase, urlobject, validators\n  Building wheel for misaka (setup.py): started\n  Building wheel for misaka (setup.py): finished with status 'error'\n\u001b[91m  error: subprocess-exited-with-error\n  \n  × python setup.py bdist_wheel did not run successfully.\n  │ exit code: 1\n  ╰─> [31 lines of output]\n      running bdist_wheel\n      running build\n      running build_py\n      creating build\n      creating build/lib.linux-x86_64-3.9\n      creating build/lib.linux-x86_64-3.9/misaka\n      copying misaka/api.py -> build/lib.linux-x86_64-3.9/misaka\n      copying misaka/__init__.py -> build/lib.linux-x86_64-3.9/misaka\n      copying misaka/callbacks.py -> build/lib.linux-x86_64-3.9/misaka\n      copying misaka/constants.py -> build/lib.linux-x86_64-3.9/misaka\n      copying misaka/utils.py -> build/lib.linux-x86_64-3.9/misaka\n      warning: build_py: byte-compiling is disabled, skipping.\n      \n      running build_ext\n      generating cffi module 'build/temp.linux-x86_64-3.9/misaka._hoedown.c'\n      creating build/temp.linux-x86_64-3.9\n      building 'misaka._hoedown' extension\n      creating build/temp.linux-x86_64-3.9/build\n      creating build/temp.linux-x86_64-3.9/build/temp.linux-x86_64-3.9\n      creating build/temp.linux-x86_64-3.9/misaka\n      creating build/temp.linux-x86_64-3.9/misaka/hoedown\n      gcc -pthread -Wno-unused-result -Wsign-compare -DNDEBUG -g -fwrapv -O3 -Wall -fPIC -Imisaka -I/usr/local/include/python3.9 -c build/temp.linux-x86_64-3.9/misaka._hoedown.c -o build/temp.linux-x86_64-3.9/build/temp.linux-x86_64-3.9/misaka._hoedown.o\n      In file included from /usr/lib/gcc/x86_64-linux-gnu/10/include/syslimits.h:7,\n                       from /usr/lib/gcc/x86_64-linux-gnu/10/include/limits.h:34,\n                       from /usr/local/include/python3.9/Python.h:11,\n                       from build/temp.linux-x86_64-3.9/misaka._hoedown.c:57:\n      /usr/lib/gcc/x86_64-linux-gnu/10/include/limits.h:195:15: fatal error: limits.h: No such file or directory\n        195 | #include_next <limits.h>  /* recurse down to the real one */\n            |               ^~~~~~~~~~\n      compilation terminated.\n      error: command '/usr/bin/gcc' failed with exit code 1\n      [end of output]\n  \n  note: This error originates from a subprocess, and is likely not a problem with pip.\n\u001b[0m\u001b[91m  ERROR: Failed building wheel for misaka\n\u001b[0m  Running setup.py clean for misaka\n  Building wheel for cssmin (setup.py): started\n  Building wheel for cssmin (setup.py): finished with status 'done'\n  Created wheel for cssmin: filename=cssmin-0.2.0-py3-none-any.whl size=3790 sha256=983806609e8a470de1c5374c0281db219c7683865dadebb4057b7c5b45d6912b\n  Stored in directory: /root/.cache/pip/wheels/62/5d/50/72080d2ebabc19635e7b336e5157c30353162e9be2a3f34c20\n  Building wheel for flask-hashing (setup.py): started\n  Building wheel for flask-hashing (setup.py): finished with status 'done'\n  Created wheel for flask-hashing: filename=Flask_Hashing-1.1-py3-none-any.whl size=3255 sha256=0e52e721c80200c6b6034b217fe47ac7cdc188f0ab1236d45f0342393e5dccff\n  Stored in directory: /root/.cache/pip/wheels/33/1f/9b/d18e0e7ae42bbad8f56a71f098dc4766db59c1c42491d74cfe\n  Building wheel for future (setup.py): started\n  Building wheel for future (setup.py): finished with status 'done'\n  Created wheel for future: filename=future-0.18.2-py3-none-any.whl size=491071 sha256=ac44acc089f6ba6a6a89a6b70e13adf2c4d1c6a4fbc75cd4f3a342a1bc64365c\n  Stored in directory: /root/.cache/pip/wheels/96/66/19/2de75120f5d0bc185e9d16cf0fd223d8471ed025de08e45867\n  Building wheel for jsmin (setup.py): started\n  Building wheel for jsmin (setup.py): finished with status 'done'\n  Created wheel for jsmin: filename=jsmin-3.0.1-py3-none-any.whl size=13783 sha256=afbdc526211d5a28706ee6650892ef0c56c54e692cc8a84dd4f860f64085e13d\n  Stored in directory: /root/.cache/pip/wheels/af/ab/ec/75758f1dbe296946d0d90421df85ad9bc5f59a825241614c6a\n  Building wheel for micawber (setup.py): started\n  Building wheel for micawber (setup.py): finished with status 'done'\n  Created wheel for micawber: filename=micawber-0.5.4-py3-none-any.whl size=22374 sha256=8b5060e3baa0c514b98b5a373ff5c27ea9a447add9d6d082f0a403f99a817835\n  Stored in directory: /root/.cache/pip/wheels/61/6d/f5/b06fd2dbfef5b04bf20663bb46e601e2e49a7bc3b4f403f72e\n  Building wheel for petl (pyproject.toml): started\n  Building wheel for petl (pyproject.toml): finished with status 'done'\n  Created wheel for petl: filename=petl-1.7.12-py3-none-any.whl size=226953 sha256=6f05f2d3efaca65795bfca1c736309d0626a8a5ba6029dd2812d09179cc365b9\n  Stored in directory: /root/.cache/pip/wheels/f6/d2/53/b4a30c7e84d8fdef8a41799f4766f22f03e43d8e9ced6acfe3\n  Building wheel for pystache (pyproject.toml): started\n  Building wheel for pystache (pyproject.toml): finished with status 'done'\n  Created wheel for pystache: filename=pystache-0.6.0-py3-none-any.whl size=83618 sha256=c440db32fdc4782ffa5c271902749b1e9787045c11ff7753e47a2ead8d6c1dd3\n  Stored in directory: /root/.cache/pip/wheels/66/17/80/1fa8123607af3e55ee038d7311592eaf26f8afae58f0a17f00\n  Building wheel for stringcase (setup.py): started\n  Building wheel for stringcase (setup.py): finished with status 'done'\n  Created wheel for stringcase: filename=stringcase-1.2.0-py3-none-any.whl size=3587 sha256=debbcb613f663e38e5844d4e4b727eca24b15b14025bd014cd22d3ac38f950e6\n  Stored in directory: /root/.cache/pip/wheels/ab/5e/ef/561f4c25e3dbbe6b0cd1e2f220d560ec84df547ad763d634b2\n  Building wheel for urlobject (setup.py): started\n  Building wheel for urlobject (setup.py): finished with status 'done'\n  Created wheel for urlobject: filename=URLObject-2.4.3-py3-none-any.whl size=14533 sha256=81f8632228b9b5497f02325fc106d803b125662f2ba84d6b4280bc338502c2f4\n  Stored in directory: /root/.cache/pip/wheels/42/92/e7/fd5be2d6b67ea239087ec3d7f8830139289f5780da8330d2eb\n  Building wheel for validators (setup.py): started\n  Building wheel for validators (setup.py): finished with status 'done'\n  Created wheel for validators: filename=validators-0.20.0-py3-none-any.whl size=19581 sha256=974027a0dab6afbf9060c51d28b77daabbf9efae7c58a6afc5f441b94d585f89\n  Stored in directory: /root/.cache/pip/wheels/5c/6a/fd/17a2b6f8d376e336d46414eeaf656327fd973158159b059046\nSuccessfully built cssmin flask-hashing future jsmin micawber petl pystache stringcase urlobject validators\nFailed to build misaka\nInstalling collected packages: webencodings, webassets, urlobject, text-unidecode, stringcase, simpleeval, pytz, micawber, jsmin, flask-talisman, cssmin, commonmark, aniso8601, zipp, whitenoise, werkzeug, urllib3, tabulate, six, shellingham, rfc3986, pyyaml, python-slugify, python-dotenv, pystache, pyrsistent, pygments, pycparser, psycopg2-binary, petl, oauthlib, mkdocs-material-extensions, markupsafe, marko, lxml, jmespath, itsdangerous, idna, hiredis, gunicorn, greenlet, graphql-core, future, dnspython, decorator, cssselect, colorama, click, charset-normalizer, chardet, certifi, cachelib, bcrypt, attrs, async-timeout, wtforms, validators, typer, sqlalchemy, rich, requests, redis, python-dateutil, pyquery, mako, jsonschema, jinja2, isodate, importlib-metadata, graphql-relay, eventlet, email-validator, cffi, bleach, sqlalchemy-utils, requests-oauthlib, misaka, graphene, flask, botocore, alembic, sqlalchemy-continuum, s3transfer, frictionless, flask-wtf, flask-sqlalchemy, flask-misaka, flask-mailman, flask-login, flask-hashing, flask-dance, flask-cors, flask-caching, flask-bcrypt, flask-assets, flask-migrate, boto3\n  Running setup.py install for misaka: started\n  Running setup.py install for misaka: finished with status 'error'\n\u001b[91m  error: subprocess-exited-with-error\n  \n  × Running setup.py install for misaka did not run successfully.\n  │ exit code: 1\n  ╰─> [31 lines of output]\n      running install\n      running build\n      running build_py\n      creating build\n      creating build/lib.linux-x86_64-3.9\n      creating build/lib.linux-x86_64-3.9/misaka\n      copying misaka/api.py -> build/lib.linux-x86_64-3.9/misaka\n      copying misaka/__init__.py -> build/lib.linux-x86_64-3.9/misaka\n      copying misaka/callbacks.py -> build/lib.linux-x86_64-3.9/misaka\n      copying misaka/constants.py -> build/lib.linux-x86_64-3.9/misaka\n      copying misaka/utils.py -> build/lib.linux-x86_64-3.9/misaka\n      warning: build_py: byte-compiling is disabled, skipping.\n      \n      running build_ext\n      generating cffi module 'build/temp.linux-x86_64-3.9/misaka._hoedown.c'\n      creating build/temp.linux-x86_64-3.9\n      building 'misaka._hoedown' extension\n      creating build/temp.linux-x86_64-3.9/build\n      creating build/temp.linux-x86_64-3.9/build/temp.linux-x86_64-3.9\n      creating build/temp.linux-x86_64-3.9/misaka\n      creating build/temp.linux-x86_64-3.9/misaka/hoedown\n      gcc -pthread -Wno-unused-result -Wsign-compare -DNDEBUG -g -fwrapv -O3 -Wall -fPIC -Imisaka -I/usr/local/include/python3.9 -c build/temp.linux-x86_64-3.9/misaka._hoedown.c -o build/temp.linux-x86_64-3.9/build/temp.linux-x86_64-3.9/misaka._hoedown.o\n      In file included from /usr/lib/gcc/x86_64-linux-gnu/10/include/syslimits.h:7,\n                       from /usr/lib/gcc/x86_64-linux-gnu/10/include/limits.h:34,\n                       from /usr/local/include/python3.9/Python.h:11,\n                       from build/temp.linux-x86_64-3.9/misaka._hoedown.c:57:\n      /usr/lib/gcc/x86_64-linux-gnu/10/include/limits.h:195:15: fatal error: limits.h: No such file or directory\n        195 | #include_next <limits.h>  /* recurse down to the real one */\n            |               ^~~~~~~~~~\n      compilation terminated.\n      error: command '/usr/bin/gcc' failed with exit code 1\n      [end of output]\n  \n  note: This error originates from a subprocess, and is likely not a problem with pip.\n\u001b[0m\u001b[91merror: legacy-install-failure\n\n× Encountered error while trying to install package.\n╰─> misaka\n\nnote: This is an issue with the package mentioned above, not pip.\nhint: See above for output from the failure.\n\u001b[0mRemoving intermediate container 3606a63c7a5f\n","stderr":"The command '/bin/sh -c python -m pip install -r requirements.txt' returned a non-zero code: 1\n"}}