{"repository":"https://github.com/idlesign/pythonz","dockerfilePath":"Dockerfile","startTime":1672542367773,"clone":{"stdout":"","stderr":"Cloning into '/tmp/dinghy-analysis/idlesign/pythonz'...\n","error":null,"commit":"869256640790c272d52787ab1e5ec9780504ea46"},"originalBuild":{"startTimestamp":1672542368728,"endTimestamp":1672542617234,"error":{"code":1,"killed":false,"signal":null,"cmd":"docker build --no-cache --force-rm -t pythonz:latest -f /tmp/dinghy-analysis/idlesign/pythonz/Dockerfile ."},"stdout":"Sending build context to Docker daemon  2.515MB\r\r\nStep 1/12 : FROM ubuntu:20.04\n20.04: Pulling from library/ubuntu\nDigest: sha256:0e0402cd13f68137edb0266e1d2c682f217814420f2d43d300ed8f65479b14fb\nStatus: Downloaded newer image for ubuntu:20.04\n ---> d5447fc01ae6\nStep 2/12 : RUN apt-get update &&     apt-get upgrade -y\n ---> Running in 91d64a251b23\nGet:1 http://archive.ubuntu.com/ubuntu focal InRelease [265 kB]\nGet:2 http://security.ubuntu.com/ubuntu focal-security InRelease [114 kB]\nGet:3 http://archive.ubuntu.com/ubuntu focal-updates InRelease [114 kB]\nGet:4 http://security.ubuntu.com/ubuntu focal-security/multiverse amd64 Packages [27.7 kB]\nGet:5 http://archive.ubuntu.com/ubuntu focal-backports InRelease [108 kB]\nGet:6 http://security.ubuntu.com/ubuntu focal-security/main amd64 Packages [2358 kB]\nGet:7 http://archive.ubuntu.com/ubuntu focal/universe amd64 Packages [11.3 MB]\nGet:8 http://security.ubuntu.com/ubuntu focal-security/restricted amd64 Packages [1779 kB]\nGet:9 http://security.ubuntu.com/ubuntu focal-security/universe amd64 Packages [972 kB]\nGet:10 http://archive.ubuntu.com/ubuntu focal/multiverse amd64 Packages [177 kB]\nGet:11 http://archive.ubuntu.com/ubuntu focal/restricted amd64 Packages [33.4 kB]\nGet:12 http://archive.ubuntu.com/ubuntu focal/main amd64 Packages [1275 kB]\nGet:13 http://archive.ubuntu.com/ubuntu focal-updates/universe amd64 Packages [1275 kB]\nGet:14 http://archive.ubuntu.com/ubuntu focal-updates/restricted amd64 Packages [1894 kB]\nGet:15 http://archive.ubuntu.com/ubuntu focal-updates/multiverse amd64 Packages [30.4 kB]\nGet:16 http://archive.ubuntu.com/ubuntu focal-updates/main amd64 Packages [2828 kB]\nGet:17 http://archive.ubuntu.com/ubuntu focal-backports/universe amd64 Packages [28.6 kB]\nGet:18 http://archive.ubuntu.com/ubuntu focal-backports/main amd64 Packages [55.2 kB]\nFetched 24.7 MB in 3s (8961 kB/s)\nReading package lists...\nReading package lists...\nBuilding dependency tree...\nReading state information...\nCalculating upgrade...\n0 upgraded, 0 newly installed, 0 to remove and 0 not upgraded.\nRemoving intermediate container 91d64a251b23\n ---> 4ec373a30536\nStep 3/12 : RUN apt-get install -y python3-pip libpq-dev\n ---> Running in cef695b88250\nReading package lists...\nBuilding dependency tree...\nReading state information...\nThe following additional packages will be installed:\n  binutils binutils-common binutils-x86-64-linux-gnu build-essential\n  ca-certificates cpp cpp-9 dirmngr dpkg-dev fakeroot file g++ g++-9 gcc gcc-9\n  gcc-9-base gnupg gnupg-l10n gnupg-utils gpg gpg-agent gpg-wks-client\n  gpg-wks-server gpgconf gpgsm krb5-locales libalgorithm-diff-perl\n  libalgorithm-diff-xs-perl libalgorithm-merge-perl libasan5 libasn1-8-heimdal\n  libassuan0 libatomic1 libbinutils libc-dev-bin libc6-dev libcc1-0\n  libcrypt-dev libctf-nobfd0 libctf0 libdpkg-perl libexpat1 libexpat1-dev\n  libfakeroot libfile-fcntllock-perl libgcc-9-dev libgdbm-compat4 libgdbm6\n  libgomp1 libgssapi-krb5-2 libgssapi3-heimdal libhcrypto4-heimdal\n  libheimbase1-heimdal libheimntlm0-heimdal libhx509-5-heimdal libisl22\n  libitm1 libk5crypto3 libkeyutils1 libkrb5-26-heimdal libkrb5-3\n  libkrb5support0 libksba8 libldap-2.4-2 libldap-common liblocale-gettext-perl\n  liblsan0 libmagic-mgc libmagic1 libmpc3 libmpdec2 libmpfr6 libnpth0\n  libperl5.30 libpq5 libpython3-dev libpython3-stdlib libpython3.8\n  libpython3.8-dev libpython3.8-minimal libpython3.8-stdlib libquadmath0\n  libreadline8 libroken18-heimdal libsasl2-2 libsasl2-modules\n  libsasl2-modules-db libsqlite3-0 libssl1.1 libstdc++-9-dev libtsan0\n  libubsan1 libwind0-heimdal linux-libc-dev make manpages manpages-dev\n  mime-support netbase openssl patch perl perl-modules-5.30 pinentry-curses\n  python-pip-whl python3 python3-dev python3-distutils python3-lib2to3\n  python3-minimal python3-pkg-resources python3-setuptools python3-wheel\n  python3.8 python3.8-dev python3.8-minimal readline-common xz-utils\n  zlib1g-dev\nSuggested packages:\n  binutils-doc cpp-doc gcc-9-locales dbus-user-session libpam-systemd\n  pinentry-gnome3 tor debian-keyring g++-multilib g++-9-multilib gcc-9-doc\n  gcc-multilib autoconf automake libtool flex bison gdb gcc-doc gcc-9-multilib\n  parcimonie xloadimage scdaemon glibc-doc git bzr gdbm-l10n krb5-doc\n  krb5-user postgresql-doc-12 libsasl2-modules-gssapi-mit\n  | libsasl2-modules-gssapi-heimdal libsasl2-modules-ldap libsasl2-modules-otp\n  libsasl2-modules-sql libstdc++-9-doc make-doc man-browser ed diffutils-doc\n  perl-doc libterm-readline-gnu-perl | libterm-readline-perl-perl\n  libb-debug-perl liblocale-codes-perl pinentry-doc python3-doc python3-tk\n  python3-venv python-setuptools-doc python3.8-venv python3.8-doc\n  binfmt-support readline-doc\nThe following NEW packages will be installed:\n  binutils binutils-common binutils-x86-64-linux-gnu build-essential\n  ca-certificates cpp cpp-9 dirmngr dpkg-dev fakeroot file g++ g++-9 gcc gcc-9\n  gcc-9-base gnupg gnupg-l10n gnupg-utils gpg gpg-agent gpg-wks-client\n  gpg-wks-server gpgconf gpgsm krb5-locales libalgorithm-diff-perl\n  libalgorithm-diff-xs-perl libalgorithm-merge-perl libasan5 libasn1-8-heimdal\n  libassuan0 libatomic1 libbinutils libc-dev-bin libc6-dev libcc1-0\n  libcrypt-dev libctf-nobfd0 libctf0 libdpkg-perl libexpat1 libexpat1-dev\n  libfakeroot libfile-fcntllock-perl libgcc-9-dev libgdbm-compat4 libgdbm6\n  libgomp1 libgssapi-krb5-2 libgssapi3-heimdal libhcrypto4-heimdal\n  libheimbase1-heimdal libheimntlm0-heimdal libhx509-5-heimdal libisl22\n  libitm1 libk5crypto3 libkeyutils1 libkrb5-26-heimdal libkrb5-3\n  libkrb5support0 libksba8 libldap-2.4-2 libldap-common liblocale-gettext-perl\n  liblsan0 libmagic-mgc libmagic1 libmpc3 libmpdec2 libmpfr6 libnpth0\n  libperl5.30 libpq-dev libpq5 libpython3-dev libpython3-stdlib libpython3.8\n  libpython3.8-dev libpython3.8-minimal libpython3.8-stdlib libquadmath0\n  libreadline8 libroken18-heimdal libsasl2-2 libsasl2-modules\n  libsasl2-modules-db libsqlite3-0 libssl1.1 libstdc++-9-dev libtsan0\n  libubsan1 libwind0-heimdal linux-libc-dev make manpages manpages-dev\n  mime-support netbase openssl patch perl perl-modules-5.30 pinentry-curses\n  python-pip-whl python3 python3-dev python3-distutils python3-lib2to3\n  python3-minimal python3-pip python3-pkg-resources python3-setuptools\n  python3-wheel python3.8 python3.8-dev python3.8-minimal readline-common\n  xz-utils zlib1g-dev\n0 upgraded, 121 newly installed, 0 to remove and 0 not upgraded.\nNeed to get 75.8 MB of archives.\nAfter this operation, 336 MB of additional disk space will be used.\nGet:1 http://archive.ubuntu.com/ubuntu focal/main amd64 liblocale-gettext-perl amd64 1.07-4 [17.1 kB]\nGet:2 http://archive.ubuntu.com/ubuntu focal-updates/main amd64 libssl1.1 amd64 1.1.1f-1ubuntu2.16 [1321 kB]\nGet:3 http://archive.ubuntu.com/ubuntu focal-updates/main amd64 libpython3.8-minimal amd64 3.8.10-0ubuntu1~20.04.6 [717 kB]\nGet:4 http://archive.ubuntu.com/ubuntu focal-updates/main amd64 libexpat1 amd64 2.2.9-1ubuntu0.6 [74.6 kB]\nGet:5 http://archive.ubuntu.com/ubuntu focal-updates/main amd64 python3.8-minimal amd64 3.8.10-0ubuntu1~20.04.6 [1901 kB]\nGet:6 http://archive.ubuntu.com/ubuntu focal/main amd64 python3-minimal amd64 3.8.2-0ubuntu2 [23.6 kB]\nGet:7 http://archive.ubuntu.com/ubuntu focal/main amd64 mime-support all 3.64ubuntu1 [30.6 kB]\nGet:8 http://archive.ubuntu.com/ubuntu focal/main amd64 libmpdec2 amd64 2.4.2-3 [81.1 kB]\nGet:9 http://archive.ubuntu.com/ubuntu focal/main amd64 readline-common all 8.0-4 [53.5 kB]\nGet:10 http://archive.ubuntu.com/ubuntu focal/main amd64 libreadline8 amd64 8.0-4 [131 kB]\nGet:11 http://archive.ubuntu.com/ubuntu focal-updates/main amd64 libsqlite3-0 amd64 3.31.1-4ubuntu0.5 [549 kB]\nGet:12 http://archive.ubuntu.com/ubuntu focal-updates/main amd64 libpython3.8-stdlib amd64 3.8.10-0ubuntu1~20.04.6 [1675 kB]\nGet:13 http://archive.ubuntu.com/ubuntu focal-updates/main amd64 python3.8 amd64 3.8.10-0ubuntu1~20.04.6 [387 kB]\nGet:14 http://archive.ubuntu.com/ubuntu focal/main amd64 libpython3-stdlib amd64 3.8.2-0ubuntu2 [7068 B]\nGet:15 http://archive.ubuntu.com/ubuntu focal/main amd64 python3 amd64 3.8.2-0ubuntu2 [47.6 kB]\nGet:16 http://archive.ubuntu.com/ubuntu focal-updates/main amd64 perl-modules-5.30 all 5.30.0-9ubuntu0.3 [2739 kB]\nGet:17 http://archive.ubuntu.com/ubuntu focal/main amd64 libgdbm6 amd64 1.18.1-5 [27.4 kB]\nGet:18 http://archive.ubuntu.com/ubuntu focal/main amd64 libgdbm-compat4 amd64 1.18.1-5 [6244 B]\nGet:19 http://archive.ubuntu.com/ubuntu focal-updates/main amd64 libperl5.30 amd64 5.30.0-9ubuntu0.3 [3951 kB]\nGet:20 http://archive.ubuntu.com/ubuntu focal-updates/main amd64 perl amd64 5.30.0-9ubuntu0.3 [224 kB]\nGet:21 http://archive.ubuntu.com/ubuntu focal-updates/main amd64 openssl amd64 1.1.1f-1ubuntu2.16 [621 kB]\nGet:22 http://archive.ubuntu.com/ubuntu focal-updates/main amd64 ca-certificates all 20211016ubuntu0.20.04.1 [141 kB]\nGet:23 http://archive.ubuntu.com/ubuntu focal/main amd64 libmagic-mgc amd64 1:5.38-4 [218 kB]\nGet:24 http://archive.ubuntu.com/ubuntu focal/main amd64 libmagic1 amd64 1:5.38-4 [75.9 kB]\nGet:25 http://archive.ubuntu.com/ubuntu focal/main amd64 file amd64 1:5.38-4 [23.3 kB]\nGet:26 http://archive.ubuntu.com/ubuntu focal/main amd64 netbase all 6.1 [13.1 kB]\nGet:27 http://archive.ubuntu.com/ubuntu focal/main amd64 python3-pkg-resources all 45.2.0-1 [130 kB]\nGet:28 http://archive.ubuntu.com/ubuntu focal-updates/main amd64 xz-utils amd64 5.2.4-1ubuntu1.1 [82.6 kB]\nGet:29 http://archive.ubuntu.com/ubuntu focal-updates/main amd64 krb5-locales all 1.17-6ubuntu4.1 [11.4 kB]\nGet:30 http://archive.ubuntu.com/ubuntu focal-updates/main amd64 libkrb5support0 amd64 1.17-6ubuntu4.1 [30.9 kB]\nGet:31 http://archive.ubuntu.com/ubuntu focal-updates/main amd64 libk5crypto3 amd64 1.17-6ubuntu4.1 [79.9 kB]\nGet:32 http://archive.ubuntu.com/ubuntu focal-updates/main amd64 libkeyutils1 amd64 1.6-6ubuntu1.1 [10.3 kB]\nGet:33 http://archive.ubuntu.com/ubuntu focal-updates/main amd64 libkrb5-3 amd64 1.17-6ubuntu4.1 [330 kB]\nGet:34 http://archive.ubuntu.com/ubuntu focal-updates/main amd64 libgssapi-krb5-2 amd64 1.17-6ubuntu4.1 [121 kB]\nGet:35 http://archive.ubuntu.com/ubuntu focal/main amd64 manpages all 5.05-1 [1314 kB]\nGet:36 http://archive.ubuntu.com/ubuntu focal-updates/main amd64 binutils-common amd64 2.34-6ubuntu1.4 [207 kB]\nGet:37 http://archive.ubuntu.com/ubuntu focal-updates/main amd64 libbinutils amd64 2.34-6ubuntu1.4 [474 kB]\nGet:38 http://archive.ubuntu.com/ubuntu focal-updates/main amd64 libctf-nobfd0 amd64 2.34-6ubuntu1.4 [47.2 kB]\nGet:39 http://archive.ubuntu.com/ubuntu focal-updates/main amd64 libctf0 amd64 2.34-6ubuntu1.4 [46.6 kB]\nGet:40 http://archive.ubuntu.com/ubuntu focal-updates/main amd64 binutils-x86-64-linux-gnu amd64 2.34-6ubuntu1.4 [1613 kB]\nGet:41 http://archive.ubuntu.com/ubuntu focal-updates/main amd64 binutils amd64 2.34-6ubuntu1.4 [3380 B]\nGet:42 http://archive.ubuntu.com/ubuntu focal-updates/main amd64 libc-dev-bin amd64 2.31-0ubuntu9.9 [71.8 kB]\nGet:43 http://archive.ubuntu.com/ubuntu focal-updates/main amd64 linux-libc-dev amd64 5.4.0-135.152 [1121 kB]\nGet:44 http://archive.ubuntu.com/ubuntu focal/main amd64 libcrypt-dev amd64 1:4.4.10-10ubuntu4 [104 kB]\nGet:45 http://archive.ubuntu.com/ubuntu focal-updates/main amd64 libc6-dev amd64 2.31-0ubuntu9.9 [2519 kB]\nGet:46 http://archive.ubuntu.com/ubuntu focal-updates/main amd64 gcc-9-base amd64 9.4.0-1ubuntu1~20.04.1 [19.4 kB]\nGet:47 http://archive.ubuntu.com/ubuntu focal/main amd64 libisl22 amd64 0.22.1-1 [592 kB]\nGet:48 http://archive.ubuntu.com/ubuntu focal/main amd64 libmpfr6 amd64 4.0.2-1 [240 kB]\nGet:49 http://archive.ubuntu.com/ubuntu focal/main amd64 libmpc3 amd64 1.1.0-1 [40.8 kB]\nGet:50 http://archive.ubuntu.com/ubuntu focal-updates/main amd64 cpp-9 amd64 9.4.0-1ubuntu1~20.04.1 [7500 kB]\nGet:51 http://archive.ubuntu.com/ubuntu focal/main amd64 cpp amd64 4:9.3.0-1ubuntu2 [27.6 kB]\nGet:52 http://archive.ubuntu.com/ubuntu focal-updates/main amd64 libcc1-0 amd64 10.3.0-1ubuntu1~20.04 [48.8 kB]\nGet:53 http://archive.ubuntu.com/ubuntu focal-updates/main amd64 libgomp1 amd64 10.3.0-1ubuntu1~20.04 [102 kB]\nGet:54 http://archive.ubuntu.com/ubuntu focal-updates/main amd64 libitm1 amd64 10.3.0-1ubuntu1~20.04 [26.2 kB]\nGet:55 http://archive.ubuntu.com/ubuntu focal-updates/main amd64 libatomic1 amd64 10.3.0-1ubuntu1~20.04 [9284 B]\nGet:56 http://archive.ubuntu.com/ubuntu focal-updates/main amd64 libasan5 amd64 9.4.0-1ubuntu1~20.04.1 [2751 kB]\nGet:57 http://archive.ubuntu.com/ubuntu focal-updates/main amd64 liblsan0 amd64 10.3.0-1ubuntu1~20.04 [835 kB]\nGet:58 http://archive.ubuntu.com/ubuntu focal-updates/main amd64 libtsan0 amd64 10.3.0-1ubuntu1~20.04 [2009 kB]\nGet:59 http://archive.ubuntu.com/ubuntu focal-updates/main amd64 libubsan1 amd64 10.3.0-1ubuntu1~20.04 [784 kB]\nGet:60 http://archive.ubuntu.com/ubuntu focal-updates/main amd64 libquadmath0 amd64 10.3.0-1ubuntu1~20.04 [146 kB]\nGet:61 http://archive.ubuntu.com/ubuntu focal-updates/main amd64 libgcc-9-dev amd64 9.4.0-1ubuntu1~20.04.1 [2359 kB]\nGet:62 http://archive.ubuntu.com/ubuntu focal-updates/main amd64 gcc-9 amd64 9.4.0-1ubuntu1~20.04.1 [8274 kB]\nGet:63 http://archive.ubuntu.com/ubuntu focal/main amd64 gcc amd64 4:9.3.0-1ubuntu2 [5208 B]\nGet:64 http://archive.ubuntu.com/ubuntu focal-updates/main amd64 libstdc++-9-dev amd64 9.4.0-1ubuntu1~20.04.1 [1722 kB]\nGet:65 http://archive.ubuntu.com/ubuntu focal-updates/main amd64 g++-9 amd64 9.4.0-1ubuntu1~20.04.1 [8420 kB]\nGet:66 http://archive.ubuntu.com/ubuntu focal/main amd64 g++ amd64 4:9.3.0-1ubuntu2 [1604 B]\nGet:67 http://archive.ubuntu.com/ubuntu focal/main amd64 make amd64 4.2.1-1.2 [162 kB]\nGet:68 http://archive.ubuntu.com/ubuntu focal-updates/main amd64 libdpkg-perl all 1.19.7ubuntu3.2 [231 kB]\nGet:69 http://archive.ubuntu.com/ubuntu focal/main amd64 patch amd64 2.7.6-6 [105 kB]\nGet:70 http://archive.ubuntu.com/ubuntu focal-updates/main amd64 dpkg-dev all 1.19.7ubuntu3.2 [679 kB]\nGet:71 http://archive.ubuntu.com/ubuntu focal-updates/main amd64 build-essential amd64 12.8ubuntu1.1 [4664 B]\nGet:72 http://archive.ubuntu.com/ubuntu focal/main amd64 libassuan0 amd64 2.5.3-7ubuntu2 [35.7 kB]\nGet:73 http://archive.ubuntu.com/ubuntu focal-updates/main amd64 gpgconf amd64 2.2.19-3ubuntu2.2 [124 kB]\nGet:74 http://archive.ubuntu.com/ubuntu focal-updates/main amd64 libksba8 amd64 1.3.5-2ubuntu0.20.04.1 [95.1 kB]\nGet:75 http://archive.ubuntu.com/ubuntu focal-updates/main amd64 libroken18-heimdal amd64 7.7.0+dfsg-1ubuntu1.2 [42.3 kB]\nGet:76 http://archive.ubuntu.com/ubuntu focal-updates/main amd64 libasn1-8-heimdal amd64 7.7.0+dfsg-1ubuntu1.2 [181 kB]\nGet:77 http://archive.ubuntu.com/ubuntu focal-updates/main amd64 libheimbase1-heimdal amd64 7.7.0+dfsg-1ubuntu1.2 [30.0 kB]\nGet:78 http://archive.ubuntu.com/ubuntu focal-updates/main amd64 libhcrypto4-heimdal amd64 7.7.0+dfsg-1ubuntu1.2 [87.9 kB]\nGet:79 http://archive.ubuntu.com/ubuntu focal-updates/main amd64 libwind0-heimdal amd64 7.7.0+dfsg-1ubuntu1.2 [48.0 kB]\nGet:80 http://archive.ubuntu.com/ubuntu focal-updates/main amd64 libhx509-5-heimdal amd64 7.7.0+dfsg-1ubuntu1.2 [107 kB]\nGet:81 http://archive.ubuntu.com/ubuntu focal-updates/main amd64 libkrb5-26-heimdal amd64 7.7.0+dfsg-1ubuntu1.2 [207 kB]\nGet:82 http://archive.ubuntu.com/ubuntu focal-updates/main amd64 libheimntlm0-heimdal amd64 7.7.0+dfsg-1ubuntu1.2 [15.1 kB]\nGet:83 http://archive.ubuntu.com/ubuntu focal-updates/main amd64 libgssapi3-heimdal amd64 7.7.0+dfsg-1ubuntu1.2 [96.2 kB]\nGet:84 http://archive.ubuntu.com/ubuntu focal-updates/main amd64 libsasl2-modules-db amd64 2.1.27+dfsg-2ubuntu0.1 [14.7 kB]\nGet:85 http://archive.ubuntu.com/ubuntu focal-updates/main amd64 libsasl2-2 amd64 2.1.27+dfsg-2ubuntu0.1 [49.3 kB]\nGet:86 http://archive.ubuntu.com/ubuntu focal-updates/main amd64 libldap-common all 2.4.49+dfsg-2ubuntu1.9 [16.6 kB]\nGet:87 http://archive.ubuntu.com/ubuntu focal-updates/main amd64 libldap-2.4-2 amd64 2.4.49+dfsg-2ubuntu1.9 [155 kB]\nGet:88 http://archive.ubuntu.com/ubuntu focal/main amd64 libnpth0 amd64 1.6-1 [7736 B]\nGet:89 http://archive.ubuntu.com/ubuntu focal-updates/main amd64 dirmngr amd64 2.2.19-3ubuntu2.2 [330 kB]\nGet:90 http://archive.ubuntu.com/ubuntu focal/main amd64 libfakeroot amd64 1.24-1 [25.7 kB]\nGet:91 http://archive.ubuntu.com/ubuntu focal/main amd64 fakeroot amd64 1.24-1 [62.6 kB]\nGet:92 http://archive.ubuntu.com/ubuntu focal-updates/main amd64 gnupg-l10n all 2.2.19-3ubuntu2.2 [51.7 kB]\nGet:93 http://archive.ubuntu.com/ubuntu focal-updates/main amd64 gnupg-utils amd64 2.2.19-3ubuntu2.2 [481 kB]\nGet:94 http://archive.ubuntu.com/ubuntu focal-updates/main amd64 gpg amd64 2.2.19-3ubuntu2.2 [482 kB]\nGet:95 http://archive.ubuntu.com/ubuntu focal/main amd64 pinentry-curses amd64 1.1.0-3build1 [36.3 kB]\nGet:96 http://archive.ubuntu.com/ubuntu focal-updates/main amd64 gpg-agent amd64 2.2.19-3ubuntu2.2 [232 kB]\nGet:97 http://archive.ubuntu.com/ubuntu focal-updates/main amd64 gpg-wks-client amd64 2.2.19-3ubuntu2.2 [97.4 kB]\nGet:98 http://archive.ubuntu.com/ubuntu focal-updates/main amd64 gpg-wks-server amd64 2.2.19-3ubuntu2.2 [90.2 kB]\nGet:99 http://archive.ubuntu.com/ubuntu focal-updates/main amd64 gpgsm amd64 2.2.19-3ubuntu2.2 [217 kB]\nGet:100 http://archive.ubuntu.com/ubuntu focal-updates/main amd64 gnupg all 2.2.19-3ubuntu2.2 [259 kB]\nGet:101 http://archive.ubuntu.com/ubuntu focal/main amd64 libalgorithm-diff-perl all 1.19.03-2 [46.6 kB]\nGet:102 http://archive.ubuntu.com/ubuntu focal/main amd64 libalgorithm-diff-xs-perl amd64 0.04-6 [11.3 kB]\nGet:103 http://archive.ubuntu.com/ubuntu focal/main amd64 libalgorithm-merge-perl all 0.08-3 [12.0 kB]\nGet:104 http://archive.ubuntu.com/ubuntu focal-updates/main amd64 libexpat1-dev amd64 2.2.9-1ubuntu0.6 [116 kB]\nGet:105 http://archive.ubuntu.com/ubuntu focal/main amd64 libfile-fcntllock-perl amd64 0.22-3build4 [33.1 kB]\nGet:106 http://archive.ubuntu.com/ubuntu focal-updates/main amd64 libpq5 amd64 12.12-0ubuntu0.20.04.1 [117 kB]\nGet:107 http://archive.ubuntu.com/ubuntu focal-updates/main amd64 libpq-dev amd64 12.12-0ubuntu0.20.04.1 [137 kB]\nGet:108 http://archive.ubuntu.com/ubuntu focal-updates/main amd64 libpython3.8 amd64 3.8.10-0ubuntu1~20.04.6 [1625 kB]\nGet:109 http://archive.ubuntu.com/ubuntu focal-updates/main amd64 libpython3.8-dev amd64 3.8.10-0ubuntu1~20.04.6 [3949 kB]\nGet:110 http://archive.ubuntu.com/ubuntu focal/main amd64 libpython3-dev amd64 3.8.2-0ubuntu2 [7236 B]\nGet:111 http://archive.ubuntu.com/ubuntu focal-updates/main amd64 libsasl2-modules amd64 2.1.27+dfsg-2ubuntu0.1 [48.8 kB]\nGet:112 http://archive.ubuntu.com/ubuntu focal/main amd64 manpages-dev all 5.05-1 [2266 kB]\nGet:113 http://archive.ubuntu.com/ubuntu focal-updates/universe amd64 python-pip-whl all 20.0.2-5ubuntu1.6 [1805 kB]\nGet:114 http://archive.ubuntu.com/ubuntu focal-updates/main amd64 zlib1g-dev amd64 1:1.2.11.dfsg-2ubuntu1.5 [155 kB]\nGet:115 http://archive.ubuntu.com/ubuntu focal-updates/main amd64 python3.8-dev amd64 3.8.10-0ubuntu1~20.04.6 [514 kB]\nGet:116 http://archive.ubuntu.com/ubuntu focal-updates/main amd64 python3-lib2to3 all 3.8.10-0ubuntu1~20.04 [76.3 kB]\nGet:117 http://archive.ubuntu.com/ubuntu focal-updates/main amd64 python3-distutils all 3.8.10-0ubuntu1~20.04 [141 kB]\nGet:118 http://archive.ubuntu.com/ubuntu focal/main amd64 python3-dev amd64 3.8.2-0ubuntu2 [1212 B]\nGet:119 http://archive.ubuntu.com/ubuntu focal/main amd64 python3-setuptools all 45.2.0-1 [330 kB]\nGet:120 http://archive.ubuntu.com/ubuntu focal/universe amd64 python3-wheel all 0.34.2-1 [23.8 kB]\nGet:121 http://archive.ubuntu.com/ubuntu focal-updates/universe amd64 python3-pip all 20.0.2-5ubuntu1.6 [231 kB]\n\u001b[91mdebconf: delaying package configuration, since apt-utils is not installed\n\u001b[0mFetched 75.8 MB in 3s (29.2 MB/s)\nSelecting previously unselected package liblocale-gettext-perl.\r\n(Reading database ... \r(Reading database ... 5%\r(Reading database ... 10%\r(Reading database ... 15%\r(Reading database ... 20%\r(Reading database ... 25%\r(Reading database ... 30%\r(Reading database ... 35%\r(Reading database ... 40%\r(Reading database ... 45%\r(Reading database ... 50%\r(Reading database ... 55%\r(Reading database ... 60%\r(Reading database ... 65%\r(Reading database ... 70%\r(Reading database ... 75%\r(Reading database ... 80%\r(Reading database ... 85%\r(Reading database ... 90%\r(Reading database ... 95%\r(Reading database ... 100%\r(Reading database ... 4126 files and directories currently installed.)\r\nPreparing to unpack .../liblocale-gettext-perl_1.07-4_amd64.deb ...\r\nUnpacking liblocale-gettext-perl (1.07-4) ...\r\nSelecting previously unselected package libssl1.1:amd64.\r\nPreparing to unpack .../libssl1.1_1.1.1f-1ubuntu2.16_amd64.deb ...\r\nUnpacking libssl1.1:amd64 (1.1.1f-1ubuntu2.16) ...\r\nSelecting previously unselected package libpython3.8-minimal:amd64.\r\nPreparing to unpack .../libpython3.8-minimal_3.8.10-0ubuntu1~20.04.6_amd64.deb ...\r\nUnpacking libpython3.8-minimal:amd64 (3.8.10-0ubuntu1~20.04.6) ...\r\nSelecting previously unselected package libexpat1:amd64.\r\nPreparing to unpack .../libexpat1_2.2.9-1ubuntu0.6_amd64.deb ...\r\nUnpacking libexpat1:amd64 (2.2.9-1ubuntu0.6) ...\r\nSelecting previously unselected package python3.8-minimal.\r\nPreparing to unpack .../python3.8-minimal_3.8.10-0ubuntu1~20.04.6_amd64.deb ...\r\nUnpacking python3.8-minimal (3.8.10-0ubuntu1~20.04.6) ...\r\nSetting up libssl1.1:amd64 (1.1.1f-1ubuntu2.16) ...\r\ndebconf: unable to initialize frontend: Dialog\r\ndebconf: (TERM is not set, so the dialog frontend is not usable.)\r\ndebconf: falling back to frontend: Readline\r\ndebconf: unable to initialize frontend: Readline\r\ndebconf: (Can't locate Term/ReadLine.pm in @INC (you may need to install the Term::ReadLine module) (@INC contains: /etc/perl /usr/local/lib/x86_64-linux-gnu/perl/5.30.0 /usr/local/share/perl/5.30.0 /usr/lib/x86_64-linux-gnu/perl5/5.30 /usr/share/perl5 /usr/lib/x86_64-linux-gnu/perl/5.30 /usr/share/perl/5.30 /usr/local/lib/site_perl /usr/lib/x86_64-linux-gnu/perl-base) at /usr/share/perl5/Debconf/FrontEnd/Readline.pm line 7.)\r\ndebconf: falling back to frontend: Teletype\r\nSetting up libpython3.8-minimal:amd64 (3.8.10-0ubuntu1~20.04.6) ...\r\nSetting up libexpat1:amd64 (2.2.9-1ubuntu0.6) ...\r\nSetting up python3.8-minimal (3.8.10-0ubuntu1~20.04.6) ...\r\nSelecting previously unselected package python3-minimal.\r\n(Reading database ... \r(Reading database ... 5%\r(Reading database ... 10%\r(Reading database ... 15%\r(Reading database ... 20%\r(Reading database ... 25%\r(Reading database ... 30%\r(Reading database ... 35%\r(Reading database ... 40%\r(Reading database ... 45%\r(Reading database ... 50%\r(Reading database ... 55%\r(Reading database ... 60%\r(Reading database ... 65%\r(Reading database ... 70%\r(Reading database ... 75%\r(Reading database ... 80%\r(Reading database ... 85%\r(Reading database ... 90%\r(Reading database ... 95%\r(Reading database ... 100%\r(Reading database ... 4441 files and directories currently installed.)\r\nPreparing to unpack .../0-python3-minimal_3.8.2-0ubuntu2_amd64.deb ...\r\nUnpacking python3-minimal (3.8.2-0ubuntu2) ...\r\nSelecting previously unselected package mime-support.\r\nPreparing to unpack .../1-mime-support_3.64ubuntu1_all.deb ...\r\nUnpacking mime-support (3.64ubuntu1) ...\r\nSelecting previously unselected package libmpdec2:amd64.\r\nPreparing to unpack .../2-libmpdec2_2.4.2-3_amd64.deb ...\r\nUnpacking libmpdec2:amd64 (2.4.2-3) ...\r\nSelecting previously unselected package readline-common.\r\nPreparing to unpack .../3-readline-common_8.0-4_all.deb ...\r\nUnpacking readline-common (8.0-4) ...\r\nSelecting previously unselected package libreadline8:amd64.\r\nPreparing to unpack .../4-libreadline8_8.0-4_amd64.deb ...\r\nUnpacking libreadline8:amd64 (8.0-4) ...\r\nSelecting previously unselected package libsqlite3-0:amd64.\r\nPreparing to unpack .../5-libsqlite3-0_3.31.1-4ubuntu0.5_amd64.deb ...\r\nUnpacking libsqlite3-0:amd64 (3.31.1-4ubuntu0.5) ...\r\nSelecting previously unselected package libpython3.8-stdlib:amd64.\r\nPreparing to unpack .../6-libpython3.8-stdlib_3.8.10-0ubuntu1~20.04.6_amd64.deb ...\r\nUnpacking libpython3.8-stdlib:amd64 (3.8.10-0ubuntu1~20.04.6) ...\r\nSelecting previously unselected package python3.8.\r\nPreparing to unpack .../7-python3.8_3.8.10-0ubuntu1~20.04.6_amd64.deb ...\r\nUnpacking python3.8 (3.8.10-0ubuntu1~20.04.6) ...\r\nSelecting previously unselected package libpython3-stdlib:amd64.\r\nPreparing to unpack .../8-libpython3-stdlib_3.8.2-0ubuntu2_amd64.deb ...\r\nUnpacking libpython3-stdlib:amd64 (3.8.2-0ubuntu2) ...\r\nSetting up python3-minimal (3.8.2-0ubuntu2) ...\r\nSelecting previously unselected package python3.\r\n(Reading database ... \r(Reading database ... 5%\r(Reading database ... 10%\r(Reading database ... 15%\r(Reading database ... 20%\r(Reading database ... 25%\r(Reading database ... 30%\r(Reading database ... 35%\r(Reading database ... 40%\r(Reading database ... 45%\r(Reading database ... 50%\r(Reading database ... 55%\r(Reading database ... 60%\r(Reading database ... 65%\r(Reading database ... 70%\r(Reading database ... 75%\r(Reading database ... 80%\r(Reading database ... 85%\r(Reading database ... 90%\r(Reading database ... 95%\r(Reading database ... 100%\r(Reading database ... 4871 files and directories currently installed.)\r\nPreparing to unpack .../000-python3_3.8.2-0ubuntu2_amd64.deb ...\r\nUnpacking python3 (3.8.2-0ubuntu2) ...\r\nSelecting previously unselected package perl-modules-5.30.\r\nPreparing to unpack .../001-perl-modules-5.30_5.30.0-9ubuntu0.3_all.deb ...\r\nUnpacking perl-modules-5.30 (5.30.0-9ubuntu0.3) ...\r\nSelecting previously unselected package libgdbm6:amd64.\r\nPreparing to unpack .../002-libgdbm6_1.18.1-5_amd64.deb ...\r\nUnpacking libgdbm6:amd64 (1.18.1-5) ...\r\nSelecting previously unselected package libgdbm-compat4:amd64.\r\nPreparing to unpack .../003-libgdbm-compat4_1.18.1-5_amd64.deb ...\r\nUnpacking libgdbm-compat4:amd64 (1.18.1-5) ...\r\nSelecting previously unselected package libperl5.30:amd64.\r\nPreparing to unpack .../004-libperl5.30_5.30.0-9ubuntu0.3_amd64.deb ...\r\nUnpacking libperl5.30:amd64 (5.30.0-9ubuntu0.3) ...\r\nSelecting previously unselected package perl.\r\nPreparing to unpack .../005-perl_5.30.0-9ubuntu0.3_amd64.deb ...\r\nUnpacking perl (5.30.0-9ubuntu0.3) ...\r\nSelecting previously unselected package openssl.\r\nPreparing to unpack .../006-openssl_1.1.1f-1ubuntu2.16_amd64.deb ...\r\nUnpacking openssl (1.1.1f-1ubuntu2.16) ...\r\nSelecting previously unselected package ca-certificates.\r\nPreparing to unpack .../007-ca-certificates_20211016ubuntu0.20.04.1_all.deb ...\r\nUnpacking ca-certificates (20211016ubuntu0.20.04.1) ...\r\nSelecting previously unselected package libmagic-mgc.\r\nPreparing to unpack .../008-libmagic-mgc_1%3a5.38-4_amd64.deb ...\r\nUnpacking libmagic-mgc (1:5.38-4) ...\r\nSelecting previously unselected package libmagic1:amd64.\r\nPreparing to unpack .../009-libmagic1_1%3a5.38-4_amd64.deb ...\r\nUnpacking libmagic1:amd64 (1:5.38-4) ...\r\nSelecting previously unselected package file.\r\nPreparing to unpack .../010-file_1%3a5.38-4_amd64.deb ...\r\nUnpacking file (1:5.38-4) ...\r\nSelecting previously unselected package netbase.\r\nPreparing to unpack .../011-netbase_6.1_all.deb ...\r\nUnpacking netbase (6.1) ...\r\nSelecting previously unselected package python3-pkg-resources.\r\nPreparing to unpack .../012-python3-pkg-resources_45.2.0-1_all.deb ...\r\nUnpacking python3-pkg-resources (45.2.0-1) ...\r\nSelecting previously unselected package xz-utils.\r\nPreparing to unpack .../013-xz-utils_5.2.4-1ubuntu1.1_amd64.deb ...\r\nUnpacking xz-utils (5.2.4-1ubuntu1.1) ...\r\nSelecting previously unselected package krb5-locales.\r\nPreparing to unpack .../014-krb5-locales_1.17-6ubuntu4.1_all.deb ...\r\nUnpacking krb5-locales (1.17-6ubuntu4.1) ...\r\nSelecting previously unselected package libkrb5support0:amd64.\r\nPreparing to unpack .../015-libkrb5support0_1.17-6ubuntu4.1_amd64.deb ...\r\nUnpacking libkrb5support0:amd64 (1.17-6ubuntu4.1) ...\r\nSelecting previously unselected package libk5crypto3:amd64.\r\nPreparing to unpack .../016-libk5crypto3_1.17-6ubuntu4.1_amd64.deb ...\r\nUnpacking libk5crypto3:amd64 (1.17-6ubuntu4.1) ...\r\nSelecting previously unselected package libkeyutils1:amd64.\r\nPreparing to unpack .../017-libkeyutils1_1.6-6ubuntu1.1_amd64.deb ...\r\nUnpacking libkeyutils1:amd64 (1.6-6ubuntu1.1) ...\r\nSelecting previously unselected package libkrb5-3:amd64.\r\nPreparing to unpack .../018-libkrb5-3_1.17-6ubuntu4.1_amd64.deb ...\r\nUnpacking libkrb5-3:amd64 (1.17-6ubuntu4.1) ...\r\nSelecting previously unselected package libgssapi-krb5-2:amd64.\r\nPreparing to unpack .../019-libgssapi-krb5-2_1.17-6ubuntu4.1_amd64.deb ...\r\nUnpacking libgssapi-krb5-2:amd64 (1.17-6ubuntu4.1) ...\r\nSelecting previously unselected package manpages.\r\nPreparing to unpack .../020-manpages_5.05-1_all.deb ...\r\nUnpacking manpages (5.05-1) ...\r\nSelecting previously unselected package binutils-common:amd64.\r\nPreparing to unpack .../021-binutils-common_2.34-6ubuntu1.4_amd64.deb ...\r\nUnpacking binutils-common:amd64 (2.34-6ubuntu1.4) ...\r\nSelecting previously unselected package libbinutils:amd64.\r\nPreparing to unpack .../022-libbinutils_2.34-6ubuntu1.4_amd64.deb ...\r\nUnpacking libbinutils:amd64 (2.34-6ubuntu1.4) ...\r\nSelecting previously unselected package libctf-nobfd0:amd64.\r\nPreparing to unpack .../023-libctf-nobfd0_2.34-6ubuntu1.4_amd64.deb ...\r\nUnpacking libctf-nobfd0:amd64 (2.34-6ubuntu1.4) ...\r\nSelecting previously unselected package libctf0:amd64.\r\nPreparing to unpack .../024-libctf0_2.34-6ubuntu1.4_amd64.deb ...\r\nUnpacking libctf0:amd64 (2.34-6ubuntu1.4) ...\r\nSelecting previously unselected package binutils-x86-64-linux-gnu.\r\nPreparing to unpack .../025-binutils-x86-64-linux-gnu_2.34-6ubuntu1.4_amd64.deb ...\r\nUnpacking binutils-x86-64-linux-gnu (2.34-6ubuntu1.4) ...\r\nSelecting previously unselected package binutils.\r\nPreparing to unpack .../026-binutils_2.34-6ubuntu1.4_amd64.deb ...\r\nUnpacking binutils (2.34-6ubuntu1.4) ...\r\nSelecting previously unselected package libc-dev-bin.\r\nPreparing to unpack .../027-libc-dev-bin_2.31-0ubuntu9.9_amd64.deb ...\r\nUnpacking libc-dev-bin (2.31-0ubuntu9.9) ...\r\nSelecting previously unselected package linux-libc-dev:amd64.\r\nPreparing to unpack .../028-linux-libc-dev_5.4.0-135.152_amd64.deb ...\r\nUnpacking linux-libc-dev:amd64 (5.4.0-135.152) ...\r\nSelecting previously unselected package libcrypt-dev:amd64.\r\nPreparing to unpack .../029-libcrypt-dev_1%3a4.4.10-10ubuntu4_amd64.deb ...\r\nUnpacking libcrypt-dev:amd64 (1:4.4.10-10ubuntu4) ...\r\nSelecting previously unselected package libc6-dev:amd64.\r\nPreparing to unpack .../030-libc6-dev_2.31-0ubuntu9.9_amd64.deb ...\r\nUnpacking libc6-dev:amd64 (2.31-0ubuntu9.9) ...\r\nSelecting previously unselected package gcc-9-base:amd64.\r\nPreparing to unpack .../031-gcc-9-base_9.4.0-1ubuntu1~20.04.1_amd64.deb ...\r\nUnpacking gcc-9-base:amd64 (9.4.0-1ubuntu1~20.04.1) ...\r\nSelecting previously unselected package libisl22:amd64.\r\nPreparing to unpack .../032-libisl22_0.22.1-1_amd64.deb ...\r\nUnpacking libisl22:amd64 (0.22.1-1) ...\r\nSelecting previously unselected package libmpfr6:amd64.\r\nPreparing to unpack .../033-libmpfr6_4.0.2-1_amd64.deb ...\r\nUnpacking libmpfr6:amd64 (4.0.2-1) ...\r\nSelecting previously unselected package libmpc3:amd64.\r\nPreparing to unpack .../034-libmpc3_1.1.0-1_amd64.deb ...\r\nUnpacking libmpc3:amd64 (1.1.0-1) ...\r\nSelecting previously unselected package cpp-9.\r\nPreparing to unpack .../035-cpp-9_9.4.0-1ubuntu1~20.04.1_amd64.deb ...\r\nUnpacking cpp-9 (9.4.0-1ubuntu1~20.04.1) ...\r\nSelecting previously unselected package cpp.\r\nPreparing to unpack .../036-cpp_4%3a9.3.0-1ubuntu2_amd64.deb ...\r\nUnpacking cpp (4:9.3.0-1ubuntu2) ...\r\nSelecting previously unselected package libcc1-0:amd64.\r\nPreparing to unpack .../037-libcc1-0_10.3.0-1ubuntu1~20.04_amd64.deb ...\r\nUnpacking libcc1-0:amd64 (10.3.0-1ubuntu1~20.04) ...\r\nSelecting previously unselected package libgomp1:amd64.\r\nPreparing to unpack .../038-libgomp1_10.3.0-1ubuntu1~20.04_amd64.deb ...\r\nUnpacking libgomp1:amd64 (10.3.0-1ubuntu1~20.04) ...\r\nSelecting previously unselected package libitm1:amd64.\r\nPreparing to unpack .../039-libitm1_10.3.0-1ubuntu1~20.04_amd64.deb ...\r\nUnpacking libitm1:amd64 (10.3.0-1ubuntu1~20.04) ...\r\nSelecting previously unselected package libatomic1:amd64.\r\nPreparing to unpack .../040-libatomic1_10.3.0-1ubuntu1~20.04_amd64.deb ...\r\nUnpacking libatomic1:amd64 (10.3.0-1ubuntu1~20.04) ...\r\nSelecting previously unselected package libasan5:amd64.\r\nPreparing to unpack .../041-libasan5_9.4.0-1ubuntu1~20.04.1_amd64.deb ...\r\nUnpacking libasan5:amd64 (9.4.0-1ubuntu1~20.04.1) ...\r\nSelecting previously unselected package liblsan0:amd64.\r\nPreparing to unpack .../042-liblsan0_10.3.0-1ubuntu1~20.04_amd64.deb ...\r\nUnpacking liblsan0:amd64 (10.3.0-1ubuntu1~20.04) ...\r\nSelecting previously unselected package libtsan0:amd64.\r\nPreparing to unpack .../043-libtsan0_10.3.0-1ubuntu1~20.04_amd64.deb ...\r\nUnpacking libtsan0:amd64 (10.3.0-1ubuntu1~20.04) ...\r\nSelecting previously unselected package libubsan1:amd64.\r\nPreparing to unpack .../044-libubsan1_10.3.0-1ubuntu1~20.04_amd64.deb ...\r\nUnpacking libubsan1:amd64 (10.3.0-1ubuntu1~20.04) ...\r\nSelecting previously unselected package libquadmath0:amd64.\r\nPreparing to unpack .../045-libquadmath0_10.3.0-1ubuntu1~20.04_amd64.deb ...\r\nUnpacking libquadmath0:amd64 (10.3.0-1ubuntu1~20.04) ...\r\nSelecting previously unselected package libgcc-9-dev:amd64.\r\nPreparing to unpack .../046-libgcc-9-dev_9.4.0-1ubuntu1~20.04.1_amd64.deb ...\r\nUnpacking libgcc-9-dev:amd64 (9.4.0-1ubuntu1~20.04.1) ...\r\nSelecting previously unselected package gcc-9.\r\nPreparing to unpack .../047-gcc-9_9.4.0-1ubuntu1~20.04.1_amd64.deb ...\r\nUnpacking gcc-9 (9.4.0-1ubuntu1~20.04.1) ...\r\nSelecting previously unselected package gcc.\r\nPreparing to unpack .../048-gcc_4%3a9.3.0-1ubuntu2_amd64.deb ...\r\nUnpacking gcc (4:9.3.0-1ubuntu2) ...\r\nSelecting previously unselected package libstdc++-9-dev:amd64.\r\nPreparing to unpack .../049-libstdc++-9-dev_9.4.0-1ubuntu1~20.04.1_amd64.deb ...\r\nUnpacking libstdc++-9-dev:amd64 (9.4.0-1ubuntu1~20.04.1) ...\r\nSelecting previously unselected package g++-9.\r\nPreparing to unpack .../050-g++-9_9.4.0-1ubuntu1~20.04.1_amd64.deb ...\r\nUnpacking g++-9 (9.4.0-1ubuntu1~20.04.1) ...\r\nSelecting previously unselected package g++.\r\nPreparing to unpack .../051-g++_4%3a9.3.0-1ubuntu2_amd64.deb ...\r\nUnpacking g++ (4:9.3.0-1ubuntu2) ...\r\nSelecting previously unselected package make.\r\nPreparing to unpack .../052-make_4.2.1-1.2_amd64.deb ...\r\nUnpacking make (4.2.1-1.2) ...\r\nSelecting previously unselected package libdpkg-perl.\r\nPreparing to unpack .../053-libdpkg-perl_1.19.7ubuntu3.2_all.deb ...\r\nUnpacking libdpkg-perl (1.19.7ubuntu3.2) ...\r\nSelecting previously unselected package patch.\r\nPreparing to unpack .../054-patch_2.7.6-6_amd64.deb ...\r\nUnpacking patch (2.7.6-6) ...\r\nSelecting previously unselected package dpkg-dev.\r\nPreparing to unpack .../055-dpkg-dev_1.19.7ubuntu3.2_all.deb ...\r\nUnpacking dpkg-dev (1.19.7ubuntu3.2) ...\r\nSelecting previously unselected package build-essential.\r\nPreparing to unpack .../056-build-essential_12.8ubuntu1.1_amd64.deb ...\r\nUnpacking build-essential (12.8ubuntu1.1) ...\r\nSelecting previously unselected package libassuan0:amd64.\r\nPreparing to unpack .../057-libassuan0_2.5.3-7ubuntu2_amd64.deb ...\r\nUnpacking libassuan0:amd64 (2.5.3-7ubuntu2) ...\r\nSelecting previously unselected package gpgconf.\r\nPreparing to unpack .../058-gpgconf_2.2.19-3ubuntu2.2_amd64.deb ...\r\nUnpacking gpgconf (2.2.19-3ubuntu2.2) ...\r\nSelecting previously unselected package libksba8:amd64.\r\nPreparing to unpack .../059-libksba8_1.3.5-2ubuntu0.20.04.1_amd64.deb ...\r\nUnpacking libksba8:amd64 (1.3.5-2ubuntu0.20.04.1) ...\r\nSelecting previously unselected package libroken18-heimdal:amd64.\r\nPreparing to unpack .../060-libroken18-heimdal_7.7.0+dfsg-1ubuntu1.2_amd64.deb ...\r\nUnpacking libroken18-heimdal:amd64 (7.7.0+dfsg-1ubuntu1.2) ...\r\nSelecting previously unselected package libasn1-8-heimdal:amd64.\r\nPreparing to unpack .../061-libasn1-8-heimdal_7.7.0+dfsg-1ubuntu1.2_amd64.deb ...\r\nUnpacking libasn1-8-heimdal:amd64 (7.7.0+dfsg-1ubuntu1.2) ...\r\nSelecting previously unselected package libheimbase1-heimdal:amd64.\r\nPreparing to unpack .../062-libheimbase1-heimdal_7.7.0+dfsg-1ubuntu1.2_amd64.deb ...\r\nUnpacking libheimbase1-heimdal:amd64 (7.7.0+dfsg-1ubuntu1.2) ...\r\nSelecting previously unselected package libhcrypto4-heimdal:amd64.\r\nPreparing to unpack .../063-libhcrypto4-heimdal_7.7.0+dfsg-1ubuntu1.2_amd64.deb ...\r\nUnpacking libhcrypto4-heimdal:amd64 (7.7.0+dfsg-1ubuntu1.2) ...\r\nSelecting previously unselected package libwind0-heimdal:amd64.\r\nPreparing to unpack .../064-libwind0-heimdal_7.7.0+dfsg-1ubuntu1.2_amd64.deb ...\r\nUnpacking libwind0-heimdal:amd64 (7.7.0+dfsg-1ubuntu1.2) ...\r\nSelecting previously unselected package libhx509-5-heimdal:amd64.\r\nPreparing to unpack .../065-libhx509-5-heimdal_7.7.0+dfsg-1ubuntu1.2_amd64.deb ...\r\nUnpacking libhx509-5-heimdal:amd64 (7.7.0+dfsg-1ubuntu1.2) ...\r\nSelecting previously unselected package libkrb5-26-heimdal:amd64.\r\nPreparing to unpack .../066-libkrb5-26-heimdal_7.7.0+dfsg-1ubuntu1.2_amd64.deb ...\r\nUnpacking libkrb5-26-heimdal:amd64 (7.7.0+dfsg-1ubuntu1.2) ...\r\nSelecting previously unselected package libheimntlm0-heimdal:amd64.\r\nPreparing to unpack .../067-libheimntlm0-heimdal_7.7.0+dfsg-1ubuntu1.2_amd64.deb ...\r\nUnpacking libheimntlm0-heimdal:amd64 (7.7.0+dfsg-1ubuntu1.2) ...\r\nSelecting previously unselected package libgssapi3-heimdal:amd64.\r\nPreparing to unpack .../068-libgssapi3-heimdal_7.7.0+dfsg-1ubuntu1.2_amd64.deb ...\r\nUnpacking libgssapi3-heimdal:amd64 (7.7.0+dfsg-1ubuntu1.2) ...\r\nSelecting previously unselected package libsasl2-modules-db:amd64.\r\nPreparing to unpack .../069-libsasl2-modules-db_2.1.27+dfsg-2ubuntu0.1_amd64.deb ...\r\nUnpacking libsasl2-modules-db:amd64 (2.1.27+dfsg-2ubuntu0.1) ...\r\nSelecting previously unselected package libsasl2-2:amd64.\r\nPreparing to unpack .../070-libsasl2-2_2.1.27+dfsg-2ubuntu0.1_amd64.deb ...\r\nUnpacking libsasl2-2:amd64 (2.1.27+dfsg-2ubuntu0.1) ...\r\nSelecting previously unselected package libldap-common.\r\nPreparing to unpack .../071-libldap-common_2.4.49+dfsg-2ubuntu1.9_all.deb ...\r\nUnpacking libldap-common (2.4.49+dfsg-2ubuntu1.9) ...\r\nSelecting previously unselected package libldap-2.4-2:amd64.\r\nPreparing to unpack .../072-libldap-2.4-2_2.4.49+dfsg-2ubuntu1.9_amd64.deb ...\r\nUnpacking libldap-2.4-2:amd64 (2.4.49+dfsg-2ubuntu1.9) ...\r\nSelecting previously unselected package libnpth0:amd64.\r\nPreparing to unpack .../073-libnpth0_1.6-1_amd64.deb ...\r\nUnpacking libnpth0:amd64 (1.6-1) ...\r\nSelecting previously unselected package dirmngr.\r\nPreparing to unpack .../074-dirmngr_2.2.19-3ubuntu2.2_amd64.deb ...\r\nUnpacking dirmngr (2.2.19-3ubuntu2.2) ...\r\nSelecting previously unselected package libfakeroot:amd64.\r\nPreparing to unpack .../075-libfakeroot_1.24-1_amd64.deb ...\r\nUnpacking libfakeroot:amd64 (1.24-1) ...\r\nSelecting previously unselected package fakeroot.\r\nPreparing to unpack .../076-fakeroot_1.24-1_amd64.deb ...\r\nUnpacking fakeroot (1.24-1) ...\r\nSelecting previously unselected package gnupg-l10n.\r\nPreparing to unpack .../077-gnupg-l10n_2.2.19-3ubuntu2.2_all.deb ...\r\nUnpacking gnupg-l10n (2.2.19-3ubuntu2.2) ...\r\nSelecting previously unselected package gnupg-utils.\r\nPreparing to unpack .../078-gnupg-utils_2.2.19-3ubuntu2.2_amd64.deb ...\r\nUnpacking gnupg-utils (2.2.19-3ubuntu2.2) ...\r\nSelecting previously unselected package gpg.\r\nPreparing to unpack .../079-gpg_2.2.19-3ubuntu2.2_amd64.deb ...\r\nUnpacking gpg (2.2.19-3ubuntu2.2) ...\r\nSelecting previously unselected package pinentry-curses.\r\nPreparing to unpack .../080-pinentry-curses_1.1.0-3build1_amd64.deb ...\r\nUnpacking pinentry-curses (1.1.0-3build1) ...\r\nSelecting previously unselected package gpg-agent.\r\nPreparing to unpack .../081-gpg-agent_2.2.19-3ubuntu2.2_amd64.deb ...\r\nUnpacking gpg-agent (2.2.19-3ubuntu2.2) ...\r\nSelecting previously unselected package gpg-wks-client.\r\nPreparing to unpack .../082-gpg-wks-client_2.2.19-3ubuntu2.2_amd64.deb ...\r\nUnpacking gpg-wks-client (2.2.19-3ubuntu2.2) ...\r\nSelecting previously unselected package gpg-wks-server.\r\nPreparing to unpack .../083-gpg-wks-server_2.2.19-3ubuntu2.2_amd64.deb ...\r\nUnpacking gpg-wks-server (2.2.19-3ubuntu2.2) ...\r\nSelecting previously unselected package gpgsm.\r\nPreparing to unpack .../084-gpgsm_2.2.19-3ubuntu2.2_amd64.deb ...\r\nUnpacking gpgsm (2.2.19-3ubuntu2.2) ...\r\nSelecting previously unselected package gnupg.\r\nPreparing to unpack .../085-gnupg_2.2.19-3ubuntu2.2_all.deb ...\r\nUnpacking gnupg (2.2.19-3ubuntu2.2) ...\r\nSelecting previously unselected package libalgorithm-diff-perl.\r\nPreparing to unpack .../086-libalgorithm-diff-perl_1.19.03-2_all.deb ...\r\nUnpacking libalgorithm-diff-perl (1.19.03-2) ...\r\nSelecting previously unselected package libalgorithm-diff-xs-perl.\r\nPreparing to unpack .../087-libalgorithm-diff-xs-perl_0.04-6_amd64.deb ...\r\nUnpacking libalgorithm-diff-xs-perl (0.04-6) ...\r\nSelecting previously unselected package libalgorithm-merge-perl.\r\nPreparing to unpack .../088-libalgorithm-merge-perl_0.08-3_all.deb ...\r\nUnpacking libalgorithm-merge-perl (0.08-3) ...\r\nSelecting previously unselected package libexpat1-dev:amd64.\r\nPreparing to unpack .../089-libexpat1-dev_2.2.9-1ubuntu0.6_amd64.deb ...\r\nUnpacking libexpat1-dev:amd64 (2.2.9-1ubuntu0.6) ...\r\nSelecting previously unselected package libfile-fcntllock-perl.\r\nPreparing to unpack .../090-libfile-fcntllock-perl_0.22-3build4_amd64.deb ...\r\nUnpacking libfile-fcntllock-perl (0.22-3build4) ...\r\nSelecting previously unselected package libpq5:amd64.\r\nPreparing to unpack .../091-libpq5_12.12-0ubuntu0.20.04.1_amd64.deb ...\r\nUnpacking libpq5:amd64 (12.12-0ubuntu0.20.04.1) ...\r\nSelecting previously unselected package libpq-dev.\r\nPreparing to unpack .../092-libpq-dev_12.12-0ubuntu0.20.04.1_amd64.deb ...\r\nUnpacking libpq-dev (12.12-0ubuntu0.20.04.1) ...\r\nSelecting previously unselected package libpython3.8:amd64.\r\nPreparing to unpack .../093-libpython3.8_3.8.10-0ubuntu1~20.04.6_amd64.deb ...\r\nUnpacking libpython3.8:amd64 (3.8.10-0ubuntu1~20.04.6) ...\r\nSelecting previously unselected package libpython3.8-dev:amd64.\r\nPreparing to unpack .../094-libpython3.8-dev_3.8.10-0ubuntu1~20.04.6_amd64.deb ...\r\nUnpacking libpython3.8-dev:amd64 (3.8.10-0ubuntu1~20.04.6) ...\r\nSelecting previously unselected package libpython3-dev:amd64.\r\nPreparing to unpack .../095-libpython3-dev_3.8.2-0ubuntu2_amd64.deb ...\r\nUnpacking libpython3-dev:amd64 (3.8.2-0ubuntu2) ...\r\nSelecting previously unselected package libsasl2-modules:amd64.\r\nPreparing to unpack .../096-libsasl2-modules_2.1.27+dfsg-2ubuntu0.1_amd64.deb ...\r\nUnpacking libsasl2-modules:amd64 (2.1.27+dfsg-2ubuntu0.1) ...\r\nSelecting previously unselected package manpages-dev.\r\nPreparing to unpack .../097-manpages-dev_5.05-1_all.deb ...\r\nUnpacking manpages-dev (5.05-1) ...\r\nSelecting previously unselected package python-pip-whl.\r\nPreparing to unpack .../098-python-pip-whl_20.0.2-5ubuntu1.6_all.deb ...\r\nUnpacking python-pip-whl (20.0.2-5ubuntu1.6) ...\r\nSelecting previously unselected package zlib1g-dev:amd64.\r\nPreparing to unpack .../099-zlib1g-dev_1%3a1.2.11.dfsg-2ubuntu1.5_amd64.deb ...\r\nUnpacking zlib1g-dev:amd64 (1:1.2.11.dfsg-2ubuntu1.5) ...\r\nSelecting previously unselected package python3.8-dev.\r\nPreparing to unpack .../100-python3.8-dev_3.8.10-0ubuntu1~20.04.6_amd64.deb ...\r\nUnpacking python3.8-dev (3.8.10-0ubuntu1~20.04.6) ...\r\nSelecting previously unselected package python3-lib2to3.\r\nPreparing to unpack .../101-python3-lib2to3_3.8.10-0ubuntu1~20.04_all.deb ...\r\nUnpacking python3-lib2to3 (3.8.10-0ubuntu1~20.04) ...\r\nSelecting previously unselected package python3-distutils.\r\nPreparing to unpack .../102-python3-distutils_3.8.10-0ubuntu1~20.04_all.deb ...\r\nUnpacking python3-distutils (3.8.10-0ubuntu1~20.04) ...\r\nSelecting previously unselected package python3-dev.\r\nPreparing to unpack .../103-python3-dev_3.8.2-0ubuntu2_amd64.deb ...\r\nUnpacking python3-dev (3.8.2-0ubuntu2) ...\r\nSelecting previously unselected package python3-setuptools.\r\nPreparing to unpack .../104-python3-setuptools_45.2.0-1_all.deb ...\r\nUnpacking python3-setuptools (45.2.0-1) ...\r\nSelecting previously unselected package python3-wheel.\r\nPreparing to unpack .../105-python3-wheel_0.34.2-1_all.deb ...\r\nUnpacking python3-wheel (0.34.2-1) ...\r\nSelecting previously unselected package python3-pip.\r\nPreparing to unpack .../106-python3-pip_20.0.2-5ubuntu1.6_all.deb ...\r\nUnpacking python3-pip (20.0.2-5ubuntu1.6) ...\r\nSetting up libksba8:amd64 (1.3.5-2ubuntu0.20.04.1) ...\r\nSetting up libkeyutils1:amd64 (1.6-6ubuntu1.1) ...\r\nSetting up perl-modules-5.30 (5.30.0-9ubuntu0.3) ...\r\nSetting up mime-support (3.64ubuntu1) ...\r\nSetting up libmagic-mgc (1:5.38-4) ...\r\nSetting up manpages (5.05-1) ...\r\nSetting up libsqlite3-0:amd64 (3.31.1-4ubuntu0.5) ...\r\nSetting up libsasl2-modules:amd64 (2.1.27+dfsg-2ubuntu0.1) ...\r\nSetting up binutils-common:amd64 (2.34-6ubuntu1.4) ...\r\nSetting up libmagic1:amd64 (1:5.38-4) ...\r\nSetting up linux-libc-dev:amd64 (5.4.0-135.152) ...\r\nSetting up libctf-nobfd0:amd64 (2.34-6ubuntu1.4) ...\r\nSetting up libnpth0:amd64 (1.6-1) ...\r\nSetting up krb5-locales (1.17-6ubuntu4.1) ...\r\nSetting up file (1:5.38-4) ...\r\nSetting up libassuan0:amd64 (2.5.3-7ubuntu2) ...\r\nSetting up libgomp1:amd64 (10.3.0-1ubuntu1~20.04) ...\r\nSetting up libldap-common (2.4.49+dfsg-2ubuntu1.9) ...\r\nSetting up libfakeroot:amd64 (1.24-1) ...\r\nSetting up libkrb5support0:amd64 (1.17-6ubuntu4.1) ...\r\nSetting up libsasl2-modules-db:amd64 (2.1.27+dfsg-2ubuntu0.1) ...\r\nSetting up fakeroot (1.24-1) ...\r\nupdate-alternatives: using /usr/bin/fakeroot-sysv to provide /usr/bin/fakeroot (fakeroot) in auto mode\r\nupdate-alternatives: warning: skip creation of /usr/share/man/man1/fakeroot.1.gz because associated file /usr/share/man/man1/fakeroot-sysv.1.gz (of link group fakeroot) doesn't exist\r\nupdate-alternatives: warning: skip creation of /usr/share/man/man1/faked.1.gz because associated file /usr/share/man/man1/faked-sysv.1.gz (of link group fakeroot) doesn't exist\r\nupdate-alternatives: warning: skip creation of /usr/share/man/es/man1/fakeroot.1.gz because associated file /usr/share/man/es/man1/fakeroot-sysv.1.gz (of link group fakeroot) doesn't exist\r\nupdate-alternatives: warning: skip creation of /usr/share/man/es/man1/faked.1.gz because associated file /usr/share/man/es/man1/faked-sysv.1.gz (of link group fakeroot) doesn't exist\r\nupdate-alternatives: warning: skip creation of /usr/share/man/fr/man1/fakeroot.1.gz because associated file /usr/share/man/fr/man1/fakeroot-sysv.1.gz (of link group fakeroot) doesn't exist\r\nupdate-alternatives: warning: skip creation of /usr/share/man/fr/man1/faked.1.gz because associated file /usr/share/man/fr/man1/faked-sysv.1.gz (of link group fakeroot) doesn't exist\r\nupdate-alternatives: warning: skip creation of /usr/share/man/sv/man1/fakeroot.1.gz because associated file /usr/share/man/sv/man1/fakeroot-sysv.1.gz (of link group fakeroot) doesn't exist\r\nupdate-alternatives: warning: skip creation of /usr/share/man/sv/man1/faked.1.gz because associated file /usr/share/man/sv/man1/faked-sysv.1.gz (of link group fakeroot) doesn't exist\r\nSetting up make (4.2.1-1.2) ...\r\nSetting up libmpfr6:amd64 (4.0.2-1) ...\r\nSetting up gnupg-l10n (2.2.19-3ubuntu2.2) ...\r\nSetting up xz-utils (5.2.4-1ubuntu1.1) ...\r\nupdate-alternatives: using /usr/bin/xz to provide /usr/bin/lzma (lzma) in auto mode\r\nupdate-alternatives: warning: skip creation of /usr/share/man/man1/lzma.1.gz because associated file /usr/share/man/man1/xz.1.gz (of link group lzma) doesn't exist\r\nupdate-alternatives: warning: skip creation of /usr/share/man/man1/unlzma.1.gz because associated file /usr/share/man/man1/unxz.1.gz (of link group lzma) doesn't exist\r\nupdate-alternatives: warning: skip creation of /usr/share/man/man1/lzcat.1.gz because associated file /usr/share/man/man1/xzcat.1.gz (of link group lzma) doesn't exist\r\nupdate-alternatives: warning: skip creation of /usr/share/man/man1/lzmore.1.gz because associated file /usr/share/man/man1/xzmore.1.gz (of link group lzma) doesn't exist\r\nupdate-alternatives: warning: skip creation of /usr/share/man/man1/lzless.1.gz because associated file /usr/share/man/man1/xzless.1.gz (of link group lzma) doesn't exist\r\nupdate-alternatives: warning: skip creation of /usr/share/man/man1/lzdiff.1.gz because associated file /usr/share/man/man1/xzdiff.1.gz (of link group lzma) doesn't exist\r\nupdate-alternatives: warning: skip creation of /usr/share/man/man1/lzcmp.1.gz because associated file /usr/share/man/man1/xzcmp.1.gz (of link group lzma) doesn't exist\r\nupdate-alternatives: warning: skip creation of /usr/share/man/man1/lzgrep.1.gz because associated file /usr/share/man/man1/xzgrep.1.gz (of link group lzma) doesn't exist\r\nupdate-alternatives: warning: skip creation of /usr/share/man/man1/lzegrep.1.gz because associated file /usr/share/man/man1/xzegrep.1.gz (of link group lzma) doesn't exist\r\nupdate-alternatives: warning: skip creation of /usr/share/man/man1/lzfgrep.1.gz because associated file /usr/share/man/man1/xzfgrep.1.gz (of link group lzma) doesn't exist\r\nSetting up libquadmath0:amd64 (10.3.0-1ubuntu1~20.04) ...\r\nSetting up libmpc3:amd64 (1.1.0-1) ...\r\nSetting up libatomic1:amd64 (10.3.0-1ubuntu1~20.04) ...\r\nSetting up patch (2.7.6-6) ...\r\nSetting up libk5crypto3:amd64 (1.17-6ubuntu4.1) ...\r\nSetting up libsasl2-2:amd64 (2.1.27+dfsg-2ubuntu0.1) ...\r\nSetting up libroken18-heimdal:amd64 (7.7.0+dfsg-1ubuntu1.2) ...\r\nSetting up libubsan1:amd64 (10.3.0-1ubuntu1~20.04) ...\r\nSetting up libcrypt-dev:amd64 (1:4.4.10-10ubuntu4) ...\r\nSetting up libisl22:amd64 (0.22.1-1) ...\r\nSetting up netbase (6.1) ...\r\nSetting up libkrb5-3:amd64 (1.17-6ubuntu4.1) ...\r\nSetting up libmpdec2:amd64 (2.4.2-3) ...\r\nSetting up libbinutils:amd64 (2.34-6ubuntu1.4) ...\r\nSetting up libc-dev-bin (2.31-0ubuntu9.9) ...\r\nSetting up openssl (1.1.1f-1ubuntu2.16) ...\r\nSetting up readline-common (8.0-4) ...\r\nSetting up libcc1-0:amd64 (10.3.0-1ubuntu1~20.04) ...\r\nSetting up liblocale-gettext-perl (1.07-4) ...\r\nSetting up liblsan0:amd64 (10.3.0-1ubuntu1~20.04) ...\r\nSetting up libitm1:amd64 (10.3.0-1ubuntu1~20.04) ...\r\nSetting up libheimbase1-heimdal:amd64 (7.7.0+dfsg-1ubuntu1.2) ...\r\nSetting up libgdbm6:amd64 (1.18.1-5) ...\r\nSetting up gcc-9-base:amd64 (9.4.0-1ubuntu1~20.04.1) ...\r\nSetting up libtsan0:amd64 (10.3.0-1ubuntu1~20.04) ...\r\nSetting up libctf0:amd64 (2.34-6ubuntu1.4) ...\r\nSetting up pinentry-curses (1.1.0-3build1) ...\r\nSetting up manpages-dev (5.05-1) ...\r\nSetting up libasn1-8-heimdal:amd64 (7.7.0+dfsg-1ubuntu1.2) ...\r\nSetting up libreadline8:amd64 (8.0-4) ...\r\nSetting up libhcrypto4-heimdal:amd64 (7.7.0+dfsg-1ubuntu1.2) ...\r\nSetting up ca-certificates (20211016ubuntu0.20.04.1) ...\r\ndebconf: unable to initialize frontend: Dialog\r\ndebconf: (TERM is not set, so the dialog frontend is not usable.)\r\ndebconf: falling back to frontend: Readline\r\nUpdating certificates in /etc/ssl/certs...\r\n124 added, 0 removed; done.\r\nSetting up libasan5:amd64 (9.4.0-1ubuntu1~20.04.1) ...\r\nSetting up libwind0-heimdal:amd64 (7.7.0+dfsg-1ubuntu1.2) ...\r\nSetting up libgssapi-krb5-2:amd64 (1.17-6ubuntu4.1) ...\r\nSetting up libgdbm-compat4:amd64 (1.18.1-5) ...\r\nSetting up gpgconf (2.2.19-3ubuntu2.2) ...\r\nSetting up cpp-9 (9.4.0-1ubuntu1~20.04.1) ...\r\nSetting up libperl5.30:amd64 (5.30.0-9ubuntu0.3) ...\r\nSetting up libc6-dev:amd64 (2.31-0ubuntu9.9) ...\r\nSetting up python-pip-whl (20.0.2-5ubuntu1.6) ...\r\nSetting up libpython3.8-stdlib:amd64 (3.8.10-0ubuntu1~20.04.6) ...\r\nSetting up python3.8 (3.8.10-0ubuntu1~20.04.6) ...\r\nSetting up gpg (2.2.19-3ubuntu2.2) ...\r\nSetting up libpython3-stdlib:amd64 (3.8.2-0ubuntu2) ...\r\nSetting up gnupg-utils (2.2.19-3ubuntu2.2) ...\r\nSetting up binutils-x86-64-linux-gnu (2.34-6ubuntu1.4) ...\r\nSetting up gpg-agent (2.2.19-3ubuntu2.2) ...\r\nSetting up libhx509-5-heimdal:amd64 (7.7.0+dfsg-1ubuntu1.2) ...\r\nSetting up gpgsm (2.2.19-3ubuntu2.2) ...\r\nSetting up python3 (3.8.2-0ubuntu2) ...\r\nrunning python rtupdate hooks for python3.8...\r\nrunning python post-rtupdate hooks for python3.8...\r\nSetting up binutils (2.34-6ubuntu1.4) ...\r\nSetting up python3-wheel (0.34.2-1) ...\r\nSetting up libgcc-9-dev:amd64 (9.4.0-1ubuntu1~20.04.1) ...\r\nSetting up perl (5.30.0-9ubuntu0.3) ...\r\nSetting up libexpat1-dev:amd64 (2.2.9-1ubuntu0.6) ...\r\nSetting up libpython3.8:amd64 (3.8.10-0ubuntu1~20.04.6) ...\r\nSetting up libdpkg-perl (1.19.7ubuntu3.2) ...\r\nSetting up gpg-wks-server (2.2.19-3ubuntu2.2) ...\r\nSetting up zlib1g-dev:amd64 (1:1.2.11.dfsg-2ubuntu1.5) ...\r\nSetting up cpp (4:9.3.0-1ubuntu2) ...\r\nSetting up python3-lib2to3 (3.8.10-0ubuntu1~20.04) ...\r\nSetting up libkrb5-26-heimdal:amd64 (7.7.0+dfsg-1ubuntu1.2) ...\r\nSetting up python3-pkg-resources (45.2.0-1) ...\r\nSetting up python3-distutils (3.8.10-0ubuntu1~20.04) ...\r\nSetting up gcc-9 (9.4.0-1ubuntu1~20.04.1) ...\r\nSetting up python3-setuptools (45.2.0-1) ...\r\nSetting up libstdc++-9-dev:amd64 (9.4.0-1ubuntu1~20.04.1) ...\r\nSetting up libfile-fcntllock-perl (0.22-3build4) ...\r\nSetting up libalgorithm-diff-perl (1.19.03-2) ...\r\nSetting up libheimntlm0-heimdal:amd64 (7.7.0+dfsg-1ubuntu1.2) ...\r\nSetting up gcc (4:9.3.0-1ubuntu2) ...\r\nSetting up dpkg-dev (1.19.7ubuntu3.2) ...\r\nSetting up libgssapi3-heimdal:amd64 (7.7.0+dfsg-1ubuntu1.2) ...\r\nSetting up libpython3.8-dev:amd64 (3.8.10-0ubuntu1~20.04.6) ...\r\nSetting up python3-pip (20.0.2-5ubuntu1.6) ...\r\nSetting up g++-9 (9.4.0-1ubuntu1~20.04.1) ...\r\nSetting up python3.8-dev (3.8.10-0ubuntu1~20.04.6) ...\r\nSetting up g++ (4:9.3.0-1ubuntu2) ...\r\nupdate-alternatives: using /usr/bin/g++ to provide /usr/bin/c++ (c++) in auto mode\r\nupdate-alternatives: warning: skip creation of /usr/share/man/man1/c++.1.gz because associated file /usr/share/man/man1/g++.1.gz (of link group c++) doesn't exist\r\nSetting up build-essential (12.8ubuntu1.1) ...\r\nSetting up libalgorithm-diff-xs-perl (0.04-6) ...\r\nSetting up libalgorithm-merge-perl (0.08-3) ...\r\nSetting up libpython3-dev:amd64 (3.8.2-0ubuntu2) ...\r\nSetting up libldap-2.4-2:amd64 (2.4.49+dfsg-2ubuntu1.9) ...\r\nSetting up dirmngr (2.2.19-3ubuntu2.2) ...\r\nSetting up python3-dev (3.8.2-0ubuntu2) ...\r\nSetting up gpg-wks-client (2.2.19-3ubuntu2.2) ...\r\nSetting up libpq5:amd64 (12.12-0ubuntu0.20.04.1) ...\r\nSetting up libpq-dev (12.12-0ubuntu0.20.04.1) ...\r\nSetting up gnupg (2.2.19-3ubuntu2.2) ...\r\nProcessing triggers for libc-bin (2.31-0ubuntu9.9) ...\r\nProcessing triggers for ca-certificates (20211016ubuntu0.20.04.1) ...\r\nUpdating certificates in /etc/ssl/certs...\r\n0 added, 0 removed; done.\r\nRunning hooks in /etc/ca-certificates/update.d...\r\ndone.\r\nRemoving intermediate container cef695b88250\n ---> 1fc999dd8ae2\nStep 4/12 : RUN pip3 install --upgrade pip\n ---> Running in a4a0377bf225\nCollecting pip\n  Downloading pip-22.3.1-py3-none-any.whl (2.1 MB)\nInstalling collected packages: pip\n  Attempting uninstall: pip\n    Found existing installation: pip 20.0.2\n    Not uninstalling pip at /usr/lib/python3/dist-packages, outside environment /usr\n    Can't uninstall 'pip'. No files were found to uninstall.\nSuccessfully installed pip-22.3.1\nRemoving intermediate container a4a0377bf225\n ---> 5575386b0d21\nStep 5/12 : ARG DJANGO_SUPERUSER_USERNAME=admin\n ---> Running in aefd4f30342b\nRemoving intermediate container aefd4f30342b\n ---> dfde8a4cb49f\nStep 6/12 : ARG DJANGO_SUPERUSER_PASSWORD=password\n ---> Running in 2bcf0a93c356\nRemoving intermediate container 2bcf0a93c356\n ---> ddab3129810f\nStep 7/12 : ARG DJANGO_SUPERUSER_EMAIL=admin@example.com\n ---> Running in d9d8de8251fa\nRemoving intermediate container d9d8de8251fa\n ---> cdedee6e58f2\nStep 8/12 : ADD . /app\n ---> c0d26a5b9842\nStep 9/12 : WORKDIR /app\n ---> Running in 58bca0d4afe7\nRemoving intermediate container 58bca0d4afe7\n ---> 225ab895c0cd\nStep 10/12 : RUN pip3 install -r requirements.txt &&     pip3 install -r tests/requirements.txt &&     pip3 install -e .\n ---> Running in 27d05435d99b\nCollecting awesome-slugify==1.6.5\n  Downloading awesome-slugify-1.6.5.tar.gz (8.4 kB)\n  Preparing metadata (setup.py): started\n  Preparing metadata (setup.py): finished with status 'done'\nCollecting beautifulsoup4==4.11.1\n  Downloading beautifulsoup4-4.11.1-py3-none-any.whl (128 kB)\n      128.2/128.2 kB 270.7 kB/s eta 0:00:00\nCollecting bleach==5.0.1\n  Downloading bleach-5.0.1-py3-none-any.whl (160 kB)\n      160.9/160.9 kB 813.9 kB/s eta 0:00:00\nCollecting django-admirarchy==1.2.2\n  Downloading django_admirarchy-1.2.2-py2.py3-none-any.whl (14 kB)\nCollecting django-debug-toolbar==3.7.0\n  Downloading django_debug_toolbar-3.7.0-py3-none-any.whl (220 kB)\n      220.7/220.7 kB 1.3 MB/s eta 0:00:00\nCollecting django-etc==1.4.0\n  Downloading django_etc-1.4.0-py3-none-any.whl (21 kB)\nCollecting django-robots==5.0\n  Downloading django-robots-5.0.tar.gz (38 kB)\n  Preparing metadata (setup.py): started\n  Preparing metadata (setup.py): finished with status 'done'\nCollecting django-simple-history==3.2.0\n  Downloading django_simple_history-3.2.0-py3-none-any.whl (104 kB)\n      104.1/104.1 kB 3.8 MB/s eta 0:00:00\nCollecting django-siteajax==0.5.0\n  Downloading django-siteajax-0.5.0.tar.gz (16 kB)\n  Preparing metadata (setup.py): started\n  Preparing metadata (setup.py): finished with status 'done'\nCollecting django-siteblocks==1.2.1\n  Downloading django_siteblocks-1.2.1-py2.py3-none-any.whl (20 kB)\nCollecting django-sitecats==1.2.2\n  Downloading django_sitecats-1.2.2-py2.py3-none-any.whl (36 kB)\nCollecting django-siteflags==1.3.0\n  Downloading django_siteflags-1.3.0-py2.py3-none-any.whl (13 kB)\nCollecting django-siteforms==0.9.1\n  Downloading django_siteforms-0.9.1-py2.py3-none-any.whl (35 kB)\nCollecting django-sitegate==1.3.3\n  Downloading django_sitegate-1.3.3-py3-none-any.whl (64 kB)\n      64.3/64.3 kB 1.4 MB/s eta 0:00:00\nCollecting django-sitemessage==1.3.4\n  Downloading django_sitemessage-1.3.4-py2.py3-none-any.whl (51 kB)\n      51.1/51.1 kB 1.9 MB/s eta 0:00:00\nCollecting django-sitemetrics==1.2.0\n  Downloading django_sitemetrics-1.2.0-py2.py3-none-any.whl (25 kB)\nCollecting django-siteprefs==1.2.3\n  Downloading django_siteprefs-1.2.3-py2.py3-none-any.whl (22 kB)\nCollecting django-sitetree==1.17.3\n  Downloading django_sitetree-1.17.3-py3-none-any.whl (117 kB)\n      117.6/117.6 kB 7.1 MB/s eta 0:00:00\nCollecting django-yaturbo==1.0.1\n  Downloading django_yaturbo-1.0.1-py2.py3-none-any.whl (8.1 kB)\nCollecting Django==4.1.3\n  Downloading Django-4.1.3-py3-none-any.whl (8.1 MB)\n      8.1/8.1 MB 40.3 MB/s eta 0:00:00\nCollecting envbox==1.3.0\n  Downloading envbox-1.3.0-py3-none-any.whl (11 kB)\nCollecting feedparser==6.0.10\n  Downloading feedparser-6.0.10-py3-none-any.whl (81 kB)\n      81.1/81.1 kB 356.1 kB/s eta 0:00:00\nCollecting icalendar_light==1.0.0\n  Downloading icalendar_light-1.0.0-py2.py3-none-any.whl (6.8 kB)\nCollecting lxml==4.9.1\n  Downloading lxml-4.9.1-cp38-cp38-manylinux_2_17_x86_64.manylinux2014_x86_64.manylinux_2_24_x86_64.whl (6.9 MB)\n      6.9/6.9 MB 23.0 MB/s eta 0:00:00\nCollecting Pillow==9.3.0\n  Downloading Pillow-9.3.0-cp38-cp38-manylinux_2_28_x86_64.whl (3.3 MB)\n      3.3/3.3 MB 18.8 MB/s eta 0:00:00\nCollecting psycopg2==2.9.5\n  Downloading psycopg2-2.9.5.tar.gz (384 kB)\n      384.3/384.3 kB 34.7 MB/s eta 0:00:00\n  Preparing metadata (setup.py): started\n  Preparing metadata (setup.py): finished with status 'done'\nCollecting pyTelegramBotAPI==3.7.9\n  Downloading pyTelegramBotAPI-3.7.9.tar.gz (90 kB)\n      91.0/91.0 kB 4.0 MB/s eta 0:00:00\n  Preparing metadata (setup.py): started\n  Preparing metadata (setup.py): finished with status 'done'\nCollecting pytz==2022.6\n  Downloading pytz-2022.6-py2.py3-none-any.whl (498 kB)\n      498.1/498.1 kB 20.6 MB/s eta 0:00:00\nCollecting regex==2022.10.31\n  Downloading regex-2022.10.31-cp38-cp38-manylinux_2_17_x86_64.manylinux2014_x86_64.whl (772 kB)\n      772.3/772.3 kB 31.0 MB/s eta 0:00:00\nCollecting requests[socks]==2.28.1\n  Downloading requests-2.28.1-py3-none-any.whl (62 kB)\n      62.8/62.8 kB 6.0 MB/s eta 0:00:00\nCollecting sentry-sdk==1.11.1\n  Downloading sentry_sdk-1.11.1-py2.py3-none-any.whl (168 kB)\n      169.0/169.0 kB 11.4 MB/s eta 0:00:00\nCollecting twitter==1.19.6\n  Downloading twitter-1.19.6-py2.py3-none-any.whl (50 kB)\n      50.3/50.3 kB 3.4 MB/s eta 0:00:00\nCollecting uwsgi==2.0.21\n  Downloading uwsgi-2.0.21.tar.gz (808 kB)\n      808.5/808.5 kB 1.2 MB/s eta 0:00:00\n  Preparing metadata (setup.py): started\n  Preparing metadata (setup.py): finished with status 'done'\nCollecting uwsgiconf[cli]==1.0.0\n  Downloading uwsgiconf-1.0.0-py2.py3-none-any.whl (160 kB)\n      161.0/161.0 kB 542.9 kB/s eta 0:00:00\nCollecting Unidecode<0.05,>=0.04.14\n  Downloading Unidecode-0.04.21-py2.py3-none-any.whl (228 kB)\n      228.3/228.3 kB 1.2 MB/s eta 0:00:00\nCollecting soupsieve>1.2\n  Downloading soupsieve-2.3.2.post1-py3-none-any.whl (37 kB)\nCollecting six>=1.9.0\n  Downloading six-1.16.0-py2.py3-none-any.whl (11 kB)\nCollecting webencodings\n  Downloading webencodings-0.5.1-py2.py3-none-any.whl (11 kB)\nCollecting sqlparse>=0.2.0\n  Downloading sqlparse-0.4.3-py3-none-any.whl (42 kB)\n      42.8/42.8 kB 3.3 MB/s eta 0:00:00\nCollecting asgiref<4,>=3.5.2\n  Downloading asgiref-3.6.0-py3-none-any.whl (23 kB)\nCollecting backports.zoneinfo\n  Downloading backports.zoneinfo-0.2.1-cp38-cp38-manylinux1_x86_64.whl (74 kB)\n      74.0/74.0 kB 2.9 MB/s eta 0:00:00\nCollecting sgmllib3k\n  Downloading sgmllib3k-1.0.0.tar.gz (5.8 kB)\n  Preparing metadata (setup.py): started\n  Preparing metadata (setup.py): finished with status 'done'\nCollecting python-dateutil\n  Downloading python_dateutil-2.8.2-py2.py3-none-any.whl (247 kB)\n      247.7/247.7 kB 11.8 MB/s eta 0:00:00\nCollecting certifi>=2017.4.17\n  Downloading certifi-2022.12.7-py3-none-any.whl (155 kB)\n      155.3/155.3 kB 11.4 MB/s eta 0:00:00\nCollecting charset-normalizer<3,>=2\n  Downloading charset_normalizer-2.1.1-py3-none-any.whl (39 kB)\nCollecting idna<4,>=2.5\n  Downloading idna-3.4-py3-none-any.whl (61 kB)\n      61.5/61.5 kB 5.5 MB/s eta 0:00:00\nCollecting urllib3<1.27,>=1.21.1\n  Downloading urllib3-1.26.13-py2.py3-none-any.whl (140 kB)\n      140.6/140.6 kB 9.2 MB/s eta 0:00:00\nCollecting PySocks!=1.5.7,>=1.5.6\n  Downloading PySocks-1.7.1-py3-none-any.whl (16 kB)\nCollecting click>=2.0\n  Downloading click-8.1.3-py3-none-any.whl (96 kB)\n      96.6/96.6 kB 6.3 MB/s eta 0:00:00\nBuilding wheels for collected packages: awesome-slugify, django-robots, django-siteajax, psycopg2, pyTelegramBotAPI, uwsgi, sgmllib3k\n  Building wheel for awesome-slugify (setup.py): started\n  Building wheel for awesome-slugify (setup.py): finished with status 'done'\n  Created wheel for awesome-slugify: filename=awesome_slugify-1.6.5-py3-none-any.whl size=8353 sha256=828a86e7845806e9b137e9fc64ae6edd5d4d8ec44c9ba110a41136734055fcf9\n  Stored in directory: /root/.cache/pip/wheels/d7/e7/c4/967135f7b33420a2e3f37a0f9a8e417e76a0baabbd099080dd\n  Building wheel for django-robots (setup.py): started\n  Building wheel for django-robots (setup.py): finished with status 'done'\n  Created wheel for django-robots: filename=django_robots-5.0-py3-none-any.whl size=60289 sha256=22d7222619c05fdd765626e3442361e6493309ba55f51fb5e0348af6f257d8ec\n  Stored in directory: /root/.cache/pip/wheels/42/21/44/a8e84eecda430111b0aa476329fd245a774cd8ee3db15602d3\n  Building wheel for django-siteajax (setup.py): started\n  Building wheel for django-siteajax (setup.py): finished with status 'done'\n  Created wheel for django-siteajax: filename=django_siteajax-0.5.0-py3-none-any.whl size=13497 sha256=00c36312fb177c258dbd3caefa6c95636b395fbce7b77f3dfd7fab7fdfb361dd\n  Stored in directory: /root/.cache/pip/wheels/ec/76/a6/e2ff044df187eaf203c9449f5911e821ea78d037e0a3193896\n  Building wheel for psycopg2 (setup.py): started\n  Building wheel for psycopg2 (setup.py): finished with status 'done'\n  Created wheel for psycopg2: filename=psycopg2-2.9.5-cp38-cp38-linux_x86_64.whl size=557636 sha256=96c9dd8762c092eabeb0871a1f7fac8ec75cc39b9baf57f0aefe987614280d99\n  Stored in directory: /root/.cache/pip/wheels/c2/fd/ae/d19bc8b1735775c2ce310d26366bbaa09feac05ea9f18266ba\n  Building wheel for pyTelegramBotAPI (setup.py): started\n  Building wheel for pyTelegramBotAPI (setup.py): finished with status 'done'\n  Created wheel for pyTelegramBotAPI: filename=pyTelegramBotAPI-3.7.9-py3-none-any.whl size=67897 sha256=491f535df155ce574efab576da8e759410309ea6cc9d46c150a5e8c4dd97ad0d\n  Stored in directory: /root/.cache/pip/wheels/82/8a/17/7905d3eb3361952662623d7cda80a947e904d3745519a8a402\n  Building wheel for uwsgi (setup.py): started\n  Building wheel for uwsgi (setup.py): finished with status 'done'\n  Created wheel for uwsgi: filename=uWSGI-2.0.21-cp38-cp38-linux_x86_64.whl size=516480 sha256=a672e72a89bcc3f2e98b1db1a0cd9037d3dc70f4467f0cb8bedc76d6a31804bf\n  Stored in directory: /root/.cache/pip/wheels/3b/25/85/4d2810412a138aa8bc3df1ba8c99fb78f399bcde2553878784\n  Building wheel for sgmllib3k (setup.py): started\n  Building wheel for sgmllib3k (setup.py): finished with status 'done'\n  Created wheel for sgmllib3k: filename=sgmllib3k-1.0.0-py3-none-any.whl size=6064 sha256=c4db6a77fee052b370f4edef23c0dc07ef7d08ba7aee4a6e1cc3215ddd40f923\n  Stored in directory: /root/.cache/pip/wheels/f2/3d/e2/03a8c2177ae48bc14ba849ffc39182eb96126a2ee08ec6dd1e\nSuccessfully built awesome-slugify django-robots django-siteajax psycopg2 pyTelegramBotAPI uwsgi sgmllib3k\nInstalling collected packages: webencodings, uwsgiconf, uwsgi, Unidecode, sgmllib3k, pytz, envbox, django-yaturbo, django-sitetree, django-sitemetrics, django-siteforms, django-siteblocks, django-siteajax, django-etc, django-admirarchy, urllib3, sqlparse, soupsieve, six, regex, PySocks, psycopg2, Pillow, lxml, idna, feedparser, django-siteprefs, django-sitemessage, django-siteflags, django-sitecats, django-simple-history, django-robots, click, charset-normalizer, certifi, backports.zoneinfo, asgiref, twitter, sentry-sdk, requests, python-dateutil, Django, bleach, beautifulsoup4, awesome-slugify, pyTelegramBotAPI, icalendar_light, django-sitegate, django-debug-toolbar\nSuccessfully installed Django-4.1.3 Pillow-9.3.0 PySocks-1.7.1 Unidecode-0.4.21 asgiref-3.6.0 awesome-slugify-1.6.5 backports.zoneinfo-0.2.1 beautifulsoup4-4.11.1 bleach-5.0.1 certifi-2022.12.7 charset-normalizer-2.1.1 click-8.1.3 django-admirarchy-1.2.2 django-debug-toolbar-3.7.0 django-etc-1.4.0 django-robots-5.0 django-simple-history-3.2.0 django-siteajax-0.5.0 django-siteblocks-1.2.1 django-sitecats-1.2.2 django-siteflags-1.3.0 django-siteforms-0.9.1 django-sitegate-1.3.3 django-sitemessage-1.3.4 django-sitemetrics-1.2.0 django-siteprefs-1.2.3 django-sitetree-1.17.3 django-yaturbo-1.0.1 envbox-1.3.0 feedparser-6.0.10 icalendar_light-1.0.0 idna-3.4 lxml-4.9.1 psycopg2-2.9.5 pyTelegramBotAPI-3.7.9 python-dateutil-2.8.2 pytz-2022.6 regex-2022.10.31 requests-2.28.1 sentry-sdk-1.11.1 sgmllib3k-1.0.0 six-1.16.0 soupsieve-2.3.2.post1 sqlparse-0.4.3 twitter-1.19.6 urllib3-1.26.13 uwsgi-2.0.21 uwsgiconf-1.0.0 webencodings-0.5.1\n\u001b[91mWARNING: Running pip as the 'root' user can result in broken permissions and conflicting behaviour with the system package manager. It is recommended to use a virtual environment instead: https://pip.pypa.io/warnings/venv\n\u001b[0mCollecting pytest==6.2.3\n  Downloading pytest-6.2.3-py3-none-any.whl (280 kB)\n      280.5/280.5 kB 18.2 MB/s eta 0:00:00\nCollecting pytest-djangoapp>=0.14.0\n  Downloading pytest_djangoapp-1.0.0-py3-none-any.whl (29 kB)\nCollecting pytest-responsemock==1.0.1\n  Downloading pytest_responsemock-1.0.1-py2.py3-none-any.whl (6.4 kB)\nCollecting iniconfig\n  Downloading iniconfig-1.1.1-py2.py3-none-any.whl (5.0 kB)\nCollecting attrs>=19.2.0\n  Downloading attrs-22.2.0-py3-none-any.whl (60 kB)\n      60.0/60.0 kB 107.8 kB/s eta 0:00:00\nCollecting py>=1.8.2\n  Downloading py-1.11.0-py2.py3-none-any.whl (98 kB)\n      98.7/98.7 kB 8.1 MB/s eta 0:00:00\nCollecting packaging\n  Using cached packaging-22.0-py3-none-any.whl (42 kB)\nCollecting pluggy<1.0.0a1,>=0.12\n  Downloading pluggy-0.13.1-py2.py3-none-any.whl (18 kB)\nCollecting toml\n  Downloading toml-0.10.2-py2.py3-none-any.whl (16 kB)\nCollecting responses>=0.6.0\n  Downloading responses-0.22.0-py3-none-any.whl (51 kB)\n      51.1/51.1 kB 2.0 MB/s eta 0:00:00\nRequirement already satisfied: urllib3>=1.25.10 in /usr/local/lib/python3.8/dist-packages (from responses>=0.6.0->pytest-responsemock==1.0.1->-r tests/requirements.txt (line 3)) (1.26.13)\nRequirement already satisfied: requests<3.0,>=2.22.0 in /usr/local/lib/python3.8/dist-packages (from responses>=0.6.0->pytest-responsemock==1.0.1->-r tests/requirements.txt (line 3)) (2.28.1)\nCollecting types-toml\n  Downloading types_toml-0.10.8.1-py3-none-any.whl (4.5 kB)\nRequirement already satisfied: certifi>=2017.4.17 in /usr/local/lib/python3.8/dist-packages (from requests<3.0,>=2.22.0->responses>=0.6.0->pytest-responsemock==1.0.1->-r tests/requirements.txt (line 3)) (2022.12.7)\nRequirement already satisfied: idna<4,>=2.5 in /usr/local/lib/python3.8/dist-packages (from requests<3.0,>=2.22.0->responses>=0.6.0->pytest-responsemock==1.0.1->-r tests/requirements.txt (line 3)) (3.4)\nRequirement already satisfied: charset-normalizer<3,>=2 in /usr/local/lib/python3.8/dist-packages (from requests<3.0,>=2.22.0->responses>=0.6.0->pytest-responsemock==1.0.1->-r tests/requirements.txt (line 3)) (2.1.1)\nInstalling collected packages: types-toml, iniconfig, toml, py, pluggy, packaging, attrs, responses, pytest, pytest-responsemock, pytest-djangoapp\nSuccessfully installed attrs-22.2.0 iniconfig-1.1.1 packaging-22.0 pluggy-0.13.1 py-1.11.0 pytest-6.2.3 pytest-djangoapp-1.0.0 pytest-responsemock-1.0.1 responses-0.22.0 toml-0.10.2 types-toml-0.10.8.1\n\u001b[91mWARNING: Running pip as the 'root' user can result in broken permissions and conflicting behaviour with the system package manager. It is recommended to use a virtual environment instead: https://pip.pypa.io/warnings/venv\n\u001b[0mObtaining file:///app\n  Preparing metadata (setup.py): started\n  Preparing metadata (setup.py): finished with status 'done'\nInstalling collected packages: pythonz\n  Running setup.py develop for pythonz\nSuccessfully installed pythonz-1.0.0\n\u001b[91mWARNING: Running pip as the 'root' user can result in broken permissions and conflicting behaviour with the system package manager. It is recommended to use a virtual environment instead: https://pip.pypa.io/warnings/venv\n\u001b[0mRemoving intermediate container 27d05435d99b\n ---> 3d345119d60d\nStep 11/12 : RUN mkdir state\n ---> Running in 1140c9d51980\nRemoving intermediate container 1140c9d51980\n ---> ebc6e0753c91\nStep 12/12 : RUN pythonz migrate &&     pythonz createsuperuser --noinput\n ---> Running in b0522f785957\n\u001b[91mUnable to read preferences from database. Skip.\n\u001b[0m# Environment type: development\nOperations to perform:\n  Apply all migrations: admin, apps, auth, contenttypes, robots, sessions, siteblocks, sitecats, siteflags, sitegate, sitemessage, sitemetrics, siteprefs, sites, sitetree\nRunning migrations:\n  Applying contenttypes.0001_initial... OK\n  Applying auth.0001_initial... OK\n  Applying apps.0001_initial... OK\n  Applying admin.0001_initial... OK\n  Applying admin.0002_logentry_remove_auto_add... OK\n  Applying admin.0003_logentry_add_action_flag_choices... OK\n  Applying contenttypes.0002_remove_content_type_name... OK\n  Applying sitecats.0001_initial... OK\n  Applying apps.0002_user_timezone... OK\n  Applying apps.0003_auto_20140926_0529... OK\n  Applying apps.0004_auto_20140926_0808... OK\n  Applying apps.0005_place_description... OK\n  Applying apps.0006_auto_20140926_1301... OK\n  Applying apps.0007_auto_20141004_1034... OK\n  Applying apps.0008_community... OK\n  Applying apps.0009_auto_20141004_1314... OK\n  Applying apps.0010_auto_20141004_1519... OK\n  Applying apps.0011_auto_20141013_1517... OK\n  Applying apps.0012_auto_20141018_1416... OK\n  Applying apps.0013_event_fee... OK\n  Applying apps.0014_auto_20141023_1450... OK\n  Applying apps.0015_auto_20141023_1500... OK\n  Applying apps.0016_auto_20141023_1529... OK\n  Applying apps.0017_auto_20141025_1001... OK\n  Applying apps.0018_auto_20141108_1538... OK\n  Applying apps.0019_auto_20141114_1603... OK\n  Applying apps.0020_historicalarticle_historicalbook_historicalcommunity_historicaldiscussion_historicalevent_historical... OK\n  Applying apps.0021_partnerlink... OK\n  Applying apps.0022_auto_20150325_1515... OK\n  Applying apps.0023_auto_20150331_1711... OK\n  Applying apps.0024_auto_20150621_1206... OK\n  Applying apps.0025_auto_20150625_1720... OK\n  Applying apps.0026_auto_20150917_1619... OK\n  Applying apps.0027_auto_20151104_0511... OK\n  Applying apps.0028_user_profile_public... OK\n  Applying apps.0029_auto_20160321_1412... OK\n  Applying apps.0030_auto_20160711_0915... OK\n  Applying apps.0031_auto_20160818_1057... OK\n  Applying apps.0032_auto_20160908_1754... OK\n  Applying apps.0033_user_twitter... OK\n  Applying apps.0034_auto_20160913_1028...\u001b[91mTraceback (most recent call last):\n  File \"/usr/local/lib/python3.8/dist-packages/backports/zoneinfo/_common.py\", line 15, in load_tzdata\n    return importlib_resources.open_binary(package_name, resource_name)\n  File \"/usr/lib/python3.8/importlib/resources.py\", line 88, in open_binary\n    package = _get_package(package)\n  File \"/usr/lib/python3.8/importlib/resources.py\", line 47, in _get_package\n    module = import_module(package)\n  File \"/usr/lib/python3.8/importlib/__init__.py\", line 127, in import_module\n    return _bootstrap._gcd_import(name[level:], package, level)\n  File \"<frozen importlib._bootstrap>\", line 1014, in _gcd_import\n  File \"<frozen importlib._bootstrap>\", line 991, in _find_and_load\n  File \"<frozen importlib._bootstrap>\", line 961, in _find_and_load_unlocked\n  File \"<frozen importlib._bootstrap>\", line 219, in _call_with_frames_removed\n  File \"<frozen importlib._bootstrap>\", line 1014, in _gcd_import\n  File \"<frozen importlib._bootstrap>\", line 991, in _find_and_load\n  File \"<frozen importlib._bootstrap>\", line 961, in _find_and_load_unlocked\n  File \"<frozen importlib._bootstrap>\", line 219, in _call_with_frames_removed\n  File \"<frozen importlib._bootstrap>\", line 1014, in _gcd_import\n  File \"<frozen importlib._bootstrap>\", line 991, in _find_and_load\n  File \"<frozen importlib._bootstrap>\", line 973, in _find_and_load_unlocked\nModuleNotFoundError: No module named 'tzdata'\n\nDuring handling of the above exception, another exception occurred:\n\nTraceback (most recent call last):\n  File \"/usr/local/bin/pythonz\", line 11, in <module>\n    load_entry_point('pythonz', 'console_scripts', 'pythonz')()\n  File \"/app/pythonz/manage.py\", line 19, in main\n    execute_from_command_line(sys.argv)\n  File \"/usr/local/lib/python3.8/dist-packages/django/core/management/__init__.py\", line 446, in execute_from_command_line\n    utility.execute()\n  File \"/usr/local/lib/python3.8/dist-packages/django/core/management/__init__.py\", line 440, in execute\n    self.fetch_command(subcommand).run_from_argv(self.argv)\n  File \"/usr/local/lib/python3.8/dist-packages/django/core/management/base.py\", line 402, in run_from_argv\n    self.execute(*args, **cmd_options)\n  File \"/usr/local/lib/python3.8/dist-packages/django/core/management/base.py\", line 448, in execute\n    output = self.handle(*args, **options)\n  File \"/usr/local/lib/python3.8/dist-packages/django/core/management/base.py\", line 96, in wrapped\n    res = handle_func(*args, **kwargs)\n  File \"/usr/local/lib/python3.8/dist-packages/django/core/management/commands/migrate.py\", line 349, in handle\n    post_migrate_state = executor.migrate(\n  File \"/usr/local/lib/python3.8/dist-packages/django/db/migrations/executor.py\", line 135, in migrate\n    state = self._migrate_all_forwards(\n  File \"/usr/local/lib/python3.8/dist-packages/django/db/migrations/executor.py\", line 167, in _migrate_all_forwards\n    state = self.apply_migration(\n  File \"/usr/local/lib/python3.8/dist-packages/django/db/migrations/executor.py\", line 252, in apply_migration\n    state = migration.apply(state, schema_editor)\n  File \"/usr/local/lib/python3.8/dist-packages/django/db/migrations/migration.py\", line 130, in apply\n    operation.database_forwards(\n  File \"/usr/local/lib/python3.8/dist-packages/django/db/migrations/operations/fields.py\", line 108, in database_forwards\n    schema_editor.add_field(\n  File \"/usr/local/lib/python3.8/dist-packages/django/db/backends/sqlite3/schema.py\", line 394, in add_field\n    self._remake_table(model, create_field=field)\n  File \"/usr/local/lib/python3.8/dist-packages/django/db/backends/sqlite3/schema.py\", line 237, in _remake_table\n    self.effective_default(create_field),\n  File \"/usr/local/lib/python3.8/dist-packages/django/db/backends/base/schema.py\", line 425, in effective_default\n    return field.get_db_prep_save(self._effective_default(field), self.connection)\n  File \"/usr/local/lib/python3.8/dist-packages/django/db/models/fields/__init__.py\", line 925, in get_db_prep_save\n    return self.get_db_prep_value(value, connection=connection, prepared=False)\n  File \"/usr/local/lib/python3.8/dist-packages/django/db/models/fields/__init__.py\", line 1438, in get_db_prep_value\n    value = self.get_prep_value(value)\n  File \"/usr/local/lib/python3.8/dist-packages/django/db/models/fields/__init__.py\", line 1433, in get_prep_value\n    return self.to_python(value)\n  File \"/usr/local/lib/python3.8/dist-packages/django/db/models/fields/__init__.py\", line 1382, in to_python\n    default_timezone = timezone.get_default_timezone()\n  File \"/usr/local/lib/python3.8/dist-packages/django/utils/timezone.py\", line 82, in get_default_timezone\n    return zoneinfo.ZoneInfo(settings.TIME_ZONE)\n  File \"/usr/local/lib/python3.8/dist-packages/backports/zoneinfo/_common.py\", line 27, in load_tzdata\n    raise ZoneInfoNotFoundError(f\"No time zone found with key {key}\")\nbackports.zoneinfo._common.ZoneInfoNotFoundError: 'No time zone found with key Asia/Novosibirsk'\n\u001b[0mRemoving intermediate container b0522f785957\n","stderr":"The command '/bin/sh -c pythonz migrate &&     pythonz createsuperuser --noinput' returned a non-zero code: 1\n"},"endTime":1672542617313}