{"repository":"https://github.com/facebookresearch/dlrm","dockerfilePath":"Dockerfile","startTime":1672299628096,"clone":{"stdout":"","stderr":"Cloning into '/tmp/dinghy-analysis/facebookresearch/dlrm'...\n","error":null,"commit":"32ed2763a8b20ed462b2a00b64e3e7d0fe27495f"},"originalBuild":{"startTimestamp":1672299629088,"endTimestamp":1672299718318,"error":{"code":1,"killed":false,"signal":null,"cmd":"docker build --no-cache --force-rm -t dlrm:latest -f /tmp/dinghy-analysis/facebookresearch/dlrm/Dockerfile ."},"stdout":"Sending build context to Docker daemon   2.26MB\r\r\nStep 1/7 : ARG FROM_IMAGE_NAME=pytorch/pytorch:1.3-cuda10.1-cudnn7-runtime\nStep 2/7 : FROM ${FROM_IMAGE_NAME}\n1.3-cuda10.1-cudnn7-runtime: Pulling from pytorch/pytorch\n16c48d79e9cc: Pulling fs layer\n3c654ad3ed7d: Pulling fs layer\n6276f4f9c29d: Pulling fs layer\na4bd43ad48ce: Pulling fs layer\n34cb2ecb4e7e: Pulling fs layer\n1271bead6103: Pulling fs layer\n913bf197139d: Pulling fs layer\n96e5a748a56a: Pulling fs layer\nac87c593cb7d: Pulling fs layer\n34cb2ecb4e7e: Waiting\n1271bead6103: Waiting\n913bf197139d: Waiting\nac87c593cb7d: Waiting\na4bd43ad48ce: Waiting\n96e5a748a56a: Waiting\n6276f4f9c29d: Verifying Checksum\n6276f4f9c29d: Download complete\n3c654ad3ed7d: Verifying Checksum\n3c654ad3ed7d: Download complete\na4bd43ad48ce: Download complete\n16c48d79e9cc: Verifying Checksum\n16c48d79e9cc: Download complete\n16c48d79e9cc: Pull complete\n3c654ad3ed7d: Pull complete\n6276f4f9c29d: Pull complete\na4bd43ad48ce: Pull complete\n34cb2ecb4e7e: Download complete\n96e5a748a56a: Verifying Checksum\n96e5a748a56a: Download complete\nac87c593cb7d: Verifying Checksum\nac87c593cb7d: Download complete\n34cb2ecb4e7e: Pull complete\n1271bead6103: Verifying Checksum\n1271bead6103: Download complete\n1271bead6103: Pull complete\n913bf197139d: Verifying Checksum\n913bf197139d: Download complete\n913bf197139d: Pull complete\n96e5a748a56a: Pull complete\nac87c593cb7d: Pull complete\nDigest: sha256:c3f6590d7263c67c8d1423badcd732607fa86c14e7acfa7843df25e07562828a\nStatus: Downloaded newer image for pytorch/pytorch:1.3-cuda10.1-cudnn7-runtime\n ---> ba2da111b833\nStep 3/7 : ADD requirements.txt .\n ---> 68ecd112e8b2\nStep 4/7 : RUN pip install -r requirements.txt\n ---> Running in 9d9b823ae7d8\nCollecting future (from -r requirements.txt (line 1))\n  Downloading https://files.pythonhosted.org/packages/45/0b/38b06fd9b92dc2b68d58b75f900e97884c45bedd2ff83203d933cf5851c9/future-0.18.2.tar.gz (829kB)\nRequirement already satisfied: numpy in /opt/conda/lib/python3.6/site-packages (from -r requirements.txt (line 2)) (1.17.2)\nCollecting onnx (from -r requirements.txt (line 3))\n  Downloading https://files.pythonhosted.org/packages/6c/f6/215ba9e8d2587755df363170e3be54892b087bad0a99935fe456f7555255/onnx-1.13.0.tar.gz (10.4MB)\n  Installing build dependencies: started\n  Installing build dependencies: finished with status 'done'\n  Getting requirements to build wheel: started\n  Getting requirements to build wheel: finished with status 'error'\n\u001b[91m  ERROR: Command errored out with exit status 1:\n   command: /opt/conda/bin/python /opt/conda/lib/python3.6/site-packages/pip/_vendor/pep517/_in_process.py get_requires_for_build_wheel /tmp/tmp4olmbj_k\n       cwd: /tmp/pip-install-mbyq6v_f/onnx\n  Complete output (19 lines):\n  fatal: Not a git repository (or any of the parent directories): .git\n  Traceback (most recent call last):\n    File \"/opt/conda/lib/python3.6/site-packages/pip/_vendor/pep517/_in_process.py\", line 207, in <module>\n      main()\n    File \"/opt/conda/lib/python3.6/site-packages/pip/_vendor/pep517/_in_process.py\", line 197, in main\n      json_out['return_val'] = hook(**hook_input['kwargs'])\n    File \"/opt/conda/lib/python3.6/site-packages/pip/_vendor/pep517/_in_process.py\", line 54, in get_requires_for_build_wheel\n      return hook(config_settings)\n    File \"/tmp/pip-build-env-xlfuk6eh/overlay/lib/python3.6/site-packages/setuptools/build_meta.py\", line 163, in get_requires_for_build_wheel\n      config_settings, requirements=['wheel'])\n    File \"/tmp/pip-build-env-xlfuk6eh/overlay/lib/python3.6/site-packages/setuptools/build_meta.py\", line 143, in _get_build_requires\n      self.run_setup()\n    File \"/tmp/pip-build-env-xlfuk6eh/overlay/lib/python3.6/site-packages/setuptools/build_meta.py\", line 268, in run_setup\n      self).run_setup(setup_script=setup_script)\n    File \"/tmp/pip-build-env-xlfuk6eh/overlay/lib/python3.6/site-packages/setuptools/build_meta.py\", line 158, in run_setup\n      exec(compile(code, __file__, 'exec'), locals())\n    File \"setup.py\", line 82, in <module>\n      assert CMAKE, \"Could not find cmake executable!\"\n  AssertionError: Could not find cmake executable!\n  ----------------------------------------\n\u001b[0m\u001b[91mERROR: Command errored out with exit status 1: /opt/conda/bin/python /opt/conda/lib/python3.6/site-packages/pip/_vendor/pep517/_in_process.py get_requires_for_build_wheel /tmp/tmp4olmbj_k Check the logs for full command output.\n\u001b[0mRemoving intermediate container 9d9b823ae7d8\n","stderr":"The command '/bin/sh -c pip install -r requirements.txt' returned a non-zero code: 1\n"},"endTime":1672299718390}