{"repository":"https://github.com/galbrandwine/hallopy","dockerfilePath":"Dockerfile","startTime":1672632492740,"clone":{"stdout":"","stderr":"Cloning into '/tmp/dinghy-analysis/galbrandwine/hallopy'...\n","error":null,"commit":"6b2a9e4000522ad51696c4472ee9362e8af5acd6"},"originalBuild":{"startTimestamp":1672632493978,"endTimestamp":1672632702671,"error":{"code":1,"killed":false,"signal":null,"cmd":"docker build --no-cache --force-rm -t hallopy:latest -f /tmp/dinghy-analysis/galbrandwine/hallopy/Dockerfile ."},"stdout":"Sending build context to Docker daemon  13.99MB\r\r\nStep 1/15 : FROM ubuntu:latest\n ---> 6b7dfa7e8fdb\nStep 2/15 : ENV TZ=Asia/Jakarta\n ---> Running in aeb09629eeb6\nRemoving intermediate container aeb09629eeb6\n ---> 25ce3df6e40d\nStep 3/15 : RUN ln -snf /usr/share/zoneinfo/$TZ /etc/localtime && echo $TZ > /etc/timezone\n ---> Running in 35eb08ff3439\nRemoving intermediate container 35eb08ff3439\n ---> 1114f5740411\nStep 4/15 : WORKDIR /usr/src/app\n ---> Running in b983e407a23f\nRemoving intermediate container b983e407a23f\n ---> 7afdeed0780b\nStep 5/15 : RUN apt-get update\n ---> Running in fecce9a1bce8\nGet:1 http://archive.ubuntu.com/ubuntu jammy InRelease [270 kB]\nGet:2 http://security.ubuntu.com/ubuntu jammy-security InRelease [110 kB]\nGet:3 http://archive.ubuntu.com/ubuntu jammy-updates InRelease [114 kB]\nGet:4 http://archive.ubuntu.com/ubuntu jammy-backports InRelease [99.8 kB]\nGet:5 http://security.ubuntu.com/ubuntu jammy-security/main amd64 Packages [667 kB]\nGet:6 http://security.ubuntu.com/ubuntu jammy-security/restricted amd64 Packages [593 kB]\nGet:7 http://security.ubuntu.com/ubuntu jammy-security/universe amd64 Packages [781 kB]\nGet:8 http://security.ubuntu.com/ubuntu jammy-security/multiverse amd64 Packages [4732 B]\nGet:9 http://archive.ubuntu.com/ubuntu jammy/universe amd64 Packages [17.5 MB]\nGet:10 http://archive.ubuntu.com/ubuntu jammy/main amd64 Packages [1792 kB]\nGet:11 http://archive.ubuntu.com/ubuntu jammy/restricted amd64 Packages [164 kB]\nGet:12 http://archive.ubuntu.com/ubuntu jammy/multiverse amd64 Packages [266 kB]\nGet:13 http://archive.ubuntu.com/ubuntu jammy-updates/multiverse amd64 Packages [8150 B]\nGet:14 http://archive.ubuntu.com/ubuntu jammy-updates/main amd64 Packages [972 kB]\nGet:15 http://archive.ubuntu.com/ubuntu jammy-updates/universe amd64 Packages [970 kB]\nGet:16 http://archive.ubuntu.com/ubuntu jammy-updates/restricted amd64 Packages [641 kB]\nGet:17 http://archive.ubuntu.com/ubuntu jammy-backports/universe amd64 Packages [7291 B]\nGet:18 http://archive.ubuntu.com/ubuntu jammy-backports/main amd64 Packages [3520 B]\nFetched 24.9 MB in 2s (14.0 MB/s)\nReading package lists...\nRemoving intermediate container fecce9a1bce8\n ---> ed02797fa5f8\nStep 6/15 : RUN apt-get install -y pkg-config\n ---> Running in d84b1865ce0c\nReading package lists...\nBuilding dependency tree...\nReading state information...\nThe following additional packages will be installed:\n  bzip2 libdpkg-perl libfile-fcntllock-perl libgdbm-compat4 libgdbm6\n  libglib2.0-0 libglib2.0-data libicu70 liblocale-gettext-perl libperl5.34\n  libxml2 netbase perl perl-modules-5.34 shared-mime-info xdg-user-dirs\n  xz-utils\nSuggested packages:\n  bzip2-doc debian-keyring gnupg gcc | c-compiler binutils patch git bzr\n  gdbm-l10n perl-doc libterm-readline-gnu-perl | libterm-readline-perl-perl\n  make libtap-harness-archive-perl dpkg-dev\nThe following NEW packages will be installed:\n  bzip2 libdpkg-perl libfile-fcntllock-perl libgdbm-compat4 libgdbm6\n  libglib2.0-0 libglib2.0-data libicu70 liblocale-gettext-perl libperl5.34\n  libxml2 netbase perl perl-modules-5.34 pkg-config shared-mime-info\n  xdg-user-dirs xz-utils\n0 upgraded, 18 newly installed, 0 to remove and 0 not upgraded.\nNeed to get 21.9 MB of archives.\nAfter this operation, 96.4 MB of additional disk space will be used.\nGet:1 http://archive.ubuntu.com/ubuntu jammy/main amd64 liblocale-gettext-perl amd64 1.07-4build3 [17.1 kB]\nGet:2 http://archive.ubuntu.com/ubuntu jammy-updates/main amd64 perl-modules-5.34 all 5.34.0-3ubuntu1.1 [2976 kB]\nGet:3 http://archive.ubuntu.com/ubuntu jammy/main amd64 libgdbm6 amd64 1.23-1 [33.9 kB]\nGet:4 http://archive.ubuntu.com/ubuntu jammy/main amd64 libgdbm-compat4 amd64 1.23-1 [6606 B]\nGet:5 http://archive.ubuntu.com/ubuntu jammy-updates/main amd64 libperl5.34 amd64 5.34.0-3ubuntu1.1 [4819 kB]\nGet:6 http://archive.ubuntu.com/ubuntu jammy-updates/main amd64 perl amd64 5.34.0-3ubuntu1.1 [232 kB]\nGet:7 http://archive.ubuntu.com/ubuntu jammy-updates/main amd64 libglib2.0-0 amd64 2.72.4-0ubuntu1 [1461 kB]\nGet:8 http://archive.ubuntu.com/ubuntu jammy-updates/main amd64 libglib2.0-data all 2.72.4-0ubuntu1 [4882 B]\nGet:9 http://archive.ubuntu.com/ubuntu jammy/main amd64 libicu70 amd64 70.1-2 [10.6 MB]\nGet:10 http://archive.ubuntu.com/ubuntu jammy-updates/main amd64 libxml2 amd64 2.9.13+dfsg-1ubuntu0.2 [764 kB]\nGet:11 http://archive.ubuntu.com/ubuntu jammy/main amd64 netbase all 6.3 [12.9 kB]\nGet:12 http://archive.ubuntu.com/ubuntu jammy/main amd64 shared-mime-info amd64 2.1-2 [454 kB]\nGet:13 http://archive.ubuntu.com/ubuntu jammy/main amd64 xdg-user-dirs amd64 0.17-2ubuntu4 [53.9 kB]\nGet:14 http://archive.ubuntu.com/ubuntu jammy/main amd64 xz-utils amd64 5.2.5-2ubuntu1 [84.8 kB]\nGet:15 http://archive.ubuntu.com/ubuntu jammy/main amd64 bzip2 amd64 1.0.8-5build1 [34.8 kB]\nGet:16 http://archive.ubuntu.com/ubuntu jammy-updates/main amd64 libdpkg-perl all 1.21.1ubuntu2.1 [237 kB]\nGet:17 http://archive.ubuntu.com/ubuntu jammy/main amd64 libfile-fcntllock-perl amd64 0.22-3build7 [33.9 kB]\nGet:18 http://archive.ubuntu.com/ubuntu jammy/main amd64 pkg-config amd64 0.29.2-1ubuntu3 [48.2 kB]\n\u001b[91mdebconf: delaying package configuration, since apt-utils is not installed\n\u001b[0mFetched 21.9 MB in 2s (11.4 MB/s)\nSelecting previously unselected package liblocale-gettext-perl.\r\n(Reading database ... \r(Reading database ... 5%\r(Reading database ... 10%\r(Reading database ... 15%\r(Reading database ... 20%\r(Reading database ... 25%\r(Reading database ... 30%\r(Reading database ... 35%\r(Reading database ... 40%\r(Reading database ... 45%\r(Reading database ... 50%\r(Reading database ... 55%\r(Reading database ... 60%\r(Reading database ... 65%\r(Reading database ... 70%\r(Reading database ... 75%\r(Reading database ... 80%\r(Reading database ... 85%\r(Reading database ... 90%\r(Reading database ... 95%\r(Reading database ... 100%\r(Reading database ... 4395 files and directories currently installed.)\r\nPreparing to unpack .../00-liblocale-gettext-perl_1.07-4build3_amd64.deb ...\r\nUnpacking liblocale-gettext-perl (1.07-4build3) ...\r\nSelecting previously unselected package perl-modules-5.34.\r\nPreparing to unpack .../01-perl-modules-5.34_5.34.0-3ubuntu1.1_all.deb ...\r\nUnpacking perl-modules-5.34 (5.34.0-3ubuntu1.1) ...\r\nSelecting previously unselected package libgdbm6:amd64.\r\nPreparing to unpack .../02-libgdbm6_1.23-1_amd64.deb ...\r\nUnpacking libgdbm6:amd64 (1.23-1) ...\r\nSelecting previously unselected package libgdbm-compat4:amd64.\r\nPreparing to unpack .../03-libgdbm-compat4_1.23-1_amd64.deb ...\r\nUnpacking libgdbm-compat4:amd64 (1.23-1) ...\r\nSelecting previously unselected package libperl5.34:amd64.\r\nPreparing to unpack .../04-libperl5.34_5.34.0-3ubuntu1.1_amd64.deb ...\r\nUnpacking libperl5.34:amd64 (5.34.0-3ubuntu1.1) ...\r\nSelecting previously unselected package perl.\r\nPreparing to unpack .../05-perl_5.34.0-3ubuntu1.1_amd64.deb ...\r\nUnpacking perl (5.34.0-3ubuntu1.1) ...\r\nSelecting previously unselected package libglib2.0-0:amd64.\r\nPreparing to unpack .../06-libglib2.0-0_2.72.4-0ubuntu1_amd64.deb ...\r\nUnpacking libglib2.0-0:amd64 (2.72.4-0ubuntu1) ...\r\nSelecting previously unselected package libglib2.0-data.\r\nPreparing to unpack .../07-libglib2.0-data_2.72.4-0ubuntu1_all.deb ...\r\nUnpacking libglib2.0-data (2.72.4-0ubuntu1) ...\r\nSelecting previously unselected package libicu70:amd64.\r\nPreparing to unpack .../08-libicu70_70.1-2_amd64.deb ...\r\nUnpacking libicu70:amd64 (70.1-2) ...\r\nSelecting previously unselected package libxml2:amd64.\r\nPreparing to unpack .../09-libxml2_2.9.13+dfsg-1ubuntu0.2_amd64.deb ...\r\nUnpacking libxml2:amd64 (2.9.13+dfsg-1ubuntu0.2) ...\r\nSelecting previously unselected package netbase.\r\nPreparing to unpack .../10-netbase_6.3_all.deb ...\r\nUnpacking netbase (6.3) ...\r\nSelecting previously unselected package shared-mime-info.\r\nPreparing to unpack .../11-shared-mime-info_2.1-2_amd64.deb ...\r\nUnpacking shared-mime-info (2.1-2) ...\r\nSelecting previously unselected package xdg-user-dirs.\r\nPreparing to unpack .../12-xdg-user-dirs_0.17-2ubuntu4_amd64.deb ...\r\nUnpacking xdg-user-dirs (0.17-2ubuntu4) ...\r\nSelecting previously unselected package xz-utils.\r\nPreparing to unpack .../13-xz-utils_5.2.5-2ubuntu1_amd64.deb ...\r\nUnpacking xz-utils (5.2.5-2ubuntu1) ...\r\nSelecting previously unselected package bzip2.\r\nPreparing to unpack .../14-bzip2_1.0.8-5build1_amd64.deb ...\r\nUnpacking bzip2 (1.0.8-5build1) ...\r\nSelecting previously unselected package libdpkg-perl.\r\nPreparing to unpack .../15-libdpkg-perl_1.21.1ubuntu2.1_all.deb ...\r\nUnpacking libdpkg-perl (1.21.1ubuntu2.1) ...\r\nSelecting previously unselected package libfile-fcntllock-perl.\r\nPreparing to unpack .../16-libfile-fcntllock-perl_0.22-3build7_amd64.deb ...\r\nUnpacking libfile-fcntllock-perl (0.22-3build7) ...\r\nSelecting previously unselected package pkg-config.\r\nPreparing to unpack .../17-pkg-config_0.29.2-1ubuntu3_amd64.deb ...\r\nUnpacking pkg-config (0.29.2-1ubuntu3) ...\r\nSetting up xdg-user-dirs (0.17-2ubuntu4) ...\r\nSetting up libglib2.0-0:amd64 (2.72.4-0ubuntu1) ...\r\nNo schema files found: doing nothing.\r\nSetting up perl-modules-5.34 (5.34.0-3ubuntu1.1) ...\r\nSetting up bzip2 (1.0.8-5build1) ...\r\nSetting up libglib2.0-data (2.72.4-0ubuntu1) ...\r\nSetting up xz-utils (5.2.5-2ubuntu1) ...\r\nupdate-alternatives: using /usr/bin/xz to provide /usr/bin/lzma (lzma) in auto mode\r\nupdate-alternatives: warning: skip creation of /usr/share/man/man1/lzma.1.gz because associated file /usr/share/man/man1/xz.1.gz (of link group lzma) doesn't exist\r\nupdate-alternatives: warning: skip creation of /usr/share/man/man1/unlzma.1.gz because associated file /usr/share/man/man1/unxz.1.gz (of link group lzma) doesn't exist\r\nupdate-alternatives: warning: skip creation of /usr/share/man/man1/lzcat.1.gz because associated file /usr/share/man/man1/xzcat.1.gz (of link group lzma) doesn't exist\r\nupdate-alternatives: warning: skip creation of /usr/share/man/man1/lzmore.1.gz because associated file /usr/share/man/man1/xzmore.1.gz (of link group lzma) doesn't exist\r\nupdate-alternatives: warning: skip creation of /usr/share/man/man1/lzless.1.gz because associated file /usr/share/man/man1/xzless.1.gz (of link group lzma) doesn't exist\r\nupdate-alternatives: warning: skip creation of /usr/share/man/man1/lzdiff.1.gz because associated file /usr/share/man/man1/xzdiff.1.gz (of link group lzma) doesn't exist\r\nupdate-alternatives: warning: skip creation of /usr/share/man/man1/lzcmp.1.gz because associated file /usr/share/man/man1/xzcmp.1.gz (of link group lzma) doesn't exist\r\nupdate-alternatives: warning: skip creation of /usr/share/man/man1/lzgrep.1.gz because associated file /usr/share/man/man1/xzgrep.1.gz (of link group lzma) doesn't exist\r\nupdate-alternatives: warning: skip creation of /usr/share/man/man1/lzegrep.1.gz because associated file /usr/share/man/man1/xzegrep.1.gz (of link group lzma) doesn't exist\r\nupdate-alternatives: warning: skip creation of /usr/share/man/man1/lzfgrep.1.gz because associated file /usr/share/man/man1/xzfgrep.1.gz (of link group lzma) doesn't exist\r\nSetting up netbase (6.3) ...\r\nSetting up liblocale-gettext-perl (1.07-4build3) ...\r\nSetting up libgdbm6:amd64 (1.23-1) ...\r\nSetting up libicu70:amd64 (70.1-2) ...\r\nSetting up libgdbm-compat4:amd64 (1.23-1) ...\r\nSetting up libxml2:amd64 (2.9.13+dfsg-1ubuntu0.2) ...\r\nSetting up libperl5.34:amd64 (5.34.0-3ubuntu1.1) ...\r\nSetting up perl (5.34.0-3ubuntu1.1) ...\r\nSetting up shared-mime-info (2.1-2) ...\r\nSetting up libdpkg-perl (1.21.1ubuntu2.1) ...\r\nSetting up libfile-fcntllock-perl (0.22-3build7) ...\r\nSetting up pkg-config (0.29.2-1ubuntu3) ...\r\nProcessing triggers for libc-bin (2.35-0ubuntu3.1) ...\r\nRemoving intermediate container d84b1865ce0c\n ---> 3408fe9501e2\nStep 7/15 : RUN apt install -y python3-dev\n ---> Running in 4e33c09a4774\n\u001b[91m\nWARNING: apt does not have a stable CLI interface. Use with caution in scripts.\n\n\u001b[0mReading package lists...\nBuilding dependency tree...\nReading state information...\nThe following additional packages will be installed:\n  fontconfig-config fonts-dejavu-core javascript-common libbrotli1 libbsd0\n  libc-dev-bin libc-devtools libc6-dev libcrypt-dev libdeflate0 libexpat1\n  libexpat1-dev libfontconfig1 libfreetype6 libgd3 libjbig0 libjpeg-turbo8\n  libjpeg8 libjs-jquery libjs-sphinxdoc libjs-underscore libmd0 libmpdec3\n  libnsl-dev libpng16-16 libpython3-dev libpython3-stdlib libpython3.10\n  libpython3.10-dev libpython3.10-minimal libpython3.10-stdlib libreadline8\n  libsqlite3-0 libtiff5 libtirpc-dev libwebp7 libx11-6 libx11-data libxau6\n  libxcb1 libxdmcp6 libxpm4 linux-libc-dev manpages manpages-dev media-types\n  python3 python3-distutils python3-lib2to3 python3-minimal python3.10\n  python3.10-dev python3.10-minimal readline-common rpcsvc-proto ucf\n  zlib1g-dev\nSuggested packages:\n  apache2 | lighttpd | httpd glibc-doc libgd-tools man-browser python3-doc\n  python3-tk python3-venv python3.10-venv python3.10-doc binutils\n  binfmt-support readline-doc\nThe following NEW packages will be installed:\n  fontconfig-config fonts-dejavu-core javascript-common libbrotli1 libbsd0\n  libc-dev-bin libc-devtools libc6-dev libcrypt-dev libdeflate0 libexpat1\n  libexpat1-dev libfontconfig1 libfreetype6 libgd3 libjbig0 libjpeg-turbo8\n  libjpeg8 libjs-jquery libjs-sphinxdoc libjs-underscore libmd0 libmpdec3\n  libnsl-dev libpng16-16 libpython3-dev libpython3-stdlib libpython3.10\n  libpython3.10-dev libpython3.10-minimal libpython3.10-stdlib libreadline8\n  libsqlite3-0 libtiff5 libtirpc-dev libwebp7 libx11-6 libx11-data libxau6\n  libxcb1 libxdmcp6 libxpm4 linux-libc-dev manpages manpages-dev media-types\n  python3 python3-dev python3-distutils python3-lib2to3 python3-minimal\n  python3.10 python3.10-dev python3.10-minimal readline-common rpcsvc-proto\n  ucf zlib1g-dev\n0 upgraded, 58 newly installed, 0 to remove and 0 not upgraded.\nNeed to get 26.3 MB of archives.\nAfter this operation, 94.7 MB of additional disk space will be used.\nGet:1 http://archive.ubuntu.com/ubuntu jammy-updates/main amd64 libpython3.10-minimal amd64 3.10.6-1~22.04.2 [810 kB]\nGet:2 http://archive.ubuntu.com/ubuntu jammy-updates/main amd64 libexpat1 amd64 2.4.7-1ubuntu0.2 [91.0 kB]\nGet:3 http://archive.ubuntu.com/ubuntu jammy-updates/main amd64 python3.10-minimal amd64 3.10.6-1~22.04.2 [2251 kB]\nGet:4 http://archive.ubuntu.com/ubuntu jammy-updates/main amd64 python3-minimal amd64 3.10.6-1~22.04 [24.3 kB]\nGet:5 http://archive.ubuntu.com/ubuntu jammy/main amd64 media-types all 7.0.0 [25.5 kB]\nGet:6 http://archive.ubuntu.com/ubuntu jammy/main amd64 libmpdec3 amd64 2.5.1-2build2 [86.8 kB]\nGet:7 http://archive.ubuntu.com/ubuntu jammy/main amd64 readline-common all 8.1.2-1 [53.5 kB]\nGet:8 http://archive.ubuntu.com/ubuntu jammy/main amd64 libreadline8 amd64 8.1.2-1 [153 kB]\nGet:9 http://archive.ubuntu.com/ubuntu jammy-updates/main amd64 libsqlite3-0 amd64 3.37.2-2ubuntu0.1 [641 kB]\nGet:10 http://archive.ubuntu.com/ubuntu jammy-updates/main amd64 libpython3.10-stdlib amd64 3.10.6-1~22.04.2 [1832 kB]\nGet:11 http://archive.ubuntu.com/ubuntu jammy-updates/main amd64 python3.10 amd64 3.10.6-1~22.04.2 [497 kB]\nGet:12 http://archive.ubuntu.com/ubuntu jammy-updates/main amd64 libpython3-stdlib amd64 3.10.6-1~22.04 [6910 B]\nGet:13 http://archive.ubuntu.com/ubuntu jammy-updates/main amd64 python3 amd64 3.10.6-1~22.04 [22.8 kB]\nGet:14 http://archive.ubuntu.com/ubuntu jammy/main amd64 libmd0 amd64 1.0.4-1build1 [23.0 kB]\nGet:15 http://archive.ubuntu.com/ubuntu jammy/main amd64 libbsd0 amd64 0.11.5-1 [44.8 kB]\nGet:16 http://archive.ubuntu.com/ubuntu jammy/main amd64 ucf all 3.0043 [56.1 kB]\nGet:17 http://archive.ubuntu.com/ubuntu jammy/main amd64 libpng16-16 amd64 1.6.37-3build5 [191 kB]\nGet:18 http://archive.ubuntu.com/ubuntu jammy/main amd64 libxau6 amd64 1:1.0.9-1build5 [7634 B]\nGet:19 http://archive.ubuntu.com/ubuntu jammy/main amd64 libxdmcp6 amd64 1:1.1.3-0ubuntu5 [10.9 kB]\nGet:20 http://archive.ubuntu.com/ubuntu jammy/main amd64 libxcb1 amd64 1.14-3ubuntu3 [49.0 kB]\nGet:21 http://archive.ubuntu.com/ubuntu jammy/main amd64 libx11-data all 2:1.7.5-1 [119 kB]\nGet:22 http://archive.ubuntu.com/ubuntu jammy/main amd64 libx11-6 amd64 2:1.7.5-1 [666 kB]\nGet:23 http://archive.ubuntu.com/ubuntu jammy/main amd64 manpages all 5.10-1ubuntu1 [1375 kB]\nGet:24 http://archive.ubuntu.com/ubuntu jammy/main amd64 fonts-dejavu-core all 2.37-2build1 [1041 kB]\nGet:25 http://archive.ubuntu.com/ubuntu jammy/main amd64 fontconfig-config all 2.13.1-4.2ubuntu5 [29.1 kB]\nGet:26 http://archive.ubuntu.com/ubuntu jammy/main amd64 javascript-common all 11+nmu1 [5936 B]\nGet:27 http://archive.ubuntu.com/ubuntu jammy/main amd64 libbrotli1 amd64 1.0.9-2build6 [315 kB]\nGet:28 http://archive.ubuntu.com/ubuntu jammy-updates/main amd64 libc-dev-bin amd64 2.35-0ubuntu3.1 [20.4 kB]\nGet:29 http://archive.ubuntu.com/ubuntu jammy-updates/main amd64 libfreetype6 amd64 2.11.1+dfsg-1ubuntu0.1 [389 kB]\nGet:30 http://archive.ubuntu.com/ubuntu jammy/main amd64 libfontconfig1 amd64 2.13.1-4.2ubuntu5 [131 kB]\nGet:31 http://archive.ubuntu.com/ubuntu jammy/main amd64 libjpeg-turbo8 amd64 2.1.2-0ubuntu1 [134 kB]\nGet:32 http://archive.ubuntu.com/ubuntu jammy/main amd64 libjpeg8 amd64 8c-2ubuntu10 [2264 B]\nGet:33 http://archive.ubuntu.com/ubuntu jammy/main amd64 libdeflate0 amd64 1.10-2 [70.9 kB]\nGet:34 http://archive.ubuntu.com/ubuntu jammy-updates/main amd64 libjbig0 amd64 2.1-3.1ubuntu0.22.04.1 [29.2 kB]\nGet:35 http://archive.ubuntu.com/ubuntu jammy/main amd64 libwebp7 amd64 1.2.2-2 [206 kB]\nGet:36 http://archive.ubuntu.com/ubuntu jammy-updates/main amd64 libtiff5 amd64 4.3.0-6ubuntu0.3 [183 kB]\nGet:37 http://archive.ubuntu.com/ubuntu jammy/main amd64 libxpm4 amd64 1:3.5.12-1build2 [36.2 kB]\nGet:38 http://archive.ubuntu.com/ubuntu jammy/main amd64 libgd3 amd64 2.3.0-2ubuntu2 [129 kB]\nGet:39 http://archive.ubuntu.com/ubuntu jammy-updates/main amd64 libc-devtools amd64 2.35-0ubuntu3.1 [28.9 kB]\nGet:40 http://archive.ubuntu.com/ubuntu jammy-updates/main amd64 linux-libc-dev amd64 5.15.0-56.62 [1333 kB]\nGet:41 http://archive.ubuntu.com/ubuntu jammy/main amd64 libcrypt-dev amd64 1:4.4.27-1 [112 kB]\nGet:42 http://archive.ubuntu.com/ubuntu jammy/main amd64 rpcsvc-proto amd64 1.4.2-0ubuntu6 [68.5 kB]\nGet:43 http://archive.ubuntu.com/ubuntu jammy-updates/main amd64 libtirpc-dev amd64 1.3.2-2ubuntu0.1 [192 kB]\nGet:44 http://archive.ubuntu.com/ubuntu jammy/main amd64 libnsl-dev amd64 1.3.0-2build2 [71.3 kB]\nGet:45 http://archive.ubuntu.com/ubuntu jammy-updates/main amd64 libc6-dev amd64 2.35-0ubuntu3.1 [2099 kB]\nGet:46 http://archive.ubuntu.com/ubuntu jammy-updates/main amd64 libexpat1-dev amd64 2.4.7-1ubuntu0.2 [147 kB]\nGet:47 http://archive.ubuntu.com/ubuntu jammy/main amd64 libjs-jquery all 3.6.0+dfsg+~3.5.13-1 [321 kB]\nGet:48 http://archive.ubuntu.com/ubuntu jammy/main amd64 libjs-underscore all 1.13.2~dfsg-2 [118 kB]\nGet:49 http://archive.ubuntu.com/ubuntu jammy/main amd64 libjs-sphinxdoc all 4.3.2-1 [139 kB]\nGet:50 http://archive.ubuntu.com/ubuntu jammy-updates/main amd64 libpython3.10 amd64 3.10.6-1~22.04.2 [1955 kB]\nGet:51 http://archive.ubuntu.com/ubuntu jammy-updates/main amd64 zlib1g-dev amd64 1:1.2.11.dfsg-2ubuntu9.2 [164 kB]\nGet:52 http://archive.ubuntu.com/ubuntu jammy-updates/main amd64 libpython3.10-dev amd64 3.10.6-1~22.04.2 [4755 kB]\nGet:53 http://archive.ubuntu.com/ubuntu jammy-updates/main amd64 libpython3-dev amd64 3.10.6-1~22.04 [7166 B]\nGet:54 http://archive.ubuntu.com/ubuntu jammy/main amd64 manpages-dev all 5.10-1ubuntu1 [2309 kB]\nGet:55 http://archive.ubuntu.com/ubuntu jammy-updates/main amd64 python3.10-dev amd64 3.10.6-1~22.04.2 [507 kB]\nGet:56 http://archive.ubuntu.com/ubuntu jammy-updates/main amd64 python3-lib2to3 all 3.10.6-1~22.04 [77.6 kB]\nGet:57 http://archive.ubuntu.com/ubuntu jammy-updates/main amd64 python3-distutils all 3.10.6-1~22.04 [139 kB]\nGet:58 http://archive.ubuntu.com/ubuntu jammy-updates/main amd64 python3-dev amd64 3.10.6-1~22.04 [26.0 kB]\n\u001b[91mdebconf: delaying package configuration, since apt-utils is not installed\n\u001b[0mFetched 26.3 MB in 3s (7524 kB/s)\nSelecting previously unselected package libpython3.10-minimal:amd64.\r\n(Reading database ... \r(Reading database ... 5%\r(Reading database ... 10%\r(Reading database ... 15%\r(Reading database ... 20%\r(Reading database ... 25%\r(Reading database ... 30%\r(Reading database ... 35%\r(Reading database ... 40%\r(Reading database ... 45%\r(Reading database ... 50%\r(Reading database ... 55%\r(Reading database ... 60%\r(Reading database ... 65%\r(Reading database ... 70%\r(Reading database ... 75%\r(Reading database ... 80%\r(Reading database ... 85%\r(Reading database ... 90%\r(Reading database ... 95%\r(Reading database ... 100%\r(Reading database ... 7002 files and directories currently installed.)\r\nPreparing to unpack .../libpython3.10-minimal_3.10.6-1~22.04.2_amd64.deb ...\r\nUnpacking libpython3.10-minimal:amd64 (3.10.6-1~22.04.2) ...\r\nSelecting previously unselected package libexpat1:amd64.\r\nPreparing to unpack .../libexpat1_2.4.7-1ubuntu0.2_amd64.deb ...\r\nUnpacking libexpat1:amd64 (2.4.7-1ubuntu0.2) ...\r\nSelecting previously unselected package python3.10-minimal.\r\nPreparing to unpack .../python3.10-minimal_3.10.6-1~22.04.2_amd64.deb ...\r\nUnpacking python3.10-minimal (3.10.6-1~22.04.2) ...\r\nSetting up libpython3.10-minimal:amd64 (3.10.6-1~22.04.2) ...\r\nSetting up libexpat1:amd64 (2.4.7-1ubuntu0.2) ...\r\nSetting up python3.10-minimal (3.10.6-1~22.04.2) ...\r\nSelecting previously unselected package python3-minimal.\r\n(Reading database ... \r(Reading database ... 5%\r(Reading database ... 10%\r(Reading database ... 15%\r(Reading database ... 20%\r(Reading database ... 25%\r(Reading database ... 30%\r(Reading database ... 35%\r(Reading database ... 40%\r(Reading database ... 45%\r(Reading database ... 50%\r(Reading database ... 55%\r(Reading database ... 60%\r(Reading database ... 65%\r(Reading database ... 70%\r(Reading database ... 75%\r(Reading database ... 80%\r(Reading database ... 85%\r(Reading database ... 90%\r(Reading database ... 95%\r(Reading database ... 100%\r(Reading database ... 7304 files and directories currently installed.)\r\nPreparing to unpack .../0-python3-minimal_3.10.6-1~22.04_amd64.deb ...\r\nUnpacking python3-minimal (3.10.6-1~22.04) ...\r\nSelecting previously unselected package media-types.\r\nPreparing to unpack .../1-media-types_7.0.0_all.deb ...\r\nUnpacking media-types (7.0.0) ...\r\nSelecting previously unselected package libmpdec3:amd64.\r\nPreparing to unpack .../2-libmpdec3_2.5.1-2build2_amd64.deb ...\r\nUnpacking libmpdec3:amd64 (2.5.1-2build2) ...\r\nSelecting previously unselected package readline-common.\r\nPreparing to unpack .../3-readline-common_8.1.2-1_all.deb ...\r\nUnpacking readline-common (8.1.2-1) ...\r\nSelecting previously unselected package libreadline8:amd64.\r\nPreparing to unpack .../4-libreadline8_8.1.2-1_amd64.deb ...\r\nUnpacking libreadline8:amd64 (8.1.2-1) ...\r\nSelecting previously unselected package libsqlite3-0:amd64.\r\nPreparing to unpack .../5-libsqlite3-0_3.37.2-2ubuntu0.1_amd64.deb ...\r\nUnpacking libsqlite3-0:amd64 (3.37.2-2ubuntu0.1) ...\r\nSelecting previously unselected package libpython3.10-stdlib:amd64.\r\nPreparing to unpack .../6-libpython3.10-stdlib_3.10.6-1~22.04.2_amd64.deb ...\r\nUnpacking libpython3.10-stdlib:amd64 (3.10.6-1~22.04.2) ...\r\nSelecting previously unselected package python3.10.\r\nPreparing to unpack .../7-python3.10_3.10.6-1~22.04.2_amd64.deb ...\r\nUnpacking python3.10 (3.10.6-1~22.04.2) ...\r\nSelecting previously unselected package libpython3-stdlib:amd64.\r\nPreparing to unpack .../8-libpython3-stdlib_3.10.6-1~22.04_amd64.deb ...\r\nUnpacking libpython3-stdlib:amd64 (3.10.6-1~22.04) ...\r\nSetting up python3-minimal (3.10.6-1~22.04) ...\r\nSelecting previously unselected package python3.\r\n(Reading database ... \r(Reading database ... 5%\r(Reading database ... 10%\r(Reading database ... 15%\r(Reading database ... 20%\r(Reading database ... 25%\r(Reading database ... 30%\r(Reading database ... 35%\r(Reading database ... 40%\r(Reading database ... 45%\r(Reading database ... 50%\r(Reading database ... 55%\r(Reading database ... 60%\r(Reading database ... 65%\r(Reading database ... 70%\r(Reading database ... 75%\r(Reading database ... 80%\r(Reading database ... 85%\r(Reading database ... 90%\r(Reading database ... 95%\r(Reading database ... 100%\r(Reading database ... 7733 files and directories currently installed.)\r\nPreparing to unpack .../00-python3_3.10.6-1~22.04_amd64.deb ...\r\nUnpacking python3 (3.10.6-1~22.04) ...\r\nSelecting previously unselected package libmd0:amd64.\r\nPreparing to unpack .../01-libmd0_1.0.4-1build1_amd64.deb ...\r\nUnpacking libmd0:amd64 (1.0.4-1build1) ...\r\nSelecting previously unselected package libbsd0:amd64.\r\nPreparing to unpack .../02-libbsd0_0.11.5-1_amd64.deb ...\r\nUnpacking libbsd0:amd64 (0.11.5-1) ...\r\nSelecting previously unselected package ucf.\r\nPreparing to unpack .../03-ucf_3.0043_all.deb ...\r\nMoving old data out of the way\r\nUnpacking ucf (3.0043) ...\r\nSelecting previously unselected package libpng16-16:amd64.\r\nPreparing to unpack .../04-libpng16-16_1.6.37-3build5_amd64.deb ...\r\nUnpacking libpng16-16:amd64 (1.6.37-3build5) ...\r\nSelecting previously unselected package libxau6:amd64.\r\nPreparing to unpack .../05-libxau6_1%3a1.0.9-1build5_amd64.deb ...\r\nUnpacking libxau6:amd64 (1:1.0.9-1build5) ...\r\nSelecting previously unselected package libxdmcp6:amd64.\r\nPreparing to unpack .../06-libxdmcp6_1%3a1.1.3-0ubuntu5_amd64.deb ...\r\nUnpacking libxdmcp6:amd64 (1:1.1.3-0ubuntu5) ...\r\nSelecting previously unselected package libxcb1:amd64.\r\nPreparing to unpack .../07-libxcb1_1.14-3ubuntu3_amd64.deb ...\r\nUnpacking libxcb1:amd64 (1.14-3ubuntu3) ...\r\nSelecting previously unselected package libx11-data.\r\nPreparing to unpack .../08-libx11-data_2%3a1.7.5-1_all.deb ...\r\nUnpacking libx11-data (2:1.7.5-1) ...\r\nSelecting previously unselected package libx11-6:amd64.\r\nPreparing to unpack .../09-libx11-6_2%3a1.7.5-1_amd64.deb ...\r\nUnpacking libx11-6:amd64 (2:1.7.5-1) ...\r\nSelecting previously unselected package manpages.\r\nPreparing to unpack .../10-manpages_5.10-1ubuntu1_all.deb ...\r\nUnpacking manpages (5.10-1ubuntu1) ...\r\nSelecting previously unselected package fonts-dejavu-core.\r\nPreparing to unpack .../11-fonts-dejavu-core_2.37-2build1_all.deb ...\r\nUnpacking fonts-dejavu-core (2.37-2build1) ...\r\nSelecting previously unselected package fontconfig-config.\r\nPreparing to unpack .../12-fontconfig-config_2.13.1-4.2ubuntu5_all.deb ...\r\nUnpacking fontconfig-config (2.13.1-4.2ubuntu5) ...\r\nSelecting previously unselected package javascript-common.\r\nPreparing to unpack .../13-javascript-common_11+nmu1_all.deb ...\r\nUnpacking javascript-common (11+nmu1) ...\r\nSelecting previously unselected package libbrotli1:amd64.\r\nPreparing to unpack .../14-libbrotli1_1.0.9-2build6_amd64.deb ...\r\nUnpacking libbrotli1:amd64 (1.0.9-2build6) ...\r\nSelecting previously unselected package libc-dev-bin.\r\nPreparing to unpack .../15-libc-dev-bin_2.35-0ubuntu3.1_amd64.deb ...\r\nUnpacking libc-dev-bin (2.35-0ubuntu3.1) ...\r\nSelecting previously unselected package libfreetype6:amd64.\r\nPreparing to unpack .../16-libfreetype6_2.11.1+dfsg-1ubuntu0.1_amd64.deb ...\r\nUnpacking libfreetype6:amd64 (2.11.1+dfsg-1ubuntu0.1) ...\r\nSelecting previously unselected package libfontconfig1:amd64.\r\nPreparing to unpack .../17-libfontconfig1_2.13.1-4.2ubuntu5_amd64.deb ...\r\nUnpacking libfontconfig1:amd64 (2.13.1-4.2ubuntu5) ...\r\nSelecting previously unselected package libjpeg-turbo8:amd64.\r\nPreparing to unpack .../18-libjpeg-turbo8_2.1.2-0ubuntu1_amd64.deb ...\r\nUnpacking libjpeg-turbo8:amd64 (2.1.2-0ubuntu1) ...\r\nSelecting previously unselected package libjpeg8:amd64.\r\nPreparing to unpack .../19-libjpeg8_8c-2ubuntu10_amd64.deb ...\r\nUnpacking libjpeg8:amd64 (8c-2ubuntu10) ...\r\nSelecting previously unselected package libdeflate0:amd64.\r\nPreparing to unpack .../20-libdeflate0_1.10-2_amd64.deb ...\r\nUnpacking libdeflate0:amd64 (1.10-2) ...\r\nSelecting previously unselected package libjbig0:amd64.\r\nPreparing to unpack .../21-libjbig0_2.1-3.1ubuntu0.22.04.1_amd64.deb ...\r\nUnpacking libjbig0:amd64 (2.1-3.1ubuntu0.22.04.1) ...\r\nSelecting previously unselected package libwebp7:amd64.\r\nPreparing to unpack .../22-libwebp7_1.2.2-2_amd64.deb ...\r\nUnpacking libwebp7:amd64 (1.2.2-2) ...\r\nSelecting previously unselected package libtiff5:amd64.\r\nPreparing to unpack .../23-libtiff5_4.3.0-6ubuntu0.3_amd64.deb ...\r\nUnpacking libtiff5:amd64 (4.3.0-6ubuntu0.3) ...\r\nSelecting previously unselected package libxpm4:amd64.\r\nPreparing to unpack .../24-libxpm4_1%3a3.5.12-1build2_amd64.deb ...\r\nUnpacking libxpm4:amd64 (1:3.5.12-1build2) ...\r\nSelecting previously unselected package libgd3:amd64.\r\nPreparing to unpack .../25-libgd3_2.3.0-2ubuntu2_amd64.deb ...\r\nUnpacking libgd3:amd64 (2.3.0-2ubuntu2) ...\r\nSelecting previously unselected package libc-devtools.\r\nPreparing to unpack .../26-libc-devtools_2.35-0ubuntu3.1_amd64.deb ...\r\nUnpacking libc-devtools (2.35-0ubuntu3.1) ...\r\nSelecting previously unselected package linux-libc-dev:amd64.\r\nPreparing to unpack .../27-linux-libc-dev_5.15.0-56.62_amd64.deb ...\r\nUnpacking linux-libc-dev:amd64 (5.15.0-56.62) ...\r\nSelecting previously unselected package libcrypt-dev:amd64.\r\nPreparing to unpack .../28-libcrypt-dev_1%3a4.4.27-1_amd64.deb ...\r\nUnpacking libcrypt-dev:amd64 (1:4.4.27-1) ...\r\nSelecting previously unselected package rpcsvc-proto.\r\nPreparing to unpack .../29-rpcsvc-proto_1.4.2-0ubuntu6_amd64.deb ...\r\nUnpacking rpcsvc-proto (1.4.2-0ubuntu6) ...\r\nSelecting previously unselected package libtirpc-dev:amd64.\r\nPreparing to unpack .../30-libtirpc-dev_1.3.2-2ubuntu0.1_amd64.deb ...\r\nUnpacking libtirpc-dev:amd64 (1.3.2-2ubuntu0.1) ...\r\nSelecting previously unselected package libnsl-dev:amd64.\r\nPreparing to unpack .../31-libnsl-dev_1.3.0-2build2_amd64.deb ...\r\nUnpacking libnsl-dev:amd64 (1.3.0-2build2) ...\r\nSelecting previously unselected package libc6-dev:amd64.\r\nPreparing to unpack .../32-libc6-dev_2.35-0ubuntu3.1_amd64.deb ...\r\nUnpacking libc6-dev:amd64 (2.35-0ubuntu3.1) ...\r\nSelecting previously unselected package libexpat1-dev:amd64.\r\nPreparing to unpack .../33-libexpat1-dev_2.4.7-1ubuntu0.2_amd64.deb ...\r\nUnpacking libexpat1-dev:amd64 (2.4.7-1ubuntu0.2) ...\r\nSelecting previously unselected package libjs-jquery.\r\nPreparing to unpack .../34-libjs-jquery_3.6.0+dfsg+~3.5.13-1_all.deb ...\r\nUnpacking libjs-jquery (3.6.0+dfsg+~3.5.13-1) ...\r\nSelecting previously unselected package libjs-underscore.\r\nPreparing to unpack .../35-libjs-underscore_1.13.2~dfsg-2_all.deb ...\r\nUnpacking libjs-underscore (1.13.2~dfsg-2) ...\r\nSelecting previously unselected package libjs-sphinxdoc.\r\nPreparing to unpack .../36-libjs-sphinxdoc_4.3.2-1_all.deb ...\r\nUnpacking libjs-sphinxdoc (4.3.2-1) ...\r\nSelecting previously unselected package libpython3.10:amd64.\r\nPreparing to unpack .../37-libpython3.10_3.10.6-1~22.04.2_amd64.deb ...\r\nUnpacking libpython3.10:amd64 (3.10.6-1~22.04.2) ...\r\nSelecting previously unselected package zlib1g-dev:amd64.\r\nPreparing to unpack .../38-zlib1g-dev_1%3a1.2.11.dfsg-2ubuntu9.2_amd64.deb ...\r\nUnpacking zlib1g-dev:amd64 (1:1.2.11.dfsg-2ubuntu9.2) ...\r\nSelecting previously unselected package libpython3.10-dev:amd64.\r\nPreparing to unpack .../39-libpython3.10-dev_3.10.6-1~22.04.2_amd64.deb ...\r\nUnpacking libpython3.10-dev:amd64 (3.10.6-1~22.04.2) ...\r\nSelecting previously unselected package libpython3-dev:amd64.\r\nPreparing to unpack .../40-libpython3-dev_3.10.6-1~22.04_amd64.deb ...\r\nUnpacking libpython3-dev:amd64 (3.10.6-1~22.04) ...\r\nSelecting previously unselected package manpages-dev.\r\nPreparing to unpack .../41-manpages-dev_5.10-1ubuntu1_all.deb ...\r\nUnpacking manpages-dev (5.10-1ubuntu1) ...\r\nSelecting previously unselected package python3.10-dev.\r\nPreparing to unpack .../42-python3.10-dev_3.10.6-1~22.04.2_amd64.deb ...\r\nUnpacking python3.10-dev (3.10.6-1~22.04.2) ...\r\nSelecting previously unselected package python3-lib2to3.\r\nPreparing to unpack .../43-python3-lib2to3_3.10.6-1~22.04_all.deb ...\r\nUnpacking python3-lib2to3 (3.10.6-1~22.04) ...\r\nSelecting previously unselected package python3-distutils.\r\nPreparing to unpack .../44-python3-distutils_3.10.6-1~22.04_all.deb ...\r\nUnpacking python3-distutils (3.10.6-1~22.04) ...\r\nSelecting previously unselected package python3-dev.\r\nPreparing to unpack .../45-python3-dev_3.10.6-1~22.04_amd64.deb ...\r\nUnpacking python3-dev (3.10.6-1~22.04) ...\r\nSetting up media-types (7.0.0) ...\r\nSetting up javascript-common (11+nmu1) ...\r\nSetting up libxau6:amd64 (1:1.0.9-1build5) ...\r\nSetting up manpages (5.10-1ubuntu1) ...\r\nSetting up libbrotli1:amd64 (1.0.9-2build6) ...\r\nSetting up libsqlite3-0:amd64 (3.37.2-2ubuntu0.1) ...\r\nSetting up libdeflate0:amd64 (1.10-2) ...\r\nSetting up linux-libc-dev:amd64 (5.15.0-56.62) ...\r\nSetting up libjbig0:amd64 (2.1-3.1ubuntu0.22.04.1) ...\r\nSetting up libtirpc-dev:amd64 (1.3.2-2ubuntu0.1) ...\r\nSetting up rpcsvc-proto (1.4.2-0ubuntu6) ...\r\nSetting up libx11-data (2:1.7.5-1) ...\r\nSetting up libpng16-16:amd64 (1.6.37-3build5) ...\r\nSetting up fonts-dejavu-core (2.37-2build1) ...\r\nSetting up ucf (3.0043) ...\r\ndebconf: unable to initialize frontend: Dialog\r\ndebconf: (TERM is not set, so the dialog frontend is not usable.)\r\ndebconf: falling back to frontend: Readline\r\nSetting up libjpeg-turbo8:amd64 (2.1.2-0ubuntu1) ...\r\nSetting up libwebp7:amd64 (1.2.2-2) ...\r\nSetting up libmd0:amd64 (1.0.4-1build1) ...\r\nSetting up libnsl-dev:amd64 (1.3.0-2build2) ...\r\nSetting up libcrypt-dev:amd64 (1:4.4.27-1) ...\r\nSetting up libmpdec3:amd64 (2.5.1-2build2) ...\r\nSetting up libjs-jquery (3.6.0+dfsg+~3.5.13-1) ...\r\nSetting up libc-dev-bin (2.35-0ubuntu3.1) ...\r\nSetting up libbsd0:amd64 (0.11.5-1) ...\r\nSetting up readline-common (8.1.2-1) ...\r\nSetting up libjs-underscore (1.13.2~dfsg-2) ...\r\nSetting up libjpeg8:amd64 (8c-2ubuntu10) ...\r\nSetting up manpages-dev (5.10-1ubuntu1) ...\r\nSetting up libxdmcp6:amd64 (1:1.1.3-0ubuntu5) ...\r\nSetting up libxcb1:amd64 (1.14-3ubuntu3) ...\r\nSetting up fontconfig-config (2.13.1-4.2ubuntu5) ...\r\nSetting up libreadline8:amd64 (8.1.2-1) ...\r\nSetting up libpython3.10-stdlib:amd64 (3.10.6-1~22.04.2) ...\r\nSetting up libfreetype6:amd64 (2.11.1+dfsg-1ubuntu0.1) ...\r\nSetting up libjs-sphinxdoc (4.3.2-1) ...\r\nSetting up libc6-dev:amd64 (2.35-0ubuntu3.1) ...\r\nSetting up libx11-6:amd64 (2:1.7.5-1) ...\r\nSetting up libtiff5:amd64 (4.3.0-6ubuntu0.3) ...\r\nSetting up libfontconfig1:amd64 (2.13.1-4.2ubuntu5) ...\r\nSetting up libpython3-stdlib:amd64 (3.10.6-1~22.04) ...\r\nSetting up libpython3.10:amd64 (3.10.6-1~22.04.2) ...\r\nSetting up python3.10 (3.10.6-1~22.04.2) ...\r\nSetting up libxpm4:amd64 (1:3.5.12-1build2) ...\r\nSetting up python3 (3.10.6-1~22.04) ...\r\nrunning python rtupdate hooks for python3.10...\r\nrunning python post-rtupdate hooks for python3.10...\r\nSetting up libexpat1-dev:amd64 (2.4.7-1ubuntu0.2) ...\r\nSetting up libgd3:amd64 (2.3.0-2ubuntu2) ...\r\nSetting up zlib1g-dev:amd64 (1:1.2.11.dfsg-2ubuntu9.2) ...\r\nSetting up python3-lib2to3 (3.10.6-1~22.04) ...\r\nSetting up libc-devtools (2.35-0ubuntu3.1) ...\r\nSetting up python3-distutils (3.10.6-1~22.04) ...\r\nSetting up libpython3.10-dev:amd64 (3.10.6-1~22.04.2) ...\r\nSetting up python3.10-dev (3.10.6-1~22.04.2) ...\r\nSetting up libpython3-dev:amd64 (3.10.6-1~22.04) ...\r\nSetting up python3-dev (3.10.6-1~22.04) ...\r\nProcessing triggers for libc-bin (2.35-0ubuntu3.1) ...\r\nRemoving intermediate container 4e33c09a4774\n ---> a179dc7c975e\nStep 8/15 : RUN apt-get install -y python3-pip\n ---> Running in f7861d6fdc51\nReading package lists...\nBuilding dependency tree...\nReading state information...\nThe following additional packages will be installed:\n  binutils binutils-common binutils-x86-64-linux-gnu build-essential\n  ca-certificates cpp cpp-11 dirmngr dpkg-dev fakeroot g++ g++-11 gcc gcc-11\n  gcc-11-base gnupg gnupg-l10n gnupg-utils gpg gpg-agent gpg-wks-client\n  gpg-wks-server gpgconf gpgsm libalgorithm-diff-perl\n  libalgorithm-diff-xs-perl libalgorithm-merge-perl libasan6 libassuan0\n  libatomic1 libbinutils libcc1-0 libctf-nobfd0 libctf0 libfakeroot\n  libgcc-11-dev libgomp1 libisl23 libitm1 libksba8 libldap-2.5-0\n  libldap-common liblsan0 libmpc3 libmpfr6 libnpth0 libquadmath0 libsasl2-2\n  libsasl2-modules libsasl2-modules-db libstdc++-11-dev libtsan0 libubsan1\n  lto-disabled-list make openssl patch pinentry-curses python3-pkg-resources\n  python3-setuptools python3-wheel\nSuggested packages:\n  binutils-doc cpp-doc gcc-11-locales dbus-user-session libpam-systemd\n  pinentry-gnome3 tor debian-keyring g++-multilib g++-11-multilib gcc-11-doc\n  gcc-multilib autoconf automake libtool flex bison gdb gcc-doc\n  gcc-11-multilib parcimonie xloadimage scdaemon libsasl2-modules-gssapi-mit\n  | libsasl2-modules-gssapi-heimdal libsasl2-modules-ldap libsasl2-modules-otp\n  libsasl2-modules-sql libstdc++-11-doc make-doc ed diffutils-doc pinentry-doc\n  python-setuptools-doc\nThe following NEW packages will be installed:\n  binutils binutils-common binutils-x86-64-linux-gnu build-essential\n  ca-certificates cpp cpp-11 dirmngr dpkg-dev fakeroot g++ g++-11 gcc gcc-11\n  gcc-11-base gnupg gnupg-l10n gnupg-utils gpg gpg-agent gpg-wks-client\n  gpg-wks-server gpgconf gpgsm libalgorithm-diff-perl\n  libalgorithm-diff-xs-perl libalgorithm-merge-perl libasan6 libassuan0\n  libatomic1 libbinutils libcc1-0 libctf-nobfd0 libctf0 libfakeroot\n  libgcc-11-dev libgomp1 libisl23 libitm1 libksba8 libldap-2.5-0\n  libldap-common liblsan0 libmpc3 libmpfr6 libnpth0 libquadmath0 libsasl2-2\n  libsasl2-modules libsasl2-modules-db libstdc++-11-dev libtsan0 libubsan1\n  lto-disabled-list make openssl patch pinentry-curses python3-pip\n  python3-pkg-resources python3-setuptools python3-wheel\n0 upgraded, 62 newly installed, 0 to remove and 0 not upgraded.\nNeed to get 65.9 MB of archives.\nAfter this operation, 209 MB of additional disk space will be used.\nGet:1 http://archive.ubuntu.com/ubuntu jammy-updates/main amd64 openssl amd64 3.0.2-0ubuntu1.7 [1183 kB]\nGet:2 http://archive.ubuntu.com/ubuntu jammy-updates/main amd64 ca-certificates all 20211016ubuntu0.22.04.1 [144 kB]\nGet:3 http://archive.ubuntu.com/ubuntu jammy/main amd64 python3-pkg-resources all 59.6.0-1.2 [132 kB]\nGet:4 http://archive.ubuntu.com/ubuntu jammy-updates/main amd64 binutils-common amd64 2.38-4ubuntu2.1 [221 kB]\nGet:5 http://archive.ubuntu.com/ubuntu jammy-updates/main amd64 libbinutils amd64 2.38-4ubuntu2.1 [661 kB]\nGet:6 http://archive.ubuntu.com/ubuntu jammy-updates/main amd64 libctf-nobfd0 amd64 2.38-4ubuntu2.1 [107 kB]\nGet:7 http://archive.ubuntu.com/ubuntu jammy-updates/main amd64 libctf0 amd64 2.38-4ubuntu2.1 [103 kB]\nGet:8 http://archive.ubuntu.com/ubuntu jammy-updates/main amd64 binutils-x86-64-linux-gnu amd64 2.38-4ubuntu2.1 [2328 kB]\nGet:9 http://archive.ubuntu.com/ubuntu jammy-updates/main amd64 binutils amd64 2.38-4ubuntu2.1 [3198 B]\nGet:10 http://archive.ubuntu.com/ubuntu jammy-updates/main amd64 gcc-11-base amd64 11.3.0-1ubuntu1~22.04 [20.8 kB]\nGet:11 http://archive.ubuntu.com/ubuntu jammy/main amd64 libisl23 amd64 0.24-2build1 [727 kB]\nGet:12 http://archive.ubuntu.com/ubuntu jammy/main amd64 libmpfr6 amd64 4.1.0-3build3 [1425 kB]\nGet:13 http://archive.ubuntu.com/ubuntu jammy/main amd64 libmpc3 amd64 1.2.1-2build1 [46.9 kB]\nGet:14 http://archive.ubuntu.com/ubuntu jammy-updates/main amd64 cpp-11 amd64 11.3.0-1ubuntu1~22.04 [9967 kB]\nGet:15 http://archive.ubuntu.com/ubuntu jammy/main amd64 cpp amd64 4:11.2.0-1ubuntu1 [27.7 kB]\nGet:16 http://archive.ubuntu.com/ubuntu jammy-updates/main amd64 libcc1-0 amd64 12.1.0-2ubuntu1~22.04 [47.4 kB]\nGet:17 http://archive.ubuntu.com/ubuntu jammy-updates/main amd64 libgomp1 amd64 12.1.0-2ubuntu1~22.04 [126 kB]\nGet:18 http://archive.ubuntu.com/ubuntu jammy-updates/main amd64 libitm1 amd64 12.1.0-2ubuntu1~22.04 [30.2 kB]\nGet:19 http://archive.ubuntu.com/ubuntu jammy-updates/main amd64 libatomic1 amd64 12.1.0-2ubuntu1~22.04 [10.4 kB]\nGet:20 http://archive.ubuntu.com/ubuntu jammy-updates/main amd64 libasan6 amd64 11.3.0-1ubuntu1~22.04 [2284 kB]\nGet:21 http://archive.ubuntu.com/ubuntu jammy-updates/main amd64 liblsan0 amd64 12.1.0-2ubuntu1~22.04 [1069 kB]\nGet:22 http://archive.ubuntu.com/ubuntu jammy-updates/main amd64 libtsan0 amd64 11.3.0-1ubuntu1~22.04 [2262 kB]\nGet:23 http://archive.ubuntu.com/ubuntu jammy-updates/main amd64 libubsan1 amd64 12.1.0-2ubuntu1~22.04 [976 kB]\nGet:24 http://archive.ubuntu.com/ubuntu jammy-updates/main amd64 libquadmath0 amd64 12.1.0-2ubuntu1~22.04 [154 kB]\nGet:25 http://archive.ubuntu.com/ubuntu jammy-updates/main amd64 libgcc-11-dev amd64 11.3.0-1ubuntu1~22.04 [2517 kB]\nGet:26 http://archive.ubuntu.com/ubuntu jammy-updates/main amd64 gcc-11 amd64 11.3.0-1ubuntu1~22.04 [20.1 MB]\nGet:27 http://archive.ubuntu.com/ubuntu jammy/main amd64 gcc amd64 4:11.2.0-1ubuntu1 [5112 B]\nGet:28 http://archive.ubuntu.com/ubuntu jammy-updates/main amd64 libstdc++-11-dev amd64 11.3.0-1ubuntu1~22.04 [2087 kB]\nGet:29 http://archive.ubuntu.com/ubuntu jammy-updates/main amd64 g++-11 amd64 11.3.0-1ubuntu1~22.04 [11.4 MB]\nGet:30 http://archive.ubuntu.com/ubuntu jammy/main amd64 g++ amd64 4:11.2.0-1ubuntu1 [1412 B]\nGet:31 http://archive.ubuntu.com/ubuntu jammy/main amd64 make amd64 4.3-4.1build1 [180 kB]\nGet:32 http://archive.ubuntu.com/ubuntu jammy/main amd64 patch amd64 2.7.6-7build2 [109 kB]\nGet:33 http://archive.ubuntu.com/ubuntu jammy/main amd64 lto-disabled-list all 24 [12.5 kB]\nGet:34 http://archive.ubuntu.com/ubuntu jammy-updates/main amd64 dpkg-dev all 1.21.1ubuntu2.1 [922 kB]\nGet:35 http://archive.ubuntu.com/ubuntu jammy/main amd64 build-essential amd64 12.9ubuntu3 [4744 B]\nGet:36 http://archive.ubuntu.com/ubuntu jammy/main amd64 libassuan0 amd64 2.5.5-1build1 [38.2 kB]\nGet:37 http://archive.ubuntu.com/ubuntu jammy-updates/main amd64 gpgconf amd64 2.2.27-3ubuntu2.1 [94.2 kB]\nGet:38 http://archive.ubuntu.com/ubuntu jammy-updates/main amd64 libksba8 amd64 1.6.0-2ubuntu0.1 [119 kB]\nGet:39 http://archive.ubuntu.com/ubuntu jammy/main amd64 libsasl2-modules-db amd64 2.1.27+dfsg2-3ubuntu1 [20.8 kB]\nGet:40 http://archive.ubuntu.com/ubuntu jammy/main amd64 libsasl2-2 amd64 2.1.27+dfsg2-3ubuntu1 [53.9 kB]\nGet:41 http://archive.ubuntu.com/ubuntu jammy-updates/main amd64 libldap-2.5-0 amd64 2.5.13+dfsg-0ubuntu0.22.04.1 [183 kB]\nGet:42 http://archive.ubuntu.com/ubuntu jammy/main amd64 libnpth0 amd64 1.6-3build2 [8664 B]\nGet:43 http://archive.ubuntu.com/ubuntu jammy-updates/main amd64 dirmngr amd64 2.2.27-3ubuntu2.1 [293 kB]\nGet:44 http://archive.ubuntu.com/ubuntu jammy/main amd64 libfakeroot amd64 1.28-1ubuntu1 [31.5 kB]\nGet:45 http://archive.ubuntu.com/ubuntu jammy/main amd64 fakeroot amd64 1.28-1ubuntu1 [60.4 kB]\nGet:46 http://archive.ubuntu.com/ubuntu jammy-updates/main amd64 gnupg-l10n all 2.2.27-3ubuntu2.1 [54.4 kB]\nGet:47 http://archive.ubuntu.com/ubuntu jammy-updates/main amd64 gnupg-utils amd64 2.2.27-3ubuntu2.1 [308 kB]\nGet:48 http://archive.ubuntu.com/ubuntu jammy-updates/main amd64 gpg amd64 2.2.27-3ubuntu2.1 [519 kB]\nGet:49 http://archive.ubuntu.com/ubuntu jammy/main amd64 pinentry-curses amd64 1.1.1-1build2 [34.4 kB]\nGet:50 http://archive.ubuntu.com/ubuntu jammy-updates/main amd64 gpg-agent amd64 2.2.27-3ubuntu2.1 [209 kB]\nGet:51 http://archive.ubuntu.com/ubuntu jammy-updates/main amd64 gpg-wks-client amd64 2.2.27-3ubuntu2.1 [62.7 kB]\nGet:52 http://archive.ubuntu.com/ubuntu jammy-updates/main amd64 gpg-wks-server amd64 2.2.27-3ubuntu2.1 [57.5 kB]\nGet:53 http://archive.ubuntu.com/ubuntu jammy-updates/main amd64 gpgsm amd64 2.2.27-3ubuntu2.1 [197 kB]\nGet:54 http://archive.ubuntu.com/ubuntu jammy-updates/main amd64 gnupg all 2.2.27-3ubuntu2.1 [315 kB]\nGet:55 http://archive.ubuntu.com/ubuntu jammy/main amd64 libalgorithm-diff-perl all 1.201-1 [41.8 kB]\nGet:56 http://archive.ubuntu.com/ubuntu jammy/main amd64 libalgorithm-diff-xs-perl amd64 0.04-6build3 [11.9 kB]\nGet:57 http://archive.ubuntu.com/ubuntu jammy/main amd64 libalgorithm-merge-perl all 0.08-3 [12.0 kB]\nGet:58 http://archive.ubuntu.com/ubuntu jammy-updates/main amd64 libldap-common all 2.5.13+dfsg-0ubuntu0.22.04.1 [15.9 kB]\nGet:59 http://archive.ubuntu.com/ubuntu jammy/main amd64 libsasl2-modules amd64 2.1.27+dfsg2-3ubuntu1 [57.5 kB]\nGet:60 http://archive.ubuntu.com/ubuntu jammy/main amd64 python3-setuptools all 59.6.0-1.2 [339 kB]\nGet:61 http://archive.ubuntu.com/ubuntu jammy/universe amd64 python3-wheel all 0.37.1-2 [31.9 kB]\nGet:62 http://archive.ubuntu.com/ubuntu jammy/universe amd64 python3-pip all 22.0.2+dfsg-1 [1306 kB]\n\u001b[91mdebconf: delaying package configuration, since apt-utils is not installed\n\u001b[0mFetched 65.9 MB in 1s (46.4 MB/s)\nSelecting previously unselected package openssl.\r\n(Reading database ... \r(Reading database ... 5%\r(Reading database ... 10%\r(Reading database ... 15%\r(Reading database ... 20%\r(Reading database ... 25%\r(Reading database ... 30%\r(Reading database ... 35%\r(Reading database ... 40%\r(Reading database ... 45%\r(Reading database ... 50%\r(Reading database ... 55%\r(Reading database ... 60%\r(Reading database ... 65%\r(Reading database ... 70%\r(Reading database ... 75%\r(Reading database ... 80%\r(Reading database ... 85%\r(Reading database ... 90%\r(Reading database ... 95%\r(Reading database ... 100%\r(Reading database ... 13041 files and directories currently installed.)\r\nPreparing to unpack .../00-openssl_3.0.2-0ubuntu1.7_amd64.deb ...\r\nUnpacking openssl (3.0.2-0ubuntu1.7) ...\r\nSelecting previously unselected package ca-certificates.\r\nPreparing to unpack .../01-ca-certificates_20211016ubuntu0.22.04.1_all.deb ...\r\nUnpacking ca-certificates (20211016ubuntu0.22.04.1) ...\r\nSelecting previously unselected package python3-pkg-resources.\r\nPreparing to unpack .../02-python3-pkg-resources_59.6.0-1.2_all.deb ...\r\nUnpacking python3-pkg-resources (59.6.0-1.2) ...\r\nSelecting previously unselected package binutils-common:amd64.\r\nPreparing to unpack .../03-binutils-common_2.38-4ubuntu2.1_amd64.deb ...\r\nUnpacking binutils-common:amd64 (2.38-4ubuntu2.1) ...\r\nSelecting previously unselected package libbinutils:amd64.\r\nPreparing to unpack .../04-libbinutils_2.38-4ubuntu2.1_amd64.deb ...\r\nUnpacking libbinutils:amd64 (2.38-4ubuntu2.1) ...\r\nSelecting previously unselected package libctf-nobfd0:amd64.\r\nPreparing to unpack .../05-libctf-nobfd0_2.38-4ubuntu2.1_amd64.deb ...\r\nUnpacking libctf-nobfd0:amd64 (2.38-4ubuntu2.1) ...\r\nSelecting previously unselected package libctf0:amd64.\r\nPreparing to unpack .../06-libctf0_2.38-4ubuntu2.1_amd64.deb ...\r\nUnpacking libctf0:amd64 (2.38-4ubuntu2.1) ...\r\nSelecting previously unselected package binutils-x86-64-linux-gnu.\r\nPreparing to unpack .../07-binutils-x86-64-linux-gnu_2.38-4ubuntu2.1_amd64.deb ...\r\nUnpacking binutils-x86-64-linux-gnu (2.38-4ubuntu2.1) ...\r\nSelecting previously unselected package binutils.\r\nPreparing to unpack .../08-binutils_2.38-4ubuntu2.1_amd64.deb ...\r\nUnpacking binutils (2.38-4ubuntu2.1) ...\r\nSelecting previously unselected package gcc-11-base:amd64.\r\nPreparing to unpack .../09-gcc-11-base_11.3.0-1ubuntu1~22.04_amd64.deb ...\r\nUnpacking gcc-11-base:amd64 (11.3.0-1ubuntu1~22.04) ...\r\nSelecting previously unselected package libisl23:amd64.\r\nPreparing to unpack .../10-libisl23_0.24-2build1_amd64.deb ...\r\nUnpacking libisl23:amd64 (0.24-2build1) ...\r\nSelecting previously unselected package libmpfr6:amd64.\r\nPreparing to unpack .../11-libmpfr6_4.1.0-3build3_amd64.deb ...\r\nUnpacking libmpfr6:amd64 (4.1.0-3build3) ...\r\nSelecting previously unselected package libmpc3:amd64.\r\nPreparing to unpack .../12-libmpc3_1.2.1-2build1_amd64.deb ...\r\nUnpacking libmpc3:amd64 (1.2.1-2build1) ...\r\nSelecting previously unselected package cpp-11.\r\nPreparing to unpack .../13-cpp-11_11.3.0-1ubuntu1~22.04_amd64.deb ...\r\nUnpacking cpp-11 (11.3.0-1ubuntu1~22.04) ...\r\nSelecting previously unselected package cpp.\r\nPreparing to unpack .../14-cpp_4%3a11.2.0-1ubuntu1_amd64.deb ...\r\nUnpacking cpp (4:11.2.0-1ubuntu1) ...\r\nSelecting previously unselected package libcc1-0:amd64.\r\nPreparing to unpack .../15-libcc1-0_12.1.0-2ubuntu1~22.04_amd64.deb ...\r\nUnpacking libcc1-0:amd64 (12.1.0-2ubuntu1~22.04) ...\r\nSelecting previously unselected package libgomp1:amd64.\r\nPreparing to unpack .../16-libgomp1_12.1.0-2ubuntu1~22.04_amd64.deb ...\r\nUnpacking libgomp1:amd64 (12.1.0-2ubuntu1~22.04) ...\r\nSelecting previously unselected package libitm1:amd64.\r\nPreparing to unpack .../17-libitm1_12.1.0-2ubuntu1~22.04_amd64.deb ...\r\nUnpacking libitm1:amd64 (12.1.0-2ubuntu1~22.04) ...\r\nSelecting previously unselected package libatomic1:amd64.\r\nPreparing to unpack .../18-libatomic1_12.1.0-2ubuntu1~22.04_amd64.deb ...\r\nUnpacking libatomic1:amd64 (12.1.0-2ubuntu1~22.04) ...\r\nSelecting previously unselected package libasan6:amd64.\r\nPreparing to unpack .../19-libasan6_11.3.0-1ubuntu1~22.04_amd64.deb ...\r\nUnpacking libasan6:amd64 (11.3.0-1ubuntu1~22.04) ...\r\nSelecting previously unselected package liblsan0:amd64.\r\nPreparing to unpack .../20-liblsan0_12.1.0-2ubuntu1~22.04_amd64.deb ...\r\nUnpacking liblsan0:amd64 (12.1.0-2ubuntu1~22.04) ...\r\nSelecting previously unselected package libtsan0:amd64.\r\nPreparing to unpack .../21-libtsan0_11.3.0-1ubuntu1~22.04_amd64.deb ...\r\nUnpacking libtsan0:amd64 (11.3.0-1ubuntu1~22.04) ...\r\nSelecting previously unselected package libubsan1:amd64.\r\nPreparing to unpack .../22-libubsan1_12.1.0-2ubuntu1~22.04_amd64.deb ...\r\nUnpacking libubsan1:amd64 (12.1.0-2ubuntu1~22.04) ...\r\nSelecting previously unselected package libquadmath0:amd64.\r\nPreparing to unpack .../23-libquadmath0_12.1.0-2ubuntu1~22.04_amd64.deb ...\r\nUnpacking libquadmath0:amd64 (12.1.0-2ubuntu1~22.04) ...\r\nSelecting previously unselected package libgcc-11-dev:amd64.\r\nPreparing to unpack .../24-libgcc-11-dev_11.3.0-1ubuntu1~22.04_amd64.deb ...\r\nUnpacking libgcc-11-dev:amd64 (11.3.0-1ubuntu1~22.04) ...\r\nSelecting previously unselected package gcc-11.\r\nPreparing to unpack .../25-gcc-11_11.3.0-1ubuntu1~22.04_amd64.deb ...\r\nUnpacking gcc-11 (11.3.0-1ubuntu1~22.04) ...\r\nSelecting previously unselected package gcc.\r\nPreparing to unpack .../26-gcc_4%3a11.2.0-1ubuntu1_amd64.deb ...\r\nUnpacking gcc (4:11.2.0-1ubuntu1) ...\r\nSelecting previously unselected package libstdc++-11-dev:amd64.\r\nPreparing to unpack .../27-libstdc++-11-dev_11.3.0-1ubuntu1~22.04_amd64.deb ...\r\nUnpacking libstdc++-11-dev:amd64 (11.3.0-1ubuntu1~22.04) ...\r\nSelecting previously unselected package g++-11.\r\nPreparing to unpack .../28-g++-11_11.3.0-1ubuntu1~22.04_amd64.deb ...\r\nUnpacking g++-11 (11.3.0-1ubuntu1~22.04) ...\r\nSelecting previously unselected package g++.\r\nPreparing to unpack .../29-g++_4%3a11.2.0-1ubuntu1_amd64.deb ...\r\nUnpacking g++ (4:11.2.0-1ubuntu1) ...\r\nSelecting previously unselected package make.\r\nPreparing to unpack .../30-make_4.3-4.1build1_amd64.deb ...\r\nUnpacking make (4.3-4.1build1) ...\r\nSelecting previously unselected package patch.\r\nPreparing to unpack .../31-patch_2.7.6-7build2_amd64.deb ...\r\nUnpacking patch (2.7.6-7build2) ...\r\nSelecting previously unselected package lto-disabled-list.\r\nPreparing to unpack .../32-lto-disabled-list_24_all.deb ...\r\nUnpacking lto-disabled-list (24) ...\r\nSelecting previously unselected package dpkg-dev.\r\nPreparing to unpack .../33-dpkg-dev_1.21.1ubuntu2.1_all.deb ...\r\nUnpacking dpkg-dev (1.21.1ubuntu2.1) ...\r\nSelecting previously unselected package build-essential.\r\nPreparing to unpack .../34-build-essential_12.9ubuntu3_amd64.deb ...\r\nUnpacking build-essential (12.9ubuntu3) ...\r\nSelecting previously unselected package libassuan0:amd64.\r\nPreparing to unpack .../35-libassuan0_2.5.5-1build1_amd64.deb ...\r\nUnpacking libassuan0:amd64 (2.5.5-1build1) ...\r\nSelecting previously unselected package gpgconf.\r\nPreparing to unpack .../36-gpgconf_2.2.27-3ubuntu2.1_amd64.deb ...\r\nUnpacking gpgconf (2.2.27-3ubuntu2.1) ...\r\nSelecting previously unselected package libksba8:amd64.\r\nPreparing to unpack .../37-libksba8_1.6.0-2ubuntu0.1_amd64.deb ...\r\nUnpacking libksba8:amd64 (1.6.0-2ubuntu0.1) ...\r\nSelecting previously unselected package libsasl2-modules-db:amd64.\r\nPreparing to unpack .../38-libsasl2-modules-db_2.1.27+dfsg2-3ubuntu1_amd64.deb ...\r\nUnpacking libsasl2-modules-db:amd64 (2.1.27+dfsg2-3ubuntu1) ...\r\nSelecting previously unselected package libsasl2-2:amd64.\r\nPreparing to unpack .../39-libsasl2-2_2.1.27+dfsg2-3ubuntu1_amd64.deb ...\r\nUnpacking libsasl2-2:amd64 (2.1.27+dfsg2-3ubuntu1) ...\r\nSelecting previously unselected package libldap-2.5-0:amd64.\r\nPreparing to unpack .../40-libldap-2.5-0_2.5.13+dfsg-0ubuntu0.22.04.1_amd64.deb ...\r\nUnpacking libldap-2.5-0:amd64 (2.5.13+dfsg-0ubuntu0.22.04.1) ...\r\nSelecting previously unselected package libnpth0:amd64.\r\nPreparing to unpack .../41-libnpth0_1.6-3build2_amd64.deb ...\r\nUnpacking libnpth0:amd64 (1.6-3build2) ...\r\nSelecting previously unselected package dirmngr.\r\nPreparing to unpack .../42-dirmngr_2.2.27-3ubuntu2.1_amd64.deb ...\r\nUnpacking dirmngr (2.2.27-3ubuntu2.1) ...\r\nSelecting previously unselected package libfakeroot:amd64.\r\nPreparing to unpack .../43-libfakeroot_1.28-1ubuntu1_amd64.deb ...\r\nUnpacking libfakeroot:amd64 (1.28-1ubuntu1) ...\r\nSelecting previously unselected package fakeroot.\r\nPreparing to unpack .../44-fakeroot_1.28-1ubuntu1_amd64.deb ...\r\nUnpacking fakeroot (1.28-1ubuntu1) ...\r\nSelecting previously unselected package gnupg-l10n.\r\nPreparing to unpack .../45-gnupg-l10n_2.2.27-3ubuntu2.1_all.deb ...\r\nUnpacking gnupg-l10n (2.2.27-3ubuntu2.1) ...\r\nSelecting previously unselected package gnupg-utils.\r\nPreparing to unpack .../46-gnupg-utils_2.2.27-3ubuntu2.1_amd64.deb ...\r\nUnpacking gnupg-utils (2.2.27-3ubuntu2.1) ...\r\nSelecting previously unselected package gpg.\r\nPreparing to unpack .../47-gpg_2.2.27-3ubuntu2.1_amd64.deb ...\r\nUnpacking gpg (2.2.27-3ubuntu2.1) ...\r\nSelecting previously unselected package pinentry-curses.\r\nPreparing to unpack .../48-pinentry-curses_1.1.1-1build2_amd64.deb ...\r\nUnpacking pinentry-curses (1.1.1-1build2) ...\r\nSelecting previously unselected package gpg-agent.\r\nPreparing to unpack .../49-gpg-agent_2.2.27-3ubuntu2.1_amd64.deb ...\r\nUnpacking gpg-agent (2.2.27-3ubuntu2.1) ...\r\nSelecting previously unselected package gpg-wks-client.\r\nPreparing to unpack .../50-gpg-wks-client_2.2.27-3ubuntu2.1_amd64.deb ...\r\nUnpacking gpg-wks-client (2.2.27-3ubuntu2.1) ...\r\nSelecting previously unselected package gpg-wks-server.\r\nPreparing to unpack .../51-gpg-wks-server_2.2.27-3ubuntu2.1_amd64.deb ...\r\nUnpacking gpg-wks-server (2.2.27-3ubuntu2.1) ...\r\nSelecting previously unselected package gpgsm.\r\nPreparing to unpack .../52-gpgsm_2.2.27-3ubuntu2.1_amd64.deb ...\r\nUnpacking gpgsm (2.2.27-3ubuntu2.1) ...\r\nSelecting previously unselected package gnupg.\r\nPreparing to unpack .../53-gnupg_2.2.27-3ubuntu2.1_all.deb ...\r\nUnpacking gnupg (2.2.27-3ubuntu2.1) ...\r\nSelecting previously unselected package libalgorithm-diff-perl.\r\nPreparing to unpack .../54-libalgorithm-diff-perl_1.201-1_all.deb ...\r\nUnpacking libalgorithm-diff-perl (1.201-1) ...\r\nSelecting previously unselected package libalgorithm-diff-xs-perl.\r\nPreparing to unpack .../55-libalgorithm-diff-xs-perl_0.04-6build3_amd64.deb ...\r\nUnpacking libalgorithm-diff-xs-perl (0.04-6build3) ...\r\nSelecting previously unselected package libalgorithm-merge-perl.\r\nPreparing to unpack .../56-libalgorithm-merge-perl_0.08-3_all.deb ...\r\nUnpacking libalgorithm-merge-perl (0.08-3) ...\r\nSelecting previously unselected package libldap-common.\r\nPreparing to unpack .../57-libldap-common_2.5.13+dfsg-0ubuntu0.22.04.1_all.deb ...\r\nUnpacking libldap-common (2.5.13+dfsg-0ubuntu0.22.04.1) ...\r\nSelecting previously unselected package libsasl2-modules:amd64.\r\nPreparing to unpack .../58-libsasl2-modules_2.1.27+dfsg2-3ubuntu1_amd64.deb ...\r\nUnpacking libsasl2-modules:amd64 (2.1.27+dfsg2-3ubuntu1) ...\r\nSelecting previously unselected package python3-setuptools.\r\nPreparing to unpack .../59-python3-setuptools_59.6.0-1.2_all.deb ...\r\nUnpacking python3-setuptools (59.6.0-1.2) ...\r\nSelecting previously unselected package python3-wheel.\r\nPreparing to unpack .../60-python3-wheel_0.37.1-2_all.deb ...\r\nUnpacking python3-wheel (0.37.1-2) ...\r\nSelecting previously unselected package python3-pip.\r\nPreparing to unpack .../61-python3-pip_22.0.2+dfsg-1_all.deb ...\r\nUnpacking python3-pip (22.0.2+dfsg-1) ...\r\nSetting up python3-pkg-resources (59.6.0-1.2) ...\r\nSetting up libksba8:amd64 (1.6.0-2ubuntu0.1) ...\r\nSetting up gcc-11-base:amd64 (11.3.0-1ubuntu1~22.04) ...\r\nSetting up lto-disabled-list (24) ...\r\nSetting up python3-setuptools (59.6.0-1.2) ...\r\nSetting up libalgorithm-diff-perl (1.201-1) ...\r\nSetting up libsasl2-modules:amd64 (2.1.27+dfsg2-3ubuntu1) ...\r\nSetting up binutils-common:amd64 (2.38-4ubuntu2.1) ...\r\nSetting up libctf-nobfd0:amd64 (2.38-4ubuntu2.1) ...\r\nSetting up libnpth0:amd64 (1.6-3build2) ...\r\nSetting up libassuan0:amd64 (2.5.5-1build1) ...\r\nSetting up libgomp1:amd64 (12.1.0-2ubuntu1~22.04) ...\r\nSetting up libldap-common (2.5.13+dfsg-0ubuntu0.22.04.1) ...\r\nSetting up python3-wheel (0.37.1-2) ...\r\nSetting up libfakeroot:amd64 (1.28-1ubuntu1) ...\r\nSetting up libasan6:amd64 (11.3.0-1ubuntu1~22.04) ...\r\nSetting up libsasl2-modules-db:amd64 (2.1.27+dfsg2-3ubuntu1) ...\r\nSetting up fakeroot (1.28-1ubuntu1) ...\r\nupdate-alternatives: using /usr/bin/fakeroot-sysv to provide /usr/bin/fakeroot (fakeroot) in auto mode\r\nupdate-alternatives: warning: skip creation of /usr/share/man/man1/fakeroot.1.gz because associated file /usr/share/man/man1/fakeroot-sysv.1.gz (of link group fakeroot) doesn't exist\r\nupdate-alternatives: warning: skip creation of /usr/share/man/man1/faked.1.gz because associated file /usr/share/man/man1/faked-sysv.1.gz (of link group fakeroot) doesn't exist\r\nupdate-alternatives: warning: skip creation of /usr/share/man/es/man1/fakeroot.1.gz because associated file /usr/share/man/es/man1/fakeroot-sysv.1.gz (of link group fakeroot) doesn't exist\r\nupdate-alternatives: warning: skip creation of /usr/share/man/es/man1/faked.1.gz because associated file /usr/share/man/es/man1/faked-sysv.1.gz (of link group fakeroot) doesn't exist\r\nupdate-alternatives: warning: skip creation of /usr/share/man/fr/man1/fakeroot.1.gz because associated file /usr/share/man/fr/man1/fakeroot-sysv.1.gz (of link group fakeroot) doesn't exist\r\nupdate-alternatives: warning: skip creation of /usr/share/man/fr/man1/faked.1.gz because associated file /usr/share/man/fr/man1/faked-sysv.1.gz (of link group fakeroot) doesn't exist\r\nupdate-alternatives: warning: skip creation of /usr/share/man/sv/man1/fakeroot.1.gz because associated file /usr/share/man/sv/man1/fakeroot-sysv.1.gz (of link group fakeroot) doesn't exist\r\nupdate-alternatives: warning: skip creation of /usr/share/man/sv/man1/faked.1.gz because associated file /usr/share/man/sv/man1/faked-sysv.1.gz (of link group fakeroot) doesn't exist\r\nSetting up make (4.3-4.1build1) ...\r\nSetting up libmpfr6:amd64 (4.1.0-3build3) ...\r\nSetting up gnupg-l10n (2.2.27-3ubuntu2.1) ...\r\nSetting up libquadmath0:amd64 (12.1.0-2ubuntu1~22.04) ...\r\nSetting up libmpc3:amd64 (1.2.1-2build1) ...\r\nSetting up libatomic1:amd64 (12.1.0-2ubuntu1~22.04) ...\r\nSetting up patch (2.7.6-7build2) ...\r\nSetting up libsasl2-2:amd64 (2.1.27+dfsg2-3ubuntu1) ...\r\nSetting up libubsan1:amd64 (12.1.0-2ubuntu1~22.04) ...\r\nSetting up gpgconf (2.2.27-3ubuntu2.1) ...\r\nSetting up libbinutils:amd64 (2.38-4ubuntu2.1) ...\r\nSetting up libisl23:amd64 (0.24-2build1) ...\r\nSetting up openssl (3.0.2-0ubuntu1.7) ...\r\nSetting up libalgorithm-diff-xs-perl (0.04-6build3) ...\r\nSetting up libcc1-0:amd64 (12.1.0-2ubuntu1~22.04) ...\r\nSetting up gpg (2.2.27-3ubuntu2.1) ...\r\nSetting up liblsan0:amd64 (12.1.0-2ubuntu1~22.04) ...\r\nSetting up libitm1:amd64 (12.1.0-2ubuntu1~22.04) ...\r\nSetting up libalgorithm-merge-perl (0.08-3) ...\r\nSetting up gnupg-utils (2.2.27-3ubuntu2.1) ...\r\nSetting up libtsan0:amd64 (11.3.0-1ubuntu1~22.04) ...\r\nSetting up libctf0:amd64 (2.38-4ubuntu2.1) ...\r\nSetting up pinentry-curses (1.1.1-1build2) ...\r\nSetting up cpp-11 (11.3.0-1ubuntu1~22.04) ...\r\nSetting up gpg-agent (2.2.27-3ubuntu2.1) ...\r\nSetting up gpgsm (2.2.27-3ubuntu2.1) ...\r\nSetting up libldap-2.5-0:amd64 (2.5.13+dfsg-0ubuntu0.22.04.1) ...\r\nSetting up dirmngr (2.2.27-3ubuntu2.1) ...\r\nSetting up ca-certificates (20211016ubuntu0.22.04.1) ...\r\ndebconf: unable to initialize frontend: Dialog\r\ndebconf: (TERM is not set, so the dialog frontend is not usable.)\r\ndebconf: falling back to frontend: Readline\r\nUpdating certificates in /etc/ssl/certs...\r\n124 added, 0 removed; done.\r\nSetting up python3-pip (22.0.2+dfsg-1) ...\r\nSetting up gpg-wks-server (2.2.27-3ubuntu2.1) ...\r\nSetting up libgcc-11-dev:amd64 (11.3.0-1ubuntu1~22.04) ...\r\nSetting up cpp (4:11.2.0-1ubuntu1) ...\r\nSetting up binutils-x86-64-linux-gnu (2.38-4ubuntu2.1) ...\r\nSetting up gpg-wks-client (2.2.27-3ubuntu2.1) ...\r\nSetting up binutils (2.38-4ubuntu2.1) ...\r\nSetting up dpkg-dev (1.21.1ubuntu2.1) ...\r\nSetting up libstdc++-11-dev:amd64 (11.3.0-1ubuntu1~22.04) ...\r\nSetting up gcc-11 (11.3.0-1ubuntu1~22.04) ...\r\nSetting up gnupg (2.2.27-3ubuntu2.1) ...\r\nSetting up g++-11 (11.3.0-1ubuntu1~22.04) ...\r\nSetting up gcc (4:11.2.0-1ubuntu1) ...\r\nSetting up g++ (4:11.2.0-1ubuntu1) ...\r\nupdate-alternatives: using /usr/bin/g++ to provide /usr/bin/c++ (c++) in auto mode\r\nupdate-alternatives: warning: skip creation of /usr/share/man/man1/c++.1.gz because associated file /usr/share/man/man1/g++.1.gz (of link group c++) doesn't exist\r\nSetting up build-essential (12.9ubuntu3) ...\r\nProcessing triggers for libc-bin (2.35-0ubuntu3.1) ...\r\nProcessing triggers for ca-certificates (20211016ubuntu0.22.04.1) ...\r\nUpdating certificates in /etc/ssl/certs...\r\n0 added, 0 removed; done.\r\nRunning hooks in /etc/ca-certificates/update.d...\r\ndone.\r\nRemoving intermediate container f7861d6fdc51\n ---> b223a7ef4ac8\nStep 9/15 : RUN apt-get install -y libavformat-dev libavdevice-dev\n ---> Running in cc8cbd105335\nReading package lists...\nBuilding dependency tree...\nReading state information...\nThe following additional packages will be installed:\n  alsa-topology-conf alsa-ucm-conf dbus fontconfig i965-va-driver\n  intel-media-va-driver libaacs0 libaom3 libapparmor1 libasound2\n  libasound2-data libass9 libasyncns0 libavc1394-0 libavcodec-dev libavcodec58\n  libavdevice58 libavfilter-dev libavfilter7 libavformat58 libavutil-dev\n  libavutil56 libbdplus0 libblas3 libbluray2 libbs2b0 libcaca0\n  libcairo-gobject2 libcairo2 libcdio-cdda2 libcdio-paranoia2 libcdio19\n  libchromaprint1 libcodec2-1.0 libdatrie1 libdav1d5 libdbus-1-3 libdc1394-25\n  libdecor-0-0 libdecor-0-plugin-1-cairo libdrm-amdgpu1 libdrm-common\n  libdrm-intel1 libdrm-nouveau2 libdrm-radeon1 libdrm2 libedit2 libelf1\n  libflac8 libflite1 libfribidi0 libgbm1 libgdk-pixbuf-2.0-0\n  libgdk-pixbuf2.0-bin libgdk-pixbuf2.0-common libgfortran5 libgl1\n  libgl1-amber-dri libgl1-mesa-dri libglapi-mesa libglvnd0 libglx-mesa0\n  libglx0 libgme0 libgraphite2-3 libgsm1 libharfbuzz0b libiec61883-0\n  libigdgmm12 libjack-jackd2-0 liblapack3 liblilv-0-0 libllvm13 libmfx1\n  libmp3lame0 libmpg123-0 libmysofa1 libnorm1 libnuma1 libogg0 libopenal-data\n  libopenal1 libopenjp2-7 libopenmpt0 libopus0 libpango-1.0-0\n  libpangocairo-1.0-0 libpangoft2-1.0-0 libpciaccess0 libpgm-5.3-0\n  libpixman-1-0 libpocketsphinx3 libpostproc-dev libpostproc55 libpulse0\n  librabbitmq4 libraw1394-11 librsvg2-2 librsvg2-common librubberband2\n  libsamplerate0 libsdl2-2.0-0 libsensors-config libsensors5 libserd-0-0\n  libshine3 libslang2 libsnappy1v5 libsndfile1 libsndio7.0 libsodium23\n  libsord-0-0 libsoxr0 libspeex1 libsphinxbase3 libsratom-0-0 libsrt1.4-gnutls\n  libssh-gcrypt-4 libswresample-dev libswresample3 libswscale-dev libswscale5\n  libthai-data libthai0 libtheora0 libtwolame0 libudfread0 libusb-1.0-0\n  libva-drm2 libva-x11-2 libva2 libvdpau1 libvidstab1.1 libvorbis0a\n  libvorbisenc2 libvorbisfile3 libvpx7 libvulkan1 libwayland-client0\n  libwayland-cursor0 libwayland-egl1 libwayland-server0 libwebpmux3\n  libx11-xcb1 libx264-163 libx265-199 libxcb-dri2-0 libxcb-dri3-0 libxcb-glx0\n  libxcb-present0 libxcb-randr0 libxcb-render0 libxcb-shape0 libxcb-shm0\n  libxcb-sync1 libxcb-xfixes0 libxcursor1 libxext6 libxfixes3 libxi6\n  libxinerama1 libxkbcommon0 libxrandr2 libxrender1 libxshmfence1 libxss1\n  libxv1 libxvidcore4 libxxf86vm1 libzimg2 libzmq5 libzvbi-common libzvbi0\n  mesa-va-drivers mesa-vdpau-drivers mesa-vulkan-drivers ocl-icd-libopencl1\n  pocketsphinx-en-us va-driver-all vdpau-driver-all x11-common xkb-data\nSuggested packages:\n  default-dbus-session-bus | dbus-session-bus i965-va-driver-shaders\n  libasound2-plugins alsa-utils libcuda1 libnvcuvid1 libnvidia-encode1\n  libbluray-bdj jackd2 libportaudio2 opus-tools pciutils pulseaudio\n  libraw1394-doc librsvg2-bin xdg-utils lm-sensors serdi sndiod sordi speex\n  opencl-icd libvdpau-va-gl1\nThe following NEW packages will be installed:\n  alsa-topology-conf alsa-ucm-conf dbus fontconfig i965-va-driver\n  intel-media-va-driver libaacs0 libaom3 libapparmor1 libasound2\n  libasound2-data libass9 libasyncns0 libavc1394-0 libavcodec-dev libavcodec58\n  libavdevice-dev libavdevice58 libavfilter-dev libavfilter7 libavformat-dev\n  libavformat58 libavutil-dev libavutil56 libbdplus0 libblas3 libbluray2\n  libbs2b0 libcaca0 libcairo-gobject2 libcairo2 libcdio-cdda2\n  libcdio-paranoia2 libcdio19 libchromaprint1 libcodec2-1.0 libdatrie1\n  libdav1d5 libdbus-1-3 libdc1394-25 libdecor-0-0 libdecor-0-plugin-1-cairo\n  libdrm-amdgpu1 libdrm-common libdrm-intel1 libdrm-nouveau2 libdrm-radeon1\n  libdrm2 libedit2 libelf1 libflac8 libflite1 libfribidi0 libgbm1\n  libgdk-pixbuf-2.0-0 libgdk-pixbuf2.0-bin libgdk-pixbuf2.0-common\n  libgfortran5 libgl1 libgl1-amber-dri libgl1-mesa-dri libglapi-mesa libglvnd0\n  libglx-mesa0 libglx0 libgme0 libgraphite2-3 libgsm1 libharfbuzz0b\n  libiec61883-0 libigdgmm12 libjack-jackd2-0 liblapack3 liblilv-0-0 libllvm13\n  libmfx1 libmp3lame0 libmpg123-0 libmysofa1 libnorm1 libnuma1 libogg0\n  libopenal-data libopenal1 libopenjp2-7 libopenmpt0 libopus0 libpango-1.0-0\n  libpangocairo-1.0-0 libpangoft2-1.0-0 libpciaccess0 libpgm-5.3-0\n  libpixman-1-0 libpocketsphinx3 libpostproc-dev libpostproc55 libpulse0\n  librabbitmq4 libraw1394-11 librsvg2-2 librsvg2-common librubberband2\n  libsamplerate0 libsdl2-2.0-0 libsensors-config libsensors5 libserd-0-0\n  libshine3 libslang2 libsnappy1v5 libsndfile1 libsndio7.0 libsodium23\n  libsord-0-0 libsoxr0 libspeex1 libsphinxbase3 libsratom-0-0 libsrt1.4-gnutls\n  libssh-gcrypt-4 libswresample-dev libswresample3 libswscale-dev libswscale5\n  libthai-data libthai0 libtheora0 libtwolame0 libudfread0 libusb-1.0-0\n  libva-drm2 libva-x11-2 libva2 libvdpau1 libvidstab1.1 libvorbis0a\n  libvorbisenc2 libvorbisfile3 libvpx7 libvulkan1 libwayland-client0\n  libwayland-cursor0 libwayland-egl1 libwayland-server0 libwebpmux3\n  libx11-xcb1 libx264-163 libx265-199 libxcb-dri2-0 libxcb-dri3-0 libxcb-glx0\n  libxcb-present0 libxcb-randr0 libxcb-render0 libxcb-shape0 libxcb-shm0\n  libxcb-sync1 libxcb-xfixes0 libxcursor1 libxext6 libxfixes3 libxi6\n  libxinerama1 libxkbcommon0 libxrandr2 libxrender1 libxshmfence1 libxss1\n  libxv1 libxvidcore4 libxxf86vm1 libzimg2 libzmq5 libzvbi-common libzvbi0\n  mesa-va-drivers mesa-vdpau-drivers mesa-vulkan-drivers ocl-icd-libopencl1\n  pocketsphinx-en-us va-driver-all vdpau-driver-all x11-common xkb-data\n0 upgraded, 184 newly installed, 0 to remove and 0 not upgraded.\nNeed to get 148 MB of archives.\nAfter this operation, 469 MB of additional disk space will be used.\nGet:1 http://archive.ubuntu.com/ubuntu jammy-updates/main amd64 libapparmor1 amd64 3.0.4-2ubuntu2.1 [38.7 kB]\nGet:2 http://archive.ubuntu.com/ubuntu jammy-updates/main amd64 libdbus-1-3 amd64 1.12.20-2ubuntu4.1 [189 kB]\nGet:3 http://archive.ubuntu.com/ubuntu jammy-updates/main amd64 dbus amd64 1.12.20-2ubuntu4.1 [158 kB]\nGet:4 http://archive.ubuntu.com/ubuntu jammy/main amd64 libelf1 amd64 0.186-1build1 [51.0 kB]\nGet:5 http://archive.ubuntu.com/ubuntu jammy-updates/main amd64 libfribidi0 amd64 1.0.8-2ubuntu3.1 [26.1 kB]\nGet:6 http://archive.ubuntu.com/ubuntu jammy/main amd64 libslang2 amd64 2.3.2-5build4 [468 kB]\nGet:7 http://archive.ubuntu.com/ubuntu jammy/main amd64 xkb-data all 2.33-1 [394 kB]\nGet:8 http://archive.ubuntu.com/ubuntu jammy/main amd64 libdrm-common all 2.4.110-1ubuntu1 [5360 B]\nGet:9 http://archive.ubuntu.com/ubuntu jammy/main amd64 libdrm2 amd64 2.4.110-1ubuntu1 [37.7 kB]\nGet:10 http://archive.ubuntu.com/ubuntu jammy/main amd64 libedit2 amd64 3.1-20210910-1build1 [96.8 kB]\nGet:11 http://archive.ubuntu.com/ubuntu jammy/main amd64 libnuma1 amd64 2.0.14-3ubuntu2 [22.5 kB]\nGet:12 http://archive.ubuntu.com/ubuntu jammy-updates/main amd64 libusb-1.0-0 amd64 2:1.0.25-1ubuntu2 [52.7 kB]\nGet:13 http://archive.ubuntu.com/ubuntu jammy/main amd64 libxext6 amd64 2:1.3.4-1build1 [31.8 kB]\nGet:14 http://archive.ubuntu.com/ubuntu jammy/main amd64 alsa-topology-conf all 1.2.5.1-2 [15.5 kB]\nGet:15 http://archive.ubuntu.com/ubuntu jammy/main amd64 libasound2-data all 1.2.6.1-1ubuntu1 [19.1 kB]\nGet:16 http://archive.ubuntu.com/ubuntu jammy/main amd64 libasound2 amd64 1.2.6.1-1ubuntu1 [390 kB]\nGet:17 http://archive.ubuntu.com/ubuntu jammy-updates/main amd64 alsa-ucm-conf all 1.2.6.3-1ubuntu1.1 [41.1 kB]\nGet:18 http://archive.ubuntu.com/ubuntu jammy/main amd64 fontconfig amd64 2.13.1-4.2ubuntu5 [177 kB]\nGet:19 http://archive.ubuntu.com/ubuntu jammy/universe amd64 libva2 amd64 2.14.0-1 [65.0 kB]\nGet:20 http://archive.ubuntu.com/ubuntu jammy/universe amd64 libigdgmm12 amd64 22.1.2+ds1-1 [139 kB]\nGet:21 http://archive.ubuntu.com/ubuntu jammy-updates/universe amd64 intel-media-va-driver amd64 22.3.1+dfsg1-1ubuntu1 [2283 kB]\nGet:22 http://archive.ubuntu.com/ubuntu jammy/universe amd64 libaacs0 amd64 0.11.1-1 [64.1 kB]\nGet:23 http://archive.ubuntu.com/ubuntu jammy/universe amd64 libaom3 amd64 3.3.0-1 [1748 kB]\nGet:24 http://archive.ubuntu.com/ubuntu jammy/main amd64 libgraphite2-3 amd64 1.3.14-1build2 [71.3 kB]\nGet:25 http://archive.ubuntu.com/ubuntu jammy-updates/main amd64 libharfbuzz0b amd64 2.7.4-1ubuntu3.1 [352 kB]\nGet:26 http://archive.ubuntu.com/ubuntu jammy/universe amd64 libass9 amd64 1:0.15.2-1 [97.5 kB]\nGet:27 http://archive.ubuntu.com/ubuntu jammy/main amd64 libasyncns0 amd64 0.8-6build2 [12.8 kB]\nGet:28 http://archive.ubuntu.com/ubuntu jammy/universe amd64 libmfx1 amd64 22.3.0-1 [3105 kB]\nGet:29 http://archive.ubuntu.com/ubuntu jammy/universe amd64 libva-drm2 amd64 2.14.0-1 [7502 B]\nGet:30 http://archive.ubuntu.com/ubuntu jammy/main amd64 libxfixes3 amd64 1:6.0.0-1 [11.7 kB]\nGet:31 http://archive.ubuntu.com/ubuntu jammy/universe amd64 libva-x11-2 amd64 2.14.0-1 [12.6 kB]\nGet:32 http://archive.ubuntu.com/ubuntu jammy/main amd64 libvdpau1 amd64 1.4-3build2 [27.0 kB]\nGet:33 http://archive.ubuntu.com/ubuntu jammy/universe amd64 ocl-icd-libopencl1 amd64 2.2.14-3 [39.1 kB]\nGet:34 http://archive.ubuntu.com/ubuntu jammy-updates/universe amd64 libavutil56 amd64 7:4.4.2-0ubuntu0.22.04.1 [290 kB]\nGet:35 http://archive.ubuntu.com/ubuntu jammy-updates/main amd64 libpixman-1-0 amd64 0.40.0-1ubuntu0.22.04.1 [264 kB]\nGet:36 http://archive.ubuntu.com/ubuntu jammy/main amd64 libxcb-render0 amd64 1.14-3ubuntu3 [16.4 kB]\nGet:37 http://archive.ubuntu.com/ubuntu jammy/main amd64 libxcb-shm0 amd64 1.14-3ubuntu3 [5780 B]\nGet:38 http://archive.ubuntu.com/ubuntu jammy/main amd64 libxrender1 amd64 1:0.9.10-1build4 [19.7 kB]\nGet:39 http://archive.ubuntu.com/ubuntu jammy/main amd64 libcairo2 amd64 1.16.0-5ubuntu2 [628 kB]\nGet:40 http://archive.ubuntu.com/ubuntu jammy/universe amd64 libcodec2-1.0 amd64 1.0.1-3 [8435 kB]\nGet:41 http://archive.ubuntu.com/ubuntu jammy/universe amd64 libdav1d5 amd64 0.9.2-1 [463 kB]\nGet:42 http://archive.ubuntu.com/ubuntu jammy/universe amd64 libgsm1 amd64 1.0.19-1 [27.7 kB]\nGet:43 http://archive.ubuntu.com/ubuntu jammy/main amd64 libmp3lame0 amd64 3.100-3build2 [141 kB]\nGet:44 http://archive.ubuntu.com/ubuntu jammy/main amd64 libopenjp2-7 amd64 2.4.0-6 [158 kB]\nGet:45 http://archive.ubuntu.com/ubuntu jammy/main amd64 libopus0 amd64 1.3.1-0.1build2 [203 kB]\nGet:46 http://archive.ubuntu.com/ubuntu jammy/main amd64 libcairo-gobject2 amd64 1.16.0-5ubuntu2 [19.4 kB]\nGet:47 http://archive.ubuntu.com/ubuntu jammy-updates/main amd64 libgdk-pixbuf2.0-common all 2.42.8+dfsg-1ubuntu0.2 [5530 B]\nGet:48 http://archive.ubuntu.com/ubuntu jammy-updates/main amd64 libgdk-pixbuf-2.0-0 amd64 2.42.8+dfsg-1ubuntu0.2 [148 kB]\nGet:49 http://archive.ubuntu.com/ubuntu jammy/main amd64 libthai-data all 0.1.29-1build1 [162 kB]\nGet:50 http://archive.ubuntu.com/ubuntu jammy/main amd64 libdatrie1 amd64 0.2.13-2 [19.9 kB]\nGet:51 http://archive.ubuntu.com/ubuntu jammy/main amd64 libthai0 amd64 0.1.29-1build1 [19.2 kB]\nGet:52 http://archive.ubuntu.com/ubuntu jammy/main amd64 libpango-1.0-0 amd64 1.50.6+ds-2 [230 kB]\nGet:53 http://archive.ubuntu.com/ubuntu jammy/main amd64 libpangoft2-1.0-0 amd64 1.50.6+ds-2 [53.9 kB]\nGet:54 http://archive.ubuntu.com/ubuntu jammy/main amd64 libpangocairo-1.0-0 amd64 1.50.6+ds-2 [39.8 kB]\nGet:55 http://archive.ubuntu.com/ubuntu jammy/main amd64 librsvg2-2 amd64 2.52.5+dfsg-3 [3020 kB]\nGet:56 http://archive.ubuntu.com/ubuntu jammy/universe amd64 libshine3 amd64 3.1.1-2 [23.2 kB]\nGet:57 http://archive.ubuntu.com/ubuntu jammy/main amd64 libsnappy1v5 amd64 1.1.8-1build3 [17.5 kB]\nGet:58 http://archive.ubuntu.com/ubuntu jammy/main amd64 libspeex1 amd64 1.2~rc1.2-1.1ubuntu3 [57.9 kB]\nGet:59 http://archive.ubuntu.com/ubuntu jammy/main amd64 libsoxr0 amd64 0.1.3-4build2 [79.8 kB]\nGet:60 http://archive.ubuntu.com/ubuntu jammy-updates/universe amd64 libswresample3 amd64 7:4.4.2-0ubuntu0.22.04.1 [62.2 kB]\nGet:61 http://archive.ubuntu.com/ubuntu jammy/main amd64 libogg0 amd64 1.3.5-0ubuntu3 [22.9 kB]\nGet:62 http://archive.ubuntu.com/ubuntu jammy/main amd64 libtheora0 amd64 1.1.1+dfsg.1-15ubuntu4 [209 kB]\nGet:63 http://archive.ubuntu.com/ubuntu jammy/main amd64 libtwolame0 amd64 0.4.0-2build2 [52.5 kB]\nGet:64 http://archive.ubuntu.com/ubuntu jammy/main amd64 libvorbis0a amd64 1.3.7-1build2 [99.2 kB]\nGet:65 http://archive.ubuntu.com/ubuntu jammy/main amd64 libvorbisenc2 amd64 1.3.7-1build2 [82.6 kB]\nGet:66 http://archive.ubuntu.com/ubuntu jammy/main amd64 libvpx7 amd64 1.11.0-2ubuntu2 [1078 kB]\nGet:67 http://archive.ubuntu.com/ubuntu jammy/main amd64 libwebpmux3 amd64 1.2.2-2 [20.5 kB]\nGet:68 http://archive.ubuntu.com/ubuntu jammy/universe amd64 libx264-163 amd64 2:0.163.3060+git5db6aa6-2build1 [591 kB]\nGet:69 http://archive.ubuntu.com/ubuntu jammy/universe amd64 libx265-199 amd64 3.5-2 [1170 kB]\nGet:70 http://archive.ubuntu.com/ubuntu jammy/universe amd64 libxvidcore4 amd64 2:1.3.7-1 [201 kB]\nGet:71 http://archive.ubuntu.com/ubuntu jammy/universe amd64 libzvbi-common all 0.2.35-19 [35.5 kB]\nGet:72 http://archive.ubuntu.com/ubuntu jammy/universe amd64 libzvbi0 amd64 0.2.35-19 [262 kB]\nGet:73 http://archive.ubuntu.com/ubuntu jammy-updates/universe amd64 libavcodec58 amd64 7:4.4.2-0ubuntu0.22.04.1 [5567 kB]\nGet:74 http://archive.ubuntu.com/ubuntu jammy-updates/universe amd64 libavutil-dev amd64 7:4.4.2-0ubuntu0.22.04.1 [427 kB]\nGet:75 http://archive.ubuntu.com/ubuntu jammy-updates/universe amd64 libswresample-dev amd64 7:4.4.2-0ubuntu0.22.04.1 [78.0 kB]\nGet:76 http://archive.ubuntu.com/ubuntu jammy-updates/universe amd64 libavcodec-dev amd64 7:4.4.2-0ubuntu0.22.04.1 [6221 kB]\nGet:77 http://archive.ubuntu.com/ubuntu jammy/main amd64 libraw1394-11 amd64 2.1.2-2build2 [27.0 kB]\nGet:78 http://archive.ubuntu.com/ubuntu jammy/main amd64 libavc1394-0 amd64 0.5.4-5build2 [17.0 kB]\nGet:79 http://archive.ubuntu.com/ubuntu jammy/universe amd64 libudfread0 amd64 1.1.2-1 [16.2 kB]\nGet:80 http://archive.ubuntu.com/ubuntu jammy/universe amd64 libbluray2 amd64 1:1.3.1-1 [159 kB]\nGet:81 http://archive.ubuntu.com/ubuntu jammy/universe amd64 libchromaprint1 amd64 1.5.1-2 [28.4 kB]\nGet:82 http://archive.ubuntu.com/ubuntu jammy/universe amd64 libgme0 amd64 0.6.3-2 [127 kB]\nGet:83 http://archive.ubuntu.com/ubuntu jammy/main amd64 libmpg123-0 amd64 1.29.3-1build1 [172 kB]\nGet:84 http://archive.ubuntu.com/ubuntu jammy/main amd64 libvorbisfile3 amd64 1.3.7-1build2 [17.1 kB]\nGet:85 http://archive.ubuntu.com/ubuntu jammy/universe amd64 libopenmpt0 amd64 0.6.1-1 [592 kB]\nGet:86 http://archive.ubuntu.com/ubuntu jammy/main amd64 librabbitmq4 amd64 0.10.0-1ubuntu2 [39.3 kB]\nGet:87 http://archive.ubuntu.com/ubuntu jammy/universe amd64 libsrt1.4-gnutls amd64 1.4.4-4 [309 kB]\nGet:88 http://archive.ubuntu.com/ubuntu jammy/main amd64 libssh-gcrypt-4 amd64 0.9.6-2build1 [222 kB]\nGet:89 http://archive.ubuntu.com/ubuntu jammy/universe amd64 libnorm1 amd64 1.5.9+dfsg-2 [221 kB]\nGet:90 http://archive.ubuntu.com/ubuntu jammy/universe amd64 libpgm-5.3-0 amd64 5.3.128~dfsg-2 [161 kB]\nGet:91 http://archive.ubuntu.com/ubuntu jammy/main amd64 libsodium23 amd64 1.0.18-1build2 [164 kB]\nGet:92 http://archive.ubuntu.com/ubuntu jammy/universe amd64 libzmq5 amd64 4.3.4-2 [256 kB]\nGet:93 http://archive.ubuntu.com/ubuntu jammy-updates/universe amd64 libavformat58 amd64 7:4.4.2-0ubuntu0.22.04.1 [1103 kB]\nGet:94 http://archive.ubuntu.com/ubuntu jammy/universe amd64 libbs2b0 amd64 3.1.0+dfsg-2.2build1 [10.2 kB]\nGet:95 http://archive.ubuntu.com/ubuntu jammy/universe amd64 libflite1 amd64 2.2-3 [13.7 MB]\nGet:96 http://archive.ubuntu.com/ubuntu jammy/universe amd64 libserd-0-0 amd64 0.30.10-2 [40.8 kB]\nGet:97 http://archive.ubuntu.com/ubuntu jammy/universe amd64 libsord-0-0 amd64 0.16.8-2 [21.2 kB]\nGet:98 http://archive.ubuntu.com/ubuntu jammy/universe amd64 libsratom-0-0 amd64 0.6.8-1 [17.0 kB]\nGet:99 http://archive.ubuntu.com/ubuntu jammy/universe amd64 liblilv-0-0 amd64 0.24.12-2 [42.8 kB]\nGet:100 http://archive.ubuntu.com/ubuntu jammy/universe amd64 libmysofa1 amd64 1.2.1~dfsg0-1 [1157 kB]\nGet:101 http://archive.ubuntu.com/ubuntu jammy/main amd64 libblas3 amd64 3.10.0-2ubuntu1 [228 kB]\nGet:102 http://archive.ubuntu.com/ubuntu jammy-updates/main amd64 libgfortran5 amd64 12.1.0-2ubuntu1~22.04 [882 kB]\nGet:103 http://archive.ubuntu.com/ubuntu jammy/main amd64 liblapack3 amd64 3.10.0-2ubuntu1 [2504 kB]\nGet:104 http://archive.ubuntu.com/ubuntu jammy-updates/main amd64 libflac8 amd64 1.3.3-2ubuntu0.1 [111 kB]\nGet:105 http://archive.ubuntu.com/ubuntu jammy/main amd64 libsndfile1 amd64 1.0.31-2build1 [196 kB]\nGet:106 http://archive.ubuntu.com/ubuntu jammy/main amd64 libx11-xcb1 amd64 2:1.7.5-1 [7790 B]\nGet:107 http://archive.ubuntu.com/ubuntu jammy-updates/main amd64 libpulse0 amd64 1:15.99.1+dfsg1-1ubuntu2 [297 kB]\nGet:108 http://archive.ubuntu.com/ubuntu jammy/universe amd64 libsphinxbase3 amd64 0.8+5prealpha+1-13build1 [126 kB]\nGet:109 http://archive.ubuntu.com/ubuntu jammy/universe amd64 libpocketsphinx3 amd64 0.8.0+real5prealpha+1-14ubuntu1 [132 kB]\nGet:110 http://archive.ubuntu.com/ubuntu jammy-updates/universe amd64 libpostproc55 amd64 7:4.4.2-0ubuntu0.22.04.1 [60.1 kB]\nGet:111 http://archive.ubuntu.com/ubuntu jammy/main amd64 libsamplerate0 amd64 0.2.2-1build1 [1359 kB]\nGet:112 http://archive.ubuntu.com/ubuntu jammy/universe amd64 librubberband2 amd64 2.0.0-2 [90.0 kB]\nGet:113 http://archive.ubuntu.com/ubuntu jammy-updates/universe amd64 libswscale5 amd64 7:4.4.2-0ubuntu0.22.04.1 [180 kB]\nGet:114 http://archive.ubuntu.com/ubuntu jammy/universe amd64 libvidstab1.1 amd64 1.1.0-2 [35.0 kB]\nGet:115 http://archive.ubuntu.com/ubuntu jammy/universe amd64 libzimg2 amd64 3.0.3+ds1-1 [241 kB]\nGet:116 http://archive.ubuntu.com/ubuntu jammy-updates/universe amd64 libavfilter7 amd64 7:4.4.2-0ubuntu0.22.04.1 [1496 kB]\nGet:117 http://archive.ubuntu.com/ubuntu jammy/main amd64 libcaca0 amd64 0.99.beta19-2.2ubuntu4 [224 kB]\nGet:118 http://archive.ubuntu.com/ubuntu jammy/main amd64 libcdio19 amd64 2.1.0-3build1 [63.3 kB]\nGet:119 http://archive.ubuntu.com/ubuntu jammy/main amd64 libcdio-cdda2 amd64 10.2+2.0.0-1build3 [16.7 kB]\nGet:120 http://archive.ubuntu.com/ubuntu jammy/main amd64 libcdio-paranoia2 amd64 10.2+2.0.0-1build3 [15.9 kB]\nGet:121 http://archive.ubuntu.com/ubuntu jammy/universe amd64 libdc1394-25 amd64 2.2.6-4 [88.8 kB]\nGet:122 http://archive.ubuntu.com/ubuntu jammy/main amd64 libglvnd0 amd64 1.4.0-1 [73.6 kB]\nGet:123 http://archive.ubuntu.com/ubuntu jammy-updates/main amd64 libglapi-mesa amd64 22.0.5-0ubuntu0.1 [35.3 kB]\nGet:124 http://archive.ubuntu.com/ubuntu jammy/main amd64 libxcb-dri2-0 amd64 1.14-3ubuntu3 [7206 B]\nGet:125 http://archive.ubuntu.com/ubuntu jammy/main amd64 libxcb-dri3-0 amd64 1.14-3ubuntu3 [6968 B]\nGet:126 http://archive.ubuntu.com/ubuntu jammy/main amd64 libxcb-glx0 amd64 1.14-3ubuntu3 [25.9 kB]\nGet:127 http://archive.ubuntu.com/ubuntu jammy/main amd64 libxcb-present0 amd64 1.14-3ubuntu3 [5734 B]\nGet:128 http://archive.ubuntu.com/ubuntu jammy/main amd64 libxcb-sync1 amd64 1.14-3ubuntu3 [9416 B]\nGet:129 http://archive.ubuntu.com/ubuntu jammy/main amd64 libxcb-xfixes0 amd64 1.14-3ubuntu3 [9996 B]\nGet:130 http://archive.ubuntu.com/ubuntu jammy/main amd64 libxshmfence1 amd64 1.3-1build4 [5394 B]\nGet:131 http://archive.ubuntu.com/ubuntu jammy/main amd64 libxxf86vm1 amd64 1:1.1.4-1build3 [10.4 kB]\nGet:132 http://archive.ubuntu.com/ubuntu jammy/main amd64 libdrm-amdgpu1 amd64 2.4.110-1ubuntu1 [20.0 kB]\nGet:133 http://archive.ubuntu.com/ubuntu jammy/main amd64 libdrm-nouveau2 amd64 2.4.110-1ubuntu1 [17.4 kB]\nGet:134 http://archive.ubuntu.com/ubuntu jammy/main amd64 libdrm-radeon1 amd64 2.4.110-1ubuntu1 [21.5 kB]\nGet:135 http://archive.ubuntu.com/ubuntu jammy-updates/main amd64 libllvm13 amd64 1:13.0.1-2ubuntu2.1 [22.2 MB]\nGet:136 http://archive.ubuntu.com/ubuntu jammy/main amd64 libsensors-config all 1:3.6.0-7ubuntu1 [5274 B]\nGet:137 http://archive.ubuntu.com/ubuntu jammy/main amd64 libsensors5 amd64 1:3.6.0-7ubuntu1 [26.3 kB]\nGet:138 http://archive.ubuntu.com/ubuntu jammy/main amd64 libvulkan1 amd64 1.3.204.1-2 [128 kB]\nGet:139 http://archive.ubuntu.com/ubuntu jammy-updates/main amd64 libgl1-mesa-dri amd64 22.0.5-0ubuntu0.1 [7471 kB]\nGet:140 http://archive.ubuntu.com/ubuntu jammy-updates/main amd64 libglx-mesa0 amd64 22.0.5-0ubuntu0.1 [156 kB]\nGet:141 http://archive.ubuntu.com/ubuntu jammy/main amd64 libglx0 amd64 1.4.0-1 [41.0 kB]\nGet:142 http://archive.ubuntu.com/ubuntu jammy/main amd64 libgl1 amd64 1.4.0-1 [110 kB]\nGet:143 http://archive.ubuntu.com/ubuntu jammy/main amd64 libiec61883-0 amd64 1.2.0-4build3 [25.9 kB]\nGet:144 http://archive.ubuntu.com/ubuntu jammy/main amd64 libjack-jackd2-0 amd64 1.9.20~dfsg-1 [293 kB]\nGet:145 http://archive.ubuntu.com/ubuntu jammy/universe amd64 libopenal-data all 1:1.19.1-2build3 [164 kB]\nGet:146 http://archive.ubuntu.com/ubuntu jammy/universe amd64 libsndio7.0 amd64 1.8.1-1.1 [29.3 kB]\nGet:147 http://archive.ubuntu.com/ubuntu jammy/universe amd64 libopenal1 amd64 1:1.19.1-2build3 [535 kB]\nGet:148 http://archive.ubuntu.com/ubuntu jammy-updates/main amd64 libwayland-client0 amd64 1.20.0-1ubuntu0.1 [25.9 kB]\nGet:149 http://archive.ubuntu.com/ubuntu jammy/main amd64 libdecor-0-0 amd64 0.1.0-3build1 [15.1 kB]\nGet:150 http://archive.ubuntu.com/ubuntu jammy-updates/main amd64 libwayland-server0 amd64 1.20.0-1ubuntu0.1 [34.3 kB]\nGet:151 http://archive.ubuntu.com/ubuntu jammy-updates/main amd64 libgbm1 amd64 22.0.5-0ubuntu0.1 [32.6 kB]\nGet:152 http://archive.ubuntu.com/ubuntu jammy-updates/main amd64 libwayland-cursor0 amd64 1.20.0-1ubuntu0.1 [10.7 kB]\nGet:153 http://archive.ubuntu.com/ubuntu jammy-updates/main amd64 libwayland-egl1 amd64 1.20.0-1ubuntu0.1 [5582 B]\nGet:154 http://archive.ubuntu.com/ubuntu jammy/main amd64 libxcursor1 amd64 1:1.2.0-2build4 [20.9 kB]\nGet:155 http://archive.ubuntu.com/ubuntu jammy/main amd64 libxi6 amd64 2:1.8-1build1 [32.6 kB]\nGet:156 http://archive.ubuntu.com/ubuntu jammy/main amd64 libxinerama1 amd64 2:1.1.4-3 [7382 B]\nGet:157 http://archive.ubuntu.com/ubuntu jammy/main amd64 libxkbcommon0 amd64 1.4.0-1 [125 kB]\nGet:158 http://archive.ubuntu.com/ubuntu jammy/main amd64 libxrandr2 amd64 2:1.5.2-1build1 [20.4 kB]\nGet:159 http://archive.ubuntu.com/ubuntu jammy/main amd64 x11-common all 1:7.7+23ubuntu2 [23.4 kB]\nGet:160 http://archive.ubuntu.com/ubuntu jammy/main amd64 libxss1 amd64 1:1.2.3-1build2 [8476 B]\nGet:161 http://archive.ubuntu.com/ubuntu jammy-updates/main amd64 libsdl2-2.0-0 amd64 2.0.20+dfsg-2ubuntu1.22.04.1 [582 kB]\nGet:162 http://archive.ubuntu.com/ubuntu jammy/main amd64 libxcb-shape0 amd64 1.14-3ubuntu3 [6158 B]\nGet:163 http://archive.ubuntu.com/ubuntu jammy/main amd64 libxv1 amd64 2:1.0.11-1build2 [11.2 kB]\nGet:164 http://archive.ubuntu.com/ubuntu jammy-updates/universe amd64 libavdevice58 amd64 7:4.4.2-0ubuntu0.22.04.1 [87.5 kB]\nGet:165 http://archive.ubuntu.com/ubuntu jammy-updates/universe amd64 libavformat-dev amd64 7:4.4.2-0ubuntu0.22.04.1 [1347 kB]\nGet:166 http://archive.ubuntu.com/ubuntu jammy-updates/universe amd64 libpostproc-dev amd64 7:4.4.2-0ubuntu0.22.04.1 [60.9 kB]\nGet:167 http://archive.ubuntu.com/ubuntu jammy-updates/universe amd64 libswscale-dev amd64 7:4.4.2-0ubuntu0.22.04.1 [206 kB]\nGet:168 http://archive.ubuntu.com/ubuntu jammy-updates/universe amd64 libavfilter-dev amd64 7:4.4.2-0ubuntu0.22.04.1 [1732 kB]\nGet:169 http://archive.ubuntu.com/ubuntu jammy-updates/universe amd64 libavdevice-dev amd64 7:4.4.2-0ubuntu0.22.04.1 [97.3 kB]\nGet:170 http://archive.ubuntu.com/ubuntu jammy/universe amd64 libbdplus0 amd64 0.2.0-1 [52.2 kB]\nGet:171 http://archive.ubuntu.com/ubuntu jammy/main amd64 libdecor-0-plugin-1-cairo amd64 0.1.0-3build1 [20.4 kB]\nGet:172 http://archive.ubuntu.com/ubuntu jammy/main amd64 libpciaccess0 amd64 0.16-3 [19.1 kB]\nGet:173 http://archive.ubuntu.com/ubuntu jammy/main amd64 libdrm-intel1 amd64 2.4.110-1ubuntu1 [66.7 kB]\nGet:174 http://archive.ubuntu.com/ubuntu jammy-updates/main amd64 libgdk-pixbuf2.0-bin amd64 2.42.8+dfsg-1ubuntu0.2 [14.2 kB]\nGet:175 http://archive.ubuntu.com/ubuntu jammy/main amd64 libgl1-amber-dri amd64 21.3.7-0ubuntu1 [4433 kB]\nGet:176 http://archive.ubuntu.com/ubuntu jammy/main amd64 librsvg2-common amd64 2.52.5+dfsg-3 [17.7 kB]\nGet:177 http://archive.ubuntu.com/ubuntu jammy/main amd64 libxcb-randr0 amd64 1.14-3ubuntu3 [18.3 kB]\nGet:178 http://archive.ubuntu.com/ubuntu jammy-updates/universe amd64 mesa-va-drivers amd64 22.0.5-0ubuntu0.1 [3123 kB]\nGet:179 http://archive.ubuntu.com/ubuntu jammy-updates/main amd64 mesa-vdpau-drivers amd64 22.0.5-0ubuntu0.1 [3247 kB]\nGet:180 http://archive.ubuntu.com/ubuntu jammy-updates/main amd64 mesa-vulkan-drivers amd64 22.0.5-0ubuntu0.1 [4973 kB]\nGet:181 http://archive.ubuntu.com/ubuntu jammy/universe amd64 i965-va-driver amd64 2.4.1+dfsg1-1 [302 kB]\nGet:182 http://archive.ubuntu.com/ubuntu jammy/universe amd64 va-driver-all amd64 2.14.0-1 [3984 B]\nGet:183 http://archive.ubuntu.com/ubuntu jammy/main amd64 vdpau-driver-all amd64 1.4-3build2 [4510 B]\nGet:184 http://archive.ubuntu.com/ubuntu jammy/universe amd64 pocketsphinx-en-us all 0.8.0+real5prealpha+1-14ubuntu1 [27.6 MB]\n\u001b[91mdebconf: delaying package configuration, since apt-utils is not installed\n\u001b[0mFetched 148 MB in 4s (41.3 MB/s)\nSelecting previously unselected package libapparmor1:amd64.\r\n(Reading database ... \r(Reading database ... 5%\r(Reading database ... 10%\r(Reading database ... 15%\r(Reading database ... 20%\r(Reading database ... 25%\r(Reading database ... 30%\r(Reading database ... 35%\r(Reading database ... 40%\r(Reading database ... 45%\r(Reading database ... 50%\r(Reading database ... 55%\r(Reading database ... 60%\r(Reading database ... 65%\r(Reading database ... 70%\r(Reading database ... 75%\r(Reading database ... 80%\r(Reading database ... 85%\r(Reading database ... 90%\r(Reading database ... 95%\r(Reading database ... 100%\r(Reading database ... 16501 files and directories currently installed.)\r\nPreparing to unpack .../000-libapparmor1_3.0.4-2ubuntu2.1_amd64.deb ...\r\nUnpacking libapparmor1:amd64 (3.0.4-2ubuntu2.1) ...\r\nSelecting previously unselected package libdbus-1-3:amd64.\r\nPreparing to unpack .../001-libdbus-1-3_1.12.20-2ubuntu4.1_amd64.deb ...\r\nUnpacking libdbus-1-3:amd64 (1.12.20-2ubuntu4.1) ...\r\nSelecting previously unselected package dbus.\r\nPreparing to unpack .../002-dbus_1.12.20-2ubuntu4.1_amd64.deb ...\r\nUnpacking dbus (1.12.20-2ubuntu4.1) ...\r\nSelecting previously unselected package libelf1:amd64.\r\nPreparing to unpack .../003-libelf1_0.186-1build1_amd64.deb ...\r\nUnpacking libelf1:amd64 (0.186-1build1) ...\r\nSelecting previously unselected package libfribidi0:amd64.\r\nPreparing to unpack .../004-libfribidi0_1.0.8-2ubuntu3.1_amd64.deb ...\r\nUnpacking libfribidi0:amd64 (1.0.8-2ubuntu3.1) ...\r\nSelecting previously unselected package libslang2:amd64.\r\nPreparing to unpack .../005-libslang2_2.3.2-5build4_amd64.deb ...\r\nUnpacking libslang2:amd64 (2.3.2-5build4) ...\r\nSelecting previously unselected package xkb-data.\r\nPreparing to unpack .../006-xkb-data_2.33-1_all.deb ...\r\nUnpacking xkb-data (2.33-1) ...\r\nSelecting previously unselected package libdrm-common.\r\nPreparing to unpack .../007-libdrm-common_2.4.110-1ubuntu1_all.deb ...\r\nUnpacking libdrm-common (2.4.110-1ubuntu1) ...\r\nSelecting previously unselected package libdrm2:amd64.\r\nPreparing to unpack .../008-libdrm2_2.4.110-1ubuntu1_amd64.deb ...\r\nUnpacking libdrm2:amd64 (2.4.110-1ubuntu1) ...\r\nSelecting previously unselected package libedit2:amd64.\r\nPreparing to unpack .../009-libedit2_3.1-20210910-1build1_amd64.deb ...\r\nUnpacking libedit2:amd64 (3.1-20210910-1build1) ...\r\nSelecting previously unselected package libnuma1:amd64.\r\nPreparing to unpack .../010-libnuma1_2.0.14-3ubuntu2_amd64.deb ...\r\nUnpacking libnuma1:amd64 (2.0.14-3ubuntu2) ...\r\nSelecting previously unselected package libusb-1.0-0:amd64.\r\nPreparing to unpack .../011-libusb-1.0-0_2%3a1.0.25-1ubuntu2_amd64.deb ...\r\nUnpacking libusb-1.0-0:amd64 (2:1.0.25-1ubuntu2) ...\r\nSelecting previously unselected package libxext6:amd64.\r\nPreparing to unpack .../012-libxext6_2%3a1.3.4-1build1_amd64.deb ...\r\nUnpacking libxext6:amd64 (2:1.3.4-1build1) ...\r\nSelecting previously unselected package alsa-topology-conf.\r\nPreparing to unpack .../013-alsa-topology-conf_1.2.5.1-2_all.deb ...\r\nUnpacking alsa-topology-conf (1.2.5.1-2) ...\r\nSelecting previously unselected package libasound2-data.\r\nPreparing to unpack .../014-libasound2-data_1.2.6.1-1ubuntu1_all.deb ...\r\nUnpacking libasound2-data (1.2.6.1-1ubuntu1) ...\r\nSelecting previously unselected package libasound2:amd64.\r\nPreparing to unpack .../015-libasound2_1.2.6.1-1ubuntu1_amd64.deb ...\r\nUnpacking libasound2:amd64 (1.2.6.1-1ubuntu1) ...\r\nSelecting previously unselected package alsa-ucm-conf.\r\nPreparing to unpack .../016-alsa-ucm-conf_1.2.6.3-1ubuntu1.1_all.deb ...\r\nUnpacking alsa-ucm-conf (1.2.6.3-1ubuntu1.1) ...\r\nSelecting previously unselected package fontconfig.\r\nPreparing to unpack .../017-fontconfig_2.13.1-4.2ubuntu5_amd64.deb ...\r\nUnpacking fontconfig (2.13.1-4.2ubuntu5) ...\r\nSelecting previously unselected package libva2:amd64.\r\nPreparing to unpack .../018-libva2_2.14.0-1_amd64.deb ...\r\nUnpacking libva2:amd64 (2.14.0-1) ...\r\nSelecting previously unselected package libigdgmm12:amd64.\r\nPreparing to unpack .../019-libigdgmm12_22.1.2+ds1-1_amd64.deb ...\r\nUnpacking libigdgmm12:amd64 (22.1.2+ds1-1) ...\r\nSelecting previously unselected package intel-media-va-driver:amd64.\r\nPreparing to unpack .../020-intel-media-va-driver_22.3.1+dfsg1-1ubuntu1_amd64.deb ...\r\nUnpacking intel-media-va-driver:amd64 (22.3.1+dfsg1-1ubuntu1) ...\r\nSelecting previously unselected package libaacs0:amd64.\r\nPreparing to unpack .../021-libaacs0_0.11.1-1_amd64.deb ...\r\nUnpacking libaacs0:amd64 (0.11.1-1) ...\r\nSelecting previously unselected package libaom3:amd64.\r\nPreparing to unpack .../022-libaom3_3.3.0-1_amd64.deb ...\r\nUnpacking libaom3:amd64 (3.3.0-1) ...\r\nSelecting previously unselected package libgraphite2-3:amd64.\r\nPreparing to unpack .../023-libgraphite2-3_1.3.14-1build2_amd64.deb ...\r\nUnpacking libgraphite2-3:amd64 (1.3.14-1build2) ...\r\nSelecting previously unselected package libharfbuzz0b:amd64.\r\nPreparing to unpack .../024-libharfbuzz0b_2.7.4-1ubuntu3.1_amd64.deb ...\r\nUnpacking libharfbuzz0b:amd64 (2.7.4-1ubuntu3.1) ...\r\nSelecting previously unselected package libass9:amd64.\r\nPreparing to unpack .../025-libass9_1%3a0.15.2-1_amd64.deb ...\r\nUnpacking libass9:amd64 (1:0.15.2-1) ...\r\nSelecting previously unselected package libasyncns0:amd64.\r\nPreparing to unpack .../026-libasyncns0_0.8-6build2_amd64.deb ...\r\nUnpacking libasyncns0:amd64 (0.8-6build2) ...\r\nSelecting previously unselected package libmfx1:amd64.\r\nPreparing to unpack .../027-libmfx1_22.3.0-1_amd64.deb ...\r\nUnpacking libmfx1:amd64 (22.3.0-1) ...\r\nSelecting previously unselected package libva-drm2:amd64.\r\nPreparing to unpack .../028-libva-drm2_2.14.0-1_amd64.deb ...\r\nUnpacking libva-drm2:amd64 (2.14.0-1) ...\r\nSelecting previously unselected package libxfixes3:amd64.\r\nPreparing to unpack .../029-libxfixes3_1%3a6.0.0-1_amd64.deb ...\r\nUnpacking libxfixes3:amd64 (1:6.0.0-1) ...\r\nSelecting previously unselected package libva-x11-2:amd64.\r\nPreparing to unpack .../030-libva-x11-2_2.14.0-1_amd64.deb ...\r\nUnpacking libva-x11-2:amd64 (2.14.0-1) ...\r\nSelecting previously unselected package libvdpau1:amd64.\r\nPreparing to unpack .../031-libvdpau1_1.4-3build2_amd64.deb ...\r\nUnpacking libvdpau1:amd64 (1.4-3build2) ...\r\nSelecting previously unselected package ocl-icd-libopencl1:amd64.\r\nPreparing to unpack .../032-ocl-icd-libopencl1_2.2.14-3_amd64.deb ...\r\nUnpacking ocl-icd-libopencl1:amd64 (2.2.14-3) ...\r\nSelecting previously unselected package libavutil56:amd64.\r\nPreparing to unpack .../033-libavutil56_7%3a4.4.2-0ubuntu0.22.04.1_amd64.deb ...\r\nUnpacking libavutil56:amd64 (7:4.4.2-0ubuntu0.22.04.1) ...\r\nSelecting previously unselected package libpixman-1-0:amd64.\r\nPreparing to unpack .../034-libpixman-1-0_0.40.0-1ubuntu0.22.04.1_amd64.deb ...\r\nUnpacking libpixman-1-0:amd64 (0.40.0-1ubuntu0.22.04.1) ...\r\nSelecting previously unselected package libxcb-render0:amd64.\r\nPreparing to unpack .../035-libxcb-render0_1.14-3ubuntu3_amd64.deb ...\r\nUnpacking libxcb-render0:amd64 (1.14-3ubuntu3) ...\r\nSelecting previously unselected package libxcb-shm0:amd64.\r\nPreparing to unpack .../036-libxcb-shm0_1.14-3ubuntu3_amd64.deb ...\r\nUnpacking libxcb-shm0:amd64 (1.14-3ubuntu3) ...\r\nSelecting previously unselected package libxrender1:amd64.\r\nPreparing to unpack .../037-libxrender1_1%3a0.9.10-1build4_amd64.deb ...\r\nUnpacking libxrender1:amd64 (1:0.9.10-1build4) ...\r\nSelecting previously unselected package libcairo2:amd64.\r\nPreparing to unpack .../038-libcairo2_1.16.0-5ubuntu2_amd64.deb ...\r\nUnpacking libcairo2:amd64 (1.16.0-5ubuntu2) ...\r\nSelecting previously unselected package libcodec2-1.0:amd64.\r\nPreparing to unpack .../039-libcodec2-1.0_1.0.1-3_amd64.deb ...\r\nUnpacking libcodec2-1.0:amd64 (1.0.1-3) ...\r\nSelecting previously unselected package libdav1d5:amd64.\r\nPreparing to unpack .../040-libdav1d5_0.9.2-1_amd64.deb ...\r\nUnpacking libdav1d5:amd64 (0.9.2-1) ...\r\nSelecting previously unselected package libgsm1:amd64.\r\nPreparing to unpack .../041-libgsm1_1.0.19-1_amd64.deb ...\r\nUnpacking libgsm1:amd64 (1.0.19-1) ...\r\nSelecting previously unselected package libmp3lame0:amd64.\r\nPreparing to unpack .../042-libmp3lame0_3.100-3build2_amd64.deb ...\r\nUnpacking libmp3lame0:amd64 (3.100-3build2) ...\r\nSelecting previously unselected package libopenjp2-7:amd64.\r\nPreparing to unpack .../043-libopenjp2-7_2.4.0-6_amd64.deb ...\r\nUnpacking libopenjp2-7:amd64 (2.4.0-6) ...\r\nSelecting previously unselected package libopus0:amd64.\r\nPreparing to unpack .../044-libopus0_1.3.1-0.1build2_amd64.deb ...\r\nUnpacking libopus0:amd64 (1.3.1-0.1build2) ...\r\nSelecting previously unselected package libcairo-gobject2:amd64.\r\nPreparing to unpack .../045-libcairo-gobject2_1.16.0-5ubuntu2_amd64.deb ...\r\nUnpacking libcairo-gobject2:amd64 (1.16.0-5ubuntu2) ...\r\nSelecting previously unselected package libgdk-pixbuf2.0-common.\r\nPreparing to unpack .../046-libgdk-pixbuf2.0-common_2.42.8+dfsg-1ubuntu0.2_all.deb ...\r\nUnpacking libgdk-pixbuf2.0-common (2.42.8+dfsg-1ubuntu0.2) ...\r\nSelecting previously unselected package libgdk-pixbuf-2.0-0:amd64.\r\nPreparing to unpack .../047-libgdk-pixbuf-2.0-0_2.42.8+dfsg-1ubuntu0.2_amd64.deb ...\r\nUnpacking libgdk-pixbuf-2.0-0:amd64 (2.42.8+dfsg-1ubuntu0.2) ...\r\nSelecting previously unselected package libthai-data.\r\nPreparing to unpack .../048-libthai-data_0.1.29-1build1_all.deb ...\r\nUnpacking libthai-data (0.1.29-1build1) ...\r\nSelecting previously unselected package libdatrie1:amd64.\r\nPreparing to unpack .../049-libdatrie1_0.2.13-2_amd64.deb ...\r\nUnpacking libdatrie1:amd64 (0.2.13-2) ...\r\nSelecting previously unselected package libthai0:amd64.\r\nPreparing to unpack .../050-libthai0_0.1.29-1build1_amd64.deb ...\r\nUnpacking libthai0:amd64 (0.1.29-1build1) ...\r\nSelecting previously unselected package libpango-1.0-0:amd64.\r\nPreparing to unpack .../051-libpango-1.0-0_1.50.6+ds-2_amd64.deb ...\r\nUnpacking libpango-1.0-0:amd64 (1.50.6+ds-2) ...\r\nSelecting previously unselected package libpangoft2-1.0-0:amd64.\r\nPreparing to unpack .../052-libpangoft2-1.0-0_1.50.6+ds-2_amd64.deb ...\r\nUnpacking libpangoft2-1.0-0:amd64 (1.50.6+ds-2) ...\r\nSelecting previously unselected package libpangocairo-1.0-0:amd64.\r\nPreparing to unpack .../053-libpangocairo-1.0-0_1.50.6+ds-2_amd64.deb ...\r\nUnpacking libpangocairo-1.0-0:amd64 (1.50.6+ds-2) ...\r\nSelecting previously unselected package librsvg2-2:amd64.\r\nPreparing to unpack .../054-librsvg2-2_2.52.5+dfsg-3_amd64.deb ...\r\nUnpacking librsvg2-2:amd64 (2.52.5+dfsg-3) ...\r\nSelecting previously unselected package libshine3:amd64.\r\nPreparing to unpack .../055-libshine3_3.1.1-2_amd64.deb ...\r\nUnpacking libshine3:amd64 (3.1.1-2) ...\r\nSelecting previously unselected package libsnappy1v5:amd64.\r\nPreparing to unpack .../056-libsnappy1v5_1.1.8-1build3_amd64.deb ...\r\nUnpacking libsnappy1v5:amd64 (1.1.8-1build3) ...\r\nSelecting previously unselected package libspeex1:amd64.\r\nPreparing to unpack .../057-libspeex1_1.2~rc1.2-1.1ubuntu3_amd64.deb ...\r\nUnpacking libspeex1:amd64 (1.2~rc1.2-1.1ubuntu3) ...\r\nSelecting previously unselected package libsoxr0:amd64.\r\nPreparing to unpack .../058-libsoxr0_0.1.3-4build2_amd64.deb ...\r\nUnpacking libsoxr0:amd64 (0.1.3-4build2) ...\r\nSelecting previously unselected package libswresample3:amd64.\r\nPreparing to unpack .../059-libswresample3_7%3a4.4.2-0ubuntu0.22.04.1_amd64.deb ...\r\nUnpacking libswresample3:amd64 (7:4.4.2-0ubuntu0.22.04.1) ...\r\nSelecting previously unselected package libogg0:amd64.\r\nPreparing to unpack .../060-libogg0_1.3.5-0ubuntu3_amd64.deb ...\r\nUnpacking libogg0:amd64 (1.3.5-0ubuntu3) ...\r\nSelecting previously unselected package libtheora0:amd64.\r\nPreparing to unpack .../061-libtheora0_1.1.1+dfsg.1-15ubuntu4_amd64.deb ...\r\nUnpacking libtheora0:amd64 (1.1.1+dfsg.1-15ubuntu4) ...\r\nSelecting previously unselected package libtwolame0:amd64.\r\nPreparing to unpack .../062-libtwolame0_0.4.0-2build2_amd64.deb ...\r\nUnpacking libtwolame0:amd64 (0.4.0-2build2) ...\r\nSelecting previously unselected package libvorbis0a:amd64.\r\nPreparing to unpack .../063-libvorbis0a_1.3.7-1build2_amd64.deb ...\r\nUnpacking libvorbis0a:amd64 (1.3.7-1build2) ...\r\nSelecting previously unselected package libvorbisenc2:amd64.\r\nPreparing to unpack .../064-libvorbisenc2_1.3.7-1build2_amd64.deb ...\r\nUnpacking libvorbisenc2:amd64 (1.3.7-1build2) ...\r\nSelecting previously unselected package libvpx7:amd64.\r\nPreparing to unpack .../065-libvpx7_1.11.0-2ubuntu2_amd64.deb ...\r\nUnpacking libvpx7:amd64 (1.11.0-2ubuntu2) ...\r\nSelecting previously unselected package libwebpmux3:amd64.\r\nPreparing to unpack .../066-libwebpmux3_1.2.2-2_amd64.deb ...\r\nUnpacking libwebpmux3:amd64 (1.2.2-2) ...\r\nSelecting previously unselected package libx264-163:amd64.\r\nPreparing to unpack .../067-libx264-163_2%3a0.163.3060+git5db6aa6-2build1_amd64.deb ...\r\nUnpacking libx264-163:amd64 (2:0.163.3060+git5db6aa6-2build1) ...\r\nSelecting previously unselected package libx265-199:amd64.\r\nPreparing to unpack .../068-libx265-199_3.5-2_amd64.deb ...\r\nUnpacking libx265-199:amd64 (3.5-2) ...\r\nSelecting previously unselected package libxvidcore4:amd64.\r\nPreparing to unpack .../069-libxvidcore4_2%3a1.3.7-1_amd64.deb ...\r\nUnpacking libxvidcore4:amd64 (2:1.3.7-1) ...\r\nSelecting previously unselected package libzvbi-common.\r\nPreparing to unpack .../070-libzvbi-common_0.2.35-19_all.deb ...\r\nUnpacking libzvbi-common (0.2.35-19) ...\r\nSelecting previously unselected package libzvbi0:amd64.\r\nPreparing to unpack .../071-libzvbi0_0.2.35-19_amd64.deb ...\r\nUnpacking libzvbi0:amd64 (0.2.35-19) ...\r\nSelecting previously unselected package libavcodec58:amd64.\r\nPreparing to unpack .../072-libavcodec58_7%3a4.4.2-0ubuntu0.22.04.1_amd64.deb ...\r\nUnpacking libavcodec58:amd64 (7:4.4.2-0ubuntu0.22.04.1) ...\r\nSelecting previously unselected package libavutil-dev:amd64.\r\nPreparing to unpack .../073-libavutil-dev_7%3a4.4.2-0ubuntu0.22.04.1_amd64.deb ...\r\nUnpacking libavutil-dev:amd64 (7:4.4.2-0ubuntu0.22.04.1) ...\r\nSelecting previously unselected package libswresample-dev:amd64.\r\nPreparing to unpack .../074-libswresample-dev_7%3a4.4.2-0ubuntu0.22.04.1_amd64.deb ...\r\nUnpacking libswresample-dev:amd64 (7:4.4.2-0ubuntu0.22.04.1) ...\r\nSelecting previously unselected package libavcodec-dev:amd64.\r\nPreparing to unpack .../075-libavcodec-dev_7%3a4.4.2-0ubuntu0.22.04.1_amd64.deb ...\r\nUnpacking libavcodec-dev:amd64 (7:4.4.2-0ubuntu0.22.04.1) ...\r\nSelecting previously unselected package libraw1394-11:amd64.\r\nPreparing to unpack .../076-libraw1394-11_2.1.2-2build2_amd64.deb ...\r\nUnpacking libraw1394-11:amd64 (2.1.2-2build2) ...\r\nSelecting previously unselected package libavc1394-0:amd64.\r\nPreparing to unpack .../077-libavc1394-0_0.5.4-5build2_amd64.deb ...\r\nUnpacking libavc1394-0:amd64 (0.5.4-5build2) ...\r\nSelecting previously unselected package libudfread0:amd64.\r\nPreparing to unpack .../078-libudfread0_1.1.2-1_amd64.deb ...\r\nUnpacking libudfread0:amd64 (1.1.2-1) ...\r\nSelecting previously unselected package libbluray2:amd64.\r\nPreparing to unpack .../079-libbluray2_1%3a1.3.1-1_amd64.deb ...\r\nUnpacking libbluray2:amd64 (1:1.3.1-1) ...\r\nSelecting previously unselected package libchromaprint1:amd64.\r\nPreparing to unpack .../080-libchromaprint1_1.5.1-2_amd64.deb ...\r\nUnpacking libchromaprint1:amd64 (1.5.1-2) ...\r\nSelecting previously unselected package libgme0:amd64.\r\nPreparing to unpack .../081-libgme0_0.6.3-2_amd64.deb ...\r\nUnpacking libgme0:amd64 (0.6.3-2) ...\r\nSelecting previously unselected package libmpg123-0:amd64.\r\nPreparing to unpack .../082-libmpg123-0_1.29.3-1build1_amd64.deb ...\r\nUnpacking libmpg123-0:amd64 (1.29.3-1build1) ...\r\nSelecting previously unselected package libvorbisfile3:amd64.\r\nPreparing to unpack .../083-libvorbisfile3_1.3.7-1build2_amd64.deb ...\r\nUnpacking libvorbisfile3:amd64 (1.3.7-1build2) ...\r\nSelecting previously unselected package libopenmpt0:amd64.\r\nPreparing to unpack .../084-libopenmpt0_0.6.1-1_amd64.deb ...\r\nUnpacking libopenmpt0:amd64 (0.6.1-1) ...\r\nSelecting previously unselected package librabbitmq4:amd64.\r\nPreparing to unpack .../085-librabbitmq4_0.10.0-1ubuntu2_amd64.deb ...\r\nUnpacking librabbitmq4:amd64 (0.10.0-1ubuntu2) ...\r\nSelecting previously unselected package libsrt1.4-gnutls:amd64.\r\nPreparing to unpack .../086-libsrt1.4-gnutls_1.4.4-4_amd64.deb ...\r\nUnpacking libsrt1.4-gnutls:amd64 (1.4.4-4) ...\r\nSelecting previously unselected package libssh-gcrypt-4:amd64.\r\nPreparing to unpack .../087-libssh-gcrypt-4_0.9.6-2build1_amd64.deb ...\r\nUnpacking libssh-gcrypt-4:amd64 (0.9.6-2build1) ...\r\nSelecting previously unselected package libnorm1:amd64.\r\nPreparing to unpack .../088-libnorm1_1.5.9+dfsg-2_amd64.deb ...\r\nUnpacking libnorm1:amd64 (1.5.9+dfsg-2) ...\r\nSelecting previously unselected package libpgm-5.3-0:amd64.\r\nPreparing to unpack .../089-libpgm-5.3-0_5.3.128~dfsg-2_amd64.deb ...\r\nUnpacking libpgm-5.3-0:amd64 (5.3.128~dfsg-2) ...\r\nSelecting previously unselected package libsodium23:amd64.\r\nPreparing to unpack .../090-libsodium23_1.0.18-1build2_amd64.deb ...\r\nUnpacking libsodium23:amd64 (1.0.18-1build2) ...\r\nSelecting previously unselected package libzmq5:amd64.\r\nPreparing to unpack .../091-libzmq5_4.3.4-2_amd64.deb ...\r\nUnpacking libzmq5:amd64 (4.3.4-2) ...\r\nSelecting previously unselected package libavformat58:amd64.\r\nPreparing to unpack .../092-libavformat58_7%3a4.4.2-0ubuntu0.22.04.1_amd64.deb ...\r\nUnpacking libavformat58:amd64 (7:4.4.2-0ubuntu0.22.04.1) ...\r\nSelecting previously unselected package libbs2b0:amd64.\r\nPreparing to unpack .../093-libbs2b0_3.1.0+dfsg-2.2build1_amd64.deb ...\r\nUnpacking libbs2b0:amd64 (3.1.0+dfsg-2.2build1) ...\r\nSelecting previously unselected package libflite1:amd64.\r\nPreparing to unpack .../094-libflite1_2.2-3_amd64.deb ...\r\nUnpacking libflite1:amd64 (2.2-3) ...\r\nSelecting previously unselected package libserd-0-0:amd64.\r\nPreparing to unpack .../095-libserd-0-0_0.30.10-2_amd64.deb ...\r\nUnpacking libserd-0-0:amd64 (0.30.10-2) ...\r\nSelecting previously unselected package libsord-0-0:amd64.\r\nPreparing to unpack .../096-libsord-0-0_0.16.8-2_amd64.deb ...\r\nUnpacking libsord-0-0:amd64 (0.16.8-2) ...\r\nSelecting previously unselected package libsratom-0-0:amd64.\r\nPreparing to unpack .../097-libsratom-0-0_0.6.8-1_amd64.deb ...\r\nUnpacking libsratom-0-0:amd64 (0.6.8-1) ...\r\nSelecting previously unselected package liblilv-0-0:amd64.\r\nPreparing to unpack .../098-liblilv-0-0_0.24.12-2_amd64.deb ...\r\nUnpacking liblilv-0-0:amd64 (0.24.12-2) ...\r\nSelecting previously unselected package libmysofa1:amd64.\r\nPreparing to unpack .../099-libmysofa1_1.2.1~dfsg0-1_amd64.deb ...\r\nUnpacking libmysofa1:amd64 (1.2.1~dfsg0-1) ...\r\nSelecting previously unselected package libblas3:amd64.\r\nPreparing to unpack .../100-libblas3_3.10.0-2ubuntu1_amd64.deb ...\r\nUnpacking libblas3:amd64 (3.10.0-2ubuntu1) ...\r\nSelecting previously unselected package libgfortran5:amd64.\r\nPreparing to unpack .../101-libgfortran5_12.1.0-2ubuntu1~22.04_amd64.deb ...\r\nUnpacking libgfortran5:amd64 (12.1.0-2ubuntu1~22.04) ...\r\nSelecting previously unselected package liblapack3:amd64.\r\nPreparing to unpack .../102-liblapack3_3.10.0-2ubuntu1_amd64.deb ...\r\nUnpacking liblapack3:amd64 (3.10.0-2ubuntu1) ...\r\nSelecting previously unselected package libflac8:amd64.\r\nPreparing to unpack .../103-libflac8_1.3.3-2ubuntu0.1_amd64.deb ...\r\nUnpacking libflac8:amd64 (1.3.3-2ubuntu0.1) ...\r\nSelecting previously unselected package libsndfile1:amd64.\r\nPreparing to unpack .../104-libsndfile1_1.0.31-2build1_amd64.deb ...\r\nUnpacking libsndfile1:amd64 (1.0.31-2build1) ...\r\nSelecting previously unselected package libx11-xcb1:amd64.\r\nPreparing to unpack .../105-libx11-xcb1_2%3a1.7.5-1_amd64.deb ...\r\nUnpacking libx11-xcb1:amd64 (2:1.7.5-1) ...\r\nSelecting previously unselected package libpulse0:amd64.\r\nPreparing to unpack .../106-libpulse0_1%3a15.99.1+dfsg1-1ubuntu2_amd64.deb ...\r\nUnpacking libpulse0:amd64 (1:15.99.1+dfsg1-1ubuntu2) ...\r\nSelecting previously unselected package libsphinxbase3:amd64.\r\nPreparing to unpack .../107-libsphinxbase3_0.8+5prealpha+1-13build1_amd64.deb ...\r\nUnpacking libsphinxbase3:amd64 (0.8+5prealpha+1-13build1) ...\r\nSelecting previously unselected package libpocketsphinx3:amd64.\r\nPreparing to unpack .../108-libpocketsphinx3_0.8.0+real5prealpha+1-14ubuntu1_amd64.deb ...\r\nUnpacking libpocketsphinx3:amd64 (0.8.0+real5prealpha+1-14ubuntu1) ...\r\nSelecting previously unselected package libpostproc55:amd64.\r\nPreparing to unpack .../109-libpostproc55_7%3a4.4.2-0ubuntu0.22.04.1_amd64.deb ...\r\nUnpacking libpostproc55:amd64 (7:4.4.2-0ubuntu0.22.04.1) ...\r\nSelecting previously unselected package libsamplerate0:amd64.\r\nPreparing to unpack .../110-libsamplerate0_0.2.2-1build1_amd64.deb ...\r\nUnpacking libsamplerate0:amd64 (0.2.2-1build1) ...\r\nSelecting previously unselected package librubberband2:amd64.\r\nPreparing to unpack .../111-librubberband2_2.0.0-2_amd64.deb ...\r\nUnpacking librubberband2:amd64 (2.0.0-2) ...\r\nSelecting previously unselected package libswscale5:amd64.\r\nPreparing to unpack .../112-libswscale5_7%3a4.4.2-0ubuntu0.22.04.1_amd64.deb ...\r\nUnpacking libswscale5:amd64 (7:4.4.2-0ubuntu0.22.04.1) ...\r\nSelecting previously unselected package libvidstab1.1:amd64.\r\nPreparing to unpack .../113-libvidstab1.1_1.1.0-2_amd64.deb ...\r\nUnpacking libvidstab1.1:amd64 (1.1.0-2) ...\r\nSelecting previously unselected package libzimg2:amd64.\r\nPreparing to unpack .../114-libzimg2_3.0.3+ds1-1_amd64.deb ...\r\nUnpacking libzimg2:amd64 (3.0.3+ds1-1) ...\r\nSelecting previously unselected package libavfilter7:amd64.\r\nPreparing to unpack .../115-libavfilter7_7%3a4.4.2-0ubuntu0.22.04.1_amd64.deb ...\r\nUnpacking libavfilter7:amd64 (7:4.4.2-0ubuntu0.22.04.1) ...\r\nSelecting previously unselected package libcaca0:amd64.\r\nPreparing to unpack .../116-libcaca0_0.99.beta19-2.2ubuntu4_amd64.deb ...\r\nUnpacking libcaca0:amd64 (0.99.beta19-2.2ubuntu4) ...\r\nSelecting previously unselected package libcdio19:amd64.\r\nPreparing to unpack .../117-libcdio19_2.1.0-3build1_amd64.deb ...\r\nUnpacking libcdio19:amd64 (2.1.0-3build1) ...\r\nSelecting previously unselected package libcdio-cdda2:amd64.\r\nPreparing to unpack .../118-libcdio-cdda2_10.2+2.0.0-1build3_amd64.deb ...\r\nUnpacking libcdio-cdda2:amd64 (10.2+2.0.0-1build3) ...\r\nSelecting previously unselected package libcdio-paranoia2:amd64.\r\nPreparing to unpack .../119-libcdio-paranoia2_10.2+2.0.0-1build3_amd64.deb ...\r\nUnpacking libcdio-paranoia2:amd64 (10.2+2.0.0-1build3) ...\r\nSelecting previously unselected package libdc1394-25:amd64.\r\nPreparing to unpack .../120-libdc1394-25_2.2.6-4_amd64.deb ...\r\nUnpacking libdc1394-25:amd64 (2.2.6-4) ...\r\nSelecting previously unselected package libglvnd0:amd64.\r\nPreparing to unpack .../121-libglvnd0_1.4.0-1_amd64.deb ...\r\nUnpacking libglvnd0:amd64 (1.4.0-1) ...\r\nSelecting previously unselected package libglapi-mesa:amd64.\r\nPreparing to unpack .../122-libglapi-mesa_22.0.5-0ubuntu0.1_amd64.deb ...\r\nUnpacking libglapi-mesa:amd64 (22.0.5-0ubuntu0.1) ...\r\nSelecting previously unselected package libxcb-dri2-0:amd64.\r\nPreparing to unpack .../123-libxcb-dri2-0_1.14-3ubuntu3_amd64.deb ...\r\nUnpacking libxcb-dri2-0:amd64 (1.14-3ubuntu3) ...\r\nSelecting previously unselected package libxcb-dri3-0:amd64.\r\nPreparing to unpack .../124-libxcb-dri3-0_1.14-3ubuntu3_amd64.deb ...\r\nUnpacking libxcb-dri3-0:amd64 (1.14-3ubuntu3) ...\r\nSelecting previously unselected package libxcb-glx0:amd64.\r\nPreparing to unpack .../125-libxcb-glx0_1.14-3ubuntu3_amd64.deb ...\r\nUnpacking libxcb-glx0:amd64 (1.14-3ubuntu3) ...\r\nSelecting previously unselected package libxcb-present0:amd64.\r\nPreparing to unpack .../126-libxcb-present0_1.14-3ubuntu3_amd64.deb ...\r\nUnpacking libxcb-present0:amd64 (1.14-3ubuntu3) ...\r\nSelecting previously unselected package libxcb-sync1:amd64.\r\nPreparing to unpack .../127-libxcb-sync1_1.14-3ubuntu3_amd64.deb ...\r\nUnpacking libxcb-sync1:amd64 (1.14-3ubuntu3) ...\r\nSelecting previously unselected package libxcb-xfixes0:amd64.\r\nPreparing to unpack .../128-libxcb-xfixes0_1.14-3ubuntu3_amd64.deb ...\r\nUnpacking libxcb-xfixes0:amd64 (1.14-3ubuntu3) ...\r\nSelecting previously unselected package libxshmfence1:amd64.\r\nPreparing to unpack .../129-libxshmfence1_1.3-1build4_amd64.deb ...\r\nUnpacking libxshmfence1:amd64 (1.3-1build4) ...\r\nSelecting previously unselected package libxxf86vm1:amd64.\r\nPreparing to unpack .../130-libxxf86vm1_1%3a1.1.4-1build3_amd64.deb ...\r\nUnpacking libxxf86vm1:amd64 (1:1.1.4-1build3) ...\r\nSelecting previously unselected package libdrm-amdgpu1:amd64.\r\nPreparing to unpack .../131-libdrm-amdgpu1_2.4.110-1ubuntu1_amd64.deb ...\r\nUnpacking libdrm-amdgpu1:amd64 (2.4.110-1ubuntu1) ...\r\nSelecting previously unselected package libdrm-nouveau2:amd64.\r\nPreparing to unpack .../132-libdrm-nouveau2_2.4.110-1ubuntu1_amd64.deb ...\r\nUnpacking libdrm-nouveau2:amd64 (2.4.110-1ubuntu1) ...\r\nSelecting previously unselected package libdrm-radeon1:amd64.\r\nPreparing to unpack .../133-libdrm-radeon1_2.4.110-1ubuntu1_amd64.deb ...\r\nUnpacking libdrm-radeon1:amd64 (2.4.110-1ubuntu1) ...\r\nSelecting previously unselected package libllvm13:amd64.\r\nPreparing to unpack .../134-libllvm13_1%3a13.0.1-2ubuntu2.1_amd64.deb ...\r\nUnpacking libllvm13:amd64 (1:13.0.1-2ubuntu2.1) ...\r\nSelecting previously unselected package libsensors-config.\r\nPreparing to unpack .../135-libsensors-config_1%3a3.6.0-7ubuntu1_all.deb ...\r\nUnpacking libsensors-config (1:3.6.0-7ubuntu1) ...\r\nSelecting previously unselected package libsensors5:amd64.\r\nPreparing to unpack .../136-libsensors5_1%3a3.6.0-7ubuntu1_amd64.deb ...\r\nUnpacking libsensors5:amd64 (1:3.6.0-7ubuntu1) ...\r\nSelecting previously unselected package libvulkan1:amd64.\r\nPreparing to unpack .../137-libvulkan1_1.3.204.1-2_amd64.deb ...\r\nUnpacking libvulkan1:amd64 (1.3.204.1-2) ...\r\nSelecting previously unselected package libgl1-mesa-dri:amd64.\r\nPreparing to unpack .../138-libgl1-mesa-dri_22.0.5-0ubuntu0.1_amd64.deb ...\r\nUnpacking libgl1-mesa-dri:amd64 (22.0.5-0ubuntu0.1) ...\r\nSelecting previously unselected package libglx-mesa0:amd64.\r\nPreparing to unpack .../139-libglx-mesa0_22.0.5-0ubuntu0.1_amd64.deb ...\r\nUnpacking libglx-mesa0:amd64 (22.0.5-0ubuntu0.1) ...\r\nSelecting previously unselected package libglx0:amd64.\r\nPreparing to unpack .../140-libglx0_1.4.0-1_amd64.deb ...\r\nUnpacking libglx0:amd64 (1.4.0-1) ...\r\nSelecting previously unselected package libgl1:amd64.\r\nPreparing to unpack .../141-libgl1_1.4.0-1_amd64.deb ...\r\nUnpacking libgl1:amd64 (1.4.0-1) ...\r\nSelecting previously unselected package libiec61883-0:amd64.\r\nPreparing to unpack .../142-libiec61883-0_1.2.0-4build3_amd64.deb ...\r\nUnpacking libiec61883-0:amd64 (1.2.0-4build3) ...\r\nSelecting previously unselected package libjack-jackd2-0:amd64.\r\nPreparing to unpack .../143-libjack-jackd2-0_1.9.20~dfsg-1_amd64.deb ...\r\nUnpacking libjack-jackd2-0:amd64 (1.9.20~dfsg-1) ...\r\nSelecting previously unselected package libopenal-data.\r\nPreparing to unpack .../144-libopenal-data_1%3a1.19.1-2build3_all.deb ...\r\nUnpacking libopenal-data (1:1.19.1-2build3) ...\r\nSelecting previously unselected package libsndio7.0:amd64.\r\nPreparing to unpack .../145-libsndio7.0_1.8.1-1.1_amd64.deb ...\r\nUnpacking libsndio7.0:amd64 (1.8.1-1.1) ...\r\nSelecting previously unselected package libopenal1:amd64.\r\nPreparing to unpack .../146-libopenal1_1%3a1.19.1-2build3_amd64.deb ...\r\nUnpacking libopenal1:amd64 (1:1.19.1-2build3) ...\r\nSelecting previously unselected package libwayland-client0:amd64.\r\nPreparing to unpack .../147-libwayland-client0_1.20.0-1ubuntu0.1_amd64.deb ...\r\nUnpacking libwayland-client0:amd64 (1.20.0-1ubuntu0.1) ...\r\nSelecting previously unselected package libdecor-0-0:amd64.\r\nPreparing to unpack .../148-libdecor-0-0_0.1.0-3build1_amd64.deb ...\r\nUnpacking libdecor-0-0:amd64 (0.1.0-3build1) ...\r\nSelecting previously unselected package libwayland-server0:amd64.\r\nPreparing to unpack .../149-libwayland-server0_1.20.0-1ubuntu0.1_amd64.deb ...\r\nUnpacking libwayland-server0:amd64 (1.20.0-1ubuntu0.1) ...\r\nSelecting previously unselected package libgbm1:amd64.\r\nPreparing to unpack .../150-libgbm1_22.0.5-0ubuntu0.1_amd64.deb ...\r\nUnpacking libgbm1:amd64 (22.0.5-0ubuntu0.1) ...\r\nSelecting previously unselected package libwayland-cursor0:amd64.\r\nPreparing to unpack .../151-libwayland-cursor0_1.20.0-1ubuntu0.1_amd64.deb ...\r\nUnpacking libwayland-cursor0:amd64 (1.20.0-1ubuntu0.1) ...\r\nSelecting previously unselected package libwayland-egl1:amd64.\r\nPreparing to unpack .../152-libwayland-egl1_1.20.0-1ubuntu0.1_amd64.deb ...\r\nUnpacking libwayland-egl1:amd64 (1.20.0-1ubuntu0.1) ...\r\nSelecting previously unselected package libxcursor1:amd64.\r\nPreparing to unpack .../153-libxcursor1_1%3a1.2.0-2build4_amd64.deb ...\r\nUnpacking libxcursor1:amd64 (1:1.2.0-2build4) ...\r\nSelecting previously unselected package libxi6:amd64.\r\nPreparing to unpack .../154-libxi6_2%3a1.8-1build1_amd64.deb ...\r\nUnpacking libxi6:amd64 (2:1.8-1build1) ...\r\nSelecting previously unselected package libxinerama1:amd64.\r\nPreparing to unpack .../155-libxinerama1_2%3a1.1.4-3_amd64.deb ...\r\nUnpacking libxinerama1:amd64 (2:1.1.4-3) ...\r\nSelecting previously unselected package libxkbcommon0:amd64.\r\nPreparing to unpack .../156-libxkbcommon0_1.4.0-1_amd64.deb ...\r\nUnpacking libxkbcommon0:amd64 (1.4.0-1) ...\r\nSelecting previously unselected package libxrandr2:amd64.\r\nPreparing to unpack .../157-libxrandr2_2%3a1.5.2-1build1_amd64.deb ...\r\nUnpacking libxrandr2:amd64 (2:1.5.2-1build1) ...\r\nSelecting previously unselected package x11-common.\r\nPreparing to unpack .../158-x11-common_1%3a7.7+23ubuntu2_all.deb ...\r\nUnpacking x11-common (1:7.7+23ubuntu2) ...\r\nSelecting previously unselected package libxss1:amd64.\r\nPreparing to unpack .../159-libxss1_1%3a1.2.3-1build2_amd64.deb ...\r\nUnpacking libxss1:amd64 (1:1.2.3-1build2) ...\r\nSelecting previously unselected package libsdl2-2.0-0:amd64.\r\nPreparing to unpack .../160-libsdl2-2.0-0_2.0.20+dfsg-2ubuntu1.22.04.1_amd64.deb ...\r\nUnpacking libsdl2-2.0-0:amd64 (2.0.20+dfsg-2ubuntu1.22.04.1) ...\r\nSelecting previously unselected package libxcb-shape0:amd64.\r\nPreparing to unpack .../161-libxcb-shape0_1.14-3ubuntu3_amd64.deb ...\r\nUnpacking libxcb-shape0:amd64 (1.14-3ubuntu3) ...\r\nSelecting previously unselected package libxv1:amd64.\r\nPreparing to unpack .../162-libxv1_2%3a1.0.11-1build2_amd64.deb ...\r\nUnpacking libxv1:amd64 (2:1.0.11-1build2) ...\r\nSelecting previously unselected package libavdevice58:amd64.\r\nPreparing to unpack .../163-libavdevice58_7%3a4.4.2-0ubuntu0.22.04.1_amd64.deb ...\r\nUnpacking libavdevice58:amd64 (7:4.4.2-0ubuntu0.22.04.1) ...\r\nSelecting previously unselected package libavformat-dev:amd64.\r\nPreparing to unpack .../164-libavformat-dev_7%3a4.4.2-0ubuntu0.22.04.1_amd64.deb ...\r\nUnpacking libavformat-dev:amd64 (7:4.4.2-0ubuntu0.22.04.1) ...\r\nSelecting previously unselected package libpostproc-dev:amd64.\r\nPreparing to unpack .../165-libpostproc-dev_7%3a4.4.2-0ubuntu0.22.04.1_amd64.deb ...\r\nUnpacking libpostproc-dev:amd64 (7:4.4.2-0ubuntu0.22.04.1) ...\r\nSelecting previously unselected package libswscale-dev:amd64.\r\nPreparing to unpack .../166-libswscale-dev_7%3a4.4.2-0ubuntu0.22.04.1_amd64.deb ...\r\nUnpacking libswscale-dev:amd64 (7:4.4.2-0ubuntu0.22.04.1) ...\r\nSelecting previously unselected package libavfilter-dev:amd64.\r\nPreparing to unpack .../167-libavfilter-dev_7%3a4.4.2-0ubuntu0.22.04.1_amd64.deb ...\r\nUnpacking libavfilter-dev:amd64 (7:4.4.2-0ubuntu0.22.04.1) ...\r\nSelecting previously unselected package libavdevice-dev:amd64.\r\nPreparing to unpack .../168-libavdevice-dev_7%3a4.4.2-0ubuntu0.22.04.1_amd64.deb ...\r\nUnpacking libavdevice-dev:amd64 (7:4.4.2-0ubuntu0.22.04.1) ...\r\nSelecting previously unselected package libbdplus0:amd64.\r\nPreparing to unpack .../169-libbdplus0_0.2.0-1_amd64.deb ...\r\nUnpacking libbdplus0:amd64 (0.2.0-1) ...\r\nSelecting previously unselected package libdecor-0-plugin-1-cairo:amd64.\r\nPreparing to unpack .../170-libdecor-0-plugin-1-cairo_0.1.0-3build1_amd64.deb ...\r\nUnpacking libdecor-0-plugin-1-cairo:amd64 (0.1.0-3build1) ...\r\nSelecting previously unselected package libpciaccess0:amd64.\r\nPreparing to unpack .../171-libpciaccess0_0.16-3_amd64.deb ...\r\nUnpacking libpciaccess0:amd64 (0.16-3) ...\r\nSelecting previously unselected package libdrm-intel1:amd64.\r\nPreparing to unpack .../172-libdrm-intel1_2.4.110-1ubuntu1_amd64.deb ...\r\nUnpacking libdrm-intel1:amd64 (2.4.110-1ubuntu1) ...\r\nSelecting previously unselected package libgdk-pixbuf2.0-bin.\r\nPreparing to unpack .../173-libgdk-pixbuf2.0-bin_2.42.8+dfsg-1ubuntu0.2_amd64.deb ...\r\nUnpacking libgdk-pixbuf2.0-bin (2.42.8+dfsg-1ubuntu0.2) ...\r\nSelecting previously unselected package libgl1-amber-dri:amd64.\r\nPreparing to unpack .../174-libgl1-amber-dri_21.3.7-0ubuntu1_amd64.deb ...\r\nUnpacking libgl1-amber-dri:amd64 (21.3.7-0ubuntu1) ...\r\nSelecting previously unselected package librsvg2-common:amd64.\r\nPreparing to unpack .../175-librsvg2-common_2.52.5+dfsg-3_amd64.deb ...\r\nUnpacking librsvg2-common:amd64 (2.52.5+dfsg-3) ...\r\nSelecting previously unselected package libxcb-randr0:amd64.\r\nPreparing to unpack .../176-libxcb-randr0_1.14-3ubuntu3_amd64.deb ...\r\nUnpacking libxcb-randr0:amd64 (1.14-3ubuntu3) ...\r\nSelecting previously unselected package mesa-va-drivers:amd64.\r\nPreparing to unpack .../177-mesa-va-drivers_22.0.5-0ubuntu0.1_amd64.deb ...\r\nUnpacking mesa-va-drivers:amd64 (22.0.5-0ubuntu0.1) ...\r\nSelecting previously unselected package mesa-vdpau-drivers:amd64.\r\nPreparing to unpack .../178-mesa-vdpau-drivers_22.0.5-0ubuntu0.1_amd64.deb ...\r\nUnpacking mesa-vdpau-drivers:amd64 (22.0.5-0ubuntu0.1) ...\r\nSelecting previously unselected package mesa-vulkan-drivers:amd64.\r\nPreparing to unpack .../179-mesa-vulkan-drivers_22.0.5-0ubuntu0.1_amd64.deb ...\r\nUnpacking mesa-vulkan-drivers:amd64 (22.0.5-0ubuntu0.1) ...\r\nSelecting previously unselected package i965-va-driver:amd64.\r\nPreparing to unpack .../180-i965-va-driver_2.4.1+dfsg1-1_amd64.deb ...\r\nUnpacking i965-va-driver:amd64 (2.4.1+dfsg1-1) ...\r\nSelecting previously unselected package va-driver-all:amd64.\r\nPreparing to unpack .../181-va-driver-all_2.14.0-1_amd64.deb ...\r\nUnpacking va-driver-all:amd64 (2.14.0-1) ...\r\nSelecting previously unselected package vdpau-driver-all:amd64.\r\nPreparing to unpack .../182-vdpau-driver-all_1.4-3build2_amd64.deb ...\r\nUnpacking vdpau-driver-all:amd64 (1.4-3build2) ...\r\nSelecting previously unselected package pocketsphinx-en-us.\r\nPreparing to unpack .../183-pocketsphinx-en-us_0.8.0+real5prealpha+1-14ubuntu1_all.deb ...\r\nUnpacking pocketsphinx-en-us (0.8.0+real5prealpha+1-14ubuntu1) ...\r\nSetting up libgme0:amd64 (0.6.3-2) ...\r\nSetting up libssh-gcrypt-4:amd64 (0.9.6-2build1) ...\r\nSetting up libgraphite2-3:amd64 (1.3.14-1build2) ...\r\nSetting up libsrt1.4-gnutls:amd64 (1.4.4-4) ...\r\nSetting up libxcb-dri3-0:amd64 (1.14-3ubuntu3) ...\r\nSetting up libpixman-1-0:amd64 (0.40.0-1ubuntu0.22.04.1) ...\r\nSetting up libudfread0:amd64 (1.1.2-1) ...\r\nSetting up libwayland-server0:amd64 (1.20.0-1ubuntu0.1) ...\r\nSetting up libaom3:amd64 (3.3.0-1) ...\r\nSetting up libx11-xcb1:amd64 (2:1.7.5-1) ...\r\nSetting up libpciaccess0:amd64 (0.16-3) ...\r\nSetting up fontconfig (2.13.1-4.2ubuntu5) ...\r\nRegenerating fonts cache... done.\r\nSetting up librabbitmq4:amd64 (0.10.0-1ubuntu2) ...\r\nSetting up libraw1394-11:amd64 (2.1.2-2build2) ...\r\nSetting up libapparmor1:amd64 (3.0.4-2ubuntu2.1) ...\r\nSetting up libcodec2-1.0:amd64 (1.0.1-3) ...\r\nSetting up libsodium23:amd64 (1.0.18-1build2) ...\r\nSetting up libmpg123-0:amd64 (1.29.3-1build1) ...\r\nSetting up libxcb-xfixes0:amd64 (1.14-3ubuntu3) ...\r\nSetting up libogg0:amd64 (1.3.5-0ubuntu3) ...\r\nSetting up libspeex1:amd64 (1.2~rc1.2-1.1ubuntu3) ...\r\nSetting up libshine3:amd64 (3.1.1-2) ...\r\nSetting up libtwolame0:amd64 (0.4.0-2build2) ...\r\nSetting up libxrender1:amd64 (1:0.9.10-1build4) ...\r\nSetting up libdatrie1:amd64 (0.2.13-2) ...\r\nSetting up libgsm1:amd64 (1.0.19-1) ...\r\nSetting up libxcb-render0:amd64 (1.14-3ubuntu3) ...\r\nSetting up libsoxr0:amd64 (0.1.3-4build2) ...\r\nSetting up libglvnd0:amd64 (1.4.0-1) ...\r\nSetting up libpgm-5.3-0:amd64 (5.3.128~dfsg-2) ...\r\nSetting up libxcb-glx0:amd64 (1.14-3ubuntu3) ...\r\nSetting up libedit2:amd64 (3.1-20210910-1build1) ...\r\nSetting up libgdk-pixbuf2.0-common (2.42.8+dfsg-1ubuntu0.2) ...\r\nSetting up libnorm1:amd64 (1.5.9+dfsg-2) ...\r\nSetting up libmysofa1:amd64 (1.2.1~dfsg0-1) ...\r\nSetting up libxcb-shape0:amd64 (1.14-3ubuntu3) ...\r\nSetting up x11-common (1:7.7+23ubuntu2) ...\r\ndebconf: unable to initialize frontend: Dialog\r\ndebconf: (TERM is not set, so the dialog frontend is not usable.)\r\ndebconf: falling back to frontend: Readline\r\ninvoke-rc.d: could not determine current runlevel\r\ninvoke-rc.d: policy-rc.d denied execution of start.\r\nSetting up libsensors-config (1:3.6.0-7ubuntu1) ...\r\nSetting up libxext6:amd64 (2:1.3.4-1build1) ...\r\nSetting up xkb-data (2.33-1) ...\r\nSetting up libxcb-shm0:amd64 (1.14-3ubuntu3) ...\r\nSetting up libigdgmm12:amd64 (22.1.2+ds1-1) ...\r\nSetting up libcdio19:amd64 (2.1.0-3build1) ...\r\nSetting up libxvidcore4:amd64 (2:1.3.7-1) ...\r\nSetting up libcairo2:amd64 (1.16.0-5ubuntu2) ...\r\nSetting up libxxf86vm1:amd64 (1:1.1.4-1build3) ...\r\nSetting up libsnappy1v5:amd64 (1.1.8-1build3) ...\r\nSetting up libflac8:amd64 (1.3.3-2ubuntu0.1) ...\r\nSetting up libxcb-present0:amd64 (1.14-3ubuntu3) ...\r\nSetting up libasound2-data (1.2.6.1-1ubuntu1) ...\r\nSetting up libblas3:amd64 (3.10.0-2ubuntu1) ...\r\nupdate-alternatives: using /usr/lib/x86_64-linux-gnu/blas/libblas.so.3 to provide /usr/lib/x86_64-linux-gnu/libblas.so.3 (libblas.so.3-x86_64-linux-gnu) in auto mode\r\nSetting up libslang2:amd64 (2.3.2-5build4) ...\r\nSetting up libva2:amd64 (2.14.0-1) ...\r\nSetting up libxfixes3:amd64 (1:6.0.0-1) ...\r\nSetting up libxcb-sync1:amd64 (1.14-3ubuntu3) ...\r\nSetting up libx264-163:amd64 (2:0.163.3060+git5db6aa6-2build1) ...\r\nSetting up libdbus-1-3:amd64 (1.12.20-2ubuntu4.1) ...\r\nSetting up dbus (1.12.20-2ubuntu4.1) ...\r\nSetting up libfribidi0:amd64 (1.0.8-2ubuntu3.1) ...\r\nSetting up libopus0:amd64 (1.3.1-0.1build2) ...\r\nSetting up libxinerama1:amd64 (2:1.1.4-3) ...\r\nSetting up intel-media-va-driver:amd64 (22.3.1+dfsg1-1ubuntu1) ...\r\nSetting up libxv1:amd64 (2:1.0.11-1build2) ...\r\nSetting up libvorbis0a:amd64 (1.3.7-1build2) ...\r\nSetting up libxrandr2:amd64 (2:1.5.2-1build1) ...\r\nSetting up libllvm13:amd64 (1:13.0.1-2ubuntu2.1) ...\r\nSetting up libsensors5:amd64 (1:3.6.0-7ubuntu1) ...\r\nSetting up libaacs0:amd64 (0.11.1-1) ...\r\nSetting up pocketsphinx-en-us (0.8.0+real5prealpha+1-14ubuntu1) ...\r\nSetting up libglapi-mesa:amd64 (22.0.5-0ubuntu0.1) ...\r\nSetting up libgfortran5:amd64 (12.1.0-2ubuntu1~22.04) ...\r\nSetting up libvulkan1:amd64 (1.3.204.1-2) ...\r\nSetting up libxcb-dri2-0:amd64 (1.14-3ubuntu3) ...\r\nSetting up libbdplus0:amd64 (0.2.0-1) ...\r\nSetting up libnuma1:amd64 (2.0.14-3ubuntu2) ...\r\nSetting up libvidstab1.1:amd64 (1.1.0-2) ...\r\nSetting up alsa-topology-conf (1.2.5.1-2) ...\r\nSetting up ocl-icd-libopencl1:amd64 (2.2.14-3) ...\r\nSetting up libasyncns0:amd64 (0.8-6build2) ...\r\nSetting up libxshmfence1:amd64 (1.3-1build4) ...\r\nSetting up libvdpau1:amd64 (1.4-3build2) ...\r\nSetting up libbs2b0:amd64 (3.1.0+dfsg-2.2build1) ...\r\nSetting up libxcb-randr0:amd64 (1.14-3ubuntu3) ...\r\nSetting up libtheora0:amd64 (1.1.1+dfsg.1-15ubuntu4) ...\r\nSetting up libasound2:amd64 (1.2.6.1-1ubuntu1) ...\r\nSetting up libzimg2:amd64 (3.0.3+ds1-1) ...\r\nSetting up libopenjp2-7:amd64 (2.4.0-6) ...\r\nSetting up libharfbuzz0b:amd64 (2.7.4-1ubuntu3.1) ...\r\nSetting up libopenal-data (1:1.19.1-2build3) ...\r\nSetting up libthai-data (0.1.29-1build1) ...\r\nSetting up libgdk-pixbuf-2.0-0:amd64 (2.42.8+dfsg-1ubuntu0.2) ...\r\nSetting up libvpx7:amd64 (1.11.0-2ubuntu2) ...\r\nSetting up libcairo-gobject2:amd64 (1.16.0-5ubuntu2) ...\r\nSetting up libwayland-egl1:amd64 (1.20.0-1ubuntu0.1) ...\r\nSetting up libxss1:amd64 (1:1.2.3-1build2) ...\r\nSetting up libusb-1.0-0:amd64 (2:1.0.25-1ubuntu2) ...\r\nSetting up libdav1d5:amd64 (0.9.2-1) ...\r\nSetting up libmfx1:amd64 (22.3.0-1) ...\r\nSetting up libbluray2:amd64 (1:1.3.1-1) ...\r\nSetting up libsamplerate0:amd64 (0.2.2-1build1) ...\r\nSetting up libwebpmux3:amd64 (1.2.2-2) ...\r\nSetting up libdrm-common (2.4.110-1ubuntu1) ...\r\nSetting up libelf1:amd64 (0.186-1build1) ...\r\nSetting up libzvbi-common (0.2.35-19) ...\r\nSetting up libmp3lame0:amd64 (3.100-3build2) ...\r\nSetting up libvorbisenc2:amd64 (1.3.7-1build2) ...\r\nSetting up libiec61883-0:amd64 (1.2.0-4build3) ...\r\nSetting up libserd-0-0:amd64 (0.30.10-2) ...\r\nSetting up libxkbcommon0:amd64 (1.4.0-1) ...\r\nSetting up libwayland-client0:amd64 (1.20.0-1ubuntu0.1) ...\r\nSetting up libavc1394-0:amd64 (0.5.4-5build2) ...\r\nSetting up libzvbi0:amd64 (0.2.35-19) ...\r\nSetting up liblapack3:amd64 (3.10.0-2ubuntu1) ...\r\nupdate-alternatives: using /usr/lib/x86_64-linux-gnu/lapack/liblapack.so.3 to provide /usr/lib/x86_64-linux-gnu/liblapack.so.3 (liblapack.so.3-x86_64-linux-gnu) in auto mode\r\nSetting up libzmq5:amd64 (4.3.4-2) ...\r\nSetting up libcaca0:amd64 (0.99.beta19-2.2ubuntu4) ...\r\nSetting up libxi6:amd64 (2:1.8-1build1) ...\r\nSetting up alsa-ucm-conf (1.2.6.3-1ubuntu1.1) ...\r\nSetting up libcdio-cdda2:amd64 (10.2+2.0.0-1build3) ...\r\nSetting up libcdio-paranoia2:amd64 (10.2+2.0.0-1build3) ...\r\nSetting up libxcursor1:amd64 (1:1.2.0-2build4) ...\r\nSetting up libthai0:amd64 (0.1.29-1build1) ...\r\nSetting up libvorbisfile3:amd64 (1.3.7-1build2) ...\r\nSetting up libass9:amd64 (1:0.15.2-1) ...\r\nSetting up libdc1394-25:amd64 (2.2.6-4) ...\r\nSetting up libx265-199:amd64 (3.5-2) ...\r\nSetting up librubberband2:amd64 (2.0.0-2) ...\r\nSetting up libsndio7.0:amd64 (1.8.1-1.1) ...\r\nSetting up libjack-jackd2-0:amd64 (1.9.20~dfsg-1) ...\r\nSetting up libdrm2:amd64 (2.4.110-1ubuntu1) ...\r\nSetting up libflite1:amd64 (2.2-3) ...\r\nSetting up libva-drm2:amd64 (2.14.0-1) ...\r\nSetting up libgdk-pixbuf2.0-bin (2.42.8+dfsg-1ubuntu0.2) ...\r\nSetting up libsord-0-0:amd64 (0.16.8-2) ...\r\nSetting up libwayland-cursor0:amd64 (1.20.0-1ubuntu0.1) ...\r\nSetting up libsratom-0-0:amd64 (0.6.8-1) ...\r\nSetting up libdecor-0-0:amd64 (0.1.0-3build1) ...\r\nSetting up libsndfile1:amd64 (1.0.31-2build1) ...\r\nSetting up libva-x11-2:amd64 (2.14.0-1) ...\r\nSetting up liblilv-0-0:amd64 (0.24.12-2) ...\r\nSetting up libopenmpt0:amd64 (0.6.1-1) ...\r\nSetting up libdrm-amdgpu1:amd64 (2.4.110-1ubuntu1) ...\r\nSetting up mesa-vulkan-drivers:amd64 (22.0.5-0ubuntu0.1) ...\r\nSetting up libdrm-nouveau2:amd64 (2.4.110-1ubuntu1) ...\r\nSetting up libgbm1:amd64 (22.0.5-0ubuntu0.1) ...\r\nSetting up libpulse0:amd64 (1:15.99.1+dfsg1-1ubuntu2) ...\r\nSetting up libdrm-radeon1:amd64 (2.4.110-1ubuntu1) ...\r\nSetting up libpango-1.0-0:amd64 (1.50.6+ds-2) ...\r\nSetting up libdrm-intel1:amd64 (2.4.110-1ubuntu1) ...\r\nSetting up libgl1-mesa-dri:amd64 (22.0.5-0ubuntu0.1) ...\r\nSetting up libopenal1:amd64 (1:1.19.1-2build3) ...\r\nSetting up libavutil56:amd64 (7:4.4.2-0ubuntu0.22.04.1) ...\r\nSetting up libpostproc55:amd64 (7:4.4.2-0ubuntu0.22.04.1) ...\r\nSetting up libswscale5:amd64 (7:4.4.2-0ubuntu0.22.04.1) ...\r\nSetting up mesa-va-drivers:amd64 (22.0.5-0ubuntu0.1) ...\r\nSetting up libpangoft2-1.0-0:amd64 (1.50.6+ds-2) ...\r\nSetting up libsdl2-2.0-0:amd64 (2.0.20+dfsg-2ubuntu1.22.04.1) ...\r\nSetting up i965-va-driver:amd64 (2.4.1+dfsg1-1) ...\r\nSetting up libpangocairo-1.0-0:amd64 (1.50.6+ds-2) ...\r\nSetting up libavutil-dev:amd64 (7:4.4.2-0ubuntu0.22.04.1) ...\r\nSetting up libgl1-amber-dri:amd64 (21.3.7-0ubuntu1) ...\r\nSetting up mesa-vdpau-drivers:amd64 (22.0.5-0ubuntu0.1) ...\r\nSetting up libglx-mesa0:amd64 (22.0.5-0ubuntu0.1) ...\r\nSetting up libglx0:amd64 (1.4.0-1) ...\r\nSetting up libsphinxbase3:amd64 (0.8+5prealpha+1-13build1) ...\r\nSetting up libpostproc-dev:amd64 (7:4.4.2-0ubuntu0.22.04.1) ...\r\nSetting up libswresample3:amd64 (7:4.4.2-0ubuntu0.22.04.1) ...\r\nSetting up librsvg2-2:amd64 (2.52.5+dfsg-3) ...\r\nSetting up libpocketsphinx3:amd64 (0.8.0+real5prealpha+1-14ubuntu1) ...\r\nSetting up libgl1:amd64 (1.4.0-1) ...\r\nSetting up va-driver-all:amd64 (2.14.0-1) ...\r\nSetting up libswscale-dev:amd64 (7:4.4.2-0ubuntu0.22.04.1) ...\r\nSetting up libdecor-0-plugin-1-cairo:amd64 (0.1.0-3build1) ...\r\nSetting up librsvg2-common:amd64 (2.52.5+dfsg-3) ...\r\nSetting up vdpau-driver-all:amd64 (1.4-3build2) ...\r\nSetting up libavcodec58:amd64 (7:4.4.2-0ubuntu0.22.04.1) ...\r\nSetting up libchromaprint1:amd64 (1.5.1-2) ...\r\nSetting up libswresample-dev:amd64 (7:4.4.2-0ubuntu0.22.04.1) ...\r\nSetting up libavformat58:amd64 (7:4.4.2-0ubuntu0.22.04.1) ...\r\nSetting up libavcodec-dev:amd64 (7:4.4.2-0ubuntu0.22.04.1) ...\r\nSetting up libavformat-dev:amd64 (7:4.4.2-0ubuntu0.22.04.1) ...\r\nSetting up libavfilter7:amd64 (7:4.4.2-0ubuntu0.22.04.1) ...\r\nSetting up libavfilter-dev:amd64 (7:4.4.2-0ubuntu0.22.04.1) ...\r\nSetting up libavdevice58:amd64 (7:4.4.2-0ubuntu0.22.04.1) ...\r\nSetting up libavdevice-dev:amd64 (7:4.4.2-0ubuntu0.22.04.1) ...\r\nProcessing triggers for libc-bin (2.35-0ubuntu3.1) ...\r\nProcessing triggers for libgdk-pixbuf-2.0-0:amd64 (2.42.8+dfsg-1ubuntu0.2) ...\r\nRemoving intermediate container cc8cbd105335\n ---> 76b76f28078a\nStep 10/15 : RUN apt-get install -y libsm6 libxext6 libxrender-dev\n ---> Running in 7e4facc39dc2\nReading package lists...\nBuilding dependency tree...\nReading state information...\nlibxext6 is already the newest version (2:1.3.4-1build1).\nlibxext6 set to manually installed.\nThe following additional packages will be installed:\n  libice6 libpthread-stubs0-dev libx11-dev libxau-dev libxcb1-dev libxdmcp-dev\n  x11proto-dev xorg-sgml-doctools xtrans-dev\nSuggested packages:\n  libx11-doc libxcb-doc\nThe following NEW packages will be installed:\n  libice6 libpthread-stubs0-dev libsm6 libx11-dev libxau-dev libxcb1-dev\n  libxdmcp-dev libxrender-dev x11proto-dev xorg-sgml-doctools xtrans-dev\n0 upgraded, 11 newly installed, 0 to remove and 0 not upgraded.\nNeed to get 1642 kB of archives.\nAfter this operation, 5775 kB of additional disk space will be used.\nGet:1 http://archive.ubuntu.com/ubuntu jammy/main amd64 libice6 amd64 2:1.0.10-1build2 [42.6 kB]\nGet:2 http://archive.ubuntu.com/ubuntu jammy/main amd64 libpthread-stubs0-dev amd64 0.4-1build2 [5516 B]\nGet:3 http://archive.ubuntu.com/ubuntu jammy/main amd64 libsm6 amd64 2:1.2.3-1build2 [16.7 kB]\nGet:4 http://archive.ubuntu.com/ubuntu jammy/main amd64 xorg-sgml-doctools all 1:1.11-1.1 [10.9 kB]\nGet:5 http://archive.ubuntu.com/ubuntu jammy/main amd64 x11proto-dev all 2021.5-1 [604 kB]\nGet:6 http://archive.ubuntu.com/ubuntu jammy/main amd64 libxau-dev amd64 1:1.0.9-1build5 [9724 B]\nGet:7 http://archive.ubuntu.com/ubuntu jammy/main amd64 libxdmcp-dev amd64 1:1.1.3-0ubuntu5 [26.5 kB]\nGet:8 http://archive.ubuntu.com/ubuntu jammy/main amd64 xtrans-dev all 1.4.0-1 [68.9 kB]\nGet:9 http://archive.ubuntu.com/ubuntu jammy/main amd64 libxcb1-dev amd64 1.14-3ubuntu3 [86.5 kB]\nGet:10 http://archive.ubuntu.com/ubuntu jammy/main amd64 libx11-dev amd64 2:1.7.5-1 [744 kB]\nGet:11 http://archive.ubuntu.com/ubuntu jammy/main amd64 libxrender-dev amd64 1:0.9.10-1build4 [26.7 kB]\n\u001b[91mdebconf: delaying package configuration, since apt-utils is not installed\n\u001b[0mFetched 1642 kB in 0s (4566 kB/s)\nSelecting previously unselected package libice6:amd64.\r\n(Reading database ... \r(Reading database ... 5%\r(Reading database ... 10%\r(Reading database ... 15%\r(Reading database ... 20%\r(Reading database ... 25%\r(Reading database ... 30%\r(Reading database ... 35%\r(Reading database ... 40%\r(Reading database ... 45%\r(Reading database ... 50%\r(Reading database ... 55%\r(Reading database ... 60%\r(Reading database ... 65%\r(Reading database ... 70%\r(Reading database ... 75%\r(Reading database ... 80%\r(Reading database ... 85%\r(Reading database ... 90%\r(Reading database ... 95%\r(Reading database ... 100%\r(Reading database ... 18805 files and directories currently installed.)\r\nPreparing to unpack .../00-libice6_2%3a1.0.10-1build2_amd64.deb ...\r\nUnpacking libice6:amd64 (2:1.0.10-1build2) ...\r\nSelecting previously unselected package libpthread-stubs0-dev:amd64.\r\nPreparing to unpack .../01-libpthread-stubs0-dev_0.4-1build2_amd64.deb ...\r\nUnpacking libpthread-stubs0-dev:amd64 (0.4-1build2) ...\r\nSelecting previously unselected package libsm6:amd64.\r\nPreparing to unpack .../02-libsm6_2%3a1.2.3-1build2_amd64.deb ...\r\nUnpacking libsm6:amd64 (2:1.2.3-1build2) ...\r\nSelecting previously unselected package xorg-sgml-doctools.\r\nPreparing to unpack .../03-xorg-sgml-doctools_1%3a1.11-1.1_all.deb ...\r\nUnpacking xorg-sgml-doctools (1:1.11-1.1) ...\r\nSelecting previously unselected package x11proto-dev.\r\nPreparing to unpack .../04-x11proto-dev_2021.5-1_all.deb ...\r\nUnpacking x11proto-dev (2021.5-1) ...\r\nSelecting previously unselected package libxau-dev:amd64.\r\nPreparing to unpack .../05-libxau-dev_1%3a1.0.9-1build5_amd64.deb ...\r\nUnpacking libxau-dev:amd64 (1:1.0.9-1build5) ...\r\nSelecting previously unselected package libxdmcp-dev:amd64.\r\nPreparing to unpack .../06-libxdmcp-dev_1%3a1.1.3-0ubuntu5_amd64.deb ...\r\nUnpacking libxdmcp-dev:amd64 (1:1.1.3-0ubuntu5) ...\r\nSelecting previously unselected package xtrans-dev.\r\nPreparing to unpack .../07-xtrans-dev_1.4.0-1_all.deb ...\r\nUnpacking xtrans-dev (1.4.0-1) ...\r\nSelecting previously unselected package libxcb1-dev:amd64.\r\nPreparing to unpack .../08-libxcb1-dev_1.14-3ubuntu3_amd64.deb ...\r\nUnpacking libxcb1-dev:amd64 (1.14-3ubuntu3) ...\r\nSelecting previously unselected package libx11-dev:amd64.\r\nPreparing to unpack .../09-libx11-dev_2%3a1.7.5-1_amd64.deb ...\r\nUnpacking libx11-dev:amd64 (2:1.7.5-1) ...\r\nSelecting previously unselected package libxrender-dev:amd64.\r\nPreparing to unpack .../10-libxrender-dev_1%3a0.9.10-1build4_amd64.deb ...\r\nUnpacking libxrender-dev:amd64 (1:0.9.10-1build4) ...\r\nSetting up libice6:amd64 (2:1.0.10-1build2) ...\r\nSetting up libpthread-stubs0-dev:amd64 (0.4-1build2) ...\r\nSetting up xtrans-dev (1.4.0-1) ...\r\nSetting up xorg-sgml-doctools (1:1.11-1.1) ...\r\nSetting up libsm6:amd64 (2:1.2.3-1build2) ...\r\nSetting up x11proto-dev (2021.5-1) ...\r\nSetting up libxau-dev:amd64 (1:1.0.9-1build5) ...\r\nSetting up libxdmcp-dev:amd64 (1:1.1.3-0ubuntu5) ...\r\nSetting up libxcb1-dev:amd64 (1.14-3ubuntu3) ...\r\nSetting up libx11-dev:amd64 (2:1.7.5-1) ...\r\nSetting up libxrender-dev:amd64 (1:0.9.10-1build4) ...\r\nProcessing triggers for libc-bin (2.35-0ubuntu3.1) ...\r\nRemoving intermediate container 7e4facc39dc2\n ---> c7612b6e1ca6\nStep 11/15 : RUN pip3 install av==6.1.2\n ---> Running in e6767a3400ce\nCollecting av==6.1.2\n  Downloading av-6.1.2.tar.gz (2.1 MB)\n      2.1/2.1 MB 7.5 MB/s eta 0:00:00\n  Preparing metadata (setup.py): started\n  Preparing metadata (setup.py): finished with status 'done'\nBuilding wheels for collected packages: av\n  Building wheel for av (setup.py): started\n  Building wheel for av (setup.py): finished with status 'error'\n\u001b[91m  error: subprocess-exited-with-error\n  \n   python setup.py bdist_wheel did not run successfully.\n   exit code: 1\n  > [199 lines of output]\n      running bdist_wheel\n      running build\n      running build_py\n      creating build\n      creating build/lib.linux-x86_64-3.10\n      creating build/lib.linux-x86_64-3.10/av\n      copying av/__init__.py -> build/lib.linux-x86_64-3.10/av\n      copying av/datasets.py -> build/lib.linux-x86_64-3.10/av\n      copying av/deprecation.py -> build/lib.linux-x86_64-3.10/av\n      copying av/__main__.py -> build/lib.linux-x86_64-3.10/av\n      creating build/lib.linux-x86_64-3.10/scratchpad\n      copying scratchpad/average.py -> build/lib.linux-x86_64-3.10/scratchpad\n      copying scratchpad/__init__.py -> build/lib.linux-x86_64-3.10/scratchpad\n      copying scratchpad/show_frames_opencv.py -> build/lib.linux-x86_64-3.10/scratchpad\n      copying scratchpad/graph.py -> build/lib.linux-x86_64-3.10/scratchpad\n      copying scratchpad/decode_threads.py -> build/lib.linux-x86_64-3.10/scratchpad\n      copying scratchpad/second_seek_example.py -> build/lib.linux-x86_64-3.10/scratchpad\n      copying scratchpad/audio.py -> build/lib.linux-x86_64-3.10/scratchpad\n      copying scratchpad/audio_player.py -> build/lib.linux-x86_64-3.10/scratchpad\n      copying scratchpad/frame_seek_example.py -> build/lib.linux-x86_64-3.10/scratchpad\n      copying scratchpad/experimental.py -> build/lib.linux-x86_64-3.10/scratchpad\n      copying scratchpad/cctx_encode.py -> build/lib.linux-x86_64-3.10/scratchpad\n      copying scratchpad/decode.py -> build/lib.linux-x86_64-3.10/scratchpad\n      copying scratchpad/encode_frames.py -> build/lib.linux-x86_64-3.10/scratchpad\n      copying scratchpad/cctx_decode.py -> build/lib.linux-x86_64-3.10/scratchpad\n      copying scratchpad/player.py -> build/lib.linux-x86_64-3.10/scratchpad\n      copying scratchpad/qtproxy.py -> build/lib.linux-x86_64-3.10/scratchpad\n      copying scratchpad/encode.py -> build/lib.linux-x86_64-3.10/scratchpad\n      copying scratchpad/seekmany.py -> build/lib.linux-x86_64-3.10/scratchpad\n      copying scratchpad/remux.py -> build/lib.linux-x86_64-3.10/scratchpad\n      copying scratchpad/glproxy.py -> build/lib.linux-x86_64-3.10/scratchpad\n      copying scratchpad/merge-filmstrip.py -> build/lib.linux-x86_64-3.10/scratchpad\n      copying scratchpad/filmstrip.py -> build/lib.linux-x86_64-3.10/scratchpad\n      copying scratchpad/save_subtitles.py -> build/lib.linux-x86_64-3.10/scratchpad\n      copying scratchpad/resource_use.py -> build/lib.linux-x86_64-3.10/scratchpad\n      copying scratchpad/dump_format.py -> build/lib.linux-x86_64-3.10/scratchpad\n      creating build/lib.linux-x86_64-3.10/av/audio\n      copying av/audio/__init__.py -> build/lib.linux-x86_64-3.10/av/audio\n      creating build/lib.linux-x86_64-3.10/av/data\n      copying av/data/__init__.py -> build/lib.linux-x86_64-3.10/av/data\n      creating build/lib.linux-x86_64-3.10/av/subtitles\n      copying av/subtitles/__init__.py -> build/lib.linux-x86_64-3.10/av/subtitles\n      creating build/lib.linux-x86_64-3.10/av/video\n      copying av/video/__init__.py -> build/lib.linux-x86_64-3.10/av/video\n      creating build/lib.linux-x86_64-3.10/av/container\n      copying av/container/__init__.py -> build/lib.linux-x86_64-3.10/av/container\n      creating build/lib.linux-x86_64-3.10/av/filter\n      copying av/filter/__init__.py -> build/lib.linux-x86_64-3.10/av/filter\n      creating build/lib.linux-x86_64-3.10/av/codec\n      copying av/codec/__init__.py -> build/lib.linux-x86_64-3.10/av/codec\n      running build_ext\n      running config\n      writing build/temp.linux-x86_64-3.10/include/pyav/config.h\n      running cythonize\n      building 'av.enums' extension\n      creating build/temp.linux-x86_64-3.10/src\n      creating build/temp.linux-x86_64-3.10/src/av\n      x86_64-linux-gnu-gcc -Wno-unused-result -Wsign-compare -DNDEBUG -g -fwrapv -O2 -Wall -g -fstack-protector-strong -Wformat -Werror=format-security -g -fwrapv -O2 -g -fstack-protector-strong -Wformat -Werror=format-security -Wdate-time -D_FORTIFY_SOURCE=2 -fPIC -Ibuild/temp.linux-x86_64-3.10/include -Iinclude -I/usr/include/python3.10 -I/usr/include/x86_64-linux-gnu -I/usr/include/python3.10 -Ibuild/temp.linux-x86_64-3.10/include -c src/av/enums.c -o build/temp.linux-x86_64-3.10/src/av/enums.o\n      src/av/enums.c: In function __Pyx_modinit_type_init_code:\n      src/av/enums.c:8716:33: error: PyTypeObject {aka struct _typeobject} has no member named tp_print\n       8716 |   __pyx_type_2av_5enums_EnumType.tp_print = 0;\n            |                                 ^\n      src/av/enums.c:8725:33: error: PyTypeObject {aka struct _typeobject} has no member named tp_print\n       8725 |   __pyx_type_2av_5enums_EnumItem.tp_print = 0;\n            |                                 ^\n      src/av/enums.c:8733:33: error: PyTypeObject {aka struct _typeobject} has no member named tp_print\n       8733 |   __pyx_type_2av_5enums_EnumFlag.tp_print = 0;\n            |                                 ^\n      src/av/enums.c:8740:61: error: PyTypeObject {aka struct _typeobject} has no member named tp_print\n       8740 |   __pyx_type_2av_5enums___pyx_scope_struct___get_multi_flags.tp_print = 0;\n            |                                                             ^\n      src/av/enums.c:8746:53: error: PyTypeObject {aka struct _typeobject} has no member named tp_print\n       8746 |   __pyx_type_2av_5enums___pyx_scope_struct_1_genexpr.tp_print = 0;\n            |                                                     ^\n      src/av/enums.c: In function __Pyx_ParseOptionalKeywords:\n      src/av/enums.c:10085:21: warning: _PyUnicode_get_wstr_length is deprecated [-Wdeprecated-declarations]\n      10085 |                     (PyUnicode_GET_SIZE(**name) != PyUnicode_GET_SIZE(key)) ? 1 :\n            |                     ^\n      In file included from /usr/include/python3.10/unicodeobject.h:1046,\n                       from /usr/include/python3.10/Python.h:83,\n                       from src/av/enums.c:34:\n      /usr/include/python3.10/cpython/unicodeobject.h:446:26: note: declared here\n        446 | static inline Py_ssize_t _PyUnicode_get_wstr_length(PyObject *op) {\n            |                          ^~~~~~~~~~~~~~~~~~~~~~~~~~\n      src/av/enums.c:10085:21: warning: PyUnicode_AsUnicode is deprecated [-Wdeprecated-declarations]\n      10085 |                     (PyUnicode_GET_SIZE(**name) != PyUnicode_GET_SIZE(key)) ? 1 :\n            |                     ^\n      In file included from /usr/include/python3.10/unicodeobject.h:1046,\n                       from /usr/include/python3.10/Python.h:83,\n                       from src/av/enums.c:34:\n      /usr/include/python3.10/cpython/unicodeobject.h:580:45: note: declared here\n        580 | Py_DEPRECATED(3.3) PyAPI_FUNC(Py_UNICODE *) PyUnicode_AsUnicode(\n            |                                             ^~~~~~~~~~~~~~~~~~~\n      src/av/enums.c:10085:21: warning: _PyUnicode_get_wstr_length is deprecated [-Wdeprecated-declarations]\n      10085 |                     (PyUnicode_GET_SIZE(**name) != PyUnicode_GET_SIZE(key)) ? 1 :\n            |                     ^\n      In file included from /usr/include/python3.10/unicodeobject.h:1046,\n                       from /usr/include/python3.10/Python.h:83,\n                       from src/av/enums.c:34:\n      /usr/include/python3.10/cpython/unicodeobject.h:446:26: note: declared here\n        446 | static inline Py_ssize_t _PyUnicode_get_wstr_length(PyObject *op) {\n            |                          ^~~~~~~~~~~~~~~~~~~~~~~~~~\n      src/av/enums.c:10085:21: warning: _PyUnicode_get_wstr_length is deprecated [-Wdeprecated-declarations]\n      10085 |                     (PyUnicode_GET_SIZE(**name) != PyUnicode_GET_SIZE(key)) ? 1 :\n            |                     ^\n      In file included from /usr/include/python3.10/unicodeobject.h:1046,\n                       from /usr/include/python3.10/Python.h:83,\n                       from src/av/enums.c:34:\n      /usr/include/python3.10/cpython/unicodeobject.h:446:26: note: declared here\n        446 | static inline Py_ssize_t _PyUnicode_get_wstr_length(PyObject *op) {\n            |                          ^~~~~~~~~~~~~~~~~~~~~~~~~~\n      src/av/enums.c:10085:21: warning: PyUnicode_AsUnicode is deprecated [-Wdeprecated-declarations]\n      10085 |                     (PyUnicode_GET_SIZE(**name) != PyUnicode_GET_SIZE(key)) ? 1 :\n            |                     ^\n      In file included from /usr/include/python3.10/unicodeobject.h:1046,\n                       from /usr/include/python3.10/Python.h:83,\n                       from src/av/enums.c:34:\n      /usr/include/python3.10/cpython/unicodeobject.h:580:45: note: declared here\n        580 | Py_DEPRECATED(3.3) PyAPI_FUNC(Py_UNICODE *) PyUnicode_AsUnicode(\n            |                                             ^~~~~~~~~~~~~~~~~~~\n      src/av/enums.c:10085:21: warning: _PyUnicode_get_wstr_length is deprecated [-Wdeprecated-declarations]\n      10085 |                     (PyUnicode_GET_SIZE(**name) != PyUnicode_GET_SIZE(key)) ? 1 :\n            |                     ^\n      In file included from /usr/include/python3.10/unicodeobject.h:1046,\n                       from /usr/include/python3.10/Python.h:83,\n                       from src/av/enums.c:34:\n      /usr/include/python3.10/cpython/unicodeobject.h:446:26: note: declared here\n        446 | static inline Py_ssize_t _PyUnicode_get_wstr_length(PyObject *op) {\n            |                          ^~~~~~~~~~~~~~~~~~~~~~~~~~\n      src/av/enums.c:10101:25: warning: _PyUnicode_get_wstr_length is deprecated [-Wdeprecated-declarations]\n      10101 |                         (PyUnicode_GET_SIZE(**argname) != PyUnicode_GET_SIZE(key)) ? 1 :\n            |                         ^\n      In file included from /usr/include/python3.10/unicodeobject.h:1046,\n                       from /usr/include/python3.10/Python.h:83,\n                       from src/av/enums.c:34:\n      /usr/include/python3.10/cpython/unicodeobject.h:446:26: note: declared here\n        446 | static inline Py_ssize_t _PyUnicode_get_wstr_length(PyObject *op) {\n            |                          ^~~~~~~~~~~~~~~~~~~~~~~~~~\n      src/av/enums.c:10101:25: warning: PyUnicode_AsUnicode is deprecated [-Wdeprecated-declarations]\n      10101 |                         (PyUnicode_GET_SIZE(**argname) != PyUnicode_GET_SIZE(key)) ? 1 :\n            |                         ^\n      In file included from /usr/include/python3.10/unicodeobject.h:1046,\n                       from /usr/include/python3.10/Python.h:83,\n                       from src/av/enums.c:34:\n      /usr/include/python3.10/cpython/unicodeobject.h:580:45: note: declared here\n        580 | Py_DEPRECATED(3.3) PyAPI_FUNC(Py_UNICODE *) PyUnicode_AsUnicode(\n            |                                             ^~~~~~~~~~~~~~~~~~~\n      src/av/enums.c:10101:25: warning: _PyUnicode_get_wstr_length is deprecated [-Wdeprecated-declarations]\n      10101 |                         (PyUnicode_GET_SIZE(**argname) != PyUnicode_GET_SIZE(key)) ? 1 :\n            |                         ^\n      In file included from /usr/include/python3.10/unicodeobject.h:1046,\n                       from /usr/include/python3.10/Python.h:83,\n                       from src/av/enums.c:34:\n      /usr/include/python3.10/cpython/unicodeobject.h:446:26: note: declared here\n        446 | static inline Py_ssize_t _PyUnicode_get_wstr_length(PyObject *op) {\n            |                          ^~~~~~~~~~~~~~~~~~~~~~~~~~\n      src/av/enums.c:10101:25: warning: _PyUnicode_get_wstr_length is deprecated [-Wdeprecated-declarations]\n      10101 |                         (PyUnicode_GET_SIZE(**argname) != PyUnicode_GET_SIZE(key)) ? 1 :\n            |                         ^\n      In file included from /usr/include/python3.10/unicodeobject.h:1046,\n                       from /usr/include/python3.10/Python.h:83,\n                       from src/av/enums.c:34:\n      /usr/include/python3.10/cpython/unicodeobject.h:446:26: note: declared here\n        446 | static inline Py_ssize_t _PyUnicode_get_wstr_length(PyObject *op) {\n            |                          ^~~~~~~~~~~~~~~~~~~~~~~~~~\n      src/av/enums.c:10101:25: warning: PyUnicode_AsUnicode is deprecated [-Wdeprecated-declarations]\n      10101 |                         (PyUnicode_GET_SIZE(**argname) != PyUnicode_GET_SIZE(key)) ? 1 :\n            |                         ^\n      In file included from /usr/include/python3.10/unicodeobject.h:1046,\n                       from /usr/include/python3.10/Python.h:83,\n                       from src/av/enums.c:34:\n      /usr/include/python3.10/cpython/unicodeobject.h:580:45: note: declared here\n        580 | Py_DEPRECATED(3.3) PyAPI_FUNC(Py_UNICODE *) PyUnicode_AsUnicode(\n            |                                             ^~~~~~~~~~~~~~~~~~~\n      src/av/enums.c:10101:25: warning: _PyUnicode_get_wstr_length is deprecated [-Wdeprecated-declarations]\n      10101 |                         (PyUnicode_GET_SIZE(**argname) != PyUnicode_GET_SIZE(key)) ? 1 :\n            |                         ^\n      In file included from /usr/include/python3.10/unicodeobject.h:1046,\n                       from /usr/include/python3.10/Python.h:83,\n                       from src/av/enums.c:34:\n      /usr/include/python3.10/cpython/unicodeobject.h:446:26: note: declared here\n        446 | static inline Py_ssize_t _PyUnicode_get_wstr_length(PyObject *op) {\n            |                          ^~~~~~~~~~~~~~~~~~~~~~~~~~\n      src/av/enums.c: In function __Pyx_Coroutine_Send:\n      src/av/enums.c:11742:19: warning: implicit declaration of function _PyGen_Send; did you mean _PyGen_yf? [-Wimplicit-function-declaration]\n      11742 |             ret = _PyGen_Send((PyGenObject*)yf, value == Py_None ? NULL : value);\n            |                   ^~~~~~~~~~~\n            |                   _PyGen_yf\n      src/av/enums.c:11742:17: warning: assignment to PyObject * {aka struct _object *} from int makes pointer from integer without a cast [-Wint-conversion]\n      11742 |             ret = _PyGen_Send((PyGenObject*)yf, value == Py_None ? NULL : value);\n            |                 ^\n      src/av/enums.c:11747:17: warning: assignment to PyObject * {aka struct _object *} from int makes pointer from integer without a cast [-Wint-conversion]\n      11747 |             ret = _PyGen_Send((PyGenObject*)yf, value == Py_None ? NULL : value);\n            |                 ^\n      src/av/enums.c: In function __Pyx_Generator_Next:\n      src/av/enums.c:11831:17: warning: assignment to PyObject * {aka struct _object *} from int makes pointer from integer without a cast [-Wint-conversion]\n      11831 |             ret = _PyGen_Send((PyGenObject*)yf, NULL);\n            |                 ^\n      error: command '/usr/bin/x86_64-linux-gnu-gcc' failed with exit code 1\n      [end of output]\n  \n  note: This error originates from a subprocess, and is likely not a problem with pip.\n\u001b[0m\u001b[91m  ERROR: Failed building wheel for av\n\u001b[0m  Running setup.py clean for av\nFailed to build av\nInstalling collected packages: av\n  Running setup.py install for av: started\n  Running setup.py install for av: finished with status 'error'\n\u001b[91m  error: subprocess-exited-with-error\n  \n   Running setup.py install for av did not run successfully.\n   exit code: 1\n  > [201 lines of output]\n      running install\n      /usr/lib/python3/dist-packages/setuptools/command/install.py:34: SetuptoolsDeprecationWarning: setup.py install is deprecated. Use build and pip and other standards-based tools.\n        warnings.warn(\n      running build\n      running build_py\n      creating build\n      creating build/lib.linux-x86_64-3.10\n      creating build/lib.linux-x86_64-3.10/av\n      copying av/__init__.py -> build/lib.linux-x86_64-3.10/av\n      copying av/datasets.py -> build/lib.linux-x86_64-3.10/av\n      copying av/deprecation.py -> build/lib.linux-x86_64-3.10/av\n      copying av/__main__.py -> build/lib.linux-x86_64-3.10/av\n      creating build/lib.linux-x86_64-3.10/scratchpad\n      copying scratchpad/average.py -> build/lib.linux-x86_64-3.10/scratchpad\n      copying scratchpad/__init__.py -> build/lib.linux-x86_64-3.10/scratchpad\n      copying scratchpad/show_frames_opencv.py -> build/lib.linux-x86_64-3.10/scratchpad\n      copying scratchpad/graph.py -> build/lib.linux-x86_64-3.10/scratchpad\n      copying scratchpad/decode_threads.py -> build/lib.linux-x86_64-3.10/scratchpad\n      copying scratchpad/second_seek_example.py -> build/lib.linux-x86_64-3.10/scratchpad\n      copying scratchpad/audio.py -> build/lib.linux-x86_64-3.10/scratchpad\n      copying scratchpad/audio_player.py -> build/lib.linux-x86_64-3.10/scratchpad\n      copying scratchpad/frame_seek_example.py -> build/lib.linux-x86_64-3.10/scratchpad\n      copying scratchpad/experimental.py -> build/lib.linux-x86_64-3.10/scratchpad\n      copying scratchpad/cctx_encode.py -> build/lib.linux-x86_64-3.10/scratchpad\n      copying scratchpad/decode.py -> build/lib.linux-x86_64-3.10/scratchpad\n      copying scratchpad/encode_frames.py -> build/lib.linux-x86_64-3.10/scratchpad\n      copying scratchpad/cctx_decode.py -> build/lib.linux-x86_64-3.10/scratchpad\n      copying scratchpad/player.py -> build/lib.linux-x86_64-3.10/scratchpad\n      copying scratchpad/qtproxy.py -> build/lib.linux-x86_64-3.10/scratchpad\n      copying scratchpad/encode.py -> build/lib.linux-x86_64-3.10/scratchpad\n      copying scratchpad/seekmany.py -> build/lib.linux-x86_64-3.10/scratchpad\n      copying scratchpad/remux.py -> build/lib.linux-x86_64-3.10/scratchpad\n      copying scratchpad/glproxy.py -> build/lib.linux-x86_64-3.10/scratchpad\n      copying scratchpad/merge-filmstrip.py -> build/lib.linux-x86_64-3.10/scratchpad\n      copying scratchpad/filmstrip.py -> build/lib.linux-x86_64-3.10/scratchpad\n      copying scratchpad/save_subtitles.py -> build/lib.linux-x86_64-3.10/scratchpad\n      copying scratchpad/resource_use.py -> build/lib.linux-x86_64-3.10/scratchpad\n      copying scratchpad/dump_format.py -> build/lib.linux-x86_64-3.10/scratchpad\n      creating build/lib.linux-x86_64-3.10/av/audio\n      copying av/audio/__init__.py -> build/lib.linux-x86_64-3.10/av/audio\n      creating build/lib.linux-x86_64-3.10/av/data\n      copying av/data/__init__.py -> build/lib.linux-x86_64-3.10/av/data\n      creating build/lib.linux-x86_64-3.10/av/subtitles\n      copying av/subtitles/__init__.py -> build/lib.linux-x86_64-3.10/av/subtitles\n      creating build/lib.linux-x86_64-3.10/av/video\n      copying av/video/__init__.py -> build/lib.linux-x86_64-3.10/av/video\n      creating build/lib.linux-x86_64-3.10/av/container\n      copying av/container/__init__.py -> build/lib.linux-x86_64-3.10/av/container\n      creating build/lib.linux-x86_64-3.10/av/filter\n      copying av/filter/__init__.py -> build/lib.linux-x86_64-3.10/av/filter\n      creating build/lib.linux-x86_64-3.10/av/codec\n      copying av/codec/__init__.py -> build/lib.linux-x86_64-3.10/av/codec\n      running build_ext\n      running config\n      writing build/temp.linux-x86_64-3.10/include/pyav/config.h\n      running cythonize\n      building 'av.enums' extension\n      creating build/temp.linux-x86_64-3.10/src\n      creating build/temp.linux-x86_64-3.10/src/av\n      x86_64-linux-gnu-gcc -Wno-un\u001b[0m\u001b[91mused-result -Wsign-compare -DNDEBUG -g -fwrapv -O2 -Wall -g -fstack-protector-strong -Wformat -Werror=format-security -g -fwrapv -O2 -g -fstack-protector-strong -Wformat -Werror=format-security -Wdate-time -D_FORTIFY_SOURCE=2 -fPIC -I/usr/include/x86_64-linux-gnu -Ibuild/temp.linux-x86_64-3.10/include -Iinclude -I/usr/include/python3.10 -I/usr/include/python3.10 -Ibuild/temp.linux-x86_64-3.10/include -c src/av/enums.c -o build/temp.linux-x86_64-3.10/src/av/enums.o\n      src/av/enums.c: In function __Pyx_modinit_type_init_code:\n      src/av/enums.c:8716:33: error: PyTypeObject {aka struct _typeobject} has no member named tp_print\n       8716 |   __pyx_type_2av_5enums_EnumType.tp_print = 0;\n            |                                 ^\n      src/av/enums.c:8725:33: error: PyTypeObject {aka struct _typeobject} has no member named tp_print\n       8725 |   __pyx_type_2av_5enums_EnumItem.tp_print = 0;\n            |                                 ^\n      src/av/enums.c:8733:33: error: PyTypeObject {aka struct _typeobject} has no member named tp_print\n       8733 |   __pyx_type_2av_5enums_EnumFlag.tp_print = 0;\n            |                                 ^\n      src/av/enums.c:8740:61: error: PyTypeObject {aka struct _typeobject} has no member named tp_print\n       8740 |   __pyx_type_2av_5enums___pyx_scope_struct___get_multi_flags.tp_print = 0;\n            |                                                             ^\n      src/av/enums.c:8746:53: error: PyTypeObject {aka struct _typeobject} has no member named tp_print\n       8746 |   __pyx_type_2av_5enums___pyx_scope_struct_1_genexpr.tp_print = 0;\n            |                                                     ^\n      src/av/enums.c: In function __Pyx_ParseOptionalKeywords:\n      src/av/enums.c:10085:21: warning: _PyUnicode_get_wstr_length is deprecated [-Wdeprecated-declarations]\n      10085 |                     (PyUnicode_GET_SIZE(**name) != PyUnicode_GET_SIZE(key)) ? 1 :\n            |                     ^\n      In file included from /usr/include/python3.10/unicodeobject.h:1046,\n                       from /usr/include/python3.10/Python.h:83,\n                       from src/av/enums.c:34:\n      /usr/include/python3.10/cpython/unicodeobject.h:446:26: note: declared here\n        446 | static inline Py_ssize_t _PyUnicode_get_wstr_length(PyObject *op) {\n            |                          ^~~~~~~~~~~~~~~~~~~~~~~~~~\n      src/av/enums.c:10085:21: warning: PyUnicode_AsUnicode is deprecated [-Wdeprecated-declarations]\n      10085 |                     (PyUnicode_GET_SIZE(**name) != PyUnicode_GET_SIZE(key)) ? 1 :\n            |                     ^\n      In file included from /usr/include/python3.10/unicodeobject.h:1046,\n                       from /usr/include/python3.10/Python.h:83,\n                       from src/av/enums.c:34:\n      /usr/include/python3.10/cpython/unicodeobject.h:580:45: note: declared here\n        580 | Py_DEPRECATED(3.3) PyAPI_FUNC(Py_UNICODE *) PyUnicode_AsUnicode(\n            |                                             ^~~~~~~~~~~~~~~~~~~\n      src/av/enums.c:10085:21: warning: _PyUnicode_get_wstr_length is deprecated [-Wdeprecated-declarations]\n      10085 |                     (PyUnicode_GET_SIZE(**name) != PyUnicode_GET_SIZE(key)) ? 1 :\n            |                     ^\n      In file included from /usr/include/python3.10/unicodeobject.h:1046,\n                       from /usr/include/python3.10/Python.h:83,\n                       from src/av/enums.c:34:\n      /usr/include/python3.10/cpython/unicodeobject.h:446:26: note: declared here\n        446 | static inline Py_ssize_t _PyUnicode_get_wstr_length(PyObject *op) {\n            |                          ^~~~~~~~~~~~~~~~~~~~~~~~~~\n      src/av/enums.c:10085:21: warning: _PyUnicode_get_wstr_length is deprecated [-Wdeprecated-declarations]\n      10085 |                     (PyUnicode_GET_SIZE(**name) != PyUnicode_GET_SIZE(key)) ? 1 :\n            |                     ^\n      In file included from /usr/include/python3.10/unicodeobject.h:1046,\n                       from /usr/include/python3.10/Python.h:83,\n                       from src/av/enums.c:34:\n      /usr/include/python3.10/cpython/unicodeobject.h:446:26: note: declared here\n        446 | static inline Py_ssize_t _PyUnicode_get_wstr_length(PyObject *op) {\n            |                          ^~~~~~~~~~~~~~~~~~~~~~~~~~\n      src/av/enums.c:10085:21: warning: PyUnicode_AsUnicode is deprecated [-Wdeprecated-declarations]\n      10085 |                     (PyUnicode_GET_SIZE(**name) != PyUnicode_GET_SIZE(key)) ? 1 :\n            |                     ^\n      In file included from /usr/include/python3.10/unicodeobject.h:1046,\n                       from /usr/include/python3.10/Python.h:83,\n                       from src/av/enums.c:34:\n      /usr/include/python3.10/cpython/unicodeobject.h:580:45: note: declared here\n        580 | Py_DEPRECATED(3.3) PyAPI_FUNC(Py_UNICODE *) PyUnicode_AsUnicode(\n            |                                             ^~~~~~~~~~~~~~~~~~~\n      src/av/enums.c:10085:21: warning: _PyUnicode_get_wstr_length is deprecated [-Wdeprecated-declarations]\n      10085 |                     (PyUnicode_GET_SIZE(**name) != PyUnicode_GET_SIZE(key)) ? 1 :\n            |                     ^\n      In file included from /usr/include/python3.10/unicodeobject.h:1046,\n                       from /usr/include/python3.10/Python.h:83,\n                       from src/av/enums.c:34:\n      /usr/include/python3.10/cpython/unicodeobject.h:446:26: note: declared here\n        446 | static inline Py_ssize_t _PyUnicode_get_wstr_length(PyObject *op) {\n            |                          ^~~~~~~~~~~~~~~~~~~~~~~~~~\n      src/av/enums.c:10101:25: warning: _PyUnicode_get_wstr_length is deprecated [-Wdeprecated-declarations]\n      10101 |                         (PyUnicode_GET_SIZE(**argname) != PyUnicode_GET_SIZE(key)) ? 1 :\n            |                         ^\n      In file included from /usr/include/python3.10/unicodeobject.h:1046,\n                       from /usr/include/python3.10/Python.h:83,\n                       from src/av/enums.c:34:\n      /usr/include/python3.10/cpython/unicodeobject.h:446:26: note: declared here\n        446 | static inline Py_ssize_t _PyUnicode_get_wstr_length(PyObject *op) {\n            |                          ^~~~~~~~~~~~~~~~~~~~~~~~~~\n      src/av/enums.c:10101:25: warning: PyUnicode_AsUnicode is deprecated [-Wdeprecated-declarations]\n      10101 |                         (PyUnicode_GET_SIZE(**argname) != PyUnicode_GET_SIZE(key)) ? 1 :\n            |                         ^\n      In file included from /usr/include/python3.10/unicodeobject.h:1046,\n                       from /usr/include/python3.10/Python.h:83,\n                       from src/av/enums.c:34:\n      /usr/include/python3.10/cpython/unicodeobject.h:580:45: note: declared here\n        580 | Py_DEPRECATED(3.3) PyAPI_FUNC(Py_UNICODE *) PyUnicode_AsUnicode(\n            |                                             ^~~~~~~~~~~~~~~~~~~\n      src/av/enums.c:10101:25: warning: _PyUnicode_get_wstr_length is deprecated [-Wdeprecated-declarations]\n      10101 |                         (PyUnicode_GET_SIZE(**argname) != PyUnicode_GET_SIZE(key)) ? 1 :\n            |                         ^\n      In file included from /usr/include/python3.10/unicodeobject.h:1046,\n                       from /usr/include/python3.10/Python.h:83,\n                       from src/av/enums.c:34:\n      /usr/include/python3.10/cpython/unicodeobject.h:446:26: note: declared here\n        446 | static inline Py_ssize_t _PyUnicode_get_wstr_length(PyObject *op) {\n            |                          ^~~~~~~~~~~~~~~~~~~~~~~~~~\n      src/av/enums.c:10101:25: warning: _PyUnicode_get_wstr_length is deprecated [-Wdeprecated-declarations]\n      10101 |                         (PyUnicode_GET_SIZE(**argname) != PyUnicode_GET_SIZE(key)) ? 1 :\n            |                         ^\n      In file included from /usr/include/python3.10/unicodeobject.h:1046,\n                       from /usr/include/python3.10/Python.h:83,\n                       from src/av/enums.c:34:\n      /usr/include/python3.10/cpython/unicodeobject.h:446:26: note: declared here\n        446 | static inline Py_ssize_t _PyUnicode_get_wstr_length(PyObject *op) {\n            |                          ^~~~~~~~~~~~~~~~~~~~~~~~~~\n      src/av/enums.c:10101:25: warning: PyUnicode_AsUnicode is deprecated [-Wdeprecated-declarations]\n      10101 |                         (PyUnicode_GET_SIZE(**argname) != PyUnicode_GET_SIZE(key)) ? 1 :\n            |                         ^\n      In file included from /usr/include/python3.10/unicodeobject.h:1046,\n                       from /usr/include/python3.10/Python.h:83,\n                       from src/av/enums.c:34:\n      /usr/include/python3.10/cpython/unicodeobject.h:580:45: note: declared here\n        580 | Py_DEPRECATED(3.3) PyAPI_FUNC(Py_UNICODE *) PyUnicode_AsUnicode(\n            |                                             ^~~~~~~~~~~~~~~~~~~\n      src/av/enums.c:10101:25: warning: _PyUnicode_get_wstr_length is deprecated [-Wdeprecated-declarations]\n      10101 |                         (PyUnicode_GET_SIZE(**argname) != PyUnicode_GET_SIZE(key)) ? 1 :\n            |                         ^\n      In file included from /usr/include/python3.10/unicodeobject.h:1046,\n                       from /usr/include/python3.10/Python.h:83,\n                       from src/av/enums.c:34:\n      /usr/include/python3.10/cpython/unicodeobject.h:446:26: note: declared here\n        446 | static inline Py_ssize_t _PyUnicode_get_wstr_length(PyObject *op) {\n            |                          ^~~~~~~~~~~~~~~~~~~~~~~~~~\n      src/av/enums.c: In function __Pyx_Coroutine_Send:\n      src/av/enums.c:11742:19: warning: implicit declaration of function _PyGen_Send; did you mean _PyGen_yf? [-Wimplicit-function-declaration]\n      11742 |             ret = _PyGen_Send((PyGenObject*)yf, value == Py_None ? NULL : value);\n            |                   ^~~~~~~~~~~\n            |                   _PyGen_yf\n      src/av/enums.c:11742:17: warning: assignment to PyObject * {aka struct _object *} from int makes pointer from integer without a cast [-Wint-conversion]\n      11742 |             ret = _PyGen_Send((PyGenObject*)yf, value == Py_None ? NULL : value);\n            |                 ^\n      src/av/enums.c:11747:17: warning: assignment to PyObject * {aka struct _object *} from int makes pointer from integer without a cast [-Wint-conversion]\n      11747 |             ret = _PyGen_Send((PyGenObject*)yf, value == Py_None ? NULL : value);\n            |                 ^\n      src/av/enums.c: In function __Pyx_Generator_Next:\n      src/av/enums.c:11831:17: warning: assignment to PyObject * {aka struct _object *} from int makes pointer from integer without a cast [-Wint-conversion]\n      11831 |             ret = _PyGen_Send((PyGenObject*)yf, NULL);\n            |                 ^\n      error: command '/usr/bin/x86_64-linux-gnu-gcc' failed with exit code 1\n      [end of output]\n  \n  note: This error originates from a subprocess, and is likely not a problem with pip.\n\u001b[0m\u001b[91merror: legacy-install-failure\n\n Encountered error while trying to install package.\n> av\n\nnote: This is an issue with the package mentioned above, not pip.\nhint: See above for output from the failure.\n\u001b[0mRemoving intermediate container e6767a3400ce\n","stderr":"The command '/bin/sh -c pip3 install av==6.1.2' returned a non-zero code: 1\n"},"endTime":1672632702741}