{"repository":"https://github.com/scanlime/bandsocks","dockerfilePath":"Dockerfile","startTime":1672434232692,"clone":{"stdout":"","stderr":"Cloning into '/tmp/dinghy-analysis/scanlime/bandsocks'...\n","error":null,"commit":"457c073e262da1d85b40eb2cce8e661fe829e661"},"originalBuild":{"startTimestamp":1672434233654,"endTimestamp":1672434296774,"error":{"code":101,"killed":false,"signal":null,"cmd":"docker build --no-cache --force-rm -t bandsocks:latest -f /tmp/dinghy-analysis/scanlime/bandsocks/Dockerfile ."},"stdout":"Sending build context to Docker daemon  685.1kB\r\r\nStep 1/12 : FROM rustlang/rust:nightly as builder\nnightly: Pulling from rustlang/rust\nc7c50787e2da: Already exists\naff359114acb: Already exists\n821dc261e045: Already exists\n3790459d63d5: Already exists\nc09b016fff62: Already exists\nb04670b4abfa: Pulling fs layer\nb04670b4abfa: Verifying Checksum\nb04670b4abfa: Download complete\nb04670b4abfa: Pull complete\nDigest: sha256:26e9d7a66b028624c56b488d52722a0bc1e485d33fd61bdad99fbaf800871c1b\nStatus: Downloaded newer image for rustlang/rust:nightly\n ---> e54b20c7b294\nStep 2/12 : WORKDIR /build\n ---> Running in 8de356055c2f\nRemoving intermediate container 8de356055c2f\n ---> 37a0e5aa89cb\nStep 3/12 : COPY . .\n ---> eed56f991d53\nStep 4/12 : RUN cargo build --workspace --release 2>&1\n ---> Running in d93686ebfad1\n    Updating crates.io index\n Downloading crates ...\n  Downloaded aho-corasick v0.7.15\n  Downloaded rand v0.7.3\n  Downloaded socket2 v0.3.17\n  Downloaded void v1.0.2\n  Downloaded proc-macro-hack v0.5.19\n  Downloaded regex-syntax v0.6.21\n  Downloaded termcolor v1.1.2\n  Downloaded thiserror-impl v1.0.22\n  Downloaded tokio-macros v0.2.6\n  Downloaded tower-service v0.3.0\n  Downloaded tracing-futures v0.2.4\n  Downloaded unicode-bidi v0.3.4\n  Downloaded unicode-width v0.1.8\n  Downloaded url v2.2.0\n  Downloaded unicode-xid v0.2.1\n  Downloaded want v0.3.0\n  Downloaded cfg-if v0.1.10\n  Downloaded digest v0.9.0\n  Downloaded fs_extra v1.2.0\n  Downloaded getrandom v0.1.15\n  Downloaded http v0.2.1\n  Downloaded iovec v0.1.4\n  Downloaded itoa v0.4.6\n  Downloaded mio-uds v0.6.8\n  Downloaded once_cell v1.5.2\n  Downloaded openssl-sys v0.9.58\n  Downloaded unicase v2.6.0\n  Downloaded pin-utils v0.1.0\n  Downloaded opaque-debug v0.3.0\n  Downloaded pin-project-internal v1.0.2\n  Downloaded pin-project-lite v0.2.0\n  Downloaded idna v0.2.0\n  Downloaded openssl-probe v0.1.2\n  Downloaded pin-project v0.4.27\n  Downloaded memmap v0.7.0\n  Downloaded glob v0.3.0\n  Downloaded foreign-types-shared v0.1.1\n  Downloaded foreign-types v0.3.2\n  Downloaded reqwest v0.10.9\n  Downloaded syn v1.0.53\n  Downloaded libc v0.2.80\n  Downloaded httparse v1.3.4\n  Downloaded ppv-lite86 v0.2.10\n  Downloaded miniz_oxide v0.4.3\n  Downloaded ansi_term v0.11.0\n  Downloaded percent-encoding v2.1.0\n  Downloaded mime v0.3.16\n  Downloaded plain v0.2.3\n  Downloaded http-body v0.3.1\n  Downloaded strsim v0.8.0\n  Downloaded tracing-attributes v0.1.11\n  Downloaded encoding_rs v0.8.26\n  Downloaded serde_derive v1.0.117\n  Downloaded version_check v0.9.2\n  Downloaded slab v0.4.2\n  Downloaded xattr v0.2.2\n  Downloaded regex v1.4.2\n  Downloaded tempfile v3.1.0\n  Downloaded try-lock v0.2.3\n  Downloaded yaml-rust v0.3.5\n  Downloaded tar v0.4.30\n  Downloaded rand_core v0.5.1\n  Downloaded serde_json v1.0.60\n  Downloaded form_urlencoded v1.0.0\n  Downloaded block-buffer v0.9.0\n  Downloaded atty v0.2.14\n  Downloaded textwrap v0.11.0\n  Downloaded signal-hook-registry v1.2.2\n  Downloaded sha2 v0.9.2\n  Downloaded matches v0.1.8\n  Downloaded base64 v0.13.0\n  Downloaded bitflags v1.2.1\n  Downloaded pin-project-lite v0.1.11\n  Downloaded humantime v1.3.0\n  Downloaded env_logger v0.7.1\n  Downloaded futures-core v0.3.8\n  Downloaded number_prefix v0.3.0\n  Downloaded log v0.4.11\n  Downloaded indicatif v0.15.0\n  Downloaded h2 v0.2.7\n  Downloaded futures-channel v0.3.8\n  Downloaded httpdate v0.3.2\n  Downloaded cpuid-bool v0.1.2\n  Downloaded console v0.13.0\n  Downloaded pin-project-internal v0.4.27\n  Downloaded lazy_static v1.4.0\n  Downloaded fnv v1.0.7\n  Downloaded cfg-if v1.0.0\n  Downloaded pin-project v1.0.2\n  Downloaded openssl v0.10.30\n  Downloaded nix v0.17.0\n  Downloaded net2 v0.2.36\n  Downloaded native-tls v0.2.6\n  Downloaded mime_guess v2.0.3\n  Downloaded mio v0.6.23\n  Downloaded memoffset v0.5.6\n  Downloaded memchr v2.3.4\n  Downloaded ipnet v2.3.0\n  Downloaded hyper v0.13.9\n  Downloaded indexmap v1.6.0\n  Downloaded hyper-tls v0.4.3\n  Downloaded hashbrown v0.9.1\n  Downloaded generic-array v0.14.4\n  Downloaded futures-task v0.3.8\n  Downloaded futures-sink v0.3.8\n  Downloaded futures-macro v0.3.8\n  Downloaded flate2 v1.0.19\n  Downloaded either v1.6.1\n  Downloaded crc32fast v1.2.1\n  Downloaded clap v2.33.3\n  Downloaded cc v1.0.66\n  Downloaded bytes v0.5.6\n  Downloaded autocfg v1.0.1\n  Downloaded adler v0.2.3\n  Downloaded vec_map v0.8.2\n  Downloaded tinyvec_macros v0.1.0\n  Downloaded remove_dir_all v0.5.3\n  Downloaded rand_chacha v0.2.2\n  Downloaded unicode-normalization v0.1.16\n  Downloaded typenum v1.12.0\n  Downloaded tracing-core v0.1.17\n  Downloaded tracing v0.1.22\n  Downloaded tokio-util v0.3.1\n  Downloaded tokio-tls v0.3.1\n  Downloaded tinyvec v1.1.0\n  Downloaded thread_local v1.0.1\n  Downloaded thiserror v1.0.22\n  Downloaded terminal_size v0.1.15\n  Downloaded serde v1.0.117\n  Downloaded quick-error v1.2.3\n  Downloaded futures-util v0.3.8\n  Downloaded ryu v1.0.5\n  Downloaded proc-macro2 v1.0.24\n  Downloaded proc-macro-nested v0.1.6\n  Downloaded filetime v0.2.13\n  Downloaded serde_urlencoded v0.7.0\n  Downloaded quote v1.0.7\n  Downloaded pkg-config v0.3.19\n  Downloaded memfd v0.3.0\n  Downloaded build-deps v0.1.4\n  Downloaded fd-queue v1.0.0-beta.2\n  Downloaded tokio v0.2.23\n   Compiling libc v0.2.80\n   Compiling proc-macro2 v1.0.24\n   Compiling unicode-xid v0.2.1\n   Compiling syn v1.0.53\n   Compiling cfg-if v0.1.10\n   Compiling autocfg v1.0.1\n   Compiling lazy_static v1.4.0\n   Compiling log v0.4.11\n   Compiling version_check v0.9.2\n   Compiling memchr v2.3.4\n   Compiling cfg-if v1.0.0\n   Compiling slab v0.4.2\n   Compiling bytes v0.5.6\n   Compiling fnv v1.0.7\n   Compiling cc v1.0.66\n   Compiling pkg-config v0.3.19\n   Compiling futures-core v0.3.8\n   Compiling bitflags v1.2.1\n   Compiling pin-project-internal v0.4.27\n   Compiling proc-macro-hack v0.5.19\n   Compiling proc-macro-nested v0.1.6\n   Compiling pin-project-lite v0.1.11\n   Compiling itoa v0.4.6\n   Compiling serde_derive v1.0.117\n   Compiling once_cell v1.5.2\n   Compiling typenum v1.12.0\n   Compiling pin-project-lite v0.2.0\n   Compiling openssl v0.10.30\n   Compiling getrandom v0.1.15\n   Compiling foreign-types-shared v0.1.1\n   Compiling pin-utils v0.1.0\n   Compiling matches v0.1.8\n   Compiling serde v1.0.117\n   Compiling tinyvec_macros v0.1.0\n   Compiling futures-sink v0.3.8\n   Compiling httparse v1.3.4\n   Compiling tracing-core v0.1.17\n   Compiling native-tls v0.2.6\n   Compiling ryu v1.0.5\n   Compiling hashbrown v0.9.1\n   Compiling thread_local v1.0.1\n   Compiling foreign-types v0.3.2\n   Compiling try-lock v0.2.3\n   Compiling openssl-probe v0.1.2\n   Compiling percent-encoding v2.1.0\n   Compiling regex-syntax v0.6.21\n   Compiling tinyvec v1.1.0\n   Compiling futures-channel v0.3.8\n   Compiling unicode-bidi v0.3.4\n   Compiling crc32fast v1.2.1\n   Compiling futures-task v0.3.8\n   Compiling nix v0.17.0\n   Compiling encoding_rs v0.8.26\n   Compiling form_urlencoded v1.0.0\n   Compiling http v0.2.1\n   Compiling indexmap v1.6.0\n   Compiling miniz_oxide v0.4.3\n   Compiling serde_json v1.0.60\n   Compiling unicase v2.6.0\n   Compiling generic-array v0.14.4\n   Compiling want v0.3.0\n   Compiling unicode-width v0.1.8\n   Compiling glob v0.3.0\n   Compiling httpdate v0.3.2\n   Compiling ppv-lite86 v0.2.10\n   Compiling tower-service v0.3.0\n   Compiling memoffset v0.5.6\n   Compiling fs_extra v1.2.0\n   Compiling mime v0.3.16\n   Compiling adler v0.2.3\n   Compiling void v1.0.2\n   Compiling quick-error v1.2.3\n   Compiling cpuid-bool v0.1.2\n   Compiling either v1.6.1\n   Compiling base64 v0.13.0\n   Compiling aho-corasick v0.7.15\n   Compiling ipnet v2.3.0\n   Compiling opaque-debug v0.3.0\n   Compiling remove_dir_all v0.5.3\n   Compiling build-deps v0.1.4\n   Compiling humantime v1.3.0\n   Compiling textwrap v0.11.0\n   Compiling yaml-rust v0.3.5\n   Compiling number_prefix v0.3.0\n   Compiling quote v1.0.7\n   Compiling strsim v0.8.0\n   Compiling vec_map v0.8.2\n   Compiling termcolor v1.1.2\n   Compiling plain v0.2.3\n   Compiling ansi_term v0.11.0\n   Compiling unicode-normalization v0.1.16\n   Compiling bandsocks v0.2.2 (/build)\n   Compiling openssl-sys v0.9.58\n   Compiling mime_guess v2.0.3\n   Compiling net2 v0.2.36\n   Compiling iovec v0.1.4\n   Compiling signal-hook-registry v1.2.2\n   Compiling socket2 v0.3.17\n   Compiling xattr v0.2.2\n   Compiling terminal_size v0.1.15\n   Compiling filetime v0.2.13\n   Compiling atty v0.2.14\n   Compiling memmap v0.7.0\n   Compiling flate2 v1.0.19\n   Compiling clap v2.33.3\n   Compiling rand_core v0.5.1\n   Compiling tar v0.4.30\n   Compiling http-body v0.3.1\n   Compiling mio v0.6.23\n   Compiling idna v0.2.0\n   Compiling regex v1.4.2\n   Compiling rand_chacha v0.2.2\n   Compiling digest v0.9.0\n   Compiling block-buffer v0.9.0\n   Compiling rand v0.7.3\n   Compiling url v2.2.0\n   Compiling sha2 v0.9.2\n   Compiling mio-uds v0.6.8\n   Compiling console v0.13.0\n   Compiling env_logger v0.7.1\n   Compiling tempfile v3.1.0\n   Compiling indicatif v0.15.0\nerror: failed to run custom build command for `bandsocks v0.2.2 (/build)`\n\nCaused by:\n  process didn't exit successfully: `/build/target/release/build/bandsocks-0794f4aa52f83a86/build-script-build` (exit status: 101)\n  --- stdout\n  cargo:rerun-if-changed=sand/sand-Cargo.toml\n  cargo:rerun-if-changed=sand/sand-Cargo.lock\n  cargo:rerun-if-changed=sand/src/abi.rs\n  cargo:rerun-if-changed=sand/src/binformat/elf64.rs\n  cargo:rerun-if-changed=sand/src/binformat/mod.rs\n  cargo:rerun-if-changed=sand/src/binformat/script.rs\n  cargo:rerun-if-changed=sand/src/init.rs\n  cargo:rerun-if-changed=sand/src/ipc.rs\n  cargo:rerun-if-changed=sand/src/lib.rs\n  cargo:rerun-if-changed=sand/src/main.rs\n  cargo:rerun-if-changed=sand/src/mem/kernel.rs\n  cargo:rerun-if-changed=sand/src/mem/maps.rs\n  cargo:rerun-if-changed=sand/src/mem/mod.rs\n  cargo:rerun-if-changed=sand/src/mem/page.rs\n  cargo:rerun-if-changed=sand/src/mem/rw.rs\n  cargo:rerun-if-changed=sand/src/mem/string.rs\n  cargo:rerun-if-changed=sand/src/nolibc.rs\n  cargo:rerun-if-changed=sand/src/parser.rs\n  cargo:rerun-if-changed=sand/src/process/mod.rs\n  cargo:rerun-if-changed=sand/src/process/stack.rs\n  cargo:rerun-if-changed=sand/src/process/table.rs\n  cargo:rerun-if-changed=sand/src/process/task.rs\n  cargo:rerun-if-changed=sand/src/ptrace.rs\n  cargo:rerun-if-changed=sand/src/remote/file.rs\n  cargo:rerun-if-changed=sand/src/remote/mod.rs\n  cargo:rerun-if-changed=sand/src/remote/scratchpad.rs\n  cargo:rerun-if-changed=sand/src/remote/trampoline.rs\n  cargo:rerun-if-changed=sand/src/seccomp.rs\n  cargo:rerun-if-changed=sand/src/syscall/dispatch.rs\n  cargo:rerun-if-changed=sand/src/syscall/fs.rs\n  cargo:rerun-if-changed=sand/src/syscall/mod.rs\n  cargo:rerun-if-changed=sand/src/syscall/result.rs\n  cargo:rerun-if-changed=sand/src/syscall/user.rs\n  cargo:rerun-if-changed=sand/src/tracer.rs\n  cargo:rerun-if-changed=protocol/src/abi.rs\n  cargo:rerun-if-changed=protocol/src/buffer.rs\n  cargo:rerun-if-changed=protocol/src/de.rs\n  cargo:rerun-if-changed=protocol/src/lib.rs\n  cargo:rerun-if-changed=protocol/src/messages.rs\n  cargo:rerun-if-changed=protocol/src/ser.rs\n  cargo:rerun-if-changed=protocol/src/tests.rs\n  cargo:rerun-if-changed=protocol/src/types.rs\n  cargo:rerun-if-changed=protocol/Cargo.toml\n\n  --- stderr\n  warning: /build/target/release/build/bandsocks-fbd9cf05bc8bad71/out/sand/Cargo.toml: the cargo feature `strip` has been stabilized in the 1.58 release and is no longer necessary to be listed in the manifest\n    See https://doc.rust-lang.org/nightly/cargo/reference/profiles.html#strip-option for more information about using this feature.\n   Downloading crates ...\n    Downloaded ahash v0.4.7\n    Downloaded generic-array v0.12.4\n    Downloaded heapless v0.5.6\n    Downloaded proc-macro2 v1.0.27\n    Downloaded semver-parser v0.7.0\n    Downloaded stable_deref_trait v1.2.0\n    Downloaded serde_derive v1.0.126\n    Downloaded semver v0.9.0\n    Downloaded syn v1.0.72\n    Downloaded typenum v1.13.0\n    Downloaded futures-channel v0.3.15\n    Downloaded futures-io v0.3.15\n    Downloaded quote v1.0.9\n    Downloaded scroll v0.10.2\n    Downloaded version_check v0.9.3\n    Downloaded unicode-xid v0.2.2\n    Downloaded unchecked-index v0.2.2\n    Downloaded serde v1.0.126\n    Downloaded hash32 v0.1.1\n    Downloaded futures-util v0.3.15\n    Downloaded pin-project v1.0.7\n    Downloaded twoway v0.2.2\n    Downloaded byteorder v1.4.3\n    Downloaded pin-project-lite v0.2.6\n    Downloaded pin-project-internal v1.0.7\n    Downloaded goblin v0.2.3\n    Downloaded futures-sink v0.3.15\n    Downloaded cc v1.0.68\n    Downloaded futures-core v0.3.15\n    Downloaded futures v0.3.15\n    Downloaded as-slice v0.1.5\n    Downloaded rustc_version v0.2.3\n    Downloaded raw-cpuid v8.1.2\n    Downloaded memchr v2.4.0\n    Downloaded generic-array v0.13.3\n    Downloaded futures-task v0.3.15\n    Downloaded seccomp-tiny v0.1.1\n    Downloaded sc v0.2.4\n    Downloaded compiler_builtins v0.1.43\n     Compiling proc-macro2 v1.0.27\n     Compiling typenum v1.13.0\n     Compiling unicode-xid v0.2.2\n     Compiling syn v1.0.72\n     Compiling autocfg v1.0.1\n     Compiling version_check v0.9.3\n     Compiling futures-core v0.3.15\n     Compiling semver-parser v0.7.0\n     Compiling serde_derive v1.0.126\n     Compiling futures-task v0.3.15\n     Compiling futures-sink v0.3.15\n     Compiling futures-channel v0.3.15\n     Compiling memchr v2.4.0\n     Compiling bitflags v1.2.1\n     Compiling cc v1.0.68\n     Compiling serde v1.0.126\n     Compiling compiler_builtins v0.1.43\n     Compiling semver v0.9.0\n     Compiling futures-util v0.3.15\n     Compiling memoffset v0.5.6\n     Compiling generic-array v0.14.4\n     Compiling heapless v0.5.6\n     Compiling pin-utils v0.1.0\n     Compiling pin-project-lite v0.2.6\n     Compiling byteorder v1.4.3\n     Compiling stable_deref_trait v1.2.0\n     Compiling plain v0.2.3\n     Compiling rustc_version v0.2.3\n     Compiling sc v0.2.4\n     Compiling unchecked-index v0.2.2\n     Compiling scroll v0.10.2\n     Compiling hash32 v0.1.1\n     Compiling futures-io v0.3.15\n     Compiling quote v1.0.9\n  error: cannot find macro `llvm_asm` in this scope\n    --> /usr/local/cargo/registry/src/github.com-1ecc6299db9ec823/sc-0.2.4/src/platform/linux-x86_64/mod.rs:94:5\n     |\n  94 |     llvm_asm!(\"syscall\"\n     |     ^^^^^^^^\n\n     Compiling ahash v0.4.7\n  error: cannot find macro `llvm_asm` in this scope\n    --> /usr/local/cargo/registry/src/github.com-1ecc6299db9ec823/sc-0.2.4/src/platform/linux-x86_64/mod.rs:77:5\n     |\n  77 |     llvm_asm!(\"syscall\"\n     |     ^^^^^^^^\n\n  error: cannot find macro `llvm_asm` in this scope\n    --> /usr/local/cargo/registry/src/github.com-1ecc6299db9ec823/sc-0.2.4/src/platform/linux-x86_64/mod.rs:61:5\n     |\n  61 |     llvm_asm!(\"syscall\"\n     |     ^^^^^^^^\n\n  error: cannot find macro `llvm_asm` in this scope\n    --> /usr/local/cargo/registry/src/github.com-1ecc6299db9ec823/sc-0.2.4/src/platform/linux-x86_64/mod.rs:46:5\n     |\n  46 |     llvm_asm!(\"syscall\"\n     |     ^^^^^^^^\n\n  error: cannot find macro `llvm_asm` in this scope\n    --> /usr/local/cargo/registry/src/github.com-1ecc6299db9ec823/sc-0.2.4/src/platform/linux-x86_64/mod.rs:36:5\n     |\n  36 |     llvm_asm!(\"syscall\"\n     |     ^^^^^^^^\n\n  error: cannot find macro `llvm_asm` in this scope\n    --> /usr/local/cargo/registry/src/github.com-1ecc6299db9ec823/sc-0.2.4/src/platform/linux-x86_64/mod.rs:26:5\n     |\n  26 |     llvm_asm!(\"syscall\"\n     |     ^^^^^^^^\n\n  error: cannot find macro `llvm_asm` in this scope\n    --> /usr/local/cargo/registry/src/github.com-1ecc6299db9ec823/sc-0.2.4/src/platform/linux-x86_64/mod.rs:16:5\n     |\n  16 |     llvm_asm!(\"syscall\"\n     |     ^^^^^^^^\n\n  error[E0635]: unknown feature `llvm_asm`\n    --> /usr/local/cargo/registry/src/github.com-1ecc6299db9ec823/sc-0.2.4/src/lib.rs:15:12\n     |\n  15 | #![feature(llvm_asm)]\n     |            ^^^^^^^^\n\n  For more information about this error, try `rustc --explain E0635`.\n  error: could not compile `sc` due to 8 previous errors\n  warning: build failed, waiting for other jobs to finish...\n  error: cannot find macro `asm` in this scope\n     --> /usr/local/cargo/registry/src/github.com-1ecc6299db9ec823/compiler_builtins-0.1.43/src/int/specialized_div_rem/mod.rs:180:9\n      |\n  180 |         asm!(\n      |         ^^^\n      |\n      = note: consider importing this macro:\n              core::arch::asm\n\n  error: cannot find macro `asm` in this scope\n    --> /usr/local/cargo/registry/src/github.com-1ecc6299db9ec823/compiler_builtins-0.1.43/src/mem/x86_64.rs:38:5\n     |\n  38 |     asm!(\n     |     ^^^\n     |\n     = note: consider importing this macro:\n             core::arch::asm\n\n  error: cannot find macro `asm` in this scope\n    --> /usr/local/cargo/registry/src/github.com-1ecc6299db9ec823/compiler_builtins-0.1.43/src/mem/x86_64.rs:55:5\n     |\n  55 |     asm!(\n     |     ^^^\n     |\n     = note: consider importing this macro:\n             core::arch::asm\n\n  error: cannot find macro `asm` in this scope\n    --> /usr/local/cargo/registry/src/github.com-1ecc6299db9ec823/compiler_builtins-0.1.43/src/mem/x86_64.rs:90:5\n     |\n  90 |     asm!(\n     |     ^^^\n     |\n     = note: consider importing this macro:\n             core::arch::asm\n\n  error: cannot find macro `global_asm` in this scope\n     --> /usr/local/cargo/registry/src/github.com-1ecc6299db9ec823/compiler_builtins-0.1.43/src/probestack.rs:140:1\n      |\n  140 | global_asm!(define_rust_probestack!(\n      | ^^^^^^^^^^\n      |\n      = note: consider importing this macro:\n              core::arch::global_asm\n\n  error: could not compile `compiler_builtins` due to 5 previous errors\n  thread 'main' panicked at 'assertion failed: result.unwrap().success()', build.rs:52:9\n  note: run with `RUST_BACKTRACE=1` environment variable to display a backtrace\nwarning: build failed, waiting for other jobs to finish...\nRemoving intermediate container d93686ebfad1\n","stderr":"The command '/bin/sh -c cargo build --workspace --release 2>&1' returned a non-zero code: 101\n"},"endTime":1672434296838}