{"repository":"https://github.com/initc3/honeybadgermpc","dockerfilePath":"Dockerfile","startTime":1672846316476,"endTime":1672846477908,"clone":{"startTime":1672846316476,"stdout":"","stderr":"Cloning into '/tmp/dinghy-analysis/initc3/honeybadgermpc'...\n","error":null,"endTime":1672846318495,"commit":"f2a9ac58547bba2d4ed7d2f1a99a8aa97ef35b44"},"originalBuild":{"startTime":1672846318582,"endTime":1672846477816,"error":{"code":1,"killed":false,"signal":null,"cmd":"docker build --no-cache --force-rm -t honeybadgermpc:latest -f /tmp/dinghy-analysis/initc3/honeybadgermpc/Dockerfile ."},"stdout":"Sending build context to Docker daemon  2.127MB\r\r\nStep 1/33 : ARG HBMPC_DEPS_DIGEST=\"46902d869ea881d7b00b72ff6accf2558a5e15849da5fa5cc722b4ff82a507f8\"\nStep 2/33 : FROM initc3/honeybadgermpc-deps@sha256:$HBMPC_DEPS_DIGEST AS build-compute-power-sums\ndocker.io/initc3/honeybadgermpc-deps@sha256:46902d869ea881d7b00b72ff6accf2558a5e15849da5fa5cc722b4ff82a507f8: Pulling from initc3/honeybadgermpc-deps\n000eee12ec04: Pulling fs layer\nddc2d83f8229: Pulling fs layer\n735b0bee82a3: Pulling fs layer\n8c69dcedfc84: Pulling fs layer\n495e1cccc7f9: Pulling fs layer\n0603ba404131: Pulling fs layer\n19be5a9f112f: Pulling fs layer\n2c5ae2530d03: Pulling fs layer\nce359e408ca1: Pulling fs layer\n0774965e54e6: Pulling fs layer\nf7812e9e01c3: Pulling fs layer\n1677f42f9249: Pulling fs layer\n649704f164b1: Pulling fs layer\n3078c9cf50ce: Pulling fs layer\n45185f43a120: Pulling fs layer\n24b54f3a9553: Pulling fs layer\n2bb3a7ea7463: Pulling fs layer\n003b1fb3ed82: Pulling fs layer\n6ae7910fef24: Pulling fs layer\n65b6af5c990c: Pulling fs layer\n495e1cccc7f9: Waiting\n0603ba404131: Waiting\n19be5a9f112f: Waiting\n2c5ae2530d03: Waiting\nce359e408ca1: Waiting\n24b54f3a9553: Waiting\n8c69dcedfc84: Waiting\n2bb3a7ea7463: Waiting\n0774965e54e6: Waiting\n6ae7910fef24: Waiting\nf7812e9e01c3: Waiting\n003b1fb3ed82: Waiting\n45185f43a120: Waiting\n65b6af5c990c: Waiting\n3078c9cf50ce: Waiting\n649704f164b1: Waiting\nddc2d83f8229: Verifying Checksum\nddc2d83f8229: Download complete\n8c69dcedfc84: Verifying Checksum\n8c69dcedfc84: Download complete\n000eee12ec04: Verifying Checksum\n000eee12ec04: Download complete\n495e1cccc7f9: Download complete\n735b0bee82a3: Verifying Checksum\n735b0bee82a3: Download complete\n2c5ae2530d03: Download complete\n000eee12ec04: Pull complete\nddc2d83f8229: Pull complete\n19be5a9f112f: Verifying Checksum\n19be5a9f112f: Download complete\nce359e408ca1: Download complete\n0774965e54e6: Download complete\nf7812e9e01c3: Verifying Checksum\nf7812e9e01c3: Download complete\n735b0bee82a3: Pull complete\n8c69dcedfc84: Pull complete\n649704f164b1: Download complete\n495e1cccc7f9: Pull complete\n1677f42f9249: Verifying Checksum\n1677f42f9249: Download complete\n3078c9cf50ce: Verifying Checksum\n3078c9cf50ce: Download complete\n45185f43a120: Verifying Checksum\n45185f43a120: Download complete\n0603ba404131: Download complete\n24b54f3a9553: Download complete\n2bb3a7ea7463: Download complete\n003b1fb3ed82: Verifying Checksum\n003b1fb3ed82: Download complete\n65b6af5c990c: Verifying Checksum\n65b6af5c990c: Download complete\n0603ba404131: Pull complete\n19be5a9f112f: Pull complete\n2c5ae2530d03: Pull complete\nce359e408ca1: Pull complete\n0774965e54e6: Pull complete\nf7812e9e01c3: Pull complete\n1677f42f9249: Pull complete\n649704f164b1: Pull complete\n3078c9cf50ce: Pull complete\n6ae7910fef24: Verifying Checksum\n6ae7910fef24: Download complete\n45185f43a120: Pull complete\n24b54f3a9553: Pull complete\n2bb3a7ea7463: Pull complete\n003b1fb3ed82: Pull complete\n6ae7910fef24: Pull complete\n65b6af5c990c: Pull complete\nDigest: sha256:46902d869ea881d7b00b72ff6accf2558a5e15849da5fa5cc722b4ff82a507f8\nStatus: Downloaded newer image for initc3/honeybadgermpc-deps@sha256:46902d869ea881d7b00b72ff6accf2558a5e15849da5fa5cc722b4ff82a507f8\n ---> 178d781e6b7f\nStep 3/33 : COPY apps/asynchromix/cpp/ /usr/src/apps/asynchromix/cpp/\n ---> 93ad90f1f190\nStep 4/33 : RUN make -C /usr/src/apps/asynchromix/cpp\n ---> Running in d6e168bcd58a\nmake: Entering directory '/usr/src/apps/asynchromix/cpp'\ng++ -g -O2 -std=c++17 -pthread -march=native compute-power-sums.cpp -o compute-power-sums -lntl -lgmp -lm\nmv compute-power-sums /usr/local/bin/\nmake: Leaving directory '/usr/src/apps/asynchromix/cpp'\nRemoving intermediate container d6e168bcd58a\n ---> c2c5f1a09d92\nStep 5/33 : FROM initc3/honeybadgermpc-deps@sha256:$HBMPC_DEPS_DIGEST AS pre-tests\n ---> 178d781e6b7f\nStep 6/33 : COPY pairing /usr/src/pairing\n ---> 6772779d9f8a\nStep 7/33 : RUN pip install -v /usr/src/pairing/\n ---> Running in b0a633995eb4\nCreated temporary directory: /tmp/pip-ephem-wheel-cache-90gk9fnf\nCreated temporary directory: /tmp/pip-req-tracker-0yycpwmb\nCreated requirements tracker '/tmp/pip-req-tracker-0yycpwmb'\nCreated temporary directory: /tmp/pip-install-kzrm22wk\nProcessing /usr/src/pairing\n  Created temporary directory: /tmp/pip-req-build-5crd1_r6\n  Added file:///usr/src/pairing to build tracker '/tmp/pip-req-tracker-0yycpwmb'\n    Running setup.py (path:/tmp/pip-req-build-5crd1_r6/setup.py) egg_info for package from file:///usr/src/pairing\n\u001b[91m    Running command python setup.py egg_info\n\u001b[0m\u001b[91m    Collecting setuptools-rust\n\u001b[0m\u001b[91m      Downloading https://files.pythonhosted.org/packages/ef/da/dca8f90986325abe3027a5e3af5e12ce1d78eeb664a11971b2e7e703b9e3/setuptools_rust-1.5.2-py3-none-any.whl\n\u001b[0m\u001b[91m    Collecting semantic-version<3,>=2.8.2\n\u001b[0m\u001b[91m      Downloading https://files.pythonhosted.org/packages/6a/23/8146aad7d88f4fcb3a6218f41a60f6c2d4e3a72de72da1825dc7c8f7877c/semantic_version-2.10.0-py2.py3-none-any.whl\n\u001b[0m\u001b[91m    Collecting setuptools>=62.4\n\u001b[0m\u001b[91m      Downloading https://files.pythonhosted.org/packages/ef/e3/29d6e1a07e8d90ace4a522d9689d03e833b67b50d1588e693eec15f26251/setuptools-65.6.3-py3-none-any.whl (1.2MB)\n\u001b[0m\u001b[91m    Collecting typing-extensions>=3.7.4.3\n\u001b[0m\u001b[91m      Downloading https://files.pythonhosted.org/packages/0b/8e/f1a0a5a76cfef77e1eb6004cb49e5f8d72634da638420b9ea492ce8305e8/typing_extensions-4.4.0-py3-none-any.whl\n\u001b[0m\u001b[91m    Installing collected packages: semantic-version, setuptools, typing-extensions, setuptools-rust\n\u001b[0m\u001b[91m      Found existing installation: setuptools 41.2.0\n\u001b[0m\u001b[91m        Uninstalling setuptools-41.2.0:\n\u001b[0m\u001b[91m          Successfully uninstalled setuptools-41.2.0\n\u001b[0m\u001b[91m    Successfully installed semantic-version-2.10.0 setuptools-65.6.3 setuptools-rust-1.5.2 typing-extensions-4.4.0\n\u001b[0m\u001b[91m    WARNING: You are using pip version 19.3.1; however, version 22.3.1 is available.\n\u001b[0m\u001b[91m    You should consider upgrading via the 'pip install --upgrade pip' command.\n\u001b[0m\u001b[91m    Traceback (most recent call last):\n\u001b[0m\u001b[91m      File \"<string>\", line 1, in <module>\n\u001b[0m\u001b[91m      File \"/tmp/pip-req-build-5crd1_r6/setup.py\", line 54, in <module>\n\u001b[0m\u001b[91m        cmdclass=dict(test=PyTest),\n\u001b[0m\u001b[91m      File \"/opt/venv/lib/python3.7/site-packages/setuptools/__init__.py\", line 144, in setup\n\u001b[0m\u001b[91m        ``finalize_options``.\n\u001b[0m\u001b[91m      File \"/opt/venv/lib/python3.7/site-packages/setuptools/__init__.py\", line 139, in _install_setup_requires\n\u001b[0m\u001b[91m        the values of the command's options/attributes multiple times during the build\n\u001b[0m\u001b[91m      File \"/opt/venv/lib/python3.7/site-packages/setuptools/dist.py\", line 719, in fetch_build_eggs\n\u001b[0m\u001b[91m        for opt in options:\n\u001b[0m\u001b[91m      File \"/opt/venv/lib/python3.7/site-packages/pkg_resources/__init__.py\", line 782, in resolve\n\u001b[0m\u001b[91m        env = Environment(self.entries)\n\u001b[0m\u001b[91m      File \"/opt/venv/lib/python3.7/site-packages/pkg_resources/__init__.py\", line 1065, in best_match\n\u001b[0m\u001b[91m        except VersionConflict:\n\u001b[0m\u001b[91m      File \"/opt/venv/lib/python3.7/site-packages/pkg_resources/__init__.py\", line 1077, in obtain\n\u001b[0m\u001b[91m        def obtain(self, requirement, installer=None):\n\u001b[0m\u001b[91m      File \"/opt/venv/lib/python3.7/site-packages/setuptools/dist.py\", line 761, in fetch_build_egg\n\u001b[0m\u001b[91m        ))\n\u001b[0m\u001b[91m      File \"/opt/venv/lib/python3.7/site-packages/setuptools/command/easy_install.py\", line 53, in <module>\n\u001b[0m\u001b[91m        from setuptools.package_index import (\n\u001b[0m\u001b[91m      File \"/opt/venv/lib/python3.7/site-packages/setuptools/package_index.py\", line 41, in <module>\n\u001b[0m\u001b[91m        from setuptools.wheel import Wheel\n\u001b[0m\u001b[91m      File \"/opt/venv/lib/python3.7/site-packages/setuptools/wheel.py\", line 18, in <module>\n\u001b[0m\u001b[91m        from setuptools.command.egg_info import write_requirements\n\u001b[0m\u001b[91m      File \"/opt/venv/lib/python3.7/site-packages/setuptools/command/egg_info.py\", line 20, in <module>\n\u001b[0m\u001b[91m        from .._importlib import metadata\n\u001b[0m\u001b[91m      File \"/opt/venv/lib/python3.7/site-packages/setuptools/_importlib.py\", line 38, in <module>\n\u001b[0m\u001b[91m        from setuptools.extern import importlib_metadata as metadata\n\u001b[0m\u001b[91m    ImportError: cannot import name 'importlib_metadata' from 'setuptools.extern' (/opt/venv/lib/python3.7/site-packages/setuptools/extern/__init__.py)\n\u001b[0mCleaning up...\n  Removing source in /tmp/pip-req-build-5crd1_r6\nRemoved file:///usr/src/pairing from build tracker '/tmp/pip-req-tracker-0yycpwmb'\nRemoved build tracker '/tmp/pip-req-tracker-0yycpwmb'\n\u001b[91mERROR: Command errored out with exit status 1: python setup.py egg_info Check the logs for full command output.\n\u001b[0mException information:\nTraceback (most recent call last):\n  File \"/opt/venv/lib/python3.7/site-packages/pip/_internal/cli/base_command.py\", line 153, in _main\n    status = self.run(options, args)\n  File \"/opt/venv/lib/python3.7/site-packages/pip/_internal/commands/install.py\", line 382, in run\n    resolver.resolve(requirement_set)\n  File \"/opt/venv/lib/python3.7/site-packages/pip/_internal/legacy_resolve.py\", line 201, in resolve\n    self._resolve_one(requirement_set, req)\n  File \"/opt/venv/lib/python3.7/site-packages/pip/_internal/legacy_resolve.py\", line 365, in _resolve_one\n    abstract_dist = self._get_abstract_dist_for(req_to_install)\n  File \"/opt/venv/lib/python3.7/site-packages/pip/_internal/legacy_resolve.py\", line 313, in _get_abstract_dist_for\n    req, self.session, self.finder, self.require_hashes\n  File \"/opt/venv/lib/python3.7/site-packages/pip/_internal/operations/prepare.py\", line 224, in prepare_linked_requirement\n    req, self.req_tracker, finder, self.build_isolation,\n  File \"/opt/venv/lib/python3.7/site-packages/pip/_internal/operations/prepare.py\", line 49, in _get_prepared_distribution\n    abstract_dist.prepare_distribution_metadata(finder, build_isolation)\n  File \"/opt/venv/lib/python3.7/site-packages/pip/_internal/distributions/source/legacy.py\", line 39, in prepare_distribution_metadata\n    self.req.prepare_metadata()\n  File \"/opt/venv/lib/python3.7/site-packages/pip/_internal/req/req_install.py\", line 563, in prepare_metadata\n    self.metadata_directory = metadata_generator(self)\n  File \"/opt/venv/lib/python3.7/site-packages/pip/_internal/operations/generate_metadata.py\", line 124, in _generate_metadata_legacy\n    command_desc='python setup.py egg_info',\n  File \"/opt/venv/lib/python3.7/site-packages/pip/_internal/utils/subprocess.py\", line 242, in call_subprocess\n    raise InstallationError(exc_msg)\npip._internal.exceptions.InstallationError: Command errored out with exit status 1: python setup.py egg_info Check the logs for full command output.\n\u001b[91mWARNING: You are using pip version 19.3.1; however, version 22.3.1 is available.\nYou should consider upgrading via the 'pip install --upgrade pip' command.\n\u001b[0mRemoving intermediate container b0a633995eb4\n","stderr":"The command '/bin/sh -c pip install -v /usr/src/pairing/' returned a non-zero code: 1\n"}}