{"repository":"https://github.com/beakerbrowser/homebase","dockerfilePath":"Dockerfile","startTime":1672415022475,"clone":{"stdout":"","stderr":"Cloning into '/tmp/dinghy-analysis/beakerbrowser/homebase'...\n","error":null,"commit":"706d94ffe80e9f88b52f2419be8cf1fb3eaf3546"},"originalBuild":{"startTimestamp":1672415023394,"endTimestamp":1672415069949,"error":{"code":1,"killed":false,"signal":null,"cmd":"docker build --no-cache --force-rm -t homebase:latest -f /tmp/dinghy-analysis/beakerbrowser/homebase/Dockerfile ."},"stdout":"Sending build context to Docker daemon  461.8kB\r\r\nStep 1/11 : FROM node:8-stretch\n8-stretch: Pulling from library/node\nDigest: sha256:a681bf74805b80d03eb21a6c0ef168a976108a287a74167ab593fc953aac34df\nStatus: Downloaded newer image for node:8-stretch\n ---> 8eeadf3757f4\nStep 2/11 : RUN apt-get update && apt-get install -y libtool m4 automake libcap2-bin build-essential\n ---> Running in ebbff0b5c47d\nIgn:1 http://deb.debian.org/debian stretch InRelease\nGet:2 http://security.debian.org/debian-security stretch/updates InRelease [59.1 kB]\nGet:3 http://deb.debian.org/debian stretch-updates InRelease [93.6 kB]\nGet:4 http://deb.debian.org/debian stretch Release [118 kB]\nGet:5 http://deb.debian.org/debian stretch Release.gpg [3177 B]\nGet:6 http://security.debian.org/debian-security stretch/updates/main amd64 Packages [782 kB]\nGet:7 http://deb.debian.org/debian stretch/main amd64 Packages [7080 kB]\nFetched 8135 kB in 1s (4520 kB/s)\nReading package lists...\nReading package lists...\nBuilding dependency tree...\nReading state information...\nautomake is already the newest version (1:1.15-6).\nlibtool is already the newest version (2.4.6-2).\nm4 is already the newest version (1.4.18-1).\nm4 set to manually installed.\nThe following additional packages will be installed:\n  libpam-cap\nThe following NEW packages will be installed:\n  build-essential libcap2-bin libpam-cap\n0 upgraded, 3 newly installed, 0 to remove and 162 not upgraded.\nNeed to get 47.4 kB of archives.\nAfter this operation, 148 kB of additional disk space will be used.\nGet:1 http://deb.debian.org/debian stretch/main amd64 build-essential amd64 12.3 [7346 B]\nGet:2 http://deb.debian.org/debian stretch/main amd64 libcap2-bin amd64 1:2.25-1 [26.5 kB]\nGet:3 http://deb.debian.org/debian stretch/main amd64 libpam-cap amd64 1:2.25-1 [13.5 kB]\n\u001b[91mdebconf: delaying package configuration, since apt-utils is not installed\n\u001b[0mFetched 47.4 kB in 0s (4345 kB/s)\nSelecting previously unselected package build-essential.\r\n(Reading database ... \r(Reading database ... 5%\r(Reading database ... 10%\r(Reading database ... 15%\r(Reading database ... 20%\r(Reading database ... 25%\r(Reading database ... 30%\r(Reading database ... 35%\r(Reading database ... 40%\r(Reading database ... 45%\r(Reading database ... 50%\r(Reading database ... 55%\r(Reading database ... 60%\r(Reading database ... 65%\r(Reading database ... 70%\r(Reading database ... 75%\r(Reading database ... 80%\r(Reading database ... 85%\r(Reading database ... 90%\r(Reading database ... 95%\r(Reading database ... 100%\r(Reading database ... 29962 files and directories currently installed.)\r\nPreparing to unpack .../build-essential_12.3_amd64.deb ...\r\nUnpacking build-essential (12.3) ...\r\nSelecting previously unselected package libcap2-bin.\r\nPreparing to unpack .../libcap2-bin_1%3a2.25-1_amd64.deb ...\r\nUnpacking libcap2-bin (1:2.25-1) ...\r\nSelecting previously unselected package libpam-cap:amd64.\r\nPreparing to unpack .../libpam-cap_1%3a2.25-1_amd64.deb ...\r\nUnpacking libpam-cap:amd64 (1:2.25-1) ...\r\nSetting up libpam-cap:amd64 (1:2.25-1) ...\r\ndebconf: unable to initialize frontend: Dialog\r\ndebconf: (TERM is not set, so the dialog frontend is not usable.)\r\ndebconf: falling back to frontend: Readline\r\nSetting up build-essential (12.3) ...\r\nSetting up libcap2-bin (1:2.25-1) ...\r\nRemoving intermediate container ebbff0b5c47d\n ---> b12ad36ef03e\nStep 3/11 : WORKDIR /usr/src/app\n ---> Running in 9995c8490075\nRemoving intermediate container 9995c8490075\n ---> 8559b60b2219\nStep 4/11 : COPY package*.json ./\n ---> 5a76d8353a70\nStep 5/11 : RUN npm install --only=production\n ---> Running in c3be1a7420b4\n\u001b[91mnpm WARN deprecated request-promise-native@1.0.9: request-promise-native has been deprecated because it extends the now deprecated request package, see https://github.com/request/request/issues/3142\n\u001b[0m\u001b[91mnpm WARN deprecated chokidar@1.7.0: Chokidar 2 will break on node v14+. Upgrade to chokidar 3 with 15x less dependencies.\n\u001b[0m\u001b[91mnpm WARN deprecated uuid@3.4.0: Please upgrade  to version 7 or higher.  Older versions may use Math.random() in certain circumstances, which is known to be problematic.  See https://v8.dev/blog/math-random for details.\n\u001b[0m\u001b[91mnpm WARN deprecated dat-encoding@5.0.2: Package no longer supported. Contact Support at https://www.npmjs.com/support for more info.\n\u001b[0m\u001b[91mnpm WARN deprecated fsevents@1.2.13: fsevents 1 will break on node v14+ and could be using insecure binaries. Upgrade to fsevents 2.\n\u001b[0m\u001b[91mnpm WARN deprecated core-js@2.6.12: core-js@<3.23.3 is no longer maintained and not recommended for usage due to the number of issues. Because of the V8 engine whims, feature detection in old core-js versions could cause a slowdown up to 100x even if nothing is polyfilled. Some versions have web compatibility issues. Please, upgrade your dependencies to the actual version of core-js.\n\u001b[0m\u001b[91mnpm WARN deprecated source-map-resolve@0.5.3: See https://github.com/lydell/source-map-resolve#deprecated\n\u001b[0m\u001b[91mnpm WARN deprecated resolve-url@0.2.1: https://github.com/lydell/resolve-url#deprecated\n\u001b[0m\u001b[91mnpm WARN deprecated source-map-url@0.4.1: See https://github.com/lydell/source-map-url#deprecated\n\u001b[0m\u001b[91mnpm WARN deprecated urix@0.1.0: Please see https://github.com/lydell/urix#deprecated\n\u001b[0m\n> fd-lock@1.2.0 install /usr/src/app/node_modules/fd-lock\n> node-gyp-build\n\n\n> fsctl@1.0.0 install /usr/src/app/node_modules/fsctl\n> node-gyp-build\n\n\n> sodium-native@3.4.1 install /usr/src/app/node_modules/sodium-native\n> node-gyp-build\n\n\u001b[91m/usr/src/app/node_modules/sodium-native/deps/bin.js:164\n  } catch {\n          ^\n\nSyntaxError: Unexpected token {\n    at createScript (vm.js:80:10)\n    at Object.runInThisContext (vm.js:139:10)\n    at Module._compile (module.js:617:28)\n    at Object.Module._extensions..js (module.js:664:10)\n    at Module.load (module.js:566:32)\n    at tryModuleLoad (module.js:506:12)\n    at Function.Module._load (module.js:498:3)\n    at Function.Module.runMain (module.js:694:10)\n    at startup (bootstrap_node.js:204:16)\n    at bootstrap_node.js:625:3\n\u001b[0m\u001b[91mgyp: Call to 'node deps/bin.js --print-lib' returned exit status 1 while in binding.gyp. while trying to load binding.gyp\n\u001b[0m\u001b[91mgyp ERR! configure error \n\u001b[0m\u001b[91mgyp \u001b[0m\u001b[91mERR! stack\u001b[0m\u001b[91m Error: `gyp` failed with exit code: 1\ngyp\u001b[0m\u001b[91m \u001b[0m\u001b[91mERR! stack     at ChildProcess.onCpExit (/usr/local/lib/node_modules/npm/node_modules/node-gyp/lib/configure.js:351:16)\n\u001b[0m\u001b[91mgyp\u001b[0m\u001b[91m ERR!\u001b[0m\u001b[91m stack\u001b[0m\u001b[91m     at emitTwo (events.js:126:13)\ngyp ERR!\u001b[0m\u001b[91m stack\u001b[0m\u001b[91m     at ChildProcess.emit (events.js:214:7)\n\u001b[0m\u001b[91mgyp\u001b[0m\u001b[91m \u001b[0m\u001b[91mERR!\u001b[0m\u001b[91m \u001b[0m\u001b[91mstack\u001b[0m\u001b[91m     at Process.ChildProcess._handle.onexit (internal/child_process.js:198:12)\n\u001b[0m\u001b[91mgyp \u001b[0m\u001b[91mERR!\u001b[0m\u001b[91m \u001b[0m\u001b[91mSystem\u001b[0m\u001b[91m Linux 5.4.0-113-generic\n\u001b[0m\u001b[91mgyp ERR!\u001b[0m\u001b[91m command\u001b[0m\u001b[91m \"/usr/local/bin/node\" \"/usr/local/lib/node_modules/npm/node_modules/node-gyp/bin/node-gyp.js\" \"rebuild\"\n\u001b[0m\u001b[91mgyp\u001b[0m\u001b[91m ERR!\u001b[0m\u001b[91m \u001b[0m\u001b[91mcwd /usr/src/app/node_modules/sodium-native\n\u001b[0m\u001b[91mgyp ERR!\u001b[0m\u001b[91m \u001b[0m\u001b[91mnode -v\u001b[0m\u001b[91m v8.17.0\n\u001b[0m\u001b[91mgyp\u001b[0m\u001b[91m ERR!\u001b[0m\u001b[91m node-gyp -v v5.0.5\n\u001b[0m\u001b[91mgyp \u001b[0m\u001b[91mERR! \u001b[0m\u001b[91mnot ok\u001b[0m\u001b[91m \n\u001b[0m\u001b[91mnpm WARN notsup Unsupported engine for guard-timeout@2.0.0: wanted: {\"node\":\">=10\"} (current: {\"node\":\"8.17.0\",\"npm\":\"6.13.4\"})\nnpm WARN notsup Not compatible with your version of node/npm: guard-timeout@2.0.0\n\u001b[0m\u001b[91mnpm WARN optional SKIPPING OPTIONAL DEPENDENCY: fsevents@^1.0.0 (node_modules/chokidar/node_modules/fsevents):\nnpm WARN notsup SKIPPING OPTIONAL DEPENDENCY: Unsupported platform for fsevents@1.2.13: wanted {\"os\":\"darwin\",\"arch\":\"any\"} (current: {\"os\":\"linux\",\"arch\":\"x64\"})\n\u001b[0m\u001b[91mnpm WARN request-promise-native@1.0.9 requires a peer of request@^2.34 but none is installed. You must install peer dependencies yourself.\n\u001b[0m\u001b[91mnpm WARN\u001b[0m\u001b[91m request-promise-core@1.1.4 requires a peer of request@^2.34 but none is installed. You must install peer dependencies yourself.\n\u001b[0m\u001b[91m\n\u001b[0m\u001b[91mnpm ERR! Maximum call stack size exceeded\n\u001b[0m\u001b[91m\nnpm ERR! A complete log of this run can be found in:\nnpm ERR!     /root/.npm/_logs/2022-12-30T15_44_28_978Z-debug.log\n\u001b[0mRemoving intermediate container c3be1a7420b4\n","stderr":"The command '/bin/sh -c npm install --only=production' returned a non-zero code: 1\n"},"endTime":1672415070019}