{"repository":"https://github.com/pseudozach/lnstxbridge","dockerfilePath":"Dockerfile","startTime":1672872080486,"endTime":1672872182729,"clone":{"startTime":1672872080488,"stdout":"","stderr":"Cloning into '/tmp/dinghy-analysis/pseudozach/lnstxbridge'...\n","error":null,"endTime":1672872081664,"commit":"2d5911e4bf9ad5d6cd9288b48e7746a08d18eca8"},"originalBuild":{"startTime":1672872081867,"endTime":1672872182546,"error":{"code":1,"killed":false,"signal":null,"cmd":"docker build --no-cache --force-rm -t lnstxbridge:latest -f /tmp/dinghy-analysis/pseudozach/lnstxbridge/Dockerfile ."},"stdout":"","stderr":"#1 [internal] load build definition from Dockerfile\n#1 sha256:42e81328cfa77d284beec594008d21bce510a714cf4f26f1e93bc4688df45fd4\n#1 transferring dockerfile: 520B done\n#1 DONE 0.0s\n\n#2 [internal] load .dockerignore\n#2 sha256:207099a2f102de5c2defe06ff4d0eb30b879e2fd2fe67395d5362b3a451709e4\n#2 transferring context: 2B done\n#2 DONE 0.0s\n\n#3 [internal] load metadata for docker.io/library/ubuntu:20.04\n#3 sha256:cd9ed232facd22264e9246054f9c3d7a9c42bdb414a225d8f8215114646e640c\n#3 DONE 1.5s\n\n#4 [1/9] FROM docker.io/library/ubuntu:20.04@sha256:0e0402cd13f68137edb0266e1d2c682f217814420f2d43d300ed8f65479b14fb\n#4 sha256:c547389b5bd63006c7a7613c31af4e328fb30306c57ea94d7cd873ed7bdf953f\n#4 CACHED\n\n#10 [internal] load build context\n#10 sha256:32527375b21f31076454dbcf0f8fb16f8e0e5dbbe911f826e7d96389e6afa139\n#10 transferring context: 6.67MB 0.2s done\n#10 DONE 0.2s\n\n#5 [2/9] RUN apt-get update\n#5 sha256:7de38f91d44efa1e8d890e5a64d39548fe969fee368d59b7d495c19c78a2e316\n#5 0.489 Get:1 http://ports.ubuntu.com/ubuntu-ports focal InRelease [265 kB]\n#5 0.633 Get:2 http://ports.ubuntu.com/ubuntu-ports focal-updates InRelease [114 kB]\n#5 0.674 Get:3 http://ports.ubuntu.com/ubuntu-ports focal-backports InRelease [108 kB]\n#5 0.719 Get:4 http://ports.ubuntu.com/ubuntu-ports focal-security InRelease [114 kB]\n#5 0.761 Get:5 http://ports.ubuntu.com/ubuntu-ports focal/restricted arm64 Packages [1317 B]\n#5 0.768 Get:6 http://ports.ubuntu.com/ubuntu-ports focal/multiverse arm64 Packages [139 kB]\n#5 0.789 Get:7 http://ports.ubuntu.com/ubuntu-ports focal/main arm64 Packages [1234 kB]\n#5 0.960 Get:8 http://ports.ubuntu.com/ubuntu-ports focal/universe arm64 Packages [11.1 MB]\n#5 2.750 Get:9 http://ports.ubuntu.com/ubuntu-ports focal-updates/restricted arm64 Packages [5024 B]\n#5 2.750 Get:10 http://ports.ubuntu.com/ubuntu-ports focal-updates/universe arm64 Packages [1189 kB]\n#5 2.948 Get:11 http://ports.ubuntu.com/ubuntu-ports focal-updates/multiverse arm64 Packages [9068 B]\n#5 2.949 Get:12 http://ports.ubuntu.com/ubuntu-ports focal-updates/main arm64 Packages [2045 kB]\n#5 3.280 Get:13 http://ports.ubuntu.com/ubuntu-ports focal-backports/main arm64 Packages [54.8 kB]\n#5 3.285 Get:14 http://ports.ubuntu.com/ubuntu-ports focal-backports/universe arm64 Packages [27.8 kB]\n#5 3.288 Get:15 http://ports.ubuntu.com/ubuntu-ports focal-security/multiverse arm64 Packages [3252 B]\n#5 3.288 Get:16 http://ports.ubuntu.com/ubuntu-ports focal-security/universe arm64 Packages [888 kB]\n#5 3.422 Get:17 http://ports.ubuntu.com/ubuntu-ports focal-security/main arm64 Packages [1655 kB]\n#5 3.689 Get:18 http://ports.ubuntu.com/ubuntu-ports focal-security/restricted arm64 Packages [4787 B]\n#5 3.765 Fetched 19.0 MB in 3s (5650 kB/s)\n#5 3.765 Reading package lists...\n#5 DONE 4.7s\n\n#6 [3/9] RUN apt-get -y install curl gnupg git rsync build-essential\n#6 sha256:f0a767eb82efe629bdf64c456b390e8bf55b452d0f5028df5ec29cbb447e6a9e\n#6 0.383 Reading package lists...\n#6 0.862 Building dependency tree...\n#6 0.936 Reading state information...\n#6 1.022 The following additional packages will be installed:\n#6 1.022   binutils binutils-aarch64-linux-gnu binutils-common ca-certificates cpp\n#6 1.022   cpp-9 dirmngr dpkg-dev fakeroot g++ g++-9 gcc gcc-9 gcc-9-base git-man\n#6 1.022   gnupg-l10n gnupg-utils gpg gpg-agent gpg-wks-client gpg-wks-server gpgconf\n#6 1.022   gpgsm krb5-locales less libalgorithm-diff-perl libalgorithm-diff-xs-perl\n#6 1.022   libalgorithm-merge-perl libasan5 libasn1-8-heimdal libassuan0 libatomic1\n#6 1.022   libbinutils libbrotli1 libbsd0 libc-dev-bin libc6-dev libcbor0.6 libcc1-0\n#6 1.022   libcrypt-dev libctf-nobfd0 libctf0 libcurl3-gnutls libcurl4 libdpkg-perl\n#6 1.022   libedit2 liberror-perl libexpat1 libfakeroot libfido2-1\n#6 1.022   libfile-fcntllock-perl libgcc-9-dev libgdbm-compat4 libgdbm6 libgomp1\n#6 1.022   libgssapi-krb5-2 libgssapi3-heimdal libhcrypto4-heimdal libheimbase1-heimdal\n#6 1.022   libheimntlm0-heimdal libhx509-5-heimdal libisl22 libitm1 libk5crypto3\n#6 1.022   libkeyutils1 libkrb5-26-heimdal libkrb5-3 libkrb5support0 libksba8\n#6 1.022   libldap-2.4-2 libldap-common liblocale-gettext-perl liblsan0 libmpc3\n#6 1.022   libmpfr6 libnghttp2-14 libnpth0 libperl5.30 libpopt0 libpsl5 libreadline8\n#6 1.022   libroken18-heimdal librtmp1 libsasl2-2 libsasl2-modules libsasl2-modules-db\n#6 1.022   libsqlite3-0 libssh-4 libssl1.1 libstdc++-9-dev libtsan0 libubsan1\n#6 1.022   libwind0-heimdal libx11-6 libx11-data libxau6 libxcb1 libxdmcp6 libxext6\n#6 1.022   libxmuu1 linux-libc-dev make manpages manpages-dev netbase openssh-client\n#6 1.022   openssl patch perl perl-modules-5.30 pinentry-curses publicsuffix\n#6 1.022   readline-common xauth xz-utils\n#6 1.023 Suggested packages:\n#6 1.023   binutils-doc cpp-doc gcc-9-locales dbus-user-session libpam-systemd\n#6 1.023   pinentry-gnome3 tor debian-keyring gcc-9-doc gcc-multilib autoconf automake\n#6 1.023   libtool flex bison gdb gcc-doc gettext-base git-daemon-run\n#6 1.023   | git-daemon-sysvinit git-doc git-el git-email git-gui gitk gitweb git-cvs\n#6 1.023   git-mediawiki git-svn parcimonie xloadimage scdaemon glibc-doc bzr gdbm-l10n\n#6 1.023   krb5-doc krb5-user libsasl2-modules-gssapi-mit\n#6 1.023   | libsasl2-modules-gssapi-heimdal libsasl2-modules-ldap libsasl2-modules-otp\n#6 1.023   libsasl2-modules-sql libstdc++-9-doc make-doc man-browser keychain\n#6 1.023   libpam-ssh monkeysphere ssh-askpass ed diffutils-doc perl-doc\n#6 1.023   libterm-readline-gnu-perl | libterm-readline-perl-perl libb-debug-perl\n#6 1.023   liblocale-codes-perl pinentry-doc readline-doc openssh-server\n#6 1.142 The following NEW packages will be installed:\n#6 1.142   binutils binutils-aarch64-linux-gnu binutils-common build-essential\n#6 1.142   ca-certificates cpp cpp-9 curl dirmngr dpkg-dev fakeroot g++ g++-9 gcc gcc-9\n#6 1.142   gcc-9-base git git-man gnupg gnupg-l10n gnupg-utils gpg gpg-agent\n#6 1.142   gpg-wks-client gpg-wks-server gpgconf gpgsm krb5-locales less\n#6 1.142   libalgorithm-diff-perl libalgorithm-diff-xs-perl libalgorithm-merge-perl\n#6 1.142   libasan5 libasn1-8-heimdal libassuan0 libatomic1 libbinutils libbrotli1\n#6 1.142   libbsd0 libc-dev-bin libc6-dev libcbor0.6 libcc1-0 libcrypt-dev\n#6 1.142   libctf-nobfd0 libctf0 libcurl3-gnutls libcurl4 libdpkg-perl libedit2\n#6 1.142   liberror-perl libexpat1 libfakeroot libfido2-1 libfile-fcntllock-perl\n#6 1.142   libgcc-9-dev libgdbm-compat4 libgdbm6 libgomp1 libgssapi-krb5-2\n#6 1.142   libgssapi3-heimdal libhcrypto4-heimdal libheimbase1-heimdal\n#6 1.142   libheimntlm0-heimdal libhx509-5-heimdal libisl22 libitm1 libk5crypto3\n#6 1.142   libkeyutils1 libkrb5-26-heimdal libkrb5-3 libkrb5support0 libksba8\n#6 1.142   libldap-2.4-2 libldap-common liblocale-gettext-perl liblsan0 libmpc3\n#6 1.142   libmpfr6 libnghttp2-14 libnpth0 libperl5.30 libpopt0 libpsl5 libreadline8\n#6 1.142   libroken18-heimdal librtmp1 libsasl2-2 libsasl2-modules libsasl2-modules-db\n#6 1.142   libsqlite3-0 libssh-4 libssl1.1 libstdc++-9-dev libtsan0 libubsan1\n#6 1.142   libwind0-heimdal libx11-6 libx11-data libxau6 libxcb1 libxdmcp6 libxext6\n#6 1.142   libxmuu1 linux-libc-dev make manpages manpages-dev netbase openssh-client\n#6 1.142   openssl patch perl perl-modules-5.30 pinentry-curses publicsuffix\n#6 1.142   readline-common rsync xauth xz-utils\n#6 1.205 0 upgraded, 120 newly installed, 0 to remove and 0 not upgraded.\n#6 1.205 Need to get 62.5 MB of archives.\n#6 1.205 After this operation, 296 MB of additional disk space will be used.\n#6 1.205 Get:1 http://ports.ubuntu.com/ubuntu-ports focal/main arm64 liblocale-gettext-perl arm64 1.07-4 [16.7 kB]\n#6 1.249 Get:2 http://ports.ubuntu.com/ubuntu-ports focal/main arm64 libpopt0 arm64 1.16-14 [25.1 kB]\n#6 1.259 Get:3 http://ports.ubuntu.com/ubuntu-ports focal-updates/main arm64 rsync arm64 3.1.3-8ubuntu0.4 [303 kB]\n#6 1.342 Get:4 http://ports.ubuntu.com/ubuntu-ports focal-updates/main arm64 perl-modules-5.30 all 5.30.0-9ubuntu0.3 [2739 kB]\n#6 1.737 Get:5 http://ports.ubuntu.com/ubuntu-ports focal/main arm64 libgdbm6 arm64 1.18.1-5 [26.4 kB]\n#6 1.742 Get:6 http://ports.ubuntu.com/ubuntu-ports focal/main arm64 libgdbm-compat4 arm64 1.18.1-5 [6040 B]\n#6 1.744 Get:7 http://ports.ubuntu.com/ubuntu-ports focal-updates/main arm64 libperl5.30 arm64 5.30.0-9ubuntu0.3 [3766 kB]\n#6 2.343 Get:8 http://ports.ubuntu.com/ubuntu-ports focal-updates/main arm64 perl arm64 5.30.0-9ubuntu0.3 [224 kB]\n#6 2.377 Get:9 http://ports.ubuntu.com/ubuntu-ports focal-updates/main arm64 libssl1.1 arm64 1.1.1f-1ubuntu2.16 [1156 kB]\n#6 2.553 Get:10 http://ports.ubuntu.com/ubuntu-ports focal-updates/main arm64 openssl arm64 1.1.1f-1ubuntu2.16 [600 kB]\n#6 2.665 Get:11 http://ports.ubuntu.com/ubuntu-ports focal-updates/main arm64 ca-certificates all 20211016ubuntu0.20.04.1 [141 kB]\n#6 2.688 Get:12 http://ports.ubuntu.com/ubuntu-ports focal-updates/main arm64 less arm64 551-1ubuntu0.1 [119 kB]\n#6 2.703 Get:13 http://ports.ubuntu.com/ubuntu-ports focal/main arm64 libbsd0 arm64 0.10.0-1 [43.7 kB]\n#6 2.711 Get:14 http://ports.ubuntu.com/ubuntu-ports focal-updates/main arm64 libexpat1 arm64 2.2.9-1ubuntu0.6 [62.5 kB]\n#6 2.719 Get:15 http://ports.ubuntu.com/ubuntu-ports focal/main arm64 readline-common all 8.0-4 [53.5 kB]\n#6 2.734 Get:16 http://ports.ubuntu.com/ubuntu-ports focal/main arm64 libreadline8 arm64 8.0-4 [123 kB]\n#6 2.753 Get:17 http://ports.ubuntu.com/ubuntu-ports focal-updates/main arm64 libsqlite3-0 arm64 3.31.1-4ubuntu0.5 [506 kB]\n#6 2.838 Get:18 http://ports.ubuntu.com/ubuntu-ports focal/main arm64 netbase all 6.1 [13.1 kB]\n#6 2.841 Get:19 http://ports.ubuntu.com/ubuntu-ports focal-updates/main arm64 xz-utils arm64 5.2.4-1ubuntu1.1 [81.4 kB]\n#6 2.856 Get:20 http://ports.ubuntu.com/ubuntu-ports focal-updates/main arm64 krb5-locales all 1.17-6ubuntu4.1 [11.4 kB]\n#6 2.856 Get:21 http://ports.ubuntu.com/ubuntu-ports focal/main arm64 libcbor0.6 arm64 0.6.0-0ubuntu1 [20.5 kB]\n#6 2.857 Get:22 http://ports.ubuntu.com/ubuntu-ports focal/main arm64 libedit2 arm64 3.1-20191231-1 [82.7 kB]\n#6 2.871 Get:23 http://ports.ubuntu.com/ubuntu-ports focal/main arm64 libfido2-1 arm64 1.3.1-1ubuntu2 [45.1 kB]\n#6 2.878 Get:24 http://ports.ubuntu.com/ubuntu-ports focal-updates/main arm64 libkrb5support0 arm64 1.17-6ubuntu4.1 [30.4 kB]\n#6 2.887 Get:25 http://ports.ubuntu.com/ubuntu-ports focal-updates/main arm64 libk5crypto3 arm64 1.17-6ubuntu4.1 [80.4 kB]\n#6 2.898 Get:26 http://ports.ubuntu.com/ubuntu-ports focal-updates/main arm64 libkeyutils1 arm64 1.6-6ubuntu1.1 [10.1 kB]\n#6 2.899 Get:27 http://ports.ubuntu.com/ubuntu-ports focal-updates/main arm64 libkrb5-3 arm64 1.17-6ubuntu4.1 [312 kB]\n#6 2.939 Get:28 http://ports.ubuntu.com/ubuntu-ports focal-updates/main arm64 libgssapi-krb5-2 arm64 1.17-6ubuntu4.1 [113 kB]\n#6 2.956 Get:29 http://ports.ubuntu.com/ubuntu-ports focal/main arm64 libpsl5 arm64 0.21.0-1ubuntu1 [51.3 kB]\n#6 2.967 Get:30 http://ports.ubuntu.com/ubuntu-ports focal/main arm64 libxau6 arm64 1:1.0.9-0ubuntu1 [7356 B]\n#6 2.968 Get:31 http://ports.ubuntu.com/ubuntu-ports focal/main arm64 libxdmcp6 arm64 1:1.1.3-0ubuntu1 [10.3 kB]\n#6 2.969 Get:32 http://ports.ubuntu.com/ubuntu-ports focal/main arm64 libxcb1 arm64 1.14-2 [43.0 kB]\n#6 2.976 Get:33 http://ports.ubuntu.com/ubuntu-ports focal-updates/main arm64 libx11-data all 2:1.6.9-2ubuntu1.2 [113 kB]\n#6 2.994 Get:34 http://ports.ubuntu.com/ubuntu-ports focal-updates/main arm64 libx11-6 arm64 2:1.6.9-2ubuntu1.2 [552 kB]\n#6 3.080 Get:35 http://ports.ubuntu.com/ubuntu-ports focal/main arm64 libxext6 arm64 2:1.3.4-0ubuntu1 [27.7 kB]\n#6 3.089 Get:36 http://ports.ubuntu.com/ubuntu-ports focal/main arm64 libxmuu1 arm64 2:1.1.3-0ubuntu1 [9772 B]\n#6 3.090 Get:37 http://ports.ubuntu.com/ubuntu-ports focal/main arm64 manpages all 5.05-1 [1314 kB]\n#6 3.304 Get:38 http://ports.ubuntu.com/ubuntu-ports focal-updates/main arm64 openssh-client arm64 1:8.2p1-4ubuntu0.5 [637 kB]\n#6 3.408 Get:39 http://ports.ubuntu.com/ubuntu-ports focal/main arm64 publicsuffix all 20200303.0012-1 [111 kB]\n#6 3.427 Get:40 http://ports.ubuntu.com/ubuntu-ports focal/main arm64 xauth arm64 1:1.1-0ubuntu1 [24.1 kB]\n#6 3.434 Get:41 http://ports.ubuntu.com/ubuntu-ports focal-updates/main arm64 binutils-common arm64 2.34-6ubuntu1.4 [207 kB]\n#6 3.467 Get:42 http://ports.ubuntu.com/ubuntu-ports focal-updates/main arm64 libbinutils arm64 2.34-6ubuntu1.4 [475 kB]\n#6 3.544 Get:43 http://ports.ubuntu.com/ubuntu-ports focal-updates/main arm64 libctf-nobfd0 arm64 2.34-6ubuntu1.4 [43.8 kB]\n#6 3.550 Get:44 http://ports.ubuntu.com/ubuntu-ports focal-updates/main arm64 libctf0 arm64 2.34-6ubuntu1.4 [43.0 kB]\n#6 3.555 Get:45 http://ports.ubuntu.com/ubuntu-ports focal-updates/main arm64 binutils-aarch64-linux-gnu arm64 2.34-6ubuntu1.4 [1986 kB]\n#6 3.892 Get:46 http://ports.ubuntu.com/ubuntu-ports focal-updates/main arm64 binutils arm64 2.34-6ubuntu1.4 [3364 B]\n#6 3.892 Get:47 http://ports.ubuntu.com/ubuntu-ports focal-updates/main arm64 libc-dev-bin arm64 2.31-0ubuntu9.9 [64.2 kB]\n#6 3.899 Get:48 http://ports.ubuntu.com/ubuntu-ports focal-updates/main arm64 linux-libc-dev arm64 5.4.0-135.152 [1101 kB]\n#6 4.069 Get:49 http://ports.ubuntu.com/ubuntu-ports focal/main arm64 libcrypt-dev arm64 1:4.4.10-10ubuntu4 [111 kB]\n#6 4.089 Get:50 http://ports.ubuntu.com/ubuntu-ports focal-updates/main arm64 libc6-dev arm64 2.31-0ubuntu9.9 [2069 kB]\n#6 4.413 Get:51 http://ports.ubuntu.com/ubuntu-ports focal-updates/main arm64 gcc-9-base arm64 9.4.0-1ubuntu1~20.04.1 [19.4 kB]\n#6 4.415 Get:52 http://ports.ubuntu.com/ubuntu-ports focal/main arm64 libisl22 arm64 0.22.1-1 [537 kB]\n#6 4.496 Get:53 http://ports.ubuntu.com/ubuntu-ports focal/main arm64 libmpfr6 arm64 4.0.2-1 [212 kB]\n#6 4.532 Get:54 http://ports.ubuntu.com/ubuntu-ports focal/main arm64 libmpc3 arm64 1.1.0-1 [37.2 kB]\n#6 4.541 Get:55 http://ports.ubuntu.com/ubuntu-ports focal-updates/main arm64 cpp-9 arm64 9.4.0-1ubuntu1~20.04.1 [5986 kB]\n#6 5.457 Get:56 http://ports.ubuntu.com/ubuntu-ports focal/main arm64 cpp arm64 4:9.3.0-1ubuntu2 [27.6 kB]\n#6 5.457 Get:57 http://ports.ubuntu.com/ubuntu-ports focal-updates/main arm64 libcc1-0 arm64 10.3.0-1ubuntu1~20.04 [46.4 kB]\n#6 5.468 Get:58 http://ports.ubuntu.com/ubuntu-ports focal-updates/main arm64 libgomp1 arm64 10.3.0-1ubuntu1~20.04 [93.4 kB]\n#6 5.485 Get:59 http://ports.ubuntu.com/ubuntu-ports focal-updates/main arm64 libitm1 arm64 10.3.0-1ubuntu1~20.04 [24.1 kB]\n#6 5.489 Get:60 http://ports.ubuntu.com/ubuntu-ports focal-updates/main arm64 libatomic1 arm64 10.3.0-1ubuntu1~20.04 [9820 B]\n#6 5.490 Get:61 http://ports.ubuntu.com/ubuntu-ports focal-updates/main arm64 libasan5 arm64 9.4.0-1ubuntu1~20.04.1 [2692 kB]\n#6 5.933 Get:62 http://ports.ubuntu.com/ubuntu-ports focal-updates/main arm64 liblsan0 arm64 10.3.0-1ubuntu1~20.04 [801 kB]\n#6 6.061 Get:63 http://ports.ubuntu.com/ubuntu-ports focal-updates/main arm64 libtsan0 arm64 10.3.0-1ubuntu1~20.04 [1969 kB]\n#6 6.417 Get:64 http://ports.ubuntu.com/ubuntu-ports focal-updates/main arm64 libubsan1 arm64 10.3.0-1ubuntu1~20.04 [765 kB]\n#6 6.538 Get:65 http://ports.ubuntu.com/ubuntu-ports focal-updates/main arm64 libgcc-9-dev arm64 9.4.0-1ubuntu1~20.04.1 [920 kB]\n#6 6.706 Get:66 http://ports.ubuntu.com/ubuntu-ports focal-updates/main arm64 gcc-9 arm64 9.4.0-1ubuntu1~20.04.1 [6738 kB]\n#6 7.906 Get:67 http://ports.ubuntu.com/ubuntu-ports focal/main arm64 gcc arm64 4:9.3.0-1ubuntu2 [5228 B]\n#6 7.906 Get:68 http://ports.ubuntu.com/ubuntu-ports focal-updates/main arm64 libstdc++-9-dev arm64 9.4.0-1ubuntu1~20.04.1 [1688 kB]\n#6 8.190 Get:69 http://ports.ubuntu.com/ubuntu-ports focal-updates/main arm64 g++-9 arm64 9.4.0-1ubuntu1~20.04.1 [6843 kB]\n#6 9.402 Get:70 http://ports.ubuntu.com/ubuntu-ports focal/main arm64 g++ arm64 4:9.3.0-1ubuntu2 [1592 B]\n#6 9.402 Get:71 http://ports.ubuntu.com/ubuntu-ports focal/main arm64 make arm64 4.2.1-1.2 [154 kB]\n#6 9.427 Get:72 http://ports.ubuntu.com/ubuntu-ports focal-updates/main arm64 libdpkg-perl all 1.19.7ubuntu3.2 [231 kB]\n#6 9.462 Get:73 http://ports.ubuntu.com/ubuntu-ports focal/main arm64 patch arm64 2.7.6-6 [98.1 kB]\n#6 9.482 Get:74 http://ports.ubuntu.com/ubuntu-ports focal-updates/main arm64 dpkg-dev all 1.19.7ubuntu3.2 [679 kB]\n#6 9.617 Get:75 http://ports.ubuntu.com/ubuntu-ports focal-updates/main arm64 build-essential arm64 12.8ubuntu1.1 [4664 B]\n#6 9.621 Get:76 http://ports.ubuntu.com/ubuntu-ports focal-updates/main arm64 libbrotli1 arm64 1.0.7-6ubuntu0.1 [257 kB]\n#6 9.663 Get:77 http://ports.ubuntu.com/ubuntu-ports focal-updates/main arm64 libroken18-heimdal arm64 7.7.0+dfsg-1ubuntu1.2 [39.6 kB]\n#6 9.666 Get:78 http://ports.ubuntu.com/ubuntu-ports focal-updates/main arm64 libasn1-8-heimdal arm64 7.7.0+dfsg-1ubuntu1.2 [150 kB]\n#6 9.695 Get:79 http://ports.ubuntu.com/ubuntu-ports focal-updates/main arm64 libheimbase1-heimdal arm64 7.7.0+dfsg-1ubuntu1.2 [28.2 kB]\n#6 9.704 Get:80 http://ports.ubuntu.com/ubuntu-ports focal-updates/main arm64 libhcrypto4-heimdal arm64 7.7.0+dfsg-1ubuntu1.2 [86.2 kB]\n#6 9.723 Get:81 http://ports.ubuntu.com/ubuntu-ports focal-updates/main arm64 libwind0-heimdal arm64 7.7.0+dfsg-1ubuntu1.2 [47.4 kB]\n#6 9.728 Get:82 http://ports.ubuntu.com/ubuntu-ports focal-updates/main arm64 libhx509-5-heimdal arm64 7.7.0+dfsg-1ubuntu1.2 [98.6 kB]\n#6 9.755 Get:83 http://ports.ubuntu.com/ubuntu-ports focal-updates/main arm64 libkrb5-26-heimdal arm64 7.7.0+dfsg-1ubuntu1.2 [191 kB]\n#6 9.774 Get:84 http://ports.ubuntu.com/ubuntu-ports focal-updates/main arm64 libheimntlm0-heimdal arm64 7.7.0+dfsg-1ubuntu1.2 [14.7 kB]\n#6 9.785 Get:85 http://ports.ubuntu.com/ubuntu-ports focal-updates/main arm64 libgssapi3-heimdal arm64 7.7.0+dfsg-1ubuntu1.2 [88.2 kB]\n#6 9.792 Get:86 http://ports.ubuntu.com/ubuntu-ports focal-updates/main arm64 libsasl2-modules-db arm64 2.1.27+dfsg-2ubuntu0.1 [14.9 kB]\n#6 9.796 Get:87 http://ports.ubuntu.com/ubuntu-ports focal-updates/main arm64 libsasl2-2 arm64 2.1.27+dfsg-2ubuntu0.1 [48.4 kB]\n#6 9.803 Get:88 http://ports.ubuntu.com/ubuntu-ports focal-updates/main arm64 libldap-common all 2.4.49+dfsg-2ubuntu1.9 [16.6 kB]\n#6 9.806 Get:89 http://ports.ubuntu.com/ubuntu-ports focal-updates/main arm64 libldap-2.4-2 arm64 2.4.49+dfsg-2ubuntu1.9 [145 kB]\n#6 9.830 Get:90 http://ports.ubuntu.com/ubuntu-ports focal/main arm64 libnghttp2-14 arm64 1.40.0-1build1 [74.7 kB]\n#6 9.847 Get:91 http://ports.ubuntu.com/ubuntu-ports focal/main arm64 librtmp1 arm64 2.4+20151223.gitfa8646d.1-2build1 [53.3 kB]\n#6 9.854 Get:92 http://ports.ubuntu.com/ubuntu-ports focal-updates/main arm64 libssh-4 arm64 0.9.3-2ubuntu2.2 [159 kB]\n#6 9.889 Get:93 http://ports.ubuntu.com/ubuntu-ports focal-updates/main arm64 libcurl4 arm64 7.68.0-1ubuntu2.14 [216 kB]\n#6 9.931 Get:94 http://ports.ubuntu.com/ubuntu-ports focal-updates/main arm64 curl arm64 7.68.0-1ubuntu2.14 [157 kB]\n#6 9.957 Get:95 http://ports.ubuntu.com/ubuntu-ports focal/main arm64 libassuan0 arm64 2.5.3-7ubuntu2 [33.1 kB]\n#6 9.963 Get:96 http://ports.ubuntu.com/ubuntu-ports focal-updates/main arm64 gpgconf arm64 2.2.19-3ubuntu2.2 [117 kB]\n#6 9.980 Get:97 http://ports.ubuntu.com/ubuntu-ports focal-updates/main arm64 libksba8 arm64 1.3.5-2ubuntu0.20.04.1 [88.9 kB]\n#6 9.992 Get:98 http://ports.ubuntu.com/ubuntu-ports focal/main arm64 libnpth0 arm64 1.6-1 [7440 B]\n#6 9.993 Get:99 http://ports.ubuntu.com/ubuntu-ports focal-updates/main arm64 dirmngr arm64 2.2.19-3ubuntu2.2 [311 kB]\n#6 10.04 Get:100 http://ports.ubuntu.com/ubuntu-ports focal/main arm64 libfakeroot arm64 1.24-1 [26.0 kB]\n#6 10.04 Get:101 http://ports.ubuntu.com/ubuntu-ports focal/main arm64 fakeroot arm64 1.24-1 [61.9 kB]\n#6 10.12 Get:102 http://ports.ubuntu.com/ubuntu-ports focal-updates/main arm64 libcurl3-gnutls arm64 7.68.0-1ubuntu2.14 [213 kB]\n#6 10.27 Get:103 http://ports.ubuntu.com/ubuntu-ports focal/main arm64 liberror-perl all 0.17029-1 [26.5 kB]\n#6 10.28 Get:104 http://ports.ubuntu.com/ubuntu-ports focal-updates/main arm64 git-man all 1:2.25.1-1ubuntu3.6 [887 kB]\n#6 10.42 Get:105 http://ports.ubuntu.com/ubuntu-ports focal-updates/main arm64 git arm64 1:2.25.1-1ubuntu3.6 [4338 kB]\n#6 11.21 Get:106 http://ports.ubuntu.com/ubuntu-ports focal-updates/main arm64 gnupg-l10n all 2.2.19-3ubuntu2.2 [51.7 kB]\n#6 11.22 Get:107 http://ports.ubuntu.com/ubuntu-ports focal-updates/main arm64 gnupg-utils arm64 2.2.19-3ubuntu2.2 [441 kB]\n#6 11.30 Get:108 http://ports.ubuntu.com/ubuntu-ports focal-updates/main arm64 gpg arm64 2.2.19-3ubuntu2.2 [442 kB]\n#6 11.37 Get:109 http://ports.ubuntu.com/ubuntu-ports focal/main arm64 pinentry-curses arm64 1.1.0-3build1 [34.3 kB]\n#6 11.37 Get:110 http://ports.ubuntu.com/ubuntu-ports focal-updates/main arm64 gpg-agent arm64 2.2.19-3ubuntu2.2 [216 kB]\n#6 11.41 Get:111 http://ports.ubuntu.com/ubuntu-ports focal-updates/main arm64 gpg-wks-client arm64 2.2.19-3ubuntu2.2 [89.4 kB]\n#6 11.42 Get:112 http://ports.ubuntu.com/ubuntu-ports focal-updates/main arm64 gpg-wks-server arm64 2.2.19-3ubuntu2.2 [83.1 kB]\n#6 11.44 Get:113 http://ports.ubuntu.com/ubuntu-ports focal-updates/main arm64 gpgsm arm64 2.2.19-3ubuntu2.2 [198 kB]\n#6 11.47 Get:114 http://ports.ubuntu.com/ubuntu-ports focal-updates/main arm64 gnupg all 2.2.19-3ubuntu2.2 [259 kB]\n#6 11.51 Get:115 http://ports.ubuntu.com/ubuntu-ports focal/main arm64 libalgorithm-diff-perl all 1.19.03-2 [46.6 kB]\n#6 11.52 Get:116 http://ports.ubuntu.com/ubuntu-ports focal/main arm64 libalgorithm-diff-xs-perl arm64 0.04-6 [11.1 kB]\n#6 11.52 Get:117 http://ports.ubuntu.com/ubuntu-ports focal/main arm64 libalgorithm-merge-perl all 0.08-3 [12.0 kB]\n#6 11.53 Get:118 http://ports.ubuntu.com/ubuntu-ports focal/main arm64 libfile-fcntllock-perl arm64 0.22-3build4 [33.0 kB]\n#6 11.53 Get:119 http://ports.ubuntu.com/ubuntu-ports focal-updates/main arm64 libsasl2-modules arm64 2.1.27+dfsg-2ubuntu0.1 [46.1 kB]\n#6 11.54 Get:120 http://ports.ubuntu.com/ubuntu-ports focal/main arm64 manpages-dev all 5.05-1 [2266 kB]\n#6 12.05 debconf: delaying package configuration, since apt-utils is not installed\n#6 12.07 Fetched 62.5 MB in 11s (5810 kB/s)\n#6 12.09 Selecting previously unselected package liblocale-gettext-perl.\r\n#6 12.09 (Reading database ... \r(Reading database ... 5%\r(Reading database ... 10%\r(Reading database ... 15%\r(Reading database ... 20%\r(Reading database ... 25%\r(Reading database ... 30%\r(Reading database ... 35%\r(Reading database ... 40%\r(Reading database ... 45%\r(Reading database ... 50%\r(Reading database ... 55%\r(Reading database ... 60%\r(Reading database ... 65%\r(Reading database ... 70%\r(Reading database ... 75%\r(Reading database ... 80%\r(Reading database ... 85%\r(Reading database ... 90%\r(Reading database ... 95%\r(Reading database ... 100%\r(Reading database ... 4119 files and directories currently installed.)\r\n#6 12.09 Preparing to unpack .../000-liblocale-gettext-perl_1.07-4_arm64.deb ...\r\n#6 12.09 Unpacking liblocale-gettext-perl (1.07-4) ...\r\n#6 12.11 Selecting previously unselected package libpopt0:arm64.\r\n#6 12.11 Preparing to unpack .../001-libpopt0_1.16-14_arm64.deb ...\r\n#6 12.11 Unpacking libpopt0:arm64 (1.16-14) ...\r\n#6 12.13 Selecting previously unselected package rsync.\r\n#6 12.13 Preparing to unpack .../002-rsync_3.1.3-8ubuntu0.4_arm64.deb ...\r\n#6 12.13 Unpacking rsync (3.1.3-8ubuntu0.4) ...\r\n#6 12.17 Selecting previously unselected package perl-modules-5.30.\r\n#6 12.17 Preparing to unpack .../003-perl-modules-5.30_5.30.0-9ubuntu0.3_all.deb ...\r\n#6 12.17 Unpacking perl-modules-5.30 (5.30.0-9ubuntu0.3) ...\r\n#6 12.46 Selecting previously unselected package libgdbm6:arm64.\r\n#6 12.47 Preparing to unpack .../004-libgdbm6_1.18.1-5_arm64.deb ...\r\n#6 12.47 Unpacking libgdbm6:arm64 (1.18.1-5) ...\r\n#6 12.49 Selecting previously unselected package libgdbm-compat4:arm64.\r\n#6 12.49 Preparing to unpack .../005-libgdbm-compat4_1.18.1-5_arm64.deb ...\r\n#6 12.49 Unpacking libgdbm-compat4:arm64 (1.18.1-5) ...\r\n#6 12.51 Selecting previously unselected package libperl5.30:arm64.\r\n#6 12.51 Preparing to unpack .../006-libperl5.30_5.30.0-9ubuntu0.3_arm64.deb ...\r\n#6 12.51 Unpacking libperl5.30:arm64 (5.30.0-9ubuntu0.3) ...\r\n#6 12.82 Selecting previously unselected package perl.\r\n#6 12.82 Preparing to unpack .../007-perl_5.30.0-9ubuntu0.3_arm64.deb ...\r\n#6 12.83 Unpacking perl (5.30.0-9ubuntu0.3) ...\r\n#6 12.87 Selecting previously unselected package libssl1.1:arm64.\r\n#6 12.87 Preparing to unpack .../008-libssl1.1_1.1.1f-1ubuntu2.16_arm64.deb ...\r\n#6 12.87 Unpacking libssl1.1:arm64 (1.1.1f-1ubuntu2.16) ...\r\n#6 12.96 Selecting previously unselected package openssl.\r\n#6 12.96 Preparing to unpack .../009-openssl_1.1.1f-1ubuntu2.16_arm64.deb ...\r\n#6 12.96 Unpacking openssl (1.1.1f-1ubuntu2.16) ...\r\n#6 13.02 Selecting previously unselected package ca-certificates.\r\n#6 13.02 Preparing to unpack .../010-ca-certificates_20211016ubuntu0.20.04.1_all.deb ...\r\n#6 13.02 Unpacking ca-certificates (20211016ubuntu0.20.04.1) ...\r\n#6 13.05 Selecting previously unselected package less.\r\n#6 13.06 Preparing to unpack .../011-less_551-1ubuntu0.1_arm64.deb ...\r\n#6 13.06 Unpacking less (551-1ubuntu0.1) ...\r\n#6 13.09 Selecting previously unselected package libbsd0:arm64.\r\n#6 13.09 Preparing to unpack .../012-libbsd0_0.10.0-1_arm64.deb ...\r\n#6 13.09 Unpacking libbsd0:arm64 (0.10.0-1) ...\r\n#6 13.11 Selecting previously unselected package libexpat1:arm64.\r\n#6 13.11 Preparing to unpack .../013-libexpat1_2.2.9-1ubuntu0.6_arm64.deb ...\r\n#6 13.12 Unpacking libexpat1:arm64 (2.2.9-1ubuntu0.6) ...\r\n#6 13.14 Selecting previously unselected package readline-common.\r\n#6 13.14 Preparing to unpack .../014-readline-common_8.0-4_all.deb ...\r\n#6 13.14 Unpacking readline-common (8.0-4) ...\r\n#6 13.17 Selecting previously unselected package libreadline8:arm64.\r\n#6 13.17 Preparing to unpack .../015-libreadline8_8.0-4_arm64.deb ...\r\n#6 13.17 Unpacking libreadline8:arm64 (8.0-4) ...\r\n#6 13.20 Selecting previously unselected package libsqlite3-0:arm64.\r\n#6 13.20 Preparing to unpack .../016-libsqlite3-0_3.31.1-4ubuntu0.5_arm64.deb ...\r\n#6 13.20 Unpacking libsqlite3-0:arm64 (3.31.1-4ubuntu0.5) ...\r\n#6 13.25 Selecting previously unselected package netbase.\r\n#6 13.25 Preparing to unpack .../017-netbase_6.1_all.deb ...\r\n#6 13.25 Unpacking netbase (6.1) ...\r\n#6 13.27 Selecting previously unselected package xz-utils.\r\n#6 13.27 Preparing to unpack .../018-xz-utils_5.2.4-1ubuntu1.1_arm64.deb ...\r\n#6 13.27 Unpacking xz-utils (5.2.4-1ubuntu1.1) ...\r\n#6 13.29 Selecting previously unselected package krb5-locales.\r\n#6 13.29 Preparing to unpack .../019-krb5-locales_1.17-6ubuntu4.1_all.deb ...\r\n#6 13.30 Unpacking krb5-locales (1.17-6ubuntu4.1) ...\r\n#6 13.31 Selecting previously unselected package libcbor0.6:arm64.\r\n#6 13.31 Preparing to unpack .../020-libcbor0.6_0.6.0-0ubuntu1_arm64.deb ...\r\n#6 13.32 Unpacking libcbor0.6:arm64 (0.6.0-0ubuntu1) ...\r\n#6 13.34 Selecting previously unselected package libedit2:arm64.\r\n#6 13.34 Preparing to unpack .../021-libedit2_3.1-20191231-1_arm64.deb ...\r\n#6 13.34 Unpacking libedit2:arm64 (3.1-20191231-1) ...\r\n#6 13.37 Selecting previously unselected package libfido2-1:arm64.\r\n#6 13.37 Preparing to unpack .../022-libfido2-1_1.3.1-1ubuntu2_arm64.deb ...\r\n#6 13.37 Unpacking libfido2-1:arm64 (1.3.1-1ubuntu2) ...\r\n#6 13.39 Selecting previously unselected package libkrb5support0:arm64.\r\n#6 13.39 Preparing to unpack .../023-libkrb5support0_1.17-6ubuntu4.1_arm64.deb ...\r\n#6 13.39 Unpacking libkrb5support0:arm64 (1.17-6ubuntu4.1) ...\r\n#6 13.41 Selecting previously unselected package libk5crypto3:arm64.\r\n#6 13.41 Preparing to unpack .../024-libk5crypto3_1.17-6ubuntu4.1_arm64.deb ...\r\n#6 13.42 Unpacking libk5crypto3:arm64 (1.17-6ubuntu4.1) ...\r\n#6 13.44 Selecting previously unselected package libkeyutils1:arm64.\r\n#6 13.44 Preparing to unpack .../025-libkeyutils1_1.6-6ubuntu1.1_arm64.deb ...\r\n#6 13.44 Unpacking libkeyutils1:arm64 (1.6-6ubuntu1.1) ...\r\n#6 13.46 Selecting previously unselected package libkrb5-3:arm64.\r\n#6 13.46 Preparing to unpack .../026-libkrb5-3_1.17-6ubuntu4.1_arm64.deb ...\r\n#6 13.46 Unpacking libkrb5-3:arm64 (1.17-6ubuntu4.1) ...\r\n#6 13.50 Selecting previously unselected package libgssapi-krb5-2:arm64.\r\n#6 13.50 Preparing to unpack .../027-libgssapi-krb5-2_1.17-6ubuntu4.1_arm64.deb ...\r\n#6 13.50 Unpacking libgssapi-krb5-2:arm64 (1.17-6ubuntu4.1) ...\r\n#6 13.54 Selecting previously unselected package libpsl5:arm64.\r\n#6 13.54 Preparing to unpack .../028-libpsl5_0.21.0-1ubuntu1_arm64.deb ...\r\n#6 13.54 Unpacking libpsl5:arm64 (0.21.0-1ubuntu1) ...\r\n#6 13.55 Selecting previously unselected package libxau6:arm64.\r\n#6 13.56 Preparing to unpack .../029-libxau6_1%3a1.0.9-0ubuntu1_arm64.deb ...\r\n#6 13.56 Unpacking libxau6:arm64 (1:1.0.9-0ubuntu1) ...\r\n#6 13.57 Selecting previously unselected package libxdmcp6:arm64.\r\n#6 13.57 Preparing to unpack .../030-libxdmcp6_1%3a1.1.3-0ubuntu1_arm64.deb ...\r\n#6 13.57 Unpacking libxdmcp6:arm64 (1:1.1.3-0ubuntu1) ...\r\n#6 13.59 Selecting previously unselected package libxcb1:arm64.\r\n#6 13.59 Preparing to unpack .../031-libxcb1_1.14-2_arm64.deb ...\r\n#6 13.59 Unpacking libxcb1:arm64 (1.14-2) ...\r\n#6 13.61 Selecting previously unselected package libx11-data.\r\n#6 13.61 Preparing to unpack .../032-libx11-data_2%3a1.6.9-2ubuntu1.2_all.deb ...\r\n#6 13.61 Unpacking libx11-data (2:1.6.9-2ubuntu1.2) ...\r\n#6 13.66 Selecting previously unselected package libx11-6:arm64.\r\n#6 13.66 Preparing to unpack .../033-libx11-6_2%3a1.6.9-2ubuntu1.2_arm64.deb ...\r\n#6 13.66 Unpacking libx11-6:arm64 (2:1.6.9-2ubuntu1.2) ...\r\n#6 13.71 Selecting previously unselected package libxext6:arm64.\r\n#6 13.71 Preparing to unpack .../034-libxext6_2%3a1.3.4-0ubuntu1_arm64.deb ...\r\n#6 13.71 Unpacking libxext6:arm64 (2:1.3.4-0ubuntu1) ...\r\n#6 13.73 Selecting previously unselected package libxmuu1:arm64.\r\n#6 13.73 Preparing to unpack .../035-libxmuu1_2%3a1.1.3-0ubuntu1_arm64.deb ...\r\n#6 13.73 Unpacking libxmuu1:arm64 (2:1.1.3-0ubuntu1) ...\r\n#6 13.75 Selecting previously unselected package manpages.\r\n#6 13.75 Preparing to unpack .../036-manpages_5.05-1_all.deb ...\r\n#6 13.75 Unpacking manpages (5.05-1) ...\r\n#6 13.82 Selecting previously unselected package openssh-client.\r\n#6 13.82 Preparing to unpack .../037-openssh-client_1%3a8.2p1-4ubuntu0.5_arm64.deb ...\r\n#6 13.83 Unpacking openssh-client (1:8.2p1-4ubuntu0.5) ...\r\n#6 13.89 Selecting previously unselected package publicsuffix.\r\n#6 13.89 Preparing to unpack .../038-publicsuffix_20200303.0012-1_all.deb ...\r\n#6 13.89 Unpacking publicsuffix (20200303.0012-1) ...\r\n#6 13.91 Selecting previously unselected package xauth.\r\n#6 13.91 Preparing to unpack .../039-xauth_1%3a1.1-0ubuntu1_arm64.deb ...\r\n#6 13.91 Unpacking xauth (1:1.1-0ubuntu1) ...\r\n#6 13.92 Selecting previously unselected package binutils-common:arm64.\r\n#6 13.92 Preparing to unpack .../040-binutils-common_2.34-6ubuntu1.4_arm64.deb ...\r\n#6 13.93 Unpacking binutils-common:arm64 (2.34-6ubuntu1.4) ...\r\n#6 13.95 Selecting previously unselected package libbinutils:arm64.\r\n#6 13.95 Preparing to unpack .../041-libbinutils_2.34-6ubuntu1.4_arm64.deb ...\r\n#6 13.96 Unpacking libbinutils:arm64 (2.34-6ubuntu1.4) ...\r\n#6 14.00 Selecting previously unselected package libctf-nobfd0:arm64.\r\n#6 14.00 Preparing to unpack .../042-libctf-nobfd0_2.34-6ubuntu1.4_arm64.deb ...\r\n#6 14.00 Unpacking libctf-nobfd0:arm64 (2.34-6ubuntu1.4) ...\r\n#6 14.02 Selecting previously unselected package libctf0:arm64.\r\n#6 14.02 Preparing to unpack .../043-libctf0_2.34-6ubuntu1.4_arm64.deb ...\r\n#6 14.02 Unpacking libctf0:arm64 (2.34-6ubuntu1.4) ...\r\n#6 14.04 Selecting previously unselected package binutils-aarch64-linux-gnu.\r\n#6 14.04 Preparing to unpack .../044-binutils-aarch64-linux-gnu_2.34-6ubuntu1.4_arm64.deb ...\r\n#6 14.04 Unpacking binutils-aarch64-linux-gnu (2.34-6ubuntu1.4) ...\r\n#6 14.22 Selecting previously unselected package binutils.\r\n#6 14.22 Preparing to unpack .../045-binutils_2.34-6ubuntu1.4_arm64.deb ...\r\n#6 14.22 Unpacking binutils (2.34-6ubuntu1.4) ...\r\n#6 14.24 Selecting previously unselected package libc-dev-bin.\r\n#6 14.24 Preparing to unpack .../046-libc-dev-bin_2.31-0ubuntu9.9_arm64.deb ...\r\n#6 14.24 Unpacking libc-dev-bin (2.31-0ubuntu9.9) ...\r\n#6 14.26 Selecting previously unselected package linux-libc-dev:arm64.\r\n#6 14.26 Preparing to unpack .../047-linux-libc-dev_5.4.0-135.152_arm64.deb ...\r\n#6 14.27 Unpacking linux-libc-dev:arm64 (5.4.0-135.152) ...\r\n#6 14.39 Selecting previously unselected package libcrypt-dev:arm64.\r\n#6 14.39 Preparing to unpack .../048-libcrypt-dev_1%3a4.4.10-10ubuntu4_arm64.deb ...\r\n#6 14.39 Unpacking libcrypt-dev:arm64 (1:4.4.10-10ubuntu4) ...\r\n#6 14.41 Selecting previously unselected package libc6-dev:arm64.\r\n#6 14.41 Preparing to unpack .../049-libc6-dev_2.31-0ubuntu9.9_arm64.deb ...\r\n#6 14.41 Unpacking libc6-dev:arm64 (2.31-0ubuntu9.9) ...\r\n#6 14.61 Selecting previously unselected package gcc-9-base:arm64.\r\n#6 14.61 Preparing to unpack .../050-gcc-9-base_9.4.0-1ubuntu1~20.04.1_arm64.deb ...\r\n#6 14.61 Unpacking gcc-9-base:arm64 (9.4.0-1ubuntu1~20.04.1) ...\r\n#6 14.63 Selecting previously unselected package libisl22:arm64.\r\n#6 14.63 Preparing to unpack .../051-libisl22_0.22.1-1_arm64.deb ...\r\n#6 14.63 Unpacking libisl22:arm64 (0.22.1-1) ...\r\n#6 14.69 Selecting previously unselected package libmpfr6:arm64.\r\n#6 14.69 Preparing to unpack .../052-libmpfr6_4.0.2-1_arm64.deb ...\r\n#6 14.69 Unpacking libmpfr6:arm64 (4.0.2-1) ...\r\n#6 14.72 Selecting previously unselected package libmpc3:arm64.\r\n#6 14.72 Preparing to unpack .../053-libmpc3_1.1.0-1_arm64.deb ...\r\n#6 14.72 Unpacking libmpc3:arm64 (1.1.0-1) ...\r\n#6 14.74 Selecting previously unselected package cpp-9.\r\n#6 14.74 Preparing to unpack .../054-cpp-9_9.4.0-1ubuntu1~20.04.1_arm64.deb ...\r\n#6 14.74 Unpacking cpp-9 (9.4.0-1ubuntu1~20.04.1) ...\r\n#6 15.09 Selecting previously unselected package cpp.\r\n#6 15.09 Preparing to unpack .../055-cpp_4%3a9.3.0-1ubuntu2_arm64.deb ...\r\n#6 15.09 Unpacking cpp (4:9.3.0-1ubuntu2) ...\r\n#6 15.11 Selecting previously unselected package libcc1-0:arm64.\r\n#6 15.11 Preparing to unpack .../056-libcc1-0_10.3.0-1ubuntu1~20.04_arm64.deb ...\r\n#6 15.11 Unpacking libcc1-0:arm64 (10.3.0-1ubuntu1~20.04) ...\r\n#6 15.13 Selecting previously unselected package libgomp1:arm64.\r\n#6 15.13 Preparing to unpack .../057-libgomp1_10.3.0-1ubuntu1~20.04_arm64.deb ...\r\n#6 15.13 Unpacking libgomp1:arm64 (10.3.0-1ubuntu1~20.04) ...\r\n#6 15.15 Selecting previously unselected package libitm1:arm64.\r\n#6 15.15 Preparing to unpack .../058-libitm1_10.3.0-1ubuntu1~20.04_arm64.deb ...\r\n#6 15.15 Unpacking libitm1:arm64 (10.3.0-1ubuntu1~20.04) ...\r\n#6 15.17 Selecting previously unselected package libatomic1:arm64.\r\n#6 15.17 Preparing to unpack .../059-libatomic1_10.3.0-1ubuntu1~20.04_arm64.deb ...\r\n#6 15.17 Unpacking libatomic1:arm64 (10.3.0-1ubuntu1~20.04) ...\r\n#6 15.19 Selecting previously unselected package libasan5:arm64.\r\n#6 15.19 Preparing to unpack .../060-libasan5_9.4.0-1ubuntu1~20.04.1_arm64.deb ...\r\n#6 15.20 Unpacking libasan5:arm64 (9.4.0-1ubuntu1~20.04.1) ...\r\n#6 15.42 Selecting previously unselected package liblsan0:arm64.\r\n#6 15.42 Preparing to unpack .../061-liblsan0_10.3.0-1ubuntu1~20.04_arm64.deb ...\r\n#6 15.42 Unpacking liblsan0:arm64 (10.3.0-1ubuntu1~20.04) ...\r\n#6 15.49 Selecting previously unselected package libtsan0:arm64.\r\n#6 15.49 Preparing to unpack .../062-libtsan0_10.3.0-1ubuntu1~20.04_arm64.deb ...\r\n#6 15.49 Unpacking libtsan0:arm64 (10.3.0-1ubuntu1~20.04) ...\r\n#6 15.65 Selecting previously unselected package libubsan1:arm64.\r\n#6 15.65 Preparing to unpack .../063-libubsan1_10.3.0-1ubuntu1~20.04_arm64.deb ...\r\n#6 15.65 Unpacking libubsan1:arm64 (10.3.0-1ubuntu1~20.04) ...\r\n#6 15.71 Selecting previously unselected package libgcc-9-dev:arm64.\r\n#6 15.72 Preparing to unpack .../064-libgcc-9-dev_9.4.0-1ubuntu1~20.04.1_arm64.deb ...\r\n#6 15.72 Unpacking libgcc-9-dev:arm64 (9.4.0-1ubuntu1~20.04.1) ...\r\n#6 15.82 Selecting previously unselected package gcc-9.\r\n#6 15.82 Preparing to unpack .../065-gcc-9_9.4.0-1ubuntu1~20.04.1_arm64.deb ...\r\n#6 15.82 Unpacking gcc-9 (9.4.0-1ubuntu1~20.04.1) ...\r\n#6 16.22 Selecting previously unselected package gcc.\r\n#6 16.22 Preparing to unpack .../066-gcc_4%3a9.3.0-1ubuntu2_arm64.deb ...\r\n#6 16.22 Unpacking gcc (4:9.3.0-1ubuntu2) ...\r\n#6 16.24 Selecting previously unselected package libstdc++-9-dev:arm64.\r\n#6 16.24 Preparing to unpack .../067-libstdc++-9-dev_9.4.0-1ubuntu1~20.04.1_arm64.deb ...\r\n#6 16.25 Unpacking libstdc++-9-dev:arm64 (9.4.0-1ubuntu1~20.04.1) ...\r\n#6 16.43 Selecting previously unselected package g++-9.\r\n#6 16.43 Preparing to unpack .../068-g++-9_9.4.0-1ubuntu1~20.04.1_arm64.deb ...\r\n#6 16.43 Unpacking g++-9 (9.4.0-1ubuntu1~20.04.1) ...\r\n#6 16.85 Selecting previously unselected package g++.\r\n#6 16.85 Preparing to unpack .../069-g++_4%3a9.3.0-1ubuntu2_arm64.deb ...\r\n#6 16.85 Unpacking g++ (4:9.3.0-1ubuntu2) ...\r\n#6 16.87 Selecting previously unselected package make.\r\n#6 16.87 Preparing to unpack .../070-make_4.2.1-1.2_arm64.deb ...\r\n#6 16.87 Unpacking make (4.2.1-1.2) ...\r\n#6 16.89 Selecting previously unselected package libdpkg-perl.\r\n#6 16.90 Preparing to unpack .../071-libdpkg-perl_1.19.7ubuntu3.2_all.deb ...\r\n#6 16.90 Unpacking libdpkg-perl (1.19.7ubuntu3.2) ...\r\n#6 16.93 Selecting previously unselected package patch.\r\n#6 16.93 Preparing to unpack .../072-patch_2.7.6-6_arm64.deb ...\r\n#6 16.93 Unpacking patch (2.7.6-6) ...\r\n#6 16.95 Selecting previously unselected package dpkg-dev.\r\n#6 16.95 Preparing to unpack .../073-dpkg-dev_1.19.7ubuntu3.2_all.deb ...\r\n#6 16.95 Unpacking dpkg-dev (1.19.7ubuntu3.2) ...\r\n#6 17.01 Selecting previously unselected package build-essential.\r\n#6 17.01 Preparing to unpack .../074-build-essential_12.8ubuntu1.1_arm64.deb ...\r\n#6 17.01 Unpacking build-essential (12.8ubuntu1.1) ...\r\n#6 17.02 Selecting previously unselected package libbrotli1:arm64.\r\n#6 17.02 Preparing to unpack .../075-libbrotli1_1.0.7-6ubuntu0.1_arm64.deb ...\r\n#6 17.03 Unpacking libbrotli1:arm64 (1.0.7-6ubuntu0.1) ...\r\n#6 17.06 Selecting previously unselected package libroken18-heimdal:arm64.\r\n#6 17.06 Preparing to unpack .../076-libroken18-heimdal_7.7.0+dfsg-1ubuntu1.2_arm64.deb ...\r\n#6 17.06 Unpacking libroken18-heimdal:arm64 (7.7.0+dfsg-1ubuntu1.2) ...\r\n#6 17.08 Selecting previously unselected package libasn1-8-heimdal:arm64.\r\n#6 17.09 Preparing to unpack .../077-libasn1-8-heimdal_7.7.0+dfsg-1ubuntu1.2_arm64.deb ...\r\n#6 17.09 Unpacking libasn1-8-heimdal:arm64 (7.7.0+dfsg-1ubuntu1.2) ...\r\n#6 17.11 Selecting previously unselected package libheimbase1-heimdal:arm64.\r\n#6 17.11 Preparing to unpack .../078-libheimbase1-heimdal_7.7.0+dfsg-1ubuntu1.2_arm64.deb ...\r\n#6 17.12 Unpacking libheimbase1-heimdal:arm64 (7.7.0+dfsg-1ubuntu1.2) ...\r\n#6 17.13 Selecting previously unselected package libhcrypto4-heimdal:arm64.\r\n#6 17.13 Preparing to unpack .../079-libhcrypto4-heimdal_7.7.0+dfsg-1ubuntu1.2_arm64.deb ...\r\n#6 17.14 Unpacking libhcrypto4-heimdal:arm64 (7.7.0+dfsg-1ubuntu1.2) ...\r\n#6 17.16 Selecting previously unselected package libwind0-heimdal:arm64.\r\n#6 17.16 Preparing to unpack .../080-libwind0-heimdal_7.7.0+dfsg-1ubuntu1.2_arm64.deb ...\r\n#6 17.16 Unpacking libwind0-heimdal:arm64 (7.7.0+dfsg-1ubuntu1.2) ...\r\n#6 17.18 Selecting previously unselected package libhx509-5-heimdal:arm64.\r\n#6 17.18 Preparing to unpack .../081-libhx509-5-heimdal_7.7.0+dfsg-1ubuntu1.2_arm64.deb ...\r\n#6 17.19 Unpacking libhx509-5-heimdal:arm64 (7.7.0+dfsg-1ubuntu1.2) ...\r\n#6 17.21 Selecting previously unselected package libkrb5-26-heimdal:arm64.\r\n#6 17.21 Preparing to unpack .../082-libkrb5-26-heimdal_7.7.0+dfsg-1ubuntu1.2_arm64.deb ...\r\n#6 17.21 Unpacking libkrb5-26-heimdal:arm64 (7.7.0+dfsg-1ubuntu1.2) ...\r\n#6 17.24 Selecting previously unselected package libheimntlm0-heimdal:arm64.\r\n#6 17.24 Preparing to unpack .../083-libheimntlm0-heimdal_7.7.0+dfsg-1ubuntu1.2_arm64.deb ...\r\n#6 17.25 Unpacking libheimntlm0-heimdal:arm64 (7.7.0+dfsg-1ubuntu1.2) ...\r\n#6 17.27 Selecting previously unselected package libgssapi3-heimdal:arm64.\r\n#6 17.27 Preparing to unpack .../084-libgssapi3-heimdal_7.7.0+dfsg-1ubuntu1.2_arm64.deb ...\r\n#6 17.28 Unpacking libgssapi3-heimdal:arm64 (7.7.0+dfsg-1ubuntu1.2) ...\r\n#6 17.30 Selecting previously unselected package libsasl2-modules-db:arm64.\r\n#6 17.30 Preparing to unpack .../085-libsasl2-modules-db_2.1.27+dfsg-2ubuntu0.1_arm64.deb ...\r\n#6 17.30 Unpacking libsasl2-modules-db:arm64 (2.1.27+dfsg-2ubuntu0.1) ...\r\n#6 17.32 Selecting previously unselected package libsasl2-2:arm64.\r\n#6 17.32 Preparing to unpack .../086-libsasl2-2_2.1.27+dfsg-2ubuntu0.1_arm64.deb ...\r\n#6 17.32 Unpacking libsasl2-2:arm64 (2.1.27+dfsg-2ubuntu0.1) ...\r\n#6 17.34 Selecting previously unselected package libldap-common.\r\n#6 17.34 Preparing to unpack .../087-libldap-common_2.4.49+dfsg-2ubuntu1.9_all.deb ...\r\n#6 17.35 Unpacking libldap-common (2.4.49+dfsg-2ubuntu1.9) ...\r\n#6 17.37 Selecting previously unselected package libldap-2.4-2:arm64.\r\n#6 17.37 Preparing to unpack .../088-libldap-2.4-2_2.4.49+dfsg-2ubuntu1.9_arm64.deb ...\r\n#6 17.37 Unpacking libldap-2.4-2:arm64 (2.4.49+dfsg-2ubuntu1.9) ...\r\n#6 17.39 Selecting previously unselected package libnghttp2-14:arm64.\r\n#6 17.39 Preparing to unpack .../089-libnghttp2-14_1.40.0-1build1_arm64.deb ...\r\n#6 17.40 Unpacking libnghttp2-14:arm64 (1.40.0-1build1) ...\r\n#6 17.42 Selecting previously unselected package librtmp1:arm64.\r\n#6 17.42 Preparing to unpack .../090-librtmp1_2.4+20151223.gitfa8646d.1-2build1_arm64.deb ...\r\n#6 17.42 Unpacking librtmp1:arm64 (2.4+20151223.gitfa8646d.1-2build1) ...\r\n#6 17.44 Selecting previously unselected package libssh-4:arm64.\r\n#6 17.44 Preparing to unpack .../091-libssh-4_0.9.3-2ubuntu2.2_arm64.deb ...\r\n#6 17.44 Unpacking libssh-4:arm64 (0.9.3-2ubuntu2.2) ...\r\n#6 17.47 Selecting previously unselected package libcurl4:arm64.\r\n#6 17.47 Preparing to unpack .../092-libcurl4_7.68.0-1ubuntu2.14_arm64.deb ...\r\n#6 17.47 Unpacking libcurl4:arm64 (7.68.0-1ubuntu2.14) ...\r\n#6 17.50 Selecting previously unselected package curl.\r\n#6 17.50 Preparing to unpack .../093-curl_7.68.0-1ubuntu2.14_arm64.deb ...\r\n#6 17.50 Unpacking curl (7.68.0-1ubuntu2.14) ...\r\n#6 17.53 Selecting previously unselected package libassuan0:arm64.\r\n#6 17.53 Preparing to unpack .../094-libassuan0_2.5.3-7ubuntu2_arm64.deb ...\r\n#6 17.53 Unpacking libassuan0:arm64 (2.5.3-7ubuntu2) ...\r\n#6 17.54 Selecting previously unselected package gpgconf.\r\n#6 17.55 Preparing to unpack .../095-gpgconf_2.2.19-3ubuntu2.2_arm64.deb ...\r\n#6 17.55 Unpacking gpgconf (2.2.19-3ubuntu2.2) ...\r\n#6 17.57 Selecting previously unselected package libksba8:arm64.\r\n#6 17.57 Preparing to unpack .../096-libksba8_1.3.5-2ubuntu0.20.04.1_arm64.deb ...\r\n#6 17.57 Unpacking libksba8:arm64 (1.3.5-2ubuntu0.20.04.1) ...\r\n#6 17.59 Selecting previously unselected package libnpth0:arm64.\r\n#6 17.59 Preparing to unpack .../097-libnpth0_1.6-1_arm64.deb ...\r\n#6 17.59 Unpacking libnpth0:arm64 (1.6-1) ...\r\n#6 17.61 Selecting previously unselected package dirmngr.\r\n#6 17.61 Preparing to unpack .../098-dirmngr_2.2.19-3ubuntu2.2_arm64.deb ...\r\n#6 17.62 Unpacking dirmngr (2.2.19-3ubuntu2.2) ...\r\n#6 17.66 Selecting previously unselected package libfakeroot:arm64.\r\n#6 17.66 Preparing to unpack .../099-libfakeroot_1.24-1_arm64.deb ...\r\n#6 17.66 Unpacking libfakeroot:arm64 (1.24-1) ...\r\n#6 17.68 Selecting previously unselected package fakeroot.\r\n#6 17.68 Preparing to unpack .../100-fakeroot_1.24-1_arm64.deb ...\r\n#6 17.68 Unpacking fakeroot (1.24-1) ...\r\n#6 17.70 Selecting previously unselected package libcurl3-gnutls:arm64.\r\n#6 17.70 Preparing to unpack .../101-libcurl3-gnutls_7.68.0-1ubuntu2.14_arm64.deb ...\r\n#6 17.70 Unpacking libcurl3-gnutls:arm64 (7.68.0-1ubuntu2.14) ...\r\n#6 17.73 Selecting previously unselected package liberror-perl.\r\n#6 17.73 Preparing to unpack .../102-liberror-perl_0.17029-1_all.deb ...\r\n#6 17.73 Unpacking liberror-perl (0.17029-1) ...\r\n#6 17.75 Selecting previously unselected package git-man.\r\n#6 17.75 Preparing to unpack .../103-git-man_1%3a2.25.1-1ubuntu3.6_all.deb ...\r\n#6 17.75 Unpacking git-man (1:2.25.1-1ubuntu3.6) ...\r\n#6 17.82 Selecting previously unselected package git.\r\n#6 17.82 Preparing to unpack .../104-git_1%3a2.25.1-1ubuntu3.6_arm64.deb ...\r\n#6 17.86 Unpacking git (1:2.25.1-1ubuntu3.6) ...\r\n#6 18.18 Selecting previously unselected package gnupg-l10n.\r\n#6 18.18 Preparing to unpack .../105-gnupg-l10n_2.2.19-3ubuntu2.2_all.deb ...\r\n#6 18.18 Unpacking gnupg-l10n (2.2.19-3ubuntu2.2) ...\r\n#6 18.20 Selecting previously unselected package gnupg-utils.\r\n#6 18.20 Preparing to unpack .../106-gnupg-utils_2.2.19-3ubuntu2.2_arm64.deb ...\r\n#6 18.20 Unpacking gnupg-utils (2.2.19-3ubuntu2.2) ...\r\n#6 18.24 Selecting previously unselected package gpg.\r\n#6 18.24 Preparing to unpack .../107-gpg_2.2.19-3ubuntu2.2_arm64.deb ...\r\n#6 18.24 Unpacking gpg (2.2.19-3ubuntu2.2) ...\r\n#6 18.28 Selecting previously unselected package pinentry-curses.\r\n#6 18.28 Preparing to unpack .../108-pinentry-curses_1.1.0-3build1_arm64.deb ...\r\n#6 18.28 Unpacking pinentry-curses (1.1.0-3build1) ...\r\n#6 18.30 Selecting previously unselected package gpg-agent.\r\n#6 18.30 Preparing to unpack .../109-gpg-agent_2.2.19-3ubuntu2.2_arm64.deb ...\r\n#6 18.30 Unpacking gpg-agent (2.2.19-3ubuntu2.2) ...\r\n#6 18.33 Selecting previously unselected package gpg-wks-client.\r\n#6 18.33 Preparing to unpack .../110-gpg-wks-client_2.2.19-3ubuntu2.2_arm64.deb ...\r\n#6 18.33 Unpacking gpg-wks-client (2.2.19-3ubuntu2.2) ...\r\n#6 18.35 Selecting previously unselected package gpg-wks-server.\r\n#6 18.35 Preparing to unpack .../111-gpg-wks-server_2.2.19-3ubuntu2.2_arm64.deb ...\r\n#6 18.35 Unpacking gpg-wks-server (2.2.19-3ubuntu2.2) ...\r\n#6 18.37 Selecting previously unselected package gpgsm.\r\n#6 18.37 Preparing to unpack .../112-gpgsm_2.2.19-3ubuntu2.2_arm64.deb ...\r\n#6 18.37 Unpacking gpgsm (2.2.19-3ubuntu2.2) ...\r\n#6 18.40 Selecting previously unselected package gnupg.\r\n#6 18.40 Preparing to unpack .../113-gnupg_2.2.19-3ubuntu2.2_all.deb ...\r\n#6 18.40 Unpacking gnupg (2.2.19-3ubuntu2.2) ...\r\n#6 18.42 Selecting previously unselected package libalgorithm-diff-perl.\r\n#6 18.42 Preparing to unpack .../114-libalgorithm-diff-perl_1.19.03-2_all.deb ...\r\n#6 18.42 Unpacking libalgorithm-diff-perl (1.19.03-2) ...\r\n#6 18.44 Selecting previously unselected package libalgorithm-diff-xs-perl.\r\n#6 18.44 Preparing to unpack .../115-libalgorithm-diff-xs-perl_0.04-6_arm64.deb ...\r\n#6 18.44 Unpacking libalgorithm-diff-xs-perl (0.04-6) ...\r\n#6 18.46 Selecting previously unselected package libalgorithm-merge-perl.\r\n#6 18.46 Preparing to unpack .../116-libalgorithm-merge-perl_0.08-3_all.deb ...\r\n#6 18.46 Unpacking libalgorithm-merge-perl (0.08-3) ...\r\n#6 18.48 Selecting previously unselected package libfile-fcntllock-perl.\r\n#6 18.48 Preparing to unpack .../117-libfile-fcntllock-perl_0.22-3build4_arm64.deb ...\r\n#6 18.48 Unpacking libfile-fcntllock-perl (0.22-3build4) ...\r\n#6 18.50 Selecting previously unselected package libsasl2-modules:arm64.\r\n#6 18.50 Preparing to unpack .../118-libsasl2-modules_2.1.27+dfsg-2ubuntu0.1_arm64.deb ...\r\n#6 18.50 Unpacking libsasl2-modules:arm64 (2.1.27+dfsg-2ubuntu0.1) ...\r\n#6 18.52 Selecting previously unselected package manpages-dev.\r\n#6 18.52 Preparing to unpack .../119-manpages-dev_5.05-1_all.deb ...\r\n#6 18.52 Unpacking manpages-dev (5.05-1) ...\r\n#6 18.68 Setting up libksba8:arm64 (1.3.5-2ubuntu0.20.04.1) ...\r\n#6 18.69 Setting up libexpat1:arm64 (2.2.9-1ubuntu0.6) ...\r\n#6 18.69 Setting up libxau6:arm64 (1:1.0.9-0ubuntu1) ...\r\n#6 18.70 Setting up libkeyutils1:arm64 (1.6-6ubuntu1.1) ...\r\n#6 18.70 Setting up libpsl5:arm64 (0.21.0-1ubuntu1) ...\r\n#6 18.71 Setting up perl-modules-5.30 (5.30.0-9ubuntu0.3) ...\r\n#6 18.71 Setting up manpages (5.05-1) ...\r\n#6 18.71 Setting up libssl1.1:arm64 (1.1.1f-1ubuntu2.16) ...\r\n#6 18.76 debconf: unable to initialize frontend: Dialog\r\n#6 18.76 debconf: (TERM is not set, so the dialog frontend is not usable.)\r\n#6 18.76 debconf: falling back to frontend: Readline\r\n#6 18.78 Setting up libbrotli1:arm64 (1.0.7-6ubuntu0.1) ...\r\n#6 18.78 Setting up libsqlite3-0:arm64 (3.31.1-4ubuntu0.5) ...\r\n#6 18.79 Setting up libsasl2-modules:arm64 (2.1.27+dfsg-2ubuntu0.1) ...\r\n#6 18.80 Setting up binutils-common:arm64 (2.34-6ubuntu1.4) ...\r\n#6 18.80 Setting up libnghttp2-14:arm64 (1.40.0-1build1) ...\r\n#6 18.81 Setting up less (551-1ubuntu0.1) ...\r\n#6 18.82 Setting up linux-libc-dev:arm64 (5.4.0-135.152) ...\r\n#6 18.82 Setting up libctf-nobfd0:arm64 (2.34-6ubuntu1.4) ...\r\n#6 18.83 Setting up libnpth0:arm64 (1.6-1) ...\r\n#6 18.83 Setting up krb5-locales (1.17-6ubuntu4.1) ...\r\n#6 18.83 Setting up libassuan0:arm64 (2.5.3-7ubuntu2) ...\r\n#6 18.84 Setting up libgomp1:arm64 (10.3.0-1ubuntu1~20.04) ...\r\n#6 18.84 Setting up libcbor0.6:arm64 (0.6.0-0ubuntu1) ...\r\n#6 18.85 Setting up libldap-common (2.4.49+dfsg-2ubuntu1.9) ...\r\n#6 18.85 Setting up libfakeroot:arm64 (1.24-1) ...\r\n#6 18.86 Setting up libkrb5support0:arm64 (1.17-6ubuntu4.1) ...\r\n#6 18.86 Setting up libsasl2-modules-db:arm64 (2.1.27+dfsg-2ubuntu0.1) ...\r\n#6 18.86 Setting up fakeroot (1.24-1) ...\r\n#6 18.87 update-alternatives: using /usr/bin/fakeroot-sysv to provide /usr/bin/fakeroot (fakeroot) in auto mode\r\n#6 18.87 update-alternatives: warning: skip creation of /usr/share/man/man1/fakeroot.1.gz because associated file /usr/share/man/man1/fakeroot-sysv.1.gz (of link group fakeroot) doesn't exist\r\n#6 18.87 update-alternatives: warning: skip creation of /usr/share/man/man1/faked.1.gz because associated file /usr/share/man/man1/faked-sysv.1.gz (of link group fakeroot) doesn't exist\r\n#6 18.87 update-alternatives: warning: skip creation of /usr/share/man/es/man1/fakeroot.1.gz because associated file /usr/share/man/es/man1/fakeroot-sysv.1.gz (of link group fakeroot) doesn't exist\r\n#6 18.87 update-alternatives: warning: skip creation of /usr/share/man/es/man1/faked.1.gz because associated file /usr/share/man/es/man1/faked-sysv.1.gz (of link group fakeroot) doesn't exist\r\n#6 18.87 update-alternatives: warning: skip creation of /usr/share/man/fr/man1/fakeroot.1.gz because associated file /usr/share/man/fr/man1/fakeroot-sysv.1.gz (of link group fakeroot) doesn't exist\r\n#6 18.87 update-alternatives: warning: skip creation of /usr/share/man/fr/man1/faked.1.gz because associated file /usr/share/man/fr/man1/faked-sysv.1.gz (of link group fakeroot) doesn't exist\r\n#6 18.87 update-alternatives: warning: skip creation of /usr/share/man/sv/man1/fakeroot.1.gz because associated file /usr/share/man/sv/man1/fakeroot-sysv.1.gz (of link group fakeroot) doesn't exist\r\n#6 18.87 update-alternatives: warning: skip creation of /usr/share/man/sv/man1/faked.1.gz because associated file /usr/share/man/sv/man1/faked-sysv.1.gz (of link group fakeroot) doesn't exist\r\n#6 18.88 Setting up libx11-data (2:1.6.9-2ubuntu1.2) ...\r\n#6 18.88 Setting up make (4.2.1-1.2) ...\r\n#6 18.88 Setting up libmpfr6:arm64 (4.0.2-1) ...\r\n#6 18.89 Setting up gnupg-l10n (2.2.19-3ubuntu2.2) ...\r\n#6 18.89 Setting up librtmp1:arm64 (2.4+20151223.gitfa8646d.1-2build1) ...\r\n#6 18.90 Setting up xz-utils (5.2.4-1ubuntu1.1) ...\r\n#6 18.90 update-alternatives: using /usr/bin/xz to provide /usr/bin/lzma (lzma) in auto mode\r\n#6 18.90 update-alternatives: warning: skip creation of /usr/share/man/man1/lzma.1.gz because associated file /usr/share/man/man1/xz.1.gz (of link group lzma) doesn't exist\r\n#6 18.90 update-alternatives: warning: skip creation of /usr/share/man/man1/unlzma.1.gz because associated file /usr/share/man/man1/unxz.1.gz (of link group lzma) doesn't exist\r\n#6 18.90 update-alternatives: warning: skip creation of /usr/share/man/man1/lzcat.1.gz because associated file /usr/share/man/man1/xzcat.1.gz (of link group lzma) doesn't exist\r\n#6 18.90 update-alternatives: warning: skip creation of /usr/share/man/man1/lzmore.1.gz because associated file /usr/share/man/man1/xzmore.1.gz (of link group lzma) doesn't exist\r\n#6 18.90 update-alternatives: warning: skip creation of /usr/share/man/man1/lzless.1.gz because associated file /usr/share/man/man1/xzless.1.gz (of link group lzma) doesn't exist\r\n#6 18.90 update-alternatives: warning: skip creation of /usr/share/man/man1/lzdiff.1.gz because associated file /usr/share/man/man1/xzdiff.1.gz (of link group lzma) doesn't exist\r\n#6 18.90 update-alternatives: warning: skip creation of /usr/share/man/man1/lzcmp.1.gz because associated file /usr/share/man/man1/xzcmp.1.gz (of link group lzma) doesn't exist\r\n#6 18.90 update-alternatives: warning: skip creation of /usr/share/man/man1/lzgrep.1.gz because associated file /usr/share/man/man1/xzgrep.1.gz (of link group lzma) doesn't exist\r\n#6 18.90 update-alternatives: warning: skip creation of /usr/share/man/man1/lzegrep.1.gz because associated file /usr/share/man/man1/xzegrep.1.gz (of link group lzma) doesn't exist\r\n#6 18.90 update-alternatives: warning: skip creation of /usr/share/man/man1/lzfgrep.1.gz because associated file /usr/share/man/man1/xzfgrep.1.gz (of link group lzma) doesn't exist\r\n#6 18.90 Setting up libmpc3:arm64 (1.1.0-1) ...\r\n#6 18.91 Setting up libatomic1:arm64 (10.3.0-1ubuntu1~20.04) ...\r\n#6 18.92 Setting up patch (2.7.6-6) ...\r\n#6 18.92 Setting up libk5crypto3:arm64 (1.17-6ubuntu4.1) ...\r\n#6 18.92 Setting up libsasl2-2:arm64 (2.1.27+dfsg-2ubuntu0.1) ...\r\n#6 18.93 Setting up libroken18-heimdal:arm64 (7.7.0+dfsg-1ubuntu1.2) ...\r\n#6 18.93 Setting up libubsan1:arm64 (10.3.0-1ubuntu1~20.04) ...\r\n#6 18.94 Setting up libcrypt-dev:arm64 (1:4.4.10-10ubuntu4) ...\r\n#6 18.94 Setting up git-man (1:2.25.1-1ubuntu3.6) ...\r\n#6 18.95 Setting up libisl22:arm64 (0.22.1-1) ...\r\n#6 18.95 Setting up netbase (6.1) ...\r\n#6 18.96 Setting up libkrb5-3:arm64 (1.17-6ubuntu4.1) ...\r\n#6 18.97 Setting up libbinutils:arm64 (2.34-6ubuntu1.4) ...\r\n#6 18.97 Setting up libfido2-1:arm64 (1.3.1-1ubuntu2) ...\r\n#6 18.98 Setting up libc-dev-bin (2.31-0ubuntu9.9) ...\r\n#6 18.98 Setting up openssl (1.1.1f-1ubuntu2.16) ...\r\n#6 18.99 Setting up libbsd0:arm64 (0.10.0-1) ...\r\n#6 18.99 Setting up readline-common (8.0-4) ...\r\n#6 19.00 Setting up publicsuffix (20200303.0012-1) ...\r\n#6 19.00 Setting up libcc1-0:arm64 (10.3.0-1ubuntu1~20.04) ...\r\n#6 19.00 Setting up liblocale-gettext-perl (1.07-4) ...\r\n#6 19.01 Setting up liblsan0:arm64 (10.3.0-1ubuntu1~20.04) ...\r\n#6 19.02 Setting up libitm1:arm64 (10.3.0-1ubuntu1~20.04) ...\r\n#6 19.02 Setting up libheimbase1-heimdal:arm64 (7.7.0+dfsg-1ubuntu1.2) ...\r\n#6 19.02 Setting up libgdbm6:arm64 (1.18.1-5) ...\r\n#6 19.03 Setting up libpopt0:arm64 (1.16-14) ...\r\n#6 19.03 Setting up gcc-9-base:arm64 (9.4.0-1ubuntu1~20.04.1) ...\r\n#6 19.03 Setting up libtsan0:arm64 (10.3.0-1ubuntu1~20.04) ...\r\n#6 19.04 Setting up libctf0:arm64 (2.34-6ubuntu1.4) ...\r\n#6 19.04 Setting up pinentry-curses (1.1.0-3build1) ...\r\n#6 19.05 Setting up manpages-dev (5.05-1) ...\r\n#6 19.05 Setting up libxdmcp6:arm64 (1:1.1.3-0ubuntu1) ...\r\n#6 19.06 Setting up libxcb1:arm64 (1.14-2) ...\r\n#6 19.06 Setting up libasn1-8-heimdal:arm64 (7.7.0+dfsg-1ubuntu1.2) ...\r\n#6 19.06 Setting up libedit2:arm64 (3.1-20191231-1) ...\r\n#6 19.07 Setting up libreadline8:arm64 (8.0-4) ...\r\n#6 19.07 Setting up binutils-aarch64-linux-gnu (2.34-6ubuntu1.4) ...\r\n#6 19.07 Setting up binutils (2.34-6ubuntu1.4) ...\r\n#6 19.08 Setting up libhcrypto4-heimdal:arm64 (7.7.0+dfsg-1ubuntu1.2) ...\r\n#6 19.08 Setting up ca-certificates (20211016ubuntu0.20.04.1) ...\r\n#6 19.13 debconf: unable to initialize frontend: Dialog\r\n#6 19.13 debconf: (TERM is not set, so the dialog frontend is not usable.)\r\n#6 19.13 debconf: falling back to frontend: Readline\r\n#6 19.44 Updating certificates in /etc/ssl/certs...\r\n#6 19.89 124 added, 0 removed; done.\r\n#6 19.91 Setting up libasan5:arm64 (9.4.0-1ubuntu1~20.04.1) ...\r\n#6 19.91 Setting up libwind0-heimdal:arm64 (7.7.0+dfsg-1ubuntu1.2) ...\r\n#6 19.92 Setting up libgssapi-krb5-2:arm64 (1.17-6ubuntu4.1) ...\r\n#6 19.93 Setting up libgdbm-compat4:arm64 (1.18.1-5) ...\r\n#6 19.93 Setting up libssh-4:arm64 (0.9.3-2ubuntu2.2) ...\r\n#6 19.93 Setting up gpgconf (2.2.19-3ubuntu2.2) ...\r\n#6 19.94 Setting up cpp-9 (9.4.0-1ubuntu1~20.04.1) ...\r\n#6 19.94 Setting up libperl5.30:arm64 (5.30.0-9ubuntu0.3) ...\r\n#6 19.95 Setting up libc6-dev:arm64 (2.31-0ubuntu9.9) ...\r\n#6 19.96 Setting up libx11-6:arm64 (2:1.6.9-2ubuntu1.2) ...\r\n#6 19.96 Setting up libxmuu1:arm64 (2:1.1.3-0ubuntu1) ...\r\n#6 19.96 Setting up gpg (2.2.19-3ubuntu2.2) ...\r\n#6 19.97 Setting up rsync (3.1.3-8ubuntu0.4) ...\r\n#6 19.98 invoke-rc.d: could not determine current runlevel\r\n#6 19.98 invoke-rc.d: policy-rc.d denied execution of start.\r\n#6 20.05 Setting up gnupg-utils (2.2.19-3ubuntu2.2) ...\r\n#6 20.05 Setting up gpg-agent (2.2.19-3ubuntu2.2) ...\r\n#6 20.29 Setting up openssh-client (1:8.2p1-4ubuntu0.5) ...\r\n#6 20.35 Setting up libhx509-5-heimdal:arm64 (7.7.0+dfsg-1ubuntu1.2) ...\r\n#6 20.35 Setting up gpgsm (2.2.19-3ubuntu2.2) ...\r\n#6 20.36 Setting up libxext6:arm64 (2:1.3.4-0ubuntu1) ...\r\n#6 20.36 Setting up libgcc-9-dev:arm64 (9.4.0-1ubuntu1~20.04.1) ...\r\n#6 20.37 Setting up perl (5.30.0-9ubuntu0.3) ...\r\n#6 20.38 Setting up libdpkg-perl (1.19.7ubuntu3.2) ...\r\n#6 20.39 Setting up gpg-wks-server (2.2.19-3ubuntu2.2) ...\r\n#6 20.39 Setting up xauth (1:1.1-0ubuntu1) ...\r\n#6 20.39 Setting up cpp (4:9.3.0-1ubuntu2) ...\r\n#6 20.40 Setting up libkrb5-26-heimdal:arm64 (7.7.0+dfsg-1ubuntu1.2) ...\r\n#6 20.40 Setting up gcc-9 (9.4.0-1ubuntu1~20.04.1) ...\r\n#6 20.41 Setting up libstdc++-9-dev:arm64 (9.4.0-1ubuntu1~20.04.1) ...\r\n#6 20.41 Setting up libfile-fcntllock-perl (0.22-3build4) ...\r\n#6 20.41 Setting up libalgorithm-diff-perl (1.19.03-2) ...\r\n#6 20.42 Setting up libheimntlm0-heimdal:arm64 (7.7.0+dfsg-1ubuntu1.2) ...\r\n#6 20.42 Setting up gcc (4:9.3.0-1ubuntu2) ...\r\n#6 20.43 Setting up dpkg-dev (1.19.7ubuntu3.2) ...\r\n#6 20.44 Setting up liberror-perl (0.17029-1) ...\r\n#6 20.44 Setting up libgssapi3-heimdal:arm64 (7.7.0+dfsg-1ubuntu1.2) ...\r\n#6 20.45 Setting up g++-9 (9.4.0-1ubuntu1~20.04.1) ...\r\n#6 20.45 Setting up g++ (4:9.3.0-1ubuntu2) ...\r\n#6 20.47 update-alternatives: using /usr/bin/g++ to provide /usr/bin/c++ (c++) in auto mode\r\n#6 20.47 update-alternatives: warning: skip creation of /usr/share/man/man1/c++.1.gz because associated file /usr/share/man/man1/g++.1.gz (of link group c++) doesn't exist\r\n#6 20.47 Setting up build-essential (12.8ubuntu1.1) ...\r\n#6 20.47 Setting up libalgorithm-diff-xs-perl (0.04-6) ...\r\n#6 20.47 Setting up libalgorithm-merge-perl (0.08-3) ...\r\n#6 20.48 Setting up libldap-2.4-2:arm64 (2.4.49+dfsg-2ubuntu1.9) ...\r\n#6 20.48 Setting up libcurl3-gnutls:arm64 (7.68.0-1ubuntu2.14) ...\r\n#6 20.49 Setting up dirmngr (2.2.19-3ubuntu2.2) ...\r\n#6 20.57 Setting up git (1:2.25.1-1ubuntu3.6) ...\r\n#6 20.59 Setting up libcurl4:arm64 (7.68.0-1ubuntu2.14) ...\r\n#6 20.59 Setting up curl (7.68.0-1ubuntu2.14) ...\r\n#6 20.60 Setting up gpg-wks-client (2.2.19-3ubuntu2.2) ...\r\n#6 20.60 Setting up gnupg (2.2.19-3ubuntu2.2) ...\r\n#6 20.61 Processing triggers for libc-bin (2.31-0ubuntu9.9) ...\r\n#6 20.63 Processing triggers for ca-certificates (20211016ubuntu0.20.04.1) ...\r\n#6 20.63 Updating certificates in /etc/ssl/certs...\r\n#6 20.98 0 added, 0 removed; done.\r\n#6 20.98 Running hooks in /etc/ca-certificates/update.d...\r\n#6 20.98 done.\r\n#6 DONE 21.5s\n\n#7 [4/9] RUN curl -sL https://deb.nodesource.com/setup_14.x  | bash -\n#7 sha256:6c03042ca1137d414b4ac2b863aa1f46e54ab14a978a6284fced04e57b9c73e1\n#7 0.300 \n#7 0.300 ## Installing the NodeSource Node.js 14.x repo...\n#7 0.300 \n#7 0.304 \n#7 0.304 ## Populating apt-get cache...\n#7 0.304 \n#7 0.304 + apt-get update\n#7 5.669 Hit:1 http://ports.ubuntu.com/ubuntu-ports focal InRelease\n#7 5.679 Hit:2 http://ports.ubuntu.com/ubuntu-ports focal-updates InRelease\n#7 5.702 Hit:3 http://ports.ubuntu.com/ubuntu-ports focal-backports InRelease\n#7 5.724 Hit:4 http://ports.ubuntu.com/ubuntu-ports focal-security InRelease\n#7 5.994 Reading package lists...\n#7 6.466 \n#7 6.466 ## Installing packages required for setup: lsb-release...\n#7 6.466 \n#7 6.466 + apt-get install -y lsb-release > /dev/null 2>&1\n#7 10.13 \n#7 10.13 ## Confirming \"focal\" is supported...\n#7 10.13 \n#7 10.13 + curl -sLf -o /dev/null 'https://deb.nodesource.com/node_14.x/dists/focal/Release'\n#7 10.25 \n#7 10.25 ## Adding the NodeSource signing key to your keyring...\n#7 10.25 \n#7 10.25 + curl -s https://deb.nodesource.com/gpgkey/nodesource.gpg.key | gpg --dearmor | tee /usr/share/keyrings/nodesource.gpg >/dev/null\n#7 10.36 \n#7 10.36 ## Creating apt sources list file for the NodeSource Node.js 14.x repo...\n#7 10.36 \n#7 10.36 + echo 'deb [signed-by=/usr/share/keyrings/nodesource.gpg] https://deb.nodesource.com/node_14.x focal main' > /etc/apt/sources.list.d/nodesource.list\n#7 10.37 + echo 'deb-src [signed-by=/usr/share/keyrings/nodesource.gpg] https://deb.nodesource.com/node_14.x focal main' >> /etc/apt/sources.list.d/nodesource.list\n#7 10.37 \n#7 10.37 ## Running `apt-get update` for you...\n#7 10.37 \n#7 10.37 + apt-get update\n#7 10.48 Hit:1 http://ports.ubuntu.com/ubuntu-ports focal InRelease\n#7 10.49 Hit:2 http://ports.ubuntu.com/ubuntu-ports focal-updates InRelease\n#7 10.52 Hit:3 http://ports.ubuntu.com/ubuntu-ports focal-backports InRelease\n#7 10.54 Hit:4 http://ports.ubuntu.com/ubuntu-ports focal-security InRelease\n#7 10.56 Get:5 https://deb.nodesource.com/node_14.x focal InRelease [4583 B]\n#7 11.46 Get:6 https://deb.nodesource.com/node_14.x focal/main arm64 Packages [772 B]\n#7 11.49 Fetched 5355 B in 1s (4980 B/s)\n#7 11.49 Reading package lists...\n#7 12.03 \n#7 12.03 ## Run `sudo apt-get install -y nodejs` to install Node.js 14.x and npm\n#7 12.03 ## You may also need development tools to build native addons:\n#7 12.03      sudo apt-get install gcc g++ make\n#7 12.03 ## To install the Yarn package manager, run:\n#7 12.03      curl -sL https://dl.yarnpkg.com/debian/pubkey.gpg | gpg --dearmor | sudo tee /usr/share/keyrings/yarnkey.gpg >/dev/null\n#7 12.03      echo \"deb [signed-by=/usr/share/keyrings/yarnkey.gpg] https://dl.yarnpkg.com/debian stable main\" | sudo tee /etc/apt/sources.list.d/yarn.list\n#7 12.03      sudo apt-get update && sudo apt-get install yarn\n#7 12.03 \n#7 12.03 \n#7 DONE 12.1s\n\n#8 [5/9] RUN apt-get -y install nodejs\n#8 sha256:5f18999d4b664c426015e573596b9e085fd6a9c042fef007ae8d237c0ee7df1b\n#8 0.185 Reading package lists...\n#8 0.667 Building dependency tree...\n#8 0.767 Reading state information...\n#8 0.890 The following NEW packages will be installed:\n#8 0.890   nodejs\n#8 1.000 0 upgraded, 1 newly installed, 0 to remove and 0 not upgraded.\n#8 1.000 Need to get 25.1 MB of archives.\n#8 1.000 After this operation, 124 MB of additional disk space will be used.\n#8 1.000 Get:1 https://deb.nodesource.com/node_14.x focal/main arm64 nodejs arm64 14.21.1-deb-1nodesource1 [25.1 MB]\n#8 5.032 debconf: delaying package configuration, since apt-utils is not installed\n#8 5.050 Fetched 25.1 MB in 4s (6200 kB/s)\n#8 5.061 Selecting previously unselected package nodejs.\r\n#8 5.061 (Reading database ... \r(Reading database ... 5%\r(Reading database ... 10%\r(Reading database ... 15%\r(Reading database ... 20%\r(Reading database ... 25%\r(Reading database ... 30%\r(Reading database ... 35%\r(Reading database ... 40%\r(Reading database ... 45%\r(Reading database ... 50%\r(Reading database ... 55%\r(Reading database ... 60%\r(Reading database ... 65%\r(Reading database ... 70%\r(Reading database ... 75%\r(Reading database ... 80%\r(Reading database ... 85%\r(Reading database ... 90%\r(Reading database ... 95%\r(Reading database ... 100%\r(Reading database ... 14951 files and directories currently installed.)\r\n#8 5.069 Preparing to unpack .../nodejs_14.21.1-deb-1nodesource1_arm64.deb ...\r\n#8 5.070 Unpacking nodejs (14.21.1-deb-1nodesource1) ...\r\n#8 6.836 Setting up nodejs (14.21.1-deb-1nodesource1) ...\r\n#8 DONE 7.0s\n\n#9 [6/9] WORKDIR /usr/src/app\n#9 sha256:e4617c872aec1b6675a28b2e30725fd7a0bf04bc224f49aab623fe5ac9e3d850\n#9 DONE 0.0s\n\n#11 [7/9] COPY . ./\n#11 sha256:aa83c8b56264671056486af863cdffc94368cbede8ccac44324dc748d5ce9fa7\n#11 DONE 0.1s\n\n#12 [8/9] RUN npm install\n#12 sha256:3827e34070c93688f2b23d14e058e84fcbeafe368e74cc5bcd90a90f40e7769c\n#12 37.90 \n#12 37.90 > bufferutil@4.0.3 install /usr/src/app/node_modules/ganache-core/node_modules/bufferutil\n#12 37.90 > node-gyp-build\n#12 37.90 \n#12 37.99 \n#12 37.99 > keccak@3.0.1 install /usr/src/app/node_modules/ganache-core/node_modules/keccak\n#12 37.99 > node-gyp-build || exit 0\n#12 37.99 \n#12 38.12 gyp ERR! configure error \n#12 38.12 gyp ERR! stack Error: Can't find Python executable \"python\", you can set the PYTHON env variable.\n#12 38.12 gyp ERR! stack     at PythonFinder.failNoPython (/usr/src/app/node_modules/node-gyp/lib/configure.js:484:19)\n#12 38.12 gyp ERR! stack     at PythonFinder.<anonymous> (/usr/src/app/node_modules/node-gyp/lib/configure.js:406:16)\n#12 38.12 gyp ERR! stack     at F (/usr/src/app/node_modules/which/which.js:68:16)\n#12 38.12 gyp ERR! stack     at E (/usr/src/app/node_modules/which/which.js:80:29)\n#12 38.12 gyp ERR! stack     at /usr/src/app/node_modules/which/which.js:89:16\n#12 38.12 gyp ERR! stack     at /usr/src/app/node_modules/isexe/index.js:42:5\n#12 38.12 gyp ERR! stack     at /usr/src/app/node_modules/isexe/mode.js:8:5\n#12 38.12 gyp ERR! stack     at FSReqCallback.oncomplete (fs.js:192:21)\n#12 38.12 gyp ERR! System Linux 5.15.49-linuxkit\n#12 38.12 gyp ERR! command \"/usr/bin/node\" \"/usr/src/app/node_modules/node-gyp/bin/node-gyp.js\" \"rebuild\"\n#12 38.12 gyp ERR! cwd /usr/src/app/node_modules/ganache-core/node_modules/keccak\n#12 38.12 gyp ERR! node -v v14.21.1\n#12 38.12 gyp ERR! node-gyp -v v3.8.0\n#12 38.12 gyp ERR! not ok \n#12 38.16 \n#12 38.16 > secp256k1@4.0.2 install /usr/src/app/node_modules/ganache-core/node_modules/secp256k1\n#12 38.16 > node-gyp-build || exit 0\n#12 38.16 \n#12 38.28 gyp ERR! configure error \n#12 38.28 gyp ERR! stack Error: Can't find Python executable \"python\", you can set the PYTHON env variable.\n#12 38.28 gyp ERR! stack     at PythonFinder.failNoPython (/usr/src/app/node_modules/node-gyp/lib/configure.js:484:19)\n#12 38.28 gyp ERR! stack     at PythonFinder.<anonymous> (/usr/src/app/node_modules/node-gyp/lib/configure.js:406:16)\n#12 38.28 gyp ERR! stack     at F (/usr/src/app/node_modules/which/which.js:68:16)\n#12 38.28 gyp ERR! stack     at E (/usr/src/app/node_modules/which/which.js:80:29)\n#12 38.28 gyp ERR! stack     at /usr/src/app/node_modules/which/which.js:89:16\n#12 38.28 gyp ERR! stack     at /usr/src/app/node_modules/isexe/index.js:42:5\n#12 38.28 gyp ERR! stack     at /usr/src/app/node_modules/isexe/mode.js:8:5\n#12 38.28 gyp ERR! stack     at FSReqCallback.oncomplete (fs.js:192:21)\n#12 38.28 gyp ERR! System Linux 5.15.49-linuxkit\n#12 38.28 gyp ERR! command \"/usr/bin/node\" \"/usr/src/app/node_modules/node-gyp/bin/node-gyp.js\" \"rebuild\"\n#12 38.28 gyp ERR! cwd /usr/src/app/node_modules/ganache-core/node_modules/secp256k1\n#12 38.28 gyp ERR! node -v v14.21.1\n#12 38.28 gyp ERR! node-gyp -v v3.8.0\n#12 38.28 gyp ERR! not ok \n#12 38.33 \n#12 38.33 > utf-8-validate@5.0.4 install /usr/src/app/node_modules/ganache-core/node_modules/utf-8-validate\n#12 38.33 > node-gyp-build\n#12 38.33 \n#12 38.54 \n#12 38.54 > secp256k1@4.0.3 install /usr/src/app/node_modules/ethereum-cryptography/node_modules/secp256k1\n#12 38.54 > node-gyp-build || exit 0\n#12 38.54 \n#12 38.67 gyp ERR! configure error \n#12 38.67 gyp ERR! stack Error: Can't find Python executable \"python\", you can set the PYTHON env variable.\n#12 38.67 gyp ERR! stack     at PythonFinder.failNoPython (/usr/src/app/node_modules/node-gyp/lib/configure.js:484:19)\n#12 38.67 gyp ERR! stack     at PythonFinder.<anonymous> (/usr/src/app/node_modules/node-gyp/lib/configure.js:406:16)\n#12 38.67 gyp ERR! stack     at F (/usr/src/app/node_modules/which/which.js:68:16)\n#12 38.67 gyp ERR! stack     at E (/usr/src/app/node_modules/which/which.js:80:29)\n#12 38.67 gyp ERR! stack     at /usr/src/app/node_modules/which/which.js:89:16\n#12 38.67 gyp ERR! stack     at /usr/src/app/node_modules/isexe/index.js:42:5\n#12 38.67 gyp ERR! stack     at /usr/src/app/node_modules/isexe/mode.js:8:5\n#12 38.67 gyp ERR! stack     at FSReqCallback.oncomplete (fs.js:192:21)\n#12 38.67 gyp ERR! System Linux 5.15.49-linuxkit\n#12 38.67 gyp ERR! command \"/usr/bin/node\" \"/usr/src/app/node_modules/node-gyp/bin/node-gyp.js\" \"rebuild\"\n#12 38.67 gyp ERR! cwd /usr/src/app/node_modules/ethereum-cryptography/node_modules/secp256k1\n#12 38.67 gyp ERR! node -v v14.21.1\n#12 38.67 gyp ERR! node-gyp -v v3.8.0\n#12 38.67 gyp ERR! not ok \n#12 38.71 \n#12 38.71 > keccak@2.1.0 install /usr/src/app/node_modules/eth-gas-reporter/node_modules/keccak\n#12 38.71 > npm run rebuild || echo \"Keccak bindings compilation fail. Pure JS implementation will be used.\"\n#12 38.71 \n#12 38.83 \n#12 38.83 > keccak@2.1.0 rebuild /usr/src/app/node_modules/eth-gas-reporter/node_modules/keccak\n#12 38.83 > node-gyp rebuild\n#12 38.83 \n#12 39.70 make: Entering directory '/usr/src/app/node_modules/eth-gas-reporter/node_modules/keccak/build'\n#12 39.70   CXX(target) Release/obj.target/keccak/src/addon.o\n#12 40.00 In file included from ../src/addon.cc:1:\n#12 40.00 /root/.cache/node-gyp/14.21.1/include/node/node.h:793:43: warning: cast between incompatible function types from 'void (*)(Nan::ADDON_REGISTER_FUNCTION_ARGS_TYPE, Nan::ADDON_REGISTER_FUNCTION_ARGS_TYPE)' {aka 'void (*)(v8::Local<v8::Object>, v8::Local<v8::Object>)'} to 'node::addon_register_func' {aka 'void (*)(v8::Local<v8::Object>, v8::Local<v8::Value>, void*)'} [-Wcast-function-type]\n#12 40.00   793 |       (node::addon_register_func) (regfunc),                          \\\n#12 40.00       |                                           ^\n#12 40.00 /root/.cache/node-gyp/14.21.1/include/node/node.h:827:3: note: in expansion of macro 'NODE_MODULE_X'\n#12 40.00   827 |   NODE_MODULE_X(modname, regfunc, NULL, 0)  // NOLINT (readability/null_usage)\n#12 40.00       |   ^~~~~~~~~~~~~\n#12 40.00 ../src/addon.cc:109:1: note: in expansion of macro 'NODE_MODULE'\n#12 40.00   109 | NODE_MODULE(keccak, Init)\n#12 40.00       | ^~~~~~~~~~~\n#12 40.17   CC(target) Release/obj.target/keccak/src/libkeccak-64/KeccakSpongeWidth1600.o\n#12 40.28   CC(target) Release/obj.target/keccak/src/libkeccak-64/KeccakP-1600-opt64.o\n#12 41.77   SOLINK_MODULE(target) Release/obj.target/keccak.node\n#12 41.81   COPY Release/keccak.node\n#12 41.82 make: Leaving directory '/usr/src/app/node_modules/eth-gas-reporter/node_modules/keccak/build'\n#12 41.91 \n#12 41.91 > secp256k1@3.8.0 install /usr/src/app/node_modules/secp256k1\n#12 41.91 > npm run rebuild || echo \"Secp256k1 bindings compilation fail. Pure JS implementation will be used.\"\n#12 41.91 \n#12 42.03 \n#12 42.03 > secp256k1@3.8.0 rebuild /usr/src/app/node_modules/secp256k1\n#12 42.03 > node-gyp rebuild\n#12 42.03 \n#12 42.26 make: Entering directory '/usr/src/app/node_modules/secp256k1/build'\n#12 42.26   CXX(target) Release/obj.target/secp256k1/src/addon.o\n#12 42.50 In file included from ../src/addon.cc:1:\n#12 42.50 /root/.cache/node-gyp/14.21.1/include/node/node.h:793:43: warning: cast between incompatible function types from 'void (*)(Nan::ADDON_REGISTER_FUNCTION_ARGS_TYPE)' {aka 'void (*)(v8::Local<v8::Object>)'} to 'node::addon_register_func' {aka 'void (*)(v8::Local<v8::Object>, v8::Local<v8::Value>, void*)'} [-Wcast-function-type]\n#12 42.50   793 |       (node::addon_register_func) (regfunc),                          \\\n#12 42.50       |                                           ^\n#12 42.50 /root/.cache/node-gyp/14.21.1/include/node/node.h:827:3: note: in expansion of macro 'NODE_MODULE_X'\n#12 42.50   827 |   NODE_MODULE_X(modname, regfunc, NULL, 0)  // NOLINT (readability/null_usage)\n#12 42.50       |   ^~~~~~~~~~~~~\n#12 42.50 ../src/addon.cc:50:1: note: in expansion of macro 'NODE_MODULE'\n#12 42.50    50 | NODE_MODULE(secp256k1, Init)\n#12 42.50       | ^~~~~~~~~~~\n#12 42.66   CXX(target) Release/obj.target/secp256k1/src/privatekey.o\n#12 42.95 ../src/privatekey.cc: In function 'Nan::NAN_METHOD_RETURN_TYPE privateKeyNegate(Nan::NAN_METHOD_ARGS_TYPE)':\n#12 42.95 ../src/privatekey.cc:73:30: warning: ignoring return value of 'int secp256k1_ec_privkey_negate(const secp256k1_context*, unsigned char*)', declared with attribute warn_unused_result [-Wunused-result]\n#12 42.95    73 |   secp256k1_ec_privkey_negate(secp256k1ctx, &private_key[0]);\n#12 42.95       |   ~~~~~~~~~~~~~~~~~~~~~~~~~~~^~~~~~~~~~~~~~~~~~~~~~~~~~~~~~~\n#12 43.21   CXX(target) Release/obj.target/secp256k1/src/publickey.o\n#12 43.62   CXX(target) Release/obj.target/secp256k1/src/signature.o\n#12 43.96   CXX(target) Release/obj.target/secp256k1/src/ecdsa.o\n#12 44.19 ../src/ecdsa.cc: In function 'Nan::NAN_METHOD_RETURN_TYPE sign(Nan::NAN_METHOD_ARGS_TYPE)':\n#12 44.19 ../src/ecdsa.cc:88:131: warning: ignoring return value of 'v8::Maybe<bool> v8::Object::Set(v8::Local<v8::Context>, v8::Local<v8::Value>, v8::Local<v8::Value>)', declared with attribute warn_unused_result [-Wunused-result]\n#12 44.19    88 |   obj->Set(info.GetIsolate()->GetCurrentContext(), Nan::New<v8::String>(\"signature\").ToLocalChecked(), COPY_BUFFER(&output[0], 64));\n#12 44.19       |                                                                                                                                   ^\n#12 44.19 In file included from /root/.cache/node-gyp/14.21.1/include/node/node.h:67,\n#12 44.19                  from ../src/ecdsa.cc:1:\n#12 44.19 /root/.cache/node-gyp/14.21.1/include/node/v8.h:3670:37: note: declared here\n#12 44.19  3670 |   V8_WARN_UNUSED_RESULT Maybe<bool> Set(Local<Context> context,\n#12 44.19       |                                     ^~~\n#12 44.19 ../src/ecdsa.cc:89:130: warning: ignoring return value of 'v8::Maybe<bool> v8::Object::Set(v8::Local<v8::Context>, v8::Local<v8::Value>, v8::Local<v8::Value>)', declared with attribute warn_unused_result [-Wunused-result]\n#12 44.19    89 |   obj->Set(info.GetIsolate()->GetCurrentContext(), Nan::New<v8::String>(\"recovery\").ToLocalChecked(), Nan::New<v8::Number>(recid));\n#12 44.19       |                                                                                                                                  ^\n#12 44.19 In file included from /root/.cache/node-gyp/14.21.1/include/node/node.h:67,\n#12 44.19                  from ../src/ecdsa.cc:1:\n#12 44.19 /root/.cache/node-gyp/14.21.1/include/node/v8.h:3670:37: note: declared here\n#12 44.19  3670 |   V8_WARN_UNUSED_RESULT Maybe<bool> Set(Local<Context> context,\n#12 44.19       |                                     ^~~\n#12 44.33   CXX(target) Release/obj.target/secp256k1/src/ecdh.o\n#12 44.67   CC(target) Release/obj.target/secp256k1/src/secp256k1-src/src/secp256k1.o\n#12 45.75   CC(target) Release/obj.target/secp256k1/src/secp256k1-src/contrib/lax_der_parsing.o\n#12 45.81   CC(target) Release/obj.target/secp256k1/src/secp256k1-src/contrib/lax_der_privatekey_parsing.o\n#12 45.85   SOLINK_MODULE(target) Release/obj.target/secp256k1.node\n#12 45.90   COPY Release/secp256k1.node\n#12 45.90 make: Leaving directory '/usr/src/app/node_modules/secp256k1/build'\n#12 45.92 \n#12 45.92 > tiny-secp256k1@1.1.6 install /usr/src/app/node_modules/tiny-secp256k1\n#12 45.92 > npm run build || echo \"secp256k1 bindings compilation fail. Pure JS implementation will be used.\"\n#12 45.92 \n#12 46.03 \n#12 46.03 > tiny-secp256k1@1.1.6 build /usr/src/app/node_modules/tiny-secp256k1\n#12 46.03 > node-gyp rebuild\n#12 46.03 \n#12 46.26 make: Entering directory '/usr/src/app/node_modules/tiny-secp256k1/build'\n#12 46.26   CXX(target) Release/obj.target/secp256k1/native/addon.o\n#12 46.49 In file included from ../../nan/nan.h:58,\n#12 46.49                  from ../native/addon.cpp:4:\n#12 46.49 /root/.cache/node-gyp/14.21.1/include/node/node.h:793:43: warning: cast between incompatible function types from 'void (*)(Nan::ADDON_REGISTER_FUNCTION_ARGS_TYPE)' {aka 'void (*)(v8::Local<v8::Object>)'} to 'node::addon_register_func' {aka 'void (*)(v8::Local<v8::Object>, v8::Local<v8::Value>, void*)'} [-Wcast-function-type]\n#12 46.49   793 |       (node::addon_register_func) (regfunc),                          \\\n#12 46.49       |                                           ^\n#12 46.49 /root/.cache/node-gyp/14.21.1/include/node/node.h:827:3: note: in expansion of macro 'NODE_MODULE_X'\n#12 46.49   827 |   NODE_MODULE_X(modname, regfunc, NULL, 0)  // NOLINT (readability/null_usage)\n#12 46.49       |   ^~~~~~~~~~~~~\n#12 46.49 ../native/addon.cpp:372:1: note: in expansion of macro 'NODE_MODULE'\n#12 46.49   372 | NODE_MODULE(secp256k1, Init)\n#12 46.49       | ^~~~~~~~~~~\n#12 46.50 ../native/addon.cpp: In instantiation of 'unsigned int {anonymous}::assumeCompression(const I&, const A&) [with long unsigned int index = 2; I = Nan::FunctionCallbackInfo<v8::Value>; A = v8::Local<v8::Object>]':\n#12 46.50 ../native/addon.cpp:151:50:   required from here\n#12 46.50 ../native/addon.cpp:80:21: warning: comparison of integer expressions of different signedness: 'int' and 'long unsigned int' [-Wsign-compare]\n#12 46.50    80 |   if (info.Length() <= index || info[index]->IsUndefined()) {\n#12 46.50 ../native/addon.cpp: In instantiation of 'unsigned int {anonymous}::assumeCompression(const I&, const A&) [with long unsigned int index = 1; I = Nan::FunctionCallbackInfo<v8::Value>; A = v8::Local<v8::Object>]':\n#12 46.50 ../native/addon.cpp:183:49:   required from here\n#12 46.50 ../native/addon.cpp:80:21: warning: comparison of integer expressions of different signedness: 'int' and 'long unsigned int' [-Wsign-compare]\n#12 46.50 ../native/addon.cpp: In instantiation of 'unsigned int {anonymous}::assumeCompression(const I&) [with long unsigned int index = 1; I = Nan::FunctionCallbackInfo<v8::Value>]':\n#12 46.50 ../native/addon.cpp:198:46:   required from here\n#12 46.50 ../native/addon.cpp:92:21: warning: comparison of integer expressions of different signedness: 'int' and 'long unsigned int' [-Wsign-compare]\n#12 46.50    92 |   if (info.Length() <= index) return SECP256K1_EC_COMPRESSED;\n#12 46.52 ../native/addon.cpp: In function 'Nan::NAN_METHOD_RETURN_TYPE eccPrivateSub(Nan::NAN_METHOD_ARGS_TYPE)':\n#12 46.52 ../native/addon.cpp:249:29: warning: ignoring return value of 'int secp256k1_ec_privkey_negate(const secp256k1_context*, unsigned char*)', declared with attribute warn_unused_result [-Wunused-result]\n#12 46.52   249 |  secp256k1_ec_privkey_negate(context, tweak_negated); // returns 1 always\n#12 46.52       |  ~~~~~~~~~~~~~~~~~~~~~~~~~~~^~~~~~~~~~~~~~~~~~~~~~~~\n#12 46.76   CC(target) Release/obj.target/secp256k1/native/secp256k1/src/secp256k1.o\n#12 46.81 In file included from ../native/secp256k1/src/assumptions.h:12,\n#12 46.81                  from ../native/secp256k1/src/secp256k1.c:10:\n#12 46.81 ../native/secp256k1/src/secp256k1.c: In function 'secp256k1_context_preallocated_clone':\n#12 46.81 ../native/secp256k1/src/secp256k1.c:30:16: warning: nonnull argument 'prealloc' compared to NULL [-Wnonnull-compare]\n#12 46.81    30 |     if (EXPECT(!(cond), 0)) { \\\n#12 46.81 ../native/secp256k1/src/util.h:41:39: note: in definition of macro 'EXPECT'\n#12 46.81    41 | #define EXPECT(x,c) __builtin_expect((x),(c))\n#12 46.81       |                                       ^\n#12 46.81 ../native/secp256k1/src/secp256k1.c:168:5: note: in expansion of macro 'ARG_CHECK'\n#12 46.81   168 |     ARG_CHECK(prealloc != NULL);\n#12 46.81       |     ^~~~~~~~~\n#12 46.81 ../native/secp256k1/src/secp256k1.c: In function 'secp256k1_ec_pubkey_parse':\n#12 46.81 ../native/secp256k1/src/secp256k1.c:30:16: warning: nonnull argument 'pubkey' compared to NULL [-Wnonnull-compare]\n#12 46.81    30 |     if (EXPECT(!(cond), 0)) { \\\n#12 46.81 ../native/secp256k1/src/util.h:41:39: note: in definition of macro 'EXPECT'\n#12 46.81    41 | #define EXPECT(x,c) __builtin_expect((x),(c))\n#12 46.81       |                                       ^\n#12 46.81 ../native/secp256k1/src/secp256k1.c:283:5: note: in expansion of macro 'ARG_CHECK'\n#12 46.81   283 |     ARG_CHECK(pubkey != NULL);\n#12 46.81       |     ^~~~~~~~~\n#12 46.81 ../native/secp256k1/src/secp256k1.c:30:16: warning: nonnull argument 'input' compared to NULL [-Wnonnull-compare]\n#12 46.81    30 |     if (EXPECT(!(cond), 0)) { \\\n#12 46.81 ../native/secp256k1/src/util.h:41:39: note: in definition of macro 'EXPECT'\n#12 46.81    41 | #define EXPECT(x,c) __builtin_expect((x),(c))\n#12 46.81       |                                       ^\n#12 46.81 ../native/secp256k1/src/secp256k1.c:285:5: note: in expansion of macro 'ARG_CHECK'\n#12 46.81   285 |     ARG_CHECK(input != NULL);\n#12 46.81       |     ^~~~~~~~~\n#12 46.81 ../native/secp256k1/src/secp256k1.c: In function 'secp256k1_ec_pubkey_serialize':\n#12 46.81 ../native/secp256k1/src/secp256k1.c:30:16: warning: nonnull argument 'output' compared to NULL [-Wnonnull-compare]\n#12 46.81    30 |     if (EXPECT(!(cond), 0)) { \\\n#12 46.81 ../native/secp256k1/src/util.h:41:39: note: in definition of macro 'EXPECT'\n#12 46.81    41 | #define EXPECT(x,c) __builtin_expect((x),(c))\n#12 46.81       |                                       ^\n#12 46.81 ../native/secp256k1/src/secp256k1.c:307:5: note: in expansion of macro 'ARG_CHECK'\n#12 46.81   307 |     ARG_CHECK(output != NULL);\n#12 46.81       |     ^~~~~~~~~\n#12 46.81 ../native/secp256k1/src/secp256k1.c:30:16: warning: nonnull argument 'outputlen' compared to NULL [-Wnonnull-compare]\n#12 46.81    30 |     if (EXPECT(!(cond), 0)) { \\\n#12 46.81 ../native/secp256k1/src/util.h:41:39: note: in definition of macro 'EXPECT'\n#12 46.81    41 | #define EXPECT(x,c) __builtin_expect((x),(c))\n#12 46.81       |                                       ^\n#12 46.81 ../native/secp256k1/src/secp256k1.c:303:5: note: in expansion of macro 'ARG_CHECK'\n#12 46.81   303 |     ARG_CHECK(outputlen != NULL);\n#12 46.81       |     ^~~~~~~~~\n#12 46.81 ../native/secp256k1/src/secp256k1.c:30:16: warning: nonnull argument 'pubkey' compared to NULL [-Wnonnull-compare]\n#12 46.81    30 |     if (EXPECT(!(cond), 0)) { \\\n#12 46.81 ../native/secp256k1/src/util.h:41:39: note: in definition of macro 'EXPECT'\n#12 46.81    41 | #define EXPECT(x,c) __builtin_expect((x),(c))\n#12 46.81       |                                       ^\n#12 46.81 ../native/secp256k1/src/secp256k1.c:309:5: note: in expansion of macro 'ARG_CHECK'\n#12 46.81   309 |     ARG_CHECK(pubkey != NULL);\n#12 46.81       |     ^~~~~~~~~\n#12 46.81 ../native/secp256k1/src/secp256k1.c: In function 'secp256k1_ecdsa_signature_parse_der':\n#12 46.81 ../native/secp256k1/src/secp256k1.c:30:16: warning: nonnull argument 'sig' compared to NULL [-Wnonnull-compare]\n#12 46.81    30 |     if (EXPECT(!(cond), 0)) { \\\n#12 46.81 ../native/secp256k1/src/util.h:41:39: note: in definition of macro 'EXPECT'\n#12 46.81    41 | #define EXPECT(x,c) __builtin_expect((x),(c))\n#12 46.81       |                                       ^\n#12 46.81 ../native/secp256k1/src/secp256k1.c:348:5: note: in expansion of macro 'ARG_CHECK'\n#12 46.81   348 |     ARG_CHECK(sig != NULL);\n#12 46.81       |     ^~~~~~~~~\n#12 46.81 ../native/secp256k1/src/secp256k1.c:30:16: warning: nonnull argument 'input' compared to NULL [-Wnonnull-compare]\n#12 46.81    30 |     if (EXPECT(!(cond), 0)) { \\\n#12 46.81 ../native/secp256k1/src/util.h:41:39: note: in definition of macro 'EXPECT'\n#12 46.81    41 | #define EXPECT(x,c) __builtin_expect((x),(c))\n#12 46.81       |                                       ^\n#12 46.81 ../native/secp256k1/src/secp256k1.c:349:5: note: in expansion of macro 'ARG_CHECK'\n#12 46.81   349 |     ARG_CHECK(input != NULL);\n#12 46.81       |     ^~~~~~~~~\n#12 46.81 ../native/secp256k1/src/secp256k1.c: In function 'secp256k1_ecdsa_signature_parse_compact':\n#12 46.81 ../native/secp256k1/src/secp256k1.c:30:16: warning: nonnull argument 'sig' compared to NULL [-Wnonnull-compare]\n#12 46.81    30 |     if (EXPECT(!(cond), 0)) { \\\n#12 46.81 ../native/secp256k1/src/util.h:41:39: note: in definition of macro 'EXPECT'\n#12 46.81    41 | #define EXPECT(x,c) __builtin_expect((x),(c))\n#12 46.81       |                                       ^\n#12 46.81 ../native/secp256k1/src/secp256k1.c:366:5: note: in expansion of macro 'ARG_CHECK'\n#12 46.81   366 |     ARG_CHECK(sig != NULL);\n#12 46.81       |     ^~~~~~~~~\n#12 46.81 ../native/secp256k1/src/secp256k1.c:30:16: warning: nonnull argument 'input64' compared to NULL [-Wnonnull-compare]\n#12 46.81    30 |     if (EXPECT(!(cond), 0)) { \\\n#12 46.81 ../native/secp256k1/src/util.h:41:39: note: in definition of macro 'EXPECT'\n#12 46.81    41 | #define EXPECT(x,c) __builtin_expect((x),(c))\n#12 46.81       |                                       ^\n#12 46.81 ../native/secp256k1/src/secp256k1.c:367:5: note: in expansion of macro 'ARG_CHECK'\n#12 46.81   367 |     ARG_CHECK(input64 != NULL);\n#12 46.81       |     ^~~~~~~~~\n#12 46.81 ../native/secp256k1/src/secp256k1.c: In function 'secp256k1_ecdsa_signature_serialize_der':\n#12 46.81 ../native/secp256k1/src/secp256k1.c:30:16: warning: nonnull argument 'output' compared to NULL [-Wnonnull-compare]\n#12 46.81    30 |     if (EXPECT(!(cond), 0)) { \\\n#12 46.81 ../native/secp256k1/src/util.h:41:39: note: in definition of macro 'EXPECT'\n#12 46.81    41 | #define EXPECT(x,c) __builtin_expect((x),(c))\n#12 46.81       |                                       ^\n#12 46.81 ../native/secp256k1/src/secp256k1.c:385:5: note: in expansion of macro 'ARG_CHECK'\n#12 46.81   385 |     ARG_CHECK(output != NULL);\n#12 46.81       |     ^~~~~~~~~\n#12 46.81 ../native/secp256k1/src/secp256k1.c:30:16: warning: nonnull argument 'outputlen' compared to NULL [-Wnonnull-compare]\n#12 46.81    30 |     if (EXPECT(!(cond), 0)) { \\\n#12 46.81 ../native/secp256k1/src/util.h:41:39: note: in definition of macro 'EXPECT'\n#12 46.81    41 | #define EXPECT(x,c) __builtin_expect((x),(c))\n#12 46.81       |                                       ^\n#12 46.81 ../native/secp256k1/src/secp256k1.c:386:5: note: in expansion of macro 'ARG_CHECK'\n#12 46.81   386 |     ARG_CHECK(outputlen != NULL);\n#12 46.81       |     ^~~~~~~~~\n#12 46.81 ../native/secp256k1/src/secp256k1.c:30:16: warning: nonnull argument 'sig' compared to NULL [-Wnonnull-compare]\n#12 46.81    30 |     if (EXPECT(!(cond), 0)) { \\\n#12 46.81 ../native/secp256k1/src/util.h:41:39: note: in definition of macro 'EXPECT'\n#12 46.81    41 | #define EXPECT(x,c) __builtin_expect((x),(c))\n#12 46.81       |                                       ^\n#12 46.81 ../native/secp256k1/src/secp256k1.c:387:5: note: in expansion of macro 'ARG_CHECK'\n#12 46.81   387 |     ARG_CHECK(sig != NULL);\n#12 46.81       |     ^~~~~~~~~\n#12 46.81 ../native/secp256k1/src/secp256k1.c: In function 'secp256k1_ecdsa_signature_serialize_compact':\n#12 46.81 ../native/secp256k1/src/secp256k1.c:30:16: warning: nonnull argument 'output64' compared to NULL [-Wnonnull-compare]\n#12 46.81    30 |     if (EXPECT(!(cond), 0)) { \\\n#12 46.81 ../native/secp256k1/src/util.h:41:39: note: in definition of macro 'EXPECT'\n#12 46.81    41 | #define EXPECT(x,c) __builtin_expect((x),(c))\n#12 46.81       |                                       ^\n#12 46.81 ../native/secp256k1/src/secp256k1.c:397:5: note: in expansion of macro 'ARG_CHECK'\n#12 46.81   397 |     ARG_CHECK(output64 != NULL);\n#12 46.81       |     ^~~~~~~~~\n#12 46.81 ../native/secp256k1/src/secp256k1.c:30:16: warning: nonnull argument 'sig' compared to NULL [-Wnonnull-compare]\n#12 46.81    30 |     if (EXPECT(!(cond), 0)) { \\\n#12 46.81 ../native/secp256k1/src/util.h:41:39: note: in definition of macro 'EXPECT'\n#12 46.81    41 | #define EXPECT(x,c) __builtin_expect((x),(c))\n#12 46.81       |                                       ^\n#12 46.81 ../native/secp256k1/src/secp256k1.c:398:5: note: in expansion of macro 'ARG_CHECK'\n#12 46.81   398 |     ARG_CHECK(sig != NULL);\n#12 46.81       |     ^~~~~~~~~\n#12 46.81 ../native/secp256k1/src/secp256k1.c: In function 'secp256k1_ecdsa_signature_normalize':\n#12 46.81 ../native/secp256k1/src/secp256k1.c:30:16: warning: nonnull argument 'sigin' compared to NULL [-Wnonnull-compare]\n#12 46.81    30 |     if (EXPECT(!(cond), 0)) { \\\n#12 46.81 ../native/secp256k1/src/util.h:41:39: note: in definition of macro 'EXPECT'\n#12 46.81    41 | #define EXPECT(x,c) __builtin_expect((x),(c))\n#12 46.81       |                                       ^\n#12 46.81 ../native/secp256k1/src/secp256k1.c:411:5: note: in expansion of macro 'ARG_CHECK'\n#12 46.81   411 |     ARG_CHECK(sigin != NULL);\n#12 46.81       |     ^~~~~~~~~\n#12 46.81 ../native/secp256k1/src/secp256k1.c: In function 'secp256k1_ecdsa_verify':\n#12 46.81 ../native/secp256k1/src/secp256k1.c:30:16: warning: nonnull argument 'sig' compared to NULL [-Wnonnull-compare]\n#12 46.81    30 |     if (EXPECT(!(cond), 0)) { \\\n#12 46.81 ../native/secp256k1/src/util.h:41:39: note: in definition of macro 'EXPECT'\n#12 46.81    41 | #define EXPECT(x,c) __builtin_expect((x),(c))\n#12 46.81       |                                       ^\n#12 46.81 ../native/secp256k1/src/secp256k1.c:432:5: note: in expansion of macro 'ARG_CHECK'\n#12 46.81   432 |     ARG_CHECK(sig != NULL);\n#12 46.81       |     ^~~~~~~~~\n#12 46.81 ../native/secp256k1/src/secp256k1.c:30:16: warning: nonnull argument 'msg32' compared to NULL [-Wnonnull-compare]\n#12 46.81    30 |     if (EXPECT(!(cond), 0)) { \\\n#12 46.81 ../native/secp256k1/src/util.h:41:39: note: in definition of macro 'EXPECT'\n#12 46.81    41 | #define EXPECT(x,c) __builtin_expect((x),(c))\n#12 46.81       |                                       ^\n#12 46.81 ../native/secp256k1/src/secp256k1.c:431:5: note: in expansion of macro 'ARG_CHECK'\n#12 46.81   431 |     ARG_CHECK(msg32 != NULL);\n#12 46.81       |     ^~~~~~~~~\n#12 46.81 ../native/secp256k1/src/secp256k1.c:30:16: warning: nonnull argument 'pubkey' compared to NULL [-Wnonnull-compare]\n#12 46.81    30 |     if (EXPECT(!(cond), 0)) { \\\n#12 46.81 ../native/secp256k1/src/util.h:41:39: note: in definition of macro 'EXPECT'\n#12 46.81    41 | #define EXPECT(x,c) __builtin_expect((x),(c))\n#12 46.81       |                                       ^\n#12 46.81 ../native/secp256k1/src/secp256k1.c:433:5: note: in expansion of macro 'ARG_CHECK'\n#12 46.81   433 |     ARG_CHECK(pubkey != NULL);\n#12 46.81       |     ^~~~~~~~~\n#12 46.81 ../native/secp256k1/src/secp256k1.c: In function 'secp256k1_ecdsa_sign':\n#12 46.81 ../native/secp256k1/src/secp256k1.c:30:16: warning: nonnull argument 'signature' compared to NULL [-Wnonnull-compare]\n#12 46.81    30 |     if (EXPECT(!(cond), 0)) { \\\n#12 46.81 ../native/secp256k1/src/util.h:41:39: note: in definition of macro 'EXPECT'\n#12 46.81    41 | #define EXPECT(x,c) __builtin_expect((x),(c))\n#12 46.81       |                                       ^\n#12 46.81 ../native/secp256k1/src/secp256k1.c:542:5: note: in expansion of macro 'ARG_CHECK'\n#12 46.81   542 |     ARG_CHECK(signature != NULL);\n#12 46.81       |     ^~~~~~~~~\n#12 46.81 ../native/secp256k1/src/secp256k1.c:30:16: warning: nonnull argument 'msg32' compared to NULL [-Wnonnull-compare]\n#12 46.81    30 |     if (EXPECT(!(cond), 0)) { \\\n#12 46.81 ../native/secp256k1/src/util.h:41:39: note: in definition of macro 'EXPECT'\n#12 46.81    41 | #define EXPECT(x,c) __builtin_expect((x),(c))\n#12 46.81       |                                       ^\n#12 46.81 ../native/secp256k1/src/secp256k1.c:541:5: note: in expansion of macro 'ARG_CHECK'\n#12 46.81   541 |     ARG_CHECK(msg32 != NULL);\n#12 46.81       |     ^~~~~~~~~\n#12 46.81 ../native/secp256k1/src/secp256k1.c:30:16: warning: nonnull argument 'seckey' compared to NULL [-Wnonnull-compare]\n#12 46.81    30 |     if (EXPECT(!(cond), 0)) { \\\n#12 46.81 ../native/secp256k1/src/util.h:41:39: note: in definition of macro 'EXPECT'\n#12 46.81    41 | #define EXPECT(x,c) __builtin_expect((x),(c))\n#12 46.81       |                                       ^\n#12 46.81 ../native/secp256k1/src/secp256k1.c:543:5: note: in expansion of macro 'ARG_CHECK'\n#12 46.81   543 |     ARG_CHECK(seckey != NULL);\n#12 46.81       |     ^~~~~~~~~\n#12 46.81 ../native/secp256k1/src/secp256k1.c: In function 'secp256k1_ec_seckey_verify':\n#12 46.81 ../native/secp256k1/src/secp256k1.c:30:16: warning: nonnull argument 'seckey' compared to NULL [-Wnonnull-compare]\n#12 46.81    30 |     if (EXPECT(!(cond), 0)) { \\\n#12 46.81 ../native/secp256k1/src/util.h:41:39: note: in definition of macro 'EXPECT'\n#12 46.81    41 | #define EXPECT(x,c) __builtin_expect((x),(c))\n#12 46.81       |                                       ^\n#12 46.81 ../native/secp256k1/src/secp256k1.c:554:5: note: in expansion of macro 'ARG_CHECK'\n#12 46.81   554 |     ARG_CHECK(seckey != NULL);\n#12 46.81       |     ^~~~~~~~~\n#12 46.81 ../native/secp256k1/src/secp256k1.c: In function 'secp256k1_ec_pubkey_create':\n#12 46.81 ../native/secp256k1/src/secp256k1.c:30:16: warning: nonnull argument 'pubkey' compared to NULL [-Wnonnull-compare]\n#12 46.81    30 |     if (EXPECT(!(cond), 0)) { \\\n#12 46.81 ../native/secp256k1/src/util.h:41:39: note: in definition of macro 'EXPECT'\n#12 46.81    41 | #define EXPECT(x,c) __builtin_expect((x),(c))\n#12 46.81       |                                       ^\n#12 46.81 ../native/secp256k1/src/secp256k1.c:578:5: note: in expansion of macro 'ARG_CHECK'\n#12 46.81   578 |     ARG_CHECK(pubkey != NULL);\n#12 46.81       |     ^~~~~~~~~\n#12 46.81 ../native/secp256k1/src/secp256k1.c:30:16: warning: nonnull argument 'seckey' compared to NULL [-Wnonnull-compare]\n#12 46.81    30 |     if (EXPECT(!(cond), 0)) { \\\n#12 46.81 ../native/secp256k1/src/util.h:41:39: note: in definition of macro 'EXPECT'\n#12 46.81    41 | #define EXPECT(x,c) __builtin_expect((x),(c))\n#12 46.81       |                                       ^\n#12 46.81 ../native/secp256k1/src/secp256k1.c:581:5: note: in expansion of macro 'ARG_CHECK'\n#12 46.81   581 |     ARG_CHECK(seckey != NULL);\n#12 46.81       |     ^~~~~~~~~\n#12 46.81 ../native/secp256k1/src/secp256k1.c: In function 'secp256k1_ec_seckey_negate':\n#12 46.81 ../native/secp256k1/src/secp256k1.c:30:16: warning: nonnull argument 'seckey' compared to NULL [-Wnonnull-compare]\n#12 46.81    30 |     if (EXPECT(!(cond), 0)) { \\\n#12 46.81 ../native/secp256k1/src/util.h:41:39: note: in definition of macro 'EXPECT'\n#12 46.81    41 | #define EXPECT(x,c) __builtin_expect((x),(c))\n#12 46.81       |                                       ^\n#12 46.81 ../native/secp256k1/src/secp256k1.c:595:5: note: in expansion of macro 'ARG_CHECK'\n#12 46.81   595 |     ARG_CHECK(seckey != NULL);\n#12 46.81       |     ^~~~~~~~~\n#12 46.81 ../native/secp256k1/src/secp256k1.c: In function 'secp256k1_ec_pubkey_negate':\n#12 46.81 ../native/secp256k1/src/secp256k1.c:30:16: warning: nonnull argument 'pubkey' compared to NULL [-Wnonnull-compare]\n#12 46.81    30 |     if (EXPECT(!(cond), 0)) { \\\n#12 46.81 ../native/secp256k1/src/util.h:41:39: note: in definition of macro 'EXPECT'\n#12 46.81    41 | #define EXPECT(x,c) __builtin_expect((x),(c))\n#12 46.81       |                                       ^\n#12 46.81 ../native/secp256k1/src/secp256k1.c:614:5: note: in expansion of macro 'ARG_CHECK'\n#12 46.81   614 |     ARG_CHECK(pubkey != NULL);\n#12 46.81       |     ^~~~~~~~~\n#12 46.81 ../native/secp256k1/src/secp256k1.c: In function 'secp256k1_ec_seckey_tweak_add':\n#12 46.81 ../native/secp256k1/src/secp256k1.c:30:16: warning: nonnull argument 'seckey' compared to NULL [-Wnonnull-compare]\n#12 46.81    30 |     if (EXPECT(!(cond), 0)) { \\\n#12 46.81 ../native/secp256k1/src/util.h:41:39: note: in definition of macro 'EXPECT'\n#12 46.81    41 | #define EXPECT(x,c) __builtin_expect((x),(c))\n#12 46.81       |                                       ^\n#12 46.81 ../native/secp256k1/src/secp256k1.c:641:5: note: in expansion of macro 'ARG_CHECK'\n#12 46.81   641 |     ARG_CHECK(seckey != NULL);\n#12 46.81       |     ^~~~~~~~~\n#12 46.81 ../native/secp256k1/src/secp256k1.c:30:16: warning: nonnull argument 'tweak' compared to NULL [-Wnonnull-compare]\n#12 46.81    30 |     if (EXPECT(!(cond), 0)) { \\\n#12 46.81 ../native/secp256k1/src/util.h:41:39: note: in definition of macro 'EXPECT'\n#12 46.81    41 | #define EXPECT(x,c) __builtin_expect((x),(c))\n#12 46.81       |                                       ^\n#12 46.81 ../native/secp256k1/src/secp256k1.c:642:5: note: in expansion of macro 'ARG_CHECK'\n#12 46.81   642 |     ARG_CHECK(tweak != NULL);\n#12 46.81       |     ^~~~~~~~~\n#12 46.81 ../native/secp256k1/src/secp256k1.c: In function 'secp256k1_ec_pubkey_tweak_add':\n#12 46.81 ../native/secp256k1/src/secp256k1.c:30:16: warning: nonnull argument 'pubkey' compared to NULL [-Wnonnull-compare]\n#12 46.81    30 |     if (EXPECT(!(cond), 0)) { \\\n#12 46.81 ../native/secp256k1/src/util.h:41:39: note: in definition of macro 'EXPECT'\n#12 46.81    41 | #define EXPECT(x,c) __builtin_expect((x),(c))\n#12 46.81       |                                       ^\n#12 46.81 ../native/secp256k1/src/secp256k1.c:669:5: note: in expansion of macro 'ARG_CHECK'\n#12 46.81   669 |     ARG_CHECK(pubkey != NULL);\n#12 46.81       |     ^~~~~~~~~\n#12 46.81 ../native/secp256k1/src/secp256k1.c:30:16: warning: nonnull argument 'tweak' compared to NULL [-Wnonnull-compare]\n#12 46.81    30 |     if (EXPECT(!(cond), 0)) { \\\n#12 46.81 ../native/secp256k1/src/util.h:41:39: note: in definition of macro 'EXPECT'\n#12 46.81    41 | #define EXPECT(x,c) __builtin_expect((x),(c))\n#12 46.81       |                                       ^\n#12 46.81 ../native/secp256k1/src/secp256k1.c:670:5: note: in expansion of macro 'ARG_CHECK'\n#12 46.81   670 |     ARG_CHECK(tweak != NULL);\n#12 46.81       |     ^~~~~~~~~\n#12 46.81 ../native/secp256k1/src/secp256k1.c: In function 'secp256k1_ec_seckey_tweak_mul':\n#12 46.81 ../native/secp256k1/src/secp256k1.c:30:16: warning: nonnull argument 'seckey' compared to NULL [-Wnonnull-compare]\n#12 46.81    30 |     if (EXPECT(!(cond), 0)) { \\\n#12 46.81 ../native/secp256k1/src/util.h:41:39: note: in definition of macro 'EXPECT'\n#12 46.81    41 | #define EXPECT(x,c) __builtin_expect((x),(c))\n#12 46.81       |                                       ^\n#12 46.81 ../native/secp256k1/src/secp256k1.c:688:5: note: in expansion of macro 'ARG_CHECK'\n#12 46.81   688 |     ARG_CHECK(seckey != NULL);\n#12 46.81       |     ^~~~~~~~~\n#12 46.81 ../native/secp256k1/src/secp256k1.c:30:16: warning: nonnull argument 'tweak' compared to NULL [-Wnonnull-compare]\n#12 46.81    30 |     if (EXPECT(!(cond), 0)) { \\\n#12 46.81 ../native/secp256k1/src/util.h:41:39: note: in definition of macro 'EXPECT'\n#12 46.81    41 | #define EXPECT(x,c) __builtin_expect((x),(c))\n#12 46.81       |                                       ^\n#12 46.81 ../native/secp256k1/src/secp256k1.c:689:5: note: in expansion of macro 'ARG_CHECK'\n#12 46.81   689 |     ARG_CHECK(tweak != NULL);\n#12 46.81       |     ^~~~~~~~~\n#12 46.81 ../native/secp256k1/src/secp256k1.c: In function 'secp256k1_ec_pubkey_tweak_mul':\n#12 46.81 ../native/secp256k1/src/secp256k1.c:30:16: warning: nonnull argument 'pubkey' compared to NULL [-Wnonnull-compare]\n#12 46.81    30 |     if (EXPECT(!(cond), 0)) { \\\n#12 46.81 ../native/secp256k1/src/util.h:41:39: note: in definition of macro 'EXPECT'\n#12 46.81    41 | #define EXPECT(x,c) __builtin_expect((x),(c))\n#12 46.81       |                                       ^\n#12 46.81 ../native/secp256k1/src/secp256k1.c:713:5: note: in expansion of macro 'ARG_CHECK'\n#12 46.81   713 |     ARG_CHECK(pubkey != NULL);\n#12 46.81       |     ^~~~~~~~~\n#12 46.81 ../native/secp256k1/src/secp256k1.c:30:16: warning: nonnull argument 'tweak' compared to NULL [-Wnonnull-compare]\n#12 46.81    30 |     if (EXPECT(!(cond), 0)) { \\\n#12 46.81 ../native/secp256k1/src/util.h:41:39: note: in definition of macro 'EXPECT'\n#12 46.81    41 | #define EXPECT(x,c) __builtin_expect((x),(c))\n#12 46.81       |                                       ^\n#12 46.81 ../native/secp256k1/src/secp256k1.c:714:5: note: in expansion of macro 'ARG_CHECK'\n#12 46.81   714 |     ARG_CHECK(tweak != NULL);\n#12 46.81       |     ^~~~~~~~~\n#12 46.81 ../native/secp256k1/src/secp256k1.c: In function 'secp256k1_ec_pubkey_combine':\n#12 46.81 ../native/secp256k1/src/secp256k1.c:30:16: warning: nonnull argument 'pubnonce' compared to NULL [-Wnonnull-compare]\n#12 46.81    30 |     if (EXPECT(!(cond), 0)) { \\\n#12 46.81 ../native/secp256k1/src/util.h:41:39: note: in definition of macro 'EXPECT'\n#12 46.81    41 | #define EXPECT(x,c) __builtin_expect((x),(c))\n#12 46.81       |                                       ^\n#12 46.81 ../native/secp256k1/src/secp256k1.c:743:5: note: in expansion of macro 'ARG_CHECK'\n#12 46.81   743 |     ARG_CHECK(pubnonce != NULL);\n#12 46.81       |     ^~~~~~~~~\n#12 46.81 ../native/secp256k1/src/secp256k1.c:30:16: warning: nonnull argument 'pubnonces' compared to NULL [-Wnonnull-compare]\n#12 46.81    30 |     if (EXPECT(!(cond), 0)) { \\\n#12 46.81 ../native/secp256k1/src/util.h:41:39: note: in definition of macro 'EXPECT'\n#12 46.81    41 | #define EXPECT(x,c) __builtin_expect((x),(c))\n#12 46.81       |                                       ^\n#12 46.81 ../native/secp256k1/src/secp256k1.c:746:5: note: in expansion of macro 'ARG_CHECK'\n#12 46.81   746 |     ARG_CHECK(pubnonces != NULL);\n#12 46.81       |     ^~~~~~~~~\n#12 48.05   SOLINK_MODULE(target) Release/obj.target/secp256k1.node\n#12 48.08   COPY Release/secp256k1.node\n#12 48.08 make: Leaving directory '/usr/src/app/node_modules/tiny-secp256k1/build'\n#12 48.10 \n#12 48.10 > keccak@3.0.2 install /usr/src/app/node_modules/keccak\n#12 48.10 > node-gyp-build || exit 0\n#12 48.10 \n#12 48.23 gyp ERR! configure error \n#12 48.23 gyp ERR! stack Error: Can't find Python executable \"python\", you can set the PYTHON env variable.\n#12 48.23 gyp ERR! stack     at PythonFinder.failNoPython (/usr/src/app/node_modules/node-gyp/lib/configure.js:484:19)\n#12 48.23 gyp ERR! stack     at PythonFinder.<anonymous> (/usr/src/app/node_modules/node-gyp/lib/configure.js:406:16)\n#12 48.23 gyp ERR! stack     at F (/usr/src/app/node_modules/which/which.js:68:16)\n#12 48.23 gyp ERR! stack     at E (/usr/src/app/node_modules/which/which.js:80:29)\n#12 48.23 gyp ERR! stack     at /usr/src/app/node_modules/which/which.js:89:16\n#12 48.23 gyp ERR! stack     at /usr/src/app/node_modules/isexe/index.js:42:5\n#12 48.23 gyp ERR! stack     at /usr/src/app/node_modules/isexe/mode.js:8:5\n#12 48.23 gyp ERR! stack     at FSReqCallback.oncomplete (fs.js:192:21)\n#12 48.23 gyp ERR! System Linux 5.15.49-linuxkit\n#12 48.23 gyp ERR! command \"/usr/bin/node\" \"/usr/src/app/node_modules/node-gyp/bin/node-gyp.js\" \"rebuild\"\n#12 48.23 gyp ERR! cwd /usr/src/app/node_modules/keccak\n#12 48.23 gyp ERR! node -v v14.21.1\n#12 48.23 gyp ERR! node-gyp -v v3.8.0\n#12 48.23 gyp ERR! not ok \n#12 48.29 \n#12 48.29 > diskusage@1.1.3 install /usr/src/app/node_modules/diskusage\n#12 48.29 > node-gyp rebuild\n#12 48.29 \n#12 48.51 make: Entering directory '/usr/src/app/node_modules/diskusage/build'\n#12 48.52   CXX(target) Release/obj.target/diskusage/src/main.o\n#12 48.75 In file included from ../../nan/nan.h:58,\n#12 48.75                  from ../src/main.cpp:3:\n#12 48.75 /root/.cache/node-gyp/14.21.1/include/node/node.h:793:43: warning: cast between incompatible function types from 'void (*)(v8::Local<v8::Object>)' to 'node::addon_register_func' {aka 'void (*)(v8::Local<v8::Object>, v8::Local<v8::Value>, void*)'} [-Wcast-function-type]\n#12 48.75   793 |       (node::addon_register_func) (regfunc),                          \\\n#12 48.75       |                                           ^\n#12 48.75 /root/.cache/node-gyp/14.21.1/include/node/node.h:827:3: note: in expansion of macro 'NODE_MODULE_X'\n#12 48.75   827 |   NODE_MODULE_X(modname, regfunc, NULL, 0)  // NOLINT (readability/null_usage)\n#12 48.75       |   ^~~~~~~~~~~~~\n#12 48.75 ../src/main.cpp:42:1: note: in expansion of macro 'NODE_MODULE'\n#12 48.75    42 | NODE_MODULE(diskusage, Init)\n#12 48.75       | ^~~~~~~~~~~\n#12 48.88   CXX(target) Release/obj.target/diskusage/src/diskusage_posix.o\n#12 49.02   SOLINK_MODULE(target) Release/obj.target/diskusage.node\n#12 49.05   COPY Release/diskusage.node\n#12 49.06 make: Leaving directory '/usr/src/app/node_modules/diskusage/build'\n#12 49.07 \n#12 49.07 > grpc@1.24.6 install /usr/src/app/node_modules/grpc\n#12 49.07 > node-pre-gyp install --fallback-to-build --library=static_library\n#12 49.07 \n#12 49.18 node-pre-gyp WARN Using request for node-pre-gyp https download \n#12 51.16 [grpc] Success: \"/usr/src/app/node_modules/grpc/src/node/extension_binary/node-v83-linux-arm64-glibc/grpc_node.node\" is installed via remote\n#12 51.18 \n#12 51.18 > grpc-tools@1.11.2 install /usr/src/app/node_modules/grpc-tools\n#12 51.18 > node-pre-gyp install\n#12 51.18 \n#12 51.55 node-pre-gyp ERR! install response status 404 Not Found on https://node-precompiled-binaries.grpc.io/grpc-tools/v1.11.2/linux-arm64.tar.gz \n#12 51.55 node-pre-gyp ERR! install error \n#12 51.55 node-pre-gyp ERR! stack Error: response status 404 Not Found on https://node-precompiled-binaries.grpc.io/grpc-tools/v1.11.2/linux-arm64.tar.gz\n#12 51.55 node-pre-gyp ERR! stack     at /usr/src/app/node_modules/grpc-tools/node_modules/@mapbox/node-pre-gyp/lib/install.js:67:15\n#12 51.55 node-pre-gyp ERR! stack     at processTicksAndRejections (internal/process/task_queues.js:95:5)\n#12 51.55 node-pre-gyp ERR! System Linux 5.15.49-linuxkit\n#12 51.55 node-pre-gyp ERR! command \"/usr/bin/node\" \"/usr/src/app/node_modules/grpc-tools/node_modules/.bin/node-pre-gyp\" \"install\"\n#12 51.55 node-pre-gyp ERR! cwd /usr/src/app/node_modules/grpc-tools\n#12 51.55 node-pre-gyp ERR! node -v v14.21.1\n#12 51.55 node-pre-gyp ERR! node-pre-gyp -v v1.0.8\n#12 51.55 node-pre-gyp ERR! not ok \n#12 51.55 response status 404 Not Found on https://node-precompiled-binaries.grpc.io/grpc-tools/v1.11.2/linux-arm64.tar.gz\n#12 52.17 npm WARN optional SKIPPING OPTIONAL DEPENDENCY: fsevents@2.1.3 (node_modules/mocha/node_modules/fsevents):\n#12 52.17 npm WARN notsup SKIPPING OPTIONAL DEPENDENCY: Unsupported platform for fsevents@2.1.3: wanted {\"os\":\"darwin\",\"arch\":\"any\"} (current: {\"os\":\"linux\",\"arch\":\"arm64\"})\n#12 52.18 npm WARN optional SKIPPING OPTIONAL DEPENDENCY: fsevents@2.3.2 (node_modules/fsevents):\n#12 52.18 npm WARN notsup SKIPPING OPTIONAL DEPENDENCY: Unsupported platform for fsevents@2.3.2: wanted {\"os\":\"darwin\",\"arch\":\"any\"} (current: {\"os\":\"linux\",\"arch\":\"arm64\"})\n#12 52.18 \n#12 52.19 npm ERR! code ELIFECYCLE\n#12 52.19 npm ERR! errno 1\n#12 52.20 npm ERR! grpc-tools@1.11.2 install: `node-pre-gyp install`\n#12 52.20 npm ERR! Exit status 1\n#12 52.20 npm ERR! \n#12 52.20 npm ERR! Failed at the grpc-tools@1.11.2 install script.\n#12 52.20 npm ERR! This is probably not a problem with npm. There is likely additional logging output above.\n#12 52.21 \n#12 52.21 npm ERR! A complete log of this run can be found in:\n#12 52.21 npm ERR!     /root/.npm/_logs/2023-01-04T22_43_01_430Z-debug.log\n#12 ERROR: executor failed running [/bin/sh -c npm install]: exit code: 1\n------\n > [8/9] RUN npm install:\n------\nexecutor failed running [/bin/sh -c npm install]: exit code: 1\n"}}