{"repository":"https://github.com/orlandos-nl/citadel","dockerfilePath":"Dockerfile","startTime":1672254853156,"clone":{"stdout":"","stderr":"Cloning into '/tmp/dinghy-analysis/orlandos-nl/citadel'...\n","error":null,"commit":"279c2a8dcefab6403deaeaf165e26aac3253a165"},"originalBuild":{"startTimestamp":1672254854056,"endTimestamp":1672255049273,"error":{"code":1,"killed":false,"signal":null,"cmd":"docker build --no-cache --force-rm -t citadel:latest -f /tmp/dinghy-analysis/orlandos-nl/citadel/Dockerfile ."},"stdout":"Sending build context to Docker daemon  590.3kB\r\r\nStep 1/8 : FROM swift:5.5-focal as build\n5.5-focal: Pulling from library/swift\n846c0b181fff: Already exists\n8672a19f03f4: Pulling fs layer\n827207d9e906: Pulling fs layer\ne049b59dfb8c: Pulling fs layer\ne049b59dfb8c: Verifying Checksum\ne049b59dfb8c: Download complete\n8672a19f03f4: Verifying Checksum\n8672a19f03f4: Download complete\n8672a19f03f4: Pull complete\n827207d9e906: Verifying Checksum\n827207d9e906: Download complete\n827207d9e906: Pull complete\ne049b59dfb8c: Pull complete\nDigest: sha256:269b8e48d32638e140230d826ca4e2d1d2b68cb4e52d573bfdf2cf712be30f23\nStatus: Downloaded newer image for swift:5.5-focal\n ---> 5bb4970ad290\nStep 2/8 : WORKDIR /build\n ---> Running in 90bdcf8ec65f\nRemoving intermediate container 90bdcf8ec65f\n ---> d22d0c885077\nStep 3/8 : COPY ./Package.* ./\n ---> dc5ef0b440d3\nStep 4/8 : RUN swift package resolve\n ---> Running in f1fcb260b79c\nFetching https://github.com/apple/swift-log.git\nFetching https://github.com/apple/swift-collections.git\nFetching https://github.com/Joannis/swift-nio-ssh.git\nFetched https://github.com/Joannis/swift-nio-ssh.git (0.95s)\nFetching https://github.com/attaswift/BigInt.git\nFetched https://github.com/apple/swift-log.git (1.34s)\nFetching https://github.com/apple/swift-atomics.git\nFetched https://github.com/apple/swift-collections.git (1.37s)\nFetching https://github.com/apple/swift-crypto.git\nFetched https://github.com/attaswift/BigInt.git (0.70s)\nFetching https://github.com/apple/swift-nio.git\nFetched https://github.com/apple/swift-atomics.git (0.80s)\nFetched https://github.com/apple/swift-crypto.git (1.79s)\nComputing version for https://github.com/apple/swift-crypto.git\nComputed https://github.com/apple/swift-crypto.git at 2.0.5 (0.32s)\nComputing version for https://github.com/attaswift/BigInt.git\nComputed https://github.com/attaswift/BigInt.git at 5.3.0 (0.27s)\nComputing version for https://github.com/apple/swift-log.git\nComputed https://github.com/apple/swift-log.git at 1.4.4 (0.24s)\nComputing version for https://github.com/Joannis/swift-nio-ssh.git\nComputed https://github.com/Joannis/swift-nio-ssh.git at 0.2.1 (0.32s)\nFetched https://github.com/apple/swift-nio.git (4.84s)\nComputing version for https://github.com/apple/swift-atomics.git\nComputed https://github.com/apple/swift-atomics.git at 1.0.2 (0.30s)\nComputing version for https://github.com/apple/swift-nio.git\nComputed https://github.com/apple/swift-nio.git at 2.45.0 (0.50s)\nComputing version for https://github.com/apple/swift-collections.git\nComputed https://github.com/apple/swift-collections.git at 1.0.3 (0.36s)\nCreating working copy for https://github.com/apple/swift-crypto.git\nWorking copy of https://github.com/apple/swift-crypto.git resolved at 2.0.5\nCreating working copy for https://github.com/apple/swift-nio.git\nWorking copy of https://github.com/apple/swift-nio.git resolved at 2.45.0\nCreating working copy for https://github.com/Joannis/swift-nio-ssh.git\nWorking copy of https://github.com/Joannis/swift-nio-ssh.git resolved at 0.2.1\nCreating working copy for https://github.com/apple/swift-log.git\nWorking copy of https://github.com/apple/swift-log.git resolved at 1.4.4\nCreating working copy for https://github.com/apple/swift-atomics.git\nWorking copy of https://github.com/apple/swift-atomics.git resolved at 1.0.2\nCreating working copy for https://github.com/apple/swift-collections.git\nWorking copy of https://github.com/apple/swift-collections.git resolved at 1.0.3\nCreating working copy for https://github.com/attaswift/BigInt.git\nWorking copy of https://github.com/attaswift/BigInt.git resolved at 5.3.0\nRemoving intermediate container f1fcb260b79c\n ---> 7eb3bec3274f\nStep 5/8 : COPY . .\n ---> 6749f25c0b51\nStep 6/8 : RUN apt-get update -y && apt-get install -y wget\n ---> Running in af077c6ea098\nGet:1 http://security.ubuntu.com/ubuntu focal-security InRelease [114 kB]\nGet:2 http://archive.ubuntu.com/ubuntu focal InRelease [265 kB]\nGet:3 http://archive.ubuntu.com/ubuntu focal-updates InRelease [114 kB]\nGet:4 http://archive.ubuntu.com/ubuntu focal-backports InRelease [108 kB]\nGet:5 http://security.ubuntu.com/ubuntu focal-security/multiverse amd64 Packages [27.7 kB]\nGet:6 http://security.ubuntu.com/ubuntu focal-security/main amd64 Packages [2358 kB]\nGet:7 http://security.ubuntu.com/ubuntu focal-security/universe amd64 Packages [972 kB]\nGet:8 http://security.ubuntu.com/ubuntu focal-security/restricted amd64 Packages [1779 kB]\nGet:9 http://archive.ubuntu.com/ubuntu focal/restricted amd64 Packages [33.4 kB]\nGet:10 http://archive.ubuntu.com/ubuntu focal/multiverse amd64 Packages [177 kB]\nGet:11 http://archive.ubuntu.com/ubuntu focal/universe amd64 Packages [11.3 MB]\nGet:12 http://archive.ubuntu.com/ubuntu focal/main amd64 Packages [1275 kB]\nGet:13 http://archive.ubuntu.com/ubuntu focal-updates/restricted amd64 Packages [1894 kB]\nGet:14 http://archive.ubuntu.com/ubuntu focal-updates/main amd64 Packages [2828 kB]\nGet:15 http://archive.ubuntu.com/ubuntu focal-updates/multiverse amd64 Packages [30.4 kB]\nGet:16 http://archive.ubuntu.com/ubuntu focal-updates/universe amd64 Packages [1275 kB]\nGet:17 http://archive.ubuntu.com/ubuntu focal-backports/universe amd64 Packages [28.6 kB]\nGet:18 http://archive.ubuntu.com/ubuntu focal-backports/main amd64 Packages [55.2 kB]\nFetched 24.7 MB in 2s (14.8 MB/s)\nReading package lists...\nReading package lists...\nBuilding dependency tree...\nReading state information...\nThe following NEW packages will be installed:\n  wget\n0 upgraded, 1 newly installed, 0 to remove and 1 not upgraded.\nNeed to get 348 kB of archives.\nAfter this operation, 1012 kB of additional disk space will be used.\nGet:1 http://archive.ubuntu.com/ubuntu focal-updates/main amd64 wget amd64 1.20.3-1ubuntu2 [348 kB]\n\u001b[91mdebconf: delaying package configuration, since apt-utils is not installed\n\u001b[0mFetched 348 kB in 0s (1782 kB/s)\nSelecting previously unselected package wget.\r\n(Reading database ... \r(Reading database ... 5%\r(Reading database ... 10%\r(Reading database ... 15%\r(Reading database ... 20%\r(Reading database ... 25%\r(Reading database ... 30%\r(Reading database ... 35%\r(Reading database ... 40%\r(Reading database ... 45%\r(Reading database ... 50%\r(Reading database ... 55%\r(Reading database ... 60%\r(Reading database ... 65%\r(Reading database ... 70%\r(Reading database ... 75%\r(Reading database ... 80%\r(Reading database ... 85%\r(Reading database ... 90%\r(Reading database ... 95%\r(Reading database ... 100%\r(Reading database ... 17006 files and directories currently installed.)\r\nPreparing to unpack .../wget_1.20.3-1ubuntu2_amd64.deb ...\r\nUnpacking wget (1.20.3-1ubuntu2) ...\r\nSetting up wget (1.20.3-1ubuntu2) ...\r\nRemoving intermediate container af077c6ea098\n ---> 5fe3ebb78da3\nStep 7/8 : RUN swift build --enable-test-discovery -c release\n ---> Running in 5980106a0a15\n\u001b[91m'swift-nio' /build/.build/checkouts/swift-nio: warning: found 2 file(s) which are unhandled; explicitly declare them as resources or exclude from the target\n    /build/.build/checkouts/swift-nio/Sources/CNIOLLHTTP/LICENSE-MIT\n    /build/.build/checkouts/swift-nio/Sources/CNIOLLHTTP/update_and_patch_llhttp.sh\n\n\u001b[0m\u001b[91m'swift-nio' /build/.build/checkouts/swift-nio: warning: found 1 file(s) which are unhandled; explicitly declare them as resources or exclude from the target\n    /build/.build/checkouts/swift-nio/Sources/CNIOSHA1/update_and_patch_sha1.sh\n\n\u001b[0m\u001b[91mwarning: '--enable-test-discovery' option is deprecated; tests are automatically discovered on all platforms\n\u001b[0m/build/Sources/CCitadelBcrypt/bcrypt-kdf.c:43:9: warning: 'BCRYPT_WORDS' macro redefined [-Wmacro-redefined]\n#define BCRYPT_WORDS 8\n        ^\n/build/Sources/CCitadelBcrypt/bcrypt.h:31:9: note: previous definition is here\n#define BCRYPT_WORDS 6        /* Ciphertext words */\n        ^\n1 warning generated.\nremark: Incremental compilation has been disabled: it is not compatible with whole module optimization[1/416] Compiling _AtomicsShims.c\nremark: Incremental compilation has been disabled: it is not compatible with whole module optimizationremark: Incremental compilation has been disabled: it is not compatible with whole module optimizationremark: Incremental compilation has been disabled: it is not compatible with whole module optimization[2/416] Compiling CNIOWindows shim.c\n[3/416] Compiling CNIOWindows WSAStartup.c\n[4/416] Compiling CNIOLinux liburing_shims.c\nremark: Incremental compilation has been disabled: it is not compatible with whole module optimization[5/416] Compiling CNIODarwin shim.c\n[6/419] Compiling CNIOLinux shim.c\n[7/421] Compiling v3_pmaps.c\n[8/421] Compiling v3_pcia.c\n[9/421] Compiling v3_int.c\n[10/421] Compiling v3_ocsp.c\n[11/421] Compiling v3_skey.c\n[12/421] Compiling v3_pcons.c\n[13/421] Compiling v3_prn.c\n[14/421] Compiling v3_ia5.c\n[15/421] Compiling v3_enum.c\n[16/421] Compiling v3_info.c\n[17/421] Compiling v3_pci.c\n[18/421] Compiling v3_akeya.c\n[19/421] Compiling v3_extku.c\n[20/421] Compiling v3_bitst.c\n[21/421] Compiling v3_bcons.c\n[22/421] Compiling v3_lib.c\n[23/421] Compiling v3_genn.c\n[24/421] Compiling v3_ncons.c\n[25/421] Compiling v3_akey.c\n[26/421] Compiling pcy_data.c\n[27/421] Compiling x_val.c\n[28/421] Compiling v3_conf.c\n[29/421] Compiling pcy_lib.c\n[30/421] Compiling pcy_map.c\n[31/421] Compiling pcy_node.c\n[32/421] Compiling CCryptoBoringSSLShims shims.c\n[33/421] Compiling x_sig.c\n[34/421] Compiling x_spki.c\n[35/421] Compiling x_x509a.c\n[36/421] Compiling x_req.c\n[37/421] Compiling x_info.c\n[38/421] Compiling pcy_cache.c\n[39/421] Compiling v3_crld.c\n[40/421] Compiling x_pkey.c\n[41/421] Compiling x_attrib.c\n[42/421] Compiling x_pubkey.c\n[43/421] Compiling v3_alt.c\n[44/421] Compiling x_exten.c\n[45/421] Compiling v3_cpols.c\n[46/421] Compiling x_x509.c\n[47/421] Compiling v3_purp.c\n[48/421] Compiling x509spki.c\n[49/421] Compiling x509rset.c\n[50/421] Compiling x_algor.c\n[51/421] Compiling x509_txt.c\n[52/421] Compiling pcy_tree.c\n[53/421] Compiling x509_def.c\n[54/421] Compiling x509_d2.c\n[55/421] Compiling v3_utl.c\n[56/421] Compiling x509cset.c\n[57/421] Compiling x_name.c\n[58/421] Compiling x509_set.c\n[59/421] Compiling x509_req.c\n[60/421] Compiling i2d_pr.c\n[61/421] Compiling x509_obj.c\n[62/421] Compiling x509.c\n[63/421] Compiling x509name.c\n[64/421] Compiling x509_ext.c\n[65/421] Compiling x509_v3.c\n[66/421] Compiling t_x509a.c\n[67/421] Compiling x_crl.c\n[68/421] Compiling t_crl.c\n[69/421] Compiling x509_trs.c\n[70/421] Compiling thread_win.c\n[71/421] Compiling x509_att.c\n[72/421] Compiling t_req.c\n[73/421] Compiling thread_none.c\n[74/421] Compiling t_x509.c\n[75/421] Compiling name_print.c\n[76/421] Compiling thread.c\n[77/421] Compiling x_all.c\n[78/421] Compiling x509_vpm.c\n[79/421] Compiling rsa_print.c\n[80/421] Compiling algorithm.c\n[81/421] Compiling rsa_pss.c\n[82/421] Compiling a_verify.c\n[83/421] Compiling a_digest.c\n[84/421] Compiling refcount_lock.c\n[85/421] Compiling thread_pthread.c\n[86/421] Compiling rc4.c\n[87/421] Compiling refcount_c11.c\n[88/421] Compiling fuchsia.c\n[89/421] Compiling by_file.c\n[90/421] Compiling siphash.c\n[91/421] Compiling x509_cmp.c\n[92/421] Compiling forkunsafe.c\n[93/421] Compiling deterministic.c\n[94/421] Compiling rand_extra.c\n[95/421] Compiling a_sign.c\n[96/421] Compiling passive.c\n[97/421] Compiling poly1305_arm.c\n[98/421] Compiling windows.c\n[99/421] Compiling rsa_asn1.c\n[100/421] Compiling by_dir.c\n[101/421] Compiling poly1305.c\n[102/421] Compiling stack.c\n[103/421] Compiling pool.c\n[104/421] Compiling x509_lu.c\n[105/421] Compiling poly1305_arm_asm.S\n[106/421] Compiling pkcs7.c\n[107/421] Compiling trust_token.c\n[108/421] Compiling asn1_gen.c\n[109/421] Compiling pem_x509.c\n[110/421] Compiling pem_pkey.c\n[111/421] Compiling obj_xref.c\n[112/421] Compiling pem_oth.c\n[113/421] Compiling poly_rq_mul.S\n[114/421] Compiling x86_64-mont5.linux.x86_64.S\n[115/421] Compiling x86_64-mont5.mac.x86_64.S\n[116/421] Compiling pem_xaux.c\n[117/421] Compiling pem_pk8.c\n[118/421] Compiling voprf.c\n[119/421] Compiling hkdf.c\n[120/421] Compiling pem_info.c\n[121/421] Compiling p5_pbev2.c\n[122/421] Compiling x86_64-mont.linux.x86_64.S\n[123/421] Compiling pkcs7_x509.c\n[124/421] Compiling x86_64-mont.mac.x86_64.S\n[125/421] Compiling mem.c\n[126/421] Compiling pkcs8.c\n[127/421] Compiling sha512-x86_64.mac.x86_64.S\n[128/421] Compiling x86-mont.linux.x86.S\n[129/421] Compiling vpaes-x86.linux.x86.S\n[130/421] Compiling sha512-armv4.ios.arm.S\n[131/421] Compiling vpaes-x86_64.mac.x86_64.S\n[132/421] Compiling vpaes-x86_64.linux.x86_64.S\n[133/421] Compiling vpaes-x86.windows.x86.S\n[134/421] Compiling pem_all.c\n[135/421] Compiling vpaes-armv7.linux.arm.S\n[136/421] Compiling obj.c\n[137/421] Compiling vpaes-armv8.linux.aarch64.S\n[138/421] Compiling vpaes-armv7.ios.arm.S\n[139/421] Compiling x86-mont.windows.x86.S\n[140/421] Compiling vpaes-armv8.ios.aarch64.S\n[141/421] Compiling sha512-armv8.linux.aarch64.S\n[142/421] Compiling sha512-armv4.linux.arm.S\n[143/421] Compiling pem_lib.c\n[144/421] Compiling sha512-586.windows.x86.S\n[145/421] Compiling sha512-armv8.ios.aarch64.S\n[146/421] Compiling sha256-x86_64.mac.x86_64.S\n[147/421] Compiling kdf.c\n[148/421] Compiling pkcs8_x509.c\n[149/421] Compiling sha512-x86_64.linux.x86_64.S\n[150/421] Compiling sha256-586.windows.x86.S\n[151/421] Compiling sha256-armv8.linux.aarch64.S\n[152/421] Compiling sha512-586.linux.x86.S\n[153/421] Compiling sha256-armv8.ios.aarch64.S\n[154/421] Compiling sha1-x86_64.mac.x86_64.S\n[155/421] Compiling hpke.c\n[156/421] Compiling lhash.c\n[157/421] Compiling sha256-armv4.ios.arm.S\n[158/421] Compiling pmbtoken.c\n[159/421] Compiling x509_vfy.c\n[160/421] Compiling sha256-armv4.linux.arm.S\n[161/421] Compiling sha256-586.linux.x86.S\n[162/421] Compiling sha1-armv8.ios.aarch64.S\n[163/421] Compiling sha256-x86_64.linux.x86_64.S\n[164/421] Compiling sha1-armv4-large.linux.arm.S\n[165/421] Compiling sha1-armv8.linux.aarch64.S\n[166/421] Compiling sha1-586.linux.x86.S\n[167/421] Compiling _NIODataStructures Heap.swift\n[168/421] Compiling sha1-586.windows.x86.S\n[169/421] Compiling sha1-armv4-large.ios.arm.S\n[170/421] Compiling rdrand-x86_64.mac.x86_64.S\n[171/421] Compiling rsaz-avx2.mac.x86_64.S\n[172/421] Compiling sha1-altivec.c\n[173/422] Compiling p256_beeu-x86_64-asm.mac.x86_64.S\n[175/422] Compiling sha1-x86_64.linux.x86_64.S\n[176/422] Compiling fips.c\n[177/422] Compiling rdrand-x86_64.linux.x86_64.S\n[178/422] Compiling p256-x86_64-asm.mac.x86_64.S\n[179/422] Compiling rsaz-avx2.linux.x86_64.S\n[180/422] Compiling sha1.c\n[181/422] Compiling p256_beeu-x86_64-asm.linux.x86_64.S\n[182/422] Compiling blinding.c\n[183/422] Compiling p256-x86_64-asm.linux.x86_64.S\n[184/422] Compiling md5-x86_64.mac.x86_64.S\n[185/422] Compiling md5-586.linux.x86.S\n[186/422] Compiling md5-586.windows.x86.S\n[187/422] Compiling rand.c\n[188/422] Compiling ofb.c\n[189/422] Compiling sha256.c\n[190/422] Compiling sha512.c\n[191/422] Compiling polyval.c\n[192/422] Compiling fork_detect.c\n[193/422] Compiling md5-x86_64.linux.x86_64.S\n[194/422] Compiling ghashv8-armx64.ios.aarch64.S\n[195/422] Compiling ghashv8-armx64.linux.aarch64.S\n[196/422] Compiling gcm_nohw.c\n[197/422] Compiling urandom.c\n[198/422] Compiling md5.c\n[199/422] Compiling ghashv8-armx32.ios.arm.S\n[200/422] Compiling ghashv8-armx32.linux.arm.S\n[201/422] Compiling ctrdrbg.c\n[202/422] Compiling ghash-x86.windows.x86.S\n[203/422] Compiling ghash-ssse3-x86_64.mac.x86_64.S\n[204/422] Compiling ghash-x86_64.mac.x86_64.S\n[205/422] Compiling ghash-x86.linux.x86.S\n[206/422] Compiling fips_shared_support.c\n[207/422] Compiling ctr.c\n[208/422] Compiling poly1305_vec.c\n[209/422] Compiling ghash-ssse3-x86.windows.x86.S\n[210/422] Compiling ghash-ssse3-x86.linux.x86.S\n[211/422] Compiling ghash-neon-armv8.ios.aarch64.S\n[212/422] Compiling ghash-armv4.ios.arm.S\n[213/422] Compiling ghash-neon-armv8.linux.aarch64.S\n[214/422] Compiling ghash-ssse3-x86_64.linux.x86_64.S\n[215/422] Compiling ghash-armv4.linux.arm.S\n[216/422] Compiling cbc.c\n[217/422] Compiling ghash-x86_64.linux.x86_64.S\n[218/422] Compiling cfb.c\n[219/422] Compiling hmac.c\n[220/422] Compiling util.c\n[221/422] Compiling self_check.c\n[222/422] Compiling ecdh.c\n[223/422] Compiling rsa.c\n[224/422] Compiling md4.c\n[225/422] Compiling padding.c\n[226/422] Compiling wnaf.c\n[227/422] Compiling co-586.windows.x86.S\n[228/422] Compiling simple.c\n[229/422] Compiling oct.c\n[230/422] Compiling felem.c\n[231/422] Compiling check.c\n[232/422] Compiling scalar.c\n[233/422] Compiling c-nioatomics.c\n[234/422] Compiling co-586.linux.x86.S\n[235/422] Compiling bsaes-armv7.ios.arm.S\n[236/422] Compiling bsaes-armv7.linux.arm.S\n[237/422] Compiling ecdsa.c\n[238/422] Compiling simple_mul.c\n[239/422] Compiling gcm.c\n[240/422] Compiling digests.c\n[241/422] Compiling rsa_impl.c\n[242/422] Compiling ec_montgomery.c\n[243/422] Compiling dh.c\n[244/422] Compiling ec_key.c\n[245/422] Compiling rsaz_exp.c\n[246/422] Compiling montgomery_inv.c\n[247/422] Compiling digest.c\n[248/422] Compiling jacobi.c\n[249/422] Compiling generic.c\n[250/422] Compiling sqrt.c\n[251/422] Compiling gcd.c\n[252/422] Compiling aead.c\n[253/422] Compiling div_extra.c\n[254/422] Compiling armv4-mont.linux.arm.S\n[255/422] Compiling bn-586.windows.x86.S\n[256/422] Compiling armv8-mont.linux.aarch64.S\n[257/422] Compiling bn-586.linux.x86.S\n[258/422] Compiling ctx.c\n[259/422] Compiling aesv8-armx32.ios.arm.S\n[260/422] Compiling random.c\n[261/422] Compiling aesv8-armx32.linux.arm.S\n[262/422] Compiling montgomery.c\n[263/422] Compiling armv4-mont.ios.arm.S\n[264/422] Compiling aesv8-armx64.ios.aarch64.S\n[265/422] Compiling armv8-mont.ios.aarch64.S\n[266/422] Compiling aesni-x86.windows.x86.S\n[267/422] Compiling aesv8-armx64.linux.aarch64.S\n[268/422] Compiling cipher.c\n[269/422] Compiling aesni-x86.linux.x86.S\n[270/422] Compiling aesni-x86_64.mac.x86_64.S\n[271/422] Compiling aesni-gcm-x86_64.linux.x86_64.S\n[272/422] Compiling aesni-x86_64.linux.x86_64.S\n[273/422] Compiling aesni-gcm-x86_64.mac.x86_64.S\n[274/422] Compiling bytes.c\n[275/422] Compiling add.c\n[276/422] Compiling gcd_extra.c\n[277/422] Compiling shift.c\n[278/422] Compiling prime.c\n[279/422] Compiling mul.c\n[280/422] Compiling mode_wrappers.c\n[281/422] Compiling c-atomics.c\n[282/422] Compiling cmp.c\n[283/422] Compiling aes.c\n[284/422] Compiling ec.c\n[285/422] Compiling bn.c\n[286/422] Compiling sign.c\n[287/422] Compiling pbkdf.c\n[288/422] Compiling p_x25519.c\nremark: Incremental compilation has been disabled: it is not compatible with whole module optimization[289/422] Compiling div.c\n[290/422] Compiling p_rsa_asn1.c\n[291/422] Compiling key_wrap.c\n[292/422] Compiling x86_64-gcc.c\n[293/422] Compiling ex_data.c\n[294/422] Compiling p_ed25519.c\n[295/422] Compiling p_x25519_asn1.c\n[296/422] Compiling err_data.c\n[297/423] Compiling p_ec_asn1.c\n[298/423] Compiling p256-x86_64.c\n[299/423] Compiling engine.c\n[300/423] Compiling p_dsa_asn1.c\n[301/423] Compiling p_ed25519_asn1.c\n[302/423] Compiling print.c\n[303/423] Compiling e_aes.c\n[304/423] Compiling digestsign.c\n[305/423] Compiling p_ec.c\n[306/423] Compiling ecdh_extra.c\n[307/423] Compiling p_rsa.c\n[308/423] Compiling params.c\n[309/423] Compiling scrypt.c\n[310/423] Compiling dh_asn1.c\n[311/423] Compiling evp_asn1.c\n[312/423] Compiling evp_ctx.c\n[313/423] Compiling ecdsa_asn1.c\n[314/423] Compiling x25519-asm-arm.S\n[315/423] Compiling cpu_ppc64le.c\n[316/423] Compiling ec_derive.c\n[317/423] Compiling exponentiation.c\n[318/423] Compiling digest_extra.c\n[319/423] Compiling cpu_aarch64_fuchsia.c\n[320/423] Compiling cpu_aarch64_linux.c\n[321/423] Compiling ec_asn1.c\n[322/423] Compiling evp.c\n[323/423] Compiling cpu_arm_linux.c\n[324/423] Compiling cpu_aarch64_win.c\n[325/423] Compiling crypto.c\n[326/423] Compiling hash_to_curve.c\n[327/423] Compiling cpu_arm.c\n[328/423] Compiling dsa_asn1.c\n[329/423] Compiling cpu_intel.c\n[330/423] Compiling cpu_aarch64_apple.c\n[331/423] Compiling e_rc4.c\n[332/423] Compiling aes128gcmsiv-x86_64.mac.x86_64.S\n[333/423] Compiling spake25519.c\n[334/423] Compiling e_null.c\n[335/423] Compiling aes128gcmsiv-x86_64.linux.x86_64.S\n[336/423] Compiling chacha20_poly1305_x86_64.mac.x86_64.S\n[337/423] Compiling chacha-x86_64.mac.x86_64.S\n[338/423] Compiling err.c\n[339/423] Compiling derive_key.c\n[340/423] Compiling chacha-x86_64.linux.x86_64.S\n[341/423] Compiling cipher_extra.c\n[342/423] Compiling e_des.c\n[343/423] Compiling chacha-armv8.ios.aarch64.S\n[344/423] Compiling chacha-armv8.linux.aarch64.S\n[345/423] Compiling cmac.c\n[346/423] Compiling chacha-armv4.ios.arm.S\n[347/423] Compiling chacha-x86.linux.x86.S\n[348/423] Compiling chacha-x86.windows.x86.S\n[349/423] Compiling e_aesctrhmac.c\n[350/423] Compiling chacha20_poly1305_x86_64.linux.x86_64.S\n[351/423] Compiling chacha.c\n[352/423] Compiling chacha-armv4.linux.arm.S\n[353/423] Compiling e_chacha20poly1305.c\n[354/423] Compiling dsa.c\n[355/423] Compiling bio_mem.c\n[356/423] Compiling bio.c\n[357/423] Compiling time_support.c\n[358/423] Compiling tasn_utl.c\n[359/423] Compiling tasn_typ.c\n[360/423] Compiling tasn_new.c\n[361/423] Compiling tasn_fre.c\n[362/423] Compiling tasn_enc.c\n[363/423] Compiling tasn_dec.c\n[364/423] Compiling f_string.c\n[365/423] Compiling f_int.c\n[366/423] Compiling asn_pack.c\n[367/423] Compiling asn1_par.c\n[368/423] Compiling asn1_lib.c\n[369/423] Compiling a_utf8.c\n[370/423] Compiling base64.c\n[371/423] Compiling a_utctm.c\n[372/423] Compiling a_type.c\n[373/423] Compiling a_time.c\n[374/423] Compiling a_strnid.c\n[375/423] Compiling a_print.c\n[376/423] Compiling a_octet.c\n[377/423] Compiling a_strex.c\n[378/423] Compiling a_mbstr.c\n[379/423] Compiling a_int.c\n[380/423] Compiling a_i2d_fp.c\n[381/423] Compiling a_gentm.c\n[382/423] Compiling a_object.c\n[383/423] Compiling a_dup.c\n[384/423] Compiling a_bool.c\n[385/423] Compiling a_bitstr.c\n[386/423] Compiling CCitadelBcrypt blf.c\n[387/423] Compiling CCitadelBcrypt bcrypt.c\n[388/423] Compiling CCitadelBcrypt bcrypt-kdf.c\n[389/423] Compiling a_d2i_fp.c\n[390/423] Compiling e_tls.c\n[391/423] Compiling tls_cbc.c\n[392/423] Compiling bn_asn1.c\n[393/423] Compiling socket.c\n[394/423] Compiling unicode.c\n[395/423] Compiling asn1_compat.c\n[396/423] Compiling e_rc2.c\n[397/423] Compiling printf.c\n[398/423] Compiling e_aesccm.c\n[399/423] Compiling ber.c\n[400/423] Compiling socket_helper.c\n[401/423] Compiling conf.c\n[402/423] Compiling buf.c\n[403/423] Compiling hexdump.c\n[404/423] Compiling blake2.c\n[405/423] Compiling e_aesgcmsiv.c\n[406/423] Compiling fd.c\n[407/423] Compiling file.c\n[408/423] Compiling pair.c\n[409/423] Compiling hrss.c\n[410/423] Compiling convert.c\n[411/423] Compiling connect.c\n[412/423] Compiling des.c\n[413/423] Compiling cbs.c\n[414/423] Compiling cbb.c\n[415/423] Compiling aes_nohw.c\n[416/423] Compiling DequeModule Compatibility.swift\n[418/424] Compiling p256.c\n[419/424] Compiling curve25519.c\n[420/424] Compiling Logging Locks.swift\n[422/425] Compiling NIOConcurrencyHelpers NIOAtomic.swift\n[424/426] Compiling Atomics AtomicInteger.swift\nremark: Incremental compilation has been disabled: it is not compatible with whole module optimization[426/428] Compiling p224-64.c\nremark: Incremental compilation has been disabled: it is not compatible with whole module optimization[427/429] Compiling BigInt Addition.swift\n[429/430] Compiling Crypto AES-GCM.swift\nremark: Incremental compilation has been disabled: it is not compatible with whole module optimization[431/432] Compiling _CryptoExtras RSA.swift\n[433/433] Compiling NIOCore AddressedEnvelope.swift\nremark: Incremental compilation has been disabled: it is not compatible with whole module optimizationremark: Incremental compilation has been disabled: it is not compatible with whole module optimization[435/436] Compiling NIOEmbedded AsyncTestingChannel.swift\n[437/437] Compiling NIOPosix BSDSocketAPICommon.swift\nremark: Incremental compilation has been disabled: it is not compatible with whole module optimization[439/439] Compiling NIO Exports.swift\nremark: Incremental compilation has been disabled: it is not compatible with whole module optimization[441/441] Compiling NIOFoundationCompat ByteBuffer-foundation.swift\nremark: Incremental compilation has been disabled: it is not compatible with whole module optimization[443/443] Compiling NIOSSH ByteBuffer+SSH.swift\n/build/.build/checkouts/swift-nio-ssh/Sources/NIOSSH/Child Channels/ChildChannelOptions.swift:71:5: warning: 'public' modifier is redundant for struct declared in a public extension\n    public struct UsernameOption: ChannelOption {\n    ^~~~~~~\n    \n/build/.build/checkouts/swift-nio-ssh/Sources/NIOSSH/Keys And Signatures/NIOSSHPublicKey.swift:285:49: warning: 'Lock' is deprecated: renamed to 'NIOLock'\n    static var transportProtectionSchemesLock = Lock()\n                                                ^\n/build/.build/checkouts/swift-nio-ssh/Sources/NIOSSH/Keys And Signatures/NIOSSHPublicKey.swift:285:49: note: use 'NIOLock' instead\n    static var transportProtectionSchemesLock = Lock()\n                                                ^~~~\n                                                NIOLock\n/build/.build/checkouts/swift-nio-ssh/Sources/NIOSSH/Keys And Signatures/NIOSSHPublicKey.swift:287:44: warning: 'Lock' is deprecated: renamed to 'NIOLock'\n    static var keyExchangeAlgorithmsLock = Lock()\n                                           ^\n/build/.build/checkouts/swift-nio-ssh/Sources/NIOSSH/Keys And Signatures/NIOSSHPublicKey.swift:287:44: note: use 'NIOLock' instead\n    static var keyExchangeAlgorithmsLock = Lock()\n                                           ^~~~\n                                           NIOLock\n/build/.build/checkouts/swift-nio-ssh/Sources/NIOSSH/Keys And Signatures/NIOSSHPublicKey.swift:289:42: warning: 'Lock' is deprecated: renamed to 'NIOLock'\n    static var publicKeyAlgorithmsLock = Lock()\n                                         ^\n/build/.build/checkouts/swift-nio-ssh/Sources/NIOSSH/Keys And Signatures/NIOSSHPublicKey.swift:289:42: note: use 'NIOLock' instead\n    static var publicKeyAlgorithmsLock = Lock()\n                                         ^~~~\n                                         NIOLock\n/build/.build/checkouts/swift-nio-ssh/Sources/NIOSSH/Keys And Signatures/NIOSSHPublicKey.swift:291:33: warning: 'Lock' is deprecated: renamed to 'NIOLock'\n    static var signaturesLock = Lock()\n                                ^\n/build/.build/checkouts/swift-nio-ssh/Sources/NIOSSH/Keys And Signatures/NIOSSHPublicKey.swift:291:33: note: use 'NIOLock' instead\n    static var signaturesLock = Lock()\n                                ^~~~\n                                NIOLock\nremark: Incremental compilation has been disabled: it is not compatible with whole module optimization[445/445] Compiling Citadel AES.swift\n/build/Sources/Citadel/OpenSSHKey.swift:166:17: error: cannot find 'withUnsafeTemporaryAllocation' in scope\n            try withUnsafeTemporaryAllocation(of: UInt8.self, capacity: 16) { decryptedBuffer in\n                ^~~~~~~~~~~~~~~~~~~~~~~~~~~~~\n/build/Sources/Citadel/OpenSSHKey.swift:270:50: error: cannot convert value of type 'UnsafeRawPointer' to expected argument type 'UnsafePointer<UInt8>?'\n                        decryptionKey.baseAddress!,\n                                                 ^\n/build/Sources/Citadel/SFTP/SFTPFileFlags.swift:140:53: warning: string interpolation produces a debug description for an optional value; did you mean to make this explicit?\n    public var debugDescription: String { \"{perm: \\(permissions), size: \\(size), uidgid: \\(uidgid)}\" }\n                                                    ^~~~~~~~~~~\n/build/Sources/Citadel/SFTP/SFTPFileFlags.swift:140:53: note: use 'String(describing:)' to silence this warning\n    public var debugDescription: String { \"{perm: \\(permissions), size: \\(size), uidgid: \\(uidgid)}\" }\n                                                    ^~~~~~~~~~~\n                                                    String(describing:  )\n/build/Sources/Citadel/SFTP/SFTPFileFlags.swift:140:53: note: provide a default value to avoid this warning\n    public var debugDescription: String { \"{perm: \\(permissions), size: \\(size), uidgid: \\(uidgid)}\" }\n                                                    ^~~~~~~~~~~\n                                                                ?? <#default value#>\n/build/Sources/Citadel/SFTP/SFTPFileFlags.swift:140:75: warning: string interpolation produces a debug description for an optional value; did you mean to make this explicit?\n    public var debugDescription: String { \"{perm: \\(permissions), size: \\(size), uidgid: \\(uidgid)}\" }\n                                                                          ^~~~\n/build/Sources/Citadel/SFTP/SFTPFileFlags.swift:140:75: note: use 'String(describing:)' to silence this warning\n    public var debugDescription: String { \"{perm: \\(permissions), size: \\(size), uidgid: \\(uidgid)}\" }\n                                                                          ^~~~\n                                                                          String(describing:  )\n/build/Sources/Citadel/SFTP/SFTPFileFlags.swift:140:75: note: provide a default value to avoid this warning\n    public var debugDescription: String { \"{perm: \\(permissions), size: \\(size), uidgid: \\(uidgid)}\" }\n                                                                          ^~~~\n                                                                               ?? <#default value#>\n/build/Sources/Citadel/SFTP/SFTPFileFlags.swift:140:92: warning: string interpolation produces a debug description for an optional value; did you mean to make this explicit?\n    public var debugDescription: String { \"{perm: \\(permissions), size: \\(size), uidgid: \\(uidgid)}\" }\n                                                                                           ^~~~~~\n/build/Sources/Citadel/SFTP/SFTPFileFlags.swift:140:92: note: use 'String(describing:)' to silence this warning\n    public var debugDescription: String { \"{perm: \\(permissions), size: \\(size), uidgid: \\(uidgid)}\" }\n                                                                                           ^~~~~~\n                                                                                           String(describing:  )\n/build/Sources/Citadel/SFTP/SFTPFileFlags.swift:140:92: note: provide a default value to avoid this warning\n    public var debugDescription: String { \"{perm: \\(permissions), size: \\(size), uidgid: \\(uidgid)}\" }\n                                                                                           ^~~~~~\n                                                                                                  ?? <#default value#>\nRemoving intermediate container 5980106a0a15\n","stderr":"The command '/bin/sh -c swift build --enable-test-discovery -c release' returned a non-zero code: 1\n"},"endTime":1672255049364}