{"repository":"https://github.com/umaprotocol/protocol","dockerfilePath":"Dockerfile","startTime":1672398931619,"clone":{"stdout":"","stderr":"Cloning into '/tmp/dinghy-analysis/umaprotocol/protocol'...\n","error":null,"commit":"3b8c986e8eabccc5da92ca8d1327d354610d5bb5"},"originalBuild":{"startTimestamp":1672398933497,"endTimestamp":1672399763453,"error":null,"stdout":"Sending build context to Docker daemon  23.76MB\r\r\nStep 1/13 : FROM node:16\n ---> c910109adbfd\nStep 2/13 : WORKDIR /protocol\n ---> Running in b03921f9afac\nRemoving intermediate container b03921f9afac\n ---> e779a2c3bd58\nStep 3/13 : COPY . ./\n ---> 6cadafad691d\nStep 4/13 : RUN apt-get update\n ---> Running in 578c1ae10530\nGet:1 http://deb.debian.org/debian buster InRelease [122 kB]\nGet:2 http://deb.debian.org/debian-security buster/updates InRelease [34.8 kB]\nGet:3 http://deb.debian.org/debian buster-updates InRelease [56.6 kB]\nGet:4 http://deb.debian.org/debian buster/main amd64 Packages [7909 kB]\nGet:5 http://deb.debian.org/debian-security buster/updates/main amd64 Packages [417 kB]\nGet:6 http://deb.debian.org/debian buster-updates/main amd64 Packages [8788 B]\nFetched 8548 kB in 1s (6302 kB/s)\nReading package lists...\nRemoving intermediate container 578c1ae10530\n ---> baf10d56d274\nStep 5/13 : RUN apt-get install -y libudev-dev libusb-1.0-0-dev jq yarn rsync\n ---> Running in b6945a6402ef\nReading package lists...\nBuilding dependency tree...\nReading state information...\nThe following additional packages will be installed:\n  libjq1 libonig5 libpopt0 libusb-1.0-0 libusb-1.0-doc python-chardet\n  python-cliapp python-markdown python-pkg-resources python-pygments\n  python-ttystatus python-yaml\nSuggested packages:\n  python-xdg python-markdown-doc python-setuptools python-pygments-doc\n  ttf-bitstream-vera openssh-server\nThe following NEW packages will be installed:\n  cmdtest jq libjq1 libonig5 libpopt0 libudev-dev libusb-1.0-0\n  libusb-1.0-0-dev libusb-1.0-doc python-chardet python-cliapp python-markdown\n  python-pkg-resources python-pygments python-ttystatus python-yaml rsync\n0 upgraded, 17 newly installed, 0 to remove and 2 not upgraded.\nNeed to get 2348 kB of archives.\nAfter this operation, 9634 kB of additional disk space will be used.\nGet:1 http://deb.debian.org/debian buster/main amd64 python-yaml amd64 3.13-2 [127 kB]\nGet:2 http://deb.debian.org/debian buster/main amd64 python-cliapp all 1.20180812.1-2 [42.2 kB]\nGet:3 http://deb.debian.org/debian buster/main amd64 python-ttystatus all 0.38-2 [15.4 kB]\nGet:4 http://deb.debian.org/debian buster/main amd64 python-pkg-resources all 40.8.0-1 [182 kB]\nGet:5 http://deb.debian.org/debian buster/main amd64 python-markdown all 3.0.1-3 [60.6 kB]\nGet:6 http://deb.debian.org/debian buster/main amd64 cmdtest all 0.32-3 [21.9 kB]\nGet:7 http://deb.debian.org/debian buster/main amd64 libonig5 amd64 6.9.1-1 [171 kB]\nGet:8 http://deb.debian.org/debian buster/main amd64 libjq1 amd64 1.5+dfsg-2+b1 [124 kB]\nGet:9 http://deb.debian.org/debian buster/main amd64 jq amd64 1.5+dfsg-2+b1 [59.4 kB]\nGet:10 http://deb.debian.org/debian buster/main amd64 libpopt0 amd64 1.16-12 [49.4 kB]\nGet:11 http://deb.debian.org/debian buster/main amd64 libudev-dev amd64 241-7~deb10u8 [110 kB]\nGet:12 http://deb.debian.org/debian buster/main amd64 libusb-1.0-0 amd64 2:1.0.22-2 [55.3 kB]\nGet:13 http://deb.debian.org/debian buster/main amd64 libusb-1.0-0-dev amd64 2:1.0.22-2 [74.5 kB]\nGet:14 http://deb.debian.org/debian buster/main amd64 libusb-1.0-doc all 2:1.0.22-2 [182 kB]\nGet:15 http://deb.debian.org/debian buster/main amd64 python-chardet all 3.0.4-3 [80.6 kB]\nGet:16 http://deb.debian.org/debian buster/main amd64 python-pygments all 2.3.1+dfsg-1+deb10u2 [596 kB]\nGet:17 http://deb.debian.org/debian buster/main amd64 rsync amd64 3.1.3-6 [397 kB]\n\u001b[91mdebconf: delaying package configuration, since apt-utils is not installed\n\u001b[0mFetched 2348 kB in 0s (22.5 MB/s)\nSelecting previously unselected package python-yaml.\r\n(Reading database ... \r(Reading database ... 5%\r(Reading database ... 10%\r(Reading database ... 15%\r(Reading database ... 20%\r(Reading database ... 25%\r(Reading database ... 30%\r(Reading database ... 35%\r(Reading database ... 40%\r(Reading database ... 45%\r(Reading database ... 50%\r(Reading database ... 55%\r(Reading database ... 60%\r(Reading database ... 65%\r(Reading database ... 70%\r(Reading database ... 75%\r(Reading database ... 80%\r(Reading database ... 85%\r(Reading database ... 90%\r(Reading database ... 95%\r(Reading database ... 100%\r(Reading database ... 23985 files and directories currently installed.)\r\nPreparing to unpack .../00-python-yaml_3.13-2_amd64.deb ...\r\nUnpacking python-yaml (3.13-2) ...\r\nSelecting previously unselected package python-cliapp.\r\nPreparing to unpack .../01-python-cliapp_1.20180812.1-2_all.deb ...\r\nUnpacking python-cliapp (1.20180812.1-2) ...\r\nSelecting previously unselected package python-ttystatus.\r\nPreparing to unpack .../02-python-ttystatus_0.38-2_all.deb ...\r\nUnpacking python-ttystatus (0.38-2) ...\r\nSelecting previously unselected package python-pkg-resources.\r\nPreparing to unpack .../03-python-pkg-resources_40.8.0-1_all.deb ...\r\nUnpacking python-pkg-resources (40.8.0-1) ...\r\nSelecting previously unselected package python-markdown.\r\nPreparing to unpack .../04-python-markdown_3.0.1-3_all.deb ...\r\nUnpacking python-markdown (3.0.1-3) ...\r\nSelecting previously unselected package cmdtest.\r\nPreparing to unpack .../05-cmdtest_0.32-3_all.deb ...\r\nUnpacking cmdtest (0.32-3) ...\r\nSelecting previously unselected package libonig5:amd64.\r\nPreparing to unpack .../06-libonig5_6.9.1-1_amd64.deb ...\r\nUnpacking libonig5:amd64 (6.9.1-1) ...\r\nSelecting previously unselected package libjq1:amd64.\r\nPreparing to unpack .../07-libjq1_1.5+dfsg-2+b1_amd64.deb ...\r\nUnpacking libjq1:amd64 (1.5+dfsg-2+b1) ...\r\nSelecting previously unselected package jq.\r\nPreparing to unpack .../08-jq_1.5+dfsg-2+b1_amd64.deb ...\r\nUnpacking jq (1.5+dfsg-2+b1) ...\r\nSelecting previously unselected package libpopt0:amd64.\r\nPreparing to unpack .../09-libpopt0_1.16-12_amd64.deb ...\r\nUnpacking libpopt0:amd64 (1.16-12) ...\r\nSelecting previously unselected package libudev-dev:amd64.\r\nPreparing to unpack .../10-libudev-dev_241-7~deb10u8_amd64.deb ...\r\nUnpacking libudev-dev:amd64 (241-7~deb10u8) ...\r\nSelecting previously unselected package libusb-1.0-0:amd64.\r\nPreparing to unpack .../11-libusb-1.0-0_2%3a1.0.22-2_amd64.deb ...\r\nUnpacking libusb-1.0-0:amd64 (2:1.0.22-2) ...\r\nSelecting previously unselected package libusb-1.0-0-dev:amd64.\r\nPreparing to unpack .../12-libusb-1.0-0-dev_2%3a1.0.22-2_amd64.deb ...\r\nUnpacking libusb-1.0-0-dev:amd64 (2:1.0.22-2) ...\r\nSelecting previously unselected package libusb-1.0-doc.\r\nPreparing to unpack .../13-libusb-1.0-doc_2%3a1.0.22-2_all.deb ...\r\nUnpacking libusb-1.0-doc (2:1.0.22-2) ...\r\nSelecting previously unselected package python-chardet.\r\nPreparing to unpack .../14-python-chardet_3.0.4-3_all.deb ...\r\nUnpacking python-chardet (3.0.4-3) ...\r\nSelecting previously unselected package python-pygments.\r\nPreparing to unpack .../15-python-pygments_2.3.1+dfsg-1+deb10u2_all.deb ...\r\nUnpacking python-pygments (2.3.1+dfsg-1+deb10u2) ...\r\nSelecting previously unselected package rsync.\r\nPreparing to unpack .../16-rsync_3.1.3-6_amd64.deb ...\r\nUnpacking rsync (3.1.3-6) ...\r\nSetting up python-pkg-resources (40.8.0-1) ...\r\nSetting up python-ttystatus (0.38-2) ...\r\nSetting up libusb-1.0-doc (2:1.0.22-2) ...\r\nSetting up python-markdown (3.0.1-3) ...\r\nSetting up python-pygments (2.3.1+dfsg-1+deb10u2) ...\r\nSetting up libudev-dev:amd64 (241-7~deb10u8) ...\r\nSetting up python-chardet (3.0.4-3) ...\r\nSetting up python-yaml (3.13-2) ...\r\nSetting up libusb-1.0-0:amd64 (2:1.0.22-2) ...\r\nSetting up libonig5:amd64 (6.9.1-1) ...\r\nSetting up python-cliapp (1.20180812.1-2) ...\r\nSetting up cmdtest (0.32-3) ...\r\nSetting up libpopt0:amd64 (1.16-12) ...\r\nSetting up libjq1:amd64 (1.5+dfsg-2+b1) ...\r\nSetting up libusb-1.0-0-dev:amd64 (2:1.0.22-2) ...\r\nSetting up jq (1.5+dfsg-2+b1) ...\r\nSetting up rsync (3.1.3-6) ...\r\ninvoke-rc.d: could not determine current runlevel\r\ninvoke-rc.d: policy-rc.d denied execution of restart.\r\nProcessing triggers for libc-bin (2.28-10+deb10u2) ...\r\nRemoving intermediate container b6945a6402ef\n ---> 3011d60058f4\nStep 6/13 : RUN yarn\n ---> Running in 98ccd6a89ff8\nyarn install v1.22.19\n[1/4] Resolving packages...\n[2/4] Fetching packages...\n[3/4] Linking dependencies...\n\u001b[91mwarning \" > @typechain/ethers-v5@7.0.1\" has unmet peer dependency \"typechain@^5.0.0\".\n\u001b[0m\u001b[91mwarning \" > @typechain/ethers-v5@7.0.1\" has unmet peer dependency \"ethers@^5.1.3\".\n\u001b[0m\u001b[91mwarning \" > @typechain/ethers-v5@7.0.1\" has unmet peer dependency \"@ethersproject/bytes@^5.0.0\".\n\u001b[0m\u001b[91mwarning \" > @typechain/ethers-v5@7.0.1\" has unmet peer dependency \"@ethersproject/providers@^5.0.0\".\n\u001b[0m\u001b[91mwarning \" > @typechain/ethers-v5@7.0.1\" has unmet peer dependency \"@ethersproject/abi@^5.0.0\".\n\u001b[0m\u001b[91mwarning \" > eslint-config-react-app@5.2.1\" has incorrect peer dependency \"@typescript-eslint/eslint-plugin@2.x\".\n\u001b[0m\u001b[91mwarning \" > eslint-config-react-app@5.2.1\" has incorrect peer dependency \"@typescript-eslint/parser@2.x\".\n\u001b[0m\u001b[91mwarning \" > eslint-config-react-app@5.2.1\" has incorrect peer dependency \"eslint@6.x\".\n\u001b[0m\u001b[91mwarning \" > eslint-config-react-app@5.2.1\" has incorrect peer dependency \"eslint-plugin-react-hooks@1.x || 2.x\".\n\u001b[0m\u001b[91mwarning \" > eslint-plugin-react-hooks@3.0.0\" has incorrect peer dependency \"eslint@^3.0.0 || ^4.0.0 || ^5.0.0 || ^6.0.0\".\n\u001b[0m\u001b[91mwarning \"lerna > @lerna/version > @lerna/github-client > @octokit/rest > @octokit/plugin-request-log@1.0.4\" has unmet peer dependency \"@octokit/core@>=3\".\n\u001b[0m\u001b[91mwarning \" > @uma/sdk@0.32.1\" has unmet peer dependency \"@eth-optimism/contracts@^0.5.37\".\nwarning \" > @uma/sdk@0.32.1\" has unmet peer dependency \"@eth-optimism/core-utils@^0.10.1\".\n\u001b[0m\u001b[91mwarning \" > @uma/sdk@0.32.1\" has unmet peer dependency \"ethers@^5.7.2\".\n\u001b[0m\u001b[91mwarning \"workspace-aggregator-e5bb4fc1-dc52-47bc-9c9a-34f87b284949 > @uma/api > ts-mocha@8.0.0\" has unmet peer dependency \"mocha@^3.X.X || ^4.X.X || ^5.X.X || ^6.X.X || ^7.X.X || ^8.X.X\".\n\u001b[0m\u001b[91mwarning \"workspace-aggregator-e5bb4fc1-dc52-47bc-9c9a-34f87b284949 > @uma/common > hardhat-deploy@0.9.1\" has unmet peer dependency \"@ethersproject/hardware-wallets@^5.0.14\".\n\u001b[0m\u001b[91mwarning \"workspace-aggregator-e5bb4fc1-dc52-47bc-9c9a-34f87b284949 > @uma/common > hardhat-typechain@0.3.5\" has unmet peer dependency \"ts-generator@^0.1.1\".\nwarning \"workspace-aggregator-e5bb4fc1-dc52-47bc-9c9a-34f87b284949 > @uma/common > hardhat-typechain@0.3.5\" has unmet peer dependency \"typechain@^4.0.1\".\n\u001b[0m\u001b[91mwarning \"workspace-aggregator-e5bb4fc1-dc52-47bc-9c9a-34f87b284949 > @uma/core > @eth-optimism/contracts@0.5.7\" has incorrect peer dependency \"ethers@^5.4.5\".\n\u001b[0m\u001b[91mwarning \"workspace-aggregator-e5bb4fc1-dc52-47bc-9c9a-34f87b284949 > @uma/core > @eth-optimism/smock@1.1.10\" has unmet peer dependency \"@ethersproject/abstract-signer@^5\".\n\u001b[0m\u001b[91mwarning \"workspace-aggregator-e5bb4fc1-dc52-47bc-9c9a-34f87b284949 > @uma/core > @typechain/truffle-v5@5.0.0\" has unmet peer dependency \"truffle@^5.0.0\".\n\u001b[0m\u001b[91mwarning \"workspace-aggregator-e5bb4fc1-dc52-47bc-9c9a-34f87b284949 > @uma/core > hardhat-tracer@1.1.0-rc.8\" has unmet peer dependency \"chalk@4.x\".\n\u001b[0m\u001b[91mwarning \"workspace-aggregator-e5bb4fc1-dc52-47bc-9c9a-34f87b284949 > @uma/sdk > @rollup/plugin-replace@3.0.0\" has unmet peer dependency \"rollup@^1.20.0 || ^2.0.0\".\n\u001b[0m\u001b[91mwarning \"workspace-aggregator-e5bb4fc1-dc52-47bc-9c9a-34f87b284949 > @uma/common > hardhat-gas-reporter > eth-gas-reporter@0.2.22\" has unmet peer dependency \"@codechecks/client@^0.1.0\".\n\u001b[0m\u001b[91mwarning \"workspace-aggregator-e5bb4fc1-dc52-47bc-9c9a-34f87b284949 > @uma/sdk > @rollup/plugin-replace > @rollup/pluginutils@3.1.0\" has unmet peer dependency \"rollup@^1.20.0||^2.0.0\".\n\u001b[0m\u001b[91mwarning \"workspace-aggregator-e5bb4fc1-dc52-47bc-9c9a-34f87b284949 > @uma/affiliates > @uma/core-1-2-0 > @uma/common > @truffle/hdwallet-provider > @trufflesuite/web3-provider-engine > eth-block-tracker > @babel/plugin-transform-runtime@7.14.5\" has unmet peer dependency \"@babel/core@^7.0.0-0\".\n\u001b[0m\u001b[91mwarning Workspaces can only be enabled in private projects.\n\u001b[0m[4/4] Building fresh packages...\n\u001b[91mwarning Error running install script for optional dependency: \"/protocol/node_modules/node-hid: Command failed.\nExit code: 1\nCommand: prebuild-install || node-gyp rebuild\nArguments: \nDirectory: /protocol/node_modules/node-hid\nOutput:\nprebuild-install WARN install No prebuilt binaries found (target=16.19.0 runtime=node arch=x64 libc= platform=linux)\ngyp info it worked if it ends with ok\ngyp info using node-gyp@7.1.2\ngyp info using node@16.19.0 | linux | x64\ngyp info find Python using Python version 3.7.3 found at \\\"/usr/bin/python3\\\"\n(node:669) [DEP0150] DeprecationWarning: Setting process.config is deprecated. In the future the property will be read-only.\n(Use `node --trace-deprecation ...` to show where the warning was created)\ngyp info spawn /usr/bin/python3\ngyp info spawn args [\ngyp info spawn args   '/protocol/node_modules/node-gyp/gyp/gyp_main.py',\ngyp info spawn args   'binding.gyp',\ngyp info spawn args   '-f',\ngyp info spawn args   'make',\ngyp info spawn args   '-I',\ngyp info spawn args   '/protocol/node_modules/node-hid/build/config.gypi',\ngyp info spawn args   '-I',\ngyp info spawn args   '/protocol/node_modules/node-gyp/addon.gypi',\ngyp info spawn args   '-I',\ngyp info spawn args   '/root/.cache/node-gyp/16.19.0/include/node/common.gypi',\ngyp info spawn args   '-Dlibrary=shared_library',\ngyp info spawn args   '-Dvisibility=default',\ngyp info spawn args   '-Dnode_root_dir=/root/.cache/node-gyp/16.19.0',\ngyp info spawn args   '-Dnode_gyp_dir=/protocol/node_modules/node-gyp',\ngyp info spawn args   '-Dnode_lib_file=/root/.cache/node-gyp/16.19.0/<(target_arch)/node.lib',\ngyp info spawn args   '-Dmodule_root_dir=/protocol/node_modules/node-hid',\ngyp info spawn args   '-Dnode_engine=v8',\ngyp info spawn args   '--depth=.',\ngyp info spawn args   '--no-parallel',\ngyp info spawn args   '--generator-output',\ngyp info spawn args   'build',\ngyp info spawn args   '-Goutput_dir=.'\ngyp info spawn args ]\ngyp info spawn make\ngyp info spawn args [ 'BUILDTYPE=Release', '-C', 'build' ]\nmake: Entering directory '/protocol/node_modules/node-hid/build'\n  CC(target) Release/obj.target/hidapi-linux-hidraw/hidapi/linux/hid.o\n  AR(target) Release/obj.target/hidapi-linux-hidraw.a\n  COPY Release/hidapi-linux-hidraw.a\n  CXX(target) Release/obj.target/HID-hidraw/src/HID.o\n../src/HID.cc:71:5: warning: dynamic exception specifications are deprecated in C++11 [-Wdeprecated]\n     throw(JSException);\n     ^~~~~\n../src/HID.cc:74:5: warning: dynamic exception specifications are deprecated in C++11 [-Wdeprecated]\n     throw(JSException);\n     ^~~~~\n../src/HID.cc:156:3: warning: dynamic exception specifications are deprecated in C++11 [-Wdeprecated]\n   throw(JSException)\n   ^~~~~\n../src/HID.cc:167:3: warning: dynamic exception specifications are deprecated in C++11 [-Wdeprecated]\n   throw(JSException)\n   ^~~~~\n../src/HID.cc: In static member function 'static Nan::NAN_METHOD_RETURN_TYPE HID::read(Nan::NAN_METHOD_ARGS_TYPE)':\n../src/HID.cc:262:70: warning: cast between incompatible function types from 'void (*)(uv_work_t*)' {aka 'void (*)(uv_work_s*)'} to 'uv_after_work_cb' {aka 'void (*)(uv_work_s*, int)'} [-Wcast-function-type]\n   uv_queue_work(uv_default_loop(), req, recvAsync, (uv_after_work_cb)recvAsyncDone);\n                                                                      ^~~~~~~~~~~~~\n../src/HID.cc: In static member function 'static void HID::Initialize(v8::Local<v8::Object>)':\n../src/HID.cc:612:16: error: cannot convert 'void (*)(void*)' to 'node::Environment*'\n   node::AtExit(deinitialize, 0);\n                ^~~~~~~~~~~~\nIn file included from ../src/HID.cc:34:\n/root/.cache/node-gyp/16.19.0/include/node/node.h:979:38: note:   initializing argument 1 of 'void node::AtExit(node::Environment*, void (*)(void*), void*)'\n NODE_EXTERN void AtExit(Environment* env,\n                         ~~~~~~~~~~~~~^~~\n../src/HID.cc: At global scope:\n/root/.cache/node-gyp/16.19.0/include/node/node.h:887:43: warning: cast between incompatible function types from 'void (*)(v8::Local<v8::Object>)' to 'node::addon_register_func' {aka 'void (*)(v8::Local<v8::Object>, v8::Local<v8::Value>, void*)'} [-Wcast-function-type]\n       (node::addon_register_func) (regfunc),                          \\\\\\n                                           ^\n/root/.cache/node-gyp/16.19.0/include/node/node.h:921:3: note: in expansion of macro 'NODE_MODULE_X'\n   NODE_MODULE_X(modname, regfunc, NULL, 0)  // NOLINT (readability/null_usage)\n   ^~~~~~~~~~~~~\n../src/HID.cc:646:3: note: in expansion of macro 'NODE_MODULE'\n   NODE_MODULE(HID, init);\n   ^~~~~~~~~~~\nmake: *** [HID-hidraw.target.mk:124: Release/obj.target/HID-hidraw/src/HID.o] Error 1\nmake: Leaving directory '/protocol/node_modules/node-hid/build'\ngyp ERR! build error \ngyp ERR! stack Error: `make` failed with exit code: 2\ngyp ERR! stack     at ChildProcess.onExit (/protocol/node_modules/node-gyp/lib/build.js:194:23)\ngyp ERR! stack     at ChildProcess.emit (node:events:513:28)\ngyp ERR! stack     at Process.ChildProcess._handle.onexit (node:internal/child_process:293:12)\ngyp ERR! System Linux 5.4.0-113-generic\ngyp ERR! command \\\"/usr/local/bin/node\\\" \\\"/protocol/node_modules/.bin/node-gyp\\\" \\\"rebuild\\\"\ngyp ERR! cwd /protocol/node_modules/node-hid\ngyp ERR! node -v v16.19.0\ngyp ERR! node-gyp -v v7.1.2\ngyp ERR! not ok\"\n\u001b[0minfo This module is OPTIONAL, you can safely ignore this error\nsuccess Saved lockfile.\nDone in 143.57s.\nRemoving intermediate container 98ccd6a89ff8\n ---> 7442fab46977\nStep 7/13 : RUN yarn clean\n ---> Running in 98ed6c60ab52\nyarn run v1.22.19\n$ yarn lerna run clean --stream\n$ /protocol/node_modules/.bin/lerna run clean --stream\n\u001b[91mlerna\u001b[0m\u001b[91m notice cli v3.22.1\n\u001b[0m\u001b[91mlerna info\u001b[0m\u001b[91m versioning independent\n\u001b[0m\u001b[91mlerna \u001b[0m\u001b[91minfo Executing command in 3 packages: \"yarn run clean\"\n\u001b[0m@uma/core: $ rm -rf contract-types && rm -rf artifacts && rm -rf deployments && rm -rf dist\n@uma/contracts-node: $ rm -rf dist generated typechain\n@uma/contracts-frontend: $ rm -rf dist generated typechain\n\u001b[91mlerna success \u001b[0m\u001b[91mrun Ran npm script 'clean' in 3 packages in 0.6s:\n\u001b[0m\u001b[91mlerna success\u001b[0m\u001b[91m - @uma/contracts-frontend\nlerna \u001b[0m\u001b[91msuccess\u001b[0m\u001b[91m - @uma/contracts-node\n\u001b[0m\u001b[91mlerna success\u001b[0m\u001b[91m - @uma/core\n\u001b[0mDone in 1.21s.\nRemoving intermediate container 98ed6c60ab52\n ---> 6a3871aff654\nStep 8/13 : RUN yarn qbuild\n ---> Running in 27609b831a73\nyarn run v1.22.19\n$ yarn lerna run build --stream\n$ /protocol/node_modules/.bin/lerna run build --stream\n\u001b[91mlerna\u001b[0m\u001b[91m notice cli v3.22.1\n\u001b[0m\u001b[91mlerna info\u001b[0m\u001b[91m versioning independent\n\u001b[0m\u001b[91mlerna \u001b[0m\u001b[91minfo Executing command in 10 packages: \"yarn run build\"\n\u001b[0m@uma/common: $ rm -rf dist && tsc && (cp src/gckms/.GckmsOverride.js dist/gckms/.GckmsOverride.js || echo 'No override file found, continuing')\n\u001b[91m@uma/common: cp: cannot stat 'src/gckms/.GckmsOverride.js': No such file or directory\n\u001b[0m@uma/common: No override file found, continuing\n@uma/core: $ yarn build-contracts && yarn load-addresses && yarn generate-contract-types && yarn compile-ts && yarn buildLatestHardhatVersionHashes && ./scripts/SetUpFoundryWithHardhat.sh\n@uma/core: $ yarn hardhat compile\n@uma/core: $ /protocol/node_modules/.bin/hardhat compile\n\u001b[91m@uma/core: Solidity 0.8.16, 0.8.16, 0.8.16, 0.8.16, 0.8.16, 0.8.16, 0.8.16, 0.8.16, 0.8.16, 0.8.16, 0.8.16, 0.8.16 are not fully supported yet. You can still use Hardhat, but some features, like stack traces, might not work correctly.\n\u001b[0m\u001b[91m@uma/core: Learn more at https://hardhat.org/reference/solidity-support\n\u001b[0m@uma/core: Downloading compiler 0.8.16\n\u001b[91m@uma/core: Warning: SPDX license identifier not provided in source file. Before publishing, consider adding a comment containing \"SPDX-License-Identifier: <SPDX-License>\" to each source file. Use \"SPDX-License-Identifier: UNLICENSED\" for non-open-source code. Please see https://spdx.org for more information.\n\u001b[0m\u001b[91m@uma/core: --> contracts/common/test/MulticallMock.sol\n\u001b[0m\u001b[91m@uma/core: Warning: SPDX license identifier not provided in source file. Before publishing, consider adding a comment containing \"SPDX-License-Identifier: <SPDX-License>\" to each source file. Use \"SPDX-License-Identifier: UNLICENSED\" for non-open-source code. Please see https://spdx.org for more information.\n@uma/core: --> contracts/common/implementation/dsproxy/DSProxyFactory.sol\n\u001b[0m\u001b[91m@uma/core: Warning: This contract has a payable fallback function, but no receive ether function. Consider adding a receive ether function.\n\u001b[0m\u001b[91m@uma/core:    --> contracts/common/implementation/dsproxy/DSProxyFactory.sol:103:1:\n@uma/core:     |\n\u001b[0m\u001b[91m@uma/core: 103 | contract DSProxy is DSAuth, DSNote {\n\u001b[0m\u001b[91m@uma/core:     | ^ (Relevant source part starts here and spans across multiple lines).\n\u001b[0m\u001b[91m@uma/core: Note: The payable fallback function is defined here.\n\u001b[0m\u001b[91m@uma/core:    --> contracts/common/implementation/dsproxy/DSProxyFactory.sol:110:5:\n\u001b[0m\u001b[91m@uma/core:     |\n\u001b[0m\u001b[91m@uma/core: 110 |     fallback() external payable {}\n\u001b[0m\u001b[91m@uma/core:     |     ^^^^^^^^^^^^^^^^^^^^^^^^^^^^^^\n\u001b[0m\u001b[91m@uma/core: Warning: SPDX license identifier not provided in source file. Before publishing, consider adding a comment containing \"SPDX-License-Identifier: <SPDX-License>\" to each source file. Use \"SPDX-License-Identifier: UNLICENSED\" for non-open-source code. Please see https://spdx.org for more information.\n\u001b[0m\u001b[91m@uma/core: --> contracts/common/implementation/dsproxy/DSGuardFactory.sol\n\u001b[0m\u001b[91m@uma/core: Warning: SPDX license identifier not provided in source file. Before publishing, consider adding a comment containing \"SPDX-License-Identifier: <SPDX-License>\" to each source file. Use \"SPDX-License-Identifier: UNLICENSED\" for non-open-source code. Please see https://spdx.org for more information.\n@uma/core: --> contracts/common/implementation/MultiCaller.sol\n\u001b[0m\u001b[91m@uma/core: Warning: This declaration shadows an existing declaration.\n\u001b[0m\u001b[91m@uma/core:     --> contracts/data-verification-mechanism/implementation/VotingV2.sol:1014:10:\n@uma/core:      |\n\u001b[0m\u001b[91m@uma/core: 1014 |         (bool hasPrice, int256 resolutionPrice, ) =\n@uma/core:      |          ^^^^^^^^^^^^^\n\u001b[0m\u001b[91m@uma/core: Note: The shadowed declaration is here:\n\u001b[0m\u001b[91m@uma/core:    --> contracts/data-verification-mechanism/implementation/VotingV2.sol:389:5:\n\u001b[0m\u001b[91m@uma/core:     |\n\u001b[0m\u001b[91m@uma/core: 389 |     function hasPrice(\n\u001b[0m\u001b[91m@uma/core:     |     ^ (Relevant source part starts here and spans across multiple lines).\n@uma/core: Note: The shadowed declaration is here:\n\u001b[0m\u001b[91m@uma/core:    --> contracts/data-verification-mechanism/implementation/VotingV2.sol:399:5:\n\u001b[0m\u001b[91m@uma/core:     |\n\u001b[0m\u001b[91m@uma/core: 399 |     function hasPrice(bytes32 identifier, uint256 time) public view override returns (bool) {\n\u001b[0m\u001b[91m@uma/core:     |     ^ (Relevant source part starts here and spans across multiple lines).\n\u001b[0m\u001b[91m@uma/core: Warning: Interface functions are implicitly \"virtual\"\n@uma/core:   --> contracts/data-verification-mechanism/interfaces/StakerInterface.sol:30:5:\n\u001b[0m\u001b[91m@uma/core:    |\n\u001b[0m\u001b[91m@uma/core: 30 |     function setDelegate(address delegate) external virtual;\n\u001b[0m\u001b[91m@uma/core:    |     ^^^^^^^^^^^^^^^^^^^^^^^^^^^^^^^^^^^^^^^^^^^^^^^^^^^^^^^^\n@uma/core: Warning: Interface functions are implicitly \"virtual\"\n\u001b[0m\u001b[91m@uma/core:   --> contracts/data-verification-mechanism/interfaces/StakerInterface.sol:37:5:\n\u001b[0m\u001b[91m@uma/core:    |\n\u001b[0m\u001b[91m@uma/core: 37 |     function setDelegator(address delegator) external virtual;\n\u001b[0m\u001b[91m@uma/core:    |     ^^^^^^^^^^^^^^^^^^^^^^^^^^^^^^^^^^^^^^^^^^^^^^^^^^^^^^^^^^\n\u001b[0m\u001b[91m@uma/core: Warning: SPDX license identifier not provided in source file. Before publishing, consider adding a comment containing \"SPDX-License-Identifier: <SPDX-License>\" to each source file. Use \"SPDX-License-Identifier: UNLICENSED\" for non-open-source code. Please see https://spdx.org for more information.\n@uma/core: --> contracts/common/implementation/MultiCaller.sol\n\u001b[0m\u001b[91m@uma/core: Warning: This declaration shadows an existing declaration.\n@uma/core:     --> contracts/data-verification-mechanism/implementation/VotingV2.sol:1014:10:\n\u001b[0m\u001b[91m@uma/core:      |\n@uma/core: 1014 |         (bool hasPrice, int256 resolutionPrice, ) =\n\u001b[0m\u001b[91m@uma/core:      |          ^^^^^^^^^^^^^\n\u001b[0m\u001b[91m@uma/core: Note: The shadowed declaration is here:\n@uma/core:    --> contracts/data-verification-mechanism/implementation/VotingV2.sol:389:5:\n\u001b[0m\u001b[91m@uma/core:     |\n@uma/core: 389 |     function hasPrice(\n\u001b[0m\u001b[91m@uma/core:     |     ^ (Relevant source part starts here and spans across multiple lines).\n\u001b[0m\u001b[91m@uma/core: Note: The shadowed declaration is here:\n\u001b[0m\u001b[91m@uma/core:    --> contracts/data-verification-mechanism/implementation/VotingV2.sol:399:5:\n\u001b[0m\u001b[91m@uma/core:     |\n\u001b[0m\u001b[91m@uma/core: 399 |     function hasPrice(bytes32 identifier, uint256 time) public view override returns (bool) {\n\u001b[0m\u001b[91m@uma/core:     |     ^ (Relevant source part starts here and spans across multiple lines).\n\u001b[0m\u001b[91m@uma/core: Warning: Interface functions are implicitly \"virtual\"\n@uma/core:   --> contracts/data-verification-mechanism/interfaces/StakerInterface.sol:30:5:\n\u001b[0m\u001b[91m@uma/core:    |\n\u001b[0m\u001b[91m@uma/core: 30 |     function setDelegate(address delegate) external virtual;\n\u001b[0m\u001b[91m@uma/core:    |     ^^^^^^^^^^^^^^^^^^^^^^^^^^^^^^^^^^^^^^^^^^^^^^^^^^^^^^^^\n@uma/core: Warning: Interface functions are implicitly \"virtual\"\n\u001b[0m\u001b[91m@uma/core:   --> contracts/data-verification-mechanism/interfaces/StakerInterface.sol:37:5:\n@uma/core:    |\n\u001b[0m\u001b[91m@uma/core: 37 |     function setDelegator(address delegator) external virtual;\n\u001b[0m\u001b[91m@uma/core:    |     ^^^^^^^^^^^^^^^^^^^^^^^^^^^^^^^^^^^^^^^^^^^^^^^^^^^^^^^^^^\n\u001b[0m\u001b[91m@uma/core: Warning: Contract code size is 24921 bytes and exceeds 24576 bytes (a limit introduced in Spurious Dragon). This contract may not be deployable on Mainnet. Consider enabling the optimizer (with a low \"runs\" value!), turning off revert strings, or using libraries.\n@uma/core:  --> contracts/data-verification-mechanism/implementation/test/VotingV2Test.sol:8:1:\n\u001b[0m\u001b[91m@uma/core:   |\n\u001b[0m\u001b[91m@uma/core: 8 | contract VotingV2ControllableTiming is VotingV2, Testable {\n@uma/core:   | ^ (Relevant source part starts here and spans across multiple lines).\n\u001b[0m\u001b[91m@uma/core: Warning: Contract code size is 24921 bytes and exceeds 24576 bytes (a limit introduced in Spurious Dragon). This contract may not be deployable on Mainnet. Consider enabling the optimizer (with a low \"runs\" value!), turning off revert strings, or using libraries.\n@uma/core:   --> contracts/data-verification-mechanism/implementation/test/VotingV2Test.sol:86:1:\n\u001b[0m\u001b[91m@uma/core:    |\n\u001b[0m\u001b[91m@uma/core: 86 | contract VotingV2Test is VotingV2ControllableTiming {\n\u001b[0m\u001b[91m@uma/core:    | ^ (Relevant source part starts here and spans across multiple lines).\n\u001b[0m\u001b[91m@uma/core: Warning: SPDX license identifier not provided in source file. Before publishing, consider adding a comment containing \"SPDX-License-Identifier: <SPDX-License>\" to each source file. Use \"SPDX-License-Identifier: UNLICENSED\" for non-open-source code. Please see https://spdx.org for more information.\n@uma/core: --> @maticnetwork/fx-portal/contracts/lib/ExitPayloadReader.sol\n\u001b[0m\u001b[91m@uma/core: Warning: SPDX license identifier not provided in source file. Before publishing, consider adding a comment containing \"SPDX-License-Identifier: <SPDX-License>\" to each source file. Use \"SPDX-License-Identifier: UNLICENSED\" for non-open-source code. Please see https://spdx.org for more information.\n\u001b[0m\u001b[91m@uma/core: --> @maticnetwork/fx-portal/contracts/lib/RLPReader.sol\n\u001b[0m\u001b[91m@uma/core: Warning: SPDX license identifier not provided in source file. Before publishing, consider adding a comment containing \"SPDX-License-Identifier: <SPDX-License>\" to each source file. Use \"SPDX-License-Identifier: UNLICENSED\" for non-open-source code. Please see https://spdx.org for more information.\n\u001b[0m\u001b[91m@uma/core: --> @uniswap/v2-core/contracts/interfaces/IUniswapV2Pair.sol\n\u001b[0m\u001b[91m@uma/core: Warning: SPDX license identifier not provided in source file. Before publishing, consider adding a comment containing \"SPDX-License-Identifier: <SPDX-License>\" to each source file. Use \"SPDX-License-Identifier: UNLICENSED\" for non-open-source code. Please see https://spdx.org for more information.\n\u001b[0m\u001b[91m@uma/core: --> @uniswap/v2-periphery/contracts/interfaces/IUniswapV2Router01.sol\n@uma/core: Warning: SPDX license identifier not provided in source file. Before publishing, consider adding a comment containing \"SPDX-License-Identifier: <SPDX-License>\" to each source file. Use \"SPDX-License-Identifier: UNLICENSED\" for non-open-source code. Please see https://spdx.org for more information.\n\u001b[0m\u001b[91m@uma/core: --> contracts/common/implementation/MultiCaller.sol\n\u001b[0m\u001b[91m@uma/core: Warning: SPDX license identifier not provided in source file. Before publishing, consider adding a comment containing \"SPDX-License-Identifier: <SPDX-License>\" to each source file. Use \"SPDX-License-Identifier: UNLICENSED\" for non-open-source code. Please see https://spdx.org for more information.\n\u001b[0m\u001b[91m@uma/core: --> contracts/common/test/MultiCallerTest.sol\n\u001b[0m\u001b[91m@uma/core: Warning: SPDX license identifier not provided in source file. Before publishing, consider adding a comment containing \"SPDX-License-Identifier: <SPDX-License>\" to each source file. Use \"SPDX-License-Identifier: UNLICENSED\" for non-open-source code. Please see https://spdx.org for more information.\n@uma/core: --> contracts/cross-chain-oracle/chain-adapters/test/Arbitrum_inboxMock.sol\n\u001b[0m\u001b[91m@uma/core: Warning: SPDX license identifier not provided in source file. Before publishing, consider adding a comment containing \"SPDX-License-Identifier: <SPDX-License>\" to each source file. Use \"SPDX-License-Identifier: UNLICENSED\" for non-open-source code. Please see https://spdx.org for more information.\n\u001b[0m\u001b[91m@uma/core: --> contracts/cross-chain-oracle/chain-adapters/test/OVM_L1CrossDomainMessengerMock.sol\n@uma/core: Warning: SPDX license identifier not provided in source file. Before publishing, consider adding a comment containing \"SPDX-License-Identifier: <SPDX-License>\" to each source file. Use \"SPDX-License-Identifier: UNLICENSED\" for non-open-source code. Please see https://spdx.org for more information.\n\u001b[0m\u001b[91m@uma/core: --> contracts/external/avm/AVM_CrossDomainEnabled.sol\n\u001b[0m\u001b[91m@uma/core: Warning: SPDX license identifier not provided in source file. Before publishing, consider adding a comment containing \"SPDX-License-Identifier: <SPDX-License>\" to each source file. Use \"SPDX-License-Identifier: UNLICENSED\" for non-open-source code. Please see https://spdx.org for more information.\n\u001b[0m\u001b[91m@uma/core: --> contracts/external/avm/Arbitrum_CrossDomainEnabled.sol\n\u001b[0m\u001b[91m@uma/core: Warning: SPDX license identifier not provided in source file. Before publishing, consider adding a comment containing \"SPDX-License-Identifier: <SPDX-License>\" to each source file. Use \"SPDX-License-Identifier: UNLICENSED\" for non-open-source code. Please see https://spdx.org for more information.\n\u001b[0m\u001b[91m@uma/core: --> contracts/external/avm/interfaces/ArbSys.sol\n\u001b[0m\u001b[91m@uma/core: Warning: SPDX license identifier not provided in source file. Before publishing, consider adding a comment containing \"SPDX-License-Identifier: <SPDX-License>\" to each source file. Use \"SPDX-License-Identifier: UNLICENSED\" for non-open-source code. Please see https://spdx.org for more information.\n@uma/core: --> contracts/proxy-scripts/uniswap-broker/UniswapV3Broker.sol\n\u001b[0m\u001b[91m@uma/core: Warning: This contract has a payable fallback function, but no receive ether function. Consider adding a receive ether function.\n\u001b[0m\u001b[91m@uma/core:   --> contracts/cross-chain-oracle/chain-adapters/Arbitrum_ParentMessenger.sol:14:1:\n\u001b[0m\u001b[91m@uma/core:    |\n\u001b[0m\u001b[91m@uma/core: 14 | contract Arbitrum_ParentMessenger is Arbitrum_Messenger, ParentMessengerInterface, ParentMessengerBase, Lockable {\n@uma/core:    | ^ (Relevant source part starts here and spans across multiple lines).\n\u001b[0m\u001b[91m@uma/core: Note: The payable fallback function is defined here.\n\u001b[0m\u001b[91m@uma/core:    --> contracts/cross-chain-oracle/chain-adapters/Arbitrum_ParentMessenger.sol:173:5:\n\u001b[0m\u001b[91m@uma/core:     |\n@uma/core: 173 |     fallback() external payable {}\n\u001b[0m\u001b[91m@uma/core:     |     ^^^^^^^^^^^^^^^^^^^^^^^^^^^^^^\n\u001b[0m\u001b[91m@uma/core: Warning: Interface functions are implicitly \"virtual\"\n\u001b[0m\u001b[91m@uma/core:   --> contracts/data-verification-mechanism/interfaces/StakerInterface.sol:30:5:\n\u001b[0m\u001b[91m@uma/core:    |\n\u001b[0m\u001b[91m@uma/core: 30 |     function setDelegate(address delegate) external virtual;\n@uma/core:    |     ^^^^^^^^^^^^^^^^^^^^^^^^^^^^^^^^^^^^^^^^^^^^^^^^^^^^^^^^\n\u001b[0m\u001b[91m@uma/core: Warning: Interface functions are implicitly \"virtual\"\n@uma/core:   --> contracts/data-verification-mechanism/interfaces/StakerInterface.sol:37:5:\n\u001b[0m\u001b[91m@uma/core:    |\n\u001b[0m\u001b[91m@uma/core: 37 |     function setDelegator(address delegator) external virtual;\n\u001b[0m\u001b[91m@uma/core:    |     ^^^^^^^^^^^^^^^^^^^^^^^^^^^^^^^^^^^^^^^^^^^^^^^^^^^^^^^^^^\n@uma/core: Warning: Unnamed return variable can remain unassigned. Add an explicit return with value to all non-reverting code paths or name the variable.\n\u001b[0m\u001b[91m@uma/core:   --> @maticnetwork/fx-portal/contracts/lib/MerklePatriciaProof.sol:20:30:\n\u001b[0m\u001b[91m@uma/core:    |\n\u001b[0m\u001b[91m@uma/core: 20 |     ) internal pure returns (bool) {\n@uma/core:    |                              ^^^^\n\u001b[0m\u001b[91m@uma/core: Warning: Unused function parameter. Remove or comment out the variable name to silence this warning.\n\u001b[0m\u001b[91m@uma/core:   --> contracts/cross-chain-oracle/chain-adapters/test/Arbitrum_inboxMock.sol:35:9:\n\u001b[0m\u001b[91m@uma/core:    |\n\u001b[0m\u001b[91m@uma/core: 35 |         address destAddr,\n@uma/core:    |         ^^^^^^^^^^^^^^^^\n\u001b[0m\u001b[91m@uma/core: Warning: Unused function parameter. Remove or comment out the variable name to silence this warning.\n@uma/core:   --> contracts/cross-chain-oracle/chain-adapters/test/Arbitrum_inboxMock.sol:36:9:\n\u001b[0m\u001b[91m@uma/core:    |\n\u001b[0m\u001b[91m@uma/core: 36 |         uint256 l2CallValue,\n\u001b[0m\u001b[91m@uma/core:    |         ^^^^^^^^^^^^^^^^^^^\n\u001b[0m\u001b[91m@uma/core: Warning: Unused function parameter. Remove or comment out the variable name to silence this warning.\n\u001b[0m\u001b[91m@uma/core:   --> contracts/cross-chain-oracle/chain-adapters/test/Arbitrum_inboxMock.sol:37:9:\n@uma/core:    |\n\u001b[0m\u001b[91m@uma/core: 37 |         uint256 maxSubmissionCost,\n@uma/core:    |         ^^^^^^^^^^^^^^^^^^^^^^^^^\n\u001b[0m\u001b[91m@uma/core: Warning: Unused function parameter. Remove or comment out the variable name to silence this warning.\n@uma/core:   --> contracts/cross-chain-oracle/chain-adapters/test/Arbitrum_inboxMock.sol:38:9:\n\u001b[0m\u001b[91m@uma/core:    |\n@uma/core: 38 |         address excessFeeRefundAddress,\n\u001b[0m\u001b[91m@uma/core:    |         ^^^^^^^^^^^^^^^^^^^^^^^^^^^^^^\n@uma/core: Warning: Unused function parameter. Remove or comment out the variable name to silence this warning.\n\u001b[0m\u001b[91m@uma/core:   --> contracts/cross-chain-oracle/chain-adapters/test/Arbitrum_inboxMock.sol:39:9:\n\u001b[0m\u001b[91m@uma/core:    |\n@uma/core: 39 |         address callValueRefundAddress,\n\u001b[0m\u001b[91m@uma/core:    |         ^^^^^^^^^^^^^^^^^^^^^^^^^^^^^^\n\u001b[0m\u001b[91m@uma/core: Warning: Unused function parameter. Remove or comment out the variable name to silence this warning.\n\u001b[0m\u001b[91m@uma/core:   --> contracts/cross-chain-oracle/chain-adapters/test/Arbitrum_inboxMock.sol:40:9:\n\u001b[0m\u001b[91m@uma/core:    |\n\u001b[0m\u001b[91m@uma/core: 40 |         uint256 maxGas,\n\u001b[0m\u001b[91m@uma/core:    |         ^^^^^^^^^^^^^^\n\u001b[0m\u001b[91m@uma/core: Warning: Unused function parameter. Remove or comment out the variable name to silence this warning.\n\u001b[0m\u001b[91m@uma/core:   --> contracts/cross-chain-oracle/chain-adapters/test/Arbitrum_inboxMock.sol:41:9:\n\u001b[0m\u001b[91m@uma/core:    |\n\u001b[0m\u001b[91m@uma/core: 41 |         uint256 gasPriceBid,\n@uma/core:    |         ^^^^^^^^^^^^^^^^^^^\n\u001b[0m\u001b[91m@uma/core: Warning: Unused function parameter. Remove or comment out the variable name to silence this warning.\n\u001b[0m\u001b[91m@uma/core:   --> contracts/cross-chain-oracle/chain-adapters/test/Arbitrum_inboxMock.sol:42:9:\n@uma/core:    |\n\u001b[0m\u001b[91m@uma/core: 42 |         bytes calldata data\n\u001b[0m\u001b[91m@uma/core:    |         ^^^^^^^^^^^^^^^^^^^\n\u001b[0m\u001b[91m@uma/core: Warning: Unused function parameter. Remove or comment out the variable name to silence this warning.\n\u001b[0m\u001b[91m@uma/core:   --> contracts/data-verification-mechanism/implementation/SlashingLibrary.sol:21:9:\n\u001b[0m\u001b[91m@uma/core:    |\n\u001b[0m\u001b[91m@uma/core: 21 |         uint256 totalStaked,\n\u001b[0m\u001b[91m@uma/core:    |         ^^^^^^^^^^^^^^^^^^^\n\u001b[0m\u001b[91m@uma/core: Warning: Unused function parameter. Remove or comment out the variable name to silence this warning.\n@uma/core:   --> contracts/data-verification-mechanism/implementation/SlashingLibrary.sol:22:9:\n\u001b[0m\u001b[91m@uma/core:    |\n\u001b[0m\u001b[91m@uma/core: 22 |         uint256 totalVotes,\n\u001b[0m\u001b[91m@uma/core:    |         ^^^^^^^^^^^^^^^^^^\n\u001b[0m\u001b[91m@uma/core: Warning: Unused function parameter. Remove or comment out the variable name to silence this warning.\n@uma/core:   --> contracts/data-verification-mechanism/implementation/SlashingLibrary.sol:23:9:\n\u001b[0m\u001b[91m@uma/core:    |\n@uma/core: 23 |         uint256 totalCorrectVotes\n\u001b[0m\u001b[91m@uma/core:    |         ^^^^^^^^^^^^^^^^^^^^^^^^^\n\u001b[0m\u001b[91m@uma/core: Warning: Unused function parameter. Remove or comment out the variable name to silence this warning.\n\u001b[0m\u001b[91m@uma/core:   --> contracts/data-verification-mechanism/implementation/SlashingLibrary.sol:40:9:\n@uma/core:    |\n\u001b[0m\u001b[91m@uma/core: 40 |         uint256 totalStaked,\n@uma/core:    |         ^^^^^^^^^^^^^^^^^^^\n\u001b[0m\u001b[91m@uma/core: Warning: Unused function parameter. Remove or comment out the variable name to silence this warning.\n@uma/core:   --> contracts/data-verification-mechanism/implementation/SlashingLibrary.sol:41:9:\n\u001b[0m\u001b[91m@uma/core:    |\n\u001b[0m\u001b[91m@uma/core: 41 |         uint256 totalVotes,\n\u001b[0m\u001b[91m@uma/core:    |         ^^^^^^^^^^^^^^^^^^\n\u001b[0m\u001b[91m@uma/core: Warning: Unused function parameter. Remove or comment out the variable name to silence this warning.\n\u001b[0m\u001b[91m@uma/core:   --> contracts/data-verification-mechanism/implementation/SlashingLibrary.sol:42:9:\n\u001b[0m\u001b[91m@uma/core:    |\n\u001b[0m\u001b[91m@uma/core: 42 |         uint256 totalCorrectVotes\n@uma/core:    |         ^^^^^^^^^^^^^^^^^^^^^^^^^\n\u001b[0m\u001b[91m@uma/core: Warning: Unused function parameter. Remove or comment out the variable name to silence this warning.\n\u001b[0m\u001b[91m@uma/core:   --> contracts/data-verification-mechanism/implementation/SlashingLibrary.sol:55:9:\n\u001b[0m\u001b[91m@uma/core:    |\n\u001b[0m\u001b[91m@uma/core: 55 |         uint256 totalStaked,\n@uma/core:    |         ^^^^^^^^^^^^^^^^^^^\n\u001b[0m\u001b[91m@uma/core: Warning: Unused function parameter. Remove or comment out the variable name to silence this warning.\n\u001b[0m\u001b[91m@uma/core:   --> contracts/data-verification-mechanism/implementation/SlashingLibrary.sol:56:9:\n\u001b[0m\u001b[91m@uma/core:    |\n\u001b[0m\u001b[91m@uma/core: 56 |         uint256 totalVotes,\n\u001b[0m\u001b[91m@uma/core:    |         ^^^^^^^^^^^^^^^^^^\n\u001b[0m\u001b[91m@uma/core: Warning: Unused function parameter. Remove or comment out the variable name to silence this warning.\n\u001b[0m\u001b[91m@uma/core:   --> contracts/data-verification-mechanism/implementation/SlashingLibrary.sol:57:9:\n@uma/core:    |\n\u001b[0m\u001b[91m@uma/core: 57 |         uint256 totalCorrectVotes\n\u001b[0m\u001b[91m@uma/core:    |         ^^^^^^^^^^^^^^^^^^^^^^^^^\n@uma/core: Warning: Unused function parameter. Remove or comment out the variable name to silence this warning.\n\u001b[0m\u001b[91m@uma/core:   --> contracts/data-verification-mechanism/implementation/test/ZeroedSlashingLibaryTest.sol:12:9:\n@uma/core:    |\n\u001b[0m\u001b[91m@uma/core: 12 |         uint256 totalStaked,\n\u001b[0m\u001b[91m@uma/core:    |         ^^^^^^^^^^^^^^^^^^^\n\u001b[0m\u001b[91m@uma/core: Warning: Unused function parameter. Remove or comment out the variable name to silence this warning.\n\u001b[0m\u001b[91m@uma/core:   --> contracts/data-verification-mechanism/implementation/test/ZeroedSlashingLibaryTest.sol:13:9:\n\u001b[0m\u001b[91m@uma/core:    |\n\u001b[0m\u001b[91m@uma/core: 13 |         uint256 totalVotes,\n\u001b[0m\u001b[91m@uma/core:    |         ^^^^^^^^^^^^^^^^^^\n\u001b[0m\u001b[91m@uma/core: Warning: Unused function parameter. Remove or comment out the variable name to silence this warning.\n@uma/core:   --> contracts/data-verification-mechanism/implementation/test/ZeroedSlashingLibaryTest.sol:14:9:\n\u001b[0m\u001b[91m@uma/core:    |\n@uma/core: 14 |         uint256 totalCorrectVotes\n\u001b[0m\u001b[91m@uma/core:    |         ^^^^^^^^^^^^^^^^^^^^^^^^^\n@uma/core: Warning: Unused function parameter. Remove or comment out the variable name to silence this warning.\n\u001b[0m\u001b[91m@uma/core:   --> contracts/data-verification-mechanism/implementation/test/ZeroedSlashingLibaryTest.sol:20:9:\n\u001b[0m\u001b[91m@uma/core:    |\n\u001b[0m\u001b[91m@uma/core: 20 |         uint256 totalStaked,\n\u001b[0m\u001b[91m@uma/core:    |         ^^^^^^^^^^^^^^^^^^^\n@uma/core: Warning: Unused function parameter. Remove or comment out the variable name to silence this warning.\n\u001b[0m\u001b[91m@uma/core:   --> contracts/data-verification-mechanism/implementation/test/ZeroedSlashingLibaryTest.sol:21:9:\n\u001b[0m\u001b[91m@uma/core:    |\n\u001b[0m\u001b[91m@uma/core: 21 |         uint256 totalVotes,\n@uma/core:    |         ^^^^^^^^^^^^^^^^^^\n\u001b[0m\u001b[91m@uma/core: Warning: Unused function parameter. Remove or comment out the variable name to silence this warning.\n@uma/core:   --> contracts/data-verification-mechanism/implementation/test/ZeroedSlashingLibaryTest.sol:22:9:\n\u001b[0m\u001b[91m@uma/core:    |\n\u001b[0m\u001b[91m@uma/core: 22 |         uint256 totalCorrectVotes\n\u001b[0m\u001b[91m@uma/core:    |         ^^^^^^^^^^^^^^^^^^^^^^^^^\n\u001b[0m\u001b[91m@uma/core: Warning: Unused function parameter. Remove or comment out the variable name to silence this warning.\n@uma/core:   --> contracts/data-verification-mechanism/implementation/test/ZeroedSlashingLibaryTest.sol:28:9:\n\u001b[0m\u001b[91m@uma/core:    |\n\u001b[0m\u001b[91m@uma/core: 28 |         uint256 totalStaked,\n\u001b[0m\u001b[91m@uma/core:    |         ^^^^^^^^^^^^^^^^^^^\n@uma/core: Warning: Unused function parameter. Remove or comment out the variable name to silence this warning.\n\u001b[0m\u001b[91m@uma/core:   --> contracts/data-verification-mechanism/implementation/test/ZeroedSlashingLibaryTest.sol:29:9:\n\u001b[0m\u001b[91m@uma/core:    |\n\u001b[0m\u001b[91m@uma/core: 29 |         uint256 totalVotes,\n\u001b[0m\u001b[91m@uma/core:    |         ^^^^^^^^^^^^^^^^^^\n\u001b[0m\u001b[91m@uma/core: Warning: Unused function parameter. Remove or comment out the variable name to silence this warning.\n\u001b[0m\u001b[91m@uma/core:   --> contracts/data-verification-mechanism/implementation/test/ZeroedSlashingLibaryTest.sol:30:9:\n\u001b[0m\u001b[91m@uma/core:    |\n\u001b[0m\u001b[91m@uma/core: 30 |         uint256 totalCorrectVotes\n\u001b[0m\u001b[91m@uma/core:    |         ^^^^^^^^^^^^^^^^^^^^^^^^^\n\u001b[0m\u001b[91m@uma/core: Warning: Unused function parameter. Remove or comment out the variable name to silence this warning.\n\u001b[0m\u001b[91m@uma/core:   --> contracts/optimistic-asserter/implementation/escalation-manager/BaseEscalationManager.sol:39:33:\n@uma/core:    |\n\u001b[0m\u001b[91m@uma/core: 39 |     function getAssertionPolicy(bytes32 assertionId) public view virtual returns (AssertionPolicy memory) {\n\u001b[0m\u001b[91m@uma/core:    |                                 ^^^^^^^^^^^^^^^^^^^\n\u001b[0m\u001b[91m@uma/core: Warning: Unused function parameter. Remove or comment out the variable name to silence this warning.\n\u001b[0m\u001b[91m@uma/core:   --> contracts/optimistic-asserter/implementation/escalation-manager/BaseEscalationManager.sol:56:31:\n@uma/core:    |\n\u001b[0m\u001b[91m@uma/core: 56 |     function isDisputeAllowed(bytes32 assertionId, address disputeCaller) public view virtual returns (bool) {\n\u001b[0m\u001b[91m@uma/core:    |                               ^^^^^^^^^^^^^^^^^^^\n\u001b[0m\u001b[91m@uma/core: Warning: Unused function parameter. Remove or comment out the variable name to silence this warning.\n\u001b[0m\u001b[91m@uma/core:   --> contracts/optimistic-asserter/implementation/escalation-manager/BaseEscalationManager.sol:56:52:\n\u001b[0m\u001b[91m@uma/core:    |\n\u001b[0m\u001b[91m@uma/core: 56 |     function isDisputeAllowed(bytes32 assertionId, address disputeCaller) public view virtual returns (bool) {\n\u001b[0m\u001b[91m@uma/core:    |                                                    ^^^^^^^^^^^^^^^^^^^^^\n\u001b[0m\u001b[91m@uma/core: Warning: Unused function parameter. Remove or comment out the variable name to silence this warning.\n\u001b[0m\u001b[91m@uma/core:    --> contracts/optimistic-asserter/implementation/escalation-manager/FullPolicyEscalationManager.sol:112:31:\n\u001b[0m\u001b[91m@uma/core:     |\n\u001b[0m\u001b[91m@uma/core: 112 |     function isDisputeAllowed(bytes32 assertionId, address disputeCaller) public view override returns (bool) {\n\u001b[0m\u001b[91m@uma/core:     |                               ^^^^^^^^^^^^^^^^^^^\n\u001b[0m\u001b[91m@uma/core: Warning: Unused function parameter. Remove or comment out the variable name to silence this warning.\n\u001b[0m\u001b[91m@uma/core:   --> contracts/optimistic-asserter/implementation/escalation-manager/OwnerDiscardOracleEscalationManager.sol:16:33:\n\u001b[0m\u001b[91m@uma/core:    |\n\u001b[0m\u001b[91m@uma/core: 16 |     function getAssertionPolicy(bytes32 assertionId) public view override returns (AssertionPolicy memory) {\n\u001b[0m\u001b[91m@uma/core:    |                                 ^^^^^^^^^^^^^^^^^^^\n@uma/core: Warning: Unused function parameter. Remove or comment out the variable name to silence this warning.\n\u001b[0m\u001b[91m@uma/core:   --> contracts/optimistic-asserter/implementation/escalation-manager/OwnerSelectOracleEscalationManager.sol:33:33:\n@uma/core:    |\n\u001b[0m\u001b[91m@uma/core: 33 |     function getAssertionPolicy(bytes32 assertionId) public view override returns (AssertionPolicy memory) {\n\u001b[0m\u001b[91m@uma/core:    |                                 ^^^^^^^^^^^^^^^^^^^\n\u001b[0m\u001b[91m@uma/core: Warning: Unused function parameter. Remove or comment out the variable name to silence this warning.\n\u001b[0m\u001b[91m@uma/core:   --> contracts/optimistic-asserter/implementation/escalation-manager/WhitelistDisputerEscalationManager.sol:12:33:\n@uma/core:    |\n\u001b[0m\u001b[91m@uma/core: 12 |     function getAssertionPolicy(bytes32 assertionId) public view override returns (AssertionPolicy memory) {\n@uma/core:    |                                 ^^^^^^^^^^^^^^^^^^^\n\u001b[0m\u001b[91m@uma/core: Warning: Unused function parameter. Remove or comment out the variable name to silence this warning.\n\u001b[0m\u001b[91m@uma/core:   --> contracts/optimistic-asserter/implementation/escalation-manager/WhitelistDisputerEscalationManager.sol:26:31:\n\u001b[0m\u001b[91m@uma/core:    |\n@uma/core: 26 |     function isDisputeAllowed(bytes32 assertionId, address disputeCaller) public view override returns (bool) {\n\u001b[0m\u001b[91m@uma/core:    |                               ^^^^^^^^^^^^^^^^^^^\n\u001b[0m\u001b[91m@uma/core: Warning: Function state mutability can be restricted to pure\n\u001b[0m\u001b[91m@uma/core:  --> contracts/cross-chain-oracle/chain-adapters/test/ParentMessengerBaseMock.sol:9:5:\n\u001b[0m\u001b[91m@uma/core:   |\n\u001b[0m\u001b[91m@uma/core: 9 |     function sendMessageToChild(bytes memory) public view override {\n\u001b[0m\u001b[91m@uma/core:   |     ^ (Relevant source part starts here and spans across multiple lines).\n\u001b[0m\u001b[91m@uma/core: Warning: Function state mutability can be restricted to pure\n\u001b[0m\u001b[91m@uma/core:   --> contracts/data-verification-mechanism/implementation/test/StakerTest.sol:35:5:\n\u001b[0m\u001b[91m@uma/core:    |\n\u001b[0m\u001b[91m@uma/core: 35 |     function _inActiveReveal() internal view override returns (bool) {\n\u001b[0m\u001b[91m@uma/core:    |     ^ (Relevant source part starts here and spans across multiple lines).\n\u001b[0m\u001b[91m@uma/core: Warning: Function state mutability can be restricted to pure\n@uma/core:   --> contracts/data-verification-mechanism/implementation/test/StakerTest.sol:39:5:\n\u001b[0m\u001b[91m@uma/core:    |\n@uma/core: 39 |     function _getStartingIndexForStaker() internal view override returns (uint64) {\n\u001b[0m\u001b[91m@uma/core:    |     ^ (Relevant source part starts here and spans across multiple lines).\n\u001b[0m\u001b[91m@uma/core: Warning: Function state mutability can be restricted to pure\n@uma/core:   --> contracts/optimistic-asserter/implementation/escalation-manager/WhitelistDisputerEscalationManager.sol:12:5:\n\u001b[0m\u001b[91m@uma/core:    |\n\u001b[0m\u001b[91m@uma/core: 12 |     function getAssertionPolicy(bytes32 assertionId) public view override returns (AssertionPolicy memory) {\n@uma/core:    |     ^ (Relevant source part starts here and spans across multiple lines).\n\u001b[0m\u001b[91m@uma/core: Warning: Contract code size is 26347 bytes and exceeds 24576 bytes (a limit introduced in Spurious Dragon). This contract may not be deployable on Mainnet. Consider enabling the optimizer (with a low \"runs\" value!), turning off revert strings, or using libraries.\n\u001b[0m\u001b[91m@uma/core:   --> contracts/financial-templates/expiring-multiparty/Liquidatable.sol:24:1:\n\u001b[0m\u001b[91m@uma/core:    |\n\u001b[0m\u001b[91m@uma/core: 24 | contract Liquidatable is PricelessPositionManager {\n\u001b[0m\u001b[91m@uma/core:    | ^ (Relevant source part starts here and spans across multiple lines).\n\u001b[0m\u001b[91m@uma/core: Warning: Contract code size is 26347 bytes and exceeds 24576 bytes (a limit introduced in Spurious Dragon). This contract may not be deployable on Mainnet. Consider enabling the optimizer (with a low \"runs\" value!), turning off revert strings, or using libraries.\n@uma/core:   --> contracts/financial-templates/expiring-multiparty/ExpiringMultiParty.sol:10:1:\n\u001b[0m\u001b[91m@uma/core:    |\n\u001b[0m\u001b[91m@uma/core: 10 | contract ExpiringMultiParty is Liquidatable {\n@uma/core:    | ^ (Relevant source part starts here and spans across multiple lines).\n\u001b[0m\u001b[91m@uma/core: Warning: Contract code size is 29436 bytes and exceeds 24576 bytes (a limit introduced in Spurious Dragon). This contract may not be deployable on Mainnet. Consider enabling the optimizer (with a low \"runs\" value!), turning off revert strings, or using libraries.\n\u001b[0m\u001b[91m@uma/core:   --> contracts/financial-templates/expiring-multiparty/ExpiringMultiPartyLib.sol:10:1:\n\u001b[0m\u001b[91m@uma/core:    |\n\u001b[0m\u001b[91m@uma/core: 10 | library ExpiringMultiPartyLib {\n\u001b[0m\u001b[91m@uma/core:    | ^ (Relevant source part starts here and spans across multiple lines).\n@uma/core: Warning: Contract code size is 38473 bytes and exceeds 24576 bytes (a limit introduced in Spurious Dragon). This contract may not be deployable on Mainnet. Consider enabling the optimizer (with a low \"runs\" value!), turning off revert strings, or using libraries.\n\u001b[0m\u001b[91m@uma/core:   --> contracts/financial-templates/optimistic-rewarder/OptimisticRewarderCreator.sol:17:1:\n\u001b[0m\u001b[91m@uma/core:    |\n@uma/core: 17 | contract OptimisticRewarderCreator is Lockable {\n\u001b[0m\u001b[91m@uma/core:    | ^ (Relevant source part starts here and spans across multiple lines).\n\u001b[0m\u001b[91m@uma/core: Warning: Contract code size is 25947 bytes and exceeds 24576 bytes (a limit introduced in Spurious Dragon). This contract may not be deployable on Mainnet. Consider enabling the optimizer (with a low \"runs\" value!), turning off revert strings, or using libraries.\n\u001b[0m\u001b[91m@uma/core:   --> contracts/financial-templates/perpetual-multiparty/PerpetualLiquidatable.sol:23:1:\n\u001b[0m\u001b[91m@uma/core:    |\n\u001b[0m\u001b[91m@uma/core: 23 | contract PerpetualLiquidatable is PerpetualPositionManager {\n\u001b[0m\u001b[91m@uma/core:    | ^ (Relevant source part starts here and spans across multiple lines).\n\u001b[0m\u001b[91m@uma/core: Warning: Contract code size is 25947 bytes and exceeds 24576 bytes (a limit introduced in Spurious Dragon). This contract may not be deployable on Mainnet. Consider enabling the optimizer (with a low \"runs\" value!), turning off revert strings, or using libraries.\n@uma/core:   --> contracts/financial-templates/perpetual-multiparty/Perpetual.sol:10:1:\n\u001b[0m\u001b[91m@uma/core:    |\n\u001b[0m\u001b[91m@uma/core: 10 | contract Perpetual is PerpetualLiquidatable {\n\u001b[0m\u001b[91m@uma/core:    | ^ (Relevant source part starts here and spans across multiple lines).\n\u001b[0m\u001b[91m@uma/core: Warning: Contract code size is 28915 bytes and exceeds 24576 bytes (a limit introduced in Spurious Dragon). This contract may not be deployable on Mainnet. Consider enabling the optimizer (with a low \"runs\" value!), turning off revert strings, or using libraries.\n\u001b[0m\u001b[91m@uma/core:   --> contracts/financial-templates/perpetual-multiparty/PerpetualLib.sol:10:1:\n\u001b[0m\u001b[91m@uma/core:    |\n\u001b[0m\u001b[91m@uma/core: 10 | library PerpetualLib {\n\u001b[0m\u001b[91m@uma/core:    | ^ (Relevant source part starts here and spans across multiple lines).\n\u001b[0m@uma/core: Compiled 317 Solidity files successfully\n@uma/core: $ yarn hardhat load-addresses\n@uma/core: $ /protocol/node_modules/.bin/hardhat load-addresses\n@uma/core: $ rm -rf contract-types && TYPECHAIN=web3 yarn hardhat typechain && TYPECHAIN=ethers yarn hardhat typechain\n@uma/core: $ /protocol/node_modules/.bin/hardhat typechain\n@uma/core: Generating typings for: 0 artifacts in dir: contract-types/web3 for target: web3-v1\n@uma/core: Successfully generated 319 typings!\n@uma/core: $ /protocol/node_modules/.bin/hardhat typechain\n@uma/core: Generating typings for: 0 artifacts in dir: contract-types/ethers for target: ethers-v5\n@uma/core: Successfully generated 628 typings!\n@uma/core: $ rm -rf types dist && mkdir -p types/contract-types && rsync -R contract-types/**/*.d.ts ./types && tsc\n@uma/core: $ mkdir -p build && yarn hardhat run ./scripts/BuildContractVersionHashes.js\n@uma/core: $ /protocol/node_modules/.bin/hardhat run ./scripts/BuildContractVersionHashes.js\n@uma/core: Foundry not installed. Installing foundry for you...\n\u001b[91m@uma/core:   % Total    % Received % Xferd  Average Speed   Time    Time     Time  Current\n\u001b[0m\u001b[91m@uma/core:                                  Dload  Upload   Total   Spent    Left  Speed\n\u001b[0m\u001b[91m@uma/core:   0     0    0     0    0     0      0      0 --:--:-- --:--:-- --:--:--     0\n\u001b[0m\u001b[91m@uma/core:   0     0    0     0    0     0      0      0 --:--:-- --:--:-- --:--:--     0\n\u001b[0m\u001b[91m@uma/core: 100  1825  100  1825    0     0   6660      0 --:--:-- --:--:-- --:--:--  6660\n\u001b[0m@uma/core: Installing foundryup...\n\u001b[91m@uma/core: ######################################################################## 100.0%\n\u001b[0m@uma/core: Detected your preferred shell is bash and added foundryup to PATH. Run 'source /root/.bashrc' or start a new terminal session to use foundryup.\n@uma/core: Then, simply run 'foundryup' to install Foundry.\n\u001b[91m@uma/core: ./scripts/SetUpFoundryWithHardhat.sh: line 9: foundryup: command not found\n\u001b[0m@uma/core: Configuring UMA core to work with foundry std-lib\n\u001b[91m@uma/core: ./scripts/SetUpFoundryWithHardhat.sh: line 22: forge: command not found\n\u001b[0m\u001b[91m@uma/core: mv: cannot stat './lib': No such file or directory\n\u001b[0m@uma/contracts-node: $ yarn generate-ts && yarn tsc && rsync -a --include '*/' --include '*.d.ts' --exclude '*' ./typechain ./dist/packages/contracts-node/\n@uma/contracts-frontend: $ yarn generate-ts && yarn tsc && rsync -a --include '*/' --include '*.d.ts' --exclude '*' ./typechain ./dist/\n@uma/contracts-node: $ yarn clean && mkdir -p generated typechain/core && cp -R ../core/contract-types/* typechain/core/ && yarn copy-across-types && yarn hardhat generate-contracts-node --out ./generated/index.ts\n@uma/contracts-frontend: $ yarn clean && mkdir -p generated typechain/core && cp -R ../core/contract-types/* typechain/core/ && yarn copy-across-types && yarn hardhat generate-contracts-frontend --out ./generated/index.ts\n@uma/contracts-node: $ rm -rf dist generated typechain\n@uma/contracts-frontend: $ rm -rf dist generated typechain\n@uma/contracts-node: $ mkdir -p typechain/@across-protocol/contracts && rsync -a $(dirname $(node -p 'require.resolve(\"@across-protocol/contracts/package.json\")'))/contract-types/ typechain/@across-protocol/contracts\n@uma/contracts-frontend: $ mkdir -p typechain/@across-protocol/contracts && rsync -a $(dirname $(node -p 'require.resolve(\"@across-protocol/contracts/package.json\")'))/contract-types/ typechain/@across-protocol/contracts\n@uma/contracts-node: $ /protocol/node_modules/.bin/hardhat generate-contracts-node --out ./generated/index.ts\n@uma/contracts-frontend: $ /protocol/node_modules/.bin/hardhat generate-contracts-frontend --out ./generated/index.ts\n@uma/contracts-node: $ /protocol/node_modules/.bin/tsc\n@uma/contracts-frontend: $ /protocol/node_modules/.bin/tsc\n@uma/sdk: $ node ./build.js\n@uma/sdk: Building web version...\n\u001b[91m@uma/sdk: @rollup/plugin-replace: 'preventAssignment' currently defaults to false. It is recommended to set this option to `true`, as the next major version will default this option to `true`.\n@uma/sdk: Browserslist: caniuse-lite is outdated. Please run:\n@uma/sdk: npx browserslist@latest --update-db\n@uma/sdk: Why you should do it regularly:\n\u001b[0m\u001b[91m@uma/sdk: https://github.com/browserslist/browserslist#browsers-data-updating\n\u001b[0m\u001b[91m@uma/sdk: Circular dependency: src/oracle/store/index.ts -> src/oracle/store/write.ts -> src/oracle/utils.ts -> src/oracle/store/index.ts\n\u001b[0m\u001b[91m@uma/sdk: 'Interface' is imported from external module '@ethersproject/abi' but never used\n\u001b[0m@uma/sdk: Building node version...\n\u001b[91m@uma/sdk: @rollup/plugin-replace: 'preventAssignment' currently defaults to false. It is recommended to set this option to `true`, as the next major version will default this option to `true`.\n@uma/sdk: @rollup/plugin-replace: 'preventAssignment' currently defaults to false. It is recommended to set this option to `true`, as the next major version will default this option to `true`.\n\u001b[0m\u001b[91m@uma/sdk: Browserslist: caniuse-lite is outdated. Please run:\n\u001b[0m\u001b[91m@uma/sdk: npx browserslist@latest --update-db\n\u001b[0m\u001b[91m@uma/sdk: Why you should do it regularly:\n@uma/sdk: https://github.com/browserslist/browserslist#browsers-data-updating\n\u001b[0m\u001b[91m@uma/sdk: Circular dependency: src/oracle/store/index.ts -> src/oracle/store/write.ts -> src/oracle/utils.ts -> src/oracle/store/index.ts\n\u001b[0m\u001b[91m@uma/sdk: 'Interface' is imported from external module '@ethersproject/abi' but never used\n@uma/sdk: Circular dependency: src/oracle/store/index.ts -> src/oracle/store/write.ts -> src/oracle/utils.ts -> src/oracle/store/index.ts\n\u001b[0m\u001b[91m@uma/sdk: 'Interface' is imported from external module '@ethersproject/abi' but never used\n\u001b[0m@uma/sdk: Creating common types...\n@uma/sdk: Build finished!\n@uma/financial-templates-lib: $ tsc\n@uma/affiliates: $ tsc -b\n@uma/api: $ tsc\nhealth-check-runner: $ tsc --build\n@uma/fx-tunnel-relayer: $ tsc -b\n\u001b[91mlerna success run Ran npm script 'build' in 10 packages in 230.2s:\n\u001b[0m\u001b[91mlerna success\u001b[0m\u001b[91m - @uma/affiliates\nlerna success\u001b[0m\u001b[91m - @uma/api\nlerna success\u001b[0m\u001b[91m - @uma/common\nlerna success\u001b[0m\u001b[91m - @uma/contracts-frontend\nlerna success\u001b[0m\u001b[91m - @uma/contracts-node\n\u001b[0m\u001b[91mlerna success\u001b[0m\u001b[91m - @uma/core\nlerna success\u001b[0m\u001b[91m - @uma/financial-templates-lib\nlerna success\u001b[0m\u001b[91m - @uma/fx-tunnel-relayer\nlerna \u001b[0m\u001b[91msuccess - health-check-runner\n\u001b[0m\u001b[91mlerna success\u001b[0m\u001b[91m - @uma/sdk\n\u001b[0mDone in 230.85s.\nRemoving intermediate container 27609b831a73\n ---> 361919c05597\nStep 9/13 : WORKDIR /across-relayer\n ---> Running in ffa93b38479c\nRemoving intermediate container ffa93b38479c\n ---> 0c3c281042ff\nStep 10/13 : RUN git clone https://github.com/across-protocol/relayer-v2.git .\n ---> Running in 2bddebbcd962\n\u001b[91mCloning into '.'...\n\u001b[0mRemoving intermediate container 2bddebbcd962\n ---> 936f1047b36d\nStep 11/13 : RUN yarn && yarn build\n ---> Running in d0bace284137\nyarn install v1.22.19\n[1/5] Validating package.json...\n[2/5] Resolving packages...\n[3/5] Fetching packages...\n\u001b[91mwarning Pattern [\"@openzeppelin/contracts@^4.2.0\"] is trying to unpack in the same destination \"/usr/local/share/.cache/yarn/v6/npm-@openzeppelin-contracts-0-8-4.5.0-3fd75d57de172b3743cdfc1206883f56430409cc-integrity/node_modules/@openzeppelin/contracts-0.8\" as pattern [\"@openzeppelin/contracts-0.8@npm:@openzeppelin/contracts@^4.3.2\"]. This could result in non-deterministic behavior, skipping.\n\u001b[0m[4/5] Linking dependencies...\n\u001b[91mwarning \" > @defi-wonderland/smock@2.0.7\" has unmet peer dependency \"@ethersproject/abi@^5\".\n\u001b[0m\u001b[91mwarning \"@across-protocol/contracts-v2 > @uma/common > hardhat-deploy@0.9.1\" has unmet peer dependency \"@ethersproject/hardware-wallets@^5.0.14\".\n\u001b[0m\u001b[91mwarning \"@across-protocol/contracts-v2 > @uma/common > hardhat-typechain@0.3.5\" has unmet peer dependency \"ts-generator@^0.1.1\".\n\u001b[0m\u001b[91mwarning \"@across-protocol/contracts-v2 > @uma/common > hardhat-typechain@0.3.5\" has incorrect peer dependency \"typechain@^4.0.1\".\n\u001b[0m\u001b[91mwarning \"@across-protocol/contracts-v2 > @uma/common > @across-protocol/contracts > @uma/core > @uma/common > @nomiclabs/hardhat-truffle5 > @nomiclabs/truffle-contract@4.2.23\" has unmet peer dependency \"web3-core-helpers@^1.2.1\".\nwarning \"@across-protocol/contracts-v2 > @uma/common > @across-protocol/contracts > @uma/core > @uma/common > @nomiclabs/hardhat-truffle5 > @nomiclabs/truffle-contract@4.2.23\" has unmet peer dependency \"web3-core-promievent@^1.2.1\".\n\u001b[0m\u001b[91mwarning \"@across-protocol/contracts-v2 > @uma/common > @across-protocol/contracts > @uma/core > @uma/common > @nomiclabs/hardhat-truffle5 > @nomiclabs/truffle-contract@4.2.23\" has unmet peer dependency \"web3-eth-abi@^1.2.1\".\nwarning \"@across-protocol/contracts-v2 > @uma/common > @across-protocol/contracts > @uma/core > @uma/common > @nomiclabs/hardhat-truffle5 > @nomiclabs/truffle-contract@4.2.23\" has unmet peer dependency \"web3-utils@^1.2.1\".\n\u001b[0m\u001b[91mwarning \"@across-protocol/contracts-v2 > @uma/common > @truffle/hdwallet-provider > @trufflesuite/web3-provider-engine > eth-block-tracker > @babel/plugin-transform-runtime@7.17.0\" has unmet peer dependency \"@babel/core@^7.0.0-0\".\nwarning \"@across-protocol/contracts-v2 > @uma/common > @truffle/hdwallet-provider > @trufflesuite/web3-provider-engine > eth-block-tracker > @babel/plugin-transform-runtime > babel-plugin-polyfill-corejs2@0.3.1\" has unmet peer dependency \"@babel/core@^7.0.0-0\".\nwarning \"@across-protocol/contracts-v2 > @uma/common > @truffle/hdwallet-provider > @trufflesuite/web3-provider-engine > eth-block-tracker > @babel/plugin-transform-runtime > babel-plugin-polyfill-corejs3@0.5.2\" has unmet peer dependency \"@babel/core@^7.0.0-0\".\nwarning \"@across-protocol/contracts-v2 > @uma/common > @truffle/hdwallet-provider > @trufflesuite/web3-provider-engine > eth-block-tracker > @babel/plugin-transform-runtime > babel-plugin-polyfill-regenerator@0.3.1\" has unmet peer dependency \"@babel/core@^7.0.0-0\".\n\u001b[0m\u001b[91mwarning \"@across-protocol/contracts-v2 > @uma/common > @truffle/hdwallet-provider > @trufflesuite/web3-provider-engine > eth-block-tracker > @babel/plugin-transform-runtime > babel-plugin-polyfill-corejs2 > @babel/helper-define-polyfill-provider@0.3.1\" has unmet peer dependency \"@babel/core@^7.4.0-0\".\n\u001b[0m\u001b[91mwarning \"@across-protocol/contracts-v2 > @uma/common > @truffle/hdwallet-provider > @trufflesuite/web3-provider-engine > eth-block-tracker > @babel/plugin-transform-runtime > babel-plugin-polyfill-corejs2 > @babel/helper-define-polyfill-provider > @babel/helper-compilation-targets@7.17.7\" has unmet peer dependency \"@babel/core@^7.0.0\".\n\u001b[0m\u001b[91mwarning \"@across-protocol/sdk-v2 > @uma/sdk@0.29.3\" has unmet peer dependency \"@eth-optimism/contracts@^0.5.5\".\nwarning \"@across-protocol/sdk-v2 > @uma/sdk@0.29.3\" has unmet peer dependency \"@eth-optimism/core-utils@^0.7.3\".\n\u001b[0m\u001b[91mwarning \"@across-protocol/sdk-v2 > hardhat-deploy@0.11.4\" has unmet peer dependency \"@ethersproject/hardware-wallets@^5.0.14\".\n\u001b[0m\u001b[91mwarning \"@arbitrum/sdk > @arbitrum/sdk-classic > @typechain/ethers-v5@9.0.0\" has unmet peer dependency \"@ethersproject/providers@^5.0.0\".\nwarning \"@arbitrum/sdk > @arbitrum/sdk-classic > @typechain/ethers-v5@9.0.0\" has unmet peer dependency \"@ethersproject/abi@^5.0.0\".\n\u001b[0m\u001b[91mwarning \"@uma/financial-templates-lib > @uma/sdk@0.32.1\" has unmet peer dependency \"@eth-optimism/contracts@^0.5.37\".\nwarning \"@uma/financial-templates-lib > @uma/sdk@0.32.1\" has unmet peer dependency \"@eth-optimism/core-utils@^0.10.1\".\n\u001b[0m\u001b[91mwarning \" > @uma/sdk@0.25.0\" has unmet peer dependency \"@eth-optimism/contracts@^0.5.5\".\nwarning \" > @uma/sdk@0.25.0\" has unmet peer dependency \"@eth-optimism/core-utils@^0.7.3\".\n\u001b[0m\u001b[91mwarning \"hardhat-deploy > zksync-web3@0.7.9\" has incorrect peer dependency \"ethers@~5.5.0\".\n\u001b[0m\u001b[91mwarning \" > @typechain/ethers-v5@7.2.0\" has incorrect peer dependency \"typechain@^5.0.0\".\n\u001b[0m\u001b[91mwarning \" > @typechain/ethers-v5@7.2.0\" has unmet peer dependency \"@ethersproject/bytes@^5.0.0\".\nwarning \" > @typechain/ethers-v5@7.2.0\" has unmet peer dependency \"@ethersproject/providers@^5.0.0\".\n\u001b[0m\u001b[91mwarning \" > @typechain/ethers-v5@7.2.0\" has unmet peer dependency \"@ethersproject/abi@^5.0.0\".\n\u001b[0m\u001b[91mwarning \" > @typechain/hardhat@2.3.1\" has incorrect peer dependency \"typechain@^5.1.2\".\n\u001b[0m\u001b[91mwarning Workspaces can only be enabled in private projects.\n\u001b[0m\u001b[91mwarning Workspaces can only be enabled in private projects.\n\u001b[0m[5/5] Building fresh packages...\n\u001b[91mwarning Error running install script for optional dependency: \"/across-relayer/node_modules/node-hid: Command failed.\nExit code: 1\nCommand: prebuild-install || node-gyp rebuild\nArguments: \nDirectory: /across-relayer/node_modules/node-hid\nOutput:\nprebuild-install WARN install No prebuilt binaries found (target=16.19.0 runtime=node arch=x64 libc= platform=linux)\ngyp info it worked if it ends with ok\ngyp info using node-gyp@9.1.0\ngyp info using node@16.19.0 | linux | x64\ngyp info find Python using Python version 3.7.3 found at \\\"/usr/bin/python3\\\"\ngyp info spawn /usr/bin/python3\ngyp info spawn args [\ngyp info spawn args   '/usr/local/lib/node_modules/npm/node_modules/node-gyp/gyp/gyp_main.py',\ngyp info spawn args   'binding.gyp',\ngyp info spawn args   '-f',\ngyp info spawn args   'make',\ngyp info spawn args   '-I',\ngyp info spawn args   '/across-relayer/node_modules/node-hid/build/config.gypi',\ngyp info spawn args   '-I',\ngyp info spawn args   '/usr/local/lib/node_modules/npm/node_modules/node-gyp/addon.gypi',\ngyp info spawn args   '-I',\ngyp info spawn args   '/root/.cache/node-gyp/16.19.0/include/node/common.gypi',\ngyp info spawn args   '-Dlibrary=shared_library',\ngyp info spawn args   '-Dvisibility=default',\ngyp info spawn args   '-Dnode_root_dir=/root/.cache/node-gyp/16.19.0',\ngyp info spawn args   '-Dnode_gyp_dir=/usr/local/lib/node_modules/npm/node_modules/node-gyp',\ngyp info spawn args   '-Dnode_lib_file=/root/.cache/node-gyp/16.19.0/<(target_arch)/node.lib',\ngyp info spawn args   '-Dmodule_root_dir=/across-relayer/node_modules/node-hid',\ngyp info spawn args   '-Dnode_engine=v8',\ngyp info spawn args   '--depth=.',\ngyp info spawn args   '--no-parallel',\ngyp info spawn args   '--generator-output',\ngyp info spawn args   'build',\ngyp info spawn args   '-Goutput_dir=.'\ngyp info spawn args ]\ngyp info spawn make\ngyp info spawn args [ 'BUILDTYPE=Release', '-C', 'build' ]\nmake: Entering directory '/across-relayer/node_modules/node-hid/build'\n  CC(target) Release/obj.target/hidapi-linux-hidraw/hidapi/linux/hid.o\n  AR(target) Release/obj.target/hidapi-linux-hidraw.a\n  COPY Release/hidapi-linux-hidraw.a\n  CXX(target) Release/obj.target/HID-hidraw/src/HID.o\n../src/HID.cc:71:5: warning: dynamic exception specifications are deprecated in C++11 [-Wdeprecated]\n     throw(JSException);\n     ^~~~~\n../src/HID.cc:74:5: warning: dynamic exception specifications are deprecated in C++11 [-Wdeprecated]\n     throw(JSException);\n     ^~~~~\n../src/HID.cc:156:3: warning: dynamic exception specifications are deprecated in C++11 [-Wdeprecated]\n   throw(JSException)\n   ^~~~~\n../src/HID.cc:167:3: warning: dynamic exception specifications are deprecated in C++11 [-Wdeprecated]\n   throw(JSException)\n   ^~~~~\n../src/HID.cc: In static member function 'static Nan::NAN_METHOD_RETURN_TYPE HID::read(Nan::NAN_METHOD_ARGS_TYPE)':\n../src/HID.cc:262:70: warning: cast between incompatible function types from 'void (*)(uv_work_t*)' {aka 'void (*)(uv_work_s*)'} to 'uv_after_work_cb' {aka 'void (*)(uv_work_s*, int)'} [-Wcast-function-type]\n   uv_queue_work(uv_default_loop(), req, recvAsync, (uv_after_work_cb)recvAsyncDone);\n                                                                      ^~~~~~~~~~~~~\n../src/HID.cc: In static member function 'static void HID::Initialize(v8::Local<v8::Object>)':\n../src/HID.cc:612:16: error: cannot convert 'void (*)(void*)' to 'node::Environment*'\n   node::AtExit(deinitialize, 0);\n                ^~~~~~~~~~~~\nIn file included from ../src/HID.cc:34:\n/root/.cache/node-gyp/16.19.0/include/node/node.h:979:38: note:   initializing argument 1 of 'void node::AtExit(node::Environment*, void (*)(void*), void*)'\n NODE_EXTERN void AtExit(Environment* env,\n                         ~~~~~~~~~~~~~^~~\n../src/HID.cc: At global scope:\n/root/.cache/node-gyp/16.19.0/include/node/node.h:887:43: warning: cast between incompatible function types from 'void (*)(v8::Local<v8::Object>)' to 'node::addon_register_func' {aka 'void (*)(v8::Local<v8::Object>, v8::Local<v8::Value>, void*)'} [-Wcast-function-type]\n       (node::addon_register_func) (regfunc),                          \\\\\\n                                           ^\n/root/.cache/node-gyp/16.19.0/include/node/node.h:921:3: note: in expansion of macro 'NODE_MODULE_X'\n   NODE_MODULE_X(modname, regfunc, NULL, 0)  // NOLINT (readability/null_usage)\n   ^~~~~~~~~~~~~\n../src/HID.cc:646:3: note: in expansion of macro 'NODE_MODULE'\n   NODE_MODULE(HID, init);\n   ^~~~~~~~~~~\nmake: *** [HID-hidraw.target.mk:124: Release/obj.target/HID-hidraw/src/HID.o] Error 1\ngyp ERR! build error \ngyp ERR! stack Error: `make` failed with exit code: 2\ngyp ERR! stack     at ChildProcess.onExit (/usr/local/lib/node_modules/npm/node_modules/node-gyp/lib/build.js:201:23)\ngyp ERR! stack     at ChildProcess.emit (node:events:513:28)\ngyp ERR! stack     at Process.ChildProcess._handle.onexit (node:internal/child_process:293:12)\ngyp ERR! System Linux 5.4.0-113-generic\ngyp ERR! command \\\"/usr/local/bin/node\\\" \\\"/usr/local/lib/node_modules/npm/node_modules/node-gyp/bin/node-gyp.js\\\" \\\"rebuild\\\"\ngyp ERR! cwd /across-relayer/node_modules/node-hid\ngyp ERR! node -v v16.19.0\ngyp ERR! node-gyp -v v9.1.0\ngyp ERR! not ok \nmake: Leaving directory '/across-relayer/node_modules/node-hid/build'\"\n\u001b[0minfo This module is OPTIONAL, you can safely ignore this error\nDone in 113.37s.\nyarn run v1.22.19\n$ tsc --build\nDone in 14.75s.\nRemoving intermediate container d0bace284137\n ---> 18b1939fd514\nStep 12/13 : WORKDIR /protocol\n ---> Running in a7f76ea42431\nRemoving intermediate container a7f76ea42431\n ---> dfac1bec5f8a\nStep 13/13 : ENTRYPOINT [\"/bin/bash\", \"scripts/runCommand.sh\"]\n ---> Running in b7286b8e54cd\nRemoving intermediate container b7286b8e54cd\n ---> 7a4d7ff5eb4a\nSuccessfully built 7a4d7ff5eb4a\nSuccessfully tagged protocol:latest\n","stderr":"","imageSize":10044640154},"repair":{"violations":[{"name":"ruleAptGetInstallUseNoRec","position":{"start":16,"end":16,"columnStart":4,"columnEnd":65}},{"name":"ruleAptGetUpdatePrecedesInstall","position":{"start":16,"end":16,"columnStart":4,"columnEnd":65}},{"name":"ruleAptGetInstallThenRemoveAptLists","position":{"start":16,"end":16,"columnStart":4,"columnEnd":65}}],"repairedDockerfile":"# This docker container can be pulled from umaprotocol/protocol on dockerhub. This docker container is used to access\n# all components of the UMA ecosystem. The entry point into the bot is defined using a COMMAND enviroment variable\n# that defines what is executed in the root of the protocol package. This container also contains other UMA packages\n# that are not in the protocol repo, such as the Across v2 relayer. To access these set a command\n\n# Fix node version due to high potential for incompatibilities.\nFROM node:16\n\n# All source code and execution happens from the protocol directory.\nWORKDIR /protocol\n\n# Copy the latest state of the repo into the protocol directory.\nCOPY . ./\n\n# Install dependencies and compile contracts.\n\nRUN apt-get update && \\\napt-get install --no-install-recommends -y libudev-dev libusb-1.0-0-dev jq yarn rsync\nRUN yarn\n\n# Clean and run all package build steps, but exclude dapps (to save time).\nRUN yarn clean\nRUN yarn qbuild\n\n# Set up additional UMA packages installed in this docker container.\n# Configuer the across v2 relayer as a \"across-relayer\" base package.\nWORKDIR /across-relayer\n\n# Clode the relayer code and copy it to the across-relayer directory. Remove the package directory.\nRUN git clone https://github.com/across-protocol/relayer-v2.git .\n\n# Install depdencies.\nRUN yarn && yarn build\n\n# Set back the working directory to the protocol directory to default to that package.\nWORKDIR /protocol\n\n# Command to run any command provided by the COMMAND env variable.\nENTRYPOINT [\"/bin/bash\", \"scripts/runCommand.sh\"]\n"},"repairedBuild":{"startTimestamp":1672399771672,"endTimestamp":1672400587839,"error":null,"stdout":"Sending build context to Docker daemon  23.76MB\r\r\nStep 1/12 : FROM node:16\n ---> c910109adbfd\nStep 2/12 : WORKDIR /protocol\n ---> Running in 66893fe093a3\nRemoving intermediate container 66893fe093a3\n ---> 5e7d311b44dc\nStep 3/12 : COPY . ./\n ---> 9b0797963fc6\nStep 4/12 : RUN apt-get update && apt-get install --no-install-recommends -y libudev-dev libusb-1.0-0-dev jq yarn rsync\n ---> Running in 7cffc61a0feb\nGet:1 http://deb.debian.org/debian buster InRelease [122 kB]\nGet:2 http://deb.debian.org/debian-security buster/updates InRelease [34.8 kB]\nGet:3 http://deb.debian.org/debian buster-updates InRelease [56.6 kB]\nGet:4 http://deb.debian.org/debian buster/main amd64 Packages [7909 kB]\nGet:5 http://deb.debian.org/debian-security buster/updates/main amd64 Packages [417 kB]\nGet:6 http://deb.debian.org/debian buster-updates/main amd64 Packages [8788 B]\nFetched 8548 kB in 1s (5971 kB/s)\nReading package lists...\nReading package lists...\nBuilding dependency tree...\nReading state information...\nThe following additional packages will be installed:\n  libjq1 libonig5 libpopt0 libusb-1.0-0 python-cliapp python-markdown\n  python-pkg-resources python-ttystatus python-yaml\nSuggested packages:\n  python-xdg python-markdown-doc python-setuptools openssh-server\nRecommended packages:\n  libusb-1.0-doc python-pygments\nThe following NEW packages will be installed:\n  cmdtest jq libjq1 libonig5 libpopt0 libudev-dev libusb-1.0-0\n  libusb-1.0-0-dev python-cliapp python-markdown python-pkg-resources\n  python-ttystatus python-yaml rsync\n0 upgraded, 14 newly installed, 0 to remove and 2 not upgraded.\nNeed to get 1490 kB of archives.\nAfter this operation, 4452 kB of additional disk space will be used.\nGet:1 http://deb.debian.org/debian buster/main amd64 python-yaml amd64 3.13-2 [127 kB]\nGet:2 http://deb.debian.org/debian buster/main amd64 python-cliapp all 1.20180812.1-2 [42.2 kB]\nGet:3 http://deb.debian.org/debian buster/main amd64 python-ttystatus all 0.38-2 [15.4 kB]\nGet:4 http://deb.debian.org/debian buster/main amd64 python-pkg-resources all 40.8.0-1 [182 kB]\nGet:5 http://deb.debian.org/debian buster/main amd64 python-markdown all 3.0.1-3 [60.6 kB]\nGet:6 http://deb.debian.org/debian buster/main amd64 cmdtest all 0.32-3 [21.9 kB]\nGet:7 http://deb.debian.org/debian buster/main amd64 libonig5 amd64 6.9.1-1 [171 kB]\nGet:8 http://deb.debian.org/debian buster/main amd64 libjq1 amd64 1.5+dfsg-2+b1 [124 kB]\nGet:9 http://deb.debian.org/debian buster/main amd64 jq amd64 1.5+dfsg-2+b1 [59.4 kB]\nGet:10 http://deb.debian.org/debian buster/main amd64 libpopt0 amd64 1.16-12 [49.4 kB]\nGet:11 http://deb.debian.org/debian buster/main amd64 libudev-dev amd64 241-7~deb10u8 [110 kB]\nGet:12 http://deb.debian.org/debian buster/main amd64 libusb-1.0-0 amd64 2:1.0.22-2 [55.3 kB]\nGet:13 http://deb.debian.org/debian buster/main amd64 libusb-1.0-0-dev amd64 2:1.0.22-2 [74.5 kB]\nGet:14 http://deb.debian.org/debian buster/main amd64 rsync amd64 3.1.3-6 [397 kB]\n\u001b[91mdebconf: delaying package configuration, since apt-utils is not installed\n\u001b[0mFetched 1490 kB in 0s (45.0 MB/s)\nSelecting previously unselected package python-yaml.\r\n(Reading database ... \r(Reading database ... 5%\r(Reading database ... 10%\r(Reading database ... 15%\r(Reading database ... 20%\r(Reading database ... 25%\r(Reading database ... 30%\r(Reading database ... 35%\r(Reading database ... 40%\r(Reading database ... 45%\r(Reading database ... 50%\r(Reading database ... 55%\r(Reading database ... 60%\r(Reading database ... 65%\r(Reading database ... 70%\r(Reading database ... 75%\r(Reading database ... 80%\r(Reading database ... 85%\r(Reading database ... 90%\r(Reading database ... 95%\r(Reading database ... 100%\r(Reading database ... 23985 files and directories currently installed.)\r\nPreparing to unpack .../00-python-yaml_3.13-2_amd64.deb ...\r\nUnpacking python-yaml (3.13-2) ...\r\nSelecting previously unselected package python-cliapp.\r\nPreparing to unpack .../01-python-cliapp_1.20180812.1-2_all.deb ...\r\nUnpacking python-cliapp (1.20180812.1-2) ...\r\nSelecting previously unselected package python-ttystatus.\r\nPreparing to unpack .../02-python-ttystatus_0.38-2_all.deb ...\r\nUnpacking python-ttystatus (0.38-2) ...\r\nSelecting previously unselected package python-pkg-resources.\r\nPreparing to unpack .../03-python-pkg-resources_40.8.0-1_all.deb ...\r\nUnpacking python-pkg-resources (40.8.0-1) ...\r\nSelecting previously unselected package python-markdown.\r\nPreparing to unpack .../04-python-markdown_3.0.1-3_all.deb ...\r\nUnpacking python-markdown (3.0.1-3) ...\r\nSelecting previously unselected package cmdtest.\r\nPreparing to unpack .../05-cmdtest_0.32-3_all.deb ...\r\nUnpacking cmdtest (0.32-3) ...\r\nSelecting previously unselected package libonig5:amd64.\r\nPreparing to unpack .../06-libonig5_6.9.1-1_amd64.deb ...\r\nUnpacking libonig5:amd64 (6.9.1-1) ...\r\nSelecting previously unselected package libjq1:amd64.\r\nPreparing to unpack .../07-libjq1_1.5+dfsg-2+b1_amd64.deb ...\r\nUnpacking libjq1:amd64 (1.5+dfsg-2+b1) ...\r\nSelecting previously unselected package jq.\r\nPreparing to unpack .../08-jq_1.5+dfsg-2+b1_amd64.deb ...\r\nUnpacking jq (1.5+dfsg-2+b1) ...\r\nSelecting previously unselected package libpopt0:amd64.\r\nPreparing to unpack .../09-libpopt0_1.16-12_amd64.deb ...\r\nUnpacking libpopt0:amd64 (1.16-12) ...\r\nSelecting previously unselected package libudev-dev:amd64.\r\nPreparing to unpack .../10-libudev-dev_241-7~deb10u8_amd64.deb ...\r\nUnpacking libudev-dev:amd64 (241-7~deb10u8) ...\r\nSelecting previously unselected package libusb-1.0-0:amd64.\r\nPreparing to unpack .../11-libusb-1.0-0_2%3a1.0.22-2_amd64.deb ...\r\nUnpacking libusb-1.0-0:amd64 (2:1.0.22-2) ...\r\nSelecting previously unselected package libusb-1.0-0-dev:amd64.\r\nPreparing to unpack .../12-libusb-1.0-0-dev_2%3a1.0.22-2_amd64.deb ...\r\nUnpacking libusb-1.0-0-dev:amd64 (2:1.0.22-2) ...\r\nSelecting previously unselected package rsync.\r\nPreparing to unpack .../13-rsync_3.1.3-6_amd64.deb ...\r\nUnpacking rsync (3.1.3-6) ...\r\nSetting up python-pkg-resources (40.8.0-1) ...\r\nSetting up python-ttystatus (0.38-2) ...\r\nSetting up python-markdown (3.0.1-3) ...\r\nSetting up libudev-dev:amd64 (241-7~deb10u8) ...\r\nSetting up python-yaml (3.13-2) ...\r\nSetting up libusb-1.0-0:amd64 (2:1.0.22-2) ...\r\nSetting up libonig5:amd64 (6.9.1-1) ...\r\nSetting up python-cliapp (1.20180812.1-2) ...\r\nSetting up cmdtest (0.32-3) ...\r\nSetting up libpopt0:amd64 (1.16-12) ...\r\nSetting up libjq1:amd64 (1.5+dfsg-2+b1) ...\r\nSetting up libusb-1.0-0-dev:amd64 (2:1.0.22-2) ...\r\nSetting up jq (1.5+dfsg-2+b1) ...\r\nSetting up rsync (3.1.3-6) ...\r\ninvoke-rc.d: could not determine current runlevel\r\ninvoke-rc.d: policy-rc.d denied execution of restart.\r\nProcessing triggers for libc-bin (2.28-10+deb10u2) ...\r\nRemoving intermediate container 7cffc61a0feb\n ---> a65d2139b481\nStep 5/12 : RUN yarn\n ---> Running in fc75c7308e21\nyarn install v1.22.19\n[1/4] Resolving packages...\n[2/4] Fetching packages...\n[3/4] Linking dependencies...\n\u001b[91mwarning \" > @typechain/ethers-v5@7.0.1\" has unmet peer dependency \"typechain@^5.0.0\".\n\u001b[0m\u001b[91mwarning \" > @typechain/ethers-v5@7.0.1\" has unmet peer dependency \"ethers@^5.1.3\".\nwarning \" > @typechain/ethers-v5@7.0.1\" has unmet peer dependency \"@ethersproject/bytes@^5.0.0\".\nwarning \" > @typechain/ethers-v5@7.0.1\" has unmet peer dependency \"@ethersproject/providers@^5.0.0\".\n\u001b[0m\u001b[91mwarning \" > @typechain/ethers-v5@7.0.1\" has unmet peer dependency \"@ethersproject/abi@^5.0.0\".\n\u001b[0m\u001b[91mwarning \" > eslint-config-react-app@5.2.1\" has incorrect peer dependency \"@typescript-eslint/eslint-plugin@2.x\".\n\u001b[0m\u001b[91mwarning \" > eslint-config-react-app@5.2.1\" has incorrect peer dependency \"@typescript-eslint/parser@2.x\".\n\u001b[0m\u001b[91mwarning \" > eslint-config-react-app@5.2.1\" has incorrect peer dependency \"eslint@6.x\".\n\u001b[0m\u001b[91mwarning \" > eslint-config-react-app@5.2.1\" has incorrect peer dependency \"eslint-plugin-react-hooks@1.x || 2.x\".\n\u001b[0m\u001b[91mwarning \" > eslint-plugin-react-hooks@3.0.0\" has incorrect peer dependency \"eslint@^3.0.0 || ^4.0.0 || ^5.0.0 || ^6.0.0\".\n\u001b[0m\u001b[91mwarning \"lerna > @lerna/version > @lerna/github-client > @octokit/rest > @octokit/plugin-request-log@1.0.4\" has unmet peer dependency \"@octokit/core@>=3\".\n\u001b[0m\u001b[91mwarning \" > @uma/sdk@0.32.1\" has unmet peer dependency \"@eth-optimism/contracts@^0.5.37\".\nwarning \" > @uma/sdk@0.32.1\" has unmet peer dependency \"@eth-optimism/core-utils@^0.10.1\".\n\u001b[0m\u001b[91mwarning \" > @uma/sdk@0.32.1\" has unmet peer dependency \"ethers@^5.7.2\".\n\u001b[0m\u001b[91mwarning \"workspace-aggregator-909ae28a-691b-450f-8f84-45a829f9321f > @uma/api > ts-mocha@8.0.0\" has unmet peer dependency \"mocha@^3.X.X || ^4.X.X || ^5.X.X || ^6.X.X || ^7.X.X || ^8.X.X\".\n\u001b[0m\u001b[91mwarning \"workspace-aggregator-909ae28a-691b-450f-8f84-45a829f9321f > @uma/common > hardhat-deploy@0.9.1\" has unmet peer dependency \"@ethersproject/hardware-wallets@^5.0.14\".\n\u001b[0m\u001b[91mwarning \"workspace-aggregator-909ae28a-691b-450f-8f84-45a829f9321f > @uma/common > hardhat-typechain@0.3.5\" has unmet peer dependency \"ts-generator@^0.1.1\".\nwarning \"workspace-aggregator-909ae28a-691b-450f-8f84-45a829f9321f > @uma/common > hardhat-typechain@0.3.5\" has unmet peer dependency \"typechain@^4.0.1\".\n\u001b[0m\u001b[91mwarning \"workspace-aggregator-909ae28a-691b-450f-8f84-45a829f9321f > @uma/core > @eth-optimism/contracts@0.5.7\" has incorrect peer dependency \"ethers@^5.4.5\".\n\u001b[0m\u001b[91mwarning \"workspace-aggregator-909ae28a-691b-450f-8f84-45a829f9321f > @uma/core > @eth-optimism/smock@1.1.10\" has unmet peer dependency \"@ethersproject/abstract-signer@^5\".\n\u001b[0m\u001b[91mwarning \"workspace-aggregator-909ae28a-691b-450f-8f84-45a829f9321f > @uma/core > @typechain/truffle-v5@5.0.0\" has unmet peer dependency \"truffle@^5.0.0\".\n\u001b[0m\u001b[91mwarning \"workspace-aggregator-909ae28a-691b-450f-8f84-45a829f9321f > @uma/core > hardhat-tracer@1.1.0-rc.8\" has unmet peer dependency \"chalk@4.x\".\n\u001b[0m\u001b[91mwarning \"workspace-aggregator-909ae28a-691b-450f-8f84-45a829f9321f > @uma/sdk > @rollup/plugin-replace@3.0.0\" has unmet peer dependency \"rollup@^1.20.0 || ^2.0.0\".\n\u001b[0m\u001b[91mwarning \"workspace-aggregator-909ae28a-691b-450f-8f84-45a829f9321f > @uma/common > hardhat-gas-reporter > eth-gas-reporter@0.2.22\" has unmet peer dependency \"@codechecks/client@^0.1.0\".\n\u001b[0m\u001b[91mwarning \"workspace-aggregator-909ae28a-691b-450f-8f84-45a829f9321f > @uma/sdk > @rollup/plugin-replace > @rollup/pluginutils@3.1.0\" has unmet peer dependency \"rollup@^1.20.0||^2.0.0\".\n\u001b[0m\u001b[91mwarning \"workspace-aggregator-909ae28a-691b-450f-8f84-45a829f9321f > @uma/affiliates > @uma/core-1-2-0 > @uma/common > @truffle/hdwallet-provider > @trufflesuite/web3-provider-engine > eth-block-tracker > @babel/plugin-transform-runtime@7.14.5\" has unmet peer dependency \"@babel/core@^7.0.0-0\".\n\u001b[0m\u001b[91mwarning Workspaces can only be enabled in private projects.\n\u001b[0m[4/4] Building fresh packages...\n\u001b[91mwarning Error running install script for optional dependency: \"/protocol/node_modules/node-hid: Command failed.\nExit code: 1\nCommand: prebuild-install || node-gyp rebuild\nArguments: \nDirectory: /protocol/node_modules/node-hid\nOutput:\nprebuild-install WARN install No prebuilt binaries found (target=16.19.0 runtime=node arch=x64 libc= platform=linux)\ngyp info it worked if it ends with ok\ngyp info using node-gyp@7.1.2\ngyp info using node@16.19.0 | linux | x64\ngyp info find Python using Python version 3.7.3 found at \\\"/usr/bin/python3\\\"\n(node:749) [DEP0150] DeprecationWarning: Setting process.config is deprecated. In the future the property will be read-only.\n(Use `node --trace-deprecation ...` to show where the warning was created)\ngyp info spawn /usr/bin/python3\ngyp info spawn args [\ngyp info spawn args   '/protocol/node_modules/node-gyp/gyp/gyp_main.py',\ngyp info spawn args   'binding.gyp',\ngyp info spawn args   '-f',\ngyp info spawn args   'make',\ngyp info spawn args   '-I',\ngyp info spawn args   '/protocol/node_modules/node-hid/build/config.gypi',\ngyp info spawn args   '-I',\ngyp info spawn args   '/protocol/node_modules/node-gyp/addon.gypi',\ngyp info spawn args   '-I',\ngyp info spawn args   '/root/.cache/node-gyp/16.19.0/include/node/common.gypi',\ngyp info spawn args   '-Dlibrary=shared_library',\ngyp info spawn args   '-Dvisibility=default',\ngyp info spawn args   '-Dnode_root_dir=/root/.cache/node-gyp/16.19.0',\ngyp info spawn args   '-Dnode_gyp_dir=/protocol/node_modules/node-gyp',\ngyp info spawn args   '-Dnode_lib_file=/root/.cache/node-gyp/16.19.0/<(target_arch)/node.lib',\ngyp info spawn args   '-Dmodule_root_dir=/protocol/node_modules/node-hid',\ngyp info spawn args   '-Dnode_engine=v8',\ngyp info spawn args   '--depth=.',\ngyp info spawn args   '--no-parallel',\ngyp info spawn args   '--generator-output',\ngyp info spawn args   'build',\ngyp info spawn args   '-Goutput_dir=.'\ngyp info spawn args ]\ngyp info spawn make\ngyp info spawn args [ 'BUILDTYPE=Release', '-C', 'build' ]\nmake: Entering directory '/protocol/node_modules/node-hid/build'\n  CC(target) Release/obj.target/hidapi-linux-hidraw/hidapi/linux/hid.o\n  AR(target) Release/obj.target/hidapi-linux-hidraw.a\n  COPY Release/hidapi-linux-hidraw.a\n  CXX(target) Release/obj.target/HID-hidraw/src/HID.o\n../src/HID.cc:71:5: warning: dynamic exception specifications are deprecated in C++11 [-Wdeprecated]\n     throw(JSException);\n     ^~~~~\n../src/HID.cc:74:5: warning: dynamic exception specifications are deprecated in C++11 [-Wdeprecated]\n     throw(JSException);\n     ^~~~~\n../src/HID.cc:156:3: warning: dynamic exception specifications are deprecated in C++11 [-Wdeprecated]\n   throw(JSException)\n   ^~~~~\n../src/HID.cc:167:3: warning: dynamic exception specifications are deprecated in C++11 [-Wdeprecated]\n   throw(JSException)\n   ^~~~~\n../src/HID.cc: In static member function 'static Nan::NAN_METHOD_RETURN_TYPE HID::read(Nan::NAN_METHOD_ARGS_TYPE)':\n../src/HID.cc:262:70: warning: cast between incompatible function types from 'void (*)(uv_work_t*)' {aka 'void (*)(uv_work_s*)'} to 'uv_after_work_cb' {aka 'void (*)(uv_work_s*, int)'} [-Wcast-function-type]\n   uv_queue_work(uv_default_loop(), req, recvAsync, (uv_after_work_cb)recvAsyncDone);\n                                                                      ^~~~~~~~~~~~~\n../src/HID.cc: In static member function 'static void HID::Initialize(v8::Local<v8::Object>)':\n../src/HID.cc:612:16: error: cannot convert 'void (*)(void*)' to 'node::Environment*'\n   node::AtExit(deinitialize, 0);\n                ^~~~~~~~~~~~\nIn file included from ../src/HID.cc:34:\n/root/.cache/node-gyp/16.19.0/include/node/node.h:979:38: note:   initializing argument 1 of 'void node::AtExit(node::Environment*, void (*)(void*), void*)'\n NODE_EXTERN void AtExit(Environment* env,\n                         ~~~~~~~~~~~~~^~~\n../src/HID.cc: At global scope:\n/root/.cache/node-gyp/16.19.0/include/node/node.h:887:43: warning: cast between incompatible function types from 'void (*)(v8::Local<v8::Object>)' to 'node::addon_register_func' {aka 'void (*)(v8::Local<v8::Object>, v8::Local<v8::Value>, void*)'} [-Wcast-function-type]\n       (node::addon_register_func) (regfunc),                          \\\\\\n                                           ^\n/root/.cache/node-gyp/16.19.0/include/node/node.h:921:3: note: in expansion of macro 'NODE_MODULE_X'\n   NODE_MODULE_X(modname, regfunc, NULL, 0)  // NOLINT (readability/null_usage)\n   ^~~~~~~~~~~~~\n../src/HID.cc:646:3: note: in expansion of macro 'NODE_MODULE'\n   NODE_MODULE(HID, init);\n   ^~~~~~~~~~~\nmake: *** [HID-hidraw.target.mk:124: Release/obj.target/HID-hidraw/src/HID.o] Error 1\nmake: Leaving directory '/protocol/node_modules/node-hid/build'\ngyp ERR! build error \ngyp ERR! stack Error: `make` failed with exit code: 2\ngyp ERR! stack     at ChildProcess.onExit (/protocol/node_modules/node-gyp/lib/build.js:194:23)\ngyp ERR! stack     at ChildProcess.emit (node:events:513:28)\ngyp ERR! stack     at Process.ChildProcess._handle.onexit (node:internal/child_process:293:12)\ngyp ERR! System Linux 5.4.0-113-generic\ngyp ERR! command \\\"/usr/local/bin/node\\\" \\\"/protocol/node_modules/.bin/node-gyp\\\" \\\"rebuild\\\"\ngyp ERR! cwd /protocol/node_modules/node-hid\ngyp ERR! node -v v16.19.0\ngyp ERR! node-gyp -v v7.1.2\ngyp ERR! not ok\"\n\u001b[0minfo This module is OPTIONAL, you can safely ignore this error\nsuccess Saved lockfile.\nDone in 117.06s.\nRemoving intermediate container fc75c7308e21\n ---> ac35da0f34f3\nStep 6/12 : RUN yarn clean\n ---> Running in 49af5747c850\nyarn run v1.22.19\n$ yarn lerna run clean --stream\n$ /protocol/node_modules/.bin/lerna run clean --stream\n\u001b[91mlerna\u001b[0m\u001b[91m notice cli v3.22.1\n\u001b[0m\u001b[91mlerna info versioning independent\n\u001b[0m\u001b[91mlerna \u001b[0m\u001b[91minfo Executing command in 3 packages: \"yarn run clean\"\n\u001b[0m@uma/core: $ rm -rf contract-types && rm -rf artifacts && rm -rf deployments && rm -rf dist\n@uma/contracts-frontend: $ rm -rf dist generated typechain\n@uma/contracts-node: $ rm -rf dist generated typechain\n\u001b[91mlerna success run Ran npm script 'clean' in 3 packages in 0.6s:\n\u001b[0m\u001b[91mlerna success\u001b[0m\u001b[91m - @uma/contracts-frontend\nlerna \u001b[0m\u001b[91msuccess\u001b[0m\u001b[91m - @uma/contracts-node\nlerna success - @uma/core\n\u001b[0mDone in 1.19s.\nRemoving intermediate container 49af5747c850\n ---> 13d80a696153\nStep 7/12 : RUN yarn qbuild\n ---> Running in 7956c9104c60\nyarn run v1.22.19\n$ yarn lerna run build --stream\n$ /protocol/node_modules/.bin/lerna run build --stream\n\u001b[91mlerna\u001b[0m\u001b[91m notice cli v3.22.1\n\u001b[0m\u001b[91mlerna info versioning independent\n\u001b[0m\u001b[91mlerna info Executing command in 10 packages: \"yarn run build\"\n\u001b[0m@uma/common: $ rm -rf dist && tsc && (cp src/gckms/.GckmsOverride.js dist/gckms/.GckmsOverride.js || echo 'No override file found, continuing')\n\u001b[91m@uma/common: cp: cannot stat 'src/gckms/.GckmsOverride.js': No such file or directory\n\u001b[0m@uma/common: No override file found, continuing\n@uma/core: $ yarn build-contracts && yarn load-addresses && yarn generate-contract-types && yarn compile-ts && yarn buildLatestHardhatVersionHashes && ./scripts/SetUpFoundryWithHardhat.sh\n@uma/core: $ yarn hardhat compile\n@uma/core: $ /protocol/node_modules/.bin/hardhat compile\n\u001b[91m@uma/core: Solidity 0.8.16, 0.8.16, 0.8.16, 0.8.16, 0.8.16, 0.8.16, 0.8.16, 0.8.16, 0.8.16, 0.8.16, 0.8.16, 0.8.16 are not fully supported yet. You can still use Hardhat, but some features, like stack traces, might not work correctly.\n\u001b[0m\u001b[91m@uma/core: Learn more at https://hardhat.org/reference/solidity-support\n\u001b[0m@uma/core: Downloading compiler 0.8.16\n\u001b[91m@uma/core: Warning: SPDX license identifier not provided in source file. Before publishing, consider adding a comment containing \"SPDX-License-Identifier: <SPDX-License>\" to each source file. Use \"SPDX-License-Identifier: UNLICENSED\" for non-open-source code. Please see https://spdx.org for more information.\n\u001b[0m\u001b[91m@uma/core: --> contracts/common/test/MulticallMock.sol\n\u001b[0m\u001b[91m@uma/core: Warning: SPDX license identifier not provided in source file. Before publishing, consider adding a comment containing \"SPDX-License-Identifier: <SPDX-License>\" to each source file. Use \"SPDX-License-Identifier: UNLICENSED\" for non-open-source code. Please see https://spdx.org for more information.\n\u001b[0m\u001b[91m@uma/core: --> contracts/common/implementation/dsproxy/DSGuardFactory.sol\n\u001b[0m\u001b[91m@uma/core: Warning: SPDX license identifier not provided in source file. Before publishing, consider adding a comment containing \"SPDX-License-Identifier: <SPDX-License>\" to each source file. Use \"SPDX-License-Identifier: UNLICENSED\" for non-open-source code. Please see https://spdx.org for more information.\n@uma/core: --> contracts/common/implementation/dsproxy/DSProxyFactory.sol\n\u001b[0m\u001b[91m@uma/core: Warning: This contract has a payable fallback function, but no receive ether function. Consider adding a receive ether function.\n@uma/core:    --> contracts/common/implementation/dsproxy/DSProxyFactory.sol:103:1:\n\u001b[0m\u001b[91m@uma/core:     |\n\u001b[0m\u001b[91m@uma/core: 103 | contract DSProxy is DSAuth, DSNote {\n\u001b[0m\u001b[91m@uma/core:     | ^ (Relevant source part starts here and spans across multiple lines).\n\u001b[0m\u001b[91m@uma/core: Note: The payable fallback function is defined here.\n@uma/core:    --> contracts/common/implementation/dsproxy/DSProxyFactory.sol:110:5:\n\u001b[0m\u001b[91m@uma/core:     |\n\u001b[0m\u001b[91m@uma/core: 110 |     fallback() external payable {}\n\u001b[0m\u001b[91m@uma/core:     |     ^^^^^^^^^^^^^^^^^^^^^^^^^^^^^^\n\u001b[0m\u001b[91m@uma/core: Warning: SPDX license identifier not provided in source file. Before publishing, consider adding a comment containing \"SPDX-License-Identifier: <SPDX-License>\" to each source file. Use \"SPDX-License-Identifier: UNLICENSED\" for non-open-source code. Please see https://spdx.org for more information.\n\u001b[0m\u001b[91m@uma/core: --> contracts/common/implementation/MultiCaller.sol\n\u001b[0m\u001b[91m@uma/core: Warning: This declaration shadows an existing declaration.\n\u001b[0m\u001b[91m@uma/core:     --> contracts/data-verification-mechanism/implementation/VotingV2.sol:1014:10:\n@uma/core:      |\n@uma/core: 1014 |         (bool hasPrice, int256 resolutionPrice, ) =\n\u001b[0m\u001b[91m@uma/core:      |          ^^^^^^^^^^^^^\n\u001b[0m\u001b[91m@uma/core: Note: The shadowed declaration is here:\n\u001b[0m\u001b[91m@uma/core:    --> contracts/data-verification-mechanism/implementation/VotingV2.sol:389:5:\n\u001b[0m\u001b[91m@uma/core:     |\n\u001b[0m\u001b[91m@uma/core: 389 |     function hasPrice(\n\u001b[0m\u001b[91m@uma/core:     |     ^ (Relevant source part starts here and spans across multiple lines).\n\u001b[0m\u001b[91m@uma/core: Note: The shadowed declaration is here:\n\u001b[0m\u001b[91m@uma/core:    --> contracts/data-verification-mechanism/implementation/VotingV2.sol:399:5:\n\u001b[0m\u001b[91m@uma/core:     |\n\u001b[0m\u001b[91m@uma/core: 399 |     function hasPrice(bytes32 identifier, uint256 time) public view override returns (bool) {\n\u001b[0m\u001b[91m@uma/core:     |     ^ (Relevant source part starts here and spans across multiple lines).\n\u001b[0m\u001b[91m@uma/core: Warning: Interface functions are implicitly \"virtual\"\n\u001b[0m\u001b[91m@uma/core:   --> contracts/data-verification-mechanism/interfaces/StakerInterface.sol:30:5:\n@uma/core:    |\n\u001b[0m\u001b[91m@uma/core: 30 |     function setDelegate(address delegate) external virtual;\n\u001b[0m\u001b[91m@uma/core:    |     ^^^^^^^^^^^^^^^^^^^^^^^^^^^^^^^^^^^^^^^^^^^^^^^^^^^^^^^^\n@uma/core: Warning: Interface functions are implicitly \"virtual\"\n\u001b[0m\u001b[91m@uma/core:   --> contracts/data-verification-mechanism/interfaces/StakerInterface.sol:37:5:\n\u001b[0m\u001b[91m@uma/core:    |\n\u001b[0m\u001b[91m@uma/core: 37 |     function setDelegator(address delegator) external virtual;\n\u001b[0m\u001b[91m@uma/core:    |     ^^^^^^^^^^^^^^^^^^^^^^^^^^^^^^^^^^^^^^^^^^^^^^^^^^^^^^^^^^\n\u001b[0m\u001b[91m@uma/core: Warning: SPDX license identifier not provided in source file. Before publishing, consider adding a comment containing \"SPDX-License-Identifier: <SPDX-License>\" to each source file. Use \"SPDX-License-Identifier: UNLICENSED\" for non-open-source code. Please see https://spdx.org for more information.\n\u001b[0m\u001b[91m@uma/core: --> contracts/common/implementation/MultiCaller.sol\n\u001b[0m\u001b[91m@uma/core: Warning: This declaration shadows an existing declaration.\n\u001b[0m\u001b[91m@uma/core:     --> contracts/data-verification-mechanism/implementation/VotingV2.sol:1014:10:\n\u001b[0m\u001b[91m@uma/core:      |\n\u001b[0m\u001b[91m@uma/core: 1014 |         (bool hasPrice, int256 resolutionPrice, ) =\n\u001b[0m\u001b[91m@uma/core:      |          ^^^^^^^^^^^^^\n\u001b[0m\u001b[91m@uma/core: Note: The shadowed declaration is here:\n\u001b[0m\u001b[91m@uma/core:    --> contracts/data-verification-mechanism/implementation/VotingV2.sol:389:5:\n\u001b[0m\u001b[91m@uma/core:     |\n\u001b[0m\u001b[91m@uma/core: 389 |     function hasPrice(\n\u001b[0m\u001b[91m@uma/core:     |     ^ (Relevant source part starts here and spans across multiple lines).\n\u001b[0m\u001b[91m@uma/core: Note: The shadowed declaration is here:\n\u001b[0m\u001b[91m@uma/core:    --> contracts/data-verification-mechanism/implementation/VotingV2.sol:399:5:\n\u001b[0m\u001b[91m@uma/core:     |\n@uma/core: 399 |     function hasPrice(bytes32 identifier, uint256 time) public view override returns (bool) {\n\u001b[0m\u001b[91m@uma/core:     |     ^ (Relevant source part starts here and spans across multiple lines).\n\u001b[0m\u001b[91m@uma/core: Warning: Interface functions are implicitly \"virtual\"\n\u001b[0m\u001b[91m@uma/core:   --> contracts/data-verification-mechanism/interfaces/StakerInterface.sol:30:5:\n\u001b[0m\u001b[91m@uma/core:    |\n\u001b[0m\u001b[91m@uma/core: 30 |     function setDelegate(address delegate) external virtual;\n\u001b[0m\u001b[91m@uma/core:    |     ^^^^^^^^^^^^^^^^^^^^^^^^^^^^^^^^^^^^^^^^^^^^^^^^^^^^^^^^\n\u001b[0m\u001b[91m@uma/core: Warning: Interface functions are implicitly \"virtual\"\n\u001b[0m\u001b[91m@uma/core:   --> contracts/data-verification-mechanism/interfaces/StakerInterface.sol:37:5:\n\u001b[0m\u001b[91m@uma/core:    |\n\u001b[0m\u001b[91m@uma/core: 37 |     function setDelegator(address delegator) external virtual;\n\u001b[0m\u001b[91m@uma/core:    |     ^^^^^^^^^^^^^^^^^^^^^^^^^^^^^^^^^^^^^^^^^^^^^^^^^^^^^^^^^^\n\u001b[0m\u001b[91m@uma/core: Warning: Contract code size is 24921 bytes and exceeds 24576 bytes (a limit introduced in Spurious Dragon). This contract may not be deployable on Mainnet. Consider enabling the optimizer (with a low \"runs\" value!), turning off revert strings, or using libraries.\n\u001b[0m\u001b[91m@uma/core:  --> contracts/data-verification-mechanism/implementation/test/VotingV2Test.sol:8:1:\n\u001b[0m\u001b[91m@uma/core:   |\n\u001b[0m\u001b[91m@uma/core: 8 | contract VotingV2ControllableTiming is VotingV2, Testable {\n\u001b[0m\u001b[91m@uma/core:   | ^ (Relevant source part starts here and spans across multiple lines).\n\u001b[0m\u001b[91m@uma/core: Warning: Contract code size is 24921 bytes and exceeds 24576 bytes (a limit introduced in Spurious Dragon). This contract may not be deployable on Mainnet. Consider enabling the optimizer (with a low \"runs\" value!), turning off revert strings, or using libraries.\n\u001b[0m\u001b[91m@uma/core:   --> contracts/data-verification-mechanism/implementation/test/VotingV2Test.sol:86:1:\n\u001b[0m\u001b[91m@uma/core:    |\n\u001b[0m\u001b[91m@uma/core: 86 | contract VotingV2Test is VotingV2ControllableTiming {\n\u001b[0m\u001b[91m@uma/core:    | ^ (Relevant source part starts here and spans across multiple lines).\n\u001b[0m\u001b[91m@uma/core: Warning: SPDX license identifier not provided in source file. Before publishing, consider adding a comment containing \"SPDX-License-Identifier: <SPDX-License>\" to each source file. Use \"SPDX-License-Identifier: UNLICENSED\" for non-open-source code. Please see https://spdx.org for more information.\n\u001b[0m\u001b[91m@uma/core: --> @maticnetwork/fx-portal/contracts/lib/ExitPayloadReader.sol\n@uma/core: Warning: SPDX license identifier not provided in source file. Before publishing, consider adding a comment containing \"SPDX-License-Identifier: <SPDX-License>\" to each source file. Use \"SPDX-License-Identifier: UNLICENSED\" for non-open-source code. Please see https://spdx.org for more information.\n\u001b[0m\u001b[91m@uma/core: --> @maticnetwork/fx-portal/contracts/lib/RLPReader.sol\n\u001b[0m\u001b[91m@uma/core: Warning: SPDX license identifier not provided in source file. Before publishing, consider adding a comment containing \"SPDX-License-Identifier: <SPDX-License>\" to each source file. Use \"SPDX-License-Identifier: UNLICENSED\" for non-open-source code. Please see https://spdx.org for more information.\n\u001b[0m\u001b[91m@uma/core: --> @uniswap/v2-core/contracts/interfaces/IUniswapV2Pair.sol\n@uma/core: Warning: SPDX license identifier not provided in source file. Before publishing, consider adding a comment containing \"SPDX-License-Identifier: <SPDX-License>\" to each source file. Use \"SPDX-License-Identifier: UNLICENSED\" for non-open-source code. Please see https://spdx.org for more information.\n\u001b[0m\u001b[91m@uma/core: --> @uniswap/v2-periphery/contracts/interfaces/IUniswapV2Router01.sol\n\u001b[0m\u001b[91m@uma/core: Warning: SPDX license identifier not provided in source file. Before publishing, consider adding a comment containing \"SPDX-License-Identifier: <SPDX-License>\" to each source file. Use \"SPDX-License-Identifier: UNLICENSED\" for non-open-source code. Please see https://spdx.org for more information.\n\u001b[0m\u001b[91m@uma/core: --> contracts/common/implementation/MultiCaller.sol\n\u001b[0m\u001b[91m@uma/core: Warning: SPDX license identifier not provided in source file. Before publishing, consider adding a comment containing \"SPDX-License-Identifier: <SPDX-License>\" to each source file. Use \"SPDX-License-Identifier: UNLICENSED\" for non-open-source code. Please see https://spdx.org for more information.\n\u001b[0m\u001b[91m@uma/core: --> contracts/common/test/MultiCallerTest.sol\n\u001b[0m\u001b[91m@uma/core: Warning: SPDX license identifier not provided in source file. Before publishing, consider adding a comment containing \"SPDX-License-Identifier: <SPDX-License>\" to each source file. Use \"SPDX-License-Identifier: UNLICENSED\" for non-open-source code. Please see https://spdx.org for more information.\n\u001b[0m\u001b[91m@uma/core: --> contracts/cross-chain-oracle/chain-adapters/test/Arbitrum_inboxMock.sol\n@uma/core: Warning: SPDX license identifier not provided in source file. Before publishing, consider adding a comment containing \"SPDX-License-Identifier: <SPDX-License>\" to each source file. Use \"SPDX-License-Identifier: UNLICENSED\" for non-open-source code. Please see https://spdx.org for more information.\n\u001b[0m\u001b[91m@uma/core: --> contracts/cross-chain-oracle/chain-adapters/test/OVM_L1CrossDomainMessengerMock.sol\n@uma/core: Warning: SPDX license identifier not provided in source file. Before publishing, consider adding a comment containing \"SPDX-License-Identifier: <SPDX-License>\" to each source file. Use \"SPDX-License-Identifier: UNLICENSED\" for non-open-source code. Please see https://spdx.org for more information.\n\u001b[0m\u001b[91m@uma/core: --> contracts/external/avm/AVM_CrossDomainEnabled.sol\n\u001b[0m\u001b[91m@uma/core: Warning: SPDX license identifier not provided in source file. Before publishing, consider adding a comment containing \"SPDX-License-Identifier: <SPDX-License>\" to each source file. Use \"SPDX-License-Identifier: UNLICENSED\" for non-open-source code. Please see https://spdx.org for more information.\n@uma/core: --> contracts/external/avm/Arbitrum_CrossDomainEnabled.sol\n\u001b[0m\u001b[91m@uma/core: Warning: SPDX license identifier not provided in source file. Before publishing, consider adding a comment containing \"SPDX-License-Identifier: <SPDX-License>\" to each source file. Use \"SPDX-License-Identifier: UNLICENSED\" for non-open-source code. Please see https://spdx.org for more information.\n\u001b[0m\u001b[91m@uma/core: --> contracts/external/avm/interfaces/ArbSys.sol\n\u001b[0m\u001b[91m@uma/core: Warning: SPDX license identifier not provided in source file. Before publishing, consider adding a comment containing \"SPDX-License-Identifier: <SPDX-License>\" to each source file. Use \"SPDX-License-Identifier: UNLICENSED\" for non-open-source code. Please see https://spdx.org for more information.\n\u001b[0m\u001b[91m@uma/core: --> contracts/proxy-scripts/uniswap-broker/UniswapV3Broker.sol\n\u001b[0m\u001b[91m@uma/core: Warning: This contract has a payable fallback function, but no receive ether function. Consider adding a receive ether function.\n\u001b[0m\u001b[91m@uma/core:   --> contracts/cross-chain-oracle/chain-adapters/Arbitrum_ParentMessenger.sol:14:1:\n\u001b[0m\u001b[91m@uma/core:    |\n@uma/core: 14 | contract Arbitrum_ParentMessenger is Arbitrum_Messenger, ParentMessengerInterface, ParentMessengerBase, Lockable {\n\u001b[0m\u001b[91m@uma/core:    | ^ (Relevant source part starts here and spans across multiple lines).\n\u001b[0m\u001b[91m@uma/core: Note: The payable fallback function is defined here.\n\u001b[0m\u001b[91m@uma/core:    --> contracts/cross-chain-oracle/chain-adapters/Arbitrum_ParentMessenger.sol:173:5:\n\u001b[0m\u001b[91m@uma/core:     |\n\u001b[0m\u001b[91m@uma/core: 173 |     fallback() external payable {}\n@uma/core:     |     ^^^^^^^^^^^^^^^^^^^^^^^^^^^^^^\n\u001b[0m\u001b[91m@uma/core: Warning: Interface functions are implicitly \"virtual\"\n\u001b[0m\u001b[91m@uma/core:   --> contracts/data-verification-mechanism/interfaces/StakerInterface.sol:30:5:\n@uma/core:    |\n\u001b[0m\u001b[91m@uma/core: 30 |     function setDelegate(address delegate) external virtual;\n\u001b[0m\u001b[91m@uma/core:    |     ^^^^^^^^^^^^^^^^^^^^^^^^^^^^^^^^^^^^^^^^^^^^^^^^^^^^^^^^\n\u001b[0m\u001b[91m@uma/core: Warning: Interface functions are implicitly \"virtual\"\n\u001b[0m\u001b[91m@uma/core:   --> contracts/data-verification-mechanism/interfaces/StakerInterface.sol:37:5:\n@uma/core:    |\n\u001b[0m\u001b[91m@uma/core: 37 |     function setDelegator(address delegator) external virtual;\n\u001b[0m\u001b[91m@uma/core:    |     ^^^^^^^^^^^^^^^^^^^^^^^^^^^^^^^^^^^^^^^^^^^^^^^^^^^^^^^^^^\n\u001b[0m\u001b[91m@uma/core: Warning: Unnamed return variable can remain unassigned. Add an explicit return with value to all non-reverting code paths or name the variable.\n\u001b[0m\u001b[91m@uma/core:   --> @maticnetwork/fx-portal/contracts/lib/MerklePatriciaProof.sol:20:30:\n\u001b[0m\u001b[91m@uma/core:    |\n\u001b[0m\u001b[91m@uma/core: 20 |     ) internal pure returns (bool) {\n@uma/core:    |                              ^^^^\n\u001b[0m\u001b[91m@uma/core: Warning: Unused function parameter. Remove or comment out the variable name to silence this warning.\n@uma/core:   --> contracts/cross-chain-oracle/chain-adapters/test/Arbitrum_inboxMock.sol:35:9:\n\u001b[0m\u001b[91m@uma/core:    |\n@uma/core: 35 |         address destAddr,\n\u001b[0m\u001b[91m@uma/core:    |         ^^^^^^^^^^^^^^^^\n\u001b[0m\u001b[91m@uma/core: Warning: Unused function parameter. Remove or comment out the variable name to silence this warning.\n\u001b[0m\u001b[91m@uma/core:   --> contracts/cross-chain-oracle/chain-adapters/test/Arbitrum_inboxMock.sol:36:9:\n\u001b[0m\u001b[91m@uma/core:    |\n\u001b[0m\u001b[91m@uma/core: 36 |         uint256 l2CallValue,\n\u001b[0m\u001b[91m@uma/core:    |         ^^^^^^^^^^^^^^^^^^^\n@uma/core: Warning: Unused function parameter. Remove or comment out the variable name to silence this warning.\n\u001b[0m\u001b[91m@uma/core:   --> contracts/cross-chain-oracle/chain-adapters/test/Arbitrum_inboxMock.sol:37:9:\n@uma/core:    |\n\u001b[0m\u001b[91m@uma/core: 37 |         uint256 maxSubmissionCost,\n\u001b[0m\u001b[91m@uma/core:    |         ^^^^^^^^^^^^^^^^^^^^^^^^^\n\u001b[0m\u001b[91m@uma/core: Warning: Unused function parameter. Remove or comment out the variable name to silence this warning.\n\u001b[0m\u001b[91m@uma/core:   --> contracts/cross-chain-oracle/chain-adapters/test/Arbitrum_inboxMock.sol:38:9:\n\u001b[0m\u001b[91m@uma/core:    |\n@uma/core: 38 |         address excessFeeRefundAddress,\n\u001b[0m\u001b[91m@uma/core:    |         ^^^^^^^^^^^^^^^^^^^^^^^^^^^^^^\n\u001b[0m\u001b[91m@uma/core: Warning: Unused function parameter. Remove or comment out the variable name to silence this warning.\n\u001b[0m\u001b[91m@uma/core:   --> contracts/cross-chain-oracle/chain-adapters/test/Arbitrum_inboxMock.sol:39:9:\n@uma/core:    |\n\u001b[0m\u001b[91m@uma/core: 39 |         address callValueRefundAddress,\n\u001b[0m\u001b[91m@uma/core:    |         ^^^^^^^^^^^^^^^^^^^^^^^^^^^^^^\n@uma/core: Warning: Unused function parameter. Remove or comment out the variable name to silence this warning.\n\u001b[0m\u001b[91m@uma/core:   --> contracts/cross-chain-oracle/chain-adapters/test/Arbitrum_inboxMock.sol:40:9:\n\u001b[0m\u001b[91m@uma/core:    |\n@uma/core: 40 |         uint256 maxGas,\n@uma/core:    |         ^^^^^^^^^^^^^^\n\u001b[0m\u001b[91m@uma/core: Warning: Unused function parameter. Remove or comment out the variable name to silence this warning.\n@uma/core:   --> contracts/cross-chain-oracle/chain-adapters/test/Arbitrum_inboxMock.sol:41:9:\n\u001b[0m\u001b[91m@uma/core:    |\n\u001b[0m\u001b[91m@uma/core: 41 |         uint256 gasPriceBid,\n\u001b[0m\u001b[91m@uma/core:    |         ^^^^^^^^^^^^^^^^^^^\n\u001b[0m\u001b[91m@uma/core: Warning: Unused function parameter. Remove or comment out the variable name to silence this warning.\n@uma/core:   --> contracts/cross-chain-oracle/chain-adapters/test/Arbitrum_inboxMock.sol:42:9:\n\u001b[0m\u001b[91m@uma/core:    |\n\u001b[0m\u001b[91m@uma/core: 42 |         bytes calldata data\n\u001b[0m\u001b[91m@uma/core:    |         ^^^^^^^^^^^^^^^^^^^\n@uma/core: Warning: Unused function parameter. Remove or comment out the variable name to silence this warning.\n\u001b[0m\u001b[91m@uma/core:   --> contracts/data-verification-mechanism/implementation/SlashingLibrary.sol:21:9:\n\u001b[0m\u001b[91m@uma/core:    |\n@uma/core: 21 |         uint256 totalStaked,\n\u001b[0m\u001b[91m@uma/core:    |         ^^^^^^^^^^^^^^^^^^^\n\u001b[0m\u001b[91m@uma/core: Warning: Unused function parameter. Remove or comment out the variable name to silence this warning.\n\u001b[0m\u001b[91m@uma/core:   --> contracts/data-verification-mechanism/implementation/SlashingLibrary.sol:22:9:\n\u001b[0m\u001b[91m@uma/core:    |\n@uma/core: 22 |         uint256 totalVotes,\n\u001b[0m\u001b[91m@uma/core:    |         ^^^^^^^^^^^^^^^^^^\n\u001b[0m\u001b[91m@uma/core: Warning: Unused function parameter. Remove or comment out the variable name to silence this warning.\n\u001b[0m\u001b[91m@uma/core:   --> contracts/data-verification-mechanism/implementation/SlashingLibrary.sol:23:9:\n@uma/core:    |\n\u001b[0m\u001b[91m@uma/core: 23 |         uint256 totalCorrectVotes\n@uma/core:    |         ^^^^^^^^^^^^^^^^^^^^^^^^^\n\u001b[0m\u001b[91m@uma/core: Warning: Unused function parameter. Remove or comment out the variable name to silence this warning.\n\u001b[0m\u001b[91m@uma/core:   --> contracts/data-verification-mechanism/implementation/SlashingLibrary.sol:40:9:\n\u001b[0m\u001b[91m@uma/core:    |\n\u001b[0m\u001b[91m@uma/core: 40 |         uint256 totalStaked,\n\u001b[0m\u001b[91m@uma/core:    |         ^^^^^^^^^^^^^^^^^^^\n@uma/core: Warning: Unused function parameter. Remove or comment out the variable name to silence this warning.\n@uma/core:   --> contracts/data-verification-mechanism/implementation/SlashingLibrary.sol:41:9:\n@uma/core:    |\n@uma/core: 41 |         uint256 totalVotes,\n\u001b[0m\u001b[91m@uma/core:    |         ^^^^^^^^^^^^^^^^^^\n@uma/core: Warning: Unused function parameter. Remove or comment out the variable name to silence this warning.\n\u001b[0m\u001b[91m@uma/core:   --> contracts/data-verification-mechanism/implementation/SlashingLibrary.sol:42:9:\n\u001b[0m\u001b[91m@uma/core:    |\n\u001b[0m\u001b[91m@uma/core: 42 |         uint256 totalCorrectVotes\n\u001b[0m\u001b[91m@uma/core:    |         ^^^^^^^^^^^^^^^^^^^^^^^^^\n\u001b[0m\u001b[91m@uma/core: Warning: Unused function parameter. Remove or comment out the variable name to silence this warning.\n\u001b[0m\u001b[91m@uma/core:   --> contracts/data-verification-mechanism/implementation/SlashingLibrary.sol:55:9:\n\u001b[0m\u001b[91m@uma/core:    |\n\u001b[0m\u001b[91m@uma/core: 55 |         uint256 totalStaked,\n@uma/core:    |         ^^^^^^^^^^^^^^^^^^^\n\u001b[0m\u001b[91m@uma/core: Warning: Unused function parameter. Remove or comment out the variable name to silence this warning.\n\u001b[0m\u001b[91m@uma/core:   --> contracts/data-verification-mechanism/implementation/SlashingLibrary.sol:56:9:\n\u001b[0m\u001b[91m@uma/core:    |\n\u001b[0m\u001b[91m@uma/core: 56 |         uint256 totalVotes,\n\u001b[0m\u001b[91m@uma/core:    |         ^^^^^^^^^^^^^^^^^^\n\u001b[0m\u001b[91m@uma/core: Warning: Unused function parameter. Remove or comment out the variable name to silence this warning.\n\u001b[0m\u001b[91m@uma/core:   --> contracts/data-verification-mechanism/implementation/SlashingLibrary.sol:57:9:\n\u001b[0m\u001b[91m@uma/core:    |\n\u001b[0m\u001b[91m@uma/core: 57 |         uint256 totalCorrectVotes\n\u001b[0m\u001b[91m@uma/core:    |         ^^^^^^^^^^^^^^^^^^^^^^^^^\n\u001b[0m\u001b[91m@uma/core: Warning: Unused function parameter. Remove or comment out the variable name to silence this warning.\n\u001b[0m\u001b[91m@uma/core:   --> contracts/data-verification-mechanism/implementation/test/ZeroedSlashingLibaryTest.sol:12:9:\n@uma/core:    |\n\u001b[0m\u001b[91m@uma/core: 12 |         uint256 totalStaked,\n\u001b[0m\u001b[91m@uma/core:    |         ^^^^^^^^^^^^^^^^^^^\n\u001b[0m\u001b[91m@uma/core: Warning: Unused function parameter. Remove or comment out the variable name to silence this warning.\n\u001b[0m\u001b[91m@uma/core:   --> contracts/data-verification-mechanism/implementation/test/ZeroedSlashingLibaryTest.sol:13:9:\n\u001b[0m\u001b[91m@uma/core:    |\n\u001b[0m\u001b[91m@uma/core: 13 |         uint256 totalVotes,\n\u001b[0m\u001b[91m@uma/core:    |         ^^^^^^^^^^^^^^^^^^\n\u001b[0m\u001b[91m@uma/core: Warning: Unused function parameter. Remove or comment out the variable name to silence this warning.\n\u001b[0m\u001b[91m@uma/core:   --> contracts/data-verification-mechanism/implementation/test/ZeroedSlashingLibaryTest.sol:14:9:\n\u001b[0m\u001b[91m@uma/core:    |\n\u001b[0m\u001b[91m@uma/core: 14 |         uint256 totalCorrectVotes\n\u001b[0m\u001b[91m@uma/core:    |         ^^^^^^^^^^^^^^^^^^^^^^^^^\n\u001b[0m\u001b[91m@uma/core: Warning: Unused function parameter. Remove or comment out the variable name to silence this warning.\n\u001b[0m\u001b[91m@uma/core:   --> contracts/data-verification-mechanism/implementation/test/ZeroedSlashingLibaryTest.sol:20:9:\n\u001b[0m\u001b[91m@uma/core:    |\n\u001b[0m\u001b[91m@uma/core: 20 |         uint256 totalStaked,\n\u001b[0m\u001b[91m@uma/core:    |         ^^^^^^^^^^^^^^^^^^^\n\u001b[0m\u001b[91m@uma/core: Warning: Unused function parameter. Remove or comment out the variable name to silence this warning.\n\u001b[0m\u001b[91m@uma/core:   --> contracts/data-verification-mechanism/implementation/test/ZeroedSlashingLibaryTest.sol:21:9:\n@uma/core:    |\n\u001b[0m\u001b[91m@uma/core: 21 |         uint256 totalVotes,\n@uma/core:    |         ^^^^^^^^^^^^^^^^^^\n\u001b[0m\u001b[91m@uma/core: Warning: Unused function parameter. Remove or comment out the variable name to silence this warning.\n\u001b[0m\u001b[91m@uma/core:   --> contracts/data-verification-mechanism/implementation/test/ZeroedSlashingLibaryTest.sol:22:9:\n@uma/core:    |\n\u001b[0m\u001b[91m@uma/core: 22 |         uint256 totalCorrectVotes\n@uma/core:    |         ^^^^^^^^^^^^^^^^^^^^^^^^^\n\u001b[0m\u001b[91m@uma/core: Warning: Unused function parameter. Remove or comment out the variable name to silence this warning.\n\u001b[0m\u001b[91m@uma/core:   --> contracts/data-verification-mechanism/implementation/test/ZeroedSlashingLibaryTest.sol:28:9:\n@uma/core:    |\n\u001b[0m\u001b[91m@uma/core: 28 |         uint256 totalStaked,\n\u001b[0m\u001b[91m@uma/core:    |         ^^^^^^^^^^^^^^^^^^^\n\u001b[0m\u001b[91m@uma/core: Warning: Unused function parameter. Remove or comment out the variable name to silence this warning.\n@uma/core:   --> contracts/data-verification-mechanism/implementation/test/ZeroedSlashingLibaryTest.sol:29:9:\n\u001b[0m\u001b[91m@uma/core:    |\n\u001b[0m\u001b[91m@uma/core: 29 |         uint256 totalVotes,\n\u001b[0m\u001b[91m@uma/core:    |         ^^^^^^^^^^^^^^^^^^\n\u001b[0m\u001b[91m@uma/core: Warning: Unused function parameter. Remove or comment out the variable name to silence this warning.\n\u001b[0m\u001b[91m@uma/core:   --> contracts/data-verification-mechanism/implementation/test/ZeroedSlashingLibaryTest.sol:30:9:\n@uma/core:    |\n\u001b[0m\u001b[91m@uma/core: 30 |         uint256 totalCorrectVotes\n\u001b[0m\u001b[91m@uma/core:    |         ^^^^^^^^^^^^^^^^^^^^^^^^^\n@uma/core: Warning: Unused function parameter. Remove or comment out the variable name to silence this warning.\n\u001b[0m\u001b[91m@uma/core:   --> contracts/optimistic-asserter/implementation/escalation-manager/BaseEscalationManager.sol:39:33:\n\u001b[0m\u001b[91m@uma/core:    |\n\u001b[0m\u001b[91m@uma/core: 39 |     function getAssertionPolicy(bytes32 assertionId) public view virtual returns (AssertionPolicy memory) {\n\u001b[0m\u001b[91m@uma/core:    |                                 ^^^^^^^^^^^^^^^^^^^\n\u001b[0m\u001b[91m@uma/core: Warning: Unused function parameter. Remove or comment out the variable name to silence this warning.\n@uma/core:   --> contracts/optimistic-asserter/implementation/escalation-manager/BaseEscalationManager.sol:56:31:\n\u001b[0m\u001b[91m@uma/core:    |\n@uma/core: 56 |     function isDisputeAllowed(bytes32 assertionId, address disputeCaller) public view virtual returns (bool) {\n\u001b[0m\u001b[91m@uma/core:    |                               ^^^^^^^^^^^^^^^^^^^\n\u001b[0m\u001b[91m@uma/core: Warning: Unused function parameter. Remove or comment out the variable name to silence this warning.\n\u001b[0m\u001b[91m@uma/core:   --> contracts/optimistic-asserter/implementation/escalation-manager/BaseEscalationManager.sol:56:52:\n@uma/core:    |\n\u001b[0m\u001b[91m@uma/core: 56 |     function isDisputeAllowed(bytes32 assertionId, address disputeCaller) public view virtual returns (bool) {\n@uma/core:    |                                                    ^^^^^^^^^^^^^^^^^^^^^\n\u001b[0m\u001b[91m@uma/core: Warning: Unused function parameter. Remove or comment out the variable name to silence this warning.\n\u001b[0m\u001b[91m@uma/core:    --> contracts/optimistic-asserter/implementation/escalation-manager/FullPolicyEscalationManager.sol:112:31:\n@uma/core:     |\n\u001b[0m\u001b[91m@uma/core: 112 |     function isDisputeAllowed(bytes32 assertionId, address disputeCaller) public view override returns (bool) {\n\u001b[0m\u001b[91m@uma/core:     |                               ^^^^^^^^^^^^^^^^^^^\n\u001b[0m\u001b[91m@uma/core: Warning: Unused function parameter. Remove or comment out the variable name to silence this warning.\n@uma/core:   --> contracts/optimistic-asserter/implementation/escalation-manager/OwnerDiscardOracleEscalationManager.sol:16:33:\n\u001b[0m\u001b[91m@uma/core:    |\n\u001b[0m\u001b[91m@uma/core: 16 |     function getAssertionPolicy(bytes32 assertionId) public view override returns (AssertionPolicy memory) {\n\u001b[0m\u001b[91m@uma/core:    |                                 ^^^^^^^^^^^^^^^^^^^\n\u001b[0m\u001b[91m@uma/core: Warning: Unused function parameter. Remove or comment out the variable name to silence this warning.\n\u001b[0m\u001b[91m@uma/core:   --> contracts/optimistic-asserter/implementation/escalation-manager/OwnerSelectOracleEscalationManager.sol:33:33:\n\u001b[0m\u001b[91m@uma/core:    |\n\u001b[0m\u001b[91m@uma/core: 33 |     function getAssertionPolicy(bytes32 assertionId) public view override returns (AssertionPolicy memory) {\n@uma/core:    |                                 ^^^^^^^^^^^^^^^^^^^\n\u001b[0m\u001b[91m@uma/core: Warning: Unused function parameter. Remove or comment out the variable name to silence this warning.\n\u001b[0m\u001b[91m@uma/core:   --> contracts/optimistic-asserter/implementation/escalation-manager/WhitelistDisputerEscalationManager.sol:12:33:\n\u001b[0m\u001b[91m@uma/core:    |\n\u001b[0m\u001b[91m@uma/core: 12 |     function getAssertionPolicy(bytes32 assertionId) public view override returns (AssertionPolicy memory) {\n@uma/core:    |                                 ^^^^^^^^^^^^^^^^^^^\n\u001b[0m\u001b[91m@uma/core: Warning: Unused function parameter. Remove or comment out the variable name to silence this warning.\n\u001b[0m\u001b[91m@uma/core:   --> contracts/optimistic-asserter/implementation/escalation-manager/WhitelistDisputerEscalationManager.sol:26:31:\n@uma/core:    |\n\u001b[0m\u001b[91m@uma/core: 26 |     function isDisputeAllowed(bytes32 assertionId, address disputeCaller) public view override returns (bool) {\n@uma/core:    |                               ^^^^^^^^^^^^^^^^^^^\n\u001b[0m\u001b[91m@uma/core: Warning: Function state mutability can be restricted to pure\n\u001b[0m\u001b[91m@uma/core:  --> contracts/cross-chain-oracle/chain-adapters/test/ParentMessengerBaseMock.sol:9:5:\n\u001b[0m\u001b[91m@uma/core:   |\n\u001b[0m\u001b[91m@uma/core: 9 |     function sendMessageToChild(bytes memory) public view override {\n@uma/core:   |     ^ (Relevant source part starts here and spans across multiple lines).\n\u001b[0m\u001b[91m@uma/core: Warning: Function state mutability can be restricted to pure\n@uma/core:   --> contracts/data-verification-mechanism/implementation/test/StakerTest.sol:35:5:\n\u001b[0m\u001b[91m@uma/core:    |\n\u001b[0m\u001b[91m@uma/core: 35 |     function _inActiveReveal() internal view override returns (bool) {\n\u001b[0m\u001b[91m@uma/core:    |     ^ (Relevant source part starts here and spans across multiple lines).\n\u001b[0m\u001b[91m@uma/core: Warning: Function state mutability can be restricted to pure\n\u001b[0m\u001b[91m@uma/core:   --> contracts/data-verification-mechanism/implementation/test/StakerTest.sol:39:5:\n\u001b[0m\u001b[91m@uma/core:    |\n\u001b[0m\u001b[91m@uma/core: 39 |     function _getStartingIndexForStaker() internal view override returns (uint64) {\n@uma/core:    |     ^ (Relevant source part starts here and spans across multiple lines).\n\u001b[0m\u001b[91m@uma/core: Warning: Function state mutability can be restricted to pure\n@uma/core:   --> contracts/optimistic-asserter/implementation/escalation-manager/WhitelistDisputerEscalationManager.sol:12:5:\n\u001b[0m\u001b[91m@uma/core:    |\n\u001b[0m\u001b[91m@uma/core: 12 |     function getAssertionPolicy(bytes32 assertionId) public view override returns (AssertionPolicy memory) {\n\u001b[0m\u001b[91m@uma/core:    |     ^ (Relevant source part starts here and spans across multiple lines).\n\u001b[0m\u001b[91m@uma/core: Warning: Contract code size is 26347 bytes and exceeds 24576 bytes (a limit introduced in Spurious Dragon). This contract may not be deployable on Mainnet. Consider enabling the optimizer (with a low \"runs\" value!), turning off revert strings, or using libraries.\n\u001b[0m\u001b[91m@uma/core:   --> contracts/financial-templates/expiring-multiparty/Liquidatable.sol:24:1:\n@uma/core:    |\n\u001b[0m\u001b[91m@uma/core: 24 | contract Liquidatable is PricelessPositionManager {\n@uma/core:    | ^ (Relevant source part starts here and spans across multiple lines).\n\u001b[0m\u001b[91m@uma/core: Warning: Contract code size is 26347 bytes and exceeds 24576 bytes (a limit introduced in Spurious Dragon). This contract may not be deployable on Mainnet. Consider enabling the optimizer (with a low \"runs\" value!), turning off revert strings, or using libraries.\n\u001b[0m\u001b[91m@uma/core:   --> contracts/financial-templates/expiring-multiparty/ExpiringMultiParty.sol:10:1:\n\u001b[0m\u001b[91m@uma/core:    |\n\u001b[0m\u001b[91m@uma/core: 10 | contract ExpiringMultiParty is Liquidatable {\n@uma/core:    | ^ (Relevant source part starts here and spans across multiple lines).\n\u001b[0m\u001b[91m@uma/core: Warning: Contract code size is 29436 bytes and exceeds 24576 bytes (a limit introduced in Spurious Dragon). This contract may not be deployable on Mainnet. Consider enabling the optimizer (with a low \"runs\" value!), turning off revert strings, or using libraries.\n@uma/core:   --> contracts/financial-templates/expiring-multiparty/ExpiringMultiPartyLib.sol:10:1:\n\u001b[0m\u001b[91m@uma/core:    |\n@uma/core: 10 | library ExpiringMultiPartyLib {\n\u001b[0m\u001b[91m@uma/core:    | ^ (Relevant source part starts here and spans across multiple lines).\n\u001b[0m\u001b[91m@uma/core: Warning: Contract code size is 38473 bytes and exceeds 24576 bytes (a limit introduced in Spurious Dragon). This contract may not be deployable on Mainnet. Consider enabling the optimizer (with a low \"runs\" value!), turning off revert strings, or using libraries.\n\u001b[0m\u001b[91m@uma/core:   --> contracts/financial-templates/optimistic-rewarder/OptimisticRewarderCreator.sol:17:1:\n\u001b[0m\u001b[91m@uma/core:    |\n@uma/core: 17 | contract OptimisticRewarderCreator is Lockable {\n\u001b[0m\u001b[91m@uma/core:    | ^ (Relevant source part starts here and spans across multiple lines).\n\u001b[0m\u001b[91m@uma/core: Warning: Contract code size is 25947 bytes and exceeds 24576 bytes (a limit introduced in Spurious Dragon). This contract may not be deployable on Mainnet. Consider enabling the optimizer (with a low \"runs\" value!), turning off revert strings, or using libraries.\n@uma/core:   --> contracts/financial-templates/perpetual-multiparty/PerpetualLiquidatable.sol:23:1:\n\u001b[0m\u001b[91m@uma/core:    |\n@uma/core: 23 | contract PerpetualLiquidatable is PerpetualPositionManager {\n\u001b[0m\u001b[91m@uma/core:    | ^ (Relevant source part starts here and spans across multiple lines).\n\u001b[0m\u001b[91m@uma/core: Warning: Contract code size is 25947 bytes and exceeds 24576 bytes (a limit introduced in Spurious Dragon). This contract may not be deployable on Mainnet. Consider enabling the optimizer (with a low \"runs\" value!), turning off revert strings, or using libraries.\n\u001b[0m\u001b[91m@uma/core:   --> contracts/financial-templates/perpetual-multiparty/Perpetual.sol:10:1:\n\u001b[0m\u001b[91m@uma/core:    |\n\u001b[0m\u001b[91m@uma/core: 10 | contract Perpetual is PerpetualLiquidatable {\n@uma/core:    | ^ (Relevant source part starts here and spans across multiple lines).\n\u001b[0m\u001b[91m@uma/core: Warning: Contract code size is 28915 bytes and exceeds 24576 bytes (a limit introduced in Spurious Dragon). This contract may not be deployable on Mainnet. Consider enabling the optimizer (with a low \"runs\" value!), turning off revert strings, or using libraries.\n\u001b[0m\u001b[91m@uma/core:   --> contracts/financial-templates/perpetual-multiparty/PerpetualLib.sol:10:1:\n@uma/core:    |\n\u001b[0m\u001b[91m@uma/core: 10 | library PerpetualLib {\n@uma/core:    | ^ (Relevant source part starts here and spans across multiple lines).\n\u001b[0m@uma/core: Compiled 317 Solidity files successfully\n@uma/core: $ yarn hardhat load-addresses\n@uma/core: $ /protocol/node_modules/.bin/hardhat load-addresses\n@uma/core: $ rm -rf contract-types && TYPECHAIN=web3 yarn hardhat typechain && TYPECHAIN=ethers yarn hardhat typechain\n@uma/core: $ /protocol/node_modules/.bin/hardhat typechain\n@uma/core: Generating typings for: 0 artifacts in dir: contract-types/web3 for target: web3-v1\n@uma/core: Successfully generated 319 typings!\n@uma/core: $ /protocol/node_modules/.bin/hardhat typechain\n@uma/core: Generating typings for: 0 artifacts in dir: contract-types/ethers for target: ethers-v5\n@uma/core: Successfully generated 628 typings!\n@uma/core: $ rm -rf types dist && mkdir -p types/contract-types && rsync -R contract-types/**/*.d.ts ./types && tsc\n@uma/core: $ mkdir -p build && yarn hardhat run ./scripts/BuildContractVersionHashes.js\n@uma/core: $ /protocol/node_modules/.bin/hardhat run ./scripts/BuildContractVersionHashes.js\n@uma/core: Foundry not installed. Installing foundry for you...\n\u001b[91m@uma/core:   % Total    % Received % Xferd  Average Speed   Time    Time     Time  Current\n\u001b[0m\u001b[91m@uma/core:                                  Dload  Upload   Total   Spent    Left  Speed\n\u001b[0m\u001b[91m@uma/core:   0     0    0     0    0     0      0      0 --:--:-- --:--:-- --:--:--     0\n\u001b[0m\u001b[91m@uma/core:   0     0    0     0    0     0      0      0 --:--:-- --:--:-- --:--:--     0\n\u001b[0m\u001b[91m@uma/core: 100  1825  100  1825    0     0   7832      0 --:--:-- --:--:-- --:--:--  7832\n\u001b[0m@uma/core: Installing foundryup...\n\u001b[91m@uma/core: ######################################################################## 100.0%\n\u001b[0m@uma/core: Detected your preferred shell is bash and added foundryup to PATH. Run 'source /root/.bashrc' or start a new terminal session to use foundryup.\n@uma/core: Then, simply run 'foundryup' to install Foundry.\n\u001b[91m@uma/core: ./scripts/SetUpFoundryWithHardhat.sh: line 9: foundryup: command not found\n\u001b[0m@uma/core: Configuring UMA core to work with foundry std-lib\n\u001b[91m@uma/core: ./scripts/SetUpFoundryWithHardhat.sh: line 22: forge: command not found\n\u001b[0m\u001b[91m@uma/core: mv: cannot stat './lib': No such file or directory\n\u001b[0m@uma/contracts-node: $ yarn generate-ts && yarn tsc && rsync -a --include '*/' --include '*.d.ts' --exclude '*' ./typechain ./dist/packages/contracts-node/\n@uma/contracts-frontend: $ yarn generate-ts && yarn tsc && rsync -a --include '*/' --include '*.d.ts' --exclude '*' ./typechain ./dist/\n@uma/contracts-node: $ yarn clean && mkdir -p generated typechain/core && cp -R ../core/contract-types/* typechain/core/ && yarn copy-across-types && yarn hardhat generate-contracts-node --out ./generated/index.ts\n@uma/contracts-frontend: $ yarn clean && mkdir -p generated typechain/core && cp -R ../core/contract-types/* typechain/core/ && yarn copy-across-types && yarn hardhat generate-contracts-frontend --out ./generated/index.ts\n@uma/contracts-node: $ rm -rf dist generated typechain\n@uma/contracts-frontend: $ rm -rf dist generated typechain\n@uma/contracts-node: $ mkdir -p typechain/@across-protocol/contracts && rsync -a $(dirname $(node -p 'require.resolve(\"@across-protocol/contracts/package.json\")'))/contract-types/ typechain/@across-protocol/contracts\n@uma/contracts-frontend: $ mkdir -p typechain/@across-protocol/contracts && rsync -a $(dirname $(node -p 'require.resolve(\"@across-protocol/contracts/package.json\")'))/contract-types/ typechain/@across-protocol/contracts\n@uma/contracts-node: $ /protocol/node_modules/.bin/hardhat generate-contracts-node --out ./generated/index.ts\n@uma/contracts-frontend: $ /protocol/node_modules/.bin/hardhat generate-contracts-frontend --out ./generated/index.ts\n@uma/contracts-node: $ /protocol/node_modules/.bin/tsc\n@uma/contracts-frontend: $ /protocol/node_modules/.bin/tsc\n@uma/sdk: $ node ./build.js\n@uma/sdk: Building web version...\n\u001b[91m@uma/sdk: @rollup/plugin-replace: 'preventAssignment' currently defaults to false. It is recommended to set this option to `true`, as the next major version will default this option to `true`.\n@uma/sdk: Browserslist: caniuse-lite is outdated. Please run:\n@uma/sdk: npx browserslist@latest --update-db\n@uma/sdk: Why you should do it regularly:\n\u001b[0m\u001b[91m@uma/sdk: https://github.com/browserslist/browserslist#browsers-data-updating\n\u001b[0m\u001b[91m@uma/sdk: Circular dependency: src/oracle/store/index.ts -> src/oracle/store/write.ts -> src/oracle/utils.ts -> src/oracle/store/index.ts\n\u001b[0m\u001b[91m@uma/sdk: 'Interface' is imported from external module '@ethersproject/abi' but never used\n\u001b[0m@uma/sdk: Building node version...\n\u001b[91m@uma/sdk: @rollup/plugin-replace: 'preventAssignment' currently defaults to false. It is recommended to set this option to `true`, as the next major version will default this option to `true`.\n\u001b[0m\u001b[91m@uma/sdk: @rollup/plugin-replace: 'preventAssignment' currently defaults to false. It is recommended to set this option to `true`, as the next major version will default this option to `true`.\n\u001b[0m\u001b[91m@uma/sdk: Browserslist: caniuse-lite is outdated. Please run:\n\u001b[0m\u001b[91m@uma/sdk: npx browserslist@latest --update-db\n\u001b[0m\u001b[91m@uma/sdk: Why you should do it regularly:\n\u001b[0m\u001b[91m@uma/sdk: https://github.com/browserslist/browserslist#browsers-data-updating\n\u001b[0m\u001b[91m@uma/sdk: Circular dependency: src/oracle/store/index.ts -> src/oracle/store/write.ts -> src/oracle/utils.ts -> src/oracle/store/index.ts\n@uma/sdk: 'Interface' is imported from external module '@ethersproject/abi' but never used\n\u001b[0m\u001b[91m@uma/sdk: Circular dependency: src/oracle/store/index.ts -> src/oracle/store/write.ts -> src/oracle/utils.ts -> src/oracle/store/index.ts\n\u001b[0m\u001b[91m@uma/sdk: 'Interface' is imported from external module '@ethersproject/abi' but never used\n\u001b[0m@uma/sdk: Creating common types...\n@uma/sdk: Build finished!\n@uma/financial-templates-lib: $ tsc\n@uma/api: $ tsc\n@uma/affiliates: $ tsc -b\nhealth-check-runner: $ tsc --build\n@uma/fx-tunnel-relayer: $ tsc -b\n\u001b[91mlerna success run Ran npm script 'build' in 10 packages in 231.4s:\n\u001b[0m\u001b[91mlerna success\u001b[0m\u001b[91m - @uma/affiliates\nlerna \u001b[0m\u001b[91msuccess\u001b[0m\u001b[91m - @uma/api\nlerna \u001b[0m\u001b[91msuccess\u001b[0m\u001b[91m - @uma/common\nlerna\u001b[0m\u001b[91m success\u001b[0m\u001b[91m - @uma/contracts-frontend\nlerna\u001b[0m\u001b[91m success\u001b[0m\u001b[91m - @uma/contracts-node\nlerna \u001b[0m\u001b[91msuccess\u001b[0m\u001b[91m - @uma/core\nlerna success - @uma/financial-templates-lib\nlerna \u001b[0m\u001b[91msuccess\u001b[0m\u001b[91m - @uma/fx-tunnel-relayer\nlerna\u001b[0m\u001b[91m success\u001b[0m\u001b[91m - health-check-runner\nlerna\u001b[0m\u001b[91m success\u001b[0m\u001b[91m - @uma/sdk\n\u001b[0mDone in 232.04s.\nRemoving intermediate container 7956c9104c60\n ---> 46489e710842\nStep 8/12 : WORKDIR /across-relayer\n ---> Running in eec79971fb36\nRemoving intermediate container eec79971fb36\n ---> 5358ec433a60\nStep 9/12 : RUN git clone https://github.com/across-protocol/relayer-v2.git .\n ---> Running in 3b0a9bb92a1e\n\u001b[91mCloning into '.'...\n\u001b[0mRemoving intermediate container 3b0a9bb92a1e\n ---> cd3795de9cbc\nStep 10/12 : RUN yarn && yarn build\n ---> Running in 42fa511fd48b\nyarn install v1.22.19\n[1/5] Validating package.json...\n[2/5] Resolving packages...\n[3/5] Fetching packages...\n\u001b[91mwarning Pattern [\"@openzeppelin/contracts@^4.2.0\"] is trying to unpack in the same destination \"/usr/local/share/.cache/yarn/v6/npm-@openzeppelin-contracts-0-8-4.5.0-3fd75d57de172b3743cdfc1206883f56430409cc-integrity/node_modules/@openzeppelin/contracts-0.8\" as pattern [\"@openzeppelin/contracts-0.8@npm:@openzeppelin/contracts@^4.3.2\"]. This could result in non-deterministic behavior, skipping.\n\u001b[0m[4/5] Linking dependencies...\n\u001b[91mwarning \" > @defi-wonderland/smock@2.0.7\" has unmet peer dependency \"@ethersproject/abi@^5\".\n\u001b[0m\u001b[91mwarning \"@across-protocol/contracts-v2 > @uma/common > hardhat-deploy@0.9.1\" has unmet peer dependency \"@ethersproject/hardware-wallets@^5.0.14\".\n\u001b[0m\u001b[91mwarning \"@across-protocol/contracts-v2 > @uma/common > hardhat-typechain@0.3.5\" has unmet peer dependency \"ts-generator@^0.1.1\".\n\u001b[0m\u001b[91mwarning \"@across-protocol/contracts-v2 > @uma/common > hardhat-typechain@0.3.5\" has incorrect peer dependency \"typechain@^4.0.1\".\n\u001b[0m\u001b[91mwarning \"@across-protocol/contracts-v2 > @uma/common > @across-protocol/contracts > @uma/core > @uma/common > @nomiclabs/hardhat-truffle5 > @nomiclabs/truffle-contract@4.2.23\" has unmet peer dependency \"web3-core-helpers@^1.2.1\".\n\u001b[0m\u001b[91mwarning \"@across-protocol/contracts-v2 > @uma/common > @across-protocol/contracts > @uma/core > @uma/common > @nomiclabs/hardhat-truffle5 > @nomiclabs/truffle-contract@4.2.23\" has unmet peer dependency \"web3-core-promievent@^1.2.1\".\nwarning \"@across-protocol/contracts-v2 > @uma/common > @across-protocol/contracts > @uma/core > @uma/common > @nomiclabs/hardhat-truffle5 > @nomiclabs/truffle-contract@4.2.23\" has unmet peer dependency \"web3-eth-abi@^1.2.1\".\n\u001b[0m\u001b[91mwarning \"@across-protocol/contracts-v2 > @uma/common > @across-protocol/contracts > @uma/core > @uma/common > @nomiclabs/hardhat-truffle5 > @nomiclabs/truffle-contract@4.2.23\" has unmet peer dependency \"web3-utils@^1.2.1\".\n\u001b[0m\u001b[91mwarning \"@across-protocol/contracts-v2 > @uma/common > @truffle/hdwallet-provider > @trufflesuite/web3-provider-engine > eth-block-tracker > @babel/plugin-transform-runtime@7.17.0\" has unmet peer dependency \"@babel/core@^7.0.0-0\".\n\u001b[0m\u001b[91mwarning \"@across-protocol/contracts-v2 > @uma/common > @truffle/hdwallet-provider > @trufflesuite/web3-provider-engine > eth-block-tracker > @babel/plugin-transform-runtime > babel-plugin-polyfill-corejs2@0.3.1\" has unmet peer dependency \"@babel/core@^7.0.0-0\".\nwarning \"@across-protocol/contracts-v2 > @uma/common > @truffle/hdwallet-provider > @trufflesuite/web3-provider-engine > eth-block-tracker > @babel/plugin-transform-runtime > babel-plugin-polyfill-corejs3@0.5.2\" has unmet peer dependency \"@babel/core@^7.0.0-0\".\n\u001b[0m\u001b[91mwarning \"@across-protocol/contracts-v2 > @uma/common > @truffle/hdwallet-provider > @trufflesuite/web3-provider-engine > eth-block-tracker > @babel/plugin-transform-runtime > babel-plugin-polyfill-regenerator@0.3.1\" has unmet peer dependency \"@babel/core@^7.0.0-0\".\n\u001b[0m\u001b[91mwarning \"@across-protocol/contracts-v2 > @uma/common > @truffle/hdwallet-provider > @trufflesuite/web3-provider-engine > eth-block-tracker > @babel/plugin-transform-runtime > babel-plugin-polyfill-corejs2 > @babel/helper-define-polyfill-provider@0.3.1\" has unmet peer dependency \"@babel/core@^7.4.0-0\".\n\u001b[0m\u001b[91mwarning \"@across-protocol/contracts-v2 > @uma/common > @truffle/hdwallet-provider > @trufflesuite/web3-provider-engine > eth-block-tracker > @babel/plugin-transform-runtime > babel-plugin-polyfill-corejs2 > @babel/helper-define-polyfill-provider > @babel/helper-compilation-targets@7.17.7\" has unmet peer dependency \"@babel/core@^7.0.0\".\n\u001b[0m\u001b[91mwarning \"@across-protocol/sdk-v2 > @uma/sdk@0.29.3\" has unmet peer dependency \"@eth-optimism/contracts@^0.5.5\".\nwarning \"@across-protocol/sdk-v2 > @uma/sdk@0.29.3\" has unmet peer dependency \"@eth-optimism/core-utils@^0.7.3\".\n\u001b[0m\u001b[91mwarning \"@across-protocol/sdk-v2 > hardhat-deploy@0.11.4\" has unmet peer dependency \"@ethersproject/hardware-wallets@^5.0.14\".\n\u001b[0m\u001b[91mwarning \"@arbitrum/sdk > @arbitrum/sdk-classic > @typechain/ethers-v5@9.0.0\" has unmet peer dependency \"@ethersproject/providers@^5.0.0\".\n\u001b[0m\u001b[91mwarning \"@arbitrum/sdk > @arbitrum/sdk-classic > @typechain/ethers-v5@9.0.0\" has unmet peer dependency \"@ethersproject/abi@^5.0.0\".\n\u001b[0m\u001b[91mwarning \"@uma/financial-templates-lib > @uma/sdk@0.32.1\" has unmet peer dependency \"@eth-optimism/contracts@^0.5.37\".\nwarning \"@uma/financial-templates-lib > @uma/sdk@0.32.1\" has unmet peer dependency \"@eth-optimism/core-utils@^0.10.1\".\n\u001b[0m\u001b[91mwarning \" > @uma/sdk@0.25.0\" has unmet peer dependency \"@eth-optimism/contracts@^0.5.5\".\nwarning \" > @uma/sdk@0.25.0\" has unmet peer dependency \"@eth-optimism/core-utils@^0.7.3\".\n\u001b[0m\u001b[91mwarning \"hardhat-deploy > zksync-web3@0.7.9\" has incorrect peer dependency \"ethers@~5.5.0\".\n\u001b[0m\u001b[91mwarning \" > @typechain/ethers-v5@7.2.0\" has incorrect peer dependency \"typechain@^5.0.0\".\n\u001b[0m\u001b[91mwarning \" > @typechain/ethers-v5@7.2.0\" has unmet peer dependency \"@ethersproject/bytes@^5.0.0\".\nwarning \" > @typechain/ethers-v5@7.2.0\" has unmet peer dependency \"@ethersproject/providers@^5.0.0\".\n\u001b[0m\u001b[91mwarning \" > @typechain/ethers-v5@7.2.0\" has unmet peer dependency \"@ethersproject/abi@^5.0.0\".\n\u001b[0m\u001b[91mwarning \" > @typechain/hardhat@2.3.1\" has incorrect peer dependency \"typechain@^5.1.2\".\n\u001b[0m\u001b[91mwarning Workspaces can only be enabled in private projects.\n\u001b[0m\u001b[91mwarning Workspaces can only be enabled in private projects.\n\u001b[0m[5/5] Building fresh packages...\ninfo This module is OPTIONAL, you can safely ignore this error\n\u001b[91mwarning Error running install script for optional dependency: \"/across-relayer/node_modules/node-hid: Command failed.\nExit code: 1\nCommand: prebuild-install || node-gyp rebuild\nArguments: \nDirectory: /across-relayer/node_modules/node-hid\nOutput:\nprebuild-install WARN install No prebuilt binaries found (target=16.19.0 runtime=node arch=x64 libc= platform=linux)\ngyp info it worked if it ends with ok\ngyp info using node-gyp@9.1.0\ngyp info using node@16.19.0 | linux | x64\ngyp info find Python using Python version 3.7.3 found at \\\"/usr/bin/python3\\\"\ngyp info spawn /usr/bin/python3\ngyp info spawn args [\ngyp info spawn args   '/usr/local/lib/node_modules/npm/node_modules/node-gyp/gyp/gyp_main.py',\ngyp info spawn args   'binding.gyp',\ngyp info spawn args   '-f',\ngyp info spawn args   'make',\ngyp info spawn args   '-I',\ngyp info spawn args   '/across-relayer/node_modules/node-hid/build/config.gypi',\ngyp info spawn args   '-I',\ngyp info spawn args   '/usr/local/lib/node_modules/npm/node_modules/node-gyp/addon.gypi',\ngyp info spawn args   '-I',\ngyp info spawn args   '/root/.cache/node-gyp/16.19.0/include/node/common.gypi',\ngyp info spawn args   '-Dlibrary=shared_library',\ngyp info spawn args   '-Dvisibility=default',\ngyp info spawn args   '-Dnode_root_dir=/root/.cache/node-gyp/16.19.0',\ngyp info spawn args   '-Dnode_gyp_dir=/usr/local/lib/node_modules/npm/node_modules/node-gyp',\ngyp info spawn args   '-Dnode_lib_file=/root/.cache/node-gyp/16.19.0/<(target_arch)/node.lib',\ngyp info spawn args   '-Dmodule_root_dir=/across-relayer/node_modules/node-hid',\ngyp info spawn args   '-Dnode_engine=v8',\ngyp info spawn args   '--depth=.',\ngyp info spawn args   '--no-parallel',\ngyp info spawn args   '--generator-output',\ngyp info spawn args   'build',\ngyp info spawn args   '-Goutput_dir=.'\ngyp info spawn args ]\ngyp info spawn make\ngyp info spawn args [ 'BUILDTYPE=Release', '-C', 'build' ]\nmake: Entering directory '/across-relayer/node_modules/node-hid/build'\n  CC(target) Release/obj.target/hidapi-linux-hidraw/hidapi/linux/hid.o\n  AR(target) Release/obj.target/hidapi-linux-hidraw.a\n  COPY Release/hidapi-linux-hidraw.a\n  CXX(target) Release/obj.target/HID-hidraw/src/HID.o\n../src/HID.cc:71:5: warning: dynamic exception specifications are deprecated in C++11 [-Wdeprecated]\n     throw(JSException);\n     ^~~~~\n../src/HID.cc:74:5: warning: dynamic exception specifications are deprecated in C++11 [-Wdeprecated]\n     throw(JSException);\n     ^~~~~\n../src/HID.cc:156:3: warning: dynamic exception specifications are deprecated in C++11 [-Wdeprecated]\n   throw(JSException)\n   ^~~~~\n../src/HID.cc:167:3: warning: dynamic exception specifications are deprecated in C++11 [-Wdeprecated]\n   throw(JSException)\n   ^~~~~\n../src/HID.cc: In static member function 'static Nan::NAN_METHOD_RETURN_TYPE HID::read(Nan::NAN_METHOD_ARGS_TYPE)':\n../src/HID.cc:262:70: warning: cast between incompatible function types from 'void (*)(uv_work_t*)' {aka 'void (*)(uv_work_s*)'} to 'uv_after_work_cb' {aka 'void (*)(uv_work_s*, int)'} [-Wcast-function-type]\n   uv_queue_work(uv_default_loop(), req, recvAsync, (uv_after_work_cb)recvAsyncDone);\n                                                                      ^~~~~~~~~~~~~\n../src/HID.cc: In static member function 'static void HID::Initialize(v8::Local<v8::Object>)':\n../src/HID.cc:612:16: error: cannot convert 'void (*)(void*)' to 'node::Environment*'\n   node::AtExit(deinitialize, 0);\n                ^~~~~~~~~~~~\nIn file included from ../src/HID.cc:34:\n/root/.cache/node-gyp/16.19.0/include/node/node.h:979:38: note:   initializing argument 1 of 'void node::AtExit(node::Environment*, void (*)(void*), void*)'\n NODE_EXTERN void AtExit(Environment* env,\n                         ~~~~~~~~~~~~~^~~\n../src/HID.cc: At global scope:\n/root/.cache/node-gyp/16.19.0/include/node/node.h:887:43: warning: cast between incompatible function types from 'void (*)(v8::Local<v8::Object>)' to 'node::addon_register_func' {aka 'void (*)(v8::Local<v8::Object>, v8::Local<v8::Value>, void*)'} [-Wcast-function-type]\n       (node::addon_register_func) (regfunc),                          \\\\\\n                                           ^\n/root/.cache/node-gyp/16.19.0/include/node/node.h:921:3: note: in expansion of macro 'NODE_MODULE_X'\n   NODE_MODULE_X(modname, regfunc, NULL, 0)  // NOLINT (readability/null_usage)\n   ^~~~~~~~~~~~~\n../src/HID.cc:646:3: note: in expansion of macro 'NODE_MODULE'\n   NODE_MODULE(HID, init);\n   ^~~~~~~~~~~\nmake: *** [HID-hidraw.target.mk:124: Release/obj.target/HID-hidraw/src/HID.o] Error 1\ngyp ERR! build error \ngyp ERR! stack Error: `make` failed with exit code: 2\ngyp ERR! stack     at ChildProcess.onExit (/usr/local/lib/node_modules/npm/node_modules/node-gyp/lib/build.js:201:23)\ngyp ERR! stack     at ChildProcess.emit (node:events:513:28)\ngyp ERR! stack     at Process.ChildProcess._handle.onexit (node:internal/child_process:293:12)\ngyp ERR! System Linux 5.4.0-113-generic\ngyp ERR! command \\\"/usr/local/bin/node\\\" \\\"/usr/local/lib/node_modules/npm/node_modules/node-gyp/bin/node-gyp.js\\\" \\\"rebuild\\\"\ngyp ERR! cwd /across-relayer/node_modules/node-hid\ngyp ERR! node -v v16.19.0\ngyp ERR! node-gyp -v v9.1.0\ngyp ERR! not ok \nmake: Leaving directory '/across-relayer/node_modules/node-hid/build'\"\n\u001b[0mDone in 107.69s.\nyarn run v1.22.19\n$ tsc --build\nDone in 14.98s.\nRemoving intermediate container 42fa511fd48b\n ---> 63e82b225743\nStep 11/12 : WORKDIR /protocol\n ---> Running in b3e0a960747c\nRemoving intermediate container b3e0a960747c\n ---> adab2977509f\nStep 12/12 : ENTRYPOINT [\"/bin/bash\", \"scripts/runCommand.sh\"]\n ---> Running in 024bada829c0\nRemoving intermediate container 024bada829c0\n ---> 68c2a7700c19\nSuccessfully built 68c2a7700c19\nSuccessfully tagged protocol:latest\n","stderr":"","imageSize":10036065623},"endTime":1672400602079}