{"repository":"https://github.com/zhao94254/pspider","dockerfilePath":"Dockerfile","startTime":1673014800711,"endTime":1673015080537,"clone":{"startTime":1673014800711,"stdout":"","stderr":"Cloning into '/tmp/dinghy-analysis/zhao94254/pspider'...\n","error":null,"endTime":1673014801818,"commit":"b83430f00d168deb1ab3f15e7a7c93735bd307f7"},"originalBuild":{"startTime":1673014801930,"endTime":1673015080451,"error":{"code":1,"killed":false,"signal":null,"cmd":"docker build --no-cache --force-rm -t pspider:latest -f /tmp/dinghy-analysis/zhao94254/pspider/Dockerfile ."},"stdout":"Sending build context to Docker daemon    256kB\r\r\nStep 1/9 : FROM daocloud.io/python:3.5-alpine\n3.5-alpine: Pulling from python\n754b3735c39c: Pulling fs layer\na615e2cf13bb: Pulling fs layer\n8f68903208b5: Pulling fs layer\n3d5eb451fbf9: Pulling fs layer\n0512301e7a18: Pulling fs layer\n3d5eb451fbf9: Waiting\n0512301e7a18: Waiting\na615e2cf13bb: Verifying Checksum\na615e2cf13bb: Download complete\n754b3735c39c: Verifying Checksum\n754b3735c39c: Download complete\n754b3735c39c: Pull complete\na615e2cf13bb: Pull complete\n3d5eb451fbf9: Verifying Checksum\n3d5eb451fbf9: Download complete\n0512301e7a18: Verifying Checksum\n0512301e7a18: Download complete\n8f68903208b5: Verifying Checksum\n8f68903208b5: Download complete\n8f68903208b5: Pull complete\n3d5eb451fbf9: Pull complete\n0512301e7a18: Pull complete\nDigest: sha256:501f9dab0ac4fc7a6161979f196f6adc4c86130961228a094d0ddbdd632ce6a8\nStatus: Downloaded newer image for daocloud.io/python:3.5-alpine\n ---> 2070486450e1\nStep 2/9 : RUN echo http://mirrors.ustc.edu.cn/alpine/v3.6/main > /etc/apk/repositories; echo http://mirrors.ustc.edu.cn/alpine/v3.6/community >> /etc/apk/repositories\n ---> Running in b1e6ff89bb09\nRemoving intermediate container b1e6ff89bb09\n ---> ff63dcbfa6c7\nStep 3/9 : RUN apk add --update     supervisor\n ---> Running in df29f66ba54b\nfetch http://mirrors.ustc.edu.cn/alpine/v3.6/main/x86_64/APKINDEX.tar.gz\nfetch http://mirrors.ustc.edu.cn/alpine/v3.6/community/x86_64/APKINDEX.tar.gz\n(1/6) Installing libressl2.5-libcrypto (2.5.5-r2)\n(2/6) Installing libressl2.5-libssl (2.5.5-r2)\n(3/6) Installing python2 (2.7.15-r0)\n(4/6) Installing py-meld3 (1.0.2-r0)\n(5/6) Installing py-setuptools (33.1.1-r1)\n(6/6) Installing supervisor (3.2.4-r0)\nExecuting busybox-1.24.2-r13.trigger\nOK: 78 MiB in 40 packages\nRemoving intermediate container df29f66ba54b\n ---> e064c0867dcd\nStep 4/9 : RUN mkdir -p /app\n ---> Running in 897bf55c7944\nRemoving intermediate container 897bf55c7944\n ---> c4e286656dae\nStep 5/9 : WORKDIR /app\n ---> Running in a165e3dceac3\nRemoving intermediate container a165e3dceac3\n ---> 06e6629480a6\nStep 6/9 : ADD requirements.txt .\n ---> 248a3a110fe3\nStep 7/9 : ADD . .\n ---> d7c26f49c005\nStep 8/9 : RUN pip3 install --upgrade pip\n ---> Running in 3498addf1a5c\nCollecting pip\n  Downloading https://files.pythonhosted.org/packages/27/79/8a850fe3496446ff0d584327ae44e7500daf6764ca1a382d2d02789accf7/pip-20.3.4-py2.py3-none-any.whl (1.5MB)\nInstalling collected packages: pip\n  Found existing installation: pip 9.0.1\n    Uninstalling pip-9.0.1:\n      Successfully uninstalled pip-9.0.1\nSuccessfully installed pip-20.3.4\nRemoving intermediate container 3498addf1a5c\n ---> 242c0f78345b\nStep 9/9 : RUN pip3 --timeout=60 install --no-cache-dir -r requirements.txt -i https://pypi.tuna.tsinghua.edu.cn/simple/\n ---> Running in d73901270373\n\u001b[91mDEPRECATION: Python 3.5 reached the end of its life on September 13th, 2020. Please upgrade your Python as Python 3.5 is no longer maintained. pip 21.0 will drop support for Python 3.5 in January 2021. pip 21.0 will remove support for this functionality.\n\u001b[0mLooking in indexes: https://pypi.tuna.tsinghua.edu.cn/simple/\nCollecting amqp==2.4.2\n  Downloading https://pypi.tuna.tsinghua.edu.cn/packages/42/ec/cbbaa8f75be8cbd019afb9d63258e2bdc95242f8c46a54bb90db5fef03bd/amqp-2.4.2-py2.py3-none-any.whl (49 kB)\nCollecting appdirs==1.4.3\n  Downloading https://pypi.tuna.tsinghua.edu.cn/packages/56/eb/810e700ed1349edde4cbdc1b2a21e28cdf115f9faf263f6bbf8447c1abf3/appdirs-1.4.3-py2.py3-none-any.whl (12 kB)\nCollecting beautifulsoup4==4.7.1\n  Downloading https://pypi.tuna.tsinghua.edu.cn/packages/1d/5d/3260694a59df0ec52f8b4883f5d23b130bc237602a1411fa670eae12351e/beautifulsoup4-4.7.1-py3-none-any.whl (94 kB)\nCollecting billiard==3.5.0.5\n  Downloading https://pypi.tuna.tsinghua.edu.cn/packages/8b/b7/c2fe04f2522bb02d044347734eeda3ff5c7a632fa7d0401530a371ba73db/billiard-3.5.0.5.tar.gz (150 kB)\nCollecting bs4==0.0.1\n  Downloading https://pypi.tuna.tsinghua.edu.cn/packages/10/ed/7e8b97591f6f456174139ec089c769f89a94a1a4025fe967691de971f314/bs4-0.0.1.tar.gz (1.1 kB)\nCollecting celery==4.2.1\n  Downloading https://pypi.tuna.tsinghua.edu.cn/packages/e8/58/2a0b1067ab2c12131b5c089dfc579467c76402475c5231095e36a43b749c/celery-4.2.1-py2.py3-none-any.whl (401 kB)\nCollecting certifi==2019.3.9\n  Downloading https://pypi.tuna.tsinghua.edu.cn/packages/60/75/f692a584e85b7eaba0e03827b3d51f45f571c2e793dd731e598828d380aa/certifi-2019.3.9-py2.py3-none-any.whl (158 kB)\nCollecting chardet==3.0.4\n  Downloading https://pypi.tuna.tsinghua.edu.cn/packages/bc/a9/01ffebfb562e4274b6487b4bb1ddec7ca55ec7510b22e4c51f14098443b8/chardet-3.0.4-py2.py3-none-any.whl (133 kB)\nCollecting Click==7.0\n  Downloading https://pypi.tuna.tsinghua.edu.cn/packages/fa/37/45185cb5abbc30d7257104c434fe0b07e5a195a6847506c074527aa599ec/Click-7.0-py2.py3-none-any.whl (81 kB)\nCollecting cssselect==1.0.3\n  Downloading https://pypi.tuna.tsinghua.edu.cn/packages/7b/44/25b7283e50585f0b4156960691d951b05d061abf4a714078393e51929b30/cssselect-1.0.3-py2.py3-none-any.whl (16 kB)\nCollecting fake-useragent==0.1.11\n  Downloading https://pypi.tuna.tsinghua.edu.cn/packages/d1/79/af647635d6968e2deb57a208d309f6069d31cb138066d7e821e575112a80/fake-useragent-0.1.11.tar.gz (13 kB)\nCollecting Flask==1.0.2\n  Downloading https://pypi.tuna.tsinghua.edu.cn/packages/7f/e7/08578774ed4536d3242b14dacb4696386634607af824ea997202cd0edb4b/Flask-1.0.2-py2.py3-none-any.whl (91 kB)\nCollecting gevent==1.4.0\n  Downloading https://pypi.tuna.tsinghua.edu.cn/packages/ed/27/6c49b70808f569b66ec7fac2e78f076e9b204db9cf5768740cff3d5a07ae/gevent-1.4.0.tar.gz (5.2 MB)\nCollecting greenlet==0.4.15\n  Downloading https://pypi.tuna.tsinghua.edu.cn/packages/f8/e8/b30ae23b45f69aa3f024b46064c0ac8e5fcb4f22ace0dca8d6f9c8bbe5e7/greenlet-0.4.15.tar.gz (59 kB)\nCollecting idna==2.8\n  Downloading https://pypi.tuna.tsinghua.edu.cn/packages/14/2c/cd551d81dbe15200be1cf41cd03869a46fe7226e7450af7a6545bfc474c9/idna-2.8-py2.py3-none-any.whl (58 kB)\nCollecting itsdangerous==1.1.0\n  Downloading https://pypi.tuna.tsinghua.edu.cn/packages/76/ae/44b03b253d6fade317f32c24d100b3b35c2239807046a4c953c7b89fa49e/itsdangerous-1.1.0-py2.py3-none-any.whl (16 kB)\nCollecting Jinja2==2.10\n  Downloading https://pypi.tuna.tsinghua.edu.cn/packages/7f/ff/ae64bacdfc95f27a016a7bed8e8686763ba4d277a78ca76f32659220a731/Jinja2-2.10-py2.py3-none-any.whl (126 kB)\nCollecting kombu==4.4.0\n  Downloading https://pypi.tuna.tsinghua.edu.cn/packages/ec/a1/0e9eda0a43481610515a641a5b58afce4f9e96506beae02299b6b679ab0c/kombu-4.4.0-py2.py3-none-any.whl (185 kB)\nCollecting lxml==4.3.2\n  Downloading https://pypi.tuna.tsinghua.edu.cn/packages/65/6f/d070609b415f4a24bf36b7deb94bfd791e8d023c0dbf4233659af53fe0ab/lxml-4.3.2.tar.gz (4.4 MB)\nCollecting MarkupSafe==1.1.1\n  Downloading https://pypi.tuna.tsinghua.edu.cn/packages/b9/2e/64db92e53b86efccfaea71321f597fa2e1b2bd3853d8ce658568f7a13094/MarkupSafe-1.1.1.tar.gz (19 kB)\nCollecting meld3==1.0.2\n  Downloading https://pypi.tuna.tsinghua.edu.cn/packages/b6/ae/e6d731e4b9661642c1b20591d8054855bb5b8281cbfa18f561c2edd783f7/meld3-1.0.2-py2.py3-none-any.whl (24 kB)\nCollecting parse==1.11.1\n  Downloading https://pypi.tuna.tsinghua.edu.cn/packages/60/1c/065a39ceaf2f2e1ed74130bda8c87b71e01a2315d78ab612af86c0914abb/parse-1.11.1.tar.gz (37 kB)\nCollecting pyee==5.0.0\n  Downloading https://pypi.tuna.tsinghua.edu.cn/packages/8e/06/10c18578e2d8b9cf9902f424f86d433c647ca55e82293100f53e6c0afab4/pyee-5.0.0-py2.py3-none-any.whl (5.3 kB)\nCollecting pymongo==3.7.2\n  Downloading https://pypi.tuna.tsinghua.edu.cn/packages/0f/3a/b90cfa7e27fa92244925826538fa2cf80fed3cbd20a413fd0c1b9705d820/pymongo-3.7.2.tar.gz (628 kB)\nCollecting pyppeteer==0.0.25\n  Downloading https://pypi.tuna.tsinghua.edu.cn/packages/b0/16/a5e8d617994cac605f972523bb25f12e3ff9c30baee29b4a9c50467229d9/pyppeteer-0.0.25.tar.gz (1.2 MB)\n\u001b[91m    ERROR: Command errored out with exit status 1:\n     command: /usr/local/bin/python -c 'import sys, setuptools, tokenize; sys.argv[0] = '\"'\"'/tmp/pip-install-nzokmojw/pyppeteer_299508fb46a04658b92429eb94327691/setup.py'\"'\"'; __file__='\"'\"'/tmp/pip-install-nzokmojw/pyppeteer_299508fb46a04658b92429eb94327691/setup.py'\"'\"';f=getattr(tokenize, '\"'\"'open'\"'\"', open)(__file__);code=f.read().replace('\"'\"'\\r\\n'\"'\"', '\"'\"'\\n'\"'\"');f.close();exec(compile(code, __file__, '\"'\"'exec'\"'\"'))' egg_info --egg-base /tmp/pip-pip-egg-info-jwf49cqa\n         cwd: /tmp/pip-install-nzokmojw/pyppeteer_299508fb46a04658b92429eb94327691/\n    Complete output (104 lines):\n    DEPRECATION: Python 3.5 reached the end of its life on September 13th, 2020. Please upgrade your Python as Python 3.5 is no longer maintained. pip 21.0 will drop support for Python 3.5 in January 2021. pip 21.0 will remove support for this functionality.\n    Collecting py-backwards\n      Downloading py_backwards-0.7-py2.py3-none-any.whl (26 kB)\n    Collecting typed-ast\n      Downloading typed_ast-1.4.3.tar.gz (210 kB)\n    Collecting colorama\n      Downloading colorama-0.4.5-py2.py3-none-any.whl (16 kB)\n    Collecting autopep8\n      Downloading autopep8-2.0.0-py2.py3-none-any.whl (45 kB)\n    Collecting py-backwards-astunparse\n      Downloading py-backwards-astunparse-1.5.0.post3.tar.gz (11 kB)\n    Collecting autopep8\n      Downloading autopep8-1.7.0-py2.py3-none-any.whl (45 kB)\n      Downloading autopep8-1.6.0-py2.py3-none-any.whl (45 kB)\n    Collecting toml\n      Downloading toml-0.10.2-py2.py3-none-any.whl (16 kB)\n    Collecting pycodestyle>=2.8.0\n      Downloading pycodestyle-2.8.0-py2.py3-none-any.whl (42 kB)\n    Requirement already satisfied: wheel<1.0,>=0.23.0 in /usr/local/lib/python3.5/site-packages (from py-backwards-astunparse->py-backwards) (0.30.0)\n    Collecting six<2.0,>=1.6.1\n      Downloading six-1.16.0-py2.py3-none-any.whl (11 kB)\n    Building wheels for collected packages: typed-ast, py-backwards-astunparse\n      Building wheel for typed-ast (setup.py): started\n      Building wheel for typed-ast (setup.py): finished with status 'error'\n      ERROR: Command errored out with exit status 1:\n       command: /usr/local/bin/python -u -c 'import sys, setuptools, tokenize; sys.argv[0] = '\"'\"'/tmp/pip-install-4ftzx4ic/typed-ast_2644a5e50092488183c2a190b1e10183/setup.py'\"'\"'; __file__='\"'\"'/tmp/pip-install-4ftzx4ic/typed-ast_2644a5e50092488183c2a190b1e10183/setup.py'\"'\"';f=getattr(tokenize, '\"'\"'open'\"'\"', open)(__file__);code=f.read().replace('\"'\"'\\r\\n'\"'\"', '\"'\"'\\n'\"'\"');f.close();exec(compile(code, __file__, '\"'\"'exec'\"'\"'))' bdist_wheel -d /tmp/pip-wheel-z7hhe30j\n           cwd: /tmp/pip-install-4ftzx4ic/typed-ast_2644a5e50092488183c2a190b1e10183/\n      Complete output (23 lines):\n      running bdist_wheel\n      running build\n      running build_py\n      creating build\n      creating build/lib.linux-x86_64-3.5\n      creating build/lib.linux-x86_64-3.5/typed_ast\n      copying typed_ast/conversions.py -> build/lib.linux-x86_64-3.5/typed_ast\n      copying typed_ast/__init__.py -> build/lib.linux-x86_64-3.5/typed_ast\n      copying typed_ast/ast3.py -> build/lib.linux-x86_64-3.5/typed_ast\n      copying typed_ast/ast27.py -> build/lib.linux-x86_64-3.5/typed_ast\n      package init file 'ast3/tests/__init__.py' not found (or not a regular file)\n      creating build/lib.linux-x86_64-3.5/typed_ast/tests\n      copying ast3/tests/test_basics.py -> build/lib.linux-x86_64-3.5/typed_ast/tests\n      running build_ext\n      building '_ast27' extension\n      creating build/temp.linux-x86_64-3.5\n      creating build/temp.linux-x86_64-3.5/ast27\n      creating build/temp.linux-x86_64-3.5/ast27/Parser\n      creating build/temp.linux-x86_64-3.5/ast27/Python\n      creating build/temp.linux-x86_64-3.5/ast27/Custom\n      gcc -Wno-unused-result -Wsign-compare -DNDEBUG -g -fwrapv -O3 -Wall -Wstrict-prototypes -fPIC -Iast27/Include -I/usr/local/include/python3.5m -c ast27/Parser/acceler.c -o build/temp.linux-x86_64-3.5/ast27/Parser/acceler.o\n      unable to execute 'gcc': No such file or directory\n      error: command 'gcc' failed with exit status 1\n      ----------------------------------------\n      ERROR: Failed building wheel for typed-ast\n      Running setup.py clean for typed-ast\n      Building wheel for py-backwards-astunparse (setup.py): started\n      Building wheel for py-backwards-astunparse (setup.py): finished with status 'done'\n      Created wheel for py-backwards-astunparse: filename=py_backwards_astunparse-1.5.0.post3-py2.py3-none-any.whl size=10699 sha256=7b36f86209f87afd01ac4cdc9c27b941a16b173a827a52ba0d225a3d270860e2\n      Stored in directory: /root/.cache/pip/wheels/9b/75/8c/c34dc3a8694064bc78195a59904f9e000b3b4623fe8e95f101\n    Successfully built py-backwards-astunparse\n    Failed to build typed-ast\n    Installing collected packages: typed-ast, toml, six, pycodestyle, py-backwards-astunparse, colorama, autopep8, py-backwards\n        Running setup.py install for typed-ast: started\n        Running setup.py install for typed-ast: finished with status 'error'\n        ERROR: Command errored out with exit status 1:\n         command: /usr/local/bin/python -u -c 'import sys, setuptools, tokenize; sys.argv[0] = '\"'\"'/tmp/pip-install-4ftzx4ic/typed-ast_2644a5e50092488183c2a190b1e10183/setup.py'\"'\"'; __file__='\"'\"'/tmp/pip-install-4ftzx4ic/typed-ast_2644a5e50092488183c2a190b1e10183/setup.py'\"'\"';f=getattr(tokenize, '\"'\"'open'\"'\"', open)(__file__);code=f.read().replace('\"'\"'\\r\\n'\"'\"', '\"'\"'\\n'\"'\"');f.close();exec(compile(code, __file__, '\"'\"'exec'\"'\"'))' install --record /tmp/pip-record-lr0pewew/install-record.txt --single-version-externally-managed --compile --install-headers /usr/local/include/python3.5m/typed-ast\n             cwd: /tmp/pip-install-4ftzx4ic/typed-ast_2644a5e50092488183c2a190b1e10183/\n        Complete output (23 lines):\n        running install\n        running build\n        running build_py\n        creating build\n        creating build/lib.linux-x86_64-3.5\n        creating build/lib.linux-x86_64-3.5/typed_ast\n        copying typed_ast/conversions.py -> build/lib.linux-x86_64-3.5/typed_ast\n        copying typed_ast/__init__.py -> build/lib.linux-x86_64-3.5/typed_ast\n        copying typed_ast/ast3.py -> build/lib.linux-x86_64-3.5/typed_ast\n        copying typed_ast/ast27.py -> build/lib.linux-x86_64-3.5/typed_ast\n        package init file 'ast3/tests/__init__.py' not found (or not a regular file)\n        creating build/lib.linux-x86_64-3.5/typed_ast/tests\n        copying ast3/tests/test_basics.py -> build/lib.linux-x86_64-3.5/typed_ast/tests\n        running build_ext\n        building '_ast27' extension\n        creating build/temp.linux-x86_64-3.5\n        creating build/temp.linux-x86_64-3.5/ast27\n        creating build/temp.linux-x86_64-3.5/ast27/Parser\n        creating build/temp.linux-x86_64-3.5/ast27/Python\n        creating build/temp.linux-x86_64-3.5/ast27/Custom\n        gcc -Wno-unused-result -Wsign-compare -DNDEBUG -g -fwrapv -O3 -Wall -Wstrict-prototypes -fPIC -Iast27/Include -I/usr/local/include/python3.5m -c ast27/Parser/acceler.c -o build/temp.linux-x86_64-3.5/ast27/Parser/acceler.o\n        unable to execute 'gcc': No such file or directory\n        error: command 'gcc' failed with exit status 1\n        ----------------------------------------\n    ERROR: Command errored out with exit status 1: /usr/local/bin/python -u -c 'import sys, setuptools, tokenize; sys.argv[0] = '\"'\"'/tmp/pip-install-4ftzx4ic/typed-ast_2644a5e50092488183c2a190b1e10183/setup.py'\"'\"'; __file__='\"'\"'/tmp/pip-install-4ftzx4ic/typed-ast_2644a5e50092488183c2a190b1e10183/setup.py'\"'\"';f=getattr(tokenize, '\"'\"'open'\"'\"', open)(__file__);code=f.read().replace('\"'\"'\\r\\n'\"'\"', '\"'\"'\\n'\"'\"');f.close();exec(compile(code, __file__, '\"'\"'exec'\"'\"'))' install --record /tmp/pip-record-lr0pewew/install-record.txt --single-version-externally-managed --compile --install-headers /usr/local/include/python3.5m/typed-ast Check the logs for full command output.\n    Traceback (most recent call last):\n      File \"/tmp/pip-install-nzokmojw/pyppeteer_299508fb46a04658b92429eb94327691/setup.py\", line 19, in <module>\n        from py_backwards.compiler import compile_files\n    ImportError: No module named 'py_backwards'\n    \n    During handling of the above exception, another exception occurred:\n    \n    Traceback (most recent call last):\n      File \"<string>\", line 1, in <module>\n      File \"/tmp/pip-install-nzokmojw/pyppeteer_299508fb46a04658b92429eb94327691/setup.py\", line 25, in <module>\n        from py_backwards.compiler import compile_files\n    ImportError: No module named 'py_backwards'\n    ----------------------------------------\n\u001b[0m\u001b[91mWARNING: Discarding https://pypi.tuna.tsinghua.edu.cn/packages/b0/16/a5e8d617994cac605f972523bb25f12e3ff9c30baee29b4a9c50467229d9/pyppeteer-0.0.25.tar.gz#sha256=51fe769b722a1718043b74d12c20420f29e0dd9eeea2b66652b7f93a9ad465dd (from https://pypi.tuna.tsinghua.edu.cn/simple/pyppeteer/). Command errored out with exit status 1: python setup.py egg_info Check the logs for full command output.\n\u001b[0m\u001b[91mERROR: Could not find a version that satisfies the requirement pyppeteer==0.0.25\n\u001b[0m\u001b[91mERROR: No matching distribution found for pyppeteer==0.0.25\n\u001b[0mRemoving intermediate container d73901270373\n","stderr":"The command '/bin/sh -c pip3 --timeout=60 install --no-cache-dir -r requirements.txt -i https://pypi.tuna.tsinghua.edu.cn/simple/' returned a non-zero code: 1\n"}}