{"repository":"https://github.com/marco-c/mercurius","dockerfilePath":"Dockerfile","startTime":1673184632356,"endTime":1673184684536,"clone":{"startTime":1673184632357,"stdout":"","stderr":"Cloning into '/tmp/dinghy-analysis/marco-c/mercurius'...\n","error":null,"endTime":1673184633076,"commit":"24eaea90bacc17278595610c4fc5a8e4afd3c6bc"},"originalBuild":{"startTime":1673184633151,"endTime":1673184684456,"error":{"code":1,"killed":false,"signal":null,"cmd":"docker build --no-cache --force-rm -t mercurius:latest -f /tmp/dinghy-analysis/marco-c/mercurius/Dockerfile ."},"stdout":"Sending build context to Docker daemon  482.8kB\r\r\nStep 1/11 : FROM node:latest\n ---> baeb96d69092\nStep 2/11 : RUN apt-get update && apt-get install -y redis-server\n ---> Running in 1a0204c6dd8a\nGet:1 http://deb.debian.org/debian bullseye InRelease [116 kB]\nGet:2 http://deb.debian.org/debian-security bullseye-security InRelease [48.4 kB]\nGet:3 http://deb.debian.org/debian bullseye-updates InRelease [44.1 kB]\nGet:4 http://deb.debian.org/debian bullseye/main amd64 Packages [8183 kB]\nGet:5 http://deb.debian.org/debian-security bullseye-security/main amd64 Packages [210 kB]\nGet:6 http://deb.debian.org/debian bullseye-updates/main amd64 Packages [14.6 kB]\nFetched 8616 kB in 2s (4595 kB/s)\nReading package lists...\nReading package lists...\nBuilding dependency tree...\nReading state information...\nThe following additional packages will be installed:\n  libjemalloc2 liblua5.1-0 liblzf1 lua-bitop lua-cjson redis-tools\nSuggested packages:\n  ruby-redis\nThe following NEW packages will be installed:\n  libjemalloc2 liblua5.1-0 liblzf1 lua-bitop lua-cjson redis-server\n  redis-tools\n0 upgraded, 7 newly installed, 0 to remove and 1 not upgraded.\nNeed to get 1231 kB of archives.\nAfter this operation, 5332 kB of additional disk space will be used.\nGet:1 http://deb.debian.org/debian bullseye/main amd64 libjemalloc2 amd64 5.2.1-3 [248 kB]\nGet:2 http://deb.debian.org/debian bullseye/main amd64 liblua5.1-0 amd64 5.1.5-8.1+b3 [109 kB]\nGet:3 http://deb.debian.org/debian bullseye/main amd64 liblzf1 amd64 3.6-3 [10.2 kB]\nGet:4 http://deb.debian.org/debian bullseye/main amd64 lua-bitop amd64 1.0.2-5 [6936 B]\nGet:5 http://deb.debian.org/debian bullseye/main amd64 lua-cjson amd64 2.1.0+dfsg-2.1 [17.5 kB]\nGet:6 http://deb.debian.org/debian bullseye/main amd64 redis-tools amd64 5:6.0.16-1+deb11u2 [741 kB]\nGet:7 http://deb.debian.org/debian bullseye/main amd64 redis-server amd64 5:6.0.16-1+deb11u2 [98.2 kB]\n\u001b[91mdebconf: delaying package configuration, since apt-utils is not installed\n\u001b[0mFetched 1231 kB in 0s (30.4 MB/s)\nSelecting previously unselected package libjemalloc2:amd64.\r\n(Reading database ... \r(Reading database ... 5%\r(Reading database ... 10%\r(Reading database ... 15%\r(Reading database ... 20%\r(Reading database ... 25%\r(Reading database ... 30%\r(Reading database ... 35%\r(Reading database ... 40%\r(Reading database ... 45%\r(Reading database ... 50%\r(Reading database ... 55%\r(Reading database ... 60%\r(Reading database ... 65%\r(Reading database ... 70%\r(Reading database ... 75%\r(Reading database ... 80%\r(Reading database ... 85%\r(Reading database ... 90%\r(Reading database ... 95%\r(Reading database ... 100%\r(Reading database ... 22790 files and directories currently installed.)\r\nPreparing to unpack .../0-libjemalloc2_5.2.1-3_amd64.deb ...\r\nUnpacking libjemalloc2:amd64 (5.2.1-3) ...\r\nSelecting previously unselected package liblua5.1-0:amd64.\r\nPreparing to unpack .../1-liblua5.1-0_5.1.5-8.1+b3_amd64.deb ...\r\nUnpacking liblua5.1-0:amd64 (5.1.5-8.1+b3) ...\r\nSelecting previously unselected package liblzf1:amd64.\r\nPreparing to unpack .../2-liblzf1_3.6-3_amd64.deb ...\r\nUnpacking liblzf1:amd64 (3.6-3) ...\r\nSelecting previously unselected package lua-bitop:amd64.\r\nPreparing to unpack .../3-lua-bitop_1.0.2-5_amd64.deb ...\r\nUnpacking lua-bitop:amd64 (1.0.2-5) ...\r\nSelecting previously unselected package lua-cjson:amd64.\r\nPreparing to unpack .../4-lua-cjson_2.1.0+dfsg-2.1_amd64.deb ...\r\nUnpacking lua-cjson:amd64 (2.1.0+dfsg-2.1) ...\r\nSelecting previously unselected package redis-tools.\r\nPreparing to unpack .../5-redis-tools_5%3a6.0.16-1+deb11u2_amd64.deb ...\r\nUnpacking redis-tools (5:6.0.16-1+deb11u2) ...\r\nSelecting previously unselected package redis-server.\r\nPreparing to unpack .../6-redis-server_5%3a6.0.16-1+deb11u2_amd64.deb ...\r\nUnpacking redis-server (5:6.0.16-1+deb11u2) ...\r\nSetting up libjemalloc2:amd64 (5.2.1-3) ...\r\nSetting up lua-cjson:amd64 (2.1.0+dfsg-2.1) ...\r\nSetting up liblzf1:amd64 (3.6-3) ...\r\nSetting up lua-bitop:amd64 (1.0.2-5) ...\r\nSetting up liblua5.1-0:amd64 (5.1.5-8.1+b3) ...\r\nSetting up redis-tools (5:6.0.16-1+deb11u2) ...\r\nSetting up redis-server (5:6.0.16-1+deb11u2) ...\r\ninvoke-rc.d: could not determine current runlevel\r\ninvoke-rc.d: policy-rc.d denied execution of start.\r\nProcessing triggers for libc-bin (2.31-13+deb11u5) ...\r\nRemoving intermediate container 1a0204c6dd8a\n ---> 6f8738395cc1\nStep 3/11 : RUN mkdir /src\n ---> Running in 4a5a1a51768e\nRemoving intermediate container 4a5a1a51768e\n ---> be73739b2c55\nStep 4/11 : WORKDIR /src\n ---> Running in c87e4ef202b5\nRemoving intermediate container c87e4ef202b5\n ---> a1aca09f6c37\nStep 5/11 : COPY package.json /src\n ---> fdfd303a6ff6\nStep 6/11 : RUN npm install\n ---> Running in 9d52e2b1103b\n\u001b[91mnpm WARN deprecated natives@1.1.6: This module relies on Node.js's internals and will break at some point. Do not use it, and update to graceful-fs@4.x.\n\u001b[0m\u001b[91mnpm WARN deprecated source-map-url@0.4.1: See https://github.com/lydell/source-map-url#deprecated\n\u001b[0m\u001b[91mnpm\u001b[0m\u001b[91m WARN deprecated urix@0.1.0: Please see https://github.com/lydell/urix#deprecated\n\u001b[0m\u001b[91mnpm WARN deprecated resolve-url@0.2.1: https://github.com/lydell/resolve-url#deprecated\n\u001b[0m\u001b[91mnpm WARN deprecated source-map-resolve@0.5.3: See https://github.com/lydell/source-map-resolve#deprecated\n\u001b[0m\u001b[91mnpm WARN deprecated formidable@1.0.17: Please upgrade to latest, formidable@v2 or formidable@v3! Check these notes: https://bit.ly/2ZEqIau\n\u001b[0m\u001b[91mnpm WARN deprecated har-validator@5.1.5: this library is no longer supported\n\u001b[0m\u001b[91mnpm WARN deprecated uuid@3.4.0: Please upgrade  to version 7 or higher.  Older versions may use Math.random() in certain circumstances, which is known to be problematic.  See https://v8.dev/blog/math-random for details.\n\u001b[0m\u001b[91mnpm WARN deprecated request@2.88.2: request has been deprecated, see https://github.com/request/request/issues/3142\n\u001b[0m\u001b[91mnpm WARN deprecated wrench@1.5.8: wrench.js is deprecated! You should check out fs-extra (https://github.com/jprichardson/node-fs-extra) for any operations you were using wrench for. Thanks for all the usage over the years.\n\u001b[0m\u001b[91mnpm WARN deprecated superagent@1.8.5: Please upgrade to v7.0.2+ of superagent.  We have fixed numerous issues with streams, form-data, attach(), filesystem errors not bubbling up (ENOENT on attach()), and all tests are now passing.  See the releases tab for more information at <https://github.com/visionmedia/superagent/releases>.\n\u001b[0m\u001b[91mnpm WARN deprecated to-iso-string@0.0.2: to-iso-string has been deprecated, use @segment/to-iso-string instead.\n\u001b[0m\u001b[91mnpm WARN deprecated gulp-util@3.0.8: gulp-util is deprecated - replace it, following the guidelines at https://medium.com/gulpjs/gulp-util-ca3b1f9f9ac5\n\u001b[0m\u001b[91mnpm WARN deprecated graceful-fs@1.2.3: please upgrade to graceful-fs 4 for compatibility with current and future versions of Node.js\n\u001b[0m\u001b[91mnpm WARN deprecated minimatch@2.0.10: Please update to minimatch 3.0.2 or higher to avoid a RegExp DoS issue\n\u001b[0m\u001b[91mnpm WARN deprecated jade@0.26.3: Jade has been renamed to pug, please install the latest version of pug instead of jade\n\u001b[0m\u001b[91mnpm WARN deprecated minimatch@0.2.14: Please update to minimatch 3.0.2 or higher to avoid a RegExp DoS issue\n\u001b[0m\u001b[91mnpm WARN deprecated mkdirp@0.3.0: Legacy versions of mkdirp are no longer supported. Please update to mkdirp 1.x. (Note that the API surface has changed to use Promises in 1.x.)\n\u001b[0m\u001b[91mnpm WARN deprecated minimatch@0.3.0: Please update to minimatch 3.0.2 or higher to avoid a RegExp DoS issue\n\u001b[0m\u001b[91mnpm WARN deprecated mkdirp@0.5.1: Legacy versions of mkdirp are no longer supported. Please update to mkdirp 1.x. (Note that the API surface has changed to use Promises in 1.x.)\n\u001b[0m\u001b[91mnpm WARN deprecated oghliner@1.1.1: no longer maintained, broken dependencies on modern Node\n\u001b[0m\u001b[91mnpm WARN deprecated istanbul@0.4.5: This module is no longer maintained, try this instead:\nnpm WARN deprecated   npm i nyc\nnpm WARN deprecated Visit https://istanbul.js.org/integrations for other alternatives.\n\u001b[0m\u001b[91mnpm WARN deprecated github@2.6.0: 'github' has been renamed to '@octokit/rest' (https://git.io/vNB11)\n\u001b[0m\u001b[91mnpm WARN deprecated github@0.1.16: 'github' has been renamed to '@octokit/rest' (https://git.io/vNB11)\n\u001b[0m\u001b[91mnpm ERR! code 1\nnpm ERR! path /src/node_modules/ursa\n\u001b[0m\u001b[91mnpm ERR! command failed\nnpm ERR! command sh -c node-gyp rebuild\nnpm \u001b[0m\u001b[91mERR! make: Entering directory '/src/node_modules/ursa/build'\nnpm ERR!   CXX(target) Release/obj.target/ursaNative/src/ursaNative.o\nnpm ERR! make: Leaving directory '/src/node_modules/ursa/build'\n\u001b[0m\u001b[91mnpm ERR! gyp info it worked if it ends with ok\nnpm ERR! gyp info using node-gyp@9.3.0\nnpm ERR! gyp info using node@19.4.0 | linux | x64\nnpm ERR! gyp info find Python using Python version 3.9.2 found at \"/usr/bin/python3\"\nnpm ERR! gyp http GET https://nodejs.org/download/release/v19.4.0/node-v19.4.0-headers.tar.gz\nnpm ERR!\u001b[0m\u001b[91m gyp http 200 https://nodejs.org/download/release/v19.4.0/node-v19.4.0-headers.tar.gz\nnpm ERR! gyp http GET https://nodejs.org/download/release/v19.4.0/SHASUMS256.txt\nnpm ERR!\u001b[0m\u001b[91m gyp http 200 https://nodejs.org/download/release/v19.4.0/SHASUMS256.txt\nnpm ERR! gyp info spawn /usr/bin/python3\nnpm ERR! gyp info spawn args [\nnpm ERR! gyp info spawn args   '/usr/local/lib/node_modules/npm/node_modules/node-gyp/gyp/gyp_main.py',\nnpm ERR! gyp info spawn args   'binding.gyp',\nnpm ERR!\u001b[0m\u001b[91m gyp info spawn args   '-f',\nnpm ERR! gyp info spawn args   'make',\nnpm ERR! gyp info spawn args   '-I',\nnpm ERR! gyp info spawn args   '/src/node_modules/ursa/build/config.gypi',\nnpm ERR! gyp info spawn args   '-I',\nnpm ERR!\u001b[0m\u001b[91m gyp info spawn args   '/usr/local/lib/node_modules/npm/node_modules/node-gyp/addon.gypi',\nnpm ERR!\u001b[0m\u001b[91m gyp info spawn args   '-I',\nnpm ERR! gyp info spawn args   '/root/.cache/node-gyp/19.4.0/include/node/common.gypi',\nnpm ERR! gyp info spawn args   '-Dlibrary=shared_library',\nnpm ERR!\u001b[0m\u001b[91m gyp info spawn args   '-Dvisibility=default',\nnpm ERR! gyp info spawn args   '-Dnode_root_dir=/root/.cache/node-gyp/19.4.0',\nnpm ERR!\u001b[0m\u001b[91m gyp info spawn args   '-Dnode_gyp_dir=/usr/local/lib/node_modules/npm/node_modules/node-gyp',\nnpm\u001b[0m\u001b[91m ERR! gyp info spawn args   '-Dnode_lib_file=/root/.cache/node-gyp/19.4.0/<(target_arch)/node.lib',\n\u001b[0m\u001b[91mnpm ERR! gyp info spawn args   '-Dmodule_root_dir=/src/node_modules/ursa',\nnpm ERR!\u001b[0m\u001b[91m gyp info spawn args   '-Dnode_engine=v8',\nnpm ERR! gyp info spawn args   '--depth=.',\nnpm \u001b[0m\u001b[91mERR! gyp info spawn args   '--no-parallel',\nnpm \u001b[0m\u001b[91mERR! gyp info spawn args   '--generator-output',\nnpm ERR! gyp info spawn args   'build',\n\u001b[0m\u001b[91mnpm ERR! gyp info spawn args   '-Goutput_dir=.'\nnpm ERR!\u001b[0m\u001b[91m gyp info spawn args ]\nnpm ERR! gyp info spawn make\nnpm \u001b[0m\u001b[91mERR! gyp info spawn args [ 'BUILDTYPE=Release', '-C', 'build' ]\nnpm \u001b[0m\u001b[91mERR! In file included from ../src/ursaNative.h:9,\nnpm ERR!                  from ../src/ursaNative.cc:3:\nnpm\u001b[0m\u001b[91m ERR! /root/.cache/node-gyp/19.4.0/include/node/node.h:993:7: warning: cast between incompatible function types from 'void (*)(v8::Local<v8::Object>)' to 'node::addon_register_func' {aka 'void (*)(v8::Local<v8::Object>, v8::Local<v8::Value>, void*)'} [-Wcast-function-type]\nnpm ERR!\u001b[0m\u001b[91m   993 |       (node::addon_register_func) (regfunc),                          \\\nnpm ERR!       |       ^~~~~~~~~~~~~~~~~~~~~~~~~~~~~~~~~~~~~\nnpm \u001b[0m\u001b[91mERR! /root/.cache/node-gyp/19.4.0/include/node/node.h:1027:3: note: in expansion of macro 'NODE_MODULE_X'\nnpm\u001b[0m\u001b[91m ERR!  1027 |   NODE_MODULE_X(modname, regfunc, NULL, 0)  // NOLINT (readability/null_usage)\nnpm ERR!       |   ^~~~~~~~~~~~~\nnpm\u001b[0m\u001b[91m ERR! ../src/ursaNative.cc:70:1: note: in expansion of macro 'NODE_MODULE'\nnpm ERR!\u001b[0m\u001b[91m    70 | NODE_MODULE(ursaNative, init)\nnpm \u001b[0m\u001b[91mERR!       | ^~~~~~~~~~~\nnpm ERR! ../src/ursaNative.cc: In function 'char* copyBufferToUtf8String(v8::Local<v8::String>)':\nnpm \u001b[0m\u001b[91mERR! ../src/ursaNative.cc:208:34: error: no matching function for call to 'v8::String::Utf8Length()'\nnpm\u001b[0m\u001b[91m ERR!   208 |     int length = str->Utf8Length();\nnpm ERR!       |                                  ^\n\u001b[0m\u001b[91mnpm ERR! In file included from /root/.cache/node-gyp/19.4.0/include/node/v8-object.h:11,\nnpm ERR!\u001b[0m\u001b[91m                  from /root/.cache/node-gyp/19.4.0/include/node/v8-array-buffer.h:13,\nnpm \u001b[0m\u001b[91mERR!                  from /root/.cache/node-gyp/19.4.0/include/node/v8.h:24,\nnpm ERR!                  from /root/.cache/node-gyp/19.4.0/include/node/node.h:73,\nnpm \u001b[0m\u001b[91mERR!\u001b[0m\u001b[91m                  from ../src/ursaNative.h:9,\nnpm ERR!\u001b[0m\u001b[91m                  from ../src/ursaNative.cc:3:\nnpm ERR! /root/.cache/node-gyp/19.4.0/include/node/v8-primitive.h:143:7: note: candidate: 'int v8::String::Utf8Length(v8::Isolate*) const'\n\u001b[0m\u001b[91mnpm ERR!   143 |   int Utf8Length(Isolate* isolate) const;\n\u001b[0m\u001b[91mnpm ERR!       |       ^~~~~~~~~~\nnpm ERR! /root/.cache/node-gyp/19.4.0/include/node/v8-primitive.h:143:7: note:   candidate expects 1 argument, 0 provided\n\u001b[0m\u001b[91mnpm ERR! ../src/ursaNative.cc:217:20: error: cannot convert 'char*' to 'v8::Isolate*'\nnpm ERR!\u001b[0m\u001b[91m   217 |     str->WriteUtf8(result, length + 1);\nnpm ERR!\u001b[0m\u001b[91m       |                    ^~~~~~\nnpm ERR!       |                    |\nnpm \u001b[0m\u001b[91mERR!       |                    char*\nnpm \u001b[0m\u001b[91mERR! In file included from /root/.cache/node-gyp/19.4.0/include/node/v8-object.h:11,\nnpm ERR!                  from /root/.cache/node-gyp/19.4.0/include/node/v8-array-buffer.h:13,\nnpm\u001b[0m\u001b[91m ERR!                  from /root/.cache/node-gyp/19.4.0/include/node/v8.h:24,\nnpm\u001b[0m\u001b[91m ERR!                  from /root/.cache/node-gyp/19.4.0/include/node/node.h:73,\nnpm ERR!\u001b[0m\u001b[91m                  from ../src/ursaNative.h:9,\nnpm ERR!                  from ../src/ursaNative.cc:3:\nnpm \u001b[0m\u001b[91mERR! /root/.cache/node-gyp/19.4.0/include/node/v8-primitive.h:203:26: note:   initializing argument 1 of 'int v8::String::WriteUtf8(v8::Isolate*, char*, int, int*, int) const'\nnpm\u001b[0m\u001b[91m ERR!   203 |   int WriteUtf8(Isolate* isolate, char* buffer, int length = -1,\nnpm ERR!       |                 ~~~~~~~~~^~~~~~~\nnpm\u001b[0m\u001b[91m ERR! ../src/ursaNative.cc: In function 'RSA* generateKey(int, long unsigned int)':\nnpm ERR! ../src/ursaNative.cc:248:27: warning: 'RSA* RSA_new()' is deprecated: Since OpenSSL 3.0 [-Wdeprecated-declarations]\n\u001b[0m\u001b[91mnpm ERR!\u001b[0m\u001b[91m   248 |     RSA *result = RSA_new();\nnpm ERR!       |                           ^\nnpm ERR!\u001b[0m\u001b[91m In file included from ../src/ursaNative.h:13,\nnpm ERR!\u001b[0m\u001b[91m                  from ../src/ursaNative.cc:3:\nnpm ERR!\u001b[0m\u001b[91m /root/.cache/node-gyp/19.4.0/include/node/openssl/rsa.h:201:28: note: declared here\nnpm ERR!   201 | OSSL_DEPRECATEDIN_3_0 RSA *RSA_new(void);\nnpm ERR!\u001b[0m\u001b[91m       |                            ^~~~~~~\nnpm\u001b[0m\u001b[91m ERR! ../src/ursaNative.cc:255:52: warning: 'int RSA_generate_key_ex(RSA*, int, BIGNUM*, BN_GENCB*)' is deprecated: Since OpenSSL 3.0 [-Wdeprecated-declarations]\nnpm ERR!   255 |     if (RSA_generate_key_ex(result, num, eBig, NULL) < 0) {\nnpm\u001b[0m\u001b[91m ERR!       |                                                    ^\nnpm ERR! In file included from ../src/ursaNative.h:13,\n\u001b[0m\u001b[91mnpm ERR!                  from ../src/ursaNative.cc:3:\n\u001b[0m\u001b[91mnpm ERR! /root/.cache/node-gyp/19.4.0/include/node/openssl/rsa.h:260:27: note: declared here\nnpm ERR!\u001b[0m\u001b[91m   260 | OSSL_DEPRECATEDIN_3_0 int RSA_generate_key_ex(RSA *rsa, int bits, BIGNUM *e,\nnpm ERR!       |                           ^~~~~~~~~~~~~~~~~~~\nnpm \u001b[0m\u001b[91mERR! ../src/ursaNative.cc:256:24: warning: 'void RSA_free(RSA*)' is deprecated: Since OpenSSL 3.0 [-Wdeprecated-declarations]\nnpm \u001b[0m\u001b[91mERR!   256 |         RSA_free(result);\nnpm ERR!       |                        ^\nnpm\u001b[0m\u001b[91m ERR! In file included from ../src/ursaNative.h:13,\nnpm\u001b[0m\u001b[91m ERR!                  from ../src/ursaNative.cc:3:\nnpm ERR!\u001b[0m\u001b[91m /root/.cache/node-gyp/19.4.0/include/node/openssl/rsa.h:293:28: note: declared here\nnpm ERR!\u001b[0m\u001b[91m   293 | OSSL_DEPRECATEDIN_3_0 void RSA_free(RSA *r);\nnpm ERR!       |                            ^~~~~~~~\nnpm ERR!\u001b[0m\u001b[91m ../src/ursaNative.cc: In static member function 'static void RsaWrap::InitClass(v8::Local<v8::Object>)':\nnpm ERR! ../src/ursaNative.cc:342:70: error: no matching function for call to 'v8::FunctionTemplate::GetFunction()'\nnpm \u001b[0m\u001b[91mERR!   342 |     target->Set(NanNew(\"RsaWrap\").ToLocalChecked(), tpl->GetFunction());\nnpm\u001b[0m\u001b[91m ERR!       |                                                                      ^\nnpm ERR!\u001b[0m\u001b[91m In file included from /root/.cache/node-gyp/19.4.0/include/node/v8-function.h:15,\nnpm ERR!\u001b[0m\u001b[91m                  from /root/.cache/node-gyp/19.4.0/include/node/v8.h:33,\nnpm ERR!                  from /root/.cache/node-gyp/19.4.0/include/node/node.h:73,\nnpm ERR!\u001b[0m\u001b[91m                  from ../src/ursaNative.h:9,\nnpm ERR!                  from ../src/ursaNative.cc:3:\nnpm \u001b[0m\u001b[91mERR! /root/.cache/node-gyp/19.4.0/include/node/v8-template.h:495:46: note: candidate: 'v8::MaybeLocal<v8::Function> v8::FunctionTemplate::GetFunction(v8::Local<v8::Context>)'\nnpm\u001b[0m\u001b[91m ERR!   495 |   V8_WARN_UNUSED_RESULT MaybeLocal<Function> GetFunction(\nnpm ERR!\u001b[0m\u001b[91m       |                                              ^~~~~~~~~~~\nnpm ERR! /root/.cache/node-gyp/19.4.0/include/node/v8-template.h:495:46: note:   candidate expects 1 argument, 0 provided\nnpm ERR!\u001b[0m\u001b[91m ../src/ursaNative.cc:343:40: error: no matching function for call to 'v8::FunctionTemplate::GetFunction()'\nnpm ERR!\u001b[0m\u001b[91m   343 |     constructor.Reset(tpl->GetFunction());\nnpm ERR!       |                                        ^\nnpm ERR! In file included from /root/.cache/node-gyp/19.4.0/include/node/v8-function.h:15,\n\u001b[0m\u001b[91mnpm ERR!                  from /root/.cache/node-gyp/19.4.0/include/node/v8.h:33,\nnpm ERR!                  from /root/.cache/node-gyp/19.4.0/include/node/node.h:73,\nnpm ERR!                  from ../src/ursaNative.h:9,\n\u001b[0m\u001b[91mnpm ERR!                  from ../src/ursaNative.cc:3:\nnpm ERR!\u001b[0m\u001b[91m /root/.cache/node-gyp/19.4.0/include/node/v8-template.h:495:46: note: candidate: 'v8::MaybeLocal<v8::Function> v8::FunctionTemplate::GetFunction(v8::Local<v8::Context>)'\nnpm ERR!   495 |   V8_WARN_UNUSED_RESULT MaybeLocal<Function> GetFunction(\nnpm ERR!       |                                              ^~~~~~~~~~~\nnpm ERR!\u001b[0m\u001b[91m /root/.cache/node-gyp/19.4.0/include/node/v8-template.h:495:46: note:   candidate expects 1 argument, 0 provided\nnpm ERR! ../src/ursaNative.cc:345:106: error: no matching function for call to 'v8::FunctionTemplate::GetFunction()'\nnpm ERR!   345 |     target->Set(NanNew(\"textToNid\").ToLocalChecked(), Nan::New<FunctionTemplate>(TextToNid)->GetFunction());\nnpm ERR!       |                                                                                                          ^\nnpm ERR! In file included from /root/.cache/node-gyp/19.4.0/include/node/v8-function.h:15,\nnpm ERR!                  from /root/.cache/node-gyp/19.4.0/include/node/v8.h:33,\nnpm \u001b[0m\u001b[91mERR!                  from /root/.cache/node-gyp/19.4.0/include/node/node.h:73,\nnpm ERR!                  from ../src/ursaNative.h:9,\nnpm ERR!\u001b[0m\u001b[91m                  from ../src/ursaNative.cc:3:\nnpm ERR! /root/.cache/node-gyp/19.4.0/include/node/v8-template.h:495:46: note: candidate: 'v8::MaybeLocal<v8::Function> v8::FunctionTemplate::GetFunction(v8::Local<v8::Context>)'\nnpm ERR!   495 |   V8_WARN_UNUSED_RESULT MaybeLocal<Function> GetFunction(\nnpm ERR!\u001b[0m\u001b[91m       |                                              ^~~~~~~~~~~\nnpm ERR! /root/.cache/node-gyp/19.4.0/include/node/v8-template.h:495:46: note:   candidate expects 1 argument, 0 provided\nnpm ERR!\u001b[0m\u001b[91m ../src/ursaNative.cc: In destructor 'virtual RsaWrap::~RsaWrap()':\nnpm ERR! ../src/ursaNative.cc:362:21: warning: 'void RSA_free(RSA*)' is deprecated: Since OpenSSL 3.0 [-Wdeprecated-declarations]\nnpm\u001b[0m\u001b[91m ERR!   362 |         RSA_free(rsa);\nnpm ERR!\u001b[0m\u001b[91m       |                     ^\nnpm ERR! In file included from ../src/ursaNative.h:13,\nnpm ERR!\u001b[0m\u001b[91m                  from ../src/ursaNative.cc:3:\nnpm ERR!\u001b[0m\u001b[91m /root/.cache/node-gyp/19.4.0/include/node/openssl/rsa.h:293:28: note: declared here\nnpm ERR!   293 | OSSL_DEPRECATEDIN_3_0 void RSA_free(RSA *r);\nnpm\u001b[0m\u001b[91m ERR!       |                            ^~~~~~~~\nnpm\u001b[0m\u001b[91m ERR! ../src/ursaNative.cc: In static member function 'static Nan::NAN_METHOD_RETURN_TYPE RsaWrap::OpenPublicSshKey(Nan::NAN_METHOD_ARGS_TYPE)':\nnpm ERR!\u001b[0m\u001b[91m ../src/ursaNative.cc:386:28: warning: 'RSA* RSA_new()' is deprecated: Since OpenSSL 3.0 [-Wdeprecated-declarations]\nnpm ERR!   386 |         obj->rsa = RSA_new();\n\u001b[0m\u001b[91mnpm ERR!       |                            ^\nnpm\u001b[0m\u001b[91m ERR! In file included from ../src/ursaNative.h:13,\nnpm ERR!                  from ../src/ursaNative.cc:3:\n\u001b[0m\u001b[91mnpm ERR! /root/.cache/node-gyp/19.4.0/include/node/openssl/rsa.h:201:28: note: declared here\nnpm\u001b[0m\u001b[91m ERR!   201 | OSSL_DEPRECATEDIN_3_0 RSA *RSA_new(void);\nnpm ERR!\u001b[0m\u001b[91m       |                            ^~~~~~~\nnpm ERR!\u001b[0m\u001b[91m ../src/ursaNative.cc:389:13: error: invalid use of incomplete type 'RSA' {aka 'struct rsa_st'}\nnpm ERR!\u001b[0m\u001b[91m   389 |     obj->rsa->n = BN_bin2bn(data_n, n_length, NULL);\nnpm ERR!       |             ^~\nnpm \u001b[0m\u001b[91mERR! In file included from /root/.cache/node-gyp/19.4.0/include/node/openssl/././archs/linux-x86_64/asm/include/openssl/crypto.h:36,\nnpm ERR!\u001b[0m\u001b[91m                  from /root/.cache/node-gyp/19.4.0/include/node/openssl/./crypto_asm.h:11,\nnpm ERR!                  from /root/.cache/node-gyp/19.4.0/include/node/openssl/crypto.h:4,\nnpm ERR!\u001b[0m\u001b[91m                  from /root/.cache/node-gyp/19.4.0/include/node/openssl/././archs/linux-x86_64/asm/include/openssl/bio.h:30,\nnpm ERR!                  from /root/.cache/node-gyp/19.4.0/include/node/openssl/./bio_asm.h:11,\nnpm\u001b[0m\u001b[91m ERR!                  from /root/.cache/node-gyp/19.4.0/include/node/openssl/bio.h:4,\nnpm\u001b[0m\u001b[91m ERR!                  from /root/.cache/node-gyp/19.4.0/include/node/openssl/././archs/linux-x86_64/asm/include/openssl/asn1.h:27,\nnpm \u001b[0m\u001b[91mERR!                  from /root/.cache/node-gyp/19.4.0/include/node/openssl/./asn1_asm.h:11,\nnpm ERR!                  from /root/.cache/node-gyp/19.4.0/include/node/openssl/asn1.h:4,\nnpm ERR!\u001b[0m\u001b[91m                  from /root/.cache/node-gyp/19.4.0/include/node/openssl/rsa.h:21,\nnpm ERR!\u001b[0m\u001b[91m                  from ../src/ursaNative.h:13,\nnpm ERR!                  from ../src/ursaNative.cc:3:\nnpm\u001b[0m\u001b[91m ERR!\u001b[0m\u001b[91m /root/.cache/node-gyp/19.4.0/include/node/openssl/types.h:143:16: note: forward declaration of 'RSA' {aka 'struct rsa_st'}\nnpm ERR!\u001b[0m\u001b[91m   143 | typedef struct rsa_st RSA;\nnpm ERR!       |                ^~~~~~\nnpm ERR!\u001b[0m\u001b[91m ../src/ursaNative.cc:390:13: error: invalid use of incomplete type 'RSA' {aka 'struct rsa_st'}\nnpm ERR!   390 |     obj->rsa->e = BN_bin2bn(data_e, e_length, NULL);\nnpm ERR!\u001b[0m\u001b[91m       |             ^~\nnpm ERR! In file included from /root/.cache/node-gyp/19.4.0/include/node/openssl/././archs/linux-x86_64/asm/include/openssl/crypto.h:36,\nnpm ERR!                  from /root/.cache/node-gyp/19.4.0/include/node/openssl/./crypto_asm.h:11,\nnpm ERR!                  from /root/.cache/node-gyp/19.4.0/include/node/openssl/crypto.h:4,\nnpm ERR!                  from /root/.cache/node-gyp/19.4.0/include/node/openssl/././archs/linux-x86_64/asm/include/openssl/bio.h:30,\nnpm ERR!\u001b[0m\u001b[91m                  from /root/.cache/node-gyp/19.4.0/include/node/openssl/./bio_asm.h:11,\nnpm ERR!                  from /root/.cache/node-gyp/19.4.0/include/node/openssl/bio.h:4,\nnpm ERR!                  from /root/.cache/node-gyp/19.4.0/include/node/openssl/././archs/linux-x86_64/asm/include/openssl/asn1.h:27,\nnpm ERR!                  from /root/.cache/node-gyp/19.4.0/include/node/openssl/./asn1_asm.h:11,\nnpm\u001b[0m\u001b[91m ERR!                  from /root/.cache/node-gyp/19.4.0/include/node/openssl/asn1.h:4,\nnpm ERR!                  from /root/.cache/node-gyp/19.4.0/include/node/openssl/rsa.h:21,\nnpm ERR!\u001b[0m\u001b[91m                  from ../src/ursaNative.h:13,\nnpm ERR!                  from ../src/ursaNative.cc:3:\nnpm ERR!\u001b[0m\u001b[91m /root/.cache/node-gyp/19.4.0/include/node/openssl/types.h:143:16: note: forward declaration of 'RSA' {aka 'struct rsa_st'}\nnpm ERR!\u001b[0m\u001b[91m   143 | typedef struct rsa_st RSA;\nnpm ERR!       |                ^~~~~~\nnpm ERR!\u001b[0m\u001b[91m ../src/ursaNative.cc: In static member function 'static RsaWrap* RsaWrap::expectPrivateKey(RsaWrap*)':\nnpm ERR! ../src/ursaNative.cc:407:35: error: invalid use of incomplete type 'RSA' {aka 'struct rsa_st'}\n\u001b[0m\u001b[91mnpm ERR!   407 |     if ((obj == NULL) || (obj->rsa->d != NULL)) {\nnpm\u001b[0m\u001b[91m ERR!       |                                   ^~\nnpm \u001b[0m\u001b[91mERR! In file included from /root/.cache/node-gyp/19.4.0/include/node/openssl/././archs/linux-x86_64/asm/include/openssl/crypto.h:36,\nnpm ERR!\u001b[0m\u001b[91m                  from /root/.cache/node-gyp/19.4.0/include/node/openssl/./crypto_asm.h:11,\nnpm \u001b[0m\u001b[91mERR!                  from /root/.cache/node-gyp/19.4.0/include/node/openssl/crypto.h:4,\n\u001b[0m\u001b[91mnpm \u001b[0m\u001b[91mERR!                  from /root/.cache/node-gyp/19.4.0/include/node/openssl/././archs/linux-x86_64/asm/include/openssl/bio.h:30,\nnpm ERR!\u001b[0m\u001b[91m                  from /root/.cache/node-gyp/19.4.0/include/node/openssl/./bio_asm.h:11,\nnpm \u001b[0m\u001b[91mERR!                  from /root/.cache/node-gyp/19.4.0/include/node/openssl/bio.h:4,\nnpm ERR!\u001b[0m\u001b[91m                  from /root/.cache/node-gyp/19.4.0/include/node/openssl/././archs/linux-x86_64/asm/include/openssl/asn1.h:27,\nnpm ERR!                  from /root/.cache/node-gyp/19.4.0/include/node/openssl/./asn1_asm.h:11,\nnpm ERR!                  from /root/.cache/node-gyp/19.4.0/include/node/openssl/asn1.h:4,\nnpm\u001b[0m\u001b[91m ERR!                  from /root/.cache/node-gyp/19.4.0/include/node/openssl/rsa.h:21,\nnpm ERR!                  from ../src/ursaNative.h:13,\nnpm ERR!\u001b[0m\u001b[91m                  from ../src/ursaNative.cc:3:\nnpm ERR! /root/.cache/node-gyp/19.4.0/include/node/openssl/types.h:143:16: note: forward declaration of 'RSA' {aka 'struct rsa_st'}\nnpm \u001b[0m\u001b[91mERR!   143 | typedef struct rsa_st RSA;\nnpm ERR!       |                ^~~~~~\n\u001b[0m\u001b[91mnpm ERR! ../src/ursaNative.cc: In static member function 'static Nan::NAN_METHOD_RETURN_TYPE RsaWrap::GeneratePrivateKey(Nan::NAN_METHOD_ARGS_TYPE)':\n\u001b[0m\u001b[91mnpm ERR!\u001b[0m\u001b[91m ../src/ursaNative.cc:488:44: error: no matching function for call to 'v8::Value::Uint32Value()'\nnpm ERR!   488 |     int modulusBits = args[0]->Uint32Value();\nnpm \u001b[0m\u001b[91mERR!       |                                            ^\nnpm\u001b[0m\u001b[91m ERR! In file included from /root/.cache/node-gyp/19.4.0/include/node/v8-primitive.h:11,\n\u001b[0m\u001b[91mnpm ERR!                  from /root/.cache/node-gyp/19.4.0/include/node/v8-object.h:11,\nnpm ERR!                  from /root/.cache/node-gyp/19.4.0/include/node/v8-array-buffer.h:13,\nnpm \u001b[0m\u001b[91mERR!                  from /root/.cache/node-gyp/19.4.0/include/node/v8.h:24,\nnpm\u001b[0m\u001b[91m ERR!                  from /root/.cache/node-gyp/19.4.0/include/node/node.h:73,\n\u001b[0m\u001b[91mnpm ERR!\u001b[0m\u001b[91m                  from ../src/ursaNative.h:9,\nnpm ERR!                  from ../src/ursaNative.cc:3:\nnpm ERR! /root/.cache/node-gyp/19.4.0/include/node/v8-value.h:416:41: note: candidate: 'v8::Maybe<unsigned int> v8::Value::Uint32Value(v8::Local<v8::Context>) const'\nnpm ERR!\u001b[0m\u001b[91m   416 |   V8_WARN_UNUSED_RESULT Maybe<uint32_t> Uint32Value(\nnpm ERR!\u001b[0m\u001b[91m       |                                         ^~~~~~~~~~~\nnpm ERR! /root/.cache/node-gyp/19.4.0/include/node/v8-value.h:416:41: note:   candidate expects 1 argument, 0 provided\nnpm \u001b[0m\u001b[91mERR!\u001b[0m\u001b[91m ../src/ursaNative.cc:489:41: error: no matching function for call to 'v8::Value::Uint32Value()'\nnpm ERR!\u001b[0m\u001b[91m   489 |     int exponent = args[1]->Uint32Value();\nnpm ERR!       |                                         ^\nnpm \u001b[0m\u001b[91mERR! In file included from /root/.cache/node-gyp/19.4.0/include/node/v8-primitive.h:11,\nnpm ERR!                  from /root/.cache/node-gyp/19.4.0/include/node/v8-object.h:11,\nnpm ERR!                  from /root/.cache/node-gyp/19.4.0/include/node/v8-array-buffer.h:13,\nnpm\u001b[0m\u001b[91m ERR!\u001b[0m\u001b[91m                  from /root/.cache/node-gyp/19.4.0/include/node/v8.h:24,\nnpm ERR!                  from /root/.cache/node-gyp/19.4.0/include/node/node.h:73,\nnpm \u001b[0m\u001b[91mERR!                  from ../src/ursaNative.h:9,\nnpm ERR!                  from ../src/ursaNative.cc:3:\n\u001b[0m\u001b[91mnpm ERR!\u001b[0m\u001b[91m /root/.cache/node-gyp/19.4.0/include/node/v8-value.h:416:41: note: candidate: 'v8::Maybe<unsigned int> v8::Value::Uint32Value(v8::Local<v8::Context>) const'\nnpm ERR!\u001b[0m\u001b[91m   416 |   V8_WARN_UNUSED_RESULT Maybe<uint32_t> Uint32Value(\nnpm ERR!\u001b[0m\u001b[91m       |                                         ^~~~~~~~~~~\nnpm \u001b[0m\u001b[91mERR! /root/.cache/node-gyp/19.4.0/include/node/v8-value.h:416:41: note:   candidate expects 1 argument, 0 provided\nnpm ERR! ../src/ursaNative.cc: In static member function 'static Nan::NAN_METHOD_RETURN_TYPE RsaWrap::GetExponent(Nan::NAN_METHOD_ARGS_TYPE)':\nnpm ERR!\u001b[0m\u001b[91m ../src/ursaNative.cc:536:34: error: invalid use of incomplete type 'RSA' {aka 'struct rsa_st'}\nnpm ERR!   536 |     bignumToBuffer(args, obj->rsa->e);\nnpm ERR!       |                                  ^~\nnpm ERR! In file included from /root/.cache/node-gyp/19.4.0/include/node/openssl/././archs/linux-x86_64/asm/include/openssl/crypto.h:36,\nnpm\u001b[0m\u001b[91m ERR!                  from /root/.cache/node-gyp/19.4.0/include/node/openssl/./crypto_asm.h:11,\nnpm ERR!                  from /root/.cache/node-gyp/19.4.0/include/node/openssl/crypto.h:4,\nnpm ERR!                  from /root/.cache/node-gyp/19.4.0/include/node/openssl/././archs/linux-x86_64/asm/include/openssl/bio.h:30,\nnpm\u001b[0m\u001b[91m ERR!                  from /root/.cache/node-gyp/19.4.0/include/node/openssl/./bio_asm.h:11,\nnpm ERR!                  from /root/.cache/node-gyp/19.4.0/include/node/openssl/bio.h:4,\nnpm ERR!                  from /root/.cache/node-gyp/19.4.0/include/node/openssl/././archs/linux-x86_64/asm/include/openssl/asn1.h:27,\nnpm ERR!\u001b[0m\u001b[91m                  from /root/.cache/node-gyp/19.4.0/include/node/openssl/./asn1_asm.h:11,\nnpm ERR!                  from /root/.cache/node-gyp/19.4.0/include/node/openssl/asn1.h:4,\nnpm \u001b[0m\u001b[91mERR!                  from /root/.cache/node-gyp/19.4.0/include/node/openssl/rsa.h:21,\nnpm ERR!\u001b[0m\u001b[91m                  from ../src/ursaNative.h:13,\nnpm ERR!                  from ../src/ursaNative.cc:3:\nnpm \u001b[0m\u001b[91mERR! /root/.cache/node-gyp/19.4.0/include/node/openssl/types.h:143:16: note: forward declaration of 'RSA' {aka 'struct rsa_st'}\nnpm ERR!   143 | typedef struct rsa_st RSA;\nnpm\u001b[0m\u001b[91m ERR!       |                ^~~~~~\nnpm ERR! ../src/ursaNative.cc: In static member function 'static Nan::NAN_METHOD_RETURN_TYPE RsaWrap::GetPrivateExponent(Nan::NAN_METHOD_ARGS_TYPE)':\nnpm ERR! ../src/ursaNative.cc:552:34: error: invalid use of incomplete type 'RSA' {aka 'struct rsa_st'}\nnpm\u001b[0m\u001b[91m ERR!\u001b[0m\u001b[91m   552 |     bignumToBuffer(args, obj->rsa->d);\nnpm ERR!       |                                  ^~\nnpm ERR!\u001b[0m\u001b[91m In file included from /root/.cache/node-gyp/19.4.0/include/node/openssl/././archs/linux-x86_64/asm/include/openssl/crypto.h:36,\nnpm ERR!                  from /root/.cache/node-gyp/19.4.0/include/node/openssl/./crypto_asm.h:11,\nnpm \u001b[0m\u001b[91mERR!                  from /root/.cache/node-gyp/19.4.0/include/node/openssl/crypto.h:4,\nnpm ERR!                  from /root/.cache/node-gyp/19.4.0/include/node/openssl/././archs/linux-x86_64/asm/include/openssl/bio.h:30,\nnpm ERR!                  from /root/.cache/node-gyp/19.4.0/include/node/openssl/./bio_asm.h:11,\nnpm \u001b[0m\u001b[91mERR!                  from /root/.cache/node-gyp/19.4.0/include/node/openssl/bio.h:4,\nnpm \u001b[0m\u001b[91mERR!                  from /root/.cache/node-gyp/19.4.0/include/node/openssl/././archs/linux-x86_64/asm/include/openssl/asn1.h:27,\nnpm ERR!                  from /root/.cache/node-gyp/19.4.0/include/node/openssl/./asn1_asm.h:11,\nnpm ERR!                  from /root/.cache/node-gyp/19.4.0/include/node/openssl/asn1.h:4,\nnpm\u001b[0m\u001b[91m ERR!                  from /root/.cache/node-gyp/19.4.0/include/node/openssl/rsa.h:21,\nnpm ERR!                  from ../src/ursaNative.h:13,\nnpm ERR!                  from ../src/ursaNative.cc:3:\nnpm\u001b[0m\u001b[91m ERR! /root/.cache/node-gyp/19.4.0/include/node/openssl/types.h:143:16: note: forward declaration of 'RSA' {aka 'struct rsa_st'}\n\u001b[0m\u001b[91mnpm ERR!   143 | typedef struct rsa_st RSA;\n\u001b[0m\u001b[91mnpm ERR!       |                ^~~~~~\n\u001b[0m\u001b[91mnpm ERR!\u001b[0m\u001b[91m ../src/ursaNative.cc: In static member function 'static Nan::NAN_METHOD_RETURN_TYPE RsaWrap::GetModulus(Nan::NAN_METHOD_ARGS_TYPE)':\nnpm ERR! ../src/ursaNative.cc:567:34: error: invalid use of incomplete type 'RSA' {aka 'struct rsa_st'}\nnpm ERR!\u001b[0m\u001b[91m   567 |     bignumToBuffer(args, obj->rsa->n);\nnpm ERR!       |                                  ^~\nnpm \u001b[0m\u001b[91mERR! In file included from /root/.cache/node-gyp/19.4.0/include/node/openssl/././archs/linux-x86_64/asm/include/openssl/crypto.h:36,\nnpm ERR!\u001b[0m\u001b[91m                  from /root/.cache/node-gyp/19.4.0/include/node/openssl/./crypto_asm.h:11,\nnpm \u001b[0m\u001b[91mERR!                  from /root/.cache/node-gyp/19.4.0/include/node/openssl/crypto.h:4,\nnpm ERR!                  from /root/.cache/node-gyp/19.4.0/include/node/openssl/././archs/linux-x86_64/asm/include/openssl/bio.h:30,\nnpm \u001b[0m\u001b[91mERR!                  from /root/.cache/node-gyp/19.4.0/include/node/openssl/./bio_asm.h:11,\nnpm\u001b[0m\u001b[91m ERR!                  from /root/.cache/node-gyp/19.4.0/include/node/openssl/bio.h:4,\nnpm\u001b[0m\u001b[91m ERR!                  from /root/.cache/node-gyp/19.4.0/include/node/openssl/././archs/linux-x86_64/asm/include/openssl/asn1.h:27,\nnpm ERR!                  from /root/.cache/node-gyp/19.4.0/include/node/openssl/./asn1_asm.h:11,\n\u001b[0m\u001b[91mnpm ERR!                  from /root/.cache/node-gyp/19.4.0/include/node/openssl/asn1.h:4,\nnpm ERR!\u001b[0m\u001b[91m                  from /root/.cache/node-gyp/19.4.0/include/node/openssl/rsa.h:21,\nnpm ERR!                  from ../src/ursaNative.h:13,\nnpm ERR!                  from ../src/ursaNative.cc:3:\nnpm \u001b[0m\u001b[91mERR! /root/.cache/node-gyp/19.4.0/include/node/openssl/types.h:143:16: note: forward declaration of 'RSA' {aka 'struct rsa_st'}\nnpm ERR!   143 | typedef struct rsa_st RSA;\nnpm ERR!       |                ^~~~~~\n\u001b[0m\u001b[91mnpm ERR! ../src/ursaNative.cc: In static member function 'static Nan::NAN_METHOD_RETURN_TYPE RsaWrap::GetPrivateKeyPem(Nan::NAN_METHOD_ARGS_TYPE)':\nnpm ERR!\u001b[0m\u001b[91m ../src/ursaNative.cc:611:61: warning: 'int PEM_write_bio_RSAPrivateKey(BIO*, const RSA*, const EVP_CIPHER*, const unsigned char*, int, int (*)(char*, int, int, void*), void*)' is deprecated: Since OpenSSL 3.0 [-Wdeprecated-declarations]\nnpm ERR!   611 |                                      passwordLen, NULL, NULL)) {\nnpm \u001b[0m\u001b[91mERR!       |                                                             ^\nnpm ERR! In file included from /root/.cache/node-gyp/19.4.0/include/node/openssl/././archs/linux-x86_64/asm/include/openssl/ssl.h:36,\nnpm ERR!                  from /root/.cache/node-gyp/19.4.0/include/node/openssl/./ssl_asm.h:11,\nnpm ERR!\u001b[0m\u001b[91m                  from /root/.cache/node-gyp/19.4.0/include/node/openssl/ssl.h:4,\nnpm ERR!                  from ../src/ursaNative.cc:9:\nnpm ERR! /root/.cache/node-gyp/19.4.0/include/node/openssl/pem.h:81:9: note: declared here\n\u001b[0m\u001b[91mnpm ERR!\u001b[0m\u001b[91m    81 |     int PEM_##writename##_##name(OUTTYPE *out, const type *x,           \\\nnpm ERR!       |         ^~~~\nnpm ERR! /root/.cache/node-gyp/19.4.0/include/node/openssl/pem.h:295:10: note: in expansion of macro 'PEM_write_cb_fnsig'\nnpm \u001b[0m\u001b[91mERR!   295 |     attr PEM_write_cb_fnsig(name, type, BIO, write_bio);\nnpm ERR!\u001b[0m\u001b[91m       |          ^~~~~~~~~~~~~~~~~~\nnpm ERR!\u001b[0m\u001b[91m /root/.cache/node-gyp/19.4.0/include/node/openssl/pem.h:322:5: note: in expansion of macro 'DECLARE_PEM_write_cb_bio_attr'\nnpm \u001b[0m\u001b[91mERR!   322 |     DECLARE_PEM_write_cb_bio_attr(attr, name, type)                         \\\nnpm\u001b[0m\u001b[91m \u001b[0m\u001b[91mERR!       |     ^~~~~~~~~~~~~~~~~~~~~~~~~~~~~\nnpm ERR! /root/.cache/node-gyp/19.4.0/include/node/openssl/pem.h:360:5: note: in expansion of macro 'DECLARE_PEM_write_cb_attr'\n\u001b[0m\u001b[91mnpm ERR!   360 |     DECLARE_PEM_write_cb_attr(attr, name, type)\nnpm ERR!\u001b[0m\u001b[91m       |     ^~~~~~~~~~~~~~~~~~~~~~~~~\nnpm \u001b[0m\u001b[91mERR! /root/.cache/node-gyp/19.4.0/include/node/openssl/pem.h:447:1: note: in expansion of macro 'DECLARE_PEM_rw_cb_attr'\nnpm\u001b[0m\u001b[91m ERR!   447 | DECLARE_PEM_rw_cb_attr(OSSL_DEPRECATEDIN_3_0, RSAPrivateKey, RSA)\nnpm\u001b[0m\u001b[91m ERR!       | ^~~~~~~~~~~~~~~~~~~~~~\nnpm ERR!\u001b[0m\u001b[91m ../src/ursaNative.cc: In static member function 'static Nan::NAN_METHOD_RETURN_TYPE RsaWrap::GetPublicKeyPem(Nan::NAN_METHOD_ARGS_TYPE)':\nnpm ERR! ../src/ursaNative.cc:640:48: warning: 'int PEM_write_bio_RSA_PUBKEY(BIO*, const RSA*)' is deprecated: Since OpenSSL 3.0 [-Wdeprecated-declarations]\nnpm ERR!   640 |     if (!PEM_write_bio_RSA_PUBKEY(bio, obj->rsa)) {\nnpm ERR!       |                                                ^\nnpm\u001b[0m\u001b[91m ERR! In file included from /root/.cache/node-gyp/19.4.0/include/node/openssl/././archs/linux-x86_64/asm/include/openssl/ssl.h:36,\nnpm ERR!                  from /root/.cache/node-gyp/19.4.0/include/node/openssl/./ssl_asm.h:11,\nnpm ERR!\u001b[0m\u001b[91m                  from /root/.cache/node-gyp/19.4.0/include/node/openssl/ssl.h:4,\nnpm ERR!\u001b[0m\u001b[91m                  from ../src/ursaNative.cc:9:\nnpm ERR! /root/.cache/node-gyp/19.4.0/include/node/openssl/pem.h:79:9: note: declared here\nnpm ERR!\u001b[0m\u001b[91m    79 |     int PEM_##writename##_##name(OUTTYPE *out, const type *x)\nnpm ERR!       |         ^~~~\nnpm\u001b[0m\u001b[91m ERR! /root/.cache/node-gyp/19.4.0/include/node/openssl/pem.h:278:10: note: in expansion of macro 'PEM_write_fnsig'\nnpm ERR!   278 |     attr PEM_write_fnsig(name, type, BIO, write_bio);\nnpm ERR!\u001b[0m\u001b[91m       |          ^~~~~~~~~~~~~~~\nnpm ERR! /root/.cache/node-gyp/19.4.0/include/node/openssl/pem.h:305:5: note: in expansion of macro 'DECLARE_PEM_write_bio_attr'\nnpm \u001b[0m\u001b[91mERR!   305 |     DECLARE_PEM_write_bio_attr(attr, name, type)                            \\\nnpm\u001b[0m\u001b[91m ERR!       |     ^~~~~~~~~~~~~~~~~~~~~~~~~~\nnpm \u001b[0m\u001b[91mERR! /root/.cache/node-gyp/19.4.0/include/node/openssl/pem.h:343:5: note: in expansion of macro 'DECLARE_PEM_write_attr'\n\u001b[0m\u001b[91mnpm ERR!\u001b[0m\u001b[91m   343 |     DECLARE_PEM_write_attr(attr, name, type)\nnpm\u001b[0m\u001b[91m ERR!\u001b[0m\u001b[91m       |     ^~~~~~~~~~~~~~~~~~~~~~\nnpm ERR! /root/.cache/node-gyp/19.4.0/include/node/openssl/pem.h:449:1: note: in expansion of macro 'DECLARE_PEM_rw_attr'\nnpm ERR!   449 | DECLARE_PEM_rw_attr(OSSL_DEPRECATEDIN_3_0, RSA_PUBKEY, RSA)\nnpm ERR!\u001b[0m\u001b[91m       | ^~~~~~~~~~~~~~~~~~~\nnpm \u001b[0m\u001b[91mERR! ../src/ursaNative.cc: In static member function 'static Nan::NAN_METHOD_RETURN_TYPE RsaWrap::PrivateDecrypt(Nan::NAN_METHOD_ARGS_TYPE)':\nnpm\u001b[0m\u001b[91m ERR! ../src/ursaNative.cc:676:38: warning: 'int RSA_size(const RSA*)' is deprecated: Since OpenSSL 3.0 [-Wdeprecated-declarations]\n\u001b[0m\u001b[91mnpm ERR!   676 |     int rsaLength = RSA_size(obj->rsa);\nnpm ERR!       |                                      ^\nnpm ERR!\u001b[0m\u001b[91m In file included from ../src/ursaNative.h:13,\nnpm ERR!                  from ../src/ursaNative.cc:3:\nnpm ERR!\u001b[0m\u001b[91m /root/.cache/node-gyp/19.4.0/include/node/openssl/rsa.h:204:27: note: declared here\nnpm \u001b[0m\u001b[91mERR!   204 | OSSL_DEPRECATEDIN_3_0 int RSA_size(const RSA *rsa);\nnpm ERR!       |                           ^~~~~~~~\n\u001b[0m\u001b[91mnpm ERR! ../src/ursaNative.cc:683:40: error: no matching function for call to 'v8::Value::Uint32Value()'\nnpm ERR!   683 |     int padding = args[1]->Uint32Value();\nnpm ERR!\u001b[0m\u001b[91m       |                                        ^\nnpm ERR! In file included from /root/.cache/node-gyp/19.4.0/include/node/v8-primitive.h:11,\nnpm ERR!\u001b[0m\u001b[91m                  from /root/.cache/node-gyp/19.4.0/include/node/v8-object.h:11,\nnpm ERR!                  from /root/.cache/node-gyp/19.4.0/include/node/v8-array-buffer.h:13,\n\u001b[0m\u001b[91mnpm ERR!                  from /root/.cache/node-gyp/19.4.0/include/node/v8.h:24,\nnpm ERR!                  from /root/.cache/node-gyp/19.4.0/include/node/node.h:73,\nnpm ERR!\u001b[0m\u001b[91m                  from ../src/ursaNative.h:9,\nnpm ERR!                  from ../src/ursaNative.cc:3:\nnpm \u001b[0m\u001b[91mERR! /root/.cache/node-gyp/19.4.0/include/node/v8-value.h:416:41: note: candidate: 'v8::Maybe<unsigned int> v8::Value::Uint32Value(v8::Local<v8::Context>) const'\nnpm ERR!\u001b[0m\u001b[91m   416 |   V8_WARN_UNUSED_RESULT Maybe<uint32_t> Uint32Value(\nnpm ERR!       |                                         ^~~~~~~~~~~\nnpm ERR! /root/.cache/node-gyp/19.4.0/include/node/v8-value.h:416:41: note:   candidate expects 1 argument, 0 provided\nnpm\u001b[0m\u001b[91m ERR! ../src/ursaNative.cc:686:63: warning: 'int RSA_private_decrypt(int, const unsigned char*, unsigned char*, RSA*, int)' is deprecated: Since OpenSSL 3.0 [-Wdeprecated-declarations]\nnpm ERR!   686 |                                         buf, obj->rsa, padding);\nnpm\u001b[0m\u001b[91m ERR!       |                                                               ^\n\u001b[0m\u001b[91mnpm ERR! In file included from ../src/ursaNative.h:13,\nnpm ERR!\u001b[0m\u001b[91m                  from ../src/ursaNative.cc:3:\nnpm \u001b[0m\u001b[91mERR! /root/.cache/node-gyp/19.4.0/include/node/openssl/rsa.h:291:5: note: declared here\nnpm ERR!   291 | int RSA_private_decrypt(int flen, const unsigned char *from, unsigned char *to,\nnpm \u001b[0m\u001b[91mERR!       |     ^~~~~~~~~~~~~~~~~~~\nnpm ERR! ../src/ursaNative.cc: In static member function 'static Nan::NAN_METHOD_RETURN_TYPE RsaWrap::PrivateEncrypt(Nan::NAN_METHOD_ARGS_TYPE)':\n\u001b[0m\u001b[91mnpm ERR! ../src/ursaNative.cc:723:38: warning: 'int RSA_size(const RSA*)' is deprecated: Since OpenSSL 3.0 [-Wdeprecated-declarations]\nnpm ERR!\u001b[0m\u001b[91m   723 |     int rsaLength = RSA_size(obj->rsa);\nnpm ERR!\u001b[0m\u001b[91m       |                                      ^\nnpm ERR! In file included from ../src/ursaNative.h:13,\n\u001b[0m\u001b[91mnpm ERR!                  from ../src/ursaNative.cc:3:\nnpm ERR! /root/.cache/node-gyp/19.4.0/include/node/openssl/rsa.h:204:27: note: declared here\nnpm ERR!\u001b[0m\u001b[91m   204 | OSSL_DEPRECATEDIN_3_0 int RSA_size(const RSA *rsa);\nnpm ERR!       |                           ^~~~~~~~\nnpm \u001b[0m\u001b[91mERR! ../src/ursaNative.cc:730:40: error: no matching function for call to 'v8::Value::Uint32Value()'\nnpm ERR!   730 |     int padding = args[1]->Uint32Value();\n\u001b[0m\u001b[91mnpm ERR!       |                                        ^\n\u001b[0m\u001b[91mnpm ERR! In file included from /root/.cache/node-gyp/19.4.0/include/node/v8-primitive.h:11,\nnpm ERR!\u001b[0m\u001b[91m                  from /root/.cache/node-gyp/19.4.0/include/node/v8-object.h:11,\nnpm ERR!                  from /root/.cache/node-gyp/19.4.0/include/node/v8-array-buffer.h:13,\nnpm ERR!\u001b[0m\u001b[91m                  from /root/.cache/node-gyp/19.4.0/include/node/v8.h:24,\nnpm ERR!                  from /root/.cache/node-gyp/19.4.0/include/node/node.h:73,\nnpm ERR!\u001b[0m\u001b[91m                  from ../src/ursaNative.h:9,\nnpm ERR!                  from ../src/ursaNative.cc:3:\nnpm ERR! /root/.cache/node-gyp/19.4.0/include/node/v8-value.h:416:41: note: candidate: 'v8::Maybe<unsigned int> v8::Value::Uint32Value(v8::Local<v8::Context>) const'\nnpm\u001b[0m\u001b[91m ERR!   416 |   V8_WARN_UNUSED_RESULT Maybe<uint32_t> Uint32Value(\n\u001b[0m\u001b[91mnpm ERR!       |                                         ^~~~~~~~~~~\nnpm ERR!\u001b[0m\u001b[91m /root/.cache/node-gyp/19.4.0/include/node/v8-value.h:416:41: note:   candidate expects 1 argument, 0 provided\nnpm ERR!\u001b[0m\u001b[91m ../src/ursaNative.cc:734:52: warning: 'int RSA_private_encrypt(int, const unsigned char*, unsigned char*, RSA*, int)' is deprecated: Since OpenSSL 3.0 [-Wdeprecated-declarations]\nnpm ERR!\u001b[0m\u001b[91m   734 |                                   obj->rsa, padding);\nnpm ERR!       |                                                    ^\nnpm ERR!\u001b[0m\u001b[91m In file included from ../src/ursaNative.h:13,\nnpm ERR!                  from ../src/ursaNative.cc:3:\nnpm \u001b[0m\u001b[91mERR! /root/.cache/node-gyp/19.4.0/include/node/openssl/rsa.h:285:5: note: declared here\nnpm\u001b[0m\u001b[91m ERR!   285 | int RSA_private_encrypt(int flen, const unsigned char *from, unsigned char *to,\nnpm ERR!       |     ^~~~~~~~~~~~~~~~~~~\n\u001b[0m\u001b[91mnpm ERR!\u001b[0m\u001b[91m ../src/ursaNative.cc: In static member function 'static Nan::NAN_METHOD_RETURN_TYPE RsaWrap::PublicDecrypt(Nan::NAN_METHOD_ARGS_TYPE)':\nnpm ERR! ../src/ursaNative.cc:769:38: warning: 'int RSA_size(const RSA*)' is deprecated: Since OpenSSL 3.0 [-Wdeprecated-declarations]\nnpm ERR!\u001b[0m\u001b[91m   769 |     int rsaLength = RSA_size(obj->rsa);\nnpm ERR!       |                                      ^\nnpm ERR!\u001b[0m\u001b[91m In file included from ../src/ursaNative.h:13,\nnpm ERR!                  from ../src/ursaNative.cc:3:\nnpm ERR! /root/.cache/node-gyp/19.4.0/include/node/openssl/rsa.h:204:27: note: declared here\nnpm ERR!   204 | OSSL_DEPRECATEDIN_3_0 int RSA_size(const RSA *rsa);\nnpm ERR!       |                           ^~~~~~~~\n\u001b[0m\u001b[91mnpm ERR!\u001b[0m\u001b[91m ../src/ursaNative.cc:776:40: error: no matching function for call to 'v8::Value::Uint32Value()'\nnpm \u001b[0m\u001b[91mERR!   776 |     int padding = args[1]->Uint32Value();\n\u001b[0m\u001b[91mnpm ERR!\u001b[0m\u001b[91m       |                                        ^\nnpm \u001b[0m\u001b[91mERR! In file included from /root/.cache/node-gyp/19.4.0/include/node/v8-primitive.h:11,\nnpm ERR!                  from /root/.cache/node-gyp/19.4.0/include/node/v8-object.h:11,\nnpm ERR!\u001b[0m\u001b[91m                  from /root/.cache/node-gyp/19.4.0/include/node/v8-array-buffer.h:13,\nnpm ERR!                  from /root/.cache/node-gyp/19.4.0/include/node/v8.h:24,\nnpm ERR!                  from /root/.cache/node-gyp/19.4.0/include/node/node.h:73,\nnpm \u001b[0m\u001b[91mERR!                  from ../src/ursaNative.h:9,\nnpm ERR!                  from ../src/ursaNative.cc:3:\nnpm\u001b[0m\u001b[91m ERR! /root/.cache/node-gyp/19.4.0/include/node/v8-value.h:416:41: note: candidate: 'v8::Maybe<unsigned int> v8::Value::Uint32Value(v8::Local<v8::Context>) const'\nnpm ERR!   416 |   V8_WARN_UNUSED_RESULT Maybe<uint32_t> Uint32Value(\n\u001b[0m\u001b[91mnpm ERR!       |                                         ^~~~~~~~~~~\nnpm ERR!\u001b[0m\u001b[91m /root/.cache/node-gyp/19.4.0/include/node/v8-value.h:416:41: note:   candidate expects 1 argument, 0 provided\nnpm \u001b[0m\u001b[91mERR! ../src/ursaNative.cc:779:62: warning: 'int RSA_public_decrypt(int, const unsigned char*, unsigned char*, RSA*, int)' is deprecated: Since OpenSSL 3.0 [-Wdeprecated-declarations]\nnpm ERR!   779 |                                        buf, obj->rsa, padding);\nnpm ERR!\u001b[0m\u001b[91m       |                                                              ^\nnpm \u001b[0m\u001b[91mERR! In file included from ../src/ursaNative.h:13,\nnpm \u001b[0m\u001b[91mERR!                  from ../src/ursaNative.cc:3:\nnpm \u001b[0m\u001b[91mERR! /root/.cache/node-gyp/19.4.0/include/node/openssl/rsa.h:288:5: note: declared here\nnpm\u001b[0m\u001b[91m ERR!   288 | int RSA_public_decrypt(int flen, const unsigned char *from, unsigned char *to,\n\u001b[0m\u001b[91mnpm ERR!\u001b[0m\u001b[91m       |     ^~~~~~~~~~~~~~~~~~\nnpm \u001b[0m\u001b[91mERR! ../src/ursaNative.cc: In static member function 'static Nan::NAN_METHOD_RETURN_TYPE RsaWrap::PublicEncrypt(Nan::NAN_METHOD_ARGS_TYPE)':\nnpm ERR! ../src/ursaNative.cc:815:38: warning: 'int RSA_size(const RSA*)' is deprecated: Since OpenSSL 3.0 [-Wdeprecated-declarations]\n\u001b[0m\u001b[91mnpm ERR!   815 |     int rsaLength = RSA_size(obj->rsa);\nnpm ERR!\u001b[0m\u001b[91m       |                                      ^\nnpm ERR!\u001b[0m\u001b[91m In file included from ../src/ursaNative.h:13,\nnpm \u001b[0m\u001b[91mERR!                  from ../src/ursaNative.cc:3:\nnpm ERR! /root/.cache/node-gyp/19.4.0/include/node/openssl/rsa.h:204:27: note: declared here\nnpm\u001b[0m\u001b[91m ERR!   204 | OSSL_DEPRECATEDIN_3_0 int RSA_size(const RSA *rsa);\n\u001b[0m\u001b[91mnpm ERR!       |                           ^~~~~~~~\nnpm \u001b[0m\u001b[91mERR! ../src/ursaNative.cc:822:40: error: no matching function for call to 'v8::Value::Uint32Value()'\nnpm ERR!   822 |     int padding = args[1]->Uint32Value();\nnpm\u001b[0m\u001b[91m ERR!       |                                        ^\nnpm ERR!\u001b[0m\u001b[91m In file included from /root/.cache/node-gyp/19.4.0/include/node/v8-primitive.h:11,\nnpm ERR!\u001b[0m\u001b[91m                  from /root/.cache/node-gyp/19.4.0/include/node/v8-object.h:11,\nnpm ERR!                  from /root/.cache/node-gyp/19.4.0/include/node/v8-array-buffer.h:13,\nnpm ERR!                  from /root/.cache/node-gyp/19.4.0/include/node/v8.h:24,\nnpm \u001b[0m\u001b[91mERR!                  from /root/.cache/node-gyp/19.4.0/include/node/node.h:73,\nnpm ERR!                  from ../src/ursaNative.h:9,\nnpm ERR!\u001b[0m\u001b[91m                  from ../src/ursaNative.cc:3:\nnpm ERR!\u001b[0m\u001b[91m /root/.cache/node-gyp/19.4.0/include/node/v8-value.h:416:41: note: candidate: 'v8::Maybe<unsigned int> v8::Value::Uint32Value(v8::Local<v8::Context>) const'\nnpm ERR!   416 |   V8_WARN_UNUSED_RESULT Maybe<uint32_t> Uint32Value(\nnpm ERR!       |                                         ^~~~~~~~~~~\nnpm ERR! /root/.cache/node-gyp/19.4.0/include/node/v8-value.h:416:41: note:   candidate expects 1 argument, 0 provided\nnpm ERR!\u001b[0m\u001b[91m ../src/ursaNative.cc:826:51: warning: 'int RSA_public_encrypt(int, const unsigned char*, unsigned char*, RSA*, int)' is deprecated: Since OpenSSL 3.0 [-Wdeprecated-declarations]\nnpm ERR!   826 |                                  obj->rsa, padding);\nnpm ERR!       |                                                   ^\nnpm \u001b[0m\u001b[91mERR! In file included from ../src/ursaNative.h:13,\nnpm ERR!                  from ../src/ursaNative.cc:3:\nnpm ERR!\u001b[0m\u001b[91m /root/.cache/node-gyp/19.4.0/include/node/openssl/rsa.h:282:5: note: declared here\nnpm ERR!   282 | int RSA_public_encrypt(int flen, const unsigned char *from, unsigned char *to,\nnpm \u001b[0m\u001b[91mERR!       |     ^~~~~~~~~~~~~~~~~~\nnpm ERR! ../src/ursaNative.cc: In static member function 'static Nan::NAN_METHOD_RETURN_TYPE RsaWrap::SetPrivateKeyPem(Nan::NAN_METHOD_ARGS_TYPE)':\nnpm \u001b[0m\u001b[91mERR! ../src/ursaNative.cc:871:69: warning: 'RSA* PEM_read_bio_RSAPrivateKey(BIO*, RSA**, int (*)(char*, int, int, void*), void*)' is deprecated: Since OpenSSL 3.0 [-Wdeprecated-declarations]\n\u001b[0m\u001b[91mnpm ERR!   871 |         obj->rsa = PEM_read_bio_RSAPrivateKey(bio, NULL, 0, password);\nnpm ERR!\u001b[0m\u001b[91m       |                                                                     ^\nnpm \u001b[0m\u001b[91mERR! In file included from /root/.cache/node-gyp/19.4.0/include/node/openssl/././archs/linux-x86_64/asm/include/openssl/ssl.h:36,\nnpm \u001b[0m\u001b[91mERR!                  from /root/.cache/node-gyp/19.4.0/include/node/openssl/./ssl_asm.h:11,\nnpm ERR!                  from /root/.cache/node-gyp/19.4.0/include/node/openssl/ssl.h:4,\nnpm ERR!                  from ../src/ursaNative.cc:9:\nnpm\u001b[0m\u001b[91m ERR! /root/.cache/node-gyp/19.4.0/include/node/openssl/pem.h:70:11: note: declared here\nnpm\u001b[0m\u001b[91m ERR!    70 |     type *PEM_##readname##_##name(INTYPE *out, type **x,                \\\nnpm \u001b[0m\u001b[91mERR!       |           ^~~~\nnpm \u001b[0m\u001b[91mERR! /root/.cache/node-gyp/19.4.0/include/node/openssl/pem.h:268:10: note: in expansion of macro 'PEM_read_cb_fnsig'\nnpm ERR!   268 |     attr PEM_read_cb_fnsig(name, type, BIO, read_bio);\nnpm \u001b[0m\u001b[91mERR!       |          ^~~~~~~~~~~~~~~~~\nnpm ERR! /root/.cache/node-gyp/19.4.0/include/node/openssl/pem.h:332:5: note: in expansion of macro 'DECLARE_PEM_read_bio_attr'\n\u001b[0m\u001b[91mnpm ERR!\u001b[0m\u001b[91m   332 |     DECLARE_PEM_read_bio_attr(attr, name, type)                             \\\nnpm ERR!       |     ^~~~~~~~~~~~~~~~~~~~~~~~~\nnpm ERR! /root/.cache/node-gyp/19.4.0/include/node/openssl/pem.h:359:5: note: in expansion of macro 'DECLARE_PEM_read_attr'\nnpm ERR!   359 |     DECLARE_PEM_read_attr(attr, name, type)                                 \\\nnpm\u001b[0m\u001b[91m ERR!       |     ^~~~~~~~~~~~~~~~~~~~~\nnpm ERR! /root/.cache/node-gyp/19.4.0/include/node/openssl/pem.h:447:1: note: in expansion of macro 'DECLARE_PEM_rw_cb_attr'\nnpm ERR!   447 | DECLARE_PEM_rw_cb_attr(OSSL_DEPRECATEDIN_3_0, RSAPrivateKey, RSA)\nnpm ERR!       | ^~~~~~~~~~~~~~~~~~~~~~\nnpm ERR! ../src/ursaNative.cc: In static member function 'static Nan::NAN_METHOD_RETURN_TYPE RsaWrap::SetPublicKeyPem(Nan::NAN_METHOD_ARGS_TYPE)':\n\u001b[0m\u001b[91mnpm ERR! ../src/ursaNative.cc:900:61: warning: 'RSA* PEM_read_bio_RSA_PUBKEY(BIO*, RSA**, int (*)(char*, int, int, void*), void*)' is deprecated: Since OpenSSL 3.0 [-Wdeprecated-declarations]\nnpm ERR!\u001b[0m\u001b[91m   900 |     obj->rsa = PEM_read_bio_RSA_PUBKEY(bio, NULL, NULL, NULL);\nnpm ERR!       |                                                             ^\nnpm ERR! In file included from /root/.cache/node-gyp/19.4.0/include/node/openssl/././archs/linux-x86_64/asm/include/openssl/ssl.h:36,\n\u001b[0m\u001b[91mnpm ERR!                  from /root/.cache/node-gyp/19.4.0/include/node/openssl/./ssl_asm.h:11,\nnpm ERR!\u001b[0m\u001b[91m                  from /root/.cache/node-gyp/19.4.0/include/node/openssl/ssl.h:4,\nnpm ERR!\u001b[0m\u001b[91m                  from ../src/ursaNative.cc:9:\nnpm ERR! /root/.cache/node-gyp/19.4.0/include/node/openssl/pem.h:70:11: note: declared here\nnpm ERR!\u001b[0m\u001b[91m    70 |     type *PEM_##readname##_##name(INTYPE *out, type **x,                \\\nnpm ERR!       |           ^~~~\nnpm ERR!\u001b[0m\u001b[91m /root/.cache/node-gyp/19.4.0/include/node/openssl/pem.h:268:10: note: in expansion of macro 'PEM_read_cb_fnsig'\nnpm ERR!\u001b[0m\u001b[91m   268 |     attr PEM_read_cb_fnsig(name, type, BIO, read_bio);\nnpm ERR!       |          ^~~~~~~~~~~~~~~~~\nnpm \u001b[0m\u001b[91mERR! /root/.cache/node-gyp/19.4.0/include/node/openssl/pem.h:332:5: note: in expansion of macro 'DECLARE_PEM_read_bio_attr'\nnpm ERR!   332 |     DECLARE_PEM_read_bio_attr(attr, name, type)                             \\\nnpm ERR!\u001b[0m\u001b[91m       |     ^~~~~~~~~~~~~~~~~~~~~~~~~\nnpm ERR! /root/.cache/node-gyp/19.4.0/include/node/openssl/pem.h:342:5: note: in expansion of macro 'DECLARE_PEM_read_attr'\nnpm \u001b[0m\u001b[91mERR!   342 |     DECLARE_PEM_read_attr(attr, name, type)                                 \\\n\u001b[0m\u001b[91mnpm ERR!       |     ^~~~~~~~~~~~~~~~~~~~~\nnpm \u001b[0m\u001b[91mERR! /root/.cache/node-gyp/19.4.0/include/node/openssl/pem.h:449:1: note: in expansion of macro 'DECLARE_PEM_rw_attr'\n\u001b[0m\u001b[91mnpm ERR!\u001b[0m\u001b[91m   449 | DECLARE_PEM_rw_attr(OSSL_DEPRECATEDIN_3_0, RSA_PUBKEY, RSA)\nnpm\u001b[0m\u001b[91m ERR!       | ^~~~~~~~~~~~~~~~~~~\nnpm\u001b[0m\u001b[91m ERR! ../src/ursaNative.cc: In static member function 'static Nan::NAN_METHOD_RETURN_TYPE RsaWrap::Sign(Nan::NAN_METHOD_ARGS_TYPE)':\nnpm ERR! ../src/ursaNative.cc:928:36: error: no matching function for call to 'v8::Value::Uint32Value()'\nnpm\u001b[0m\u001b[91m ERR!   928 |     int nid = args[0]->Uint32Value();\nnpm ERR!       |                                    ^\nnpm ERR!\u001b[0m\u001b[91m In file included from /root/.cache/node-gyp/19.4.0/include/node/v8-primitive.h:11,\nnpm ERR!\u001b[0m\u001b[91m                  from /root/.cache/node-gyp/19.4.0/include/node/v8-object.h:11,\nnpm\u001b[0m\u001b[91m ERR!                  from /root/.cache/node-gyp/19.4.0/include/node/v8-array-buffer.h:13,\nnpm ERR!\u001b[0m\u001b[91m                  from /root/.cache/node-gyp/19.4.0/include/node/v8.h:24,\nnpm ERR!                  from /root/.cache/node-gyp/19.4.0/include/node/node.h:73,\nnpm ERR!                  from ../src/ursaNative.h:9,\n\u001b[0m\u001b[91mnpm ERR!\u001b[0m\u001b[91m                  from ../src/ursaNative.cc:3:\nnpm ERR!\u001b[0m\u001b[91m /root/.cache/node-gyp/19.4.0/include/node/v8-value.h:416:41: note: candidate: 'v8::Maybe<unsigned int> v8::Value::Uint32Value(v8::Local<v8::Context>) const'\nnpm ERR!\u001b[0m\u001b[91m   416 |   V8_WARN_UNUSED_RESULT Maybe<uint32_t> Uint32Value(\nnpm ERR!       |                                         ^~~~~~~~~~~\nnpm\u001b[0m\u001b[91m ERR! /root/.cache/node-gyp/19.4.0/include/node/v8-value.h:416:41: note:   candidate expects 1 argument, 0 provided\nnpm ERR!\u001b[0m\u001b[91m ../src/ursaNative.cc:939:60: warning: 'int RSA_size(const RSA*)' is deprecated: Since OpenSSL 3.0 [-Wdeprecated-declarations]\nnpm ERR!\u001b[0m\u001b[91m   939 |     unsigned int rsaSize = (unsigned int) RSA_size(obj->rsa);\nnpm ERR!       |                                                            ^\nnpm ERR! In file included from ../src/ursaNative.h:13,\nnpm ERR!\u001b[0m\u001b[91m                  from ../src/ursaNative.cc:3:\nnpm ERR! /root/.cache/node-gyp/19.4.0/include/node/openssl/rsa.h:204:27: note: declared here\nnpm ERR!   204 | OSSL_DEPRECATEDIN_3_0 int RSA_size(const RSA *rsa);\nnpm ERR!       |                           ^~~~~~~~\nnpm ERR!\u001b[0m\u001b[91m ../src/ursaNative.cc:945:44: warning: 'int RSA_sign(int, const unsigned char*, unsigned int, unsigned char*, unsigned int*, RSA*)' is deprecated: Since OpenSSL 3.0 [-Wdeprecated-declarations]\nnpm ERR!   945 |                        &sigLength, obj->rsa);\nnpm \u001b[0m\u001b[91mERR!       |                                            ^\nnpm ERR! In file included from ../src/ursaNative.h:13,\nnpm\u001b[0m\u001b[91m ERR!                  from ../src/ursaNative.cc:3:\nnpm ERR! /root/.cache/node-gyp/19.4.0/include/node/openssl/rsa.h:348:27: note: declared here\nnpm ERR!   348 | OSSL_DEPRECATEDIN_3_0 int RSA_sign(int type, const unsigned char *m,\nnpm ERR!       |                           ^~~~~~~~\n\u001b[0m\u001b[91mnpm ERR! ../src/ursaNative.cc: In static member function 'static Nan::NAN_METHOD_RETURN_TYPE RsaWrap::Verify(Nan::NAN_METHOD_ARGS_TYPE)':\nnpm ERR! ../src/ursaNative.cc:982:36: error: no matching function for call to 'v8::Value::Uint32Value()'\nnpm ERR!   982 |     int nid = args[0]->Uint32Value();\nnpm ERR!       |                                    ^\n\u001b[0m\u001b[91mnpm ERR! In file included from /root/.cache/node-gyp/19.4.0/include/node/v8-primitive.h:11,\nnpm\u001b[0m\u001b[91m ERR!                  from /root/.cache/node-gyp/19.4.0/include/node/v8-object.h:11,\n\u001b[0m\u001b[91mnpm ERR!                  from /root/.cache/node-gyp/19.4.0/include/node/v8-array-buffer.h:13,\n\u001b[0m\u001b[91mnpm ERR!                  from /root/.cache/node-gyp/19.4.0/include/node/v8.h:24,\nnpm ERR!\u001b[0m\u001b[91m                  from /root/.cache/node-gyp/19.4.0/include/node/node.h:73,\nnpm\u001b[0m\u001b[91m ERR!                  from ../src/ursaNative.h:9,\n\u001b[0m\u001b[91mnpm ERR!\u001b[0m\u001b[91m                  from ../src/ursaNative.cc:3:\nnpm \u001b[0m\u001b[91mERR! /root/.cache/node-gyp/19.4.0/include/node/v8-value.h:416:41: note: candidate: 'v8::Maybe<unsigned int> v8::Value::Uint32Value(v8::Local<v8::Context>) const'\n\u001b[0m\u001b[91mnpm ERR!\u001b[0m\u001b[91m   416 |   V8_WARN_UNUSED_RESULT Maybe<uint32_t> Uint32Value(\nnpm \u001b[0m\u001b[91mERR!       |                                         ^~~~~~~~~~~\n\u001b[0m\u001b[91mnpm ERR! /root/.cache/node-gyp/19.4.0/include/node/v8-value.h:416:41: note:   candidate expects 1 argument, 0 provided\nnpm \u001b[0m\u001b[91mERR!\u001b[0m\u001b[91m ../src/ursaNative.cc:1003:68: warning: 'int RSA_verify(int, const unsigned char*, unsigned int, const unsigned char*, unsigned int, RSA*)' is deprecated: Since OpenSSL 3.0 [-Wdeprecated-declarations]\nnpm \u001b[0m\u001b[91mERR!  1003 |                          (unsigned char *) sig, sigLength, obj->rsa);\n\u001b[0m\u001b[91mnpm ERR!\u001b[0m\u001b[91m       |                                                                    ^\nnpm \u001b[0m\u001b[91mERR! In file included from ../src/ursaNative.h:13,\n\u001b[0m\u001b[91mnpm ERR!\u001b[0m\u001b[91m                  from ../src/ursaNative.cc:3:\nnpm ERR!\u001b[0m\u001b[91m /root/.cache/node-gyp/19.4.0/include/node/openssl/rsa.h:351:27: note: declared here\nnpm ERR!\u001b[0m\u001b[91m   351 | OSSL_DEPRECATEDIN_3_0 int RSA_verify(int type, const unsigned char *m,\nnpm \u001b[0m\u001b[91mERR!       |                           ^~~~~~~~~~\n\u001b[0m\u001b[91mnpm ERR!\u001b[0m\u001b[91m ../src/ursaNative.cc: In static member function 'static Nan::NAN_METHOD_RETURN_TYPE RsaWrap::AddPSSPadding(Nan::NAN_METHOD_ARGS_TYPE)':\nnpm\u001b[0m\u001b[91m ERR!\u001b[0m\u001b[91m ../src/ursaNative.cc:1044:36: error: no matching function for call to 'v8::Value::Uint32Value()'\nnpm ERR!\u001b[0m\u001b[91m  1044 |     int nid = args[0]->Uint32Value();\nnpm\u001b[0m\u001b[91m ERR!       |                                    ^\nnpm ERR!\u001b[0m\u001b[91m In file included from /root/.cache/node-gyp/19.4.0/include/node/v8-primitive.h:11,\n\u001b[0m\u001b[91mnpm ERR!\u001b[0m\u001b[91m                  from /root/.cache/node-gyp/19.4.0/include/node/v8-object.h:11,\nnpm ERR!\u001b[0m\u001b[91m                  from /root/.cache/node-gyp/19.4.0/include/node/v8-array-buffer.h:13,\nnpm \u001b[0m\u001b[91mERR!                  from /root/.cache/node-gyp/19.4.0/include/node/v8.h:24,\nnpm ERR!\u001b[0m\u001b[91m                  from /root/.cache/node-gyp/19.4.0/include/node/node.h:73,\nnpm\u001b[0m\u001b[91m ERR!                  from ../src/ursaNative.h:9,\nnpm\u001b[0m\u001b[91m ERR!                  from ../src/ursaNative.cc:3:\n\u001b[0m\u001b[91mnpm ERR! /root/.cache/node-gyp/19.4.0/include/node/v8-value.h:416:41: note: candidate: 'v8::Maybe<unsigned int> v8::Value::Uint32Value(v8::Local<v8::Context>) const'\nnpm\u001b[0m\u001b[91m ERR!   416 |   V8_WARN_UNUSED_RESULT Maybe<uint32_t> Uint32Value(\nnpm ERR!\u001b[0m\u001b[91m       |                                         ^~~~~~~~~~~\nnpm ERR! /root/.cache/node-gyp/19.4.0/include/node/v8-value.h:416:41: note:   candidate expects 1 argument, 0 provided\nnpm ERR! ../src/ursaNative.cc:1065:37: error: no matching function for call to 'v8::Value::Uint32Value()'\nnpm ERR!  1065 |     int sLen = args[2]->Uint32Value();\nnpm \u001b[0m\u001b[91mERR!       |                                     ^\nnpm ERR!\u001b[0m\u001b[91m In file included from /root/.cache/node-gyp/19.4.0/include/node/v8-primitive.h:11,\nnpm ERR!                  from /root/.cache/node-gyp/19.4.0/include/node/v8-object.h:11,\nnpm ERR!                  from /root/.cache/node-gyp/19.4.0/include/node/v8-array-buffer.h:13,\n\u001b[0m\u001b[91mnpm ERR!                  from /root/.cache/node-gyp/19.4.0/include/node/v8.h:24,\nnpm\u001b[0m\u001b[91m ERR!\u001b[0m\u001b[91m                  from /root/.cache/node-gyp/19.4.0/include/node/node.h:73,\nnpm ERR!                  from ../src/ursaNative.h:9,\n\u001b[0m\u001b[91mnpm\u001b[0m\u001b[91m ERR!                  from ../src/ursaNative.cc:3:\nnpm \u001b[0m\u001b[91mERR! /root/.cache/node-gyp/19.4.0/include/node/v8-value.h:416:41: note: candidate: 'v8::Maybe<unsigned int> v8::Value::Uint32Value(v8::Local<v8::Context>) const'\nnpm ERR!   416 |   V8_WARN_UNUSED_RESULT Maybe<uint32_t> Uint32Value(\n\u001b[0m\u001b[91mnpm ERR!       |                                         ^~~~~~~~~~~\nnpm\u001b[0m\u001b[91m ERR! /root/.cache/node-gyp/19.4.0/include/node/v8-value.h:416:41: note:   candidate expects 1 argument, 0 provided\nnpm ERR! ../src/ursaNative.cc:1067:61: warning: 'int RSA_size(const RSA*)' is deprecated: Since OpenSSL 3.0 [-Wdeprecated-declarations]\n\u001b[0m\u001b[91mnpm ERR!  1067 |     unsigned int emLength = (unsigned int) RSA_size(obj->rsa);\nnpm \u001b[0m\u001b[91mERR!       |                                                             ^\n\u001b[0m\u001b[91mnpm ERR! In file included from ../src/ursaNative.h:13,\nnpm ERR!\u001b[0m\u001b[91m                  from ../src/ursaNative.cc:3:\nnpm ERR! /root/.cache/node-gyp/19.4.0/include/node/openssl/rsa.h:204:27: note: declared here\nnpm ERR!   204 | OSSL_DEPRECATEDIN_3_0 int RSA_size(const RSA *rsa);\nnpm ERR!\u001b[0m\u001b[91m       |                           ^~~~~~~~\nnpm ERR! ../src/ursaNative.cc:1072:55: warning: 'int RSA_padding_add_PKCS1_PSS(RSA*, unsigned char*, const unsigned char*, const EVP_MD*, int)' is deprecated: Since OpenSSL 3.0 [-Wdeprecated-declarations]\n\u001b[0m\u001b[91mnpm ERR!\u001b[0m\u001b[91m  1072 |                     (unsigned char*) mHash, Hash, sLen);\nnpm ERR!       |                                                       ^\n\u001b[0m\u001b[91mnpm ERR!\u001b[0m\u001b[91m In file included from ../src/ursaNative.h:13,\nnpm ERR!                  from ../src/ursaNative.cc:3:\nnpm\u001b[0m\u001b[91m ERR! /root/.cache/node-gyp/19.4.0/include/node/openssl/rsa.h:428:5: note: declared here\nnpm \u001b[0m\u001b[91mERR!   428 | int RSA_padding_add_PKCS1_PSS(RSA *rsa, unsigned char *EM,\nnpm ERR!       |     ^~~~~~~~~~~~~~~~~~~~~~~~~\nnpm ERR!\u001b[0m\u001b[91m ../src/ursaNative.cc: In static member function 'static Nan::NAN_METHOD_RETURN_TYPE RsaWrap::VerifyPSSPadding(Nan::NAN_METHOD_ARGS_TYPE)':\nnpm ERR! ../src/ursaNative.cc:1102:36: error: no matching function for call to 'v8::Value::Uint32Value()'\nnpm ERR!  1102 |     int nid = args[0]->Uint32Value();\n\u001b[0m\u001b[91mnpm ERR!       |                                    ^\nnpm ERR! In file included from /root/.cache/node-gyp/19.4.0/include/node/v8-primitive.h:11,\nnpm ERR!                  from /root/.cache/node-gyp/19.4.0/include/node/v8-object.h:11,\nnpm ERR!                  from /root/.cache/node-gyp/19.4.0/include/node/v8-array-buffer.h:13,\nnpm ERR!\u001b[0m\u001b[91m                  from /root/.cache/node-gyp/19.4.0/include/node/v8.h:24,\nnpm ERR!                  from /root/.cache/node-gyp/19.4.0/include/node/node.h:73,\nnpm ERR!                  from ../src/ursaNative.h:9,\nnpm ERR!                  from ../src/ursaNative.cc:3:\nnpm ERR! /root/.cache/node-gyp/19.4.0/include/node/v8-value.h:416:41: note: candidate: 'v8::Maybe<unsigned int> v8::Value::Uint32Value(v8::Local<v8::Context>) const'\nnpm ERR!   416 |   V8_WARN_UNUSED_RESULT Maybe<uint32_t> Uint32Value(\n\u001b[0m\u001b[91mnpm ERR!       |                                         ^~~~~~~~~~~\nnpm ERR!\u001b[0m\u001b[91m /root/.cache/node-gyp/19.4.0/include/node/v8-value.h:416:41: note:   candidate expects 1 argument, 0 provided\nnpm \u001b[0m\u001b[91mERR! ../src/ursaNative.cc:1124:69: warning: 'int RSA_size(const RSA*)' is deprecated: Since OpenSSL 3.0 [-Wdeprecated-declarations]\nnpm ERR!\u001b[0m\u001b[91m  1124 |     if (node::Buffer::Length(emBuffer) != (size_t) RSA_size(obj->rsa)) {\nnpm ERR!       |                                                                     ^\n\u001b[0m\u001b[91mnpm ERR! In file included from ../src/ursaNative.h:13,\nnpm ERR!                  from ../src/ursaNative.cc:3:\nnpm ERR! /root/.cache/node-gyp/19.4.0/include/node/openssl/rsa.h:204:27: note: declared here\nnpm ERR!\u001b[0m\u001b[91m   204 | OSSL_DEPRECATEDIN_3_0 int RSA_size(const RSA *rsa);\nnpm ERR!       |                           ^~~~~~~~\n\u001b[0m\u001b[91mnpm ERR!\u001b[0m\u001b[91m ../src/ursaNative.cc:1135:37: error: no matching function for call to 'v8::Value::Uint32Value()'\nnpm \u001b[0m\u001b[91mERR!  1135 |     int sLen = args[3]->Uint32Value();\nnpm ERR!       |                                     ^\n\u001b[0m\u001b[91mnpm ERR! In file included from /root/.cache/node-gyp/19.4.0/include/node/v8-primitive.h:11,\nnpm ERR!                  from /root/.cache/node-gyp/19.4.0/include/node/v8-object.h:11,\n\u001b[0m\u001b[91mnpm \u001b[0m\u001b[91mERR!                  from /root/.cache/node-gyp/19.4.0/include/node/v8-array-buffer.h:13,\nnpm ERR!                  from /root/.cache/node-gyp/19.4.0/include/node/v8.h:24,\nnpm ERR!                  from /root/.cache/node-gyp/19.4.0/include/node/node.h:73,\nnpm ERR!\u001b[0m\u001b[91m                  from ../src/ursaNative.h:9,\nnpm\u001b[0m\u001b[91m ERR!                  from ../src/ursaNative.cc:3:\n\u001b[0m\u001b[91mnpm ERR!\u001b[0m\u001b[91m /root/.cache/node-gyp/19.4.0/include/node/v8-value.h:416:41: note: candidate: 'v8::Maybe<unsigned int> v8::Value::Uint32Value(v8::Local<v8::Context>) const'\nnpm \u001b[0m\u001b[91mERR!   416 |   V8_WARN_UNUSED_RESULT Maybe<uint32_t> Uint32Value(\nnpm ERR!\u001b[0m\u001b[91m       |                                         ^~~~~~~~~~~\nnpm\u001b[0m\u001b[91m ERR!\u001b[0m\u001b[91m /root/.cache/node-gyp/19.4.0/include/node/v8-value.h:416:41: note:   candidate expects 1 argument, 0 provided\nnpm \u001b[0m\u001b[91mERR! ../src/ursaNative.cc:1138:76: warning: 'int RSA_verify_PKCS1_PSS(RSA*, const unsigned char*, const EVP_MD*, const unsigned char*, int)' is deprecated: Since OpenSSL 3.0 [-Wdeprecated-declarations]\nnpm ERR!  1138 |                     (unsigned char*) mHash, Hash, (unsigned char*) EM, sLen);\nnpm ERR!       |                                                                            ^\nnpm ERR! In file included from ../src/ursaNative.h:13,\nnpm ERR!                  from ../src/ursaNative.cc:3:\n\u001b[0m\u001b[91mnpm ERR! /root/.cache/node-gyp/19.4.0/include/node/openssl/rsa.h:424:5: note: declared here\nnpm ERR!   424 | int RSA_verify_PKCS1_PSS(RSA *rsa, const unsigned char *mHash,\nnpm\u001b[0m\u001b[91m ERR!       |     ^~~~~~~~~~~~~~~~~~~~\nnpm \u001b[0m\u001b[91mERR! ../src/ursaNative.cc: In static member function 'static Nan::NAN_METHOD_RETURN_TYPE RsaWrap::CreatePrivateKeyFromComponents(Nan::NAN_METHOD_ARGS_TYPE)':\nnpm ERR!\u001b[0m\u001b[91m ../src/ursaNative.cc:1170:24: warning: 'RSA* RSA_new()' is deprecated: Since OpenSSL 3.0 [-Wdeprecated-declarations]\nnpm ERR!  1170 |     obj->rsa = RSA_new();\n\u001b[0m\u001b[91mnpm ERR!       |                        ^\nnpm\u001b[0m\u001b[91m ERR! In file included from ../src/ursaNative.h:13,\nnpm ERR!                  from ../src/ursaNative.cc:3:\nnpm\u001b[0m\u001b[91m ERR! /root/.cache/node-gyp/19.4.0/include/node/openssl/rsa.h:201:28: note: declared here\nnpm ERR!\u001b[0m\u001b[91m   201 | OSSL_DEPRECATEDIN_3_0 RSA *RSA_new(void);\nnpm \u001b[0m\u001b[91mERR!       |                            ^~~~~~~\nnpm\u001b[0m\u001b[91m ERR! ../src/ursaNative.cc:1218:17: error: invalid use of incomplete type 'RSA' {aka 'struct rsa_st'}\nnpm ERR!  1218 |         obj->rsa->n = modulus;\nnpm ERR!       |                 ^~\nnpm ERR!\u001b[0m\u001b[91m In file included from /root/.cache/node-gyp/19.4.0/include/node/openssl/././archs/linux-x86_64/asm/include/openssl/crypto.h:36,\nnpm ERR!                  from /root/.cache/node-gyp/19.4.0/include/node/openssl/./crypto_asm.h:11,\nnpm \u001b[0m\u001b[91mERR!                  from /root/.cache/node-gyp/19.4.0/include/node/openssl/crypto.h:4,\nnpm \u001b[0m\u001b[91mERR!                  from /root/.cache/node-gyp/19.4.0/include/node/openssl/././archs/linux-x86_64/asm/include/openssl/bio.h:30,\n\u001b[0m\u001b[91mnpm ERR!                  from /root/.cache/node-gyp/19.4.0/include/node/openssl/./bio_asm.h:11,\nnpm ERR!\u001b[0m\u001b[91m                  from /root/.cache/node-gyp/19.4.0/include/node/openssl/bio.h:4,\nnpm ERR!                  from /root/.cache/node-gyp/19.4.0/include/node/openssl/././archs/linux-x86_64/asm/include/openssl/asn1.h:27,\n\u001b[0m\u001b[91mnpm ERR!                  from /root/.cache/node-gyp/19.4.0/include/node/openssl/./asn1_asm.h:11,\nnpm\u001b[0m\u001b[91m ERR!                  from /root/.cache/node-gyp/19.4.0/include/node/openssl/asn1.h:4,\nnpm ERR!\u001b[0m\u001b[91m                  from /root/.cache/node-gyp/19.4.0/include/node/openssl/rsa.h:21,\nnpm ERR!                  from ../src/ursaNative.h:13,\nnpm ERR!                  from ../src/ursaNative.cc:3:\nnpm \u001b[0m\u001b[91mERR! /root/.cache/node-gyp/19.4.0/include/node/openssl/types.h:143:16: note: forward declaration of 'RSA' {aka 'struct rsa_st'}\nnpm ERR!   143 | typedef struct rsa_st RSA;\n\u001b[0m\u001b[91mnpm ERR!       |                ^~~~~~\n\u001b[0m\u001b[91mnpm ERR!\u001b[0m\u001b[91m ../src/ursaNative.cc:1219:17: error: invalid use of incomplete type 'RSA' {aka 'struct rsa_st'}\nnpm\u001b[0m\u001b[91m ERR!\u001b[0m\u001b[91m  1219 |         obj->rsa->e = exponent;\nnpm \u001b[0m\u001b[91mERR!       |                 ^~\n\u001b[0m\u001b[91mnpm ERR! In file included from /root/.cache/node-gyp/19.4.0/include/node/openssl/././archs/linux-x86_64/asm/include/openssl/crypto.h:36,\nnpm ERR!                  from /root/.cache/node-gyp/19.4.0/include/node/openssl/./crypto_asm.h:11,\nnpm ERR!                  from /root/.cache/node-gyp/19.4.0/include/node/openssl/crypto.h:4,\n\u001b[0m\u001b[91mnpm ERR!\u001b[0m\u001b[91m                  from /root/.cache/node-gyp/19.4.0/include/node/openssl/././archs/linux-x86_64/asm/include/openssl/bio.h:30,\nnpm ERR!                  from /root/.cache/node-gyp/19.4.0/include/node/openssl/./bio_asm.h:11,\nnpm\u001b[0m\u001b[91m ERR!                  from /root/.cache/node-gyp/19.4.0/include/node/openssl/bio.h:4,\n\u001b[0m\u001b[91mnpm ERR!                  from /root/.cache/node-gyp/19.4.0/include/node/openssl/././archs/linux-x86_64/asm/include/openssl/asn1.h:27,\nnpm\u001b[0m\u001b[91m ERR!                  from /root/.cache/node-gyp/19.4.0/include/node/openssl/./asn1_asm.h:11,\nnpm\u001b[0m\u001b[91m ERR!                  from /root/.cache/node-gyp/19.4.0/include/node/openssl/asn1.h:4,\nnpm \u001b[0m\u001b[91mERR!                  from /root/.cache/node-gyp/19.4.0/include/node/openssl/rsa.h:21,\nnpm ERR!\u001b[0m\u001b[91m                  from ../src/ursaNative.h:13,\nnpm\u001b[0m\u001b[91m ERR!                  from ../src/ursaNative.cc:3:\nnpm \u001b[0m\u001b[91mERR! /root/.cache/node-gyp/19.4.0/include/node/openssl/types.h:143:16: note: forward declaration of 'RSA' {aka 'struct rsa_st'}\nnpm ERR!\u001b[0m\u001b[91m   143 | typedef struct rsa_st RSA;\n\u001b[0m\u001b[91mnpm ERR!       |                ^~~~~~\nnpm ERR!\u001b[0m\u001b[91m ../src/ursaNative.cc:1220:17: error: invalid use of incomplete type 'RSA' {aka 'struct rsa_st'}\nnpm \u001b[0m\u001b[91mERR!  1220 |         obj->rsa->p = p;\nnpm ERR!\u001b[0m\u001b[91m       |                 ^~\nnpm ERR!\u001b[0m\u001b[91m In file included from /root/.cache/node-gyp/19.4.0/include/node/openssl/././archs/linux-x86_64/asm/include/openssl/crypto.h:36,\nnpm ERR!                  from /root/.cache/node-gyp/19.4.0/include/node/openssl/./crypto_asm.h:11,\n\u001b[0m\u001b[91mnpm ERR!                  from /root/.cache/node-gyp/19.4.0/include/node/openssl/crypto.h:4,\nnpm ERR!                  from /root/.cache/node-gyp/19.4.0/include/node/openssl/././archs/linux-x86_64/asm/include/openssl/bio.h:30,\nnpm ERR!\u001b[0m\u001b[91m                  from /root/.cache/node-gyp/19.4.0/include/node/openssl/./bio_asm.h:11,\nnpm ERR!                  from /root/.cache/node-gyp/19.4.0/include/node/openssl/bio.h:4,\nnpm ERR!\u001b[0m\u001b[91m                  from /root/.cache/node-gyp/19.4.0/include/node/openssl/././archs/linux-x86_64/asm/include/openssl/asn1.h:27,\nnpm ERR!                  from /root/.cache/node-gyp/19.4.0/include/node/openssl/./asn1_asm.h:11,\nnpm \u001b[0m\u001b[91mERR!                  from /root/.cache/node-gyp/19.4.0/include/node/openssl/asn1.h:4,\nnpm ERR!                  from /root/.cache/node-gyp/19.4.0/include/node/openssl/rsa.h:21,\nnpm\u001b[0m\u001b[91m ERR!\u001b[0m\u001b[91m                  from ../src/ursaNative.h:13,\nnpm ERR!                  from ../src/ursaNative.cc:3:\nnpm\u001b[0m\u001b[91m ERR! /root/.cache/node-gyp/19.4.0/include/node/openssl/types.h:143:16: note: forward declaration of 'RSA' {aka 'struct rsa_st'}\nnpm \u001b[0m\u001b[91mERR!   143 | typedef struct rsa_st RSA;\nnpm ERR!       |                ^~~~~~\nnpm\u001b[0m\u001b[91m ERR! ../src/ursaNative.cc:1221:17: error: invalid use of incomplete type 'RSA' {aka 'struct rsa_st'}\n\u001b[0m\u001b[91mnpm ERR!  1221 |         obj->rsa->q = q;\n\u001b[0m\u001b[91mnpm ERR!       |                 ^~\n\u001b[0m\u001b[91mnpm ERR!\u001b[0m\u001b[91m In file included from /root/.cache/node-gyp/19.4.0/include/node/openssl/././archs/linux-x86_64/asm/include/openssl/crypto.h:36,\nnpm ERR!\u001b[0m\u001b[91m                  from /root/.cache/node-gyp/19.4.0/include/node/openssl/./crypto_asm.h:11,\nnpm \u001b[0m\u001b[91mERR!                  from /root/.cache/node-gyp/19.4.0/include/node/openssl/crypto.h:4,\nnpm ERR!\u001b[0m\u001b[91m                  from /root/.cache/node-gyp/19.4.0/include/node/openssl/././archs/linux-x86_64/asm/include/openssl/bio.h:30,\nnpm\u001b[0m\u001b[91m ERR!                  from /root/.cache/node-gyp/19.4.0/include/node/openssl/./bio_asm.h:11,\nnpm ERR!\u001b[0m\u001b[91m                  from /root/.cache/node-gyp/19.4.0/include/node/openssl/bio.h:4,\nnpm ERR!                  from /root/.cache/node-gyp/19.4.0/include/node/openssl/././archs/linux-x86_64/asm/include/openssl/asn1.h:27,\nnpm ERR!                  from /root/.cache/node-gyp/19.4.0/include/node/openssl/./asn1_asm.h:11,\nnpm ERR!\u001b[0m\u001b[91m                  from /root/.cache/node-gyp/19.4.0/include/node/openssl/asn1.h:4,\nnpm ERR!                  from /root/.cache/node-gyp/19.4.0/include/node/openssl/rsa.h:21,\nnpm ERR!                  from ../src/ursaNative.h:13,\nnpm ERR!                  from ../src/ursaNative.cc:3:\nnpm\u001b[0m\u001b[91m ERR!\u001b[0m\u001b[91m /root/.cache/node-gyp/19.4.0/include/node/openssl/types.h:143:16: note: forward declaration of 'RSA' {aka 'struct rsa_st'}\nnpm ERR!\u001b[0m\u001b[91m   143 | typedef struct rsa_st RSA;\nnpm ERR!       |                ^~~~~~\n\u001b[0m\u001b[91mnpm \u001b[0m\u001b[91mERR! ../src/ursaNative.cc:1222:17: error: invalid use of incomplete type 'RSA' {aka 'struct rsa_st'}\nnpm ERR!  1222 |         obj->rsa->dmp1 = dp;\nnpm ERR!       |                 ^~\nnpm\u001b[0m\u001b[91m ERR! In file included from /root/.cache/node-gyp/19.4.0/include/node/openssl/././archs/linux-x86_64/asm/include/openssl/crypto.h:36,\nnpm ERR!\u001b[0m\u001b[91m                  from /root/.cache/node-gyp/19.4.0/include/node/openssl/./crypto_asm.h:11,\nnpm ERR!                  from /root/.cache/node-gyp/19.4.0/include/node/openssl/crypto.h:4,\nnpm ERR!\u001b[0m\u001b[91m                  from /root/.cache/node-gyp/19.4.0/include/node/openssl/././archs/linux-x86_64/asm/include/openssl/bio.h:30,\nnpm ERR!                  from /root/.cache/node-gyp/19.4.0/include/node/openssl/./bio_asm.h:11,\nnpm \u001b[0m\u001b[91mERR!                  from /root/.cache/node-gyp/19.4.0/include/node/openssl/bio.h:4,\nnpm \u001b[0m\u001b[91mERR!                  from /root/.cache/node-gyp/19.4.0/include/node/openssl/././archs/linux-x86_64/asm/include/openssl/asn1.h:27,\nnpm\u001b[0m\u001b[91m ERR!                  from /root/.cache/node-gyp/19.4.0/include/node/openssl/./asn1_asm.h:11,\nnpm ERR!                  from /root/.cache/node-gyp/19.4.0/include/node/openssl/asn1.h:4,\nnpm ERR!\u001b[0m\u001b[91m                  from /root/.cache/node-gyp/19.4.0/include/node/openssl/rsa.h:21,\nnpm\u001b[0m\u001b[91m ERR!                  from ../src/ursaNative.h:13,\n\u001b[0m\u001b[91mnpm ERR!                  from ../src/ursaNative.cc:3:\nnpm ERR! /root/.cache/node-gyp/19.4.0/include/node/openssl/types.h:143:16: note: forward declaration of 'RSA' {aka 'struct rsa_st'}\nnpm ERR!   143 | typedef struct rsa_st RSA;\nnpm ERR!\u001b[0m\u001b[91m       |                ^~~~~~\nnpm ERR! ../src/ursaNative.cc:1223:17: error: invalid use of incomplete type 'RSA' {aka 'struct rsa_st'}\nnpm\u001b[0m\u001b[91m ERR!\u001b[0m\u001b[91m  1223 |         obj->rsa->dmq1 = dq;\nnpm ERR!       |                 ^~\nnpm\u001b[0m\u001b[91m ERR!\u001b[0m\u001b[91m In file included from /root/.cache/node-gyp/19.4.0/include/node/openssl/././archs/linux-x86_64/asm/include/openssl/crypto.h:36,\nnpm \u001b[0m\u001b[91mERR!                  from /root/.cache/node-gyp/19.4.0/include/node/openssl/./crypto_asm.h:11,\nnpm\u001b[0m\u001b[91m ERR!                  from /root/.cache/node-gyp/19.4.0/include/node/openssl/crypto.h:4,\n\u001b[0m\u001b[91mnpm ERR!\u001b[0m\u001b[91m                  from /root/.cache/node-gyp/19.4.0/include/node/openssl/././archs/linux-x86_64/asm/include/openssl/bio.h:30,\nnpm ERR!                  from /root/.cache/node-gyp/19.4.0/include/node/openssl/./bio_asm.h:11,\nnpm ERR!                  from /root/.cache/node-gyp/19.4.0/include/node/openssl/bio.h:4,\nnpm ERR!                  from /root/.cache/node-gyp/19.4.0/include/node/openssl/././archs/linux-x86_64/asm/include/openssl/asn1.h:27,\nnpm ERR!                  from /root/.cache/node-gyp/19.4.0/include/node/openssl/./asn1_asm.h:11,\nnpm \u001b[0m\u001b[91mERR!                  from /root/.cache/node-gyp/19.4.0/include/node/openssl/asn1.h:4,\nnpm ERR!                  from /root/.cache/node-gyp/19.4.0/include/node/openssl/rsa.h:21,\nnpm\u001b[0m\u001b[91m ERR!                  from ../src/ursaNative.h:13,\n\u001b[0m\u001b[91mnpm ERR!                  from ../src/ursaNative.cc:3:\nnpm ERR! /root/.cache/node-gyp/19.4.0/include/node/openssl/types.h:143:16: note: forward declaration of 'RSA' {aka 'struct rsa_st'}\nnpm \u001b[0m\u001b[91mERR!   143 | typedef struct rsa_st RSA;\nnpm ERR!       |                ^~~~~~\nnpm ERR! ../src/ursaNative.cc:1224:17: error: invalid use of incomplete type 'RSA' {aka 'struct rsa_st'}\nnpm \u001b[0m\u001b[91mERR!  1224 |         obj->rsa->iqmp = inverseQ;\nnpm ERR!\u001b[0m\u001b[91m       |                 ^~\nnpm ERR!\u001b[0m\u001b[91m In file included from /root/.cache/node-gyp/19.4.0/include/node/openssl/././archs/linux-x86_64/asm/include/openssl/crypto.h:36,\nnpm ERR!                  from /root/.cache/node-gyp/19.4.0/include/node/openssl/./crypto_asm.h:11,\nnpm ERR!                  from /root/.cache/node-gyp/19.4.0/include/node/openssl/crypto.h:4,\nnpm \u001b[0m\u001b[91mERR!                  from /root/.cache/node-gyp/19.4.0/include/node/openssl/././archs/linux-x86_64/asm/include/openssl/bio.h:30,\nnpm\u001b[0m\u001b[91m ERR!                  from /root/.cache/node-gyp/19.4.0/include/node/openssl/./bio_asm.h:11,\nnpm ERR!                  from /root/.cache/node-gyp/19.4.0/include/node/openssl/bio.h:4,\nnpm ERR!\u001b[0m\u001b[91m                  from /root/.cache/node-gyp/19.4.0/include/node/openssl/././archs/linux-x86_64/asm/include/openssl/asn1.h:27,\nnpm ERR!\u001b[0m\u001b[91m                  from /root/.cache/node-gyp/19.4.0/include/node/openssl/./asn1_asm.h:11,\nnpm ERR!                  from /root/.cache/node-gyp/19.4.0/include/node/openssl/asn1.h:4,\nnpm\u001b[0m\u001b[91m ERR!                  from /root/.cache/node-gyp/19.4.0/include/node/openssl/rsa.h:21,\nnpm ERR!\u001b[0m\u001b[91m                  from ../src/ursaNative.h:13,\nnpm ERR!\u001b[0m\u001b[91m                  from ../src/ursaNative.cc:3:\nnpm ERR! /root/.cache/node-gyp/19.4.0/include/node/openssl/types.h:143:16: note: forward declaration of 'RSA' {aka 'struct rsa_st'}\nnpm\u001b[0m\u001b[91m ERR!   143 | typedef struct rsa_st RSA;\nnpm\u001b[0m\u001b[91m ERR!       |                ^~~~~~\nnpm \u001b[0m\u001b[91mERR! ../src/ursaNative.cc:1225:17: error: invalid use of incomplete type 'RSA' {aka 'struct rsa_st'}\n\u001b[0m\u001b[91mnpm ERR!  1225 |         obj->rsa->d = d;\nnpm \u001b[0m\u001b[91mERR!       |                 ^~\nnpm ERR!\u001b[0m\u001b[91m In file included from /root/.cache/node-gyp/19.4.0/include/node/openssl/././archs/linux-x86_64/asm/include/openssl/crypto.h:36,\nnpm\u001b[0m\u001b[91m ERR!                  from /root/.cache/node-gyp/19.4.0/include/node/openssl/./crypto_asm.h:11,\nnpm \u001b[0m\u001b[91mERR!                  from /root/.cache/node-gyp/19.4.0/include/node/openssl/crypto.h:4,\nnpm ERR!\u001b[0m\u001b[91m                  from /root/.cache/node-gyp/19.4.0/include/node/openssl/././archs/linux-x86_64/asm/include/openssl/bio.h:30,\nnpm ERR!                  from /root/.cache/node-gyp/19.4.0/include/node/openssl/./bio_asm.h:11,\n\u001b[0m\u001b[91mnpm ERR!                  from /root/.cache/node-gyp/19.4.0/include/node/openssl/bio.h:4,\nnpm ERR!\u001b[0m\u001b[91m                  from /root/.cache/node-gyp/19.4.0/include/node/openssl/././archs/linux-x86_64/asm/include/openssl/asn1.h:27,\nnpm ERR!                  from /root/.cache/node-gyp/19.4.0/include/node/openssl/./asn1_asm.h:11,\nnpm ERR!                  from /root/.cache/node-gyp/19.4.0/include/node/openssl/asn1.h:4,\n\u001b[0m\u001b[91mnpm ERR!                  from /root/.cache/node-gyp/19.4.0/include/node/openssl/rsa.h:21,\nnpm ERR!\u001b[0m\u001b[91m                  from ../src/ursaNative.h:13,\nnpm ERR!\u001b[0m\u001b[91m                  from ../src/ursaNative.cc:3:\nnpm \u001b[0m\u001b[91mERR! /root/.cache/node-gyp/19.4.0/include/node/openssl/types.h:143:16: note: forward declaration of 'RSA' {aka 'struct rsa_st'}\nnpm \u001b[0m\u001b[91mERR!   143 | typedef struct rsa_st RSA;\nnpm ERR!       |                ^~~~~~\nnpm ERR!\u001b[0m\u001b[91m ../src/ursaNative.cc: In static member function 'static Nan::NAN_METHOD_RETURN_TYPE RsaWrap::CreatePublicKeyFromComponents(Nan::NAN_METHOD_ARGS_TYPE)':\nnpm \u001b[0m\u001b[91mERR! ../src/ursaNative.cc:1252:24: warning: 'RSA* RSA_new()' is deprecated: Since OpenSSL 3.0 [-Wdeprecated-declarations]\nnpm ERR!\u001b[0m\u001b[91m  1252 |     obj->rsa = RSA_new();\nnpm ERR!       |                        ^\nnpm ERR! In file included from ../src/ursaNative.h:13,\nnpm ERR!                  from ../src/ursaNative.cc:3:\nnpm \u001b[0m\u001b[91mERR! /root/.cache/node-gyp/19.4.0/include/node/openssl/rsa.h:201:28: note: declared here\nnpm\u001b[0m\u001b[91m ERR!   201 | OSSL_DEPRECATEDIN_3_0 RSA *RSA_new(void);\nnpm ERR!\u001b[0m\u001b[91m       |                            ^~~~~~~\nnpm ERR! ../src/ursaNative.cc:1270:17: error: invalid use of incomplete type 'RSA' {aka 'struct rsa_st'}\nnpm ERR!  1270 |         obj->rsa->n = modulus;\nnpm \u001b[0m\u001b[91mERR!       |                 ^~\nnpm ERR! In file included from /root/.cache/node-gyp/19.4.0/include/node/openssl/././archs/linux-x86_64/asm/include/openssl/crypto.h:36,\nnpm ERR!\u001b[0m\u001b[91m                  from /root/.cache/node-gyp/19.4.0/include/node/openssl/./crypto_asm.h:11,\nnpm ERR!                  from /root/.cache/node-gyp/19.4.0/include/node/openssl/crypto.h:4,\nnpm \u001b[0m\u001b[91mERR!                  from /root/.cache/node-gyp/19.4.0/include/node/openssl/././archs/linux-x86_64/asm/include/openssl/bio.h:30,\nnpm ERR!                  from /root/.cache/node-gyp/19.4.0/include/node/openssl/./bio_asm.h:11,\nnpm ERR!                  from /root/.cache/node-gyp/19.4.0/include/node/openssl/bio.h:4,\nnpm ERR!\u001b[0m\u001b[91m                  from /root/.cache/node-gyp/19.4.0/include/node/openssl/././archs/linux-x86_64/asm/include/openssl/asn1.h:27,\nnpm \u001b[0m\u001b[91mERR!                  from /root/.cache/node-gyp/19.4.0/include/node/openssl/./asn1_asm.h:11,\nnpm\u001b[0m\u001b[91m ERR!                  from /root/.cache/node-gyp/19.4.0/include/node/openssl/asn1.h:4,\nnpm ERR!                  from /root/.cache/node-gyp/19.4.0/include/node/openssl/rsa.h:21,\n\u001b[0m\u001b[91mnpm ERR!                  from ../src/ursaNative.h:13,\nnpm ERR!                  from ../src/ursaNative.cc:3:\nnpm ERR! /root/.cache/node-gyp/19.4.0/include/node/openssl/types.h:143:16: note: forward declaration of 'RSA' {aka 'struct rsa_st'}\nnpm ERR!   143 | typedef struct rsa_st RSA;\nnpm ERR!       |                ^~~~~~\nnpm ERR! ../src/ursaNative.cc:1271:17: error: invalid use of incomplete type 'RSA' {aka 'struct rsa_st'}\nnpm ERR!  1271 |         obj->rsa->e = exponent;\nnpm ERR!       |                 ^~\nnpm ERR! In file included from /root/.cache/node-gyp/19.4.0/include/node/openssl/././archs/linux-x86_64/asm/include/openssl/crypto.h:36,\nnpm ERR!                  from /root/.cache/node-gyp/19.4.0/include/node/openssl/./crypto_asm.h:11,\n\u001b[0m\u001b[91mnpm ERR!                  from /root/.cache/node-gyp/19.4.0/include/node/openssl/crypto.h:4,\nnpm ERR!                  from /root/.cache/node-gyp/19.4.0/include/node/openssl/././archs/linux-x86_64/asm/include/openssl/bio.h:30,\nnpm ERR!                  from /root/.cache/node-gyp/19.4.0/include/node/openssl/./bio_asm.h:11,\nnpm ERR!\u001b[0m\u001b[91m                  from /root/.cache/node-gyp/19.4.0/include/node/openssl/bio.h:4,\nnpm ERR!                  from /root/.cache/node-gyp/19.4.0/include/node/openssl/././archs/linux-x86_64/asm/include/openssl/asn1.h:27,\n\u001b[0m\u001b[91mnpm ERR!                  from /root/.cache/node-gyp/19.4.0/include/node/openssl/./asn1_asm.h:11,\nnpm ERR!\u001b[0m\u001b[91m                  from /root/.cache/node-gyp/19.4.0/include/node/openssl/asn1.h:4,\nnpm\u001b[0m\u001b[91m ERR!                  from /root/.cache/node-gyp/19.4.0/include/node/openssl/rsa.h:21,\nnpm ERR!\u001b[0m\u001b[91m                  from ../src/ursaNative.h:13,\nnpm ERR!\u001b[0m\u001b[91m                  from ../src/ursaNative.cc:3:\nnpm ERR!\u001b[0m\u001b[91m /root/.cache/node-gyp/19.4.0/include/node/openssl/types.h:143:16: note: forward declaration of 'RSA' {aka 'struct rsa_st'}\nnpm \u001b[0m\u001b[91mERR!   143 | typedef struct rsa_st RSA;\nnpm\u001b[0m\u001b[91m ERR!       |                ^~~~~~\nnpm ERR! ../src/ursaNative.cc: At global scope:\nnpm ERR! ../src/ursaNative.cc:100:36: warning: 'Nan::NAN_METHOD_RETURN_TYPE bignumToBuffer(Nan::NAN_METHOD_ARGS_TYPE, BIGNUM*)' defined but not used [-Wunused-function]\nnpm ERR!   100 | static Nan::NAN_METHOD_RETURN_TYPE bignumToBuffer(Nan::NAN_METHOD_ARGS_TYPE args,\nnpm ERR!       |                                    ^~~~~~~~~~~~~~\nnpm \u001b[0m\u001b[91mERR! make: *** [ursaNative.target.mk:113: Release/obj.target/ursaNative/src/ursaNative.o] Error 1\nnpm ERR!\u001b[0m\u001b[91m gyp ERR! build error \nnpm ERR!\u001b[0m\u001b[91m gyp ERR! stack Error: `make` failed with exit code: 2\nnpm ERR! gyp ERR! stack     at ChildProcess.onExit (/usr/local/lib/node_modules/npm/node_modules/node-gyp/lib/build.js:203:23)\nnpm ERR! gyp ERR! stack     at ChildProcess.emit (node:events:513:28)\n\u001b[0m\u001b[91mnpm ERR!\u001b[0m\u001b[91m gyp ERR! stack     at ChildProcess._handle.onexit (node:internal/child_process:293:12)\nnpm ERR! gyp ERR! System Linux 5.4.0-113-generic\nnpm ERR! gyp ERR! command \"/usr/local/bin/node\" \"/usr/local/lib/node_modules/npm/node_modules/node-gyp/bin/node-gyp.js\" \"rebuild\"\nnpm ERR! gyp ERR! cwd /src/node_modules/ursa\n\u001b[0m\u001b[91mnpm ERR!\u001b[0m\u001b[91m gyp ERR! node -v v19.4.0\nnpm ERR! gyp ERR! node-gyp -v v9.3.0\nnpm ERR!\u001b[0m\u001b[91m gyp ERR! not ok\n\u001b[0m\u001b[91m\n\u001b[0m\u001b[91mnpm ERR! A complete log of this run can be found in:\nnpm ERR!     /root/.npm/_logs/2023-01-08T13_30_43_829Z-debug-0.log\n\u001b[0mRemoving intermediate container 9d52e2b1103b\n","stderr":"The command '/bin/sh -c npm install' returned a non-zero code: 1\n"}}