{"repository":"https://github.com/gjacquenot/puma-em","dockerfilePath":"Dockerfile","startTime":1672511197161,"clone":{"stdout":"","stderr":"Cloning into '/tmp/dinghy-analysis/gjacquenot/puma-em'...\n","error":null,"commit":"769b171adc89d44fa0c377fd332e273f26fdd68d"},"originalBuild":{"startTimestamp":1672511198105,"endTimestamp":1672511470678,"error":{"code":2,"killed":false,"signal":null,"cmd":"docker build --no-cache --force-rm -t puma-em:latest -f /tmp/dinghy-analysis/gjacquenot/puma-em/Dockerfile ."},"stdout":"Sending build context to Docker daemon  4.096kB\r\r\nStep 1/3 : FROM debian:buster-slim\n ---> 101a5b2953f2\nStep 2/3 : RUN apt-get update  && apt-get install --yes --no-install-recommends    autoconf     automake     cvs     g++     gfortran     gmsh     libtool     make     openmpi-bin     python-dev     python-matplotlib     python-mpi4py     python-scipy     python-tk     libopenmpi-dev     dvipng     wget\n ---> Running in ba28c2c838dc\nGet:1 http://deb.debian.org/debian buster InRelease [122 kB]\nGet:2 http://deb.debian.org/debian-security buster/updates InRelease [34.8 kB]\nGet:3 http://deb.debian.org/debian buster-updates InRelease [56.6 kB]\nGet:4 http://deb.debian.org/debian buster/main amd64 Packages [7909 kB]\nGet:5 http://deb.debian.org/debian-security buster/updates/main amd64 Packages [422 kB]\nGet:6 http://deb.debian.org/debian buster-updates/main amd64 Packages [8788 B]\nFetched 8553 kB in 2s (3874 kB/s)\nReading package lists...\nReading package lists...\nBuilding dependency tree...\nReading state information...\nThe following additional packages will be installed:\n  autotools-dev binutils binutils-common binutils-x86-64-linux-gnu blt cpp\n  cpp-8 file fontconfig-config fonts-dejavu-core fonts-lyx g++-8 gcc gcc-8\n  gfortran-8 ghostscript ibverbs-providers libaec0 libann0 libasan5 libatomic1\n  libavahi-client3 libavahi-common-data libavahi-common3 libbinutils libblas3\n  libbrotli1 libbsd0 libc-dev-bin libc6-dev libcairo2 libcc1-0 libcgns3.3\n  libcups2 libcupsimage2 libdbus-1-3 libdrm-amdgpu1 libdrm-common\n  libdrm-intel1 libdrm-nouveau2 libdrm-radeon1 libdrm2 libedit2 libelf1\n  libevent-2.1-6 libevent-core-2.1-6 libevent-pthreads-2.1-6 libexpat1\n  libexpat1-dev libfabric1 libfltk-gl1.3 libfltk-images1.3 libfltk1.3\n  libfontconfig1 libfreeimage3 libfreetype6 libgcc-8-dev libgd3\n  libgdbm-compat4 libgdbm6 libgfortran-8-dev libgfortran5 libgl1\n  libgl1-mesa-dri libgl2ps1.4 libglapi-mesa libglib2.0-0 libglu1-mesa\n  libglvnd0 libglx-mesa0 libglx0 libgmsh4.1 libgomp1 libgraphite2-3 libgs9\n  libgs9-common libgssapi-krb5-2 libharfbuzz-icu0 libharfbuzz0b\n  libhdf5-openmpi-103 libhwloc-dev libhwloc-plugins libhwloc5 libibverbs-dev\n  libibverbs1 libice6 libicu63 libidn11 libijs-0.35 libilmbase23 libisl19\n  libitm1 libjbig0 libjbig2dec0 libjpeg62-turbo libjs-jquery libjs-jquery-ui\n  libjxr0 libk5crypto3 libkeyutils1 libkpathsea6 libkrb5-3 libkrb5support0\n  liblapack3 liblcms2-2 libllvm7 liblsan0 libltdl-dev libltdl7 libmagic-mgc\n  libmagic1 libmpc3 libmpfr6 libmpx2 libnl-3-200 libnl-3-dev libnl-route-3-200\n  libnl-route-3-dev libnuma-dev libnuma1 libocct-data-exchange-7.3\n  libocct-foundation-7.3 libocct-modeling-algorithms-7.3\n  libocct-modeling-data-7.3 libocct-ocaf-7.3 libocct-visualization-7.3\n  libopenexr23 libopenjp2-7 libopenmpi3 libpaper1 libpciaccess0 libpcre2-8-0\n  libperl5.28 libpixman-1-0 libpmix2 libpng16-16 libpotrace0 libpsl5\n  libpsm-infinipath1 libpsm2-2 libptexenc1 libpython-dev libpython-stdlib\n  libpython2-dev libpython2-stdlib libpython2.7 libpython2.7-dev\n  libpython2.7-minimal libpython2.7-stdlib libquadmath0 libraw19 librdmacm1\n  libreadline7 libsensors-config libsensors5 libsigsegv2 libsm6 libsqlite3-0\n  libssl1.1 libstdc++-8-dev libsynctex2 libsz2 libtbb2 libtcl8.6 libteckit0\n  libtexlua52 libtexlua53 libtexluajit2 libtiff5 libtk8.6 libtsan0 libubsan1\n  libwebp6 libwebpmux3 libwoff1 libx11-6 libx11-data libx11-xcb1 libxau6\n  libxaw7 libxcb-dri2-0 libxcb-dri3-0 libxcb-glx0 libxcb-present0\n  libxcb-render0 libxcb-shm0 libxcb-sync1 libxcb1 libxcursor1 libxdamage1\n  libxdmcp6 libxext6 libxfixes3 libxft2 libxi6 libxinerama1 libxml2 libxmu6\n  libxpm4 libxrender1 libxshmfence1 libxss1 libxt6 libxxf86vm1 libxxhash0\n  libzzip-0-13 linux-libc-dev lsb-base m4 mime-support mpi-default-bin\n  ocl-icd-libopencl1 openmpi-common openssh-client perl perl-modules-5.28\n  poppler-data python python-backports.functools-lru-cache python-cycler\n  python-dateutil python-decorator python-kiwisolver python-matplotlib2-data\n  python-minimal python-numpy python-pkg-resources python-pyparsing python-six\n  python-subprocess32 python-tz python2 python2-dev python2-minimal python2.7\n  python2.7-dev python2.7-minimal readline-common sensible-utils t1utils\n  tex-common texlive-binaries tk8.6-blt2.5 ttf-bitstream-vera ucf x11-common\nSuggested packages:\n  autoconf-archive gnu-standards autoconf-doc gettext binutils-doc blt-demo\n  cpp-doc gcc-8-locales mksh rcs g++-multilib g++-8-multilib gcc-8-doc\n  libstdc++6-8-dbg gcc-multilib manpages-dev flex bison gdb gcc-doc\n  gcc-8-multilib libgcc1-dbg libgomp1-dbg libitm1-dbg libatomic1-dbg\n  libasan5-dbg liblsan0-dbg libtsan0-dbg libubsan1-dbg libmpx2-dbg\n  libquadmath0-dbg gfortran-multilib gfortran-doc gfortran-8-multilib\n  gfortran-8-doc libgfortran5-dbg libcoarrays-dev ghostscript-x glibc-doc\n  cups-common libgd-tools gdbm-l10n krb5-doc krb5-user\n  libhwloc-contrib-plugins libjs-jquery-ui-docs liblcms2-utils libtool-doc\n  openmpi-doc pciutils lm-sensors libstdc++-8-doc tcl8.6 tk8.6 gcj-jdk m4-doc\n  make-doc opencl-icd keychain libpam-ssh monkeysphere ssh-askpass perl-doc\n  libterm-readline-gnu-perl | libterm-readline-perl-perl libb-debug-perl\n  liblocale-codes-perl poppler-utils fonts-japanese-mincho\n  | fonts-ipafont-mincho fonts-japanese-gothic | fonts-ipafont-gothic\n  fonts-arphic-ukai fonts-arphic-uming fonts-nanum python-doc\n  python-cycler-doc ffmpeg gir1.2-gtk-3.0 inkscape ipython librsvg2-common\n  python-cairocffi python-configobj python-excelerator python-gi\n  python-gobject-2 python-matplotlib2-doc python-nose python-qt4 python-sip\n  python-tornado python-traits python-wxgtk3.0 texlive-extra-utils\n  texlive-latex-extra ttf-staypuft python-pytest python-numpy-dbg\n  python-numpy-doc python-setuptools python-pyparsing-doc python-scipy-doc tix\n  python-tk-dbg python2-doc python2.7-doc binfmt-support readline-doc\n  debhelper\nRecommended packages:\n  gsfonts gmsh-doc manpages manpages-dev libcupsfilters1 dbus libglib2.0-data\n  shared-mime-info xdg-user-dirs fonts-droid-fallback javascript-common\n  krb5-locales libcoarrays-openmpi-dev libpaper-utils publicsuffix bzip2\n  xz-utils xauth netbase python-pil texlive-base ca-certificates\nThe following NEW packages will be installed:\n  autoconf automake autotools-dev binutils binutils-common\n  binutils-x86-64-linux-gnu blt cpp cpp-8 cvs dvipng file fontconfig-config\n  fonts-dejavu-core fonts-lyx g++ g++-8 gcc gcc-8 gfortran gfortran-8\n  ghostscript gmsh ibverbs-providers libaec0 libann0 libasan5 libatomic1\n  libavahi-client3 libavahi-common-data libavahi-common3 libbinutils libblas3\n  libbrotli1 libbsd0 libc-dev-bin libc6-dev libcairo2 libcc1-0 libcgns3.3\n  libcups2 libcupsimage2 libdbus-1-3 libdrm-amdgpu1 libdrm-common\n  libdrm-intel1 libdrm-nouveau2 libdrm-radeon1 libdrm2 libedit2 libelf1\n  libevent-2.1-6 libevent-core-2.1-6 libevent-pthreads-2.1-6 libexpat1\n  libexpat1-dev libfabric1 libfltk-gl1.3 libfltk-images1.3 libfltk1.3\n  libfontconfig1 libfreeimage3 libfreetype6 libgcc-8-dev libgd3\n  libgdbm-compat4 libgdbm6 libgfortran-8-dev libgfortran5 libgl1\n  libgl1-mesa-dri libgl2ps1.4 libglapi-mesa libglib2.0-0 libglu1-mesa\n  libglvnd0 libglx-mesa0 libglx0 libgmsh4.1 libgomp1 libgraphite2-3 libgs9\n  libgs9-common libgssapi-krb5-2 libharfbuzz-icu0 libharfbuzz0b\n  libhdf5-openmpi-103 libhwloc-dev libhwloc-plugins libhwloc5 libibverbs-dev\n  libibverbs1 libice6 libicu63 libidn11 libijs-0.35 libilmbase23 libisl19\n  libitm1 libjbig0 libjbig2dec0 libjpeg62-turbo libjs-jquery libjs-jquery-ui\n  libjxr0 libk5crypto3 libkeyutils1 libkpathsea6 libkrb5-3 libkrb5support0\n  liblapack3 liblcms2-2 libllvm7 liblsan0 libltdl-dev libltdl7 libmagic-mgc\n  libmagic1 libmpc3 libmpfr6 libmpx2 libnl-3-200 libnl-3-dev libnl-route-3-200\n  libnl-route-3-dev libnuma-dev libnuma1 libocct-data-exchange-7.3\n  libocct-foundation-7.3 libocct-modeling-algorithms-7.3\n  libocct-modeling-data-7.3 libocct-ocaf-7.3 libocct-visualization-7.3\n  libopenexr23 libopenjp2-7 libopenmpi-dev libopenmpi3 libpaper1 libpciaccess0\n  libpcre2-8-0 libperl5.28 libpixman-1-0 libpmix2 libpng16-16 libpotrace0\n  libpsl5 libpsm-infinipath1 libpsm2-2 libptexenc1 libpython-dev\n  libpython-stdlib libpython2-dev libpython2-stdlib libpython2.7\n  libpython2.7-dev libpython2.7-minimal libpython2.7-stdlib libquadmath0\n  libraw19 librdmacm1 libreadline7 libsensors-config libsensors5 libsigsegv2\n  libsm6 libsqlite3-0 libssl1.1 libstdc++-8-dev libsynctex2 libsz2 libtbb2\n  libtcl8.6 libteckit0 libtexlua52 libtexlua53 libtexluajit2 libtiff5 libtk8.6\n  libtool libtsan0 libubsan1 libwebp6 libwebpmux3 libwoff1 libx11-6\n  libx11-data libx11-xcb1 libxau6 libxaw7 libxcb-dri2-0 libxcb-dri3-0\n  libxcb-glx0 libxcb-present0 libxcb-render0 libxcb-shm0 libxcb-sync1 libxcb1\n  libxcursor1 libxdamage1 libxdmcp6 libxext6 libxfixes3 libxft2 libxi6\n  libxinerama1 libxml2 libxmu6 libxpm4 libxrender1 libxshmfence1 libxss1\n  libxt6 libxxf86vm1 libxxhash0 libzzip-0-13 linux-libc-dev lsb-base m4 make\n  mime-support mpi-default-bin ocl-icd-libopencl1 openmpi-bin openmpi-common\n  openssh-client perl perl-modules-5.28 poppler-data python\n  python-backports.functools-lru-cache python-cycler python-dateutil\n  python-decorator python-dev python-kiwisolver python-matplotlib\n  python-matplotlib2-data python-minimal python-mpi4py python-numpy\n  python-pkg-resources python-pyparsing python-scipy python-six\n  python-subprocess32 python-tk python-tz python2 python2-dev python2-minimal\n  python2.7 python2.7-dev python2.7-minimal readline-common sensible-utils\n  t1utils tex-common texlive-binaries tk8.6-blt2.5 ttf-bitstream-vera ucf wget\n  x11-common\n0 upgraded, 263 newly installed, 0 to remove and 0 not upgraded.\nNeed to get 237 MB of archives.\nAfter this operation, 973 MB of additional disk space will be used.\nGet:1 http://deb.debian.org/debian buster/main amd64 perl-modules-5.28 all 5.28.1-6+deb10u1 [2873 kB]\nGet:2 http://deb.debian.org/debian buster/main amd64 libgdbm6 amd64 1.18.1-4 [64.7 kB]\nGet:3 http://deb.debian.org/debian buster/main amd64 libgdbm-compat4 amd64 1.18.1-4 [44.1 kB]\nGet:4 http://deb.debian.org/debian buster/main amd64 libperl5.28 amd64 5.28.1-6+deb10u1 [3894 kB]\nGet:5 http://deb.debian.org/debian buster/main amd64 perl amd64 5.28.1-6+deb10u1 [204 kB]\nGet:6 http://deb.debian.org/debian buster/main amd64 libpython2.7-minimal amd64 2.7.16-2+deb10u1 [395 kB]\nGet:7 http://deb.debian.org/debian buster/main amd64 python2.7-minimal amd64 2.7.16-2+deb10u1 [1369 kB]\nGet:8 http://deb.debian.org/debian buster/main amd64 python2-minimal amd64 2.7.16-1 [41.4 kB]\nGet:9 http://deb.debian.org/debian buster/main amd64 python-minimal amd64 2.7.16-1 [21.0 kB]\nGet:10 http://deb.debian.org/debian buster/main amd64 libssl1.1 amd64 1.1.1n-0+deb10u3 [1551 kB]\nGet:11 http://deb.debian.org/debian buster/main amd64 mime-support all 3.62 [37.2 kB]\nGet:12 http://deb.debian.org/debian-security buster/updates/main amd64 libexpat1 amd64 2.2.6-2+deb10u6 [108 kB]\nGet:13 http://deb.debian.org/debian buster/main amd64 readline-common all 7.0-5 [70.6 kB]\nGet:14 http://deb.debian.org/debian buster/main amd64 libreadline7 amd64 7.0-5 [151 kB]\nGet:15 http://deb.debian.org/debian-security buster/updates/main amd64 libsqlite3-0 amd64 3.27.2-3+deb10u2 [641 kB]\nGet:16 http://deb.debian.org/debian buster/main amd64 libpython2.7-stdlib amd64 2.7.16-2+deb10u1 [1912 kB]\nGet:17 http://deb.debian.org/debian buster/main amd64 python2.7 amd64 2.7.16-2+deb10u1 [305 kB]\nGet:18 http://deb.debian.org/debian buster/main amd64 libpython2-stdlib amd64 2.7.16-1 [20.8 kB]\nGet:19 http://deb.debian.org/debian buster/main amd64 libpython-stdlib amd64 2.7.16-1 [20.8 kB]\nGet:20 http://deb.debian.org/debian buster/main amd64 python2 amd64 2.7.16-1 [41.6 kB]\nGet:21 http://deb.debian.org/debian buster/main amd64 python amd64 2.7.16-1 [22.8 kB]\nGet:22 http://deb.debian.org/debian buster/main amd64 poppler-data all 0.4.9-2 [1473 kB]\nGet:23 http://deb.debian.org/debian buster/main amd64 sensible-utils all 0.0.12 [15.8 kB]\nGet:24 http://deb.debian.org/debian buster/main amd64 ucf all 3.0038+nmu1 [69.0 kB]\nGet:25 http://deb.debian.org/debian buster/main amd64 tex-common all 6.11 [53.1 kB]\nGet:26 http://deb.debian.org/debian buster/main amd64 libmagic-mgc amd64 1:5.35-4+deb10u2 [242 kB]\nGet:27 http://deb.debian.org/debian buster/main amd64 libmagic1 amd64 1:5.35-4+deb10u2 [118 kB]\nGet:28 http://deb.debian.org/debian buster/main amd64 file amd64 1:5.35-4+deb10u2 [66.4 kB]\nGet:29 http://deb.debian.org/debian buster/main amd64 libkeyutils1 amd64 1.6-6 [15.0 kB]\nGet:30 http://deb.debian.org/debian-security buster/updates/main amd64 libkrb5support0 amd64 1.17-3+deb10u5 [66.0 kB]\nGet:31 http://deb.debian.org/debian-security buster/updates/main amd64 libk5crypto3 amd64 1.17-3+deb10u5 [122 kB]\nGet:32 http://deb.debian.org/debian-security buster/updates/main amd64 libkrb5-3 amd64 1.17-3+deb10u5 [369 kB]\nGet:33 http://deb.debian.org/debian-security buster/updates/main amd64 libgssapi-krb5-2 amd64 1.17-3+deb10u5 [159 kB]\nGet:34 http://deb.debian.org/debian buster/main amd64 libicu63 amd64 63.1-6+deb10u3 [8293 kB]\nGet:35 http://deb.debian.org/debian-security buster/updates/main amd64 libxml2 amd64 2.9.4+dfsg1-7+deb10u5 [690 kB]\nGet:36 http://deb.debian.org/debian buster/main amd64 libbsd0 amd64 0.9.1-2+deb10u1 [99.5 kB]\nGet:37 http://deb.debian.org/debian buster/main amd64 libedit2 amd64 3.1-20181209-1 [94.0 kB]\nGet:38 http://deb.debian.org/debian buster/main amd64 openssh-client amd64 1:7.9p1-10+deb10u2 [782 kB]\nGet:39 http://deb.debian.org/debian buster/main amd64 libpcre2-8-0 amd64 10.32-5 [213 kB]\nGet:40 http://deb.debian.org/debian buster/main amd64 libpsl5 amd64 0.20.2-2 [53.7 kB]\nGet:41 http://deb.debian.org/debian buster/main amd64 wget amd64 1.20.1-1.1 [902 kB]\nGet:42 http://deb.debian.org/debian buster/main amd64 libsigsegv2 amd64 2.12-2 [32.8 kB]\nGet:43 http://deb.debian.org/debian buster/main amd64 m4 amd64 1.4.18-2 [203 kB]\nGet:44 http://deb.debian.org/debian buster/main amd64 autoconf all 2.69-11 [341 kB]\nGet:45 http://deb.debian.org/debian buster/main amd64 autotools-dev all 20180224.1 [77.0 kB]\nGet:46 http://deb.debian.org/debian buster/main amd64 automake all 1:1.16.1-4 [771 kB]\nGet:47 http://deb.debian.org/debian buster/main amd64 binutils-common amd64 2.31.1-16 [2073 kB]\nGet:48 http://deb.debian.org/debian buster/main amd64 libbinutils amd64 2.31.1-16 [478 kB]\nGet:49 http://deb.debian.org/debian buster/main amd64 binutils-x86-64-linux-gnu amd64 2.31.1-16 [1823 kB]\nGet:50 http://deb.debian.org/debian buster/main amd64 binutils amd64 2.31.1-16 [56.8 kB]\nGet:51 http://deb.debian.org/debian buster/main amd64 libtcl8.6 amd64 8.6.9+dfsg-2 [1005 kB]\nGet:52 http://deb.debian.org/debian buster/main amd64 libpng16-16 amd64 1.6.36-6 [292 kB]\nGet:53 http://deb.debian.org/debian buster/main amd64 libfreetype6 amd64 2.9.1-3+deb10u3 [380 kB]\nGet:54 http://deb.debian.org/debian buster/main amd64 fonts-dejavu-core all 2.37-1 [1068 kB]\nGet:55 http://deb.debian.org/debian buster/main amd64 ttf-bitstream-vera all 1.10-8 [352 kB]\nGet:56 http://deb.debian.org/debian buster/main amd64 fontconfig-config all 2.13.1-2 [280 kB]\nGet:57 http://deb.debian.org/debian buster/main amd64 libfontconfig1 amd64 2.13.1-2 [346 kB]\nGet:58 http://deb.debian.org/debian buster/main amd64 libxau6 amd64 1:1.0.8-1+b2 [19.9 kB]\nGet:59 http://deb.debian.org/debian buster/main amd64 libxdmcp6 amd64 1:1.1.2-3 [26.3 kB]\nGet:60 http://deb.debian.org/debian buster/main amd64 libxcb1 amd64 1.13.1-2 [137 kB]\nGet:61 http://deb.debian.org/debian buster/main amd64 libx11-data all 2:1.6.7-1+deb10u2 [299 kB]\nGet:62 http://deb.debian.org/debian buster/main amd64 libx11-6 amd64 2:1.6.7-1+deb10u2 [757 kB]\nGet:63 http://deb.debian.org/debian buster/main amd64 libxext6 amd64 2:1.3.3-1+b2 [52.5 kB]\nGet:64 http://deb.debian.org/debian buster/main amd64 libxrender1 amd64 1:0.9.10-1 [33.0 kB]\nGet:65 http://deb.debian.org/debian buster/main amd64 libxft2 amd64 2.3.2-2 [57.2 kB]\nGet:66 http://deb.debian.org/debian buster/main amd64 lsb-base all 10.2019051400 [28.4 kB]\nGet:67 http://deb.debian.org/debian buster/main amd64 x11-common all 1:7.7+19 [251 kB]\nGet:68 http://deb.debian.org/debian buster/main amd64 libxss1 amd64 1:1.2.3-1 [17.8 kB]\nGet:69 http://deb.debian.org/debian buster/main amd64 libtk8.6 amd64 8.6.9-2 [768 kB]\nGet:70 http://deb.debian.org/debian buster/main amd64 tk8.6-blt2.5 amd64 2.5.3+dfsg-4 [587 kB]\nGet:71 http://deb.debian.org/debian buster/main amd64 blt amd64 2.5.3+dfsg-4 [14.8 kB]\nGet:72 http://deb.debian.org/debian buster/main amd64 libisl19 amd64 0.20-2 [587 kB]\nGet:73 http://deb.debian.org/debian buster/main amd64 libmpfr6 amd64 4.0.2-1 [775 kB]\nGet:74 http://deb.debian.org/debian buster/main amd64 libmpc3 amd64 1.1.0-1 [41.3 kB]\nGet:75 http://deb.debian.org/debian buster/main amd64 cpp-8 amd64 8.3.0-6 [8914 kB]\nGet:76 http://deb.debian.org/debian buster/main amd64 cpp amd64 4:8.3.0-1 [19.4 kB]\nGet:77 http://deb.debian.org/debian buster/main amd64 cvs amd64 2:1.12.13+real-27 [2799 kB]\nGet:78 http://deb.debian.org/debian buster/main amd64 libjpeg62-turbo amd64 1:1.5.2-2+deb10u1 [133 kB]\nGet:79 http://deb.debian.org/debian buster/main amd64 libjbig0 amd64 2.1-3.1+b2 [31.0 kB]\nGet:80 http://deb.debian.org/debian buster/main amd64 libwebp6 amd64 0.6.1-2+deb10u1 [261 kB]\nGet:81 http://deb.debian.org/debian buster/main amd64 libtiff5 amd64 4.1.0+git191117-2~deb10u4 [271 kB]\nGet:82 http://deb.debian.org/debian buster/main amd64 libxpm4 amd64 1:3.5.12-1 [49.1 kB]\nGet:83 http://deb.debian.org/debian buster/main amd64 libgd3 amd64 2.2.5-5.2 [136 kB]\nGet:84 http://deb.debian.org/debian buster/main amd64 libkpathsea6 amd64 2018.20181218.49446-1 [167 kB]\nGet:85 http://deb.debian.org/debian buster/main amd64 libptexenc1 amd64 2018.20181218.49446-1 [61.0 kB]\nGet:86 http://deb.debian.org/debian buster/main amd64 libsynctex2 amd64 2018.20181218.49446-1 [80.5 kB]\nGet:87 http://deb.debian.org/debian buster/main amd64 libtexlua52 amd64 2018.20181218.49446-1 [112 kB]\nGet:88 http://deb.debian.org/debian buster/main amd64 libtexlua53 amd64 2018.20181218.49446-1 [126 kB]\nGet:89 http://deb.debian.org/debian buster/main amd64 libtexluajit2 amd64 2018.20181218.49446-1 [256 kB]\nGet:90 http://deb.debian.org/debian buster/main amd64 t1utils amd64 1.41-3 [62.3 kB]\nGet:91 http://deb.debian.org/debian buster/main amd64 libbrotli1 amd64 1.0.7-2+deb10u1 [269 kB]\nGet:92 http://deb.debian.org/debian-security buster/updates/main amd64 libpixman-1-0 amd64 0.36.0-1+deb10u1 [234 kB]\nGet:93 http://deb.debian.org/debian buster/main amd64 libxcb-render0 amd64 1.13.1-2 [109 kB]\nGet:94 http://deb.debian.org/debian buster/main amd64 libxcb-shm0 amd64 1.13.1-2 [99.2 kB]\nGet:95 http://deb.debian.org/debian buster/main amd64 libcairo2 amd64 1.16.0-4+deb10u1 [688 kB]\nGet:96 http://deb.debian.org/debian buster/main amd64 libgraphite2-3 amd64 1.3.13-7 [80.7 kB]\nGet:97 http://deb.debian.org/debian-security buster/updates/main amd64 libgs9-common all 9.27~dfsg-2+deb10u6 [5137 kB]\nGet:98 http://deb.debian.org/debian buster/main amd64 libavahi-common-data amd64 0.7-4+deb10u1 [122 kB]\nGet:99 http://deb.debian.org/debian buster/main amd64 libavahi-common3 amd64 0.7-4+deb10u1 [54.4 kB]\nGet:100 http://deb.debian.org/debian-security buster/updates/main amd64 libdbus-1-3 amd64 1.12.24-0+deb10u1 [218 kB]\nGet:101 http://deb.debian.org/debian buster/main amd64 libavahi-client3 amd64 0.7-4+deb10u1 [58.2 kB]\nGet:102 http://deb.debian.org/debian buster/main amd64 libcups2 amd64 2.2.10-6+deb10u6 [325 kB]\nGet:103 http://deb.debian.org/debian buster/main amd64 libcupsimage2 amd64 2.2.10-6+deb10u6 [133 kB]\nGet:104 http://deb.debian.org/debian buster/main amd64 libidn11 amd64 1.33-2.2 [116 kB]\nGet:105 http://deb.debian.org/debian buster/main amd64 libijs-0.35 amd64 0.35-14 [18.3 kB]\nGet:106 http://deb.debian.org/debian buster/main amd64 libjbig2dec0 amd64 0.16-1+deb10u1 [62.2 kB]\nGet:107 http://deb.debian.org/debian buster/main amd64 liblcms2-2 amd64 2.9-3 [145 kB]\nGet:108 http://deb.debian.org/debian buster/main amd64 libopenjp2-7 amd64 2.3.0-2+deb10u2 [158 kB]\nGet:109 http://deb.debian.org/debian buster/main amd64 libpaper1 amd64 1.1.28 [21.3 kB]\nGet:110 http://deb.debian.org/debian-security buster/updates/main amd64 libgs9 amd64 9.27~dfsg-2+deb10u6 [2197 kB]\nGet:111 http://deb.debian.org/debian-security buster/updates/main amd64 libglib2.0-0 amd64 2.58.3-2+deb10u4 [1259 kB]\nGet:112 http://deb.debian.org/debian buster/main amd64 libharfbuzz0b amd64 2.3.1-1 [1187 kB]\nGet:113 http://deb.debian.org/debian buster/main amd64 libharfbuzz-icu0 amd64 2.3.1-1 [834 kB]\nGet:114 http://deb.debian.org/debian buster/main amd64 libice6 amd64 2:1.0.9-2 [58.7 kB]\nGet:115 http://deb.debian.org/debian buster/main amd64 libpotrace0 amd64 1.15-1 [26.3 kB]\nGet:116 http://deb.debian.org/debian buster/main amd64 libsm6 amd64 2:1.2.3-1 [35.1 kB]\nGet:117 http://deb.debian.org/debian buster/main amd64 libteckit0 amd64 2.5.8+ds2-5 [318 kB]\nGet:118 http://deb.debian.org/debian buster/main amd64 libwoff1 amd64 1.0.2-1 [43.2 kB]\nGet:119 http://deb.debian.org/debian buster/main amd64 libxt6 amd64 1:1.1.5-1+b3 [190 kB]\nGet:120 http://deb.debian.org/debian buster/main amd64 libxmu6 amd64 2:1.1.2-2+b3 [60.8 kB]\nGet:121 http://deb.debian.org/debian buster/main amd64 libxaw7 amd64 2:1.0.13-1+b2 [201 kB]\nGet:122 http://deb.debian.org/debian buster/main amd64 libxi6 amd64 2:1.7.9-1 [82.6 kB]\nGet:123 http://deb.debian.org/debian buster/main amd64 libxxhash0 amd64 0.6.5-2 [7156 B]\nGet:124 http://deb.debian.org/debian buster/main amd64 libzzip-0-13 amd64 0.13.62-3.2+deb10u1 [55.6 kB]\nGet:125 http://deb.debian.org/debian buster/main amd64 texlive-binaries amd64 2018.20181218.49446-1 [11.3 MB]\nGet:126 http://deb.debian.org/debian-security buster/updates/main amd64 ghostscript amd64 9.27~dfsg-2+deb10u6 [95.2 kB]\nGet:127 http://deb.debian.org/debian buster/main amd64 dvipng amd64 1.15-1.1 [87.8 kB]\nGet:128 http://deb.debian.org/debian buster/main amd64 fonts-lyx all 2.3.2-1 [199 kB]\nGet:129 http://deb.debian.org/debian buster/main amd64 libcc1-0 amd64 8.3.0-6 [46.6 kB]\nGet:130 http://deb.debian.org/debian buster/main amd64 libgomp1 amd64 8.3.0-6 [75.8 kB]\nGet:131 http://deb.debian.org/debian buster/main amd64 libitm1 amd64 8.3.0-6 [27.7 kB]\nGet:132 http://deb.debian.org/debian buster/main amd64 libatomic1 amd64 8.3.0-6 [9032 B]\nGet:133 http://deb.debian.org/debian buster/main amd64 libasan5 amd64 8.3.0-6 [362 kB]\nGet:134 http://deb.debian.org/debian buster/main amd64 liblsan0 amd64 8.3.0-6 [131 kB]\nGet:135 http://deb.debian.org/debian buster/main amd64 libtsan0 amd64 8.3.0-6 [283 kB]\nGet:136 http://deb.debian.org/debian buster/main amd64 libubsan1 amd64 8.3.0-6 [120 kB]\nGet:137 http://deb.debian.org/debian buster/main amd64 libmpx2 amd64 8.3.0-6 [11.4 kB]\nGet:138 http://deb.debian.org/debian buster/main amd64 libquadmath0 amd64 8.3.0-6 [133 kB]\nGet:139 http://deb.debian.org/debian buster/main amd64 libgcc-8-dev amd64 8.3.0-6 [2298 kB]\nGet:140 http://deb.debian.org/debian buster/main amd64 gcc-8 amd64 8.3.0-6 [9452 kB]\nGet:141 http://deb.debian.org/debian buster/main amd64 gcc amd64 4:8.3.0-1 [5196 B]\nGet:142 http://deb.debian.org/debian-security buster/updates/main amd64 libc-dev-bin amd64 2.28-10+deb10u2 [276 kB]\nGet:143 http://deb.debian.org/debian-security buster/updates/main amd64 linux-libc-dev amd64 4.19.269-1 [1553 kB]\nGet:144 http://deb.debian.org/debian-security buster/updates/main amd64 libc6-dev amd64 2.28-10+deb10u2 [2693 kB]\nGet:145 http://deb.debian.org/debian buster/main amd64 libstdc++-8-dev amd64 8.3.0-6 [1532 kB]\nGet:146 http://deb.debian.org/debian buster/main amd64 g++-8 amd64 8.3.0-6 [9752 kB]\nGet:147 http://deb.debian.org/debian buster/main amd64 g++ amd64 4:8.3.0-1 [1644 B]\nGet:148 http://deb.debian.org/debian buster/main amd64 libgfortran5 amd64 8.3.0-6 [581 kB]\nGet:149 http://deb.debian.org/debian buster/main amd64 libgfortran-8-dev amd64 8.3.0-6 [616 kB]\nGet:150 http://deb.debian.org/debian buster/main amd64 gfortran-8 amd64 8.3.0-6 [9375 kB]\nGet:151 http://deb.debian.org/debian buster/main amd64 gfortran amd64 4:8.3.0-1 [1432 B]\nGet:152 http://deb.debian.org/debian buster/main amd64 libevent-2.1-6 amd64 2.1.8-stable-4 [177 kB]\nGet:153 http://deb.debian.org/debian buster/main amd64 libevent-core-2.1-6 amd64 2.1.8-stable-4 [129 kB]\nGet:154 http://deb.debian.org/debian buster/main amd64 libevent-pthreads-2.1-6 amd64 2.1.8-stable-4 [47.9 kB]\nGet:155 http://deb.debian.org/debian buster/main amd64 libltdl7 amd64 2.4.6-9 [390 kB]\nGet:156 http://deb.debian.org/debian buster/main amd64 libnuma1 amd64 2.0.12-1 [26.2 kB]\nGet:157 http://deb.debian.org/debian buster/main amd64 libhwloc5 amd64 1.11.12-3 [111 kB]\nGet:158 http://deb.debian.org/debian buster/main amd64 libnl-3-200 amd64 3.4.0-1 [63.0 kB]\nGet:159 http://deb.debian.org/debian buster/main amd64 libnl-route-3-200 amd64 3.4.0-1 [162 kB]\nGet:160 http://deb.debian.org/debian buster/main amd64 libibverbs1 amd64 22.1-1 [51.2 kB]\nGet:161 http://deb.debian.org/debian buster/main amd64 libpsm-infinipath1 amd64 3.3+20.604758e7-6 [168 kB]\nGet:162 http://deb.debian.org/debian buster/main amd64 libpsm2-2 amd64 11.2.78-1 [177 kB]\nGet:163 http://deb.debian.org/debian buster/main amd64 librdmacm1 amd64 22.1-1 [65.3 kB]\nGet:164 http://deb.debian.org/debian buster/main amd64 libfabric1 amd64 1.6.2-3 [396 kB]\nGet:165 http://deb.debian.org/debian buster/main amd64 libpciaccess0 amd64 0.14-1 [53.5 kB]\nGet:166 http://deb.debian.org/debian buster/main amd64 ocl-icd-libopencl1 amd64 2.2.12-2 [37.5 kB]\nGet:167 http://deb.debian.org/debian buster/main amd64 libhwloc-plugins amd64 1.11.12-3 [17.4 kB]\nGet:168 http://deb.debian.org/debian buster/main amd64 libpmix2 amd64 3.1.2-3 [498 kB]\nGet:169 http://deb.debian.org/debian buster/main amd64 libopenmpi3 amd64 3.1.3-11 [2191 kB]\nGet:170 http://deb.debian.org/debian buster/main amd64 openmpi-common all 3.1.3-11 [165 kB]\nGet:171 http://deb.debian.org/debian buster/main amd64 openmpi-bin amd64 3.1.3-11 [200 kB]\nGet:172 http://deb.debian.org/debian buster/main amd64 mpi-default-bin amd64 1.13 [4672 B]\nGet:173 http://deb.debian.org/debian buster/main amd64 libann0 amd64 1.1.2+doc-7 [25.3 kB]\nGet:174 http://deb.debian.org/debian buster/main amd64 libblas3 amd64 3.8.0-2 [148 kB]\nGet:175 http://deb.debian.org/debian buster/main amd64 libcgns3.3 amd64 3.3.0-7~deb10u1 [240 kB]\nGet:176 http://deb.debian.org/debian buster/main amd64 libxfixes3 amd64 1:5.0.3-1 [21.9 kB]\nGet:177 http://deb.debian.org/debian buster/main amd64 libxcursor1 amd64 1:1.1.15-2 [36.6 kB]\nGet:178 http://deb.debian.org/debian buster/main amd64 libxinerama1 amd64 2:1.1.4-2 [17.7 kB]\nGet:179 http://deb.debian.org/debian buster/main amd64 libfltk1.3 amd64 1.3.4-9 [557 kB]\nGet:180 http://deb.debian.org/debian buster/main amd64 libglvnd0 amd64 1.1.0-1 [48.6 kB]\nGet:181 http://deb.debian.org/debian buster/main amd64 libdrm-common all 2.4.97-1 [13.8 kB]\nGet:182 http://deb.debian.org/debian buster/main amd64 libdrm2 amd64 2.4.97-1 [39.7 kB]\nGet:183 http://deb.debian.org/debian buster/main amd64 libglapi-mesa amd64 18.3.6-2+deb10u1 [66.3 kB]\nGet:184 http://deb.debian.org/debian buster/main amd64 libx11-xcb1 amd64 2:1.6.7-1+deb10u2 [191 kB]\nGet:185 http://deb.debian.org/debian buster/main amd64 libxcb-dri2-0 amd64 1.13.1-2 [101 kB]\nGet:186 http://deb.debian.org/debian buster/main amd64 libxcb-dri3-0 amd64 1.13.1-2 [100 kB]\nGet:187 http://deb.debian.org/debian buster/main amd64 libxcb-glx0 amd64 1.13.1-2 [116 kB]\nGet:188 http://deb.debian.org/debian buster/main amd64 libxcb-present0 amd64 1.13.1-2 [99.1 kB]\nGet:189 http://deb.debian.org/debian buster/main amd64 libxcb-sync1 amd64 1.13.1-2 [103 kB]\nGet:190 http://deb.debian.org/debian buster/main amd64 libxdamage1 amd64 1:1.1.4-3+b3 [14.9 kB]\nGet:191 http://deb.debian.org/debian buster/main amd64 libxshmfence1 amd64 1.3-1 [8820 B]\nGet:192 http://deb.debian.org/debian buster/main amd64 libxxf86vm1 amd64 1:1.1.4-1+b2 [20.8 kB]\nGet:193 http://deb.debian.org/debian buster/main amd64 libdrm-amdgpu1 amd64 2.4.97-1 [27.3 kB]\nGet:194 http://deb.debian.org/debian buster/main amd64 libdrm-intel1 amd64 2.4.97-1 [69.8 kB]\nGet:195 http://deb.debian.org/debian buster/main amd64 libdrm-nouveau2 amd64 2.4.97-1 [26.3 kB]\nGet:196 http://deb.debian.org/debian buster/main amd64 libdrm-radeon1 amd64 2.4.97-1 [31.1 kB]\nGet:197 http://deb.debian.org/debian buster/main amd64 libelf1 amd64 0.176-1.1 [161 kB]\nGet:198 http://deb.debian.org/debian buster/main amd64 libllvm7 amd64 1:7.0.1-8+deb10u2 [13.1 MB]\nGet:199 http://deb.debian.org/debian buster/main amd64 libsensors-config all 1:3.5.0-3 [31.6 kB]\nGet:200 http://deb.debian.org/debian buster/main amd64 libsensors5 amd64 1:3.5.0-3 [52.6 kB]\nGet:201 http://deb.debian.org/debian buster/main amd64 libgl1-mesa-dri amd64 18.3.6-2+deb10u1 [6685 kB]\nGet:202 http://deb.debian.org/debian buster/main amd64 libglx-mesa0 amd64 18.3.6-2+deb10u1 [180 kB]\nGet:203 http://deb.debian.org/debian buster/main amd64 libglx0 amd64 1.1.0-1 [30.0 kB]\nGet:204 http://deb.debian.org/debian buster/main amd64 libgl1 amd64 1.1.0-1 [91.1 kB]\nGet:205 http://deb.debian.org/debian buster/main amd64 libglu1-mesa amd64 9.0.0-2.1+b3 [169 kB]\nGet:206 http://deb.debian.org/debian buster/main amd64 libfltk-gl1.3 amd64 1.3.4-9 [73.1 kB]\nGet:207 http://deb.debian.org/debian buster/main amd64 libfltk-images1.3 amd64 1.3.4-9 [61.1 kB]\nGet:208 http://deb.debian.org/debian buster/main amd64 libgl2ps1.4 amd64 1.4.0+dfsg1-2 [39.0 kB]\nGet:209 http://deb.debian.org/debian buster/main amd64 libaec0 amd64 1.0.2-1 [20.1 kB]\nGet:210 http://deb.debian.org/debian buster/main amd64 libsz2 amd64 1.0.2-1 [6676 B]\nGet:211 http://deb.debian.org/debian buster/main amd64 libhdf5-openmpi-103 amd64 1.10.4+repack-10 [1373 kB]\nGet:212 http://deb.debian.org/debian buster/main amd64 liblapack3 amd64 3.8.0-2 [2110 kB]\nGet:213 http://deb.debian.org/debian buster/main amd64 libilmbase23 amd64 2.2.1-2 [85.6 kB]\nGet:214 http://deb.debian.org/debian buster/main amd64 libjxr0 amd64 1.1-6+b1 [160 kB]\nGet:215 http://deb.debian.org/debian-security buster/updates/main amd64 libopenexr23 amd64 2.2.1-4.1+deb10u2 [592 kB]\nGet:216 http://deb.debian.org/debian-security buster/updates/main amd64 libraw19 amd64 0.19.2-2+deb10u2 [293 kB]\nGet:217 http://deb.debian.org/debian buster/main amd64 libwebpmux3 amd64 0.6.1-2+deb10u1 [97.8 kB]\nGet:218 http://deb.debian.org/debian buster/main amd64 libfreeimage3 amd64 3.18.0+ds2-1+deb10u1 [294 kB]\nGet:219 http://deb.debian.org/debian buster/main amd64 libtbb2 amd64 2018~U6-4 [147 kB]\nGet:220 http://deb.debian.org/debian buster/main amd64 libocct-foundation-7.3 amd64 7.3.0+dfsg1-5 [1272 kB]\nGet:221 http://deb.debian.org/debian buster/main amd64 libocct-modeling-data-7.3 amd64 7.3.0+dfsg1-5 [2660 kB]\nGet:222 http://deb.debian.org/debian buster/main amd64 libocct-modeling-algorithms-7.3 amd64 7.3.0+dfsg1-5 [7974 kB]\nGet:223 http://deb.debian.org/debian buster/main amd64 libocct-visualization-7.3 amd64 7.3.0+dfsg1-5 [1599 kB]\nGet:224 http://deb.debian.org/debian buster/main amd64 libocct-ocaf-7.3 amd64 7.3.0+dfsg1-5 [1200 kB]\nGet:225 http://deb.debian.org/debian buster/main amd64 libocct-data-exchange-7.3 amd64 7.3.0+dfsg1-5 [3949 kB]\nGet:226 http://deb.debian.org/debian buster/main amd64 libgmsh4.1 amd64 4.1.5+really4.1.3+ds1-1 [5090 kB]\nGet:227 http://deb.debian.org/debian buster/main amd64 gmsh amd64 4.1.5+really4.1.3+ds1-1 [207 kB]\nGet:228 http://deb.debian.org/debian buster/main amd64 ibverbs-providers amd64 22.1-1 [187 kB]\nGet:229 http://deb.debian.org/debian-security buster/updates/main amd64 libexpat1-dev amd64 2.2.6-2+deb10u6 [155 kB]\nGet:230 http://deb.debian.org/debian buster/main amd64 libnuma-dev amd64 2.0.12-1 [39.2 kB]\nGet:231 http://deb.debian.org/debian buster/main amd64 libltdl-dev amd64 2.4.6-9 [162 kB]\nGet:232 http://deb.debian.org/debian buster/main amd64 libhwloc-dev amd64 1.11.12-3 [175 kB]\nGet:233 http://deb.debian.org/debian buster/main amd64 libnl-3-dev amd64 3.4.0-1 [102 kB]\nGet:234 http://deb.debian.org/debian buster/main amd64 libnl-route-3-dev amd64 3.4.0-1 [177 kB]\nGet:235 http://deb.debian.org/debian buster/main amd64 libibverbs-dev amd64 22.1-1 [362 kB]\nGet:236 http://deb.debian.org/debian buster/main amd64 libjs-jquery all 3.3.1~dfsg-3+deb10u1 [332 kB]\nGet:237 http://deb.debian.org/debian-security buster/updates/main amd64 libjs-jquery-ui all 1.12.1+dfsg-5+deb10u1 [232 kB]\nGet:238 http://deb.debian.org/debian buster/main amd64 libopenmpi-dev amd64 3.1.3-11 [974 kB]\nGet:239 http://deb.debian.org/debian buster/main amd64 libpython2.7 amd64 2.7.16-2+deb10u1 [1036 kB]\nGet:240 http://deb.debian.org/debian buster/main amd64 libpython2.7-dev amd64 2.7.16-2+deb10u1 [31.6 MB]\nGet:241 http://deb.debian.org/debian buster/main amd64 libpython2-dev amd64 2.7.16-1 [20.9 kB]\nGet:242 http://deb.debian.org/debian buster/main amd64 libpython-dev amd64 2.7.16-1 [20.9 kB]\nGet:243 http://deb.debian.org/debian buster/main amd64 libtool all 2.4.6-9 [547 kB]\nGet:244 http://deb.debian.org/debian buster/main amd64 make amd64 4.2.1-1.2 [341 kB]\nGet:245 http://deb.debian.org/debian buster/main amd64 python-backports.functools-lru-cache all 1.5-3 [6704 B]\nGet:246 http://deb.debian.org/debian buster/main amd64 python-six all 1.12.0-1 [15.7 kB]\nGet:247 http://deb.debian.org/debian buster/main amd64 python-cycler all 0.10.0-1 [7448 B]\nGet:248 http://deb.debian.org/debian buster/main amd64 python-dateutil all 2.7.3-3 [76.8 kB]\nGet:249 http://deb.debian.org/debian buster/main amd64 python-decorator all 4.3.0-1.1 [14.4 kB]\nGet:250 http://deb.debian.org/debian buster/main amd64 python2.7-dev amd64 2.7.16-2+deb10u1 [294 kB]\nGet:251 http://deb.debian.org/debian buster/main amd64 python2-dev amd64 2.7.16-1 [1212 B]\nGet:252 http://deb.debian.org/debian buster/main amd64 python-dev amd64 2.7.16-1 [1192 B]\nGet:253 http://deb.debian.org/debian buster/main amd64 python-pkg-resources all 40.8.0-1 [182 kB]\nGet:254 http://deb.debian.org/debian buster/main amd64 python-kiwisolver amd64 1.0.1-2+b1 [67.3 kB]\nGet:255 http://deb.debian.org/debian buster/main amd64 python-matplotlib2-data all 2.2.3-6 [4124 kB]\nGet:256 http://deb.debian.org/debian buster/main amd64 python-pyparsing all 2.2.0+dfsg1-2 [89.5 kB]\nGet:257 http://deb.debian.org/debian buster/main amd64 python-tz all 2019.1-1 [33.6 kB]\nGet:258 http://deb.debian.org/debian buster/main amd64 python-numpy amd64 1:1.16.2-1 [2101 kB]\nGet:259 http://deb.debian.org/debian buster/main amd64 python-subprocess32 amd64 3.5.3-1 [29.9 kB]\nGet:260 http://deb.debian.org/debian buster/main amd64 python-matplotlib amd64 2.2.3-6 [5073 kB]\nGet:261 http://deb.debian.org/debian buster/main amd64 python-mpi4py amd64 2.0.0-3+b3 [424 kB]\nGet:262 http://deb.debian.org/debian buster/main amd64 python-scipy amd64 1.1.0-7 [10.1 MB]\nGet:263 http://deb.debian.org/debian buster/main amd64 python-tk amd64 2.7.16-2 [27.5 kB]\n\u001b[91mdebconf: delaying package configuration, since apt-utils is not installed\n\u001b[0mFetched 237 MB in 11s (22.5 MB/s)\nSelecting previously unselected package perl-modules-5.28.\r\n(Reading database ... \r(Reading database ... 5%\r(Reading database ... 10%\r(Reading database ... 15%\r(Reading database ... 20%\r(Reading database ... 25%\r(Reading database ... 30%\r(Reading database ... 35%\r(Reading database ... 40%\r(Reading database ... 45%\r(Reading database ... 50%\r(Reading database ... 55%\r(Reading database ... 60%\r(Reading database ... 65%\r(Reading database ... 70%\r(Reading database ... 75%\r(Reading database ... 80%\r(Reading database ... 85%\r(Reading database ... 90%\r(Reading database ... 95%\r(Reading database ... 100%\r(Reading database ... 6460 files and directories currently installed.)\r\nPreparing to unpack .../00-perl-modules-5.28_5.28.1-6+deb10u1_all.deb ...\r\nUnpacking perl-modules-5.28 (5.28.1-6+deb10u1) ...\r\nSelecting previously unselected package libgdbm6:amd64.\r\nPreparing to unpack .../01-libgdbm6_1.18.1-4_amd64.deb ...\r\nUnpacking libgdbm6:amd64 (1.18.1-4) ...\r\nSelecting previously unselected package libgdbm-compat4:amd64.\r\nPreparing to unpack .../02-libgdbm-compat4_1.18.1-4_amd64.deb ...\r\nUnpacking libgdbm-compat4:amd64 (1.18.1-4) ...\r\nSelecting previously unselected package libperl5.28:amd64.\r\nPreparing to unpack .../03-libperl5.28_5.28.1-6+deb10u1_amd64.deb ...\r\nUnpacking libperl5.28:amd64 (5.28.1-6+deb10u1) ...\r\nSelecting previously unselected package perl.\r\nPreparing to unpack .../04-perl_5.28.1-6+deb10u1_amd64.deb ...\r\nUnpacking perl (5.28.1-6+deb10u1) ...\r\nSelecting previously unselected package libpython2.7-minimal:amd64.\r\nPreparing to unpack .../05-libpython2.7-minimal_2.7.16-2+deb10u1_amd64.deb ...\r\nUnpacking libpython2.7-minimal:amd64 (2.7.16-2+deb10u1) ...\r\nSelecting previously unselected package python2.7-minimal.\r\nPreparing to unpack .../06-python2.7-minimal_2.7.16-2+deb10u1_amd64.deb ...\r\nUnpacking python2.7-minimal (2.7.16-2+deb10u1) ...\r\nSelecting previously unselected package python2-minimal.\r\nPreparing to unpack .../07-python2-minimal_2.7.16-1_amd64.deb ...\r\nUnpacking python2-minimal (2.7.16-1) ...\r\nSelecting previously unselected package python-minimal.\r\nPreparing to unpack .../08-python-minimal_2.7.16-1_amd64.deb ...\r\nUnpacking python-minimal (2.7.16-1) ...\r\nSelecting previously unselected package libssl1.1:amd64.\r\nPreparing to unpack .../09-libssl1.1_1.1.1n-0+deb10u3_amd64.deb ...\r\nUnpacking libssl1.1:amd64 (1.1.1n-0+deb10u3) ...\r\nSelecting previously unselected package mime-support.\r\nPreparing to unpack .../10-mime-support_3.62_all.deb ...\r\nUnpacking mime-support (3.62) ...\r\nSelecting previously unselected package libexpat1:amd64.\r\nPreparing to unpack .../11-libexpat1_2.2.6-2+deb10u6_amd64.deb ...\r\nUnpacking libexpat1:amd64 (2.2.6-2+deb10u6) ...\r\nSelecting previously unselected package readline-common.\r\nPreparing to unpack .../12-readline-common_7.0-5_all.deb ...\r\nUnpacking readline-common (7.0-5) ...\r\nSelecting previously unselected package libreadline7:amd64.\r\nPreparing to unpack .../13-libreadline7_7.0-5_amd64.deb ...\r\nUnpacking libreadline7:amd64 (7.0-5) ...\r\nSelecting previously unselected package libsqlite3-0:amd64.\r\nPreparing to unpack .../14-libsqlite3-0_3.27.2-3+deb10u2_amd64.deb ...\r\nUnpacking libsqlite3-0:amd64 (3.27.2-3+deb10u2) ...\r\nSelecting previously unselected package libpython2.7-stdlib:amd64.\r\nPreparing to unpack .../15-libpython2.7-stdlib_2.7.16-2+deb10u1_amd64.deb ...\r\nUnpacking libpython2.7-stdlib:amd64 (2.7.16-2+deb10u1) ...\r\nSelecting previously unselected package python2.7.\r\nPreparing to unpack .../16-python2.7_2.7.16-2+deb10u1_amd64.deb ...\r\nUnpacking python2.7 (2.7.16-2+deb10u1) ...\r\nSelecting previously unselected package libpython2-stdlib:amd64.\r\nPreparing to unpack .../17-libpython2-stdlib_2.7.16-1_amd64.deb ...\r\nUnpacking libpython2-stdlib:amd64 (2.7.16-1) ...\r\nSelecting previously unselected package libpython-stdlib:amd64.\r\nPreparing to unpack .../18-libpython-stdlib_2.7.16-1_amd64.deb ...\r\nUnpacking libpython-stdlib:amd64 (2.7.16-1) ...\r\nSetting up libpython2.7-minimal:amd64 (2.7.16-2+deb10u1) ...\r\nSetting up python2.7-minimal (2.7.16-2+deb10u1) ...\r\nLinking and byte-compiling packages for runtime python2.7...\r\nSetting up python2-minimal (2.7.16-1) ...\r\nSelecting previously unselected package python2.\r\n(Reading database ... \r(Reading database ... 5%\r(Reading database ... 10%\r(Reading database ... 15%\r(Reading database ... 20%\r(Reading database ... 25%\r(Reading database ... 30%\r(Reading database ... 35%\r(Reading database ... 40%\r(Reading database ... 45%\r(Reading database ... 50%\r(Reading database ... 55%\r(Reading database ... 60%\r(Reading database ... 65%\r(Reading database ... 70%\r(Reading database ... 75%\r(Reading database ... 80%\r(Reading database ... 85%\r(Reading database ... 90%\r(Reading database ... 95%\r(Reading database ... 100%\r(Reading database ... 9243 files and directories currently installed.)\r\nPreparing to unpack .../python2_2.7.16-1_amd64.deb ...\r\nUnpacking python2 (2.7.16-1) ...\r\nSetting up python-minimal (2.7.16-1) ...\r\nSelecting previously unselected package python.\r\n(Reading database ... \r(Reading database ... 5%\r(Reading database ... 10%\r(Reading database ... 15%\r(Reading database ... 20%\r(Reading database ... 25%\r(Reading database ... 30%\r(Reading database ... 35%\r(Reading database ... 40%\r(Reading database ... 45%\r(Reading database ... 50%\r(Reading database ... 55%\r(Reading database ... 60%\r(Reading database ... 65%\r(Reading database ... 70%\r(Reading database ... 75%\r(Reading database ... 80%\r(Reading database ... 85%\r(Reading database ... 90%\r(Reading database ... 95%\r(Reading database ... 100%\r(Reading database ... 9276 files and directories currently installed.)\r\nPreparing to unpack .../000-python_2.7.16-1_amd64.deb ...\r\nUnpacking python (2.7.16-1) ...\r\nSelecting previously unselected package poppler-data.\r\nPreparing to unpack .../001-poppler-data_0.4.9-2_all.deb ...\r\nUnpacking poppler-data (0.4.9-2) ...\r\nSelecting previously unselected package sensible-utils.\r\nPreparing to unpack .../002-sensible-utils_0.0.12_all.deb ...\r\nUnpacking sensible-utils (0.0.12) ...\r\nSelecting previously unselected package ucf.\r\nPreparing to unpack .../003-ucf_3.0038+nmu1_all.deb ...\r\nMoving old data out of the way\r\nUnpacking ucf (3.0038+nmu1) ...\r\nSelecting previously unselected package tex-common.\r\nPreparing to unpack .../004-tex-common_6.11_all.deb ...\r\nUnpacking tex-common (6.11) ...\r\nSelecting previously unselected package libmagic-mgc.\r\nPreparing to unpack .../005-libmagic-mgc_1%3a5.35-4+deb10u2_amd64.deb ...\r\nUnpacking libmagic-mgc (1:5.35-4+deb10u2) ...\r\nSelecting previously unselected package libmagic1:amd64.\r\nPreparing to unpack .../006-libmagic1_1%3a5.35-4+deb10u2_amd64.deb ...\r\nUnpacking libmagic1:amd64 (1:5.35-4+deb10u2) ...\r\nSelecting previously unselected package file.\r\nPreparing to unpack .../007-file_1%3a5.35-4+deb10u2_amd64.deb ...\r\nUnpacking file (1:5.35-4+deb10u2) ...\r\nSelecting previously unselected package libkeyutils1:amd64.\r\nPreparing to unpack .../008-libkeyutils1_1.6-6_amd64.deb ...\r\nUnpacking libkeyutils1:amd64 (1.6-6) ...\r\nSelecting previously unselected package libkrb5support0:amd64.\r\nPreparing to unpack .../009-libkrb5support0_1.17-3+deb10u5_amd64.deb ...\r\nUnpacking libkrb5support0:amd64 (1.17-3+deb10u5) ...\r\nSelecting previously unselected package libk5crypto3:amd64.\r\nPreparing to unpack .../010-libk5crypto3_1.17-3+deb10u5_amd64.deb ...\r\nUnpacking libk5crypto3:amd64 (1.17-3+deb10u5) ...\r\nSelecting previously unselected package libkrb5-3:amd64.\r\nPreparing to unpack .../011-libkrb5-3_1.17-3+deb10u5_amd64.deb ...\r\nUnpacking libkrb5-3:amd64 (1.17-3+deb10u5) ...\r\nSelecting previously unselected package libgssapi-krb5-2:amd64.\r\nPreparing to unpack .../012-libgssapi-krb5-2_1.17-3+deb10u5_amd64.deb ...\r\nUnpacking libgssapi-krb5-2:amd64 (1.17-3+deb10u5) ...\r\nSelecting previously unselected package libicu63:amd64.\r\nPreparing to unpack .../013-libicu63_63.1-6+deb10u3_amd64.deb ...\r\nUnpacking libicu63:amd64 (63.1-6+deb10u3) ...\r\nSelecting previously unselected package libxml2:amd64.\r\nPreparing to unpack .../014-libxml2_2.9.4+dfsg1-7+deb10u5_amd64.deb ...\r\nUnpacking libxml2:amd64 (2.9.4+dfsg1-7+deb10u5) ...\r\nSelecting previously unselected package libbsd0:amd64.\r\nPreparing to unpack .../015-libbsd0_0.9.1-2+deb10u1_amd64.deb ...\r\nUnpacking libbsd0:amd64 (0.9.1-2+deb10u1) ...\r\nSelecting previously unselected package libedit2:amd64.\r\nPreparing to unpack .../016-libedit2_3.1-20181209-1_amd64.deb ...\r\nUnpacking libedit2:amd64 (3.1-20181209-1) ...\r\nSelecting previously unselected package openssh-client.\r\nPreparing to unpack .../017-openssh-client_1%3a7.9p1-10+deb10u2_amd64.deb ...\r\nUnpacking openssh-client (1:7.9p1-10+deb10u2) ...\r\nSelecting previously unselected package libpcre2-8-0:amd64.\r\nPreparing to unpack .../018-libpcre2-8-0_10.32-5_amd64.deb ...\r\nUnpacking libpcre2-8-0:amd64 (10.32-5) ...\r\nSelecting previously unselected package libpsl5:amd64.\r\nPreparing to unpack .../019-libpsl5_0.20.2-2_amd64.deb ...\r\nUnpacking libpsl5:amd64 (0.20.2-2) ...\r\nSelecting previously unselected package wget.\r\nPreparing to unpack .../020-wget_1.20.1-1.1_amd64.deb ...\r\nUnpacking wget (1.20.1-1.1) ...\r\nSelecting previously unselected package libsigsegv2:amd64.\r\nPreparing to unpack .../021-libsigsegv2_2.12-2_amd64.deb ...\r\nUnpacking libsigsegv2:amd64 (2.12-2) ...\r\nSelecting previously unselected package m4.\r\nPreparing to unpack .../022-m4_1.4.18-2_amd64.deb ...\r\nUnpacking m4 (1.4.18-2) ...\r\nSelecting previously unselected package autoconf.\r\nPreparing to unpack .../023-autoconf_2.69-11_all.deb ...\r\nUnpacking autoconf (2.69-11) ...\r\nSelecting previously unselected package autotools-dev.\r\nPreparing to unpack .../024-autotools-dev_20180224.1_all.deb ...\r\nUnpacking autotools-dev (20180224.1) ...\r\nSelecting previously unselected package automake.\r\nPreparing to unpack .../025-automake_1%3a1.16.1-4_all.deb ...\r\nUnpacking automake (1:1.16.1-4) ...\r\nSelecting previously unselected package binutils-common:amd64.\r\nPreparing to unpack .../026-binutils-common_2.31.1-16_amd64.deb ...\r\nUnpacking binutils-common:amd64 (2.31.1-16) ...\r\nSelecting previously unselected package libbinutils:amd64.\r\nPreparing to unpack .../027-libbinutils_2.31.1-16_amd64.deb ...\r\nUnpacking libbinutils:amd64 (2.31.1-16) ...\r\nSelecting previously unselected package binutils-x86-64-linux-gnu.\r\nPreparing to unpack .../028-binutils-x86-64-linux-gnu_2.31.1-16_amd64.deb ...\r\nUnpacking binutils-x86-64-linux-gnu (2.31.1-16) ...\r\nSelecting previously unselected package binutils.\r\nPreparing to unpack .../029-binutils_2.31.1-16_amd64.deb ...\r\nUnpacking binutils (2.31.1-16) ...\r\nSelecting previously unselected package libtcl8.6:amd64.\r\nPreparing to unpack .../030-libtcl8.6_8.6.9+dfsg-2_amd64.deb ...\r\nUnpacking libtcl8.6:amd64 (8.6.9+dfsg-2) ...\r\nSelecting previously unselected package libpng16-16:amd64.\r\nPreparing to unpack .../031-libpng16-16_1.6.36-6_amd64.deb ...\r\nUnpacking libpng16-16:amd64 (1.6.36-6) ...\r\nSelecting previously unselected package libfreetype6:amd64.\r\nPreparing to unpack .../032-libfreetype6_2.9.1-3+deb10u3_amd64.deb ...\r\nUnpacking libfreetype6:amd64 (2.9.1-3+deb10u3) ...\r\nSelecting previously unselected package fonts-dejavu-core.\r\nPreparing to unpack .../033-fonts-dejavu-core_2.37-1_all.deb ...\r\nUnpacking fonts-dejavu-core (2.37-1) ...\r\nSelecting previously unselected package ttf-bitstream-vera.\r\nPreparing to unpack .../034-ttf-bitstream-vera_1.10-8_all.deb ...\r\nUnpacking ttf-bitstream-vera (1.10-8) ...\r\nSelecting previously unselected package fontconfig-config.\r\nPreparing to unpack .../035-fontconfig-config_2.13.1-2_all.deb ...\r\nUnpacking fontconfig-config (2.13.1-2) ...\r\nSelecting previously unselected package libfontconfig1:amd64.\r\nPreparing to unpack .../036-libfontconfig1_2.13.1-2_amd64.deb ...\r\nUnpacking libfontconfig1:amd64 (2.13.1-2) ...\r\nSelecting previously unselected package libxau6:amd64.\r\nPreparing to unpack .../037-libxau6_1%3a1.0.8-1+b2_amd64.deb ...\r\nUnpacking libxau6:amd64 (1:1.0.8-1+b2) ...\r\nSelecting previously unselected package libxdmcp6:amd64.\r\nPreparing to unpack .../038-libxdmcp6_1%3a1.1.2-3_amd64.deb ...\r\nUnpacking libxdmcp6:amd64 (1:1.1.2-3) ...\r\nSelecting previously unselected package libxcb1:amd64.\r\nPreparing to unpack .../039-libxcb1_1.13.1-2_amd64.deb ...\r\nUnpacking libxcb1:amd64 (1.13.1-2) ...\r\nSelecting previously unselected package libx11-data.\r\nPreparing to unpack .../040-libx11-data_2%3a1.6.7-1+deb10u2_all.deb ...\r\nUnpacking libx11-data (2:1.6.7-1+deb10u2) ...\r\nSelecting previously unselected package libx11-6:amd64.\r\nPreparing to unpack .../041-libx11-6_2%3a1.6.7-1+deb10u2_amd64.deb ...\r\nUnpacking libx11-6:amd64 (2:1.6.7-1+deb10u2) ...\r\nSelecting previously unselected package libxext6:amd64.\r\nPreparing to unpack .../042-libxext6_2%3a1.3.3-1+b2_amd64.deb ...\r\nUnpacking libxext6:amd64 (2:1.3.3-1+b2) ...\r\nSelecting previously unselected package libxrender1:amd64.\r\nPreparing to unpack .../043-libxrender1_1%3a0.9.10-1_amd64.deb ...\r\nUnpacking libxrender1:amd64 (1:0.9.10-1) ...\r\nSelecting previously unselected package libxft2:amd64.\r\nPreparing to unpack .../044-libxft2_2.3.2-2_amd64.deb ...\r\nUnpacking libxft2:amd64 (2.3.2-2) ...\r\nSelecting previously unselected package lsb-base.\r\nPreparing to unpack .../045-lsb-base_10.2019051400_all.deb ...\r\nUnpacking lsb-base (10.2019051400) ...\r\nSelecting previously unselected package x11-common.\r\nPreparing to unpack .../046-x11-common_1%3a7.7+19_all.deb ...\r\nUnpacking x11-common (1:7.7+19) ...\r\nSelecting previously unselected package libxss1:amd64.\r\nPreparing to unpack .../047-libxss1_1%3a1.2.3-1_amd64.deb ...\r\nUnpacking libxss1:amd64 (1:1.2.3-1) ...\r\nSelecting previously unselected package libtk8.6:amd64.\r\nPreparing to unpack .../048-libtk8.6_8.6.9-2_amd64.deb ...\r\nUnpacking libtk8.6:amd64 (8.6.9-2) ...\r\nSelecting previously unselected package tk8.6-blt2.5.\r\nPreparing to unpack .../049-tk8.6-blt2.5_2.5.3+dfsg-4_amd64.deb ...\r\nUnpacking tk8.6-blt2.5 (2.5.3+dfsg-4) ...\r\nSelecting previously unselected package blt.\r\nPreparing to unpack .../050-blt_2.5.3+dfsg-4_amd64.deb ...\r\nUnpacking blt (2.5.3+dfsg-4) ...\r\nSelecting previously unselected package libisl19:amd64.\r\nPreparing to unpack .../051-libisl19_0.20-2_amd64.deb ...\r\nUnpacking libisl19:amd64 (0.20-2) ...\r\nSelecting previously unselected package libmpfr6:amd64.\r\nPreparing to unpack .../052-libmpfr6_4.0.2-1_amd64.deb ...\r\nUnpacking libmpfr6:amd64 (4.0.2-1) ...\r\nSelecting previously unselected package libmpc3:amd64.\r\nPreparing to unpack .../053-libmpc3_1.1.0-1_amd64.deb ...\r\nUnpacking libmpc3:amd64 (1.1.0-1) ...\r\nSelecting previously unselected package cpp-8.\r\nPreparing to unpack .../054-cpp-8_8.3.0-6_amd64.deb ...\r\nUnpacking cpp-8 (8.3.0-6) ...\r\nSelecting previously unselected package cpp.\r\nPreparing to unpack .../055-cpp_4%3a8.3.0-1_amd64.deb ...\r\nUnpacking cpp (4:8.3.0-1) ...\r\nSelecting previously unselected package cvs.\r\nPreparing to unpack .../056-cvs_2%3a1.12.13+real-27_amd64.deb ...\r\nUnpacking cvs (2:1.12.13+real-27) ...\r\nSelecting previously unselected package libjpeg62-turbo:amd64.\r\nPreparing to unpack .../057-libjpeg62-turbo_1%3a1.5.2-2+deb10u1_amd64.deb ...\r\nUnpacking libjpeg62-turbo:amd64 (1:1.5.2-2+deb10u1) ...\r\nSelecting previously unselected package libjbig0:amd64.\r\nPreparing to unpack .../058-libjbig0_2.1-3.1+b2_amd64.deb ...\r\nUnpacking libjbig0:amd64 (2.1-3.1+b2) ...\r\nSelecting previously unselected package libwebp6:amd64.\r\nPreparing to unpack .../059-libwebp6_0.6.1-2+deb10u1_amd64.deb ...\r\nUnpacking libwebp6:amd64 (0.6.1-2+deb10u1) ...\r\nSelecting previously unselected package libtiff5:amd64.\r\nPreparing to unpack .../060-libtiff5_4.1.0+git191117-2~deb10u4_amd64.deb ...\r\nUnpacking libtiff5:amd64 (4.1.0+git191117-2~deb10u4) ...\r\nSelecting previously unselected package libxpm4:amd64.\r\nPreparing to unpack .../061-libxpm4_1%3a3.5.12-1_amd64.deb ...\r\nUnpacking libxpm4:amd64 (1:3.5.12-1) ...\r\nSelecting previously unselected package libgd3:amd64.\r\nPreparing to unpack .../062-libgd3_2.2.5-5.2_amd64.deb ...\r\nUnpacking libgd3:amd64 (2.2.5-5.2) ...\r\nSelecting previously unselected package libkpathsea6:amd64.\r\nPreparing to unpack .../063-libkpathsea6_2018.20181218.49446-1_amd64.deb ...\r\nUnpacking libkpathsea6:amd64 (2018.20181218.49446-1) ...\r\nSelecting previously unselected package libptexenc1:amd64.\r\nPreparing to unpack .../064-libptexenc1_2018.20181218.49446-1_amd64.deb ...\r\nUnpacking libptexenc1:amd64 (2018.20181218.49446-1) ...\r\nSelecting previously unselected package libsynctex2:amd64.\r\nPreparing to unpack .../065-libsynctex2_2018.20181218.49446-1_amd64.deb ...\r\nUnpacking libsynctex2:amd64 (2018.20181218.49446-1) ...\r\nSelecting previously unselected package libtexlua52:amd64.\r\nPreparing to unpack .../066-libtexlua52_2018.20181218.49446-1_amd64.deb ...\r\nUnpacking libtexlua52:amd64 (2018.20181218.49446-1) ...\r\nSelecting previously unselected package libtexlua53:amd64.\r\nPreparing to unpack .../067-libtexlua53_2018.20181218.49446-1_amd64.deb ...\r\nUnpacking libtexlua53:amd64 (2018.20181218.49446-1) ...\r\nSelecting previously unselected package libtexluajit2:amd64.\r\nPreparing to unpack .../068-libtexluajit2_2018.20181218.49446-1_amd64.deb ...\r\nUnpacking libtexluajit2:amd64 (2018.20181218.49446-1) ...\r\nSelecting previously unselected package t1utils.\r\nPreparing to unpack .../069-t1utils_1.41-3_amd64.deb ...\r\nUnpacking t1utils (1.41-3) ...\r\nSelecting previously unselected package libbrotli1:amd64.\r\nPreparing to unpack .../070-libbrotli1_1.0.7-2+deb10u1_amd64.deb ...\r\nUnpacking libbrotli1:amd64 (1.0.7-2+deb10u1) ...\r\nSelecting previously unselected package libpixman-1-0:amd64.\r\nPreparing to unpack .../071-libpixman-1-0_0.36.0-1+deb10u1_amd64.deb ...\r\nUnpacking libpixman-1-0:amd64 (0.36.0-1+deb10u1) ...\r\nSelecting previously unselected package libxcb-render0:amd64.\r\nPreparing to unpack .../072-libxcb-render0_1.13.1-2_amd64.deb ...\r\nUnpacking libxcb-render0:amd64 (1.13.1-2) ...\r\nSelecting previously unselected package libxcb-shm0:amd64.\r\nPreparing to unpack .../073-libxcb-shm0_1.13.1-2_amd64.deb ...\r\nUnpacking libxcb-shm0:amd64 (1.13.1-2) ...\r\nSelecting previously unselected package libcairo2:amd64.\r\nPreparing to unpack .../074-libcairo2_1.16.0-4+deb10u1_amd64.deb ...\r\nUnpacking libcairo2:amd64 (1.16.0-4+deb10u1) ...\r\nSelecting previously unselected package libgraphite2-3:amd64.\r\nPreparing to unpack .../075-libgraphite2-3_1.3.13-7_amd64.deb ...\r\nUnpacking libgraphite2-3:amd64 (1.3.13-7) ...\r\nSelecting previously unselected package libgs9-common.\r\nPreparing to unpack .../076-libgs9-common_9.27~dfsg-2+deb10u6_all.deb ...\r\nUnpacking libgs9-common (9.27~dfsg-2+deb10u6) ...\r\nSelecting previously unselected package libavahi-common-data:amd64.\r\nPreparing to unpack .../077-libavahi-common-data_0.7-4+deb10u1_amd64.deb ...\r\nUnpacking libavahi-common-data:amd64 (0.7-4+deb10u1) ...\r\nSelecting previously unselected package libavahi-common3:amd64.\r\nPreparing to unpack .../078-libavahi-common3_0.7-4+deb10u1_amd64.deb ...\r\nUnpacking libavahi-common3:amd64 (0.7-4+deb10u1) ...\r\nSelecting previously unselected package libdbus-1-3:amd64.\r\nPreparing to unpack .../079-libdbus-1-3_1.12.24-0+deb10u1_amd64.deb ...\r\nUnpacking libdbus-1-3:amd64 (1.12.24-0+deb10u1) ...\r\nSelecting previously unselected package libavahi-client3:amd64.\r\nPreparing to unpack .../080-libavahi-client3_0.7-4+deb10u1_amd64.deb ...\r\nUnpacking libavahi-client3:amd64 (0.7-4+deb10u1) ...\r\nSelecting previously unselected package libcups2:amd64.\r\nPreparing to unpack .../081-libcups2_2.2.10-6+deb10u6_amd64.deb ...\r\nUnpacking libcups2:amd64 (2.2.10-6+deb10u6) ...\r\nSelecting previously unselected package libcupsimage2:amd64.\r\nPreparing to unpack .../082-libcupsimage2_2.2.10-6+deb10u6_amd64.deb ...\r\nUnpacking libcupsimage2:amd64 (2.2.10-6+deb10u6) ...\r\nSelecting previously unselected package libidn11:amd64.\r\nPreparing to unpack .../083-libidn11_1.33-2.2_amd64.deb ...\r\nUnpacking libidn11:amd64 (1.33-2.2) ...\r\nSelecting previously unselected package libijs-0.35:amd64.\r\nPreparing to unpack .../084-libijs-0.35_0.35-14_amd64.deb ...\r\nUnpacking libijs-0.35:amd64 (0.35-14) ...\r\nSelecting previously unselected package libjbig2dec0:amd64.\r\nPreparing to unpack .../085-libjbig2dec0_0.16-1+deb10u1_amd64.deb ...\r\nUnpacking libjbig2dec0:amd64 (0.16-1+deb10u1) ...\r\nSelecting previously unselected package liblcms2-2:amd64.\r\nPreparing to unpack .../086-liblcms2-2_2.9-3_amd64.deb ...\r\nUnpacking liblcms2-2:amd64 (2.9-3) ...\r\nSelecting previously unselected package libopenjp2-7:amd64.\r\nPreparing to unpack .../087-libopenjp2-7_2.3.0-2+deb10u2_amd64.deb ...\r\nUnpacking libopenjp2-7:amd64 (2.3.0-2+deb10u2) ...\r\nSelecting previously unselected package libpaper1:amd64.\r\nPreparing to unpack .../088-libpaper1_1.1.28_amd64.deb ...\r\nUnpacking libpaper1:amd64 (1.1.28) ...\r\nSelecting previously unselected package libgs9:amd64.\r\nPreparing to unpack .../089-libgs9_9.27~dfsg-2+deb10u6_amd64.deb ...\r\nUnpacking libgs9:amd64 (9.27~dfsg-2+deb10u6) ...\r\nSelecting previously unselected package libglib2.0-0:amd64.\r\nPreparing to unpack .../090-libglib2.0-0_2.58.3-2+deb10u4_amd64.deb ...\r\nUnpacking libglib2.0-0:amd64 (2.58.3-2+deb10u4) ...\r\nSelecting previously unselected package libharfbuzz0b:amd64.\r\nPreparing to unpack .../091-libharfbuzz0b_2.3.1-1_amd64.deb ...\r\nUnpacking libharfbuzz0b:amd64 (2.3.1-1) ...\r\nSelecting previously unselected package libharfbuzz-icu0:amd64.\r\nPreparing to unpack .../092-libharfbuzz-icu0_2.3.1-1_amd64.deb ...\r\nUnpacking libharfbuzz-icu0:amd64 (2.3.1-1) ...\r\nSelecting previously unselected package libice6:amd64.\r\nPreparing to unpack .../093-libice6_2%3a1.0.9-2_amd64.deb ...\r\nUnpacking libice6:amd64 (2:1.0.9-2) ...\r\nSelecting previously unselected package libpotrace0:amd64.\r\nPreparing to unpack .../094-libpotrace0_1.15-1_amd64.deb ...\r\nUnpacking libpotrace0:amd64 (1.15-1) ...\r\nSelecting previously unselected package libsm6:amd64.\r\nPreparing to unpack .../095-libsm6_2%3a1.2.3-1_amd64.deb ...\r\nUnpacking libsm6:amd64 (2:1.2.3-1) ...\r\nSelecting previously unselected package libteckit0:amd64.\r\nPreparing to unpack .../096-libteckit0_2.5.8+ds2-5_amd64.deb ...\r\nUnpacking libteckit0:amd64 (2.5.8+ds2-5) ...\r\nSelecting previously unselected package libwoff1:amd64.\r\nPreparing to unpack .../097-libwoff1_1.0.2-1_amd64.deb ...\r\nUnpacking libwoff1:amd64 (1.0.2-1) ...\r\nSelecting previously unselected package libxt6:amd64.\r\nPreparing to unpack .../098-libxt6_1%3a1.1.5-1+b3_amd64.deb ...\r\nUnpacking libxt6:amd64 (1:1.1.5-1+b3) ...\r\nSelecting previously unselected package libxmu6:amd64.\r\nPreparing to unpack .../099-libxmu6_2%3a1.1.2-2+b3_amd64.deb ...\r\nUnpacking libxmu6:amd64 (2:1.1.2-2+b3) ...\r\nSelecting previously unselected package libxaw7:amd64.\r\nPreparing to unpack .../100-libxaw7_2%3a1.0.13-1+b2_amd64.deb ...\r\nUnpacking libxaw7:amd64 (2:1.0.13-1+b2) ...\r\nSelecting previously unselected package libxi6:amd64.\r\nPreparing to unpack .../101-libxi6_2%3a1.7.9-1_amd64.deb ...\r\nUnpacking libxi6:amd64 (2:1.7.9-1) ...\r\nSelecting previously unselected package libxxhash0:amd64.\r\nPreparing to unpack .../102-libxxhash0_0.6.5-2_amd64.deb ...\r\nUnpacking libxxhash0:amd64 (0.6.5-2) ...\r\nSelecting previously unselected package libzzip-0-13:amd64.\r\nPreparing to unpack .../103-libzzip-0-13_0.13.62-3.2+deb10u1_amd64.deb ...\r\nUnpacking libzzip-0-13:amd64 (0.13.62-3.2+deb10u1) ...\r\nSelecting previously unselected package texlive-binaries.\r\nPreparing to unpack .../104-texlive-binaries_2018.20181218.49446-1_amd64.deb ...\r\nUnpacking texlive-binaries (2018.20181218.49446-1) ...\r\nSelecting previously unselected package ghostscript.\r\nPreparing to unpack .../105-ghostscript_9.27~dfsg-2+deb10u6_amd64.deb ...\r\nUnpacking ghostscript (9.27~dfsg-2+deb10u6) ...\r\nSelecting previously unselected package dvipng.\r\nPreparing to unpack .../106-dvipng_1.15-1.1_amd64.deb ...\r\nUnpacking dvipng (1.15-1.1) ...\r\nSelecting previously unselected package fonts-lyx.\r\nPreparing to unpack .../107-fonts-lyx_2.3.2-1_all.deb ...\r\nUnpacking fonts-lyx (2.3.2-1) ...\r\nSelecting previously unselected package libcc1-0:amd64.\r\nPreparing to unpack .../108-libcc1-0_8.3.0-6_amd64.deb ...\r\nUnpacking libcc1-0:amd64 (8.3.0-6) ...\r\nSelecting previously unselected package libgomp1:amd64.\r\nPreparing to unpack .../109-libgomp1_8.3.0-6_amd64.deb ...\r\nUnpacking libgomp1:amd64 (8.3.0-6) ...\r\nSelecting previously unselected package libitm1:amd64.\r\nPreparing to unpack .../110-libitm1_8.3.0-6_amd64.deb ...\r\nUnpacking libitm1:amd64 (8.3.0-6) ...\r\nSelecting previously unselected package libatomic1:amd64.\r\nPreparing to unpack .../111-libatomic1_8.3.0-6_amd64.deb ...\r\nUnpacking libatomic1:amd64 (8.3.0-6) ...\r\nSelecting previously unselected package libasan5:amd64.\r\nPreparing to unpack .../112-libasan5_8.3.0-6_amd64.deb ...\r\nUnpacking libasan5:amd64 (8.3.0-6) ...\r\nSelecting previously unselected package liblsan0:amd64.\r\nPreparing to unpack .../113-liblsan0_8.3.0-6_amd64.deb ...\r\nUnpacking liblsan0:amd64 (8.3.0-6) ...\r\nSelecting previously unselected package libtsan0:amd64.\r\nPreparing to unpack .../114-libtsan0_8.3.0-6_amd64.deb ...\r\nUnpacking libtsan0:amd64 (8.3.0-6) ...\r\nSelecting previously unselected package libubsan1:amd64.\r\nPreparing to unpack .../115-libubsan1_8.3.0-6_amd64.deb ...\r\nUnpacking libubsan1:amd64 (8.3.0-6) ...\r\nSelecting previously unselected package libmpx2:amd64.\r\nPreparing to unpack .../116-libmpx2_8.3.0-6_amd64.deb ...\r\nUnpacking libmpx2:amd64 (8.3.0-6) ...\r\nSelecting previously unselected package libquadmath0:amd64.\r\nPreparing to unpack .../117-libquadmath0_8.3.0-6_amd64.deb ...\r\nUnpacking libquadmath0:amd64 (8.3.0-6) ...\r\nSelecting previously unselected package libgcc-8-dev:amd64.\r\nPreparing to unpack .../118-libgcc-8-dev_8.3.0-6_amd64.deb ...\r\nUnpacking libgcc-8-dev:amd64 (8.3.0-6) ...\r\nSelecting previously unselected package gcc-8.\r\nPreparing to unpack .../119-gcc-8_8.3.0-6_amd64.deb ...\r\nUnpacking gcc-8 (8.3.0-6) ...\r\nSelecting previously unselected package gcc.\r\nPreparing to unpack .../120-gcc_4%3a8.3.0-1_amd64.deb ...\r\nUnpacking gcc (4:8.3.0-1) ...\r\nSelecting previously unselected package libc-dev-bin.\r\nPreparing to unpack .../121-libc-dev-bin_2.28-10+deb10u2_amd64.deb ...\r\nUnpacking libc-dev-bin (2.28-10+deb10u2) ...\r\nSelecting previously unselected package linux-libc-dev:amd64.\r\nPreparing to unpack .../122-linux-libc-dev_4.19.269-1_amd64.deb ...\r\nUnpacking linux-libc-dev:amd64 (4.19.269-1) ...\r\nSelecting previously unselected package libc6-dev:amd64.\r\nPreparing to unpack .../123-libc6-dev_2.28-10+deb10u2_amd64.deb ...\r\nUnpacking libc6-dev:amd64 (2.28-10+deb10u2) ...\r\nSelecting previously unselected package libstdc++-8-dev:amd64.\r\nPreparing to unpack .../124-libstdc++-8-dev_8.3.0-6_amd64.deb ...\r\nUnpacking libstdc++-8-dev:amd64 (8.3.0-6) ...\r\nSelecting previously unselected package g++-8.\r\nPreparing to unpack .../125-g++-8_8.3.0-6_amd64.deb ...\r\nUnpacking g++-8 (8.3.0-6) ...\r\nSelecting previously unselected package g++.\r\nPreparing to unpack .../126-g++_4%3a8.3.0-1_amd64.deb ...\r\nUnpacking g++ (4:8.3.0-1) ...\r\nSelecting previously unselected package libgfortran5:amd64.\r\nPreparing to unpack .../127-libgfortran5_8.3.0-6_amd64.deb ...\r\nUnpacking libgfortran5:amd64 (8.3.0-6) ...\r\nSelecting previously unselected package libgfortran-8-dev:amd64.\r\nPreparing to unpack .../128-libgfortran-8-dev_8.3.0-6_amd64.deb ...\r\nUnpacking libgfortran-8-dev:amd64 (8.3.0-6) ...\r\nSelecting previously unselected package gfortran-8.\r\nPreparing to unpack .../129-gfortran-8_8.3.0-6_amd64.deb ...\r\nUnpacking gfortran-8 (8.3.0-6) ...\r\nSelecting previously unselected package gfortran.\r\nPreparing to unpack .../130-gfortran_4%3a8.3.0-1_amd64.deb ...\r\nUnpacking gfortran (4:8.3.0-1) ...\r\nSelecting previously unselected package libevent-2.1-6:amd64.\r\nPreparing to unpack .../131-libevent-2.1-6_2.1.8-stable-4_amd64.deb ...\r\nUnpacking libevent-2.1-6:amd64 (2.1.8-stable-4) ...\r\nSelecting previously unselected package libevent-core-2.1-6:amd64.\r\nPreparing to unpack .../132-libevent-core-2.1-6_2.1.8-stable-4_amd64.deb ...\r\nUnpacking libevent-core-2.1-6:amd64 (2.1.8-stable-4) ...\r\nSelecting previously unselected package libevent-pthreads-2.1-6:amd64.\r\nPreparing to unpack .../133-libevent-pthreads-2.1-6_2.1.8-stable-4_amd64.deb ...\r\nUnpacking libevent-pthreads-2.1-6:amd64 (2.1.8-stable-4) ...\r\nSelecting previously unselected package libltdl7:amd64.\r\nPreparing to unpack .../134-libltdl7_2.4.6-9_amd64.deb ...\r\nUnpacking libltdl7:amd64 (2.4.6-9) ...\r\nSelecting previously unselected package libnuma1:amd64.\r\nPreparing to unpack .../135-libnuma1_2.0.12-1_amd64.deb ...\r\nUnpacking libnuma1:amd64 (2.0.12-1) ...\r\nSelecting previously unselected package libhwloc5:amd64.\r\nPreparing to unpack .../136-libhwloc5_1.11.12-3_amd64.deb ...\r\nUnpacking libhwloc5:amd64 (1.11.12-3) ...\r\nSelecting previously unselected package libnl-3-200:amd64.\r\nPreparing to unpack .../137-libnl-3-200_3.4.0-1_amd64.deb ...\r\nUnpacking libnl-3-200:amd64 (3.4.0-1) ...\r\nSelecting previously unselected package libnl-route-3-200:amd64.\r\nPreparing to unpack .../138-libnl-route-3-200_3.4.0-1_amd64.deb ...\r\nUnpacking libnl-route-3-200:amd64 (3.4.0-1) ...\r\nSelecting previously unselected package libibverbs1:amd64.\r\nPreparing to unpack .../139-libibverbs1_22.1-1_amd64.deb ...\r\nUnpacking libibverbs1:amd64 (22.1-1) ...\r\nSelecting previously unselected package libpsm-infinipath1.\r\nPreparing to unpack .../140-libpsm-infinipath1_3.3+20.604758e7-6_amd64.deb ...\r\nUnpacking libpsm-infinipath1 (3.3+20.604758e7-6) ...\r\nSelecting previously unselected package libpsm2-2.\r\nPreparing to unpack .../141-libpsm2-2_11.2.78-1_amd64.deb ...\r\nUnpacking libpsm2-2 (11.2.78-1) ...\r\nSelecting previously unselected package librdmacm1:amd64.\r\nPreparing to unpack .../142-librdmacm1_22.1-1_amd64.deb ...\r\nUnpacking librdmacm1:amd64 (22.1-1) ...\r\nSelecting previously unselected package libfabric1.\r\nPreparing to unpack .../143-libfabric1_1.6.2-3_amd64.deb ...\r\nUnpacking libfabric1 (1.6.2-3) ...\r\nSelecting previously unselected package libpciaccess0:amd64.\r\nPreparing to unpack .../144-libpciaccess0_0.14-1_amd64.deb ...\r\nUnpacking libpciaccess0:amd64 (0.14-1) ...\r\nSelecting previously unselected package ocl-icd-libopencl1:amd64.\r\nPreparing to unpack .../145-ocl-icd-libopencl1_2.2.12-2_amd64.deb ...\r\nUnpacking ocl-icd-libopencl1:amd64 (2.2.12-2) ...\r\nSelecting previously unselected package libhwloc-plugins:amd64.\r\nPreparing to unpack .../146-libhwloc-plugins_1.11.12-3_amd64.deb ...\r\nUnpacking libhwloc-plugins:amd64 (1.11.12-3) ...\r\nSelecting previously unselected package libpmix2:amd64.\r\nPreparing to unpack .../147-libpmix2_3.1.2-3_amd64.deb ...\r\nUnpacking libpmix2:amd64 (3.1.2-3) ...\r\nSelecting previously unselected package libopenmpi3:amd64.\r\nPreparing to unpack .../148-libopenmpi3_3.1.3-11_amd64.deb ...\r\nUnpacking libopenmpi3:amd64 (3.1.3-11) ...\r\nSelecting previously unselected package openmpi-common.\r\nPreparing to unpack .../149-openmpi-common_3.1.3-11_all.deb ...\r\nUnpacking openmpi-common (3.1.3-11) ...\r\nSelecting previously unselected package openmpi-bin.\r\nPreparing to unpack .../150-openmpi-bin_3.1.3-11_amd64.deb ...\r\nUnpacking openmpi-bin (3.1.3-11) ...\r\nSelecting previously unselected package mpi-default-bin.\r\nPreparing to unpack .../151-mpi-default-bin_1.13_amd64.deb ...\r\nUnpacking mpi-default-bin (1.13) ...\r\nSelecting previously unselected package libann0.\r\nPreparing to unpack .../152-libann0_1.1.2+doc-7_amd64.deb ...\r\nUnpacking libann0 (1.1.2+doc-7) ...\r\nSelecting previously unselected package libblas3:amd64.\r\nPreparing to unpack .../153-libblas3_3.8.0-2_amd64.deb ...\r\nUnpacking libblas3:amd64 (3.8.0-2) ...\r\nSelecting previously unselected package libcgns3.3:amd64.\r\nPreparing to unpack .../154-libcgns3.3_3.3.0-7~deb10u1_amd64.deb ...\r\nUnpacking libcgns3.3:amd64 (3.3.0-7~deb10u1) ...\r\nSelecting previously unselected package libxfixes3:amd64.\r\nPreparing to unpack .../155-libxfixes3_1%3a5.0.3-1_amd64.deb ...\r\nUnpacking libxfixes3:amd64 (1:5.0.3-1) ...\r\nSelecting previously unselected package libxcursor1:amd64.\r\nPreparing to unpack .../156-libxcursor1_1%3a1.1.15-2_amd64.deb ...\r\nUnpacking libxcursor1:amd64 (1:1.1.15-2) ...\r\nSelecting previously unselected package libxinerama1:amd64.\r\nPreparing to unpack .../157-libxinerama1_2%3a1.1.4-2_amd64.deb ...\r\nUnpacking libxinerama1:amd64 (2:1.1.4-2) ...\r\nSelecting previously unselected package libfltk1.3:amd64.\r\nPreparing to unpack .../158-libfltk1.3_1.3.4-9_amd64.deb ...\r\nUnpacking libfltk1.3:amd64 (1.3.4-9) ...\r\nSelecting previously unselected package libglvnd0:amd64.\r\nPreparing to unpack .../159-libglvnd0_1.1.0-1_amd64.deb ...\r\nUnpacking libglvnd0:amd64 (1.1.0-1) ...\r\nSelecting previously unselected package libdrm-common.\r\nPreparing to unpack .../160-libdrm-common_2.4.97-1_all.deb ...\r\nUnpacking libdrm-common (2.4.97-1) ...\r\nSelecting previously unselected package libdrm2:amd64.\r\nPreparing to unpack .../161-libdrm2_2.4.97-1_amd64.deb ...\r\nUnpacking libdrm2:amd64 (2.4.97-1) ...\r\nSelecting previously unselected package libglapi-mesa:amd64.\r\nPreparing to unpack .../162-libglapi-mesa_18.3.6-2+deb10u1_amd64.deb ...\r\nUnpacking libglapi-mesa:amd64 (18.3.6-2+deb10u1) ...\r\nSelecting previously unselected package libx11-xcb1:amd64.\r\nPreparing to unpack .../163-libx11-xcb1_2%3a1.6.7-1+deb10u2_amd64.deb ...\r\nUnpacking libx11-xcb1:amd64 (2:1.6.7-1+deb10u2) ...\r\nSelecting previously unselected package libxcb-dri2-0:amd64.\r\nPreparing to unpack .../164-libxcb-dri2-0_1.13.1-2_amd64.deb ...\r\nUnpacking libxcb-dri2-0:amd64 (1.13.1-2) ...\r\nSelecting previously unselected package libxcb-dri3-0:amd64.\r\nPreparing to unpack .../165-libxcb-dri3-0_1.13.1-2_amd64.deb ...\r\nUnpacking libxcb-dri3-0:amd64 (1.13.1-2) ...\r\nSelecting previously unselected package libxcb-glx0:amd64.\r\nPreparing to unpack .../166-libxcb-glx0_1.13.1-2_amd64.deb ...\r\nUnpacking libxcb-glx0:amd64 (1.13.1-2) ...\r\nSelecting previously unselected package libxcb-present0:amd64.\r\nPreparing to unpack .../167-libxcb-present0_1.13.1-2_amd64.deb ...\r\nUnpacking libxcb-present0:amd64 (1.13.1-2) ...\r\nSelecting previously unselected package libxcb-sync1:amd64.\r\nPreparing to unpack .../168-libxcb-sync1_1.13.1-2_amd64.deb ...\r\nUnpacking libxcb-sync1:amd64 (1.13.1-2) ...\r\nSelecting previously unselected package libxdamage1:amd64.\r\nPreparing to unpack .../169-libxdamage1_1%3a1.1.4-3+b3_amd64.deb ...\r\nUnpacking libxdamage1:amd64 (1:1.1.4-3+b3) ...\r\nSelecting previously unselected package libxshmfence1:amd64.\r\nPreparing to unpack .../170-libxshmfence1_1.3-1_amd64.deb ...\r\nUnpacking libxshmfence1:amd64 (1.3-1) ...\r\nSelecting previously unselected package libxxf86vm1:amd64.\r\nPreparing to unpack .../171-libxxf86vm1_1%3a1.1.4-1+b2_amd64.deb ...\r\nUnpacking libxxf86vm1:amd64 (1:1.1.4-1+b2) ...\r\nSelecting previously unselected package libdrm-amdgpu1:amd64.\r\nPreparing to unpack .../172-libdrm-amdgpu1_2.4.97-1_amd64.deb ...\r\nUnpacking libdrm-amdgpu1:amd64 (2.4.97-1) ...\r\nSelecting previously unselected package libdrm-intel1:amd64.\r\nPreparing to unpack .../173-libdrm-intel1_2.4.97-1_amd64.deb ...\r\nUnpacking libdrm-intel1:amd64 (2.4.97-1) ...\r\nSelecting previously unselected package libdrm-nouveau2:amd64.\r\nPreparing to unpack .../174-libdrm-nouveau2_2.4.97-1_amd64.deb ...\r\nUnpacking libdrm-nouveau2:amd64 (2.4.97-1) ...\r\nSelecting previously unselected package libdrm-radeon1:amd64.\r\nPreparing to unpack .../175-libdrm-radeon1_2.4.97-1_amd64.deb ...\r\nUnpacking libdrm-radeon1:amd64 (2.4.97-1) ...\r\nSelecting previously unselected package libelf1:amd64.\r\nPreparing to unpack .../176-libelf1_0.176-1.1_amd64.deb ...\r\nUnpacking libelf1:amd64 (0.176-1.1) ...\r\nSelecting previously unselected package libllvm7:amd64.\r\nPreparing to unpack .../177-libllvm7_1%3a7.0.1-8+deb10u2_amd64.deb ...\r\nUnpacking libllvm7:amd64 (1:7.0.1-8+deb10u2) ...\r\nSelecting previously unselected package libsensors-config.\r\nPreparing to unpack .../178-libsensors-config_1%3a3.5.0-3_all.deb ...\r\nUnpacking libsensors-config (1:3.5.0-3) ...\r\nSelecting previously unselected package libsensors5:amd64.\r\nPreparing to unpack .../179-libsensors5_1%3a3.5.0-3_amd64.deb ...\r\nUnpacking libsensors5:amd64 (1:3.5.0-3) ...\r\nSelecting previously unselected package libgl1-mesa-dri:amd64.\r\nPreparing to unpack .../180-libgl1-mesa-dri_18.3.6-2+deb10u1_amd64.deb ...\r\nUnpacking libgl1-mesa-dri:amd64 (18.3.6-2+deb10u1) ...\r\nSelecting previously unselected package libglx-mesa0:amd64.\r\nPreparing to unpack .../181-libglx-mesa0_18.3.6-2+deb10u1_amd64.deb ...\r\nUnpacking libglx-mesa0:amd64 (18.3.6-2+deb10u1) ...\r\nSelecting previously unselected package libglx0:amd64.\r\nPreparing to unpack .../182-libglx0_1.1.0-1_amd64.deb ...\r\nUnpacking libglx0:amd64 (1.1.0-1) ...\r\nSelecting previously unselected package libgl1:amd64.\r\nPreparing to unpack .../183-libgl1_1.1.0-1_amd64.deb ...\r\nUnpacking libgl1:amd64 (1.1.0-1) ...\r\nSelecting previously unselected package libglu1-mesa:amd64.\r\nPreparing to unpack .../184-libglu1-mesa_9.0.0-2.1+b3_amd64.deb ...\r\nUnpacking libglu1-mesa:amd64 (9.0.0-2.1+b3) ...\r\nSelecting previously unselected package libfltk-gl1.3:amd64.\r\nPreparing to unpack .../185-libfltk-gl1.3_1.3.4-9_amd64.deb ...\r\nUnpacking libfltk-gl1.3:amd64 (1.3.4-9) ...\r\nSelecting previously unselected package libfltk-images1.3:amd64.\r\nPreparing to unpack .../186-libfltk-images1.3_1.3.4-9_amd64.deb ...\r\nUnpacking libfltk-images1.3:amd64 (1.3.4-9) ...\r\nSelecting previously unselected package libgl2ps1.4.\r\nPreparing to unpack .../187-libgl2ps1.4_1.4.0+dfsg1-2_amd64.deb ...\r\nUnpacking libgl2ps1.4 (1.4.0+dfsg1-2) ...\r\nSelecting previously unselected package libaec0:amd64.\r\nPreparing to unpack .../188-libaec0_1.0.2-1_amd64.deb ...\r\nUnpacking libaec0:amd64 (1.0.2-1) ...\r\nSelecting previously unselected package libsz2:amd64.\r\nPreparing to unpack .../189-libsz2_1.0.2-1_amd64.deb ...\r\nUnpacking libsz2:amd64 (1.0.2-1) ...\r\nSelecting previously unselected package libhdf5-openmpi-103:amd64.\r\nPreparing to unpack .../190-libhdf5-openmpi-103_1.10.4+repack-10_amd64.deb ...\r\nUnpacking libhdf5-openmpi-103:amd64 (1.10.4+repack-10) ...\r\nSelecting previously unselected package liblapack3:amd64.\r\nPreparing to unpack .../191-liblapack3_3.8.0-2_amd64.deb ...\r\nUnpacking liblapack3:amd64 (3.8.0-2) ...\r\nSelecting previously unselected package libilmbase23:amd64.\r\nPreparing to unpack .../192-libilmbase23_2.2.1-2_amd64.deb ...\r\nUnpacking libilmbase23:amd64 (2.2.1-2) ...\r\nSelecting previously unselected package libjxr0:amd64.\r\nPreparing to unpack .../193-libjxr0_1.1-6+b1_amd64.deb ...\r\nUnpacking libjxr0:amd64 (1.1-6+b1) ...\r\nSelecting previously unselected package libopenexr23:amd64.\r\nPreparing to unpack .../194-libopenexr23_2.2.1-4.1+deb10u2_amd64.deb ...\r\nUnpacking libopenexr23:amd64 (2.2.1-4.1+deb10u2) ...\r\nSelecting previously unselected package libraw19:amd64.\r\nPreparing to unpack .../195-libraw19_0.19.2-2+deb10u2_amd64.deb ...\r\nUnpacking libraw19:amd64 (0.19.2-2+deb10u2) ...\r\nSelecting previously unselected package libwebpmux3:amd64.\r\nPreparing to unpack .../196-libwebpmux3_0.6.1-2+deb10u1_amd64.deb ...\r\nUnpacking libwebpmux3:amd64 (0.6.1-2+deb10u1) ...\r\nSelecting previously unselected package libfreeimage3:amd64.\r\nPreparing to unpack .../197-libfreeimage3_3.18.0+ds2-1+deb10u1_amd64.deb ...\r\nUnpacking libfreeimage3:amd64 (3.18.0+ds2-1+deb10u1) ...\r\nSelecting previously unselected package libtbb2:amd64.\r\nPreparing to unpack .../198-libtbb2_2018~U6-4_amd64.deb ...\r\nUnpacking libtbb2:amd64 (2018~U6-4) ...\r\nSelecting previously unselected package libocct-foundation-7.3:amd64.\r\nPreparing to unpack .../199-libocct-foundation-7.3_7.3.0+dfsg1-5_amd64.deb ...\r\nUnpacking libocct-foundation-7.3:amd64 (7.3.0+dfsg1-5) ...\r\nSelecting previously unselected package libocct-modeling-data-7.3:amd64.\r\nPreparing to unpack .../200-libocct-modeling-data-7.3_7.3.0+dfsg1-5_amd64.deb ...\r\nUnpacking libocct-modeling-data-7.3:amd64 (7.3.0+dfsg1-5) ...\r\nSelecting previously unselected package libocct-modeling-algorithms-7.3:amd64.\r\nPreparing to unpack .../201-libocct-modeling-algorithms-7.3_7.3.0+dfsg1-5_amd64.deb ...\r\nUnpacking libocct-modeling-algorithms-7.3:amd64 (7.3.0+dfsg1-5) ...\r\nSelecting previously unselected package libocct-visualization-7.3:amd64.\r\nPreparing to unpack .../202-libocct-visualization-7.3_7.3.0+dfsg1-5_amd64.deb ...\r\nUnpacking libocct-visualization-7.3:amd64 (7.3.0+dfsg1-5) ...\r\nSelecting previously unselected package libocct-ocaf-7.3:amd64.\r\nPreparing to unpack .../203-libocct-ocaf-7.3_7.3.0+dfsg1-5_amd64.deb ...\r\nUnpacking libocct-ocaf-7.3:amd64 (7.3.0+dfsg1-5) ...\r\nSelecting previously unselected package libocct-data-exchange-7.3:amd64.\r\nPreparing to unpack .../204-libocct-data-exchange-7.3_7.3.0+dfsg1-5_amd64.deb ...\r\nUnpacking libocct-data-exchange-7.3:amd64 (7.3.0+dfsg1-5) ...\r\nSelecting previously unselected package libgmsh4.1:amd64.\r\nPreparing to unpack .../205-libgmsh4.1_4.1.5+really4.1.3+ds1-1_amd64.deb ...\r\nUnpacking libgmsh4.1:amd64 (4.1.5+really4.1.3+ds1-1) ...\r\nSelecting previously unselected package gmsh.\r\nPreparing to unpack .../206-gmsh_4.1.5+really4.1.3+ds1-1_amd64.deb ...\r\nUnpacking gmsh (4.1.5+really4.1.3+ds1-1) ...\r\nSelecting previously unselected package ibverbs-providers:amd64.\r\nPreparing to unpack .../207-ibverbs-providers_22.1-1_amd64.deb ...\r\nUnpacking ibverbs-providers:amd64 (22.1-1) ...\r\nSelecting previously unselected package libexpat1-dev:amd64.\r\nPreparing to unpack .../208-libexpat1-dev_2.2.6-2+deb10u6_amd64.deb ...\r\nUnpacking libexpat1-dev:amd64 (2.2.6-2+deb10u6) ...\r\nSelecting previously unselected package libnuma-dev:amd64.\r\nPreparing to unpack .../209-libnuma-dev_2.0.12-1_amd64.deb ...\r\nUnpacking libnuma-dev:amd64 (2.0.12-1) ...\r\nSelecting previously unselected package libltdl-dev:amd64.\r\nPreparing to unpack .../210-libltdl-dev_2.4.6-9_amd64.deb ...\r\nUnpacking libltdl-dev:amd64 (2.4.6-9) ...\r\nSelecting previously unselected package libhwloc-dev:amd64.\r\nPreparing to unpack .../211-libhwloc-dev_1.11.12-3_amd64.deb ...\r\nUnpacking libhwloc-dev:amd64 (1.11.12-3) ...\r\nSelecting previously unselected package libnl-3-dev:amd64.\r\nPreparing to unpack .../212-libnl-3-dev_3.4.0-1_amd64.deb ...\r\nUnpacking libnl-3-dev:amd64 (3.4.0-1) ...\r\nSelecting previously unselected package libnl-route-3-dev:amd64.\r\nPreparing to unpack .../213-libnl-route-3-dev_3.4.0-1_amd64.deb ...\r\nUnpacking libnl-route-3-dev:amd64 (3.4.0-1) ...\r\nSelecting previously unselected package libibverbs-dev:amd64.\r\nPreparing to unpack .../214-libibverbs-dev_22.1-1_amd64.deb ...\r\nUnpacking libibverbs-dev:amd64 (22.1-1) ...\r\nSelecting previously unselected package libjs-jquery.\r\nPreparing to unpack .../215-libjs-jquery_3.3.1~dfsg-3+deb10u1_all.deb ...\r\nUnpacking libjs-jquery (3.3.1~dfsg-3+deb10u1) ...\r\nSelecting previously unselected package libjs-jquery-ui.\r\nPreparing to unpack .../216-libjs-jquery-ui_1.12.1+dfsg-5+deb10u1_all.deb ...\r\nUnpacking libjs-jquery-ui (1.12.1+dfsg-5+deb10u1) ...\r\nSelecting previously unselected package libopenmpi-dev:amd64.\r\nPreparing to unpack .../217-libopenmpi-dev_3.1.3-11_amd64.deb ...\r\nUnpacking libopenmpi-dev:amd64 (3.1.3-11) ...\r\nSelecting previously unselected package libpython2.7:amd64.\r\nPreparing to unpack .../218-libpython2.7_2.7.16-2+deb10u1_amd64.deb ...\r\nUnpacking libpython2.7:amd64 (2.7.16-2+deb10u1) ...\r\nSelecting previously unselected package libpython2.7-dev:amd64.\r\nPreparing to unpack .../219-libpython2.7-dev_2.7.16-2+deb10u1_amd64.deb ...\r\nUnpacking libpython2.7-dev:amd64 (2.7.16-2+deb10u1) ...\r\nSelecting previously unselected package libpython2-dev:amd64.\r\nPreparing to unpack .../220-libpython2-dev_2.7.16-1_amd64.deb ...\r\nUnpacking libpython2-dev:amd64 (2.7.16-1) ...\r\nSelecting previously unselected package libpython-dev:amd64.\r\nPreparing to unpack .../221-libpython-dev_2.7.16-1_amd64.deb ...\r\nUnpacking libpython-dev:amd64 (2.7.16-1) ...\r\nSelecting previously unselected package libtool.\r\nPreparing to unpack .../222-libtool_2.4.6-9_all.deb ...\r\nUnpacking libtool (2.4.6-9) ...\r\nSelecting previously unselected package make.\r\nPreparing to unpack .../223-make_4.2.1-1.2_amd64.deb ...\r\nUnpacking make (4.2.1-1.2) ...\r\nSelecting previously unselected package python-backports.functools-lru-cache.\r\nPreparing to unpack .../224-python-backports.functools-lru-cache_1.5-3_all.deb ...\r\nUnpacking python-backports.functools-lru-cache (1.5-3) ...\r\nSelecting previously unselected package python-six.\r\nPreparing to unpack .../225-python-six_1.12.0-1_all.deb ...\r\nUnpacking python-six (1.12.0-1) ...\r\nSelecting previously unselected package python-cycler.\r\nPreparing to unpack .../226-python-cycler_0.10.0-1_all.deb ...\r\nUnpacking python-cycler (0.10.0-1) ...\r\nSelecting previously unselected package python-dateutil.\r\nPreparing to unpack .../227-python-dateutil_2.7.3-3_all.deb ...\r\nUnpacking python-dateutil (2.7.3-3) ...\r\nSelecting previously unselected package python-decorator.\r\nPreparing to unpack .../228-python-decorator_4.3.0-1.1_all.deb ...\r\nUnpacking python-decorator (4.3.0-1.1) ...\r\nSelecting previously unselected package python2.7-dev.\r\nPreparing to unpack .../229-python2.7-dev_2.7.16-2+deb10u1_amd64.deb ...\r\nUnpacking python2.7-dev (2.7.16-2+deb10u1) ...\r\nSelecting previously unselected package python2-dev.\r\nPreparing to unpack .../230-python2-dev_2.7.16-1_amd64.deb ...\r\nUnpacking python2-dev (2.7.16-1) ...\r\nSelecting previously unselected package python-dev.\r\nPreparing to unpack .../231-python-dev_2.7.16-1_amd64.deb ...\r\nUnpacking python-dev (2.7.16-1) ...\r\nSelecting previously unselected package python-pkg-resources.\r\nPreparing to unpack .../232-python-pkg-resources_40.8.0-1_all.deb ...\r\nUnpacking python-pkg-resources (40.8.0-1) ...\r\nSelecting previously unselected package python-kiwisolver.\r\nPreparing to unpack .../233-python-kiwisolver_1.0.1-2+b1_amd64.deb ...\r\nUnpacking python-kiwisolver (1.0.1-2+b1) ...\r\nSelecting previously unselected package python-matplotlib2-data.\r\nPreparing to unpack .../234-python-matplotlib2-data_2.2.3-6_all.deb ...\r\nUnpacking python-matplotlib2-data (2.2.3-6) ...\r\nSelecting previously unselected package python-pyparsing.\r\nPreparing to unpack .../235-python-pyparsing_2.2.0+dfsg1-2_all.deb ...\r\nUnpacking python-pyparsing (2.2.0+dfsg1-2) ...\r\nSelecting previously unselected package python-tz.\r\nPreparing to unpack .../236-python-tz_2019.1-1_all.deb ...\r\nUnpacking python-tz (2019.1-1) ...\r\nSelecting previously unselected package python-numpy.\r\nPreparing to unpack .../237-python-numpy_1%3a1.16.2-1_amd64.deb ...\r\nUnpacking python-numpy (1:1.16.2-1) ...\r\nSelecting previously unselected package python-subprocess32.\r\nPreparing to unpack .../238-python-subprocess32_3.5.3-1_amd64.deb ...\r\nUnpacking python-subprocess32 (3.5.3-1) ...\r\nSelecting previously unselected package python-matplotlib.\r\nPreparing to unpack .../239-python-matplotlib_2.2.3-6_amd64.deb ...\r\nUnpacking python-matplotlib (2.2.3-6) ...\r\nSelecting previously unselected package python-mpi4py.\r\nPreparing to unpack .../240-python-mpi4py_2.0.0-3+b3_amd64.deb ...\r\nUnpacking python-mpi4py (2.0.0-3+b3) ...\r\nSelecting previously unselected package python-scipy.\r\nPreparing to unpack .../241-python-scipy_1.1.0-7_amd64.deb ...\r\nUnpacking python-scipy (1.1.0-7) ...\r\nSelecting previously unselected package python-tk.\r\nPreparing to unpack .../242-python-tk_2.7.16-2_amd64.deb ...\r\nUnpacking python-tk (2.7.16-2) ...\r\nSetting up perl-modules-5.28 (5.28.1-6+deb10u1) ...\r\nSetting up libgs9-common (9.27~dfsg-2+deb10u6) ...\r\nSetting up libexpat1:amd64 (2.2.6-2+deb10u6) ...\r\nSetting up libgraphite2-3:amd64 (1.3.13-7) ...\r\nSetting up liblcms2-2:amd64 (2.9-3) ...\r\nSetting up libpixman-1-0:amd64 (0.36.0-1+deb10u1) ...\r\nSetting up lsb-base (10.2019051400) ...\r\nSetting up libx11-xcb1:amd64 (2:1.6.7-1+deb10u2) ...\r\nSetting up libpciaccess0:amd64 (0.14-1) ...\r\nSetting up libxau6:amd64 (1:1.0.8-1+b2) ...\r\nSetting up libkeyutils1:amd64 (1.6-6) ...\r\nSetting up libpsl5:amd64 (0.20.2-2) ...\r\nSetting up ttf-bitstream-vera (1.10-8) ...\r\nSetting up mime-support (3.62) ...\r\nSetting up libtexlua52:amd64 (2018.20181218.49446-1) ...\r\nSetting up libmagic-mgc (1:5.35-4+deb10u2) ...\r\nSetting up libtexlua53:amd64 (2018.20181218.49446-1) ...\r\nSetting up libilmbase23:amd64 (2.2.1-2) ...\r\nSetting up libglib2.0-0:amd64 (2.58.3-2+deb10u4) ...\r\nNo schema files found: doing nothing.\r\nSetting up libglvnd0:amd64 (1.1.0-1) ...\r\nSetting up libssl1.1:amd64 (1.1.1n-0+deb10u3) ...\r\ndebconf: unable to initialize frontend: Dialog\r\ndebconf: (TERM is not set, so the dialog frontend is not usable.)\r\ndebconf: falling back to frontend: Readline\r\nSetting up fonts-lyx (2.3.2-1) ...\r\nSetting up libijs-0.35:amd64 (0.35-14) ...\r\nSetting up libjxr0:amd64 (1.1-6+b1) ...\r\nSetting up libtexluajit2:amd64 (2018.20181218.49446-1) ...\r\nSetting up libbrotli1:amd64 (1.0.7-2+deb10u1) ...\r\nSetting up libsqlite3-0:amd64 (3.27.2-3+deb10u2) ...\r\nSetting up binutils-common:amd64 (2.31.1-16) ...\r\nSetting up x11-common (1:7.7+19) ...\r\ndebconf: unable to initialize frontend: Dialog\r\ndebconf: (TERM is not set, so the dialog frontend is not usable.)\r\ndebconf: falling back to frontend: Readline\r\nupdate-rc.d: warning: start and stop actions are no longer supported; falling back to defaults\r\ninvoke-rc.d: could not determine current runlevel\r\ninvoke-rc.d: policy-rc.d denied execution of start.\r\nSetting up libsensors-config (1:3.5.0-3) ...\r\nSetting up libmagic1:amd64 (1:5.35-4+deb10u2) ...\r\nSetting up linux-libc-dev:amd64 (4.19.269-1) ...\r\nSetting up libopenexr23:amd64 (2.2.1-4.1+deb10u2) ...\r\nSetting up libzzip-0-13:amd64 (0.13.62-3.2+deb10u1) ...\r\nSetting up file (1:5.35-4+deb10u2) ...\r\nSetting up libgomp1:amd64 (8.3.0-6) ...\r\nSetting up libjbig0:amd64 (2.1-3.1+b2) ...\r\nSetting up libaec0:amd64 (1.0.2-1) ...\r\nSetting up libicu63:amd64 (63.1-6+deb10u3) ...\r\nSetting up poppler-data (0.4.9-2) ...\r\nSetting up libkrb5support0:amd64 (1.17-3+deb10u5) ...\r\nSetting up libasan5:amd64 (8.3.0-6) ...\r\nSetting up autotools-dev (20180224.1) ...\r\nSetting up libjpeg62-turbo:amd64 (1:1.5.2-2+deb10u1) ...\r\nSetting up libx11-data (2:1.6.7-1+deb10u2) ...\r\nSetting up make (4.2.1-1.2) ...\r\nSetting up libmpfr6:amd64 (4.0.2-1) ...\r\nSetting up libjbig2dec0:amd64 (0.16-1+deb10u1) ...\r\nSetting up libidn11:amd64 (1.33-2.2) ...\r\nSetting up libteckit0:amd64 (2.5.8+ds2-5) ...\r\nSetting up libavahi-common-data:amd64 (0.7-4+deb10u1) ...\r\nSetting up libann0 (1.1.2+doc-7) ...\r\nSetting up libdbus-1-3:amd64 (1.12.24-0+deb10u1) ...\r\nSetting up libsigsegv2:amd64 (2.12-2) ...\r\nSetting up t1utils (1.41-3) ...\r\nSetting up libquadmath0:amd64 (8.3.0-6) ...\r\nSetting up libpng16-16:amd64 (1.6.36-6) ...\r\nSetting up libmpc3:amd64 (1.1.0-1) ...\r\nSetting up libatomic1:amd64 (8.3.0-6) ...\r\nSetting up libtcl8.6:amd64 (8.6.9+dfsg-2) ...\r\nSetting up libwebp6:amd64 (0.6.1-2+deb10u1) ...\r\nSetting up fonts-dejavu-core (2.37-1) ...\r\nSetting up libsensors5:amd64 (1:3.5.0-3) ...\r\nSetting up libpcre2-8-0:amd64 (10.32-5) ...\r\nSetting up libk5crypto3:amd64 (1.17-3+deb10u5) ...\r\nSetting up libltdl7:amd64 (2.4.6-9) ...\r\nSetting up libglapi-mesa:amd64 (18.3.6-2+deb10u1) ...\r\nSetting up libkpathsea6:amd64 (2018.20181218.49446-1) ...\r\nSetting up libevent-core-2.1-6:amd64 (2.1.8-stable-4) ...\r\nSetting up libgfortran5:amd64 (8.3.0-6) ...\r\nSetting up libevent-2.1-6:amd64 (2.1.8-stable-4) ...\r\nSetting up libmpx2:amd64 (8.3.0-6) ...\r\nSetting up libubsan1:amd64 (8.3.0-6) ...\r\nSetting up libnuma1:amd64 (2.0.12-1) ...\r\nSetting up libisl19:amd64 (0.20-2) ...\r\nSetting up python-matplotlib2-data (2.2.3-6) ...\r\nSetting up sensible-utils (0.0.12) ...\r\nSetting up ocl-icd-libopencl1:amd64 (2.2.12-2) ...\r\nSetting up libxshmfence1:amd64 (1.3-1) ...\r\nSetting up libxxhash0:amd64 (0.6.5-2) ...\r\nSetting up libnl-3-200:amd64 (3.4.0-1) ...\r\nSetting up libpsm2-2 (11.2.78-1) ...\r\nSetting up openmpi-common (3.1.3-11) ...\r\nSetting up libopenjp2-7:amd64 (2.3.0-2+deb10u2) ...\r\nSetting up libkrb5-3:amd64 (1.17-3+deb10u5) ...\r\nSetting up libtiff5:amd64 (4.1.0+git191117-2~deb10u4) ...\r\nSetting up libpsm-infinipath1 (3.3+20.604758e7-6) ...\r\nupdate-alternatives: using /usr/lib/libpsm1/libpsm_infinipath.so.1.16 to provide /usr/lib/x86_64-linux-gnu/libpsm_infinipath.so.1 (libpsm_infinipath.so.1) in auto mode\r\nSetting up libjs-jquery (3.3.1~dfsg-3+deb10u1) ...\r\nSetting up libbinutils:amd64 (2.31.1-16) ...\r\nSetting up cpp-8 (8.3.0-6) ...\r\nSetting up libc-dev-bin (2.28-10+deb10u2) ...\r\nSetting up libwebpmux3:amd64 (0.6.1-2+deb10u1) ...\r\nSetting up libbsd0:amd64 (0.9.1-2+deb10u1) ...\r\nSetting up libdrm-common (2.4.97-1) ...\r\nSetting up libelf1:amd64 (0.176-1.1) ...\r\nSetting up readline-common (7.0-5) ...\r\nSetting up libxml2:amd64 (2.9.4+dfsg1-7+deb10u5) ...\r\nSetting up libcc1-0:amd64 (8.3.0-6) ...\r\nSetting up liblsan0:amd64 (8.3.0-6) ...\r\nSetting up libsz2:amd64 (1.0.2-1) ...\r\nSetting up libitm1:amd64 (8.3.0-6) ...\r\nSetting up libsynctex2:amd64 (2018.20181218.49446-1) ...\r\nSetting up libreadline7:amd64 (7.0-5) ...\r\nSetting up libgdbm6:amd64 (1.18.1-4) ...\r\nSetting up binutils-x86-64-linux-gnu (2.31.1-16) ...\r\nSetting up libtsan0:amd64 (8.3.0-6) ...\r\nSetting up libpotrace0:amd64 (1.15-1) ...\r\nSetting up libevent-pthreads-2.1-6:amd64 (2.1.8-stable-4) ...\r\nSetting up libice6:amd64 (2:1.0.9-2) ...\r\nSetting up libxdmcp6:amd64 (1:1.1.2-3) ...\r\nSetting up libxcb1:amd64 (1.13.1-2) ...\r\nSetting up wget (1.20.1-1.1) ...\r\nSetting up libwoff1:amd64 (1.0.2-1) ...\r\nSetting up libxcb-render0:amd64 (1.13.1-2) ...\r\nSetting up libhwloc5:amd64 (1.11.12-3) ...\r\nSetting up libxcb-glx0:amd64 (1.13.1-2) ...\r\nSetting up libedit2:amd64 (3.1-20181209-1) ...\r\nSetting up libtbb2:amd64 (2018~U6-4) ...\r\nSetting up libavahi-common3:amd64 (0.7-4+deb10u1) ...\r\nSetting up libraw19:amd64 (0.19.2-2+deb10u2) ...\r\nSetting up m4 (1.4.18-2) ...\r\nSetting up libxcb-shm0:amd64 (1.13.1-2) ...\r\nSetting up binutils (2.31.1-16) ...\r\nSetting up libhwloc-plugins:amd64 (1.11.12-3) ...\r\nSetting up libnl-route-3-200:amd64 (3.4.0-1) ...\r\nSetting up libpython2.7-stdlib:amd64 (2.7.16-2+deb10u1) ...\r\nSetting up libxcb-present0:amd64 (1.13.1-2) ...\r\nSetting up libblas3:amd64 (3.8.0-2) ...\r\nupdate-alternatives: using /usr/lib/x86_64-linux-gnu/blas/libblas.so.3 to provide /usr/lib/x86_64-linux-gnu/libblas.so.3 (libblas.so.3-x86_64-linux-gnu) in auto mode\r\nSetting up libjs-jquery-ui (1.12.1+dfsg-5+deb10u1) ...\r\nSetting up libptexenc1:amd64 (2018.20181218.49446-1) ...\r\nSetting up libfreetype6:amd64 (2.9.1-3+deb10u3) ...\r\nSetting up libxcb-sync1:amd64 (1.13.1-2) ...\r\nSetting up libcgns3.3:amd64 (3.3.0-7~deb10u1) ...\r\nSetting up libgssapi-krb5-2:amd64 (1.17-3+deb10u5) ...\r\nSetting up libgdbm-compat4:amd64 (1.18.1-4) ...\r\nSetting up ucf (3.0038+nmu1) ...\r\ndebconf: unable to initialize frontend: Dialog\r\ndebconf: (TERM is not set, so the dialog frontend is not usable.)\r\ndebconf: falling back to frontend: Readline\r\nSetting up libgcc-8-dev:amd64 (8.3.0-6) ...\r\nSetting up libperl5.28:amd64 (5.28.1-6+deb10u1) ...\r\nSetting up libxcb-dri2-0:amd64 (1.13.1-2) ...\r\nSetting up libdrm2:amd64 (2.4.97-1) ...\r\nSetting up libnl-3-dev:amd64 (3.4.0-1) ...\r\nSetting up cpp (4:8.3.0-1) ...\r\nSetting up libllvm7:amd64 (1:7.0.1-8+deb10u2) ...\r\nSetting up libc6-dev:amd64 (2.28-10+deb10u2) ...\r\nSetting up libx11-6:amd64 (2:1.6.7-1+deb10u2) ...\r\nSetting up libharfbuzz0b:amd64 (2.3.1-1) ...\r\nSetting up libsm6:amd64 (2:1.2.3-1) ...\r\nSetting up libavahi-client3:amd64 (0.7-4+deb10u1) ...\r\nSetting up libstdc++-8-dev:amd64 (8.3.0-6) ...\r\nSetting up libdrm-amdgpu1:amd64 (2.4.97-1) ...\r\nSetting up libxcb-dri3-0:amd64 (1.13.1-2) ...\r\nSetting up libgfortran-8-dev:amd64 (8.3.0-6) ...\r\nSetting up libpaper1:amd64 (1.1.28) ...\r\ndebconf: unable to initialize frontend: Dialog\r\ndebconf: (TERM is not set, so the dialog frontend is not usable.)\r\ndebconf: falling back to frontend: Readline\r\n\r\nCreating config file /etc/papersize with new version\r\nSetting up libibverbs1:amd64 (22.1-1) ...\r\nSetting up libpython2.7:amd64 (2.7.16-2+deb10u1) ...\r\nSetting up liblapack3:amd64 (3.8.0-2) ...\r\nupdate-alternatives: using /usr/lib/x86_64-linux-gnu/lapack/liblapack.so.3 to provide /usr/lib/x86_64-linux-gnu/liblapack.so.3 (liblapack.so.3-x86_64-linux-gnu) in auto mode\r\nSetting up libfreeimage3:amd64 (3.18.0+ds2-1+deb10u1) ...\r\nSetting up libdrm-nouveau2:amd64 (2.4.97-1) ...\r\nSetting up libharfbuzz-icu0:amd64 (2.3.1-1) ...\r\nSetting up gcc-8 (8.3.0-6) ...\r\nSetting up libxpm4:amd64 (1:3.5.12-1) ...\r\nSetting up python2.7 (2.7.16-2+deb10u1) ...\r\nSetting up libxrender1:amd64 (1:0.9.10-1) ...\r\nSetting up libpmix2:amd64 (3.1.2-3) ...\r\nSetting up ibverbs-providers:amd64 (22.1-1) ...\r\nSetting up libtool (2.4.6-9) ...\r\nSetting up libpython2-stdlib:amd64 (2.7.16-1) ...\r\nSetting up libocct-foundation-7.3:amd64 (7.3.0+dfsg1-5) ...\r\nSetting up libdrm-radeon1:amd64 (2.4.97-1) ...\r\nSetting up fontconfig-config (2.13.1-2) ...\r\ndebconf: unable to initialize frontend: Dialog\r\ndebconf: (TERM is not set, so the dialog frontend is not usable.)\r\ndebconf: falling back to frontend: Readline\r\nSetting up openssh-client (1:7.9p1-10+deb10u2) ...\r\nSetting up gfortran-8 (8.3.0-6) ...\r\nSetting up cvs (2:1.12.13+real-27) ...\r\nAllowing use of questionable username.\r\nAdding group `_cvsadmin' (GID 103) ...\r\nDone.\r\nSetting up libdrm-intel1:amd64 (2.4.97-1) ...\r\nSetting up libgl1-mesa-dri:amd64 (18.3.6-2+deb10u1) ...\r\nSetting up libxext6:amd64 (2:1.3.3-1+b2) ...\r\nSetting up python2 (2.7.16-1) ...\r\nSetting up gcc (4:8.3.0-1) ...\r\nSetting up libxxf86vm1:amd64 (1:1.1.4-1+b2) ...\r\nSetting up libnuma-dev:amd64 (2.0.12-1) ...\r\nSetting up tex-common (6.11) ...\r\ndebconf: unable to initialize frontend: Dialog\r\ndebconf: (TERM is not set, so the dialog frontend is not usable.)\r\ndebconf: falling back to frontend: Readline\r\nupdate-language: texlive-base not installed and configured, doing nothing!\r\nSetting up libnl-route-3-dev:amd64 (3.4.0-1) ...\r\nSetting up libpython-stdlib:amd64 (2.7.16-1) ...\r\nSetting up perl (5.28.1-6+deb10u1) ...\r\nSetting up libexpat1-dev:amd64 (2.2.6-2+deb10u6) ...\r\nSetting up libxfixes3:amd64 (1:5.0.3-1) ...\r\nSetting up libxinerama1:amd64 (2:1.1.4-2) ...\r\nSetting up libxt6:amd64 (1:1.1.5-1+b3) ...\r\nSetting up autoconf (2.69-11) ...\r\nSetting up libcups2:amd64 (2.2.10-6+deb10u6) ...\r\nSetting up g++-8 (8.3.0-6) ...\r\nSetting up libxss1:amd64 (1:1.2.3-1) ...\r\nSetting up libfontconfig1:amd64 (2.13.1-2) ...\r\nSetting up python (2.7.16-1) ...\r\nSetting up automake (1:1.16.1-4) ...\r\nupdate-alternatives: using /usr/bin/automake-1.16 to provide /usr/bin/automake (automake) in auto mode\r\nupdate-alternatives: warning: skip creation of /usr/share/man/man1/automake.1.gz because associated file /usr/share/man/man1/automake-1.16.1.gz (of link group automake) doesn't exist\r\nupdate-alternatives: warning: skip creation of /usr/share/man/man1/aclocal.1.gz because associated file /usr/share/man/man1/aclocal-1.16.1.gz (of link group automake) doesn't exist\r\nSetting up librdmacm1:amd64 (22.1-1) ...\r\nSetting up libocct-modeling-data-7.3:amd64 (7.3.0+dfsg1-5) ...\r\nSetting up libxft2:amd64 (2.3.2-2) ...\r\nSetting up libpython2.7-dev:amd64 (2.7.16-2+deb10u1) ...\r\nSetting up libxmu6:amd64 (2:1.1.2-2+b3) ...\r\nSetting up libxdamage1:amd64 (1:1.1.4-3+b3) ...\r\nSetting up libxi6:amd64 (2:1.7.9-1) ...\r\nSetting up python-pkg-resources (40.8.0-1) ...\r\nSetting up libtk8.6:amd64 (8.6.9-2) ...\r\nSetting up libxcursor1:amd64 (1:1.1.15-2) ...\r\nSetting up libxaw7:amd64 (2:1.0.13-1+b2) ...\r\nSetting up libibverbs-dev:amd64 (22.1-1) ...\r\nSetting up gfortran (4:8.3.0-1) ...\r\nupdate-alternatives: using /usr/bin/gfortran to provide /usr/bin/f95 (f95) in auto mode\r\nupdate-alternatives: using /usr/bin/gfortran to provide /usr/bin/f77 (f77) in auto mode\r\nSetting up libcairo2:amd64 (1.16.0-4+deb10u1) ...\r\nSetting up libcupsimage2:amd64 (2.2.10-6+deb10u6) ...\r\nSetting up python-decorator (4.3.0-1.1) ...\r\nSetting up python-six (1.12.0-1) ...\r\nSetting up libltdl-dev:amd64 (2.4.6-9) ...\r\nSetting up python-pyparsing (2.2.0+dfsg1-2) ...\r\nSetting up python-dateutil (2.7.3-3) ...\r\nSetting up python-subprocess32 (3.5.3-1) ...\r\nSetting up libocct-modeling-algorithms-7.3:amd64 (7.3.0+dfsg1-5) ...\r\nSetting up libgd3:amd64 (2.2.5-5.2) ...\r\nSetting up python-backports.functools-lru-cache (1.5-3) ...\r\nSetting up python-tz (2019.1-1) ...\r\nSetting up g++ (4:8.3.0-1) ...\r\nupdate-alternatives: using /usr/bin/g++ to provide /usr/bin/c++ (c++) in auto mode\r\nSetting up python-kiwisolver (1.0.1-2+b1) ...\r\nSetting up libpython2-dev:amd64 (2.7.16-1) ...\r\nSetting up libhwloc-dev:amd64 (1.11.12-3) ...\r\nSetting up python2.7-dev (2.7.16-2+deb10u1) ...\r\nSetting up libfabric1 (1.6.2-3) ...\r\nSetting up tk8.6-blt2.5 (2.5.3+dfsg-4) ...\r\nSetting up libglx-mesa0:amd64 (18.3.6-2+deb10u1) ...\r\nSetting up python2-dev (2.7.16-1) ...\r\nSetting up libgs9:amd64 (9.27~dfsg-2+deb10u6) ...\r\nSetting up libglx0:amd64 (1.1.0-1) ...\r\nSetting up python-numpy (1:1.16.2-1) ...\r\nSetting up libopenmpi3:amd64 (3.1.3-11) ...\r\nSetting up blt (2.5.3+dfsg-4) ...\r\nSetting up libfltk1.3:amd64 (1.3.4-9) ...\r\nSetting up python-cycler (0.10.0-1) ...\r\nSetting up ghostscript (9.27~dfsg-2+deb10u6) ...\r\nSetting up libfltk-images1.3:amd64 (1.3.4-9) ...\r\nSetting up libpython-dev:amd64 (2.7.16-1) ...\r\nSetting up libhdf5-openmpi-103:amd64 (1.10.4+repack-10) ...\r\nSetting up libgl1:amd64 (1.1.0-1) ...\r\nSetting up texlive-binaries (2018.20181218.49446-1) ...\r\nupdate-alternatives: using /usr/bin/xdvi-xaw to provide /usr/bin/xdvi.bin (xdvi.bin) in auto mode\r\nupdate-alternatives: using /usr/bin/bibtex.original to provide /usr/bin/bibtex (bibtex) in auto mode\r\nupdate-alternatives: warning: skip creation of /usr/share/man/man1/bibtex.1.gz because associated file /usr/share/man/man1/bibtex.original.1.gz (of link group bibtex) doesn't exist\r\nSetting up python-tk (2.7.16-2) ...\r\nSetting up libglu1-mesa:amd64 (9.0.0-2.1+b3) ...\r\nSetting up python-scipy (1.1.0-7) ...\r\nSetting up openmpi-bin (3.1.3-11) ...\r\nupdate-alternatives: using /usr/bin/mpirun.openmpi to provide /usr/bin/mpirun (mpirun) in auto mode\r\nupdate-alternatives: warning: skip creation of /usr/share/man/man1/mpirun.1.gz because associated file /usr/share/man/man1/mpirun.openmpi.1.gz (of link group mpirun) doesn't exist\r\nupdate-alternatives: warning: skip creation of /usr/share/man/man1/mpiexec.1.gz because associated file /usr/share/man/man1/mpiexec.openmpi.1.gz (of link group mpirun) doesn't exist\r\nupdate-alternatives: using /usr/bin/mpicc.openmpi to provide /usr/bin/mpicc (mpi) in auto mode\r\nupdate-alternatives: warning: skip creation of /usr/share/man/man1/mpicc.1.gz because associated file /usr/share/man/man1/mpicc.openmpi.1.gz (of link group mpi) doesn't exist\r\nupdate-alternatives: warning: skip creation of /usr/share/man/man1/mpic++.1.gz because associated file /usr/share/man/man1/mpic++.openmpi.1.gz (of link group mpi) doesn't exist\r\nupdate-alternatives: warning: skip creation of /usr/share/man/man1/mpicxx.1.gz because associated file /usr/share/man/man1/mpicxx.openmpi.1.gz (of link group mpi) doesn't exist\r\nupdate-alternatives: warning: skip creation of /usr/share/man/man1/mpiCC.1.gz because associated file /usr/share/man/man1/mpiCC.openmpi.1.gz (of link group mpi) doesn't exist\r\nupdate-alternatives: warning: skip creation of /usr/share/man/man1/mpif77.1.gz because associated file /usr/share/man/man1/mpif77.openmpi.1.gz (of link group mpi) doesn't exist\r\nupdate-alternatives: warning: skip creation of /usr/share/man/man1/mpif90.1.gz because associated file /usr/share/man/man1/mpif90.openmpi.1.gz (of link group mpi) doesn't exist\r\nupdate-alternatives: warning: skip creation of /usr/share/man/man1/mpifort.1.gz because associated file /usr/share/man/man1/mpifort.openmpi.1.gz (of link group mpi) doesn't exist\r\nSetting up python-dev (2.7.16-1) ...\r\nSetting up python-matplotlib (2.2.3-6) ...\r\nSetting up dvipng (1.15-1.1) ...\r\nSetting up libfltk-gl1.3:amd64 (1.3.4-9) ...\r\nSetting up mpi-default-bin (1.13) ...\r\nSetting up libgl2ps1.4 (1.4.0+dfsg1-2) ...\r\nSetting up libocct-visualization-7.3:amd64 (7.3.0+dfsg1-5) ...\r\nSetting up python-mpi4py (2.0.0-3+b3) ...\r\nSetting up libopenmpi-dev:amd64 (3.1.3-11) ...\r\nupdate-alternatives: using /usr/lib/x86_64-linux-gnu/openmpi/include to provide /usr/include/x86_64-linux-gnu/mpi (mpi-x86_64-linux-gnu) in auto mode\r\nSetting up libocct-ocaf-7.3:amd64 (7.3.0+dfsg1-5) ...\r\nSetting up libocct-data-exchange-7.3:amd64 (7.3.0+dfsg1-5) ...\r\nSetting up libgmsh4.1:amd64 (4.1.5+really4.1.3+ds1-1) ...\r\nSetting up gmsh (4.1.5+really4.1.3+ds1-1) ...\r\nProcessing triggers for libc-bin (2.28-10+deb10u2) ...\r\nProcessing triggers for tex-common (6.11) ...\r\ndebconf: unable to initialize frontend: Dialog\r\ndebconf: (TERM is not set, so the dialog frontend is not usable.)\r\ndebconf: falling back to frontend: Readline\r\nupdate-language: texlive-base not installed and configured, doing nothing!\r\ntexlive-base is not ready, skipping fmtutil --all call\r\nRemoving intermediate container ba28c2c838dc\n ---> c361624fa08d\nStep 3/3 : RUN wget --no-check-certificate https://sourceforge.net/projects/blitz/files/blitz/Blitz%2B%2B%200.10/blitz-0.10.tar.gz/download -O blitz.tar.gz &&     mkdir blitz_src &&     cd blitz_src &&     tar -xzf ../blitz.tar.gz --strip 1 &&     ./configure &&     make lib &&     make install &&     rm -rf  blitz_src &&     rm -rf blitz.tar.gz\n ---> Running in 22ecf4c8b82e\n\u001b[91m--2022-12-31 18:30:39--  https://sourceforge.net/projects/blitz/files/blitz/Blitz%2B%2B%200.10/blitz-0.10.tar.gz/download\n\u001b[0m\u001b[91mResolving sourceforge.net (sourceforge.net)... \u001b[0m\u001b[91m104.18.11.128, 104.18.10.128, 2606:4700::6812:b80, ...\nConnecting to sourceforge.net (sourceforge.net)|104.18.11.128|:443... \u001b[0m\u001b[91mconnected.\n\u001b[0m\u001b[91mWARNING: The certificate of 'sourceforge.net' is not trusted.\nWARNING: The certificate of 'sourceforge.net' doesn't have a known issuer.\n\u001b[0m\u001b[91mHTTP request sent, awaiting response... \u001b[0m\u001b[91m302 Found\nLocation: https://downloads.sourceforge.net/project/blitz/blitz/Blitz%2B%2B%200.10/blitz-0.10.tar.gz?ts=gAAAAABjsH_Pu6dw2Xy8_WqgOOhpG_oVFhKAZneRBr5QFhj7qhBqxN6Ery7ajT55xTvdkOJsHUJsdCDKikASVEl9jfa6-pHdeA%3D%3D&use_mirror=nav&r= [following]\n\u001b[0m\u001b[91m--2022-12-31 18:30:39--  https://downloads.sourceforge.net/project/blitz/blitz/Blitz%2B%2B%200.10/blitz-0.10.tar.gz?ts=gAAAAABjsH_Pu6dw2Xy8_WqgOOhpG_oVFhKAZneRBr5QFhj7qhBqxN6Ery7ajT55xTvdkOJsHUJsdCDKikASVEl9jfa6-pHdeA%3D%3D&use_mirror=nav&r=\nResolving downloads.sourceforge.net (downloads.sourceforge.net)... \u001b[0m\u001b[91m204.68.111.105\nConnecting to downloads.sourceforge.net (downloads.sourceforge.net)|204.68.111.105|:443... \u001b[0m\u001b[91mconnected.\n\u001b[0m\u001b[91mWARNING: The certificate of 'downloads.sourceforge.net' is not trusted.\nWARNING: The certificate of 'downloads.sourceforge.net' doesn't have a known issuer.\n\u001b[0m\u001b[91mHTTP request sent, awaiting response... \u001b[0m\u001b[91m302 Found\n\u001b[0m\u001b[91mLocation: https://nav.dl.sourceforge.net/project/blitz/blitz/Blitz%2B%2B%200.10/blitz-0.10.tar.gz [following]\n\u001b[0m\u001b[91m--2022-12-31 18:30:40--  https://nav.dl.sourceforge.net/project/blitz/blitz/Blitz%2B%2B%200.10/blitz-0.10.tar.gz\nResolving nav.dl.sourceforge.net (nav.dl.sourceforge.net)... \u001b[0m\u001b[91m5.154.224.27\nConnecting to nav.dl.sourceforge.net (nav.dl.sourceforge.net)|5.154.224.27|:443... \u001b[0m\u001b[91mconnected.\n\u001b[0m\u001b[91mWARNING: The certificate of 'nav.dl.sourceforge.net' is not trusted.\nWARNING: The certificate of 'nav.dl.sourceforge.net' doesn't have a known issuer.\n\u001b[0m\u001b[91mHTTP request sent, awaiting response... \u001b[0m\u001b[91m200 OK\nLength: 3777276 (3.6M) [application/x-gzip]\nSaving to: 'blitz.tar.gz'\n\u001b[0m\u001b[91m\n     0K .......... .....\u001b[0m\u001b[91m..... ...\u001b[0m\u001b[91m....... .\u001b[0m\u001b[91m......... .......\u001b[0m\u001b[91m...  1% 1.02M 3s\n    50K ....\u001b[0m\u001b[91m.\u001b[0m\u001b[91m...\u001b[0m\u001b[91m.. ...\u001b[0m\u001b[91m....... .........\u001b[0m\u001b[91m. .......... .....\u001b[0m\u001b[91m.....  2%  469K 6s\n   100K \u001b[0m\u001b[91m...\u001b[0m\u001b[91m....... .\u001b[0m\u001b[91m......... .\u001b[0m\u001b[91m......\u001b[0m\u001b[91m... .....\u001b[0m\u001b[91m..... ...\u001b[0m\u001b[91m.......  4% 1.03M 5s\n   150K\u001b[0m\u001b[91m .\u001b[0m\u001b[91m........\u001b[0m\u001b[91m. .......\u001b[0m\u001b[91m... .....\u001b[0m\u001b[91m..... .......... .\u001b[0m\u001b[91m........\u001b[0m\u001b[91m.  5%\u001b[0m\u001b[91m 59.8K 18s\n   200K \u001b[0m\u001b[91m.......\u001b[0m\u001b[91m... .....\u001b[0m\u001b[91m..... ...\u001b[0m\u001b[91m....... .\u001b[0m\u001b[91m........\u001b[0m\u001b[91m. .......\u001b[0m\u001b[91m...  6%  525K\u001b[0m\u001b[91m 16s\n   250K .....\u001b[0m\u001b[91m..... ...\u001b[0m\u001b[91m....... .\u001b[0m\u001b[91m........\u001b[0m\u001b[91m. ....\u001b[0m\u001b[91m...\u001b[0m\u001b[91m... .....\u001b[0m\u001b[91m.....  8% 71.4M\u001b[0m\u001b[91m 13s\n   300K ...\u001b[0m\u001b[91m....... .\u001b[0m\u001b[91m........\u001b[0m\u001b[91m. ..........\u001b[0m\u001b[91m .....\u001b[0m\u001b[91m..... ..........  9% 1.03M 11s\n   350K .\u001b[0m\u001b[91m........\u001b[0m\u001b[91m. ......\u001b[0m\u001b[91m.\u001b[0m\u001b[91m... ..\u001b[0m\u001b[91m...\u001b[0m\u001b[91m..... ...\u001b[0m\u001b[91m....... \u001b[0m\u001b[91m.\u001b[0m\u001b[91m..\u001b[0m\u001b[91m....\u001b[0m\u001b[91m..\u001b[0m\u001b[91m. 10% 73.2M 10s\n   400K ..\u001b[0m\u001b[91m.....\u001b[0m\u001b[91m... .....\u001b[0m\u001b[91m..... ...\u001b[0m\u001b[91m....... \u001b[0m\u001b[91m.\u001b[0m\u001b[91m........\u001b[0m\u001b[91m. .......\u001b[0m\u001b[91m... 12% 95.7M 9s\n   450K \u001b[0m\u001b[91m.....\u001b[0m\u001b[91m..... ...\u001b[0m\u001b[91m....... .\u001b[0m\u001b[91m.....\u001b[0m\u001b[91m...\u001b[0m\u001b[91m. .......\u001b[0m\u001b[91m... .....\u001b[0m\u001b[91m..... 13%\u001b[0m\u001b[91m 1.05M 8s\n   500K ...\u001b[0m\u001b[91m....... \u001b[0m\u001b[91m.\u001b[0m\u001b[91m.......\u001b[0m\u001b[91m.\u001b[0m\u001b[91m. .......\u001b[0m\u001b[91m... ....\u001b[0m\u001b[91m.\u001b[0m\u001b[91m...\u001b[0m\u001b[91m.. \u001b[0m\u001b[91m...\u001b[0m\u001b[91m.......\u001b[0m\u001b[91m 14%\u001b[0m\u001b[91m 86.7M 7s\n   550K .\u001b[0m\u001b[91m......\u001b[0m\u001b[91m..\u001b[0m\u001b[91m. ......\u001b[0m\u001b[91m.\u001b[0m\u001b[91m... ..\u001b[0m\u001b[91m...\u001b[0m\u001b[91m..... ...\u001b[0m\u001b[91m....... .\u001b[0m\u001b[91m........\u001b[0m\u001b[91m. 16% 86.9M 6s\n   600K ....\u001b[0m\u001b[91m...\u001b[0m\u001b[91m... .....\u001b[0m\u001b[91m..... ...\u001b[0m\u001b[91m....... .\u001b[0m\u001b[91m........\u001b[0m\u001b[91m. .......... 17%  273K\u001b[0m\u001b[91m 7s\n   650K .....\u001b[0m\u001b[91m..... ...\u001b[0m\u001b[91m....... .\u001b[0m\u001b[91m........\u001b[0m\u001b[91m. .......\u001b[0m\u001b[91m... .....\u001b[0m\u001b[91m..... 18% 85.3M 6s\n   700K ...\u001b[0m\u001b[91m....... .\u001b[0m\u001b[91m........\u001b[0m\u001b[91m. .......\u001b[0m\u001b[91m... .....\u001b[0m\u001b[91m..... ...\u001b[0m\u001b[91m....... 20% 86.8M 6s\n   750K\u001b[0m\u001b[91m .\u001b[0m\u001b[91m........\u001b[0m\u001b[91m. .......\u001b[0m\u001b[91m... .....\u001b[0m\u001b[91m..... ...\u001b[0m\u001b[91m....... .\u001b[0m\u001b[91m........\u001b[0m\u001b[91m. 21% 82.1M 5s\n   800K .....\u001b[0m\u001b[91m..\u001b[0m\u001b[91m... .....\u001b[0m\u001b[91m..... ...\u001b[0m\u001b[91m....... .\u001b[0m\u001b[91m......... .......\u001b[0m\u001b[91m... 23% 2.46M 5s\n   850K ....\u001b[0m\u001b[91m.\u001b[0m\u001b[91m..... ...\u001b[0m\u001b[91m....... .\u001b[0m\u001b[91m........\u001b[0m\u001b[91m. .......\u001b[0m\u001b[91m... .....\u001b[0m\u001b[91m..... 24% 87.7M 4s\n   900K ...\u001b[0m\u001b[91m....... .\u001b[0m\u001b[91m........\u001b[0m\u001b[91m. .......\u001b[0m\u001b[91m... .....\u001b[0m\u001b[91m..... .........\u001b[0m\u001b[91m. 25% 95.1M 4s\n   950K .\u001b[0m\u001b[91m........\u001b[0m\u001b[91m. .......\u001b[0m\u001b[91m... .....\u001b[0m\u001b[91m.....\u001b[0m\u001b[91m ........\u001b[0m\u001b[91m.. .\u001b[0m\u001b[91m......... 27% 85.8M 4s\n  1000K ..\u001b[0m\u001b[91m.....\u001b[0m\u001b[91m... .....\u001b[0m\u001b[91m..... ...\u001b[0m\u001b[91m....... .\u001b[0m\u001b[91m........\u001b[0m\u001b[91m. .......\u001b[0m\u001b[91m... 28% 97.8M 4s\n  1050K ...\u001b[0m\u001b[91m..\u001b[0m\u001b[91m..... ...\u001b[0m\u001b[91m....... .\u001b[0m\u001b[91m........\u001b[0m\u001b[91m. .......\u001b[0m\u001b[91m... .......... 29% 2.04M 3s\n  1100K .......... .........\u001b[0m\u001b[91m. .......\u001b[0m\u001b[91m... .....\u001b[0m\u001b[91m..... ...\u001b[0m\u001b[91m...\u001b[0m\u001b[91m.... 31%\u001b[0m\u001b[91m  126M 3s\n  1150K .\u001b[0m\u001b[91m........\u001b[0m\u001b[91m. .......\u001b[0m\u001b[91m... ..........\u001b[0m\u001b[91m ...\u001b[0m\u001b[91m....... .\u001b[0m\u001b[91m........\u001b[0m\u001b[91m. 32% 97.3M 3s\n  1200K .......\u001b[0m\u001b[91m... .....\u001b[0m\u001b[91m..... ...\u001b[0m\u001b[91m....... .\u001b[0m\u001b[91m........\u001b[0m\u001b[91m. ....\u001b[0m\u001b[91m...\u001b[0m\u001b[91m... 33%  108M 3s\n  1250K .\u001b[0m\u001b[91m....\u001b[0m\u001b[91m..... \u001b[0m\u001b[91m...\u001b[0m\u001b[91m....... .\u001b[0m\u001b[91m........\u001b[0m\u001b[91m. .......... .....\u001b[0m\u001b[91m..... 35% 5.97M 3s\n  1300K ...\u001b[0m\u001b[91m....... .\u001b[0m\u001b[91m......... .......\u001b[0m\u001b[91m... .....\u001b[0m\u001b[91m..... ...\u001b[0m\u001b[91m....... 36%  114M 3s\n  1350K .\u001b[0m\u001b[91m........\u001b[0m\u001b[91m. .......\u001b[0m\u001b[91m... .....\u001b[0m\u001b[91m..... ...\u001b[0m\u001b[91m....... .\u001b[0m\u001b[91m........\u001b[0m\u001b[91m. 37% 87.3M 2s\u001b[0m\u001b[91m\n  1400K .......\u001b[0m\u001b[91m... .....\u001b[0m\u001b[91m..... ...\u001b[0m\u001b[91m....... .\u001b[0m\u001b[91m........\u001b[0m\u001b[91m. .......\u001b[0m\u001b[91m... 39% 97.6M 2s\n  1450K .\u001b[0m\u001b[91m....\u001b[0m\u001b[91m..... ...\u001b[0m\u001b[91m....... .\u001b[0m\u001b[91m........\u001b[0m\u001b[91m. .......\u001b[0m\u001b[91m... .....\u001b[0m\u001b[91m..... 40%\u001b[0m\u001b[91m 4.63M 2s\n  1500K ...\u001b[0m\u001b[91m.....\u001b[0m\u001b[91m.. .\u001b[0m\u001b[91m.......\u001b[0m\u001b[91m.\u001b[0m\u001b[91m. ......\u001b[0m\u001b[91m.\u001b[0m\u001b[91m... ...\u001b[0m\u001b[91m..\u001b[0m\u001b[91m..... ...\u001b[0m\u001b[91m.......\u001b[0m\u001b[91m 42% 86.2M 2s\u001b[0m\u001b[91m\n  1550K\u001b[0m\u001b[91m .\u001b[0m\u001b[91m........\u001b[0m\u001b[91m. .......\u001b[0m\u001b[91m... ....\u001b[0m\u001b[91m.\u001b[0m\u001b[91m..... ...\u001b[0m\u001b[91m....... .\u001b[0m\u001b[91m...\u001b[0m\u001b[91m.....\u001b[0m\u001b[91m. 43% 68.9M 2s\n  1600K \u001b[0m\u001b[91m...\u001b[0m\u001b[91m..\u001b[0m\u001b[91m..... .\u001b[0m\u001b[91m....\u001b[0m\u001b[91m..... ...\u001b[0m\u001b[91m....... .\u001b[0m\u001b[91m........\u001b[0m\u001b[91m. .......\u001b[0m\u001b[91m... 44% 87.1M 2s\n  1650K\u001b[0m\u001b[91m ...\u001b[0m\u001b[91m..\u001b[0m\u001b[91m..... .......... .......... .......... .......... 46% 91.6M 2s\n  1700K .......... .......... .......\u001b[0m\u001b[91m... .......... ..\u001b[0m\u001b[91m.\u001b[0m\u001b[91m....... 47% 1.52M 2s\u001b[0m\u001b[91m\n  1750K .\u001b[0m\u001b[91m........\u001b[0m\u001b[91m. .......\u001b[0m\u001b[91m... .....\u001b[0m\u001b[91m..... ...\u001b[0m\u001b[91m....... .\u001b[0m\u001b[91m......... 48%\u001b[0m\u001b[91m 70.5M 2s\n  1800K .......\u001b[0m\u001b[91m... ........\u001b[0m\u001b[91m.. ...\u001b[0m\u001b[91m....... .\u001b[0m\u001b[91m........\u001b[0m\u001b[91m. .......\u001b[0m\u001b[91m... 50% 92.7M 2s\n  1850K \u001b[0m\u001b[91m.....\u001b[0m\u001b[91m..... .......\u001b[0m\u001b[91m... .\u001b[0m\u001b[91m........\u001b[0m\u001b[91m. .......\u001b[0m\u001b[91m... .....\u001b[0m\u001b[91m..... 51% 92.9M 1s\n  1900K ..\u001b[0m\u001b[91m.\u001b[0m\u001b[91m....... .\u001b[0m\u001b[91m........\u001b[0m\u001b[91m. .......\u001b[0m\u001b[91m... .....\u001b[0m\u001b[91m..... ...\u001b[0m\u001b[91m....... 52% 96.4M 1s\n  1950K \u001b[0m\u001b[91m.\u001b[0m\u001b[91m........\u001b[0m\u001b[91m. .......\u001b[0m\u001b[91m... ....\u001b[0m\u001b[91m...\u001b[0m\u001b[91m... ...\u001b[0m\u001b[91m....... .......... 54%  221K 1s\n  2000K .......\u001b[0m\u001b[91m... ..\u001b[0m\u001b[91m...\u001b[0m\u001b[91m..... ...\u001b[0m\u001b[91m....... .\u001b[0m\u001b[91m........\u001b[0m\u001b[91m. .......\u001b[0m\u001b[91m... 55% 82.1M 1s\n  2050K .....\u001b[0m\u001b[91m..... ...\u001b[0m\u001b[91m....... .\u001b[0m\u001b[91m........\u001b[0m\u001b[91m. .......\u001b[0m\u001b[91m... ..\u001b[0m\u001b[91m...\u001b[0m\u001b[91m..... 56% 83.0M 1s\n  2100K .......... .\u001b[0m\u001b[91m........\u001b[0m\u001b[91m. .......\u001b[0m\u001b[91m... .....\u001b[0m\u001b[91m..... ...\u001b[0m\u001b[91m....... 58% 85.5M 1s\n  2150K\u001b[0m\u001b[91m .\u001b[0m\u001b[91m........\u001b[0m\u001b[91m. .......\u001b[0m\u001b[91m... .....\u001b[0m\u001b[91m..... ...\u001b[0m\u001b[91m....... .\u001b[0m\u001b[91m........\u001b[0m\u001b[91m. 59% 78.9M 1s\n  2200K ...\u001b[0m\u001b[91m....\u001b[0m\u001b[91m... ..........\u001b[0m\u001b[91m ...\u001b[0m\u001b[91m....... .\u001b[0m\u001b[91m.\u001b[0m\u001b[91m.......\u001b[0m\u001b[91m. .......\u001b[0m\u001b[91m... 60% 79.4M 1s\n  2250K .....\u001b[0m\u001b[91m..... ...\u001b[0m\u001b[91m....... .\u001b[0m\u001b[91m........\u001b[0m\u001b[91m. .......\u001b[0m\u001b[91m... .....\u001b[0m\u001b[91m..... 62% 90.2M 1s\n  2300K \u001b[0m\u001b[91m...\u001b[0m\u001b[91m....... .\u001b[0m\u001b[91m........\u001b[0m\u001b[91m. .......\u001b[0m\u001b[91m... .....\u001b[0m\u001b[91m..... ...\u001b[0m\u001b[91m....... 63%\u001b[0m\u001b[91m 95.4M 1s\n  2350K .\u001b[0m\u001b[91m........\u001b[0m\u001b[91m. .......\u001b[0m\u001b[91m... .......... ...\u001b[0m\u001b[91m....... .\u001b[0m\u001b[91m........\u001b[0m\u001b[91m. 65% 4.64M 1s\n  2400K .......\u001b[0m\u001b[91m... .....\u001b[0m\u001b[91m..... ...\u001b[0m\u001b[91m....... .\u001b[0m\u001b[91m........\u001b[0m\u001b[91m. .......\u001b[0m\u001b[91m... 66% 66.9M 1s\u001b[0m\u001b[91m\n  2450K .....\u001b[0m\u001b[91m.....\u001b[0m\u001b[91m ...\u001b[0m\u001b[91m....... .\u001b[0m\u001b[91m........\u001b[0m\u001b[91m. .......\u001b[0m\u001b[91m... ....\u001b[0m\u001b[91m.\u001b[0m\u001b[91m..... 67% 87.0M 1s\n  2500K ...\u001b[0m\u001b[91m....... \u001b[0m\u001b[91m.\u001b[0m\u001b[91m........\u001b[0m\u001b[91m. .......\u001b[0m\u001b[91m... .....\u001b[0m\u001b[91m..... ...\u001b[0m\u001b[91m....... 69% 85.1M 1s\n  2550K .\u001b[0m\u001b[91m........\u001b[0m\u001b[91m. .......\u001b[0m\u001b[91m... ....\u001b[0m\u001b[91m.\u001b[0m\u001b[91m..... ...\u001b[0m\u001b[91m....... .\u001b[0m\u001b[91m........\u001b[0m\u001b[91m. 70% 80.3M 1s\n  2600K .....\u001b[0m\u001b[91m..\u001b[0m\u001b[91m... .....\u001b[0m\u001b[91m..... ...\u001b[0m\u001b[91m....... .........\u001b[0m\u001b[91m. .....\u001b[0m\u001b[91m..\u001b[0m\u001b[91m... 71% 2.99M\u001b[0m\u001b[91m 1s\n  2650K ..\u001b[0m\u001b[91m...\u001b[0m\u001b[91m..... ...\u001b[0m\u001b[91m....... .\u001b[0m\u001b[91m........\u001b[0m\u001b[91m. ...\u001b[0m\u001b[91m....\u001b[0m\u001b[91m... .....\u001b[0m\u001b[91m..... 73% 70.1M 1s\u001b[0m\u001b[91m\n  2700K \u001b[0m\u001b[91m...\u001b[0m\u001b[91m....... .\u001b[0m\u001b[91m........\u001b[0m\u001b[91m. .......\u001b[0m\u001b[91m... .....\u001b[0m\u001b[91m..... ...\u001b[0m\u001b[91m......\u001b[0m\u001b[91m. 74% 57.2M\u001b[0m\u001b[91m 1s\n  2750K \u001b[0m\u001b[91m.\u001b[0m\u001b[91m........\u001b[0m\u001b[91m. .......\u001b[0m\u001b[91m... .....\u001b[0m\u001b[91m..... .\u001b[0m\u001b[91m..\u001b[0m\u001b[91m....... .\u001b[0m\u001b[91m........\u001b[0m\u001b[91m. 75% 64.4M 1s\n  2800K ....\u001b[0m\u001b[91m...\u001b[0m\u001b[91m... .....\u001b[0m\u001b[91m..... ...\u001b[0m\u001b[91m....... .\u001b[0m\u001b[91m........\u001b[0m\u001b[91m. ......\u001b[0m\u001b[91m.\u001b[0m\u001b[91m... 77% 80.0M 1s\n  2850K ...\u001b[0m\u001b[91m..\u001b[0m\u001b[91m..... ...\u001b[0m\u001b[91m....... .\u001b[0m\u001b[91m........\u001b[0m\u001b[91m. .......... .......... 78% 3.17M 0s\n  2900K\u001b[0m\u001b[91m ...\u001b[0m\u001b[91m....... .\u001b[0m\u001b[91m........\u001b[0m\u001b[91m. ..\u001b[0m\u001b[91m.....\u001b[0m\u001b[91m... .....\u001b[0m\u001b[91m..... ...\u001b[0m\u001b[91m....... 79% 71.9M 0s\n  2950K\u001b[0m\u001b[91m ...\u001b[0m\u001b[91m....... .......... .......... .......... .........\u001b[0m\u001b[91m. 81% 71.9M 0s\n  3000K ...\u001b[0m\u001b[91m....\u001b[0m\u001b[91m... .......... .......... .\u001b[0m\u001b[91m........\u001b[0m\u001b[91m. .......\u001b[0m\u001b[91m... 82% 5.85M 0s\n  3050K ....\u001b[0m\u001b[91m.\u001b[0m\u001b[91m..... ...\u001b[0m\u001b[91m......\u001b[0m\u001b[91m. .\u001b[0m\u001b[91m........\u001b[0m\u001b[91m. .......\u001b[0m\u001b[91m... .....\u001b[0m\u001b[91m..... 84% 78.7M 0s\n  3100K\u001b[0m\u001b[91m ...\u001b[0m\u001b[91m....... .\u001b[0m\u001b[91m........\u001b[0m\u001b[91m. .......\u001b[0m\u001b[91m... ....\u001b[0m\u001b[91m.\u001b[0m\u001b[91m..... ...\u001b[0m\u001b[91m....... 85% 9.73M 0s\u001b[0m\u001b[91m\n  3150K .\u001b[0m\u001b[91m........\u001b[0m\u001b[91m. .......\u001b[0m\u001b[91m... .....\u001b[0m\u001b[91m..... ...\u001b[0m\u001b[91m....... .\u001b[0m\u001b[91m........\u001b[0m\u001b[91m. 86% 68.3M 0s\n  3200K .......\u001b[0m\u001b[91m... ..\u001b[0m\u001b[91m...\u001b[0m\u001b[91m..... ...\u001b[0m\u001b[91m....... .\u001b[0m\u001b[91m........\u001b[0m\u001b[91m. .......\u001b[0m\u001b[91m... 88% 93.1M 0s\n  3250K ..\u001b[0m\u001b[91m...\u001b[0m\u001b[91m..... ..\u001b[0m\u001b[91m.\u001b[0m\u001b[91m....... .\u001b[0m\u001b[91m........\u001b[0m\u001b[91m. .......\u001b[0m\u001b[91m... ...\u001b[0m\u001b[91m..\u001b[0m\u001b[91m..... 89% 5.85M 0s\u001b[0m\u001b[91m\n  3300K ...\u001b[0m\u001b[91m.......\u001b[0m\u001b[91m .\u001b[0m\u001b[91m........\u001b[0m\u001b[91m. ....\u001b[0m\u001b[91m...\u001b[0m\u001b[91m... .....\u001b[0m\u001b[91m..... \u001b[0m\u001b[91m...\u001b[0m\u001b[91m....... 90% 86.5M 0s\n  3350K\u001b[0m\u001b[91m .\u001b[0m\u001b[91m........\u001b[0m\u001b[91m. .......\u001b[0m\u001b[91m... ..\u001b[0m\u001b[91m...\u001b[0m\u001b[91m..... ...\u001b[0m\u001b[91m.....\u001b[0m\u001b[91m.. .\u001b[0m\u001b[91m......... 92%\u001b[0m\u001b[91m 12.6M 0s\n  3400K .\u001b[0m\u001b[91m....\u001b[0m\u001b[91m..\u001b[0m\u001b[91m... .....\u001b[0m\u001b[91m..... \u001b[0m\u001b[91m...\u001b[0m\u001b[91m....... ...\u001b[0m\u001b[91m......\u001b[0m\u001b[91m. .......\u001b[0m\u001b[91m... 93% 83.0M\u001b[0m\u001b[91m 0s\n  3450K ..\u001b[0m\u001b[91m...\u001b[0m\u001b[91m..... ...\u001b[0m\u001b[91m....... .\u001b[0m\u001b[91m........\u001b[0m\u001b[91m. ......\u001b[0m\u001b[91m.\u001b[0m\u001b[91m... ...\u001b[0m\u001b[91m..\u001b[0m\u001b[91m..... 94%\u001b[0m\u001b[91m 91.8M 0s\n  3500K ...\u001b[0m\u001b[91m....... .\u001b[0m\u001b[91m......\u001b[0m\u001b[91m..\u001b[0m\u001b[91m. .......... .......... ..\u001b[0m\u001b[91m....\u001b[0m\u001b[91m....\u001b[0m\u001b[91m 96%  187K 0s\n  3550K\u001b[0m\u001b[91m .\u001b[0m\u001b[91m........\u001b[0m\u001b[91m. .......\u001b[0m\u001b[91m... .....\u001b[0m\u001b[91m..... ...\u001b[0m\u001b[91m....... .\u001b[0m\u001b[91m........\u001b[0m\u001b[91m. 97% 40.7M 0s\n  3600K .......\u001b[0m\u001b[91m... .....\u001b[0m\u001b[91m..... ...\u001b[0m\u001b[91m....... .\u001b[0m\u001b[91m........\u001b[0m\u001b[91m. .......\u001b[0m\u001b[91m... 98% 85.8M 0s\n  3650K .....\u001b[0m\u001b[91m..... ...\u001b[0m\u001b[91m....... .\u001b[0m\u001b[91m........\u001b[0m\u001b[91m. .......\u001b[0m\u001b[91m.             100%\u001b[0m\u001b[91m 92.6M=2.1s\u001b[0m\u001b[91m\n\n\u001b[0m\u001b[91m2022-12-31 18:30:44 (1.72 MB/s) - 'blitz.tar.gz' saved [3777276/3777276]\n\n\u001b[0mchecking build system type... x86_64-unknown-linux-gnu\nchecking host system type... x86_64-unknown-linux-gnu\nchecking target system type... x86_64-unknown-linux-gnu\nchecking for a BSD-compatible install... /usr/bin/install -c\nchecking whether build environment is sane... yes\nchecking for a thread-safe mkdir -p... /bin/mkdir -p\nchecking for gawk... no\nchecking for mawk... mawk\nchecking whether make sets $(MAKE)... yes\nchecking whether to enable maintainer-specific portions of Makefiles... no\nconfigure:\n\nConfiguring blitz 0.10 for x86_64-unknown-linux-gnu\n\n\nchecking for xlc++... no\nchecking for xlC... no\nchecking for icpc... no\nchecking for pathCC... no\nchecking for pgCC... no\nchecking for cxx... no\nchecking for aCC... no\nchecking for c++... c++\nchecking whether the C++ compiler works... yes\nchecking for C++ compiler default output file name... a.out\nchecking for suffix of executables... \nchecking whether we are cross compiling... no\nchecking for suffix of object files... o\nchecking whether we are using the GNU C++ compiler... yes\nchecking whether c++ accepts -g... yes\nchecking for style of include used by make... GNU\nchecking dependency style of c++... gcc3\nchecking whether using c++ preset flags... yes\nconfigure: Setting compiler flags for GNU c++ (wahoo!)\nchecking whether to enable Fortran compilation for benchmark codes... yes\nchecking for xlf... no\nchecking for ifort... no\nchecking for pathf90... no\nchecking for pgf77... no\nchecking for ftn... no\nchecking for frt... no\nchecking for gfortran... gfortran\nchecking whether we are using the GNU Fortran 77 compiler... yes\nchecking whether gfortran accepts -g... yes\nchecking for xlf90... no\nchecking for ifort... no\nchecking for pathf90... no\nchecking for pgf90... no\nchecking for ftn... no\nchecking for frt... no\nchecking for f90... no\nchecking for gfortran... gfortran\nchecking whether we are using the GNU Fortran compiler... yes\nchecking whether gfortran accepts -g... yes\nchecking whether using Fortran preset flags... yes\nchecking how to get verbose linking output from gfortran... -v\nchecking for Fortran 77 libraries of gfortran...  -L/usr/lib/gcc/x86_64-linux-gnu/8 -L/usr/lib/gcc/x86_64-linux-gnu/8/../../../x86_64-linux-gnu -L/usr/lib/gcc/x86_64-linux-gnu/8/../../../../lib -L/lib/x86_64-linux-gnu -L/lib/../lib -L/usr/lib/x86_64-linux-gnu -L/usr/lib/../lib -L/usr/lib/gcc/x86_64-linux-gnu/8/../../.. -lgfortran -lm -lquadmath\nchecking how to get verbose linking output from gfortran... -v\nchecking for Fortran libraries of gfortran...  -L/usr/lib/gcc/x86_64-linux-gnu/8 -L/usr/lib/gcc/x86_64-linux-gnu/8/../../../x86_64-linux-gnu -L/usr/lib/gcc/x86_64-linux-gnu/8/../../../../lib -L/lib/x86_64-linux-gnu -L/lib/../lib -L/usr/lib/x86_64-linux-gnu -L/usr/lib/../lib -L/usr/lib/gcc/x86_64-linux-gnu/8/../../.. -lgfortran -lm -lquadmath\nchecking for Fortran flag needed to accept free-form source... -ffree-form\nchecking for Fortran flag to compile .f90 files... none\nchecking compiler specific header... gnu/bzconfig.h\nchecking for makeinfo... ${SHELL} /blitz_src/config/missing --run makeinfo\nchecking for texi2html... no\nchecking whether to enable C++/Fortran 64-bit compilation flags... no\nchecking how to print strings... printf\nchecking for gcc... gcc\nchecking whether we are using the GNU C compiler... yes\nchecking whether gcc accepts -g... yes\nchecking for gcc option to accept ISO C89... none needed\nchecking dependency style of gcc... gcc3\nchecking for a sed that does not truncate output... /bin/sed\nchecking for grep that handles long lines and -e... /bin/grep\nchecking for egrep... /bin/grep -E\nchecking for fgrep... /bin/grep -F\nchecking for ld used by gcc... /usr/bin/ld\nchecking if the linker (/usr/bin/ld) is GNU ld... yes\nchecking for BSD- or MS-compatible name lister (nm)... /usr/bin/nm -B\nchecking the name lister (/usr/bin/nm -B) interface... BSD nm\nchecking whether ln -s works... yes\nchecking the maximum length of command line arguments... 1572864\nchecking whether the shell understands some XSI constructs... yes\nchecking whether the shell understands \"+=\"... yes\nchecking how to convert x86_64-unknown-linux-gnu file names to x86_64-unknown-linux-gnu format... func_convert_file_noop\nchecking how to convert x86_64-unknown-linux-gnu file names to toolchain format... func_convert_file_noop\nchecking for /usr/bin/ld option to reload object files... -r\nchecking for objdump... objdump\nchecking how to recognize dependent libraries... pass_all\nchecking for dlltool... no\nchecking how to associate runtime and link libraries... printf %s\\n\nchecking for ar... ar\nchecking for archiver @FILE support... @\nchecking for strip... strip\nchecking for ranlib... ranlib\nchecking command to parse /usr/bin/nm -B output from gcc object... ok\nchecking for sysroot... no\nchecking for mt... no\nchecking if : is a manifest tool... no\nchecking how to run the C preprocessor... gcc -E\nchecking for ANSI C header files... yes\nchecking for sys/types.h... yes\nchecking for sys/stat.h... yes\nchecking for stdlib.h... yes\nchecking for string.h... yes\nchecking for memory.h... yes\nchecking for strings.h... yes\nchecking for inttypes.h... yes\nchecking for stdint.h... yes\nchecking for unistd.h... yes\nchecking for dlfcn.h... yes\nchecking for objdir... .libs\nchecking if gcc supports -fno-rtti -fno-exceptions... no\nchecking for gcc option to produce PIC... -fPIC -DPIC\nchecking if gcc PIC flag -fPIC -DPIC works... yes\nchecking if gcc static flag -static works... yes\nchecking if gcc supports -c -o file.o... yes\nchecking if gcc supports -c -o file.o... (cached) yes\nchecking whether the gcc linker (/usr/bin/ld -m elf_x86_64) supports shared libraries... yes\nchecking dynamic linker characteristics... GNU/Linux ld.so\nchecking how to hardcode library paths into programs... immediate\nchecking whether stripping libraries is possible... yes\nchecking if libtool supports shared libraries... yes\nchecking whether to build shared libraries... no\nchecking whether to build static libraries... yes\nchecking how to run the C++ preprocessor... c++ -E\nchecking for ld used by c++... /usr/bin/ld -m elf_x86_64\nchecking if the linker (/usr/bin/ld -m elf_x86_64) is GNU ld... yes\nchecking whether the c++ linker (/usr/bin/ld -m elf_x86_64) supports shared libraries... yes\nchecking for c++ option to produce PIC... -fPIC -DPIC\nchecking if c++ PIC flag -fPIC -DPIC works... yes\nchecking if c++ static flag -static works... yes\nchecking if c++ supports -c -o file.o... yes\nchecking if c++ supports -c -o file.o... (cached) yes\nchecking whether the c++ linker (/usr/bin/ld -m elf_x86_64) supports shared libraries... yes\nchecking dynamic linker characteristics... (cached) GNU/Linux ld.so\nchecking how to hardcode library paths into programs... immediate\nchecking if libtool supports shared libraries... yes\nchecking whether to build shared libraries... no\nchecking whether to build static libraries... yes\nchecking for gfortran option to produce PIC... -fPIC\nchecking if gfortran PIC flag -fPIC works... yes\nchecking if gfortran static flag -static works... yes\nchecking if gfortran supports -c -o file.o... yes\nchecking if gfortran supports -c -o file.o... (cached) yes\nchecking whether the gfortran linker (/usr/bin/ld -m elf_x86_64) supports shared libraries... yes\nchecking dynamic linker characteristics... (cached) GNU/Linux ld.so\nchecking how to hardcode library paths into programs... immediate\nchecking if libtool supports shared libraries... yes\nchecking whether to build shared libraries... no\nchecking whether to build static libraries... yes\nchecking for gfortran option to produce PIC... -fPIC\nchecking if gfortran PIC flag -fPIC works... yes\nchecking if gfortran static flag -static works... yes\nchecking if gfortran supports -c -o file.o... yes\nchecking if gfortran supports -c -o file.o... (cached) yes\nchecking whether the gfortran linker (/usr/bin/ld -m elf_x86_64) supports shared libraries... yes\nchecking dynamic linker characteristics... (cached) GNU/Linux ld.so\nchecking how to hardcode library paths into programs... immediate\nchecking for sin... yes\nconfigure:\n\nChecking to see if there is a usable BLAS library kicking around...\n(If so, Blitz++ will use BLAS library to run benchmarks against\nif you build the benchmarks.  Blitz++ itself does NOT use BLAS).\n\n\nchecking for daxpy_ in -lblas... no\nchecking for daxpy in -lblas... no\nchecking for DAXPY in -lblas... no\nchecking for daxpy__ in -lblas... no\nchecking whether to enable c++ optimization flags... no\nchecking whether to enable c++ debug flags... no\nchecking whether to enable Blitz thread-safety features... no\nchecking if we are using Intel Threading Building Blocks... no\nchecking for SIMD instruction width... no\nchecking whether to pad array lengths to SIMD instruction width... no\nchecking whether to enable Blitz 64-bit dimensions... no\nchecking whether to enable serialization support... no\nchecking for main in -lpapi... no\nconfigure:\n\nC++ compiler (c++  ) characteristics\n\n\nconfigure:\n\nChecking major C++ language features\n\n\nchecking whether the compiler implements namespaces... yes\nchecking whether the compiler supports exceptions... yes\nchecking whether the compiler supports Run-Time Type Identification... yes\nchecking whether the compiler supports member constants... yes\nchecking whether the compiler accepts the old for scoping rules... no\nconfigure:\n\nNow for some of the new keywords\n\n\nchecking whether the compiler supports the explicit keyword... yes\nchecking whether the compiler supports the mutable keyword... yes\nchecking whether the compiler recognizes typename... yes\nchecking whether the compiler supports the Numerical C Extensions Group restrict keyword... no\nchecking whether the compiler recognizes the '__restrict__' keyword... yes\nchecking whether the compiler recognizes bool as a built-in type... yes\nconfigure:\n\nDoes your compiler understand the newfangled casting syntax?\n\n\nchecking whether the compiler supports const_cast<>... yes\nchecking whether the compiler supports static_cast<>... yes\nchecking whether the compiler supports reinterpret_cast<>... yes\nchecking whether the compiler supports dynamic_cast<>... yes\nconfigure:\n\nOkay, now the important stuff -- templates\n\n\nchecking whether the compiler supports basic templates... yes\nchecking whether the compiler supports partial specialization... yes\nchecking whether the compiler supports partial ordering... yes\nchecking whether the compiler supports default template parameters... yes\nchecking whether the compiler supports member templates... yes\nchecking whether the compiler supports member templates outside the class declaration... yes\nchecking whether the compiler recognizes the full specialization syntax... yes\nchecking whether the compiler supports function templates with non-type parameters... yes\nchecking whether the compiler supports template-qualified base class specifiers... yes\nchecking whether the compiler supports template-qualified return types... yes\nchecking whether the compiler supports explicit template function qualification... yes\nchecking whether the compiler supports templates as template arguments... yes\nchecking whether the compiler supports use of the template keyword as a qualifier... yes\nchecking whether the compiler supports function matching with argument types which are template scope-qualified... yes\nchecking whether the compiler will support the vector type promotion mechanism... yes\nchecking whether the compiler supports numeric traits promotions... yes\nchecking whether the compiler handle computations inside an enum... yes\nchecking whether the compiler handles (int) casts in enum computations... yes\nconfigure:\n\nWhich library features does your compiler provide?\n\n\nchecking whether the compiler has complex<T>... yes\nchecking whether the compiler has standard complex<T> functions... yes\nchecking cstring usability... yes\nchecking cstring presence... yes\nchecking for cstring... yes\nchecking whether the compiler has numeric_limits<T>... yes\nchecking whether the compiler has <climits> header... yes\nchecking whether the compiler has valarray<T>... yes\nchecking whether the compiler has complex math functions... yes\nchecking whether the compiler has more complex math functions... no\nchecking whether the compiler supports IEEE math library... yes\nchecking whether the compiler supports System V math library... no\nchecking whether the compiler has C math functions in namespace std... yes\nchecking whether the compiler has C math abs(integer type) in namespace std... yes\nchecking whether complex math functions are in namespace std... yes\nchecking whether the compiler has isnan function in namespace std... yes\nchecking whether the compiler supports ISO C++ standard library... yes\nchecking whether the compiler supports Standard Template Library... yes\nchecking whether the compiler has getrusage() function... yes\nconfigure:\n\nCXX                = c++\nCXXFLAGS           = \nCXX_OPTIMIZE_FLAGS = -O3 -funroll-loops -fstrict-aliasing -fomit-frame-pointer -ffast-math\nCXX_DEBUG_FLAGS    = -g -DBZ_DEBUG\nCXXFFLAGS          = -DBZ_FORTRAN_SYMBOLS_WITH_TRAILING_UNDERSCORES\n\nF77                = gfortran\nFFLAGS             = -fno-second-underscore\nF77_OPTIMIZE_FLAGS = -O3 -funroll-loops\nFLIBS              =  -L/usr/lib/gcc/x86_64-linux-gnu/8 -L/usr/lib/gcc/x86_64-linux-gnu/8/../../../x86_64-linux-gnu -L/usr/lib/gcc/x86_64-linux-gnu/8/../../../../lib -L/lib/x86_64-linux-gnu -L/lib/../lib -L/usr/lib/x86_64-linux-gnu -L/usr/lib/../lib -L/usr/lib/gcc/x86_64-linux-gnu/8/../../.. -lgfortran -lm -lquadmath\n\nFC                 = gfortran\nFCFLAGS            = -fno-second-underscore -ffree-form\nFC_OPTIMIZE_FLAGS  = -O3 -funroll-loops\nFCLIBS             =  -L/usr/lib/gcc/x86_64-linux-gnu/8 -L/usr/lib/gcc/x86_64-linux-gnu/8/../../../x86_64-linux-gnu -L/usr/lib/gcc/x86_64-linux-gnu/8/../../../../lib -L/lib/x86_64-linux-gnu -L/lib/../lib -L/usr/lib/x86_64-linux-gnu -L/usr/lib/../lib -L/usr/lib/gcc/x86_64-linux-gnu/8/../../.. -lgfortran -lm -lquadmath\n\nBLASLIB            = \n\n\nchecking for valgrind... no\nchecking our pkgconfig libname... blitz\nchecking our pkgconfig version... 0.10\nchecking our pkgconfig_libdir... ${libdir}/pkgconfig\nexpanded our pkgconfig_libdir... /usr/local/lib/pkgconfig\nchecking our pkgconfig_libfile... blitz.pc\nchecking our pkgconfig description... blitz Library\nchecking our pkgconfig requires... \nchecking our pkgconfig ext libs... -lblitz\nchecking our pkgconfig cppflags... \nnoninstalled pkgconfig -L /blitz_src/src/.libs\nnoninstalled pkgconfig -I /blitz_src/.\nconfigure: creating ./config.status\nconfig.status: creating Makefile\nconfig.status: creating bin/Makefile\nconfig.status: creating blitz/Makefile\nconfig.status: creating blitz/array/Makefile\nconfig.status: creating blitz/generate/Makefile\nconfig.status: creating blitz/meta/Makefile\nconfig.status: creating random/Makefile\nconfig.status: creating lib/Makefile\nconfig.status: creating testsuite/Makefile\nconfig.status: creating examples/Makefile\nconfig.status: creating doc/Makefile\nconfig.status: creating doc/examples/Makefile\nconfig.status: creating doc/stencils/Makefile\nconfig.status: creating doc/doxygen/Makefile\nconfig.status: creating doc/doxygen/Doxyfile\nconfig.status: creating benchmarks/Makefile\nconfig.status: creating benchmarks/plot_benchmarks.m\nconfig.status: creating blitz/config.h\nconfig.status: executing depfiles commands\nconfig.status: executing blitz/gnu/bzconfig.h commands\nconfig.status: creating blitz/gnu/bzconfig.h - prefix BZ for blitz/config.h defines\nconfig.status: executing libtool commands\nconfig.status: executing blitz.pc commands\nconfig.status: creating blitz.pc.in\nconfig.status: creating blitz.pc\nconfig.status: creating blitz-uninstalled.pc\nconfigure:\n\nThe configure script has generated makefiles for your platform.\nYou have several options now:\n\n  make lib              Check the compiler and create libblitz.a\n  make check-testsuite  Build and check the testsuite\n  make check-examples   Build and check the examples\n  make check-benchmarks Build and check the benchmarks (takes a long time)\n  make install          Install Blitz++\n  make info             Build Blitz++ texinfo documentation\n  make ps               Build Blitz++ ps documentation\n  make pdf              Build Blitz++ pdf documentation\n  make html             Build Blitz++ html documentation\n  make install-info     Install Blitz++ texinfo documentation\n  make install-ps       Install Blitz++ ps documentation\n  make install-pdf      Install Blitz++ pdf documentation\n  make install-html     Install Blitz++ html documentation\n\n\n\nmake[1]: Entering directory '/blitz_src/blitz'\nmake  all-recursive\nmake[2]: Entering directory '/blitz_src/blitz'\nMaking all in generate\nmake[3]: Entering directory '/blitz_src/blitz/generate'\nmake  generate-headers\nmake[4]: Entering directory '/blitz_src/blitz/generate'\nmake[4]: Nothing to be done for 'generate-headers'.\nmake[4]: Leaving directory '/blitz_src/blitz/generate'\nmake[3]: Leaving directory '/blitz_src/blitz/generate'\nMaking all in meta\nmake[3]: Entering directory '/blitz_src/blitz/meta'\nmake[3]: Nothing to be done for 'all'.\nmake[3]: Leaving directory '/blitz_src/blitz/meta'\nMaking all in array\nmake[3]: Entering directory '/blitz_src/blitz/array'\nmake[3]: Nothing to be done for 'all'.\nmake[3]: Leaving directory '/blitz_src/blitz/array'\nmake[3]: Entering directory '/blitz_src/blitz'\nmake[3]: Leaving directory '/blitz_src/blitz'\nmake[2]: Leaving directory '/blitz_src/blitz'\nmake[1]: Leaving directory '/blitz_src/blitz'\nmake[1]: Entering directory '/blitz_src/lib'\n/bin/bash ../libtool  --tag=CXX   --mode=compile c++ -DHAVE_CONFIG_H   -I.. -I..     -MT globals.lo -MD -MP -MF .deps/globals.Tpo -c -o globals.lo `test -f '../src/globals.cpp' || echo './'`../src/globals.cpp\nlibtool: compile:  c++ -DHAVE_CONFIG_H -I.. -I.. -MT globals.lo -MD -MP -MF .deps/globals.Tpo -c ../src/globals.cpp -o globals.o\n\u001b[91mIn file included from ../blitz/array/asexpr.cc:38,\n                 from ../blitz/array.cc:9,\n                 from ../blitz/array-impl.h:2559,\n                 from ../blitz/array.h:37,\n                 from ../src/globals.cpp:12:\n../blitz/array/expr.h: In instantiation of 'class blitz::_bz_ArrayExpr<blitz::FastTV2Iterator<int, 2> >':\n../blitz/array/asexpr.h:224:10:   required from 'struct blitz::BzBinaryExprResult<blitz::Subtract, blitz::TinyVector<int, 2>, std::complex<long double> >'\n../blitz/array/ops.h:127:1:   required by substitution of 'template<class T> typename blitz::BzBinaryExprResult<blitz::Subtract, T, std::complex<long double> >::T_result blitz::operator-(const blitz::ETBase<T>&, std::complex<long double>) [with T = blitz::TinyVector<int, 2>]'\n../blitz/tinymat2.h:197:21:   required from here\n../blitz/array/expr.h:111:44: error: invalid use of incomplete type 'blitz::_bz_ArrayExpr<blitz::FastTV2Iterator<int, 2> >::T_expr' {aka 'class blitz::FastTV2Iterator<int, 2>'}\n     typedef _bz_typename T_expr::T_numtype T_numtype;\n                                            ^~~~~~~~~\nIn file included from ../blitz/array/asexpr.h:34,\n                 from ../blitz/range.h:38,\n                 from ../blitz/array-impl.h:48,\n                 from ../blitz/array.h:37,\n                 from ../src/globals.cpp:12:\n../blitz/et-forward.h:20:50: note: declaration of 'blitz::_bz_ArrayExpr<blitz::FastTV2Iterator<int, 2> >::T_expr' {aka 'class blitz::FastTV2Iterator<int, 2>'}\n template<typename P_numtype, int N_length> class FastTV2Iterator;\n                                                  ^~~~~~~~~~~~~~~\nIn file included from ../blitz/array/asexpr.cc:38,\n                 from ../blitz/array.cc:9,\n                 from ../blitz/array-impl.h:2559,\n                 from ../blitz/array.h:37,\n                 from ../src/globals.cpp:12:\n../blitz/array/expr.h:113:69: error: invalid use of incomplete type 'class blitz::FastTV2Iterator<int, 2>'\n   typedef typename unwrapET<typename T_expr::T_result>::T_unwrapped test;\n                                                                     ^~~~\nIn file included from ../blitz/array/asexpr.h:34,\n                 from ../blitz/range.h:38,\n                 from ../blitz/array-impl.h:48,\n                 from ../blitz/array.h:37,\n                 from ../src/globals.cpp:12:\n../blitz/et-forward.h:20:50: note: declaration of 'class blitz::FastTV2Iterator<int, 2>'\n template<typename P_numtype, int N_length> class FastTV2Iterator;\n                                                  ^~~~~~~~~~~~~~~\nIn file included from ../blitz/array/asexpr.cc:38,\n                 from ../blitz/array.cc:9,\n                 from ../blitz/array-impl.h:2559,\n                 from ../blitz/array.h:37,\n                 from ../src/globals.cpp:12:\n../blitz/array/expr.h:116:42: error: invalid use of incomplete type 'class blitz::FastTV2Iterator<int, 2>'\n        _bz_ArrayExpr<test> >::T_selected T_typeprop;\n                                          ^~~~~~~~~~\nIn file included from ../blitz/array/asexpr.h:34,\n                 from ../blitz/range.h:38,\n                 from ../blitz/array-impl.h:48,\n                 from ../blitz/array.h:37,\n                 from ../src/globals.cpp:12:\n../blitz/et-forward.h:20:50: note: declaration of 'class blitz::FastTV2Iterator<int, 2>'\n template<typename P_numtype, int N_length> class FastTV2Iterator;\n                                                  ^~~~~~~~~~~~~~~\nIn file included from ../blitz/array/asexpr.cc:38,\n                 from ../blitz/array.cc:9,\n                 from ../blitz/array-impl.h:2559,\n                 from ../blitz/array.h:37,\n                 from ../src/globals.cpp:12:\n../blitz/array/expr.h:117:54: error: invalid use of incomplete type 'class blitz::FastTV2Iterator<int, 2>'\n   typedef typename unwrapET<T_typeprop>::T_unwrapped T_result;\n                                                      ^~~~~~~~\nIn file included from ../blitz/array/asexpr.h:34,\n                 from ../blitz/range.h:38,\n                 from ../blitz/array-impl.h:48,\n                 from ../blitz/array.h:37,\n                 from ../src/globals.cpp:12:\n../blitz/et-forward.h:20:50: note: declaration of 'class blitz::FastTV2Iterator<int, 2>'\n template<typename P_numtype, int N_length> class FastTV2Iterator;\n                                                  ^~~~~~~~~~~~~~~\nIn file included from ../blitz/array/asexpr.cc:38,\n                 from ../blitz/array.cc:9,\n                 from ../blitz/array-impl.h:2559,\n                 from ../blitz/array.h:37,\n                 from ../src/globals.cpp:12:\n../blitz/array/expr.h:119:37: error: invalid use of incomplete type 'blitz::_bz_ArrayExpr<blitz::FastTV2Iterator<int, 2> >::T_expr' {aka 'class blitz::FastTV2Iterator<int, 2>'}\n   typedef typename T_expr::T_optype T_optype;\n                                     ^~~~~~~~\nIn file included from ../blitz/array/asexpr.h:34,\n                 from ../blitz/range.h:38,\n                 from ../blitz/array-impl.h:48,\n                 from ../blitz/array.h:37,\n                 from ../src/globals.cpp:12:\n../blitz/et-forward.h:20:50: note: declaration of 'blitz::_bz_ArrayExpr<blitz::FastTV2Iterator<int, 2> >::T_expr' {aka 'class blitz::FastTV2Iterator<int, 2>'}\n template<typename P_numtype, int N_length> class FastTV2Iterator;\n                                                  ^~~~~~~~~~~~~~~\nIn file included from ../blitz/array/asexpr.cc:38,\n                 from ../blitz/array.cc:9,\n                 from ../blitz/array-impl.h:2559,\n                 from ../blitz/array.h:37,\n                 from ../src/globals.cpp:12:\n../blitz/array/expr.h:122:62: error: invalid use of incomplete type 'class blitz::FastTV2Iterator<int, 2>'\n   typedef _bz_ArrayExpr<_bz_typename P_expr::T_range_result> T_range_result;\n                                                              ^~~~~~~~~~~~~~\nIn file included from ../blitz/array/asexpr.h:34,\n                 from ../blitz/range.h:38,\n                 from ../blitz/array-impl.h:48,\n                 from ../blitz/array.h:37,\n                 from ../src/globals.cpp:12:\n../blitz/et-forward.h:20:50: note: declaration of 'class blitz::FastTV2Iterator<int, 2>'\n template<typename P_numtype, int N_length> class FastTV2Iterator;\n                                                  ^~~~~~~~~~~~~~~\n\u001b[0m\u001b[91mIn file included from ../blitz/array/asexpr.cc:38,\n                 from ../blitz/array.cc:9,\n                 from ../blitz/array-impl.h:2559,\n                 from ../blitz/array.h:37,\n                 from ../src/globals.cpp:12:\n../blitz/array/expr.h: In instantiation of 'const int blitz::_bz_ArrayExpr<blitz::FastTV2Iterator<int, 2> >::rank_':\n../blitz/array/expr.h:206:23:   required from 'class blitz::_bz_ArrayExpr<blitz::FastTV2Iterator<int, 2> >'\n../blitz/array/asexpr.h:224:10:   required from 'struct blitz::BzBinaryExprResult<blitz::Subtract, blitz::TinyVector<int, 2>, std::complex<long double> >'\n../blitz/array/ops.h:127:1:   required by substitution of 'template<class T> typename blitz::BzBinaryExprResult<blitz::Subtract, T, std::complex<long double> >::T_result blitz::operator-(const blitz::ETBase<T>&, std::complex<long double>) [with T = blitz::TinyVector<int, 2>]'\n../blitz/tinymat2.h:197:21:   required from here\n../blitz/array/expr.h:131:9: error: incomplete type 'blitz::_bz_ArrayExpr<blitz::FastTV2Iterator<int, 2> >::T_expr' {aka 'blitz::FastTV2Iterator<int, 2>'} used in nested name specifier\n         rank_ = T_expr::rank_;\n         ^~~~~\n\u001b[0m\u001b[91m../blitz/array/expr.h: In instantiation of 'class blitz::_bz_ArrayExpr<blitz::FastTV2Iterator<int, 2> >':\n../blitz/array/asexpr.h:224:10:   required from 'struct blitz::BzBinaryExprResult<blitz::Subtract, blitz::TinyVector<int, 2>, std::complex<long double> >'\n../blitz/array/ops.h:127:1:   required by substitution of 'template<class T> typename blitz::BzBinaryExprResult<blitz::Subtract, T, std::complex<long double> >::T_result blitz::operator-(const blitz::ETBase<T>&, std::complex<long double>) [with T = blitz::TinyVector<int, 2>]'\n../blitz/tinymat2.h:197:21:   required from here\n../blitz/array/expr.h:495:12: error: 'blitz::_bz_ArrayExpr<P_expr>::iter_' has incomplete type\n     T_expr iter_;\n            ^~~~~\nIn file included from ../blitz/array/asexpr.h:34,\n                 from ../blitz/range.h:38,\n                 from ../blitz/array-impl.h:48,\n                 from ../blitz/array.h:37,\n                 from ../src/globals.cpp:12:\n../blitz/et-forward.h:20:50: note: declaration of 'blitz::_bz_ArrayExpr<blitz::FastTV2Iterator<int, 2> >::T_expr' {aka 'class blitz::FastTV2Iterator<int, 2>'}\n template<typename P_numtype, int N_length> class FastTV2Iterator;\n                                                  ^~~~~~~~~~~~~~~\n\u001b[0m\u001b[91mIn file included from ../blitz/array/stencilops.h:42,\n                 from ../blitz/array/stencils.h:38,\n                 from ../blitz/array.cc:25,\n                 from ../blitz/array-impl.h:2559,\n                 from ../blitz/array.h:37,\n                 from ../src/globals.cpp:12:\n../blitz/tinymat2.h: In static member function 'static blitz::TinyVector<int, 2> blitz::TinyMatrix<P_numtype, N_rows, N_columns>::ubound()':\n../blitz/tinymat2.h:197:20: error: no match for 'operator-' (operand types are 'blitz::TinyVector<int, 2>' and 'int')\n   { return length()-1; }\n            ~~~~~~~~^~\n\u001b[0m\u001b[91mIn file included from ../blitz/array/ops.h:36,\n                 from ../blitz/range.cc:6,\n                 from ../blitz/array.cc:11,\n                 from ../blitz/array-impl.h:2559,\n                 from ../blitz/array.h:37,\n                 from ../src/globals.cpp:12:\n../blitz/array/ops.h:45:27: note: candidate: 'template<class T1> typename blitz::BzUnaryExprResult<blitz::UnaryMinus, T1>::T_result blitz::operator-(const blitz::ETBase<T>&)'\n BZ_DECLARE_ARRAY_ET_UNARY(operator-, UnaryMinus)\n                           ^~~~~~~~\n../blitz/array/newet-macros.h:49:1: note: in definition of macro 'BZ_DECLARE_ARRAY_ET_UNARY'\n name(const BZ_BLITZ_SCOPE(ETBase)<T1>& d1)                                 \\\n ^~~~\n../blitz/array/ops.h:45:27: note:   template argument deduction/substitution failed:\n BZ_DECLARE_ARRAY_ET_UNARY(operator-, UnaryMinus)\n                           ^~~~~~~~\n../blitz/array/newet-macros.h:49:1: note: in definition of macro 'BZ_DECLARE_ARRAY_ET_UNARY'\n name(const BZ_BLITZ_SCOPE(ETBase)<T1>& d1)                                 \\\n ^~~~\nIn file included from ../blitz/array/stencilops.h:42,\n                 from ../blitz/array/stencils.h:38,\n                 from ../blitz/array.cc:25,\n                 from ../blitz/array-impl.h:2559,\n                 from ../blitz/array.h:37,\n                 from ../src/globals.cpp:12:\n../blitz/tinymat2.h:197:21: note:   candidate expects 1 argument, 2 provided\n   { return length()-1; }\n                     ^\nIn file included from ../blitz/array/ops.h:36,\n                 from ../blitz/range.cc:6,\n                 from ../blitz/array.cc:11,\n                 from ../blitz/array-impl.h:2559,\n                 from ../blitz/array.h:37,\n                 from ../src/globals.cpp:12:\n../blitz/array/ops.h:50:28: note: candidate: 'template<class T1, class T2> typename blitz::BzBinaryExprResult<blitz::Subtract, T1, T2>::T_result blitz::operator-(const blitz::ETBase<T>&, const blitz::ETBase<T2>&)'\n BZ_DECLARE_ARRAY_ET_BINARY(operator-,  Subtract)\n                            ^~~~~~~~\n../blitz/array/newet-macros.h:68:1: note: in definition of macro 'BZ_DECLARE_ARRAY_ET_BINARY'\n name(const BZ_BLITZ_SCOPE(ETBase)<T1>& d1,                                 \\\n ^~~~\n../blitz/array/ops.h:50:28: note:   template argument deduction/substitution failed:\n BZ_DECLARE_ARRAY_ET_BINARY(operator-,  Subtract)\n                            ^~~~~~~~\n../blitz/array/newet-macros.h:68:1: note: in definition of macro 'BZ_DECLARE_ARRAY_ET_BINARY'\n name(const BZ_BLITZ_SCOPE(ETBase)<T1>& d1,                                 \\\n ^~~~\n\u001b[0m\u001b[91mIn file included from ../blitz/array/stencilops.h:42,\n                 from ../blitz/array/stencils.h:38,\n                 from ../blitz/array.cc:25,\n                 from ../blitz/array-impl.h:2559,\n                 from ../blitz/array.h:37,\n                 from ../src/globals.cpp:12:\n../blitz/tinymat2.h:197:21: note:   mismatched types 'const blitz::ETBase<T2>' and 'int'\n   { return length()-1; }\n                     ^\n\u001b[0m\u001b[91mIn file included from ../blitz/array/ops.h:36,\n                 from ../blitz/range.cc:6,\n                 from ../blitz/array.cc:11,\n                 from ../blitz/array-impl.h:2559,\n                 from ../blitz/array.h:37,\n                 from ../src/globals.cpp:12:\n../blitz/array/ops.h:93:35: note: candidate: 'template<class T> typename blitz::BzBinaryExprResult<blitz::Subtract, char, T>::T_result blitz::operator-(char, const blitz::ETBase<T>&)'\n BZ_DECLARE_ARRAY_ET_BINARY_SCALAR(operator-,  Subtract, sca)           \\\n                                   ^~~~~~~~\n../blitz/array/newet-macros.h:114:1: note: in definition of macro 'BZ_DECLARE_ARRAY_ET_BINARY_SCALAR'\n name(const sca d1, const BZ_BLITZ_SCOPE(ETBase)<T>& d2)                    \\\n ^~~~\n../blitz/array/ops.h:113:1: note: in expansion of macro 'BZ_DECLARE_ARRAY_ET_SCALAR_OPS'\n BZ_DECLARE_ARRAY_ET_SCALAR_OPS(char)\n ^~~~~~~~~~~~~~~~~~~~~~~~~~~~~~\n../blitz/array/ops.h:93:35: note:   template argument deduction/substitution failed:\n BZ_DECLARE_ARRAY_ET_BINARY_SCALAR(operator-,  Subtract, sca)           \\\n                                   ^~~~~~~~\n../blitz/array/newet-macros.h:114:1: note: in definition of macro 'BZ_DECLARE_ARRAY_ET_BINARY_SCALAR'\n name(const sca d1, const BZ_BLITZ_SCOPE(ETBase)<T>& d2)                    \\\n ^~~~\n../blitz/array/ops.h:113:1: note: in expansion of macro 'BZ_DECLARE_ARRAY_ET_SCALAR_OPS'\n BZ_DECLARE_ARRAY_ET_SCALAR_OPS(char)\n ^~~~~~~~~~~~~~~~~~~~~~~~~~~~~~\nIn file included from ../blitz/array/stencilops.h:42,\n                 from ../blitz/array/stencils.h:38,\n                 from ../blitz/array.cc:25,\n                 from ../blitz/array-impl.h:2559,\n                 from ../blitz/array.h:37,\n                 from ../src/globals.cpp:12:\n../blitz/tinymat2.h:197:21: note:   mismatched types 'const blitz::ETBase<T>' and 'int'\n   { return length()-1; }\n                     ^\nIn file included from ../blitz/array/ops.h:36,\n                 from ../blitz/range.cc:6,\n                 from ../blitz/array.cc:11,\n                 from ../blitz/array-impl.h:2559,\n                 from ../blitz/array.h:37,\n                 from ../src/globals.cpp:12:\n../blitz/array/ops.h:93:35: note: candidate: 'template<class T> typename blitz::BzBinaryExprResult<blitz::Subtract, T, char>::T_result blitz::operator-(const blitz::ETBase<T>&, char)'\n BZ_DECLARE_ARRAY_ET_BINARY_SCALAR(operator-,  Subtract, sca)           \\\n                                   ^~~~~~~~\n../blitz/array/newet-macros.h:125:1: note: in definition of macro 'BZ_DECLARE_ARRAY_ET_BINARY_SCALAR'\n name(const BZ_BLITZ_SCOPE(ETBase)<T>& d1, const sca d2)                    \\\n ^~~~\n../blitz/array/ops.h:113:1: note: in expansion of macro 'BZ_DECLARE_ARRAY_ET_SCALAR_OPS'\n BZ_DECLARE_ARRAY_ET_SCALAR_OPS(char)\n ^~~~~~~~~~~~~~~~~~~~~~~~~~~~~~\n../blitz/array/ops.h:93:35: note:   template argument deduction/substitution failed:\n BZ_DECLARE_ARRAY_ET_BINARY_SCALAR(operator-,  Subtract, sca)           \\\n                                   ^~~~~~~~\n../blitz/array/newet-macros.h:125:1: note: in definition of macro 'BZ_DECLARE_ARRAY_ET_BINARY_SCALAR'\n name(const BZ_BLITZ_SCOPE(ETBase)<T>& d1, const sca d2)                    \\\n ^~~~\n../blitz/array/ops.h:113:1: note: in expansion of macro 'BZ_DECLARE_ARRAY_ET_SCALAR_OPS'\n BZ_DECLARE_ARRAY_ET_SCALAR_OPS(char)\n ^~~~~~~~~~~~~~~~~~~~~~~~~~~~~~\n../blitz/array/ops.h:93:35: note: candidate: 'template<class T> typename blitz::BzBinaryExprResult<blitz::Subtract, unsigned char, T>::T_result blitz::operator-(unsigned char, const blitz::ETBase<T>&)'\n BZ_DECLARE_ARRAY_ET_BINARY_SCALAR(operator-,  Subtract, sca)           \\\n                                   ^~~~~~~~\n../blitz/array/newet-macros.h:114:1: note: in definition of macro 'BZ_DECLARE_ARRAY_ET_BINARY_SCALAR'\n name(const sca d1, const BZ_BLITZ_SCOPE(ETBase)<T>& d2)                    \\\n ^~~~\n../blitz/array/ops.h:114:1: note: in expansion of macro 'BZ_DECLARE_ARRAY_ET_SCALAR_OPS'\n BZ_DECLARE_ARRAY_ET_SCALAR_OPS(unsigned char)\n ^~~~~~~~~~~~~~~~~~~~~~~~~~~~~~\n../blitz/array/ops.h:93:35: note:   template argument deduction/substitution failed:\n BZ_DECLARE_ARRAY_ET_BINARY_SCALAR(operator-,  Subtract, sca)           \\\n                                   ^~~~~~~~\n../blitz/array/newet-macros.h:114:1: note: in definition of macro 'BZ_DECLARE_ARRAY_ET_BINARY_SCALAR'\n name(const sca d1, const BZ_BLITZ_SCOPE(ETBase)<T>& d2)                    \\\n ^~~~\n../blitz/array/ops.h:114:1: note: in expansion of macro 'BZ_DECLARE_ARRAY_ET_SCALAR_OPS'\n BZ_DECLARE_ARRAY_ET_SCALAR_OPS(unsigned char)\n ^~~~~~~~~~~~~~~~~~~~~~~~~~~~~~\nIn file included from ../blitz/array/stencilops.h:42,\n                 from ../blitz/array/stencils.h:38,\n                 from ../blitz/array.cc:25,\n                 from ../blitz/array-impl.h:2559,\n                 from ../blitz/array.h:37,\n                 from ../src/globals.cpp:12:\n../blitz/tinymat2.h:197:21: note:   mismatched types 'const blitz::ETBase<T>' and 'int'\n   { return length()-1; }\n                     ^\n\u001b[0m\u001b[91mIn file included from ../blitz/array/ops.h:36,\n                 from ../blitz/range.cc:6,\n                 from ../blitz/array.cc:11,\n                 from ../blitz/array-impl.h:2559,\n                 from ../blitz/array.h:37,\n                 from ../src/globals.cpp:12:\n../blitz/array/ops.h:93:35: note: candidate: 'template<class T> typename blitz::BzBinaryExprResult<blitz::Subtract, T, unsigned char>::T_result blitz::operator-(const blitz::ETBase<T>&, unsigned char)'\n BZ_DECLARE_ARRAY_ET_BINARY_SCALAR(operator-,  Subtract, sca)           \\\n                                   ^~~~~~~~\n../blitz/array/newet-macros.h:125:1: note: in definition of macro 'BZ_DECLARE_ARRAY_ET_BINARY_SCALAR'\n name(const BZ_BLITZ_SCOPE(ETBase)<T>& d1, const sca d2)                    \\\n ^~~~\n../blitz/array/ops.h:114:1: note: in expansion of macro 'BZ_DECLARE_ARRAY_ET_SCALAR_OPS'\n BZ_DECLARE_ARRAY_ET_SCALAR_OPS(unsigned char)\n ^~~~~~~~~~~~~~~~~~~~~~~~~~~~~~\n../blitz/array/ops.h:93:35: note:   template argument deduction/substitution failed:\n BZ_DECLARE_ARRAY_ET_BINARY_SCALAR(operator-,  Subtract, sca)           \\\n                                   ^~~~~~~~\n../blitz/array/newet-macros.h:125:1: note: in definition of macro 'BZ_DECLARE_ARRAY_ET_BINARY_SCALAR'\n name(const BZ_BLITZ_SCOPE(ETBase)<T>& d1, const sca d2)                    \\\n ^~~~\n../blitz/array/ops.h:114:1: note: in expansion of macro 'BZ_DECLARE_ARRAY_ET_SCALAR_OPS'\n BZ_DECLARE_ARRAY_ET_SCALAR_OPS(unsigned char)\n ^~~~~~~~~~~~~~~~~~~~~~~~~~~~~~\n\u001b[0m\u001b[91m../blitz/array/ops.h:93:35: note: candidate: 'template<class T> typename blitz::BzBinaryExprResult<blitz::Subtract, short int, T>::T_result blitz::operator-(short int, const blitz::ETBase<T>&)'\n BZ_DECLARE_ARRAY_ET_BINARY_SCALAR(operator-,  Subtract, sca)           \\\n                                   ^~~~~~~~\n../blitz/array/newet-macros.h:114:1: note: in definition of macro 'BZ_DECLARE_ARRAY_ET_BINARY_SCALAR'\n name(const sca d1, const BZ_BLITZ_SCOPE(ETBase)<T>& d2)                    \\\n ^~~~\n../blitz/array/ops.h:115:1: note: in expansion of macro 'BZ_DECLARE_ARRAY_ET_SCALAR_OPS'\n BZ_DECLARE_ARRAY_ET_SCALAR_OPS(short)\n ^~~~~~~~~~~~~~~~~~~~~~~~~~~~~~\n../blitz/array/ops.h:93:35: note:   template argument deduction/substitution failed:\n BZ_DECLARE_ARRAY_ET_BINARY_SCALAR(operator-,  Subtract, sca)           \\\n                                   ^~~~~~~~\n../blitz/array/newet-macros.h:114:1: note: in definition of macro 'BZ_DECLARE_ARRAY_ET_BINARY_SCALAR'\n name(const sca d1, const BZ_BLITZ_SCOPE(ETBase)<T>& d2)                    \\\n ^~~~\n../blitz/array/ops.h:115:1: note: in expansion of macro 'BZ_DECLARE_ARRAY_ET_SCALAR_OPS'\n BZ_DECLARE_ARRAY_ET_SCALAR_OPS(short)\n ^~~~~~~~~~~~~~~~~~~~~~~~~~~~~~\n\u001b[0m\u001b[91mIn file included from ../blitz/array/stencilops.h:42,\n                 from ../blitz/array/stencils.h:38,\n                 from ../blitz/array.cc:25,\n                 from ../blitz/array-impl.h:2559,\n                 from ../blitz/array.h:37,\n                 from ../src/globals.cpp:12:\n../blitz/tinymat2.h:197:21: note:   mismatched types 'const blitz::ETBase<T>' and 'int'\n   { return length()-1; }\n                     ^\nIn file included from ../blitz/array/ops.h:36,\n                 from ../blitz/range.cc:6,\n                 from ../blitz/array.cc:11,\n                 from ../blitz/array-impl.h:2559,\n                 from ../blitz/array.h:37,\n                 from ../src/globals.cpp:12:\n../blitz/array/ops.h:93:35: note: candidate: 'template<class T> typename blitz::BzBinaryExprResult<blitz::Subtract, T, short int>::T_result blitz::operator-(const blitz::ETBase<T>&, short int)'\n BZ_DECLARE_ARRAY_ET_BINARY_SCALAR(operator-,  Subtract, sca)           \\\n                                   ^~~~~~~~\n../blitz/array/newet-macros.h:125:1: note: in definition of macro 'BZ_DECLARE_ARRAY_ET_BINARY_SCALAR'\n name(const BZ_BLITZ_SCOPE(ETBase)<T>& d1, const sca d2)                    \\\n ^~~~\n../blitz/array/ops.h:115:1: note: in expansion of macro 'BZ_DECLARE_ARRAY_ET_SCALAR_OPS'\n BZ_DECLARE_ARRAY_ET_SCALAR_OPS(short)\n ^~~~~~~~~~~~~~~~~~~~~~~~~~~~~~\n\u001b[0m\u001b[91m../blitz/array/ops.h:93:35: note:   template argument deduction/substitution failed:\n BZ_DECLARE_ARRAY_ET_BINARY_SCALAR(operator-,  Subtract, sca)           \\\n                                   ^~~~~~~~\n../blitz/array/newet-macros.h:125:1: note: in definition of macro 'BZ_DECLARE_ARRAY_ET_BINARY_SCALAR'\n name(const BZ_BLITZ_SCOPE(ETBase)<T>& d1, const sca d2)                    \\\n ^~~~\n../blitz/array/ops.h:115:1: note: in expansion of macro 'BZ_DECLARE_ARRAY_ET_SCALAR_OPS'\n BZ_DECLARE_ARRAY_ET_SCALAR_OPS(short)\n ^~~~~~~~~~~~~~~~~~~~~~~~~~~~~~\n\u001b[0m\u001b[91m../blitz/array/ops.h:93:35: note: candidate: 'template<class T> typename blitz::BzBinaryExprResult<blitz::Subtract, short unsigned int, T>::T_result blitz::operator-(short unsigned int, const blitz::ETBase<T>&)'\n BZ_DECLARE_ARRAY_ET_BINARY_SCALAR(operator-,  Subtract, sca)           \\\n                                   ^~~~~~~~\n../blitz/array/newet-macros.h:114:1: note: in definition of macro 'BZ_DECLARE_ARRAY_ET_BINARY_SCALAR'\n name(const sca d1, const BZ_BLITZ_SCOPE(ETBase)<T>& d2)                    \\\n ^~~~\n../blitz/array/ops.h:116:1: note: in expansion of macro 'BZ_DECLARE_ARRAY_ET_SCALAR_OPS'\n BZ_DECLARE_ARRAY_ET_SCALAR_OPS(unsigned short)\n ^~~~~~~~~~~~~~~~~~~~~~~~~~~~~~\n../blitz/array/ops.h:93:35: note:   template argument deduction/substitution failed:\n BZ_DECLARE_ARRAY_ET_BINARY_SCALAR(operator-,  Subtract, sca)           \\\n                                   ^~~~~~~~\n../blitz/array/newet-macros.h:114:1: note: in definition of macro 'BZ_DECLARE_ARRAY_ET_BINARY_SCALAR'\n name(const sca d1, const BZ_BLITZ_SCOPE(ETBase)<T>& d2)                    \\\n ^~~~\n../blitz/array/ops.h:116:1: note: in expansion of macro 'BZ_DECLARE_ARRAY_ET_SCALAR_OPS'\n BZ_DECLARE_ARRAY_ET_SCALAR_OPS(unsigned short)\n ^~~~~~~~~~~~~~~~~~~~~~~~~~~~~~\nIn file included from ../blitz/array/stencilops.h:42,\n                 from ../blitz/array/stencils.h:38,\n                 from ../blitz/array.cc:25,\n                 from ../blitz/array-impl.h:2559,\n                 from ../blitz/array.h:37,\n                 from ../src/globals.cpp:12:\n../blitz/tinymat2.h:197:21: note:   mismatched types 'const blitz::ETBase<T>' and 'int'\n   { return length()-1; }\n                     ^\n\u001b[0m\u001b[91mIn file included from ../blitz/array/ops.h:36,\n                 from ../blitz/range.cc:6,\n                 from ../blitz/array.cc:11,\n                 from ../blitz/array-impl.h:2559,\n                 from ../blitz/array.h:37,\n                 from ../src/globals.cpp:12:\n../blitz/array/ops.h:93:35: note: candidate: 'template<class T> typename blitz::BzBinaryExprResult<blitz::Subtract, T, short unsigned int>::T_result blitz::operator-(const blitz::ETBase<T>&, short unsigned int)'\n BZ_DECLARE_ARRAY_ET_BINARY_SCALAR(operator-,  Subtract, sca)           \\\n                                   ^~~~~~~~\n../blitz/array/newet-macros.h:125:1: note: in definition of macro 'BZ_DECLARE_ARRAY_ET_BINARY_SCALAR'\n name(const BZ_BLITZ_SCOPE(ETBase)<T>& d1, const sca d2)                    \\\n ^~~~\n../blitz/array/ops.h:116:1: note: in expansion of macro 'BZ_DECLARE_ARRAY_ET_SCALAR_OPS'\n BZ_DECLARE_ARRAY_ET_SCALAR_OPS(unsigned short)\n ^~~~~~~~~~~~~~~~~~~~~~~~~~~~~~\n../blitz/array/ops.h:93:35: note:   template argument deduction/substitution failed:\n BZ_DECLARE_ARRAY_ET_BINARY_SCALAR(operator-,  Subtract, sca)           \\\n                                   ^~~~~~~~\n../blitz/array/newet-macros.h:125:1: note: in definition of macro 'BZ_DECLARE_ARRAY_ET_BINARY_SCALAR'\n name(const BZ_BLITZ_SCOPE(ETBase)<T>& d1, const sca d2)                    \\\n ^~~~\n../blitz/array/ops.h:116:1: note: in expansion of macro 'BZ_DECLARE_ARRAY_ET_SCALAR_OPS'\n BZ_DECLARE_ARRAY_ET_SCALAR_OPS(unsigned short)\n ^~~~~~~~~~~~~~~~~~~~~~~~~~~~~~\n\u001b[0m\u001b[91m../blitz/array/ops.h:93:35: note: candidate: 'template<class T> typename blitz::BzBinaryExprResult<blitz::Subtract, int, T>::T_result blitz::operator-(int, const blitz::ETBase<T>&)'\n BZ_DECLARE_ARRAY_ET_BINARY_SCALAR(operator-,  Subtract, sca)           \\\n                                   ^~~~~~~~\n../blitz/array/newet-macros.h:114:1: note: in definition of macro 'BZ_DECLARE_ARRAY_ET_BINARY_SCALAR'\n name(const sca d1, const BZ_BLITZ_SCOPE(ETBase)<T>& d2)                    \\\n ^~~~\n../blitz/array/ops.h:117:1: note: in expansion of macro 'BZ_DECLARE_ARRAY_ET_SCALAR_OPS'\n BZ_DECLARE_ARRAY_ET_SCALAR_OPS(int)\n ^~~~~~~~~~~~~~~~~~~~~~~~~~~~~~\n\u001b[0m\u001b[91m../blitz/array/ops.h:93:35: note:   template argument deduction/substitution failed:\n BZ_DECLARE_ARRAY_ET_BINARY_SCALAR(operator-,  Subtract, sca)           \\\n                                   ^~~~~~~~\n../blitz/array/newet-macros.h:114:1: note: in definition of macro 'BZ_DECLARE_ARRAY_ET_BINARY_SCALAR'\n name(const sca d1, const BZ_BLITZ_SCOPE(ETBase)<T>& d2)                    \\\n ^~~~\n../blitz/array/ops.h:117:1: note: in expansion of macro 'BZ_DECLARE_ARRAY_ET_SCALAR_OPS'\n BZ_DECLARE_ARRAY_ET_SCALAR_OPS(int)\n ^~~~~~~~~~~~~~~~~~~~~~~~~~~~~~\nIn file included from ../blitz/array/stencilops.h:42,\n                 from ../blitz/array/stencils.h:38,\n                 from ../blitz/array.cc:25,\n                 from ../blitz/array-impl.h:2559,\n                 from ../blitz/array.h:37,\n                 from ../src/globals.cpp:12:\n../blitz/tinymat2.h:197:21: note:   mismatched types 'const blitz::ETBase<T>' and 'int'\n   { return length()-1; }\n                     ^\n\u001b[0m\u001b[91mIn file included from ../blitz/array/ops.h:36,\n                 from ../blitz/range.cc:6,\n                 from ../blitz/array.cc:11,\n                 from ../blitz/array-impl.h:2559,\n                 from ../blitz/array.h:37,\n                 from ../src/globals.cpp:12:\n../blitz/array/ops.h:93:35: note: candidate: 'template<class T> typename blitz::BzBinaryExprResult<blitz::Subtract, T, int>::T_result blitz::operator-(const blitz::ETBase<T>&, int)'\n BZ_DECLARE_ARRAY_ET_BINARY_SCALAR(operator-,  Subtract, sca)           \\\n                                   ^~~~~~~~\n../blitz/array/newet-macros.h:125:1: note: in definition of macro 'BZ_DECLARE_ARRAY_ET_BINARY_SCALAR'\n name(const BZ_BLITZ_SCOPE(ETBase)<T>& d1, const sca d2)                    \\\n ^~~~\n../blitz/array/ops.h:117:1: note: in expansion of macro 'BZ_DECLARE_ARRAY_ET_SCALAR_OPS'\n BZ_DECLARE_ARRAY_ET_SCALAR_OPS(int)\n ^~~~~~~~~~~~~~~~~~~~~~~~~~~~~~\n../blitz/array/ops.h:93:35: note:   template argument deduction/substitution failed:\n BZ_DECLARE_ARRAY_ET_BINARY_SCALAR(operator-,  Subtract, sca)           \\\n                                   ^~~~~~~~\n../blitz/array/newet-macros.h:125:1: note: in definition of macro 'BZ_DECLARE_ARRAY_ET_BINARY_SCALAR'\n name(const BZ_BLITZ_SCOPE(ETBase)<T>& d1, const sca d2)                    \\\n ^~~~\n../blitz/array/ops.h:117:1: note: in expansion of macro 'BZ_DECLARE_ARRAY_ET_SCALAR_OPS'\n BZ_DECLARE_ARRAY_ET_SCALAR_OPS(int)\n ^~~~~~~~~~~~~~~~~~~~~~~~~~~~~~\n\u001b[0m\u001b[91m../blitz/array/ops.h:93:35: note: candidate: 'template<class T> typename blitz::BzBinaryExprResult<blitz::Subtract, unsigned int, T>::T_result blitz::operator-(unsigned int, const blitz::ETBase<T>&)'\n BZ_DECLARE_ARRAY_ET_BINARY_SCALAR(operator-,  Subtract, sca)           \\\n                                   ^~~~~~~~\n../blitz/array/newet-macros.h:114:1: note: in definition of macro 'BZ_DECLARE_ARRAY_ET_BINARY_SCALAR'\n name(const sca d1, const BZ_BLITZ_SCOPE(ETBase)<T>& d2)                    \\\n ^~~~\n../blitz/array/ops.h:118:1: note: in expansion of macro 'BZ_DECLARE_ARRAY_ET_SCALAR_OPS'\n BZ_DECLARE_ARRAY_ET_SCALAR_OPS(unsigned int)\n ^~~~~~~~~~~~~~~~~~~~~~~~~~~~~~\n../blitz/array/ops.h:93:35: note:   template argument deduction/substitution failed:\n BZ_DECLARE_ARRAY_ET_BINARY_SCALAR(operator-,  Subtract, sca)           \\\n                                   ^~~~~~~~\n../blitz/array/newet-macros.h:114:1: note: in definition of macro 'BZ_DECLARE_ARRAY_ET_BINARY_SCALAR'\n name(const sca d1, const BZ_BLITZ_SCOPE(ETBase)<T>& d2)                    \\\n ^~~~\n../blitz/array/ops.h:118:1: note: in expansion of macro 'BZ_DECLARE_ARRAY_ET_SCALAR_OPS'\n BZ_DECLARE_ARRAY_ET_SCALAR_OPS(unsigned int)\n ^~~~~~~~~~~~~~~~~~~~~~~~~~~~~~\nIn file included from ../blitz/array/stencilops.h:42,\n                 from ../blitz/array/stencils.h:38,\n                 from ../blitz/array.cc:25,\n                 from ../blitz/array-impl.h:2559,\n                 from ../blitz/array.h:37,\n                 from ../src/globals.cpp:12:\n../blitz/tinymat2.h:197:21: note:   mismatched types 'const blitz::ETBase<T>' and 'int'\n   { return length()-1; }\n                     ^\nIn file included from ../blitz/array/ops.h:36,\n                 from ../blitz/range.cc:6,\n                 from ../blitz/array.cc:11,\n                 from ../blitz/array-impl.h:2559,\n                 from ../blitz/array.h:37,\n                 from ../src/globals.cpp:12:\n../blitz/array/ops.h:93:35: note: candidate: 'template<class T> typename blitz::BzBinaryExprResult<blitz::Subtract, T, unsigned int>::T_result blitz::operator-(const blitz::ETBase<T>&, unsigned int)'\n BZ_DECLARE_ARRAY_ET_BINARY_SCALAR(operator-,  Subtract, sca)           \\\n                                   ^~~~~~~~\n../blitz/array/newet-macros.h:125:1: note: in definition of macro 'BZ_DECLARE_ARRAY_ET_BINARY_SCALAR'\n name(const BZ_BLITZ_SCOPE(ETBase)<T>& d1, const sca d2)                    \\\n ^~~~\n../blitz/array/ops.h:118:1: note: in expansion of macro 'BZ_DECLARE_ARRAY_ET_SCALAR_OPS'\n BZ_DECLARE_ARRAY_ET_SCALAR_OPS(unsigned int)\n ^~~~~~~~~~~~~~~~~~~~~~~~~~~~~~\n../blitz/array/ops.h:93:35: note:   template argument deduction/substitution failed:\n BZ_DECLARE_ARRAY_ET_BINARY_SCALAR(operator-,  Subtract, sca)           \\\n                                   ^~~~~~~~\n../blitz/array/newet-macros.h:125:1: note: in definition of macro 'BZ_DECLARE_ARRAY_ET_BINARY_SCALAR'\n name(const BZ_BLITZ_SCOPE(ETBase)<T>& d1, const sca d2)                    \\\n ^~~~\n../blitz/array/ops.h:118:1: note: in expansion of macro 'BZ_DECLARE_ARRAY_ET_SCALAR_OPS'\n BZ_DECLARE_ARRAY_ET_SCALAR_OPS(unsigned int)\n ^~~~~~~~~~~~~~~~~~~~~~~~~~~~~~\n\u001b[0m\u001b[91m../blitz/array/ops.h:93:35: note: candidate: 'template<class T> typename blitz::BzBinaryExprResult<blitz::Subtract, long int, T>::T_result blitz::operator-(long int, const blitz::ETBase<T>&)'\n BZ_DECLARE_ARRAY_ET_BINARY_SCALAR(operator-,  Subtract, sca)           \\\n                                   ^~~~~~~~\n../blitz/array/newet-macros.h:114:1: note: in definition of macro 'BZ_DECLARE_ARRAY_ET_BINARY_SCALAR'\n name(const sca d1, const BZ_BLITZ_SCOPE(ETBase)<T>& d2)                    \\\n ^~~~\n../blitz/array/ops.h:119:1: note: in expansion of macro 'BZ_DECLARE_ARRAY_ET_SCALAR_OPS'\n BZ_DECLARE_ARRAY_ET_SCALAR_OPS(long)\n ^~~~~~~~~~~~~~~~~~~~~~~~~~~~~~\n../blitz/array/ops.h:93:35: note:   template argument deduction/substitution failed:\n BZ_DECLARE_ARRAY_ET_BINARY_SCALAR(operator-,  Subtract, sca)           \\\n                                   ^~~~~~~~\n../blitz/array/newet-macros.h:114:1: note: in definition of macro 'BZ_DECLARE_ARRAY_ET_BINARY_SCALAR'\n name(const sca d1, const BZ_BLITZ_SCOPE(ETBase)<T>& d2)                    \\\n ^~~~\n../blitz/array/ops.h:119:1: note: in expansion of macro 'BZ_DECLARE_ARRAY_ET_SCALAR_OPS'\n BZ_DECLARE_ARRAY_ET_SCALAR_OPS(long)\n ^~~~~~~~~~~~~~~~~~~~~~~~~~~~~~\nIn file included from ../blitz/array/stencilops.h:42,\n                 from ../blitz/array/stencils.h:38,\n                 from ../blitz/array.cc:25,\n                 from ../blitz/array-impl.h:2559,\n                 from ../blitz/array.h:37,\n                 from ../src/globals.cpp:12:\n../blitz/tinymat2.h:197:21: note:   mismatched types 'const blitz::ETBase<T>' and 'int'\n   { return length()-1; }\n                     ^\n\u001b[0m\u001b[91mIn file included from ../blitz/array/ops.h:36,\n                 from ../blitz/range.cc:6,\n                 from ../blitz/array.cc:11,\n                 from ../blitz/array-impl.h:2559,\n                 from ../blitz/array.h:37,\n                 from ../src/globals.cpp:12:\n../blitz/array/ops.h:93:35: note: candidate: 'template<class T> typename blitz::BzBinaryExprResult<blitz::Subtract, T, long int>::T_result blitz::operator-(const blitz::ETBase<T>&, long int)'\n BZ_DECLARE_ARRAY_ET_BINARY_SCALAR(operator-,  Subtract, sca)           \\\n                                   ^~~~~~~~\n../blitz/array/newet-macros.h:125:1: note: in definition of macro 'BZ_DECLARE_ARRAY_ET_BINARY_SCALAR'\n name(const BZ_BLITZ_SCOPE(ETBase)<T>& d1, const sca d2)                    \\\n ^~~~\n../blitz/array/ops.h:119:1: note: in expansion of macro 'BZ_DECLARE_ARRAY_ET_SCALAR_OPS'\n BZ_DECLARE_ARRAY_ET_SCALAR_OPS(long)\n ^~~~~~~~~~~~~~~~~~~~~~~~~~~~~~\n../blitz/array/ops.h:93:35: note:   template argument deduction/substitution failed:\n BZ_DECLARE_ARRAY_ET_BINARY_SCALAR(operator-,  Subtract, sca)           \\\n                                   ^~~~~~~~\n../blitz/array/newet-macros.h:125:1: note: in definition of macro 'BZ_DECLARE_ARRAY_ET_BINARY_SCALAR'\n name(const BZ_BLITZ_SCOPE(ETBase)<T>& d1, const sca d2)                    \\\n ^~~~\n../blitz/array/ops.h:119:1: note: in expansion of macro 'BZ_DECLARE_ARRAY_ET_SCALAR_OPS'\n BZ_DECLARE_ARRAY_ET_SCALAR_OPS(long)\n ^~~~~~~~~~~~~~~~~~~~~~~~~~~~~~\n\u001b[0m\u001b[91m../blitz/array/ops.h:93:35: note: candidate: 'template<class T> typename blitz::BzBinaryExprResult<blitz::Subtract, long unsigned int, T>::T_result blitz::operator-(long unsigned int, const blitz::ETBase<T>&)'\n BZ_DECLARE_ARRAY_ET_BINARY_SCALAR(operator-,  Subtract, sca)           \\\n                                   ^~~~~~~~\n../blitz/array/newet-macros.h:114:1: note: in definition of macro 'BZ_DECLARE_ARRAY_ET_BINARY_SCALAR'\n name(const sca d1, const BZ_BLITZ_SCOPE(ETBase)<T>& d2)                    \\\n ^~~~\n../blitz/array/ops.h:120:1: note: in expansion of macro 'BZ_DECLARE_ARRAY_ET_SCALAR_OPS'\n BZ_DECLARE_ARRAY_ET_SCALAR_OPS(unsigned long)\n ^~~~~~~~~~~~~~~~~~~~~~~~~~~~~~\n../blitz/array/ops.h:93:35: note:   template argument deduction/substitution failed:\n BZ_DECLARE_ARRAY_ET_BINARY_SCALAR(operator-,  Subtract, sca)           \\\n                                   ^~~~~~~~\n../blitz/array/newet-macros.h:114:1: note: in definition of macro 'BZ_DECLARE_ARRAY_ET_BINARY_SCALAR'\n name(const sca d1, const BZ_BLITZ_SCOPE(ETBase)<T>& d2)                    \\\n ^~~~\n../blitz/array/ops.h:120:1: note: in expansion of macro 'BZ_DECLARE_ARRAY_ET_SCALAR_OPS'\n BZ_DECLARE_ARRAY_ET_SCALAR_OPS(unsigned long)\n ^~~~~~~~~~~~~~~~~~~~~~~~~~~~~~\nIn file included from ../blitz/array/stencilops.h:42,\n                 from ../blitz/array/stencils.h:38,\n                 from ../blitz/array.cc:25,\n                 from ../blitz/array-impl.h:2559,\n                 from ../blitz/array.h:37,\n                 from ../src/globals.cpp:12:\n../blitz/tinymat2.h:197:21: note:   mismatched types 'const blitz::ETBase<T>' and 'int'\n   { return length()-1; }\n                     ^\n\u001b[0m\u001b[91mIn file included from ../blitz/array/ops.h:36,\n                 from ../blitz/range.cc:6,\n                 from ../blitz/array.cc:11,\n                 from ../blitz/array-impl.h:2559,\n                 from ../blitz/array.h:37,\n                 from ../src/globals.cpp:12:\n../blitz/array/ops.h:93:35: note: candidate: 'template<class T> typename blitz::BzBinaryExprResult<blitz::Subtract, T, long unsigned int>::T_result blitz::operator-(const blitz::ETBase<T>&, long unsigned int)'\n BZ_DECLARE_ARRAY_ET_BINARY_SCALAR(operator-,  Subtract, sca)           \\\n                                   ^~~~~~~~\n../blitz/array/newet-macros.h:125:1: note: in definition of macro 'BZ_DECLARE_ARRAY_ET_BINARY_SCALAR'\n name(const BZ_BLITZ_SCOPE(ETBase)<T>& d1, const sca d2)                    \\\n ^~~~\n../blitz/array/ops.h:120:1: note: in expansion of macro 'BZ_DECLARE_ARRAY_ET_SCALAR_OPS'\n BZ_DECLARE_ARRAY_ET_SCALAR_OPS(unsigned long)\n ^~~~~~~~~~~~~~~~~~~~~~~~~~~~~~\n../blitz/array/ops.h:93:35: note:   template argument deduction/substitution failed:\n BZ_DECLARE_ARRAY_ET_BINARY_SCALAR(operator-,  Subtract, sca)           \\\n                                   ^~~~~~~~\n../blitz/array/newet-macros.h:125:1: note: in definition of macro 'BZ_DECLARE_ARRAY_ET_BINARY_SCALAR'\n name(const BZ_BLITZ_SCOPE(ETBase)<T>& d1, const sca d2)                    \\\n ^~~~\n../blitz/array/ops.h:120:1: note: in expansion of macro 'BZ_DECLARE_ARRAY_ET_SCALAR_OPS'\n BZ_DECLARE_ARRAY_ET_SCALAR_OPS(unsigned long)\n ^~~~~~~~~~~~~~~~~~~~~~~~~~~~~~\n\u001b[0m\u001b[91m../blitz/array/ops.h:93:35: note: candidate: 'template<class T> typename blitz::BzBinaryExprResult<blitz::Subtract, float, T>::T_result blitz::operator-(float, const blitz::ETBase<T>&)'\n BZ_DECLARE_ARRAY_ET_BINARY_SCALAR(operator-,  Subtract, sca)           \\\n                                   ^~~~~~~~\n../blitz/array/newet-macros.h:114:1: note: in definition of macro 'BZ_DECLARE_ARRAY_ET_BINARY_SCALAR'\n name(const sca d1, const BZ_BLITZ_SCOPE(ETBase)<T>& d2)                    \\\n ^~~~\n../blitz/array/ops.h:121:1: note: in expansion of macro 'BZ_DECLARE_ARRAY_ET_SCALAR_OPS'\n BZ_DECLARE_ARRAY_ET_SCALAR_OPS(float)\n ^~~~~~~~~~~~~~~~~~~~~~~~~~~~~~\n\u001b[0m\u001b[91m../blitz/array/ops.h:93:35: note:   template argument deduction/substitution failed:\n BZ_DECLARE_ARRAY_ET_BINARY_SCALAR(operator-,  Subtract, sca)           \\\n                                   ^~~~~~~~\n../blitz/array/newet-macros.h:114:1: note: in definition of macro 'BZ_DECLARE_ARRAY_ET_BINARY_SCALAR'\n name(const sca d1, const BZ_BLITZ_SCOPE(ETBase)<T>& d2)                    \\\n ^~~~\n../blitz/array/ops.h:121:1: note: in expansion of macro 'BZ_DECLARE_ARRAY_ET_SCALAR_OPS'\n BZ_DECLARE_ARRAY_ET_SCALAR_OPS(float)\n ^~~~~~~~~~~~~~~~~~~~~~~~~~~~~~\nIn file included from ../blitz/array/stencilops.h:42,\n                 from ../blitz/array/stencils.h:38,\n                 from ../blitz/array.cc:25,\n                 from ../blitz/array-impl.h:2559,\n                 from ../blitz/array.h:37,\n                 from ../src/globals.cpp:12:\n../blitz/tinymat2.h:197:21: note:   mismatched types 'const blitz::ETBase<T>' and 'int'\n   { return length()-1; }\n                     ^\n\u001b[0m\u001b[91mIn file included from ../blitz/array/ops.h:36,\n                 from ../blitz/range.cc:6,\n                 from ../blitz/array.cc:11,\n                 from ../blitz/array-impl.h:2559,\n                 from ../blitz/array.h:37,\n                 from ../src/globals.cpp:12:\n../blitz/array/ops.h:93:35: note: candidate: 'template<class T> typename blitz::BzBinaryExprResult<blitz::Subtract, T, float>::T_result blitz::operator-(const blitz::ETBase<T>&, float)'\n BZ_DECLARE_ARRAY_ET_BINARY_SCALAR(operator-,  Subtract, sca)           \\\n                                   ^~~~~~~~\n../blitz/array/newet-macros.h:125:1: note: in definition of macro 'BZ_DECLARE_ARRAY_ET_BINARY_SCALAR'\n name(const BZ_BLITZ_SCOPE(ETBase)<T>& d1, const sca d2)                    \\\n ^~~~\n../blitz/array/ops.h:121:1: note: in expansion of macro 'BZ_DECLARE_ARRAY_ET_SCALAR_OPS'\n BZ_DECLARE_ARRAY_ET_SCALAR_OPS(float)\n ^~~~~~~~~~~~~~~~~~~~~~~~~~~~~~\n../blitz/array/ops.h:93:35: note:   template argument deduction/substitution failed:\n BZ_DECLARE_ARRAY_ET_BINARY_SCALAR(operator-,  Subtract, sca)           \\\n                                   ^~~~~~~~\n../blitz/array/newet-macros.h:125:1: note: in definition of macro 'BZ_DECLARE_ARRAY_ET_BINARY_SCALAR'\n name(const BZ_BLITZ_SCOPE(ETBase)<T>& d1, const sca d2)                    \\\n ^~~~\n../blitz/array/ops.h:121:1: note: in expansion of macro 'BZ_DECLARE_ARRAY_ET_SCALAR_OPS'\n BZ_DECLARE_ARRAY_ET_SCALAR_OPS(float)\n ^~~~~~~~~~~~~~~~~~~~~~~~~~~~~~\n\u001b[0m\u001b[91m../blitz/array/ops.h:93:35: note: candidate: 'template<class T> typename blitz::BzBinaryExprResult<blitz::Subtract, double, T>::T_result blitz::operator-(double, const blitz::ETBase<T>&)'\n BZ_DECLARE_ARRAY_ET_BINARY_SCALAR(operator-,  Subtract, sca)           \\\n                                   ^~~~~~~~\n../blitz/array/newet-macros.h:114:1: note: in definition of macro 'BZ_DECLARE_ARRAY_ET_BINARY_SCALAR'\n name(const sca d1, const BZ_BLITZ_SCOPE(ETBase)<T>& d2)                    \\\n ^~~~\n../blitz/array/ops.h:122:1: note: in expansion of macro 'BZ_DECLARE_ARRAY_ET_SCALAR_OPS'\n BZ_DECLARE_ARRAY_ET_SCALAR_OPS(double)\n ^~~~~~~~~~~~~~~~~~~~~~~~~~~~~~\n../blitz/array/ops.h:93:35: note:   template argument deduction/substitution failed:\n BZ_DECLARE_ARRAY_ET_BINARY_SCALAR(operator-,  Subtract, sca)           \\\n                                   ^~~~~~~~\n../blitz/array/newet-macros.h:114:1: note: in definition of macro 'BZ_DECLARE_ARRAY_ET_BINARY_SCALAR'\n name(const sca d1, const BZ_BLITZ_SCOPE(ETBase)<T>& d2)                    \\\n ^~~~\n../blitz/array/ops.h:122:1: note: in expansion of macro 'BZ_DECLARE_ARRAY_ET_SCALAR_OPS'\n BZ_DECLARE_ARRAY_ET_SCALAR_OPS(double)\n ^~~~~~~~~~~~~~~~~~~~~~~~~~~~~~\nIn file included from ../blitz/array/stencilops.h:42,\n                 from ../blitz/array/stencils.h:38,\n                 from ../blitz/array.cc:25,\n                 from ../blitz/array-impl.h:2559,\n                 from ../blitz/array.h:37,\n                 from ../src/globals.cpp:12:\n../blitz/tinymat2.h:197:21: note:   mismatched types 'const blitz::ETBase<T>' and 'int'\n   { return length()-1; }\n                     ^\nIn file included from ../blitz/array/ops.h:36,\n                 from ../blitz/range.cc:6,\n                 from ../blitz/array.cc:11,\n                 from ../blitz/array-impl.h:2559,\n                 from ../blitz/array.h:37,\n                 from ../src/globals.cpp:12:\n../blitz/array/ops.h:93:35: note: candidate: 'template<class T> typename blitz::BzBinaryExprResult<blitz::Subtract, T, double>::T_result blitz::operator-(const blitz::ETBase<T>&, double)'\n BZ_DECLARE_ARRAY_ET_BINARY_SCALAR(operator-,  Subtract, sca)           \\\n                                   ^~~~~~~~\n../blitz/array/newet-macros.h:125:1: note: in definition of macro 'BZ_DECLARE_ARRAY_ET_BINARY_SCALAR'\n name(const BZ_BLITZ_SCOPE(ETBase)<T>& d1, const sca d2)                    \\\n ^~~~\n../blitz/array/ops.h:122:1: note: in expansion of macro 'BZ_DECLARE_ARRAY_ET_SCALAR_OPS'\n BZ_DECLARE_ARRAY_ET_SCALAR_OPS(double)\n ^~~~~~~~~~~~~~~~~~~~~~~~~~~~~~\n../blitz/array/ops.h:93:35: note:   template argument deduction/substitution failed:\n BZ_DECLARE_ARRAY_ET_BINARY_SCALAR(operator-,  Subtract, sca)           \\\n                                   ^~~~~~~~\n../blitz/array/newet-macros.h:125:1: note: in definition of macro 'BZ_DECLARE_ARRAY_ET_BINARY_SCALAR'\n name(const BZ_BLITZ_SCOPE(ETBase)<T>& d1, const sca d2)                    \\\n ^~~~\n../blitz/array/ops.h:122:1: note: in expansion of macro 'BZ_DECLARE_ARRAY_ET_SCALAR_OPS'\n BZ_DECLARE_ARRAY_ET_SCALAR_OPS(double)\n ^~~~~~~~~~~~~~~~~~~~~~~~~~~~~~\n\u001b[0m\u001b[91m../blitz/array/ops.h:93:35: note: candidate: 'template<class T> typename blitz::BzBinaryExprResult<blitz::Subtract, long double, T>::T_result blitz::operator-(long double, const blitz::ETBase<T>&)'\n BZ_DECLARE_ARRAY_ET_BINARY_SCALAR(operator-,  Subtract, sca)           \\\n                                   ^~~~~~~~\n../blitz/array/newet-macros.h:114:1: note: in definition of macro 'BZ_DECLARE_ARRAY_ET_BINARY_SCALAR'\n name(const sca d1, const BZ_BLITZ_SCOPE(ETBase)<T>& d2)                    \\\n ^~~~\n../blitz/array/ops.h:123:1: note: in expansion of macro 'BZ_DECLARE_ARRAY_ET_SCALAR_OPS'\n BZ_DECLARE_ARRAY_ET_SCALAR_OPS(long double)\n ^~~~~~~~~~~~~~~~~~~~~~~~~~~~~~\n../blitz/array/ops.h:93:35: note:   template argument deduction/substitution failed:\n BZ_DECLARE_ARRAY_ET_BINARY_SCALAR(operator-,  Subtract, sca)           \\\n                                   ^~~~~~~~\n../blitz/array/newet-macros.h:114:1: note: in definition of macro 'BZ_DECLARE_ARRAY_ET_BINARY_SCALAR'\n name(const sca d1, const BZ_BLITZ_SCOPE(ETBase)<T>& d2)                    \\\n ^~~~\n../blitz/array/ops.h:123:1: note: in expansion of macro 'BZ_DECLARE_ARRAY_ET_SCALAR_OPS'\n BZ_DECLARE_ARRAY_ET_SCALAR_OPS(long double)\n ^~~~~~~~~~~~~~~~~~~~~~~~~~~~~~\nIn file included from ../blitz/array/stencilops.h:42,\n                 from ../blitz/array/stencils.h:38,\n                 from ../blitz/array.cc:25,\n                 from ../blitz/array-impl.h:2559,\n                 from ../blitz/array.h:37,\n                 from ../src/globals.cpp:12:\n../blitz/tinymat2.h:197:21: note:   mismatched types 'const blitz::ETBase<T>' and 'int'\n   { return length()-1; }\n                     ^\nIn file included from ../blitz/array/ops.h:36,\n                 from ../blitz/range.cc:6,\n                 from ../blitz/array.cc:11,\n                 from ../blitz/array-impl.h:2559,\n                 from ../blitz/array.h:37,\n                 from ../src/globals.cpp:12:\n../blitz/array/ops.h:93:35: note: candidate: 'template<class T> typename blitz::BzBinaryExprResult<blitz::Subtract, T, long double>::T_result blitz::operator-(const blitz::ETBase<T>&, long double)'\n BZ_DECLARE_ARRAY_ET_BINARY_SCALAR(operator-,  Subtract, sca)           \\\n                                   ^~~~~~~~\n../blitz/array/newet-macros.h:125:1: note: in definition of macro 'BZ_DECLARE_ARRAY_ET_BINARY_SCALAR'\n name(const BZ_BLITZ_SCOPE(ETBase)<T>& d1, const sca d2)                    \\\n ^~~~\n../blitz/array/ops.h:123:1: note: in expansion of macro 'BZ_DECLARE_ARRAY_ET_SCALAR_OPS'\n BZ_DECLARE_ARRAY_ET_SCALAR_OPS(long double)\n ^~~~~~~~~~~~~~~~~~~~~~~~~~~~~~\n\u001b[0m\u001b[91m../blitz/array/ops.h:93:35: note:   template argument deduction/substitution failed:\n BZ_DECLARE_ARRAY_ET_BINARY_SCALAR(operator-,  Subtract, sca)           \\\n                                   ^~~~~~~~\n../blitz/array/newet-macros.h:125:1: note: in definition of macro 'BZ_DECLARE_ARRAY_ET_BINARY_SCALAR'\n name(const BZ_BLITZ_SCOPE(ETBase)<T>& d1, const sca d2)                    \\\n ^~~~\n../blitz/array/ops.h:123:1: note: in expansion of macro 'BZ_DECLARE_ARRAY_ET_SCALAR_OPS'\n BZ_DECLARE_ARRAY_ET_SCALAR_OPS(long double)\n ^~~~~~~~~~~~~~~~~~~~~~~~~~~~~~\n../blitz/array/ops.h:93:35: note: candidate: 'template<class T> typename blitz::BzBinaryExprResult<blitz::Subtract, std::complex<float>, T>::T_result blitz::operator-(std::complex<float>, const blitz::ETBase<T>&)'\n BZ_DECLARE_ARRAY_ET_BINARY_SCALAR(operator-,  Subtract, sca)           \\\n                                   ^~~~~~~~\n../blitz/array/newet-macros.h:114:1: note: in definition of macro 'BZ_DECLARE_ARRAY_ET_BINARY_SCALAR'\n name(const sca d1, const BZ_BLITZ_SCOPE(ETBase)<T>& d2)                    \\\n ^~~~\n../blitz/array/ops.h:125:1: note: in expansion of macro 'BZ_DECLARE_ARRAY_ET_SCALAR_OPS'\n BZ_DECLARE_ARRAY_ET_SCALAR_OPS(complex<float>)\n ^~~~~~~~~~~~~~~~~~~~~~~~~~~~~~\n../blitz/array/ops.h:93:35: note:   template argument deduction/substitution failed:\n BZ_DECLARE_ARRAY_ET_BINARY_SCALAR(operator-,  Subtract, sca)           \\\n                                   ^~~~~~~~\n../blitz/array/newet-macros.h:114:1: note: in definition of macro 'BZ_DECLARE_ARRAY_ET_BINARY_SCALAR'\n name(const sca d1, const BZ_BLITZ_SCOPE(ETBase)<T>& d2)                    \\\n ^~~~\n../blitz/array/ops.h:125:1: note: in expansion of macro 'BZ_DECLARE_ARRAY_ET_SCALAR_OPS'\n BZ_DECLARE_ARRAY_ET_SCALAR_OPS(complex<float>)\n ^~~~~~~~~~~~~~~~~~~~~~~~~~~~~~\n\u001b[0m\u001b[91mIn file included from ../blitz/array/stencilops.h:42,\n                 from ../blitz/array/stencils.h:38,\n                 from ../blitz/array.cc:25,\n                 from ../blitz/array-impl.h:2559,\n                 from ../blitz/array.h:37,\n                 from ../src/globals.cpp:12:\n../blitz/tinymat2.h:197:21: note:   mismatched types 'const blitz::ETBase<T>' and 'int'\n   { return length()-1; }\n                     ^\n\u001b[0m\u001b[91mIn file included from ../blitz/array/ops.h:36,\n                 from ../blitz/range.cc:6,\n                 from ../blitz/array.cc:11,\n                 from ../blitz/array-impl.h:2559,\n                 from ../blitz/array.h:37,\n                 from ../src/globals.cpp:12:\n../blitz/array/ops.h:93:35: note: candidate: 'template<class T> typename blitz::BzBinaryExprResult<blitz::Subtract, T, std::complex<float> >::T_result blitz::operator-(const blitz::ETBase<T>&, std::complex<float>)'\n BZ_DECLARE_ARRAY_ET_BINARY_SCALAR(operator-,  Subtract, sca)           \\\n                                   ^~~~~~~~\n../blitz/array/newet-macros.h:125:1: note: in definition of macro 'BZ_DECLARE_ARRAY_ET_BINARY_SCALAR'\n name(const BZ_BLITZ_SCOPE(ETBase)<T>& d1, const sca d2)                    \\\n ^~~~\n../blitz/array/ops.h:125:1: note: in expansion of macro 'BZ_DECLARE_ARRAY_ET_SCALAR_OPS'\n BZ_DECLARE_ARRAY_ET_SCALAR_OPS(complex<float>)\n ^~~~~~~~~~~~~~~~~~~~~~~~~~~~~~\n../blitz/array/ops.h:93:35: note:   template argument deduction/substitution failed:\n BZ_DECLARE_ARRAY_ET_BINARY_SCALAR(operator-,  Subtract, sca)           \\\n                                   ^~~~~~~~\n../blitz/array/newet-macros.h:125:1: note: in definition of macro 'BZ_DECLARE_ARRAY_ET_BINARY_SCALAR'\n name(const BZ_BLITZ_SCOPE(ETBase)<T>& d1, const sca d2)                    \\\n ^~~~\n../blitz/array/ops.h:125:1: note: in expansion of macro 'BZ_DECLARE_ARRAY_ET_SCALAR_OPS'\n BZ_DECLARE_ARRAY_ET_SCALAR_OPS(complex<float>)\n ^~~~~~~~~~~~~~~~~~~~~~~~~~~~~~\n\u001b[0m\u001b[91m../blitz/array/ops.h:93:35: note: candidate: 'template<class T> typename blitz::BzBinaryExprResult<blitz::Subtract, std::complex<double>, T>::T_result blitz::operator-(std::complex<double>, const blitz::ETBase<T>&)'\n BZ_DECLARE_ARRAY_ET_BINARY_SCALAR(operator-,  Subtract, sca)           \\\n                                   ^~~~~~~~\n../blitz/array/newet-macros.h:114:1: note: in definition of macro 'BZ_DECLARE_ARRAY_ET_BINARY_SCALAR'\n name(const sca d1, const BZ_BLITZ_SCOPE(ETBase)<T>& d2)                    \\\n ^~~~\n../blitz/array/ops.h:126:1: note: in expansion of macro 'BZ_DECLARE_ARRAY_ET_SCALAR_OPS'\n BZ_DECLARE_ARRAY_ET_SCALAR_OPS(complex<double>)\n ^~~~~~~~~~~~~~~~~~~~~~~~~~~~~~\n../blitz/array/ops.h:93:35: note:   template argument deduction/substitution failed:\n BZ_DECLARE_ARRAY_ET_BINARY_SCALAR(operator-,  Subtract, sca)           \\\n                                   ^~~~~~~~\n../blitz/array/newet-macros.h:114:1: note: in definition of macro 'BZ_DECLARE_ARRAY_ET_BINARY_SCALAR'\n name(const sca d1, const BZ_BLITZ_SCOPE(ETBase)<T>& d2)                    \\\n ^~~~\n../blitz/array/ops.h:126:1: note: in expansion of macro 'BZ_DECLARE_ARRAY_ET_SCALAR_OPS'\n BZ_DECLARE_ARRAY_ET_SCALAR_OPS(complex<double>)\n ^~~~~~~~~~~~~~~~~~~~~~~~~~~~~~\nIn file included from ../blitz/array/stencilops.h:42,\n                 from ../blitz/array/stencils.h:38,\n                 from ../blitz/array.cc:25,\n                 from ../blitz/array-impl.h:2559,\n                 from ../blitz/array.h:37,\n                 from ../src/globals.cpp:12:\n../blitz/tinymat2.h:197:21: note:   mismatched types 'const blitz::ETBase<T>' and 'int'\n   { return length()-1; }\n                     ^\n\u001b[0m\u001b[91mIn file included from ../blitz/array/ops.h:36,\n                 from ../blitz/range.cc:6,\n                 from ../blitz/array.cc:11,\n                 from ../blitz/array-impl.h:2559,\n                 from ../blitz/array.h:37,\n                 from ../src/globals.cpp:12:\n../blitz/array/ops.h:93:35: note: candidate: 'template<class T> typename blitz::BzBinaryExprResult<blitz::Subtract, T, std::complex<double> >::T_result blitz::operator-(const blitz::ETBase<T>&, std::complex<double>)'\n BZ_DECLARE_ARRAY_ET_BINARY_SCALAR(operator-,  Subtract, sca)           \\\n                                   ^~~~~~~~\n../blitz/array/newet-macros.h:125:1: note: in definition of macro 'BZ_DECLARE_ARRAY_ET_BINARY_SCALAR'\n name(const BZ_BLITZ_SCOPE(ETBase)<T>& d1, const sca d2)                    \\\n ^~~~\n../blitz/array/ops.h:126:1: note: in expansion of macro 'BZ_DECLARE_ARRAY_ET_SCALAR_OPS'\n BZ_DECLARE_ARRAY_ET_SCALAR_OPS(complex<double>)\n ^~~~~~~~~~~~~~~~~~~~~~~~~~~~~~\n../blitz/array/ops.h:93:35: note:   template argument deduction/substitution failed:\n BZ_DECLARE_ARRAY_ET_BINARY_SCALAR(operator-,  Subtract, sca)           \\\n                                   ^~~~~~~~\n../blitz/array/newet-macros.h:125:1: note: in definition of macro 'BZ_DECLARE_ARRAY_ET_BINARY_SCALAR'\n name(const BZ_BLITZ_SCOPE(ETBase)<T>& d1, const sca d2)                    \\\n ^~~~\n../blitz/array/ops.h:126:1: note: in expansion of macro 'BZ_DECLARE_ARRAY_ET_SCALAR_OPS'\n BZ_DECLARE_ARRAY_ET_SCALAR_OPS(complex<double>)\n ^~~~~~~~~~~~~~~~~~~~~~~~~~~~~~\n\u001b[0m\u001b[91m../blitz/array/ops.h:93:35: note: candidate: 'template<class T> typename blitz::BzBinaryExprResult<blitz::Subtract, std::complex<long double>, T>::T_result blitz::operator-(std::complex<long double>, const blitz::ETBase<T>&)'\n BZ_DECLARE_ARRAY_ET_BINARY_SCALAR(operator-,  Subtract, sca)           \\\n                                   ^~~~~~~~\n../blitz/array/newet-macros.h:114:1: note: in definition of macro 'BZ_DECLARE_ARRAY_ET_BINARY_SCALAR'\n name(const sca d1, const BZ_BLITZ_SCOPE(ETBase)<T>& d2)                    \\\n ^~~~\n../blitz/array/ops.h:127:1: note: in expansion of macro 'BZ_DECLARE_ARRAY_ET_SCALAR_OPS'\n BZ_DECLARE_ARRAY_ET_SCALAR_OPS(complex<long double>)\n ^~~~~~~~~~~~~~~~~~~~~~~~~~~~~~\n../blitz/array/ops.h:93:35: note:   template argument deduction/substitution failed:\n BZ_DECLARE_ARRAY_ET_BINARY_SCALAR(operator-,  Subtract, sca)           \\\n                                   ^~~~~~~~\n../blitz/array/newet-macros.h:114:1: note: in definition of macro 'BZ_DECLARE_ARRAY_ET_BINARY_SCALAR'\n name(const sca d1, const BZ_BLITZ_SCOPE(ETBase)<T>& d2)                    \\\n ^~~~\n../blitz/array/ops.h:127:1: note: in expansion of macro 'BZ_DECLARE_ARRAY_ET_SCALAR_OPS'\n BZ_DECLARE_ARRAY_ET_SCALAR_OPS(complex<long double>)\n ^~~~~~~~~~~~~~~~~~~~~~~~~~~~~~\nIn file included from ../blitz/array/stencilops.h:42,\n                 from ../blitz/array/stencils.h:38,\n                 from ../blitz/array.cc:25,\n                 from ../blitz/array-impl.h:2559,\n                 from ../blitz/array.h:37,\n                 from ../src/globals.cpp:12:\n../blitz/tinymat2.h:197:21: note:   mismatched types 'const blitz::ETBase<T>' and 'int'\n   { return length()-1; }\n                     ^\n\u001b[0m\u001b[91mIn file included from ../blitz/array/ops.h:36,\n                 from ../blitz/range.cc:6,\n                 from ../blitz/array.cc:11,\n                 from ../blitz/array-impl.h:2559,\n                 from ../blitz/array.h:37,\n                 from ../src/globals.cpp:12:\n../blitz/array/ops.h:93:35: note: candidate: 'template<class T> typename blitz::BzBinaryExprResult<blitz::Subtract, T, std::complex<long double> >::T_result blitz::operator-(const blitz::ETBase<T>&, std::complex<long double>)'\n BZ_DECLARE_ARRAY_ET_BINARY_SCALAR(operator-,  Subtract, sca)           \\\n                                   ^~~~~~~~\n../blitz/array/newet-macros.h:125:1: note: in definition of macro 'BZ_DECLARE_ARRAY_ET_BINARY_SCALAR'\n name(const BZ_BLITZ_SCOPE(ETBase)<T>& d1, const sca d2)                    \\\n ^~~~\n../blitz/array/ops.h:127:1: note: in expansion of macro 'BZ_DECLARE_ARRAY_ET_SCALAR_OPS'\n BZ_DECLARE_ARRAY_ET_SCALAR_OPS(complex<long double>)\n ^~~~~~~~~~~~~~~~~~~~~~~~~~~~~~\n../blitz/array/ops.h:93:35: note:   substitution of deduced template arguments resulted in errors seen above\n BZ_DECLARE_ARRAY_ET_BINARY_SCALAR(operator-,  Subtract, sca)           \\\n                                   ^~~~~~~~\n../blitz/array/newet-macros.h:125:1: note: in definition of macro 'BZ_DECLARE_ARRAY_ET_BINARY_SCALAR'\n name(const BZ_BLITZ_SCOPE(ETBase)<T>& d1, const sca d2)                    \\\n ^~~~\n../blitz/array/ops.h:127:1: note: in expansion of macro 'BZ_DECLARE_ARRAY_ET_SCALAR_OPS'\n BZ_DECLARE_ARRAY_ET_SCALAR_OPS(complex<long double>)\n ^~~~~~~~~~~~~~~~~~~~~~~~~~~~~~\n\u001b[0m\u001b[91mIn file included from ../blitz/globeval.cc:34,\n                 from ../blitz/array/ops.cc:38,\n                 from ../blitz/array.cc:13,\n                 from ../blitz/array-impl.h:2559,\n                 from ../blitz/array.h:37,\n                 from ../src/globals.cpp:12:\n../blitz/tvevaluate.h: In instantiation of 'static void blitz::_tv_evaluator<unroll, N_length>::evaluate_unaligned(T_numtype*, const T_expr&, T_update) [with T_numtype = int; T_expr = blitz::_bz_ArrayExpr<blitz::FastTV2Iterator<int, 2> >; T_update = blitz::_bz_update<int, int>; bool unroll = false; int N_length = 2]':\n../blitz/globeval.cc:303:7:   required from 'static void blitz::chunked_updater<T_numtype, T_expr, T_update, N>::unaligned_update(T_numtype*, T_expr, blitz::diffType) [with T_numtype = int; T_expr = blitz::_bz_ArrayExpr<blitz::IndexPlaceholder<0> >; T_update = blitz::_bz_update<int, int>; int N = 2; blitz::diffType = long int]'\n../blitz/globeval.cc:342:41:   recursively required from 'static void blitz::_bz_meta_binaryAssign<I>::assign(T_data*, T_expr, blitz::diffType, blitz::diffType, T_update) [with T_data = int; T_expr = blitz::_bz_ArrayExpr<blitz::IndexPlaceholder<0> >; T_update = blitz::_bz_update<int, int>; int I = 6; blitz::diffType = long int]'\n../blitz/globeval.cc:342:41:   required from 'static void blitz::_bz_meta_binaryAssign<I>::assign(T_data*, T_expr, blitz::diffType, blitz::diffType, T_update) [with T_data = int; T_expr = blitz::_bz_ArrayExpr<blitz::IndexPlaceholder<0> >; T_update = blitz::_bz_update<int, int>; int I = 7; blitz::diffType = long int]'\n../blitz/globeval.cc:404:13:   required from 'void blitz::_bz_evaluateWithUnitStride(T_dest&, typename T_dest::T_iterator&, T_expr, blitz::diffType, T_update) [with T_dest = blitz::TinyVector<int, 1>; T_expr = blitz::_bz_ArrayExpr<blitz::IndexPlaceholder<0> >; T_update = blitz::_bz_update<int, int>; typename T_dest::T_iterator = blitz::FastTV2Iterator<int, 1>; blitz::diffType = long int]'\n../blitz/globeval.cc:591:31:   required from 'static void blitz::_bz_evaluator<1>::evaluateWithStackTraversal(T_dest&, T_expr, T_update) [with T_dest = blitz::TinyVector<int, 1>; T_expr = blitz::_bz_ArrayExpr<blitz::IndexPlaceholder<0> >; T_update = blitz::_bz_update<int, int>]'\n../blitz/globeval.cc:279:58:   required from 'void blitz::_bz_evaluate(T_dest&, T_expr, T_update) [with T_dest = blitz::TinyVector<int, 1>; T_expr = blitz::_bz_ArrayExpr<blitz::IndexPlaceholder<0> >; T_update = blitz::_bz_update<int, int>]'\n../blitz/tvevaluate.h:135:17:   required from 'static void blitz::_tv_evaluator<true, N_length>::select_evaluation(blitz::TinyVector<T, N_length>&, const T_expr&, T_update) [with T = int; T_expr = blitz::_bz_ArrayExpr<blitz::IndexPlaceholder<0> >; T_update = blitz::_bz_update<int, int>; int N_length = 1]'\n../blitz/tvevaluate.h:179:57:   required from 'void blitz::TinyVector<T, N>::_tv_evaluate(const T_expr&, T_update) [with T_expr = blitz::_bz_ArrayExpr<blitz::IndexPlaceholder<0> >; T_update = blitz::_bz_update<int, int>; P_numtype = int; int N_length = 1]'\n../blitz/tinyvec2.cc:86:3:   required from 'blitz::TinyVector<T, N>& blitz::TinyVector<T, N>::operator=(const blitz::ETBase<T_expr>&) [with T_expr = blitz::IndexPlaceholder<0>; P_numtype = int; int N_length = 1]'\n../blitz/array/storage.h:412:17:   required from 'blitz::ColumnMajorArray<N_rank>::ColumnMajorArray(blitz::paddingPolicy) [with int N_rank = 1]'\n../blitz/array/storage.h:430:34:   required from here\n../blitz/tvevaluate.h:120:36: error: 'const class blitz::_bz_ArrayExpr<blitz::FastTV2Iterator<int, 2> >' has no member named 'fastRead'; did you mean 'fastRead_tv'?\n     T_update::update(data[i], expr.fastRead(i));\n                               ~~~~~^~~~~~~~\n                               fastRead_tv\n\u001b[0m\u001b[91mmake[1]: *** [Makefile:430: globals.lo] Error 1\n\u001b[0mmake[1]: Leaving directory '/blitz_src/lib'\n\u001b[91mmake: *** [Makefile:883: blitz-library] Error 1\n\u001b[0mRemoving intermediate container 22ecf4c8b82e\n","stderr":"The command '/bin/sh -c wget --no-check-certificate https://sourceforge.net/projects/blitz/files/blitz/Blitz%2B%2B%200.10/blitz-0.10.tar.gz/download -O blitz.tar.gz &&     mkdir blitz_src &&     cd blitz_src &&     tar -xzf ../blitz.tar.gz --strip 1 &&     ./configure &&     make lib &&     make install &&     rm -rf  blitz_src &&     rm -rf blitz.tar.gz' returned a non-zero code: 2\n"},"endTime":1672511470747}