{"repository":"https://github.com/argoapp-live/argo-react","dockerfilePath":"Dockerfile","startTime":1672004898915,"clone":{"stdout":"","stderr":"Cloning into '/tmp/dinghy-analysis/argoapp-live/argo-react'...\n","error":null,"commit":"c9fdc854e5d1f80a638ac30e5bfae4e99a2806c2"},"originalBuild":{"startTimestamp":1672004900121,"endTimestamp":1672005653971,"error":{"code":1,"killed":false,"signal":null,"cmd":"docker build --no-cache --force-rm -t argo-react:latest -f /tmp/dinghy-analysis/argoapp-live/argo-react/Dockerfile ."},"stdout":"Sending build context to Docker daemon  10.86MB\r\r\nStep 1/7 : FROM node:12\n ---> 6c8de432fc7f\nStep 2/7 : WORKDIR /app\n ---> Running in 54b776ecf6ff\nRemoving intermediate container 54b776ecf6ff\n ---> fc313e05c4c2\nStep 3/7 : COPY . ./\n ---> 8629fabe7b67\nStep 4/7 : RUN npm install -g serve\n ---> Running in 82c60dd1181b\n/usr/local/bin/serve -> /usr/local/lib/node_modules/serve/build/main.js\n\u001b[91mnpm WARN notsup Unsupported engine for serve@14.1.2: wanted: {\"node\":\">= 14\"} (current: {\"node\":\"12.22.12\",\"npm\":\"6.14.16\"})\nnpm WARN\u001b[0m\u001b[91m notsup Not compatible with your version of node/npm: serve@14.1.2\n\u001b[0m\u001b[91mnpm WARN notsup Unsupported engine for boxen@7.0.0: wanted: {\"node\":\">=14.16\"} (current: {\"node\":\"12.22.12\",\"npm\":\"6.14.16\"})\n\u001b[0m\u001b[91mnpm WARN notsup Not compatible with your version of node/npm: boxen@7.0.0\n\u001b[0m\u001b[91mnpm WARN notsup Unsupported engine for camelcase@7.0.1: wanted: {\"node\":\">=14.16\"} (current: {\"node\":\"12.22.12\",\"npm\":\"6.14.16\"})\nnpm WARN notsup Not compatible with your version of node/npm: camelcase@7.0.1\n\u001b[0m\u001b[91m\n\u001b[0m+ serve@14.1.2\nadded 91 packages from 43 contributors in 4.689s\nRemoving intermediate container 82c60dd1181b\n ---> 81b0cd53de0b\nStep 5/7 : RUN npm install\n ---> Running in 173e6c501391\n\u001b[91mnpm WARN deprecated mkdirp-promise@5.0.1: This package is broken and no longer maintained. 'mkdirp' itself supports promises now, please switch to that.\n\u001b[0m\u001b[91mnpm WARN\u001b[0m\u001b[91m deprecated\u001b[0m\u001b[91m cids@0.7.5: This module has been superseded by the multiformats module\n\u001b[0m\u001b[91mnpm WARN deprecated multicodec@0.5.7: This module has been superseded by the multiformats module\n\u001b[0m\u001b[91mnpm WARN deprecated multicodec@1.0.4: This module has been superseded by the multiformats module\n\u001b[0m\u001b[91mnpm WARN deprecated\u001b[0m\u001b[91m multibase@0.6.1: This module has been superseded by the multiformats module\n\u001b[0m\u001b[91mnpm WARN deprecated multibase@0.7.0: This module has been superseded by the multiformats module\n\u001b[0m\u001b[91mnpm WARN deprecated @ethvault/iframe-provider@0.1.9: Package no longer supported. Contact Support at https://www.npmjs.com/support for more info.\n\u001b[0m\u001b[91mnpm WARN deprecated @ensdomains/contracts@0.0.1: Please use @ensdomains/ens-archived-contracts\n\u001b[0m\u001b[91mnpm WARN deprecated\u001b[0m\u001b[91m popper.js@1.14.3: You can find the new Popper v2 at @popperjs/core, this package is dedicated to the legacy v1\n\u001b[0m\u001b[91mnpm WARN deprecated multicodec@3.2.1: This module has been superseded by the multiformats module\n\u001b[0m\u001b[91mnpm WARN deprecated cids@1.1.9: This module has been superseded by the multiformats module\n\u001b[0m\u001b[91mnpm WARN \u001b[0m\u001b[91mdeprecated multibase@4.0.6: This module has been superseded by the multiformats module\n\u001b[0m\u001b[91mnpm WARN deprecated multibase@2.0.0: This module has been superseded by the multiformats module\n\u001b[0m\u001b[91mnpm\u001b[0m\u001b[91m WARN deprecated @ensdomains/ens@0.4.5: Please use @ensdomains/ens-contracts\n\u001b[0m\u001b[91mnpm WARN deprecated @ensdomains/resolver@0.2.4: Please use @ensdomains/ens-contracts\n\u001b[0m\u001b[91mnpm WARN deprecated testrpc@0.0.1: testrpc has been renamed to ganache-cli, please use this package from now on.\n\u001b[0m\u001b[91mnpm WARN deprecated ganache-core@2.13.2: ganache-core is now ganache; visit https://trfl.io/g7 for details\n\u001b[0m\u001b[91mnpm WARN deprecated core-js@2.6.12: core-js@<3.23.3 is no longer maintained and not recommended for usage due to the number of issues. Because of the V8 engine whims, feature detection in old core-js versions could cause a slowdown up to 100x even if nothing is polyfilled. Some versions have web compatibility issues. Please, upgrade your dependencies to the actual version of core-js.\n\u001b[0m\u001b[91mnpm WARN deprecated core-js-pure@3.8.2: core-js-pure@<3.23.3 is no longer maintained and not recommended for usage due to the number of issues. Because of the V8 engine whims, feature detection in old core-js versions could cause a slowdown up to 100x even if nothing is polyfilled. Some versions have web compatibility issues. Please, upgrade your dependencies to the actual version of core-js-pure.\n\u001b[0m\u001b[91mnpm WARN deprecated debug@3.2.6: Debug versions >=3.2.0 <3.2.7 || >=4 <4.3.1 have a low-severity ReDos regression when used in a Node.js environment. It is recommended you upgrade to 3.2.7 or 4.3.1. (https://github.com/visionmedia/debug/issues/797)\n\u001b[0m\u001b[91mnpm WARN \u001b[0m\u001b[91mdeprecated ethereumjs-tx@1.3.7: New package name format for new versions: @ethereumjs/tx. Please update.\n\u001b[0m\u001b[91mnpm WARN deprecated\u001b[0m\u001b[91m ethereumjs-block@1.7.1: New package name format for new versions: @ethereumjs/block. Please update.\n\u001b[0m\u001b[91mnpm WARN deprecated ethereumjs-vm@2.6.0: New package name format for new versions: @ethereumjs/vm. Please update.\n\u001b[0m\u001b[91mnpm WARN deprecated ethereumjs-block@2.2.2: New package name format for new versions: @ethereumjs/block. Please update.\n\u001b[0m\u001b[91mnpm WARN deprecated ethereumjs-tx@2.1.2: New package name format for new versions: @ethereumjs/tx. Please update.\n\u001b[0m\u001b[91mnpm WARN deprecated\u001b[0m\u001b[91m eth-sig-util@3.0.0: Deprecated in favor of '@metamask/eth-sig-util'\n\u001b[0m\u001b[91mnpm WARN deprecated\u001b[0m\u001b[91m ethashjs@0.0.8: New package name format for new versions: @ethereumjs/ethash. Please update.\n\u001b[0m\u001b[91mnpm WARN deprecated\u001b[0m\u001b[91m ethereumjs-account@3.0.0: Please use Util.Account class found on package ethereumjs-util@^7.0.6 https://github.com/ethereumjs/ethereumjs-util/releases/tag/v7.0.6\n\u001b[0m\u001b[91mnpm WARN deprecated ethereumjs-blockchain@4.0.4: New package name format for new versions: @ethereumjs/blockchain. Please update.\n\u001b[0m\u001b[91mnpm WARN \u001b[0m\u001b[91mdeprecated ethereumjs-common@1.5.0: New package name format for new versions: @ethereumjs/common. Please update.\n\u001b[0m\u001b[91mnpm WARN deprecated\u001b[0m\u001b[91m ethereumjs-vm@4.2.0: New package name format for new versions: @ethereumjs/vm. Please update.\n\u001b[0m\u001b[91mnpm WARN deprecated\u001b[0m\u001b[91m har-validator@5.1.5: this library is no longer supported\n\u001b[0m\u001b[91mnpm WARN deprecated request@2.88.2: request has been deprecated, see https://github.com/request/request/issues/3142\n\u001b[0m\u001b[91mnpm WARN \u001b[0m\u001b[91mdeprecated resolve-url@0.2.1: https://github.com/lydell/resolve-url#deprecated\n\u001b[0m\u001b[91mnpm WARN deprecated safe-event-emitter@1.0.1: Renamed to @metamask/safe-event-emitter\n\u001b[0m\u001b[91mnpm WARN \u001b[0m\u001b[91mdeprecated source-map-resolve@0.5.3: See https://github.com/lydell/source-map-resolve#deprecated\n\u001b[0m\u001b[91mnpm WARN deprecated\u001b[0m\u001b[91m source-map-url@0.4.0: See https://github.com/lydell/source-map-url#deprecated\n\u001b[0m\u001b[91mnpm WARN deprecated urix@0.1.0: Please see https://github.com/lydell/urix#deprecated\n\u001b[0m\u001b[91mnpm WARN deprecated uuid@3.4.0: Please upgrade  to version 7 or higher.  Older versions may use Math.random() in certain circumstances, which is known to be problematic.  See https://v8.dev/blog/math-random for details.\n\u001b[0m\u001b[91mnpm WARN \u001b[0m\u001b[91mdeprecated uuid@3.3.2: Please upgrade  to version 7 or higher.  Older versions may use Math.random() in certain circumstances, which is known to be problematic.  See https://v8.dev/blog/math-random for details.\n\u001b[0m\u001b[91mnpm WARN\u001b[0m\u001b[91m \u001b[0m\u001b[91mdeprecated\u001b[0m\u001b[91m eth-sig-util@1.4.2: Deprecated in favor of '@metamask/eth-sig-util'\n\u001b[0m\u001b[91mnpm WARN deprecated\u001b[0m\u001b[91m chokidar@1.7.0: Chokidar 2 will break on node v14+. Upgrade to chokidar 3 with 15x less dependencies.\n\u001b[0m\u001b[91mnpm WARN deprecated fsevents@1.2.13: fsevents 1 will break on node v14+ and could be using insecure binaries. Upgrade to fsevents 2.\n\u001b[0m\u001b[91mnpm WARN deprecated mkdirp@0.5.1: Legacy versions of mkdirp are no longer supported. Please update to mkdirp 1.x. (Note that the API surface has changed to use Promises in 1.x.)\n\u001b[0m\u001b[91mnpm WARN deprecated @ensdomains/dnssec-oracle@0.2.0: Please use @ensdomains/ens-contracts\n\u001b[0m\u001b[91mnpm WARN deprecated @types/bignumber.js@5.0.0: This is a stub types definition for bignumber.js (https://github.com/MikeMcl/bignumber.js/). bignumber.js provides its own type definitions, so you don't need @types/bignumber.js installed!\n\u001b[0m\n> bufferutil@4.0.3 install /app/node_modules/ganache-core/node_modules/bufferutil\n> node-gyp-build\n\n\n> keccak@3.0.1 install /app/node_modules/ganache-core/node_modules/keccak\n> node-gyp-build || exit 0\n\n\n> secp256k1@4.0.2 install /app/node_modules/ganache-core/node_modules/secp256k1\n> node-gyp-build || exit 0\n\n\n> utf-8-validate@5.0.4 install /app/node_modules/ganache-core/node_modules/utf-8-validate\n> node-gyp-build\n\n\n> bufferutil@4.0.3 install /app/node_modules/bufferutil\n> node-gyp-build\n\n\n> keccak@3.0.1 install /app/node_modules/keccak\n> node-gyp-build || exit 0\n\n\n> classic-level@1.2.0 install /app/node_modules/classic-level\n> node-gyp-build\n\n\n> keccak@1.4.0 install /app/node_modules/@portis/web3/node_modules/keccak\n> npm run rebuild || echo \"Keccak bindings compilation fail. Pure JS implementation will be used.\"\n\n\n> keccak@1.4.0 rebuild /app/node_modules/@portis/web3/node_modules/keccak\n> node-gyp rebuild\n\nmake: Entering directory '/app/node_modules/@portis/web3/node_modules/keccak/build'\n  CXX(target) Release/obj.target/keccak/src/addon.o\n\u001b[91m../src/addon.cc: In static member function 'static Nan::NAN_METHOD_RETURN_TYPE KeccakWrapper::Initialize(Nan::NAN_METHOD_ARGS_TYPE)':\n../src/addon.cc:37:47: error: no matching function for call to 'v8::Value::IntegerValue()'\n     unsigned int rate = info[0]->IntegerValue();\n                                               ^\nIn file included from /root/.cache/node-gyp/12.22.12/include/node/node.h:67:0,\n                 from ../src/addon.cc:1:\n/root/.cache/node-gyp/12.22.12/include/node/v8.h:2705:40: note: candidate: v8::Maybe<long int> v8::Value::IntegerValue(v8::Local<v8::Context>) const\n   V8_WARN_UNUSED_RESULT Maybe<int64_t> IntegerValue(\n                                        ^~~~~~~~~~~~\n/root/.cache/node-gyp/12.22.12/include/node/v8.h:2705:40: note:   candidate expects 1 argument, 0 provided\n../src/addon.cc:38:51: error: no matching function for call to 'v8::Value::IntegerValue()'\n     unsigned int capacity = info[1]->IntegerValue();\n                                                   ^\nIn file included from /root/.cache/node-gyp/12.22.12/include/node/node.h:67:0,\n                 from ../src/addon.cc:1:\n/root/.cache/node-gyp/12.22.12/include/node/v8.h:2705:40: note: candidate: v8::Maybe<long int> v8::Value::IntegerValue(v8::Local<v8::Context>) const\n   V8_WARN_UNUSED_RESULT Maybe<int64_t> IntegerValue(\n                                        ^~~~~~~~~~~~\n/root/.cache/node-gyp/12.22.12/include/node/v8.h:2705:40: note:   candidate expects 1 argument, 0 provided\n\u001b[0m\u001b[91m../src/addon.cc: In static member function 'static Nan::NAN_METHOD_RETURN_TYPE KeccakWrapper::AbsorbLastFewBits(Nan::NAN_METHOD_ARGS_TYPE)':\n../src/addon.cc:56:48: error: no matching function for call to 'v8::Value::IntegerValue()'\n     unsigned char bits = info[0]->IntegerValue();\n                                                ^\nIn file included from /root/.cache/node-gyp/12.22.12/include/node/node.h:67:0,\n                 from ../src/addon.cc:1:\n/root/.cache/node-gyp/12.22.12/include/node/v8.h:2705:40: note: candidate: v8::Maybe<long int> v8::Value::IntegerValue(v8::Local<v8::Context>) const\n   V8_WARN_UNUSED_RESULT Maybe<int64_t> IntegerValue(\n                                        ^~~~~~~~~~~~\n/root/.cache/node-gyp/12.22.12/include/node/v8.h:2705:40: note:   candidate expects 1 argument, 0 provided\n\u001b[0m\u001b[91m../src/addon.cc: In static member function 'static Nan::NAN_METHOD_RETURN_TYPE KeccakWrapper::Squeeze(Nan::NAN_METHOD_ARGS_TYPE)':\n../src/addon.cc:64:43: error: no matching function for call to 'v8::Value::IntegerValue()'\n     size_t length = info[0]->IntegerValue();\n                                           ^\nIn file included from /root/.cache/node-gyp/12.22.12/include/node/node.h:67:0,\n                 from ../src/addon.cc:1:\n/root/.cache/node-gyp/12.22.12/include/node/v8.h:2705:40: note: candidate: v8::Maybe<long int> v8::Value::IntegerValue(v8::Local<v8::Context>) const\n   V8_WARN_UNUSED_RESULT Maybe<int64_t> IntegerValue(\n                                        ^~~~~~~~~~~~\n/root/.cache/node-gyp/12.22.12/include/node/v8.h:2705:40: note:   candidate expects 1 argument, 0 provided\n\u001b[0m\u001b[91m../src/addon.cc: In static member function 'static Nan::NAN_METHOD_RETURN_TYPE KeccakWrapper::Copy(Nan::NAN_METHOD_ARGS_TYPE)':\n../src/addon.cc:75:82: error: no matching function for call to 'v8::Value::ToObject()'\n     KeccakWrapper* to = Nan::ObjectWrap::Unwrap<KeccakWrapper>(info[0]->ToObject());\n                                                                                  ^\nIn file included from /root/.cache/node-gyp/12.22.12/include/node/node.h:67:0,\n                 from ../src/addon.cc:1:\n/root/.cache/node-gyp/12.22.12/include/node/v8.h:2672:44: note: candidate: v8::MaybeLocal<v8::Object> v8::Value::ToObject(v8::Local<v8::Context>) const\n   V8_WARN_UNUSED_RESULT MaybeLocal<Object> ToObject(\n                                            ^~~~~~~~\n/root/.cache/node-gyp/12.22.12/include/node/v8.h:2672:44: note:   candidate expects 1 argument, 0 provided\n\u001b[0m\u001b[91mIn file included from /root/.cache/node-gyp/12.22.12/include/node/v8-internal.h:14:0,\n                 from /root/.cache/node-gyp/12.22.12/include/node/v8.h:27,\n                 from /root/.cache/node-gyp/12.22.12/include/node/node.h:67,\n                 from ../src/addon.cc:1:\n/root/.cache/node-gyp/12.22.12/include/node/v8.h:2686:31: note: candidate: v8::Local<v8::Object> v8::Value::ToObject(v8::Isolate*) const\n                 Local<Object> ToObject(Isolate* isolate) const);\n                               ^\n/root/.cache/node-gyp/12.22.12/include/node/v8config.h:328:3: note: in definition of macro 'V8_DEPRECATED'\n   declarator __attribute__((deprecated(message)))\n   ^~~~~~~~~~\n/root/.cache/node-gyp/12.22.12/include/node/v8.h:2686:31: note:   candidate expects 1 argument, 0 provided\n                 Local<Object> ToObject(Isolate* isolate) const);\n                               ^\n/root/.cache/node-gyp/12.22.12/include/node/v8config.h:328:3: note: in definition of macro 'V8_DEPRECATED'\n   declarator __attribute__((deprecated(message)))\n   ^~~~~~~~~~\n\u001b[0mkeccak.target.mk:129: recipe for target 'Release/obj.target/keccak/src/addon.o' failed\nmake: Leaving directory '/app/node_modules/@portis/web3/node_modules/keccak/build'\n\u001b[91mmake: *** [Release/obj.target/keccak/src/addon.o] Error 1\n\u001b[0m\u001b[91mgyp\u001b[0m\u001b[91m ERR! build error\u001b[0m\u001b[91m \n\u001b[0m\u001b[91mgyp ERR!\u001b[0m\u001b[91m stack\u001b[0m\u001b[91m Error: `make` failed with exit code: 2\ngyp ERR!\u001b[0m\u001b[91m \u001b[0m\u001b[91mstack\u001b[0m\u001b[91m     at ChildProcess.onExit (/usr/local/lib/node_modules/npm/node_modules/node-gyp/lib/build.js:194:23)\ngyp\u001b[0m\u001b[91m ERR!\u001b[0m\u001b[91m \u001b[0m\u001b[91mstack     at ChildProcess.emit (events.js:314:20)\ngyp ERR!\u001b[0m\u001b[91m stack     at Process.ChildProcess._handle.onexit (internal/child_process.js:276:12)\n\u001b[0m\u001b[91mgyp ERR! \u001b[0m\u001b[91mSystem\u001b[0m\u001b[91m Linux 5.4.0-113-generic\n\u001b[0m\u001b[91mgyp ERR! command\u001b[0m\u001b[91m \"/usr/local/bin/node\" \"/usr/local/lib/node_modules/npm/node_modules/node-gyp/bin/node-gyp.js\" \"rebuild\"\n\u001b[0m\u001b[91mgyp ERR!\u001b[0m\u001b[91m cwd\u001b[0m\u001b[91m /app/node_modules/@portis/web3/node_modules/keccak\ngyp \u001b[0m\u001b[91mERR! node -v v12.22.12\n\u001b[0m\u001b[91mgyp ERR! node-gyp -v\u001b[0m\u001b[91m v5.1.0\n\u001b[0m\u001b[91mgyp \u001b[0m\u001b[91mERR! not ok\u001b[0m\u001b[91m \n\u001b[0m\u001b[91mnpm ERR! \u001b[0m\u001b[91mcode ELIFECYCLE\n\u001b[0m\u001b[91mnpm\u001b[0m\u001b[91m \u001b[0m\u001b[91mERR!\u001b[0m\u001b[91m \u001b[0m\u001b[91merrno\u001b[0m\u001b[91m 1\n\u001b[0m\u001b[91mnpm ERR! keccak@1.4.0 rebuild: `node-gyp rebuild`\nnpm\u001b[0m\u001b[91m ERR! Exit status 1\n\u001b[0m\u001b[91mnpm ERR!\u001b[0m\u001b[91m \nnpm ERR!\u001b[0m\u001b[91m Failed at the keccak@1.4.0 rebuild script.\nnpm ERR!\u001b[0m\u001b[91m This is probably not a problem with npm. There is likely additional logging output above.\n\u001b[0m\u001b[91mnpm WARN Local package.json exists, but node_modules missing, did you mean to install?\n\u001b[0m\u001b[91m\nnpm\u001b[0m\u001b[91m ERR!\u001b[0m\u001b[91m A complete log of this run can be found in:\n\u001b[0m\u001b[91mnpm ERR!\u001b[0m\u001b[91m     /root/.npm/_logs/2022-12-25T21_54_53_857Z-debug.log\n\u001b[0mKeccak bindings compilation fail. Pure JS implementation will be used.\n\n> keccak@1.4.0 install /app/node_modules/eip55/node_modules/keccak\n> npm run rebuild || echo \"Keccak bindings compilation fail. Pure JS implementation will be used.\"\n\n\n> keccak@1.4.0 rebuild /app/node_modules/eip55/node_modules/keccak\n> node-gyp rebuild\n\nmake: Entering directory '/app/node_modules/eip55/node_modules/keccak/build'\n  CXX(target) Release/obj.target/keccak/src/addon.o\n\u001b[91m../src/addon.cc: In static member function 'static Nan::NAN_METHOD_RETURN_TYPE KeccakWrapper::Initialize(Nan::NAN_METHOD_ARGS_TYPE)':\n../src/addon.cc:37:47: error: no matching function for call to 'v8::Value::IntegerValue()'\n     unsigned int rate = info[0]->IntegerValue();\n                                               ^\nIn file included from /root/.cache/node-gyp/12.22.12/include/node/node.h:67:0,\n                 from ../src/addon.cc:1:\n/root/.cache/node-gyp/12.22.12/include/node/v8.h:2705:40: note: candidate: v8::Maybe<long int> v8::Value::IntegerValue(v8::Local<v8::Context>) const\n   V8_WARN_UNUSED_RESULT Maybe<int64_t> IntegerValue(\n                                        ^~~~~~~~~~~~\n/root/.cache/node-gyp/12.22.12/include/node/v8.h:2705:40: note:   candidate expects 1 argument, 0 provided\n../src/addon.cc:38:51: error: no matching function for call to 'v8::Value::IntegerValue()'\n     unsigned int capacity = info[1]->IntegerValue();\n                                                   ^\nIn file included from /root/.cache/node-gyp/12.22.12/include/node/node.h:67:0,\n                 from ../src/addon.cc:1:\n/root/.cache/node-gyp/12.22.12/include/node/v8.h:2705:40: note: candidate: v8::Maybe<long int> v8::Value::IntegerValue(v8::Local<v8::Context>) const\n   V8_WARN_UNUSED_RESULT Maybe<int64_t> IntegerValue(\n                                        ^~~~~~~~~~~~\n/root/.cache/node-gyp/12.22.12/include/node/v8.h:2705:40: note:   candidate expects 1 argument, 0 provided\n\u001b[0m\u001b[91m../src/addon.cc: In static member function 'static Nan::NAN_METHOD_RETURN_TYPE KeccakWrapper::AbsorbLastFewBits(Nan::NAN_METHOD_ARGS_TYPE)':\n../src/addon.cc:56:48: error: no matching function for call to 'v8::Value::IntegerValue()'\n     unsigned char bits = info[0]->IntegerValue();\n                                                ^\nIn file included from /root/.cache/node-gyp/12.22.12/include/node/node.h:67:0,\n                 from ../src/addon.cc:1:\n/root/.cache/node-gyp/12.22.12/include/node/v8.h:2705:40: note: candidate: v8::Maybe<long int> v8::Value::IntegerValue(v8::Local<v8::Context>) const\n   V8_WARN_UNUSED_RESULT Maybe<int64_t> IntegerValue(\n                                        ^~~~~~~~~~~~\n/root/.cache/node-gyp/12.22.12/include/node/v8.h:2705:40: note:   candidate expects 1 argument, 0 provided\n\u001b[0m\u001b[91m../src/addon.cc: In static member function 'static Nan::NAN_METHOD_RETURN_TYPE KeccakWrapper::Squeeze(Nan::NAN_METHOD_ARGS_TYPE)':\n../src/addon.cc:64:43: error: no matching function for call to 'v8::Value::IntegerValue()'\n     size_t length = info[0]->IntegerValue();\n                                           ^\nIn file included from /root/.cache/node-gyp/12.22.12/include/node/node.h:67:0,\n                 from ../src/addon.cc:1:\n/root/.cache/node-gyp/12.22.12/include/node/v8.h:2705:40: note: candidate: v8::Maybe<long int> v8::Value::IntegerValue(v8::Local<v8::Context>) const\n   V8_WARN_UNUSED_RESULT Maybe<int64_t> IntegerValue(\n                                        ^~~~~~~~~~~~\n/root/.cache/node-gyp/12.22.12/include/node/v8.h:2705:40: note:   candidate expects 1 argument, 0 provided\n\u001b[0m\u001b[91m../src/addon.cc: In static member function 'static Nan::NAN_METHOD_RETURN_TYPE KeccakWrapper::Copy(Nan::NAN_METHOD_ARGS_TYPE)':\n../src/addon.cc:75:82: error: no matching function for call to 'v8::Value::ToObject()'\n     KeccakWrapper* to = Nan::ObjectWrap::Unwrap<KeccakWrapper>(info[0]->ToObject());\n                                                                                  ^\nIn file included from /root/.cache/node-gyp/12.22.12/include/node/node.h:67:0,\n                 from ../src/addon.cc:1:\n/root/.cache/node-gyp/12.22.12/include/node/v8.h:2672:44: note: candidate: v8::MaybeLocal<v8::Object> v8::Value::ToObject(v8::Local<v8::Context>) const\n   V8_WARN_UNUSED_RESULT MaybeLocal<Object> ToObject(\n                                            ^~~~~~~~\n/root/.cache/node-gyp/12.22.12/include/node/v8.h:2672:44: note:   candidate expects 1 argument, 0 provided\n\u001b[0m\u001b[91mIn file included from /root/.cache/node-gyp/12.22.12/include/node/v8-internal.h:14:0,\n                 from /root/.cache/node-gyp/12.22.12/include/node/v8.h:27,\n                 from /root/.cache/node-gyp/12.22.12/include/node/node.h:67,\n                 from ../src/addon.cc:1:\n/root/.cache/node-gyp/12.22.12/include/node/v8.h:2686:31: note: candidate: v8::Local<v8::Object> v8::Value::ToObject(v8::Isolate*) const\n                 Local<Object> ToObject(Isolate* isolate) const);\n                               ^\n/root/.cache/node-gyp/12.22.12/include/node/v8config.h:328:3: note: in definition of macro 'V8_DEPRECATED'\n   declarator __attribute__((deprecated(message)))\n   ^~~~~~~~~~\n/root/.cache/node-gyp/12.22.12/include/node/v8.h:2686:31: note:   candidate expects 1 argument, 0 provided\n                 Local<Object> ToObject(Isolate* isolate) const);\n                               ^\n/root/.cache/node-gyp/12.22.12/include/node/v8config.h:328:3: note: in definition of macro 'V8_DEPRECATED'\n   declarator __attribute__((deprecated(message)))\n   ^~~~~~~~~~\n\u001b[0mkeccak.target.mk:129: recipe for target 'Release/obj.target/keccak/src/addon.o' failed\nmake: Leaving directory '/app/node_modules/eip55/node_modules/keccak/build'\n\u001b[91mmake: *** [Release/obj.target/keccak/src/addon.o] Error 1\n\u001b[0m\u001b[91mgyp\u001b[0m\u001b[91m ERR!\u001b[0m\u001b[91m \u001b[0m\u001b[91mbuild error\u001b[0m\u001b[91m \n\u001b[0m\u001b[91mgyp \u001b[0m\u001b[91mERR! \u001b[0m\u001b[91mstack\u001b[0m\u001b[91m Error: `make` failed with exit code: 2\n\u001b[0m\u001b[91mgyp\u001b[0m\u001b[91m ERR!\u001b[0m\u001b[91m \u001b[0m\u001b[91mstack     at ChildProcess.onExit (/usr/local/lib/node_modules/npm/node_modules/node-gyp/lib/build.js:194:23)\ngyp \u001b[0m\u001b[91mERR!\u001b[0m\u001b[91m stack     at ChildProcess.emit (events.js:314:20)\n\u001b[0m\u001b[91mgyp\u001b[0m\u001b[91m \u001b[0m\u001b[91mERR!\u001b[0m\u001b[91m \u001b[0m\u001b[91mstack\u001b[0m\u001b[91m     at Process.ChildProcess._handle.onexit (internal/child_process.js:276:12)\n\u001b[0m\u001b[91mgyp\u001b[0m\u001b[91m ERR!\u001b[0m\u001b[91m \u001b[0m\u001b[91mSystem\u001b[0m\u001b[91m Linux 5.4.0-113-generic\n\u001b[0m\u001b[91mgyp\u001b[0m\u001b[91m ERR!\u001b[0m\u001b[91m \u001b[0m\u001b[91mcommand\u001b[0m\u001b[91m \"/usr/local/bin/node\" \"/usr/local/lib/node_modules/npm/node_modules/node-gyp/bin/node-gyp.js\" \"rebuild\"\n\u001b[0m\u001b[91mgyp\u001b[0m\u001b[91m \u001b[0m\u001b[91mERR!\u001b[0m\u001b[91m \u001b[0m\u001b[91mcwd\u001b[0m\u001b[91m /app/node_modules/eip55/node_modules/keccak\n\u001b[0m\u001b[91mgyp\u001b[0m\u001b[91m \u001b[0m\u001b[91mERR!\u001b[0m\u001b[91m \u001b[0m\u001b[91mnode -v\u001b[0m\u001b[91m v12.22.12\n\u001b[0m\u001b[91mgyp\u001b[0m\u001b[91m \u001b[0m\u001b[91mERR!\u001b[0m\u001b[91m \u001b[0m\u001b[91mnode-gyp -v\u001b[0m\u001b[91m v5.1.0\n\u001b[0m\u001b[91mgyp\u001b[0m\u001b[91m \u001b[0m\u001b[91mERR!\u001b[0m\u001b[91m \u001b[0m\u001b[91mnot ok \n\u001b[0m\u001b[91mnpm\u001b[0m\u001b[91m ERR! code ELIFECYCLE\n\u001b[0m\u001b[91mnpm ERR!\u001b[0m\u001b[91m errno\u001b[0m\u001b[91m 1\n\u001b[0m\u001b[91mnpm ERR!\u001b[0m\u001b[91m keccak@1.4.0 rebuild: `node-gyp rebuild`\nnpm\u001b[0m\u001b[91m \u001b[0m\u001b[91mERR! Exit status 1\nnpm\u001b[0m\u001b[91m ERR!\u001b[0m\u001b[91m \nnpm ERR!\u001b[0m\u001b[91m Failed at the keccak@1.4.0 rebuild script.\nnpm \u001b[0m\u001b[91mERR!\u001b[0m\u001b[91m This is probably not a problem with npm. There is likely additional logging output above.\n\u001b[0m\u001b[91mnpm WARN\u001b[0m\u001b[91m Local package.json exists, but node_modules missing, did you mean to install?\n\u001b[0m\u001b[91m\n\u001b[0m\u001b[91mnpm\u001b[0m\u001b[91m ERR!\u001b[0m\u001b[91m A complete log of this run can be found in:\nnpm \u001b[0m\u001b[91mERR!\u001b[0m\u001b[91m     /root/.npm/_logs/2022-12-25T21_54_55_123Z-debug.log\n\u001b[0mKeccak bindings compilation fail. Pure JS implementation will be used.\n\n> secp256k1@4.0.2 install /app/node_modules/secp256k1\n> node-gyp-build || exit 0\n\n\n> utf-8-validate@5.0.5 install /app/node_modules/utf-8-validate\n> node-gyp-build\n\n\n> keccak@3.0.2 install /app/node_modules/hardhat/node_modules/keccak\n> node-gyp-build || exit 0\n\n\n> secp256k1@3.8.0 install /app/node_modules/@portis/web3/node_modules/secp256k1\n> npm run rebuild || echo \"Secp256k1 bindings compilation fail. Pure JS implementation will be used.\"\n\n\n> secp256k1@3.8.0 rebuild /app/node_modules/@portis/web3/node_modules/secp256k1\n> node-gyp rebuild\n\nmake: Entering directory '/app/node_modules/@portis/web3/node_modules/secp256k1/build'\n  CXX(target) Release/obj.target/secp256k1/src/addon.o\n  CXX(target) Release/obj.target/secp256k1/src/privatekey.o\n\u001b[91m../src/privatekey.cc: In function 'Nan::NAN_METHOD_RETURN_TYPE privateKeyNegate(Nan::NAN_METHOD_ARGS_TYPE)':\n../src/privatekey.cc:73:61: warning: ignoring return value of 'int secp256k1_ec_privkey_negate(const secp256k1_context*, unsigned char*)', declared with attribute warn_unused_result [-Wunused-result]\n   secp256k1_ec_privkey_negate(secp256k1ctx, &private_key[0]);\n                                                             ^\n\u001b[0m  CXX(target) Release/obj.target/secp256k1/src/publickey.o\n  CXX(target) Release/obj.target/secp256k1/src/signature.o\n  CXX(target) Release/obj.target/secp256k1/src/ecdsa.o\n  CXX(target) Release/obj.target/secp256k1/src/ecdh.o\n  CC(target) Release/obj.target/secp256k1/src/secp256k1-src/src/secp256k1.o\n  CC(target) Release/obj.target/secp256k1/src/secp256k1-src/contrib/lax_der_parsing.o\n  CC(target) Release/obj.target/secp256k1/src/secp256k1-src/contrib/lax_der_privatekey_parsing.o\n  SOLINK_MODULE(target) Release/obj.target/secp256k1.node\n  COPY Release/secp256k1.node\nmake: Leaving directory '/app/node_modules/@portis/web3/node_modules/secp256k1/build'\n\n> secp256k1@3.8.0 install /app/node_modules/@toruslabs/eccrypto/node_modules/secp256k1\n> npm run rebuild || echo \"Secp256k1 bindings compilation fail. Pure JS implementation will be used.\"\n\n\n> secp256k1@3.8.0 rebuild /app/node_modules/@toruslabs/eccrypto/node_modules/secp256k1\n> node-gyp rebuild\n\nmake: Entering directory '/app/node_modules/@toruslabs/eccrypto/node_modules/secp256k1/build'\n  CXX(target) Release/obj.target/secp256k1/src/addon.o\n  CXX(target) Release/obj.target/secp256k1/src/privatekey.o\n\u001b[91m../src/privatekey.cc: In function 'Nan::NAN_METHOD_RETURN_TYPE privateKeyNegate(Nan::NAN_METHOD_ARGS_TYPE)':\n../src/privatekey.cc:73:61: warning: ignoring return value of 'int secp256k1_ec_privkey_negate(const secp256k1_context*, unsigned char*)', declared with attribute warn_unused_result [-Wunused-result]\n   secp256k1_ec_privkey_negate(secp256k1ctx, &private_key[0]);\n                                                             ^\n\u001b[0m  CXX(target) Release/obj.target/secp256k1/src/publickey.o\n  CXX(target) Release/obj.target/secp256k1/src/signature.o\n  CXX(target) Release/obj.target/secp256k1/src/ecdsa.o\n  CXX(target) Release/obj.target/secp256k1/src/ecdh.o\n  CC(target) Release/obj.target/secp256k1/src/secp256k1-src/src/secp256k1.o\n  CC(target) Release/obj.target/secp256k1/src/secp256k1-src/contrib/lax_der_parsing.o\n  CC(target) Release/obj.target/secp256k1/src/secp256k1-src/contrib/lax_der_privatekey_parsing.o\n  SOLINK_MODULE(target) Release/obj.target/secp256k1.node\n  COPY Release/secp256k1.node\nmake: Leaving directory '/app/node_modules/@toruslabs/eccrypto/node_modules/secp256k1/build'\n\n> @toruslabs/eccrypto@1.1.7 install /app/node_modules/@toruslabs/eccrypto\n> node-gyp rebuild || exit 0\n\nmake: Entering directory '/app/node_modules/@toruslabs/eccrypto/build'\n  CXX(target) Release/obj.target/ecdh/ecdh.o\n  SOLINK_MODULE(target) Release/obj.target/ecdh.node\n  COPY Release/ecdh.node\nmake: Leaving directory '/app/node_modules/@toruslabs/eccrypto/build'\n\n> secp256k1@3.8.0 install /app/node_modules/ethereum-private-key-to-public-key/node_modules/secp256k1\n> npm run rebuild || echo \"Secp256k1 bindings compilation fail. Pure JS implementation will be used.\"\n\n\n> secp256k1@3.8.0 rebuild /app/node_modules/ethereum-private-key-to-public-key/node_modules/secp256k1\n> node-gyp rebuild\n\nmake: Entering directory '/app/node_modules/ethereum-private-key-to-public-key/node_modules/secp256k1/build'\n  CXX(target) Release/obj.target/secp256k1/src/addon.o\n  CXX(target) Release/obj.target/secp256k1/src/privatekey.o\n\u001b[91m../src/privatekey.cc: In function 'Nan::NAN_METHOD_RETURN_TYPE privateKeyNegate(Nan::NAN_METHOD_ARGS_TYPE)':\n../src/privatekey.cc:73:61: warning: ignoring return value of 'int secp256k1_ec_privkey_negate(const secp256k1_context*, unsigned char*)', declared with attribute warn_unused_result [-Wunused-result]\n   secp256k1_ec_privkey_negate(secp256k1ctx, &private_key[0]);\n                                                             ^\n\u001b[0m  CXX(target) Release/obj.target/secp256k1/src/publickey.o\n  CXX(target) Release/obj.target/secp256k1/src/signature.o\n  CXX(target) Release/obj.target/secp256k1/src/ecdsa.o\n  CXX(target) Release/obj.target/secp256k1/src/ecdh.o\n  CC(target) Release/obj.target/secp256k1/src/secp256k1-src/src/secp256k1.o\n  CC(target) Release/obj.target/secp256k1/src/secp256k1-src/contrib/lax_der_parsing.o\n  CC(target) Release/obj.target/secp256k1/src/secp256k1-src/contrib/lax_der_privatekey_parsing.o\n  SOLINK_MODULE(target) Release/obj.target/secp256k1.node\n  COPY Release/secp256k1.node\nmake: Leaving directory '/app/node_modules/ethereum-private-key-to-public-key/node_modules/secp256k1/build'\n\n> secp256k1@3.8.0 install /app/node_modules/ethereum-public-key-to-address/node_modules/secp256k1\n> npm run rebuild || echo \"Secp256k1 bindings compilation fail. Pure JS implementation will be used.\"\n\n\n> secp256k1@3.8.0 rebuild /app/node_modules/ethereum-public-key-to-address/node_modules/secp256k1\n> node-gyp rebuild\n\nmake: Entering directory '/app/node_modules/ethereum-public-key-to-address/node_modules/secp256k1/build'\n  CXX(target) Release/obj.target/secp256k1/src/addon.o\n  CXX(target) Release/obj.target/secp256k1/src/privatekey.o\n\u001b[91m../src/privatekey.cc: In function 'Nan::NAN_METHOD_RETURN_TYPE privateKeyNegate(Nan::NAN_METHOD_ARGS_TYPE)':\n../src/privatekey.cc:73:61: warning: ignoring return value of 'int secp256k1_ec_privkey_negate(const secp256k1_context*, unsigned char*)', declared with attribute warn_unused_result [-Wunused-result]\n   secp256k1_ec_privkey_negate(secp256k1ctx, &private_key[0]);\n                                                             ^\n\u001b[0m  CXX(target) Release/obj.target/secp256k1/src/publickey.o\n  CXX(target) Release/obj.target/secp256k1/src/signature.o\n  CXX(target) Release/obj.target/secp256k1/src/ecdsa.o\n  CXX(target) Release/obj.target/secp256k1/src/ecdh.o\n  CC(target) Release/obj.target/secp256k1/src/secp256k1-src/src/secp256k1.o\n  CC(target) Release/obj.target/secp256k1/src/secp256k1-src/contrib/lax_der_parsing.o\n  CC(target) Release/obj.target/secp256k1/src/secp256k1-src/contrib/lax_der_privatekey_parsing.o\n  SOLINK_MODULE(target) Release/obj.target/secp256k1.node\n  COPY Release/secp256k1.node\nmake: Leaving directory '/app/node_modules/ethereum-public-key-to-address/node_modules/secp256k1/build'\n\n> tiny-secp256k1@1.1.6 install /app/node_modules/tiny-secp256k1\n> npm run build || echo \"secp256k1 bindings compilation fail. Pure JS implementation will be used.\"\n\n\n> tiny-secp256k1@1.1.6 build /app/node_modules/tiny-secp256k1\n> node-gyp rebuild\n\nmake: Entering directory '/app/node_modules/tiny-secp256k1/build'\n  CXX(target) Release/obj.target/secp256k1/native/addon.o\n\u001b[91m../native/addon.cpp: In instantiation of 'unsigned int {anonymous}::assumeCompression(const I&, const A&) [with long unsigned int index = 2ul; I = Nan::FunctionCallbackInfo<v8::Value>; A = v8::Local<v8::Object>]':\n../native/addon.cpp:151:50:   required from here\n../native/addon.cpp:80:21: warning: comparison between signed and unsigned integer expressions [-Wsign-compare]\n   if (info.Length() <= index || info[index]->IsUndefined()) {\n                      \n\u001b[0m\u001b[91m../native/addon.cpp: In instantiation of 'unsigned int {anonymous}::assumeCompression(const I&, const A&) [with long unsigned int index = 1ul; I = Nan::FunctionCallbackInfo<v8::Value>; A = v8::Local<v8::Object>]':\n../native/addon.cpp:183:49:   required from here\n../native/addon.cpp:80:21: warning: comparison between signed and unsigned integer expressions [-Wsign-compare]\n\u001b[0m\u001b[91m../native/addon.cpp: In instantiation of 'unsigned int {anonymous}::assumeCompression(const I&) [with long unsigned int index = 1ul; I = Nan::FunctionCallbackInfo<v8::Value>]':\n../native/addon.cpp:198:46:   required from here\n../native/addon.cpp:92:21: warning: comparison between signed and unsigned integer expressions [-Wsign-compare]\n   if (info.Length() <= index) return SECP256K1_EC_COMPRESSED;\n                      \n\u001b[0m\u001b[91m../native/addon.cpp: In function 'Nan::NAN_METHOD_RETURN_TYPE eccPrivateSub(Nan::NAN_METHOD_ARGS_TYPE)':\n../native/addon.cpp:249:53: warning: ignoring return value of 'int secp256k1_ec_privkey_negate(const secp256k1_context*, unsigned char*)', declared with attribute warn_unused_result [-Wunused-result]\n  secp256k1_ec_privkey_negate(context, tweak_negated); // returns 1 always\n                                                     ^\n\u001b[0m  CC(target) Release/obj.target/secp256k1/native/secp256k1/src/secp256k1.o\n\u001b[91mIn file included from ../native/secp256k1/src/assumptions.h:12:0,\n                 from ../native/secp256k1/src/secp256k1.c:10:\n../native/secp256k1/src/secp256k1.c: In function 'secp256k1_context_preallocated_clone':\n\u001b[0m\u001b[91m../native/secp256k1/src/secp256k1.c:30:16: warning: nonnull argument 'prealloc' compared to NULL [-Wnonnull-compare]\n     if (EXPECT(!(cond), 0)) { \\\n                 \n../native/secp256k1/src/util.h:41:39: note: in definition of macro 'EXPECT'\n #define EXPECT(x,c) __builtin_expect((x),(c))\n                                       ^\n../native/secp256k1/src/secp256k1.c:168:5: note: in expansion of macro 'ARG_CHECK'\n     ARG_CHECK(prealloc != NULL);\n     ^~~~~~~~~\n\u001b[0m\u001b[91m../native/secp256k1/src/secp256k1.c: In function 'secp256k1_ec_pubkey_parse':\n../native/secp256k1/src/secp256k1.c:30:16: warning: nonnull argument 'pubkey' compared to NULL [-Wnonnull-compare]\n     if (EXPECT(!(cond), 0)) { \\\n                 \n../native/secp256k1/src/util.h:41:39: note: in definition of macro 'EXPECT'\n #define EXPECT(x,c) __builtin_expect((x),(c))\n                                       ^\n../native/secp256k1/src/secp256k1.c:283:5: note: in expansion of macro 'ARG_CHECK'\n     ARG_CHECK(pubkey != NULL);\n     ^~~~~~~~~\n\u001b[0m\u001b[91m../native/secp256k1/src/secp256k1.c:30:16: warning: nonnull argument 'input' compared to NULL [-Wnonnull-compare]\n     if (EXPECT(!(cond), 0)) { \\\n                 \n../native/secp256k1/src/util.h:41:39: note: in definition of macro 'EXPECT'\n #define EXPECT(x,c) __builtin_expect((x),(c))\n                                       ^\n../native/secp256k1/src/secp256k1.c:285:5: note: in expansion of macro 'ARG_CHECK'\n     ARG_CHECK(input != NULL);\n     ^~~~~~~~~\n\u001b[0m\u001b[91m../native/secp256k1/src/secp256k1.c: In function 'secp256k1_ec_pubkey_serialize':\n../native/secp256k1/src/secp256k1.c:30:16: warning: nonnull argument 'output' compared to NULL [-Wnonnull-compare]\n     if (EXPECT(!(cond), 0)) { \\\n                 \n../native/secp256k1/src/util.h:41:39: note: in definition of macro 'EXPECT'\n #define EXPECT(x,c) __builtin_expect((x),(c))\n                                       ^\n../native/secp256k1/src/secp256k1.c:307:5: note: in expansion of macro 'ARG_CHECK'\n     ARG_CHECK(output != NULL);\n     ^~~~~~~~~\n\u001b[0m\u001b[91m../native/secp256k1/src/secp256k1.c:30:16: warning: nonnull argument 'outputlen' compared to NULL [-Wnonnull-compare]\n     if (EXPECT(!(cond), 0)) { \\\n                 \n../native/secp256k1/src/util.h:41:39: note: in definition of macro 'EXPECT'\n #define EXPECT(x,c) __builtin_expect((x),(c))\n                                       ^\n../native/secp256k1/src/secp256k1.c:303:5: note: in expansion of macro 'ARG_CHECK'\n     ARG_CHECK(outputlen != NULL);\n     ^~~~~~~~~\n../native/secp256k1/src/secp256k1.c:30:16: warning: nonnull argument 'pubkey' compared to NULL [-Wnonnull-compare]\n     if (EXPECT(!(cond), 0)) { \\\n                 \n../native/secp256k1/src/util.h:41:39: note: in definition of macro 'EXPECT'\n #define EXPECT(x,c) __builtin_expect((x),(c))\n                                       ^\n../native/secp256k1/src/secp256k1.c:309:5: note: in expansion of macro 'ARG_CHECK'\n     ARG_CHECK(pubkey != NULL);\n     ^~~~~~~~~\n\u001b[0m\u001b[91m../native/secp256k1/src/secp256k1.c: In function 'secp256k1_ecdsa_signature_parse_der':\n../native/secp256k1/src/secp256k1.c:30:16: warning: nonnull argument 'sig' compared to NULL [-Wnonnull-compare]\n     if (EXPECT(!(cond), 0)) { \\\n                 \n../native/secp256k1/src/util.h:41:39: note: in definition of macro 'EXPECT'\n #define EXPECT(x,c) __builtin_expect((x),(c))\n                                       ^\n../native/secp256k1/src/secp256k1.c:348:5: note: in expansion of macro 'ARG_CHECK'\n     ARG_CHECK(sig != NULL);\n     ^~~~~~~~~\n\u001b[0m\u001b[91m../native/secp256k1/src/secp256k1.c:30:16: warning: nonnull argument 'input' compared to NULL [-Wnonnull-compare]\n     if (EXPECT(!(cond), 0)) { \\\n                 \n../native/secp256k1/src/util.h:41:39: note: in definition of macro 'EXPECT'\n #define EXPECT(x,c) __builtin_expect((x),(c))\n                                       ^\n../native/secp256k1/src/secp256k1.c:349:5: note: in expansion of macro 'ARG_CHECK'\n     ARG_CHECK(input != NULL);\n     ^~~~~~~~~\n\u001b[0m\u001b[91m../native/secp256k1/src/secp256k1.c: In function 'secp256k1_ecdsa_signature_parse_compact':\n\u001b[0m\u001b[91m../native/secp256k1/src/secp256k1.c:30:16: warning: nonnull argument 'sig' compared to NULL [-Wnonnull-compare]\n     if (EXPECT(!(cond), 0)) { \\\n                 \n../native/secp256k1/src/util.h:41:39: note: in definition of macro 'EXPECT'\n #define EXPECT(x,c) __builtin_expect((x),(c))\n                                       ^\n../native/secp256k1/src/secp256k1.c:366:5: note: in expansion of macro 'ARG_CHECK'\n     ARG_CHECK(sig != NULL);\n     ^~~~~~~~~\n\u001b[0m\u001b[91m../native/secp256k1/src/secp256k1.c:30:16: warning: nonnull argument 'input64' compared to NULL [-Wnonnull-compare]\n     if (EXPECT(!(cond), 0)) { \\\n                 \n../native/secp256k1/src/util.h:41:39: note: in definition of macro 'EXPECT'\n #define EXPECT(x,c) __builtin_expect((x),(c))\n                                       ^\n../native/secp256k1/src/secp256k1.c:367:5: note: in expansion of macro 'ARG_CHECK'\n     ARG_CHECK(input64 != NULL);\n     ^~~~~~~~~\n../native/secp256k1/src/secp256k1.c: In function 'secp256k1_ecdsa_signature_serialize_der':\n\u001b[0m\u001b[91m../native/secp256k1/src/secp256k1.c:30:16: warning: nonnull argument 'output' compared to NULL [-Wnonnull-compare]\n     if (EXPECT(!(cond), 0)) { \\\n                 \n../native/secp256k1/src/util.h:41:39: note: in definition of macro 'EXPECT'\n #define EXPECT(x,c) __builtin_expect((x),(c))\n                                       ^\n../native/secp256k1/src/secp256k1.c:385:5: note: in expansion of macro 'ARG_CHECK'\n     ARG_CHECK(output != NULL);\n     ^~~~~~~~~\n\u001b[0m\u001b[91m../native/secp256k1/src/secp256k1.c:30:16: warning: nonnull argument 'outputlen' compared to NULL [-Wnonnull-compare]\n     if (EXPECT(!(cond), 0)) { \\\n                 \n../native/secp256k1/src/util.h:41:39: note: in definition of macro 'EXPECT'\n #define EXPECT(x,c) __builtin_expect((x),(c))\n                                       ^\n../native/secp256k1/src/secp256k1.c:386:5: note: in expansion of macro 'ARG_CHECK'\n     ARG_CHECK(outputlen != NULL);\n     ^~~~~~~~~\n../native/secp256k1/src/secp256k1.c:30:16: warning: nonnull argument 'sig' compared to NULL [-Wnonnull-compare]\n     if (EXPECT(!(cond), 0)) { \\\n                 \n../native/secp256k1/src/util.h:41:39: note: in definition of macro 'EXPECT'\n #define EXPECT(x,c) __builtin_expect((x),(c))\n                                       ^\n../native/secp256k1/src/secp256k1.c:387:5: note: in expansion of macro 'ARG_CHECK'\n     ARG_CHECK(sig != NULL);\n     ^~~~~~~~~\n\u001b[0m\u001b[91m../native/secp256k1/src/secp256k1.c: In function 'secp256k1_ecdsa_signature_serialize_compact':\n../native/secp256k1/src/secp256k1.c:30:16: warning: nonnull argument 'output64' compared to NULL [-Wnonnull-compare]\n     if (EXPECT(!(cond), 0)) { \\\n                 \n../native/secp256k1/src/util.h:41:39: note: in definition of macro 'EXPECT'\n #define EXPECT(x,c) __builtin_expect((x),(c))\n                                       ^\n../native/secp256k1/src/secp256k1.c:397:5: note: in expansion of macro 'ARG_CHECK'\n     ARG_CHECK(output64 != NULL);\n     ^~~~~~~~~\n\u001b[0m\u001b[91m../native/secp256k1/src/secp256k1.c:30:16: warning: nonnull argument 'sig' compared to NULL [-Wnonnull-compare]\n     if (EXPECT(!(cond), 0)) { \\\n                 \n../native/secp256k1/src/util.h:41:39: note: in definition of macro 'EXPECT'\n #define EXPECT(x,c) __builtin_expect((x),(c))\n                                       ^\n../native/secp256k1/src/secp256k1.c:398:5: note: in expansion of macro 'ARG_CHECK'\n     ARG_CHECK(sig != NULL);\n     ^~~~~~~~~\n\u001b[0m\u001b[91m../native/secp256k1/src/secp256k1.c: In function 'secp256k1_ecdsa_signature_normalize':\n../native/secp256k1/src/secp256k1.c:30:16: warning: nonnull argument 'sigin' compared to NULL [-Wnonnull-compare]\n     if (EXPECT(!(cond), 0)) { \\\n                 \n../native/secp256k1/src/util.h:41:39: note: in definition of macro 'EXPECT'\n #define EXPECT(x,c) __builtin_expect((x),(c))\n                                       ^\n../native/secp256k1/src/secp256k1.c:411:5: note: in expansion of macro 'ARG_CHECK'\n     ARG_CHECK(sigin != NULL);\n     ^~~~~~~~~\n\u001b[0m\u001b[91m../native/secp256k1/src/secp256k1.c: In function 'secp256k1_ecdsa_verify':\n../native/secp256k1/src/secp256k1.c:30:16: warning: nonnull argument 'sig' compared to NULL [-Wnonnull-compare]\n     if (EXPECT(!(cond), 0)) { \\\n                 \n../native/secp256k1/src/util.h:41:39: note: in definition of macro 'EXPECT'\n #define EXPECT(x,c) __builtin_expect((x),(c))\n                                       ^\n../native/secp256k1/src/secp256k1.c:432:5: note: in expansion of macro 'ARG_CHECK'\n     ARG_CHECK(sig != NULL);\n     ^~~~~~~~~\n../native/secp256k1/src/secp256k1.c:30:16: warning: nonnull argument 'msg32' compared to NULL [-Wnonnull-compare]\n     if (EXPECT(!(cond), 0)) { \\\n                 \n../native/secp256k1/src/util.h:41:39: note: in definition of macro 'EXPECT'\n #define EXPECT(x,c) __builtin_expect((x),(c))\n                                       ^\n../native/secp256k1/src/secp256k1.c:431:5: note: in expansion of macro 'ARG_CHECK'\n     ARG_CHECK(msg32 != NULL);\n     ^~~~~~~~~\n\u001b[0m\u001b[91m../native/secp256k1/src/secp256k1.c:30:16: warning: nonnull argument 'pubkey' compared to NULL [-Wnonnull-compare]\n     if (EXPECT(!(cond), 0)) { \\\n                 \n../native/secp256k1/src/util.h:41:39: note: in definition of macro 'EXPECT'\n #define EXPECT(x,c) __builtin_expect((x),(c))\n                                       ^\n../native/secp256k1/src/secp256k1.c:433:5: note: in expansion of macro 'ARG_CHECK'\n     ARG_CHECK(pubkey != NULL);\n     ^~~~~~~~~\n\u001b[0m\u001b[91m../native/secp256k1/src/secp256k1.c: In function 'secp256k1_ecdsa_sign':\n\u001b[0m\u001b[91m../native/secp256k1/src/secp256k1.c:30:16: warning: nonnull argument 'signature' compared to NULL [-Wnonnull-compare]\n     if (EXPECT(!(cond), 0)) { \\\n                 \n../native/secp256k1/src/util.h:41:39: note: in definition of macro 'EXPECT'\n #define EXPECT(x,c) __builtin_expect((x),(c))\n                                       ^\n../native/secp256k1/src/secp256k1.c:542:5: note: in expansion of macro 'ARG_CHECK'\n     ARG_CHECK(signature != NULL);\n     ^~~~~~~~~\n../native/secp256k1/src/secp256k1.c:30:16: warning: nonnull argument 'msg32' compared to NULL [-Wnonnull-compare]\n     if (EXPECT(!(cond), 0)) { \\\n                 \n../native/secp256k1/src/util.h:41:39: note: in definition of macro 'EXPECT'\n #define EXPECT(x,c) __builtin_expect((x),(c))\n                                       ^\n../native/secp256k1/src/secp256k1.c:541:5: note: in expansion of macro 'ARG_CHECK'\n     ARG_CHECK(msg32 != NULL);\n     ^~~~~~~~~\n\u001b[0m\u001b[91m../native/secp256k1/src/secp256k1.c:30:16: warning: nonnull argument 'seckey' compared to NULL [-Wnonnull-compare]\n     if (EXPECT(!(cond), 0)) { \\\n                 \n../native/secp256k1/src/util.h:41:39: note: in definition of macro 'EXPECT'\n #define EXPECT(x,c) __builtin_expect((x),(c))\n                                       ^\n../native/secp256k1/src/secp256k1.c:543:5: note: in expansion of macro 'ARG_CHECK'\n     ARG_CHECK(seckey != NULL);\n     ^~~~~~~~~\n../native/secp256k1/src/secp256k1.c: In function 'secp256k1_ec_seckey_verify':\n\u001b[0m\u001b[91m../native/secp256k1/src/secp256k1.c:30:16: warning: nonnull argument 'seckey' compared to NULL [-Wnonnull-compare]\n     if (EXPECT(!(cond), 0)) { \\\n                 \n../native/secp256k1/src/util.h:41:39: note: in definition of macro 'EXPECT'\n #define EXPECT(x,c) __builtin_expect((x),(c))\n                                       ^\n../native/secp256k1/src/secp256k1.c:554:5: note: in expansion of macro 'ARG_CHECK'\n     ARG_CHECK(seckey != NULL);\n     ^~~~~~~~~\n\u001b[0m\u001b[91m../native/secp256k1/src/secp256k1.c: In function 'secp256k1_ec_pubkey_create':\n../native/secp256k1/src/secp256k1.c:30:16: warning: nonnull argument 'pubkey' compared to NULL [-Wnonnull-compare]\n     if (EXPECT(!(cond), 0)) { \\\n                 \n../native/secp256k1/src/util.h:41:39: note: in definition of macro 'EXPECT'\n #define EXPECT(x,c) __builtin_expect((x),(c))\n                                       ^\n../native/secp256k1/src/secp256k1.c:578:5: note: in expansion of macro 'ARG_CHECK'\n     ARG_CHECK(pubkey != NULL);\n     ^~~~~~~~~\n\u001b[0m\u001b[91m../native/secp256k1/src/secp256k1.c:30:16: warning: nonnull argument 'seckey' compared to NULL [-Wnonnull-compare]\n     if (EXPECT(!(cond), 0)) { \\\n                 \n../native/secp256k1/src/util.h:41:39: note: in definition of macro 'EXPECT'\n #define EXPECT(x,c) __builtin_expect((x),(c))\n                                       ^\n../native/secp256k1/src/secp256k1.c:581:5: note: in expansion of macro 'ARG_CHECK'\n     ARG_CHECK(seckey != NULL);\n     ^~~~~~~~~\n../native/secp256k1/src/secp256k1.c: In function 'secp256k1_ec_seckey_negate':\n../native/secp256k1/src/secp256k1.c:30:16: warning: nonnull argument 'seckey' compared to NULL [-Wnonnull-compare]\n     if (EXPECT(!(cond), 0)) { \\\n                 \n../native/secp256k1/src/util.h:41:39: note: in definition of macro 'EXPECT'\n #define EXPECT(x,c) __builtin_expect((x),(c))\n                                       ^\n../native/secp256k1/src/secp256k1.c:595:5: note: in expansion of macro 'ARG_CHECK'\n     ARG_CHECK(seckey != NULL);\n     ^~~~~~~~~\n\u001b[0m\u001b[91m../native/secp256k1/src/secp256k1.c: In function 'secp256k1_ec_pubkey_negate':\n\u001b[0m\u001b[91m../native/secp256k1/src/secp256k1.c:30:16: warning: nonnull argument 'pubkey' compared to NULL [-Wnonnull-compare]\n     if (EXPECT(!(cond), 0)) { \\\n                 \n../native/secp256k1/src/util.h:41:39: note: in definition of macro 'EXPECT'\n #define EXPECT(x,c) __builtin_expect((x),(c))\n                                       ^\n../native/secp256k1/src/secp256k1.c:614:5: note: in expansion of macro 'ARG_CHECK'\n     ARG_CHECK(pubkey != NULL);\n     ^~~~~~~~~\n\u001b[0m\u001b[91m../native/secp256k1/src/secp256k1.c: In function 'secp256k1_ec_seckey_tweak_add':\n../native/secp256k1/src/secp256k1.c:30:16: warning: nonnull argument 'seckey' compared to NULL [-Wnonnull-compare]\n     if (EXPECT(!(cond), 0)) { \\\n                 \n../native/secp256k1/src/util.h:41:39: note: in definition of macro 'EXPECT'\n #define EXPECT(x,c) __builtin_expect((x),(c))\n                                       ^\n../native/secp256k1/src/secp256k1.c:641:5: note: in expansion of macro 'ARG_CHECK'\n     ARG_CHECK(seckey != NULL);\n     ^~~~~~~~~\n\u001b[0m\u001b[91m../native/secp256k1/src/secp256k1.c:30:16: warning: nonnull argument 'tweak' compared to NULL [-Wnonnull-compare]\n     if (EXPECT(!(cond), 0)) { \\\n                 \n../native/secp256k1/src/util.h:41:39: note: in definition of macro 'EXPECT'\n #define EXPECT(x,c) __builtin_expect((x),(c))\n                                       ^\n../native/secp256k1/src/secp256k1.c:642:5: note: in expansion of macro 'ARG_CHECK'\n     ARG_CHECK(tweak != NULL);\n     ^~~~~~~~~\n\u001b[0m\u001b[91m../native/secp256k1/src/secp256k1.c: In function 'secp256k1_ec_pubkey_tweak_add':\n../native/secp256k1/src/secp256k1.c:30:16: warning: nonnull argument 'pubkey' compared to NULL [-Wnonnull-compare]\n     if (EXPECT(!(cond), 0)) { \\\n                 \n../native/secp256k1/src/util.h:41:39: note: in definition of macro 'EXPECT'\n #define EXPECT(x,c) __builtin_expect((x),(c))\n                                       ^\n../native/secp256k1/src/secp256k1.c:669:5: note: in expansion of macro 'ARG_CHECK'\n     ARG_CHECK(pubkey != NULL);\n     ^~~~~~~~~\n\u001b[0m\u001b[91m../native/secp256k1/src/secp256k1.c:30:16: warning: nonnull argument 'tweak' compared to NULL [-Wnonnull-compare]\n     if (EXPECT(!(cond), 0)) { \\\n                 \n../native/secp256k1/src/util.h:41:39: note: in definition of macro 'EXPECT'\n #define EXPECT(x,c) __builtin_expect((x),(c))\n                                       ^\n../native/secp256k1/src/secp256k1.c:670:5: note: in expansion of macro 'ARG_CHECK'\n     ARG_CHECK(tweak != NULL);\n     ^~~~~~~~~\n../native/secp256k1/src/secp256k1.c: In function 'secp256k1_ec_seckey_tweak_mul':\n\u001b[0m\u001b[91m../native/secp256k1/src/secp256k1.c:30:16: warning: nonnull argument 'seckey' compared to NULL [-Wnonnull-compare]\n     if (EXPECT(!(cond), 0)) { \\\n                 \n../native/secp256k1/src/util.h:41:39: note: in definition of macro 'EXPECT'\n #define EXPECT(x,c) __builtin_expect((x),(c))\n                                       ^\n../native/secp256k1/src/secp256k1.c:688:5: note: in expansion of macro 'ARG_CHECK'\n     ARG_CHECK(seckey != NULL);\n     ^~~~~~~~~\n../native/secp256k1/src/secp256k1.c:30:16: warning: nonnull argument 'tweak' compared to NULL [-Wnonnull-compare]\n     if (EXPECT(!(cond), 0)) { \\\n                 \n../native/secp256k1/src/util.h:41:39: note: in definition of macro 'EXPECT'\n #define EXPECT(x,c) __builtin_expect((x),(c))\n                                       ^\n../native/secp256k1/src/secp256k1.c:689:5: note: in expansion of macro 'ARG_CHECK'\n     ARG_CHECK(tweak != NULL);\n     ^~~~~~~~~\n\u001b[0m\u001b[91m../native/secp256k1/src/secp256k1.c: In function 'secp256k1_ec_pubkey_tweak_mul':\n../native/secp256k1/src/secp256k1.c:30:16: warning: nonnull argument 'pubkey' compared to NULL [-Wnonnull-compare]\n     if (EXPECT(!(cond), 0)) { \\\n                 \n../native/secp256k1/src/util.h:41:39: note: in definition of macro 'EXPECT'\n #define EXPECT(x,c) __builtin_expect((x),(c))\n                                       ^\n../native/secp256k1/src/secp256k1.c:713:5: note: in expansion of macro 'ARG_CHECK'\n     ARG_CHECK(pubkey != NULL);\n     ^~~~~~~~~\n\u001b[0m\u001b[91m../native/secp256k1/src/secp256k1.c:30:16: warning: nonnull argument 'tweak' compared to NULL [-Wnonnull-compare]\n     if (EXPECT(!(cond), 0)) { \\\n                 \n../native/secp256k1/src/util.h:41:39: note: in definition of macro 'EXPECT'\n #define EXPECT(x,c) __builtin_expect((x),(c))\n                                       ^\n../native/secp256k1/src/secp256k1.c:714:5: note: in expansion of macro 'ARG_CHECK'\n     ARG_CHECK(tweak != NULL);\n     ^~~~~~~~~\n\u001b[0m\u001b[91m../native/secp256k1/src/secp256k1.c: In function 'secp256k1_ec_pubkey_combine':\n\u001b[0m\u001b[91m../native/secp256k1/src/secp256k1.c:30:16: warning: nonnull argument 'pubnonce' compared to NULL [-Wnonnull-compare]\n     if (EXPECT(!(cond), 0)) { \\\n                 \n../native/secp256k1/src/util.h:41:39: note: in definition of macro 'EXPECT'\n #define EXPECT(x,c) __builtin_expect((x),(c))\n                                       ^\n../native/secp256k1/src/secp256k1.c:743:5: note: in expansion of macro 'ARG_CHECK'\n     ARG_CHECK(pubnonce != NULL);\n     ^~~~~~~~~\n\u001b[0m\u001b[91m../native/secp256k1/src/secp256k1.c:30:16: warning: nonnull argument 'pubnonces' compared to NULL [-Wnonnull-compare]\n     if (EXPECT(!(cond), 0)) { \\\n                 \n../native/secp256k1/src/util.h:41:39: note: in definition of macro 'EXPECT'\n #define EXPECT(x,c) __builtin_expect((x),(c))\n                                       ^\n../native/secp256k1/src/secp256k1.c:746:5: note: in expansion of macro 'ARG_CHECK'\n     ARG_CHECK(pubnonces != NULL);\n     ^~~~~~~~~\n\u001b[0m  SOLINK_MODULE(target) Release/obj.target/secp256k1.node\n  COPY Release/secp256k1.node\nmake: Leaving directory '/app/node_modules/tiny-secp256k1/build'\n\n> husky@4.3.8 install /app/node_modules/husky\n> node husky install\n\nhusky > Setting up git hooks\nHusky requires Git >=2.13.0. Got v2.11.0.\nhusky > Failed to install\n\n> node-sass@4.14.1 install /app/node_modules/node-sass\n> node scripts/install.js\n\nDownloading binary from https://github.com/sass/node-sass/releases/download/v4.14.1/linux-x64-72_binding.node\nDownload complete\nBinary saved to /app/node_modules/node-sass/vendor/linux-x64-72/binding.node\nCaching binary to /root/.npm/node-sass/4.14.1/linux-x64-72_binding.node\n\n> @fortawesome/fontawesome-common-types@0.2.35 postinstall /app/node_modules/@fortawesome/fontawesome-common-types\n> node attribution.js\n\nFont Awesome Free 0.2.35 by @fontawesome - https://fontawesome.com\nLicense - https://fontawesome.com/license/free (Icons: CC BY 4.0, Fonts: SIL OFL 1.1, Code: MIT License)\n\n\n> core-js@2.6.12 postinstall /app/node_modules/core-js\n> node -e \"try{require('./postinstall')}catch(e){}\"\n\n\u001b[96mThank you for using core-js (\u001b[94m https://github.com/zloirock/core-js \u001b[96m) for polyfilling JavaScript standard library!\u001b[0m\n\n\u001b[96mThe project needs your help! Please consider supporting of core-js on Open Collective or Patreon: \u001b[0m\n\u001b[96m>\u001b[94m https://opencollective.com/core-js \u001b[0m\n\u001b[96m>\u001b[94m https://www.patreon.com/zloirock \u001b[0m\n\n\u001b[96mAlso, the author of core-js (\u001b[94m https://github.com/zloirock \u001b[96m) is looking for a good job -)\u001b[0m\n\n\n> core-js-pure@3.15.2 postinstall /app/node_modules/core-js-pure\n> node -e \"try{require('./postinstall')}catch(e){}\"\n\n\u001b[96mThank you for using core-js (\u001b[94m https://github.com/zloirock/core-js \u001b[96m) for polyfilling JavaScript standard library!\u001b[0m\n\n\u001b[96mThe project needs your help! Please consider supporting of core-js on Open Collective or Patreon: \u001b[0m\n\u001b[96m>\u001b[94m https://opencollective.com/core-js \u001b[0m\n\u001b[96m>\u001b[94m https://www.patreon.com/zloirock \u001b[0m\n\n\u001b[96mAlso, the author of core-js (\u001b[94m https://github.com/zloirock \u001b[96m) is looking for a good job -)\u001b[0m\n\n\n> core-js@2.6.12 postinstall /app/node_modules/ganache-core/node_modules/core-js\n> node -e \"try{require('./postinstall')}catch(e){}\"\n\n\u001b[96mThank you for using core-js (\u001b[94m https://github.com/zloirock/core-js \u001b[96m) for polyfilling JavaScript standard library!\u001b[0m\n\n\u001b[96mThe project needs your help! Please consider supporting of core-js on Open Collective or Patreon: \u001b[0m\n\u001b[96m>\u001b[94m https://opencollective.com/core-js \u001b[0m\n\u001b[96m>\u001b[94m https://www.patreon.com/zloirock \u001b[0m\n\n\u001b[96mAlso, the author of core-js (\u001b[94m https://github.com/zloirock \u001b[96m) is looking for a good job -)\u001b[0m\n\n\n> core-js-pure@3.8.2 postinstall /app/node_modules/ganache-core/node_modules/core-js-pure\n> node -e \"try{require('./postinstall')}catch(e){}\"\n\n\u001b[96mThank you for using core-js (\u001b[94m https://github.com/zloirock/core-js \u001b[96m) for polyfilling JavaScript standard library!\u001b[0m\n\n\u001b[96mThe project needs your help! Please consider supporting of core-js on Open Collective or Patreon: \u001b[0m\n\u001b[96m>\u001b[94m https://opencollective.com/core-js \u001b[0m\n\u001b[96m>\u001b[94m https://www.patreon.com/zloirock \u001b[0m\n\n\u001b[96mAlso, the author of core-js (\u001b[94m https://github.com/zloirock \u001b[96m) is looking for a good job -)\u001b[0m\n\n\n> web3@1.2.11 postinstall /app/node_modules/ganache-core/node_modules/web3\n> node angular-patch.js\n\n\n> postinstall-postinstall@2.1.0 postinstall /app/node_modules/postinstall-postinstall\n> node ./run.js\n\n\n> core-js@3.15.2 postinstall /app/node_modules/react-app-polyfill/node_modules/core-js\n> node -e \"try{require('./postinstall')}catch(e){}\"\n\n\u001b[96mThank you for using core-js (\u001b[94m https://github.com/zloirock/core-js \u001b[96m) for polyfilling JavaScript standard library!\u001b[0m\n\n\u001b[96mThe project needs your help! Please consider supporting of core-js on Open Collective or Patreon: \u001b[0m\n\u001b[96m>\u001b[94m https://opencollective.com/core-js \u001b[0m\n\u001b[96m>\u001b[94m https://www.patreon.com/zloirock \u001b[0m\n\n\u001b[96mAlso, the author of core-js (\u001b[94m https://github.com/zloirock \u001b[96m) is looking for a good job -)\u001b[0m\n\n\n> styled-components@5.3.6 postinstall /app/node_modules/styled-components\n> node ./postinstall.js\n\n\n> web3-shh@1.8.1 postinstall /app/node_modules/web3-shh\n> echo \"WARNING: the web3-shh api will be deprecated in the next version\"\n\nWARNING: the web3-shh api will be deprecated in the next version\n\n> web3-bzz@1.8.1 postinstall /app/node_modules/web3-bzz\n> echo \"WARNING: the web3-bzz api will be deprecated in the next version\"\n\nWARNING: the web3-bzz api will be deprecated in the next version\n\n> web3@1.8.1 postinstall /app/node_modules/web3\n> echo \"Web3.js 4.x alpha has been released for early testing and feedback. Checkout doc at https://docs.web3js.org/ \"\n\nWeb3.js 4.x alpha has been released for early testing and feedback. Checkout doc at https://docs.web3js.org/ \n\n> @fortawesome/fontawesome-svg-core@1.2.35 postinstall /app/node_modules/@fortawesome/fontawesome-svg-core\n> node attribution.js\n\nFont Awesome Free 1.2.35 by @fontawesome - https://fontawesome.com\nLicense - https://fontawesome.com/license/free (Icons: CC BY 4.0, Fonts: SIL OFL 1.1, Code: MIT License)\n\n\n> @fortawesome/free-brands-svg-icons@5.15.3 postinstall /app/node_modules/@fortawesome/free-brands-svg-icons\n> node attribution.js\n\nFont Awesome Free 5.15.3 by @fontawesome - https://fontawesome.com\nLicense - https://fontawesome.com/license/free (Icons: CC BY 4.0, Fonts: SIL OFL 1.1, Code: MIT License)\n\n\n> @fortawesome/free-regular-svg-icons@5.15.3 postinstall /app/node_modules/@fortawesome/free-regular-svg-icons\n> node attribution.js\n\nFont Awesome Free 5.15.3 by @fontawesome - https://fontawesome.com\nLicense - https://fontawesome.com/license/free (Icons: CC BY 4.0, Fonts: SIL OFL 1.1, Code: MIT License)\n\n\n> @fortawesome/free-solid-svg-icons@5.15.3 postinstall /app/node_modules/@fortawesome/free-solid-svg-icons\n> node attribution.js\n\nFont Awesome Free 5.15.3 by @fontawesome - https://fontawesome.com\nLicense - https://fontawesome.com/license/free (Icons: CC BY 4.0, Fonts: SIL OFL 1.1, Code: MIT License)\n\n\n> husky@4.3.8 postinstall /app/node_modules/husky\n> opencollective-postinstall || exit 0\n\n\u001b[96m\u001b[1mThank you for using husky!\u001b[96m\u001b[1m\n\u001b[0m\u001b[96mIf you rely on this package, please consider supporting our open collective:\u001b[22m\u001b[39m\n> \u001b[94mhttps://opencollective.com/husky/donate\u001b[0m\n\n\n> node-sass@4.14.1 postinstall /app/node_modules/node-sass\n> node scripts/build.js\n\nBinary found at /app/node_modules/node-sass/vendor/linux-x64-72/binding.node\nTesting binary\nBinary is fine\n\u001b[91mnpm\u001b[0m\u001b[91m WARN\u001b[0m\u001b[91m notsup Unsupported engine for got@12.1.0: wanted: {\"node\":\">=14.16\"} (current: {\"node\":\"12.22.12\",\"npm\":\"6.14.16\"})\n\u001b[0m\u001b[91mnpm WARN notsup\u001b[0m\u001b[91m Not compatible with your version of node/npm: got@12.1.0\n\u001b[0m\u001b[91mnpm WARN notsup Unsupported engine for @szmarczak/http-timer@5.0.1: wanted: {\"node\":\">=14.16\"} (current: {\"node\":\"12.22.12\",\"npm\":\"6.14.16\"})\nnpm WARN \u001b[0m\u001b[91mnotsup Not compatible with your version of node/npm: @szmarczak/http-timer@5.0.1\n\u001b[0m\u001b[91mnpm WARN notsup Unsupported engine for hardhat@2.12.4: wanted: {\"node\":\"^14.0.0 || ^16.0.0 || ^18.0.0\"} (current: {\"node\":\"12.22.12\",\"npm\":\"6.14.16\"})\nnpm WARN notsup Not compatible with your version of node/npm: hardhat@2.12.4\n\u001b[0m\u001b[91mnpm WARN notsup Unsupported engine for @nomicfoundation/ethereumjs-util@8.0.0: wanted: {\"node\":\">=14\"} (current: {\"node\":\"12.22.12\",\"npm\":\"6.14.16\"})\n\u001b[0m\u001b[91mnpm WARN notsup\u001b[0m\u001b[91m Not compatible with your version of node/npm: @nomicfoundation/ethereumjs-util@8.0.0\n\u001b[0m\u001b[91mnpm WARN notsup Unsupported engine for @nomicfoundation/ethereumjs-block@4.0.0: wanted: {\"node\":\">=14\"} (current: {\"node\":\"12.22.12\",\"npm\":\"6.14.16\"})\nnpm WARN \u001b[0m\u001b[91mnotsup Not compatible with your version of node/npm: @nomicfoundation/ethereumjs-block@4.0.0\n\u001b[0m\u001b[91mnpm WARN notsup Unsupported engine for @nomicfoundation/ethereumjs-blockchain@6.0.0: wanted: {\"node\":\">=14\"} (current: {\"node\":\"12.22.12\",\"npm\":\"6.14.16\"})\nnpm WARN notsup Not compatible with your version of node/npm: @nomicfoundation/ethereumjs-blockchain@6.0.0\n\u001b[0m\u001b[91mnpm WARN notsup Unsupported engine for @nomicfoundation/ethereumjs-trie@5.0.0: wanted: {\"node\":\">=14\"} (current: {\"node\":\"12.22.12\",\"npm\":\"6.14.16\"})\nnpm WARN notsup Not compatible with your version of node/npm: @nomicfoundation/ethereumjs-trie@5.0.0\n\u001b[0m\u001b[91mnpm WARN notsup Unsupported engine for @nomicfoundation/ethereumjs-evm@1.0.0: wanted: {\"node\":\">=14\"} (current: {\"node\":\"12.22.12\",\"npm\":\"6.14.16\"})\nnpm WARN notsup Not compatible with your version of node/npm: @nomicfoundation/ethereumjs-evm@1.0.0\n\u001b[0m\u001b[91mnpm WARN notsup Unsupported engine for @nomicfoundation/ethereumjs-rlp@4.0.0: wanted: {\"node\":\">=14\"} (current: {\"node\":\"12.22.12\",\"npm\":\"6.14.16\"})\nnpm WARN notsup Not compatible with your version of node/npm: @nomicfoundation/ethereumjs-rlp@4.0.0\n\u001b[0m\u001b[91mnpm WARN notsup Unsupported engine for @nomicfoundation/ethereumjs-tx@4.0.0: wanted: {\"node\":\">=14\"} (current: {\"node\":\"12.22.12\",\"npm\":\"6.14.16\"})\nnpm WARN notsup Not compatible with your version of node/npm: @nomicfoundation/ethereumjs-tx@4.0.0\n\u001b[0m\u001b[91mnpm WARN notsup Unsupported engine for mocha@10.2.0: wanted: {\"node\":\">= 14.0.0\"} (current: {\"node\":\"12.22.12\",\"npm\":\"6.14.16\"})\nnpm WARN notsup\u001b[0m\u001b[91m Not compatible with your version of node/npm: mocha@10.2.0\n\u001b[0m\u001b[91mnpm WARN notsup Unsupported engine for @nomicfoundation/ethereumjs-vm@6.0.0: wanted: {\"node\":\">=14\"} (current: {\"node\":\"12.22.12\",\"npm\":\"6.14.16\"})\nnpm WARN notsup Not compatible with your version of node/npm: @nomicfoundation/ethereumjs-vm@6.0.0\n\u001b[0m\u001b[91mnpm WARN notsup Unsupported engine for @nomicfoundation/ethereumjs-ethash@2.0.0: wanted: {\"node\":\">=14\"} (current: {\"node\":\"12.22.12\",\"npm\":\"6.14.16\"})\nnpm WARN notsup Not compatible with your version of node/npm: @nomicfoundation/ethereumjs-ethash@2.0.0\n\u001b[0m\u001b[91mnpm WARN optional SKIPPING OPTIONAL DEPENDENCY: @nomicfoundation/solidity-analyzer-win32-arm64-msvc@0.1.0 (node_modules/@nomicfoundation/solidity-analyzer/node_modules/@nomicfoundation/solidity-analyzer-win32-arm64-msvc):\nnpm WARN notsup SKIPPING OPTIONAL DEPENDENCY: Unsupported platform for @nomicfoundation/solidity-analyzer-win32-arm64-msvc@0.1.0: wanted {\"os\":\"win32\",\"arch\":\"arm64\"} (current: {\"os\":\"linux\",\"arch\":\"x64\"})\n\u001b[0m\u001b[91mnpm WARN optional SKIPPING OPTIONAL DEPENDENCY: @nomicfoundation/solidity-analyzer-win32-ia32-msvc@0.1.0 (node_modules/@nomicfoundation/solidity-analyzer/node_modules/@nomicfoundation/solidity-analyzer-win32-ia32-msvc):\nnpm WARN notsup SKIPPING OPTIONAL DEPENDENCY: Unsupported platform for @nomicfoundation/solidity-analyzer-win32-ia32-msvc@0.1.0: wanted {\"os\":\"win32\",\"arch\":\"ia32\"} (current: {\"os\":\"linux\",\"arch\":\"x64\"})\n\u001b[0m\u001b[91mnpm WARN optional SKIPPING OPTIONAL DEPENDENCY: @nomicfoundation/solidity-analyzer-freebsd-x64@0.1.0 (node_modules/@nomicfoundation/solidity-analyzer/node_modules/@nomicfoundation/solidity-analyzer-freebsd-x64):\nnpm WARN notsup SKIPPING OPTIONAL DEPENDENCY: Unsupported platform for @nomicfoundation/solidity-analyzer-freebsd-x64@0.1.0: wanted {\"os\":\"freebsd\",\"arch\":\"x64\"} (current: {\"os\":\"linux\",\"arch\":\"x64\"})\n\u001b[0m\u001b[91mnpm WARN optional SKIPPING OPTIONAL DEPENDENCY: @nomicfoundation/solidity-analyzer-linux-arm64-musl@0.1.0 (node_modules/@nomicfoundation/solidity-analyzer/node_modules/@nomicfoundation/solidity-analyzer-linux-arm64-musl):\nnpm\u001b[0m\u001b[91m WARN notsup SKIPPING OPTIONAL DEPENDENCY: Unsupported platform for @nomicfoundation/solidity-analyzer-linux-arm64-musl@0.1.0: wanted {\"os\":\"linux\",\"arch\":\"arm64\"} (current: {\"os\":\"linux\",\"arch\":\"x64\"})\n\u001b[0m\u001b[91mnpm WARN optional SKIPPING OPTIONAL DEPENDENCY: @nomicfoundation/solidity-analyzer-darwin-arm64@0.1.0 (node_modules/@nomicfoundation/solidity-analyzer/node_modules/@nomicfoundation/solidity-analyzer-darwin-arm64):\nnpm WARN notsup SKIPPING OPTIONAL DEPENDENCY: Unsupported platform for @nomicfoundation/solidity-analyzer-darwin-arm64@0.1.0: wanted {\"os\":\"darwin\",\"arch\":\"arm64\"} (current: {\"os\":\"linux\",\"arch\":\"x64\"})\n\u001b[0m\u001b[91mnpm WARN optional SKIPPING OPTIONAL DEPENDENCY: @nomicfoundation/solidity-analyzer-win32-x64-msvc@0.1.0 (node_modules/@nomicfoundation/solidity-analyzer/node_modules/@nomicfoundation/solidity-analyzer-win32-x64-msvc):\nnpm WARN notsup SKIPPING OPTIONAL DEPENDENCY: Unsupported platform for @nomicfoundation/solidity-analyzer-win32-x64-msvc@0.1.0: wanted {\"os\":\"win32\",\"arch\":\"x64\"} (current: {\"os\":\"linux\",\"arch\":\"x64\"})\n\u001b[0m\u001b[91mnpm WARN optional SKIPPING OPTIONAL DEPENDENCY: @nomicfoundation/solidity-analyzer-linux-arm64-gnu@0.1.0 (node_modules/@nomicfoundation/solidity-analyzer/node_modules/@nomicfoundation/solidity-analyzer-linux-arm64-gnu):\nnpm WARN notsup SKIPPING OPTIONAL DEPENDENCY: Unsupported platform for @nomicfoundation/solidity-analyzer-linux-arm64-gnu@0.1.0: wanted {\"os\":\"linux\",\"arch\":\"arm64\"} (current: {\"os\":\"linux\",\"arch\":\"x64\"})\n\u001b[0m\u001b[91mnpm WARN optional SKIPPING OPTIONAL DEPENDENCY: @nomicfoundation/solidity-analyzer-darwin-x64@0.1.0 (node_modules/@nomicfoundation/solidity-analyzer/node_modules/@nomicfoundation/solidity-analyzer-darwin-x64):\nnpm WARN notsup SKIPPING OPTIONAL DEPENDENCY: Unsupported platform for @nomicfoundation/solidity-analyzer-darwin-x64@0.1.0: wanted {\"os\":\"darwin\",\"arch\":\"x64\"} (current: {\"os\":\"linux\",\"arch\":\"x64\"})\n\u001b[0m\u001b[91mnpm WARN optional SKIPPING OPTIONAL DEPENDENCY: fsevents@~2.3.2 (node_modules/mocha/node_modules/chokidar/node_modules/fsevents):\nnpm WARN notsup SKIPPING OPTIONAL DEPENDENCY: Unsupported platform for fsevents@2.3.2: wanted {\"os\":\"darwin\",\"arch\":\"any\"} (current: {\"os\":\"linux\",\"arch\":\"x64\"})\n\u001b[0m\u001b[91mnpm WARN optional SKIPPING OPTIONAL DEPENDENCY: fsevents@^1.0.0 (node_modules/solium/node_modules/chokidar/node_modules/fsevents):\nnpm WARN notsup SKIPPING OPTIONAL DEPENDENCY: Unsupported platform for fsevents@1.2.13: wanted {\"os\":\"darwin\",\"arch\":\"any\"} (current: {\"os\":\"linux\",\"arch\":\"x64\"})\n\u001b[0m\u001b[91mnpm WARN optional SKIPPING OPTIONAL DEPENDENCY: fsevents@1.2.13 (node_modules/webpack-dev-server/node_modules/fsevents):\nnpm WARN notsup SKIPPING OPTIONAL DEPENDENCY: Unsupported platform for fsevents@1.2.13: wanted {\"os\":\"darwin\",\"arch\":\"any\"} (current: {\"os\":\"linux\",\"arch\":\"x64\"})\n\u001b[0m\u001b[91mnpm WARN optional SKIPPING OPTIONAL DEPENDENCY: fsevents@1.2.13 (node_modules/watchpack-chokidar2/node_modules/fsevents):\nnpm WARN notsup SKIPPING OPTIONAL DEPENDENCY: Unsupported platform for fsevents@1.2.13: wanted {\"os\":\"darwin\",\"arch\":\"any\"} (current: {\"os\":\"linux\",\"arch\":\"x64\"})\n\u001b[0m\u001b[91mnpm WARN optional SKIPPING OPTIONAL DEPENDENCY: fsevents@1.2.13 (node_modules/jest-haste-map/node_modules/fsevents):\nnpm WARN notsup SKIPPING OPTIONAL DEPENDENCY: Unsupported platform for fsevents@1.2.13: wanted {\"os\":\"darwin\",\"arch\":\"any\"} (current: {\"os\":\"linux\",\"arch\":\"x64\"})\n\u001b[0m\u001b[91mnpm WARN optional SKIPPING OPTIONAL DEPENDENCY: fsevents@2.1.2 (node_modules/fsevents):\nnpm WARN notsup SKIPPING OPTIONAL DEPENDENCY: Unsupported platform for fsevents@2.1.2: wanted {\"os\":\"darwin\",\"arch\":\"any\"} (current: {\"os\":\"linux\",\"arch\":\"x64\"})\n\u001b[0m\u001b[91mnpm WARN optional SKIPPING OPTIONAL DEPENDENCY: fsevents@2.3.2 (node_modules/chokidar/node_modules/fsevents):\nnpm WARN notsup SKIPPING OPTIONAL DEPENDENCY: Unsupported platform for fsevents@2.3.2: wanted {\"os\":\"darwin\",\"arch\":\"any\"} (current: {\"os\":\"linux\",\"arch\":\"x64\"})\n\u001b[0m\u001b[91m\n\u001b[0madded 4693 packages from 1750 contributors and audited 4711 packages in 421.95s\n\n293 packages are looking for funding\n  run `npm fund` for details\n\nfound 501 vulnerabilities (55 low, 118 moderate, 262 high, 66 critical)\n  run `npm audit fix` to fix them, or `npm audit` for details\nRemoving intermediate container 173e6c501391\n ---> 051ab7355e87\nStep 6/7 : RUN npm run build\n ---> Running in f414e2d17faa\n\n> argo-react@2.0.0 build /app\n> react-scripts build\n\nCreating an optimized production build...\n\u001b[91mBrowserslist: caniuse-lite is outdated. Please run:\nnpx browserslist@latest --update-db\n\nWhy you should do it regularly:\nhttps://github.com/browserslist/browserslist#browsers-data-updating\n\u001b[0m\n<--- Last few GCs --->\n\n[26:0x35b5e60]   244626 ms: Mark-sweep 2038.0 (2076.4) -> 2033.5 (2057.4) MB, 142.8 / 0.1 ms  (+ 566.2 ms in 121 steps since start of marking, biggest step 8.8 ms, walltime since start of marking 740 ms) (average mu = 0.141, current mu = 0.065) finalize i[26:0x35b5e60]   245423 ms: Mark-sweep 2039.2 (2057.4) -> 2036.6 (2057.9) MB, 322.4 / 0.1 ms  (+ 451.9 ms in 90 steps since start of marking, biggest step 17.2 ms, walltime since start of marking 797 ms) (average mu = 0.086, current mu = 0.029) allocation\n\n<--- JS stacktrace --->\n\n==== JS stack trace =========================================\n\n    0: ExitFrame [pc: 0x140e819]\n    1: StubFrame [pc: 0x13b1cf2]\nSecurity context: 0x0272006c08d1 <JSObject>\n    2: /* anonymous */(aka /* anonymous */) [0x1f1186158649] [/app/node_modules/webpack-sources/lib/applySourceMap.js:~58] [pc=0x29112b5c37d4](this=0x1f9723e004b1 <undefined>,0x06668df26269 <String[5]: this.>,0x3917f5311b99 <Object map = 0x1cda26a379d9>)\n    3: walk(aka SourceNode_walk) [0x30c7fa48d381] [/app/node_modules/webpack-...\n\n\u001b[91mFATAL ERROR: Ineffective mark-compacts near heap limit Allocation failed - JavaScript heap out of memory\n\u001b[0m\u001b[91m 1: 0xa1ae50 node::Abort() [node]\n\u001b[0m\u001b[91m 2: 0xa1b25c node::OnFatalError(char const*, char const*) [node]\n\u001b[0m\u001b[91m 3: 0xb9b20e v8::Utils::ReportOOMFailure(v8::internal::Isolate*, char const*, bool) [node]\n\u001b[0m\u001b[91m 4: 0xb9b589 v8::internal::V8::FatalProcessOutOfMemory(v8::internal::Isolate*, char const*, bool) [node]\n\u001b[0m\u001b[91m 5: 0xd58815  [node]\n\u001b[0m\u001b[91m 6: 0xd58ea6 v8::internal::Heap::RecomputeLimits(v8::internal::GarbageCollector) [node]\n\u001b[0m\u001b[91m 7: 0xd65765 v8::internal::Heap::PerformGarbageCollection(v8::internal::GarbageCollector, v8::GCCallbackFlags) [node]\n\u001b[0m\u001b[91m 8: 0xd66615 v8::internal::Heap::CollectGarbage(v8::internal::AllocationSpace, v8::internal::GarbageCollectionReason, v8::GCCallbackFlags) [node]\n\u001b[0m\u001b[91m 9: 0xd690cc v8::internal::Heap::AllocateRawWithRetryOrFail(int, v8::internal::AllocationType, v8::internal::AllocationOrigin, v8::internal::AllocationAlignment) [node]\n\u001b[0m\u001b[91m10: 0xd36f6c v8::internal::Factory::NewRawOneByteString(int, v8::internal::AllocationType) [node]\n\u001b[0m\u001b[91m11: 0xf777a2 v8::internal::String::SlowFlatten(v8::internal::Isolate*, v8::internal::Handle<v8::internal::ConsString>, v8::internal::AllocationType) [node]\n\u001b[0m\u001b[91m12: 0xb9a46b v8::internal::String::Flatten(v8::internal::Isolate*, v8::internal::Handle<v8::internal::String>, v8::internal::AllocationType) [node]\n\u001b[0m\u001b[91m13: 0xf4f83b v8::internal::StringTable::LookupString(v8::internal::Isolate*, v8::internal::Handle<v8::internal::String>) [node]\n\u001b[0m\u001b[91m14: 0x1085a13 v8::internal::JSReceiver::HasProperty(v8::internal::Handle<v8::internal::JSReceiver>, v8::internal::Handle<v8::internal::Name>) [node]\n\u001b[0m\u001b[91m15: 0x108a578 v8::internal::Runtime_HasProperty(int, unsigned long*, v8::internal::Isolate*) [node]\n\u001b[0m\u001b[91m16: 0x140e819  [node]\n\u001b[0m\u001b[91mnpm\u001b[0m\u001b[91m \u001b[0m\u001b[91mERR! code\u001b[0m\u001b[91m ELIFECYCLE\n\u001b[0m\u001b[91mnpm\u001b[0m\u001b[91m ERR!\u001b[0m\u001b[91m \u001b[0m\u001b[91merrno\u001b[0m\u001b[91m 1\n\u001b[0m\u001b[91mnpm ERR!\u001b[0m\u001b[91m argo-react@2.0.0 build: `react-scripts build`\nnpm\u001b[0m\u001b[91m ERR!\u001b[0m\u001b[91m Exit status 1\n\u001b[0m\u001b[91mnpm\u001b[0m\u001b[91m ERR!\u001b[0m\u001b[91m \n\u001b[0m\u001b[91mnpm\u001b[0m\u001b[91m \u001b[0m\u001b[91mERR!\u001b[0m\u001b[91m Failed at the argo-react@2.0.0 build script.\nnpm ERR!\u001b[0m\u001b[91m This is probably not a problem with npm. There is likely additional logging output above.\n\u001b[0m\u001b[91m\nnpm \u001b[0m\u001b[91mERR!\u001b[0m\u001b[91m A complete log of this run can be found in:\nnpm ERR!\u001b[0m\u001b[91m     /root/.npm/_logs/2022-12-25T22_00_52_085Z-debug.log\n\u001b[0mRemoving intermediate container f414e2d17faa\n","stderr":"The command '/bin/sh -c npm run build' returned a non-zero code: 1\n"},"endTime":1672005654064}