{"repository":"https://github.com/tuhinshubhra/extanalysis","dockerfilePath":"Dockerfile","startTime":1672441076412,"clone":{"stdout":"","stderr":"Cloning into '/tmp/dinghy-analysis/tuhinshubhra/extanalysis'...\n","error":null,"commit":"cc690614403e38e4de70925acf5ed2fe4d45608a"},"originalBuild":{"startTimestamp":1672441077932,"endTimestamp":1672441143074,"error":null,"stdout":"Sending build context to Docker daemon  30.45MB\r\r\nStep 1/13 : FROM alpine:3.9\n ---> 78a2ce922f86\nStep 2/13 : LABEL MAINTAINER furkan.sayim@yandex.com\n ---> Running in 975446b37308\nRemoving intermediate container 975446b37308\n ---> 9fa3d5e8e4b0\nStep 3/13 : LABEL name ExtAnalysis\n ---> Running in cd8795129e7a\nRemoving intermediate container cd8795129e7a\n ---> 3ce13c81cb5c\nStep 4/13 : LABEL src \"https://github.com/Tuhinshubhra/ExtAnalysis\"\n ---> Running in 0fb13164bb11\nRemoving intermediate container 0fb13164bb11\n ---> 1ff428d9e267\nStep 5/13 : LABEL creator Tuhinshubhra\n ---> Running in d32bd4150e1b\nRemoving intermediate container d32bd4150e1b\n ---> f66868e91875\nStep 6/13 : LABEL desc \"Browser Extension Analysis Framework\"\n ---> Running in 1399b9d4e008\nRemoving intermediate container 1399b9d4e008\n ---> 88d936cf6868\nStep 7/13 : RUN apk add --no-cache python3 &&     python3 -m ensurepip &&     rm -r /usr/lib/python*/ensurepip &&     pip3 install --upgrade pip setuptools &&     if [ ! -e /usr/bin/pip ]; then ln -s pip3 /usr/bin/pip ; fi &&     if [[ ! -e /usr/bin/python ]]; then ln -sf /usr/bin/python3 /usr/bin/python; fi &&     rm -r /root/.cache\n ---> Running in d24dac074da7\nfetch http://dl-cdn.alpinelinux.org/alpine/v3.9/main/x86_64/APKINDEX.tar.gz\nfetch http://dl-cdn.alpinelinux.org/alpine/v3.9/community/x86_64/APKINDEX.tar.gz\n(1/11) Installing libbz2 (1.0.6-r7)\n(2/11) Installing expat (2.2.8-r0)\n(3/11) Installing libffi (3.2.1-r6)\n(4/11) Installing gdbm (1.13-r1)\n(5/11) Installing xz-libs (5.2.4-r0)\n(6/11) Installing ncurses-terminfo-base (6.1_p20190105-r0)\n(7/11) Installing ncurses-terminfo (6.1_p20190105-r0)\n(8/11) Installing ncurses-libs (6.1_p20190105-r0)\n(9/11) Installing readline (7.0.003-r1)\n(10/11) Installing sqlite-libs (3.28.0-r3)\n(11/11) Installing python3 (3.6.9-r3)\nExecuting busybox-1.29.3-r10.trigger\nOK: 68 MiB in 25 packages\nLooking in links: /tmp/tmpzi50o5zk\nRequirement already satisfied: setuptools in /usr/lib/python3.6/site-packages (40.6.2)\nRequirement already satisfied: pip in /usr/lib/python3.6/site-packages (18.1)\nCollecting pip\n  Downloading https://files.pythonhosted.org/packages/a4/6d/6463d49a933f547439d6b5b98b46af8742cc03ae83543e4d7688c2420f8b/pip-21.3.1-py3-none-any.whl (1.7MB)\nCollecting setuptools\n  Downloading https://files.pythonhosted.org/packages/b0/3a/88b210db68e56854d0bcf4b38e165e03be377e13907746f825790f3df5bf/setuptools-59.6.0-py3-none-any.whl (952kB)\nInstalling collected packages: pip, setuptools\n  Found existing installation: pip 18.1\n    Uninstalling pip-18.1:\n      Successfully uninstalled pip-18.1\n  Found existing installation: setuptools 40.6.2\n    Uninstalling setuptools-40.6.2:\n      Successfully uninstalled setuptools-40.6.2\nSuccessfully installed pip-21.3.1 setuptools-59.6.0\nRemoving intermediate container d24dac074da7\n ---> c3972751ebed\nStep 8/13 : RUN apk add git\n ---> Running in b833ab515481\nfetch http://dl-cdn.alpinelinux.org/alpine/v3.9/main/x86_64/APKINDEX.tar.gz\nfetch http://dl-cdn.alpinelinux.org/alpine/v3.9/community/x86_64/APKINDEX.tar.gz\n(1/6) Installing ca-certificates (20191127-r2)\n(2/6) Installing nghttp2-libs (1.35.1-r2)\n(3/6) Installing libssh2 (1.9.0-r1)\n(4/6) Installing libcurl (7.64.0-r5)\n(5/6) Installing pcre2 (10.32-r1)\n(6/6) Installing git (2.20.4-r0)\nExecuting busybox-1.29.3-r10.trigger\nExecuting ca-certificates-20191127-r2.trigger\nOK: 83 MiB in 31 packages\nRemoving intermediate container b833ab515481\n ---> b5c817ff1e34\nStep 9/13 : RUN git clone https://github.com/Tuhinshubhra/ExtAnalysis.git /tmp/extanalysis\n ---> Running in c1f525e2bdbe\n\u001b[91mCloning into '/tmp/extanalysis'...\n\u001b[0mRemoving intermediate container c1f525e2bdbe\n ---> 9dda67c337bf\nStep 10/13 : WORKDIR /tmp/extanalysis\n ---> Running in 11af130b8444\nRemoving intermediate container 11af130b8444\n ---> 30b251b44530\nStep 11/13 : RUN pip3 install -r requirements.txt\n ---> Running in 43af78b43313\nCollecting flask\n  Downloading Flask-2.0.3-py3-none-any.whl (95 kB)\nCollecting python-whois\n  Downloading python-whois-0.8.0.tar.gz (109 kB)\n  Preparing metadata (setup.py): started\n  Preparing metadata (setup.py): finished with status 'done'\nCollecting futures\n  Downloading futures-3.0.5.tar.gz (25 kB)\n  Preparing metadata (setup.py): started\n  Preparing metadata (setup.py): finished with status 'error'\n\u001b[91m  ERROR: Command errored out with exit status 1:\n   command: /usr/bin/python3.6 -c 'import io, os, sys, setuptools, tokenize; sys.argv[0] = '\"'\"'/tmp/pip-install-mdib4f0a/futures_50bcfc17a356412dad54288b58879b4f/setup.py'\"'\"'; __file__='\"'\"'/tmp/pip-install-mdib4f0a/futures_50bcfc17a356412dad54288b58879b4f/setup.py'\"'\"';f = getattr(tokenize, '\"'\"'open'\"'\"', open)(__file__) if os.path.exists(__file__) else io.StringIO('\"'\"'from setuptools import setup; setup()'\"'\"');code = f.read().replace('\"'\"'\\r\\n'\"'\"', '\"'\"'\\n'\"'\"');f.close();exec(compile(code, __file__, '\"'\"'exec'\"'\"'))' egg_info --egg-base /tmp/pip-pip-egg-info-ci92sr59\n       cwd: /tmp/pip-install-mdib4f0a/futures_50bcfc17a356412dad54288b58879b4f/\n  Complete output (24 lines):\n  Traceback (most recent call last):\n    File \"<string>\", line 1, in <module>\n    File \"/usr/lib/python3.6/site-packages/setuptools/__init__.py\", line 18, in <module>\n      from setuptools.dist import Distribution\n    File \"/usr/lib/python3.6/site-packages/setuptools/dist.py\", line 31, in <module>\n      from setuptools.extern.more_itertools import unique_everseen\n    File \"<frozen importlib._bootstrap>\", line 971, in _find_and_load\n    File \"<frozen importlib._bootstrap>\", line 955, in _find_and_load_unlocked\n    File \"<frozen importlib._bootstrap>\", line 658, in _load_unlocked\n    File \"<frozen importlib._bootstrap>\", line 571, in module_from_spec\n    File \"/usr/lib/python3.6/site-packages/setuptools/extern/__init__.py\", line 52, in create_module\n      return self.load_module(spec.name)\n    File \"/usr/lib/python3.6/site-packages/setuptools/extern/__init__.py\", line 37, in load_module\n      __import__(extant)\n    File \"/usr/lib/python3.6/site-packages/setuptools/_vendor/more_itertools/__init__.py\", line 1, in <module>\n      from .more import *  # noqa\n    File \"/usr/lib/python3.6/site-packages/setuptools/_vendor/more_itertools/more.py\", line 5, in <module>\n      from concurrent.futures import ThreadPoolExecutor\n    File \"/tmp/pip-install-mdib4f0a/futures_50bcfc17a356412dad54288b58879b4f/concurrent/futures/__init__.py\", line 8, in <module>\n      from concurrent.futures._base import (FIRST_COMPLETED,\n    File \"/tmp/pip-install-mdib4f0a/futures_50bcfc17a356412dad54288b58879b4f/concurrent/futures/_base.py\", line 357\n      raise type(self._exception), self._exception, self._traceback\n                                 ^\n  SyntaxError: invalid syntax\n  ----------------------------------------\n\u001b[0m\u001b[91mWARNING: Discarding https://files.pythonhosted.org/packages/55/db/97c1ca37edab586a1ae03d6892b6633d8eaa23b23ac40c7e5bbc55423c78/futures-3.0.5.tar.gz#sha256=0542525145d5afc984c88f914a0c85c77527f65946617edb5274f72406f981df (from https://pypi.org/simple/futures/). Command errored out with exit status 1: python setup.py egg_info Check the logs for full command output.\n\u001b[0m  Downloading futures-3.0.4.tar.gz (25 kB)\n  Preparing metadata (setup.py): started\n  Preparing metadata (setup.py): finished with status 'error'\n\u001b[91m  ERROR: Command errored out with exit status 1:\n   command: /usr/bin/python3.6 -c 'import io, os, sys, setuptools, tokenize; sys.argv[0] = '\"'\"'/tmp/pip-install-mdib4f0a/futures_77c04f8e7c84418db45e5b0014f4555f/setup.py'\"'\"'; __file__='\"'\"'/tmp/pip-install-mdib4f0a/futures_77c04f8e7c84418db45e5b0014f4555f/setup.py'\"'\"';f = getattr(tokenize, '\"'\"'open'\"'\"', open)(__file__) if os.path.exists(__file__) else io.StringIO('\"'\"'from setuptools import setup; setup()'\"'\"');code = f.read().replace('\"'\"'\\r\\n'\"'\"', '\"'\"'\\n'\"'\"');f.close();exec(compile(code, __file__, '\"'\"'exec'\"'\"'))' egg_info --egg-base /tmp/pip-pip-egg-info-3o42z77b\n       cwd: /tmp/pip-install-mdib4f0a/futures_77c04f8e7c84418db45e5b0014f4555f/\n  Complete output (24 lines):\n  Traceback (most recent call last):\n    File \"<string>\", line 1, in <module>\n    File \"/usr/lib/python3.6/site-packages/setuptools/__init__.py\", line 18, in <module>\n      from setuptools.dist import Distribution\n    File \"/usr/lib/python3.6/site-packages/setuptools/dist.py\", line 31, in <module>\n      from setuptools.extern.more_itertools import unique_everseen\n    File \"<frozen importlib._bootstrap>\", line 971, in _find_and_load\n    File \"<frozen importlib._bootstrap>\", line 955, in _find_and_load_unlocked\n    File \"<frozen importlib._bootstrap>\", line 658, in _load_unlocked\n    File \"<frozen importlib._bootstrap>\", line 571, in module_from_spec\n    File \"/usr/lib/python3.6/site-packages/setuptools/extern/__init__.py\", line 52, in create_module\n      return self.load_module(spec.name)\n    File \"/usr/lib/python3.6/site-packages/setuptools/extern/__init__.py\", line 37, in load_module\n      __import__(extant)\n    File \"/usr/lib/python3.6/site-packages/setuptools/_vendor/more_itertools/__init__.py\", line 1, in <module>\n      from .more import *  # noqa\n    File \"/usr/lib/python3.6/site-packages/setuptools/_vendor/more_itertools/more.py\", line 5, in <module>\n      from concurrent.futures import ThreadPoolExecutor\n    File \"/tmp/pip-install-mdib4f0a/futures_77c04f8e7c84418db45e5b0014f4555f/concurrent/futures/__init__.py\", line 8, in <module>\n      from concurrent.futures._base import (FIRST_COMPLETED,\n    File \"/tmp/pip-install-mdib4f0a/futures_77c04f8e7c84418db45e5b0014f4555f/concurrent/futures/_base.py\", line 357\n      raise type(self._exception), self._exception, self._traceback\n                                 ^\n  SyntaxError: invalid syntax\n  ----------------------------------------\n\u001b[0m\u001b[91mWARNING: Discarding https://files.pythonhosted.org/packages/8d/73/b5fff618482bc06c9711e7cdc0d5d7eb1904d35898f48f2d7f9696b08bef/futures-3.0.4.tar.gz#sha256=19485d83f7bd2151c0aeaf88fbba3ee50dadfb222ffc3b66a344ef4952b782a3 (from https://pypi.org/simple/futures/). Command errored out with exit status 1: python setup.py egg_info Check the logs for full command output.\n\u001b[0m  Downloading futures-3.0.3.tar.gz (24 kB)\n  Preparing metadata (setup.py): started\n  Preparing metadata (setup.py): finished with status 'error'\n\u001b[91m  ERROR: Command errored out with exit status 1:\n   command: /usr/bin/python3.6 -c 'import io, os, sys, setuptools, tokenize; sys.argv[0] = '\"'\"'/tmp/pip-install-mdib4f0a/futures_5d3db878a23242de894172ad8de37b10/setup.py'\"'\"'; __file__='\"'\"'/tmp/pip-install-mdib4f0a/futures_5d3db878a23242de894172ad8de37b10/setup.py'\"'\"';f = getattr(tokenize, '\"'\"'open'\"'\"', open)(__file__) if os.path.exists(__file__) else io.StringIO('\"'\"'from setuptools import setup; setup()'\"'\"');code = f.read().replace('\"'\"'\\r\\n'\"'\"', '\"'\"'\\n'\"'\"');f.close();exec(compile(code, __file__, '\"'\"'exec'\"'\"'))' egg_info --egg-base /tmp/pip-pip-egg-info-c9cohhzn\n       cwd: /tmp/pip-install-mdib4f0a/futures_5d3db878a23242de894172ad8de37b10/\n  Complete output (24 lines):\n  Traceback (most recent call last):\n    File \"<string>\", line 1, in <module>\n    File \"/usr/lib/python3.6/site-packages/setuptools/__init__.py\", line 18, in <module>\n      from setuptools.dist import Distribution\n    File \"/usr/lib/python3.6/site-packages/setuptools/dist.py\", line 31, in <module>\n      from setuptools.extern.more_itertools import unique_everseen\n    File \"<frozen importlib._bootstrap>\", line 971, in _find_and_load\n    File \"<frozen importlib._bootstrap>\", line 955, in _find_and_load_unlocked\n    File \"<frozen importlib._bootstrap>\", line 658, in _load_unlocked\n    File \"<frozen importlib._bootstrap>\", line 571, in module_from_spec\n    File \"/usr/lib/python3.6/site-packages/setuptools/extern/__init__.py\", line 52, in create_module\n      return self.load_module(spec.name)\n    File \"/usr/lib/python3.6/site-packages/setuptools/extern/__init__.py\", line 37, in load_module\n      __import__(extant)\n    File \"/usr/lib/python3.6/site-packages/setuptools/_vendor/more_itertools/__init__.py\", line 1, in <module>\n      from .more import *  # noqa\n    File \"/usr/lib/python3.6/site-packages/setuptools/_vendor/more_itertools/more.py\", line 5, in <module>\n      from concurrent.futures import ThreadPoolExecutor\n    File \"/tmp/pip-install-mdib4f0a/futures_5d3db878a23242de894172ad8de37b10/concurrent/futures/__init__.py\", line 8, in <module>\n      from concurrent.futures._base import (FIRST_COMPLETED,\n    File \"/tmp/pip-install-mdib4f0a/futures_5d3db878a23242de894172ad8de37b10/concurrent/futures/_base.py\", line 355\n      raise type(self._exception), self._exception, self._traceback\n                                 ^\n  SyntaxError: invalid syntax\n  ----------------------------------------\n\u001b[0m\u001b[91mWARNING: Discarding https://files.pythonhosted.org/packages/4c/dc/f9473006d4c9c52d4a4e977173fbcbfb1a8ef3a57e32e885edf994fd4a45/futures-3.0.3.tar.gz#sha256=2fe2342bb4fe8b8e217f0d21b5921cbe5408bf966d9f92025e707e881b198bed (from https://pypi.org/simple/futures/). Command errored out with exit status 1: python setup.py egg_info Check the logs for full command output.\n\u001b[0m  Downloading futures-3.0.2.tar.gz (24 kB)\n  Preparing metadata (setup.py): started\n  Preparing metadata (setup.py): finished with status 'error'\n\u001b[91m  ERROR: Command errored out with exit status 1:\n   command: /usr/bin/python3.6 -c 'import io, os, sys, setuptools, tokenize; sys.argv[0] = '\"'\"'/tmp/pip-install-mdib4f0a/futures_0b2cd86021ca44ecbda8153f2061ec27/setup.py'\"'\"'; __file__='\"'\"'/tmp/pip-install-mdib4f0a/futures_0b2cd86021ca44ecbda8153f2061ec27/setup.py'\"'\"';f = getattr(tokenize, '\"'\"'open'\"'\"', open)(__file__) if os.path.exists(__file__) else io.StringIO('\"'\"'from setuptools import setup; setup()'\"'\"');code = f.read().replace('\"'\"'\\r\\n'\"'\"', '\"'\"'\\n'\"'\"');f.close();exec(compile(code, __file__, '\"'\"'exec'\"'\"'))' egg_info --egg-base /tmp/pip-pip-egg-info-m6x9dk16\n       cwd: /tmp/pip-install-mdib4f0a/futures_0b2cd86021ca44ecbda8153f2061ec27/\n  Complete output (24 lines):\n  Traceback (most recent call last):\n    File \"<string>\", line 1, in <module>\n    File \"/usr/lib/python3.6/site-packages/setuptools/__init__.py\", line 18, in <module>\n      from setuptools.dist import Distribution\n    File \"/usr/lib/python3.6/site-packages/setuptools/dist.py\", line 31, in <module>\n      from setuptools.extern.more_itertools import unique_everseen\n    File \"<frozen importlib._bootstrap>\", line 971, in _find_and_load\n    File \"<frozen importlib._bootstrap>\", line 955, in _find_and_load_unlocked\n    File \"<frozen importlib._bootstrap>\", line 658, in _load_unlocked\n    File \"<frozen importlib._bootstrap>\", line 571, in module_from_spec\n    File \"/usr/lib/python3.6/site-packages/setuptools/extern/__init__.py\", line 52, in create_module\n      return self.load_module(spec.name)\n    File \"/usr/lib/python3.6/site-packages/setuptools/extern/__init__.py\", line 37, in load_module\n      __import__(extant)\n    File \"/usr/lib/python3.6/site-packages/setuptools/_vendor/more_itertools/__init__.py\", line 1, in <module>\n      from .more import *  # noqa\n    File \"/usr/lib/python3.6/site-packages/setuptools/_vendor/more_itertools/more.py\", line 5, in <module>\n      from concurrent.futures import ThreadPoolExecutor\n    File \"/tmp/pip-install-mdib4f0a/futures_0b2cd86021ca44ecbda8153f2061ec27/concurrent/futures/__init__.py\", line 8, in <module>\n      from concurrent.futures._base import (FIRST_COMPLETED,\n    File \"/tmp/pip-install-mdib4f0a/futures_0b2cd86021ca44ecbda8153f2061ec27/concurrent/futures/_base.py\", line 355\n      raise type(self._exception), self._exception, self._traceback\n                                 ^\n  SyntaxError: invalid syntax\n  ----------------------------------------\n\u001b[0m\u001b[91mWARNING: Discarding https://files.pythonhosted.org/packages/f8/e7/fc0fcbeb9193ba2d4de00b065e7fd5aecd0679e93ce95a07322b2b1434f4/futures-3.0.2.tar.gz#sha256=dc3fc91508e49e0fd2f8625f0132d16e49c80f882e7e1d565c56b0d5dfbae257 (from https://pypi.org/simple/futures/). Command errored out with exit status 1: python setup.py egg_info Check the logs for full command output.\n\u001b[0m  Downloading futures-3.0.1.tar.gz (24 kB)\n  Preparing metadata (setup.py): started\n  Preparing metadata (setup.py): finished with status 'error'\n\u001b[91m  ERROR: Command errored out with exit status 1:\n   command: /usr/bin/python3.6 -c 'import io, os, sys, setuptools, tokenize; sys.argv[0] = '\"'\"'/tmp/pip-install-mdib4f0a/futures_5282af8b12b145ec9d45dfc4c4761572/setup.py'\"'\"'; __file__='\"'\"'/tmp/pip-install-mdib4f0a/futures_5282af8b12b145ec9d45dfc4c4761572/setup.py'\"'\"';f = getattr(tokenize, '\"'\"'open'\"'\"', open)(__file__) if os.path.exists(__file__) else io.StringIO('\"'\"'from setuptools import setup; setup()'\"'\"');code = f.read().replace('\"'\"'\\r\\n'\"'\"', '\"'\"'\\n'\"'\"');f.close();exec(compile(code, __file__, '\"'\"'exec'\"'\"'))' egg_info --egg-base /tmp/pip-pip-egg-info-qbj64uij\n       cwd: /tmp/pip-install-mdib4f0a/futures_5282af8b12b145ec9d45dfc4c4761572/\n  Complete output (24 lines):\n  Traceback (most recent call last):\n    File \"<string>\", line 1, in <module>\n    File \"/usr/lib/python3.6/site-packages/setuptools/__init__.py\", line 18, in <module>\n      from setuptools.dist import Distribution\n    File \"/usr/lib/python3.6/site-packages/setuptools/dist.py\", line 31, in <module>\n      from setuptools.extern.more_itertools import unique_everseen\n    File \"<frozen importlib._bootstrap>\", line 971, in _find_and_load\n    File \"<frozen importlib._bootstrap>\", line 955, in _find_and_load_unlocked\n    File \"<frozen importlib._bootstrap>\", line 658, in _load_unlocked\n    File \"<frozen importlib._bootstrap>\", line 571, in module_from_spec\n    File \"/usr/lib/python3.6/site-packages/setuptools/extern/__init__.py\", line 52, in create_module\n      return self.load_module(spec.name)\n    File \"/usr/lib/python3.6/site-packages/setuptools/extern/__init__.py\", line 37, in load_module\n      __import__(extant)\n    File \"/usr/lib/python3.6/site-packages/setuptools/_vendor/more_itertools/__init__.py\", line 1, in <module>\n      from .more import *  # noqa\n    File \"/usr/lib/python3.6/site-packages/setuptools/_vendor/more_itertools/more.py\", line 5, in <module>\n      from concurrent.futures import ThreadPoolExecutor\n    File \"/tmp/pip-install-mdib4f0a/futures_5282af8b12b145ec9d45dfc4c4761572/concurrent/futures/__init__.py\", line 8, in <module>\n      from concurrent.futures._base import (FIRST_COMPLETED,\n    File \"/tmp/pip-install-mdib4f0a/futures_5282af8b12b145ec9d45dfc4c4761572/concurrent/futures/_base.py\", line 355\n      raise type(self._exception), self._exception, self._traceback\n                                 ^\n  SyntaxError: invalid syntax\n  ----------------------------------------\n\u001b[0m\u001b[91mWARNING: Discarding https://files.pythonhosted.org/packages/b2/2c/6b6a57379e47031c6f52e625e0e2b8f6702a8d1f61b6e0daee391e82c187/futures-3.0.1.tar.gz#sha256=f78f2ef458639d72a625cf9c7643cf5442bb222ac11c12bcc445c6ad1cd862e2 (from https://pypi.org/simple/futures/). Command errored out with exit status 1: python setup.py egg_info Check the logs for full command output.\n\u001b[0m  Downloading futures-3.0.0.tar.gz (24 kB)\n  Preparing metadata (setup.py): started\n  Preparing metadata (setup.py): finished with status 'error'\n\u001b[91m  ERROR: Command errored out with exit status 1:\n   command: /usr/bin/python3.6 -c 'import io, os, sys, setuptools, tokenize; sys.argv[0] = '\"'\"'/tmp/pip-install-mdib4f0a/futures_418be836fc854dfab815359d95dc59a3/setup.py'\"'\"'; __file__='\"'\"'/tmp/pip-install-mdib4f0a/futures_418be836fc854dfab815359d95dc59a3/setup.py'\"'\"';f = getattr(tokenize, '\"'\"'open'\"'\"', open)(__file__) if os.path.exists(__file__) else io.StringIO('\"'\"'from setuptools import setup; setup()'\"'\"');code = f.read().replace('\"'\"'\\r\\n'\"'\"', '\"'\"'\\n'\"'\"');f.close();exec(compile(code, __file__, '\"'\"'exec'\"'\"'))' egg_info --egg-base /tmp/pip-pip-egg-info-cgtk1tho\n       cwd: /tmp/pip-install-mdib4f0a/futures_418be836fc854dfab815359d95dc59a3/\n  Complete output (24 lines):\n  Traceback (most recent call last):\n    File \"<string>\", line 1, in <module>\n    File \"/usr/lib/python3.6/site-packages/setuptools/__init__.py\", line 18, in <module>\n      from setuptools.dist import Distribution\n    File \"/usr/lib/python3.6/site-packages/setuptools/dist.py\", line 31, in <module>\n      from setuptools.extern.more_itertools import unique_everseen\n    File \"<frozen importlib._bootstrap>\", line 971, in _find_and_load\n    File \"<frozen importlib._bootstrap>\", line 955, in _find_and_load_unlocked\n    File \"<frozen importlib._bootstrap>\", line 658, in _load_unlocked\n    File \"<frozen importlib._bootstrap>\", line 571, in module_from_spec\n    File \"/usr/lib/python3.6/site-packages/setuptools/extern/__init__.py\", line 52, in create_module\n      return self.load_module(spec.name)\n    File \"/usr/lib/python3.6/site-packages/setuptools/extern/__init__.py\", line 37, in load_module\n      __import__(extant)\n    File \"/usr/lib/python3.6/site-packages/setuptools/_vendor/more_itertools/__init__.py\", line 1, in <module>\n      from .more import *  # noqa\n    File \"/usr/lib/python3.6/site-packages/setuptools/_vendor/more_itertools/more.py\", line 5, in <module>\n      from concurrent.futures import ThreadPoolExecutor\n    File \"/tmp/pip-install-mdib4f0a/futures_418be836fc854dfab815359d95dc59a3/concurrent/futures/__init__.py\", line 8, in <module>\n      from concurrent.futures._base import (FIRST_COMPLETED,\n    File \"/tmp/pip-install-mdib4f0a/futures_418be836fc854dfab815359d95dc59a3/concurrent/futures/_base.py\", line 354\n      raise type(self._exception), self._exception, self._traceback\n                                 ^\n  SyntaxError: invalid syntax\n  ----------------------------------------\n\u001b[0m\u001b[91mWARNING: Discarding https://files.pythonhosted.org/packages/ea/c9/35287369718fc05059e7a9d0d73c53745fe981010b4185b3858e7d46eff1/futures-3.0.0.tar.gz#sha256=d9cd7bb09aa01f0e4940af64c31fbd7045098b7b4354420d7838ea39e8b86ee3 (from https://pypi.org/simple/futures/). Command errored out with exit status 1: python setup.py egg_info Check the logs for full command output.\n\u001b[0m  Downloading futures-2.2.0-py2.py3-none-any.whl (16 kB)\nCollecting requests\n  Downloading requests-2.27.1-py2.py3-none-any.whl (63 kB)\nCollecting maxminddb\n  Downloading maxminddb-2.2.0.tar.gz (330 kB)\n  Preparing metadata (setup.py): started\n  Preparing metadata (setup.py): finished with status 'done'\nCollecting Flask-WTF\n  Downloading Flask_WTF-1.0.1-py3-none-any.whl (12 kB)\nCollecting click>=7.1.2\n  Downloading click-8.0.4-py3-none-any.whl (97 kB)\nCollecting Werkzeug>=2.0\n  Downloading Werkzeug-2.0.3-py3-none-any.whl (289 kB)\nCollecting itsdangerous>=2.0\n  Downloading itsdangerous-2.0.1-py3-none-any.whl (18 kB)\nCollecting Jinja2>=3.0\n  Downloading Jinja2-3.0.3-py3-none-any.whl (133 kB)\nCollecting future\n  Downloading future-0.18.2.tar.gz (829 kB)\n  Preparing metadata (setup.py): started\n  Preparing metadata (setup.py): finished with status 'done'\nCollecting certifi>=2017.4.17\n  Downloading certifi-2022.12.7-py3-none-any.whl (155 kB)\nCollecting urllib3<1.27,>=1.21.1\n  Downloading urllib3-1.26.13-py2.py3-none-any.whl (140 kB)\nCollecting charset-normalizer~=2.0.0\n  Downloading charset_normalizer-2.0.12-py3-none-any.whl (39 kB)\nCollecting idna<4,>=2.5\n  Downloading idna-3.4-py3-none-any.whl (61 kB)\nCollecting WTForms\n  Downloading WTForms-3.0.0-py3-none-any.whl (136 kB)\nCollecting importlib-metadata\n  Downloading importlib_metadata-4.8.3-py3-none-any.whl (17 kB)\nCollecting MarkupSafe>=2.0\n  Downloading MarkupSafe-2.0.1-cp36-cp36m-musllinux_1_1_x86_64.whl (29 kB)\nCollecting dataclasses\n  Downloading dataclasses-0.8-py3-none-any.whl (19 kB)\nCollecting zipp>=0.5\n  Downloading zipp-3.6.0-py3-none-any.whl (5.3 kB)\nCollecting typing-extensions>=3.6.4\n  Downloading typing_extensions-4.1.1-py3-none-any.whl (26 kB)\nUsing legacy 'setup.py install' for python-whois, since package 'wheel' is not installed.\nUsing legacy 'setup.py install' for maxminddb, since package 'wheel' is not installed.\nUsing legacy 'setup.py install' for future, since package 'wheel' is not installed.\nInstalling collected packages: zipp, typing-extensions, MarkupSafe, importlib-metadata, dataclasses, Werkzeug, Jinja2, itsdangerous, click, WTForms, urllib3, idna, future, flask, charset-normalizer, certifi, requests, python-whois, maxminddb, futures, Flask-WTF\n    Running setup.py install for future: started\n    Running setup.py install for future: finished with status 'done'\n    Running setup.py install for python-whois: started\n    Running setup.py install for python-whois: finished with status 'done'\n    Running setup.py install for maxminddb: started\n    Running setup.py install for maxminddb: finished with status 'done'\nSuccessfully installed Flask-WTF-1.0.1 Jinja2-3.0.3 MarkupSafe-2.0.1 WTForms-3.0.0 Werkzeug-2.0.3 certifi-2022.12.7 charset-normalizer-2.0.12 click-8.0.4 dataclasses-0.8 flask-2.0.3 future-0.18.2 futures-2.2.0 idna-3.4 importlib-metadata-4.8.3 itsdangerous-2.0.1 maxminddb-2.2.0 python-whois-0.8.0 requests-2.27.1 typing-extensions-4.1.1 urllib3-1.26.13 zipp-3.6.0\n\u001b[91mWARNING: Running pip as the 'root' user can result in broken permissions and conflicting behaviour with the system package manager. It is recommended to use a virtual environment instead: https://pip.pypa.io/warnings/venv\n\u001b[0mRemoving intermediate container 43af78b43313\n ---> debdb70d06e8\nStep 12/13 : EXPOSE 13337\n ---> Running in 5337ca629d61\nRemoving intermediate container 5337ca629d61\n ---> f01de2712dca\nStep 13/13 : ENTRYPOINT [\"python3\", \"extanalysis.py\"]\n ---> Running in fd29263a63b9\nRemoving intermediate container fd29263a63b9\n ---> 3345cf8a71ce\nSuccessfully built 3345cf8a71ce\nSuccessfully tagged extanalysis:latest\n","stderr":"","imageSize":120082166},"repair":{"violations":[{"name":"pipUseNoCacheDir","position":{"start":10,"end":10,"columnStart":4,"columnEnd":41}},{"name":"pipUseNoCacheDir","position":{"start":19,"end":19,"columnStart":4,"columnEnd":36}},{"name":"apkAddUseNoCache","position":{"start":15,"end":15,"columnStart":4,"columnEnd":15}}],"repairedDockerfile":"FROM alpine:3.9\nLABEL MAINTAINER furkan.sayim@yandex.com\nLABEL name ExtAnalysis\nLABEL src \"https://github.com/Tuhinshubhra/ExtAnalysis\"\nLABEL creator Tuhinshubhra\nLABEL desc \"Browser Extension Analysis Framework\"\n\nRUN apk add --no-cache python3 && \\\n    python3 -m ensurepip && \\\n    rm -r /usr/lib/python*/ensurepip && \\\n    pip3 install --no-cache-dir --upgrade pip setuptools && \\\n    if [ ! -e /usr/bin/pip ]; then ln -s pip3 /usr/bin/pip ; fi && \\\n    if [[ ! -e /usr/bin/python ]]; then ln -sf /usr/bin/python3 /usr/bin/python; fi && \\\n    rm -r /root/.cache\n\nRUN apk add --no-cache git\nRUN git clone https://github.com/Tuhinshubhra/ExtAnalysis.git /tmp/extanalysis\n\nWORKDIR /tmp/extanalysis\nRUN pip3 install --no-cache-dir -r requirements.txt\n\nEXPOSE 13337\n\nENTRYPOINT [\"python3\", \"extanalysis.py\"]\n"},"repairedBuild":{"startTimestamp":1672441143606,"endTimestamp":1672441154202,"error":{"code":1,"killed":false,"signal":null,"cmd":"docker build --no-cache --force-rm -t extanalysis:latest -f /tmp/dinghy-analysis/tuhinshubhra/extanalysis/Dockerfile ."},"stdout":"Sending build context to Docker daemon  30.45MB\r\r\nStep 1/13 : FROM alpine:3.9\n ---> 78a2ce922f86\nStep 2/13 : LABEL MAINTAINER furkan.sayim@yandex.com\n ---> Running in 61a973ab4ea3\nRemoving intermediate container 61a973ab4ea3\n ---> daaf0be76be6\nStep 3/13 : LABEL name ExtAnalysis\n ---> Running in fd6de4f69871\nRemoving intermediate container fd6de4f69871\n ---> 8a7e13b36eef\nStep 4/13 : LABEL src \"https://github.com/Tuhinshubhra/ExtAnalysis\"\n ---> Running in 7331fd54858d\nRemoving intermediate container 7331fd54858d\n ---> 1928aae0a585\nStep 5/13 : LABEL creator Tuhinshubhra\n ---> Running in 49e6b6e01240\nRemoving intermediate container 49e6b6e01240\n ---> 26c93e444e3f\nStep 6/13 : LABEL desc \"Browser Extension Analysis Framework\"\n ---> Running in 6bcbbecaa708\nRemoving intermediate container 6bcbbecaa708\n ---> 7fb202117a37\nStep 7/13 : RUN apk add --no-cache python3 &&     python3 -m ensurepip &&     rm -r /usr/lib/python*/ensurepip &&     pip3 install --no-cache-dir --upgrade pip setuptools &&     if [ ! -e /usr/bin/pip ]; then ln -s pip3 /usr/bin/pip ; fi &&     if [[ ! -e /usr/bin/python ]]; then ln -sf /usr/bin/python3 /usr/bin/python; fi &&     rm -r /root/.cache\n ---> Running in 7da27cb75725\nfetch http://dl-cdn.alpinelinux.org/alpine/v3.9/main/x86_64/APKINDEX.tar.gz\nfetch http://dl-cdn.alpinelinux.org/alpine/v3.9/community/x86_64/APKINDEX.tar.gz\n(1/11) Installing libbz2 (1.0.6-r7)\n(2/11) Installing expat (2.2.8-r0)\n(3/11) Installing libffi (3.2.1-r6)\n(4/11) Installing gdbm (1.13-r1)\n(5/11) Installing xz-libs (5.2.4-r0)\n(6/11) Installing ncurses-terminfo-base (6.1_p20190105-r0)\n(7/11) Installing ncurses-terminfo (6.1_p20190105-r0)\n(8/11) Installing ncurses-libs (6.1_p20190105-r0)\n(9/11) Installing readline (7.0.003-r1)\n(10/11) Installing sqlite-libs (3.28.0-r3)\n(11/11) Installing python3 (3.6.9-r3)\nExecuting busybox-1.29.3-r10.trigger\nOK: 68 MiB in 25 packages\nLooking in links: /tmp/tmp7g_k6d2a\nRequirement already satisfied: setuptools in /usr/lib/python3.6/site-packages (40.6.2)\nRequirement already satisfied: pip in /usr/lib/python3.6/site-packages (18.1)\nCollecting pip\n  Downloading https://files.pythonhosted.org/packages/a4/6d/6463d49a933f547439d6b5b98b46af8742cc03ae83543e4d7688c2420f8b/pip-21.3.1-py3-none-any.whl (1.7MB)\nCollecting setuptools\n  Downloading https://files.pythonhosted.org/packages/b0/3a/88b210db68e56854d0bcf4b38e165e03be377e13907746f825790f3df5bf/setuptools-59.6.0-py3-none-any.whl (952kB)\nInstalling collected packages: pip, setuptools\n  Found existing installation: pip 18.1\n    Uninstalling pip-18.1:\n      Successfully uninstalled pip-18.1\n  Found existing installation: setuptools 40.6.2\n    Uninstalling setuptools-40.6.2:\n      Successfully uninstalled setuptools-40.6.2\nSuccessfully installed pip-21.3.1 setuptools-59.6.0\n\u001b[91mrm: can't remove '/root/.cache': No such file or directory\n\u001b[0mRemoving intermediate container 7da27cb75725\n","stderr":"The command '/bin/sh -c apk add --no-cache python3 &&     python3 -m ensurepip &&     rm -r /usr/lib/python*/ensurepip &&     pip3 install --no-cache-dir --upgrade pip setuptools &&     if [ ! -e /usr/bin/pip ]; then ln -s pip3 /usr/bin/pip ; fi &&     if [[ ! -e /usr/bin/python ]]; then ln -sf /usr/bin/python3 /usr/bin/python; fi &&     rm -r /root/.cache' returned a non-zero code: 1\n"},"endTime":1672441154289}