{"repository":"https://github.com/theislab/ncem","dockerfilePath":"Dockerfile","startTime":1672894877531,"endTime":1672895124113,"clone":{"startTime":1672894877531,"stdout":"","stderr":"Cloning into '/tmp/dinghy-analysis/theislab/ncem'...\n","error":null,"endTime":1672894878428,"commit":"1ed3ccead38f70fcdbcc6640971ddfa877ff62cd"},"originalBuild":{"startTime":1672894878520,"endTime":1672895124044,"error":{"code":1,"killed":false,"signal":null,"cmd":"docker build --no-cache --force-rm -t ncem:latest -f /tmp/dinghy-analysis/theislab/ncem/Dockerfile ."},"stdout":"Sending build context to Docker daemon  3.497MB\r\r\nStep 1/5 : FROM python:3.8.1-alpine\n3.8.1-alpine: Pulling from library/python\nc9b1b535fdd9: Pulling fs layer\n2cc5ad85d9ab: Pulling fs layer\n61614c1a5710: Pulling fs layer\n0522d30cde10: Pulling fs layer\n938854eeb444: Pulling fs layer\n0522d30cde10: Waiting\nc9b1b535fdd9: Verifying Checksum\nc9b1b535fdd9: Download complete\nc9b1b535fdd9: Pull complete\n2cc5ad85d9ab: Verifying Checksum\n2cc5ad85d9ab: Download complete\n2cc5ad85d9ab: Pull complete\n0522d30cde10: Download complete\n938854eeb444: Verifying Checksum\n938854eeb444: Download complete\n61614c1a5710: Verifying Checksum\n61614c1a5710: Download complete\n61614c1a5710: Pull complete\n0522d30cde10: Pull complete\n938854eeb444: Pull complete\nDigest: sha256:50c60fffe5451e18af2c53d75b6864b5a0fcb458e239302cc218064ce4946ce7\nStatus: Downloaded newer image for python:3.8.1-alpine\n ---> a1cd5654cf3c\nStep 2/5 : RUN apk update\n ---> Running in 0aa7cb943c7e\nfetch http://dl-cdn.alpinelinux.org/alpine/v3.11/main/x86_64/APKINDEX.tar.gz\nfetch http://dl-cdn.alpinelinux.org/alpine/v3.11/community/x86_64/APKINDEX.tar.gz\nv3.11.13-12-g2cfa91a2b4 [http://dl-cdn.alpinelinux.org/alpine/v3.11/main]\nv3.11.11-124-gf2729ece5a [http://dl-cdn.alpinelinux.org/alpine/v3.11/community]\nOK: 11291 distinct packages available\nRemoving intermediate container 0aa7cb943c7e\n ---> f98a22eda542\nStep 3/5 : RUN apk add make automake gcc g++ git\n ---> Running in 8fb47033a687\n(1/24) Upgrading musl (1.1.24-r0 -> 1.1.24-r3)\n(2/24) Installing perl (5.30.3-r0)\n(3/24) Installing automake (1.16.1-r0)\n(4/24) Installing libgcc (9.3.0-r0)\n(5/24) Installing libstdc++ (9.3.0-r0)\n(6/24) Installing binutils (2.33.1-r1)\n(7/24) Installing gmp (6.1.2-r1)\n(8/24) Installing isl (0.18-r0)\n(9/24) Installing libgomp (9.3.0-r0)\n(10/24) Installing libatomic (9.3.0-r0)\n(11/24) Installing mpfr4 (4.0.2-r1)\n(12/24) Installing mpc1 (1.1.0-r1)\n(13/24) Installing gcc (9.3.0-r0)\n(14/24) Installing musl-dev (1.1.24-r3)\n(15/24) Installing libc-dev (0.7.2-r0)\n(16/24) Installing g++ (9.3.0-r0)\n(17/24) Installing nghttp2-libs (1.40.0-r1)\n(18/24) Installing libcurl (7.79.1-r0)\n(19/24) Installing pcre2 (10.34-r1)\n(20/24) Installing git (2.24.4-r0)\n(21/24) Installing perl-error (0.17028-r0)\n(22/24) Installing perl-git (2.24.4-r0)\n(23/24) Installing git-perl (2.24.4-r0)\n(24/24) Installing make (4.2.1-r2)\nExecuting busybox-1.31.1-r9.trigger\nOK: 238 MiB in 58 packages\nRemoving intermediate container 8fb47033a687\n ---> 3c870a976f30\nStep 4/5 : RUN pip install ncem\n ---> Running in 7a30de186253\nCollecting ncem\n  Downloading ncem-0.1.4-py3-none-any.whl (119 kB)\nCollecting diffxpy<0.8.0,>=0.7.4\n  Downloading diffxpy-0.7.4-py3-none-any.whl (85 kB)\nCollecting click<8.0.0,>=7.1.2\n  Downloading click-7.1.2-py2.py3-none-any.whl (82 kB)\nCollecting Jinja2<4.0.0,>=2.11.3\n  Downloading Jinja2-3.1.2-py3-none-any.whl (133 kB)\nCollecting scipy<2.0.0,>=1.7.0\n  Downloading scipy-1.10.0.tar.gz (42.4 MB)\n  Installing build dependencies: started\n  Installing build dependencies: still running...\n  Installing build dependencies: still running...\n  Installing build dependencies: finished with status 'done'\n  Getting requirements to build wheel: started\n  Getting requirements to build wheel: finished with status 'done'\n  Installing backend dependencies: started\n  Installing backend dependencies: finished with status 'error'\n\u001b[91m  ERROR: Command errored out with exit status 1:\n   command: /usr/local/bin/python /usr/local/lib/python3.8/site-packages/pip install --ignore-installed --no-user --prefix /tmp/pip-build-env-hbysvp0x/normal --no-warn-script-location --no-binary :none: --only-binary :none: -i https://pypi.org/simple -- 'patchelf >= 0.11.0' 'ninja >= 1.8.2'\n       cwd: None\n  Complete output (55 lines):\n  Collecting patchelf>=0.11.0\n    Downloading patchelf-0.17.0.0.tar.gz (166 kB)\n    Installing build dependencies: started\n    Installing build dependencies: finished with status 'done'\n    Getting requirements to build wheel: started\n    Getting requirements to build wheel: finished with status 'done'\n      Preparing wheel metadata: started\n      Preparing wheel metadata: finished with status 'done'\n  Collecting ninja>=1.8.2\n    Downloading ninja-1.11.1.tar.gz (27 kB)\n    Installing build dependencies: started\n    Installing build dependencies: finished with status 'done'\n    Getting requirements to build wheel: started\n    Getting requirements to build wheel: finished with status 'done'\n      Preparing wheel metadata: started\n      Preparing wheel metadata: finished with status 'done'\n  Building wheels for collected packages: patchelf, ninja\n    Building wheel for patchelf (PEP 517): started\n    Building wheel for patchelf (PEP 517): finished with status 'error'\n    ERROR: Command errored out with exit status 1:\n     command: /usr/local/bin/python /usr/local/lib/python3.8/site-packages/pip/_vendor/pep517/_in_process.py build_wheel /tmp/tmpr_asth1g\n         cwd: /tmp/pip-install-x_5wybxh/patchelf\n    Complete output (9 lines):\n    Traceback (most recent call last):\n      File \"/tmp/pip-build-env-3_zkaz7c/overlay/lib/python3.8/site-packages/skbuild/setuptools_wrap.py\", line 612, in setup\n        cmkr = cmaker.CMaker(cmake_executable)\n      File \"/tmp/pip-build-env-3_zkaz7c/overlay/lib/python3.8/site-packages/skbuild/cmaker.py\", line 149, in __init__\n        self.cmake_version = get_cmake_version(self.cmake_executable)\n      File \"/tmp/pip-build-env-3_zkaz7c/overlay/lib/python3.8/site-packages/skbuild/cmaker.py\", line 104, in get_cmake_version\n        raise SKBuildError(\n  \n    Problem with the CMake installation, aborting build. CMake executable is cmake\n    ----------------------------------------\n    ERROR: Failed building wheel for patchelf\n    Building wheel for ninja (PEP 517): started\n    Building wheel for ninja (PEP 517): finished with status 'error'\n    ERROR: Command errored out with exit status 1:\n     command: /usr/local/bin/python /usr/local/lib/python3.8/site-packages/pip/_vendor/pep517/_in_process.py build_wheel /tmp/tmphcq_l7w_\n         cwd: /tmp/pip-install-x_5wybxh/ninja\n    Complete output (9 lines):\n    Traceback (most recent call last):\n      File \"/tmp/pip-build-env-jjzg3gf_/overlay/lib/python3.8/site-packages/skbuild/setuptools_wrap.py\", line 612, in setup\n        cmkr = cmaker.CMaker(cmake_executable)\n      File \"/tmp/pip-build-env-jjzg3gf_/overlay/lib/python3.8/site-packages/skbuild/cmaker.py\", line 149, in __init__\n        self.cmake_version = get_cmake_version(self.cmake_executable)\n      File \"/tmp/pip-build-env-jjzg3gf_/overlay/lib/python3.8/site-packages/skbuild/cmaker.py\", line 104, in get_cmake_version\n        raise SKBuildError(\n  \n    Problem with the CMake installation, aborting build. CMake executable is cmake\n    ----------------------------------------\n    ERROR: Failed building wheel for ninja\n  Failed to build patchelf ninja\n  ERROR: Could not build wheels for patchelf, ninja which use PEP 517 and cannot be installed directly\n  WARNING: You are using pip version 20.0.2; however, version 22.3.1 is available.\n  You should consider upgrading via the '/usr/local/bin/python -m pip install --upgrade pip' command.\n  ----------------------------------------\n\u001b[0m\u001b[91mERROR: Command errored out with exit status 1: /usr/local/bin/python /usr/local/lib/python3.8/site-packages/pip install --ignore-installed --no-user --prefix /tmp/pip-build-env-hbysvp0x/normal --no-warn-script-location --no-binary :none: --only-binary :none: -i https://pypi.org/simple -- 'patchelf >= 0.11.0' 'ninja >= 1.8.2' Check the logs for full command output.\n\u001b[0m\u001b[91mWARNING: You are using pip version 20.0.2; however, version 22.3.1 is available.\nYou should consider upgrading via the '/usr/local/bin/python -m pip install --upgrade pip' command.\n\u001b[0mRemoving intermediate container 7a30de186253\n","stderr":"The command '/bin/sh -c pip install ncem' returned a non-zero code: 1\n"}}