{"repository":"https://github.com/gipit/gippy","dockerfilePath":"Dockerfile","startTime":1672265354706,"clone":{"stdout":"","stderr":"Cloning into '/tmp/dinghy-analysis/gipit/gippy'...\n","error":null,"commit":"2dc18209aea0728bc4b0ed8d93c25298e60b126e"},"originalBuild":{"startTimestamp":1672265355756,"endTimestamp":1672265639616,"error":null,"stdout":"Sending build context to Docker daemon  3.923MB\r\r\nStep 1/8 : FROM developmentseed/geolambda:latest\nlatest: Pulling from developmentseed/geolambda\n832a9fa6947e: Pulling fs layer\nfe6bfd165af8: Pulling fs layer\nc6f91e7cb239: Pulling fs layer\ndc12e769f676: Pulling fs layer\nac406f126ed7: Pulling fs layer\n51a60f8affd4: Pulling fs layer\n321aa0cd43f5: Pulling fs layer\n94e7d0b1793c: Pulling fs layer\na3ac9dc62b82: Pulling fs layer\nfe71c4d767f1: Pulling fs layer\n7947c5c02731: Pulling fs layer\nb374c0c89182: Pulling fs layer\ndc12e769f676: Waiting\nf226a3ab76f2: Pulling fs layer\nf76217c3dee6: Pulling fs layer\n51a60f8affd4: Waiting\nc414006e020a: Pulling fs layer\n321aa0cd43f5: Waiting\n8923115a992e: Pulling fs layer\nac406f126ed7: Waiting\nc6c1c3c9df2f: Pulling fs layer\ned10447fe416: Pulling fs layer\n41701cc0eaf5: Pulling fs layer\nf2b454a62168: Pulling fs layer\n94e7d0b1793c: Waiting\n44a5d6e2f0d2: Pulling fs layer\nd813eb7f2df4: Pulling fs layer\n7877a709c1ef: Pulling fs layer\na3ac9dc62b82: Waiting\nfe71c4d767f1: Waiting\n46a685475f57: Pulling fs layer\nceb1d7570da3: Pulling fs layer\n7947c5c02731: Waiting\n334a1c68c141: Pulling fs layer\nc87299b1fdfd: Pulling fs layer\nb374c0c89182: Waiting\n44a5d6e2f0d2: Waiting\nf226a3ab76f2: Waiting\nd813eb7f2df4: Waiting\nc6c1c3c9df2f: Waiting\n7877a709c1ef: Waiting\n8923115a992e: Waiting\ned10447fe416: Waiting\nf76217c3dee6: Waiting\nc87299b1fdfd: Waiting\nf2b454a62168: Waiting\nc414006e020a: Waiting\n334a1c68c141: Waiting\nceb1d7570da3: Waiting\nc6f91e7cb239: Verifying Checksum\nc6f91e7cb239: Download complete\ndc12e769f676: Verifying Checksum\ndc12e769f676: Download complete\nac406f126ed7: Verifying Checksum\nac406f126ed7: Download complete\n832a9fa6947e: Verifying Checksum\n832a9fa6947e: Download complete\n321aa0cd43f5: Verifying Checksum\n321aa0cd43f5: Download complete\n94e7d0b1793c: Download complete\na3ac9dc62b82: Verifying Checksum\na3ac9dc62b82: Download complete\nfe71c4d767f1: Verifying Checksum\nfe71c4d767f1: Download complete\n7947c5c02731: Verifying Checksum\n7947c5c02731: Download complete\nb374c0c89182: Verifying Checksum\nb374c0c89182: Download complete\nf226a3ab76f2: Verifying Checksum\nf226a3ab76f2: Download complete\n51a60f8affd4: Verifying Checksum\n51a60f8affd4: Download complete\nf76217c3dee6: Verifying Checksum\nf76217c3dee6: Download complete\nc414006e020a: Verifying Checksum\nc414006e020a: Download complete\nc6c1c3c9df2f: Download complete\n8923115a992e: Download complete\ned10447fe416: Verifying Checksum\ned10447fe416: Download complete\n41701cc0eaf5: Verifying Checksum\n41701cc0eaf5: Download complete\nf2b454a62168: Verifying Checksum\nf2b454a62168: Download complete\n44a5d6e2f0d2: Verifying Checksum\n44a5d6e2f0d2: Download complete\nfe6bfd165af8: Verifying Checksum\nfe6bfd165af8: Download complete\n7877a709c1ef: Verifying Checksum\n7877a709c1ef: Download complete\nd813eb7f2df4: Verifying Checksum\nd813eb7f2df4: Download complete\n334a1c68c141: Verifying Checksum\n334a1c68c141: Download complete\nceb1d7570da3: Verifying Checksum\nceb1d7570da3: Download complete\n46a685475f57: Verifying Checksum\n46a685475f57: Download complete\nc87299b1fdfd: Verifying Checksum\nc87299b1fdfd: Download complete\n832a9fa6947e: Pull complete\nfe6bfd165af8: Pull complete\nc6f91e7cb239: Pull complete\ndc12e769f676: Pull complete\nac406f126ed7: Pull complete\n51a60f8affd4: Pull complete\n321aa0cd43f5: Pull complete\n94e7d0b1793c: Pull complete\na3ac9dc62b82: Pull complete\nfe71c4d767f1: Pull complete\n7947c5c02731: Pull complete\nb374c0c89182: Pull complete\nf226a3ab76f2: Pull complete\nf76217c3dee6: Pull complete\nc414006e020a: Pull complete\n8923115a992e: Pull complete\nc6c1c3c9df2f: Pull complete\ned10447fe416: Pull complete\n41701cc0eaf5: Pull complete\nf2b454a62168: Pull complete\n44a5d6e2f0d2: Pull complete\nd813eb7f2df4: Pull complete\n7877a709c1ef: Pull complete\n46a685475f57: Pull complete\nceb1d7570da3: Pull complete\n334a1c68c141: Pull complete\nc87299b1fdfd: Pull complete\nDigest: sha256:4443f672f53ed84d310a80455fc2b4c640a38f9161344ed336a028c680761855\nStatus: Downloaded newer image for developmentseed/geolambda:latest\n ---> e8eb5f73f85e\nStep 2/8 : WORKDIR /build\n ---> Running in c9f8a6f54819\nRemoving intermediate container c9f8a6f54819\n ---> c7dea7d1bcef\nStep 3/8 : RUN     yum install -y swig;\n ---> Running in 9cf0d481b9eb\nLoaded plugins: ovl, priorities\nPackage swig-2.0.10-4.24.amzn1.x86_64 already installed and latest version\nNothing to do\nRemoving intermediate container 9cf0d481b9eb\n ---> e4dfba1b8798\nStep 4/8 : COPY requirements*txt /build/\n ---> 3d54fe44ce7d\nStep 5/8 : RUN     pip2 install -r requirements.txt;     pip2 install -r requirements-dev.txt;     pip3 install -r requirements.txt;     pip3 install -r requirements-dev.txt;\n ---> Running in fe35590303ab\n\u001b[91m/bin/sh: pip2: command not found\n\u001b[0m\u001b[91m/bin/sh: pip2: command not found\n\u001b[0mCollecting numpy>=1.9\n  Downloading numpy-1.19.5-cp36-cp36m-manylinux2010_x86_64.whl (14.8 MB)\nInstalling collected packages: numpy\nSuccessfully installed numpy-1.19.5\n\u001b[91mWARNING: You are using pip version 20.2.4; however, version 21.3.1 is available.\nYou should consider upgrading via the '/usr/bin/python3 -m pip install --upgrade pip' command.\n\u001b[0mCollecting Sphinx==1.4.1\n  Downloading Sphinx-1.4.1-py2.py3-none-any.whl (1.6 MB)\nCollecting sphinx-rtd-theme==0.1.9\n  Downloading sphinx_rtd_theme-0.1.9-py3-none-any.whl (693 kB)\nCollecting pytest~=3.6.1\n  Downloading pytest-3.6.4-py2.py3-none-any.whl (196 kB)\nCollecting pytest-cov~=2.5.1\n  Downloading pytest_cov-2.5.1-py2.py3-none-any.whl (21 kB)\nCollecting stestdata==0.0.1\n  Downloading stestdata-0.0.1.tar.gz (37.9 MB)\nRequirement already satisfied: six>=1.4 in /usr/local/lib/python3.6/site-packages (from Sphinx==1.4.1->-r requirements-dev.txt (line 1)) (1.15.0)\nCollecting alabaster<0.8,>=0.7\n  Downloading alabaster-0.7.12-py2.py3-none-any.whl (14 kB)\nCollecting snowballstemmer>=1.1\n  Downloading snowballstemmer-2.2.0-py2.py3-none-any.whl (93 kB)\nCollecting Jinja2>=2.3\n  Downloading Jinja2-3.0.3-py3-none-any.whl (133 kB)\nCollecting Pygments>=2.0\n  Downloading Pygments-2.13.0-py3-none-any.whl (1.1 MB)\nCollecting imagesize\n  Downloading imagesize-1.4.1-py2.py3-none-any.whl (8.8 kB)\nCollecting docutils>=0.11\n  Downloading docutils-0.18.1-py2.py3-none-any.whl (570 kB)\nCollecting babel!=2.0,>=1.3\n  Downloading Babel-2.11.0-py3-none-any.whl (9.5 MB)\nRequirement already satisfied: setuptools in /usr/local/lib/python3.6/site-packages (from pytest~=3.6.1->-r requirements-dev.txt (line 3)) (50.3.2)\nCollecting py>=1.5.0\n  Downloading py-1.11.0-py2.py3-none-any.whl (98 kB)\nCollecting more-itertools>=4.0.0\n  Downloading more_itertools-8.14.0-py3-none-any.whl (52 kB)\nCollecting attrs>=17.4.0\n  Downloading attrs-22.2.0-py3-none-any.whl (60 kB)\nCollecting pluggy<0.8,>=0.5\n  Downloading pluggy-0.7.1-py2.py3-none-any.whl (14 kB)\nCollecting atomicwrites>=1.0\n  Downloading atomicwrites-1.4.1.tar.gz (14 kB)\nCollecting coverage>=3.7.1\n  Downloading coverage-6.2-cp36-cp36m-manylinux_2_5_x86_64.manylinux1_x86_64.manylinux_2_12_x86_64.manylinux2010_x86_64.whl (212 kB)\nCollecting MarkupSafe>=2.0\n  Downloading MarkupSafe-2.0.1-cp36-cp36m-manylinux2010_x86_64.whl (30 kB)\nCollecting pytz>=2015.7\n  Downloading pytz-2022.7-py2.py3-none-any.whl (499 kB)\nBuilding wheels for collected packages: stestdata, atomicwrites\n  Building wheel for stestdata (setup.py): started\n  Building wheel for stestdata (setup.py): finished with status 'done'\n  Created wheel for stestdata: filename=stestdata-0.0.1-py3-none-any.whl size=37893249 sha256=2509b74392e1bfc395ccd730c18395ca0b9b5dd9a3eff9f98778bd541cbb317d\n  Stored in directory: /root/.cache/pip/wheels/b7/97/1c/7eb416611aab1e8288fb678681a5d54563bd29b6c06f4daad1\n  Building wheel for atomicwrites (setup.py): started\n  Building wheel for atomicwrites (setup.py): finished with status 'done'\n  Created wheel for atomicwrites: filename=atomicwrites-1.4.1-py2.py3-none-any.whl size=6946 sha256=0befc1770822da89fc7e0491d31a76c35aa3af72f161bf6d26101b0dff054c31\n  Stored in directory: /root/.cache/pip/wheels/a1/e7/28/46d397595a418eb7ce1a8e6bbdfcea9e73753249bc824cc9cb\nSuccessfully built stestdata atomicwrites\nInstalling collected packages: alabaster, snowballstemmer, MarkupSafe, Jinja2, Pygments, imagesize, docutils, pytz, babel, Sphinx, sphinx-rtd-theme, py, more-itertools, attrs, pluggy, atomicwrites, pytest, coverage, pytest-cov, stestdata\n\u001b[91mERROR: After October 2020 you may experience errors when installing or updating packages. This is because pip will change the way that it resolves dependency conflicts.\n\nWe recommend you use --use-feature=2020-resolver to test your packages with the new resolver before it becomes the default.\n\nstestdata 0.0.1 requires six==1.10.0, but you'll have six 1.15.0 which is incompatible.\n\u001b[0mSuccessfully installed Jinja2-3.0.3 MarkupSafe-2.0.1 Pygments-2.13.0 Sphinx-1.4.1 alabaster-0.7.12 atomicwrites-1.4.1 attrs-22.2.0 babel-2.11.0 coverage-6.2 docutils-0.18.1 imagesize-1.4.1 more-itertools-8.14.0 pluggy-0.7.1 py-1.11.0 pytest-3.6.4 pytest-cov-2.5.1 pytz-2022.7 snowballstemmer-2.2.0 sphinx-rtd-theme-0.1.9 stestdata-0.0.1\n\u001b[91mWARNING: You are using pip version 20.2.4; however, version 21.3.1 is available.\nYou should consider upgrading via the '/usr/bin/python3 -m pip install --upgrade pip' command.\n\u001b[0mRemoving intermediate container fe35590303ab\n ---> f4433f4d7450\nStep 6/8 : COPY . /build\n ---> c03c022d713d\nStep 7/8 : RUN     git clean -xfd;     pip2 install .;     git clean -xfd;     pip3 install .;     rm -rf /build/*;\n ---> Running in 2fa407524a07\n\u001b[91m/bin/sh: pip2: command not found\n\u001b[0mProcessing /build\nRequirement already satisfied: numpy>=1.9 in /usr/local/lib64/python3.6/site-packages (from gippy==1.0.3) (1.19.5)\nBuilding wheels for collected packages: gippy\n  Building wheel for gippy (setup.py): started\n  Building wheel for gippy (setup.py): finished with status 'error'\n\u001b[91m  ERROR: Command errored out with exit status 1:\n   command: /usr/bin/python3 -u -c 'import sys, setuptools, tokenize; sys.argv[0] = '\"'\"'/tmp/pip-req-build-74yixgom/setup.py'\"'\"'; __file__='\"'\"'/tmp/pip-req-build-74yixgom/setup.py'\"'\"';f=getattr(tokenize, '\"'\"'open'\"'\"', open)(__file__);code=f.read().replace('\"'\"'\\r\\n'\"'\"', '\"'\"'\\n'\"'\"');f.close();exec(compile(code, __file__, '\"'\"'exec'\"'\"'))' bdist_wheel -d /tmp/pip-wheel-b9gowynj\n       cwd: /tmp/pip-req-build-74yixgom/\n  Complete output (43 lines):\n  running bdist_wheel\n  running build\n  running build_py\n  creating build\n  creating build/lib.linux-x86_64-3.6\n  creating build/lib.linux-x86_64-3.6/gippy\n  copying gippy/__init__.py -> build/lib.linux-x86_64-3.6/gippy\n  copying gippy/version.py -> build/lib.linux-x86_64-3.6/gippy\n  copying gippy/test.py -> build/lib.linux-x86_64-3.6/gippy\n  running build_ext\n  DEBUG:setup.py:_build_ext run\n  building 'gippy/libgip' extension\n  creating build/temp.linux-x86_64-3.6\n  creating build/temp.linux-x86_64-3.6/GIP\n  gcc -pthread -Wno-unused-result -Wsign-compare -DDYNAMIC_ANNOTATIONS_ENABLED=1 -DNDEBUG -O2 -g -pipe -Wall -Wp,-D_FORTIFY_SOURCE=2 -fexceptions -fstack-protector --param=ssp-buffer-size=4 -m64 -mtune=generic -D_GNU_SOURCE -fPIC -fwrapv -fPIC -IGIP -I/usr/local/lib64/python3.6/site-packages/numpy/core/include -I/usr/local/include -I/usr/include/python3.6m -c GIP/GeoResource.cpp -o build/temp.linux-x86_64-3.6/GIP/GeoResource.o -fPIC -O3 -std=c++11 -Wno-maybe-uninitialized\n  gcc -pthread -Wno-unused-result -Wsign-compare -DDYNAMIC_ANNOTATIONS_ENABLED=1 -DNDEBUG -O2 -g -pipe -Wall -Wp,-D_FORTIFY_SOURCE=2 -fexceptions -fstack-protector --param=ssp-buffer-size=4 -m64 -mtune=generic -D_GNU_SOURCE -fPIC -fwrapv -fPIC -IGIP -I/usr/local/lib64/python3.6/site-packages/numpy/core/include -I/usr/local/include -I/usr/include/python3.6m -c GIP/gip.cpp -o build/temp.linux-x86_64-3.6/GIP/gip.o -fPIC -O3 -std=c++11 -Wno-maybe-uninitialized\n  gcc -pthread -Wno-unused-result -Wsign-compare -DDYNAMIC_ANNOTATIONS_ENABLED=1 -DNDEBUG -O2 -g -pipe -Wall -Wp,-D_FORTIFY_SOURCE=2 -fexceptions -fstack-protector --param=ssp-buffer-size=4 -m64 -mtune=generic -D_GNU_SOURCE -fPIC -fwrapv -fPIC -IGIP -I/usr/local/lib64/python3.6/site-packages/numpy/core/include -I/usr/local/include -I/usr/include/python3.6m -c GIP/GeoAlgorithms.cpp -o build/temp.linux-x86_64-3.6/GIP/GeoAlgorithms.o -fPIC -O3 -std=c++11 -Wno-maybe-uninitialized\n  gcc -pthread -Wno-unused-result -Wsign-compare -DDYNAMIC_ANNOTATIONS_ENABLED=1 -DNDEBUG -O2 -g -pipe -Wall -Wp,-D_FORTIFY_SOURCE=2 -fexceptions -fstack-protector --param=ssp-buffer-size=4 -m64 -mtune=generic -D_GNU_SOURCE -fPIC -fwrapv -fPIC -IGIP -I/usr/local/lib64/python3.6/site-packages/numpy/core/include -I/usr/local/include -I/usr/include/python3.6m -c GIP/GeoRaster.cpp -o build/temp.linux-x86_64-3.6/GIP/GeoRaster.o -fPIC -O3 -std=c++11 -Wno-maybe-uninitialized\n  GIP/GeoRaster.cpp: In member function ‘gip::GeoRaster& gip::GeoRaster::warp_into(gip::GeoRaster&, gip::GeoFeature, int, bool) const’:\n  GIP/GeoRaster.cpp:264:28: error: cannot declare variable ‘oTransformer’ to be of abstract type ‘gip::CutlineTransformer’\n           CutlineTransformer oTransformer;\n                              ^\n  In file included from GIP/gip/DataType.h:27:0,\n                   from GIP/gip/GeoResource.h:30,\n                   from GIP/gip/GeoRaster.h:32,\n                   from GIP/GeoRaster.cpp:22:\n  GIP/gip/utils.h:153:11: note:   because the following virtual functions are pure within ‘gip::CutlineTransformer’:\n       class CutlineTransformer : public OGRCoordinateTransformation {\n             ^\n  In file included from /usr/local/include/ogr_geometry.h:38:0,\n                   from /usr/local/include/ogr_feature.h:36,\n                   from /usr/local/include/gdal_priv.h:80,\n                   from GIP/gip/gip.h:25,\n                   from GIP/gip/GeoResource.h:29,\n                   from GIP/gip/GeoRaster.h:32,\n                   from GIP/GeoRaster.cpp:22:\n  /usr/local/include/ogr_spatialref.h:790:17: note: \tvirtual int OGRCoordinateTransformation::Transform(int, double*, double*, double*, double*, int*)\n       virtual int Transform( int nCount,\n                   ^\n  /usr/local/include/ogr_spatialref.h:810:42: note: \tvirtual OGRCoordinateTransformation* OGRCoordinateTransformation::Clone() const\n       virtual OGRCoordinateTransformation* Clone() const = 0;\n                                            ^\n  error: command 'gcc' failed with exit status 1\n  ----------------------------------------\n\u001b[0m\u001b[91m  ERROR: Failed building wheel for gippy\n\u001b[0m  Running setup.py clean for gippy\nFailed to build gippy\nInstalling collected packages: gippy\n    Running setup.py install for gippy: started\n    Running setup.py install for gippy: finished with status 'error'\n\u001b[91m    ERROR: Command errored out with exit status 1:\n     command: /usr/bin/python3 -u -c 'import sys, setuptools, tokenize; sys.argv[0] = '\"'\"'/tmp/pip-req-build-74yixgom/setup.py'\"'\"'; __file__='\"'\"'/tmp/pip-req-build-74yixgom/setup.py'\"'\"';f=getattr(tokenize, '\"'\"'open'\"'\"', open)(__file__);code=f.read().replace('\"'\"'\\r\\n'\"'\"', '\"'\"'\\n'\"'\"');f.close();exec(compile(code, __file__, '\"'\"'exec'\"'\"'))' install --record /tmp/pip-record-jgrhunfo/install-record.txt --single-version-externally-managed --compile --install-headers /usr/local/include/python3.6/gippy\n         cwd: /tmp/pip-req-build-74yixgom/\n    Complete output (36 lines):\n    running install\n    DEBUG:setup.py:_install run\n    running build_ext\n    DEBUG:setup.py:_build_ext run\n    building 'gippy/libgip' extension\n    creating build/temp.linux-x86_64-3.6\n    creating build/temp.linux-x86_64-3.6/GIP\n    gcc -pthread -Wno-unused-result -Wsign-compare -DDYNAMIC_ANNOTATIONS_ENABLED=1 -DNDEBUG -O2 -g -pipe -Wall -Wp,-D_FORTIFY_SOURCE=2 -fexceptions -fstack-protector --param=ssp-buffer-size=4 -m64 -mtune=generic -D_GNU_SOURCE -fPIC -fwrapv -fPIC -IGIP -I/usr/local/lib64/python3.6/site-packages/numpy/core/include -I/usr/local/include -I/usr/include/python3.6m -c GIP/GeoResource.cpp -o build/temp.linux-x86_64-3.6/GIP/GeoResource.o -fPIC -O3 -std=c++11 -Wno-maybe-uninitialized\n    gcc -pthread -Wno-unused-result -Wsign-compare -DDYNAMIC_ANNOTATIONS_ENABLED=1 -DNDEBUG -O2 -g -pipe -Wall -Wp,-D_FORTIFY_SOURCE=2 -fexceptions -fstack-protector --param=ssp-buffer-size=4 -m64 -mtune=generic -D_GNU_SOURCE -fPIC -fwrapv -fPIC -IGIP -I/usr/local/lib64/python3.6/site-packages/numpy/core/include -I/usr/local/include -I/usr/include/python3.6m -c GIP/gip.cpp -o build/temp.linux-x86_64-3.6/GIP/gip.o -fPIC -O3 -std=c++11 -Wno-maybe-uninitialized\n    gcc -pthread -Wno-unused-result -Wsign-compare -DDYNAMIC_ANNOTATIONS_ENABLED=1 -DNDEBUG -O2 -g -pipe -Wall -Wp,-D_FORTIFY_SOURCE=2 -fexceptions -fstack-protector --param=ssp-buffer-size=4 -m64 -mtune=generic -D_GNU_SOURCE -fPIC -fwrapv -fPIC -IGIP -I/usr/local/lib64/python3.6/site-packages/numpy/core/include -I/usr/local/include -I/usr/include/python3.6m -c GIP/GeoAlgorithms.cpp -o build/temp.linux-x86_64-3.6/GIP/GeoAlgorithms.o -fPIC -O3 -std=c++11 -Wno-maybe-uninitialized\n    gcc -pthread -Wno-unused-result -Wsign-compare -DDYNAMIC_ANNOTATIONS_ENABLED=1 -DNDEBUG -O2 -g -pipe -Wall -Wp,-D_FORTIFY_SOURCE=2 -fexceptions -fstack-protector --param=ssp-buffer-size=4 -m64 -mtune=generic -D_GNU_SOURCE -fPIC -fwrapv -fPIC -IGIP -I/usr/local/lib64/python3.6/site-packages/numpy/core/include -I/usr/local/include -I/usr/include/python3.6m -c GIP/GeoRaster.cpp -o build/temp.linux-x86_64-3.6/GIP/GeoRaster.o -fPIC -O3 -std=c++11 -Wno-maybe-uninitialized\n    GIP/GeoRaster.cpp: In member function ‘gip::GeoRaster& gip::GeoRaster::warp_into(gip::GeoRaster&, gip::GeoFeature, int, bool) const’:\n    GIP/GeoRaster.cpp:264:28: error: cannot declare variable ‘oTransformer’ to be of abstract type ‘gip::CutlineTransformer’\n             CutlineTransformer oTransformer;\n                                ^\n    In file included from GIP/gip/DataType.h:27:0,\n                     from GIP/gip/GeoResource.h:30,\n                     from GIP/gip/GeoRaster.h:32,\n                     from GIP/GeoRaster.cpp:22:\n    GIP/gip/utils.h:153:11: note:   because the following virtual functions are pure within ‘gip::CutlineTransformer’:\n         class CutlineTransformer : public OGRCoordinateTransformation {\n               ^\n    In file included from /usr/local/include/ogr_geometry.h:38:0,\n                     from /usr/local/include/ogr_feature.h:36,\n                     from /usr/local/include/gdal_priv.h:80,\n                     from GIP/gip/gip.h:25,\n                     from GIP/gip/GeoResource.h:29,\n                     from GIP/gip/GeoRaster.h:32,\n                     from GIP/GeoRaster.cpp:22:\n    /usr/local/include/ogr_spatialref.h:790:17: note: \tvirtual int OGRCoordinateTransformation::Transform(int, double*, double*, double*, double*, int*)\n         virtual int Transform( int nCount,\n                     ^\n    /usr/local/include/ogr_spatialref.h:810:42: note: \tvirtual OGRCoordinateTransformation* OGRCoordinateTransformation::Clone() const\n         virtual OGRCoordinateTransformation* Clone() const = 0;\n                                              ^\n    error: command 'gcc' failed with exit status 1\n    ----------------------------------------\n\u001b[0m\u001b[91mERROR: Command errored out with exit status 1: /usr/bin/python3 -u -c 'import sys, setuptools, tokenize; sys.argv[0] = '\"'\"'/tmp/pip-req-build-74yixgom/setup.py'\"'\"'; __file__='\"'\"'/tmp/pip-req-build-74yixgom/setup.py'\"'\"';f=getattr(tokenize, '\"'\"'open'\"'\"', open)(__file__);code=f.read().replace('\"'\"'\\r\\n'\"'\"', '\"'\"'\\n'\"'\"');f.close();exec(compile(code, __file__, '\"'\"'exec'\"'\"'))' install --record /tmp/pip-record-jgrhunfo/install-record.txt --single-version-externally-managed --compile --install-headers /usr/local/include/python3.6/gippy Check the logs for full command output.\n\u001b[0m\u001b[91mWARNING: You are using pip version 20.2.4; however, version 21.3.1 is available.\nYou should consider upgrading via the '/usr/bin/python3 -m pip install --upgrade pip' command.\n\u001b[0mRemoving intermediate container 2fa407524a07\n ---> da39ae01a9b6\nStep 8/8 : WORKDIR /home/geolambda\n ---> Running in 2419bf7857db\nRemoving intermediate container 2419bf7857db\n ---> 65179ef69081\nSuccessfully built 65179ef69081\nSuccessfully tagged gippy:latest\n","stderr":"","imageSize":2853671346},"repair":{"violations":[{"name":"pipUseNoCacheDir","position":{"start":9,"end":9,"columnStart":4,"columnEnd":37}},{"name":"pipUseNoCacheDir","position":{"start":10,"end":10,"columnStart":4,"columnEnd":41}},{"name":"pipUseNoCacheDir","position":{"start":11,"end":11,"columnStart":4,"columnEnd":37}},{"name":"pipUseNoCacheDir","position":{"start":12,"end":12,"columnStart":4,"columnEnd":41}},{"name":"pipUseNoCacheDir","position":{"start":17,"end":17,"columnStart":4,"columnEnd":19}},{"name":"pipUseNoCacheDir","position":{"start":19,"end":19,"columnStart":4,"columnEnd":19}},{"name":"yumInstallRmVarCacheYum","position":{"start":5,"end":5,"columnStart":4,"columnEnd":24}}],"repairedDockerfile":"FROM developmentseed/geolambda:latest\n\nWORKDIR /build\n\nRUN \\\n    yum install -y swig;\n\nCOPY requirements*txt /build/\nRUN \\\n    pip2 install --no-cache-dir -r requirements.txt; \\\n    pip2 install --no-cache-dir -r requirements-dev.txt; \\\n    pip3 install --no-cache-dir -r requirements.txt; \\\n    pip3 install --no-cache-dir -r requirements-dev.txt;\n\nCOPY . /build\nRUN \\\n    git clean -xfd; \\\n    pip2 install --no-cache-dir .; \\\n    git clean -xfd; \\\n    pip3 install --no-cache-dir .; \\\n    rm -rf /build/*;\n\nWORKDIR /home/geolambda\n"},"repairedBuild":{"startTimestamp":1672265643168,"endTimestamp":1672265769279,"error":null,"stdout":"Sending build context to Docker daemon  3.924MB\r\r\nStep 1/8 : FROM developmentseed/geolambda:latest\n ---> e8eb5f73f85e\nStep 2/8 : WORKDIR /build\n ---> Running in 0ef480fe6433\nRemoving intermediate container 0ef480fe6433\n ---> 47d547917e67\nStep 3/8 : RUN     yum install -y swig;\n ---> Running in 5d2696a558e0\nLoaded plugins: ovl, priorities\nPackage swig-2.0.10-4.24.amzn1.x86_64 already installed and latest version\nNothing to do\nRemoving intermediate container 5d2696a558e0\n ---> 0ec1cb6413c0\nStep 4/8 : COPY requirements*txt /build/\n ---> 9094afca2e0b\nStep 5/8 : RUN     pip2 install --no-cache-dir -r requirements.txt;     pip2 install --no-cache-dir -r requirements-dev.txt;     pip3 install --no-cache-dir -r requirements.txt;     pip3 install --no-cache-dir -r requirements-dev.txt;\n ---> Running in 6cedf19fad48\n\u001b[91m/bin/sh: pip2: command not found\n\u001b[0m\u001b[91m/bin/sh: pip2: command not found\n\u001b[0mCollecting numpy>=1.9\n  Downloading numpy-1.19.5-cp36-cp36m-manylinux2010_x86_64.whl (14.8 MB)\nInstalling collected packages: numpy\nSuccessfully installed numpy-1.19.5\n\u001b[91mWARNING: You are using pip version 20.2.4; however, version 21.3.1 is available.\nYou should consider upgrading via the '/usr/bin/python3 -m pip install --upgrade pip' command.\n\u001b[0mCollecting Sphinx==1.4.1\n  Downloading Sphinx-1.4.1-py2.py3-none-any.whl (1.6 MB)\nCollecting sphinx-rtd-theme==0.1.9\n  Downloading sphinx_rtd_theme-0.1.9-py3-none-any.whl (693 kB)\nCollecting pytest~=3.6.1\n  Downloading pytest-3.6.4-py2.py3-none-any.whl (196 kB)\nCollecting pytest-cov~=2.5.1\n  Downloading pytest_cov-2.5.1-py2.py3-none-any.whl (21 kB)\nCollecting stestdata==0.0.1\n  Downloading stestdata-0.0.1.tar.gz (37.9 MB)\nCollecting Jinja2>=2.3\n  Downloading Jinja2-3.0.3-py3-none-any.whl (133 kB)\nCollecting imagesize\n  Downloading imagesize-1.4.1-py2.py3-none-any.whl (8.8 kB)\nCollecting alabaster<0.8,>=0.7\n  Downloading alabaster-0.7.12-py2.py3-none-any.whl (14 kB)\nCollecting Pygments>=2.0\n  Downloading Pygments-2.13.0-py3-none-any.whl (1.1 MB)\nRequirement already satisfied: six>=1.4 in /usr/local/lib/python3.6/site-packages (from Sphinx==1.4.1->-r requirements-dev.txt (line 1)) (1.15.0)\nCollecting snowballstemmer>=1.1\n  Downloading snowballstemmer-2.2.0-py2.py3-none-any.whl (93 kB)\nCollecting docutils>=0.11\n  Downloading docutils-0.18.1-py2.py3-none-any.whl (570 kB)\nCollecting babel!=2.0,>=1.3\n  Downloading Babel-2.11.0-py3-none-any.whl (9.5 MB)\nCollecting atomicwrites>=1.0\n  Downloading atomicwrites-1.4.1.tar.gz (14 kB)\nCollecting py>=1.5.0\n  Downloading py-1.11.0-py2.py3-none-any.whl (98 kB)\nCollecting more-itertools>=4.0.0\n  Downloading more_itertools-8.14.0-py3-none-any.whl (52 kB)\nCollecting attrs>=17.4.0\n  Downloading attrs-22.2.0-py3-none-any.whl (60 kB)\nCollecting pluggy<0.8,>=0.5\n  Downloading pluggy-0.7.1-py2.py3-none-any.whl (14 kB)\nRequirement already satisfied: setuptools in /usr/local/lib/python3.6/site-packages (from pytest~=3.6.1->-r requirements-dev.txt (line 3)) (50.3.2)\nCollecting coverage>=3.7.1\n  Downloading coverage-6.2-cp36-cp36m-manylinux_2_5_x86_64.manylinux1_x86_64.manylinux_2_12_x86_64.manylinux2010_x86_64.whl (212 kB)\nCollecting MarkupSafe>=2.0\n  Downloading MarkupSafe-2.0.1-cp36-cp36m-manylinux2010_x86_64.whl (30 kB)\nCollecting pytz>=2015.7\n  Downloading pytz-2022.7-py2.py3-none-any.whl (499 kB)\nBuilding wheels for collected packages: stestdata, atomicwrites\n  Building wheel for stestdata (setup.py): started\n  Building wheel for stestdata (setup.py): finished with status 'done'\n  Created wheel for stestdata: filename=stestdata-0.0.1-py3-none-any.whl size=37893249 sha256=1e389b565d5032803cd39bde4b8e70adfc1d8275b9c6cf914450818e1e8e4cd9\n  Stored in directory: /tmp/pip-ephem-wheel-cache-7tybye2g/wheels/b7/97/1c/7eb416611aab1e8288fb678681a5d54563bd29b6c06f4daad1\n  Building wheel for atomicwrites (setup.py): started\n  Building wheel for atomicwrites (setup.py): finished with status 'done'\n  Created wheel for atomicwrites: filename=atomicwrites-1.4.1-py2.py3-none-any.whl size=6946 sha256=6b37dc9f636b9cc2f52533f3f9b0fea8d7240b84c21622f26c1664c227a9c6e7\n  Stored in directory: /tmp/pip-ephem-wheel-cache-7tybye2g/wheels/a1/e7/28/46d397595a418eb7ce1a8e6bbdfcea9e73753249bc824cc9cb\nSuccessfully built stestdata atomicwrites\nInstalling collected packages: MarkupSafe, Jinja2, imagesize, alabaster, Pygments, snowballstemmer, docutils, pytz, babel, Sphinx, sphinx-rtd-theme, atomicwrites, py, more-itertools, attrs, pluggy, pytest, coverage, pytest-cov, stestdata\n\u001b[91mERROR: After October 2020 you may experience errors when installing or updating packages. This is because pip will change the way that it resolves dependency conflicts.\n\nWe recommend you use --use-feature=2020-resolver to test your packages with the new resolver before it becomes the default.\n\nstestdata 0.0.1 requires six==1.10.0, but you'll have six 1.15.0 which is incompatible.\n\u001b[0mSuccessfully installed Jinja2-3.0.3 MarkupSafe-2.0.1 Pygments-2.13.0 Sphinx-1.4.1 alabaster-0.7.12 atomicwrites-1.4.1 attrs-22.2.0 babel-2.11.0 coverage-6.2 docutils-0.18.1 imagesize-1.4.1 more-itertools-8.14.0 pluggy-0.7.1 py-1.11.0 pytest-3.6.4 pytest-cov-2.5.1 pytz-2022.7 snowballstemmer-2.2.0 sphinx-rtd-theme-0.1.9 stestdata-0.0.1\n\u001b[91mWARNING: You are using pip version 20.2.4; however, version 21.3.1 is available.\nYou should consider upgrading via the '/usr/bin/python3 -m pip install --upgrade pip' command.\n\u001b[0mRemoving intermediate container 6cedf19fad48\n ---> 8e49ed34e273\nStep 6/8 : COPY . /build\n ---> 103fa6080a00\nStep 7/8 : RUN     git clean -xfd;     pip2 install --no-cache-dir .;     git clean -xfd;     pip3 install --no-cache-dir .;     rm -rf /build/*;\n ---> Running in 03430c96b443\n\u001b[91m/bin/sh: pip2: command not found\n\u001b[0mProcessing /build\nRequirement already satisfied: numpy>=1.9 in /usr/local/lib64/python3.6/site-packages (from gippy==1.0.3) (1.19.5)\nBuilding wheels for collected packages: gippy\n  Building wheel for gippy (setup.py): started\n  Building wheel for gippy (setup.py): finished with status 'error'\n\u001b[91m  ERROR: Command errored out with exit status 1:\n   command: /usr/bin/python3 -u -c 'import sys, setuptools, tokenize; sys.argv[0] = '\"'\"'/tmp/pip-req-build-wot4bz02/setup.py'\"'\"'; __file__='\"'\"'/tmp/pip-req-build-wot4bz02/setup.py'\"'\"';f=getattr(tokenize, '\"'\"'open'\"'\"', open)(__file__);code=f.read().replace('\"'\"'\\r\\n'\"'\"', '\"'\"'\\n'\"'\"');f.close();exec(compile(code, __file__, '\"'\"'exec'\"'\"'))' bdist_wheel -d /tmp/pip-wheel-ix3snfhj\n       cwd: /tmp/pip-req-build-wot4bz02/\n  Complete output (43 lines):\n  running bdist_wheel\n  running build\n  running build_py\n  creating build\n  creating build/lib.linux-x86_64-3.6\n  creating build/lib.linux-x86_64-3.6/gippy\n  copying gippy/__init__.py -> build/lib.linux-x86_64-3.6/gippy\n  copying gippy/version.py -> build/lib.linux-x86_64-3.6/gippy\n  copying gippy/test.py -> build/lib.linux-x86_64-3.6/gippy\n  running build_ext\n  DEBUG:setup.py:_build_ext run\n  building 'gippy/libgip' extension\n  creating build/temp.linux-x86_64-3.6\n  creating build/temp.linux-x86_64-3.6/GIP\n  gcc -pthread -Wno-unused-result -Wsign-compare -DDYNAMIC_ANNOTATIONS_ENABLED=1 -DNDEBUG -O2 -g -pipe -Wall -Wp,-D_FORTIFY_SOURCE=2 -fexceptions -fstack-protector --param=ssp-buffer-size=4 -m64 -mtune=generic -D_GNU_SOURCE -fPIC -fwrapv -fPIC -IGIP -I/usr/local/lib64/python3.6/site-packages/numpy/core/include -I/usr/local/include -I/usr/include/python3.6m -c GIP/GeoResource.cpp -o build/temp.linux-x86_64-3.6/GIP/GeoResource.o -fPIC -O3 -std=c++11 -Wno-maybe-uninitialized\n  gcc -pthread -Wno-unused-result -Wsign-compare -DDYNAMIC_ANNOTATIONS_ENABLED=1 -DNDEBUG -O2 -g -pipe -Wall -Wp,-D_FORTIFY_SOURCE=2 -fexceptions -fstack-protector --param=ssp-buffer-size=4 -m64 -mtune=generic -D_GNU_SOURCE -fPIC -fwrapv -fPIC -IGIP -I/usr/local/lib64/python3.6/site-packages/numpy/core/include -I/usr/local/include -I/usr/include/python3.6m -c GIP/gip.cpp -o build/temp.linux-x86_64-3.6/GIP/gip.o -fPIC -O3 -std=c++11 -Wno-maybe-uninitialized\n  gcc -pthread -Wno-unused-result -Wsign-compare -DDYNAMIC_ANNOTATIONS_ENABLED=1 -DNDEBUG -O2 -g -pipe -Wall -Wp,-D_FORTIFY_SOURCE=2 -fexceptions -fstack-protector --param=ssp-buffer-size=4 -m64 -mtune=generic -D_GNU_SOURCE -fPIC -fwrapv -fPIC -IGIP -I/usr/local/lib64/python3.6/site-packages/numpy/core/include -I/usr/local/include -I/usr/include/python3.6m -c GIP/GeoAlgorithms.cpp -o build/temp.linux-x86_64-3.6/GIP/GeoAlgorithms.o -fPIC -O3 -std=c++11 -Wno-maybe-uninitialized\n  gcc -pthread -Wno-unused-result -Wsign-compare -DDYNAMIC_ANNOTATIONS_ENABLED=1 -DNDEBUG -O2 -g -pipe -Wall -Wp,-D_FORTIFY_SOURCE=2 -fexceptions -fstack-protector --param=ssp-buffer-size=4 -m64 -mtune=generic -D_GNU_SOURCE -fPIC -fwrapv -fPIC -IGIP -I/usr/local/lib64/python3.6/site-packages/numpy/core/include -I/usr/local/include -I/usr/include/python3.6m -c GIP/GeoRaster.cpp -o build/temp.linux-x86_64-3.6/GIP/GeoRaster.o -fPIC -O3 -std=c++11 -Wno-maybe-uninitialized\n  GIP/GeoRaster.cpp: In member function ‘gip::GeoRaster& gip::GeoRaster::warp_into(gip::GeoRaster&, gip::GeoFeature, int, bool) const’:\n  GIP/GeoRaster.cpp:264:28: error: cannot declare variable ‘oTransformer’ to be of abstract type ‘gip::CutlineTransformer’\n           CutlineTransformer oTransformer;\n                              ^\n  In file included from GIP/gip/DataType.h:27:0,\n                   from GIP/gip/GeoResource.h:30,\n                   from GIP/gip/GeoRaster.h:32,\n                   from GIP/GeoRaster.cpp:22:\n  GIP/gip/utils.h:153:11: note:   because the following virtual functions are pure within ‘gip::CutlineTransformer’:\n       class CutlineTransformer : public OGRCoordinateTransformation {\n             ^\n  In file included from /usr/local/include/ogr_geometry.h:38:0,\n                   from /usr/local/include/ogr_feature.h:36,\n                   from /usr/local/include/gdal_priv.h:80,\n                   from GIP/gip/gip.h:25,\n                   from GIP/gip/GeoResource.h:29,\n                   from GIP/gip/GeoRaster.h:32,\n                   from GIP/GeoRaster.cpp:22:\n  /usr/local/include/ogr_spatialref.h:790:17: note: \tvirtual int OGRCoordinateTransformation::Transform(int, double*, double*, double*, double*, int*)\n       virtual int Transform( int nCount,\n                   ^\n  /usr/local/include/ogr_spatialref.h:810:42: note: \tvirtual OGRCoordinateTransformation* OGRCoordinateTransformation::Clone() const\n       virtual OGRCoordinateTransformation* Clone() const = 0;\n                                            ^\n  error: command 'gcc' failed with exit status 1\n  ----------------------------------------\n\u001b[0m\u001b[91m  ERROR: Failed building wheel for gippy\n\u001b[0m  Running setup.py clean for gippy\nFailed to build gippy\nInstalling collected packages: gippy\n    Running setup.py install for gippy: started\n    Running setup.py install for gippy: finished with status 'error'\n\u001b[91m    ERROR: Command errored out with exit status 1:\n     command: /usr/bin/python3 -u -c 'import sys, setuptools, tokenize; sys.argv[0] = '\"'\"'/tmp/pip-req-build-wot4bz02/setup.py'\"'\"'; __file__='\"'\"'/tmp/pip-req-build-wot4bz02/setup.py'\"'\"';f=getattr(tokenize, '\"'\"'open'\"'\"', open)(__file__);code=f.read().replace('\"'\"'\\r\\n'\"'\"', '\"'\"'\\n'\"'\"');f.close();exec(compile(code, __file__, '\"'\"'exec'\"'\"'))' install --record /tmp/pip-record-02ys6ysx/install-record.txt --single-version-externally-managed --compile --install-headers /usr/local/include/python3.6/gippy\n         cwd: /tmp/pip-req-build-wot4bz02/\n    Complete output (36 lines):\n    running install\n    DEBUG:setup.py:_install run\n    running build_ext\n    DEBUG:setup.py:_build_ext run\n    building 'gippy/libgip' extension\n    creating build/temp.linux-x86_64-3.6\n    creating build/temp.linux-x86_64-3.6/GIP\n    gcc -pthread -Wno-unused-result -Wsign-compare -DDYNAMIC_ANNOTATIONS_ENABLED=1 -DNDEBUG -O2 -g -pipe -Wall -Wp,-D_FORTIFY_SOURCE=2 -fexceptions -fstack-protector --param=ssp-buffer-size=4 -m64 -mtune=generic -D_GNU_SOURCE -fPIC -fwrapv -fPIC -IGIP -I/usr/local/lib64/python3.6/site-packages/numpy/core/include -I/usr/local/include -I/usr/include/python3.6m -c GIP/GeoResource.cpp -o build/temp.linux-x86_64-3.6/GIP/GeoResource.o -fPIC -O3 -std=c++11 -Wno-maybe-uninitialized\n    gcc -pthread -Wno-unused-result -Wsign-compare -DDYNAMIC_ANNOTATIONS_ENABLED=1 -DNDEBUG -O2 -g -pipe -Wall -Wp,-D_FORTIFY_SOURCE=2 -fexceptions -fstack-protector --param=ssp-buffer-size=4 -m64 -mtune=generic -D_GNU_SOURCE -fPIC -fwrapv -fPIC -IGIP -I/usr/local/lib64/python3.6/site-packages/numpy/core/include -I/usr/local/include -I/usr/include/python3.6m -c GIP/gip.cpp -o build/temp.linux-x86_64-3.6/GIP/gip.o -fPIC -O3 -std=c++11 -Wno-maybe-uninitialized\n    gcc -pthread -Wno-unused-result -Wsign-compare -DDYNAMIC_ANNOTATIONS_ENABLED=1 -DNDEBUG -O2 -g -pipe -Wall -Wp,-D_FORTIFY_SOURCE=2 -fexceptions -fstack-protector --param=ssp-buffer-size=4 -m64 -mtune=generic -D_GNU_SOURCE -fPIC -fwrapv -fPIC -IGIP -I/usr/local/lib64/python3.6/site-packages/numpy/core/include -I/usr/local/include -I/usr/include/python3.6m -c GIP/GeoAlgorithms.cpp -o build/temp.linux-x86_64-3.6/GIP/GeoAlgorithms.o -fPIC -O3 -std=c++11 -Wno-maybe-uninitialized\n    gcc -pthread -Wno-unused-result -Wsign-compare -DDYNAMIC_ANNOTATIONS_ENABLED=1 -DNDEBUG -O2 -g -pipe -Wall -Wp,-D_FORTIFY_SOURCE=2 -fexceptions -fstack-protector --param=ssp-buffer-size=4 -m64 -mtune=generic -D_GNU_SOURCE -fPIC -fwrapv -fPIC -IGIP -I/usr/local/lib64/python3.6/site-packages/numpy/core/include -I/usr/local/include -I/usr/include/python3.6m -c GIP/GeoRaster.cpp -o build/temp.linux-x86_64-3.6/GIP/GeoRaster.o -fPIC -O3 -std=c++11 -Wno-maybe-uninitialized\n    GIP/GeoRaster.cpp: In member function ‘gip::GeoRaster& gip::GeoRaster::warp_into(gip::GeoRaster&, gip::GeoFeature, int, bool) const’:\n    GIP/GeoRaster.cpp:264:28: error: cannot declare variable ‘oTransformer’ to be of abstract type ‘gip::CutlineTransformer’\n             CutlineTransformer oTransformer;\n                                ^\n    In file included from GIP/gip/DataType.h:27:0,\n                     from GIP/gip/GeoResource.h:30,\n                     from GIP/gip/GeoRaster.h:32,\n                     from GIP/GeoRaster.cpp:22:\n    GIP/gip/utils.h:153:11: note:   because the following virtual functions are pure within ‘gip::CutlineTransformer’:\n         class CutlineTransformer : public OGRCoordinateTransformation {\n               ^\n    In file included from /usr/local/include/ogr_geometry.h:38:0,\n                     from /usr/local/include/ogr_feature.h:36,\n                     from /usr/local/include/gdal_priv.h:80,\n                     from GIP/gip/gip.h:25,\n                     from GIP/gip/GeoResource.h:29,\n                     from GIP/gip/GeoRaster.h:32,\n                     from GIP/GeoRaster.cpp:22:\n    /usr/local/include/ogr_spatialref.h:790:17: note: \tvirtual int OGRCoordinateTransformation::Transform(int, double*, double*, double*, double*, int*)\n         virtual int Transform( int nCount,\n                     ^\n    /usr/local/include/ogr_spatialref.h:810:42: note: \tvirtual OGRCoordinateTransformation* OGRCoordinateTransformation::Clone() const\n         virtual OGRCoordinateTransformation* Clone() const = 0;\n                                              ^\n    error: command 'gcc' failed with exit status 1\n    ----------------------------------------\n\u001b[0m\u001b[91mERROR: Command errored out with exit status 1: /usr/bin/python3 -u -c 'import sys, setuptools, tokenize; sys.argv[0] = '\"'\"'/tmp/pip-req-build-wot4bz02/setup.py'\"'\"'; __file__='\"'\"'/tmp/pip-req-build-wot4bz02/setup.py'\"'\"';f=getattr(tokenize, '\"'\"'open'\"'\"', open)(__file__);code=f.read().replace('\"'\"'\\r\\n'\"'\"', '\"'\"'\\n'\"'\"');f.close();exec(compile(code, __file__, '\"'\"'exec'\"'\"'))' install --record /tmp/pip-record-02ys6ysx/install-record.txt --single-version-externally-managed --compile --install-headers /usr/local/include/python3.6/gippy Check the logs for full command output.\n\u001b[0m\u001b[91mWARNING: You are using pip version 20.2.4; however, version 21.3.1 is available.\nYou should consider upgrading via the '/usr/bin/python3 -m pip install --upgrade pip' command.\n\u001b[0mRemoving intermediate container 03430c96b443\n ---> a4dd96d39302\nStep 8/8 : WORKDIR /home/geolambda\n ---> Running in 51a87cc937b1\nRemoving intermediate container 51a87cc937b1\n ---> fc682f02cf36\nSuccessfully built fc682f02cf36\nSuccessfully tagged gippy:latest\n","stderr":"","imageSize":2747425523},"endTime":1672265769836}