{"repository":"https://github.com/th3-z/kf2-magicked-admin","dockerfilePath":"Dockerfile","startTime":1672889668788,"endTime":1672889696140,"clone":{"startTime":1672889668789,"stdout":"","stderr":"Cloning into '/tmp/dinghy-analysis/th3-z/kf2-magicked-admin'...\n","error":null,"endTime":1672889669730,"commit":"0d8330fa752de6fc3526d9dc47d81e455160b86d"},"originalBuild":{"startTime":1672889669825,"endTime":1672889696071,"error":{"code":1,"killed":false,"signal":null,"cmd":"docker build --no-cache --force-rm -t kf2-magicked-admin:latest -f /tmp/dinghy-analysis/th3-z/kf2-magicked-admin/Dockerfile ."},"stdout":"Sending build context to Docker daemon  2.047MB\r\r\nStep 1/11 : FROM python:3\n3: Pulling from library/python\n32de3c850997: Already exists\nfa1d4c8d85a4: Already exists\nc796299bbbdd: Already exists\n81283a9569ad: Already exists\n60b38700e7fb: Already exists\n0f67f32c26d3: Already exists\n1922a20932d4: Pulling fs layer\n47dd72d73dba: Pulling fs layer\n25f882f6cd8b: Pulling fs layer\n47dd72d73dba: Verifying Checksum\n47dd72d73dba: Download complete\n25f882f6cd8b: Download complete\n1922a20932d4: Verifying Checksum\n1922a20932d4: Download complete\n1922a20932d4: Pull complete\n47dd72d73dba: Pull complete\n25f882f6cd8b: Pull complete\nDigest: sha256:250990a809a15bb6a3e307fec72dead200c882c940523fb1694baa78eb0e47c6\nStatus: Downloaded newer image for python:3\n ---> 75cc8d87cc34\nStep 2/11 : COPY magicked_admin /magicked_admin\n ---> 4fa801d944c0\nStep 3/11 : COPY locale /magicked_admin/locale\n ---> b11021a07a7a\nStep 4/11 : COPY docker_startup.sh /magicked_admin/docker_startup.sh\n ---> 3be0e24179a9\nStep 5/11 : COPY admin_patches /magicked_admin_patches\n ---> 0d9e5cd6cb9b\nStep 6/11 : COPY requirements.txt /magicked_admin/requirements.txt\n ---> 3bf658cf3e47\nStep 7/11 : RUN pip install -r /magicked_admin/requirements.txt\n ---> Running in ddae0a4d59c3\nCollecting requests\n  Downloading requests-2.28.1-py3-none-any.whl (62 kB)\n     ━━━━━━━━━━━━━━━━━━━━━━━━━━━━━━━━━━━━━━━━ 62.8/62.8 kB 4.0 MB/s eta 0:00:00\nCollecting lxml\n  Downloading lxml-4.9.2-cp311-cp311-manylinux_2_17_x86_64.manylinux2014_x86_64.manylinux_2_24_x86_64.whl (7.2 MB)\n     ━━━━━━━━━━━━━━━━━━━━━━━━━━━━━━━━━━━━━━━━ 7.2/7.2 MB 9.0 MB/s eta 0:00:00\nCollecting colorama\n  Downloading colorama-0.4.6-py2.py3-none-any.whl (25 kB)\nCollecting termcolor\n  Downloading termcolor-2.2.0-py3-none-any.whl (6.6 kB)\nCollecting cx_freeze==6.2\n  Downloading cx_Freeze-6.2.tar.gz (101 kB)\n     ━━━━━━━━━━━━━━━━━━━━━━━━━━━━━━━━━━━━━━━ 101.6/101.6 kB 1.1 MB/s eta 0:00:00\n  Preparing metadata (setup.py): started\n  Preparing metadata (setup.py): finished with status 'done'\nCollecting certifi\n  Downloading certifi-2022.12.7-py3-none-any.whl (155 kB)\n     ━━━━━━━━━━━━━━━━━━━━━━━━━━━━━━━━━━━━━━ 155.3/155.3 kB 10.4 MB/s eta 0:00:00\nCollecting babel\n  Downloading Babel-2.11.0-py3-none-any.whl (9.5 MB)\n     ━━━━━━━━━━━━━━━━━━━━━━━━━━━━━━━━━━━━━━━━ 9.5/9.5 MB 38.3 MB/s eta 0:00:00\nCollecting isort\n  Downloading isort-5.11.4-py3-none-any.whl (104 kB)\n     ━━━━━━━━━━━━━━━━━━━━━━━━━━━━━━━━━━━━━━━ 104.1/104.1 kB 3.0 MB/s eta 0:00:00\nCollecting flake8\n  Downloading flake8-6.0.0-py2.py3-none-any.whl (57 kB)\n     ━━━━━━━━━━━━━━━━━━━━━━━━━━━━━━━━━━━━━━━━ 57.8/57.8 kB 3.2 MB/s eta 0:00:00\nCollecting pytest>=3.6\n  Downloading pytest-7.2.0-py3-none-any.whl (316 kB)\n     ━━━━━━━━━━━━━━━━━━━━━━━━━━━━━━━━━━━━━━ 316.8/316.8 kB 12.7 MB/s eta 0:00:00\nCollecting pytest-cov\n  Downloading pytest_cov-4.0.0-py3-none-any.whl (21 kB)\nCollecting patch==1.*\n  Downloading patch-1.16.zip (12 kB)\n  Preparing metadata (setup.py): started\n  Preparing metadata (setup.py): finished with status 'done'\nCollecting lupa\n  Downloading lupa-1.14.1-cp311-cp311-manylinux_2_17_x86_64.manylinux2014_x86_64.manylinux_2_24_x86_64.whl (283 kB)\n     ━━━━━━━━━━━━━━━━━━━━━━━━━━━━━━━━━━━━━━━ 283.7/283.7 kB 4.1 MB/s eta 0:00:00\nCollecting getch\n  Downloading getch-1.0.tar.gz (1.3 kB)\n  Preparing metadata (setup.py): started\n  Preparing metadata (setup.py): finished with status 'done'\nCollecting jinja2\n  Downloading Jinja2-3.1.2-py3-none-any.whl (133 kB)\n     ━━━━━━━━━━━━━━━━━━━━━━━━━━━━━━━━━━━━━━━ 133.1/133.1 kB 1.1 MB/s eta 0:00:00\nCollecting charset-normalizer<3,>=2\n  Downloading charset_normalizer-2.1.1-py3-none-any.whl (39 kB)\nCollecting idna<4,>=2.5\n  Downloading idna-3.4-py3-none-any.whl (61 kB)\n     ━━━━━━━━━━━━━━━━━━━━━━━━━━━━━━━━━━━━━━━━ 61.5/61.5 kB 5.9 MB/s eta 0:00:00\nCollecting urllib3<1.27,>=1.21.1\n  Downloading urllib3-1.26.13-py2.py3-none-any.whl (140 kB)\n     ━━━━━━━━━━━━━━━━━━━━━━━━━━━━━━━━━━━━━━━ 140.6/140.6 kB 8.2 MB/s eta 0:00:00\nCollecting pytz>=2015.7\n  Downloading pytz-2022.7-py2.py3-none-any.whl (499 kB)\n     ━━━━━━━━━━━━━━━━━━━━━━━━━━━━━━━━━━━━━━━ 499.4/499.4 kB 6.4 MB/s eta 0:00:00\nCollecting mccabe<0.8.0,>=0.7.0\n  Downloading mccabe-0.7.0-py2.py3-none-any.whl (7.3 kB)\nCollecting pycodestyle<2.11.0,>=2.10.0\n  Downloading pycodestyle-2.10.0-py2.py3-none-any.whl (41 kB)\n     ━━━━━━━━━━━━━━━━━━━━━━━━━━━━━━━━━━━━━━━━ 41.3/41.3 kB 2.3 MB/s eta 0:00:00\nCollecting pyflakes<3.1.0,>=3.0.0\n  Downloading pyflakes-3.0.1-py2.py3-none-any.whl (62 kB)\n     ━━━━━━━━━━━━━━━━━━━━━━━━━━━━━━━━━━━━━━━━ 62.8/62.8 kB 2.1 MB/s eta 0:00:00\nCollecting attrs>=19.2.0\n  Downloading attrs-22.2.0-py3-none-any.whl (60 kB)\n     ━━━━━━━━━━━━━━━━━━━━━━━━━━━━━━━━━━━━━━━━ 60.0/60.0 kB 1.4 MB/s eta 0:00:00\nCollecting iniconfig\n  Downloading iniconfig-1.1.1-py2.py3-none-any.whl (5.0 kB)\nCollecting packaging\n  Downloading packaging-22.0-py3-none-any.whl (42 kB)\n     ━━━━━━━━━━━━━━━━━━━━━━━━━━━━━━━━━━━━━━━━ 42.6/42.6 kB 1.0 MB/s eta 0:00:00\nCollecting pluggy<2.0,>=0.12\n  Downloading pluggy-1.0.0-py2.py3-none-any.whl (13 kB)\nCollecting coverage[toml]>=5.2.1\n  Downloading coverage-7.0.3-cp311-cp311-manylinux_2_5_x86_64.manylinux1_x86_64.manylinux_2_17_x86_64.manylinux2014_x86_64.whl (228 kB)\n     ━━━━━━━━━━━━━━━━━━━━━━━━━━━━━━━━━━━━━━ 228.6/228.6 kB 10.6 MB/s eta 0:00:00\nCollecting MarkupSafe>=2.0\n  Downloading MarkupSafe-2.1.1.tar.gz (18 kB)\n  Preparing metadata (setup.py): started\n  Preparing metadata (setup.py): finished with status 'done'\nBuilding wheels for collected packages: cx_freeze, patch, getch, MarkupSafe\n  Building wheel for cx_freeze (setup.py): started\n  Building wheel for cx_freeze (setup.py): finished with status 'error'\n\u001b[91m  error: subprocess-exited-with-error\n  \n  × python setup.py bdist_wheel did not run successfully.\n  │ exit code: 1\n  ╰─> [105 lines of output]\n      running bdist_wheel\n      running build\n      running build_py\n      creating build\n      creating build/lib.linux-x86_64-cpython-311\n      creating build/lib.linux-x86_64-cpython-311/cx_Freeze\n      copying cx_Freeze/__init__.py -> build/lib.linux-x86_64-cpython-311/cx_Freeze\n      copying cx_Freeze/finder.py -> build/lib.linux-x86_64-cpython-311/cx_Freeze\n      copying cx_Freeze/macdist.py -> build/lib.linux-x86_64-cpython-311/cx_Freeze\n      copying cx_Freeze/dist.py -> build/lib.linux-x86_64-cpython-311/cx_Freeze\n      copying cx_Freeze/setupwriter.py -> build/lib.linux-x86_64-cpython-311/cx_Freeze\n      copying cx_Freeze/windist.py -> build/lib.linux-x86_64-cpython-311/cx_Freeze\n      copying cx_Freeze/hooks.py -> build/lib.linux-x86_64-cpython-311/cx_Freeze\n      copying cx_Freeze/freezer.py -> build/lib.linux-x86_64-cpython-311/cx_Freeze\n      copying cx_Freeze/main.py -> build/lib.linux-x86_64-cpython-311/cx_Freeze\n      copying cx_Freeze/common.py -> build/lib.linux-x86_64-cpython-311/cx_Freeze\n      creating build/lib.linux-x86_64-cpython-311/cx_Freeze/initscripts\n      copying cx_Freeze/initscripts/Console.py -> build/lib.linux-x86_64-cpython-311/cx_Freeze/initscripts\n      copying cx_Freeze/initscripts/SharedLibSource.py -> build/lib.linux-x86_64-cpython-311/cx_Freeze/initscripts\n      copying cx_Freeze/initscripts/ConsoleSetLibPath.py -> build/lib.linux-x86_64-cpython-311/cx_Freeze/initscripts\n      copying cx_Freeze/initscripts/SharedLib.py -> build/lib.linux-x86_64-cpython-311/cx_Freeze/initscripts\n      copying cx_Freeze/initscripts/__startup__.py -> build/lib.linux-x86_64-cpython-311/cx_Freeze/initscripts\n      creating build/lib.linux-x86_64-cpython-311/cx_Freeze/samples\n      creating build/lib.linux-x86_64-cpython-311/cx_Freeze/samples/asmodule\n      copying cx_Freeze/samples/asmodule/asmodule.py -> build/lib.linux-x86_64-cpython-311/cx_Freeze/samples/asmodule\n      copying cx_Freeze/samples/asmodule/setup.py -> build/lib.linux-x86_64-cpython-311/cx_Freeze/samples/asmodule\n      creating build/lib.linux-x86_64-cpython-311/cx_Freeze/samples/Tkinter\n      copying cx_Freeze/samples/Tkinter/SimpleTkApp.py -> build/lib.linux-x86_64-cpython-311/cx_Freeze/samples/Tkinter\n      copying cx_Freeze/samples/Tkinter/setup.py -> build/lib.linux-x86_64-cpython-311/cx_Freeze/samples/Tkinter\n      creating build/lib.linux-x86_64-cpython-311/cx_Freeze/samples/wx\n      copying cx_Freeze/samples/wx/wxapp.py -> build/lib.linux-x86_64-cpython-311/cx_Freeze/samples/wx\n      copying cx_Freeze/samples/wx/setup.py -> build/lib.linux-x86_64-cpython-311/cx_Freeze/samples/wx\n      creating build/lib.linux-x86_64-cpython-311/cx_Freeze/samples/service\n      copying cx_Freeze/samples/service/Config.py -> build/lib.linux-x86_64-cpython-311/cx_Freeze/samples/service\n      copying cx_Freeze/samples/service/setup.py -> build/lib.linux-x86_64-cpython-311/cx_Freeze/samples/service\n      copying cx_Freeze/samples/service/ServiceHandler.py -> build/lib.linux-x86_64-cpython-311/cx_Freeze/samples/service\n      creating build/lib.linux-x86_64-cpython-311/cx_Freeze/samples/distutils\n      copying cx_Freeze/samples/distutils/test_dist.py -> build/lib.linux-x86_64-cpython-311/cx_Freeze/samples/distutils\n      copying cx_Freeze/samples/distutils/setup.py -> build/lib.linux-x86_64-cpython-311/cx_Freeze/samples/distutils\n      creating build/lib.linux-x86_64-cpython-311/cx_Freeze/samples/bcrypt\n      copying cx_Freeze/samples/bcrypt/test_bcrypt.py -> build/lib.linux-x86_64-cpython-311/cx_Freeze/samples/bcrypt\n      copying cx_Freeze/samples/bcrypt/setup.py -> build/lib.linux-x86_64-cpython-311/cx_Freeze/samples/bcrypt\n      creating build/lib.linux-x86_64-cpython-311/cx_Freeze/samples/advanced\n      copying cx_Freeze/samples/advanced/advanced_1.py -> build/lib.linux-x86_64-cpython-311/cx_Freeze/samples/advanced\n      copying cx_Freeze/samples/advanced/setup.py -> build/lib.linux-x86_64-cpython-311/cx_Freeze/samples/advanced\n      copying cx_Freeze/samples/advanced/advanced_2.py -> build/lib.linux-x86_64-cpython-311/cx_Freeze/samples/advanced\n      creating build/lib.linux-x86_64-cpython-311/cx_Freeze/samples/PyQt5\n      copying cx_Freeze/samples/PyQt5/setup.py -> build/lib.linux-x86_64-cpython-311/cx_Freeze/samples/PyQt5\n      copying cx_Freeze/samples/PyQt5/PyQt5app.py -> build/lib.linux-x86_64-cpython-311/cx_Freeze/samples/PyQt5\n      creating build/lib.linux-x86_64-cpython-311/cx_Freeze/samples/ctypes\n      copying cx_Freeze/samples/ctypes/test_ctypes.py -> build/lib.linux-x86_64-cpython-311/cx_Freeze/samples/ctypes\n      copying cx_Freeze/samples/ctypes/setup.py -> build/lib.linux-x86_64-cpython-311/cx_Freeze/samples/ctypes\n      creating build/lib.linux-x86_64-cpython-311/cx_Freeze/samples/openpyxl\n      copying cx_Freeze/samples/openpyxl/test_openpyxl.py -> build/lib.linux-x86_64-cpython-311/cx_Freeze/samples/openpyxl\n      copying cx_Freeze/samples/openpyxl/setup.py -> build/lib.linux-x86_64-cpython-311/cx_Freeze/samples/openpyxl\n      creating build/lib.linux-x86_64-cpython-311/cx_Freeze/samples/dependencies\n      copying cx_Freeze/samples/dependencies/test_1.py -> build/lib.linux-x86_64-cpython-311/cx_Freeze/samples/dependencies\n      copying cx_Freeze/samples/dependencies/getdependentfiles.py -> build/lib.linux-x86_64-cpython-311/cx_Freeze/samples/dependencies\n      creating build/lib.linux-x86_64-cpython-311/cx_Freeze/samples/relimport\n      copying cx_Freeze/samples/relimport/relimport.py -> build/lib.linux-x86_64-cpython-311/cx_Freeze/samples/relimport\n      copying cx_Freeze/samples/relimport/setup.py -> build/lib.linux-x86_64-cpython-311/cx_Freeze/samples/relimport\n      creating build/lib.linux-x86_64-cpython-311/cx_Freeze/samples/simple\n      copying cx_Freeze/samples/simple/hello.py -> build/lib.linux-x86_64-cpython-311/cx_Freeze/samples/simple\n      copying cx_Freeze/samples/simple/setup.py -> build/lib.linux-x86_64-cpython-311/cx_Freeze/samples/simple\n      creating build/lib.linux-x86_64-cpython-311/cx_Freeze/samples/PyQt4\n      copying cx_Freeze/samples/PyQt4/setup.py -> build/lib.linux-x86_64-cpython-311/cx_Freeze/samples/PyQt4\n      copying cx_Freeze/samples/PyQt4/PyQt4app.py -> build/lib.linux-x86_64-cpython-311/cx_Freeze/samples/PyQt4\n      creating build/lib.linux-x86_64-cpython-311/cx_Freeze/samples/importlib\n      copying cx_Freeze/samples/importlib/web_srv.py -> build/lib.linux-x86_64-cpython-311/cx_Freeze/samples/importlib\n      copying cx_Freeze/samples/importlib/server_simple.py -> build/lib.linux-x86_64-cpython-311/cx_Freeze/samples/importlib\n      copying cx_Freeze/samples/importlib/setup.py -> build/lib.linux-x86_64-cpython-311/cx_Freeze/samples/importlib\n      copying cx_Freeze/samples/importlib/get_examples.py -> build/lib.linux-x86_64-cpython-311/cx_Freeze/samples/importlib\n      copying cx_Freeze/samples/importlib/wsgiserver.py -> build/lib.linux-x86_64-cpython-311/cx_Freeze/samples/importlib\n      creating build/lib.linux-x86_64-cpython-311/cx_Freeze/samples/pytz\n      copying cx_Freeze/samples/pytz/setup.py -> build/lib.linux-x86_64-cpython-311/cx_Freeze/samples/pytz\n      copying cx_Freeze/samples/pytz/setup2.py -> build/lib.linux-x86_64-cpython-311/cx_Freeze/samples/pytz\n      copying cx_Freeze/samples/pytz/test_pytz.py -> build/lib.linux-x86_64-cpython-311/cx_Freeze/samples/pytz\n      creating build/lib.linux-x86_64-cpython-311/cx_Freeze/samples/sqlite\n      copying cx_Freeze/samples/sqlite/setup.py -> build/lib.linux-x86_64-cpython-311/cx_Freeze/samples/sqlite\n      copying cx_Freeze/samples/sqlite/test_sqlite3.py -> build/lib.linux-x86_64-cpython-311/cx_Freeze/samples/sqlite\n      creating build/lib.linux-x86_64-cpython-311/cx_Freeze/samples/pillow\n      copying cx_Freeze/samples/pillow/test_pillow.py -> build/lib.linux-x86_64-cpython-311/cx_Freeze/samples/pillow\n      copying cx_Freeze/samples/pillow/setup.py -> build/lib.linux-x86_64-cpython-311/cx_Freeze/samples/pillow\n      creating build/lib.linux-x86_64-cpython-311/cx_Freeze/samples/cryptography\n      copying cx_Freeze/samples/cryptography/test_crypt.py -> build/lib.linux-x86_64-cpython-311/cx_Freeze/samples/cryptography\n      copying cx_Freeze/samples/cryptography/setup.py -> build/lib.linux-x86_64-cpython-311/cx_Freeze/samples/cryptography\n      creating build/lib.linux-x86_64-cpython-311/cx_Freeze/samples/matplotlib\n      copying cx_Freeze/samples/matplotlib/matplotlib_eg.py -> build/lib.linux-x86_64-cpython-311/cx_Freeze/samples/matplotlib\n      copying cx_Freeze/samples/matplotlib/matplotlib_afm.py -> build/lib.linux-x86_64-cpython-311/cx_Freeze/samples/matplotlib\n      copying cx_Freeze/samples/matplotlib/setup.py -> build/lib.linux-x86_64-cpython-311/cx_Freeze/samples/matplotlib\n      copying cx_Freeze/samples/matplotlib/setup_zip.py -> build/lib.linux-x86_64-cpython-311/cx_Freeze/samples/matplotlib\n      creating build/lib.linux-x86_64-cpython-311/cx_Freeze/samples/zope\n      copying cx_Freeze/samples/zope/setup.py -> build/lib.linux-x86_64-cpython-311/cx_Freeze/samples/zope\n      copying cx_Freeze/samples/zope/qotd.py -> build/lib.linux-x86_64-cpython-311/cx_Freeze/samples/zope\n      running build_ext\n      creating build/temp.linux-x86_64-cpython-311\n      creating build/temp.linux-x86_64-cpython-311/source\n      creating build/temp.linux-x86_64-cpython-311/source/bases\n      gcc -pthread -Wsign-compare -DNDEBUG -g -fwrapv -O3 -Wall -fPIC -I/usr/local/include/python3.11 -c source/bases/Console.c -o build/temp.linux-x86_64-cpython-311/source/bases/Console.o\n      In file included from source/bases/Console.c:44:\n      source/bases/Common.c:7:10: fatal error: eval.h: No such file or directory\n          7 | #include <eval.h>\n            |          ^~~~~~~~\n      compilation terminated.\n      error: command '/usr/bin/gcc' failed with exit code 1\n      [end of output]\n  \n  note: This error originates from a subprocess, and is likely not a problem with pip.\n\u001b[0m\u001b[91m  ERROR: Failed building wheel for cx_freeze\n\u001b[0m  Running setup.py clean for cx_freeze\n  Building wheel for patch (setup.py): started\n  Building wheel for patch (setup.py): finished with status 'done'\n  Created wheel for patch: filename=patch-1.16-py3-none-any.whl size=12386 sha256=cbdba9498687249781b4917c48d14852aa9e661cf8460f56fbd08ec36847d419\n  Stored in directory: /root/.cache/pip/wheels/2a/77/09/4b1d894d9a37a3f65f360d69c737e1ef95af0cb343cae9b6ae\n  Building wheel for getch (setup.py): started\n  Building wheel for getch (setup.py): finished with status 'done'\n  Created wheel for getch: filename=getch-1.0-cp311-cp311-linux_x86_64.whl size=9643 sha256=f8e46eb3ec69d01ac5c2d1281a7b8243d9386be35ae9b9cc6584db8104824361\n  Stored in directory: /root/.cache/pip/wheels/41/0e/74/1029010f507f25c4e0135e365991c763c2b24faf7e203f502a\n  Building wheel for MarkupSafe (setup.py): started\n  Building wheel for MarkupSafe (setup.py): finished with status 'done'\n  Created wheel for MarkupSafe: filename=MarkupSafe-2.1.1-cp311-cp311-linux_x86_64.whl size=27478 sha256=a64a69fc82c22522f3f969548d7fac79389422f64d449907f551f1944bbbc5eb\n  Stored in directory: /root/.cache/pip/wheels/96/ee/62/407c247ad088bcb67b530ba3ac1479058c58a651bd6bf09a1f\nSuccessfully built patch getch MarkupSafe\nFailed to build cx_freeze\nInstalling collected packages: pytz, patch, lupa, iniconfig, getch, urllib3, termcolor, pyflakes, pycodestyle, pluggy, packaging, mccabe, MarkupSafe, lxml, isort, idna, cx_freeze, coverage, colorama, charset-normalizer, certifi, babel, attrs, requests, pytest, jinja2, flake8, pytest-cov\n  Running setup.py install for cx_freeze: started\n  Running setup.py install for cx_freeze: finished with status 'error'\n\u001b[91m  error: subprocess-exited-with-error\n  \n  × Running setup.py install for cx_freeze did not run successfully.\n  │ exit code: 1\n  ╰─> [107 lines of output]\n      running install\n      /usr/local/lib/python3.11/site-packages/setuptools/command/install.py:34: SetuptoolsDeprecationWarning: setup.py install is deprecated. Use build and pip and other standards-based tools.\n        warnings.warn(\n      running build\n      running build_py\n      creating build\n      creating build/lib.linux-x86_64-cpython-311\n      creating build/lib.linux-x86_64-cpython-311/cx_Freeze\n      copying cx_Freeze/__init__.py -> build/lib.linux-x86_64-cpython-311/cx_Freeze\n      copying cx_Freeze/finder.py -> build/lib.linux-x86_64-cpython-311/cx_Freeze\n      copying cx_Freeze/macdist.py -> build/lib.linux-x86_64-cpython-311/cx_Freeze\n      copying cx_Freeze/dist.py -> build/lib.linux-x86_64-cpython-311/cx_Freeze\n      copying cx_Freeze/setupwriter.py -> build/lib.linux-x86_64-cpython-311/cx_Freeze\n      copying cx_Freeze/windist.py -> build/lib.linux-x86_64-cpython-311/cx_Freeze\n      copying cx_Freeze/hooks.py -> build/lib.linux-x86_64-cpython-311/cx_Freeze\n      copying cx_Freeze/freezer.py -> build/lib.linux-x86_64-cpython-311/cx_Freeze\n      copying cx_Freeze/main.py -> build/lib.linux-x86_64-cpython-311/cx_Freeze\n      copying cx_Freeze/common.py -> build/lib.linux-x86_64-cpython-311/cx_Freeze\n      creating build/lib.linux-x86_64-cpython-311/cx_Freeze/initscripts\n      copying cx_Freeze/initscripts/Console.py -> build/lib.linux-x86_64-cpython-311/cx_Freeze/initscripts\n      copying cx_Freeze/initscripts/SharedLibSource.py -> build/lib.linux-x86_64-cpython-311/cx_Freeze/initscripts\n      copying cx_Freeze/initscripts/ConsoleSetLibPath.py -> build/lib.linux-x86_64-cpython-311/cx_Freeze/initscripts\n      copying cx_Freeze/initscripts/SharedLib.py -> build/lib.linux-x86_64-cpython-311/cx_Freeze/initscripts\n      copying cx_Freeze/initscripts/__startup__.py -> build/lib.linux-x86_64-cpython-311/cx_Freeze/initscripts\n      creating build/lib.linux-x86_64-cpython-311/cx_Freeze/samples\n      creating build/lib.linux-x86_64-cpython-311/cx_Freeze/samples/asmodule\n      copying cx_Freeze/samples/asmodule/asmodule.py -> build/lib.linux-x86_64-cpython-311/cx_Freeze/samples/asmodule\n      copying cx_Freeze/samples/asmodule/setup.py -> build/lib.linux-x86_64-cpython-311/cx_Freeze/samples/asmodule\n      creating build/lib.linux-x86_64-cpython-311/cx_Freeze/samples/Tkinter\n      copying cx_Freeze/samples/Tkinter/SimpleTkApp.py -> build/lib.linux-x86_64-cpython-311/cx_Freeze/samples/Tkinter\n      copying cx_Freeze/samples/Tkinter/setup.py -> build/lib.linux-x86_64-cpython-311/cx_Freeze/samples/Tkinter\n      creating build/lib.linux-x86_64-cpython-311/cx_Freeze/samples/wx\n      copying cx_Freeze/samples/wx/wxapp.py -> build/lib.linux-x86_64-cpython-311/cx_Freeze/samples/wx\n      copying cx_Freeze/samples/wx/setup.py -> build/lib.linux-x86_64-cpython-311/cx_Freeze/samples/wx\n      creating build/lib.linux-x86_64-cpython-311/cx_Freeze/samples/service\n      copying cx_Freeze/samples/service/Config.py -> build/lib.linux-x86_64-cpython-311/cx_Freeze/samples/service\n      copying cx_Freeze/samples/service/setup.py -> build/lib.linux-x86_64-cpython-311/cx_Freeze/samples/service\n      copying cx_Freeze/samples/service/ServiceHandler.py -> build/lib.linux-x86_64-cpython-311/cx_Freeze/samples/service\n      creating build/lib.linux-x86_64-cpython-311/cx_Freeze/samples/distutils\n      copying cx_Freeze/samples/distutils/test_dist.py -> build/lib.linux-x86_64-cpython-311/cx_Freeze/samples/distutils\n      copying cx_Freeze/samples/distutils/setup.py -> build/lib.linux-x86_64-cpython-311/cx_Freeze/samples/distutils\n      creating build/lib.linux-x86_64-cpython-311/cx_Freeze/samples/bcrypt\n      copying cx_Freeze/samples/bcrypt/test_bcrypt.py -> build/lib.linux-x86_64-cpython-311/cx_Freeze/samples/bcrypt\n      copying cx_Freeze/samples/bcrypt/setup.py -> build/lib.linux-x86_64-cpython-311/cx_Freeze/samples/bcrypt\n      creating build/lib.linux-x86_64-cpython-311/cx_Freeze/samples/advanced\n      copying cx_Freeze/samples/advanced/advanced_1.py -> build/lib.linux-x86_64-cpython-311/cx_Freeze/samples/advanced\n      copying cx_Freeze/samples/advanced/setup.py -> build/lib.linux-x86_64-cpython-311/cx_Freeze/samples/advanced\n      copying cx_Freeze/samples/advanced/advanced_2.py -> build/lib.linux-x86_64-cpython-311/cx_Freeze/samples/advanced\n      creating build/lib.linux-x86_64-cpython-311/cx_Freeze/samples/PyQt5\n      copying cx_Freeze/samples/PyQt5/setup.py -> build/lib.linux-x86_64-cpython-311/cx_Freeze/samples/PyQt5\n      copying cx_Freeze/samples/PyQt5/PyQt5app.py -> build/lib.linux-x86_64-cpython-311/cx_Freeze/samples/PyQt5\n      creating build/lib.linux-x86_64-cpython-311/cx_Freeze/samples/ctypes\n      copying cx_Freeze/samples/ctypes/test_ctypes.py -> build/lib.linux-x86_64-cpython-311/cx_Freeze/samples/ctypes\n      copying cx_Freeze/samples/ctypes/setup.py -> build/lib.linux-x86_64-cpython-311/cx_Freeze/samples/ctypes\n      creating build/lib.linux-x86_64-cpython-311/cx_Freeze/samples/openpyxl\n      copying cx_Freeze/samples/openpyxl/test_openpyxl.py -> build/lib.linux-x86_64-cpython-311/cx_Freeze/samples/openpyxl\n      copying cx_Freeze/samples/openpyxl/setup.py -> build/lib.linux-x86_64-cpython-311/cx_Freeze/samples/openpyxl\n      creating build/lib.linux-x86_64-cpython-311/cx_Freeze/samples/dependencies\n      copying cx_Freeze/samples/dependencies/test_1.py -> build/lib.linux-x86_64-cpython-311/cx_Freeze/samples/dependencies\n      copying cx_Freeze/samples/dependencies/getdependentfiles.py -> build/lib.linux-x86_64-cpython-311/cx_Freeze/samples/dependencies\n      creating build/lib.linux-x86_64-cpython-311/cx_Freeze/samples/relimport\n      copying cx_Freeze/samples/relimport/relimport.py -> build/lib.linux-x86_64-cpython-311/cx_Freeze/samples/relimport\n      copying cx_Freeze/samples/relimport/setup.py -> build/lib.linux-x86_64-cpython-311/cx_Freeze/samples/relimport\n      creating build/lib.linux-x86_64-cpython-311/cx_Freeze/samples/simple\n      copying cx_Freeze/samples/simple/hello.py -> build/lib.linux-x86_64-cpython-311/cx_Freeze/samples/simple\n      copying cx_Freeze/samples/simple/setup.py -> build/lib.linux-x86_64-cpython-311/cx_Freeze/samples/simple\n      creating build/lib.linux-x86_64-cpython-311/cx_Freeze/samples/PyQt4\n      copying cx_Freeze/samples/PyQt4/setup.py -> build/lib.linux-x86_64-cpython-311/cx_Freeze/samples/PyQt4\n      copying cx_Freeze/samples/PyQt4/PyQt4app.py -> build/lib.linux-x86_64-cpython-311/cx_Freeze/samples/PyQt4\n      creating build/lib.linux-x86_64-cpython-311/cx_Freeze/samples/importlib\n      copying cx_Freeze/samples/importlib/web_srv.py -> build/lib.linux-x86_64-cpython-311/cx_Freeze/samples/importlib\n      copying cx_Freeze/samples/importlib/server_simple.py -> build/lib.linux-x86_64-cpython-311/cx_Freeze/samples/importlib\n      copying cx_Freeze/samples/importlib/setup.py -> build/lib.linux-x86_64-cpython-311/cx_Freeze/samples/importlib\n      copying cx_Freeze/samples/importlib/get_examples.py -> build/lib.linux-x86_64-cpython-311/cx_Freeze/samples/importlib\n      copying cx_Freeze/samples/importlib/wsgiserver.py -> build/lib.linux-x86_64-cpython-311/cx_Freeze/samples/importlib\n      creating build/lib.linux-x86_64-cpython-311/cx_Freeze/samples/pytz\n      copying cx_Freeze/samples/pytz/setup.py -> build/lib.linux-x86_64-cpython-311/cx_Freeze/samples/pytz\n      copying cx_Freeze/samples/pytz/setup2.py -> build/lib.linux-x86_64-cpython-311/cx_Freeze/samples/pytz\n      copying cx_Freeze/samples/pytz/test_pytz.py -> build/lib.linux-x86_64-cpython-311/cx_Freeze/samples/pytz\n      creating build/lib.linux-x86_64-cpython-311/cx_Freeze/samples/sqlite\n      copying cx_Freeze/samples/sqlite/setup.py -> build/lib.linux-x86_64-cpython-311/cx_Freeze/samples/sqlite\n      copying cx_Freeze/samples/sqlite/test_sqlite3.py -> build/lib.linux-x86_64-cpython-311/cx_Freeze/samples/sqlite\n      creating build/lib.linux-x86_64-cpython-311/cx_Freeze/samples/pillow\n      copying cx_Freeze/samples/pillow/test_pillow.py -> build/lib.linux-x86_64-cpython-311/cx_Freeze/samples/pillow\n      copying cx_Freeze/samples/pillow/setup.py -> build/lib.linux-x86_64-cpython-311/cx_Freeze/samples/pillow\n      creating build/lib.linux-x86_64-cpython-311/cx_Freeze/samples/cryptography\n      copying cx_Freeze/samples/cryptography/test_crypt.py -> build/lib.linux-x86_64-cpython-311/cx_Freeze/samples/cryptography\n      copying cx_Freeze/samples/cryptography/setup.py -> build/lib.linux-x86_64-cpython-311/cx_Freeze/samples/cryptography\n      creating build/lib.linux-x86_64-cpython-311/cx_Freeze/samples/matplotlib\n      copying cx_Freeze/samples/matplotlib/matplotlib_eg.py -> build/lib.linux-x86_64-cpython-311/cx_Freeze/samples/matplotlib\n      copying cx_Freeze/samples/matplotlib/matplotlib_afm.py -> build/lib.linux-x86_64-cpython-311/cx_Freeze/samples/matplotlib\n      copying cx_Freeze/samples/matplotlib/setup.py -> build/lib.linux-x86_64-cpython-311/cx_Freeze/samples/matplotlib\n      copying cx_Freeze/samples/matplotlib/setup_zip.py -> build/lib.linux-x86_64-cpython-311/cx_Freeze/samples/matplotlib\n      creating build/lib.linux-x86_64-cpython-311/cx_Freeze/samples/zope\n      copying cx_Freeze/samples/zope/setup.py -> build/lib.linux-x86_64-cpython-311/cx_Freeze/samples/zope\n      copying cx_Freeze/samples/zope/qotd.py -> build/lib.linux-x86_64-cpython-311/cx_Freeze/samples/zope\n      running build_ext\n      creating build/temp.linux-x86_64-cpython-311\n      creating build/temp.linux-x86_64-cpython-311/source\n      creating build/temp.linux-x86_64-cpython-311/source/bases\n      gcc -pthread -Wsign-compare -DNDEBUG -g -fwrapv -O3 -Wall -fPIC -I/usr/local/include/python3.11 -c source/bases/Console.c -o build/temp.linux-x86_64-cpython-311/source/bases/Console.o\n      In file included from source/bases/Console.c:44:\n      source/bases/Common.c:7:10: fatal error: eval.h: No such file or directory\n          7 | #include <eval.h>\n            |          ^~~~~~~~\n      compilation terminated.\n      error: command '/usr/bin/gcc' failed with exit code 1\n      [end of output]\n  \n  note: This error originates from a subprocess, and is likely not a problem with pip.\n\u001b[0m\u001b[91merror: legacy-install-failure\n\n× Encountered error while trying to install package.\n╰─> cx_freeze\n\nnote: This is an issue with the package mentioned above, not pip.\nhint: See above for output from the failure.\n\u001b[0mRemoving intermediate container ddae0a4d59c3\n","stderr":"The command '/bin/sh -c pip install -r /magicked_admin/requirements.txt' returned a non-zero code: 1\n"}}