{"repository":"https://github.com/malice-plugins/pescan","dockerfilePath":"Dockerfile","startTime":1672502024076,"clone":{"stdout":"","stderr":"Cloning into '/tmp/dinghy-analysis/malice-plugins/pescan'...\n","error":null,"commit":"19e0c7462c69c5d2d8a1c6c1311116a9f4f2bf08"},"originalBuild":{"startTimestamp":1672502024936,"endTimestamp":1672502160386,"error":{"code":1,"killed":false,"signal":null,"cmd":"docker build --no-cache --force-rm -t pescan:latest -f /tmp/dinghy-analysis/malice-plugins/pescan/Dockerfile ."},"stdout":"Sending build context to Docker daemon  828.4kB\r\r\nStep 1/12 : FROM malice/alpine\nlatest: Pulling from malice/alpine\n8e3ba11ec2a2: Pulling fs layer\n0ec7cac831db: Pulling fs layer\n70849570abf5: Pulling fs layer\n8e3ba11ec2a2: Verifying Checksum\n8e3ba11ec2a2: Download complete\n0ec7cac831db: Verifying Checksum\n0ec7cac831db: Download complete\n70849570abf5: Verifying Checksum\n70849570abf5: Download complete\n8e3ba11ec2a2: Pull complete\n0ec7cac831db: Pull complete\n70849570abf5: Pull complete\nDigest: sha256:55e1a7dfbdecea5baf2f075f9c0bd16089adbe3163ce05bff3875b30eac6e1ad\nStatus: Downloaded newer image for malice/alpine:latest\n ---> eb73e9d3be17\nStep 2/12 : LABEL maintainer \"https://github.com/blacktop\"\n ---> Running in 55c654e19cb8\nRemoving intermediate container 55c654e19cb8\n ---> 56dc306abcdd\nStep 3/12 : LABEL malice.plugin.repository = \"https://github.com/malice-plugins/pescan.git\"\n ---> Running in 83024d5b7440\nRemoving intermediate container 83024d5b7440\n ---> 346dd3a44979\nStep 4/12 : LABEL malice.plugin.category=\"exe\"\n ---> Running in a1adea396b12\nRemoving intermediate container a1adea396b12\n ---> 4eb01b9594dd\nStep 5/12 : LABEL malice.plugin.mime=\"application/x-dosexec\"\n ---> Running in 5300714bfb12\nRemoving intermediate container 5300714bfb12\n ---> 5ea6ac51cb14\nStep 6/12 : LABEL malice.plugin.docker.engine=\"*\"\n ---> Running in 7596165c0fa4\nRemoving intermediate container 7596165c0fa4\n ---> e2f95937739d\nStep 7/12 : COPY . /usr/sbin\n ---> d05412fe06ab\nStep 8/12 : RUN apk --update add --no-cache python py-setuptools py-magic\n ---> Running in ea74c0011900\nfetch http://dl-cdn.alpinelinux.org/alpine/v3.8/main/x86_64/APKINDEX.tar.gz\nfetch http://dl-cdn.alpinelinux.org/alpine/v3.8/community/x86_64/APKINDEX.tar.gz\n(1/14) Installing py-magic (0.4.15-r0)\n(2/14) Installing libbz2 (1.0.6-r7)\n(3/14) Installing expat (2.2.8-r0)\n(4/14) Installing libffi (3.2.1-r4)\n(5/14) Installing gdbm (1.13-r1)\n(6/14) Installing ncurses-terminfo-base (6.1_p20180818-r1)\n(7/14) Installing ncurses-terminfo (6.1_p20180818-r1)\n(8/14) Installing ncurses-libs (6.1_p20180818-r1)\n(9/14) Installing readline (7.0.003-r0)\n(10/14) Installing sqlite-libs (3.25.3-r4)\n(11/14) Installing python2 (2.7.15-r3)\n(12/14) Installing libmagic (5.32-r2)\n(13/14) Installing py2-magic (0.4.15-r0)\n(14/14) Installing py-setuptools (39.1.0-r0)\nExecuting busybox-1.28.4-r0.trigger\nOK: 60 MiB in 29 packages\nRemoving intermediate container ea74c0011900\n ---> d019af146a9f\nStep 9/12 : RUN apk --update add --no-cache -t .build-deps   openssl-dev   build-base   python-dev   libffi-dev   musl-dev   libc-dev   py-pip   gcc   git   && set -ex   && echo \"===> Install malice/pescan plugin...\"   && cd /usr/sbin   && export PIP_NO_CACHE_DIR=off   && export PIP_DISABLE_PIP_VERSION_CHECK=on   && pip install --upgrade pip wheel   && echo \"\\t[*] install requirements...\"   && pip install -U -r requirements.txt   && pip list   && echo \"\\t[*] install pescan.py...\"   && chmod +x pescan.py   && ln -s /usr/sbin/pescan.py /usr/sbin/pescan   && echo \"\\t[*] clean up...\"   && rm requirements.txt Dockerfile   && apk del --purge .build-deps\n ---> Running in e37b3ec1c1ef\nfetch http://dl-cdn.alpinelinux.org/alpine/v3.8/main/x86_64/APKINDEX.tar.gz\nfetch http://dl-cdn.alpinelinux.org/alpine/v3.8/community/x86_64/APKINDEX.tar.gz\n(1/34) Upgrading musl (1.1.19-r10 -> 1.1.19-r11)\n(2/34) Installing pkgconf (1.5.3-r0)\n(3/34) Installing zlib-dev (1.2.11-r1)\n(4/34) Installing libcrypto1.0 (1.0.2u-r0)\n(5/34) Installing libssl1.0 (1.0.2u-r0)\n(6/34) Installing openssl-dev (1.0.2u-r0)\n(7/34) Installing binutils (2.30-r6)\n(8/34) Installing file (5.32-r2)\n(9/34) Installing gmp (6.1.2-r1)\n(10/34) Installing isl (0.18-r0)\n(11/34) Installing libgomp (6.4.0-r9)\n(12/34) Installing libatomic (6.4.0-r9)\n(13/34) Installing libgcc (6.4.0-r9)\n(14/34) Installing mpfr3 (3.1.5-r1)\n(15/34) Installing mpc1 (1.0.3-r1)\n(16/34) Installing libstdc++ (6.4.0-r9)\n(17/34) Installing gcc (6.4.0-r9)\n(18/34) Installing musl-dev (1.1.19-r11)\n(19/34) Installing libc-dev (0.7.1-r0)\n(20/34) Installing g++ (6.4.0-r9)\n(21/34) Installing make (4.2.1-r2)\n(22/34) Installing fortify-headers (0.9-r0)\n(23/34) Installing build-base (0.5-r1)\n(24/34) Installing python2-dev (2.7.15-r3)\n(25/34) Installing libffi-dev (3.2.1-r4)\n(26/34) Installing py2-pip (10.0.1-r0)\n(27/34) Installing ca-certificates (20191127-r2)\n(28/34) Installing nghttp2-libs (1.39.2-r0)\n(29/34) Installing libssh2 (1.9.0-r1)\n(30/34) Installing libcurl (7.61.1-r3)\n(31/34) Installing pcre2 (10.31-r0)\n(32/34) Installing git (2.18.4-r0)\n(33/34) Installing .build-deps (0)\n(34/34) Upgrading musl-utils (1.1.19-r10 -> 1.1.19-r11)\nExecuting busybox-1.28.4-r0.trigger\nExecuting ca-certificates-20191127-r2.trigger\nOK: 268 MiB in 61 packages\n\u001b[91m+ echo '===> Install malice/pescan plugin...'\n+ cd /usr/sbin\n\u001b[0m===> Install malice/pescan plugin...\n\u001b[91m+ export 'PIP_NO_CACHE_DIR=off'\n+ export 'PIP_DISABLE_PIP_VERSION_CHECK=on'\n+ pip install --upgrade pip\u001b[0m\u001b[91m wheel\n\u001b[0mCollecting pip\n  Downloading https://files.pythonhosted.org/packages/27/79/8a850fe3496446ff0d584327ae44e7500daf6764ca1a382d2d02789accf7/pip-20.3.4-py2.py3-none-any.whl (1.5MB)\nCollecting wheel\n  Downloading https://files.pythonhosted.org/packages/27/d6/003e593296a85fd6ed616ed962795b2f87709c3eee2bca4f6d0fe55c6d00/wheel-0.37.1-py2.py3-none-any.whl\nInstalling collected packages: pip, wheel\n  Found existing installation: pip 10.0.1\n    Uninstalling pip-10.0.1:\n      Successfully uninstalled pip-10.0.1\nSuccessfully installed pip-20.3.4 wheel-0.37.1\n\u001b[91m+ echo '\\t[*] install requirements...'\n+ pip install -U -r requirements.txt\n\u001b[0m\\t[*] install requirements...\n\u001b[91mDEPRECATION: Python 2.7 reached the end of its life on January 1st, 2020. Please upgrade your Python as Python 2.7 is no longer maintained. pip 21.0 will drop support for Python 2.7 in January 2021. More details about Python 2 support in pip can be found at https://pip.pypa.io/en/latest/development/release-process/#python-2-support pip 21.0 will remove support for this functionality.\n\u001b[0mCollecting git+https://github.com/sebdraven/verify-sigs.git (from -r requirements.txt (line 26))\n  Cloning https://github.com/sebdraven/verify-sigs.git to /tmp/pip-req-build-GYWmNR\n\u001b[91m  Running command git clone -q https://github.com/sebdraven/verify-sigs.git /tmp/pip-req-build-GYWmNR\n\u001b[0mCollecting toml==0.9.4\n  Downloading toml-0.9.4.tar.gz (12 kB)\nCollecting click<7.0.0,>=6.0.0\n  Downloading click-6.7-py2.py3-none-any.whl (71 kB)\nCollecting elasticsearch<7.0.0,>=6.0.0\n  Downloading elasticsearch-6.8.2-py2.py3-none-any.whl (90 kB)\nCollecting Jinja2==2.10\n  Downloading Jinja2-2.10-py2.py3-none-any.whl (126 kB)\nCollecting Flask==1.0.2\n  Downloading Flask-1.0.2-py2.py3-none-any.whl (91 kB)\nCollecting Werkzeug==0.14.1\n  Downloading Werkzeug-0.14.1-py2.py3-none-any.whl (322 kB)\nCollecting requests>=2.20.0\n  Downloading requests-2.27.1-py2.py3-none-any.whl (63 kB)\nCollecting cffi\n  Downloading cffi-1.15.1.tar.gz (508 kB)\nCollecting pyasn1==0.4.4\n  Downloading pyasn1-0.4.4-py2.py3-none-any.whl (72 kB)\nCollecting pyasn1-modules==0.2.2\n  Downloading pyasn1_modules-0.2.2-py2.py3-none-any.whl (62 kB)\nCollecting pycparser==2.14\n  Downloading pycparser-2.14.tar.gz (223 kB)\nCollecting bitstring\n  Downloading bitstring-3.1.9-py2-none-any.whl (38 kB)\nCollecting certvalidator\n  Downloading certvalidator-0.11.1-py2.py3-none-any.whl (31 kB)\nCollecting asn1crypto\n  Downloading asn1crypto-1.5.1-py2.py3-none-any.whl (105 kB)\nCollecting oscrypto\n  Downloading oscrypto-1.3.0-py2.py3-none-any.whl (194 kB)\nCollecting pytz\n  Downloading pytz-2022.7-py2.py3-none-any.whl (499 kB)\nCollecting pathlib2\n  Downloading pathlib2-2.3.7.post1-py2.py3-none-any.whl (18 kB)\nCollecting pycrypto\n  Cloning https://github.com/dlitz/pycrypto.git (to revision v2.7a1) to /tmp/pip-install-pxE0Gz/pycrypto\n\u001b[91m  Running command git clone -q https://github.com/dlitz/pycrypto.git /tmp/pip-install-pxE0Gz/pycrypto\n\u001b[0m\u001b[91m  Running command git checkout -q ac05095235bd76a83b24d5c40b33aa6d596cb456\n\u001b[0mCollecting pefile\n  Cloning https://github.com/erocarrera/pefile.git (to revision v2018.8.8) to /tmp/pip-install-pxE0Gz/pefile\n\u001b[91m  Running command git clone -q https://github.com/erocarrera/pefile.git /tmp/pip-install-pxE0Gz/pefile\n\u001b[0m\u001b[91m  Running command git checkout -q 2286e9856ccbd5d1f82dd16d5a1526b2a90e63da\n\u001b[0mCollecting signify\n  Cloning https://github.com/jdval/signify.git to /tmp/pip-install-pxE0Gz/signify\n\u001b[91m  Running command git clone -q https://github.com/jdval/signify.git /tmp/pip-install-pxE0Gz/signify\n\u001b[0mCollecting pyopenssl\n  Downloading pyOpenSSL-21.0.0-py2.py3-none-any.whl (55 kB)\nCollecting urllib3>=1.21.1\n  Downloading urllib3-1.26.13-py2.py3-none-any.whl (140 kB)\nCollecting MarkupSafe>=0.23\n  Downloading MarkupSafe-1.1.1.tar.gz (19 kB)\nCollecting itsdangerous>=0.24\n  Downloading itsdangerous-1.1.0-py2.py3-none-any.whl (16 kB)\nCollecting certifi>=2017.4.17\n  Downloading certifi-2021.10.8-py2.py3-none-any.whl (149 kB)\nCollecting idna<3,>=2.5; python_version < \"3\"\n  Downloading idna-2.10-py2.py3-none-any.whl (58 kB)\nCollecting chardet<5,>=3.0.2; python_version < \"3\"\n  Downloading chardet-4.0.0-py2.py3-none-any.whl (178 kB)\nCollecting six\n  Downloading six-1.16.0-py2.py3-none-any.whl (11 kB)\nCollecting scandir; python_version < \"3.5\"\n  Downloading scandir-1.10.0.tar.gz (33 kB)\nCollecting typing; python_version < \"3.5\"\n  Downloading typing-3.10.0.0-py2-none-any.whl (26 kB)\nCollecting future\n  Downloading future-0.18.2.tar.gz (829 kB)\nCollecting cryptography>=3.3\n  Downloading cryptography-3.3.2.tar.gz (539 kB)\n  Installing build dependencies: started\n  Installing build dependencies: finished with status 'done'\n  Getting requirements to build wheel: started\n  Getting requirements to build wheel: finished with status 'done'\n    Preparing wheel metadata: started\n    Preparing wheel metadata: finished with status 'done'\nCollecting enum34; python_version < \"3\"\n  Downloading enum34-1.1.10-py2-none-any.whl (11 kB)\nCollecting ipaddress; python_version < \"3\"\n  Downloading ipaddress-1.0.23-py2.py3-none-any.whl (18 kB)\nBuilding wheels for collected packages: toml, cffi, pycparser, pycrypto, pefile, signify, verify-sigs, MarkupSafe, scandir, future, cryptography\n  Building wheel for toml (setup.py): started\n  Building wheel for toml (setup.py): finished with status 'done'\n  Created wheel for toml: filename=toml-0.9.4-py2-none-any.whl size=11029 sha256=6dbd517073c692b0d3b39c39081bebd1152efa87533f886b67af127b36e82420\n  Stored in directory: /tmp/pip-ephem-wheel-cache-tjTPjP/wheels/49/ef/e3/689590cc06ae45531ede8fc9225d0d5e1d6ca4fba57efd8752\n  Building wheel for cffi (setup.py): started\n  Building wheel for cffi (setup.py): finished with status 'done'\n  Created wheel for cffi: filename=cffi-1.15.1-cp27-cp27mu-linux_x86_64.whl size=290203 sha256=c1ddbaa2ec258dbec7b9beac0b96454f92a390ed07ff037087112d0d121dc71d\n  Stored in directory: /tmp/pip-ephem-wheel-cache-tjTPjP/wheels/66/bf/0d/65bc9be93a215f0ca3433a2bac9b73035bc749c036a079f448\n  Building wheel for pycparser (setup.py): started\n  Building wheel for pycparser (setup.py): finished with status 'done'\n  Created wheel for pycparser: filename=pycparser-2.14-py2-none-any.whl size=188122 sha256=622012966052b156316773a39708bb79207f3a02e8bb897fb57c3e5b32e6fb12\n  Stored in directory: /tmp/pip-ephem-wheel-cache-tjTPjP/wheels/2c/75/33/f671312b41d94cbb3158307d2eaf3aecffbd0784e3af7bc842\n  Building wheel for pycrypto (setup.py): started\n  Building wheel for pycrypto (setup.py): finished with status 'done'\n  Created wheel for pycrypto: filename=pycrypto-2.7a1-cp27-cp27mu-linux_x86_64.whl size=877143 sha256=1ad1a33dee1aa9dc94dfd18df225fe55026a1d202b1edbd7f3180e1dcb748857\n  Stored in directory: /tmp/pip-ephem-wheel-cache-tjTPjP/wheels/ab/ee/d3/2a7e3975f43e15690936ba8e409cdcb14baa561ea89ebb39a7\n  Building wheel for pefile (setup.py): started\n  Building wheel for pefile (setup.py): finished with status 'done'\n  Created wheel for pefile: filename=pefile-2018.8.8-py2-none-any.whl size=60570 sha256=fe88b8063ce57eca8b223ed62ae9bacf32f3ed464e0725727889149a26b5d97d\n  Stored in directory: /tmp/pip-ephem-wheel-cache-tjTPjP/wheels/33/56/37/6705660f23f9144fe96db11c12419aa88c9e362c12ff7e9b6b\n  Building wheel for signify (setup.py): started\n  Building wheel for signify (setup.py): finished with status 'done'\n  Created wheel for signify: filename=signify-0.1.3-py2-none-any.whl size=51993 sha256=f0d62c8ff7bf553eb47617580cbbf72740f71cadbbea5b82d2e3550138953bf7\n  Stored in directory: /tmp/pip-ephem-wheel-cache-tjTPjP/wheels/2d/be/13/b654ae67b3e6c47bbe8b25c6beeb4cc8032c2742c990f354c0\n  Building wheel for verify-sigs (setup.py): started\n  Building wheel for verify-sigs (setup.py): finished with status 'done'\n  Created wheel for verify-sigs: filename=verify_sigs-1.0.dev0-py2-none-any.whl size=32875 sha256=42231b10226fb038b9bbaac941c5287a13bf0902e7d56f5a388bc3f501633c0a\n  Stored in directory: /tmp/pip-ephem-wheel-cache-tjTPjP/wheels/56/ad/e3/08e0132b79abab70e282fafd31ae690a16605225f6871dac39\n  Building wheel for MarkupSafe (setup.py): started\n  Building wheel for MarkupSafe (setup.py): finished with status 'done'\n  Created wheel for MarkupSafe: filename=MarkupSafe-1.1.1-cp27-cp27mu-linux_x86_64.whl size=26712 sha256=f5804e5881c6cfe23dc834c411b8e04b4488412b4dbe1e5b3dc5e00319dcdee8\n  Stored in directory: /tmp/pip-ephem-wheel-cache-tjTPjP/wheels/4d/4b/bf/cce593b6a13cd17b3bf2452827317fc68dfa4c61655596028c\n  Building wheel for scandir (setup.py): started\n  Building wheel for scandir (setup.py): finished with status 'done'\n  Created wheel for scandir: filename=scandir-1.10.0-cp27-cp27mu-linux_x86_64.whl size=36399 sha256=d07f28682f8fea89283e225c2439759c70a6bf21d9b82b134b80b50c8477af2e\n  Stored in directory: /tmp/pip-ephem-wheel-cache-tjTPjP/wheels/58/2c/26/52406f7d1f19bcc47a6fbd1037a5f293492f5cf1d58c539edb\n  Building wheel for future (setup.py): started\n  Building wheel for future (setup.py): finished with status 'done'\n  Created wheel for future: filename=future-0.18.2-py2-none-any.whl size=502566 sha256=fff5d1048cd952fe8972754c4abd7bf24e7dcc294de55b81fc29531b9a5bf1f2\n  Stored in directory: /tmp/pip-ephem-wheel-cache-tjTPjP/wheels/5f/11/0c/aad680baf5ef4fbcbab992c9f03e1130357e0c173a4fdabfff\n  Building wheel for cryptography (PEP 517): started\n  Building wheel for cryptography (PEP 517): finished with status 'error'\n\u001b[91m  ERROR: Command errored out with exit status 1:\n   command: /usr/bin/python2 /usr/lib/python2.7/site-packages/pip/_vendor/pep517/_in_process.py build_wheel /tmp/tmpWEgtix\n       cwd: /tmp/pip-install-pxE0Gz/cryptography\n  Complete output (948 lines):\n  running bdist_wheel\n  running build\n  running build_py\n  creating build\n  creating build/lib.linux-x86_64-2.7\n  creating build/lib.linux-x86_64-2.7/cryptography\n  copying src/cryptography/__init__.py -> build/lib.linux-x86_64-2.7/cryptography\n  copying src/cryptography/exceptions.py -> build/lib.linux-x86_64-2.7/cryptography\n  copying src/cryptography/fernet.py -> build/lib.linux-x86_64-2.7/cryptography\n  copying src/cryptography/__about__.py -> build/lib.linux-x86_64-2.7/cryptography\n  copying src/cryptography/utils.py -> build/lib.linux-x86_64-2.7/cryptography\n  creating build/lib.linux-x86_64-2.7/cryptography/x509\n  copying src/cryptography/x509/__init__.py -> build/lib.linux-x86_64-2.7/cryptography/x509\n  copying src/cryptography/x509/base.py -> build/lib.linux-x86_64-2.7/cryptography/x509\n  copying src/cryptography/x509/certificate_transparency.py -> build/lib.linux-x86_64-2.7/cryptography/x509\n  copying src/cryptography/x509/ocsp.py -> build/lib.linux-x86_64-2.7/cryptography/x509\n  copying src/cryptography/x509/name.py -> build/lib.linux-x86_64-2.7/cryptography/x509\n  copying src/cryptography/x509/oid.py -> build/lib.linux-x86_64-2.7/cryptography/x509\n  copying src/cryptography/x509/general_name.py -> build/lib.linux-x86_64-2.7/cryptography/x509\n  copying src/cryptography/x509/extensions.py -> build/lib.linux-x86_64-2.7/cryptography/x509\n  creating build/lib.linux-x86_64-2.7/cryptography/hazmat\n  copying src/cryptography/hazmat/__init__.py -> build/lib.linux-x86_64-2.7/cryptography/hazmat\n  copying src/cryptography/hazmat/_der.py -> build/lib.linux-x86_64-2.7/cryptography/hazmat\n  copying src/cryptography/hazmat/_oid.py -> build/lib.linux-x86_64-2.7/cryptography/hazmat\n  creating build/lib.linux-x86_64-2.7/cryptography/hazmat/primitives\n  copying src/cryptography/hazmat/primitives/__init__.py -> build/lib.linux-x86_64-2.7/cryptography/hazmat/primitives\n  copying src/cryptography/hazmat/primitives/poly1305.py -> build/lib.linux-x86_64-2.7/cryptography/hazmat/primitives\n  copying src/cryptography/hazmat/primitives/keywrap.py -> build/lib.linux-x86_64-2.7/cryptography/hazmat/primitives\n  copying src/cryptography/hazmat/primitives/padding.py -> build/lib.linux-x86_64-2.7/cryptography/hazmat/primitives\n  copying src/cryptography/hazmat/primitives/cmac.py -> build/lib.linux-x86_64-2.7/cryptography/hazmat/primitives\n  copying src/cryptography/hazmat/primitives/hashes.py -> build/lib.linux-x86_64-2.7/cryptography/hazmat/primitives\n  copying src/cryptography/hazmat/primitives/hmac.py -> build/lib.linux-x86_64-2.7/cryptography/hazmat/primitives\n  copying src/cryptography/hazmat/primitives/constant_time.py -> build/lib.linux-x86_64-2.7/cryptography/hazmat/primitives\n  creating build/lib.linux-x86_64-2.7/cryptography/hazmat/bindings\n  copying src/cryptography/hazmat/bindings/__init__.py -> build/lib.linux-x86_64-2.7/cryptography/hazmat/bindings\n  creating build/lib.linux-x86_64-2.7/cryptography/hazmat/backends\n  copying src/cryptography/hazmat/backends/__init__.py -> build/lib.linux-x86_64-2.7/cryptography/hazmat/backends\n  copying src/cryptography/hazmat/backends/interfaces.py -> build/lib.linux-x86_64-2.7/cryptography/hazmat/backends\n  creating build/lib.linux-x86_64-2.7/cryptography/hazmat/primitives/ciphers\n  copying src/cryptography/hazmat/primitives/ciphers/__init__.py -> build/lib.linux-x86_64-2.7/cryptography/hazmat/primitives/ciphers\n  copying src/cryptography/hazmat/primitives/ciphers/base.py -> build/lib.linux-x86_64-2.7/cryptography/hazmat/primitives/ciphers\n  copying src/cryptography/hazmat/primitives/ciphers/algorithms.py -> build/lib.linux-x86_64-2.7/cryptography/hazmat/primitives/ciphers\n  copying src/cryptography/hazmat/primitives/ciphers/modes.py -> build/lib.linux-x86_64-2.7/cryptography/hazmat/primitives/ciphers\n  copying src/cryptography/hazmat/primitives/ciphers/aead.py -> build/lib.linux-x86_64-2.7/cryptography/hazmat/primitives/ciphers\n  creating build/lib.linux-x86_64-2.7/cryptography/hazmat/primitives/serialization\n  copying src/cryptography/hazmat/primitives/serialization/__init__.py -> build/lib.linux-x86_64-2.7/cryptography/hazmat/primitives/serialization\n  copying src/cryptography/hazmat/primitives/serialization/base.py -> build/lib.linux-x86_64-2.7/cryptography/hazmat/primitives/serialization\n  copying src/cryptography/hazmat/primitives/serialization/pkcs12.py -> build/lib.linux-x86_64-2.7/cryptography/hazmat/primitives/serialization\n  copying src/cryptography/hazmat/primitives/serialization/pkcs7.py -> build/lib.linux-x86_64-2.7/cryptography/hazmat/primitives/serialization\n  copying src/cryptography/hazmat/primitives/serialization/ssh.py -> build/lib.linux-x86_64-2.7/cryptography/hazmat/primitives/serialization\n  creating build/lib.linux-x86_64-2.7/cryptography/hazmat/primitives/kdf\n  copying src/cryptography/hazmat/primitives/kdf/__init__.py -> build/lib.linux-x86_64-2.7/cryptography/hazmat/primitives/kdf\n  copying src/cryptography/hazmat/primitives/kdf/concatkdf.py -> build/lib.linux-x86_64-2.7/cryptography/hazmat/primitives/kdf\n  copying src/cryptography/hazmat/primitives/kdf/x963kdf.py -> build/lib.linux-x86_64-2.7/cryptography/hazmat/primitives/kdf\n  copying src/cryptography/hazmat/primitives/kdf/kbkdf.py -> build/lib.linux-x86_64-2.7/cryptography/hazmat/primitives/kdf\n  copying src/cryptography/hazmat/primitives/kdf/scrypt.py -> build/lib.linux-x86_64-2.7/cryptography/hazmat/primitives/kdf\n  copying src/cryptography/hazmat/primitives/kdf/hkdf.py -> build/lib.linux-x86_64-2.7/cryptography/hazmat/primitives/kdf\n  copying src/cryptography/hazmat/primitives/kdf/pbkdf2.py -> build/lib.linux-x86_64-2.7/cryptography/hazmat/primitives/kdf\n  creating build/lib.linux-x86_64-2.7/cryptography/hazmat/primitives/asymmetric\n  copying src/cryptography/hazmat/primitives/asymmetric/__init__.py -> build/lib.linux-x86_64-2.7/cryptography/hazmat/primitives/asymmetric\n  copying src/cryptography/hazmat/primitives/asymmetric/dh.py -> build/lib.linux-x86_64-2.7/cryptography/hazmat/primitives/asymmetric\n  copying src/cryptography/hazmat/primitives/asymmetric/ec.py -> build/lib.linux-x86_64-2.7/cryptography/hazmat/primitives/asymmetric\n  copying src/cryptography/hazmat/primitives/asymmetric/ed448.py -> build/lib.linux-x86_64-2.7/cryptography/hazmat/primitives/asymmetric\n  copying src/cryptography/hazmat/primitives/asymmetric/padding.py -> build/lib.linux-x86_64-2.7/cryptography/hazmat/primitives/asymmetric\n  copying src/cryptography/hazmat/primitives/asymmetric/rsa.py -> build/lib.linux-x86_64-2.7/cryptography/hazmat/primitives/asymmetric\n  copying src/cryptography/hazmat/primitives/asymmetric/dsa.py -> build/lib.linux-x86_64-2.7/cryptography/hazmat/primitives/asymmetric\n  copying src/cryptography/hazmat/primitives/asymmetric/x448.py -> build/lib.linux-x86_64-2.7/cryptography/hazmat/primitives/asymmetric\n  copying src/cryptography/hazmat/primitives/asymmetric/utils.py -> build/lib.linux-x86_64-2.7/cryptography/hazmat/primitives/asymmetric\n  copying src/cryptography/hazmat/primitives/asymmetric/ed25519.py -> build/lib.linux-x86_64-2.7/cryptography/hazmat/primitives/asymmetric\n  copying src/cryptography/hazmat/primitives/asymmetric/x25519.py -> build/lib.linux-x86_64-2.7/cryptography/hazmat/primitives/asymmetric\n  creating build/lib.linux-x86_64-2.7/cryptography/hazmat/primitives/twofactor\n  copying src/cryptography/hazmat/primitives/twofactor/__init__.py -> build/lib.linux-x86_64-2.7/cryptography/hazmat/primitives/twofactor\n  copying src/cryptography/hazmat/primitives/twofactor/totp.py -> build/lib.linux-x86_64-2.7/cryptography/hazmat/primitives/twofactor\n  copying src/cryptography/hazmat/primitives/twofactor/hotp.py -> build/lib.linux-x86_64-2.7/cryptography/hazmat/primitives/twofactor\n  copying src/cryptography/hazmat/primitives/twofactor/utils.py -> build/lib.linux-x86_64-2.7/cryptography/hazmat/primitives/twofactor\n  creating build/lib.linux-x86_64-2.7/cryptography/hazmat/bindings/openssl\n  copying src/cryptography/hazmat/bindings/openssl/__init__.py -> build/lib.linux-x86_64-2.7/cryptography/hazmat/bindings/openssl\n  copying src/cryptography/hazmat/bindings/openssl/binding.py -> build/lib.linux-x86_64-2.7/cryptography/hazmat/bindings/openssl\n  copying src/cryptography/hazmat/bindings/openssl/_conditional.py -> build/lib.linux-x86_64-2.7/cryptography/hazmat/bindings/openssl\n  creating build/lib.linux-x86_64-2.7/cryptography/hazmat/backends/openssl\n  copying src/cryptography/hazmat/backends/openssl/__init__.py -> build/lib.linux-x86_64-2.7/cryptography/hazmat/backends/openssl\n  copying src/cryptography/hazmat/backends/openssl/poly1305.py -> build/lib.linux-x86_64-2.7/cryptography/hazmat/backends/openssl\n  copying src/cryptography/hazmat/backends/openssl/dh.py -> build/lib.linux-x86_64-2.7/cryptography/hazmat/backends/openssl\n  copying src/cryptography/hazmat/backends/openssl/ec.py -> build/lib.linux-x86_64-2.7/cryptography/hazmat/backends/openssl\n  copying src/cryptography/hazmat/backends/openssl/ciphers.py -> build/lib.linux-x86_64-2.7/cryptography/hazmat/backends/openssl\n  copying src/cryptography/hazmat/backends/openssl/x509.py -> build/lib.linux-x86_64-2.7/cryptography/hazmat/backends/openssl\n  copying src/cryptography/hazmat/backends/openssl/ed448.py -> build/lib.linux-x86_64-2.7/cryptography/hazmat/backends/openssl\n  copying src/cryptography/hazmat/backends/openssl/ocsp.py -> build/lib.linux-x86_64-2.7/cryptography/hazmat/backends/openssl\n  copying src/cryptography/hazmat/backends/openssl/rsa.py -> build/lib.linux-x86_64-2.7/cryptography/hazmat/backends/openssl\n  copying src/cryptography/hazmat/backends/openssl/backend.py -> build/lib.linux-x86_64-2.7/cryptography/hazmat/backends/openssl\n  copying src/cryptography/hazmat/backends/openssl/cmac.py -> build/lib.linux-x86_64-2.7/cryptography/hazmat/backends/openssl\n  copying src/cryptography/hazmat/backends/openssl/encode_asn1.py -> build/lib.linux-x86_64-2.7/cryptography/hazmat/backends/openssl\n  copying src/cryptography/hazmat/backends/openssl/dsa.py -> build/lib.linux-x86_64-2.7/cryptography/hazmat/backends/openssl\n  copying src/cryptography/hazmat/backends/openssl/hashes.py -> build/lib.linux-x86_64-2.7/cryptography/hazmat/backends/openssl\n  copying src/cryptography/hazmat/backends/openssl/x448.py -> build/lib.linux-x86_64-2.7/cryptography/hazmat/backends/openssl\n  copying src/cryptography/hazmat/backends/openssl/hmac.py -> build/lib.linux-x86_64-2.7/cryptography/hazmat/backends/openssl\n  copying src/cryptography/hazmat/backends/openssl/utils.py -> build/lib.linux-x86_64-2.7/cryptography/hazmat/backends/openssl\n  copying src/cryptography/hazmat/backends/openssl/ed25519.py -> build/lib.linux-x86_64-2.7/cryptography/hazmat/backends/openssl\n  copying src/cryptography/hazmat/backends/openssl/aead.py -> build/lib.linux-x86_64-2.7/cryptography/hazmat/backends/openssl\n  copying src/cryptography/hazmat/backends/openssl/decode_asn1.py -> build/lib.linux-x86_64-2.7/cryptography/hazmat/backends/openssl\n  copying src/cryptography/hazmat/backends/openssl/x25519.py -> build/lib.linux-x86_64-2.7/cryptography/hazmat/backends/openssl\n  running egg_info\n  writing requirements to src/cryptography.egg-info/requires.txt\n  writing src/cryptography.egg-info/PKG-INFO\n  writing top-level names to src/cryptography.egg-info/top_level.txt\n  writing dependency_links to src/cryptography.egg-info/dependency_links.txt\n  reading manifest file 'src/cryptography.egg-info/SOURCES.txt'\n  reading manifest template 'MANIFEST.in'\n  no previously-included directories found matching 'docs/_build'\n  warning: no previously-included files found matching 'vectors'\n  warning: no previously-included files matching '*' found under directory 'vectors'\n  warning: no previously-included files matching '*' found under directory '.github'\n  warning: no previously-included files found matching 'release.py'\n  warning: no previously-included files found matching '.coveragerc'\n  warning: no previously-included files found matching 'codecov.yml'\n  warning: no previously-included files found matching '.readthedocs.yml'\n  warning: no previously-included files found matching 'dev-requirements.txt'\n  warning: no previously-included files found matching 'rtd-requirements.txt'\n  warning: no previously-included files found matching 'tox.ini'\n  warning: no previously-included files matching '*' found under directory '.zuul.d'\n  warning: no previously-included files matching '*' found under directory '.zuul.playbooks'\n  writing manifest file 'src/cryptography.egg-info/SOURCES.txt'\n  running build_ext\n  generating cffi module 'build/temp.linux-x86_64-2.7/_padding.c'\n  creating build/temp.linux-x86_64-2.7\n  generating cffi module 'build/temp.linux-x86_64-2.7/_openssl.c'\n  building '_openssl' extension\n  creating build/temp.linux-x86_64-2.7/build\n  creating build/temp.linux-x86_64-2.7/build/temp.linux-x86_64-2.7\n  gcc -fno-strict-aliasing -Os -fomit-frame-pointer -g -DNDEBUG -Os -fomit-frame-pointer -g -DTHREAD_STACK_SIZE=0x100000 -fPIC -I/usr/include/python2.7 -c build/temp.linux-x86_64-2.7/_openssl.c -o build/temp.linux-x86_64-2.7/build/temp.linux-x86_64-2.7/_openssl.o -Wconversion -Wno-error=sign-conversion\n  build/temp.linux-x86_64-2.7/_openssl.c: In function 'Cryptography_CRYPTO_set_mem_functions':\n  build/temp.linux-x86_64-2.7/_openssl.c:942:37: warning: passing argument 1 of 'CRYPTO_set_mem_functions' from incompatible pointer type [-Wincompatible-pointer-types]\n       return CRYPTO_set_mem_functions(m, r, f);\n                                       ^\n  In file included from /usr/include/openssl/bio.h:69:0,\n                   from /usr/include/openssl/asn1.h:65,\n                   from build/temp.linux-x86_64-2.7/_openssl.c:614:\n  /usr/include/openssl/crypto.h:499:5: note: expected 'void * (*)(size_t) {aka void * (*)(long unsigned int)}' but argument is of type 'void * (*)(size_t,  const char *, int) {aka void * (*)(long unsigned int,  const char *, int)}'\n   int CRYPTO_set_mem_functions(void *(*m) (size_t), void *(*r) (void *, size_t),\n       ^~~~~~~~~~~~~~~~~~~~~~~~\n  build/temp.linux-x86_64-2.7/_openssl.c:942:40: warning: passing argument 2 of 'CRYPTO_set_mem_functions' from incompatible pointer type [-Wincompatible-pointer-types]\n       return CRYPTO_set_mem_functions(m, r, f);\n                                          ^\n  In file included from /usr/include/openssl/bio.h:69:0,\n                   from /usr/include/openssl/asn1.h:65,\n                   from build/temp.linux-x86_64-2.7/_openssl.c:614:\n  /usr/include/openssl/crypto.h:499:5: note: expected 'void * (*)(void *, size_t) {aka void * (*)(void *, long unsigned int)}' but argument is of type 'void * (*)(void *, size_t,  const char *, int) {aka void * (*)(void *, long unsigned int,  const char *, int)}'\n   int CRYPTO_set_mem_functions(void *(*m) (size_t), void *(*r) (void *, size_t),\n       ^~~~~~~~~~~~~~~~~~~~~~~~\n  build/temp.linux-x86_64-2.7/_openssl.c:942:43: warning: passing argument 3 of 'CRYPTO_set_mem_functions' from incompatible pointer type [-Wincompatible-pointer-types]\n       return CRYPTO_set_mem_functions(m, r, f);\n                                             ^\n  In file included from /usr/include/openssl/bio.h:69:0,\n                   from /usr/include/openssl/asn1.h:65,\n                   from build/temp.linux-x86_64-2.7/_openssl.c:614:\n  /usr/include/openssl/crypto.h:499:5: note: expected 'void (*)(void *)' but argument is of type 'void (*)(void *, const char *, int)'\n   int CRYPTO_set_mem_functions(void *(*m) (size_t), void *(*r) (void *, size_t),\n       ^~~~~~~~~~~~~~~~~~~~~~~~\n  build/temp.linux-x86_64-2.7/_openssl.c: In function 'Cryptography_EVP_MD_CTX_new':\n  build/temp.linux-x86_64-2.7/_openssl.c:1202:12: warning: implicit declaration of function 'EVP_MD_CTX_new' [-Wimplicit-function-declaration]\n       return EVP_MD_CTX_new();\n              ^~~~~~~~~~~~~~\n  build/temp.linux-x86_64-2.7/_openssl.c:1202:12: warning: return makes pointer from integer without a cast [-Wint-conversion]\n       return EVP_MD_CTX_new();\n              ^~~~~~~~~~~~~~~~\n  build/temp.linux-x86_64-2.7/_openssl.c: In function 'Cryptography_EVP_MD_CTX_free':\n  build/temp.linux-x86_64-2.7/_openssl.c:1205:5: warning: implicit declaration of function 'EVP_MD_CTX_free' [-Wimplicit-function-declaration]\n       EVP_MD_CTX_free(md);\n       ^~~~~~~~~~~~~~~\n  build/temp.linux-x86_64-2.7/_openssl.c: At top level:\n  build/temp.linux-x86_64-2.7/_openssl.c:1330:8: error: redefinition of 'struct ocsp_responder_id_st'\n   struct ocsp_responder_id_st {\n          ^~~~~~~~~~~~~~~~~~~~\n  In file included from /usr/include/openssl/crypto.h:131:0,\n                   from /usr/include/openssl/bio.h:69,\n                   from /usr/include/openssl/asn1.h:65,\n                   from build/temp.linux-x86_64-2.7/_openssl.c:614:\n  /usr/include/openssl/ossl_typ.h:208:16: note: originally defined here\n   typedef struct ocsp_responder_id_st OCSP_RESPID;\n                  ^~~~~~~~~~~~~~~~~~~~\n  build/temp.linux-x86_64-2.7/_openssl.c:1337:8: error: redefinition of 'struct ocsp_response_data_st'\n   struct ocsp_response_data_st {\n          ^~~~~~~~~~~~~~~~~~~~~\n  In file included from build/temp.linux-x86_64-2.7/_openssl.c:678:0:\n  /usr/include/openssl/ocsp.h:263:16: note: originally defined here\n   typedef struct ocsp_response_data_st {\n                  ^~~~~~~~~~~~~~~~~~~~~\n  build/temp.linux-x86_64-2.7/_openssl.c:1344:8: error: redefinition of 'struct ocsp_basic_response_st'\n   struct ocsp_basic_response_st {\n          ^~~~~~~~~~~~~~~~~~~~~~\n  In file included from build/temp.linux-x86_64-2.7/_openssl.c:678:0:\n  /usr/include/openssl/ocsp.h:297:16: note: originally defined here\n   typedef struct ocsp_basic_response_st {\n                  ^~~~~~~~~~~~~~~~~~~~~~\n  build/temp.linux-x86_64-2.7/_openssl.c: In function 'OCSP_resp_get0_tbs_sigalg':\n  build/temp.linux-x86_64-2.7/_openssl.c:1397:12: warning: return from incompatible pointer type [-Wincompatible-pointer-types]\n       return &bs->signatureAlgorithm;\n              ^~~~~~~~~~~~~~~~~~~~~~~\n  build/temp.linux-x86_64-2.7/_openssl.c: In function 'OCSP_resp_get0_respdata':\n  build/temp.linux-x86_64-2.7/_openssl.c:1406:12: warning: return from incompatible pointer type [-Wincompatible-pointer-types]\n       return &bs->tbsResponseData;\n              ^~~~~~~~~~~~~~~~~~~~\n  In file included from build/temp.linux-x86_64-2.7/_openssl.c:815:0:\n  build/temp.linux-x86_64-2.7/_openssl.c: At top level:\n  build/temp.linux-x86_64-2.7/_openssl.c:2158:19: error: expected identifier or '(' before numeric constant\n   static const long SSL_ST_BEFORE = 0;\n                     ^\n  build/temp.linux-x86_64-2.7/_openssl.c:2159:19: error: expected identifier or '(' before numeric constant\n   static const long SSL_ST_OK = 0;\n                     ^\n  build/temp.linux-x86_64-2.7/_openssl.c:2160:19: error: expected identifier or '(' before numeric constant\n   static const long SSL_ST_INIT = 0;\n                     ^\n  build/temp.linux-x86_64-2.7/_openssl.c:2161:19: error: expected identifier or '(' before numeric constant\n   static const long SSL_ST_RENEGOTIATE = 0;\n                     ^\n  build/temp.linux-x86_64-2.7/_openssl.c: In function 'Cryptography_pem_password_cb':\n  build/temp.linux-x86_64-2.7/_openssl.c:2385:35: warning: conversion to 'size_t {aka long unsigned int}' from 'int' may change the sign of the result [-Wsign-conversion]\n           memcpy(buf, st->password, st->length);\n                                     ^~\n  build/temp.linux-x86_64-2.7/_openssl.c: In function '_cffi_const_EVP_PKEY_X25519':\n  build/temp.linux-x86_64-2.7/_openssl.c:1265:25: error: 'NID_X25519' undeclared (first use in this function)\n   #define EVP_PKEY_X25519 NID_X25519\n                           ^\n  build/temp.linux-x86_64-2.7/_openssl.c:6385:12: note: in expansion of macro 'EVP_PKEY_X25519'\n     int n = (EVP_PKEY_X25519) <= 0;\n              ^~~~~~~~~~~~~~~\n  build/temp.linux-x86_64-2.7/_openssl.c:1265:25: note: each undeclared identifier is reported only once for each function it appears in\n   #define EVP_PKEY_X25519 NID_X25519\n                           ^\n  build/temp.linux-x86_64-2.7/_openssl.c:6385:12: note: in expansion of macro 'EVP_PKEY_X25519'\n     int n = (EVP_PKEY_X25519) <= 0;\n              ^~~~~~~~~~~~~~~\n  build/temp.linux-x86_64-2.7/_openssl.c: In function '_cffi_const_EVP_PKEY_X448':\n  build/temp.linux-x86_64-2.7/_openssl.c:1272:23: error: 'NID_X448' undeclared (first use in this function)\n   #define EVP_PKEY_X448 NID_X448\n                         ^\n  build/temp.linux-x86_64-2.7/_openssl.c:6392:12: note: in expansion of macro 'EVP_PKEY_X448'\n     int n = (EVP_PKEY_X448) <= 0;\n              ^~~~~~~~~~~~~\n  build/temp.linux-x86_64-2.7/_openssl.c: In function '_cffi_const_NID_X25519':\n  build/temp.linux-x86_64-2.7/_openssl.c:6511:12: error: 'NID_X25519' undeclared (first use in this function)\n     int n = (NID_X25519) <= 0;\n              ^~~~~~~~~~\n  build/temp.linux-x86_64-2.7/_openssl.c: In function '_cffi_const_NID_X448':\n  build/temp.linux-x86_64-2.7/_openssl.c:6518:12: error: 'NID_X448' undeclared (first use in this function)\n     int n = (NID_X448) <= 0;\n              ^~~~~~~~\n  build/temp.linux-x86_64-2.7/_openssl.c: In function '_cffi_const_TLS_ST_BEFORE':\n  build/temp.linux-x86_64-2.7/_openssl.c:7433:12: error: 'TLS_ST_BEFORE' undeclared (first use in this function)\n     int n = (TLS_ST_BEFORE) <= 0;\n              ^~~~~~~~~~~~~\n  build/temp.linux-x86_64-2.7/_openssl.c: In function '_cffi_const_TLS_ST_OK':\n  build/temp.linux-x86_64-2.7/_openssl.c:7440:12: error: 'TLS_ST_OK' undeclared (first use in this function)\n     int n = (TLS_ST_OK) <= 0;\n              ^~~~~~~~~\n  build/temp.linux-x86_64-2.7/_openssl.c: In function '_cffi_const_X509_CHECK_FLAG_NEVER_CHECK_SUBJECT':\n  build/temp.linux-x86_64-2.7/_openssl.c:7468:12: error: 'X509_CHECK_FLAG_NEVER_CHECK_SUBJECT' undeclared (first use in this function)\n     int n = (X509_CHECK_FLAG_NEVER_CHECK_SUBJECT) <= 0;\n              ^~~~~~~~~~~~~~~~~~~~~~~~~~~~~~~~~~~\n  build/temp.linux-x86_64-2.7/_openssl.c: In function '_cffi_d_BIO_up_ref':\n  build/temp.linux-x86_64-2.7/_openssl.c:10506:10: warning: implicit declaration of function 'BIO_up_ref' [-Wimplicit-function-declaration]\n     return BIO_up_ref(x0);\n            ^~~~~~~~~~\n  build/temp.linux-x86_64-2.7/_openssl.c: In function '_cffi_d_DH_get0_key':\n  build/temp.linux-x86_64-2.7/_openssl.c:13979:3: warning: implicit declaration of function 'DH_get0_key' [-Wimplicit-function-declaration]\n     DH_get0_key(x0, x1, x2);\n     ^~~~~~~~~~~\n  build/temp.linux-x86_64-2.7/_openssl.c: In function '_cffi_d_DH_get0_pqg':\n  build/temp.linux-x86_64-2.7/_openssl.c:14041:3: warning: implicit declaration of function 'DH_get0_pqg' [-Wimplicit-function-declaration]\n     DH_get0_pqg(x0, x1, x2, x3);\n     ^~~~~~~~~~~\n  build/temp.linux-x86_64-2.7/_openssl.c: In function '_cffi_d_DH_set0_key':\n  build/temp.linux-x86_64-2.7/_openssl.c:14140:10: warning: implicit declaration of function 'DH_set0_key' [-Wimplicit-function-declaration]\n     return DH_set0_key(x0, x1, x2);\n            ^~~~~~~~~~~\n  build/temp.linux-x86_64-2.7/_openssl.c: In function '_cffi_d_DH_set0_pqg':\n  build/temp.linux-x86_64-2.7/_openssl.c:14204:10: warning: implicit declaration of function 'DH_set0_pqg' [-Wimplicit-function-declaration]\n     return DH_set0_pqg(x0, x1, x2, x3);\n            ^~~~~~~~~~~\n  build/temp.linux-x86_64-2.7/_openssl.c: In function '_cffi_d_DSA_get0_key':\n  build/temp.linux-x86_64-2.7/_openssl.c:14651:3: warning: implicit declaration of function 'DSA_get0_key' [-Wimplicit-function-declaration]\n     DSA_get0_key(x0, x1, x2);\n     ^~~~~~~~~~~~\n  build/temp.linux-x86_64-2.7/_openssl.c: In function '_cffi_d_DSA_get0_pqg':\n  build/temp.linux-x86_64-2.7/_openssl.c:14713:3: warning: implicit declaration of function 'DSA_get0_pqg' [-Wimplicit-function-declaration]\n     DSA_get0_pqg(x0, x1, x2, x3);\n     ^~~~~~~~~~~~\n  build/temp.linux-x86_64-2.7/_openssl.c: In function '_cffi_d_DSA_set0_key':\n  build/temp.linux-x86_64-2.7/_openssl.c:14812:10: warning: implicit declaration of function 'DSA_set0_key' [-Wimplicit-function-declaration]\n     return DSA_set0_key(x0, x1, x2);\n            ^~~~~~~~~~~~\n  build/temp.linux-x86_64-2.7/_openssl.c: In function '_cffi_d_DSA_set0_pqg':\n  build/temp.linux-x86_64-2.7/_openssl.c:14876:10: warning: implicit declaration of function 'DSA_set0_pqg' [-Wimplicit-function-declaration]\n     return DSA_set0_pqg(x0, x1, x2, x3);\n            ^~~~~~~~~~~~\n  build/temp.linux-x86_64-2.7/_openssl.c: In function '_cffi_d_EVP_MD_CTX_new':\n  build/temp.linux-x86_64-2.7/_openssl.c:20393:10: warning: return makes pointer from integer without a cast [-Wint-conversion]\n     return EVP_MD_CTX_new();\n            ^~~~~~~~~~~~~~~~\n  build/temp.linux-x86_64-2.7/_openssl.c: In function '_cffi_f_EVP_MD_CTX_new':\n  build/temp.linux-x86_64-2.7/_openssl.c:20404:12: warning: assignment makes pointer from integer without a cast [-Wint-conversion]\n     { result = EVP_MD_CTX_new(); }\n              ^\n  build/temp.linux-x86_64-2.7/_openssl.c: In function '_cffi_d_EVP_PBE_scrypt':\n  build/temp.linux-x86_64-2.7/_openssl.c:20419:10: warning: implicit declaration of function 'EVP_PBE_scrypt' [-Wimplicit-function-declaration]\n     return EVP_PBE_scrypt(x0, x1, x2, x3, x4, x5, x6, x7, x8, x9);\n            ^~~~~~~~~~~~~~\n  build/temp.linux-x86_64-2.7/_openssl.c: In function '_cffi_d_EVP_PKEY_get1_tls_encodedpoint':\n  build/temp.linux-x86_64-2.7/_openssl.c:21739:10: warning: implicit declaration of function 'EVP_PKEY_get1_tls_encodedpoint' [-Wimplicit-function-declaration]\n     return EVP_PKEY_get1_tls_encodedpoint(x0, x1);\n            ^~~~~~~~~~~~~~~~~~~~~~~~~~~~~~\n  build/temp.linux-x86_64-2.7/_openssl.c:21739:10: warning: conversion to 'size_t {aka long unsigned int}' from 'int' may change the sign of the result [-Wsign-conversion]\n     return EVP_PKEY_get1_tls_encodedpoint(x0, x1);\n            ^~~~~~~~~~~~~~~~~~~~~~~~~~~~~~~~~~~~~~\n  build/temp.linux-x86_64-2.7/_openssl.c: In function '_cffi_f_EVP_PKEY_get1_tls_encodedpoint':\n  build/temp.linux-x86_64-2.7/_openssl.c:21777:14: warning: conversion to 'size_t {aka long unsigned int}' from 'int' may change the sign of the result [-Wsign-conversion]\n     { result = EVP_PKEY_get1_tls_encodedpoint(x0, x1); }\n                ^~~~~~~~~~~~~~~~~~~~~~~~~~~~~~\n  build/temp.linux-x86_64-2.7/_openssl.c: In function '_cffi_d_EVP_PKEY_set1_tls_encodedpoint':\n  build/temp.linux-x86_64-2.7/_openssl.c:22417:10: warning: implicit declaration of function 'EVP_PKEY_set1_tls_encodedpoint' [-Wimplicit-function-declaration]\n     return EVP_PKEY_set1_tls_encodedpoint(x0, x1, x2);\n            ^~~~~~~~~~~~~~~~~~~~~~~~~~~~~~\n  build/temp.linux-x86_64-2.7/_openssl.c: In function '_cffi_d_HMAC_CTX_free':\n  build/temp.linux-x86_64-2.7/_openssl.c:23701:3: warning: implicit declaration of function 'HMAC_CTX_free' [-Wimplicit-function-declaration]\n     HMAC_CTX_free(x0);\n     ^~~~~~~~~~~~~\n  build/temp.linux-x86_64-2.7/_openssl.c: In function '_cffi_d_HMAC_CTX_new':\n  build/temp.linux-x86_64-2.7/_openssl.c:23737:10: warning: implicit declaration of function 'HMAC_CTX_new' [-Wimplicit-function-declaration]\n     return HMAC_CTX_new();\n            ^~~~~~~~~~~~\n  build/temp.linux-x86_64-2.7/_openssl.c:23737:10: warning: return makes pointer from integer without a cast [-Wint-conversion]\n     return HMAC_CTX_new();\n            ^~~~~~~~~~~~~~\n  build/temp.linux-x86_64-2.7/_openssl.c: In function '_cffi_f_HMAC_CTX_new':\n  build/temp.linux-x86_64-2.7/_openssl.c:23748:12: warning: assignment makes pointer from integer without a cast [-Wint-conversion]\n     { result = HMAC_CTX_new(); }\n              ^\n  build/temp.linux-x86_64-2.7/_openssl.c: In function '_cffi_d_OCSP_SINGLERESP_get0_id':\n  build/temp.linux-x86_64-2.7/_openssl.c:25282:10: warning: implicit declaration of function 'OCSP_SINGLERESP_get0_id' [-Wimplicit-function-declaration]\n     return OCSP_SINGLERESP_get0_id(x0);\n            ^~~~~~~~~~~~~~~~~~~~~~~\n  build/temp.linux-x86_64-2.7/_openssl.c:25282:10: warning: return makes pointer from integer without a cast [-Wint-conversion]\n     return OCSP_SINGLERESP_get0_id(x0);\n            ^~~~~~~~~~~~~~~~~~~~~~~~~~~\n  build/temp.linux-x86_64-2.7/_openssl.c: In function '_cffi_f_OCSP_SINGLERESP_get0_id':\n  build/temp.linux-x86_64-2.7/_openssl.c:25305:12: warning: assignment makes pointer from integer without a cast [-Wint-conversion]\n     { result = OCSP_SINGLERESP_get0_id(x0); }\n              ^\n  build/temp.linux-x86_64-2.7/_openssl.c: In function '_cffi_d_OCSP_cert_to_id':\n  build/temp.linux-x86_64-2.7/_openssl.c:25649:30: warning: passing argument 2 of 'OCSP_cert_to_id' discards 'const' qualifier from pointer target type [-Wdiscarded-qualifiers]\n     return OCSP_cert_to_id(x0, x1, x2);\n                                ^~\n  In file included from build/temp.linux-x86_64-2.7/_openssl.c:678:0:\n  /usr/include/openssl/ocsp.h:417:14: note: expected 'X509 * {aka struct x509_st *}' but argument is of type 'const X509 * {aka const struct x509_st *}'\n   OCSP_CERTID *OCSP_cert_to_id(const EVP_MD *dgst, X509 *subject, X509 *issuer);\n                ^~~~~~~~~~~~~~~\n  build/temp.linux-x86_64-2.7/_openssl.c:25649:34: warning: passing argument 3 of 'OCSP_cert_to_id' discards 'const' qualifier from pointer target type [-Wdiscarded-qualifiers]\n     return OCSP_cert_to_id(x0, x1, x2);\n                                    ^~\n  In file included from build/temp.linux-x86_64-2.7/_openssl.c:678:0:\n  /usr/include/openssl/ocsp.h:417:14: note: expected 'X509 * {aka struct x509_st *}' but argument is of type 'const X509 * {aka const struct x509_st *}'\n   OCSP_CERTID *OCSP_cert_to_id(const EVP_MD *dgst, X509 *subject, X509 *issuer);\n                ^~~~~~~~~~~~~~~\n  build/temp.linux-x86_64-2.7/_openssl.c: In function '_cffi_f_OCSP_cert_to_id':\n  build/temp.linux-x86_64-2.7/_openssl.c:25698:34: warning: passing argument 2 of 'OCSP_cert_to_id' discards 'const' qualifier from pointer target type [-Wdiscarded-qualifiers]\n     { result = OCSP_cert_to_id(x0, x1, x2); }\n                                    ^~\n  In file included from build/temp.linux-x86_64-2.7/_openssl.c:678:0:\n  /usr/include/openssl/ocsp.h:417:14: note: expected 'X509 * {aka struct x509_st *}' but argument is of type 'const X509 * {aka const struct x509_st *}'\n   OCSP_CERTID *OCSP_cert_to_id(const EVP_MD *dgst, X509 *subject, X509 *issuer);\n                ^~~~~~~~~~~~~~~\n  build/temp.linux-x86_64-2.7/_openssl.c:25698:38: warning: passing argument 3 of 'OCSP_cert_to_id' discards 'const' qualifier from pointer target type [-Wdiscarded-qualifiers]\n     { result = OCSP_cert_to_id(x0, x1, x2); }\n                                        ^~\n  In file included from build/temp.linux-x86_64-2.7/_openssl.c:678:0:\n  /usr/include/openssl/ocsp.h:417:14: note: expected 'X509 * {aka struct x509_st *}' but argument is of type 'const X509 * {aka const struct x509_st *}'\n   OCSP_CERTID *OCSP_cert_to_id(const EVP_MD *dgst, X509 *subject, X509 *issuer);\n                ^~~~~~~~~~~~~~~\n  build/temp.linux-x86_64-2.7/_openssl.c: In function '_cffi_d_OCSP_resp_get0_certs':\n  build/temp.linux-x86_64-2.7/_openssl.c:26062:10: warning: implicit declaration of function 'OCSP_resp_get0_certs' [-Wimplicit-function-declaration]\n     return OCSP_resp_get0_certs(x0);\n            ^~~~~~~~~~~~~~~~~~~~\n  build/temp.linux-x86_64-2.7/_openssl.c:26062:10: warning: return makes pointer from integer without a cast [-Wint-conversion]\n     return OCSP_resp_get0_certs(x0);\n            ^~~~~~~~~~~~~~~~~~~~~~~~\n  build/temp.linux-x86_64-2.7/_openssl.c: In function '_cffi_f_OCSP_resp_get0_certs':\n  build/temp.linux-x86_64-2.7/_openssl.c:26085:12: warning: assignment makes pointer from integer without a cast [-Wint-conversion]\n     { result = OCSP_resp_get0_certs(x0); }\n              ^\n  build/temp.linux-x86_64-2.7/_openssl.c: In function '_cffi_d_OCSP_resp_get0_id':\n  build/temp.linux-x86_64-2.7/_openssl.c:26100:10: warning: implicit declaration of function 'OCSP_resp_get0_id' [-Wimplicit-function-declaration]\n     return OCSP_resp_get0_id(x0, x1, x2);\n            ^~~~~~~~~~~~~~~~~\n  build/temp.linux-x86_64-2.7/_openssl.c: In function '_cffi_d_OCSP_resp_get0_produced_at':\n  build/temp.linux-x86_64-2.7/_openssl.c:26164:10: warning: implicit declaration of function 'OCSP_resp_get0_produced_at' [-Wimplicit-function-declaration]\n     return OCSP_resp_get0_produced_at(x0);\n            ^~~~~~~~~~~~~~~~~~~~~~~~~~\n  build/temp.linux-x86_64-2.7/_openssl.c:26164:10: warning: return makes pointer from integer \u001b[0m\u001b[91mwithout a cast [-Wint-conversion]\n     return OCSP_resp_get0_produced_at(x0);\n            ^~~~~~~~~~~~~~~~~~~~~~~~~~~~~~\n  build/temp.linux-x86_64-2.7/_openssl.c: In function '_cffi_f_OCSP_resp_get0_produced_at':\n  build/temp.linux-x86_64-2.7/_openssl.c:26187:12: warning: assignment makes pointer from integer without a cast [-Wint-conversion]\n     { result = OCSP_resp_get0_produced_at(x0); }\n              ^\n  build/temp.linux-x86_64-2.7/_openssl.c: In function '_cffi_d_OCSP_resp_get0_signature':\n  build/temp.linux-x86_64-2.7/_openssl.c:26240:10: warning: implicit declaration of function 'OCSP_resp_get0_signature' [-Wimplicit-function-declaration]\n     return OCSP_resp_get0_signature(x0);\n            ^~~~~~~~~~~~~~~~~~~~~~~~\n  build/temp.linux-x86_64-2.7/_openssl.c:26240:10: warning: return makes pointer from integer without a cast [-Wint-conversion]\n     return OCSP_resp_get0_signature(x0);\n            ^~~~~~~~~~~~~~~~~~~~~~~~~~~~\n  build/temp.linux-x86_64-2.7/_openssl.c: In function '_cffi_f_OCSP_resp_get0_signature':\n  build/temp.linux-x86_64-2.7/_openssl.c:26263:12: warning: assignment makes pointer from integer without a cast [-Wint-conversion]\n     { result = OCSP_resp_get0_signature(x0); }\n              ^\n  build/temp.linux-x86_64-2.7/_openssl.c: In function '_cffi_d_OPENSSL_cleanup':\n  build/temp.linux-x86_64-2.7/_openssl.c:26526:3: warning: implicit declaration of function 'OPENSSL_cleanup' [-Wimplicit-function-declaration]\n     OPENSSL_cleanup();\n     ^~~~~~~~~~~~~~~\n  build/temp.linux-x86_64-2.7/_openssl.c: In function '_cffi_d_RSA_get0_crt_params':\n  build/temp.linux-x86_64-2.7/_openssl.c:29785:3: warning: implicit declaration of function 'RSA_get0_crt_params' [-Wimplicit-function-declaration]\n     RSA_get0_crt_params(x0, x1, x2, x3);\n     ^~~~~~~~~~~~~~~~~~~\n  build/temp.linux-x86_64-2.7/_openssl.c: In function '_cffi_d_RSA_get0_factors':\n  build/temp.linux-x86_64-2.7/_openssl.c:29858:3: warning: implicit declaration of function 'RSA_get0_factors' [-Wimplicit-function-declaration]\n     RSA_get0_factors(x0, x1, x2);\n     ^~~~~~~~~~~~~~~~\n  build/temp.linux-x86_64-2.7/_openssl.c: In function '_cffi_d_RSA_get0_key':\n  build/temp.linux-x86_64-2.7/_openssl.c:29920:3: warning: implicit declaration of function 'RSA_get0_key' [-Wimplicit-function-declaration]\n     RSA_get0_key(x0, x1, x2, x3);\n     ^~~~~~~~~~~~\n  build/temp.linux-x86_64-2.7/_openssl.c: In function '_cffi_d_RSA_set0_crt_params':\n  build/temp.linux-x86_64-2.7/_openssl.c:30078:10: warning: implicit declaration of function 'RSA_set0_crt_params' [-Wimplicit-function-declaration]\n     return RSA_set0_crt_params(x0, x1, x2, x3);\n            ^~~~~~~~~~~~~~~~~~~\n  build/temp.linux-x86_64-2.7/_openssl.c: In function '_cffi_d_RSA_set0_factors':\n  build/temp.linux-x86_64-2.7/_openssl.c:30153:10: warning: implicit declaration of function 'RSA_set0_factors' [-Wimplicit-function-declaration]\n     return RSA_set0_factors(x0, x1, x2);\n            ^~~~~~~~~~~~~~~~\n  build/temp.linux-x86_64-2.7/_openssl.c: In function '_cffi_d_RSA_set0_key':\n  build/temp.linux-x86_64-2.7/_openssl.c:30217:10: warning: implicit declaration of function 'RSA_set0_key' [-Wimplicit-function-declaration]\n     return RSA_set0_key(x0, x1, x2, x3);\n            ^~~~~~~~~~~~\n  build/temp.linux-x86_64-2.7/_openssl.c: In function '_cffi_d_SSL_CIPHER_get_auth_nid':\n  build/temp.linux-x86_64-2.7/_openssl.c:30943:10: warning: implicit declaration of function 'SSL_CIPHER_get_auth_nid' [-Wimplicit-function-declaration]\n     return SSL_CIPHER_get_auth_nid(x0);\n            ^~~~~~~~~~~~~~~~~~~~~~~\n  build/temp.linux-x86_64-2.7/_openssl.c: In function '_cffi_d_SSL_CIPHER_get_cipher_nid':\n  build/temp.linux-x86_64-2.7/_openssl.c:31034:10: warning: implicit declaration of function 'SSL_CIPHER_get_cipher_nid' [-Wimplicit-function-declaration]\n     return SSL_CIPHER_get_cipher_nid(x0);\n            ^~~~~~~~~~~~~~~~~~~~~~~~~\n  build/temp.linux-x86_64-2.7/_openssl.c: In function '_cffi_d_SSL_CIPHER_get_digest_nid':\n  build/temp.linux-x86_64-2.7/_openssl.c:31072:10: warning: implicit declaration of function 'SSL_CIPHER_get_digest_nid' [-Wimplicit-function-declaration]\n     return SSL_CIPHER_get_digest_nid(x0);\n            ^~~~~~~~~~~~~~~~~~~~~~~~~\n  build/temp.linux-x86_64-2.7/_openssl.c: In function '_cffi_d_SSL_CIPHER_get_kx_nid':\n  build/temp.linux-x86_64-2.7/_openssl.c:31148:10: warning: implicit declaration of function 'SSL_CIPHER_get_kx_nid' [-Wimplicit-function-declaration]\n     return SSL_CIPHER_get_kx_nid(x0);\n            ^~~~~~~~~~~~~~~~~~~~~\n  build/temp.linux-x86_64-2.7/_openssl.c: In function '_cffi_d_SSL_CIPHER_is_aead':\n  build/temp.linux-x86_64-2.7/_openssl.c:31262:10: warning: implicit declaration of function 'SSL_CIPHER_is_aead' [-Wimplicit-function-declaration]\n     return SSL_CIPHER_is_aead(x0);\n            ^~~~~~~~~~~~~~~~~~\n  build/temp.linux-x86_64-2.7/_openssl.c: In function '_cffi_d_SSL_CTX_add_extra_chain_cert':\n  build/temp.linux-x86_64-2.7/_openssl.c:31441:10: warning: conversion to 'long unsigned int' from 'long int' may change the sign of the result [-Wsign-conversion]\n     return SSL_CTX_add_extra_chain_cert(x0, x1);\n            ^~~~~~~~~~~~~~~~~~~~~~~~~~~~\n  build/temp.linux-x86_64-2.7/_openssl.c: In function '_cffi_f_SSL_CTX_add_extra_chain_cert':\n  build/temp.linux-x86_64-2.7/_openssl.c:31479:14: warning: conversion to 'long unsigned int' from 'long int' may change the sign of the result [-Wsign-conversion]\n     { result = SSL_CTX_add_extra_chain_cert(x0, x1); }\n                ^~~~~~~~~~~~~~~~~~~~~~~~~~~~\n  build/temp.linux-x86_64-2.7/_openssl.c: In function '_cffi_d_SSL_CTX_clear_mode':\n  build/temp.linux-x86_64-2.7/_openssl.c:31620:10: warning: conversion to 'long int' from 'long unsigned int' may change the sign of the result [-Wsign-conversion]\n     return SSL_CTX_clear_mode(x0, x1);\n            ^~~~~~~~~~~~~~~~~~\n  build/temp.linux-x86_64-2.7/_openssl.c:31620:10: warning: conversion to 'long unsigned int' from 'long int' may change the sign of the result [-Wsign-conversion]\n  build/temp.linux-x86_64-2.7/_openssl.c: In function '_cffi_f_SSL_CTX_clear_mode':\n  build/temp.linux-x86_64-2.7/_openssl.c:31653:14: warning: conversion to 'long int' from 'long unsigned int' may change the sign of the result [-Wsign-conversion]\n     { result = SSL_CTX_clear_mode(x0, x1); }\n                ^~~~~~~~~~~~~~~~~~\n  build/temp.linux-x86_64-2.7/_openssl.c:31653:14: warning: conversion to 'long unsigned int' from 'long int' may change the sign of the result [-Wsign-conversion]\n  build/temp.linux-x86_64-2.7/_openssl.c: In function '_cffi_d_SSL_CTX_clear_options':\n  build/temp.linux-x86_64-2.7/_openssl.c:31668:10: warning: conversion to 'long int' from 'long unsigned int' may change the sign of the result [-Wsign-conversion]\n     return SSL_CTX_clear_options(x0, x1);\n            ^~~~~~~~~~~~~~~~~~~~~\n  build/temp.linux-x86_64-2.7/_openssl.c:31668:10: warning: conversion to 'long unsigned int' from 'long int' may change the sign of the result [-Wsign-conversion]\n  build/temp.linux-x86_64-2.7/_openssl.c: In function '_cffi_f_SSL_CTX_clear_options':\n  build/temp.linux-x86_64-2.7/_openssl.c:31701:14: warning: conversion to 'long int' from 'long unsigned int' may change the sign of the result [-Wsign-conversion]\n     { result = SSL_CTX_clear_options(x0, x1); }\n                ^~~~~~~~~~~~~~~~~~~~~\n  build/temp.linux-x86_64-2.7/_openssl.c:31701:14: warning: conversion to 'long unsigned int' from 'long int' may change the sign of the result [-Wsign-conversion]\n  build/temp.linux-x86_64-2.7/_openssl.c: In function '_cffi_d_SSL_CTX_get_mode':\n  build/temp.linux-x86_64-2.7/_openssl.c:32109:10: warning: conversion to 'long unsigned int' from 'long int' may change the sign of the result [-Wsign-conversion]\n     return SSL_CTX_get_mode(x0);\n            ^~~~~~~~~~~~~~~~\n  build/temp.linux-x86_64-2.7/_openssl.c: In function '_cffi_f_SSL_CTX_get_mode':\n  build/temp.linux-x86_64-2.7/_openssl.c:32132:14: warning: conversion to 'long unsigned int' from 'long int' may change the sign of the result [-Wsign-conversion]\n     { result = SSL_CTX_get_mode(x0); }\n                ^~~~~~~~~~~~~~~~\n  build/temp.linux-x86_64-2.7/_openssl.c: In function '_cffi_d_SSL_CTX_get_options':\n  build/temp.linux-x86_64-2.7/_openssl.c:32147:10: warning: conversion to 'long unsigned int' from 'long int' may change the sign of the result [-Wsign-conversion]\n     return SSL_CTX_get_options(x0);\n            ^~~~~~~~~~~~~~~~~~~\n  build/temp.linux-x86_64-2.7/_openssl.c: In function '_cffi_f_SSL_CTX_get_options':\n  build/temp.linux-x86_64-2.7/_openssl.c:32170:14: warning: conversion to 'long unsigned int' from 'long int' may change the sign of the result [-Wsign-conversion]\n     { result = SSL_CTX_get_options(x0); }\n                ^~~~~~~~~~~~~~~~~~~\n  build/temp.linux-x86_64-2.7/_openssl.c: In function '_cffi_d_SSL_CTX_get_session_cache_mode':\n  build/temp.linux-x86_64-2.7/_openssl.c:32223:10: warning: conversion to 'long unsigned int' from 'long int' may change the sign of the result [-Wsign-conversion]\n     return SSL_CTX_get_session_cache_mode(x0);\n            ^~~~~~~~~~~~~~~~~~~~~~~~~~~~~~\n  build/temp.linux-x86_64-2.7/_openssl.c: In function '_cffi_f_SSL_CTX_get_session_cache_mode':\n  build/temp.linux-x86_64-2.7/_openssl.c:32246:14: warning: conversion to 'long unsigned int' from 'long int' may change the sign of the result [-Wsign-conversion]\n     { result = SSL_CTX_get_session_cache_mode(x0); }\n                ^~~~~~~~~~~~~~~~~~~~~~~~~~~~~~\n  build/temp.linux-x86_64-2.7/_openssl.c: In function '_cffi_d_SSL_CTX_set_max_proto_version':\n  build/temp.linux-x86_64-2.7/_openssl.c:33852:10: warning: implicit declaration of function 'SSL_CTX_set_max_proto_version' [-Wimplicit-function-declaration]\n     return SSL_CTX_set_max_proto_version(x0, x1);\n            ^~~~~~~~~~~~~~~~~~~~~~~~~~~~~\n  build/temp.linux-x86_64-2.7/_openssl.c: In function '_cffi_d_SSL_CTX_set_min_proto_version':\n  build/temp.linux-x86_64-2.7/_openssl.c:33900:10: warning: implicit declaration of function 'SSL_CTX_set_min_proto_version' [-Wimplicit-function-declaration]\n     return SSL_CTX_set_min_proto_version(x0, x1);\n            ^~~~~~~~~~~~~~~~~~~~~~~~~~~~~\n  build/temp.linux-x86_64-2.7/_openssl.c: In function '_cffi_d_SSL_CTX_set_mode':\n  build/temp.linux-x86_64-2.7/_openssl.c:33948:10: warning: conversion to 'long int' from 'long unsigned int' may change the sign of the result [-Wsign-conversion]\n     return SSL_CTX_set_mode(x0, x1);\n            ^~~~~~~~~~~~~~~~\n  build/temp.linux-x86_64-2.7/_openssl.c:33948:10: warning: conversion to 'long unsigned int' from 'long int' may change the sign of the result [-Wsign-conversion]\n  build/temp.linux-x86_64-2.7/_openssl.c: In function '_cffi_f_SSL_CTX_set_mode':\n  build/temp.linux-x86_64-2.7/_openssl.c:33981:14: warning: conversion to 'long int' from 'long unsigned int' may change the sign of the result [-Wsign-conversion]\n     { result = SSL_CTX_set_mode(x0, x1); }\n                ^~~~~~~~~~~~~~~~\n  build/temp.linux-x86_64-2.7/_openssl.c:33981:14: warning: conversion to 'long unsigned int' from 'long int' may change the sign of the result [-Wsign-conversion]\n  build/temp.linux-x86_64-2.7/_openssl.c: In function '_cffi_d_SSL_CTX_set_options':\n  build/temp.linux-x86_64-2.7/_openssl.c:33996:10: warning: conversion to 'long int' from 'long unsigned int' may change the sign of the result [-Wsign-conversion]\n     return SSL_CTX_set_options(x0, x1);\n            ^~~~~~~~~~~~~~~~~~~\n  build/temp.linux-x86_64-2.7/_openssl.c:33996:10: warning: conversion to 'long unsigned int' from 'long int' may change the sign of the result [-Wsign-conversion]\n  build/temp.linux-x86_64-2.7/_openssl.c: In function '_cffi_f_SSL_CTX_set_options':\n  build/temp.linux-x86_64-2.7/_openssl.c:34029:14: warning: conversion to 'long int' from 'long unsigned int' may change the sign of the result [-Wsign-conversion]\n     { result = SSL_CTX_set_options(x0, x1); }\n                ^~~~~~~~~~~~~~~~~~~\n  build/temp.linux-x86_64-2.7/_openssl.c:34029:14: warning: conversion to 'long unsigned int' from 'long int' may change the sign of the result [-Wsign-conversion]\n  In file included from build/temp.linux-x86_64-2.7/_openssl.c:815:0:\n  build/temp.linux-x86_64-2.7/_openssl.c: In function '_cffi_d_SSL_CTX_set_session_cache_mode':\n  build/temp.linux-x86_64-2.7/_openssl.c:34230:45: warning: conversion to 'long int' from 'long unsigned int' may change the sign of the result [-Wsign-conversion]\n     return SSL_CTX_set_session_cache_mode(x0, x1);\n                                               ^\n  build/temp.linux-x86_64-2.7/_openssl.c:34230:10: warning: conversion to 'long unsigned int' from 'long int' may change the sign of the result [-Wsign-conversion]\n     return SSL_CTX_set_session_cache_mode(x0, x1);\n            ^~~~~~~~~~~~~~~~~~~~~~~~~~~~~~\n  In file included from build/temp.linux-x86_64-2.7/_openssl.c:815:0:\n  build/temp.linux-x86_64-2.7/_openssl.c: In function '_cffi_f_SSL_CTX_set_session_cache_mode':\n  build/temp.linux-x86_64-2.7/_openssl.c:34263:49: warning: conversion to 'long int' from 'long unsigned int' may change the sign of the result [-Wsign-conversion]\n     { result = SSL_CTX_set_session_cache_mode(x0, x1); }\n                                                   ^\n  build/temp.linux-x86_64-2.7/_openssl.c:34263:14: warning: conversion to 'long unsigned int' from 'long int' may change the sign of the result [-Wsign-conversion]\n     { result = SSL_CTX_set_session_cache_mode(x0, x1); }\n                ^~~~~~~~~~~~~~~~~~~~~~~~~~~~~~\n  build/temp.linux-x86_64-2.7/_openssl.c: In function '_cffi_d_SSL_CTX_set_tmp_dh':\n  build/temp.linux-x86_64-2.7/_openssl.c:34636:10: warning: conversion to 'long unsigned int' from 'long int' may change the sign of the result [-Wsign-conversion]\n     return SSL_CTX_set_tmp_dh(x0, x1);\n            ^~~~~~~~~~~~~~~~~~\n  build/temp.linux-x86_64-2.7/_openssl.c: In function '_cffi_f_SSL_CTX_set_tmp_dh':\n  build/temp.linux-x86_64-2.7/_openssl.c:34674:14: warning: conversion to 'long unsigned int' from 'long int' may change the sign of the result [-Wsign-conversion]\n     { result = SSL_CTX_set_tmp_dh(x0, x1); }\n                ^~~~~~~~~~~~~~~~~~\n  build/temp.linux-x86_64-2.7/_openssl.c: In function '_cffi_d_SSL_CTX_set_tmp_ecdh':\n  build/temp.linux-x86_64-2.7/_openssl.c:34689:10: warning: conversion to 'long unsigned int' from 'long int' may change the sign of the result [-Wsign-conversion]\n     return SSL_CTX_set_tmp_ecdh(x0, x1);\n            ^~~~~~~~~~~~~~~~~~~~\n  build/temp.linux-x86_64-2.7/_openssl.c: In function '_cffi_f_SSL_CTX_set_tmp_ecdh':\n  build/temp.linux-x86_64-2.7/_openssl.c:34727:14: warning: conversion to 'long unsigned int' from 'long int' may change the sign of the result [-Wsign-conversion]\n     { result = SSL_CTX_set_tmp_ecdh(x0, x1); }\n                ^~~~~~~~~~~~~~~~~~~~\n  build/temp.linux-x86_64-2.7/_openssl.c: In function '_cffi_d_SSL_SESSION_get_master_key':\n  build/temp.linux-x86_64-2.7/_openssl.c:35259:10: warning: implicit declaration of function 'SSL_SESSION_get_master_key' [-Wimplicit-function-declaration]\n     return SSL_SESSION_get_master_key(x0, x1, x2);\n            ^~~~~~~~~~~~~~~~~~~~~~~~~~\n  build/temp.linux-x86_64-2.7/_openssl.c:35259:10: warning: conversion to 'size_t {aka long unsigned int}' from 'int' may change the sign of the result [-Wsign-conversion]\n     return SSL_SESSION_get_master_key(x0, x1, x2);\n            ^~~~~~~~~~~~~~~~~~~~~~~~~~~~~~~~~~~~~~\n  build/temp.linux-x86_64-2.7/_openssl.c: In function '_cffi_f_SSL_SESSION_get_master_key':\n  build/temp.linux-x86_64-2.7/_openssl.c:35303:14: warning: conversion to 'size_t {aka long unsigned int}' from 'int' may change the sign of the result [-Wsign-conversion]\n     { result = SSL_SESSION_get_master_key(x0, x1, x2); }\n                ^~~~~~~~~~~~~~~~~~~~~~~~~~\n  build/temp.linux-x86_64-2.7/_openssl.c: In function '_cffi_d_SSL_SESSION_get_ticket_lifetime_hint':\n  build/temp.linux-x86_64-2.7/_openssl.c:35356:10: warning: implicit declaration of function 'SSL_SESSION_get_ticket_lifetime_hint' [-Wimplicit-function-declaration]\n     return SSL_SESSION_get_ticket_lifetime_hint(x0);\n            ^~~~~~~~~~~~~~~~~~~~~~~~~~~~~~~~~~~~\n  build/temp.linux-x86_64-2.7/_openssl.c: In function '_cffi_d_SSL_SESSION_has_ticket':\n  build/temp.linux-x86_64-2.7/_openssl.c:35470:10: warning: implicit declaration of function 'SSL_SESSION_has_ticket' [-Wimplicit-function-declaration]\n     return SSL_SESSION_has_ticket(x0);\n            ^~~~~~~~~~~~~~~~~~~~~~\n  build/temp.linux-x86_64-2.7/_openssl.c: In function '_cffi_d_SSL_clear_mode':\n  build/temp.linux-x86_64-2.7/_openssl.c:35567:10: warning: conversion to 'long int' from 'long unsigned int' may change the sign of the result [-Wsign-conversion]\n     return SSL_clear_mode(x0, x1);\n            ^~~~~~~~~~~~~~\n  build/temp.linux-x86_64-2.7/_openssl.c:35567:10: warning: conversion to 'long unsigned int' from 'long int' may change the sign of the result [-Wsign-conversion]\n  build/temp.linux-x86_64-2.7/_openssl.c: In function '_cffi_f_SSL_clear_mode':\n  build/temp.linux-x86_64-2.7/_openssl.c:35600:14: warning: conversion to 'long int' from 'long unsigned int' may change the sign of the result [-Wsign-conversion]\n     { result = SSL_clear_mode(x0, x1); }\n                ^~~~~~~~~~~~~~\n  build/temp.linux-x86_64-2.7/_openssl.c:35600:14: warning: conversion to 'long unsigned int' from 'long int' may change the sign of the result [-Wsign-conversion]\n  build/temp.linux-x86_64-2.7/_openssl.c: In function '_cffi_d_SSL_get0_verified_chain':\n  build/temp.linux-x86_64-2.7/_openssl.c:35918:10: warning: implicit declaration of function 'SSL_get0_verified_chain' [-Wimplicit-function-declaration]\n     return SSL_get0_verified_chain(x0);\n            ^~~~~~~~~~~~~~~~~~~~~~~\n  build/temp.linux-x86_64-2.7/_openssl.c:35918:10: warning: return makes pointer from integer without a cast [-Wint-conversion]\n     return SSL_get0_verified_chain(x0);\n            ^~~~~~~~~~~~~~~~~~~~~~~~~~~\n  build/temp.linux-x86_64-2.7/_openssl.c: In function '_cffi_f_SSL_get0_verified_chain':\n  build/temp.linux-x86_64-2.7/_openssl.c:35941:12: warning: assignment makes pointer from integer without a cast [-Wint-conversion]\n     { result = SSL_get0_verified_chain(x0); }\n              ^\n  build/temp.linux-x86_64-2.7/_openssl.c: In function '_cffi_d_SSL_get_client_random':\n  build/temp.linux-x86_64-2.7/_openssl.c:36118:10: warning: implicit declaration of function 'SSL_get_client_random' [-Wimplicit-function-declaration]\n     return SSL_get_client_random(x0, x1, x2);\n            ^~~~~~~~~~~~~~~~~~~~~\n  build/temp.linux-x86_64-2.7/_openssl.c:36118:10: warning: conversion to 'size_t {aka long unsigned int}' from 'int' may change the sign of the result [-Wsign-conversion]\n     return SSL_get_client_random(x0, x1, x2);\n            ^~~~~~~~~~~~~~~~~~~~~~~~~~~~~~~~~\n  build/temp.linux-x86_64-2.7/_openssl.c: In function '_cffi_f_SSL_get_client_random':\n  build/temp.linux-x86_64-2.7/_openssl.c:36162:14: warning: conversion to 'size_t {aka long unsigned int}' from 'int' may change the sign of the result [-Wsign-conversion]\n     { result = SSL_get_client_random(x0, x1, x2); }\n                ^~~~~~~~~~~~~~~~~~~~~\n  build/temp.linux-x86_64-2.7/_openssl.c: In function '_cffi_d_SSL_get_mode':\n  build/temp.linux-x86_64-2.7/_openssl.c:36553:10: warning: conversion to 'long unsigned int' from 'long int' may change the sign of the result [-Wsign-conversion]\n     return SSL_get_mode(x0);\n            ^~~~~~~~~~~~\n  build/temp.linux-x86_64-2.7/_openssl.c: In function '_cffi_f_SSL_get_mode':\n  build/temp.linux-x86_64-2.7/_openssl.c:36576:14: warning: conversion to 'long unsigned int' from 'long int' may change the sign of the result [-Wsign-conversion]\n     { result = SSL_get_mode(x0); }\n                ^~~~~~~~~~~~\n  build/temp.linux-x86_64-2.7/_openssl.c: In function '_cffi_d_SSL_get_options':\n  build/temp.linux-x86_64-2.7/_openssl.c:36591:10: warning: conversion to 'long unsigned int' from 'long int' may change the sign of the result [-Wsign-conversion]\n     return SSL_get_options(x0);\n            ^~~~~~~~~~~~~~~\n  build/temp.linux-x86_64-2.7/_openssl.c: In function '_cffi_f_SSL_get_options':\n  build/temp.linux-x86_64-2.7/_openssl.c:36614:14: warning: conversion to 'long unsigned int' from 'long int' may change the sign of the result [-Wsign-conversion]\n     { result = SSL_get_options(x0); }\n                ^~~~~~~~~~~~~~~\n  build/temp.linux-x86_64-2.7/_openssl.c: In function '_cffi_d_SSL_get_server_random':\n  build/temp.linux-x86_64-2.7/_openssl.c:36840:10: warning: implicit declaration of function 'SSL_get_server_random' [-Wimplicit-function-declaration]\n     return SSL_get_server_random(x0, x1, x2);\n            ^~~~~~~~~~~~~~~~~~~~~\n  build/temp.linux-x86_64-2.7/_openssl.c:36840:10: warning: conversion to 'size_t {aka long unsigned int}' from 'int' may change the sign of the result [-Wsign-conversion]\n     return SSL_get_server_random(x0, x1, x2);\n            ^~~~~~~~~~~~~~~~~~~~~~~~~~~~~~~~~\n  build/temp.linux-x86_64-2.7/_openssl.c: In function '_cffi_f_SSL_get_server_random':\n  build/temp.linux-x86_64-2.7/_openssl.c:36884:14: warning: conversion to 'size_t {aka long unsigned int}' from 'int' may change the sign of the result [-Wsign-conversion]\n     { result = SSL_get_server_random(x0, x1, x2); }\n                ^~~~~~~~~~~~~~~~~~~~~\n  build/temp.linux-x86_64-2.7/_openssl.c: In function '_cffi_d_SSL_set_max_proto_version':\n  build/temp.linux-x86_64-2.7/_openssl.c:38271:10: warning: implicit declaration of function 'SSL_set_max_proto_version' [-Wimplicit-function-declaration]\n     return SSL_set_max_proto_version(x0, x1);\n            ^~~~~~~~~~~~~~~~~~~~~~~~~\n  build/temp.linux-x86_64-2.7/_openssl.c: In function '_cffi_d_SSL_set_min_proto_version':\n  build/temp.linux-x86_64-2.7/_openssl.c:38319:10: warning: implicit declaration of function 'SSL_set_min_proto_version' [-Wimplicit-function-declaration]\n     return SSL_set_min_proto_version(x0, x1);\n            ^~~~~~~~~~~~~~~~~~~~~~~~~\n  build/temp.linux-x86_64-2.7/_openssl.c: In function '_cffi_d_SSL_set_mode':\n  build/temp.linux-x86_64-2.7/_openssl.c:38367:10: warning: conversion to 'long int' from 'long unsigned int' may change the sign of the result [-Wsign-conversion]\n     return SSL_set_mode(x0, x1);\n            ^~~~~~~~~~~~\n  build/temp.linux-x86_64-2.7/_openssl.c:38367:10: warning: conversion to 'long unsigned int' from 'long int' may change the sign of the result [-Wsign-conversion]\n  build/temp.linux-x86_64-2.7/_openssl.c: In function '_cffi_f_SSL_set_mode':\n  build/temp.linux-x86_64-2.7/_openssl.c:38400:14: warning: conversion to 'long int' from 'long unsigned int' may change the sign of the result [-Wsign-conversion]\n     { result = SSL_set_mode(x0, x1); }\n                ^~~~~~~~~~~~\n  build/temp.linux-x86_64-2.7/_openssl.c:38400:14: warning: conversion to 'long unsigned int' from 'long int' may change the sign of the result [-Wsign-conversion]\n  build/temp.linux-x86_64-2.7/_openssl.c: In function '_cffi_d_SSL_set_options':\n  build/temp.linux-x86_64-2.7/_openssl.c:38415:10: warning: conversion to 'long int' from 'long unsigned int' may change the sign of the result [-Wsign-conversion]\n     return SSL_set_options(x0, x1);\n            ^~~~~~~~~~~~~~~\n  build/temp.linux-x86_64-2.7/_openssl.c:38415:10: warning: conversion to 'long unsigned int' from 'long int' may change the sign of the result [-Wsign-conversion]\n  build/temp.linux-x86_64-2.7/_openssl.c: In function '_cffi_f_SSL_set_options':\n  build/temp.linux-x86_64-2.7/_openssl.c:38448:14: warning: conversion to 'long int' from 'long unsigned int' may change the sign of the result [-Wsign-conversion]\n     { result = SSL_set_options(x0, x1); }\n                ^~~~~~~~~~~~~~~\n  build/temp.linux-x86_64-2.7/_openssl.c:38448:14: warning: conversion to 'long unsigned int' from 'long int' may change the sign of the result [-Wsign-conversion]\n  build/temp.linux-x86_64-2.7/_openssl.c: In function '_cffi_d_TLS_client_method':\n  build/temp.linux-x86_64-2.7/_openssl.c:39426:10: warning: implicit declaration of function 'TLS_client_method' [-Wimplicit-function-declaration]\n     return TLS_client_method();\n            ^~~~~~~~~~~~~~~~~\n  build/temp.linux-x86_64-2.7/_openssl.c:39426:10: warning: return makes pointer from integer without a cast [-Wint-conversion]\n     return TLS_client_method();\n            ^~~~~~~~~~~~~~~~~~~\n  build/temp.linux-x86_64-2.7/_openssl.c: In function '_cffi_f_TLS_client_method':\n  build/temp.linux-x86_64-2.7/_openssl.c:39437:12: warning: assignment makes pointer from integer without a cast [-Wint-conversion]\n     { result = TLS_client_method(); }\n              ^\n  build/temp.linux-x86_64-2.7/_openssl.c: In function '_cffi_d_TLS_method':\n  build/temp.linux-x86_64-2.7/_openssl.c:39452:10: warning: implicit declaration of function 'TLS_method' [-Wimplicit-function-declaration]\n     return TLS_method();\n            ^~~~~~~~~~\n  build/temp.linux-x86_64-2.7/_openssl.c:39452:10: warning: return makes pointer from integer without a cast [-Wint-conversion]\n     return TLS_method();\n            ^~~~~~~~~~~~\n  build/temp.linux-x86_64-2.7/_openssl.c: In function '_cffi_f_TLS_method':\n  build/temp.linux-x86_64-2.7/_openssl.c:39463:12: warning: assignment makes pointer from integer without a cast [-Wint-conversion]\n     { result = TLS_method(); }\n              ^\n  build/temp.linux-x86_64-2.7/_openssl.c: In function '_cffi_d_TLS_server_method':\n  build/temp.linux-x86_64-2.7/_openssl.c:39478:10: warning: implicit declaration of function 'TLS_server_method' [-Wimplicit-function-declaration]\n     return TLS_server_method();\n            ^~~~~~~~~~~~~~~~~\n  build/temp.linux-x86_64-2.7/_openssl.c:39478:10: warning: return makes pointer from integer without a cast [-Wint-conversion]\n     return TLS_server_method();\n            ^~~~~~~~~~~~~~~~~~~\n  build/temp.linux-x86_64-2.7/_openssl.c: In function '_cffi_f_TLS_server_method':\n  build/temp.linux-x86_64-2.7/_openssl.c:39489:12: warning: assignment makes pointer from integer without a cast [-Wint-conversion]\n     { result = TLS_server_method(); }\n              ^\n  build/temp.linux-x86_64-2.7/_openssl.c: In function '_cffi_d_X509_ATTRIBUTE_count':\n  build/temp.linux-x86_64-2.7/_openssl.c:40270:31: warning: passing argument 1 of 'X509_ATTRIBUTE_count' discards 'const' qualifier from pointer target type [-Wdiscarded-qualifiers]\n     return X509_ATTRIBUTE_count(x0);\n                                 ^~\n  In file included from /usr/include/openssl/engine.h:99:0,\n                   from build/temp.linux-x86_64-2.7/_openssl.c:657:\n  /usr/include/openssl/x509.h:1152:5: note: expected 'X509_ATTRIBUTE * {aka struct x509_attributes_st *}' but argument is of type 'const X509_ATTRIBUTE * {aka const struct x509_attributes_st *}'\n   int X509_ATTRIBUTE_count(X509_ATTRIBUTE *attr);\n       ^~~~~~~~~~~~~~~~~~~~\n  build/temp.linux-x86_64-2.7/_openssl.c: In function '_cffi_f_X509_ATTRIBUTE_count':\n  build/temp.linux-x86_64-2.7/_openssl.c:40293:35: warning: passing argument 1 of 'X509_ATTRIBUTE_count' discards 'const' qualifier from pointer target type [-Wdiscarded-qualifiers]\n     { result = X509_ATTRIBUTE_count(x0); }\n                                     ^~\n  In file included from /usr/include/openssl/engine.h:99:0,\n                   from build/temp.linux-x86_64-2.7/_openssl.c:657:\n  /usr/include/openssl/x509.h:1152:5: note: expected 'X509_ATTRIBUTE * {aka struct x509_attributes_st *}' but argument is of type 'const X509_ATTRIBUTE * {aka const struct x509_attributes_st *}'\n   int X509_ATTRIBUTE_count(X509_ATTRIBUTE *attr);\n       ^~~~~~~~~~~~~~~~~~~~\n  build/temp.linux-x86_64-2.7/_openssl.c: In function '_cffi_d_X509_CRL_get0_signature':\n  build/temp.linux-x86_64-2.7/_openssl.c:40724:3: warning: implicit declaration of function 'X509_CRL_get0_signature' [-Wimplicit-function-declaration]\n     X509_CRL_get0_signature(x0, x1, x2);\n     ^~~~~~~~~~~~~~~~~~~~~~~\n  build/temp.linux-x86_64-2.7/_openssl.c: In function '_cffi_d_X509_NAME_ENTRY_set':\n  build/temp.linux-x86_64-2.7/_openssl.c:41949:10: warning: implicit declaration of function 'X509_NAME_ENTRY_set' [-Wimplicit-function-declaration]\n     return X509_NAME_ENTRY_set(x0);\n            ^~~~~~~~~~~~~~~~~~~\n  build/temp.linux-x86_64-2.7/_openssl.c: In function '_cffi_d_X509_OBJECT_get0_X509':\n  build/temp.linux-x86_64-2.7/_openssl.c:42814:10: warning: implicit declaration of function 'X509_OBJECT_get0_X509' [-Wimplicit-function-declaration]\n     return X509_OBJECT_get0_X509(x0);\n            ^~~~~~~~~~~~~~~~~~~~~\n  build/temp.linux-x86_64-2.7/_openssl.c:42814:10: warning: return makes pointer from integer without a cast [-Wint-conversion]\n     return X509_OBJECT_get0_X509(x0);\n            ^~~~~~~~~~~~~~~~~~~~~~~~~\n  build/temp.linux-x86_64-2.7/_openssl.c: In function '_cffi_f_X509_OBJECT_get0_X509':\n  build/temp.linux-x86_64-2.7/_openssl.c:42837:12: warning: assignment makes pointer from integer without a cast [-Wint-conversion]\n     { result = X509_OBJECT_get0_X509(x0); }\n              ^\n  build/temp.linux-x86_64-2.7/_openssl.c: In function '_cffi_d_X509_OBJECT_get_type':\n  build/temp.linux-x86_64-2.7/_openssl.c:42852:10: warning: implicit declaration of function 'X509_OBJECT_get_type' [-Wimplicit-function-declaration]\n     return X509_OBJECT_get_type(x0);\n            ^~~~~~~~~~~~~~~~~~~~\n  build/temp.linux-x86_64-2.7/_openssl.c: In function '_cffi_d_X509_REQ_get0_signature':\n  build/temp.linux-x86_64-2.7/_openssl.c:43055:3: warning: implicit declaration of function 'X509_REQ_get0_signature' [-Wimplicit-function-declaration]\n     X509_REQ_get0_signature(x0, x1, x2);\n     ^~~~~~~~~~~~~~~~~~~~~~~\n  build/temp.linux-x86_64-2.7/_openssl.c: In function '_cffi_d_X509_REQ_get_attr_by_OBJ':\n  build/temp.linux-x86_64-2.7/_openssl.c:43165:39: warning: passing argument 2 of 'X509_REQ_get_attr_by_OBJ' discards 'const' qualifier from pointer target type [-Wdiscarded-qualifiers]\n     return X509_REQ_get_attr_by_OBJ(x0, x1, x2);\n                                         ^~\n  In file included from /usr/include/openssl/engine.h:99:0,\n                   from build/temp.linux-x86_64-2.7/_openssl.c:657:\n  /usr/include/openssl/x509.h:928:5: note: expected 'ASN1_OBJECT * {aka struct asn1_object_st *}' but argument is of type 'const ASN1_OBJECT * {aka const struct asn1_object_st *}'\n   int X509_REQ_get_attr_by_OBJ(const X509_REQ *req, ASN1_OBJECT *obj,\n       ^~~~~~~~~~~~~~~~~~~~~~~~\n  build/temp.linux-x86_64-2.7/_openssl.c: In function '_cffi_f_X509_REQ_get_attr_by_OBJ':\n  build/temp.linux-x86_64-2.7/_openssl.c:43209:43: warning: passing argument 2 of 'X509_REQ_get_attr_by_OBJ' discards 'const' qualifier from pointer target type [-Wdiscarded-qualifiers]\n     { result = X509_REQ_get_attr_by_OBJ(x0, x1, x2); }\n                                             ^~\n  In file included from /usr/include/openssl/engine.h:99:0,\n                   from build/temp.linux-x86_64-2.7/_openssl.c:657:\n  /usr/include/openssl/x509.h:928:5: note: expected 'ASN1_OBJECT * {aka struct asn1_object_st *}' but argument is of type 'const ASN1_OBJECT * {aka const struct asn1_object_st *}'\n   int X509_REQ_get_attr_by_OBJ(const X509_REQ *req, ASN1_OBJECT *obj,\n       ^~~~~~~~~~~~~~~~~~~~~~~~\n  build/temp.linux-x86_64-2.7/_openssl.c: In function '_cffi_d_X509_REVOKED_get0_revocationDate':\n  build/temp.linux-x86_64-2.7/_openssl.c:43990:10: warning: implicit declaration of function 'X509_REVOKED_get0_revocationDate' [-Wimplicit-function-declaration]\n     return X509_REVOKED_get0_revocationDate(x0);\n            ^~~~~~~~~~~~~~~~~~~~~~~~~~~~~~~~\n  build/temp.linux-x86_64-2.7/_openssl.c:43990:10: warning: return makes pointer from integer without a cast [-Wint-conversion]\n     return X509_REVOKED_get0_revocationDate(x0);\n            ^~~~~~~~~~~~~~~~~~~~~~~~~~~~~~~~~~~~\n  build/temp.linux-x86_64-2.7/_openssl.c: In function '_cffi_f_X509_REVOKED_get0_revocationDate':\n  build/temp.linux-x86_64-2.7/_openssl.c:44013:12: warning: assignment makes pointer from integer without a cast [-Wint-conversion]\n     { result = X509_REVOKED_get0_revocationDate(x0); }\n              ^\n  build/temp.linux-x86_64-2.7/_openssl.c: In function '_cffi_d_X509_REVOKED_get0_serialNumber':\n  build/temp.linux-x86_64-2.7/_openssl.c:44028:10: warning: implicit declaration of function 'X509_REVOKED_get0_serialNumber' [-Wimplicit-function-declaration]\n     return X509_REVOKED_get0_serialNumber(x0);\n            ^~~~~~~~~~~~~~~~~~~~~~~~~~~~~~\n  build/temp.linux-x86_64-2.7/_openssl.c:44028:10: warning: return makes pointer from integer without a cast [-Wint-conversion]\n     return X509_REVOKED_get0_serialNumber(x0);\n            ^~~~~~~~~~~~~~~~~~~~~~~~~~~~~~~~~~\n  build/temp.linux-x86_64-2.7/_openssl.c: In function '_cffi_f_X50\u001b[0m\u001b[91m9_REVOKED_get0_serialNumber':\n  build/temp.linux-x86_64-2.7/_openssl.c:44051:12: warning: assignment makes pointer from integer without a cast [-Wint-conversion]\n     { result = X509_REVOKED_get0_serialNumber(x0); }\n              ^\n  build/temp.linux-x86_64-2.7/_openssl.c: In function '_cffi_d_X509_STORE_CTX_get0_cert':\n  build/temp.linux-x86_64-2.7/_openssl.c:44356:10: warning: implicit declaration of function 'X509_STORE_CTX_get0_cert' [-Wimplicit-function-declaration]\n     return X509_STORE_CTX_get0_cert(x0);\n            ^~~~~~~~~~~~~~~~~~~~~~~~\n  build/temp.linux-x86_64-2.7/_openssl.c:44356:10: warning: return makes pointer from integer without a cast [-Wint-conversion]\n     return X509_STORE_CTX_get0_cert(x0);\n            ^~~~~~~~~~~~~~~~~~~~~~~~~~~~\n  build/temp.linux-x86_64-2.7/_openssl.c: In function '_cffi_f_X509_STORE_CTX_get0_cert':\n  build/temp.linux-x86_64-2.7/_openssl.c:44379:12: warning: assignment makes pointer from integer without a cast [-Wint-conversion]\n     { result = X509_STORE_CTX_get0_cert(x0); }\n              ^\n  build/temp.linux-x86_64-2.7/_openssl.c: In function '_cffi_d_X509_STORE_get0_objects':\n  build/temp.linux-x86_64-2.7/_openssl.c:45517:10: warning: implicit declaration of function 'X509_STORE_get0_objects' [-Wimplicit-function-declaration]\n     return X509_STORE_get0_objects(x0);\n            ^~~~~~~~~~~~~~~~~~~~~~~\n  build/temp.linux-x86_64-2.7/_openssl.c:45517:10: warning: return makes pointer from integer without a cast [-Wint-conversion]\n     return X509_STORE_get0_objects(x0);\n            ^~~~~~~~~~~~~~~~~~~~~~~~~~~\n  build/temp.linux-x86_64-2.7/_openssl.c: In function '_cffi_f_X509_STORE_get0_objects':\n  build/temp.linux-x86_64-2.7/_openssl.c:45540:12: warning: assignment makes pointer from integer without a cast [-Wint-conversion]\n     { result = X509_STORE_get0_objects(x0); }\n              ^\n  build/temp.linux-x86_64-2.7/_openssl.c: In function '_cffi_d_X509_STORE_get0_param':\n  build/temp.linux-x86_64-2.7/_openssl.c:45555:10: warning: implicit declaration of function 'X509_STORE_get0_param' [-Wimplicit-function-declaration]\n     return X509_STORE_get0_param(x0);\n            ^~~~~~~~~~~~~~~~~~~~~\n  build/temp.linux-x86_64-2.7/_openssl.c:45555:10: warning: return makes pointer from integer without a cast [-Wint-conversion]\n     return X509_STORE_get0_param(x0);\n            ^~~~~~~~~~~~~~~~~~~~~~~~~\n  build/temp.linux-x86_64-2.7/_openssl.c: In function '_cffi_f_X509_STORE_get0_param':\n  build/temp.linux-x86_64-2.7/_openssl.c:45578:12: warning: assignment makes pointer from integer without a cast [-Wint-conversion]\n     { result = X509_STORE_get0_param(x0); }\n              ^\n  build/temp.linux-x86_64-2.7/_openssl.c: In function '_cffi_d_X509_STORE_get_get_issuer':\n  build/temp.linux-x86_64-2.7/_openssl.c:45593:10: warning: implicit declaration of function 'X509_STORE_get_get_issuer' [-Wimplicit-function-declaration]\n     return X509_STORE_get_get_issuer(x0);\n            ^~~~~~~~~~~~~~~~~~~~~~~~~\n  build/temp.linux-x86_64-2.7/_openssl.c:45593:10: warning: return makes pointer from integer without a cast [-Wint-conversion]\n     return X509_STORE_get_get_issuer(x0);\n            ^~~~~~~~~~~~~~~~~~~~~~~~~~~~~\n  build/temp.linux-x86_64-2.7/_openssl.c: In function '_cffi_f_X509_STORE_get_get_issuer':\n  build/temp.linux-x86_64-2.7/_openssl.c:45616:12: warning: assignment makes pointer from integer without a cast [-Wint-conversion]\n     { result = X509_STORE_get_get_issuer(x0); }\n              ^\n  build/temp.linux-x86_64-2.7/_openssl.c: In function '_cffi_d_X509_STORE_set_get_issuer':\n  build/temp.linux-x86_64-2.7/_openssl.c:45860:3: warning: implicit declaration of function 'X509_STORE_set_get_issuer' [-Wimplicit-function-declaration]\n     X509_STORE_set_get_issuer(x0, x1);\n     ^~~~~~~~~~~~~~~~~~~~~~~~~\n  build/temp.linux-x86_64-2.7/_openssl.c: In function '_cffi_d_X509_get0_signature':\n  build/temp.linux-x86_64-2.7/_openssl.c:47062:23: warning: passing argument 1 of 'X509_get0_signature' from incompatible pointer type [-Wincompatible-pointer-types]\n     X509_get0_signature(x0, x1, x2);\n                         ^~\n  In file included from /usr/include/openssl/engine.h:99:0,\n                   from build/temp.linux-x86_64-2.7/_openssl.c:657:\n  /usr/include/openssl/x509.h:837:6: note: expected 'ASN1_BIT_STRING ** {aka struct asn1_string_st **}' but argument is of type 'const ASN1_OCTET_STRING ** {aka const struct asn1_string_st **}'\n   void X509_get0_signature(ASN1_BIT_STRING **psig, X509_ALGOR **palg,\n        ^~~~~~~~~~~~~~~~~~~\n  build/temp.linux-x86_64-2.7/_openssl.c:47062:27: warning: passing argument 2 of 'X509_get0_signature' from incompatible pointer type [-Wincompatible-pointer-types]\n     X509_get0_signature(x0, x1, x2);\n                             ^~\n  In file included from /usr/include/openssl/engine.h:99:0,\n                   from build/temp.linux-x86_64-2.7/_openssl.c:657:\n  /usr/include/openssl/x509.h:837:6: note: expected 'X509_ALGOR ** {aka struct X509_algor_st **}' but argument is of type 'const X509_ALGOR ** {aka const struct X509_algor_st **}'\n   void X509_get0_signature(ASN1_BIT_STRING **psig, X509_ALGOR **palg,\n        ^~~~~~~~~~~~~~~~~~~\n  build/temp.linux-x86_64-2.7/_openssl.c: In function '_cffi_f_X509_get0_signature':\n  build/temp.linux-x86_64-2.7/_openssl.c:47109:25: warning: passing argument 1 of 'X509_get0_signature' from incompatible pointer type [-Wincompatible-pointer-types]\n     { X509_get0_signature(x0, x1, x2); }\n                           ^~\n  In file included from /usr/include/openssl/engine.h:99:0,\n                   from build/temp.linux-x86_64-2.7/_openssl.c:657:\n  /usr/include/openssl/x509.h:837:6: note: expected 'ASN1_BIT_STRING ** {aka struct asn1_string_st **}' but argument is of type 'const ASN1_OCTET_STRING ** {aka const struct asn1_string_st **}'\n   void X509_get0_signature(ASN1_BIT_STRING **psig, X509_ALGOR **palg,\n        ^~~~~~~~~~~~~~~~~~~\n  build/temp.linux-x86_64-2.7/_openssl.c:47109:29: warning: passing argument 2 of 'X509_get0_signature' from incompatible pointer type [-Wincompatible-pointer-types]\n     { X509_get0_signature(x0, x1, x2); }\n                               ^~\n  In file included from /usr/include/openssl/engine.h:99:0,\n                   from build/temp.linux-x86_64-2.7/_openssl.c:657:\n  /usr/include/openssl/x509.h:837:6: note: expected 'X509_ALGOR ** {aka struct X509_algor_st **}' but argument is of type 'const X509_ALGOR ** {aka const struct X509_algor_st **}'\n   void X509_get0_signature(ASN1_BIT_STRING **psig, X509_ALGOR **palg,\n        ^~~~~~~~~~~~~~~~~~~\n  build/temp.linux-x86_64-2.7/_openssl.c: In function '_cffi_d_X509_get0_tbs_sigalg':\n  build/temp.linux-x86_64-2.7/_openssl.c:47124:10: warning: implicit declaration of function 'X509_get0_tbs_sigalg' [-Wimplicit-function-declaration]\n     return X509_get0_tbs_sigalg(x0);\n            ^~~~~~~~~~~~~~~~~~~~\n  build/temp.linux-x86_64-2.7/_openssl.c:47124:10: warning: return makes pointer from integer without a cast [-Wint-conversion]\n     return X509_get0_tbs_sigalg(x0);\n            ^~~~~~~~~~~~~~~~~~~~~~~~\n  build/temp.linux-x86_64-2.7/_openssl.c: In function '_cffi_f_X509_get0_tbs_sigalg':\n  build/temp.linux-x86_64-2.7/_openssl.c:47147:12: warning: assignment makes pointer from integer without a cast [-Wint-conversion]\n     { result = X509_get0_tbs_sigalg(x0); }\n              ^\n  build/temp.linux-x86_64-2.7/_openssl.c: In function '_cffi_d_X509_getm_notAfter':\n  build/temp.linux-x86_64-2.7/_openssl.c:47726:10: warning: implicit declaration of function 'X509_getm_notAfter' [-Wimplicit-function-declaration]\n     return X509_getm_notAfter(x0);\n            ^~~~~~~~~~~~~~~~~~\n  build/temp.linux-x86_64-2.7/_openssl.c:47726:10: warning: return makes pointer from integer without a cast [-Wint-conversion]\n     return X509_getm_notAfter(x0);\n            ^~~~~~~~~~~~~~~~~~~~~~\n  build/temp.linux-x86_64-2.7/_openssl.c: In function '_cffi_f_X509_getm_notAfter':\n  build/temp.linux-x86_64-2.7/_openssl.c:47749:12: warning: assignment makes pointer from integer without a cast [-Wint-conversion]\n     { result = X509_getm_notAfter(x0); }\n              ^\n  build/temp.linux-x86_64-2.7/_openssl.c: In function '_cffi_d_X509_getm_notBefore':\n  build/temp.linux-x86_64-2.7/_openssl.c:47764:10: warning: implicit declaration of function 'X509_getm_notBefore' [-Wimplicit-function-declaration]\n     return X509_getm_notBefore(x0);\n            ^~~~~~~~~~~~~~~~~~~\n  build/temp.linux-x86_64-2.7/_openssl.c:47764:10: warning: return makes pointer from integer without a cast [-Wint-conversion]\n     return X509_getm_notBefore(x0);\n            ^~~~~~~~~~~~~~~~~~~~~~~\n  build/temp.linux-x86_64-2.7/_openssl.c: In function '_cffi_f_X509_getm_notBefore':\n  build/temp.linux-x86_64-2.7/_openssl.c:47787:12: warning: assignment makes pointer from integer without a cast [-Wint-conversion]\n     { result = X509_getm_notBefore(x0); }\n              ^\n  build/temp.linux-x86_64-2.7/_openssl.c: In function '_cffi_d_X509_set1_notAfter':\n  build/temp.linux-x86_64-2.7/_openssl.c:47941:10: warning: implicit declaration of function 'X509_set1_notAfter' [-Wimplicit-function-declaration]\n     return X509_set1_notAfter(x0, x1);\n            ^~~~~~~~~~~~~~~~~~\n  build/temp.linux-x86_64-2.7/_openssl.c: In function '_cffi_d_X509_set1_notBefore':\n  build/temp.linux-x86_64-2.7/_openssl.c:47994:10: warning: implicit declaration of function 'X509_set1_notBefore' [-Wimplicit-function-declaration]\n     return X509_set1_notBefore(x0, x1);\n            ^~~~~~~~~~~~~~~~~~~\n  build/temp.linux-x86_64-2.7/_openssl.c: In function '_cffi_d_X509_up_ref':\n  build/temp.linux-x86_64-2.7/_openssl.c:48515:10: warning: implicit declaration of function 'X509_up_ref' [-Wimplicit-function-declaration]\n     return X509_up_ref(x0);\n            ^~~~~~~~~~~\n  build/temp.linux-x86_64-2.7/_openssl.c: In function '_cffi_d_i2d_re_X509_CRL_tbs':\n  build/temp.linux-x86_64-2.7/_openssl.c:50656:10: warning: implicit declaration of function 'i2d_re_X509_CRL_tbs' [-Wimplicit-function-declaration]\n     return i2d_re_X509_CRL_tbs(x0, x1);\n            ^~~~~~~~~~~~~~~~~~~\n  build/temp.linux-x86_64-2.7/_openssl.c: In function '_cffi_d_i2d_re_X509_REQ_tbs':\n  build/temp.linux-x86_64-2.7/_openssl.c:50709:10: warning: implicit declaration of function 'i2d_re_X509_REQ_tbs' [-Wimplicit-function-declaration]\n     return i2d_re_X509_REQ_tbs(x0, x1);\n            ^~~~~~~~~~~~~~~~~~~\n  \n      =============================DEBUG ASSISTANCE=============================\n      If you are seeing a compilation error please try the following steps to\n      successfully install cryptography:\n      1) Upgrade to the latest pip and try again. This will fix errors for most\n         users. See: https://pip.pypa.io/en/stable/installing/#upgrading-pip\n      2) Read https://cryptography.io/en/latest/installation.html for specific\n         instructions for your platform.\n      3) Check our frequently asked questions for more information:\n         https://cryptography.io/en/latest/faq.html\n      =============================DEBUG ASSISTANCE=============================\n  \n  error: command 'gcc' failed with exit status 1\n  ----------------------------------------\n\u001b[0m\u001b[91m  ERROR: Failed building wheel for cryptography\n\u001b[0mSuccessfully built toml cffi pycparser pycrypto pefile signify verify-sigs MarkupSafe scandir future\nFailed to build cryptography\n\u001b[91mERROR: Could not build wheels for cryptography which use PEP 517 and cannot be installed directly\n\u001b[0mRemoving intermediate container e37b3ec1c1ef\n","stderr":"The command '/bin/sh -c apk --update add --no-cache -t .build-deps   openssl-dev   build-base   python-dev   libffi-dev   musl-dev   libc-dev   py-pip   gcc   git   && set -ex   && echo \"===> Install malice/pescan plugin...\"   && cd /usr/sbin   && export PIP_NO_CACHE_DIR=off   && export PIP_DISABLE_PIP_VERSION_CHECK=on   && pip install --upgrade pip wheel   && echo \"\\t[*] install requirements...\"   && pip install -U -r requirements.txt   && pip list   && echo \"\\t[*] install pescan.py...\"   && chmod +x pescan.py   && ln -s /usr/sbin/pescan.py /usr/sbin/pescan   && echo \"\\t[*] clean up...\"   && rm requirements.txt Dockerfile   && apk del --purge .build-deps' returned a non-zero code: 1\n"},"endTime":1672502160480}