{"repository":"https://github.com/toucantoco/weaverbird","dockerfilePath":"Dockerfile","startTime":1672564457936,"clone":{"stdout":"","stderr":"Cloning into '/tmp/dinghy-analysis/toucantoco/weaverbird'...\n","error":null,"commit":"649a2147d30b178b7ac01a9a885127e4ff914ff5"},"originalBuild":{"startTimestamp":1672564460620,"endTimestamp":1672564789513,"error":null,"stdout":"Sending build context to Docker daemon  7.055MB\r\r\nStep 1/15 : FROM node:18 AS ui-builder\n18: Pulling from library/node\nDigest: sha256:e9ad817b0d42b4d177a4bef8a0aff97c352468a008c3fdb2b4a82533425480df\nStatus: Downloaded newer image for node:18\n ---> 7b2a09676e2c\nStep 2/15 : WORKDIR /weaverbird/ui\n ---> Running in 26c419efd7cb\nRemoving intermediate container 26c419efd7cb\n ---> 68ab2eb98e1b\nStep 3/15 : COPY ui/package.json ui/yarn.lock /weaverbird/ui/\n ---> 186077cd9e55\nStep 4/15 : RUN yarn\n ---> Running in 9e350e93d185\nyarn install v1.22.19\n[1/4] Resolving packages...\n[2/4] Fetching packages...\n[3/4] Linking dependencies...\n\u001b[91mwarning \" > @storybook/addon-essentials@6.5.14\" has unmet peer dependency \"@babel/core@^7.9.6\".\n\u001b[0m\u001b[91mwarning \"@storybook/addon-essentials > @storybook/addons@6.5.14\" has unmet peer dependency \"react@^16.8.0 || ^17.0.0 || ^18.0.0\".\nwarning \"@storybook/addon-essentials > @storybook/addons@6.5.14\" has unmet peer dependency \"react-dom@^16.8.0 || ^17.0.0 || ^18.0.0\".\nwarning \"@storybook/addon-essentials > @storybook/api@6.5.14\" has unmet peer dependency \"react@^16.8.0 || ^17.0.0 || ^18.0.0\".\n\u001b[0m\u001b[91mwarning \"@storybook/addon-essentials > @storybook/api@6.5.14\" has unmet peer dependency \"react-dom@^16.8.0 || ^17.0.0 || ^18.0.0\".\n\u001b[0m\u001b[91mwarning \"@storybook/addon-essentials > @storybook/core-common@6.5.14\" has unmet peer dependency \"react@^16.8.0 || ^17.0.0 || ^18.0.0\".\nwarning \"@storybook/addon-essentials > @storybook/core-common@6.5.14\" has unmet peer dependency \"react-dom@^16.8.0 || ^17.0.0 || ^18.0.0\".\n\u001b[0m\u001b[91mwarning \"@storybook/addon-essentials > @storybook/addon-actions > @storybook/components@6.5.14\" has unmet peer dependency \"react@^16.8.0 || ^17.0.0 || ^18.0.0\".\nwarning \"@storybook/addon-essentials > @storybook/addon-actions > @storybook/components@6.5.14\" has unmet peer dependency \"react-dom@^16.8.0 || ^17.0.0 || ^18.0.0\".\n\u001b[0m\u001b[91mwarning \"@storybook/addon-essentials > @storybook/addon-actions > @storybook/theming@6.5.14\" has unmet peer dependency \"react@^16.8.0 || ^17.0.0 || ^18.0.0\".\nwarning \"@storybook/addon-essentials > @storybook/addon-actions > @storybook/theming@6.5.14\" has unmet peer dependency \"react-dom@^16.8.0 || ^17.0.0 || ^18.0.0\".\n\u001b[0m\u001b[91mwarning \"@storybook/addon-essentials > @storybook/addon-actions > react-inspector@5.1.1\" has unmet peer dependency \"react@^16.8.4 || ^17.0.0\".\n\u001b[0m\u001b[91mwarning \"@storybook/addon-essentials > @storybook/addon-docs > @babel/plugin-transform-react-jsx@7.19.0\" has unmet peer dependency \"@babel/core@^7.0.0-0\".\nwarning \"@storybook/addon-essentials > @storybook/addon-docs > @babel/preset-env@7.20.2\" has unmet peer dependency \"@babel/core@^7.0.0-0\".\n\u001b[0m\u001b[91mwarning \"@storybook/addon-essentials > @storybook/addon-docs > @mdx-js/react@1.6.22\" has unmet peer dependency \"react@^16.13.1 || ^17.0.0\".\nwarning \"@storybook/addon-essentials > @storybook/addon-docs > @storybook/preview-web@6.5.14\" has unmet peer dependency \"react@^16.8.0 || ^17.0.0 || ^18.0.0\".\n\u001b[0m\u001b[91mwarning \"@storybook/addon-essentials > @storybook/addon-docs > @storybook/preview-web@6.5.14\" has unmet peer dependency \"react-dom@^16.8.0 || ^17.0.0 || ^18.0.0\".\nwarning \"@storybook/builder-vite > @storybook/source-loader@6.5.14\" has unmet peer dependency \"react@^16.8.0 || ^17.0.0 || ^18.0.0\".\nwarning \"@storybook/builder-vite > @storybook/source-loader@6.5.14\" has unmet peer dependency \"react-dom@^16.8.0 || ^17.0.0 || ^18.0.0\".\n\u001b[0m\u001b[91mwarning \"@storybook/addon-essentials > @storybook/addon-docs > babel-loader@8.3.0\" has unmet peer dependency \"@babel/core@^7.0.0\".\n\u001b[0m\u001b[91mwarning \"@storybook/addon-essentials > @storybook/addon-docs > babel-loader@8.3.0\" has unmet peer dependency \"webpack@>=2\".\n\u001b[0m\u001b[91mwarning \"@storybook/addon-essentials > @storybook/addons > @storybook/router@6.5.14\" has unmet peer dependency \"react@^16.8.0 || ^17.0.0 || ^18.0.0\".\n\u001b[0m\u001b[91mwarning \"@storybook/addon-essentials > @storybook/addons > @storybook/router@6.5.14\" has unmet peer dependency \"react-dom@^16.8.0 || ^17.0.0 || ^18.0.0\".\n\u001b[0m\u001b[91mwarning \"@storybook/addon-essentials > @storybook/addon-docs > @babel/plugin-transform-react-jsx > @babel/plugin-syntax-jsx@7.18.6\" has unmet peer dependency \"@babel/core@^7.0.0-0\".\nwarning \"@storybook/addon-essentials > @storybook/addon-docs > @babel/preset-env > @babel/helper-compilation-targets@7.20.0\" has unmet peer dependency \"@babel/core@^7.0.0\".\n\u001b[0m\u001b[91mwarning \"@storybook/addon-essentials > @storybook/addon-docs > @babel/preset-env > @babel/plugin-bugfix-safari-id-destructuring-collision-in-function-expression@7.18.6\" has unmet peer dependency \"@babel/core@^7.0.0\".\n\u001b[0m\u001b[91mwarning \"@storybook/addon-essentials > @storybook/addon-docs > @babel/preset-env > @babel/plugin-bugfix-v8-spread-parameters-in-optional-chaining@7.18.9\" has unmet peer dependency \"@babel/core@^7.13.0\".\n\u001b[0m\u001b[91mwarning \"@storybook/addon-essentials > @storybook/addon-docs > @babel/preset-env > @babel/plugin-proposal-async-generator-functions@7.20.1\" has unmet peer dependency \"@babel/core@^7.0.0-0\".\n\u001b[0m\u001b[91mwarning \"@storybook/addon-essentials > @storybook/addon-docs > @babel/preset-env > @babel/plugin-proposal-class-static-block@7.18.6\" has unmet peer dependency \"@babel/core@^7.12.0\".\n\u001b[0m\u001b[91mwarning \"@storybook/addon-essentials > @storybook/addon-docs > @babel/preset-env > @babel/plugin-proposal-dynamic-import@7.18.6\" has unmet peer dependency \"@babel/core@^7.0.0-0\".\n\u001b[0m\u001b[91mwarning \"@storybook/addon-essentials > @storybook/addon-docs > @babel/preset-env > @babel/plugin-proposal-export-namespace-from@7.18.9\" has unmet peer dependency \"@babel/core@^7.0.0-0\".\nwarning \"@storybook/addon-essentials > @storybook/addon-docs > @babel/preset-env > @babel/plugin-proposal-json-strings@7.18.6\" has unmet peer dependency \"@babel/core@^7.0.0-0\".\n\u001b[0m\u001b[91mwarning \"@storybook/addon-essentials > @storybook/addon-docs > @babel/preset-env > @babel/plugin-proposal-logical-assignment-operators@7.18.9\" has unmet peer dependency \"@babel/core@^7.0.0-0\".\nwarning \"@storybook/addon-essentials > @storybook/addon-docs > @babel/preset-env > @babel/plugin-proposal-numeric-separator@7.18.6\" has unmet peer dependency \"@babel/core@^7.0.0-0\".\n\u001b[0m\u001b[91mwarning \"@storybook/addon-essentials > @storybook/addon-docs > @babel/preset-env > @babel/plugin-proposal-optional-catch-binding@7.18.6\" has unmet peer dependency \"@babel/core@^7.0.0-0\".\n\u001b[0m\u001b[91mwarning \"@storybook/addon-essentials > @storybook/addon-docs > @babel/preset-env > @babel/plugin-proposal-unicode-property-regex@7.18.6\" has unmet peer dependency \"@babel/core@^7.0.0-0\".\n\u001b[0m\u001b[91mwarning \"@storybook/addon-essentials > @storybook/addon-docs > @babel/preset-env > @babel/plugin-syntax-async-generators@7.8.4\" has unmet peer dependency \"@babel/core@^7.0.0-0\".\nwarning \"@storybook/addon-essentials > @storybook/addon-docs > @babel/preset-env > @babel/plugin-syntax-class-properties@7.12.13\" has unmet peer dependency \"@babel/core@^7.0.0-0\".\nwarning \"@storybook/addon-essentials > @storybook/addon-docs > @babel/preset-env > @babel/plugin-syntax-class-static-block@7.14.5\" has unmet peer dependency \"@babel/core@^7.0.0-0\".\n\u001b[0m\u001b[91mwarning \"@storybook/addon-essentials > @storybook/addon-docs > @babel/preset-env > @babel/plugin-syntax-export-namespace-from@7.8.3\" has unmet peer dependency \"@babel/core@^7.0.0-0\".\n\u001b[0m\u001b[91mwarning \"@storybook/addon-essentials > @storybook/addon-docs > @babel/preset-env > @babel/plugin-syntax-import-assertions@7.20.0\" has unmet peer dependency \"@babel/core@^7.0.0-0\".\n\u001b[0m\u001b[91mwarning \"@storybook/addon-essentials > @storybook/addon-docs > @babel/preset-env > @babel/plugin-syntax-json-strings@7.8.3\" has unmet peer dependency \"@babel/core@^7.0.0-0\".\nwarning \"@storybook/addon-essentials > @storybook/addon-docs > @babel/preset-env > @babel/plugin-syntax-logical-assignment-operators@7.10.4\" has unmet peer dependency \"@babel/core@^7.0.0-0\".\n\u001b[0m\u001b[91mwarning \"@storybook/addon-essentials > @storybook/addon-docs > @babel/preset-env > @babel/plugin-syntax-nullish-coalescing-operator@7.8.3\" has unmet peer dependency \"@babel/core@^7.0.0-0\".\nwarning \"@storybook/addon-essentials > @storybook/addon-docs > @babel/preset-env > @babel/plugin-syntax-numeric-separator@7.10.4\" has unmet peer dependency \"@babel/core@^7.0.0-0\".\nwarning \"@storybook/addon-essentials > @storybook/addon-docs > @babel/preset-env > @babel/plugin-syntax-object-rest-spread@7.8.3\" has unmet peer dependency \"@babel/core@^7.0.0-0\".\n\u001b[0m\u001b[91mwarning \"@storybook/addon-essentials > @storybook/addon-docs > @babel/preset-env > @babel/plugin-syntax-optional-catch-binding@7.8.3\" has unmet peer dependency \"@babel/core@^7.0.0-0\".\nwarning \"@storybook/addon-essentials > @storybook/addon-docs > @babel/preset-env > @babel/plugin-syntax-optional-chaining@7.8.3\" has unmet peer dependency \"@babel/core@^7.0.0-0\".\n\u001b[0m\u001b[91mwarning \"@storybook/addon-essentials > @storybook/addon-docs > @babel/preset-env > @babel/plugin-syntax-private-property-in-object@7.14.5\" has unmet peer dependency \"@babel/core@^7.0.0-0\".\nwarning \"@storybook/addon-essentials > @storybook/addon-docs > @babel/preset-env > @babel/plugin-syntax-top-level-await@7.14.5\" has unmet peer dependency \"@babel/core@^7.0.0-0\".\n\u001b[0m\u001b[91mwarning \"@storybook/addon-essentials > @storybook/addon-docs > @babel/preset-env > @babel/plugin-transform-async-to-generator@7.18.6\" has unmet peer dependency \"@babel/core@^7.0.0-0\".\nwarning \"@storybook/addon-essentials > @storybook/addon-docs > @babel/preset-env > @babel/plugin-transform-block-scoped-functions@7.18.6\" has unmet peer dependency \"@babel/core@^7.0.0-0\".\nwarning \"@storybook/addon-essentials > @storybook/addon-docs > @babel/preset-env > @babel/plugin-transform-computed-properties@7.18.9\" has unmet peer dependency \"@babel/core@^7.0.0-0\".\n\u001b[0m\u001b[91mwarning \"@storybook/addon-essentials > @storybook/addon-docs > @babel/preset-env > @babel/plugin-transform-dotall-regex@7.18.6\" has unmet peer dependency \"@babel/core@^7.0.0-0\".\nwarning \"@storybook/addon-essentials > @storybook/addon-docs > @babel/preset-env > @babel/plugin-transform-duplicate-keys@7.18.9\" has unmet peer dependency \"@babel/core@^7.0.0-0\".\n\u001b[0m\u001b[91mwarning \"@storybook/addon-essentials > @storybook/addon-docs > @babel/preset-env > @babel/plugin-transform-exponentiation-operator@7.18.6\" has unmet peer dependency \"@babel/core@^7.0.0-0\".\n\u001b[0m\u001b[91mwarning \"@storybook/addon-essentials > @storybook/addon-docs > @babel/preset-env > @babel/plugin-transform-function-name@7.18.9\" has unmet peer dependency \"@babel/core@^7.0.0-0\".\n\u001b[0m\u001b[91mwarning \"@storybook/addon-essentials > @storybook/addon-docs > @babel/preset-env > @babel/plugin-transform-literals@7.18.9\" has unmet peer dependency \"@babel/core@^7.0.0-0\".\n\u001b[0m\u001b[91mwarning \"@storybook/addon-essentials > @storybook/addon-docs > @babel/preset-env > @babel/plugin-transform-member-expression-literals@7.18.6\" has unmet peer dependency \"@babel/core@^7.0.0-0\".\n\u001b[0m\u001b[91mwarning \"@storybook/addon-essentials > @storybook/addon-docs > @babel/preset-env > @babel/plugin-transform-modules-amd@7.19.6\" has unmet peer dependency \"@babel/core@^7.0.0-0\".\n\u001b[0m\u001b[91mwarning \"@storybook/addon-essentials > @storybook/addon-docs > @babel/preset-env > @babel/plugin-transform-modules-commonjs@7.19.6\" has unmet peer dependency \"@babel/core@^7.0.0-0\".\n\u001b[0m\u001b[91mwarning \"@storybook/addon-essentials > @storybook/addon-docs > @babel/preset-env > @babel/plugin-transform-modules-systemjs@7.19.6\" has unmet peer dependency \"@babel/core@^7.0.0-0\".\n\u001b[0m\u001b[91mwarning \"@storybook/addon-essentials > @storybook/addon-docs > @babel/preset-env > @babel/plugin-transform-modules-umd@7.18.6\" has unmet peer dependency \"@babel/core@^7.0.0-0\".\n\u001b[0m\u001b[91mwarning \"@storybook/addon-essentials > @storybook/addon-docs > @babel/preset-env > @babel/plugin-transform-named-capturing-groups-regex@7.20.5\" has unmet peer dependency \"@babel/core@^7.0.0\".\n\u001b[0m\u001b[91mwarning \"@storybook/addon-essentials > @storybook/addon-docs > @babel/preset-env > @babel/plugin-transform-new-target@7.18.6\" has unmet peer dependency \"@babel/core@^7.0.0-0\".\n\u001b[0m\u001b[91mwarning \"@storybook/addon-essentials > @storybook/addon-docs > @babel/preset-env > @babel/plugin-transform-object-super@7.18.6\" has unmet peer dependency \"@babel/core@^7.0.0-0\".\nwarning \"@storybook/addon-essentials > @storybook/addon-docs > @babel/preset-env > @babel/plugin-transform-property-literals@7.18.6\" has unmet peer dependency \"@babel/core@^7.0.0-0\".\n\u001b[0m\u001b[91mwarning \"@storybook/addon-essentials > @storybook/addon-docs > @babel/preset-env > @babel/plugin-transform-regenerator@7.20.5\" has unmet peer dependency \"@babel/core@^7.0.0-0\".\n\u001b[0m\u001b[91mwarning \"@storybook/addon-essentials > @storybook/addon-docs > @babel/preset-env > @babel/plugin-transform-reserved-words@7.18.6\" has unmet peer dependency \"@babel/core@^7.0.0-0\".\nwarning \"@storybook/addon-essentials > @storybook/addon-docs > @babel/preset-env > @babel/plugin-transform-sticky-regex@7.18.6\" has unmet peer dependency \"@babel/core@^7.0.0-0\".\n\u001b[0m\u001b[91mwarning \"@storybook/addon-essentials > @storybook/addon-docs > @babel/preset-env > @babel/plugin-transform-template-literals@7.18.9\" has unmet peer dependency \"@babel/core@^7.0.0-0\".\n\u001b[0m\u001b[91mwarning \"@storybook/addon-essentials > @storybook/addon-docs > @babel/preset-env > @babel/plugin-transform-typeof-symbol@7.18.9\" has unmet peer dependency \"@babel/core@^7.0.0-0\".\nwarning \"@storybook/addon-essentials > @storybook/addon-docs > @babel/preset-env > @babel/plugin-transform-unicode-escapes@7.18.10\" has unmet peer dependency \"@babel/core@^7.0.0-0\".\n\u001b[0m\u001b[91mwarning \"@storybook/addon-essentials > @storybook/addon-docs > @babel/preset-env > @babel/plugin-transform-unicode-regex@7.18.6\" has unmet peer dependency \"@babel/core@^7.0.0-0\".\nwarning \"@storybook/addon-essentials > @storybook/addon-docs > @babel/preset-env > @babel/preset-modules@0.1.5\" has unmet peer dependency \"@babel/core@^7.0.0-0\".\n\u001b[0m\u001b[91mwarning \"@storybook/addon-essentials > @storybook/addon-docs > @babel/preset-env > babel-plugin-polyfill-corejs2@0.3.3\" has unmet peer dependency \"@babel/core@^7.0.0-0\".\n\u001b[0m\u001b[91mwarning \"@storybook/addon-essentials > @storybook/addon-docs > @babel/preset-env > babel-plugin-polyfill-corejs3@0.6.0\" has unmet peer dependency \"@babel/core@^7.0.0-0\".\nwarning \"@storybook/addon-essentials > @storybook/addon-docs > @babel/preset-env > babel-plugin-polyfill-regenerator@0.4.1\" has unmet peer dependency \"@babel/core@^7.0.0-0\".\n\u001b[0m\u001b[91mwarning \"@storybook/addon-essentials > @storybook/addon-docs > @babel/preset-env > @babel/plugin-proposal-async-generator-functions > @babel/helper-remap-async-to-generator@7.18.9\" has unmet peer dependency \"@babel/core@^7.0.0\".\nwarning \"@storybook/addon-essentials > @storybook/addon-docs > @babel/preset-env > @babel/plugin-proposal-unicode-property-regex > @babel/helper-create-regexp-features-plugin@7.20.5\" has unmet peer dependency \"@babel/core@^7.0.0\".\n\u001b[0m\u001b[91mwarning \"@storybook/addon-essentials > @storybook/addon-docs > @babel/preset-env > babel-plugin-polyfill-corejs2 > @babel/helper-define-polyfill-provider@0.3.3\" has unmet peer dependency \"@babel/core@^7.4.0-0\".\n\u001b[0m\u001b[91mwarning \" > @storybook/vue@6.5.14\" has unmet peer dependency \"@babel/core@*\".\nwarning \" > @storybook/vue@6.5.14\" has unmet peer dependency \"babel-loader@^7.0.0 || ^8.0.0\".\nwarning \" > @storybook/vue@6.5.14\" has unmet peer dependency \"css-loader@*\".\n\u001b[0m\u001b[91mwarning \"@storybook/vue > vue-docgen-loader > jscodeshift@0.13.1\" has unmet peer dependency \"@babel/preset-env@^7.1.6\".\n\u001b[0m\u001b[91mwarning \" > eslint-config-import@0.13.0\" has incorrect peer dependency \"eslint-plugin-import@0.13.x\".\n\u001b[0m\u001b[91mwarning \" > sass-loader@10.4.1\" has unmet peer dependency \"webpack@^4.36.0 || ^5.0.0\".\n\u001b[0m\u001b[91mwarning \" > vue-loader@15.10.1\" has unmet peer dependency \"css-loader@*\".\nwarning \" > vue-loader@15.10.1\" has unmet peer dependency \"webpack@^3.0.0 || ^4.1.0 || ^5.0.0-0\".\n\u001b[0m\u001b[91mwarning \" > v-calendar@2.4.1\" has unmet peer dependency \"@popperjs/core@^2.4.0\".\n\u001b[0m[4/4] Building fresh packages...\nDone in 57.44s.\nRemoving intermediate container 9e350e93d185\n ---> c9653ba7f0f9\nStep 5/15 : COPY ui /weaverbird/ui\n ---> c46aba3af5e2\nStep 6/15 : COPY playground/dist /weaverbird/playground/dist\n ---> ebd61bde60af\nStep 7/15 : RUN yarn build\n ---> Running in d9d923a5decc\nyarn run v1.22.19\n$ yarn run build-bundle && yarn run build-types\n$ vite build\nvite v3.2.4 building for production...\ntransforming...\n\u001b[91mDEPRECATION WARNING\u001b[0m\u001b[91m: Using / for division outside of calc() is deprecated and will be removed in Dart Sass 2.0.0.\n\nRecommendation: math.div($conditions-group-top-margin, 2) or calc($conditions-group-top-margin / 2)\n\nMore info and automated migrator: https://sass-lang.com/d/slash-div\n\n    ╷\n191 │   $link-width: $conditions-group-top-margin / 2 + 2 * $conditions-group-border-width +\n    │                ^^^^^^^^^^^^^^^^^^^^^^^^^^^^^^^^\n    ╵\n\u001b[0m\u001b[91m    src/components/ConditionsEditor/ConditionsGroup.vue 191:16  root stylesheet\n\n\u001b[0m\u001b[91mDEPRECATION WARNING\u001b[0m\u001b[91m: Using / for division outside of calc() is deprecated and will be removed in Dart Sass 2.0.0.\n\nRecommendation: math.div($conditions-group-left-padding, 2) or calc($conditions-group-left-padding / 2)\n\nMore info and automated migrator: https://sass-lang.com/d/slash-div\n\n    ╷\n192 │     $conditions-group-left-padding / 2;\n    │     ^^^^^^^^^^^^^^^^^^^^^^^^^^^^^^^^^^\n    ╵\n\u001b[0m\u001b[91m    src/components/ConditionsEditor/ConditionsGroup.vue 192:5  root stylesheet\n\n\u001b[0m\u001b[91mDEPRECATION WARNING\u001b[0m\u001b[91m: Using / for division outside of calc() is deprecated and will be removed in Dart Sass 2.0.0.\n\nRecommendation: math.div(-$conditions-group-top-margin, 2) or calc(-$conditions-group-top-margin / 2)\n\nMore info and automated migrator: https://sass-lang.com/d/slash-div\n\n    ╷\n199 │   left: -$conditions-group-top-margin / 2 - $conditions-group-border-width;\n    │         ^^^^^^^^^^^^^^^^^^^^^^^^^^^^^^^^^\n    ╵\n\u001b[0m\u001b[91m    src/components/ConditionsEditor/ConditionsGroup.vue 199:9  root stylesheet\n\n\u001b[0m\u001b[91mNon-existent export 'CustomDateRange' is imported from src/lib/dates.ts\n\u001b[0m\u001b[91mNon-existent export 'DateRange' is imported from src/lib/dates.ts\n\u001b[0m\u001b[91mNon-existent export 'LocaleIdentifier' is imported from src/lib/internationalization.ts\n\u001b[0m\u001b[91mNon-existent export 'AvailableVariable' is imported from src/lib/variables.ts\n\u001b[0m\u001b[91mNon-existent export 'VariableDelimiters' is imported from src/lib/variables.ts\n\u001b[0m\u001b[91mNon-existent export 'VariablesBucket' is imported from src/lib/variables.ts\n\u001b[0m✓ 2034 modules transformed.\nrendering chunks...\ndist/style.css       87.77 KiB / gzip: 13.37 KiB\ndist/weaverbird.js   2476.08 KiB / gzip: 557.62 KiB\ndist/weaverbird.umd.cjs   1764.26 KiB / gzip: 494.56 KiB\n$ . ./build-types.sh\nsrc/components/stepforms/RenameStepForm.vue(5,18): error TS2683: 'this' implicitly has type 'any' because it does not have a type annotation.\nsrc/components/stepforms/widgets/DefaultCodeEditor.vue(6,28): error TS18047: '$event.target' is possibly 'null'.\nsrc/components/stepforms/widgets/DefaultCodeEditor.vue(6,42): error TS2339: Property 'value' does not exist on type 'EventTarget'.\nsrc/components/PipelineSelector.vue(4,71): error TS18047: '$event.target' is possibly 'null'.\nsrc/components/PipelineSelector.vue(4,85): error TS2339: Property 'value' does not exist on type 'EventTarget'.\nsrc/components/ActionToolbarButton.vue(3,53): error TS2339: Property 'icon' does not exist on type 'ActionToolbarButton'.\nsrc/components/DataViewer.vue(4,26): error TS2339: Property 'dataset' does not exist on type 'boolean'.\nsrc/components/stepforms/widgets/InputText.vue(4,34): error TS18048: '__VLS_ctx.$refs.input' is possibly 'undefined'.\nsrc/components/stepforms/widgets/InputNumber.vue(4,34): error TS18048: '__VLS_ctx.$refs.input' is possibly 'undefined'.\nsrc/components/stepforms/widgets/InputText.vue(4,46): error TS2339: Property 'focus' does not exist on type 'Element | Vue<Record<string, any>, Record<string, any>, never, never, (event: string, ...args: any[]) => Vue<Record<string, any>, Record<string, any>, never, never, ...>> | (Element | Vue<...>)[]'.\n  Property 'focus' does not exist on type 'Element'.\nsrc/components/stepforms/widgets/InputNumber.vue(4,46): error TS2339: Property 'focus' does not exist on type 'Element | Vue<Record<string, any>, Record<string, any>, never, never, (event: string, ...args: any[]) => Vue<Record<string, any>, Record<string, any>, never, never, ...>> | (Element | Vue<...>)[]'.\n  Property 'focus' does not exist on type 'Element'.\nsrc/components/ActionToolbarButton.vue(4,46): error TS2339: Property 'label' does not exist on type 'ActionToolbarButton'.\nsrc/components/stepforms/StepFormButtonbar.vue(7,24): error TS2339: Property 'submit' does not exist on type 'never'.\nsrc/components/Popover.vue(9,5): error TS2322: Type 'ElementPosition' is not assignable to type 'StyleValue | undefined'.\n  Type 'ElementPosition' is not assignable to type 'CSSProperties'.\n    Index signature for type '`--${string}`' is missing in type 'ElementPosition'.\nsrc/components/ConditionsEditor/ConditionsEditor.vue(14,47): error TS18047: '$event.target' is possibly 'null'.\nsrc/components/ConditionsEditor/ConditionsEditor.vue(14,61): error TS2339: Property 'value' does not exist on type 'EventTarget'.\nsrc/components/stepforms/widgets/FormWidget.vue(22,40): error TS2339: Property 'dataPath' does not exist on type 'ErrorObject<string, Record<string, any>, unknown>'.\nsrc/components/stepforms/widgets/InputDate.vue(22,29): error TS18047: '$event.target' is possibly 'null'.\nsrc/components/stepforms/widgets/InputText.vue(23,29): error TS18047: '$event.target' is possibly 'null'.\nsrc/components/stepforms/widgets/InputDate.vue(22,43): error TS2339: Property 'value' does not exist on type 'EventTarget'.\nsrc/components/stepforms/widgets/InputText.vue(23,43): error TS2339: Property 'value' does not exist on type 'EventTarget'.\nsrc/components/stepforms/widgets/InputNumber.vue(26,29): error TS18047: '$event.target' is possibly 'null'.\nsrc/components/stepforms/widgets/InputNumber.vue(26,43): error TS2339: Property 'value' does not exist on type 'EventTarget'.\nsrc/components/stepforms/FromDateStepForm.vue(35,32): error TS2532: Object is possibly 'undefined'.\nsrc/components/stepforms/widgets/Autocomplete.vue(28,42): error TS2551: Property 'props' does not exist on type 'AutocompleteWidget'. Did you mean '$props'?\nsrc/components/ListUniqueValues.vue(23,28): error TS2339: Property 'uniqueValues' does not exist on type 'boolean'.\nsrc/components/stepforms/ToDateStepForm.vue(37,32): error TS2532: Object is possibly 'undefined'.\nsrc/components/stepforms/FromDateStepForm.vue(38,16): error TS2532: Object is possibly 'undefined'.\nsrc/components/ListUniqueValues.vue(24,40): error TS2339: Property 'uniqueValues' does not exist on type 'boolean'.\nsrc/components/stepforms/AddTotalRowsStepForm.vue(37,44): error TS18048: '__VLS_ctx.editedStep.groups' is possibly 'undefined'.\nsrc/components/stepforms/StatisticsStepForm.vue(30,38): error TS2345: Argument of type 'string' is not assignable to parameter of type 'Statistics'.\nsrc/components/stepforms/AddTotalRowsStepForm.vue(37,62): error TS18048: '__VLS_ctx.editedStep.groups' is possibly 'undefined'.\nsrc/components/stepforms/widgets/MultiInputText.vue(32,30): error TS2551: Property 'option' does not exist on type 'MultiInputTextWidget'. Did you mean 'options'?\nsrc/components/stepforms/widgets/Autocomplete.vue(31,50): error TS2551: Property 'props' does not exist on type 'AutocompleteWidget'. Did you mean '$props'?\nsrc/components/stepforms/StatisticsStepForm.vue(31,35): error TS2345: Argument of type 'string' is not assignable to parameter of type 'Statistics'.\nsrc/components/stepforms/ToDateStepForm.vue(40,16): error TS2532: Object is possibly 'undefined'.\nsrc/components/stepforms/widgets/Autocomplete.vue(32,43): error TS2551: Property 'props' does not exist on type 'AutocompleteWidget'. Did you mean '$props'?\nsrc/components/stepforms/widgets/Multiselect.vue(29,50): error TS2551: Property 'props' does not exist on type 'MultiselectWidget'. Did you mean '$props'?\nsrc/components/stepforms/MovingAverageStepForm.vue(38,16): error TS2339: Property 'movingWindow' does not exist on type 'MovingAverageStepForm'.\nsrc/components/stepforms/widgets/MultiInputText.vue(35,21): error TS2551: Property 'option' does not exist on type 'MultiInputTextWidget'. Did you mean 'options'?\nsrc/components/stepforms/widgets/Autocomplete.vue(33,45): error TS2551: Property 'props' does not exist on type 'AutocompleteWidget'. Did you mean '$props'?\nsrc/components/stepforms/widgets/Multiselect.vue(30,55): error TS2551: Property 'props' does not exist on type 'MultiselectWidget'. Did you mean '$props'?\nsrc/components/stepforms/widgets/MultiInputText.vue(36,23): error TS2339: Property 'remove' does not exist on type 'MultiInputTextWidget'.\nsrc/components/stepforms/widgets/MultiInputText.vue(36,30): error TS2551: Property 'option' does not exist on type 'MultiInputTextWidget'. Did you mean 'options'?\nsrc/components/stepforms/widgets/Multiselect.vue(31,45): error TS2551: Property 'props' does not exist on type 'MultiselectWidget'. Did you mean '$props'?\nsrc/components/stepforms/CustomStepForm.vue(47,73): error TS2339: Property 'label' does not exist on type 'Function'.\nsrc/components/stepforms/widgets/MultiInputText.vue(40,27): error TS2551: Property 'option' does not exist on type 'MultiInputTextWidget'. Did you mean 'options'?\nsrc/components/stepforms/widgets/Multiselect.vue(37,30): error TS2551: Property 'option' does not exist on type 'MultiselectWidget'. Did you mean 'options'?\nsrc/components/stepforms/AppendStepForm.vue(60,53): error TS2339: Property 'label' does not exist on type 'object'.\nsrc/components/stepforms/widgets/MultiInputText.vue(44,40): error TS2339: Property 'remove' does not exist on type 'MultiInputTextWidget'.\nsrc/components/stepforms/widgets/MultiInputText.vue(44,47): error TS2551: Property 'option' does not exist on type 'MultiInputTextWidget'. Did you mean 'options'?\nsrc/components/stepforms/widgets/MultiInputText.vue(45,35): error TS2339: Property 'remove' does not exist on type 'MultiInputTextWidget'.\nsrc/components/stepforms/widgets/MultiInputText.vue(45,42): error TS2551: Property 'option' does not exist on type 'MultiInputTextWidget'. Did you mean 'options'?\nsrc/components/stepforms/widgets/Multiselect.vue(40,33): error TS2551: Property 'option' does not exist on type 'MultiselectWidget'. Did you mean 'options'?\nsrc/components/DataViewer.vue(42,49): error TS2345: Argument of type 'string' is not assignable to parameter of type 'DataSetColumnType'.\nsrc/components/stepforms/widgets/Multiselect.vue(41,23): error TS2339: Property 'remove' does not exist on type 'MultiselectWidget'.\nsrc/components/stepforms/widgets/Multiselect.vue(41,30): error TS2551: Property 'option' does not exist on type 'MultiselectWidget'. Did you mean 'options'?\nsrc/components/DataViewer.vue(42,82): error TS2345: Argument of type 'string' is not assignable to parameter of type 'DataSetColumnType'.\nsrc/components/stepforms/AppendStepForm.vue(67,9): error TS7053: Element implicitly has an 'any' type because expression of type '\"$isDisabled\"' can't be used to index type '{ label: string; trackBy: string; }'.\n  Property '$isDisabled' does not exist on type '{ label: string; trackBy: string; }'.\nsrc/components/ActionMenu.vue(50,20): error TS2367: This comparison appears to be unintentional because the types 'VisiblePanel' and '2' have no overlap.\nsrc/components/DataViewer.vue(43,52): error TS2345: Argument of type 'string' is not assignable to parameter of type 'DataSetColumnType'.\nsrc/components/stepforms/AppendStepForm.vue(68,9): error TS7053: Element implicitly has an 'any' type because expression of type '\"tooltip\"' can't be used to index type '{ label: string; trackBy: string; }'.\n  Property 'tooltip' does not exist on type '{ label: string; trackBy: string; }'.\nsrc/components/stepforms/FillnaStepForm.vue(67,13): error TS2729: Property 'initialStepValue' is used before its initialization.\nsrc/components/stepforms/StatisticsStepForm.vue(53,38): error TS2345: Argument of type 'string' is not assignable to parameter of type 'Statistics'.\nsrc/components/stepforms/widgets/Multiselect.vue(45,39): error TS2551: Property 'option' does not exist on type 'MultiselectWidget'. Did you mean 'options'?\nsrc/components/Popover.vue(67,61): error TS2345: Argument of type 'unknown' is not assignable to parameter of type 'Alignment'.\nsrc/components/stepforms/StatisticsStepForm.vue(54,35): error TS2345: Argument of type 'string' is not assignable to parameter of type 'Statistics'.\nsrc/components/stepforms/FillnaStepForm.vue(69,19): error TS2729: Property 'initialStepValue' is used before its initialization.\nsrc/components/stepforms/FillnaStepForm.vue(70,15): error TS2729: Property 'initialStepValue' is used before its initialization.\nsrc/components/stepforms/FillnaStepForm.vue(71,14): error TS2729: Property 'initialStepValue' is used before its initialization.\nsrc/components/stepforms/widgets/Multiselect.vue(49,40): error TS2339: Property 'remove' does not exist on type 'MultiselectWidget'.\nsrc/components/stepforms/widgets/Multiselect.vue(49,47): error TS2551: Property 'option' does not exist on type 'MultiselectWidget'. Did you mean 'options'?\nsrc/components/stepforms/RenameStepForm.vue(65,13): error TS2729: Property 'initialStepValue' is used before its initialization.\nsrc/components/stepforms/IfThenElseStepForm.vue(74,32): error TS2729: Property 'initialStepValue' is used before its initialization.\nsrc/components/stepforms/ComputeDurationStepForm.vue(68,3): error TS2769: No overload matches this call.\n  Overload 1 of 2, '(options: ComponentOptions<Vue<Record<string, any>, Record<string, any>, never, never, (event: string, ...args: any[]) => Vue<Record<string, any>, Record<string, any>, never, never, ...>>, ... 7 more ..., ComponentOptionsMixin> & ThisType<...>): <VC extends VueClass<...>>(target: VC) => VC', gave the following error.\n    Argument of type '{ vqbstep: string; name: string; components: { AutocompleteWidget: typeof AutocompleteWidget; ColumnPicker: typeof ColumnPicker; InputTextWidget: typeof InputTextWidget; }; }' is not assignable to parameter of type 'ComponentOptions<Vue<Record<string, any>, Record<string, any>, never, never, (event: string, ...args: any[]) => Vue<Record<string, any>, Record<string, any>, never, never, ...>>, ... 7 more ..., ComponentOptionsMixin> & ThisType<...>'.\n      Object literal may only specify known properties, and 'vqbstep' does not exist in type 'ComponentOptions<Vue<Record<string, any>, Record<string, any>, never, never, (event: string, ...args: any[]) => Vue<Record<string, any>, Record<string, any>, never, never, ...>>, ... 7 more ..., ComponentOptionsMixin> & ThisType<...>'.\n  Overload 2 of 2, '(target: VueClass<Vue<Record<string, any>, Record<string, any>, never, never, (event: string, ...args: any[]) => Vue<Record<string, any>, Record<string, any>, never, never, ...>>>): VueClass<...>', gave the following error.\n    Argument of type '{ vqbstep: string; name: string; components: { AutocompleteWidget: typeof AutocompleteWidget; ColumnPicker: typeof ColumnPicker; InputTextWidget: typeof InputTextWidget; }; }' is not assignable to parameter of type 'VueClass<Vue<Record<string, any>, Record<string, any>, never, never, (event: string, ...args: any[]) => Vue<Record<string, any>, Record<string, any>, never, never, ...>>>'.\n      Object literal may only specify known properties, and 'vqbstep' does not exist in type 'VueClass<Vue<Record<string, any>, Record<string, any>, never, never, (event: string, ...args: any[]) => Vue<Record<string, any>, Record<string, any>, never, never, ...>>>'.\nsrc/components/stepforms/widgets/Multiselect.vue(50,35): error TS2339: Property 'remove' does not exist on type 'MultiselectWidget'.\nsrc/components/stepforms/widgets/Multiselect.vue(50,42): error TS2551: Property 'option' does not exist on type 'MultiselectWidget'. Did you mean 'options'?\nsrc/components/stepforms/RenameStepForm.vue(68,12): error TS2729: Property 'initialStepValue' is used before its initialization.\nsrc/components/stepforms/RenameStepForm.vue(68,45): error TS2729: Property 'initialStepValue' is used before its initialization.\nsrc/components/stepforms/FormulaStepForm.vue(79,3): error TS2416: Property 'validate' in type 'FormulaStepForm' is not assignable to the same property in base type 'BaseStepForm<FormulaStep>'.\n  Type '() => ErrorObject<string, Record<string, any>, unknown>[] | null' is not assignable to type '() => ValidationError[] | null | undefined'.\n    Type 'ErrorObject<string, Record<string, any>, unknown>[] | null' is not assignable to type 'ValidationError[] | null | undefined'.\n      Type 'ErrorObject<string, Record<string, any>, unknown>[]' is not assignable to type 'ValidationError[]'.\n        Property 'dataPath' is missing in type 'ErrorObject<string, Record<string, any>, unknown>' but required in type 'ValidationError'.\nsrc/components/stepforms/RenameStepForm.vue(69,18): error TS2729: Property 'initialStepValue' is used before its initialization.\nsrc/components/stepforms/RenameStepForm.vue(69,49): error TS2729: Property 'initialStepValue' is used before its initialization.\nsrc/components/stepforms/RenameStepForm.vue(70,16): error TS2729: Property 'initialStepValue' is used before its initialization.\nsrc/components/stepforms/widgets/List.vue(100,3): error TS2612: Property 'errors' will overwrite the base property in 'FormWidget'. If this is intentional, add an initializer. Otherwise, add a 'declare' modifier or remove the redundant declaration.\nsrc/components/stepforms/widgets/List.vue(103,3): error TS2612: Property 'dataPath' will overwrite the base property in 'FormWidget'. If this is intentional, add an initializer. Otherwise, add a 'declare' modifier or remove the redundant declaration.\nsrc/components/stepforms/CumSumStepForm.vue(94,14): error TS2790: The operand of a 'delete' operator must be optional.\nsrc/components/stepforms/AggregateStepForm.vue(96,13): error TS2729: Property 'initialStepValue' is used before its initialization.\nsrc/components/stepforms/CumSumStepForm.vue(95,39): error TS2339: Property 'toCumSum' does not exist on type 'CumSumStep'.\n  Property 'toCumSum' does not exist on type '{ name: \"cumsum\"; referenceColumn: string; groupby?: string[] | undefined; } & { valueColumn: string; newColumn?: string | undefined; }'.\nsrc/components/stepforms/AggregateStepForm.vue(98,24): error TS2729: Property 'initialStepValue' is used before its initialization.\nsrc/components/stepforms/RollupStepForm.vue(105,13): error TS2729: Property 'initialStepValue' is used before its initialization.\nsrc/components/stepforms/RollupStepForm.vue(107,24): error TS2729: Property 'initialStepValue' is used before its initialization.\nsrc/components/stepforms/CumSumStepForm.vue(100,41): error TS2339: Property 'toCumSum' does not exist on type 'CumSumStep'.\n  Property 'toCumSum' does not exist on type '{ name: \"cumsum\"; referenceColumn: string; groupby?: string[] | undefined; } & { valueColumn: string; newColumn?: string | undefined; }'.\nsrc/components/stepforms/FormulaStepForm.vue(111,9): error TS2322: Type 'string' is not assignable to type 'Record<string, any>'.\nsrc/components/stepforms/AggregateStepForm.vue(105,35): error TS2729: Property 'initialStepValue' is used before its initialization.\nsrc/components/stepforms/CumSumStepForm.vue(106,28): error TS2339: Property 'toCumSum' does not exist on type 'CumSumStep'.\n  Property 'toCumSum' does not exist on type '{ name: \"cumsum\"; referenceColumn: string; groupby?: string[] | undefined; } & { valueColumn: string; newColumn?: string | undefined; }'.\nsrc/components/stepforms/FormulaStepForm.vue(115,7): error TS2322: Type '(ValidationError | ErrorObject<string, Record<string, any>, unknown>)[]' is not assignable to type 'ErrorObject<string, Record<string, any>, unknown>[]'.\n  Type 'ValidationError | ErrorObject<string, Record<string, any>, unknown>' is not assignable to type 'ErrorObject<string, Record<string, any>, unknown>'.\n    Type 'ValidationError' is missing the following properties from type 'ErrorObject<string, Record<string, any>, unknown>': instancePath, schemaPath, params\nsrc/components/stepforms/CumSumStepForm.vue(110,21): error TS2339: Property 'toCumSum' does not exist on type 'CumSumStep'.\n  Property 'toCumSum' does not exist on type '{ name: \"cumsum\"; referenceColumn: string; groupby?: string[] | undefined; } & { valueColumn: string; newColumn?: string | undefined; }'.\nsrc/components/stepforms/DateExtractStepForm.vue(106,13): error TS2729: Property 'initialStepValue' is used before its initialization.\nsrc/components/stepforms/DateExtractStepForm.vue(108,20): error TS2729: Property 'initialStepValue' is used before its initialization.\nsrc/components/stepforms/DateExtractStepForm.vue(109,15): error TS2729: Property 'initialStepValue' is used before its initialization.\nsrc/components/stepforms/DateExtractStepForm.vue(110,14): error TS2729: Property 'initialStepValue' is used before its initialization.\nsrc/components/stepforms/widgets/DateComponents/DateRangeInput.vue(118,3): error TS1444: 'CustomDateRange' is a type and must be imported using a type-only import when 'preserveValueImports' and 'isolatedModules' are both enabled.\nsrc/components/stepforms/DateExtractStepForm.vue(111,22): error TS2729: Property 'initialStepValue' is used before its initialization.\nsrc/components/stepforms/widgets/DateComponents/DateRangeInput.vue(119,3): error TS1444: 'DateRange' is a type and must be imported using a type-only import when 'preserveValueImports' and 'isolatedModules' are both enabled.\nsrc/components/stepforms/DateExtractStepForm.vue(112,15): error TS2729: Property 'initialStepValue' is used before its initialization.\nsrc/components/stepforms/widgets/Multiselect.vue(133,5): error TS2322: Type '(string | object)[]' is not assignable to type 'string[]'.\n  Type 'string | object' is not assignable to type 'string'.\n    Type 'object' is not assignable to type 'string'.\nsrc/components/stepforms/DateExtractStepForm.vue(113,14): error TS2729: Property 'initialStepValue' is used before its initialization.\nsrc/components/stepforms/widgets/DateComponents/DateRangeInput.vue(125,13): error TS1444: 'LocaleIdentifier' is a type and must be imported using a type-only import when 'preserveValueImports' and 'isolatedModules' are both enabled.\nsrc/components/stepforms/widgets/DateComponents/DateRangeInput.vue(127,3): error TS1444: 'AvailableVariable' is a type and must be imported using a type-only import when 'preserveValueImports' and 'isolatedModules' are both enabled.\nsrc/components/stepforms/widgets/DateComponents/DateRangeInput.vue(129,3): error TS1444: 'VariableDelimiters' is a type and must be imported using a type-only import when 'preserveValueImports' and 'isolatedModules' are both enabled.\nsrc/components/stepforms/widgets/DateComponents/DateRangeInput.vue(130,3): error TS1444: 'VariablesBucket' is a type and must be imported using a type-only import when 'preserveValueImports' and 'isolatedModules' are both enabled.\nsrc/components/stepforms/StepForm.vue(116,36): error TS2729: Property 'initialStepValue' is used before its initialization.\nsrc/components/DataViewer.vue(124,2): error TS2769: No overload matches this call.\n  Overload 1 of 2, '(options: ComponentOptions<Vue<Record<string, any>, Record<string, any>, never, never, (event: string, ...args: any[]) => Vue<Record<string, any>, Record<string, any>, never, never, ...>>, ... 7 more ..., ComponentOptionsMixin> & ThisType<...>): <VC extends VueClass<...>>(target: VC) => VC', gave the following error.\n    Type 'ObjectDirective<any, any>' is not assignable to type 'DirectiveOptions | DirectiveFunction'.\n      Type 'ObjectDirective<any, any>' is not assignable to type 'DirectiveOptions'.\n        Types of property 'bind' are incompatible.\n          Type 'DirectiveHook<any, any, any> | undefined' is not assignable to type 'DirectiveFunction | undefined'.\n            Type 'DirectiveHook<any, any, any>' is not assignable to type 'DirectiveFunction'.\n              Types of parameters 'binding' and 'binding' are incompatible.\n                Type 'DirectiveBinding' is not assignable to type 'DirectiveBinding<any>'.\n                  Property 'value' is optional in type 'DirectiveBinding' but required in type 'DirectiveBinding<any>'.\n  Overload 2 of 2, '(target: VueClass<Vue<Record<string, any>, Record<string, any>, never, never, (event: string, ...args: any[]) => Vue<Record<string, any>, Record<string, any>, never, never, ...>>>): VueClass<...>', gave the following error.\n    Argument of type '{ name: string; components: { ActionMenu: typeof ActionMenu; ActionToolbar: typeof ActionToolbar; DataTypesMenu: typeof DataTypesMenu; DataViewerCell: ExtendedVue<Vue<Record<string, any>, Record<...>, never, never, (event: string, ...args: any[]) => Vue<...>>, ... 6 more ..., ComponentOptionsMixin>; Pagination: type...' is not assignable to parameter of type 'VueClass<Vue<Record<string, any>, Record<string, any>, never, never, (event: string, ...args: any[]) => Vue<Record<string, any>, Record<string, any>, never, never, ...>>>'.\n      Object literal may only specify known properties, and 'name' does not exist in type 'VueClass<Vue<Record<string, any>, Record<string, any>, never, never, (event: string, ...args: any[]) => Vue<Record<string, any>, Record<string, any>, never, never, ...>>>'.\nsrc/components/stepforms/widgets/Multiselect.vue(172,14): error TS7053: Element implicitly has an 'any' type because expression of type 'string' can't be used to index type '{}'.\n  No index signature with a parameter of type 'string' was found on type '{}'.\nsrc/components/stepforms/widgets/Multiselect.vue(174,7): error TS2322: Type 'string | object' is not assignable to type 'string'.\n  Type 'object' is not assignable to type 'string'.\nsrc/components/stepforms/StepForm.vue(205,32): error TS2345: Argument of type 'StepType' is not assignable to parameter of type 'PipelineStep'.\n  Type 'StepType' is not assignable to type 'WaterfallStep'.\nsrc/components/stepforms/StepForm.vue(232,11): error TS2322: Type 'ValidateFunction<unknown>' is not assignable to type 'ValidateFunction<object>'.\n  Type 'unknown' is not assignable to type 'object'.\nsrc/components/stepforms/StatisticsStepForm.vue(284,7): error TS2322: Type 'ErrorObject<string, Record<string, any>, unknown>[] | null | undefined' is not assignable to type 'ValidationError[] | null | undefined'.\n  Type 'ErrorObject<string, Record<string, any>, unknown>[]' is not assignable to type 'ValidationError[]'.\nsrc/components/QueryBuilder.vue.ts(10,25): error TS6307: File '/weaverbird/ui/package.json' is not listed within the file list of project '/weaverbird/ui/tsconfig.types.json'. Projects must list all files or use an 'include' pattern.\n  The file is in the program because:\n    Imported via '../../package.json' from file '/weaverbird/ui/src/components/QueryBuilder.vue.ts'\n    Imported via '../../../package.json' from file '/weaverbird/ui/src/components/stepforms/StepForm.vue.ts'\nsrc/components/domutil.ts(74,3): error TS2739: Type '{ width: number; height: number; top: number; left: number; bottom: number; right: number; }' is missing the following properties from type 'DOMRect': x, y, toJSON\nsrc/components/stepforms/index.ts(58,70): error TS2314: Generic type 'BaseStepForm<StepType>' requires 1 type argument(s).\nsrc/directives/resizable/ResizableTable.ts(74,23): error TS2488: Type 'HTMLCollection' must have a '[Symbol.iterator]()' method that returns an iterator.\nsrc/directives/resizable/ResizableTable.ts(116,23): error TS2488: Type 'HTMLCollection' must have a '[Symbol.iterator]()' method that returns an iterator.\nsrc/lib/dataset/helpers.ts(14,12): error TS18048: 'dataset.paginationContext.totalCount' is possibly 'undefined'.\nsrc/lib/internationalization.ts(1,23): error TS6307: File '/weaverbird/ui/src/assets/internationalization.json' is not listed within the file list of project '/weaverbird/ui/tsconfig.types.json'. Projects must list all files or use an 'include' pattern.\nsrc/lib/translators/mongo.ts(2341,20): error TS18046: 'e' is of type 'unknown'.\n\u001b[91mnpm notice\u001b[0m\u001b[91m \nnpm \u001b[0m\u001b[91mnotice\u001b[0m\u001b[91m New major version of npm available! 8.19.2 -> 9.2.0\nnpm\u001b[0m\u001b[91m notice\u001b[0m\u001b[91m Changelog: <https://github.com/npm/cli/releases/tag/v9.2.0>\nnpm \u001b[0m\u001b[91mnotice\u001b[0m\u001b[91m Run `npm install -g npm@9.2.0` to update!\nnpm\u001b[0m\u001b[91m \u001b[0m\u001b[91mnotice\u001b[0m\u001b[91m \n\u001b[0m\u001b[91m/bin/sh: 10: ./build-types.sh: colrm: not found\n\u001b[0m\u001b[91m/bin/sh: 10: ./build-types.sh: colrm: not found\n\u001b[0mDone in 25.70s.\nRemoving intermediate container d9d923a5decc\n ---> beca089068ff\nStep 8/15 : FROM python:3.10 as server\n ---> 3aae3bded9cf\nStep 9/15 : WORKDIR /weaverbird/server\n ---> Running in 4addce51ac9f\nRemoving intermediate container 4addce51ac9f\n ---> 336109257241\nStep 10/15 : COPY server /weaverbird/server\n ---> f02a91a05d67\nStep 11/15 : RUN pip install -e \".[playground]\"\n ---> Running in ff1cd7b77490\nObtaining file:///weaverbird/server\n  Installing build dependencies: started\n  Installing build dependencies: finished with status 'done'\n  Checking if build backend supports build_editable: started\n  Checking if build backend supports build_editable: finished with status 'done'\n  Getting requirements to build editable: started\n  Getting requirements to build editable: finished with status 'done'\n  Preparing editable metadata (pyproject.toml): started\n  Preparing editable metadata (pyproject.toml): finished with status 'done'\nCollecting geopandas<0.13.0,>=0.11.1\n  Downloading geopandas-0.12.2-py3-none-any.whl (1.1 MB)\n     ━━━━━━━━━━━━━━━━━━━━━━━━━━━━━━━━━━━━━━━━ 1.1/1.1 MB 3.4 MB/s eta 0:00:00\nCollecting pydantic<2.0.0,>=1.9.1\n  Downloading pydantic-1.10.4-cp310-cp310-manylinux_2_17_x86_64.manylinux2014_x86_64.whl (3.1 MB)\n     ━━━━━━━━━━━━━━━━━━━━━━━━━━━━━━━━━━━━━━━━ 3.1/3.1 MB 38.1 MB/s eta 0:00:00\nCollecting numexpr<3.0.0,>=2.8.1\n  Downloading numexpr-2.8.4-cp310-cp310-manylinux_2_17_x86_64.manylinux2014_x86_64.whl (381 kB)\n     ━━━━━━━━━━━━━━━━━━━━━━━━━━━━━━━━━━━━━━ 381.4/381.4 kB 29.8 MB/s eta 0:00:00\nCollecting PyPika<0.49.0,>=0.48.9\n  Downloading PyPika-0.48.9.tar.gz (67 kB)\n     ━━━━━━━━━━━━━━━━━━━━━━━━━━━━━━━━━━━━━━━━ 67.3/67.3 kB 5.3 MB/s eta 0:00:00\n  Installing build dependencies: started\n  Installing build dependencies: finished with status 'done'\n  Getting requirements to build wheel: started\n  Getting requirements to build wheel: finished with status 'done'\n  Preparing metadata (pyproject.toml): started\n  Preparing metadata (pyproject.toml): finished with status 'done'\nCollecting typing_extensions<5.0,>=4.2\n  Downloading typing_extensions-4.4.0-py3-none-any.whl (26 kB)\nCollecting pytest-xdist<4.0,>=2.5\n  Downloading pytest_xdist-3.1.0-py3-none-any.whl (36 kB)\nCollecting Quart-CORS<0.6.0,>=0.5.0\n  Downloading Quart_CORS-0.5.0-py3-none-any.whl (7.9 kB)\nCollecting pymongo[srv,tls]>=4.2.0\n  Downloading pymongo-4.3.3-cp310-cp310-manylinux_2_17_x86_64.manylinux2014_x86_64.whl (492 kB)\n     ━━━━━━━━━━━━━━━━━━━━━━━━━━━━━━━━━━━━━ 492.9/492.9 kB 380.1 kB/s eta 0:00:00\nCollecting hypercorn<0.15,>=0.13\n  Downloading Hypercorn-0.14.3-py3-none-any.whl (57 kB)\n     ━━━━━━━━━━━━━━━━━━━━━━━━━━━━━━━━━━━━━━━━ 57.9/57.9 kB 4.3 MB/s eta 0:00:00\nCollecting toucan-connectors[awsathena,google-big-query,mongo,redshift,snowflake]<5.0.0,>=4.0.0\n  Downloading toucan_connectors-4.1.1-py3-none-any.whl (1.3 MB)\n     ━━━━━━━━━━━━━━━━━━━━━━━━━━━━━━━━━━━━━━━━ 1.3/1.3 MB 21.3 MB/s eta 0:00:00\nCollecting quart<0.19,>=0.17\n  Downloading Quart-0.18.3-py3-none-any.whl (100 kB)\n     ━━━━━━━━━━━━━━━━━━━━━━━━━━━━━━━━━━━━━━━ 100.2/100.2 kB 3.9 MB/s eta 0:00:00\nCollecting pandas<2.0.0,>=1.2.5\n  Downloading pandas-1.5.2-cp310-cp310-manylinux_2_17_x86_64.manylinux2014_x86_64.whl (12.1 MB)\n     ━━━━━━━━━━━━━━━━━━━━━━━━━━━━━━━━━━━━━━━━ 12.1/12.1 MB 30.0 MB/s eta 0:00:00\nCollecting psycopg<4.0.0,>=3.0.15\n  Downloading psycopg-3.1.7-py3-none-any.whl (167 kB)\n     ━━━━━━━━━━━━━━━━━━━━━━━━━━━━━━━━━━━━━━━ 167.2/167.2 kB 2.5 MB/s eta 0:00:00\nCollecting fiona>=1.8\n  Downloading Fiona-1.8.22-cp310-cp310-manylinux_2_17_x86_64.manylinux2014_x86_64.whl (16.6 MB)\n     ━━━━━━━━━━━━━━━━━━━━━━━━━━━━━━━━━━━━━━━━ 16.6/16.6 MB 11.0 MB/s eta 0:00:00\nCollecting shapely>=1.7\n  Downloading shapely-2.0.0-cp310-cp310-manylinux_2_17_x86_64.manylinux2014_x86_64.whl (2.3 MB)\n     ━━━━━━━━━━━━━━━━━━━━━━━━━━━━━━━━━━━━━━━━ 2.3/2.3 MB 32.8 MB/s eta 0:00:00\nCollecting pyproj>=2.6.1.post1\n  Downloading pyproj-3.4.1-cp310-cp310-manylinux_2_17_x86_64.manylinux2014_x86_64.whl (7.7 MB)\n     ━━━━━━━━━━━━━━━━━━━━━━━━━━━━━━━━━━━━━━━━ 7.7/7.7 MB 7.9 MB/s eta 0:00:00\nCollecting packaging\n  Downloading packaging-22.0-py3-none-any.whl (42 kB)\n     ━━━━━━━━━━━━━━━━━━━━━━━━━━━━━━━━━━━━━━━━ 42.6/42.6 kB 2.2 MB/s eta 0:00:00\nCollecting toml\n  Downloading toml-0.10.2-py2.py3-none-any.whl (16 kB)\nCollecting wsproto>=0.14.0\n  Downloading wsproto-1.2.0-py3-none-any.whl (24 kB)\nCollecting h2>=3.1.0\n  Downloading h2-4.1.0-py3-none-any.whl (57 kB)\n     ━━━━━━━━━━━━━━━━━━━━━━━━━━━━━━━━━━━━━━━━ 57.5/57.5 kB 5.0 MB/s eta 0:00:00\nCollecting h11\n  Downloading h11-0.14.0-py3-none-any.whl (58 kB)\n     ━━━━━━━━━━━━━━━━━━━━━━━━━━━━━━━━━━━━━━━━ 58.3/58.3 kB 4.3 MB/s eta 0:00:00\nCollecting priority\n  Downloading priority-2.0.0-py3-none-any.whl (8.9 kB)\nCollecting numpy>=1.13.3\n  Downloading numpy-1.24.1-cp310-cp310-manylinux_2_17_x86_64.manylinux2014_x86_64.whl (17.3 MB)\n     ━━━━━━━━━━━━━━━━━━━━━━━━━━━━━━━━━━━━━━━━ 17.3/17.3 MB 21.1 MB/s eta 0:00:00\nCollecting python-dateutil>=2.8.1\n  Downloading python_dateutil-2.8.2-py2.py3-none-any.whl (247 kB)\n     ━━━━━━━━━━━━━━━━━━━━━━━━━━━━━━━━━━━━━━ 247.7/247.7 kB 15.3 MB/s eta 0:00:00\nCollecting pytz>=2020.1\n  Downloading pytz-2022.7-py2.py3-none-any.whl (499 kB)\n     ━━━━━━━━━━━━━━━━━━━━━━━━━━━━━━━━━━━━━━ 499.4/499.4 kB 21.0 MB/s eta 0:00:00\nCollecting dnspython<3.0.0,>=1.16.0\n  Downloading dnspython-2.2.1-py3-none-any.whl (269 kB)\n     ━━━━━━━━━━━━━━━━━━━━━━━━━━━━━━━━━━━━━━ 269.1/269.1 kB 18.2 MB/s eta 0:00:00\nCollecting execnet>=1.1\n  Downloading execnet-1.9.0-py2.py3-none-any.whl (39 kB)\nCollecting pytest>=6.2.0\n  Downloading pytest-7.2.0-py3-none-any.whl (316 kB)\n     ━━━━━━━━━━━━━━━━━━━━━━━━━━━━━━━━━━━━━━ 316.8/316.8 kB 25.7 MB/s eta 0:00:00\nCollecting click>=8.0.0\n  Downloading click-8.1.3-py3-none-any.whl (96 kB)\n     ━━━━━━━━━━━━━━━━━━━━━━━━━━━━━━━━━━━━━━━━ 96.6/96.6 kB 5.3 MB/s eta 0:00:00\nCollecting blinker\n  Downloading blinker-1.5-py2.py3-none-any.whl (12 kB)\nCollecting aiofiles\n  Downloading aiofiles-22.1.0-py3-none-any.whl (14 kB)\nCollecting jinja2\n  Downloading Jinja2-3.1.2-py3-none-any.whl (133 kB)\n     ━━━━━━━━━━━━━━━━━━━━━━━━━━━━━━━━━━━━━━ 133.1/133.1 kB 13.1 MB/s eta 0:00:00\nCollecting markupsafe\n  Downloading MarkupSafe-2.1.1-cp310-cp310-manylinux_2_17_x86_64.manylinux2014_x86_64.whl (25 kB)\nCollecting itsdangerous\n  Downloading itsdangerous-2.1.2-py3-none-any.whl (15 kB)\nCollecting werkzeug>=2.2.0\n  Downloading Werkzeug-2.2.2-py3-none-any.whl (232 kB)\n     ━━━━━━━━━━━━━━━━━━━━━━━━━━━━━━━━━━━━━━ 232.7/232.7 kB 12.1 MB/s eta 0:00:00\nCollecting jq<2.0.0,>=1.2.2\n  Downloading jq-1.3.0-cp310-cp310-manylinux_2_17_x86_64.manylinux2014_x86_64.whl (589 kB)\n     ━━━━━━━━━━━━━━━━━━━━━━━━━━━━━━━━━━━━━━ 589.2/589.2 kB 29.2 MB/s eta 0:00:00\nCollecting aiohttp<4.0.0,>=3.8.1\n  Downloading aiohttp-3.8.3-cp310-cp310-manylinux_2_17_x86_64.manylinux2014_x86_64.whl (1.0 MB)\n     ━━━━━━━━━━━━━━━━━━━━━━━━━━━━━━━━━━━━━━━━ 1.0/1.0 MB 15.4 MB/s eta 0:00:00\nCollecting toucan-data-sdk<8.0.0,>=7.4.2\n  Downloading toucan_data_sdk-7.5.0-py3-none-any.whl (62 kB)\n     ━━━━━━━━━━━━━━━━━━━━━━━━━━━━━━━━━━━━━━━━ 62.3/62.3 kB 4.6 MB/s eta 0:00:00\nCollecting Authlib<2.0.0,>=1.0.1\n  Downloading Authlib-1.2.0-py2.py3-none-any.whl (214 kB)\n     ━━━━━━━━━━━━━━━━━━━━━━━━━━━━━━━━━━━━━━ 214.8/214.8 kB 15.6 MB/s eta 0:00:00\nCollecting tenacity<9.0.0,>=8.0.1\n  Downloading tenacity-8.1.0-py3-none-any.whl (23 kB)\nCollecting cached-property<2.0.0,>=1.5.2\n  Downloading cached_property-1.5.2-py2.py3-none-any.whl (7.6 kB)\nCollecting lxml<5.0.0,>=4.6.5\n  Downloading lxml-4.9.2-cp310-cp310-manylinux_2_17_x86_64.manylinux2014_x86_64.manylinux_2_24_x86_64.whl (7.1 MB)\n     ━━━━━━━━━━━━━━━━━━━━━━━━━━━━━━━━━━━━━━━━ 7.1/7.1 MB 26.6 MB/s eta 0:00:00\nCollecting redshift-connector<3.0.0,>=2.0.907\n  Downloading redshift_connector-2.0.909-py3-none-any.whl (112 kB)\n     ━━━━━━━━━━━━━━━━━━━━━━━━━━━━━━━━━━━━━━━ 112.1/112.1 kB 3.5 MB/s eta 0:00:00\nCollecting google-cloud-bigquery[bqstorage,pandas]<4,>=3\n  Downloading google_cloud_bigquery-3.4.1-py2.py3-none-any.whl (215 kB)\n     ━━━━━━━━━━━━━━━━━━━━━━━━━━━━━━━━━━━━━━━ 215.1/215.1 kB 1.0 MB/s eta 0:00:00\nCollecting awswrangler<3.0.0,>=2.15.1\n  Downloading awswrangler-2.18.0-py3-none-any.whl (255 kB)\n     ━━━━━━━━━━━━━━━━━━━━━━━━━━━━━━━━━━━━━━ 255.3/255.3 kB 10.0 MB/s eta 0:00:00\nCollecting snowflake-connector-python<3.0.0,>=2.7.12\n  Downloading snowflake_connector_python-2.9.0-cp310-cp310-manylinux_2_17_x86_64.manylinux2014_x86_64.whl (21.3 MB)\n     ━━━━━━━━━━━━━━━━━━━━━━━━━━━━━━━━━━━━━━━━ 21.3/21.3 MB 11.5 MB/s eta 0:00:00\nCollecting PyJWT<3,>=1.5.3\n  Downloading PyJWT-2.6.0-py3-none-any.whl (20 kB)\nCollecting pyarrow<9\n  Downloading pyarrow-8.0.0-cp310-cp310-manylinux_2_17_x86_64.manylinux2014_x86_64.whl (29.4 MB)\n     ━━━━━━━━━━━━━━━━━━━━━━━━━━━━━━━━━━━━━━━━ 29.4/29.4 MB 7.3 MB/s eta 0:00:00\nCollecting attrs>=17.3.0\n  Downloading attrs-22.2.0-py3-none-any.whl (60 kB)\n     ━━━━━━━━━━━━━━━━━━━━━━━━━━━━━━━━━━━━━━━━ 60.0/60.0 kB 3.9 MB/s eta 0:00:00\nCollecting yarl<2.0,>=1.0\n  Downloading yarl-1.8.2-cp310-cp310-manylinux_2_17_x86_64.manylinux2014_x86_64.whl (264 kB)\n     ━━━━━━━━━━━━━━━━━━━━━━━━━━━━━━━━━━━━━━ 264.0/264.0 kB 15.7 MB/s eta 0:00:00\nCollecting frozenlist>=1.1.1\n  Downloading frozenlist-1.3.3-cp310-cp310-manylinux_2_5_x86_64.manylinux1_x86_64.manylinux_2_17_x86_64.manylinux2014_x86_64.whl (149 kB)\n     ━━━━━━━━━━━━━━━━━━━━━━━━━━━━━━━━━━━━━━ 149.6/149.6 kB 12.9 MB/s eta 0:00:00\nCollecting aiosignal>=1.1.2\n  Downloading aiosignal-1.3.1-py3-none-any.whl (7.6 kB)\nCollecting multidict<7.0,>=4.5\n  Downloading multidict-6.0.4-cp310-cp310-manylinux_2_17_x86_64.manylinux2014_x86_64.whl (114 kB)\n     ━━━━━━━━━━━━━━━━━━━━━━━━━━━━━━━━━━━━━━━ 114.5/114.5 kB 6.4 MB/s eta 0:00:00\nCollecting charset-normalizer<3.0,>=2.0\n  Downloading charset_normalizer-2.1.1-py3-none-any.whl (39 kB)\nCollecting async-timeout<5.0,>=4.0.0a3\n  Downloading async_timeout-4.0.2-py3-none-any.whl (5.8 kB)\nCollecting cryptography>=3.2\n  Downloading cryptography-38.0.4-cp36-abi3-manylinux_2_28_x86_64.whl (4.2 MB)\n     ━━━━━━━━━━━━━━━━━━━━━━━━━━━━━━━━━━━━━━━━ 4.2/4.2 MB 38.4 MB/s eta 0:00:00\nCollecting numpy>=1.13.3\n  Downloading numpy-1.23.3-cp310-cp310-manylinux_2_17_x86_64.manylinux2014_x86_64.whl (17.1 MB)\n     ━━━━━━━━━━━━━━━━━━━━━━━━━━━━━━━━━━━━━━━━ 17.1/17.1 MB 27.3 MB/s eta 0:00:00\nCollecting boto3<2.0.0,>=1.24.11\n  Downloading boto3-1.26.41-py3-none-any.whl (132 kB)\n     ━━━━━━━━━━━━━━━━━━━━━━━━━━━━━━━━━━━━━ 132.7/132.7 kB 854.5 kB/s eta 0:00:00\nCollecting botocore<2.0.0,>=1.27.11\n  Downloading botocore-1.29.41-py3-none-any.whl (10.3 MB)\n     ━━━━━━━━━━━━━━━━━━━━━━━━━━━━━━━━━━━━━━━━ 10.3/10.3 MB 13.8 MB/s eta 0:00:00\nCollecting openpyxl<3.1.0,>=3.0.0\n  Downloading openpyxl-3.0.10-py2.py3-none-any.whl (242 kB)\n     ━━━━━━━━━━━━━━━━━━━━━━━━━━━━━━━━━━━━━━ 242.1/242.1 kB 16.4 MB/s eta 0:00:00\nCollecting opensearch-py<3,>=1\n  Downloading opensearch_py-2.0.1-py2.py3-none-any.whl (214 kB)\n     ━━━━━━━━━━━━━━━━━━━━━━━━━━━━━━━━━━━━━━━ 214.7/214.7 kB 5.1 MB/s eta 0:00:00\nCollecting pandas<2.0.0,>=1.2.5\n  Downloading pandas-1.5.1-cp310-cp310-manylinux_2_17_x86_64.manylinux2014_x86_64.whl (12.1 MB)\n     ━━━━━━━━━━━━━━━━━━━━━━━━━━━━━━━━━━━━━━━━ 12.1/12.1 MB 20.2 MB/s eta 0:00:00\nCollecting pymysql<2.0.0,>=1.0.0\n  Downloading PyMySQL-1.0.2-py3-none-any.whl (43 kB)\n     ━━━━━━━━━━━━━━━━━━━━━━━━━━━━━━━━━━━━━━━ 43.8/43.8 kB 175.5 kB/s eta 0:00:00\nCollecting requests-aws4auth<2.0.0,>=1.1.1\n  Downloading requests_aws4auth-1.1.2-py2.py3-none-any.whl (24 kB)\nCollecting pg8000<2.0.0,>=1.20.0\n  Downloading pg8000-1.29.4-py3-none-any.whl (51 kB)\n     ━━━━━━━━━━━━━━━━━━━━━━━━━━━━━━━━━━━━━━━━ 51.4/51.4 kB 51.0 kB/s eta 0:00:00\nCollecting gremlinpython<4.0.0,>=3.5.2\n  Downloading gremlinpython-3.6.1-py2.py3-none-any.whl (73 kB)\n     ━━━━━━━━━━━━━━━━━━━━━━━━━━━━━━━━━━━━━━━ 73.3/73.3 kB 173.8 kB/s eta 0:00:00\nCollecting backoff<3.0.0,>=1.11.1\n  Downloading backoff-2.2.1-py3-none-any.whl (15 kB)\nCollecting jsonpath-ng<2.0.0,>=1.5.3\n  Downloading jsonpath_ng-1.5.3-py3-none-any.whl (29 kB)\nCollecting progressbar2<5.0.0,>=4.0.0\n  Downloading progressbar2-4.2.0-py2.py3-none-any.whl (27 kB)\nRequirement already satisfied: setuptools in /usr/local/lib/python3.10/site-packages (from fiona>=1.8->geopandas<0.13.0,>=0.11.1->weaverbird==0.27.5) (65.5.0)\nCollecting cligj>=0.5\n  Downloading cligj-0.7.2-py3-none-any.whl (7.1 kB)\nCollecting certifi\n  Downloading certifi-2022.12.7-py3-none-any.whl (155 kB)\n     ━━━━━━━━━━━━━━━━━━━━━━━━━━━━━━━━━━━━━━━ 155.3/155.3 kB 5.1 MB/s eta 0:00:00\nCollecting click-plugins>=1.0\n  Downloading click_plugins-1.1.1-py2.py3-none-any.whl (7.5 kB)\nCollecting six>=1.7\n  Downloading six-1.16.0-py2.py3-none-any.whl (11 kB)\nCollecting munch\n  Downloading munch-2.5.0-py2.py3-none-any.whl (10 kB)\nCollecting requests<3.0.0dev,>=2.21.0\n  Downloading requests-2.28.1-py3-none-any.whl (62 kB)\n     ━━━━━━━━━━━━━━━━━━━━━━━━━━━━━━━━━━━━━━━━ 62.8/62.8 kB 3.1 MB/s eta 0:00:00\nCollecting google-cloud-core<3.0.0dev,>=1.4.1\n  Downloading google_cloud_core-2.3.2-py2.py3-none-any.whl (29 kB)\nCollecting protobuf!=3.20.0,!=3.20.1,!=4.21.0,!=4.21.1,!=4.21.2,!=4.21.3,!=4.21.4,!=4.21.5,<5.0.0dev,>=3.19.5\n  Downloading protobuf-4.21.12-cp37-abi3-manylinux2014_x86_64.whl (409 kB)\n     ━━━━━━━━━━━━━━━━━━━━━━━━━━━━━━━━━━━━━━━ 409.8/409.8 kB 6.6 MB/s eta 0:00:00\nCollecting proto-plus<2.0.0dev,>=1.15.0\n  Downloading proto_plus-1.22.1-py3-none-any.whl (47 kB)\n     ━━━━━━━━━━━━━━━━━━━━━━━━━━━━━━━━━━━━━━━ 47.9/47.9 kB 964.1 kB/s eta 0:00:00\nCollecting grpcio<2.0dev,>=1.47.0\n  Downloading grpcio-1.51.1-cp310-cp310-manylinux_2_17_x86_64.manylinux2014_x86_64.whl (4.8 MB)\n     ━━━━━━━━━━━━━━━━━━━━━━━━━━━━━━━━━━━━━━━━ 4.8/4.8 MB 9.7 MB/s eta 0:00:00\nCollecting packaging\n  Downloading packaging-21.3-py3-none-any.whl (40 kB)\n     ━━━━━━━━━━━━━━━━━━━━━━━━━━━━━━━━━━━━━━━━ 40.8/40.8 kB 3.2 MB/s eta 0:00:00\nCollecting google-api-core[grpc]!=2.0.*,!=2.1.*,!=2.2.*,!=2.3.0,<3.0.0dev,>=1.31.5\n  Downloading google_api_core-2.11.0-py3-none-any.whl (120 kB)\n     ━━━━━━━━━━━━━━━━━━━━━━━━━━━━━━━━━━━━━━━ 120.3/120.3 kB 6.8 MB/s eta 0:00:00\nCollecting google-resumable-media<3.0dev,>=0.6.0\n  Downloading google_resumable_media-2.4.0-py2.py3-none-any.whl (77 kB)\n     ━━━━━━━━━━━━━━━━━━━━━━━━━━━━━━━━━━━━━━━━ 77.4/77.4 kB 4.0 MB/s eta 0:00:00\nCollecting db-dtypes<2.0.0dev,>=0.3.0\n  Downloading db_dtypes-1.0.5-py2.py3-none-any.whl (14 kB)\nCollecting google-cloud-bigquery-storage<3.0.0dev,>=2.0.0\n  Downloading google_cloud_bigquery_storage-2.17.0-py2.py3-none-any.whl (187 kB)\n     ━━━━━━━━━━━━━━━━━━━━━━━━━━━━━━━━━━━━━━ 187.7/187.7 kB 10.4 MB/s eta 0:00:00\nCollecting hpack<5,>=4.0\n  Downloading hpack-4.0.0-py3-none-any.whl (32 kB)\nCollecting hyperframe<7,>=6.0\n  Downloading hyperframe-6.0.1-py3-none-any.whl (12 kB)\nCollecting pyparsing!=3.0.5,>=2.0.2\n  Downloading pyparsing-3.0.9-py3-none-any.whl (98 kB)\n     ━━━━━━━━━━━━━━━━━━━━━━━━━━━━━━━━━━━━━━━━ 98.3/98.3 kB 5.3 MB/s eta 0:00:00\nCollecting pluggy<2.0,>=0.12\n  Downloading pluggy-1.0.0-py2.py3-none-any.whl (13 kB)\nCollecting iniconfig\n  Downloading iniconfig-1.1.1-py2.py3-none-any.whl (5.0 kB)\nCollecting exceptiongroup>=1.0.0rc8\n  Downloading exceptiongroup-1.1.0-py3-none-any.whl (14 kB)\nCollecting tomli>=1.0.0\n  Downloading tomli-2.0.1-py3-none-any.whl (12 kB)\nCollecting scramp<1.5.0,>=1.2.0\n  Downloading scramp-1.4.4-py3-none-any.whl (13 kB)\nCollecting beautifulsoup4<5.0.0,>=4.7.0\n  Downloading beautifulsoup4-4.11.1-py3-none-any.whl (128 kB)\n     ━━━━━━━━━━━━━━━━━━━━━━━━━━━━━━━━━━━━━━━ 128.2/128.2 kB 8.3 MB/s eta 0:00:00\nCollecting pyOpenSSL<23.0.0,>=16.2.0\n  Downloading pyOpenSSL-22.1.0-py3-none-any.whl (57 kB)\n     ━━━━━━━━━━━━━━━━━━━━━━━━━━━━━━━━━━━━━━━━ 57.0/57.0 kB 3.4 MB/s eta 0:00:00\nCollecting pycryptodomex!=3.5.0,<4.0.0,>=3.2\n  Downloading pycryptodomex-3.16.0-cp35-abi3-manylinux_2_5_x86_64.manylinux1_x86_64.manylinux_2_12_x86_64.manylinux2010_x86_64.whl (2.3 MB)\n     ━━━━━━━━━━━━━━━━━━━━━━━━━━━━━━━━━━━━━━━━ 2.3/2.3 MB 42.8 MB/s eta 0:00:00\nCollecting asn1crypto<2.0.0,>0.24.0\n  Downloading asn1crypto-1.5.1-py2.py3-none-any.whl (105 kB)\n     ━━━━━━━━━━━━━━━━━━━━━━━━━━━━━━━━━━━━━━━ 105.0/105.0 kB 6.0 MB/s eta 0:00:00\nCollecting idna<4,>=2.5\n  Downloading idna-3.4-py3-none-any.whl (61 kB)\n     ━━━━━━━━━━━━━━━━━━━━━━━━━━━━━━━━━━━━━━━━ 61.5/61.5 kB 2.9 MB/s eta 0:00:00\nCollecting filelock<4,>=3.5\n  Downloading filelock-3.9.0-py3-none-any.whl (9.7 kB)\nCollecting cffi<2.0.0,>=1.9\n  Downloading cffi-1.15.1-cp310-cp310-manylinux_2_17_x86_64.manylinux2014_x86_64.whl (441 kB)\n     ━━━━━━━━━━━━━━━━━━━━━━━━━━━━━━━━━━━━━━ 441.8/441.8 kB 18.5 MB/s eta 0:00:00\nCollecting urllib3<1.27,>=1.21.1\n  Downloading urllib3-1.26.13-py2.py3-none-any.whl (140 kB)\n     ━━━━━━━━━━━━━━━━━━━━━━━━━━━━━━━━━━━━━━━ 140.6/140.6 kB 8.6 MB/s eta 0:00:00\nCollecting oscrypto<2.0.0\n  Downloading oscrypto-1.3.0-py2.py3-none-any.whl (194 kB)\n     ━━━━━━━━━━━━━━━━━━━━━━━━━━━━━━━━━━━━━━━ 194.6/194.6 kB 8.0 MB/s eta 0:00:00\nCollecting python-slugify<6.0.0,>=5.0.2\n  Downloading python_slugify-5.0.2-py2.py3-none-any.whl (6.7 kB)\nCollecting tabulate<0.9.0,>=0.8.9\n  Downloading tabulate-0.8.10-py3-none-any.whl (29 kB)\nCollecting engarde<0.5.0,>=0.4.0\n  Downloading engarde-0.4.0-py2.py3-none-any.whl (7.2 kB)\nCollecting toucan-client<2.0.0,>=1.1.0\n  Downloading toucan_client-1.1.2-py3-none-any.whl (2.9 kB)\nCollecting joblib<1\n  Downloading joblib-0.17.0-py3-none-any.whl (301 kB)\n     ━━━━━━━━━━━━━━━━━━━━━━━━━━━━━━━━━━━━━━ 301.5/301.5 kB 15.4 MB/s eta 0:00:00\nCollecting soupsieve>1.2\n  Downloading soupsieve-2.3.2.post1-py3-none-any.whl (37 kB)\nCollecting jmespath<2.0.0,>=0.7.1\n  Downloading jmespath-1.0.1-py3-none-any.whl (20 kB)\nCollecting s3transfer<0.7.0,>=0.6.0\n  Downloading s3transfer-0.6.0-py3-none-any.whl (79 kB)\n     ━━━━━━━━━━━━━━━━━━━━━━━━━━━━━━━━━━━━━━━━ 79.6/79.6 kB 6.1 MB/s eta 0:00:00\nCollecting pycparser\n  Downloading pycparser-2.21-py2.py3-none-any.whl (118 kB)\n     ━━━━━━━━━━━━━━━━━━━━━━━━━━━━━━━━━━━━━━━ 118.7/118.7 kB 6.9 MB/s eta 0:00:00\nCollecting googleapis-common-protos<2.0dev,>=1.56.2\n  Downloading googleapis_common_protos-1.57.0-py2.py3-none-any.whl (217 kB)\n     ━━━━━━━━━━━━━━━━━━━━━━━━━━━━━━━━━━━━━━ 218.0/218.0 kB 21.3 MB/s eta 0:00:00\nCollecting google-auth<3.0dev,>=2.14.1\n  Downloading google_auth-2.15.0-py2.py3-none-any.whl (177 kB)\n     ━━━━━━━━━━━━━━━━━━━━━━━━━━━━━━━━━━━━━━ 177.0/177.0 kB 18.6 MB/s eta 0:00:00\nCollecting grpcio-status<2.0dev,>=1.33.2\n  Downloading grpcio_status-1.51.1-py3-none-any.whl (5.1 kB)\nCollecting google-crc32c<2.0dev,>=1.0\n  Downloading google_crc32c-1.5.0-cp310-cp310-manylinux_2_17_x86_64.manylinux2014_x86_64.whl (32 kB)\nCollecting isodate<1.0.0,>=0.6.0\n  Downloading isodate-0.6.1-py2.py3-none-any.whl (41 kB)\n     ━━━━━━━━━━━━━━━━━━━━━━━━━━━━━━━━━━━━━━━━ 41.7/41.7 kB 2.6 MB/s eta 0:00:00\nCollecting nest-asyncio\n  Downloading nest_asyncio-1.5.6-py3-none-any.whl (5.2 kB)\nCollecting aenum<4.0.0,>=1.4.5\n  Downloading aenum-3.1.11-py3-none-any.whl (131 kB)\n     ━━━━━━━━━━━━━━━━━━━━━━━━━━━━━━━━━━━━━━ 131.5/131.5 kB 14.9 MB/s eta 0:00:00\nCollecting aiohttp<4.0.0,>=3.8.1\n  Downloading aiohttp-3.8.1-cp310-cp310-manylinux_2_5_x86_64.manylinux1_x86_64.manylinux_2_12_x86_64.manylinux2010_x86_64.whl (1.2 MB)\n     ━━━━━━━━━━━━━━━━━━━━━━━━━━━━━━━━━━━━━━━━ 1.2/1.2 MB 38.1 MB/s eta 0:00:00\nCollecting ply\n  Downloading ply-3.11-py2.py3-none-any.whl (49 kB)\n     ━━━━━━━━━━━━━━━━━━━━━━━━━━━━━━━━━━━━━━━━ 49.6/49.6 kB 2.7 MB/s eta 0:00:00\nCollecting decorator\n  Downloading decorator-5.1.1-py3-none-any.whl (9.1 kB)\nCollecting et-xmlfile\n  Downloading et_xmlfile-1.1.0-py3-none-any.whl (4.7 kB)\nCollecting python-utils>=3.0.0\n  Downloading python_utils-3.4.5-py2.py3-none-any.whl (23 kB)\nCollecting text-unidecode>=1.3\n  Downloading text_unidecode-1.3-py2.py3-none-any.whl (78 kB)\n     ━━━━━━━━━━━━━━━━━━━━━━━━━━━━━━━━━━━━━━━━ 78.2/78.2 kB 5.5 MB/s eta 0:00:00\nCollecting rsa<5,>=3.1.4\n  Downloading rsa-4.9-py3-none-any.whl (34 kB)\nCollecting cachetools<6.0,>=2.0.0\n  Downloading cachetools-5.2.0-py3-none-any.whl (9.3 kB)\nCollecting pyasn1-modules>=0.2.1\n  Downloading pyasn1_modules-0.2.8-py2.py3-none-any.whl (155 kB)\n     ━━━━━━━━━━━━━━━━━━━━━━━━━━━━━━━━━━━━━━━ 155.3/155.3 kB 7.2 MB/s eta 0:00:00\nCollecting pyasn1<0.5.0,>=0.4.6\n  Downloading pyasn1-0.4.8-py2.py3-none-any.whl (77 kB)\n     ━━━━━━━━━━━━━━━━━━━━━━━━━━━━━━━━━━━━━━━━ 77.1/77.1 kB 6.0 MB/s eta 0:00:00\nBuilding wheels for collected packages: PyPika, weaverbird\n  Building wheel for PyPika (pyproject.toml): started\n  Building wheel for PyPika (pyproject.toml): finished with status 'done'\n  Created wheel for PyPika: filename=PyPika-0.48.9-py2.py3-none-any.whl size=53723 sha256=528d7551271a276a966d73c0bcdb798e7c67c4c86033fe6651aebc4de61dfbaf\n  Stored in directory: /root/.cache/pip/wheels/c4/41/b6/f76a356f0791da799545c23894ceae842eeff054d0eb1fb626\n  Building editable for weaverbird (pyproject.toml): started\n  Building editable for weaverbird (pyproject.toml): finished with status 'done'\n  Created wheel for weaverbird: filename=weaverbird-0.27.5-py3-none-any.whl size=1882 sha256=50c5b3a1d05a521d94889030a3ea5149bf9b0469e7218eed48ec3bffd58e7991\n  Stored in directory: /tmp/pip-ephem-wheel-cache-00ws2k8u/wheels/b9/b5/e6/c91478e640e198d3ee81cbc32cb8ddf5a1846b8951e5062134\nSuccessfully built PyPika weaverbird\nInstalling collected packages: text-unidecode, pytz, PyPika, pyasn1, ply, iniconfig, cached-property, asn1crypto, aenum, urllib3, typing_extensions, tomli, toml, tenacity, tabulate, soupsieve, six, scramp, rsa, python-utils, python-slugify, pyparsing, pymysql, PyJWT, pycryptodomex, pycparser, pyasn1-modules, protobuf, priority, pluggy, oscrypto, numpy, nest-asyncio, multidict, markupsafe, lxml, jq, joblib, jmespath, itsdangerous, idna, hyperframe, hpack, h11, grpcio, google-crc32c, frozenlist, filelock, execnet, exceptiongroup, et-xmlfile, dnspython, decorator, click, charset-normalizer, certifi, cachetools, blinker, backoff, attrs, async-timeout, aiofiles, yarl, wsproto, werkzeug, shapely, requests, python-dateutil, pyproj, pymongo, pydantic, pyarrow, psycopg, proto-plus, progressbar2, packaging, openpyxl, numexpr, munch, jsonpath-ng, jinja2, isodate, h2, googleapis-common-protos, google-resumable-media, google-auth, cligj, click-plugins, cffi, beautifulsoup4, aiosignal, toucan-client, requests-aws4auth, pytest, pg8000, pandas, opensearch-py, hypercorn, grpcio-status, google-api-core, fiona, cryptography, botocore, aiohttp, s3transfer, quart, pytest-xdist, pyOpenSSL, gremlinpython, google-cloud-core, geopandas, engarde, db-dtypes, Authlib, weaverbird, toucan-data-sdk, snowflake-connector-python, Quart-CORS, google-cloud-bigquery-storage, google-cloud-bigquery, boto3, toucan-connectors, redshift-connector, awswrangler\nSuccessfully installed Authlib-1.2.0 PyJWT-2.6.0 PyPika-0.48.9 Quart-CORS-0.5.0 aenum-3.1.11 aiofiles-22.1.0 aiohttp-3.8.1 aiosignal-1.3.1 asn1crypto-1.5.1 async-timeout-4.0.2 attrs-22.2.0 awswrangler-2.18.0 backoff-2.2.1 beautifulsoup4-4.11.1 blinker-1.5 boto3-1.26.41 botocore-1.29.41 cached-property-1.5.2 cachetools-5.2.0 certifi-2022.12.7 cffi-1.15.1 charset-normalizer-2.1.1 click-8.1.3 click-plugins-1.1.1 cligj-0.7.2 cryptography-38.0.4 db-dtypes-1.0.5 decorator-5.1.1 dnspython-2.2.1 engarde-0.4.0 et-xmlfile-1.1.0 exceptiongroup-1.1.0 execnet-1.9.0 filelock-3.9.0 fiona-1.8.22 frozenlist-1.3.3 geopandas-0.12.2 google-api-core-2.11.0 google-auth-2.15.0 google-cloud-bigquery-3.4.1 google-cloud-bigquery-storage-2.17.0 google-cloud-core-2.3.2 google-crc32c-1.5.0 google-resumable-media-2.4.0 googleapis-common-protos-1.57.0 gremlinpython-3.6.1 grpcio-1.51.1 grpcio-status-1.51.1 h11-0.14.0 h2-4.1.0 hpack-4.0.0 hypercorn-0.14.3 hyperframe-6.0.1 idna-3.4 iniconfig-1.1.1 isodate-0.6.1 itsdangerous-2.1.2 jinja2-3.1.2 jmespath-1.0.1 joblib-0.17.0 jq-1.3.0 jsonpath-ng-1.5.3 lxml-4.9.2 markupsafe-2.1.1 multidict-6.0.4 munch-2.5.0 nest-asyncio-1.5.6 numexpr-2.8.4 numpy-1.23.3 openpyxl-3.0.10 opensearch-py-2.0.1 oscrypto-1.3.0 packaging-21.3 pandas-1.5.1 pg8000-1.29.4 pluggy-1.0.0 ply-3.11 priority-2.0.0 progressbar2-4.2.0 proto-plus-1.22.1 protobuf-4.21.12 psycopg-3.1.7 pyOpenSSL-22.1.0 pyarrow-8.0.0 pyasn1-0.4.8 pyasn1-modules-0.2.8 pycparser-2.21 pycryptodomex-3.16.0 pydantic-1.10.4 pymongo-4.3.3 pymysql-1.0.2 pyparsing-3.0.9 pyproj-3.4.1 pytest-7.2.0 pytest-xdist-3.1.0 python-dateutil-2.8.2 python-slugify-5.0.2 python-utils-3.4.5 pytz-2022.7 quart-0.18.3 redshift-connector-2.0.909 requests-2.28.1 requests-aws4auth-1.1.2 rsa-4.9 s3transfer-0.6.0 scramp-1.4.4 shapely-2.0.0 six-1.16.0 snowflake-connector-python-2.9.0 soupsieve-2.3.2.post1 tabulate-0.8.10 tenacity-8.1.0 text-unidecode-1.3 toml-0.10.2 tomli-2.0.1 toucan-client-1.1.2 toucan-connectors-4.1.1 toucan-data-sdk-7.5.0 typing_extensions-4.4.0 urllib3-1.26.13 weaverbird-0.27.5 werkzeug-2.2.2 wsproto-1.2.0 yarl-1.8.2\n\u001b[91mWARNING: Running pip as the 'root' user can result in broken permissions and conflicting behaviour with the system package manager. It is recommended to use a virtual environment instead: https://pip.pypa.io/warnings/venv\n\u001b[0mRemoving intermediate container ff1cd7b77490\n ---> bda56ca4dc24\nStep 12/15 : COPY --from=ui-builder /weaverbird/playground/dist/* /weaverbird/server/static/\n ---> 6c6578fa0064\nStep 13/15 : COPY ./playground/datastore /weaverbird/playground/datastore\n ---> 3a74fd2e078b\nStep 14/15 : CMD hypercorn --bind 0.0.0.0:5000 playground:app\n ---> Running in 718d58fa1f8b\nRemoving intermediate container 718d58fa1f8b\n ---> 2bd712cd9734\nStep 15/15 : EXPOSE 5000\n ---> Running in 7d2e4f25ae5f\nRemoving intermediate container 7d2e4f25ae5f\n ---> 12e475640b6c\nSuccessfully built 12e475640b6c\nSuccessfully tagged weaverbird:latest\n","stderr":"","imageSize":1715630473},"repair":{"violations":[{"name":"pipUseNoCacheDir","position":{"start":28,"end":28,"columnStart":4,"columnEnd":34}}],"repairedDockerfile":"# This container can build and run weaverbird's front-end and the pandas back-end.\n#\n# Usage:\n# $ docker build -t weaverbird-playground .\n# $ docker run -p 5000:5000 --rm -d weaverbird-playground\n# and then access http://localhost:5000/?backend=pandas\n\nFROM node:18 AS ui-builder\n\nWORKDIR /weaverbird/ui\n\n# Install npm dependencies\nCOPY ui/package.json ui/yarn.lock /weaverbird/ui/\nRUN yarn\n\n# Build UI\nCOPY ui /weaverbird/ui\nCOPY playground/dist /weaverbird/playground/dist\nRUN yarn build\n\n\nFROM python:3.10 as server\n\nWORKDIR /weaverbird/server\n\nCOPY server /weaverbird/server\n\n# Install pypi dependencies for the playground\nRUN pip install --no-cache-dir -e \".[playground]\"\n\n# Copy UI files\nCOPY --from=ui-builder /weaverbird/playground/dist/* /weaverbird/server/static/\n\n# Copy sample datasets\nCOPY ./playground/datastore /weaverbird/playground/datastore\n\nCMD hypercorn --bind 0.0.0.0:5000 playground:app\nEXPOSE 5000\n"},"repairedBuild":{"startTimestamp":1672564790610,"endTimestamp":1672565160772,"error":null,"stdout":"Sending build context to Docker daemon  7.055MB\r\r\nStep 1/15 : FROM node:18 AS ui-builder\n ---> 7b2a09676e2c\nStep 2/15 : WORKDIR /weaverbird/ui\n ---> Running in a872002e6125\nRemoving intermediate container a872002e6125\n ---> d9a7d432433d\nStep 3/15 : COPY ui/package.json ui/yarn.lock /weaverbird/ui/\n ---> 7b66dc673da6\nStep 4/15 : RUN yarn\n ---> Running in a5c2bb06d293\nyarn install v1.22.19\n[1/4] Resolving packages...\n[2/4] Fetching packages...\n[3/4] Linking dependencies...\n\u001b[91mwarning \" > @storybook/addon-essentials@6.5.14\" has unmet peer dependency \"@babel/core@^7.9.6\".\n\u001b[0m\u001b[91mwarning \"@storybook/addon-essentials > @storybook/addons@6.5.14\" has unmet peer dependency \"react@^16.8.0 || ^17.0.0 || ^18.0.0\".\nwarning \"@storybook/addon-essentials > @storybook/addons@6.5.14\" has unmet peer dependency \"react-dom@^16.8.0 || ^17.0.0 || ^18.0.0\".\n\u001b[0m\u001b[91mwarning \"@storybook/addon-essentials > @storybook/api@6.5.14\" has unmet peer dependency \"react@^16.8.0 || ^17.0.0 || ^18.0.0\".\nwarning \"@storybook/addon-essentials > @storybook/api@6.5.14\" has unmet peer dependency \"react-dom@^16.8.0 || ^17.0.0 || ^18.0.0\".\n\u001b[0m\u001b[91mwarning \"@storybook/addon-essentials > @storybook/core-common@6.5.14\" has unmet peer dependency \"react@^16.8.0 || ^17.0.0 || ^18.0.0\".\nwarning \"@storybook/addon-essentials > @storybook/core-common@6.5.14\" has unmet peer dependency \"react-dom@^16.8.0 || ^17.0.0 || ^18.0.0\".\n\u001b[0m\u001b[91mwarning \"@storybook/addon-essentials > @storybook/addon-actions > @storybook/components@6.5.14\" has unmet peer dependency \"react@^16.8.0 || ^17.0.0 || ^18.0.0\".\nwarning \"@storybook/addon-essentials > @storybook/addon-actions > @storybook/components@6.5.14\" has unmet peer dependency \"react-dom@^16.8.0 || ^17.0.0 || ^18.0.0\".\n\u001b[0m\u001b[91mwarning \"@storybook/addon-essentials > @storybook/addon-actions > @storybook/theming@6.5.14\" has unmet peer dependency \"react@^16.8.0 || ^17.0.0 || ^18.0.0\".\n\u001b[0m\u001b[91mwarning \"@storybook/addon-essentials > @storybook/addon-actions > @storybook/theming@6.5.14\" has unmet peer dependency \"react-dom@^16.8.0 || ^17.0.0 || ^18.0.0\".\n\u001b[0m\u001b[91mwarning \"@storybook/addon-essentials > @storybook/addon-actions > react-inspector@5.1.1\" has unmet peer dependency \"react@^16.8.4 || ^17.0.0\".\n\u001b[0m\u001b[91mwarning \"@storybook/addon-essentials > @storybook/addon-docs > @babel/plugin-transform-react-jsx@7.19.0\" has unmet peer dependency \"@babel/core@^7.0.0-0\".\nwarning \"@storybook/addon-essentials > @storybook/addon-docs > @babel/preset-env@7.20.2\" has unmet peer dependency \"@babel/core@^7.0.0-0\".\nwarning \"@storybook/addon-essentials > @storybook/addon-docs > @mdx-js/react@1.6.22\" has unmet peer dependency \"react@^16.13.1 || ^17.0.0\".\nwarning \"@storybook/addon-essentials > @storybook/addon-docs > @storybook/preview-web@6.5.14\" has unmet peer dependency \"react@^16.8.0 || ^17.0.0 || ^18.0.0\".\n\u001b[0m\u001b[91mwarning \"@storybook/addon-essentials > @storybook/addon-docs > @storybook/preview-web@6.5.14\" has unmet peer dependency \"react-dom@^16.8.0 || ^17.0.0 || ^18.0.0\".\nwarning \"@storybook/builder-vite > @storybook/source-loader@6.5.14\" has unmet peer dependency \"react@^16.8.0 || ^17.0.0 || ^18.0.0\".\nwarning \"@storybook/builder-vite > @storybook/source-loader@6.5.14\" has unmet peer dependency \"react-dom@^16.8.0 || ^17.0.0 || ^18.0.0\".\n\u001b[0m\u001b[91mwarning \"@storybook/addon-essentials > @storybook/addon-docs > babel-loader@8.3.0\" has unmet peer dependency \"@babel/core@^7.0.0\".\n\u001b[0m\u001b[91mwarning \"@storybook/addon-essentials > @storybook/addon-docs > babel-loader@8.3.0\" has unmet peer dependency \"webpack@>=2\".\n\u001b[0m\u001b[91mwarning \"@storybook/addon-essentials > @storybook/addons > @storybook/router@6.5.14\" has unmet peer dependency \"react@^16.8.0 || ^17.0.0 || ^18.0.0\".\nwarning \"@storybook/addon-essentials > @storybook/addons > @storybook/router@6.5.14\" has unmet peer dependency \"react-dom@^16.8.0 || ^17.0.0 || ^18.0.0\".\n\u001b[0m\u001b[91mwarning \"@storybook/addon-essentials > @storybook/addon-docs > @babel/plugin-transform-react-jsx > @babel/plugin-syntax-jsx@7.18.6\" has unmet peer dependency \"@babel/core@^7.0.0-0\".\nwarning \"@storybook/addon-essentials > @storybook/addon-docs > @babel/preset-env > @babel/helper-compilation-targets@7.20.0\" has unmet peer dependency \"@babel/core@^7.0.0\".\n\u001b[0m\u001b[91mwarning \"@storybook/addon-essentials > @storybook/addon-docs > @babel/preset-env > @babel/plugin-bugfix-safari-id-destructuring-collision-in-function-expression@7.18.6\" has unmet peer dependency \"@babel/core@^7.0.0\".\n\u001b[0m\u001b[91mwarning \"@storybook/addon-essentials > @storybook/addon-docs > @babel/preset-env > @babel/plugin-bugfix-v8-spread-parameters-in-optional-chaining@7.18.9\" has unmet peer dependency \"@babel/core@^7.13.0\".\n\u001b[0m\u001b[91mwarning \"@storybook/addon-essentials > @storybook/addon-docs > @babel/preset-env > @babel/plugin-proposal-async-generator-functions@7.20.1\" has unmet peer dependency \"@babel/core@^7.0.0-0\".\n\u001b[0m\u001b[91mwarning \"@storybook/addon-essentials > @storybook/addon-docs > @babel/preset-env > @babel/plugin-proposal-class-static-block@7.18.6\" has unmet peer dependency \"@babel/core@^7.12.0\".\n\u001b[0m\u001b[91mwarning \"@storybook/addon-essentials > @storybook/addon-docs > @babel/preset-env > @babel/plugin-proposal-dynamic-import@7.18.6\" has unmet peer dependency \"@babel/core@^7.0.0-0\".\nwarning \"@storybook/addon-essentials > @storybook/addon-docs > @babel/preset-env > @babel/plugin-proposal-export-namespace-from@7.18.9\" has unmet peer dependency \"@babel/core@^7.0.0-0\".\n\u001b[0m\u001b[91mwarning \"@storybook/addon-essentials > @storybook/addon-docs > @babel/preset-env > @babel/plugin-proposal-json-strings@7.18.6\" has unmet peer dependency \"@babel/core@^7.0.0-0\".\n\u001b[0m\u001b[91mwarning \"@storybook/addon-essentials > @storybook/addon-docs > @babel/preset-env > @babel/plugin-proposal-logical-assignment-operators@7.18.9\" has unmet peer dependency \"@babel/core@^7.0.0-0\".\n\u001b[0m\u001b[91mwarning \"@storybook/addon-essentials > @storybook/addon-docs > @babel/preset-env > @babel/plugin-proposal-numeric-separator@7.18.6\" has unmet peer dependency \"@babel/core@^7.0.0-0\".\n\u001b[0m\u001b[91mwarning \"@storybook/addon-essentials > @storybook/addon-docs > @babel/preset-env > @babel/plugin-proposal-optional-catch-binding@7.18.6\" has unmet peer dependency \"@babel/core@^7.0.0-0\".\n\u001b[0m\u001b[91mwarning \"@storybook/addon-essentials > @storybook/addon-docs > @babel/preset-env > @babel/plugin-proposal-unicode-property-regex@7.18.6\" has unmet peer dependency \"@babel/core@^7.0.0-0\".\n\u001b[0m\u001b[91mwarning \"@storybook/addon-essentials > @storybook/addon-docs > @babel/preset-env > @babel/plugin-syntax-async-generators@7.8.4\" has unmet peer dependency \"@babel/core@^7.0.0-0\".\nwarning \"@storybook/addon-essentials > @storybook/addon-docs > @babel/preset-env > @babel/plugin-syntax-class-properties@7.12.13\" has unmet peer dependency \"@babel/core@^7.0.0-0\".\n\u001b[0m\u001b[91mwarning \"@storybook/addon-essentials > @storybook/addon-docs > @babel/preset-env > @babel/plugin-syntax-class-static-block@7.14.5\" has unmet peer dependency \"@babel/core@^7.0.0-0\".\nwarning \"@storybook/addon-essentials > @storybook/addon-docs > @babel/preset-env > @babel/plugin-syntax-export-namespace-from@7.8.3\" has unmet peer dependency \"@babel/core@^7.0.0-0\".\n\u001b[0m\u001b[91mwarning \"@storybook/addon-essentials > @storybook/addon-docs > @babel/preset-env > @babel/plugin-syntax-import-assertions@7.20.0\" has unmet peer dependency \"@babel/core@^7.0.0-0\".\nwarning \"@storybook/addon-essentials > @storybook/addon-docs > @babel/preset-env > @babel/plugin-syntax-json-strings@7.8.3\" has unmet peer dependency \"@babel/core@^7.0.0-0\".\n\u001b[0m\u001b[91mwarning \"@storybook/addon-essentials > @storybook/addon-docs > @babel/preset-env > @babel/plugin-syntax-logical-assignment-operators@7.10.4\" has unmet peer dependency \"@babel/core@^7.0.0-0\".\nwarning \"@storybook/addon-essentials > @storybook/addon-docs > @babel/preset-env > @babel/plugin-syntax-nullish-coalescing-operator@7.8.3\" has unmet peer dependency \"@babel/core@^7.0.0-0\".\n\u001b[0m\u001b[91mwarning \"@storybook/addon-essentials > @storybook/addon-docs > @babel/preset-env > @babel/plugin-syntax-numeric-separator@7.10.4\" has unmet peer dependency \"@babel/core@^7.0.0-0\".\n\u001b[0m\u001b[91mwarning \"@storybook/addon-essentials > @storybook/addon-docs > @babel/preset-env > @babel/plugin-syntax-object-rest-spread@7.8.3\" has unmet peer dependency \"@babel/core@^7.0.0-0\".\n\u001b[0m\u001b[91mwarning \"@storybook/addon-essentials > @storybook/addon-docs > @babel/preset-env > @babel/plugin-syntax-optional-catch-binding@7.8.3\" has unmet peer dependency \"@babel/core@^7.0.0-0\".\n\u001b[0m\u001b[91mwarning \"@storybook/addon-essentials > @storybook/addon-docs > @babel/preset-env > @babel/plugin-syntax-optional-chaining@7.8.3\" has unmet peer dependency \"@babel/core@^7.0.0-0\".\n\u001b[0m\u001b[91mwarning \"@storybook/addon-essentials > @storybook/addon-docs > @babel/preset-env > @babel/plugin-syntax-private-property-in-object@7.14.5\" has unmet peer dependency \"@babel/core@^7.0.0-0\".\n\u001b[0m\u001b[91mwarning \"@storybook/addon-essentials > @storybook/addon-docs > @babel/preset-env > @babel/plugin-syntax-top-level-await@7.14.5\" has unmet peer dependency \"@babel/core@^7.0.0-0\".\n\u001b[0m\u001b[91mwarning \"@storybook/addon-essentials > @storybook/addon-docs > @babel/preset-env > @babel/plugin-transform-async-to-generator@7.18.6\" has unmet peer dependency \"@babel/core@^7.0.0-0\".\nwarning \"@storybook/addon-essentials > @storybook/addon-docs > @babel/preset-env > @babel/plugin-transform-block-scoped-functions@7.18.6\" has unmet peer dependency \"@babel/core@^7.0.0-0\".\n\u001b[0m\u001b[91mwarning \"@storybook/addon-essentials > @storybook/addon-docs > @babel/preset-env > @babel/plugin-transform-computed-properties@7.18.9\" has unmet peer dependency \"@babel/core@^7.0.0-0\".\n\u001b[0m\u001b[91mwarning \"@storybook/addon-essentials > @storybook/addon-docs > @babel/preset-env > @babel/plugin-transform-dotall-regex@7.18.6\" has unmet peer dependency \"@babel/core@^7.0.0-0\".\n\u001b[0m\u001b[91mwarning \"@storybook/addon-essentials > @storybook/addon-docs > @babel/preset-env > @babel/plugin-transform-duplicate-keys@7.18.9\" has unmet peer dependency \"@babel/core@^7.0.0-0\".\n\u001b[0m\u001b[91mwarning \"@storybook/addon-essentials > @storybook/addon-docs > @babel/preset-env > @babel/plugin-transform-exponentiation-operator@7.18.6\" has unmet peer dependency \"@babel/core@^7.0.0-0\".\nwarning \"@storybook/addon-essentials > @storybook/addon-docs > @babel/preset-env > @babel/plugin-transform-function-name@7.18.9\" has unmet peer dependency \"@babel/core@^7.0.0-0\".\n\u001b[0m\u001b[91mwarning \"@storybook/addon-essentials > @storybook/addon-docs > @babel/preset-env > @babel/plugin-transform-literals@7.18.9\" has unmet peer dependency \"@babel/core@^7.0.0-0\".\n\u001b[0m\u001b[91mwarning \"@storybook/addon-essentials > @storybook/addon-docs > @babel/preset-env > @babel/plugin-transform-member-expression-literals@7.18.6\" has unmet peer dependency \"@babel/core@^7.0.0-0\".\n\u001b[0m\u001b[91mwarning \"@storybook/addon-essentials > @storybook/addon-docs > @babel/preset-env > @babel/plugin-transform-modules-amd@7.19.6\" has unmet peer dependency \"@babel/core@^7.0.0-0\".\n\u001b[0m\u001b[91mwarning \"@storybook/addon-essentials > @storybook/addon-docs > @babel/preset-env > @babel/plugin-transform-modules-commonjs@7.19.6\" has unmet peer dependency \"@babel/core@^7.0.0-0\".\n\u001b[0m\u001b[91mwarning \"@storybook/addon-essentials > @storybook/addon-docs > @babel/preset-env > @babel/plugin-transform-modules-systemjs@7.19.6\" has unmet peer dependency \"@babel/core@^7.0.0-0\".\nwarning \"@storybook/addon-essentials > @storybook/addon-docs > @babel/preset-env > @babel/plugin-transform-modules-umd@7.18.6\" has unmet peer dependency \"@babel/core@^7.0.0-0\".\nwarning \"@storybook/addon-essentials > @storybook/addon-docs > @babel/preset-env > @babel/plugin-transform-named-capturing-groups-regex@7.20.5\" has unmet peer dependency \"@babel/core@^7.0.0\".\n\u001b[0m\u001b[91mwarning \"@storybook/addon-essentials > @storybook/addon-docs > @babel/preset-env > @babel/plugin-transform-new-target@7.18.6\" has unmet peer dependency \"@babel/core@^7.0.0-0\".\n\u001b[0m\u001b[91mwarning \"@storybook/addon-essentials > @storybook/addon-docs > @babel/preset-env > @babel/plugin-transform-object-super@7.18.6\" has unmet peer dependency \"@babel/core@^7.0.0-0\".\n\u001b[0m\u001b[91mwarning \"@storybook/addon-essentials > @storybook/addon-docs > @babel/preset-env > @babel/plugin-transform-property-literals@7.18.6\" has unmet peer dependency \"@babel/core@^7.0.0-0\".\n\u001b[0m\u001b[91mwarning \"@storybook/addon-essentials > @storybook/addon-docs > @babel/preset-env > @babel/plugin-transform-regenerator@7.20.5\" has unmet peer dependency \"@babel/core@^7.0.0-0\".\n\u001b[0m\u001b[91mwarning \"@storybook/addon-essentials > @storybook/addon-docs > @babel/preset-env > @babel/plugin-transform-reserved-words@7.18.6\" has unmet peer dependency \"@babel/core@^7.0.0-0\".\nwarning \"@storybook/addon-essentials > @storybook/addon-docs > @babel/preset-env > @babel/plugin-transform-sticky-regex@7.18.6\" has unmet peer dependency \"@babel/core@^7.0.0-0\".\n\u001b[0m\u001b[91mwarning \"@storybook/addon-essentials > @storybook/addon-docs > @babel/preset-env > @babel/plugin-transform-template-literals@7.18.9\" has unmet peer dependency \"@babel/core@^7.0.0-0\".\nwarning \"@storybook/addon-essentials > @storybook/addon-docs > @babel/preset-env > @babel/plugin-transform-typeof-symbol@7.18.9\" has unmet peer dependency \"@babel/core@^7.0.0-0\".\n\u001b[0m\u001b[91mwarning \"@storybook/addon-essentials > @storybook/addon-docs > @babel/preset-env > @babel/plugin-transform-unicode-escapes@7.18.10\" has unmet peer dependency \"@babel/core@^7.0.0-0\".\n\u001b[0m\u001b[91mwarning \"@storybook/addon-essentials > @storybook/addon-docs > @babel/preset-env > @babel/plugin-transform-unicode-regex@7.18.6\" has unmet peer dependency \"@babel/core@^7.0.0-0\".\n\u001b[0m\u001b[91mwarning \"@storybook/addon-essentials > @storybook/addon-docs > @babel/preset-env > @babel/preset-modules@0.1.5\" has unmet peer dependency \"@babel/core@^7.0.0-0\".\n\u001b[0m\u001b[91mwarning \"@storybook/addon-essentials > @storybook/addon-docs > @babel/preset-env > babel-plugin-polyfill-corejs2@0.3.3\" has unmet peer dependency \"@babel/core@^7.0.0-0\".\n\u001b[0m\u001b[91mwarning \"@storybook/addon-essentials > @storybook/addon-docs > @babel/preset-env > babel-plugin-polyfill-corejs3@0.6.0\" has unmet peer dependency \"@babel/core@^7.0.0-0\".\n\u001b[0m\u001b[91mwarning \"@storybook/addon-essentials > @storybook/addon-docs > @babel/preset-env > babel-plugin-polyfill-regenerator@0.4.1\" has unmet peer dependency \"@babel/core@^7.0.0-0\".\n\u001b[0m\u001b[91mwarning \"@storybook/addon-essentials > @storybook/addon-docs > @babel/preset-env > @babel/plugin-proposal-async-generator-functions > @babel/helper-remap-async-to-generator@7.18.9\" has unmet peer dependency \"@babel/core@^7.0.0\".\nwarning \"@storybook/addon-essentials > @storybook/addon-docs > @babel/preset-env > @babel/plugin-proposal-unicode-property-regex > @babel/helper-create-regexp-features-plugin@7.20.5\" has unmet peer dependency \"@babel/core@^7.0.0\".\nwarning \"@storybook/addon-essentials > @storybook/addon-docs > @babel/preset-env > babel-plugin-polyfill-corejs2 > @babel/helper-define-polyfill-provider@0.3.3\" has unmet peer dependency \"@babel/core@^7.4.0-0\".\n\u001b[0m\u001b[91mwarning \" > @storybook/vue@6.5.14\" has unmet peer dependency \"@babel/core@*\".\nwarning \" > @storybook/vue@6.5.14\" has unmet peer dependency \"babel-loader@^7.0.0 || ^8.0.0\".\n\u001b[0m\u001b[91mwarning \" > @storybook/vue@6.5.14\" has unmet peer dependency \"css-loader@*\".\n\u001b[0m\u001b[91mwarning \"@storybook/vue > vue-docgen-loader > jscodeshift@0.13.1\" has unmet peer dependency \"@babel/preset-env@^7.1.6\".\n\u001b[0m\u001b[91mwarning \" > eslint-config-import@0.13.0\" has incorrect peer dependency \"eslint-plugin-import@0.13.x\".\n\u001b[0m\u001b[91mwarning \" > sass-loader@10.4.1\" has unmet peer dependency \"webpack@^4.36.0 || ^5.0.0\".\n\u001b[0m\u001b[91mwarning \" > vue-loader@15.10.1\" has unmet peer dependency \"css-loader@*\".\nwarning \" > vue-loader@15.10.1\" has unmet peer dependency \"webpack@^3.0.0 || ^4.1.0 || ^5.0.0-0\".\n\u001b[0m\u001b[91mwarning \" > v-calendar@2.4.1\" has unmet peer dependency \"@popperjs/core@^2.4.0\".\n\u001b[0m[4/4] Building fresh packages...\nDone in 73.52s.\nRemoving intermediate container a5c2bb06d293\n ---> db4ceb9d6926\nStep 5/15 : COPY ui /weaverbird/ui\n ---> f01e417dd845\nStep 6/15 : COPY playground/dist /weaverbird/playground/dist\n ---> fd30e0f67b3d\nStep 7/15 : RUN yarn build\n ---> Running in 4afc4b78fb0f\nyarn run v1.22.19\n$ yarn run build-bundle && yarn run build-types\n$ vite build\nvite v3.2.4 building for production...\ntransforming...\n\u001b[91mDEPRECATION WARNING\u001b[0m\u001b[91m: Using / for division outside of calc() is deprecated and will be removed in Dart Sass 2.0.0.\n\nRecommendation: math.div($conditions-group-top-margin, 2) or calc($conditions-group-top-margin / 2)\n\nMore info and automated migrator: https://sass-lang.com/d/slash-div\n\n    ╷\n191 │   $link-width: $conditions-group-top-margin / 2 + 2 * $conditions-group-border-width +\n    │                ^^^^^^^^^^^^^^^^^^^^^^^^^^^^^^^^\n    ╵\n\u001b[0m\u001b[91m    src/components/ConditionsEditor/ConditionsGroup.vue 191:16  root stylesheet\n\n\u001b[0m\u001b[91mDEPRECATION WARNING\u001b[0m\u001b[91m: Using / for division outside of calc() is deprecated and will be removed in Dart Sass 2.0.0.\n\nRecommendation: math.div($conditions-group-left-padding, 2) or calc($conditions-group-left-padding / 2)\n\nMore info and automated migrator: https://sass-lang.com/d/slash-div\n\n    ╷\n192 │     $conditions-group-left-padding / 2;\n    │     ^^^^^^^^^^^^^^^^^^^^^^^^^^^^^^^^^^\n    ╵\n\u001b[0m\u001b[91m    src/components/ConditionsEditor/ConditionsGroup.vue 192:5  root stylesheet\n\n\u001b[0m\u001b[91mDEPRECATION WARNING\u001b[0m\u001b[91m: Using / for division outside of calc() is deprecated and will be removed in Dart Sass 2.0.0.\n\nRecommendation: math.div(-$conditions-group-top-margin, 2) or calc(-$conditions-group-top-margin / 2)\n\nMore info and automated migrator: https://sass-lang.com/d/slash-div\n\n    ╷\n199 │   left: -$conditions-group-top-margin / 2 - $conditions-group-border-width;\n    │         ^^^^^^^^^^^^^^^^^^^^^^^^^^^^^^^^^\n    ╵\n\u001b[0m\u001b[91m    src/components/ConditionsEditor/ConditionsGroup.vue 199:9  root stylesheet\n\n\u001b[0m\u001b[91mNon-existent export 'CustomDateRange' is imported from src/lib/dates.ts\n\u001b[0m\u001b[91mNon-existent export 'DateRange' is imported from src/lib/dates.ts\n\u001b[0m\u001b[91mNon-existent export 'LocaleIdentifier' is imported from src/lib/internationalization.ts\n\u001b[0m\u001b[91mNon-existent export 'AvailableVariable' is imported from src/lib/variables.ts\n\u001b[0m\u001b[91mNon-existent export 'VariableDelimiters' is imported from src/lib/variables.ts\n\u001b[0m\u001b[91mNon-existent export 'VariablesBucket' is imported from src/lib/variables.ts\n\u001b[0m✓ 2034 modules transformed.\nrendering chunks...\ndist/style.css       87.77 KiB / gzip: 13.37 KiB\ndist/weaverbird.js   2476.08 KiB / gzip: 557.62 KiB\ndist/weaverbird.umd.cjs   1764.26 KiB / gzip: 494.56 KiB\n$ . ./build-types.sh\nsrc/components/stepforms/RenameStepForm.vue(5,18): error TS2683: 'this' implicitly has type 'any' because it does not have a type annotation.\nsrc/components/stepforms/widgets/DefaultCodeEditor.vue(6,28): error TS18047: '$event.target' is possibly 'null'.\nsrc/components/stepforms/widgets/DefaultCodeEditor.vue(6,42): error TS2339: Property 'value' does not exist on type 'EventTarget'.\nsrc/components/PipelineSelector.vue(4,71): error TS18047: '$event.target' is possibly 'null'.\nsrc/components/PipelineSelector.vue(4,85): error TS2339: Property 'value' does not exist on type 'EventTarget'.\nsrc/components/ActionToolbarButton.vue(3,53): error TS2339: Property 'icon' does not exist on type 'ActionToolbarButton'.\nsrc/components/DataViewer.vue(4,26): error TS2339: Property 'dataset' does not exist on type 'boolean'.\nsrc/components/stepforms/widgets/InputText.vue(4,34): error TS18048: '__VLS_ctx.$refs.input' is possibly 'undefined'.\nsrc/components/stepforms/widgets/InputNumber.vue(4,34): error TS18048: '__VLS_ctx.$refs.input' is possibly 'undefined'.\nsrc/components/stepforms/widgets/InputText.vue(4,46): error TS2339: Property 'focus' does not exist on type 'Element | Vue<Record<string, any>, Record<string, any>, never, never, (event: string, ...args: any[]) => Vue<Record<string, any>, Record<string, any>, never, never, ...>> | (Element | Vue<...>)[]'.\n  Property 'focus' does not exist on type 'Element'.\nsrc/components/stepforms/widgets/InputNumber.vue(4,46): error TS2339: Property 'focus' does not exist on type 'Element | Vue<Record<string, any>, Record<string, any>, never, never, (event: string, ...args: any[]) => Vue<Record<string, any>, Record<string, any>, never, never, ...>> | (Element | Vue<...>)[]'.\n  Property 'focus' does not exist on type 'Element'.\nsrc/components/ActionToolbarButton.vue(4,46): error TS2339: Property 'label' does not exist on type 'ActionToolbarButton'.\nsrc/components/stepforms/StepFormButtonbar.vue(7,24): error TS2339: Property 'submit' does not exist on type 'never'.\nsrc/components/Popover.vue(9,5): error TS2322: Type 'ElementPosition' is not assignable to type 'StyleValue | undefined'.\n  Type 'ElementPosition' is not assignable to type 'CSSProperties'.\n    Index signature for type '`--${string}`' is missing in type 'ElementPosition'.\nsrc/components/ConditionsEditor/ConditionsEditor.vue(14,47): error TS18047: '$event.target' is possibly 'null'.\nsrc/components/ConditionsEditor/ConditionsEditor.vue(14,61): error TS2339: Property 'value' does not exist on type 'EventTarget'.\nsrc/components/stepforms/widgets/FormWidget.vue(22,40): error TS2339: Property 'dataPath' does not exist on type 'ErrorObject<string, Record<string, any>, unknown>'.\nsrc/components/stepforms/widgets/InputDate.vue(22,29): error TS18047: '$event.target' is possibly 'null'.\nsrc/components/stepforms/widgets/InputText.vue(23,29): error TS18047: '$event.target' is possibly 'null'.\nsrc/components/stepforms/widgets/InputDate.vue(22,43): error TS2339: Property 'value' does not exist on type 'EventTarget'.\nsrc/components/stepforms/widgets/InputText.vue(23,43): error TS2339: Property 'value' does not exist on type 'EventTarget'.\nsrc/components/stepforms/widgets/InputNumber.vue(26,29): error TS18047: '$event.target' is possibly 'null'.\nsrc/components/stepforms/widgets/InputNumber.vue(26,43): error TS2339: Property 'value' does not exist on type 'EventTarget'.\nsrc/components/stepforms/FromDateStepForm.vue(35,32): error TS2532: Object is possibly 'undefined'.\nsrc/components/stepforms/widgets/Autocomplete.vue(28,42): error TS2551: Property 'props' does not exist on type 'AutocompleteWidget'. Did you mean '$props'?\nsrc/components/ListUniqueValues.vue(23,28): error TS2339: Property 'uniqueValues' does not exist on type 'boolean'.\nsrc/components/stepforms/ToDateStepForm.vue(37,32): error TS2532: Object is possibly 'undefined'.\nsrc/components/stepforms/FromDateStepForm.vue(38,16): error TS2532: Object is possibly 'undefined'.\nsrc/components/ListUniqueValues.vue(24,40): error TS2339: Property 'uniqueValues' does not exist on type 'boolean'.\nsrc/components/stepforms/AddTotalRowsStepForm.vue(37,44): error TS18048: '__VLS_ctx.editedStep.groups' is possibly 'undefined'.\nsrc/components/stepforms/StatisticsStepForm.vue(30,38): error TS2345: Argument of type 'string' is not assignable to parameter of type 'Statistics'.\nsrc/components/stepforms/AddTotalRowsStepForm.vue(37,62): error TS18048: '__VLS_ctx.editedStep.groups' is possibly 'undefined'.\nsrc/components/stepforms/widgets/MultiInputText.vue(32,30): error TS2551: Property 'option' does not exist on type 'MultiInputTextWidget'. Did you mean 'options'?\nsrc/components/stepforms/widgets/Autocomplete.vue(31,50): error TS2551: Property 'props' does not exist on type 'AutocompleteWidget'. Did you mean '$props'?\nsrc/components/stepforms/StatisticsStepForm.vue(31,35): error TS2345: Argument of type 'string' is not assignable to parameter of type 'Statistics'.\nsrc/components/stepforms/ToDateStepForm.vue(40,16): error TS2532: Object is possibly 'undefined'.\nsrc/components/stepforms/widgets/Autocomplete.vue(32,43): error TS2551: Property 'props' does not exist on type 'AutocompleteWidget'. Did you mean '$props'?\nsrc/components/stepforms/widgets/Multiselect.vue(29,50): error TS2551: Property 'props' does not exist on type 'MultiselectWidget'. Did you mean '$props'?\nsrc/components/stepforms/MovingAverageStepForm.vue(38,16): error TS2339: Property 'movingWindow' does not exist on type 'MovingAverageStepForm'.\nsrc/components/stepforms/widgets/MultiInputText.vue(35,21): error TS2551: Property 'option' does not exist on type 'MultiInputTextWidget'. Did you mean 'options'?\nsrc/components/stepforms/widgets/Autocomplete.vue(33,45): error TS2551: Property 'props' does not exist on type 'AutocompleteWidget'. Did you mean '$props'?\nsrc/components/stepforms/widgets/Multiselect.vue(30,55): error TS2551: Property 'props' does not exist on type 'MultiselectWidget'. Did you mean '$props'?\nsrc/components/stepforms/widgets/MultiInputText.vue(36,23): error TS2339: Property 'remove' does not exist on type 'MultiInputTextWidget'.\nsrc/components/stepforms/widgets/MultiInputText.vue(36,30): error TS2551: Property 'option' does not exist on type 'MultiInputTextWidget'. Did you mean 'options'?\nsrc/components/stepforms/widgets/Multiselect.vue(31,45): error TS2551: Property 'props' does not exist on type 'MultiselectWidget'. Did you mean '$props'?\nsrc/components/stepforms/CustomStepForm.vue(47,73): error TS2339: Property 'label' does not exist on type 'Function'.\nsrc/components/stepforms/widgets/MultiInputText.vue(40,27): error TS2551: Property 'option' does not exist on type 'MultiInputTextWidget'. Did you mean 'options'?\nsrc/components/stepforms/widgets/Multiselect.vue(37,30): error TS2551: Property 'option' does not exist on type 'MultiselectWidget'. Did you mean 'options'?\nsrc/components/stepforms/AppendStepForm.vue(60,53): error TS2339: Property 'label' does not exist on type 'object'.\nsrc/components/stepforms/widgets/MultiInputText.vue(44,40): error TS2339: Property 'remove' does not exist on type 'MultiInputTextWidget'.\nsrc/components/stepforms/widgets/MultiInputText.vue(44,47): error TS2551: Property 'option' does not exist on type 'MultiInputTextWidget'. Did you mean 'options'?\nsrc/components/stepforms/widgets/MultiInputText.vue(45,35): error TS2339: Property 'remove' does not exist on type 'MultiInputTextWidget'.\nsrc/components/stepforms/widgets/MultiInputText.vue(45,42): error TS2551: Property 'option' does not exist on type 'MultiInputTextWidget'. Did you mean 'options'?\nsrc/components/stepforms/widgets/Multiselect.vue(40,33): error TS2551: Property 'option' does not exist on type 'MultiselectWidget'. Did you mean 'options'?\nsrc/components/DataViewer.vue(42,49): error TS2345: Argument of type 'string' is not assignable to parameter of type 'DataSetColumnType'.\nsrc/components/stepforms/widgets/Multiselect.vue(41,23): error TS2339: Property 'remove' does not exist on type 'MultiselectWidget'.\nsrc/components/stepforms/widgets/Multiselect.vue(41,30): error TS2551: Property 'option' does not exist on type 'MultiselectWidget'. Did you mean 'options'?\nsrc/components/DataViewer.vue(42,82): error TS2345: Argument of type 'string' is not assignable to parameter of type 'DataSetColumnType'.\nsrc/components/stepforms/AppendStepForm.vue(67,9): error TS7053: Element implicitly has an 'any' type because expression of type '\"$isDisabled\"' can't be used to index type '{ label: string; trackBy: string; }'.\n  Property '$isDisabled' does not exist on type '{ label: string; trackBy: string; }'.\nsrc/components/ActionMenu.vue(50,20): error TS2367: This comparison appears to be unintentional because the types 'VisiblePanel' and '2' have no overlap.\nsrc/components/DataViewer.vue(43,52): error TS2345: Argument of type 'string' is not assignable to parameter of type 'DataSetColumnType'.\nsrc/components/stepforms/AppendStepForm.vue(68,9): error TS7053: Element implicitly has an 'any' type because expression of type '\"tooltip\"' can't be used to index type '{ label: string; trackBy: string; }'.\n  Property 'tooltip' does not exist on type '{ label: string; trackBy: string; }'.\nsrc/components/stepforms/FillnaStepForm.vue(67,13): error TS2729: Property 'initialStepValue' is used before its initialization.\nsrc/components/stepforms/StatisticsStepForm.vue(53,38): error TS2345: Argument of type 'string' is not assignable to parameter of type 'Statistics'.\nsrc/components/stepforms/widgets/Multiselect.vue(45,39): error TS2551: Property 'option' does not exist on type 'MultiselectWidget'. Did you mean 'options'?\nsrc/components/Popover.vue(67,61): error TS2345: Argument of type 'unknown' is not assignable to parameter of type 'Alignment'.\nsrc/components/stepforms/StatisticsStepForm.vue(54,35): error TS2345: Argument of type 'string' is not assignable to parameter of type 'Statistics'.\nsrc/components/stepforms/FillnaStepForm.vue(69,19): error TS2729: Property 'initialStepValue' is used before its initialization.\nsrc/components/stepforms/FillnaStepForm.vue(70,15): error TS2729: Property 'initialStepValue' is used before its initialization.\nsrc/components/stepforms/FillnaStepForm.vue(71,14): error TS2729: Property 'initialStepValue' is used before its initialization.\nsrc/components/stepforms/widgets/Multiselect.vue(49,40): error TS2339: Property 'remove' does not exist on type 'MultiselectWidget'.\nsrc/components/stepforms/widgets/Multiselect.vue(49,47): error TS2551: Property 'option' does not exist on type 'MultiselectWidget'. Did you mean 'options'?\nsrc/components/stepforms/RenameStepForm.vue(65,13): error TS2729: Property 'initialStepValue' is used before its initialization.\nsrc/components/stepforms/IfThenElseStepForm.vue(74,32): error TS2729: Property 'initialStepValue' is used before its initialization.\nsrc/components/stepforms/ComputeDurationStepForm.vue(68,3): error TS2769: No overload matches this call.\n  Overload 1 of 2, '(options: ComponentOptions<Vue<Record<string, any>, Record<string, any>, never, never, (event: string, ...args: any[]) => Vue<Record<string, any>, Record<string, any>, never, never, ...>>, ... 7 more ..., ComponentOptionsMixin> & ThisType<...>): <VC extends VueClass<...>>(target: VC) => VC', gave the following error.\n    Argument of type '{ vqbstep: string; name: string; components: { AutocompleteWidget: typeof AutocompleteWidget; ColumnPicker: typeof ColumnPicker; InputTextWidget: typeof InputTextWidget; }; }' is not assignable to parameter of type 'ComponentOptions<Vue<Record<string, any>, Record<string, any>, never, never, (event: string, ...args: any[]) => Vue<Record<string, any>, Record<string, any>, never, never, ...>>, ... 7 more ..., ComponentOptionsMixin> & ThisType<...>'.\n      Object literal may only specify known properties, and 'vqbstep' does not exist in type 'ComponentOptions<Vue<Record<string, any>, Record<string, any>, never, never, (event: string, ...args: any[]) => Vue<Record<string, any>, Record<string, any>, never, never, ...>>, ... 7 more ..., ComponentOptionsMixin> & ThisType<...>'.\n  Overload 2 of 2, '(target: VueClass<Vue<Record<string, any>, Record<string, any>, never, never, (event: string, ...args: any[]) => Vue<Record<string, any>, Record<string, any>, never, never, ...>>>): VueClass<...>', gave the following error.\n    Argument of type '{ vqbstep: string; name: string; components: { AutocompleteWidget: typeof AutocompleteWidget; ColumnPicker: typeof ColumnPicker; InputTextWidget: typeof InputTextWidget; }; }' is not assignable to parameter of type 'VueClass<Vue<Record<string, any>, Record<string, any>, never, never, (event: string, ...args: any[]) => Vue<Record<string, any>, Record<string, any>, never, never, ...>>>'.\n      Object literal may only specify known properties, and 'vqbstep' does not exist in type 'VueClass<Vue<Record<string, any>, Record<string, any>, never, never, (event: string, ...args: any[]) => Vue<Record<string, any>, Record<string, any>, never, never, ...>>>'.\nsrc/components/stepforms/widgets/Multiselect.vue(50,35): error TS2339: Property 'remove' does not exist on type 'MultiselectWidget'.\nsrc/components/stepforms/widgets/Multiselect.vue(50,42): error TS2551: Property 'option' does not exist on type 'MultiselectWidget'. Did you mean 'options'?\nsrc/components/stepforms/RenameStepForm.vue(68,12): error TS2729: Property 'initialStepValue' is used before its initialization.\nsrc/components/stepforms/RenameStepForm.vue(68,45): error TS2729: Property 'initialStepValue' is used before its initialization.\nsrc/components/stepforms/FormulaStepForm.vue(79,3): error TS2416: Property 'validate' in type 'FormulaStepForm' is not assignable to the same property in base type 'BaseStepForm<FormulaStep>'.\n  Type '() => ErrorObject<string, Record<string, any>, unknown>[] | null' is not assignable to type '() => ValidationError[] | null | undefined'.\n    Type 'ErrorObject<string, Record<string, any>, unknown>[] | null' is not assignable to type 'ValidationError[] | null | undefined'.\n      Type 'ErrorObject<string, Record<string, any>, unknown>[]' is not assignable to type 'ValidationError[]'.\n        Property 'dataPath' is missing in type 'ErrorObject<string, Record<string, any>, unknown>' but required in type 'ValidationError'.\nsrc/components/stepforms/RenameStepForm.vue(69,18): error TS2729: Property 'initialStepValue' is used before its initialization.\nsrc/components/stepforms/RenameStepForm.vue(69,49): error TS2729: Property 'initialStepValue' is used before its initialization.\nsrc/components/stepforms/RenameStepForm.vue(70,16): error TS2729: Property 'initialStepValue' is used before its initialization.\nsrc/components/stepforms/widgets/List.vue(100,3): error TS2612: Property 'errors' will overwrite the base property in 'FormWidget'. If this is intentional, add an initializer. Otherwise, add a 'declare' modifier or remove the redundant declaration.\nsrc/components/stepforms/widgets/List.vue(103,3): error TS2612: Property 'dataPath' will overwrite the base property in 'FormWidget'. If this is intentional, add an initializer. Otherwise, add a 'declare' modifier or remove the redundant declaration.\nsrc/components/stepforms/CumSumStepForm.vue(94,14): error TS2790: The operand of a 'delete' operator must be optional.\nsrc/components/stepforms/AggregateStepForm.vue(96,13): error TS2729: Property 'initialStepValue' is used before its initialization.\nsrc/components/stepforms/CumSumStepForm.vue(95,39): error TS2339: Property 'toCumSum' does not exist on type 'CumSumStep'.\n  Property 'toCumSum' does not exist on type '{ name: \"cumsum\"; referenceColumn: string; groupby?: string[] | undefined; } & { valueColumn: string; newColumn?: string | undefined; }'.\nsrc/components/stepforms/AggregateStepForm.vue(98,24): error TS2729: Property 'initialStepValue' is used before its initialization.\nsrc/components/stepforms/RollupStepForm.vue(105,13): error TS2729: Property 'initialStepValue' is used before its initialization.\nsrc/components/stepforms/RollupStepForm.vue(107,24): error TS2729: Property 'initialStepValue' is used before its initialization.\nsrc/components/stepforms/CumSumStepForm.vue(100,41): error TS2339: Property 'toCumSum' does not exist on type 'CumSumStep'.\n  Property 'toCumSum' does not exist on type '{ name: \"cumsum\"; referenceColumn: string; groupby?: string[] | undefined; } & { valueColumn: string; newColumn?: string | undefined; }'.\nsrc/components/stepforms/FormulaStepForm.vue(111,9): error TS2322: Type 'string' is not assignable to type 'Record<string, any>'.\nsrc/components/stepforms/AggregateStepForm.vue(105,35): error TS2729: Property 'initialStepValue' is used before its initialization.\nsrc/components/stepforms/CumSumStepForm.vue(106,28): error TS2339: Property 'toCumSum' does not exist on type 'CumSumStep'.\n  Property 'toCumSum' does not exist on type '{ name: \"cumsum\"; referenceColumn: string; groupby?: string[] | undefined; } & { valueColumn: string; newColumn?: string | undefined; }'.\nsrc/components/stepforms/FormulaStepForm.vue(115,7): error TS2322: Type '(ValidationError | ErrorObject<string, Record<string, any>, unknown>)[]' is not assignable to type 'ErrorObject<string, Record<string, any>, unknown>[]'.\n  Type 'ValidationError | ErrorObject<string, Record<string, any>, unknown>' is not assignable to type 'ErrorObject<string, Record<string, any>, unknown>'.\n    Type 'ValidationError' is missing the following properties from type 'ErrorObject<string, Record<string, any>, unknown>': instancePath, schemaPath, params\nsrc/components/stepforms/CumSumStepForm.vue(110,21): error TS2339: Property 'toCumSum' does not exist on type 'CumSumStep'.\n  Property 'toCumSum' does not exist on type '{ name: \"cumsum\"; referenceColumn: string; groupby?: string[] | undefined; } & { valueColumn: string; newColumn?: string | undefined; }'.\nsrc/components/stepforms/DateExtractStepForm.vue(106,13): error TS2729: Property 'initialStepValue' is used before its initialization.\nsrc/components/stepforms/DateExtractStepForm.vue(108,20): error TS2729: Property 'initialStepValue' is used before its initialization.\nsrc/components/stepforms/DateExtractStepForm.vue(109,15): error TS2729: Property 'initialStepValue' is used before its initialization.\nsrc/components/stepforms/DateExtractStepForm.vue(110,14): error TS2729: Property 'initialStepValue' is used before its initialization.\nsrc/components/stepforms/widgets/DateComponents/DateRangeInput.vue(118,3): error TS1444: 'CustomDateRange' is a type and must be imported using a type-only import when 'preserveValueImports' and 'isolatedModules' are both enabled.\nsrc/components/stepforms/DateExtractStepForm.vue(111,22): error TS2729: Property 'initialStepValue' is used before its initialization.\nsrc/components/stepforms/widgets/DateComponents/DateRangeInput.vue(119,3): error TS1444: 'DateRange' is a type and must be imported using a type-only import when 'preserveValueImports' and 'isolatedModules' are both enabled.\nsrc/components/stepforms/DateExtractStepForm.vue(112,15): error TS2729: Property 'initialStepValue' is used before its initialization.\nsrc/components/stepforms/widgets/Multiselect.vue(133,5): error TS2322: Type '(string | object)[]' is not assignable to type 'string[]'.\n  Type 'string | object' is not assignable to type 'string'.\n    Type 'object' is not assignable to type 'string'.\nsrc/components/stepforms/DateExtractStepForm.vue(113,14): error TS2729: Property 'initialStepValue' is used before its initialization.\nsrc/components/stepforms/widgets/DateComponents/DateRangeInput.vue(125,13): error TS1444: 'LocaleIdentifier' is a type and must be imported using a type-only import when 'preserveValueImports' and 'isolatedModules' are both enabled.\nsrc/components/stepforms/widgets/DateComponents/DateRangeInput.vue(127,3): error TS1444: 'AvailableVariable' is a type and must be imported using a type-only import when 'preserveValueImports' and 'isolatedModules' are both enabled.\nsrc/components/stepforms/widgets/DateComponents/DateRangeInput.vue(129,3): error TS1444: 'VariableDelimiters' is a type and must be imported using a type-only import when 'preserveValueImports' and 'isolatedModules' are both enabled.\nsrc/components/stepforms/widgets/DateComponents/DateRangeInput.vue(130,3): error TS1444: 'VariablesBucket' is a type and must be imported using a type-only import when 'preserveValueImports' and 'isolatedModules' are both enabled.\nsrc/components/stepforms/StepForm.vue(116,36): error TS2729: Property 'initialStepValue' is used before its initialization.\nsrc/components/DataViewer.vue(124,2): error TS2769: No overload matches this call.\n  Overload 1 of 2, '(options: ComponentOptions<Vue<Record<string, any>, Record<string, any>, never, never, (event: string, ...args: any[]) => Vue<Record<string, any>, Record<string, any>, never, never, ...>>, ... 7 more ..., ComponentOptionsMixin> & ThisType<...>): <VC extends VueClass<...>>(target: VC) => VC', gave the following error.\n    Type 'ObjectDirective<any, any>' is not assignable to type 'DirectiveOptions | DirectiveFunction'.\n      Type 'ObjectDirective<any, any>' is not assignable to type 'DirectiveOptions'.\n        Types of property 'bind' are incompatible.\n          Type 'DirectiveHook<any, any, any> | undefined' is not assignable to type 'DirectiveFunction | undefined'.\n            Type 'DirectiveHook<any, any, any>' is not assignable to type 'DirectiveFunction'.\n              Types of parameters 'binding' and 'binding' are incompatible.\n                Type 'DirectiveBinding' is not assignable to type 'DirectiveBinding<any>'.\n                  Property 'value' is optional in type 'DirectiveBinding' but required in type 'DirectiveBinding<any>'.\n  Overload 2 of 2, '(target: VueClass<Vue<Record<string, any>, Record<string, any>, never, never, (event: string, ...args: any[]) => Vue<Record<string, any>, Record<string, any>, never, never, ...>>>): VueClass<...>', gave the following error.\n    Argument of type '{ name: string; components: { ActionMenu: typeof ActionMenu; ActionToolbar: typeof ActionToolbar; DataTypesMenu: typeof DataTypesMenu; DataViewerCell: ExtendedVue<Vue<Record<string, any>, Record<...>, never, never, (event: string, ...args: any[]) => Vue<...>>, ... 6 more ..., ComponentOptionsMixin>; Pagination: type...' is not assignable to parameter of type 'VueClass<Vue<Record<string, any>, Record<string, any>, never, never, (event: string, ...args: any[]) => Vue<Record<string, any>, Record<string, any>, never, never, ...>>>'.\n      Object literal may only specify known properties, and 'name' does not exist in type 'VueClass<Vue<Record<string, any>, Record<string, any>, never, never, (event: string, ...args: any[]) => Vue<Record<string, any>, Record<string, any>, never, never, ...>>>'.\nsrc/components/stepforms/widgets/Multiselect.vue(172,14): error TS7053: Element implicitly has an 'any' type because expression of type 'string' can't be used to index type '{}'.\n  No index signature with a parameter of type 'string' was found on type '{}'.\nsrc/components/stepforms/widgets/Multiselect.vue(174,7): error TS2322: Type 'string | object' is not assignable to type 'string'.\n  Type 'object' is not assignable to type 'string'.\nsrc/components/stepforms/StepForm.vue(205,32): error TS2345: Argument of type 'StepType' is not assignable to parameter of type 'PipelineStep'.\n  Type 'StepType' is not assignable to type 'WaterfallStep'.\nsrc/components/stepforms/StepForm.vue(232,11): error TS2322: Type 'ValidateFunction<unknown>' is not assignable to type 'ValidateFunction<object>'.\n  Type 'unknown' is not assignable to type 'object'.\nsrc/components/stepforms/StatisticsStepForm.vue(284,7): error TS2322: Type 'ErrorObject<string, Record<string, any>, unknown>[] | null | undefined' is not assignable to type 'ValidationError[] | null | undefined'.\n  Type 'ErrorObject<string, Record<string, any>, unknown>[]' is not assignable to type 'ValidationError[]'.\nsrc/components/QueryBuilder.vue.ts(10,25): error TS6307: File '/weaverbird/ui/package.json' is not listed within the file list of project '/weaverbird/ui/tsconfig.types.json'. Projects must list all files or use an 'include' pattern.\n  The file is in the program because:\n    Imported via '../../package.json' from file '/weaverbird/ui/src/components/QueryBuilder.vue.ts'\n    Imported via '../../../package.json' from file '/weaverbird/ui/src/components/stepforms/StepForm.vue.ts'\nsrc/components/domutil.ts(74,3): error TS2739: Type '{ width: number; height: number; top: number; left: number; bottom: number; right: number; }' is missing the following properties from type 'DOMRect': x, y, toJSON\nsrc/components/stepforms/index.ts(58,70): error TS2314: Generic type 'BaseStepForm<StepType>' requires 1 type argument(s).\nsrc/directives/resizable/ResizableTable.ts(74,23): error TS2488: Type 'HTMLCollection' must have a '[Symbol.iterator]()' method that returns an iterator.\nsrc/directives/resizable/ResizableTable.ts(116,23): error TS2488: Type 'HTMLCollection' must have a '[Symbol.iterator]()' method that returns an iterator.\nsrc/lib/dataset/helpers.ts(14,12): error TS18048: 'dataset.paginationContext.totalCount' is possibly 'undefined'.\nsrc/lib/internationalization.ts(1,23): error TS6307: File '/weaverbird/ui/src/assets/internationalization.json' is not listed within the file list of project '/weaverbird/ui/tsconfig.types.json'. Projects must list all files or use an 'include' pattern.\nsrc/lib/translators/mongo.ts(2341,20): error TS18046: 'e' is of type 'unknown'.\n\u001b[91mnpm notice\u001b[0m\u001b[91m \nnpm \u001b[0m\u001b[91mnotice\u001b[0m\u001b[91m New major version of npm available! 8.19.2 -> 9.2.0\nnpm\u001b[0m\u001b[91m \u001b[0m\u001b[91mnotice\u001b[0m\u001b[91m Changelog: <https://github.com/npm/cli/releases/tag/v9.2.0>\n\u001b[0m\u001b[91mnpm notice\u001b[0m\u001b[91m Run `npm install -g npm@9.2.0` to update!\nnpm\u001b[0m\u001b[91m \u001b[0m\u001b[91mnotice\u001b[0m\u001b[91m \n\u001b[0m\u001b[91m/bin/sh: 10: ./build-types.sh: colrm: not found\n\u001b[0m\u001b[91m/bin/sh: 10: ./build-types.sh: colrm: not found\n\u001b[0mDone in 27.01s.\nRemoving intermediate container 4afc4b78fb0f\n ---> 337a6c636234\nStep 8/15 : FROM python:3.10 as server\n ---> 3aae3bded9cf\nStep 9/15 : WORKDIR /weaverbird/server\n ---> Running in e52df2c01149\nRemoving intermediate container e52df2c01149\n ---> fc39eb8e96e3\nStep 10/15 : COPY server /weaverbird/server\n ---> d102e8e6b5fb\nStep 11/15 : RUN pip install --no-cache-dir -e \".[playground]\"\n ---> Running in bc61ecfe6e06\nObtaining file:///weaverbird/server\n  Installing build dependencies: started\n  Installing build dependencies: finished with status 'done'\n  Checking if build backend supports build_editable: started\n  Checking if build backend supports build_editable: finished with status 'done'\n  Getting requirements to build editable: started\n  Getting requirements to build editable: finished with status 'done'\n  Preparing editable metadata (pyproject.toml): started\n  Preparing editable metadata (pyproject.toml): finished with status 'done'\nCollecting typing_extensions<5.0,>=4.2\n  Downloading typing_extensions-4.4.0-py3-none-any.whl (26 kB)\nCollecting numexpr<3.0.0,>=2.8.1\n  Downloading numexpr-2.8.4-cp310-cp310-manylinux_2_17_x86_64.manylinux2014_x86_64.whl (381 kB)\n     ━━━━━━━━━━━━━━━━━━━━━━━━━━━━━━━━━━━━━ 381.4/381.4 kB 151.5 MB/s eta 0:00:00\nCollecting PyPika<0.49.0,>=0.48.9\n  Downloading PyPika-0.48.9.tar.gz (67 kB)\n     ━━━━━━━━━━━━━━━━━━━━━━━━━━━━━━━━━━━━━━━ 67.3/67.3 kB 302.3 MB/s eta 0:00:00\n  Installing build dependencies: started\n  Installing build dependencies: finished with status 'done'\n  Getting requirements to build wheel: started\n  Getting requirements to build wheel: finished with status 'done'\n  Preparing metadata (pyproject.toml): started\n  Preparing metadata (pyproject.toml): finished with status 'done'\nCollecting geopandas<0.13.0,>=0.11.1\n  Downloading geopandas-0.12.2-py3-none-any.whl (1.1 MB)\n     ━━━━━━━━━━━━━━━━━━━━━━━━━━━━━━━━━━━━━━━━ 1.1/1.1 MB 137.1 MB/s eta 0:00:00\nCollecting pytest-xdist<4.0,>=2.5\n  Downloading pytest_xdist-3.1.0-py3-none-any.whl (36 kB)\nCollecting pydantic<2.0.0,>=1.9.1\n  Downloading pydantic-1.10.4-cp310-cp310-manylinux_2_17_x86_64.manylinux2014_x86_64.whl (3.1 MB)\n     ━━━━━━━━━━━━━━━━━━━━━━━━━━━━━━━━━━━━━━━━ 3.1/3.1 MB 65.8 MB/s eta 0:00:00\nCollecting quart<0.19,>=0.17\n  Downloading Quart-0.18.3-py3-none-any.whl (100 kB)\n     ━━━━━━━━━━━━━━━━━━━━━━━━━━━━━━━━━━━━━ 100.2/100.2 kB 310.2 MB/s eta 0:00:00\nCollecting hypercorn<0.15,>=0.13\n  Downloading Hypercorn-0.14.3-py3-none-any.whl (57 kB)\n     ━━━━━━━━━━━━━━━━━━━━━━━━━━━━━━━━━━━━━━━ 57.9/57.9 kB 285.9 MB/s eta 0:00:00\nCollecting pymongo[srv,tls]>=4.2.0\n  Downloading pymongo-4.3.3-cp310-cp310-manylinux_2_17_x86_64.manylinux2014_x86_64.whl (492 kB)\n     ━━━━━━━━━━━━━━━━━━━━━━━━━━━━━━━━━━━━━ 492.9/492.9 kB 122.7 MB/s eta 0:00:00\nCollecting Quart-CORS<0.6.0,>=0.5.0\n  Downloading Quart_CORS-0.5.0-py3-none-any.whl (7.9 kB)\nCollecting psycopg<4.0.0,>=3.0.15\n  Downloading psycopg-3.1.7-py3-none-any.whl (167 kB)\n     ━━━━━━━━━━━━━━━━━━━━━━━━━━━━━━━━━━━━━ 167.2/167.2 kB 220.6 MB/s eta 0:00:00\nCollecting pandas<2.0.0,>=1.2.5\n  Downloading pandas-1.5.2-cp310-cp310-manylinux_2_17_x86_64.manylinux2014_x86_64.whl (12.1 MB)\n     ━━━━━━━━━━━━━━━━━━━━━━━━━━━━━━━━━━━━━━━ 12.1/12.1 MB 118.1 MB/s eta 0:00:00\nCollecting toucan-connectors[awsathena,google-big-query,mongo,redshift,snowflake]<5.0.0,>=4.0.0\n  Downloading toucan_connectors-4.1.1-py3-none-any.whl (1.3 MB)\n     ━━━━━━━━━━━━━━━━━━━━━━━━━━━━━━━━━━━━━━━━ 1.3/1.3 MB 125.9 MB/s eta 0:00:00\nCollecting packaging\n  Downloading packaging-22.0-py3-none-any.whl (42 kB)\n     ━━━━━━━━━━━━━━━━━━━━━━━━━━━━━━━━━━━━━━━ 42.6/42.6 kB 266.9 MB/s eta 0:00:00\nCollecting pyproj>=2.6.1.post1\n  Downloading pyproj-3.4.1-cp310-cp310-manylinux_2_17_x86_64.manylinux2014_x86_64.whl (7.7 MB)\n     ━━━━━━━━━━━━━━━━━━━━━━━━━━━━━━━━━━━━━━━━ 7.7/7.7 MB 120.2 MB/s eta 0:00:00\nCollecting shapely>=1.7\n  Downloading shapely-2.0.0-cp310-cp310-manylinux_2_17_x86_64.manylinux2014_x86_64.whl (2.3 MB)\n     ━━━━━━━━━━━━━━━━━━━━━━━━━━━━━━━━━━━━━━━━ 2.3/2.3 MB 123.8 MB/s eta 0:00:00\nCollecting fiona>=1.8\n  Downloading Fiona-1.8.22-cp310-cp310-manylinux_2_17_x86_64.manylinux2014_x86_64.whl (16.6 MB)\n     ━━━━━━━━━━━━━━━━━━━━━━━━━━━━━━━━━━━━━━━ 16.6/16.6 MB 115.2 MB/s eta 0:00:00\nCollecting priority\n  Downloading priority-2.0.0-py3-none-any.whl (8.9 kB)\nCollecting toml\n  Downloading toml-0.10.2-py2.py3-none-any.whl (16 kB)\nCollecting h2>=3.1.0\n  Downloading h2-4.1.0-py3-none-any.whl (57 kB)\n     ━━━━━━━━━━━━━━━━━━━━━━━━━━━━━━━━━━━━━━━ 57.5/57.5 kB 284.0 MB/s eta 0:00:00\nCollecting h11\n  Downloading h11-0.14.0-py3-none-any.whl (58 kB)\n     ━━━━━━━━━━━━━━━━━━━━━━━━━━━━━━━━━━━━━━━ 58.3/58.3 kB 102.4 MB/s eta 0:00:00\nCollecting wsproto>=0.14.0\n  Downloading wsproto-1.2.0-py3-none-any.whl (24 kB)\nCollecting numpy>=1.13.3\n  Downloading numpy-1.24.1-cp310-cp310-manylinux_2_17_x86_64.manylinux2014_x86_64.whl (17.3 MB)\n     ━━━━━━━━━━━━━━━━━━━━━━━━━━━━━━━━━━━━━━━━ 17.3/17.3 MB 96.4 MB/s eta 0:00:00\nCollecting pytz>=2020.1\n  Downloading pytz-2022.7-py2.py3-none-any.whl (499 kB)\n     ━━━━━━━━━━━━━━━━━━━━━━━━━━━━━━━━━━━━━ 499.4/499.4 kB 131.8 MB/s eta 0:00:00\nCollecting python-dateutil>=2.8.1\n  Downloading python_dateutil-2.8.2-py2.py3-none-any.whl (247 kB)\n     ━━━━━━━━━━━━━━━━━━━━━━━━━━━━━━━━━━━━━ 247.7/247.7 kB 330.2 MB/s eta 0:00:00\nCollecting dnspython<3.0.0,>=1.16.0\n  Downloading dnspython-2.2.1-py3-none-any.whl (269 kB)\n     ━━━━━━━━━━━━━━━━━━━━━━━━━━━━━━━━━━━━━ 269.1/269.1 kB 231.5 MB/s eta 0:00:00\nCollecting pytest>=6.2.0\n  Downloading pytest-7.2.0-py3-none-any.whl (316 kB)\n     ━━━━━━━━━━━━━━━━━━━━━━━━━━━━━━━━━━━━━ 316.8/316.8 kB 197.5 MB/s eta 0:00:00\nCollecting execnet>=1.1\n  Downloading execnet-1.9.0-py2.py3-none-any.whl (39 kB)\nCollecting jinja2\n  Downloading Jinja2-3.1.2-py3-none-any.whl (133 kB)\n     ━━━━━━━━━━━━━━━━━━━━━━━━━━━━━━━━━━━━━ 133.1/133.1 kB 354.0 MB/s eta 0:00:00\nCollecting werkzeug>=2.2.0\n  Downloading Werkzeug-2.2.2-py3-none-any.whl (232 kB)\n     ━━━━━━━━━━━━━━━━━━━━━━━━━━━━━━━━━━━━━ 232.7/232.7 kB 319.7 MB/s eta 0:00:00\nCollecting blinker\n  Downloading blinker-1.5-py2.py3-none-any.whl (12 kB)\nCollecting click>=8.0.0\n  Downloading click-8.1.3-py3-none-any.whl (96 kB)\n     ━━━━━━━━━━━━━━━━━━━━━━━━━━━━━━━━━━━━━━━ 96.6/96.6 kB 168.6 MB/s eta 0:00:00\nCollecting itsdangerous\n  Downloading itsdangerous-2.1.2-py3-none-any.whl (15 kB)\nCollecting markupsafe\n  Downloading MarkupSafe-2.1.1-cp310-cp310-manylinux_2_17_x86_64.manylinux2014_x86_64.whl (25 kB)\nCollecting aiofiles\n  Downloading aiofiles-22.1.0-py3-none-any.whl (14 kB)\nCollecting tenacity<9.0.0,>=8.0.1\n  Downloading tenacity-8.1.0-py3-none-any.whl (23 kB)\nCollecting cached-property<2.0.0,>=1.5.2\n  Downloading cached_property-1.5.2-py2.py3-none-any.whl (7.6 kB)\nCollecting jq<2.0.0,>=1.2.2\n  Downloading jq-1.3.0-cp310-cp310-manylinux_2_17_x86_64.manylinux2014_x86_64.whl (589 kB)\n     ━━━━━━━━━━━━━━━━━━━━━━━━━━━━━━━━━━━━━ 589.2/589.2 kB 120.8 MB/s eta 0:00:00\nCollecting Authlib<2.0.0,>=1.0.1\n  Downloading Authlib-1.2.0-py2.py3-none-any.whl (214 kB)\n     ━━━━━━━━━━━━━━━━━━━━━━━━━━━━━━━━━━━━━ 214.8/214.8 kB 357.0 MB/s eta 0:00:00\nCollecting toucan-data-sdk<8.0.0,>=7.4.2\n  Downloading toucan_data_sdk-7.5.0-py3-none-any.whl (62 kB)\n     ━━━━━━━━━━━━━━━━━━━━━━━━━━━━━━━━━━━━━━━ 62.3/62.3 kB 105.5 MB/s eta 0:00:00\nCollecting aiohttp<4.0.0,>=3.8.1\n  Downloading aiohttp-3.8.3-cp310-cp310-manylinux_2_17_x86_64.manylinux2014_x86_64.whl (1.0 MB)\n     ━━━━━━━━━━━━━━━━━━━━━━━━━━━━━━━━━━━━━━━━ 1.0/1.0 MB 139.8 MB/s eta 0:00:00\nCollecting awswrangler<3.0.0,>=2.15.1\n  Downloading awswrangler-2.18.0-py3-none-any.whl (255 kB)\n     ━━━━━━━━━━━━━━━━━━━━━━━━━━━━━━━━━━━━━ 255.3/255.3 kB 259.9 MB/s eta 0:00:00\nCollecting lxml<5.0.0,>=4.6.5\n  Downloading lxml-4.9.2-cp310-cp310-manylinux_2_17_x86_64.manylinux2014_x86_64.manylinux_2_24_x86_64.whl (7.1 MB)\n     ━━━━━━━━━━━━━━━━━━━━━━━━━━━━━━━━━━━━━━━━ 7.1/7.1 MB 68.6 MB/s eta 0:00:00\nCollecting redshift-connector<3.0.0,>=2.0.907\n  Downloading redshift_connector-2.0.909-py3-none-any.whl (112 kB)\n     ━━━━━━━━━━━━━━━━━━━━━━━━━━━━━━━━━━━━━ 112.1/112.1 kB 346.5 MB/s eta 0:00:00\nCollecting google-cloud-bigquery[bqstorage,pandas]<4,>=3\n  Downloading google_cloud_bigquery-3.4.1-py2.py3-none-any.whl (215 kB)\n     ━━━━━━━━━━━━━━━━━━━━━━━━━━━━━━━━━━━━━ 215.1/215.1 kB 347.5 MB/s eta 0:00:00\nCollecting pyarrow<9\n  Downloading pyarrow-8.0.0-cp310-cp310-manylinux_2_17_x86_64.manylinux2014_x86_64.whl (29.4 MB)\n     ━━━━━━━━━━━━━━━━━━━━━━━━━━━━━━━━━━━━━━━━ 29.4/29.4 MB 48.8 MB/s eta 0:00:00\nCollecting snowflake-connector-python<3.0.0,>=2.7.12\n  Downloading snowflake_connector_python-2.9.0-cp310-cp310-manylinux_2_17_x86_64.manylinux2014_x86_64.whl (21.3 MB)\n     ━━━━━━━━━━━━━━━━━━━━━━━━━━━━━━━━━━━━━━━ 21.3/21.3 MB 104.5 MB/s eta 0:00:00\nCollecting PyJWT<3,>=1.5.3\n  Downloading PyJWT-2.6.0-py3-none-any.whl (20 kB)\nCollecting yarl<2.0,>=1.0\n  Downloading yarl-1.8.2-cp310-cp310-manylinux_2_17_x86_64.manylinux2014_x86_64.whl (264 kB)\n     ━━━━━━━━━━━━━━━━━━━━━━━━━━━━━━━━━━━━━ 264.0/264.0 kB 253.4 MB/s eta 0:00:00\nCollecting multidict<7.0,>=4.5\n  Downloading multidict-6.0.4-cp310-cp310-manylinux_2_17_x86_64.manylinux2014_x86_64.whl (114 kB)\n     ━━━━━━━━━━━━━━━━━━━━━━━━━━━━━━━━━━━━━ 114.5/114.5 kB 265.9 MB/s eta 0:00:00\nCollecting attrs>=17.3.0\n  Downloading attrs-22.2.0-py3-none-any.whl (60 kB)\n     ━━━━━━━━━━━━━━━━━━━━━━━━━━━━━━━━━━━━━━━ 60.0/60.0 kB 327.0 MB/s eta 0:00:00\nCollecting frozenlist>=1.1.1\n  Downloading frozenlist-1.3.3-cp310-cp310-manylinux_2_5_x86_64.manylinux1_x86_64.manylinux_2_17_x86_64.manylinux2014_x86_64.whl (149 kB)\n     ━━━━━━━━━━━━━━━━━━━━━━━━━━━━━━━━━━━━━ 149.6/149.6 kB 359.7 MB/s eta 0:00:00\nCollecting aiosignal>=1.1.2\n  Downloading aiosignal-1.3.1-py3-none-any.whl (7.6 kB)\nCollecting async-timeout<5.0,>=4.0.0a3\n  Downloading async_timeout-4.0.2-py3-none-any.whl (5.8 kB)\nCollecting charset-normalizer<3.0,>=2.0\n  Downloading charset_normalizer-2.1.1-py3-none-any.whl (39 kB)\nCollecting cryptography>=3.2\n  Downloading cryptography-38.0.4-cp36-abi3-manylinux_2_28_x86_64.whl (4.2 MB)\n     ━━━━━━━━━━━━━━━━━━━━━━━━━━━━━━━━━━━━━━━━ 4.2/4.2 MB 129.1 MB/s eta 0:00:00\nCollecting pymysql<2.0.0,>=1.0.0\n  Downloading PyMySQL-1.0.2-py3-none-any.whl (43 kB)\n     ━━━━━━━━━━━━━━━━━━━━━━━━━━━━━━━━━━━━━━━ 43.8/43.8 kB 120.3 MB/s eta 0:00:00\nCollecting boto3<2.0.0,>=1.24.11\n  Downloading boto3-1.26.41-py3-none-any.whl (132 kB)\n     ━━━━━━━━━━━━━━━━━━━━━━━━━━━━━━━━━━━━━ 132.7/132.7 kB 368.3 MB/s eta 0:00:00\nCollecting progressbar2<5.0.0,>=4.0.0\n  Downloading progressbar2-4.2.0-py2.py3-none-any.whl (27 kB)\nCollecting numpy>=1.13.3\n  Downloading numpy-1.23.3-cp310-cp310-manylinux_2_17_x86_64.manylinux2014_x86_64.whl (17.1 MB)\n     ━━━━━━━━━━━━━━━━━━━━━━━━━━━━━━━━━━━━━━━ 17.1/17.1 MB 122.2 MB/s eta 0:00:00\nCollecting openpyxl<3.1.0,>=3.0.0\n  Downloading openpyxl-3.0.10-py2.py3-none-any.whl (242 kB)\n     ━━━━━━━━━━━━━━━━━━━━━━━━━━━━━━━━━━━━━ 242.1/242.1 kB 286.4 MB/s eta 0:00:00\nCollecting gremlinpython<4.0.0,>=3.5.2\n  Downloading gremlinpython-3.6.1-py2.py3-none-any.whl (73 kB)\n     ━━━━━━━━━━━━━━━━━━━━━━━━━━━━━━━━━━━━━━━ 73.3/73.3 kB 128.8 MB/s eta 0:00:00\nCollecting botocore<2.0.0,>=1.27.11\n  Downloading botocore-1.29.41-py3-none-any.whl (10.3 MB)\n     ━━━━━━━━━━━━━━━━━━━━━━━━━━━━━━━━━━━━━━━ 10.3/10.3 MB 120.0 MB/s eta 0:00:00\nCollecting opensearch-py<3,>=1\n  Downloading opensearch_py-2.0.1-py2.py3-none-any.whl (214 kB)\n     ━━━━━━━━━━━━━━━━━━━━━━━━━━━━━━━━━━━━━ 214.7/214.7 kB 227.4 MB/s eta 0:00:00\nCollecting jsonpath-ng<2.0.0,>=1.5.3\n  Downloading jsonpath_ng-1.5.3-py3-none-any.whl (29 kB)\nCollecting pg8000<2.0.0,>=1.20.0\n  Downloading pg8000-1.29.4-py3-none-any.whl (51 kB)\n     ━━━━━━━━━━━━━━━━━━━━━━━━━━━━━━━━━━━━━━━ 51.4/51.4 kB 280.3 MB/s eta 0:00:00\nCollecting backoff<3.0.0,>=1.11.1\n  Downloading backoff-2.2.1-py3-none-any.whl (15 kB)\nCollecting pandas<2.0.0,>=1.2.5\n  Downloading pandas-1.5.1-cp310-cp310-manylinux_2_17_x86_64.manylinux2014_x86_64.whl (12.1 MB)\n     ━━━━━━━━━━━━━━━━━━━━━━━━━━━━━━━━━━━━━━━ 12.1/12.1 MB 116.4 MB/s eta 0:00:00\nCollecting requests-aws4auth<2.0.0,>=1.1.1\n  Downloading requests_aws4auth-1.1.2-py2.py3-none-any.whl (24 kB)\nCollecting munch\n  Downloading munch-2.5.0-py2.py3-none-any.whl (10 kB)\nCollecting six>=1.7\n  Downloading six-1.16.0-py2.py3-none-any.whl (11 kB)\nRequirement already satisfied: setuptools in /usr/local/lib/python3.10/site-packages (from fiona>=1.8->geopandas<0.13.0,>=0.11.1->weaverbird==0.27.5) (65.5.0)\nCollecting cligj>=0.5\n  Downloading cligj-0.7.2-py3-none-any.whl (7.1 kB)\nCollecting click-plugins>=1.0\n  Downloading click_plugins-1.1.1-py2.py3-none-any.whl (7.5 kB)\nCollecting certifi\n  Downloading certifi-2022.12.7-py3-none-any.whl (155 kB)\n     ━━━━━━━━━━━━━━━━━━━━━━━━━━━━━━━━━━━━━ 155.3/155.3 kB 372.3 MB/s eta 0:00:00\nCollecting google-api-core[grpc]!=2.0.*,!=2.1.*,!=2.2.*,!=2.3.0,<3.0.0dev,>=1.31.5\n  Downloading google_api_core-2.11.0-py3-none-any.whl (120 kB)\n     ━━━━━━━━━━━━━━━━━━━━━━━━━━━━━━━━━━━━━━ 120.3/120.3 kB 92.1 MB/s eta 0:00:00\nCollecting protobuf!=3.20.0,!=3.20.1,!=4.21.0,!=4.21.1,!=4.21.2,!=4.21.3,!=4.21.4,!=4.21.5,<5.0.0dev,>=3.19.5\n  Downloading protobuf-4.21.12-cp37-abi3-manylinux2014_x86_64.whl (409 kB)\n     ━━━━━━━━━━━━━━━━━━━━━━━━━━━━━━━━━━━━━ 409.8/409.8 kB 118.7 MB/s eta 0:00:00\nCollecting grpcio<2.0dev,>=1.47.0\n  Downloading grpcio-1.51.1-cp310-cp310-manylinux_2_17_x86_64.manylinux2014_x86_64.whl (4.8 MB)\n     ━━━━━━━━━━━━━━━━━━━━━━━━━━━━━━━━━━━━━━━━ 4.8/4.8 MB 110.2 MB/s eta 0:00:00\nCollecting google-resumable-media<3.0dev,>=0.6.0\n  Downloading google_resumable_media-2.4.0-py2.py3-none-any.whl (77 kB)\n     ━━━━━━━━━━━━━━━━━━━━━━━━━━━━━━━━━━━━━━━ 77.4/77.4 kB 188.5 MB/s eta 0:00:00\nCollecting google-cloud-core<3.0.0dev,>=1.4.1\n  Downloading google_cloud_core-2.3.2-py2.py3-none-any.whl (29 kB)\nCollecting requests<3.0.0dev,>=2.21.0\n  Downloading requests-2.28.1-py3-none-any.whl (62 kB)\n     ━━━━━━━━━━━━━━━━━━━━━━━━━━━━━━━━━━━━━━━ 62.8/62.8 kB 102.6 MB/s eta 0:00:00\nCollecting proto-plus<2.0.0dev,>=1.15.0\n  Downloading proto_plus-1.22.1-py3-none-any.whl (47 kB)\n     ━━━━━━━━━━━━━━━━━━━━━━━━━━━━━━━━━━━━━━━ 47.9/47.9 kB 265.0 MB/s eta 0:00:00\nCollecting packaging\n  Downloading packaging-21.3-py3-none-any.whl (40 kB)\n     ━━━━━━━━━━━━━━━━━━━━━━━━━━━━━━━━━━━━━━━ 40.8/40.8 kB 257.8 MB/s eta 0:00:00\nCollecting db-dtypes<2.0.0dev,>=0.3.0\n  Downloading db_dtypes-1.0.5-py2.py3-none-any.whl (14 kB)\nCollecting google-cloud-bigquery-storage<3.0.0dev,>=2.0.0\n  Downloading google_cloud_bigquery_storage-2.17.0-py2.py3-none-any.whl (187 kB)\n     ━━━━━━━━━━━━━━━━━━━━━━━━━━━━━━━━━━━━━ 187.7/187.7 kB 368.3 MB/s eta 0:00:00\nCollecting hyperframe<7,>=6.0\n  Downloading hyperframe-6.0.1-py3-none-any.whl (12 kB)\nCollecting hpack<5,>=4.0\n  Downloading hpack-4.0.0-py3-none-any.whl (32 kB)\nCollecting pyparsing!=3.0.5,>=2.0.2\n  Downloading pyparsing-3.0.9-py3-none-any.whl (98 kB)\n     ━━━━━━━━━━━━━━━━━━━━━━━━━━━━━━━━━━━━━━━ 98.3/98.3 kB 113.9 MB/s eta 0:00:00\nCollecting iniconfig\n  Downloading iniconfig-1.1.1-py2.py3-none-any.whl (5.0 kB)\nCollecting pluggy<2.0,>=0.12\n  Downloading pluggy-1.0.0-py2.py3-none-any.whl (13 kB)\nCollecting exceptiongroup>=1.0.0rc8\n  Downloading exceptiongroup-1.1.0-py3-none-any.whl (14 kB)\nCollecting tomli>=1.0.0\n  Downloading tomli-2.0.1-py3-none-any.whl (12 kB)\nCollecting beautifulsoup4<5.0.0,>=4.7.0\n  Downloading beautifulsoup4-4.11.1-py3-none-any.whl (128 kB)\n     ━━━━━━━━━━━━━━━━━━━━━━━━━━━━━━━━━━━━━ 128.2/128.2 kB 347.9 MB/s eta 0:00:00\nCollecting scramp<1.5.0,>=1.2.0\n  Downloading scramp-1.4.4-py3-none-any.whl (13 kB)\nCollecting idna<4,>=2.5\n  Downloading idna-3.4-py3-none-any.whl (61 kB)\n     ━━━━━━━━━━━━━━━━━━━━━━━━━━━━━━━━━━━━━━━ 61.5/61.5 kB 314.2 MB/s eta 0:00:00\nCollecting pycryptodomex!=3.5.0,<4.0.0,>=3.2\n  Downloading pycryptodomex-3.16.0-cp35-abi3-manylinux_2_5_x86_64.manylinux1_x86_64.manylinux_2_12_x86_64.manylinux2010_x86_64.whl (2.3 MB)\n     ━━━━━━━━━━━━━━━━━━━━━━━━━━━━━━━━━━━━━━━━ 2.3/2.3 MB 125.1 MB/s eta 0:00:00\nCollecting filelock<4,>=3.5\n  Downloading filelock-3.9.0-py3-none-any.whl (9.7 kB)\nCollecting pyOpenSSL<23.0.0,>=16.2.0\n  Downloading pyOpenSSL-22.1.0-py3-none-any.whl (57 kB)\n     ━━━━━━━━━━━━━━━━━━━━━━━━━━━━━━━━━━━━━━━ 57.0/57.0 kB 292.6 MB/s eta 0:00:00\nCollecting oscrypto<2.0.0\n  Downloading oscrypto-1.3.0-py2.py3-none-any.whl (194 kB)\n     ━━━━━━━━━━━━━━━━━━━━━━━━━━━━━━━━━━━━━ 194.6/194.6 kB 358.0 MB/s eta 0:00:00\nCollecting cffi<2.0.0,>=1.9\n  Downloading cffi-1.15.1-cp310-cp310-manylinux_2_17_x86_64.manylinux2014_x86_64.whl (441 kB)\n     ━━━━━━━━━━━━━━━━━━━━━━━━━━━━━━━━━━━━━ 441.8/441.8 kB 167.9 MB/s eta 0:00:00\nCollecting asn1crypto<2.0.0,>0.24.0\n  Downloading asn1crypto-1.5.1-py2.py3-none-any.whl (105 kB)\n     ━━━━━━━━━━━━━━━━━━━━━━━━━━━━━━━━━━━━━ 105.0/105.0 kB 120.6 MB/s eta 0:00:00\nCollecting urllib3<1.27,>=1.21.1\n  Downloading urllib3-1.26.13-py2.py3-none-any.whl (140 kB)\n     ━━━━━━━━━━━━━━━━━━━━━━━━━━━━━━━━━━━━━ 140.6/140.6 kB 356.5 MB/s eta 0:00:00\nCollecting joblib<1\n  Downloading joblib-0.17.0-py3-none-any.whl (301 kB)\n     ━━━━━━━━━━━━━━━━━━━━━━━━━━━━━━━━━━━━━ 301.5/301.5 kB 235.2 MB/s eta 0:00:00\nCollecting python-slugify<6.0.0,>=5.0.2\n  Downloading python_slugify-5.0.2-py2.py3-none-any.whl (6.7 kB)\nCollecting toucan-client<2.0.0,>=1.1.0\n  Downloading toucan_client-1.1.2-py3-none-any.whl (2.9 kB)\nCollecting tabulate<0.9.0,>=0.8.9\n  Downloading tabulate-0.8.10-py3-none-any.whl (29 kB)\nCollecting engarde<0.5.0,>=0.4.0\n  Downloading engarde-0.4.0-py2.py3-none-any.whl (7.2 kB)\nCollecting soupsieve>1.2\n  Downloading soupsieve-2.3.2.post1-py3-none-any.whl (37 kB)\nCollecting s3transfer<0.7.0,>=0.6.0\n  Downloading s3transfer-0.6.0-py3-none-any.whl (79 kB)\n     ━━━━━━━━━━━━━━━━━━━━━━━━━━━━━━━━━━━━━━━ 79.6/79.6 kB 335.8 MB/s eta 0:00:00\nCollecting jmespath<2.0.0,>=0.7.1\n  Downloading jmespath-1.0.1-py3-none-any.whl (20 kB)\nCollecting pycparser\n  Downloading pycparser-2.21-py2.py3-none-any.whl (118 kB)\n     ━━━━━━━━━━━━━━━━━━━━━━━━━━━━━━━━━━━━━ 118.7/118.7 kB 121.1 MB/s eta 0:00:00\nCollecting google-auth<3.0dev,>=2.14.1\n  Downloading google_auth-2.15.0-py2.py3-none-any.whl (177 kB)\n     ━━━━━━━━━━━━━━━━━━━━━━━━━━━━━━━━━━━━━ 177.0/177.0 kB 349.4 MB/s eta 0:00:00\nCollecting googleapis-common-protos<2.0dev,>=1.56.2\n  Downloading googleapis_common_protos-1.57.0-py2.py3-none-any.whl (217 kB)\n     ━━━━━━━━━━━━━━━━━━━━━━━━━━━━━━━━━━━━━ 218.0/218.0 kB 366.8 MB/s eta 0:00:00\nCollecting grpcio-status<2.0dev,>=1.33.2\n  Downloading grpcio_status-1.51.1-py3-none-any.whl (5.1 kB)\nCollecting google-crc32c<2.0dev,>=1.0\n  Downloading google_crc32c-1.5.0-cp310-cp310-manylinux_2_17_x86_64.manylinux2014_x86_64.whl (32 kB)\nCollecting nest-asyncio\n  Downloading nest_asyncio-1.5.6-py3-none-any.whl (5.2 kB)\nCollecting isodate<1.0.0,>=0.6.0\n  Downloading isodate-0.6.1-py2.py3-none-any.whl (41 kB)\n     ━━━━━━━━━━━━━━━━━━━━━━━━━━━━━━━━━━━━━━━ 41.7/41.7 kB 268.5 MB/s eta 0:00:00\nCollecting aenum<4.0.0,>=1.4.5\n  Downloading aenum-3.1.11-py3-none-any.whl (131 kB)\n     ━━━━━━━━━━━━━━━━━━━━━━━━━━━━━━━━━━━━━ 131.5/131.5 kB 342.3 MB/s eta 0:00:00\nCollecting aiohttp<4.0.0,>=3.8.1\n  Downloading aiohttp-3.8.1-cp310-cp310-manylinux_2_5_x86_64.manylinux1_x86_64.manylinux_2_12_x86_64.manylinux2010_x86_64.whl (1.2 MB)\n     ━━━━━━━━━━━━━━━━━━━━━━━━━━━━━━━━━━━━━━━━ 1.2/1.2 MB 134.2 MB/s eta 0:00:00\nCollecting decorator\n  Downloading decorator-5.1.1-py3-none-any.whl (9.1 kB)\nCollecting ply\n  Downloading ply-3.11-py2.py3-none-any.whl (49 kB)\n     ━━━━━━━━━━━━━━━━━━━━━━━━━━━━━━━━━━━━━━━ 49.6/49.6 kB 302.9 MB/s eta 0:00:00\nCollecting et-xmlfile\n  Downloading et_xmlfile-1.1.0-py3-none-any.whl (4.7 kB)\nCollecting python-utils>=3.0.0\n  Downloading python_utils-3.4.5-py2.py3-none-any.whl (23 kB)\nCollecting text-unidecode>=1.3\n  Downloading text_unidecode-1.3-py2.py3-none-any.whl (78 kB)\n     ━━━━━━━━━━━━━━━━━━━━━━━━━━━━━━━━━━━━━━━ 78.2/78.2 kB 111.9 MB/s eta 0:00:00\nCollecting pyasn1-modules>=0.2.1\n  Downloading pyasn1_modules-0.2.8-py2.py3-none-any.whl (155 kB)\n     ━━━━━━━━━━━━━━━━━━━━━━━━━━━━━━━━━━━━━ 155.3/155.3 kB 354.1 MB/s eta 0:00:00\nCollecting cachetools<6.0,>=2.0.0\n  Downloading cachetools-5.2.0-py3-none-any.whl (9.3 kB)\nCollecting rsa<5,>=3.1.4\n  Downloading rsa-4.9-py3-none-any.whl (34 kB)\nCollecting pyasn1<0.5.0,>=0.4.6\n  Downloading pyasn1-0.4.8-py2.py3-none-any.whl (77 kB)\n     ━━━━━━━━━━━━━━━━━━━━━━━━━━━━━━━━━━━━━━━ 77.1/77.1 kB 332.6 MB/s eta 0:00:00\nBuilding wheels for collected packages: PyPika, weaverbird\n  Building wheel for PyPika (pyproject.toml): started\n  Building wheel for PyPika (pyproject.toml): finished with status 'done'\n  Created wheel for PyPika: filename=PyPika-0.48.9-py2.py3-none-any.whl size=53723 sha256=34feb6725cbc573ba1d94812c2f4a1f39bc1d2904baa25b8abcc07671638f040\n  Stored in directory: /tmp/pip-ephem-wheel-cache-mmnwfnm_/wheels/c4/41/b6/f76a356f0791da799545c23894ceae842eeff054d0eb1fb626\n  Building editable for weaverbird (pyproject.toml): started\n  Building editable for weaverbird (pyproject.toml): finished with status 'done'\n  Created wheel for weaverbird: filename=weaverbird-0.27.5-py3-none-any.whl size=1882 sha256=50c5b3a1d05a521d94889030a3ea5149bf9b0469e7218eed48ec3bffd58e7991\n  Stored in directory: /tmp/pip-ephem-wheel-cache-mmnwfnm_/wheels/b9/b5/e6/c91478e640e198d3ee81cbc32cb8ddf5a1846b8951e5062134\nSuccessfully built PyPika weaverbird\nInstalling collected packages: text-unidecode, pytz, PyPika, pyasn1, ply, iniconfig, cached-property, asn1crypto, aenum, urllib3, typing_extensions, tomli, toml, tenacity, tabulate, soupsieve, six, scramp, rsa, python-utils, python-slugify, pyparsing, pymysql, PyJWT, pycryptodomex, pycparser, pyasn1-modules, protobuf, priority, pluggy, oscrypto, numpy, nest-asyncio, multidict, markupsafe, lxml, jq, joblib, jmespath, itsdangerous, idna, hyperframe, hpack, h11, grpcio, google-crc32c, frozenlist, filelock, execnet, exceptiongroup, et-xmlfile, dnspython, decorator, click, charset-normalizer, certifi, cachetools, blinker, backoff, attrs, async-timeout, aiofiles, yarl, wsproto, werkzeug, shapely, requests, python-dateutil, pyproj, pymongo, pydantic, pyarrow, psycopg, proto-plus, progressbar2, packaging, openpyxl, numexpr, munch, jsonpath-ng, jinja2, isodate, h2, googleapis-common-protos, google-resumable-media, google-auth, cligj, click-plugins, cffi, beautifulsoup4, aiosignal, toucan-client, requests-aws4auth, pytest, pg8000, pandas, opensearch-py, hypercorn, grpcio-status, google-api-core, fiona, cryptography, botocore, aiohttp, s3transfer, quart, pytest-xdist, pyOpenSSL, gremlinpython, google-cloud-core, geopandas, engarde, db-dtypes, Authlib, weaverbird, toucan-data-sdk, snowflake-connector-python, Quart-CORS, google-cloud-bigquery-storage, google-cloud-bigquery, boto3, toucan-connectors, redshift-connector, awswrangler\nSuccessfully installed Authlib-1.2.0 PyJWT-2.6.0 PyPika-0.48.9 Quart-CORS-0.5.0 aenum-3.1.11 aiofiles-22.1.0 aiohttp-3.8.1 aiosignal-1.3.1 asn1crypto-1.5.1 async-timeout-4.0.2 attrs-22.2.0 awswrangler-2.18.0 backoff-2.2.1 beautifulsoup4-4.11.1 blinker-1.5 boto3-1.26.41 botocore-1.29.41 cached-property-1.5.2 cachetools-5.2.0 certifi-2022.12.7 cffi-1.15.1 charset-normalizer-2.1.1 click-8.1.3 click-plugins-1.1.1 cligj-0.7.2 cryptography-38.0.4 db-dtypes-1.0.5 decorator-5.1.1 dnspython-2.2.1 engarde-0.4.0 et-xmlfile-1.1.0 exceptiongroup-1.1.0 execnet-1.9.0 filelock-3.9.0 fiona-1.8.22 frozenlist-1.3.3 geopandas-0.12.2 google-api-core-2.11.0 google-auth-2.15.0 google-cloud-bigquery-3.4.1 google-cloud-bigquery-storage-2.17.0 google-cloud-core-2.3.2 google-crc32c-1.5.0 google-resumable-media-2.4.0 googleapis-common-protos-1.57.0 gremlinpython-3.6.1 grpcio-1.51.1 grpcio-status-1.51.1 h11-0.14.0 h2-4.1.0 hpack-4.0.0 hypercorn-0.14.3 hyperframe-6.0.1 idna-3.4 iniconfig-1.1.1 isodate-0.6.1 itsdangerous-2.1.2 jinja2-3.1.2 jmespath-1.0.1 joblib-0.17.0 jq-1.3.0 jsonpath-ng-1.5.3 lxml-4.9.2 markupsafe-2.1.1 multidict-6.0.4 munch-2.5.0 nest-asyncio-1.5.6 numexpr-2.8.4 numpy-1.23.3 openpyxl-3.0.10 opensearch-py-2.0.1 oscrypto-1.3.0 packaging-21.3 pandas-1.5.1 pg8000-1.29.4 pluggy-1.0.0 ply-3.11 priority-2.0.0 progressbar2-4.2.0 proto-plus-1.22.1 protobuf-4.21.12 psycopg-3.1.7 pyOpenSSL-22.1.0 pyarrow-8.0.0 pyasn1-0.4.8 pyasn1-modules-0.2.8 pycparser-2.21 pycryptodomex-3.16.0 pydantic-1.10.4 pymongo-4.3.3 pymysql-1.0.2 pyparsing-3.0.9 pyproj-3.4.1 pytest-7.2.0 pytest-xdist-3.1.0 python-dateutil-2.8.2 python-slugify-5.0.2 python-utils-3.4.5 pytz-2022.7 quart-0.18.3 redshift-connector-2.0.909 requests-2.28.1 requests-aws4auth-1.1.2 rsa-4.9 s3transfer-0.6.0 scramp-1.4.4 shapely-2.0.0 six-1.16.0 snowflake-connector-python-2.9.0 soupsieve-2.3.2.post1 tabulate-0.8.10 tenacity-8.1.0 text-unidecode-1.3 toml-0.10.2 tomli-2.0.1 toucan-client-1.1.2 toucan-connectors-4.1.1 toucan-data-sdk-7.5.0 typing_extensions-4.4.0 urllib3-1.26.13 weaverbird-0.27.5 werkzeug-2.2.2 wsproto-1.2.0 yarl-1.8.2\n\u001b[91mWARNING: Running pip as the 'root' user can result in broken permissions and conflicting behaviour with the system package manager. It is recommended to use a virtual environment instead: https://pip.pypa.io/warnings/venv\n\u001b[0mRemoving intermediate container bc61ecfe6e06\n ---> c99b036e9891\nStep 12/15 : COPY --from=ui-builder /weaverbird/playground/dist/* /weaverbird/server/static/\n ---> 0305a92bdeac\nStep 13/15 : COPY ./playground/datastore /weaverbird/playground/datastore\n ---> b1e7f5de6bff\nStep 14/15 : CMD hypercorn --bind 0.0.0.0:5000 playground:app\n ---> Running in dfde6f578d75\nRemoving intermediate container dfde6f578d75\n ---> 8fd20be41435\nStep 15/15 : EXPOSE 5000\n ---> Running in 94308e00922c\nRemoving intermediate container 94308e00922c\n ---> eaefb3515d84\nSuccessfully built eaefb3515d84\nSuccessfully tagged weaverbird:latest\n","stderr":"","imageSize":1528016155},"endTime":1672565161502}