{"repository":"https://github.com/mcarchive/mcarchive","dockerfilePath":"Dockerfile","startTime":1672975712230,"endTime":1672975747628,"clone":{"startTime":1672975712231,"stdout":"","stderr":"Cloning into '/tmp/dinghy-analysis/mcarchive/mcarchive'...\n","error":null,"endTime":1672975713131,"commit":"b6f401eebd3f1776bc280df5bb877be5bdb75f89"},"originalBuild":{"startTime":1672975713212,"endTime":1672975747565,"error":{"code":1,"killed":false,"signal":null,"cmd":"docker build --no-cache --force-rm -t mcarchive:latest -f /tmp/dinghy-analysis/mcarchive/mcarchive/Dockerfile ."},"stdout":"Sending build context to Docker daemon  930.3kB\r\r\nStep 1/16 : FROM python:3.7.6-alpine\n3.7.6-alpine: Pulling from library/python\nc9b1b535fdd9: Pulling fs layer\n2cc5ad85d9ab: Pulling fs layer\n53a2fca3c2ea: Pulling fs layer\n30fce49de8b1: Pulling fs layer\nca406aaf66e0: Pulling fs layer\nca406aaf66e0: Waiting\n30fce49de8b1: Waiting\nc9b1b535fdd9: Verifying Checksum\nc9b1b535fdd9: Download complete\nc9b1b535fdd9: Pull complete\n30fce49de8b1: Verifying Checksum\n30fce49de8b1: Download complete\n2cc5ad85d9ab: Verifying Checksum\n2cc5ad85d9ab: Download complete\n53a2fca3c2ea: Verifying Checksum\n53a2fca3c2ea: Download complete\n2cc5ad85d9ab: Pull complete\nca406aaf66e0: Verifying Checksum\nca406aaf66e0: Download complete\n53a2fca3c2ea: Pull complete\n30fce49de8b1: Pull complete\nca406aaf66e0: Pull complete\nDigest: sha256:4e91ff3eed8bdd013178b6d8e55f656b394aeea42945f04389e4af5462e7cb6d\nStatus: Downloaded newer image for python:3.7.6-alpine\n ---> a5d195bb2a63\nStep 2/16 : RUN apk add yarn gcc musl-dev python-dev libffi-dev postgresql-dev\n ---> Running in 88b3d9aff7b5\nfetch http://dl-cdn.alpinelinux.org/alpine/v3.11/main/x86_64/APKINDEX.tar.gz\nfetch http://dl-cdn.alpinelinux.org/alpine/v3.11/community/x86_64/APKINDEX.tar.gz\n(1/30) Upgrading musl (1.1.24-r0 -> 1.1.24-r3)\n(2/30) Upgrading libcrypto1.1 (1.1.1d-r3 -> 1.1.1l-r0)\n(3/30) Upgrading libssl1.1 (1.1.1d-r3 -> 1.1.1l-r0)\n(4/30) Installing libgcc (9.3.0-r0)\n(5/30) Installing libstdc++ (9.3.0-r0)\n(6/30) Installing binutils (2.33.1-r1)\n(7/30) Installing gmp (6.1.2-r1)\n(8/30) Installing isl (0.18-r0)\n(9/30) Installing libgomp (9.3.0-r0)\n(10/30) Installing libatomic (9.3.0-r0)\n(11/30) Installing mpfr4 (4.0.2-r1)\n(12/30) Installing mpc1 (1.1.0-r1)\n(13/30) Installing gcc (9.3.0-r0)\n(14/30) Installing linux-headers (4.19.36-r0)\n(15/30) Installing pkgconf (1.6.3-r0)\n(16/30) Installing libffi-dev (3.2.1-r6)\n(17/30) Installing musl-dev (1.1.24-r3)\n(18/30) Installing openssl-dev (1.1.1l-r0)\n(19/30) Installing db (5.3.28-r1)\n(20/30) Installing libsasl (2.1.27-r5)\n(21/30) Installing libldap (2.4.48-r3)\n(22/30) Installing libpq (12.9-r0)\n(23/30) Installing postgresql-libs (12.9-r0)\n(24/30) Installing postgresql-dev (12.9-r0)\n(25/30) Installing python2 (2.7.18-r0)\n(26/30) Installing python2-dev (2.7.18-r0)\n(27/30) Installing c-ares (1.17.2-r0)\n(28/30) Installing nghttp2-libs (1.40.0-r1)\n(29/30) Installing nodejs (12.22.6-r0)\n(30/30) Installing yarn (1.19.2-r0)\nExecuting busybox-1.31.1-r9.trigger\nExecuting ca-certificates-20191127-r0.trigger\nOK: 229 MiB in 62 packages\nRemoving intermediate container 88b3d9aff7b5\n ---> 4af7b23e81cf\nStep 3/16 : RUN pip install gunicorn gevent\n ---> Running in 79825357928b\nCollecting gunicorn\n  Downloading gunicorn-20.1.0-py3-none-any.whl (79 kB)\nCollecting gevent\n  Downloading gevent-22.10.2.tar.gz (6.6 MB)\n  Installing build dependencies: started\n  Installing build dependencies: finished with status 'error'\n\u001b[91m  ERROR: Command errored out with exit status 1:\n   command: /usr/local/bin/python /usr/local/lib/python3.7/site-packages/pip install --ignore-installed --no-user --prefix /tmp/pip-build-env-eb2xvlsi/overlay --no-warn-script-location --no-binary :none: --only-binary :none: -i https://pypi.org/simple -- 'setuptools >= 40.8.0' 'Cython >= 3.0a11' 'cffi >= 1.12.3 ; platform_python_implementation == '\"'\"'CPython'\"'\"'' 'greenlet >= 2.0.0 ; platform_python_implementation == '\"'\"'CPython'\"'\"''\n       cwd: None\n  Complete output (223 lines):\n  Collecting setuptools>=40.8.0\n    Downloading setuptools-65.6.3-py3-none-any.whl (1.2 MB)\n  Collecting Cython>=3.0a11\n    Downloading Cython-3.0.0a11-py2.py3-none-any.whl (1.1 MB)\n  Collecting cffi>=1.12.3\n    Downloading cffi-1.15.1.tar.gz (508 kB)\n  Collecting greenlet>=2.0.0\n    Downloading greenlet-2.0.1.tar.gz (163 kB)\n  Collecting pycparser\n    Downloading pycparser-2.21-py2.py3-none-any.whl (118 kB)\n  Building wheels for collected packages: cffi, greenlet\n    Building wheel for cffi (setup.py): started\n    Building wheel for cffi (setup.py): finished with status 'done'\n    Created wheel for cffi: filename=cffi-1.15.1-cp37-cp37m-linux_x86_64.whl size=416765 sha256=ee0f8744c302a8b506f589aef223cfca4a50823d8cd2db5507d6532540b2e647\n    Stored in directory: /root/.cache/pip/wheels/04/6e/00/ce829dde11540887b1a7ce4905b5a63c36fa1d6ed8afeacf98\n    Building wheel for greenlet (setup.py): started\n    Building wheel for greenlet (setup.py): finished with status 'error'\n    ERROR: Command errored out with exit status 1:\n     command: /usr/local/bin/python -u -c 'import sys, setuptools, tokenize; sys.argv[0] = '\"'\"'/tmp/pip-install-ru_w_1of/greenlet/setup.py'\"'\"'; __file__='\"'\"'/tmp/pip-install-ru_w_1of/greenlet/setup.py'\"'\"';f=getattr(tokenize, '\"'\"'open'\"'\"', open)(__file__);code=f.read().replace('\"'\"'\\r\\n'\"'\"', '\"'\"'\\n'\"'\"');f.close();exec(compile(code, __file__, '\"'\"'exec'\"'\"'))' bdist_wheel -d /tmp/pip-wheel-zcvu9qqw\n         cwd: /tmp/pip-install-ru_w_1of/greenlet/\n    Complete output (93 lines):\n    running bdist_wheel\n    running build\n    running build_py\n    creating build\n    creating build/lib.linux-x86_64-3.7\n    creating build/lib.linux-x86_64-3.7/greenlet\n    copying src/greenlet/__init__.py -> build/lib.linux-x86_64-3.7/greenlet\n    creating build/lib.linux-x86_64-3.7/greenlet/tests\n    copying src/greenlet/tests/__init__.py -> build/lib.linux-x86_64-3.7/greenlet/tests\n    copying src/greenlet/tests/test_gc.py -> build/lib.linux-x86_64-3.7/greenlet/tests\n    copying src/greenlet/tests/test_weakref.py -> build/lib.linux-x86_64-3.7/greenlet/tests\n    copying src/greenlet/tests/leakcheck.py -> build/lib.linux-x86_64-3.7/greenlet/tests\n    copying src/greenlet/tests/test_version.py -> build/lib.linux-x86_64-3.7/greenlet/tests\n    copying src/greenlet/tests/test_cpp.py -> build/lib.linux-x86_64-3.7/greenlet/tests\n    copying src/greenlet/tests/test_generator_nested.py -> build/lib.linux-x86_64-3.7/greenlet/tests\n    copying src/greenlet/tests/test_generator.py -> build/lib.linux-x86_64-3.7/greenlet/tests\n    copying src/greenlet/tests/test_greenlet.py -> build/lib.linux-x86_64-3.7/greenlet/tests\n    copying src/greenlet/tests/test_throw.py -> build/lib.linux-x86_64-3.7/greenlet/tests\n    copying src/greenlet/tests/test_extension_interface.py -> build/lib.linux-x86_64-3.7/greenlet/tests\n    copying src/greenlet/tests/test_contextvars.py -> build/lib.linux-x86_64-3.7/greenlet/tests\n    copying src/greenlet/tests/test_tracing.py -> build/lib.linux-x86_64-3.7/greenlet/tests\n    copying src/greenlet/tests/test_stack_saved.py -> build/lib.linux-x86_64-3.7/greenlet/tests\n    copying src/greenlet/tests/test_greenlet_trash.py -> build/lib.linux-x86_64-3.7/greenlet/tests\n    copying src/greenlet/tests/test_leaks.py -> build/lib.linux-x86_64-3.7/greenlet/tests\n    creating build/lib.linux-x86_64-3.7/greenlet/platform\n    copying src/greenlet/platform/__init__.py -> build/lib.linux-x86_64-3.7/greenlet/platform\n    running egg_info\n    writing src/greenlet.egg-info/PKG-INFO\n    writing dependency_links to src/greenlet.egg-info/dependency_links.txt\n    writing requirements to src/greenlet.egg-info/requires.txt\n    writing top-level names to src/greenlet.egg-info/top_level.txt\n    reading manifest file 'src/greenlet.egg-info/SOURCES.txt'\n    reading manifest template 'MANIFEST.in'\n    warning: no previously-included files found matching 'benchmarks/*.json'\n    no previously-included directories found matching 'docs/_build'\n    warning: no files found matching '*.py' under directory 'appveyor'\n    warning: no previously-included files matching '*.pyc' found anywhere in distribution\n    warning: no previously-included files matching '*.pyd' found anywhere in distribution\n    warning: no previously-included files matching '*.so' found anywhere in distribution\n    warning: no previously-included files matching '.coverage' found anywhere in distribution\n    writing manifest file 'src/greenlet.egg-info/SOURCES.txt'\n    copying src/greenlet/greenlet.cpp -> build/lib.linux-x86_64-3.7/greenlet\n    copying src/greenlet/greenlet.h -> build/lib.linux-x86_64-3.7/greenlet\n    copying src/greenlet/greenlet_allocator.hpp -> build/lib.linux-x86_64-3.7/greenlet\n    copying src/greenlet/greenlet_compiler_compat.hpp -> build/lib.linux-x86_64-3.7/greenlet\n    copying src/greenlet/greenlet_cpython_compat.hpp -> build/lib.linux-x86_64-3.7/greenlet\n    copying src/greenlet/greenlet_exceptions.hpp -> build/lib.linux-x86_64-3.7/greenlet\n    copying src/greenlet/greenlet_greenlet.hpp -> build/lib.linux-x86_64-3.7/greenlet\n    copying src/greenlet/greenlet_internal.hpp -> build/lib.linux-x86_64-3.7/greenlet\n    copying src/greenlet/greenlet_refs.hpp -> build/lib.linux-x86_64-3.7/greenlet\n    copying src/greenlet/greenlet_slp_switch.hpp -> build/lib.linux-x86_64-3.7/greenlet\n    copying src/greenlet/greenlet_thread_state.hpp -> build/lib.linux-x86_64-3.7/greenlet\n    copying src/greenlet/greenlet_thread_state_dict_cleanup.hpp -> build/lib.linux-x86_64-3.7/greenlet\n    copying src/greenlet/greenlet_thread_support.hpp -> build/lib.linux-x86_64-3.7/greenlet\n    copying src/greenlet/slp_platformselect.h -> build/lib.linux-x86_64-3.7/greenlet\n    copying src/greenlet/tests/_test_extension.c -> build/lib.linux-x86_64-3.7/greenlet/tests\n    copying src/greenlet/tests/_test_extension_cpp.cpp -> build/lib.linux-x86_64-3.7/greenlet/tests\n    copying src/greenlet/platform/setup_switch_x64_masm.cmd -> build/lib.linux-x86_64-3.7/greenlet/platform\n    copying src/greenlet/platform/switch_aarch64_gcc.h -> build/lib.linux-x86_64-3.7/greenlet/platform\n    copying src/greenlet/platform/switch_alpha_unix.h -> build/lib.linux-x86_64-3.7/greenlet/platform\n    copying src/greenlet/platform/switch_amd64_unix.h -> build/lib.linux-x86_64-3.7/greenlet/platform\n    copying src/greenlet/platform/switch_arm32_gcc.h -> build/lib.linux-x86_64-3.7/greenlet/platform\n    copying src/greenlet/platform/switch_arm32_ios.h -> build/lib.linux-x86_64-3.7/greenlet/platform\n    copying src/greenlet/platform/switch_arm64_masm.asm -> build/lib.linux-x86_64-3.7/greenlet/platform\n    copying src/greenlet/platform/switch_arm64_masm.obj -> build/lib.linux-x86_64-3.7/greenlet/platform\n    copying src/greenlet/platform/switch_arm64_msvc.h -> build/lib.linux-x86_64-3.7/greenlet/platform\n    copying src/greenlet/platform/switch_csky_gcc.h -> build/lib.linux-x86_64-3.7/greenlet/platform\n    copying src/greenlet/platform/switch_m68k_gcc.h -> build/lib.linux-x86_64-3.7/greenlet/platform\n    copying src/greenlet/platform/switch_mips_unix.h -> build/lib.linux-x86_64-3.7/greenlet/platform\n    copying src/greenlet/platform/switch_ppc64_aix.h -> build/lib.linux-x86_64-3.7/greenlet/platform\n    copying src/greenlet/platform/switch_ppc64_linux.h -> build/lib.linux-x86_64-3.7/greenlet/platform\n    copying src/greenlet/platform/switch_ppc_aix.h -> build/lib.linux-x86_64-3.7/greenlet/platform\n    copying src/greenlet/platform/switch_ppc_linux.h -> build/lib.linux-x86_64-3.7/greenlet/platform\n    copying src/greenlet/platform/switch_ppc_macosx.h -> build/lib.linux-x86_64-3.7/greenlet/platform\n    copying src/greenlet/platform/switch_ppc_unix.h -> build/lib.linux-x86_64-3.7/greenlet/platform\n    copying src/greenlet/platform/switch_riscv_unix.h -> build/lib.linux-x86_64-3.7/greenlet/platform\n    copying src/greenlet/platform/switch_s390_unix.h -> build/lib.linux-x86_64-3.7/greenlet/platform\n    copying src/greenlet/platform/switch_sparc_sun_gcc.h -> build/lib.linux-x86_64-3.7/greenlet/platform\n    copying src/greenlet/platform/switch_x32_unix.h -> build/lib.linux-x86_64-3.7/greenlet/platform\n    copying src/greenlet/platform/switch_x64_masm.asm -> build/lib.linux-x86_64-3.7/greenlet/platform\n    copying src/greenlet/platform/switch_x64_masm.obj -> build/lib.linux-x86_64-3.7/greenlet/platform\n    copying src/greenlet/platform/switch_x64_msvc.h -> build/lib.linux-x86_64-3.7/greenlet/platform\n    copying src/greenlet/platform/switch_x86_msvc.h -> build/lib.linux-x86_64-3.7/greenlet/platform\n    copying src/greenlet/platform/switch_x86_unix.h -> build/lib.linux-x86_64-3.7/greenlet/platform\n    running build_ext\n    building 'greenlet._greenlet' extension\n    creating build/temp.linux-x86_64-3.7\n    creating build/temp.linux-x86_64-3.7/src\n    creating build/temp.linux-x86_64-3.7/src/greenlet\n    gcc -Wno-unused-result -Wsign-compare -DNDEBUG -g -fwrapv -O3 -Wall -DTHREAD_STACK_SIZE=0x100000 -fPIC -I/usr/local/include/python3.7m -c src/greenlet/greenlet.cpp -o build/temp.linux-x86_64-3.7/src/greenlet/greenlet.o\n    gcc: fatal error: cannot execute 'cc1plus': execvp: No such file or directory\n    compilation terminated.\n    error: command 'gcc' failed with exit status 1\n    ----------------------------------------\n    ERROR: Failed building wheel for greenlet\n    Running setup.py clean for greenlet\n  Successfully built cffi\n  Failed to build greenlet\n  Installing collected packages: setuptools, Cython, pycparser, cffi, greenlet\n      Running setup.py install for greenlet: started\n      Running setup.py install for greenlet: finished with status 'error'\n      ERROR: Command errored out with exit status 1:\n       command: /usr/local/bin/python -u -c 'import sys, setuptools, tokenize; sys.argv[0] = '\"'\"'/tmp/pip-install-ru_w_1of/greenlet/setup.py'\"'\"'; __file__='\"'\"'/tmp/pip-install-ru_w_1of/greenlet/setup.py'\"'\"';f=getattr(tokenize, '\"'\"'open'\"'\"', open)(__file__);code=f.read().replace('\"'\"'\\r\\n'\"'\"', '\"'\"'\\n'\"'\"');f.close();exec(compile(code, __file__, '\"'\"'exec'\"'\"'))' install --record /tmp/pip-record-zhz3yq9h/install-record.txt --single-version-externally-managed --prefix /tmp/pip-build-env-eb2xvlsi/overlay --compile --install-headers /tmp/pip-build-env-eb2xvlsi/overlay/include/python3.7m/greenlet\n           cwd: /tmp/pip-install-ru_w_1of/greenlet/\n      Complete output (93 lines):\n      running install\n      running build\n      running build_py\n      creating build\n      creating build/lib.linux-x86_64-3.7\n      creating build/lib.linux-x86_64-3.7/greenlet\n      copying src/greenlet/__init__.py -> build/lib.linux-x86_64-3.7/greenlet\n      creating build/lib.linux-x86_64-3.7/greenlet/tests\n      copying src/greenlet/tests/__init__.py -> build/lib.linux-x86_64-3.7/greenlet/tests\n      copying src/greenlet/tests/test_gc.py -> build/lib.linux-x86_64-3.7/greenlet/tests\n      copying src/greenlet/tests/test_weakref.py -> build/lib.linux-x86_64-3.7/greenlet/tests\n      copying src/greenlet/tests/leakcheck.py -> build/lib.linux-x86_64-3.7/greenlet/tests\n      copying src/greenlet/tests/test_version.py -> build/lib.linux-x86_64-3.7/greenlet/tests\n      copying src/greenlet/tests/test_cpp.py -> build/lib.linux-x86_64-3.7/greenlet/tests\n      copying src/greenlet/tests/test_generator_nested.py -> build/lib.linux-x86_64-3.7/greenlet/tests\n      copying src/greenlet/tests/test_generator.py -> build/lib.linux-x86_64-3.7/greenlet/tests\n      copying src/greenlet/tests/test_greenlet.py -> build/lib.linux-x86_64-3.7/greenlet/tests\n      copying src/greenlet/tests/test_throw.py -> build/lib.linux-x86_64-3.7/greenlet/tests\n      copying src/greenlet/tests/test_extension_interface.py -> build/lib.linux-x86_64-3.7/greenlet/tests\n      copying src/greenlet/tests/test_contextvars.py -> build/lib.linux-x86_64-3.7/greenlet/tests\n      copying src/greenlet/tests/test_tracing.py -> build/lib.linux-x86_64-3.7/greenlet/tests\n      copying src/greenlet/tests/test_stack_saved.py -> build/lib.linux-x86_64-3.7/greenlet/tests\n      copying src/greenlet/tests/test_greenlet_trash.py -> build/lib.linux-x86_64-3.7/greenlet/tests\n      copying src/greenlet/tests/test_leaks.py -> build/lib.linux-x86_64-3.7/greenlet/tests\n      creating build/lib.linux-x86_64-3.7/greenlet/platform\n      copying src/greenlet/platform/__init__.py -> build/lib.linux-x86_64-3.7/greenlet/platform\n      running egg_info\n      writing src/greenlet.egg-info/PKG-INFO\n      writing dependency_links to src/greenlet.egg-info/dependency_links.txt\n      writing requirements to src/greenlet.egg-info/requires.txt\n      writing top-level names to src/greenlet.egg-info/top_level.txt\n      reading manifest file 'src/greenlet.egg-info/SOURCES.txt'\n      reading manifest template 'MANIFEST.in'\n      warning: no previously-included files found matching 'benchmarks/*.json'\n      no previously-included directories found matching 'docs/_build'\n      warning: no files found matching '*.py' under directory 'appveyor'\n      warning: no previously-included files matching '*.pyc' found anywhere in distribution\n      warning: no previously-included files matching '*.pyd' found anywhere in distribution\n      warning: no previously-included files matching '*.so' found anywhere in distribution\n      warning: no previously-included files matching '.coverage' found anywhere in distribution\n      writing manifest file 'src/greenlet.egg-info/SOURCES.txt'\n      copying src/greenlet/greenlet.cpp -> build/lib.linux-x86_64-3.7/greenlet\n      copying src/greenlet/greenlet.h -> build/lib.linux-x86_64-3.7/greenlet\n      copying src/greenlet/greenlet_allocator.hpp -> build/lib.linux-x86_64-3.7/greenlet\n      copying src/greenlet/greenlet_compiler_compat.hpp -> build/lib.linux-x86_64-3.7/greenlet\n      copying src/greenlet/greenlet_cpython_compat.hpp -> build/lib.linux-x86_64-3.7/greenlet\n      copying src/greenlet/greenlet_exceptions.hpp -> build/lib.linux-x86_64-3.7/greenlet\n      copying src/greenlet/greenlet_greenlet.hpp -> build/lib.linux-x86_64-3.7/greenlet\n      copying src/greenlet/greenlet_internal.hpp -> build/lib.linux-x86_64-3.7/greenlet\n      copying src/greenlet/greenlet_refs.hpp -> build/lib.linux-x86_64-3.7/greenlet\n      copying src/greenlet/greenlet_slp_switch.hpp -> build/lib.linux-x86_64-3.7/greenlet\n      copying src/greenlet/greenlet_thread_state.hpp -> build/lib.linux-x86_64-3.7/greenlet\n      copying src/greenlet/greenlet_thread_state_dict_cleanup.hpp -> build/lib.linux-x86_64-3.7/greenlet\n      copying src/greenlet/greenlet_thread_support.hpp -> build/lib.linux-x86_64-3.7/greenlet\n      copying src/greenlet/slp_platformselect.h -> build/lib.linux-x86_64-3.7/greenlet\n      copying src/greenlet/tests/_test_extension.c -> build/lib.linux-x86_64-3.7/greenlet/tests\n      copying src/greenlet/tests/_test_extension_cpp.cpp -> build/lib.linux-x86_64-3.7/greenlet/tests\n      copying src/greenlet/platform/setup_switch_x64_masm.cmd -> build/lib.linux-x86_64-3.7/greenlet/platform\n      copying src/greenlet/platform/switch_aarch64_gcc.h -> build/lib.linux-x86_64-3.7/greenlet/platform\n      copying src/greenlet/platform/switch_alpha_unix.h -> build/lib.linux-x86_64-3.7/greenlet/platform\n      copying src/greenlet/platform/switch_amd64_unix.h -> build/lib.linux-x86_64-3.7/greenlet/platform\n      copying src/greenlet/platform/switch_arm32_gcc.h -> build/lib.linux-x86_64-3.7/greenlet/platform\n      copying src/greenlet/platform/switch_arm32_ios.h -> build/lib.linux-x86_64-3.7/greenlet/platform\n      copying src/greenlet/platform/switch_arm64_masm.asm -> build/lib.linux-x86_64-3.7/greenlet/platform\n      copying src/greenlet/platform/switch_arm64_masm.obj -> build/lib.linux-x86_64-3.7/greenlet/platform\n      copying src/greenlet/platform/switch_arm64_msvc.h -> build/lib.linux-x86_64-3.7/greenlet/platform\n      copying src/greenlet/platform/switch_csky_gcc.h -> build/lib.linux-x86_64-3.7/greenlet/platform\n      copying src/greenlet/platform/switch_m68k_gcc.h -> build/lib.linux-x86_64-3.7/greenlet/platform\n      copying src/greenlet/platform/switch_mips_unix.h -> build/lib.linux-x86_64-3.7/greenlet/platform\n      copying src/greenlet/platform/switch_ppc64_aix.h -> build/lib.linux-x86_64-3.7/greenlet/platform\n      copying src/greenlet/platform/switch_ppc64_linux.h -> build/lib.linux-x86_64-3.7/greenlet/platform\n      copying src/greenlet/platform/switch_ppc_aix.h -> build/lib.linux-x86_64-3.7/greenlet/platform\n      copying src/greenlet/platform/switch_ppc_linux.h -> build/lib.linux-x86_64-3.7/greenlet/platform\n      copying src/greenlet/platform/switch_ppc_macosx.h -> build/lib.linux-x86_64-3.7/greenlet/platform\n      copying src/greenlet/platform/switch_ppc_unix.h -> build/lib.linux-x86_64-3.7/greenlet/platform\n      copying src/greenlet/platform/switch_riscv_unix.h -> build/lib.linux-x86_64-3.7/greenlet/platform\n      copying src/greenlet/platform/switch_s390_unix.h -> build/lib.linux-x86_64-3.7/greenlet/platform\n      copying src/greenlet/platform/switch_sparc_sun_gcc.h -> build/lib.linux-x86_64-3.7/greenlet/platform\n      copying src/greenlet/platform/switch_x32_unix.h -> build/lib.linux-x86_64-3.7/greenlet/platform\n      copying src/greenlet/platform/switch_x64_masm.asm -> build/lib.linux-x86_64-3.7/greenlet/platform\n      copying src/greenlet/platform/switch_x64_masm.obj -> build/lib.linux-x86_64-3.7/greenlet/platform\n      copying src/greenlet/platform/switch_x64_msvc.h -> build/lib.linux-x86_64-3.7/greenlet/platform\n      copying src/greenlet/platform/switch_x86_msvc.h -> build/lib.linux-x86_64-3.7/greenlet/platform\n      copying src/greenlet/platform/switch_x86_unix.h -> build/lib.linux-x86_64-3.7/greenlet/platform\n      running build_ext\n      building 'greenlet._greenlet' extension\n      creating build/temp.linux-x86_64-3.7\n      creating build/temp.linux-x86_64-3.7/src\n      creating build/temp.linux-x86_64-3.7/src/greenlet\n      gcc -Wno-unused-result -Wsign-compare -DNDEBUG -g -fwrapv -O3 -Wall -DTHREAD_STACK_SIZE=0x100000 -fPIC -I/usr/local/include/python3.7m -c src/greenlet/greenlet.cpp -o build/temp.linux-x86_64-3.7/src/greenlet/greenlet.o\n      gcc: fatal error: cannot execute 'cc1plus': execvp: No such file or directory\n      compilation terminated.\n      error: command 'gcc' failed with exit status 1\n      ----------------------------------------\n  ERROR: Command errored out with exit status 1: /usr/local/bin/python -u -c 'import sys, setuptools, tokenize; sys.argv[0] = '\"'\"'/tmp/pip-install-ru_w_1of/greenlet/setup.py'\"'\"'; __file__='\"'\"'/tmp/pip-install-ru_w_1of/greenlet/setup.py'\"'\"';f=getattr(tokenize, '\"'\"'open'\"'\"', open)(__file__);code=f.read().replace('\"'\"'\\r\\n'\"'\"', '\"'\"'\\n'\"'\"');f.close();exec(compile(code, __file__, '\"'\"'exec'\"'\"'))' install --record /tmp/pip-record-zhz3yq9h/install-record.txt --single-version-externally-managed --prefix /tmp/pip-build-env-eb2xvlsi/overlay --compile --install-headers /tmp/pip-build-env-eb2xvlsi/overlay/include/python3.7m/greenlet Check the logs for full command output.\n  WARNING: You are using pip version 20.0.2; however, version 22.3.1 is available.\n  You should consider upgrading via the '/usr/local/bin/python -m pip install --upgrade pip' command.\n  ----------------------------------------\n\u001b[0m\u001b[91mERROR: Command errored out with exit status 1: /usr/local/bin/python /usr/local/lib/python3.7/site-packages/pip install --ignore-installed --no-user --prefix /tmp/pip-build-env-eb2xvlsi/overlay --no-warn-script-location --no-binary :none: --only-binary :none: -i https://pypi.org/simple -- 'setuptools >= 40.8.0' 'Cython >= 3.0a11' 'cffi >= 1.12.3 ; platform_python_implementation == '\"'\"'CPython'\"'\"'' 'greenlet >= 2.0.0 ; platform_python_implementation == '\"'\"'CPython'\"'\"'' Check the logs for full command output.\n\u001b[0m\u001b[91mWARNING: You are using pip version 20.0.2; however, version 22.3.1 is available.\nYou should consider upgrading via the '/usr/local/bin/python -m pip install --upgrade pip' command.\n\u001b[0mRemoving intermediate container 79825357928b\n","stderr":"The command '/bin/sh -c pip install gunicorn gevent' returned a non-zero code: 1\n"}}