{"repository":"https://github.com/kylmakalle/tgvkbot","dockerfilePath":"Dockerfile","startTime":1672091746751,"clone":{"stdout":"","stderr":"Cloning into '/tmp/dinghy-analysis/kylmakalle/tgvkbot'...\n","error":null,"commit":"2bdeecac4a22bb8877cd1c02dada40f059ff5087"},"originalBuild":{"startTimestamp":1672091747571,"endTimestamp":1672091855931,"error":null,"stdout":"Sending build context to Docker daemon  246.3kB\r\r\nStep 1/9 : FROM python:3.6-slim AS builder\n3.6-slim: Pulling from library/python\na2abf6c4d29d: Pulling fs layer\n625294dad115: Pulling fs layer\n838e3a5a04bf: Pulling fs layer\ne93b4e59b689: Pulling fs layer\nc4401b8c7f9e: Pulling fs layer\na2abf6c4d29d: Waiting\n838e3a5a04bf: Waiting\n625294dad115: Waiting\ne93b4e59b689: Waiting\n625294dad115: Verifying Checksum\n625294dad115: Download complete\na2abf6c4d29d: Verifying Checksum\na2abf6c4d29d: Download complete\n838e3a5a04bf: Verifying Checksum\n838e3a5a04bf: Download complete\ne93b4e59b689: Verifying Checksum\ne93b4e59b689: Download complete\nc4401b8c7f9e: Verifying Checksum\nc4401b8c7f9e: Download complete\na2abf6c4d29d: Pull complete\n625294dad115: Pull complete\n838e3a5a04bf: Pull complete\ne93b4e59b689: Pull complete\nc4401b8c7f9e: Pull complete\nDigest: sha256:2cfebc27956e6a55f78606864d91fe527696f9e32a724e6f9702b5f9602d0474\nStatus: Downloaded newer image for python:3.6-slim\n ---> c1e40b69532f\nStep 2/9 : RUN apt-get update && apt-get install -y gcc\n ---> Running in 8de4fe19a40f\nGet:1 http://deb.debian.org/debian bullseye InRelease [116 kB]\nGet:2 http://security.debian.org/debian-security bullseye-security InRelease [48.4 kB]\nGet:3 http://deb.debian.org/debian bullseye-updates InRelease [44.1 kB]\nGet:4 http://security.debian.org/debian-security bullseye-security/main amd64 Packages [210 kB]\nGet:5 http://deb.debian.org/debian bullseye/main amd64 Packages [8183 kB]\nGet:6 http://deb.debian.org/debian bullseye-updates/main amd64 Packages [14.6 kB]\nFetched 8616 kB in 1s (6240 kB/s)\nReading package lists...\nReading package lists...\nBuilding dependency tree...\nReading state information...\nThe following additional packages will be installed:\n  binutils binutils-common binutils-x86-64-linux-gnu cpp cpp-10\n  fontconfig-config fonts-dejavu-core gcc-10 libasan6 libatomic1 libbinutils\n  libbrotli1 libbsd0 libc-dev-bin libc-devtools libc6 libc6-dev libcc1-0\n  libcrypt-dev libctf-nobfd0 libctf0 libdeflate0 libfontconfig1 libfreetype6\n  libgcc-10-dev libgd3 libgomp1 libisl23 libitm1 libjbig0 libjpeg62-turbo\n  liblsan0 libmd0 libmpc3 libmpfr6 libnsl-dev libpng16-16 libquadmath0\n  libtiff5 libtirpc-common libtirpc-dev libtirpc3 libtsan0 libubsan1 libwebp6\n  libx11-6 libx11-data libxau6 libxcb1 libxdmcp6 libxpm4 linux-libc-dev\n  manpages manpages-dev sensible-utils ucf\nSuggested packages:\n  binutils-doc cpp-doc gcc-10-locales gcc-multilib make autoconf automake\n  libtool flex bison gdb gcc-doc gcc-10-multilib gcc-10-doc glibc-doc\n  libc-l10n locales libgd-tools man-browser\nRecommended packages:\n  libnss-nis libnss-nisplus\nThe following NEW packages will be installed:\n  binutils binutils-common binutils-x86-64-linux-gnu cpp cpp-10\n  fontconfig-config fonts-dejavu-core gcc gcc-10 libasan6 libatomic1\n  libbinutils libbrotli1 libbsd0 libc-dev-bin libc-devtools libc6-dev libcc1-0\n  libcrypt-dev libctf-nobfd0 libctf0 libdeflate0 libfontconfig1 libfreetype6\n  libgcc-10-dev libgd3 libgomp1 libisl23 libitm1 libjbig0 libjpeg62-turbo\n  liblsan0 libmd0 libmpc3 libmpfr6 libnsl-dev libpng16-16 libquadmath0\n  libtiff5 libtirpc-dev libtsan0 libubsan1 libwebp6 libx11-6 libx11-data\n  libxau6 libxcb1 libxdmcp6 libxpm4 linux-libc-dev manpages manpages-dev\n  sensible-utils ucf\nThe following packages will be upgraded:\n  libc6 libtirpc-common libtirpc3\n3 upgraded, 54 newly installed, 0 to remove and 29 not upgraded.\nNeed to get 58.0 MB of archives.\nAfter this operation, 193 MB of additional disk space will be used.\nGet:1 http://deb.debian.org/debian bullseye/main amd64 libc6 amd64 2.31-13+deb11u5 [2825 kB]\nGet:2 http://deb.debian.org/debian bullseye/main amd64 libtirpc-common all 1.3.1-1+deb11u1 [13.5 kB]\nGet:3 http://deb.debian.org/debian bullseye/main amd64 libtirpc3 amd64 1.3.1-1+deb11u1 [84.1 kB]\nGet:4 http://deb.debian.org/debian bullseye/main amd64 sensible-utils all 0.0.14 [14.8 kB]\nGet:5 http://deb.debian.org/debian bullseye/main amd64 manpages all 5.10-1 [1412 kB]\nGet:6 http://deb.debian.org/debian bullseye/main amd64 ucf all 3.0043 [74.0 kB]\nGet:7 http://deb.debian.org/debian bullseye/main amd64 binutils-common amd64 2.35.2-2 [2220 kB]\nGet:8 http://deb.debian.org/debian bullseye/main amd64 libbinutils amd64 2.35.2-2 [570 kB]\nGet:9 http://deb.debian.org/debian bullseye/main amd64 libctf-nobfd0 amd64 2.35.2-2 [110 kB]\nGet:10 http://deb.debian.org/debian bullseye/main amd64 libctf0 amd64 2.35.2-2 [53.2 kB]\nGet:11 http://deb.debian.org/debian bullseye/main amd64 binutils-x86-64-linux-gnu amd64 2.35.2-2 [1809 kB]\nGet:12 http://deb.debian.org/debian bullseye/main amd64 binutils amd64 2.35.2-2 [61.2 kB]\nGet:13 http://deb.debian.org/debian bullseye/main amd64 libisl23 amd64 0.23-1 [676 kB]\nGet:14 http://deb.debian.org/debian bullseye/main amd64 libmpfr6 amd64 4.1.0-3 [2012 kB]\nGet:15 http://deb.debian.org/debian bullseye/main amd64 libmpc3 amd64 1.2.0-1 [45.0 kB]\nGet:16 http://deb.debian.org/debian bullseye/main amd64 cpp-10 amd64 10.2.1-6 [8528 kB]\nGet:17 http://deb.debian.org/debian bullseye/main amd64 cpp amd64 4:10.2.1-1 [19.7 kB]\nGet:18 http://deb.debian.org/debian bullseye/main amd64 fonts-dejavu-core all 2.37-2 [1069 kB]\nGet:19 http://deb.debian.org/debian bullseye/main amd64 fontconfig-config all 2.13.1-4.2 [281 kB]\nGet:20 http://deb.debian.org/debian bullseye/main amd64 libcc1-0 amd64 10.2.1-6 [47.0 kB]\nGet:21 http://deb.debian.org/debian bullseye/main amd64 libgomp1 amd64 10.2.1-6 [99.9 kB]\nGet:22 http://deb.debian.org/debian bullseye/main amd64 libitm1 amd64 10.2.1-6 [25.8 kB]\nGet:23 http://deb.debian.org/debian bullseye/main amd64 libatomic1 amd64 10.2.1-6 [9008 B]\nGet:24 http://deb.debian.org/debian bullseye/main amd64 libasan6 amd64 10.2.1-6 [2065 kB]\nGet:25 http://deb.debian.org/debian bullseye/main amd64 liblsan0 amd64 10.2.1-6 [828 kB]\nGet:26 http://deb.debian.org/debian bullseye/main amd64 libtsan0 amd64 10.2.1-6 [2000 kB]\nGet:27 http://deb.debian.org/debian bullseye/main amd64 libubsan1 amd64 10.2.1-6 [777 kB]\nGet:28 http://deb.debian.org/debian bullseye/main amd64 libquadmath0 amd64 10.2.1-6 [145 kB]\nGet:29 http://deb.debian.org/debian bullseye/main amd64 libgcc-10-dev amd64 10.2.1-6 [2328 kB]\nGet:30 http://deb.debian.org/debian bullseye/main amd64 gcc-10 amd64 10.2.1-6 [17.0 MB]\nGet:31 http://deb.debian.org/debian bullseye/main amd64 gcc amd64 4:10.2.1-1 [5192 B]\nGet:32 http://deb.debian.org/debian bullseye/main amd64 libbrotli1 amd64 1.0.9-2+b2 [279 kB]\nGet:33 http://deb.debian.org/debian bullseye/main amd64 libmd0 amd64 1.0.3-3 [28.0 kB]\nGet:34 http://deb.debian.org/debian bullseye/main amd64 libbsd0 amd64 0.11.3-1 [108 kB]\nGet:35 http://deb.debian.org/debian bullseye/main amd64 libc-dev-bin amd64 2.31-13+deb11u5 [276 kB]\nGet:36 http://deb.debian.org/debian bullseye/main amd64 libpng16-16 amd64 1.6.37-3 [294 kB]\nGet:37 http://deb.debian.org/debian bullseye/main amd64 libfreetype6 amd64 2.10.4+dfsg-1+deb11u1 [418 kB]\nGet:38 http://deb.debian.org/debian bullseye/main amd64 libfontconfig1 amd64 2.13.1-4.2 [347 kB]\nGet:39 http://deb.debian.org/debian bullseye/main amd64 libjpeg62-turbo amd64 1:2.0.6-4 [151 kB]\nGet:40 http://deb.debian.org/debian bullseye/main amd64 libdeflate0 amd64 1.7-1 [53.1 kB]\nGet:41 http://deb.debian.org/debian bullseye/main amd64 libjbig0 amd64 2.1-3.1+b2 [31.0 kB]\nGet:42 http://deb.debian.org/debian bullseye/main amd64 libwebp6 amd64 0.6.1-2.1 [258 kB]\nGet:43 http://deb.debian.org/debian bullseye/main amd64 libtiff5 amd64 4.2.0-1+deb11u1 [289 kB]\nGet:44 http://deb.debian.org/debian bullseye/main amd64 libxau6 amd64 1:1.0.9-1 [19.7 kB]\nGet:45 http://deb.debian.org/debian bullseye/main amd64 libxdmcp6 amd64 1:1.1.2-3 [26.3 kB]\nGet:46 http://deb.debian.org/debian bullseye/main amd64 libxcb1 amd64 1.14-3 [140 kB]\nGet:47 http://deb.debian.org/debian bullseye/main amd64 libx11-data all 2:1.7.2-1 [311 kB]\nGet:48 http://deb.debian.org/debian bullseye/main amd64 libx11-6 amd64 2:1.7.2-1 [772 kB]\nGet:49 http://deb.debian.org/debian bullseye/main amd64 libxpm4 amd64 1:3.5.12-1 [49.1 kB]\nGet:50 http://deb.debian.org/debian bullseye/main amd64 libgd3 amd64 2.3.0-2 [137 kB]\nGet:51 http://deb.debian.org/debian bullseye/main amd64 libc-devtools amd64 2.31-13+deb11u5 [246 kB]\nGet:52 http://deb.debian.org/debian bullseye/main amd64 linux-libc-dev amd64 5.10.158-2 [1571 kB]\nGet:53 http://deb.debian.org/debian bullseye/main amd64 libcrypt-dev amd64 1:4.4.18-4 [104 kB]\nGet:54 http://deb.debian.org/debian bullseye/main amd64 libtirpc-dev amd64 1.3.1-1+deb11u1 [191 kB]\nGet:55 http://deb.debian.org/debian bullseye/main amd64 libnsl-dev amd64 1.3.0-2 [66.4 kB]\nGet:56 http://deb.debian.org/debian bullseye/main amd64 libc6-dev amd64 2.31-13+deb11u5 [2359 kB]\nGet:57 http://deb.debian.org/debian bullseye/main amd64 manpages-dev all 5.10-1 [2309 kB]\n\u001b[91mdebconf: delaying package configuration, since apt-utils is not installed\n\u001b[0mFetched 58.0 MB in 1s (77.5 MB/s)\n(Reading database ... \r(Reading database ... 5%\r(Reading database ... 10%\r(Reading database ... 15%\r(Reading database ... 20%\r(Reading database ... 25%\r(Reading database ... 30%\r(Reading database ... 35%\r(Reading database ... 40%\r(Reading database ... 45%\r(Reading database ... 50%\r(Reading database ... 55%\r(Reading database ... 60%\r(Reading database ... 65%\r(Reading database ... 70%\r(Reading database ... 75%\r(Reading database ... 80%\r(Reading database ... 85%\r(Reading database ... 90%\r(Reading database ... 95%\r(Reading database ... 100%\r(Reading database ... 7023 files and directories currently installed.)\r\nPreparing to unpack .../libc6_2.31-13+deb11u5_amd64.deb ...\r\ndebconf: unable to initialize frontend: Dialog\r\ndebconf: (TERM is not set, so the dialog frontend is not usable.)\r\ndebconf: falling back to frontend: Readline\r\ndebconf: unable to initialize frontend: Readline\r\ndebconf: (Can't locate Term/ReadLine.pm in @INC (you may need to install the Term::ReadLine module) (@INC contains: /etc/perl /usr/local/lib/x86_64-linux-gnu/perl/5.32.1 /usr/local/share/perl/5.32.1 /usr/lib/x86_64-linux-gnu/perl5/5.32 /usr/share/perl5 /usr/lib/x86_64-linux-gnu/perl-base /usr/lib/x86_64-linux-gnu/perl/5.32 /usr/share/perl/5.32 /usr/local/lib/site_perl) at /usr/share/perl5/Debconf/FrontEnd/Readline.pm line 7.)\r\ndebconf: falling back to frontend: Teletype\r\ndebconf: unable to initialize frontend: Dialog\r\ndebconf: (TERM is not set, so the dialog frontend is not usable.)\r\ndebconf: falling back to frontend: Readline\r\ndebconf: unable to initialize frontend: Readline\r\ndebconf: (Can't locate Term/ReadLine.pm in @INC (you may need to install the Term::ReadLine module) (@INC contains: /etc/perl /usr/local/lib/x86_64-linux-gnu/perl/5.32.1 /usr/local/share/perl/5.32.1 /usr/lib/x86_64-linux-gnu/perl5/5.32 /usr/share/perl5 /usr/lib/x86_64-linux-gnu/perl-base /usr/lib/x86_64-linux-gnu/perl/5.32 /usr/share/perl/5.32 /usr/local/lib/site_perl) at /usr/share/perl5/Debconf/FrontEnd/Readline.pm line 7.)\r\ndebconf: falling back to frontend: Teletype\r\nUnpacking libc6:amd64 (2.31-13+deb11u5) over (2.31-13+deb11u2) ...\r\nSetting up libc6:amd64 (2.31-13+deb11u5) ...\r\ndebconf: unable to initialize frontend: Dialog\r\ndebconf: (TERM is not set, so the dialog frontend is not usable.)\r\ndebconf: falling back to frontend: Readline\r\ndebconf: unable to initialize frontend: Readline\r\ndebconf: (Can't locate Term/ReadLine.pm in @INC (you may need to install the Term::ReadLine module) (@INC contains: /etc/perl /usr/local/lib/x86_64-linux-gnu/perl/5.32.1 /usr/local/share/perl/5.32.1 /usr/lib/x86_64-linux-gnu/perl5/5.32 /usr/share/perl5 /usr/lib/x86_64-linux-gnu/perl-base /usr/lib/x86_64-linux-gnu/perl/5.32 /usr/share/perl/5.32 /usr/local/lib/site_perl) at /usr/share/perl5/Debconf/FrontEnd/Readline.pm line 7.)\r\ndebconf: falling back to frontend: Teletype\r\n(Reading database ... \r(Reading database ... 5%\r(Reading database ... 10%\r(Reading database ... 15%\r(Reading database ... 20%\r(Reading database ... 25%\r(Reading database ... 30%\r(Reading database ... 35%\r(Reading database ... 40%\r(Reading database ... 45%\r(Reading database ... 50%\r(Reading database ... 55%\r(Reading database ... 60%\r(Reading database ... 65%\r(Reading database ... 70%\r(Reading database ... 75%\r(Reading database ... 80%\r(Reading database ... 85%\r(Reading database ... 90%\r(Reading database ... 95%\r(Reading database ... 100%\r(Reading database ... 7023 files and directories currently installed.)\r\nPreparing to unpack .../libtirpc-common_1.3.1-1+deb11u1_all.deb ...\r\nUnpacking libtirpc-common (1.3.1-1+deb11u1) over (1.3.1-1) ...\r\nSetting up libtirpc-common (1.3.1-1+deb11u1) ...\r\n(Reading database ... \r(Reading database ... 5%\r(Reading database ... 10%\r(Reading database ... 15%\r(Reading database ... 20%\r(Reading database ... 25%\r(Reading database ... 30%\r(Reading database ... 35%\r(Reading database ... 40%\r(Reading database ... 45%\r(Reading database ... 50%\r(Reading database ... 55%\r(Reading database ... 60%\r(Reading database ... 65%\r(Reading database ... 70%\r(Reading database ... 75%\r(Reading database ... 80%\r(Reading database ... 85%\r(Reading database ... 90%\r(Reading database ... 95%\r(Reading database ... 100%\r(Reading database ... 7023 files and directories currently installed.)\r\nPreparing to unpack .../libtirpc3_1.3.1-1+deb11u1_amd64.deb ...\r\nUnpacking libtirpc3:amd64 (1.3.1-1+deb11u1) over (1.3.1-1) ...\r\nSetting up libtirpc3:amd64 (1.3.1-1+deb11u1) ...\r\nSelecting previously unselected package sensible-utils.\r\n(Reading database ... \r(Reading database ... 5%\r(Reading database ... 10%\r(Reading database ... 15%\r(Reading database ... 20%\r(Reading database ... 25%\r(Reading database ... 30%\r(Reading database ... 35%\r(Reading database ... 40%\r(Reading database ... 45%\r(Reading database ... 50%\r(Reading database ... 55%\r(Reading database ... 60%\r(Reading database ... 65%\r(Reading database ... 70%\r(Reading database ... 75%\r(Reading database ... 80%\r(Reading database ... 85%\r(Reading database ... 90%\r(Reading database ... 95%\r(Reading database ... 100%\r(Reading database ... 7023 files and directories currently installed.)\r\nPreparing to unpack .../00-sensible-utils_0.0.14_all.deb ...\r\nUnpacking sensible-utils (0.0.14) ...\r\nSelecting previously unselected package manpages.\r\nPreparing to unpack .../01-manpages_5.10-1_all.deb ...\r\nUnpacking manpages (5.10-1) ...\r\nSelecting previously unselected package ucf.\r\nPreparing to unpack .../02-ucf_3.0043_all.deb ...\r\nMoving old data out of the way\r\nUnpacking ucf (3.0043) ...\r\nSelecting previously unselected package binutils-common:amd64.\r\nPreparing to unpack .../03-binutils-common_2.35.2-2_amd64.deb ...\r\nUnpacking binutils-common:amd64 (2.35.2-2) ...\r\nSelecting previously unselected package libbinutils:amd64.\r\nPreparing to unpack .../04-libbinutils_2.35.2-2_amd64.deb ...\r\nUnpacking libbinutils:amd64 (2.35.2-2) ...\r\nSelecting previously unselected package libctf-nobfd0:amd64.\r\nPreparing to unpack .../05-libctf-nobfd0_2.35.2-2_amd64.deb ...\r\nUnpacking libctf-nobfd0:amd64 (2.35.2-2) ...\r\nSelecting previously unselected package libctf0:amd64.\r\nPreparing to unpack .../06-libctf0_2.35.2-2_amd64.deb ...\r\nUnpacking libctf0:amd64 (2.35.2-2) ...\r\nSelecting previously unselected package binutils-x86-64-linux-gnu.\r\nPreparing to unpack .../07-binutils-x86-64-linux-gnu_2.35.2-2_amd64.deb ...\r\nUnpacking binutils-x86-64-linux-gnu (2.35.2-2) ...\r\nSelecting previously unselected package binutils.\r\nPreparing to unpack .../08-binutils_2.35.2-2_amd64.deb ...\r\nUnpacking binutils (2.35.2-2) ...\r\nSelecting previously unselected package libisl23:amd64.\r\nPreparing to unpack .../09-libisl23_0.23-1_amd64.deb ...\r\nUnpacking libisl23:amd64 (0.23-1) ...\r\nSelecting previously unselected package libmpfr6:amd64.\r\nPreparing to unpack .../10-libmpfr6_4.1.0-3_amd64.deb ...\r\nUnpacking libmpfr6:amd64 (4.1.0-3) ...\r\nSelecting previously unselected package libmpc3:amd64.\r\nPreparing to unpack .../11-libmpc3_1.2.0-1_amd64.deb ...\r\nUnpacking libmpc3:amd64 (1.2.0-1) ...\r\nSelecting previously unselected package cpp-10.\r\nPreparing to unpack .../12-cpp-10_10.2.1-6_amd64.deb ...\r\nUnpacking cpp-10 (10.2.1-6) ...\r\nSelecting previously unselected package cpp.\r\nPreparing to unpack .../13-cpp_4%3a10.2.1-1_amd64.deb ...\r\nUnpacking cpp (4:10.2.1-1) ...\r\nSelecting previously unselected package fonts-dejavu-core.\r\nPreparing to unpack .../14-fonts-dejavu-core_2.37-2_all.deb ...\r\nUnpacking fonts-dejavu-core (2.37-2) ...\r\nSelecting previously unselected package fontconfig-config.\r\nPreparing to unpack .../15-fontconfig-config_2.13.1-4.2_all.deb ...\r\nUnpacking fontconfig-config (2.13.1-4.2) ...\r\nSelecting previously unselected package libcc1-0:amd64.\r\nPreparing to unpack .../16-libcc1-0_10.2.1-6_amd64.deb ...\r\nUnpacking libcc1-0:amd64 (10.2.1-6) ...\r\nSelecting previously unselected package libgomp1:amd64.\r\nPreparing to unpack .../17-libgomp1_10.2.1-6_amd64.deb ...\r\nUnpacking libgomp1:amd64 (10.2.1-6) ...\r\nSelecting previously unselected package libitm1:amd64.\r\nPreparing to unpack .../18-libitm1_10.2.1-6_amd64.deb ...\r\nUnpacking libitm1:amd64 (10.2.1-6) ...\r\nSelecting previously unselected package libatomic1:amd64.\r\nPreparing to unpack .../19-libatomic1_10.2.1-6_amd64.deb ...\r\nUnpacking libatomic1:amd64 (10.2.1-6) ...\r\nSelecting previously unselected package libasan6:amd64.\r\nPreparing to unpack .../20-libasan6_10.2.1-6_amd64.deb ...\r\nUnpacking libasan6:amd64 (10.2.1-6) ...\r\nSelecting previously unselected package liblsan0:amd64.\r\nPreparing to unpack .../21-liblsan0_10.2.1-6_amd64.deb ...\r\nUnpacking liblsan0:amd64 (10.2.1-6) ...\r\nSelecting previously unselected package libtsan0:amd64.\r\nPreparing to unpack .../22-libtsan0_10.2.1-6_amd64.deb ...\r\nUnpacking libtsan0:amd64 (10.2.1-6) ...\r\nSelecting previously unselected package libubsan1:amd64.\r\nPreparing to unpack .../23-libubsan1_10.2.1-6_amd64.deb ...\r\nUnpacking libubsan1:amd64 (10.2.1-6) ...\r\nSelecting previously unselected package libquadmath0:amd64.\r\nPreparing to unpack .../24-libquadmath0_10.2.1-6_amd64.deb ...\r\nUnpacking libquadmath0:amd64 (10.2.1-6) ...\r\nSelecting previously unselected package libgcc-10-dev:amd64.\r\nPreparing to unpack .../25-libgcc-10-dev_10.2.1-6_amd64.deb ...\r\nUnpacking libgcc-10-dev:amd64 (10.2.1-6) ...\r\nSelecting previously unselected package gcc-10.\r\nPreparing to unpack .../26-gcc-10_10.2.1-6_amd64.deb ...\r\nUnpacking gcc-10 (10.2.1-6) ...\r\nSelecting previously unselected package gcc.\r\nPreparing to unpack .../27-gcc_4%3a10.2.1-1_amd64.deb ...\r\nUnpacking gcc (4:10.2.1-1) ...\r\nSelecting previously unselected package libbrotli1:amd64.\r\nPreparing to unpack .../28-libbrotli1_1.0.9-2+b2_amd64.deb ...\r\nUnpacking libbrotli1:amd64 (1.0.9-2+b2) ...\r\nSelecting previously unselected package libmd0:amd64.\r\nPreparing to unpack .../29-libmd0_1.0.3-3_amd64.deb ...\r\nUnpacking libmd0:amd64 (1.0.3-3) ...\r\nSelecting previously unselected package libbsd0:amd64.\r\nPreparing to unpack .../30-libbsd0_0.11.3-1_amd64.deb ...\r\nUnpacking libbsd0:amd64 (0.11.3-1) ...\r\nSelecting previously unselected package libc-dev-bin.\r\nPreparing to unpack .../31-libc-dev-bin_2.31-13+deb11u5_amd64.deb ...\r\nUnpacking libc-dev-bin (2.31-13+deb11u5) ...\r\nSelecting previously unselected package libpng16-16:amd64.\r\nPreparing to unpack .../32-libpng16-16_1.6.37-3_amd64.deb ...\r\nUnpacking libpng16-16:amd64 (1.6.37-3) ...\r\nSelecting previously unselected package libfreetype6:amd64.\r\nPreparing to unpack .../33-libfreetype6_2.10.4+dfsg-1+deb11u1_amd64.deb ...\r\nUnpacking libfreetype6:amd64 (2.10.4+dfsg-1+deb11u1) ...\r\nSelecting previously unselected package libfontconfig1:amd64.\r\nPreparing to unpack .../34-libfontconfig1_2.13.1-4.2_amd64.deb ...\r\nUnpacking libfontconfig1:amd64 (2.13.1-4.2) ...\r\nSelecting previously unselected package libjpeg62-turbo:amd64.\r\nPreparing to unpack .../35-libjpeg62-turbo_1%3a2.0.6-4_amd64.deb ...\r\nUnpacking libjpeg62-turbo:amd64 (1:2.0.6-4) ...\r\nSelecting previously unselected package libdeflate0:amd64.\r\nPreparing to unpack .../36-libdeflate0_1.7-1_amd64.deb ...\r\nUnpacking libdeflate0:amd64 (1.7-1) ...\r\nSelecting previously unselected package libjbig0:amd64.\r\nPreparing to unpack .../37-libjbig0_2.1-3.1+b2_amd64.deb ...\r\nUnpacking libjbig0:amd64 (2.1-3.1+b2) ...\r\nSelecting previously unselected package libwebp6:amd64.\r\nPreparing to unpack .../38-libwebp6_0.6.1-2.1_amd64.deb ...\r\nUnpacking libwebp6:amd64 (0.6.1-2.1) ...\r\nSelecting previously unselected package libtiff5:amd64.\r\nPreparing to unpack .../39-libtiff5_4.2.0-1+deb11u1_amd64.deb ...\r\nUnpacking libtiff5:amd64 (4.2.0-1+deb11u1) ...\r\nSelecting previously unselected package libxau6:amd64.\r\nPreparing to unpack .../40-libxau6_1%3a1.0.9-1_amd64.deb ...\r\nUnpacking libxau6:amd64 (1:1.0.9-1) ...\r\nSelecting previously unselected package libxdmcp6:amd64.\r\nPreparing to unpack .../41-libxdmcp6_1%3a1.1.2-3_amd64.deb ...\r\nUnpacking libxdmcp6:amd64 (1:1.1.2-3) ...\r\nSelecting previously unselected package libxcb1:amd64.\r\nPreparing to unpack .../42-libxcb1_1.14-3_amd64.deb ...\r\nUnpacking libxcb1:amd64 (1.14-3) ...\r\nSelecting previously unselected package libx11-data.\r\nPreparing to unpack .../43-libx11-data_2%3a1.7.2-1_all.deb ...\r\nUnpacking libx11-data (2:1.7.2-1) ...\r\nSelecting previously unselected package libx11-6:amd64.\r\nPreparing to unpack .../44-libx11-6_2%3a1.7.2-1_amd64.deb ...\r\nUnpacking libx11-6:amd64 (2:1.7.2-1) ...\r\nSelecting previously unselected package libxpm4:amd64.\r\nPreparing to unpack .../45-libxpm4_1%3a3.5.12-1_amd64.deb ...\r\nUnpacking libxpm4:amd64 (1:3.5.12-1) ...\r\nSelecting previously unselected package libgd3:amd64.\r\nPreparing to unpack .../46-libgd3_2.3.0-2_amd64.deb ...\r\nUnpacking libgd3:amd64 (2.3.0-2) ...\r\nSelecting previously unselected package libc-devtools.\r\nPreparing to unpack .../47-libc-devtools_2.31-13+deb11u5_amd64.deb ...\r\nUnpacking libc-devtools (2.31-13+deb11u5) ...\r\nSelecting previously unselected package linux-libc-dev:amd64.\r\nPreparing to unpack .../48-linux-libc-dev_5.10.158-2_amd64.deb ...\r\nUnpacking linux-libc-dev:amd64 (5.10.158-2) ...\r\nSelecting previously unselected package libcrypt-dev:amd64.\r\nPreparing to unpack .../49-libcrypt-dev_1%3a4.4.18-4_amd64.deb ...\r\nUnpacking libcrypt-dev:amd64 (1:4.4.18-4) ...\r\nSelecting previously unselected package libtirpc-dev:amd64.\r\nPreparing to unpack .../50-libtirpc-dev_1.3.1-1+deb11u1_amd64.deb ...\r\nUnpacking libtirpc-dev:amd64 (1.3.1-1+deb11u1) ...\r\nSelecting previously unselected package libnsl-dev:amd64.\r\nPreparing to unpack .../51-libnsl-dev_1.3.0-2_amd64.deb ...\r\nUnpacking libnsl-dev:amd64 (1.3.0-2) ...\r\nSelecting previously unselected package libc6-dev:amd64.\r\nPreparing to unpack .../52-libc6-dev_2.31-13+deb11u5_amd64.deb ...\r\nUnpacking libc6-dev:amd64 (2.31-13+deb11u5) ...\r\nSelecting previously unselected package manpages-dev.\r\nPreparing to unpack .../53-manpages-dev_5.10-1_all.deb ...\r\nUnpacking manpages-dev (5.10-1) ...\r\nSetting up libxau6:amd64 (1:1.0.9-1) ...\r\nSetting up manpages (5.10-1) ...\r\nSetting up libbrotli1:amd64 (1.0.9-2+b2) ...\r\nSetting up binutils-common:amd64 (2.35.2-2) ...\r\nSetting up libdeflate0:amd64 (1.7-1) ...\r\nSetting up linux-libc-dev:amd64 (5.10.158-2) ...\r\nSetting up libctf-nobfd0:amd64 (2.35.2-2) ...\r\nSetting up libgomp1:amd64 (10.2.1-6) ...\r\nSetting up libjbig0:amd64 (2.1-3.1+b2) ...\r\nSetting up libasan6:amd64 (10.2.1-6) ...\r\nSetting up libtirpc-dev:amd64 (1.3.1-1+deb11u1) ...\r\nSetting up libjpeg62-turbo:amd64 (1:2.0.6-4) ...\r\nSetting up libx11-data (2:1.7.2-1) ...\r\nSetting up libmpfr6:amd64 (4.1.0-3) ...\r\nSetting up libquadmath0:amd64 (10.2.1-6) ...\r\nSetting up libpng16-16:amd64 (1.6.37-3) ...\r\nSetting up libmpc3:amd64 (1.2.0-1) ...\r\nSetting up libatomic1:amd64 (10.2.1-6) ...\r\nSetting up libwebp6:amd64 (0.6.1-2.1) ...\r\nSetting up fonts-dejavu-core (2.37-2) ...\r\nSetting up libubsan1:amd64 (10.2.1-6) ...\r\nSetting up libmd0:amd64 (1.0.3-3) ...\r\nSetting up libnsl-dev:amd64 (1.3.0-2) ...\r\nSetting up sensible-utils (0.0.14) ...\r\nSetting up libcrypt-dev:amd64 (1:4.4.18-4) ...\r\nSetting up libtiff5:amd64 (4.2.0-1+deb11u1) ...\r\nSetting up libbinutils:amd64 (2.35.2-2) ...\r\nSetting up libisl23:amd64 (0.23-1) ...\r\nSetting up libc-dev-bin (2.31-13+deb11u5) ...\r\nSetting up libbsd0:amd64 (0.11.3-1) ...\r\nSetting up libcc1-0:amd64 (10.2.1-6) ...\r\nSetting up liblsan0:amd64 (10.2.1-6) ...\r\nSetting up cpp-10 (10.2.1-6) ...\r\nSetting up libitm1:amd64 (10.2.1-6) ...\r\nSetting up libtsan0:amd64 (10.2.1-6) ...\r\nSetting up libctf0:amd64 (2.35.2-2) ...\r\nSetting up manpages-dev (5.10-1) ...\r\nSetting up libxdmcp6:amd64 (1:1.1.2-3) ...\r\nSetting up libxcb1:amd64 (1.14-3) ...\r\nSetting up libgcc-10-dev:amd64 (10.2.1-6) ...\r\nSetting up libfreetype6:amd64 (2.10.4+dfsg-1+deb11u1) ...\r\nSetting up ucf (3.0043) ...\r\ndebconf: unable to initialize frontend: Dialog\r\ndebconf: (TERM is not set, so the dialog frontend is not usable.)\r\ndebconf: falling back to frontend: Readline\r\ndebconf: unable to initialize frontend: Readline\r\ndebconf: (Can't locate Term/ReadLine.pm in @INC (you may need to install the Term::ReadLine module) (@INC contains: /etc/perl /usr/local/lib/x86_64-linux-gnu/perl/5.32.1 /usr/local/share/perl/5.32.1 /usr/lib/x86_64-linux-gnu/perl5/5.32 /usr/share/perl5 /usr/lib/x86_64-linux-gnu/perl-base /usr/lib/x86_64-linux-gnu/perl/5.32 /usr/share/perl/5.32 /usr/local/lib/site_perl) at /usr/share/perl5/Debconf/FrontEnd/Readline.pm line 7.)\r\ndebconf: falling back to frontend: Teletype\r\nSetting up cpp (4:10.2.1-1) ...\r\nSetting up libc6-dev:amd64 (2.31-13+deb11u5) ...\r\nSetting up libx11-6:amd64 (2:1.7.2-1) ...\r\nSetting up binutils-x86-64-linux-gnu (2.35.2-2) ...\r\nSetting up libxpm4:amd64 (1:3.5.12-1) ...\r\nSetting up fontconfig-config (2.13.1-4.2) ...\r\ndebconf: unable to initialize frontend: Dialog\r\ndebconf: (TERM is not set, so the dialog frontend is not usable.)\r\ndebconf: falling back to frontend: Readline\r\ndebconf: unable to initialize frontend: Readline\r\ndebconf: (Can't locate Term/ReadLine.pm in @INC (you may need to install the Term::ReadLine module) (@INC contains: /etc/perl /usr/local/lib/x86_64-linux-gnu/perl/5.32.1 /usr/local/share/perl/5.32.1 /usr/lib/x86_64-linux-gnu/perl5/5.32 /usr/share/perl5 /usr/lib/x86_64-linux-gnu/perl-base /usr/lib/x86_64-linux-gnu/perl/5.32 /usr/share/perl/5.32 /usr/local/lib/site_perl) at /usr/share/perl5/Debconf/FrontEnd/Readline.pm line 7.)\r\ndebconf: falling back to frontend: Teletype\r\nSetting up binutils (2.35.2-2) ...\r\nSetting up gcc-10 (10.2.1-6) ...\r\nSetting up libfontconfig1:amd64 (2.13.1-4.2) ...\r\nSetting up gcc (4:10.2.1-1) ...\r\nSetting up libgd3:amd64 (2.3.0-2) ...\r\nSetting up libc-devtools (2.31-13+deb11u5) ...\r\nProcessing triggers for libc-bin (2.31-13+deb11u2) ...\r\nRemoving intermediate container 8de4fe19a40f\n ---> dd657db7f7a7\nStep 3/9 : COPY requirements.txt .\n ---> 55d0f56b9727\nStep 4/9 : RUN pip install --user -r requirements.txt\n ---> Running in b37580b8e1b2\nCollecting aiogram==1.2.2\n  Downloading aiogram-1.2.2-py3-none-any.whl (113 kB)\nCollecting aiohttp==2.3.10\n  Downloading aiohttp-2.3.10-cp36-cp36m-manylinux1_x86_64.whl (663 kB)\nCollecting aiovk==1.3.0\n  Downloading aiovk-1.3.0.tar.gz (8.4 kB)\nCollecting async-timeout==2.0.1\n  Downloading async_timeout-2.0.1-py3-none-any.whl (5.9 kB)\nCollecting attrs==17.4.0\n  Downloading attrs-17.4.0-py2.py3-none-any.whl (31 kB)\nCollecting Django==2.0.4\n  Downloading Django-2.0.4-py3-none-any.whl (7.1 MB)\nCollecting multidict==4.1.0\n  Downloading multidict-4.1.0-cp36-cp36m-manylinux1_x86_64.whl (482 kB)\nCollecting Pillow==5.1.0\n  Downloading Pillow-5.1.0-cp36-cp36m-manylinux1_x86_64.whl (2.0 MB)\nCollecting psycopg2-binary==2.7.4\n  Downloading psycopg2_binary-2.7.4-cp36-cp36m-manylinux1_x86_64.whl (2.7 MB)\nCollecting pytz==2018.3\n  Downloading pytz-2018.3-py2.py3-none-any.whl (509 kB)\nCollecting sentry-sdk==0.20.3\n  Downloading sentry_sdk-0.20.3-py2.py3-none-any.whl (131 kB)\nCollecting ujson==1.35\n  Downloading ujson-1.35.tar.gz (192 kB)\nCollecting urllib3==1.25.3\n  Downloading urllib3-1.25.3-py2.py3-none-any.whl (150 kB)\nCollecting wget==3.2\n  Downloading wget-3.2.zip (10 kB)\nCollecting yarl==1.1.1\n  Downloading yarl-1.1.1-cp36-cp36m-manylinux1_x86_64.whl (255 kB)\nCollecting dj-database-url==0.5.0\n  Downloading dj_database_url-0.5.0-py2.py3-none-any.whl (5.5 kB)\nCollecting certifi>=2018.01.18\n  Downloading certifi-2022.12.7-py3-none-any.whl (155 kB)\nCollecting Babel>=2.5.1\n  Downloading Babel-2.11.0-py3-none-any.whl (9.5 MB)\nCollecting idna-ssl>=1.0.0\n  Downloading idna-ssl-1.1.0.tar.gz (3.4 kB)\nCollecting chardet\n  Downloading chardet-5.0.0-py3-none-any.whl (193 kB)\nCollecting idna>=2.0\n  Downloading idna-3.4-py3-none-any.whl (61 kB)\nBuilding wheels for collected packages: aiovk, ujson, wget, idna-ssl\n  Building wheel for aiovk (setup.py): started\n  Building wheel for aiovk (setup.py): finished with status 'done'\n  Created wheel for aiovk: filename=aiovk-1.3.0-py3-none-any.whl size=10212 sha256=a091a54f55d350f11cdaef7267b659906d33fa5ee3044bbf26fcb806780b03e3\n  Stored in directory: /root/.cache/pip/wheels/5d/99/32/f53101755b839d77322839b1de88e921c969130c0b63c9e5fd\n  Building wheel for ujson (setup.py): started\n  Building wheel for ujson (setup.py): finished with status 'done'\n  Created wheel for ujson: filename=ujson-1.35-cp36-cp36m-linux_x86_64.whl size=21933 sha256=16c1d8a1b3bb9668df5c0f403abd42e4753a30937915ff3590207165c699869b\n  Stored in directory: /root/.cache/pip/wheels/e0/e6/69/fc449f332d998b63ede372a74a53bb953ff0ca6bb90da39fac\n  Building wheel for wget (setup.py): started\n  Building wheel for wget (setup.py): finished with status 'done'\n  Created wheel for wget: filename=wget-3.2-py3-none-any.whl size=9672 sha256=9bab2ad72963671b4c911f37e48aad60c2f481ad32905232e5e11d2749e9f004\n  Stored in directory: /root/.cache/pip/wheels/90/1d/93/c863ee832230df5cfc25ca497b3e88e0ee3ea9e44adc46ac62\n  Building wheel for idna-ssl (setup.py): started\n  Building wheel for idna-ssl (setup.py): finished with status 'done'\n  Created wheel for idna-ssl: filename=idna_ssl-1.1.0-py3-none-any.whl size=3178 sha256=ce9d6f3e1bd4cc85ed3ce4eb8f95de6bf672092a0c374b6464c59be9b9c91a30\n  Stored in directory: /root/.cache/pip/wheels/6a/f5/9c/f8331a854f7a8739cf0e74c13854e4dd7b1af11b04fe1dde13\nSuccessfully built aiovk ujson wget idna-ssl\nInstalling collected packages: multidict, idna, yarl, pytz, idna-ssl, chardet, async-timeout, urllib3, certifi, Babel, aiohttp, wget, ujson, sentry-sdk, psycopg2-binary, Pillow, Django, dj-database-url, attrs, aiovk, aiogram\n\u001b[91m  WARNING: The script chardetect is installed in '/root/.local/bin' which is not on PATH.\n  Consider adding this directory to PATH or, if you prefer to suppress this warning, use --no-warn-script-location.\n\u001b[0m\u001b[91m  WARNING: The script pybabel is installed in '/root/.local/bin' which is not on PATH.\n  Consider adding this directory to PATH or, if you prefer to suppress this warning, use --no-warn-script-location.\n\u001b[0m\u001b[91m  WARNING: The script django-admin is installed in '/root/.local/bin' which is not on PATH.\n  Consider adding this directory to PATH or, if you prefer to suppress this warning, use --no-warn-script-location.\n\u001b[0mSuccessfully installed Babel-2.11.0 Django-2.0.4 Pillow-5.1.0 aiogram-1.2.2 aiohttp-2.3.10 aiovk-1.3.0 async-timeout-2.0.1 attrs-17.4.0 certifi-2022.12.7 chardet-5.0.0 dj-database-url-0.5.0 idna-3.4 idna-ssl-1.1.0 multidict-4.1.0 psycopg2-binary-2.7.4 pytz-2018.3 sentry-sdk-0.20.3 ujson-1.35 urllib3-1.25.3 wget-3.2 yarl-1.1.1\n\u001b[91mWARNING: Running pip as the 'root' user can result in broken permissions and conflicting behaviour with the system package manager. It is recommended to use a virtual environment instead: https://pip.pypa.io/warnings/venv\n\u001b[0m\u001b[91mWARNING: You are using pip version 21.2.4; however, version 21.3.1 is available.\nYou should consider upgrading via the '/usr/local/bin/python -m pip install --upgrade pip' command.\n\u001b[0mRemoving intermediate container b37580b8e1b2\n ---> 3949e9b395c8\nStep 5/9 : FROM python:3.6-slim\n ---> c1e40b69532f\nStep 6/9 : COPY --from=builder /root/.local /root/.local\n ---> c9ea3b7b4227\nStep 7/9 : COPY . .\n ---> 38dd116bc476\nStep 8/9 : ENV PATH=/root/.local/bin:$PATH\n ---> Running in 407fce3b59d8\nRemoving intermediate container 407fce3b59d8\n ---> 0e90411a2a70\nStep 9/9 : ENTRYPOINT bash -c \"python manage.py makemigrations data && python manage.py migrate data && python telegram.py\"\n ---> Running in d3429a47e3c3\nRemoving intermediate container d3429a47e3c3\n ---> 6eb66735bed4\nSuccessfully built 6eb66735bed4\nSuccessfully tagged tgvkbot:latest\n","stderr":"","imageSize":200111661},"repair":{"violations":[{"name":"pipUseNoCacheDir","position":{"start":3,"end":3,"columnStart":4,"columnEnd":42}},{"name":"ruleAptGetInstallUseNoRec","position":{"start":1,"end":1,"columnStart":22,"columnEnd":44}},{"name":"ruleAptGetInstallThenRemoveAptLists","position":{"start":1,"end":1,"columnStart":22,"columnEnd":44}}],"repairedDockerfile":"FROM python:3.6-slim AS builder\nRUN apt-get update && apt-get install --no-install-recommends -y gcc\nCOPY requirements.txt .\nRUN pip install --no-cache-dir --user -r requirements.txt\n\nFROM python:3.6-slim\nCOPY --from=builder /root/.local /root/.local\nCOPY . .\nENV PATH=/root/.local/bin:$PATH\nENTRYPOINT bash -c \"python manage.py makemigrations data && python manage.py migrate data && python telegram.py\""},"repairedBuild":{"startTimestamp":1672091856452,"endTimestamp":1672091891896,"error":{"code":1,"killed":false,"signal":null,"cmd":"docker build --no-cache --force-rm -t tgvkbot:latest -f /tmp/dinghy-analysis/kylmakalle/tgvkbot/Dockerfile ."},"stdout":"Sending build context to Docker daemon  246.3kB\r\r\nStep 1/9 : FROM python:3.6-slim AS builder\n ---> c1e40b69532f\nStep 2/9 : RUN apt-get update && apt-get install --no-install-recommends -y gcc\n ---> Running in e96cfb6575da\nGet:1 http://deb.debian.org/debian bullseye InRelease [116 kB]\nGet:2 http://security.debian.org/debian-security bullseye-security InRelease [48.4 kB]\nGet:3 http://deb.debian.org/debian bullseye-updates InRelease [44.1 kB]\nGet:4 http://security.debian.org/debian-security bullseye-security/main amd64 Packages [210 kB]\nGet:5 http://deb.debian.org/debian bullseye/main amd64 Packages [8183 kB]\nGet:6 http://deb.debian.org/debian bullseye-updates/main amd64 Packages [14.6 kB]\nFetched 8616 kB in 1s (5906 kB/s)\nReading package lists...\nReading package lists...\nBuilding dependency tree...\nReading state information...\nThe following additional packages will be installed:\n  binutils binutils-common binutils-x86-64-linux-gnu cpp cpp-10 gcc-10\n  libasan6 libatomic1 libbinutils libcc1-0 libctf-nobfd0 libctf0 libgcc-10-dev\n  libgomp1 libisl23 libitm1 liblsan0 libmpc3 libmpfr6 libquadmath0 libtsan0\n  libubsan1\nSuggested packages:\n  binutils-doc cpp-doc gcc-10-locales gcc-multilib make manpages-dev autoconf\n  automake libtool flex bison gdb gcc-doc gcc-10-multilib gcc-10-doc\nRecommended packages:\n  libc6-dev | libc-dev libc6-dev\nThe following NEW packages will be installed:\n  binutils binutils-common binutils-x86-64-linux-gnu cpp cpp-10 gcc gcc-10\n  libasan6 libatomic1 libbinutils libcc1-0 libctf-nobfd0 libctf0 libgcc-10-dev\n  libgomp1 libisl23 libitm1 liblsan0 libmpc3 libmpfr6 libquadmath0 libtsan0\n  libubsan1\n0 upgraded, 23 newly installed, 0 to remove and 32 not upgraded.\nNeed to get 41.4 MB of archives.\nAfter this operation, 151 MB of additional disk space will be used.\nGet:1 http://deb.debian.org/debian bullseye/main amd64 binutils-common amd64 2.35.2-2 [2220 kB]\nGet:2 http://deb.debian.org/debian bullseye/main amd64 libbinutils amd64 2.35.2-2 [570 kB]\nGet:3 http://deb.debian.org/debian bullseye/main amd64 libctf-nobfd0 amd64 2.35.2-2 [110 kB]\nGet:4 http://deb.debian.org/debian bullseye/main amd64 libctf0 amd64 2.35.2-2 [53.2 kB]\nGet:5 http://deb.debian.org/debian bullseye/main amd64 binutils-x86-64-linux-gnu amd64 2.35.2-2 [1809 kB]\nGet:6 http://deb.debian.org/debian bullseye/main amd64 binutils amd64 2.35.2-2 [61.2 kB]\nGet:7 http://deb.debian.org/debian bullseye/main amd64 libisl23 amd64 0.23-1 [676 kB]\nGet:8 http://deb.debian.org/debian bullseye/main amd64 libmpfr6 amd64 4.1.0-3 [2012 kB]\nGet:9 http://deb.debian.org/debian bullseye/main amd64 libmpc3 amd64 1.2.0-1 [45.0 kB]\nGet:10 http://deb.debian.org/debian bullseye/main amd64 cpp-10 amd64 10.2.1-6 [8528 kB]\nGet:11 http://deb.debian.org/debian bullseye/main amd64 cpp amd64 4:10.2.1-1 [19.7 kB]\nGet:12 http://deb.debian.org/debian bullseye/main amd64 libcc1-0 amd64 10.2.1-6 [47.0 kB]\nGet:13 http://deb.debian.org/debian bullseye/main amd64 libgomp1 amd64 10.2.1-6 [99.9 kB]\nGet:14 http://deb.debian.org/debian bullseye/main amd64 libitm1 amd64 10.2.1-6 [25.8 kB]\nGet:15 http://deb.debian.org/debian bullseye/main amd64 libatomic1 amd64 10.2.1-6 [9008 B]\nGet:16 http://deb.debian.org/debian bullseye/main amd64 libasan6 amd64 10.2.1-6 [2065 kB]\nGet:17 http://deb.debian.org/debian bullseye/main amd64 liblsan0 amd64 10.2.1-6 [828 kB]\nGet:18 http://deb.debian.org/debian bullseye/main amd64 libtsan0 amd64 10.2.1-6 [2000 kB]\nGet:19 http://deb.debian.org/debian bullseye/main amd64 libubsan1 amd64 10.2.1-6 [777 kB]\nGet:20 http://deb.debian.org/debian bullseye/main amd64 libquadmath0 amd64 10.2.1-6 [145 kB]\nGet:21 http://deb.debian.org/debian bullseye/main amd64 libgcc-10-dev amd64 10.2.1-6 [2328 kB]\nGet:22 http://deb.debian.org/debian bullseye/main amd64 gcc-10 amd64 10.2.1-6 [17.0 MB]\nGet:23 http://deb.debian.org/debian bullseye/main amd64 gcc amd64 4:10.2.1-1 [5192 B]\n\u001b[91mdebconf: delaying package configuration, since apt-utils is not installed\n\u001b[0mFetched 41.4 MB in 1s (70.2 MB/s)\nSelecting previously unselected package binutils-common:amd64.\r\n(Reading database ... \r(Reading database ... 5%\r(Reading database ... 10%\r(Reading database ... 15%\r(Reading database ... 20%\r(Reading database ... 25%\r(Reading database ... 30%\r(Reading database ... 35%\r(Reading database ... 40%\r(Reading database ... 45%\r(Reading database ... 50%\r(Reading database ... 55%\r(Reading database ... 60%\r(Reading database ... 65%\r(Reading database ... 70%\r(Reading database ... 75%\r(Reading database ... 80%\r(Reading database ... 85%\r(Reading database ... 90%\r(Reading database ... 95%\r(Reading database ... 100%\r(Reading database ... 7023 files and directories currently installed.)\r\nPreparing to unpack .../00-binutils-common_2.35.2-2_amd64.deb ...\r\nUnpacking binutils-common:amd64 (2.35.2-2) ...\r\nSelecting previously unselected package libbinutils:amd64.\r\nPreparing to unpack .../01-libbinutils_2.35.2-2_amd64.deb ...\r\nUnpacking libbinutils:amd64 (2.35.2-2) ...\r\nSelecting previously unselected package libctf-nobfd0:amd64.\r\nPreparing to unpack .../02-libctf-nobfd0_2.35.2-2_amd64.deb ...\r\nUnpacking libctf-nobfd0:amd64 (2.35.2-2) ...\r\nSelecting previously unselected package libctf0:amd64.\r\nPreparing to unpack .../03-libctf0_2.35.2-2_amd64.deb ...\r\nUnpacking libctf0:amd64 (2.35.2-2) ...\r\nSelecting previously unselected package binutils-x86-64-linux-gnu.\r\nPreparing to unpack .../04-binutils-x86-64-linux-gnu_2.35.2-2_amd64.deb ...\r\nUnpacking binutils-x86-64-linux-gnu (2.35.2-2) ...\r\nSelecting previously unselected package binutils.\r\nPreparing to unpack .../05-binutils_2.35.2-2_amd64.deb ...\r\nUnpacking binutils (2.35.2-2) ...\r\nSelecting previously unselected package libisl23:amd64.\r\nPreparing to unpack .../06-libisl23_0.23-1_amd64.deb ...\r\nUnpacking libisl23:amd64 (0.23-1) ...\r\nSelecting previously unselected package libmpfr6:amd64.\r\nPreparing to unpack .../07-libmpfr6_4.1.0-3_amd64.deb ...\r\nUnpacking libmpfr6:amd64 (4.1.0-3) ...\r\nSelecting previously unselected package libmpc3:amd64.\r\nPreparing to unpack .../08-libmpc3_1.2.0-1_amd64.deb ...\r\nUnpacking libmpc3:amd64 (1.2.0-1) ...\r\nSelecting previously unselected package cpp-10.\r\nPreparing to unpack .../09-cpp-10_10.2.1-6_amd64.deb ...\r\nUnpacking cpp-10 (10.2.1-6) ...\r\nSelecting previously unselected package cpp.\r\nPreparing to unpack .../10-cpp_4%3a10.2.1-1_amd64.deb ...\r\nUnpacking cpp (4:10.2.1-1) ...\r\nSelecting previously unselected package libcc1-0:amd64.\r\nPreparing to unpack .../11-libcc1-0_10.2.1-6_amd64.deb ...\r\nUnpacking libcc1-0:amd64 (10.2.1-6) ...\r\nSelecting previously unselected package libgomp1:amd64.\r\nPreparing to unpack .../12-libgomp1_10.2.1-6_amd64.deb ...\r\nUnpacking libgomp1:amd64 (10.2.1-6) ...\r\nSelecting previously unselected package libitm1:amd64.\r\nPreparing to unpack .../13-libitm1_10.2.1-6_amd64.deb ...\r\nUnpacking libitm1:amd64 (10.2.1-6) ...\r\nSelecting previously unselected package libatomic1:amd64.\r\nPreparing to unpack .../14-libatomic1_10.2.1-6_amd64.deb ...\r\nUnpacking libatomic1:amd64 (10.2.1-6) ...\r\nSelecting previously unselected package libasan6:amd64.\r\nPreparing to unpack .../15-libasan6_10.2.1-6_amd64.deb ...\r\nUnpacking libasan6:amd64 (10.2.1-6) ...\r\nSelecting previously unselected package liblsan0:amd64.\r\nPreparing to unpack .../16-liblsan0_10.2.1-6_amd64.deb ...\r\nUnpacking liblsan0:amd64 (10.2.1-6) ...\r\nSelecting previously unselected package libtsan0:amd64.\r\nPreparing to unpack .../17-libtsan0_10.2.1-6_amd64.deb ...\r\nUnpacking libtsan0:amd64 (10.2.1-6) ...\r\nSelecting previously unselected package libubsan1:amd64.\r\nPreparing to unpack .../18-libubsan1_10.2.1-6_amd64.deb ...\r\nUnpacking libubsan1:amd64 (10.2.1-6) ...\r\nSelecting previously unselected package libquadmath0:amd64.\r\nPreparing to unpack .../19-libquadmath0_10.2.1-6_amd64.deb ...\r\nUnpacking libquadmath0:amd64 (10.2.1-6) ...\r\nSelecting previously unselected package libgcc-10-dev:amd64.\r\nPreparing to unpack .../20-libgcc-10-dev_10.2.1-6_amd64.deb ...\r\nUnpacking libgcc-10-dev:amd64 (10.2.1-6) ...\r\nSelecting previously unselected package gcc-10.\r\nPreparing to unpack .../21-gcc-10_10.2.1-6_amd64.deb ...\r\nUnpacking gcc-10 (10.2.1-6) ...\r\nSelecting previously unselected package gcc.\r\nPreparing to unpack .../22-gcc_4%3a10.2.1-1_amd64.deb ...\r\nUnpacking gcc (4:10.2.1-1) ...\r\nSetting up binutils-common:amd64 (2.35.2-2) ...\r\nSetting up libctf-nobfd0:amd64 (2.35.2-2) ...\r\nSetting up libgomp1:amd64 (10.2.1-6) ...\r\nSetting up libasan6:amd64 (10.2.1-6) ...\r\nSetting up libmpfr6:amd64 (4.1.0-3) ...\r\nSetting up libquadmath0:amd64 (10.2.1-6) ...\r\nSetting up libmpc3:amd64 (1.2.0-1) ...\r\nSetting up libatomic1:amd64 (10.2.1-6) ...\r\nSetting up libubsan1:amd64 (10.2.1-6) ...\r\nSetting up libbinutils:amd64 (2.35.2-2) ...\r\nSetting up libisl23:amd64 (0.23-1) ...\r\nSetting up libcc1-0:amd64 (10.2.1-6) ...\r\nSetting up liblsan0:amd64 (10.2.1-6) ...\r\nSetting up cpp-10 (10.2.1-6) ...\r\nSetting up libitm1:amd64 (10.2.1-6) ...\r\nSetting up libtsan0:amd64 (10.2.1-6) ...\r\nSetting up libctf0:amd64 (2.35.2-2) ...\r\nSetting up libgcc-10-dev:amd64 (10.2.1-6) ...\r\nSetting up cpp (4:10.2.1-1) ...\r\nSetting up binutils-x86-64-linux-gnu (2.35.2-2) ...\r\nSetting up binutils (2.35.2-2) ...\r\nSetting up gcc-10 (10.2.1-6) ...\r\nSetting up gcc (4:10.2.1-1) ...\r\nProcessing triggers for libc-bin (2.31-13+deb11u2) ...\r\nRemoving intermediate container e96cfb6575da\n ---> 70b4029a16cc\nStep 3/9 : COPY requirements.txt .\n ---> 5f91be5ee369\nStep 4/9 : RUN pip install --no-cache-dir --user -r requirements.txt\n ---> Running in 42f513a6f87a\nCollecting aiogram==1.2.2\n  Downloading aiogram-1.2.2-py3-none-any.whl (113 kB)\nCollecting aiohttp==2.3.10\n  Downloading aiohttp-2.3.10-cp36-cp36m-manylinux1_x86_64.whl (663 kB)\nCollecting aiovk==1.3.0\n  Downloading aiovk-1.3.0.tar.gz (8.4 kB)\nCollecting async-timeout==2.0.1\n  Downloading async_timeout-2.0.1-py3-none-any.whl (5.9 kB)\nCollecting attrs==17.4.0\n  Downloading attrs-17.4.0-py2.py3-none-any.whl (31 kB)\nCollecting Django==2.0.4\n  Downloading Django-2.0.4-py3-none-any.whl (7.1 MB)\nCollecting multidict==4.1.0\n  Downloading multidict-4.1.0-cp36-cp36m-manylinux1_x86_64.whl (482 kB)\nCollecting Pillow==5.1.0\n  Downloading Pillow-5.1.0-cp36-cp36m-manylinux1_x86_64.whl (2.0 MB)\nCollecting psycopg2-binary==2.7.4\n  Downloading psycopg2_binary-2.7.4-cp36-cp36m-manylinux1_x86_64.whl (2.7 MB)\nCollecting pytz==2018.3\n  Downloading pytz-2018.3-py2.py3-none-any.whl (509 kB)\nCollecting sentry-sdk==0.20.3\n  Downloading sentry_sdk-0.20.3-py2.py3-none-any.whl (131 kB)\nCollecting ujson==1.35\n  Downloading ujson-1.35.tar.gz (192 kB)\nCollecting urllib3==1.25.3\n  Downloading urllib3-1.25.3-py2.py3-none-any.whl (150 kB)\nCollecting wget==3.2\n  Downloading wget-3.2.zip (10 kB)\nCollecting yarl==1.1.1\n  Downloading yarl-1.1.1-cp36-cp36m-manylinux1_x86_64.whl (255 kB)\nCollecting dj-database-url==0.5.0\n  Downloading dj_database_url-0.5.0-py2.py3-none-any.whl (5.5 kB)\nCollecting Babel>=2.5.1\n  Downloading Babel-2.11.0-py3-none-any.whl (9.5 MB)\nCollecting certifi>=2018.01.18\n  Downloading certifi-2022.12.7-py3-none-any.whl (155 kB)\nCollecting idna-ssl>=1.0.0\n  Downloading idna-ssl-1.1.0.tar.gz (3.4 kB)\nCollecting chardet\n  Downloading chardet-5.0.0-py3-none-any.whl (193 kB)\nCollecting idna>=2.0\n  Downloading idna-3.4-py3-none-any.whl (61 kB)\nBuilding wheels for collected packages: aiovk, ujson, wget, idna-ssl\n  Building wheel for aiovk (setup.py): started\n  Building wheel for aiovk (setup.py): finished with status 'done'\n  Created wheel for aiovk: filename=aiovk-1.3.0-py3-none-any.whl size=10212 sha256=484197bee2f671abc83a0c8c99703a42760be60785c0ae049858d499ec890c52\n  Stored in directory: /tmp/pip-ephem-wheel-cache-fbchqk94/wheels/5d/99/32/f53101755b839d77322839b1de88e921c969130c0b63c9e5fd\n  Building wheel for ujson (setup.py): started\n  Building wheel for ujson (setup.py): finished with status 'error'\n\u001b[91m  ERROR: Command errored out with exit status 1:\n   command: /usr/local/bin/python -u -c 'import io, os, sys, setuptools, tokenize; sys.argv[0] = '\"'\"'/tmp/pip-install-g_458g39/ujson_b930e311d105430291ff32b015005a81/setup.py'\"'\"'; __file__='\"'\"'/tmp/pip-install-g_458g39/ujson_b930e311d105430291ff32b015005a81/setup.py'\"'\"';f = getattr(tokenize, '\"'\"'open'\"'\"', open)(__file__) if os.path.exists(__file__) else io.StringIO('\"'\"'from setuptools import setup; setup()'\"'\"');code = f.read().replace('\"'\"'\\r\\n'\"'\"', '\"'\"'\\n'\"'\"');f.close();exec(compile(code, __file__, '\"'\"'exec'\"'\"'))' bdist_wheel -d /tmp/pip-wheel-iez6zho4\n       cwd: /tmp/pip-install-g_458g39/ujson_b930e311d105430291ff32b015005a81/\n  Complete output (19 lines):\n  running bdist_wheel\n  running build\n  running build_ext\n  building 'ujson' extension\n  creating build\n  creating build/temp.linux-x86_64-3.6\n  creating build/temp.linux-x86_64-3.6/python\n  creating build/temp.linux-x86_64-3.6/lib\n  gcc -pthread -Wno-unused-result -Wsign-compare -DNDEBUG -g -fwrapv -O3 -Wall -fPIC -I./python -I./lib -I/usr/local/include/python3.6m -c ./python/ujson.c -o build/temp.linux-x86_64-3.6/./python/ujson.o -D_GNU_SOURCE\n  In file included from /usr/lib/gcc/x86_64-linux-gnu/10/include/syslimits.h:7,\n                   from /usr/lib/gcc/x86_64-linux-gnu/10/include/limits.h:34,\n                   from /usr/local/include/python3.6m/Python.h:11,\n                   from ./python/py_defines.h:39,\n                   from ./python/ujson.c:39:\n  /usr/lib/gcc/x86_64-linux-gnu/10/include/limits.h:195:15: fatal error: limits.h: No such file or directory\n    195 | #include_next <limits.h>  /* recurse down to the real one */\n        |               ^~~~~~~~~~\n  compilation terminated.\n  error: command 'gcc' failed with exit status 1\n  ----------------------------------------\n\u001b[0m\u001b[91m  ERROR: Failed building wheel for ujson\n\u001b[0m  Running setup.py clean for ujson\n  Building wheel for wget (setup.py): started\n  Building wheel for wget (setup.py): finished with status 'done'\n  Created wheel for wget: filename=wget-3.2-py3-none-any.whl size=9672 sha256=f58d3248d0becc6397da2daae4b6b7144c8af0d87bfe5c9640e4903d50faa825\n  Stored in directory: /tmp/pip-ephem-wheel-cache-fbchqk94/wheels/90/1d/93/c863ee832230df5cfc25ca497b3e88e0ee3ea9e44adc46ac62\n  Building wheel for idna-ssl (setup.py): started\n  Building wheel for idna-ssl (setup.py): finished with status 'done'\n  Created wheel for idna-ssl: filename=idna_ssl-1.1.0-py3-none-any.whl size=3178 sha256=3ca0dc82d97980687c6e3eb5e06e0f849ebcafce88033f679b259411b921ad0f\n  Stored in directory: /tmp/pip-ephem-wheel-cache-fbchqk94/wheels/6a/f5/9c/f8331a854f7a8739cf0e74c13854e4dd7b1af11b04fe1dde13\nSuccessfully built aiovk wget idna-ssl\nFailed to build ujson\nInstalling collected packages: multidict, idna, yarl, pytz, idna-ssl, chardet, async-timeout, urllib3, certifi, Babel, aiohttp, wget, ujson, sentry-sdk, psycopg2-binary, Pillow, Django, dj-database-url, attrs, aiovk, aiogram\n\u001b[91m  WARNING: The script chardetect is installed in '/root/.local/bin' which is not on PATH.\n  Consider adding this directory to PATH or, if you prefer to suppress this warning, use --no-warn-script-location.\n\u001b[0m\u001b[91m  WARNING: The script pybabel is installed in '/root/.local/bin' which is not on PATH.\n  Consider adding this directory to PATH or, if you prefer to suppress this warning, use --no-warn-script-location.\n\u001b[0m    Running setup.py install for ujson: started\n    Running setup.py install for ujson: finished with status 'error'\n\u001b[91m    ERROR: Command errored out with exit status 1:\n     command: /usr/local/bin/python -u -c 'import io, os, sys, setuptools, tokenize; sys.argv[0] = '\"'\"'/tmp/pip-install-g_458g39/ujson_b930e311d105430291ff32b015005a81/setup.py'\"'\"'; __file__='\"'\"'/tmp/pip-install-g_458g39/ujson_b930e311d105430291ff32b015005a81/setup.py'\"'\"';f = getattr(tokenize, '\"'\"'open'\"'\"', open)(__file__) if os.path.exists(__file__) else io.StringIO('\"'\"'from setuptools import setup; setup()'\"'\"');code = f.read().replace('\"'\"'\\r\\n'\"'\"', '\"'\"'\\n'\"'\"');f.close();exec(compile(code, __file__, '\"'\"'exec'\"'\"'))' install --record /tmp/pip-record-lb4yy7u3/install-record.txt --single-version-externally-managed --user --prefix= --compile --install-headers /root/.local/include/python3.6m/ujson\n         cwd: /tmp/pip-install-g_458g39/ujson_b930e311d105430291ff32b015005a81/\n    Complete output (19 lines):\n    running install\n    running build\n    running build_ext\n    building 'ujson' extension\n    creating build\n    creating build/temp.linux-x86_64-3.6\n    creating build/temp.linux-x86_64-3.6/python\n    creating build/temp.linux-x86_64-3.6/lib\n    gcc -pthread -Wno-unused-result -Wsign-compare -DNDEBUG -g -fwrapv -O3 -Wall -fPIC -I./python -I./lib -I/usr/local/include/python3.6m -c ./python/ujson.c -o build/temp.linux-x86_64-3.6/./python/ujson.o -D_GNU_SOURCE\n    In file included from /usr/lib/gcc/x86_64-linux-gnu/10/include/syslimits.h:7,\n                     from /usr/lib/gcc/x86_64-linux-gnu/10/include/limits.h:34,\n                     from /usr/local/include/python3.6m/Python.h:11,\n                     from ./python/py_defines.h:39,\n                     from ./python/ujson.c:39:\n    /usr/lib/gcc/x86_64-linux-gnu/10/include/limits.h:195:15: fatal error: limits.h: No such file or directory\n      195 | #include_next <limits.h>  /* recurse down to the real one */\n          |               ^~~~~~~~~~\n    compilation terminated.\n    error: command 'gcc' failed with exit status 1\n    ----------------------------------------\n\u001b[0m\u001b[91mERROR: Command errored out with exit status 1: /usr/local/bin/python -u -c 'import io, os, sys, setuptools, tokenize; sys.argv[0] = '\"'\"'/tmp/pip-install-g_458g39/ujson_b930e311d105430291ff32b015005a81/setup.py'\"'\"'; __file__='\"'\"'/tmp/pip-install-g_458g39/ujson_b930e311d105430291ff32b015005a81/setup.py'\"'\"';f = getattr(tokenize, '\"'\"'open'\"'\"', open)(__file__) if os.path.exists(__file__) else io.StringIO('\"'\"'from setuptools import setup; setup()'\"'\"');code = f.read().replace('\"'\"'\\r\\n'\"'\"', '\"'\"'\\n'\"'\"');f.close();exec(compile(code, __file__, '\"'\"'exec'\"'\"'))' install --record /tmp/pip-record-lb4yy7u3/install-record.txt --single-version-externally-managed --user --prefix= --compile --install-headers /root/.local/include/python3.6m/ujson Check the logs for full command output.\n\u001b[0m\u001b[91mWARNING: You are using pip version 21.2.4; however, version 21.3.1 is available.\nYou should consider upgrading via the '/usr/local/bin/python -m pip install --upgrade pip' command.\n\u001b[0mRemoving intermediate container 42f513a6f87a\n","stderr":"The command '/bin/sh -c pip install --no-cache-dir --user -r requirements.txt' returned a non-zero code: 1\n"},"endTime":1672091891967}