{"repository":"https://github.com/donovandmc/maidboye","dockerfilePath":"Dockerfile","startTime":1672910364205,"endTime":1672910436956,"clone":{"startTime":1672910364206,"stdout":"","stderr":"Cloning into '/tmp/dinghy-analysis/donovandmc/maidboye'...\n","error":null,"endTime":1672910365156,"commit":"9de490842522c18050beb7e3447aedba384a85fc"},"originalBuild":{"startTime":1672910365245,"endTime":1672910436869,"error":{"code":1,"killed":false,"signal":null,"cmd":"docker build --no-cache --force-rm -t maidboye:latest -f /tmp/dinghy-analysis/donovandmc/maidboye/Dockerfile ."},"stdout":"Sending build context to Docker daemon  1.587MB\r\r\nStep 1/9 : FROM node:19-alpine\n19-alpine: Pulling from library/node\nDigest: sha256:3ed634e0f15d3e05a1918c3949963508f7ed56350cf94156e6d804ae577849fa\nStatus: Downloaded newer image for node:19-alpine\n ---> f01bef8b5e92\nStep 2/9 : WORKDIR /app\n ---> Running in 117f41e832cf\nRemoving intermediate container 117f41e832cf\n ---> af490afebeb8\nStep 3/9 : COPY . .\n ---> 81f5422839d1\nStep 4/9 : RUN apk add --no-cache --virtual build python3 build-base g++ cairo-dev jpeg-dev pango-dev giflib-dev\n ---> Running in 40afc42e7c12\nfetch https://dl-cdn.alpinelinux.org/alpine/v3.17/main/x86_64/APKINDEX.tar.gz\nfetch https://dl-cdn.alpinelinux.org/alpine/v3.17/community/x86_64/APKINDEX.tar.gz\n(1/122) Installing libbz2 (1.0.8-r4)\n(2/122) Installing libexpat (2.5.0-r0)\n(3/122) Installing libffi (3.4.4-r0)\n(4/122) Installing gdbm (1.23-r0)\n(5/122) Installing xz-libs (5.2.9-r0)\n(6/122) Installing mpdecimal (2.5.1-r1)\n(7/122) Installing ncurses-terminfo-base (6.3_p20221119-r0)\n(8/122) Installing ncurses-libs (6.3_p20221119-r0)\n(9/122) Installing readline (8.2.0-r0)\n(10/122) Installing sqlite-libs (3.40.1-r0)\n(11/122) Installing python3 (3.10.9-r1)\n(12/122) Installing binutils (2.39-r2)\n(13/122) Installing libmagic (5.43-r0)\n(14/122) Installing file (5.43-r0)\n(15/122) Installing libgomp (12.2.1_git20220924-r4)\n(16/122) Installing libatomic (12.2.1_git20220924-r4)\n(17/122) Installing gmp (6.2.1-r2)\n(18/122) Installing isl25 (0.25-r0)\n(19/122) Installing mpfr4 (4.1.0-r0)\n(20/122) Installing mpc1 (1.2.1-r1)\n(21/122) Installing gcc (12.2.1_git20220924-r4)\n(22/122) Installing libstdc++-dev (12.2.1_git20220924-r4)\n(23/122) Installing musl-dev (1.2.3-r4)\n(24/122) Installing libc-dev (0.7.2-r3)\n(25/122) Installing g++ (12.2.1_git20220924-r4)\n(26/122) Installing make (4.3-r1)\n(27/122) Installing fortify-headers (1.1-r1)\n(28/122) Installing patch (2.7.6-r8)\n(29/122) Installing build-base (0.5-r3)\n(30/122) Installing cairo-tools (1.17.6-r3)\n(31/122) Installing brotli-libs (1.0.9-r9)\n(32/122) Installing libpng (1.6.38-r0)\n(33/122) Installing freetype (2.12.1-r0)\n(34/122) Installing fontconfig (2.14.1-r0)\n(35/122) Installing expat (2.5.0-r0)\n(36/122) Installing pkgconf (1.9.3-r0)\n(37/122) Installing expat-dev (2.5.0-r0)\n(38/122) Installing bzip2-dev (1.0.8-r4)\n(39/122) Installing brotli (1.0.9-r9)\n(40/122) Installing brotli-dev (1.0.9-r9)\n(41/122) Installing zlib-dev (1.2.13-r0)\n(42/122) Installing libpng-dev (1.6.38-r0)\n(43/122) Installing freetype-dev (2.12.1-r0)\n(44/122) Installing fontconfig-dev (2.14.1-r0)\n(45/122) Installing libxau (1.0.10-r0)\n(46/122) Installing xorgproto (2022.2-r0)\n(47/122) Installing libxau-dev (1.0.10-r0)\n(48/122) Installing libmd (1.0.4-r0)\n(49/122) Installing libbsd (0.11.7-r0)\n(50/122) Installing libxdmcp (1.1.4-r0)\n(51/122) Installing libxcb (1.15-r0)\n(52/122) Installing libx11 (1.8.3-r0)\n(53/122) Installing libxext (1.3.5-r0)\n(54/122) Installing xcb-proto (1.15.2-r0)\n(55/122) Installing libxdmcp-dev (1.1.4-r0)\n(56/122) Installing libxcb-dev (1.15-r0)\n(57/122) Installing xtrans (1.4.0-r2)\n(58/122) Installing libx11-dev (1.8.3-r0)\n(59/122) Installing libxext-dev (1.3.5-r0)\n(60/122) Installing libxrender (0.9.11-r0)\n(61/122) Installing libxrender-dev (0.9.11-r0)\n(62/122) Installing pixman (0.42.2-r0)\n(63/122) Installing pixman-dev (0.42.2-r0)\n(64/122) Installing util-macros (1.19.3-r0)\n(65/122) Installing xcb-util (0.4.0-r3)\n(66/122) Installing xcb-util-dev (0.4.0-r3)\n(67/122) Installing cairo (1.17.6-r3)\n(68/122) Installing libintl (0.21.1-r1)\n(69/122) Installing libblkid (2.38.1-r1)\n(70/122) Installing libmount (2.38.1-r1)\n(71/122) Installing pcre2 (10.42-r0)\n(72/122) Installing glib (2.74.4-r0)\n(73/122) Installing cairo-gobject (1.17.6-r3)\n(74/122) Installing libxml2 (2.10.3-r1)\n(75/122) Installing libxml2-utils (2.10.3-r1)\n(76/122) Installing docbook-xml (4.5-r8)\nExecuting docbook-xml-4.5-r8.post-install\n(77/122) Installing libgpg-error (1.46-r1)\n(78/122) Installing libgcrypt (1.10.1-r0)\n(79/122) Installing libxslt (1.1.37-r0)\n(80/122) Installing docbook-xsl (1.79.2-r8)\nExecuting docbook-xsl-1.79.2-r8.post-install\n(81/122) Installing gettext-asprintf (0.21.1-r1)\n(82/122) Installing libunistring (1.1-r0)\n(83/122) Installing gettext-libs (0.21.1-r1)\n(84/122) Installing gettext (0.21.1-r1)\n(85/122) Installing gettext-dev (0.21.1-r1)\n(86/122) Installing linux-headers (5.19.5-r0)\n(87/122) Installing libffi-dev (3.4.4-r0)\n(88/122) Installing bsd-compat-headers (0.7.2-r3)\n(89/122) Installing ncurses-dev (6.3_p20221119-r0)\n(90/122) Installing libedit (20221030.3.1-r0)\n(91/122) Installing libedit-dev (20221030.3.1-r0)\n(92/122) Installing libpcre2-16 (10.42-r0)\n(93/122) Installing libpcre2-32 (10.42-r0)\n(94/122) Installing pcre2-dev (10.42-r0)\n(95/122) Installing libuuid (2.38.1-r1)\n(96/122) Installing libfdisk (2.38.1-r1)\n(97/122) Installing libsmartcols (2.38.1-r1)\n(98/122) Installing util-linux-dev (2.38.1-r1)\n(99/122) Installing glib-dev (2.74.4-r0)\n(100/122) Installing cairo-dev (1.17.6-r3)\n(101/122) Installing libjpeg-turbo (2.1.4-r0)\n(102/122) Installing libjpeg-turbo-dev (2.1.4-r0)\n(103/122) Installing jpeg-dev (9e-r0)\n(104/122) Installing libxft (2.3.7-r0)\n(105/122) Installing graphite2 (1.3.14-r2)\n(106/122) Installing harfbuzz (5.3.1-r1)\n(107/122) Installing fribidi (1.0.12-r0)\n(108/122) Installing pango (1.50.12-r0)\n(109/122) Installing pango-tools (1.50.12-r0)\n(110/122) Installing fribidi-dev (1.0.12-r0)\n(111/122) Installing icu-data-en (72.1-r1)\nExecuting icu-data-en-72.1-r1.post-install\n\u001b[91m*\n* If you need ICU with non-English locales and legacy charset support, install\n* package icu-data-full.\n*\n\u001b[0m(112/122) Installing icu-libs (72.1-r1)\n(113/122) Installing harfbuzz-icu (5.3.1-r1)\n(114/122) Installing graphite2-dev (1.3.14-r2)\n(115/122) Installing icu (72.1-r1)\n(116/122) Installing icu-dev (72.1-r1)\n(117/122) Installing harfbuzz-dev (5.3.1-r1)\n(118/122) Installing libxft-dev (2.3.7-r0)\n(119/122) Installing pango-dev (1.50.12-r0)\n(120/122) Installing giflib (5.2.1-r2)\n(121/122) Installing giflib-dev (5.2.1-r2)\n(122/122) Installing build (20230105.091928)\nExecuting busybox-1.35.0-r29.trigger\nExecuting glib-2.74.4-r0.trigger\nNo schema files found: doing nothing.\nOK: 384 MiB in 139 packages\nRemoving intermediate container 40afc42e7c12\n ---> 4b31483b0e41\nStep 5/9 : RUN apk add --no-cache lsof ffmpeg git cairo jpeg pango giflib\n ---> Running in 03b3ddab73c2\nfetch https://dl-cdn.alpinelinux.org/alpine/v3.17/main/x86_64/APKINDEX.tar.gz\nfetch https://dl-cdn.alpinelinux.org/alpine/v3.17/community/x86_64/APKINDEX.tar.gz\n(1/56) Installing sdl2 (2.26.2-r0)\n(2/56) Installing svt-av1-libs (1.3.0-r0)\n(3/56) Installing aom-libs (3.5.0-r0)\n(4/56) Installing alsa-lib (1.2.8-r0)\n(5/56) Installing libass (0.16.0-r0)\n(6/56) Installing libdav1d (1.0.0-r2)\n(7/56) Installing hwdata-pci (0.364-r0)\n(8/56) Installing libpciaccess (0.17-r0)\n(9/56) Installing libdrm (2.4.114-r0)\n(10/56) Installing nettle (3.8.1-r0)\n(11/56) Installing p11-kit (0.24.1-r1)\n(12/56) Installing libtasn1 (4.19.0-r0)\n(13/56) Installing gnutls (3.7.8-r2)\n(14/56) Installing lame (3.100-r2)\n(15/56) Installing opus (1.3.1-r1)\n(16/56) Installing libasyncns (0.8-r1)\n(17/56) Installing dbus-libs (1.14.4-r0)\n(18/56) Installing libltdl (2.4.7-r0)\n(19/56) Installing orc (0.4.33-r0)\n(20/56) Installing libogg (1.3.5-r2)\n(21/56) Installing flac-libs (1.4.2-r0)\n(22/56) Installing libvorbis (1.3.7-r0)\n(23/56) Installing libsndfile (1.1.0-r2)\n(24/56) Installing soxr (0.1.3-r3)\n(25/56) Installing speexdsp (1.2.1-r0)\n(26/56) Installing tdb-libs (1.4.7-r0)\n(27/56) Installing libpulse (16.1-r6)\n(28/56) Installing cjson (1.7.15-r3)\n(29/56) Installing mbedtls (2.28.2-r0)\n(30/56) Installing librist (0.2.7-r0)\n(31/56) Installing libsrt (1.5.1-r0)\n(32/56) Installing libssh (0.10.4-r0)\n(33/56) Installing libtheora (1.1.1-r16)\n(34/56) Installing v4l-utils-libs (1.22.1-r2)\n(35/56) Installing libxfixes (6.0.0-r0)\n(36/56) Installing wayland-libs-client (1.21.0-r1)\n(37/56) Installing libva (2.16.0-r0)\n(38/56) Installing libvdpau (1.5-r0)\n(39/56) Installing vidstab (1.1.0-r2)\n(40/56) Installing libvpx (1.12.0-r1)\n(41/56) Installing libwebp (1.2.4-r1)\n(42/56) Installing x264-libs (0.164_git20220602-r0)\n(43/56) Installing numactl (2.0.16-r0)\n(44/56) Installing x265-libs (3.5-r3)\n(45/56) Installing xvidcore (1.3.7-r1)\n(46/56) Installing libsodium (1.0.18-r2)\n(47/56) Installing libzmq (4.3.4-r1)\n(48/56) Installing ffmpeg-libs (5.1.2-r1)\n(49/56) Installing ffmpeg (5.1.2-r1)\n(50/56) Installing ca-certificates (20220614-r3)\n(51/56) Installing nghttp2-libs (1.51.0-r0)\n(52/56) Installing libcurl (7.87.0-r0)\n(53/56) Installing git (2.38.2-r0)\n(54/56) Installing libjpeg-turbo-utils (2.1.4-r0)\n(55/56) Installing jpeg (9e-r0)\n(56/56) Installing lsof (4.96.4-r0)\nExecuting busybox-1.35.0-r29.trigger\nExecuting ca-certificates-20220614-r3.trigger\nOK: 473 MiB in 195 packages\nRemoving intermediate container 03b3ddab73c2\n ---> e3ed854729a0\nStep 6/9 : RUN npm install --development --force\n ---> Running in 2cc4024cd788\n\u001b[91mnpm\u001b[0m\u001b[91m WARN using --force Recommended protections disabled.\n\u001b[0m\n> maidboye@2.0.0 postinstall\n> patch-package\n\npatch-package 6.5.0\nApplying patches...\npatch-package@6.5.0 âœ”\n\nadded 506 packages, and audited 507 packages in 12s\n\n98 packages are looking for funding\n  run `npm fund` for details\n\nfound 0 vulnerabilities\nRemoving intermediate container 2cc4024cd788\n ---> 561901bc1bdf\nStep 7/9 : RUN apk del build\n ---> Running in 267e218c0b75\n\u001b[91mWARNING: Ignoring https://dl-cdn.alpinelinux.org/alpine/v3.17/main: No such file or directory\nWARNING: Ignoring https://dl-cdn.alpinelinux.org/alpine/v3.17/community: No such file or directory\n\u001b[0m(1/88) Purging build (20230105.091928)\n(2/88) Purging build-base (0.5-r3)\n(3/88) Purging file (5.43-r0)\n(4/88) Purging make (4.3-r1)\n(5/88) Purging fortify-headers (1.1-r1)\n(6/88) Purging patch (2.7.6-r8)\n(7/88) Purging g++ (12.2.1_git20220924-r4)\n(8/88) Purging libstdc++-dev (12.2.1_git20220924-r4)\n(9/88) Purging gcc (12.2.1_git20220924-r4)\n(10/88) Purging binutils (2.39-r2)\n(11/88) Purging libatomic (12.2.1_git20220924-r4)\n(12/88) Purging libc-dev (0.7.2-r3)\n(13/88) Purging musl-dev (1.2.3-r4)\n(14/88) Purging jpeg-dev (9e-r0)\n(15/88) Purging libjpeg-turbo-dev (2.1.4-r0)\n(16/88) Purging pango-dev (1.50.12-r0)\n(17/88) Purging pango-tools (1.50.12-r0)\n(18/88) Purging giflib-dev (5.2.1-r2)\n(19/88) Purging cairo-dev (1.17.6-r3)\n(20/88) Purging cairo-tools (1.17.6-r3)\n(21/88) Purging xcb-util-dev (0.4.0-r3)\n(22/88) Purging util-macros (1.19.3-r0)\n(23/88) Purging xcb-util (0.4.0-r3)\n(24/88) Purging cairo-gobject (1.17.6-r3)\n(25/88) Purging harfbuzz-dev (5.3.1-r1)\n(26/88) Purging harfbuzz-icu (5.3.1-r1)\n(27/88) Purging glib-dev (2.74.4-r0)\n(28/88) Purging docbook-xsl (1.79.2-r8)\nExecuting docbook-xsl-1.79.2-r8.post-deinstall\n(29/88) Purging docbook-xml (4.5-r8)\nExecuting docbook-xml-4.5-r8.post-deinstall\n(30/88) Purging gettext-dev (0.21.1-r1)\n(31/88) Purging gettext-asprintf (0.21.1-r1)\n(32/88) Purging gettext (0.21.1-r1)\n(33/88) Purging libxml2-utils (2.10.3-r1)\n(34/88) Purging libxslt (1.1.37-r0)\n(35/88) Purging python3 (3.10.9-r1)\n(36/88) Purging gdbm (1.23-r0)\n(37/88) Purging libxml2 (2.10.3-r1)\n(38/88) Purging xz-libs (5.2.9-r0)\n(39/88) Purging mpdecimal (2.5.1-r1)\n(40/88) Purging readline (8.2.0-r0)\n(41/88) Purging sqlite-libs (3.40.1-r0)\n(42/88) Purging libmagic (5.43-r0)\n(43/88) Purging isl25 (0.25-r0)\n(44/88) Purging mpc1 (1.2.1-r1)\n(45/88) Purging mpfr4 (4.1.0-r0)\n(46/88) Purging libxft-dev (2.3.7-r0)\n(47/88) Purging fontconfig-dev (2.14.1-r0)\n(48/88) Purging expat-dev (2.5.0-r0)\n(49/88) Purging expat (2.5.0-r0)\n(50/88) Purging graphite2-dev (1.3.14-r2)\n(51/88) Purging freetype-dev (2.12.1-r0)\n(52/88) Purging libpng-dev (1.6.38-r0)\n(53/88) Purging libxrender-dev (0.9.11-r0)\n(54/88) Purging libxext-dev (1.3.5-r0)\n(55/88) Purging libx11-dev (1.8.3-r0)\n(56/88) Purging xtrans (1.4.0-r2)\n(57/88) Purging libxcb-dev (1.15-r0)\n(58/88) Purging xcb-proto (1.15.2-r0)\n(59/88) Purging libxau-dev (1.0.10-r0)\n(60/88) Purging libxdmcp-dev (1.1.4-r0)\n(61/88) Purging xorgproto (2022.2-r0)\n(62/88) Purging icu-dev (72.1-r1)\n(63/88) Purging bzip2-dev (1.0.8-r4)\n(64/88) Purging pcre2-dev (10.42-r0)\n(65/88) Purging zlib-dev (1.2.13-r0)\n(66/88) Purging libpcre2-16 (10.42-r0)\n(67/88) Purging libpcre2-32 (10.42-r0)\n(68/88) Purging libedit-dev (20221030.3.1-r0)\n(69/88) Purging bsd-compat-headers (0.7.2-r3)\n(70/88) Purging libedit (20221030.3.1-r0)\n(71/88) Purging ncurses-dev (6.3_p20221119-r0)\n(72/88) Purging pixman-dev (0.42.2-r0)\n(73/88) Purging fribidi-dev (1.0.12-r0)\n(74/88) Purging brotli-dev (1.0.9-r9)\n(75/88) Purging brotli (1.0.9-r9)\n(76/88) Purging util-linux-dev (2.38.1-r1)\n(77/88) Purging libfdisk (2.38.1-r1)\n(78/88) Purging libsmartcols (2.38.1-r1)\n(79/88) Purging libuuid (2.38.1-r1)\n(80/88) Purging libffi-dev (3.4.4-r0)\n(81/88) Purging linux-headers (5.19.5-r0)\n(82/88) Purging pkgconf (1.9.3-r0)\n(83/88) Purging libgcrypt (1.10.1-r0)\n(84/88) Purging libgpg-error (1.46-r1)\n(85/88) Purging gettext-libs (0.21.1-r1)\n(86/88) Purging icu (72.1-r1)\n(87/88) Purging icu-libs (72.1-r1)\n(88/88) Purging icu-data-en (72.1-r1)\nExecuting busybox-1.35.0-r29.trigger\nExecuting glib-2.74.4-r0.trigger\nOK: 119 MiB in 107 packages\nRemoving intermediate container 267e218c0b75\n ---> ec9e3fd58ef7\nStep 8/9 : RUN npm run build\n ---> Running in 4206c2e87739\n\n> maidboye@2.0.0 build\n> tsc && node --no-warnings --no-deprecation --experimental-specifier-resolution=node --loader ts-node/esm/transpile-only scripts/build-date.ts && echo Build Finished\n\nsrc/config/index.ts(2,24): error TS2307: Cannot find module './private/client.beta.json' or its corresponding type declarations.\nsrc/config/index.ts(3,24): error TS2307: Cannot find module './private/client.prod.json' or its corresponding type declarations.\nsrc/config/index.ts(4,26): error TS2307: Cannot find module './private/client.other.json' or its corresponding type declarations.\nsrc/config/index.ts(5,34): error TS2307: Cannot find module './private/private.js' or its corresponding type declarations.\nsrc/config/index.ts(20,25): error TS4112: This member cannot have an 'override' modifier because its containing class 'Configuration' does not extend another class.\nsrc/config/index.ts(107,25): error TS4112: This member cannot have an 'override' modifier because its containing class 'Configuration' does not extend another class.\nsrc/config/index.ts(110,25): error TS4112: This member cannot have an 'override' modifier because its containing class 'Configuration' does not extend another class.\nsrc/config/index.ts(113,25): error TS4112: This member cannot have an 'override' modifier because its containing class 'Configuration' does not extend another class.\nsrc/config/index.ts(116,25): error TS4112: This member cannot have an 'override' modifier because its containing class 'Configuration' does not extend another class.\nsrc/config/index.ts(119,25): error TS4112: This member cannot have an 'override' modifier because its containing class 'Configuration' does not extend another class.\nsrc/config/index.ts(122,25): error TS4112: This member cannot have an 'override' modifier because its containing class 'Configuration' does not extend another class.\nsrc/config/index.ts(125,25): error TS4112: This member cannot have an 'override' modifier because its containing class 'Configuration' does not extend another class.\nsrc/config/index.ts(128,25): error TS4112: This member cannot have an 'override' modifier because its containing class 'Configuration' does not extend another class.\nsrc/config/index.ts(131,25): error TS4112: This member cannot have an 'override' modifier because its containing class 'Configuration' does not extend another class.\nsrc/config/index.ts(268,25): error TS4112: This member cannot have an 'override' modifier because its containing class 'Configuration' does not extend another class.\nsrc/config/index.ts(271,25): error TS4112: This member cannot have an 'override' modifier because its containing class 'Configuration' does not extend another class.\nsrc/config/index.ts(412,25): error TS4112: This member cannot have an 'override' modifier because its containing class 'Configuration' does not extend another class.\nsrc/config/index.ts(463,25): error TS4112: This member cannot have an 'override' modifier because its containing class 'Configuration' does not extend another class.\nsrc/config/index.ts(467,25): error TS4112: This member cannot have an 'override' modifier because its containing class 'Configuration' does not extend another class.\nRemoving intermediate container 4206c2e87739\n","stderr":"The command '/bin/sh -c npm run build' returned a non-zero code: 1\n"}}