{"repository":"https://github.com/qabel/qabel-drop","dockerfilePath":"Dockerfile","startTime":1672084778024,"clone":{"stdout":"","stderr":"Cloning into '/tmp/dinghy-analysis/qabel/qabel-drop'...\n","error":null,"commit":"755699dc622d51fbbdecb30f9c0679fb82e10910"},"originalBuild":{"startTimestamp":1672084778822,"endTimestamp":1672084961601,"error":{"code":1,"killed":false,"signal":null,"cmd":"docker build --no-cache --force-rm -t qabel-drop:latest -f /tmp/dinghy-analysis/qabel/qabel-drop/Dockerfile ."},"stdout":"Sending build context to Docker daemon  369.2kB\r\r\nStep 1/8 : FROM alpine:3.5\n3.5: Pulling from library/alpine\n8cae0e1ac61c: Pulling fs layer\n8cae0e1ac61c: Verifying Checksum\n8cae0e1ac61c: Download complete\n8cae0e1ac61c: Pull complete\nDigest: sha256:66952b313e51c3bd1987d7c4ddf5dba9bc0fb6e524eed2448fa660246b3e76ec\nStatus: Downloaded newer image for alpine:3.5\n ---> f80194ae2e0c\nStep 2/8 : MAINTAINER Niklas Rust <rust@qabel.de>\n ---> Running in f6d4d218fafa\nRemoving intermediate container f6d4d218fafa\n ---> 3544ab16e08c\nStep 3/8 : RUN apk add \t--no-cache \t uwsgi \tpy-pip \talpine-sdk \tbash \tpostgresql-dev \tuwsgi-python3 && \t apk add \t--no-cache \t--repository http://nl.alpinelinux.org/alpine/3.4/main \tpython3-dev && \t pip3 install \tvirtualenv \trequests\n ---> Running in 89b9bc7f9b11\nfetch http://dl-cdn.alpinelinux.org/alpine/v3.5/main/x86_64/APKINDEX.tar.gz\nfetch http://dl-cdn.alpinelinux.org/alpine/v3.5/community/x86_64/APKINDEX.tar.gz\n(1/79) Installing fakeroot (1.21-r1)\n(2/79) Installing sudo (1.8.19_p1-r0)\n(3/79) Installing libcap (2.25-r1)\n(4/79) Installing pax-utils (1.1.6-r0)\n(5/79) Installing libressl (2.4.4-r0)\n(6/79) Installing libattr (2.4.47-r4)\n(7/79) Installing attr (2.4.47-r4)\n(8/79) Installing tar (1.29-r1)\n(9/79) Installing pkgconf (1.0.2-r0)\n(10/79) Installing patch (2.7.5-r3)\n(11/79) Installing ca-certificates (20161130-r1)\n(12/79) Installing libssh2 (1.7.0-r2)\n(13/79) Installing libcurl (7.61.1-r1)\n(14/79) Installing curl (7.61.1-r1)\n(15/79) Installing abuild (2.29.0-r2)\nExecuting abuild-2.29.0-r2.pre-install\n(16/79) Installing binutils-libs (2.27-r1)\n(17/79) Installing binutils (2.27-r1)\n(18/79) Installing gmp (6.1.1-r0)\n(19/79) Installing isl (0.17.1-r0)\n(20/79) Installing libgomp (6.2.1-r1)\n(21/79) Installing libatomic (6.2.1-r1)\n(22/79) Installing libgcc (6.2.1-r1)\n(23/79) Installing mpfr3 (3.1.5-r0)\n(24/79) Installing mpc1 (1.0.3-r0)\n(25/79) Installing libstdc++ (6.2.1-r1)\n(26/79) Installing gcc (6.2.1-r1)\n(27/79) Installing make (4.2.1-r0)\n(28/79) Installing musl-dev (1.1.15-r8)\n(29/79) Installing libc-dev (0.7-r1)\n(30/79) Installing fortify-headers (0.8-r0)\n(31/79) Installing g++ (6.2.1-r1)\n(32/79) Installing build-base (0.4-r1)\n(33/79) Installing expat (2.2.0-r1)\n(34/79) Installing pcre (8.39-r0)\n(35/79) Installing git (2.11.3-r2)\n(36/79) Installing xz-libs (5.2.2-r1)\n(37/79) Installing lzo (2.09-r1)\n(38/79) Installing squashfs-tools (4.3-r3)\n(39/79) Installing libburn (1.4.6-r0)\n(40/79) Installing ncurses-terminfo-base (6.0_p20171125-r1)\n(41/79) Installing ncurses-terminfo (6.0_p20171125-r1)\n(42/79) Installing ncurses-libs (6.0_p20171125-r1)\n(43/79) Installing libedit (20150325.3.1-r3)\n(44/79) Installing libacl (2.2.52-r2)\n(45/79) Installing libisofs (1.4.6-r0)\n(46/79) Installing libisoburn (1.4.6-r0)\n(47/79) Installing xorriso (1.4.6-r0)\n(48/79) Installing acct (6.6.2-r0)\n(49/79) Installing lddtree (1.25-r2)\n(50/79) Installing libuuid (2.28.2-r1)\n(51/79) Installing libblkid (2.28.2-r1)\n(52/79) Installing device-mapper-libs (2.02.168-r3)\n(53/79) Installing cryptsetup-libs (1.7.2-r1)\n(54/79) Installing kmod (23-r1)\n(55/79) Installing mkinitfs (3.0.9-r1)\nExecuting mkinitfs-3.0.9-r1.post-install\n(56/79) Installing mtools (4.0.18-r1)\n(57/79) Installing alpine-sdk (0.5-r0)\n(58/79) Installing readline (6.3.008-r4)\n(59/79) Installing bash (4.3.46-r5)\nExecuting bash-4.3.46-r5.post-install\n(60/79) Installing libressl2.4-libtls (2.4.4-r0)\n(61/79) Installing libressl-dev (2.4.4-r0)\n(62/79) Installing db (5.3.28-r0)\n(63/79) Installing libsasl (2.1.26-r8)\n(64/79) Installing libldap (2.4.44-r4)\n(65/79) Installing libpq (9.6.10-r0)\n(66/79) Installing postgresql-libs (9.6.10-r0)\n(67/79) Installing postgresql-dev (9.6.10-r0)\n(68/79) Installing libbz2 (1.0.6-r5)\n(69/79) Installing libffi (3.2.1-r2)\n(70/79) Installing gdbm (1.12-r0)\n(71/79) Installing sqlite-libs (3.15.2-r2)\n(72/79) Installing python2 (2.7.15-r0)\n(73/79) Installing py-setuptools (29.0.1-r0)\n(74/79) Installing py2-pip (9.0.0-r1)\n(75/79) Installing mailcap (2.1.46-r0)\n(76/79) Installing libxml2 (2.9.8-r1)\n(77/79) Installing uwsgi (2.0.17-r0)\nExecuting uwsgi-2.0.17-r0.pre-install\n(78/79) Installing python3 (3.5.6-r0)\n(79/79) Installing uwsgi-python3 (2.0.17-r0)\nExecuting busybox-1.25.1-r2.trigger\nExecuting ca-certificates-20161130-r1.trigger\nOK: 327 MiB in 90 packages\nfetch http://nl.alpinelinux.org/alpine/3.4/main/x86_64/APKINDEX.tar.gz\nWARNING: Ignoring http://nl.alpinelinux.org/alpine/3.4/main/x86_64/APKINDEX.tar.gz: No such file or directory\nfetch http://dl-cdn.alpinelinux.org/alpine/v3.5/main/x86_64/APKINDEX.tar.gz\nfetch http://dl-cdn.alpinelinux.org/alpine/v3.5/community/x86_64/APKINDEX.tar.gz\n(1/1) Installing python3-dev (3.5.6-r0)\nExecuting busybox-1.25.1-r2.trigger\nOK: 339 MiB in 91 packages\nCollecting virtualenv\n  Downloading https://files.pythonhosted.org/packages/6f/43/df7c7b1b7a5ac4e41fac24c3682c1cc32f2c1d683d308bba2500338d1e3e/virtualenv-20.15.1-py2.py3-none-any.whl (10.1MB)\nCollecting requests\n  Downloading https://files.pythonhosted.org/packages/29/c1/24814557f1d22c56d50280771a17307e6bf87b70727d975fd6b2ce6b014a/requests-2.25.1-py2.py3-none-any.whl (61kB)\nCollecting filelock<4,>=3.2 (from virtualenv)\n  Downloading https://files.pythonhosted.org/packages/f1/12/585c4d8bef61cd7f9497a021d935ba9fb3127f5e45593c2fcc313897f582/filelock-3.2.1-py2.py3-none-any.whl\nCollecting platformdirs<3,>=2 (from virtualenv)\n  Downloading https://files.pythonhosted.org/packages/12/57/f4e6d433fba8bde239baa65f626a31fc6d0556a2065fcc81aaa0f4f1507b/platformdirs-2.0.2-py2.py3-none-any.whl\nCollecting importlib-resources>=1.0; python_version < \"3.7\" (from virtualenv)\n  Downloading https://files.pythonhosted.org/packages/e6/b5/ca7ff4e244ae51e70f603889fcd67ee142050b539b3e2f40fbbd8ca316b5/importlib_resources-3.2.1-py2.py3-none-any.whl\nCollecting distlib<1,>=0.3.1 (from virtualenv)\n  Downloading https://files.pythonhosted.org/packages/76/cb/6bbd2b10170ed991cf64e8c8b85e01f2fb38f95d1bc77617569e0b0b26ac/distlib-0.3.6-py2.py3-none-any.whl (468kB)\nCollecting six<2,>=1.9.0 (from virtualenv)\n  Downloading https://files.pythonhosted.org/packages/d9/5a/e7c31adbe875f2abbb91bd84cf2dc52d792b5a01506781dbcf25c91daf11/six-1.16.0-py2.py3-none-any.whl\nCollecting importlib-metadata>=0.12; python_version < \"3.8\" (from virtualenv)\n  Downloading https://files.pythonhosted.org/packages/cf/b4/877779cd7b5a15536ecbe0655cfb35a0de0ede6d888151fd7356d278c47d/importlib_metadata-2.1.3-py2.py3-none-any.whl\nCollecting certifi>=2017.4.17 (from requests)\n  Downloading https://files.pythonhosted.org/packages/0d/e0/481445ea9f9a8ede3f6f373566c7fb20de435203e4828f3738906013ecfa/certifi-2022.5.18-py3-none-any.whl (155kB)\nCollecting idna<3,>=2.5 (from requests)\n  Downloading https://files.pythonhosted.org/packages/a2/38/928ddce2273eaa564f6f50de919327bf3a00f091b5baba8dfa9460f3a8a8/idna-2.10-py2.py3-none-any.whl (58kB)\nCollecting urllib3<1.27,>=1.21.1 (from requests)\n  Downloading https://files.pythonhosted.org/packages/ec/03/062e6444ce4baf1eac17a6a0ebfe36bb1ad05e1df0e20b110de59c278498/urllib3-1.26.9-py2.py3-none-any.whl (138kB)\nCollecting chardet<5,>=3.0.2 (from requests)\n  Downloading https://files.pythonhosted.org/packages/19/c7/fa589626997dd07bd87d9269342ccb74b1720384a4d739a1872bd84fbe68/chardet-4.0.0-py2.py3-none-any.whl (178kB)\nCollecting zipp>=0.4; python_version < \"3.8\" (from importlib-resources>=1.0; python_version < \"3.7\"->virtualenv)\n  Downloading https://files.pythonhosted.org/packages/96/0a/67556e9b7782df7118c1f49bdc494da5e5e429c93aa77965f33e81287c8c/zipp-1.2.0-py2.py3-none-any.whl\nInstalling collected packages: filelock, platformdirs, zipp, importlib-resources, distlib, six, importlib-metadata, virtualenv, certifi, idna, urllib3, chardet, requests\nSuccessfully installed certifi-2022.5.18 chardet-4.0.0 distlib-0.3.6 filelock-3.2.1 idna-2.10 importlib-metadata-2.1.3 importlib-resources-3.2.1 platformdirs-2.0.2 requests-2.25.1 six-1.16.0 urllib3-1.26.9 virtualenv-20.15.1 zipp-1.2.0\n\u001b[91mYou are using pip version 9.0.1, however version 22.3.1 is available.\nYou should consider upgrading via the 'pip install --upgrade pip' command.\n\u001b[0mRemoving intermediate container 89b9bc7f9b11\n ---> 3dac5c5704ea\nStep 4/8 : ADD . /app\n ---> a295a6e623d9\nStep 5/8 : WORKDIR /app\n ---> Running in 8a88275fa5c6\nRemoving intermediate container 8a88275fa5c6\n ---> e57251b312f6\nStep 6/8 : RUN sh Docker/bootstrap.sh\n ---> Running in d541487d5b36\n\u001b[91mDEPRECATION: Python 3.5 reached the end of its life on September 13th, 2020. Please upgrade your Python as Python 3.5 is no longer maintained. pip 21.0 will drop support for Python 3.5 in January 2021. pip 21.0 will remove support for this functionality.\n\u001b[0m\u001b[91m  ERROR: Command errored out with exit status 1:\n   command: /usr/bin/python3.5 -u -c 'import sys, setuptools, tokenize; sys.argv[0] = '\"'\"'/tmp/pip-install-953e_lsi/greenlet_4f5541a0f4384ad19ee8462d5157b373/setup.py'\"'\"'; __file__='\"'\"'/tmp/pip-install-953e_lsi/greenlet_4f5541a0f4384ad19ee8462d5157b373/setup.py'\"'\"';f=getattr(tokenize, '\"'\"'open'\"'\"', open)(__file__);code=f.read().replace('\"'\"'\\r\\n'\"'\"', '\"'\"'\\n'\"'\"');f.close();exec(compile(code, __file__, '\"'\"'exec'\"'\"'))' bdist_wheel -d /tmp/pip-wheel-bli42qom\n       cwd: /tmp/pip-install-953e_lsi/greenlet_4f5541a0f4384ad19ee8462d5157b373/\n  Complete output (124 lines):\n  running bdist_wheel\n  running build\n  running build_py\n  creating build\n  creating build/lib.linux-x86_64-3.5\n  creating build/lib.linux-x86_64-3.5/greenlet\n  copying src/greenlet/__init__.py -> build/lib.linux-x86_64-3.5/greenlet\n  creating build/lib.linux-x86_64-3.5/greenlet/tests\n  copying src/greenlet/tests/__init__.py -> build/lib.linux-x86_64-3.5/greenlet/tests\n  copying src/greenlet/tests/test_gc.py -> build/lib.linux-x86_64-3.5/greenlet/tests\n  copying src/greenlet/tests/test_weakref.py -> build/lib.linux-x86_64-3.5/greenlet/tests\n  copying src/greenlet/tests/leakcheck.py -> build/lib.linux-x86_64-3.5/greenlet/tests\n  copying src/greenlet/tests/test_version.py -> build/lib.linux-x86_64-3.5/greenlet/tests\n  copying src/greenlet/tests/test_cpp.py -> build/lib.linux-x86_64-3.5/greenlet/tests\n  copying src/greenlet/tests/test_generator_nested.py -> build/lib.linux-x86_64-3.5/greenlet/tests\n  copying src/greenlet/tests/test_generator.py -> build/lib.linux-x86_64-3.5/greenlet/tests\n  copying src/greenlet/tests/test_greenlet.py -> build/lib.linux-x86_64-3.5/greenlet/tests\n  copying src/greenlet/tests/test_throw.py -> build/lib.linux-x86_64-3.5/greenlet/tests\n  copying src/greenlet/tests/test_extension_interface.py -> build/lib.linux-x86_64-3.5/greenlet/tests\n  copying src/greenlet/tests/test_contextvars.py -> build/lib.linux-x86_64-3.5/greenlet/tests\n  copying src/greenlet/tests/test_tracing.py -> build/lib.linux-x86_64-3.5/greenlet/tests\n  copying src/greenlet/tests/test_stack_saved.py -> build/lib.linux-x86_64-3.5/greenlet/tests\n  copying src/greenlet/tests/test_greenlet_trash.py -> build/lib.linux-x86_64-3.5/greenlet/tests\n  copying src/greenlet/tests/test_leaks.py -> build/lib.linux-x86_64-3.5/greenlet/tests\n  creating build/lib.linux-x86_64-3.5/greenlet/platform\n  copying src/greenlet/platform/__init__.py -> build/lib.linux-x86_64-3.5/greenlet/platform\n  running egg_info\n  writing dependency_links to src/greenlet.egg-info/dependency_links.txt\n  writing requirements to src/greenlet.egg-info/requires.txt\n  writing top-level names to src/greenlet.egg-info/top_level.txt\n  writing src/greenlet.egg-info/PKG-INFO\n  reading manifest file 'src/greenlet.egg-info/SOURCES.txt'\n  reading manifest template 'MANIFEST.in'\n  warning: no previously-included files found matching 'benchmarks/*.json'\n  no previously-included directories found matching 'docs/_build'\n  warning: no files found matching '*.py' under directory 'appveyor'\n  warning: no previously-included files matching '*.pyc' found anywhere in distribution\n  warning: no previously-included files matching '*.pyd' found anywhere in distribution\n  warning: no previously-included files matching '*.so' found anywhere in distribution\n  warning: no previously-included files matching '.coverage' found anywhere in distribution\n  writing manifest file 'src/greenlet.egg-info/SOURCES.txt'\n  copying src/greenlet/greenlet.cpp -> build/lib.linux-x86_64-3.5/greenlet\n  copying src/greenlet/greenlet.h -> build/lib.linux-x86_64-3.5/greenlet\n  copying src/greenlet/greenlet_allocator.hpp -> build/lib.linux-x86_64-3.5/greenlet\n  copying src/greenlet/greenlet_compiler_compat.hpp -> build/lib.linux-x86_64-3.5/greenlet\n  copying src/greenlet/greenlet_cpython_compat.hpp -> build/lib.linux-x86_64-3.5/greenlet\n  copying src/greenlet/greenlet_exceptions.hpp -> build/lib.linux-x86_64-3.5/greenlet\n  copying src/greenlet/greenlet_greenlet.hpp -> build/lib.linux-x86_64-3.5/greenlet\n  copying src/greenlet/greenlet_internal.hpp -> build/lib.linux-x86_64-3.5/greenlet\n  copying src/greenlet/greenlet_refs.hpp -> build/lib.linux-x86_64-3.5/greenlet\n  copying src/greenlet/greenlet_slp_switch.hpp -> build/lib.linux-x86_64-3.5/greenlet\n  copying src/greenlet/greenlet_thread_state.hpp -> build/lib.linux-x86_64-3.5/greenlet\n  copying src/greenlet/greenlet_thread_state_dict_cleanup.hpp -> build/lib.linux-x86_64-3.5/greenlet\n  copying src/greenlet/greenlet_thread_support.hpp -> build/lib.linux-x86_64-3.5/greenlet\n  copying src/greenlet/slp_platformselect.h -> build/lib.linux-x86_64-3.5/greenlet\n  copying src/greenlet/tests/_test_extension.c -> build/lib.linux-x86_64-3.5/greenlet/tests\n  copying src/greenlet/tests/_test_extension_cpp.cpp -> build/lib.linux-x86_64-3.5/greenlet/tests\n  copying src/greenlet/platform/setup_switch_x64_masm.cmd -> build/lib.linux-x86_64-3.5/greenlet/platform\n  copying src/greenlet/platform/switch_aarch64_gcc.h -> build/lib.linux-x86_64-3.5/greenlet/platform\n  copying src/greenlet/platform/switch_alpha_unix.h -> build/lib.linux-x86_64-3.5/greenlet/platform\n  copying src/greenlet/platform/switch_amd64_unix.h -> build/lib.linux-x86_64-3.5/greenlet/platform\n  copying src/greenlet/platform/switch_arm32_gcc.h -> build/lib.linux-x86_64-3.5/greenlet/platform\n  copying src/greenlet/platform/switch_arm32_ios.h -> build/lib.linux-x86_64-3.5/greenlet/platform\n  copying src/greenlet/platform/switch_arm64_masm.asm -> build/lib.linux-x86_64-3.5/greenlet/platform\n  copying src/greenlet/platform/switch_arm64_masm.obj -> build/lib.linux-x86_64-3.5/greenlet/platform\n  copying src/greenlet/platform/switch_arm64_msvc.h -> build/lib.linux-x86_64-3.5/greenlet/platform\n  copying src/greenlet/platform/switch_csky_gcc.h -> build/lib.linux-x86_64-3.5/greenlet/platform\n  copying src/greenlet/platform/switch_m68k_gcc.h -> build/lib.linux-x86_64-3.5/greenlet/platform\n  copying src/greenlet/platform/switch_mips_unix.h -> build/lib.linux-x86_64-3.5/greenlet/platform\n  copying src/greenlet/platform/switch_ppc64_aix.h -> build/lib.linux-x86_64-3.5/greenlet/platform\n  copying src/greenlet/platform/switch_ppc64_linux.h -> build/lib.linux-x86_64-3.5/greenlet/platform\n  copying src/greenlet/platform/switch_ppc_aix.h -> build/lib.linux-x86_64-3.5/greenlet/platform\n  copying src/greenlet/platform/switch_ppc_linux.h -> build/lib.linux-x86_64-3.5/greenlet/platform\n  copying src/greenlet/platform/switch_ppc_macosx.h -> build/lib.linux-x86_64-3.5/greenlet/platform\n  copying src/greenlet/platform/switch_ppc_unix.h -> build/lib.linux-x86_64-3.5/greenlet/platform\n  copying src/greenlet/platform/switch_riscv_unix.h -> build/lib.linux-x86_64-3.5/greenlet/platform\n  copying src/greenlet/platform/switch_s390_unix.h -> build/lib.linux-x86_64-3.5/greenlet/platform\n  copying src/greenlet/platform/switch_sparc_sun_gcc.h -> build/lib.linux-x86_64-3.5/greenlet/platform\n  copying src/greenlet/platform/switch_x32_unix.h -> build/lib.linux-x86_64-3.5/greenlet/platform\n  copying src/greenlet/platform/switch_x64_masm.asm -> build/lib.linux-x86_64-3.5/greenlet/platform\n  copying src/greenlet/platform/switch_x64_masm.obj -> build/lib.linux-x86_64-3.5/greenlet/platform\n  copying src/greenlet/platform/switch_x64_msvc.h -> build/lib.linux-x86_64-3.5/greenlet/platform\n  copying src/greenlet/platform/switch_x86_msvc.h -> build/lib.linux-x86_64-3.5/greenlet/platform\n  copying src/greenlet/platform/switch_x86_unix.h -> build/lib.linux-x86_64-3.5/greenlet/platform\n  running build_ext\n  building 'greenlet._greenlet' extension\n  creating build/temp.linux-x86_64-3.5\n  creating build/temp.linux-x86_64-3.5/src\n  creating build/temp.linux-x86_64-3.5/src/greenlet\n  gcc -Wno-unused-result -Wsign-compare -DNDEBUG -g -fwrapv -O3 -Wall -Wstrict-prototypes -Os -fomit-frame-pointer -fPIC -I/usr/include/python3.5m -c src/greenlet/greenlet.cpp -o build/temp.linux-x86_64-3.5/src/greenlet/greenlet.o\n  cc1plus: warning: command line option '-Wstrict-prototypes' is valid for C/ObjC but not for C++\n  src/greenlet/greenlet.cpp:2511:64: error: specialization of 'template<class IsPy37> const OwnedObject greenlet::Greenlet::context(typename IsPy37::IsIt) const' in different namespace [-fpermissive]\n   Greenlet::context<GREENLET_WHEN_PY37>(GREENLET_WHEN_PY37::Yes) const\n                                                                  ^~~~~\n  In file included from src/greenlet/greenlet_internal.hpp:20:0,\n                   from src/greenlet/greenlet.cpp:19:\n  src/greenlet/greenlet_greenlet.hpp:333:27: error:   from definition of 'template<class IsPy37> const OwnedObject greenlet::Greenlet::context(typename IsPy37::IsIt) const' [-fpermissive]\n           const OwnedObject context(const typename IsPy37::IsIt=nullptr) const;\n                             ^~~~~~~\n  src/greenlet/greenlet.cpp:2540:71: error: specialization of 'template<class IsPy37> const OwnedObject greenlet::Greenlet::context(typename IsPy37::IsIt) const' in different namespace [-fpermissive]\n   Greenlet::context<GREENLET_WHEN_NOT_PY37>(GREENLET_WHEN_NOT_PY37::No) const\n                                                                         ^~~~~\n  In file included from src/greenlet/greenlet_internal.hpp:20:0,\n                   from src/greenlet/greenlet.cpp:19:\n  src/greenlet/greenlet_greenlet.hpp:333:27: error:   from definition of 'template<class IsPy37> const OwnedObject greenlet::Greenlet::context(typename IsPy37::IsIt) const' [-fpermissive]\n           const OwnedObject context(const typename IsPy37::IsIt=nullptr) const;\n                             ^~~~~~~\n  src/greenlet/greenlet.cpp:2562:89: error: specialization of 'template<class IsPy37> void greenlet::Greenlet::context(greenlet::refs::BorrowedObject, typename IsPy37::IsIt)' in different namespace [-fpermissive]\n   void Greenlet::context<GREENLET_WHEN_PY37>(BorrowedObject given, GREENLET_WHEN_PY37::Yes)\n                                                                                           ^\n  In file included from src/greenlet/greenlet_internal.hpp:20:0,\n                   from src/greenlet/greenlet.cpp:19:\n  src/greenlet/greenlet_greenlet.hpp:336:21: error:   from definition of 'template<class IsPy37> void greenlet::Greenlet::context(greenlet::refs::BorrowedObject, typename IsPy37::IsIt)' [-fpermissive]\n           inline void context(refs::BorrowedObject new_context, typename IsPy37::IsIt=nullptr);\n                       ^~~~~~~\n  src/greenlet/greenlet.cpp:2597:99: error: specialization of 'template<class IsPy37> void greenlet::Greenlet::context(greenlet::refs::BorrowedObject, typename IsPy37::IsIt)' in different namespace [-fpermissive]\n   Greenlet::context<GREENLET_WHEN_NOT_PY37>(BorrowedObject UNUSED(given), GREENLET_WHEN_NOT_PY37::No)\n                                                                                                     ^\n  In file included from src/greenlet/greenlet_internal.hpp:20:0,\n                   from src/greenlet/greenlet.cpp:19:\n  src/greenlet/greenlet_greenlet.hpp:336:21: error:   from definition of 'template<class IsPy37> void greenlet::Greenlet::context(greenlet::refs::BorrowedObject, typename IsPy37::IsIt)' [-fpermissive]\n           inline void context(refs::BorrowedObject new_context, typename IsPy37::IsIt=nullptr);\n                       ^~~~~~~\n  error: command 'gcc' failed with exit status 1\n  ----------------------------------------\n\u001b[0m\u001b[91m  ERROR: Failed building wheel for greenlet\n\u001b[0m\u001b[91m    ERROR: Command errored out with exit status 1:\n     command: /usr/bin/python3.5 -u -c 'import sys, setuptools, tokenize; sys.argv[0] = '\"'\"'/tmp/pip-install-953e_lsi/greenlet_4f5541a0f4384ad19ee8462d5157b373/setup.py'\"'\"'; __file__='\"'\"'/tmp/pip-install-953e_lsi/greenlet_4f5541a0f4384ad19ee8462d5157b373/setup.py'\"'\"';f=getattr(tokenize, '\"'\"'open'\"'\"', open)(__file__);code=f.read().replace('\"'\"'\\r\\n'\"'\"', '\"'\"'\\n'\"'\"');f.close();exec(compile(code, __file__, '\"'\"'exec'\"'\"'))' install --record /tmp/pip-record-_2zazblq/install-record.txt --single-version-externally-managed --compile --install-headers /usr/include/python3.5m/greenlet\n         cwd: /tmp/pip-install-953e_lsi/greenlet_4f5541a0f4384ad19ee8462d5157b373/\n    Complete output (124 lines):\n    running install\n    running build\n    running build_py\n    creating build\n    creating build/lib.linux-x86_64-3.5\n    creating build/lib.linux-x86_64-3.5/greenlet\n    copying src/greenlet/__init__.py -> build/lib.linux-x86_64-3.5/greenlet\n    creating build/lib.linux-x86_64-3.5/greenlet/tests\n    copying src/greenlet/tests/__init__.py -> build/lib.linux-x86_64-3.5/greenlet/tests\n    copying src/greenlet/tests/test_gc.py -> build/lib.linux-x86_64-3.5/greenlet/tests\n    copying src/greenlet/tests/test_weakref.py -> build/lib.linux-x86_64-3.5/greenlet/tests\n    copying src/greenlet/tests/leakcheck.py -> build/lib.linux-x86_64-3.5/greenlet/tests\n    copying src/greenlet/tests/test_version.py -> build/lib.linux-x86_64-3.5/greenlet/tests\n    copying src/greenlet/tests/test_cpp.py -> build/lib.linux-x86_64-3.5/greenlet/tests\n    copying src/greenlet/tests/test_generator_nested.py -> build/lib.linux-x86_64-3.5/greenlet/tests\n    copying src/greenlet/tests/test_generator.py -> build/lib.linux-x86_64-3.5/greenlet/tests\n    copying src/greenlet/tests/test_greenlet.py -> build/lib.linux-x86_64-3.5/greenlet/tests\n    copying src/greenlet/tests/test_throw.py -> build/lib.linux-x86_64-3.5/greenlet/tests\n    copying src/greenlet/tests/test_extension_interface.py -> build/lib.linux-x86_64-3.5/greenlet/tests\n    copying src/greenlet/tests/test_contextvars.py -> build/lib.linux-x86_64-3.5/greenlet/tests\n    copying src/greenlet/tests/test_tracing.py -> build/lib.linux-x86_64-3.5/greenlet/tests\n    copying src/greenlet/tests/test_stack_saved.py -> build/lib.linux-x86_64-3.5/greenlet/tests\n    copying src/greenlet/tests/test_greenlet_trash.py -> build/lib.linux-x86_64-3.5/greenlet/tests\n    copying src/greenlet/tests/test_leaks.py -> build/lib.linux-x86_64-3.5/greenlet/tests\n    creating build/lib.linux-x86_64-3.5/greenlet/platform\n    copying src/greenlet/platform/__init__.py -> build/lib.linux-x86_64-3.5/greenlet/platform\n    running egg_info\n    writing requirements to src/greenlet.egg-info/requires.txt\n    writing src/greenlet.egg-info/PKG-INFO\n    writing top-level names to src/greenlet.egg-info/top_level.txt\n    writing dependency_links to src/greenlet.egg-info/dependency_links.txt\n    reading manifest file 'src/greenlet.egg-info/SOURCES.txt'\n    reading manifest template 'MANIFEST.in'\n    warning: no previously-included files found matching 'benchmarks/*.json'\n    no previously-included directories found matching 'docs/_build'\n    warning: no files found matching '*.py' under directory 'appveyor'\n    warning: no previously-included files matching '*.pyc' found anywhere in distribution\n    warning: no previously-included files matching '*.pyd' found anywhere in distribution\n    warning: no previously-included files matching '*.so' found anywhere in distribution\n    warning: no previously-included files matching '.coverage' found anywhere in distribution\n    writing manifest file 'src/greenlet.egg-info/SOURCES.txt'\n    copying src/greenlet/greenlet.cpp -> build/lib.linux-x86_64-3.5/greenlet\n    copying src/greenlet/greenlet.h -> build/lib.linux-x86_64-3.5/greenlet\n    copying src/greenlet/greenlet_allocator.hpp -> build/lib.linux-x86_64-3.5/greenlet\n    copying src/greenlet/greenlet_compiler_compat.hpp -> build/lib.linux-x86_64-3.5/greenlet\n    copying src/greenlet/greenlet_cpython_compat.hpp -> build/lib.linux-x86_64-3.5/greenlet\n    copying src/greenlet/greenlet_exceptions.hpp -> build/lib.linux-x86_64-3.5/greenlet\n    copying src/greenlet/greenlet_greenlet.hpp -> build/lib.linux-x86_64-3.5/greenlet\n    copying src/greenlet/greenlet_internal.hpp -> build/lib.linux-x86_64-3.5/greenlet\n    copying src/greenlet/greenlet_refs.hpp -> build/lib.linux-x86_64-3.5/greenlet\n    copying src/greenlet/greenlet_slp_switch.hpp -> build/lib.linux-x86_64-3.5/greenlet\n    copying src/greenlet/greenlet_thread_state.hpp -> build/lib.linux-x86_64-3.5/greenlet\n    copying src/greenlet/greenlet_thread_state_dict_cleanup.hpp -> build/lib.linux-x86_64-3.5/greenlet\n    copying src/greenlet/greenlet_thread_support.hpp -> build/lib.linux-x86_64-3.5/greenlet\n    copying src/greenlet/slp_platformselect.h -> build/lib.linux-x86_64-3.5/greenlet\n    copying src/greenlet/tests/_test_extension.c -> build/lib.linux-x86_64-3.5/greenlet/tests\n    copying src/greenlet/tests/_test_extension_cpp.cpp -> build/lib.linux-x86_64-3.5/greenlet/tests\n    copying src/greenlet/platform/setup_switch_x64_masm.cmd -> build/lib.linux-x86_64-3.5/greenlet/platform\n    copying src/greenlet/platform/switch_aarch64_gcc.h -> build/lib.linux-x86_64-3.5/greenlet/platform\n    copying src/greenlet/platform/switch_alpha_unix.h -> build/lib.linux-x86_64-3.5/greenlet/platform\n    copying src/greenlet/platform/switch_amd64_unix.h -> build/lib.linux-x86_64-3.5/greenlet/platform\n    copying src/greenlet/platform/switch_arm32_gcc.h -> build/lib.linux-x86_64-3.5/greenlet/platform\n    copying src/greenlet/platform/switch_arm32_ios.h -> build/lib.linux-x86_64-3.5/greenlet/platform\n    copying src/greenlet/platform/switch_arm64_masm.asm -> build/lib.linux-x86_64-3.5/greenlet/platform\n    copying src/greenlet/platform/switch_arm64_masm.obj -> build/lib.linux-x86_64-3.5/greenlet/platform\n    copying src/greenlet/platform/switch_arm64_msvc.h -> build/lib.linux-x86_64-3.5/greenlet/platform\n    copying src/greenlet/platform/switch_csky_gcc.h -> build/lib.linux-x86_64-3.5/greenlet/platform\n    copying src/greenlet/platform/switch_m68k_gcc.h -> build/lib.linux-x86_64-3.5/greenlet/platform\n    copying src/greenlet/platform/switch_mips_unix.h -> build/lib.linux-x86_64-3.5/greenlet/platform\n    copying src/greenlet/platform/switch_ppc64_aix.h -> build/lib.linux-x86_64-3.5/greenlet/platform\n    copying src/greenlet/platform/switch_ppc64_linux.h -> build/lib.linux-x86_64-3.5/greenlet/platform\n    copying src/greenlet/platform/switch_ppc_aix.h -> build/lib.linux-x86_64-3.5/greenlet/platform\n    copying src/greenlet/platform/switch_ppc_linux.h -> build/lib.linux-x86_64-3.5/greenlet/platform\n    copying src/greenlet/platform/switch_ppc_macosx.h -> build/lib.linux-x86_64-3.5/greenlet/platform\n    copying src/greenlet/platform/switch_ppc_unix.h -> build/lib.linux-x86_64-3.5/greenlet/platform\n    copying src/greenlet/platform/switch_riscv_unix.h -> build/lib.linux-x86_64-3.5/greenlet/platform\n    copying src/greenlet/platform/switch_s390_unix.h -> build/lib.linux-x86_64-3.5/greenlet/platform\n    copying src/greenlet/platform/switch_sparc_sun_gcc.h -> build/lib.linux-x86_64-3.5/greenlet/platform\n    copying src/greenlet/platform/switch_x32_unix.h -> build/lib.linux-x86_64-3.5/greenlet/platform\n    copying src/greenlet/platform/switch_x64_masm.asm -> build/lib.linux-x86_64-3.5/greenlet/platform\n    copying src/greenlet/platform/switch_x64_masm.obj -> build/lib.linux-x86_64-3.5/greenlet/platform\n    copying src/greenlet/platform/switch_x64_msvc.h -> build/lib.linux-x86_64-3.5/greenlet/platform\n    copying src/greenlet/platform/switch_x86_msvc.h -> build/lib.linux-x86_64-3.5/greenlet/platform\n    copying src/greenlet/platform/switch_x86_unix.h -> build/lib.linux-x86_64-3.5/greenlet/platform\n    running build_ext\n    building 'greenlet._greenlet' extension\n    creating build/temp.linux-x86_64-3.5\n    creating build/temp.linux-x86_64-3.5/src\n    creating build/temp.linux-x86_64-3.5/src/greenlet\n    gcc -Wno-unused-result -Wsign-compare -DNDEBUG -g -fwrapv -O3 -Wall -Wstrict-prototypes -Os -fomit-frame-pointer -fPIC -I/usr/include/python3.5m -c src/greenlet/greenlet.cpp -o build/temp.linux-x86_64-3.5/src/greenlet/greenlet.o\n    cc1plus: warning: command line option '-Wstrict-prototypes' is valid for C/ObjC but not for C++\n    src/greenlet/greenlet.cpp:2511:64: error: specialization of 'template<class IsPy37> const OwnedObject greenlet::Greenlet::context(typename IsPy37::IsIt) const' in different namespace [-fpermissive]\n     Greenlet::context<GREENLET_WHEN_PY37>(GREENLET_WHEN_PY37::Yes) const\n                                                                    ^~~~~\n    In file included from src/greenlet/greenlet_internal.hpp:20:0,\n                     from src/greenlet/greenlet.cpp:19:\n    src/greenlet/greenlet_greenlet.hpp:333:27: error:   from definition of 'template<class IsPy37> const OwnedObject greenlet::Greenlet::context(typename IsPy37::IsIt) const' [-fpermissive]\n             const OwnedObject context(const typename IsPy37::IsIt=nullptr) const;\n                               ^~~~~~~\n    src/greenlet/greenlet.cpp:2540:71: error: specialization of 'template<class IsPy37> const OwnedObject greenlet::Greenlet::context(typename IsPy37::IsIt) const' in different namespace [-fpermissive]\n     Greenlet::context<GREENLET_WHEN_NOT_PY37>(GREENLET_WHEN_NOT_PY37::No) const\n                                                                           ^~~~~\n    In file included from src/greenlet/greenlet_internal.hpp:20:0,\n                     from src/greenlet/greenlet.cpp:19:\n    src/greenlet/greenlet_greenlet.hpp:333:27: error:   from definition of 'template<class IsPy37> const OwnedObject greenlet::Greenlet::context(typename IsPy37::IsIt) const' [-fpermissive]\n             const OwnedObject context(const typename IsPy37::IsIt=nullptr) const;\n                               ^~~~~~~\n    src/greenlet/greenlet.cpp:2562:89: error: specialization of 'template<class IsPy37> void greenlet::Greenlet::context(greenlet::refs::BorrowedObject, typename IsPy37::IsIt)' in different namespace [-fpermissive]\n     void Greenlet::context<GREENLET_WHEN_PY37>(BorrowedObject given, GREENLET_WHEN_PY37::Yes)\n                                                                                             ^\n    In file included from src/greenlet/greenlet_internal.hpp:20:0,\n                     from src/greenlet/greenlet.cpp:19:\n    src/greenlet/greenlet_greenlet.hpp:336:21: error:   from definition of 'template<class IsPy37> void greenlet::Greenlet::context(greenlet::refs::BorrowedObject, typename IsPy37::IsIt)' [-fpermissive]\n             inline void context(refs::BorrowedObject new_context, typename IsPy37::IsIt=nullptr);\n                         ^~~~~~~\n    src/greenlet/greenlet.cpp:2597:99: error: specialization of 'template<class IsPy37> void greenlet::Greenlet::context(greenlet::refs::BorrowedObject, typename IsPy37::IsIt)' in different namespace [-fpermissive]\n     Greenlet::context<GREENLET_WHEN_NOT_PY37>(BorrowedObject UNUSED(given), GREENLET_WHEN_NOT_PY37::No)\n                                                                                                       ^\n    In file included from src/greenlet/greenlet_internal.hpp:20:0,\n                     from src/greenlet/greenlet.cpp:19:\n    src/greenlet/greenlet_greenlet.hpp:336:21: error:   from definition of 'template<class IsPy37> void greenlet::Greenlet::context(greenlet::refs::BorrowedObject, typename IsPy37::IsIt)' [-fpermissive]\n             inline void context(refs::BorrowedObject new_context, typename IsPy37::IsIt=nullptr);\n                         ^~~~~~~\n    error: command 'gcc' failed with exit status 1\n    ----------------------------------------\n\u001b[0m\u001b[91mERROR: Command errored out with exit status 1: /usr/bin/python3.5 -u -c 'import sys, setuptools, tokenize; sys.argv[0] = '\"'\"'/tmp/pip-install-953e_lsi/greenlet_4f5541a0f4384ad19ee8462d5157b373/setup.py'\"'\"'; __file__='\"'\"'/tmp/pip-install-953e_lsi/greenlet_4f5541a0f4384ad19ee8462d5157b373/setup.py'\"'\"';f=getattr(tokenize, '\"'\"'open'\"'\"', open)(__file__);code=f.read().replace('\"'\"'\\r\\n'\"'\"', '\"'\"'\\n'\"'\"');f.close();exec(compile(code, __file__, '\"'\"'exec'\"'\"'))' install --record /tmp/pip-record-_2zazblq/install-record.txt --single-version-externally-managed --compile --install-headers /usr/include/python3.5m/greenlet Check the logs for full command output.\n\u001b[0mRemoving intermediate container d541487d5b36\n","stderr":"The command '/bin/sh -c sh Docker/bootstrap.sh' returned a non-zero code: 1\n"},"endTime":1672084961683}