{"repository":"https://github.com/ogarproject/ogar","dockerfilePath":"Dockerfile","startTime":1672303424491,"clone":{"stdout":"","stderr":"Cloning into '/tmp/dinghy-analysis/ogarproject/ogar'...\n","error":null,"commit":"8d9be35c3f553e2f32ef80e6933ffe3fe9c52f65"},"originalBuild":{"startTimestamp":1672303425554,"endTimestamp":1672303449404,"error":{"code":1,"killed":false,"signal":null,"cmd":"docker build --no-cache --force-rm -t ogar:latest -f /tmp/dinghy-analysis/ogarproject/ogar/Dockerfile ."},"stdout":"Sending build context to Docker daemon  545.8kB\r\r\nStep 1/7 : FROM node:argon\nargon: Pulling from library/node\n3d77ce4481b1: Already exists\n534514c83d69: Pulling fs layer\nd562b1c3ac3f: Pulling fs layer\n4b85e68dc01d: Pulling fs layer\nf6a66c5de9db: Pulling fs layer\n7a4e7d9a081d: Pulling fs layer\n876b13112871: Pulling fs layer\n95d109ce6b5d: Pulling fs layer\nf6a66c5de9db: Waiting\n7a4e7d9a081d: Waiting\n876b13112871: Waiting\n95d109ce6b5d: Waiting\n534514c83d69: Verifying Checksum\n534514c83d69: Download complete\n534514c83d69: Pull complete\n7a4e7d9a081d: Download complete\n4b85e68dc01d: Verifying Checksum\n4b85e68dc01d: Download complete\n876b13112871: Verifying Checksum\n876b13112871: Download complete\n95d109ce6b5d: Download complete\nd562b1c3ac3f: Verifying Checksum\nd562b1c3ac3f: Download complete\nd562b1c3ac3f: Pull complete\n4b85e68dc01d: Pull complete\nf6a66c5de9db: Pull complete\n7a4e7d9a081d: Pull complete\n876b13112871: Pull complete\n95d109ce6b5d: Pull complete\nDigest: sha256:fab73fccce5abc3fade13a99179884a306aa6c5292a2fc11833ee25ca15c1f85\nStatus: Downloaded newer image for node:argon\n ---> ef4b194d8fcf\nStep 2/7 : RUN mkdir -p /usr/src/app\n ---> Running in 60a9dab313af\nRemoving intermediate container 60a9dab313af\n ---> 3e9979c700b5\nStep 3/7 : WORKDIR /usr/src/app\n ---> Running in 6ee6760c23f4\nRemoving intermediate container 6ee6760c23f4\n ---> e736d0764361\nStep 4/7 : COPY package.json /usr/src/app/\n ---> 1972b262f67f\nStep 5/7 : RUN npm install\n ---> Running in b2661671bdd6\n\u001b[91mnpm\u001b[0m\u001b[91m WARN \u001b[0m\u001b[91mpackage.json Ogar@1.0.0 No README data\n\u001b[0m\u001b[91mnpm WARN package.json Ogar@1.0.0 license should be a valid SPDX license expression\n\u001b[0m\u001b[91mnpm WARN engine ws@8.11.0: wanted: {\"node\":\">=10.0.0\"} (current: {\"node\":\"4.9.1\",\"npm\":\"2.15.11\"})\n\u001b[0m\u001b[91mnpm WARN peerDependencies The peer dependency bufferutil@^4.0.1 included from ws will no\n\u001b[0m\u001b[91mnpm WARN peerDependencies longer be automatically installed to fulfill the peerDependency \n\u001b[0m\u001b[91mnpm WARN peerDependencies in npm 3+. Your application will need to depend on it explicitly.\n\u001b[0m\u001b[91mnpm WARN peerDependencies The peer dependency utf-8-validate@^5.0.2 included from ws will no\n\u001b[0m\u001b[91mnpm \u001b[0m\u001b[91mWARN \u001b[0m\u001b[91mpeerDependencies longer be automatically installed to fulfill the peerDependency \nnpm WARN\u001b[0m\u001b[91m peerDependencies in npm 3+. Your application will need to depend on it explicitly.\n\u001b[0m\u001b[91mnpm WARN \u001b[0m\u001b[91mengine utf-8-validate@5.0.10: wanted: {\"node\":\">=6.14.2\"} (current: {\"node\":\"4.9.1\",\"npm\":\"2.15.11\"})\n\u001b[0m\u001b[91mnpm WARN \u001b[0m\u001b[91mengine bufferutil@4.0.7: wanted: {\"node\":\">=6.14.2\"} (current: {\"node\":\"4.9.1\",\"npm\":\"2.15.11\"})\n\u001b[0m\n> utf-8-validate@5.0.10 install /usr/src/app/node_modules/utf-8-validate\n> node-gyp-build\n\nmake: Entering directory '/usr/src/app/node_modules/utf-8-validate/build'\n  CC(target) Release/obj.target/validation/src/validation.o\n\u001b[91m../src/validation.c:4:22: fatal error: node_api.h: No such file or directory\n #include <node_api.h>\n                      ^\ncompilation terminated.\n\u001b[0mvalidation.target.mk:96: recipe for target 'Release/obj.target/validation/src/validation.o' failed\nmake: Leaving directory '/usr/src/app/node_modules/utf-8-validate/build'\n\u001b[91mmake: *** [Release/obj.target/validation/src/validation.o] Error 1\n\u001b[0m\u001b[91mgyp\u001b[0m\u001b[91m \u001b[0m\u001b[91mERR! build error \n\u001b[0m\u001b[91mgyp ERR! stack\u001b[0m\u001b[91m Error: `make` failed with exit code: 2\n\u001b[0m\u001b[91mgyp ERR! stack     at ChildProcess.onExit (/usr/local/lib/node_modules/npm/node_modules/node-gyp/lib/build.js:276:23)\n\u001b[0m\u001b[91mgyp ERR! stack     at emitTwo (events.js:87:13)\ngyp ERR! stack\u001b[0m\u001b[91m     at ChildProcess.emit (events.js:172:7)\n\u001b[0m\u001b[91mgyp ERR! \u001b[0m\u001b[91mstack     at Process.ChildProcess._handle.onexit (internal/child_process.js:211:12)\n\u001b[0m\u001b[91mgyp ERR!\u001b[0m\u001b[91m System Linux 5.4.0-113-generic\n\u001b[0m\u001b[91mgyp ERR!\u001b[0m\u001b[91m command \"/usr/local/bin/node\" \"/usr/local/lib/node_modules/npm/node_modules/node-gyp/bin/node-gyp.js\" \"rebuild\"\ngyp \u001b[0m\u001b[91mERR! cwd\u001b[0m\u001b[91m /usr/src/app/node_modules/utf-8-validate\n\u001b[0m\u001b[91mgyp ERR! node -v\u001b[0m\u001b[91m v4.9.1\n\u001b[0m\u001b[91mgyp ERR! node-gyp -v v3.4.0\n\u001b[0m\u001b[91mgyp ERR! \u001b[0m\u001b[91mnot ok \n\u001b[0m\n> bufferutil@4.0.7 install /usr/src/app/node_modules/bufferutil\n> node-gyp-build\n\nmake: Entering directory '/usr/src/app/node_modules/bufferutil/build'\n  CC(target) Release/obj.target/bufferutil/src/bufferutil.o\n\u001b[91m../src/bufferutil.c:3:22: fatal error: node_api.h: No such file or directory\n #include <node_api.h>\n                      ^\ncompilation terminated.\n\u001b[0m\u001b[91mmake: *** [Release/obj.target/bufferutil/src/bufferutil.o] Error 1\n\u001b[0mbufferutil.target.mk:96: recipe for target 'Release/obj.target/bufferutil/src/bufferutil.o' failed\nmake: Leaving directory '/usr/src/app/node_modules/bufferutil/build'\n\u001b[91mgyp\u001b[0m\u001b[91m \u001b[0m\u001b[91mERR! \u001b[0m\u001b[91mbuild error\u001b[0m\u001b[91m \n\u001b[0m\u001b[91mgyp ERR! stack\u001b[0m\u001b[91m Error: `make` failed with exit code: 2\n\u001b[0m\u001b[91mgyp ERR!\u001b[0m\u001b[91m \u001b[0m\u001b[91mstack\u001b[0m\u001b[91m     at ChildProcess.onExit (/usr/local/lib/node_modules/npm/node_modules/node-gyp/lib/build.js:276:23)\n\u001b[0m\u001b[91mgyp ERR!\u001b[0m\u001b[91m stack\u001b[0m\u001b[91m     at emitTwo (events.js:87:13)\ngyp\u001b[0m\u001b[91m \u001b[0m\u001b[91mERR!\u001b[0m\u001b[91m stack\u001b[0m\u001b[91m     at ChildProcess.emit (events.js:172:7)\n\u001b[0m\u001b[91mgyp \u001b[0m\u001b[91mERR! stack     at Process.ChildProcess._handle.onexit (internal/child_process.js:211:12)\n\u001b[0m\u001b[91mgyp \u001b[0m\u001b[91mERR! \u001b[0m\u001b[91mSystem\u001b[0m\u001b[91m Linux 5.4.0-113-generic\n\u001b[0m\u001b[91mgyp \u001b[0m\u001b[91mERR! \u001b[0m\u001b[91mcommand\u001b[0m\u001b[91m \"/usr/local/bin/node\" \"/usr/local/lib/node_modules/npm/node_modules/node-gyp/bin/node-gyp.js\" \"rebuild\"\n\u001b[0m\u001b[91mgyp \u001b[0m\u001b[91mERR! \u001b[0m\u001b[91mcwd /usr/src/app/node_modules/bufferutil\n\u001b[0m\u001b[91mgyp ERR!\u001b[0m\u001b[91m node -v\u001b[0m\u001b[91m v4.9.1\n\u001b[0m\u001b[91mgyp ERR!\u001b[0m\u001b[91m node-gyp -v v3.4.0\n\u001b[0m\u001b[91mgyp ERR!\u001b[0m\u001b[91m not ok\u001b[0m\u001b[91m \n\u001b[0m\u001b[91mnpm \u001b[0m\u001b[91mERR!\u001b[0m\u001b[91m Linux 5.4.0-113-generic\n\u001b[0m\u001b[91mnpm ERR!\u001b[0m\u001b[91m \u001b[0m\u001b[91margv \"/usr/local/bin/node\" \"/usr/local/bin/npm\" \"install\"\n\u001b[0m\u001b[91mnpm ERR!\u001b[0m\u001b[91m node v4.9.1\n\u001b[0m\u001b[91mnpm ERR! \u001b[0m\u001b[91mnpm  v2.15.11\n\u001b[0m\u001b[91mnpm \u001b[0m\u001b[91mERR! \u001b[0m\u001b[91mcode\u001b[0m\u001b[91m ELIFECYCLE\n\u001b[0m\u001b[91m\n\u001b[0m\u001b[91mnpm\u001b[0m\u001b[91m ERR!\u001b[0m\u001b[91m utf-8-validate@5.0.10 install: `node-gyp-build`\n\u001b[0m\u001b[91mnpm \u001b[0m\u001b[91mERR!\u001b[0m\u001b[91m Exit status 1\n\u001b[0m\u001b[91mnpm ERR!\u001b[0m\u001b[91m \n\u001b[0m\u001b[91mnpm \u001b[0m\u001b[91mERR!\u001b[0m\u001b[91m Failed at the utf-8-validate@5.0.10 install script 'node-gyp-build'.\n\u001b[0m\u001b[91mnpm \u001b[0m\u001b[91mERR!\u001b[0m\u001b[91m This is most likely a problem with the utf-8-validate package,\nnpm\u001b[0m\u001b[91m \u001b[0m\u001b[91mERR!\u001b[0m\u001b[91m not with npm itself.\nnpm\u001b[0m\u001b[91m \u001b[0m\u001b[91mERR!\u001b[0m\u001b[91m Tell the author that this fails on your system:\n\u001b[0m\u001b[91mnpm\u001b[0m\u001b[91m \u001b[0m\u001b[91mERR!\u001b[0m\u001b[91m     node-gyp-build\n\u001b[0m\u001b[91mnpm\u001b[0m\u001b[91m \u001b[0m\u001b[91mERR!\u001b[0m\u001b[91m You can get information on how to open an issue for this project with:\n\u001b[0m\u001b[91mnpm \u001b[0m\u001b[91mERR!\u001b[0m\u001b[91m     npm bugs utf-8-validate\n\u001b[0m\u001b[91mnpm \u001b[0m\u001b[91mERR!\u001b[0m\u001b[91m Or if that isn't available, you can get their info via:\n\u001b[0m\u001b[91mnpm \u001b[0m\u001b[91mERR!\u001b[0m\u001b[91m \nnpm\u001b[0m\u001b[91m ERR!\u001b[0m\u001b[91m     npm owner ls utf-8-validate\n\u001b[0m\u001b[91mnpm\u001b[0m\u001b[91m ERR!\u001b[0m\u001b[91m There is likely additional logging output above.\n\u001b[0m\u001b[91m\n\u001b[0m\u001b[91mnpm ERR!\u001b[0m\u001b[91m Please include the following file with any support request:\nnpm\u001b[0m\u001b[91m ERR!\u001b[0m\u001b[91m     /usr/src/app/npm-debug.log\n\u001b[0mRemoving intermediate container b2661671bdd6\n","stderr":"The command '/bin/sh -c npm install' returned a non-zero code: 1\n"},"endTime":1672303449477}