{"repository":"https://github.com/tsukuyomi-rs/tsukuyomi","dockerfilePath":"Dockerfile","startTime":1672618638284,"clone":{"stdout":"","stderr":"Cloning into '/tmp/dinghy-analysis/tsukuyomi-rs/tsukuyomi'...\n","error":null,"commit":"30a8e28e727171076fd8f1cda276a7e9a6e18d62"},"originalBuild":{"startTimestamp":1672618639216,"endTimestamp":1672618653872,"error":{"code":2,"killed":false,"signal":null,"cmd":"docker build --no-cache --force-rm -t tsukuyomi:latest -f /tmp/dinghy-analysis/tsukuyomi-rs/tsukuyomi/Dockerfile ."},"stdout":"Sending build context to Docker daemon  724.5kB\r\r\nStep 1/8 : FROM rust:latest as build-env\n ---> 5e0d0367026b\nStep 2/8 : RUN apt-get update &&     apt-get install -y         cmake         binutils-dev         libcurl4-openssl-dev         zlib1g-dev         libdw-dev         libiberty-dev\n ---> Running in 1b30d378a293\nGet:1 http://deb.debian.org/debian bullseye InRelease [116 kB]\nGet:2 http://deb.debian.org/debian-security bullseye-security InRelease [48.4 kB]\nGet:3 http://deb.debian.org/debian bullseye-updates InRelease [44.1 kB]\nGet:4 http://deb.debian.org/debian bullseye/main amd64 Packages [8183 kB]\nGet:5 http://deb.debian.org/debian-security bullseye-security/main amd64 Packages [210 kB]\nGet:6 http://deb.debian.org/debian bullseye-updates/main amd64 Packages [14.6 kB]\nFetched 8616 kB in 1s (6862 kB/s)\nReading package lists...\nReading package lists...\nBuilding dependency tree...\nReading state information...\nlibcurl4-openssl-dev is already the newest version (7.74.0-1.3+deb11u3).\nzlib1g-dev is already the newest version (1:1.2.11.dfsg-2+deb11u2).\nThe following additional packages will be installed:\n  cmake-data libarchive13 libdw1 libelf-dev libjsoncpp24 librhash0 libuv1\nSuggested packages:\n  cmake-doc ninja-build lrzip\nThe following NEW packages will be installed:\n  binutils-dev cmake cmake-data libarchive13 libdw-dev libdw1 libelf-dev\n  libiberty-dev libjsoncpp24 librhash0 libuv1\n0 upgraded, 11 newly installed, 0 to remove and 1 not upgraded.\nNeed to get 12.3 MB of archives.\nAfter this operation, 66.8 MB of additional disk space will be used.\nGet:1 http://deb.debian.org/debian bullseye/main amd64 binutils-dev amd64 2.35.2-2 [3558 kB]\nGet:2 http://deb.debian.org/debian bullseye/main amd64 cmake-data all 3.18.4-2+deb11u1 [1725 kB]\nGet:3 http://deb.debian.org/debian bullseye/main amd64 libarchive13 amd64 3.4.3-2+deb11u1 [343 kB]\nGet:4 http://deb.debian.org/debian bullseye/main amd64 libjsoncpp24 amd64 1.9.4-4 [78.9 kB]\nGet:5 http://deb.debian.org/debian bullseye/main amd64 librhash0 amd64 1.4.1-2 [129 kB]\nGet:6 http://deb.debian.org/debian bullseye/main amd64 libuv1 amd64 1.40.0-2 [132 kB]\nGet:7 http://deb.debian.org/debian bullseye/main amd64 cmake amd64 3.18.4-2+deb11u1 [5593 kB]\nGet:8 http://deb.debian.org/debian bullseye/main amd64 libelf-dev amd64 0.183-1 [75.6 kB]\nGet:9 http://deb.debian.org/debian bullseye/main amd64 libdw1 amd64 0.183-1 [234 kB]\nGet:10 http://deb.debian.org/debian bullseye/main amd64 libdw-dev amd64 0.183-1 [311 kB]\nGet:11 http://deb.debian.org/debian bullseye/main amd64 libiberty-dev amd64 20210106-1 [150 kB]\n\u001b[91mdebconf: delaying package configuration, since apt-utils is not installed\n\u001b[0mFetched 12.3 MB in 0s (85.8 MB/s)\nSelecting previously unselected package binutils-dev.\r\n(Reading database ... \r(Reading database ... 5%\r(Reading database ... 10%\r(Reading database ... 15%\r(Reading database ... 20%\r(Reading database ... 25%\r(Reading database ... 30%\r(Reading database ... 35%\r(Reading database ... 40%\r(Reading database ... 45%\r(Reading database ... 50%\r(Reading database ... 55%\r(Reading database ... 60%\r(Reading database ... 65%\r(Reading database ... 70%\r(Reading database ... 75%\r(Reading database ... 80%\r(Reading database ... 85%\r(Reading database ... 90%\r(Reading database ... 95%\r(Reading database ... 100%\r(Reading database ... 22790 files and directories currently installed.)\r\nPreparing to unpack .../00-binutils-dev_2.35.2-2_amd64.deb ...\r\nUnpacking binutils-dev (2.35.2-2) ...\r\nSelecting previously unselected package cmake-data.\r\nPreparing to unpack .../01-cmake-data_3.18.4-2+deb11u1_all.deb ...\r\nUnpacking cmake-data (3.18.4-2+deb11u1) ...\r\nSelecting previously unselected package libarchive13:amd64.\r\nPreparing to unpack .../02-libarchive13_3.4.3-2+deb11u1_amd64.deb ...\r\nUnpacking libarchive13:amd64 (3.4.3-2+deb11u1) ...\r\nSelecting previously unselected package libjsoncpp24:amd64.\r\nPreparing to unpack .../03-libjsoncpp24_1.9.4-4_amd64.deb ...\r\nUnpacking libjsoncpp24:amd64 (1.9.4-4) ...\r\nSelecting previously unselected package librhash0:amd64.\r\nPreparing to unpack .../04-librhash0_1.4.1-2_amd64.deb ...\r\nUnpacking librhash0:amd64 (1.4.1-2) ...\r\nSelecting previously unselected package libuv1:amd64.\r\nPreparing to unpack .../05-libuv1_1.40.0-2_amd64.deb ...\r\nUnpacking libuv1:amd64 (1.40.0-2) ...\r\nSelecting previously unselected package cmake.\r\nPreparing to unpack .../06-cmake_3.18.4-2+deb11u1_amd64.deb ...\r\nUnpacking cmake (3.18.4-2+deb11u1) ...\r\nSelecting previously unselected package libelf-dev:amd64.\r\nPreparing to unpack .../07-libelf-dev_0.183-1_amd64.deb ...\r\nUnpacking libelf-dev:amd64 (0.183-1) ...\r\nSelecting previously unselected package libdw1:amd64.\r\nPreparing to unpack .../08-libdw1_0.183-1_amd64.deb ...\r\nUnpacking libdw1:amd64 (0.183-1) ...\r\nSelecting previously unselected package libdw-dev:amd64.\r\nPreparing to unpack .../09-libdw-dev_0.183-1_amd64.deb ...\r\nUnpacking libdw-dev:amd64 (0.183-1) ...\r\nSelecting previously unselected package libiberty-dev:amd64.\r\nPreparing to unpack .../10-libiberty-dev_20210106-1_amd64.deb ...\r\nUnpacking libiberty-dev:amd64 (20210106-1) ...\r\nSetting up libdw1:amd64 (0.183-1) ...\r\nSetting up libarchive13:amd64 (3.4.3-2+deb11u1) ...\r\nSetting up binutils-dev (2.35.2-2) ...\r\nSetting up libuv1:amd64 (1.40.0-2) ...\r\nSetting up libelf-dev:amd64 (0.183-1) ...\r\nSetting up libjsoncpp24:amd64 (1.9.4-4) ...\r\nSetting up librhash0:amd64 (1.4.1-2) ...\r\nSetting up libiberty-dev:amd64 (20210106-1) ...\r\nSetting up cmake-data (3.18.4-2+deb11u1) ...\r\nSetting up libdw-dev:amd64 (0.183-1) ...\r\nSetting up cmake (3.18.4-2+deb11u1) ...\r\nProcessing triggers for libc-bin (2.31-13+deb11u5) ...\r\nRemoving intermediate container 1b30d378a293\n ---> d3220fb63bb3\nStep 3/8 : WORKDIR /volume\n ---> Running in 2fe7d787f953\nRemoving intermediate container 2fe7d787f953\n ---> 2ed7ad1da8dc\nStep 4/8 : RUN mkdir kcov-src &&     curl -sSLf https://github.com/SimonKagstrom/kcov/archive/v33.tar.gz | tar xzf - --strip-components 1 -C kcov-src\n ---> Running in 5e45e6443b07\nRemoving intermediate container 5e45e6443b07\n ---> 5a7fd5cef653\nStep 5/8 : RUN mkdir kcov-build && cd kcov-build &&     cmake -DCMAKE_INSTALL_PREFIX=/usr/local ../kcov-src &&     make -j2 &&     make install DESTDIR=../kcov\n ---> Running in 8eca7df4afe5\n-- The C compiler identification is GNU 10.2.1\n-- The CXX compiler identification is GNU 10.2.1\n-- Detecting C compiler ABI info\n-- Detecting C compiler ABI info - done\n-- Check for working C compiler: /usr/bin/cc - skipped\n-- Detecting C compile features\n-- Detecting C compile features - done\n-- Detecting CXX compiler ABI info\n-- Detecting CXX compiler ABI info - done\n-- Check for working CXX compiler: /usr/bin/c++ - skipped\n-- Detecting CXX compile features\n-- Detecting CXX compile features - done\n-- Found PkgConfig: /usr/bin/pkg-config (found version \"0.29.2\") \n-- Looking for pthread.h\n-- Looking for pthread.h - found\n-- Performing Test CMAKE_HAVE_LIBC_PTHREAD\n-- Performing Test CMAKE_HAVE_LIBC_PTHREAD - Failed\n-- Looking for pthread_create in pthreads\n-- Looking for pthread_create in pthreads - not found\n-- Looking for pthread_create in pthread\n-- Looking for pthread_create in pthread - found\n-- Found Threads: TRUE  \n\u001b[91mCMake Warning (dev) at /usr/share/cmake-3.18/Modules/FindPackageHandleStandardArgs.cmake:273 (message):\n  The package name passed to `find_package_handle_standard_args` (LIBBFD)\n  does not match the name of the calling package (Bfd).  This can lead to\n  problems in calling code that expects `find_package` result variables\n  (e.g., `_FOUND`) to follow a certain pattern.\nCall Stack (most recent call first):\n  cmake/FindBfd.cmake:79 (FIND_PACKAGE_HANDLE_STANDARD_ARGS)\n  src/CMakeLists.txt:7 (find_package)\nThis warning is for project developers.  Use -Wno-dev to suppress it.\n\n\u001b[0m-- Found LIBBFD: /usr/lib/x86_64-linux-gnu/libbfd.so  \n-- Target architectures: x86_64\n-- Checking for module 'zlib'\n--   Found zlib, version 1.2.11\n-- Checking for module 'libcurl'\n--   Found libcurl, version 7.74.0\n-- Found LibElf: /usr/lib/x86_64-linux-gnu/libelf.so  \n\u001b[91mCMake Warning (dev) at /usr/share/cmake-3.18/Modules/FindPackageHandleStandardArgs.cmake:273 (message):\n  The package name passed to `find_package_handle_standard_args` (ElfUtils)\n  does not match the name of the calling package (Elfutils).  This can lead\n  to problems in calling code that expects `find_package` result variables\n  (e.g., `_FOUND`) to follow a certain pattern.\nCall Stack (most recent call first):\n  cmake/FindElfutils.cmake:57 (FIND_PACKAGE_HANDLE_STANDARD_ARGS)\n  src/CMakeLists.txt:91 (find_package)\nThis warning is for project developers.  Use -Wno-dev to suppress it.\n\n\u001b[0m-- Found ElfUtils: /usr/lib/x86_64-linux-gnu/libdw.so  \n-- Configuring done\n-- Generating done\n-- Build files have been written to: /volume/kcov-build\nScanning dependencies of target kcov_sowrapper\nScanning dependencies of target bash_execve_redirector\n[  2%] Building C object src/CMakeFiles/kcov_sowrapper.dir/solib-parser/phdr_data.c.o\n[  4%] Building C object src/CMakeFiles/bash_execve_redirector.dir/engines/bash-execve-redirector.c.o\n[  6%] Linking C shared library libbash_execve_redirector.so\n[  8%] Building C object src/CMakeFiles/kcov_sowrapper.dir/solib-parser/lib.c.o\n[  8%] Built target bash_execve_redirector\n[ 10%] Linking C shared library libkcov_sowrapper.so\n[ 10%] Built target kcov_sowrapper\n[ 12%] Generating version.c\n[ 14%] Generating library.cc\n\u001b[91m/usr/bin/env: 'python': No such file or directory\n\u001b[0m\u001b[91mmake[2]: *** [src/CMakeFiles/kcov.dir/build.make:82: src/library.cc] Error 127\nmake[2]: *** Deleting file 'src/library.cc'\n\u001b[0m\u001b[91mmake[2]: *** Waiting for unfinished jobs....\n\u001b[0m\u001b[91mmake[1]: *** [CMakeFiles/Makefile2:138: src/CMakeFiles/kcov.dir/all] Error 2\n\u001b[0m\u001b[91mmake: *** [Makefile:171: all] Error 2\n\u001b[0mRemoving intermediate container 8eca7df4afe5\n","stderr":"The command '/bin/sh -c mkdir kcov-build && cd kcov-build &&     cmake -DCMAKE_INSTALL_PREFIX=/usr/local ../kcov-src &&     make -j2 &&     make install DESTDIR=../kcov' returned a non-zero code: 2\n"},"endTime":1672618653953}