{"repository":"https://github.com/permui/calocom","dockerfilePath":"Dockerfile","startTime":1672718918873,"clone":{"stdout":"","stderr":"Cloning into '/tmp/dinghy-analysis/permui/calocom'...\n","error":null,"commit":"c15d9ccde8bb94a3ed49ea1e9d836450396e316a"},"originalBuild":{"startTimestamp":1672718922455,"endTimestamp":1672719273761,"error":{"code":101,"killed":false,"signal":null,"cmd":"docker build --no-cache --force-rm -t calocom:latest -f /tmp/dinghy-analysis/permui/calocom/Dockerfile ."},"stdout":"Sending build context to Docker daemon  74.71MB\r\r\nStep 1/10 : FROM rustlang/rust:nightly-bullseye as builder\nnightly-bullseye: Pulling from rustlang/rust\n32de3c850997: Already exists\nfa1d4c8d85a4: Already exists\nc796299bbbdd: Already exists\n81283a9569ad: Already exists\n60b38700e7fb: Already exists\nd7a83a67f8f6: Pulling fs layer\nd7a83a67f8f6: Verifying Checksum\nd7a83a67f8f6: Download complete\nd7a83a67f8f6: Pull complete\nDigest: sha256:26a3f9e3024e0a634ee63dae44c4f5d5b1d86f80f5a22817ba7389ccae3f951a\nStatus: Downloaded newer image for rustlang/rust:nightly-bullseye\n ---> f2a54e26d95b\nStep 2/10 : WORKDIR /home/calocom\n ---> Running in 552d2c2a03c3\nRemoving intermediate container 552d2c2a03c3\n ---> ed4f13e0d09a\nStep 3/10 : RUN apt-get update && apt-get install -y lsb-release wget software-properties-common gnupg2 && rm -rf /var/lib/apt/lists/*\n ---> Running in 1707ca0fd7d4\nGet:1 http://deb.debian.org/debian bullseye InRelease [116 kB]\nGet:2 http://deb.debian.org/debian-security bullseye-security InRelease [48.4 kB]\nGet:3 http://deb.debian.org/debian bullseye-updates InRelease [44.1 kB]\nGet:4 http://deb.debian.org/debian bullseye/main amd64 Packages [8183 kB]\nGet:5 http://deb.debian.org/debian-security bullseye-security/main amd64 Packages [210 kB]\nGet:6 http://deb.debian.org/debian bullseye-updates/main amd64 Packages [14.6 kB]\nFetched 8616 kB in 2s (5511 kB/s)\nReading package lists...\nReading package lists...\nBuilding dependency tree...\nReading state information...\nwget is already the newest version (1.21-1+deb11u1).\nThe following additional packages will be installed:\n  dbus distro-info-data dmsetup gir1.2-packagekitglib-1.0 iso-codes\n  libapparmor1 libappstream4 libargon2-1 libcap2 libcap2-bin libcryptsetup12\n  libdbus-1-3 libdevmapper1.02.1 libdw1 libgstreamer1.0-0 libip4tc2 libjson-c5\n  libkmod2 liblmdb0 libnss-systemd libpackagekit-glib2-18 libpam-cap\n  libpam-systemd libpolkit-agent-1-0 libpolkit-gobject-1-0 libstemmer0d\n  libunwind8 packagekit packagekit-tools policykit-1 python-apt-common\n  python3-apt python3-dbus python3-distro-info python3-gi python3-pycurl\n  python3-software-properties systemd systemd-sysv systemd-timesyncd\n  unattended-upgrades\nSuggested packages:\n  default-dbus-session-bus | dbus-session-bus isoquery gstreamer1.0-tools\n  appstream python3-apt-dbg python-apt-doc python-dbus-doc python3-dbus-dbg\n  libcurl4-gnutls-dev python-pycurl-doc python3-pycurl-dbg systemd-container\n  bsd-mailx default-mta | mail-transport-agent needrestart powermgmt-base\nThe following NEW packages will be installed:\n  dbus distro-info-data dmsetup gir1.2-packagekitglib-1.0 gnupg2 iso-codes\n  libapparmor1 libappstream4 libargon2-1 libcap2 libcap2-bin libcryptsetup12\n  libdbus-1-3 libdevmapper1.02.1 libdw1 libgstreamer1.0-0 libip4tc2 libjson-c5\n  libkmod2 liblmdb0 libnss-systemd libpackagekit-glib2-18 libpam-cap\n  libpam-systemd libpolkit-agent-1-0 libpolkit-gobject-1-0 libstemmer0d\n  libunwind8 lsb-release packagekit packagekit-tools policykit-1\n  python-apt-common python3-apt python3-dbus python3-distro-info python3-gi\n  python3-pycurl python3-software-properties software-properties-common\n  systemd systemd-sysv systemd-timesyncd unattended-upgrades\n0 upgraded, 44 newly installed, 0 to remove and 1 not upgraded.\nNeed to get 14.5 MB of archives.\nAfter this operation, 57.8 MB of additional disk space will be used.\nGet:1 http://deb.debian.org/debian bullseye/main amd64 libapparmor1 amd64 2.13.6-10 [99.3 kB]\nGet:2 http://deb.debian.org/debian bullseye/main amd64 libcap2 amd64 1:2.44-1 [23.6 kB]\nGet:3 http://deb.debian.org/debian bullseye/main amd64 libargon2-1 amd64 0~20171227-0.2 [19.6 kB]\nGet:4 http://deb.debian.org/debian bullseye/main amd64 dmsetup amd64 2:1.02.175-2.1 [92.1 kB]\nGet:5 http://deb.debian.org/debian bullseye/main amd64 libdevmapper1.02.1 amd64 2:1.02.175-2.1 [143 kB]\nGet:6 http://deb.debian.org/debian bullseye/main amd64 libjson-c5 amd64 0.15-2 [42.8 kB]\nGet:7 http://deb.debian.org/debian bullseye/main amd64 libcryptsetup12 amd64 2:2.3.7-1+deb11u1 [248 kB]\nGet:8 http://deb.debian.org/debian bullseye/main amd64 libip4tc2 amd64 1.8.7-1 [34.6 kB]\nGet:9 http://deb.debian.org/debian bullseye/main amd64 libkmod2 amd64 28-1 [55.6 kB]\nGet:10 http://deb.debian.org/debian bullseye/main amd64 systemd amd64 247.3-7+deb11u1 [4501 kB]\nGet:11 http://deb.debian.org/debian bullseye/main amd64 systemd-sysv amd64 247.3-7+deb11u1 [113 kB]\nGet:12 http://deb.debian.org/debian bullseye/main amd64 libdbus-1-3 amd64 1.12.24-0+deb11u1 [222 kB]\nGet:13 http://deb.debian.org/debian bullseye/main amd64 dbus amd64 1.12.24-0+deb11u1 [243 kB]\nGet:14 http://deb.debian.org/debian bullseye/main amd64 libnss-systemd amd64 247.3-7+deb11u1 [199 kB]\nGet:15 http://deb.debian.org/debian bullseye/main amd64 libpam-systemd amd64 247.3-7+deb11u1 [283 kB]\nGet:16 http://deb.debian.org/debian bullseye/main amd64 systemd-timesyncd amd64 247.3-7+deb11u1 [131 kB]\nGet:17 http://deb.debian.org/debian bullseye/main amd64 distro-info-data all 0.51+deb11u3 [7812 B]\nGet:18 http://deb.debian.org/debian bullseye/main amd64 libpackagekit-glib2-18 amd64 1.2.2-2 [124 kB]\nGet:19 http://deb.debian.org/debian bullseye/main amd64 gir1.2-packagekitglib-1.0 amd64 1.2.2-2 [36.8 kB]\nGet:20 http://deb.debian.org/debian bullseye/main amd64 gnupg2 all 2.2.27-2+deb11u2 [434 kB]\nGet:21 http://deb.debian.org/debian bullseye/main amd64 iso-codes all 4.6.0-1 [2824 kB]\nGet:22 http://deb.debian.org/debian bullseye/main amd64 liblmdb0 amd64 0.9.24-1 [45.0 kB]\nGet:23 http://deb.debian.org/debian bullseye/main amd64 libstemmer0d amd64 2.1.0-1 [119 kB]\nGet:24 http://deb.debian.org/debian bullseye/main amd64 libappstream4 amd64 0.14.4-1 [172 kB]\nGet:25 http://deb.debian.org/debian bullseye/main amd64 libcap2-bin amd64 1:2.44-1 [32.6 kB]\nGet:26 http://deb.debian.org/debian bullseye/main amd64 libdw1 amd64 0.183-1 [234 kB]\nGet:27 http://deb.debian.org/debian bullseye/main amd64 libunwind8 amd64 1.3.2-2 [54.5 kB]\nGet:28 http://deb.debian.org/debian bullseye/main amd64 libgstreamer1.0-0 amd64 1.18.4-2.1 [2230 kB]\nGet:29 http://deb.debian.org/debian bullseye/main amd64 libpam-cap amd64 1:2.44-1 [15.4 kB]\nGet:30 http://deb.debian.org/debian bullseye/main amd64 libpolkit-gobject-1-0 amd64 0.105-31+deb11u1 [48.5 kB]\nGet:31 http://deb.debian.org/debian bullseye/main amd64 libpolkit-agent-1-0 amd64 0.105-31+deb11u1 [28.1 kB]\nGet:32 http://deb.debian.org/debian bullseye/main amd64 lsb-release all 11.1.0 [27.9 kB]\nGet:33 http://deb.debian.org/debian bullseye/main amd64 policykit-1 amd64 0.105-31+deb11u1 [96.7 kB]\nGet:34 http://deb.debian.org/debian bullseye/main amd64 packagekit amd64 1.2.2-2 [598 kB]\nGet:35 http://deb.debian.org/debian bullseye/main amd64 packagekit-tools amd64 1.2.2-2 [41.7 kB]\nGet:36 http://deb.debian.org/debian bullseye/main amd64 python-apt-common all 2.2.1 [96.5 kB]\nGet:37 http://deb.debian.org/debian bullseye/main amd64 python3-apt amd64 2.2.1 [190 kB]\nGet:38 http://deb.debian.org/debian bullseye/main amd64 python3-dbus amd64 1.2.16-5 [108 kB]\nGet:39 http://deb.debian.org/debian bullseye/main amd64 python3-distro-info all 1.0 [8720 B]\nGet:40 http://deb.debian.org/debian bullseye/main amd64 python3-gi amd64 3.38.0-2 [232 kB]\nGet:41 http://deb.debian.org/debian bullseye/main amd64 python3-pycurl amd64 7.43.0.6-5 [68.8 kB]\nGet:42 http://deb.debian.org/debian bullseye/main amd64 python3-software-properties all 0.96.20.2-2.1 [49.7 kB]\nGet:43 http://deb.debian.org/debian bullseye/main amd64 software-properties-common all 0.96.20.2-2.1 [83.4 kB]\nGet:44 http://deb.debian.org/debian bullseye/main amd64 unattended-upgrades all 2.8 [88.6 kB]\n\u001b[91mdebconf: delaying package configuration, since apt-utils is not installed\n\u001b[0mFetched 14.5 MB in 0s (60.1 MB/s)\nSelecting previously unselected package libapparmor1:amd64.\r\n(Reading database ... \r(Reading database ... 5%\r(Reading database ... 10%\r(Reading database ... 15%\r(Reading database ... 20%\r(Reading database ... 25%\r(Reading database ... 30%\r(Reading database ... 35%\r(Reading database ... 40%\r(Reading database ... 45%\r(Reading database ... 50%\r(Reading database ... 55%\r(Reading database ... 60%\r(Reading database ... 65%\r(Reading database ... 70%\r(Reading database ... 75%\r(Reading database ... 80%\r(Reading database ... 85%\r(Reading database ... 90%\r(Reading database ... 95%\r(Reading database ... 100%\r(Reading database ... 22790 files and directories currently installed.)\r\nPreparing to unpack .../0-libapparmor1_2.13.6-10_amd64.deb ...\r\nUnpacking libapparmor1:amd64 (2.13.6-10) ...\r\nSelecting previously unselected package libcap2:amd64.\r\nPreparing to unpack .../1-libcap2_1%3a2.44-1_amd64.deb ...\r\nUnpacking libcap2:amd64 (1:2.44-1) ...\r\nSelecting previously unselected package libargon2-1:amd64.\r\nPreparing to unpack .../2-libargon2-1_0~20171227-0.2_amd64.deb ...\r\nUnpacking libargon2-1:amd64 (0~20171227-0.2) ...\r\nSelecting previously unselected package dmsetup.\r\nPreparing to unpack .../3-dmsetup_2%3a1.02.175-2.1_amd64.deb ...\r\nUnpacking dmsetup (2:1.02.175-2.1) ...\r\nSelecting previously unselected package libdevmapper1.02.1:amd64.\r\nPreparing to unpack .../4-libdevmapper1.02.1_2%3a1.02.175-2.1_amd64.deb ...\r\nUnpacking libdevmapper1.02.1:amd64 (2:1.02.175-2.1) ...\r\nSelecting previously unselected package libjson-c5:amd64.\r\nPreparing to unpack .../5-libjson-c5_0.15-2_amd64.deb ...\r\nUnpacking libjson-c5:amd64 (0.15-2) ...\r\nSelecting previously unselected package libcryptsetup12:amd64.\r\nPreparing to unpack .../6-libcryptsetup12_2%3a2.3.7-1+deb11u1_amd64.deb ...\r\nUnpacking libcryptsetup12:amd64 (2:2.3.7-1+deb11u1) ...\r\nSelecting previously unselected package libip4tc2:amd64.\r\nPreparing to unpack .../7-libip4tc2_1.8.7-1_amd64.deb ...\r\nUnpacking libip4tc2:amd64 (1.8.7-1) ...\r\nSelecting previously unselected package libkmod2:amd64.\r\nPreparing to unpack .../8-libkmod2_28-1_amd64.deb ...\r\nUnpacking libkmod2:amd64 (28-1) ...\r\nSelecting previously unselected package systemd.\r\nPreparing to unpack .../9-systemd_247.3-7+deb11u1_amd64.deb ...\r\nUnpacking systemd (247.3-7+deb11u1) ...\r\nSetting up libapparmor1:amd64 (2.13.6-10) ...\r\nSetting up libcap2:amd64 (1:2.44-1) ...\r\nSetting up libargon2-1:amd64 (0~20171227-0.2) ...\r\nSetting up libjson-c5:amd64 (0.15-2) ...\r\nSetting up libip4tc2:amd64 (1.8.7-1) ...\r\nSetting up libkmod2:amd64 (28-1) ...\r\nSetting up libdevmapper1.02.1:amd64 (2:1.02.175-2.1) ...\r\nSetting up libcryptsetup12:amd64 (2:2.3.7-1+deb11u1) ...\r\nSetting up systemd (247.3-7+deb11u1) ...\r\nCreated symlink /etc/systemd/system/getty.target.wants/getty@tty1.service → /lib/systemd/system/getty@.service.\r\nCreated symlink /etc/systemd/system/multi-user.target.wants/remote-fs.target → /lib/systemd/system/remote-fs.target.\r\nCreated symlink /etc/systemd/system/sysinit.target.wants/systemd-pstore.service → /lib/systemd/system/systemd-pstore.service.\r\nInitializing machine ID from random generator.\r\nSetting up dmsetup (2:1.02.175-2.1) ...\r\nSelecting previously unselected package systemd-sysv.\r\n(Reading database ... \r(Reading database ... 5%\r(Reading database ... 10%\r(Reading database ... 15%\r(Reading database ... 20%\r(Reading database ... 25%\r(Reading database ... 30%\r(Reading database ... 35%\r(Reading database ... 40%\r(Reading database ... 45%\r(Reading database ... 50%\r(Reading database ... 55%\r(Reading database ... 60%\r(Reading database ... 65%\r(Reading database ... 70%\r(Reading database ... 75%\r(Reading database ... 80%\r(Reading database ... 85%\r(Reading database ... 90%\r(Reading database ... 95%\r(Reading database ... 100%\r(Reading database ... 23637 files and directories currently installed.)\r\nPreparing to unpack .../00-systemd-sysv_247.3-7+deb11u1_amd64.deb ...\r\nUnpacking systemd-sysv (247.3-7+deb11u1) ...\r\nSelecting previously unselected package libdbus-1-3:amd64.\r\nPreparing to unpack .../01-libdbus-1-3_1.12.24-0+deb11u1_amd64.deb ...\r\nUnpacking libdbus-1-3:amd64 (1.12.24-0+deb11u1) ...\r\nSelecting previously unselected package dbus.\r\nPreparing to unpack .../02-dbus_1.12.24-0+deb11u1_amd64.deb ...\r\nUnpacking dbus (1.12.24-0+deb11u1) ...\r\nSelecting previously unselected package libnss-systemd:amd64.\r\nPreparing to unpack .../03-libnss-systemd_247.3-7+deb11u1_amd64.deb ...\r\nUnpacking libnss-systemd:amd64 (247.3-7+deb11u1) ...\r\nSelecting previously unselected package libpam-systemd:amd64.\r\nPreparing to unpack .../04-libpam-systemd_247.3-7+deb11u1_amd64.deb ...\r\nUnpacking libpam-systemd:amd64 (247.3-7+deb11u1) ...\r\nSelecting previously unselected package systemd-timesyncd.\r\nPreparing to unpack .../05-systemd-timesyncd_247.3-7+deb11u1_amd64.deb ...\r\nUnpacking systemd-timesyncd (247.3-7+deb11u1) ...\r\nSelecting previously unselected package distro-info-data.\r\nPreparing to unpack .../06-distro-info-data_0.51+deb11u3_all.deb ...\r\nUnpacking distro-info-data (0.51+deb11u3) ...\r\nSelecting previously unselected package libpackagekit-glib2-18:amd64.\r\nPreparing to unpack .../07-libpackagekit-glib2-18_1.2.2-2_amd64.deb ...\r\nUnpacking libpackagekit-glib2-18:amd64 (1.2.2-2) ...\r\nSelecting previously unselected package gir1.2-packagekitglib-1.0.\r\nPreparing to unpack .../08-gir1.2-packagekitglib-1.0_1.2.2-2_amd64.deb ...\r\nUnpacking gir1.2-packagekitglib-1.0 (1.2.2-2) ...\r\nSelecting previously unselected package gnupg2.\r\nPreparing to unpack .../09-gnupg2_2.2.27-2+deb11u2_all.deb ...\r\nUnpacking gnupg2 (2.2.27-2+deb11u2) ...\r\nSelecting previously unselected package iso-codes.\r\nPreparing to unpack .../10-iso-codes_4.6.0-1_all.deb ...\r\nUnpacking iso-codes (4.6.0-1) ...\r\nSelecting previously unselected package liblmdb0:amd64.\r\nPreparing to unpack .../11-liblmdb0_0.9.24-1_amd64.deb ...\r\nUnpacking liblmdb0:amd64 (0.9.24-1) ...\r\nSelecting previously unselected package libstemmer0d:amd64.\r\nPreparing to unpack .../12-libstemmer0d_2.1.0-1_amd64.deb ...\r\nUnpacking libstemmer0d:amd64 (2.1.0-1) ...\r\nSelecting previously unselected package libappstream4:amd64.\r\nPreparing to unpack .../13-libappstream4_0.14.4-1_amd64.deb ...\r\nUnpacking libappstream4:amd64 (0.14.4-1) ...\r\nSelecting previously unselected package libcap2-bin.\r\nPreparing to unpack .../14-libcap2-bin_1%3a2.44-1_amd64.deb ...\r\nUnpacking libcap2-bin (1:2.44-1) ...\r\nSelecting previously unselected package libdw1:amd64.\r\nPreparing to unpack .../15-libdw1_0.183-1_amd64.deb ...\r\nUnpacking libdw1:amd64 (0.183-1) ...\r\nSelecting previously unselected package libunwind8:amd64.\r\nPreparing to unpack .../16-libunwind8_1.3.2-2_amd64.deb ...\r\nUnpacking libunwind8:amd64 (1.3.2-2) ...\r\nSelecting previously unselected package libgstreamer1.0-0:amd64.\r\nPreparing to unpack .../17-libgstreamer1.0-0_1.18.4-2.1_amd64.deb ...\r\nUnpacking libgstreamer1.0-0:amd64 (1.18.4-2.1) ...\r\nSelecting previously unselected package libpam-cap:amd64.\r\nPreparing to unpack .../18-libpam-cap_1%3a2.44-1_amd64.deb ...\r\nUnpacking libpam-cap:amd64 (1:2.44-1) ...\r\nSelecting previously unselected package libpolkit-gobject-1-0:amd64.\r\nPreparing to unpack .../19-libpolkit-gobject-1-0_0.105-31+deb11u1_amd64.deb ...\r\nUnpacking libpolkit-gobject-1-0:amd64 (0.105-31+deb11u1) ...\r\nSelecting previously unselected package libpolkit-agent-1-0:amd64.\r\nPreparing to unpack .../20-libpolkit-agent-1-0_0.105-31+deb11u1_amd64.deb ...\r\nUnpacking libpolkit-agent-1-0:amd64 (0.105-31+deb11u1) ...\r\nSelecting previously unselected package lsb-release.\r\nPreparing to unpack .../21-lsb-release_11.1.0_all.deb ...\r\nUnpacking lsb-release (11.1.0) ...\r\nSelecting previously unselected package policykit-1.\r\nPreparing to unpack .../22-policykit-1_0.105-31+deb11u1_amd64.deb ...\r\nUnpacking policykit-1 (0.105-31+deb11u1) ...\r\nSelecting previously unselected package packagekit.\r\nPreparing to unpack .../23-packagekit_1.2.2-2_amd64.deb ...\r\nUnpacking packagekit (1.2.2-2) ...\r\nSelecting previously unselected package packagekit-tools.\r\nPreparing to unpack .../24-packagekit-tools_1.2.2-2_amd64.deb ...\r\nUnpacking packagekit-tools (1.2.2-2) ...\r\nSelecting previously unselected package python-apt-common.\r\nPreparing to unpack .../25-python-apt-common_2.2.1_all.deb ...\r\nUnpacking python-apt-common (2.2.1) ...\r\nSelecting previously unselected package python3-apt.\r\nPreparing to unpack .../26-python3-apt_2.2.1_amd64.deb ...\r\nUnpacking python3-apt (2.2.1) ...\r\nSelecting previously unselected package python3-dbus.\r\nPreparing to unpack .../27-python3-dbus_1.2.16-5_amd64.deb ...\r\nUnpacking python3-dbus (1.2.16-5) ...\r\nSelecting previously unselected package python3-distro-info.\r\nPreparing to unpack .../28-python3-distro-info_1.0_all.deb ...\r\nUnpacking python3-distro-info (1.0) ...\r\nSelecting previously unselected package python3-gi.\r\nPreparing to unpack .../29-python3-gi_3.38.0-2_amd64.deb ...\r\nUnpacking python3-gi (3.38.0-2) ...\r\nSelecting previously unselected package python3-pycurl.\r\nPreparing to unpack .../30-python3-pycurl_7.43.0.6-5_amd64.deb ...\r\nUnpacking python3-pycurl (7.43.0.6-5) ...\r\nSelecting previously unselected package python3-software-properties.\r\nPreparing to unpack .../31-python3-software-properties_0.96.20.2-2.1_all.deb ...\r\nUnpacking python3-software-properties (0.96.20.2-2.1) ...\r\nSelecting previously unselected package software-properties-common.\r\nPreparing to unpack .../32-software-properties-common_0.96.20.2-2.1_all.deb ...\r\nUnpacking software-properties-common (0.96.20.2-2.1) ...\r\nSelecting previously unselected package unattended-upgrades.\r\nPreparing to unpack .../33-unattended-upgrades_2.8_all.deb ...\r\nUnpacking unattended-upgrades (2.8) ...\r\nSetting up liblmdb0:amd64 (0.9.24-1) ...\r\nSetting up libdw1:amd64 (0.183-1) ...\r\nSetting up systemd-sysv (247.3-7+deb11u1) ...\r\nSetting up gnupg2 (2.2.27-2+deb11u2) ...\r\nSetting up distro-info-data (0.51+deb11u3) ...\r\nSetting up libpackagekit-glib2-18:amd64 (1.2.2-2) ...\r\nSetting up libnss-systemd:amd64 (247.3-7+deb11u1) ...\r\nFirst installation detected...\r\nChecking NSS setup...\r\nSetting up libunwind8:amd64 (1.3.2-2) ...\r\nSetting up libcap2-bin (1:2.44-1) ...\r\nSetting up gir1.2-packagekitglib-1.0 (1.2.2-2) ...\r\nSetting up python3-pycurl (7.43.0.6-5) ...\r\nSetting up libdbus-1-3:amd64 (1.12.24-0+deb11u1) ...\r\nSetting up dbus (1.12.24-0+deb11u1) ...\r\ninvoke-rc.d: could not determine current runlevel\r\ninvoke-rc.d: policy-rc.d denied execution of start.\r\nSetting up python3-gi (3.38.0-2) ...\r\nSetting up systemd-timesyncd (247.3-7+deb11u1) ...\r\nCreated symlink /etc/systemd/system/dbus-org.freedesktop.timesync1.service → /lib/systemd/system/systemd-timesyncd.service.\r\nCreated symlink /etc/systemd/system/sysinit.target.wants/systemd-timesyncd.service → /lib/systemd/system/systemd-timesyncd.service.\r\nSetting up python-apt-common (2.2.1) ...\r\nSetting up libpam-systemd:amd64 (247.3-7+deb11u1) ...\r\ndebconf: unable to initialize frontend: Dialog\r\ndebconf: (TERM is not set, so the dialog frontend is not usable.)\r\ndebconf: falling back to frontend: Readline\r\nSetting up libstemmer0d:amd64 (2.1.0-1) ...\r\nSetting up lsb-release (11.1.0) ...\r\nSetting up libpam-cap:amd64 (1:2.44-1) ...\r\ndebconf: unable to initialize frontend: Dialog\r\ndebconf: (TERM is not set, so the dialog frontend is not usable.)\r\ndebconf: falling back to frontend: Readline\r\nSetting up python3-distro-info (1.0) ...\r\nSetting up iso-codes (4.6.0-1) ...\r\nSetting up libpolkit-gobject-1-0:amd64 (0.105-31+deb11u1) ...\r\nSetting up libgstreamer1.0-0:amd64 (1.18.4-2.1) ...\r\nSetcap worked! gst-ptp-helper is not suid!\r\nSetting up python3-dbus (1.2.16-5) ...\r\nSetting up python3-apt (2.2.1) ...\r\nSetting up libappstream4:amd64 (0.14.4-1) ...\r\nSetting up unattended-upgrades (2.8) ...\r\ndebconf: unable to initialize frontend: Dialog\r\ndebconf: (TERM is not set, so the dialog frontend is not usable.)\r\ndebconf: falling back to frontend: Readline\r\n\r\nCreating config file /etc/apt/apt.conf.d/20auto-upgrades with new version\r\n\r\nCreating config file /etc/apt/apt.conf.d/50unattended-upgrades with new version\r\nCreated symlink /etc/systemd/system/multi-user.target.wants/unattended-upgrades.service → /lib/systemd/system/unattended-upgrades.service.\r\nSetting up python3-software-properties (0.96.20.2-2.1) ...\r\nSetting up libpolkit-agent-1-0:amd64 (0.105-31+deb11u1) ...\r\nSetting up policykit-1 (0.105-31+deb11u1) ...\r\nSetting up software-properties-common (0.96.20.2-2.1) ...\r\nSetting up packagekit (1.2.2-2) ...\r\ninvoke-rc.d: could not determine current runlevel\r\ninvoke-rc.d: policy-rc.d denied execution of force-reload.\r\nFailed to open connection to \"system\" message bus: Failed to connect to socket /run/dbus/system_bus_socket: No such file or directory\r\nCreated symlink /etc/systemd/user/sockets.target.wants/pk-debconf-helper.socket → /usr/lib/systemd/user/pk-debconf-helper.socket.\r\nSetting up packagekit-tools (1.2.2-2) ...\r\nProcessing triggers for libc-bin (2.31-13+deb11u5) ...\r\nProcessing triggers for dbus (1.12.24-0+deb11u1) ...\r\nRemoving intermediate container 1707ca0fd7d4\n ---> 3ecc57eb2bb5\nStep 4/10 : RUN wget https://apt.llvm.org/llvm.sh     && chmod +x llvm.sh     && ./llvm.sh 13     && rm -rf /var/lib/apt/lists/*\n ---> Running in 039450da2b6f\n\u001b[91m--2023-01-03 04:11:30--  https://apt.llvm.org/llvm.sh\n\u001b[0m\u001b[91mResolving apt.llvm.org (apt.llvm.org)... \u001b[0m\u001b[91m151.101.86.49, 2a04:4e42:14::561\nConnecting to apt.llvm.org (apt.llvm.org)|151.101.86.49|:443... \u001b[0m\u001b[91mconnected.\n\u001b[0m\u001b[91mHTTP request sent, awaiting response... \u001b[0m\u001b[91m200 OK\nLength: 5174 (5.1K) [application/octet-stream]\n\u001b[0m\u001b[91mSaving to: 'llvm.sh'\n\u001b[0m\u001b[91m\n     0K .\u001b[0m\u001b[91m.\u001b[0m\u001b[91m..\u001b[0m\u001b[91m.          \u001b[0m\u001b[91m      \u001b[0m\u001b[91m       \u001b[0m\u001b[91m          \u001b[0m\u001b[91m  \u001b[0m\u001b[91m \u001b[0m\u001b[91m  \u001b[0m\u001b[91m    \u001b[0m\u001b[91m    \u001b[0m\u001b[91m   \u001b[0m\u001b[91m100%\u001b[0m\u001b[91m 14.0M=0s\u001b[0m\u001b[91m\n\n\u001b[0m\u001b[91m2023-01-03 04:11:30 (14.0 MB/s) - 'llvm.sh' saved [5174/5174]\n\n\u001b[0m\u001b[91m+ CURRENT_LLVM_STABLE=15\n+ BASE_URL=http://apt.llvm.org\n+ needed_binaries=(lsb_release wget add-apt-repository gpg)\n+ missing_binaries=()\n\u001b[0m\u001b[91m+ for binary in \"${needed_binaries[@]}\"\n+ which lsb_release\n\u001b[0m\u001b[91m+ for binary in \"${needed_binaries[@]}\"\n+ which wget\n\u001b[0m\u001b[91m+ for binary in \"${needed_binaries[@]}\"\n+ which add-apt-repository\n\u001b[0m\u001b[91m+ for binary in \"${needed_binaries[@]}\"\n+ which gpg\n\u001b[0m\u001b[91m+ [[ 0 -gt 0 ]]\n+ LLVM_VERSION=15\n\u001b[0m\u001b[91m+ ALL=0\n\u001b[0m\u001b[91m++ lsb_release -is\n\u001b[0m\u001b[91m+ DISTRO=Debian\n\u001b[0m\u001b[91m++ lsb_release -sr\n\u001b[0m\u001b[91m+ VERSION=11\n+ UBUNTU_CODENAME=\n+ CODENAME_FROM_ARGUMENTS=\n+ source /etc/os-release\n\u001b[0m\u001b[91m++ PRETTY_NAME='Debian GNU/Linux 11 (bullseye)'\n++ NAME='Debian GNU/Linux'\n++ VERSION_ID=11\n++ VERSION='11 (bullseye)'\n\u001b[0m\u001b[91m++ VERSION_CODENAME=bullseye\n++ ID=debian\n\u001b[0m\u001b[91m++ HOME_URL=https://www.debian.org/\n++ SUPPORT_URL=https://www.debian.org/support\n\u001b[0m\u001b[91m++ BUG_REPORT_URL=https://bugs.debian.org/\n\u001b[0m\u001b[91m+ DISTRO=debian\n\u001b[0m\u001b[91m+ case ${DISTRO} in\n+ [[ 11 (bullseye) == \\u\\n\\s\\t\\a\\b\\l\\e ]]\n+ [[ 11 (bullseye) == \\t\\e\\s\\t\\i\\n\\g ]]\n+ [[ bullseye == \\b\\o\\o\\k\\w\\o\\r\\m ]]\n+ CODENAME=bullseye\n\u001b[0m\u001b[91m+ LINKNAME=-bullseye\n\u001b[0m\u001b[91m+ '[' 1 -ge 1 ']'\n\u001b[0m\u001b[91m+ '[' 1 '!=' - ']'\n+ '[' 13 '!=' all ']'\n+ LLVM_VERSION=13\n\u001b[0m\u001b[91m+ OPTIND=2\n\u001b[0m\u001b[91m+ '[' 1 -ge 2 ']'\n\u001b[0m\u001b[91m+ getopts :hm:n: arg\n\u001b[0m\u001b[91m+ [[ 0 -ne 0 ]]\n+ declare -A LLVM_VERSION_PATTERNS\n\u001b[0m\u001b[91m+ LLVM_VERSION_PATTERNS[9]=-9\n+ LLVM_VERSION_PATTERNS[10]=-10\n+ LLVM_VERSION_PATTERNS[11]=-11\n\u001b[0m\u001b[91m+ LLVM_VERSION_PATTERNS[12]=-12\n+ LLVM_VERSION_PATTERNS[13]=-13\n+ LLVM_VERSION_PATTERNS[14]=-14\n+ LLVM_VERSION_PATTERNS[15]=-15\n\u001b[0m\u001b[91m+ LLVM_VERSION_PATTERNS[16]=\n\u001b[0m\u001b[91m+ '[' '!' _ ']'\n\u001b[0m\u001b[91m+ LLVM_VERSION_STRING=-13\n\u001b[0m\u001b[91m+ [[ -n bullseye ]]\n+ REPO_NAME='deb http://apt.llvm.org/bullseye/  llvm-toolchain-bullseye-13 main'\n\u001b[0m\u001b[91m+ wget -q --method=HEAD http://apt.llvm.org/bullseye\n\u001b[0m\u001b[91m++ apt-key list\n\u001b[0m\u001b[91m++ grep -i llvm\n\u001b[0m\u001b[91mWarning: apt-key is deprecated. Manage keyring files in trusted.gpg.d instead (see apt-key(8)).\n\u001b[0m\u001b[91m+ [[ -z '' ]]\n\u001b[0m\u001b[91m+ wget -O - https://apt.llvm.org/llvm-snapshot.gpg.key\n\u001b[0m\u001b[91m+ apt-key add -\n\u001b[0m\u001b[91m--2023-01-03 04:11:31--  https://apt.llvm.org/llvm-snapshot.gpg.key\n\u001b[0m\u001b[91mResolving apt.llvm.org (apt.llvm.org)... \u001b[0m\u001b[91m151.101.86.49, 2a04:4e42:14::561\nConnecting to apt.llvm.org (apt.llvm.org)|151.101.86.49|:443... \u001b[0m\u001b[91mconnected.\n\u001b[0m\u001b[91mHTTP request sent, awaiting response... \u001b[0m\u001b[91m200 OK\nLength: 3145 (3.1K) [application/octet-stream]\nSaving to: 'STDOUT'\n\n     0K ...     \u001b[0m\u001b[91m                                     \u001b[0m\u001b[91m         100% 79.8M=0s\n\n\u001b[0m\u001b[91m2023-01-03 04:11:31 (79.8 MB/s) - written to stdout [3145/3145]\n\n\u001b[0m\u001b[91mWarning: apt-key is deprecated. Manage keyring files in trusted.gpg.d instead (see apt-key(8)).\n\u001b[0mOK\n\u001b[91m+ add-apt-repository 'deb http://apt.llvm.org/bullseye/  llvm-toolchain-bullseye-13 main'\n\u001b[0m\u001b[91m+ apt-get update\n\u001b[0mGet:1 http://deb.debian.org/debian bullseye InRelease [116 kB]\nGet:2 http://deb.debian.org/debian-security bullseye-security InRelease [48.4 kB]\nGet:3 http://deb.debian.org/debian bullseye-updates InRelease [44.1 kB]\nGet:4 http://deb.debian.org/debian bullseye/main amd64 Packages [8183 kB]\nGet:6 http://deb.debian.org/debian-security bullseye-security/main amd64 Packages [210 kB]\nGet:7 http://deb.debian.org/debian bullseye-updates/main amd64 Packages [14.6 kB]\nGet:5 https://apt.llvm.org/bullseye llvm-toolchain-bullseye-13 InRelease [6839 B]\nGet:8 https://apt.llvm.org/bullseye llvm-toolchain-bullseye-13/main amd64 Packages [17.6 kB]\nFetched 8641 kB in 1s (6148 kB/s)\nReading package lists...\n\u001b[91m+ PKG='clang-13 lldb-13 lld-13 clangd-13'\n\u001b[0m\u001b[91m+ [[ 0 -eq 1 ]]\n\u001b[0m\u001b[91m+ apt-get install -y clang-13 lldb-13 lld-13 clangd-13\n\u001b[0mReading package lists...\nBuilding dependency tree...\nReading state information...\nThe following additional packages will be installed:\n  binfmt-support lib32gcc-s1 lib32stdc++6 libabsl20200923 libc-ares2\n  libc6-i386 libclang-common-13-dev libclang-cpp13 libclang1-13 libgc1\n  libgrpc++1 libgrpc10 liblldb-13 libllvm13 libobjc-10-dev libobjc4 libpfm4\n  libpipeline1 libprotobuf23 libpython3.9 libz3-4 libz3-dev llvm-13\n  llvm-13-dev llvm-13-linker-tools llvm-13-runtime llvm-13-tools\n  python3-lldb-13 python3-pkg-resources python3-pygments python3-six\n  python3-yaml\nSuggested packages:\n  clang-13-doc llvm-13-doc python3-setuptools python-pygments-doc\n  ttf-bitstream-vera\nThe following NEW packages will be installed:\n  binfmt-support clang-13 clangd-13 lib32gcc-s1 lib32stdc++6 libabsl20200923\n  libc-ares2 libc6-i386 libclang-common-13-dev libclang-cpp13 libclang1-13\n  libgc1 libgrpc++1 libgrpc10 liblldb-13 libllvm13 libobjc-10-dev libobjc4\n  libpfm4 libpipeline1 libprotobuf23 libpython3.9 libz3-4 libz3-dev lld-13\n  lldb-13 llvm-13 llvm-13-dev llvm-13-linker-tools llvm-13-runtime\n  llvm-13-tools python3-lldb-13 python3-pkg-resources python3-pygments\n  python3-six python3-yaml\n0 upgraded, 36 newly installed, 0 to remove and 1 not upgraded.\nNeed to get 113 MB of archives.\nAfter this operation, 698 MB of additional disk space will be used.\nGet:1 http://deb.debian.org/debian bullseye/main amd64 libpipeline1 amd64 1.5.3-1 [34.3 kB]\nGet:2 http://deb.debian.org/debian bullseye/main amd64 binfmt-support amd64 2.2.1-1+deb11u1 [66.8 kB]\nGet:3 http://deb.debian.org/debian bullseye/main amd64 libz3-4 amd64 4.8.10-1 [6949 kB]\nGet:4 http://deb.debian.org/debian bullseye/main amd64 libllvm13 amd64 1:13.0.1-6~deb11u1 [20.1 MB]\nGet:5 http://deb.debian.org/debian bullseye/main amd64 libclang-cpp13 amd64 1:13.0.1-6~deb11u1 [10.7 MB]\nGet:6 http://deb.debian.org/debian bullseye/main amd64 libgc1 amd64 1:8.0.4-3 [239 kB]\nGet:7 http://deb.debian.org/debian bullseye/main amd64 libobjc4 amd64 10.2.1-6 [41.8 kB]\nGet:8 http://deb.debian.org/debian bullseye/main amd64 libobjc-10-dev amd64 10.2.1-6 [170 kB]\nGet:9 http://deb.debian.org/debian bullseye/main amd64 libc6-i386 amd64 2.31-13+deb11u5 [2616 kB]\nGet:10 http://deb.debian.org/debian bullseye/main amd64 lib32gcc-s1 amd64 10.2.1-6 [49.4 kB]\nGet:11 http://deb.debian.org/debian bullseye/main amd64 lib32stdc++6 amd64 10.2.1-6 [510 kB]\nGet:12 http://deb.debian.org/debian bullseye/main amd64 libclang-common-13-dev amd64 1:13.0.1-6~deb11u1 [5602 kB]\nGet:13 http://deb.debian.org/debian bullseye/main amd64 llvm-13-linker-tools amd64 1:13.0.1-6~deb11u1 [1253 kB]\nGet:14 http://deb.debian.org/debian bullseye/main amd64 libclang1-13 amd64 1:13.0.1-6~deb11u1 [6187 kB]\nGet:15 http://deb.debian.org/debian bullseye/main amd64 clang-13 amd64 1:13.0.1-6~deb11u1 [123 kB]\nGet:16 http://deb.debian.org/debian bullseye/main amd64 libabsl20200923 amd64 0~20200923.3-2 [343 kB]\nGet:17 http://deb.debian.org/debian bullseye/main amd64 libc-ares2 amd64 1.17.1-1+deb11u1 [102 kB]\nGet:18 http://deb.debian.org/debian bullseye/main amd64 libgrpc10 amd64 1.30.2-3 [1329 kB]\nGet:19 http://deb.debian.org/debian bullseye/main amd64 libprotobuf23 amd64 3.12.4-1 [892 kB]\nGet:20 http://deb.debian.org/debian bullseye/main amd64 libgrpc++1 amd64 1.30.2-3 [396 kB]\nGet:21 http://deb.debian.org/debian bullseye/main amd64 clangd-13 amd64 1:13.0.1-6~deb11u1 [2585 kB]\nGet:22 http://deb.debian.org/debian bullseye/main amd64 libpython3.9 amd64 3.9.2-1 [1691 kB]\nGet:23 http://deb.debian.org/debian bullseye/main amd64 liblldb-13 amd64 1:13.0.1-6~deb11u1 [3860 kB]\nGet:24 http://deb.debian.org/debian bullseye/main amd64 libpfm4 amd64 4.11.1+git32-gd0b85fb-1 [286 kB]\nGet:25 http://deb.debian.org/debian bullseye/main amd64 libz3-dev amd64 4.8.10-1 [90.8 kB]\nGet:26 http://deb.debian.org/debian bullseye/main amd64 lld-13 amd64 1:13.0.1-6~deb11u1 [1381 kB]\nGet:27 http://deb.debian.org/debian bullseye/main amd64 llvm-13-runtime amd64 1:13.0.1-6~deb11u1 [265 kB]\nGet:28 http://deb.debian.org/debian bullseye/main amd64 llvm-13 amd64 1:13.0.1-6~deb11u1 [11.0 MB]\nGet:29 http://deb.debian.org/debian bullseye/main amd64 python3-pkg-resources all 52.0.0-4 [190 kB]\nGet:30 http://deb.debian.org/debian bullseye/main amd64 python3-pygments all 2.7.1+dfsg-2.1 [657 kB]\nGet:31 http://deb.debian.org/debian bullseye/main amd64 python3-yaml amd64 5.3.1-5 [138 kB]\nGet:32 http://deb.debian.org/debian bullseye/main amd64 llvm-13-tools amd64 1:13.0.1-6~deb11u1 [421 kB]\nGet:33 http://deb.debian.org/debian bullseye/main amd64 llvm-13-dev amd64 1:13.0.1-6~deb11u1 [31.9 MB]\nGet:34 http://deb.debian.org/debian bullseye/main amd64 python3-six all 1.16.0-2 [17.5 kB]\nGet:35 http://deb.debian.org/debian bullseye/main amd64 python3-lldb-13 amd64 1:13.0.1-6~deb11u1 [154 kB]\nGet:36 http://deb.debian.org/debian bullseye/main amd64 lldb-13 amd64 1:13.0.1-6~deb11u1 [1056 kB]\n\u001b[91mdebconf: delaying package configuration, since apt-utils is not installed\n\u001b[0mFetched 113 MB in 5s (24.8 MB/s)\nSelecting previously unselected package libpipeline1:amd64.\r\n(Reading database ... \r(Reading database ... 5%\r(Reading database ... 10%\r(Reading database ... 15%\r(Reading database ... 20%\r(Reading database ... 25%\r(Reading database ... 30%\r(Reading database ... 35%\r(Reading database ... 40%\r(Reading database ... 45%\r(Reading database ... 50%\r(Reading database ... 55%\r(Reading database ... 60%\r(Reading database ... 65%\r(Reading database ... 70%\r(Reading database ... 75%\r(Reading database ... 80%\r(Reading database ... 85%\r(Reading database ... 90%\r(Reading database ... 95%\r(Reading database ... 100%\r(Reading database ... 25637 files and directories currently installed.)\r\nPreparing to unpack .../00-libpipeline1_1.5.3-1_amd64.deb ...\r\nUnpacking libpipeline1:amd64 (1.5.3-1) ...\r\nSelecting previously unselected package binfmt-support.\r\nPreparing to unpack .../01-binfmt-support_2.2.1-1+deb11u1_amd64.deb ...\r\nUnpacking binfmt-support (2.2.1-1+deb11u1) ...\r\nSelecting previously unselected package libz3-4:amd64.\r\nPreparing to unpack .../02-libz3-4_4.8.10-1_amd64.deb ...\r\nUnpacking libz3-4:amd64 (4.8.10-1) ...\r\nSelecting previously unselected package libllvm13:amd64.\r\nPreparing to unpack .../03-libllvm13_1%3a13.0.1-6~deb11u1_amd64.deb ...\r\nUnpacking libllvm13:amd64 (1:13.0.1-6~deb11u1) ...\r\nSelecting previously unselected package libclang-cpp13.\r\nPreparing to unpack .../04-libclang-cpp13_1%3a13.0.1-6~deb11u1_amd64.deb ...\r\nUnpacking libclang-cpp13 (1:13.0.1-6~deb11u1) ...\r\nSelecting previously unselected package libgc1:amd64.\r\nPreparing to unpack .../05-libgc1_1%3a8.0.4-3_amd64.deb ...\r\nUnpacking libgc1:amd64 (1:8.0.4-3) ...\r\nSelecting previously unselected package libobjc4:amd64.\r\nPreparing to unpack .../06-libobjc4_10.2.1-6_amd64.deb ...\r\nUnpacking libobjc4:amd64 (10.2.1-6) ...\r\nSelecting previously unselected package libobjc-10-dev:amd64.\r\nPreparing to unpack .../07-libobjc-10-dev_10.2.1-6_amd64.deb ...\r\nUnpacking libobjc-10-dev:amd64 (10.2.1-6) ...\r\nSelecting previously unselected package libc6-i386.\r\nPreparing to unpack .../08-libc6-i386_2.31-13+deb11u5_amd64.deb ...\r\nUnpacking libc6-i386 (2.31-13+deb11u5) ...\r\nSelecting previously unselected package lib32gcc-s1.\r\nPreparing to unpack .../09-lib32gcc-s1_10.2.1-6_amd64.deb ...\r\nUnpacking lib32gcc-s1 (10.2.1-6) ...\r\nSelecting previously unselected package lib32stdc++6.\r\nPreparing to unpack .../10-lib32stdc++6_10.2.1-6_amd64.deb ...\r\nUnpacking lib32stdc++6 (10.2.1-6) ...\r\nSelecting previously unselected package libclang-common-13-dev.\r\nPreparing to unpack .../11-libclang-common-13-dev_1%3a13.0.1-6~deb11u1_amd64.deb ...\r\nUnpacking libclang-common-13-dev (1:13.0.1-6~deb11u1) ...\r\nSelecting previously unselected package llvm-13-linker-tools.\r\nPreparing to unpack .../12-llvm-13-linker-tools_1%3a13.0.1-6~deb11u1_amd64.deb ...\r\nUnpacking llvm-13-linker-tools (1:13.0.1-6~deb11u1) ...\r\nSelecting previously unselected package libclang1-13.\r\nPreparing to unpack .../13-libclang1-13_1%3a13.0.1-6~deb11u1_amd64.deb ...\r\nUnpacking libclang1-13 (1:13.0.1-6~deb11u1) ...\r\nSelecting previously unselected package clang-13.\r\nPreparing to unpack .../14-clang-13_1%3a13.0.1-6~deb11u1_amd64.deb ...\r\nUnpacking clang-13 (1:13.0.1-6~deb11u1) ...\r\nSelecting previously unselected package libabsl20200923:amd64.\r\nPreparing to unpack .../15-libabsl20200923_0~20200923.3-2_amd64.deb ...\r\nUnpacking libabsl20200923:amd64 (0~20200923.3-2) ...\r\nSelecting previously unselected package libc-ares2:amd64.\r\nPreparing to unpack .../16-libc-ares2_1.17.1-1+deb11u1_amd64.deb ...\r\nUnpacking libc-ares2:amd64 (1.17.1-1+deb11u1) ...\r\nSelecting previously unselected package libgrpc10:amd64.\r\nPreparing to unpack .../17-libgrpc10_1.30.2-3_amd64.deb ...\r\nUnpacking libgrpc10:amd64 (1.30.2-3) ...\r\nSelecting previously unselected package libprotobuf23:amd64.\r\nPreparing to unpack .../18-libprotobuf23_3.12.4-1_amd64.deb ...\r\nUnpacking libprotobuf23:amd64 (3.12.4-1) ...\r\nSelecting previously unselected package libgrpc++1:amd64.\r\nPreparing to unpack .../19-libgrpc++1_1.30.2-3_amd64.deb ...\r\nUnpacking libgrpc++1:amd64 (1.30.2-3) ...\r\nSelecting previously unselected package clangd-13.\r\nPreparing to unpack .../20-clangd-13_1%3a13.0.1-6~deb11u1_amd64.deb ...\r\nUnpacking clangd-13 (1:13.0.1-6~deb11u1) ...\r\nSelecting previously unselected package libpython3.9:amd64.\r\nPreparing to unpack .../21-libpython3.9_3.9.2-1_amd64.deb ...\r\nUnpacking libpython3.9:amd64 (3.9.2-1) ...\r\nSelecting previously unselected package liblldb-13.\r\nPreparing to unpack .../22-liblldb-13_1%3a13.0.1-6~deb11u1_amd64.deb ...\r\nUnpacking liblldb-13 (1:13.0.1-6~deb11u1) ...\r\nSelecting previously unselected package libpfm4:amd64.\r\nPreparing to unpack .../23-libpfm4_4.11.1+git32-gd0b85fb-1_amd64.deb ...\r\nUnpacking libpfm4:amd64 (4.11.1+git32-gd0b85fb-1) ...\r\nSelecting previously unselected package libz3-dev:amd64.\r\nPreparing to unpack .../24-libz3-dev_4.8.10-1_amd64.deb ...\r\nUnpacking libz3-dev:amd64 (4.8.10-1) ...\r\nSelecting previously unselected package lld-13.\r\nPreparing to unpack .../25-lld-13_1%3a13.0.1-6~deb11u1_amd64.deb ...\r\nUnpacking lld-13 (1:13.0.1-6~deb11u1) ...\r\nSelecting previously unselected package llvm-13-runtime.\r\nPreparing to unpack .../26-llvm-13-runtime_1%3a13.0.1-6~deb11u1_amd64.deb ...\r\nUnpacking llvm-13-runtime (1:13.0.1-6~deb11u1) ...\r\nSelecting previously unselected package llvm-13.\r\nPreparing to unpack .../27-llvm-13_1%3a13.0.1-6~deb11u1_amd64.deb ...\r\nUnpacking llvm-13 (1:13.0.1-6~deb11u1) ...\r\nSelecting previously unselected package python3-pkg-resources.\r\nPreparing to unpack .../28-python3-pkg-resources_52.0.0-4_all.deb ...\r\nUnpacking python3-pkg-resources (52.0.0-4) ...\r\nSelecting previously unselected package python3-pygments.\r\nPreparing to unpack .../29-python3-pygments_2.7.1+dfsg-2.1_all.deb ...\r\nUnpacking python3-pygments (2.7.1+dfsg-2.1) ...\r\nSelecting previously unselected package python3-yaml.\r\nPreparing to unpack .../30-python3-yaml_5.3.1-5_amd64.deb ...\r\nUnpacking python3-yaml (5.3.1-5) ...\r\nSelecting previously unselected package llvm-13-tools.\r\nPreparing to unpack .../31-llvm-13-tools_1%3a13.0.1-6~deb11u1_amd64.deb ...\r\nUnpacking llvm-13-tools (1:13.0.1-6~deb11u1) ...\r\nSelecting previously unselected package llvm-13-dev.\r\nPreparing to unpack .../32-llvm-13-dev_1%3a13.0.1-6~deb11u1_amd64.deb ...\r\nUnpacking llvm-13-dev (1:13.0.1-6~deb11u1) ...\r\nSelecting previously unselected package python3-six.\r\nPreparing to unpack .../33-python3-six_1.16.0-2_all.deb ...\r\nUnpacking python3-six (1.16.0-2) ...\r\nSelecting previously unselected package python3-lldb-13.\r\nPreparing to unpack .../34-python3-lldb-13_1%3a13.0.1-6~deb11u1_amd64.deb ...\r\nUnpacking python3-lldb-13 (1:13.0.1-6~deb11u1) ...\r\nSelecting previously unselected package lldb-13.\r\nPreparing to unpack .../35-lldb-13_1%3a13.0.1-6~deb11u1_amd64.deb ...\r\nUnpacking lldb-13 (1:13.0.1-6~deb11u1) ...\r\nSetting up python3-pkg-resources (52.0.0-4) ...\r\nSetting up libpipeline1:amd64 (1.5.3-1) ...\r\nSetting up libabsl20200923:amd64 (0~20200923.3-2) ...\r\nSetting up python3-yaml (5.3.1-5) ...\r\nSetting up libprotobuf23:amd64 (3.12.4-1) ...\r\nSetting up libc-ares2:amd64 (1.17.1-1+deb11u1) ...\r\nSetting up python3-six (1.16.0-2) ...\r\nSetting up python3-pygments (2.7.1+dfsg-2.1) ...\r\nSetting up libz3-4:amd64 (4.8.10-1) ...\r\nSetting up libpython3.9:amd64 (3.9.2-1) ...\r\nSetting up libpfm4:amd64 (4.11.1+git32-gd0b85fb-1) ...\r\nSetting up libgrpc10:amd64 (1.30.2-3) ...\r\nSetting up binfmt-support (2.2.1-1+deb11u1) ...\r\nCreated symlink /etc/systemd/system/multi-user.target.wants/binfmt-support.service → /lib/systemd/system/binfmt-support.service.\r\ninvoke-rc.d: could not determine current runlevel\r\ninvoke-rc.d: policy-rc.d denied execution of start.\r\nSetting up libllvm13:amd64 (1:13.0.1-6~deb11u1) ...\r\nSetting up libgc1:amd64 (1:8.0.4-3) ...\r\nSetting up llvm-13-runtime (1:13.0.1-6~deb11u1) ...\r\nSetting up libc6-i386 (2.31-13+deb11u5) ...\r\nSetting up libgrpc++1:amd64 (1.30.2-3) ...\r\nSetting up libz3-dev:amd64 (4.8.10-1) ...\r\nSetting up libobjc4:amd64 (10.2.1-6) ...\r\nSetting up llvm-13-linker-tools (1:13.0.1-6~deb11u1) ...\r\nSetting up llvm-13-tools (1:13.0.1-6~deb11u1) ...\r\nSetting up libclang1-13 (1:13.0.1-6~deb11u1) ...\r\nSetting up lld-13 (1:13.0.1-6~deb11u1) ...\r\nSetting up lib32gcc-s1 (10.2.1-6) ...\r\nSetting up lib32stdc++6 (10.2.1-6) ...\r\nSetting up libclang-cpp13 (1:13.0.1-6~deb11u1) ...\r\nSetting up libobjc-10-dev:amd64 (10.2.1-6) ...\r\nSetting up liblldb-13 (1:13.0.1-6~deb11u1) ...\r\nSetting up libclang-common-13-dev (1:13.0.1-6~deb11u1) ...\r\nSetting up clang-13 (1:13.0.1-6~deb11u1) ...\r\nSetting up llvm-13 (1:13.0.1-6~deb11u1) ...\r\nSetting up llvm-13-dev (1:13.0.1-6~deb11u1) ...\r\nSetting up python3-lldb-13 (1:13.0.1-6~deb11u1) ...\r\nSetting up clangd-13 (1:13.0.1-6~deb11u1) ...\r\nSetting up lldb-13 (1:13.0.1-6~deb11u1) ...\r\nProcessing triggers for libc-bin (2.31-13+deb11u5) ...\r\nRemoving intermediate container 039450da2b6f\n ---> 43604419abd5\nStep 5/10 : COPY . .\n ---> 09fdd299cbe4\nStep 6/10 : RUN cd ./runtime     && cargo rustc --lib --release -- --emit=llvm-ir\n ---> Running in aa089407f564\n\u001b[91m    Updating crates.io index\n\u001b[0m\u001b[91m    Updating git repository `https://github.com/TheDan64/inkwell`\n\u001b[0m\u001b[91m Downloading crates ...\n\u001b[0m\u001b[91m  Downloaded paste v1.0.7\n\u001b[0m\u001b[91m  Downloaded libc v0.2.125\n\u001b[0m\u001b[91m   Compiling libc v0.2.125\n\u001b[0m\u001b[91m   Compiling paste v1.0.7\n\u001b[0m\u001b[91m   Compiling calocom-runtime v0.1.0 (/home/calocom/runtime)\n\u001b[0m\u001b[91m    Finished release [optimized] target(s) in 20.82s\n\u001b[0mRemoving intermediate container aa089407f564\n ---> 206fccb8bfe6\nStep 7/10 : RUN cargo install --path ./compiler\n ---> Running in c16ecbd9e553\n\u001b[91m  Installing calocom-compiler v0.1.0 (/home/calocom/compiler)\n\u001b[0m\u001b[91m    Updating crates.io index\n\u001b[0m\u001b[91m    Updating git repository `https://github.com/TheDan64/inkwell`\n\u001b[0m\u001b[91m Downloading crates ...\n\u001b[0m\u001b[91m  Downloaded paste v1.0.11\n\u001b[0m\u001b[91m  Downloaded os_str_bytes v6.4.1\n\u001b[0m\u001b[91m  Downloaded parking_lot_core v0.9.5\n\u001b[0m\u001b[91m  Downloaded clap v3.2.23\n\u001b[0m\u001b[91m  Downloaded parking_lot v0.12.1\n\u001b[0m\u001b[91m  Downloaded textwrap v0.16.0\n\u001b[0m\u001b[91m  Downloaded uuid v1.2.2\n\u001b[0m\u001b[91m  Downloaded scopeguard v1.1.0\n\u001b[0m\u001b[91m  Downloaded regex v1.7.0\n\u001b[0m\u001b[91m  Downloaded pest_generator v2.5.2\n\u001b[0m\u001b[91m  Downloaded strsim v0.10.0\n\u001b[0m\u001b[91m  Downloaded strum v0.24.1\n\u001b[0m\u001b[91m  Downloaded sha1 v0.10.5\n\u001b[0m\u001b[91m  Downloaded ucd-trie v0.1.5\n\u001b[0m\u001b[91m  Downloaded thiserror-impl v1.0.38\n\u001b[0m\u001b[91m  Downloaded termcolor v1.1.3\n\u001b[0m\u001b[91m  Downloaded typenum v1.16.0\n\u001b[0m\u001b[91m  Downloaded unicode-ident v1.0.6\n\u001b[0m\u001b[91m  Downloaded cfg-if v1.0.0\n\u001b[0m\u001b[91m  Downloaded atty v0.2.14\n\u001b[0m\u001b[91m  Downloaded heck v0.4.0\n\u001b[0m\u001b[91m  Downloaded lazy_static v1.4.0\n\u001b[0m\u001b[91m  Downloaded semver v0.11.0\n\u001b[0m\u001b[91m  Downloaded sha1_smol v1.0.0\n\u001b[0m\u001b[91m  Downloaded indexmap v1.9.2\n\u001b[0m\u001b[91m  Downloaded either v1.8.0\n\u001b[0m\u001b[91m  Downloaded syn v1.0.107\n\u001b[0m\u001b[91m  Downloaded serde v1.0.152\n\u001b[0m\u001b[91m  Downloaded proc-macro-crate v1.2.1\n\u001b[0m\u001b[91m  Downloaded pest v2.5.2\n\u001b[0m\u001b[91m  Downloaded pest_meta v2.5.2\n\u001b[0m\u001b[91m  Downloaded pest_derive v2.5.2\n\u001b[0m\u001b[91m  Downloaded num_enum v0.5.7\n\u001b[0m\u001b[91m  Downloaded lock_api v0.4.9\n\u001b[0m\u001b[91m  Downloaded version_check v0.9.4\n\u001b[0m\u001b[91m  Downloaded thiserror v1.0.38\n\u001b[0m\u001b[91m  Downloaded proc-macro-error-attr v1.0.4\n\u001b[0m\u001b[91m  Downloaded llvm-sys v130.0.5\n\u001b[0m\u001b[91m  Downloaded cc v1.0.78\n\u001b[0m\u001b[91m  Downloaded crypto-common v0.1.6\n\u001b[0m\u001b[91m  Downloaded proc-macro2 v1.0.49\n\u001b[0m\u001b[91m  Downloaded generic-array v0.14.6\n\u001b[0m\u001b[91m  Downloaded bitflags v1.3.2\n\u001b[0m\u001b[91m  Downloaded num_enum_derive v0.5.7\n\u001b[0m\u001b[91m  Downloaded memchr v2.5.0\n\u001b[0m\u001b[91m  Downloaded once_cell v1.17.0\n\u001b[0m\u001b[91m  Downloaded aho-corasick v0.7.20\n\u001b[0m\u001b[91m  Downloaded rustversion v1.0.11\n\u001b[0m\u001b[91m  Downloaded proc-macro-error v1.0.4\n\u001b[0m\u001b[91m  Downloaded cpufeatures v0.2.5\n\u001b[0m\u001b[91m  Downloaded block-buffer v0.10.3\n\u001b[0m\u001b[91m  Downloaded autocfg v1.1.0\n\u001b[0m\u001b[91m  Downloaded toml v0.5.10\n\u001b[0m\u001b[91m  Downloaded smallvec v1.10.0\n\u001b[0m\u001b[91m  Downloaded owo-colors v3.5.0\n\u001b[0m\u001b[91m  Downloaded digest v0.10.6\n\u001b[0m\u001b[91m  Downloaded clap_lex v0.2.4\n\u001b[0m\u001b[91m  Downloaded clap_derive v3.2.18\n\u001b[0m\u001b[91m  Downloaded regex-syntax v0.6.28\n\u001b[0m\u001b[91m  Downloaded libc v0.2.139\n\u001b[0m\u001b[91m  Downloaded quote v1.0.23\n\u001b[0m\u001b[91m  Downloaded strum_macros v0.24.3\n\u001b[0m\u001b[91m  Downloaded slotmap v1.0.6\n\u001b[0m\u001b[91m  Downloaded semver-parser v0.10.2\n\u001b[0m\u001b[91m  Downloaded hashbrown v0.12.3\n\u001b[0m\u001b[91m   Compiling proc-macro2 v1.0.49\n\u001b[0m\u001b[91m   Compiling quote v1.0.23\n\u001b[0m\u001b[91m   Compiling unicode-ident v1.0.6\u001b[0m\u001b[91m\n\u001b[0m\u001b[91m   Compiling syn v1.0.107\u001b[0m\u001b[91m\n\u001b[0m\u001b[91m   Compiling thiserror v1.0\u001b[0m\u001b[91m.38\n\u001b[0m\u001b[91m   Compiling ucd-trie v0.1.5\u001b[0m\u001b[91m\n\u001b[0m\u001b[91m   Compiling version_check\u001b[0m\u001b[91m v0.9.4\n\u001b[0m\u001b[91m   Compiling autocfg v1.1.\u001b[0m\u001b[91m0\n\u001b[0m\u001b[91m   Compiling memchr v2.5.0\u001b[0m\u001b[91m\n\u001b[0m\u001b[91m   Compiling libc v0.2.139\n\u001b[0m\u001b[91m   Compiling once_cell v1.17.0\n\u001b[0m\u001b[91m   Compiling regex-syntax v0.6.28\n\u001b[0m\u001b[91m   Compiling serde v1.0.152\u001b[0m\u001b[91m\n\u001b[0m\u001b[91m   Compiling cc v1.\u001b[0m\u001b[91m0.78\n\u001b[0m\u001b[91m   Compiling lazy_static v1.4.0\n\u001b[0m\u001b[91m   Compiling rustversion v1.0.11\n\u001b[0m\u001b[91m   Compiling heck v0.4.0\n\u001b[0m\u001b[91m   Compiling parking_lot_core v0.9.5\n\u001b[0m\u001b[91m   Compiling smallvec v1.10.0\n\u001b[0m\u001b[91m   Compiling cfg-if v1.0.\u001b[0m\u001b[91m0\n\u001b[0m\u001b[91m   Compiling scopeguard v1.1.0\n\u001b[0m\u001b[91m   Compiling inkwell v0.1.0 (\u001b[0m\u001b[91mhttps://github.com/TheDan64/inkwell?branch=master#3c5d7706)\n\u001b[0m\u001b[91m   Compiling paste v1.0.11\n\u001b[0m\u001b[91m   Compiling hashbrown v0.12.3\n\u001b[0m\u001b[91m   Compiling os_str_bytes v6.4.1\n\u001b[0m\u001b[91m   Compiling sha1_smol v1.0.0\n\u001b[0m\u001b[91m   Compiling bitflags v1.3.2\n\u001b[0m\u001b[91m   Compiling termcolor v1.1.\u001b[0m\u001b[91m3\n\u001b[0m\u001b[91m   Compiling strsim v0.10.0\n\u001b[0m\u001b[91m   Compiling textwrap v0.16.0\n\u001b[0m\u001b[91m   Compiling either v1.8.\u001b[0m\u001b[91m0\n\u001b[0m\u001b[91m   Compiling owo-colors v3.5.0\n\u001b[0m\u001b[91m   Compiling uuid v1.2.2\n\u001b[0m\u001b[91m   Compiling clap_lex v0.2.4\n\u001b[0m\u001b[91m   Compiling lock_api v0.4.9\n   Compiling indexmap v1.9.2\n\u001b[0m\u001b[91m   Compiling proc-macro-error-attr v1.0.4\n\u001b[0m\u001b[91m   Compiling proc-macro-error v1.0.4\u001b[0m\u001b[91m\n   Compiling slotmap v1.0.6\n\u001b[0m\u001b[91m   Compiling aho-corasick v0.7.20\n\u001b[0m\u001b[91m   Compiling atty v0.2.14\n\u001b[0m\u001b[91m   Compiling parking_lot v0.12.1\n\u001b[0m\u001b[91m   Compiling regex v1.7.0\n\u001b[0m\u001b[91m   Compiling toml v0.5.10\n\u001b[0m\u001b[91m   Compiling thiserror-impl v1.0.38\n\u001b[0m\u001b[91m   Compiling clap_derive v3.2.\u001b[0m\u001b[91m18\n\u001b[0m\u001b[91m   Compiling \u001b[0m\u001b[91minkwell_internals v0\u001b[0m\u001b[91m.6\u001b[0m\u001b[91m.0 (https://github.com/TheDan64/inkwell?branch=master\u001b[0m\u001b[91m#3c5d7706)\n\u001b[0m\u001b[91m   Compiling strum_macros v0.24.3\n\u001b[0m\u001b[91m   Compiling pest v2.5.2\n\u001b[0m\u001b[91m   Compiling proc-macro-crate v1.2.1\n\u001b[0m\u001b[91m   Compiling strum v0.24.1\n\u001b[0m\u001b[91m   Compiling num_enum_derive v0.5.7\u001b[0m\u001b[91m\n\u001b[0m\u001b[91m   Compiling clap v3.2.23\n\u001b[0m\u001b[91m   Compiling semver-parser v0.10.2\n\u001b[0m\u001b[91m   Compiling pest_meta v2.5.\u001b[0m\u001b[91m2\n\u001b[0m\u001b[91m   Compiling num_enum v0.5.7\n\u001b[0m\u001b[91m   Compiling semver v0.11.0\n\u001b[0m\u001b[91m   Compiling pest_generator v2.5.2\u001b[0m\u001b[91m\n\u001b[0m\u001b[91m   Compiling llvm-sys v130.0.5\n\u001b[0m\u001b[91m   Compiling pest_derive v2.5.2\n\u001b[0m\u001b[91m   Compiling calocom-compiler v0.1.0 (/home/calocom/compiler)\n\u001b[0m\u001b[91mwarning: the feature `let_else` has been stable since 1.65.0 and no longer requires an attribute to enable\n --> compiler/src/lib.rs:1:12\n  |\n1 | #![feature(let_else)]\n  |            ^^^^^^^^\n  |\n  = note: `#[warn(stable_features)]` on by default\n\n\u001b[0m\u001b[91merror[E0599]: no associated item named `Generic` found for struct `AddressSpace` in the current scope\n  --> compiler/src/backend/codegen.rs:97:50\n   |\n97 |                 typ = typ.ptr_type(AddressSpace::Generic).as_basic_type_enum();\n   |                                                  ^^^^^^^ associated item not found in `AddressSpace`\n\n\u001b[0m\u001b[91merror[E0599]: no associated item named `Generic` found for struct `AddressSpace` in the current scope\n   --> compiler/src/backend/codegen.rs:166:37\n    |\n166 |             .ptr_type(AddressSpace::Generic);\n    |                                     ^^^^^^^ associated item not found in `AddressSpace`\n\n\u001b[0m\u001b[91merror[E0599]: no associated item named `Generic` found for struct `AddressSpace` in the current scope\n   --> compiler/src/backend/codegen.rs:176:41\n    |\n176 |                 .ptr_type(AddressSpace::Generic);\n    |                                         ^^^^^^^ associated item not found in `AddressSpace`\n\n\u001b[0m\u001b[91merror[E0599]: no associated item named `Generic` found for struct `AddressSpace` in the current scope\n   --> compiler/src/backend/codegen.rs:236:37\n    |\n236 |             .ptr_type(AddressSpace::Generic);\n    |                                     ^^^^^^^ associated item not found in `AddressSpace`\n\n\u001b[0m\u001b[91merror[E0599]: no associated item named `Generic` found for struct `AddressSpace` in the current scope\n   --> compiler/src/backend/codegen.rs:246:41\n    |\n246 |                 .ptr_type(AddressSpace::Generic);\n    |                                         ^^^^^^^ associated item not found in `AddressSpace`\n\n\u001b[0m\u001b[91merror[E0599]: no associated item named `Generic` found for struct `AddressSpace` in the current scope\n   --> compiler/src/backend/codegen.rs:456:72\n    |\n456 |                 .build_pointer_cast(ptr, target.ptr_type(AddressSpace::Generic), \"\");\n    |                                                                        ^^^^^^^ associated item not found in `AddressSpace`\n\n\u001b[0m\u001b[91merror[E0599]: no associated item named `Generic` found for struct `AddressSpace` in the current scope\n   --> compiler/src/backend/codegen.rs:937:49\n    |\n937 |                         .ptr_type(AddressSpace::Generic),\n    |                                                 ^^^^^^^ associated item not found in `AddressSpace`\n\n\u001b[0m\u001b[91merror[E0599]: no associated item named `Generic` found for struct `AddressSpace` in the current scope\n    --> compiler/src/backend/codegen.rs:1086:49\n     |\n1086 |                         .ptr_type(AddressSpace::Generic)\n     |                                                 ^^^^^^^ associated item not found in `AddressSpace`\n\n\u001b[0m\u001b[91merror[E0599]: no associated item named `Generic` found for struct `AddressSpace` in the current scope\n    --> compiler/src/backend/codegen.rs:1111:49\n     |\n1111 |                         .ptr_type(AddressSpace::Generic)\n     |                                                 ^^^^^^^ associated item not found in `AddressSpace`\n\n\u001b[0m\u001b[91merror[E0599]: no associated item named `Generic` found for struct `AddressSpace` in the current scope\n    --> compiler/src/backend/codegen.rs:1113:49\n     |\n1113 |                         .ptr_type(AddressSpace::Generic),\n     |                                                 ^^^^^^^ associated item not found in `AddressSpace`\n\n\u001b[0m\u001b[91merror[E0599]: no associated item named `Generic` found for struct `AddressSpace` in the current scope\n    --> compiler/src/backend/codegen.rs:1139:49\n     |\n1139 |                         .ptr_type(AddressSpace::Generic),\n     |                                                 ^^^^^^^ associated item not found in `AddressSpace`\n\n\u001b[0m\u001b[91merror[E0599]: no associated item named `Generic` found for struct `AddressSpace` in the current scope\n    --> compiler/src/backend/codegen.rs:1244:65\n     |\n1244 | ...                   .ptr_type(AddressSpace::Generic)\n     |                                               ^^^^^^^ associated item not found in `AddressSpace`\n\n\u001b[0m\u001b[91merror[E0599]: no associated item named `Generic` found for struct `AddressSpace` in the current scope\n    --> compiler/src/backend/codegen.rs:1297:49\n     |\n1297 |                         .ptr_type(AddressSpace::Generic)\n     |                                                 ^^^^^^^ associated item not found in `AddressSpace`\n\n\u001b[0m\u001b[91merror[E0599]: no associated item named `Generic` found for struct `AddressSpace` in the current scope\n  --> compiler/src/backend/memory.rs:32:69\n   |\n32 |         let i8_p_t = self.llvm_ctx.i8_type().ptr_type(AddressSpace::Generic);\n   |                                                                     ^^^^^^^ associated item not found in `AddressSpace`\n\n\u001b[0m\u001b[91merror[E0599]: no associated item named `Generic` found for struct `AddressSpace` in the current scope\n  --> compiler/src/backend/memory.rs:83:53\n   |\n83 | ...                   .ptr_type(AddressSpace::Generic)\n   |                                               ^^^^^^^ associated item not found in `AddressSpace`\n\n\u001b[0m\u001b[91merror[E0599]: no associated item named `Generic` found for struct `AddressSpace` in the current scope\n   --> compiler/src/backend/memory.rs:113:49\n    |\n113 |                         .ptr_type(AddressSpace::Generic)\n    |                                                 ^^^^^^^ associated item not found in `AddressSpace`\n\n\u001b[0m\u001b[91merror[E0599]: no associated item named `Generic` found for struct `AddressSpace` in the current scope\n   --> compiler/src/backend/memory.rs:139:57\n    |\n139 | ...                   .ptr_type(AddressSpace::Generic)\n    |                                               ^^^^^^^ associated item not found in `AddressSpace`\n\n\u001b[0m\u001b[91merror[E0599]: no associated item named `Generic` found for struct `AddressSpace` in the current scope\n   --> compiler/src/backend/memory.rs:148:53\n    |\n148 | ...                   .ptr_type(AddressSpace::Generic)\n    |                                               ^^^^^^^ associated item not found in `AddressSpace`\n\n\u001b[0m\u001b[91merror[E0599]: no associated item named `Generic` found for struct `AddressSpace` in the current scope\n   --> compiler/src/backend/memory.rs:157:49\n    |\n157 |                         .ptr_type(AddressSpace::Generic)\n    |                                                 ^^^^^^^ associated item not found in `AddressSpace`\n\n\u001b[0m\u001b[91merror[E0599]: no associated item named `Generic` found for struct `AddressSpace` in the current scope\n   --> compiler/src/backend/memory.rs:159:49\n    |\n159 |                         .ptr_type(AddressSpace::Generic)\n    |                                                 ^^^^^^^ associated item not found in `AddressSpace`\n\n\u001b[0m\u001b[91merror[E0614]: type `ContextRef<'_>` cannot be dereferenced\n   --> compiler/src/common/runtime.rs:301:36\n    |\n301 |         let context = unsafe { &*(&*self.get_context() as *const Context) };\n    |                                    ^^^^^^^^^^^^^^^^^^^\n\n\u001b[0m\u001b[91merror[E0614]: type `ContextRef<'_>` cannot be dereferenced\n   --> compiler/src/common/runtime.rs:319:36\n    |\n319 |         let context = unsafe { &*(&*self.get_context() as *const Context) };\n    |                                    ^^^^^^^^^^^^^^^^^^^\n\n\u001b[0m\u001b[91mSome errors have detailed explanations: E0599, E0614.\nFor more information about an error, try `rustc --explain E0599`.\n\u001b[0m\u001b[91mwarning: `calocom-compiler` (lib) generated 1 warning\nerror: could not compile `calocom-compiler` due to 22 previous errors; 1 warning emitted\n\u001b[0m\u001b[91merror: failed to compile `calocom-compiler v0.1.0 (/home/calocom/compiler)`, intermediate artifacts can be found at `/home/calocom/target`\n\u001b[0mRemoving intermediate container c16ecbd9e553\n","stderr":"The command '/bin/sh -c cargo install --path ./compiler' returned a non-zero code: 101\n"},"endTime":1672719273875}