{"repository":"https://github.com/automate-medical/sero","dockerfilePath":"Dockerfile","startTime":1672860073498,"endTime":1672860160342,"clone":{"startTime":1672860073498,"stdout":"","stderr":"Cloning into '/tmp/dinghy-analysis/automate-medical/sero'...\n","error":null,"endTime":1672860074458,"commit":"8d319881d9bec738ffaa0253300e2cab4e6efbaf"},"originalBuild":{"startTime":1672860074544,"endTime":1672860159912,"error":{"code":1,"killed":false,"signal":null,"cmd":"docker build --no-cache --force-rm -t sero:latest -f /tmp/dinghy-analysis/automate-medical/sero/Dockerfile ."},"stdout":"Sending build context to Docker daemon  1.319MB\r\r\nStep 1/9 : FROM node:14-alpine AS packages\n ---> fb7170aa2b9b\nStep 2/9 : ADD package.json /app/package.json\n ---> ca03750ed006\nStep 3/9 : WORKDIR /app\n ---> Running in 33cf55219141\nRemoving intermediate container 33cf55219141\n ---> 4fa6321c17b5\nStep 4/9 : RUN npm install --only=prod\n ---> Running in e23a7878d17f\n\u001b[91mnpm WARN deprecated w3c-hr-time@1.0.2: Use your platform's native performance.now() and performance.timeOrigin.\n\u001b[0m\u001b[91mnpm notice created a lockfile as package-lock.json. You should commit this file.\n\u001b[0m\u001b[91mnpm WARN optional SKIPPING OPTIONAL DEPENDENCY: fsevents@^2.3.2 (node_modules/jest-haste-map/node_modules/fsevents):\nnpm WARN \u001b[0m\u001b[91mnotsup SKIPPING OPTIONAL DEPENDENCY: Unsupported platform for fsevents@2.3.2: wanted {\"os\":\"darwin\",\"arch\":\"any\"} (current: {\"os\":\"linux\",\"arch\":\"x64\"})\n\u001b[0m\u001b[91mnpm WARN typedoc@0.22.18 requires a peer of typescript@4.0.x || 4.1.x || 4.2.x || 4.3.x || 4.4.x || 4.5.x || 4.6.x || 4.7.x but none is installed. You must install peer dependencies yourself.\n\u001b[0m\u001b[91mnpm WARN @sero.run/sero@0.0.29 No repository field.\n\u001b[0m\u001b[91mnpm WARN @sero.run/sero@0.0.29 license should be a valid SPDX license expression\n\u001b[0m\u001b[91m\n\u001b[0madded 73 packages from 66 contributors and audited 635 packages in 15.079s\n\n4 packages are looking for funding\n  run `npm fund` for details\n\nfound 0 vulnerabilities\n\nRemoving intermediate container e23a7878d17f\n ---> e3561be18199\nStep 5/9 : FROM packages\n ---> e3561be18199\nStep 6/9 : ADD . /app\n ---> e7252d26e1dc\nStep 7/9 : RUN npm run build\n ---> Running in b7f06a185e6a\n\n> @sero.run/sero@0.0.29 build /app\n> run-s build:*\n\n\u001b[91msh: run-s: not found\n\u001b[0m\u001b[91mnpm ERR! code ELIFECYCLE\n\u001b[0m\u001b[91mnpm ERR! syscall spawn\n\u001b[0m\u001b[91mnpm ERR! file sh\n\u001b[0m\u001b[91mnpm ERR!\u001b[0m\u001b[91m errno ENOENT\n\u001b[0m\u001b[91mnpm ERR! @sero.run/sero@0.0.29 build: `run-s build:*`\nnpm ERR! spawn ENOENT\nnpm ERR! \nnpm ERR! Failed at the @sero.run/sero@0.0.29 build script.\nnpm ERR! This is probably not a problem with npm. There is likely additional logging output above.\n\u001b[0m\u001b[91m\n\u001b[0m\u001b[91mnpm\u001b[0m\u001b[91m ERR! A complete log of this run can be found in:\n\u001b[0m\u001b[91mnpm ERR!     /root/.npm/_logs/2023-01-04T19_22_34_880Z-debug.log\n\u001b[0mRemoving intermediate container b7f06a185e6a\n","stderr":"The command '/bin/sh -c npm run build' returned a non-zero code: 1\n"}}