{"repository":"https://github.com/vapor/template","dockerfilePath":"Dockerfile","startTime":1672395205928,"clone":{"stdout":"","stderr":"Cloning into '/tmp/dinghy-analysis/vapor/template'...\n","error":null,"commit":"d83d3a0c18e4eb712f2d8a0408f903dcd11762a4"},"originalBuild":{"startTimestamp":1672395206742,"endTimestamp":1672395284278,"error":{"code":1,"killed":false,"signal":null,"cmd":"docker build --no-cache --force-rm -t template:latest -f /tmp/dinghy-analysis/vapor/template/Dockerfile ."},"stdout":"Sending build context to Docker daemon  158.7kB\r\r\nStep 1/21 : FROM swift:5.7-jammy as build\n5.7-jammy: Pulling from library/swift\n6e3729cf69e0: Already exists\n97a89c39ae29: Pulling fs layer\nd91c809a9297: Pulling fs layer\ne60ac26e0a2a: Pulling fs layer\ne60ac26e0a2a: Verifying Checksum\ne60ac26e0a2a: Download complete\n97a89c39ae29: Verifying Checksum\n97a89c39ae29: Download complete\nd91c809a9297: Verifying Checksum\nd91c809a9297: Download complete\n97a89c39ae29: Pull complete\nd91c809a9297: Pull complete\ne60ac26e0a2a: Pull complete\nDigest: sha256:d3988f9bf2571587ea426ca4068ce15c00db15dfee0646217134fa7183a40dd2\nStatus: Downloaded newer image for swift:5.7-jammy\n ---> e96e4b0f7e83\nStep 2/21 : RUN export DEBIAN_FRONTEND=noninteractive DEBCONF_NONINTERACTIVE_SEEN=true     && apt-get -q update     && apt-get -q dist-upgrade -y    && rm -rf /var/lib/apt/lists/*\n ---> Running in 2996f78a0c47\nGet:1 http://security.ubuntu.com/ubuntu jammy-security InRelease [110 kB]\nGet:2 http://archive.ubuntu.com/ubuntu jammy InRelease [270 kB]\nGet:3 http://archive.ubuntu.com/ubuntu jammy-updates InRelease [114 kB]\nGet:4 http://security.ubuntu.com/ubuntu jammy-security/restricted amd64 Packages [593 kB]\nGet:5 http://archive.ubuntu.com/ubuntu jammy-backports InRelease [99.8 kB]\nGet:6 http://archive.ubuntu.com/ubuntu jammy/main amd64 Packages [1792 kB]\nGet:7 http://security.ubuntu.com/ubuntu jammy-security/multiverse amd64 Packages [4732 B]\nGet:8 http://security.ubuntu.com/ubuntu jammy-security/universe amd64 Packages [781 kB]\nGet:9 http://security.ubuntu.com/ubuntu jammy-security/main amd64 Packages [667 kB]\nGet:10 http://archive.ubuntu.com/ubuntu jammy/multiverse amd64 Packages [266 kB]\nGet:11 http://archive.ubuntu.com/ubuntu jammy/universe amd64 Packages [17.5 MB]\nGet:12 http://archive.ubuntu.com/ubuntu jammy/restricted amd64 Packages [164 kB]\nGet:13 http://archive.ubuntu.com/ubuntu jammy-updates/main amd64 Packages [972 kB]\nGet:14 http://archive.ubuntu.com/ubuntu jammy-updates/universe amd64 Packages [970 kB]\nGet:15 http://archive.ubuntu.com/ubuntu jammy-updates/restricted amd64 Packages [641 kB]\nGet:16 http://archive.ubuntu.com/ubuntu jammy-updates/multiverse amd64 Packages [8150 B]\nGet:17 http://archive.ubuntu.com/ubuntu jammy-backports/main amd64 Packages [3520 B]\nGet:18 http://archive.ubuntu.com/ubuntu jammy-backports/universe amd64 Packages [7278 B]\nFetched 24.9 MB in 3s (7816 kB/s)\nReading package lists...\nReading package lists...\nBuilding dependency tree...\nReading state information...\nCalculating upgrade...\nThe following packages will be upgraded:\n  tzdata\n1 upgraded, 0 newly installed, 0 to remove and 0 not upgraded.\nNeed to get 333 kB of archives.\nAfter this operation, 17.4 kB of additional disk space will be used.\nGet:1 http://archive.ubuntu.com/ubuntu jammy-updates/main amd64 tzdata all 2022g-0ubuntu0.22.04.1 [333 kB]\n\u001b[91mdebconf: delaying package configuration, since apt-utils is not installed\n\u001b[0mFetched 333 kB in 0s (1657 kB/s)\n(Reading database ... \r(Reading database ... 5%\r(Reading database ... 10%\r(Reading database ... 15%\r(Reading database ... 20%\r(Reading database ... 25%\r(Reading database ... 30%\r(Reading database ... 35%\r(Reading database ... 40%\r(Reading database ... 45%\r(Reading database ... 50%\r(Reading database ... 55%\r(Reading database ... 60%\r(Reading database ... 65%\r(Reading database ... 70%\r(Reading database ... 75%\r(Reading database ... 80%\r(Reading database ... 85%\r(Reading database ... 90%\r(Reading database ... 95%\r(Reading database ... 100%\r(Reading database ... 17162 files and directories currently installed.)\r\nPreparing to unpack .../tzdata_2022g-0ubuntu0.22.04.1_all.deb ...\r\nUnpacking tzdata (2022g-0ubuntu0.22.04.1) over (2022f-0ubuntu0.22.04.1) ...\r\nSetting up tzdata (2022g-0ubuntu0.22.04.1) ...\r\n\r\nCurrent default time zone: 'Etc/UTC'\r\nLocal time is now:      Fri Dec 30 10:14:40 UTC 2022.\r\nUniversal Time is now:  Fri Dec 30 10:14:40 UTC 2022.\r\nRun 'dpkg-reconfigure tzdata' if you wish to change it.\r\n\r\nRemoving intermediate container 2996f78a0c47\n ---> 9bc503246515\nStep 3/21 : WORKDIR /build\n ---> Running in 2c8bb976c390\nRemoving intermediate container 2c8bb976c390\n ---> c2f5a9756232\nStep 4/21 : COPY ./Package.* ./\n ---> 71c346dcbe11\nStep 5/21 : RUN swift package resolve\n ---> Running in ebfde5dfb77b\n\u001b[91merror: 'build': Invalid manifest\n/build/Package.swift:11:78: error: use of unknown directive '#fluent'\n        .package(url: \"https://github.com/vapor/vapor.git\", from: \"4.0.0\"),{{#fluent}}\n                                                                             ^\n/build/Package.swift:13:131: error: use of unknown directive '#leaf'\n        .package(url: \"https://github.com/vapor/fluent-{{fluent.db.url}}-driver.git\", from: \"{{fluent.db.version}}\"),{{/fluent}}{{#leaf}}\n                                                                                                                                  ^\n/build/Package.swift:19:30: error: use of unknown directive '#fluent'\n            dependencies: [{{#fluent}}\n                             ^\n/build/Package.swift:21:125: error: use of unknown directive '#leaf'\n                .product(name: \"Fluent{{fluent.db.module}}Driver\", package: \"fluent-{{fluent.db.url}}-driver\"),{{/fluent}}{{#leaf}}\n                                                                                                                            ^\n/build/Package.swift:13:120: error: '/' is not a prefix unary operator\n        .package(url: \"https://github.com/vapor/fluent-{{fluent.db.url}}-driver.git\", from: \"{{fluent.db.version}}\"),{{/fluent}}{{#leaf}}\n                                                                                                                       ^\n/build/Package.swift:13:121: error: cannot find 'fluent' in scope\n        .package(url: \"https://github.com/vapor/fluent-{{fluent.db.url}}-driver.git\", from: \"{{fluent.db.version}}\"),{{/fluent}}{{#leaf}}\n                                                                                                                        ^~~~~~\n/build/Package.swift:14:77: error: '/' is not a prefix unary operator\n        .package(url: \"https://github.com/vapor/leaf.git\", from: \"4.0.0\"),{{/leaf}}\n                                                                            ^\n/build/Package.swift:14:78: error: cannot find 'leaf' in scope\n        .package(url: \"https://github.com/vapor/leaf.git\", from: \"4.0.0\"),{{/leaf}}\n                                                                             ^~~~\n/build/Package.swift:21:114: error: '/' is not a prefix unary operator\n                .product(name: \"Fluent{{fluent.db.module}}Driver\", package: \"fluent-{{fluent.db.url}}-driver\"),{{/fluent}}{{#leaf}}\n                                                                                                                 ^\n/build/Package.swift:21:115: error: cannot find 'fluent' in scope\n                .product(name: \"Fluent{{fluent.db.module}}Driver\", package: \"fluent-{{fluent.db.url}}-driver\"),{{/fluent}}{{#leaf}}\n                                                                                                                  ^~~~~~\n/build/Package.swift:22:59: error: '/' is not a prefix unary operator\n                .product(name: \"Leaf\", package: \"leaf\"),{{/leaf}}\n                                                          ^\n/build/Package.swift:22:60: error: cannot find 'leaf' in scope\n                .product(name: \"Leaf\", package: \"leaf\"),{{/leaf}}\n                                                           ^~~~\n\u001b[0mRemoving intermediate container ebfde5dfb77b\n","stderr":"The command '/bin/sh -c swift package resolve' returned a non-zero code: 1\n"},"endTime":1672395284356}