{"repository":"https://github.com/symbol/desktop-wallet","dockerfilePath":"Dockerfile","startTime":1672579625185,"clone":{"stdout":"","stderr":"Cloning into '/tmp/dinghy-analysis/symbol/desktop-wallet'...\n","error":null,"commit":"39abe50f890d03223a9779cc16689d083e342c51"},"originalBuild":{"startTimestamp":1672579627997,"endTimestamp":1672579688016,"error":{"code":1,"killed":false,"signal":null,"cmd":"docker build --no-cache --force-rm -t desktop-wallet:latest -f /tmp/dinghy-analysis/symbol/desktop-wallet/Dockerfile ."},"stdout":"Sending build context to Docker daemon  62.06MB\r\r\nStep 1/10 : FROM node:lts-alpine AS builder\n ---> 6d7b7852bcd3\nStep 2/10 : WORKDIR /app\n ---> Running in 1378595feb27\nRemoving intermediate container 1378595feb27\n ---> ca4b4b8f5d67\nStep 3/10 : COPY . .\n ---> a74ac116fe3e\nStep 4/10 : RUN export WEB=true && npm install && npm run build\n ---> Running in 0efdc678f8f4\n\u001b[91mnpm WARN\u001b[0m\u001b[91m EBADENGINE Unsupported engine {\nnpm \u001b[0m\u001b[91mWARN EBADENGINE\u001b[0m\u001b[91m   package: 'v-click-outside-x@3.7.1',\nnpm \u001b[0m\u001b[91mWARN\u001b[0m\u001b[91m EBADENGINE   required: { node: '>=8.11.4', npm: '6.4.1' },\nnpm WARN EBADENGINE\u001b[0m\u001b[91m   current: { node: 'v18.12.1', npm: '8.19.2' }\nnpm WARN EBADENGINE }\n\u001b[0m\u001b[91mnpm WARN deprecated urix@0.1.0: Please see https://github.com/lydell/urix#deprecated\n\u001b[0m\u001b[91mnpm WARN deprecated sane@4.1.0: some dependency vulnerabilities fixed, support for node < 10 dropped, and newer ECMAScript syntax/features added\n\u001b[0m\u001b[91mnpm WARN deprecated resolve-url@0.2.1: https://github.com/lydell/resolve-url#deprecated\n\u001b[0m\u001b[91mnpm WARN deprecated request-promise-native@1.0.9: request-promise-native has been deprecated because it extends the now deprecated request package, see https://github.com/request/request/issues/3142\n\u001b[0m\u001b[91mnpm WARN deprecated querystring@0.2.0: The querystring API is considered Legacy. new code should use the URLSearchParams API instead.\n\u001b[0m\u001b[91mnpm WARN deprecated request@2.88.2: request has been deprecated, see https://github.com/request/request/issues/3142\n\u001b[0m\u001b[91mnpm WARN deprecated left-pad@1.3.0: use String.prototype.padStart()\n\u001b[0m\u001b[91mnpm WARN deprecated svgo@1.3.2: This SVGO version is no longer supported. Upgrade to v2.x.x.\n\u001b[0m\u001b[91mnpm WARN \u001b[0m\u001b[91mdeprecated node-pre-gyp@0.13.0: Please upgrade to @mapbox/node-pre-gyp: the non-scoped node-pre-gyp package is deprecated and only the @mapbox scoped package will recieve updates in the future\n\u001b[0m\u001b[91mnpm WARN deprecated har-validator@5.1.5: this library is no longer supported\n\u001b[0m\u001b[91mnpm WARN deprecated html-webpack-plugin@3.2.0: 3.x is no longer supported\n\u001b[0m\u001b[91mnpm WARN deprecated popper.js@1.16.1: You can find the new Popper v2 at @popperjs/core, this package is dedicated to the legacy v1\n\u001b[0m\u001b[91mnpm WARN deprecated @hapi/bourne@1.3.2: This version has been deprecated and is no longer supported or maintained\n\u001b[0m\u001b[91mnpm WARN deprecated @hapi/address@2.1.4: Moved to 'npm install @sideway/address'\n\u001b[0m\u001b[91mnpm WARN deprecated @hapi/topo@3.1.6: This version has been deprecated and is no longer supported or maintained\n\u001b[0m\u001b[91mnpm WARN deprecated @hapi/joi@15.1.1: Switch to 'npm install joi'\n\u001b[0m\u001b[91mnpm WARN deprecated @hapi/hoek@8.5.1: This version has been deprecated and is no longer supported or maintained\n\u001b[0m\u001b[91mnpm WARN deprecated uuid@3.4.0: Please upgrade  to version 7 or higher.  Older versions may use Math.random() in certain circumstances, which is known to be problematic.  See https://v8.dev/blog/math-random for details.\n\u001b[0m\u001b[91mnpm WARN deprecated chokidar@2.1.8: Chokidar 2 will break on node v14+. Upgrade to chokidar 3 with 15x less dependencies.\n\u001b[0m\u001b[91mnpm WARN deprecated chokidar@2.1.8: Chokidar 2 will break on node v14+. Upgrade to chokidar 3 with 15x less dependencies.\n\u001b[0m\u001b[91mnpm WARN deprecated uuid@3.4.0: Please upgrade  to version 7 or higher.  Older versions may use Math.random() in certain circumstances, which is known to be problematic.  See https://v8.dev/blog/math-random for details.\n\u001b[0m\u001b[91mnpm WARN deprecated node-pre-gyp@0.11.0: Please upgrade to @mapbox/node-pre-gyp: the non-scoped node-pre-gyp package is deprecated and only the @mapbox scoped package will recieve updates in the future\n\u001b[0m\u001b[91mnpm WARN deprecated core-js@2.6.12: core-js@<3.3 is no longer maintained and not recommended for usage due to the number of issues. Because of the V8 engine whims, feature detection in old core-js versions could cause a slowdown up to 100x even if nothing is polyfilled. Please, upgrade your dependencies to the actual version of core-js.\n\u001b[0m\u001b[91mnpm notice \nnpm notice New major version of npm available! 8.19.2 -> 9.2.0\nnpm notice Changelog: <https://github.com/npm/cli/releases/tag/v9.2.0>\nnpm notice Run `npm install -g npm@9.2.0` to update!\nnpm notice \n\u001b[0m\u001b[91mnpm ERR! code 1\nnpm ERR! path /app/node_modules/deasync\n\u001b[0m\u001b[91mnpm ERR! command failed\nnpm ERR! command sh -c -- node ./build.js\n\u001b[0m\u001b[91mnpm ERR! gyp info it worked if it ends with ok\nnpm ERR! gyp info using node-gyp@7.1.2\nnpm ERR! gyp info using node@18.12.1 | linux | x64\nnpm ERR! gyp ERR! find Python \nnpm ERR! gyp ERR! find Python Python is not set from command line or npm configuration\nnpm ERR! gyp ERR! find Python Python is not set from environment variable PYTHON\nnpm ERR! gyp ERR! find Python checking if \"python3\" can be used\nnpm ERR! gyp ERR! find Python - \"python3\" is not in PATH or produced an error\nnpm ERR! gyp ERR! find Python checking if \"python\" can be used\nnpm ERR! gyp ERR! find Python - \"python\" is not in PATH or produced an error\nnpm ERR! gyp ERR! find Python checking if \"python2\" can be used\nnpm ERR! gyp ERR! find Python - \"python2\" is not in PATH or produced an error\nnpm ERR! gyp ERR! find Python \nnpm ERR! gyp ERR! find Python **********************************************************\nnpm ERR! gyp ERR! find Python You need to install the latest version of Python.\nnpm ERR! gyp ERR! find Python Node-gyp should be able to find and use Python. If not,\nnpm ERR! gyp ERR! find Python you can try one of the following options:\nnpm ERR! gyp ERR! find Python - Use the switch --python=\"/path/to/pythonexecutable\"\nnpm ERR! gyp ERR! find Python   (accepted by both node-gyp and npm)\nnpm ERR! gyp ERR! find Python - Set the environment variable PYTHON\nnpm ERR! gyp ERR! find Python - Set the npm configuration variable python:\nnpm ERR! gyp ERR! find Python   npm config set python \"/path/to/pythonexecutable\"\nnpm ERR! gyp ERR! find Python For more information consult the documentation at:\nnpm ERR! gyp ERR! find Python https://github.com/nodejs/node-gyp#installation\nnpm ERR! gyp ERR! find Python **********************************************************\nnpm ERR! gyp ERR! find Python \nnpm ERR! gyp ERR! configure error \nnpm ERR! gyp ERR! stack Error: Could not find any Python installation to use\nnpm ERR! gyp ERR! stack     at PythonFinder.fail (/app/node_modules/node-gyp/lib/find-python.js:302:47)\nnpm ERR! gyp ERR! stack     at PythonFinder.runChecks (/app/node_modules/node-gyp/lib/find-python.js:136:21)\nnpm ERR! gyp ERR! stack     at PythonFinder.<anonymous> (/app/node_modules/node-gyp/lib/find-python.js:179:16)\nnpm ERR! gyp ERR! stack     at PythonFinder.execFileCallback (/app/node_modules/node-gyp/lib/find-python.js:266:16)\nnpm ERR! gyp ERR! stack     at exithandler (node:child_process:420:5)\nnpm ERR! gyp ERR! stack     at ChildProcess.errorhandler (node:child_process:432:5)\nnpm ERR! gyp ERR! stack     at ChildProcess.emit (node:events:513:28)\nnpm ERR! gyp ERR! stack     at ChildProcess._handle.onexit (node:internal/child_process:289:12)\nnpm ERR! gyp ERR! stack     at onErrorNT (node:internal/child_process:476:16)\nnpm ERR! gyp ERR! stack     at process.processTicksAndRejections (node:internal/process/task_queues:82:21)\nnpm ERR! gyp ERR! System Linux 5.4.0-113-generic\nnpm ERR! gyp ERR! command \"/usr/local/bin/node\" \"/app/node_modules/.bin/node-gyp\" \"rebuild\"\nnpm ERR! gyp ERR! cwd /app/node_modules/deasync\nnpm ERR! gyp ERR! node -v v18.12.1\nnpm ERR! gyp ERR! node-gyp -v v7.1.2\nnpm ERR! gyp ERR! not ok \nnpm ERR! Build failed\n\u001b[0m\u001b[91m\n\u001b[0m\u001b[91mnpm ERR! A complete log of this run can be found in:\nnpm ERR!     /root/.npm/_logs/2023-01-01T13_27_34_089Z-debug-0.log\n\u001b[0mRemoving intermediate container 0efdc678f8f4\n","stderr":"The command '/bin/sh -c export WEB=true && npm install && npm run build' returned a non-zero code: 1\n"},"endTime":1672579688107}