{"repository":"https://github.com/adobe/hyde","dockerfilePath":"Dockerfile","startTime":1672514144332,"clone":{"stdout":"","stderr":"Cloning into '/tmp/dinghy-analysis/adobe/hyde'...\n","error":null,"commit":"a08e7041b1f3cf2e8c1472f798465fcf860813e3"},"originalBuild":{"startTimestamp":1672514145173,"endTimestamp":1672514519708,"error":{"code":1,"killed":false,"signal":null,"cmd":"docker build --no-cache --force-rm -t hyde:latest -f /tmp/dinghy-analysis/adobe/hyde/Dockerfile ."},"stdout":"Sending build context to Docker daemon  844.3kB\r\r\nStep 1/19 : FROM --platform=linux/x86_64 ubuntu:latest\n ---> 6b7dfa7e8fdb\nStep 2/19 : RUN apt-get -y update && apt-get install -y\n ---> Running in c9e0fcd1de1e\nGet:1 http://security.ubuntu.com/ubuntu jammy-security InRelease [110 kB]\nGet:2 http://archive.ubuntu.com/ubuntu jammy InRelease [270 kB]\nGet:3 http://security.ubuntu.com/ubuntu jammy-security/restricted amd64 Packages [593 kB]\nGet:4 http://security.ubuntu.com/ubuntu jammy-security/main amd64 Packages [667 kB]\nGet:5 http://security.ubuntu.com/ubuntu jammy-security/multiverse amd64 Packages [4732 B]\nGet:6 http://security.ubuntu.com/ubuntu jammy-security/universe amd64 Packages [781 kB]\nGet:7 http://archive.ubuntu.com/ubuntu jammy-updates InRelease [114 kB]\nGet:8 http://archive.ubuntu.com/ubuntu jammy-backports InRelease [99.8 kB]\nGet:9 http://archive.ubuntu.com/ubuntu jammy/universe amd64 Packages [17.5 MB]\nGet:10 http://archive.ubuntu.com/ubuntu jammy/restricted amd64 Packages [164 kB]\nGet:11 http://archive.ubuntu.com/ubuntu jammy/main amd64 Packages [1792 kB]\nGet:12 http://archive.ubuntu.com/ubuntu jammy/multiverse amd64 Packages [266 kB]\nGet:13 http://archive.ubuntu.com/ubuntu jammy-updates/multiverse amd64 Packages [8150 B]\nGet:14 http://archive.ubuntu.com/ubuntu jammy-updates/main amd64 Packages [972 kB]\nGet:15 http://archive.ubuntu.com/ubuntu jammy-updates/restricted amd64 Packages [641 kB]\nGet:16 http://archive.ubuntu.com/ubuntu jammy-updates/universe amd64 Packages [970 kB]\nGet:17 http://archive.ubuntu.com/ubuntu jammy-backports/main amd64 Packages [3520 B]\nGet:18 http://archive.ubuntu.com/ubuntu jammy-backports/universe amd64 Packages [7291 B]\nFetched 24.9 MB in 5s (5298 kB/s)\nReading package lists...\nReading package lists...\nBuilding dependency tree...\nReading state information...\n0 upgraded, 0 newly installed, 0 to remove and 0 not upgraded.\nRemoving intermediate container c9e0fcd1de1e\n ---> c90d52c24d92\nStep 3/19 : RUN apt-get -y install curl gnupg2 software-properties-common ninja-build  apt-utils make\n ---> Running in 4a8d9fabe8ff\nReading package lists...\nBuilding dependency tree...\nReading state information...\nThe following additional packages will be installed:\n  ca-certificates dbus dirmngr distro-info-data dmsetup gir1.2-glib-2.0\n  gir1.2-packagekitglib-1.0 gnupg gnupg-l10n gnupg-utils gpg gpg-agent\n  gpg-wks-client gpg-wks-server gpgconf gpgsm iso-codes libapparmor1\n  libappstream4 libargon2-1 libassuan0 libbrotli1 libcap2-bin libcryptsetup12\n  libcurl3-gnutls libcurl4 libdbus-1-3 libdevmapper1.02.1 libdw1 libelf1\n  libexpat1 libgirepository-1.0-1 libglib2.0-0 libglib2.0-bin libglib2.0-data\n  libgstreamer1.0-0 libicu70 libip4tc2 libjson-c5 libkmod2 libksba8\n  libldap-2.5-0 libldap-common libmpdec3 libnghttp2-14 libnpth0 libnss-systemd\n  libpackagekit-glib2-18 libpam-cap libpam-systemd libpolkit-agent-1-0\n  libpolkit-gobject-1-0 libpsl5 libpython3-stdlib libpython3.10-minimal\n  libpython3.10-stdlib libreadline8 librtmp1 libsasl2-2 libsasl2-modules\n  libsasl2-modules-db libsqlite3-0 libssh-4 libstemmer0d libunwind8 libxml2\n  libxmlb2 libyaml-0-2 lsb-release media-types networkd-dispatcher openssl\n  packagekit packagekit-tools pinentry-curses pkexec policykit-1 polkitd\n  publicsuffix python-apt-common python3 python3-apt python3-blinker\n  python3-cffi-backend python3-cryptography python3-dbus python3-distro\n  python3-distro-info python3-gi python3-httplib2 python3-importlib-metadata\n  python3-jeepney python3-jwt python3-keyring python3-launchpadlib\n  python3-lazr.restfulclient python3-lazr.uri python3-minimal\n  python3-more-itertools python3-oauthlib python3-pkg-resources\n  python3-pyparsing python3-secretstorage python3-six\n  python3-software-properties python3-wadllib python3-zipp python3.10\n  python3.10-minimal readline-common shared-mime-info systemd systemd-sysv\n  systemd-timesyncd ucf unattended-upgrades xdg-user-dirs xz-utils\nSuggested packages:\n  default-dbus-session-bus | dbus-session-bus dbus-user-session\n  pinentry-gnome3 tor parcimonie xloadimage scdaemon isoquery\n  gstreamer1.0-tools libsasl2-modules-gssapi-mit\n  | libsasl2-modules-gssapi-heimdal libsasl2-modules-ldap libsasl2-modules-otp\n  libsasl2-modules-sql make-doc iw | wireless-tools appstream pinentry-doc\n  python3-doc python3-tk python3-venv python3-apt-dbg python-apt-doc\n  python-blinker-doc python-cryptography-doc python3-cryptography-vectors\n  python-dbus-doc python3-crypto gir1.2-secret-1 gnome-keyring\n  libkf5wallet-bin python3-keyrings.alt python3-testresources\n  python3-setuptools python-pyparsing-doc python-secretstorage-doc\n  python3.10-venv python3.10-doc binutils binfmt-support readline-doc\n  systemd-container libfido2-1 libtss2-esys-3.0.2-0 libtss2-mu0 libtss2-rc0\n  bsd-mailx default-mta | mail-transport-agent needrestart powermgmt-base\nThe following NEW packages will be installed:\n  apt-utils ca-certificates curl dbus dirmngr distro-info-data dmsetup\n  gir1.2-glib-2.0 gir1.2-packagekitglib-1.0 gnupg gnupg-l10n gnupg-utils\n  gnupg2 gpg gpg-agent gpg-wks-client gpg-wks-server gpgconf gpgsm iso-codes\n  libapparmor1 libappstream4 libargon2-1 libassuan0 libbrotli1 libcap2-bin\n  libcryptsetup12 libcurl3-gnutls libcurl4 libdbus-1-3 libdevmapper1.02.1\n  libdw1 libelf1 libexpat1 libgirepository-1.0-1 libglib2.0-0 libglib2.0-bin\n  libglib2.0-data libgstreamer1.0-0 libicu70 libip4tc2 libjson-c5 libkmod2\n  libksba8 libldap-2.5-0 libldap-common libmpdec3 libnghttp2-14 libnpth0\n  libnss-systemd libpackagekit-glib2-18 libpam-cap libpam-systemd\n  libpolkit-agent-1-0 libpolkit-gobject-1-0 libpsl5 libpython3-stdlib\n  libpython3.10-minimal libpython3.10-stdlib libreadline8 librtmp1 libsasl2-2\n  libsasl2-modules libsasl2-modules-db libsqlite3-0 libssh-4 libstemmer0d\n  libunwind8 libxml2 libxmlb2 libyaml-0-2 lsb-release make media-types\n  networkd-dispatcher ninja-build openssl packagekit packagekit-tools\n  pinentry-curses pkexec policykit-1 polkitd publicsuffix python-apt-common\n  python3 python3-apt python3-blinker python3-cffi-backend\n  python3-cryptography python3-dbus python3-distro python3-distro-info\n  python3-gi python3-httplib2 python3-importlib-metadata python3-jeepney\n  python3-jwt python3-keyring python3-launchpadlib python3-lazr.restfulclient\n  python3-lazr.uri python3-minimal python3-more-itertools python3-oauthlib\n  python3-pkg-resources python3-pyparsing python3-secretstorage python3-six\n  python3-software-properties python3-wadllib python3-zipp python3.10\n  python3.10-minimal readline-common shared-mime-info\n  software-properties-common systemd systemd-sysv systemd-timesyncd ucf\n  unattended-upgrades xdg-user-dirs xz-utils\n0 upgraded, 124 newly installed, 0 to remove and 0 not upgraded.\nNeed to get 40.0 MB of archives.\nAfter this operation, 147 MB of additional disk space will be used.\nGet:1 http://archive.ubuntu.com/ubuntu jammy-updates/main amd64 libpython3.10-minimal amd64 3.10.6-1~22.04.2 [810 kB]\nGet:2 http://archive.ubuntu.com/ubuntu jammy-updates/main amd64 libexpat1 amd64 2.4.7-1ubuntu0.2 [91.0 kB]\nGet:3 http://archive.ubuntu.com/ubuntu jammy-updates/main amd64 python3.10-minimal amd64 3.10.6-1~22.04.2 [2251 kB]\nGet:4 http://archive.ubuntu.com/ubuntu jammy-updates/main amd64 python3-minimal amd64 3.10.6-1~22.04 [24.3 kB]\nGet:5 http://archive.ubuntu.com/ubuntu jammy/main amd64 media-types all 7.0.0 [25.5 kB]\nGet:6 http://archive.ubuntu.com/ubuntu jammy/main amd64 libmpdec3 amd64 2.5.1-2build2 [86.8 kB]\nGet:7 http://archive.ubuntu.com/ubuntu jammy/main amd64 readline-common all 8.1.2-1 [53.5 kB]\nGet:8 http://archive.ubuntu.com/ubuntu jammy/main amd64 libreadline8 amd64 8.1.2-1 [153 kB]\nGet:9 http://archive.ubuntu.com/ubuntu jammy-updates/main amd64 libsqlite3-0 amd64 3.37.2-2ubuntu0.1 [641 kB]\nGet:10 http://archive.ubuntu.com/ubuntu jammy-updates/main amd64 libpython3.10-stdlib amd64 3.10.6-1~22.04.2 [1832 kB]\nGet:11 http://archive.ubuntu.com/ubuntu jammy-updates/main amd64 python3.10 amd64 3.10.6-1~22.04.2 [497 kB]\nGet:12 http://archive.ubuntu.com/ubuntu jammy-updates/main amd64 libpython3-stdlib amd64 3.10.6-1~22.04 [6910 B]\nGet:13 http://archive.ubuntu.com/ubuntu jammy-updates/main amd64 python3 amd64 3.10.6-1~22.04 [22.8 kB]\nGet:14 http://archive.ubuntu.com/ubuntu jammy-updates/main amd64 libapparmor1 amd64 3.0.4-2ubuntu2.1 [38.7 kB]\nGet:15 http://archive.ubuntu.com/ubuntu jammy/main amd64 libargon2-1 amd64 0~20171227-0.3 [19.5 kB]\nGet:16 http://archive.ubuntu.com/ubuntu jammy/main amd64 libdevmapper1.02.1 amd64 2:1.02.175-2.1ubuntu4 [139 kB]\nGet:17 http://archive.ubuntu.com/ubuntu jammy-updates/main amd64 libjson-c5 amd64 0.15-3~ubuntu1.22.04.1 [33.5 kB]\nGet:18 http://archive.ubuntu.com/ubuntu jammy-updates/main amd64 libcryptsetup12 amd64 2:2.4.3-1ubuntu1.1 [211 kB]\nGet:19 http://archive.ubuntu.com/ubuntu jammy/main amd64 libip4tc2 amd64 1.8.7-1ubuntu5 [19.7 kB]\nGet:20 http://archive.ubuntu.com/ubuntu jammy/main amd64 libkmod2 amd64 29-1ubuntu1 [48.0 kB]\nGet:21 http://archive.ubuntu.com/ubuntu jammy-updates/main amd64 systemd amd64 249.11-0ubuntu3.6 [4580 kB]\nGet:22 http://archive.ubuntu.com/ubuntu jammy-updates/main amd64 systemd-sysv amd64 249.11-0ubuntu3.6 [10.5 kB]\nGet:23 http://archive.ubuntu.com/ubuntu jammy-updates/main amd64 apt-utils amd64 2.4.8 [211 kB]\nGet:24 http://archive.ubuntu.com/ubuntu jammy-updates/main amd64 openssl amd64 3.0.2-0ubuntu1.7 [1183 kB]\nGet:25 http://archive.ubuntu.com/ubuntu jammy-updates/main amd64 ca-certificates all 20211016ubuntu0.22.04.1 [144 kB]\nGet:26 http://archive.ubuntu.com/ubuntu jammy-updates/main amd64 libdbus-1-3 amd64 1.12.20-2ubuntu4.1 [189 kB]\nGet:27 http://archive.ubuntu.com/ubuntu jammy-updates/main amd64 dbus amd64 1.12.20-2ubuntu4.1 [158 kB]\nGet:28 http://archive.ubuntu.com/ubuntu jammy-updates/main amd64 distro-info-data all 0.52ubuntu0.2 [5160 B]\nGet:29 http://archive.ubuntu.com/ubuntu jammy/main amd64 dmsetup amd64 2:1.02.175-2.1ubuntu4 [81.7 kB]\nGet:30 http://archive.ubuntu.com/ubuntu jammy-updates/main amd64 libglib2.0-0 amd64 2.72.4-0ubuntu1 [1461 kB]\nGet:31 http://archive.ubuntu.com/ubuntu jammy/main amd64 libgirepository-1.0-1 amd64 1.72.0-1 [55.6 kB]\nGet:32 http://archive.ubuntu.com/ubuntu jammy/main amd64 gir1.2-glib-2.0 amd64 1.72.0-1 [164 kB]\nGet:33 http://archive.ubuntu.com/ubuntu jammy/main amd64 iso-codes all 4.9.0-1 [3459 kB]\nGet:34 http://archive.ubuntu.com/ubuntu jammy/main amd64 libcap2-bin amd64 1:2.44-1build3 [26.0 kB]\nGet:35 http://archive.ubuntu.com/ubuntu jammy/main amd64 libelf1 amd64 0.186-1build1 [51.0 kB]\nGet:36 http://archive.ubuntu.com/ubuntu jammy-updates/main amd64 libglib2.0-data all 2.72.4-0ubuntu1 [4882 B]\nGet:37 http://archive.ubuntu.com/ubuntu jammy/main amd64 libicu70 amd64 70.1-2 [10.6 MB]\nGet:38 http://archive.ubuntu.com/ubuntu jammy-updates/main amd64 libnss-systemd amd64 249.11-0ubuntu3.6 [133 kB]\nGet:39 http://archive.ubuntu.com/ubuntu jammy/main amd64 libpam-cap amd64 1:2.44-1build3 [7932 B]\nGet:40 http://archive.ubuntu.com/ubuntu jammy-updates/main amd64 libpam-systemd amd64 249.11-0ubuntu3.6 [203 kB]\nGet:41 http://archive.ubuntu.com/ubuntu jammy-updates/main amd64 libxml2 amd64 2.9.13+dfsg-1ubuntu0.2 [764 kB]\nGet:42 http://archive.ubuntu.com/ubuntu jammy/main amd64 libyaml-0-2 amd64 0.2.2-1build2 [51.6 kB]\nGet:43 http://archive.ubuntu.com/ubuntu jammy/main amd64 lsb-release all 11.1.0ubuntu4 [10.8 kB]\nGet:44 http://archive.ubuntu.com/ubuntu jammy/main amd64 python3-dbus amd64 1.2.18-3build1 [99.5 kB]\nGet:45 http://archive.ubuntu.com/ubuntu jammy-updates/main amd64 python3-gi amd64 3.42.1-0ubuntu1 [229 kB]\nGet:46 http://archive.ubuntu.com/ubuntu jammy-updates/main amd64 networkd-dispatcher all 2.1-2ubuntu0.22.04.2 [15.8 kB]\nGet:47 http://archive.ubuntu.com/ubuntu jammy-updates/main amd64 python-apt-common all 2.3.0ubuntu2.1 [15.2 kB]\nGet:48 http://archive.ubuntu.com/ubuntu jammy-updates/main amd64 python3-apt amd64 2.3.0ubuntu2.1 [165 kB]\nGet:49 http://archive.ubuntu.com/ubuntu jammy/main amd64 python3-pkg-resources all 59.6.0-1.2 [132 kB]\nGet:50 http://archive.ubuntu.com/ubuntu jammy/main amd64 shared-mime-info amd64 2.1-2 [454 kB]\nGet:51 http://archive.ubuntu.com/ubuntu jammy-updates/main amd64 systemd-timesyncd amd64 249.11-0ubuntu3.6 [31.2 kB]\nGet:52 http://archive.ubuntu.com/ubuntu jammy/main amd64 ucf all 3.0043 [56.1 kB]\nGet:53 http://archive.ubuntu.com/ubuntu jammy/main amd64 xdg-user-dirs amd64 0.17-2ubuntu4 [53.9 kB]\nGet:54 http://archive.ubuntu.com/ubuntu jammy/main amd64 libnghttp2-14 amd64 1.43.0-1build3 [76.3 kB]\nGet:55 http://archive.ubuntu.com/ubuntu jammy/main amd64 libpsl5 amd64 0.21.0-1.2build2 [58.4 kB]\nGet:56 http://archive.ubuntu.com/ubuntu jammy/main amd64 publicsuffix all 20211207.1025-1 [129 kB]\nGet:57 http://archive.ubuntu.com/ubuntu jammy/main amd64 python3-distro-info all 1.1build1 [6962 B]\nGet:58 http://archive.ubuntu.com/ubuntu jammy/main amd64 xz-utils amd64 5.2.5-2ubuntu1 [84.8 kB]\nGet:59 http://archive.ubuntu.com/ubuntu jammy/main amd64 libbrotli1 amd64 1.0.9-2build6 [315 kB]\nGet:60 http://archive.ubuntu.com/ubuntu jammy/main amd64 libsasl2-modules-db amd64 2.1.27+dfsg2-3ubuntu1 [20.8 kB]\nGet:61 http://archive.ubuntu.com/ubuntu jammy/main amd64 libsasl2-2 amd64 2.1.27+dfsg2-3ubuntu1 [53.9 kB]\nGet:62 http://archive.ubuntu.com/ubuntu jammy-updates/main amd64 libldap-2.5-0 amd64 2.5.13+dfsg-0ubuntu0.22.04.1 [183 kB]\nGet:63 http://archive.ubuntu.com/ubuntu jammy/main amd64 librtmp1 amd64 2.4+20151223.gitfa8646d.1-2build4 [58.2 kB]\nGet:64 http://archive.ubuntu.com/ubuntu jammy/main amd64 libssh-4 amd64 0.9.6-2build1 [184 kB]\nGet:65 http://archive.ubuntu.com/ubuntu jammy-updates/main amd64 libcurl4 amd64 7.81.0-1ubuntu1.6 [290 kB]\nGet:66 http://archive.ubuntu.com/ubuntu jammy-updates/main amd64 curl amd64 7.81.0-1ubuntu1.6 [194 kB]\nGet:67 http://archive.ubuntu.com/ubuntu jammy/main amd64 libassuan0 amd64 2.5.5-1build1 [38.2 kB]\nGet:68 http://archive.ubuntu.com/ubuntu jammy-updates/main amd64 gpgconf amd64 2.2.27-3ubuntu2.1 [94.2 kB]\nGet:69 http://archive.ubuntu.com/ubuntu jammy-updates/main amd64 libksba8 amd64 1.6.0-2ubuntu0.1 [119 kB]\nGet:70 http://archive.ubuntu.com/ubuntu jammy/main amd64 libnpth0 amd64 1.6-3build2 [8664 B]\nGet:71 http://archive.ubuntu.com/ubuntu jammy-updates/main amd64 dirmngr amd64 2.2.27-3ubuntu2.1 [293 kB]\nGet:72 http://archive.ubuntu.com/ubuntu jammy/main amd64 libpackagekit-glib2-18 amd64 1.2.5-2ubuntu2 [123 kB]\nGet:73 http://archive.ubuntu.com/ubuntu jammy/main amd64 gir1.2-packagekitglib-1.0 amd64 1.2.5-2ubuntu2 [25.3 kB]\nGet:74 http://archive.ubuntu.com/ubuntu jammy-updates/main amd64 gnupg-l10n all 2.2.27-3ubuntu2.1 [54.4 kB]\nGet:75 http://archive.ubuntu.com/ubuntu jammy-updates/main amd64 gnupg-utils amd64 2.2.27-3ubuntu2.1 [308 kB]\nGet:76 http://archive.ubuntu.com/ubuntu jammy-updates/main amd64 gpg amd64 2.2.27-3ubuntu2.1 [519 kB]\nGet:77 http://archive.ubuntu.com/ubuntu jammy/main amd64 pinentry-curses amd64 1.1.1-1build2 [34.4 kB]\nGet:78 http://archive.ubuntu.com/ubuntu jammy-updates/main amd64 gpg-agent amd64 2.2.27-3ubuntu2.1 [209 kB]\nGet:79 http://archive.ubuntu.com/ubuntu jammy-updates/main amd64 gpg-wks-client amd64 2.2.27-3ubuntu2.1 [62.7 kB]\nGet:80 http://archive.ubuntu.com/ubuntu jammy-updates/main amd64 gpg-wks-server amd64 2.2.27-3ubuntu2.1 [57.5 kB]\nGet:81 http://archive.ubuntu.com/ubuntu jammy-updates/main amd64 gpgsm amd64 2.2.27-3ubuntu2.1 [197 kB]\nGet:82 http://archive.ubuntu.com/ubuntu jammy-updates/main amd64 gnupg all 2.2.27-3ubuntu2.1 [315 kB]\nGet:83 http://archive.ubuntu.com/ubuntu jammy-updates/main amd64 libcurl3-gnutls amd64 7.81.0-1ubuntu1.6 [283 kB]\nGet:84 http://archive.ubuntu.com/ubuntu jammy/main amd64 libstemmer0d amd64 2.2.0-1build1 [165 kB]\nGet:85 http://archive.ubuntu.com/ubuntu jammy/main amd64 libxmlb2 amd64 0.3.6-2build1 [67.8 kB]\nGet:86 http://archive.ubuntu.com/ubuntu jammy/main amd64 libappstream4 amd64 0.15.2-2 [192 kB]\nGet:87 http://archive.ubuntu.com/ubuntu jammy/main amd64 libdw1 amd64 0.186-1build1 [250 kB]\nGet:88 http://archive.ubuntu.com/ubuntu jammy-updates/main amd64 libglib2.0-bin amd64 2.72.4-0ubuntu1 [80.9 kB]\nGet:89 http://archive.ubuntu.com/ubuntu jammy/main amd64 libunwind8 amd64 1.3.2-2build2 [54.5 kB]\nGet:90 http://archive.ubuntu.com/ubuntu jammy-updates/main amd64 libgstreamer1.0-0 amd64 1.20.3-0ubuntu1 [983 kB]\nGet:91 http://archive.ubuntu.com/ubuntu jammy-updates/main amd64 libldap-common all 2.5.13+dfsg-0ubuntu0.22.04.1 [15.9 kB]\nGet:92 http://archive.ubuntu.com/ubuntu jammy/main amd64 libpolkit-gobject-1-0 amd64 0.105-33 [43.2 kB]\nGet:93 http://archive.ubuntu.com/ubuntu jammy/main amd64 libpolkit-agent-1-0 amd64 0.105-33 [16.8 kB]\nGet:94 http://archive.ubuntu.com/ubuntu jammy/main amd64 libsasl2-modules amd64 2.1.27+dfsg2-3ubuntu1 [57.5 kB]\nGet:95 http://archive.ubuntu.com/ubuntu jammy/main amd64 make amd64 4.3-4.1build1 [180 kB]\nGet:96 http://archive.ubuntu.com/ubuntu jammy/universe amd64 ninja-build amd64 1.10.1-1 [111 kB]\nGet:97 http://archive.ubuntu.com/ubuntu jammy/main amd64 polkitd amd64 0.105-33 [80.0 kB]\nGet:98 http://archive.ubuntu.com/ubuntu jammy/main amd64 pkexec amd64 0.105-33 [15.2 kB]\nGet:99 http://archive.ubuntu.com/ubuntu jammy/main amd64 policykit-1 amd64 0.105-33 [2426 B]\nGet:100 http://archive.ubuntu.com/ubuntu jammy/main amd64 packagekit amd64 1.2.5-2ubuntu2 [442 kB]\nGet:101 http://archive.ubuntu.com/ubuntu jammy/main amd64 packagekit-tools amd64 1.2.5-2ubuntu2 [28.8 kB]\nGet:102 http://archive.ubuntu.com/ubuntu jammy/main amd64 python3-blinker all 1.4+dfsg1-0.4 [14.0 kB]\nGet:103 http://archive.ubuntu.com/ubuntu jammy/main amd64 python3-cffi-backend amd64 1.15.0-1build2 [77.4 kB]\nGet:104 http://archive.ubuntu.com/ubuntu jammy/main amd64 python3-cryptography amd64 3.4.8-1ubuntu2 [236 kB]\nGet:105 http://archive.ubuntu.com/ubuntu jammy/main amd64 python3-pyparsing all 2.4.7-1 [61.4 kB]\nGet:106 http://archive.ubuntu.com/ubuntu jammy/main amd64 python3-httplib2 all 0.20.2-2 [30.4 kB]\nGet:107 http://archive.ubuntu.com/ubuntu jammy/main amd64 python3-more-itertools all 8.10.0-2 [47.9 kB]\nGet:108 http://archive.ubuntu.com/ubuntu jammy/main amd64 python3-zipp all 1.0.0-3 [5440 B]\nGet:109 http://archive.ubuntu.com/ubuntu jammy/main amd64 python3-importlib-metadata all 4.6.4-1 [16.2 kB]\nGet:110 http://archive.ubuntu.com/ubuntu jammy/main amd64 python3-jeepney all 0.7.1-3 [36.8 kB]\nGet:111 http://archive.ubuntu.com/ubuntu jammy-updates/main amd64 python3-jwt all 2.3.0-1ubuntu0.2 [17.1 kB]\nGet:112 http://archive.ubuntu.com/ubuntu jammy/main amd64 python3-secretstorage all 3.3.1-1 [13.2 kB]\nGet:113 http://archive.ubuntu.com/ubuntu jammy/main amd64 python3-keyring all 23.5.0-1 [35.7 kB]\nGet:114 http://archive.ubuntu.com/ubuntu jammy/main amd64 python3-lazr.uri all 1.0.6-2 [14.4 kB]\nGet:115 http://archive.ubuntu.com/ubuntu jammy/main amd64 python3-wadllib all 1.3.6-1 [36.4 kB]\nGet:116 http://archive.ubuntu.com/ubuntu jammy/main amd64 python3-distro all 1.7.0-1 [17.0 kB]\nGet:117 http://archive.ubuntu.com/ubuntu jammy-updates/main amd64 python3-oauthlib all 3.2.0-1ubuntu0.1 [89.9 kB]\nGet:118 http://archive.ubuntu.com/ubuntu jammy/main amd64 python3-six all 1.16.0-3ubuntu1 [12.6 kB]\nGet:119 http://archive.ubuntu.com/ubuntu jammy/main amd64 python3-lazr.restfulclient all 0.14.4-1 [51.2 kB]\nGet:120 http://archive.ubuntu.com/ubuntu jammy/main amd64 python3-launchpadlib all 1.10.16-1 [125 kB]\nGet:121 http://archive.ubuntu.com/ubuntu jammy-updates/main amd64 python3-software-properties all 0.99.22.3 [28.8 kB]\nGet:122 http://archive.ubuntu.com/ubuntu jammy-updates/main amd64 software-properties-common all 0.99.22.3 [14.1 kB]\nGet:123 http://archive.ubuntu.com/ubuntu jammy/main amd64 unattended-upgrades all 2.8ubuntu1 [49.4 kB]\nGet:124 http://archive.ubuntu.com/ubuntu jammy-updates/universe amd64 gnupg2 all 2.2.27-3ubuntu2.1 [5548 B]\n\u001b[91mdebconf: delaying package configuration, since apt-utils is not installed\n\u001b[0mFetched 40.0 MB in 7s (6139 kB/s)\nSelecting previously unselected package libpython3.10-minimal:amd64.\r\n(Reading database ... \r(Reading database ... 5%\r(Reading database ... 10%\r(Reading database ... 15%\r(Reading database ... 20%\r(Reading database ... 25%\r(Reading database ... 30%\r(Reading database ... 35%\r(Reading database ... 40%\r(Reading database ... 45%\r(Reading database ... 50%\r(Reading database ... 55%\r(Reading database ... 60%\r(Reading database ... 65%\r(Reading database ... 70%\r(Reading database ... 75%\r(Reading database ... 80%\r(Reading database ... 85%\r(Reading database ... 90%\r(Reading database ... 95%\r(Reading database ... 100%\r(Reading database ... 4395 files and directories currently installed.)\r\nPreparing to unpack .../libpython3.10-minimal_3.10.6-1~22.04.2_amd64.deb ...\r\nUnpacking libpython3.10-minimal:amd64 (3.10.6-1~22.04.2) ...\r\nSelecting previously unselected package libexpat1:amd64.\r\nPreparing to unpack .../libexpat1_2.4.7-1ubuntu0.2_amd64.deb ...\r\nUnpacking libexpat1:amd64 (2.4.7-1ubuntu0.2) ...\r\nSelecting previously unselected package python3.10-minimal.\r\nPreparing to unpack .../python3.10-minimal_3.10.6-1~22.04.2_amd64.deb ...\r\nUnpacking python3.10-minimal (3.10.6-1~22.04.2) ...\r\nSetting up libpython3.10-minimal:amd64 (3.10.6-1~22.04.2) ...\r\nSetting up libexpat1:amd64 (2.4.7-1ubuntu0.2) ...\r\nSetting up python3.10-minimal (3.10.6-1~22.04.2) ...\r\nSelecting previously unselected package python3-minimal.\r\n(Reading database ... \r(Reading database ... 5%\r(Reading database ... 10%\r(Reading database ... 15%\r(Reading database ... 20%\r(Reading database ... 25%\r(Reading database ... 30%\r(Reading database ... 35%\r(Reading database ... 40%\r(Reading database ... 45%\r(Reading database ... 50%\r(Reading database ... 55%\r(Reading database ... 60%\r(Reading database ... 65%\r(Reading database ... 70%\r(Reading database ... 75%\r(Reading database ... 80%\r(Reading database ... 85%\r(Reading database ... 90%\r(Reading database ... 95%\r(Reading database ... 100%\r(Reading database ... 4697 files and directories currently installed.)\r\nPreparing to unpack .../0-python3-minimal_3.10.6-1~22.04_amd64.deb ...\r\nUnpacking python3-minimal (3.10.6-1~22.04) ...\r\nSelecting previously unselected package media-types.\r\nPreparing to unpack .../1-media-types_7.0.0_all.deb ...\r\nUnpacking media-types (7.0.0) ...\r\nSelecting previously unselected package libmpdec3:amd64.\r\nPreparing to unpack .../2-libmpdec3_2.5.1-2build2_amd64.deb ...\r\nUnpacking libmpdec3:amd64 (2.5.1-2build2) ...\r\nSelecting previously unselected package readline-common.\r\nPreparing to unpack .../3-readline-common_8.1.2-1_all.deb ...\r\nUnpacking readline-common (8.1.2-1) ...\r\nSelecting previously unselected package libreadline8:amd64.\r\nPreparing to unpack .../4-libreadline8_8.1.2-1_amd64.deb ...\r\nUnpacking libreadline8:amd64 (8.1.2-1) ...\r\nSelecting previously unselected package libsqlite3-0:amd64.\r\nPreparing to unpack .../5-libsqlite3-0_3.37.2-2ubuntu0.1_amd64.deb ...\r\nUnpacking libsqlite3-0:amd64 (3.37.2-2ubuntu0.1) ...\r\nSelecting previously unselected package libpython3.10-stdlib:amd64.\r\nPreparing to unpack .../6-libpython3.10-stdlib_3.10.6-1~22.04.2_amd64.deb ...\r\nUnpacking libpython3.10-stdlib:amd64 (3.10.6-1~22.04.2) ...\r\nSelecting previously unselected package python3.10.\r\nPreparing to unpack .../7-python3.10_3.10.6-1~22.04.2_amd64.deb ...\r\nUnpacking python3.10 (3.10.6-1~22.04.2) ...\r\nSelecting previously unselected package libpython3-stdlib:amd64.\r\nPreparing to unpack .../8-libpython3-stdlib_3.10.6-1~22.04_amd64.deb ...\r\nUnpacking libpython3-stdlib:amd64 (3.10.6-1~22.04) ...\r\nSetting up python3-minimal (3.10.6-1~22.04) ...\r\nSelecting previously unselected package python3.\r\n(Reading database ... \r(Reading database ... 5%\r(Reading database ... 10%\r(Reading database ... 15%\r(Reading database ... 20%\r(Reading database ... 25%\r(Reading database ... 30%\r(Reading database ... 35%\r(Reading database ... 40%\r(Reading database ... 45%\r(Reading database ... 50%\r(Reading database ... 55%\r(Reading database ... 60%\r(Reading database ... 65%\r(Reading database ... 70%\r(Reading database ... 75%\r(Reading database ... 80%\r(Reading database ... 85%\r(Reading database ... 90%\r(Reading database ... 95%\r(Reading database ... 100%\r(Reading database ... 5126 files and directories currently installed.)\r\nPreparing to unpack .../0-python3_3.10.6-1~22.04_amd64.deb ...\r\nUnpacking python3 (3.10.6-1~22.04) ...\r\nSelecting previously unselected package libapparmor1:amd64.\r\nPreparing to unpack .../1-libapparmor1_3.0.4-2ubuntu2.1_amd64.deb ...\r\nUnpacking libapparmor1:amd64 (3.0.4-2ubuntu2.1) ...\r\nSelecting previously unselected package libargon2-1:amd64.\r\nPreparing to unpack .../2-libargon2-1_0~20171227-0.3_amd64.deb ...\r\nUnpacking libargon2-1:amd64 (0~20171227-0.3) ...\r\nSelecting previously unselected package libdevmapper1.02.1:amd64.\r\nPreparing to unpack .../3-libdevmapper1.02.1_2%3a1.02.175-2.1ubuntu4_amd64.deb ...\r\nUnpacking libdevmapper1.02.1:amd64 (2:1.02.175-2.1ubuntu4) ...\r\nSelecting previously unselected package libjson-c5:amd64.\r\nPreparing to unpack .../4-libjson-c5_0.15-3~ubuntu1.22.04.1_amd64.deb ...\r\nUnpacking libjson-c5:amd64 (0.15-3~ubuntu1.22.04.1) ...\r\nSelecting previously unselected package libcryptsetup12:amd64.\r\nPreparing to unpack .../5-libcryptsetup12_2%3a2.4.3-1ubuntu1.1_amd64.deb ...\r\nUnpacking libcryptsetup12:amd64 (2:2.4.3-1ubuntu1.1) ...\r\nSelecting previously unselected package libip4tc2:amd64.\r\nPreparing to unpack .../6-libip4tc2_1.8.7-1ubuntu5_amd64.deb ...\r\nUnpacking libip4tc2:amd64 (1.8.7-1ubuntu5) ...\r\nSelecting previously unselected package libkmod2:amd64.\r\nPreparing to unpack .../7-libkmod2_29-1ubuntu1_amd64.deb ...\r\nUnpacking libkmod2:amd64 (29-1ubuntu1) ...\r\nSelecting previously unselected package systemd.\r\nPreparing to unpack .../8-systemd_249.11-0ubuntu3.6_amd64.deb ...\r\nUnpacking systemd (249.11-0ubuntu3.6) ...\r\nSetting up libapparmor1:amd64 (3.0.4-2ubuntu2.1) ...\r\nSetting up libargon2-1:amd64 (0~20171227-0.3) ...\r\nSetting up libdevmapper1.02.1:amd64 (2:1.02.175-2.1ubuntu4) ...\r\nSetting up libjson-c5:amd64 (0.15-3~ubuntu1.22.04.1) ...\r\nSetting up libcryptsetup12:amd64 (2:2.4.3-1ubuntu1.1) ...\r\nSetting up libip4tc2:amd64 (1.8.7-1ubuntu5) ...\r\nSetting up libkmod2:amd64 (29-1ubuntu1) ...\r\nSetting up systemd (249.11-0ubuntu3.6) ...\r\nCreated symlink /etc/systemd/system/getty.target.wants/getty@tty1.service → /lib/systemd/system/getty@.service.\r\nCreated symlink /etc/systemd/system/multi-user.target.wants/remote-fs.target → /lib/systemd/system/remote-fs.target.\r\nCreated symlink /etc/systemd/system/dbus-org.freedesktop.resolve1.service → /lib/systemd/system/systemd-resolved.service.\r\nCreated symlink /etc/systemd/system/multi-user.target.wants/systemd-resolved.service → /lib/systemd/system/systemd-resolved.service.\r\nln: failed to create symbolic link '/etc/resolv.conf': Device or resource busy\r\nCreated symlink /etc/systemd/system/sysinit.target.wants/systemd-pstore.service → /lib/systemd/system/systemd-pstore.service.\r\nInitializing machine ID from random generator.\r\nSelecting previously unselected package systemd-sysv.\r\n(Reading database ... \r(Reading database ... 5%\r(Reading database ... 10%\r(Reading database ... 15%\r(Reading database ... 20%\r(Reading database ... 25%\r(Reading database ... 30%\r(Reading database ... 35%\r(Reading database ... 40%\r(Reading database ... 45%\r(Reading database ... 50%\r(Reading database ... 55%\r(Reading database ... 60%\r(Reading database ... 65%\r(Reading database ... 70%\r(Reading database ... 75%\r(Reading database ... 80%\r(Reading database ... 85%\r(Reading database ... 90%\r(Reading database ... 95%\r(Reading database ... 100%\r(Reading database ... 5966 files and directories currently installed.)\r\nPreparing to unpack .../000-systemd-sysv_249.11-0ubuntu3.6_amd64.deb ...\r\nUnpacking systemd-sysv (249.11-0ubuntu3.6) ...\r\nSelecting previously unselected package apt-utils.\r\nPreparing to unpack .../001-apt-utils_2.4.8_amd64.deb ...\r\nUnpacking apt-utils (2.4.8) ...\r\nSelecting previously unselected package openssl.\r\nPreparing to unpack .../002-openssl_3.0.2-0ubuntu1.7_amd64.deb ...\r\nUnpacking openssl (3.0.2-0ubuntu1.7) ...\r\nSelecting previously unselected package ca-certificates.\r\nPreparing to unpack .../003-ca-certificates_20211016ubuntu0.22.04.1_all.deb ...\r\nUnpacking ca-certificates (20211016ubuntu0.22.04.1) ...\r\nSelecting previously unselected package libdbus-1-3:amd64.\r\nPreparing to unpack .../004-libdbus-1-3_1.12.20-2ubuntu4.1_amd64.deb ...\r\nUnpacking libdbus-1-3:amd64 (1.12.20-2ubuntu4.1) ...\r\nSelecting previously unselected package dbus.\r\nPreparing to unpack .../005-dbus_1.12.20-2ubuntu4.1_amd64.deb ...\r\nUnpacking dbus (1.12.20-2ubuntu4.1) ...\r\nSelecting previously unselected package distro-info-data.\r\nPreparing to unpack .../006-distro-info-data_0.52ubuntu0.2_all.deb ...\r\nUnpacking distro-info-data (0.52ubuntu0.2) ...\r\nSelecting previously unselected package dmsetup.\r\nPreparing to unpack .../007-dmsetup_2%3a1.02.175-2.1ubuntu4_amd64.deb ...\r\nUnpacking dmsetup (2:1.02.175-2.1ubuntu4) ...\r\nSelecting previously unselected package libglib2.0-0:amd64.\r\nPreparing to unpack .../008-libglib2.0-0_2.72.4-0ubuntu1_amd64.deb ...\r\nUnpacking libglib2.0-0:amd64 (2.72.4-0ubuntu1) ...\r\nSelecting previously unselected package libgirepository-1.0-1:amd64.\r\nPreparing to unpack .../009-libgirepository-1.0-1_1.72.0-1_amd64.deb ...\r\nUnpacking libgirepository-1.0-1:amd64 (1.72.0-1) ...\r\nSelecting previously unselected package gir1.2-glib-2.0:amd64.\r\nPreparing to unpack .../010-gir1.2-glib-2.0_1.72.0-1_amd64.deb ...\r\nUnpacking gir1.2-glib-2.0:amd64 (1.72.0-1) ...\r\nSelecting previously unselected package iso-codes.\r\nPreparing to unpack .../011-iso-codes_4.9.0-1_all.deb ...\r\nUnpacking iso-codes (4.9.0-1) ...\r\nSelecting previously unselected package libcap2-bin.\r\nPreparing to unpack .../012-libcap2-bin_1%3a2.44-1build3_amd64.deb ...\r\nUnpacking libcap2-bin (1:2.44-1build3) ...\r\nSelecting previously unselected package libelf1:amd64.\r\nPreparing to unpack .../013-libelf1_0.186-1build1_amd64.deb ...\r\nUnpacking libelf1:amd64 (0.186-1build1) ...\r\nSelecting previously unselected package libglib2.0-data.\r\nPreparing to unpack .../014-libglib2.0-data_2.72.4-0ubuntu1_all.deb ...\r\nUnpacking libglib2.0-data (2.72.4-0ubuntu1) ...\r\nSelecting previously unselected package libicu70:amd64.\r\nPreparing to unpack .../015-libicu70_70.1-2_amd64.deb ...\r\nUnpacking libicu70:amd64 (70.1-2) ...\r\nSelecting previously unselected package libnss-systemd:amd64.\r\nPreparing to unpack .../016-libnss-systemd_249.11-0ubuntu3.6_amd64.deb ...\r\nUnpacking libnss-systemd:amd64 (249.11-0ubuntu3.6) ...\r\nSelecting previously unselected package libpam-cap:amd64.\r\nPreparing to unpack .../017-libpam-cap_1%3a2.44-1build3_amd64.deb ...\r\nUnpacking libpam-cap:amd64 (1:2.44-1build3) ...\r\nSelecting previously unselected package libpam-systemd:amd64.\r\nPreparing to unpack .../018-libpam-systemd_249.11-0ubuntu3.6_amd64.deb ...\r\nUnpacking libpam-systemd:amd64 (249.11-0ubuntu3.6) ...\r\nSelecting previously unselected package libxml2:amd64.\r\nPreparing to unpack .../019-libxml2_2.9.13+dfsg-1ubuntu0.2_amd64.deb ...\r\nUnpacking libxml2:amd64 (2.9.13+dfsg-1ubuntu0.2) ...\r\nSelecting previously unselected package libyaml-0-2:amd64.\r\nPreparing to unpack .../020-libyaml-0-2_0.2.2-1build2_amd64.deb ...\r\nUnpacking libyaml-0-2:amd64 (0.2.2-1build2) ...\r\nSelecting previously unselected package lsb-release.\r\nPreparing to unpack .../021-lsb-release_11.1.0ubuntu4_all.deb ...\r\nUnpacking lsb-release (11.1.0ubuntu4) ...\r\nSelecting previously unselected package python3-dbus.\r\nPreparing to unpack .../022-python3-dbus_1.2.18-3build1_amd64.deb ...\r\nUnpacking python3-dbus (1.2.18-3build1) ...\r\nSelecting previously unselected package python3-gi.\r\nPreparing to unpack .../023-python3-gi_3.42.1-0ubuntu1_amd64.deb ...\r\nUnpacking python3-gi (3.42.1-0ubuntu1) ...\r\nSelecting previously unselected package networkd-dispatcher.\r\nPreparing to unpack .../024-networkd-dispatcher_2.1-2ubuntu0.22.04.2_all.deb ...\r\nUnpacking networkd-dispatcher (2.1-2ubuntu0.22.04.2) ...\r\nSelecting previously unselected package python-apt-common.\r\nPreparing to unpack .../025-python-apt-common_2.3.0ubuntu2.1_all.deb ...\r\nUnpacking python-apt-common (2.3.0ubuntu2.1) ...\r\nSelecting previously unselected package python3-apt.\r\nPreparing to unpack .../026-python3-apt_2.3.0ubuntu2.1_amd64.deb ...\r\nUnpacking python3-apt (2.3.0ubuntu2.1) ...\r\nSelecting previously unselected package python3-pkg-resources.\r\nPreparing to unpack .../027-python3-pkg-resources_59.6.0-1.2_all.deb ...\r\nUnpacking python3-pkg-resources (59.6.0-1.2) ...\r\nSelecting previously unselected package shared-mime-info.\r\nPreparing to unpack .../028-shared-mime-info_2.1-2_amd64.deb ...\r\nUnpacking shared-mime-info (2.1-2) ...\r\nSelecting previously unselected package systemd-timesyncd.\r\nPreparing to unpack .../029-systemd-timesyncd_249.11-0ubuntu3.6_amd64.deb ...\r\nUnpacking systemd-timesyncd (249.11-0ubuntu3.6) ...\r\nSelecting previously unselected package ucf.\r\nPreparing to unpack .../030-ucf_3.0043_all.deb ...\r\nMoving old data out of the way\r\nUnpacking ucf (3.0043) ...\r\nSelecting previously unselected package xdg-user-dirs.\r\nPreparing to unpack .../031-xdg-user-dirs_0.17-2ubuntu4_amd64.deb ...\r\nUnpacking xdg-user-dirs (0.17-2ubuntu4) ...\r\nSelecting previously unselected package libnghttp2-14:amd64.\r\nPreparing to unpack .../032-libnghttp2-14_1.43.0-1build3_amd64.deb ...\r\nUnpacking libnghttp2-14:amd64 (1.43.0-1build3) ...\r\nSelecting previously unselected package libpsl5:amd64.\r\nPreparing to unpack .../033-libpsl5_0.21.0-1.2build2_amd64.deb ...\r\nUnpacking libpsl5:amd64 (0.21.0-1.2build2) ...\r\nSelecting previously unselected package publicsuffix.\r\nPreparing to unpack .../034-publicsuffix_20211207.1025-1_all.deb ...\r\nUnpacking publicsuffix (20211207.1025-1) ...\r\nSelecting previously unselected package python3-distro-info.\r\nPreparing to unpack .../035-python3-distro-info_1.1build1_all.deb ...\r\nUnpacking python3-distro-info (1.1build1) ...\r\nSelecting previously unselected package xz-utils.\r\nPreparing to unpack .../036-xz-utils_5.2.5-2ubuntu1_amd64.deb ...\r\nUnpacking xz-utils (5.2.5-2ubuntu1) ...\r\nSelecting previously unselected package libbrotli1:amd64.\r\nPreparing to unpack .../037-libbrotli1_1.0.9-2build6_amd64.deb ...\r\nUnpacking libbrotli1:amd64 (1.0.9-2build6) ...\r\nSelecting previously unselected package libsasl2-modules-db:amd64.\r\nPreparing to unpack .../038-libsasl2-modules-db_2.1.27+dfsg2-3ubuntu1_amd64.deb ...\r\nUnpacking libsasl2-modules-db:amd64 (2.1.27+dfsg2-3ubuntu1) ...\r\nSelecting previously unselected package libsasl2-2:amd64.\r\nPreparing to unpack .../039-libsasl2-2_2.1.27+dfsg2-3ubuntu1_amd64.deb ...\r\nUnpacking libsasl2-2:amd64 (2.1.27+dfsg2-3ubuntu1) ...\r\nSelecting previously unselected package libldap-2.5-0:amd64.\r\nPreparing to unpack .../040-libldap-2.5-0_2.5.13+dfsg-0ubuntu0.22.04.1_amd64.deb ...\r\nUnpacking libldap-2.5-0:amd64 (2.5.13+dfsg-0ubuntu0.22.04.1) ...\r\nSelecting previously unselected package librtmp1:amd64.\r\nPreparing to unpack .../041-librtmp1_2.4+20151223.gitfa8646d.1-2build4_amd64.deb ...\r\nUnpacking librtmp1:amd64 (2.4+20151223.gitfa8646d.1-2build4) ...\r\nSelecting previously unselected package libssh-4:amd64.\r\nPreparing to unpack .../042-libssh-4_0.9.6-2build1_amd64.deb ...\r\nUnpacking libssh-4:amd64 (0.9.6-2build1) ...\r\nSelecting previously unselected package libcurl4:amd64.\r\nPreparing to unpack .../043-libcurl4_7.81.0-1ubuntu1.6_amd64.deb ...\r\nUnpacking libcurl4:amd64 (7.81.0-1ubuntu1.6) ...\r\nSelecting previously unselected package curl.\r\nPreparing to unpack .../044-curl_7.81.0-1ubuntu1.6_amd64.deb ...\r\nUnpacking curl (7.81.0-1ubuntu1.6) ...\r\nSelecting previously unselected package libassuan0:amd64.\r\nPreparing to unpack .../045-libassuan0_2.5.5-1build1_amd64.deb ...\r\nUnpacking libassuan0:amd64 (2.5.5-1build1) ...\r\nSelecting previously unselected package gpgconf.\r\nPreparing to unpack .../046-gpgconf_2.2.27-3ubuntu2.1_amd64.deb ...\r\nUnpacking gpgconf (2.2.27-3ubuntu2.1) ...\r\nSelecting previously unselected package libksba8:amd64.\r\nPreparing to unpack .../047-libksba8_1.6.0-2ubuntu0.1_amd64.deb ...\r\nUnpacking libksba8:amd64 (1.6.0-2ubuntu0.1) ...\r\nSelecting previously unselected package libnpth0:amd64.\r\nPreparing to unpack .../048-libnpth0_1.6-3build2_amd64.deb ...\r\nUnpacking libnpth0:amd64 (1.6-3build2) ...\r\nSelecting previously unselected package dirmngr.\r\nPreparing to unpack .../049-dirmngr_2.2.27-3ubuntu2.1_amd64.deb ...\r\nUnpacking dirmngr (2.2.27-3ubuntu2.1) ...\r\nSelecting previously unselected package libpackagekit-glib2-18:amd64.\r\nPreparing to unpack .../050-libpackagekit-glib2-18_1.2.5-2ubuntu2_amd64.deb ...\r\nUnpacking libpackagekit-glib2-18:amd64 (1.2.5-2ubuntu2) ...\r\nSelecting previously unselected package gir1.2-packagekitglib-1.0.\r\nPreparing to unpack .../051-gir1.2-packagekitglib-1.0_1.2.5-2ubuntu2_amd64.deb ...\r\nUnpacking gir1.2-packagekitglib-1.0 (1.2.5-2ubuntu2) ...\r\nSelecting previously unselected package gnupg-l10n.\r\nPreparing to unpack .../052-gnupg-l10n_2.2.27-3ubuntu2.1_all.deb ...\r\nUnpacking gnupg-l10n (2.2.27-3ubuntu2.1) ...\r\nSelecting previously unselected package gnupg-utils.\r\nPreparing to unpack .../053-gnupg-utils_2.2.27-3ubuntu2.1_amd64.deb ...\r\nUnpacking gnupg-utils (2.2.27-3ubuntu2.1) ...\r\nSelecting previously unselected package gpg.\r\nPreparing to unpack .../054-gpg_2.2.27-3ubuntu2.1_amd64.deb ...\r\nUnpacking gpg (2.2.27-3ubuntu2.1) ...\r\nSelecting previously unselected package pinentry-curses.\r\nPreparing to unpack .../055-pinentry-curses_1.1.1-1build2_amd64.deb ...\r\nUnpacking pinentry-curses (1.1.1-1build2) ...\r\nSelecting previously unselected package gpg-agent.\r\nPreparing to unpack .../056-gpg-agent_2.2.27-3ubuntu2.1_amd64.deb ...\r\nUnpacking gpg-agent (2.2.27-3ubuntu2.1) ...\r\nSelecting previously unselected package gpg-wks-client.\r\nPreparing to unpack .../057-gpg-wks-client_2.2.27-3ubuntu2.1_amd64.deb ...\r\nUnpacking gpg-wks-client (2.2.27-3ubuntu2.1) ...\r\nSelecting previously unselected package gpg-wks-server.\r\nPreparing to unpack .../058-gpg-wks-server_2.2.27-3ubuntu2.1_amd64.deb ...\r\nUnpacking gpg-wks-server (2.2.27-3ubuntu2.1) ...\r\nSelecting previously unselected package gpgsm.\r\nPreparing to unpack .../059-gpgsm_2.2.27-3ubuntu2.1_amd64.deb ...\r\nUnpacking gpgsm (2.2.27-3ubuntu2.1) ...\r\nSelecting previously unselected package gnupg.\r\nPreparing to unpack .../060-gnupg_2.2.27-3ubuntu2.1_all.deb ...\r\nUnpacking gnupg (2.2.27-3ubuntu2.1) ...\r\nSelecting previously unselected package libcurl3-gnutls:amd64.\r\nPreparing to unpack .../061-libcurl3-gnutls_7.81.0-1ubuntu1.6_amd64.deb ...\r\nUnpacking libcurl3-gnutls:amd64 (7.81.0-1ubuntu1.6) ...\r\nSelecting previously unselected package libstemmer0d:amd64.\r\nPreparing to unpack .../062-libstemmer0d_2.2.0-1build1_amd64.deb ...\r\nUnpacking libstemmer0d:amd64 (2.2.0-1build1) ...\r\nSelecting previously unselected package libxmlb2:amd64.\r\nPreparing to unpack .../063-libxmlb2_0.3.6-2build1_amd64.deb ...\r\nUnpacking libxmlb2:amd64 (0.3.6-2build1) ...\r\nSelecting previously unselected package libappstream4:amd64.\r\nPreparing to unpack .../064-libappstream4_0.15.2-2_amd64.deb ...\r\nUnpacking libappstream4:amd64 (0.15.2-2) ...\r\nSelecting previously unselected package libdw1:amd64.\r\nPreparing to unpack .../065-libdw1_0.186-1build1_amd64.deb ...\r\nUnpacking libdw1:amd64 (0.186-1build1) ...\r\nSelecting previously unselected package libglib2.0-bin.\r\nPreparing to unpack .../066-libglib2.0-bin_2.72.4-0ubuntu1_amd64.deb ...\r\nUnpacking libglib2.0-bin (2.72.4-0ubuntu1) ...\r\nSelecting previously unselected package libunwind8:amd64.\r\nPreparing to unpack .../067-libunwind8_1.3.2-2build2_amd64.deb ...\r\nUnpacking libunwind8:amd64 (1.3.2-2build2) ...\r\nSelecting previously unselected package libgstreamer1.0-0:amd64.\r\nPreparing to unpack .../068-libgstreamer1.0-0_1.20.3-0ubuntu1_amd64.deb ...\r\nUnpacking libgstreamer1.0-0:amd64 (1.20.3-0ubuntu1) ...\r\nSelecting previously unselected package libldap-common.\r\nPreparing to unpack .../069-libldap-common_2.5.13+dfsg-0ubuntu0.22.04.1_all.deb ...\r\nUnpacking libldap-common (2.5.13+dfsg-0ubuntu0.22.04.1) ...\r\nSelecting previously unselected package libpolkit-gobject-1-0:amd64.\r\nPreparing to unpack .../070-libpolkit-gobject-1-0_0.105-33_amd64.deb ...\r\nUnpacking libpolkit-gobject-1-0:amd64 (0.105-33) ...\r\nSelecting previously unselected package libpolkit-agent-1-0:amd64.\r\nPreparing to unpack .../071-libpolkit-agent-1-0_0.105-33_amd64.deb ...\r\nUnpacking libpolkit-agent-1-0:amd64 (0.105-33) ...\r\nSelecting previously unselected package libsasl2-modules:amd64.\r\nPreparing to unpack .../072-libsasl2-modules_2.1.27+dfsg2-3ubuntu1_amd64.deb ...\r\nUnpacking libsasl2-modules:amd64 (2.1.27+dfsg2-3ubuntu1) ...\r\nSelecting previously unselected package make.\r\nPreparing to unpack .../073-make_4.3-4.1build1_amd64.deb ...\r\nUnpacking make (4.3-4.1build1) ...\r\nSelecting previously unselected package ninja-build.\r\nPreparing to unpack .../074-ninja-build_1.10.1-1_amd64.deb ...\r\nUnpacking ninja-build (1.10.1-1) ...\r\nSelecting previously unselected package polkitd.\r\nPreparing to unpack .../075-polkitd_0.105-33_amd64.deb ...\r\nUnpacking polkitd (0.105-33) ...\r\nSelecting previously unselected package pkexec.\r\nPreparing to unpack .../076-pkexec_0.105-33_amd64.deb ...\r\nUnpacking pkexec (0.105-33) ...\r\nSelecting previously unselected package policykit-1.\r\nPreparing to unpack .../077-policykit-1_0.105-33_amd64.deb ...\r\nUnpacking policykit-1 (0.105-33) ...\r\nSelecting previously unselected package packagekit.\r\nPreparing to unpack .../078-packagekit_1.2.5-2ubuntu2_amd64.deb ...\r\nUnpacking packagekit (1.2.5-2ubuntu2) ...\r\nSelecting previously unselected package packagekit-tools.\r\nPreparing to unpack .../079-packagekit-tools_1.2.5-2ubuntu2_amd64.deb ...\r\nUnpacking packagekit-tools (1.2.5-2ubuntu2) ...\r\nSelecting previously unselected package python3-blinker.\r\nPreparing to unpack .../080-python3-blinker_1.4+dfsg1-0.4_all.deb ...\r\nUnpacking python3-blinker (1.4+dfsg1-0.4) ...\r\nSelecting previously unselected package python3-cffi-backend:amd64.\r\nPreparing to unpack .../081-python3-cffi-backend_1.15.0-1build2_amd64.deb ...\r\nUnpacking python3-cffi-backend:amd64 (1.15.0-1build2) ...\r\nSelecting previously unselected package python3-cryptography.\r\nPreparing to unpack .../082-python3-cryptography_3.4.8-1ubuntu2_amd64.deb ...\r\nUnpacking python3-cryptography (3.4.8-1ubuntu2) ...\r\nSelecting previously unselected package python3-pyparsing.\r\nPreparing to unpack .../083-python3-pyparsing_2.4.7-1_all.deb ...\r\nUnpacking python3-pyparsing (2.4.7-1) ...\r\nSelecting previously unselected package python3-httplib2.\r\nPreparing to unpack .../084-python3-httplib2_0.20.2-2_all.deb ...\r\nUnpacking python3-httplib2 (0.20.2-2) ...\r\nSelecting previously unselected package python3-more-itertools.\r\nPreparing to unpack .../085-python3-more-itertools_8.10.0-2_all.deb ...\r\nUnpacking python3-more-itertools (8.10.0-2) ...\r\nSelecting previously unselected package python3-zipp.\r\nPreparing to unpack .../086-python3-zipp_1.0.0-3_all.deb ...\r\nUnpacking python3-zipp (1.0.0-3) ...\r\nSelecting previously unselected package python3-importlib-metadata.\r\nPreparing to unpack .../087-python3-importlib-metadata_4.6.4-1_all.deb ...\r\nUnpacking python3-importlib-metadata (4.6.4-1) ...\r\nSelecting previously unselected package python3-jeepney.\r\nPreparing to unpack .../088-python3-jeepney_0.7.1-3_all.deb ...\r\nUnpacking python3-jeepney (0.7.1-3) ...\r\nSelecting previously unselected package python3-jwt.\r\nPreparing to unpack .../089-python3-jwt_2.3.0-1ubuntu0.2_all.deb ...\r\nUnpacking python3-jwt (2.3.0-1ubuntu0.2) ...\r\nSelecting previously unselected package python3-secretstorage.\r\nPreparing to unpack .../090-python3-secretstorage_3.3.1-1_all.deb ...\r\nUnpacking python3-secretstorage (3.3.1-1) ...\r\nSelecting previously unselected package python3-keyring.\r\nPreparing to unpack .../091-python3-keyring_23.5.0-1_all.deb ...\r\nUnpacking python3-keyring (23.5.0-1) ...\r\nSelecting previously unselected package python3-lazr.uri.\r\nPreparing to unpack .../092-python3-lazr.uri_1.0.6-2_all.deb ...\r\nUnpacking python3-lazr.uri (1.0.6-2) ...\r\nSelecting previously unselected package python3-wadllib.\r\nPreparing to unpack .../093-python3-wadllib_1.3.6-1_all.deb ...\r\nUnpacking python3-wadllib (1.3.6-1) ...\r\nSelecting previously unselected package python3-distro.\r\nPreparing to unpack .../094-python3-distro_1.7.0-1_all.deb ...\r\nUnpacking python3-distro (1.7.0-1) ...\r\nSelecting previously unselected package python3-oauthlib.\r\nPreparing to unpack .../095-python3-oauthlib_3.2.0-1ubuntu0.1_all.deb ...\r\nUnpacking python3-oauthlib (3.2.0-1ubuntu0.1) ...\r\nSelecting previously unselected package python3-six.\r\nPreparing to unpack .../096-python3-six_1.16.0-3ubuntu1_all.deb ...\r\nUnpacking python3-six (1.16.0-3ubuntu1) ...\r\nSelecting previously unselected package python3-lazr.restfulclient.\r\nPreparing to unpack .../097-python3-lazr.restfulclient_0.14.4-1_all.deb ...\r\nUnpacking python3-lazr.restfulclient (0.14.4-1) ...\r\nSelecting previously unselected package python3-launchpadlib.\r\nPreparing to unpack .../098-python3-launchpadlib_1.10.16-1_all.deb ...\r\nUnpacking python3-launchpadlib (1.10.16-1) ...\r\nSelecting previously unselected package python3-software-properties.\r\nPreparing to unpack .../099-python3-software-properties_0.99.22.3_all.deb ...\r\nUnpacking python3-software-properties (0.99.22.3) ...\r\nSelecting previously unselected package software-properties-common.\r\nPreparing to unpack .../100-software-properties-common_0.99.22.3_all.deb ...\r\nUnpacking software-properties-common (0.99.22.3) ...\r\nSelecting previously unselected package unattended-upgrades.\r\nPreparing to unpack .../101-unattended-upgrades_2.8ubuntu1_all.deb ...\r\nUnpacking unattended-upgrades (2.8ubuntu1) ...\r\nSelecting previously unselected package gnupg2.\r\nPreparing to unpack .../102-gnupg2_2.2.27-3ubuntu2.1_all.deb ...\r\nUnpacking gnupg2 (2.2.27-3ubuntu2.1) ...\r\nSetting up libksba8:amd64 (1.6.0-2ubuntu0.1) ...\r\nSetting up media-types (7.0.0) ...\r\nSetting up systemd-sysv (249.11-0ubuntu3.6) ...\r\nSetting up libpsl5:amd64 (0.21.0-1.2build2) ...\r\nSetting up apt-utils (2.4.8) ...\r\nSetting up xdg-user-dirs (0.17-2ubuntu4) ...\r\nSetting up libyaml-0-2:amd64 (0.2.2-1build2) ...\r\nSetting up libglib2.0-0:amd64 (2.72.4-0ubuntu1) ...\r\nNo schema files found: doing nothing.\r\nSetting up distro-info-data (0.52ubuntu0.2) ...\r\nSetting up libxmlb2:amd64 (0.3.6-2build1) ...\r\nSetting up libbrotli1:amd64 (1.0.9-2build6) ...\r\nSetting up libsqlite3-0:amd64 (3.37.2-2ubuntu0.1) ...\r\nSetting up libsasl2-modules:amd64 (2.1.27+dfsg2-3ubuntu1) ...\r\nSetting up libnghttp2-14:amd64 (1.43.0-1build3) ...\r\nSetting up libpackagekit-glib2-18:amd64 (1.2.5-2ubuntu2) ...\r\nSetting up libnss-systemd:amd64 (249.11-0ubuntu3.6) ...\r\nFirst installation detected...\r\nChecking NSS setup...\r\nSetting up libnpth0:amd64 (1.6-3build2) ...\r\nSetting up libassuan0:amd64 (2.5.5-1build1) ...\r\nSetting up libldap-common (2.5.13+dfsg-0ubuntu0.22.04.1) ...\r\nSetting up libunwind8:amd64 (1.3.2-2build2) ...\r\nSetting up ninja-build (1.10.1-1) ...\r\nSetting up libsasl2-modules-db:amd64 (2.1.27+dfsg2-3ubuntu1) ...\r\nSetting up libcap2-bin (1:2.44-1build3) ...\r\nSetting up libglib2.0-data (2.72.4-0ubuntu1) ...\r\nSetting up make (4.3-4.1build1) ...\r\nSetting up gnupg-l10n (2.2.27-3ubuntu2.1) ...\r\nSetting up librtmp1:amd64 (2.4+20151223.gitfa8646d.1-2build4) ...\r\nSetting up libdbus-1-3:amd64 (1.12.20-2ubuntu4.1) ...\r\nSetting up dbus (1.12.20-2ubuntu4.1) ...\r\nSetting up xz-utils (5.2.5-2ubuntu1) ...\r\nupdate-alternatives: using /usr/bin/xz to provide /usr/bin/lzma (lzma) in auto mode\r\nupdate-alternatives: warning: skip creation of /usr/share/man/man1/lzma.1.gz because associated file /usr/share/man/man1/xz.1.gz (of link group lzma) doesn't exist\r\nupdate-alternatives: warning: skip creation of /usr/share/man/man1/unlzma.1.gz because associated file /usr/share/man/man1/unxz.1.gz (of link group lzma) doesn't exist\r\nupdate-alternatives: warning: skip creation of /usr/share/man/man1/lzcat.1.gz because associated file /usr/share/man/man1/xzcat.1.gz (of link group lzma) doesn't exist\r\nupdate-alternatives: warning: skip creation of /usr/share/man/man1/lzmore.1.gz because associated file /usr/share/man/man1/xzmore.1.gz (of link group lzma) doesn't exist\r\nupdate-alternatives: warning: skip creation of /usr/share/man/man1/lzless.1.gz because associated file /usr/share/man/man1/xzless.1.gz (of link group lzma) doesn't exist\r\nupdate-alternatives: warning: skip creation of /usr/share/man/man1/lzdiff.1.gz because associated file /usr/share/man/man1/xzdiff.1.gz (of link group lzma) doesn't exist\r\nupdate-alternatives: warning: skip creation of /usr/share/man/man1/lzcmp.1.gz because associated file /usr/share/man/man1/xzcmp.1.gz (of link group lzma) doesn't exist\r\nupdate-alternatives: warning: skip creation of /usr/share/man/man1/lzgrep.1.gz because associated file /usr/share/man/man1/xzgrep.1.gz (of link group lzma) doesn't exist\r\nupdate-alternatives: warning: skip creation of /usr/share/man/man1/lzegrep.1.gz because associated file /usr/share/man/man1/xzegrep.1.gz (of link group lzma) doesn't exist\r\nupdate-alternatives: warning: skip creation of /usr/share/man/man1/lzfgrep.1.gz because associated file /usr/share/man/man1/xzfgrep.1.gz (of link group lzma) doesn't exist\r\nSetting up systemd-timesyncd (249.11-0ubuntu3.6) ...\r\nCreated symlink /etc/systemd/system/dbus-org.freedesktop.timesync1.service → /lib/systemd/system/systemd-timesyncd.service.\r\nCreated symlink /etc/systemd/system/sysinit.target.wants/systemd-timesyncd.service → /lib/systemd/system/systemd-timesyncd.service.\r\nSetting up ucf (3.0043) ...\r\ndebconf: unable to initialize frontend: Dialog\r\ndebconf: (TERM is not set, so the dialog frontend is not usable.)\r\ndebconf: falling back to frontend: Readline\r\ndebconf: unable to initialize frontend: Readline\r\ndebconf: (Can't locate Term/ReadLine.pm in @INC (you may need to install the Term::ReadLine module) (@INC contains: /etc/perl /usr/local/lib/x86_64-linux-gnu/perl/5.34.0 /usr/local/share/perl/5.34.0 /usr/lib/x86_64-linux-gnu/perl5/5.34 /usr/share/perl5 /usr/lib/x86_64-linux-gnu/perl-base /usr/lib/x86_64-linux-gnu/perl/5.34 /usr/share/perl/5.34 /usr/local/lib/site_perl) at /usr/share/perl5/Debconf/FrontEnd/Readline.pm line 7.)\r\ndebconf: falling back to frontend: Teletype\r\nSetting up libsasl2-2:amd64 (2.1.27+dfsg2-3ubuntu1) ...\r\nSetting up libssh-4:amd64 (0.9.6-2build1) ...\r\nSetting up python-apt-common (2.3.0ubuntu2.1) ...\r\nSetting up dmsetup (2:1.02.175-2.1ubuntu4) ...\r\nSetting up libmpdec3:amd64 (2.5.1-2build2) ...\r\nSetting up libpam-systemd:amd64 (249.11-0ubuntu3.6) ...\r\ndebconf: unable to initialize frontend: Dialog\r\ndebconf: (TERM is not set, so the dialog frontend is not usable.)\r\ndebconf: falling back to frontend: Readline\r\ndebconf: unable to initialize frontend: Readline\r\ndebconf: (Can't locate Term/ReadLine.pm in @INC (you may need to install the Term::ReadLine module) (@INC contains: /etc/perl /usr/local/lib/x86_64-linux-gnu/perl/5.34.0 /usr/local/share/perl/5.34.0 /usr/lib/x86_64-linux-gnu/perl5/5.34 /usr/share/perl5 /usr/lib/x86_64-linux-gnu/perl-base /usr/lib/x86_64-linux-gnu/perl/5.34 /usr/share/perl/5.34 /usr/local/lib/site_perl) at /usr/share/perl5/Debconf/FrontEnd/Readline.pm line 7.)\r\ndebconf: falling back to frontend: Teletype\r\nSetting up libgirepository-1.0-1:amd64 (1.72.0-1) ...\r\nSetting up libstemmer0d:amd64 (2.2.0-1build1) ...\r\nSetting up openssl (3.0.2-0ubuntu1.7) ...\r\nSetting up libelf1:amd64 (0.186-1build1) ...\r\nSetting up libpam-cap:amd64 (1:2.44-1build3) ...\r\ndebconf: unable to initialize frontend: Dialog\r\ndebconf: (TERM is not set, so the dialog frontend is not usable.)\r\ndebconf: falling back to frontend: Readline\r\ndebconf: unable to initialize frontend: Readline\r\ndebconf: (Can't locate Term/ReadLine.pm in @INC (you may need to install the Term::ReadLine module) (@INC contains: /etc/perl /usr/local/lib/x86_64-linux-gnu/perl/5.34.0 /usr/local/share/perl/5.34.0 /usr/lib/x86_64-linux-gnu/perl5/5.34 /usr/share/perl5 /usr/lib/x86_64-linux-gnu/perl-base /usr/lib/x86_64-linux-gnu/perl/5.34 /usr/share/perl/5.34 /usr/local/lib/site_perl) at /usr/share/perl5/Debconf/FrontEnd/Readline.pm line 7.)\r\ndebconf: falling back to frontend: Teletype\r\nSetting up readline-common (8.1.2-1) ...\r\nSetting up publicsuffix (20211207.1025-1) ...\r\nSetting up iso-codes (4.9.0-1) ...\r\nSetting up libpolkit-gobject-1-0:amd64 (0.105-33) ...\r\nSetting up libicu70:amd64 (70.1-2) ...\r\nSetting up pinentry-curses (1.1.1-1build2) ...\r\nSetting up libdw1:amd64 (0.186-1build1) ...\r\nSetting up libreadline8:amd64 (8.1.2-1) ...\r\nSetting up libglib2.0-bin (2.72.4-0ubuntu1) ...\r\nSetting up libldap-2.5-0:amd64 (2.5.13+dfsg-0ubuntu0.22.04.1) ...\r\nSetting up libpython3.10-stdlib:amd64 (3.10.6-1~22.04.2) ...\r\nSetting up ca-certificates (20211016ubuntu0.22.04.1) ...\r\ndebconf: unable to initialize frontend: Dialog\r\ndebconf: (TERM is not set, so the dialog frontend is not usable.)\r\ndebconf: falling back to frontend: Readline\r\ndebconf: unable to initialize frontend: Readline\r\ndebconf: (Can't locate Term/ReadLine.pm in @INC (you may need to install the Term::ReadLine module) (@INC contains: /etc/perl /usr/local/lib/x86_64-linux-gnu/perl/5.34.0 /usr/local/share/perl/5.34.0 /usr/lib/x86_64-linux-gnu/perl5/5.34 /usr/share/perl5 /usr/lib/x86_64-linux-gnu/perl-base /usr/lib/x86_64-linux-gnu/perl/5.34 /usr/share/perl/5.34 /usr/local/lib/site_perl) at /usr/share/perl5/Debconf/FrontEnd/Readline.pm line 7.)\r\ndebconf: falling back to frontend: Teletype\r\nUpdating certificates in /etc/ssl/certs...\r\n124 added, 0 removed; done.\r\nSetting up gir1.2-glib-2.0:amd64 (1.72.0-1) ...\r\nSetting up gpgconf (2.2.27-3ubuntu2.1) ...\r\nSetting up libcurl4:amd64 (7.81.0-1ubuntu1.6) ...\r\nSetting up libpolkit-agent-1-0:amd64 (0.105-33) ...\r\nSetting up curl (7.81.0-1ubuntu1.6) ...\r\nSetting up libxml2:amd64 (2.9.13+dfsg-1ubuntu0.2) ...\r\nSetting up polkitd (0.105-33) ...\r\nSetting up gpg (2.2.27-3ubuntu2.1) ...\r\nSetting up libgstreamer1.0-0:amd64 (1.20.3-0ubuntu1) ...\r\nSetcap worked! gst-ptp-helper is not suid!\r\nSetting up libpython3-stdlib:amd64 (3.10.6-1~22.04) ...\r\nSetting up gnupg-utils (2.2.27-3ubuntu2.1) ...\r\nSetting up gpg-agent (2.2.27-3ubuntu2.1) ...\r\nCreated symlink /etc/systemd/user/sockets.target.wants/gpg-agent-browser.socket → /usr/lib/systemd/user/gpg-agent-browser.socket.\r\nCreated symlink /etc/systemd/user/sockets.target.wants/gpg-agent-extra.socket → /usr/lib/systemd/user/gpg-agent-extra.socket.\r\nCreated symlink /etc/systemd/user/sockets.target.wants/gpg-agent-ssh.socket → /usr/lib/systemd/user/gpg-agent-ssh.socket.\r\nCreated symlink /etc/systemd/user/sockets.target.wants/gpg-agent.socket → /usr/lib/systemd/user/gpg-agent.socket.\r\nSetting up python3.10 (3.10.6-1~22.04.2) ...\r\nSetting up gpgsm (2.2.27-3ubuntu2.1) ...\r\nSetting up pkexec (0.105-33) ...\r\nSetting up libcurl3-gnutls:amd64 (7.81.0-1ubuntu1.6) ...\r\nSetting up python3 (3.10.6-1~22.04) ...\r\nrunning python rtupdate hooks for python3.10...\r\nrunning python post-rtupdate hooks for python3.10...\r\nSetting up libappstream4:amd64 (0.15.2-2) ...\r\nSetting up python3-six (1.16.0-3ubuntu1) ...\r\nSetting up dirmngr (2.2.27-3ubuntu2.1) ...\r\nCreated symlink /etc/systemd/user/sockets.target.wants/dirmngr.socket → /usr/lib/systemd/user/dirmngr.socket.\r\nSetting up gir1.2-packagekitglib-1.0 (1.2.5-2ubuntu2) ...\r\nSetting up python3-pyparsing (2.4.7-1) ...\r\nSetting up python3-gi (3.42.1-0ubuntu1) ...\r\nSetting up shared-mime-info (2.1-2) ...\r\nSetting up python3-jeepney (0.7.1-3) ...\r\nSetting up gpg-wks-server (2.2.27-3ubuntu2.1) ...\r\nSetting up python3-httplib2 (0.20.2-2) ...\r\nSetting up lsb-release (11.1.0ubuntu4) ...\r\nSetting up python3-distro-info (1.1build1) ...\r\nSetting up policykit-1 (0.105-33) ...\r\nSetting up python3-cffi-backend:amd64 (1.15.0-1build2) ...\r\nSetting up python3-blinker (1.4+dfsg1-0.4) ...\r\nSetting up python3-pkg-resources (59.6.0-1.2) ...\r\nSetting up python3-more-itertools (8.10.0-2) ...\r\nSetting up python3-dbus (1.2.18-3build1) ...\r\nSetting up python3-distro (1.7.0-1) ...\r\nSetting up gpg-wks-client (2.2.27-3ubuntu2.1) ...\r\nSetting up python3-jwt (2.3.0-1ubuntu0.2) ...\r\nSetting up python3-apt (2.3.0ubuntu2.1) ...\r\nSetting up python3-lazr.uri (1.0.6-2) ...\r\nSetting up python3-zipp (1.0.0-3) ...\r\nSetting up unattended-upgrades (2.8ubuntu1) ...\r\ndebconf: unable to initialize frontend: Dialog\r\ndebconf: (TERM is not set, so the dialog frontend is not usable.)\r\ndebconf: falling back to frontend: Readline\r\ndebconf: unable to initialize frontend: Readline\r\ndebconf: (Can't locate Term/ReadLine.pm in @INC (you may need to install the Term::ReadLine module) (@INC contains: /etc/perl /usr/local/lib/x86_64-linux-gnu/perl/5.34.0 /usr/local/share/perl/5.34.0 /usr/lib/x86_64-linux-gnu/perl5/5.34 /usr/share/perl5 /usr/lib/x86_64-linux-gnu/perl-base /usr/lib/x86_64-linux-gnu/perl/5.34 /usr/share/perl/5.34 /usr/local/lib/site_perl) at /usr/share/perl5/Debconf/FrontEnd/Readline.pm line 7.)\r\ndebconf: falling back to frontend: Teletype\r\n\r\nCreating config file /etc/apt/apt.conf.d/20auto-upgrades with new version\r\n\r\nCreating config file /etc/apt/apt.conf.d/50unattended-upgrades with new version\r\nCreated symlink /etc/systemd/system/multi-user.target.wants/unattended-upgrades.service → /lib/systemd/system/unattended-upgrades.service.\r\nSetting up python3-cryptography (3.4.8-1ubuntu2) ...\r\nSetting up python3-wadllib (1.3.6-1) ...\r\nSetting up gnupg (2.2.27-3ubuntu2.1) ...\r\nSetting up packagekit (1.2.5-2ubuntu2) ...\r\ninvoke-rc.d: could not determine current runlevel\r\ninvoke-rc.d: policy-rc.d denied execution of force-reload.\r\nFailed to open connection to \"system\" message bus: Failed to connect to socket /run/dbus/system_bus_socket: No such file or directory\r\nCreated symlink /etc/systemd/user/sockets.target.wants/pk-debconf-helper.socket → /usr/lib/systemd/user/pk-debconf-helper.socket.\r\nSetting up networkd-dispatcher (2.1-2ubuntu0.22.04.2) ...\r\nCreated symlink /etc/systemd/system/multi-user.target.wants/networkd-dispatcher.service → /lib/systemd/system/networkd-dispatcher.service.\r\nSetting up packagekit-tools (1.2.5-2ubuntu2) ...\r\nSetting up gnupg2 (2.2.27-3ubuntu2.1) ...\r\nSetting up python3-importlib-metadata (4.6.4-1) ...\r\nSetting up python3-oauthlib (3.2.0-1ubuntu0.1) ...\r\nSetting up python3-secretstorage (3.3.1-1) ...\r\nSetting up python3-keyring (23.5.0-1) ...\r\nSetting up python3-lazr.restfulclient (0.14.4-1) ...\r\nSetting up python3-launchpadlib (1.10.16-1) ...\r\nSetting up python3-software-properties (0.99.22.3) ...\r\nSetting up software-properties-common (0.99.22.3) ...\r\nProcessing triggers for libc-bin (2.35-0ubuntu3.1) ...\r\nProcessing triggers for ca-certificates (20211016ubuntu0.22.04.1) ...\r\nUpdating certificates in /etc/ssl/certs...\r\n0 added, 0 removed; done.\r\nRunning hooks in /etc/ca-certificates/update.d...\r\ndone.\r\nProcessing triggers for dbus (1.12.20-2ubuntu4.1) ...\r\nRemoving intermediate container 4a8d9fabe8ff\n ---> b6784ac7f2b5\nStep 4/19 : RUN apt-get -y install wget\n ---> Running in 89003c3feabb\nReading package lists...\nBuilding dependency tree...\nReading state information...\nThe following NEW packages will be installed:\n  wget\n0 upgraded, 1 newly installed, 0 to remove and 0 not upgraded.\nNeed to get 367 kB of archives.\nAfter this operation, 1008 kB of additional disk space will be used.\nGet:1 http://archive.ubuntu.com/ubuntu jammy/main amd64 wget amd64 1.21.2-2ubuntu1 [367 kB]\n\u001b[91mdebconf: unable to initialize frontend: Dialog\ndebconf: (TERM is not set, so the dialog frontend is not usable.)\ndebconf: falling back to frontend: Readline\n\u001b[0m\u001b[91mdebconf: unable to initialize frontend: Readline\ndebconf: (Can't locate Term/ReadLine.pm in @INC (you may need to install the Term::ReadLine module) (@INC contains: /etc/perl /usr/local/lib/x86_64-linux-gnu/perl/5.34.0 /usr/local/share/perl/5.34.0 /usr/lib/x86_64-linux-gnu/perl5/5.34 /usr/share/perl5 /usr/lib/x86_64-linux-gnu/perl-base /usr/lib/x86_64-linux-gnu/perl/5.34 /usr/share/perl/5.34 /usr/local/lib/site_perl) at /usr/share/perl5/Debconf/FrontEnd/Readline.pm line 7, <> line 1.)\ndebconf: falling back to frontend: Teletype\n\u001b[0m\u001b[91mdpkg-preconfigure: unable to re-open stdin: \n\u001b[0mFetched 367 kB in 1s (466 kB/s)\nSelecting previously unselected package wget.\r\n(Reading database ... \r(Reading database ... 5%\r(Reading database ... 10%\r(Reading database ... 15%\r(Reading database ... 20%\r(Reading database ... 25%\r(Reading database ... 30%\r(Reading database ... 35%\r(Reading database ... 40%\r(Reading database ... 45%\r(Reading database ... 50%\r(Reading database ... 55%\r(Reading database ... 60%\r(Reading database ... 65%\r(Reading database ... 70%\r(Reading database ... 75%\r(Reading database ... 80%\r(Reading database ... 85%\r(Reading database ... 90%\r(Reading database ... 95%\r(Reading database ... 100%\r(Reading database ... 9727 files and directories currently installed.)\r\nPreparing to unpack .../wget_1.21.2-2ubuntu1_amd64.deb ...\r\nUnpacking wget (1.21.2-2ubuntu1) ...\r\nSetting up wget (1.21.2-2ubuntu1) ...\r\nRemoving intermediate container 89003c3feabb\n ---> 0edc6bfba376\nStep 5/19 : RUN wget https://apt.llvm.org/llvm.sh\n ---> Running in 125a9b9747db\n\u001b[91m--2022-12-31 19:18:04--  https://apt.llvm.org/llvm.sh\n\u001b[0m\u001b[91mResolving apt.llvm.org (apt.llvm.org)... \u001b[0m\u001b[91m151.101.86.49, 2a04:4e42:14::561\nConnecting to apt.llvm.org (apt.llvm.org)|151.101.86.49|:443... \u001b[0m\u001b[91mconnected.\n\u001b[0m\u001b[91mHTTP request sent, awaiting response... \u001b[0m\u001b[91m200 OK\nLength: 5174 (5.1K) [application/octet-stream]\n\u001b[0m\u001b[91mSaving to: 'llvm.sh'\n\u001b[0m\u001b[91m\n     0K .\u001b[0m\u001b[91m.\u001b[0m\u001b[91m..\u001b[0m\u001b[91m.        \u001b[0m\u001b[91m     \u001b[0m\u001b[91m \u001b[0m\u001b[91m    \u001b[0m\u001b[91m                               100% 14.3M=0s\n\n\u001b[0m\u001b[91m2022-12-31 19:18:05 (14.3 MB/s) - 'llvm.sh' saved [5174/5174]\n\n\u001b[0mRemoving intermediate container 125a9b9747db\n ---> 2003cb560115\nStep 6/19 : RUN chmod +x llvm.sh\n ---> Running in ddb098544864\nRemoving intermediate container ddb098544864\n ---> d2e0464526b4\nStep 7/19 : RUN ./llvm.sh 13 all\n ---> Running in 0138c093b149\n\u001b[91m+ CURRENT_LLVM_STABLE=15\n+ BASE_URL=http://apt.llvm.org\n+ needed_binaries=(lsb_release wget add-apt-repository gpg)\n+ missing_binaries=()\n\u001b[0m\u001b[91m+ for binary in \"${needed_binaries[@]}\"\n+ which lsb_release\n\u001b[0m\u001b[91m+ for binary in \"${needed_binaries[@]}\"\n+ which wget\n\u001b[0m\u001b[91m+ for binary in \"${needed_binaries[@]}\"\n+ which add-apt-repository\n\u001b[0m\u001b[91m+ for binary in \"${needed_binaries[@]}\"\n+ which gpg\n\u001b[0m\u001b[91m+ [[ 0 -gt 0 ]]\n+ LLVM_VERSION=15\n+ ALL=0\n\u001b[0m\u001b[91m++ lsb_release -is\n\u001b[0m\u001b[91m+ DISTRO=Ubuntu\n\u001b[0m\u001b[91m++ lsb_release -sr\n\u001b[0m\u001b[91m+ VERSION=22.04\n+ UBUNTU_CODENAME=\n+ CODENAME_FROM_ARGUMENTS=\n\u001b[0m\u001b[91m+ source /etc/os-release\n\u001b[0m\u001b[91m++ PRETTY_NAME='Ubuntu 22.04.1 LTS'\n++ NAME=Ubuntu\n++ VERSION_ID=22.04\n++ VERSION='22.04.1 LTS (Jammy Jellyfish)'\n++ VERSION_CODENAME=jammy\n++ ID=ubuntu\n++ ID_LIKE=debian\n\u001b[0m\u001b[91m++ HOME_URL=https://www.ubuntu.com/\n++ SUPPORT_URL=https://help.ubuntu.com/\n++ BUG_REPORT_URL=https://bugs.launchpad.net/ubuntu/\n\u001b[0m\u001b[91m++ PRIVACY_POLICY_URL=https://www.ubuntu.com/legal/terms-and-policies/privacy-policy\n++ UBUNTU_CODENAME=jammy\n\u001b[0m\u001b[91m+ DISTRO=ubuntu\n\u001b[0m\u001b[91m+ case ${DISTRO} in\n+ [[ -n jammy ]]\n+ CODENAME=jammy\n\u001b[0m\u001b[91m+ [[ -n jammy ]]\n+ LINKNAME=-jammy\n\u001b[0m\u001b[91m+ '[' 2 -ge 1 ']'\n\u001b[0m\u001b[91m+ '[' 1 '!=' - ']'\n+ '[' 13 '!=' all ']'\n\u001b[0m\u001b[91m+ LLVM_VERSION=13\n+ OPTIND=2\n+ '[' 2 -ge 2 ']'\n\u001b[0m\u001b[91m+ '[' all == all ']'\n+ ALL=1\n+ OPTIND=3\n\u001b[0m\u001b[91m+ getopts :hm:n: arg\n\u001b[0m\u001b[91m+ [[ 0 -ne 0 ]]\n\u001b[0m\u001b[91m+ declare -A LLVM_VERSION_PATTERNS\n\u001b[0m\u001b[91m+ LLVM_VERSION_PATTERNS[9]=-9\n\u001b[0m\u001b[91m+ LLVM_VERSION_PATTERNS[10]=-10\n+ LLVM_VERSION_PATTERNS[11]=-11\n+ LLVM_VERSION_PATTERNS[12]=-12\n\u001b[0m\u001b[91m+ LLVM_VERSION_PATTERNS[13]=-13\n\u001b[0m\u001b[91m+ LLVM_VERSION_PATTERNS[14]=-14\n\u001b[0m\u001b[91m+ LLVM_VERSION_PATTERNS[15]=-15\n\u001b[0m\u001b[91m+ LLVM_VERSION_PATTERNS[16]=\n\u001b[0m\u001b[91m+ '[' '!' _ ']'\n\u001b[0m\u001b[91m+ LLVM_VERSION_STRING=-13\n\u001b[0m\u001b[91m+ [[ -n jammy ]]\n+ REPO_NAME='deb http://apt.llvm.org/jammy/  llvm-toolchain-jammy-13 main'\n\u001b[0m\u001b[91m+ wget -q --method=HEAD http://apt.llvm.org/jammy\n\u001b[0m\u001b[91m++ apt-key list\n++ grep -i llvm\n\u001b[0m\u001b[91mWarning: apt-key is deprecated. Manage keyring files in trusted.gpg.d instead (see apt-key(8)).\n\u001b[0m\u001b[91m+ [[ -z '' ]]\n\u001b[0m\u001b[91m+ wget -O - https://apt.llvm.org/llvm-snapshot.gpg.key\n\u001b[0m\u001b[91m+ apt-key add -\n\u001b[0m\u001b[91m--2022-12-31 19:18:09--  https://apt.llvm.org/llvm-snapshot.gpg.key\n\u001b[0m\u001b[91mResolving apt.llvm.org (apt.llvm.org)... \u001b[0m\u001b[91m151.101.86.49, 2a04:4e42:14::561\nConnecting to apt.llvm.org (apt.llvm.org)|151.101.86.49|:443... \u001b[0m\u001b[91mconnected.\n\u001b[0m\u001b[91mHTTP request sent, awaiting response... \u001b[0m\u001b[91mWarning: apt-key is deprecated. Manage keyring files in trusted.gpg.d instead (see apt-key(8)).\n\u001b[0m\u001b[91m200 OK\nLength: 3145 (3.1K) [application/octet-stream]\nSaving to: 'STDOUT'\n\u001b[0m\u001b[91m\n     0K ..\u001b[0m\u001b[91m.                          \u001b[0m\u001b[91m           \u001b[0m\u001b[91m        \u001b[0m\u001b[91m     \u001b[0m\u001b[91m 100%\u001b[0m\u001b[91m 27.9M=0s\n\n\u001b[0m\u001b[91m2022-12-31 19:18:09 (27.9 MB/s) - written to stdout [3145/3145]\n\n\u001b[0mOK\n\u001b[91m+ add-apt-repository 'deb http://apt.llvm.org/jammy/  llvm-toolchain-jammy-13 main'\n\u001b[0mHit:2 http://archive.ubuntu.com/ubuntu jammy InRelease\nHit:3 http://security.ubuntu.com/ubuntu jammy-security InRelease\nHit:4 http://archive.ubuntu.com/ubuntu jammy-updates InRelease\nHit:5 http://archive.ubuntu.com/ubuntu jammy-backports InRelease\nGet:1 https://apt.llvm.org/jammy llvm-toolchain-jammy-13 InRelease [6827 B]\nGet:6 https://apt.llvm.org/jammy llvm-toolchain-jammy-13/main amd64 Packages [10.6 kB]\nFetched 17.5 kB in 2s (9690 B/s)\nReading package lists...\n\u001b[91mW: http://apt.llvm.org/jammy/dists/llvm-toolchain-jammy-13/InRelease: Key is stored in legacy trusted.gpg keyring (/etc/apt/trusted.gpg), see the DEPRECATION section in apt-key(8) for details.\n\u001b[0mRepository: 'deb http://apt.llvm.org/jammy/ llvm-toolchain-jammy-13 main'\nDescription:\nArchive for codename: llvm-toolchain-jammy-13 components: main\nMore info: http://apt.llvm.org/jammy/\nAdding repository.\nAdding deb entry to /etc/apt/sources.list.d/archive_uri-http_apt_llvm_org_jammy_-jammy.list\nAdding disabled deb-src entry to /etc/apt/sources.list.d/archive_uri-http_apt_llvm_org_jammy_-jammy.list\n\u001b[91m+ apt-get update\n\u001b[0mHit:1 https://apt.llvm.org/jammy llvm-toolchain-jammy-13 InRelease\nHit:2 http://archive.ubuntu.com/ubuntu jammy InRelease\nHit:3 http://security.ubuntu.com/ubuntu jammy-security InRelease\nHit:4 http://archive.ubuntu.com/ubuntu jammy-updates InRelease\nHit:5 http://archive.ubuntu.com/ubuntu jammy-backports InRelease\nReading package lists...\n\u001b[91mW: http://apt.llvm.org/jammy/dists/llvm-toolchain-jammy-13/InRelease: Key is stored in legacy trusted.gpg keyring (/etc/apt/trusted.gpg), see the DEPRECATION section in apt-key(8) for details.\n\u001b[0m\u001b[91m+ PKG='clang-13 lldb-13 lld-13 clangd-13'\n\u001b[0m\u001b[91m+ [[ 1 -eq 1 ]]\n\u001b[0m\u001b[91m+ PKG='clang-13 lldb-13 lld-13 clangd-13 clang-tidy-13 clang-format-13 clang-tools-13 llvm-13-dev lld-13 lldb-13 llvm-13-tools libomp-13-dev libc++-13-dev libc++abi-13-dev libclang-common-13-dev libclang-13-dev libclang-cpp13-dev libunwind-13-dev'\n\u001b[0m\u001b[91m+ apt-get install -y clang-13 lldb-13 lld-13 clangd-13 clang-tidy-13 clang-format-13 clang-tools-13 llvm-13-dev lld-13 lldb-13 llvm-13-tools libomp-13-dev libc++-13-dev libc++abi-13-dev libclang-common-13-dev libclang-13-dev libclang-cpp13-dev libunwind-13-dev\n\u001b[0mReading package lists...\nBuilding dependency tree...\nReading state information...\nThe following additional packages will be installed:\n  binfmt-support binutils binutils-common binutils-x86-64-linux-gnu\n  fontconfig-config fonts-dejavu-core gcc-11-base icu-devtools lib32gcc-s1\n  lib32stdc++6 libabsl20210324 libasan6 libatomic1 libbinutils libbsd0\n  libc++1-13 libc++abi1-13 libc-ares2 libc-dev-bin libc-devtools libc6-dev\n  libc6-i386 libclang-cpp13 libclang1-13 libcrypt-dev libctf-nobfd0 libctf0\n  libdeflate0 libedit2 libffi-dev libfontconfig1 libfreetype6 libgc1\n  libgcc-11-dev libgd3 libgomp1 libgrpc++1 libgrpc10 libicu-dev libitm1\n  libjbig0 libjpeg-turbo8 libjpeg8 liblldb-13 libllvm13 liblsan0 libmd0\n  libncurses-dev libnsl-dev libobjc-11-dev libobjc4 libomp5-13 libpfm4\n  libpipeline1 libpng16-16 libprotobuf23 libpython3.10 libquadmath0\n  libstdc++-11-dev libtiff5 libtinfo-dev libtirpc-dev libtsan0 libubsan1\n  libunwind-13 libwebp7 libx11-6 libx11-data libxau6 libxcb1 libxdmcp6\n  libxml2-dev libxpm4 libz3-4 libz3-dev linux-libc-dev llvm-13\n  llvm-13-linker-tools llvm-13-runtime manpages manpages-dev python3-lldb-13\n  python3-pygments python3-yaml rpcsvc-proto\nSuggested packages:\n  binutils-doc clang-13-doc clang glibc-doc libgd-tools icu-doc ncurses-doc\n  libomp-13-doc libstdc++-11-doc pkg-config llvm-13-doc man-browser\n  python-pygments-doc ttf-bitstream-vera\nThe following NEW packages will be installed:\n  binfmt-support binutils binutils-common binutils-x86-64-linux-gnu clang-13\n  clang-format-13 clang-tidy-13 clang-tools-13 clangd-13 fontconfig-config\n  fonts-dejavu-core gcc-11-base icu-devtools lib32gcc-s1 lib32stdc++6\n  libabsl20210324 libasan6 libatomic1 libbinutils libbsd0 libc++-13-dev\n  libc++1-13 libc++abi-13-dev libc++abi1-13 libc-ares2 libc-dev-bin\n  libc-devtools libc6-dev libc6-i386 libclang-13-dev libclang-common-13-dev\n  libclang-cpp13 libclang-cpp13-dev libclang1-13 libcrypt-dev libctf-nobfd0\n  libctf0 libdeflate0 libedit2 libffi-dev libfontconfig1 libfreetype6 libgc1\n  libgcc-11-dev libgd3 libgomp1 libgrpc++1 libgrpc10 libicu-dev libitm1\n  libjbig0 libjpeg-turbo8 libjpeg8 liblldb-13 libllvm13 liblsan0 libmd0\n  libncurses-dev libnsl-dev libobjc-11-dev libobjc4 libomp-13-dev libomp5-13\n  libpfm4 libpipeline1 libpng16-16 libprotobuf23 libpython3.10 libquadmath0\n  libstdc++-11-dev libtiff5 libtinfo-dev libtirpc-dev libtsan0 libubsan1\n  libunwind-13 libunwind-13-dev libwebp7 libx11-6 libx11-data libxau6 libxcb1\n  libxdmcp6 libxml2-dev libxpm4 libz3-4 libz3-dev linux-libc-dev lld-13\n  lldb-13 llvm-13 llvm-13-dev llvm-13-linker-tools llvm-13-runtime\n  llvm-13-tools manpages manpages-dev python3-lldb-13 python3-pygments\n  python3-yaml rpcsvc-proto\n0 upgraded, 101 newly installed, 0 to remove and 0 not upgraded.\nNeed to get 195 MB of archives.\nAfter this operation, 1132 MB of additional disk space will be used.\nGet:1 http://archive.ubuntu.com/ubuntu jammy/main amd64 libmd0 amd64 1.0.4-1build1 [23.0 kB]\nGet:2 http://archive.ubuntu.com/ubuntu jammy/main amd64 libbsd0 amd64 0.11.5-1 [44.8 kB]\nGet:3 http://archive.ubuntu.com/ubuntu jammy/main amd64 python3-yaml amd64 5.4.1-1ubuntu1 [129 kB]\nGet:4 http://archive.ubuntu.com/ubuntu jammy/main amd64 libedit2 amd64 3.1-20210910-1build1 [96.8 kB]\nGet:5 http://archive.ubuntu.com/ubuntu jammy/main amd64 libpipeline1 amd64 1.5.5-1 [23.5 kB]\nGet:6 http://archive.ubuntu.com/ubuntu jammy/main amd64 libpng16-16 amd64 1.6.37-3build5 [191 kB]\nGet:7 http://archive.ubuntu.com/ubuntu jammy/main amd64 libxau6 amd64 1:1.0.9-1build5 [7634 B]\nGet:8 http://archive.ubuntu.com/ubuntu jammy/main amd64 libxdmcp6 amd64 1:1.1.3-0ubuntu5 [10.9 kB]\nGet:9 http://archive.ubuntu.com/ubuntu jammy/main amd64 libxcb1 amd64 1.14-3ubuntu3 [49.0 kB]\nGet:10 http://archive.ubuntu.com/ubuntu jammy/main amd64 libx11-data all 2:1.7.5-1 [119 kB]\nGet:11 http://archive.ubuntu.com/ubuntu jammy/main amd64 libx11-6 amd64 2:1.7.5-1 [666 kB]\nGet:12 http://archive.ubuntu.com/ubuntu jammy/main amd64 manpages all 5.10-1ubuntu1 [1375 kB]\nGet:13 http://archive.ubuntu.com/ubuntu jammy/main amd64 binfmt-support amd64 2.2.1-2 [55.8 kB]\nGet:14 http://archive.ubuntu.com/ubuntu jammy-updates/main amd64 binutils-common amd64 2.38-4ubuntu2.1 [221 kB]\nGet:15 http://archive.ubuntu.com/ubuntu jammy-updates/main amd64 libbinutils amd64 2.38-4ubuntu2.1 [661 kB]\nGet:16 http://archive.ubuntu.com/ubuntu jammy-updates/main amd64 libctf-nobfd0 amd64 2.38-4ubuntu2.1 [107 kB]\nGet:17 http://archive.ubuntu.com/ubuntu jammy-updates/main amd64 libctf0 amd64 2.38-4ubuntu2.1 [103 kB]\nGet:18 http://archive.ubuntu.com/ubuntu jammy-updates/main amd64 binutils-x86-64-linux-gnu amd64 2.38-4ubuntu2.1 [2328 kB]\nGet:19 http://archive.ubuntu.com/ubuntu jammy-updates/main amd64 binutils amd64 2.38-4ubuntu2.1 [3198 B]\nGet:20 http://archive.ubuntu.com/ubuntu jammy-updates/main amd64 libllvm13 amd64 1:13.0.1-2ubuntu2.1 [22.2 MB]\nGet:21 http://archive.ubuntu.com/ubuntu jammy-updates/main amd64 libclang-cpp13 amd64 1:13.0.1-2ubuntu2.1 [11.8 MB]\nGet:22 http://archive.ubuntu.com/ubuntu jammy-updates/main amd64 gcc-11-base amd64 11.3.0-1ubuntu1~22.04 [20.8 kB]\nGet:23 http://archive.ubuntu.com/ubuntu jammy-updates/main amd64 libgomp1 amd64 12.1.0-2ubuntu1~22.04 [126 kB]\nGet:24 http://archive.ubuntu.com/ubuntu jammy-updates/main amd64 libitm1 amd64 12.1.0-2ubuntu1~22.04 [30.2 kB]\nGet:25 http://archive.ubuntu.com/ubuntu jammy-updates/main amd64 libatomic1 amd64 12.1.0-2ubuntu1~22.04 [10.4 kB]\nGet:26 http://archive.ubuntu.com/ubuntu jammy-updates/main amd64 libasan6 amd64 11.3.0-1ubuntu1~22.04 [2284 kB]\nGet:27 http://archive.ubuntu.com/ubuntu jammy-updates/main amd64 liblsan0 amd64 12.1.0-2ubuntu1~22.04 [1069 kB]\nGet:28 http://archive.ubuntu.com/ubuntu jammy-updates/main amd64 libtsan0 amd64 11.3.0-1ubuntu1~22.04 [2262 kB]\nGet:29 http://archive.ubuntu.com/ubuntu jammy-updates/main amd64 libubsan1 amd64 12.1.0-2ubuntu1~22.04 [976 kB]\nGet:30 http://archive.ubuntu.com/ubuntu jammy-updates/main amd64 libquadmath0 amd64 12.1.0-2ubuntu1~22.04 [154 kB]\nGet:31 http://archive.ubuntu.com/ubuntu jammy-updates/main amd64 libgcc-11-dev amd64 11.3.0-1ubuntu1~22.04 [2517 kB]\nGet:32 http://archive.ubuntu.com/ubuntu jammy-updates/main amd64 libc-dev-bin amd64 2.35-0ubuntu3.1 [20.4 kB]\nGet:33 http://archive.ubuntu.com/ubuntu jammy-updates/main amd64 linux-libc-dev amd64 5.15.0-56.62 [1333 kB]\nGet:34 http://archive.ubuntu.com/ubuntu jammy/main amd64 libcrypt-dev amd64 1:4.4.27-1 [112 kB]\nGet:35 http://archive.ubuntu.com/ubuntu jammy/main amd64 rpcsvc-proto amd64 1.4.2-0ubuntu6 [68.5 kB]\nGet:36 http://archive.ubuntu.com/ubuntu jammy-updates/main amd64 libtirpc-dev amd64 1.3.2-2ubuntu0.1 [192 kB]\nGet:37 http://archive.ubuntu.com/ubuntu jammy/main amd64 libnsl-dev amd64 1.3.0-2build2 [71.3 kB]\nGet:38 http://archive.ubuntu.com/ubuntu jammy-updates/main amd64 libc6-dev amd64 2.35-0ubuntu3.1 [2099 kB]\nGet:39 http://archive.ubuntu.com/ubuntu jammy-updates/main amd64 libstdc++-11-dev amd64 11.3.0-1ubuntu1~22.04 [2087 kB]\nGet:40 http://archive.ubuntu.com/ubuntu jammy/main amd64 libgc1 amd64 1:8.0.6-1.1build1 [96.8 kB]\nGet:41 http://archive.ubuntu.com/ubuntu jammy-updates/universe amd64 libobjc4 amd64 12.1.0-2ubuntu1~22.04 [48.7 kB]\nGet:42 http://archive.ubuntu.com/ubuntu jammy-updates/universe amd64 libobjc-11-dev amd64 11.3.0-1ubuntu1~22.04 [196 kB]\nGet:43 http://archive.ubuntu.com/ubuntu jammy-updates/main amd64 libc6-i386 amd64 2.35-0ubuntu3.1 [2837 kB]\nGet:44 http://archive.ubuntu.com/ubuntu jammy-updates/main amd64 lib32gcc-s1 amd64 12.1.0-2ubuntu1~22.04 [64.5 kB]\nGet:45 http://archive.ubuntu.com/ubuntu jammy-updates/main amd64 lib32stdc++6 amd64 12.1.0-2ubuntu1~22.04 [737 kB]\nGet:46 http://archive.ubuntu.com/ubuntu jammy-updates/universe amd64 libclang-common-13-dev amd64 1:13.0.1-2ubuntu2.1 [5788 kB]\nGet:47 http://archive.ubuntu.com/ubuntu jammy-updates/main amd64 llvm-13-linker-tools amd64 1:13.0.1-2ubuntu2.1 [1313 kB]\nGet:48 http://archive.ubuntu.com/ubuntu jammy-updates/universe amd64 libclang1-13 amd64 1:13.0.1-2ubuntu2.1 [6879 kB]\nGet:49 http://archive.ubuntu.com/ubuntu jammy-updates/universe amd64 clang-13 amd64 1:13.0.1-2ubuntu2.1 [80.3 kB]\nGet:50 http://archive.ubuntu.com/ubuntu jammy-updates/universe amd64 clang-format-13 amd64 1:13.0.1-2ubuntu2.1 [48.9 kB]\nGet:51 http://archive.ubuntu.com/ubuntu jammy-updates/universe amd64 clang-tools-13 amd64 1:13.0.1-2ubuntu2.1 [6814 kB]\nGet:52 http://archive.ubuntu.com/ubuntu jammy-updates/universe amd64 clang-tidy-13 amd64 1:13.0.1-2ubuntu2.1 [1332 kB]\nGet:53 http://archive.ubuntu.com/ubuntu jammy/main amd64 libabsl20210324 amd64 0~20210324.2-2 [387 kB]\nGet:54 http://archive.ubuntu.com/ubuntu jammy/main amd64 libc-ares2 amd64 1.18.1-1build1 [44.9 kB]\nGet:55 http://archive.ubuntu.com/ubuntu jammy/universe amd64 libgrpc10 amd64 1.30.2-3build6 [1470 kB]\nGet:56 http://archive.ubuntu.com/ubuntu jammy/main amd64 libprotobuf23 amd64 3.12.4-1ubuntu7 [876 kB]\nGet:57 http://archive.ubuntu.com/ubuntu jammy/universe amd64 libgrpc++1 amd64 1.30.2-3build6 [402 kB]\nGet:58 http://archive.ubuntu.com/ubuntu jammy-updates/universe amd64 clangd-13 amd64 1:13.0.1-2ubuntu2.1 [2786 kB]\nGet:59 http://archive.ubuntu.com/ubuntu jammy/main amd64 fonts-dejavu-core all 2.37-2build1 [1041 kB]\nGet:60 http://archive.ubuntu.com/ubuntu jammy/main amd64 fontconfig-config all 2.13.1-4.2ubuntu5 [29.1 kB]\nGet:61 http://archive.ubuntu.com/ubuntu jammy/main amd64 icu-devtools amd64 70.1-2 [197 kB]\nGet:62 http://archive.ubuntu.com/ubuntu jammy-updates/main amd64 libunwind-13 amd64 1:13.0.1-2ubuntu2.1 [20.9 kB]\nGet:63 http://archive.ubuntu.com/ubuntu jammy-updates/universe amd64 libc++abi1-13 amd64 1:13.0.1-2ubuntu2.1 [68.4 kB]\nGet:64 http://archive.ubuntu.com/ubuntu jammy-updates/universe amd64 libc++1-13 amd64 1:13.0.1-2ubuntu2.1 [236 kB]\nGet:65 http://archive.ubuntu.com/ubuntu jammy-updates/main amd64 libunwind-13-dev amd64 1:13.0.1-2ubuntu2.1 [37.4 kB]\nGet:66 http://archive.ubuntu.com/ubuntu jammy-updates/universe amd64 libc++-13-dev amd64 1:13.0.1-2ubuntu2.1 [844 kB]\nGet:67 http://archive.ubuntu.com/ubuntu jammy-updates/universe amd64 libc++abi-13-dev amd64 1:13.0.1-2ubuntu2.1 [93.5 kB]\nGet:68 http://archive.ubuntu.com/ubuntu jammy-updates/main amd64 libfreetype6 amd64 2.11.1+dfsg-1ubuntu0.1 [389 kB]\nGet:69 http://archive.ubuntu.com/ubuntu jammy/main amd64 libfontconfig1 amd64 2.13.1-4.2ubuntu5 [131 kB]\nGet:70 http://archive.ubuntu.com/ubuntu jammy/main amd64 libjpeg-turbo8 amd64 2.1.2-0ubuntu1 [134 kB]\nGet:71 http://archive.ubuntu.com/ubuntu jammy/main amd64 libjpeg8 amd64 8c-2ubuntu10 [2264 B]\nGet:72 http://archive.ubuntu.com/ubuntu jammy/main amd64 libdeflate0 amd64 1.10-2 [70.9 kB]\nGet:73 http://archive.ubuntu.com/ubuntu jammy-updates/main amd64 libjbig0 amd64 2.1-3.1ubuntu0.22.04.1 [29.2 kB]\nGet:74 http://archive.ubuntu.com/ubuntu jammy/main amd64 libwebp7 amd64 1.2.2-2 [206 kB]\nGet:75 http://archive.ubuntu.com/ubuntu jammy-updates/main amd64 libtiff5 amd64 4.3.0-6ubuntu0.3 [183 kB]\nGet:76 http://archive.ubuntu.com/ubuntu jammy/main amd64 libxpm4 amd64 1:3.5.12-1build2 [36.2 kB]\nGet:77 http://archive.ubuntu.com/ubuntu jammy/main amd64 libgd3 amd64 2.3.0-2ubuntu2 [129 kB]\nGet:78 http://archive.ubuntu.com/ubuntu jammy-updates/main amd64 libc-devtools amd64 2.35-0ubuntu3.1 [28.9 kB]\nGet:79 http://archive.ubuntu.com/ubuntu jammy-updates/universe amd64 libclang-13-dev amd64 1:13.0.1-2ubuntu2.1 [24.4 MB]\nGet:80 http://archive.ubuntu.com/ubuntu jammy-updates/universe amd64 libclang-cpp13-dev amd64 1:13.0.1-2ubuntu2.1 [3672 B]\nGet:81 http://archive.ubuntu.com/ubuntu jammy/main amd64 libicu-dev amd64 70.1-2 [11.6 MB]\nGet:82 http://archive.ubuntu.com/ubuntu jammy-updates/main amd64 libpython3.10 amd64 3.10.6-1~22.04.2 [1955 kB]\nGet:83 http://archive.ubuntu.com/ubuntu jammy-updates/universe amd64 liblldb-13 amd64 1:13.0.1-2ubuntu2.1 [4152 kB]\nGet:84 http://archive.ubuntu.com/ubuntu jammy/main amd64 libncurses-dev amd64 6.3-2 [380 kB]\nGet:85 http://archive.ubuntu.com/ubuntu jammy-updates/universe amd64 libomp5-13 amd64 1:13.0.1-2ubuntu2.1 [367 kB]\nGet:86 http://archive.ubuntu.com/ubuntu jammy-updates/universe amd64 libomp-13-dev amd64 1:13.0.1-2ubuntu2.1 [544 kB]\nGet:87 http://archive.ubuntu.com/ubuntu jammy/main amd64 libtinfo-dev amd64 6.3-2 [774 B]\nGet:88 http://archive.ubuntu.com/ubuntu jammy-updates/main amd64 libxml2-dev amd64 2.9.13+dfsg-1ubuntu0.2 [804 kB]\nGet:89 http://archive.ubuntu.com/ubuntu jammy-updates/universe amd64 lld-13 amd64 1:13.0.1-2ubuntu2.1 [1466 kB]\nGet:90 http://archive.ubuntu.com/ubuntu jammy/main amd64 libffi-dev amd64 3.4.2-4 [63.7 kB]\nGet:91 http://archive.ubuntu.com/ubuntu jammy-updates/main amd64 llvm-13-runtime amd64 1:13.0.1-2ubuntu2.1 [233 kB]\nGet:92 http://archive.ubuntu.com/ubuntu jammy-updates/main amd64 libpfm4 amd64 4.11.1+git32-gd0b85fb-1ubuntu0.1 [345 kB]\nGet:93 http://archive.ubuntu.com/ubuntu jammy-updates/main amd64 llvm-13 amd64 1:13.0.1-2ubuntu2.1 [11.9 MB]\nGet:94 http://archive.ubuntu.com/ubuntu jammy/main amd64 python3-pygments all 2.11.2+dfsg-2 [750 kB]\nGet:95 http://archive.ubuntu.com/ubuntu jammy-updates/main amd64 llvm-13-tools amd64 1:13.0.1-2ubuntu2.1 [396 kB]\nGet:96 http://archive.ubuntu.com/ubuntu jammy/universe amd64 libz3-4 amd64 4.8.12-1 [5766 kB]\nGet:97 http://archive.ubuntu.com/ubuntu jammy/universe amd64 libz3-dev amd64 4.8.12-1 [72.2 kB]\nGet:98 http://archive.ubuntu.com/ubuntu jammy-updates/main amd64 llvm-13-dev amd64 1:13.0.1-2ubuntu2.1 [35.0 MB]\nGet:99 http://archive.ubuntu.com/ubuntu jammy-updates/universe amd64 python3-lldb-13 amd64 1:13.0.1-2ubuntu2.1 [105 kB]\nGet:100 http://archive.ubuntu.com/ubuntu jammy-updates/universe amd64 lldb-13 amd64 1:13.0.1-2ubuntu2.1 [1101 kB]\nGet:101 http://archive.ubuntu.com/ubuntu jammy/main amd64 manpages-dev all 5.10-1ubuntu1 [2309 kB]\n\u001b[91mdebconf: unable to initialize frontend: Dialog\ndebconf: (TERM is not set, so the dialog frontend is not usable.)\ndebconf: falling back to frontend: Readline\n\u001b[0m\u001b[91mdebconf: unable to initialize frontend: Readline\ndebconf: (Can't locate Term/ReadLine.pm in @INC (you may need to install the Term::ReadLine module) (@INC contains: /etc/perl /usr/local/lib/x86_64-linux-gnu/perl/5.34.0 /usr/local/share/perl/5.34.0 /usr/lib/x86_64-linux-gnu/perl5/5.34 /usr/share/perl5 /usr/lib/x86_64-linux-gnu/perl-base /usr/lib/x86_64-linux-gnu/perl/5.34 /usr/share/perl/5.34 /usr/local/lib/site_perl) at /usr/share/perl5/Debconf/FrontEnd/Readline.pm line 7, <> line 101.)\ndebconf: falling back to frontend: Teletype\n\u001b[0m\u001b[91mdpkg-preconfigure: unable to re-open stdin: \n\u001b[0mFetched 195 MB in 5s (39.4 MB/s)\nSelecting previously unselected package libmd0:amd64.\r\n(Reading database ... \r(Reading database ... 5%\r(Reading database ... 10%\r(Reading database ... 15%\r(Reading database ... 20%\r(Reading database ... 25%\r(Reading database ... 30%\r(Reading database ... 35%\r(Reading database ... 40%\r(Reading database ... 45%\r(Reading database ... 50%\r(Reading database ... 55%\r(Reading database ... 60%\r(Reading database ... 65%\r(Reading database ... 70%\r(Reading database ... 75%\r(Reading database ... 80%\r(Reading database ... 85%\r(Reading database ... 90%\r(Reading database ... 95%\r(Reading database ... 100%\r(Reading database ... 9738 files and directories currently installed.)\r\nPreparing to unpack .../000-libmd0_1.0.4-1build1_amd64.deb ...\r\nUnpacking libmd0:amd64 (1.0.4-1build1) ...\r\nSelecting previously unselected package libbsd0:amd64.\r\nPreparing to unpack .../001-libbsd0_0.11.5-1_amd64.deb ...\r\nUnpacking libbsd0:amd64 (0.11.5-1) ...\r\nSelecting previously unselected package python3-yaml.\r\nPreparing to unpack .../002-python3-yaml_5.4.1-1ubuntu1_amd64.deb ...\r\nUnpacking python3-yaml (5.4.1-1ubuntu1) ...\r\nSelecting previously unselected package libedit2:amd64.\r\nPreparing to unpack .../003-libedit2_3.1-20210910-1build1_amd64.deb ...\r\nUnpacking libedit2:amd64 (3.1-20210910-1build1) ...\r\nSelecting previously unselected package libpipeline1:amd64.\r\nPreparing to unpack .../004-libpipeline1_1.5.5-1_amd64.deb ...\r\nUnpacking libpipeline1:amd64 (1.5.5-1) ...\r\nSelecting previously unselected package libpng16-16:amd64.\r\nPreparing to unpack .../005-libpng16-16_1.6.37-3build5_amd64.deb ...\r\nUnpacking libpng16-16:amd64 (1.6.37-3build5) ...\r\nSelecting previously unselected package libxau6:amd64.\r\nPreparing to unpack .../006-libxau6_1%3a1.0.9-1build5_amd64.deb ...\r\nUnpacking libxau6:amd64 (1:1.0.9-1build5) ...\r\nSelecting previously unselected package libxdmcp6:amd64.\r\nPreparing to unpack .../007-libxdmcp6_1%3a1.1.3-0ubuntu5_amd64.deb ...\r\nUnpacking libxdmcp6:amd64 (1:1.1.3-0ubuntu5) ...\r\nSelecting previously unselected package libxcb1:amd64.\r\nPreparing to unpack .../008-libxcb1_1.14-3ubuntu3_amd64.deb ...\r\nUnpacking libxcb1:amd64 (1.14-3ubuntu3) ...\r\nSelecting previously unselected package libx11-data.\r\nPreparing to unpack .../009-libx11-data_2%3a1.7.5-1_all.deb ...\r\nUnpacking libx11-data (2:1.7.5-1) ...\r\nSelecting previously unselected package libx11-6:amd64.\r\nPreparing to unpack .../010-libx11-6_2%3a1.7.5-1_amd64.deb ...\r\nUnpacking libx11-6:amd64 (2:1.7.5-1) ...\r\nSelecting previously unselected package manpages.\r\nPreparing to unpack .../011-manpages_5.10-1ubuntu1_all.deb ...\r\nUnpacking manpages (5.10-1ubuntu1) ...\r\nSelecting previously unselected package binfmt-support.\r\nPreparing to unpack .../012-binfmt-support_2.2.1-2_amd64.deb ...\r\nUnpacking binfmt-support (2.2.1-2) ...\r\nSelecting previously unselected package binutils-common:amd64.\r\nPreparing to unpack .../013-binutils-common_2.38-4ubuntu2.1_amd64.deb ...\r\nUnpacking binutils-common:amd64 (2.38-4ubuntu2.1) ...\r\nSelecting previously unselected package libbinutils:amd64.\r\nPreparing to unpack .../014-libbinutils_2.38-4ubuntu2.1_amd64.deb ...\r\nUnpacking libbinutils:amd64 (2.38-4ubuntu2.1) ...\r\nSelecting previously unselected package libctf-nobfd0:amd64.\r\nPreparing to unpack .../015-libctf-nobfd0_2.38-4ubuntu2.1_amd64.deb ...\r\nUnpacking libctf-nobfd0:amd64 (2.38-4ubuntu2.1) ...\r\nSelecting previously unselected package libctf0:amd64.\r\nPreparing to unpack .../016-libctf0_2.38-4ubuntu2.1_amd64.deb ...\r\nUnpacking libctf0:amd64 (2.38-4ubuntu2.1) ...\r\nSelecting previously unselected package binutils-x86-64-linux-gnu.\r\nPreparing to unpack .../017-binutils-x86-64-linux-gnu_2.38-4ubuntu2.1_amd64.deb ...\r\nUnpacking binutils-x86-64-linux-gnu (2.38-4ubuntu2.1) ...\r\nSelecting previously unselected package binutils.\r\nPreparing to unpack .../018-binutils_2.38-4ubuntu2.1_amd64.deb ...\r\nUnpacking binutils (2.38-4ubuntu2.1) ...\r\nSelecting previously unselected package libllvm13:amd64.\r\nPreparing to unpack .../019-libllvm13_1%3a13.0.1-2ubuntu2.1_amd64.deb ...\r\nUnpacking libllvm13:amd64 (1:13.0.1-2ubuntu2.1) ...\r\nSelecting previously unselected package libclang-cpp13.\r\nPreparing to unpack .../020-libclang-cpp13_1%3a13.0.1-2ubuntu2.1_amd64.deb ...\r\nUnpacking libclang-cpp13 (1:13.0.1-2ubuntu2.1) ...\r\nSelecting previously unselected package gcc-11-base:amd64.\r\nPreparing to unpack .../021-gcc-11-base_11.3.0-1ubuntu1~22.04_amd64.deb ...\r\nUnpacking gcc-11-base:amd64 (11.3.0-1ubuntu1~22.04) ...\r\nSelecting previously unselected package libgomp1:amd64.\r\nPreparing to unpack .../022-libgomp1_12.1.0-2ubuntu1~22.04_amd64.deb ...\r\nUnpacking libgomp1:amd64 (12.1.0-2ubuntu1~22.04) ...\r\nSelecting previously unselected package libitm1:amd64.\r\nPreparing to unpack .../023-libitm1_12.1.0-2ubuntu1~22.04_amd64.deb ...\r\nUnpacking libitm1:amd64 (12.1.0-2ubuntu1~22.04) ...\r\nSelecting previously unselected package libatomic1:amd64.\r\nPreparing to unpack .../024-libatomic1_12.1.0-2ubuntu1~22.04_amd64.deb ...\r\nUnpacking libatomic1:amd64 (12.1.0-2ubuntu1~22.04) ...\r\nSelecting previously unselected package libasan6:amd64.\r\nPreparing to unpack .../025-libasan6_11.3.0-1ubuntu1~22.04_amd64.deb ...\r\nUnpacking libasan6:amd64 (11.3.0-1ubuntu1~22.04) ...\r\nSelecting previously unselected package liblsan0:amd64.\r\nPreparing to unpack .../026-liblsan0_12.1.0-2ubuntu1~22.04_amd64.deb ...\r\nUnpacking liblsan0:amd64 (12.1.0-2ubuntu1~22.04) ...\r\nSelecting previously unselected package libtsan0:amd64.\r\nPreparing to unpack .../027-libtsan0_11.3.0-1ubuntu1~22.04_amd64.deb ...\r\nUnpacking libtsan0:amd64 (11.3.0-1ubuntu1~22.04) ...\r\nSelecting previously unselected package libubsan1:amd64.\r\nPreparing to unpack .../028-libubsan1_12.1.0-2ubuntu1~22.04_amd64.deb ...\r\nUnpacking libubsan1:amd64 (12.1.0-2ubuntu1~22.04) ...\r\nSelecting previously unselected package libquadmath0:amd64.\r\nPreparing to unpack .../029-libquadmath0_12.1.0-2ubuntu1~22.04_amd64.deb ...\r\nUnpacking libquadmath0:amd64 (12.1.0-2ubuntu1~22.04) ...\r\nSelecting previously unselected package libgcc-11-dev:amd64.\r\nPreparing to unpack .../030-libgcc-11-dev_11.3.0-1ubuntu1~22.04_amd64.deb ...\r\nUnpacking libgcc-11-dev:amd64 (11.3.0-1ubuntu1~22.04) ...\r\nSelecting previously unselected package libc-dev-bin.\r\nPreparing to unpack .../031-libc-dev-bin_2.35-0ubuntu3.1_amd64.deb ...\r\nUnpacking libc-dev-bin (2.35-0ubuntu3.1) ...\r\nSelecting previously unselected package linux-libc-dev:amd64.\r\nPreparing to unpack .../032-linux-libc-dev_5.15.0-56.62_amd64.deb ...\r\nUnpacking linux-libc-dev:amd64 (5.15.0-56.62) ...\r\nSelecting previously unselected package libcrypt-dev:amd64.\r\nPreparing to unpack .../033-libcrypt-dev_1%3a4.4.27-1_amd64.deb ...\r\nUnpacking libcrypt-dev:amd64 (1:4.4.27-1) ...\r\nSelecting previously unselected package rpcsvc-proto.\r\nPreparing to unpack .../034-rpcsvc-proto_1.4.2-0ubuntu6_amd64.deb ...\r\nUnpacking rpcsvc-proto (1.4.2-0ubuntu6) ...\r\nSelecting previously unselected package libtirpc-dev:amd64.\r\nPreparing to unpack .../035-libtirpc-dev_1.3.2-2ubuntu0.1_amd64.deb ...\r\nUnpacking libtirpc-dev:amd64 (1.3.2-2ubuntu0.1) ...\r\nSelecting previously unselected package libnsl-dev:amd64.\r\nPreparing to unpack .../036-libnsl-dev_1.3.0-2build2_amd64.deb ...\r\nUnpacking libnsl-dev:amd64 (1.3.0-2build2) ...\r\nSelecting previously unselected package libc6-dev:amd64.\r\nPreparing to unpack .../037-libc6-dev_2.35-0ubuntu3.1_amd64.deb ...\r\nUnpacking libc6-dev:amd64 (2.35-0ubuntu3.1) ...\r\nSelecting previously unselected package libstdc++-11-dev:amd64.\r\nPreparing to unpack .../038-libstdc++-11-dev_11.3.0-1ubuntu1~22.04_amd64.deb ...\r\nUnpacking libstdc++-11-dev:amd64 (11.3.0-1ubuntu1~22.04) ...\r\nSelecting previously unselected package libgc1:amd64.\r\nPreparing to unpack .../039-libgc1_1%3a8.0.6-1.1build1_amd64.deb ...\r\nUnpacking libgc1:amd64 (1:8.0.6-1.1build1) ...\r\nSelecting previously unselected package libobjc4:amd64.\r\nPreparing to unpack .../040-libobjc4_12.1.0-2ubuntu1~22.04_amd64.deb ...\r\nUnpacking libobjc4:amd64 (12.1.0-2ubuntu1~22.04) ...\r\nSelecting previously unselected package libobjc-11-dev:amd64.\r\nPreparing to unpack .../041-libobjc-11-dev_11.3.0-1ubuntu1~22.04_amd64.deb ...\r\nUnpacking libobjc-11-dev:amd64 (11.3.0-1ubuntu1~22.04) ...\r\nSelecting previously unselected package libc6-i386.\r\nPreparing to unpack .../042-libc6-i386_2.35-0ubuntu3.1_amd64.deb ...\r\nUnpacking libc6-i386 (2.35-0ubuntu3.1) ...\r\nSelecting previously unselected package lib32gcc-s1.\r\nPreparing to unpack .../043-lib32gcc-s1_12.1.0-2ubuntu1~22.04_amd64.deb ...\r\nUnpacking lib32gcc-s1 (12.1.0-2ubuntu1~22.04) ...\r\nSelecting previously unselected package lib32stdc++6.\r\nPreparing to unpack .../044-lib32stdc++6_12.1.0-2ubuntu1~22.04_amd64.deb ...\r\nUnpacking lib32stdc++6 (12.1.0-2ubuntu1~22.04) ...\r\nSelecting previously unselected package libclang-common-13-dev.\r\nPreparing to unpack .../045-libclang-common-13-dev_1%3a13.0.1-2ubuntu2.1_amd64.deb ...\r\nUnpacking libclang-common-13-dev (1:13.0.1-2ubuntu2.1) ...\r\nSelecting previously unselected package llvm-13-linker-tools.\r\nPreparing to unpack .../046-llvm-13-linker-tools_1%3a13.0.1-2ubuntu2.1_amd64.deb ...\r\nUnpacking llvm-13-linker-tools (1:13.0.1-2ubuntu2.1) ...\r\nSelecting previously unselected package libclang1-13.\r\nPreparing to unpack .../047-libclang1-13_1%3a13.0.1-2ubuntu2.1_amd64.deb ...\r\nUnpacking libclang1-13 (1:13.0.1-2ubuntu2.1) ...\r\nSelecting previously unselected package clang-13.\r\nPreparing to unpack .../048-clang-13_1%3a13.0.1-2ubuntu2.1_amd64.deb ...\r\nUnpacking clang-13 (1:13.0.1-2ubuntu2.1) ...\r\nSelecting previously unselected package clang-format-13.\r\nPreparing to unpack .../049-clang-format-13_1%3a13.0.1-2ubuntu2.1_amd64.deb ...\r\nUnpacking clang-format-13 (1:13.0.1-2ubuntu2.1) ...\r\nSelecting previously unselected package clang-tools-13.\r\nPreparing to unpack .../050-clang-tools-13_1%3a13.0.1-2ubuntu2.1_amd64.deb ...\r\nUnpacking clang-tools-13 (1:13.0.1-2ubuntu2.1) ...\r\nSelecting previously unselected package clang-tidy-13.\r\nPreparing to unpack .../051-clang-tidy-13_1%3a13.0.1-2ubuntu2.1_amd64.deb ...\r\nUnpacking clang-tidy-13 (1:13.0.1-2ubuntu2.1) ...\r\nSelecting previously unselected package libabsl20210324:amd64.\r\nPreparing to unpack .../052-libabsl20210324_0~20210324.2-2_amd64.deb ...\r\nUnpacking libabsl20210324:amd64 (0~20210324.2-2) ...\r\nSelecting previously unselected package libc-ares2:amd64.\r\nPreparing to unpack .../053-libc-ares2_1.18.1-1build1_amd64.deb ...\r\nUnpacking libc-ares2:amd64 (1.18.1-1build1) ...\r\nSelecting previously unselected package libgrpc10:amd64.\r\nPreparing to unpack .../054-libgrpc10_1.30.2-3build6_amd64.deb ...\r\nUnpacking libgrpc10:amd64 (1.30.2-3build6) ...\r\nSelecting previously unselected package libprotobuf23:amd64.\r\nPreparing to unpack .../055-libprotobuf23_3.12.4-1ubuntu7_amd64.deb ...\r\nUnpacking libprotobuf23:amd64 (3.12.4-1ubuntu7) ...\r\nSelecting previously unselected package libgrpc++1:amd64.\r\nPreparing to unpack .../056-libgrpc++1_1.30.2-3build6_amd64.deb ...\r\nUnpacking libgrpc++1:amd64 (1.30.2-3build6) ...\r\nSelecting previously unselected package clangd-13.\r\nPreparing to unpack .../057-clangd-13_1%3a13.0.1-2ubuntu2.1_amd64.deb ...\r\nUnpacking clangd-13 (1:13.0.1-2ubuntu2.1) ...\r\nSelecting previously unselected package fonts-dejavu-core.\r\nPreparing to unpack .../058-fonts-dejavu-core_2.37-2build1_all.deb ...\r\nUnpacking fonts-dejavu-core (2.37-2build1) ...\r\nSelecting previously unselected package fontconfig-config.\r\nPreparing to unpack .../059-fontconfig-config_2.13.1-4.2ubuntu5_all.deb ...\r\nUnpacking fontconfig-config (2.13.1-4.2ubuntu5) ...\r\nSelecting previously unselected package icu-devtools.\r\nPreparing to unpack .../060-icu-devtools_70.1-2_amd64.deb ...\r\nUnpacking icu-devtools (70.1-2) ...\r\nSelecting previously unselected package libunwind-13:amd64.\r\nPreparing to unpack .../061-libunwind-13_1%3a13.0.1-2ubuntu2.1_amd64.deb ...\r\nUnpacking libunwind-13:amd64 (1:13.0.1-2ubuntu2.1) ...\r\nSelecting previously unselected package libc++abi1-13:amd64.\r\nPreparing to unpack .../062-libc++abi1-13_1%3a13.0.1-2ubuntu2.1_amd64.deb ...\r\nUnpacking libc++abi1-13:amd64 (1:13.0.1-2ubuntu2.1) ...\r\nSelecting previously unselected package libc++1-13:amd64.\r\nPreparing to unpack .../063-libc++1-13_1%3a13.0.1-2ubuntu2.1_amd64.deb ...\r\nUnpacking libc++1-13:amd64 (1:13.0.1-2ubuntu2.1) ...\r\nSelecting previously unselected package libunwind-13-dev:amd64.\r\nPreparing to unpack .../064-libunwind-13-dev_1%3a13.0.1-2ubuntu2.1_amd64.deb ...\r\nUnpacking libunwind-13-dev:amd64 (1:13.0.1-2ubuntu2.1) ...\r\nSelecting previously unselected package libc++-13-dev:amd64.\r\nPreparing to unpack .../065-libc++-13-dev_1%3a13.0.1-2ubuntu2.1_amd64.deb ...\r\nUnpacking libc++-13-dev:amd64 (1:13.0.1-2ubuntu2.1) ...\r\nSelecting previously unselected package libc++abi-13-dev:amd64.\r\nPreparing to unpack .../066-libc++abi-13-dev_1%3a13.0.1-2ubuntu2.1_amd64.deb ...\r\nUnpacking libc++abi-13-dev:amd64 (1:13.0.1-2ubuntu2.1) ...\r\nSelecting previously unselected package libfreetype6:amd64.\r\nPreparing to unpack .../067-libfreetype6_2.11.1+dfsg-1ubuntu0.1_amd64.deb ...\r\nUnpacking libfreetype6:amd64 (2.11.1+dfsg-1ubuntu0.1) ...\r\nSelecting previously unselected package libfontconfig1:amd64.\r\nPreparing to unpack .../068-libfontconfig1_2.13.1-4.2ubuntu5_amd64.deb ...\r\nUnpacking libfontconfig1:amd64 (2.13.1-4.2ubuntu5) ...\r\nSelecting previously unselected package libjpeg-turbo8:amd64.\r\nPreparing to unpack .../069-libjpeg-turbo8_2.1.2-0ubuntu1_amd64.deb ...\r\nUnpacking libjpeg-turbo8:amd64 (2.1.2-0ubuntu1) ...\r\nSelecting previously unselected package libjpeg8:amd64.\r\nPreparing to unpack .../070-libjpeg8_8c-2ubuntu10_amd64.deb ...\r\nUnpacking libjpeg8:amd64 (8c-2ubuntu10) ...\r\nSelecting previously unselected package libdeflate0:amd64.\r\nPreparing to unpack .../071-libdeflate0_1.10-2_amd64.deb ...\r\nUnpacking libdeflate0:amd64 (1.10-2) ...\r\nSelecting previously unselected package libjbig0:amd64.\r\nPreparing to unpack .../072-libjbig0_2.1-3.1ubuntu0.22.04.1_amd64.deb ...\r\nUnpacking libjbig0:amd64 (2.1-3.1ubuntu0.22.04.1) ...\r\nSelecting previously unselected package libwebp7:amd64.\r\nPreparing to unpack .../073-libwebp7_1.2.2-2_amd64.deb ...\r\nUnpacking libwebp7:amd64 (1.2.2-2) ...\r\nSelecting previously unselected package libtiff5:amd64.\r\nPreparing to unpack .../074-libtiff5_4.3.0-6ubuntu0.3_amd64.deb ...\r\nUnpacking libtiff5:amd64 (4.3.0-6ubuntu0.3) ...\r\nSelecting previously unselected package libxpm4:amd64.\r\nPreparing to unpack .../075-libxpm4_1%3a3.5.12-1build2_amd64.deb ...\r\nUnpacking libxpm4:amd64 (1:3.5.12-1build2) ...\r\nSelecting previously unselected package libgd3:amd64.\r\nPreparing to unpack .../076-libgd3_2.3.0-2ubuntu2_amd64.deb ...\r\nUnpacking libgd3:amd64 (2.3.0-2ubuntu2) ...\r\nSelecting previously unselected package libc-devtools.\r\nPreparing to unpack .../077-libc-devtools_2.35-0ubuntu3.1_amd64.deb ...\r\nUnpacking libc-devtools (2.35-0ubuntu3.1) ...\r\nSelecting previously unselected package libclang-13-dev.\r\nPreparing to unpack .../078-libclang-13-dev_1%3a13.0.1-2ubuntu2.1_amd64.deb ...\r\nUnpacking libclang-13-dev (1:13.0.1-2ubuntu2.1) ...\r\nSelecting previously unselected package libclang-cpp13-dev.\r\nPreparing to unpack .../079-libclang-cpp13-dev_1%3a13.0.1-2ubuntu2.1_amd64.deb ...\r\nUnpacking libclang-cpp13-dev (1:13.0.1-2ubuntu2.1) ...\r\nSelecting previously unselected package libicu-dev:amd64.\r\nPreparing to unpack .../080-libicu-dev_70.1-2_amd64.deb ...\r\nUnpacking libicu-dev:amd64 (70.1-2) ...\r\nSelecting previously unselected package libpython3.10:amd64.\r\nPreparing to unpack .../081-libpython3.10_3.10.6-1~22.04.2_amd64.deb ...\r\nUnpacking libpython3.10:amd64 (3.10.6-1~22.04.2) ...\r\nSelecting previously unselected package liblldb-13.\r\nPreparing to unpack .../082-liblldb-13_1%3a13.0.1-2ubuntu2.1_amd64.deb ...\r\nUnpacking liblldb-13 (1:13.0.1-2ubuntu2.1) ...\r\nSelecting previously unselected package libncurses-dev:amd64.\r\nPreparing to unpack .../083-libncurses-dev_6.3-2_amd64.deb ...\r\nUnpacking libncurses-dev:amd64 (6.3-2) ...\r\nSelecting previously unselected package libomp5-13:amd64.\r\nPreparing to unpack .../084-libomp5-13_1%3a13.0.1-2ubuntu2.1_amd64.deb ...\r\nUnpacking libomp5-13:amd64 (1:13.0.1-2ubuntu2.1) ...\r\nSelecting previously unselected package libomp-13-dev.\r\nPreparing to unpack .../085-libomp-13-dev_1%3a13.0.1-2ubuntu2.1_amd64.deb ...\r\nUnpacking libomp-13-dev (1:13.0.1-2ubuntu2.1) ...\r\nSelecting previously unselected package libtinfo-dev:amd64.\r\nPreparing to unpack .../086-libtinfo-dev_6.3-2_amd64.deb ...\r\nUnpacking libtinfo-dev:amd64 (6.3-2) ...\r\nSelecting previously unselected package libxml2-dev:amd64.\r\nPreparing to unpack .../087-libxml2-dev_2.9.13+dfsg-1ubuntu0.2_amd64.deb ...\r\nUnpacking libxml2-dev:amd64 (2.9.13+dfsg-1ubuntu0.2) ...\r\nSelecting previously unselected package lld-13.\r\nPreparing to unpack .../088-lld-13_1%3a13.0.1-2ubuntu2.1_amd64.deb ...\r\nUnpacking lld-13 (1:13.0.1-2ubuntu2.1) ...\r\nSelecting previously unselected package libffi-dev:amd64.\r\nPreparing to unpack .../089-libffi-dev_3.4.2-4_amd64.deb ...\r\nUnpacking libffi-dev:amd64 (3.4.2-4) ...\r\nSelecting previously unselected package llvm-13-runtime.\r\nPreparing to unpack .../090-llvm-13-runtime_1%3a13.0.1-2ubuntu2.1_amd64.deb ...\r\nUnpacking llvm-13-runtime (1:13.0.1-2ubuntu2.1) ...\r\nSelecting previously unselected package libpfm4:amd64.\r\nPreparing to unpack .../091-libpfm4_4.11.1+git32-gd0b85fb-1ubuntu0.1_amd64.deb ...\r\nUnpacking libpfm4:amd64 (4.11.1+git32-gd0b85fb-1ubuntu0.1) ...\r\nSelecting previously unselected package llvm-13.\r\nPreparing to unpack .../092-llvm-13_1%3a13.0.1-2ubuntu2.1_amd64.deb ...\r\nUnpacking llvm-13 (1:13.0.1-2ubuntu2.1) ...\r\nSelecting previously unselected package python3-pygments.\r\nPreparing to unpack .../093-python3-pygments_2.11.2+dfsg-2_all.deb ...\r\nUnpacking python3-pygments (2.11.2+dfsg-2) ...\r\nSelecting previously unselected package llvm-13-tools.\r\nPreparing to unpack .../094-llvm-13-tools_1%3a13.0.1-2ubuntu2.1_amd64.deb ...\r\nUnpacking llvm-13-tools (1:13.0.1-2ubuntu2.1) ...\r\nSelecting previously unselected package libz3-4:amd64.\r\nPreparing to unpack .../095-libz3-4_4.8.12-1_amd64.deb ...\r\nUnpacking libz3-4:amd64 (4.8.12-1) ...\r\nSelecting previously unselected package libz3-dev:amd64.\r\nPreparing to unpack .../096-libz3-dev_4.8.12-1_amd64.deb ...\r\nUnpacking libz3-dev:amd64 (4.8.12-1) ...\r\nSelecting previously unselected package llvm-13-dev.\r\nPreparing to unpack .../097-llvm-13-dev_1%3a13.0.1-2ubuntu2.1_amd64.deb ...\r\nUnpacking llvm-13-dev (1:13.0.1-2ubuntu2.1) ...\r\nSelecting previously unselected package python3-lldb-13.\r\nPreparing to unpack .../098-python3-lldb-13_1%3a13.0.1-2ubuntu2.1_amd64.deb ...\r\nUnpacking python3-lldb-13 (1:13.0.1-2ubuntu2.1) ...\r\nSelecting previously unselected package lldb-13.\r\nPreparing to unpack .../099-lldb-13_1%3a13.0.1-2ubuntu2.1_amd64.deb ...\r\nUnpacking lldb-13 (1:13.0.1-2ubuntu2.1) ...\r\nSelecting previously unselected package manpages-dev.\r\nPreparing to unpack .../100-manpages-dev_5.10-1ubuntu1_all.deb ...\r\nUnpacking manpages-dev (5.10-1ubuntu1) ...\r\nSetting up libpipeline1:amd64 (1.5.5-1) ...\r\nSetting up gcc-11-base:amd64 (11.3.0-1ubuntu1~22.04) ...\r\nSetting up libpython3.10:amd64 (3.10.6-1~22.04.2) ...\r\nSetting up libxau6:amd64 (1:1.0.9-1build5) ...\r\nSetting up manpages (5.10-1ubuntu1) ...\r\nSetting up binutils-common:amd64 (2.38-4ubuntu2.1) ...\r\nSetting up libdeflate0:amd64 (1.10-2) ...\r\nSetting up linux-libc-dev:amd64 (5.15.0-56.62) ...\r\nSetting up libctf-nobfd0:amd64 (2.38-4ubuntu2.1) ...\r\nSetting up python3-yaml (5.4.1-1ubuntu1) ...\r\nSetting up libprotobuf23:amd64 (3.12.4-1ubuntu7) ...\r\nSetting up libc-ares2:amd64 (1.18.1-1build1) ...\r\nSetting up libgomp1:amd64 (12.1.0-2ubuntu1~22.04) ...\r\nSetting up libffi-dev:amd64 (3.4.2-4) ...\r\nSetting up libjbig0:amd64 (2.1-3.1ubuntu0.22.04.1) ...\r\nSetting up libasan6:amd64 (11.3.0-1ubuntu1~22.04) ...\r\nSetting up python3-pygments (2.11.2+dfsg-2) ...\r\nSetting up libz3-4:amd64 (4.8.12-1) ...\r\nSetting up libtirpc-dev:amd64 (1.3.2-2ubuntu0.1) ...\r\nSetting up libpfm4:amd64 (4.11.1+git32-gd0b85fb-1ubuntu0.1) ...\r\nSetting up rpcsvc-proto (1.4.2-0ubuntu6) ...\r\nSetting up libunwind-13:amd64 (1:13.0.1-2ubuntu2.1) ...\r\nSetting up libx11-data (2:1.7.5-1) ...\r\nSetting up libquadmath0:amd64 (12.1.0-2ubuntu1~22.04) ...\r\nSetting up libpng16-16:amd64 (1.6.37-3build5) ...\r\nSetting up libatomic1:amd64 (12.1.0-2ubuntu1~22.04) ...\r\nSetting up binfmt-support (2.2.1-2) ...\r\ninvoke-rc.d: could not determine current runlevel\r\ninvoke-rc.d: policy-rc.d denied execution of restart.\r\nCreated symlink /etc/systemd/system/multi-user.target.wants/binfmt-support.service → /lib/systemd/system/binfmt-support.service.\r\nSetting up icu-devtools (70.1-2) ...\r\nSetting up fonts-dejavu-core (2.37-2build1) ...\r\nSetting up libabsl20210324:amd64 (0~20210324.2-2) ...\r\nSetting up libjpeg-turbo8:amd64 (2.1.2-0ubuntu1) ...\r\nSetting up libgc1:amd64 (1:8.0.6-1.1build1) ...\r\nSetting up libwebp7:amd64 (1.2.2-2) ...\r\nSetting up libubsan1:amd64 (12.1.0-2ubuntu1~22.04) ...\r\nSetting up libmd0:amd64 (1.0.4-1build1) ...\r\nSetting up libnsl-dev:amd64 (1.3.0-2build2) ...\r\nSetting up libcrypt-dev:amd64 (1:4.4.27-1) ...\r\nSetting up libc6-i386 (2.35-0ubuntu3.1) ...\r\nSetting up libomp5-13:amd64 (1:13.0.1-2ubuntu2.1) ...\r\nSetting up libbinutils:amd64 (2.38-4ubuntu2.1) ...\r\nSetting up libunwind-13-dev:amd64 (1:13.0.1-2ubuntu2.1) ...\r\nSetting up libc-dev-bin (2.35-0ubuntu3.1) ...\r\nSetting up libbsd0:amd64 (0.11.5-1) ...\r\nSetting up liblsan0:amd64 (12.1.0-2ubuntu1~22.04) ...\r\nSetting up libitm1:amd64 (12.1.0-2ubuntu1~22.04) ...\r\nSetting up libc++abi1-13:amd64 (1:13.0.1-2ubuntu2.1) ...\r\nSetting up libtsan0:amd64 (11.3.0-1ubuntu1~22.04) ...\r\nSetting up libctf0:amd64 (2.38-4ubuntu2.1) ...\r\nSetting up libjpeg8:amd64 (8c-2ubuntu10) ...\r\nSetting up libz3-dev:amd64 (4.8.12-1) ...\r\nSetting up manpages-dev (5.10-1ubuntu1) ...\r\nSetting up libxdmcp6:amd64 (1:1.1.3-0ubuntu5) ...\r\nSetting up libxcb1:amd64 (1.14-3ubuntu3) ...\r\nSetting up fontconfig-config (2.13.1-4.2ubuntu5) ...\r\nSetting up libedit2:amd64 (3.1-20210910-1build1) ...\r\nSetting up libc++1-13:amd64 (1:13.0.1-2ubuntu2.1) ...\r\nSetting up libobjc4:amd64 (12.1.0-2ubuntu1~22.04) ...\r\nSetting up libc++abi-13-dev:amd64 (1:13.0.1-2ubuntu2.1) ...\r\nSetting up libgrpc10:amd64 (1.30.2-3build6) ...\r\nSetting up libfreetype6:amd64 (2.11.1+dfsg-1ubuntu0.1) ...\r\nSetting up lib32gcc-s1 (12.1.0-2ubuntu1~22.04) ...\r\nSetting up lib32stdc++6 (12.1.0-2ubuntu1~22.04) ...\r\nSetting up libllvm13:amd64 (1:13.0.1-2ubuntu2.1) ...\r\nSetting up libc++-13-dev:amd64 (1:13.0.1-2ubuntu2.1) ...\r\nSetting up libgcc-11-dev:amd64 (11.3.0-1ubuntu1~22.04) ...\r\nSetting up llvm-13-runtime (1:13.0.1-2ubuntu2.1) ...\r\nSetting up libc6-dev:amd64 (2.35-0ubuntu3.1) ...\r\nSetting up libx11-6:amd64 (2:1.7.5-1) ...\r\nSetting up libtiff5:amd64 (4.3.0-6ubuntu0.3) ...\r\nSetting up libfontconfig1:amd64 (2.13.1-4.2ubuntu5) ...\r\nSetting up libgrpc++1:amd64 (1.30.2-3build6) ...\r\nSetting up libicu-dev:amd64 (70.1-2) ...\r\nSetting up libclang-common-13-dev (1:13.0.1-2ubuntu2.1) ...\r\nSetting up binutils-x86-64-linux-gnu (2.38-4ubuntu2.1) ...\r\nSetting up libncurses-dev:amd64 (6.3-2) ...\r\nSetting up libxpm4:amd64 (1:3.5.12-1build2) ...\r\nSetting up libomp-13-dev (1:13.0.1-2ubuntu2.1) ...\r\nSetting up libobjc-11-dev:amd64 (11.3.0-1ubuntu1~22.04) ...\r\nSetting up binutils (2.38-4ubuntu2.1) ...\r\nSetting up llvm-13-linker-tools (1:13.0.1-2ubuntu2.1) ...\r\nSetting up llvm-13-tools (1:13.0.1-2ubuntu2.1) ...\r\nSetting up libclang1-13 (1:13.0.1-2ubuntu2.1) ...\r\nSetting up libxml2-dev:amd64 (2.9.13+dfsg-1ubuntu0.2) ...\r\nSetting up lld-13 (1:13.0.1-2ubuntu2.1) ...\r\nSetting up libclang-cpp13 (1:13.0.1-2ubuntu2.1) ...\r\nSetting up libgd3:amd64 (2.3.0-2ubuntu2) ...\r\nSetting up clangd-13 (1:13.0.1-2ubuntu2.1) ...\r\nSetting up libstdc++-11-dev:amd64 (11.3.0-1ubuntu1~22.04) ...\r\nSetting up libclang-13-dev (1:13.0.1-2ubuntu2.1) ...\r\nSetting up clang-format-13 (1:13.0.1-2ubuntu2.1) ...\r\nSetting up liblldb-13 (1:13.0.1-2ubuntu2.1) ...\r\nSetting up libclang-cpp13-dev (1:13.0.1-2ubuntu2.1) ...\r\nSetting up libc-devtools (2.35-0ubuntu3.1) ...\r\nSetting up libtinfo-dev:amd64 (6.3-2) ...\r\nSetting up clang-13 (1:13.0.1-2ubuntu2.1) ...\r\nSetting up llvm-13 (1:13.0.1-2ubuntu2.1) ...\r\nSetting up llvm-13-dev (1:13.0.1-2ubuntu2.1) ...\r\nSetting up python3-lldb-13 (1:13.0.1-2ubuntu2.1) ...\r\nSetting up clang-tools-13 (1:13.0.1-2ubuntu2.1) ...\r\nSetting up lldb-13 (1:13.0.1-2ubuntu2.1) ...\r\nSetting up clang-tidy-13 (1:13.0.1-2ubuntu2.1) ...\r\nProcessing triggers for libc-bin (2.35-0ubuntu3.1) ...\r\nRemoving intermediate container 0138c093b149\n ---> 4b77eb7e3ec3\nStep 8/19 : RUN update-alternatives --install /usr/bin/clang++ clang++ /usr/bin/clang++-13 100\n ---> Running in 76452db8e131\nupdate-alternatives: using /usr/bin/clang++-13 to provide /usr/bin/clang++ (clang++) in auto mode\nRemoving intermediate container 76452db8e131\n ---> e0173d683979\nStep 9/19 : RUN update-alternatives --install /usr/bin/clang clang /usr/bin/clang-13 100\n ---> Running in 2a9210ef9949\nupdate-alternatives: using /usr/bin/clang-13 to provide /usr/bin/clang (clang) in auto mode\nRemoving intermediate container 2a9210ef9949\n ---> c18eab507edd\nStep 10/19 : ADD https://cmake.org/files/v3.24/cmake-3.24.0-linux-x86_64.sh /cmake-3.24.0-linux-x86_64.sh\n\n ---> 7fc9fbba2188\nStep 11/19 : RUN mkdir /opt/cmake\n ---> Running in 3c125f585bd7\nRemoving intermediate container 3c125f585bd7\n ---> d63f882039f8\nStep 12/19 : RUN sh /cmake-3.24.0-linux-x86_64.sh --prefix=/opt/cmake --skip-license\n ---> Running in 70f829be46cf\nCMake Installer Version: 3.24.0, Copyright (c) Kitware\nThis is a self-extracting archive.\nThe archive will be extracted to: /opt/cmake\n\nUsing target directory: /opt/cmake\nExtracting, please wait...\n\nUnpacking finished successfully\nRemoving intermediate container 70f829be46cf\n ---> 21030bf3f8e5\nStep 13/19 : RUN ln -s /opt/cmake/bin/cmake /usr/local/bin/cmake\n ---> Running in 82509898ec7f\nRemoving intermediate container 82509898ec7f\n ---> cff5b4a3d9c5\nStep 14/19 : RUN apt-get -y install libyaml-cpp-dev libboost-system-dev libboost-filesystem-dev\n ---> Running in 0f29b825ef5b\nReading package lists...\nBuilding dependency tree...\nReading state information...\nThe following additional packages will be installed:\n  libboost-filesystem1.74-dev libboost-filesystem1.74.0\n  libboost-system1.74-dev libboost-system1.74.0 libboost1.74-dev\n  libyaml-cpp0.7\nSuggested packages:\n  libboost1.74-doc libboost-atomic1.74-dev libboost-chrono1.74-dev\n  libboost-container1.74-dev libboost-context1.74-dev\n  libboost-contract1.74-dev libboost-coroutine1.74-dev\n  libboost-date-time1.74-dev libboost-exception1.74-dev libboost-fiber1.74-dev\n  libboost-graph1.74-dev libboost-graph-parallel1.74-dev\n  libboost-iostreams1.74-dev libboost-locale1.74-dev libboost-log1.74-dev\n  libboost-math1.74-dev libboost-mpi1.74-dev libboost-mpi-python1.74-dev\n  libboost-numpy1.74-dev libboost-program-options1.74-dev\n  libboost-python1.74-dev libboost-random1.74-dev libboost-regex1.74-dev\n  libboost-serialization1.74-dev libboost-stacktrace1.74-dev\n  libboost-test1.74-dev libboost-thread1.74-dev libboost-timer1.74-dev\n  libboost-type-erasure1.74-dev libboost-wave1.74-dev libboost1.74-tools-dev\n  libmpfrc++-dev libntl-dev libboost-nowide1.74-dev\nThe following NEW packages will be installed:\n  libboost-filesystem-dev libboost-filesystem1.74-dev\n  libboost-filesystem1.74.0 libboost-system-dev libboost-system1.74-dev\n  libboost-system1.74.0 libboost1.74-dev libyaml-cpp-dev libyaml-cpp0.7\n0 upgraded, 9 newly installed, 0 to remove and 0 not upgraded.\nNeed to get 10.9 MB of archives.\nAfter this operation, 152 MB of additional disk space will be used.\nGet:1 http://archive.ubuntu.com/ubuntu jammy/main amd64 libboost1.74-dev amd64 1.74.0-14ubuntu3 [9609 kB]\nGet:2 http://archive.ubuntu.com/ubuntu jammy/main amd64 libboost-filesystem1.74.0 amd64 1.74.0-14ubuntu3 [264 kB]\nGet:3 http://archive.ubuntu.com/ubuntu jammy/main amd64 libboost-system1.74.0 amd64 1.74.0-14ubuntu3 [221 kB]\nGet:4 http://archive.ubuntu.com/ubuntu jammy/main amd64 libboost-system1.74-dev amd64 1.74.0-14ubuntu3 [218 kB]\nGet:5 http://archive.ubuntu.com/ubuntu jammy/main amd64 libboost-filesystem1.74-dev amd64 1.74.0-14ubuntu3 [287 kB]\nGet:6 http://archive.ubuntu.com/ubuntu jammy/main amd64 libboost-filesystem-dev amd64 1.74.0.3ubuntu7 [3280 B]\nGet:7 http://archive.ubuntu.com/ubuntu jammy/main amd64 libboost-system-dev amd64 1.74.0.3ubuntu7 [3390 B]\nGet:8 http://archive.ubuntu.com/ubuntu jammy/main amd64 libyaml-cpp0.7 amd64 0.7.0+dfsg-8build1 [97.7 kB]\nGet:9 http://archive.ubuntu.com/ubuntu jammy/main amd64 libyaml-cpp-dev amd64 0.7.0+dfsg-8build1 [169 kB]\n\u001b[91mdebconf: unable to initialize frontend: Dialog\ndebconf: (TERM is not set, so the dialog frontend is not usable.)\ndebconf: falling back to frontend: Readline\n\u001b[0m\u001b[91mdebconf: unable to initialize frontend: Readline\ndebconf: (Can't locate Term/ReadLine.pm in @INC (you may need to install the Term::ReadLine module) (@INC contains: /etc/perl /usr/local/lib/x86_64-linux-gnu/perl/5.34.0 /usr/local/share/perl/5.34.0 /usr/lib/x86_64-linux-gnu/perl5/5.34 /usr/share/perl5 /usr/lib/x86_64-linux-gnu/perl-base /usr/lib/x86_64-linux-gnu/perl/5.34 /usr/share/perl/5.34 /usr/local/lib/site_perl) at /usr/share/perl5/Debconf/FrontEnd/Readline.pm line 7, <> line 9.)\ndebconf: falling back to frontend: Teletype\n\u001b[0m\u001b[91mdpkg-preconfigure: unable to re-open stdin: \n\u001b[0mFetched 10.9 MB in 2s (4990 kB/s)\nSelecting previously unselected package libboost1.74-dev:amd64.\r\n(Reading database ... \r(Reading database ... 5%\r(Reading database ... 10%\r(Reading database ... 15%\r(Reading database ... 20%\r(Reading database ... 25%\r(Reading database ... 30%\r(Reading database ... 35%\r(Reading database ... 40%\r(Reading database ... 45%\r(Reading database ... 50%\r(Reading database ... 55%\r(Reading database ... 60%\r(Reading database ... 65%\r(Reading database ... 70%\r(Reading database ... 75%\r(Reading database ... 80%\r(Reading database ... 85%\r(Reading database ... 90%\r(Reading database ... 95%\r(Reading database ... 100%\r(Reading database ... 22156 files and directories currently installed.)\r\nPreparing to unpack .../0-libboost1.74-dev_1.74.0-14ubuntu3_amd64.deb ...\r\nUnpacking libboost1.74-dev:amd64 (1.74.0-14ubuntu3) ...\r\nSelecting previously unselected package libboost-filesystem1.74.0:amd64.\r\nPreparing to unpack .../1-libboost-filesystem1.74.0_1.74.0-14ubuntu3_amd64.deb ...\r\nUnpacking libboost-filesystem1.74.0:amd64 (1.74.0-14ubuntu3) ...\r\nSelecting previously unselected package libboost-system1.74.0:amd64.\r\nPreparing to unpack .../2-libboost-system1.74.0_1.74.0-14ubuntu3_amd64.deb ...\r\nUnpacking libboost-system1.74.0:amd64 (1.74.0-14ubuntu3) ...\r\nSelecting previously unselected package libboost-system1.74-dev:amd64.\r\nPreparing to unpack .../3-libboost-system1.74-dev_1.74.0-14ubuntu3_amd64.deb ...\r\nUnpacking libboost-system1.74-dev:amd64 (1.74.0-14ubuntu3) ...\r\nSelecting previously unselected package libboost-filesystem1.74-dev:amd64.\r\nPreparing to unpack .../4-libboost-filesystem1.74-dev_1.74.0-14ubuntu3_amd64.deb ...\r\nUnpacking libboost-filesystem1.74-dev:amd64 (1.74.0-14ubuntu3) ...\r\nSelecting previously unselected package libboost-filesystem-dev:amd64.\r\nPreparing to unpack .../5-libboost-filesystem-dev_1.74.0.3ubuntu7_amd64.deb ...\r\nUnpacking libboost-filesystem-dev:amd64 (1.74.0.3ubuntu7) ...\r\nSelecting previously unselected package libboost-system-dev:amd64.\r\nPreparing to unpack .../6-libboost-system-dev_1.74.0.3ubuntu7_amd64.deb ...\r\nUnpacking libboost-system-dev:amd64 (1.74.0.3ubuntu7) ...\r\nSelecting previously unselected package libyaml-cpp0.7:amd64.\r\nPreparing to unpack .../7-libyaml-cpp0.7_0.7.0+dfsg-8build1_amd64.deb ...\r\nUnpacking libyaml-cpp0.7:amd64 (0.7.0+dfsg-8build1) ...\r\nSelecting previously unselected package libyaml-cpp-dev.\r\nPreparing to unpack .../8-libyaml-cpp-dev_0.7.0+dfsg-8build1_amd64.deb ...\r\nUnpacking libyaml-cpp-dev (0.7.0+dfsg-8build1) ...\r\nSetting up libboost-system1.74.0:amd64 (1.74.0-14ubuntu3) ...\r\nSetting up libboost1.74-dev:amd64 (1.74.0-14ubuntu3) ...\r\nSetting up libboost-filesystem1.74.0:amd64 (1.74.0-14ubuntu3) ...\r\nSetting up libyaml-cpp0.7:amd64 (0.7.0+dfsg-8build1) ...\r\nSetting up libboost-system1.74-dev:amd64 (1.74.0-14ubuntu3) ...\r\nSetting up libboost-filesystem1.74-dev:amd64 (1.74.0-14ubuntu3) ...\r\nSetting up libboost-filesystem-dev:amd64 (1.74.0.3ubuntu7) ...\r\nSetting up libboost-system-dev:amd64 (1.74.0.3ubuntu7) ...\r\nSetting up libyaml-cpp-dev (0.7.0+dfsg-8build1) ...\r\nProcessing triggers for libc-bin (2.35-0ubuntu3.1) ...\r\nRemoving intermediate container 0f29b825ef5b\n ---> 8094dcdb5786\nStep 15/19 : COPY . /usr/src/hyde\n ---> 211125492c0d\nStep 16/19 : WORKDIR /usr/src/hyde\n ---> Running in 577478bae05d\nRemoving intermediate container 577478bae05d\n ---> c17f95ddfde6\nStep 17/19 : RUN mkdir -p build     && cd build     && rm -rf *      && cmake .. -GNinja     && ninja\n ---> Running in fab6c5cbd1b1\n-- The C compiler identification is Clang 13.0.1\n-- The CXX compiler identification is Clang 13.0.1\n-- Detecting C compiler ABI info\n-- Detecting C compiler ABI info - done\n-- Check for working C compiler: /usr/bin/clang - skipped\n-- Detecting C compile features\n-- Detecting C compile features - done\n-- Detecting CXX compiler ABI info\n-- Detecting CXX compiler ABI info - done\n-- Check for working CXX compiler: /usr/bin/clang++ - skipped\n-- Detecting CXX compile features\n-- Detecting CXX compile features - done\n-- Could NOT find ZLIB (missing: ZLIB_LIBRARY ZLIB_INCLUDE_DIR) \n-- Found LibXml2: /usr/lib/x86_64-linux-gnu/libxml2.so (found version \"2.9.13\") \n-- Could NOT find ZLIB (missing: ZLIB_LIBRARY ZLIB_INCLUDE_DIR) \n-- Could NOT find ZLIB (missing: ZLIB_LIBRARY ZLIB_INCLUDE_DIR) \n-- Found Boost: /usr/lib/x86_64-linux-gnu/cmake/Boost-1.74.0/BoostConfig.cmake (found version \"1.74.0\") found components: system filesystem \n-- Using the following resource dir for clang: /usr/lib/llvm-13/lib/clang/13.0.1\n-- Configuring done\n-- Generating done\n-- Build files have been written to: /usr/src/hyde/build\n[0/2] Re-checking globbed directories...\n[1/17] Building CXX object CMakeFiles/hyde.dir/emitters/yaml_enum_emitter.cpp.o\nFAILED: CMakeFiles/hyde.dir/emitters/yaml_enum_emitter.cpp.o \n/usr/bin/clang++ -DBOOST_ALL_NO_LIB -DCLANG_RESOURCE_DIR=\\\"/usr/lib/llvm-13/lib/clang/13.0.1\\\" -DLLVM_INCLUDE_DIR=\\\"/usr/lib/llvm-13/include\\\" -I/usr/lib/llvm-13/include -I/usr/src/hyde -I/usr/src/hyde/include -I/usr/src/hyde/submodules/yaml-cpp/include -I/usr/src/hyde/submodules/json/include -D_GNU_SOURCE -D__STDC_CONSTANT_MACROS -D__STDC_FORMAT_MACROS -D__STDC_LIMIT_MACROS -Wall -Wno-comment -Werror -Wno-range-loop-analysis -DHYDE_FORCE_BOOST_FILESYSTEM=1 -std=c++17 -MD -MT CMakeFiles/hyde.dir/emitters/yaml_enum_emitter.cpp.o -MF CMakeFiles/hyde.dir/emitters/yaml_enum_emitter.cpp.o.d -o CMakeFiles/hyde.dir/emitters/yaml_enum_emitter.cpp.o -c /usr/src/hyde/emitters/yaml_enum_emitter.cpp\nIn file included from /usr/src/hyde/emitters/yaml_enum_emitter.cpp:13:\nIn file included from /usr/src/hyde/emitters/yaml_enum_emitter.hpp:15:\nIn file included from /usr/src/hyde/emitters/yaml_base_emitter.hpp:19:\n/usr/src/hyde/include/json.hpp:15:10: fatal error: 'nlohmann/json.hpp' file not found\n#include \"nlohmann/json.hpp\"\n         ^~~~~~~~~~~~~~~~~~~\n1 error generated.\n[2/17] Building CXX object CMakeFiles/hyde.dir/emitters/yaml_library_emitter.cpp.o\nFAILED: CMakeFiles/hyde.dir/emitters/yaml_library_emitter.cpp.o \n/usr/bin/clang++ -DBOOST_ALL_NO_LIB -DCLANG_RESOURCE_DIR=\\\"/usr/lib/llvm-13/lib/clang/13.0.1\\\" -DLLVM_INCLUDE_DIR=\\\"/usr/lib/llvm-13/include\\\" -I/usr/lib/llvm-13/include -I/usr/src/hyde -I/usr/src/hyde/include -I/usr/src/hyde/submodules/yaml-cpp/include -I/usr/src/hyde/submodules/json/include -D_GNU_SOURCE -D__STDC_CONSTANT_MACROS -D__STDC_FORMAT_MACROS -D__STDC_LIMIT_MACROS -Wall -Wno-comment -Werror -Wno-range-loop-analysis -DHYDE_FORCE_BOOST_FILESYSTEM=1 -std=c++17 -MD -MT CMakeFiles/hyde.dir/emitters/yaml_library_emitter.cpp.o -MF CMakeFiles/hyde.dir/emitters/yaml_library_emitter.cpp.o.d -o CMakeFiles/hyde.dir/emitters/yaml_library_emitter.cpp.o -c /usr/src/hyde/emitters/yaml_library_emitter.cpp\nIn file included from /usr/src/hyde/emitters/yaml_library_emitter.cpp:13:\nIn file included from /usr/src/hyde/emitters/yaml_library_emitter.hpp:16:\nIn file included from /usr/src/hyde/emitters/yaml_base_emitter.hpp:19:\n/usr/src/hyde/include/json.hpp:15:10: fatal error: 'nlohmann/json.hpp' file not found\n#include \"nlohmann/json.hpp\"\n         ^~~~~~~~~~~~~~~~~~~\n1 error generated.\n[3/17] Building CXX object CMakeFiles/hyde.dir/emitters/yaml_function_emitter.cpp.o\nFAILED: CMakeFiles/hyde.dir/emitters/yaml_function_emitter.cpp.o \n/usr/bin/clang++ -DBOOST_ALL_NO_LIB -DCLANG_RESOURCE_DIR=\\\"/usr/lib/llvm-13/lib/clang/13.0.1\\\" -DLLVM_INCLUDE_DIR=\\\"/usr/lib/llvm-13/include\\\" -I/usr/lib/llvm-13/include -I/usr/src/hyde -I/usr/src/hyde/include -I/usr/src/hyde/submodules/yaml-cpp/include -I/usr/src/hyde/submodules/json/include -D_GNU_SOURCE -D__STDC_CONSTANT_MACROS -D__STDC_FORMAT_MACROS -D__STDC_LIMIT_MACROS -Wall -Wno-comment -Werror -Wno-range-loop-analysis -DHYDE_FORCE_BOOST_FILESYSTEM=1 -std=c++17 -MD -MT CMakeFiles/hyde.dir/emitters/yaml_function_emitter.cpp.o -MF CMakeFiles/hyde.dir/emitters/yaml_function_emitter.cpp.o.d -o CMakeFiles/hyde.dir/emitters/yaml_function_emitter.cpp.o -c /usr/src/hyde/emitters/yaml_function_emitter.cpp\nIn file included from /usr/src/hyde/emitters/yaml_function_emitter.cpp:13:\nIn file included from /usr/src/hyde/emitters/yaml_function_emitter.hpp:15:\nIn file included from /usr/src/hyde/emitters/yaml_base_emitter.hpp:19:\n/usr/src/hyde/include/json.hpp:15:10: fatal error: 'nlohmann/json.hpp' file not found\n#include \"nlohmann/json.hpp\"\n         ^~~~~~~~~~~~~~~~~~~\n1 error generated.\n[4/17] Building CXX object CMakeFiles/hyde.dir/emitters/yaml_class_emitter.cpp.o\nFAILED: CMakeFiles/hyde.dir/emitters/yaml_class_emitter.cpp.o \n/usr/bin/clang++ -DBOOST_ALL_NO_LIB -DCLANG_RESOURCE_DIR=\\\"/usr/lib/llvm-13/lib/clang/13.0.1\\\" -DLLVM_INCLUDE_DIR=\\\"/usr/lib/llvm-13/include\\\" -I/usr/lib/llvm-13/include -I/usr/src/hyde -I/usr/src/hyde/include -I/usr/src/hyde/submodules/yaml-cpp/include -I/usr/src/hyde/submodules/json/include -D_GNU_SOURCE -D__STDC_CONSTANT_MACROS -D__STDC_FORMAT_MACROS -D__STDC_LIMIT_MACROS -Wall -Wno-comment -Werror -Wno-range-loop-analysis -DHYDE_FORCE_BOOST_FILESYSTEM=1 -std=c++17 -MD -MT CMakeFiles/hyde.dir/emitters/yaml_class_emitter.cpp.o -MF CMakeFiles/hyde.dir/emitters/yaml_class_emitter.cpp.o.d -o CMakeFiles/hyde.dir/emitters/yaml_class_emitter.cpp.o -c /usr/src/hyde/emitters/yaml_class_emitter.cpp\nIn file included from /usr/src/hyde/emitters/yaml_class_emitter.cpp:13:\nIn file included from /usr/src/hyde/emitters/yaml_class_emitter.hpp:15:\nIn file included from /usr/src/hyde/emitters/yaml_base_emitter.hpp:19:\n/usr/src/hyde/include/json.hpp:15:10: fatal error: 'nlohmann/json.hpp' file not found\n#include \"nlohmann/json.hpp\"\n         ^~~~~~~~~~~~~~~~~~~\n1 error generated.\n[5/17] Building CXX object CMakeFiles/hyde.dir/sources/output_yaml.cpp.o\nFAILED: CMakeFiles/hyde.dir/sources/output_yaml.cpp.o \n/usr/bin/clang++ -DBOOST_ALL_NO_LIB -DCLANG_RESOURCE_DIR=\\\"/usr/lib/llvm-13/lib/clang/13.0.1\\\" -DLLVM_INCLUDE_DIR=\\\"/usr/lib/llvm-13/include\\\" -I/usr/lib/llvm-13/include -I/usr/src/hyde -I/usr/src/hyde/include -I/usr/src/hyde/submodules/yaml-cpp/include -I/usr/src/hyde/submodules/json/include -D_GNU_SOURCE -D__STDC_CONSTANT_MACROS -D__STDC_FORMAT_MACROS -D__STDC_LIMIT_MACROS -Wall -Wno-comment -Werror -Wno-range-loop-analysis -DHYDE_FORCE_BOOST_FILESYSTEM=1 -std=c++17 -MD -MT CMakeFiles/hyde.dir/sources/output_yaml.cpp.o -MF CMakeFiles/hyde.dir/sources/output_yaml.cpp.o.d -o CMakeFiles/hyde.dir/sources/output_yaml.cpp.o -c /usr/src/hyde/sources/output_yaml.cpp\nIn file included from /usr/src/hyde/sources/output_yaml.cpp:13:\nIn file included from /usr/src/hyde/include/output_yaml.hpp:18:\n/usr/src/hyde/include/json_fwd.hpp:15:10: fatal error: 'nlohmann/json_fwd.hpp' file not found\n#include \"nlohmann/json_fwd.hpp\"\n         ^~~~~~~~~~~~~~~~~~~~~~~\n1 error generated.\n[6/17] Building CXX object CMakeFiles/hyde.dir/emitters/yaml_sourcefile_emitter.cpp.o\nFAILED: CMakeFiles/hyde.dir/emitters/yaml_sourcefile_emitter.cpp.o \n/usr/bin/clang++ -DBOOST_ALL_NO_LIB -DCLANG_RESOURCE_DIR=\\\"/usr/lib/llvm-13/lib/clang/13.0.1\\\" -DLLVM_INCLUDE_DIR=\\\"/usr/lib/llvm-13/include\\\" -I/usr/lib/llvm-13/include -I/usr/src/hyde -I/usr/src/hyde/include -I/usr/src/hyde/submodules/yaml-cpp/include -I/usr/src/hyde/submodules/json/include -D_GNU_SOURCE -D__STDC_CONSTANT_MACROS -D__STDC_FORMAT_MACROS -D__STDC_LIMIT_MACROS -Wall -Wno-comment -Werror -Wno-range-loop-analysis -DHYDE_FORCE_BOOST_FILESYSTEM=1 -std=c++17 -MD -MT CMakeFiles/hyde.dir/emitters/yaml_sourcefile_emitter.cpp.o -MF CMakeFiles/hyde.dir/emitters/yaml_sourcefile_emitter.cpp.o.d -o CMakeFiles/hyde.dir/emitters/yaml_sourcefile_emitter.cpp.o -c /usr/src/hyde/emitters/yaml_sourcefile_emitter.cpp\nIn file included from /usr/src/hyde/emitters/yaml_sourcefile_emitter.cpp:13:\nIn file included from /usr/src/hyde/emitters/yaml_sourcefile_emitter.hpp:15:\nIn file included from /usr/src/hyde/emitters/yaml_base_emitter.hpp:19:\n/usr/src/hyde/include/json.hpp:15:10: fatal error: 'nlohmann/json.hpp' file not found\n#include \"nlohmann/json.hpp\"\n         ^~~~~~~~~~~~~~~~~~~\n1 error generated.\n[7/17] Building CXX object CMakeFiles/hyde.dir/sources/autodetect.cpp.o\n[8/17] Building CXX object CMakeFiles/hyde.dir/emitters/yaml_base_emitter.cpp.o\nFAILED: CMakeFiles/hyde.dir/emitters/yaml_base_emitter.cpp.o \n/usr/bin/clang++ -DBOOST_ALL_NO_LIB -DCLANG_RESOURCE_DIR=\\\"/usr/lib/llvm-13/lib/clang/13.0.1\\\" -DLLVM_INCLUDE_DIR=\\\"/usr/lib/llvm-13/include\\\" -I/usr/lib/llvm-13/include -I/usr/src/hyde -I/usr/src/hyde/include -I/usr/src/hyde/submodules/yaml-cpp/include -I/usr/src/hyde/submodules/json/include -D_GNU_SOURCE -D__STDC_CONSTANT_MACROS -D__STDC_FORMAT_MACROS -D__STDC_LIMIT_MACROS -Wall -Wno-comment -Werror -Wno-range-loop-analysis -DHYDE_FORCE_BOOST_FILESYSTEM=1 -std=c++17 -MD -MT CMakeFiles/hyde.dir/emitters/yaml_base_emitter.cpp.o -MF CMakeFiles/hyde.dir/emitters/yaml_base_emitter.cpp.o.d -o CMakeFiles/hyde.dir/emitters/yaml_base_emitter.cpp.o -c /usr/src/hyde/emitters/yaml_base_emitter.cpp\nIn file included from /usr/src/hyde/emitters/yaml_base_emitter.cpp:13:\nIn file included from /usr/src/hyde/emitters/yaml_base_emitter.hpp:19:\n/usr/src/hyde/include/json.hpp:15:10: fatal error: 'nlohmann/json.hpp' file not found\n#include \"nlohmann/json.hpp\"\n         ^~~~~~~~~~~~~~~~~~~\n1 error generated.\n[9/17] Building CXX object CMakeFiles/hyde.dir/matchers/typedef_matcher.cpp.o\nFAILED: CMakeFiles/hyde.dir/matchers/typedef_matcher.cpp.o \n/usr/bin/clang++ -DBOOST_ALL_NO_LIB -DCLANG_RESOURCE_DIR=\\\"/usr/lib/llvm-13/lib/clang/13.0.1\\\" -DLLVM_INCLUDE_DIR=\\\"/usr/lib/llvm-13/include\\\" -I/usr/lib/llvm-13/include -I/usr/src/hyde -I/usr/src/hyde/include -I/usr/src/hyde/submodules/yaml-cpp/include -I/usr/src/hyde/submodules/json/include -D_GNU_SOURCE -D__STDC_CONSTANT_MACROS -D__STDC_FORMAT_MACROS -D__STDC_LIMIT_MACROS -Wall -Wno-comment -Werror -Wno-range-loop-analysis -DHYDE_FORCE_BOOST_FILESYSTEM=1 -std=c++17 -MD -MT CMakeFiles/hyde.dir/matchers/typedef_matcher.cpp.o -MF CMakeFiles/hyde.dir/matchers/typedef_matcher.cpp.o.d -o CMakeFiles/hyde.dir/matchers/typedef_matcher.cpp.o -c /usr/src/hyde/matchers/typedef_matcher.cpp\nIn file included from /usr/src/hyde/matchers/typedef_matcher.cpp:13:\nIn file included from /usr/src/hyde/matchers/typedef_matcher.hpp:19:\n/usr/src/hyde/include/json.hpp:15:10: fatal error: 'nlohmann/json.hpp' file not found\n#include \"nlohmann/json.hpp\"\n         ^~~~~~~~~~~~~~~~~~~\n1 error generated.\n[10/17] Building CXX object CMakeFiles/hyde.dir/matchers/function_matcher.cpp.o\nFAILED: CMakeFiles/hyde.dir/matchers/function_matcher.cpp.o \n/usr/bin/clang++ -DBOOST_ALL_NO_LIB -DCLANG_RESOURCE_DIR=\\\"/usr/lib/llvm-13/lib/clang/13.0.1\\\" -DLLVM_INCLUDE_DIR=\\\"/usr/lib/llvm-13/include\\\" -I/usr/lib/llvm-13/include -I/usr/src/hyde -I/usr/src/hyde/include -I/usr/src/hyde/submodules/yaml-cpp/include -I/usr/src/hyde/submodules/json/include -D_GNU_SOURCE -D__STDC_CONSTANT_MACROS -D__STDC_FORMAT_MACROS -D__STDC_LIMIT_MACROS -Wall -Wno-comment -Werror -Wno-range-loop-analysis -DHYDE_FORCE_BOOST_FILESYSTEM=1 -std=c++17 -MD -MT CMakeFiles/hyde.dir/matchers/function_matcher.cpp.o -MF CMakeFiles/hyde.dir/matchers/function_matcher.cpp.o.d -o CMakeFiles/hyde.dir/matchers/function_matcher.cpp.o -c /usr/src/hyde/matchers/function_matcher.cpp\nIn file included from /usr/src/hyde/matchers/function_matcher.cpp:13:\nIn file included from /usr/src/hyde/matchers/function_matcher.hpp:19:\n/usr/src/hyde/include/json.hpp:15:10: fatal error: 'nlohmann/json.hpp' file not found\n#include \"nlohmann/json.hpp\"\n         ^~~~~~~~~~~~~~~~~~~\n1 error generated.\n[11/17] Building CXX object CMakeFiles/hyde.dir/matchers/enum_matcher.cpp.o\nFAILED: CMakeFiles/hyde.dir/matchers/enum_matcher.cpp.o \n/usr/bin/clang++ -DBOOST_ALL_NO_LIB -DCLANG_RESOURCE_DIR=\\\"/usr/lib/llvm-13/lib/clang/13.0.1\\\" -DLLVM_INCLUDE_DIR=\\\"/usr/lib/llvm-13/include\\\" -I/usr/lib/llvm-13/include -I/usr/src/hyde -I/usr/src/hyde/include -I/usr/src/hyde/submodules/yaml-cpp/include -I/usr/src/hyde/submodules/json/include -D_GNU_SOURCE -D__STDC_CONSTANT_MACROS -D__STDC_FORMAT_MACROS -D__STDC_LIMIT_MACROS -Wall -Wno-comment -Werror -Wno-range-loop-analysis -DHYDE_FORCE_BOOST_FILESYSTEM=1 -std=c++17 -MD -MT CMakeFiles/hyde.dir/matchers/enum_matcher.cpp.o -MF CMakeFiles/hyde.dir/matchers/enum_matcher.cpp.o.d -o CMakeFiles/hyde.dir/matchers/enum_matcher.cpp.o -c /usr/src/hyde/matchers/enum_matcher.cpp\nIn file included from /usr/src/hyde/matchers/enum_matcher.cpp:13:\nIn file included from /usr/src/hyde/matchers/enum_matcher.hpp:19:\n/usr/src/hyde/include/json.hpp:15:10: fatal error: 'nlohmann/json.hpp' file not found\n#include \"nlohmann/json.hpp\"\n         ^~~~~~~~~~~~~~~~~~~\n1 error generated.\n[12/17] Building CXX object CMakeFiles/hyde.dir/matchers/namespace_matcher.cpp.o\nFAILED: CMakeFiles/hyde.dir/matchers/namespace_matcher.cpp.o \n/usr/bin/clang++ -DBOOST_ALL_NO_LIB -DCLANG_RESOURCE_DIR=\\\"/usr/lib/llvm-13/lib/clang/13.0.1\\\" -DLLVM_INCLUDE_DIR=\\\"/usr/lib/llvm-13/include\\\" -I/usr/lib/llvm-13/include -I/usr/src/hyde -I/usr/src/hyde/include -I/usr/src/hyde/submodules/yaml-cpp/include -I/usr/src/hyde/submodules/json/include -D_GNU_SOURCE -D__STDC_CONSTANT_MACROS -D__STDC_FORMAT_MACROS -D__STDC_LIMIT_MACROS -Wall -Wno-comment -Werror -Wno-range-loop-analysis -DHYDE_FORCE_BOOST_FILESYSTEM=1 -std=c++17 -MD -MT CMakeFiles/hyde.dir/matchers/namespace_matcher.cpp.o -MF CMakeFiles/hyde.dir/matchers/namespace_matcher.cpp.o.d -o CMakeFiles/hyde.dir/matchers/namespace_matcher.cpp.o -c /usr/src/hyde/matchers/namespace_matcher.cpp\nIn file included from /usr/src/hyde/matchers/namespace_matcher.cpp:13:\nIn file included from /usr/src/hyde/matchers/namespace_matcher.hpp:19:\n/usr/src/hyde/include/json.hpp:15:10: fatal error: 'nlohmann/json.hpp' file not found\n#include \"nlohmann/json.hpp\"\n         ^~~~~~~~~~~~~~~~~~~\n1 error generated.\n[13/17] Building CXX object CMakeFiles/hyde.dir/matchers/typealias_matcher.cpp.o\nFAILED: CMakeFiles/hyde.dir/matchers/typealias_matcher.cpp.o \n/usr/bin/clang++ -DBOOST_ALL_NO_LIB -DCLANG_RESOURCE_DIR=\\\"/usr/lib/llvm-13/lib/clang/13.0.1\\\" -DLLVM_INCLUDE_DIR=\\\"/usr/lib/llvm-13/include\\\" -I/usr/lib/llvm-13/include -I/usr/src/hyde -I/usr/src/hyde/include -I/usr/src/hyde/submodules/yaml-cpp/include -I/usr/src/hyde/submodules/json/include -D_GNU_SOURCE -D__STDC_CONSTANT_MACROS -D__STDC_FORMAT_MACROS -D__STDC_LIMIT_MACROS -Wall -Wno-comment -Werror -Wno-range-loop-analysis -DHYDE_FORCE_BOOST_FILESYSTEM=1 -std=c++17 -MD -MT CMakeFiles/hyde.dir/matchers/typealias_matcher.cpp.o -MF CMakeFiles/hyde.dir/matchers/typealias_matcher.cpp.o.d -o CMakeFiles/hyde.dir/matchers/typealias_matcher.cpp.o -c /usr/src/hyde/matchers/typealias_matcher.cpp\nIn file included from /usr/src/hyde/matchers/typealias_matcher.cpp:13:\nIn file included from /usr/src/hyde/matchers/typealias_matcher.hpp:19:\n/usr/src/hyde/include/json.hpp:15:10: fatal error: 'nlohmann/json.hpp' file not found\n#include \"nlohmann/json.hpp\"\n         ^~~~~~~~~~~~~~~~~~~\n1 error generated.\n[14/17] Building CXX object CMakeFiles/hyde.dir/matchers/utilities.cpp.o\nFAILED: CMakeFiles/hyde.dir/matchers/utilities.cpp.o \n/usr/bin/clang++ -DBOOST_ALL_NO_LIB -DCLANG_RESOURCE_DIR=\\\"/usr/lib/llvm-13/lib/clang/13.0.1\\\" -DLLVM_INCLUDE_DIR=\\\"/usr/lib/llvm-13/include\\\" -I/usr/lib/llvm-13/include -I/usr/src/hyde -I/usr/src/hyde/include -I/usr/src/hyde/submodules/yaml-cpp/include -I/usr/src/hyde/submodules/json/include -D_GNU_SOURCE -D__STDC_CONSTANT_MACROS -D__STDC_FORMAT_MACROS -D__STDC_LIMIT_MACROS -Wall -Wno-comment -Werror -Wno-range-loop-analysis -DHYDE_FORCE_BOOST_FILESYSTEM=1 -std=c++17 -MD -MT CMakeFiles/hyde.dir/matchers/utilities.cpp.o -MF CMakeFiles/hyde.dir/matchers/utilities.cpp.o.d -o CMakeFiles/hyde.dir/matchers/utilities.cpp.o -c /usr/src/hyde/matchers/utilities.cpp\nIn file included from /usr/src/hyde/matchers/utilities.cpp:13:\nIn file included from /usr/src/hyde/matchers/utilities.hpp:26:\n/usr/src/hyde/include/json.hpp:15:10: fatal error: 'nlohmann/json.hpp' file not found\n#include \"nlohmann/json.hpp\"\n         ^~~~~~~~~~~~~~~~~~~\n1 error generated.\n[15/17] Building CXX object CMakeFiles/hyde.dir/matchers/class_matcher.cpp.o\nFAILED: CMakeFiles/hyde.dir/matchers/class_matcher.cpp.o \n/usr/bin/clang++ -DBOOST_ALL_NO_LIB -DCLANG_RESOURCE_DIR=\\\"/usr/lib/llvm-13/lib/clang/13.0.1\\\" -DLLVM_INCLUDE_DIR=\\\"/usr/lib/llvm-13/include\\\" -I/usr/lib/llvm-13/include -I/usr/src/hyde -I/usr/src/hyde/include -I/usr/src/hyde/submodules/yaml-cpp/include -I/usr/src/hyde/submodules/json/include -D_GNU_SOURCE -D__STDC_CONSTANT_MACROS -D__STDC_FORMAT_MACROS -D__STDC_LIMIT_MACROS -Wall -Wno-comment -Werror -Wno-range-loop-analysis -DHYDE_FORCE_BOOST_FILESYSTEM=1 -std=c++17 -MD -MT CMakeFiles/hyde.dir/matchers/class_matcher.cpp.o -MF CMakeFiles/hyde.dir/matchers/class_matcher.cpp.o.d -o CMakeFiles/hyde.dir/matchers/class_matcher.cpp.o -c /usr/src/hyde/matchers/class_matcher.cpp\nIn file included from /usr/src/hyde/matchers/class_matcher.cpp:13:\nIn file included from /usr/src/hyde/matchers/class_matcher.hpp:19:\n/usr/src/hyde/include/json.hpp:15:10: fatal error: 'nlohmann/json.hpp' file not found\n#include \"nlohmann/json.hpp\"\n         ^~~~~~~~~~~~~~~~~~~\n1 error generated.\n[16/17] Building CXX object CMakeFiles/hyde.dir/sources/main.cpp.o\nFAILED: CMakeFiles/hyde.dir/sources/main.cpp.o \n/usr/bin/clang++ -DBOOST_ALL_NO_LIB -DCLANG_RESOURCE_DIR=\\\"/usr/lib/llvm-13/lib/clang/13.0.1\\\" -DLLVM_INCLUDE_DIR=\\\"/usr/lib/llvm-13/include\\\" -I/usr/lib/llvm-13/include -I/usr/src/hyde -I/usr/src/hyde/include -I/usr/src/hyde/submodules/yaml-cpp/include -I/usr/src/hyde/submodules/json/include -D_GNU_SOURCE -D__STDC_CONSTANT_MACROS -D__STDC_FORMAT_MACROS -D__STDC_LIMIT_MACROS -Wall -Wno-comment -Werror -Wno-range-loop-analysis -DHYDE_FORCE_BOOST_FILESYSTEM=1 -std=c++17 -MD -MT CMakeFiles/hyde.dir/sources/main.cpp.o -MF CMakeFiles/hyde.dir/sources/main.cpp.o.d -o CMakeFiles/hyde.dir/sources/main.cpp.o -c /usr/src/hyde/sources/main.cpp\nIn file included from /usr/src/hyde/sources/main.cpp:32:\n/usr/src/hyde/include/json.hpp:15:10: fatal error: 'nlohmann/json.hpp' file not found\n#include \"nlohmann/json.hpp\"\n         ^~~~~~~~~~~~~~~~~~~\n1 error generated.\nninja: build stopped: subcommand failed.\nRemoving intermediate container fab6c5cbd1b1\n","stderr":"The command '/bin/sh -c mkdir -p build     && cd build     && rm -rf *      && cmake .. -GNinja     && ninja' returned a non-zero code: 1\n"},"endTime":1672514519776}