{"repository":"https://github.com/summitech/gitexplorer","dockerfilePath":"Dockerfile","startTime":1673016802350,"endTime":1673016984653,"clone":{"startTime":1673016802350,"stdout":"","stderr":"Cloning into '/tmp/dinghy-analysis/summitech/gitexplorer'...\n","error":null,"endTime":1673016803228,"commit":"ffe8b11b692ee93aa07078d105a9a2dab07e50f7"},"originalBuild":{"startTime":1673016803334,"endTime":1673016984592,"error":{"code":1,"killed":false,"signal":null,"cmd":"docker build --no-cache --force-rm -t gitexplorer:latest -f /tmp/dinghy-analysis/summitech/gitexplorer/Dockerfile ."},"stdout":"Sending build context to Docker daemon  2.805MB\r\r\nStep 1/9 : FROM node:alpine as builder\nalpine: Pulling from library/node\nc158987b0551: Already exists\n27ae9ce8b069: Pulling fs layer\nab5501735aae: Pulling fs layer\n9ce0a5833ea2: Pulling fs layer\n9ce0a5833ea2: Waiting\nab5501735aae: Waiting\n27ae9ce8b069: Waiting\n27ae9ce8b069: Verifying Checksum\n27ae9ce8b069: Download complete\nab5501735aae: Download complete\n9ce0a5833ea2: Verifying Checksum\n9ce0a5833ea2: Download complete\n27ae9ce8b069: Pull complete\nab5501735aae: Pull complete\n9ce0a5833ea2: Pull complete\nDigest: sha256:3ed634e0f15d3e05a1918c3949963508f7ed56350cf94156e6d804ae577849fa\nStatus: Downloaded newer image for node:alpine\n ---> f01bef8b5e92\nStep 2/9 : ENV NODE_ENV=development     PORT=3000     SHELL=/bin/bash\n ---> Running in aeb1054b66fd\nRemoving intermediate container aeb1054b66fd\n ---> 4581b3db06b9\nStep 3/9 : RUN apk update && apk add --no-cache make git gnupg bash\n ---> Running in 2a0671b0df36\nfetch https://dl-cdn.alpinelinux.org/alpine/v3.17/main/x86_64/APKINDEX.tar.gz\nfetch https://dl-cdn.alpinelinux.org/alpine/v3.17/community/x86_64/APKINDEX.tar.gz\nv3.17.0-332-g13963e2526 [https://dl-cdn.alpinelinux.org/alpine/v3.17/main]\nv3.17.0-336-ga9d27aafa7 [https://dl-cdn.alpinelinux.org/alpine/v3.17/community]\nOK: 17815 distinct packages available\nfetch https://dl-cdn.alpinelinux.org/alpine/v3.17/main/x86_64/APKINDEX.tar.gz\nfetch https://dl-cdn.alpinelinux.org/alpine/v3.17/community/x86_64/APKINDEX.tar.gz\n(1/40) Installing ncurses-terminfo-base (6.3_p20221119-r0)\n(2/40) Installing ncurses-libs (6.3_p20221119-r0)\n(3/40) Installing readline (8.2.0-r0)\n(4/40) Installing bash (5.2.15-r0)\nExecuting bash-5.2.15-r0.post-install\n(5/40) Installing ca-certificates (20220614-r3)\n(6/40) Installing brotli-libs (1.0.9-r9)\n(7/40) Installing nghttp2-libs (1.51.0-r0)\n(8/40) Installing libcurl (7.87.0-r0)\n(9/40) Installing libexpat (2.5.0-r0)\n(10/40) Installing pcre2 (10.42-r0)\n(11/40) Installing git (2.38.2-r0)\n(12/40) Installing libgpg-error (1.46-r1)\n(13/40) Installing libassuan (2.5.5-r1)\n(14/40) Installing pinentry (1.2.1-r0)\nExecuting pinentry-1.2.1-r0.post-install\n(15/40) Installing libgcrypt (1.10.1-r0)\n(16/40) Installing gnupg-gpgconf (2.2.40-r0)\n(17/40) Installing libbz2 (1.0.8-r4)\n(18/40) Installing sqlite-libs (3.40.1-r0)\n(19/40) Installing gpg (2.2.40-r0)\n(20/40) Installing npth (1.6-r2)\n(21/40) Installing gpg-agent (2.2.40-r0)\n(22/40) Installing gpg-wks-server (2.2.40-r0)\n(23/40) Installing libksba (1.6.3-r0)\n(24/40) Installing gpgsm (2.2.40-r0)\n(25/40) Installing gpgv (2.2.40-r0)\n(26/40) Installing gmp (6.2.1-r2)\n(27/40) Installing nettle (3.8.1-r0)\n(28/40) Installing libffi (3.4.4-r0)\n(29/40) Installing p11-kit (0.24.1-r1)\n(30/40) Installing libtasn1 (4.19.0-r0)\n(31/40) Installing libunistring (1.1-r0)\n(32/40) Installing gnutls (3.7.8-r2)\n(33/40) Installing gdbm (1.23-r0)\n(34/40) Installing libsasl (2.1.28-r3)\n(35/40) Installing libldap (2.6.3-r6)\n(36/40) Installing gnupg-dirmngr (2.2.40-r0)\n(37/40) Installing gnupg-utils (2.2.40-r0)\n(38/40) Installing gnupg-wks-client (2.2.40-r0)\n(39/40) Installing gnupg (2.2.40-r0)\n(40/40) Installing make (4.3-r1)\nExecuting busybox-1.35.0-r29.trigger\nExecuting ca-certificates-20220614-r3.trigger\nOK: 34 MiB in 57 packages\nRemoving intermediate container 2a0671b0df36\n ---> d922a0c047d9\nStep 4/9 : WORKDIR /usr/app\n ---> Running in 3a45182c88f4\nRemoving intermediate container 3a45182c88f4\n ---> ebccf9718006\nStep 5/9 : COPY . ./\n ---> cff28f993eaf\nStep 6/9 : RUN npm set progress=false && npm install\n ---> Running in 80b08b295b25\n\u001b[91mnpm WARN ERESOLVE\u001b[0m\u001b[91m overriding peer dependency\n\u001b[0m\u001b[91mnpm WARN While resolving: eslint-config-react-app@5.2.0\nnpm WARN Found: eslint-plugin-flowtype@4.6.0\nnpm WARN node_modules/react-scripts/node_modules/eslint-plugin-flowtype\nnpm WARN   eslint-plugin-flowtype@\"4.6.0\" from react-scripts@3.4.0\nnpm WARN   node_modules/react-scripts\n\u001b[0m\u001b[91mnpm WARN     react-scripts@\"3.4.0\" from the root project\nnpm WARN \nnpm WARN Could not resolve dependency:\nnpm WARN\u001b[0m\u001b[91m peer eslint-plugin-flowtype@\"3.x\" from eslint-config-react-app@5.2.0\nnpm WARN\u001b[0m\u001b[91m node_modules/react-scripts/node_modules/eslint-config-react-app\nnpm WARN\u001b[0m\u001b[91m   eslint-config-react-app@\"^5.2.0\" from react-scripts@3.4.0\nnpm WARN\u001b[0m\u001b[91m   node_modules/react-scripts\nnpm WARN\u001b[0m\u001b[91m \nnpm WARN Conflicting peer dependency: eslint-plugin-flowtype@3.13.0\nnpm WARN\u001b[0m\u001b[91m node_modules/eslint-plugin-flowtype\nnpm WARN   peer eslint-plugin-flowtype@\"3.x\" from eslint-config-react-app@5.2.0\nnpm WARN\u001b[0m\u001b[91m   node_modules/react-scripts/node_modules/eslint-config-react-app\nnpm WARN\u001b[0m\u001b[91m     eslint-config-react-app@\"^5.2.0\" from react-scripts@3.4.0\nnpm WARN\u001b[0m\u001b[91m     node_modules/react-scripts\n\u001b[0m\u001b[91mnpm\u001b[0m\u001b[91m WARN deprecated\u001b[0m\u001b[91m @hapi/topo@3.1.6: This version has been deprecated and is no longer supported or maintained\n\u001b[0m\u001b[91mnpm WARN deprecated @hapi/bourne@1.3.2: This version has been deprecated and is no longer supported or maintained\n\u001b[0m\u001b[91mnpm WARN deprecated @hapi/address@2.1.4: Moved to 'npm install @sideway/address'\n\u001b[0m\u001b[91mnpm WARN deprecated @hapi/hoek@8.5.1: This version has been deprecated and is no longer supported or maintained\n\u001b[0m\u001b[91mnpm WARN deprecated querystring@0.2.0: The querystring API is considered Legacy. new code should use the URLSearchParams API instead.\n\u001b[0m\u001b[91mnpm WARN deprecated stable@0.1.8: Modern JS already guarantees Array#sort() is a stable sort, so this library is deprecated. See the compatibility table on MDN: https://developer.mozilla.org/en-US/docs/Web/JavaScript/Reference/Global_Objects/Array/sort#browser_compatibility\n\u001b[0m\u001b[91mnpm WARN deprecated resolve-url@0.2.1: https://github.com/lydell/resolve-url#deprecated\n\u001b[0m\u001b[91mnpm WARN deprecated urix@0.1.0: Please see https://github.com/lydell/urix#deprecated\n\u001b[0m\u001b[91mnpm WARN deprecated source-map-url@0.4.0: See https://github.com/lydell/source-map-url#deprecated\n\u001b[0m\u001b[91mnpm WARN deprecated source-map-resolve@0.5.3: See https://github.com/lydell/source-map-resolve#deprecated\n\u001b[0m\u001b[91mnpm WARN deprecated har-validator@5.1.3: this library is no longer supported\n\u001b[0m\u001b[91mnpm WARN deprecated ini@1.3.5: Please update to ini >=1.3.6 to avoid a prototype pollution issue\n\u001b[0m\u001b[91mnpm WARN deprecated uuid@3.4.0: Please upgrade  to version 7 or higher.  Older versions may use Math.random() in certain circumstances, which is known to be problematic.  See https://v8.dev/blog/math-random for details.\n\u001b[0m\u001b[91mnpm WARN deprecated flatten@1.0.3: flatten is deprecated in favor of utility frameworks such as lodash.\n\u001b[0m\u001b[91mnpm WARN deprecated @hapi/joi@15.1.1: Switch to 'npm install joi'\n\u001b[0m\u001b[91mnpm WARN deprecated request-promise-native@1.0.8: request-promise-native has been deprecated because it extends the now deprecated request package, see https://github.com/request/request/issues/3142\n\u001b[0m\u001b[91mnpm WARN deprecated w3c-hr-time@1.0.1: Use your platform's native performance.now() and performance.timeOrigin.\n\u001b[0m\u001b[91mnpm WARN deprecated left-pad@1.3.0: use String.prototype.padStart()\n\u001b[0m\u001b[91mnpm WARN deprecated sane@4.1.0: some dependency vulnerabilities fixed, support for node < 10 dropped, and newer ECMAScript syntax/features added\n\u001b[0m\u001b[91mnpm WARN deprecated svgo@1.3.2: This SVGO version is no longer supported. Upgrade to v2.x.x.\n\u001b[0m\u001b[91mnpm WARN deprecated eslint-loader@3.0.3: This loader has been deprecated. Please use eslint-webpack-plugin\n\u001b[0m\u001b[91mnpm WARN deprecated babel-eslint@10.0.3: babel-eslint is now @babel/eslint-parser. This package will no longer receive updates.\n\u001b[0m\u001b[91mnpm WARN deprecated html-webpack-plugin@4.0.0-beta.11: please switch to a stable version\n\u001b[0m\u001b[91mnpm WARN deprecated chokidar@2.1.8: Chokidar 2 does not receive security updates since 2019. Upgrade to chokidar 3 with 15x fewer dependencies\n\u001b[0m\u001b[91mnpm WARN deprecated request@2.88.2: request has been deprecated, see https://github.com/request/request/issues/3142\n\u001b[0m\u001b[91mnpm WARN deprecated debug@4.1.1: Debug versions >=3.2.0 <3.2.7 || >=4 <4.3.1 have a low-severity ReDos regression when used in a Node.js environment. It is recommended you upgrade to 3.2.7 or 4.3.1. (https://github.com/visionmedia/debug/issues/797)\n\u001b[0m\u001b[91mnpm WARN deprecated debug@3.2.6: Debug versions >=3.2.0 <3.2.7 || >=4 <4.3.1 have a low-severity ReDos regression when used in a Node.js environment. It is recommended you upgrade to 3.2.7 or 4.3.1. (https://github.com/visionmedia/debug/issues/797)\n\u001b[0m\u001b[91mnpm WARN deprecated node-sass-chokidar@1.4.0: Package no longer supported. Contact Support at https://www.npmjs.com/support for more info.\n\u001b[0m\u001b[91mnpm WARN deprecated debug@3.2.6: Debug versions >=3.2.0 <3.2.7 || >=4 <4.3.1 have a low-severity ReDos regression when used in a Node.js environment. It is recommended you upgrade to 3.2.7 or 4.3.1. (https://github.com/visionmedia/debug/issues/797)\n\u001b[0m\u001b[91mnpm WARN deprecated mkdirp@0.5.1: Legacy versions of mkdirp are no longer supported. Please update to mkdirp 1.x. (Note that the API surface has changed to use Promises in 1.x.)\n\u001b[0m\u001b[91mnpm WARN deprecated debug@3.2.6: Debug versions >=3.2.0 <3.2.7 || >=4 <4.3.1 have a low-severity ReDos regression when used in a Node.js environment. It is recommended you upgrade to 3.2.7 or 4.3.1. (https://github.com/visionmedia/debug/issues/797)\n\u001b[0m\u001b[91mnpm WARN deprecated tar@2.2.2: This version of tar is no longer supported, and will not receive security updates. Please upgrade asap.\n\u001b[0m\u001b[91mnpm WARN deprecated core-js@3.6.4: core-js@<3.23.3 is no longer maintained and not recommended for usage due to the number of issues. Because of the V8 engine whims, feature detection in old core-js versions could cause a slowdown up to 100x even if nothing is polyfilled. Some versions have web compatibility issues. Please, upgrade your dependencies to the actual version of core-js.\n\u001b[0m\u001b[91mnpm WARN deprecated core-js@2.6.11: core-js@<3.23.3 is no longer maintained and not recommended for usage due to the number of issues. Because of the V8 engine whims, feature detection in old core-js versions could cause a slowdown up to 100x even if nothing is polyfilled. Some versions have web compatibility issues. Please, upgrade your dependencies to the actual version of core-js.\n\u001b[0m\u001b[91mnpm ERR! code 1\n\u001b[0m\u001b[91mnpm ERR! path /usr/app/node_modules/node-sass\n\u001b[0m\u001b[91mnpm ERR! command failed\nnpm\u001b[0m\u001b[91m ERR! command sh -c node scripts/build.js\nnpm ERR! Building: /usr/local/bin/node /usr/app/node_modules/node-gyp/bin/node-gyp.js rebuild --verbose --libsass_ext= --libsass_cflags= --libsass_ldflags= --libsass_library=\n\u001b[0m\u001b[91mnpm ERR! gyp info it worked if it ends with ok\nnpm ERR! gyp verb cli [\nnpm \u001b[0m\u001b[91mERR! gyp verb cli   '/usr/local/bin/node',\nnpm ERR!\u001b[0m\u001b[91m gyp verb cli   '/usr/app/node_modules/node-gyp/bin/node-gyp.js',\nnpm ERR!\u001b[0m\u001b[91m gyp verb cli   'rebuild',\nnpm ERR! gyp verb cli   '--verbose',\n\u001b[0m\u001b[91mnpm ERR! gyp verb cli   '--libsass_ext=',\n\u001b[0m\u001b[91mnpm ERR! gyp verb cli   '--libsass_cflags=',\n\u001b[0m\u001b[91mnpm ERR! gyp verb cli   '--libsass_ldflags=',\nnpm ERR! gyp verb cli   '--libsass_library='\nnpm \u001b[0m\u001b[91mERR! gyp verb cli ]\nnpm\u001b[0m\u001b[91m ERR!\u001b[0m\u001b[91m gyp info using node-gyp@3.8.0\nnpm ERR! gyp info using node@19.3.0 | linux | x64\nnpm ERR! gyp verb command rebuild []\nnpm ERR! gyp verb command clean []\nnpm \u001b[0m\u001b[91mERR! gyp verb clean removing \"build\" directory\nnpm ERR!\u001b[0m\u001b[91m gyp verb command configure []\n\u001b[0m\u001b[91mnpm ERR! gyp verb check python checking for Python executable \"python2\" in the PATH\nnpm ERR!\u001b[0m\u001b[91m gyp verb `which` failed Error: not found: python2\nnpm ERR! gyp verb `which` failed     at getNotFoundError (/usr/app/node_modules/which/which.js:13:12)\nnpm ERR!\u001b[0m\u001b[91m gyp verb `which` failed     at F (/usr/app/node_modules/which/which.js:68:19)\nnpm ERR! gyp verb `which` failed     at E (/usr/app/node_modules/which/which.js:80:29)\nnpm ERR!\u001b[0m\u001b[91m gyp verb `which` failed     at /usr/app/node_modules/which/which.js:89:16\nnpm ERR!\u001b[0m\u001b[91m gyp verb `which` failed     at /usr/app/node_modules/isexe/index.js:42:5\nnpm ERR!\u001b[0m\u001b[91m gyp verb `which` failed     at /usr/app/node_modules/isexe/mode.js:8:5\nnpm ERR! gyp verb `which` failed     at FSReqCallback.oncomplete (node:fs:190:21)\n\u001b[0m\u001b[91mnpm ERR! gyp verb `which` failed  python2 Error: not found: python2\nnpm ERR! gyp verb `which` failed     at getNotFoundError (/usr/app/node_modules/which/which.js:13:12)\nnpm ERR! gyp verb `which` failed     at F (/usr/app/node_modules/which/which.js:68:19)\nnpm ERR! gyp verb `which` failed     at E (/usr/app/node_modules/which/which.js:80:29)\nnpm ERR! gyp verb `which` failed     at /usr/app/node_modules/which/which.js:89:16\nnpm\u001b[0m\u001b[91m ERR! gyp verb `which` failed     at /usr/app/node_modules/isexe/index.js:42:5\nnpm ERR! gyp verb `which` failed     at /usr/app/node_modules/isexe/mode.js:8:5\nnpm\u001b[0m\u001b[91m ERR! gyp verb `which` failed     at FSReqCallback.oncomplete (node:fs:190:21) {\nnpm\u001b[0m\u001b[91m ERR! gyp verb `which` failed   code: 'ENOENT'\nnpm ERR!\u001b[0m\u001b[91m gyp verb `which` failed }\nnpm ERR! gyp verb check python checking for Python executable \"python\" in the PATH\nnpm ERR! gyp verb `which` failed Error: not found: python\nnpm ERR! gyp verb `which` failed     at getNotFoundError (/usr/app/node_modules/which/which.js:13:12)\n\u001b[0m\u001b[91mnpm ERR! gyp verb `which` failed     at F (/usr/app/node_modules/which/which.js:68:19)\nnpm ERR! gyp verb `which` failed     at E (/usr/app/node_modules/which/which.js:80:29)\nnpm ERR! gyp verb `which` failed     at /usr/app/node_modules/which/which.js:89:16\nnpm ERR! gyp verb `which` failed     at /usr/app/node_modules/isexe/index.js:42:5\nnpm ERR! gyp verb `which` failed     at /usr/app/node_modules/isexe/mode.js:8:5\nnpm ERR! gyp verb `which` failed     at FSReqCallback.oncomplete (node:fs:190:21)\nnpm ERR! gyp verb `which` failed  python Error: not found: python\nnpm ERR! gyp verb `which` failed     at getNotFoundError (/usr/app/node_modules/which/which.js:13:12)\nnpm ERR! gyp verb `which` failed     at F (/usr/app/node_modules/which/which.js:68:19)\nnpm ERR!\u001b[0m\u001b[91m gyp verb `which` failed     at E (/usr/app/node_modules/which/which.js:80:29)\nnpm ERR! gyp verb `which` failed     at /usr/app/node_modules/which/which.js:89:16\nnpm \u001b[0m\u001b[91mERR! gyp verb `which` failed     at /usr/app/node_modules/isexe/index.js:42:5\nnpm\u001b[0m\u001b[91m ERR! gyp verb `which` failed     at /usr/app/node_modules/isexe/mode.js:8:5\nnpm ERR! gyp verb `which` failed     at FSReqCallback.oncomplete (node:fs:190:21) {\nnpm ERR!\u001b[0m\u001b[91m gyp verb `which` failed   code: 'ENOENT'\nnpm ERR! gyp verb `which` failed }\nnpm\u001b[0m\u001b[91m ERR!\u001b[0m\u001b[91m gyp ERR! configure error \nnpm \u001b[0m\u001b[91mERR! gyp ERR! stack Error: Can't find Python executable \"python\", you can set the PYTHON env variable.\nnpm\u001b[0m\u001b[91m ERR!\u001b[0m\u001b[91m gyp ERR! stack     at PythonFinder.failNoPython (/usr/app/node_modules/node-gyp/lib/configure.js:484:19)\nnpm ERR!\u001b[0m\u001b[91m gyp ERR! stack     at PythonFinder.<anonymous> (/usr/app/node_modules/node-gyp/lib/configure.js:406:16)\nnpm ERR!\u001b[0m\u001b[91m gyp ERR! stack     at F (/usr/app/node_modules/which/which.js:68:16)\nnpm\u001b[0m\u001b[91m ERR! gyp ERR! stack     at E (/usr/app/node_modules/which/which.js:80:29)\n\u001b[0m\u001b[91mnpm ERR!\u001b[0m\u001b[91m gyp ERR! stack     at /usr/app/node_modules/which/which.js:89:16\nnpm \u001b[0m\u001b[91mERR! gyp ERR! stack     at /usr/app/node_modules/isexe/index.js:42:5\nnpm ERR!\u001b[0m\u001b[91m gyp ERR! stack     at /usr/app/node_modules/isexe/mode.js:8:5\nnpm ERR! gyp ERR! stack     at FSReqCallback.oncomplete (node:fs:190:21)\nnpm ERR!\u001b[0m\u001b[91m gyp ERR! System Linux 5.4.0-113-generic\nnpm ERR!\u001b[0m\u001b[91m gyp ERR! command \"/usr/local/bin/node\" \"/usr/app/node_modules/node-gyp/bin/node-gyp.js\" \"rebuild\" \"--verbose\" \"--libsass_ext=\" \"--libsass_cflags=\" \"--libsass_ldflags=\" \"--libsass_library=\"\nnpm ERR!\u001b[0m\u001b[91m gyp ERR! cwd /usr/app/node_modules/node-sass\nnpm ERR! gyp ERR! node -v v19.3.0\nnpm ERR! gyp ERR! node-gyp -v v3.8.0\nnpm ERR!\u001b[0m\u001b[91m gyp ERR! not ok \nnpm ERR! Build failed with error code: 1\n\u001b[0m\u001b[91m\n\u001b[0m\u001b[91mnpm ERR! A complete log of this run can be found in:\nnpm ERR!     /root/.npm/_logs/2023-01-06T14_55_17_845Z-debug-0.log\n\u001b[0mRemoving intermediate container 80b08b295b25\n","stderr":"The command '/bin/sh -c npm set progress=false && npm install' returned a non-zero code: 1\n"}}