{"repository":"https://github.com/zix99/sshsysmon","dockerfilePath":"Dockerfile","startTime":1672999866200,"endTime":1672999976462,"clone":{"startTime":1672999866200,"stdout":"","stderr":"Cloning into '/tmp/dinghy-analysis/zix99/sshsysmon'...\n","error":null,"endTime":1672999866904,"commit":"b8ad28168ec92fa71ad694f11ee0c4221a845dbe"},"originalBuild":{"startTime":1672999866984,"endTime":1672999976386,"error":{"code":1,"killed":false,"signal":null,"cmd":"docker build --no-cache --force-rm -t sshsysmon:latest -f /tmp/dinghy-analysis/zix99/sshsysmon/Dockerfile ."},"stdout":"Sending build context to Docker daemon  382.5kB\r\r\nStep 1/9 : FROM python:3.6-alpine as build\n ---> 3a9e80fa4606\nStep 2/9 : RUN apk add --no-cache g++\n ---> Running in 9ac35f1e0862\nfetch https://dl-cdn.alpinelinux.org/alpine/v3.15/main/x86_64/APKINDEX.tar.gz\nfetch https://dl-cdn.alpinelinux.org/alpine/v3.15/community/x86_64/APKINDEX.tar.gz\n(1/14) Installing libgcc (10.3.1_git20211027-r0)\n(2/14) Installing libstdc++ (10.3.1_git20211027-r0)\n(3/14) Installing binutils (2.37-r3)\n(4/14) Installing libgomp (10.3.1_git20211027-r0)\n(5/14) Installing libatomic (10.3.1_git20211027-r0)\n(6/14) Installing libgphobos (10.3.1_git20211027-r0)\n(7/14) Installing gmp (6.2.1-r1)\n(8/14) Installing isl22 (0.22-r0)\n(9/14) Installing mpfr4 (4.1.0-r0)\n(10/14) Installing mpc1 (1.2.1-r0)\n(11/14) Installing gcc (10.3.1_git20211027-r0)\n(12/14) Installing musl-dev (1.2.2-r7)\n(13/14) Installing libc-dev (0.7.2-r3)\n(14/14) Installing g++ (10.3.1_git20211027-r0)\nExecuting busybox-1.34.1-r3.trigger\nOK: 194 MiB in 48 packages\nRemoving intermediate container 9ac35f1e0862\n ---> eb8582fddf0d\nStep 3/9 : COPY requirements.txt .\n ---> 3ab4b0effaac\nStep 4/9 : RUN pip install -r requirements.txt\n ---> Running in 2953a3c9ea42\nCollecting paramiko==2.10.1\n  Downloading paramiko-2.10.1-py2.py3-none-any.whl (211 kB)\nCollecting pyaml==15.8.2\n  Downloading pyaml-15.8.2.tar.gz (16 kB)\nCollecting pybars3==0.9.1\n  Downloading pybars3-0.9.1.tar.gz (10 kB)\nCollecting requests==2.20.0\n  Downloading requests-2.20.0-py2.py3-none-any.whl (60 kB)\nCollecting python-dateutil==2.7.5\n  Downloading python_dateutil-2.7.5-py2.py3-none-any.whl (225 kB)\nCollecting cryptography>=2.5\n  Downloading cryptography-39.0.0-cp36-abi3-musllinux_1_1_x86_64.whl (4.3 MB)\nCollecting six\n  Downloading six-1.16.0-py2.py3-none-any.whl (11 kB)\nCollecting pynacl>=1.0.1\n  Downloading PyNaCl-1.5.0-cp36-abi3-musllinux_1_1_x86_64.whl (1.1 MB)\nCollecting bcrypt>=3.1.3\n  Downloading bcrypt-4.0.1-cp36-abi3-musllinux_1_1_x86_64.whl (624 kB)\nCollecting PyYAML\n  Downloading PyYAML-6.0.tar.gz (124 kB)\n  Installing build dependencies: started\n  Installing build dependencies: finished with status 'done'\n  Getting requirements to build wheel: started\n  Getting requirements to build wheel: finished with status 'done'\n    Preparing wheel metadata: started\n    Preparing wheel metadata: finished with status 'done'\nCollecting PyMeta3>=0.5.1\n  Downloading PyMeta3-0.5.1.tar.gz (29 kB)\nCollecting idna<2.8,>=2.5\n  Downloading idna-2.7-py2.py3-none-any.whl (58 kB)\nCollecting urllib3<1.25,>=1.21.1\n  Downloading urllib3-1.24.3-py2.py3-none-any.whl (118 kB)\nCollecting certifi>=2017.4.17\n  Downloading certifi-2022.12.7-py3-none-any.whl (155 kB)\nCollecting chardet<3.1.0,>=3.0.2\n  Downloading chardet-3.0.4-py2.py3-none-any.whl (133 kB)\nCollecting cffi>=1.12\n  Downloading cffi-1.15.1.tar.gz (508 kB)\nCollecting pycparser\n  Downloading pycparser-2.21-py2.py3-none-any.whl (118 kB)\nBuilding wheels for collected packages: pyaml, pybars3, cffi, PyMeta3, PyYAML\n  Building wheel for pyaml (setup.py): started\n  Building wheel for pyaml (setup.py): finished with status 'done'\n  Created wheel for pyaml: filename=pyaml-15.8.2-py3-none-any.whl size=15567 sha256=485123fb371aa410b07be9bb35838baa88b832318829467c6beefa90cf6344e8\n  Stored in directory: /root/.cache/pip/wheels/f1/85/95/ffe820d71494013ec27d1f9c34526c2411ae63cb2303e3daf3\n  Building wheel for pybars3 (setup.py): started\n  Building wheel for pybars3 (setup.py): finished with status 'done'\n  Created wheel for pybars3: filename=pybars3-0.9.1-py3-none-any.whl size=10980 sha256=6d373ebb37833460d9a530351d804d5ef00593dc3f242e5b915dfcce769af88d\n  Stored in directory: /root/.cache/pip/wheels/84/e8/75/0eec4bd62087a86cc234c28d228e600ec76d441b70068c80cd\n  Building wheel for cffi (setup.py): started\n  Building wheel for cffi (setup.py): finished with status 'error'\n\u001b[91m  ERROR: Command errored out with exit status 1:\n   command: /usr/local/bin/python -u -c 'import io, os, sys, setuptools, tokenize; sys.argv[0] = '\"'\"'/tmp/pip-install-0ehivo_v/cffi_f393d9dd862b456a95a888bd661f93a7/setup.py'\"'\"'; __file__='\"'\"'/tmp/pip-install-0ehivo_v/cffi_f393d9dd862b456a95a888bd661f93a7/setup.py'\"'\"';f = getattr(tokenize, '\"'\"'open'\"'\"', open)(__file__) if os.path.exists(__file__) else io.StringIO('\"'\"'from setuptools import setup; setup()'\"'\"');code = f.read().replace('\"'\"'\\r\\n'\"'\"', '\"'\"'\\n'\"'\"');f.close();exec(compile(code, __file__, '\"'\"'exec'\"'\"'))' bdist_wheel -d /tmp/pip-wheel-wjs62t19\n       cwd: /tmp/pip-install-0ehivo_v/cffi_f393d9dd862b456a95a888bd661f93a7/\n  Complete output (36 lines):\n  running bdist_wheel\n  running build\n  running build_py\n  creating build\n  creating build/lib.linux-x86_64-3.6\n  creating build/lib.linux-x86_64-3.6/cffi\n  copying cffi/ffiplatform.py -> build/lib.linux-x86_64-3.6/cffi\n  copying cffi/verifier.py -> build/lib.linux-x86_64-3.6/cffi\n  copying cffi/api.py -> build/lib.linux-x86_64-3.6/cffi\n  copying cffi/__init__.py -> build/lib.linux-x86_64-3.6/cffi\n  copying cffi/recompiler.py -> build/lib.linux-x86_64-3.6/cffi\n  copying cffi/pkgconfig.py -> build/lib.linux-x86_64-3.6/cffi\n  copying cffi/setuptools_ext.py -> build/lib.linux-x86_64-3.6/cffi\n  copying cffi/error.py -> build/lib.linux-x86_64-3.6/cffi\n  copying cffi/commontypes.py -> build/lib.linux-x86_64-3.6/cffi\n  copying cffi/backend_ctypes.py -> build/lib.linux-x86_64-3.6/cffi\n  copying cffi/vengine_gen.py -> build/lib.linux-x86_64-3.6/cffi\n  copying cffi/lock.py -> build/lib.linux-x86_64-3.6/cffi\n  copying cffi/vengine_cpy.py -> build/lib.linux-x86_64-3.6/cffi\n  copying cffi/model.py -> build/lib.linux-x86_64-3.6/cffi\n  copying cffi/cffi_opcode.py -> build/lib.linux-x86_64-3.6/cffi\n  copying cffi/cparser.py -> build/lib.linux-x86_64-3.6/cffi\n  copying cffi/_cffi_include.h -> build/lib.linux-x86_64-3.6/cffi\n  copying cffi/parse_c_type.h -> build/lib.linux-x86_64-3.6/cffi\n  copying cffi/_embedding.h -> build/lib.linux-x86_64-3.6/cffi\n  copying cffi/_cffi_errors.h -> build/lib.linux-x86_64-3.6/cffi\n  running build_ext\n  building '_cffi_backend' extension\n  creating build/temp.linux-x86_64-3.6\n  creating build/temp.linux-x86_64-3.6/c\n  gcc -Wno-unused-result -Wsign-compare -DNDEBUG -g -fwrapv -O3 -Wall -DTHREAD_STACK_SIZE=0x100000 -fPIC -DFFI_BUILDING=1 -DUSE__THREAD -DHAVE_SYNC_SYNCHRONIZE -I/usr/include/ffi -I/usr/include/libffi -I/usr/local/include/python3.6m -c c/_cffi_backend.c -o build/temp.linux-x86_64-3.6/c/_cffi_backend.o\n  c/_cffi_backend.c:15:10: fatal error: ffi.h: No such file or directory\n     15 | #include <ffi.h>\n        |          ^~~~~~~\n  compilation terminated.\n  error: command 'gcc' failed with exit status 1\n  ----------------------------------------\n\u001b[0m\u001b[91m  ERROR: Failed building wheel for cffi\n\u001b[0m  Running setup.py clean for cffi\n  Building wheel for PyMeta3 (setup.py): started\n  Building wheel for PyMeta3 (setup.py): finished with status 'done'\n  Created wheel for PyMeta3: filename=PyMeta3-0.5.1-py3-none-any.whl size=16465 sha256=d881fb1ac3a5d1adf47221c5bedefed2f4d48d54d468f46c65b3a0f4fac05615\n  Stored in directory: /root/.cache/pip/wheels/ef/25/a8/2d7c0065aa75c5b7ad443858b2b05f186affd74722940cd70b\n  Building wheel for PyYAML (PEP 517): started\n  Building wheel for PyYAML (PEP 517): finished with status 'done'\n  Created wheel for PyYAML: filename=PyYAML-6.0-cp36-cp36m-linux_x86_64.whl size=45334 sha256=40451c6f84e7c010b6429017e63d1b1950b920608532beed4e5ee36a45e72f0a\n  Stored in directory: /root/.cache/pip/wheels/81/5a/02/b3447894318b70e3cbff3cb4f1a50d9d50a848185358de1d71\nSuccessfully built pyaml pybars3 PyMeta3 PyYAML\nFailed to build cffi\nInstalling collected packages: pycparser, cffi, urllib3, six, PyYAML, pynacl, PyMeta3, idna, cryptography, chardet, certifi, bcrypt, requests, python-dateutil, pybars3, pyaml, paramiko\n    Running setup.py install for cffi: started\n\u001b[91m    ERROR: Command errored out with exit status 1:\n     command: /usr/local/bin/python -u -c 'import io, os, sys, setuptools, tokenize; sys.argv[0] = '\"'\"'/tmp/pip-install-0ehivo_v/cffi_f393d9dd862b456a95a888bd661f93a7/setup.py'\"'\"'; __file__='\"'\"'/tmp/pip-install-0ehivo_v/cffi_f393d9dd862b456a95a888bd661f93a7/setup.py'\"'\"';f = getattr(tokenize, '\"'\"'open'\"'\"', open)(__file__) if os.path.exists(__file__) else io.StringIO('\"'\"'from setuptools import setup; setup()'\"'\"');code = f.read().replace('\"'\"'\\r\\n'\"'\"', '\"'\"'\\n'\"'\"');f.close();exec(compile(code, __file__, '\"'\"'exec'\"'\"'))' install --record /tmp/pip-record-vhbvk7bf/install-record.txt --single-version-externally-managed --compile --install-headers /usr/local/include/python3.6m/cffi\n         cwd: /tmp/pip-install-0ehivo_v/cffi_f393d9dd862b456a95a888bd661f93a7/\n    Complete output (36 lines):\n    running install\n    running build\n    running build_py\n    creating build\n    creating build/lib.linux-x86_64-3.6\n    creating build/lib.linux-x86_64-3.6/cffi\n    copying cffi/ffiplatform.py -> build/lib.linux-x86_64-3.6/cffi\n    copying cffi/verifier.py -> build/lib.linux-x86_64-3.6/cffi\n    copying cffi/api.py -> build/lib.linux-x86_64-3.6/cffi\n    copying cffi/__init__.py -> build/lib.linux-x86_64-3.6/cffi\n    copying cffi/recompiler.py -> build/lib.linux-x86_64-3.6/cffi\n    copying cffi/pkgconfig.py -> build/lib.linux-x86_64-3.6/cffi\n    copying cffi/setuptools_ext.py -> build/lib.linux-x86_64-3.6/cffi\n    copying cffi/error.py -> build/lib.linux-x86_64-3.6/cffi\n    copying cffi/commontypes.py -> build/lib.linux-x86_64-3.6/cffi\n    copying cffi/backend_ctypes.py -> build/lib.linux-x86_64-3.6/cffi\n    copying cffi/vengine_gen.py -> build/lib.linux-x86_64-3.6/cffi\n    copying cffi/lock.py -> build/lib.linux-x86_64-3.6/cffi\n    copying cffi/vengine_cpy.py -> build/lib.linux-x86_64-3.6/cffi\n    copying cffi/model.py -> build/lib.linux-x86_64-3.6/cffi\n    copying cffi/cffi_opcode.py -> build/lib.linux-x86_64-3.6/cffi\n    copying cffi/cparser.py -> build/lib.linux-x86_64-3.6/cffi\n    copying cffi/_cffi_include.h -> build/lib.linux-x86_64-3.6/cffi\n    copying cffi/parse_c_type.h -> build/lib.linux-x86_64-3.6/cffi\n    copying cffi/_embedding.h -> build/lib.linux-x86_64-3.6/cffi\n    copying cffi/_cffi_errors.h -> build/lib.linux-x86_64-3.6/cffi\n    running build_ext\n    building '_cffi_backend' extension\n    creating build/temp.linux-x86_64-3.6\n    creating build/temp.linux-x86_64-3.6/c\n    gcc -Wno-unused-result -Wsign-compare -DNDEBUG -g -fwrapv -O3 -Wall -DTHREAD_STACK_SIZE=0x100000 -fPIC -DFFI_BUILDING=1 -DUSE__THREAD -DHAVE_SYNC_SYNCHRONIZE -I/usr/include/ffi -I/usr/include/libffi -I/usr/local/include/python3.6m -c c/_cffi_backend.c -o build/temp.linux-x86_64-3.6/c/_cffi_backend.o\n    c/_cffi_backend.c:15:10: fatal error: ffi.h: No such file or directory\n       15 | #include <ffi.h>\n          |          ^~~~~~~\n    compilation terminated.\n    error: command 'gcc' failed with exit status 1\n    ----------------------------------------\nERROR: Command errored out with exit status 1: /usr/local/bin/python -u -c 'import io, os, sys, setuptools, tokenize; sys.argv[0] = '\"'\"'/tmp/pip-install-0ehivo_v/cffi_f393d9dd862b456a95a888bd661f93a7/setup.py'\"'\"'; __file__='\"'\"'/tmp/pip-install-0ehivo_v/cffi_f393d9dd862b456a95a888bd661f93a7/setup.py'\"'\"';f = getattr(tokenize, '\"'\"'open'\"'\"', open)(__file__) if os.path.exists(__file__) else io.StringIO('\"'\"'from setuptools import setup; setup()'\"'\"');code = f.read().replace('\"'\"'\\r\\n'\"'\"', '\"'\"'\\n'\"'\"');f.close();exec(compile(code, __file__, '\"'\"'exec'\"'\"'))' install --record /tmp/pip-record-vhbvk7bf/install-record.txt --single-version-externally-managed --compile --install-headers /usr/local/include/python3.6m/cffi Check the logs for full command output.\n\u001b[0m    Running setup.py install for cffi: finished with status 'error'\n\u001b[91mWARNING: You are using pip version 21.2.4; however, version 21.3.1 is available.\nYou should consider upgrading via the '/usr/local/bin/python -m pip install --upgrade pip' command.\n\u001b[0mRemoving intermediate container 2953a3c9ea42\n","stderr":"The command '/bin/sh -c pip install -r requirements.txt' returned a non-zero code: 1\n"}}