{"repository":"https://github.com/nyk510/vivid","dockerfilePath":"Dockerfile","startTime":1672725457531,"clone":{"stdout":"","stderr":"Cloning into '/tmp/dinghy-analysis/nyk510/vivid'...\n","error":null,"commit":"a1acd915a609a115d470d308d35b5ec45818bf89"},"originalBuild":{"startTimestamp":1672725458401,"endTimestamp":1672725582543,"error":{"code":1,"killed":false,"signal":null,"cmd":"docker build --no-cache --force-rm -t vivid:latest -f /tmp/dinghy-analysis/nyk510/vivid/Dockerfile ."},"stdout":"Sending build context to Docker daemon  828.4kB\r\r\nStep 1/16 : FROM ubuntu:16.04\n16.04: Pulling from library/ubuntu\n58690f9b18fc: Already exists\nb51569e7c507: Already exists\nda8ef40b9eca: Already exists\nfb15d46c38dc: Already exists\nDigest: sha256:1f1a2d56de1d604801a9671f301190704c25d604a416f59e03c04f5c6ffee0d6\nStatus: Downloaded newer image for ubuntu:16.04\n ---> b6f507652425\nStep 2/16 : LABEL maintainer=\"nyker510\"\n ---> Running in c6c800df581a\nRemoving intermediate container c6c800df581a\n ---> 4f35244523a2\nStep 3/16 : ARG JUPYTER_PASSWORD=\"dolphin\"\n ---> Running in 7bcd5e75b7c0\nRemoving intermediate container 7bcd5e75b7c0\n ---> 4dc367c2d067\nStep 4/16 : RUN apt-get update --fix-missing &&   apt-get install -y         wget         make         unzip         bzip2         gcc         g++ --fix-missing\n ---> Running in 1f76110fe2db\nGet:1 http://security.ubuntu.com/ubuntu xenial-security InRelease [99.8 kB]\nGet:2 http://archive.ubuntu.com/ubuntu xenial InRelease [247 kB]\nGet:3 http://security.ubuntu.com/ubuntu xenial-security/main amd64 Packages [2051 kB]\nGet:4 http://security.ubuntu.com/ubuntu xenial-security/restricted amd64 Packages [15.9 kB]\nGet:5 http://security.ubuntu.com/ubuntu xenial-security/universe amd64 Packages [984 kB]\nGet:6 http://security.ubuntu.com/ubuntu xenial-security/multiverse amd64 Packages [8820 B]\nGet:7 http://archive.ubuntu.com/ubuntu xenial-updates InRelease [99.8 kB]\nGet:8 http://archive.ubuntu.com/ubuntu xenial-backports InRelease [97.4 kB]\nGet:9 http://archive.ubuntu.com/ubuntu xenial/main amd64 Packages [1558 kB]\nGet:10 http://archive.ubuntu.com/ubuntu xenial/restricted amd64 Packages [14.1 kB]\nGet:11 http://archive.ubuntu.com/ubuntu xenial/universe amd64 Packages [9827 kB]\nGet:12 http://archive.ubuntu.com/ubuntu xenial/multiverse amd64 Packages [176 kB]\nGet:13 http://archive.ubuntu.com/ubuntu xenial-updates/main amd64 Packages [2560 kB]\nGet:14 http://archive.ubuntu.com/ubuntu xenial-updates/restricted amd64 Packages [16.4 kB]\nGet:15 http://archive.ubuntu.com/ubuntu xenial-updates/universe amd64 Packages [1544 kB]\nGet:16 http://archive.ubuntu.com/ubuntu xenial-updates/multiverse amd64 Packages [26.2 kB]\nGet:17 http://archive.ubuntu.com/ubuntu xenial-backports/main amd64 Packages [10.9 kB]\nGet:18 http://archive.ubuntu.com/ubuntu xenial-backports/universe amd64 Packages [12.7 kB]\nFetched 19.3 MB in 2s (7136 kB/s)\nReading package lists...\nReading package lists...\nBuilding dependency tree...\nReading state information...\nThe following additional packages will be installed:\n  binutils ca-certificates cpp cpp-5 g++-5 gcc-5 libasan2 libatomic1\n  libc-dev-bin libc6-dev libcc1-0 libcilkrts5 libgcc-5-dev libgmp10 libgomp1\n  libidn11 libisl15 libitm1 liblsan0 libmpc3 libmpfr4 libmpx0 libquadmath0\n  libssl1.0.0 libstdc++-5-dev libtsan0 libubsan0 linux-libc-dev manpages\n  manpages-dev openssl\nSuggested packages:\n  binutils-doc bzip2-doc cpp-doc gcc-5-locales g++-multilib g++-5-multilib\n  gcc-5-doc libstdc++6-5-dbg gcc-multilib autoconf automake libtool flex bison\n  gdb gcc-doc gcc-5-multilib libgcc1-dbg libgomp1-dbg libitm1-dbg\n  libatomic1-dbg libasan2-dbg liblsan0-dbg libtsan0-dbg libubsan0-dbg\n  libcilkrts5-dbg libmpx0-dbg libquadmath0-dbg glibc-doc libstdc++-5-doc\n  make-doc man-browser zip\nThe following NEW packages will be installed:\n  binutils bzip2 ca-certificates cpp cpp-5 g++ g++-5 gcc gcc-5 libasan2\n  libatomic1 libc-dev-bin libc6-dev libcc1-0 libcilkrts5 libgcc-5-dev libgmp10\n  libgomp1 libidn11 libisl15 libitm1 liblsan0 libmpc3 libmpfr4 libmpx0\n  libquadmath0 libssl1.0.0 libstdc++-5-dev libtsan0 libubsan0 linux-libc-dev\n  make manpages manpages-dev openssl unzip wget\n0 upgraded, 37 newly installed, 0 to remove and 0 not upgraded.\nNeed to get 41.4 MB of archives.\nAfter this operation, 149 MB of additional disk space will be used.\nGet:1 http://archive.ubuntu.com/ubuntu xenial/main amd64 libgmp10 amd64 2:6.1.0+dfsg-2 [240 kB]\nGet:2 http://archive.ubuntu.com/ubuntu xenial/main amd64 libmpfr4 amd64 3.1.4-1 [191 kB]\nGet:3 http://archive.ubuntu.com/ubuntu xenial/main amd64 libmpc3 amd64 1.0.3-1 [39.7 kB]\nGet:4 http://archive.ubuntu.com/ubuntu xenial-updates/main amd64 bzip2 amd64 1.0.6-8ubuntu0.2 [32.5 kB]\nGet:5 http://archive.ubuntu.com/ubuntu xenial-updates/main amd64 libidn11 amd64 1.32-3ubuntu1.2 [46.5 kB]\nGet:6 http://archive.ubuntu.com/ubuntu xenial-updates/main amd64 libssl1.0.0 amd64 1.0.2g-1ubuntu4.20 [1083 kB]\nGet:7 http://archive.ubuntu.com/ubuntu xenial-updates/main amd64 openssl amd64 1.0.2g-1ubuntu4.20 [492 kB]\nGet:8 http://archive.ubuntu.com/ubuntu xenial-updates/main amd64 ca-certificates all 20210119~16.04.1 [148 kB]\nGet:9 http://archive.ubuntu.com/ubuntu xenial/main amd64 manpages all 4.04-2 [1087 kB]\nGet:10 http://archive.ubuntu.com/ubuntu xenial-updates/main amd64 wget amd64 1.17.1-1ubuntu1.5 [299 kB]\nGet:11 http://archive.ubuntu.com/ubuntu xenial-updates/main amd64 binutils amd64 2.26.1-1ubuntu1~16.04.8 [2312 kB]\nGet:12 http://archive.ubuntu.com/ubuntu xenial/main amd64 libisl15 amd64 0.16.1-1 [524 kB]\nGet:13 http://archive.ubuntu.com/ubuntu xenial-updates/main amd64 cpp-5 amd64 5.4.0-6ubuntu1~16.04.12 [7783 kB]\nGet:14 http://archive.ubuntu.com/ubuntu xenial/main amd64 cpp amd64 4:5.3.1-1ubuntu1 [27.7 kB]\nGet:15 http://archive.ubuntu.com/ubuntu xenial-updates/main amd64 libcc1-0 amd64 5.4.0-6ubuntu1~16.04.12 [38.8 kB]\nGet:16 http://archive.ubuntu.com/ubuntu xenial-updates/main amd64 libgomp1 amd64 5.4.0-6ubuntu1~16.04.12 [55.2 kB]\nGet:17 http://archive.ubuntu.com/ubuntu xenial-updates/main amd64 libitm1 amd64 5.4.0-6ubuntu1~16.04.12 [27.4 kB]\nGet:18 http://archive.ubuntu.com/ubuntu xenial-updates/main amd64 libatomic1 amd64 5.4.0-6ubuntu1~16.04.12 [8892 B]\nGet:19 http://archive.ubuntu.com/ubuntu xenial-updates/main amd64 libasan2 amd64 5.4.0-6ubuntu1~16.04.12 [265 kB]\nGet:20 http://archive.ubuntu.com/ubuntu xenial-updates/main amd64 liblsan0 amd64 5.4.0-6ubuntu1~16.04.12 [105 kB]\nGet:21 http://archive.ubuntu.com/ubuntu xenial-updates/main amd64 libtsan0 amd64 5.4.0-6ubuntu1~16.04.12 [244 kB]\nGet:22 http://archive.ubuntu.com/ubuntu xenial-updates/main amd64 libubsan0 amd64 5.4.0-6ubuntu1~16.04.12 [95.3 kB]\nGet:23 http://archive.ubuntu.com/ubuntu xenial-updates/main amd64 libcilkrts5 amd64 5.4.0-6ubuntu1~16.04.12 [40.0 kB]\nGet:24 http://archive.ubuntu.com/ubuntu xenial-updates/main amd64 libmpx0 amd64 5.4.0-6ubuntu1~16.04.12 [9762 B]\nGet:25 http://archive.ubuntu.com/ubuntu xenial-updates/main amd64 libquadmath0 amd64 5.4.0-6ubuntu1~16.04.12 [131 kB]\nGet:26 http://archive.ubuntu.com/ubuntu xenial-updates/main amd64 libgcc-5-dev amd64 5.4.0-6ubuntu1~16.04.12 [2239 kB]\nGet:27 http://archive.ubuntu.com/ubuntu xenial-updates/main amd64 gcc-5 amd64 5.4.0-6ubuntu1~16.04.12 [8612 kB]\nGet:28 http://archive.ubuntu.com/ubuntu xenial/main amd64 gcc amd64 4:5.3.1-1ubuntu1 [5244 B]\nGet:29 http://archive.ubuntu.com/ubuntu xenial-updates/main amd64 libc-dev-bin amd64 2.23-0ubuntu11.3 [68.6 kB]\nGet:30 http://archive.ubuntu.com/ubuntu xenial-updates/main amd64 linux-libc-dev amd64 4.4.0-210.242 [832 kB]\nGet:31 http://archive.ubuntu.com/ubuntu xenial-updates/main amd64 libc6-dev amd64 2.23-0ubuntu11.3 [2083 kB]\nGet:32 http://archive.ubuntu.com/ubuntu xenial-updates/main amd64 libstdc++-5-dev amd64 5.4.0-6ubuntu1~16.04.12 [1428 kB]\nGet:33 http://archive.ubuntu.com/ubuntu xenial-updates/main amd64 g++-5 amd64 5.4.0-6ubuntu1~16.04.12 [8430 kB]\nGet:34 http://archive.ubuntu.com/ubuntu xenial/main amd64 g++ amd64 4:5.3.1-1ubuntu1 [1504 B]\nGet:35 http://archive.ubuntu.com/ubuntu xenial/main amd64 make amd64 4.1-6 [151 kB]\nGet:36 http://archive.ubuntu.com/ubuntu xenial/main amd64 manpages-dev all 4.04-2 [2048 kB]\nGet:37 http://archive.ubuntu.com/ubuntu xenial-updates/main amd64 unzip amd64 6.0-20ubuntu1.1 [162 kB]\n\u001b[91mdebconf: delaying package configuration, since apt-utils is not installed\n\u001b[0mFetched 41.4 MB in 3s (12.1 MB/s)\nSelecting previously unselected package libgmp10:amd64.\r\n(Reading database ... \r(Reading database ... 5%\r(Reading database ... 10%\r(Reading database ... 15%\r(Reading database ... 20%\r(Reading database ... 25%\r(Reading database ... 30%\r(Reading database ... 35%\r(Reading database ... 40%\r(Reading database ... 45%\r(Reading database ... 50%\r(Reading database ... 55%\r(Reading database ... 60%\r(Reading database ... 65%\r(Reading database ... 70%\r(Reading database ... 75%\r(Reading database ... 80%\r(Reading database ... 85%\r(Reading database ... 90%\r(Reading database ... 95%\r(Reading database ... 100%\r(Reading database ... 4785 files and directories currently installed.)\r\nPreparing to unpack .../libgmp10_2%3a6.1.0+dfsg-2_amd64.deb ...\r\nUnpacking libgmp10:amd64 (2:6.1.0+dfsg-2) ...\r\nSelecting previously unselected package libmpfr4:amd64.\r\nPreparing to unpack .../libmpfr4_3.1.4-1_amd64.deb ...\r\nUnpacking libmpfr4:amd64 (3.1.4-1) ...\r\nSelecting previously unselected package libmpc3:amd64.\r\nPreparing to unpack .../libmpc3_1.0.3-1_amd64.deb ...\r\nUnpacking libmpc3:amd64 (1.0.3-1) ...\r\nSelecting previously unselected package bzip2.\r\nPreparing to unpack .../bzip2_1.0.6-8ubuntu0.2_amd64.deb ...\r\nUnpacking bzip2 (1.0.6-8ubuntu0.2) ...\r\nSelecting previously unselected package libidn11:amd64.\r\nPreparing to unpack .../libidn11_1.32-3ubuntu1.2_amd64.deb ...\r\nUnpacking libidn11:amd64 (1.32-3ubuntu1.2) ...\r\nSelecting previously unselected package libssl1.0.0:amd64.\r\nPreparing to unpack .../libssl1.0.0_1.0.2g-1ubuntu4.20_amd64.deb ...\r\nUnpacking libssl1.0.0:amd64 (1.0.2g-1ubuntu4.20) ...\r\nSelecting previously unselected package openssl.\r\nPreparing to unpack .../openssl_1.0.2g-1ubuntu4.20_amd64.deb ...\r\nUnpacking openssl (1.0.2g-1ubuntu4.20) ...\r\nSelecting previously unselected package ca-certificates.\r\nPreparing to unpack .../ca-certificates_20210119~16.04.1_all.deb ...\r\nUnpacking ca-certificates (20210119~16.04.1) ...\r\nSelecting previously unselected package manpages.\r\nPreparing to unpack .../manpages_4.04-2_all.deb ...\r\nUnpacking manpages (4.04-2) ...\r\nSelecting previously unselected package wget.\r\nPreparing to unpack .../wget_1.17.1-1ubuntu1.5_amd64.deb ...\r\nUnpacking wget (1.17.1-1ubuntu1.5) ...\r\nSelecting previously unselected package binutils.\r\nPreparing to unpack .../binutils_2.26.1-1ubuntu1~16.04.8_amd64.deb ...\r\nUnpacking binutils (2.26.1-1ubuntu1~16.04.8) ...\r\nSelecting previously unselected package libisl15:amd64.\r\nPreparing to unpack .../libisl15_0.16.1-1_amd64.deb ...\r\nUnpacking libisl15:amd64 (0.16.1-1) ...\r\nSelecting previously unselected package cpp-5.\r\nPreparing to unpack .../cpp-5_5.4.0-6ubuntu1~16.04.12_amd64.deb ...\r\nUnpacking cpp-5 (5.4.0-6ubuntu1~16.04.12) ...\r\nSelecting previously unselected package cpp.\r\nPreparing to unpack .../cpp_4%3a5.3.1-1ubuntu1_amd64.deb ...\r\nUnpacking cpp (4:5.3.1-1ubuntu1) ...\r\nSelecting previously unselected package libcc1-0:amd64.\r\nPreparing to unpack .../libcc1-0_5.4.0-6ubuntu1~16.04.12_amd64.deb ...\r\nUnpacking libcc1-0:amd64 (5.4.0-6ubuntu1~16.04.12) ...\r\nSelecting previously unselected package libgomp1:amd64.\r\nPreparing to unpack .../libgomp1_5.4.0-6ubuntu1~16.04.12_amd64.deb ...\r\nUnpacking libgomp1:amd64 (5.4.0-6ubuntu1~16.04.12) ...\r\nSelecting previously unselected package libitm1:amd64.\r\nPreparing to unpack .../libitm1_5.4.0-6ubuntu1~16.04.12_amd64.deb ...\r\nUnpacking libitm1:amd64 (5.4.0-6ubuntu1~16.04.12) ...\r\nSelecting previously unselected package libatomic1:amd64.\r\nPreparing to unpack .../libatomic1_5.4.0-6ubuntu1~16.04.12_amd64.deb ...\r\nUnpacking libatomic1:amd64 (5.4.0-6ubuntu1~16.04.12) ...\r\nSelecting previously unselected package libasan2:amd64.\r\nPreparing to unpack .../libasan2_5.4.0-6ubuntu1~16.04.12_amd64.deb ...\r\nUnpacking libasan2:amd64 (5.4.0-6ubuntu1~16.04.12) ...\r\nSelecting previously unselected package liblsan0:amd64.\r\nPreparing to unpack .../liblsan0_5.4.0-6ubuntu1~16.04.12_amd64.deb ...\r\nUnpacking liblsan0:amd64 (5.4.0-6ubuntu1~16.04.12) ...\r\nSelecting previously unselected package libtsan0:amd64.\r\nPreparing to unpack .../libtsan0_5.4.0-6ubuntu1~16.04.12_amd64.deb ...\r\nUnpacking libtsan0:amd64 (5.4.0-6ubuntu1~16.04.12) ...\r\nSelecting previously unselected package libubsan0:amd64.\r\nPreparing to unpack .../libubsan0_5.4.0-6ubuntu1~16.04.12_amd64.deb ...\r\nUnpacking libubsan0:amd64 (5.4.0-6ubuntu1~16.04.12) ...\r\nSelecting previously unselected package libcilkrts5:amd64.\r\nPreparing to unpack .../libcilkrts5_5.4.0-6ubuntu1~16.04.12_amd64.deb ...\r\nUnpacking libcilkrts5:amd64 (5.4.0-6ubuntu1~16.04.12) ...\r\nSelecting previously unselected package libmpx0:amd64.\r\nPreparing to unpack .../libmpx0_5.4.0-6ubuntu1~16.04.12_amd64.deb ...\r\nUnpacking libmpx0:amd64 (5.4.0-6ubuntu1~16.04.12) ...\r\nSelecting previously unselected package libquadmath0:amd64.\r\nPreparing to unpack .../libquadmath0_5.4.0-6ubuntu1~16.04.12_amd64.deb ...\r\nUnpacking libquadmath0:amd64 (5.4.0-6ubuntu1~16.04.12) ...\r\nSelecting previously unselected package libgcc-5-dev:amd64.\r\nPreparing to unpack .../libgcc-5-dev_5.4.0-6ubuntu1~16.04.12_amd64.deb ...\r\nUnpacking libgcc-5-dev:amd64 (5.4.0-6ubuntu1~16.04.12) ...\r\nSelecting previously unselected package gcc-5.\r\nPreparing to unpack .../gcc-5_5.4.0-6ubuntu1~16.04.12_amd64.deb ...\r\nUnpacking gcc-5 (5.4.0-6ubuntu1~16.04.12) ...\r\nSelecting previously unselected package gcc.\r\nPreparing to unpack .../gcc_4%3a5.3.1-1ubuntu1_amd64.deb ...\r\nUnpacking gcc (4:5.3.1-1ubuntu1) ...\r\nSelecting previously unselected package libc-dev-bin.\r\nPreparing to unpack .../libc-dev-bin_2.23-0ubuntu11.3_amd64.deb ...\r\nUnpacking libc-dev-bin (2.23-0ubuntu11.3) ...\r\nSelecting previously unselected package linux-libc-dev:amd64.\r\nPreparing to unpack .../linux-libc-dev_4.4.0-210.242_amd64.deb ...\r\nUnpacking linux-libc-dev:amd64 (4.4.0-210.242) ...\r\nSelecting previously unselected package libc6-dev:amd64.\r\nPreparing to unpack .../libc6-dev_2.23-0ubuntu11.3_amd64.deb ...\r\nUnpacking libc6-dev:amd64 (2.23-0ubuntu11.3) ...\r\nSelecting previously unselected package libstdc++-5-dev:amd64.\r\nPreparing to unpack .../libstdc++-5-dev_5.4.0-6ubuntu1~16.04.12_amd64.deb ...\r\nUnpacking libstdc++-5-dev:amd64 (5.4.0-6ubuntu1~16.04.12) ...\r\nSelecting previously unselected package g++-5.\r\nPreparing to unpack .../g++-5_5.4.0-6ubuntu1~16.04.12_amd64.deb ...\r\nUnpacking g++-5 (5.4.0-6ubuntu1~16.04.12) ...\r\nSelecting previously unselected package g++.\r\nPreparing to unpack .../g++_4%3a5.3.1-1ubuntu1_amd64.deb ...\r\nUnpacking g++ (4:5.3.1-1ubuntu1) ...\r\nSelecting previously unselected package make.\r\nPreparing to unpack .../archives/make_4.1-6_amd64.deb ...\r\nUnpacking make (4.1-6) ...\r\nSelecting previously unselected package manpages-dev.\r\nPreparing to unpack .../manpages-dev_4.04-2_all.deb ...\r\nUnpacking manpages-dev (4.04-2) ...\r\nSelecting previously unselected package unzip.\r\nPreparing to unpack .../unzip_6.0-20ubuntu1.1_amd64.deb ...\r\nUnpacking unzip (6.0-20ubuntu1.1) ...\r\nProcessing triggers for libc-bin (2.23-0ubuntu11.3) ...\r\nSetting up libgmp10:amd64 (2:6.1.0+dfsg-2) ...\r\nSetting up libmpfr4:amd64 (3.1.4-1) ...\r\nSetting up libmpc3:amd64 (1.0.3-1) ...\r\nSetting up bzip2 (1.0.6-8ubuntu0.2) ...\r\nSetting up libidn11:amd64 (1.32-3ubuntu1.2) ...\r\nSetting up libssl1.0.0:amd64 (1.0.2g-1ubuntu4.20) ...\r\ndebconf: unable to initialize frontend: Dialog\r\ndebconf: (TERM is not set, so the dialog frontend is not usable.)\r\ndebconf: falling back to frontend: Readline\r\ndebconf: unable to initialize frontend: Readline\r\ndebconf: (Can't locate Term/ReadLine.pm in @INC (you may need to install the Term::ReadLine module) (@INC contains: /etc/perl /usr/local/lib/x86_64-linux-gnu/perl/5.22.1 /usr/local/share/perl/5.22.1 /usr/lib/x86_64-linux-gnu/perl5/5.22 /usr/share/perl5 /usr/lib/x86_64-linux-gnu/perl/5.22 /usr/share/perl/5.22 /usr/local/lib/site_perl /usr/lib/x86_64-linux-gnu/perl-base .) at /usr/share/perl5/Debconf/FrontEnd/Readline.pm line 7.)\r\ndebconf: falling back to frontend: Teletype\r\nSetting up openssl (1.0.2g-1ubuntu4.20) ...\r\nSetting up ca-certificates (20210119~16.04.1) ...\r\ndebconf: unable to initialize frontend: Dialog\r\ndebconf: (TERM is not set, so the dialog frontend is not usable.)\r\ndebconf: falling back to frontend: Readline\r\ndebconf: unable to initialize frontend: Readline\r\ndebconf: (Can't locate Term/ReadLine.pm in @INC (you may need to install the Term::ReadLine module) (@INC contains: /etc/perl /usr/local/lib/x86_64-linux-gnu/perl/5.22.1 /usr/local/share/perl/5.22.1 /usr/lib/x86_64-linux-gnu/perl5/5.22 /usr/share/perl5 /usr/lib/x86_64-linux-gnu/perl/5.22 /usr/share/perl/5.22 /usr/local/lib/site_perl /usr/lib/x86_64-linux-gnu/perl-base .) at /usr/share/perl5/Debconf/FrontEnd/Readline.pm line 7.)\r\ndebconf: falling back to frontend: Teletype\r\nSetting up manpages (4.04-2) ...\r\nSetting up wget (1.17.1-1ubuntu1.5) ...\r\nSetting up binutils (2.26.1-1ubuntu1~16.04.8) ...\r\nSetting up libisl15:amd64 (0.16.1-1) ...\r\nSetting up cpp-5 (5.4.0-6ubuntu1~16.04.12) ...\r\nSetting up cpp (4:5.3.1-1ubuntu1) ...\r\nSetting up libcc1-0:amd64 (5.4.0-6ubuntu1~16.04.12) ...\r\nSetting up libgomp1:amd64 (5.4.0-6ubuntu1~16.04.12) ...\r\nSetting up libitm1:amd64 (5.4.0-6ubuntu1~16.04.12) ...\r\nSetting up libatomic1:amd64 (5.4.0-6ubuntu1~16.04.12) ...\r\nSetting up libasan2:amd64 (5.4.0-6ubuntu1~16.04.12) ...\r\nSetting up liblsan0:amd64 (5.4.0-6ubuntu1~16.04.12) ...\r\nSetting up libtsan0:amd64 (5.4.0-6ubuntu1~16.04.12) ...\r\nSetting up libubsan0:amd64 (5.4.0-6ubuntu1~16.04.12) ...\r\nSetting up libcilkrts5:amd64 (5.4.0-6ubuntu1~16.04.12) ...\r\nSetting up libmpx0:amd64 (5.4.0-6ubuntu1~16.04.12) ...\r\nSetting up libquadmath0:amd64 (5.4.0-6ubuntu1~16.04.12) ...\r\nSetting up libgcc-5-dev:amd64 (5.4.0-6ubuntu1~16.04.12) ...\r\nSetting up gcc-5 (5.4.0-6ubuntu1~16.04.12) ...\r\nSetting up gcc (4:5.3.1-1ubuntu1) ...\r\nSetting up libc-dev-bin (2.23-0ubuntu11.3) ...\r\nSetting up linux-libc-dev:amd64 (4.4.0-210.242) ...\r\nSetting up libc6-dev:amd64 (2.23-0ubuntu11.3) ...\r\nSetting up libstdc++-5-dev:amd64 (5.4.0-6ubuntu1~16.04.12) ...\r\nSetting up g++-5 (5.4.0-6ubuntu1~16.04.12) ...\r\nSetting up g++ (4:5.3.1-1ubuntu1) ...\r\nupdate-alternatives: using /usr/bin/g++ to provide /usr/bin/c++ (c++) in auto mode\r\nSetting up make (4.1-6) ...\r\nSetting up manpages-dev (4.04-2) ...\r\nSetting up unzip (6.0-20ubuntu1.1) ...\r\nProcessing triggers for libc-bin (2.23-0ubuntu11.3) ...\r\nProcessing triggers for ca-certificates (20210119~16.04.1) ...\r\nUpdating certificates in /etc/ssl/certs...\r\n129 added, 0 removed; done.\r\nRunning hooks in /etc/ca-certificates/update.d...\r\ndone.\r\nRemoving intermediate container 1f76110fe2db\n ---> 82dc7f2f5953\nStep 5/16 : ENV LANG=C.UTF-8 LC_ALL=C.UTF-8\n ---> Running in 9dd1df211114\nRemoving intermediate container 9dd1df211114\n ---> 047d7b1abbc4\nStep 6/16 : ENV CONDA_DIR /opt/conda\n ---> Running in 905bac0f457a\nRemoving intermediate container 905bac0f457a\n ---> c7ffa5a1c8f9\nStep 7/16 : ENV PATH ${CONDA_DIR}/bin:${PATH}\n ---> Running in a4620ff96bf1\nRemoving intermediate container a4620ff96bf1\n ---> f5a415e33ccb\nStep 8/16 : RUN wget --quiet https://repo.continuum.io/miniconda/Miniconda3-4.5.12-Linux-x86_64.sh -O ~/miniconda.sh &&     /bin/bash ~/miniconda.sh -b -p ${CONDA_DIR} &&     rm ~/miniconda.sh\n ---> Running in c2b97655c79d\nPREFIX=/opt/conda\ninstalling: python-3.7.1-h0371630_7 ...\nPython 3.7.1\ninstalling: ca-certificates-2018.03.07-0 ...\ninstalling: conda-env-2.6.0-1 ...\ninstalling: libgcc-ng-8.2.0-hdf63c60_1 ...\ninstalling: libstdcxx-ng-8.2.0-hdf63c60_1 ...\ninstalling: libffi-3.2.1-hd88cf55_4 ...\ninstalling: ncurses-6.1-he6710b0_1 ...\ninstalling: openssl-1.1.1a-h7b6447c_0 ...\ninstalling: xz-5.2.4-h14c3975_4 ...\ninstalling: yaml-0.1.7-had09818_2 ...\ninstalling: zlib-1.2.11-h7b6447c_3 ...\ninstalling: libedit-3.1.20170329-h6b74fdf_2 ...\ninstalling: readline-7.0-h7b6447c_5 ...\ninstalling: tk-8.6.8-hbc83047_0 ...\ninstalling: sqlite-3.26.0-h7b6447c_0 ...\ninstalling: asn1crypto-0.24.0-py37_0 ...\ninstalling: certifi-2018.11.29-py37_0 ...\ninstalling: chardet-3.0.4-py37_1 ...\ninstalling: idna-2.8-py37_0 ...\ninstalling: pycosat-0.6.3-py37h14c3975_0 ...\ninstalling: pycparser-2.19-py37_0 ...\ninstalling: pysocks-1.6.8-py37_0 ...\ninstalling: ruamel_yaml-0.15.46-py37h14c3975_0 ...\ninstalling: six-1.12.0-py37_0 ...\ninstalling: cffi-1.11.5-py37he75722e_1 ...\ninstalling: setuptools-40.6.3-py37_0 ...\ninstalling: cryptography-2.4.2-py37h1ba5d50_0 ...\ninstalling: wheel-0.32.3-py37_0 ...\ninstalling: pip-18.1-py37_0 ...\ninstalling: pyopenssl-18.0.0-py37_0 ...\ninstalling: urllib3-1.24.1-py37_0 ...\ninstalling: requests-2.21.0-py37_0 ...\ninstalling: conda-4.5.12-py37_0 ...\ninstallation finished.\nRemoving intermediate container c2b97655c79d\n ---> d9fdee860242\nStep 9/16 : RUN pip install cmake --upgrade\n ---> Running in 4e89673fbfb4\nCollecting cmake\n  Downloading https://files.pythonhosted.org/packages/e9/67/3d545c3a706bc427b1bd2a9108e3986dfc8c1450be0da8149fe591902875/cmake-3.25.0.tar.gz\n  Installing build dependencies: started\n  Installing build dependencies: finished with status 'done'\nBuilding wheels for collected packages: cmake\n  Running setup.py bdist_wheel for cmake: started\n  Running setup.py bdist_wheel for cmake: finished with status 'error'\n  Complete output from command /opt/conda/bin/python -u -c \"import setuptools, tokenize;__file__='/tmp/pip-install-26v9tuhk/cmake/setup.py';f=getattr(tokenize, 'open', open)(__file__);code=f.read().replace('\\r\\n', '\\n');f.close();exec(compile(code, __file__, 'exec'))\" bdist_wheel -d /tmp/pip-wheel-0jky0kf_ --python-tag cp37:\n  Traceback (most recent call last):\n    File \"/tmp/pip-build-env-z7i620bm/lib/python3.7/site-packages/skbuild/setuptools_wrap.py\", line 612, in setup\n      cmkr = cmaker.CMaker(cmake_executable)\n    File \"/tmp/pip-build-env-z7i620bm/lib/python3.7/site-packages/skbuild/cmaker.py\", line 149, in __init__\n      self.cmake_version = get_cmake_version(self.cmake_executable)\n    File \"/tmp/pip-build-env-z7i620bm/lib/python3.7/site-packages/skbuild/cmaker.py\", line 106, in get_cmake_version\n      ) from err\n  \n  \n      =============================DEBUG ASSISTANCE=============================\n      If you are seeing a compilation error please try the following steps to\n      successfully install cmake:\n      1) Upgrade to the latest pip and try again. This will fix errors for most\n         users. See: https://pip.pypa.io/en/stable/installing/#upgrading-pip\n      2) If on Linux, with glibc < 2.12, you can set PIP_ONLY_BINARY=cmake in\n         order to retrieve the last manylinux1 compatible wheel.\n      3) If on Linux, with glibc < 2.12, you can cap \"cmake<3.23\" in your\n         requirements in order to retrieve the last manylinux1 compatible wheel.\n      4) Open an issue with the debug information that follows at\n         https://github.com/scikit-build/cmake-python-distributions/issues\n  \n      Python: 3.7.1\n      platform: Linux-5.4.0-113-generic-x86_64-with-debian-stretch-sid\n      glibc: glibc 2.23\n      machine: x86_64\n      bits: 64\n      pip: 18.1\n      setuptools: 65.6.3\n      scikit-build: 0.16.4\n      =============================DEBUG ASSISTANCE=============================\n  \n  Problem with the CMake installation, aborting build. CMake executable is cmake\n  \n  ----------------------------------------\n\u001b[91m  Failed building wheel for cmake\n\u001b[0m  Running setup.py clean for cmake\nFailed to build cmake\nInstalling collected packages: cmake\n  Running setup.py install for cmake: started\n    Running setup.py install for cmake: finished with status 'error'\n    Complete output from command /opt/conda/bin/python -u -c \"import setuptools, tokenize;__file__='/tmp/pip-install-26v9tuhk/cmake/setup.py';f=getattr(tokenize, 'open', open)(__file__);code=f.read().replace('\\r\\n', '\\n');f.close();exec(compile(code, __file__, 'exec'))\" install --record /tmp/pip-record-sk8sv7pn/install-record.txt --single-version-externally-managed --compile:\n    /tmp/pip-build-env-z7i620bm/lib/python3.7/site-packages/setuptools/command/install.py:37: SetuptoolsDeprecationWarning: setup.py install is deprecated. Use build and pip and other standards-based tools.\n      setuptools.SetuptoolsDeprecationWarning,\n    Traceback (most recent call last):\n      File \"/tmp/pip-build-env-z7i620bm/lib/python3.7/site-packages/skbuild/setuptools_wrap.py\", line 612, in setup\n        cmkr = cmaker.CMaker(cmake_executable)\n      File \"/tmp/pip-build-env-z7i620bm/lib/python3.7/site-packages/skbuild/cmaker.py\", line 149, in __init__\n        self.cmake_version = get_cmake_version(self.cmake_executable)\n      File \"/tmp/pip-build-env-z7i620bm/lib/python3.7/site-packages/skbuild/cmaker.py\", line 106, in get_cmake_version\n        ) from err\n    \n    \n        =============================DEBUG ASSISTANCE=============================\n        If you are seeing a compilation error please try the following steps to\n        successfully install cmake:\n        1) Upgrade to the latest pip and try again. This will fix errors for most\n           users. See: https://pip.pypa.io/en/stable/installing/#upgrading-pip\n        2) If on Linux, with glibc < 2.12, you can set PIP_ONLY_BINARY=cmake in\n           order to retrieve the last manylinux1 compatible wheel.\n        3) If on Linux, with glibc < 2.12, you can cap \"cmake<3.23\" in your\n           requirements in order to retrieve the last manylinux1 compatible wheel.\n        4) Open an issue with the debug information that follows at\n           https://github.com/scikit-build/cmake-python-distributions/issues\n    \n        Python: 3.7.1\n        platform: Linux-5.4.0-113-generic-x86_64-with-debian-stretch-sid\n        glibc: glibc 2.23\n        machine: x86_64\n        bits: 64\n        pip: 18.1\n        setuptools: 65.6.3\n        scikit-build: 0.16.4\n        =============================DEBUG ASSISTANCE=============================\n    \n    Problem with the CMake installation, aborting build. CMake executable is cmake\n    \n    ----------------------------------------\n\u001b[91mCommand \"/opt/conda/bin/python -u -c \"import setuptools, tokenize;__file__='/tmp/pip-install-26v9tuhk/cmake/setup.py';f=getattr(tokenize, 'open', open)(__file__);code=f.read().replace('\\r\\n', '\\n');f.close();exec(compile(code, __file__, 'exec'))\" install --record /tmp/pip-record-sk8sv7pn/install-record.txt --single-version-externally-managed --compile\" failed with error code 1 in /tmp/pip-install-26v9tuhk/cmake/\n\u001b[0mRemoving intermediate container 4e89673fbfb4\n","stderr":"The command '/bin/sh -c pip install cmake --upgrade' returned a non-zero code: 1\n"},"endTime":1672725582605}