{"repository":"https://github.com/jeikeilim/kindle","dockerfilePath":"Dockerfile","startTime":1672136017081,"clone":{"stdout":"","stderr":"Cloning into '/tmp/dinghy-analysis/jeikeilim/kindle'...\n","error":null,"commit":"14dbde090d8f15f63e5c8403e5e087a72c37a530"},"originalBuild":{"startTimestamp":1672136017940,"endTimestamp":1672136342844,"error":{"code":1,"killed":false,"signal":null,"cmd":"docker build --no-cache --force-rm -t kindle:latest -f /tmp/dinghy-analysis/jeikeilim/kindle/Dockerfile ."},"stdout":"Sending build context to Docker daemon  922.6kB\r\r\nStep 1/7 : FROM nvcr.io/nvidia/tensorrt:20.09-py3\n20.09-py3: Pulling from nvidia/tensorrt\nf08d8e2a3ba1: Pulling fs layer\n3baa9cb2483b: Pulling fs layer\n94e5ff4c0b15: Pulling fs layer\n1860925334f9: Pulling fs layer\nc6b364205fad: Pulling fs layer\nffcd5dc3448d: Pulling fs layer\n13cf13e5ce72: Pulling fs layer\n7202bec79e41: Pulling fs layer\nfdfbe893941b: Pulling fs layer\nf73bfa0e0e17: Pulling fs layer\n36aade146566: Pulling fs layer\n0cf8254e1bfe: Pulling fs layer\n40ff6c34e5e5: Pulling fs layer\n0adeec2cfe74: Pulling fs layer\n895d871af5fd: Pulling fs layer\n71c97f6ac83c: Pulling fs layer\n281aa21cb812: Pulling fs layer\n9c7e46bb4080: Pulling fs layer\n150dfb1677cd: Pulling fs layer\n3ce488e63cd3: Pulling fs layer\n0f6e3807a6dc: Pulling fs layer\n3585c705a7d0: Pulling fs layer\nde81ad699822: Pulling fs layer\nbb1a224031d9: Pulling fs layer\nde7308abc9b3: Pulling fs layer\n07620b1781c2: Pulling fs layer\ndbc3331c85c9: Pulling fs layer\n4f4fb700ef54: Pulling fs layer\n0e2041941e10: Pulling fs layer\n04c1de6b1c97: Pulling fs layer\n656648026897: Pulling fs layer\n9a2faa209d0b: Pulling fs layer\nf0601cdd692d: Pulling fs layer\neb187ce320e2: Pulling fs layer\n34208c507c2b: Pulling fs layer\n4fa55183b9ed: Pulling fs layer\n830f53872e7c: Pulling fs layer\nb70438c3659a: Pulling fs layer\nbe5f4d466eda: Pulling fs layer\n1dfb74bdeb16: Pulling fs layer\ncfbde8f3a0c8: Pulling fs layer\n0f6e3807a6dc: Waiting\nfdfbe893941b: Waiting\n4d6c83e21337: Pulling fs layer\n1da6ae3e0c4d: Pulling fs layer\n3585c705a7d0: Waiting\n5ac2aa7e2a84: Pulling fs layer\nde81ad699822: Waiting\n63115e6188cc: Pulling fs layer\nbb1a224031d9: Waiting\n71c97f6ac83c: Waiting\n0e2041941e10: Waiting\nde7308abc9b3: Waiting\n04c1de6b1c97: Waiting\n07620b1781c2: Waiting\n656648026897: Waiting\n281aa21cb812: Waiting\nf73bfa0e0e17: Waiting\n9a2faa209d0b: Waiting\ndbc3331c85c9: Waiting\nf0601cdd692d: Waiting\n4f4fb700ef54: Waiting\n36aade146566: Waiting\neb187ce320e2: Waiting\n34208c507c2b: Waiting\n9c7e46bb4080: Waiting\n4fa55183b9ed: Waiting\n0cf8254e1bfe: Waiting\n1860925334f9: Waiting\n830f53872e7c: Waiting\nb70438c3659a: Waiting\nc6b364205fad: Waiting\nbe5f4d466eda: Waiting\n150dfb1677cd: Waiting\n1dfb74bdeb16: Waiting\n895d871af5fd: Waiting\ncfbde8f3a0c8: Waiting\nffcd5dc3448d: Waiting\n40ff6c34e5e5: Waiting\n13cf13e5ce72: Waiting\n3ce488e63cd3: Waiting\n0adeec2cfe74: Waiting\n7202bec79e41: Waiting\n63115e6188cc: Waiting\n94e5ff4c0b15: Download complete\n3baa9cb2483b: Verifying Checksum\n3baa9cb2483b: Download complete\n1860925334f9: Verifying Checksum\n1860925334f9: Download complete\nf08d8e2a3ba1: Verifying Checksum\nf08d8e2a3ba1: Download complete\nffcd5dc3448d: Download complete\nf08d8e2a3ba1: Pull complete\n13cf13e5ce72: Verifying Checksum\n13cf13e5ce72: Download complete\n3baa9cb2483b: Pull complete\n94e5ff4c0b15: Pull complete\n1860925334f9: Pull complete\n7202bec79e41: Verifying Checksum\n7202bec79e41: Download complete\nfdfbe893941b: Verifying Checksum\nfdfbe893941b: Download complete\nc6b364205fad: Verifying Checksum\nc6b364205fad: Download complete\nf73bfa0e0e17: Verifying Checksum\nf73bfa0e0e17: Download complete\n36aade146566: Verifying Checksum\n36aade146566: Download complete\n40ff6c34e5e5: Verifying Checksum\n40ff6c34e5e5: Download complete\n0cf8254e1bfe: Verifying Checksum\n0cf8254e1bfe: Download complete\n0adeec2cfe74: Verifying Checksum\n0adeec2cfe74: Download complete\n71c97f6ac83c: Verifying Checksum\n71c97f6ac83c: Download complete\nc6b364205fad: Pull complete\n281aa21cb812: Verifying Checksum\n281aa21cb812: Download complete\n150dfb1677cd: Verifying Checksum\n150dfb1677cd: Download complete\n9c7e46bb4080: Download complete\nffcd5dc3448d: Pull complete\n13cf13e5ce72: Pull complete\n7202bec79e41: Pull complete\nfdfbe893941b: Pull complete\nf73bfa0e0e17: Pull complete\n36aade146566: Pull complete\n0cf8254e1bfe: Pull complete\n40ff6c34e5e5: Pull complete\n0adeec2cfe74: Pull complete\n0f6e3807a6dc: Verifying Checksum\n0f6e3807a6dc: Download complete\n3ce488e63cd3: Verifying Checksum\n3ce488e63cd3: Download complete\n3585c705a7d0: Verifying Checksum\n3585c705a7d0: Download complete\nde81ad699822: Verifying Checksum\nde81ad699822: Download complete\nde7308abc9b3: Verifying Checksum\nde7308abc9b3: Download complete\nbb1a224031d9: Verifying Checksum\nbb1a224031d9: Download complete\n07620b1781c2: Verifying Checksum\n07620b1781c2: Download complete\n4f4fb700ef54: Download complete\n0e2041941e10: Verifying Checksum\n0e2041941e10: Download complete\n04c1de6b1c97: Verifying Checksum\n04c1de6b1c97: Download complete\n656648026897: Verifying Checksum\n656648026897: Download complete\n9a2faa209d0b: Verifying Checksum\n9a2faa209d0b: Download complete\ndbc3331c85c9: Verifying Checksum\ndbc3331c85c9: Download complete\nf0601cdd692d: Download complete\neb187ce320e2: Verifying Checksum\neb187ce320e2: Download complete\n34208c507c2b: Verifying Checksum\n34208c507c2b: Download complete\n4fa55183b9ed: Verifying Checksum\n4fa55183b9ed: Download complete\nb70438c3659a: Verifying Checksum\nb70438c3659a: Download complete\nbe5f4d466eda: Verifying Checksum\nbe5f4d466eda: Download complete\n1dfb74bdeb16: Download complete\ncfbde8f3a0c8: Download complete\n4d6c83e21337: Verifying Checksum\n4d6c83e21337: Download complete\n1da6ae3e0c4d: Verifying Checksum\n1da6ae3e0c4d: Download complete\n5ac2aa7e2a84: Download complete\n63115e6188cc: Download complete\n830f53872e7c: Verifying Checksum\n830f53872e7c: Download complete\n895d871af5fd: Verifying Checksum\n895d871af5fd: Download complete\n895d871af5fd: Pull complete\n71c97f6ac83c: Pull complete\n281aa21cb812: Pull complete\n9c7e46bb4080: Pull complete\n150dfb1677cd: Pull complete\n3ce488e63cd3: Pull complete\n0f6e3807a6dc: Pull complete\n3585c705a7d0: Pull complete\nde81ad699822: Pull complete\nbb1a224031d9: Pull complete\nde7308abc9b3: Pull complete\n07620b1781c2: Pull complete\ndbc3331c85c9: Pull complete\n4f4fb700ef54: Pull complete\n0e2041941e10: Pull complete\n04c1de6b1c97: Pull complete\n656648026897: Pull complete\n9a2faa209d0b: Pull complete\nf0601cdd692d: Pull complete\neb187ce320e2: Pull complete\n34208c507c2b: Pull complete\n4fa55183b9ed: Pull complete\n830f53872e7c: Pull complete\nb70438c3659a: Pull complete\nbe5f4d466eda: Pull complete\n1dfb74bdeb16: Pull complete\ncfbde8f3a0c8: Pull complete\n4d6c83e21337: Pull complete\n1da6ae3e0c4d: Pull complete\n5ac2aa7e2a84: Pull complete\n63115e6188cc: Pull complete\nDigest: sha256:af35aa6b82c40e659d34c33596996221ec05f8cb4d7dbcd5a8a501d351db2dbd\nStatus: Downloaded newer image for nvcr.io/nvidia/tensorrt:20.09-py3\n ---> b1386993f571\nStep 2/7 : ENV HOME=/usr/src/app\n ---> Running in 52219093e281\nRemoving intermediate container 52219093e281\n ---> 7303d099f109\nStep 3/7 : RUN pip install pip --upgrade\n ---> Running in c249c86a9303\nCollecting pip\n  Downloading pip-21.3.1-py3-none-any.whl (1.7 MB)\nInstalling collected packages: pip\n  Attempting uninstall: pip\n    Found existing installation: pip 20.2.3\n    Uninstalling pip-20.2.3:\n      Successfully uninstalled pip-20.2.3\nSuccessfully installed pip-21.3.1\nRemoving intermediate container c249c86a9303\n ---> b154e99f6cf3\nStep 4/7 : RUN pip install torch==1.7.1+cu101 torchvision==0.8.2+cu101 torchaudio==0.7.2 -f https://download.pytorch.org/whl/torch_stable.html\n ---> Running in 15fc470eadbb\nLooking in links: https://download.pytorch.org/whl/torch_stable.html\nCollecting torch==1.7.1+cu101\n  Downloading https://download.pytorch.org/whl/cu101/torch-1.7.1%2Bcu101-cp36-cp36m-linux_x86_64.whl (735.4 MB)\nCollecting torchvision==0.8.2+cu101\n  Downloading https://download.pytorch.org/whl/cu101/torchvision-0.8.2%2Bcu101-cp36-cp36m-linux_x86_64.whl (12.8 MB)\nCollecting torchaudio==0.7.2\n  Downloading torchaudio-0.7.2-cp36-cp36m-manylinux1_x86_64.whl (7.6 MB)\nRequirement already satisfied: numpy in /usr/local/lib/python3.6/dist-packages (from torch==1.7.1+cu101) (1.19.1)\nCollecting typing-extensions\n  Downloading typing_extensions-4.1.1-py3-none-any.whl (26 kB)\nCollecting dataclasses\n  Downloading dataclasses-0.8-py3-none-any.whl (19 kB)\nRequirement already satisfied: pillow>=4.1.1 in /usr/local/lib/python3.6/dist-packages (from torchvision==0.8.2+cu101) (7.2.0)\nInstalling collected packages: typing-extensions, dataclasses, torch, torchvision, torchaudio\nSuccessfully installed dataclasses-0.8 torch-1.7.1+cu101 torchaudio-0.7.2 torchvision-0.8.2+cu101 typing-extensions-4.1.1\n\u001b[91mWARNING: Running pip as the 'root' user can result in broken permissions and conflicting behaviour with the system package manager. It is recommended to use a virtual environment instead: https://pip.pypa.io/warnings/venv\n\u001b[0mRemoving intermediate container 15fc470eadbb\n ---> 9c72b5f4ae10\nStep 5/7 : RUN pip install onnx onnx-simplifier\n ---> Running in 9d4090b93620\nCollecting onnx\n  Downloading onnx-1.13.0.tar.gz (10.4 MB)\n  Installing build dependencies: started\n  Installing build dependencies: finished with status 'done'\n  Getting requirements to build wheel: started\n  Getting requirements to build wheel: finished with status 'done'\n  Installing backend dependencies: started\n  Installing backend dependencies: finished with status 'done'\n  Preparing metadata (pyproject.toml): started\n  Preparing metadata (pyproject.toml): finished with status 'done'\nCollecting onnx-simplifier\n  Downloading onnx_simplifier-0.4.10-cp36-cp36m-manylinux_2_17_x86_64.manylinux2014_x86_64.whl (2.0 MB)\nCollecting onnx\n  Downloading onnx-1.12.0.tar.gz (10.1 MB)\n  Preparing metadata (setup.py): started\n  Preparing metadata (setup.py): finished with status 'done'\nRequirement already satisfied: numpy>=1.16.6 in /usr/local/lib/python3.6/dist-packages (from onnx) (1.19.1)\nCollecting protobuf<=3.20.1,>=3.12.2\n  Downloading protobuf-3.19.6-cp36-cp36m-manylinux_2_17_x86_64.manylinux2014_x86_64.whl (1.1 MB)\nRequirement already satisfied: typing-extensions>=3.6.2.1 in /usr/local/lib/python3.6/dist-packages (from onnx) (4.1.1)\nCollecting rich\n  Downloading rich-12.6.0-py3-none-any.whl (237 kB)\nRequirement already satisfied: dataclasses<0.9,>=0.7 in /usr/local/lib/python3.6/dist-packages (from rich->onnx-simplifier) (0.8)\nCollecting commonmark<0.10.0,>=0.9.0\n  Downloading commonmark-0.9.1-py2.py3-none-any.whl (51 kB)\nCollecting pygments<3.0.0,>=2.6.0\n  Downloading Pygments-2.13.0-py3-none-any.whl (1.1 MB)\nBuilding wheels for collected packages: onnx\n  Building wheel for onnx (setup.py): started\n  Building wheel for onnx (setup.py): finished with status 'error'\n\u001b[91m  ERROR: Command errored out with exit status 1:\n   command: /usr/bin/python -u -c 'import io, os, sys, setuptools, tokenize; sys.argv[0] = '\"'\"'/tmp/pip-install-mf46tt6z/onnx_a136ca096e2d47ed9d468de52ae79547/setup.py'\"'\"'; __file__='\"'\"'/tmp/pip-install-mf46tt6z/onnx_a136ca096e2d47ed9d468de52ae79547/setup.py'\"'\"';f = getattr(tokenize, '\"'\"'open'\"'\"', open)(__file__) if os.path.exists(__file__) else io.StringIO('\"'\"'from setuptools import setup; setup()'\"'\"');code = f.read().replace('\"'\"'\\r\\n'\"'\"', '\"'\"'\\n'\"'\"');f.close();exec(compile(code, __file__, '\"'\"'exec'\"'\"'))' bdist_wheel -d /tmp/pip-wheel-awok12my\n       cwd: /tmp/pip-install-mf46tt6z/onnx_a136ca096e2d47ed9d468de52ae79547/\n  Complete output (67 lines):\n  fatal: not a git repository (or any of the parent directories): .git\n  running bdist_wheel\n  running build\n  running build_py\n  running create_version\n  running cmake_build\n  Using cmake args: ['/usr/local/bin/cmake', '-DPYTHON_INCLUDE_DIR=/usr/include/python3.6m', '-DPYTHON_EXECUTABLE=/usr/bin/python', '-DBUILD_ONNX_PYTHON=ON', '-DCMAKE_EXPORT_COMPILE_COMMANDS=ON', '-DONNX_NAMESPACE=onnx', '-DPY_EXT_SUFFIX=.cpython-36m-x86_64-linux-gnu.so', '-DCMAKE_BUILD_TYPE=Release', '-DONNX_ML=1', '/tmp/pip-install-mf46tt6z/onnx_a136ca096e2d47ed9d468de52ae79547']\n  -- The C compiler identification is GNU 7.5.0\n  -- The CXX compiler identification is GNU 7.5.0\n  -- Check for working C compiler: /usr/bin/cc\n  -- Check for working C compiler: /usr/bin/cc -- works\n  -- Detecting C compiler ABI info\n  -- Detecting C compiler ABI info - done\n  -- Detecting C compile features\n  -- Detecting C compile features - done\n  -- Check for working CXX compiler: /usr/bin/c++\n  -- Check for working CXX compiler: /usr/bin/c++ -- works\n  -- Detecting CXX compiler ABI info\n  -- Detecting CXX compiler ABI info - done\n  -- Detecting CXX compile features\n  -- Detecting CXX compile features - done\n  -- Found PythonInterp: /usr/bin/python (found version \"3.6.9\")\n  -- Found PythonLibs: /usr/lib/x86_64-linux-gnu/libpython3.6m.so (found version \"3.6.9\")\n  Generated: /tmp/pip-install-mf46tt6z/onnx_a136ca096e2d47ed9d468de52ae79547/.setuptools-cmake-build/onnx/onnx-ml.proto\n  CMake Error at CMakeLists.txt:299 (message):\n    Protobuf compiler not found\n  Call Stack (most recent call first):\n    CMakeLists.txt:330 (relative_protobuf_generate_cpp)\n  \n  \n  -- Configuring incomplete, errors occurred!\n  See also \"/tmp/pip-install-mf46tt6z/onnx_a136ca096e2d47ed9d468de52ae79547/.setuptools-cmake-build/CMakeFiles/CMakeOutput.log\".\n  Traceback (most recent call last):\n    File \"<string>\", line 1, in <module>\n    File \"/tmp/pip-install-mf46tt6z/onnx_a136ca096e2d47ed9d468de52ae79547/setup.py\", line 354, in <module>\n      \"backend-test-tools = onnx.backend.test.cmd_tools:main\",\n    File \"/usr/local/lib/python3.6/dist-packages/setuptools/__init__.py\", line 153, in setup\n      return distutils.core.setup(**attrs)\n    File \"/usr/lib/python3.6/distutils/core.py\", line 148, in setup\n      dist.run_commands()\n    File \"/usr/lib/python3.6/distutils/dist.py\", line 955, in run_commands\n      self.run_command(cmd)\n    File \"/usr/lib/python3.6/distutils/dist.py\", line 974, in run_command\n      cmd_obj.run()\n    File \"/usr/local/lib/python3.6/dist-packages/wheel/bdist_wheel.py\", line 290, in run\n      self.run_command('build')\n    File \"/usr/lib/python3.6/distutils/cmd.py\", line 313, in run_command\n      self.distribution.run_command(command)\n    File \"/usr/lib/python3.6/distutils/dist.py\", line 974, in run_command\n      cmd_obj.run()\n    File \"/usr/lib/python3.6/distutils/command/build.py\", line 135, in run\n      self.run_command(cmd_name)\n    File \"/usr/lib/python3.6/distutils/cmd.py\", line 313, in run_command\n      self.distribution.run_command(command)\n    File \"/usr/lib/python3.6/distutils/dist.py\", line 974, in run_command\n      cmd_obj.run()\n    File \"/tmp/pip-install-mf46tt6z/onnx_a136ca096e2d47ed9d468de52ae79547/setup.py\", line 223, in run\n      self.run_command(\"cmake_build\")\n    File \"/usr/lib/python3.6/distutils/cmd.py\", line 313, in run_command\n      self.distribution.run_command(command)\n    File \"/usr/lib/python3.6/distutils/dist.py\", line 974, in run_command\n      cmd_obj.run()\n    File \"/tmp/pip-install-mf46tt6z/onnx_a136ca096e2d47ed9d468de52ae79547/setup.py\", line 209, in run\n      subprocess.check_call(cmake_args)\n    File \"/usr/lib/python3.6/subprocess.py\", line 311, in check_call\n      raise CalledProcessError(retcode, cmd)\n  subprocess.CalledProcessError: Command '['/usr/local/bin/cmake', '-DPYTHON_INCLUDE_DIR=/usr/include/python3.6m', '-DPYTHON_EXECUTABLE=/usr/bin/python', '-DBUILD_ONNX_PYTHON=ON', '-DCMAKE_EXPORT_COMPILE_COMMANDS=ON', '-DONNX_NAMESPACE=onnx', '-DPY_EXT_SUFFIX=.cpython-36m-x86_64-linux-gnu.so', '-DCMAKE_BUILD_TYPE=Release', '-DONNX_ML=1', '/tmp/pip-install-mf46tt6z/onnx_a136ca096e2d47ed9d468de52ae79547']' returned non-zero exit status 1.\n  ----------------------------------------\n\u001b[0m\u001b[91m  ERROR: Failed building wheel for onnx\n\u001b[0m  Running setup.py clean for onnx\nFailed to build onnx\nInstalling collected packages: pygments, protobuf, commonmark, rich, onnx, onnx-simplifier\n    Running setup.py install for onnx: started\n    Running setup.py install for onnx: finished with status 'error'\n\u001b[91m    ERROR: Command errored out with exit status 1:\n     command: /usr/bin/python -u -c 'import io, os, sys, setuptools, tokenize; sys.argv[0] = '\"'\"'/tmp/pip-install-mf46tt6z/onnx_a136ca096e2d47ed9d468de52ae79547/setup.py'\"'\"'; __file__='\"'\"'/tmp/pip-install-mf46tt6z/onnx_a136ca096e2d47ed9d468de52ae79547/setup.py'\"'\"';f = getattr(tokenize, '\"'\"'open'\"'\"', open)(__file__) if os.path.exists(__file__) else io.StringIO('\"'\"'from setuptools import setup; setup()'\"'\"');code = f.read().replace('\"'\"'\\r\\n'\"'\"', '\"'\"'\\n'\"'\"');f.close();exec(compile(code, __file__, '\"'\"'exec'\"'\"'))' install --record /tmp/pip-record-m9cv91og/install-record.txt --single-version-externally-managed --compile --install-headers /usr/local/include/python3.6/onnx\n         cwd: /tmp/pip-install-mf46tt6z/onnx_a136ca096e2d47ed9d468de52ae79547/\n    Complete output (53 lines):\n    fatal: not a git repository (or any of the parent directories): .git\n    running install\n    running build\n    running build_py\n    running create_version\n    running cmake_build\n    Using cmake args: ['/usr/local/bin/cmake', '-DPYTHON_INCLUDE_DIR=/usr/include/python3.6m', '-DPYTHON_EXECUTABLE=/usr/bin/python', '-DBUILD_ONNX_PYTHON=ON', '-DCMAKE_EXPORT_COMPILE_COMMANDS=ON', '-DONNX_NAMESPACE=onnx', '-DPY_EXT_SUFFIX=.cpython-36m-x86_64-linux-gnu.so', '-DCMAKE_BUILD_TYPE=Release', '-DONNX_ML=1', '/tmp/pip-install-mf46tt6z/onnx_a136ca096e2d47ed9d468de52ae79547']\n    Generated: /tmp/pip-install-mf46tt6z/onnx_a136ca096e2d47ed9d468de52ae79547/.setuptools-cmake-build/onnx/onnx-ml.proto\n    CMake Error at CMakeLists.txt:299 (message):\n      Protobuf compiler not found\n    Call Stack (most recent call first):\n      CMakeLists.txt:330 (relative_protobuf_generate_cpp)\n    \n    \n    -- Configuring incomplete, errors occurred!\n    See also \"/tmp/pip-install-mf46tt6z/onnx_a136ca096e2d47ed9d468de52ae79547/.setuptools-cmake-build/CMakeFiles/CMakeOutput.log\".\n    Traceback (most recent call last):\n      File \"<string>\", line 1, in <module>\n      File \"/tmp/pip-install-mf46tt6z/onnx_a136ca096e2d47ed9d468de52ae79547/setup.py\", line 354, in <module>\n        \"backend-test-tools = onnx.backend.test.cmd_tools:main\",\n      File \"/usr/local/lib/python3.6/dist-packages/setuptools/__init__.py\", line 153, in setup\n        return distutils.core.setup(**attrs)\n      File \"/usr/lib/python3.6/distutils/core.py\", line 148, in setup\n        dist.run_commands()\n      File \"/usr/lib/python3.6/distutils/dist.py\", line 955, in run_commands\n        self.run_command(cmd)\n      File \"/usr/lib/python3.6/distutils/dist.py\", line 974, in run_command\n        cmd_obj.run()\n      File \"/usr/local/lib/python3.6/dist-packages/setuptools/command/install.py\", line 61, in run\n        return orig.install.run(self)\n      File \"/usr/lib/python3.6/distutils/command/install.py\", line 589, in run\n        self.run_command('build')\n      File \"/usr/lib/python3.6/distutils/cmd.py\", line 313, in run_command\n        self.distribution.run_command(command)\n      File \"/usr/lib/python3.6/distutils/dist.py\", line 974, in run_command\n        cmd_obj.run()\n      File \"/usr/lib/python3.6/distutils/command/build.py\", line 135, in run\n        self.run_command(cmd_name)\n      File \"/usr/lib/python3.6/distutils/cmd.py\", line 313, in run_command\n        self.distribution.run_command(command)\n      File \"/usr/lib/python3.6/distutils/dist.py\", line 974, in run_command\n        cmd_obj.run()\n      File \"/tmp/pip-install-mf46tt6z/onnx_a136ca096e2d47ed9d468de52ae79547/setup.py\", line 223, in run\n        self.run_command(\"cmake_build\")\n      File \"/usr/lib/python3.6/distutils/cmd.py\", line 313, in run_command\n        self.distribution.run_command(command)\n      File \"/usr/lib/python3.6/distutils/dist.py\", line 974, in run_command\n        cmd_obj.run()\n      File \"/tmp/pip-install-mf46tt6z/onnx_a136ca096e2d47ed9d468de52ae79547/setup.py\", line 209, in run\n        subprocess.check_call(cmake_args)\n      File \"/usr/lib/python3.6/subprocess.py\", line 311, in check_call\n        raise CalledProcessError(retcode, cmd)\n    subprocess.CalledProcessError: Command '['/usr/local/bin/cmake', '-DPYTHON_INCLUDE_DIR=/usr/include/python3.6m', '-DPYTHON_EXECUTABLE=/usr/bin/python', '-DBUILD_ONNX_PYTHON=ON', '-DCMAKE_EXPORT_COMPILE_COMMANDS=ON', '-DONNX_NAMESPACE=onnx', '-DPY_EXT_SUFFIX=.cpython-36m-x86_64-linux-gnu.so', '-DCMAKE_BUILD_TYPE=Release', '-DONNX_ML=1', '/tmp/pip-install-mf46tt6z/onnx_a136ca096e2d47ed9d468de52ae79547']' returned non-zero exit status 1.\n    ----------------------------------------\n\u001b[0m\u001b[91mERROR: Command errored out with exit status 1: /usr/bin/python -u -c 'import io, os, sys, setuptools, tokenize; sys.argv[0] = '\"'\"'/tmp/pip-install-mf46tt6z/onnx_a136ca096e2d47ed9d468de52ae79547/setup.py'\"'\"'; __file__='\"'\"'/tmp/pip-install-mf46tt6z/onnx_a136ca096e2d47ed9d468de52ae79547/setup.py'\"'\"';f = getattr(tokenize, '\"'\"'open'\"'\"', open)(__file__) if os.path.exists(__file__) else io.StringIO('\"'\"'from setuptools import setup; setup()'\"'\"');code = f.read().replace('\"'\"'\\r\\n'\"'\"', '\"'\"'\\n'\"'\"');f.close();exec(compile(code, __file__, '\"'\"'exec'\"'\"'))' install --record /tmp/pip-record-m9cv91og/install-record.txt --single-version-externally-managed --compile --install-headers /usr/local/include/python3.6/onnx Check the logs for full command output.\n\u001b[0mRemoving intermediate container 9d4090b93620\n","stderr":"The command '/bin/sh -c pip install onnx onnx-simplifier' returned a non-zero code: 1\n"},"endTime":1672136342924}