{"repository":"https://github.com/throneteki/throneteki","dockerfilePath":"Dockerfile","startTime":1672810472869,"clone":{"stdout":"","stderr":"Cloning into '/tmp/dinghy-analysis/throneteki/throneteki'...\n","error":null,"commit":"462cd350a1487f4be659840ab3b01872624d7501"},"originalBuild":{"startTimestamp":1672810474467,"endTimestamp":1672810503857,"error":{"code":1,"killed":false,"signal":null,"cmd":"docker build --no-cache --force-rm -t throneteki:latest -f /tmp/dinghy-analysis/throneteki/throneteki/Dockerfile ."},"stdout":"Sending build context to Docker daemon   7.51MB\r\r\nStep 1/9 : FROM node:latest\n ---> 548714e444f4\nStep 2/9 : RUN mkdir -p /usr/src/lobby\n ---> Running in 6eb02fb8dc1f\nRemoving intermediate container 6eb02fb8dc1f\n ---> 7f1f1ad922a2\nStep 3/9 : WORKDIR /usr/src/lobby\n ---> Running in 402d9e435d07\nRemoving intermediate container 402d9e435d07\n ---> 6b4d3f6acd2c\nStep 4/9 : COPY package.json /usr/src/lobby/\n ---> b62d2414f716\nStep 5/9 : COPY package-lock.json /usr/src/lobby/\n ---> 9ff771645aad\nStep 6/9 : RUN npm install\n ---> Running in 0cf75435dd3c\n\u001b[91mnpm\u001b[0m\u001b[91m WARN old lockfile \nnpm \u001b[0m\u001b[91mWARN old lockfile The package-lock.json file was created with an old version of npm,\nnpm \u001b[0m\u001b[91mWARN \u001b[0m\u001b[91mold lockfile so supplemental metadata must be fetched from the registry.\nnpm WARN \u001b[0m\u001b[91mold lockfile \nnpm WARN old lockfile This is a one-time fix-up, please be patient...\nnpm \u001b[0m\u001b[91mWARN old lockfile \n\u001b[0m\u001b[91mnpm WARN deprecated\u001b[0m\u001b[91m uuid@3.1.0: Please upgrade  to version 7 or higher.  Older versions may use Math.random() in certain circumstances, which is known to be problematic.  See https://v8.dev/blog/math-random for details.\n\u001b[0m\u001b[91mnpm WARN deprecated har-validator@5.1.0: this library is no longer supported\n\u001b[0m\u001b[91mnpm WARN deprecated request@2.88.0: request has been deprecated, see https://github.com/request/request/issues/3142\n\u001b[0m\u001b[91mnpm WARN deprecated mkdirp@0.5.1: Legacy versions of mkdirp are no longer supported. Please update to mkdirp 1.x. (Note that the API surface has changed to use Promises in 1.x.)\n\u001b[0m\u001b[91mnpm WARN deprecated node-pre-gyp@0.12.0: Please upgrade to @mapbox/node-pre-gyp: the non-scoped node-pre-gyp package is deprecated and only the @mapbox scoped package will recieve updates in the future\n\u001b[0m\u001b[91mnpm WARN deprecated bcrypt@3.0.6: versions < v5.0.0 do not handle NUL in passwords properly\n\u001b[0m\u001b[91mnpm WARN deprecated debug@4.1.1: Debug versions >=3.2.0 <3.2.7 || >=4 <4.3.1 have a low-severity ReDos regression when used in a Node.js environment. It is recommended you upgrade to 3.2.7 or 4.3.1. (https://github.com/visionmedia/debug/issues/797)\n\u001b[0m\u001b[91mnpm WARN deprecated raven@1.2.1: Please upgrade to @sentry/node. See the migration guide https://bit.ly/3ybOlo7\n\u001b[0m\u001b[91mnpm WARN deprecated gherkin@5.1.0: This package is now published under @cucumber/gherkin\n\u001b[0m\u001b[91mnpm WARN deprecated debug@4.1.1: Debug versions >=3.2.0 <3.2.7 || >=4 <4.3.1 have a low-severity ReDos regression when used in a Node.js environment. It is recommended you upgrade to 3.2.7 or 4.3.1. (https://github.com/visionmedia/debug/issues/797)\n\u001b[0m\u001b[91mnpm WARN deprecated uuid@3.0.0: Please upgrade  to version 7 or higher.  Older versions may use Math.random() in certain circumstances, which is known to be problematic.  See https://v8.dev/blog/math-random for details.\n\u001b[0m\u001b[91mnpm WARN deprecated debug@3.2.6: Debug versions >=3.2.0 <3.2.7 || >=4 <4.3.1 have a low-severity ReDos regression when used in a Node.js environment. It is recommended you upgrade to 3.2.7 or 4.3.1. (https://github.com/visionmedia/debug/issues/797)\n\u001b[0m\u001b[91mnpm WARN deprecated debug@3.2.6: Debug versions >=3.2.0 <3.2.7 || >=4 <4.3.1 have a low-severity ReDos regression when used in a Node.js environment. It is recommended you upgrade to 3.2.7 or 4.3.1. (https://github.com/visionmedia/debug/issues/797)\n\u001b[0m\u001b[91mnpm WARN deprecated debug@4.1.1: Debug versions >=3.2.0 <3.2.7 || >=4 <4.3.1 have a low-severity ReDos regression when used in a Node.js environment. It is recommended you upgrade to 3.2.7 or 4.3.1. (https://github.com/visionmedia/debug/issues/797)\n\u001b[0m\u001b[91mnpm WARN deprecated debug@4.1.1: Debug versions >=3.2.0 <3.2.7 || >=4 <4.3.1 have a low-severity ReDos regression when used in a Node.js environment. It is recommended you upgrade to 3.2.7 or 4.3.1. (https://github.com/visionmedia/debug/issues/797)\n\u001b[0m\u001b[91mnpm WARN deprecated uuid@3.3.2: Please upgrade  to version 7 or higher.  Older versions may use Math.random() in certain circumstances, which is known to be problematic.  See https://v8.dev/blog/math-random for details.\n\u001b[0m\u001b[91mnpm WARN deprecated cucumber-expressions@5.0.18: This package is now published under @cucumber/cucumber-expressions\n\u001b[0m\u001b[91mnpm WARN deprecated bson@1.0.9: Fixed a critical issue with BSON serialization documented in CVE-2019-2391, see https://bit.ly/2KcpXdo for more details\n\u001b[0m\u001b[91mnpm WARN deprecated bson@1.1.1: Fixed a critical issue with BSON serialization documented in CVE-2019-2391, see https://bit.ly/2KcpXdo for more details\n\u001b[0m\u001b[91mnpm WARN deprecated cucumber@4.2.1: Cucumber is publishing new releases under @cucumber/cucumber\n\u001b[0m\u001b[91mnpm WARN deprecated core-js@2.5.7: core-js@<3.23.3 is no longer maintained and not recommended for usage due to the number of issues. Because of the V8 engine whims, feature detection in old core-js versions could cause a slowdown up to 100x even if nothing is polyfilled. Some versions have web compatibility issues. Please, upgrade your dependencies to the actual version of core-js.\n\u001b[0m\u001b[91mnpm ERR! code 1\n\u001b[0m\u001b[91mnpm ERR! path /usr/src/lobby/node_modules/bcrypt\n\u001b[0m\u001b[91mnpm ERR! command failed\nnpm ERR! command sh -c node-pre-gyp install --fallback-to-build\n\u001b[0m\u001b[91mnpm ERR!\u001b[0m\u001b[91m make: Entering directory '/usr/src/lobby/node_modules/bcrypt/build'\nnpm ERR!   CXX(target) Release/obj.target/bcrypt_lib/src/blowfish.o\nnpm ERR!\u001b[0m\u001b[91m   CXX(target) Release/obj.target/bcrypt_lib/src/bcrypt.o\nnpm ERR!   CXX(target) Release/obj.target/bcrypt_lib/src/bcrypt_node.o\nnpm ERR! make: Leaving directory '/usr/src/lobby/node_modules/bcrypt/build'\n\u001b[0m\u001b[91mnpm ERR!\u001b[0m\u001b[91m Failed to execute '/usr/local/bin/node /usr/local/lib/node_modules/npm/node_modules/node-gyp/bin/node-gyp.js build --fallback-to-build --module=/usr/src/lobby/node_modules/bcrypt/lib/binding/bcrypt_lib.node --module_name=bcrypt_lib --module_path=/usr/src/lobby/node_modules/bcrypt/lib/binding --napi_version=8 --node_abi_napi=napi --napi_build_version=0 --node_napi_label=node-v111' (1)\n\u001b[0m\u001b[91mnpm ERR! node-pre-gyp info it worked if it ends with ok\nnpm \u001b[0m\u001b[91mERR! node-pre-gyp info using node-pre-gyp@0.12.0\n\u001b[0m\u001b[91mnpm\u001b[0m\u001b[91m ERR!\u001b[0m\u001b[91m node-pre-gyp info using node@19.3.0 | linux | x64\n\u001b[0m\u001b[91mnpm\u001b[0m\u001b[91m ERR!\u001b[0m\u001b[91m node-pre-gyp WARN Using request for node-pre-gyp https download \n\u001b[0m\u001b[91mnpm \u001b[0m\u001b[91mERR! node-pre-gyp info check checked for \"/usr/src/lobby/node_modules/bcrypt/lib/binding/bcrypt_lib.node\" (not found)\n\u001b[0m\u001b[91mnpm ERR!\u001b[0m\u001b[91m node-pre-gyp http GET https://github.com/kelektiv/node.bcrypt.js/releases/download/v3.0.6/bcrypt_lib-v3.0.6-node-v111-linux-x64-glibc.tar.gz\n\u001b[0m\u001b[91mnpm \u001b[0m\u001b[91mERR! node-pre-gyp http 404 https://github.com/kelektiv/node.bcrypt.js/releases/download/v3.0.6/bcrypt_lib-v3.0.6-node-v111-linux-x64-glibc.tar.gz\n\u001b[0m\u001b[91mnpm ERR!\u001b[0m\u001b[91m node-pre-gyp WARN Tried to download(404): https://github.com/kelektiv/node.bcrypt.js/releases/download/v3.0.6/bcrypt_lib-v3.0.6-node-v111-linux-x64-glibc.tar.gz \nnpm ERR!\u001b[0m\u001b[91m node-pre-gyp WARN Pre-built binaries not found for bcrypt@3.0.6 and node@19.3.0 (node-v111 ABI, glibc) (falling back to source compile with node-gyp) \nnpm\u001b[0m\u001b[91m \u001b[0m\u001b[91mERR!\u001b[0m\u001b[91m node-pre-gyp http 404 status code downloading tarball https://github.com/kelektiv/node.bcrypt.js/releases/download/v3.0.6/bcrypt_lib-v3.0.6-node-v111-linux-x64-glibc.tar.gz \n\u001b[0m\u001b[91mnpm ERR!\u001b[0m\u001b[91m gyp info it worked if it ends with ok\nnpm ERR!\u001b[0m\u001b[91m gyp info using node-gyp@9.3.0\nnpm \u001b[0m\u001b[91mERR! gyp info using node@19.3.0 | linux | x64\n\u001b[0m\u001b[91mnpm\u001b[0m\u001b[91m ERR!\u001b[0m\u001b[91m gyp info ok \nnpm ERR!\u001b[0m\u001b[91m gyp info it worked if it ends with ok\n\u001b[0m\u001b[91mnpm\u001b[0m\u001b[91m \u001b[0m\u001b[91mERR!\u001b[0m\u001b[91m gyp info using node-gyp@9.3.0\n\u001b[0m\u001b[91mnpm\u001b[0m\u001b[91m ERR! gyp info using node@19.3.0 | linux | x64\nnpm\u001b[0m\u001b[91m \u001b[0m\u001b[91mERR!\u001b[0m\u001b[91m gyp info find Python using Python version 3.9.2 found at \"/usr/bin/python3\"\n\u001b[0m\u001b[91mnpm ERR!\u001b[0m\u001b[91m gyp http GET https://nodejs.org/download/release/v19.3.0/node-v19.3.0-headers.tar.gz\nnpm ERR!\u001b[0m\u001b[91m gyp http 200 https://nodejs.org/download/release/v19.3.0/node-v19.3.0-headers.tar.gz\n\u001b[0m\u001b[91mnpm \u001b[0m\u001b[91mERR!\u001b[0m\u001b[91m gyp http GET https://nodejs.org/download/release/v19.3.0/SHASUMS256.txt\n\u001b[0m\u001b[91mnpm ERR!\u001b[0m\u001b[91m gyp http 200 https://nodejs.org/download/release/v19.3.0/SHASUMS256.txt\nnpm ERR!\u001b[0m\u001b[91m gyp info spawn /usr/bin/python3\n\u001b[0m\u001b[91mnpm \u001b[0m\u001b[91mERR! gyp info spawn args [\n\u001b[0m\u001b[91mnpm\u001b[0m\u001b[91m ERR!\u001b[0m\u001b[91m gyp info spawn args   '/usr/local/lib/node_modules/npm/node_modules/node-gyp/gyp/gyp_main.py',\nnpm ERR!\u001b[0m\u001b[91m gyp info spawn args   'binding.gyp',\nnpm \u001b[0m\u001b[91mERR!\u001b[0m\u001b[91m gyp info spawn args   '-f',\nnpm \u001b[0m\u001b[91mERR! gyp info spawn args   'make',\n\u001b[0m\u001b[91mnpm \u001b[0m\u001b[91mERR!\u001b[0m\u001b[91m gyp info spawn args   '-I',\n\u001b[0m\u001b[91mnpm ERR! gyp info spawn args   '/usr/src/lobby/node_modules/bcrypt/build/config.gypi',\n\u001b[0m\u001b[91mnpm ERR! gyp info spawn args   '-I',\n\u001b[0m\u001b[91mnpm ERR! gyp info spawn args   '/usr/local/lib/node_modules/npm/node_modules/node-gyp/addon.gypi',\n\u001b[0m\u001b[91mnpm ERR! gyp info spawn args   '-I',\n\u001b[0m\u001b[91mnpm\u001b[0m\u001b[91m \u001b[0m\u001b[91mERR!\u001b[0m\u001b[91m gyp info spawn args   '/root/.cache/node-gyp/19.3.0/include/node/common.gypi',\n\u001b[0m\u001b[91mnpm\u001b[0m\u001b[91m ERR!\u001b[0m\u001b[91m gyp info spawn args   '-Dlibrary=shared_library',\n\u001b[0m\u001b[91mnpm ERR!\u001b[0m\u001b[91m gyp info spawn args   '-Dvisibility=default',\nnpm ERR! gyp info spawn args   '-Dnode_root_dir=/root/.cache/node-gyp/19.3.0',\n\u001b[0m\u001b[91mnpm ERR!\u001b[0m\u001b[91m gyp info spawn args   '-Dnode_gyp_dir=/usr/local/lib/node_modules/npm/node_modules/node-gyp',\nnpm ERR!\u001b[0m\u001b[91m gyp info spawn args   '-Dnode_lib_file=/root/.cache/node-gyp/19.3.0/<(target_arch)/node.lib',\nnpm\u001b[0m\u001b[91m \u001b[0m\u001b[91mERR! gyp info spawn args   '-Dmodule_root_dir=/usr/src/lobby/node_modules/bcrypt',\n\u001b[0m\u001b[91mnpm ERR!\u001b[0m\u001b[91m gyp info spawn args   '-Dnode_engine=v8',\n\u001b[0m\u001b[91mnpm\u001b[0m\u001b[91m \u001b[0m\u001b[91mERR! gyp info spawn args   '--depth=.',\nnpm\u001b[0m\u001b[91m ERR!\u001b[0m\u001b[91m gyp info spawn args   '--no-parallel',\n\u001b[0m\u001b[91mnpm ERR! gyp info spawn args   '--generator-output',\nnpm\u001b[0m\u001b[91m \u001b[0m\u001b[91mERR!\u001b[0m\u001b[91m gyp info spawn args   'build',\nnpm\u001b[0m\u001b[91m ERR!\u001b[0m\u001b[91m gyp info spawn args   '-Goutput_dir=.'\nnpm \u001b[0m\u001b[91mERR!\u001b[0m\u001b[91m gyp info spawn args ]\nnpm \u001b[0m\u001b[91mERR!\u001b[0m\u001b[91m gyp info ok \nnpm ERR!\u001b[0m\u001b[91m gyp info it worked if it ends with ok\n\u001b[0m\u001b[91mnpm \u001b[0m\u001b[91mERR!\u001b[0m\u001b[91m gyp info using node-gyp@9.3.0\n\u001b[0m\u001b[91mnpm\u001b[0m\u001b[91m ERR!\u001b[0m\u001b[91m gyp info using node@19.3.0 | linux | x64\nnpm ERR! gyp info spawn make\nnpm\u001b[0m\u001b[91m ERR!\u001b[0m\u001b[91m gyp info spawn args [ 'BUILDTYPE=Release', '-C', 'build' ]\nnpm ERR!\u001b[0m\u001b[91m In file included from ../node_modules/nan/nan.h:173,\nnpm \u001b[0m\u001b[91mERR!\u001b[0m\u001b[91m                  from ../src/bcrypt_node.cc:1:\nnpm\u001b[0m\u001b[91m ERR!\u001b[0m\u001b[91m ../node_modules/nan/nan_callbacks.h:55:23: error: 'AccessorSignature' is not a member of 'v8'\nnpm ERR!    55 | typedef v8::Local<v8::AccessorSignature> Sig;\nnpm\u001b[0m\u001b[91m ERR!\u001b[0m\u001b[91m       |                       ^~~~~~~~~~~~~~~~~\nnpm ERR!\u001b[0m\u001b[91m ../node_modules/nan/nan_callbacks.h:55:40: error: template argument 1 is invalid\nnpm \u001b[0m\u001b[91mERR!\u001b[0m\u001b[91m    55 | typedef v8::Local<v8::AccessorSignature> Sig;\n\u001b[0m\u001b[91mnpm\u001b[0m\u001b[91m \u001b[0m\u001b[91mERR!\u001b[0m\u001b[91m       |                                        ^\nnpm ERR!\u001b[0m\u001b[91m In file included from ../src/bcrypt_node.cc:1:\nnpm ERR!\u001b[0m\u001b[91m ../node_modules/nan/nan.h: In function 'void Nan::AsyncQueueWorker(Nan::AsyncWorker*)':\nnpm ERR!\u001b[0m\u001b[91m ../node_modules/nan/nan.h:2232:7: warning: cast between incompatible function types from 'void (*)(uv_work_t*)' {aka 'void (*)(uv_work_s*)'} to 'uv_after_work_cb' {aka 'void (*)(uv_work_s*, int)'} [-Wcast-function-type]\nnpm ERR!\u001b[0m\u001b[91m  2232 |     , reinterpret_cast<uv_after_work_cb>(AsyncExecuteComplete)\nnpm \u001b[0m\u001b[91mERR!\u001b[0m\u001b[91m       |       ^~~~~~~~~~~~~~~~~~~~~~~~~~~~~~~~~~~~~~~~~~~~~~~~~~~~~~~~\nnpm ERR! ../node_modules/nan/nan.h: In function 'void Nan::SetAccessor(v8::Local<v8::ObjectTemplate>, v8::Local<v8::String>, Nan::GetterCallback, Nan::SetterCallback, v8::Local<v8::Value>, v8::AccessControl, v8::PropertyAttribute, Nan::imp::Sig)':\nnpm \u001b[0m\u001b[91mERR! ../node_modules/nan/nan.h:2477:16: error: no matching function for call to 'v8::ObjectTemplate::SetAccessor(v8::Local<v8::String>&, void (*&)(v8::Local<v8::Name>, const v8::PropertyCallbackInfo<v8::Value>&), void (*&)(v8::Local<v8::Name>, v8::Local<v8::Value>, const v8::PropertyCallbackInfo<void>&), v8::Local<v8::Object>&, v8::AccessControl&, v8::PropertyAttribute&, Nan::imp::Sig&)'\nnpm ERR!\u001b[0m\u001b[91m  2477 |     , signature);\nnpm \u001b[0m\u001b[91mERR!\u001b[0m\u001b[91m       |                ^\n\u001b[0m\u001b[91mnpm\u001b[0m\u001b[91m \u001b[0m\u001b[91mERR!\u001b[0m\u001b[91m In file included from /root/.cache/node-gyp/19.3.0/include/node/v8-function.h:15,\nnpm \u001b[0m\u001b[91mERR!                  from /root/.cache/node-gyp/19.3.0/include/node/v8.h:33,\n\u001b[0m\u001b[91mnpm\u001b[0m\u001b[91m ERR!\u001b[0m\u001b[91m                  from /root/.cache/node-gyp/19.3.0/include/node/node.h:73,\n\u001b[0m\u001b[91mnpm\u001b[0m\u001b[91m \u001b[0m\u001b[91mERR!\u001b[0m\u001b[91m                  from ../node_modules/nan/nan.h:53,\nnpm ERR!\u001b[0m\u001b[91m                  from ../src/bcrypt_node.cc:1:\nnpm\u001b[0m\u001b[91m ERR!\u001b[0m\u001b[91m /root/.cache/node-gyp/19.3.0/include/node/v8-template.h:807:8: note: candidate: 'void v8::ObjectTemplate::SetAccessor(v8::Local<v8::String>, v8::AccessorGetterCallback, v8::AccessorSetterCallback, v8::Local<v8::Value>, v8::AccessControl, v8::PropertyAttribute, v8::SideEffectType, v8::SideEffectType)'\nnpm ERR!\u001b[0m\u001b[91m   807 |   void SetAccessor(\nnpm \u001b[0m\u001b[91mERR!       |        ^~~~~~~~~~~\nnpm ERR! /root/.cache/node-gyp/19.3.0/include/node/v8-template.h:812:22: note:   no known conversion for argument 7 from 'Nan::imp::Sig' {aka 'int'} to 'v8::SideEffectType'\nnpm ERR!   812 |       SideEffectType getter_side_effect_type = SideEffectType::kHasSideEffect,\nnpm ERR!       |       ~~~~~~~~~~~~~~~^~~~~~~~~~~~~~~~~~~~~~~~~~~~~~~~~~~~~~~~~~~~~~~~~~~~~~~~\nnpm ERR! /root/.cache/node-gyp/19.3.0/include/node/v8-template.h:814:8: note: candidate: 'void v8::ObjectTemplate::SetAccessor(v8::Local<v8::Name>, v8::AccessorNameGetterCallback, v8::AccessorNameSetterCallback, v8::Local<v8::Value>, v8::AccessControl, v8::PropertyAttribute, v8::SideEffectType, v8::SideEffectType)'\nnpm ERR!   814 |   void SetAccessor(\nnpm ERR!       |        ^~~~~~~~~~~\nnpm ERR! /root/.cache/node-gyp/19.3.0/include/node/v8-template.h:819:22: note:   no known conversion for argument 7 from 'Nan::imp::Sig' {aka 'int'} to 'v8::SideEffectType'\nnpm ERR!   819 |       SideEffectType getter_side_effect_type = SideEffectType::kHasSideEffect,\nnpm\u001b[0m\u001b[91m ERR!       |       ~~~~~~~~~~~~~~~^~~~~~~~~~~~~~~~~~~~~~~~~~~~~~~~~~~~~~~~~~~~~~~~~~~~~~~~\nnpm ERR! In file included from ../node_modules/nan/nan.h:2818,\n\u001b[0m\u001b[91mnpm\u001b[0m\u001b[91m ERR!                  from ../src/bcrypt_node.cc:1:\nnpm ERR!\u001b[0m\u001b[91m ../node_modules/nan/nan_typedarray_contents.h: In constructor 'Nan::TypedArrayContents<T>::TypedArrayContents(v8::Local<v8::Value>)':\n\u001b[0m\u001b[91mnpm ERR!\u001b[0m\u001b[91m ../node_modules/nan/nan_typedarray_contents.h:34:43: error: 'class v8::ArrayBuffer' has no member named 'GetContents'\nnpm ERR!\u001b[0m\u001b[91m    34 |       data   = static_cast<char*>(buffer->GetContents().Data()) + byte_offset;\n\u001b[0m\u001b[91mnpm \u001b[0m\u001b[91mERR!\u001b[0m\u001b[91m       |                                           ^~~~~~~~~~~\nnpm ERR! In file included from ../node_modules/nan/nan.h:53,\n\u001b[0m\u001b[91mnpm \u001b[0m\u001b[91mERR!                  from ../src/bcrypt_node.cc:1:\nnpm ERR!\u001b[0m\u001b[91m ../src/bcrypt_node.cc: At global scope:\nnpm ERR!\u001b[0m\u001b[91m /root/.cache/node-gyp/19.3.0/include/node/node.h:993:7: warning: cast between incompatible function types from 'void (*)(Nan::ADDON_REGISTER_FUNCTION_ARGS_TYPE)' {aka 'void (*)(v8::Local<v8::Object>)'} to 'node::addon_register_func' {aka 'void (*)(v8::Local<v8::Object>, v8::Local<v8::Value>, void*)'} [-Wcast-function-type]\n\u001b[0m\u001b[91mnpm ERR!\u001b[0m\u001b[91m   993 |       (node::addon_register_func) (regfunc),                          \\\nnpm ERR!       |       ^~~~~~~~~~~~~~~~~~~~~~~~~~~~~~~~~~~~~\n\u001b[0m\u001b[91mnpm \u001b[0m\u001b[91mERR!\u001b[0m\u001b[91m /root/.cache/node-gyp/19.3.0/include/node/node.h:1027:3: note: in expansion of macro 'NODE_MODULE_X'\n\u001b[0m\u001b[91mnpm \u001b[0m\u001b[91mERR!  1027 |   NODE_MODULE_X(modname, regfunc, NULL, 0)  // NOLINT (readability/null_usage)\nnpm\u001b[0m\u001b[91m ERR!\u001b[0m\u001b[91m       |   ^~~~~~~~~~~~~\nnpm\u001b[0m\u001b[91m ERR!\u001b[0m\u001b[91m ../src/bcrypt_node.cc:378:1: note: in expansion of macro 'NODE_MODULE'\nnpm\u001b[0m\u001b[91m ERR!\u001b[0m\u001b[91m   378 | NODE_MODULE(bcrypt_lib, init);\nnpm \u001b[0m\u001b[91mERR!\u001b[0m\u001b[91m       | ^~~~~~~~~~~\nnpm\u001b[0m\u001b[91m ERR! make: *** [bcrypt_lib.target.mk:115: Release/obj.target/bcrypt_lib/src/bcrypt_node.o] Error 1\n\u001b[0m\u001b[91mnpm\u001b[0m\u001b[91m ERR!\u001b[0m\u001b[91m gyp ERR! build error \nnpm ERR! gyp ERR! stack Error: `make` failed with exit code: 2\nnpm\u001b[0m\u001b[91m ERR!\u001b[0m\u001b[91m gyp ERR! stack     at ChildProcess.onExit (/usr/local/lib/node_modules/npm/node_modules/node-gyp/lib/build.js:203:23)\nnpm ERR!\u001b[0m\u001b[91m gyp ERR! stack     at ChildProcess.emit (node:events:513:28)\nnpm ERR! gyp ERR! stack     at ChildProcess._handle.onexit (node:internal/child_process:293:12)\n\u001b[0m\u001b[91mnpm ERR!\u001b[0m\u001b[91m gyp ERR! System Linux 5.4.0-113-generic\nnpm ERR!\u001b[0m\u001b[91m gyp ERR! command \"/usr/local/bin/node\" \"/usr/local/lib/node_modules/npm/node_modules/node-gyp/bin/node-gyp.js\" \"build\" \"--fallback-to-build\" \"--module=/usr/src/lobby/node_modules/bcrypt/lib/binding/bcrypt_lib.node\" \"--module_name=bcrypt_lib\" \"--module_path=/usr/src/lobby/node_modules/bcrypt/lib/binding\" \"--napi_version=8\" \"--node_abi_napi=napi\" \"--napi_build_version=0\" \"--node_napi_label=node-v111\"\nnpm ERR!\u001b[0m\u001b[91m gyp ERR! cwd /usr/src/lobby/node_modules/bcrypt\nnpm ERR!\u001b[0m\u001b[91m gyp ERR! node -v v19.3.0\nnpm\u001b[0m\u001b[91m ERR!\u001b[0m\u001b[91m gyp ERR! node-gyp -v v9.3.0\nnpm\u001b[0m\u001b[91m ERR!\u001b[0m\u001b[91m gyp ERR! not ok \nnpm ERR!\u001b[0m\u001b[91m node-pre-gyp ERR! build error \nnpm\u001b[0m\u001b[91m ERR!\u001b[0m\u001b[91m node-pre-gyp ERR! stack Error: Failed to execute '/usr/local/bin/node /usr/local/lib/node_modules/npm/node_modules/node-gyp/bin/node-gyp.js build --fallback-to-build --module=/usr/src/lobby/node_modules/bcrypt/lib/binding/bcrypt_lib.node --module_name=bcrypt_lib --module_path=/usr/src/lobby/node_modules/bcrypt/lib/binding --napi_version=8 --node_abi_napi=napi --napi_build_version=0 --node_napi_label=node-v111' (1)\nnpm \u001b[0m\u001b[91mERR!\u001b[0m\u001b[91m node-pre-gyp ERR! stack     at ChildProcess.<anonymous> (/usr/src/lobby/node_modules/node-pre-gyp/lib/util/compile.js:83:29)\nnpm \u001b[0m\u001b[91mERR!\u001b[0m\u001b[91m node-pre-gyp ERR! stack     at ChildProcess.emit (node:events:513:28)\nnpm ERR!\u001b[0m\u001b[91m node-pre-gyp ERR! stack     at maybeClose (node:internal/child_process:1098:16)\nnpm ERR!\u001b[0m\u001b[91m node-pre-gyp ERR! stack     at ChildProcess._handle.onexit (node:internal/child_process:304:5)\n\u001b[0m\u001b[91mnpm ERR! node-pre-gyp ERR! System Linux 5.4.0-113-generic\nnpm \u001b[0m\u001b[91mERR!\u001b[0m\u001b[91m node-pre-gyp ERR! command \"/usr/local/bin/node\" \"/usr/src/lobby/node_modules/.bin/node-pre-gyp\" \"install\" \"--fallback-to-build\"\n\u001b[0m\u001b[91mnpm \u001b[0m\u001b[91mERR!\u001b[0m\u001b[91m node-pre-gyp ERR! cwd /usr/src/lobby/node_modules/bcrypt\n\u001b[0m\u001b[91mnpm \u001b[0m\u001b[91mERR! node-pre-gyp ERR! node -v v19.3.0\nnpm\u001b[0m\u001b[91m ERR!\u001b[0m\u001b[91m node-pre-gyp ERR! node-pre-gyp -v v0.12.0\nnpm\u001b[0m\u001b[91m ERR!\u001b[0m\u001b[91m node-pre-gyp ERR! not ok\n\u001b[0m\u001b[91m\n\u001b[0m\u001b[91mnpm ERR!\u001b[0m\u001b[91m A complete log of this run can be found in:\nnpm ERR!\u001b[0m\u001b[91m     /root/.npm/_logs/2023-01-04T05_34_40_456Z-debug-0.log\n\u001b[0mRemoving intermediate container 0cf75435dd3c\n","stderr":"The command '/bin/sh -c npm install' returned a non-zero code: 1\n"},"endTime":1672810503982}