{"repository":"https://github.com/micromaomao/schsrch","dockerfilePath":"Dockerfile","startTime":1672581338768,"clone":{"stdout":"","stderr":"Cloning into '/tmp/dinghy-analysis/micromaomao/schsrch'...\n","error":null,"commit":"a4da5d6b6b51ab331035c08bfbb758413e385cad"},"originalBuild":{"startTimestamp":1672581341572,"endTimestamp":1672581431113,"error":{"code":1,"killed":false,"signal":null,"cmd":"docker build --no-cache --force-rm -t schsrch:latest -f /tmp/dinghy-analysis/micromaomao/schsrch/Dockerfile ."},"stdout":"Sending build context to Docker daemon  45.25MB\r\r\nStep 1/12 : FROM node:lts\nlts: Pulling from library/node\n32de3c850997: Already exists\nfa1d4c8d85a4: Already exists\nc796299bbbdd: Already exists\n81283a9569ad: Already exists\n60b38700e7fb: Already exists\n9537c7a3988e: Already exists\nfd36cab452a2: Pulling fs layer\n2d0da1e46288: Pulling fs layer\n1815baed2c16: Pulling fs layer\n1815baed2c16: Verifying Checksum\n1815baed2c16: Download complete\n2d0da1e46288: Verifying Checksum\n2d0da1e46288: Download complete\nfd36cab452a2: Verifying Checksum\nfd36cab452a2: Download complete\nfd36cab452a2: Pull complete\n2d0da1e46288: Pull complete\n1815baed2c16: Pull complete\nDigest: sha256:e9ad817b0d42b4d177a4bef8a0aff97c352468a008c3fdb2b4a82533425480df\nStatus: Downloaded newer image for node:lts\n ---> 7b2a09676e2c\nStep 2/12 : WORKDIR /usr/src/app/\n ---> Running in 948aa9d75c16\nRemoving intermediate container 948aa9d75c16\n ---> 198b89344899\nStep 3/12 : RUN chown -R node:node /usr/src/app &&     apt-get update &&     apt-get install -y --no-install-recommends libpoppler-glib-dev ghostscript libcap2-bin &&     rm -rf /var/lib/apt/lists/* &&     setcap 'cap_net_bind_service=ep' /usr/local/bin/node\n ---> Running in de82d6ab7513\nGet:1 http://deb.debian.org/debian bullseye InRelease [116 kB]\nGet:2 http://deb.debian.org/debian-security bullseye-security InRelease [48.4 kB]\nGet:3 http://deb.debian.org/debian bullseye-updates InRelease [44.1 kB]\nGet:4 http://deb.debian.org/debian bullseye/main amd64 Packages [8183 kB]\nGet:5 http://deb.debian.org/debian-security bullseye-security/main amd64 Packages [210 kB]\nGet:6 http://deb.debian.org/debian bullseye-updates/main amd64 Packages [14.6 kB]\nFetched 8616 kB in 1s (6114 kB/s)\nReading package lists...\nReading package lists...\nBuilding dependency tree...\nReading state information...\nThe following additional packages will be installed:\n  fonts-urw-base35 gir1.2-poppler-0.18 libavahi-client3 libavahi-common-data\n  libavahi-common3 libcap2 libcups2 libdbus-1-3 libgs9 libgs9-common libidn11\n  libijs-0.35 libjbig2dec0 libnspr4 libnss3 libpaper1 libpoppler-dev\n  libpoppler-glib8 libpoppler102 poppler-data\nSuggested packages:\n  fonts-freefont-otf | fonts-freefont-ttf fonts-texgyre ghostscript-x\n  cups-common libpoppler-glib-doc poppler-utils fonts-japanese-mincho\n  | fonts-ipafont-mincho fonts-japanese-gothic | fonts-ipafont-gothic\n  fonts-arphic-ukai fonts-arphic-uming fonts-nanum\nRecommended packages:\n  libpam-cap dbus fonts-droid-fallback libpaper-utils\nThe following NEW packages will be installed:\n  fonts-urw-base35 ghostscript gir1.2-poppler-0.18 libavahi-client3\n  libavahi-common-data libavahi-common3 libcap2 libcap2-bin libcups2\n  libdbus-1-3 libgs9 libgs9-common libidn11 libijs-0.35 libjbig2dec0 libnspr4\n  libnss3 libpaper1 libpoppler-dev libpoppler-glib-dev libpoppler-glib8\n  libpoppler102 poppler-data\n0 upgraded, 23 newly installed, 0 to remove and 1 not upgraded.\nNeed to get 15.5 MB of archives.\nAfter this operation, 58.2 MB of additional disk space will be used.\nGet:1 http://deb.debian.org/debian bullseye/main amd64 poppler-data all 0.4.10-1 [1602 kB]\nGet:2 http://deb.debian.org/debian bullseye/main amd64 fonts-urw-base35 all 20200910-1 [6367 kB]\nGet:3 http://deb.debian.org/debian bullseye/main amd64 libgs9-common all 9.53.3~dfsg-7+deb11u2 [734 kB]\nGet:4 http://deb.debian.org/debian bullseye/main amd64 libavahi-common-data amd64 0.8-5+deb11u1 [124 kB]\nGet:5 http://deb.debian.org/debian bullseye/main amd64 libavahi-common3 amd64 0.8-5+deb11u1 [58.7 kB]\nGet:6 http://deb.debian.org/debian bullseye/main amd64 libdbus-1-3 amd64 1.12.24-0+deb11u1 [222 kB]\nGet:7 http://deb.debian.org/debian bullseye/main amd64 libavahi-client3 amd64 0.8-5+deb11u1 [62.4 kB]\nGet:8 http://deb.debian.org/debian bullseye/main amd64 libcups2 amd64 2.3.3op2-3+deb11u2 [350 kB]\nGet:9 http://deb.debian.org/debian bullseye/main amd64 libidn11 amd64 1.33-3 [116 kB]\nGet:10 http://deb.debian.org/debian bullseye/main amd64 libijs-0.35 amd64 0.35-15 [16.4 kB]\nGet:11 http://deb.debian.org/debian bullseye/main amd64 libjbig2dec0 amd64 0.19-2 [67.2 kB]\nGet:12 http://deb.debian.org/debian bullseye/main amd64 libpaper1 amd64 1.1.28+b1 [21.6 kB]\nGet:13 http://deb.debian.org/debian bullseye/main amd64 libgs9 amd64 9.53.3~dfsg-7+deb11u2 [2245 kB]\nGet:14 http://deb.debian.org/debian bullseye/main amd64 ghostscript amd64 9.53.3~dfsg-7+deb11u2 [98.0 kB]\nGet:15 http://deb.debian.org/debian bullseye/main amd64 libnspr4 amd64 2:4.29-1 [112 kB]\nGet:16 http://deb.debian.org/debian bullseye/main amd64 libnss3 amd64 2:3.61-1+deb11u2 [1306 kB]\nGet:17 http://deb.debian.org/debian bullseye/main amd64 libpoppler102 amd64 20.09.0-3.1+deb11u1 [1676 kB]\nGet:18 http://deb.debian.org/debian bullseye/main amd64 libpoppler-glib8 amd64 20.09.0-3.1+deb11u1 [134 kB]\nGet:19 http://deb.debian.org/debian bullseye/main amd64 gir1.2-poppler-0.18 amd64 20.09.0-3.1+deb11u1 [40.3 kB]\nGet:20 http://deb.debian.org/debian bullseye/main amd64 libcap2 amd64 1:2.44-1 [23.6 kB]\nGet:21 http://deb.debian.org/debian bullseye/main amd64 libcap2-bin amd64 1:2.44-1 [32.6 kB]\nGet:22 http://deb.debian.org/debian bullseye/main amd64 libpoppler-dev amd64 20.09.0-3.1+deb11u1 [25.0 kB]\nGet:23 http://deb.debian.org/debian bullseye/main amd64 libpoppler-glib-dev amd64 20.09.0-3.1+deb11u1 [81.5 kB]\n\u001b[91mdebconf: delaying package configuration, since apt-utils is not installed\n\u001b[0mFetched 15.5 MB in 0s (43.1 MB/s)\nSelecting previously unselected package poppler-data.\r\n(Reading database ... \r(Reading database ... 5%\r(Reading database ... 10%\r(Reading database ... 15%\r(Reading database ... 20%\r(Reading database ... 25%\r(Reading database ... 30%\r(Reading database ... 35%\r(Reading database ... 40%\r(Reading database ... 45%\r(Reading database ... 50%\r(Reading database ... 55%\r(Reading database ... 60%\r(Reading database ... 65%\r(Reading database ... 70%\r(Reading database ... 75%\r(Reading database ... 80%\r(Reading database ... 85%\r(Reading database ... 90%\r(Reading database ... 95%\r(Reading database ... 100%\r(Reading database ... 22790 files and directories currently installed.)\r\nPreparing to unpack .../00-poppler-data_0.4.10-1_all.deb ...\r\nUnpacking poppler-data (0.4.10-1) ...\r\nSelecting previously unselected package fonts-urw-base35.\r\nPreparing to unpack .../01-fonts-urw-base35_20200910-1_all.deb ...\r\nUnpacking fonts-urw-base35 (20200910-1) ...\r\nSelecting previously unselected package libgs9-common.\r\nPreparing to unpack .../02-libgs9-common_9.53.3~dfsg-7+deb11u2_all.deb ...\r\nUnpacking libgs9-common (9.53.3~dfsg-7+deb11u2) ...\r\nSelecting previously unselected package libavahi-common-data:amd64.\r\nPreparing to unpack .../03-libavahi-common-data_0.8-5+deb11u1_amd64.deb ...\r\nUnpacking libavahi-common-data:amd64 (0.8-5+deb11u1) ...\r\nSelecting previously unselected package libavahi-common3:amd64.\r\nPreparing to unpack .../04-libavahi-common3_0.8-5+deb11u1_amd64.deb ...\r\nUnpacking libavahi-common3:amd64 (0.8-5+deb11u1) ...\r\nSelecting previously unselected package libdbus-1-3:amd64.\r\nPreparing to unpack .../05-libdbus-1-3_1.12.24-0+deb11u1_amd64.deb ...\r\nUnpacking libdbus-1-3:amd64 (1.12.24-0+deb11u1) ...\r\nSelecting previously unselected package libavahi-client3:amd64.\r\nPreparing to unpack .../06-libavahi-client3_0.8-5+deb11u1_amd64.deb ...\r\nUnpacking libavahi-client3:amd64 (0.8-5+deb11u1) ...\r\nSelecting previously unselected package libcups2:amd64.\r\nPreparing to unpack .../07-libcups2_2.3.3op2-3+deb11u2_amd64.deb ...\r\nUnpacking libcups2:amd64 (2.3.3op2-3+deb11u2) ...\r\nSelecting previously unselected package libidn11:amd64.\r\nPreparing to unpack .../08-libidn11_1.33-3_amd64.deb ...\r\nUnpacking libidn11:amd64 (1.33-3) ...\r\nSelecting previously unselected package libijs-0.35:amd64.\r\nPreparing to unpack .../09-libijs-0.35_0.35-15_amd64.deb ...\r\nUnpacking libijs-0.35:amd64 (0.35-15) ...\r\nSelecting previously unselected package libjbig2dec0:amd64.\r\nPreparing to unpack .../10-libjbig2dec0_0.19-2_amd64.deb ...\r\nUnpacking libjbig2dec0:amd64 (0.19-2) ...\r\nSelecting previously unselected package libpaper1:amd64.\r\nPreparing to unpack .../11-libpaper1_1.1.28+b1_amd64.deb ...\r\nUnpacking libpaper1:amd64 (1.1.28+b1) ...\r\nSelecting previously unselected package libgs9:amd64.\r\nPreparing to unpack .../12-libgs9_9.53.3~dfsg-7+deb11u2_amd64.deb ...\r\nUnpacking libgs9:amd64 (9.53.3~dfsg-7+deb11u2) ...\r\nSelecting previously unselected package ghostscript.\r\nPreparing to unpack .../13-ghostscript_9.53.3~dfsg-7+deb11u2_amd64.deb ...\r\nUnpacking ghostscript (9.53.3~dfsg-7+deb11u2) ...\r\nSelecting previously unselected package libnspr4:amd64.\r\nPreparing to unpack .../14-libnspr4_2%3a4.29-1_amd64.deb ...\r\nUnpacking libnspr4:amd64 (2:4.29-1) ...\r\nSelecting previously unselected package libnss3:amd64.\r\nPreparing to unpack .../15-libnss3_2%3a3.61-1+deb11u2_amd64.deb ...\r\nUnpacking libnss3:amd64 (2:3.61-1+deb11u2) ...\r\nSelecting previously unselected package libpoppler102:amd64.\r\nPreparing to unpack .../16-libpoppler102_20.09.0-3.1+deb11u1_amd64.deb ...\r\nUnpacking libpoppler102:amd64 (20.09.0-3.1+deb11u1) ...\r\nSelecting previously unselected package libpoppler-glib8:amd64.\r\nPreparing to unpack .../17-libpoppler-glib8_20.09.0-3.1+deb11u1_amd64.deb ...\r\nUnpacking libpoppler-glib8:amd64 (20.09.0-3.1+deb11u1) ...\r\nSelecting previously unselected package gir1.2-poppler-0.18:amd64.\r\nPreparing to unpack .../18-gir1.2-poppler-0.18_20.09.0-3.1+deb11u1_amd64.deb ...\r\nUnpacking gir1.2-poppler-0.18:amd64 (20.09.0-3.1+deb11u1) ...\r\nSelecting previously unselected package libcap2:amd64.\r\nPreparing to unpack .../19-libcap2_1%3a2.44-1_amd64.deb ...\r\nUnpacking libcap2:amd64 (1:2.44-1) ...\r\nSelecting previously unselected package libcap2-bin.\r\nPreparing to unpack .../20-libcap2-bin_1%3a2.44-1_amd64.deb ...\r\nUnpacking libcap2-bin (1:2.44-1) ...\r\nSelecting previously unselected package libpoppler-dev:amd64.\r\nPreparing to unpack .../21-libpoppler-dev_20.09.0-3.1+deb11u1_amd64.deb ...\r\nUnpacking libpoppler-dev:amd64 (20.09.0-3.1+deb11u1) ...\r\nSelecting previously unselected package libpoppler-glib-dev.\r\nPreparing to unpack .../22-libpoppler-glib-dev_20.09.0-3.1+deb11u1_amd64.deb ...\r\nUnpacking libpoppler-glib-dev (20.09.0-3.1+deb11u1) ...\r\nSetting up libpaper1:amd64 (1.1.28+b1) ...\r\ndebconf: unable to initialize frontend: Dialog\r\ndebconf: (TERM is not set, so the dialog frontend is not usable.)\r\ndebconf: falling back to frontend: Readline\r\n\r\nCreating config file /etc/papersize with new version\r\nSetting up libijs-0.35:amd64 (0.35-15) ...\r\nSetting up fonts-urw-base35 (20200910-1) ...\r\nSetting up libcap2:amd64 (1:2.44-1) ...\r\nSetting up poppler-data (0.4.10-1) ...\r\nSetting up libcap2-bin (1:2.44-1) ...\r\nSetting up libnspr4:amd64 (2:4.29-1) ...\r\nSetting up libjbig2dec0:amd64 (0.19-2) ...\r\nSetting up libidn11:amd64 (1.33-3) ...\r\nSetting up libavahi-common-data:amd64 (0.8-5+deb11u1) ...\r\nSetting up libdbus-1-3:amd64 (1.12.24-0+deb11u1) ...\r\nSetting up libgs9-common (9.53.3~dfsg-7+deb11u2) ...\r\nSetting up libavahi-common3:amd64 (0.8-5+deb11u1) ...\r\nSetting up libnss3:amd64 (2:3.61-1+deb11u2) ...\r\nSetting up libpoppler102:amd64 (20.09.0-3.1+deb11u1) ...\r\nSetting up libavahi-client3:amd64 (0.8-5+deb11u1) ...\r\nSetting up libpoppler-dev:amd64 (20.09.0-3.1+deb11u1) ...\r\nSetting up libpoppler-glib8:amd64 (20.09.0-3.1+deb11u1) ...\r\nSetting up libcups2:amd64 (2.3.3op2-3+deb11u2) ...\r\nSetting up gir1.2-poppler-0.18:amd64 (20.09.0-3.1+deb11u1) ...\r\nSetting up libpoppler-glib-dev (20.09.0-3.1+deb11u1) ...\r\nSetting up libgs9:amd64 (9.53.3~dfsg-7+deb11u2) ...\r\nSetting up ghostscript (9.53.3~dfsg-7+deb11u2) ...\r\nProcessing triggers for libc-bin (2.31-13+deb11u5) ...\r\nProcessing triggers for fontconfig (2.13.1-4.2) ...\r\nRemoving intermediate container de82d6ab7513\n ---> 5dcecd68e368\nStep 4/12 : USER node:node\n ---> Running in 1bf6febf65b0\nRemoving intermediate container 1bf6febf65b0\n ---> 2fd39f6ad07c\nStep 5/12 : COPY --chown=node:node ./package.json .\n ---> 7a1cbc90f6b4\nStep 6/12 : RUN npm i --progress=false --loglevel=warn 2>&1\n ---> Running in 888a5ce34c44\nnpm WARN deprecated urix@0.1.0: Please see https://github.com/lydell/urix#deprecated\nnpm WARN deprecated resolve-url@0.2.1: https://github.com/lydell/resolve-url#deprecated\nnpm WARN deprecated source-map-url@0.4.1: See https://github.com/lydell/source-map-url#deprecated\nnpm WARN deprecated source-map-resolve@0.5.3: See https://github.com/lydell/source-map-resolve#deprecated\nnpm WARN deprecated querystring@0.2.0: The querystring API is considered Legacy. new code should use the URLSearchParams API instead.\nnpm WARN deprecated stable@0.1.8: Modern JS already guarantees Array#sort() is a stable sort, so this library is deprecated. See the compatibility table on MDN: https://developer.mozilla.org/en-US/docs/Web/JavaScript/Reference/Global_Objects/Array/sort#browser_compatibility\nnpm WARN deprecated formidable@1.2.6: Please upgrade to latest, formidable@v2 or formidable@v3! Check these notes: https://bit.ly/2ZEqIau\nnpm WARN deprecated har-validator@5.1.5: this library is no longer supported\nnpm WARN deprecated uuid@3.4.0: Please upgrade  to version 7 or higher.  Older versions may use Math.random() in certain circumstances, which is known to be problematic.  See https://v8.dev/blog/math-random for details.\nnpm WARN deprecated mkdirp@0.5.1: Legacy versions of mkdirp are no longer supported. Please update to mkdirp 1.x. (Note that the API surface has changed to use Promises in 1.x.)\nnpm WARN deprecated superagent@3.8.3: Please upgrade to v7.0.2+ of superagent.  We have fixed numerous issues with streams, form-data, attach(), filesystem errors not bubbling up (ENOENT on attach()), and all tests are now passing.  See the releases tab for more information at <https://github.com/visionmedia/superagent/releases>.\nnpm WARN deprecated html-webpack-plugin@3.2.0: 3.x is no longer supported\nnpm WARN deprecated request@2.88.2: request has been deprecated, see https://github.com/request/request/issues/3142\nnpm WARN deprecated chokidar@2.1.8: Chokidar 2 does not receive security updates since 2019. Upgrade to chokidar 3 with 15x fewer dependencies\nnpm WARN deprecated svgo@1.3.2: This SVGO version is no longer supported. Upgrade to v2.x.x.\nnpm WARN deprecated @babel/polyfill@7.12.1: ðŸš¨ This package has been deprecated in favor of separate inclusion of a polyfill and regenerator-runtime (when needed). See the @babel/polyfill docs (https://babeljs.io/docs/en/babel-polyfill) for more information.\nnpm WARN deprecated tar@2.2.2: This version of tar is no longer supported, and will not receive security updates. Please upgrade asap.\nnpm WARN deprecated elasticsearch@15.5.0: Package no longer supported. Contact Support at https://www.npmjs.com/support for more info.\nnpm WARN deprecated core-js@2.6.12: core-js@<3.23.3 is no longer maintained and not recommended for usage due to the number of issues. Because of the V8 engine whims, feature detection in old core-js versions could cause a slowdown up to 100x even if nothing is polyfilled. Some versions have web compatibility issues. Please, upgrade your dependencies to the actual version of core-js.\nnpm notice \nnpm notice New major version of npm available! 8.19.2 -> 9.2.0\nnpm notice Changelog: <https://github.com/npm/cli/releases/tag/v9.2.0>\nnpm notice Run `npm install -g npm@9.2.0` to update!\nnpm notice \nnpm ERR! code 1\nnpm ERR! path /usr/src/app/node_modules/node-sass\nnpm ERR! command failed\nnpm ERR! command sh -c -- node scripts/build.js\nnpm ERR! Building: /usr/local/bin/node /usr/src/app/node_modules/node-gyp/bin/node-gyp.js rebuild --verbose --libsass_ext= --libsass_cflags= --libsass_ldflags= --libsass_library=\nnpm ERR! gyp info it worked if it ends with ok\nnpm ERR! gyp verb cli [\nnpm ERR! gyp verb cli   '/usr/local/bin/node',\nnpm ERR! gyp verb cli   '/usr/src/app/node_modules/node-gyp/bin/node-gyp.js',\nnpm ERR! gyp verb cli   'rebuild',\nnpm ERR! gyp verb cli   '--verbose',\nnpm ERR! gyp verb cli   '--libsass_ext=',\nnpm ERR! gyp verb cli   '--libsass_cflags=',\nnpm ERR! gyp verb cli   '--libsass_ldflags=',\nnpm ERR! gyp verb cli   '--libsass_library='\nnpm ERR! gyp verb cli ]\nnpm ERR! gyp info using node-gyp@3.8.0\nnpm ERR! gyp info using node@18.12.1 | linux | x64\nnpm ERR! gyp verb command rebuild []\nnpm ERR! gyp verb command clean []\nnpm ERR! gyp verb clean removing \"build\" directory\nnpm ERR! gyp verb command configure []\nnpm ERR! gyp verb check python checking for Python executable \"python2\" in the PATH\nnpm ERR! gyp verb `which` failed Error: not found: python2\nnpm ERR! gyp verb `which` failed     at getNotFoundError (/usr/src/app/node_modules/which/which.js:13:12)\nnpm ERR! gyp verb `which` failed     at F (/usr/src/app/node_modules/which/which.js:68:19)\nnpm ERR! gyp verb `which` failed     at E (/usr/src/app/node_modules/which/which.js:80:29)\nnpm ERR! gyp verb `which` failed     at /usr/src/app/node_modules/which/which.js:89:16\nnpm ERR! gyp verb `which` failed     at /usr/src/app/node_modules/isexe/index.js:42:5\nnpm ERR! gyp verb `which` failed     at /usr/src/app/node_modules/isexe/mode.js:8:5\nnpm ERR! gyp verb `which` failed     at FSReqCallback.oncomplete (node:fs:207:21)\nnpm ERR! gyp verb `which` failed  python2 Error: not found: python2\nnpm ERR! gyp verb `which` failed     at getNotFoundError (/usr/src/app/node_modules/which/which.js:13:12)\nnpm ERR! gyp verb `which` failed     at F (/usr/src/app/node_modules/which/which.js:68:19)\nnpm ERR! gyp verb `which` failed     at E (/usr/src/app/node_modules/which/which.js:80:29)\nnpm ERR! gyp verb `which` failed     at /usr/src/app/node_modules/which/which.js:89:16\nnpm ERR! gyp verb `which` failed     at /usr/src/app/node_modules/isexe/index.js:42:5\nnpm ERR! gyp verb `which` failed     at /usr/src/app/node_modules/isexe/mode.js:8:5\nnpm ERR! gyp verb `which` failed     at FSReqCallback.oncomplete (node:fs:207:21) {\nnpm ERR! gyp verb `which` failed   code: 'ENOENT'\nnpm ERR! gyp verb `which` failed }\nnpm ERR! gyp verb check python checking for Python executable \"python\" in the PATH\nnpm ERR! gyp verb `which` failed Error: not found: python\nnpm ERR! gyp verb `which` failed     at getNotFoundError (/usr/src/app/node_modules/which/which.js:13:12)\nnpm ERR! gyp verb `which` failed     at F (/usr/src/app/node_modules/which/which.js:68:19)\nnpm ERR! gyp verb `which` failed     at E (/usr/src/app/node_modules/which/which.js:80:29)\nnpm ERR! gyp verb `which` failed     at /usr/src/app/node_modules/which/which.js:89:16\nnpm ERR! gyp verb `which` failed     at /usr/src/app/node_modules/isexe/index.js:42:5\nnpm ERR! gyp verb `which` failed     at /usr/src/app/node_modules/isexe/mode.js:8:5\nnpm ERR! gyp verb `which` failed     at FSReqCallback.oncomplete (node:fs:207:21)\nnpm ERR! gyp verb `which` failed  python Error: not found: python\nnpm ERR! gyp verb `which` failed     at getNotFoundError (/usr/src/app/node_modules/which/which.js:13:12)\nnpm ERR! gyp verb `which` failed     at F (/usr/src/app/node_modules/which/which.js:68:19)\nnpm ERR! gyp verb `which` failed     at E (/usr/src/app/node_modules/which/which.js:80:29)\nnpm ERR! gyp verb `which` failed     at /usr/src/app/node_modules/which/which.js:89:16\nnpm ERR! gyp verb `which` failed     at /usr/src/app/node_modules/isexe/index.js:42:5\nnpm ERR! gyp verb `which` failed     at /usr/src/app/node_modules/isexe/mode.js:8:5\nnpm ERR! gyp verb `which` failed     at FSReqCallback.oncomplete (node:fs:207:21) {\nnpm ERR! gyp verb `which` failed   code: 'ENOENT'\nnpm ERR! gyp verb `which` failed }\nnpm ERR! gyp ERR! configure error \nnpm ERR! gyp ERR! stack Error: Can't find Python executable \"python\", you can set the PYTHON env variable.\nnpm ERR! gyp ERR! stack     at PythonFinder.failNoPython (/usr/src/app/node_modules/node-gyp/lib/configure.js:484:19)\nnpm ERR! gyp ERR! stack     at PythonFinder.<anonymous> (/usr/src/app/node_modules/node-gyp/lib/configure.js:406:16)\nnpm ERR! gyp ERR! stack     at F (/usr/src/app/node_modules/which/which.js:68:16)\nnpm ERR! gyp ERR! stack     at E (/usr/src/app/node_modules/which/which.js:80:29)\nnpm ERR! gyp ERR! stack     at /usr/src/app/node_modules/which/which.js:89:16\nnpm ERR! gyp ERR! stack     at /usr/src/app/node_modules/isexe/index.js:42:5\nnpm ERR! gyp ERR! stack     at /usr/src/app/node_modules/isexe/mode.js:8:5\nnpm ERR! gyp ERR! stack     at FSReqCallback.oncomplete (node:fs:207:21)\nnpm ERR! gyp ERR! System Linux 5.4.0-113-generic\nnpm ERR! gyp ERR! command \"/usr/local/bin/node\" \"/usr/src/app/node_modules/node-gyp/bin/node-gyp.js\" \"rebuild\" \"--verbose\" \"--libsass_ext=\" \"--libsass_cflags=\" \"--libsass_ldflags=\" \"--libsass_library=\"\nnpm ERR! gyp ERR! cwd /usr/src/app/node_modules/node-sass\nnpm ERR! gyp ERR! node -v v18.12.1\nnpm ERR! gyp ERR! node-gyp -v v3.8.0\nnpm ERR! gyp ERR! not ok \nnpm ERR! Build failed with error code: 1\n\nnpm ERR! A complete log of this run can be found in:\nnpm ERR!     /home/node/.npm/_logs/2023-01-01T13_56_15_757Z-debug-0.log\nRemoving intermediate container 888a5ce34c44\n","stderr":"The command '/bin/sh -c npm i --progress=false --loglevel=warn 2>&1' returned a non-zero code: 1\n"},"endTime":1672581431197}