{"repository":"https://github.com/ccxt-rest/ccxt-rest","dockerfilePath":"Dockerfile","startTime":1672374797775,"clone":{"stdout":"","stderr":"Cloning into '/tmp/dinghy-analysis/ccxt-rest/ccxt-rest'...\n","error":null,"commit":"6c1ae031bdfbf490e69ea0498eac97a4f6218ff0"},"originalBuild":{"startTimestamp":1672374798696,"endTimestamp":1672374837530,"error":{"code":1,"killed":false,"signal":null,"cmd":"docker build --no-cache --force-rm -t ccxt-rest:latest -f /tmp/dinghy-analysis/ccxt-rest/ccxt-rest/Dockerfile ."},"stdout":"Sending build context to Docker daemon  870.4kB\r\r\nStep 1/15 : FROM scardon/ruby-node-alpine:2.4.4 as builder\n2.4.4: Pulling from scardon/ruby-node-alpine\nc67f3896b22c: Pulling fs layer\na889419d368d: Pulling fs layer\n09c5465a65d1: Pulling fs layer\n7d2dff60e967: Pulling fs layer\n0172bab42d9f: Pulling fs layer\n39f87263aa38: Pulling fs layer\n7d2dff60e967: Waiting\n0172bab42d9f: Waiting\n39f87263aa38: Waiting\nc67f3896b22c: Verifying Checksum\nc67f3896b22c: Download complete\n09c5465a65d1: Verifying Checksum\n09c5465a65d1: Download complete\nc67f3896b22c: Pull complete\na889419d368d: Verifying Checksum\na889419d368d: Download complete\n0172bab42d9f: Verifying Checksum\n0172bab42d9f: Download complete\n39f87263aa38: Download complete\n7d2dff60e967: Verifying Checksum\n7d2dff60e967: Download complete\na889419d368d: Pull complete\n09c5465a65d1: Pull complete\n7d2dff60e967: Pull complete\n0172bab42d9f: Pull complete\n39f87263aa38: Pull complete\nDigest: sha256:d5fa2368fa50911cd9ae3477eaae637c5f0a05a80e2762e03523641280e46f69\nStatus: Downloaded newer image for scardon/ruby-node-alpine:2.4.4\n ---> 0ffc14f57585\nStep 2/15 : LABEL authors=\"Franz See <franz@see.net.ph>\"\n ---> Running in cab447f13419\nRemoving intermediate container cab447f13419\n ---> 9178a3da1d2a\nStep 3/15 : RUN apk add --no-cache bash git openssh alpine-sdk python\n ---> Running in c0599262ee50\nfetch http://dl-cdn.alpinelinux.org/alpine/v3.7/main/x86_64/APKINDEX.tar.gz\nfetch http://dl-cdn.alpinelinux.org/alpine/v3.7/community/x86_64/APKINDEX.tar.gz\n(1/61) Upgrading musl (1.1.18-r3 -> 1.1.18-r4)\n(2/61) Installing fakeroot (1.21-r1)\n(3/61) Installing sudo (1.8.21_p2-r1)\n(4/61) Installing libcap (2.25-r1)\n(5/61) Installing pax-utils (1.2.2-r1)\n(6/61) Installing libressl (2.6.5-r0)\n(7/61) Upgrading musl-utils (1.1.18-r3 -> 1.1.18-r4)\n(8/61) Installing libattr (2.4.47-r6)\n(9/61) Installing attr (2.4.47-r6)\n(10/61) Installing tar (1.32-r0)\n(11/61) Installing patch (2.7.6-r0)\n(12/61) Installing lzip (1.19-r1)\n(13/61) Installing abuild (3.1.0-r5)\nExecuting abuild-3.1.0-r5.pre-install\n(14/61) Installing binutils-libs (2.30-r2)\n(15/61) Installing binutils (2.30-r2)\n(16/61) Installing gmp (6.1.2-r1)\n(17/61) Installing isl (0.18-r0)\n(18/61) Installing libgomp (6.4.0-r5)\n(19/61) Installing libatomic (6.4.0-r5)\n(20/61) Installing mpfr3 (3.1.5-r1)\n(21/61) Installing mpc1 (1.0.3-r1)\n(22/61) Installing gcc (6.4.0-r5)\n(23/61) Installing musl-dev (1.1.18-r4)\n(24/61) Installing libc-dev (0.7.1-r0)\n(25/61) Installing g++ (6.4.0-r5)\n(26/61) Installing make (4.2.1-r0)\n(27/61) Installing fortify-headers (0.9-r0)\n(28/61) Installing build-base (0.5-r0)\n(29/61) Installing expat (2.2.8-r0)\n(30/61) Installing pcre2 (10.30-r0)\n(31/61) Installing git (2.15.4-r0)\n(32/61) Installing lz4-libs (1.8.0-r1)\n(33/61) Installing xz-libs (5.2.3-r1)\n(34/61) Installing lzo (2.10-r2)\n(35/61) Installing squashfs-tools (4.3-r4)\n(36/61) Installing libburn (1.4.8-r0)\n(37/61) Installing libedit (20170329.3.1-r3)\n(38/61) Installing libacl (2.2.52-r3)\n(39/61) Installing libisofs (1.4.8-r0)\n(40/61) Installing libisoburn (1.4.8-r0)\n(41/61) Installing xorriso (1.4.8-r0)\n(42/61) Installing acct (6.6.4-r0)\n(43/61) Installing lddtree (1.26-r1)\n(44/61) Installing libuuid (2.31.1-r0)\n(45/61) Installing libblkid (2.31.1-r0)\n(46/61) Installing device-mapper-libs (2.02.175-r0)\n(47/61) Installing cryptsetup-libs (1.7.5-r1)\n(48/61) Installing kmod (24-r0)\n(49/61) Installing mkinitfs (3.2.0-r4)\nExecuting mkinitfs-3.2.0-r4.post-install\n(50/61) Installing mtools (4.0.18-r2)\n(51/61) Installing alpine-sdk (0.5-r0)\n(52/61) Installing bash (4.4.19-r1)\nExecuting bash-4.4.19-r1.post-install\n(53/61) Installing openssh-keygen (7.5_p1-r10)\n(54/61) Installing openssh-client (7.5_p1-r10)\n(55/61) Installing openssh-sftp-server (7.5_p1-r10)\n(56/61) Installing openssh-server-common (7.5_p1-r10)\n(57/61) Installing openssh-server (7.5_p1-r10)\n(58/61) Installing openssh (7.5_p1-r10)\n(59/61) Installing libbz2 (1.0.6-r7)\n(60/61) Installing sqlite-libs (3.25.3-r2)\n(61/61) Installing python2 (2.7.15-r3)\nExecuting busybox-1.27.2-r11.trigger\nOK: 252 MiB in 95 packages\nRemoving intermediate container c0599262ee50\n ---> d51264ea8cee\nStep 4/15 : COPY . /www\n ---> 4884eda64d7e\nStep 5/15 : WORKDIR /www\n ---> Running in 68827e245e22\nRemoving intermediate container 68827e245e22\n ---> 9971ab6f351e\nStep 6/15 : RUN npm install\n ---> Running in 0bd795942751\n\u001b[91mnpm \u001b[0m\u001b[91mWARN tar ENOENT: no such file or directory, open '/www/node_modules/.staging/chai-807ac9b2/CODE_OF_CONDUCT.md'\n\u001b[0m\u001b[91mnpm WARN tar ENOENT: no such file or directory, open '/www/node_modules/.staging/chai-807ac9b2/CODEOWNERS'\n\u001b[0m\u001b[91mnpm WARN tar ENOENT: no such file or directory, open '/www/node_modules/.staging/chai-807ac9b2/CONTRIBUTING.md'\n\u001b[0m\u001b[91mnpm WARN tar ENOENT: no such file or directory, open '/www/node_modules/.staging/mocha-b666acca/README.md'\n\u001b[0m\u001b[91mnpm WARN tar ENOENT: no such file or directory, open '/www/node_modules/.staging/mochawesome-report-generator-e0478087/dist/app.js'\n\u001b[0m\u001b[91mnpm WARN tar ENOENT: no such file or directory, open '/www/node_modules/.staging/aes-js-a9cebdbf/test/test.html'\n\u001b[0m\u001b[91mnpm WARN tar ENOENT: no such file or directory, open '/www/node_modules/.staging/sqlite3-906aa2a3/deps/sqlite3.gyp'\n\u001b[0m\u001b[91mnpm WARN tar\u001b[0m\u001b[91m ENOENT: no such file or directory, open '/www/node_modules/.staging/sqlite3-906aa2a3/lib/index.js'\n\u001b[0m\u001b[91mnpm WARN \u001b[0m\u001b[91mtar ENOENT: no such file or directory, open '/www/node_modules/.staging/sqlite3-906aa2a3/lib/sqlite3.js'\n\u001b[0m\u001b[91mnpm WARN tar\u001b[0m\u001b[91m ENOENT: no such file or directory, open '/www/node_modules/.staging/sqlite3-906aa2a3/lib/trace.js'\n\u001b[0m\u001b[91mnpm WARN\u001b[0m\u001b[91m tar ENOENT: no such file or directory, open '/www/node_modules/.staging/sqlite3-906aa2a3/src/async.h'\n\u001b[0m\u001b[91mnpm WARN tar\u001b[0m\u001b[91m ENOENT: no such file or directory, open '/www/node_modules/.staging/sqlite3-906aa2a3/src/database.cc'\n\u001b[0m\u001b[91mnpm ERR! code\u001b[0m\u001b[91m E404\n\u001b[0m\u001b[91mnpm ERR! 404 Not Found: ccxt@1.29.52\n\u001b[0m\u001b[91m\nnpm \u001b[0m\u001b[91mERR! A complete log of this run can be found in:\nnpm \u001b[0m\u001b[91mERR!     /root/.npm/_logs/2022-12-30T04_33_48_853Z-debug.log\n\u001b[0mRemoving intermediate container 0bd795942751\n","stderr":"The command '/bin/sh -c npm install' returned a non-zero code: 1\n"},"endTime":1672374837612}