{"repository":"https://github.com/plasma-umass/mesh","dockerfilePath":"Dockerfile","startTime":1672519986857,"clone":{"stdout":"","stderr":"Cloning into '/tmp/dinghy-analysis/plasma-umass/mesh'...\n","error":null,"commit":"ae77cdbf93925bd8390d2ad8379ef4d2a625e7bd"},"originalBuild":{"startTimestamp":1672519987880,"endTimestamp":1672520301970,"error":null,"stdout":"Sending build context to Docker daemon  7.378MB\r\r\nStep 1/11 : FROM ubuntu:18.04 as builder\n18.04: Pulling from library/ubuntu\nDigest: sha256:daf3e62183e8aa9a56878a685ed26f3af3dd8c08c8fd11ef1c167a1aa9bd66a3\nStatus: Downloaded newer image for ubuntu:18.04\n ---> 251b86c83674\nStep 2/11 : MAINTAINER Bobby Powers <bobbypowers@gmail.com>\n ---> Running in 4bf43c56ad10\nRemoving intermediate container 4bf43c56ad10\n ---> 1916d77971a7\nStep 3/11 : RUN apt-get update && apt-get install -y   build-essential   git   python3   sudo   libxml2  && rm -rf /var/lib/apt/lists/*  && update-alternatives --install /usr/bin/python python /usr/bin/python3 10  && rm -rf /usr/local/lib/python3.6\n ---> Running in 1d9fbaef6908\nGet:1 http://archive.ubuntu.com/ubuntu bionic InRelease [242 kB]\nGet:2 http://archive.ubuntu.com/ubuntu bionic-updates InRelease [88.7 kB]\nGet:3 http://security.ubuntu.com/ubuntu bionic-security InRelease [88.7 kB]\nGet:4 http://archive.ubuntu.com/ubuntu bionic-backports InRelease [83.3 kB]\nGet:5 http://archive.ubuntu.com/ubuntu bionic/universe amd64 Packages [11.3 MB]\nGet:6 http://archive.ubuntu.com/ubuntu bionic/main amd64 Packages [1344 kB]\nGet:7 http://archive.ubuntu.com/ubuntu bionic/restricted amd64 Packages [13.5 kB]\nGet:8 http://archive.ubuntu.com/ubuntu bionic/multiverse amd64 Packages [186 kB]\nGet:9 http://archive.ubuntu.com/ubuntu bionic-updates/main amd64 Packages [3524 kB]\nGet:10 http://archive.ubuntu.com/ubuntu bionic-updates/universe amd64 Packages [2342 kB]\nGet:11 http://archive.ubuntu.com/ubuntu bionic-updates/multiverse amd64 Packages [30.0 kB]\nGet:12 http://archive.ubuntu.com/ubuntu bionic-updates/restricted amd64 Packages [1352 kB]\nGet:13 http://archive.ubuntu.com/ubuntu bionic-backports/main amd64 Packages [64.0 kB]\nGet:14 http://archive.ubuntu.com/ubuntu bionic-backports/universe amd64 Packages [20.5 kB]\nGet:15 http://security.ubuntu.com/ubuntu bionic-security/universe amd64 Packages [1568 kB]\nGet:16 http://security.ubuntu.com/ubuntu bionic-security/multiverse amd64 Packages [22.9 kB]\nGet:17 http://security.ubuntu.com/ubuntu bionic-security/main amd64 Packages [3099 kB]\nGet:18 http://security.ubuntu.com/ubuntu bionic-security/restricted amd64 Packages [1311 kB]\nFetched 26.7 MB in 2s (12.5 MB/s)\nReading package lists...\nReading package lists...\nBuilding dependency tree...\nReading state information...\nThe following additional packages will be installed:\n  binutils binutils-common binutils-x86-64-linux-gnu ca-certificates cpp cpp-7\n  dirmngr dpkg-dev fakeroot file g++ g++-7 gcc gcc-7 gcc-7-base git-man gnupg\n  gnupg-l10n gnupg-utils gpg gpg-agent gpg-wks-client gpg-wks-server gpgconf\n  gpgsm krb5-locales less libalgorithm-diff-perl libalgorithm-diff-xs-perl\n  libalgorithm-merge-perl libasan4 libasn1-8-heimdal libassuan0 libatomic1\n  libbinutils libbsd0 libc-dev-bin libc6-dev libcc1-0 libcilkrts5\n  libcurl3-gnutls libdpkg-perl libedit2 liberror-perl libexpat1 libfakeroot\n  libfile-fcntllock-perl libgcc-7-dev libgdbm-compat4 libgdbm5 libgomp1\n  libgssapi-krb5-2 libgssapi3-heimdal libhcrypto4-heimdal libheimbase1-heimdal\n  libheimntlm0-heimdal libhx509-5-heimdal libicu60 libisl19 libitm1\n  libk5crypto3 libkeyutils1 libkrb5-26-heimdal libkrb5-3 libkrb5support0\n  libksba8 libldap-2.4-2 libldap-common liblocale-gettext-perl liblsan0\n  libmagic-mgc libmagic1 libmpc3 libmpdec2 libmpfr6 libmpx2 libnghttp2-14\n  libnpth0 libperl5.26 libpsl5 libpython3-stdlib libpython3.6-minimal\n  libpython3.6-stdlib libquadmath0 libreadline7 libroken18-heimdal librtmp1\n  libsasl2-2 libsasl2-modules libsasl2-modules-db libsqlite3-0 libssl1.0.0\n  libssl1.1 libstdc++-7-dev libtsan0 libubsan0 libwind0-heimdal libx11-6\n  libx11-data libxau6 libxcb1 libxdmcp6 libxext6 libxmuu1 linux-libc-dev make\n  manpages manpages-dev mime-support multiarch-support netbase openssh-client\n  openssl patch perl perl-modules-5.26 pinentry-curses publicsuffix\n  python3-minimal python3.6 python3.6-minimal readline-common xauth xz-utils\nSuggested packages:\n  binutils-doc cpp-doc gcc-7-locales dbus-user-session libpam-systemd\n  pinentry-gnome3 tor debian-keyring g++-multilib g++-7-multilib gcc-7-doc\n  libstdc++6-7-dbg gcc-multilib autoconf automake libtool flex bison gdb\n  gcc-doc gcc-7-multilib libgcc1-dbg libgomp1-dbg libitm1-dbg libatomic1-dbg\n  libasan4-dbg liblsan0-dbg libtsan0-dbg libubsan0-dbg libcilkrts5-dbg\n  libmpx2-dbg libquadmath0-dbg gettext-base git-daemon-run\n  | git-daemon-sysvinit git-doc git-el git-email git-gui gitk gitweb git-cvs\n  git-mediawiki git-svn parcimonie xloadimage scdaemon glibc-doc bzr gdbm-l10n\n  krb5-doc krb5-user libsasl2-modules-gssapi-mit\n  | libsasl2-modules-gssapi-heimdal libsasl2-modules-ldap libsasl2-modules-otp\n  libsasl2-modules-sql libstdc++-7-doc make-doc man-browser keychain\n  libpam-ssh monkeysphere ssh-askpass ed diffutils-doc perl-doc\n  libterm-readline-gnu-perl | libterm-readline-perl-perl pinentry-doc\n  python3-doc python3-tk python3-venv python3.6-venv python3.6-doc\n  binfmt-support readline-doc\nThe following NEW packages will be installed:\n  binutils binutils-common binutils-x86-64-linux-gnu build-essential\n  ca-certificates cpp cpp-7 dirmngr dpkg-dev fakeroot file g++ g++-7 gcc gcc-7\n  gcc-7-base git git-man gnupg gnupg-l10n gnupg-utils gpg gpg-agent\n  gpg-wks-client gpg-wks-server gpgconf gpgsm krb5-locales less\n  libalgorithm-diff-perl libalgorithm-diff-xs-perl libalgorithm-merge-perl\n  libasan4 libasn1-8-heimdal libassuan0 libatomic1 libbinutils libbsd0\n  libc-dev-bin libc6-dev libcc1-0 libcilkrts5 libcurl3-gnutls libdpkg-perl\n  libedit2 liberror-perl libexpat1 libfakeroot libfile-fcntllock-perl\n  libgcc-7-dev libgdbm-compat4 libgdbm5 libgomp1 libgssapi-krb5-2\n  libgssapi3-heimdal libhcrypto4-heimdal libheimbase1-heimdal\n  libheimntlm0-heimdal libhx509-5-heimdal libicu60 libisl19 libitm1\n  libk5crypto3 libkeyutils1 libkrb5-26-heimdal libkrb5-3 libkrb5support0\n  libksba8 libldap-2.4-2 libldap-common liblocale-gettext-perl liblsan0\n  libmagic-mgc libmagic1 libmpc3 libmpdec2 libmpfr6 libmpx2 libnghttp2-14\n  libnpth0 libperl5.26 libpsl5 libpython3-stdlib libpython3.6-minimal\n  libpython3.6-stdlib libquadmath0 libreadline7 libroken18-heimdal librtmp1\n  libsasl2-2 libsasl2-modules libsasl2-modules-db libsqlite3-0 libssl1.0.0\n  libssl1.1 libstdc++-7-dev libtsan0 libubsan0 libwind0-heimdal libx11-6\n  libx11-data libxau6 libxcb1 libxdmcp6 libxext6 libxml2 libxmuu1\n  linux-libc-dev make manpages manpages-dev mime-support multiarch-support\n  netbase openssh-client openssl patch perl perl-modules-5.26 pinentry-curses\n  publicsuffix python3 python3-minimal python3.6 python3.6-minimal\n  readline-common sudo xauth xz-utils\n0 upgraded, 129 newly installed, 0 to remove and 0 not upgraded.\nNeed to get 79.4 MB of archives.\nAfter this operation, 341 MB of additional disk space will be used.\nGet:1 http://archive.ubuntu.com/ubuntu bionic/main amd64 liblocale-gettext-perl amd64 1.07-3build2 [16.6 kB]\nGet:2 http://archive.ubuntu.com/ubuntu bionic-updates/main amd64 libssl1.1 amd64 1.1.1-1ubuntu2.1~18.04.20 [1302 kB]\nGet:3 http://archive.ubuntu.com/ubuntu bionic-updates/main amd64 libpython3.6-minimal amd64 3.6.9-1~18.04ubuntu1.9 [533 kB]\nGet:4 http://archive.ubuntu.com/ubuntu bionic-updates/main amd64 libexpat1 amd64 2.2.5-3ubuntu0.9 [82.8 kB]\nGet:5 http://archive.ubuntu.com/ubuntu bionic-updates/main amd64 python3.6-minimal amd64 3.6.9-1~18.04ubuntu1.9 [1609 kB]\nGet:6 http://archive.ubuntu.com/ubuntu bionic-updates/main amd64 python3-minimal amd64 3.6.7-1~18.04 [23.7 kB]\nGet:7 http://archive.ubuntu.com/ubuntu bionic/main amd64 mime-support all 3.60ubuntu1 [30.1 kB]\nGet:8 http://archive.ubuntu.com/ubuntu bionic/main amd64 libmpdec2 amd64 2.4.2-1ubuntu1 [84.1 kB]\nGet:9 http://archive.ubuntu.com/ubuntu bionic/main amd64 readline-common all 7.0-3 [52.9 kB]\nGet:10 http://archive.ubuntu.com/ubuntu bionic/main amd64 libreadline7 amd64 7.0-3 [124 kB]\nGet:11 http://archive.ubuntu.com/ubuntu bionic-updates/main amd64 libsqlite3-0 amd64 3.22.0-1ubuntu0.7 [499 kB]\nGet:12 http://archive.ubuntu.com/ubuntu bionic-updates/main amd64 libpython3.6-stdlib amd64 3.6.9-1~18.04ubuntu1.9 [1712 kB]\nGet:13 http://archive.ubuntu.com/ubuntu bionic-updates/main amd64 python3.6 amd64 3.6.9-1~18.04ubuntu1.9 [203 kB]\nGet:14 http://archive.ubuntu.com/ubuntu bionic-updates/main amd64 libpython3-stdlib amd64 3.6.7-1~18.04 [7240 B]\nGet:15 http://archive.ubuntu.com/ubuntu bionic-updates/main amd64 python3 amd64 3.6.7-1~18.04 [47.2 kB]\nGet:16 http://archive.ubuntu.com/ubuntu bionic-updates/main amd64 multiarch-support amd64 2.27-3ubuntu1.6 [6960 B]\nGet:17 http://archive.ubuntu.com/ubuntu bionic-updates/main amd64 libxau6 amd64 1:1.0.8-1ubuntu1 [7556 B]\nGet:18 http://archive.ubuntu.com/ubuntu bionic-updates/main amd64 libbsd0 amd64 0.8.7-1ubuntu0.1 [41.6 kB]\nGet:19 http://archive.ubuntu.com/ubuntu bionic/main amd64 libxdmcp6 amd64 1:1.1.2-3 [10.7 kB]\nGet:20 http://archive.ubuntu.com/ubuntu bionic-updates/main amd64 libxcb1 amd64 1.13-2~ubuntu18.04 [45.5 kB]\nGet:21 http://archive.ubuntu.com/ubuntu bionic-updates/main amd64 libx11-data all 2:1.6.4-3ubuntu0.4 [114 kB]\nGet:22 http://archive.ubuntu.com/ubuntu bionic-updates/main amd64 libx11-6 amd64 2:1.6.4-3ubuntu0.4 [572 kB]\nGet:23 http://archive.ubuntu.com/ubuntu bionic/main amd64 libxext6 amd64 2:1.3.3-1 [29.4 kB]\nGet:24 http://archive.ubuntu.com/ubuntu bionic-updates/main amd64 perl-modules-5.26 all 5.26.1-6ubuntu0.6 [2764 kB]\nGet:25 http://archive.ubuntu.com/ubuntu bionic/main amd64 libgdbm5 amd64 1.14.1-6 [26.0 kB]\nGet:26 http://archive.ubuntu.com/ubuntu bionic/main amd64 libgdbm-compat4 amd64 1.14.1-6 [6084 B]\nGet:27 http://archive.ubuntu.com/ubuntu bionic-updates/main amd64 libperl5.26 amd64 5.26.1-6ubuntu0.6 [3556 kB]\nGet:28 http://archive.ubuntu.com/ubuntu bionic-updates/main amd64 perl amd64 5.26.1-6ubuntu0.6 [201 kB]\nGet:29 http://archive.ubuntu.com/ubuntu bionic-updates/main amd64 openssl amd64 1.1.1-1ubuntu2.1~18.04.20 [614 kB]\nGet:30 http://archive.ubuntu.com/ubuntu bionic-updates/main amd64 ca-certificates all 20211016ubuntu0.18.04.1 [140 kB]\nGet:31 http://archive.ubuntu.com/ubuntu bionic-updates/main amd64 libmagic-mgc amd64 1:5.32-2ubuntu0.4 [184 kB]\nGet:32 http://archive.ubuntu.com/ubuntu bionic-updates/main amd64 libmagic1 amd64 1:5.32-2ubuntu0.4 [68.6 kB]\nGet:33 http://archive.ubuntu.com/ubuntu bionic-updates/main amd64 file amd64 1:5.32-2ubuntu0.4 [22.1 kB]\nGet:34 http://archive.ubuntu.com/ubuntu bionic/main amd64 less amd64 487-0.1 [112 kB]\nGet:35 http://archive.ubuntu.com/ubuntu bionic-updates/main amd64 libicu60 amd64 60.2-3ubuntu3.2 [8050 kB]\nGet:36 http://archive.ubuntu.com/ubuntu bionic-updates/main amd64 libxml2 amd64 2.9.4+dfsg1-6.1ubuntu1.8 [664 kB]\nGet:37 http://archive.ubuntu.com/ubuntu bionic/main amd64 netbase all 5.4 [12.7 kB]\nGet:38 http://archive.ubuntu.com/ubuntu bionic-updates/main amd64 sudo amd64 1.8.21p2-3ubuntu1.4 [428 kB]\nGet:39 http://archive.ubuntu.com/ubuntu bionic-updates/main amd64 xz-utils amd64 5.2.2-1.3ubuntu0.1 [83.8 kB]\nGet:40 http://archive.ubuntu.com/ubuntu bionic-updates/main amd64 krb5-locales all 1.16-2ubuntu0.2 [13.4 kB]\nGet:41 http://archive.ubuntu.com/ubuntu bionic/main amd64 libedit2 amd64 3.1-20170329-1 [76.9 kB]\nGet:42 http://archive.ubuntu.com/ubuntu bionic-updates/main amd64 libkrb5support0 amd64 1.16-2ubuntu0.2 [30.8 kB]\nGet:43 http://archive.ubuntu.com/ubuntu bionic-updates/main amd64 libk5crypto3 amd64 1.16-2ubuntu0.2 [85.5 kB]\nGet:44 http://archive.ubuntu.com/ubuntu bionic-updates/main amd64 libkeyutils1 amd64 1.5.9-9.2ubuntu2.1 [8764 B]\nGet:45 http://archive.ubuntu.com/ubuntu bionic-updates/main amd64 libkrb5-3 amd64 1.16-2ubuntu0.2 [279 kB]\nGet:46 http://archive.ubuntu.com/ubuntu bionic-updates/main amd64 libgssapi-krb5-2 amd64 1.16-2ubuntu0.2 [122 kB]\nGet:47 http://archive.ubuntu.com/ubuntu bionic/main amd64 libpsl5 amd64 0.19.1-5build1 [41.8 kB]\nGet:48 http://archive.ubuntu.com/ubuntu bionic-updates/main amd64 libssl1.0.0 amd64 1.0.2n-1ubuntu5.10 [1089 kB]\nGet:49 http://archive.ubuntu.com/ubuntu bionic/main amd64 libxmuu1 amd64 2:1.1.2-2 [9674 B]\nGet:50 http://archive.ubuntu.com/ubuntu bionic/main amd64 manpages all 4.15-1 [1234 kB]\nGet:51 http://archive.ubuntu.com/ubuntu bionic-updates/main amd64 openssh-client amd64 1:7.6p1-4ubuntu0.7 [610 kB]\nGet:52 http://archive.ubuntu.com/ubuntu bionic/main amd64 publicsuffix all 20180223.1310-1 [97.6 kB]\nGet:53 http://archive.ubuntu.com/ubuntu bionic/main amd64 xauth amd64 1:1.0.10-1 [24.6 kB]\nGet:54 http://archive.ubuntu.com/ubuntu bionic-updates/main amd64 binutils-common amd64 2.30-21ubuntu1~18.04.8 [197 kB]\nGet:55 http://archive.ubuntu.com/ubuntu bionic-updates/main amd64 libbinutils amd64 2.30-21ubuntu1~18.04.8 [488 kB]\nGet:56 http://archive.ubuntu.com/ubuntu bionic-updates/main amd64 binutils-x86-64-linux-gnu amd64 2.30-21ubuntu1~18.04.8 [1839 kB]\nGet:57 http://archive.ubuntu.com/ubuntu bionic-updates/main amd64 binutils amd64 2.30-21ubuntu1~18.04.8 [3388 B]\nGet:58 http://archive.ubuntu.com/ubuntu bionic-updates/main amd64 libc-dev-bin amd64 2.27-3ubuntu1.6 [71.9 kB]\nGet:59 http://archive.ubuntu.com/ubuntu bionic-updates/main amd64 linux-libc-dev amd64 4.15.0-200.211 [997 kB]\nGet:60 http://archive.ubuntu.com/ubuntu bionic-updates/main amd64 libc6-dev amd64 2.27-3ubuntu1.6 [2587 kB]\nGet:61 http://archive.ubuntu.com/ubuntu bionic-updates/main amd64 gcc-7-base amd64 7.5.0-3ubuntu1~18.04 [18.3 kB]\nGet:62 http://archive.ubuntu.com/ubuntu bionic/main amd64 libisl19 amd64 0.19-1 [551 kB]\nGet:63 http://archive.ubuntu.com/ubuntu bionic/main amd64 libmpfr6 amd64 4.0.1-1 [243 kB]\nGet:64 http://archive.ubuntu.com/ubuntu bionic/main amd64 libmpc3 amd64 1.1.0-1 [40.8 kB]\nGet:65 http://archive.ubuntu.com/ubuntu bionic-updates/main amd64 cpp-7 amd64 7.5.0-3ubuntu1~18.04 [8591 kB]\nGet:66 http://archive.ubuntu.com/ubuntu bionic-updates/main amd64 cpp amd64 4:7.4.0-1ubuntu2.3 [27.7 kB]\nGet:67 http://archive.ubuntu.com/ubuntu bionic-updates/main amd64 libcc1-0 amd64 8.4.0-1ubuntu1~18.04 [39.4 kB]\nGet:68 http://archive.ubuntu.com/ubuntu bionic-updates/main amd64 libgomp1 amd64 8.4.0-1ubuntu1~18.04 [76.5 kB]\nGet:69 http://archive.ubuntu.com/ubuntu bionic-updates/main amd64 libitm1 amd64 8.4.0-1ubuntu1~18.04 [27.9 kB]\nGet:70 http://archive.ubuntu.com/ubuntu bionic-updates/main amd64 libatomic1 amd64 8.4.0-1ubuntu1~18.04 [9192 B]\nGet:71 http://archive.ubuntu.com/ubuntu bionic-updates/main amd64 libasan4 amd64 7.5.0-3ubuntu1~18.04 [358 kB]\nGet:72 http://archive.ubuntu.com/ubuntu bionic-updates/main amd64 liblsan0 amd64 8.4.0-1ubuntu1~18.04 [133 kB]\nGet:73 http://archive.ubuntu.com/ubuntu bionic-updates/main amd64 libtsan0 amd64 8.4.0-1ubuntu1~18.04 [288 kB]\nGet:74 http://archive.ubuntu.com/ubuntu bionic-updates/main amd64 libubsan0 amd64 7.5.0-3ubuntu1~18.04 [126 kB]\nGet:75 http://archive.ubuntu.com/ubuntu bionic-updates/main amd64 libcilkrts5 amd64 7.5.0-3ubuntu1~18.04 [42.5 kB]\nGet:76 http://archive.ubuntu.com/ubuntu bionic-updates/main amd64 libmpx2 amd64 8.4.0-1ubuntu1~18.04 [11.6 kB]\nGet:77 http://archive.ubuntu.com/ubuntu bionic-updates/main amd64 libquadmath0 amd64 8.4.0-1ubuntu1~18.04 [134 kB]\nGet:78 http://archive.ubuntu.com/ubuntu bionic-updates/main amd64 libgcc-7-dev amd64 7.5.0-3ubuntu1~18.04 [2378 kB]\nGet:79 http://archive.ubuntu.com/ubuntu bionic-updates/main amd64 gcc-7 amd64 7.5.0-3ubuntu1~18.04 [9381 kB]\nGet:80 http://archive.ubuntu.com/ubuntu bionic-updates/main amd64 gcc amd64 4:7.4.0-1ubuntu2.3 [5184 B]\nGet:81 http://archive.ubuntu.com/ubuntu bionic-updates/main amd64 libstdc++-7-dev amd64 7.5.0-3ubuntu1~18.04 [1471 kB]\nGet:82 http://archive.ubuntu.com/ubuntu bionic-updates/main amd64 g++-7 amd64 7.5.0-3ubuntu1~18.04 [9697 kB]\nGet:83 http://archive.ubuntu.com/ubuntu bionic-updates/main amd64 g++ amd64 4:7.4.0-1ubuntu2.3 [1568 B]\nGet:84 http://archive.ubuntu.com/ubuntu bionic/main amd64 make amd64 4.1-9.1ubuntu1 [154 kB]\nGet:85 http://archive.ubuntu.com/ubuntu bionic-updates/main amd64 libdpkg-perl all 1.19.0.5ubuntu2.4 [212 kB]\nGet:86 http://archive.ubuntu.com/ubuntu bionic-updates/main amd64 patch amd64 2.7.6-2ubuntu1.1 [102 kB]\nGet:87 http://archive.ubuntu.com/ubuntu bionic-updates/main amd64 dpkg-dev all 1.19.0.5ubuntu2.4 [607 kB]\nGet:88 http://archive.ubuntu.com/ubuntu bionic/main amd64 build-essential amd64 12.4ubuntu1 [4758 B]\nGet:89 http://archive.ubuntu.com/ubuntu bionic/main amd64 libassuan0 amd64 2.5.1-2 [35.0 kB]\nGet:90 http://archive.ubuntu.com/ubuntu bionic-updates/main amd64 gpgconf amd64 2.2.4-1ubuntu1.6 [124 kB]\nGet:91 http://archive.ubuntu.com/ubuntu bionic-updates/main amd64 libksba8 amd64 1.3.5-2ubuntu0.18.04.1 [94.6 kB]\nGet:92 http://archive.ubuntu.com/ubuntu bionic-updates/main amd64 libroken18-heimdal amd64 7.5.0+dfsg-1ubuntu0.2 [41.8 kB]\nGet:93 http://archive.ubuntu.com/ubuntu bionic-updates/main amd64 libasn1-8-heimdal amd64 7.5.0+dfsg-1ubuntu0.2 [174 kB]\nGet:94 http://archive.ubuntu.com/ubuntu bionic-updates/main amd64 libheimbase1-heimdal amd64 7.5.0+dfsg-1ubuntu0.2 [29.9 kB]\nGet:95 http://archive.ubuntu.com/ubuntu bionic-updates/main amd64 libhcrypto4-heimdal amd64 7.5.0+dfsg-1ubuntu0.2 [85.9 kB]\nGet:96 http://archive.ubuntu.com/ubuntu bionic-updates/main amd64 libwind0-heimdal amd64 7.5.0+dfsg-1ubuntu0.2 [48.0 kB]\nGet:97 http://archive.ubuntu.com/ubuntu bionic-updates/main amd64 libhx509-5-heimdal amd64 7.5.0+dfsg-1ubuntu0.2 [108 kB]\nGet:98 http://archive.ubuntu.com/ubuntu bionic-updates/main amd64 libkrb5-26-heimdal amd64 7.5.0+dfsg-1ubuntu0.2 [207 kB]\nGet:99 http://archive.ubuntu.com/ubuntu bionic-updates/main amd64 libheimntlm0-heimdal amd64 7.5.0+dfsg-1ubuntu0.2 [14.7 kB]\nGet:100 http://archive.ubuntu.com/ubuntu bionic-updates/main amd64 libgssapi3-heimdal amd64 7.5.0+dfsg-1ubuntu0.2 [96.3 kB]\nGet:101 http://archive.ubuntu.com/ubuntu bionic-updates/main amd64 libsasl2-modules-db amd64 2.1.27~101-g0780600+dfsg-3ubuntu2.4 [15.0 kB]\nGet:102 http://archive.ubuntu.com/ubuntu bionic-updates/main amd64 libsasl2-2 amd64 2.1.27~101-g0780600+dfsg-3ubuntu2.4 [49.2 kB]\nGet:103 http://archive.ubuntu.com/ubuntu bionic-updates/main amd64 libldap-common all 2.4.45+dfsg-1ubuntu1.11 [15.8 kB]\nGet:104 http://archive.ubuntu.com/ubuntu bionic-updates/main amd64 libldap-2.4-2 amd64 2.4.45+dfsg-1ubuntu1.11 [154 kB]\nGet:105 http://archive.ubuntu.com/ubuntu bionic/main amd64 libnpth0 amd64 1.5-3 [7668 B]\nGet:106 http://archive.ubuntu.com/ubuntu bionic-updates/main amd64 dirmngr amd64 2.2.4-1ubuntu1.6 [317 kB]\nGet:107 http://archive.ubuntu.com/ubuntu bionic/main amd64 libfakeroot amd64 1.22-2ubuntu1 [25.9 kB]\nGet:108 http://archive.ubuntu.com/ubuntu bionic/main amd64 fakeroot amd64 1.22-2ubuntu1 [62.3 kB]\nGet:109 http://archive.ubuntu.com/ubuntu bionic/main amd64 libnghttp2-14 amd64 1.30.0-1ubuntu1 [77.8 kB]\nGet:110 http://archive.ubuntu.com/ubuntu bionic/main amd64 librtmp1 amd64 2.4+20151223.gitfa8646d.1-1 [54.2 kB]\nGet:111 http://archive.ubuntu.com/ubuntu bionic-updates/main amd64 libcurl3-gnutls amd64 7.58.0-2ubuntu3.21 [219 kB]\nGet:112 http://archive.ubuntu.com/ubuntu bionic/main amd64 liberror-perl all 0.17025-1 [22.8 kB]\nGet:113 http://archive.ubuntu.com/ubuntu bionic-updates/main amd64 git-man all 1:2.17.1-1ubuntu0.13 [805 kB]\nGet:114 http://archive.ubuntu.com/ubuntu bionic-updates/main amd64 git amd64 1:2.17.1-1ubuntu0.13 [3923 kB]\nGet:115 http://archive.ubuntu.com/ubuntu bionic-updates/main amd64 gnupg-l10n all 2.2.4-1ubuntu1.6 [50.1 kB]\nGet:116 http://archive.ubuntu.com/ubuntu bionic-updates/main amd64 gnupg-utils amd64 2.2.4-1ubuntu1.6 [128 kB]\nGet:117 http://archive.ubuntu.com/ubuntu bionic-updates/main amd64 gpg amd64 2.2.4-1ubuntu1.6 [468 kB]\nGet:118 http://archive.ubuntu.com/ubuntu bionic/main amd64 pinentry-curses amd64 1.1.0-1 [35.8 kB]\nGet:119 http://archive.ubuntu.com/ubuntu bionic-updates/main amd64 gpg-agent amd64 2.2.4-1ubuntu1.6 [227 kB]\nGet:120 http://archive.ubuntu.com/ubuntu bionic-updates/main amd64 gpg-wks-client amd64 2.2.4-1ubuntu1.6 [91.8 kB]\nGet:121 http://archive.ubuntu.com/ubuntu bionic-updates/main amd64 gpg-wks-server amd64 2.2.4-1ubuntu1.6 [85.0 kB]\nGet:122 http://archive.ubuntu.com/ubuntu bionic-updates/main amd64 gpgsm amd64 2.2.4-1ubuntu1.6 [215 kB]\nGet:123 http://archive.ubuntu.com/ubuntu bionic-updates/main amd64 gnupg amd64 2.2.4-1ubuntu1.6 [249 kB]\nGet:124 http://archive.ubuntu.com/ubuntu bionic/main amd64 libalgorithm-diff-perl all 1.19.03-1 [47.6 kB]\nGet:125 http://archive.ubuntu.com/ubuntu bionic/main amd64 libalgorithm-diff-xs-perl amd64 0.04-5 [11.1 kB]\nGet:126 http://archive.ubuntu.com/ubuntu bionic/main amd64 libalgorithm-merge-perl all 0.08-3 [12.0 kB]\nGet:127 http://archive.ubuntu.com/ubuntu bionic/main amd64 libfile-fcntllock-perl amd64 0.22-3build2 [33.2 kB]\nGet:128 http://archive.ubuntu.com/ubuntu bionic-updates/main amd64 libsasl2-modules amd64 2.1.27~101-g0780600+dfsg-3ubuntu2.4 [48.9 kB]\nGet:129 http://archive.ubuntu.com/ubuntu bionic/main amd64 manpages-dev all 4.15-1 [2217 kB]\n\u001b[91mdebconf: delaying package configuration, since apt-utils is not installed\n\u001b[0mFetched 79.4 MB in 6s (13.0 MB/s)\nSelecting previously unselected package liblocale-gettext-perl.\r\n(Reading database ... \r(Reading database ... 5%\r(Reading database ... 10%\r(Reading database ... 15%\r(Reading database ... 20%\r(Reading database ... 25%\r(Reading database ... 30%\r(Reading database ... 35%\r(Reading database ... 40%\r(Reading database ... 45%\r(Reading database ... 50%\r(Reading database ... 55%\r(Reading database ... 60%\r(Reading database ... 65%\r(Reading database ... 70%\r(Reading database ... 75%\r(Reading database ... 80%\r(Reading database ... 85%\r(Reading database ... 90%\r(Reading database ... 95%\r(Reading database ... 100%\r(Reading database ... 4051 files and directories currently installed.)\r\nPreparing to unpack .../liblocale-gettext-perl_1.07-3build2_amd64.deb ...\r\nUnpacking liblocale-gettext-perl (1.07-3build2) ...\r\nSelecting previously unselected package libssl1.1:amd64.\r\nPreparing to unpack .../libssl1.1_1.1.1-1ubuntu2.1~18.04.20_amd64.deb ...\r\nUnpacking libssl1.1:amd64 (1.1.1-1ubuntu2.1~18.04.20) ...\r\nSelecting previously unselected package libpython3.6-minimal:amd64.\r\nPreparing to unpack .../libpython3.6-minimal_3.6.9-1~18.04ubuntu1.9_amd64.deb ...\r\nUnpacking libpython3.6-minimal:amd64 (3.6.9-1~18.04ubuntu1.9) ...\r\nSelecting previously unselected package libexpat1:amd64.\r\nPreparing to unpack .../libexpat1_2.2.5-3ubuntu0.9_amd64.deb ...\r\nUnpacking libexpat1:amd64 (2.2.5-3ubuntu0.9) ...\r\nSelecting previously unselected package python3.6-minimal.\r\nPreparing to unpack .../python3.6-minimal_3.6.9-1~18.04ubuntu1.9_amd64.deb ...\r\nUnpacking python3.6-minimal (3.6.9-1~18.04ubuntu1.9) ...\r\nSetting up libssl1.1:amd64 (1.1.1-1ubuntu2.1~18.04.20) ...\r\ndebconf: unable to initialize frontend: Dialog\r\ndebconf: (TERM is not set, so the dialog frontend is not usable.)\r\ndebconf: falling back to frontend: Readline\r\ndebconf: unable to initialize frontend: Readline\r\ndebconf: (Can't locate Term/ReadLine.pm in @INC (you may need to install the Term::ReadLine module) (@INC contains: /etc/perl /usr/local/lib/x86_64-linux-gnu/perl/5.26.1 /usr/local/share/perl/5.26.1 /usr/lib/x86_64-linux-gnu/perl5/5.26 /usr/share/perl5 /usr/lib/x86_64-linux-gnu/perl/5.26 /usr/share/perl/5.26 /usr/local/lib/site_perl /usr/lib/x86_64-linux-gnu/perl-base) at /usr/share/perl5/Debconf/FrontEnd/Readline.pm line 7.)\r\ndebconf: falling back to frontend: Teletype\r\nSetting up libpython3.6-minimal:amd64 (3.6.9-1~18.04ubuntu1.9) ...\r\nSetting up libexpat1:amd64 (2.2.5-3ubuntu0.9) ...\r\nSetting up python3.6-minimal (3.6.9-1~18.04ubuntu1.9) ...\r\nSelecting previously unselected package python3-minimal.\r\n(Reading database ... \r(Reading database ... 5%\r(Reading database ... 10%\r(Reading database ... 15%\r(Reading database ... 20%\r(Reading database ... 25%\r(Reading database ... 30%\r(Reading database ... 35%\r(Reading database ... 40%\r(Reading database ... 45%\r(Reading database ... 50%\r(Reading database ... 55%\r(Reading database ... 60%\r(Reading database ... 65%\r(Reading database ... 70%\r(Reading database ... 75%\r(Reading database ... 80%\r(Reading database ... 85%\r(Reading database ... 90%\r(Reading database ... 95%\r(Reading database ... 100%\r(Reading database ... 4322 files and directories currently installed.)\r\nPreparing to unpack .../0-python3-minimal_3.6.7-1~18.04_amd64.deb ...\r\nUnpacking python3-minimal (3.6.7-1~18.04) ...\r\nSelecting previously unselected package mime-support.\r\nPreparing to unpack .../1-mime-support_3.60ubuntu1_all.deb ...\r\nUnpacking mime-support (3.60ubuntu1) ...\r\nSelecting previously unselected package libmpdec2:amd64.\r\nPreparing to unpack .../2-libmpdec2_2.4.2-1ubuntu1_amd64.deb ...\r\nUnpacking libmpdec2:amd64 (2.4.2-1ubuntu1) ...\r\nSelecting previously unselected package readline-common.\r\nPreparing to unpack .../3-readline-common_7.0-3_all.deb ...\r\nUnpacking readline-common (7.0-3) ...\r\nSelecting previously unselected package libreadline7:amd64.\r\nPreparing to unpack .../4-libreadline7_7.0-3_amd64.deb ...\r\nUnpacking libreadline7:amd64 (7.0-3) ...\r\nSelecting previously unselected package libsqlite3-0:amd64.\r\nPreparing to unpack .../5-libsqlite3-0_3.22.0-1ubuntu0.7_amd64.deb ...\r\nUnpacking libsqlite3-0:amd64 (3.22.0-1ubuntu0.7) ...\r\nSelecting previously unselected package libpython3.6-stdlib:amd64.\r\nPreparing to unpack .../6-libpython3.6-stdlib_3.6.9-1~18.04ubuntu1.9_amd64.deb ...\r\nUnpacking libpython3.6-stdlib:amd64 (3.6.9-1~18.04ubuntu1.9) ...\r\nSelecting previously unselected package python3.6.\r\nPreparing to unpack .../7-python3.6_3.6.9-1~18.04ubuntu1.9_amd64.deb ...\r\nUnpacking python3.6 (3.6.9-1~18.04ubuntu1.9) ...\r\nSelecting previously unselected package libpython3-stdlib:amd64.\r\nPreparing to unpack .../8-libpython3-stdlib_3.6.7-1~18.04_amd64.deb ...\r\nUnpacking libpython3-stdlib:amd64 (3.6.7-1~18.04) ...\r\nSetting up python3-minimal (3.6.7-1~18.04) ...\r\nSelecting previously unselected package python3.\r\n(Reading database ... \r(Reading database ... 5%\r(Reading database ... 10%\r(Reading database ... 15%\r(Reading database ... 20%\r(Reading database ... 25%\r(Reading database ... 30%\r(Reading database ... 35%\r(Reading database ... 40%\r(Reading database ... 45%\r(Reading database ... 50%\r(Reading database ... 55%\r(Reading database ... 60%\r(Reading database ... 65%\r(Reading database ... 70%\r(Reading database ... 75%\r(Reading database ... 80%\r(Reading database ... 85%\r(Reading database ... 90%\r(Reading database ... 95%\r(Reading database ... 100%\r(Reading database ... 4780 files and directories currently installed.)\r\nPreparing to unpack .../0-python3_3.6.7-1~18.04_amd64.deb ...\r\nUnpacking python3 (3.6.7-1~18.04) ...\r\nSelecting previously unselected package multiarch-support.\r\nPreparing to unpack .../1-multiarch-support_2.27-3ubuntu1.6_amd64.deb ...\r\nUnpacking multiarch-support (2.27-3ubuntu1.6) ...\r\nSelecting previously unselected package libxau6:amd64.\r\nPreparing to unpack .../2-libxau6_1%3a1.0.8-1ubuntu1_amd64.deb ...\r\nUnpacking libxau6:amd64 (1:1.0.8-1ubuntu1) ...\r\nSelecting previously unselected package libbsd0:amd64.\r\nPreparing to unpack .../3-libbsd0_0.8.7-1ubuntu0.1_amd64.deb ...\r\nUnpacking libbsd0:amd64 (0.8.7-1ubuntu0.1) ...\r\nSelecting previously unselected package libxdmcp6:amd64.\r\nPreparing to unpack .../4-libxdmcp6_1%3a1.1.2-3_amd64.deb ...\r\nUnpacking libxdmcp6:amd64 (1:1.1.2-3) ...\r\nSelecting previously unselected package libxcb1:amd64.\r\nPreparing to unpack .../5-libxcb1_1.13-2~ubuntu18.04_amd64.deb ...\r\nUnpacking libxcb1:amd64 (1.13-2~ubuntu18.04) ...\r\nSelecting previously unselected package libx11-data.\r\nPreparing to unpack .../6-libx11-data_2%3a1.6.4-3ubuntu0.4_all.deb ...\r\nUnpacking libx11-data (2:1.6.4-3ubuntu0.4) ...\r\nSelecting previously unselected package libx11-6:amd64.\r\nPreparing to unpack .../7-libx11-6_2%3a1.6.4-3ubuntu0.4_amd64.deb ...\r\nUnpacking libx11-6:amd64 (2:1.6.4-3ubuntu0.4) ...\r\nSetting up multiarch-support (2.27-3ubuntu1.6) ...\r\nSelecting previously unselected package libxext6:amd64.\r\n(Reading database ... \r(Reading database ... 5%\r(Reading database ... 10%\r(Reading database ... 15%\r(Reading database ... 20%\r(Reading database ... 25%\r(Reading database ... 30%\r(Reading database ... 35%\r(Reading database ... 40%\r(Reading database ... 45%\r(Reading database ... 50%\r(Reading database ... 55%\r(Reading database ... 60%\r(Reading database ... 65%\r(Reading database ... 70%\r(Reading database ... 75%\r(Reading database ... 80%\r(Reading database ... 85%\r(Reading database ... 90%\r(Reading database ... 95%\r(Reading database ... 100%\r(Reading database ... 5104 files and directories currently installed.)\r\nPreparing to unpack .../000-libxext6_2%3a1.3.3-1_amd64.deb ...\r\nUnpacking libxext6:amd64 (2:1.3.3-1) ...\r\nSelecting previously unselected package perl-modules-5.26.\r\nPreparing to unpack .../001-perl-modules-5.26_5.26.1-6ubuntu0.6_all.deb ...\r\nUnpacking perl-modules-5.26 (5.26.1-6ubuntu0.6) ...\r\nSelecting previously unselected package libgdbm5:amd64.\r\nPreparing to unpack .../002-libgdbm5_1.14.1-6_amd64.deb ...\r\nUnpacking libgdbm5:amd64 (1.14.1-6) ...\r\nSelecting previously unselected package libgdbm-compat4:amd64.\r\nPreparing to unpack .../003-libgdbm-compat4_1.14.1-6_amd64.deb ...\r\nUnpacking libgdbm-compat4:amd64 (1.14.1-6) ...\r\nSelecting previously unselected package libperl5.26:amd64.\r\nPreparing to unpack .../004-libperl5.26_5.26.1-6ubuntu0.6_amd64.deb ...\r\nUnpacking libperl5.26:amd64 (5.26.1-6ubuntu0.6) ...\r\nSelecting previously unselected package perl.\r\nPreparing to unpack .../005-perl_5.26.1-6ubuntu0.6_amd64.deb ...\r\nUnpacking perl (5.26.1-6ubuntu0.6) ...\r\nSelecting previously unselected package openssl.\r\nPreparing to unpack .../006-openssl_1.1.1-1ubuntu2.1~18.04.20_amd64.deb ...\r\nUnpacking openssl (1.1.1-1ubuntu2.1~18.04.20) ...\r\nSelecting previously unselected package ca-certificates.\r\nPreparing to unpack .../007-ca-certificates_20211016ubuntu0.18.04.1_all.deb ...\r\nUnpacking ca-certificates (20211016ubuntu0.18.04.1) ...\r\nSelecting previously unselected package libmagic-mgc.\r\nPreparing to unpack .../008-libmagic-mgc_1%3a5.32-2ubuntu0.4_amd64.deb ...\r\nUnpacking libmagic-mgc (1:5.32-2ubuntu0.4) ...\r\nSelecting previously unselected package libmagic1:amd64.\r\nPreparing to unpack .../009-libmagic1_1%3a5.32-2ubuntu0.4_amd64.deb ...\r\nUnpacking libmagic1:amd64 (1:5.32-2ubuntu0.4) ...\r\nSelecting previously unselected package file.\r\nPreparing to unpack .../010-file_1%3a5.32-2ubuntu0.4_amd64.deb ...\r\nUnpacking file (1:5.32-2ubuntu0.4) ...\r\nSelecting previously unselected package less.\r\nPreparing to unpack .../011-less_487-0.1_amd64.deb ...\r\nUnpacking less (487-0.1) ...\r\nSelecting previously unselected package libicu60:amd64.\r\nPreparing to unpack .../012-libicu60_60.2-3ubuntu3.2_amd64.deb ...\r\nUnpacking libicu60:amd64 (60.2-3ubuntu3.2) ...\r\nSelecting previously unselected package libxml2:amd64.\r\nPreparing to unpack .../013-libxml2_2.9.4+dfsg1-6.1ubuntu1.8_amd64.deb ...\r\nUnpacking libxml2:amd64 (2.9.4+dfsg1-6.1ubuntu1.8) ...\r\nSelecting previously unselected package netbase.\r\nPreparing to unpack .../014-netbase_5.4_all.deb ...\r\nUnpacking netbase (5.4) ...\r\nSelecting previously unselected package sudo.\r\nPreparing to unpack .../015-sudo_1.8.21p2-3ubuntu1.4_amd64.deb ...\r\nUnpacking sudo (1.8.21p2-3ubuntu1.4) ...\r\nSelecting previously unselected package xz-utils.\r\nPreparing to unpack .../016-xz-utils_5.2.2-1.3ubuntu0.1_amd64.deb ...\r\nUnpacking xz-utils (5.2.2-1.3ubuntu0.1) ...\r\nSelecting previously unselected package krb5-locales.\r\nPreparing to unpack .../017-krb5-locales_1.16-2ubuntu0.2_all.deb ...\r\nUnpacking krb5-locales (1.16-2ubuntu0.2) ...\r\nSelecting previously unselected package libedit2:amd64.\r\nPreparing to unpack .../018-libedit2_3.1-20170329-1_amd64.deb ...\r\nUnpacking libedit2:amd64 (3.1-20170329-1) ...\r\nSelecting previously unselected package libkrb5support0:amd64.\r\nPreparing to unpack .../019-libkrb5support0_1.16-2ubuntu0.2_amd64.deb ...\r\nUnpacking libkrb5support0:amd64 (1.16-2ubuntu0.2) ...\r\nSelecting previously unselected package libk5crypto3:amd64.\r\nPreparing to unpack .../020-libk5crypto3_1.16-2ubuntu0.2_amd64.deb ...\r\nUnpacking libk5crypto3:amd64 (1.16-2ubuntu0.2) ...\r\nSelecting previously unselected package libkeyutils1:amd64.\r\nPreparing to unpack .../021-libkeyutils1_1.5.9-9.2ubuntu2.1_amd64.deb ...\r\nUnpacking libkeyutils1:amd64 (1.5.9-9.2ubuntu2.1) ...\r\nSelecting previously unselected package libkrb5-3:amd64.\r\nPreparing to unpack .../022-libkrb5-3_1.16-2ubuntu0.2_amd64.deb ...\r\nUnpacking libkrb5-3:amd64 (1.16-2ubuntu0.2) ...\r\nSelecting previously unselected package libgssapi-krb5-2:amd64.\r\nPreparing to unpack .../023-libgssapi-krb5-2_1.16-2ubuntu0.2_amd64.deb ...\r\nUnpacking libgssapi-krb5-2:amd64 (1.16-2ubuntu0.2) ...\r\nSelecting previously unselected package libpsl5:amd64.\r\nPreparing to unpack .../024-libpsl5_0.19.1-5build1_amd64.deb ...\r\nUnpacking libpsl5:amd64 (0.19.1-5build1) ...\r\nSelecting previously unselected package libssl1.0.0:amd64.\r\nPreparing to unpack .../025-libssl1.0.0_1.0.2n-1ubuntu5.10_amd64.deb ...\r\nUnpacking libssl1.0.0:amd64 (1.0.2n-1ubuntu5.10) ...\r\nSelecting previously unselected package libxmuu1:amd64.\r\nPreparing to unpack .../026-libxmuu1_2%3a1.1.2-2_amd64.deb ...\r\nUnpacking libxmuu1:amd64 (2:1.1.2-2) ...\r\nSelecting previously unselected package manpages.\r\nPreparing to unpack .../027-manpages_4.15-1_all.deb ...\r\nUnpacking manpages (4.15-1) ...\r\nSelecting previously unselected package openssh-client.\r\nPreparing to unpack .../028-openssh-client_1%3a7.6p1-4ubuntu0.7_amd64.deb ...\r\nUnpacking openssh-client (1:7.6p1-4ubuntu0.7) ...\r\nSelecting previously unselected package publicsuffix.\r\nPreparing to unpack .../029-publicsuffix_20180223.1310-1_all.deb ...\r\nUnpacking publicsuffix (20180223.1310-1) ...\r\nSelecting previously unselected package xauth.\r\nPreparing to unpack .../030-xauth_1%3a1.0.10-1_amd64.deb ...\r\nUnpacking xauth (1:1.0.10-1) ...\r\nSelecting previously unselected package binutils-common:amd64.\r\nPreparing to unpack .../031-binutils-common_2.30-21ubuntu1~18.04.8_amd64.deb ...\r\nUnpacking binutils-common:amd64 (2.30-21ubuntu1~18.04.8) ...\r\nSelecting previously unselected package libbinutils:amd64.\r\nPreparing to unpack .../032-libbinutils_2.30-21ubuntu1~18.04.8_amd64.deb ...\r\nUnpacking libbinutils:amd64 (2.30-21ubuntu1~18.04.8) ...\r\nSelecting previously unselected package binutils-x86-64-linux-gnu.\r\nPreparing to unpack .../033-binutils-x86-64-linux-gnu_2.30-21ubuntu1~18.04.8_amd64.deb ...\r\nUnpacking binutils-x86-64-linux-gnu (2.30-21ubuntu1~18.04.8) ...\r\nSelecting previously unselected package binutils.\r\nPreparing to unpack .../034-binutils_2.30-21ubuntu1~18.04.8_amd64.deb ...\r\nUnpacking binutils (2.30-21ubuntu1~18.04.8) ...\r\nSelecting previously unselected package libc-dev-bin.\r\nPreparing to unpack .../035-libc-dev-bin_2.27-3ubuntu1.6_amd64.deb ...\r\nUnpacking libc-dev-bin (2.27-3ubuntu1.6) ...\r\nSelecting previously unselected package linux-libc-dev:amd64.\r\nPreparing to unpack .../036-linux-libc-dev_4.15.0-200.211_amd64.deb ...\r\nUnpacking linux-libc-dev:amd64 (4.15.0-200.211) ...\r\nSelecting previously unselected package libc6-dev:amd64.\r\nPreparing to unpack .../037-libc6-dev_2.27-3ubuntu1.6_amd64.deb ...\r\nUnpacking libc6-dev:amd64 (2.27-3ubuntu1.6) ...\r\nSelecting previously unselected package gcc-7-base:amd64.\r\nPreparing to unpack .../038-gcc-7-base_7.5.0-3ubuntu1~18.04_amd64.deb ...\r\nUnpacking gcc-7-base:amd64 (7.5.0-3ubuntu1~18.04) ...\r\nSelecting previously unselected package libisl19:amd64.\r\nPreparing to unpack .../039-libisl19_0.19-1_amd64.deb ...\r\nUnpacking libisl19:amd64 (0.19-1) ...\r\nSelecting previously unselected package libmpfr6:amd64.\r\nPreparing to unpack .../040-libmpfr6_4.0.1-1_amd64.deb ...\r\nUnpacking libmpfr6:amd64 (4.0.1-1) ...\r\nSelecting previously unselected package libmpc3:amd64.\r\nPreparing to unpack .../041-libmpc3_1.1.0-1_amd64.deb ...\r\nUnpacking libmpc3:amd64 (1.1.0-1) ...\r\nSelecting previously unselected package cpp-7.\r\nPreparing to unpack .../042-cpp-7_7.5.0-3ubuntu1~18.04_amd64.deb ...\r\nUnpacking cpp-7 (7.5.0-3ubuntu1~18.04) ...\r\nSelecting previously unselected package cpp.\r\nPreparing to unpack .../043-cpp_4%3a7.4.0-1ubuntu2.3_amd64.deb ...\r\nUnpacking cpp (4:7.4.0-1ubuntu2.3) ...\r\nSelecting previously unselected package libcc1-0:amd64.\r\nPreparing to unpack .../044-libcc1-0_8.4.0-1ubuntu1~18.04_amd64.deb ...\r\nUnpacking libcc1-0:amd64 (8.4.0-1ubuntu1~18.04) ...\r\nSelecting previously unselected package libgomp1:amd64.\r\nPreparing to unpack .../045-libgomp1_8.4.0-1ubuntu1~18.04_amd64.deb ...\r\nUnpacking libgomp1:amd64 (8.4.0-1ubuntu1~18.04) ...\r\nSelecting previously unselected package libitm1:amd64.\r\nPreparing to unpack .../046-libitm1_8.4.0-1ubuntu1~18.04_amd64.deb ...\r\nUnpacking libitm1:amd64 (8.4.0-1ubuntu1~18.04) ...\r\nSelecting previously unselected package libatomic1:amd64.\r\nPreparing to unpack .../047-libatomic1_8.4.0-1ubuntu1~18.04_amd64.deb ...\r\nUnpacking libatomic1:amd64 (8.4.0-1ubuntu1~18.04) ...\r\nSelecting previously unselected package libasan4:amd64.\r\nPreparing to unpack .../048-libasan4_7.5.0-3ubuntu1~18.04_amd64.deb ...\r\nUnpacking libasan4:amd64 (7.5.0-3ubuntu1~18.04) ...\r\nSelecting previously unselected package liblsan0:amd64.\r\nPreparing to unpack .../049-liblsan0_8.4.0-1ubuntu1~18.04_amd64.deb ...\r\nUnpacking liblsan0:amd64 (8.4.0-1ubuntu1~18.04) ...\r\nSelecting previously unselected package libtsan0:amd64.\r\nPreparing to unpack .../050-libtsan0_8.4.0-1ubuntu1~18.04_amd64.deb ...\r\nUnpacking libtsan0:amd64 (8.4.0-1ubuntu1~18.04) ...\r\nSelecting previously unselected package libubsan0:amd64.\r\nPreparing to unpack .../051-libubsan0_7.5.0-3ubuntu1~18.04_amd64.deb ...\r\nUnpacking libubsan0:amd64 (7.5.0-3ubuntu1~18.04) ...\r\nSelecting previously unselected package libcilkrts5:amd64.\r\nPreparing to unpack .../052-libcilkrts5_7.5.0-3ubuntu1~18.04_amd64.deb ...\r\nUnpacking libcilkrts5:amd64 (7.5.0-3ubuntu1~18.04) ...\r\nSelecting previously unselected package libmpx2:amd64.\r\nPreparing to unpack .../053-libmpx2_8.4.0-1ubuntu1~18.04_amd64.deb ...\r\nUnpacking libmpx2:amd64 (8.4.0-1ubuntu1~18.04) ...\r\nSelecting previously unselected package libquadmath0:amd64.\r\nPreparing to unpack .../054-libquadmath0_8.4.0-1ubuntu1~18.04_amd64.deb ...\r\nUnpacking libquadmath0:amd64 (8.4.0-1ubuntu1~18.04) ...\r\nSelecting previously unselected package libgcc-7-dev:amd64.\r\nPreparing to unpack .../055-libgcc-7-dev_7.5.0-3ubuntu1~18.04_amd64.deb ...\r\nUnpacking libgcc-7-dev:amd64 (7.5.0-3ubuntu1~18.04) ...\r\nSelecting previously unselected package gcc-7.\r\nPreparing to unpack .../056-gcc-7_7.5.0-3ubuntu1~18.04_amd64.deb ...\r\nUnpacking gcc-7 (7.5.0-3ubuntu1~18.04) ...\r\nSelecting previously unselected package gcc.\r\nPreparing to unpack .../057-gcc_4%3a7.4.0-1ubuntu2.3_amd64.deb ...\r\nUnpacking gcc (4:7.4.0-1ubuntu2.3) ...\r\nSelecting previously unselected package libstdc++-7-dev:amd64.\r\nPreparing to unpack .../058-libstdc++-7-dev_7.5.0-3ubuntu1~18.04_amd64.deb ...\r\nUnpacking libstdc++-7-dev:amd64 (7.5.0-3ubuntu1~18.04) ...\r\nSelecting previously unselected package g++-7.\r\nPreparing to unpack .../059-g++-7_7.5.0-3ubuntu1~18.04_amd64.deb ...\r\nUnpacking g++-7 (7.5.0-3ubuntu1~18.04) ...\r\nSelecting previously unselected package g++.\r\nPreparing to unpack .../060-g++_4%3a7.4.0-1ubuntu2.3_amd64.deb ...\r\nUnpacking g++ (4:7.4.0-1ubuntu2.3) ...\r\nSelecting previously unselected package make.\r\nPreparing to unpack .../061-make_4.1-9.1ubuntu1_amd64.deb ...\r\nUnpacking make (4.1-9.1ubuntu1) ...\r\nSelecting previously unselected package libdpkg-perl.\r\nPreparing to unpack .../062-libdpkg-perl_1.19.0.5ubuntu2.4_all.deb ...\r\nUnpacking libdpkg-perl (1.19.0.5ubuntu2.4) ...\r\nSelecting previously unselected package patch.\r\nPreparing to unpack .../063-patch_2.7.6-2ubuntu1.1_amd64.deb ...\r\nUnpacking patch (2.7.6-2ubuntu1.1) ...\r\nSelecting previously unselected package dpkg-dev.\r\nPreparing to unpack .../064-dpkg-dev_1.19.0.5ubuntu2.4_all.deb ...\r\nUnpacking dpkg-dev (1.19.0.5ubuntu2.4) ...\r\nSelecting previously unselected package build-essential.\r\nPreparing to unpack .../065-build-essential_12.4ubuntu1_amd64.deb ...\r\nUnpacking build-essential (12.4ubuntu1) ...\r\nSelecting previously unselected package libassuan0:amd64.\r\nPreparing to unpack .../066-libassuan0_2.5.1-2_amd64.deb ...\r\nUnpacking libassuan0:amd64 (2.5.1-2) ...\r\nSelecting previously unselected package gpgconf.\r\nPreparing to unpack .../067-gpgconf_2.2.4-1ubuntu1.6_amd64.deb ...\r\nUnpacking gpgconf (2.2.4-1ubuntu1.6) ...\r\nSelecting previously unselected package libksba8:amd64.\r\nPreparing to unpack .../068-libksba8_1.3.5-2ubuntu0.18.04.1_amd64.deb ...\r\nUnpacking libksba8:amd64 (1.3.5-2ubuntu0.18.04.1) ...\r\nSelecting previously unselected package libroken18-heimdal:amd64.\r\nPreparing to unpack .../069-libroken18-heimdal_7.5.0+dfsg-1ubuntu0.2_amd64.deb ...\r\nUnpacking libroken18-heimdal:amd64 (7.5.0+dfsg-1ubuntu0.2) ...\r\nSelecting previously unselected package libasn1-8-heimdal:amd64.\r\nPreparing to unpack .../070-libasn1-8-heimdal_7.5.0+dfsg-1ubuntu0.2_amd64.deb ...\r\nUnpacking libasn1-8-heimdal:amd64 (7.5.0+dfsg-1ubuntu0.2) ...\r\nSelecting previously unselected package libheimbase1-heimdal:amd64.\r\nPreparing to unpack .../071-libheimbase1-heimdal_7.5.0+dfsg-1ubuntu0.2_amd64.deb ...\r\nUnpacking libheimbase1-heimdal:amd64 (7.5.0+dfsg-1ubuntu0.2) ...\r\nSelecting previously unselected package libhcrypto4-heimdal:amd64.\r\nPreparing to unpack .../072-libhcrypto4-heimdal_7.5.0+dfsg-1ubuntu0.2_amd64.deb ...\r\nUnpacking libhcrypto4-heimdal:amd64 (7.5.0+dfsg-1ubuntu0.2) ...\r\nSelecting previously unselected package libwind0-heimdal:amd64.\r\nPreparing to unpack .../073-libwind0-heimdal_7.5.0+dfsg-1ubuntu0.2_amd64.deb ...\r\nUnpacking libwind0-heimdal:amd64 (7.5.0+dfsg-1ubuntu0.2) ...\r\nSelecting previously unselected package libhx509-5-heimdal:amd64.\r\nPreparing to unpack .../074-libhx509-5-heimdal_7.5.0+dfsg-1ubuntu0.2_amd64.deb ...\r\nUnpacking libhx509-5-heimdal:amd64 (7.5.0+dfsg-1ubuntu0.2) ...\r\nSelecting previously unselected package libkrb5-26-heimdal:amd64.\r\nPreparing to unpack .../075-libkrb5-26-heimdal_7.5.0+dfsg-1ubuntu0.2_amd64.deb ...\r\nUnpacking libkrb5-26-heimdal:amd64 (7.5.0+dfsg-1ubuntu0.2) ...\r\nSelecting previously unselected package libheimntlm0-heimdal:amd64.\r\nPreparing to unpack .../076-libheimntlm0-heimdal_7.5.0+dfsg-1ubuntu0.2_amd64.deb ...\r\nUnpacking libheimntlm0-heimdal:amd64 (7.5.0+dfsg-1ubuntu0.2) ...\r\nSelecting previously unselected package libgssapi3-heimdal:amd64.\r\nPreparing to unpack .../077-libgssapi3-heimdal_7.5.0+dfsg-1ubuntu0.2_amd64.deb ...\r\nUnpacking libgssapi3-heimdal:amd64 (7.5.0+dfsg-1ubuntu0.2) ...\r\nSelecting previously unselected package libsasl2-modules-db:amd64.\r\nPreparing to unpack .../078-libsasl2-modules-db_2.1.27~101-g0780600+dfsg-3ubuntu2.4_amd64.deb ...\r\nUnpacking libsasl2-modules-db:amd64 (2.1.27~101-g0780600+dfsg-3ubuntu2.4) ...\r\nSelecting previously unselected package libsasl2-2:amd64.\r\nPreparing to unpack .../079-libsasl2-2_2.1.27~101-g0780600+dfsg-3ubuntu2.4_amd64.deb ...\r\nUnpacking libsasl2-2:amd64 (2.1.27~101-g0780600+dfsg-3ubuntu2.4) ...\r\nSelecting previously unselected package libldap-common.\r\nPreparing to unpack .../080-libldap-common_2.4.45+dfsg-1ubuntu1.11_all.deb ...\r\nUnpacking libldap-common (2.4.45+dfsg-1ubuntu1.11) ...\r\nSelecting previously unselected package libldap-2.4-2:amd64.\r\nPreparing to unpack .../081-libldap-2.4-2_2.4.45+dfsg-1ubuntu1.11_amd64.deb ...\r\nUnpacking libldap-2.4-2:amd64 (2.4.45+dfsg-1ubuntu1.11) ...\r\nSelecting previously unselected package libnpth0:amd64.\r\nPreparing to unpack .../082-libnpth0_1.5-3_amd64.deb ...\r\nUnpacking libnpth0:amd64 (1.5-3) ...\r\nSelecting previously unselected package dirmngr.\r\nPreparing to unpack .../083-dirmngr_2.2.4-1ubuntu1.6_amd64.deb ...\r\nUnpacking dirmngr (2.2.4-1ubuntu1.6) ...\r\nSelecting previously unselected package libfakeroot:amd64.\r\nPreparing to unpack .../084-libfakeroot_1.22-2ubuntu1_amd64.deb ...\r\nUnpacking libfakeroot:amd64 (1.22-2ubuntu1) ...\r\nSelecting previously unselected package fakeroot.\r\nPreparing to unpack .../085-fakeroot_1.22-2ubuntu1_amd64.deb ...\r\nUnpacking fakeroot (1.22-2ubuntu1) ...\r\nSelecting previously unselected package libnghttp2-14:amd64.\r\nPreparing to unpack .../086-libnghttp2-14_1.30.0-1ubuntu1_amd64.deb ...\r\nUnpacking libnghttp2-14:amd64 (1.30.0-1ubuntu1) ...\r\nSelecting previously unselected package librtmp1:amd64.\r\nPreparing to unpack .../087-librtmp1_2.4+20151223.gitfa8646d.1-1_amd64.deb ...\r\nUnpacking librtmp1:amd64 (2.4+20151223.gitfa8646d.1-1) ...\r\nSelecting previously unselected package libcurl3-gnutls:amd64.\r\nPreparing to unpack .../088-libcurl3-gnutls_7.58.0-2ubuntu3.21_amd64.deb ...\r\nUnpacking libcurl3-gnutls:amd64 (7.58.0-2ubuntu3.21) ...\r\nSelecting previously unselected package liberror-perl.\r\nPreparing to unpack .../089-liberror-perl_0.17025-1_all.deb ...\r\nUnpacking liberror-perl (0.17025-1) ...\r\nSelecting previously unselected package git-man.\r\nPreparing to unpack .../090-git-man_1%3a2.17.1-1ubuntu0.13_all.deb ...\r\nUnpacking git-man (1:2.17.1-1ubuntu0.13) ...\r\nSelecting previously unselected package git.\r\nPreparing to unpack .../091-git_1%3a2.17.1-1ubuntu0.13_amd64.deb ...\r\nUnpacking git (1:2.17.1-1ubuntu0.13) ...\r\nSelecting previously unselected package gnupg-l10n.\r\nPreparing to unpack .../092-gnupg-l10n_2.2.4-1ubuntu1.6_all.deb ...\r\nUnpacking gnupg-l10n (2.2.4-1ubuntu1.6) ...\r\nSelecting previously unselected package gnupg-utils.\r\nPreparing to unpack .../093-gnupg-utils_2.2.4-1ubuntu1.6_amd64.deb ...\r\nUnpacking gnupg-utils (2.2.4-1ubuntu1.6) ...\r\nSelecting previously unselected package gpg.\r\nPreparing to unpack .../094-gpg_2.2.4-1ubuntu1.6_amd64.deb ...\r\nUnpacking gpg (2.2.4-1ubuntu1.6) ...\r\nSelecting previously unselected package pinentry-curses.\r\nPreparing to unpack .../095-pinentry-curses_1.1.0-1_amd64.deb ...\r\nUnpacking pinentry-curses (1.1.0-1) ...\r\nSelecting previously unselected package gpg-agent.\r\nPreparing to unpack .../096-gpg-agent_2.2.4-1ubuntu1.6_amd64.deb ...\r\nUnpacking gpg-agent (2.2.4-1ubuntu1.6) ...\r\nSelecting previously unselected package gpg-wks-client.\r\nPreparing to unpack .../097-gpg-wks-client_2.2.4-1ubuntu1.6_amd64.deb ...\r\nUnpacking gpg-wks-client (2.2.4-1ubuntu1.6) ...\r\nSelecting previously unselected package gpg-wks-server.\r\nPreparing to unpack .../098-gpg-wks-server_2.2.4-1ubuntu1.6_amd64.deb ...\r\nUnpacking gpg-wks-server (2.2.4-1ubuntu1.6) ...\r\nSelecting previously unselected package gpgsm.\r\nPreparing to unpack .../099-gpgsm_2.2.4-1ubuntu1.6_amd64.deb ...\r\nUnpacking gpgsm (2.2.4-1ubuntu1.6) ...\r\nSelecting previously unselected package gnupg.\r\nPreparing to unpack .../100-gnupg_2.2.4-1ubuntu1.6_amd64.deb ...\r\nUnpacking gnupg (2.2.4-1ubuntu1.6) ...\r\nSelecting previously unselected package libalgorithm-diff-perl.\r\nPreparing to unpack .../101-libalgorithm-diff-perl_1.19.03-1_all.deb ...\r\nUnpacking libalgorithm-diff-perl (1.19.03-1) ...\r\nSelecting previously unselected package libalgorithm-diff-xs-perl.\r\nPreparing to unpack .../102-libalgorithm-diff-xs-perl_0.04-5_amd64.deb ...\r\nUnpacking libalgorithm-diff-xs-perl (0.04-5) ...\r\nSelecting previously unselected package libalgorithm-merge-perl.\r\nPreparing to unpack .../103-libalgorithm-merge-perl_0.08-3_all.deb ...\r\nUnpacking libalgorithm-merge-perl (0.08-3) ...\r\nSelecting previously unselected package libfile-fcntllock-perl.\r\nPreparing to unpack .../104-libfile-fcntllock-perl_0.22-3build2_amd64.deb ...\r\nUnpacking libfile-fcntllock-perl (0.22-3build2) ...\r\nSelecting previously unselected package libsasl2-modules:amd64.\r\nPreparing to unpack .../105-libsasl2-modules_2.1.27~101-g0780600+dfsg-3ubuntu2.4_amd64.deb ...\r\nUnpacking libsasl2-modules:amd64 (2.1.27~101-g0780600+dfsg-3ubuntu2.4) ...\r\nSelecting previously unselected package manpages-dev.\r\nPreparing to unpack .../106-manpages-dev_4.15-1_all.deb ...\r\nUnpacking manpages-dev (4.15-1) ...\r\nSetting up libquadmath0:amd64 (8.4.0-1ubuntu1~18.04) ...\r\nSetting up libnpth0:amd64 (1.5-3) ...\r\nSetting up libedit2:amd64 (3.1-20170329-1) ...\r\nSetting up libgomp1:amd64 (8.4.0-1ubuntu1~18.04) ...\r\nSetting up libatomic1:amd64 (8.4.0-1ubuntu1~18.04) ...\r\nSetting up readline-common (7.0-3) ...\r\nSetting up manpages (4.15-1) ...\r\nSetting up git-man (1:2.17.1-1ubuntu0.13) ...\r\nSetting up libicu60:amd64 (60.2-3ubuntu3.2) ...\r\nSetting up libcc1-0:amd64 (8.4.0-1ubuntu1~18.04) ...\r\nSetting up less (487-0.1) ...\r\ndebconf: unable to initialize frontend: Dialog\r\ndebconf: (TERM is not set, so the dialog frontend is not usable.)\r\ndebconf: falling back to frontend: Readline\r\nSetting up make (4.1-9.1ubuntu1) ...\r\nSetting up libssl1.0.0:amd64 (1.0.2n-1ubuntu5.10) ...\r\ndebconf: unable to initialize frontend: Dialog\r\ndebconf: (TERM is not set, so the dialog frontend is not usable.)\r\ndebconf: falling back to frontend: Readline\r\nSetting up libnghttp2-14:amd64 (1.30.0-1ubuntu1) ...\r\nSetting up mime-support (3.60ubuntu1) ...\r\nSetting up sudo (1.8.21p2-3ubuntu1.4) ...\r\nSetting up libldap-common (2.4.45+dfsg-1ubuntu1.11) ...\r\nSetting up libreadline7:amd64 (7.0-3) ...\r\nSetting up libpsl5:amd64 (0.19.1-5build1) ...\r\nSetting up libtsan0:amd64 (8.4.0-1ubuntu1~18.04) ...\r\nSetting up libsasl2-modules-db:amd64 (2.1.27~101-g0780600+dfsg-3ubuntu2.4) ...\r\nSetting up linux-libc-dev:amd64 (4.15.0-200.211) ...\r\nSetting up libmpfr6:amd64 (4.0.1-1) ...\r\nSetting up libsasl2-2:amd64 (2.1.27~101-g0780600+dfsg-3ubuntu2.4) ...\r\nSetting up libroken18-heimdal:amd64 (7.5.0+dfsg-1ubuntu0.2) ...\r\nSetting up libksba8:amd64 (1.3.5-2ubuntu0.18.04.1) ...\r\nSetting up librtmp1:amd64 (2.4+20151223.gitfa8646d.1-1) ...\r\nSetting up perl-modules-5.26 (5.26.1-6ubuntu0.6) ...\r\nSetting up libgdbm5:amd64 (1.14.1-6) ...\r\nSetting up libbsd0:amd64 (0.8.7-1ubuntu0.1) ...\r\nSetting up libkrb5support0:amd64 (1.16-2ubuntu0.2) ...\r\nSetting up libxml2:amd64 (2.9.4+dfsg1-6.1ubuntu1.8) ...\r\nSetting up libmagic-mgc (1:5.32-2ubuntu0.4) ...\r\nSetting up gnupg-l10n (2.2.4-1ubuntu1.6) ...\r\nSetting up libmagic1:amd64 (1:5.32-2ubuntu0.4) ...\r\nSetting up liblsan0:amd64 (8.4.0-1ubuntu1~18.04) ...\r\nSetting up gcc-7-base:amd64 (7.5.0-3ubuntu1~18.04) ...\r\nSetting up binutils-common:amd64 (2.30-21ubuntu1~18.04.8) ...\r\nSetting up libmpx2:amd64 (8.4.0-1ubuntu1~18.04) ...\r\nSetting up patch (2.7.6-2ubuntu1.1) ...\r\nSetting up krb5-locales (1.16-2ubuntu0.2) ...\r\nSetting up publicsuffix (20180223.1310-1) ...\r\nSetting up xz-utils (5.2.2-1.3ubuntu0.1) ...\r\nupdate-alternatives: using /usr/bin/xz to provide /usr/bin/lzma (lzma) in auto mode\r\nupdate-alternatives: warning: skip creation of /usr/share/man/man1/lzma.1.gz because associated file /usr/share/man/man1/xz.1.gz (of link group lzma) doesn't exist\r\nupdate-alternatives: warning: skip creation of /usr/share/man/man1/unlzma.1.gz because associated file /usr/share/man/man1/unxz.1.gz (of link group lzma) doesn't exist\r\nupdate-alternatives: warning: skip creation of /usr/share/man/man1/lzcat.1.gz because associated file /usr/share/man/man1/xzcat.1.gz (of link group lzma) doesn't exist\r\nupdate-alternatives: warning: skip creation of /usr/share/man/man1/lzmore.1.gz because associated file /usr/share/man/man1/xzmore.1.gz (of link group lzma) doesn't exist\r\nupdate-alternatives: warning: skip creation of /usr/share/man/man1/lzless.1.gz because associated file /usr/share/man/man1/xzless.1.gz (of link group lzma) doesn't exist\r\nupdate-alternatives: warning: skip creation of /usr/share/man/man1/lzdiff.1.gz because associated file /usr/share/man/man1/xzdiff.1.gz (of link group lzma) doesn't exist\r\nupdate-alternatives: warning: skip creation of /usr/share/man/man1/lzcmp.1.gz because associated file /usr/share/man/man1/xzcmp.1.gz (of link group lzma) doesn't exist\r\nupdate-alternatives: warning: skip creation of /usr/share/man/man1/lzgrep.1.gz because associated file /usr/share/man/man1/xzgrep.1.gz (of link group lzma) doesn't exist\r\nupdate-alternatives: warning: skip creation of /usr/share/man/man1/lzegrep.1.gz because associated file /usr/share/man/man1/xzegrep.1.gz (of link group lzma) doesn't exist\r\nupdate-alternatives: warning: skip creation of /usr/share/man/man1/lzfgrep.1.gz because associated file /usr/share/man/man1/xzfgrep.1.gz (of link group lzma) doesn't exist\r\nSetting up libheimbase1-heimdal:amd64 (7.5.0+dfsg-1ubuntu0.2) ...\r\nSetting up libfakeroot:amd64 (1.22-2ubuntu1) ...\r\nSetting up openssl (1.1.1-1ubuntu2.1~18.04.20) ...\r\nSetting up libsqlite3-0:amd64 (3.22.0-1ubuntu0.7) ...\r\nSetting up liblocale-gettext-perl (1.07-3build2) ...\r\nSetting up libmpc3:amd64 (1.1.0-1) ...\r\nSetting up libc-dev-bin (2.27-3ubuntu1.6) ...\r\nSetting up libxdmcp6:amd64 (1:1.1.2-3) ...\r\nSetting up libgdbm-compat4:amd64 (1.14.1-6) ...\r\nSetting up libkeyutils1:amd64 (1.5.9-9.2ubuntu2.1) ...\r\nSetting up libsasl2-modules:amd64 (2.1.27~101-g0780600+dfsg-3ubuntu2.4) ...\r\nSetting up ca-certificates (20211016ubuntu0.18.04.1) ...\r\ndebconf: unable to initialize frontend: Dialog\r\ndebconf: (TERM is not set, so the dialog frontend is not usable.)\r\ndebconf: falling back to frontend: Readline\r\nUpdating certificates in /etc/ssl/certs...\r\n124 added, 0 removed; done.\r\nSetting up manpages-dev (4.15-1) ...\r\nSetting up libc6-dev:amd64 (2.27-3ubuntu1.6) ...\r\nSetting up libassuan0:amd64 (2.5.1-2) ...\r\nSetting up libitm1:amd64 (8.4.0-1ubuntu1~18.04) ...\r\nSetting up libx11-data (2:1.6.4-3ubuntu0.4) ...\r\nSetting up libxau6:amd64 (1:1.0.8-1ubuntu1) ...\r\nSetting up libmpdec2:amd64 (2.4.2-1ubuntu1) ...\r\nSetting up netbase (5.4) ...\r\nSetting up libisl19:amd64 (0.19-1) ...\r\nSetting up libpython3.6-stdlib:amd64 (3.6.9-1~18.04ubuntu1.9) ...\r\nSetting up libk5crypto3:amd64 (1.16-2ubuntu0.2) ...\r\nSetting up python3.6 (3.6.9-1~18.04ubuntu1.9) ...\r\nSetting up libwind0-heimdal:amd64 (7.5.0+dfsg-1ubuntu0.2) ...\r\nSetting up libasan4:amd64 (7.5.0-3ubuntu1~18.04) ...\r\nSetting up libbinutils:amd64 (2.30-21ubuntu1~18.04.8) ...\r\nSetting up libcilkrts5:amd64 (7.5.0-3ubuntu1~18.04) ...\r\nSetting up libasn1-8-heimdal:amd64 (7.5.0+dfsg-1ubuntu0.2) ...\r\nSetting up libubsan0:amd64 (7.5.0-3ubuntu1~18.04) ...\r\nSetting up gpgconf (2.2.4-1ubuntu1.6) ...\r\nSetting up libhcrypto4-heimdal:amd64 (7.5.0+dfsg-1ubuntu0.2) ...\r\nSetting up file (1:5.32-2ubuntu0.4) ...\r\nSetting up fakeroot (1.22-2ubuntu1) ...\r\nupdate-alternatives: using /usr/bin/fakeroot-sysv to provide /usr/bin/fakeroot (fakeroot) in auto mode\r\nupdate-alternatives: warning: skip creation of /usr/share/man/man1/fakeroot.1.gz because associated file /usr/share/man/man1/fakeroot-sysv.1.gz (of link group fakeroot) doesn't exist\r\nupdate-alternatives: warning: skip creation of /usr/share/man/man1/faked.1.gz because associated file /usr/share/man/man1/faked-sysv.1.gz (of link group fakeroot) doesn't exist\r\nupdate-alternatives: warning: skip creation of /usr/share/man/es/man1/fakeroot.1.gz because associated file /usr/share/man/es/man1/fakeroot-sysv.1.gz (of link group fakeroot) doesn't exist\r\nupdate-alternatives: warning: skip creation of /usr/share/man/es/man1/faked.1.gz because associated file /usr/share/man/es/man1/faked-sysv.1.gz (of link group fakeroot) doesn't exist\r\nupdate-alternatives: warning: skip creation of /usr/share/man/fr/man1/fakeroot.1.gz because associated file /usr/share/man/fr/man1/fakeroot-sysv.1.gz (of link group fakeroot) doesn't exist\r\nupdate-alternatives: warning: skip creation of /usr/share/man/fr/man1/faked.1.gz because associated file /usr/share/man/fr/man1/faked-sysv.1.gz (of link group fakeroot) doesn't exist\r\nupdate-alternatives: warning: skip creation of /usr/share/man/sv/man1/fakeroot.1.gz because associated file /usr/share/man/sv/man1/fakeroot-sysv.1.gz (of link group fakeroot) doesn't exist\r\nupdate-alternatives: warning: skip creation of /usr/share/man/sv/man1/faked.1.gz because associated file /usr/share/man/sv/man1/faked-sysv.1.gz (of link group fakeroot) doesn't exist\r\nSetting up libhx509-5-heimdal:amd64 (7.5.0+dfsg-1ubuntu0.2) ...\r\nSetting up libgcc-7-dev:amd64 (7.5.0-3ubuntu1~18.04) ...\r\nSetting up cpp-7 (7.5.0-3ubuntu1~18.04) ...\r\nSetting up libstdc++-7-dev:amd64 (7.5.0-3ubuntu1~18.04) ...\r\nSetting up libperl5.26:amd64 (5.26.1-6ubuntu0.6) ...\r\nSetting up gpgsm (2.2.4-1ubuntu1.6) ...\r\nSetting up gnupg-utils (2.2.4-1ubuntu1.6) ...\r\nSetting up pinentry-curses (1.1.0-1) ...\r\nSetting up libkrb5-3:amd64 (1.16-2ubuntu0.2) ...\r\nSetting up libkrb5-26-heimdal:amd64 (7.5.0+dfsg-1ubuntu0.2) ...\r\nSetting up libxcb1:amd64 (1.13-2~ubuntu18.04) ...\r\nSetting up libheimntlm0-heimdal:amd64 (7.5.0+dfsg-1ubuntu0.2) ...\r\nSetting up gpg (2.2.4-1ubuntu1.6) ...\r\nSetting up binutils-x86-64-linux-gnu (2.30-21ubuntu1~18.04.8) ...\r\nSetting up libpython3-stdlib:amd64 (3.6.7-1~18.04) ...\r\nSetting up cpp (4:7.4.0-1ubuntu2.3) ...\r\nSetting up python3 (3.6.7-1~18.04) ...\r\nrunning python rtupdate hooks for python3.6...\r\nrunning python post-rtupdate hooks for python3.6...\r\nSetting up libx11-6:amd64 (2:1.6.4-3ubuntu0.4) ...\r\nSetting up gpg-agent (2.2.4-1ubuntu1.6) ...\r\nSetting up gpg-wks-server (2.2.4-1ubuntu1.6) ...\r\nSetting up libxmuu1:amd64 (2:1.1.2-2) ...\r\nSetting up libgssapi-krb5-2:amd64 (1.16-2ubuntu0.2) ...\r\nSetting up perl (5.26.1-6ubuntu0.6) ...\r\nSetting up libfile-fcntllock-perl (0.22-3build2) ...\r\nSetting up libalgorithm-diff-perl (1.19.03-1) ...\r\nSetting up binutils (2.30-21ubuntu1~18.04.8) ...\r\nSetting up libgssapi3-heimdal:amd64 (7.5.0+dfsg-1ubuntu0.2) ...\r\nSetting up openssh-client (1:7.6p1-4ubuntu0.7) ...\r\nSetting up libxext6:amd64 (2:1.3.3-1) ...\r\nSetting up gcc-7 (7.5.0-3ubuntu1~18.04) ...\r\nSetting up liberror-perl (0.17025-1) ...\r\nSetting up g++-7 (7.5.0-3ubuntu1~18.04) ...\r\nSetting up libdpkg-perl (1.19.0.5ubuntu2.4) ...\r\nSetting up gcc (4:7.4.0-1ubuntu2.3) ...\r\nSetting up xauth (1:1.0.10-1) ...\r\nSetting up libalgorithm-merge-perl (0.08-3) ...\r\nSetting up dpkg-dev (1.19.0.5ubuntu2.4) ...\r\nSetting up libalgorithm-diff-xs-perl (0.04-5) ...\r\nSetting up libldap-2.4-2:amd64 (2.4.45+dfsg-1ubuntu1.11) ...\r\nSetting up g++ (4:7.4.0-1ubuntu2.3) ...\r\nupdate-alternatives: using /usr/bin/g++ to provide /usr/bin/c++ (c++) in auto mode\r\nupdate-alternatives: warning: skip creation of /usr/share/man/man1/c++.1.gz because associated file /usr/share/man/man1/g++.1.gz (of link group c++) doesn't exist\r\nSetting up dirmngr (2.2.4-1ubuntu1.6) ...\r\nSetting up build-essential (12.4ubuntu1) ...\r\nSetting up libcurl3-gnutls:amd64 (7.58.0-2ubuntu3.21) ...\r\nSetting up gpg-wks-client (2.2.4-1ubuntu1.6) ...\r\nSetting up git (1:2.17.1-1ubuntu0.13) ...\r\nSetting up gnupg (2.2.4-1ubuntu1.6) ...\r\nProcessing triggers for libc-bin (2.27-3ubuntu1.6) ...\r\nProcessing triggers for ca-certificates (20211016ubuntu0.18.04.1) ...\r\nUpdating certificates in /etc/ssl/certs...\r\n0 added, 0 removed; done.\r\nRunning hooks in /etc/ca-certificates/update.d...\r\ndone.\r\nupdate-alternatives: using /usr/bin/python3 to provide /usr/bin/python (python) in auto mode\nRemoving intermediate container 1d9fbaef6908\n ---> e644675a6409\nStep 4/11 : WORKDIR /src\n ---> Running in 188a11bf8491\nRemoving intermediate container 188a11bf8491\n ---> dd60681426f8\nStep 5/11 : COPY . .\n ---> e4e4d3f2cfe7\nStep 6/11 : ENV PREFIX /usr/local\n ---> Running in 9caa2363e73c\nRemoving intermediate container 9caa2363e73c\n ---> 4005e26cd851\nStep 7/11 : RUN make test\n ---> Running in 8bfe634a1752\n\u001b[91mExtracting Bazel installation...\n\u001b[0m\u001b[91mStarting local Bazel server and connecting to it...\n\u001b[0m\u001b[91mLoading: \n\u001b[0m\u001b[91mLoading: 0 packages loaded\n\u001b[0m\u001b[91mAnalyzing: target //src:unit-tests (1 packages loaded, 0 targets configured)\n\u001b[0m\u001b[91mAnalyzing: target //src:unit-tests (1 packages loaded, 0 targets configured)\n\u001b[0m\u001b[91mAnalyzing: target //src:unit-tests (11 packages loaded, 19 targets configured)\n\u001b[0m\u001b[91mAnalyzing: target //src:unit-tests (22 packages loaded, 173 targets configured)\n\u001b[0m\u001b[91mAnalyzing: target //src:unit-tests (24 packages loaded, 365 targets configured)\n\u001b[0m\u001b[91mAnalyzing: target //src:unit-tests (25 packages loaded, 392 targets configured)\n\u001b[0m\u001b[91mAnalyzing: target //src:unit-tests (25 packages loaded, 392 targets configured)\n\u001b[0m\u001b[91mAnalyzing: target //src:unit-tests (25 packages loaded, 392 targets configured)\n\u001b[0m\u001b[91mINFO: Analyzed target //src:unit-tests (26 packages loaded, 530 targets configured).\n\u001b[0m\u001b[91mINFO: Found 1 test target...\n\u001b[0m\u001b[91m[0 / 39] [Prepa] Writing file external/com_google_googletest/libgtest_main.so-2.params\n\u001b[0m\u001b[91m[24 / 39] Compiling googlemock/src/gmock-spec-builders.cc; 1s processwrapper-sandbox ... (11 actions, 10 running)\n\u001b[0m\u001b[91m[35 / 39] Compiling googletest/src/gtest.cc; 3s processwrapper-sandbox\n\u001b[0m\u001b[91m[39 / 40] Testing //src:unit-tests; 1s processwrapper-sandbox\n\u001b[0m\u001b[91m[39 / 40] Testing //src:unit-tests; 3s processwrapper-sandbox\n\u001b[0m\u001b[91mINFO: From Testing //src:unit-tests:\n\u001b[0m==================== Test output for //src:unit-tests:\nRunning main() from gmock_main.cc\n[==========] Running 23 tests from 7 test suites.\n[----------] Global test environment set-up.\n[----------] 2 tests from Alignment\n[ RUN      ] Alignment.NaturalAlignment\n[       OK ] Alignment.NaturalAlignment (1866 ms)\n[ RUN      ] Alignment.NonOverlapping\n[       OK ] Alignment.NonOverlapping (0 ms)\n[----------] 2 tests from Alignment (1866 ms total)\n\n[----------] 11 tests from BitmapTest\n[ RUN      ] BitmapTest.RepresentationSize\n[       OK ] BitmapTest.RepresentationSize (0 ms)\n[ RUN      ] BitmapTest.LowestSetBitAt\n[       OK ] BitmapTest.LowestSetBitAt (0 ms)\n[ RUN      ] BitmapTest.HighestSetBitAt\n[       OK ] BitmapTest.HighestSetBitAt (0 ms)\n[ RUN      ] BitmapTest.SetAndExchangeAll\n[       OK ] BitmapTest.SetAndExchangeAll (0 ms)\n[ RUN      ] BitmapTest.SetAll\n[       OK ] BitmapTest.SetAll (0 ms)\n[ RUN      ] BitmapTest.SetGet\n[       OK ] BitmapTest.SetGet (79 ms)\n[ RUN      ] BitmapTest.SetGetRelaxed\n[       OK ] BitmapTest.SetGetRelaxed (1370 ms)\n[ RUN      ] BitmapTest.Builtins\n[       OK ] BitmapTest.Builtins (0 ms)\n[ RUN      ] BitmapTest.Iter\n[       OK ] BitmapTest.Iter (0 ms)\n[ RUN      ] BitmapTest.Iter2\n[       OK ] BitmapTest.Iter2 (0 ms)\n[ RUN      ] BitmapTest.SetHalf\n[       OK ] BitmapTest.SetHalf (0 ms)\n[----------] 11 tests from BitmapTest (1450 ms total)\n\n[----------] 2 tests from ConcurrentMeshTest\n[ RUN      ] ConcurrentMeshTest.TryMesh\n[       OK ] ConcurrentMeshTest.TryMesh (5 ms)\n[ RUN      ] ConcurrentMeshTest.TryMeshInverse\n[       OK ] ConcurrentMeshTest.TryMeshInverse (14 ms)\n[----------] 2 tests from ConcurrentMeshTest (19 ms total)\n\n[----------] 2 tests from MeshTest\n[ RUN      ] MeshTest.TryMesh\n[       OK ] MeshTest.TryMesh (0 ms)\n[ RUN      ] MeshTest.TryMeshInverse\n[       OK ] MeshTest.TryMeshInverse (0 ms)\n[----------] 2 tests from MeshTest (1 ms total)\n\n[----------] 1 test from RNG\n[ RUN      ] RNG.MWCRange\n[       OK ] RNG.MWCRange (0 ms)\n[----------] 1 test from RNG (0 ms total)\n\n[----------] 4 tests from SizeClass\n[ RUN      ] SizeClass.MinObjectSize\n[       OK ] SizeClass.MinObjectSize (0 ms)\n[ RUN      ] SizeClass.SmallClasses\n[       OK ] SizeClass.SmallClasses (0 ms)\n[ RUN      ] SizeClass.PowerOfTwo\n[       OK ] SizeClass.PowerOfTwo (0 ms)\n[ RUN      ] SizeClass.Reciprocal\n[       OK ] SizeClass.Reciprocal (0 ms)\n[----------] 4 tests from SizeClass (0 ms total)\n\n[----------] 1 test from TripleMeshTest\n[ RUN      ] TripleMeshTest.MeshAll\n[       OK ] TripleMeshTest.MeshAll (119 ms)\n[----------] 1 test from TripleMeshTest (119 ms total)\n\n[----------] Global test environment tear-down\n[==========] 23 tests from 7 test suites ran. (3459 ms total)\n[  PASSED  ] 23 tests.\n================================================================================\n\u001b[91mTarget //src:unit-tests up-to-date:\n\u001b[0m\u001b[91m  bazel-bin/src/unit-tests\n\u001b[0m\u001b[91mINFO: Elapsed time: 45.296s, Critical Path: 8.12s\nINFO: 40 processes: 8 internal, 32 processwrapper-sandbox.\n\u001b[0m\u001b[91mINFO: Build completed successfully, 40 total actions\n\u001b[0m//src:unit-tests                                                         PASSED in 3.9s\n\nExecuted 1 out of 1 test: 1 test passes.\nThere were tests whose specified size is too big. Use the --test_verbose_timeout_warnings command line option to see which ones these are.\n\u001b[91mINFO: Build completed successfully, 40 total actions\n\u001b[0m\u001b[91mDownloading https://releases.bazel.build/4.2.1/release/bazel-4.2.1-linux-x86_64...\n\u001b[0mRemoving intermediate container 8bfe634a1752\n ---> 0bc6a07eedd2\nStep 8/11 : RUN support/install_all_configs\n ---> Running in 8a102ef10517\nbuilding ' --config=disable-randomization  '\n./bazel test --config=disable-randomization  //src:unit-tests --test_output=all --action_env=\"GTEST_COLOR=1\"\n\u001b[91mStarting local Bazel server and connecting to it...\n\u001b[0m\u001b[91mLoading: \n\u001b[0m\u001b[91mLoading: 0 packages loaded\n\u001b[0m\u001b[91mAnalyzing: target //src:unit-tests (1 packages loaded, 0 targets configured)\n\u001b[0m\u001b[91mINFO: Analyzed target //src:unit-tests (26 packages loaded, 530 targets configured).\n\u001b[0m\u001b[91mINFO: Found 1 test target...\n\u001b[0m\u001b[91m[1 / 40] [Prepa] BazelWorkspaceStatusAction stable-status.txt ... (4 actions, 0 running)\n\u001b[0m\u001b[91m[17 / 39] Compiling googlemock/src/gmock.cc; 1s processwrapper-sandbox ... (17 actions running)\n\u001b[0m\u001b[91m[35 / 39] Compiling googletest/src/gtest.cc; 2s processwrapper-sandbox\n\u001b[0m\u001b[91m[39 / 40] Testing //src:unit-tests; 1s processwrapper-sandbox\n\u001b[0m\u001b[91m[39 / 40] 1 / 1 tests; Testing //src:unit-tests; 3s processwrapper-sandbox\n\u001b[0m\u001b[91mINFO: From Testing //src:unit-tests:\n\u001b[0m==================== Test output for //src:unit-tests:\nRunning main() from gmock_main.cc\n[==========] Running 23 tests from 7 test suites.\n[----------] Global test environment set-up.\n[----------] 2 tests from Alignment\n[ RUN      ] Alignment.NaturalAlignment\n[       OK ] Alignment.NaturalAlignment (1806 ms)\n[ RUN      ] Alignment.NonOverlapping\n[       OK ] Alignment.NonOverlapping (0 ms)\n[----------] 2 tests from Alignment (1806 ms total)\n\n[----------] 11 tests from BitmapTest\n[ RUN      ] BitmapTest.RepresentationSize\n[       OK ] BitmapTest.RepresentationSize (0 ms)\n[ RUN      ] BitmapTest.LowestSetBitAt\n[       OK ] BitmapTest.LowestSetBitAt (0 ms)\n[ RUN      ] BitmapTest.HighestSetBitAt\n[       OK ] BitmapTest.HighestSetBitAt (0 ms)\n[ RUN      ] BitmapTest.SetAndExchangeAll\n[       OK ] BitmapTest.SetAndExchangeAll (0 ms)\n[ RUN      ] BitmapTest.SetAll\n[       OK ] BitmapTest.SetAll (0 ms)\n[ RUN      ] BitmapTest.SetGet\n[       OK ] BitmapTest.SetGet (76 ms)\n[ RUN      ] BitmapTest.SetGetRelaxed\n[       OK ] BitmapTest.SetGetRelaxed (1349 ms)\n[ RUN      ] BitmapTest.Builtins\n[       OK ] BitmapTest.Builtins (0 ms)\n[ RUN      ] BitmapTest.Iter\n[       OK ] BitmapTest.Iter (0 ms)\n[ RUN      ] BitmapTest.Iter2\n[       OK ] BitmapTest.Iter2 (0 ms)\n[ RUN      ] BitmapTest.SetHalf\n[       OK ] BitmapTest.SetHalf (0 ms)\n[----------] 11 tests from BitmapTest (1438 ms total)\n\n[----------] 2 tests from ConcurrentMeshTest\n[ RUN      ] ConcurrentMeshTest.TryMesh\n[       OK ] ConcurrentMeshTest.TryMesh (12 ms)\n[ RUN      ] ConcurrentMeshTest.TryMeshInverse\n[       OK ] ConcurrentMeshTest.TryMeshInverse (16 ms)\n[----------] 2 tests from ConcurrentMeshTest (29 ms total)\n\n[----------] 2 tests from MeshTest\n[ RUN      ] MeshTest.TryMesh\n[       OK ] MeshTest.TryMesh (3 ms)\n[ RUN      ] MeshTest.TryMeshInverse\n[       OK ] MeshTest.TryMeshInverse (3 ms)\n[----------] 2 tests from MeshTest (7 ms total)\n\n[----------] 1 test from RNG\n[ RUN      ] RNG.MWCRange\n[       OK ] RNG.MWCRange (0 ms)\n[----------] 1 test from RNG (0 ms total)\n\n[----------] 4 tests from SizeClass\n[ RUN      ] SizeClass.MinObjectSize\n[       OK ] SizeClass.MinObjectSize (0 ms)\n[ RUN      ] SizeClass.SmallClasses\n[       OK ] SizeClass.SmallClasses (0 ms)\n[ RUN      ] SizeClass.PowerOfTwo\n[       OK ] SizeClass.PowerOfTwo (0 ms)\n[ RUN      ] SizeClass.Reciprocal\n[       OK ] SizeClass.Reciprocal (1 ms)\n[----------] 4 tests from SizeClass (1 ms total)\n\n[----------] 1 test from TripleMeshTest\n[ RUN      ] TripleMeshTest.MeshAll\n[       OK ] TripleMeshTest.MeshAll (110 ms)\n[----------] 1 test from TripleMeshTest (110 ms total)\n\n[----------] Global test environment tear-down\n[==========] 23 tests from 7 test suites ran. (3394 ms total)\n[  PASSED  ] 23 tests.\n================================================================================\n\u001b[91mTarget //src:unit-tests up-to-date:\n\u001b[0m\u001b[91m  bazel-bin/src/unit-tests\n\u001b[0m\u001b[91mINFO: Elapsed time: 9.746s, Critical Path: 6.92s\n\u001b[0m\u001b[91mINFO: 37 processes: 5 internal, 32 processwrapper-sandbox.\nINFO: Build completed successfully, 37 total actions\n\u001b[0m//src:unit-tests                                                         PASSED in 3.4s\n\nExecuted 1 out of 1 test: 1 test passes.\nThere were tests whose specified size is too big. Use the --test_verbose_timeout_warnings command line option to see which ones these are.\n\u001b[91mINFO: Build completed successfully, 37 total actions\n\u001b[0m./bazel build --config=disable-randomization  -c opt //src:mesh\n\u001b[91mLoading: \n\u001b[0m\u001b[91mLoading: 0 packages loaded\n\u001b[0m\u001b[91mINFO: Build options --action_env and --compilation_mode have changed, discarding analysis cache.\n\u001b[0m\u001b[91mAnalyzing: target //src:mesh (0 packages loaded, 0 targets configured)\n\u001b[0m\u001b[91mINFO: Analyzed target //src:mesh (3 packages loaded, 215 targets configured).\n\u001b[0m\u001b[91mINFO: Found 1 target...\n\u001b[0m\u001b[91m[0 / 9] [Prepa] BazelWorkspaceStatusAction stable-status.txt\n\u001b[0m\u001b[91m[16 / 23] Compiling src/global_heap.cc; 1s processwrapper-sandbox ... (4 actions running)\n\u001b[0m\u001b[91mTarget //src:mesh up-to-date:\n\u001b[0m\u001b[91m  bazel-bin/src/libmesh.lo\n  bazel-bin/src/libmesh.pic.lo\n  bazel-bin/src/libmesh.so\n\u001b[0m\u001b[91mINFO: Elapsed time: 2.608s, Critical Path: 2.16s\n\u001b[0m\u001b[91mINFO: 23 processes: 4 internal, 19 processwrapper-sandbox.\nINFO: Build completed successfully, 23 total actions\n\u001b[0m\u001b[91mINFO: Build completed successfully, 23 total actions\n\u001b[0minstall -c -m 0755 bazel-out/k8-opt/bin/src/libmesh.so /usr/lib/libmesh0y.so\nldconfig\nmkdir -p /usr/include/plasma\ninstall -c -m 0755 src/plasma/mesh.h /usr/include/plasma/mesh.h\nbuilding ' --config=disable-randomization --config=disable-meshing '\n./bazel test --config=disable-randomization --config=disable-meshing //src:unit-tests --test_output=all --action_env=\"GTEST_COLOR=1\"\n\u001b[91mLoading: \n\u001b[0m\u001b[91mLoading: 0 packages loaded\n\u001b[0m\u001b[91mINFO: Build options --action_env, --compilation_mode, and --define have changed, discarding analysis cache.\n\u001b[0m\u001b[91mAnalyzing: target //src:unit-tests (0 packages loaded, 0 targets configured)\n\u001b[0m\u001b[91mINFO: Analyzed target //src:unit-tests (3 packages loaded, 530 targets configured).\n\u001b[0m\u001b[91mINFO: Found 1 test target...\n\u001b[0m\u001b[91m[0 / 2] [Prepa] BazelWorkspaceStatusAction stable-status.txt\n\u001b[0m\u001b[91m[38 / 39] [Prepa] Linking src/unit-tests\n\u001b[0m\u001b[91m[39 / 40] Testing //src:unit-tests; 1s processwrapper-sandbox\n\u001b[0m\u001b[91m[39 / 40] 1 / 1 tests; Testing //src:unit-tests; 3s processwrapper-sandbox\n\u001b[0m\u001b[91mINFO: From Testing //src:unit-tests:\n\u001b[0m==================== Test output for //src:unit-tests:\nRunning main() from gmock_main.cc\n[==========] Running 23 tests from 7 test suites.\n[----------] Global test environment set-up.\n[----------] 2 tests from Alignment\n[ RUN      ] Alignment.NaturalAlignment\n[       OK ] Alignment.NaturalAlignment (1709 ms)\n[ RUN      ] Alignment.NonOverlapping\n[       OK ] Alignment.NonOverlapping (0 ms)\n[----------] 2 tests from Alignment (1709 ms total)\n\n[----------] 11 tests from BitmapTest\n[ RUN      ] BitmapTest.RepresentationSize\n[       OK ] BitmapTest.RepresentationSize (0 ms)\n[ RUN      ] BitmapTest.LowestSetBitAt\n[       OK ] BitmapTest.LowestSetBitAt (0 ms)\n[ RUN      ] BitmapTest.HighestSetBitAt\n[       OK ] BitmapTest.HighestSetBitAt (0 ms)\n[ RUN      ] BitmapTest.SetAndExchangeAll\n[       OK ] BitmapTest.SetAndExchangeAll (0 ms)\n[ RUN      ] BitmapTest.SetAll\n[       OK ] BitmapTest.SetAll (0 ms)\n[ RUN      ] BitmapTest.SetGet\n[       OK ] BitmapTest.SetGet (79 ms)\n[ RUN      ] BitmapTest.SetGetRelaxed\n[       OK ] BitmapTest.SetGetRelaxed (1397 ms)\n[ RUN      ] BitmapTest.Builtins\n[       OK ] BitmapTest.Builtins (0 ms)\n[ RUN      ] BitmapTest.Iter\n[       OK ] BitmapTest.Iter (0 ms)\n[ RUN      ] BitmapTest.Iter2\n[       OK ] BitmapTest.Iter2 (0 ms)\n[ RUN      ] BitmapTest.SetHalf\n[       OK ] BitmapTest.SetHalf (0 ms)\n[----------] 11 tests from BitmapTest (1477 ms total)\n\n[----------] 2 tests from ConcurrentMeshTest\n[ RUN      ] ConcurrentMeshTest.TryMesh\nsrc/testing/unit/concurrent_mesh_test.cc:67: Skipped\n\n[  SKIPPED ] ConcurrentMeshTest.TryMesh (0 ms)\n[ RUN      ] ConcurrentMeshTest.TryMeshInverse\nsrc/testing/unit/concurrent_mesh_test.cc:67: Skipped\n\n[  SKIPPED ] ConcurrentMeshTest.TryMeshInverse (0 ms)\n[----------] 2 tests from ConcurrentMeshTest (0 ms total)\n\n[----------] 2 tests from MeshTest\n[ RUN      ] MeshTest.TryMesh\nsrc/testing/unit/mesh_test.cc:25: Skipped\n\n[  SKIPPED ] MeshTest.TryMesh (0 ms)\n[ RUN      ] MeshTest.TryMeshInverse\nsrc/testing/unit/mesh_test.cc:25: Skipped\n\n[  SKIPPED ] MeshTest.TryMeshInverse (0 ms)\n[----------] 2 tests from MeshTest (0 ms total)\n\n[----------] 1 test from RNG\n[ RUN      ] RNG.MWCRange\n[       OK ] RNG.MWCRange (0 ms)\n[----------] 1 test from RNG (0 ms total)\n\n[----------] 4 tests from SizeClass\n[ RUN      ] SizeClass.MinObjectSize\n[       OK ] SizeClass.MinObjectSize (0 ms)\n[ RUN      ] SizeClass.SmallClasses\n[       OK ] SizeClass.SmallClasses (0 ms)\n[ RUN      ] SizeClass.PowerOfTwo\n[       OK ] SizeClass.PowerOfTwo (0 ms)\n[ RUN      ] SizeClass.Reciprocal\n[       OK ] SizeClass.Reciprocal (0 ms)\n[----------] 4 tests from SizeClass (0 ms total)\n\n[----------] 1 test from TripleMeshTest\n[ RUN      ] TripleMeshTest.MeshAll\nsrc/testing/unit/triple_mesh_test.cc:279: Skipped\n\n[  SKIPPED ] TripleMeshTest.MeshAll (0 ms)\n[----------] 1 test from TripleMeshTest (0 ms total)\n\n[----------] Global test environment tear-down\n[==========] 23 tests from 7 test suites ran. (3187 ms total)\n[  PASSED  ] 18 tests.\n[  SKIPPED ] 5 tests, listed below:\n[  SKIPPED ] ConcurrentMeshTest.TryMesh\n[  SKIPPED ] ConcurrentMeshTest.TryMeshInverse\n[  SKIPPED ] MeshTest.TryMesh\n[  SKIPPED ] MeshTest.TryMeshInverse\n[  SKIPPED ] TripleMeshTest.MeshAll\n================================================================================\n\u001b[91mTarget //src:unit-tests up-to-date:\n\u001b[0m\u001b[91m  bazel-bin/src/unit-tests\n\u001b[0m\u001b[91mINFO: Elapsed time: 5.311s, Critical Path: 4.97s\n\u001b[0m\u001b[91mINFO: 17 processes: 1 internal, 16 processwrapper-sandbox.\nINFO: Build completed successfully, 17 total actions\n\u001b[0m//src:unit-tests                                                         PASSED in 3.2s\n\nExecuted 1 out of 1 test: 1 test passes.\nThere were tests whose specified size is too big. Use the --test_verbose_timeout_warnings command line option to see which ones these are.\n\u001b[91mINFO: Build completed successfully, 17 total actions\n\u001b[0m./bazel build --config=disable-randomization --config=disable-meshing -c opt //src:mesh\n\u001b[91mLoading: \n\u001b[0m\u001b[91mLoading: 0 packages loaded\n\u001b[0m\u001b[91mINFO: Build options --action_env and --compilation_mode have changed, discarding analysis cache.\n\u001b[0m\u001b[91mAnalyzing: target //src:mesh (0 packages loaded, 0 targets configured)\n\u001b[0m\u001b[91mINFO: Analyzed target //src:mesh (3 packages loaded, 215 targets configured).\n\u001b[0m\u001b[91mINFO: Found 1 target...\n\u001b[0m\u001b[91m[0 / 3] [Prepa] BazelWorkspaceStatusAction stable-status.txt\n\u001b[0m\u001b[91m[19 / 23] Compiling src/meshable_arena.cc; 1s processwrapper-sandbox ... (2 actions, 1 running)\n\u001b[0m\u001b[91mTarget //src:mesh up-to-date:\n\u001b[0m\u001b[91m  bazel-bin/src/libmesh.lo\n  bazel-bin/src/libmesh.pic.lo\n  bazel-bin/src/libmesh.so\n\u001b[0m\u001b[91mINFO: Elapsed time: 1.739s, Critical Path: 1.46s\n\u001b[0m\u001b[91mINFO: 20 processes: 1 internal, 19 processwrapper-sandbox.\nINFO: Build completed successfully, 20 total actions\n\u001b[0m\u001b[91mINFO: Build completed successfully, 20 total actions\n\u001b[0minstall -c -m 0755 bazel-out/k8-opt/bin/src/libmesh.so /usr/lib/libmesh0n.so\nldconfig\nmkdir -p /usr/include/plasma\ninstall -c -m 0755 src/plasma/mesh.h /usr/include/plasma/mesh.h\nbuilding '   '\n./bazel test  //src:unit-tests --test_output=all --action_env=\"GTEST_COLOR=1\"\n\u001b[91mLoading: \n\u001b[0m\u001b[91mLoading: 0 packages loaded\n\u001b[0m\u001b[91mINFO: Build options --action_env, --compilation_mode, and --define have changed, discarding analysis cache.\n\u001b[0m\u001b[91mAnalyzing: target //src:unit-tests (0 packages loaded, 0 targets configured)\n\u001b[0m\u001b[91mINFO: Analyzed target //src:unit-tests (3 packages loaded, 530 targets configured).\n\u001b[0m\u001b[91mINFO: Found 1 test target...\n\u001b[0m\u001b[91m[0 / 3] [Prepa] BazelWorkspaceStatusAction stable-status.txt\n\u001b[0m\u001b[91m[38 / 39] [Prepa] Linking src/unit-tests\n\u001b[0m\u001b[91m[39 / 40] Testing //src:unit-tests; 1s processwrapper-sandbox\n\u001b[0m\u001b[91m[39 / 40] 1 / 1 tests; Testing //src:unit-tests; 3s processwrapper-sandbox\n\u001b[0m\u001b[91mINFO: From Testing //src:unit-tests:\n\u001b[0m==================== Test output for //src:unit-tests:\nRunning main() from gmock_main.cc\n[==========] Running 23 tests from 7 test suites.\n[----------] Global test environment set-up.\n[----------] 2 tests from Alignment\n[ RUN      ] Alignment.NaturalAlignment\n[       OK ] Alignment.NaturalAlignment (1884 ms)\n[ RUN      ] Alignment.NonOverlapping\n[       OK ] Alignment.NonOverlapping (0 ms)\n[----------] 2 tests from Alignment (1884 ms total)\n\n[----------] 11 tests from BitmapTest\n[ RUN      ] BitmapTest.RepresentationSize\n[       OK ] BitmapTest.RepresentationSize (0 ms)\n[ RUN      ] BitmapTest.LowestSetBitAt\n[       OK ] BitmapTest.LowestSetBitAt (0 ms)\n[ RUN      ] BitmapTest.HighestSetBitAt\n[       OK ] BitmapTest.HighestSetBitAt (0 ms)\n[ RUN      ] BitmapTest.SetAndExchangeAll\n[       OK ] BitmapTest.SetAndExchangeAll (0 ms)\n[ RUN      ] BitmapTest.SetAll\n[       OK ] BitmapTest.SetAll (0 ms)\n[ RUN      ] BitmapTest.SetGet\n[       OK ] BitmapTest.SetGet (76 ms)\n[ RUN      ] BitmapTest.SetGetRelaxed\n[       OK ] BitmapTest.SetGetRelaxed (1330 ms)\n[ RUN      ] BitmapTest.Builtins\n[       OK ] BitmapTest.Builtins (0 ms)\n[ RUN      ] BitmapTest.Iter\n[       OK ] BitmapTest.Iter (0 ms)\n[ RUN      ] BitmapTest.Iter2\n[       OK ] BitmapTest.Iter2 (0 ms)\n[ RUN      ] BitmapTest.SetHalf\n[       OK ] BitmapTest.SetHalf (0 ms)\n[----------] 11 tests from BitmapTest (1407 ms total)\n\n[----------] 2 tests from ConcurrentMeshTest\n[ RUN      ] ConcurrentMeshTest.TryMesh\n[       OK ] ConcurrentMeshTest.TryMesh (15 ms)\n[ RUN      ] ConcurrentMeshTest.TryMeshInverse\n[       OK ] ConcurrentMeshTest.TryMeshInverse (14 ms)\n[----------] 2 tests from ConcurrentMeshTest (29 ms total)\n\n[----------] 2 tests from MeshTest\n[ RUN      ] MeshTest.TryMesh\n[       OK ] MeshTest.TryMesh (2 ms)\n[ RUN      ] MeshTest.TryMeshInverse\n[       OK ] MeshTest.TryMeshInverse (2 ms)\n[----------] 2 tests from MeshTest (4 ms total)\n\n[----------] 1 test from RNG\n[ RUN      ] RNG.MWCRange\n[       OK ] RNG.MWCRange (0 ms)\n[----------] 1 test from RNG (0 ms total)\n\n[----------] 4 tests from SizeClass\n[ RUN      ] SizeClass.MinObjectSize\n[       OK ] SizeClass.MinObjectSize (0 ms)\n[ RUN      ] SizeClass.SmallClasses\n[       OK ] SizeClass.SmallClasses (0 ms)\n[ RUN      ] SizeClass.PowerOfTwo\n[       OK ] SizeClass.PowerOfTwo (0 ms)\n[ RUN      ] SizeClass.Reciprocal\n[       OK ] SizeClass.Reciprocal (1 ms)\n[----------] 4 tests from SizeClass (1 ms total)\n\n[----------] 1 test from TripleMeshTest\n[ RUN      ] TripleMeshTest.MeshAll\n[       OK ] TripleMeshTest.MeshAll (113 ms)\n[----------] 1 test from TripleMeshTest (113 ms total)\n\n[----------] Global test environment tear-down\n[==========] 23 tests from 7 test suites ran. (3441 ms total)\n[  PASSED  ] 23 tests.\n================================================================================\n\u001b[91mTarget //src:unit-tests up-to-date:\n\u001b[0m\u001b[91m  bazel-bin/src/unit-tests\n\u001b[0m\u001b[91mINFO: Elapsed time: 5.556s, Critical Path: 5.17s\n\u001b[0m\u001b[91mINFO: 17 processes: 1 internal, 16 processwrapper-sandbox.\n\u001b[0m\u001b[91mINFO: Build completed successfully, 17 total actions\n\u001b[0m//src:unit-tests                                                         PASSED in 3.5s\n\nExecuted 1 out of 1 test: 1 test passes.\nThere were tests whose specified size is too big. Use the --test_verbose_timeout_warnings command line option to see which ones these are.\n\u001b[91mINFO: Build completed successfully, 17 total actions\n\u001b[0m./bazel build  -c opt //src:mesh\n\u001b[91mLoading: \n\u001b[0m\u001b[91mLoading: 0 packages loaded\n\u001b[0m\u001b[91mINFO: Build options --action_env and --compilation_mode have changed, discarding analysis cache.\n\u001b[0m\u001b[91mAnalyzing: target //src:mesh (0 packages loaded, 0 targets configured)\n\u001b[0m\u001b[91mINFO: Analyzed target //src:mesh (3 packages loaded, 215 targets configured).\n\u001b[0m\u001b[91mINFO: Found 1 target...\n\u001b[0m\u001b[91m[0 / 3] [Prepa] BazelWorkspaceStatusAction stable-status.txt\n\u001b[0m\u001b[91m[12 / 23] Compiling src/global_heap.cc; 1s processwrapper-sandbox ... (8 actions running)\n\u001b[0m\u001b[91m[22 / 23] Linking src/libmesh.so; 0s processwrapper-sandbox\n\u001b[0m\u001b[91mTarget //src:mesh up-to-date:\n\u001b[0m\u001b[91m  bazel-bin/src/libmesh.lo\n  bazel-bin/src/libmesh.pic.lo\n  bazel-bin/src/libmesh.so\n\u001b[0m\u001b[91mINFO: Elapsed time: 3.917s, Critical Path: 3.28s\nINFO: 20 processes: 1 internal, 19 processwrapper-sandbox.\n\u001b[0m\u001b[91mINFO: Build completed successfully, 20 total actions\n\u001b[0m\u001b[91mINFO: Build completed successfully, 20 total actions\n\u001b[0minstall -c -m 0755 bazel-out/k8-opt/bin/src/libmesh.so /usr/lib/libmesh1y.so\nldconfig\nmkdir -p /usr/include/plasma\ninstall -c -m 0755 src/plasma/mesh.h /usr/include/plasma/mesh.h\nbuilding '  --config=disable-meshing '\n./bazel test --config=disable-meshing //src:unit-tests --test_output=all --action_env=\"GTEST_COLOR=1\"\n\u001b[91mLoading: \n\u001b[0m\u001b[91mLoading: 0 packages loaded\n\u001b[0m\u001b[91mINFO: Build options --action_env, --compilation_mode, and --define have changed, discarding analysis cache.\n\u001b[0m\u001b[91mAnalyzing: target //src:unit-tests (0 packages loaded, 0 targets configured)\n\u001b[0m\u001b[91mINFO: Analyzed target //src:unit-tests (3 packages loaded, 530 targets configured).\n\u001b[0m\u001b[91mINFO: Found 1 test target...\n\u001b[0m\u001b[91m[0 / 4] [Prepa] BazelWorkspaceStatusAction stable-status.txt\n\u001b[0m\u001b[91m[38 / 39] [Prepa] Linking src/unit-tests\n\u001b[0m\u001b[91m[39 / 40] Testing //src:unit-tests; 1s processwrapper-sandbox\n\u001b[0m\u001b[91m[39 / 40] 1 / 1 tests; Testing //src:unit-tests; 3s processwrapper-sandbox\n\u001b[0m\u001b[91mINFO: From Testing //src:unit-tests:\n\u001b[0m==================== Test output for //src:unit-tests:\nRunning main() from gmock_main.cc\n[==========] Running 23 tests from 7 test suites.\n[----------] Global test environment set-up.\n[----------] 2 tests from Alignment\n[ RUN      ] Alignment.NaturalAlignment\n[       OK ] Alignment.NaturalAlignment (1764 ms)\n[ RUN      ] Alignment.NonOverlapping\n[       OK ] Alignment.NonOverlapping (0 ms)\n[----------] 2 tests from Alignment (1764 ms total)\n\n[----------] 11 tests from BitmapTest\n[ RUN      ] BitmapTest.RepresentationSize\n[       OK ] BitmapTest.RepresentationSize (0 ms)\n[ RUN      ] BitmapTest.LowestSetBitAt\n[       OK ] BitmapTest.LowestSetBitAt (0 ms)\n[ RUN      ] BitmapTest.HighestSetBitAt\n[       OK ] BitmapTest.HighestSetBitAt (0 ms)\n[ RUN      ] BitmapTest.SetAndExchangeAll\n[       OK ] BitmapTest.SetAndExchangeAll (0 ms)\n[ RUN      ] BitmapTest.SetAll\n[       OK ] BitmapTest.SetAll (0 ms)\n[ RUN      ] BitmapTest.SetGet\n[       OK ] BitmapTest.SetGet (79 ms)\n[ RUN      ] BitmapTest.SetGetRelaxed\n[       OK ] BitmapTest.SetGetRelaxed (1373 ms)\n[ RUN      ] BitmapTest.Builtins\n[       OK ] BitmapTest.Builtins (0 ms)\n[ RUN      ] BitmapTest.Iter\n[       OK ] BitmapTest.Iter (0 ms)\n[ RUN      ] BitmapTest.Iter2\n[       OK ] BitmapTest.Iter2 (0 ms)\n[ RUN      ] BitmapTest.SetHalf\n[       OK ] BitmapTest.SetHalf (0 ms)\n[----------] 11 tests from BitmapTest (1453 ms total)\n\n[----------] 2 tests from ConcurrentMeshTest\n[ RUN      ] ConcurrentMeshTest.TryMesh\nsrc/testing/unit/concurrent_mesh_test.cc:67: Skipped\n\n[  SKIPPED ] ConcurrentMeshTest.TryMesh (0 ms)\n[ RUN      ] ConcurrentMeshTest.TryMeshInverse\nsrc/testing/unit/concurrent_mesh_test.cc:67: Skipped\n\n[  SKIPPED ] ConcurrentMeshTest.TryMeshInverse (0 ms)\n[----------] 2 tests from ConcurrentMeshTest (0 ms total)\n\n[----------] 2 tests from MeshTest\n[ RUN      ] MeshTest.TryMesh\nsrc/testing/unit/mesh_test.cc:25: Skipped\n\n[  SKIPPED ] MeshTest.TryMesh (0 ms)\n[ RUN      ] MeshTest.TryMeshInverse\nsrc/testing/unit/mesh_test.cc:25: Skipped\n\n[  SKIPPED ] MeshTest.TryMeshInverse (0 ms)\n[----------] 2 tests from MeshTest (0 ms total)\n\n[----------] 1 test from RNG\n[ RUN      ] RNG.MWCRange\n[       OK ] RNG.MWCRange (0 ms)\n[----------] 1 test from RNG (0 ms total)\n\n[----------] 4 tests from SizeClass\n[ RUN      ] SizeClass.MinObjectSize\n[       OK ] SizeClass.MinObjectSize (0 ms)\n[ RUN      ] SizeClass.SmallClasses\n[       OK ] SizeClass.SmallClasses (0 ms)\n[ RUN      ] SizeClass.PowerOfTwo\n[       OK ] SizeClass.PowerOfTwo (0 ms)\n[ RUN      ] SizeClass.Reciprocal\n[       OK ] SizeClass.Reciprocal (0 ms)\n[----------] 4 tests from SizeClass (0 ms total)\n\n[----------] 1 test from TripleMeshTest\n[ RUN      ] TripleMeshTest.MeshAll\nsrc/testing/unit/triple_mesh_test.cc:279: Skipped\n\n[  SKIPPED ] TripleMeshTest.MeshAll (0 ms)\n[----------] 1 test from TripleMeshTest (0 ms total)\n\n[----------] Global test environment tear-down\n[==========] 23 tests from 7 test suites ran. (3219 ms total)\n[  PASSED  ] 18 tests.\n[  SKIPPED ] 5 tests, listed below:\n[  SKIPPED ] ConcurrentMeshTest.TryMesh\n[  SKIPPED ] ConcurrentMeshTest.TryMeshInverse\n[  SKIPPED ] MeshTest.TryMesh\n[  SKIPPED ] MeshTest.TryMeshInverse\n[  SKIPPED ] TripleMeshTest.MeshAll\n================================================================================\n\u001b[91mTarget //src:unit-tests up-to-date:\n\u001b[0m\u001b[91m  bazel-bin/src/unit-tests\n\u001b[0m\u001b[91mINFO: Elapsed time: 5.315s, Critical Path: 4.93s\n\u001b[0m\u001b[91mINFO: 17 processes: 1 internal, 16 processwrapper-sandbox.\nINFO: Build completed successfully, 17 total actions\n\u001b[0m//src:unit-tests                                                         PASSED in 3.3s\n\nExecuted 1 out of 1 test: 1 test passes.\nThere were tests whose specified size is too big. Use the --test_verbose_timeout_warnings command line option to see which ones these are.\n\u001b[91mINFO: Build completed successfully, 17 total actions\n\u001b[0m./bazel build --config=disable-meshing -c opt //src:mesh\n\u001b[91mLoading: \n\u001b[0m\u001b[91mLoading: 0 packages loaded\n\u001b[0m\u001b[91mINFO: Build options --action_env and --compilation_mode have changed, discarding analysis cache.\n\u001b[0m\u001b[91mAnalyzing: target //src:mesh (0 packages loaded, 0 targets configured)\n\u001b[0m\u001b[91mINFO: Analyzed target //src:mesh (3 packages loaded, 215 targets configured).\n\u001b[0m\u001b[91mINFO: Found 1 target...\n\u001b[0m\u001b[91m[0 / 5] [Prepa] BazelWorkspaceStatusAction stable-status.txt\n\u001b[0m\u001b[91m[20 / 23] [Prepa] Linking src/libmesh.lo\n\u001b[0m\u001b[91mTarget //src:mesh up-to-date:\n\u001b[0m\u001b[91m  bazel-bin/src/libmesh.lo\n  bazel-bin/src/libmesh.pic.lo\n  bazel-bin/src/libmesh.so\n\u001b[0m\u001b[91mINFO: Elapsed time: 2.229s, Critical Path: 1.78s\n\u001b[0m\u001b[91mINFO: 20 processes: 1 internal, 19 processwrapper-sandbox.\n\u001b[0m\u001b[91mINFO: Build completed successfully, 20 total actions\n\u001b[0m\u001b[91mINFO: Build completed successfully, 20 total actions\n\u001b[0minstall -c -m 0755 bazel-out/k8-opt/bin/src/libmesh.so /usr/lib/libmesh1n.so\nldconfig\nmkdir -p /usr/include/plasma\ninstall -c -m 0755 src/plasma/mesh.h /usr/include/plasma/mesh.h\nbuilding ' --config=shuffle-on-free  '\n./bazel test --config=shuffle-on-free  //src:unit-tests --test_output=all --action_env=\"GTEST_COLOR=1\"\n\u001b[91mLoading: \n\u001b[0m\u001b[91mLoading: 0 packages loaded\n\u001b[0m\u001b[91mINFO: Build options --action_env, --compilation_mode, and --define have changed, discarding analysis cache.\n\u001b[0m\u001b[91mAnalyzing: target //src:unit-tests (0 packages loaded, 0 targets configured)\n\u001b[0m\u001b[91mINFO: Analyzed target //src:unit-tests (3 packages loaded, 530 targets configured).\n\u001b[0m\u001b[91mINFO: Found 1 test target...\n\u001b[0m\u001b[91m[0 / 2] [Prepa] BazelWorkspaceStatusAction stable-status.txt\n\u001b[0m\u001b[91m[38 / 39] [Prepa] Linking src/unit-tests\n\u001b[0m\u001b[91m[39 / 40] Testing //src:unit-tests; 1s processwrapper-sandbox\n\u001b[0m\u001b[91m[39 / 40] 1 / 1 tests; Testing //src:unit-tests; 3s processwrapper-sandbox\n\u001b[0m\u001b[91mINFO: From Testing //src:unit-tests:\n\u001b[0m==================== Test output for //src:unit-tests:\nRunning main() from gmock_main.cc\n[==========] Running 23 tests from 7 test suites.\n[----------] Global test environment set-up.\n[----------] 2 tests from Alignment\n[ RUN      ] Alignment.NaturalAlignment\n[       OK ] Alignment.NaturalAlignment (1993 ms)\n[ RUN      ] Alignment.NonOverlapping\n[       OK ] Alignment.NonOverlapping (0 ms)\n[----------] 2 tests from Alignment (1993 ms total)\n\n[----------] 11 tests from BitmapTest\n[ RUN      ] BitmapTest.RepresentationSize\n[       OK ] BitmapTest.RepresentationSize (0 ms)\n[ RUN      ] BitmapTest.LowestSetBitAt\n[       OK ] BitmapTest.LowestSetBitAt (0 ms)\n[ RUN      ] BitmapTest.HighestSetBitAt\n[       OK ] BitmapTest.HighestSetBitAt (0 ms)\n[ RUN      ] BitmapTest.SetAndExchangeAll\n[       OK ] BitmapTest.SetAndExchangeAll (0 ms)\n[ RUN      ] BitmapTest.SetAll\n[       OK ] BitmapTest.SetAll (0 ms)\n[ RUN      ] BitmapTest.SetGet\n[       OK ] BitmapTest.SetGet (80 ms)\n[ RUN      ] BitmapTest.SetGetRelaxed\n[       OK ] BitmapTest.SetGetRelaxed (1375 ms)\n[ RUN      ] BitmapTest.Builtins\n[       OK ] BitmapTest.Builtins (0 ms)\n[ RUN      ] BitmapTest.Iter\n[       OK ] BitmapTest.Iter (0 ms)\n[ RUN      ] BitmapTest.Iter2\n[       OK ] BitmapTest.Iter2 (0 ms)\n[ RUN      ] BitmapTest.SetHalf\n[       OK ] BitmapTest.SetHalf (0 ms)\n[----------] 11 tests from BitmapTest (1456 ms total)\n\n[----------] 2 tests from ConcurrentMeshTest\n[ RUN      ] ConcurrentMeshTest.TryMesh\n[       OK ] ConcurrentMeshTest.TryMesh (16 ms)\n[ RUN      ] ConcurrentMeshTest.TryMeshInverse\n[       OK ] ConcurrentMeshTest.TryMeshInverse (12 ms)\n[----------] 2 tests from ConcurrentMeshTest (28 ms total)\n\n[----------] 2 tests from MeshTest\n[ RUN      ] MeshTest.TryMesh\n[       OK ] MeshTest.TryMesh (2 ms)\n[ RUN      ] MeshTest.TryMeshInverse\n[       OK ] MeshTest.TryMeshInverse (2 ms)\n[----------] 2 tests from MeshTest (5 ms total)\n\n[----------] 1 test from RNG\n[ RUN      ] RNG.MWCRange\n[       OK ] RNG.MWCRange (0 ms)\n[----------] 1 test from RNG (0 ms total)\n\n[----------] 4 tests from SizeClass\n[ RUN      ] SizeClass.MinObjectSize\n[       OK ] SizeClass.MinObjectSize (0 ms)\n[ RUN      ] SizeClass.SmallClasses\n[       OK ] SizeClass.SmallClasses (0 ms)\n[ RUN      ] SizeClass.PowerOfTwo\n[       OK ] SizeClass.PowerOfTwo (0 ms)\n[ RUN      ] SizeClass.Reciprocal\n[       OK ] SizeClass.Reciprocal (0 ms)\n[----------] 4 tests from SizeClass (1 ms total)\n\n[----------] 1 test from TripleMeshTest\n[ RUN      ] TripleMeshTest.MeshAll\n[       OK ] TripleMeshTest.MeshAll (157 ms)\n[----------] 1 test from TripleMeshTest (157 ms total)\n\n[----------] Global test environment tear-down\n[==========] 23 tests from 7 test suites ran. (3642 ms total)\n[  PASSED  ] 23 tests.\n================================================================================\n\u001b[91mTarget //src:unit-tests up-to-date:\n\u001b[0m\u001b[91m  bazel-bin/src/unit-tests\n\u001b[0m\u001b[91mINFO: Elapsed time: 5.796s, Critical Path: 5.44s\nINFO: 17 processes: 1 internal, 16 processwrapper-sandbox.\n\u001b[0m\u001b[91mINFO: Build completed successfully, 17 total actions\n\u001b[0m//src:unit-tests                                                         PASSED in 3.7s\n\nExecuted 1 out of 1 test: 1 test passes.\nThere were tests whose specified size is too big. Use the --test_verbose_timeout_warnings command line option to see which ones these are.\n\u001b[91mINFO: Build completed successfully, 17 total actions\n\u001b[0m./bazel build --config=shuffle-on-free  -c opt //src:mesh\n\u001b[91mLoading: \n\u001b[0m\u001b[91mLoading: 0 packages loaded\n\u001b[0m\u001b[91mINFO: Build options --action_env and --compilation_mode have changed, discarding analysis cache.\n\u001b[0m\u001b[91mAnalyzing: target //src:mesh (0 packages loaded, 0 targets configured)\n\u001b[0m\u001b[91mINFO: Analyzed target //src:mesh (3 packages loaded, 215 targets configured).\n\u001b[0m\u001b[91mINFO: Found 1 target...\n\u001b[0m\u001b[91m[0 / 4] [Prepa] BazelWorkspaceStatusAction stable-status.txt\n\u001b[0m\u001b[91m[18 / 23] Compiling src/meshable_arena.cc; 1s processwrapper-sandbox ... (2 actions running)\n\u001b[0m\u001b[91mTarget //src:mesh up-to-date:\n\u001b[0m\u001b[91m  bazel-bin/src/libmesh.lo\n  bazel-bin/src/libmesh.pic.lo\n  bazel-bin/src/libmesh.so\n\u001b[0m\u001b[91mINFO: Elapsed time: 2.784s, Critical Path: 2.48s\n\u001b[0m\u001b[91mINFO: 20 processes: 1 internal, 19 processwrapper-sandbox.\n\u001b[0m\u001b[91mINFO: Build completed successfully, 20 total actions\n\u001b[0m\u001b[91mINFO: Build completed successfully, 20 total actions\n\u001b[0minstall -c -m 0755 bazel-out/k8-opt/bin/src/libmesh.so /usr/lib/libmesh2y.so\nldconfig\nmkdir -p /usr/include/plasma\ninstall -c -m 0755 src/plasma/mesh.h /usr/include/plasma/mesh.h\nbuilding ' --config=shuffle-on-free --config=disable-meshing '\n./bazel test --config=shuffle-on-free --config=disable-meshing //src:unit-tests --test_output=all --action_env=\"GTEST_COLOR=1\"\n\u001b[91mLoading: \n\u001b[0m\u001b[91mLoading: 0 packages loaded\n\u001b[0m\u001b[91mINFO: Build options --action_env, --compilation_mode, and --define have changed, discarding analysis cache.\n\u001b[0m\u001b[91mAnalyzing: target //src:unit-tests (0 packages loaded, 0 targets configured)\n\u001b[0m\u001b[91mINFO: Analyzed target //src:unit-tests (3 packages loaded, 530 targets configured).\n\u001b[0m\u001b[91mINFO: Found 1 test target...\n\u001b[0m\u001b[91m[0 / 4] [Prepa] BazelWorkspaceStatusAction stable-status.txt\n\u001b[0m\u001b[91m[38 / 39] [Prepa] Linking src/unit-tests\n\u001b[0m\u001b[91m[39 / 40] Testing //src:unit-tests; 1s processwrapper-sandbox\n\u001b[0m\u001b[91m[39 / 40] 1 / 1 tests; Testing //src:unit-tests; 3s processwrapper-sandbox\n\u001b[0m\u001b[91mINFO: From Testing //src:unit-tests:\n\u001b[0m==================== Test output for //src:unit-tests:\nRunning main() from gmock_main.cc\n[==========] Running 23 tests from 7 test suites.\n[----------] Global test environment set-up.\n[----------] 2 tests from Alignment\n[ RUN      ] Alignment.NaturalAlignment\n[       OK ] Alignment.NaturalAlignment (1633 ms)\n[ RUN      ] Alignment.NonOverlapping\n[       OK ] Alignment.NonOverlapping (0 ms)\n[----------] 2 tests from Alignment (1633 ms total)\n\n[----------] 11 tests from BitmapTest\n[ RUN      ] BitmapTest.RepresentationSize\n[       OK ] BitmapTest.RepresentationSize (0 ms)\n[ RUN      ] BitmapTest.LowestSetBitAt\n[       OK ] BitmapTest.LowestSetBitAt (0 ms)\n[ RUN      ] BitmapTest.HighestSetBitAt\n[       OK ] BitmapTest.HighestSetBitAt (0 ms)\n[ RUN      ] BitmapTest.SetAndExchangeAll\n[       OK ] BitmapTest.SetAndExchangeAll (0 ms)\n[ RUN      ] BitmapTest.SetAll\n[       OK ] BitmapTest.SetAll (0 ms)\n[ RUN      ] BitmapTest.SetGet\n[       OK ] BitmapTest.SetGet (74 ms)\n[ RUN      ] BitmapTest.SetGetRelaxed\n[       OK ] BitmapTest.SetGetRelaxed (1325 ms)\n[ RUN      ] BitmapTest.Builtins\n[       OK ] BitmapTest.Builtins (0 ms)\n[ RUN      ] BitmapTest.Iter\n[       OK ] BitmapTest.Iter (0 ms)\n[ RUN      ] BitmapTest.Iter2\n[       OK ] BitmapTest.Iter2 (0 ms)\n[ RUN      ] BitmapTest.SetHalf\n[       OK ] BitmapTest.SetHalf (0 ms)\n[----------] 11 tests from BitmapTest (1400 ms total)\n\n[----------] 2 tests from ConcurrentMeshTest\n[ RUN      ] ConcurrentMeshTest.TryMesh\nsrc/testing/unit/concurrent_mesh_test.cc:67: Skipped\n\n[  SKIPPED ] ConcurrentMeshTest.TryMesh (0 ms)\n[ RUN      ] ConcurrentMeshTest.TryMeshInverse\nsrc/testing/unit/concurrent_mesh_test.cc:67: Skipped\n\n[  SKIPPED ] ConcurrentMeshTest.TryMeshInverse (0 ms)\n[----------] 2 tests from ConcurrentMeshTest (0 ms total)\n\n[----------] 2 tests from MeshTest\n[ RUN      ] MeshTest.TryMesh\nsrc/testing/unit/mesh_test.cc:25: Skipped\n\n[  SKIPPED ] MeshTest.TryMesh (0 ms)\n[ RUN      ] MeshTest.TryMeshInverse\nsrc/testing/unit/mesh_test.cc:25: Skipped\n\n[  SKIPPED ] MeshTest.TryMeshInverse (0 ms)\n[----------] 2 tests from MeshTest (0 ms total)\n\n[----------] 1 test from RNG\n[ RUN      ] RNG.MWCRange\n[       OK ] RNG.MWCRange (0 ms)\n[----------] 1 test from RNG (0 ms total)\n\n[----------] 4 tests from SizeClass\n[ RUN      ] SizeClass.MinObjectSize\n[       OK ] SizeClass.MinObjectSize (0 ms)\n[ RUN      ] SizeClass.SmallClasses\n[       OK ] SizeClass.SmallClasses (0 ms)\n[ RUN      ] SizeClass.PowerOfTwo\n[       OK ] SizeClass.PowerOfTwo (0 ms)\n[ RUN      ] SizeClass.Reciprocal\n[       OK ] SizeClass.Reciprocal (0 ms)\n[----------] 4 tests from SizeClass (0 ms total)\n\n[----------] 1 test from TripleMeshTest\n[ RUN      ] TripleMeshTest.MeshAll\nsrc/testing/unit/triple_mesh_test.cc:279: Skipped\n\n[  SKIPPED ] TripleMeshTest.MeshAll (0 ms)\n[----------] 1 test from TripleMeshTest (0 ms total)\n\n[----------] Global test environment tear-down\n[==========] 23 tests from 7 test suites ran. (3034 ms total)\n[  PASSED  ] 18 tests.\n[  SKIPPED ] 5 tests, listed below:\n[  SKIPPED ] ConcurrentMeshTest.TryMesh\n[  SKIPPED ] ConcurrentMeshTest.TryMeshInverse\n[  SKIPPED ] MeshTest.TryMesh\n[  SKIPPED ] MeshTest.TryMeshInverse\n[  SKIPPED ] TripleMeshTest.MeshAll\n================================================================================\n\u001b[91mTarget //src:unit-tests up-to-date:\n  bazel-bin/src/unit-tests\n\u001b[0m\u001b[91mINFO: Elapsed time: 5.154s, Critical Path: 4.83s\n\u001b[0m\u001b[91mINFO: 17 processes: 1 internal, 16 processwrapper-sandbox.\n\u001b[0m\u001b[91mINFO: Build completed successfully, 17 total actions\n\u001b[0m//src:unit-tests                                                         PASSED in 3.1s\n\nExecuted 1 out of 1 test: 1 test passes.\nThere were tests whose specified size is too big. Use the --test_verbose_timeout_warnings command line option to see which ones these are.\n\u001b[91mINFO: Build completed successfully, 17 total actions\n\u001b[0m./bazel build --config=shuffle-on-free --config=disable-meshing -c opt //src:mesh\n\u001b[91mLoading: \n\u001b[0m\u001b[91mLoading: 0 packages loaded\n\u001b[0m\u001b[91mINFO: Build options --action_env and --compilation_mode have changed, discarding analysis cache.\n\u001b[0m\u001b[91mAnalyzing: target //src:mesh (0 packages loaded, 0 targets configured)\n\u001b[0m\u001b[91mINFO: Analyzed target //src:mesh (3 packages loaded, 215 targets configured).\n\u001b[0m\u001b[91mINFO: Found 1 target...\n\u001b[0m\u001b[91m[0 / 3] [Prepa] BazelWorkspaceStatusAction stable-status.txt\n\u001b[0m\u001b[91m[19 / 23] Compiling src/global_heap.cc; 1s processwrapper-sandbox ... (2 actions, 1 running)\n\u001b[0m\u001b[91mTarget //src:mesh up-to-date:\n\u001b[0m\u001b[91m  bazel-bin/src/libmesh.lo\n  bazel-bin/src/libmesh.pic.lo\n\u001b[0m\u001b[91m  bazel-bin/src/libmesh.so\n\u001b[0m\u001b[91mINFO: Elapsed time: 2.768s, Critical Path: 1.46s\n\u001b[0m\u001b[91mINFO: 20 processes: 1 internal, 19 processwrapper-sandbox.\n\u001b[0m\u001b[91mINFO: Build completed successfully, 20 total actions\n\u001b[0m\u001b[91mINFO: Build completed successfully, 20 total actions\n\u001b[0minstall -c -m 0755 bazel-out/k8-opt/bin/src/libmesh.so /usr/lib/libmesh2n.so\nldconfig\nmkdir -p /usr/include/plasma\ninstall -c -m 0755 src/plasma/mesh.h /usr/include/plasma/mesh.h\nRemoving intermediate container 8a102ef10517\n ---> 90b730547e0d\nStep 9/11 : FROM ubuntu:18.04\n ---> 251b86c83674\nStep 10/11 : COPY --from=builder /usr/lib/libmesh* /usr/local/lib/\n ---> ab8ae7267d55\nStep 11/11 : RUN ldconfig\n ---> Running in 92adf8835613\nRemoving intermediate container 92adf8835613\n ---> 9b845dbb2daf\nSuccessfully built 9b845dbb2daf\nSuccessfully tagged mesh:latest\n","stderr":"","imageSize":64480163},"repair":{"violations":[{"name":"ruleAptGetInstallUseNoRec","position":{"start":4,"end":9,"columnStart":22,"columnEnd":9}}],"repairedDockerfile":"# docker build -t bpowers/mesh .\nFROM ubuntu:18.04 as builder\nMAINTAINER Bobby Powers <bobbypowers@gmail.com>\n\nRUN apt-get update && apt-get install --no-install-recommends -y \\\n  build-essential \\\n  git \\\n  python3 \\\n  sudo \\\n  libxml2 \\\n && rm -rf /var/lib/apt/lists/* \\\n && update-alternatives --install /usr/bin/python python /usr/bin/python3 10 \\\n && rm -rf /usr/local/lib/python3.6\n\nWORKDIR /src\n\nCOPY . .\n\nENV PREFIX /usr/local\n\nRUN make test\n\nRUN support/install_all_configs\n\n\nFROM ubuntu:18.04\n\nCOPY --from=builder /usr/lib/libmesh* /usr/local/lib/\n\nRUN ldconfig\n"},"repairedBuild":{"startTimestamp":1672520302244,"endTimestamp":1672520439904,"error":{"code":2,"killed":false,"signal":null,"cmd":"docker build --no-cache --force-rm -t mesh:latest -f /tmp/dinghy-analysis/plasma-umass/mesh/Dockerfile ."},"stdout":"Sending build context to Docker daemon  7.378MB\r\r\nStep 1/11 : FROM ubuntu:18.04 as builder\n ---> 251b86c83674\nStep 2/11 : MAINTAINER Bobby Powers <bobbypowers@gmail.com>\n ---> Running in 6ad363cb90f8\nRemoving intermediate container 6ad363cb90f8\n ---> 28fd4ccf71ce\nStep 3/11 : RUN apt-get update && apt-get install --no-install-recommends -y   build-essential   git   python3   sudo   libxml2  && rm -rf /var/lib/apt/lists/*  && update-alternatives --install /usr/bin/python python /usr/bin/python3 10  && rm -rf /usr/local/lib/python3.6\n ---> Running in c353f81224b4\nGet:1 http://archive.ubuntu.com/ubuntu bionic InRelease [242 kB]\nGet:2 http://security.ubuntu.com/ubuntu bionic-security InRelease [88.7 kB]\nGet:3 http://archive.ubuntu.com/ubuntu bionic-updates InRelease [88.7 kB]\nGet:4 http://security.ubuntu.com/ubuntu bionic-security/restricted amd64 Packages [1311 kB]\nGet:5 http://archive.ubuntu.com/ubuntu bionic-backports InRelease [83.3 kB]\nGet:6 http://archive.ubuntu.com/ubuntu bionic/multiverse amd64 Packages [186 kB]\nGet:7 http://archive.ubuntu.com/ubuntu bionic/universe amd64 Packages [11.3 MB]\nGet:8 http://security.ubuntu.com/ubuntu bionic-security/universe amd64 Packages [1568 kB]\nGet:9 http://security.ubuntu.com/ubuntu bionic-security/main amd64 Packages [3099 kB]\nGet:10 http://security.ubuntu.com/ubuntu bionic-security/multiverse amd64 Packages [22.9 kB]\nGet:11 http://archive.ubuntu.com/ubuntu bionic/main amd64 Packages [1344 kB]\nGet:12 http://archive.ubuntu.com/ubuntu bionic/restricted amd64 Packages [13.5 kB]\nGet:13 http://archive.ubuntu.com/ubuntu bionic-updates/multiverse amd64 Packages [30.0 kB]\nGet:14 http://archive.ubuntu.com/ubuntu bionic-updates/universe amd64 Packages [2342 kB]\nGet:15 http://archive.ubuntu.com/ubuntu bionic-updates/main amd64 Packages [3524 kB]\nGet:16 http://archive.ubuntu.com/ubuntu bionic-updates/restricted amd64 Packages [1352 kB]\nGet:17 http://archive.ubuntu.com/ubuntu bionic-backports/main amd64 Packages [64.0 kB]\nGet:18 http://archive.ubuntu.com/ubuntu bionic-backports/universe amd64 Packages [20.5 kB]\nFetched 26.7 MB in 4s (6913 kB/s)\nReading package lists...\nReading package lists...\nBuilding dependency tree...\nReading state information...\nThe following additional packages will be installed:\n  binutils binutils-common binutils-x86-64-linux-gnu cpp cpp-7 dpkg-dev g++\n  g++-7 gcc gcc-7 gcc-7-base git-man libasan4 libasn1-8-heimdal libatomic1\n  libbinutils libc-dev-bin libc6-dev libcc1-0 libcilkrts5 libcurl3-gnutls\n  libdpkg-perl liberror-perl libexpat1 libgcc-7-dev libgdbm-compat4 libgdbm5\n  libgomp1 libgssapi-krb5-2 libgssapi3-heimdal libhcrypto4-heimdal\n  libheimbase1-heimdal libheimntlm0-heimdal libhx509-5-heimdal libicu60\n  libisl19 libitm1 libk5crypto3 libkeyutils1 libkrb5-26-heimdal libkrb5-3\n  libkrb5support0 libldap-2.4-2 libldap-common liblsan0 libmpc3 libmpdec2\n  libmpfr6 libmpx2 libnghttp2-14 libperl5.26 libpsl5 libpython3-stdlib\n  libpython3.6-minimal libpython3.6-stdlib libquadmath0 libreadline7\n  libroken18-heimdal librtmp1 libsasl2-2 libsasl2-modules-db libsqlite3-0\n  libssl1.1 libstdc++-7-dev libtsan0 libubsan0 libwind0-heimdal linux-libc-dev\n  make mime-support patch perl perl-modules-5.26 python3-minimal python3.6\n  python3.6-minimal readline-common xz-utils\nSuggested packages:\n  binutils-doc cpp-doc gcc-7-locales debian-keyring g++-multilib\n  g++-7-multilib gcc-7-doc libstdc++6-7-dbg gcc-multilib manpages-dev autoconf\n  automake libtool flex bison gdb gcc-doc gcc-7-multilib libgcc1-dbg\n  libgomp1-dbg libitm1-dbg libatomic1-dbg libasan4-dbg liblsan0-dbg\n  libtsan0-dbg libubsan0-dbg libcilkrts5-dbg libmpx2-dbg libquadmath0-dbg\n  gettext-base git-daemon-run | git-daemon-sysvinit git-doc git-el git-email\n  git-gui gitk gitweb git-cvs git-mediawiki git-svn glibc-doc gnupg | gnupg2\n  bzr gdbm-l10n krb5-doc krb5-user libstdc++-7-doc make-doc ed diffutils-doc\n  perl-doc libterm-readline-gnu-perl | libterm-readline-perl-perl python3-doc\n  python3-tk python3-venv python3.6-venv python3.6-doc binfmt-support\n  readline-doc\nRecommended packages:\n  fakeroot gnupg | gnupg2 libalgorithm-merge-perl less ssh-client manpages\n  manpages-dev ca-certificates libfile-fcntllock-perl liblocale-gettext-perl\n  krb5-locales publicsuffix libsasl2-modules file netbase\nThe following NEW packages will be installed:\n  binutils binutils-common binutils-x86-64-linux-gnu build-essential cpp cpp-7\n  dpkg-dev g++ g++-7 gcc gcc-7 gcc-7-base git git-man libasan4\n  libasn1-8-heimdal libatomic1 libbinutils libc-dev-bin libc6-dev libcc1-0\n  libcilkrts5 libcurl3-gnutls libdpkg-perl liberror-perl libexpat1\n  libgcc-7-dev libgdbm-compat4 libgdbm5 libgomp1 libgssapi-krb5-2\n  libgssapi3-heimdal libhcrypto4-heimdal libheimbase1-heimdal\n  libheimntlm0-heimdal libhx509-5-heimdal libicu60 libisl19 libitm1\n  libk5crypto3 libkeyutils1 libkrb5-26-heimdal libkrb5-3 libkrb5support0\n  libldap-2.4-2 libldap-common liblsan0 libmpc3 libmpdec2 libmpfr6 libmpx2\n  libnghttp2-14 libperl5.26 libpsl5 libpython3-stdlib libpython3.6-minimal\n  libpython3.6-stdlib libquadmath0 libreadline7 libroken18-heimdal librtmp1\n  libsasl2-2 libsasl2-modules-db libsqlite3-0 libssl1.1 libstdc++-7-dev\n  libtsan0 libubsan0 libwind0-heimdal libxml2 linux-libc-dev make mime-support\n  patch perl perl-modules-5.26 python3 python3-minimal python3.6\n  python3.6-minimal readline-common sudo xz-utils\n0 upgraded, 83 newly installed, 0 to remove and 0 not upgraded.\nNeed to get 69.7 MB of archives.\nAfter this operation, 309 MB of additional disk space will be used.\nGet:1 http://archive.ubuntu.com/ubuntu bionic-updates/main amd64 libssl1.1 amd64 1.1.1-1ubuntu2.1~18.04.20 [1302 kB]\nGet:2 http://archive.ubuntu.com/ubuntu bionic-updates/main amd64 libpython3.6-minimal amd64 3.6.9-1~18.04ubuntu1.9 [533 kB]\nGet:3 http://archive.ubuntu.com/ubuntu bionic-updates/main amd64 libexpat1 amd64 2.2.5-3ubuntu0.9 [82.8 kB]\nGet:4 http://archive.ubuntu.com/ubuntu bionic-updates/main amd64 python3.6-minimal amd64 3.6.9-1~18.04ubuntu1.9 [1609 kB]\nGet:5 http://archive.ubuntu.com/ubuntu bionic-updates/main amd64 python3-minimal amd64 3.6.7-1~18.04 [23.7 kB]\nGet:6 http://archive.ubuntu.com/ubuntu bionic/main amd64 mime-support all 3.60ubuntu1 [30.1 kB]\nGet:7 http://archive.ubuntu.com/ubuntu bionic/main amd64 libmpdec2 amd64 2.4.2-1ubuntu1 [84.1 kB]\nGet:8 http://archive.ubuntu.com/ubuntu bionic/main amd64 readline-common all 7.0-3 [52.9 kB]\nGet:9 http://archive.ubuntu.com/ubuntu bionic/main amd64 libreadline7 amd64 7.0-3 [124 kB]\nGet:10 http://archive.ubuntu.com/ubuntu bionic-updates/main amd64 libsqlite3-0 amd64 3.22.0-1ubuntu0.7 [499 kB]\nGet:11 http://archive.ubuntu.com/ubuntu bionic-updates/main amd64 libpython3.6-stdlib amd64 3.6.9-1~18.04ubuntu1.9 [1712 kB]\nGet:12 http://archive.ubuntu.com/ubuntu bionic-updates/main amd64 python3.6 amd64 3.6.9-1~18.04ubuntu1.9 [203 kB]\nGet:13 http://archive.ubuntu.com/ubuntu bionic-updates/main amd64 libpython3-stdlib amd64 3.6.7-1~18.04 [7240 B]\nGet:14 http://archive.ubuntu.com/ubuntu bionic-updates/main amd64 python3 amd64 3.6.7-1~18.04 [47.2 kB]\nGet:15 http://archive.ubuntu.com/ubuntu bionic-updates/main amd64 perl-modules-5.26 all 5.26.1-6ubuntu0.6 [2764 kB]\nGet:16 http://archive.ubuntu.com/ubuntu bionic/main amd64 libgdbm5 amd64 1.14.1-6 [26.0 kB]\nGet:17 http://archive.ubuntu.com/ubuntu bionic/main amd64 libgdbm-compat4 amd64 1.14.1-6 [6084 B]\nGet:18 http://archive.ubuntu.com/ubuntu bionic-updates/main amd64 libperl5.26 amd64 5.26.1-6ubuntu0.6 [3556 kB]\nGet:19 http://archive.ubuntu.com/ubuntu bionic-updates/main amd64 perl amd64 5.26.1-6ubuntu0.6 [201 kB]\nGet:20 http://archive.ubuntu.com/ubuntu bionic-updates/main amd64 libicu60 amd64 60.2-3ubuntu3.2 [8050 kB]\nGet:21 http://archive.ubuntu.com/ubuntu bionic-updates/main amd64 libxml2 amd64 2.9.4+dfsg1-6.1ubuntu1.8 [664 kB]\nGet:22 http://archive.ubuntu.com/ubuntu bionic-updates/main amd64 sudo amd64 1.8.21p2-3ubuntu1.4 [428 kB]\nGet:23 http://archive.ubuntu.com/ubuntu bionic-updates/main amd64 xz-utils amd64 5.2.2-1.3ubuntu0.1 [83.8 kB]\nGet:24 http://archive.ubuntu.com/ubuntu bionic-updates/main amd64 libkrb5support0 amd64 1.16-2ubuntu0.2 [30.8 kB]\nGet:25 http://archive.ubuntu.com/ubuntu bionic-updates/main amd64 libk5crypto3 amd64 1.16-2ubuntu0.2 [85.5 kB]\nGet:26 http://archive.ubuntu.com/ubuntu bionic-updates/main amd64 libkeyutils1 amd64 1.5.9-9.2ubuntu2.1 [8764 B]\nGet:27 http://archive.ubuntu.com/ubuntu bionic-updates/main amd64 libkrb5-3 amd64 1.16-2ubuntu0.2 [279 kB]\nGet:28 http://archive.ubuntu.com/ubuntu bionic-updates/main amd64 libgssapi-krb5-2 amd64 1.16-2ubuntu0.2 [122 kB]\nGet:29 http://archive.ubuntu.com/ubuntu bionic/main amd64 libpsl5 amd64 0.19.1-5build1 [41.8 kB]\nGet:30 http://archive.ubuntu.com/ubuntu bionic-updates/main amd64 binutils-common amd64 2.30-21ubuntu1~18.04.8 [197 kB]\nGet:31 http://archive.ubuntu.com/ubuntu bionic-updates/main amd64 libbinutils amd64 2.30-21ubuntu1~18.04.8 [488 kB]\nGet:32 http://archive.ubuntu.com/ubuntu bionic-updates/main amd64 binutils-x86-64-linux-gnu amd64 2.30-21ubuntu1~18.04.8 [1839 kB]\nGet:33 http://archive.ubuntu.com/ubuntu bionic-updates/main amd64 binutils amd64 2.30-21ubuntu1~18.04.8 [3388 B]\nGet:34 http://archive.ubuntu.com/ubuntu bionic-updates/main amd64 libc-dev-bin amd64 2.27-3ubuntu1.6 [71.9 kB]\nGet:35 http://archive.ubuntu.com/ubuntu bionic-updates/main amd64 linux-libc-dev amd64 4.15.0-200.211 [997 kB]\nGet:36 http://archive.ubuntu.com/ubuntu bionic-updates/main amd64 libc6-dev amd64 2.27-3ubuntu1.6 [2587 kB]\nGet:37 http://archive.ubuntu.com/ubuntu bionic-updates/main amd64 gcc-7-base amd64 7.5.0-3ubuntu1~18.04 [18.3 kB]\nGet:38 http://archive.ubuntu.com/ubuntu bionic/main amd64 libisl19 amd64 0.19-1 [551 kB]\nGet:39 http://archive.ubuntu.com/ubuntu bionic/main amd64 libmpfr6 amd64 4.0.1-1 [243 kB]\nGet:40 http://archive.ubuntu.com/ubuntu bionic/main amd64 libmpc3 amd64 1.1.0-1 [40.8 kB]\nGet:41 http://archive.ubuntu.com/ubuntu bionic-updates/main amd64 cpp-7 amd64 7.5.0-3ubuntu1~18.04 [8591 kB]\nGet:42 http://archive.ubuntu.com/ubuntu bionic-updates/main amd64 cpp amd64 4:7.4.0-1ubuntu2.3 [27.7 kB]\nGet:43 http://archive.ubuntu.com/ubuntu bionic-updates/main amd64 libcc1-0 amd64 8.4.0-1ubuntu1~18.04 [39.4 kB]\nGet:44 http://archive.ubuntu.com/ubuntu bionic-updates/main amd64 libgomp1 amd64 8.4.0-1ubuntu1~18.04 [76.5 kB]\nGet:45 http://archive.ubuntu.com/ubuntu bionic-updates/main amd64 libitm1 amd64 8.4.0-1ubuntu1~18.04 [27.9 kB]\nGet:46 http://archive.ubuntu.com/ubuntu bionic-updates/main amd64 libatomic1 amd64 8.4.0-1ubuntu1~18.04 [9192 B]\nGet:47 http://archive.ubuntu.com/ubuntu bionic-updates/main amd64 libasan4 amd64 7.5.0-3ubuntu1~18.04 [358 kB]\nGet:48 http://archive.ubuntu.com/ubuntu bionic-updates/main amd64 liblsan0 amd64 8.4.0-1ubuntu1~18.04 [133 kB]\nGet:49 http://archive.ubuntu.com/ubuntu bionic-updates/main amd64 libtsan0 amd64 8.4.0-1ubuntu1~18.04 [288 kB]\nGet:50 http://archive.ubuntu.com/ubuntu bionic-updates/main amd64 libubsan0 amd64 7.5.0-3ubuntu1~18.04 [126 kB]\nGet:51 http://archive.ubuntu.com/ubuntu bionic-updates/main amd64 libcilkrts5 amd64 7.5.0-3ubuntu1~18.04 [42.5 kB]\nGet:52 http://archive.ubuntu.com/ubuntu bionic-updates/main amd64 libmpx2 amd64 8.4.0-1ubuntu1~18.04 [11.6 kB]\nGet:53 http://archive.ubuntu.com/ubuntu bionic-updates/main amd64 libquadmath0 amd64 8.4.0-1ubuntu1~18.04 [134 kB]\nGet:54 http://archive.ubuntu.com/ubuntu bionic-updates/main amd64 libgcc-7-dev amd64 7.5.0-3ubuntu1~18.04 [2378 kB]\nGet:55 http://archive.ubuntu.com/ubuntu bionic-updates/main amd64 gcc-7 amd64 7.5.0-3ubuntu1~18.04 [9381 kB]\nGet:56 http://archive.ubuntu.com/ubuntu bionic-updates/main amd64 gcc amd64 4:7.4.0-1ubuntu2.3 [5184 B]\nGet:57 http://archive.ubuntu.com/ubuntu bionic-updates/main amd64 libstdc++-7-dev amd64 7.5.0-3ubuntu1~18.04 [1471 kB]\nGet:58 http://archive.ubuntu.com/ubuntu bionic-updates/main amd64 g++-7 amd64 7.5.0-3ubuntu1~18.04 [9697 kB]\nGet:59 http://archive.ubuntu.com/ubuntu bionic-updates/main amd64 g++ amd64 4:7.4.0-1ubuntu2.3 [1568 B]\nGet:60 http://archive.ubuntu.com/ubuntu bionic/main amd64 make amd64 4.1-9.1ubuntu1 [154 kB]\nGet:61 http://archive.ubuntu.com/ubuntu bionic-updates/main amd64 libdpkg-perl all 1.19.0.5ubuntu2.4 [212 kB]\nGet:62 http://archive.ubuntu.com/ubuntu bionic-updates/main amd64 patch amd64 2.7.6-2ubuntu1.1 [102 kB]\nGet:63 http://archive.ubuntu.com/ubuntu bionic-updates/main amd64 dpkg-dev all 1.19.0.5ubuntu2.4 [607 kB]\nGet:64 http://archive.ubuntu.com/ubuntu bionic/main amd64 build-essential amd64 12.4ubuntu1 [4758 B]\nGet:65 http://archive.ubuntu.com/ubuntu bionic-updates/main amd64 libroken18-heimdal amd64 7.5.0+dfsg-1ubuntu0.2 [41.8 kB]\nGet:66 http://archive.ubuntu.com/ubuntu bionic-updates/main amd64 libasn1-8-heimdal amd64 7.5.0+dfsg-1ubuntu0.2 [174 kB]\nGet:67 http://archive.ubuntu.com/ubuntu bionic-updates/main amd64 libheimbase1-heimdal amd64 7.5.0+dfsg-1ubuntu0.2 [29.9 kB]\nGet:68 http://archive.ubuntu.com/ubuntu bionic-updates/main amd64 libhcrypto4-heimdal amd64 7.5.0+dfsg-1ubuntu0.2 [85.9 kB]\nGet:69 http://archive.ubuntu.com/ubuntu bionic-updates/main amd64 libwind0-heimdal amd64 7.5.0+dfsg-1ubuntu0.2 [48.0 kB]\nGet:70 http://archive.ubuntu.com/ubuntu bionic-updates/main amd64 libhx509-5-heimdal amd64 7.5.0+dfsg-1ubuntu0.2 [108 kB]\nGet:71 http://archive.ubuntu.com/ubuntu bionic-updates/main amd64 libkrb5-26-heimdal amd64 7.5.0+dfsg-1ubuntu0.2 [207 kB]\nGet:72 http://archive.ubuntu.com/ubuntu bionic-updates/main amd64 libheimntlm0-heimdal amd64 7.5.0+dfsg-1ubuntu0.2 [14.7 kB]\nGet:73 http://archive.ubuntu.com/ubuntu bionic-updates/main amd64 libgssapi3-heimdal amd64 7.5.0+dfsg-1ubuntu0.2 [96.3 kB]\nGet:74 http://archive.ubuntu.com/ubuntu bionic-updates/main amd64 libsasl2-modules-db amd64 2.1.27~101-g0780600+dfsg-3ubuntu2.4 [15.0 kB]\nGet:75 http://archive.ubuntu.com/ubuntu bionic-updates/main amd64 libsasl2-2 amd64 2.1.27~101-g0780600+dfsg-3ubuntu2.4 [49.2 kB]\nGet:76 http://archive.ubuntu.com/ubuntu bionic-updates/main amd64 libldap-common all 2.4.45+dfsg-1ubuntu1.11 [15.8 kB]\nGet:77 http://archive.ubuntu.com/ubuntu bionic-updates/main amd64 libldap-2.4-2 amd64 2.4.45+dfsg-1ubuntu1.11 [154 kB]\nGet:78 http://archive.ubuntu.com/ubuntu bionic/main amd64 libnghttp2-14 amd64 1.30.0-1ubuntu1 [77.8 kB]\nGet:79 http://archive.ubuntu.com/ubuntu bionic/main amd64 librtmp1 amd64 2.4+20151223.gitfa8646d.1-1 [54.2 kB]\nGet:80 http://archive.ubuntu.com/ubuntu bionic-updates/main amd64 libcurl3-gnutls amd64 7.58.0-2ubuntu3.21 [219 kB]\nGet:81 http://archive.ubuntu.com/ubuntu bionic/main amd64 liberror-perl all 0.17025-1 [22.8 kB]\nGet:82 http://archive.ubuntu.com/ubuntu bionic-updates/main amd64 git-man all 1:2.17.1-1ubuntu0.13 [805 kB]\nGet:83 http://archive.ubuntu.com/ubuntu bionic-updates/main amd64 git amd64 1:2.17.1-1ubuntu0.13 [3923 kB]\n\u001b[91mdebconf: delaying package configuration, since apt-utils is not installed\n\u001b[0mFetched 69.7 MB in 5s (15.2 MB/s)\nSelecting previously unselected package libssl1.1:amd64.\r\n(Reading database ... \r(Reading database ... 5%\r(Reading database ... 10%\r(Reading database ... 15%\r(Reading database ... 20%\r(Reading database ... 25%\r(Reading database ... 30%\r(Reading database ... 35%\r(Reading database ... 40%\r(Reading database ... 45%\r(Reading database ... 50%\r(Reading database ... 55%\r(Reading database ... 60%\r(Reading database ... 65%\r(Reading database ... 70%\r(Reading database ... 75%\r(Reading database ... 80%\r(Reading database ... 85%\r(Reading database ... 90%\r(Reading database ... 95%\r(Reading database ... 100%\r(Reading database ... 4051 files and directories currently installed.)\r\nPreparing to unpack .../libssl1.1_1.1.1-1ubuntu2.1~18.04.20_amd64.deb ...\r\nUnpacking libssl1.1:amd64 (1.1.1-1ubuntu2.1~18.04.20) ...\r\nSelecting previously unselected package libpython3.6-minimal:amd64.\r\nPreparing to unpack .../libpython3.6-minimal_3.6.9-1~18.04ubuntu1.9_amd64.deb ...\r\nUnpacking libpython3.6-minimal:amd64 (3.6.9-1~18.04ubuntu1.9) ...\r\nSelecting previously unselected package libexpat1:amd64.\r\nPreparing to unpack .../libexpat1_2.2.5-3ubuntu0.9_amd64.deb ...\r\nUnpacking libexpat1:amd64 (2.2.5-3ubuntu0.9) ...\r\nSelecting previously unselected package python3.6-minimal.\r\nPreparing to unpack .../python3.6-minimal_3.6.9-1~18.04ubuntu1.9_amd64.deb ...\r\nUnpacking python3.6-minimal (3.6.9-1~18.04ubuntu1.9) ...\r\nSetting up libssl1.1:amd64 (1.1.1-1ubuntu2.1~18.04.20) ...\r\ndebconf: unable to initialize frontend: Dialog\r\ndebconf: (TERM is not set, so the dialog frontend is not usable.)\r\ndebconf: falling back to frontend: Readline\r\ndebconf: unable to initialize frontend: Readline\r\ndebconf: (Can't locate Term/ReadLine.pm in @INC (you may need to install the Term::ReadLine module) (@INC contains: /etc/perl /usr/local/lib/x86_64-linux-gnu/perl/5.26.1 /usr/local/share/perl/5.26.1 /usr/lib/x86_64-linux-gnu/perl5/5.26 /usr/share/perl5 /usr/lib/x86_64-linux-gnu/perl/5.26 /usr/share/perl/5.26 /usr/local/lib/site_perl /usr/lib/x86_64-linux-gnu/perl-base) at /usr/share/perl5/Debconf/FrontEnd/Readline.pm line 7.)\r\ndebconf: falling back to frontend: Teletype\r\nSetting up libpython3.6-minimal:amd64 (3.6.9-1~18.04ubuntu1.9) ...\r\nSetting up libexpat1:amd64 (2.2.5-3ubuntu0.9) ...\r\nSetting up python3.6-minimal (3.6.9-1~18.04ubuntu1.9) ...\r\nSelecting previously unselected package python3-minimal.\r\n(Reading database ... \r(Reading database ... 5%\r(Reading database ... 10%\r(Reading database ... 15%\r(Reading database ... 20%\r(Reading database ... 25%\r(Reading database ... 30%\r(Reading database ... 35%\r(Reading database ... 40%\r(Reading database ... 45%\r(Reading database ... 50%\r(Reading database ... 55%\r(Reading database ... 60%\r(Reading database ... 65%\r(Reading database ... 70%\r(Reading database ... 75%\r(Reading database ... 80%\r(Reading database ... 85%\r(Reading database ... 90%\r(Reading database ... 95%\r(Reading database ... 100%\r(Reading database ... 4308 files and directories currently installed.)\r\nPreparing to unpack .../0-python3-minimal_3.6.7-1~18.04_amd64.deb ...\r\nUnpacking python3-minimal (3.6.7-1~18.04) ...\r\nSelecting previously unselected package mime-support.\r\nPreparing to unpack .../1-mime-support_3.60ubuntu1_all.deb ...\r\nUnpacking mime-support (3.60ubuntu1) ...\r\nSelecting previously unselected package libmpdec2:amd64.\r\nPreparing to unpack .../2-libmpdec2_2.4.2-1ubuntu1_amd64.deb ...\r\nUnpacking libmpdec2:amd64 (2.4.2-1ubuntu1) ...\r\nSelecting previously unselected package readline-common.\r\nPreparing to unpack .../3-readline-common_7.0-3_all.deb ...\r\nUnpacking readline-common (7.0-3) ...\r\nSelecting previously unselected package libreadline7:amd64.\r\nPreparing to unpack .../4-libreadline7_7.0-3_amd64.deb ...\r\nUnpacking libreadline7:amd64 (7.0-3) ...\r\nSelecting previously unselected package libsqlite3-0:amd64.\r\nPreparing to unpack .../5-libsqlite3-0_3.22.0-1ubuntu0.7_amd64.deb ...\r\nUnpacking libsqlite3-0:amd64 (3.22.0-1ubuntu0.7) ...\r\nSelecting previously unselected package libpython3.6-stdlib:amd64.\r\nPreparing to unpack .../6-libpython3.6-stdlib_3.6.9-1~18.04ubuntu1.9_amd64.deb ...\r\nUnpacking libpython3.6-stdlib:amd64 (3.6.9-1~18.04ubuntu1.9) ...\r\nSelecting previously unselected package python3.6.\r\nPreparing to unpack .../7-python3.6_3.6.9-1~18.04ubuntu1.9_amd64.deb ...\r\nUnpacking python3.6 (3.6.9-1~18.04ubuntu1.9) ...\r\nSelecting previously unselected package libpython3-stdlib:amd64.\r\nPreparing to unpack .../8-libpython3-stdlib_3.6.7-1~18.04_amd64.deb ...\r\nUnpacking libpython3-stdlib:amd64 (3.6.7-1~18.04) ...\r\nSetting up python3-minimal (3.6.7-1~18.04) ...\r\nSelecting previously unselected package python3.\r\n(Reading database ... \r(Reading database ... 5%\r(Reading database ... 10%\r(Reading database ... 15%\r(Reading database ... 20%\r(Reading database ... 25%\r(Reading database ... 30%\r(Reading database ... 35%\r(Reading database ... 40%\r(Reading database ... 45%\r(Reading database ... 50%\r(Reading database ... 55%\r(Reading database ... 60%\r(Reading database ... 65%\r(Reading database ... 70%\r(Reading database ... 75%\r(Reading database ... 80%\r(Reading database ... 85%\r(Reading database ... 90%\r(Reading database ... 95%\r(Reading database ... 100%\r(Reading database ... 4766 files and directories currently installed.)\r\nPreparing to unpack .../00-python3_3.6.7-1~18.04_amd64.deb ...\r\nUnpacking python3 (3.6.7-1~18.04) ...\r\nSelecting previously unselected package perl-modules-5.26.\r\nPreparing to unpack .../01-perl-modules-5.26_5.26.1-6ubuntu0.6_all.deb ...\r\nUnpacking perl-modules-5.26 (5.26.1-6ubuntu0.6) ...\r\nSelecting previously unselected package libgdbm5:amd64.\r\nPreparing to unpack .../02-libgdbm5_1.14.1-6_amd64.deb ...\r\nUnpacking libgdbm5:amd64 (1.14.1-6) ...\r\nSelecting previously unselected package libgdbm-compat4:amd64.\r\nPreparing to unpack .../03-libgdbm-compat4_1.14.1-6_amd64.deb ...\r\nUnpacking libgdbm-compat4:amd64 (1.14.1-6) ...\r\nSelecting previously unselected package libperl5.26:amd64.\r\nPreparing to unpack .../04-libperl5.26_5.26.1-6ubuntu0.6_amd64.deb ...\r\nUnpacking libperl5.26:amd64 (5.26.1-6ubuntu0.6) ...\r\nSelecting previously unselected package perl.\r\nPreparing to unpack .../05-perl_5.26.1-6ubuntu0.6_amd64.deb ...\r\nUnpacking perl (5.26.1-6ubuntu0.6) ...\r\nSelecting previously unselected package libicu60:amd64.\r\nPreparing to unpack .../06-libicu60_60.2-3ubuntu3.2_amd64.deb ...\r\nUnpacking libicu60:amd64 (60.2-3ubuntu3.2) ...\r\nSelecting previously unselected package libxml2:amd64.\r\nPreparing to unpack .../07-libxml2_2.9.4+dfsg1-6.1ubuntu1.8_amd64.deb ...\r\nUnpacking libxml2:amd64 (2.9.4+dfsg1-6.1ubuntu1.8) ...\r\nSelecting previously unselected package sudo.\r\nPreparing to unpack .../08-sudo_1.8.21p2-3ubuntu1.4_amd64.deb ...\r\nUnpacking sudo (1.8.21p2-3ubuntu1.4) ...\r\nSelecting previously unselected package xz-utils.\r\nPreparing to unpack .../09-xz-utils_5.2.2-1.3ubuntu0.1_amd64.deb ...\r\nUnpacking xz-utils (5.2.2-1.3ubuntu0.1) ...\r\nSelecting previously unselected package libkrb5support0:amd64.\r\nPreparing to unpack .../10-libkrb5support0_1.16-2ubuntu0.2_amd64.deb ...\r\nUnpacking libkrb5support0:amd64 (1.16-2ubuntu0.2) ...\r\nSelecting previously unselected package libk5crypto3:amd64.\r\nPreparing to unpack .../11-libk5crypto3_1.16-2ubuntu0.2_amd64.deb ...\r\nUnpacking libk5crypto3:amd64 (1.16-2ubuntu0.2) ...\r\nSelecting previously unselected package libkeyutils1:amd64.\r\nPreparing to unpack .../12-libkeyutils1_1.5.9-9.2ubuntu2.1_amd64.deb ...\r\nUnpacking libkeyutils1:amd64 (1.5.9-9.2ubuntu2.1) ...\r\nSelecting previously unselected package libkrb5-3:amd64.\r\nPreparing to unpack .../13-libkrb5-3_1.16-2ubuntu0.2_amd64.deb ...\r\nUnpacking libkrb5-3:amd64 (1.16-2ubuntu0.2) ...\r\nSelecting previously unselected package libgssapi-krb5-2:amd64.\r\nPreparing to unpack .../14-libgssapi-krb5-2_1.16-2ubuntu0.2_amd64.deb ...\r\nUnpacking libgssapi-krb5-2:amd64 (1.16-2ubuntu0.2) ...\r\nSelecting previously unselected package libpsl5:amd64.\r\nPreparing to unpack .../15-libpsl5_0.19.1-5build1_amd64.deb ...\r\nUnpacking libpsl5:amd64 (0.19.1-5build1) ...\r\nSelecting previously unselected package binutils-common:amd64.\r\nPreparing to unpack .../16-binutils-common_2.30-21ubuntu1~18.04.8_amd64.deb ...\r\nUnpacking binutils-common:amd64 (2.30-21ubuntu1~18.04.8) ...\r\nSelecting previously unselected package libbinutils:amd64.\r\nPreparing to unpack .../17-libbinutils_2.30-21ubuntu1~18.04.8_amd64.deb ...\r\nUnpacking libbinutils:amd64 (2.30-21ubuntu1~18.04.8) ...\r\nSelecting previously unselected package binutils-x86-64-linux-gnu.\r\nPreparing to unpack .../18-binutils-x86-64-linux-gnu_2.30-21ubuntu1~18.04.8_amd64.deb ...\r\nUnpacking binutils-x86-64-linux-gnu (2.30-21ubuntu1~18.04.8) ...\r\nSelecting previously unselected package binutils.\r\nPreparing to unpack .../19-binutils_2.30-21ubuntu1~18.04.8_amd64.deb ...\r\nUnpacking binutils (2.30-21ubuntu1~18.04.8) ...\r\nSelecting previously unselected package libc-dev-bin.\r\nPreparing to unpack .../20-libc-dev-bin_2.27-3ubuntu1.6_amd64.deb ...\r\nUnpacking libc-dev-bin (2.27-3ubuntu1.6) ...\r\nSelecting previously unselected package linux-libc-dev:amd64.\r\nPreparing to unpack .../21-linux-libc-dev_4.15.0-200.211_amd64.deb ...\r\nUnpacking linux-libc-dev:amd64 (4.15.0-200.211) ...\r\nSelecting previously unselected package libc6-dev:amd64.\r\nPreparing to unpack .../22-libc6-dev_2.27-3ubuntu1.6_amd64.deb ...\r\nUnpacking libc6-dev:amd64 (2.27-3ubuntu1.6) ...\r\nSelecting previously unselected package gcc-7-base:amd64.\r\nPreparing to unpack .../23-gcc-7-base_7.5.0-3ubuntu1~18.04_amd64.deb ...\r\nUnpacking gcc-7-base:amd64 (7.5.0-3ubuntu1~18.04) ...\r\nSelecting previously unselected package libisl19:amd64.\r\nPreparing to unpack .../24-libisl19_0.19-1_amd64.deb ...\r\nUnpacking libisl19:amd64 (0.19-1) ...\r\nSelecting previously unselected package libmpfr6:amd64.\r\nPreparing to unpack .../25-libmpfr6_4.0.1-1_amd64.deb ...\r\nUnpacking libmpfr6:amd64 (4.0.1-1) ...\r\nSelecting previously unselected package libmpc3:amd64.\r\nPreparing to unpack .../26-libmpc3_1.1.0-1_amd64.deb ...\r\nUnpacking libmpc3:amd64 (1.1.0-1) ...\r\nSelecting previously unselected package cpp-7.\r\nPreparing to unpack .../27-cpp-7_7.5.0-3ubuntu1~18.04_amd64.deb ...\r\nUnpacking cpp-7 (7.5.0-3ubuntu1~18.04) ...\r\nSelecting previously unselected package cpp.\r\nPreparing to unpack .../28-cpp_4%3a7.4.0-1ubuntu2.3_amd64.deb ...\r\nUnpacking cpp (4:7.4.0-1ubuntu2.3) ...\r\nSelecting previously unselected package libcc1-0:amd64.\r\nPreparing to unpack .../29-libcc1-0_8.4.0-1ubuntu1~18.04_amd64.deb ...\r\nUnpacking libcc1-0:amd64 (8.4.0-1ubuntu1~18.04) ...\r\nSelecting previously unselected package libgomp1:amd64.\r\nPreparing to unpack .../30-libgomp1_8.4.0-1ubuntu1~18.04_amd64.deb ...\r\nUnpacking libgomp1:amd64 (8.4.0-1ubuntu1~18.04) ...\r\nSelecting previously unselected package libitm1:amd64.\r\nPreparing to unpack .../31-libitm1_8.4.0-1ubuntu1~18.04_amd64.deb ...\r\nUnpacking libitm1:amd64 (8.4.0-1ubuntu1~18.04) ...\r\nSelecting previously unselected package libatomic1:amd64.\r\nPreparing to unpack .../32-libatomic1_8.4.0-1ubuntu1~18.04_amd64.deb ...\r\nUnpacking libatomic1:amd64 (8.4.0-1ubuntu1~18.04) ...\r\nSelecting previously unselected package libasan4:amd64.\r\nPreparing to unpack .../33-libasan4_7.5.0-3ubuntu1~18.04_amd64.deb ...\r\nUnpacking libasan4:amd64 (7.5.0-3ubuntu1~18.04) ...\r\nSelecting previously unselected package liblsan0:amd64.\r\nPreparing to unpack .../34-liblsan0_8.4.0-1ubuntu1~18.04_amd64.deb ...\r\nUnpacking liblsan0:amd64 (8.4.0-1ubuntu1~18.04) ...\r\nSelecting previously unselected package libtsan0:amd64.\r\nPreparing to unpack .../35-libtsan0_8.4.0-1ubuntu1~18.04_amd64.deb ...\r\nUnpacking libtsan0:amd64 (8.4.0-1ubuntu1~18.04) ...\r\nSelecting previously unselected package libubsan0:amd64.\r\nPreparing to unpack .../36-libubsan0_7.5.0-3ubuntu1~18.04_amd64.deb ...\r\nUnpacking libubsan0:amd64 (7.5.0-3ubuntu1~18.04) ...\r\nSelecting previously unselected package libcilkrts5:amd64.\r\nPreparing to unpack .../37-libcilkrts5_7.5.0-3ubuntu1~18.04_amd64.deb ...\r\nUnpacking libcilkrts5:amd64 (7.5.0-3ubuntu1~18.04) ...\r\nSelecting previously unselected package libmpx2:amd64.\r\nPreparing to unpack .../38-libmpx2_8.4.0-1ubuntu1~18.04_amd64.deb ...\r\nUnpacking libmpx2:amd64 (8.4.0-1ubuntu1~18.04) ...\r\nSelecting previously unselected package libquadmath0:amd64.\r\nPreparing to unpack .../39-libquadmath0_8.4.0-1ubuntu1~18.04_amd64.deb ...\r\nUnpacking libquadmath0:amd64 (8.4.0-1ubuntu1~18.04) ...\r\nSelecting previously unselected package libgcc-7-dev:amd64.\r\nPreparing to unpack .../40-libgcc-7-dev_7.5.0-3ubuntu1~18.04_amd64.deb ...\r\nUnpacking libgcc-7-dev:amd64 (7.5.0-3ubuntu1~18.04) ...\r\nSelecting previously unselected package gcc-7.\r\nPreparing to unpack .../41-gcc-7_7.5.0-3ubuntu1~18.04_amd64.deb ...\r\nUnpacking gcc-7 (7.5.0-3ubuntu1~18.04) ...\r\nSelecting previously unselected package gcc.\r\nPreparing to unpack .../42-gcc_4%3a7.4.0-1ubuntu2.3_amd64.deb ...\r\nUnpacking gcc (4:7.4.0-1ubuntu2.3) ...\r\nSelecting previously unselected package libstdc++-7-dev:amd64.\r\nPreparing to unpack .../43-libstdc++-7-dev_7.5.0-3ubuntu1~18.04_amd64.deb ...\r\nUnpacking libstdc++-7-dev:amd64 (7.5.0-3ubuntu1~18.04) ...\r\nSelecting previously unselected package g++-7.\r\nPreparing to unpack .../44-g++-7_7.5.0-3ubuntu1~18.04_amd64.deb ...\r\nUnpacking g++-7 (7.5.0-3ubuntu1~18.04) ...\r\nSelecting previously unselected package g++.\r\nPreparing to unpack .../45-g++_4%3a7.4.0-1ubuntu2.3_amd64.deb ...\r\nUnpacking g++ (4:7.4.0-1ubuntu2.3) ...\r\nSelecting previously unselected package make.\r\nPreparing to unpack .../46-make_4.1-9.1ubuntu1_amd64.deb ...\r\nUnpacking make (4.1-9.1ubuntu1) ...\r\nSelecting previously unselected package libdpkg-perl.\r\nPreparing to unpack .../47-libdpkg-perl_1.19.0.5ubuntu2.4_all.deb ...\r\nUnpacking libdpkg-perl (1.19.0.5ubuntu2.4) ...\r\nSelecting previously unselected package patch.\r\nPreparing to unpack .../48-patch_2.7.6-2ubuntu1.1_amd64.deb ...\r\nUnpacking patch (2.7.6-2ubuntu1.1) ...\r\nSelecting previously unselected package dpkg-dev.\r\nPreparing to unpack .../49-dpkg-dev_1.19.0.5ubuntu2.4_all.deb ...\r\nUnpacking dpkg-dev (1.19.0.5ubuntu2.4) ...\r\nSelecting previously unselected package build-essential.\r\nPreparing to unpack .../50-build-essential_12.4ubuntu1_amd64.deb ...\r\nUnpacking build-essential (12.4ubuntu1) ...\r\nSelecting previously unselected package libroken18-heimdal:amd64.\r\nPreparing to unpack .../51-libroken18-heimdal_7.5.0+dfsg-1ubuntu0.2_amd64.deb ...\r\nUnpacking libroken18-heimdal:amd64 (7.5.0+dfsg-1ubuntu0.2) ...\r\nSelecting previously unselected package libasn1-8-heimdal:amd64.\r\nPreparing to unpack .../52-libasn1-8-heimdal_7.5.0+dfsg-1ubuntu0.2_amd64.deb ...\r\nUnpacking libasn1-8-heimdal:amd64 (7.5.0+dfsg-1ubuntu0.2) ...\r\nSelecting previously unselected package libheimbase1-heimdal:amd64.\r\nPreparing to unpack .../53-libheimbase1-heimdal_7.5.0+dfsg-1ubuntu0.2_amd64.deb ...\r\nUnpacking libheimbase1-heimdal:amd64 (7.5.0+dfsg-1ubuntu0.2) ...\r\nSelecting previously unselected package libhcrypto4-heimdal:amd64.\r\nPreparing to unpack .../54-libhcrypto4-heimdal_7.5.0+dfsg-1ubuntu0.2_amd64.deb ...\r\nUnpacking libhcrypto4-heimdal:amd64 (7.5.0+dfsg-1ubuntu0.2) ...\r\nSelecting previously unselected package libwind0-heimdal:amd64.\r\nPreparing to unpack .../55-libwind0-heimdal_7.5.0+dfsg-1ubuntu0.2_amd64.deb ...\r\nUnpacking libwind0-heimdal:amd64 (7.5.0+dfsg-1ubuntu0.2) ...\r\nSelecting previously unselected package libhx509-5-heimdal:amd64.\r\nPreparing to unpack .../56-libhx509-5-heimdal_7.5.0+dfsg-1ubuntu0.2_amd64.deb ...\r\nUnpacking libhx509-5-heimdal:amd64 (7.5.0+dfsg-1ubuntu0.2) ...\r\nSelecting previously unselected package libkrb5-26-heimdal:amd64.\r\nPreparing to unpack .../57-libkrb5-26-heimdal_7.5.0+dfsg-1ubuntu0.2_amd64.deb ...\r\nUnpacking libkrb5-26-heimdal:amd64 (7.5.0+dfsg-1ubuntu0.2) ...\r\nSelecting previously unselected package libheimntlm0-heimdal:amd64.\r\nPreparing to unpack .../58-libheimntlm0-heimdal_7.5.0+dfsg-1ubuntu0.2_amd64.deb ...\r\nUnpacking libheimntlm0-heimdal:amd64 (7.5.0+dfsg-1ubuntu0.2) ...\r\nSelecting previously unselected package libgssapi3-heimdal:amd64.\r\nPreparing to unpack .../59-libgssapi3-heimdal_7.5.0+dfsg-1ubuntu0.2_amd64.deb ...\r\nUnpacking libgssapi3-heimdal:amd64 (7.5.0+dfsg-1ubuntu0.2) ...\r\nSelecting previously unselected package libsasl2-modules-db:amd64.\r\nPreparing to unpack .../60-libsasl2-modules-db_2.1.27~101-g0780600+dfsg-3ubuntu2.4_amd64.deb ...\r\nUnpacking libsasl2-modules-db:amd64 (2.1.27~101-g0780600+dfsg-3ubuntu2.4) ...\r\nSelecting previously unselected package libsasl2-2:amd64.\r\nPreparing to unpack .../61-libsasl2-2_2.1.27~101-g0780600+dfsg-3ubuntu2.4_amd64.deb ...\r\nUnpacking libsasl2-2:amd64 (2.1.27~101-g0780600+dfsg-3ubuntu2.4) ...\r\nSelecting previously unselected package libldap-common.\r\nPreparing to unpack .../62-libldap-common_2.4.45+dfsg-1ubuntu1.11_all.deb ...\r\nUnpacking libldap-common (2.4.45+dfsg-1ubuntu1.11) ...\r\nSelecting previously unselected package libldap-2.4-2:amd64.\r\nPreparing to unpack .../63-libldap-2.4-2_2.4.45+dfsg-1ubuntu1.11_amd64.deb ...\r\nUnpacking libldap-2.4-2:amd64 (2.4.45+dfsg-1ubuntu1.11) ...\r\nSelecting previously unselected package libnghttp2-14:amd64.\r\nPreparing to unpack .../64-libnghttp2-14_1.30.0-1ubuntu1_amd64.deb ...\r\nUnpacking libnghttp2-14:amd64 (1.30.0-1ubuntu1) ...\r\nSelecting previously unselected package librtmp1:amd64.\r\nPreparing to unpack .../65-librtmp1_2.4+20151223.gitfa8646d.1-1_amd64.deb ...\r\nUnpacking librtmp1:amd64 (2.4+20151223.gitfa8646d.1-1) ...\r\nSelecting previously unselected package libcurl3-gnutls:amd64.\r\nPreparing to unpack .../66-libcurl3-gnutls_7.58.0-2ubuntu3.21_amd64.deb ...\r\nUnpacking libcurl3-gnutls:amd64 (7.58.0-2ubuntu3.21) ...\r\nSelecting previously unselected package liberror-perl.\r\nPreparing to unpack .../67-liberror-perl_0.17025-1_all.deb ...\r\nUnpacking liberror-perl (0.17025-1) ...\r\nSelecting previously unselected package git-man.\r\nPreparing to unpack .../68-git-man_1%3a2.17.1-1ubuntu0.13_all.deb ...\r\nUnpacking git-man (1:2.17.1-1ubuntu0.13) ...\r\nSelecting previously unselected package git.\r\nPreparing to unpack .../69-git_1%3a2.17.1-1ubuntu0.13_amd64.deb ...\r\nUnpacking git (1:2.17.1-1ubuntu0.13) ...\r\nSetting up libquadmath0:amd64 (8.4.0-1ubuntu1~18.04) ...\r\nSetting up libgomp1:amd64 (8.4.0-1ubuntu1~18.04) ...\r\nSetting up libatomic1:amd64 (8.4.0-1ubuntu1~18.04) ...\r\nSetting up readline-common (7.0-3) ...\r\nSetting up git-man (1:2.17.1-1ubuntu0.13) ...\r\nSetting up libicu60:amd64 (60.2-3ubuntu3.2) ...\r\nSetting up libcc1-0:amd64 (8.4.0-1ubuntu1~18.04) ...\r\nSetting up make (4.1-9.1ubuntu1) ...\r\nSetting up libnghttp2-14:amd64 (1.30.0-1ubuntu1) ...\r\nSetting up mime-support (3.60ubuntu1) ...\r\nSetting up sudo (1.8.21p2-3ubuntu1.4) ...\r\nSetting up libldap-common (2.4.45+dfsg-1ubuntu1.11) ...\r\nSetting up libreadline7:amd64 (7.0-3) ...\r\nSetting up libpsl5:amd64 (0.19.1-5build1) ...\r\nSetting up libtsan0:amd64 (8.4.0-1ubuntu1~18.04) ...\r\nSetting up libsasl2-modules-db:amd64 (2.1.27~101-g0780600+dfsg-3ubuntu2.4) ...\r\nSetting up linux-libc-dev:amd64 (4.15.0-200.211) ...\r\nSetting up libmpfr6:amd64 (4.0.1-1) ...\r\nSetting up libsasl2-2:amd64 (2.1.27~101-g0780600+dfsg-3ubuntu2.4) ...\r\nSetting up libroken18-heimdal:amd64 (7.5.0+dfsg-1ubuntu0.2) ...\r\nSetting up librtmp1:amd64 (2.4+20151223.gitfa8646d.1-1) ...\r\nSetting up perl-modules-5.26 (5.26.1-6ubuntu0.6) ...\r\nSetting up libgdbm5:amd64 (1.14.1-6) ...\r\nSetting up libkrb5support0:amd64 (1.16-2ubuntu0.2) ...\r\nSetting up libxml2:amd64 (2.9.4+dfsg1-6.1ubuntu1.8) ...\r\nSetting up liblsan0:amd64 (8.4.0-1ubuntu1~18.04) ...\r\nSetting up gcc-7-base:amd64 (7.5.0-3ubuntu1~18.04) ...\r\nSetting up binutils-common:amd64 (2.30-21ubuntu1~18.04.8) ...\r\nSetting up libmpx2:amd64 (8.4.0-1ubuntu1~18.04) ...\r\nSetting up patch (2.7.6-2ubuntu1.1) ...\r\nSetting up xz-utils (5.2.2-1.3ubuntu0.1) ...\r\nupdate-alternatives: using /usr/bin/xz to provide /usr/bin/lzma (lzma) in auto mode\r\nupdate-alternatives: warning: skip creation of /usr/share/man/man1/lzma.1.gz because associated file /usr/share/man/man1/xz.1.gz (of link group lzma) doesn't exist\r\nupdate-alternatives: warning: skip creation of /usr/share/man/man1/unlzma.1.gz because associated file /usr/share/man/man1/unxz.1.gz (of link group lzma) doesn't exist\r\nupdate-alternatives: warning: skip creation of /usr/share/man/man1/lzcat.1.gz because associated file /usr/share/man/man1/xzcat.1.gz (of link group lzma) doesn't exist\r\nupdate-alternatives: warning: skip creation of /usr/share/man/man1/lzmore.1.gz because associated file /usr/share/man/man1/xzmore.1.gz (of link group lzma) doesn't exist\r\nupdate-alternatives: warning: skip creation of /usr/share/man/man1/lzless.1.gz because associated file /usr/share/man/man1/xzless.1.gz (of link group lzma) doesn't exist\r\nupdate-alternatives: warning: skip creation of /usr/share/man/man1/lzdiff.1.gz because associated file /usr/share/man/man1/xzdiff.1.gz (of link group lzma) doesn't exist\r\nupdate-alternatives: warning: skip creation of /usr/share/man/man1/lzcmp.1.gz because associated file /usr/share/man/man1/xzcmp.1.gz (of link group lzma) doesn't exist\r\nupdate-alternatives: warning: skip creation of /usr/share/man/man1/lzgrep.1.gz because associated file /usr/share/man/man1/xzgrep.1.gz (of link group lzma) doesn't exist\r\nupdate-alternatives: warning: skip creation of /usr/share/man/man1/lzegrep.1.gz because associated file /usr/share/man/man1/xzegrep.1.gz (of link group lzma) doesn't exist\r\nupdate-alternatives: warning: skip creation of /usr/share/man/man1/lzfgrep.1.gz because associated file /usr/share/man/man1/xzfgrep.1.gz (of link group lzma) doesn't exist\r\nSetting up libheimbase1-heimdal:amd64 (7.5.0+dfsg-1ubuntu0.2) ...\r\nSetting up libsqlite3-0:amd64 (3.22.0-1ubuntu0.7) ...\r\nSetting up libmpc3:amd64 (1.1.0-1) ...\r\nSetting up libc-dev-bin (2.27-3ubuntu1.6) ...\r\nSetting up libgdbm-compat4:amd64 (1.14.1-6) ...\r\nSetting up libkeyutils1:amd64 (1.5.9-9.2ubuntu2.1) ...\r\nSetting up libc6-dev:amd64 (2.27-3ubuntu1.6) ...\r\nSetting up libitm1:amd64 (8.4.0-1ubuntu1~18.04) ...\r\nSetting up libmpdec2:amd64 (2.4.2-1ubuntu1) ...\r\nSetting up libisl19:amd64 (0.19-1) ...\r\nSetting up libpython3.6-stdlib:amd64 (3.6.9-1~18.04ubuntu1.9) ...\r\nSetting up libk5crypto3:amd64 (1.16-2ubuntu0.2) ...\r\nSetting up python3.6 (3.6.9-1~18.04ubuntu1.9) ...\r\nSetting up libwind0-heimdal:amd64 (7.5.0+dfsg-1ubuntu0.2) ...\r\nSetting up libasan4:amd64 (7.5.0-3ubuntu1~18.04) ...\r\nSetting up libbinutils:amd64 (2.30-21ubuntu1~18.04.8) ...\r\nSetting up libcilkrts5:amd64 (7.5.0-3ubuntu1~18.04) ...\r\nSetting up libasn1-8-heimdal:amd64 (7.5.0+dfsg-1ubuntu0.2) ...\r\nSetting up libubsan0:amd64 (7.5.0-3ubuntu1~18.04) ...\r\nSetting up libhcrypto4-heimdal:amd64 (7.5.0+dfsg-1ubuntu0.2) ...\r\nSetting up libhx509-5-heimdal:amd64 (7.5.0+dfsg-1ubuntu0.2) ...\r\nSetting up libgcc-7-dev:amd64 (7.5.0-3ubuntu1~18.04) ...\r\nSetting up cpp-7 (7.5.0-3ubuntu1~18.04) ...\r\nSetting up libstdc++-7-dev:amd64 (7.5.0-3ubuntu1~18.04) ...\r\nSetting up libperl5.26:amd64 (5.26.1-6ubuntu0.6) ...\r\nSetting up libkrb5-3:amd64 (1.16-2ubuntu0.2) ...\r\nSetting up libkrb5-26-heimdal:amd64 (7.5.0+dfsg-1ubuntu0.2) ...\r\nSetting up libheimntlm0-heimdal:amd64 (7.5.0+dfsg-1ubuntu0.2) ...\r\nSetting up binutils-x86-64-linux-gnu (2.30-21ubuntu1~18.04.8) ...\r\nSetting up libpython3-stdlib:amd64 (3.6.7-1~18.04) ...\r\nSetting up cpp (4:7.4.0-1ubuntu2.3) ...\r\nSetting up python3 (3.6.7-1~18.04) ...\r\nrunning python rtupdate hooks for python3.6...\r\nrunning python post-rtupdate hooks for python3.6...\r\nSetting up libgssapi-krb5-2:amd64 (1.16-2ubuntu0.2) ...\r\nSetting up perl (5.26.1-6ubuntu0.6) ...\r\nSetting up binutils (2.30-21ubuntu1~18.04.8) ...\r\nSetting up libgssapi3-heimdal:amd64 (7.5.0+dfsg-1ubuntu0.2) ...\r\nSetting up gcc-7 (7.5.0-3ubuntu1~18.04) ...\r\nSetting up liberror-perl (0.17025-1) ...\r\nSetting up g++-7 (7.5.0-3ubuntu1~18.04) ...\r\nSetting up libdpkg-perl (1.19.0.5ubuntu2.4) ...\r\nSetting up gcc (4:7.4.0-1ubuntu2.3) ...\r\nSetting up dpkg-dev (1.19.0.5ubuntu2.4) ...\r\nSetting up libldap-2.4-2:amd64 (2.4.45+dfsg-1ubuntu1.11) ...\r\nSetting up g++ (4:7.4.0-1ubuntu2.3) ...\r\nupdate-alternatives: using /usr/bin/g++ to provide /usr/bin/c++ (c++) in auto mode\r\nupdate-alternatives: warning: skip creation of /usr/share/man/man1/c++.1.gz because associated file /usr/share/man/man1/g++.1.gz (of link group c++) doesn't exist\r\nSetting up build-essential (12.4ubuntu1) ...\r\nSetting up libcurl3-gnutls:amd64 (7.58.0-2ubuntu3.21) ...\r\nSetting up git (1:2.17.1-1ubuntu0.13) ...\r\nProcessing triggers for libc-bin (2.27-3ubuntu1.6) ...\r\nupdate-alternatives: using /usr/bin/python3 to provide /usr/bin/python (python) in auto mode\nRemoving intermediate container c353f81224b4\n ---> d1b150a12369\nStep 4/11 : WORKDIR /src\n ---> Running in 48ba4eaed2ff\nRemoving intermediate container 48ba4eaed2ff\n ---> 53b87dc77026\nStep 5/11 : COPY . .\n ---> a1ffa4116603\nStep 6/11 : ENV PREFIX /usr/local\n ---> Running in 819f07f05f25\nRemoving intermediate container 819f07f05f25\n ---> ef063a8da73a\nStep 7/11 : RUN make test\n ---> Running in 94d36d9e32bc\n\u001b[91mDownloading https://releases.bazel.build/4.2.1/release/bazel-4.2.1-linux-x86_64...\n\u001b[0m\u001b[91mTraceback (most recent call last):\n  File \"/usr/lib/python3.6/urllib/request.py\", line 1325, in do_open\n    encode_chunked=req.has_header('Transfer-encoding'))\n  File \"/usr/lib/python3.6/http/client.py\", line 1285, in request\n    self._send_request(method, url, body, headers, encode_chunked)\n  File \"/usr/lib/python3.6/http/client.py\", line 1331, in _send_request\n    self.endheaders(body, encode_chunked=encode_chunked)\n  File \"/usr/lib/python3.6/http/client.py\", line 1280, in endheaders\n    self._send_output(message_body, encode_chunked=encode_chunked)\n  File \"/usr/lib/python3.6/http/client.py\", line 1046, in _send_output\n    self.send(msg)\n  File \"/usr/lib/python3.6/http/client.py\", line 984, in send\n    self.connect()\n  File \"/usr/lib/python3.6/http/client.py\", line 1446, in connect\n    server_hostname=server_hostname)\n  File \"/usr/lib/python3.6/ssl.py\", line 407, in wrap_socket\n    _context=self, _session=session)\n  File \"/usr/lib/python3.6/ssl.py\", line 817, in __init__\n    self.do_handshake()\n  File \"/usr/lib/python3.6/ssl.py\", line 1077, in do_handshake\n    self._sslobj.do_handshake()\n  File \"/usr/lib/python3.6/ssl.py\", line 689, in do_handshake\n    self._sslobj.do_handshake()\nssl.SSLError: [SSL: CERTIFICATE_VERIFY_FAILED] certificate verify failed (_ssl.c:852)\n\nDuring handling of the above exception, another exception occurred:\n\nTraceback (most recent call last):\n  File \"./bazel\", line 432, in <module>\n    sys.exit(main())\n  File \"./bazel\", line 417, in main\n    bazel_path = get_bazel_path()\n  File \"./bazel\", line 410, in get_bazel_path\n    return download_bazel_into_directory(bazel_version, is_commit, bazel_directory)\n  File \"./bazel\", line 287, in download_bazel_into_directory\n    with closing(urlopen(request)) as response:\n  File \"/usr/lib/python3.6/urllib/request.py\", line 223, in urlopen\n    return opener.open(url, data, timeout)\n  File \"/usr/lib/python3.6/urllib/request.py\", line 526, in open\n    response = self._open(req, data)\n  File \"/usr/lib/python3.6/urllib/request.py\", line 544, in _open\n    '_open', req)\n  File \"/usr/lib/python3.6/urllib/request.py\", line 504, in _call_chain\n    result = func(*args)\n  File \"/usr/lib/python3.6/urllib/request.py\", line 1368, in https_open\n    context=self._context, check_hostname=self._check_hostname)\n  File \"/usr/lib/python3.6/urllib/request.py\", line 1327, in do_open\n    raise URLError(err)\nurllib.error.URLError: <urlopen error [SSL: CERTIFICATE_VERIFY_FAILED] certificate verify failed (_ssl.c:852)>\n\u001b[0mMakefile:44: recipe for target 'test' failed\n\u001b[91mmake: *** [test] Error 1\n\u001b[0mRemoving intermediate container 94d36d9e32bc\n","stderr":"The command '/bin/sh -c make test' returned a non-zero code: 2\n"},"endTime":1672520439971}