{"repository":"https://github.com/edsu/anon","dockerfilePath":"Dockerfile","startTime":1672145829752,"clone":{"stdout":"","stderr":"Cloning into '/tmp/dinghy-analysis/edsu/anon'...\n","error":null,"commit":"7d19966762161973ff1cc6d2520c802a33537c59"},"originalBuild":{"startTimestamp":1672145830552,"endTimestamp":1672145916214,"error":{"code":1,"killed":false,"signal":null,"cmd":"docker build --no-cache --force-rm -t anon:latest -f /tmp/dinghy-analysis/edsu/anon/Dockerfile ."},"stdout":"Sending build context to Docker daemon    130kB\r\r\nStep 1/5 : FROM node:boron\nboron: Pulling from library/node\nc5e155d5a1d1: Pulling fs layer\n221d80d00ae9: Pulling fs layer\n4250b3117dca: Pulling fs layer\n3b7ca19181b2: Pulling fs layer\n425d7b2a5bcc: Pulling fs layer\n69df12c70287: Pulling fs layer\nea2f5386a42d: Pulling fs layer\nd421d2b3c5eb: Pulling fs layer\n425d7b2a5bcc: Waiting\n69df12c70287: Waiting\nea2f5386a42d: Waiting\n3b7ca19181b2: Waiting\nd421d2b3c5eb: Waiting\n4250b3117dca: Verifying Checksum\n4250b3117dca: Download complete\n221d80d00ae9: Verifying Checksum\n221d80d00ae9: Download complete\nc5e155d5a1d1: Verifying Checksum\nc5e155d5a1d1: Download complete\n69df12c70287: Download complete\nea2f5386a42d: Verifying Checksum\nea2f5386a42d: Download complete\n3b7ca19181b2: Verifying Checksum\n3b7ca19181b2: Download complete\nd421d2b3c5eb: Verifying Checksum\nd421d2b3c5eb: Download complete\nc5e155d5a1d1: Pull complete\n425d7b2a5bcc: Verifying Checksum\n425d7b2a5bcc: Download complete\n221d80d00ae9: Pull complete\n4250b3117dca: Pull complete\n3b7ca19181b2: Pull complete\n425d7b2a5bcc: Pull complete\n69df12c70287: Pull complete\nea2f5386a42d: Pull complete\nd421d2b3c5eb: Pull complete\nDigest: sha256:e133e66ec3bfc98da0440e552f452e5cdf6413319d27a2db3b01ac4b319759b3\nStatus: Downloaded newer image for node:boron\n ---> ab290b853066\nStep 2/5 : COPY . /opt/anon\n ---> e6d272922159\nStep 3/5 : WORKDIR /opt/anon\n ---> Running in ac09928550f6\nRemoving intermediate container ac09928550f6\n ---> bc154c204b76\nStep 4/5 : RUN  apt-get update  && apt-get install --yes build-essential libicu-dev  && npm install  && ln -s /opt/anon/anon.js /usr/bin/anon\n ---> Running in b564479e2310\nGet:1 http://security.debian.org/debian-security stretch/updates InRelease [59.1 kB]\nIgn:2 http://deb.debian.org/debian stretch InRelease\nGet:3 http://deb.debian.org/debian stretch-updates InRelease [93.6 kB]\nGet:4 http://deb.debian.org/debian stretch Release [118 kB]\nGet:5 http://deb.debian.org/debian stretch Release.gpg [3177 B]\nGet:6 http://security.debian.org/debian-security stretch/updates/main amd64 Packages [782 kB]\nGet:7 http://deb.debian.org/debian stretch/main amd64 Packages [7080 kB]\nFetched 8135 kB in 1s (5357 kB/s)\nReading package lists...\nReading package lists...\nBuilding dependency tree...\nReading state information...\nThe following additional packages will be installed:\n  icu-devtools libicu57\nSuggested packages:\n  icu-doc\nThe following NEW packages will be installed:\n  build-essential\nThe following packages will be upgraded:\n  icu-devtools libicu-dev libicu57\n3 upgraded, 1 newly installed, 0 to remove and 164 not upgraded.\nNeed to get 24.4 MB of archives.\nAfter this operation, 37.9 kB of additional disk space will be used.\nGet:1 http://deb.debian.org/debian stretch/main amd64 build-essential amd64 12.3 [7346 B]\nGet:2 http://security.debian.org/debian-security stretch/updates/main amd64 libicu-dev amd64 57.1-6+deb9u5 [16.5 MB]\nGet:3 http://security.debian.org/debian-security stretch/updates/main amd64 icu-devtools amd64 57.1-6+deb9u5 [178 kB]\nGet:4 http://security.debian.org/debian-security stretch/updates/main amd64 libicu57 amd64 57.1-6+deb9u5 [7700 kB]\n\u001b[91mdebconf: delaying package configuration, since apt-utils is not installed\n\u001b[0mFetched 24.4 MB in 0s (72.9 MB/s)\nSelecting previously unselected package build-essential.\r\n(Reading database ... \r(Reading database ... 5%\r(Reading database ... 10%\r(Reading database ... 15%\r(Reading database ... 20%\r(Reading database ... 25%\r(Reading database ... 30%\r(Reading database ... 35%\r(Reading database ... 40%\r(Reading database ... 45%\r(Reading database ... 50%\r(Reading database ... 55%\r(Reading database ... 60%\r(Reading database ... 65%\r(Reading database ... 70%\r(Reading database ... 75%\r(Reading database ... 80%\r(Reading database ... 85%\r(Reading database ... 90%\r(Reading database ... 95%\r(Reading database ... 100%\r(Reading database ... 29980 files and directories currently installed.)\r\nPreparing to unpack .../build-essential_12.3_amd64.deb ...\r\nUnpacking build-essential (12.3) ...\r\nPreparing to unpack .../libicu-dev_57.1-6+deb9u5_amd64.deb ...\r\nUnpacking libicu-dev (57.1-6+deb9u5) over (57.1-6+deb9u2) ...\r\nPreparing to unpack .../icu-devtools_57.1-6+deb9u5_amd64.deb ...\r\nUnpacking icu-devtools (57.1-6+deb9u5) over (57.1-6+deb9u2) ...\r\nPreparing to unpack .../libicu57_57.1-6+deb9u5_amd64.deb ...\r\nUnpacking libicu57:amd64 (57.1-6+deb9u5) over (57.1-6+deb9u2) ...\r\nSetting up build-essential (12.3) ...\r\nSetting up libicu57:amd64 (57.1-6+deb9u5) ...\r\nProcessing triggers for libc-bin (2.24-11+deb9u4) ...\r\nSetting up icu-devtools (57.1-6+deb9u5) ...\r\nSetting up libicu-dev (57.1-6+deb9u5) ...\r\n\u001b[91mnpm WARN deprecated\u001b[0m\u001b[91m puppeteer@5.5.0: < 18.1.0 is no longer supported\n\u001b[0m\u001b[91mnpm WARN deprecated request@2.88.2: request has been deprecated, see https://github.com/request/request/issues/3142\n\u001b[0m\u001b[91mnpm WARN deprecated har-validator@5.1.5: this library is no longer supported\n\u001b[0m\u001b[91mnpm WARN deprecated uuid@3.4.0: Please upgrade  to version 7 or higher.  Older versions may use Math.random() in certain circumstances, which is known to be problematic.  See https://v8.dev/blog/math-random for details.\n\u001b[0m\n> iconv@2.2.3 install /opt/anon/node_modules/iconv\n> node-gyp rebuild\n\nmake: Entering directory '/opt/anon/node_modules/iconv/build'\n  CXX(target) Release/obj.target/iconv/src/binding.o\n  CC(target) Release/obj.target/iconv/deps/libiconv/lib/iconv.o\n  SOLINK_MODULE(target) Release/obj.target/iconv.node\n  COPY Release/iconv.node\nmake: Leaving directory '/opt/anon/node_modules/iconv/build'\n\n> node-icu-charset-detector@0.2.0 install /opt/anon/node_modules/node-icu-charset-detector\n> node-gyp rebuild\n\nmake: Entering directory '/opt/anon/node_modules/node-icu-charset-detector/build'\n  CXX(target) Release/obj.target/node-icu-charset-detector/node-icu-charset-detector.o\n  SOLINK_MODULE(target) Release/obj.target/node-icu-charset-detector.node\n  COPY Release/node-icu-charset-detector.node\nmake: Leaving directory '/opt/anon/node_modules/node-icu-charset-detector/build'\n\n> puppeteer@5.5.0 install /opt/anon/node_modules/puppeteer\n> node install.js\n\n\u001b[91m/opt/anon/node_modules/puppeteer/install.js:29\nasync function download() {\n      ^^^^^^^^\n\nSyntaxError: Unexpected token function\n    at createScript (vm.js:56:10)\n    at Object.runInThisContext (vm.js:97:10)\n    at Module._compile (module.js:549:28)\n    at Object.Module._extensions..js (module.js:586:10)\n    at Module.load (module.js:494:32)\n    at tryModuleLoad (module.js:453:12)\n    at Function.Module._load (module.js:445:3)\n    at Module.runMain (module.js:611:10)\n    at run (bootstrap_node.js:394:7)\n    at startup (bootstrap_node.js:160:9)\n\u001b[0manon@0.1.2 /opt/anon\n+-- async@2.6.4 \n| `-- lodash@4.17.21 \n+-- chai@4.3.7 \n| +-- assertion-error@1.1.0 \n| +-- check-error@1.0.2 \n| +-- deep-eql@4.1.3 \n| +-- get-func-name@2.0.0 \n| +-- loupe@2.3.6 \n| +-- pathval@1.1.1 \n| `-- type-detect@4.0.8 \n+-- ip-address@5.9.4 \n| +-- jsbn@1.1.0 \n| `-- sprintf-js@1.1.2 \n+-- mastodon@1.2.2 \n| +-- bluebird@3.7.2 \n| +-- mime@1.6.0 \n| `-- request@2.88.2 \n|   +-- aws-sign2@0.7.0 \n|   +-- aws4@1.11.0 \n|   +-- caseless@0.12.0 \n|   +-- combined-stream@1.0.8 \n|   | `-- delayed-stream@1.0.0 \n|   +-- extend@3.0.2 \n|   +-- forever-agent@0.6.1 \n|   +-- form-data@2.3.3 \n|   | `-- asynckit@0.4.0 \n|   +-- har-validator@5.1.5 \n|   | +-- ajv@6.12.6 \n|   | | +-- fast-deep-equal@3.1.3 \n|   | | +-- fast-json-stable-stringify@2.1.0 \n|   | | +-- json-schema-traverse@0.4.1 \n|   | | `-- uri-js@4.4.1 \n|   | `-- har-schema@2.0.0 \n|   +-- http-signature@1.2.0 \n|   | +-- assert-plus@1.0.0 \n|   | +-- jsprim@1.4.2 \n|   | | +-- extsprintf@1.3.0 \n|   | | +-- json-schema@0.4.0 \n|   | | `-- verror@1.10.0 \n|   | |   `-- core-util-is@1.0.2 \n|   | `-- sshpk@1.17.0 \n|   |   +-- asn1@0.2.6 \n|   |   +-- bcrypt-pbkdf@1.0.2 \n|   |   +-- dashdash@1.14.1 \n|   |   +-- ecc-jsbn@0.1.2 \n|   |   | `-- jsbn@0.1.1 \n|   |   +-- getpass@0.1.7 \n|   |   +-- jsbn@0.1.1 \n|   |   +-- safer-buffer@2.1.2 \n|   |   `-- tweetnacl@0.14.5 \n|   +-- is-typedarray@1.0.0 \n|   +-- isstream@0.1.2 \n|   +-- json-stringify-safe@5.0.1 \n|   +-- mime-types@2.1.35 \n|   | `-- mime-db@1.52.0 \n|   +-- oauth-sign@0.9.0 \n|   +-- performance-now@2.1.0 \n|   +-- qs@6.5.3 \n|   +-- safe-buffer@5.2.1 \n|   +-- tough-cookie@2.5.0 \n|   | +-- psl@1.9.0 \n|   | `-- punycode@2.1.1 \n|   +-- tunnel-agent@0.6.0 \n|   `-- uuid@3.4.0 \n+-- minimist@1.2.7 \n+-- mocha@10.2.0 \n| +-- ansi-colors@4.1.1 \n| +-- browser-stdout@1.3.1 \n| +-- chokidar@3.5.3 \n| | +-- anymatch@3.1.3 \n| | | `-- picomatch@2.3.1 \n| | +-- braces@3.0.2 \n| | | `-- fill-range@7.0.1 \n| | |   `-- to-regex-range@5.0.1 \n| | |     `-- is-number@7.0.0 \n| | +-- glob-parent@5.1.2 \n| | +-- is-binary-path@2.1.0 \n| | | `-- binary-extensions@2.2.0 \n| | +-- is-glob@4.0.3 \n| | | `-- is-extglob@2.1.1 \n| | +-- normalize-path@3.0.0 \n| | `-- readdirp@3.6.0 \n| +-- debug@4.3.4 \n| | `-- ms@2.1.2 \n| +-- diff@5.0.0 \n| +-- escape-string-regexp@4.0.0 \n| +-- find-up@5.0.0 \n| | +-- locate-path@6.0.0 \n| | | `-- p-locate@5.0.0 \n| | |   `-- p-limit@3.1.0 \n| | |     `-- yocto-queue@0.1.0 \n| | `-- path-exists@4.0.0 \n| +-- glob@7.2.0 \n| | +-- fs.realpath@1.0.0 \n| | +-- inflight@1.0.6 \n| | | `-- wrappy@1.0.2 \n| | +-- inherits@2.0.4 \n| | +-- minimatch@3.1.2 \n| | | `-- brace-expansion@1.1.11 \n| | |   `-- concat-map@0.0.1 \n| | +-- once@1.4.0 \n| | `-- path-is-absolute@1.0.1 \n| +-- he@1.2.0 \n| +-- js-yaml@4.1.0 \n| | `-- argparse@2.0.1 \n| +-- log-symbols@4.1.0 \n| | +-- chalk@4.1.2 \n| | | +-- ansi-styles@4.3.0 \n| | | | `-- color-convert@2.0.1 \n| | | |   `-- color-name@1.1.4 \n| | | `-- supports-color@7.2.0 \n| | `-- is-unicode-supported@0.1.0 \n| +-- minimatch@5.0.1 \n| | `-- brace-expansion@2.0.1 \n| |   `-- balanced-match@1.0.2 \n| +-- ms@2.1.3 \n| +-- nanoid@3.3.3 \n| +-- serialize-javascript@6.0.0 \n| | `-- randombytes@2.1.0 \n| +-- strip-json-comments@3.1.1 \n| +-- supports-color@8.1.1 \n| | `-- has-flag@4.0.0 \n| +-- workerpool@6.2.1 \n| +-- yargs@16.2.0 \n| | +-- cliui@7.0.4 \n| | | +-- strip-ansi@6.0.1 \n| | | | `-- ansi-regex@5.0.1 \n| | | `-- wrap-ansi@7.0.0 \n| | +-- escalade@3.1.1 \n| | +-- get-caller-file@2.0.5 \n| | +-- require-directory@2.1.1 \n| | +-- string-width@4.2.3 \n| | | +-- emoji-regex@8.0.0 \n| | | `-- is-fullwidth-code-point@3.0.0 \n| | `-- y18n@5.0.8 \n| +-- yargs-parser@20.2.4 \n| `-- yargs-unparser@2.0.0 \n|   +-- camelcase@6.3.0 \n|   +-- decamelize@4.0.0 \n|   +-- flat@5.0.2 \n|   `-- is-plain-obj@2.1.0 \n+-- mustache@2.3.0 \n+-- twit@2.2.11 \n`-- wikichanges@0.2.9 \n  +-- irc@0.5.2 \n  | +-- iconv@2.2.3 \n  | | `-- nan@2.17.0 \n  | +-- irc-colors@1.5.0 \n  | `-- node-icu-charset-detector@0.2.0 \n  `-- underscore@1.8.3 \n\n\u001b[91mnpm WARN optional SKIPPING OPTIONAL DEPENDENCY: fsevents@~2.3.2 (node_modules/chokidar/node_modules/fsevents):\nnpm WARN notsup SKIPPING OPTIONAL DEPENDENCY: Unsupported platform for fsevents@2.3.2: wanted {\"os\":\"darwin\",\"arch\":\"any\"} (current: {\"os\":\"linux\",\"arch\":\"x64\"})\n\u001b[0m\u001b[91mnpm WARN ws@7.5.9 requires a peer of bufferutil@^4.0.1 but none was installed.\nnpm WARN ws@7.5.9 requires a peer of utf-8-validate@^5.0.2 but none was installed.\n\u001b[0m\u001b[91mnpm WARN node-fetch@2.6.7 requires a peer of encoding@^0.1.0 but none was installed.\nnpm WARN anon@0.1.2 No repository field.\n\u001b[0m\u001b[91mnpm ERR! Linux 5.4.0-113-generic\n\u001b[0m\u001b[91mnpm ERR! argv \"/usr/local/bin/node\" \"/usr/local/bin/npm\" \"install\"\nnpm ERR! node v6.17.1\nnpm ERR!\u001b[0m\u001b[91m npm  v3.10.10\n\u001b[0m\u001b[91mnpm ERR! code ELIFECYCLE\n\u001b[0m\u001b[91m\n\u001b[0m\u001b[91mnpm ERR! puppeteer@5.5.0 install: `node install.js`\nnpm ERR!\u001b[0m\u001b[91m Exit status 1\nnpm \u001b[0m\u001b[91mERR! \nnpm ERR! Failed at the puppeteer@5.5.0 install script 'node install.js'.\nnpm ERR!\u001b[0m\u001b[91m Make sure you have the latest version of node.js and npm installed.\nnpm ERR! If you do, this is most likely a problem with the puppeteer package,\n\u001b[0m\u001b[91mnpm ERR! not with npm itself.\nnpm \u001b[0m\u001b[91mERR! Tell the author that this fails on your system:\nnpm\u001b[0m\u001b[91m ERR!\u001b[0m\u001b[91m     node install.js\nnpm\u001b[0m\u001b[91m ERR! You can get information on how to open an issue for this project with:\nnpm ERR!     npm bugs puppeteer\nnpm ERR!\u001b[0m\u001b[91m Or if that isn't available, you can get their info via:\nnpm ERR!     npm owner ls puppeteer\nnpm ERR!\u001b[0m\u001b[91m There is likely additional logging output above.\n\u001b[0m\u001b[91m\nnpm ERR! Please include the following file with any support request:\nnpm ERR!     /opt/anon/npm-debug.log\n\u001b[0mRemoving intermediate container b564479e2310\n","stderr":"The command '/bin/sh -c apt-get update  && apt-get install --yes build-essential libicu-dev  && npm install  && ln -s /opt/anon/anon.js /usr/bin/anon' returned a non-zero code: 1\n"},"endTime":1672145916291}