{"repository":"https://github.com/glitchless/recast","dockerfilePath":"Dockerfile","startTime":1672299157678,"clone":{"stdout":"","stderr":"Cloning into '/tmp/dinghy-analysis/glitchless/recast'...\n","error":null,"commit":"7d37ab5abd59199a6a3430d2d3da86891cab2ee9"},"originalBuild":{"startTimestamp":1672299158852,"endTimestamp":1672299297150,"error":{"code":100,"killed":false,"signal":null,"cmd":"docker build --no-cache --force-rm -t recast:latest -f /tmp/dinghy-analysis/glitchless/recast/Dockerfile ."},"stdout":"Sending build context to Docker daemon  13.84MB\r\r\nStep 1/8 : FROM gcc:latest\nlatest: Pulling from library/gcc\n32de3c850997: Already exists\nfa1d4c8d85a4: Already exists\nc796299bbbdd: Already exists\n81283a9569ad: Already exists\n60b38700e7fb: Already exists\n0db15631b022: Pulling fs layer\nbecc68bc09a5: Pulling fs layer\nc369162968fc: Pulling fs layer\nce5ec26c51fc: Pulling fs layer\nce5ec26c51fc: Waiting\nc369162968fc: Download complete\n0db15631b022: Verifying Checksum\n0db15631b022: Download complete\n0db15631b022: Pull complete\nce5ec26c51fc: Verifying Checksum\nce5ec26c51fc: Download complete\nbecc68bc09a5: Verifying Checksum\nbecc68bc09a5: Download complete\nbecc68bc09a5: Pull complete\nc369162968fc: Pull complete\nce5ec26c51fc: Pull complete\nDigest: sha256:6c101c7698a6ebe5cd153182889ffc9ab2f7192bf96a06fe292806116fdaafba\nStatus: Downloaded newer image for gcc:latest\n ---> e94a76bddd72\nStep 2/8 : RUN route -n | awk '/^0.0.0.0/ {print $2}' > /tmp/host_ip.txt\n ---> Running in fa8c532e67ed\n\u001b[91m/bin/sh: 1: route: not found\n\u001b[0mRemoving intermediate container fa8c532e67ed\n ---> 231edcf7cb2f\nStep 3/8 : RUN echo \"HEAD /\" | nc `cat /tmp/host_ip.txt` 8000 | grep squid-deb-proxy   && (echo \"Acquire::http::Proxy \\\"http://$(cat /tmp/host_ip.txt):8000\\\";\" > /etc/apt/apt.conf.d/30proxy)   && (echo \"Acquire::http::Proxy::ppa.launchpad.net DIRECT;\" >> /etc/apt/apt.conf.d/30proxy)   || echo \"No squid-deb-proxy detected on docker host\"\n ---> Running in 08e3f243531b\n\u001b[91m/bin/sh: 1: nc: not found\n\u001b[0mNo squid-deb-proxy detected on docker host\nRemoving intermediate container 08e3f243531b\n ---> b9195ab27222\nStep 4/8 : RUN apt-get -qq update && apt-get -qq upgrade && apt-get -qqy install cmake libboost-all-dev sqlite3\n ---> Running in 259a13c19de8\n\u001b[91mdebconf: delaying package configuration, since apt-utils is not installed\n\u001b[0m(Reading database ... \r(Reading database ... 5%\r(Reading database ... 10%\r(Reading database ... 15%\r(Reading database ... 20%\r(Reading database ... 25%\r(Reading database ... 30%\r(Reading database ... 35%\r(Reading database ... 40%\r(Reading database ... 45%\r(Reading database ... 50%\r(Reading database ... 55%\r(Reading database ... 60%\r(Reading database ... 65%\r(Reading database ... 70%\r(Reading database ... 75%\r(Reading database ... 80%\r(Reading database ... 85%\r(Reading database ... 90%\r(Reading database ... 95%\r(Reading database ... 100%\r(Reading database ... 22794 files and directories currently installed.)\r\nPreparing to unpack .../libksba8_1.5.0-3+deb11u2_amd64.deb ...\r\nUnpacking libksba8:amd64 (1.5.0-3+deb11u2) over (1.5.0-3+deb11u1) ...\r\nSetting up libksba8:amd64 (1.5.0-3+deb11u2) ...\r\nProcessing triggers for libc-bin (2.31-13+deb11u5) ...\r\n\u001b[91mdebconf: delaying package configuration, since apt-utils is not installed\n\u001b[0mSelecting previously unselected package cmake-data.\r\n(Reading database ... \r(Reading database ... 5%\r(Reading database ... 10%\r(Reading database ... 15%\r(Reading database ... 20%\r(Reading database ... 25%\r(Reading database ... 30%\r(Reading database ... 35%\r(Reading database ... 40%\r(Reading database ... 45%\r(Reading database ... 50%\r(Reading database ... 55%\r(Reading database ... 60%\r(Reading database ... 65%\r(Reading database ... 70%\r(Reading database ... 75%\r(Reading database ... 80%\r(Reading database ... 85%\r(Reading database ... 90%\r(Reading database ... 95%\r(Reading database ... 100%\r(Reading database ... 22794 files and directories currently installed.)\r\nPreparing to unpack .../000-cmake-data_3.18.4-2+deb11u1_all.deb ...\r\nUnpacking cmake-data (3.18.4-2+deb11u1) ...\r\nSelecting previously unselected package libarchive13:amd64.\r\nPreparing to unpack .../001-libarchive13_3.4.3-2+deb11u1_amd64.deb ...\r\nUnpacking libarchive13:amd64 (3.4.3-2+deb11u1) ...\r\nSelecting previously unselected package libjsoncpp24:amd64.\r\nPreparing to unpack .../002-libjsoncpp24_1.9.4-4_amd64.deb ...\r\nUnpacking libjsoncpp24:amd64 (1.9.4-4) ...\r\nSelecting previously unselected package librhash0:amd64.\r\nPreparing to unpack .../003-librhash0_1.4.1-2_amd64.deb ...\r\nUnpacking librhash0:amd64 (1.4.1-2) ...\r\nSelecting previously unselected package libuv1:amd64.\r\nPreparing to unpack .../004-libuv1_1.40.0-2_amd64.deb ...\r\nUnpacking libuv1:amd64 (1.40.0-2) ...\r\nSelecting previously unselected package cmake.\r\nPreparing to unpack .../005-cmake_3.18.4-2+deb11u1_amd64.deb ...\r\nUnpacking cmake (3.18.4-2+deb11u1) ...\r\nSelecting previously unselected package libgfortran5:amd64.\r\nPreparing to unpack .../006-libgfortran5_10.2.1-6_amd64.deb ...\r\nUnpacking libgfortran5:amd64 (10.2.1-6) ...\r\nSelecting previously unselected package libgfortran-10-dev:amd64.\r\nPreparing to unpack .../007-libgfortran-10-dev_10.2.1-6_amd64.deb ...\r\nUnpacking libgfortran-10-dev:amd64 (10.2.1-6) ...\r\nSelecting previously unselected package gfortran-10.\r\nPreparing to unpack .../008-gfortran-10_10.2.1-6_amd64.deb ...\r\nUnpacking gfortran-10 (10.2.1-6) ...\r\nSelecting previously unselected package gfortran.\r\nPreparing to unpack .../009-gfortran_4%3a10.2.1-1_amd64.deb ...\r\nUnpacking gfortran (4:10.2.1-1) ...\r\nSelecting previously unselected package libnl-3-200:amd64.\r\nPreparing to unpack .../010-libnl-3-200_3.4.0-1+b1_amd64.deb ...\r\nUnpacking libnl-3-200:amd64 (3.4.0-1+b1) ...\r\nSelecting previously unselected package libnl-route-3-200:amd64.\r\nPreparing to unpack .../011-libnl-route-3-200_3.4.0-1+b1_amd64.deb ...\r\nUnpacking libnl-route-3-200:amd64 (3.4.0-1+b1) ...\r\nSelecting previously unselected package libibverbs1:amd64.\r\nPreparing to unpack .../012-libibverbs1_33.2-1_amd64.deb ...\r\nUnpacking libibverbs1:amd64 (33.2-1) ...\r\nSelecting previously unselected package ibverbs-providers:amd64.\r\nPreparing to unpack .../013-ibverbs-providers_33.2-1_amd64.deb ...\r\nUnpacking ibverbs-providers:amd64 (33.2-1) ...\r\nSelecting previously unselected package javascript-common.\r\nPreparing to unpack .../014-javascript-common_11+nmu1_all.deb ...\r\nUnpacking javascript-common (11+nmu1) ...\r\nSelecting previously unselected package libboost1.74-dev:amd64.\r\nPreparing to unpack .../015-libboost1.74-dev_1.74.0-9_amd64.deb ...\r\nUnpacking libboost1.74-dev:amd64 (1.74.0-9) ...\r\nSelecting previously unselected package libboost-dev:amd64.\r\nPreparing to unpack .../016-libboost-dev_1.74.0.3_amd64.deb ...\r\nUnpacking libboost-dev:amd64 (1.74.0.3) ...\r\nSelecting previously unselected package libboost1.74-tools-dev.\r\nPreparing to unpack .../017-libboost1.74-tools-dev_1.74.0-9_amd64.deb ...\r\nUnpacking libboost1.74-tools-dev (1.74.0-9) ...\r\nSelecting previously unselected package libboost-tools-dev.\r\nPreparing to unpack .../018-libboost-tools-dev_1.74.0.3_amd64.deb ...\r\nUnpacking libboost-tools-dev (1.74.0.3) ...\r\nSelecting previously unselected package libboost-atomic1.74.0:amd64.\r\nPreparing to unpack .../019-libboost-atomic1.74.0_1.74.0-9_amd64.deb ...\r\nUnpacking libboost-atomic1.74.0:amd64 (1.74.0-9) ...\r\nSelecting previously unselected package libboost-atomic1.74-dev:amd64.\r\nPreparing to unpack .../020-libboost-atomic1.74-dev_1.74.0-9_amd64.deb ...\r\nUnpacking libboost-atomic1.74-dev:amd64 (1.74.0-9) ...\r\nSelecting previously unselected package libboost-atomic-dev:amd64.\r\nPreparing to unpack .../021-libboost-atomic-dev_1.74.0.3_amd64.deb ...\r\nUnpacking libboost-atomic-dev:amd64 (1.74.0.3) ...\r\nSelecting previously unselected package libboost-chrono1.74.0:amd64.\r\nPreparing to unpack .../022-libboost-chrono1.74.0_1.74.0-9_amd64.deb ...\r\nUnpacking libboost-chrono1.74.0:amd64 (1.74.0-9) ...\r\nSelecting previously unselected package libboost-chrono1.74-dev:amd64.\r\nPreparing to unpack .../023-libboost-chrono1.74-dev_1.74.0-9_amd64.deb ...\r\nUnpacking libboost-chrono1.74-dev:amd64 (1.74.0-9) ...\r\nSelecting previously unselected package libboost-chrono-dev:amd64.\r\nPreparing to unpack .../024-libboost-chrono-dev_1.74.0.3_amd64.deb ...\r\nUnpacking libboost-chrono-dev:amd64 (1.74.0.3) ...\r\nSelecting previously unselected package libboost-container1.74.0:amd64.\r\nPreparing to unpack .../025-libboost-container1.74.0_1.74.0-9_amd64.deb ...\r\nUnpacking libboost-container1.74.0:amd64 (1.74.0-9) ...\r\nSelecting previously unselected package libboost-container1.74-dev:amd64.\r\nPreparing to unpack .../026-libboost-container1.74-dev_1.74.0-9_amd64.deb ...\r\nUnpacking libboost-container1.74-dev:amd64 (1.74.0-9) ...\r\nSelecting previously unselected package libboost-container-dev:amd64.\r\nPreparing to unpack .../027-libboost-container-dev_1.74.0.3_amd64.deb ...\r\nUnpacking libboost-container-dev:amd64 (1.74.0.3) ...\r\nSelecting previously unselected package libboost-date-time1.74.0:amd64.\r\nPreparing to unpack .../028-libboost-date-time1.74.0_1.74.0-9_amd64.deb ...\r\nUnpacking libboost-date-time1.74.0:amd64 (1.74.0-9) ...\r\nSelecting previously unselected package libboost-serialization1.74.0:amd64.\r\nPreparing to unpack .../029-libboost-serialization1.74.0_1.74.0-9_amd64.deb ...\r\nUnpacking libboost-serialization1.74.0:amd64 (1.74.0-9) ...\r\nSelecting previously unselected package libboost-serialization1.74-dev:amd64.\r\nPreparing to unpack .../030-libboost-serialization1.74-dev_1.74.0-9_amd64.deb ...\r\nUnpacking libboost-serialization1.74-dev:amd64 (1.74.0-9) ...\r\nSelecting previously unselected package libboost-date-time1.74-dev:amd64.\r\nPreparing to unpack .../031-libboost-date-time1.74-dev_1.74.0-9_amd64.deb ...\r\nUnpacking libboost-date-time1.74-dev:amd64 (1.74.0-9) ...\r\nSelecting previously unselected package libboost-system1.74.0:amd64.\r\nPreparing to unpack .../032-libboost-system1.74.0_1.74.0-9_amd64.deb ...\r\nUnpacking libboost-system1.74.0:amd64 (1.74.0-9) ...\r\nSelecting previously unselected package libboost-system1.74-dev:amd64.\r\nPreparing to unpack .../033-libboost-system1.74-dev_1.74.0-9_amd64.deb ...\r\nUnpacking libboost-system1.74-dev:amd64 (1.74.0-9) ...\r\nSelecting previously unselected package libboost-thread1.74.0:amd64.\r\nPreparing to unpack .../034-libboost-thread1.74.0_1.74.0-9_amd64.deb ...\r\nUnpacking libboost-thread1.74.0:amd64 (1.74.0-9) ...\r\nSelecting previously unselected package libboost-thread1.74-dev:amd64.\r\nPreparing to unpack .../035-libboost-thread1.74-dev_1.74.0-9_amd64.deb ...\r\nUnpacking libboost-thread1.74-dev:amd64 (1.74.0-9) ...\r\nSelecting previously unselected package libboost-context1.74.0:amd64.\r\nPreparing to unpack .../036-libboost-context1.74.0_1.74.0-9_amd64.deb ...\r\nUnpacking libboost-context1.74.0:amd64 (1.74.0-9) ...\r\nSelecting previously unselected package libboost-context1.74-dev:amd64.\r\nPreparing to unpack .../037-libboost-context1.74-dev_1.74.0-9_amd64.deb ...\r\nUnpacking libboost-context1.74-dev:amd64 (1.74.0-9) ...\r\nSelecting previously unselected package libboost-context-dev:amd64.\r\nPreparing to unpack .../038-libboost-context-dev_1.74.0.3_amd64.deb ...\r\nUnpacking libboost-context-dev:amd64 (1.74.0.3) ...\r\nSelecting previously unselected package libboost-coroutine1.74.0:amd64.\r\nPreparing to unpack .../039-libboost-coroutine1.74.0_1.74.0-9_amd64.deb ...\r\nUnpacking libboost-coroutine1.74.0:amd64 (1.74.0-9) ...\r\nSelecting previously unselected package libboost-coroutine1.74-dev:amd64.\r\nPreparing to unpack .../040-libboost-coroutine1.74-dev_1.74.0-9_amd64.deb ...\r\nUnpacking libboost-coroutine1.74-dev:amd64 (1.74.0-9) ...\r\nSelecting previously unselected package libboost-coroutine-dev:amd64.\r\nPreparing to unpack .../041-libboost-coroutine-dev_1.74.0.3_amd64.deb ...\r\nUnpacking libboost-coroutine-dev:amd64 (1.74.0.3) ...\r\nSelecting previously unselected package libboost-date-time-dev:amd64.\r\nPreparing to unpack .../042-libboost-date-time-dev_1.74.0.3_amd64.deb ...\r\nUnpacking libboost-date-time-dev:amd64 (1.74.0.3) ...\r\nSelecting previously unselected package libboost-exception1.74-dev:amd64.\r\nPreparing to unpack .../043-libboost-exception1.74-dev_1.74.0-9_amd64.deb ...\r\nUnpacking libboost-exception1.74-dev:amd64 (1.74.0-9) ...\r\nSelecting previously unselected package libboost-exception-dev:amd64.\r\nPreparing to unpack .../044-libboost-exception-dev_1.74.0.3_amd64.deb ...\r\nUnpacking libboost-exception-dev:amd64 (1.74.0.3) ...\r\nSelecting previously unselected package libboost-filesystem1.74.0:amd64.\r\nPreparing to unpack .../045-libboost-filesystem1.74.0_1.74.0-9_amd64.deb ...\r\nUnpacking libboost-filesystem1.74.0:amd64 (1.74.0-9) ...\r\nSelecting previously unselected package libboost-filesystem1.74-dev:amd64.\r\nPreparing to unpack .../046-libboost-filesystem1.74-dev_1.74.0-9_amd64.deb ...\r\nUnpacking libboost-filesystem1.74-dev:amd64 (1.74.0-9) ...\r\nSelecting previously unselected package libboost-fiber1.74.0:amd64.\r\nPreparing to unpack .../047-libboost-fiber1.74.0_1.74.0-9_amd64.deb ...\r\nUnpacking libboost-fiber1.74.0:amd64 (1.74.0-9) ...\r\nSelecting previously unselected package libboost-fiber1.74-dev:amd64.\r\nPreparing to unpack .../048-libboost-fiber1.74-dev_1.74.0-9_amd64.deb ...\r\nUnpacking libboost-fiber1.74-dev:amd64 (1.74.0-9) ...\r\nSelecting previously unselected package libboost-fiber-dev:amd64.\r\nPreparing to unpack .../049-libboost-fiber-dev_1.74.0.3_amd64.deb ...\r\nUnpacking libboost-fiber-dev:amd64 (1.74.0.3) ...\r\nSelecting previously unselected package libboost-filesystem-dev:amd64.\r\nPreparing to unpack .../050-libboost-filesystem-dev_1.74.0.3_amd64.deb ...\r\nUnpacking libboost-filesystem-dev:amd64 (1.74.0.3) ...\r\nSelecting previously unselected package libboost-regex1.74.0:amd64.\r\nPreparing to unpack .../051-libboost-regex1.74.0_1.74.0-9_amd64.deb ...\r\nUnpacking libboost-regex1.74.0:amd64 (1.74.0-9) ...\r\nSelecting previously unselected package libboost-graph1.74.0:amd64.\r\nPreparing to unpack .../052-libboost-graph1.74.0_1.74.0-9_amd64.deb ...\r\nUnpacking libboost-graph1.74.0:amd64 (1.74.0-9) ...\r\nSelecting previously unselected package libboost-regex1.74-dev:amd64.\r\nPreparing to unpack .../053-libboost-regex1.74-dev_1.74.0-9_amd64.deb ...\r\nUnpacking libboost-regex1.74-dev:amd64 (1.74.0-9) ...\r\nSelecting previously unselected package libboost-test1.74.0:amd64.\r\nPreparing to unpack .../054-libboost-test1.74.0_1.74.0-9_amd64.deb ...\r\nUnpacking libboost-test1.74.0:amd64 (1.74.0-9) ...\r\nSelecting previously unselected package libboost-test1.74-dev:amd64.\r\nPreparing to unpack .../055-libboost-test1.74-dev_1.74.0-9_amd64.deb ...\r\nUnpacking libboost-test1.74-dev:amd64 (1.74.0-9) ...\r\nSelecting previously unselected package libboost-graph1.74-dev:amd64.\r\nPreparing to unpack .../056-libboost-graph1.74-dev_1.74.0-9_amd64.deb ...\r\nUnpacking libboost-graph1.74-dev:amd64 (1.74.0-9) ...\r\nSelecting previously unselected package libboost-graph-dev:amd64.\r\nPreparing to unpack .../057-libboost-graph-dev_1.74.0.3_amd64.deb ...\r\nUnpacking libboost-graph-dev:amd64 (1.74.0.3) ...\r\nSelecting previously unselected package libpsm-infinipath1.\r\nPreparing to unpack .../058-libpsm-infinipath1_3.3+20.604758e7-6.1_amd64.deb ...\r\nUnpacking libpsm-infinipath1 (3.3+20.604758e7-6.1) ...\r\nSelecting previously unselected package libpsm2-2.\r\nPreparing to unpack .../059-libpsm2-2_11.2.185-1_amd64.deb ...\r\nUnpacking libpsm2-2 (11.2.185-1) ...\r\nSelecting previously unselected package librdmacm1:amd64.\r\nPreparing to unpack .../060-librdmacm1_33.2-1_amd64.deb ...\r\nUnpacking librdmacm1:amd64 (33.2-1) ...\r\nSelecting previously unselected package libfabric1.\r\nPreparing to unpack .../061-libfabric1_1.11.0-2_amd64.deb ...\r\nUnpacking libfabric1 (1.11.0-2) ...\r\nSelecting previously unselected package libhwloc15:amd64.\r\nPreparing to unpack .../062-libhwloc15_2.4.1+dfsg-1_amd64.deb ...\r\nUnpacking libhwloc15:amd64 (2.4.1+dfsg-1) ...\r\nSelecting previously unselected package libpciaccess0:amd64.\r\nPreparing to unpack .../063-libpciaccess0_0.16-1_amd64.deb ...\r\nUnpacking libpciaccess0:amd64 (0.16-1) ...\r\nSelecting previously unselected package libxnvctrl0:amd64.\r\nPreparing to unpack .../064-libxnvctrl0_470.141.03-1~deb11u1_amd64.deb ...\r\nUnpacking libxnvctrl0:amd64 (470.141.03-1~deb11u1) ...\r\nSelecting previously unselected package ocl-icd-libopencl1:amd64.\r\nPreparing to unpack .../065-ocl-icd-libopencl1_2.2.14-2_amd64.deb ...\r\nUnpacking ocl-icd-libopencl1:amd64 (2.2.14-2) ...\r\nSelecting previously unselected package libhwloc-plugins:amd64.\r\nPreparing to unpack .../066-libhwloc-plugins_2.4.1+dfsg-1_amd64.deb ...\r\nUnpacking libhwloc-plugins:amd64 (2.4.1+dfsg-1) ...\r\nSelecting previously unselected package libpmix2:amd64.\r\nPreparing to unpack .../067-libpmix2_4.0.0-4.1_amd64.deb ...\r\nUnpacking libpmix2:amd64 (4.0.0-4.1) ...\r\nSelecting previously unselected package libucx0:amd64.\r\nPreparing to unpack .../068-libucx0_1.10.1~rc1+really.1.10.0-1_amd64.deb ...\r\nUnpacking libucx0:amd64 (1.10.1~rc1+really.1.10.0-1) ...\r\nSelecting previously unselected package libopenmpi3:amd64.\r\nPreparing to unpack .../069-libopenmpi3_4.1.0-10_amd64.deb ...\r\nUnpacking libopenmpi3:amd64 (4.1.0-10) ...\r\nSelecting previously unselected package libboost-mpi1.74.0.\r\nPreparing to unpack .../070-libboost-mpi1.74.0_1.74.0-9_amd64.deb ...\r\nUnpacking libboost-mpi1.74.0 (1.74.0-9) ...\r\nSelecting previously unselected package libboost-graph-parallel1.74.0.\r\nPreparing to unpack .../071-libboost-graph-parallel1.74.0_1.74.0-9_amd64.deb ...\r\nUnpacking libboost-graph-parallel1.74.0 (1.74.0-9) ...\r\nSelecting previously unselected package libboost-graph-parallel1.74-dev.\r\nPreparing to unpack .../072-libboost-graph-parallel1.74-dev_1.74.0-9_amd64.deb ...\r\nUnpacking libboost-graph-parallel1.74-dev (1.74.0-9) ...\r\nSelecting previously unselected package libboost-graph-parallel-dev.\r\nPreparing to unpack .../073-libboost-graph-parallel-dev_1.74.0.3_amd64.deb ...\r\nUnpacking libboost-graph-parallel-dev (1.74.0.3) ...\r\nSelecting previously unselected package libboost-iostreams1.74.0:amd64.\r\nPreparing to unpack .../074-libboost-iostreams1.74.0_1.74.0-9_amd64.deb ...\r\nUnpacking libboost-iostreams1.74.0:amd64 (1.74.0-9) ...\r\nSelecting previously unselected package libboost-iostreams1.74-dev:amd64.\r\nPreparing to unpack .../075-libboost-iostreams1.74-dev_1.74.0-9_amd64.deb ...\r\nUnpacking libboost-iostreams1.74-dev:amd64 (1.74.0-9) ...\r\nSelecting previously unselected package libboost-iostreams-dev:amd64.\r\nPreparing to unpack .../076-libboost-iostreams-dev_1.74.0.3_amd64.deb ...\r\nUnpacking libboost-iostreams-dev:amd64 (1.74.0.3) ...\r\nSelecting previously unselected package libboost-locale1.74.0:amd64.\r\nPreparing to unpack .../077-libboost-locale1.74.0_1.74.0-9_amd64.deb ...\r\nUnpacking libboost-locale1.74.0:amd64 (1.74.0-9) ...\r\nSelecting previously unselected package libboost-locale1.74-dev:amd64.\r\nPreparing to unpack .../078-libboost-locale1.74-dev_1.74.0-9_amd64.deb ...\r\nUnpacking libboost-locale1.74-dev:amd64 (1.74.0-9) ...\r\nSelecting previously unselected package libboost-locale-dev:amd64.\r\nPreparing to unpack .../079-libboost-locale-dev_1.74.0.3_amd64.deb ...\r\nUnpacking libboost-locale-dev:amd64 (1.74.0.3) ...\r\nSelecting previously unselected package libboost-log1.74.0.\r\nPreparing to unpack .../080-libboost-log1.74.0_1.74.0-9_amd64.deb ...\r\nUnpacking libboost-log1.74.0 (1.74.0-9) ...\r\nSelecting previously unselected package libboost-log1.74-dev.\r\nPreparing to unpack .../081-libboost-log1.74-dev_1.74.0-9_amd64.deb ...\r\nUnpacking libboost-log1.74-dev (1.74.0-9) ...\r\nSelecting previously unselected package libboost-log-dev.\r\nPreparing to unpack .../082-libboost-log-dev_1.74.0.3_amd64.deb ...\r\nUnpacking libboost-log-dev (1.74.0.3) ...\r\nSelecting previously unselected package libboost-math1.74.0:amd64.\r\nPreparing to unpack .../083-libboost-math1.74.0_1.74.0-9_amd64.deb ...\r\nUnpacking libboost-math1.74.0:amd64 (1.74.0-9) ...\r\nSelecting previously unselected package libboost-math1.74-dev:amd64.\r\nPreparing to unpack .../084-libboost-math1.74-dev_1.74.0-9_amd64.deb ...\r\nUnpacking libboost-math1.74-dev:amd64 (1.74.0-9) ...\r\nSelecting previously unselected package libboost-math-dev:amd64.\r\nPreparing to unpack .../085-libboost-math-dev_1.74.0.3_amd64.deb ...\r\nUnpacking libboost-math-dev:amd64 (1.74.0.3) ...\r\nSelecting previously unselected package openmpi-common.\r\nPreparing to unpack .../086-openmpi-common_4.1.0-10_all.deb ...\r\nUnpacking openmpi-common (4.1.0-10) ...\r\nSelecting previously unselected package libnl-3-dev:amd64.\r\nPreparing to unpack .../087-libnl-3-dev_3.4.0-1+b1_amd64.deb ...\r\nUnpacking libnl-3-dev:amd64 (3.4.0-1+b1) ...\r\nSelecting previously unselected package libnl-route-3-dev:amd64.\r\nPreparing to unpack .../088-libnl-route-3-dev_3.4.0-1+b1_amd64.deb ...\r\nUnpacking libnl-route-3-dev:amd64 (3.4.0-1+b1) ...\r\nSelecting previously unselected package libibverbs-dev:amd64.\r\nPreparing to unpack .../089-libibverbs-dev_33.2-1_amd64.deb ...\r\nUnpacking libibverbs-dev:amd64 (33.2-1) ...\r\nSelecting previously unselected package libnuma-dev:amd64.\r\nPreparing to unpack .../090-libnuma-dev_2.0.12-1+b1_amd64.deb ...\r\nUnpacking libnuma-dev:amd64 (2.0.12-1+b1) ...\r\nSelecting previously unselected package libhwloc-dev:amd64.\r\nPreparing to unpack .../091-libhwloc-dev_2.4.1+dfsg-1_amd64.deb ...\r\nUnpacking libhwloc-dev:amd64 (2.4.1+dfsg-1) ...\r\nSelecting previously unselected package libpmix-dev:amd64.\r\nPreparing to unpack .../092-libpmix-dev_4.0.0-4.1_amd64.deb ...\r\nUnpacking libpmix-dev:amd64 (4.0.0-4.1) ...\r\nSelecting previously unselected package libjs-jquery.\r\nPreparing to unpack .../093-libjs-jquery_3.5.1+dfsg+~3.5.5-7_all.deb ...\r\nUnpacking libjs-jquery (3.5.1+dfsg+~3.5.5-7) ...\r\nSelecting previously unselected package libjs-jquery-ui.\r\nPreparing to unpack .../094-libjs-jquery-ui_1.12.1+dfsg-8+deb11u1_all.deb ...\r\nUnpacking libjs-jquery-ui (1.12.1+dfsg-8+deb11u1) ...\r\nSelecting previously unselected package openmpi-bin.\r\nPreparing to unpack .../095-openmpi-bin_4.1.0-10_amd64.deb ...\r\nUnpacking openmpi-bin (4.1.0-10) ...\r\nSelecting previously unselected package libopenmpi-dev:amd64.\r\nPreparing to unpack .../096-libopenmpi-dev_4.1.0-10_amd64.deb ...\r\nUnpacking libopenmpi-dev:amd64 (4.1.0-10) ...\r\nSelecting previously unselected package mpi-default-dev.\r\nPreparing to unpack .../097-mpi-default-dev_1.13_amd64.deb ...\r\nUnpacking mpi-default-dev (1.13) ...\r\nSelecting previously unselected package libboost-mpi1.74-dev.\r\nPreparing to unpack .../098-libboost-mpi1.74-dev_1.74.0-9_amd64.deb ...\r\nUnpacking libboost-mpi1.74-dev (1.74.0-9) ...\r\nSelecting previously unselected package libboost-mpi-dev.\r\nPreparing to unpack .../099-libboost-mpi-dev_1.74.0.3_amd64.deb ...\r\nUnpacking libboost-mpi-dev (1.74.0.3) ...\r\nSelecting previously unselected package libboost-python1.74.0.\r\nPreparing to unpack .../100-libboost-python1.74.0_1.74.0-9_amd64.deb ...\r\nUnpacking libboost-python1.74.0 (1.74.0-9) ...\r\nSelecting previously unselected package mpi-default-bin.\r\nPreparing to unpack .../101-mpi-default-bin_1.13_amd64.deb ...\r\nUnpacking mpi-default-bin (1.13) ...\r\nSelecting previously unselected package libboost-mpi-python1.74.0.\r\nPreparing to unpack .../102-libboost-mpi-python1.74.0_1.74.0-9_amd64.deb ...\r\nUnpacking libboost-mpi-python1.74.0 (1.74.0-9) ...\r\nSelecting previously unselected package libboost-mpi-python1.74-dev.\r\nPreparing to unpack .../103-libboost-mpi-python1.74-dev_1.74.0-9_amd64.deb ...\r\nUnpacking libboost-mpi-python1.74-dev (1.74.0-9) ...\r\nSelecting previously unselected package libboost-mpi-python-dev.\r\nPreparing to unpack .../104-libboost-mpi-python-dev_1.74.0.3_amd64.deb ...\r\nUnpacking libboost-mpi-python-dev (1.74.0.3) ...\r\nSelecting previously unselected package libboost-numpy1.74.0.\r\nPreparing to unpack .../105-libboost-numpy1.74.0_1.74.0-9_amd64.deb ...\r\nUnpacking libboost-numpy1.74.0 (1.74.0-9) ...\r\nSelecting previously unselected package libboost-numpy1.74-dev.\r\nPreparing to unpack .../106-libboost-numpy1.74-dev_1.74.0-9_amd64.deb ...\r\nUnpacking libboost-numpy1.74-dev (1.74.0-9) ...\r\nSelecting previously unselected package libboost-numpy-dev.\r\nPreparing to unpack .../107-libboost-numpy-dev_1.74.0.3_amd64.deb ...\r\nUnpacking libboost-numpy-dev (1.74.0.3) ...\r\nSelecting previously unselected package libboost-program-options1.74.0:amd64.\r\nPreparing to unpack .../108-libboost-program-options1.74.0_1.74.0-9_amd64.deb ...\r\nUnpacking libboost-program-options1.74.0:amd64 (1.74.0-9) ...\r\nSelecting previously unselected package libboost-program-options1.74-dev:amd64.\r\nPreparing to unpack .../109-libboost-program-options1.74-dev_1.74.0-9_amd64.deb ...\r\nUnpacking libboost-program-options1.74-dev:amd64 (1.74.0-9) ...\r\nSelecting previously unselected package libboost-program-options-dev:amd64.\r\nPreparing to unpack .../110-libboost-program-options-dev_1.74.0.3_amd64.deb ...\r\nUnpacking libboost-program-options-dev:amd64 (1.74.0.3) ...\r\nSelecting previously unselected package libpython3.9:amd64.\r\nPreparing to unpack .../111-libpython3.9_3.9.2-1_amd64.deb ...\r\nUnpacking libpython3.9:amd64 (3.9.2-1) ...\r\nSelecting previously unselected package libpython3.9-dev:amd64.\r\nPreparing to unpack .../112-libpython3.9-dev_3.9.2-1_amd64.deb ...\r\nUnpacking libpython3.9-dev:amd64 (3.9.2-1) ...\r\nSelecting previously unselected package libpython3-dev:amd64.\r\nPreparing to unpack .../113-libpython3-dev_3.9.2-3_amd64.deb ...\r\nUnpacking libpython3-dev:amd64 (3.9.2-3) ...\r\nSelecting previously unselected package python3.9-dev.\r\nPreparing to unpack .../114-python3.9-dev_3.9.2-1_amd64.deb ...\r\nUnpacking python3.9-dev (3.9.2-1) ...\r\nSelecting previously unselected package libjs-underscore.\r\nPreparing to unpack .../115-libjs-underscore_1.9.1~dfsg-3_all.deb ...\r\nUnpacking libjs-underscore (1.9.1~dfsg-3) ...\r\nSelecting previously unselected package libjs-sphinxdoc.\r\nPreparing to unpack .../116-libjs-sphinxdoc_3.4.3-2_all.deb ...\r\nUnpacking libjs-sphinxdoc (3.4.3-2) ...\r\nSelecting previously unselected package python3-dev.\r\nPreparing to unpack .../117-python3-dev_3.9.2-3_amd64.deb ...\r\nUnpacking python3-dev (3.9.2-3) ...\r\nSelecting previously unselected package libboost-python1.74-dev.\r\nPreparing to unpack .../118-libboost-python1.74-dev_1.74.0-9_amd64.deb ...\r\nUnpacking libboost-python1.74-dev (1.74.0-9) ...\r\nSelecting previously unselected package libboost-python-dev.\r\nPreparing to unpack .../119-libboost-python-dev_1.74.0.3_amd64.deb ...\r\nUnpacking libboost-python-dev (1.74.0.3) ...\r\nSelecting previously unselected package libboost-random1.74.0:amd64.\r\nPreparing to unpack .../120-libboost-random1.74.0_1.74.0-9_amd64.deb ...\r\nUnpacking libboost-random1.74.0:amd64 (1.74.0-9) ...\r\nSelecting previously unselected package libboost-random1.74-dev:amd64.\r\nPreparing to unpack .../121-libboost-random1.74-dev_1.74.0-9_amd64.deb ...\r\nUnpacking libboost-random1.74-dev:amd64 (1.74.0-9) ...\r\nSelecting previously unselected package libboost-random-dev:amd64.\r\nPreparing to unpack .../122-libboost-random-dev_1.74.0.3_amd64.deb ...\r\nUnpacking libboost-random-dev:amd64 (1.74.0.3) ...\r\nSelecting previously unselected package libboost-regex-dev:amd64.\r\nPreparing to unpack .../123-libboost-regex-dev_1.74.0.3_amd64.deb ...\r\nUnpacking libboost-regex-dev:amd64 (1.74.0.3) ...\r\nSelecting previously unselected package libboost-serialization-dev:amd64.\r\nPreparing to unpack .../124-libboost-serialization-dev_1.74.0.3_amd64.deb ...\r\nUnpacking libboost-serialization-dev:amd64 (1.74.0.3) ...\r\nSelecting previously unselected package libboost-stacktrace1.74.0:amd64.\r\nPreparing to unpack .../125-libboost-stacktrace1.74.0_1.74.0-9_amd64.deb ...\r\nUnpacking libboost-stacktrace1.74.0:amd64 (1.74.0-9) ...\r\nSelecting previously unselected package libboost-stacktrace1.74-dev:amd64.\r\nPreparing to unpack .../126-libboost-stacktrace1.74-dev_1.74.0-9_amd64.deb ...\r\nUnpacking libboost-stacktrace1.74-dev:amd64 (1.74.0-9) ...\r\nSelecting previously unselected package libboost-stacktrace-dev:amd64.\r\nPreparing to unpack .../127-libboost-stacktrace-dev_1.74.0.3_amd64.deb ...\r\nUnpacking libboost-stacktrace-dev:amd64 (1.74.0.3) ...\r\nSelecting previously unselected package libboost-system-dev:amd64.\r\nPreparing to unpack .../128-libboost-system-dev_1.74.0.3_amd64.deb ...\r\nUnpacking libboost-system-dev:amd64 (1.74.0.3) ...\r\nSelecting previously unselected package libboost-test-dev:amd64.\r\nPreparing to unpack .../129-libboost-test-dev_1.74.0.3_amd64.deb ...\r\nUnpacking libboost-test-dev:amd64 (1.74.0.3) ...\r\nSelecting previously unselected package libboost-thread-dev:amd64.\r\nPreparing to unpack .../130-libboost-thread-dev_1.74.0.3_amd64.deb ...\r\nUnpacking libboost-thread-dev:amd64 (1.74.0.3) ...\r\nSelecting previously unselected package libboost-timer1.74.0:amd64.\r\nPreparing to unpack .../131-libboost-timer1.74.0_1.74.0-9_amd64.deb ...\r\nUnpacking libboost-timer1.74.0:amd64 (1.74.0-9) ...\r\nSelecting previously unselected package libboost-timer1.74-dev:amd64.\r\nPreparing to unpack .../132-libboost-timer1.74-dev_1.74.0-9_amd64.deb ...\r\nUnpacking libboost-timer1.74-dev:amd64 (1.74.0-9) ...\r\nSelecting previously unselected package libboost-timer-dev:amd64.\r\nPreparing to unpack .../133-libboost-timer-dev_1.74.0.3_amd64.deb ...\r\nUnpacking libboost-timer-dev:amd64 (1.74.0.3) ...\r\nSelecting previously unselected package libboost-type-erasure1.74.0:amd64.\r\nPreparing to unpack .../134-libboost-type-erasure1.74.0_1.74.0-9_amd64.deb ...\r\nUnpacking libboost-type-erasure1.74.0:amd64 (1.74.0-9) ...\r\nSelecting previously unselected package libboost-type-erasure1.74-dev:amd64.\r\nPreparing to unpack .../135-libboost-type-erasure1.74-dev_1.74.0-9_amd64.deb ...\r\nUnpacking libboost-type-erasure1.74-dev:amd64 (1.74.0-9) ...\r\nSelecting previously unselected package libboost-type-erasure-dev:amd64.\r\nPreparing to unpack .../136-libboost-type-erasure-dev_1.74.0.3_amd64.deb ...\r\nUnpacking libboost-type-erasure-dev:amd64 (1.74.0.3) ...\r\nSelecting previously unselected package libboost-wave1.74.0:amd64.\r\nPreparing to unpack .../137-libboost-wave1.74.0_1.74.0-9_amd64.deb ...\r\nUnpacking libboost-wave1.74.0:amd64 (1.74.0-9) ...\r\nSelecting previously unselected package libboost-wave1.74-dev:amd64.\r\nPreparing to unpack .../138-libboost-wave1.74-dev_1.74.0-9_amd64.deb ...\r\nUnpacking libboost-wave1.74-dev:amd64 (1.74.0-9) ...\r\nSelecting previously unselected package libboost-wave-dev:amd64.\r\nPreparing to unpack .../139-libboost-wave-dev_1.74.0.3_amd64.deb ...\r\nUnpacking libboost-wave-dev:amd64 (1.74.0.3) ...\r\nSelecting previously unselected package libboost-nowide1.74.0.\r\nPreparing to unpack .../140-libboost-nowide1.74.0_1.74.0-9_amd64.deb ...\r\nUnpacking libboost-nowide1.74.0 (1.74.0-9) ...\r\nSelecting previously unselected package libboost-nowide1.74-dev.\r\nPreparing to unpack .../141-libboost-nowide1.74-dev_1.74.0-9_amd64.deb ...\r\nUnpacking libboost-nowide1.74-dev (1.74.0-9) ...\r\nSelecting previously unselected package libboost-nowide-dev.\r\nPreparing to unpack .../142-libboost-nowide-dev_1.74.0.3_amd64.deb ...\r\nUnpacking libboost-nowide-dev (1.74.0.3) ...\r\nSelecting previously unselected package libboost-all-dev.\r\nPreparing to unpack .../143-libboost-all-dev_1.74.0.3_amd64.deb ...\r\nUnpacking libboost-all-dev (1.74.0.3) ...\r\nSelecting previously unselected package libcaf-openmpi-3:amd64.\r\nPreparing to unpack .../144-libcaf-openmpi-3_2.9.2-3_amd64.deb ...\r\nUnpacking libcaf-openmpi-3:amd64 (2.9.2-3) ...\r\nSelecting previously unselected package libcoarrays-dev:amd64.\r\nPreparing to unpack .../145-libcoarrays-dev_2.9.2-3_amd64.deb ...\r\nUnpacking libcoarrays-dev:amd64 (2.9.2-3) ...\r\nSelecting previously unselected package libcoarrays-openmpi-dev:amd64.\r\nPreparing to unpack .../146-libcoarrays-openmpi-dev_2.9.2-3_amd64.deb ...\r\nUnpacking libcoarrays-openmpi-dev:amd64 (2.9.2-3) ...\r\nSelecting previously unselected package sqlite3.\r\nPreparing to unpack .../147-sqlite3_3.34.1-3_amd64.deb ...\r\nUnpacking sqlite3 (3.34.1-3) ...\r\nSetting up libboost-chrono1.74.0:amd64 (1.74.0-9) ...\r\nSetting up libboost-system1.74.0:amd64 (1.74.0-9) ...\r\nSetting up javascript-common (11+nmu1) ...\r\nSetting up libpciaccess0:amd64 (0.16-1) ...\r\nSetting up libboost1.74-dev:amd64 (1.74.0-9) ...\r\nSetting up libboost-atomic1.74.0:amd64 (1.74.0-9) ...\r\nSetting up libarchive13:amd64 (3.4.3-2+deb11u1) ...\r\nSetting up libboost-iostreams1.74.0:amd64 (1.74.0-9) ...\r\nSetting up libboost-program-options1.74.0:amd64 (1.74.0-9) ...\r\nSetting up libboost-chrono1.74-dev:amd64 (1.74.0-9) ...\r\nSetting up libboost-stacktrace1.74.0:amd64 (1.74.0-9) ...\r\nSetting up libboost-nowide1.74.0 (1.74.0-9) ...\r\nSetting up libboost-filesystem1.74.0:amd64 (1.74.0-9) ...\r\nSetting up libboost-exception1.74-dev:amd64 (1.74.0-9) ...\r\nSetting up libboost-exception-dev:amd64 (1.74.0.3) ...\r\nSetting up libboost-program-options1.74-dev:amd64 (1.74.0-9) ...\r\nSetting up libnuma-dev:amd64 (2.0.12-1+b1) ...\r\nSetting up libxnvctrl0:amd64 (470.141.03-1~deb11u1) ...\r\nSetting up libuv1:amd64 (1.40.0-2) ...\r\nSetting up libpython3.9:amd64 (3.9.2-1) ...\r\nSetting up libboost-test1.74.0:amd64 (1.74.0-9) ...\r\nSetting up libboost-program-options-dev:amd64 (1.74.0.3) ...\r\nSetting up libboost-system1.74-dev:amd64 (1.74.0-9) ...\r\nSetting up libboost-nowide1.74-dev (1.74.0-9) ...\r\nSetting up libboost-regex1.74.0:amd64 (1.74.0-9) ...\r\nSetting up libhwloc15:amd64 (2.4.1+dfsg-1) ...\r\nSetting up libboost-context1.74.0:amd64 (1.74.0-9) ...\r\nSetting up libboost-graph1.74.0:amd64 (1.74.0-9) ...\r\nSetting up libboost-random1.74.0:amd64 (1.74.0-9) ...\r\nSetting up libboost1.74-tools-dev (1.74.0-9) ...\r\nSetting up libgfortran5:amd64 (10.2.1-6) ...\r\nSetting up libjsoncpp24:amd64 (1.9.4-4) ...\r\nSetting up libboost-atomic1.74-dev:amd64 (1.74.0-9) ...\r\nSetting up libboost-math1.74.0:amd64 (1.74.0-9) ...\r\nSetting up libboost-serialization1.74.0:amd64 (1.74.0-9) ...\r\nSetting up libboost-atomic-dev:amd64 (1.74.0.3) ...\r\nSetting up libboost-container1.74.0:amd64 (1.74.0-9) ...\r\nSetting up libboost-regex1.74-dev:amd64 (1.74.0-9) ...\r\nSetting up ocl-icd-libopencl1:amd64 (2.2.14-2) ...\r\nSetting up librhash0:amd64 (1.4.1-2) ...\r\nSetting up libnl-3-200:amd64 (3.4.0-1+b1) ...\r\nSetting up libpsm2-2 (11.2.185-1) ...\r\nSetting up openmpi-common (4.1.0-10) ...\r\nSetting up libgfortran-10-dev:amd64 (10.2.1-6) ...\r\nSetting up libhwloc-dev:amd64 (2.4.1+dfsg-1) ...\r\nSetting up cmake-data (3.18.4-2+deb11u1) ...\r\nSetting up libboost-dev:amd64 (1.74.0.3) ...\r\nSetting up libboost-math1.74-dev:amd64 (1.74.0-9) ...\r\nSetting up libpsm-infinipath1 (3.3+20.604758e7-6.1) ...\r\nupdate-alternatives: using /usr/lib/libpsm1/libpsm_infinipath.so.1.16 to provide /usr/lib/x86_64-linux-gnu/libpsm_infinipath.so.1 (libpsm_infinipath.so.1) in auto mode\r\nSetting up libboost-filesystem1.74-dev:amd64 (1.74.0-9) ...\r\nSetting up libjs-jquery (3.5.1+dfsg+~3.5.5-7) ...\r\nSetting up libboost-date-time1.74.0:amd64 (1.74.0-9) ...\r\nSetting up libboost-python1.74.0 (1.74.0-9) ...\r\nSetting up libboost-fiber1.74.0:amd64 (1.74.0-9) ...\r\nSetting up libboost-stacktrace1.74-dev:amd64 (1.74.0-9) ...\r\nSetting up libboost-test1.74-dev:amd64 (1.74.0-9) ...\r\nSetting up libboost-regex-dev:amd64 (1.74.0.3) ...\r\nSetting up libboost-timer1.74.0:amd64 (1.74.0-9) ...\r\nSetting up libboost-filesystem-dev:amd64 (1.74.0.3) ...\r\nSetting up sqlite3 (3.34.1-3) ...\r\nSetting up libjs-underscore (1.9.1~dfsg-3) ...\r\nSetting up libboost-thread1.74.0:amd64 (1.74.0-9) ...\r\nSetting up libboost-numpy1.74.0 (1.74.0-9) ...\r\nSetting up libboost-log1.74.0 (1.74.0-9) ...\r\nSetting up libboost-container1.74-dev:amd64 (1.74.0-9) ...\r\nSetting up libboost-chrono-dev:amd64 (1.74.0.3) ...\r\nSetting up libboost-math-dev:amd64 (1.74.0.3) ...\r\nSetting up libboost-coroutine1.74.0:amd64 (1.74.0-9) ...\r\nSetting up libboost-system-dev:amd64 (1.74.0.3) ...\r\nSetting up libpython3.9-dev:amd64 (3.9.2-1) ...\r\nSetting up libboost-tools-dev (1.74.0.3) ...\r\nSetting up libhwloc-plugins:amd64 (2.4.1+dfsg-1) ...\r\nSetting up libboost-nowide-dev (1.74.0.3) ...\r\nSetting up libboost-container-dev:amd64 (1.74.0.3) ...\r\nSetting up libnl-route-3-200:amd64 (3.4.0-1+b1) ...\r\nSetting up libboost-test-dev:amd64 (1.74.0.3) ...\r\nSetting up libboost-iostreams1.74-dev:amd64 (1.74.0-9) ...\r\nSetting up libjs-jquery-ui (1.12.1+dfsg-8+deb11u1) ...\r\nSetting up libboost-random1.74-dev:amd64 (1.74.0-9) ...\r\nSetting up gfortran-10 (10.2.1-6) ...\r\nSetting up libboost-timer1.74-dev:amd64 (1.74.0-9) ...\r\nSetting up libboost-numpy1.74-dev (1.74.0-9) ...\r\nSetting up libjs-sphinxdoc (3.4.3-2) ...\r\nSetting up libboost-serialization1.74-dev:amd64 (1.74.0-9) ...\r\nSetting up libboost-wave1.74.0:amd64 (1.74.0-9) ...\r\nSetting up python3.9-dev (3.9.2-1) ...\r\nSetting up libnl-3-dev:amd64 (3.4.0-1+b1) ...\r\nSetting up libboost-stacktrace-dev:amd64 (1.74.0.3) ...\r\nSetting up cmake (3.18.4-2+deb11u1) ...\r\nSetting up libboost-locale1.74.0:amd64 (1.74.0-9) ...\r\nSetting up libboost-timer-dev:amd64 (1.74.0.3) ...\r\nSetting up libboost-type-erasure1.74.0:amd64 (1.74.0-9) ...\r\nSetting up libibverbs1:amd64 (33.2-1) ...\r\nSetting up libpython3-dev:amd64 (3.9.2-3) ...\r\nSetting up libboost-wave1.74-dev:amd64 (1.74.0-9) ...\r\nSetting up libpmix2:amd64 (4.0.0-4.1) ...\r\nSetting up ibverbs-providers:amd64 (33.2-1) ...\r\nSetting up libboost-random-dev:amd64 (1.74.0.3) ...\r\nSetting up libboost-wave-dev:amd64 (1.74.0.3) ...\r\nSetting up libboost-iostreams-dev:amd64 (1.74.0.3) ...\r\nSetting up gfortran (4:10.2.1-1) ...\r\nupdate-alternatives: error: alternative path /usr/bin/gfortran doesn't exist\r\ndpkg: error processing package gfortran (--configure):\r\n installed gfortran package post-installation script subprocess returned error exit status 2\r\nSetting up libnl-route-3-dev:amd64 (3.4.0-1+b1) ...\r\nSetting up libboost-date-time1.74-dev:amd64 (1.74.0-9) ...\r\nSetting up libboost-graph1.74-dev:amd64 (1.74.0-9) ...\r\nSetting up python3-dev (3.9.2-3) ...\r\nSetting up libboost-numpy-dev (1.74.0.3) ...\r\nSetting up libboost-serialization-dev:amd64 (1.74.0.3) ...\r\nSetting up libboost-date-time-dev:amd64 (1.74.0.3) ...\r\nSetting up libboost-thread1.74-dev:amd64 (1.74.0-9) ...\r\nSetting up libpmix-dev:amd64 (4.0.0-4.1) ...\r\nSetting up libboost-thread-dev:amd64 (1.74.0.3) ...\r\nSetting up librdmacm1:amd64 (33.2-1) ...\r\nSetting up libboost-graph-dev:amd64 (1.74.0.3) ...\r\nSetting up libucx0:amd64 (1.10.1~rc1+really.1.10.0-1) ...\r\nSetting up libboost-log1.74-dev (1.74.0-9) ...\r\ndpkg: dependency problems prevent configuration of libcoarrays-dev:amd64:\r\n libcoarrays-dev:amd64 depends on gfortran | fortran-compiler; however:\r\n  Package gfortran is not configured yet.\r\n  Package fortran-compiler is not installed.\r\n  Package gfortran which provides fortran-compiler is not configured yet.\r\n\r\ndpkg: error processing package libcoarrays-dev:amd64 (--configure):\r\n dependency problems - leaving unconfigured\r\nSetting up libibverbs-dev:amd64 (33.2-1) ...\r\ndpkg: dependency problems prevent configuration of libcoarrays-openmpi-dev:amd64:\r\n libcoarrays-openmpi-dev:amd64 depends on gfortran | fortran-compiler; however:\r\n  Package gfortran is not configured yet.\r\n  Package fortran-compiler is not installed.\r\n  Package gfortran which provides fortran-compiler is not configured yet.\r\n libcoarrays-openmpi-dev:amd64 depends on libcoarrays-dev; however:\r\n  Package libcoarrays-dev:amd64 is not configured yet.\r\n\r\ndpkg: error processing package libcoarrays-openmpi-dev:amd64 (--configure):\r\n dependency problems - leaving unconfigured\r\nSetting up libboost-context1.74-dev:amd64 (1.74.0-9) ...\r\nSetting up libboost-python1.74-dev (1.74.0-9) ...\r\nSetting up libboost-python-dev (1.74.0.3) ...\r\nSetting up libboost-fiber1.74-dev:amd64 (1.74.0-9) ...\r\nSetting up libboost-type-erasure1.74-dev:amd64 (1.74.0-9) ...\r\nSetting up libboost-locale1.74-dev:amd64 (1.74.0-9) ...\r\nSetting up libboost-coroutine1.74-dev:amd64 (1.74.0-9) ...\r\nSetting up libboost-coroutine-dev:amd64 (1.74.0.3) ...\r\nSetting up libboost-log-dev (1.74.0.3) ...\r\nSetting up libboost-fiber-dev:amd64 (1.74.0.3) ...\r\nSetting up libfabric1 (1.11.0-2) ...\r\nSetting up libopenmpi3:amd64 (4.1.0-10) ...\r\nSetting up libboost-mpi1.74.0 (1.74.0-9) ...\r\nSetting up libboost-locale-dev:amd64 (1.74.0.3) ...\r\nSetting up libboost-context-dev:amd64 (1.74.0.3) ...\r\nSetting up libboost-type-erasure-dev:amd64 (1.74.0.3) ...\r\nSetting up libcaf-openmpi-3:amd64 (2.9.2-3) ...\r\nSetting up libboost-graph-parallel1.74.0 (1.74.0-9) ...\r\nSetting up openmpi-bin (4.1.0-10) ...\r\nupdate-alternatives: using /usr/bin/mpirun.openmpi to provide /usr/bin/mpirun (mpirun) in auto mode\r\nupdate-alternatives: using /usr/bin/mpicc.openmpi to provide /usr/bin/mpicc (mpi) in auto mode\r\nSetting up mpi-default-bin (1.13) ...\r\nSetting up libboost-graph-parallel1.74-dev (1.74.0-9) ...\r\nSetting up libopenmpi-dev:amd64 (4.1.0-10) ...\r\nupdate-alternatives: using /usr/lib/x86_64-linux-gnu/openmpi/include to provide /usr/include/x86_64-linux-gnu/mpi (mpi-x86_64-linux-gnu) in auto mode\r\nSetting up libboost-mpi-python1.74.0 (1.74.0-9) ...\r\nSetting up libboost-graph-parallel-dev (1.74.0.3) ...\r\nSetting up mpi-default-dev (1.13) ...\r\nSetting up libboost-mpi1.74-dev (1.74.0-9) ...\r\nSetting up libboost-mpi-python1.74-dev (1.74.0-9) ...\r\nSetting up libboost-mpi-python-dev (1.74.0.3) ...\r\nSetting up libboost-mpi-dev (1.74.0.3) ...\r\nSetting up libboost-all-dev (1.74.0.3) ...\r\nProcessing triggers for libc-bin (2.31-13+deb11u5) ...\r\nErrors were encountered while processing:\r\n gfortran\r\n libcoarrays-dev:amd64\r\n libcoarrays-openmpi-dev:amd64\r\n\u001b[91mE: Sub-process /usr/bin/dpkg returned an error code (1)\n\u001b[0mRemoving intermediate container 259a13c19de8\n","stderr":"The command '/bin/sh -c apt-get -qq update && apt-get -qq upgrade && apt-get -qqy install cmake libboost-all-dev sqlite3' returned a non-zero code: 100\n"},"endTime":1672299297213}