{"repository":"https://github.com/lugnitdgp/online-judge","dockerfilePath":"Dockerfile","startTime":1672536274040,"clone":{"stdout":"","stderr":"Cloning into '/tmp/dinghy-analysis/lugnitdgp/online-judge'...\n","error":null,"commit":"29610fadb33ba28a52194512b604c9668cd862ea"},"originalBuild":{"startTimestamp":1672536275164,"endTimestamp":1672536407466,"error":{"code":1,"killed":false,"signal":null,"cmd":"docker build --no-cache --force-rm -t online-judge:latest -f /tmp/dinghy-analysis/lugnitdgp/online-judge/Dockerfile ."},"stdout":"Sending build context to Docker daemon   5.29MB\r\r\nStep 1/7 : FROM python:3\n ---> 75cc8d87cc34\nStep 2/7 : ENV PYTHONBUFFERED 1\n ---> Running in 2fae29348ab0\nRemoving intermediate container 2fae29348ab0\n ---> 73be9045a197\nStep 3/7 : RUN mkdir /backend\n ---> Running in 4aebb96a8ef8\nRemoving intermediate container 4aebb96a8ef8\n ---> 0d7357e0499b\nStep 4/7 : WORKDIR /backend\n ---> Running in 0c36d62ee6e3\nRemoving intermediate container 0c36d62ee6e3\n ---> 7413c89057c7\nStep 5/7 : COPY requirements.txt /backend/\n ---> 92979b73aaa9\nStep 6/7 : RUN pip install -r requirements.txt\n ---> Running in 7a00cf812c1d\nCollecting amqp==5.0.5\n  Downloading amqp-5.0.5-py3-none-any.whl (51 kB)\n     ━━━━━━━━━━━━━━━━━━━━━━━━━━━━━━━━━━━━━━━━ 51.1/51.1 kB 3.5 MB/s eta 0:00:00\nCollecting asgiref==3.3.1\n  Downloading asgiref-3.3.1-py3-none-any.whl (19 kB)\nCollecting billiard==3.6.3.0\n  Downloading billiard-3.6.3.0-py3-none-any.whl (89 kB)\n     ━━━━━━━━━━━━━━━━━━━━━━━━━━━━━━━━━━━━━━━━ 89.4/89.4 kB 8.3 MB/s eta 0:00:00\nCollecting boto3==1.16.40\n  Downloading boto3-1.16.40-py2.py3-none-any.whl (130 kB)\n     ━━━━━━━━━━━━━━━━━━━━━━━━━━━━━━━━━━━━━━━ 130.2/130.2 kB 3.2 MB/s eta 0:00:00\nCollecting botocore==1.19.40\n  Downloading botocore-1.19.40-py2.py3-none-any.whl (7.1 MB)\n     ━━━━━━━━━━━━━━━━━━━━━━━━━━━━━━━━━━━━━━━━ 7.1/7.1 MB 7.3 MB/s eta 0:00:00\nCollecting cachetools==4.2.1\n  Downloading cachetools-4.2.1-py3-none-any.whl (12 kB)\nCollecting celery==5.0.5\n  Downloading celery-5.0.5-py3-none-any.whl (392 kB)\n     ━━━━━━━━━━━━━━━━━━━━━━━━━━━━━━━━━━━━━━━ 392.7/392.7 kB 2.2 MB/s eta 0:00:00\nCollecting certifi==2020.12.5\n  Downloading certifi-2020.12.5-py2.py3-none-any.whl (147 kB)\n     ━━━━━━━━━━━━━━━━━━━━━━━━━━━━━━━━━━━━━ 147.5/147.5 kB 151.2 kB/s eta 0:00:00\nCollecting cffi==1.14.5\n  Downloading cffi-1.14.5.tar.gz (475 kB)\n     ━━━━━━━━━━━━━━━━━━━━━━━━━━━━━━━━━━━━━━ 475.1/475.1 kB 34.6 MB/s eta 0:00:00\n  Preparing metadata (setup.py): started\n  Preparing metadata (setup.py): finished with status 'done'\nCollecting chardet==4.0.0\n  Downloading chardet-4.0.0-py2.py3-none-any.whl (178 kB)\n     ━━━━━━━━━━━━━━━━━━━━━━━━━━━━━━━━━━━━━━ 178.7/178.7 kB 10.0 MB/s eta 0:00:00\nCollecting cryptography==2.9.2\n  Downloading cryptography-2.9.2-cp35-abi3-manylinux2010_x86_64.whl (2.7 MB)\n     ━━━━━━━━━━━━━━━━━━━━━━━━━━━━━━━━━━━━━━━━ 2.7/2.7 MB 42.7 MB/s eta 0:00:00\nCollecting Django==3.1.7\n  Downloading Django-3.1.7-py3-none-any.whl (7.8 MB)\n     ━━━━━━━━━━━━━━━━━━━━━━━━━━━━━━━━━━━━━━━━ 7.8/7.8 MB 29.2 MB/s eta 0:00:00\nCollecting django-celery-results==2.0.1\n  Downloading django_celery_results-2.0.1-py2.py3-none-any.whl (23 kB)\nCollecting django-cors-headers==3.7.0\n  Downloading django_cors_headers-3.7.0-py3-none-any.whl (12 kB)\nCollecting django-froala-editor==3.2.2\n  Downloading django-froala-editor-3.2.2.tar.gz (917 kB)\n     ━━━━━━━━━━━━━━━━━━━━━━━━━━━━━━━━━━━━━━ 917.1/917.1 kB 38.1 MB/s eta 0:00:00\n  Preparing metadata (setup.py): started\n  Preparing metadata (setup.py): finished with status 'done'\nCollecting django-rest-knox==4.1.0\n  Downloading django_rest_knox-4.1.0-py3-none-any.whl (13 kB)\nCollecting django-richtextfield==1.5.0\n  Downloading django-richtextfield-1.5.0.tar.gz (17 kB)\n  Preparing metadata (setup.py): started\n  Preparing metadata (setup.py): finished with status 'done'\nCollecting django-storages==1.11\n  Downloading django_storages-1.11-py3-none-any.whl (42 kB)\n     ━━━━━━━━━━━━━━━━━━━━━━━━━━━━━━━━━━━━━━━━ 42.7/42.7 kB 80.0 kB/s eta 0:00:00\nCollecting django-tinymce==3.0.2\n  Downloading django_tinymce-3.0.2-py2.py3-none-any.whl (3.0 MB)\n     ━━━━━━━━━━━━━━━━━━━━━━━━━━━━━━━━━━━━━━━━ 3.0/3.0 MB 5.1 MB/s eta 0:00:00\nCollecting djangorestframework==3.12.2\n  Downloading djangorestframework-3.12.2-py3-none-any.whl (957 kB)\n     ━━━━━━━━━━━━━━━━━━━━━━━━━━━━━━━━━━━━━━━ 957.4/957.4 kB 1.1 MB/s eta 0:00:00\nCollecting google-auth==1.27.0\n  Downloading google_auth-1.27.0-py2.py3-none-any.whl (135 kB)\n     ━━━━━━━━━━━━━━━━━━━━━━━━━━━━━━━━━━━━━━━ 135.6/135.6 kB 1.1 MB/s eta 0:00:00\nCollecting gunicorn==20.0.4\n  Downloading gunicorn-20.0.4-py2.py3-none-any.whl (77 kB)\n     ━━━━━━━━━━━━━━━━━━━━━━━━━━━━━━━━━━━━━━━━ 77.9/77.9 kB 80.7 kB/s eta 0:00:00\nCollecting idna==2.10\n  Downloading idna-2.10-py2.py3-none-any.whl (58 kB)\n     ━━━━━━━━━━━━━━━━━━━━━━━━━━━━━━━━━━━━━━━ 58.8/58.8 kB 355.0 kB/s eta 0:00:00\nCollecting importlib-metadata==3.7.0\n  Downloading importlib_metadata-3.7.0-py3-none-any.whl (11 kB)\nCollecting jmespath==0.10.0\n  Downloading jmespath-0.10.0-py2.py3-none-any.whl (24 kB)\nCollecting jsonfield==3.1.0\n  Downloading jsonfield-3.1.0-py3-none-any.whl (8.0 kB)\nCollecting kombu==5.0.2\n  Downloading kombu-5.0.2-py2.py3-none-any.whl (180 kB)\n     ━━━━━━━━━━━━━━━━━━━━━━━━━━━━━━━━━━━━━━━ 180.1/180.1 kB 1.9 MB/s eta 0:00:00\nCollecting Pillow==7.1.2\n  Downloading Pillow-7.1.2.tar.gz (38.9 MB)\n     ━━━━━━━━━━━━━━━━━━━━━━━━━━━━━━━━━━━━━━━━ 38.9/38.9 MB 5.5 MB/s eta 0:00:00\n  Preparing metadata (setup.py): started\n  Preparing metadata (setup.py): finished with status 'done'\nCollecting psycopg2-binary==2.8.5\n  Downloading psycopg2-binary-2.8.5.tar.gz (381 kB)\n     ━━━━━━━━━━━━━━━━━━━━━━━━━━━━━━━━━━━━━━━ 381.7/381.7 kB 1.4 MB/s eta 0:00:00\n  Preparing metadata (setup.py): started\n  Preparing metadata (setup.py): finished with status 'done'\nCollecting pyasn1==0.4.8\n  Downloading pyasn1-0.4.8-py2.py3-none-any.whl (77 kB)\n     ━━━━━━━━━━━━━━━━━━━━━━━━━━━━━━━━━━━━━━━ 77.1/77.1 kB 432.8 kB/s eta 0:00:00\nCollecting pyasn1-modules==0.2.8\n  Downloading pyasn1_modules-0.2.8-py2.py3-none-any.whl (155 kB)\n     ━━━━━━━━━━━━━━━━━━━━━━━━━━━━━━━━━━━━━━━ 155.3/155.3 kB 3.9 MB/s eta 0:00:00\nCollecting pycparser==2.20\n  Downloading pycparser-2.20-py2.py3-none-any.whl (112 kB)\n     ━━━━━━━━━━━━━━━━━━━━━━━━━━━━━━━━━━━━━━━ 112.0/112.0 kB 2.8 MB/s eta 0:00:00\nCollecting python-dateutil==2.8.1\n  Downloading python_dateutil-2.8.1-py2.py3-none-any.whl (227 kB)\n     ━━━━━━━━━━━━━━━━━━━━━━━━━━━━━━━━━━━━━━━ 227.2/227.2 kB 1.9 MB/s eta 0:00:00\nCollecting python-decouple==3.3\n  Downloading python-decouple-3.3.tar.gz (10 kB)\n  Preparing metadata (setup.py): started\n  Preparing metadata (setup.py): finished with status 'done'\nCollecting pytz==2020.1\n  Downloading pytz-2020.1-py2.py3-none-any.whl (510 kB)\n     ━━━━━━━━━━━━━━━━━━━━━━━━━━━━━━━━━━━━━━━ 510.2/510.2 kB 3.0 MB/s eta 0:00:00\nCollecting redis==3.5.3\n  Downloading redis-3.5.3-py2.py3-none-any.whl (72 kB)\n     ━━━━━━━━━━━━━━━━━━━━━━━━━━━━━━━━━━━━━━━━ 72.1/72.1 kB 2.1 MB/s eta 0:00:00\nCollecting requests==2.25.1\n  Downloading requests-2.25.1-py2.py3-none-any.whl (61 kB)\n     ━━━━━━━━━━━━━━━━━━━━━━━━━━━━━━━━━━━━━━━ 61.2/61.2 kB 722.8 kB/s eta 0:00:00\nCollecting rsa==4.7.2\n  Downloading rsa-4.7.2-py3-none-any.whl (34 kB)\nCollecting s3transfer==0.3.4\n  Downloading s3transfer-0.3.4-py2.py3-none-any.whl (69 kB)\n     ━━━━━━━━━━━━━━━━━━━━━━━━━━━━━━━━━━━━━━━ 69.5/69.5 kB 131.2 kB/s eta 0:00:00\nCollecting six==1.15.0\n  Downloading six-1.15.0-py2.py3-none-any.whl (10 kB)\nCollecting soupsieve==2.2\n  Downloading soupsieve-2.2-py3-none-any.whl (33 kB)\nCollecting sqlparse==0.4.1\n  Downloading sqlparse-0.4.1-py3-none-any.whl (42 kB)\n     ━━━━━━━━━━━━━━━━━━━━━━━━━━━━━━━━━━━━━━━━ 42.2/42.2 kB 1.9 MB/s eta 0:00:00\nCollecting urllib3==1.26.3\n  Downloading urllib3-1.26.3-py2.py3-none-any.whl (137 kB)\n     ━━━━━━━━━━━━━━━━━━━━━━━━━━━━━━━━━━━━━━━ 137.0/137.0 kB 6.8 MB/s eta 0:00:00\nCollecting vine==5.0.0\n  Downloading vine-5.0.0-py2.py3-none-any.whl (9.4 kB)\nCollecting zipp==3.4.0\n  Downloading zipp-3.4.0-py3-none-any.whl (5.2 kB)\nCollecting sentry-sdk\n  Downloading sentry_sdk-1.12.1-py2.py3-none-any.whl (174 kB)\n     ━━━━━━━━━━━━━━━━━━━━━━━━━━━━━━━━━━━━━━━ 174.3/174.3 kB 3.8 MB/s eta 0:00:00\nCollecting click<8.0,>=7.0\n  Downloading click-7.1.2-py2.py3-none-any.whl (82 kB)\n     ━━━━━━━━━━━━━━━━━━━━━━━━━━━━━━━━━━━━━━━━ 82.8/82.8 kB 1.2 MB/s eta 0:00:00\nCollecting click-didyoumean>=0.0.3\n  Downloading click_didyoumean-0.3.0-py3-none-any.whl (2.7 kB)\nCollecting click-repl>=0.1.6\n  Downloading click_repl-0.2.0-py3-none-any.whl (5.2 kB)\nCollecting click-plugins>=1.1.1\n  Downloading click_plugins-1.1.1-py2.py3-none-any.whl (7.5 kB)\nRequirement already satisfied: setuptools>=40.3.0 in /usr/local/lib/python3.11/site-packages (from google-auth==1.27.0->-r requirements.txt (line 21)) (65.5.0)\nCollecting sentry-sdk\n  Downloading sentry_sdk-1.12.0-py2.py3-none-any.whl (173 kB)\n     ━━━━━━━━━━━━━━━━━━━━━━━━━━━━━━━━━━━━━ 174.0/174.0 kB 780.4 kB/s eta 0:00:00\n  Downloading sentry_sdk-1.11.1-py2.py3-none-any.whl (168 kB)\n     ━━━━━━━━━━━━━━━━━━━━━━━━━━━━━━━━━━━━━━━ 169.0/169.0 kB 1.1 MB/s eta 0:00:00\n  Downloading sentry_sdk-1.11.0-py2.py3-none-any.whl (168 kB)\n     ━━━━━━━━━━━━━━━━━━━━━━━━━━━━━━━━━━━━━━━ 168.9/168.9 kB 3.0 MB/s eta 0:00:00\n  Downloading sentry_sdk-1.10.1-py2.py3-none-any.whl (166 kB)\n     ━━━━━━━━━━━━━━━━━━━━━━━━━━━━━━━━━━━━━━━ 166.6/166.6 kB 9.4 MB/s eta 0:00:00\n  Downloading sentry_sdk-1.10.0-py2.py3-none-any.whl (166 kB)\n     ━━━━━━━━━━━━━━━━━━━━━━━━━━━━━━━━━━━━━━━ 166.6/166.6 kB 5.3 MB/s eta 0:00:00\n  Downloading sentry_sdk-1.9.10-py2.py3-none-any.whl (162 kB)\n     ━━━━━━━━━━━━━━━━━━━━━━━━━━━━━━━━━━━━━━━ 163.0/163.0 kB 4.6 MB/s eta 0:00:00\n  Downloading sentry_sdk-1.9.9-py2.py3-none-any.whl (162 kB)\n     ━━━━━━━━━━━━━━━━━━━━━━━━━━━━━━━━━━━━━━━ 162.1/162.1 kB 2.6 MB/s eta 0:00:00\n  Downloading sentry_sdk-1.9.8-py2.py3-none-any.whl (158 kB)\n     ━━━━━━━━━━━━━━━━━━━━━━━━━━━━━━━━━━━━━━━ 158.7/158.7 kB 4.1 MB/s eta 0:00:00\n  Downloading sentry_sdk-1.9.7-py2.py3-none-any.whl (157 kB)\n     ━━━━━━━━━━━━━━━━━━━━━━━━━━━━━━━━━━━━━━━ 157.9/157.9 kB 1.6 MB/s eta 0:00:00\n  Downloading sentry_sdk-1.9.6-py2.py3-none-any.whl (157 kB)\n     ━━━━━━━━━━━━━━━━━━━━━━━━━━━━━━━━━━━━━━━ 157.8/157.8 kB 1.9 MB/s eta 0:00:00\n  Downloading sentry_sdk-1.9.5-py2.py3-none-any.whl (157 kB)\n     ━━━━━━━━━━━━━━━━━━━━━━━━━━━━━━━━━━━━━━━ 157.6/157.6 kB 2.5 MB/s eta 0:00:00\n  Downloading sentry_sdk-1.9.4-py2.py3-none-any.whl (157 kB)\n     ━━━━━━━━━━━━━━━━━━━━━━━━━━━━━━━━━━━━━━ 157.6/157.6 kB 17.9 MB/s eta 0:00:00\n  Downloading sentry_sdk-1.9.3-py2.py3-none-any.whl (157 kB)\n     ━━━━━━━━━━━━━━━━━━━━━━━━━━━━━━━━━━━━━━ 157.2/157.2 kB 11.3 MB/s eta 0:00:00\n  Downloading sentry_sdk-1.9.2-py2.py3-none-any.whl (157 kB)\n     ━━━━━━━━━━━━━━━━━━━━━━━━━━━━━━━━━━━━━━━ 157.2/157.2 kB 8.3 MB/s eta 0:00:00\n  Downloading sentry_sdk-1.9.1-py2.py3-none-any.whl (157 kB)\n     ━━━━━━━━━━━━━━━━━━━━━━━━━━━━━━━━━━━━━━━ 157.2/157.2 kB 7.9 MB/s eta 0:00:00\n  Downloading sentry_sdk-1.9.0-py2.py3-none-any.whl (156 kB)\n     ━━━━━━━━━━━━━━━━━━━━━━━━━━━━━━━━━━━━━ 156.6/156.6 kB 512.9 kB/s eta 0:00:00\nCollecting prompt-toolkit\n  Downloading prompt_toolkit-3.0.36-py3-none-any.whl (386 kB)\n     ━━━━━━━━━━━━━━━━━━━━━━━━━━━━━━━━━━━━━━━ 386.4/386.4 kB 2.0 MB/s eta 0:00:00\nCollecting wcwidth\n  Downloading wcwidth-0.2.5-py2.py3-none-any.whl (30 kB)\nBuilding wheels for collected packages: cffi, django-froala-editor, django-richtextfield, Pillow, psycopg2-binary, python-decouple\n  Building wheel for cffi (setup.py): started\n  Building wheel for cffi (setup.py): finished with status 'done'\n  Created wheel for cffi: filename=cffi-1.14.5-cp311-cp311-linux_x86_64.whl size=439416 sha256=e6dcfcd552688b80c42a8a4599990b3e340078dba17238656c2e198dcab047bc\n  Stored in directory: /root/.cache/pip/wheels/24/8b/b8/72d1b05eaf5c38996d08c94f1dbd0b70db6eb1b36d1f23704e\n  Building wheel for django-froala-editor (setup.py): started\n  Building wheel for django-froala-editor (setup.py): finished with status 'done'\n  Created wheel for django-froala-editor: filename=django_froala_editor-3.2.2-py3-none-any.whl size=1049525 sha256=3dbdabd95415b0f3b03fc019d478704bee3acf13fbe08c5e164518c82ec70096\n  Stored in directory: /root/.cache/pip/wheels/7e/d7/2b/e3712aa77ffb189daab68ee83e00d6d62544ac53c03f021134\n  Building wheel for django-richtextfield (setup.py): started\n  Building wheel for django-richtextfield (setup.py): finished with status 'done'\n  Created wheel for django-richtextfield: filename=django_richtextfield-1.5.0-py3-none-any.whl size=11321 sha256=922fe25aed83a4f268a54af380a5500810b31db08a5c6d40f2009c99a9a76435\n  Stored in directory: /root/.cache/pip/wheels/6c/1c/1c/693250f92cd1f9b22c05baa1b9e229e9bffcbf62cc5c1bd8ec\n  Building wheel for Pillow (setup.py): started\n  Building wheel for Pillow (setup.py): finished with status 'done'\n  Created wheel for Pillow: filename=Pillow-7.1.2-cp311-cp311-linux_x86_64.whl size=1350015 sha256=e74b2c73ba55ef80b92bb34bae636f5325c96456abfbc8081714adf51f747dc4\n  Stored in directory: /root/.cache/pip/wheels/9e/b4/3c/06592afc8035a0b5b8f38b82b9667ef7f7b9c621ead87aa452\n  Building wheel for psycopg2-binary (setup.py): started\n  Building wheel for psycopg2-binary (setup.py): finished with status 'error'\n\u001b[91m  error: subprocess-exited-with-error\n  \n  × python setup.py bdist_wheel did not run successfully.\n  │ exit code: 1\n  ╰─> [72 lines of output]\n      /usr/local/lib/python3.11/site-packages/setuptools/config/setupcfg.py:508: SetuptoolsDeprecationWarning: The license_file parameter is deprecated, use license_files instead.\n        warnings.warn(msg, warning_class)\n      running bdist_wheel\n      running build\n      running build_py\n      creating build\n      creating build/lib.linux-x86_64-cpython-311\n      creating build/lib.linux-x86_64-cpython-311/psycopg2\n      copying lib/__init__.py -> build/lib.linux-x86_64-cpython-311/psycopg2\n      copying lib/pool.py -> build/lib.linux-x86_64-cpython-311/psycopg2\n      copying lib/_ipaddress.py -> build/lib.linux-x86_64-cpython-311/psycopg2\n      copying lib/errors.py -> build/lib.linux-x86_64-cpython-311/psycopg2\n      copying lib/_json.py -> build/lib.linux-x86_64-cpython-311/psycopg2\n      copying lib/sql.py -> build/lib.linux-x86_64-cpython-311/psycopg2\n      copying lib/_lru_cache.py -> build/lib.linux-x86_64-cpython-311/psycopg2\n      copying lib/compat.py -> build/lib.linux-x86_64-cpython-311/psycopg2\n      copying lib/_range.py -> build/lib.linux-x86_64-cpython-311/psycopg2\n      copying lib/tz.py -> build/lib.linux-x86_64-cpython-311/psycopg2\n      copying lib/extras.py -> build/lib.linux-x86_64-cpython-311/psycopg2\n      copying lib/extensions.py -> build/lib.linux-x86_64-cpython-311/psycopg2\n      copying lib/errorcodes.py -> build/lib.linux-x86_64-cpython-311/psycopg2\n      running build_ext\n      building 'psycopg2._psycopg' extension\n      creating build/temp.linux-x86_64-cpython-311\n      creating build/temp.linux-x86_64-cpython-311/psycopg\n      gcc -pthread -Wsign-compare -DNDEBUG -g -fwrapv -O3 -Wall -fPIC \"-DPSYCOPG_VERSION=2.8.5 (dt dec pq3 ext lo64)\" -DPG_VERSION_NUM=130009 -DHAVE_LO64=1 -I/usr/local/include/python3.11 -I. -I/usr/include/postgresql -I/usr/include/postgresql/13/server -c psycopg/adapter_asis.c -o build/temp.linux-x86_64-cpython-311/psycopg/adapter_asis.o -Wdeclaration-after-statement\n      gcc -pthread -Wsign-compare -DNDEBUG -g -fwrapv -O3 -Wall -fPIC \"-DPSYCOPG_VERSION=2.8.5 (dt dec pq3 ext lo64)\" -DPG_VERSION_NUM=130009 -DHAVE_LO64=1 -I/usr/local/include/python3.11 -I. -I/usr/include/postgresql -I/usr/include/postgresql/13/server -c psycopg/adapter_binary.c -o build/temp.linux-x86_64-cpython-311/psycopg/adapter_binary.o -Wdeclaration-after-statement\n      gcc -pthread -Wsign-compare -DNDEBUG -g -fwrapv -O3 -Wall -fPIC \"-DPSYCOPG_VERSION=2.8.5 (dt dec pq3 ext lo64)\" -DPG_VERSION_NUM=130009 -DHAVE_LO64=1 -I/usr/local/include/python3.11 -I. -I/usr/include/postgresql -I/usr/include/postgresql/13/server -c psycopg/adapter_datetime.c -o build/temp.linux-x86_64-cpython-311/psycopg/adapter_datetime.o -Wdeclaration-after-statement\n      gcc -pthread -Wsign-compare -DNDEBUG -g -fwrapv -O3 -Wall -fPIC \"-DPSYCOPG_VERSION=2.8.5 (dt dec pq3 ext lo64)\" -DPG_VERSION_NUM=130009 -DHAVE_LO64=1 -I/usr/local/include/python3.11 -I. -I/usr/include/postgresql -I/usr/include/postgresql/13/server -c psycopg/adapter_list.c -o build/temp.linux-x86_64-cpython-311/psycopg/adapter_list.o -Wdeclaration-after-statement\n      gcc -pthread -Wsign-compare -DNDEBUG -g -fwrapv -O3 -Wall -fPIC \"-DPSYCOPG_VERSION=2.8.5 (dt dec pq3 ext lo64)\" -DPG_VERSION_NUM=130009 -DHAVE_LO64=1 -I/usr/local/include/python3.11 -I. -I/usr/include/postgresql -I/usr/include/postgresql/13/server -c psycopg/adapter_pboolean.c -o build/temp.linux-x86_64-cpython-311/psycopg/adapter_pboolean.o -Wdeclaration-after-statement\n      gcc -pthread -Wsign-compare -DNDEBUG -g -fwrapv -O3 -Wall -fPIC \"-DPSYCOPG_VERSION=2.8.5 (dt dec pq3 ext lo64)\" -DPG_VERSION_NUM=130009 -DHAVE_LO64=1 -I/usr/local/include/python3.11 -I. -I/usr/include/postgresql -I/usr/include/postgresql/13/server -c psycopg/adapter_pdecimal.c -o build/temp.linux-x86_64-cpython-311/psycopg/adapter_pdecimal.o -Wdeclaration-after-statement\n      gcc -pthread -Wsign-compare -DNDEBUG -g -fwrapv -O3 -Wall -fPIC \"-DPSYCOPG_VERSION=2.8.5 (dt dec pq3 ext lo64)\" -DPG_VERSION_NUM=130009 -DHAVE_LO64=1 -I/usr/local/include/python3.11 -I. -I/usr/include/postgresql -I/usr/include/postgresql/13/server -c psycopg/adapter_pfloat.c -o build/temp.linux-x86_64-cpython-311/psycopg/adapter_pfloat.o -Wdeclaration-after-statement\n      gcc -pthread -Wsign-compare -DNDEBUG -g -fwrapv -O3 -Wall -fPIC \"-DPSYCOPG_VERSION=2.8.5 (dt dec pq3 ext lo64)\" -DPG_VERSION_NUM=130009 -DHAVE_LO64=1 -I/usr/local/include/python3.11 -I. -I/usr/include/postgresql -I/usr/include/postgresql/13/server -c psycopg/adapter_pint.c -o build/temp.linux-x86_64-cpython-311/psycopg/adapter_pint.o -Wdeclaration-after-statement\n      gcc -pthread -Wsign-compare -DNDEBUG -g -fwrapv -O3 -Wall -fPIC \"-DPSYCOPG_VERSION=2.8.5 (dt dec pq3 ext lo64)\" -DPG_VERSION_NUM=130009 -DHAVE_LO64=1 -I/usr/local/include/python3.11 -I. -I/usr/include/postgresql -I/usr/include/postgresql/13/server -c psycopg/adapter_qstring.c -o build/temp.linux-x86_64-cpython-311/psycopg/adapter_qstring.o -Wdeclaration-after-statement\n      gcc -pthread -Wsign-compare -DNDEBUG -g -fwrapv -O3 -Wall -fPIC \"-DPSYCOPG_VERSION=2.8.5 (dt dec pq3 ext lo64)\" -DPG_VERSION_NUM=130009 -DHAVE_LO64=1 -I/usr/local/include/python3.11 -I. -I/usr/include/postgresql -I/usr/include/postgresql/13/server -c psycopg/aix_support.c -o build/temp.linux-x86_64-cpython-311/psycopg/aix_support.o -Wdeclaration-after-statement\n      gcc -pthread -Wsign-compare -DNDEBUG -g -fwrapv -O3 -Wall -fPIC \"-DPSYCOPG_VERSION=2.8.5 (dt dec pq3 ext lo64)\" -DPG_VERSION_NUM=130009 -DHAVE_LO64=1 -I/usr/local/include/python3.11 -I. -I/usr/include/postgresql -I/usr/include/postgresql/13/server -c psycopg/bytes_format.c -o build/temp.linux-x86_64-cpython-311/psycopg/bytes_format.o -Wdeclaration-after-statement\n      gcc -pthread -Wsign-compare -DNDEBUG -g -fwrapv -O3 -Wall -fPIC \"-DPSYCOPG_VERSION=2.8.5 (dt dec pq3 ext lo64)\" -DPG_VERSION_NUM=130009 -DHAVE_LO64=1 -I/usr/local/include/python3.11 -I. -I/usr/include/postgresql -I/usr/include/postgresql/13/server -c psycopg/column_type.c -o build/temp.linux-x86_64-cpython-311/psycopg/column_type.o -Wdeclaration-after-statement\n      gcc -pthread -Wsign-compare -DNDEBUG -g -fwrapv -O3 -Wall -fPIC \"-DPSYCOPG_VERSION=2.8.5 (dt dec pq3 ext lo64)\" -DPG_VERSION_NUM=130009 -DHAVE_LO64=1 -I/usr/local/include/python3.11 -I. -I/usr/include/postgresql -I/usr/include/postgresql/13/server -c psycopg/connection_int.c -o build/temp.linux-x86_64-cpython-311/psycopg/connection_int.o -Wdeclaration-after-statement\n      gcc -pthread -Wsign-compare -DNDEBUG -g -fwrapv -O3 -Wall -fPIC \"-DPSYCOPG_VERSION=2.8.5 (dt dec pq3 ext lo64)\" -DPG_VERSION_NUM=130009 -DHAVE_LO64=1 -I/usr/local/include/python3.11 -I. -I/usr/include/postgresql -I/usr/include/postgresql/13/server -c psycopg/connection_type.c -o build/temp.linux-x86_64-cpython-311/psycopg/connection_type.o -Wdeclaration-after-statement\n      gcc -pthread -Wsign-compare -DNDEBUG -g -fwrapv -O3 -Wall -fPIC \"-DPSYCOPG_VERSION=2.8.5 (dt dec pq3 ext lo64)\" -DPG_VERSION_NUM=130009 -DHAVE_LO64=1 -I/usr/local/include/python3.11 -I. -I/usr/include/postgresql -I/usr/include/postgresql/13/server -c psycopg/conninfo_type.c -o build/temp.linux-x86_64-cpython-311/psycopg/conninfo_type.o -Wdeclaration-after-statement\n      gcc -pthread -Wsign-compare -DNDEBUG -g -fwrapv -O3 -Wall -fPIC \"-DPSYCOPG_VERSION=2.8.5 (dt dec pq3 ext lo64)\" -DPG_VERSION_NUM=130009 -DHAVE_LO64=1 -I/usr/local/include/python3.11 -I. -I/usr/include/postgresql -I/usr/include/postgresql/13/server -c psycopg/cursor_int.c -o build/temp.linux-x86_64-cpython-311/psycopg/cursor_int.o -Wdeclaration-after-statement\n      gcc -pthread -Wsign-compare -DNDEBUG -g -fwrapv -O3 -Wall -fPIC \"-DPSYCOPG_VERSION=2.8.5 (dt dec pq3 ext lo64)\" -DPG_VERSION_NUM=130009 -DHAVE_LO64=1 -I/usr/local/include/python3.11 -I. -I/usr/include/postgresql -I/usr/include/postgresql/13/server -c psycopg/cursor_type.c -o build/temp.linux-x86_64-cpython-311/psycopg/cursor_type.o -Wdeclaration-after-statement\n      gcc -pthread -Wsign-compare -DNDEBUG -g -fwrapv -O3 -Wall -fPIC \"-DPSYCOPG_VERSION=2.8.5 (dt dec pq3 ext lo64)\" -DPG_VERSION_NUM=130009 -DHAVE_LO64=1 -I/usr/local/include/python3.11 -I. -I/usr/include/postgresql -I/usr/include/postgresql/13/server -c psycopg/diagnostics_type.c -o build/temp.linux-x86_64-cpython-311/psycopg/diagnostics_type.o -Wdeclaration-after-statement\n      gcc -pthread -Wsign-compare -DNDEBUG -g -fwrapv -O3 -Wall -fPIC \"-DPSYCOPG_VERSION=2.8.5 (dt dec pq3 ext lo64)\" -DPG_VERSION_NUM=130009 -DHAVE_LO64=1 -I/usr/local/include/python3.11 -I. -I/usr/include/postgresql -I/usr/include/postgresql/13/server -c psycopg/error_type.c -o build/temp.linux-x86_64-cpython-311/psycopg/error_type.o -Wdeclaration-after-statement\n      gcc -pthread -Wsign-compare -DNDEBUG -g -fwrapv -O3 -Wall -fPIC \"-DPSYCOPG_VERSION=2.8.5 (dt dec pq3 ext lo64)\" -DPG_VERSION_NUM=130009 -DHAVE_LO64=1 -I/usr/local/include/python3.11 -I. -I/usr/include/postgresql -I/usr/include/postgresql/13/server -c psycopg/green.c -o build/temp.linux-x86_64-cpython-311/psycopg/green.o -Wdeclaration-after-statement\n      gcc -pthread -Wsign-compare -DNDEBUG -g -fwrapv -O3 -Wall -fPIC \"-DPSYCOPG_VERSION=2.8.5 (dt dec pq3 ext lo64)\" -DPG_VERSION_NUM=130009 -DHAVE_LO64=1 -I/usr/local/include/python3.11 -I. -I/usr/include/postgresql -I/usr/include/postgresql/13/server -c psycopg/libpq_support.c -o build/temp.linux-x86_64-cpython-311/psycopg/libpq_support.o -Wdeclaration-after-statement\n      gcc -pthread -Wsign-compare -DNDEBUG -g -fwrapv -O3 -Wall -fPIC \"-DPSYCOPG_VERSION=2.8.5 (dt dec pq3 ext lo64)\" -DPG_VERSION_NUM=130009 -DHAVE_LO64=1 -I/usr/local/include/python3.11 -I. -I/usr/include/postgresql -I/usr/include/postgresql/13/server -c psycopg/lobject_int.c -o build/temp.linux-x86_64-cpython-311/psycopg/lobject_int.o -Wdeclaration-after-statement\n      gcc -pthread -Wsign-compare -DNDEBUG -g -fwrapv -O3 -Wall -fPIC \"-DPSYCOPG_VERSION=2.8.5 (dt dec pq3 ext lo64)\" -DPG_VERSION_NUM=130009 -DHAVE_LO64=1 -I/usr/local/include/python3.11 -I. -I/usr/include/postgresql -I/usr/include/postgresql/13/server -c psycopg/lobject_type.c -o build/temp.linux-x86_64-cpython-311/psycopg/lobject_type.o -Wdeclaration-after-statement\n      gcc -pthread -Wsign-compare -DNDEBUG -g -fwrapv -O3 -Wall -fPIC \"-DPSYCOPG_VERSION=2.8.5 (dt dec pq3 ext lo64)\" -DPG_VERSION_NUM=130009 -DHAVE_LO64=1 -I/usr/local/include/python3.11 -I. -I/usr/include/postgresql -I/usr/include/postgresql/13/server -c psycopg/microprotocols.c -o build/temp.linux-x86_64-cpython-311/psycopg/microprotocols.o -Wdeclaration-after-statement\n      gcc -pthread -Wsign-compare -DNDEBUG -g -fwrapv -O3 -Wall -fPIC \"-DPSYCOPG_VERSION=2.8.5 (dt dec pq3 ext lo64)\" -DPG_VERSION_NUM=130009 -DHAVE_LO64=1 -I/usr/local/include/python3.11 -I. -I/usr/include/postgresql -I/usr/include/postgresql/13/server -c psycopg/microprotocols_proto.c -o build/temp.linux-x86_64-cpython-311/psycopg/microprotocols_proto.o -Wdeclaration-after-statement\n      gcc -pthread -Wsign-compare -DNDEBUG -g -fwrapv -O3 -Wall -fPIC \"-DPSYCOPG_VERSION=2.8.5 (dt dec pq3 ext lo64)\" -DPG_VERSION_NUM=130009 -DHAVE_LO64=1 -I/usr/local/include/python3.11 -I. -I/usr/include/postgresql -I/usr/include/postgresql/13/server -c psycopg/notify_type.c -o build/temp.linux-x86_64-cpython-311/psycopg/notify_type.o -Wdeclaration-after-statement\n      gcc -pthread -Wsign-compare -DNDEBUG -g -fwrapv -O3 -Wall -fPIC \"-DPSYCOPG_VERSION=2.8.5 (dt dec pq3 ext lo64)\" -DPG_VERSION_NUM=130009 -DHAVE_LO64=1 -I/usr/local/include/python3.11 -I. -I/usr/include/postgresql -I/usr/include/postgresql/13/server -c psycopg/pqpath.c -o build/temp.linux-x86_64-cpython-311/psycopg/pqpath.o -Wdeclaration-after-statement\n      gcc -pthread -Wsign-compare -DNDEBUG -g -fwrapv -O3 -Wall -fPIC \"-DPSYCOPG_VERSION=2.8.5 (dt dec pq3 ext lo64)\" -DPG_VERSION_NUM=130009 -DHAVE_LO64=1 -I/usr/local/include/python3.11 -I. -I/usr/include/postgresql -I/usr/include/postgresql/13/server -c psycopg/psycopgmodule.c -o build/temp.linux-x86_64-cpython-311/psycopg/psycopgmodule.o -Wdeclaration-after-statement\n      psycopg/psycopgmodule.c: In function ‘add_module_types’:\n      psycopg/psycopgmodule.c:921:36: error: lvalue required as left operand of assignment\n        921 |         Py_TYPE(typetable[i].type) = &PyType_Type;\n            |                                    ^\n      psycopg/psycopgmodule.c: In function ‘datetime_init’:\n      psycopg/psycopgmodule.c:953:30: error: lvalue required as left operand of assignment\n        953 |     Py_TYPE(&pydatetimeType) = &PyType_Type;\n            |                              ^\n      psycopg/psycopgmodule.c: In function ‘PyInit__psycopg’:\n      psycopg/psycopgmodule.c:1085:28: error: lvalue required as left operand of assignment\n       1085 |     Py_TYPE(&typecastType) = &PyType_Type;\n            |                            ^\n      psycopg/psycopgmodule.c:1088:25: error: lvalue required as left operand of assignment\n       1088 |     Py_TYPE(&chunkType) = &PyType_Type;\n            |                         ^\n      psycopg/psycopgmodule.c:1091:25: error: lvalue required as left operand of assignment\n       1091 |     Py_TYPE(&errorType) = &PyType_Type;\n            |                         ^\n      error: command '/usr/bin/gcc' failed with exit code 1\n      [end of output]\n  \n  note: This error originates from a subprocess, and is likely not a problem with pip.\n\u001b[0m\u001b[91m  ERROR: Failed building wheel for psycopg2-binary\n\u001b[0m  Running setup.py clean for psycopg2-binary\n  Building wheel for python-decouple (setup.py): started\n  Building wheel for python-decouple (setup.py): finished with status 'done'\n  Created wheel for python-decouple: filename=python_decouple-3.3-py3-none-any.whl size=9035 sha256=06db4ed0f120f0a81a5f233ee9dc0873fe04245e79e4eb959c63ec0d09775655\n  Stored in directory: /root/.cache/pip/wheels/a7/91/28/1f3137fb96f51050adf91e73b628ea015f4adf814378503768\nSuccessfully built cffi django-froala-editor django-richtextfield Pillow python-decouple\nFailed to build psycopg2-binary\nInstalling collected packages: wcwidth, pytz, python-decouple, pyasn1, django-tinymce, django-froala-editor, certifi, billiard, zipp, vine, urllib3, sqlparse, soupsieve, six, rsa, redis, pycparser, pyasn1-modules, psycopg2-binary, prompt-toolkit, Pillow, jmespath, idna, gunicorn, django-richtextfield, click, chardet, cachetools, asgiref, sentry-sdk, requests, python-dateutil, importlib-metadata, google-auth, Django, click-repl, click-plugins, click-didyoumean, cffi, amqp, kombu, jsonfield, djangorestframework, django-storages, django-cors-headers, cryptography, botocore, s3transfer, django-rest-knox, celery, django-celery-results, boto3\n  Running setup.py install for psycopg2-binary: started\n  Running setup.py install for psycopg2-binary: finished with status 'error'\n\u001b[91m  error: subprocess-exited-with-error\n  \n  × Running setup.py install for psycopg2-binary did not run successfully.\n  │ exit code: 1\n  ╰─> [74 lines of output]\n      /usr/local/lib/python3.11/site-packages/setuptools/config/setupcfg.py:508: SetuptoolsDeprecationWarning: The license_file parameter is deprecated, use license_files instead.\n        warnings.warn(msg, warning_class)\n      running install\n      /usr/local/lib/python3.11/site-packages/setuptools/command/install.py:34: SetuptoolsDeprecationWarning: setup.py install is deprecated. Use build and pip and other standards-based tools.\n        warnings.warn(\n      running build\n      running build_py\n      creating build\n      creating build/lib.linux-x86_64-cpython-311\n      creating build/lib.linux-x86_64-cpython-311/psycopg2\n      copying lib/__init__.py -> build/lib.linux-x86_64-cpython-311/psycopg2\n      copying lib/pool.py -> build/lib.linux-x86_64-cpython-311/psycopg2\n      copying lib/_ipaddress.py -> build/lib.linux-x86_64-cpython-311/psycopg2\n      copying lib/errors.py -> build/lib.linux-x86_64-cpython-311/psycopg2\n      copying lib/_json.py -> build/lib.linux-x86_64-cpython-311/psycopg2\n      copying lib/sql.py -> build/lib.linux-x86_64-cpython-311/psycopg2\n      copying lib/_lru_cache.py -> build/lib.linux-x86_64-cpython-311/psycopg2\n      copying lib/compat.py -> build/lib.linux-x86_64-cpython-311/psycopg2\n      copying lib/_range.py -> build/lib.linux-x86_64-cpython-311/psycopg2\n      copying lib/tz.py -> build/lib.linux-x86_64-cpython-311/psycopg2\n      copying lib/extras.py -> build/lib.linux-x86_64-cpython-311/psycopg2\n      copying lib/extensions.py -> build/lib.linux-x86_64-cpython-311/psycopg2\n      copying lib/errorcodes.py -> build/lib.linux-x86_64-cpython-311/psycopg2\n      running build_ext\n      building 'psycopg2._psycopg' extension\n      creating build/temp.linux-x86_64-cpython-311\n      creating build/temp.linux-x86_64-cpython-311/psycopg\n      gcc -pthread -Wsign-compare -DNDEBUG -g -fwrapv -O3 -Wall -fPIC \"-DPSYCOPG_VERSION=2.8.5 (dt dec pq3 ext lo64)\" -DPG_VERSION_NUM=130009 -DHAVE_LO64=1 -I/usr/local/include/python3.11 -I. -I/usr/include/postgresql -I/usr/include/postgresql/13/server -c psycopg/adapter_asis.c -o build/temp.linux-x86_64-cpython-311/psycopg/adapter_asis.o -Wdeclaration-after-statement\n      gcc -pthread -Wsign-compare -DNDEBUG -g -fwrapv -O3 -Wall -fPIC \"-DPSYCOPG_VERSION=2.8.5 (dt dec pq3 ext lo64)\" -DPG_VERSION_NUM=130009 -DHAVE_LO64=1 -I/usr/local/include/python3.11 -I. -I/usr/include/postgresql -I/usr/include/postgresql/13/server -c psycopg/adapter_binary.c -o build/temp.linux-x86_64-cpython-311/psycopg/adapter_binary.o -Wdeclaration-after-statement\n      gcc -pthread -Wsign-compare -DNDEBUG -g -fwrapv -O3 -Wall -fPIC \"-DPSYCOPG_VERSION=2.8.5 (dt dec pq3 ext lo64)\" -DPG_VERSION_NUM=130009 -DHAVE_LO64=1 -I/usr/local/include/python3.11 -I. -I/usr/include/postgresql -I/usr/include/postgresql/13/server -c psycopg/adapter_datetime.c -o build/temp.linux-x86_64-cpython-311/psycopg/adapter_datetime.o -Wdeclaration-after-statement\n      gcc -pthread -Wsign-compare -DNDEBUG -g -fwrapv -O3 -Wall -fPIC \"-DPSYCOPG_VERSION=2.8.5 (dt dec pq3 ext lo64)\" -DPG_VERSION_NUM=130009 -DHAVE_LO64=1 -I/usr/local/include/python3.11 -I. -I/usr/include/postgresql -I/usr/include/postgresql/13/server -c psycopg/adapter_list.c -o build/temp.linux-x86_64-cpython-311/psycopg/adapter_list.o -Wdeclaration-after-statement\n      gcc -pthread -Wsign-compare -DNDEBUG -g -fwrapv -O3 -Wall -fPIC \"-DPSYCOPG_VERSION=2.8.5 (dt dec pq3 ext lo64)\" -DPG_VERSION_NUM=130009 -DHAVE_LO64=1 -I/usr/local/include/python3.11 -I. -I/usr/include/postgresql -I/usr/include/postgresql/13/server -c psycopg/adapter_pboolean.c -o build/temp.linux-x86_64-cpython-311/psycopg/adapter_pboolean.o -Wdeclaration-after-statement\n      gcc -pthread -Wsign-compare -DNDEBUG -g -fwrapv -O3 -Wall -fPIC \"-DPSYCOPG_VERSION=2.8.5 (dt dec pq3 ext lo64)\" -DPG_VERSION_NUM=130009 -DHAVE_LO64=1 -I/usr/local/include/python3.11 -I. -I/usr/include/postgresql -I/usr/include/postgresql/13/server -c psycopg/adapter_pdecimal.c -o build/temp.linux-x86_64-cpython-311/psycopg/adapter_pdecimal.o -Wdeclaration-after-statement\n      gcc -pthread -Wsign-compare -DNDEBUG -g -fwrapv -O3 -Wall -fPIC \"-DPSYCOPG_VERSION=2.8.5 (dt dec pq3 ext lo64)\" -DPG_VERSION_NUM=130009 -DHAVE_LO64=1 -I/usr/local/include/python3.11 -I. -I/usr/include/postgresql -I/usr/include/postgresql/13/server -c psycopg/adapter_pfloat.c -o build/temp.linux-x86_64-cpython-311/psycopg/adapter_pfloat.o -Wdeclaration-after-statement\n      gcc -pthread -Wsign-compare -DNDEBUG -g -fwrapv -O3 -Wall -fPIC \"-DPSYCOPG_VERSION=2.8.5 (dt dec pq3 ext lo64)\" -DPG_VERSION_NUM=130009 -DHAVE_LO64=1 -I/usr/local/include/python3.11 -I. -I/usr/include/postgresql -I/usr/include/postgresql/13/server -c psycopg/adapter_pint.c -o build/temp.linux-x86_64-cpython-311/psycopg/adapter_pint.o -Wdeclaration-after-statement\n      gcc -pthread -Wsign-compare -DNDEBUG -g -fwrapv -O3 -Wall -fPIC \"-DPSYCOPG_VERSION=2.8.5 (dt dec pq3 ext lo64)\" -DPG_VERSION_NUM=130009 -DHAVE_LO64=1 -I/usr/local/include/python3.11 -I. -I/usr/include/postgresql -I/usr/include/postgresql/13/server -c psycopg/adapter_qstring.c -o build/temp.linux-x86_64-cpython-311/psycopg/adapter_qstring.o -Wdeclaration-after-statement\n      gcc -pthread -Wsign-compare -DNDEBUG -g -fwrapv -O3 -Wall -fPIC \"-DPSYCOPG_VERSION=2.8.5 (dt dec pq3 ext lo64)\" -DPG_VERSION_NUM=130009 -DHAVE_LO64=1 -I/usr/local/include/python3.11 -I. -I/usr/include/postgresql -I/usr/include/postgresql/13/server -c psycopg/aix_support.c -o build/temp.linux-x86_64-cpython-311/psycopg/aix_support.o -Wdeclaration-after-statement\n      gcc -pthread -Wsign-compare -DNDEBUG -g -fwrapv -O3 -Wall -fPIC \"-DPSYCOPG_VERSION=2.8.5 (dt dec pq3 ext lo64)\" -DPG_VERSION_NUM=130009 -DHAVE_LO64=1 -I/usr/local/include/python3.11 -I. -I/usr/include/postgresql -I/usr/include/postgresql/13/server -c psycopg/bytes_format.c -o build/temp.linux-x86_64-cpython-311/psycopg/bytes_format.o -Wdeclaration-after-statement\n      gcc -pthread -Wsign-compare -DNDEBUG -g -fwrapv -O3 -Wall -fPIC \"-DPSYCOPG_VERSION=2.8.5 (dt dec pq3 ext lo64)\" -DPG_VERSION_NUM=130009 -DHAVE_LO64=1 -I/usr/local/include/python3.11 -I. -I/usr/include/postgresql -I/usr/include/postgresql/13/server -c psycopg/column_type.c -o build/temp.linux-x86_64-cpython-311/psycopg/column_type.o -Wdeclaration-after-statement\n      gcc -pthread -Wsign-compare -DNDEBUG -g -fwrapv -O3 -Wall -fPIC \"-DPSYCOPG_VERSION=2.8.5 (dt dec pq3 ext lo64)\" -DPG_VERSION_NUM=130009 -DHAVE_LO64=1 -I/usr/local/include/python3.11 -I. -I/usr/include/postgresql -I/usr/include/postgresql/13/server -c psycopg/connection_int.c -o build/temp.linux-x86_64-cpython-311/psycopg/connection_int.o -Wdeclaration-after-statement\n      gcc -pthread -Wsign-compare -DNDEBUG -g -fwrapv -O3 -Wall -fPIC \"-DPSYCOPG_VERSION=2.8.5 (dt dec pq3 ext lo64)\" -DPG_VERSION_NUM=130009 -DHAVE_LO64=1 -I/usr/local/include/python3.11 -I. -I/usr/include/postgresql -I/usr/include/postgresql/13/server -c psycopg/connection_type.c -o build/temp.linux-x86_64-cpython-311/psycopg/connection_type.o -Wdeclaration-after-statement\n      gcc -pthread -Wsign-compare -DNDEBUG -g -fwrapv -O3 -Wall -fPIC \"-DPSYCOPG_VERSION=2.8.5 (dt dec pq3 ext lo64)\" -DPG_VERSION_NUM=130009 -DHAVE_LO64=1 -I/usr/local/include/python3.11 -I. -I/usr/include/postgresql -I/usr/include/postgresql/13/server -c psycopg/conninfo_type.c -o build/temp.linux-x86_64-cpython-311/psycopg/conninfo_type.o -Wdeclaration-after-statement\n      gcc -pthread -Wsign-compare -DNDEBUG -g -fwrapv -O3 -Wall -fPIC \"-DPSYCOPG_VERSION=2.8.5 (dt dec pq3 ext lo64)\" -DPG_VERSION_NUM=130009 -DHAVE_LO64=1 -I/usr/local/include/python3.11 -I. -I/usr/include/postgresql -I/usr/include/postgresql/13/server -c psycopg/cursor_int.c -o build/temp.linux-x86_64-cpython-311/psycopg/cursor_int.o -Wdeclaration-after-statement\n      gcc -pthread -Wsign-compare -DNDEBUG -g -fwrapv -O3 -Wall -fPIC \"-DPSYCOPG_VERSION=2.8.5 (dt dec pq3 ext lo64)\" -DPG_VERSION_NUM=130009 -DHAVE_LO64=1 -I/usr/local/include/python3.11 -I. -I/usr/include/postgresql -I/usr/include/postgresql/13/server -c psycopg/cursor_type.c -o build/temp.linux-x86_64-cpython-311/psycopg/cursor_type.o -Wdeclaration-after-statement\n      gcc -pthread -Wsign-compare -DNDEBUG -g -fwrapv -O3 -Wall -fPIC \"-DPSYCOPG_VERSION=2.8.5 (dt dec pq3 ext lo64)\" -DPG_VERSION_NUM=130009 -DHAVE_LO64=1 -I/usr/local/include/python3.11 -I. -I/usr/include/postgresql -I/usr/include/postgresql/13/server -c psycopg/diagnostics_type.c -o build/temp.linux-x86_64-cpython-311/psycopg/diagnostics_type.o -Wdeclaration-after-statement\n      gcc -pthread -Wsign-compare -DNDEBUG -g -fwrapv -O3 -Wall -fPIC \"-DPSYCOPG_VERSION=2.8.5 (dt dec pq3 ext lo64)\" -DPG_VERSION_NUM=130009 -DHAVE_LO64=1 -I/usr/local/include/python3.11 -I. -I/usr/include/postgresql -I/usr/include/postgresql/13/server -c psycopg/error_type.c -o build/temp.linux-x86_64-cpython-311/psycopg/error_type.o -Wdeclaration-after-statement\n      gcc -pthread -Wsign-compare -DNDEBUG -g -fwrapv -O3 -Wall -fPIC \"-DPSYCOPG_VERSION=2.8.5 (dt dec pq3 ext lo64)\" -DPG_VERSION_NUM=130009 -DHAVE_LO64=1 -I/usr/local/include/python3.11 -I. -I/usr/include/postgresql -I/usr/include/postgresql/13/server -c psycopg/green.c -o build/temp.linux-x86_64-cpython-311/psycopg/green.o -Wdeclaration-after-statement\n      gcc -pthread -Wsign-compare -DNDEBUG -g -fwrapv -O3 -Wall -fPIC \"-DPSYCOPG_VERSION=2.8.5 (dt dec pq3 ext lo64)\" -DPG_VERSION_NUM=130009 -DHAVE_LO64=1 -I/usr/local/include/python3.11 -I. -I/usr/include/postgresql -I/usr/include/postgresql/13/server -c psycopg/libpq_support.c -o build/temp.linux-x86_64-cpython-311/psycopg/libpq_support.o -Wdeclaration-after-statement\n      gcc -pthread -Wsign-compare -DNDEBUG -g -fwrapv -O3 -Wall -fPIC \"-DPSYCOPG_VERSION=2.8.5 (dt dec pq3 ext lo64)\" -DPG_VERSION_NUM=130009 -DHAVE_LO64=1 -I/usr/local/include/python3.11 -I. -I/usr/include/postgresql -I/usr/include/postgresql/13/server -c psycopg/lobject_int.c -o build/temp.linux-x86_64-cpython-311/psycopg/lobject_int.o -Wdeclaration-after-statement\n      gcc -pthread -Wsign-compare -DNDEBUG -g -fwrapv -O3 -Wall -fPIC \"-DPSYCOPG_VERSION=2.8.5 (dt dec pq3 ext lo64)\" -DPG_VERSION_NUM=130009 -DHAVE_LO64=1 -I/usr/local/include/python3.11 -I. -I/usr/include/postgresql -I/usr/include/postgresql/13/server -c psycopg/lobject_type.c -o build/temp.linux-x86_64-cpython-311/psycopg/lobject_type.o -Wdeclaration-after-statement\n      gcc -pthread -Wsign-compare -DNDEBUG -g -fwrapv -O3 -Wall -fPIC \"-DPSYCOPG_VERSION=2.8.5 (dt dec pq3 ext lo64)\" -DPG_VERSION_NUM=130009 -DHAVE_LO64=1 -I/usr/local/include/python3.11 -I. -I/usr/include/postgresql -I/usr/include/postgresql/13/server -c psycopg/microprotocols.c -o build/temp.linux-x86_64-cpython-311/psycopg/microprotocols.o -Wdeclaration-after-statement\n      gcc -pthread -Wsign-compare -DNDEBUG -g -fwrapv -O3 -Wall -fPIC \"-DPSYCOPG_VERSION=2.8.5 (dt dec pq3 ext lo64)\" -DPG_VERSION_NUM=130009 -DHAVE_LO64=1 -I/usr/local/include/python3.11 -I. -I/usr/include/postgresql -I/usr/include/postgresql/13/server -c psycopg/microprotocols_proto.c -o build/temp.linux-x86_64-cpython-311/psycopg/microprotocols_proto.o -Wdeclaration-after-statement\n      gcc -pthread -Wsign-compare -DNDEBUG -g -fwrapv -O3 -Wall -fPIC \"-DPSYCOPG_VERSION=2.8.5 (dt dec pq3 ext lo64)\" -DPG_VERSION_NUM=130009 -DHAVE_LO64=1 -I/usr/local/include/python3.11 -I. -I/usr/include/postgresql -I/usr/include/postgresql/13/server -c psycopg/notify_type.c -o build/temp.linux-x86_64-cpython-311/psycopg/notify_type.o -Wdeclaration-after-statement\n      gcc -pthread -Wsign-compare -DNDEBUG -g -fwrapv -O3 -Wall -fPIC \"-DPSYCOPG_VERSION=2.8.5 (dt dec pq3 ext lo64)\" -DPG_VERSION_NUM=130009 -DHAVE_LO64=1 -I/usr/local/include/python3.11 -I. -I/usr/include/postgresql -I/usr/include/postgresql/13/server -c psycopg/pqpath.c -o build/temp.linux-x86_64-cpython-311/psycopg/pqpath.o -Wdeclaration-after-statement\n      gcc -pthread -Wsign-compare -DNDEBUG -g -fwrapv -O3 -Wall -fPIC \"-DPSYCOPG_VERSION=2.8.5 (dt dec pq3 ext lo64)\" -DPG_VERSION_NUM=130009 -DHAVE_LO64=1 -I/usr/local/include/python3.11 -I. -I/usr/include/postgresql -I/usr/include/postgresql/13/server -c psycopg/psycopgmodule.c -o build/temp.linux-x86_64-cpython-311/psycopg/psycopgmodule.o -Wdeclaration-after-statement\n      psycopg/psycopgmodule.c: In function ‘add_module_types’:\n      psycopg/psycopgmodule.c:921:36: error: lvalue required as left operand of assignment\n        921 |         Py_TYPE(typetable[i].type) = &PyType_Type;\n            |                                    ^\n      psycopg/psycopgmodule.c: In function ‘datetime_init’:\n      psycopg/psycopgmodule.c:953:30: error: lvalue required as left operand of assignment\n        953 |     Py_TYPE(&pydatetimeType) = &PyType_Type;\n            |                              ^\n      psycopg/psycopgmodule.c: In function ‘PyInit__psycopg’:\n      psycopg/psycopgmodule.c:1085:28: error: lvalue required as left operand of assignment\n       1085 |     Py_TYPE(&typecastType) = &PyType_Type;\n            |                            ^\n      psycopg/psycopgmodule.c:1088:25: error: lvalue required as left operand of assignment\n       1088 |     Py_TYPE(&chunkType) = &PyType_Type;\n            |                         ^\n      psycopg/psycopgmodule.c:1091:25: error: lvalue required as left operand of assignment\n       1091 |     Py_TYPE(&errorType) = &PyType_Type;\n            |                         ^\n      error: command '/usr/bin/gcc' failed with exit code 1\n      [end of output]\n  \n  note: This error originates from a subprocess, and is likely not a problem with pip.\n\u001b[0m\u001b[91merror: legacy-install-failure\n\n× Encountered error while trying to install package.\n╰─> psycopg2-binary\n\nnote: This is an issue with the package mentioned above, not pip.\nhint: See above for output from the failure.\n\u001b[0mRemoving intermediate container 7a00cf812c1d\n","stderr":"The command '/bin/sh -c pip install -r requirements.txt' returned a non-zero code: 1\n"},"endTime":1672536407526}