{"repository":"https://github.com/johni0702/mumble-web","dockerfilePath":"Dockerfile","startTime":1672912654848,"endTime":1672912794061,"clone":{"startTime":1672912654849,"stdout":"","stderr":"Cloning into '/tmp/dinghy-analysis/johni0702/mumble-web'...\n","error":null,"endTime":1672912655768,"commit":"4ef594c8a097d180700d22d91e9a7fea3bab08ac"},"originalBuild":{"startTime":1672912656059,"endTime":1672912793948,"error":{"code":1,"killed":false,"signal":null,"cmd":"docker build --no-cache --force-rm -t mumble-web:latest -f /tmp/dinghy-analysis/johni0702/mumble-web/Dockerfile ."},"stdout":"Sending build context to Docker daemon  1.245MB\r\r\nStep 1/15 : FROM alpine:edge\n ---> 121d0da75751\nStep 2/15 : LABEL maintainer=\"Andreas Peters <support@aventer.biz>\"\n ---> Running in 411759ef2adc\nRemoving intermediate container 411759ef2adc\n ---> e3202da04610\nStep 3/15 : COPY ./ /home/node\n ---> 5dad8b26edf5\nStep 4/15 : RUN echo http://nl.alpinelinux.org/alpine/edge/testing >> /etc/apk/repositories &&     apk add --no-cache git nodejs npm tini websockify &&     adduser -D -g 1001 -u 1001 -h /home/node node &&     mkdir -p /home/node &&     mkdir -p /home/node/.npm-global &&     mkdir -p /home/node/app  &&     chown -R node: /home/node\n ---> Running in 80dc8c24bd24\nfetch https://dl-cdn.alpinelinux.org/alpine/edge/main/x86_64/APKINDEX.tar.gz\nfetch https://dl-cdn.alpinelinux.org/alpine/edge/community/x86_64/APKINDEX.tar.gz\nfetch http://nl.alpinelinux.org/alpine/edge/testing/x86_64/APKINDEX.tar.gz\n(1/30) Installing ca-certificates (20221203-r1)\n(2/30) Installing brotli-libs (1.0.9-r10)\n(3/30) Installing nghttp2-libs (1.51.0-r0)\n(4/30) Installing libcurl (7.87.0-r1)\n(5/30) Installing libexpat (2.5.0-r0)\n(6/30) Installing pcre2 (10.42-r0)\n(7/30) Installing git (2.39.0-r0)\n(8/30) Installing c-ares (1.18.1-r1)\n(9/30) Installing libgcc (12.2.1_git20220924-r6)\n(10/30) Installing icu-data-en (72.1-r1)\nExecuting icu-data-en-72.1-r1.post-install\n\u001b[91m*\n* If you need ICU with non-English locales and legacy charset support, install\n* package icu-data-full.\n*\n\u001b[0m(11/30) Installing libstdc++ (12.2.1_git20220924-r6)\n(12/30) Installing icu-libs (72.1-r1)\n(13/30) Installing nodejs (18.12.1-r0)\n(14/30) Installing npm (9.2.0-r0)\n(15/30) Installing tini (0.19.0-r1)\n(16/30) Installing libbz2 (1.0.8-r4)\n(17/30) Installing libffi (3.4.4-r0)\n(18/30) Installing gdbm (1.23-r0)\n(19/30) Installing xz-libs (5.4.0-r1)\n(20/30) Installing mpdecimal (2.5.1-r1)\n(21/30) Installing ncurses-terminfo-base (6.4_p20221231-r0)\n(22/30) Installing ncurses-libs (6.4_p20221231-r0)\n(23/30) Installing readline (8.2.0-r0)\n(24/30) Installing sqlite-libs (3.40.1-r0)\n(25/30) Installing python3 (3.11.1-r2)\n(26/30) Installing libquadmath (12.2.1_git20220924-r6)\n(27/30) Installing libgfortran (12.2.1_git20220924-r6)\n(28/30) Installing openblas (0.3.21-r0)\n(29/30) Installing py3-numpy (1.24.1-r0)\n(30/30) Installing websockify (0.10.0-r0)\nExecuting busybox-1.35.0-r27.trigger\nExecuting ca-certificates-20221203-r1.trigger\nOK: 209 MiB in 45 packages\nRemoving intermediate container 80dc8c24bd24\n ---> 8f8214687f3e\nStep 5/15 : USER node\n ---> Running in d1b9d7e78ec2\nRemoving intermediate container d1b9d7e78ec2\n ---> 15a28848797f\nStep 6/15 : ENV PATH=/home/node/.npm-global/bin:$PATH\n ---> Running in f1e22e94bcff\nRemoving intermediate container f1e22e94bcff\n ---> b87e9e4d5710\nStep 7/15 : ENV NPM_CONFIG_PREFIX=/home/node/.npm-global\n ---> Running in 1f6dd7d16b38\nRemoving intermediate container 1f6dd7d16b38\n ---> c8a16fc1caae\nStep 8/15 : RUN cd /home/node &&     npm install &&     npm run build\n ---> Running in 1726ccf79c23\n\u001b[91mnpm\u001b[0m\u001b[91m WARN old lockfile \nnpm \u001b[0m\u001b[91mWARN old lockfile The package-lock.json file was created with an old version of npm,\n\u001b[0m\u001b[91mnpm WARN old lockfile so supplemental metadata must be fetched from the registry.\nnpm WARN\u001b[0m\u001b[91m \u001b[0m\u001b[91mold lockfile \nnpm WARN old lockfile This is a one-time fix-up, please be patient...\nnpm WARN old lockfile \n\u001b[0m\u001b[91mnpm WARN EBADENGINE Unsupported engine {\nnpm WARN EBADENGINE   package: 'drop-stream@0.1.1',\nnpm WARN EBADENGINE   required: { node: '^0.11 || ^0.10' },\nnpm WARN\u001b[0m\u001b[91m EBADENGINE   current: { node: 'v18.12.1', npm: '9.2.0' }\nnpm WARN EBADENGINE }\n\u001b[0m\u001b[91mnpm WARN EBADENGINE Unsupported engine {\nnpm WARN EBADENGINE   package: 'webrtc-adapter@2.1.0',\nnpm WARN \u001b[0m\u001b[91mEBADENGINE   required: { npm: '^3.10.0' },\nnpm \u001b[0m\u001b[91mWARN \u001b[0m\u001b[91mEBADENGINE   current: { node: 'v18.12.1', npm: '9.2.0' }\nnpm WARN EBADENGINE }\n\u001b[0m\u001b[91mnpm WARN deprecated source-map-resolve@0.5.3: See https://github.com/lydell/source-map-resolve#deprecated\n\u001b[0m\u001b[91mnpm WARN deprecated ini@1.3.5: Please update to ini >=1.3.6 to avoid a prototype pollution issue\n\u001b[0m\u001b[91mnpm WARN deprecated har-validator@5.1.5: this library is no longer supported\n\u001b[0m\u001b[91mnpm WARN deprecated sourcemap-codec@1.4.8: Please use @jridgewell/sourcemap-codec instead\n\u001b[0m\u001b[91mnpm WARN deprecated source-map-url@0.4.0: See https://github.com/lydell/source-map-url#deprecated\n\u001b[0m\u001b[91mnpm WARN deprecated querystring@0.2.0: The querystring API is considered Legacy. new code should use the URLSearchParams API instead.\n\u001b[0m\u001b[91mnpm WARN deprecated uuid@3.4.0: Please upgrade  to version 7 or higher.  Older versions may use Math.random() in certain circumstances, which is known to be problematic.  See https://v8.dev/blog/math-random for details.\n\u001b[0m\u001b[91mnpm WARN deprecated audio-context@1.0.3: Depends on Web-Audio-API implementation. Use either web-audio-api, web-audio-js or web-audio-engine package.\n\u001b[0m\u001b[91mnpm WARN deprecated audio-buffer@4.0.4: Depends on Web-Audio-API implementation. Use either web-audio-api, web-audio-js or web-audio-engine package.\n\u001b[0m\u001b[91mnpm WARN deprecated request@2.88.2: request has been deprecated, see https://github.com/request/request/issues/3142\n\u001b[0m\u001b[91mnpm WARN deprecated chokidar@2.1.8: Chokidar 2 does not receive security updates since 2019. Upgrade to chokidar 3 with 15x fewer dependencies\n\u001b[0m\u001b[91mnpm WARN deprecated urix@0.1.0: Please see https://github.com/lydell/urix#deprecated\n\u001b[0m\u001b[91mnpm WARN deprecated resolve-url@0.2.1: https://github.com/lydell/resolve-url#deprecated\n\u001b[0m\u001b[91mnpm WARN deprecated tar@2.2.2: This version of tar is no longer supported, and will not receive security updates. Please upgrade asap.\n\u001b[0m\u001b[91mnpm WARN deprecated core-js@2.6.11: core-js@<3.23.3 is no longer maintained and not recommended for usage due to the number of issues. Because of the V8 engine whims, feature detection in old core-js versions could cause a slowdown up to 100x even if nothing is polyfilled. Some versions have web compatibility issues. Please, upgrade your dependencies to the actual version of core-js.\n\u001b[0m\u001b[91mnpm ERR! code 1\nnpm ERR! path /home/node/node_modules/node-sass\n\u001b[0m\u001b[91mnpm ERR! command failed\nnpm ERR! command sh -c node scripts/build.js\n\u001b[0m\u001b[91mnpm ERR! Building: /usr/bin/node /home/node/node_modules/node-gyp/bin/node-gyp.js rebuild --verbose --libsass_ext= --libsass_cflags= --libsass_ldflags= --libsass_library=\n\u001b[0m\u001b[91mnpm ERR! gyp info it worked if it ends with ok\nnpm ERR! gyp verb cli [\nnpm ERR!\u001b[0m\u001b[91m gyp verb cli   '/usr/bin/node',\nnpm ERR! gyp verb cli   '/home/node/node_modules/node-gyp/bin/node-gyp.js',\nnpm \u001b[0m\u001b[91mERR! gyp verb cli   'rebuild',\nnpm ERR!\u001b[0m\u001b[91m gyp verb cli   '--verbose',\nnpm ERR!\u001b[0m\u001b[91m gyp verb cli   '--libsass_ext=',\nnpm \u001b[0m\u001b[91mERR! gyp verb cli   '--libsass_cflags=',\n\u001b[0m\u001b[91mnpm ERR! gyp verb cli   '--libsass_ldflags=',\n\u001b[0m\u001b[91mnpm ERR!\u001b[0m\u001b[91m gyp verb cli   '--libsass_library='\nnpm ERR!\u001b[0m\u001b[91m gyp verb cli ]\nnpm ERR! gyp info using node-gyp@3.8.0\nnpm ERR! gyp info using node@18.12.1 | linux | x64\nnpm ERR! gyp verb command rebuild []\nnpm ERR! gyp verb command clean []\nnpm ERR! gyp verb clean removing \"build\" directory\nnpm ERR! gyp verb command configure []\nnpm\u001b[0m\u001b[91m ERR! gyp verb check python checking for Python executable \"/usr/bin/python3\" in the PATH\nnpm ERR! gyp verb `which` succeeded /usr/bin/python3 /usr/bin/python3\nnpm\u001b[0m\u001b[91m ERR! gyp ERR! configure error \nnpm ERR!\u001b[0m\u001b[91m gyp ERR! stack Error: Command failed: /usr/bin/python3 -c import sys; print \"%s.%s.%s\" % sys.version_info[:3];\nnpm ERR! gyp ERR! stack   File \"<string>\", line 1\nnpm\u001b[0m\u001b[91m ERR! gyp ERR! stack     import sys; print \"%s.%s.%s\" % sys.version_info[:3];\nnpm ERR!\u001b[0m\u001b[91m gyp ERR! stack                 ^^^^^^^^^^^^^^^^^^^^^^^^^^^^^^^^^^^^^^^\nnpm ERR! gyp ERR! stack SyntaxError: Missing parentheses in call to 'print'. Did you mean print(...)?\nnpm \u001b[0m\u001b[91mERR! gyp ERR! stack \nnpm ERR!\u001b[0m\u001b[91m gyp ERR! stack     at ChildProcess.exithandler (node:child_process:412:12)\nnpm ERR! gyp ERR! stack     at ChildProcess.emit (node:events:513:28)\nnpm \u001b[0m\u001b[91mERR! gyp ERR! stack     at maybeClose (node:internal/child_process:1091:16)\nnpm ERR! gyp ERR! stack     at ChildProcess._handle.onexit (node:internal/child_process:302:5)\nnpm ERR!\u001b[0m\u001b[91m gyp ERR! System Linux 5.4.0-113-generic\nnpm ERR! gyp ERR! command \"/usr/bin/node\" \"/home/node/node_modules/node-gyp/bin/node-gyp.js\" \"rebuild\" \"--verbose\" \"--libsass_ext=\" \"--libsass_cflags=\" \"--libsass_ldflags=\" \"--libsass_library=\"\nnpm \u001b[0m\u001b[91mERR! gyp ERR! cwd /home/node/node_modules/node-sass\nnpm ERR! gyp ERR! node -v v18.12.1\nnpm ERR!\u001b[0m\u001b[91m gyp ERR! node-gyp -v v3.8.0\nnpm ERR! gyp ERR! not ok \nnpm\u001b[0m\u001b[91m ERR! Build failed with error code: 1\n\u001b[0m\u001b[91m\n\u001b[0m\u001b[91mnpm ERR! A complete log of this run can be found in:\nnpm ERR!     /home/node/.npm/_logs/2023-01-05T09_58_49_736Z-debug-0.log\n\u001b[0mRemoving intermediate container 1726ccf79c23\n","stderr":"The command '/bin/sh -c cd /home/node &&     npm install &&     npm run build' returned a non-zero code: 1\n"}}