{"repository":"https://github.com/hunter-io/wappalyzer-api","dockerfilePath":"Dockerfile","startTime":1672358431664,"clone":{"stdout":"","stderr":"Cloning into '/tmp/dinghy-analysis/hunter-io/wappalyzer-api'...\n","error":null,"commit":"8531fd7aff82a79857a378db5fa6944829531b0d"},"originalBuild":{"startTimestamp":1672358432499,"endTimestamp":1672358916208,"error":{"code":1,"killed":false,"signal":null,"cmd":"docker build --no-cache --force-rm -t wappalyzer-api:latest -f /tmp/dinghy-analysis/hunter-io/wappalyzer-api/Dockerfile ."},"stdout":"Sending build context to Docker daemon    215kB\r\r\nStep 1/13 : FROM node:14-alpine\n14-alpine: Pulling from library/node\nc158987b0551: Already exists\n859c8d0e9faf: Pulling fs layer\n69c317f5cbe1: Pulling fs layer\nd0c4a6a4173f: Pulling fs layer\nd0c4a6a4173f: Verifying Checksum\nd0c4a6a4173f: Download complete\n69c317f5cbe1: Verifying Checksum\n69c317f5cbe1: Download complete\n859c8d0e9faf: Verifying Checksum\n859c8d0e9faf: Download complete\n859c8d0e9faf: Pull complete\n69c317f5cbe1: Pull complete\nd0c4a6a4173f: Pull complete\nDigest: sha256:80e825b1f5ab859498a2f0f98f8197131a562906e5f8c95977057502e68ca05a\nStatus: Downloaded newer image for node:14-alpine\n ---> fb7170aa2b9b\nStep 2/13 : ENV PUPPETEER_SKIP_CHROMIUM_DOWNLOAD true\n ---> Running in a3bebe28e81c\nRemoving intermediate container a3bebe28e81c\n ---> 59e5d46e2332\nStep 3/13 : ENV CHROME_BIN /usr/bin/chromium-browser\n ---> Running in 7c57901dd9ca\nRemoving intermediate container 7c57901dd9ca\n ---> 0065dad66469\nStep 4/13 : RUN apk update\n ---> Running in b0739e5b7765\nfetch https://dl-cdn.alpinelinux.org/alpine/v3.17/main/x86_64/APKINDEX.tar.gz\nfetch https://dl-cdn.alpinelinux.org/alpine/v3.17/community/x86_64/APKINDEX.tar.gz\nv3.17.0-306-g917d743036 [https://dl-cdn.alpinelinux.org/alpine/v3.17/main]\nv3.17.0-307-g96eb718a77 [https://dl-cdn.alpinelinux.org/alpine/v3.17/community]\nOK: 17813 distinct packages available\nRemoving intermediate container b0739e5b7765\n ---> 241d294e772b\nStep 5/13 : RUN apk add --no-cache \tnodejs \tnpm   udev   chromium   ttf-freefont   python3   make   build-base   git\n ---> Running in 865ff1973d35\nfetch https://dl-cdn.alpinelinux.org/alpine/v3.17/main/x86_64/APKINDEX.tar.gz\nfetch https://dl-cdn.alpinelinux.org/alpine/v3.17/community/x86_64/APKINDEX.tar.gz\n(1/175) Installing binutils (2.39-r2)\n(2/175) Installing libmagic (5.43-r0)\n(3/175) Installing file (5.43-r0)\n(4/175) Installing libgomp (12.2.1_git20220924-r4)\n(5/175) Installing libatomic (12.2.1_git20220924-r4)\n(6/175) Installing gmp (6.2.1-r2)\n(7/175) Installing isl25 (0.25-r0)\n(8/175) Installing mpfr4 (4.1.0-r0)\n(9/175) Installing mpc1 (1.2.1-r1)\n(10/175) Installing gcc (12.2.1_git20220924-r4)\n(11/175) Installing libstdc++-dev (12.2.1_git20220924-r4)\n(12/175) Installing musl-dev (1.2.3-r4)\n(13/175) Installing libc-dev (0.7.2-r3)\n(14/175) Installing g++ (12.2.1_git20220924-r4)\n(15/175) Installing make (4.3-r1)\n(16/175) Installing fortify-headers (1.1-r1)\n(17/175) Installing patch (2.7.6-r8)\n(18/175) Installing build-base (0.5-r3)\n(19/175) Installing libxau (1.0.10-r0)\n(20/175) Installing libmd (1.0.4-r0)\n(21/175) Installing libbsd (0.11.7-r0)\n(22/175) Installing libxdmcp (1.1.4-r0)\n(23/175) Installing libxcb (1.15-r0)\n(24/175) Installing libx11 (1.8.3-r0)\n(25/175) Installing libxext (1.3.5-r0)\n(26/175) Installing libice (1.0.10-r1)\n(27/175) Installing libuuid (2.38.1-r0)\n(28/175) Installing libsm (1.2.3-r1)\n(29/175) Installing libxt (1.2.1-r0)\n(30/175) Installing libxmu (1.1.4-r0)\n(31/175) Installing xset (1.2.4-r1)\n(32/175) Installing xprop (1.2.5-r1)\n(33/175) Installing xdg-utils (1.1.3-r4)\n(34/175) Installing eudev-libs (3.2.11-r4)\n(35/175) Installing pkgconf (1.9.3-r0)\n(36/175) Installing libffi (3.4.4-r0)\n(37/175) Installing libintl (0.21.1-r1)\n(38/175) Installing libblkid (2.38.1-r0)\n(39/175) Installing libmount (2.38.1-r0)\n(40/175) Installing pcre2 (10.42-r0)\n(41/175) Installing glib (2.74.4-r0)\n(42/175) Installing xz-libs (5.2.9-r0)\n(43/175) Installing libxml2 (2.10.3-r1)\n(44/175) Installing shared-mime-info (2.2-r2)\n(45/175) Installing hicolor-icon-theme (0.17-r2)\n(46/175) Installing libjpeg-turbo (2.1.4-r0)\n(47/175) Installing libpng (1.6.38-r0)\n(48/175) Installing libwebp (1.2.4-r1)\n(49/175) Installing zstd-libs (1.5.2-r9)\n(50/175) Installing tiff (4.4.0-r1)\n(51/175) Installing gdk-pixbuf (2.42.10-r0)\n(52/175) Installing gtk-update-icon-cache (3.24.36-r0)\n(53/175) Installing libxcomposite (0.4.5-r1)\n(54/175) Installing libxfixes (6.0.0-r0)\n(55/175) Installing libxrender (0.9.11-r0)\n(56/175) Installing libxcursor (1.2.1-r1)\n(57/175) Installing libxdamage (1.1.5-r1)\n(58/175) Installing libxi (1.8-r0)\n(59/175) Installing libxinerama (1.1.5-r0)\n(60/175) Installing libxrandr (1.5.3-r0)\n(61/175) Installing libatk-1.0 (2.46.0-r0)\n(62/175) Installing libxtst (1.2.4-r0)\n(63/175) Installing dbus-libs (1.14.4-r0)\n(64/175) Installing at-spi2-core (2.46.0-r0)\n(65/175) Installing libatk-bridge-2.0 (2.46.0-r0)\n(66/175) Installing libexpat (2.5.0-r0)\n(67/175) Installing brotli-libs (1.0.9-r9)\n(68/175) Installing libbz2 (1.0.8-r4)\n(69/175) Installing freetype (2.12.1-r0)\n(70/175) Installing fontconfig (2.14.1-r0)\n(71/175) Installing pixman (0.42.2-r0)\n(72/175) Installing cairo (1.17.6-r3)\n(73/175) Installing cairo-gobject (1.17.6-r3)\n(74/175) Installing avahi-libs (0.8-r6)\n(75/175) Installing nettle (3.8.1-r0)\n(76/175) Installing p11-kit (0.24.1-r1)\n(77/175) Installing libtasn1 (4.19.0-r0)\n(78/175) Installing libunistring (1.1-r0)\n(79/175) Installing gnutls (3.7.8-r2)\n(80/175) Installing cups-libs (2.4.2-r1)\n(81/175) Installing libepoxy (1.5.10-r0)\n(82/175) Installing fribidi (1.0.12-r0)\n(83/175) Installing graphite2 (1.3.14-r2)\n(84/175) Installing harfbuzz (5.3.1-r1)\n(85/175) Installing libxft (2.3.7-r0)\n(86/175) Installing pango (1.50.12-r0)\n(87/175) Installing wayland-libs-client (1.21.0-r1)\n(88/175) Installing wayland-libs-cursor (1.21.0-r1)\n(89/175) Installing wayland-libs-egl (1.21.0-r1)\n(90/175) Installing xkeyboard-config (2.37-r0)\n(91/175) Installing libxkbcommon (1.4.1-r0)\n(92/175) Installing gtk+3.0 (3.24.36-r0)\nExecuting gtk+3.0-3.24.36-r0.post-install\n(93/175) Installing libfontenc (1.1.6-r0)\n(94/175) Installing mkfontscale (1.2.2-r1)\n(95/175) Installing font-opensans (0_git20210927-r1)\n(96/175) Installing libogg (1.3.5-r2)\n(97/175) Installing flac-libs (1.4.2-r0)\n(98/175) Installing aom-libs (3.5.0-r0)\n(99/175) Installing alsa-lib (1.2.8-r0)\n(100/175) Installing sdl2 (2.26.1-r0)\n(101/175) Installing svt-av1-libs (1.3.0-r0)\n(102/175) Installing libass (0.16.0-r0)\n(103/175) Installing libdav1d (1.0.0-r2)\n(104/175) Installing hwdata-pci (0.364-r0)\n(105/175) Installing libpciaccess (0.17-r0)\n(106/175) Installing libdrm (2.4.114-r0)\n(107/175) Installing ncurses-terminfo-base (6.3_p20221119-r0)\n(108/175) Installing ncurses-libs (6.3_p20221119-r0)\n(109/175) Installing lame (3.100-r2)\n(110/175) Installing opus (1.3.1-r1)\n(111/175) Installing libasyncns (0.8-r1)\n(112/175) Installing libltdl (2.4.7-r0)\n(113/175) Installing orc (0.4.33-r0)\n(114/175) Installing libvorbis (1.3.7-r0)\n(115/175) Installing libsndfile (1.1.0-r2)\n(116/175) Installing soxr (0.1.3-r3)\n(117/175) Installing speexdsp (1.2.1-r0)\n(118/175) Installing tdb-libs (1.4.7-r0)\n(119/175) Installing libpulse (16.1-r6)\n(120/175) Installing cjson (1.7.15-r3)\n(121/175) Installing mbedtls (2.28.2-r0)\n(122/175) Installing librist (0.2.7-r0)\n(123/175) Installing libsrt (1.5.1-r0)\n(124/175) Installing libssh (0.10.4-r0)\n(125/175) Installing libtheora (1.1.1-r16)\n(126/175) Installing v4l-utils-libs (1.22.1-r2)\n(127/175) Installing libva (2.16.0-r0)\n(128/175) Installing libvdpau (1.5-r0)\n(129/175) Installing vidstab (1.1.0-r2)\n(130/175) Installing libvpx (1.12.0-r1)\n(131/175) Installing x264-libs (0.164_git20220602-r0)\n(132/175) Installing numactl (2.0.16-r0)\n(133/175) Installing x265-libs (3.5-r3)\n(134/175) Installing xvidcore (1.3.7-r1)\n(135/175) Installing libsodium (1.0.18-r2)\n(136/175) Installing libzmq (4.3.4-r1)\n(137/175) Installing ffmpeg-libs (5.1.2-r1)\n(138/175) Installing libavif (0.11.1-r0)\n(139/175) Installing libevent (2.1.12-r5)\n(140/175) Installing mesa (22.2.5-r0)\n(141/175) Installing wayland-libs-server (1.21.0-r1)\n(142/175) Installing mesa-gbm (22.2.5-r0)\n(143/175) Installing icu-data-en (72.1-r1)\nExecuting icu-data-en-72.1-r1.post-install\n\u001b[91m*\n* If you need ICU with non-English locales and legacy charset support, install\n* package icu-data-full.\n*\n\u001b[0m(144/175) Installing icu-libs (72.1-r1)\n(145/175) Installing jsoncpp (1.9.5-r0)\n(146/175) Installing lcms2 (2.14-r0)\n(147/175) Installing minizip (1.2.13-r0)\n(148/175) Installing nspr (4.35-r0)\n(149/175) Installing sqlite-libs (3.40.1-r0)\n(150/175) Installing nss (3.85-r0)\n(151/175) Installing pipewire-libs (0.3.60-r2)\n(152/175) Installing re2 (2022.06.01-r1)\n(153/175) Installing snappy (1.1.9-r4)\n(154/175) Installing libwoff2common (1.0.2-r2)\n(155/175) Installing libwoff2enc (1.0.2-r2)\n(156/175) Installing libgpg-error (1.46-r1)\n(157/175) Installing libgcrypt (1.10.1-r0)\n(158/175) Installing libxslt (1.1.37-r0)\n(159/175) Installing chromium (108.0.5359.125-r0)\n(160/175) Installing ca-certificates (20220614-r3)\n(161/175) Installing nghttp2-libs (1.51.0-r0)\n(162/175) Installing libcurl (7.87.0-r0)\n(163/175) Installing git (2.38.2-r0)\n(164/175) Installing c-ares (1.18.1-r1)\n(165/175) Installing nodejs (18.12.1-r0)\n(166/175) Installing npm (9.1.2-r0)\n(167/175) Installing gdbm (1.23-r0)\n(168/175) Installing mpdecimal (2.5.1-r1)\n(169/175) Installing readline (8.2.0-r0)\n(170/175) Installing python3 (3.10.9-r1)\n(171/175) Installing encodings (1.0.6-r0)\n(172/175) Installing font-freefont (20120503-r3)\n(173/175) Installing udev-init-scripts (35-r1)\n(174/175) Installing kmod-libs (30-r1)\n(175/175) Installing eudev (3.2.11-r4)\nExecuting busybox-1.35.0-r29.trigger\nExecuting glib-2.74.4-r0.trigger\nExecuting shared-mime-info-2.2-r2.trigger\nExecuting gdk-pixbuf-2.42.10-r0.trigger\nExecuting gtk-update-icon-cache-3.24.36-r0.trigger\nExecuting fontconfig-2.14.1-r0.trigger\nExecuting mkfontscale-1.2.2-r1.trigger\nExecuting ca-certificates-20220614-r3.trigger\nExecuting eudev-3.2.11-r4.trigger\nOK: 722 MiB in 192 packages\nRemoving intermediate container 865ff1973d35\n ---> a7f2d047dc7f\nStep 6/13 : RUN mkdir /app && chown node /app\n ---> Running in 97f214a2331d\nRemoving intermediate container 97f214a2331d\n ---> c65eeb3ee923\nStep 7/13 : USER 1000\n ---> Running in 7a43e3d0d2d4\nRemoving intermediate container 7a43e3d0d2d4\n ---> 66954d880e2a\nStep 8/13 : WORKDIR /app\n ---> Running in 254d301a6e39\nRemoving intermediate container 254d301a6e39\n ---> b150c916a797\nStep 9/13 : ADD *.json /app/\n ---> d1cdfdaf8236\nStep 10/13 : RUN npm i\n ---> Running in c7ad8d453df6\n\n> cld@2.6.0 install /app/node_modules/wappalyzer/node_modules/cld\n> node-gyp rebuild\n\nmake: Entering directory '/app/node_modules/wappalyzer/node_modules/cld/build'\n  CXX(target) Release/obj.target/cld-c/deps/cld/internal/cldutil.o\n  CXX(target) Release/obj.target/cld-c/deps/cld/internal/cldutil_shared.o\n  CXX(target) Release/obj.target/cld-c/deps/cld/internal/compact_lang_det.o\n  CXX(target) Release/obj.target/cld-c/deps/cld/internal/compact_lang_det_hint_code.o\n  CXX(target) Release/obj.target/cld-c/deps/cld/internal/compact_lang_det_impl.o\n  CXX(target) Release/obj.target/cld-c/deps/cld/internal/debug.o\n  CXX(target) Release/obj.target/cld-c/deps/cld/internal/fixunicodevalue.o\n  CXX(target) Release/obj.target/cld-c/deps/cld/internal/generated_entities.o\n  CXX(target) Release/obj.target/cld-c/deps/cld/internal/generated_language.o\n  CXX(target) Release/obj.target/cld-c/deps/cld/internal/generated_ulscript.o\n  CXX(target) Release/obj.target/cld-c/deps/cld/internal/getonescriptspan.o\n  CXX(target) Release/obj.target/cld-c/deps/cld/internal/lang_script.o\n  CXX(target) Release/obj.target/cld-c/deps/cld/internal/offsetmap.o\n  CXX(target) Release/obj.target/cld-c/deps/cld/internal/scoreonescriptspan.o\n  CXX(target) Release/obj.target/cld-c/deps/cld/internal/tote.o\n  CXX(target) Release/obj.target/cld-c/deps/cld/internal/utf8statetable.o\n  CXX(target) Release/obj.target/cld-c/deps/cld/internal/cld_generated_cjk_uni_prop_80.o\n  CXX(target) Release/obj.target/cld-c/deps/cld/internal/cld2_generated_cjk_compatible.o\n  CXX(target) Release/obj.target/cld-c/deps/cld/internal/cld_generated_cjk_delta_bi_32.o\n  CXX(target) Release/obj.target/cld-c/deps/cld/internal/generated_distinct_bi_0.o\n  CXX(target) Release/obj.target/cld-c/deps/cld/internal/cld2_generated_quad0122.o\n  CXX(target) Release/obj.target/cld-c/deps/cld/internal/cld2_generated_deltaocta0122.o\n  CXX(target) Release/obj.target/cld-c/deps/cld/internal/cld2_generated_deltaoctachrome.o\n  CXX(target) Release/obj.target/cld-c/deps/cld/internal/cld2_generated_distinctocta0122.o\n  CXX(target) Release/obj.target/cld-c/deps/cld/internal/cld2_generated_distinctoctachrome.o\n  CXX(target) Release/obj.target/cld-c/deps/cld/internal/cld2_generated_quadchrome_16.o\n  CXX(target) Release/obj.target/cld-c/deps/cld/internal/cld2_generated_quadchrome_2.o\n  CXX(target) Release/obj.target/cld-c/deps/cld/internal/cld_generated_score_quad_octa_0122.o\n  CXX(target) Release/obj.target/cld-c/deps/cld/internal/cld_generated_score_quad_octa_2.o\n  AR(target) Release/obj.target/deps/cld/cld-c.a\n  COPY Release/cld-c.a\n  CXX(target) Release/obj.target/cld/src/constants.o\n  CXX(target) Release/obj.target/cld/src/cld.o\n\u001b[91m../src/cld.cc:5:12: error: 'terminate_handler' has not been declared in 'std'\n    5 | using std::terminate_handler;\n      |            ^~~~~~~~~~~~~~~~~\n../src/cld.cc:6:12: error: 'unexpected_handler' has not been declared in 'std'\n    6 | using std::unexpected_handler;\n      |            ^~~~~~~~~~~~~~~~~~\n\u001b[0m\u001b[91mmake: *** [cld.target.mk:115: Release/obj.target/cld/src/cld.o] Error 1\n\u001b[0mmake: Leaving directory '/app/node_modules/wappalyzer/node_modules/cld/build'\n\u001b[91mgyp\u001b[0m\u001b[91m \u001b[0m\u001b[91mERR!\u001b[0m\u001b[91m build error\u001b[0m\u001b[91m \n\u001b[0m\u001b[91mgyp\u001b[0m\u001b[91m \u001b[0m\u001b[91mERR! \u001b[0m\u001b[91mstack\u001b[0m\u001b[91m Error: `make` failed with exit code: 2\ngyp \u001b[0m\u001b[91mERR! \u001b[0m\u001b[91mstack\u001b[0m\u001b[91m     at ChildProcess.onExit (/usr/local/lib/node_modules/npm/node_modules/node-gyp/lib/build.js:194:23)\ngyp ERR!\u001b[0m\u001b[91m \u001b[0m\u001b[91mstack\u001b[0m\u001b[91m     at ChildProcess.emit (events.js:400:28)\ngyp\u001b[0m\u001b[91m ERR!\u001b[0m\u001b[91m \u001b[0m\u001b[91mstack\u001b[0m\u001b[91m     at Process.ChildProcess._handle.onexit (internal/child_process.js:285:12)\n\u001b[0m\u001b[91mgyp ERR!\u001b[0m\u001b[91m \u001b[0m\u001b[91mSystem\u001b[0m\u001b[91m Linux 5.4.0-113-generic\n\u001b[0m\u001b[91mgyp ERR! \u001b[0m\u001b[91mcommand \"/usr/local/bin/node\" \"/usr/local/lib/node_modules/npm/node_modules/node-gyp/bin/node-gyp.js\" \"rebuild\"\n\u001b[0m\u001b[91mgyp ERR!\u001b[0m\u001b[91m cwd /app/node_modules/wappalyzer/node_modules/cld\n\u001b[0m\u001b[91mgyp ERR!\u001b[0m\u001b[91m \u001b[0m\u001b[91mnode -v\u001b[0m\u001b[91m v14.21.2\n\u001b[0m\u001b[91mgyp ERR! \u001b[0m\u001b[91mnode-gyp -v v5.1.0\n\u001b[0m\u001b[91mgyp ERR! \u001b[0m\u001b[91mnot ok \n\u001b[0m\u001b[91mnpm\u001b[0m\u001b[91m ERR!\u001b[0m\u001b[91m code\u001b[0m\u001b[91m ELIFECYCLE\n\u001b[0m\u001b[91mnpm ERR! \u001b[0m\u001b[91merrno 1\n\u001b[0m\u001b[91mnpm ERR! cld@2.6.0 install: `node-gyp rebuild`\nnpm ERR! Exit status 1\nnpm ERR!\u001b[0m\u001b[91m \nnpm \u001b[0m\u001b[91mERR!\u001b[0m\u001b[91m Failed at the cld@2.6.0 install script.\n\u001b[0m\u001b[91mnpm ERR!\u001b[0m\u001b[91m This is probably not a problem with npm. There is likely additional logging output above.\n\u001b[0m\u001b[91m\nnpm ERR!\u001b[0m\u001b[91m A complete log of this run can be found in:\nnpm ERR!     /home/node/.npm/_logs/2022-12-30T00_08_33_889Z-debug.log\n\u001b[0mRemoving intermediate container c7ad8d453df6\n","stderr":"The command '/bin/sh -c npm i' returned a non-zero code: 1\n"},"endTime":1672358916277}