{"repository":"https://github.com/kkosiba/blog-django","dockerfilePath":"Dockerfile","startTime":1672249402999,"clone":{"stdout":"","stderr":"Cloning into '/tmp/dinghy-analysis/kkosiba/blog-django'...\n","error":null,"commit":"1e9b0c17c12b35d7d5eb959ae0d86d0117c5bb19"},"originalBuild":{"startTimestamp":1672249404009,"endTimestamp":1672249503476,"error":{"code":1,"killed":false,"signal":null,"cmd":"docker build --no-cache --force-rm -t blog-django:latest -f /tmp/dinghy-analysis/kkosiba/blog-django/Dockerfile ."},"stdout":"Sending build context to Docker daemon  4.982MB\r\r\nStep 1/5 : FROM python:3\n ---> 75cc8d87cc34\nStep 2/5 : WORKDIR /usr/src/app\n ---> Running in d2946e59ff44\nRemoving intermediate container d2946e59ff44\n ---> 1e556bd58e20\nStep 3/5 : ADD requirements.txt /usr/src/app\n ---> a28d28b9c1bb\nStep 4/5 : RUN pip install -r requirements.txt\n ---> Running in 49311e6f46b4\nCollecting appdirs==1.4.3\n  Downloading appdirs-1.4.3-py2.py3-none-any.whl (12 kB)\nCollecting attrs==19.1.0\n  Downloading attrs-19.1.0-py2.py3-none-any.whl (35 kB)\nCollecting black==19.3b0\n  Downloading black-19.3b0-py36-none-any.whl (89 kB)\n     ━━━━━━━━━━━━━━━━━━━━━━━━━━━━━━━━━━━━━━━ 89.9/89.9 kB 405.8 kB/s eta 0:00:00\nCollecting Click==7.0\n  Downloading Click-7.0-py2.py3-none-any.whl (81 kB)\n     ━━━━━━━━━━━━━━━━━━━━━━━━━━━━━━━━━━━━━━━━ 81.3/81.3 kB 1.3 MB/s eta 0:00:00\nCollecting dj-database-url==0.5.0\n  Downloading dj_database_url-0.5.0-py2.py3-none-any.whl (5.5 kB)\nCollecting Django==2.1.10\n  Downloading Django-2.1.10-py3-none-any.whl (7.3 MB)\n     ━━━━━━━━━━━━━━━━━━━━━━━━━━━━━━━━━━━━━━━━ 7.3/7.3 MB 3.8 MB/s eta 0:00:00\nCollecting django-classy-tags==0.8.0\n  Downloading django_classy_tags-0.8.0-py2.py3-none-any.whl (22 kB)\nCollecting django-heroku==0.3.1\n  Downloading django_heroku-0.3.1-py2.py3-none-any.whl (6.2 kB)\nCollecting django-markdownx==2.0.25\n  Downloading django_markdownx-2.0.25-py2.py3-none-any.whl (45 kB)\n     ━━━━━━━━━━━━━━━━━━━━━━━━━━━━━━━━━━━━━━━ 45.4/45.4 kB 472.1 kB/s eta 0:00:00\nCollecting django-taggit==0.23.0\n  Downloading django_taggit-0.23.0-py2.py3-none-any.whl (44 kB)\n     ━━━━━━━━━━━━━━━━━━━━━━━━━━━━━━━━━━━━━━━━ 44.8/44.8 kB 1.7 MB/s eta 0:00:00\nCollecting django-taggit-templatetags2==1.6.1\n  Downloading django_taggit_templatetags2-1.6.1-py2.py3-none-any.whl (67 kB)\n     ━━━━━━━━━━━━━━━━━━━━━━━━━━━━━━━━━━━━━━━ 67.6/67.6 kB 142.3 kB/s eta 0:00:00\nCollecting djangorestframework==3.9.1\n  Downloading djangorestframework-3.9.1-py2.py3-none-any.whl (950 kB)\n     ━━━━━━━━━━━━━━━━━━━━━━━━━━━━━━━━━━━━━━━ 950.8/950.8 kB 8.9 MB/s eta 0:00:00\nCollecting docutils==0.14\n  Downloading docutils-0.14-py3-none-any.whl (543 kB)\n     ━━━━━━━━━━━━━━━━━━━━━━━━━━━━━━━━━━━━━━ 543.2/543.2 kB 10.9 MB/s eta 0:00:00\nCollecting gunicorn==19.9.0\n  Downloading gunicorn-19.9.0-py2.py3-none-any.whl (112 kB)\n     ━━━━━━━━━━━━━━━━━━━━━━━━━━━━━━━━━━━━━━━ 112.9/112.9 kB 4.1 MB/s eta 0:00:00\nCollecting Markdown==3.0.1\n  Downloading Markdown-3.0.1-py2.py3-none-any.whl (89 kB)\n     ━━━━━━━━━━━━━━━━━━━━━━━━━━━━━━━━━━━━━━━ 89.4/89.4 kB 222.8 kB/s eta 0:00:00\nCollecting markdown2==2.3.5\n  Downloading markdown2-2.3.5.zip (161 kB)\n     ━━━━━━━━━━━━━━━━━━━━━━━━━━━━━━━━━━━━━ 161.9/161.9 kB 693.7 kB/s eta 0:00:00\n  Preparing metadata (setup.py): started\n  Preparing metadata (setup.py): finished with status 'done'\nCollecting Pillow==5.2.0\n  Downloading Pillow-5.2.0.tar.gz (14.5 MB)\n     ━━━━━━━━━━━━━━━━━━━━━━━━━━━━━━━━━━━━━━━━ 14.5/14.5 MB 18.4 MB/s eta 0:00:00\n  Preparing metadata (setup.py): started\n  Preparing metadata (setup.py): finished with status 'done'\nCollecting psycopg2==2.8.2\n  Downloading psycopg2-2.8.2.tar.gz (368 kB)\n     ━━━━━━━━━━━━━━━━━━━━━━━━━━━━━━━━━━━━━━ 368.2/368.2 kB 10.1 MB/s eta 0:00:00\n  Preparing metadata (setup.py): started\n  Preparing metadata (setup.py): finished with status 'done'\nCollecting pytz==2018.5\n  Downloading pytz-2018.5-py2.py3-none-any.whl (510 kB)\n     ━━━━━━━━━━━━━━━━━━━━━━━━━━━━━━━━━━━━━━━ 511.0/511.0 kB 5.4 MB/s eta 0:00:00\nCollecting six==1.11.0\n  Downloading six-1.11.0-py2.py3-none-any.whl (10 kB)\nCollecting toml==0.10.0\n  Downloading toml-0.10.0-py2.py3-none-any.whl (25 kB)\nCollecting whitenoise==4.1.2\n  Downloading whitenoise-4.1.2-py2.py3-none-any.whl (19 kB)\nRequirement already satisfied: pip in /usr/local/lib/python3.11/site-packages (from django-markdownx==2.0.25->-r requirements.txt (line 9)) (22.3.1)\nBuilding wheels for collected packages: markdown2, Pillow, psycopg2\n  Building wheel for markdown2 (setup.py): started\n  Building wheel for markdown2 (setup.py): finished with status 'done'\n  Created wheel for markdown2: filename=markdown2-2.3.5-py3-none-any.whl size=33327 sha256=451d501da140130f5c9e3a52dbdd07412ac8e07aa5621acc8560053c39d04803\n  Stored in directory: /root/.cache/pip/wheels/cc/18/76/0c90053e1281fbde055d9a36e7b218c3aa9e17f2688631f11c\n  Building wheel for Pillow (setup.py): started\n  Building wheel for Pillow (setup.py): finished with status 'done'\n  Created wheel for Pillow: filename=Pillow-5.2.0-cp311-cp311-linux_x86_64.whl size=1202440 sha256=81d3be46826b696d0f7ccbaec43d83f09a2112ba29abf572ee0c52d16e5c8110\n  Stored in directory: /root/.cache/pip/wheels/c9/d0/c1/3bc8ae9430e9e710cab8719bbf82529d897164dcfc84ce600e\n  Building wheel for psycopg2 (setup.py): started\n  Building wheel for psycopg2 (setup.py): finished with status 'error'\n\u001b[91m  error: subprocess-exited-with-error\n  \n  × python setup.py bdist_wheel did not run successfully.\n  │ exit code: 1\n  ╰─> [71 lines of output]\n      /usr/local/lib/python3.11/site-packages/setuptools/config/setupcfg.py:508: SetuptoolsDeprecationWarning: The license_file parameter is deprecated, use license_files instead.\n        warnings.warn(msg, warning_class)\n      running bdist_wheel\n      running build\n      running build_py\n      creating build\n      creating build/lib.linux-x86_64-cpython-311\n      creating build/lib.linux-x86_64-cpython-311/psycopg2\n      copying lib/__init__.py -> build/lib.linux-x86_64-cpython-311/psycopg2\n      copying lib/pool.py -> build/lib.linux-x86_64-cpython-311/psycopg2\n      copying lib/_ipaddress.py -> build/lib.linux-x86_64-cpython-311/psycopg2\n      copying lib/errors.py -> build/lib.linux-x86_64-cpython-311/psycopg2\n      copying lib/_json.py -> build/lib.linux-x86_64-cpython-311/psycopg2\n      copying lib/sql.py -> build/lib.linux-x86_64-cpython-311/psycopg2\n      copying lib/_lru_cache.py -> build/lib.linux-x86_64-cpython-311/psycopg2\n      copying lib/compat.py -> build/lib.linux-x86_64-cpython-311/psycopg2\n      copying lib/_range.py -> build/lib.linux-x86_64-cpython-311/psycopg2\n      copying lib/tz.py -> build/lib.linux-x86_64-cpython-311/psycopg2\n      copying lib/extras.py -> build/lib.linux-x86_64-cpython-311/psycopg2\n      copying lib/extensions.py -> build/lib.linux-x86_64-cpython-311/psycopg2\n      copying lib/errorcodes.py -> build/lib.linux-x86_64-cpython-311/psycopg2\n      running build_ext\n      building 'psycopg2._psycopg' extension\n      creating build/temp.linux-x86_64-cpython-311\n      creating build/temp.linux-x86_64-cpython-311/psycopg\n      gcc -pthread -Wsign-compare -DNDEBUG -g -fwrapv -O3 -Wall -fPIC \"-DPSYCOPG_VERSION=2.8.2 (dt dec pq3 ext lo64)\" -DPG_VERSION_NUM=130009 -DHAVE_LO64=1 -I/usr/local/include/python3.11 -I. -I/usr/include/postgresql -I/usr/include/postgresql/13/server -c psycopg/adapter_asis.c -o build/temp.linux-x86_64-cpython-311/psycopg/adapter_asis.o -Wdeclaration-after-statement\n      gcc -pthread -Wsign-compare -DNDEBUG -g -fwrapv -O3 -Wall -fPIC \"-DPSYCOPG_VERSION=2.8.2 (dt dec pq3 ext lo64)\" -DPG_VERSION_NUM=130009 -DHAVE_LO64=1 -I/usr/local/include/python3.11 -I. -I/usr/include/postgresql -I/usr/include/postgresql/13/server -c psycopg/adapter_binary.c -o build/temp.linux-x86_64-cpython-311/psycopg/adapter_binary.o -Wdeclaration-after-statement\n      gcc -pthread -Wsign-compare -DNDEBUG -g -fwrapv -O3 -Wall -fPIC \"-DPSYCOPG_VERSION=2.8.2 (dt dec pq3 ext lo64)\" -DPG_VERSION_NUM=130009 -DHAVE_LO64=1 -I/usr/local/include/python3.11 -I. -I/usr/include/postgresql -I/usr/include/postgresql/13/server -c psycopg/adapter_datetime.c -o build/temp.linux-x86_64-cpython-311/psycopg/adapter_datetime.o -Wdeclaration-after-statement\n      gcc -pthread -Wsign-compare -DNDEBUG -g -fwrapv -O3 -Wall -fPIC \"-DPSYCOPG_VERSION=2.8.2 (dt dec pq3 ext lo64)\" -DPG_VERSION_NUM=130009 -DHAVE_LO64=1 -I/usr/local/include/python3.11 -I. -I/usr/include/postgresql -I/usr/include/postgresql/13/server -c psycopg/adapter_list.c -o build/temp.linux-x86_64-cpython-311/psycopg/adapter_list.o -Wdeclaration-after-statement\n      gcc -pthread -Wsign-compare -DNDEBUG -g -fwrapv -O3 -Wall -fPIC \"-DPSYCOPG_VERSION=2.8.2 (dt dec pq3 ext lo64)\" -DPG_VERSION_NUM=130009 -DHAVE_LO64=1 -I/usr/local/include/python3.11 -I. -I/usr/include/postgresql -I/usr/include/postgresql/13/server -c psycopg/adapter_pboolean.c -o build/temp.linux-x86_64-cpython-311/psycopg/adapter_pboolean.o -Wdeclaration-after-statement\n      gcc -pthread -Wsign-compare -DNDEBUG -g -fwrapv -O3 -Wall -fPIC \"-DPSYCOPG_VERSION=2.8.2 (dt dec pq3 ext lo64)\" -DPG_VERSION_NUM=130009 -DHAVE_LO64=1 -I/usr/local/include/python3.11 -I. -I/usr/include/postgresql -I/usr/include/postgresql/13/server -c psycopg/adapter_pdecimal.c -o build/temp.linux-x86_64-cpython-311/psycopg/adapter_pdecimal.o -Wdeclaration-after-statement\n      gcc -pthread -Wsign-compare -DNDEBUG -g -fwrapv -O3 -Wall -fPIC \"-DPSYCOPG_VERSION=2.8.2 (dt dec pq3 ext lo64)\" -DPG_VERSION_NUM=130009 -DHAVE_LO64=1 -I/usr/local/include/python3.11 -I. -I/usr/include/postgresql -I/usr/include/postgresql/13/server -c psycopg/adapter_pfloat.c -o build/temp.linux-x86_64-cpython-311/psycopg/adapter_pfloat.o -Wdeclaration-after-statement\n      gcc -pthread -Wsign-compare -DNDEBUG -g -fwrapv -O3 -Wall -fPIC \"-DPSYCOPG_VERSION=2.8.2 (dt dec pq3 ext lo64)\" -DPG_VERSION_NUM=130009 -DHAVE_LO64=1 -I/usr/local/include/python3.11 -I. -I/usr/include/postgresql -I/usr/include/postgresql/13/server -c psycopg/adapter_pint.c -o build/temp.linux-x86_64-cpython-311/psycopg/adapter_pint.o -Wdeclaration-after-statement\n      gcc -pthread -Wsign-compare -DNDEBUG -g -fwrapv -O3 -Wall -fPIC \"-DPSYCOPG_VERSION=2.8.2 (dt dec pq3 ext lo64)\" -DPG_VERSION_NUM=130009 -DHAVE_LO64=1 -I/usr/local/include/python3.11 -I. -I/usr/include/postgresql -I/usr/include/postgresql/13/server -c psycopg/adapter_qstring.c -o build/temp.linux-x86_64-cpython-311/psycopg/adapter_qstring.o -Wdeclaration-after-statement\n      gcc -pthread -Wsign-compare -DNDEBUG -g -fwrapv -O3 -Wall -fPIC \"-DPSYCOPG_VERSION=2.8.2 (dt dec pq3 ext lo64)\" -DPG_VERSION_NUM=130009 -DHAVE_LO64=1 -I/usr/local/include/python3.11 -I. -I/usr/include/postgresql -I/usr/include/postgresql/13/server -c psycopg/bytes_format.c -o build/temp.linux-x86_64-cpython-311/psycopg/bytes_format.o -Wdeclaration-after-statement\n      gcc -pthread -Wsign-compare -DNDEBUG -g -fwrapv -O3 -Wall -fPIC \"-DPSYCOPG_VERSION=2.8.2 (dt dec pq3 ext lo64)\" -DPG_VERSION_NUM=130009 -DHAVE_LO64=1 -I/usr/local/include/python3.11 -I. -I/usr/include/postgresql -I/usr/include/postgresql/13/server -c psycopg/column_type.c -o build/temp.linux-x86_64-cpython-311/psycopg/column_type.o -Wdeclaration-after-statement\n      gcc -pthread -Wsign-compare -DNDEBUG -g -fwrapv -O3 -Wall -fPIC \"-DPSYCOPG_VERSION=2.8.2 (dt dec pq3 ext lo64)\" -DPG_VERSION_NUM=130009 -DHAVE_LO64=1 -I/usr/local/include/python3.11 -I. -I/usr/include/postgresql -I/usr/include/postgresql/13/server -c psycopg/connection_int.c -o build/temp.linux-x86_64-cpython-311/psycopg/connection_int.o -Wdeclaration-after-statement\n      gcc -pthread -Wsign-compare -DNDEBUG -g -fwrapv -O3 -Wall -fPIC \"-DPSYCOPG_VERSION=2.8.2 (dt dec pq3 ext lo64)\" -DPG_VERSION_NUM=130009 -DHAVE_LO64=1 -I/usr/local/include/python3.11 -I. -I/usr/include/postgresql -I/usr/include/postgresql/13/server -c psycopg/connection_type.c -o build/temp.linux-x86_64-cpython-311/psycopg/connection_type.o -Wdeclaration-after-statement\n      gcc -pthread -Wsign-compare -DNDEBUG -g -fwrapv -O3 -Wall -fPIC \"-DPSYCOPG_VERSION=2.8.2 (dt dec pq3 ext lo64)\" -DPG_VERSION_NUM=130009 -DHAVE_LO64=1 -I/usr/local/include/python3.11 -I. -I/usr/include/postgresql -I/usr/include/postgresql/13/server -c psycopg/conninfo_type.c -o build/temp.linux-x86_64-cpython-311/psycopg/conninfo_type.o -Wdeclaration-after-statement\n      gcc -pthread -Wsign-compare -DNDEBUG -g -fwrapv -O3 -Wall -fPIC \"-DPSYCOPG_VERSION=2.8.2 (dt dec pq3 ext lo64)\" -DPG_VERSION_NUM=130009 -DHAVE_LO64=1 -I/usr/local/include/python3.11 -I. -I/usr/include/postgresql -I/usr/include/postgresql/13/server -c psycopg/cursor_int.c -o build/temp.linux-x86_64-cpython-311/psycopg/cursor_int.o -Wdeclaration-after-statement\n      gcc -pthread -Wsign-compare -DNDEBUG -g -fwrapv -O3 -Wall -fPIC \"-DPSYCOPG_VERSION=2.8.2 (dt dec pq3 ext lo64)\" -DPG_VERSION_NUM=130009 -DHAVE_LO64=1 -I/usr/local/include/python3.11 -I. -I/usr/include/postgresql -I/usr/include/postgresql/13/server -c psycopg/cursor_type.c -o build/temp.linux-x86_64-cpython-311/psycopg/cursor_type.o -Wdeclaration-after-statement\n      gcc -pthread -Wsign-compare -DNDEBUG -g -fwrapv -O3 -Wall -fPIC \"-DPSYCOPG_VERSION=2.8.2 (dt dec pq3 ext lo64)\" -DPG_VERSION_NUM=130009 -DHAVE_LO64=1 -I/usr/local/include/python3.11 -I. -I/usr/include/postgresql -I/usr/include/postgresql/13/server -c psycopg/diagnostics_type.c -o build/temp.linux-x86_64-cpython-311/psycopg/diagnostics_type.o -Wdeclaration-after-statement\n      gcc -pthread -Wsign-compare -DNDEBUG -g -fwrapv -O3 -Wall -fPIC \"-DPSYCOPG_VERSION=2.8.2 (dt dec pq3 ext lo64)\" -DPG_VERSION_NUM=130009 -DHAVE_LO64=1 -I/usr/local/include/python3.11 -I. -I/usr/include/postgresql -I/usr/include/postgresql/13/server -c psycopg/error_type.c -o build/temp.linux-x86_64-cpython-311/psycopg/error_type.o -Wdeclaration-after-statement\n      gcc -pthread -Wsign-compare -DNDEBUG -g -fwrapv -O3 -Wall -fPIC \"-DPSYCOPG_VERSION=2.8.2 (dt dec pq3 ext lo64)\" -DPG_VERSION_NUM=130009 -DHAVE_LO64=1 -I/usr/local/include/python3.11 -I. -I/usr/include/postgresql -I/usr/include/postgresql/13/server -c psycopg/green.c -o build/temp.linux-x86_64-cpython-311/psycopg/green.o -Wdeclaration-after-statement\n      gcc -pthread -Wsign-compare -DNDEBUG -g -fwrapv -O3 -Wall -fPIC \"-DPSYCOPG_VERSION=2.8.2 (dt dec pq3 ext lo64)\" -DPG_VERSION_NUM=130009 -DHAVE_LO64=1 -I/usr/local/include/python3.11 -I. -I/usr/include/postgresql -I/usr/include/postgresql/13/server -c psycopg/libpq_support.c -o build/temp.linux-x86_64-cpython-311/psycopg/libpq_support.o -Wdeclaration-after-statement\n      gcc -pthread -Wsign-compare -DNDEBUG -g -fwrapv -O3 -Wall -fPIC \"-DPSYCOPG_VERSION=2.8.2 (dt dec pq3 ext lo64)\" -DPG_VERSION_NUM=130009 -DHAVE_LO64=1 -I/usr/local/include/python3.11 -I. -I/usr/include/postgresql -I/usr/include/postgresql/13/server -c psycopg/lobject_int.c -o build/temp.linux-x86_64-cpython-311/psycopg/lobject_int.o -Wdeclaration-after-statement\n      gcc -pthread -Wsign-compare -DNDEBUG -g -fwrapv -O3 -Wall -fPIC \"-DPSYCOPG_VERSION=2.8.2 (dt dec pq3 ext lo64)\" -DPG_VERSION_NUM=130009 -DHAVE_LO64=1 -I/usr/local/include/python3.11 -I. -I/usr/include/postgresql -I/usr/include/postgresql/13/server -c psycopg/lobject_type.c -o build/temp.linux-x86_64-cpython-311/psycopg/lobject_type.o -Wdeclaration-after-statement\n      gcc -pthread -Wsign-compare -DNDEBUG -g -fwrapv -O3 -Wall -fPIC \"-DPSYCOPG_VERSION=2.8.2 (dt dec pq3 ext lo64)\" -DPG_VERSION_NUM=130009 -DHAVE_LO64=1 -I/usr/local/include/python3.11 -I. -I/usr/include/postgresql -I/usr/include/postgresql/13/server -c psycopg/microprotocols.c -o build/temp.linux-x86_64-cpython-311/psycopg/microprotocols.o -Wdeclaration-after-statement\n      gcc -pthread -Wsign-compare -DNDEBUG -g -fwrapv -O3 -Wall -fPIC \"-DPSYCOPG_VERSION=2.8.2 (dt dec pq3 ext lo64)\" -DPG_VERSION_NUM=130009 -DHAVE_LO64=1 -I/usr/local/include/python3.11 -I. -I/usr/include/postgresql -I/usr/include/postgresql/13/server -c psycopg/microprotocols_proto.c -o build/temp.linux-x86_64-cpython-311/psycopg/microprotocols_proto.o -Wdeclaration-after-statement\n      gcc -pthread -Wsign-compare -DNDEBUG -g -fwrapv -O3 -Wall -fPIC \"-DPSYCOPG_VERSION=2.8.2 (dt dec pq3 ext lo64)\" -DPG_VERSION_NUM=130009 -DHAVE_LO64=1 -I/usr/local/include/python3.11 -I. -I/usr/include/postgresql -I/usr/include/postgresql/13/server -c psycopg/notify_type.c -o build/temp.linux-x86_64-cpython-311/psycopg/notify_type.o -Wdeclaration-after-statement\n      gcc -pthread -Wsign-compare -DNDEBUG -g -fwrapv -O3 -Wall -fPIC \"-DPSYCOPG_VERSION=2.8.2 (dt dec pq3 ext lo64)\" -DPG_VERSION_NUM=130009 -DHAVE_LO64=1 -I/usr/local/include/python3.11 -I. -I/usr/include/postgresql -I/usr/include/postgresql/13/server -c psycopg/pqpath.c -o build/temp.linux-x86_64-cpython-311/psycopg/pqpath.o -Wdeclaration-after-statement\n      gcc -pthread -Wsign-compare -DNDEBUG -g -fwrapv -O3 -Wall -fPIC \"-DPSYCOPG_VERSION=2.8.2 (dt dec pq3 ext lo64)\" -DPG_VERSION_NUM=130009 -DHAVE_LO64=1 -I/usr/local/include/python3.11 -I. -I/usr/include/postgresql -I/usr/include/postgresql/13/server -c psycopg/psycopgmodule.c -o build/temp.linux-x86_64-cpython-311/psycopg/psycopgmodule.o -Wdeclaration-after-statement\n      psycopg/psycopgmodule.c: In function ‘add_module_types’:\n      psycopg/psycopgmodule.c:920:36: error: lvalue required as left operand of assignment\n        920 |         Py_TYPE(typetable[i].type) = &PyType_Type;\n            |                                    ^\n      psycopg/psycopgmodule.c: In function ‘datetime_init’:\n      psycopg/psycopgmodule.c:952:30: error: lvalue required as left operand of assignment\n        952 |     Py_TYPE(&pydatetimeType) = &PyType_Type;\n            |                              ^\n      psycopg/psycopgmodule.c: In function ‘PyInit__psycopg’:\n      psycopg/psycopgmodule.c:1084:28: error: lvalue required as left operand of assignment\n       1084 |     Py_TYPE(&typecastType) = &PyType_Type;\n            |                            ^\n      psycopg/psycopgmodule.c:1087:25: error: lvalue required as left operand of assignment\n       1087 |     Py_TYPE(&chunkType) = &PyType_Type;\n            |                         ^\n      psycopg/psycopgmodule.c:1090:25: error: lvalue required as left operand of assignment\n       1090 |     Py_TYPE(&errorType) = &PyType_Type;\n            |                         ^\n      error: command '/usr/bin/gcc' failed with exit code 1\n      [end of output]\n  \n  note: This error originates from a subprocess, and is likely not a problem with pip.\n\u001b[0m\u001b[91m  ERROR: Failed building wheel for psycopg2\n\u001b[0m  Running setup.py clean for psycopg2\nSuccessfully built markdown2 Pillow\nFailed to build psycopg2\nInstalling collected packages: whitenoise, toml, six, pytz, markdown2, docutils, dj-database-url, appdirs, psycopg2, Pillow, Markdown, gunicorn, djangorestframework, Django, Click, attrs, django-taggit, django-markdownx, django-heroku, django-classy-tags, black, django-taggit-templatetags2\n  Running setup.py install for psycopg2: started\n  Running setup.py install for psycopg2: finished with status 'error'\n\u001b[91m  error: subprocess-exited-with-error\n  \n  × Running setup.py install for psycopg2 did not run successfully.\n  │ exit code: 1\n  ╰─> [73 lines of output]\n      /usr/local/lib/python3.11/site-packages/setuptools/config/setupcfg.py:508: SetuptoolsDeprecationWarning: The license_file parameter is deprecated, use license_files instead.\n        warnings.warn(msg, warning_class)\n      running install\n      /usr/local/lib/python3.11/site-packages/setuptools/command/install.py:34: SetuptoolsDeprecationWarning: setup.py install is deprecated. Use build and pip and other standards-based tools.\n        warnings.warn(\n      running build\n      running build_py\n      creating build\n      creating build/lib.linux-x86_64-cpython-311\n      creating build/lib.linux-x86_64-cpython-311/psycopg2\n      copying lib/__init__.py -> build/lib.linux-x86_64-cpython-311/psycopg2\n      copying lib/pool.py -> build/lib.linux-x86_64-cpython-311/psycopg2\n      copying lib/_ipaddress.py -> build/lib.linux-x86_64-cpython-311/psycopg2\n      copying lib/errors.py -> build/lib.linux-x86_64-cpython-311/psycopg2\n      copying lib/_json.py -> build/lib.linux-x86_64-cpython-311/psycopg2\n      copying lib/sql.py -> build/lib.linux-x86_64-cpython-311/psycopg2\n      copying lib/_lru_cache.py -> build/lib.linux-x86_64-cpython-311/psycopg2\n      copying lib/compat.py -> build/lib.linux-x86_64-cpython-311/psycopg2\n      copying lib/_range.py -> build/lib.linux-x86_64-cpython-311/psycopg2\n      copying lib/tz.py -> build/lib.linux-x86_64-cpython-311/psycopg2\n      copying lib/extras.py -> build/lib.linux-x86_64-cpython-311/psycopg2\n      copying lib/extensions.py -> build/lib.linux-x86_64-cpython-311/psycopg2\n      copying lib/errorcodes.py -> build/lib.linux-x86_64-cpython-311/psycopg2\n      running build_ext\n      building 'psycopg2._psycopg' extension\n      creating build/temp.linux-x86_64-cpython-311\n      creating build/temp.linux-x86_64-cpython-311/psycopg\n      gcc -pthread -Wsign-compare -DNDEBUG -g -fwrapv -O3 -Wall -fPIC \"-DPSYCOPG_VERSION=2.8.2 (dt dec pq3 ext lo64)\" -DPG_VERSION_NUM=130009 -DHAVE_LO64=1 -I/usr/local/include/python3.11 -I. -I/usr/include/postgresql -I/usr/include/postgresql/13/server -c psycopg/adapter_asis.c -o build/temp.linux-x86_64-cpython-311/psycopg/adapter_asis.o -Wdeclaration-after-statement\n      gcc -pthread -Wsign-compare -DNDEBUG -g -fwrapv -O3 -Wall -fPIC \"-DPSYCOPG_VERSION=2.8.2 (dt dec pq3 ext lo64)\" -DPG_VERSION_NUM=130009 -DHAVE_LO64=1 -I/usr/local/include/python3.11 -I. -I/usr/include/postgresql -I/usr/include/postgresql/13/server -c psycopg/adapter_binary.c -o build/temp.linux-x86_64-cpython-311/psycopg/adapter_binary.o -Wdeclaration-after-statement\n      gcc -pthread -Wsign-compare -DNDEBUG -g -fwrapv -O3 -Wall -fPIC \"-DPSYCOPG_VERSION=2.8.2 (dt dec pq3 ext lo64)\" -DPG_VERSION_NUM=130009 -DHAVE_LO64=1 -I/usr/local/include/python3.11 -I. -I/usr/include/postgresql -I/usr/include/postgresql/13/server -c psycopg/adapter_datetime.c -o build/temp.linux-x86_64-cpython-311/psycopg/adapter_datetime.o -Wdeclaration-after-statement\n      gcc -pthread -Wsign-compare -DNDEBUG -g -fwrapv -O3 -Wall -fPIC \"-DPSYCOPG_VERSION=2.8.2 (dt dec pq3 ext lo64)\" -DPG_VERSION_NUM=130009 -DHAVE_LO64=1 -I/usr/local/include/python3.11 -I. -I/usr/include/postgresql -I/usr/include/postgresql/13/server -c psycopg/adapter_list.c -o build/temp.linux-x86_64-cpython-311/psycopg/adapter_list.o -Wdeclaration-after-statement\n      gcc -pthread -Wsign-compare -DNDEBUG -g -fwrapv -O3 -Wall -fPIC \"-DPSYCOPG_VERSION=2.8.2 (dt dec pq3 ext lo64)\" -DPG_VERSION_NUM=130009 -DHAVE_LO64=1 -I/usr/local/include/python3.11 -I. -I/usr/include/postgresql -I/usr/include/postgresql/13/server -c psycopg/adapter_pboolean.c -o build/temp.linux-x86_64-cpython-311/psycopg/adapter_pboolean.o -Wdeclaration-after-statement\n      gcc -pthread -Wsign-compare -DNDEBUG -g -fwrapv -O3 -Wall -fPIC \"-DPSYCOPG_VERSION=2.8.2 (dt dec pq3 ext lo64)\" -DPG_VERSION_NUM=130009 -DHAVE_LO64=1 -I/usr/local/include/python3.11 -I. -I/usr/include/postgresql -I/usr/include/postgresql/13/server -c psycopg/adapter_pdecimal.c -o build/temp.linux-x86_64-cpython-311/psycopg/adapter_pdecimal.o -Wdeclaration-after-statement\n      gcc -pthread -Wsign-compare -DNDEBUG -g -fwrapv -O3 -Wall -fPIC \"-DPSYCOPG_VERSION=2.8.2 (dt dec pq3 ext lo64)\" -DPG_VERSION_NUM=130009 -DHAVE_LO64=1 -I/usr/local/include/python3.11 -I. -I/usr/include/postgresql -I/usr/include/postgresql/13/server -c psycopg/adapter_pfloat.c -o build/temp.linux-x86_64-cpython-311/psycopg/adapter_pfloat.o -Wdeclaration-after-statement\n      gcc -pthread -Wsign-compare -DNDEBUG -g -fwrapv -O3 -Wall -fPIC \"-DPSYCOPG_VERSION=2.8.2 (dt dec pq3 ext lo64)\" -DPG_VERSION_NUM=130009 -DHAVE_LO64=1 -I/usr/local/include/python3.11 -I. -I/usr/include/postgresql -I/usr/include/postgresql/13/server -c psycopg/adapter_pint.c -o build/temp.linux-x86_64-cpython-311/psycopg/adapter_pint.o -Wdeclaration-after-statement\n      gcc -pthread -Wsign-compare -DNDEBUG -g -fwrapv -O3 -Wall -fPIC \"-DPSYCOPG_VERSION=2.8.2 (dt dec pq3 ext lo64)\" -DPG_VERSION_NUM=130009 -DHAVE_LO64=1 -I/usr/local/include/python3.11 -I. -I/usr/include/postgresql -I/usr/include/postgresql/13/server -c psycopg/adapter_qstring.c -o build/temp.linux-x86_64-cpython-311/psycopg/adapter_qstring.o -Wdeclaration-after-statement\n      gcc -pthread -Wsign-compare -DNDEBUG -g -fwrapv -O3 -Wall -fPIC \"-DPSYCOPG_VERSION=2.8.2 (dt dec pq3 ext lo64)\" -DPG_VERSION_NUM=130009 -DHAVE_LO64=1 -I/usr/local/include/python3.11 -I. -I/usr/include/postgresql -I/usr/include/postgresql/13/server -c psycopg/bytes_format.c -o build/temp.linux-x86_64-cpython-311/psycopg/bytes_format.o -Wdeclaration-after-statement\n      gcc -pthread -Wsign-compare -DNDEBUG -g -fwrapv -O3 -Wall -fPIC \"-DPSYCOPG_VERSION=2.8.2 (dt dec pq3 ext lo64)\" -DPG_VERSION_NUM=130009 -DHAVE_LO64=1 -I/usr/local/include/python3.11 -I. -I/usr/include/postgresql -I/usr/include/postgresql/13/server -c psycopg/column_type.c -o build/temp.linux-x86_64-cpython-311/psycopg/column_type.o -Wdeclaration-after-statement\n      gcc -pthread -Wsign-compare -DNDEBUG -g -fwrapv -O3 -Wall -fPIC \"-DPSYCOPG_VERSION=2.8.2 (dt dec pq3 ext lo64)\" -DPG_VERSION_NUM=130009 -DHAVE_LO64=1 -I/usr/local/include/python3.11 -I. -I/usr/include/postgresql -I/usr/include/postgresql/13/server -c psycopg/connection_int.c -o build/temp.linux-x86_64-cpython-311/psycopg/connection_int.o -Wdeclaration-after-statement\n      gcc -pthread -Wsign-compare -DNDEBUG -g -fwrapv -O3 -Wall -fPIC \"-DPSYCOPG_VERSION=2.8.2 (dt dec pq3 ext lo64)\" -DPG_VERSION_NUM=130009 -DHAVE_LO64=1 -I/usr/local/include/python3.11 -I. -I/usr/include/postgresql -I/usr/include/postgresql/13/server -c psycopg/connection_type.c -o build/temp.linux-x86_64-cpython-311/psycopg/connection_type.o -Wdeclaration-after-statement\n      gcc -pthread -Wsign-compare -DNDEBUG -g -fwrapv -O3 -Wall -fPIC \"-DPSYCOPG_VERSION=2.8.2 (dt dec pq3 ext lo64)\" -DPG_VERSION_NUM=130009 -DHAVE_LO64=1 -I/usr/local/include/python3.11 -I. -I/usr/include/postgresql -I/usr/include/postgresql/13/server -c psycopg/conninfo_type.c -o build/temp.linux-x86_64-cpython-311/psycopg/conninfo_type.o -Wdeclaration-after-statement\n      gcc -pthread -Wsign-compare -DNDEBUG -g -fwrapv -O3 -Wall -fPIC \"-DPSYCOPG_VERSION=2.8.2 (dt dec pq3 ext lo64)\" -DPG_VERSION_NUM=130009 -DHAVE_LO64=1 -I/usr/local/include/python3.11 -I. -I/usr/include/postgresql -I/usr/include/postgresql/13/server -c psycopg/cursor_int.c -o build/temp.linux-x86_64-cpython-311/psycopg/cursor_int.o -Wdeclaration-after-statement\n      gcc -pthread -Wsign-compare -DNDEBUG -g -fwrapv -O3 -Wall -fPIC \"-DPSYCOPG_VERSION=2.8.2 (dt dec pq3 ext lo64)\" -DPG_VERSION_NUM=130009 -DHAVE_LO64=1 -I/usr/local/include/python3.11 -I. -I/usr/include/postgresql -I/usr/include/postgresql/13/server -c psycopg/cursor_type.c -o build/temp.linux-x86_64-cpython-311/psycopg/cursor_type.o -Wdeclaration-after-statement\n      gcc -pthread -Wsign-compare -DNDEBUG -g -fwrapv -O3 -Wall -fPIC \"-DPSYCOPG_VERSION=2.8.2 (dt dec pq3 ext lo64)\" -DPG_VERSION_NUM=130009 -DHAVE_LO64=1 -I/usr/local/include/python3.11 -I. -I/usr/include/postgresql -I/usr/include/postgresql/13/server -c psycopg/diagnostics_type.c -o build/temp.linux-x86_64-cpython-311/psycopg/diagnostics_type.o -Wdeclaration-after-statement\n      gcc -pthread -Wsign-compare -DNDEBUG -g -fwrapv -O3 -Wall -fPIC \"-DPSYCOPG_VERSION=2.8.2 (dt dec pq3 ext lo64)\" -DPG_VERSION_NUM=130009 -DHAVE_LO64=1 -I/usr/local/include/python3.11 -I. -I/usr/include/postgresql -I/usr/include/postgresql/13/server -c psycopg/error_type.c -o build/temp.linux-x86_64-cpython-311/psycopg/error_type.o -Wdeclaration-after-statement\n      gcc -pthread -Wsign-compare -DNDEBUG -g -fwrapv -O3 -Wall -fPIC \"-DPSYCOPG_VERSION=2.8.2 (dt dec pq3 ext lo64)\" -DPG_VERSION_NUM=130009 -DHAVE_LO64=1 -I/usr/local/include/python3.11 -I. -I/usr/include/postgresql -I/usr/include/postgresql/13/server -c psycopg/green.c -o build/temp.linux-x86_64-cpython-311/psycopg/green.o -Wdeclaration-after-statement\n      gcc -pthread -Wsign-compare -DNDEBUG -g -fwrapv -O3 -Wall -fPIC \"-DPSYCOPG_VERSION=2.8.2 (dt dec pq3 ext lo64)\" -DPG_VERSION_NUM=130009 -DHAVE_LO64=1 -I/usr/local/include/python3.11 -I. -I/usr/include/postgresql -I/usr/include/postgresql/13/server -c psycopg/libpq_support.c -o build/temp.linux-x86_64-cpython-311/psycopg/libpq_support.o -Wdeclaration-after-statement\n      gcc -pthread -Wsign-compare -DNDEBUG -g -fwrapv -O3 -Wall -fPIC \"-DPSYCOPG_VERSION=2.8.2 (dt dec pq3 ext lo64)\" -DPG_VERSION_NUM=130009 -DHAVE_LO64=1 -I/usr/local/include/python3.11 -I. -I/usr/include/postgresql -I/usr/include/postgresql/13/server -c psycopg/lobject_int.c -o build/temp.linux-x86_64-cpython-311/psycopg/lobject_int.o -Wdeclaration-after-statement\n      gcc -pthread -Wsign-compare -DNDEBUG -g -fwrapv -O3 -Wall -fPIC \"-DPSYCOPG_VERSION=2.8.2 (dt dec pq3 ext lo64)\" -DPG_VERSION_NUM=130009 -DHAVE_LO64=1 -I/usr/local/include/python3.11 -I. -I/usr/include/postgresql -I/usr/include/postgresql/13/server -c psycopg/lobject_type.c -o build/temp.linux-x86_64-cpython-311/psycopg/lobject_type.o -Wdeclaration-after-statement\n      gcc -pthread -Wsign-compare -DNDEBUG -g -fwrapv -O3 -Wall -fPIC \"-DPSYCOPG_VERSION=2.8.2 (dt dec pq3 ext lo64)\" -DPG_VERSION_NUM=130009 -DHAVE_LO64=1 -I/usr/local/include/python3.11 -I. -I/usr/include/postgresql -I/usr/include/postgresql/13/server -c psycopg/microprotocols.c -o build/temp.linux-x86_64-cpython-311/psycopg/microprotocols.o -Wdeclaration-after-statement\n      gcc -pthread -Wsign-compare -DNDEBUG -g -fwrapv -O3 -Wall -fPIC \"-DPSYCOPG_VERSION=2.8.2 (dt dec pq3 ext lo64)\" -DPG_VERSION_NUM=130009 -DHAVE_LO64=1 -I/usr/local/include/python3.11 -I. -I/usr/include/postgresql -I/usr/include/postgresql/13/server -c psycopg/microprotocols_proto.c -o build/temp.linux-x86_64-cpython-311/psycopg/microprotocols_proto.o -Wdeclaration-after-statement\n      gcc -pthread -Wsign-compare -DNDEBUG -g -fwrapv -O3 -Wall -fPIC \"-DPSYCOPG_VERSION=2.8.2 (dt dec pq3 ext lo64)\" -DPG_VERSION_NUM=130009 -DHAVE_LO64=1 -I/usr/local/include/python3.11 -I. -I/usr/include/postgresql -I/usr/include/postgresql/13/server -c psycopg/notify_type.c -o build/temp.linux-x86_64-cpython-311/psycopg/notify_type.o -Wdeclaration-after-statement\n      gcc -pthread -Wsign-compare -DNDEBUG -g -fwrapv -O3 -Wall -fPIC \"-DPSYCOPG_VERSION=2.8.2 (dt dec pq3 ext lo64)\" -DPG_VERSION_NUM=130009 -DHAVE_LO64=1 -I/usr/local/include/python3.11 -I. -I/usr/include/postgresql -I/usr/include/postgresql/13/server -c psycopg/pqpath.c -o build/temp.linux-x86_64-cpython-311/psycopg/pqpath.o -Wdeclaration-after-statement\n      gcc -pthread -Wsign-compare -DNDEBUG -g -fwrapv -O3 -Wall -fPIC \"-DPSYCOPG_VERSION=2.8.2 (dt dec pq3 ext lo64)\" -DPG_VERSION_NUM=130009 -DHAVE_LO64=1 -I/usr/local/include/python3.11 -I. -I/usr/include/postgresql -I/usr/include/postgresql/13/server -c psycopg/psycopgmodule.c -o build/temp.linux-x86_64-cpython-311/psycopg/psycopgmodule.o -Wdeclaration-after-statement\n      psycopg/psycopgmodule.c: In function ‘add_module_types’:\n      psycopg/psycopgmodule.c:920:36: error: lvalue required as left operand of assignment\n        920 |         Py_TYPE(typetable[i].type) = &PyType_Type;\n            |                                    ^\n      psycopg/psycopgmodule.c: In function ‘datetime_init’:\n      psycopg/psycopgmodule.c:952:30: error: lvalue required as left operand of assignment\n        952 |     Py_TYPE(&pydatetimeType) = &PyType_Type;\n            |                              ^\n      psycopg/psycopgmodule.c: In function ‘PyInit__psycopg’:\n      psycopg/psycopgmodule.c:1084:28: error: lvalue required as left operand of assignment\n       1084 |     Py_TYPE(&typecastType) = &PyType_Type;\n            |                            ^\n      psycopg/psycopgmodule.c:1087:25: error: lvalue required as left operand of assignment\n       1087 |     Py_TYPE(&chunkType) = &PyType_Type;\n            |                         ^\n      psycopg/psycopgmodule.c:1090:25: error: lvalue required as left operand of assignment\n       1090 |     Py_TYPE(&errorType) = &PyType_Type;\n            |                         ^\n      error: command '/usr/bin/gcc' failed with exit code 1\n      [end of output]\n  \n  note: This error originates from a subprocess, and is likely not a problem with pip.\n\u001b[0m\u001b[91merror: legacy-install-failure\n\n× Encountered error while trying to install package.\n╰─> psycopg2\n\nnote: This is an issue with the package mentioned above, not pip.\nhint: See above for output from the failure.\n\u001b[0mRemoving intermediate container 49311e6f46b4\n","stderr":"The command '/bin/sh -c pip install -r requirements.txt' returned a non-zero code: 1\n"},"endTime":1672249503565}