{"repository":"https://github.com/subnub/mydrive","dockerfilePath":"Dockerfile","startTime":1672165277644,"clone":{"stdout":"","stderr":"Cloning into '/tmp/dinghy-analysis/subnub/mydrive'...\n","error":null,"commit":"e94527ca6dec5e90603f312a20fd5afa574d7394"},"originalBuild":{"startTimestamp":1672165280718,"endTimestamp":1672165460456,"error":{"code":2,"killed":false,"signal":null,"cmd":"docker build --no-cache --force-rm -t mydrive:latest -f /tmp/dinghy-analysis/subnub/mydrive/Dockerfile ."},"stdout":"Sending build context to Docker daemon  103.9MB\r\r\nStep 1/9 : FROM node:13\n13: Pulling from library/node\n1c6172af85ee: Pulling fs layer\nb194b0e3c928: Pulling fs layer\n1f5ec00f35d5: Pulling fs layer\n93b1353672b6: Pulling fs layer\n3d7f38db3cca: Pulling fs layer\n21e102f9fe89: Pulling fs layer\nd5431b24825a: Pulling fs layer\nf780e3352c18: Pulling fs layer\n4d28937582d0: Pulling fs layer\n4d28937582d0: Waiting\n3d7f38db3cca: Waiting\nf780e3352c18: Waiting\nd5431b24825a: Waiting\n21e102f9fe89: Waiting\n93b1353672b6: Waiting\n1f5ec00f35d5: Verifying Checksum\n1f5ec00f35d5: Download complete\nb194b0e3c928: Verifying Checksum\nb194b0e3c928: Download complete\n93b1353672b6: Verifying Checksum\n93b1353672b6: Download complete\n1c6172af85ee: Verifying Checksum\n1c6172af85ee: Download complete\n21e102f9fe89: Verifying Checksum\n21e102f9fe89: Download complete\nf780e3352c18: Verifying Checksum\nf780e3352c18: Download complete\nd5431b24825a: Verifying Checksum\nd5431b24825a: Download complete\n4d28937582d0: Download complete\n3d7f38db3cca: Verifying Checksum\n3d7f38db3cca: Download complete\n1c6172af85ee: Pull complete\nb194b0e3c928: Pull complete\n1f5ec00f35d5: Pull complete\n93b1353672b6: Pull complete\n3d7f38db3cca: Pull complete\n21e102f9fe89: Pull complete\nd5431b24825a: Pull complete\nf780e3352c18: Pull complete\n4d28937582d0: Pull complete\nDigest: sha256:70d4fffcab39a1f9f7161d58e674ddcc56c7f0724196b68d52a87bab15cb4a04\nStatus: Downloaded newer image for node:13\n ---> 2b9604a36e49\nStep 2/9 : WORKDIR /usr/app\n ---> Running in 0f7114934670\nRemoving intermediate container 0f7114934670\n ---> 583ae0257ccc\nStep 3/9 : COPY package*.json ./\n ---> 4d496b30d5bc\nStep 4/9 : RUN npm install\n ---> Running in 07192fc604be\n\u001b[91mnpm WARN deprecated dart-sass@1.25.0: This package has been renamed to 'sass'.\n\u001b[0m\u001b[91mnpm WARN deprecated @babel/polyfill@7.12.1: ðŸš¨ This package has been deprecated in favor of separate inclusion of a polyfill and regenerator-runtime (when needed). See the @babel/polyfill docs (https://babeljs.io/docs/en/babel-polyfill) for more information.\n\u001b[0m\u001b[91mnpm WARN deprecated request@2.88.2: request has been deprecated, see https://github.com/request/request/issues/3142\n\u001b[0m\u001b[91mnpm WARN deprecated uuid@3.4.0: Please upgrade  to version 7 or higher.  Older versions may use Math.random() in certain circumstances, which is known to be problematic.  See https://v8.dev/blog/math-random for details.\n\u001b[0m\u001b[91mnpm WARN deprecated chokidar@2.1.8: Chokidar 2 does not receive security updates since 2019. Upgrade to chokidar 3 with 15x fewer dependencies\n\u001b[0m\u001b[91mnpm WARN deprecated opn@6.0.0: The package has been renamed to `open`\n\u001b[0m\u001b[91mnpm WARN deprecated core-js@2.6.12: core-js@<3.23.3 is no longer maintained and not recommended for usage due to the number of issues. Because of the V8 engine whims, feature detection in old core-js versions could cause a slowdown up to 100x even if nothing is polyfilled. Some versions have web compatibility issues. Please, upgrade your dependencies to the actual version of core-js.\n\u001b[0m\u001b[91mnpm WARN deprecated @types/bson@4.2.0: This is a stub types definition. bson provides its own type definitions, so you do not need this installed.\n\u001b[0m\u001b[91mnpm WARN deprecated querystring@0.2.0: The querystring API is considered Legacy. new code should use the URLSearchParams API instead.\n\u001b[0m\u001b[91mnpm WARN deprecated readdir-scoped-modules@1.1.0: This functionality has been moved to @npmcli/fs\n\u001b[0m\u001b[91mnpm WARN deprecated har-validator@5.1.5: this library is no longer supported\n\u001b[0m\u001b[91mnpm WARN deprecated @types/mongodb@4.0.7: mongodb provides its own types. @types/mongodb is no longer needed.\n\u001b[0m\u001b[91mnpm WARN deprecated @npmcli/move-file@1.1.2: This functionality has been moved to @npmcli/fs\n\u001b[0m\u001b[91mnpm WARN deprecated fsevents@1.2.13: fsevents 1 will break on node v14+ and could be using insecure binaries. Upgrade to fsevents 2.\n\u001b[0m\u001b[91mnpm WARN deprecated source-map-resolve@0.5.3: See https://github.com/lydell/source-map-resolve#deprecated\n\u001b[0m\u001b[91mnpm WARN deprecated sane@4.1.0: some dependency vulnerabilities fixed, support for node < 10 dropped, and newer ECMAScript syntax/features added\n\u001b[0m\u001b[91mnpm WARN deprecated @npmcli/move-file@2.0.1: This functionality has been moved to @npmcli/fs\n\u001b[0m\u001b[91mnpm WARN deprecated source-map-url@0.4.1: See https://github.com/lydell/source-map-url#deprecated\n\u001b[0m\u001b[91mnpm WARN deprecated urix@0.1.0: Please see https://github.com/lydell/urix#deprecated\n\u001b[0m\u001b[91mnpm WARN deprecated resolve-url@0.2.1: https://github.com/lydell/resolve-url#deprecated\n\u001b[0m\u001b[91mnpm WARN deprecated left-pad@1.3.0: use String.prototype.padStart()\n\u001b[0m\u001b[91mnpm WARN deprecated w3c-hr-time@1.0.2: Use your platform's native performance.now() and performance.timeOrigin.\n\u001b[0m\u001b[91mnpm WARN deprecated request-promise-native@1.0.9: request-promise-native has been deprecated because it extends the now deprecated request package, see https://github.com/request/request/issues/3142\n\u001b[0m\n> bcrypt@5.1.0 install /usr/app/node_modules/bcrypt\n> node-pre-gyp install --fallback-to-build\n\n[bcrypt] Success: \"/usr/app/node_modules/bcrypt/lib/binding/napi-v3/bcrypt_lib.node\" is installed via remote\n\n> diskusage@1.1.3 install /usr/app/node_modules/diskusage\n> node-gyp rebuild\n\nmake: Entering directory '/usr/app/node_modules/diskusage/build'\n  CXX(target) Release/obj.target/diskusage/src/main.o\n  CXX(target) Release/obj.target/diskusage/src/diskusage_posix.o\n  SOLINK_MODULE(target) Release/obj.target/diskusage.node\n  COPY Release/diskusage.node\nmake: Leaving directory '/usr/app/node_modules/diskusage/build'\n\n> sharp@0.23.4 install /usr/app/node_modules/sharp\n> (node install/libvips && node install/dll-copy && prebuild-install) || (node-gyp rebuild && node install/dll-copy)\n\n\u001b[91minfo\u001b[0m\u001b[91m sharp Downloading https://github.com/lovell/sharp-libvips/releases/download/v8.8.1/libvips-8.8.1-linux-x64.tar.gz\n\u001b[0m\n> core-js@2.6.12 postinstall /usr/app/node_modules/@babel/polyfill/node_modules/core-js\n> node -e \"try{require('./postinstall')}catch(e){}\"\n\n\u001b[96mThank you for using core-js (\u001b[94m https://github.com/zloirock/core-js \u001b[96m) for polyfilling JavaScript standard library!\u001b[0m\n\n\u001b[96mThe project needs your help! Please consider supporting of core-js on Open Collective or Patreon: \u001b[0m\n\u001b[96m>\u001b[94m https://opencollective.com/core-js \u001b[0m\n\u001b[96m>\u001b[94m https://www.patreon.com/zloirock \u001b[0m\n\n\u001b[96mAlso, the author of core-js (\u001b[94m https://github.com/zloirock \u001b[96m) is looking for a good job -)\u001b[0m\n\n\n> core-js@2.6.12 postinstall /usr/app/node_modules/babel-polyfill/node_modules/core-js\n> node -e \"try{require('./postinstall')}catch(e){}\"\n\n\u001b[96mThank you for using core-js (\u001b[94m https://github.com/zloirock/core-js \u001b[96m) for polyfilling JavaScript standard library!\u001b[0m\n\n\u001b[96mThe project needs your help! Please consider supporting of core-js on Open Collective or Patreon: \u001b[0m\n\u001b[96m>\u001b[94m https://opencollective.com/core-js \u001b[0m\n\u001b[96m>\u001b[94m https://www.patreon.com/zloirock \u001b[0m\n\n\u001b[96mAlso, the author of core-js (\u001b[94m https://github.com/zloirock \u001b[96m) is looking for a good job -)\u001b[0m\n\n\n> core-js@2.6.12 postinstall /usr/app/node_modules/babel-runtime/node_modules/core-js\n> node -e \"try{require('./postinstall')}catch(e){}\"\n\n\u001b[96mThank you for using core-js (\u001b[94m https://github.com/zloirock/core-js \u001b[96m) for polyfilling JavaScript standard library!\u001b[0m\n\n\u001b[96mThe project needs your help! Please consider supporting of core-js on Open Collective or Patreon: \u001b[0m\n\u001b[96m>\u001b[94m https://opencollective.com/core-js \u001b[0m\n\u001b[96m>\u001b[94m https://www.patreon.com/zloirock \u001b[0m\n\n\u001b[96mAlso, the author of core-js (\u001b[94m https://github.com/zloirock \u001b[96m) is looking for a good job -)\u001b[0m\n\n\n> ejs@2.7.4 postinstall /usr/app/node_modules/ejs\n> node ./postinstall.js\n\nThank you for installing \u001b[35mEJS\u001b[0m: built with the \u001b[32mJake\u001b[0m JavaScript build tool (\u001b[32mhttps://jakejs.com/\u001b[0m)\n\n\n> core-js@3.27.0 postinstall /usr/app/node_modules/core-js\n> node -e \"try{require('./postinstall')}catch(e){}\"\n\n\u001b[96mThank you for using core-js (\u001b[94m https://github.com/zloirock/core-js \u001b[96m) for polyfilling JavaScript standard library!\u001b[0m\n\n\u001b[96mThe project needs your help! Please consider supporting of core-js:\u001b[0m\n\u001b[96m>\u001b[94m https://opencollective.com/core-js \u001b[0m\n\u001b[96m>\u001b[94m https://patreon.com/zloirock \u001b[0m\n\u001b[96m>\u001b[94m bitcoin: bc1qlea7544qtsmj2rayg0lthvza9fau63ux0fstcz \u001b[0m\n\n\u001b[96mAlso, the author of core-js (\u001b[94m https://github.com/zloirock \u001b[96m) is looking for a good job -)\u001b[0m\n\n\u001b[91mnpm notice created a lockfile as package-lock.json. You should commit this file.\n\u001b[0m\u001b[91mnpm WARN optional SKIPPING OPTIONAL DEPENDENCY: fsevents@~2.3.2 (node_modules/chokidar/node_modules/fsevents):\nnpm WARN notsup SKIPPING OPTIONAL DEPENDENCY: Unsupported platform for fsevents@2.3.2: wanted {\"os\":\"darwin\",\"arch\":\"any\"} (current: {\"os\":\"linux\",\"arch\":\"x64\"})\n\u001b[0m\u001b[91mnpm WARN optional SKIPPING OPTIONAL DEPENDENCY: fsevents@^1.2.7 (node_modules/watchpack-chokidar2/node_modules/chokidar/node_modules/fsevents):\nnpm \u001b[0m\u001b[91mWARN notsup SKIPPING OPTIONAL DEPENDENCY: Unsupported platform for fsevents@1.2.13: wanted {\"os\":\"darwin\",\"arch\":\"any\"} (current: {\"os\":\"linux\",\"arch\":\"x64\"})\n\u001b[0m\u001b[91mnpm WARN optional SKIPPING OPTIONAL DEPENDENCY: fsevents@^1.2.7 (node_modules/jest-haste-map/node_modules/fsevents):\nnpm WARN \u001b[0m\u001b[91mnotsup SKIPPING OPTIONAL DEPENDENCY: Unsupported platform for fsevents@1.2.13: wanted {\"os\":\"darwin\",\"arch\":\"any\"} (current: {\"os\":\"linux\",\"arch\":\"x64\"})\n\u001b[0m\u001b[91mnpm WARN optional SKIPPING OPTIONAL DEPENDENCY: fsevents@^1.2.7 (node_modules/live-server/node_modules/chokidar/node_modules/fsevents):\n\u001b[0m\u001b[91mnpm WARN\u001b[0m\u001b[91m notsup SKIPPING OPTIONAL DEPENDENCY: Unsupported platform for fsevents@1.2.13: wanted {\"os\":\"darwin\",\"arch\":\"any\"} (current: {\"os\":\"linux\",\"arch\":\"x64\"})\n\u001b[0m\u001b[91mnpm WARN notsup Unsupported engine for superagent@8.0.6: wanted: {\"node\":\">=6.4.0 <13 || >=14\"} (current: {\"node\":\"13.14.0\",\"npm\":\"6.14.4\"})\nnpm WARN notsup Not compatible with your version of node/npm: superagent@8.0.6\n\u001b[0m\u001b[91mnpm WARN optional\u001b[0m\u001b[91m SKIPPING OPTIONAL DEPENDENCY: fsevents@^1.2.7 (node_modules/webpack-dev-server/node_modules/chokidar/node_modules/fsevents):\nnpm WARN \u001b[0m\u001b[91mnotsup SKIPPING OPTIONAL DEPENDENCY: Unsupported platform for fsevents@1.2.13: wanted {\"os\":\"darwin\",\"arch\":\"any\"} (current: {\"os\":\"linux\",\"arch\":\"x64\"})\n\u001b[0m\u001b[91mnpm WARN\u001b[0m\u001b[91m mydrive@3.0.0 No description\nnpm WARN mydrive@3.0.0 No repository field.\nnpm WARN\u001b[0m\u001b[91m mydrive@3.0.0 license should be a valid SPDX license expression\n\u001b[0m\u001b[91m\n\u001b[0madded 1900 packages from 1277 contributors and audited 1914 packages in 63.092s\n\n137 packages are looking for funding\n  run `npm fund` for details\n\nfound 59 vulnerabilities (3 low, 15 moderate, 33 high, 8 critical)\n  run `npm audit fix` to fix them, or `npm audit` for details\nRemoving intermediate container 07192fc604be\n ---> a28d7d7f77d9\nStep 5/9 : COPY . .\n ---> ceccb60afb86\nStep 6/9 : RUN npm run build:docker\n ---> Running in 9054a1181d68\n\n> mydrive@3.0.0 build:docker /usr/app\n> export NODE_OPTIONS=--max_old_space_size=8000 && tsc && webpack -p --env production && webpack --config webUI.config.js && webpack --config webUISetup.config.js\n\nnode_modules/@types/babel__traverse/index.d.ts(68,50): error TS1005: ']' expected.\nnode_modules/@types/babel__traverse/index.d.ts(68,53): error TS1005: ';' expected.\nnode_modules/@types/babel__traverse/index.d.ts(68,58): error TS1005: ';' expected.\nnode_modules/@types/babel__traverse/index.d.ts(68,70): error TS1011: An element access expression should take an argument.\nnode_modules/@types/babel__traverse/index.d.ts(68,83): error TS1005: ';' expected.\nnode_modules/@types/babel__traverse/index.d.ts(68,84): error TS1128: Declaration or statement expected.\nnode_modules/@types/babel__traverse/index.d.ts(68,88): error TS1128: Declaration or statement expected.\nnode_modules/@types/express-serve-static-core/index.d.ts(99,68): error TS1110: Type expected.\nnode_modules/@types/express-serve-static-core/index.d.ts(99,77): error TS1005: '}' expected.\nnode_modules/@types/express-serve-static-core/index.d.ts(99,78): error TS1128: Declaration or statement expected.\nnode_modules/@types/express-serve-static-core/index.d.ts(99,80): error TS1005: ';' expected.\nnode_modules/@types/express-serve-static-core/index.d.ts(101,33): error TS1005: ';' expected.\nnode_modules/@types/express-serve-static-core/index.d.ts(101,48): error TS1005: ';' expected.\nnode_modules/@types/express-serve-static-core/index.d.ts(102,8): error TS1005: ';' expected.\nnode_modules/@types/express-serve-static-core/index.d.ts(108,22): error TS1005: ';' expected.\nnode_modules/@types/express-serve-static-core/index.d.ts(108,23): error TS1005: ';' expected.\nnode_modules/@types/express-serve-static-core/index.d.ts(108,33): error TS1005: ')' expected.\nnode_modules/@types/express-serve-static-core/index.d.ts(110,26): error TS1005: ';' expected.\nnode_modules/@types/express-serve-static-core/index.d.ts(110,27): error TS1005: ';' expected.\nnode_modules/@types/express-serve-static-core/index.d.ts(110,35): error TS1128: Declaration or statement expected.\nnode_modules/@types/express-serve-static-core/index.d.ts(110,37): error TS1005: ';' expected.\nnode_modules/@types/express-serve-static-core/index.d.ts(110,44): error TS1005: ';' expected.\nnode_modules/@types/express-serve-static-core/index.d.ts(114,52): error TS1005: ';' expected.\nnode_modules/@types/express-serve-static-core/index.d.ts(114,53): error TS1005: ';' expected.\nnode_modules/@types/express-serve-static-core/index.d.ts(114,60): error TS1005: ';' expected.\nnode_modules/@types/express-serve-static-core/index.d.ts(114,70): error TS1128: Declaration or statement expected.\nnode_modules/@types/express-serve-static-core/index.d.ts(118,28): error TS1005: ';' expected.\nnode_modules/@types/express-serve-static-core/index.d.ts(118,29): error TS1005: ';' expected.\nnode_modules/@types/express-serve-static-core/index.d.ts(118,53): error TS1005: '(' expected.\nnode_modules/@types/express-serve-static-core/index.d.ts(118,55): error TS1005: ';' expected.\nnode_modules/@types/express-serve-static-core/index.d.ts(118,62): error TS1005: ';' expected.\nnode_modules/@types/express-serve-static-core/index.d.ts(224,41): error TS1005: ';' expected.\nnode_modules/@types/express-serve-static-core/index.d.ts(233,31): error TS1005: ';' expected.\nnode_modules/@types/express-serve-static-core/index.d.ts(259,62): error TS1005: ';' expected.\nnode_modules/@types/express-serve-static-core/index.d.ts(355,49): error TS1005: ';' expected.\nnode_modules/@types/express-serve-static-core/index.d.ts(356,59): error TS1005: ';' expected.\nnode_modules/@types/express-serve-static-core/index.d.ts(357,5): error TS1005: ';' expected.\nnode_modules/@types/express-serve-static-core/index.d.ts(357,25): error TS1005: ';' expected.\nnode_modules/@types/express-serve-static-core/index.d.ts(357,44): error TS1005: ';' expected.\nnode_modules/@types/express-serve-static-core/index.d.ts(358,31): error TS1005: ';' expected.\nnode_modules/@types/express-serve-static-core/index.d.ts(363,84): error TS1005: ';' expected.\nnode_modules/@types/express-serve-static-core/index.d.ts(378,13): error TS1005: ';' expected.\nnode_modules/@types/express-serve-static-core/index.d.ts(379,14): error TS1005: ';' expected.\nnode_modules/@types/express-serve-static-core/index.d.ts(379,29): error TS1005: ';' expected.\nnode_modules/@types/express-serve-static-core/index.d.ts(392,20): error TS1005: ';' expected.\nnode_modules/@types/express-serve-static-core/index.d.ts(401,28): error TS1005: ';' expected.\nnode_modules/@types/express-serve-static-core/index.d.ts(402,45): error TS1005: ';' expected.\nnode_modules/@types/express-serve-static-core/index.d.ts(405,13): error TS1005: ';' expected.\nnode_modules/@types/express-serve-static-core/index.d.ts(479,56): error TS1005: ';' expected.\nnode_modules/@types/express-serve-static-core/index.d.ts(483,48): error TS1005: ';' expected.\nnode_modules/@types/express-serve-static-core/index.d.ts(502,35): error TS1005: ';' expected.\nnode_modules/@types/express-serve-static-core/index.d.ts(502,58): error TS1005: ';' expected.\nnode_modules/@types/express-serve-static-core/index.d.ts(508,36): error TS1005: ';' expected.\nnode_modules/@types/express-serve-static-core/index.d.ts(510,13): error TS1005: ';' expected.\nnode_modules/@types/express-serve-static-core/index.d.ts(516,53): error TS1005: ';' expected.\nnode_modules/@types/express-serve-static-core/index.d.ts(556,26): error TS1005: ';' expected.\nnode_modules/@types/express-serve-static-core/index.d.ts(562,31): error TS1005: ';' expected.\nnode_modules/@types/express-serve-static-core/index.d.ts(585,24): error TS1005: ';' expected.\nnode_modules/@types/express-serve-static-core/index.d.ts(666,20): error TS1005: ';' expected.\nnode_modules/@types/express-serve-static-core/index.d.ts(671,46): error TS1005: ';' expected.\nnode_modules/@types/express-serve-static-core/index.d.ts(684,46): error TS1005: ';' expected.\nnode_modules/@types/express-serve-static-core/index.d.ts(732,40): error TS1005: ';' expected.\nnode_modules/@types/express-serve-static-core/index.d.ts(735,22): error TS1005: ';' expected.\nnode_modules/@types/express-serve-static-core/index.d.ts(736,51): error TS1005: ';' expected.\nnode_modules/@types/express-serve-static-core/index.d.ts(742,13): error TS1005: ';' expected.\nnode_modules/@types/express-serve-static-core/index.d.ts(742,68): error TS1005: ';' expected.\nnode_modules/@types/express-serve-static-core/index.d.ts(743,13): error TS1005: ';' expected.\nnode_modules/@types/express-serve-static-core/index.d.ts(744,13): error TS1005: ';' expected.\nnode_modules/@types/express-serve-static-core/index.d.ts(745,13): error TS1005: ';' expected.\nnode_modules/@types/express-serve-static-core/index.d.ts(745,68): error TS1005: ';' expected.\nnode_modules/@types/express-serve-static-core/index.d.ts(747,43): error TS1005: ';' expected.\nnode_modules/@types/express-serve-static-core/index.d.ts(751,48): error TS1005: ';' expected.\nnode_modules/@types/express-serve-static-core/index.d.ts(752,44): error TS1005: ';' expected.\nnode_modules/@types/express-serve-static-core/index.d.ts(753,47): error TS1005: ';' expected.\nnode_modules/@types/express-serve-static-core/index.d.ts(792,40): error TS1005: ';' expected.\nnode_modules/@types/express-serve-static-core/index.d.ts(794,54): error TS1005: ';' expected.\nnode_modules/@types/express-serve-static-core/index.d.ts(795,31): error TS1005: ';' expected.\nnode_modules/@types/express-serve-static-core/index.d.ts(797,35): error TS1005: ';' expected.\nnode_modules/@types/express-serve-static-core/index.d.ts(802,26): error TS1005: ';' expected.\nnode_modules/@types/express-serve-static-core/index.d.ts(809,49): error TS1005: ';' expected.\nnode_modules/@types/express-serve-static-core/index.d.ts(809,64): error TS1005: ';' expected.\nnode_modules/@types/express-serve-static-core/index.d.ts(810,66): error TS1005: ';' expected.\nnode_modules/@types/express-serve-static-core/index.d.ts(823,49): error TS1005: ';' expected.\nnode_modules/@types/express-serve-static-core/index.d.ts(823,64): error TS1005: ';' expected.\nnode_modules/@types/express-serve-static-core/index.d.ts(824,66): error TS1005: ';' expected.\nnode_modules/@types/express-serve-static-core/index.d.ts(837,52): error TS1005: ';' expected.\nnode_modules/@types/express-serve-static-core/index.d.ts(840,26): error TS1005: ';' expected.\nnode_modules/@types/express-serve-static-core/index.d.ts(848,54): error TS1005: ';' expected.\nnode_modules/@types/express-serve-static-core/index.d.ts(849,12): error TS1005: ';' expected.\nnode_modules/@types/express-serve-static-core/index.d.ts(849,39): error TS1109: Expression expected.\nnode_modules/@types/express-serve-static-core/index.d.ts(882,38): error TS1005: ';' expected.\nnode_modules/@types/express-serve-static-core/index.d.ts(883,36): error TS1005: ';' expected.\nnode_modules/@types/express-serve-static-core/index.d.ts(891,72): error TS1005: ';' expected.\nnode_modules/@types/express-serve-static-core/index.d.ts(896,20): error TS1005: ';' expected.\nnode_modules/@types/express-serve-static-core/index.d.ts(896,31): error TS1005: ';' expected.\nnode_modules/@types/express-serve-static-core/index.d.ts(905,20): error TS1005: ';' expected.\nnode_modules/@types/express-serve-static-core/index.d.ts(916,31): error TS1005: ';' expected.\nnode_modules/@types/express-serve-static-core/index.d.ts(919,23): error TS1005: ';' expected.\nnode_modules/@types/express-serve-static-core/index.d.ts(923,20): error TS1005: ';' expected.\nnode_modules/@types/express-serve-static-core/index.d.ts(923,30): error TS1005: ';' expected.\nnode_modules/@types/express-serve-static-core/index.d.ts(923,52): error TS1005: ';' expected.\nnode_modules/@types/express-serve-static-core/index.d.ts(927,14): error TS1005: ';' expected.\nnode_modules/@types/express-serve-static-core/index.d.ts(927,63): error TS1005: ';' expected.\nnode_modules/@types/express-serve-static-core/index.d.ts(928,14): error TS1005: ';' expected.\nnode_modules/@types/express-serve-static-core/index.d.ts(929,14): error TS1005: ';' expected.\nnode_modules/@types/express-serve-static-core/index.d.ts(944,36): error TS1005: ';' expected.\nnode_modules/@types/express-serve-static-core/index.d.ts(946,19): error TS1005: ';' expected.\nnode_modules/@types/express-serve-static-core/index.d.ts(958,46): error TS1005: ';' expected.\nnode_modules/@types/express-serve-static-core/index.d.ts(972,31): error TS1005: ';' expected.\nnode_modules/@types/express-serve-static-core/index.d.ts(972,60): error TS1005: ';' expected.\nnode_modules/@types/express-serve-static-core/index.d.ts(975,23): error TS1005: ';' expected.\nnode_modules/@types/express-serve-static-core/index.d.ts(975,46): error TS1005: ';' expected.\nnode_modules/@types/express-serve-static-core/index.d.ts(977,9): error TS1005: ';' expected.\nnode_modules/@types/express-serve-static-core/index.d.ts(994,16): error TS1005: ';' expected.\nnode_modules/@types/express-serve-static-core/index.d.ts(994,38): error TS1005: ';' expected.\nnode_modules/@types/express-serve-static-core/index.d.ts(994,70): error TS1005: ';' expected.\nnode_modules/@types/express-serve-static-core/index.d.ts(1000,12): error TS1005: ';' expected.\nnode_modules/@types/express-serve-static-core/index.d.ts(1001,12): error TS1005: ';' expected.\nnode_modules/@types/express-serve-static-core/index.d.ts(1071,53): error TS1005: ';' expected.\nnode_modules/@types/express-serve-static-core/index.d.ts(1072,12): error TS1005: ';' expected.\nnode_modules/@types/express-serve-static-core/index.d.ts(1074,25): error TS1005: ';' expected.\nnode_modules/@types/express-serve-static-core/index.d.ts(1089,52): error TS1005: ';' expected.\nnode_modules/@types/express-serve-static-core/index.d.ts(1104,16): error TS1005: ';' expected.\nnode_modules/@types/express-serve-static-core/index.d.ts(1104,29): error TS1005: ';' expected.\nnode_modules/@types/express-serve-static-core/index.d.ts(1104,46): error TS1005: ';' expected.\nnode_modules/@types/express-serve-static-core/index.d.ts(1140,18): error TS1005: ';' expected.\nnode_modules/@types/express-serve-static-core/index.d.ts(1152,18): error TS1005: ';' expected.\nnode_modules/@types/express-serve-static-core/index.d.ts(1163,17): error TS1005: ';' expected.\nnode_modules/@types/express-serve-static-core/index.d.ts(1166,18): error TS1005: ';' expected.\nnode_modules/@types/express-serve-static-core/index.d.ts(1170,31): error TS1005: ';' expected.\nnode_modules/@types/express-serve-static-core/index.d.ts(1170,48): error TS1005: ';' expected.\nnode_modules/@types/express-serve-static-core/index.d.ts(1186,16): error TS1005: ';' expected.\nnode_modules/@types/express-serve-static-core/index.d.ts(1187,33): error TS1005: ';' expected.\nnode_modules/@types/express-serve-static-core/index.d.ts(1255,1): error TS1160: Unterminated template literal.\n\u001b[91mnpm ERR! code ELIFECYCLE\n\u001b[0m\u001b[91mnpm ERR! errno 2\n\u001b[0m\u001b[91mnpm ERR! mydrive@3.0.0 build:docker: `export NODE_OPTIONS=--max_old_space_size=8000 && tsc && webpack -p --env production && webpack --config webUI.config.js && webpack --config webUISetup.config.js`\nnpm ERR! Exit status 2\n\u001b[0m\u001b[91mnpm ERR! \nnpm\u001b[0m\u001b[91m ERR! Failed at the mydrive@3.0.0 build:docker script.\nnpm ERR!\u001b[0m\u001b[91m This is probably not a problem with npm. There is likely additional logging output above.\n\u001b[0m\u001b[91m\nnpm ERR! A complete log of this run can be found in:\nnpm\u001b[0m\u001b[91m ERR!     /root/.npm/_logs/2022-12-27T18_24_19_749Z-debug.log\n\u001b[0mRemoving intermediate container 9054a1181d68\n","stderr":"The command '/bin/sh -c npm run build:docker' returned a non-zero code: 2\n"},"endTime":1672165460577}