{"repository":"https://github.com/cami-challenge/opal","dockerfilePath":"Dockerfile","startTime":1672715170201,"clone":{"stdout":"","stderr":"Cloning into '/tmp/dinghy-analysis/cami-challenge/opal'...\n","error":null,"commit":"b30b2e4fc3edd7895e8fcb07d46f60bc9238d894"},"originalBuild":{"startTimestamp":1672715175446,"endTimestamp":1672715603110,"error":null,"stdout":"Sending build context to Docker daemon  284.2MB\r\r\nStep 1/9 : FROM python:3.7.12-slim\n3.7.12-slim: Pulling from library/python\nf7a1c6dad281: Pulling fs layer\n92c59ec44e08: Pulling fs layer\n20ca33a0aa64: Pulling fs layer\n15373dc794e8: Pulling fs layer\n9e36cfac5e87: Pulling fs layer\n15373dc794e8: Waiting\n9e36cfac5e87: Waiting\n92c59ec44e08: Verifying Checksum\n92c59ec44e08: Download complete\nf7a1c6dad281: Verifying Checksum\nf7a1c6dad281: Download complete\n15373dc794e8: Verifying Checksum\n15373dc794e8: Download complete\n9e36cfac5e87: Verifying Checksum\n9e36cfac5e87: Download complete\n20ca33a0aa64: Verifying Checksum\n20ca33a0aa64: Download complete\nf7a1c6dad281: Pull complete\n92c59ec44e08: Pull complete\n20ca33a0aa64: Pull complete\n15373dc794e8: Pull complete\n9e36cfac5e87: Pull complete\nDigest: sha256:aeeccd46a37f57b9f28aa033982a9c51f448da3ad720f9d7c63c17bb3e95b18a\nStatus: Downloaded newer image for python:3.7.12-slim\n ---> 67290a4b6a03\nStep 2/9 : ADD *.py /usr/local/bin/\n ---> c24fed3e9850\nStep 3/9 : ADD src /usr/local/bin/src\n ---> 8db27801b2a8\nStep 4/9 : ADD src/utils /usr/local/bin/src/utils\n ---> 17d79169c877\nStep 5/9 : ADD requirements /requirements\n ---> 9aef0ac15227\nStep 6/9 : RUN apt-get update && apt-get install -y gcc\n ---> Running in 027a3280d43f\nGet:1 http://security.debian.org/debian-security bullseye-security InRelease [48.4 kB]\nGet:2 http://deb.debian.org/debian bullseye InRelease [116 kB]\nGet:3 http://deb.debian.org/debian bullseye-updates InRelease [44.1 kB]\nGet:4 http://deb.debian.org/debian bullseye/main amd64 Packages [8183 kB]\nGet:5 http://security.debian.org/debian-security bullseye-security/main amd64 Packages [210 kB]\nGet:6 http://deb.debian.org/debian bullseye-updates/main amd64 Packages [14.6 kB]\nFetched 8616 kB in 2s (4690 kB/s)\nReading package lists...\nReading package lists...\nBuilding dependency tree...\nReading state information...\nThe following additional packages will be installed:\n  binutils binutils-common binutils-x86-64-linux-gnu cpp cpp-10\n  fontconfig-config fonts-dejavu-core gcc-10 libasan6 libatomic1 libbinutils\n  libbrotli1 libbsd0 libc-dev-bin libc-devtools libc6 libc6-dev libcc1-0\n  libcrypt-dev libctf-nobfd0 libctf0 libdeflate0 libfontconfig1 libfreetype6\n  libgcc-10-dev libgd3 libgomp1 libisl23 libitm1 libjbig0 libjpeg62-turbo\n  liblsan0 libmd0 libmpc3 libmpfr6 libnsl-dev libpng16-16 libquadmath0\n  libtiff5 libtirpc-common libtirpc-dev libtirpc3 libtsan0 libubsan1 libwebp6\n  libx11-6 libx11-data libxau6 libxcb1 libxdmcp6 libxpm4 linux-libc-dev\n  manpages manpages-dev sensible-utils ucf\nSuggested packages:\n  binutils-doc cpp-doc gcc-10-locales gcc-multilib make autoconf automake\n  libtool flex bison gdb gcc-doc gcc-10-multilib gcc-10-doc glibc-doc\n  libc-l10n locales libgd-tools man-browser\nRecommended packages:\n  libnss-nis libnss-nisplus\nThe following NEW packages will be installed:\n  binutils binutils-common binutils-x86-64-linux-gnu cpp cpp-10\n  fontconfig-config fonts-dejavu-core gcc gcc-10 libasan6 libatomic1\n  libbinutils libbrotli1 libbsd0 libc-dev-bin libc-devtools libc6-dev libcc1-0\n  libcrypt-dev libctf-nobfd0 libctf0 libdeflate0 libfontconfig1 libfreetype6\n  libgcc-10-dev libgd3 libgomp1 libisl23 libitm1 libjbig0 libjpeg62-turbo\n  liblsan0 libmd0 libmpc3 libmpfr6 libnsl-dev libpng16-16 libquadmath0\n  libtiff5 libtirpc-dev libtsan0 libubsan1 libwebp6 libx11-6 libx11-data\n  libxau6 libxcb1 libxdmcp6 libxpm4 linux-libc-dev manpages manpages-dev\n  sensible-utils ucf\nThe following packages will be upgraded:\n  libc6 libtirpc-common libtirpc3\n3 upgraded, 54 newly installed, 0 to remove and 22 not upgraded.\nNeed to get 58.0 MB of archives.\nAfter this operation, 193 MB of additional disk space will be used.\nGet:1 http://deb.debian.org/debian bullseye/main amd64 libc6 amd64 2.31-13+deb11u5 [2825 kB]\nGet:2 http://deb.debian.org/debian bullseye/main amd64 libtirpc-common all 1.3.1-1+deb11u1 [13.5 kB]\nGet:3 http://deb.debian.org/debian bullseye/main amd64 libtirpc3 amd64 1.3.1-1+deb11u1 [84.1 kB]\nGet:4 http://deb.debian.org/debian bullseye/main amd64 sensible-utils all 0.0.14 [14.8 kB]\nGet:5 http://deb.debian.org/debian bullseye/main amd64 manpages all 5.10-1 [1412 kB]\nGet:6 http://deb.debian.org/debian bullseye/main amd64 ucf all 3.0043 [74.0 kB]\nGet:7 http://deb.debian.org/debian bullseye/main amd64 binutils-common amd64 2.35.2-2 [2220 kB]\nGet:8 http://deb.debian.org/debian bullseye/main amd64 libbinutils amd64 2.35.2-2 [570 kB]\nGet:9 http://deb.debian.org/debian bullseye/main amd64 libctf-nobfd0 amd64 2.35.2-2 [110 kB]\nGet:10 http://deb.debian.org/debian bullseye/main amd64 libctf0 amd64 2.35.2-2 [53.2 kB]\nGet:11 http://deb.debian.org/debian bullseye/main amd64 binutils-x86-64-linux-gnu amd64 2.35.2-2 [1809 kB]\nGet:12 http://deb.debian.org/debian bullseye/main amd64 binutils amd64 2.35.2-2 [61.2 kB]\nGet:13 http://deb.debian.org/debian bullseye/main amd64 libisl23 amd64 0.23-1 [676 kB]\nGet:14 http://deb.debian.org/debian bullseye/main amd64 libmpfr6 amd64 4.1.0-3 [2012 kB]\nGet:15 http://deb.debian.org/debian bullseye/main amd64 libmpc3 amd64 1.2.0-1 [45.0 kB]\nGet:16 http://deb.debian.org/debian bullseye/main amd64 cpp-10 amd64 10.2.1-6 [8528 kB]\nGet:17 http://deb.debian.org/debian bullseye/main amd64 cpp amd64 4:10.2.1-1 [19.7 kB]\nGet:18 http://deb.debian.org/debian bullseye/main amd64 fonts-dejavu-core all 2.37-2 [1069 kB]\nGet:19 http://deb.debian.org/debian bullseye/main amd64 fontconfig-config all 2.13.1-4.2 [281 kB]\nGet:20 http://deb.debian.org/debian bullseye/main amd64 libcc1-0 amd64 10.2.1-6 [47.0 kB]\nGet:21 http://deb.debian.org/debian bullseye/main amd64 libgomp1 amd64 10.2.1-6 [99.9 kB]\nGet:22 http://deb.debian.org/debian bullseye/main amd64 libitm1 amd64 10.2.1-6 [25.8 kB]\nGet:23 http://deb.debian.org/debian bullseye/main amd64 libatomic1 amd64 10.2.1-6 [9008 B]\nGet:24 http://deb.debian.org/debian bullseye/main amd64 libasan6 amd64 10.2.1-6 [2065 kB]\nGet:25 http://deb.debian.org/debian bullseye/main amd64 liblsan0 amd64 10.2.1-6 [828 kB]\nGet:26 http://deb.debian.org/debian bullseye/main amd64 libtsan0 amd64 10.2.1-6 [2000 kB]\nGet:27 http://deb.debian.org/debian bullseye/main amd64 libubsan1 amd64 10.2.1-6 [777 kB]\nGet:28 http://deb.debian.org/debian bullseye/main amd64 libquadmath0 amd64 10.2.1-6 [145 kB]\nGet:29 http://deb.debian.org/debian bullseye/main amd64 libgcc-10-dev amd64 10.2.1-6 [2328 kB]\nGet:30 http://deb.debian.org/debian bullseye/main amd64 gcc-10 amd64 10.2.1-6 [17.0 MB]\nGet:31 http://deb.debian.org/debian bullseye/main amd64 gcc amd64 4:10.2.1-1 [5192 B]\nGet:32 http://deb.debian.org/debian bullseye/main amd64 libbrotli1 amd64 1.0.9-2+b2 [279 kB]\nGet:33 http://deb.debian.org/debian bullseye/main amd64 libmd0 amd64 1.0.3-3 [28.0 kB]\nGet:34 http://deb.debian.org/debian bullseye/main amd64 libbsd0 amd64 0.11.3-1 [108 kB]\nGet:35 http://deb.debian.org/debian bullseye/main amd64 libc-dev-bin amd64 2.31-13+deb11u5 [276 kB]\nGet:36 http://deb.debian.org/debian bullseye/main amd64 libpng16-16 amd64 1.6.37-3 [294 kB]\nGet:37 http://deb.debian.org/debian bullseye/main amd64 libfreetype6 amd64 2.10.4+dfsg-1+deb11u1 [418 kB]\nGet:38 http://deb.debian.org/debian bullseye/main amd64 libfontconfig1 amd64 2.13.1-4.2 [347 kB]\nGet:39 http://deb.debian.org/debian bullseye/main amd64 libjpeg62-turbo amd64 1:2.0.6-4 [151 kB]\nGet:40 http://deb.debian.org/debian bullseye/main amd64 libdeflate0 amd64 1.7-1 [53.1 kB]\nGet:41 http://deb.debian.org/debian bullseye/main amd64 libjbig0 amd64 2.1-3.1+b2 [31.0 kB]\nGet:42 http://deb.debian.org/debian bullseye/main amd64 libwebp6 amd64 0.6.1-2.1 [258 kB]\nGet:43 http://deb.debian.org/debian bullseye/main amd64 libtiff5 amd64 4.2.0-1+deb11u1 [289 kB]\nGet:44 http://deb.debian.org/debian bullseye/main amd64 libxau6 amd64 1:1.0.9-1 [19.7 kB]\nGet:45 http://deb.debian.org/debian bullseye/main amd64 libxdmcp6 amd64 1:1.1.2-3 [26.3 kB]\nGet:46 http://deb.debian.org/debian bullseye/main amd64 libxcb1 amd64 1.14-3 [140 kB]\nGet:47 http://deb.debian.org/debian bullseye/main amd64 libx11-data all 2:1.7.2-1 [311 kB]\nGet:48 http://deb.debian.org/debian bullseye/main amd64 libx11-6 amd64 2:1.7.2-1 [772 kB]\nGet:49 http://deb.debian.org/debian bullseye/main amd64 libxpm4 amd64 1:3.5.12-1 [49.1 kB]\nGet:50 http://deb.debian.org/debian bullseye/main amd64 libgd3 amd64 2.3.0-2 [137 kB]\nGet:51 http://deb.debian.org/debian bullseye/main amd64 libc-devtools amd64 2.31-13+deb11u5 [246 kB]\nGet:52 http://deb.debian.org/debian bullseye/main amd64 linux-libc-dev amd64 5.10.158-2 [1571 kB]\nGet:53 http://deb.debian.org/debian bullseye/main amd64 libcrypt-dev amd64 1:4.4.18-4 [104 kB]\nGet:54 http://deb.debian.org/debian bullseye/main amd64 libtirpc-dev amd64 1.3.1-1+deb11u1 [191 kB]\nGet:55 http://deb.debian.org/debian bullseye/main amd64 libnsl-dev amd64 1.3.0-2 [66.4 kB]\nGet:56 http://deb.debian.org/debian bullseye/main amd64 libc6-dev amd64 2.31-13+deb11u5 [2359 kB]\nGet:57 http://deb.debian.org/debian bullseye/main amd64 manpages-dev all 5.10-1 [2309 kB]\n\u001b[91mdebconf: delaying package configuration, since apt-utils is not installed\n\u001b[0mFetched 58.0 MB in 2s (23.4 MB/s)\n(Reading database ... \r(Reading database ... 5%\r(Reading database ... 10%\r(Reading database ... 15%\r(Reading database ... 20%\r(Reading database ... 25%\r(Reading database ... 30%\r(Reading database ... 35%\r(Reading database ... 40%\r(Reading database ... 45%\r(Reading database ... 50%\r(Reading database ... 55%\r(Reading database ... 60%\r(Reading database ... 65%\r(Reading database ... 70%\r(Reading database ... 75%\r(Reading database ... 80%\r(Reading database ... 85%\r(Reading database ... 90%\r(Reading database ... 95%\r(Reading database ... 100%\r(Reading database ... 7023 files and directories currently installed.)\r\nPreparing to unpack .../libc6_2.31-13+deb11u5_amd64.deb ...\r\ndebconf: unable to initialize frontend: Dialog\r\ndebconf: (TERM is not set, so the dialog frontend is not usable.)\r\ndebconf: falling back to frontend: Readline\r\ndebconf: unable to initialize frontend: Readline\r\ndebconf: (Can't locate Term/ReadLine.pm in @INC (you may need to install the Term::ReadLine module) (@INC contains: /etc/perl /usr/local/lib/x86_64-linux-gnu/perl/5.32.1 /usr/local/share/perl/5.32.1 /usr/lib/x86_64-linux-gnu/perl5/5.32 /usr/share/perl5 /usr/lib/x86_64-linux-gnu/perl-base /usr/lib/x86_64-linux-gnu/perl/5.32 /usr/share/perl/5.32 /usr/local/lib/site_perl) at /usr/share/perl5/Debconf/FrontEnd/Readline.pm line 7.)\r\ndebconf: falling back to frontend: Teletype\r\ndebconf: unable to initialize frontend: Dialog\r\ndebconf: (TERM is not set, so the dialog frontend is not usable.)\r\ndebconf: falling back to frontend: Readline\r\ndebconf: unable to initialize frontend: Readline\r\ndebconf: (Can't locate Term/ReadLine.pm in @INC (you may need to install the Term::ReadLine module) (@INC contains: /etc/perl /usr/local/lib/x86_64-linux-gnu/perl/5.32.1 /usr/local/share/perl/5.32.1 /usr/lib/x86_64-linux-gnu/perl5/5.32 /usr/share/perl5 /usr/lib/x86_64-linux-gnu/perl-base /usr/lib/x86_64-linux-gnu/perl/5.32 /usr/share/perl/5.32 /usr/local/lib/site_perl) at /usr/share/perl5/Debconf/FrontEnd/Readline.pm line 7.)\r\ndebconf: falling back to frontend: Teletype\r\nUnpacking libc6:amd64 (2.31-13+deb11u5) over (2.31-13+deb11u2) ...\r\nSetting up libc6:amd64 (2.31-13+deb11u5) ...\r\ndebconf: unable to initialize frontend: Dialog\r\ndebconf: (TERM is not set, so the dialog frontend is not usable.)\r\ndebconf: falling back to frontend: Readline\r\ndebconf: unable to initialize frontend: Readline\r\ndebconf: (Can't locate Term/ReadLine.pm in @INC (you may need to install the Term::ReadLine module) (@INC contains: /etc/perl /usr/local/lib/x86_64-linux-gnu/perl/5.32.1 /usr/local/share/perl/5.32.1 /usr/lib/x86_64-linux-gnu/perl5/5.32 /usr/share/perl5 /usr/lib/x86_64-linux-gnu/perl-base /usr/lib/x86_64-linux-gnu/perl/5.32 /usr/share/perl/5.32 /usr/local/lib/site_perl) at /usr/share/perl5/Debconf/FrontEnd/Readline.pm line 7.)\r\ndebconf: falling back to frontend: Teletype\r\n(Reading database ... \r(Reading database ... 5%\r(Reading database ... 10%\r(Reading database ... 15%\r(Reading database ... 20%\r(Reading database ... 25%\r(Reading database ... 30%\r(Reading database ... 35%\r(Reading database ... 40%\r(Reading database ... 45%\r(Reading database ... 50%\r(Reading database ... 55%\r(Reading database ... 60%\r(Reading database ... 65%\r(Reading database ... 70%\r(Reading database ... 75%\r(Reading database ... 80%\r(Reading database ... 85%\r(Reading database ... 90%\r(Reading database ... 95%\r(Reading database ... 100%\r(Reading database ... 7023 files and directories currently installed.)\r\nPreparing to unpack .../libtirpc-common_1.3.1-1+deb11u1_all.deb ...\r\nUnpacking libtirpc-common (1.3.1-1+deb11u1) over (1.3.1-1) ...\r\nSetting up libtirpc-common (1.3.1-1+deb11u1) ...\r\n(Reading database ... \r(Reading database ... 5%\r(Reading database ... 10%\r(Reading database ... 15%\r(Reading database ... 20%\r(Reading database ... 25%\r(Reading database ... 30%\r(Reading database ... 35%\r(Reading database ... 40%\r(Reading database ... 45%\r(Reading database ... 50%\r(Reading database ... 55%\r(Reading database ... 60%\r(Reading database ... 65%\r(Reading database ... 70%\r(Reading database ... 75%\r(Reading database ... 80%\r(Reading database ... 85%\r(Reading database ... 90%\r(Reading database ... 95%\r(Reading database ... 100%\r(Reading database ... 7023 files and directories currently installed.)\r\nPreparing to unpack .../libtirpc3_1.3.1-1+deb11u1_amd64.deb ...\r\nUnpacking libtirpc3:amd64 (1.3.1-1+deb11u1) over (1.3.1-1) ...\r\nSetting up libtirpc3:amd64 (1.3.1-1+deb11u1) ...\r\nSelecting previously unselected package sensible-utils.\r\n(Reading database ... \r(Reading database ... 5%\r(Reading database ... 10%\r(Reading database ... 15%\r(Reading database ... 20%\r(Reading database ... 25%\r(Reading database ... 30%\r(Reading database ... 35%\r(Reading database ... 40%\r(Reading database ... 45%\r(Reading database ... 50%\r(Reading database ... 55%\r(Reading database ... 60%\r(Reading database ... 65%\r(Reading database ... 70%\r(Reading database ... 75%\r(Reading database ... 80%\r(Reading database ... 85%\r(Reading database ... 90%\r(Reading database ... 95%\r(Reading database ... 100%\r(Reading database ... 7023 files and directories currently installed.)\r\nPreparing to unpack .../00-sensible-utils_0.0.14_all.deb ...\r\nUnpacking sensible-utils (0.0.14) ...\r\nSelecting previously unselected package manpages.\r\nPreparing to unpack .../01-manpages_5.10-1_all.deb ...\r\nUnpacking manpages (5.10-1) ...\r\nSelecting previously unselected package ucf.\r\nPreparing to unpack .../02-ucf_3.0043_all.deb ...\r\nMoving old data out of the way\r\nUnpacking ucf (3.0043) ...\r\nSelecting previously unselected package binutils-common:amd64.\r\nPreparing to unpack .../03-binutils-common_2.35.2-2_amd64.deb ...\r\nUnpacking binutils-common:amd64 (2.35.2-2) ...\r\nSelecting previously unselected package libbinutils:amd64.\r\nPreparing to unpack .../04-libbinutils_2.35.2-2_amd64.deb ...\r\nUnpacking libbinutils:amd64 (2.35.2-2) ...\r\nSelecting previously unselected package libctf-nobfd0:amd64.\r\nPreparing to unpack .../05-libctf-nobfd0_2.35.2-2_amd64.deb ...\r\nUnpacking libctf-nobfd0:amd64 (2.35.2-2) ...\r\nSelecting previously unselected package libctf0:amd64.\r\nPreparing to unpack .../06-libctf0_2.35.2-2_amd64.deb ...\r\nUnpacking libctf0:amd64 (2.35.2-2) ...\r\nSelecting previously unselected package binutils-x86-64-linux-gnu.\r\nPreparing to unpack .../07-binutils-x86-64-linux-gnu_2.35.2-2_amd64.deb ...\r\nUnpacking binutils-x86-64-linux-gnu (2.35.2-2) ...\r\nSelecting previously unselected package binutils.\r\nPreparing to unpack .../08-binutils_2.35.2-2_amd64.deb ...\r\nUnpacking binutils (2.35.2-2) ...\r\nSelecting previously unselected package libisl23:amd64.\r\nPreparing to unpack .../09-libisl23_0.23-1_amd64.deb ...\r\nUnpacking libisl23:amd64 (0.23-1) ...\r\nSelecting previously unselected package libmpfr6:amd64.\r\nPreparing to unpack .../10-libmpfr6_4.1.0-3_amd64.deb ...\r\nUnpacking libmpfr6:amd64 (4.1.0-3) ...\r\nSelecting previously unselected package libmpc3:amd64.\r\nPreparing to unpack .../11-libmpc3_1.2.0-1_amd64.deb ...\r\nUnpacking libmpc3:amd64 (1.2.0-1) ...\r\nSelecting previously unselected package cpp-10.\r\nPreparing to unpack .../12-cpp-10_10.2.1-6_amd64.deb ...\r\nUnpacking cpp-10 (10.2.1-6) ...\r\nSelecting previously unselected package cpp.\r\nPreparing to unpack .../13-cpp_4%3a10.2.1-1_amd64.deb ...\r\nUnpacking cpp (4:10.2.1-1) ...\r\nSelecting previously unselected package fonts-dejavu-core.\r\nPreparing to unpack .../14-fonts-dejavu-core_2.37-2_all.deb ...\r\nUnpacking fonts-dejavu-core (2.37-2) ...\r\nSelecting previously unselected package fontconfig-config.\r\nPreparing to unpack .../15-fontconfig-config_2.13.1-4.2_all.deb ...\r\nUnpacking fontconfig-config (2.13.1-4.2) ...\r\nSelecting previously unselected package libcc1-0:amd64.\r\nPreparing to unpack .../16-libcc1-0_10.2.1-6_amd64.deb ...\r\nUnpacking libcc1-0:amd64 (10.2.1-6) ...\r\nSelecting previously unselected package libgomp1:amd64.\r\nPreparing to unpack .../17-libgomp1_10.2.1-6_amd64.deb ...\r\nUnpacking libgomp1:amd64 (10.2.1-6) ...\r\nSelecting previously unselected package libitm1:amd64.\r\nPreparing to unpack .../18-libitm1_10.2.1-6_amd64.deb ...\r\nUnpacking libitm1:amd64 (10.2.1-6) ...\r\nSelecting previously unselected package libatomic1:amd64.\r\nPreparing to unpack .../19-libatomic1_10.2.1-6_amd64.deb ...\r\nUnpacking libatomic1:amd64 (10.2.1-6) ...\r\nSelecting previously unselected package libasan6:amd64.\r\nPreparing to unpack .../20-libasan6_10.2.1-6_amd64.deb ...\r\nUnpacking libasan6:amd64 (10.2.1-6) ...\r\nSelecting previously unselected package liblsan0:amd64.\r\nPreparing to unpack .../21-liblsan0_10.2.1-6_amd64.deb ...\r\nUnpacking liblsan0:amd64 (10.2.1-6) ...\r\nSelecting previously unselected package libtsan0:amd64.\r\nPreparing to unpack .../22-libtsan0_10.2.1-6_amd64.deb ...\r\nUnpacking libtsan0:amd64 (10.2.1-6) ...\r\nSelecting previously unselected package libubsan1:amd64.\r\nPreparing to unpack .../23-libubsan1_10.2.1-6_amd64.deb ...\r\nUnpacking libubsan1:amd64 (10.2.1-6) ...\r\nSelecting previously unselected package libquadmath0:amd64.\r\nPreparing to unpack .../24-libquadmath0_10.2.1-6_amd64.deb ...\r\nUnpacking libquadmath0:amd64 (10.2.1-6) ...\r\nSelecting previously unselected package libgcc-10-dev:amd64.\r\nPreparing to unpack .../25-libgcc-10-dev_10.2.1-6_amd64.deb ...\r\nUnpacking libgcc-10-dev:amd64 (10.2.1-6) ...\r\nSelecting previously unselected package gcc-10.\r\nPreparing to unpack .../26-gcc-10_10.2.1-6_amd64.deb ...\r\nUnpacking gcc-10 (10.2.1-6) ...\r\nSelecting previously unselected package gcc.\r\nPreparing to unpack .../27-gcc_4%3a10.2.1-1_amd64.deb ...\r\nUnpacking gcc (4:10.2.1-1) ...\r\nSelecting previously unselected package libbrotli1:amd64.\r\nPreparing to unpack .../28-libbrotli1_1.0.9-2+b2_amd64.deb ...\r\nUnpacking libbrotli1:amd64 (1.0.9-2+b2) ...\r\nSelecting previously unselected package libmd0:amd64.\r\nPreparing to unpack .../29-libmd0_1.0.3-3_amd64.deb ...\r\nUnpacking libmd0:amd64 (1.0.3-3) ...\r\nSelecting previously unselected package libbsd0:amd64.\r\nPreparing to unpack .../30-libbsd0_0.11.3-1_amd64.deb ...\r\nUnpacking libbsd0:amd64 (0.11.3-1) ...\r\nSelecting previously unselected package libc-dev-bin.\r\nPreparing to unpack .../31-libc-dev-bin_2.31-13+deb11u5_amd64.deb ...\r\nUnpacking libc-dev-bin (2.31-13+deb11u5) ...\r\nSelecting previously unselected package libpng16-16:amd64.\r\nPreparing to unpack .../32-libpng16-16_1.6.37-3_amd64.deb ...\r\nUnpacking libpng16-16:amd64 (1.6.37-3) ...\r\nSelecting previously unselected package libfreetype6:amd64.\r\nPreparing to unpack .../33-libfreetype6_2.10.4+dfsg-1+deb11u1_amd64.deb ...\r\nUnpacking libfreetype6:amd64 (2.10.4+dfsg-1+deb11u1) ...\r\nSelecting previously unselected package libfontconfig1:amd64.\r\nPreparing to unpack .../34-libfontconfig1_2.13.1-4.2_amd64.deb ...\r\nUnpacking libfontconfig1:amd64 (2.13.1-4.2) ...\r\nSelecting previously unselected package libjpeg62-turbo:amd64.\r\nPreparing to unpack .../35-libjpeg62-turbo_1%3a2.0.6-4_amd64.deb ...\r\nUnpacking libjpeg62-turbo:amd64 (1:2.0.6-4) ...\r\nSelecting previously unselected package libdeflate0:amd64.\r\nPreparing to unpack .../36-libdeflate0_1.7-1_amd64.deb ...\r\nUnpacking libdeflate0:amd64 (1.7-1) ...\r\nSelecting previously unselected package libjbig0:amd64.\r\nPreparing to unpack .../37-libjbig0_2.1-3.1+b2_amd64.deb ...\r\nUnpacking libjbig0:amd64 (2.1-3.1+b2) ...\r\nSelecting previously unselected package libwebp6:amd64.\r\nPreparing to unpack .../38-libwebp6_0.6.1-2.1_amd64.deb ...\r\nUnpacking libwebp6:amd64 (0.6.1-2.1) ...\r\nSelecting previously unselected package libtiff5:amd64.\r\nPreparing to unpack .../39-libtiff5_4.2.0-1+deb11u1_amd64.deb ...\r\nUnpacking libtiff5:amd64 (4.2.0-1+deb11u1) ...\r\nSelecting previously unselected package libxau6:amd64.\r\nPreparing to unpack .../40-libxau6_1%3a1.0.9-1_amd64.deb ...\r\nUnpacking libxau6:amd64 (1:1.0.9-1) ...\r\nSelecting previously unselected package libxdmcp6:amd64.\r\nPreparing to unpack .../41-libxdmcp6_1%3a1.1.2-3_amd64.deb ...\r\nUnpacking libxdmcp6:amd64 (1:1.1.2-3) ...\r\nSelecting previously unselected package libxcb1:amd64.\r\nPreparing to unpack .../42-libxcb1_1.14-3_amd64.deb ...\r\nUnpacking libxcb1:amd64 (1.14-3) ...\r\nSelecting previously unselected package libx11-data.\r\nPreparing to unpack .../43-libx11-data_2%3a1.7.2-1_all.deb ...\r\nUnpacking libx11-data (2:1.7.2-1) ...\r\nSelecting previously unselected package libx11-6:amd64.\r\nPreparing to unpack .../44-libx11-6_2%3a1.7.2-1_amd64.deb ...\r\nUnpacking libx11-6:amd64 (2:1.7.2-1) ...\r\nSelecting previously unselected package libxpm4:amd64.\r\nPreparing to unpack .../45-libxpm4_1%3a3.5.12-1_amd64.deb ...\r\nUnpacking libxpm4:amd64 (1:3.5.12-1) ...\r\nSelecting previously unselected package libgd3:amd64.\r\nPreparing to unpack .../46-libgd3_2.3.0-2_amd64.deb ...\r\nUnpacking libgd3:amd64 (2.3.0-2) ...\r\nSelecting previously unselected package libc-devtools.\r\nPreparing to unpack .../47-libc-devtools_2.31-13+deb11u5_amd64.deb ...\r\nUnpacking libc-devtools (2.31-13+deb11u5) ...\r\nSelecting previously unselected package linux-libc-dev:amd64.\r\nPreparing to unpack .../48-linux-libc-dev_5.10.158-2_amd64.deb ...\r\nUnpacking linux-libc-dev:amd64 (5.10.158-2) ...\r\nSelecting previously unselected package libcrypt-dev:amd64.\r\nPreparing to unpack .../49-libcrypt-dev_1%3a4.4.18-4_amd64.deb ...\r\nUnpacking libcrypt-dev:amd64 (1:4.4.18-4) ...\r\nSelecting previously unselected package libtirpc-dev:amd64.\r\nPreparing to unpack .../50-libtirpc-dev_1.3.1-1+deb11u1_amd64.deb ...\r\nUnpacking libtirpc-dev:amd64 (1.3.1-1+deb11u1) ...\r\nSelecting previously unselected package libnsl-dev:amd64.\r\nPreparing to unpack .../51-libnsl-dev_1.3.0-2_amd64.deb ...\r\nUnpacking libnsl-dev:amd64 (1.3.0-2) ...\r\nSelecting previously unselected package libc6-dev:amd64.\r\nPreparing to unpack .../52-libc6-dev_2.31-13+deb11u5_amd64.deb ...\r\nUnpacking libc6-dev:amd64 (2.31-13+deb11u5) ...\r\nSelecting previously unselected package manpages-dev.\r\nPreparing to unpack .../53-manpages-dev_5.10-1_all.deb ...\r\nUnpacking manpages-dev (5.10-1) ...\r\nSetting up libxau6:amd64 (1:1.0.9-1) ...\r\nSetting up manpages (5.10-1) ...\r\nSetting up libbrotli1:amd64 (1.0.9-2+b2) ...\r\nSetting up binutils-common:amd64 (2.35.2-2) ...\r\nSetting up libdeflate0:amd64 (1.7-1) ...\r\nSetting up linux-libc-dev:amd64 (5.10.158-2) ...\r\nSetting up libctf-nobfd0:amd64 (2.35.2-2) ...\r\nSetting up libgomp1:amd64 (10.2.1-6) ...\r\nSetting up libjbig0:amd64 (2.1-3.1+b2) ...\r\nSetting up libasan6:amd64 (10.2.1-6) ...\r\nSetting up libtirpc-dev:amd64 (1.3.1-1+deb11u1) ...\r\nSetting up libjpeg62-turbo:amd64 (1:2.0.6-4) ...\r\nSetting up libx11-data (2:1.7.2-1) ...\r\nSetting up libmpfr6:amd64 (4.1.0-3) ...\r\nSetting up libquadmath0:amd64 (10.2.1-6) ...\r\nSetting up libpng16-16:amd64 (1.6.37-3) ...\r\nSetting up libmpc3:amd64 (1.2.0-1) ...\r\nSetting up libatomic1:amd64 (10.2.1-6) ...\r\nSetting up libwebp6:amd64 (0.6.1-2.1) ...\r\nSetting up fonts-dejavu-core (2.37-2) ...\r\nSetting up libubsan1:amd64 (10.2.1-6) ...\r\nSetting up libmd0:amd64 (1.0.3-3) ...\r\nSetting up libnsl-dev:amd64 (1.3.0-2) ...\r\nSetting up sensible-utils (0.0.14) ...\r\nSetting up libcrypt-dev:amd64 (1:4.4.18-4) ...\r\nSetting up libtiff5:amd64 (4.2.0-1+deb11u1) ...\r\nSetting up libbinutils:amd64 (2.35.2-2) ...\r\nSetting up libisl23:amd64 (0.23-1) ...\r\nSetting up libc-dev-bin (2.31-13+deb11u5) ...\r\nSetting up libbsd0:amd64 (0.11.3-1) ...\r\nSetting up libcc1-0:amd64 (10.2.1-6) ...\r\nSetting up liblsan0:amd64 (10.2.1-6) ...\r\nSetting up cpp-10 (10.2.1-6) ...\r\nSetting up libitm1:amd64 (10.2.1-6) ...\r\nSetting up libtsan0:amd64 (10.2.1-6) ...\r\nSetting up libctf0:amd64 (2.35.2-2) ...\r\nSetting up manpages-dev (5.10-1) ...\r\nSetting up libxdmcp6:amd64 (1:1.1.2-3) ...\r\nSetting up libxcb1:amd64 (1.14-3) ...\r\nSetting up libgcc-10-dev:amd64 (10.2.1-6) ...\r\nSetting up libfreetype6:amd64 (2.10.4+dfsg-1+deb11u1) ...\r\nSetting up ucf (3.0043) ...\r\ndebconf: unable to initialize frontend: Dialog\r\ndebconf: (TERM is not set, so the dialog frontend is not usable.)\r\ndebconf: falling back to frontend: Readline\r\ndebconf: unable to initialize frontend: Readline\r\ndebconf: (Can't locate Term/ReadLine.pm in @INC (you may need to install the Term::ReadLine module) (@INC contains: /etc/perl /usr/local/lib/x86_64-linux-gnu/perl/5.32.1 /usr/local/share/perl/5.32.1 /usr/lib/x86_64-linux-gnu/perl5/5.32 /usr/share/perl5 /usr/lib/x86_64-linux-gnu/perl-base /usr/lib/x86_64-linux-gnu/perl/5.32 /usr/share/perl/5.32 /usr/local/lib/site_perl) at /usr/share/perl5/Debconf/FrontEnd/Readline.pm line 7.)\r\ndebconf: falling back to frontend: Teletype\r\nSetting up cpp (4:10.2.1-1) ...\r\nSetting up libc6-dev:amd64 (2.31-13+deb11u5) ...\r\nSetting up libx11-6:amd64 (2:1.7.2-1) ...\r\nSetting up binutils-x86-64-linux-gnu (2.35.2-2) ...\r\nSetting up libxpm4:amd64 (1:3.5.12-1) ...\r\nSetting up fontconfig-config (2.13.1-4.2) ...\r\ndebconf: unable to initialize frontend: Dialog\r\ndebconf: (TERM is not set, so the dialog frontend is not usable.)\r\ndebconf: falling back to frontend: Readline\r\ndebconf: unable to initialize frontend: Readline\r\ndebconf: (Can't locate Term/ReadLine.pm in @INC (you may need to install the Term::ReadLine module) (@INC contains: /etc/perl /usr/local/lib/x86_64-linux-gnu/perl/5.32.1 /usr/local/share/perl/5.32.1 /usr/lib/x86_64-linux-gnu/perl5/5.32 /usr/share/perl5 /usr/lib/x86_64-linux-gnu/perl-base /usr/lib/x86_64-linux-gnu/perl/5.32 /usr/share/perl/5.32 /usr/local/lib/site_perl) at /usr/share/perl5/Debconf/FrontEnd/Readline.pm line 7.)\r\ndebconf: falling back to frontend: Teletype\r\nSetting up binutils (2.35.2-2) ...\r\nSetting up gcc-10 (10.2.1-6) ...\r\nSetting up libfontconfig1:amd64 (2.13.1-4.2) ...\r\nSetting up gcc (4:10.2.1-1) ...\r\nSetting up libgd3:amd64 (2.3.0-2) ...\r\nSetting up libc-devtools (2.31-13+deb11u5) ...\r\nProcessing triggers for libc-bin (2.31-13+deb11u2) ...\r\nRemoving intermediate container 027a3280d43f\n ---> 1e0c5c7d8c00\nStep 7/9 : RUN head -n 1 /requirements/default.txt | xargs pip install\n ---> Running in 98fe30de71b5\nCollecting numpy==1.21.4\n  Downloading numpy-1.21.4-cp37-cp37m-manylinux_2_12_x86_64.manylinux2010_x86_64.whl (15.7 MB)\nInstalling collected packages: numpy\nSuccessfully installed numpy-1.21.4\n\u001b[91mWARNING: Running pip as the 'root' user can result in broken permissions and conflicting behaviour with the system package manager. It is recommended to use a virtual environment instead: https://pip.pypa.io/warnings/venv\n\u001b[0m\u001b[91mWARNING: You are using pip version 21.2.4; however, version 22.3.1 is available.\nYou should consider upgrading via the '/usr/local/bin/python -m pip install --upgrade pip' command.\n\u001b[0mRemoving intermediate container 98fe30de71b5\n ---> 9da5bfa5eae4\nStep 8/9 : RUN pip install -r /requirements/default.txt\n ---> Running in 5de47e150442\nRequirement already satisfied: numpy==1.21.4 in /usr/local/lib/python3.7/site-packages (from -r /requirements/default.txt (line 1)) (1.21.4)\nCollecting matplotlib==3.2.1\n  Downloading matplotlib-3.2.1-cp37-cp37m-manylinux1_x86_64.whl (12.4 MB)\nCollecting dendropy==4.5.2\n  Downloading DendroPy-4.5.2.tar.gz (15.2 MB)\nCollecting pandas==1.3.4\n  Downloading pandas-1.3.4-cp37-cp37m-manylinux_2_17_x86_64.manylinux2014_x86_64.whl (11.3 MB)\nCollecting h5py==3.4.0\n  Downloading h5py-3.4.0-cp37-cp37m-manylinux_2_12_x86_64.manylinux2010_x86_64.whl (4.1 MB)\nCollecting Jinja2==3.0.3\n  Downloading Jinja2-3.0.3-py3-none-any.whl (133 kB)\nCollecting bokeh==0.13.0\n  Downloading bokeh-0.13.0.tar.gz (16.0 MB)\nCollecting seaborn==0.10.1\n  Downloading seaborn-0.10.1-py3-none-any.whl (215 kB)\nCollecting scikit-bio==0.5.6\n  Downloading scikit-bio-0.5.6.tar.gz (8.4 MB)\nCollecting docker==5.0.3\n  Downloading docker-5.0.3-py2.py3-none-any.whl (146 kB)\nCollecting kiwisolver>=1.0.1\n  Downloading kiwisolver-1.4.4-cp37-cp37m-manylinux_2_5_x86_64.manylinux1_x86_64.whl (1.1 MB)\nCollecting pyparsing!=2.0.4,!=2.1.2,!=2.1.6,>=2.0.1\n  Downloading pyparsing-3.0.9-py3-none-any.whl (98 kB)\nCollecting cycler>=0.10\n  Downloading cycler-0.11.0-py3-none-any.whl (6.4 kB)\nCollecting python-dateutil>=2.1\n  Downloading python_dateutil-2.8.2-py2.py3-none-any.whl (247 kB)\nRequirement already satisfied: setuptools in /usr/local/lib/python3.7/site-packages (from dendropy==4.5.2->-r /requirements/default.txt (line 3)) (57.5.0)\nCollecting pytz>=2017.3\n  Downloading pytz-2022.7-py2.py3-none-any.whl (499 kB)\nCollecting cached-property\n  Downloading cached_property-1.5.2-py2.py3-none-any.whl (7.6 kB)\nCollecting MarkupSafe>=2.0\n  Downloading MarkupSafe-2.1.1-cp37-cp37m-manylinux_2_17_x86_64.manylinux2014_x86_64.whl (25 kB)\nCollecting six>=1.5.2\n  Downloading six-1.16.0-py2.py3-none-any.whl (11 kB)\nCollecting PyYAML>=3.10\n  Downloading PyYAML-6.0-cp37-cp37m-manylinux_2_5_x86_64.manylinux1_x86_64.manylinux_2_12_x86_64.manylinux2010_x86_64.whl (596 kB)\nCollecting packaging>=16.8\n  Downloading packaging-22.0-py3-none-any.whl (42 kB)\nCollecting tornado>=4.3\n  Downloading tornado-6.2-cp37-abi3-manylinux_2_5_x86_64.manylinux1_x86_64.manylinux_2_17_x86_64.manylinux2014_x86_64.whl (423 kB)\nCollecting scipy>=1.0.1\n  Downloading scipy-1.7.3-cp37-cp37m-manylinux_2_12_x86_64.manylinux2010_x86_64.whl (38.1 MB)\nCollecting lockfile>=0.10.2\n  Downloading lockfile-0.12.2-py2.py3-none-any.whl (13 kB)\nCollecting CacheControl>=0.11.5\n  Downloading CacheControl-0.12.11-py2.py3-none-any.whl (21 kB)\nCollecting decorator>=3.4.2\n  Downloading decorator-5.1.1-py3-none-any.whl (9.1 kB)\nCollecting IPython>=3.2.0\n  Downloading ipython-7.34.0-py3-none-any.whl (793 kB)\nCollecting natsort>=4.0.3\n  Downloading natsort-8.2.0-py3-none-any.whl (37 kB)\nCollecting hdmedians>=0.13\n  Downloading hdmedians-0.14.2.tar.gz (7.6 kB)\n  Installing build dependencies: started\n  Installing build dependencies: finished with status 'done'\n  Getting requirements to build wheel: started\n  Getting requirements to build wheel: finished with status 'done'\n  Installing backend dependencies: started\n  Installing backend dependencies: finished with status 'done'\n    Preparing wheel metadata: started\n    Preparing wheel metadata: finished with status 'done'\nCollecting scikit-learn>=0.19.1\n  Downloading scikit_learn-1.0.2-cp37-cp37m-manylinux_2_17_x86_64.manylinux2014_x86_64.whl (24.8 MB)\nCollecting requests!=2.18.0,>=2.14.2\n  Downloading requests-2.28.1-py3-none-any.whl (62 kB)\nCollecting websocket-client>=0.32.0\n  Downloading websocket_client-1.4.2-py3-none-any.whl (55 kB)\nCollecting msgpack>=0.5.2\n  Downloading msgpack-1.0.4-cp37-cp37m-manylinux_2_17_x86_64.manylinux2014_x86_64.whl (299 kB)\nCollecting Cython>=0.23\n  Using cached Cython-0.29.32-cp37-cp37m-manylinux_2_17_x86_64.manylinux2014_x86_64.manylinux_2_24_x86_64.whl (1.9 MB)\nCollecting matplotlib-inline\n  Downloading matplotlib_inline-0.1.6-py3-none-any.whl (9.4 kB)\nCollecting traitlets>=4.2\n  Downloading traitlets-5.8.0-py3-none-any.whl (116 kB)\nCollecting pygments\n  Downloading Pygments-2.14.0-py3-none-any.whl (1.1 MB)\nCollecting pickleshare\n  Downloading pickleshare-0.7.5-py2.py3-none-any.whl (6.9 kB)\nCollecting pexpect>4.3\n  Downloading pexpect-4.8.0-py2.py3-none-any.whl (59 kB)\nCollecting backcall\n  Downloading backcall-0.2.0-py2.py3-none-any.whl (11 kB)\nCollecting jedi>=0.16\n  Downloading jedi-0.18.2-py2.py3-none-any.whl (1.6 MB)\nCollecting prompt-toolkit!=3.0.0,!=3.0.1,<3.1.0,>=2.0.0\n  Downloading prompt_toolkit-3.0.36-py3-none-any.whl (386 kB)\nCollecting parso<0.9.0,>=0.8.0\n  Downloading parso-0.8.3-py2.py3-none-any.whl (100 kB)\nCollecting typing-extensions\n  Downloading typing_extensions-4.4.0-py3-none-any.whl (26 kB)\nCollecting ptyprocess>=0.5\n  Downloading ptyprocess-0.7.0-py2.py3-none-any.whl (13 kB)\nCollecting wcwidth\n  Downloading wcwidth-0.2.5-py2.py3-none-any.whl (30 kB)\nCollecting urllib3<1.27,>=1.21.1\n  Downloading urllib3-1.26.13-py2.py3-none-any.whl (140 kB)\nCollecting certifi>=2017.4.17\n  Downloading certifi-2022.12.7-py3-none-any.whl (155 kB)\nCollecting idna<4,>=2.5\n  Downloading idna-3.4-py3-none-any.whl (61 kB)\nCollecting charset-normalizer<3,>=2\n  Downloading charset_normalizer-2.1.1-py3-none-any.whl (39 kB)\nCollecting joblib>=0.11\n  Downloading joblib-1.2.0-py3-none-any.whl (297 kB)\nCollecting threadpoolctl>=2.0.0\n  Downloading threadpoolctl-3.1.0-py3-none-any.whl (14 kB)\nBuilding wheels for collected packages: dendropy, bokeh, scikit-bio, hdmedians\n  Building wheel for dendropy (setup.py): started\n  Building wheel for dendropy (setup.py): finished with status 'done'\n  Created wheel for dendropy: filename=DendroPy-4.5.2-py3-none-any.whl size=453171 sha256=281bcd73a3619937e6a62ced0be9be10122c4d88a73aa74e4f6abbf2e2a4680c\n  Stored in directory: /root/.cache/pip/wheels/9b/c9/0e/1955707a41b3995e9d64768cf8b9b41c74a75f2d6e8d16a61f\n  Building wheel for bokeh (setup.py): started\n  Building wheel for bokeh (setup.py): finished with status 'done'\n  Created wheel for bokeh: filename=bokeh-0.13.0-py3-none-any.whl size=6228404 sha256=adaf24b923a6493a9dea18a7ce872f4ce80c4c156a38714206740e6177babdbe\n  Stored in directory: /root/.cache/pip/wheels/5a/d5/4b/5f70ac8bed3c3c81629717d564e7bde90038e0b42e3aca7a97\n  Building wheel for scikit-bio (setup.py): started\n  Building wheel for scikit-bio (setup.py): finished with status 'done'\n  Created wheel for scikit-bio: filename=scikit_bio-0.5.6-cp37-cp37m-linux_x86_64.whl size=1057205 sha256=ff0c2445649db9a1b59b255d2ef8365d1ca588457f14e7839028eeeb6641b9e7\n  Stored in directory: /root/.cache/pip/wheels/7e/fa/86/a8b3b3b1187f0b0997fca40cdb7dd0d81a57ff061010e4464d\n  Building wheel for hdmedians (PEP 517): started\n  Building wheel for hdmedians (PEP 517): finished with status 'done'\n  Created wheel for hdmedians: filename=hdmedians-0.14.2-cp37-cp37m-linux_x86_64.whl size=150836 sha256=78b7322de11143694cfd69957f2efbbdb76d913d01dc0012bb18004c8c041676\n  Stored in directory: /root/.cache/pip/wheels/56/5d/28/fb40426fbf6a8c3af88376a227130bbdf81e00177123e1398e\nSuccessfully built dendropy bokeh scikit-bio hdmedians\nInstalling collected packages: wcwidth, urllib3, typing-extensions, traitlets, six, ptyprocess, parso, idna, charset-normalizer, certifi, threadpoolctl, scipy, requests, pytz, python-dateutil, pyparsing, pygments, prompt-toolkit, pickleshare, pexpect, msgpack, matplotlib-inline, MarkupSafe, kiwisolver, joblib, jedi, decorator, Cython, cycler, backcall, websocket-client, tornado, scikit-learn, PyYAML, pandas, packaging, natsort, matplotlib, lockfile, Jinja2, IPython, hdmedians, cached-property, CacheControl, seaborn, scikit-bio, h5py, docker, dendropy, bokeh\nSuccessfully installed CacheControl-0.12.11 Cython-0.29.32 IPython-7.34.0 Jinja2-3.0.3 MarkupSafe-2.1.1 PyYAML-6.0 backcall-0.2.0 bokeh-0.13.0 cached-property-1.5.2 certifi-2022.12.7 charset-normalizer-2.1.1 cycler-0.11.0 decorator-5.1.1 dendropy-4.5.2 docker-5.0.3 h5py-3.4.0 hdmedians-0.14.2 idna-3.4 jedi-0.18.2 joblib-1.2.0 kiwisolver-1.4.4 lockfile-0.12.2 matplotlib-3.2.1 matplotlib-inline-0.1.6 msgpack-1.0.4 natsort-8.2.0 packaging-22.0 pandas-1.3.4 parso-0.8.3 pexpect-4.8.0 pickleshare-0.7.5 prompt-toolkit-3.0.36 ptyprocess-0.7.0 pygments-2.14.0 pyparsing-3.0.9 python-dateutil-2.8.2 pytz-2022.7 requests-2.28.1 scikit-bio-0.5.6 scikit-learn-1.0.2 scipy-1.7.3 seaborn-0.10.1 six-1.16.0 threadpoolctl-3.1.0 tornado-6.2 traitlets-5.8.0 typing-extensions-4.4.0 urllib3-1.26.13 wcwidth-0.2.5 websocket-client-1.4.2\n\u001b[91mWARNING: Running pip as the 'root' user can result in broken permissions and conflicting behaviour with the system package manager. It is recommended to use a virtual environment instead: https://pip.pypa.io/warnings/venv\n\u001b[0m\u001b[91mWARNING: You are using pip version 21.2.4; however, version 22.3.1 is available.\nYou should consider upgrading via the '/usr/local/bin/python -m pip install --upgrade pip' command.\n\u001b[0mRemoving intermediate container 5de47e150442\n ---> d3531aa722c7\nStep 9/9 : RUN apt-get remove --purge -y gcc && apt-get autoremove -y\n ---> Running in 1d032b2f03bc\nReading package lists...\nBuilding dependency tree...\nReading state information...\nThe following packages were automatically installed and are no longer required:\n  binutils binutils-common binutils-x86-64-linux-gnu cpp cpp-10\n  fontconfig-config fonts-dejavu-core gcc-10 libasan6 libatomic1 libbinutils\n  libbrotli1 libbsd0 libc-dev-bin libc-devtools libc6-dev libcc1-0\n  libcrypt-dev libctf-nobfd0 libctf0 libdeflate0 libfontconfig1 libfreetype6\n  libgcc-10-dev libgd3 libgomp1 libisl23 libitm1 libjbig0 libjpeg62-turbo\n  liblsan0 libmd0 libmpc3 libmpfr6 libnsl-dev libpng16-16 libquadmath0\n  libtiff5 libtirpc-dev libtsan0 libubsan1 libwebp6 libx11-6 libx11-data\n  libxau6 libxcb1 libxdmcp6 libxpm4 linux-libc-dev manpages-dev sensible-utils\n  ucf\nUse 'apt autoremove' to remove them.\nThe following packages will be REMOVED:\n  gcc*\n0 upgraded, 0 newly installed, 1 to remove and 22 not upgraded.\nAfter this operation, 46.1 kB disk space will be freed.\n(Reading database ... \r(Reading database ... 5%\r(Reading database ... 10%\r(Reading database ... 15%\r(Reading database ... 20%\r(Reading database ... 25%\r(Reading database ... 30%\r(Reading database ... 35%\r(Reading database ... 40%\r(Reading database ... 45%\r(Reading database ... 50%\r(Reading database ... 55%\r(Reading database ... 60%\r(Reading database ... 65%\r(Reading database ... 70%\r(Reading database ... 75%\r(Reading database ... 80%\r(Reading database ... 85%\r(Reading database ... 90%\r(Reading database ... 95%\r(Reading database ... 100%\r(Reading database ... 12374 files and directories currently installed.)\r\nRemoving gcc (4:10.2.1-1) ...\r\nReading package lists...\nBuilding dependency tree...\nReading state information...\nThe following packages will be REMOVED:\n  binutils binutils-common binutils-x86-64-linux-gnu cpp cpp-10\n  fontconfig-config fonts-dejavu-core gcc-10 libasan6 libatomic1 libbinutils\n  libbrotli1 libbsd0 libc-dev-bin libc-devtools libc6-dev libcc1-0\n  libcrypt-dev libctf-nobfd0 libctf0 libdeflate0 libfontconfig1 libfreetype6\n  libgcc-10-dev libgd3 libgomp1 libisl23 libitm1 libjbig0 libjpeg62-turbo\n  liblsan0 libmd0 libmpc3 libmpfr6 libnsl-dev libpng16-16 libquadmath0\n  libtiff5 libtirpc-dev libtsan0 libubsan1 libwebp6 libx11-6 libx11-data\n  libxau6 libxcb1 libxdmcp6 libxpm4 linux-libc-dev manpages-dev sensible-utils\n  ucf\n0 upgraded, 0 newly installed, 52 to remove and 22 not upgraded.\nAfter this operation, 191 MB disk space will be freed.\n(Reading database ... \r(Reading database ... 5%\r(Reading database ... 10%\r(Reading database ... 15%\r(Reading database ... 20%\r(Reading database ... 25%\r(Reading database ... 30%\r(Reading database ... 35%\r(Reading database ... 40%\r(Reading database ... 45%\r(Reading database ... 50%\r(Reading database ... 55%\r(Reading database ... 60%\r(Reading database ... 65%\r(Reading database ... 70%\r(Reading database ... 75%\r(Reading database ... 80%\r(Reading database ... 85%\r(Reading database ... 90%\r(Reading database ... 95%\r(Reading database ... 100%\r(Reading database ... 12345 files and directories currently installed.)\r\nRemoving gcc-10 (10.2.1-6) ...\r\nRemoving binutils (2.35.2-2) ...\r\nRemoving binutils-x86-64-linux-gnu (2.35.2-2) ...\r\nRemoving libctf0:amd64 (2.35.2-2) ...\r\nRemoving libbinutils:amd64 (2.35.2-2) ...\r\nRemoving binutils-common:amd64 (2.35.2-2) ...\r\nRemoving cpp (4:10.2.1-1) ...\r\nRemoving cpp-10 (10.2.1-6) ...\r\nRemoving libc-devtools (2.31-13+deb11u5) ...\r\nRemoving libgd3:amd64 (2.3.0-2) ...\r\nRemoving libfontconfig1:amd64 (2.13.1-4.2) ...\r\nRemoving fontconfig-config (2.13.1-4.2) ...\r\nRemoving fonts-dejavu-core (2.37-2) ...\r\nRemoving libgcc-10-dev:amd64 (10.2.1-6) ...\r\nRemoving libasan6:amd64 (10.2.1-6) ...\r\nRemoving libatomic1:amd64 (10.2.1-6) ...\r\nRemoving libfreetype6:amd64 (2.10.4+dfsg-1+deb11u1) ...\r\nRemoving libbrotli1:amd64 (1.0.9-2+b2) ...\r\nRemoving libxpm4:amd64 (1:3.5.12-1) ...\r\nRemoving libx11-6:amd64 (2:1.7.2-1) ...\r\nRemoving libxcb1:amd64 (1.14-3) ...\r\nRemoving libxdmcp6:amd64 (1:1.1.2-3) ...\r\nRemoving libbsd0:amd64 (0.11.3-1) ...\r\nRemoving libc6-dev:amd64 (2.31-13+deb11u5) ...\r\nRemoving libc-dev-bin (2.31-13+deb11u5) ...\r\nRemoving libcc1-0:amd64 (10.2.1-6) ...\r\nRemoving libcrypt-dev:amd64 (1:4.4.18-4) ...\r\nRemoving libctf-nobfd0:amd64 (2.35.2-2) ...\r\nRemoving libtiff5:amd64 (4.2.0-1+deb11u1) ...\r\nRemoving libdeflate0:amd64 (1.7-1) ...\r\nRemoving libgomp1:amd64 (10.2.1-6) ...\r\nRemoving libisl23:amd64 (0.23-1) ...\r\nRemoving libitm1:amd64 (10.2.1-6) ...\r\nRemoving libjbig0:amd64 (2.1-3.1+b2) ...\r\nRemoving libjpeg62-turbo:amd64 (1:2.0.6-4) ...\r\nRemoving liblsan0:amd64 (10.2.1-6) ...\r\nRemoving libmd0:amd64 (1.0.3-3) ...\r\nRemoving libmpc3:amd64 (1.2.0-1) ...\r\nRemoving libmpfr6:amd64 (4.1.0-3) ...\r\nRemoving libnsl-dev:amd64 (1.3.0-2) ...\r\nRemoving libpng16-16:amd64 (1.6.37-3) ...\r\nRemoving libquadmath0:amd64 (10.2.1-6) ...\r\nRemoving libtirpc-dev:amd64 (1.3.1-1+deb11u1) ...\r\nRemoving libtsan0:amd64 (10.2.1-6) ...\r\nRemoving libubsan1:amd64 (10.2.1-6) ...\r\nRemoving libwebp6:amd64 (0.6.1-2.1) ...\r\nRemoving libx11-data (2:1.7.2-1) ...\r\nRemoving libxau6:amd64 (1:1.0.9-1) ...\r\nRemoving linux-libc-dev:amd64 (5.10.158-2) ...\r\nRemoving manpages-dev (5.10-1) ...\r\nRemoving ucf (3.0043) ...\r\nRemoving sensible-utils (0.0.14) ...\r\nProcessing triggers for libc-bin (2.31-13+deb11u2) ...\r\nRemoving intermediate container 1d032b2f03bc\n ---> ca863e6c6bf1\nSuccessfully built ca863e6c6bf1\nSuccessfully tagged opal:latest\n","stderr":"","imageSize":986804342},"repair":{"violations":[{"name":"pipUseNoCacheDir","position":{"start":8,"end":8,"columnStart":4,"columnEnd":44}},{"name":"ruleAptGetInstallUseNoRec","position":{"start":6,"end":6,"columnStart":22,"columnEnd":44}},{"name":"ruleAptGetInstallThenRemoveAptLists","position":{"start":6,"end":6,"columnStart":22,"columnEnd":44}}],"repairedDockerfile":"FROM python:3.7.12-slim\n\nADD *.py /usr/local/bin/\nADD src /usr/local/bin/src\nADD src/utils /usr/local/bin/src/utils\nADD requirements /requirements\nRUN apt-get update && apt-get install --no-install-recommends -y gcc\nRUN head -n 1 /requirements/default.txt | xargs pip install\nRUN pip install --no-cache-dir -r /requirements/default.txt\nRUN apt-get remove --purge -y gcc && apt-get autoremove -y\n"},"repairedBuild":{"startTimestamp":1672715605493,"endTimestamp":1672715790259,"error":{"code":1,"killed":false,"signal":null,"cmd":"docker build --no-cache --force-rm -t opal:latest -f /tmp/dinghy-analysis/cami-challenge/opal/Dockerfile ."},"stdout":"Sending build context to Docker daemon  284.2MB\r\r\nStep 1/9 : FROM python:3.7.12-slim\n ---> 67290a4b6a03\nStep 2/9 : ADD *.py /usr/local/bin/\n ---> abbc7d04a4b3\nStep 3/9 : ADD src /usr/local/bin/src\n ---> 7bf5fb6cabf2\nStep 4/9 : ADD src/utils /usr/local/bin/src/utils\n ---> 5a9b969945fc\nStep 5/9 : ADD requirements /requirements\n ---> 1250e5c3f59d\nStep 6/9 : RUN apt-get update && apt-get install --no-install-recommends -y gcc\n ---> Running in d7743b814d95\nGet:1 http://deb.debian.org/debian bullseye InRelease [116 kB]\nGet:2 http://security.debian.org/debian-security bullseye-security InRelease [48.4 kB]\nGet:3 http://deb.debian.org/debian bullseye-updates InRelease [44.1 kB]\nGet:4 http://security.debian.org/debian-security bullseye-security/main amd64 Packages [210 kB]\nGet:5 http://deb.debian.org/debian bullseye/main amd64 Packages [8183 kB]\nGet:6 http://deb.debian.org/debian bullseye-updates/main amd64 Packages [14.6 kB]\nFetched 8616 kB in 2s (5585 kB/s)\nReading package lists...\nReading package lists...\nBuilding dependency tree...\nReading state information...\nThe following additional packages will be installed:\n  binutils binutils-common binutils-x86-64-linux-gnu cpp cpp-10 gcc-10\n  libasan6 libatomic1 libbinutils libcc1-0 libctf-nobfd0 libctf0 libgcc-10-dev\n  libgomp1 libisl23 libitm1 liblsan0 libmpc3 libmpfr6 libquadmath0 libtsan0\n  libubsan1\nSuggested packages:\n  binutils-doc cpp-doc gcc-10-locales gcc-multilib make manpages-dev autoconf\n  automake libtool flex bison gdb gcc-doc gcc-10-multilib gcc-10-doc\nRecommended packages:\n  libc6-dev | libc-dev libc6-dev\nThe following NEW packages will be installed:\n  binutils binutils-common binutils-x86-64-linux-gnu cpp cpp-10 gcc gcc-10\n  libasan6 libatomic1 libbinutils libcc1-0 libctf-nobfd0 libctf0 libgcc-10-dev\n  libgomp1 libisl23 libitm1 liblsan0 libmpc3 libmpfr6 libquadmath0 libtsan0\n  libubsan1\n0 upgraded, 23 newly installed, 0 to remove and 25 not upgraded.\nNeed to get 41.4 MB of archives.\nAfter this operation, 151 MB of additional disk space will be used.\nGet:1 http://deb.debian.org/debian bullseye/main amd64 binutils-common amd64 2.35.2-2 [2220 kB]\nGet:2 http://deb.debian.org/debian bullseye/main amd64 libbinutils amd64 2.35.2-2 [570 kB]\nGet:3 http://deb.debian.org/debian bullseye/main amd64 libctf-nobfd0 amd64 2.35.2-2 [110 kB]\nGet:4 http://deb.debian.org/debian bullseye/main amd64 libctf0 amd64 2.35.2-2 [53.2 kB]\nGet:5 http://deb.debian.org/debian bullseye/main amd64 binutils-x86-64-linux-gnu amd64 2.35.2-2 [1809 kB]\nGet:6 http://deb.debian.org/debian bullseye/main amd64 binutils amd64 2.35.2-2 [61.2 kB]\nGet:7 http://deb.debian.org/debian bullseye/main amd64 libisl23 amd64 0.23-1 [676 kB]\nGet:8 http://deb.debian.org/debian bullseye/main amd64 libmpfr6 amd64 4.1.0-3 [2012 kB]\nGet:9 http://deb.debian.org/debian bullseye/main amd64 libmpc3 amd64 1.2.0-1 [45.0 kB]\nGet:10 http://deb.debian.org/debian bullseye/main amd64 cpp-10 amd64 10.2.1-6 [8528 kB]\nGet:11 http://deb.debian.org/debian bullseye/main amd64 cpp amd64 4:10.2.1-1 [19.7 kB]\nGet:12 http://deb.debian.org/debian bullseye/main amd64 libcc1-0 amd64 10.2.1-6 [47.0 kB]\nGet:13 http://deb.debian.org/debian bullseye/main amd64 libgomp1 amd64 10.2.1-6 [99.9 kB]\nGet:14 http://deb.debian.org/debian bullseye/main amd64 libitm1 amd64 10.2.1-6 [25.8 kB]\nGet:15 http://deb.debian.org/debian bullseye/main amd64 libatomic1 amd64 10.2.1-6 [9008 B]\nGet:16 http://deb.debian.org/debian bullseye/main amd64 libasan6 amd64 10.2.1-6 [2065 kB]\nGet:17 http://deb.debian.org/debian bullseye/main amd64 liblsan0 amd64 10.2.1-6 [828 kB]\nGet:18 http://deb.debian.org/debian bullseye/main amd64 libtsan0 amd64 10.2.1-6 [2000 kB]\nGet:19 http://deb.debian.org/debian bullseye/main amd64 libubsan1 amd64 10.2.1-6 [777 kB]\nGet:20 http://deb.debian.org/debian bullseye/main amd64 libquadmath0 amd64 10.2.1-6 [145 kB]\nGet:21 http://deb.debian.org/debian bullseye/main amd64 libgcc-10-dev amd64 10.2.1-6 [2328 kB]\nGet:22 http://deb.debian.org/debian bullseye/main amd64 gcc-10 amd64 10.2.1-6 [17.0 MB]\nGet:23 http://deb.debian.org/debian bullseye/main amd64 gcc amd64 4:10.2.1-1 [5192 B]\n\u001b[91mdebconf: delaying package configuration, since apt-utils is not installed\n\u001b[0mFetched 41.4 MB in 1s (39.0 MB/s)\nSelecting previously unselected package binutils-common:amd64.\r\n(Reading database ... \r(Reading database ... 5%\r(Reading database ... 10%\r(Reading database ... 15%\r(Reading database ... 20%\r(Reading database ... 25%\r(Reading database ... 30%\r(Reading database ... 35%\r(Reading database ... 40%\r(Reading database ... 45%\r(Reading database ... 50%\r(Reading database ... 55%\r(Reading database ... 60%\r(Reading database ... 65%\r(Reading database ... 70%\r(Reading database ... 75%\r(Reading database ... 80%\r(Reading database ... 85%\r(Reading database ... 90%\r(Reading database ... 95%\r(Reading database ... 100%\r(Reading database ... 7023 files and directories currently installed.)\r\nPreparing to unpack .../00-binutils-common_2.35.2-2_amd64.deb ...\r\nUnpacking binutils-common:amd64 (2.35.2-2) ...\r\nSelecting previously unselected package libbinutils:amd64.\r\nPreparing to unpack .../01-libbinutils_2.35.2-2_amd64.deb ...\r\nUnpacking libbinutils:amd64 (2.35.2-2) ...\r\nSelecting previously unselected package libctf-nobfd0:amd64.\r\nPreparing to unpack .../02-libctf-nobfd0_2.35.2-2_amd64.deb ...\r\nUnpacking libctf-nobfd0:amd64 (2.35.2-2) ...\r\nSelecting previously unselected package libctf0:amd64.\r\nPreparing to unpack .../03-libctf0_2.35.2-2_amd64.deb ...\r\nUnpacking libctf0:amd64 (2.35.2-2) ...\r\nSelecting previously unselected package binutils-x86-64-linux-gnu.\r\nPreparing to unpack .../04-binutils-x86-64-linux-gnu_2.35.2-2_amd64.deb ...\r\nUnpacking binutils-x86-64-linux-gnu (2.35.2-2) ...\r\nSelecting previously unselected package binutils.\r\nPreparing to unpack .../05-binutils_2.35.2-2_amd64.deb ...\r\nUnpacking binutils (2.35.2-2) ...\r\nSelecting previously unselected package libisl23:amd64.\r\nPreparing to unpack .../06-libisl23_0.23-1_amd64.deb ...\r\nUnpacking libisl23:amd64 (0.23-1) ...\r\nSelecting previously unselected package libmpfr6:amd64.\r\nPreparing to unpack .../07-libmpfr6_4.1.0-3_amd64.deb ...\r\nUnpacking libmpfr6:amd64 (4.1.0-3) ...\r\nSelecting previously unselected package libmpc3:amd64.\r\nPreparing to unpack .../08-libmpc3_1.2.0-1_amd64.deb ...\r\nUnpacking libmpc3:amd64 (1.2.0-1) ...\r\nSelecting previously unselected package cpp-10.\r\nPreparing to unpack .../09-cpp-10_10.2.1-6_amd64.deb ...\r\nUnpacking cpp-10 (10.2.1-6) ...\r\nSelecting previously unselected package cpp.\r\nPreparing to unpack .../10-cpp_4%3a10.2.1-1_amd64.deb ...\r\nUnpacking cpp (4:10.2.1-1) ...\r\nSelecting previously unselected package libcc1-0:amd64.\r\nPreparing to unpack .../11-libcc1-0_10.2.1-6_amd64.deb ...\r\nUnpacking libcc1-0:amd64 (10.2.1-6) ...\r\nSelecting previously unselected package libgomp1:amd64.\r\nPreparing to unpack .../12-libgomp1_10.2.1-6_amd64.deb ...\r\nUnpacking libgomp1:amd64 (10.2.1-6) ...\r\nSelecting previously unselected package libitm1:amd64.\r\nPreparing to unpack .../13-libitm1_10.2.1-6_amd64.deb ...\r\nUnpacking libitm1:amd64 (10.2.1-6) ...\r\nSelecting previously unselected package libatomic1:amd64.\r\nPreparing to unpack .../14-libatomic1_10.2.1-6_amd64.deb ...\r\nUnpacking libatomic1:amd64 (10.2.1-6) ...\r\nSelecting previously unselected package libasan6:amd64.\r\nPreparing to unpack .../15-libasan6_10.2.1-6_amd64.deb ...\r\nUnpacking libasan6:amd64 (10.2.1-6) ...\r\nSelecting previously unselected package liblsan0:amd64.\r\nPreparing to unpack .../16-liblsan0_10.2.1-6_amd64.deb ...\r\nUnpacking liblsan0:amd64 (10.2.1-6) ...\r\nSelecting previously unselected package libtsan0:amd64.\r\nPreparing to unpack .../17-libtsan0_10.2.1-6_amd64.deb ...\r\nUnpacking libtsan0:amd64 (10.2.1-6) ...\r\nSelecting previously unselected package libubsan1:amd64.\r\nPreparing to unpack .../18-libubsan1_10.2.1-6_amd64.deb ...\r\nUnpacking libubsan1:amd64 (10.2.1-6) ...\r\nSelecting previously unselected package libquadmath0:amd64.\r\nPreparing to unpack .../19-libquadmath0_10.2.1-6_amd64.deb ...\r\nUnpacking libquadmath0:amd64 (10.2.1-6) ...\r\nSelecting previously unselected package libgcc-10-dev:amd64.\r\nPreparing to unpack .../20-libgcc-10-dev_10.2.1-6_amd64.deb ...\r\nUnpacking libgcc-10-dev:amd64 (10.2.1-6) ...\r\nSelecting previously unselected package gcc-10.\r\nPreparing to unpack .../21-gcc-10_10.2.1-6_amd64.deb ...\r\nUnpacking gcc-10 (10.2.1-6) ...\r\nSelecting previously unselected package gcc.\r\nPreparing to unpack .../22-gcc_4%3a10.2.1-1_amd64.deb ...\r\nUnpacking gcc (4:10.2.1-1) ...\r\nSetting up binutils-common:amd64 (2.35.2-2) ...\r\nSetting up libctf-nobfd0:amd64 (2.35.2-2) ...\r\nSetting up libgomp1:amd64 (10.2.1-6) ...\r\nSetting up libasan6:amd64 (10.2.1-6) ...\r\nSetting up libmpfr6:amd64 (4.1.0-3) ...\r\nSetting up libquadmath0:amd64 (10.2.1-6) ...\r\nSetting up libmpc3:amd64 (1.2.0-1) ...\r\nSetting up libatomic1:amd64 (10.2.1-6) ...\r\nSetting up libubsan1:amd64 (10.2.1-6) ...\r\nSetting up libbinutils:amd64 (2.35.2-2) ...\r\nSetting up libisl23:amd64 (0.23-1) ...\r\nSetting up libcc1-0:amd64 (10.2.1-6) ...\r\nSetting up liblsan0:amd64 (10.2.1-6) ...\r\nSetting up cpp-10 (10.2.1-6) ...\r\nSetting up libitm1:amd64 (10.2.1-6) ...\r\nSetting up libtsan0:amd64 (10.2.1-6) ...\r\nSetting up libctf0:amd64 (2.35.2-2) ...\r\nSetting up libgcc-10-dev:amd64 (10.2.1-6) ...\r\nSetting up cpp (4:10.2.1-1) ...\r\nSetting up binutils-x86-64-linux-gnu (2.35.2-2) ...\r\nSetting up binutils (2.35.2-2) ...\r\nSetting up gcc-10 (10.2.1-6) ...\r\nSetting up gcc (4:10.2.1-1) ...\r\nProcessing triggers for libc-bin (2.31-13+deb11u2) ...\r\nRemoving intermediate container d7743b814d95\n ---> 9bf3490ea6f7\nStep 7/9 : RUN head -n 1 /requirements/default.txt | xargs pip install\n ---> Running in a815c1221e1c\nCollecting numpy==1.21.4\n  Downloading numpy-1.21.4-cp37-cp37m-manylinux_2_12_x86_64.manylinux2010_x86_64.whl (15.7 MB)\nInstalling collected packages: numpy\nSuccessfully installed numpy-1.21.4\n\u001b[91mWARNING: Running pip as the 'root' user can result in broken permissions and conflicting behaviour with the system package manager. It is recommended to use a virtual environment instead: https://pip.pypa.io/warnings/venv\n\u001b[0m\u001b[91mWARNING: You are using pip version 21.2.4; however, version 22.3.1 is available.\nYou should consider upgrading via the '/usr/local/bin/python -m pip install --upgrade pip' command.\n\u001b[0mRemoving intermediate container a815c1221e1c\n ---> 357df8b87719\nStep 8/9 : RUN pip install --no-cache-dir -r /requirements/default.txt\n ---> Running in cb27954c996e\nRequirement already satisfied: numpy==1.21.4 in /usr/local/lib/python3.7/site-packages (from -r /requirements/default.txt (line 1)) (1.21.4)\nCollecting matplotlib==3.2.1\n  Downloading matplotlib-3.2.1-cp37-cp37m-manylinux1_x86_64.whl (12.4 MB)\nCollecting dendropy==4.5.2\n  Downloading DendroPy-4.5.2.tar.gz (15.2 MB)\nCollecting pandas==1.3.4\n  Downloading pandas-1.3.4-cp37-cp37m-manylinux_2_17_x86_64.manylinux2014_x86_64.whl (11.3 MB)\nCollecting h5py==3.4.0\n  Downloading h5py-3.4.0-cp37-cp37m-manylinux_2_12_x86_64.manylinux2010_x86_64.whl (4.1 MB)\nCollecting Jinja2==3.0.3\n  Downloading Jinja2-3.0.3-py3-none-any.whl (133 kB)\nCollecting bokeh==0.13.0\n  Downloading bokeh-0.13.0.tar.gz (16.0 MB)\nCollecting seaborn==0.10.1\n  Downloading seaborn-0.10.1-py3-none-any.whl (215 kB)\nCollecting scikit-bio==0.5.6\n  Downloading scikit-bio-0.5.6.tar.gz (8.4 MB)\nCollecting docker==5.0.3\n  Downloading docker-5.0.3-py2.py3-none-any.whl (146 kB)\nCollecting kiwisolver>=1.0.1\n  Downloading kiwisolver-1.4.4-cp37-cp37m-manylinux_2_5_x86_64.manylinux1_x86_64.whl (1.1 MB)\nCollecting cycler>=0.10\n  Downloading cycler-0.11.0-py3-none-any.whl (6.4 kB)\nCollecting python-dateutil>=2.1\n  Downloading python_dateutil-2.8.2-py2.py3-none-any.whl (247 kB)\nCollecting pyparsing!=2.0.4,!=2.1.2,!=2.1.6,>=2.0.1\n  Downloading pyparsing-3.0.9-py3-none-any.whl (98 kB)\nRequirement already satisfied: setuptools in /usr/local/lib/python3.7/site-packages (from dendropy==4.5.2->-r /requirements/default.txt (line 3)) (57.5.0)\nCollecting pytz>=2017.3\n  Downloading pytz-2022.7-py2.py3-none-any.whl (499 kB)\nCollecting cached-property\n  Downloading cached_property-1.5.2-py2.py3-none-any.whl (7.6 kB)\nCollecting MarkupSafe>=2.0\n  Downloading MarkupSafe-2.1.1-cp37-cp37m-manylinux_2_17_x86_64.manylinux2014_x86_64.whl (25 kB)\nCollecting six>=1.5.2\n  Downloading six-1.16.0-py2.py3-none-any.whl (11 kB)\nCollecting PyYAML>=3.10\n  Downloading PyYAML-6.0-cp37-cp37m-manylinux_2_5_x86_64.manylinux1_x86_64.manylinux_2_12_x86_64.manylinux2010_x86_64.whl (596 kB)\nCollecting packaging>=16.8\n  Downloading packaging-22.0-py3-none-any.whl (42 kB)\nCollecting tornado>=4.3\n  Downloading tornado-6.2-cp37-abi3-manylinux_2_5_x86_64.manylinux1_x86_64.manylinux_2_17_x86_64.manylinux2014_x86_64.whl (423 kB)\nCollecting scipy>=1.0.1\n  Downloading scipy-1.7.3-cp37-cp37m-manylinux_2_12_x86_64.manylinux2010_x86_64.whl (38.1 MB)\nCollecting lockfile>=0.10.2\n  Downloading lockfile-0.12.2-py2.py3-none-any.whl (13 kB)\nCollecting CacheControl>=0.11.5\n  Downloading CacheControl-0.12.11-py2.py3-none-any.whl (21 kB)\nCollecting decorator>=3.4.2\n  Downloading decorator-5.1.1-py3-none-any.whl (9.1 kB)\nCollecting IPython>=3.2.0\n  Downloading ipython-7.34.0-py3-none-any.whl (793 kB)\nCollecting natsort>=4.0.3\n  Downloading natsort-8.2.0-py3-none-any.whl (37 kB)\nCollecting hdmedians>=0.13\n  Downloading hdmedians-0.14.2.tar.gz (7.6 kB)\n  Installing build dependencies: started\n  Installing build dependencies: finished with status 'done'\n  Getting requirements to build wheel: started\n  Getting requirements to build wheel: finished with status 'done'\n  Installing backend dependencies: started\n  Installing backend dependencies: finished with status 'done'\n    Preparing wheel metadata: started\n    Preparing wheel metadata: finished with status 'done'\nCollecting scikit-learn>=0.19.1\n  Downloading scikit_learn-1.0.2-cp37-cp37m-manylinux_2_17_x86_64.manylinux2014_x86_64.whl (24.8 MB)\nCollecting websocket-client>=0.32.0\n  Downloading websocket_client-1.4.2-py3-none-any.whl (55 kB)\nCollecting requests!=2.18.0,>=2.14.2\n  Downloading requests-2.28.1-py3-none-any.whl (62 kB)\nCollecting msgpack>=0.5.2\n  Downloading msgpack-1.0.4-cp37-cp37m-manylinux_2_17_x86_64.manylinux2014_x86_64.whl (299 kB)\nCollecting Cython>=0.23\n  Downloading Cython-0.29.32-cp37-cp37m-manylinux_2_17_x86_64.manylinux2014_x86_64.manylinux_2_24_x86_64.whl (1.9 MB)\nCollecting pygments\n  Downloading Pygments-2.14.0-py3-none-any.whl (1.1 MB)\nCollecting pexpect>4.3\n  Downloading pexpect-4.8.0-py2.py3-none-any.whl (59 kB)\nCollecting jedi>=0.16\n  Downloading jedi-0.18.2-py2.py3-none-any.whl (1.6 MB)\nCollecting backcall\n  Downloading backcall-0.2.0-py2.py3-none-any.whl (11 kB)\nCollecting pickleshare\n  Downloading pickleshare-0.7.5-py2.py3-none-any.whl (6.9 kB)\nCollecting prompt-toolkit!=3.0.0,!=3.0.1,<3.1.0,>=2.0.0\n  Downloading prompt_toolkit-3.0.36-py3-none-any.whl (386 kB)\nCollecting traitlets>=4.2\n  Downloading traitlets-5.8.0-py3-none-any.whl (116 kB)\nCollecting matplotlib-inline\n  Downloading matplotlib_inline-0.1.6-py3-none-any.whl (9.4 kB)\nCollecting parso<0.9.0,>=0.8.0\n  Downloading parso-0.8.3-py2.py3-none-any.whl (100 kB)\nCollecting typing-extensions\n  Downloading typing_extensions-4.4.0-py3-none-any.whl (26 kB)\nCollecting ptyprocess>=0.5\n  Downloading ptyprocess-0.7.0-py2.py3-none-any.whl (13 kB)\nCollecting wcwidth\n  Downloading wcwidth-0.2.5-py2.py3-none-any.whl (30 kB)\nCollecting charset-normalizer<3,>=2\n  Downloading charset_normalizer-2.1.1-py3-none-any.whl (39 kB)\nCollecting certifi>=2017.4.17\n  Downloading certifi-2022.12.7-py3-none-any.whl (155 kB)\nCollecting urllib3<1.27,>=1.21.1\n  Downloading urllib3-1.26.13-py2.py3-none-any.whl (140 kB)\nCollecting idna<4,>=2.5\n  Downloading idna-3.4-py3-none-any.whl (61 kB)\nCollecting joblib>=0.11\n  Downloading joblib-1.2.0-py3-none-any.whl (297 kB)\nCollecting threadpoolctl>=2.0.0\n  Downloading threadpoolctl-3.1.0-py3-none-any.whl (14 kB)\nBuilding wheels for collected packages: dendropy, bokeh, scikit-bio, hdmedians\n  Building wheel for dendropy (setup.py): started\n  Building wheel for dendropy (setup.py): finished with status 'done'\n  Created wheel for dendropy: filename=DendroPy-4.5.2-py3-none-any.whl size=453171 sha256=5d6e033e3f13582e05e36ac2174e13fccfcd211487cfbcda03b0e66e220e588e\n  Stored in directory: /tmp/pip-ephem-wheel-cache-rdbqgeu8/wheels/9b/c9/0e/1955707a41b3995e9d64768cf8b9b41c74a75f2d6e8d16a61f\n  Building wheel for bokeh (setup.py): started\n  Building wheel for bokeh (setup.py): finished with status 'done'\n  Created wheel for bokeh: filename=bokeh-0.13.0-py3-none-any.whl size=6228404 sha256=de197dd809b92ed868bf40b9a2af7b8732c4f315477354a1a647e019b0315062\n  Stored in directory: /tmp/pip-ephem-wheel-cache-rdbqgeu8/wheels/5a/d5/4b/5f70ac8bed3c3c81629717d564e7bde90038e0b42e3aca7a97\n  Building wheel for scikit-bio (setup.py): started\n  Building wheel for scikit-bio (setup.py): finished with status 'error'\n\u001b[91m  ERROR: Command errored out with exit status 1:\n   command: /usr/local/bin/python -u -c 'import io, os, sys, setuptools, tokenize; sys.argv[0] = '\"'\"'/tmp/pip-install-oyy_kudv/scikit-bio_819f5db44f294b588ac3ec90f0b6758b/setup.py'\"'\"'; __file__='\"'\"'/tmp/pip-install-oyy_kudv/scikit-bio_819f5db44f294b588ac3ec90f0b6758b/setup.py'\"'\"';f = getattr(tokenize, '\"'\"'open'\"'\"', open)(__file__) if os.path.exists(__file__) else io.StringIO('\"'\"'from setuptools import setup; setup()'\"'\"');code = f.read().replace('\"'\"'\\r\\n'\"'\"', '\"'\"'\\n'\"'\"');f.close();exec(compile(code, __file__, '\"'\"'exec'\"'\"'))' bdist_wheel -d /tmp/pip-wheel-wi0pkboh\n       cwd: /tmp/pip-install-oyy_kudv/scikit-bio_819f5db44f294b588ac3ec90f0b6758b/\n  Complete output (672 lines):\n  running bdist_wheel\n  running build\n  running build_py\n  creating build\n  creating build/lib.linux-x86_64-3.7\n  creating build/lib.linux-x86_64-3.7/skbio\n  copying skbio/__init__.py -> build/lib.linux-x86_64-3.7/skbio\n  copying skbio/_base.py -> build/lib.linux-x86_64-3.7/skbio\n  copying skbio/workflow.py -> build/lib.linux-x86_64-3.7/skbio\n  copying skbio/test.py -> build/lib.linux-x86_64-3.7/skbio\n  creating build/lib.linux-x86_64-3.7/benchmarks\n  copying benchmarks/__init__.py -> build/lib.linux-x86_64-3.7/benchmarks\n  copying benchmarks/benchmarks.py -> build/lib.linux-x86_64-3.7/benchmarks\n  creating build/lib.linux-x86_64-3.7/skbio/io\n  copying skbio/io/__init__.py -> build/lib.linux-x86_64-3.7/skbio/io\n  copying skbio/io/_warning.py -> build/lib.linux-x86_64-3.7/skbio/io\n  copying skbio/io/_exception.py -> build/lib.linux-x86_64-3.7/skbio/io\n  copying skbio/io/registry.py -> build/lib.linux-x86_64-3.7/skbio/io\n  copying skbio/io/_fileobject.py -> build/lib.linux-x86_64-3.7/skbio/io\n  copying skbio/io/util.py -> build/lib.linux-x86_64-3.7/skbio/io\n  copying skbio/io/_iosources.py -> build/lib.linux-x86_64-3.7/skbio/io\n  creating build/lib.linux-x86_64-3.7/skbio/stats\n  copying skbio/stats/composition.py -> build/lib.linux-x86_64-3.7/skbio/stats\n  copying skbio/stats/__init__.py -> build/lib.linux-x86_64-3.7/skbio/stats\n  copying skbio/stats/power.py -> build/lib.linux-x86_64-3.7/skbio/stats\n  copying skbio/stats/_misc.py -> build/lib.linux-x86_64-3.7/skbio/stats\n  copying skbio/stats/gradient.py -> build/lib.linux-x86_64-3.7/skbio/stats\n  copying skbio/stats/_subsample.py -> build/lib.linux-x86_64-3.7/skbio/stats\n  creating build/lib.linux-x86_64-3.7/skbio/sequence\n  copying skbio/sequence/__init__.py -> build/lib.linux-x86_64-3.7/skbio/sequence\n  copying skbio/sequence/_protein.py -> build/lib.linux-x86_64-3.7/skbio/sequence\n  copying skbio/sequence/_repr.py -> build/lib.linux-x86_64-3.7/skbio/sequence\n  copying skbio/sequence/_rna.py -> build/lib.linux-x86_64-3.7/skbio/sequence\n  copying skbio/sequence/_dna.py -> build/lib.linux-x86_64-3.7/skbio/sequence\n  copying skbio/sequence/_sequence.py -> build/lib.linux-x86_64-3.7/skbio/sequence\n  copying skbio/sequence/_nucleotide_mixin.py -> build/lib.linux-x86_64-3.7/skbio/sequence\n  copying skbio/sequence/distance.py -> build/lib.linux-x86_64-3.7/skbio/sequence\n  copying skbio/sequence/_genetic_code.py -> build/lib.linux-x86_64-3.7/skbio/sequence\n  copying skbio/sequence/_grammared_sequence.py -> build/lib.linux-x86_64-3.7/skbio/sequence\n  creating build/lib.linux-x86_64-3.7/skbio/tests\n  copying skbio/tests/__init__.py -> build/lib.linux-x86_64-3.7/skbio/tests\n  copying skbio/tests/test_workflow.py -> build/lib.linux-x86_64-3.7/skbio/tests\n  copying skbio/tests/test_base.py -> build/lib.linux-x86_64-3.7/skbio/tests\n  creating build/lib.linux-x86_64-3.7/skbio/util\n  copying skbio/util/__init__.py -> build/lib.linux-x86_64-3.7/skbio/util\n  copying skbio/util/_warning.py -> build/lib.linux-x86_64-3.7/skbio/util\n  copying skbio/util/_misc.py -> build/lib.linux-x86_64-3.7/skbio/util\n  copying skbio/util/_exception.py -> build/lib.linux-x86_64-3.7/skbio/util\n  copying skbio/util/_decorator.py -> build/lib.linux-x86_64-3.7/skbio/util\n  copying skbio/util/_testing.py -> build/lib.linux-x86_64-3.7/skbio/util\n  creating build/lib.linux-x86_64-3.7/skbio/tree\n  copying skbio/tree/__init__.py -> build/lib.linux-x86_64-3.7/skbio/tree\n  copying skbio/tree/_exception.py -> build/lib.linux-x86_64-3.7/skbio/tree\n  copying skbio/tree/_tree.py -> build/lib.linux-x86_64-3.7/skbio/tree\n  copying skbio/tree/_majority_rule.py -> build/lib.linux-x86_64-3.7/skbio/tree\n  copying skbio/tree/_nj.py -> build/lib.linux-x86_64-3.7/skbio/tree\n  creating build/lib.linux-x86_64-3.7/skbio/alignment\n  copying skbio/alignment/__init__.py -> build/lib.linux-x86_64-3.7/skbio/alignment\n  copying skbio/alignment/_repr.py -> build/lib.linux-x86_64-3.7/skbio/alignment\n  copying skbio/alignment/_tabular_msa.py -> build/lib.linux-x86_64-3.7/skbio/alignment\n  copying skbio/alignment/_pairwise.py -> build/lib.linux-x86_64-3.7/skbio/alignment\n  copying skbio/alignment/_indexing.py -> build/lib.linux-x86_64-3.7/skbio/alignment\n  creating build/lib.linux-x86_64-3.7/skbio/metadata\n  copying skbio/metadata/_mixin.py -> build/lib.linux-x86_64-3.7/skbio/metadata\n  copying skbio/metadata/__init__.py -> build/lib.linux-x86_64-3.7/skbio/metadata\n  copying skbio/metadata/_repr.py -> build/lib.linux-x86_64-3.7/skbio/metadata\n  copying skbio/metadata/_interval.py -> build/lib.linux-x86_64-3.7/skbio/metadata\n  copying skbio/metadata/_testing.py -> build/lib.linux-x86_64-3.7/skbio/metadata\n  creating build/lib.linux-x86_64-3.7/skbio/diversity\n  copying skbio/diversity/__init__.py -> build/lib.linux-x86_64-3.7/skbio/diversity\n  copying skbio/diversity/_block.py -> build/lib.linux-x86_64-3.7/skbio/diversity\n  copying skbio/diversity/_driver.py -> build/lib.linux-x86_64-3.7/skbio/diversity\n  copying skbio/diversity/_util.py -> build/lib.linux-x86_64-3.7/skbio/diversity\n  creating build/lib.linux-x86_64-3.7/skbio/io/format\n  copying skbio/io/format/__init__.py -> build/lib.linux-x86_64-3.7/skbio/io/format\n  copying skbio/io/format/blast7.py -> build/lib.linux-x86_64-3.7/skbio/io/format\n  copying skbio/io/format/phylip.py -> build/lib.linux-x86_64-3.7/skbio/io/format\n  copying skbio/io/format/fastq.py -> build/lib.linux-x86_64-3.7/skbio/io/format\n  copying skbio/io/format/_sequence_feature_vocabulary.py -> build/lib.linux-x86_64-3.7/skbio/io/format\n  copying skbio/io/format/blast6.py -> build/lib.linux-x86_64-3.7/skbio/io/format\n  copying skbio/io/format/_base.py -> build/lib.linux-x86_64-3.7/skbio/io/format\n  copying skbio/io/format/fasta.py -> build/lib.linux-x86_64-3.7/skbio/io/format\n  copying skbio/io/format/genbank.py -> build/lib.linux-x86_64-3.7/skbio/io/format\n  copying skbio/io/format/stockholm.py -> build/lib.linux-x86_64-3.7/skbio/io/format\n  copying skbio/io/format/_blast.py -> build/lib.linux-x86_64-3.7/skbio/io/format\n  copying skbio/io/format/newick.py -> build/lib.linux-x86_64-3.7/skbio/io/format\n  copying skbio/io/format/qseq.py -> build/lib.linux-x86_64-3.7/skbio/io/format\n  copying skbio/io/format/gff3.py -> build/lib.linux-x86_64-3.7/skbio/io/format\n  copying skbio/io/format/embl.py -> build/lib.linux-x86_64-3.7/skbio/io/format\n  copying skbio/io/format/emptyfile.py -> build/lib.linux-x86_64-3.7/skbio/io/format\n  copying skbio/io/format/clustal.py -> build/lib.linux-x86_64-3.7/skbio/io/format\n  copying skbio/io/format/ordination.py -> build/lib.linux-x86_64-3.7/skbio/io/format\n  copying skbio/io/format/lsmat.py -> build/lib.linux-x86_64-3.7/skbio/io/format\n  creating build/lib.linux-x86_64-3.7/skbio/io/tests\n  copying skbio/io/tests/__init__.py -> build/lib.linux-x86_64-3.7/skbio/io/tests\n  copying skbio/io/tests/test_iosources.py -> build/lib.linux-x86_64-3.7/skbio/io/tests\n  copying skbio/io/tests/test_registry.py -> build/lib.linux-x86_64-3.7/skbio/io/tests\n  copying skbio/io/tests/test_util.py -> build/lib.linux-x86_64-3.7/skbio/io/tests\n  creating build/lib.linux-x86_64-3.7/skbio/io/format/tests\n  copying skbio/io/format/tests/__init__.py -> build/lib.linux-x86_64-3.7/skbio/io/format/tests\n  copying skbio/io/format/tests/test_genbank.py -> build/lib.linux-x86_64-3.7/skbio/io/format/tests\n  copying skbio/io/format/tests/test_fasta.py -> build/lib.linux-x86_64-3.7/skbio/io/format/tests\n  copying skbio/io/format/tests/test_qseq.py -> build/lib.linux-x86_64-3.7/skbio/io/format/tests\n  copying skbio/io/format/tests/test_clustal.py -> build/lib.linux-x86_64-3.7/skbio/io/format/tests\n  copying skbio/io/format/tests/test_phylip.py -> build/lib.linux-x86_64-3.7/skbio/io/format/tests\n  copying skbio/io/format/tests/test_blast6.py -> build/lib.linux-x86_64-3.7/skbio/io/format/tests\n  copying skbio/io/format/tests/test_ordination.py -> build/lib.linux-x86_64-3.7/skbio/io/format/tests\n  copying skbio/io/format/tests/test_stockholm.py -> build/lib.linux-x86_64-3.7/skbio/io/format/tests\n  copying skbio/io/format/tests/test_lsmat.py -> build/lib.linux-x86_64-3.7/skbio/io/format/tests\n  copying skbio/io/format/tests/test_sequence_feature_vocabulary.py -> build/lib.linux-x86_64-3.7/skbio/io/format/tests\n  copying skbio/io/format/tests/test_blast7.py -> build/lib.linux-x86_64-3.7/skbio/io/format/tests\n  copying skbio/io/format/tests/test_fastq.py -> build/lib.linux-x86_64-3.7/skbio/io/format/tests\n  copying skbio/io/format/tests/test_gff3.py -> build/lib.linux-x86_64-3.7/skbio/io/format/tests\n  copying skbio/io/format/tests/test_embl.py -> build/lib.linux-x86_64-3.7/skbio/io/format/tests\n  copying skbio/io/format/tests/test_emptyfile.py -> build/lib.linux-x86_64-3.7/skbio/io/format/tests\n  copying skbio/io/format/tests/test_newick.py -> build/lib.linux-x86_64-3.7/skbio/io/format/tests\n  copying skbio/io/format/tests/test_base.py -> build/lib.linux-x86_64-3.7/skbio/io/format/tests\n  creating build/lib.linux-x86_64-3.7/skbio/stats/ordination\n  copying skbio/stats/ordination/__init__.py -> build/lib.linux-x86_64-3.7/skbio/stats/ordination\n  copying skbio/stats/ordination/_ordination_results.py -> build/lib.linux-x86_64-3.7/skbio/stats/ordination\n  copying skbio/stats/ordination/_canonical_correspondence_analysis.py -> build/lib.linux-x86_64-3.7/skbio/stats/ordination\n  copying skbio/stats/ordination/_utils.py -> build/lib.linux-x86_64-3.7/skbio/stats/ordination\n  copying skbio/stats/ordination/_redundancy_analysis.py -> build/lib.linux-x86_64-3.7/skbio/stats/ordination\n  copying skbio/stats/ordination/_correspondence_analysis.py -> build/lib.linux-x86_64-3.7/skbio/stats/ordination\n  copying skbio/stats/ordination/_principal_coordinate_analysis.py -> build/lib.linux-x86_64-3.7/skbio/stats/ordination\n  creating build/lib.linux-x86_64-3.7/skbio/stats/tests\n  copying skbio/stats/tests/__init__.py -> build/lib.linux-x86_64-3.7/skbio/stats/tests\n  copying skbio/stats/tests/test_gradient.py -> build/lib.linux-x86_64-3.7/skbio/stats/tests\n  copying skbio/stats/tests/test_subsample.py -> build/lib.linux-x86_64-3.7/skbio/stats/tests\n  copying skbio/stats/tests/test_composition.py -> build/lib.linux-x86_64-3.7/skbio/stats/tests\n  copying skbio/stats/tests/test_power.py -> build/lib.linux-x86_64-3.7/skbio/stats/tests\n  copying skbio/stats/tests/test_misc.py -> build/lib.linux-x86_64-3.7/skbio/stats/tests\n  creating build/lib.linux-x86_64-3.7/skbio/stats/evolve\n  copying skbio/stats/evolve/__init__.py -> build/lib.linux-x86_64-3.7/skbio/stats/evolve\n  copying skbio/stats/evolve/_hommola.py -> build/lib.linux-x86_64-3.7/skbio/stats/evolve\n  creating build/lib.linux-x86_64-3.7/skbio/stats/distance\n  copying skbio/stats/distance/_mantel.py -> build/lib.linux-x86_64-3.7/skbio/stats/distance\n  copying skbio/stats/distance/__init__.py -> build/lib.linux-x86_64-3.7/skbio/stats/distance\n  copying skbio/stats/distance/_bioenv.py -> build/lib.linux-x86_64-3.7/skbio/stats/distance\n  copying skbio/stats/distance/_base.py -> build/lib.linux-x86_64-3.7/skbio/stats/distance\n  copying skbio/stats/distance/_anosim.py -> build/lib.linux-x86_64-3.7/skbio/stats/distance\n  copying skbio/stats/distance/_permdisp.py -> build/lib.linux-x86_64-3.7/skbio/stats/distance\n  copying skbio/stats/distance/_permanova.py -> build/lib.linux-x86_64-3.7/skbio/stats/distance\n  creating build/lib.linux-x86_64-3.7/skbio/stats/ordination/tests\n  copying skbio/stats/ordination/tests/test_correspondence_analysis.py -> build/lib.linux-x86_64-3.7/skbio/stats/ordination/tests\n  copying skbio/stats/ordination/tests/__init__.py -> build/lib.linux-x86_64-3.7/skbio/stats/ordination/tests\n  copying skbio/stats/ordination/tests/test_ordination_results.py -> build/lib.linux-x86_64-3.7/skbio/stats/ordination/tests\n  copying skbio/stats/ordination/tests/test_principal_coordinate_analysis.py -> build/lib.linux-x86_64-3.7/skbio/stats/ordination/tests\n  copying skbio/stats/ordination/tests/test_canonical_correspondence_analysis.py -> build/lib.linux-x86_64-3.7/skbio/stats/ordination/tests\n  copying skbio/stats/ordination/tests/test_redundancy_analysis.py -> build/lib.linux-x86_64-3.7/skbio/stats/ordination/tests\n  copying skbio/stats/ordination/tests/test_util.py -> build/lib.linux-x86_64-3.7/skbio/stats/ordination/tests\n  creating build/lib.linux-x86_64-3.7/skbio/stats/evolve/tests\n  copying skbio/stats/evolve/tests/__init__.py -> build/lib.linux-x86_64-3.7/skbio/stats/evolve/tests\n  copying skbio/stats/evolve/tests/test_hommola.py -> build/lib.linux-x86_64-3.7/skbio/stats/evolve/tests\n  creating build/lib.linux-x86_64-3.7/skbio/stats/distance/tests\n  copying skbio/stats/distance/tests/__init__.py -> build/lib.linux-x86_64-3.7/skbio/stats/distance/tests\n  copying skbio/stats/distance/tests/test_mantel.py -> build/lib.linux-x86_64-3.7/skbio/stats/distance/tests\n  copying skbio/stats/distance/tests/test_permanova.py -> build/lib.linux-x86_64-3.7/skbio/stats/distance/tests\n  copying skbio/stats/distance/tests/test_bioenv.py -> build/lib.linux-x86_64-3.7/skbio/stats/distance/tests\n  copying skbio/stats/distance/tests/test_permdisp.py -> build/lib.linux-x86_64-3.7/skbio/stats/distance/tests\n  copying skbio/stats/distance/tests/test_base.py -> build/lib.linux-x86_64-3.7/skbio/stats/distance/tests\n  copying skbio/stats/distance/tests/test_anosim.py -> build/lib.linux-x86_64-3.7/skbio/stats/distance/tests\n  creating build/lib.linux-x86_64-3.7/skbio/sequence/tests\n  copying skbio/sequence/tests/__init__.py -> build/lib.linux-x86_64-3.7/skbio/sequence/tests\n  copying skbio/sequence/tests/test_grammared_sequence.py -> build/lib.linux-x86_64-3.7/skbio/sequence/tests\n  copying skbio/sequence/tests/test_genetic_code.py -> build/lib.linux-x86_64-3.7/skbio/sequence/tests\n  copying skbio/sequence/tests/test_dna.py -> build/lib.linux-x86_64-3.7/skbio/sequence/tests\n  copying skbio/sequence/tests/test_rna.py -> build/lib.linux-x86_64-3.7/skbio/sequence/tests\n  copying skbio/sequence/tests/test_sequence.py -> build/lib.linux-x86_64-3.7/skbio/sequence/tests\n  copying skbio/sequence/tests/test_nucleotide_sequences.py -> build/lib.linux-x86_64-3.7/skbio/sequence/tests\n  copying skbio/sequence/tests/test_protein.py -> build/lib.linux-x86_64-3.7/skbio/sequence/tests\n  copying skbio/sequence/tests/test_distance.py -> build/lib.linux-x86_64-3.7/skbio/sequence/tests\n  creating build/lib.linux-x86_64-3.7/skbio/util/tests\n  copying skbio/util/tests/test_testing.py -> build/lib.linux-x86_64-3.7/skbio/util/tests\n  copying skbio/util/tests/__init__.py -> build/lib.linux-x86_64-3.7/skbio/util/tests\n  copying skbio/util/tests/test_decorator.py -> build/lib.linux-x86_64-3.7/skbio/util/tests\n  copying skbio/util/tests/test_misc.py -> build/lib.linux-x86_64-3.7/skbio/util/tests\n  creating build/lib.linux-x86_64-3.7/skbio/tree/tests\n  copying skbio/tree/tests/__init__.py -> build/lib.linux-x86_64-3.7/skbio/tree/tests\n  copying skbio/tree/tests/test_tree.py -> build/lib.linux-x86_64-3.7/skbio/tree/tests\n  copying skbio/tree/tests/test_nj.py -> build/lib.linux-x86_64-3.7/skbio/tree/tests\n  copying skbio/tree/tests/test_majority_rule.py -> build/lib.linux-x86_64-3.7/skbio/tree/tests\n  creating build/lib.linux-x86_64-3.7/skbio/alignment/_lib\n  copying skbio/alignment/_lib/__init__.py -> build/lib.linux-x86_64-3.7/skbio/alignment/_lib\n  creating build/lib.linux-x86_64-3.7/skbio/alignment/tests\n  copying skbio/alignment/tests/__init__.py -> build/lib.linux-x86_64-3.7/skbio/alignment/tests\n  copying skbio/alignment/tests/test_tabular_msa.py -> build/lib.linux-x86_64-3.7/skbio/alignment/tests\n  copying skbio/alignment/tests/test_ssw.py -> build/lib.linux-x86_64-3.7/skbio/alignment/tests\n  copying skbio/alignment/tests/test_pairwise.py -> build/lib.linux-x86_64-3.7/skbio/alignment/tests\n  creating build/lib.linux-x86_64-3.7/skbio/metadata/tests\n  copying skbio/metadata/tests/__init__.py -> build/lib.linux-x86_64-3.7/skbio/metadata/tests\n  copying skbio/metadata/tests/test_mixin.py -> build/lib.linux-x86_64-3.7/skbio/metadata/tests\n  copying skbio/metadata/tests/test_intersection.py -> build/lib.linux-x86_64-3.7/skbio/metadata/tests\n  copying skbio/metadata/tests/test_interval.py -> build/lib.linux-x86_64-3.7/skbio/metadata/tests\n  creating build/lib.linux-x86_64-3.7/skbio/diversity/beta\n  copying skbio/diversity/beta/__init__.py -> build/lib.linux-x86_64-3.7/skbio/diversity/beta\n  copying skbio/diversity/beta/_unifrac.py -> build/lib.linux-x86_64-3.7/skbio/diversity/beta\n  creating build/lib.linux-x86_64-3.7/skbio/diversity/tests\n  copying skbio/diversity/tests/__init__.py -> build/lib.linux-x86_64-3.7/skbio/diversity/tests\n  copying skbio/diversity/tests/test_driver.py -> build/lib.linux-x86_64-3.7/skbio/diversity/tests\n  copying skbio/diversity/tests/test_block.py -> build/lib.linux-x86_64-3.7/skbio/diversity/tests\n  copying skbio/diversity/tests/test_util.py -> build/lib.linux-x86_64-3.7/skbio/diversity/tests\n  creating build/lib.linux-x86_64-3.7/skbio/diversity/alpha\n  copying skbio/diversity/alpha/__init__.py -> build/lib.linux-x86_64-3.7/skbio/diversity/alpha\n  copying skbio/diversity/alpha/_base.py -> build/lib.linux-x86_64-3.7/skbio/diversity/alpha\n  copying skbio/diversity/alpha/_chao1.py -> build/lib.linux-x86_64-3.7/skbio/diversity/alpha\n  copying skbio/diversity/alpha/_gini.py -> build/lib.linux-x86_64-3.7/skbio/diversity/alpha\n  copying skbio/diversity/alpha/_ace.py -> build/lib.linux-x86_64-3.7/skbio/diversity/alpha\n  copying skbio/diversity/alpha/_faith_pd.py -> build/lib.linux-x86_64-3.7/skbio/diversity/alpha\n  copying skbio/diversity/alpha/_lladser.py -> build/lib.linux-x86_64-3.7/skbio/diversity/alpha\n  creating build/lib.linux-x86_64-3.7/skbio/diversity/beta/tests\n  copying skbio/diversity/beta/tests/__init__.py -> build/lib.linux-x86_64-3.7/skbio/diversity/beta/tests\n  copying skbio/diversity/beta/tests/test_unifrac.py -> build/lib.linux-x86_64-3.7/skbio/diversity/beta/tests\n  creating build/lib.linux-x86_64-3.7/skbio/diversity/alpha/tests\n  copying skbio/diversity/alpha/tests/__init__.py -> build/lib.linux-x86_64-3.7/skbio/diversity/alpha/tests\n  copying skbio/diversity/alpha/tests/test_chao1.py -> build/lib.linux-x86_64-3.7/skbio/diversity/alpha/tests\n  copying skbio/diversity/alpha/tests/test_faith_pd.py -> build/lib.linux-x86_64-3.7/skbio/diversity/alpha/tests\n  copying skbio/diversity/alpha/tests/test_ace.py -> build/lib.linux-x86_64-3.7/skbio/diversity/alpha/tests\n  copying skbio/diversity/alpha/tests/test_gini.py -> build/lib.linux-x86_64-3.7/skbio/diversity/alpha/tests\n  copying skbio/diversity/alpha/tests/test_lladser.py -> build/lib.linux-x86_64-3.7/skbio/diversity/alpha/tests\n  copying skbio/diversity/alpha/tests/test_base.py -> build/lib.linux-x86_64-3.7/skbio/diversity/alpha/tests\n  creating build/lib.linux-x86_64-3.7/skbio/io/tests/data\n  copying skbio/io/tests/data/real_file -> build/lib.linux-x86_64-3.7/skbio/io/tests/data\n  copying skbio/io/tests/data/big5_file -> build/lib.linux-x86_64-3.7/skbio/io/tests/data\n  copying skbio/io/tests/data/big5_file.bz2 -> build/lib.linux-x86_64-3.7/skbio/io/tests/data\n  copying skbio/io/tests/data/example_file.gz -> build/lib.linux-x86_64-3.7/skbio/io/tests/data\n  copying skbio/io/tests/data/example_file.bz2 -> build/lib.linux-x86_64-3.7/skbio/io/tests/data\n  copying skbio/io/tests/data/example_file -> build/lib.linux-x86_64-3.7/skbio/io/tests/data\n  copying skbio/io/tests/data/big5_file.gz -> build/lib.linux-x86_64-3.7/skbio/io/tests/data\n  copying skbio/io/tests/data/real_file_2 -> build/lib.linux-x86_64-3.7/skbio/io/tests/data\n  creating build/lib.linux-x86_64-3.7/skbio/io/format/tests/data\n  copying skbio/io/format/tests/data/phylip_single_seq_long -> build/lib.linux-x86_64-3.7/skbio/io/format/tests/data\n  copying skbio/io/format/tests/data/qual_single_dna_seq_non_defaults -> build/lib.linux-x86_64-3.7/skbio/io/format/tests/data\n  copying skbio/io/format/tests/data/fastq_invalid_blank_within_seq -> build/lib.linux-x86_64-3.7/skbio/io/format/tests/data\n  copying skbio/io/format/tests/data/fasta_tabular_msa_different_type -> build/lib.linux-x86_64-3.7/skbio/io/format/tests/data\n  copying skbio/io/format/tests/data/error_trunc_at_plus.fastq -> build/lib.linux-x86_64-3.7/skbio/io/format/tests/data\n  copying skbio/io/format/tests/data/stockholm_missing_reference_items -> build/lib.linux-x86_64-3.7/skbio/io/format/tests/data\n  copying skbio/io/format/tests/data/qual_invalid_missing_qual_scores_last -> build/lib.linux-x86_64-3.7/skbio/io/format/tests/data\n  copying skbio/io/format/tests/data/ordination_example2_scores -> build/lib.linux-x86_64-3.7/skbio/io/format/tests/data\n  copying skbio/io/format/tests/data/stockholm_missing_rn_tag -> build/lib.linux-x86_64-3.7/skbio/io/format/tests/data\n  copying skbio/io/format/tests/data/blast6_custom_mixed_nans -> build/lib.linux-x86_64-3.7/skbio/io/format/tests/data\n  copying skbio/io/format/tests/data/phylip_invalid_zero_seqs -> build/lib.linux-x86_64-3.7/skbio/io/format/tests/data\n  copying skbio/io/format/tests/data/qual_invalid_whitespace_line_in_seq -> build/lib.linux-x86_64-3.7/skbio/io/format/tests/data\n  copying skbio/io/format/tests/data/stockholm_malformed_data_line -> build/lib.linux-x86_64-3.7/skbio/io/format/tests/data\n  copying skbio/io/format/tests/data/fasta_invalid_blank_line_after_header -> build/lib.linux-x86_64-3.7/skbio/io/format/tests/data\n  copying skbio/io/format/tests/data/qual_ws_lines_end_of_file -> build/lib.linux-x86_64-3.7/skbio/io/format/tests/data\n  copying skbio/io/format/tests/data/error_qual_space.fastq -> build/lib.linux-x86_64-3.7/skbio/io/format/tests/data\n  copying skbio/io/format/tests/data/stockholm_multiple_msa -> build/lib.linux-x86_64-3.7/skbio/io/format/tests/data\n  copying skbio/io/format/tests/data/ordination_error21 -> build/lib.linux-x86_64-3.7/skbio/io/format/tests/data\n  copying skbio/io/format/tests/data/fasta_id_whitespace_replacement_none -> build/lib.linux-x86_64-3.7/skbio/io/format/tests/data\n  copying skbio/io/format/tests/data/fasta_ws_lines_end_of_file -> build/lib.linux-x86_64-3.7/skbio/io/format/tests/data\n  copying skbio/io/format/tests/data/fasta_invalid_whitespace_line_after_header -> build/lib.linux-x86_64-3.7/skbio/io/format/tests/data\n  copying skbio/io/format/tests/data/phylip_varied_whitespace_in_seqs -> build/lib.linux-x86_64-3.7/skbio/io/format/tests/data\n  copying skbio/io/format/tests/data/stockholm_rna -> build/lib.linux-x86_64-3.7/skbio/io/format/tests/data\n  copying skbio/io/format/tests/data/error_double_qual.fastq -> build/lib.linux-x86_64-3.7/skbio/io/format/tests/data\n  copying skbio/io/format/tests/data/qseq_invalid_filter -> build/lib.linux-x86_64-3.7/skbio/io/format/tests/data\n  copying skbio/io/format/tests/data/tsv_8_fields -> build/lib.linux-x86_64-3.7/skbio/io/format/tests/data\n  copying skbio/io/format/tests/data/solexa_full_range_original_solexa.fastq -> build/lib.linux-x86_64-3.7/skbio/io/format/tests/data\n  copying skbio/io/format/tests/data/qual_invalid_missing_qual_scores_middle -> build/lib.linux-x86_64-3.7/skbio/io/format/tests/data\n  copying skbio/io/format/tests/data/phylip_invalid_no_header -> build/lib.linux-x86_64-3.7/skbio/io/format/tests/data\n  copying skbio/io/format/tests/data/stockholm_missing_footer -> build/lib.linux-x86_64-3.7/skbio/io/format/tests/data\n  copying skbio/io/format/tests/data/ordination_exp_Ordination_RDA_site -> build/lib.linux-x86_64-3.7/skbio/io/format/tests/data\n  copying skbio/io/format/tests/data/qual_prot_seqs_odd_labels -> build/lib.linux-x86_64-3.7/skbio/io/format/tests/data\n  copying skbio/io/format/tests/data/embl_multi_records -> build/lib.linux-x86_64-3.7/skbio/io/format/tests/data\n  copying skbio/io/format/tests/data/blast6_invalid_type_in_column -> build/lib.linux-x86_64-3.7/skbio/io/format/tests/data\n  copying skbio/io/format/tests/data/stockholm_single_reference -> build/lib.linux-x86_64-3.7/skbio/io/format/tests/data\n  copying skbio/io/format/tests/data/qual_single_bio_seq_non_defaults -> build/lib.linux-x86_64-3.7/skbio/io/format/tests/data\n  copying skbio/io/format/tests/data/fastq_invalid_ws_line_after_header -> build/lib.linux-x86_64-3.7/skbio/io/format/tests/data\n  copying skbio/io/format/tests/data/phylip_two_chunks -> build/lib.linux-x86_64-3.7/skbio/io/format/tests/data\n  copying skbio/io/format/tests/data/fasta_3_seqs_defaults -> build/lib.linux-x86_64-3.7/skbio/io/format/tests/data\n  copying skbio/io/format/tests/data/phylip_single_seq_short -> build/lib.linux-x86_64-3.7/skbio/io/format/tests/data\n  copying skbio/io/format/tests/data/fasta_3_seqs_non_defaults -> build/lib.linux-x86_64-3.7/skbio/io/format/tests/data\n  copying skbio/io/format/tests/data/whitespace_only -> build/lib.linux-x86_64-3.7/skbio/io/format/tests/data\n  copying skbio/io/format/tests/data/qual_multi_seq -> build/lib.linux-x86_64-3.7/skbio/io/format/tests/data\n  copying skbio/io/format/tests/data/fasta_single_dna_seq_defaults -> build/lib.linux-x86_64-3.7/skbio/io/format/tests/data\n  copying skbio/io/format/tests/data/blast6_default_multi_line -> build/lib.linux-x86_64-3.7/skbio/io/format/tests/data\n  copying skbio/io/format/tests/data/legacy9_invalid_differing_fields -> build/lib.linux-x86_64-3.7/skbio/io/format/tests/data\n  copying skbio/io/format/tests/data/stockholm_runon_gs_with_whitespace -> build/lib.linux-x86_64-3.7/skbio/io/format/tests/data\n  copying skbio/io/format/tests/data/phylip_dna_3_seqs -> build/lib.linux-x86_64-3.7/skbio/io/format/tests/data\n  copying skbio/io/format/tests/data/fasta_description_newline_replacement_multi_char -> build/lib.linux-x86_64-3.7/skbio/io/format/tests/data\n  copying skbio/io/format/tests/data/ordination_error9 -> build/lib.linux-x86_64-3.7/skbio/io/format/tests/data\n  copying skbio/io/format/tests/data/fasta_invalid_after_10_seqs -> build/lib.linux-x86_64-3.7/skbio/io/format/tests/data\n  copying skbio/io/format/tests/data/blast7_custom_mixed_nans -> build/lib.linux-x86_64-3.7/skbio/io/format/tests/data\n  copying skbio/io/format/tests/data/qual_multi_seq_roundtrip -> build/lib.linux-x86_64-3.7/skbio/io/format/tests/data\n  copying skbio/io/format/tests/data/ordination_error12 -> build/lib.linux-x86_64-3.7/skbio/io/format/tests/data\n  copying skbio/io/format/tests/data/qual_6_blanks_start_of_file -> build/lib.linux-x86_64-3.7/skbio/io/format/tests/data\n  copying skbio/io/format/tests/data/fasta_ws_lines_between_records -> build/lib.linux-x86_64-3.7/skbio/io/format/tests/data\n  copying skbio/io/format/tests/data/blast7_custom_minimal -> build/lib.linux-x86_64-3.7/skbio/io/format/tests/data\n  copying skbio/io/format/tests/data/fasta_6_blanks_start_of_file -> build/lib.linux-x86_64-3.7/skbio/io/format/tests/data\n  copying skbio/io/format/tests/data/error_trunc_in_qual.fastq -> build/lib.linux-x86_64-3.7/skbio/io/format/tests/data\n  copying skbio/io/format/tests/data/qual_max_width_5 -> build/lib.linux-x86_64-3.7/skbio/io/format/tests/data\n  copying skbio/io/format/tests/data/phylip_invalid_seq_too_long -> build/lib.linux-x86_64-3.7/skbio/io/format/tests/data\n  copying skbio/io/format/tests/data/ordination_error2 -> build/lib.linux-x86_64-3.7/skbio/io/format/tests/data\n  copying skbio/io/format/tests/data/tsv_10_fields -> build/lib.linux-x86_64-3.7/skbio/io/format/tests/data\n  copying skbio/io/format/tests/data/longreads_original_sanger.fastq -> build/lib.linux-x86_64-3.7/skbio/io/format/tests/data\n  copying skbio/io/format/tests/data/fastq_wrapping_as_sanger_no_description -> build/lib.linux-x86_64-3.7/skbio/io/format/tests/data\n  copying skbio/io/format/tests/data/sanger_full_range_as_sanger.fastq -> build/lib.linux-x86_64-3.7/skbio/io/format/tests/data\n  copying skbio/io/format/tests/data/error_trunc_in_plus.fastq -> build/lib.linux-x86_64-3.7/skbio/io/format/tests/data\n  copying skbio/io/format/tests/data/fasta_blank_lines_between_records -> build/lib.linux-x86_64-3.7/skbio/io/format/tests/data\n  copying skbio/io/format/tests/data/fasta_invalid_missing_header -> build/lib.linux-x86_64-3.7/skbio/io/format/tests/data\n  copying skbio/io/format/tests/data/fasta_single_dna_seq_non_defaults -> build/lib.linux-x86_64-3.7/skbio/io/format/tests/data\n  copying skbio/io/format/tests/data/misc_dna_as_sanger.fastq -> build/lib.linux-x86_64-3.7/skbio/io/format/tests/data\n  copying skbio/io/format/tests/data/stockholm_multi_line_tree_no_id -> build/lib.linux-x86_64-3.7/skbio/io/format/tests/data\n  copying skbio/io/format/tests/data/fasta_invalid_blank_line_within_sequence -> build/lib.linux-x86_64-3.7/skbio/io/format/tests/data\n  copying skbio/io/format/tests/data/fastq_invalid_blank_within_qual -> build/lib.linux-x86_64-3.7/skbio/io/format/tests/data\n  copying skbio/io/format/tests/data/phylip_invalid_empty_line_between_seqs -> build/lib.linux-x86_64-3.7/skbio/io/format/tests/data\n  copying skbio/io/format/tests/data/genbank_6_blanks_start_of_file -> build/lib.linux-x86_64-3.7/skbio/io/format/tests/data\n  copying skbio/io/format/tests/data/blast7_default_single_line -> build/lib.linux-x86_64-3.7/skbio/io/format/tests/data\n  copying skbio/io/format/tests/data/phylip_whitespace_in_header_3 -> build/lib.linux-x86_64-3.7/skbio/io/format/tests/data\n  copying skbio/io/format/tests/data/fasta_10_seqs -> build/lib.linux-x86_64-3.7/skbio/io/format/tests/data\n  copying skbio/io/format/tests/data/fastq_blank_lines -> build/lib.linux-x86_64-3.7/skbio/io/format/tests/data\n  copying skbio/io/format/tests/data/genbank_single_record_upper -> build/lib.linux-x86_64-3.7/skbio/io/format/tests/data\n  copying skbio/io/format/tests/data/ordination_error17 -> build/lib.linux-x86_64-3.7/skbio/io/format/tests/data\n  copying skbio/io/format/tests/data/qseq_invalid_read -> build/lib.linux-x86_64-3.7/skbio/io/format/tests/data\n  copying skbio/io/format/tests/data/qual_6_ws_lines_start_of_file -> build/lib.linux-x86_64-3.7/skbio/io/format/tests/data\n  copying skbio/io/format/tests/data/longreads_as_sanger.fastq -> build/lib.linux-x86_64-3.7/skbio/io/format/tests/data\n  copying skbio/io/format/tests/data/sanger_full_range_as_illumina.fastq -> build/lib.linux-x86_64-3.7/skbio/io/format/tests/data\n  copying skbio/io/format/tests/data/genbank_5_blanks_start_of_file -> build/lib.linux-x86_64-3.7/skbio/io/format/tests/data\n  copying skbio/io/format/tests/data/fasta_invalid_legacy_format -> build/lib.linux-x86_64-3.7/skbio/io/format/tests/data\n  copying skbio/io/format/tests/data/qual_ws_lines_between_records -> build/lib.linux-x86_64-3.7/skbio/io/format/tests/data\n  copying skbio/io/format/tests/data/stockholm_whitespace_only_lines -> build/lib.linux-x86_64-3.7/skbio/io/format/tests/data\n  copying skbio/io/format/tests/data/fastq_5_ws_lines_start_of_file -> build/lib.linux-x86_64-3.7/skbio/io/format/tests/data\n  copying skbio/io/format/tests/data/embl_single_record_lower -> build/lib.linux-x86_64-3.7/skbio/io/format/tests/data\n  copying skbio/io/format/tests/data/stockholm_runon_gf_with_whitespace -> build/lib.linux-x86_64-3.7/skbio/io/format/tests/data\n  copying skbio/io/format/tests/data/ordination_error3 -> build/lib.linux-x86_64-3.7/skbio/io/format/tests/data\n  copying skbio/io/format/tests/data/qual_single_rna_seq_non_defaults -> build/lib.linux-x86_64-3.7/skbio/io/format/tests/data\n  copying skbio/io/format/tests/data/fasta_invalid_missing_seq_data_first -> build/lib.linux-x86_64-3.7/skbio/io/format/tests/data\n  copying skbio/io/format/tests/data/stockholm_invalid_data_type -> build/lib.linux-x86_64-3.7/skbio/io/format/tests/data\n  copying skbio/io/format/tests/data/stockholm_minimal -> build/lib.linux-x86_64-3.7/skbio/io/format/tests/data\n  copying skbio/io/format/tests/data/error_long_qual.fastq -> build/lib.linux-x86_64-3.7/skbio/io/format/tests/data\n  copying skbio/io/format/tests/data/ordination_error4 -> build/lib.linux-x86_64-3.7/skbio/io/format/tests/data\n  copying skbio/io/format/tests/data/fastq_invalid_blank_in_seq_at_symbol -> build/lib.linux-x86_64-3.7/skbio/io/format/tests/data\n  copying skbio/io/format/tests/data/fastq_writer_illumina1.3_defaults -> build/lib.linux-x86_64-3.7/skbio/i\u001b[0m\u001b[91mo/format/tests/data\n  copying skbio/io/format/tests/data/fastq_invalid_blank_after_header -> build/lib.linux-x86_64-3.7/skbio/io/format/tests/data\n  copying skbio/io/format/tests/data/phylip_invalid_too_few_seqs -> build/lib.linux-x86_64-3.7/skbio/io/format/tests/data\n  copying skbio/io/format/tests/data/stockholm_malformed_gs_line -> build/lib.linux-x86_64-3.7/skbio/io/format/tests/data\n  copying skbio/io/format/tests/data/qual_invalid_qual_scores_over_255 -> build/lib.linux-x86_64-3.7/skbio/io/format/tests/data\n  copying skbio/io/format/tests/data/fasta_id_whitespace_replacement_multi_char -> build/lib.linux-x86_64-3.7/skbio/io/format/tests/data\n  copying skbio/io/format/tests/data/ordination_exp_Ordination_CCA_site -> build/lib.linux-x86_64-3.7/skbio/io/format/tests/data\n  copying skbio/io/format/tests/data/phylip_invalid_too_many_seqs -> build/lib.linux-x86_64-3.7/skbio/io/format/tests/data\n  copying skbio/io/format/tests/data/blast7_invalid_differing_fields -> build/lib.linux-x86_64-3.7/skbio/io/format/tests/data\n  copying skbio/io/format/tests/data/blast7_custom_single_line -> build/lib.linux-x86_64-3.7/skbio/io/format/tests/data\n  copying skbio/io/format/tests/data/stockholm_extensive_mixed -> build/lib.linux-x86_64-3.7/skbio/io/format/tests/data\n  copying skbio/io/format/tests/data/qual_5_blanks_start_of_file -> build/lib.linux-x86_64-3.7/skbio/io/format/tests/data\n  copying skbio/io/format/tests/data/ordination_PCoA_sample_data_3_scores -> build/lib.linux-x86_64-3.7/skbio/io/format/tests/data\n  copying skbio/io/format/tests/data/qual_description_newline_replacement_empty_str -> build/lib.linux-x86_64-3.7/skbio/io/format/tests/data\n  copying skbio/io/format/tests/data/stockholm_extensive -> build/lib.linux-x86_64-3.7/skbio/io/format/tests/data\n  copying skbio/io/format/tests/data/qseq_multi_seq_illumina1.3 -> build/lib.linux-x86_64-3.7/skbio/io/format/tests/data\n  copying skbio/io/format/tests/data/ordination_error10 -> build/lib.linux-x86_64-3.7/skbio/io/format/tests/data\n  copying skbio/io/format/tests/data/gff3_single_record -> build/lib.linux-x86_64-3.7/skbio/io/format/tests/data\n  copying skbio/io/format/tests/data/qual_3_seqs_defaults -> build/lib.linux-x86_64-3.7/skbio/io/format/tests/data\n  copying skbio/io/format/tests/data/illumina_full_range_as_illumina.fastq -> build/lib.linux-x86_64-3.7/skbio/io/format/tests/data\n  copying skbio/io/format/tests/data/stockholm_malformed_gf_line -> build/lib.linux-x86_64-3.7/skbio/io/format/tests/data\n  copying skbio/io/format/tests/data/fasta_5_ws_lines_start_of_file -> build/lib.linux-x86_64-3.7/skbio/io/format/tests/data\n  copying skbio/io/format/tests/data/fastq_multi_blank_end_of_file -> build/lib.linux-x86_64-3.7/skbio/io/format/tests/data\n  copying skbio/io/format/tests/data/phylip_invalid_seq_too_short -> build/lib.linux-x86_64-3.7/skbio/io/format/tests/data\n  copying skbio/io/format/tests/data/qual_blank_lines_between_records -> build/lib.linux-x86_64-3.7/skbio/io/format/tests/data\n  copying skbio/io/format/tests/data/blast7_invalid_unrecognized_field -> build/lib.linux-x86_64-3.7/skbio/io/format/tests/data\n  copying skbio/io/format/tests/data/stockholm_multiple_multi_line_trees -> build/lib.linux-x86_64-3.7/skbio/io/format/tests/data\n  copying skbio/io/format/tests/data/error_no_qual.fastq -> build/lib.linux-x86_64-3.7/skbio/io/format/tests/data\n  copying skbio/io/format/tests/data/embl_single_record_upper -> build/lib.linux-x86_64-3.7/skbio/io/format/tests/data\n  copying skbio/io/format/tests/data/genbank_single_record_lower -> build/lib.linux-x86_64-3.7/skbio/io/format/tests/data\n  copying skbio/io/format/tests/data/qseq_invalid_lane -> build/lib.linux-x86_64-3.7/skbio/io/format/tests/data\n  copying skbio/io/format/tests/data/blast7_custom_multi_line -> build/lib.linux-x86_64-3.7/skbio/io/format/tests/data\n  copying skbio/io/format/tests/data/fastq_writer_sanger_defaults -> build/lib.linux-x86_64-3.7/skbio/io/format/tests/data\n  copying skbio/io/format/tests/data/qual_3_seqs_defaults_desc_mismatch -> build/lib.linux-x86_64-3.7/skbio/io/format/tests/data\n  copying skbio/io/format/tests/data/stockholm_missing_header -> build/lib.linux-x86_64-3.7/skbio/io/format/tests/data\n  copying skbio/io/format/tests/data/ordination_error23 -> build/lib.linux-x86_64-3.7/skbio/io/format/tests/data\n  copying skbio/io/format/tests/data/legacy9_and_blast7_default -> build/lib.linux-x86_64-3.7/skbio/io/format/tests/data\n  copying skbio/io/format/tests/data/blast6_custom_single_line -> build/lib.linux-x86_64-3.7/skbio/io/format/tests/data\n  copying skbio/io/format/tests/data/qual_invalid_blank_sequence -> build/lib.linux-x86_64-3.7/skbio/io/format/tests/data\n  copying skbio/io/format/tests/data/phylip_variable_length_ids -> build/lib.linux-x86_64-3.7/skbio/io/format/tests/data\n  copying skbio/io/format/tests/data/fastq_multi_ws_lines_end_of_file -> build/lib.linux-x86_64-3.7/skbio/io/format/tests/data\n  copying skbio/io/format/tests/data/fasta_invalid_missing_seq_data_middle -> build/lib.linux-x86_64-3.7/skbio/io/format/tests/data\n  copying skbio/io/format/tests/data/qual_invalid_whitespace_only_sequence -> build/lib.linux-x86_64-3.7/skbio/io/format/tests/data\n  copying skbio/io/format/tests/data/fasta_single_bio_seq_non_defaults -> build/lib.linux-x86_64-3.7/skbio/io/format/tests/data\n  copying skbio/io/format/tests/data/error_diff_ids.fastq -> build/lib.linux-x86_64-3.7/skbio/io/format/tests/data\n  copying skbio/io/format/tests/data/stockholm_malformed_gr_line -> build/lib.linux-x86_64-3.7/skbio/io/format/tests/data\n  copying skbio/io/format/tests/data/misc_dna_original_sanger.fastq -> build/lib.linux-x86_64-3.7/skbio/io/format/tests/data\n  copying skbio/io/format/tests/data/ordination_exp_Ordination_RDA_species -> build/lib.linux-x86_64-3.7/skbio/io/format/tests/data\n  copying skbio/io/format/tests/data/fastq_multi_blank_start_of_file -> build/lib.linux-x86_64-3.7/skbio/io/format/tests/data\n  copying skbio/io/format/tests/data/stockholm_metadata_only -> build/lib.linux-x86_64-3.7/skbio/io/format/tests/data\n  copying skbio/io/format/tests/data/qual_single_prot_seq_non_defaults -> build/lib.linux-x86_64-3.7/skbio/io/format/tests/data\n  copying skbio/io/format/tests/data/ordination_error8 -> build/lib.linux-x86_64-3.7/skbio/io/format/tests/data\n  copying skbio/io/format/tests/data/misc_rna_original_sanger.fastq -> build/lib.linux-x86_64-3.7/skbio/io/format/tests/data\n  copying skbio/io/format/tests/data/qseq_invalid_x -> build/lib.linux-x86_64-3.7/skbio/io/format/tests/data\n  copying skbio/io/format/tests/data/fasta_invalid_whitespace_only_sequence -> build/lib.linux-x86_64-3.7/skbio/io/format/tests/data\n  copying skbio/io/format/tests/data/phylip_whitespace_in_header_2 -> build/lib.linux-x86_64-3.7/skbio/io/format/tests/data\n  copying skbio/io/format/tests/data/error_qual_unit_sep.fastq -> build/lib.linux-x86_64-3.7/skbio/io/format/tests/data\n  copying skbio/io/format/tests/data/qual_id_whitespace_replacement_empty_str -> build/lib.linux-x86_64-3.7/skbio/io/format/tests/data\n  copying skbio/io/format/tests/data/fastq_invalid_blank_after_seq -> build/lib.linux-x86_64-3.7/skbio/io/format/tests/data\n  copying skbio/io/format/tests/data/empty -> build/lib.linux-x86_64-3.7/skbio/io/format/tests/data\n  copying skbio/io/format/tests/data/blast6_custom_multi_line -> build/lib.linux-x86_64-3.7/skbio/io/format/tests/data\n  copying skbio/io/format/tests/data/ordination_error16 -> build/lib.linux-x86_64-3.7/skbio/io/format/tests/data\n  copying skbio/io/format/tests/data/stockholm_duplicate_gr -> build/lib.linux-x86_64-3.7/skbio/io/format/tests/data\n  copying skbio/io/format/tests/data/stockholm_runon_references -> build/lib.linux-x86_64-3.7/skbio/io/format/tests/data\n  copying skbio/io/format/tests/data/ordination_error11 -> build/lib.linux-x86_64-3.7/skbio/io/format/tests/data\n  copying skbio/io/format/tests/data/fastq_whitespace_only_lines -> build/lib.linux-x86_64-3.7/skbio/io/format/tests/data\n  copying skbio/io/format/tests/data/qual_5_ws_lines_start_of_file -> build/lib.linux-x86_64-3.7/skbio/io/format/tests/data\n  copying skbio/io/format/tests/data/blast7_invalid_no_data -> build/lib.linux-x86_64-3.7/skbio/io/format/tests/data\n  copying skbio/io/format/tests/data/fasta_single_rna_seq_defaults -> build/lib.linux-x86_64-3.7/skbio/io/format/tests/data\n  copying skbio/io/format/tests/data/ordination_error13 -> build/lib.linux-x86_64-3.7/skbio/io/format/tests/data\n  copying skbio/io/format/tests/data/fastq_multi_blank_between_records -> build/lib.linux-x86_64-3.7/skbio/io/format/tests/data\n  copying skbio/io/format/tests/data/qual_invalid_missing_header -> build/lib.linux-x86_64-3.7/skbio/io/format/tests/data\n  copying skbio/io/format/tests/data/stockholm_runon_gs_no_whitespace -> build/lib.linux-x86_64-3.7/skbio/io/format/tests/data\n  copying skbio/io/format/tests/data/embl_feature_level_record -> build/lib.linux-x86_64-3.7/skbio/io/format/tests/data\n  copying skbio/io/format/tests/data/error_tabs.fastq -> build/lib.linux-x86_64-3.7/skbio/io/format/tests/data\n  copying skbio/io/format/tests/data/blast7_invalid_for_sniffer -> build/lib.linux-x86_64-3.7/skbio/io/format/tests/data\n  copying skbio/io/format/tests/data/stockholm_no_data -> build/lib.linux-x86_64-3.7/skbio/io/format/tests/data\n  copying skbio/io/format/tests/data/stockholm_single_tree_with_id -> build/lib.linux-x86_64-3.7/skbio/io/format/tests/data\n  copying skbio/io/format/tests/data/fastq_invalid_missing_seq_data -> build/lib.linux-x86_64-3.7/skbio/io/format/tests/data\n  copying skbio/io/format/tests/data/blast7_default_multi_line -> build/lib.linux-x86_64-3.7/skbio/io/format/tests/data\n  copying skbio/io/format/tests/data/ordination_error5 -> build/lib.linux-x86_64-3.7/skbio/io/format/tests/data\n  copying skbio/io/format/tests/data/stockholm_single_tree_without_id -> build/lib.linux-x86_64-3.7/skbio/io/format/tests/data\n  copying skbio/io/format/tests/data/illumina_full_range_as_sanger.fastq -> build/lib.linux-x86_64-3.7/skbio/io/format/tests/data\n  copying skbio/io/format/tests/data/qual_id_whitespace_replacement_multi_char -> build/lib.linux-x86_64-3.7/skbio/io/format/tests/data\n  copying skbio/io/format/tests/data/stockholm_duplicate_tree_ids -> build/lib.linux-x86_64-3.7/skbio/io/format/tests/data\n  copying skbio/io/format/tests/data/fasta_invalid_blank_sequence -> build/lib.linux-x86_64-3.7/skbio/io/format/tests/data\n  copying skbio/io/format/tests/data/qual_3_seqs_non_defaults -> build/lib.linux-x86_64-3.7/skbio/io/format/tests/data\n  copying skbio/io/format/tests/data/fastq_invalid_ws_line_within_qual -> build/lib.linux-x86_64-3.7/skbio/io/format/tests/data\n  copying skbio/io/format/tests/data/fasta_id_whitespace_replacement_empty_str -> build/lib.linux-x86_64-3.7/skbio/io/format/tests/data\n  copying skbio/io/format/tests/data/fastq_single_seq_illumina1.3 -> build/lib.linux-x86_64-3.7/skbio/io/format/tests/data\n  copying skbio/io/format/tests/data/ordination_error18 -> build/lib.linux-x86_64-3.7/skbio/io/format/tests/data\n  copying skbio/io/format/tests/data/qual_invalid_legacy_format -> build/lib.linux-x86_64-3.7/skbio/io/format/tests/data\n  copying skbio/io/format/tests/data/wrapping_as_sanger.fastq -> build/lib.linux-x86_64-3.7/skbio/io/format/tests/data\n  copying skbio/io/format/tests/data/fasta_invalid_whitespace_only_line_within_sequence -> build/lib.linux-x86_64-3.7/skbio/io/format/tests/data\n  copying skbio/io/format/tests/data/fastq_single_seq_illumina1.8 -> build/lib.linux-x86_64-3.7/skbio/io/format/tests/data\n  copying skbio/io/format/tests/data/ordination_exp_Ordination_CCA_site_constraints -> build/lib.linux-x86_64-3.7/skbio/io/format/tests/data\n  copying skbio/io/format/tests/data/fasta_5_blanks_start_of_file -> build/lib.linux-x86_64-3.7/skbio/io/format/tests/data\n  copying skbio/io/format/tests/data/stockholm_duplicate_gc -> build/lib.linux-x86_64-3.7/skbio/io/format/tests/data\n  copying skbio/io/format/tests/data/ordination_error15 -> build/lib.linux-x86_64-3.7/skbio/io/format/tests/data\n  copying skbio/io/format/tests/data/embl_single_record_simple -> build/lib.linux-x86_64-3.7/skbio/io/format/tests/data\n  copying skbio/io/format/tests/data/fasta_invalid_missing_seq_data_last -> build/lib.linux-x86_64-3.7/skbio/io/format/tests/data\n  copying skbio/io/format/tests/data/embl_uniprot_record -> build/lib.linux-x86_64-3.7/skbio/io/format/tests/data\n  copying skbio/io/format/tests/data/error_double_seq.fastq -> build/lib.linux-x86_64-3.7/skbio/io/format/tests/data\n  copying skbio/io/format/tests/data/wrapping_as_illumina.fastq -> build/lib.linux-x86_64-3.7/skbio/io/format/tests/data\n  copying skbio/io/format/tests/data/error_qual_vtab.fastq -> build/lib.linux-x86_64-3.7/skbio/io/format/tests/data\n  copying skbio/io/format/tests/data/embl_w_beginning_whitespace -> build/lib.linux-x86_64-3.7/skbio/io/format/tests/data\n  copying skbio/io/format/tests/data/stockholm_multi_line_tree_with_id -> build/lib.linux-x86_64-3.7/skbio/io/format/tests/data\n  copying skbio/io/format/tests/data/qual_max_width_1 -> build/lib.linux-x86_64-3.7/skbio/io/format/tests/data\n  copying skbio/io/format/tests/data/fasta_single_prot_seq_defaults -> build/lib.linux-x86_64-3.7/skbio/io/format/tests/data\n  copying skbio/io/format/tests/data/ordination_exp_Ordination_CCA_species -> build/lib.linux-x86_64-3.7/skbio/io/format/tests/data\n  copying skbio/io/format/tests/data/fastq_invalid_ws_line_within_seq -> build/lib.linux-x86_64-3.7/skbio/io/format/tests/data\n  copying skbio/io/format/tests/data/blast6_default_single_line -> build/lib.linux-x86_64-3.7/skbio/io/format/tests/data\n  copying skbio/io/format/tests/data/stockholm_blank_lines -> build/lib.linux-x86_64-3.7/skbio/io/format/tests/data\n  copying skbio/io/format/tests/data/stockholm_two_of_each_metadata -> build/lib.linux-x86_64-3.7/skbio/io/format/tests/data\n  copying skbio/io/format/tests/data/fastq_invalid_blank_after_plus -> build/lib.linux-x86_64-3.7/skbio/io/format/tests/data\n  copying skbio/io/format/tests/data/error_trunc_at_seq.fastq -> build/lib.linux-x86_64-3.7/skbio/io/format/tests/data\n  copying skbio/io/format/tests/data/misc_rna_as_sanger.fastq -> build/lib.linux-x86_64-3.7/skbio/io/format/tests/data\n  copying skbio/io/format/tests/data/gff3_bad_wrong_columns -> build/lib.linux-x86_64-3.7/skbio/io/format/tests/data\n  copying skbio/io/format/tests/data/qual_invalid_qual_scores_negative -> build/lib.linux-x86_64-3.7/skbio/io/format/tests/data\n  copying skbio/io/format/tests/data/stockholm_runon_gf_no_whitespace -> build/lib.linux-x86_64-3.7/skbio/io/format/tests/data\n  copying skbio/io/format/tests/data/fasta_6_ws_lines_start_of_file -> build/lib.linux-x86_64-3.7/skbio/io/format/tests/data\n  copying skbio/io/format/tests/data/embl_feature_level_record_no_FT -> build/lib.linux-x86_64-3.7/skbio/io/format/tests/data\n  copying skbio/io/format/tests/data/fasta_max_width_5 -> build/lib.linux-x86_64-3.7/skbio/io/format/tests/data\n  copying skbio/io/format/tests/data/qual_id_whitespace_replacement_none -> build/lib.linux-x86_64-3.7/skbio/io/format/tests/data\n  copying skbio/io/format/tests/data/stockholm_data_only -> build/lib.linux-x86_64-3.7/skbio/io/format/tests/data\n  copying skbio/io/format/tests/data/fasta_single_seq -> build/lib.linux-x86_64-3.7/skbio/io/format/tests/data\n  copying skbio/io/format/tests/data/stockholm_different_padding -> build/lib.linux-x86_64-3.7/skbio/io/format/tests/data\n  copying skbio/io/format/tests/data/phylip_invalid_header_too_short -> build/lib.linux-x86_64-3.7/skbio/io/format/tests/data\n  copying skbio/io/format/tests/data/ordination_exp_Ordination_RDA_site_constraints -> build/lib.linux-x86_64-3.7/skbio/io/format/tests/data\n  copying skbio/io/format/tests/data/genbank_multi_records -> build/lib.linux-x86_64-3.7/skbio/io/format/tests/data\n  copying skbio/io/format/tests/data/error_spaces.fastq -> build/lib.linux-x86_64-3.7/skbio/io/format/tests/data\n  copying skbio/io/format/tests/data/gff3_dna -> build/lib.linux-x86_64-3.7/skbio/io/format/tests/data\n  copying skbio/io/format/tests/data/qual_3_seqs_defaults_length_mismatch -> build/lib.linux-x86_64-3.7/skbio/io/format/tests/data\n  copying skbio/io/format/tests/data/misc_rna_as_illumina.fastq -> build/lib.linux-x86_64-3.7/skbio/io/format/tests/data\n  copying skbio/io/format/tests/data/illumina_full_range_original_illumina.fastq -> build/lib.linux-x86_64-3.7/skbio/io/format/tests/data\n  copying skbio/io/format/tests/data/qual_tabular_msa_different_type -> build/lib.linux-x86_64-3.7/skbio/io/format/tests/data\n  copying skbio/io/format/tests/data/legacy9_single_line -> build/lib.linux-x86_64-3.7/skbio/io/format/tests/data\n  copying skbio/io/format/tests/data/ordination_error6 -> build/lib.linux-x86_64-3.7/skbio/io/format/tests/data\n  copying skbio/io/format/tests/data/qual_invalid_qual_scores_float -> build/lib.linux-x86_64-3.7/skbio/io/format/tests/data\n  copying skbio/io/format/tests/data/qual_2_seqs_defaults -> build/lib.linux-x86_64-3.7/skbio/io/format/tests/data\n  copying skbio/io/format/tests/data/blast6_invalid_column_types -> build/lib.linux-x86_64-3.7/skbio/io/format/tests/data\n  copying skbio/io/format/tests/data/stockholm_differing_gc_data_length -> build/lib.linux-x86_64-3.7/skbio/io/format/tests/data\n  copying skbio/io/format/tests/data/blast7_invalid_too_many_columns -> build/lib.linux-x86_64-3.7/skbio/io/format/tests/data\n  copying skbio/io/format/tests/data/blast6_custom_minimal -> build/lib.linux-x86_64-3.7/skbio/io/format/tests/data\n  copying skbio/io/format/tests/data/genbank_w_beginning_whitespace -> build/lib.linux-x86_64-3.7/skbio/io/format/tests/data\n  copying skbio/io/format/tests/data/qual_3_seqs_defaults_id_mismatch -> build/lib.linux-x86_64-3.7/skbio/io/format/tests/data\n  copying skbio/io/format/tests/data/sanger_full_range_original_sanger.fastq -> build/lib.linux-x86_64-3.7/skbio/io/format/tests/data\n  copying skbio/io/format/tests/data/fasta_max_width_1 -> build/lib.linux-x86_64-3.7/skbio/io/format/tests/data\n  copying skbio/io/format/tests/data/qseq_invalid_y -> build/lib.linux-x86_64-3.7/skbio/io/format/tests/data\n  copying skbio/io/format/tests/data/fastq_multi_ws_lines_start_of_file -> build/lib.linux-x86_64-3.7/skbio/io/format/tests/data\n  copying skbio/io/format/tests/data/fastq_invalid_missing_header -> build/lib.linux-x86_64-3.7/skbio/io/format/tests/data\n  copying skbio/io/format/tests/data/ordination_error1 -> build/lib.linux-x86_64-3.7/skbio/io/format/tests/data\n  copying skbio/io/format/tests/data/stockholm_differing_seq_lengths -> build/lib.linux-x86_64-3.7/skbio/io/format/tests/data\n  copying skbio/io/format/tests/data/qual_invalid_ws_line_after_header -> build/lib.linux-x86_64-3.7/skbio/io/format/tests/data\n  copying skbio/io/format/tests/data/ordination_error14 -> build/lib.linux-x86_64-3.7/skbio/io/format/tests/data\n  copying skbio/io/format/tests/data/phylip_invalid_zero_seq_len -> build/lib.linux-x86_64-3.7/skbio/io/format/tests/data\n  copying skbio/io/format/tests/data/error_trunc_in_seq.fastq -> build/lib.linux-x86_64-3.7/skbio/io/format/tests/data\n  copying skbio/io/format/tests/data/stockholm_invalid_nonexistent_gr -> build/lib.linux-x86_64-3.7/skbio/io/format/tests/data\n  copying skbio/io/format/tests/data/ordination_error19 -> build/lib.linux-x86_64-3.7/skbio/io/format/tests/data\n  copying skbio/io/format/tests/data/fasta_mixed_qual_scores -> build/lib.linux-x86_64-3.7/skbio/io/format/tests/data\n  copying skbio/io/format/tests/data/stockholm_runon_references_mixed -> build/lib.linux-x86_64-3.7/skbio/io/format/tests/data\n  copying skbio/io/format/tests/data/error_qual_tab.fastq -> build/lib.linux-x86_64-3.7/skbio/io/format/tests/data\n  copying skbio/io/format/tests/data/qual_invalid_qual_scores_string -> build/lib.linux-x86_64-3.7/skbio/io/format/tests/data\n  copying skbio/io/format/tests/data/stockholm_all_data_types -> build/lib.linux-x86_64-3.7/skbio/io/format/tests/data\n  copying skbio/io/format/tests/data/fasta_blanks_end_of_file -> build/lib.linux-x86_64-3.7/skbio/io/format/tests/data\n  copying skbio/io/format/tests/data/ordination_example3_scores -> build/lib.linux-x86_64-3.7/skbio/io/format/tests/data\n  copying skbio/io/format/tests/data/stockholm_multiple_references -> build/lib.linux-x86_64-3.7/skbio/io/format/tests/data\n  copying skbio/io/format/tests/data/stockholm_malformed_gc_line -> build/lib.linux-x86_64-3.7/skbio/io/format/tests/data\n  copying skbio/io/format/tests/data/genbank_single_record -> build/lib.linux-x86_64-3.7/skbio/io/format/tests/data\n  copying skbio/io/format/tests/data/stockholm_duplicate_sequence_names -> build/lib.linux-x86_64-3.7/skbio/io/format/tests/data\n  copying skbio/io/format/tests/data/ordination_error24 -> build/lib.linux-x86_64-3.7/skbio/io/format/tests/data\n  copying skbio/io/format/tests/data/stockholm_nonstring_labels -> build/lib.linux-x86_64-3.7/skbio/io/format/tests/data\n  copying skbio/io/format/tests/data/stockholm_invalid_nonexistent_gs -> build/lib.linux-x86_64-3.7/skbio/io/format/tests/data\n  copying skbio/io/format/tests/data/ordination_error7 -> build/lib.linux-x86_64-3.7/skbio/io/format/tests/data\n  copying skbio/io/format/tests/data/fasta_prot_seqs_odd_labels -> build/lib.linux-x86_64-3.7/skbio/io/format/tests/data\n  copying skbio/io/format/tests/data/fastq_invalid_ws_line_after_plus -> build/lib.linux-x86_64-3.7/skbio/io/format/tests/data\n  copying skbio/io/format/tests/data/wrapping_original_sanger.fastq -> build/lib.linux-x86_64-3.7/skbio/io/format/tests/data\n  copying skbio/io/format/tests/data/ordination_L&L_CA_data_scores -> build/lib.linux-x86_64-3.7/skbio/io/format/tests/data\n  copying skbio/io/format/tests/data/fastq_multi_ws_lines_between_records -> build/lib.linux-x86_64-3.7/skbio/io/format/tests/data\n  copying skbio/io/format/tests/data/error_qual_del.fastq -> build/lib.linux-x86_64-3.7/skbio/io/format/tests/data\n  copying skbio/io/format/tests/data/error_trunc_at_qual.fastq -> build/lib.linux-x86_64-3.7/skbio/io/format/tests/data\n  copying skbio/io/format/tests/data/error_trunc_in_title.fastq -> build/lib.linux-x86_64-3.7/skbio/io/format/tests/data\n  copying skbio/io/format/tests/data/fasta_single_bio_seq_defaults -> build/lib.linux-x86_64-3.7/skbio/io/format/tests/data\n  copying skbio/io/format/tests/data/fastq_writer_sanger_non_defaults -> build/lib.linux-x86_64-3.7/skbio/io/format/tests/data\n  copying skbio/io/format/tests/data/fastq_5_blanks_start_of_file -> build/lib.linux-x86_64-3.7/skbio/io/format/tests/data\n  copying skbio/io/format/tests/data/ordination_error22 -> build/lib.linux-x86_64-3.7/skbio/io/format/tests/data\n  copying skbio/io/format/tests/data/stockholm_multiple_trees -> build/lib.linux-x86_64-3.7/skbio/io/format/tests/data\n  copying skbio/io/format/tests/data/ordination_error20 -> build/lib.linux-x86_64-3.7/skbio/io/format/tests/data\n  copying skbio/io/format/tests/data/qual_single_nuc_seq_non_defaults -> build/lib.linux-x86_64-3.7/skbio/io/format/tests/data\n  copying skbio/io/format/tests/data/gff3_bad_missing_directive -> build/lib.linux-x86_64-3.7/skbio/io/format/tests/data\n  copying skbio/io/format/tests/data/qual_description_newline_replacement_none -> build/lib.linux-x86_64-3.7/skbio/io/format/tests/data\n  copying skbio/io/format/tests/data/fasta_description_newline_replacement_empty_str -> build/lib.linux-x86_64-3.7/skbio/io/format/tests/data\n  copying skbio/io/format/tests/data/fastq_wrapping_original_sanger_no_description -> build/lib.linux-x86_64-3.7/skbio/io/format/tests/data\n  copying skbio/io/format/tests/data/longreads_as_illumina.fastq -> build/lib.linux-x86_64-3.7/skbio/io/format/tests/data\n  copying skbio/io/format/tests/data/legacy9_multi_line -> build/lib.linux-x86_64-3.7/skbio/io/format/tests/data\n  copying skbio/io/format/tests/data/qual_blanks_end_of_file -> build/lib.linux-x86_64-3.7/skbio/io/format/tests/data\n  copying skbio/io/format/tests/data/qual_description_newline_replacement_multi_char -> build/lib.linux-x86_64-3.7/skbio/io/format/tests/data\n  copying skbio/io/format/tests/data/qseq_invalid_tile -> build/lib.linux-x86_64-3.7/skbio/io/format/tests/data\n  copying skbio/io/format/tests/data/error_qual_null.fastq -> build/lib.linux-x86_64-3.7/skbio/io/format/tests/data\n  copying skbio/io/format/tests/data/phylip_invalid_empty_line_after_header -> build/lib.linux-x86_64-3.7/skbio/io/format/tests/data\n  copying skbio/io/format/tests/data/fasta_multi_seq -> build/lib.linux-x86_64-3.7/skbio/io/format/tests/data\n  copying skbio/io/format/tests/data/stockholm_differing_gr_data_length -> build/lib.linux-x86_64-3.7/skbio/io/format/tests/data\n  copying skbio/io/format/tests/data/qseq_single_seq_sanger -> build/lib.linux-x86_64-3.7/skbio/io/format/tests/data\n  copying skbio/io/format/tests/data/ordination_exp_Ordination_PCoA_site -> build/lib.linux-x86_64-3.7/skbio/io/format/tests/data\n  copying skbio/io/format/tests/data/fastq_invalid_ws_line_after_seq -> build/lib.linux-x86_64-3.7/skbio/io/format/tests/data\n  copying skbio/io/format/tests/data/phylip_invalid_empty_line_before_header -> build/lib.linux-x86_64-3.7/skbio/io/format/tests/data\n  copying skbio/io/format/tests/data/legacy9_mixed_nans -> build/lib.linux-x86_64-3.7/skbio/io/format/tests/data\n  copying skbio/io/format/tests/data/error_qual_escape.fastq -> build/lib.linux-x86_64-3.7/skbio/io/format/tests/data\n  copying skbio/io/format/tests/data/phylip_whitespace_in_header_1 -> build/lib.linux-x86_64-3.7/skbio/io/format/tests/data\n  copying skbio/io/format/tests/data/gff3_multi_record -> build/lib.linux-x86_64-3.7/skbio/io/format/tests/data\n  copying skbio/io/format/tests/data/fasta_multi_seq_roundtrip -> build/lib.linux-x86_64-3.7/skbio/io/format/tests/data\n  copying skbio/io/format/tests/data/phylip_invalid_header_too_long -> build/lib.linux-x86_64-3.7/skbio/io/format/tests/data\n  copying skbio/io/format/tests/data/fasta_single_rna_seq_non_defaults -> build/lib.linux-x86_64-3.7/skbio/io/format/tests/data\n  copying skbio/io/format/tests/data/embl_single_record -> build/lib.linux-x86_64-3.7/skbio/io/format/tests/data\n  copying skbio/io/format/tests/data/qual_3_seqs_defaults_extra -> build/lib.linux-x86_64-3.7/skbio/io/format/tests/data\n  copying skbio/io/format/tests/data/qual_invalid_blank_line_after_header -> build/lib.linux-x86_64-3.7/skbio/io/format/tests/data\n  copying skbio/io/format/tests/data/genbank_missing_locus_name -> build/lib.linux-x86_64-3.7/skbio/io/format/tests/data\n  copying skbio/io/format/tests/data/legacy9_invalid_too_many_columns -> build/lib.linux-x86_64-3.7/skbio/io/format/tests/data\n  copying skbio/io/format/tests/data/qual_invalid_blank_line_within_seq -> build/lib.linux-x86_64-3.7/skbio/io/format/tests/data\n  copying skbio/io/format/tests/data/embl_constructed -> build/lib.linux-x86_64-3.7/skbio/io/format/tests/data\n  copying skbio/io/format/tests/data/blast7_invalid_for_sniffer_2 -> build/lib.linux-x86_64-3.7/skbio/io/format/tests/data\n  copying skbio/io/format/tests/data/fastq_multi_whitespace_stripping -> build/lib.linux-x86_64-3.7/skbio/io/format/tests/data\n  copying skbio/io/format/tests/data/qual_invalid_missing_qual_scores_first -> build/lib.linux-x86_64-3.7/skbio/io/format/tests/data\n  copying skbio/io/format/tests/data/fastq_wrapping_as_illumina_no_description -> build/lib.linux-x86_64-3.7/skbio/io/format/tests/data\n  copying skbio/io/format/tests/data/misc_dna_as_illumina.fastq -> build/lib.linux-x86_64-3.7/skbio/io/format/tests/data\n  copying skbio/io/format/tests/data/fastq_multi_seq_sanger -> build/lib.linux-x86_64-3.7/skbio/io/format/tests/data\n  copying skbio/io/format/tests/data/blast6_invalid_number_of_columns -> build/lib.linux-x86_64-3.7/skbio/io/format/tests/data\n  copying skbio/io/format/tests/data/blast7_invalid_gibberish -> build/lib.linux-x86_64-3.7/skbio/io/format/tests/data\n  copying skbio/io/format/tests/data/qual_single_seq -> build/lib.linux-x86_64-3.7/skbio/io/format/tests/data\n  copying skbio/io/format/tests/data/fasta_single_prot_seq_non_defaults -> build/lib.linux-x86_64-3.7/skbio/io/format/tests/data\n  copying skbio/io/format/tests/data/fasta_description_newline_replacement_none -> build/lib.linux-x86_64-3.7/skbio/io/format/tests/data\n  copying skbio/io/format/tests/data/error_short_qual.fastq -> build/lib.linux-x86_64-3.7/skbio/io/format/tests/data\n  creating build/lib.linux-x86_64-3.7/skbio/stats/tests/data\n  copying skbio/stats/tests/data/gr_wo_msg_out -> build/lib.linux-x86_64-3.7/skbio/stats/tests/data\n  copying skbio/stats/tests/data/gr_w_msg_out -> build/lib.linux-x86_64-3.7/skbio/stats/tests/data\n  copying skbio/stats/tests/data/cr_data_raw -> build/lib.linux-x86_64-3.7/skbio/stats/tests/data\n  copying skbio/stats/tests/data/cr_no_data_raw -> build/lib.linux-x86_64-3.7/skbio/stats/tests/data\n  copying skbio/stats/tests/data/gr_wo_msg_raw -> build/lib.linux-x86_64-3.7/skbio/stats/tests/data\n  copying skbio/stats/tests/data/vr_out -> build/lib.linux-x86_64-3.7/skbio/stats/tests/data\n  copying skbio/stats/tests/data/vr_real_raw -> build/lib.linux-x86_64-3.7/skbio/stats/tests/data\n  copying skbio/stats/tests/data/vr_real_out -> build/lib.linux-x86_64-3.7/skbio/stats/tests/data\n  copying skbio/stats/tests/data/gr_w_msg_raw -> build/lib.linux-x86_64-3.7/skbio/stats/tests/data\n  copying skbio/stats/tests/data/vr_raw -> build/lib.linux-x86_64-3.7/skbio/stats/tests/data\n  copying skbio/stats/tests/data/cr_data_out -> build/lib.linux-x86_64-3.7/skbio/stats/tests/data\n  copying skbio/stats/tests/data/cr_no_data_out -> build/lib.linux-x86_64-3.7/skbio/stats/tests/data\n  creating build/lib.linux-x86_64-3.7/skbio/stats/ordination/tests/data\n  copying skbio/stats/ordination/tests/data/example3_Y -> build/lib.linux-x86_64-3.7/skbio/stats/ordination/tests/data\n  copying skbio/stats/ordination/tests/data/example2_site_scaling2_from_vegan -> build/lib.linux-x86_64-3.7/skbio/stats/ordination/tests/data\n  copying skbio/stats/ordination/tests/data/vare_rda_sites_from_vegan.csv -> build/lib.linux-x86_64-3.7/skbio/stats/ordination/tests/data\n  copying skbio/stats/ordination/tests/data/example3_sample_constraints_scaling2 -> build/lib.linux-x86_64-3.7/skbio/stats/ordination/tests/data\n  copying skbio/stats/ordination/tests/data/PCoA_sample_data_12dim -> build/lib.linux-x86_64-3.7/skbio/stats/ordination/tests/data\n  copying skbio/stats/ordination/tests/data/example2_site_scaling1_from_vegan -> build/lib.linux-x86_64-3.7/skbio/stats/ordination/tests/data\n  copying skbio/stats/ordination/tests/data/vare_rda_species_from_vegan.csv -> build/lib.linux-x86_64-3.7/skbio/stats/ordination/tests/data\n  copying skbio/stats/ordination/tests/data/L&L_CA_data -> build/lib.linux-x86_64-3.7/skbio/stats/ordination/tests/data\n  copying skbio/stats/ordination/tests/data/example3_species_scaling2_from_vegan -> build/lib.linux-x86_64-3.7/skbio/stats/ordination/tests/data\n  copying skbio/stats/ordination/tests/data/PCoA_sample_data_2 -> build/lib.linux-x86_64-3.7/skbio/stats/ordination/tests/data\n  copying skbio/stats/ordination/tests/data/example3_site_scaling1_from_vegan -> build/lib.linux-x86_64-3.7/skbio/stats/ordination/tests/data\n  copying skbio/stats/ordination/tests/data/example3_X -> build/lib.linux-x86_64-3.7/skbio/stats/ordination/tests/data\n  copying skbio/stats/ordination/tests/data/vare_rda_constraints_from_vegan.csv -> build/lib.linux-x86_64-3.7/skbio/stats/ordination/tests/data\n  copying skbio/stats/ordination/tests/data/PCoA_sample_data_3_fsvd_ref_3dim -> build/lib.linux-x86_64-3.7/skbio/stats/ordination/tests/data\n  copying skbio/stats/ordination/tests/data/example3_site_scaling2_from_vegan -> build/lib.linux-x86_64-3.7/skbio/stats/ordination/tests/data\n  copying skbio/stats/ordination/tests/data/example2_biplot_scaling2 -> build/lib.linux-x86_64-3.7/skbio/stats/ordination/tests/data\n  copying skbio/stats/ordination/tests/data/exp_PCoAzeros_site -> build/lib.linux-x86_64-3.7/skbio/stats/ordination/tests/data\n  copying skbio/stats/ordination/tests/data/varespec.csv -> build/lib.linux-x86_64-3.7/skbio/stats/ordination/tests/data\n  copying skbio/stats/ordination/tests/data/vare_rda_eigvals_from_vegan.csv -> build/lib.linux-x86_64-3.7/skbio/stats/ordination/tests/data\n  copying skbio/stats/ordination/tests/data/example3_species_scaling1_from_vegan -> build/lib.linux-x86_64-3.7/skbio/stats/ordination/tests/data\n  copying skbio/stats/ordination/tests/data/example2_species_scaling2_from_vegan -> build/lib.linux-x86_64-3.7/skbio/stats/ordination/tests/data\n  copying skbio/stats/ordination/tests/data/vare_rda_propexpl_from_vegan.csv -> build/lib.linux-x86_64-3.7/skbio/stats/ordination/tests/data\n  copying skbio/stats/ordination/tests/data/varechem.csv -> build/lib.linux-x86_64-3.7/skbio/stats/ordination/tests/data\n  copying skbio/stats/ordination/tests/data/\u001b[0m\u001b[91mPCoA_sample_data_3_eigh_ref_3dim -> build/lib.linux-x86_64-3.7/skbio/stats/ordination/tests/data\n  copying skbio/stats/ordination/tests/data/example2_sample_constraints_scaling2 -> build/lib.linux-x86_64-3.7/skbio/stats/ordination/tests/data\n  copying skbio/stats/ordination/tests/data/example3_biplot_scaling2 -> build/lib.linux-x86_64-3.7/skbio/stats/ordination/tests/data\n  copying skbio/stats/ordination/tests/data/example3_biplot_scaling1 -> build/lib.linux-x86_64-3.7/skbio/stats/ordination/tests/data\n  copying skbio/stats/ordination/tests/data/example2_biplot_scaling1 -> build/lib.linux-x86_64-3.7/skbio/stats/ordination/tests/data\n  copying skbio/stats/ordination/tests/data/PCoA_skbio -> build/lib.linux-x86_64-3.7/skbio/stats/ordination/tests/data\n  copying skbio/stats/ordination/tests/data/PCoA_sample_data_3 -> build/lib.linux-x86_64-3.7/skbio/stats/ordination/tests/data\n  copying skbio/stats/ordination/tests/data/PCoA_biplot_projected_descriptors -> build/lib.linux-x86_64-3.7/skbio/stats/ordination/tests/data\n  copying skbio/stats/ordination/tests/data/vare_rda_biplot_from_vegan.csv -> build/lib.linux-x86_64-3.7/skbio/stats/ordination/tests/data\n  copying skbio/stats/ordination/tests/data/example2_sample_constraints_scaling1 -> build/lib.linux-x86_64-3.7/skbio/stats/ordination/tests/data\n  copying skbio/stats/ordination/tests/data/PCoA_sample_data -> build/lib.linux-x86_64-3.7/skbio/stats/ordination/tests/data\n  copying skbio/stats/ordination/tests/data/PCoA_biplot_descriptors -> build/lib.linux-x86_64-3.7/skbio/stats/ordination/tests/data\n  copying skbio/stats/ordination/tests/data/example2_X -> build/lib.linux-x86_64-3.7/skbio/stats/ordination/tests/data\n  copying skbio/stats/ordination/tests/data/example2_Y -> build/lib.linux-x86_64-3.7/skbio/stats/ordination/tests/data\n  copying skbio/stats/ordination/tests/data/exp_PCoAEigenResults_site -> build/lib.linux-x86_64-3.7/skbio/stats/ordination/tests/data\n  copying skbio/stats/ordination/tests/data/example2_species_scaling1_from_vegan -> build/lib.linux-x86_64-3.7/skbio/stats/ordination/tests/data\n  copying skbio/stats/ordination/tests/data/example3_sample_constraints_scaling1 -> build/lib.linux-x86_64-3.7/skbio/stats/ordination/tests/data\n  creating build/lib.linux-x86_64-3.7/skbio/stats/distance/tests/data\n  copying skbio/stats/distance/tests/data/pwmantel_exp_results_minimal_with_labels.txt -> build/lib.linux-x86_64-3.7/skbio/stats/distance/tests/data\n  copying skbio/stats/distance/tests/data/moving_pictures_dm.tsv -> build/lib.linux-x86_64-3.7/skbio/stats/distance/tests/data\n  copying skbio/stats/distance/tests/data/dm3.txt -> build/lib.linux-x86_64-3.7/skbio/stats/distance/tests/data\n  copying skbio/stats/distance/tests/data/pwmantel_exp_results_all_dms.txt -> build/lib.linux-x86_64-3.7/skbio/stats/distance/tests/data\n  copying skbio/stats/distance/tests/data/pwmantel_exp_results_reordered_distance_matrices.txt -> build/lib.linux-x86_64-3.7/skbio/stats/distance/tests/data\n  copying skbio/stats/distance/tests/data/dm2.txt -> build/lib.linux-x86_64-3.7/skbio/stats/distance/tests/data\n  copying skbio/stats/distance/tests/data/mantel_veg_dm_vegan.txt -> build/lib.linux-x86_64-3.7/skbio/stats/distance/tests/data\n  copying skbio/stats/distance/tests/data/pwmantel_exp_results_minimal.txt -> build/lib.linux-x86_64-3.7/skbio/stats/distance/tests/data\n  copying skbio/stats/distance/tests/data/bioenv_df_vegan.txt -> build/lib.linux-x86_64-3.7/skbio/stats/distance/tests/data\n  copying skbio/stats/distance/tests/data/exp_results.txt -> build/lib.linux-x86_64-3.7/skbio/stats/distance/tests/data\n  copying skbio/stats/distance/tests/data/dm4.txt -> build/lib.linux-x86_64-3.7/skbio/stats/distance/tests/data\n  copying skbio/stats/distance/tests/data/pwmantel_exp_results_duplicate_dms.txt -> build/lib.linux-x86_64-3.7/skbio/stats/distance/tests/data\n  copying skbio/stats/distance/tests/data/pwmantel_exp_results_dm_dm2.txt -> build/lib.linux-x86_64-3.7/skbio/stats/distance/tests/data\n  copying skbio/stats/distance/tests/data/bioenv_dm_vegan.txt -> build/lib.linux-x86_64-3.7/skbio/stats/distance/tests/data\n  copying skbio/stats/distance/tests/data/dm_reordered.txt -> build/lib.linux-x86_64-3.7/skbio/stats/distance/tests/data\n  copying skbio/stats/distance/tests/data/pwmantel_exp_results_na_p_value.txt -> build/lib.linux-x86_64-3.7/skbio/stats/distance/tests/data\n  copying skbio/stats/distance/tests/data/moving_pictures_mf.tsv -> build/lib.linux-x86_64-3.7/skbio/stats/distance/tests/data\n  copying skbio/stats/distance/tests/data/dm.txt -> build/lib.linux-x86_64-3.7/skbio/stats/distance/tests/data\n  copying skbio/stats/distance/tests/data/df.txt -> build/lib.linux-x86_64-3.7/skbio/stats/distance/tests/data\n  copying skbio/stats/distance/tests/data/exp_results_different_column_order.txt -> build/lib.linux-x86_64-3.7/skbio/stats/distance/tests/data\n  copying skbio/stats/distance/tests/data/mantel_env_dm_vegan.txt -> build/lib.linux-x86_64-3.7/skbio/stats/distance/tests/data\n  copying skbio/stats/distance/tests/data/bioenv_exp_results_vegan.txt -> build/lib.linux-x86_64-3.7/skbio/stats/distance/tests/data\n  copying skbio/stats/distance/tests/data/df_extra_column.txt -> build/lib.linux-x86_64-3.7/skbio/stats/distance/tests/data\n  copying skbio/stats/distance/tests/data/exp_results_single_column.txt -> build/lib.linux-x86_64-3.7/skbio/stats/distance/tests/data\n  creating build/lib.linux-x86_64-3.7/skbio/diversity/beta/tests/data\n  creating build/lib.linux-x86_64-3.7/skbio/diversity/beta/tests/data/qiime-191-tt\n  copying skbio/diversity/beta/tests/data/qiime-191-tt/tree.nwk -> build/lib.linux-x86_64-3.7/skbio/diversity/beta/tests/data/qiime-191-tt\n  copying skbio/diversity/beta/tests/data/qiime-191-tt/otu-table.tsv -> build/lib.linux-x86_64-3.7/skbio/diversity/beta/tests/data/qiime-191-tt\n  copying skbio/diversity/beta/tests/data/qiime-191-tt/README.md -> build/lib.linux-x86_64-3.7/skbio/diversity/beta/tests/data/qiime-191-tt\n  copying skbio/diversity/beta/tests/data/qiime-191-tt/weighted_unifrac_dm.txt -> build/lib.linux-x86_64-3.7/skbio/diversity/beta/tests/data/qiime-191-tt\n  copying skbio/diversity/beta/tests/data/qiime-191-tt/unweighted_unifrac_dm.txt -> build/lib.linux-x86_64-3.7/skbio/diversity/beta/tests/data/qiime-191-tt\n  copying skbio/diversity/beta/tests/data/qiime-191-tt/weighted_normalized_unifrac_dm.txt -> build/lib.linux-x86_64-3.7/skbio/diversity/beta/tests/data/qiime-191-tt\n  creating build/lib.linux-x86_64-3.7/skbio/diversity/alpha/tests/data\n  creating build/lib.linux-x86_64-3.7/skbio/diversity/alpha/tests/data/qiime-191-tt\n  copying skbio/diversity/alpha/tests/data/qiime-191-tt/tree.nwk -> build/lib.linux-x86_64-3.7/skbio/diversity/alpha/tests/data/qiime-191-tt\n  copying skbio/diversity/alpha/tests/data/qiime-191-tt/otu-table.tsv -> build/lib.linux-x86_64-3.7/skbio/diversity/alpha/tests/data/qiime-191-tt\n  copying skbio/diversity/alpha/tests/data/qiime-191-tt/README.md -> build/lib.linux-x86_64-3.7/skbio/diversity/alpha/tests/data/qiime-191-tt\n  copying skbio/diversity/alpha/tests/data/qiime-191-tt/faith-pd.txt -> build/lib.linux-x86_64-3.7/skbio/diversity/alpha/tests/data/qiime-191-tt\n  running build_ext\n  building 'skbio.metadata._intersection' extension\n  creating build/temp.linux-x86_64-3.7\n  creating build/temp.linux-x86_64-3.7/skbio\n  creating build/temp.linux-x86_64-3.7/skbio/metadata\n  gcc -pthread -Wno-unused-result -Wsign-compare -DNDEBUG -g -fwrapv -O3 -Wall -fPIC -I/usr/local/lib/python3.7/site-packages/numpy/core/include -I/usr/local/include/python3.7m -c skbio/metadata/_intersection.c -o build/temp.linux-x86_64-3.7/skbio/metadata/_intersection.o\n  In file included from /usr/lib/gcc/x86_64-linux-gnu/10/include/syslimits.h:7,\n                   from /usr/lib/gcc/x86_64-linux-gnu/10/include/limits.h:34,\n                   from /usr/local/include/python3.7m/Python.h:11,\n                   from skbio/metadata/_intersection.c:17:\n  /usr/lib/gcc/x86_64-linux-gnu/10/include/limits.h:195:15: fatal error: limits.h: No such file or directory\n    195 | #include_next <limits.h>  /* recurse down to the real one */\n        |               ^~~~~~~~~~\n  compilation terminated.\n  error: command 'gcc' failed with exit status 1\n  ----------------------------------------\n  ERROR: Failed building wheel for scikit-bio\n\u001b[0m  Running setup.py clean for scikit-bio\n  Building wheel for hdmedians (PEP 517): started\n  Building wheel for hdmedians (PEP 517): finished with status 'error'\n\u001b[91m  ERROR: Command errored out with exit status 1:\n   command: /usr/local/bin/python /usr/local/lib/python3.7/site-packages/pip/_vendor/pep517/in_process/_in_process.py build_wheel /tmp/tmpzy8u4jm7\n       cwd: /tmp/pip-install-oyy_kudv/hdmedians_b70fb547a0624baea67c6da3a627a759\n  Complete output (29 lines):\n  running bdist_wheel\n  running build\n  running build_py\n  creating build\n  creating build/lib.linux-x86_64-cpython-37\n  creating build/lib.linux-x86_64-cpython-37/hdmedians\n  copying hdmedians/__init__.py -> build/lib.linux-x86_64-cpython-37/hdmedians\n  copying hdmedians/medoid.py -> build/lib.linux-x86_64-cpython-37/hdmedians\n  creating build/lib.linux-x86_64-cpython-37/hdmedians/tests\n  copying hdmedians/tests/__init__.py -> build/lib.linux-x86_64-cpython-37/hdmedians/tests\n  copying hdmedians/tests/test_geomedian.py -> build/lib.linux-x86_64-cpython-37/hdmedians/tests\n  copying hdmedians/tests/test_medoid.py -> build/lib.linux-x86_64-cpython-37/hdmedians/tests\n  running build_ext\n  cythoning hdmedians/geomedian.pyx to hdmedians/geomedian.c\n  building 'hdmedians.geomedian' extension\n  creating build/temp.linux-x86_64-cpython-37\n  creating build/temp.linux-x86_64-cpython-37/hdmedians\n  gcc -pthread -Wno-unused-result -Wsign-compare -DNDEBUG -g -fwrapv -O3 -Wall -fPIC -I/tmp/pip-build-env-7p897f7h/overlay/lib/python3.7/site-packages/numpy/core/include -I/usr/local/include/python3.7m -c hdmedians/geomedian.c -o build/temp.linux-x86_64-cpython-37/hdmedians/geomedian.o\n  In file included from /usr/lib/gcc/x86_64-linux-gnu/10/include/syslimits.h:7,\n                   from /usr/lib/gcc/x86_64-linux-gnu/10/include/limits.h:34,\n                   from /usr/local/include/python3.7m/Python.h:11,\n                   from hdmedians/geomedian.c:6:\n  /usr/lib/gcc/x86_64-linux-gnu/10/include/limits.h:195:15: fatal error: limits.h: No such file or directory\n    195 | #include_next <limits.h>  /* recurse down to the real one */\n        |               ^~~~~~~~~~\n  compilation terminated.\n  /tmp/pip-build-env-7p897f7h/overlay/lib/python3.7/site-packages/Cython/Compiler/Main.py:369: FutureWarning: Cython directive 'language_level' not set, using 2 for now (Py2). This will change in a later release! File: /tmp/pip-install-oyy_kudv/hdmedians_b70fb547a0624baea67c6da3a627a759/hdmedians/geomedian.pyx\n    tree = Parsing.p_module(s, pxd, full_module_name)\n  error: command '/usr/bin/gcc' failed with exit code 1\n  ----------------------------------------\n\u001b[0m\u001b[91m  ERROR: Failed building wheel for hdmedians\n\u001b[0mSuccessfully built dendropy bokeh\nFailed to build scikit-bio hdmedians\n\u001b[91mERROR: Could not build wheels for hdmedians which use PEP 517 and cannot be installed directly\n\u001b[0m\u001b[91mWARNING: You are using pip version 21.2.4; however, version 22.3.1 is available.\nYou should consider upgrading via the '/usr/local/bin/python -m pip install --upgrade pip' command.\n\u001b[0mRemoving intermediate container cb27954c996e\n","stderr":"The command '/bin/sh -c pip install --no-cache-dir -r /requirements/default.txt' returned a non-zero code: 1\n"},"endTime":1672715790353}