{"repository":"https://github.com/bkimminich/juice-shop","dockerfilePath":"Dockerfile","startTime":1672238549059,"clone":{"stdout":"","stderr":"Cloning into '/tmp/dinghy-analysis/bkimminich/juice-shop'...\n","error":null,"commit":"e43f95d5b0d44a141e4944ad8b912b6ff827c648"},"originalBuild":{"startTimestamp":1672238551875,"endTimestamp":1672239468659,"error":null,"stdout":"Sending build context to Docker daemon  43.68MB\r\r\nStep 1/19 : FROM node:16 as installer\n ---> c910109adbfd\nStep 2/19 : COPY . /juice-shop\n ---> 828d600e1aeb\nStep 3/19 : WORKDIR /juice-shop\n ---> Running in ae79397e59b0\nRemoving intermediate container ae79397e59b0\n ---> e5724d439d1b\nStep 4/19 : RUN npm i -g typescript ts-node\n ---> Running in 6bd880a2d213\n\nadded 19 packages, and audited 20 packages in 2s\n\nfound 0 vulnerabilities\n\u001b[91mnpm notice \nnpm \u001b[0m\u001b[91mnotice\u001b[0m\u001b[91m New major version of npm available! 8.19.3 -> 9.2.0\nnpm notice Changelog: <https://github.com/npm/cli/releases/tag/v9.2.0>\nnpm \u001b[0m\u001b[91mnotice Run `npm install -g npm@9.2.0` to update!\nnpm notice \n\u001b[0mRemoving intermediate container 6bd880a2d213\n ---> 98b4e1b1c12b\nStep 5/19 : RUN npm install --omit=dev --unsafe-perm\n ---> Running in c383822a19a8\n\u001b[91mnpm WARN deprecated formatio@1.1.1: This package is unmaintained. Use @sinonjs/formatio instead\n\u001b[0m\u001b[91mnpm WARN deprecated samsam@1.1.2: This package has been deprecated in favour of @sinonjs/samsam\n\u001b[0m\u001b[91mnpm WARN deprecated eivindfjeldstad-dot@0.0.1: Use @eivifj/dot instead\n\u001b[0m\u001b[91mnpm WARN deprecated @npmcli/move-file@1.1.2: This functionality has been moved to @npmcli/fs\n\u001b[0m\u001b[91mnpm WARN deprecated source-map-url@0.4.1: See https://github.com/lydell/source-map-url#deprecated\n\u001b[0m\u001b[91mnpm WARN deprecated resolve-url@0.2.1: https://github.com/lydell/resolve-url#deprecated\n\u001b[0m\u001b[91mnpm WARN deprecated source-map-resolve@0.5.3: See https://github.com/lydell/source-map-resolve#deprecated\n\u001b[0m\u001b[91mnpm WARN deprecated urix@0.1.0: Please see https://github.com/lydell/urix#deprecated\n\u001b[0m\u001b[91mnpm WARN deprecated har-validator@5.1.5: this library is no longer supported\n\u001b[0m\u001b[91mnpm WARN deprecated jws@0.2.6: Security update: Versions below 3.0.0 are deprecated.\n\u001b[0m\u001b[91mnpm WARN deprecated messageformat@2.3.0: Package renamed as '@messageformat/core', see messageformat.github.io for more details. 'messageformat@4' will eventually provide a polyfill for Intl.MessageFormat, once it's been defined by Unicode & ECMA.\n\u001b[0m\u001b[91mnpm WARN deprecated jsonwebtoken@0.4.0: Critical vulnerability fix in v5.0.0. See https://auth0.com/blog/2015/03/31/critical-vulnerabilities-in-json-web-token-libraries/\n\u001b[0m\u001b[91mnpm WARN deprecated notevil@1.3.3: Package no longer supported. Contact Support at https://www.npmjs.com/support for more info.\n\u001b[0m\u001b[91mnpm WARN deprecated jsonwebtoken@0.1.0: Critical vulnerability fix in v5.0.0. See https://auth0.com/blog/2015/03/31/critical-vulnerabilities-in-json-web-token-libraries/\n\u001b[0m\u001b[91mnpm WARN deprecated request@2.88.2: request has been deprecated, see https://github.com/request/request/issues/3142\n\u001b[0m\u001b[91mnpm WARN deprecated uuid@3.4.0: Please upgrade  to version 7 or higher.  Older versions may use Math.random() in certain circumstances, which is known to be problematic.  See https://v8.dev/blog/math-random for details.\n\u001b[0m\u001b[91mnpm WARN deprecated node-pre-gyp@0.15.0: Please upgrade to @mapbox/node-pre-gyp: the non-scoped node-pre-gyp package is deprecated and only the @mapbox scoped package will recieve updates in the future\n\u001b[0m\u001b[91mnpm WARN deprecated iltorb@2.4.5: The zlib module provides APIs for brotli compression/decompression starting with Node.js v10.16.0, please use it over iltorb\n\u001b[0m\n> juice-shop@14.3.1 postinstall\n> cd frontend && npm install --legacy-peer-deps && cd .. && npm run build:frontend && (npm run --silent build:server || cd .)\n\n\u001b[91mnpm WARN deprecated @npmcli/move-file@2.0.1: This functionality has been moved to @npmcli/fs\n\u001b[0m\u001b[91mnpm WARN deprecated sourcemap-codec@1.4.8: Please use @jridgewell/sourcemap-codec instead\n\u001b[0m\u001b[91mnpm WARN deprecated @angular/flex-layout@10.0.0-beta.32: This package has been deprecated. Please see https://blog.angular.io/modern-css-in-angular-layouts-4a259dca9127\n\u001b[0m\n> frontend@14.3.1 postinstall\n> ngcc --tsconfig \"./src/tsconfig.app.json\"\n\nProcessing legacy \"View Engine\" libraries:\n- @angular/flex-layout/core [es2015/esm2015] (https://github.com/angular/flex-layout.git)\n- @angular/http [fesm2015/esm2015] (https://github.com/angular/angular.git)\n- @ngx-translate/core [fesm2015/esm2015] (git+https://github.com/ngx-translate/core.git)\n- @angular/flex-layout/extended [es2015/esm2015] (https://github.com/angular/flex-layout.git)\n- @angular/flex-layout/flex [es2015/esm2015] (https://github.com/angular/flex-layout.git)\n- @angular/flex-layout/grid [es2015/esm2015] (https://github.com/angular/flex-layout.git)\n- @angular/http/testing [fesm2015/esm2015] (https://github.com/angular/angular.git)\n- @angular-material-extensions/password-strength [fesm2015/esm2015] (git://github.com/angular-material-extensions/password-strength.git)\n- ng2-file-upload [fesm2015/esm2015] ()\n- ngx-text-diff [fesm2015/esm2015] (https://github.com/ABenassi87/ngx-text-diff.git)\n- @angular/flex-layout [es2015/esm2015] (https://github.com/angular/flex-layout.git)\n- @nguniversal/common [fesm2015/esm2015] (https://github.com/angular/universal)\n- @nguniversal/common/tokens [fesm2015/esm2015] (https://github.com/angular/universal)\n- @nguniversal/express-engine/tokens [fesm2015/esm2015] (https://github.com/angular/universal)\n- @ngx-translate/http-loader [fesm2015/esm2015] (git+https://github.com/ngx-translate/http-loader.git)\n- ng-mat-search-bar [fesm2015/esm2015] (https://github.com/tommueller/ng-mat-search-bar.git)\n- ng-simple-slideshow [es2015/esm2015] (git+https://github.com/dockleryxk/ng-simple-slideshow.git)\n- anuglar2-qrcode [main/umd] (git+https://github.com/SuperiorJT/angular2-qrcode.git)\n- @angular/flex-layout/core [module/esm5] (https://github.com/angular/flex-layout.git)\n- @angular/flex-layout/core [main/umd] (https://github.com/angular/flex-layout.git)\n- @angular/flex-layout/extended [main/umd] (https://github.com/angular/flex-layout.git)\n- @angular/flex-layout/extended [module/esm5] (https://github.com/angular/flex-layout.git)\n- @angular/flex-layout/flex [main/umd] (https://github.com/angular/flex-layout.git)\n- @angular/flex-layout/flex [module/esm5] (https://github.com/angular/flex-layout.git)\n- @angular/flex-layout/grid [main/umd] (https://github.com/angular/flex-layout.git)\n- @angular/flex-layout/grid [module/esm5] (https://github.com/angular/flex-layout.git)\n- @angular/flex-layout [main/umd] (https://github.com/angular/flex-layout.git)\n- @angular/flex-layout [module/esm5] (https://github.com/angular/flex-layout.git)\n- @angular/http [fesm5/esm5] (https://github.com/angular/angular.git)\n- @angular/http [esm2015/esm2015] (https://github.com/angular/angular.git)\n- @angular/http [esm5/esm5] (https://github.com/angular/angular.git)\n- @angular/http [main/umd] (https://github.com/angular/angular.git)\n- @angular/http/testing [fesm5/esm5] (https://github.com/angular/angular.git)\n- @angular/http/testing [esm2015/esm2015] (https://github.com/angular/angular.git)\n- @angular/http/testing [esm5/esm5] (https://github.com/angular/angular.git)\n- @angular/http/testing [main/umd] (https://github.com/angular/angular.git)\n- @angular-material-extensions/password-strength [fesm5/esm5] (git://github.com/angular-material-extensions/password-strength.git)\n- @angular-material-extensions/password-strength [esm2015/esm2015] (git://github.com/angular-material-extensions/password-strength.git)\n- @angular-material-extensions/password-strength [esm5/esm5] (git://github.com/angular-material-extensions/password-strength.git)\n- @angular-material-extensions/password-strength [main/umd] (git://github.com/angular-material-extensions/password-strength.git)\n- @nguniversal/common [esm2015/esm2015] (https://github.com/angular/universal)\n- @nguniversal/common [main/umd] (https://github.com/angular/universal)\n- @nguniversal/common/tokens [esm2015/esm2015] (https://github.com/angular/universal)\n- @nguniversal/common/tokens [main/umd] (https://github.com/angular/universal)\n- @nguniversal/express-engine/tokens [esm2015/esm2015] (https://github.com/angular/universal)\n- @ngx-translate/core [esm2015/esm2015] (git+https://github.com/ngx-translate/core.git)\n- @nguniversal/express-engine/tokens [main/umd] (https://github.com/angular/universal)\n- @ngx-translate/core [main/umd] (git+https://github.com/ngx-translate/core.git)\n- @ngx-translate/http-loader [esm2015/esm2015] (git+https://github.com/ngx-translate/http-loader.git)\n- @ngx-translate/http-loader [main/umd] (git+https://github.com/ngx-translate/http-loader.git)\n- anuglar2-qrcode [module/esm5] (git+https://github.com/SuperiorJT/angular2-qrcode.git)\n- ng-mat-search-bar [esm2015/esm2015] (https://github.com/tommueller/ng-mat-search-bar.git)\n- ng-mat-search-bar [main/umd] (https://github.com/tommueller/ng-mat-search-bar.git)\n- ng-simple-slideshow [main/umd] (git+https://github.com/dockleryxk/ng-simple-slideshow.git)\n- ng-simple-slideshow [module/esm5] (git+https://github.com/dockleryxk/ng-simple-slideshow.git)\n- ng2-file-upload [fesm5/esm5] ()\n- ng2-file-upload [esm2015/esm2015] ()\n- ng2-file-upload [esm5/esm5] ()\n- ng2-file-upload [main/umd] ()\n- ngx-text-diff [fesm5/esm5] (https://github.com/ABenassi87/ngx-text-diff.git)\n- ngx-text-diff [esm2015/esm2015] (https://github.com/ABenassi87/ngx-text-diff.git)\n- ngx-text-diff [esm5/esm5] (https://github.com/ABenassi87/ngx-text-diff.git)\n- ngx-text-diff [main/umd] (https://github.com/ABenassi87/ngx-text-diff.git)\nEncourage the library authors to publish an Ivy distribution.\n\nadded 919 packages, and audited 920 packages in 1m\n\n120 packages are looking for funding\n  run `npm fund` for details\n\nfound 0 vulnerabilities\n\n> juice-shop@14.3.1 build:frontend\n> cd frontend && node ./node_modules/@angular/cli/bin/ng build --aot --configuration production --output-hashing=none --vendor-chunk=true --source-map=false\n\n\u001b[91m- Generating browser application bundles (phase: setup)...\n\u001b[0m\u001b[91m✔ Browser application bundle generation complete.\n\u001b[0m\u001b[91m✔ Browser application bundle generation complete.\n\u001b[0m\u001b[91m- Copying assets...\n\u001b[0m\u001b[91m✔ Copying assets complete.\n- Generating index html...\n\u001b[0m\u001b[91m✔ Index html generation complete.\n\u001b[0m\nInitial Chunk Files | Names                                 |  Raw Size | Estimated Transfer Size\nvendor.js           | vendor                                |   1.31 MB |               296.24 kB\nstyles.css          | styles                                | 593.21 kB |                29.32 kB\nmain.js             | main                                  | 388.32 kB |                62.92 kB\npolyfills.js        | polyfills                             |  53.20 kB |                16.96 kB\nruntime.js          | runtime                               |   3.15 kB |                 1.44 kB\n\n| Initial Total                         |   2.33 MB |               406.88 kB\n\nLazy Chunk Files    | Names                                 |  Raw Size | Estimated Transfer Size\ntutorial.js         | tutorial                              |  28.68 kB |                 7.31 kB\n112.js              | highlight-js-lib-core                 |  20.04 kB |                 7.28 kB\n103.js              | confetti                              |   8.00 kB |                 2.96 kB\n535.js              | highlight-js-lib-languages-typescript |   7.25 kB |                 2.61 kB\n613.js              | highlight-js-lib-languages-javascript |   6.19 kB |                 2.26 kB\n859.js              | highlightjs-line-numbers-js           |   3.32 kB |                 1.35 kB\n472.js              | highlight-js-lib-languages-yaml       |   1.75 kB |               737 bytes\n\nBuild at: 2022-12-28T14:48:58.613Z - Hash: 84b25fc503a35950 - Time: 44972ms\n\u001b[91m\nWarning: /juice-shop/frontend/node_modules/anuglar2-qrcode/lib/angular2-qrcode.js depends on 'qrious'. CommonJS or AMD dependencies can cause optimization bailouts.\nFor more info see: https://angular.io/guide/build#configuring-commonjs-dependencies\n\nWarning: /juice-shop/frontend/node_modules/ngx-text-diff/fesm2015/ngx-text-diff.js depends on 'diff-match-patch'. CommonJS or AMD dependencies can cause optimization bailouts.\nFor more info see: https://angular.io/guide/build#configuring-commonjs-dependencies\n\n\n\u001b[0mlib/antiCheat.ts(6,25): error TS7016: Could not find a declaration file for module 'config'. '/juice-shop/node_modules/config/lib/config.js' implicitly has an 'any' type.\n  Try `npm i --save-dev @types/config` if it exists or add a new declaration (.d.ts) file containing `declare module 'config';`\nlib/challengeUtils.ts(53,16): error TS7017: Element implicitly has an 'any' type because type 'typeof globalThis' has no index signature.\nlib/insecurity.ts(6,49): error TS7016: Could not find a declaration file for module 'express'. '/juice-shop/node_modules/express/index.js' implicitly has an 'any' type.\n  Try `npm i --save-dev @types/express` if it exists or add a new declaration (.d.ts) file containing `declare module 'express';`\nlib/startup/cleanupFtpFolder.ts(6,23): error TS7016: Could not find a declaration file for module 'glob'. '/juice-shop/node_modules/glob/glob.js' implicitly has an 'any' type.\n  Try `npm i --save-dev @types/glob` if it exists or add a new declaration (.d.ts) file containing `declare module 'glob';`\nlib/startup/customizeEasterEgg.ts(6,25): error TS7016: Could not find a declaration file for module 'config'. '/juice-shop/node_modules/config/lib/config.js' implicitly has an 'any' type.\n  Try `npm i --save-dev @types/config` if it exists or add a new declaration (.d.ts) file containing `declare module 'config';`\nlib/startup/registerWebsocketEvents.ts(6,25): error TS7016: Could not find a declaration file for module 'config'. '/juice-shop/node_modules/config/lib/config.js' implicitly has an 'any' type.\n  Try `npm i --save-dev @types/config` if it exists or add a new declaration (.d.ts) file containing `declare module 'config';`\nlib/startup/registerWebsocketEvents.ts(16,10): error TS7017: Element implicitly has an 'any' type because type 'typeof globalThis' has no index signature.\nlib/startup/validateChatBot.ts(6,25): error TS7016: Could not find a declaration file for module 'config'. '/juice-shop/node_modules/config/lib/config.js' implicitly has an 'any' type.\n  Try `npm i --save-dev @types/config` if it exists or add a new declaration (.d.ts) file containing `declare module 'config';`\nlib/startup/validatePreconditions.ts(7,25): error TS7016: Could not find a declaration file for module 'config'. '/juice-shop/node_modules/config/lib/config.js' implicitly has an 'any' type.\n  Try `npm i --save-dev @types/config` if it exists or add a new declaration (.d.ts) file containing `declare module 'config';`\nlib/webhook.ts(6,26): error TS7016: Could not find a declaration file for module 'request'. '/juice-shop/node_modules/request/index.js' implicitly has an 'any' type.\n  Try `npm i --save-dev @types/request` if it exists or add a new declaration (.d.ts) file containing `declare module 'request';`\nmodels/user.ts(7,25): error TS7016: Could not find a declaration file for module 'config'. '/juice-shop/node_modules/config/lib/config.js' implicitly has an 'any' type.\n  Try `npm i --save-dev @types/config` if it exists or add a new declaration (.d.ts) file containing `declare module 'config';`\nroutes/2fa.ts(6,25): error TS7016: Could not find a declaration file for module 'config'. '/juice-shop/node_modules/config/lib/config.js' implicitly has an 'any' type.\n  Try `npm i --save-dev @types/config` if it exists or add a new declaration (.d.ts) file containing `declare module 'config';`\nroutes/2fa.ts(7,35): error TS7016: Could not find a declaration file for module 'express'. '/juice-shop/node_modules/express/index.js' implicitly has an 'any' type.\n  Try `npm i --save-dev @types/express` if it exists or add a new declaration (.d.ts) file containing `declare module 'express';`\nroutes/address.ts(6,35): error TS7016: Could not find a declaration file for module 'express'. '/juice-shop/node_modules/express/index.js' implicitly has an 'any' type.\n  Try `npm i --save-dev @types/express` if it exists or add a new declaration (.d.ts) file containing `declare module 'express';`\nroutes/angular.ts(7,49): error TS7016: Could not find a declaration file for module 'express'. '/juice-shop/node_modules/express/index.js' implicitly has an 'any' type.\n  Try `npm i --save-dev @types/express` if it exists or add a new declaration (.d.ts) file containing `declare module 'express';`\nroutes/appConfiguration.ts(6,25): error TS7016: Could not find a declaration file for module 'config'. '/juice-shop/node_modules/config/lib/config.js' implicitly has an 'any' type.\n  Try `npm i --save-dev @types/config` if it exists or add a new declaration (.d.ts) file containing `declare module 'config';`\nroutes/appConfiguration.ts(7,35): error TS7016: Could not find a declaration file for module 'express'. '/juice-shop/node_modules/express/index.js' implicitly has an 'any' type.\n  Try `npm i --save-dev @types/express` if it exists or add a new declaration (.d.ts) file containing `declare module 'express';`\nroutes/appVersion.ts(6,25): error TS7016: Could not find a declaration file for module 'config'. '/juice-shop/node_modules/config/lib/config.js' implicitly has an 'any' type.\n  Try `npm i --save-dev @types/config` if it exists or add a new declaration (.d.ts) file containing `declare module 'config';`\nroutes/appVersion.ts(7,35): error TS7016: Could not find a declaration file for module 'express'. '/juice-shop/node_modules/express/index.js' implicitly has an 'any' type.\n  Try `npm i --save-dev @types/express` if it exists or add a new declaration (.d.ts) file containing `declare module 'express';`\nroutes/authenticatedUsers.ts(5,49): error TS7016: Could not find a declaration file for module 'express'. '/juice-shop/node_modules/express/index.js' implicitly has an 'any' type.\n  Try `npm i --save-dev @types/express` if it exists or add a new declaration (.d.ts) file containing `declare module 'express';`\nroutes/b2bOrder.ts(7,49): error TS7016: Could not find a declaration file for module 'express'. '/juice-shop/node_modules/express/index.js' implicitly has an 'any' type.\n  Try `npm i --save-dev @types/express` if it exists or add a new declaration (.d.ts) file containing `declare module 'express';`\nroutes/basket.ts(6,49): error TS7016: Could not find a declaration file for module 'express'. '/juice-shop/node_modules/express/index.js' implicitly has an 'any' type.\n  Try `npm i --save-dev @types/express` if it exists or add a new declaration (.d.ts) file containing `declare module 'express';`\nroutes/basketItems.ts(6,49): error TS7016: Could not find a declaration file for module 'express'. '/juice-shop/node_modules/express/index.js' implicitly has an 'any' type.\n  Try `npm i --save-dev @types/express` if it exists or add a new declaration (.d.ts) file containing `declare module 'express';`\nroutes/captcha.ts(6,49): error TS7016: Could not find a declaration file for module 'express'. '/juice-shop/node_modules/express/index.js' implicitly has an 'any' type.\n  Try `npm i --save-dev @types/express` if it exists or add a new declaration (.d.ts) file containing `declare module 'express';`\nroutes/changePassword.ts(6,49): error TS7016: Could not find a declaration file for module 'express'. '/juice-shop/node_modules/express/index.js' implicitly has an 'any' type.\n  Try `npm i --save-dev @types/express` if it exists or add a new declaration (.d.ts) file containing `declare module 'express';`\nroutes/chatbot.ts(7,49): error TS7016: Could not find a declaration file for module 'express'. '/juice-shop/node_modules/express/index.js' implicitly has an 'any' type.\n  Try `npm i --save-dev @types/express` if it exists or add a new declaration (.d.ts) file containing `declare module 'express';`\nroutes/chatbot.ts(10,42): error TS7016: Could not find a declaration file for module 'jsonwebtoken'. '/juice-shop/node_modules/jsonwebtoken/index.js' implicitly has an 'any' type.\n  Try `npm i --save-dev @types/jsonwebtoken` if it exists or add a new declaration (.d.ts) file containing `declare module 'jsonwebtoken';`\nroutes/continueCode.ts(7,35): error TS7016: Could not find a declaration file for module 'express'. '/juice-shop/node_modules/express/index.js' implicitly has an 'any' type.\n  Try `npm i --save-dev @types/express` if it exists or add a new declaration (.d.ts) file containing `declare module 'express';`\nroutes/countryMapping.ts(6,35): error TS7016: Could not find a declaration file for module 'express'. '/juice-shop/node_modules/express/index.js' implicitly has an 'any' type.\n  Try `npm i --save-dev @types/express` if it exists or add a new declaration (.d.ts) file containing `declare module 'express';`\nroutes/coupon.ts(6,49): error TS7016: Could not find a declaration file for module 'express'. '/juice-shop/node_modules/express/index.js' implicitly has an 'any' type.\n  Try `npm i --save-dev @types/express` if it exists or add a new declaration (.d.ts) file containing `declare module 'express';`\nroutes/createProductReviews.ts(6,35): error TS7016: Could not find a declaration file for module 'express'. '/juice-shop/node_modules/express/index.js' implicitly has an 'any' type.\n  Try `npm i --save-dev @types/express` if it exists or add a new declaration (.d.ts) file containing `declare module 'express';`\nroutes/currentUser.ts(7,35): error TS7016: Could not find a declaration file for module 'express'. '/juice-shop/node_modules/express/index.js' implicitly has an 'any' type.\n  Try `npm i --save-dev @types/express` if it exists or add a new declaration (.d.ts) file containing `declare module 'express';`\nroutes/dataErasure.ts(5,58): error TS7016: Could not find a declaration file for module 'express'. '/juice-shop/node_modules/express/index.js' implicitly has an 'any' type.\n  Try `npm i --save-dev @types/express` if it exists or add a new declaration (.d.ts) file containing `declare module 'express';`\nroutes/dataErasure.ts(74,13): error TS7006: Parameter 'error' implicitly has an 'any' type.\nroutes/dataErasure.ts(74,20): error TS7006: Parameter 'html' implicitly has an 'any' type.\nroutes/dataExport.ts(6,49): error TS7016: Could not find a declaration file for module 'express'. '/juice-shop/node_modules/express/index.js' implicitly has an 'any' type.\n  Try `npm i --save-dev @types/express` if it exists or add a new declaration (.d.ts) file containing `declare module 'express';`\nroutes/delivery.ts(6,49): error TS7016: Could not find a declaration file for module 'express'. '/juice-shop/node_modules/express/index.js' implicitly has an 'any' type.\n  Try `npm i --save-dev @types/express` if it exists or add a new declaration (.d.ts) file containing `declare module 'express';`\nroutes/deluxe.ts(6,49): error TS7016: Could not find a declaration file for module 'express'. '/juice-shop/node_modules/express/index.js' implicitly has an 'any' type.\n  Try `npm i --save-dev @types/express` if it exists or add a new declaration (.d.ts) file containing `declare module 'express';`\nroutes/easterEgg.ts(7,35): error TS7016: Could not find a declaration file for module 'express'. '/juice-shop/node_modules/express/index.js' implicitly has an 'any' type.\n  Try `npm i --save-dev @types/express` if it exists or add a new declaration (.d.ts) file containing `declare module 'express';`\nroutes/fileServer.ts(7,49): error TS7016: Could not find a declaration file for module 'express'. '/juice-shop/node_modules/express/index.js' implicitly has an 'any' type.\n  Try `npm i --save-dev @types/express` if it exists or add a new declaration (.d.ts) file containing `declare module 'express';`\nroutes/fileUpload.ts(8,49): error TS7016: Could not find a declaration file for module 'express'. '/juice-shop/node_modules/express/index.js' implicitly has an 'any' type.\n  Try `npm i --save-dev @types/express` if it exists or add a new declaration (.d.ts) file containing `declare module 'express';`\nroutes/imageCaptcha.ts(6,49): error TS7016: Could not find a declaration file for module 'express'. '/juice-shop/node_modules/express/index.js' implicitly has an 'any' type.\n  Try `npm i --save-dev @types/express` if it exists or add a new declaration (.d.ts) file containing `declare module 'express';`\nroutes/keyServer.ts(7,49): error TS7016: Could not find a declaration file for module 'express'. '/juice-shop/node_modules/express/index.js' implicitly has an 'any' type.\n  Try `npm i --save-dev @types/express` if it exists or add a new declaration (.d.ts) file containing `declare module 'express';`\nroutes/languages.ts(8,49): error TS7016: Could not find a declaration file for module 'express'. '/juice-shop/node_modules/express/index.js' implicitly has an 'any' type.\n  Try `npm i --save-dev @types/express` if it exists or add a new declaration (.d.ts) file containing `declare module 'express';`\nroutes/likeProductReviews.ts(7,49): error TS7016: Could not find a declaration file for module 'express'. '/juice-shop/node_modules/express/index.js' implicitly has an 'any' type.\n  Try `npm i --save-dev @types/express` if it exists or add a new declaration (.d.ts) file containing `declare module 'express';`\nroutes/logfileServer.ts(7,49): error TS7016: Could not find a declaration file for module 'express'. '/juice-shop/node_modules/express/index.js' implicitly has an 'any' type.\n  Try `npm i --save-dev @types/express` if it exists or add a new declaration (.d.ts) file containing `declare module 'express';`\nroutes/login.ts(7,49): error TS7016: Could not find a declaration file for module 'express'. '/juice-shop/node_modules/express/index.js' implicitly has an 'any' type.\n  Try `npm i --save-dev @types/express` if it exists or add a new declaration (.d.ts) file containing `declare module 'express';`\nroutes/memory.ts(6,49): error TS7016: Could not find a declaration file for module 'express'. '/juice-shop/node_modules/express/index.js' implicitly has an 'any' type.\n  Try `npm i --save-dev @types/express` if it exists or add a new declaration (.d.ts) file containing `declare module 'express';`\nroutes/metrics.ts(7,49): error TS7016: Could not find a declaration file for module 'express'. '/juice-shop/node_modules/express/index.js' implicitly has an 'any' type.\n  Try `npm i --save-dev @types/express` if it exists or add a new declaration (.d.ts) file containing `declare module 'express';`\nroutes/order.ts(7,49): error TS7016: Could not find a declaration file for module 'express'. '/juice-shop/node_modules/express/index.js' implicitly has an 'any' type.\n  Try `npm i --save-dev @types/express` if it exists or add a new declaration (.d.ts) file containing `declare module 'express';`\nroutes/orderHistory.ts(6,49): error TS7016: Could not find a declaration file for module 'express'. '/juice-shop/node_modules/express/index.js' implicitly has an 'any' type.\n  Try `npm i --save-dev @types/express` if it exists or add a new declaration (.d.ts) file containing `declare module 'express';`\nroutes/payment.ts(6,49): error TS7016: Could not find a declaration file for module 'express'. '/juice-shop/node_modules/express/index.js' implicitly has an 'any' type.\n  Try `npm i --save-dev @types/express` if it exists or add a new declaration (.d.ts) file containing `declare module 'express';`\nroutes/premiumReward.ts(7,35): error TS7016: Could not find a declaration file for module 'express'. '/juice-shop/node_modules/express/index.js' implicitly has an 'any' type.\n  Try `npm i --save-dev @types/express` if it exists or add a new declaration (.d.ts) file containing `declare module 'express';`\nroutes/privacyPolicyProof.ts(7,35): error TS7016: Could not find a declaration file for module 'express'. '/juice-shop/node_modules/express/index.js' implicitly has an 'any' type.\n  Try `npm i --save-dev @types/express` if it exists or add a new declaration (.d.ts) file containing `declare module 'express';`\nroutes/profileImageFileUpload.ts(7,49): error TS7016: Could not find a declaration file for module 'express'. '/juice-shop/node_modules/express/index.js' implicitly has an 'any' type.\n  Try `npm i --save-dev @types/express` if it exists or add a new declaration (.d.ts) file containing `declare module 'express';`\nroutes/profileImageFileUpload.ts(30,13): error TS2578: Unused '@ts-expect-error' directive.\nroutes/profileImageUrlUpload.ts(7,49): error TS7016: Could not find a declaration file for module 'express'. '/juice-shop/node_modules/express/index.js' implicitly has an 'any' type.\n  Try `npm i --save-dev @types/express` if it exists or add a new declaration (.d.ts) file containing `declare module 'express';`\nroutes/quarantineServer.ts(7,49): error TS7016: Could not find a declaration file for module 'express'. '/juice-shop/node_modules/express/index.js' implicitly has an 'any' type.\n  Try `npm i --save-dev @types/express` if it exists or add a new declaration (.d.ts) file containing `declare module 'express';`\nroutes/recycles.ts(6,35): error TS7016: Could not find a declaration file for module 'express'. '/juice-shop/node_modules/express/index.js' implicitly has an 'any' type.\n  Try `npm i --save-dev @types/express` if it exists or add a new declaration (.d.ts) file containing `declare module 'express';`\nroutes/redirect.ts(8,49): error TS7016: Could not find a declaration file for module 'express'. '/juice-shop/node_modules/express/index.js' implicitly has an 'any' type.\n  Try `npm i --save-dev @types/express` if it exists or add a new declaration (.d.ts) file containing `declare module 'express';`\nroutes/repeatNotification.ts(7,35): error TS7016: Could not find a declaration file for module 'express'. '/juice-shop/node_modules/express/index.js' implicitly has an 'any' type.\n  Try `npm i --save-dev @types/express` if it exists or add a new declaration (.d.ts) file containing `declare module 'express';`\nroutes/resetPassword.ts(6,25): error TS7016: Could not find a declaration file for module 'config'. '/juice-shop/node_modules/config/lib/config.js' implicitly has an 'any' type.\n  Try `npm i --save-dev @types/config` if it exists or add a new declaration (.d.ts) file containing `declare module 'config';`\nroutes/resetPassword.ts(7,49): error TS7016: Could not find a declaration file for module 'express'. '/juice-shop/node_modules/express/index.js' implicitly has an 'any' type.\n  Try `npm i --save-dev @types/express` if it exists or add a new declaration (.d.ts) file containing `declare module 'express';`\nroutes/restoreProgress.ts(7,35): error TS7016: Could not find a declaration file for module 'express'. '/juice-shop/node_modules/express/index.js' implicitly has an 'any' type.\n  Try `npm i --save-dev @types/express` if it exists or add a new declaration (.d.ts) file containing `declare module 'express';`\nroutes/saveLoginIp.ts(6,49): error TS7016: Could not find a declaration file for module 'express'. '/juice-shop/node_modules/express/index.js' implicitly has an 'any' type.\n  Try `npm i --save-dev @types/express` if it exists or add a new declaration (.d.ts) file containing `declare module 'express';`\nroutes/search.ts(7,49): error TS7016: Could not find a declaration file for module 'express'. '/juice-shop/node_modules/express/index.js' implicitly has an 'any' type.\n  Try `npm i --save-dev @types/express` if it exists or add a new declaration (.d.ts) file containing `declare module 'express';`\nroutes/securityQuestion.ts(6,49): error TS7016: Could not find a declaration file for module 'express'. '/juice-shop/node_modules/express/index.js' implicitly has an 'any' type.\n  Try `npm i --save-dev @types/express` if it exists or add a new declaration (.d.ts) file containing `declare module 'express';`\nroutes/showProductReviews.ts(8,49): error TS7016: Could not find a declaration file for module 'express'. '/juice-shop/node_modules/express/index.js' implicitly has an 'any' type.\n  Try `npm i --save-dev @types/express` if it exists or add a new declaration (.d.ts) file containing `declare module 'express';`\nroutes/trackOrder.ts(8,35): error TS7016: Could not find a declaration file for module 'express'. '/juice-shop/node_modules/express/index.js' implicitly has an 'any' type.\n  Try `npm i --save-dev @types/express` if it exists or add a new declaration (.d.ts) file containing `declare module 'express';`\nroutes/updateProductReviews.ts(7,49): error TS7016: Could not find a declaration file for module 'express'. '/juice-shop/node_modules/express/index.js' implicitly has an 'any' type.\n  Try `npm i --save-dev @types/express` if it exists or add a new declaration (.d.ts) file containing `declare module 'express';`\nroutes/updateUserProfile.ts(6,49): error TS7016: Could not find a declaration file for module 'express'. '/juice-shop/node_modules/express/index.js' implicitly has an 'any' type.\n  Try `npm i --save-dev @types/express` if it exists or add a new declaration (.d.ts) file containing `declare module 'express';`\nroutes/userProfile.ts(7,49): error TS7016: Could not find a declaration file for module 'express'. '/juice-shop/node_modules/express/index.js' implicitly has an 'any' type.\n  Try `npm i --save-dev @types/express` if it exists or add a new declaration (.d.ts) file containing `declare module 'express';`\nroutes/verify.ts(6,49): error TS7016: Could not find a declaration file for module 'express'. '/juice-shop/node_modules/express/index.js' implicitly has an 'any' type.\n  Try `npm i --save-dev @types/express` if it exists or add a new declaration (.d.ts) file containing `declare module 'express';`\nroutes/verify.ts(8,42): error TS7016: Could not find a declaration file for module 'jsonwebtoken'. '/juice-shop/node_modules/jsonwebtoken/index.js' implicitly has an 'any' type.\n  Try `npm i --save-dev @types/jsonwebtoken` if it exists or add a new declaration (.d.ts) file containing `declare module 'jsonwebtoken';`\nroutes/videoHandler.ts(7,35): error TS7016: Could not find a declaration file for module 'express'. '/juice-shop/node_modules/express/index.js' implicitly has an 'any' type.\n  Try `npm i --save-dev @types/express` if it exists or add a new declaration (.d.ts) file containing `declare module 'express';`\nroutes/vulnCodeFixes.ts(1,49): error TS7016: Could not find a declaration file for module 'express'. '/juice-shop/node_modules/express/index.js' implicitly has an 'any' type.\n  Try `npm i --save-dev @types/express` if it exists or add a new declaration (.d.ts) file containing `declare module 'express';`\nroutes/vulnCodeSnippet.ts(6,49): error TS7016: Could not find a declaration file for module 'express'. '/juice-shop/node_modules/express/index.js' implicitly has an 'any' type.\n  Try `npm i --save-dev @types/express` if it exists or add a new declaration (.d.ts) file containing `declare module 'express';`\nroutes/vulnCodeSnippet.ts(7,16): error TS7016: Could not find a declaration file for module 'graceful-fs'. '/juice-shop/node_modules/graceful-fs/graceful-fs.js' implicitly has an 'any' type.\n  Try `npm i --save-dev @types/graceful-fs` if it exists or add a new declaration (.d.ts) file containing `declare module 'graceful-fs';`\nroutes/vulnCodeSnippet.ts(9,18): error TS7016: Could not find a declaration file for module 'js-yaml'. '/juice-shop/node_modules/js-yaml/index.js' implicitly has an 'any' type.\n  Try `npm i --save-dev @types/js-yaml` if it exists or add a new declaration (.d.ts) file containing `declare module 'js-yaml';`\nroutes/vulnCodeSnippet.ts(33,53): error TS7006: Parameter 'file' implicitly has an 'any' type.\nroutes/wallet.ts(6,49): error TS7016: Could not find a declaration file for module 'express'. '/juice-shop/node_modules/express/index.js' implicitly has an 'any' type.\n  Try `npm i --save-dev @types/express` if it exists or add a new declaration (.d.ts) file containing `declare module 'express';`\nroutes/wallet.ts(28,64): error TS2339: Property 'balance' does not exist on type '[affectedRows: Wallet[], affectedCount?: number | undefined]'.\nserver.ts(7,49): error TS7016: Could not find a declaration file for module 'express'. '/juice-shop/node_modules/express/index.js' implicitly has an 'any' type.\n  Try `npm i --save-dev @types/express` if it exists or add a new declaration (.d.ts) file containing `declare module 'express';`\nserver.ts(216,5): error TS2578: Unused '@ts-expect-error' directive.\nserver.ts(233,7): error TS2578: Unused '@ts-expect-error' directive.\nserver.ts(280,5): error TS2578: Unused '@ts-expect-error' directive.\nserver.ts(646,5): error TS7034: Variable 'metricsUpdateLoop' implicitly has type 'any' in some locations where its type cannot be determined.\nserver.ts(683,19): error TS7005: Variable 'metricsUpdateLoop' implicitly has an 'any' type.\n\nadded 1095 packages, and audited 1096 packages in 5m\n\n69 packages are looking for funding\n  run `npm fund` for details\n\n16 vulnerabilities (8 moderate, 3 high, 5 critical)\n\nTo address issues that do not require attention, run:\n  npm audit fix\n\nTo address all issues possible (including breaking changes), run:\n  npm audit fix --force\n\nSome issues need review, and may require choosing\na different dependency.\n\nRun `npm audit` for details.\nRemoving intermediate container c383822a19a8\n ---> df4822f6b797\nStep 6/19 : RUN npm dedupe\n ---> Running in b3a1941158fd\n\u001b[91mnpm WARN deprecated w3c-hr-time@1.0.2: Use your platform's native performance.now() and performance.timeOrigin.\n\u001b[0m\u001b[91mnpm WARN deprecated topo@3.0.3: This module has moved and is now available at @hapi/topo. Please update your dependencies as this version is no longer maintained an may contain bugs and security issues.\n\u001b[0m\u001b[91mnpm WARN deprecated hoek@5.0.4: This version has been deprecated in accordance with the hapi support policy (hapi.im/support). Please upgrade to the latest version to get the best features, bug fixes, and security patches. If you are unable to upgrade at this time, paid support is available for older versions (hapi.im/commercial).\n\u001b[0m\u001b[91mnpm WARN deprecated sane@4.1.0: some dependency vulnerabilities fixed, support for node < 10 dropped, and newer ECMAScript syntax/features added\n\u001b[0m\u001b[91mnpm WARN deprecated ecstatic@3.3.2: This package is unmaintained and deprecated. See the GH Issue 259.\n\u001b[0m\u001b[91mnpm WARN deprecated @types/socket.io-parser@3.0.0: This is a stub types definition. socket.io-parser provides its own type definitions, so you do not need this installed.\n\u001b[0m\u001b[91mnpm WARN deprecated hoek@6.1.3: This module has moved and is now available at @hapi/hoek. Please update your dependencies as this version is no longer maintained an may contain bugs and security issues.\n\u001b[0m\u001b[91mnpm WARN deprecated @types/express-unless@2.0.1: This is a stub types definition. express-unless provides its own type definitions, so you do not need this installed.\n\u001b[0m\u001b[91mnpm WARN \u001b[0m\u001b[91mdeprecated joi@13.7.0: This version has been deprecated in accordance with the hapi support policy (hapi.im/support). Please upgrade to the latest version to get the best features, bug fixes, and security patches. If you are unable to upgrade at this time, paid support is available for older versions (hapi.im/commercial).\n\u001b[0m\nadded 841 packages, removed 6 packages, changed 4 packages, and audited 1931 packages in 56s\n\n149 packages are looking for funding\n  run `npm fund` for details\n\n21 vulnerabilities (11 moderate, 5 high, 5 critical)\n\nTo address issues that do not require attention, run:\n  npm audit fix\n\nTo address all issues possible (including breaking changes), run:\n  npm audit fix --force\n\nSome issues need review, and may require choosing\na different dependency.\n\nRun `npm audit` for details.\nRemoving intermediate container b3a1941158fd\n ---> e86137f327ef\nStep 7/19 : RUN rm -rf frontend/node_modules\n ---> Running in ed5e1c566899\nRemoving intermediate container ed5e1c566899\n ---> 4c6a84e193dd\nStep 8/19 : RUN rm -rf frontend/.angular\n ---> Running in 034ebb3f9956\nRemoving intermediate container 034ebb3f9956\n ---> 086eed9af77f\nStep 9/19 : RUN rm -rf frontend/src/assets\n ---> Running in e188256e6742\nRemoving intermediate container e188256e6742\n ---> 6a4b75892e6f\nStep 10/19 : RUN mkdir logs &&     chown -R 65532 logs &&     chgrp -R 0 ftp/ frontend/dist/ logs/ data/ i18n/ &&     chmod -R g=u ftp/ frontend/dist/ logs/ data/ i18n/\n ---> Running in b376655f90c2\nRemoving intermediate container b376655f90c2\n ---> a3f63a77774a\nStep 11/19 : FROM gcr.io/distroless/nodejs:16\n16: Pulling from distroless/nodejs\nfc251a6e7981: Pulling fs layer\nfda4ba87f6fb: Pulling fs layer\na1f1879bb7de: Pulling fs layer\n51dfcb876247: Pulling fs layer\n51dfcb876247: Waiting\na1f1879bb7de: Verifying Checksum\na1f1879bb7de: Download complete\nfc251a6e7981: Verifying Checksum\nfc251a6e7981: Download complete\nfda4ba87f6fb: Verifying Checksum\nfda4ba87f6fb: Download complete\nfc251a6e7981: Pull complete\n51dfcb876247: Download complete\nfda4ba87f6fb: Pull complete\na1f1879bb7de: Pull complete\n51dfcb876247: Pull complete\nDigest: sha256:4e52ed00e9d6ae22d503d0504666e4ffbad39d6c756f52308022a0845bf230fa\nStatus: Downloaded newer image for gcr.io/distroless/nodejs:16\n ---> 37d336bef6f0\nStep 12/19 : ARG BUILD_DATE\n ---> Running in 955b418a161b\nRemoving intermediate container 955b418a161b\n ---> 4f5bb52ee7ea\nStep 13/19 : ARG VCS_REF\n ---> Running in 24d9dad24e94\nRemoving intermediate container 24d9dad24e94\n ---> 62a30cdcf0ca\nStep 14/19 : LABEL maintainer=\"Bjoern Kimminich <bjoern.kimminich@owasp.org>\"     org.opencontainers.image.title=\"OWASP Juice Shop\"     org.opencontainers.image.description=\"Probably the most modern and sophisticated insecure web application\"     org.opencontainers.image.authors=\"Bjoern Kimminich <bjoern.kimminich@owasp.org>\"     org.opencontainers.image.vendor=\"Open Web Application Security Project\"     org.opencontainers.image.documentation=\"https://help.owasp-juice.shop\"     org.opencontainers.image.licenses=\"MIT\"     org.opencontainers.image.version=\"14.3.1\"     org.opencontainers.image.url=\"https://owasp-juice.shop\"     org.opencontainers.image.source=\"https://github.com/juice-shop/juice-shop\"     org.opencontainers.image.revision=$VCS_REF     org.opencontainers.image.created=$BUILD_DATE\n ---> Running in f42d05485204\nRemoving intermediate container f42d05485204\n ---> 1053c7933018\nStep 15/19 : WORKDIR /juice-shop\n ---> Running in fcceee9d8b74\nRemoving intermediate container fcceee9d8b74\n ---> ddb73b409cf7\nStep 16/19 : COPY --from=installer --chown=nonroot /juice-shop .\n ---> b03ba45262d8\nStep 17/19 : USER 65532\n ---> Running in 9c7e46829f83\nRemoving intermediate container 9c7e46829f83\n ---> 41d3698e0a24\nStep 18/19 : EXPOSE 3000\n ---> Running in 1de275ade8d5\nRemoving intermediate container 1de275ade8d5\n ---> ae06247df871\nStep 19/19 : CMD [\"/juice-shop/build/app.js\"]\n ---> Running in 029bf181ceab\nRemoving intermediate container 029bf181ceab\n ---> a2bda88d5d0a\nSuccessfully built a2bda88d5d0a\nSuccessfully tagged juice-shop:latest\n","stderr":"","imageSize":525530185},"repair":{"violations":[{"name":"npmCacheCleanAfterInstall","position":{"start":3,"end":3,"columnStart":4,"columnEnd":31}},{"name":"npmCacheCleanAfterInstall","position":{"start":4,"end":4,"columnStart":4,"columnEnd":40}}],"repairedDockerfile":"FROM node:16 as installer\nCOPY . /juice-shop\nWORKDIR /juice-shop\nRUN npm i -g typescript ts-node\nRUN npm install --omit=dev --unsafe-perm\nRUN npm dedupe\nRUN rm -rf frontend/node_modules\nRUN rm -rf frontend/.angular\nRUN rm -rf frontend/src/assets\nRUN mkdir logs && \\\n    chown -R 65532 logs && \\\n    chgrp -R 0 ftp/ frontend/dist/ logs/ data/ i18n/ && \\\n    chmod -R g=u ftp/ frontend/dist/ logs/ data/ i18n/\n\nFROM gcr.io/distroless/nodejs:16\nARG BUILD_DATE\nARG VCS_REF\nLABEL maintainer=\"Bjoern Kimminich <bjoern.kimminich@owasp.org>\" \\\n    org.opencontainers.image.title=\"OWASP Juice Shop\" \\\n    org.opencontainers.image.description=\"Probably the most modern and sophisticated insecure web application\" \\\n    org.opencontainers.image.authors=\"Bjoern Kimminich <bjoern.kimminich@owasp.org>\" \\\n    org.opencontainers.image.vendor=\"Open Web Application Security Project\" \\\n    org.opencontainers.image.documentation=\"https://help.owasp-juice.shop\" \\\n    org.opencontainers.image.licenses=\"MIT\" \\\n    org.opencontainers.image.version=\"14.3.1\" \\\n    org.opencontainers.image.url=\"https://owasp-juice.shop\" \\\n    org.opencontainers.image.source=\"https://github.com/juice-shop/juice-shop\" \\\n    org.opencontainers.image.revision=$VCS_REF \\\n    org.opencontainers.image.created=$BUILD_DATE\nWORKDIR /juice-shop\nCOPY --from=installer --chown=nonroot /juice-shop .\nUSER 65532\nEXPOSE 3000\nCMD [\"/juice-shop/build/app.js\"]\n"},"repairedBuild":{"startTimestamp":1672239470284,"endTimestamp":1672240333472,"error":null,"stdout":"Sending build context to Docker daemon  43.68MB\r\r\nStep 1/19 : FROM node:16 as installer\n ---> c910109adbfd\nStep 2/19 : COPY . /juice-shop\n ---> f5f8a02584cf\nStep 3/19 : WORKDIR /juice-shop\n ---> Running in 8e00fa32f776\nRemoving intermediate container 8e00fa32f776\n ---> 4432842b9205\nStep 4/19 : RUN npm i -g typescript ts-node\n ---> Running in 1bb55d785a9a\n\nadded 19 packages, and audited 20 packages in 3s\n\nfound 0 vulnerabilities\n\u001b[91mnpm notice \nnpm notice\u001b[0m\u001b[91m New major version of npm available! 8.19.3 -> 9.2.0\nnpm notice Changelog: <https://github.com/npm/cli/releases/tag/v9.2.0>\nnpm notice Run `npm install -g npm@9.2.0` to update!\nnpm notice \n\u001b[0mRemoving intermediate container 1bb55d785a9a\n ---> 7eef589e8e8f\nStep 5/19 : RUN npm install --omit=dev --unsafe-perm\n ---> Running in 75c4b380ddfd\n\u001b[91mnpm WARN deprecated formatio@1.1.1: This package is unmaintained. Use @sinonjs/formatio instead\n\u001b[0m\u001b[91mnpm WARN deprecated samsam@1.1.2: This package has been deprecated in favour of @sinonjs/samsam\n\u001b[0m\u001b[91mnpm WARN deprecated eivindfjeldstad-dot@0.0.1: Use @eivifj/dot instead\n\u001b[0m\u001b[91mnpm WARN deprecated @npmcli/move-file@1.1.2: This functionality has been moved to @npmcli/fs\n\u001b[0m\u001b[91mnpm WARN deprecated urix@0.1.0: Please see https://github.com/lydell/urix#deprecated\n\u001b[0m\u001b[91mnpm WARN deprecated resolve-url@0.2.1: https://github.com/lydell/resolve-url#deprecated\n\u001b[0m\u001b[91mnpm WARN deprecated\u001b[0m\u001b[91m source-map-url@0.4.1: See https://github.com/lydell/source-map-url#deprecated\n\u001b[0m\u001b[91mnpm WARN deprecated source-map-resolve@0.5.3: See https://github.com/lydell/source-map-resolve#deprecated\n\u001b[0m\u001b[91mnpm WARN deprecated har-validator@5.1.5: this library is no longer supported\n\u001b[0m\u001b[91mnpm WARN deprecated jws@0.2.6: Security update: Versions below 3.0.0 are deprecated.\n\u001b[0m\u001b[91mnpm WARN deprecated messageformat@2.3.0: Package renamed as '@messageformat/core', see messageformat.github.io for more details. 'messageformat@4' will eventually provide a polyfill for Intl.MessageFormat, once it's been defined by Unicode & ECMA.\n\u001b[0m\u001b[91mnpm WARN deprecated jsonwebtoken@0.4.0: Critical vulnerability fix in v5.0.0. See https://auth0.com/blog/2015/03/31/critical-vulnerabilities-in-json-web-token-libraries/\n\u001b[0m\u001b[91mnpm WARN deprecated notevil@1.3.3: Package no longer supported. Contact Support at https://www.npmjs.com/support for more info.\n\u001b[0m\u001b[91mnpm WARN deprecated jsonwebtoken@0.1.0: Critical vulnerability fix in v5.0.0. See https://auth0.com/blog/2015/03/31/critical-vulnerabilities-in-json-web-token-libraries/\n\u001b[0m\u001b[91mnpm WARN deprecated uuid@3.4.0: Please upgrade  to version 7 or higher.  Older versions may use Math.random() in certain circumstances, which is known to be problematic.  See https://v8.dev/blog/math-random for details.\n\u001b[0m\u001b[91mnpm WARN deprecated request@2.88.2: request has been deprecated, see https://github.com/request/request/issues/3142\n\u001b[0m\u001b[91mnpm WARN deprecated node-pre-gyp@0.15.0: Please upgrade to @mapbox/node-pre-gyp: the non-scoped node-pre-gyp package is deprecated and only the @mapbox scoped package will recieve updates in the future\n\u001b[0m\u001b[91mnpm WARN deprecated iltorb@2.4.5: The zlib module provides APIs for brotli compression/decompression starting with Node.js v10.16.0, please use it over iltorb\n\u001b[0m\n> juice-shop@14.3.1 postinstall\n> cd frontend && npm install --legacy-peer-deps && cd .. && npm run build:frontend && (npm run --silent build:server || cd .)\n\n\u001b[91mnpm WARN deprecated @npmcli/move-file@2.0.1: This functionality has been moved to @npmcli/fs\n\u001b[0m\u001b[91mnpm WARN deprecated sourcemap-codec@1.4.8: Please use @jridgewell/sourcemap-codec instead\n\u001b[0m\u001b[91mnpm WARN deprecated @angular/flex-layout@10.0.0-beta.32: This package has been deprecated. Please see https://blog.angular.io/modern-css-in-angular-layouts-4a259dca9127\n\u001b[0m\n> frontend@14.3.1 postinstall\n> ngcc --tsconfig \"./src/tsconfig.app.json\"\n\nProcessing legacy \"View Engine\" libraries:\n- @angular/flex-layout/core [es2015/esm2015] (https://github.com/angular/flex-layout.git)\n- @angular/http [fesm2015/esm2015] (https://github.com/angular/angular.git)\n- @ngx-translate/core [fesm2015/esm2015] (git+https://github.com/ngx-translate/core.git)\n- @angular/flex-layout/extended [es2015/esm2015] (https://github.com/angular/flex-layout.git)\n- @angular/flex-layout/flex [es2015/esm2015] (https://github.com/angular/flex-layout.git)\n- @angular/flex-layout/grid [es2015/esm2015] (https://github.com/angular/flex-layout.git)\n- @angular/http/testing [fesm2015/esm2015] (https://github.com/angular/angular.git)\n- @angular-material-extensions/password-strength [fesm2015/esm2015] (git://github.com/angular-material-extensions/password-strength.git)\n- ng2-file-upload [fesm2015/esm2015] ()\n- ngx-text-diff [fesm2015/esm2015] (https://github.com/ABenassi87/ngx-text-diff.git)\n- @nguniversal/common [fesm2015/esm2015] (https://github.com/angular/universal)\n- @nguniversal/common/tokens [fesm2015/esm2015] (https://github.com/angular/universal)\n- @nguniversal/express-engine/tokens [fesm2015/esm2015] (https://github.com/angular/universal)\n- @ngx-translate/http-loader [fesm2015/esm2015] (git+https://github.com/ngx-translate/http-loader.git)\n- ng-mat-search-bar [fesm2015/esm2015] (https://github.com/tommueller/ng-mat-search-bar.git)\n- ng-simple-slideshow [es2015/esm2015] (git+https://github.com/dockleryxk/ng-simple-slideshow.git)\n- @angular/flex-layout [es2015/esm2015] (https://github.com/angular/flex-layout.git)\n- anuglar2-qrcode [main/umd] (git+https://github.com/SuperiorJT/angular2-qrcode.git)\n- @angular/flex-layout/core [module/esm5] (https://github.com/angular/flex-layout.git)\n- @angular/flex-layout/core [main/umd] (https://github.com/angular/flex-layout.git)\n- @angular/flex-layout/extended [module/esm5] (https://github.com/angular/flex-layout.git)\n- @angular/flex-layout/extended [main/umd] (https://github.com/angular/flex-layout.git)\n- @angular/flex-layout/flex [module/esm5] (https://github.com/angular/flex-layout.git)\n- @angular/flex-layout/flex [main/umd] (https://github.com/angular/flex-layout.git)\n- @angular/flex-layout/grid [module/esm5] (https://github.com/angular/flex-layout.git)\n- @angular/flex-layout/grid [main/umd] (https://github.com/angular/flex-layout.git)\n- @angular/flex-layout [main/umd] (https://github.com/angular/flex-layout.git)\n- @angular/flex-layout [module/esm5] (https://github.com/angular/flex-layout.git)\n- @angular/http [fesm5/esm5] (https://github.com/angular/angular.git)\n- @angular/http [esm2015/esm2015] (https://github.com/angular/angular.git)\n- @angular/http [esm5/esm5] (https://github.com/angular/angular.git)\n- @angular/http [main/umd] (https://github.com/angular/angular.git)\n- @angular/http/testing [fesm5/esm5] (https://github.com/angular/angular.git)\n- @angular/http/testing [esm2015/esm2015] (https://github.com/angular/angular.git)\n- @angular/http/testing [esm5/esm5] (https://github.com/angular/angular.git)\n- @angular/http/testing [main/umd] (https://github.com/angular/angular.git)\n- @angular-material-extensions/password-strength [fesm5/esm5] (git://github.com/angular-material-extensions/password-strength.git)\n- @angular-material-extensions/password-strength [esm2015/esm2015] (git://github.com/angular-material-extensions/password-strength.git)\n- @angular-material-extensions/password-strength [esm5/esm5] (git://github.com/angular-material-extensions/password-strength.git)\n- @angular-material-extensions/password-strength [main/umd] (git://github.com/angular-material-extensions/password-strength.git)\n- @nguniversal/common [esm2015/esm2015] (https://github.com/angular/universal)\n- @nguniversal/common [main/umd] (https://github.com/angular/universal)\n- @nguniversal/common/tokens [esm2015/esm2015] (https://github.com/angular/universal)\n- @nguniversal/common/tokens [main/umd] (https://github.com/angular/universal)\n- @nguniversal/express-engine/tokens [esm2015/esm2015] (https://github.com/angular/universal)\n- @nguniversal/express-engine/tokens [main/umd] (https://github.com/angular/universal)\n- @ngx-translate/core [esm2015/esm2015] (git+https://github.com/ngx-translate/core.git)\n- @ngx-translate/http-loader [esm2015/esm2015] (git+https://github.com/ngx-translate/http-loader.git)\n- @ngx-translate/core [main/umd] (git+https://github.com/ngx-translate/core.git)\n- anuglar2-qrcode [module/esm5] (git+https://github.com/SuperiorJT/angular2-qrcode.git)\n- @ngx-translate/http-loader [main/umd] (git+https://github.com/ngx-translate/http-loader.git)\n- ng-mat-search-bar [esm2015/esm2015] (https://github.com/tommueller/ng-mat-search-bar.git)\n- ng-mat-search-bar [main/umd] (https://github.com/tommueller/ng-mat-search-bar.git)\n- ng-simple-slideshow [main/umd] (git+https://github.com/dockleryxk/ng-simple-slideshow.git)\n- ng-simple-slideshow [module/esm5] (git+https://github.com/dockleryxk/ng-simple-slideshow.git)\n- ng2-file-upload [fesm5/esm5] ()\n- ng2-file-upload [esm2015/esm2015] ()\n- ng2-file-upload [esm5/esm5] ()\n- ng2-file-upload [main/umd] ()\n- ngx-text-diff [fesm5/esm5] (https://github.com/ABenassi87/ngx-text-diff.git)\n- ngx-text-diff [esm2015/esm2015] (https://github.com/ABenassi87/ngx-text-diff.git)\n- ngx-text-diff [esm5/esm5] (https://github.com/ABenassi87/ngx-text-diff.git)\n- ngx-text-diff [main/umd] (https://github.com/ABenassi87/ngx-text-diff.git)\nEncourage the library authors to publish an Ivy distribution.\n\nadded 919 packages, and audited 920 packages in 57s\n\n120 packages are looking for funding\n  run `npm fund` for details\n\nfound 0 vulnerabilities\n\n> juice-shop@14.3.1 build:frontend\n> cd frontend && node ./node_modules/@angular/cli/bin/ng build --aot --configuration production --output-hashing=none --vendor-chunk=true --source-map=false\n\n\u001b[91m- Generating browser application bundles (phase: setup)...\n\u001b[0m\u001b[91m✔ Browser application bundle generation complete.\n\u001b[0m\u001b[91m✔ Browser application bundle generation complete.\n\u001b[0m\u001b[91m- Copying assets...\n\u001b[0m\u001b[91m✔ Copying assets complete.\n- Generating index html...\n\u001b[0m\u001b[91m✔ Index html generation complete.\n\u001b[0m\u001b[91m\nWarning: /juice-shop/frontend/node_modules/anuglar2-qrcode/lib/angular2-qrcode.js depends on 'qrious'. CommonJS or AMD dependencies can cause optimization bailouts.\nFor more info see: https://angular.io/guide/build#configuring-commonjs-dependencies\n\nWarning: /juice-shop/frontend/node_modules/ngx-text-diff/fesm2015/ngx-text-diff.js depends on 'diff-match-patch'. CommonJS or AMD dependencies can cause optimization bailouts.\nFor more info see: https://angular.io/guide/build#configuring-commonjs-dependencies\n\n\n\u001b[0m\nInitial Chunk Files | Names                                 |  Raw Size | Estimated Transfer Size\nvendor.js           | vendor                                |   1.31 MB |               296.24 kB\nstyles.css          | styles                                | 593.21 kB |                29.32 kB\nmain.js             | main                                  | 388.32 kB |                62.92 kB\npolyfills.js        | polyfills                             |  53.20 kB |                16.96 kB\nruntime.js          | runtime                               |   3.15 kB |                 1.44 kB\n\n| Initial Total                         |   2.33 MB |               406.88 kB\n\nLazy Chunk Files    | Names                                 |  Raw Size | Estimated Transfer Size\ntutorial.js         | tutorial                              |  28.68 kB |                 7.31 kB\n112.js              | highlight-js-lib-core                 |  20.04 kB |                 7.28 kB\n103.js              | confetti                              |   8.00 kB |                 2.96 kB\n535.js              | highlight-js-lib-languages-typescript |   7.25 kB |                 2.61 kB\n613.js              | highlight-js-lib-languages-javascript |   6.19 kB |                 2.26 kB\n859.js              | highlightjs-line-numbers-js           |   3.32 kB |                 1.35 kB\n472.js              | highlight-js-lib-languages-yaml       |   1.75 kB |               737 bytes\n\nBuild at: 2022-12-28T15:02:22.435Z - Hash: 84b25fc503a35950 - Time: 42306ms\nlib/antiCheat.ts(6,25): error TS7016: Could not find a declaration file for module 'config'. '/juice-shop/node_modules/config/lib/config.js' implicitly has an 'any' type.\n  Try `npm i --save-dev @types/config` if it exists or add a new declaration (.d.ts) file containing `declare module 'config';`\nlib/challengeUtils.ts(53,16): error TS7017: Element implicitly has an 'any' type because type 'typeof globalThis' has no index signature.\nlib/insecurity.ts(6,49): error TS7016: Could not find a declaration file for module 'express'. '/juice-shop/node_modules/express/index.js' implicitly has an 'any' type.\n  Try `npm i --save-dev @types/express` if it exists or add a new declaration (.d.ts) file containing `declare module 'express';`\nlib/startup/cleanupFtpFolder.ts(6,23): error TS7016: Could not find a declaration file for module 'glob'. '/juice-shop/node_modules/glob/glob.js' implicitly has an 'any' type.\n  Try `npm i --save-dev @types/glob` if it exists or add a new declaration (.d.ts) file containing `declare module 'glob';`\nlib/startup/customizeEasterEgg.ts(6,25): error TS7016: Could not find a declaration file for module 'config'. '/juice-shop/node_modules/config/lib/config.js' implicitly has an 'any' type.\n  Try `npm i --save-dev @types/config` if it exists or add a new declaration (.d.ts) file containing `declare module 'config';`\nlib/startup/registerWebsocketEvents.ts(6,25): error TS7016: Could not find a declaration file for module 'config'. '/juice-shop/node_modules/config/lib/config.js' implicitly has an 'any' type.\n  Try `npm i --save-dev @types/config` if it exists or add a new declaration (.d.ts) file containing `declare module 'config';`\nlib/startup/registerWebsocketEvents.ts(16,10): error TS7017: Element implicitly has an 'any' type because type 'typeof globalThis' has no index signature.\nlib/startup/validateChatBot.ts(6,25): error TS7016: Could not find a declaration file for module 'config'. '/juice-shop/node_modules/config/lib/config.js' implicitly has an 'any' type.\n  Try `npm i --save-dev @types/config` if it exists or add a new declaration (.d.ts) file containing `declare module 'config';`\nlib/startup/validatePreconditions.ts(7,25): error TS7016: Could not find a declaration file for module 'config'. '/juice-shop/node_modules/config/lib/config.js' implicitly has an 'any' type.\n  Try `npm i --save-dev @types/config` if it exists or add a new declaration (.d.ts) file containing `declare module 'config';`\nlib/webhook.ts(6,26): error TS7016: Could not find a declaration file for module 'request'. '/juice-shop/node_modules/request/index.js' implicitly has an 'any' type.\n  Try `npm i --save-dev @types/request` if it exists or add a new declaration (.d.ts) file containing `declare module 'request';`\nmodels/user.ts(7,25): error TS7016: Could not find a declaration file for module 'config'. '/juice-shop/node_modules/config/lib/config.js' implicitly has an 'any' type.\n  Try `npm i --save-dev @types/config` if it exists or add a new declaration (.d.ts) file containing `declare module 'config';`\nroutes/2fa.ts(6,25): error TS7016: Could not find a declaration file for module 'config'. '/juice-shop/node_modules/config/lib/config.js' implicitly has an 'any' type.\n  Try `npm i --save-dev @types/config` if it exists or add a new declaration (.d.ts) file containing `declare module 'config';`\nroutes/2fa.ts(7,35): error TS7016: Could not find a declaration file for module 'express'. '/juice-shop/node_modules/express/index.js' implicitly has an 'any' type.\n  Try `npm i --save-dev @types/express` if it exists or add a new declaration (.d.ts) file containing `declare module 'express';`\nroutes/address.ts(6,35): error TS7016: Could not find a declaration file for module 'express'. '/juice-shop/node_modules/express/index.js' implicitly has an 'any' type.\n  Try `npm i --save-dev @types/express` if it exists or add a new declaration (.d.ts) file containing `declare module 'express';`\nroutes/angular.ts(7,49): error TS7016: Could not find a declaration file for module 'express'. '/juice-shop/node_modules/express/index.js' implicitly has an 'any' type.\n  Try `npm i --save-dev @types/express` if it exists or add a new declaration (.d.ts) file containing `declare module 'express';`\nroutes/appConfiguration.ts(6,25): error TS7016: Could not find a declaration file for module 'config'. '/juice-shop/node_modules/config/lib/config.js' implicitly has an 'any' type.\n  Try `npm i --save-dev @types/config` if it exists or add a new declaration (.d.ts) file containing `declare module 'config';`\nroutes/appConfiguration.ts(7,35): error TS7016: Could not find a declaration file for module 'express'. '/juice-shop/node_modules/express/index.js' implicitly has an 'any' type.\n  Try `npm i --save-dev @types/express` if it exists or add a new declaration (.d.ts) file containing `declare module 'express';`\nroutes/appVersion.ts(6,25): error TS7016: Could not find a declaration file for module 'config'. '/juice-shop/node_modules/config/lib/config.js' implicitly has an 'any' type.\n  Try `npm i --save-dev @types/config` if it exists or add a new declaration (.d.ts) file containing `declare module 'config';`\nroutes/appVersion.ts(7,35): error TS7016: Could not find a declaration file for module 'express'. '/juice-shop/node_modules/express/index.js' implicitly has an 'any' type.\n  Try `npm i --save-dev @types/express` if it exists or add a new declaration (.d.ts) file containing `declare module 'express';`\nroutes/authenticatedUsers.ts(5,49): error TS7016: Could not find a declaration file for module 'express'. '/juice-shop/node_modules/express/index.js' implicitly has an 'any' type.\n  Try `npm i --save-dev @types/express` if it exists or add a new declaration (.d.ts) file containing `declare module 'express';`\nroutes/b2bOrder.ts(7,49): error TS7016: Could not find a declaration file for module 'express'. '/juice-shop/node_modules/express/index.js' implicitly has an 'any' type.\n  Try `npm i --save-dev @types/express` if it exists or add a new declaration (.d.ts) file containing `declare module 'express';`\nroutes/basket.ts(6,49): error TS7016: Could not find a declaration file for module 'express'. '/juice-shop/node_modules/express/index.js' implicitly has an 'any' type.\n  Try `npm i --save-dev @types/express` if it exists or add a new declaration (.d.ts) file containing `declare module 'express';`\nroutes/basketItems.ts(6,49): error TS7016: Could not find a declaration file for module 'express'. '/juice-shop/node_modules/express/index.js' implicitly has an 'any' type.\n  Try `npm i --save-dev @types/express` if it exists or add a new declaration (.d.ts) file containing `declare module 'express';`\nroutes/captcha.ts(6,49): error TS7016: Could not find a declaration file for module 'express'. '/juice-shop/node_modules/express/index.js' implicitly has an 'any' type.\n  Try `npm i --save-dev @types/express` if it exists or add a new declaration (.d.ts) file containing `declare module 'express';`\nroutes/changePassword.ts(6,49): error TS7016: Could not find a declaration file for module 'express'. '/juice-shop/node_modules/express/index.js' implicitly has an 'any' type.\n  Try `npm i --save-dev @types/express` if it exists or add a new declaration (.d.ts) file containing `declare module 'express';`\nroutes/chatbot.ts(7,49): error TS7016: Could not find a declaration file for module 'express'. '/juice-shop/node_modules/express/index.js' implicitly has an 'any' type.\n  Try `npm i --save-dev @types/express` if it exists or add a new declaration (.d.ts) file containing `declare module 'express';`\nroutes/chatbot.ts(10,42): error TS7016: Could not find a declaration file for module 'jsonwebtoken'. '/juice-shop/node_modules/jsonwebtoken/index.js' implicitly has an 'any' type.\n  Try `npm i --save-dev @types/jsonwebtoken` if it exists or add a new declaration (.d.ts) file containing `declare module 'jsonwebtoken';`\nroutes/continueCode.ts(7,35): error TS7016: Could not find a declaration file for module 'express'. '/juice-shop/node_modules/express/index.js' implicitly has an 'any' type.\n  Try `npm i --save-dev @types/express` if it exists or add a new declaration (.d.ts) file containing `declare module 'express';`\nroutes/countryMapping.ts(6,35): error TS7016: Could not find a declaration file for module 'express'. '/juice-shop/node_modules/express/index.js' implicitly has an 'any' type.\n  Try `npm i --save-dev @types/express` if it exists or add a new declaration (.d.ts) file containing `declare module 'express';`\nroutes/coupon.ts(6,49): error TS7016: Could not find a declaration file for module 'express'. '/juice-shop/node_modules/express/index.js' implicitly has an 'any' type.\n  Try `npm i --save-dev @types/express` if it exists or add a new declaration (.d.ts) file containing `declare module 'express';`\nroutes/createProductReviews.ts(6,35): error TS7016: Could not find a declaration file for module 'express'. '/juice-shop/node_modules/express/index.js' implicitly has an 'any' type.\n  Try `npm i --save-dev @types/express` if it exists or add a new declaration (.d.ts) file containing `declare module 'express';`\nroutes/currentUser.ts(7,35): error TS7016: Could not find a declaration file for module 'express'. '/juice-shop/node_modules/express/index.js' implicitly has an 'any' type.\n  Try `npm i --save-dev @types/express` if it exists or add a new declaration (.d.ts) file containing `declare module 'express';`\nroutes/dataErasure.ts(5,58): error TS7016: Could not find a declaration file for module 'express'. '/juice-shop/node_modules/express/index.js' implicitly has an 'any' type.\n  Try `npm i --save-dev @types/express` if it exists or add a new declaration (.d.ts) file containing `declare module 'express';`\nroutes/dataErasure.ts(74,13): error TS7006: Parameter 'error' implicitly has an 'any' type.\nroutes/dataErasure.ts(74,20): error TS7006: Parameter 'html' implicitly has an 'any' type.\nroutes/dataExport.ts(6,49): error TS7016: Could not find a declaration file for module 'express'. '/juice-shop/node_modules/express/index.js' implicitly has an 'any' type.\n  Try `npm i --save-dev @types/express` if it exists or add a new declaration (.d.ts) file containing `declare module 'express';`\nroutes/delivery.ts(6,49): error TS7016: Could not find a declaration file for module 'express'. '/juice-shop/node_modules/express/index.js' implicitly has an 'any' type.\n  Try `npm i --save-dev @types/express` if it exists or add a new declaration (.d.ts) file containing `declare module 'express';`\nroutes/deluxe.ts(6,49): error TS7016: Could not find a declaration file for module 'express'. '/juice-shop/node_modules/express/index.js' implicitly has an 'any' type.\n  Try `npm i --save-dev @types/express` if it exists or add a new declaration (.d.ts) file containing `declare module 'express';`\nroutes/easterEgg.ts(7,35): error TS7016: Could not find a declaration file for module 'express'. '/juice-shop/node_modules/express/index.js' implicitly has an 'any' type.\n  Try `npm i --save-dev @types/express` if it exists or add a new declaration (.d.ts) file containing `declare module 'express';`\nroutes/fileServer.ts(7,49): error TS7016: Could not find a declaration file for module 'express'. '/juice-shop/node_modules/express/index.js' implicitly has an 'any' type.\n  Try `npm i --save-dev @types/express` if it exists or add a new declaration (.d.ts) file containing `declare module 'express';`\nroutes/fileUpload.ts(8,49): error TS7016: Could not find a declaration file for module 'express'. '/juice-shop/node_modules/express/index.js' implicitly has an 'any' type.\n  Try `npm i --save-dev @types/express` if it exists or add a new declaration (.d.ts) file containing `declare module 'express';`\nroutes/imageCaptcha.ts(6,49): error TS7016: Could not find a declaration file for module 'express'. '/juice-shop/node_modules/express/index.js' implicitly has an 'any' type.\n  Try `npm i --save-dev @types/express` if it exists or add a new declaration (.d.ts) file containing `declare module 'express';`\nroutes/keyServer.ts(7,49): error TS7016: Could not find a declaration file for module 'express'. '/juice-shop/node_modules/express/index.js' implicitly has an 'any' type.\n  Try `npm i --save-dev @types/express` if it exists or add a new declaration (.d.ts) file containing `declare module 'express';`\nroutes/languages.ts(8,49): error TS7016: Could not find a declaration file for module 'express'. '/juice-shop/node_modules/express/index.js' implicitly has an 'any' type.\n  Try `npm i --save-dev @types/express` if it exists or add a new declaration (.d.ts) file containing `declare module 'express';`\nroutes/likeProductReviews.ts(7,49): error TS7016: Could not find a declaration file for module 'express'. '/juice-shop/node_modules/express/index.js' implicitly has an 'any' type.\n  Try `npm i --save-dev @types/express` if it exists or add a new declaration (.d.ts) file containing `declare module 'express';`\nroutes/logfileServer.ts(7,49): error TS7016: Could not find a declaration file for module 'express'. '/juice-shop/node_modules/express/index.js' implicitly has an 'any' type.\n  Try `npm i --save-dev @types/express` if it exists or add a new declaration (.d.ts) file containing `declare module 'express';`\nroutes/login.ts(7,49): error TS7016: Could not find a declaration file for module 'express'. '/juice-shop/node_modules/express/index.js' implicitly has an 'any' type.\n  Try `npm i --save-dev @types/express` if it exists or add a new declaration (.d.ts) file containing `declare module 'express';`\nroutes/memory.ts(6,49): error TS7016: Could not find a declaration file for module 'express'. '/juice-shop/node_modules/express/index.js' implicitly has an 'any' type.\n  Try `npm i --save-dev @types/express` if it exists or add a new declaration (.d.ts) file containing `declare module 'express';`\nroutes/metrics.ts(7,49): error TS7016: Could not find a declaration file for module 'express'. '/juice-shop/node_modules/express/index.js' implicitly has an 'any' type.\n  Try `npm i --save-dev @types/express` if it exists or add a new declaration (.d.ts) file containing `declare module 'express';`\nroutes/order.ts(7,49): error TS7016: Could not find a declaration file for module 'express'. '/juice-shop/node_modules/express/index.js' implicitly has an 'any' type.\n  Try `npm i --save-dev @types/express` if it exists or add a new declaration (.d.ts) file containing `declare module 'express';`\nroutes/orderHistory.ts(6,49): error TS7016: Could not find a declaration file for module 'express'. '/juice-shop/node_modules/express/index.js' implicitly has an 'any' type.\n  Try `npm i --save-dev @types/express` if it exists or add a new declaration (.d.ts) file containing `declare module 'express';`\nroutes/payment.ts(6,49): error TS7016: Could not find a declaration file for module 'express'. '/juice-shop/node_modules/express/index.js' implicitly has an 'any' type.\n  Try `npm i --save-dev @types/express` if it exists or add a new declaration (.d.ts) file containing `declare module 'express';`\nroutes/premiumReward.ts(7,35): error TS7016: Could not find a declaration file for module 'express'. '/juice-shop/node_modules/express/index.js' implicitly has an 'any' type.\n  Try `npm i --save-dev @types/express` if it exists or add a new declaration (.d.ts) file containing `declare module 'express';`\nroutes/privacyPolicyProof.ts(7,35): error TS7016: Could not find a declaration file for module 'express'. '/juice-shop/node_modules/express/index.js' implicitly has an 'any' type.\n  Try `npm i --save-dev @types/express` if it exists or add a new declaration (.d.ts) file containing `declare module 'express';`\nroutes/profileImageFileUpload.ts(7,49): error TS7016: Could not find a declaration file for module 'express'. '/juice-shop/node_modules/express/index.js' implicitly has an 'any' type.\n  Try `npm i --save-dev @types/express` if it exists or add a new declaration (.d.ts) file containing `declare module 'express';`\nroutes/profileImageFileUpload.ts(30,13): error TS2578: Unused '@ts-expect-error' directive.\nroutes/profileImageUrlUpload.ts(7,49): error TS7016: Could not find a declaration file for module 'express'. '/juice-shop/node_modules/express/index.js' implicitly has an 'any' type.\n  Try `npm i --save-dev @types/express` if it exists or add a new declaration (.d.ts) file containing `declare module 'express';`\nroutes/quarantineServer.ts(7,49): error TS7016: Could not find a declaration file for module 'express'. '/juice-shop/node_modules/express/index.js' implicitly has an 'any' type.\n  Try `npm i --save-dev @types/express` if it exists or add a new declaration (.d.ts) file containing `declare module 'express';`\nroutes/recycles.ts(6,35): error TS7016: Could not find a declaration file for module 'express'. '/juice-shop/node_modules/express/index.js' implicitly has an 'any' type.\n  Try `npm i --save-dev @types/express` if it exists or add a new declaration (.d.ts) file containing `declare module 'express';`\nroutes/redirect.ts(8,49): error TS7016: Could not find a declaration file for module 'express'. '/juice-shop/node_modules/express/index.js' implicitly has an 'any' type.\n  Try `npm i --save-dev @types/express` if it exists or add a new declaration (.d.ts) file containing `declare module 'express';`\nroutes/repeatNotification.ts(7,35): error TS7016: Could not find a declaration file for module 'express'. '/juice-shop/node_modules/express/index.js' implicitly has an 'any' type.\n  Try `npm i --save-dev @types/express` if it exists or add a new declaration (.d.ts) file containing `declare module 'express';`\nroutes/resetPassword.ts(6,25): error TS7016: Could not find a declaration file for module 'config'. '/juice-shop/node_modules/config/lib/config.js' implicitly has an 'any' type.\n  Try `npm i --save-dev @types/config` if it exists or add a new declaration (.d.ts) file containing `declare module 'config';`\nroutes/resetPassword.ts(7,49): error TS7016: Could not find a declaration file for module 'express'. '/juice-shop/node_modules/express/index.js' implicitly has an 'any' type.\n  Try `npm i --save-dev @types/express` if it exists or add a new declaration (.d.ts) file containing `declare module 'express';`\nroutes/restoreProgress.ts(7,35): error TS7016: Could not find a declaration file for module 'express'. '/juice-shop/node_modules/express/index.js' implicitly has an 'any' type.\n  Try `npm i --save-dev @types/express` if it exists or add a new declaration (.d.ts) file containing `declare module 'express';`\nroutes/saveLoginIp.ts(6,49): error TS7016: Could not find a declaration file for module 'express'. '/juice-shop/node_modules/express/index.js' implicitly has an 'any' type.\n  Try `npm i --save-dev @types/express` if it exists or add a new declaration (.d.ts) file containing `declare module 'express';`\nroutes/search.ts(7,49): error TS7016: Could not find a declaration file for module 'express'. '/juice-shop/node_modules/express/index.js' implicitly has an 'any' type.\n  Try `npm i --save-dev @types/express` if it exists or add a new declaration (.d.ts) file containing `declare module 'express';`\nroutes/securityQuestion.ts(6,49): error TS7016: Could not find a declaration file for module 'express'. '/juice-shop/node_modules/express/index.js' implicitly has an 'any' type.\n  Try `npm i --save-dev @types/express` if it exists or add a new declaration (.d.ts) file containing `declare module 'express';`\nroutes/showProductReviews.ts(8,49): error TS7016: Could not find a declaration file for module 'express'. '/juice-shop/node_modules/express/index.js' implicitly has an 'any' type.\n  Try `npm i --save-dev @types/express` if it exists or add a new declaration (.d.ts) file containing `declare module 'express';`\nroutes/trackOrder.ts(8,35): error TS7016: Could not find a declaration file for module 'express'. '/juice-shop/node_modules/express/index.js' implicitly has an 'any' type.\n  Try `npm i --save-dev @types/express` if it exists or add a new declaration (.d.ts) file containing `declare module 'express';`\nroutes/updateProductReviews.ts(7,49): error TS7016: Could not find a declaration file for module 'express'. '/juice-shop/node_modules/express/index.js' implicitly has an 'any' type.\n  Try `npm i --save-dev @types/express` if it exists or add a new declaration (.d.ts) file containing `declare module 'express';`\nroutes/updateUserProfile.ts(6,49): error TS7016: Could not find a declaration file for module 'express'. '/juice-shop/node_modules/express/index.js' implicitly has an 'any' type.\n  Try `npm i --save-dev @types/express` if it exists or add a new declaration (.d.ts) file containing `declare module 'express';`\nroutes/userProfile.ts(7,49): error TS7016: Could not find a declaration file for module 'express'. '/juice-shop/node_modules/express/index.js' implicitly has an 'any' type.\n  Try `npm i --save-dev @types/express` if it exists or add a new declaration (.d.ts) file containing `declare module 'express';`\nroutes/verify.ts(6,49): error TS7016: Could not find a declaration file for module 'express'. '/juice-shop/node_modules/express/index.js' implicitly has an 'any' type.\n  Try `npm i --save-dev @types/express` if it exists or add a new declaration (.d.ts) file containing `declare module 'express';`\nroutes/verify.ts(8,42): error TS7016: Could not find a declaration file for module 'jsonwebtoken'. '/juice-shop/node_modules/jsonwebtoken/index.js' implicitly has an 'any' type.\n  Try `npm i --save-dev @types/jsonwebtoken` if it exists or add a new declaration (.d.ts) file containing `declare module 'jsonwebtoken';`\nroutes/videoHandler.ts(7,35): error TS7016: Could not find a declaration file for module 'express'. '/juice-shop/node_modules/express/index.js' implicitly has an 'any' type.\n  Try `npm i --save-dev @types/express` if it exists or add a new declaration (.d.ts) file containing `declare module 'express';`\nroutes/vulnCodeFixes.ts(1,49): error TS7016: Could not find a declaration file for module 'express'. '/juice-shop/node_modules/express/index.js' implicitly has an 'any' type.\n  Try `npm i --save-dev @types/express` if it exists or add a new declaration (.d.ts) file containing `declare module 'express';`\nroutes/vulnCodeSnippet.ts(6,49): error TS7016: Could not find a declaration file for module 'express'. '/juice-shop/node_modules/express/index.js' implicitly has an 'any' type.\n  Try `npm i --save-dev @types/express` if it exists or add a new declaration (.d.ts) file containing `declare module 'express';`\nroutes/vulnCodeSnippet.ts(7,16): error TS7016: Could not find a declaration file for module 'graceful-fs'. '/juice-shop/node_modules/graceful-fs/graceful-fs.js' implicitly has an 'any' type.\n  Try `npm i --save-dev @types/graceful-fs` if it exists or add a new declaration (.d.ts) file containing `declare module 'graceful-fs';`\nroutes/vulnCodeSnippet.ts(9,18): error TS7016: Could not find a declaration file for module 'js-yaml'. '/juice-shop/node_modules/js-yaml/index.js' implicitly has an 'any' type.\n  Try `npm i --save-dev @types/js-yaml` if it exists or add a new declaration (.d.ts) file containing `declare module 'js-yaml';`\nroutes/vulnCodeSnippet.ts(33,53): error TS7006: Parameter 'file' implicitly has an 'any' type.\nroutes/wallet.ts(6,49): error TS7016: Could not find a declaration file for module 'express'. '/juice-shop/node_modules/express/index.js' implicitly has an 'any' type.\n  Try `npm i --save-dev @types/express` if it exists or add a new declaration (.d.ts) file containing `declare module 'express';`\nroutes/wallet.ts(28,64): error TS2339: Property 'balance' does not exist on type '[affectedRows: Wallet[], affectedCount?: number | undefined]'.\nserver.ts(7,49): error TS7016: Could not find a declaration file for module 'express'. '/juice-shop/node_modules/express/index.js' implicitly has an 'any' type.\n  Try `npm i --save-dev @types/express` if it exists or add a new declaration (.d.ts) file containing `declare module 'express';`\nserver.ts(216,5): error TS2578: Unused '@ts-expect-error' directive.\nserver.ts(233,7): error TS2578: Unused '@ts-expect-error' directive.\nserver.ts(280,5): error TS2578: Unused '@ts-expect-error' directive.\nserver.ts(646,5): error TS7034: Variable 'metricsUpdateLoop' implicitly has type 'any' in some locations where its type cannot be determined.\nserver.ts(683,19): error TS7005: Variable 'metricsUpdateLoop' implicitly has an 'any' type.\n\nadded 1095 packages, and audited 1096 packages in 4m\n\n69 packages are looking for funding\n  run `npm fund` for details\n\n16 vulnerabilities (8 moderate, 3 high, 5 critical)\n\nTo address issues that do not require attention, run:\n  npm audit fix\n\nTo address all issues possible (including breaking changes), run:\n  npm audit fix --force\n\nSome issues need review, and may require choosing\na different dependency.\n\nRun `npm audit` for details.\nRemoving intermediate container 75c4b380ddfd\n ---> 11d8c234c640\nStep 6/19 : RUN npm dedupe\n ---> Running in ff506540b722\n\u001b[91mnpm WARN deprecated w3c-hr-time@1.0.2: Use your platform's native performance.now() and performance.timeOrigin.\n\u001b[0m\u001b[91mnpm WARN deprecated topo@3.0.3: This module has moved and is now available at @hapi/topo. Please update your dependencies as this version is no longer maintained an may contain bugs and security issues.\n\u001b[0m\u001b[91mnpm WARN deprecated sane@4.1.0: some dependency vulnerabilities fixed, support for node < 10 dropped, and newer ECMAScript syntax/features added\n\u001b[0m\u001b[91mnpm WARN deprecated hoek@5.0.4: This version has been deprecated in accordance with the hapi support policy (hapi.im/support). Please upgrade to the latest version to get the best features, bug fixes, and security patches. If you are unable to upgrade at this time, paid support is available for older versions (hapi.im/commercial).\n\u001b[0m\u001b[91mnpm WARN deprecated ecstatic@3.3.2: This package is unmaintained and deprecated. See the GH Issue 259.\n\u001b[0m\u001b[91mnpm WARN deprecated\u001b[0m\u001b[91m @types/express-unless@2.0.1: This is a stub types definition. express-unless provides its own type definitions, so you do not need this installed.\n\u001b[0m\u001b[91mnpm WARN deprecated @types/socket.io-parser@3.0.0: This is a stub types definition. socket.io-parser provides its own type definitions, so you do not need this installed.\n\u001b[0m\u001b[91mnpm WARN deprecated hoek@6.1.3: This module has moved and is now available at @hapi/hoek. Please update your dependencies as this version is no longer maintained an may contain bugs and security issues.\n\u001b[0m\u001b[91mnpm WARN \u001b[0m\u001b[91mdeprecated joi@13.7.0: This version has been deprecated in accordance with the hapi support policy (hapi.im/support). Please upgrade to the latest version to get the best features, bug fixes, and security patches. If you are unable to upgrade at this time, paid support is available for older versions (hapi.im/commercial).\n\u001b[0m\nadded 841 packages, removed 6 packages, changed 4 packages, and audited 1931 packages in 51s\n\n149 packages are looking for funding\n  run `npm fund` for details\n\n21 vulnerabilities (11 moderate, 5 high, 5 critical)\n\nTo address issues that do not require attention, run:\n  npm audit fix\n\nTo address all issues possible (including breaking changes), run:\n  npm audit fix --force\n\nSome issues need review, and may require choosing\na different dependency.\n\nRun `npm audit` for details.\nRemoving intermediate container ff506540b722\n ---> f98346e14280\nStep 7/19 : RUN rm -rf frontend/node_modules\n ---> Running in 8055e4ac1df9\nRemoving intermediate container 8055e4ac1df9\n ---> acb61345f7b9\nStep 8/19 : RUN rm -rf frontend/.angular\n ---> Running in a7cf8ab65e01\nRemoving intermediate container a7cf8ab65e01\n ---> 63b9c6317a65\nStep 9/19 : RUN rm -rf frontend/src/assets\n ---> Running in 457b7db2985c\nRemoving intermediate container 457b7db2985c\n ---> a22587ea7b99\nStep 10/19 : RUN mkdir logs &&     chown -R 65532 logs &&     chgrp -R 0 ftp/ frontend/dist/ logs/ data/ i18n/ &&     chmod -R g=u ftp/ frontend/dist/ logs/ data/ i18n/\n ---> Running in 9e280a1592f7\nRemoving intermediate container 9e280a1592f7\n ---> 7730128f0c1c\nStep 11/19 : FROM gcr.io/distroless/nodejs:16\n ---> 37d336bef6f0\nStep 12/19 : ARG BUILD_DATE\n ---> Running in 470eb06205d9\nRemoving intermediate container 470eb06205d9\n ---> 717f37db7af9\nStep 13/19 : ARG VCS_REF\n ---> Running in ee0f16e0af66\nRemoving intermediate container ee0f16e0af66\n ---> dcb5eb46f3d3\nStep 14/19 : LABEL maintainer=\"Bjoern Kimminich <bjoern.kimminich@owasp.org>\"     org.opencontainers.image.title=\"OWASP Juice Shop\"     org.opencontainers.image.description=\"Probably the most modern and sophisticated insecure web application\"     org.opencontainers.image.authors=\"Bjoern Kimminich <bjoern.kimminich@owasp.org>\"     org.opencontainers.image.vendor=\"Open Web Application Security Project\"     org.opencontainers.image.documentation=\"https://help.owasp-juice.shop\"     org.opencontainers.image.licenses=\"MIT\"     org.opencontainers.image.version=\"14.3.1\"     org.opencontainers.image.url=\"https://owasp-juice.shop\"     org.opencontainers.image.source=\"https://github.com/juice-shop/juice-shop\"     org.opencontainers.image.revision=$VCS_REF     org.opencontainers.image.created=$BUILD_DATE\n ---> Running in b1bec23fd5ad\nRemoving intermediate container b1bec23fd5ad\n ---> f1d3629014ea\nStep 15/19 : WORKDIR /juice-shop\n ---> Running in f8bee651cb94\nRemoving intermediate container f8bee651cb94\n ---> 756439beb7ed\nStep 16/19 : COPY --from=installer --chown=nonroot /juice-shop .\n ---> 5d422afdff11\nStep 17/19 : USER 65532\n ---> Running in becaefd86e7e\nRemoving intermediate container becaefd86e7e\n ---> e77c5f1335ad\nStep 18/19 : EXPOSE 3000\n ---> Running in cd2acf97cc20\nRemoving intermediate container cd2acf97cc20\n ---> 73669c82c9b8\nStep 19/19 : CMD [\"/juice-shop/build/app.js\"]\n ---> Running in 18a0071656d0\nRemoving intermediate container 18a0071656d0\n ---> d301093cc8c1\nSuccessfully built d301093cc8c1\nSuccessfully tagged juice-shop:latest\n","stderr":"","imageSize":525677387},"endTime":1672240335216}