{"repository":"https://github.com/openyiff/kemono","dockerfilePath":"Dockerfile","startTime":1672710370308,"clone":{"stdout":"","stderr":"Cloning into '/tmp/dinghy-analysis/openyiff/kemono'...\n","error":null,"commit":"f731b6e1c95a59dab23336dd1ca4f676b3a42a21"},"originalBuild":{"startTimestamp":1672710371338,"endTimestamp":1672710619285,"error":{"code":1,"killed":false,"signal":null,"cmd":"docker build --no-cache --force-rm -t kemono:latest -f /tmp/dinghy-analysis/openyiff/kemono/Dockerfile ."},"stdout":"Sending build context to Docker daemon  4.564MB\r\r\nStep 1/10 : FROM node:current-buster-slim\ncurrent-buster-slim: Pulling from library/node\nb52ebda398ed: Already exists\nab06655d5b64: Pulling fs layer\n7ff07b1675ad: Pulling fs layer\n8b520d1b80c2: Pulling fs layer\n1a2b1ad06268: Pulling fs layer\n1a2b1ad06268: Waiting\nab06655d5b64: Download complete\nab06655d5b64: Pull complete\n8b520d1b80c2: Verifying Checksum\n8b520d1b80c2: Download complete\n1a2b1ad06268: Verifying Checksum\n1a2b1ad06268: Download complete\n7ff07b1675ad: Verifying Checksum\n7ff07b1675ad: Download complete\n7ff07b1675ad: Pull complete\n8b520d1b80c2: Pull complete\n1a2b1ad06268: Pull complete\nDigest: sha256:a4a3fc37ed304a16e7d517b46947b468fe594137631e39e8544e1d0e0b3cb1c2\nStatus: Downloaded newer image for node:current-buster-slim\n ---> 48d55168506a\nStep 2/10 : WORKDIR /app\n ---> Running in ea59cdb312e3\nRemoving intermediate container ea59cdb312e3\n ---> b956a4c333e0\nStep 3/10 : COPY . /app\n ---> 85ade016a839\nStep 4/10 : RUN apt-get update && apt-get install -y python3 git build-essential && npm install\n ---> Running in 8a85c9c20f87\nGet:1 http://deb.debian.org/debian buster InRelease [122 kB]\nGet:2 http://deb.debian.org/debian-security buster/updates InRelease [34.8 kB]\nGet:3 http://deb.debian.org/debian buster-updates InRelease [56.6 kB]\nGet:4 http://deb.debian.org/debian buster/main amd64 Packages [7909 kB]\nGet:5 http://deb.debian.org/debian-security buster/updates/main amd64 Packages [422 kB]\nGet:6 http://deb.debian.org/debian buster-updates/main amd64 Packages [8788 B]\nFetched 8553 kB in 2s (4941 kB/s)\nReading package lists...\nReading package lists...\nBuilding dependency tree...\nReading state information...\nThe following additional packages will be installed:\n  binutils binutils-common binutils-x86-64-linux-gnu bzip2 ca-certificates cpp\n  cpp-8 dirmngr dpkg-dev fakeroot file g++ g++-8 gcc gcc-8 git-man gnupg\n  gnupg-l10n gnupg-utils gpg gpg-agent gpg-wks-client gpg-wks-server gpgconf\n  gpgsm krb5-locales less libalgorithm-diff-perl libalgorithm-diff-xs-perl\n  libalgorithm-merge-perl libasan5 libassuan0 libatomic1 libbinutils libbsd0\n  libc-dev-bin libc6-dev libcc1-0 libcurl3-gnutls libdpkg-perl libedit2\n  liberror-perl libexpat1 libfakeroot libfile-fcntllock-perl libgcc-8-dev\n  libgdbm-compat4 libgdbm6 libgomp1 libgssapi-krb5-2 libisl19 libitm1\n  libk5crypto3 libkeyutils1 libkrb5-3 libkrb5support0 libksba8 libldap-2.4-2\n  libldap-common liblocale-gettext-perl liblsan0 libmagic-mgc libmagic1\n  libmpc3 libmpdec2 libmpfr6 libmpx2 libnghttp2-14 libnpth0 libpcre2-8-0\n  libperl5.28 libpsl5 libpython3-stdlib libpython3.7-minimal\n  libpython3.7-stdlib libquadmath0 libreadline7 librtmp1 libsasl2-2\n  libsasl2-modules libsasl2-modules-db libsqlite3-0 libssh2-1 libssl1.1\n  libstdc++-8-dev libtsan0 libubsan1 libx11-6 libx11-data libxau6 libxcb1\n  libxdmcp6 libxext6 libxmuu1 linux-libc-dev make manpages manpages-dev\n  mime-support netbase openssh-client openssl patch perl perl-modules-5.28\n  pinentry-curses publicsuffix python3-minimal python3.7 python3.7-minimal\n  readline-common xauth xz-utils\nSuggested packages:\n  binutils-doc bzip2-doc cpp-doc gcc-8-locales dbus-user-session\n  libpam-systemd pinentry-gnome3 tor debian-keyring g++-multilib\n  g++-8-multilib gcc-8-doc libstdc++6-8-dbg gcc-multilib autoconf automake\n  libtool flex bison gdb gcc-doc gcc-8-multilib libgcc1-dbg libgomp1-dbg\n  libitm1-dbg libatomic1-dbg libasan5-dbg liblsan0-dbg libtsan0-dbg\n  libubsan1-dbg libmpx2-dbg libquadmath0-dbg gettext-base git-daemon-run\n  | git-daemon-sysvinit git-doc git-el git-email git-gui gitk gitweb git-cvs\n  git-mediawiki git-svn parcimonie xloadimage scdaemon glibc-doc\n  sensible-utils bzr gdbm-l10n krb5-doc krb5-user libsasl2-modules-gssapi-mit\n  | libsasl2-modules-gssapi-heimdal libsasl2-modules-ldap libsasl2-modules-otp\n  libsasl2-modules-sql libstdc++-8-doc make-doc man-browser keychain\n  libpam-ssh monkeysphere ssh-askpass ed diffutils-doc perl-doc\n  libterm-readline-gnu-perl | libterm-readline-perl-perl libb-debug-perl\n  liblocale-codes-perl pinentry-doc python3-doc python3-tk python3-venv\n  python3.7-venv python3.7-doc binfmt-support readline-doc\nThe following NEW packages will be installed:\n  binutils binutils-common binutils-x86-64-linux-gnu build-essential bzip2\n  ca-certificates cpp cpp-8 dirmngr dpkg-dev fakeroot file g++ g++-8 gcc gcc-8\n  git git-man gnupg gnupg-l10n gnupg-utils gpg gpg-agent gpg-wks-client\n  gpg-wks-server gpgconf gpgsm krb5-locales less libalgorithm-diff-perl\n  libalgorithm-diff-xs-perl libalgorithm-merge-perl libasan5 libassuan0\n  libatomic1 libbinutils libbsd0 libc-dev-bin libc6-dev libcc1-0\n  libcurl3-gnutls libdpkg-perl libedit2 liberror-perl libexpat1 libfakeroot\n  libfile-fcntllock-perl libgcc-8-dev libgdbm-compat4 libgdbm6 libgomp1\n  libgssapi-krb5-2 libisl19 libitm1 libk5crypto3 libkeyutils1 libkrb5-3\n  libkrb5support0 libksba8 libldap-2.4-2 libldap-common liblocale-gettext-perl\n  liblsan0 libmagic-mgc libmagic1 libmpc3 libmpdec2 libmpfr6 libmpx2\n  libnghttp2-14 libnpth0 libpcre2-8-0 libperl5.28 libpsl5 libpython3-stdlib\n  libpython3.7-minimal libpython3.7-stdlib libquadmath0 libreadline7 librtmp1\n  libsasl2-2 libsasl2-modules libsasl2-modules-db libsqlite3-0 libssh2-1\n  libssl1.1 libstdc++-8-dev libtsan0 libubsan1 libx11-6 libx11-data libxau6\n  libxcb1 libxdmcp6 libxext6 libxmuu1 linux-libc-dev make manpages\n  manpages-dev mime-support netbase openssh-client openssl patch perl\n  perl-modules-5.28 pinentry-curses publicsuffix python3 python3-minimal\n  python3.7 python3.7-minimal readline-common xauth xz-utils\n0 upgraded, 116 newly installed, 0 to remove and 0 not upgraded.\nNeed to get 86.2 MB of archives.\nAfter this operation, 340 MB of additional disk space will be used.\nGet:1 http://deb.debian.org/debian buster/main amd64 perl-modules-5.28 all 5.28.1-6+deb10u1 [2873 kB]\nGet:2 http://deb.debian.org/debian buster/main amd64 libgdbm6 amd64 1.18.1-4 [64.7 kB]\nGet:3 http://deb.debian.org/debian buster/main amd64 libgdbm-compat4 amd64 1.18.1-4 [44.1 kB]\nGet:4 http://deb.debian.org/debian buster/main amd64 libperl5.28 amd64 5.28.1-6+deb10u1 [3894 kB]\nGet:5 http://deb.debian.org/debian buster/main amd64 perl amd64 5.28.1-6+deb10u1 [204 kB]\nGet:6 http://deb.debian.org/debian buster/main amd64 liblocale-gettext-perl amd64 1.07-3+b4 [18.9 kB]\nGet:7 http://deb.debian.org/debian buster/main amd64 libssl1.1 amd64 1.1.1n-0+deb10u3 [1551 kB]\nGet:8 http://deb.debian.org/debian-security buster/updates/main amd64 libpython3.7-minimal amd64 3.7.3-2+deb10u4 [589 kB]\nGet:9 http://deb.debian.org/debian-security buster/updates/main amd64 libexpat1 amd64 2.2.6-2+deb10u6 [108 kB]\nGet:10 http://deb.debian.org/debian-security buster/updates/main amd64 python3.7-minimal amd64 3.7.3-2+deb10u4 [1736 kB]\nGet:11 http://deb.debian.org/debian buster/main amd64 python3-minimal amd64 3.7.3-1 [36.6 kB]\nGet:12 http://deb.debian.org/debian buster/main amd64 mime-support all 3.62 [37.2 kB]\nGet:13 http://deb.debian.org/debian buster/main amd64 libmpdec2 amd64 2.4.2-2 [87.2 kB]\nGet:14 http://deb.debian.org/debian buster/main amd64 readline-common all 7.0-5 [70.6 kB]\nGet:15 http://deb.debian.org/debian buster/main amd64 libreadline7 amd64 7.0-5 [151 kB]\nGet:16 http://deb.debian.org/debian-security buster/updates/main amd64 libsqlite3-0 amd64 3.27.2-3+deb10u2 [641 kB]\nGet:17 http://deb.debian.org/debian-security buster/updates/main amd64 libpython3.7-stdlib amd64 3.7.3-2+deb10u4 [1733 kB]\nGet:18 http://deb.debian.org/debian-security buster/updates/main amd64 python3.7 amd64 3.7.3-2+deb10u4 [330 kB]\nGet:19 http://deb.debian.org/debian buster/main amd64 libpython3-stdlib amd64 3.7.3-1 [20.0 kB]\nGet:20 http://deb.debian.org/debian buster/main amd64 python3 amd64 3.7.3-1 [61.5 kB]\nGet:21 http://deb.debian.org/debian buster/main amd64 less amd64 487-0.1+b1 [129 kB]\nGet:22 http://deb.debian.org/debian buster/main amd64 netbase all 5.6 [19.4 kB]\nGet:23 http://deb.debian.org/debian-security buster/updates/main amd64 bzip2 amd64 1.0.6-9.2~deb10u2 [48.5 kB]\nGet:24 http://deb.debian.org/debian buster/main amd64 libmagic-mgc amd64 1:5.35-4+deb10u2 [242 kB]\nGet:25 http://deb.debian.org/debian buster/main amd64 libmagic1 amd64 1:5.35-4+deb10u2 [118 kB]\nGet:26 http://deb.debian.org/debian buster/main amd64 file amd64 1:5.35-4+deb10u2 [66.4 kB]\nGet:27 http://deb.debian.org/debian-security buster/updates/main amd64 krb5-locales all 1.17-3+deb10u5 [95.7 kB]\nGet:28 http://deb.debian.org/debian buster/main amd64 libkeyutils1 amd64 1.6-6 [15.0 kB]\nGet:29 http://deb.debian.org/debian-security buster/updates/main amd64 libkrb5support0 amd64 1.17-3+deb10u5 [66.0 kB]\nGet:30 http://deb.debian.org/debian-security buster/updates/main amd64 libk5crypto3 amd64 1.17-3+deb10u5 [122 kB]\nGet:31 http://deb.debian.org/debian-security buster/updates/main amd64 libkrb5-3 amd64 1.17-3+deb10u5 [369 kB]\nGet:32 http://deb.debian.org/debian-security buster/updates/main amd64 libgssapi-krb5-2 amd64 1.17-3+deb10u5 [159 kB]\nGet:33 http://deb.debian.org/debian buster/main amd64 manpages all 4.16-2 [1295 kB]\nGet:34 http://deb.debian.org/debian buster/main amd64 libbsd0 amd64 0.9.1-2+deb10u1 [99.5 kB]\nGet:35 http://deb.debian.org/debian buster/main amd64 libedit2 amd64 3.1-20181209-1 [94.0 kB]\nGet:36 http://deb.debian.org/debian buster/main amd64 openssh-client amd64 1:7.9p1-10+deb10u2 [782 kB]\nGet:37 http://deb.debian.org/debian buster/main amd64 xz-utils amd64 5.2.4-1+deb10u1 [183 kB]\nGet:38 http://deb.debian.org/debian buster/main amd64 binutils-common amd64 2.31.1-16 [2073 kB]\nGet:39 http://deb.debian.org/debian buster/main amd64 libbinutils amd64 2.31.1-16 [478 kB]\nGet:40 http://deb.debian.org/debian buster/main amd64 binutils-x86-64-linux-gnu amd64 2.31.1-16 [1823 kB]\nGet:41 http://deb.debian.org/debian buster/main amd64 binutils amd64 2.31.1-16 [56.8 kB]\nGet:42 http://deb.debian.org/debian-security buster/updates/main amd64 libc-dev-bin amd64 2.28-10+deb10u2 [276 kB]\nGet:43 http://deb.debian.org/debian-security buster/updates/main amd64 linux-libc-dev amd64 4.19.269-1 [1553 kB]\nGet:44 http://deb.debian.org/debian-security buster/updates/main amd64 libc6-dev amd64 2.28-10+deb10u2 [2693 kB]\nGet:45 http://deb.debian.org/debian buster/main amd64 libisl19 amd64 0.20-2 [587 kB]\nGet:46 http://deb.debian.org/debian buster/main amd64 libmpfr6 amd64 4.0.2-1 [775 kB]\nGet:47 http://deb.debian.org/debian buster/main amd64 libmpc3 amd64 1.1.0-1 [41.3 kB]\nGet:48 http://deb.debian.org/debian buster/main amd64 cpp-8 amd64 8.3.0-6 [8914 kB]\nGet:49 http://deb.debian.org/debian buster/main amd64 cpp amd64 4:8.3.0-1 [19.4 kB]\nGet:50 http://deb.debian.org/debian buster/main amd64 libcc1-0 amd64 8.3.0-6 [46.6 kB]\nGet:51 http://deb.debian.org/debian buster/main amd64 libgomp1 amd64 8.3.0-6 [75.8 kB]\nGet:52 http://deb.debian.org/debian buster/main amd64 libitm1 amd64 8.3.0-6 [27.7 kB]\nGet:53 http://deb.debian.org/debian buster/main amd64 libatomic1 amd64 8.3.0-6 [9032 B]\nGet:54 http://deb.debian.org/debian buster/main amd64 libasan5 amd64 8.3.0-6 [362 kB]\nGet:55 http://deb.debian.org/debian buster/main amd64 liblsan0 amd64 8.3.0-6 [131 kB]\nGet:56 http://deb.debian.org/debian buster/main amd64 libtsan0 amd64 8.3.0-6 [283 kB]\nGet:57 http://deb.debian.org/debian buster/main amd64 libubsan1 amd64 8.3.0-6 [120 kB]\nGet:58 http://deb.debian.org/debian buster/main amd64 libmpx2 amd64 8.3.0-6 [11.4 kB]\nGet:59 http://deb.debian.org/debian buster/main amd64 libquadmath0 amd64 8.3.0-6 [133 kB]\nGet:60 http://deb.debian.org/debian buster/main amd64 libgcc-8-dev amd64 8.3.0-6 [2298 kB]\nGet:61 http://deb.debian.org/debian buster/main amd64 gcc-8 amd64 8.3.0-6 [9452 kB]\nGet:62 http://deb.debian.org/debian buster/main amd64 gcc amd64 4:8.3.0-1 [5196 B]\nGet:63 http://deb.debian.org/debian buster/main amd64 libstdc++-8-dev amd64 8.3.0-6 [1532 kB]\nGet:64 http://deb.debian.org/debian buster/main amd64 g++-8 amd64 8.3.0-6 [9752 kB]\nGet:65 http://deb.debian.org/debian buster/main amd64 g++ amd64 4:8.3.0-1 [1644 B]\nGet:66 http://deb.debian.org/debian buster/main amd64 make amd64 4.2.1-1.2 [341 kB]\nGet:67 http://deb.debian.org/debian buster/main amd64 libdpkg-perl all 1.19.8 [1415 kB]\nGet:68 http://deb.debian.org/debian buster/main amd64 patch amd64 2.7.6-3+deb10u1 [126 kB]\nGet:69 http://deb.debian.org/debian buster/main amd64 dpkg-dev all 1.19.8 [1776 kB]\nGet:70 http://deb.debian.org/debian buster/main amd64 build-essential amd64 12.6 [7576 B]\nGet:71 http://deb.debian.org/debian buster/main amd64 openssl amd64 1.1.1n-0+deb10u3 [855 kB]\nGet:72 http://deb.debian.org/debian buster/main amd64 ca-certificates all 20200601~deb10u2 [166 kB]\nGet:73 http://deb.debian.org/debian buster/main amd64 libassuan0 amd64 2.5.2-1 [49.4 kB]\nGet:74 http://deb.debian.org/debian buster/main amd64 gpgconf amd64 2.2.12-1+deb10u2 [510 kB]\nGet:75 http://deb.debian.org/debian-security buster/updates/main amd64 libksba8 amd64 1.3.5-2+deb10u2 [102 kB]\nGet:76 http://deb.debian.org/debian buster/main amd64 libsasl2-modules-db amd64 2.1.27+dfsg-1+deb10u2 [69.2 kB]\nGet:77 http://deb.debian.org/debian buster/main amd64 libsasl2-2 amd64 2.1.27+dfsg-1+deb10u2 [106 kB]\nGet:78 http://deb.debian.org/debian buster/main amd64 libldap-common all 2.4.47+dfsg-3+deb10u7 [90.1 kB]\nGet:79 http://deb.debian.org/debian buster/main amd64 libldap-2.4-2 amd64 2.4.47+dfsg-3+deb10u7 [224 kB]\nGet:80 http://deb.debian.org/debian buster/main amd64 libnpth0 amd64 1.6-1 [18.4 kB]\nGet:81 http://deb.debian.org/debian buster/main amd64 dirmngr amd64 2.2.12-1+deb10u2 [712 kB]\nGet:82 http://deb.debian.org/debian buster/main amd64 libfakeroot amd64 1.23-1 [45.9 kB]\nGet:83 http://deb.debian.org/debian buster/main amd64 fakeroot amd64 1.23-1 [85.8 kB]\nGet:84 http://deb.debian.org/debian buster/main amd64 libnghttp2-14 amd64 1.36.0-2+deb10u1 [85.0 kB]\nGet:85 http://deb.debian.org/debian buster/main amd64 libpsl5 amd64 0.20.2-2 [53.7 kB]\nGet:86 http://deb.debian.org/debian buster/main amd64 librtmp1 amd64 2.4+20151223.gitfa8646d.1-2 [60.5 kB]\nGet:87 http://deb.debian.org/debian buster/main amd64 libssh2-1 amd64 1.8.0-2.1 [140 kB]\nGet:88 http://deb.debian.org/debian-security buster/updates/main amd64 libcurl3-gnutls amd64 7.64.0-4+deb10u3 [331 kB]\nGet:89 http://deb.debian.org/debian buster/main amd64 libpcre2-8-0 amd64 10.32-5 [213 kB]\nGet:90 http://deb.debian.org/debian buster/main amd64 liberror-perl all 0.17027-2 [30.9 kB]\nGet:91 http://deb.debian.org/debian-security buster/updates/main amd64 git-man all 1:2.20.1-2+deb10u6 [1622 kB]\nGet:92 http://deb.debian.org/debian-security buster/updates/main amd64 git amd64 1:2.20.1-2+deb10u6 [5634 kB]\nGet:93 http://deb.debian.org/debian buster/main amd64 gnupg-l10n all 2.2.12-1+deb10u2 [1009 kB]\nGet:94 http://deb.debian.org/debian buster/main amd64 gnupg-utils amd64 2.2.12-1+deb10u2 [861 kB]\nGet:95 http://deb.debian.org/debian buster/main amd64 gpg amd64 2.2.12-1+deb10u2 [865 kB]\nGet:96 http://deb.debian.org/debian buster/main amd64 pinentry-curses amd64 1.1.0-2 [64.5 kB]\nGet:97 http://deb.debian.org/debian buster/main amd64 gpg-agent amd64 2.2.12-1+deb10u2 [617 kB]\nGet:98 http://deb.debian.org/debian buster/main amd64 gpg-wks-client amd64 2.2.12-1+deb10u2 [485 kB]\nGet:99 http://deb.debian.org/debian buster/main amd64 gpg-wks-server amd64 2.2.12-1+deb10u2 [478 kB]\nGet:100 http://deb.debian.org/debian buster/main amd64 gpgsm amd64 2.2.12-1+deb10u2 [604 kB]\nGet:101 http://deb.debian.org/debian buster/main amd64 gnupg all 2.2.12-1+deb10u2 [715 kB]\nGet:102 http://deb.debian.org/debian buster/main amd64 libalgorithm-diff-perl all 1.19.03-2 [47.9 kB]\nGet:103 http://deb.debian.org/debian buster/main amd64 libalgorithm-diff-xs-perl amd64 0.04-5+b1 [11.8 kB]\nGet:104 http://deb.debian.org/debian buster/main amd64 libalgorithm-merge-perl all 0.08-3 [12.7 kB]\nGet:105 http://deb.debian.org/debian buster/main amd64 libfile-fcntllock-perl amd64 0.22-3+b5 [35.4 kB]\nGet:106 http://deb.debian.org/debian buster/main amd64 libsasl2-modules amd64 2.1.27+dfsg-1+deb10u2 [104 kB]\nGet:107 http://deb.debian.org/debian buster/main amd64 libxau6 amd64 1:1.0.8-1+b2 [19.9 kB]\nGet:108 http://deb.debian.org/debian buster/main amd64 libxdmcp6 amd64 1:1.1.2-3 [26.3 kB]\nGet:109 http://deb.debian.org/debian buster/main amd64 libxcb1 amd64 1.13.1-2 [137 kB]\nGet:110 http://deb.debian.org/debian buster/main amd64 libx11-data all 2:1.6.7-1+deb10u2 [299 kB]\nGet:111 http://deb.debian.org/debian buster/main amd64 libx11-6 amd64 2:1.6.7-1+deb10u2 [757 kB]\nGet:112 http://deb.debian.org/debian buster/main amd64 libxext6 amd64 2:1.3.3-1+b2 [52.5 kB]\nGet:113 http://deb.debian.org/debian buster/main amd64 libxmuu1 amd64 2:1.1.2-2+b3 [23.9 kB]\nGet:114 http://deb.debian.org/debian buster/main amd64 manpages-dev all 4.16-2 [2232 kB]\nGet:115 http://deb.debian.org/debian buster/main amd64 publicsuffix all 20220811.1734-0+deb10u1 [127 kB]\nGet:116 http://deb.debian.org/debian buster/main amd64 xauth amd64 1:1.0.10-1 [40.3 kB]\n\u001b[91mdebconf: delaying package configuration, since apt-utils is not installed\n\u001b[0mFetched 86.2 MB in 3s (26.1 MB/s)\nSelecting previously unselected package perl-modules-5.28.\r\n(Reading database ... \r(Reading database ... 5%\r(Reading database ... 10%\r(Reading database ... 15%\r(Reading database ... 20%\r(Reading database ... 25%\r(Reading database ... 30%\r(Reading database ... 35%\r(Reading database ... 40%\r(Reading database ... 45%\r(Reading database ... 50%\r(Reading database ... 55%\r(Reading database ... 60%\r(Reading database ... 65%\r(Reading database ... 70%\r(Reading database ... 75%\r(Reading database ... 80%\r(Reading database ... 85%\r(Reading database ... 90%\r(Reading database ... 95%\r(Reading database ... 100%\r(Reading database ... 6469 files and directories currently installed.)\r\nPreparing to unpack .../0-perl-modules-5.28_5.28.1-6+deb10u1_all.deb ...\r\nUnpacking perl-modules-5.28 (5.28.1-6+deb10u1) ...\r\nSelecting previously unselected package libgdbm6:amd64.\r\nPreparing to unpack .../1-libgdbm6_1.18.1-4_amd64.deb ...\r\nUnpacking libgdbm6:amd64 (1.18.1-4) ...\r\nSelecting previously unselected package libgdbm-compat4:amd64.\r\nPreparing to unpack .../2-libgdbm-compat4_1.18.1-4_amd64.deb ...\r\nUnpacking libgdbm-compat4:amd64 (1.18.1-4) ...\r\nSelecting previously unselected package libperl5.28:amd64.\r\nPreparing to unpack .../3-libperl5.28_5.28.1-6+deb10u1_amd64.deb ...\r\nUnpacking libperl5.28:amd64 (5.28.1-6+deb10u1) ...\r\nSelecting previously unselected package perl.\r\nPreparing to unpack .../4-perl_5.28.1-6+deb10u1_amd64.deb ...\r\nUnpacking perl (5.28.1-6+deb10u1) ...\r\nSelecting previously unselected package liblocale-gettext-perl.\r\nPreparing to unpack .../5-liblocale-gettext-perl_1.07-3+b4_amd64.deb ...\r\nUnpacking liblocale-gettext-perl (1.07-3+b4) ...\r\nSelecting previously unselected package libssl1.1:amd64.\r\nPreparing to unpack .../6-libssl1.1_1.1.1n-0+deb10u3_amd64.deb ...\r\nUnpacking libssl1.1:amd64 (1.1.1n-0+deb10u3) ...\r\nSelecting previously unselected package libpython3.7-minimal:amd64.\r\nPreparing to unpack .../7-libpython3.7-minimal_3.7.3-2+deb10u4_amd64.deb ...\r\nUnpacking libpython3.7-minimal:amd64 (3.7.3-2+deb10u4) ...\r\nSelecting previously unselected package libexpat1:amd64.\r\nPreparing to unpack .../8-libexpat1_2.2.6-2+deb10u6_amd64.deb ...\r\nUnpacking libexpat1:amd64 (2.2.6-2+deb10u6) ...\r\nSelecting previously unselected package python3.7-minimal.\r\nPreparing to unpack .../9-python3.7-minimal_3.7.3-2+deb10u4_amd64.deb ...\r\nUnpacking python3.7-minimal (3.7.3-2+deb10u4) ...\r\nSetting up libssl1.1:amd64 (1.1.1n-0+deb10u3) ...\r\ndebconf: unable to initialize frontend: Dialog\r\ndebconf: (TERM is not set, so the dialog frontend is not usable.)\r\ndebconf: falling back to frontend: Readline\r\nSetting up libpython3.7-minimal:amd64 (3.7.3-2+deb10u4) ...\r\nSetting up libexpat1:amd64 (2.2.6-2+deb10u6) ...\r\nSetting up python3.7-minimal (3.7.3-2+deb10u4) ...\r\nSelecting previously unselected package python3-minimal.\r\n(Reading database ... \r(Reading database ... 5%\r(Reading database ... 10%\r(Reading database ... 15%\r(Reading database ... 20%\r(Reading database ... 25%\r(Reading database ... 30%\r(Reading database ... 35%\r(Reading database ... 40%\r(Reading database ... 45%\r(Reading database ... 50%\r(Reading database ... 55%\r(Reading database ... 60%\r(Reading database ... 65%\r(Reading database ... 70%\r(Reading database ... 75%\r(Reading database ... 80%\r(Reading database ... 85%\r(Reading database ... 90%\r(Reading database ... 95%\r(Reading database ... 100%\r(Reading database ... 8691 files and directories currently installed.)\r\nPreparing to unpack .../0-python3-minimal_3.7.3-1_amd64.deb ...\r\nUnpacking python3-minimal (3.7.3-1) ...\r\nSelecting previously unselected package mime-support.\r\nPreparing to unpack .../1-mime-support_3.62_all.deb ...\r\nUnpacking mime-support (3.62) ...\r\nSelecting previously unselected package libmpdec2:amd64.\r\nPreparing to unpack .../2-libmpdec2_2.4.2-2_amd64.deb ...\r\nUnpacking libmpdec2:amd64 (2.4.2-2) ...\r\nSelecting previously unselected package readline-common.\r\nPreparing to unpack .../3-readline-common_7.0-5_all.deb ...\r\nUnpacking readline-common (7.0-5) ...\r\nSelecting previously unselected package libreadline7:amd64.\r\nPreparing to unpack .../4-libreadline7_7.0-5_amd64.deb ...\r\nUnpacking libreadline7:amd64 (7.0-5) ...\r\nSelecting previously unselected package libsqlite3-0:amd64.\r\nPreparing to unpack .../5-libsqlite3-0_3.27.2-3+deb10u2_amd64.deb ...\r\nUnpacking libsqlite3-0:amd64 (3.27.2-3+deb10u2) ...\r\nSelecting previously unselected package libpython3.7-stdlib:amd64.\r\nPreparing to unpack .../6-libpython3.7-stdlib_3.7.3-2+deb10u4_amd64.deb ...\r\nUnpacking libpython3.7-stdlib:amd64 (3.7.3-2+deb10u4) ...\r\nSelecting previously unselected package python3.7.\r\nPreparing to unpack .../7-python3.7_3.7.3-2+deb10u4_amd64.deb ...\r\nUnpacking python3.7 (3.7.3-2+deb10u4) ...\r\nSelecting previously unselected package libpython3-stdlib:amd64.\r\nPreparing to unpack .../8-libpython3-stdlib_3.7.3-1_amd64.deb ...\r\nUnpacking libpython3-stdlib:amd64 (3.7.3-1) ...\r\nSetting up python3-minimal (3.7.3-1) ...\r\nSelecting previously unselected package python3.\r\n(Reading database ... \r(Reading database ... 5%\r(Reading database ... 10%\r(Reading database ... 15%\r(Reading database ... 20%\r(Reading database ... 25%\r(Reading database ... 30%\r(Reading database ... 35%\r(Reading database ... 40%\r(Reading database ... 45%\r(Reading database ... 50%\r(Reading database ... 55%\r(Reading database ... 60%\r(Reading database ... 65%\r(Reading database ... 70%\r(Reading database ... 75%\r(Reading database ... 80%\r(Reading database ... 85%\r(Reading database ... 90%\r(Reading database ... 95%\r(Reading database ... 100%\r(Reading database ... 9160 files and directories currently installed.)\r\nPreparing to unpack .../00-python3_3.7.3-1_amd64.deb ...\r\nUnpacking python3 (3.7.3-1) ...\r\nSelecting previously unselected package less.\r\nPreparing to unpack .../01-less_487-0.1+b1_amd64.deb ...\r\nUnpacking less (487-0.1+b1) ...\r\nSelecting previously unselected package netbase.\r\nPreparing to unpack .../02-netbase_5.6_all.deb ...\r\nUnpacking netbase (5.6) ...\r\nSelecting previously unselected package bzip2.\r\nPreparing to unpack .../03-bzip2_1.0.6-9.2~deb10u2_amd64.deb ...\r\nUnpacking bzip2 (1.0.6-9.2~deb10u2) ...\r\nSelecting previously unselected package libmagic-mgc.\r\nPreparing to unpack .../04-libmagic-mgc_1%3a5.35-4+deb10u2_amd64.deb ...\r\nUnpacking libmagic-mgc (1:5.35-4+deb10u2) ...\r\nSelecting previously unselected package libmagic1:amd64.\r\nPreparing to unpack .../05-libmagic1_1%3a5.35-4+deb10u2_amd64.deb ...\r\nUnpacking libmagic1:amd64 (1:5.35-4+deb10u2) ...\r\nSelecting previously unselected package file.\r\nPreparing to unpack .../06-file_1%3a5.35-4+deb10u2_amd64.deb ...\r\nUnpacking file (1:5.35-4+deb10u2) ...\r\nSelecting previously unselected package krb5-locales.\r\nPreparing to unpack .../07-krb5-locales_1.17-3+deb10u5_all.deb ...\r\nUnpacking krb5-locales (1.17-3+deb10u5) ...\r\nSelecting previously unselected package libkeyutils1:amd64.\r\nPreparing to unpack .../08-libkeyutils1_1.6-6_amd64.deb ...\r\nUnpacking libkeyutils1:amd64 (1.6-6) ...\r\nSelecting previously unselected package libkrb5support0:amd64.\r\nPreparing to unpack .../09-libkrb5support0_1.17-3+deb10u5_amd64.deb ...\r\nUnpacking libkrb5support0:amd64 (1.17-3+deb10u5) ...\r\nSelecting previously unselected package libk5crypto3:amd64.\r\nPreparing to unpack .../10-libk5crypto3_1.17-3+deb10u5_amd64.deb ...\r\nUnpacking libk5crypto3:amd64 (1.17-3+deb10u5) ...\r\nSelecting previously unselected package libkrb5-3:amd64.\r\nPreparing to unpack .../11-libkrb5-3_1.17-3+deb10u5_amd64.deb ...\r\nUnpacking libkrb5-3:amd64 (1.17-3+deb10u5) ...\r\nSelecting previously unselected package libgssapi-krb5-2:amd64.\r\nPreparing to unpack .../12-libgssapi-krb5-2_1.17-3+deb10u5_amd64.deb ...\r\nUnpacking libgssapi-krb5-2:amd64 (1.17-3+deb10u5) ...\r\nSelecting previously unselected package manpages.\r\nPreparing to unpack .../13-manpages_4.16-2_all.deb ...\r\nUnpacking manpages (4.16-2) ...\r\nSelecting previously unselected package libbsd0:amd64.\r\nPreparing to unpack .../14-libbsd0_0.9.1-2+deb10u1_amd64.deb ...\r\nUnpacking libbsd0:amd64 (0.9.1-2+deb10u1) ...\r\nSelecting previously unselected package libedit2:amd64.\r\nPreparing to unpack .../15-libedit2_3.1-20181209-1_amd64.deb ...\r\nUnpacking libedit2:amd64 (3.1-20181209-1) ...\r\nSelecting previously unselected package openssh-client.\r\nPreparing to unpack .../16-openssh-client_1%3a7.9p1-10+deb10u2_amd64.deb ...\r\nUnpacking openssh-client (1:7.9p1-10+deb10u2) ...\r\nSelecting previously unselected package xz-utils.\r\nPreparing to unpack .../17-xz-utils_5.2.4-1+deb10u1_amd64.deb ...\r\nUnpacking xz-utils (5.2.4-1+deb10u1) ...\r\nSelecting previously unselected package binutils-common:amd64.\r\nPreparing to unpack .../18-binutils-common_2.31.1-16_amd64.deb ...\r\nUnpacking binutils-common:amd64 (2.31.1-16) ...\r\nSelecting previously unselected package libbinutils:amd64.\r\nPreparing to unpack .../19-libbinutils_2.31.1-16_amd64.deb ...\r\nUnpacking libbinutils:amd64 (2.31.1-16) ...\r\nSelecting previously unselected package binutils-x86-64-linux-gnu.\r\nPreparing to unpack .../20-binutils-x86-64-linux-gnu_2.31.1-16_amd64.deb ...\r\nUnpacking binutils-x86-64-linux-gnu (2.31.1-16) ...\r\nSelecting previously unselected package binutils.\r\nPreparing to unpack .../21-binutils_2.31.1-16_amd64.deb ...\r\nUnpacking binutils (2.31.1-16) ...\r\nSelecting previously unselected package libc-dev-bin.\r\nPreparing to unpack .../22-libc-dev-bin_2.28-10+deb10u2_amd64.deb ...\r\nUnpacking libc-dev-bin (2.28-10+deb10u2) ...\r\nSelecting previously unselected package linux-libc-dev:amd64.\r\nPreparing to unpack .../23-linux-libc-dev_4.19.269-1_amd64.deb ...\r\nUnpacking linux-libc-dev:amd64 (4.19.269-1) ...\r\nSelecting previously unselected package libc6-dev:amd64.\r\nPreparing to unpack .../24-libc6-dev_2.28-10+deb10u2_amd64.deb ...\r\nUnpacking libc6-dev:amd64 (2.28-10+deb10u2) ...\r\nSelecting previously unselected package libisl19:amd64.\r\nPreparing to unpack .../25-libisl19_0.20-2_amd64.deb ...\r\nUnpacking libisl19:amd64 (0.20-2) ...\r\nSelecting previously unselected package libmpfr6:amd64.\r\nPreparing to unpack .../26-libmpfr6_4.0.2-1_amd64.deb ...\r\nUnpacking libmpfr6:amd64 (4.0.2-1) ...\r\nSelecting previously unselected package libmpc3:amd64.\r\nPreparing to unpack .../27-libmpc3_1.1.0-1_amd64.deb ...\r\nUnpacking libmpc3:amd64 (1.1.0-1) ...\r\nSelecting previously unselected package cpp-8.\r\nPreparing to unpack .../28-cpp-8_8.3.0-6_amd64.deb ...\r\nUnpacking cpp-8 (8.3.0-6) ...\r\nSelecting previously unselected package cpp.\r\nPreparing to unpack .../29-cpp_4%3a8.3.0-1_amd64.deb ...\r\nUnpacking cpp (4:8.3.0-1) ...\r\nSelecting previously unselected package libcc1-0:amd64.\r\nPreparing to unpack .../30-libcc1-0_8.3.0-6_amd64.deb ...\r\nUnpacking libcc1-0:amd64 (8.3.0-6) ...\r\nSelecting previously unselected package libgomp1:amd64.\r\nPreparing to unpack .../31-libgomp1_8.3.0-6_amd64.deb ...\r\nUnpacking libgomp1:amd64 (8.3.0-6) ...\r\nSelecting previously unselected package libitm1:amd64.\r\nPreparing to unpack .../32-libitm1_8.3.0-6_amd64.deb ...\r\nUnpacking libitm1:amd64 (8.3.0-6) ...\r\nSelecting previously unselected package libatomic1:amd64.\r\nPreparing to unpack .../33-libatomic1_8.3.0-6_amd64.deb ...\r\nUnpacking libatomic1:amd64 (8.3.0-6) ...\r\nSelecting previously unselected package libasan5:amd64.\r\nPreparing to unpack .../34-libasan5_8.3.0-6_amd64.deb ...\r\nUnpacking libasan5:amd64 (8.3.0-6) ...\r\nSelecting previously unselected package liblsan0:amd64.\r\nPreparing to unpack .../35-liblsan0_8.3.0-6_amd64.deb ...\r\nUnpacking liblsan0:amd64 (8.3.0-6) ...\r\nSelecting previously unselected package libtsan0:amd64.\r\nPreparing to unpack .../36-libtsan0_8.3.0-6_amd64.deb ...\r\nUnpacking libtsan0:amd64 (8.3.0-6) ...\r\nSelecting previously unselected package libubsan1:amd64.\r\nPreparing to unpack .../37-libubsan1_8.3.0-6_amd64.deb ...\r\nUnpacking libubsan1:amd64 (8.3.0-6) ...\r\nSelecting previously unselected package libmpx2:amd64.\r\nPreparing to unpack .../38-libmpx2_8.3.0-6_amd64.deb ...\r\nUnpacking libmpx2:amd64 (8.3.0-6) ...\r\nSelecting previously unselected package libquadmath0:amd64.\r\nPreparing to unpack .../39-libquadmath0_8.3.0-6_amd64.deb ...\r\nUnpacking libquadmath0:amd64 (8.3.0-6) ...\r\nSelecting previously unselected package libgcc-8-dev:amd64.\r\nPreparing to unpack .../40-libgcc-8-dev_8.3.0-6_amd64.deb ...\r\nUnpacking libgcc-8-dev:amd64 (8.3.0-6) ...\r\nSelecting previously unselected package gcc-8.\r\nPreparing to unpack .../41-gcc-8_8.3.0-6_amd64.deb ...\r\nUnpacking gcc-8 (8.3.0-6) ...\r\nSelecting previously unselected package gcc.\r\nPreparing to unpack .../42-gcc_4%3a8.3.0-1_amd64.deb ...\r\nUnpacking gcc (4:8.3.0-1) ...\r\nSelecting previously unselected package libstdc++-8-dev:amd64.\r\nPreparing to unpack .../43-libstdc++-8-dev_8.3.0-6_amd64.deb ...\r\nUnpacking libstdc++-8-dev:amd64 (8.3.0-6) ...\r\nSelecting previously unselected package g++-8.\r\nPreparing to unpack .../44-g++-8_8.3.0-6_amd64.deb ...\r\nUnpacking g++-8 (8.3.0-6) ...\r\nSelecting previously unselected package g++.\r\nPreparing to unpack .../45-g++_4%3a8.3.0-1_amd64.deb ...\r\nUnpacking g++ (4:8.3.0-1) ...\r\nSelecting previously unselected package make.\r\nPreparing to unpack .../46-make_4.2.1-1.2_amd64.deb ...\r\nUnpacking make (4.2.1-1.2) ...\r\nSelecting previously unselected package libdpkg-perl.\r\nPreparing to unpack .../47-libdpkg-perl_1.19.8_all.deb ...\r\nUnpacking libdpkg-perl (1.19.8) ...\r\nSelecting previously unselected package patch.\r\nPreparing to unpack .../48-patch_2.7.6-3+deb10u1_amd64.deb ...\r\nUnpacking patch (2.7.6-3+deb10u1) ...\r\nSelecting previously unselected package dpkg-dev.\r\nPreparing to unpack .../49-dpkg-dev_1.19.8_all.deb ...\r\nUnpacking dpkg-dev (1.19.8) ...\r\nSelecting previously unselected package build-essential.\r\nPreparing to unpack .../50-build-essential_12.6_amd64.deb ...\r\nUnpacking build-essential (12.6) ...\r\nSelecting previously unselected package openssl.\r\nPreparing to unpack .../51-openssl_1.1.1n-0+deb10u3_amd64.deb ...\r\nUnpacking openssl (1.1.1n-0+deb10u3) ...\r\nSelecting previously unselected package ca-certificates.\r\nPreparing to unpack .../52-ca-certificates_20200601~deb10u2_all.deb ...\r\nUnpacking ca-certificates (20200601~deb10u2) ...\r\nSelecting previously unselected package libassuan0:amd64.\r\nPreparing to unpack .../53-libassuan0_2.5.2-1_amd64.deb ...\r\nUnpacking libassuan0:amd64 (2.5.2-1) ...\r\nSelecting previously unselected package gpgconf.\r\nPreparing to unpack .../54-gpgconf_2.2.12-1+deb10u2_amd64.deb ...\r\nUnpacking gpgconf (2.2.12-1+deb10u2) ...\r\nSelecting previously unselected package libksba8:amd64.\r\nPreparing to unpack .../55-libksba8_1.3.5-2+deb10u2_amd64.deb ...\r\nUnpacking libksba8:amd64 (1.3.5-2+deb10u2) ...\r\nSelecting previously unselected package libsasl2-modules-db:amd64.\r\nPreparing to unpack .../56-libsasl2-modules-db_2.1.27+dfsg-1+deb10u2_amd64.deb ...\r\nUnpacking libsasl2-modules-db:amd64 (2.1.27+dfsg-1+deb10u2) ...\r\nSelecting previously unselected package libsasl2-2:amd64.\r\nPreparing to unpack .../57-libsasl2-2_2.1.27+dfsg-1+deb10u2_amd64.deb ...\r\nUnpacking libsasl2-2:amd64 (2.1.27+dfsg-1+deb10u2) ...\r\nSelecting previously unselected package libldap-common.\r\nPreparing to unpack .../58-libldap-common_2.4.47+dfsg-3+deb10u7_all.deb ...\r\nUnpacking libldap-common (2.4.47+dfsg-3+deb10u7) ...\r\nSelecting previously unselected package libldap-2.4-2:amd64.\r\nPreparing to unpack .../59-libldap-2.4-2_2.4.47+dfsg-3+deb10u7_amd64.deb ...\r\nUnpacking libldap-2.4-2:amd64 (2.4.47+dfsg-3+deb10u7) ...\r\nSelecting previously unselected package libnpth0:amd64.\r\nPreparing to unpack .../60-libnpth0_1.6-1_amd64.deb ...\r\nUnpacking libnpth0:amd64 (1.6-1) ...\r\nSelecting previously unselected package dirmngr.\r\nPreparing to unpack .../61-dirmngr_2.2.12-1+deb10u2_amd64.deb ...\r\nUnpacking dirmngr (2.2.12-1+deb10u2) ...\r\nSelecting previously unselected package libfakeroot:amd64.\r\nPreparing to unpack .../62-libfakeroot_1.23-1_amd64.deb ...\r\nUnpacking libfakeroot:amd64 (1.23-1) ...\r\nSelecting previously unselected package fakeroot.\r\nPreparing to unpack .../63-fakeroot_1.23-1_amd64.deb ...\r\nUnpacking fakeroot (1.23-1) ...\r\nSelecting previously unselected package libnghttp2-14:amd64.\r\nPreparing to unpack .../64-libnghttp2-14_1.36.0-2+deb10u1_amd64.deb ...\r\nUnpacking libnghttp2-14:amd64 (1.36.0-2+deb10u1) ...\r\nSelecting previously unselected package libpsl5:amd64.\r\nPreparing to unpack .../65-libpsl5_0.20.2-2_amd64.deb ...\r\nUnpacking libpsl5:amd64 (0.20.2-2) ...\r\nSelecting previously unselected package librtmp1:amd64.\r\nPreparing to unpack .../66-librtmp1_2.4+20151223.gitfa8646d.1-2_amd64.deb ...\r\nUnpacking librtmp1:amd64 (2.4+20151223.gitfa8646d.1-2) ...\r\nSelecting previously unselected package libssh2-1:amd64.\r\nPreparing to unpack .../67-libssh2-1_1.8.0-2.1_amd64.deb ...\r\nUnpacking libssh2-1:amd64 (1.8.0-2.1) ...\r\nSelecting previously unselected package libcurl3-gnutls:amd64.\r\nPreparing to unpack .../68-libcurl3-gnutls_7.64.0-4+deb10u3_amd64.deb ...\r\nUnpacking libcurl3-gnutls:amd64 (7.64.0-4+deb10u3) ...\r\nSelecting previously unselected package libpcre2-8-0:amd64.\r\nPreparing to unpack .../69-libpcre2-8-0_10.32-5_amd64.deb ...\r\nUnpacking libpcre2-8-0:amd64 (10.32-5) ...\r\nSelecting previously unselected package liberror-perl.\r\nPreparing to unpack .../70-liberror-perl_0.17027-2_all.deb ...\r\nUnpacking liberror-perl (0.17027-2) ...\r\nSelecting previously unselected package git-man.\r\nPreparing to unpack .../71-git-man_1%3a2.20.1-2+deb10u6_all.deb ...\r\nUnpacking git-man (1:2.20.1-2+deb10u6) ...\r\nSelecting previously unselected package git.\r\nPreparing to unpack .../72-git_1%3a2.20.1-2+deb10u6_amd64.deb ...\r\nUnpacking git (1:2.20.1-2+deb10u6) ...\r\nSelecting previously unselected package gnupg-l10n.\r\nPreparing to unpack .../73-gnupg-l10n_2.2.12-1+deb10u2_all.deb ...\r\nUnpacking gnupg-l10n (2.2.12-1+deb10u2) ...\r\nSelecting previously unselected package gnupg-utils.\r\nPreparing to unpack .../74-gnupg-utils_2.2.12-1+deb10u2_amd64.deb ...\r\nUnpacking gnupg-utils (2.2.12-1+deb10u2) ...\r\nSelecting previously unselected package gpg.\r\nPreparing to unpack .../75-gpg_2.2.12-1+deb10u2_amd64.deb ...\r\nUnpacking gpg (2.2.12-1+deb10u2) ...\r\nSelecting previously unselected package pinentry-curses.\r\nPreparing to unpack .../76-pinentry-curses_1.1.0-2_amd64.deb ...\r\nUnpacking pinentry-curses (1.1.0-2) ...\r\nSelecting previously unselected package gpg-agent.\r\nPreparing to unpack .../77-gpg-agent_2.2.12-1+deb10u2_amd64.deb ...\r\nUnpacking gpg-agent (2.2.12-1+deb10u2) ...\r\nSelecting previously unselected package gpg-wks-client.\r\nPreparing to unpack .../78-gpg-wks-client_2.2.12-1+deb10u2_amd64.deb ...\r\nUnpacking gpg-wks-client (2.2.12-1+deb10u2) ...\r\nSelecting previously unselected package gpg-wks-server.\r\nPreparing to unpack .../79-gpg-wks-server_2.2.12-1+deb10u2_amd64.deb ...\r\nUnpacking gpg-wks-server (2.2.12-1+deb10u2) ...\r\nSelecting previously unselected package gpgsm.\r\nPreparing to unpack .../80-gpgsm_2.2.12-1+deb10u2_amd64.deb ...\r\nUnpacking gpgsm (2.2.12-1+deb10u2) ...\r\nSelecting previously unselected package gnupg.\r\nPreparing to unpack .../81-gnupg_2.2.12-1+deb10u2_all.deb ...\r\nUnpacking gnupg (2.2.12-1+deb10u2) ...\r\nSelecting previously unselected package libalgorithm-diff-perl.\r\nPreparing to unpack .../82-libalgorithm-diff-perl_1.19.03-2_all.deb ...\r\nUnpacking libalgorithm-diff-perl (1.19.03-2) ...\r\nSelecting previously unselected package libalgorithm-diff-xs-perl.\r\nPreparing to unpack .../83-libalgorithm-diff-xs-perl_0.04-5+b1_amd64.deb ...\r\nUnpacking libalgorithm-diff-xs-perl (0.04-5+b1) ...\r\nSelecting previously unselected package libalgorithm-merge-perl.\r\nPreparing to unpack .../84-libalgorithm-merge-perl_0.08-3_all.deb ...\r\nUnpacking libalgorithm-merge-perl (0.08-3) ...\r\nSelecting previously unselected package libfile-fcntllock-perl.\r\nPreparing to unpack .../85-libfile-fcntllock-perl_0.22-3+b5_amd64.deb ...\r\nUnpacking libfile-fcntllock-perl (0.22-3+b5) ...\r\nSelecting previously unselected package libsasl2-modules:amd64.\r\nPreparing to unpack .../86-libsasl2-modules_2.1.27+dfsg-1+deb10u2_amd64.deb ...\r\nUnpacking libsasl2-modules:amd64 (2.1.27+dfsg-1+deb10u2) ...\r\nSelecting previously unselected package libxau6:amd64.\r\nPreparing to unpack .../87-libxau6_1%3a1.0.8-1+b2_amd64.deb ...\r\nUnpacking libxau6:amd64 (1:1.0.8-1+b2) ...\r\nSelecting previously unselected package libxdmcp6:amd64.\r\nPreparing to unpack .../88-libxdmcp6_1%3a1.1.2-3_amd64.deb ...\r\nUnpacking libxdmcp6:amd64 (1:1.1.2-3) ...\r\nSelecting previously unselected package libxcb1:amd64.\r\nPreparing to unpack .../89-libxcb1_1.13.1-2_amd64.deb ...\r\nUnpacking libxcb1:amd64 (1.13.1-2) ...\r\nSelecting previously unselected package libx11-data.\r\nPreparing to unpack .../90-libx11-data_2%3a1.6.7-1+deb10u2_all.deb ...\r\nUnpacking libx11-data (2:1.6.7-1+deb10u2) ...\r\nSelecting previously unselected package libx11-6:amd64.\r\nPreparing to unpack .../91-libx11-6_2%3a1.6.7-1+deb10u2_amd64.deb ...\r\nUnpacking libx11-6:amd64 (2:1.6.7-1+deb10u2) ...\r\nSelecting previously unselected package libxext6:amd64.\r\nPreparing to unpack .../92-libxext6_2%3a1.3.3-1+b2_amd64.deb ...\r\nUnpacking libxext6:amd64 (2:1.3.3-1+b2) ...\r\nSelecting previously unselected package libxmuu1:amd64.\r\nPreparing to unpack .../93-libxmuu1_2%3a1.1.2-2+b3_amd64.deb ...\r\nUnpacking libxmuu1:amd64 (2:1.1.2-2+b3) ...\r\nSelecting previously unselected package manpages-dev.\r\nPreparing to unpack .../94-manpages-dev_4.16-2_all.deb ...\r\nUnpacking manpages-dev (4.16-2) ...\r\nSelecting previously unselected package publicsuffix.\r\nPreparing to unpack .../95-publicsuffix_20220811.1734-0+deb10u1_all.deb ...\r\nUnpacking publicsuffix (20220811.1734-0+deb10u1) ...\r\nSelecting previously unselected package xauth.\r\nPreparing to unpack .../96-xauth_1%3a1.0.10-1_amd64.deb ...\r\nUnpacking xauth (1:1.0.10-1) ...\r\nSetting up perl-modules-5.28 (5.28.1-6+deb10u1) ...\r\nSetting up libksba8:amd64 (1.3.5-2+deb10u2) ...\r\nSetting up libxau6:amd64 (1:1.0.8-1+b2) ...\r\nSetting up libkeyutils1:amd64 (1.6-6) ...\r\nSetting up libpsl5:amd64 (0.20.2-2) ...\r\nSetting up mime-support (3.62) ...\r\nSetting up libmagic-mgc (1:5.35-4+deb10u2) ...\r\nSetting up manpages (4.16-2) ...\r\nSetting up libsqlite3-0:amd64 (3.27.2-3+deb10u2) ...\r\nSetting up libsasl2-modules:amd64 (2.1.27+dfsg-1+deb10u2) ...\r\nSetting up binutils-common:amd64 (2.31.1-16) ...\r\nSetting up libnghttp2-14:amd64 (1.36.0-2+deb10u1) ...\r\nSetting up libmagic1:amd64 (1:5.35-4+deb10u2) ...\r\nSetting up less (487-0.1+b1) ...\r\ndebconf: unable to initialize frontend: Dialog\r\ndebconf: (TERM is not set, so the dialog frontend is not usable.)\r\ndebconf: falling back to frontend: Readline\r\nSetting up linux-libc-dev:amd64 (4.19.269-1) ...\r\nSetting up libnpth0:amd64 (1.6-1) ...\r\nSetting up krb5-locales (1.17-3+deb10u5) ...\r\nSetting up file (1:5.35-4+deb10u2) ...\r\nSetting up libassuan0:amd64 (2.5.2-1) ...\r\nSetting up libgomp1:amd64 (8.3.0-6) ...\r\nSetting up bzip2 (1.0.6-9.2~deb10u2) ...\r\nSetting up libldap-common (2.4.47+dfsg-3+deb10u7) ...\r\nSetting up libfakeroot:amd64 (1.23-1) ...\r\nSetting up libkrb5support0:amd64 (1.17-3+deb10u5) ...\r\nSetting up libsasl2-modules-db:amd64 (2.1.27+dfsg-1+deb10u2) ...\r\nSetting up fakeroot (1.23-1) ...\r\nupdate-alternatives: using /usr/bin/fakeroot-sysv to provide /usr/bin/fakeroot (fakeroot) in auto mode\r\nupdate-alternatives: warning: skip creation of /usr/share/man/man1/fakeroot.1.gz because associated file /usr/share/man/man1/fakeroot-sysv.1.gz (of link group fakeroot) doesn't exist\r\nupdate-alternatives: warning: skip creation of /usr/share/man/man1/faked.1.gz because associated file /usr/share/man/man1/faked-sysv.1.gz (of link group fakeroot) doesn't exist\r\nupdate-alternatives: warning: skip creation of /usr/share/man/es/man1/fakeroot.1.gz because associated file /usr/share/man/es/man1/fakeroot-sysv.1.gz (of link group fakeroot) doesn't exist\r\nupdate-alternatives: warning: skip creation of /usr/share/man/es/man1/faked.1.gz because associated file /usr/share/man/es/man1/faked-sysv.1.gz (of link group fakeroot) doesn't exist\r\nupdate-alternatives: warning: skip creation of /usr/share/man/fr/man1/fakeroot.1.gz because associated file /usr/share/man/fr/man1/fakeroot-sysv.1.gz (of link group fakeroot) doesn't exist\r\nupdate-alternatives: warning: skip creation of /usr/share/man/fr/man1/faked.1.gz because associated file /usr/share/man/fr/man1/faked-sysv.1.gz (of link group fakeroot) doesn't exist\r\nupdate-alternatives: warning: skip creation of /usr/share/man/sv/man1/fakeroot.1.gz because associated file /usr/share/man/sv/man1/fakeroot-sysv.1.gz (of link group fakeroot) doesn't exist\r\nupdate-alternatives: warning: skip creation of /usr/share/man/sv/man1/faked.1.gz because associated file /usr/share/man/sv/man1/faked-sysv.1.gz (of link group fakeroot) doesn't exist\r\nSetting up libasan5:amd64 (8.3.0-6) ...\r\nSetting up libx11-data (2:1.6.7-1+deb10u2) ...\r\nSetting up make (4.2.1-1.2) ...\r\nSetting up libmpfr6:amd64 (4.0.2-1) ...\r\nSetting up gnupg-l10n (2.2.12-1+deb10u2) ...\r\nSetting up librtmp1:amd64 (2.4+20151223.gitfa8646d.1-2) ...\r\nSetting up xz-utils (5.2.4-1+deb10u1) ...\r\nupdate-alternatives: using /usr/bin/xz to provide /usr/bin/lzma (lzma) in auto mode\r\nupdate-alternatives: warning: skip creation of /usr/share/man/man1/lzma.1.gz because associated file /usr/share/man/man1/xz.1.gz (of link group lzma) doesn't exist\r\nupdate-alternatives: warning: skip creation of /usr/share/man/man1/unlzma.1.gz because associated file /usr/share/man/man1/unxz.1.gz (of link group lzma) doesn't exist\r\nupdate-alternatives: warning: skip creation of /usr/share/man/man1/lzcat.1.gz because associated file /usr/share/man/man1/xzcat.1.gz (of link group lzma) doesn't exist\r\nupdate-alternatives: warning: skip creation of /usr/share/man/man1/lzmore.1.gz because associated file /usr/share/man/man1/xzmore.1.gz (of link group lzma) doesn't exist\r\nupdate-alternatives: warning: skip creation of /usr/share/man/man1/lzless.1.gz because associated file /usr/share/man/man1/xzless.1.gz (of link group lzma) doesn't exist\r\nupdate-alternatives: warning: skip creation of /usr/share/man/man1/lzdiff.1.gz because associated file /usr/share/man/man1/xzdiff.1.gz (of link group lzma) doesn't exist\r\nupdate-alternatives: warning: skip creation of /usr/share/man/man1/lzcmp.1.gz because associated file /usr/share/man/man1/xzcmp.1.gz (of link group lzma) doesn't exist\r\nupdate-alternatives: warning: skip creation of /usr/share/man/man1/lzgrep.1.gz because associated file /usr/share/man/man1/xzgrep.1.gz (of link group lzma) doesn't exist\r\nupdate-alternatives: warning: skip creation of /usr/share/man/man1/lzegrep.1.gz because associated file /usr/share/man/man1/xzegrep.1.gz (of link group lzma) doesn't exist\r\nupdate-alternatives: warning: skip creation of /usr/share/man/man1/lzfgrep.1.gz because associated file /usr/share/man/man1/xzfgrep.1.gz (of link group lzma) doesn't exist\r\nSetting up libquadmath0:amd64 (8.3.0-6) ...\r\nSetting up libmpc3:amd64 (1.1.0-1) ...\r\nSetting up libatomic1:amd64 (8.3.0-6) ...\r\nSetting up patch (2.7.6-3+deb10u1) ...\r\nSetting up libpcre2-8-0:amd64 (10.32-5) ...\r\nSetting up libk5crypto3:amd64 (1.17-3+deb10u5) ...\r\nSetting up libsasl2-2:amd64 (2.1.27+dfsg-1+deb10u2) ...\r\nSetting up libmpx2:amd64 (8.3.0-6) ...\r\nSetting up libubsan1:amd64 (8.3.0-6) ...\r\nSetting up libisl19:amd64 (0.20-2) ...\r\nSetting up git-man (1:2.20.1-2+deb10u6) ...\r\nSetting up libssh2-1:amd64 (1.8.0-2.1) ...\r\nSetting up netbase (5.6) ...\r\nSetting up libkrb5-3:amd64 (1.17-3+deb10u5) ...\r\nSetting up libmpdec2:amd64 (2.4.2-2) ...\r\nSetting up libbinutils:amd64 (2.31.1-16) ...\r\nSetting up cpp-8 (8.3.0-6) ...\r\nSetting up libc-dev-bin (2.28-10+deb10u2) ...\r\nSetting up openssl (1.1.1n-0+deb10u3) ...\r\nSetting up libbsd0:amd64 (0.9.1-2+deb10u1) ...\r\nSetting up readline-common (7.0-5) ...\r\nSetting up publicsuffix (20220811.1734-0+deb10u1) ...\r\nSetting up libcc1-0:amd64 (8.3.0-6) ...\r\nSetting up liblocale-gettext-perl (1.07-3+b4) ...\r\nSetting up liblsan0:amd64 (8.3.0-6) ...\r\nSetting up libitm1:amd64 (8.3.0-6) ...\r\nSetting up libreadline7:amd64 (7.0-5) ...\r\nSetting up libgdbm6:amd64 (1.18.1-4) ...\r\nSetting up gnupg-utils (2.2.12-1+deb10u2) ...\r\nSetting up binutils-x86-64-linux-gnu (2.31.1-16) ...\r\nSetting up libtsan0:amd64 (8.3.0-6) ...\r\nSetting up pinentry-curses (1.1.0-2) ...\r\nSetting up manpages-dev (4.16-2) ...\r\nSetting up libxdmcp6:amd64 (1:1.1.2-3) ...\r\nSetting up libpython3.7-stdlib:amd64 (3.7.3-2+deb10u4) ...\r\nSetting up libxcb1:amd64 (1.13.1-2) ...\r\nSetting up libedit2:amd64 (3.1-20181209-1) ...\r\nSetting up libldap-2.4-2:amd64 (2.4.47+dfsg-3+deb10u7) ...\r\nSetting up binutils (2.31.1-16) ...\r\nSetting up ca-certificates (20200601~deb10u2) ...\r\ndebconf: unable to initialize frontend: Dialog\r\ndebconf: (TERM is not set, so the dialog frontend is not usable.)\r\ndebconf: falling back to frontend: Readline\r\nUpdating certificates in /etc/ssl/certs...\r\n137 added, 0 removed; done.\r\nSetting up libgssapi-krb5-2:amd64 (1.17-3+deb10u5) ...\r\nSetting up libgdbm-compat4:amd64 (1.18.1-4) ...\r\nSetting up libgcc-8-dev:amd64 (8.3.0-6) ...\r\nSetting up libperl5.28:amd64 (5.28.1-6+deb10u1) ...\r\nSetting up cpp (4:8.3.0-1) ...\r\nSetting up gpgconf (2.2.12-1+deb10u2) ...\r\nSetting up libc6-dev:amd64 (2.28-10+deb10u2) ...\r\nSetting up libx11-6:amd64 (2:1.6.7-1+deb10u2) ...\r\nSetting up libxmuu1:amd64 (2:1.1.2-2+b3) ...\r\nSetting up gpg (2.2.12-1+deb10u2) ...\r\nSetting up libpython3-stdlib:amd64 (3.7.3-1) ...\r\nSetting up libstdc++-8-dev:amd64 (8.3.0-6) ...\r\nSetting up python3.7 (3.7.3-2+deb10u4) ...\r\nSetting up gcc-8 (8.3.0-6) ...\r\nSetting up gpg-agent (2.2.12-1+deb10u2) ...\r\nSetting up openssh-client (1:7.9p1-10+deb10u2) ...\r\nSetting up gpgsm (2.2.12-1+deb10u2) ...\r\nSetting up libxext6:amd64 (2:1.3.3-1+b2) ...\r\nSetting up libcurl3-gnutls:amd64 (7.64.0-4+deb10u3) ...\r\nSetting up python3 (3.7.3-1) ...\r\nrunning python rtupdate hooks for python3.7...\r\nrunning python post-rtupdate hooks for python3.7...\r\nSetting up gcc (4:8.3.0-1) ...\r\nSetting up dirmngr (2.2.12-1+deb10u2) ...\r\nSetting up perl (5.28.1-6+deb10u1) ...\r\nSetting up libdpkg-perl (1.19.8) ...\r\nSetting up gpg-wks-server (2.2.12-1+deb10u2) ...\r\nSetting up g++-8 (8.3.0-6) ...\r\nSetting up xauth (1:1.0.10-1) ...\r\nSetting up gpg-wks-client (2.2.12-1+deb10u2) ...\r\nSetting up libfile-fcntllock-perl (0.22-3+b5) ...\r\nSetting up libalgorithm-diff-perl (1.19.03-2) ...\r\nSetting up dpkg-dev (1.19.8) ...\r\nSetting up liberror-perl (0.17027-2) ...\r\nSetting up git (1:2.20.1-2+deb10u6) ...\r\nSetting up g++ (4:8.3.0-1) ...\r\nupdate-alternatives: using /usr/bin/g++ to provide /usr/bin/c++ (c++) in auto mode\r\nSetting up gnupg (2.2.12-1+deb10u2) ...\r\nSetting up build-essential (12.6) ...\r\nSetting up libalgorithm-diff-xs-perl (0.04-5+b1) ...\r\nSetting up libalgorithm-merge-perl (0.08-3) ...\r\nProcessing triggers for libc-bin (2.28-10+deb10u2) ...\r\nProcessing triggers for ca-certificates (20200601~deb10u2) ...\r\nUpdating certificates in /etc/ssl/certs...\r\n0 added, 0 removed; done.\r\nRunning hooks in /etc/ca-certificates/update.d...\r\ndone.\r\n\u001b[91mnpm WARN EBADENGINE Unsupported engine {\nnpm WARN EBADENGINE   package: undefined,\nnpm \u001b[0m\u001b[91mWARN EBADENGINE   required: { node: '~8.17', yarn: '~1.22' },\nnpm WARN EBADENGINE   current: { node: 'v19.3.0', npm: '9.2.0' }\nnpm WARN EBADENGINE }\n\u001b[0m\u001b[91mnpm WARN skipping integrity check for git dependency https://git@github.com/bestplay9384/cloudscraper.git \n\u001b[0m\u001b[91mnpm WARN deprecated ini@1.3.5: Please update to ini >=1.3.6 to avoid a prototype pollution issue\n\u001b[0m\u001b[91mnpm WARN deprecated har-validator@5.1.3: this library is no longer supported\n\u001b[0m\u001b[91mnpm WARN \u001b[0m\u001b[91mdeprecated uuid@3.3.3: Please upgrade  to version 7 or higher.  Older versions may use Math.random() in certain circumstances, which is known to be problematic.  See https://v8.dev/blog/math-random for details.\n\u001b[0m\u001b[91mnpm WARN deprecated request-promise@4.2.5: request-promise has been deprecated because it extends the now deprecated request package, see https://github.com/request/request/issues/3142\n\u001b[0m\u001b[91mnpm WARN deprecated debug@3.2.6: Debug versions >=3.2.0 <3.2.7 || >=4 <4.3.1 have a low-severity ReDos regression when used in a Node.js environment. It is recommended you upgrade to 3.2.7 or 4.3.1. (https://github.com/visionmedia/debug/issues/797)\n\u001b[0m\u001b[91mnpm WARN deprecated request@2.88.0: request has been deprecated, see https://github.com/request/request/issues/3142\n\u001b[0m\u001b[91mnpm WARN deprecated debug@4.1.1: Debug versions >=3.2.0 <3.2.7 || >=4 <4.3.1 have a low-severity ReDos regression when used in a Node.js environment. It is recommended you upgrade to 3.2.7 or 4.3.1. (https://github.com/visionmedia/debug/issues/797)\n\u001b[0m\u001b[91mnpm WARN deprecated bson@1.1.3: Fixed a critical issue with BSON serialization documented in CVE-2019-2391, see https://bit.ly/2KcpXdo for more details\n\u001b[0m\u001b[91mnpm ERR! code 1\nnpm ERR! path /app/node_modules/sharp\n\u001b[0m\u001b[91mnpm ERR! command failed\nnpm ERR!\u001b[0m\u001b[91m command sh -c (node install/libvips && node install/dll-copy && prebuild-install) || (node-gyp rebuild && node install/dll-copy)\n\u001b[0m\u001b[91mnpm ERR! make: Entering directory '/app/node_modules/sharp/build'\nnpm \u001b[0m\u001b[91mERR!   TOUCH Release/obj.target/libvips-cpp.stamp\nnpm ERR!\u001b[0m\u001b[91m   CXX(target) Release/obj.target/sharp/src/common.o\nnpm ERR! make: Leaving directory '/app/node_modules/sharp/build'\n\u001b[0m\u001b[91mnpm ERR! info sharp Downloading https://github.com/lovell/sharp-libvips/releases/download/v8.8.1/libvips-8.8.1-linux-x64.tar.gz\nnpm ERR!\u001b[0m\u001b[91m gyp info it worked if it ends with ok\nnpm ERR! gyp info using node-gyp@9.3.0\nnpm\u001b[0m\u001b[91m ERR!\u001b[0m\u001b[91m gyp info using node@19.3.0 | linux | x64\nnpm ERR!\u001b[0m\u001b[91m gyp info find Python using Python version 3.7.3 found at \"/usr/bin/python3\"\nnpm \u001b[0m\u001b[91mERR! gyp http GET https://nodejs.org/download/release/v19.3.0/node-v19.3.0-headers.tar.gz\n\u001b[0m\u001b[91mnpm \u001b[0m\u001b[91mERR! gyp http 200 https://nodejs.org/download/release/v19.3.0/node-v19.3.0-headers.tar.gz\n\u001b[0m\u001b[91mnpm\u001b[0m\u001b[91m \u001b[0m\u001b[91mERR!\u001b[0m\u001b[91m gyp http GET https://nodejs.org/download/release/v19.3.0/SHASUMS256.txt\n\u001b[0m\u001b[91mnpm \u001b[0m\u001b[91mERR!\u001b[0m\u001b[91m gyp http 200 https://nodejs.org/download/release/v19.3.0/SHASUMS256.txt\nnpm ERR! gyp info spawn /usr/bin/python3\n\u001b[0m\u001b[91mnpm ERR! gyp info spawn args [\nnpm ERR!\u001b[0m\u001b[91m gyp info spawn args   '/usr/local/lib/node_modules/npm/node_modules/node-gyp/gyp/gyp_main.py',\nnpm\u001b[0m\u001b[91m ERR!\u001b[0m\u001b[91m gyp info spawn args   'binding.gyp',\nnpm \u001b[0m\u001b[91mERR!\u001b[0m\u001b[91m gyp info spawn args   '-f',\nnpm ERR! gyp info spawn args   'make',\nnpm ERR! gyp info spawn args   '-I',\nnpm ERR! gyp info spawn args   '/app/node_modules/sharp/build/config.gypi',\nnpm ERR! gyp info spawn args   '-I',\nnpm ERR!\u001b[0m\u001b[91m gyp info spawn args   '/usr/local/lib/node_modules/npm/node_modules/node-gyp/addon.gypi',\nnpm ERR! gyp info spawn args   '-I',\nnpm ERR!\u001b[0m\u001b[91m gyp info spawn args   '/root/.cache/node-gyp/19.3.0/include/node/common.gypi',\nnpm\u001b[0m\u001b[91m ERR!\u001b[0m\u001b[91m gyp info spawn args   '-Dlibrary=shared_library',\nnpm ERR!\u001b[0m\u001b[91m gyp info spawn args   '-Dvisibility=default',\nnpm ERR!\u001b[0m\u001b[91m gyp info spawn args   '-Dnode_root_dir=/root/.cache/node-gyp/19.3.0',\nnpm ERR! gyp info spawn args   '-Dnode_gyp_dir=/usr/local/lib/node_modules/npm/node_modules/node-gyp',\nnpm \u001b[0m\u001b[91mERR! gyp info spawn args   '-Dnode_lib_file=/root/.cache/node-gyp/19.3.0/<(target_arch)/node.lib',\nnpm\u001b[0m\u001b[91m ERR!\u001b[0m\u001b[91m gyp info spawn args   '-Dmodule_root_dir=/app/node_modules/sharp',\n\u001b[0m\u001b[91mnpm ERR!\u001b[0m\u001b[91m gyp info spawn args   '-Dnode_engine=v8',\nnpm ERR! gyp info spawn args   '--depth=.',\n\u001b[0m\u001b[91mnpm ERR! gyp info spawn args   '--no-parallel',\nnpm \u001b[0m\u001b[91mERR! gyp info spawn args   '--generator-output',\nnpm\u001b[0m\u001b[91m ERR! gyp info spawn args   'build',\n\u001b[0m\u001b[91mnpm ERR! gyp info spawn args   '-Goutput_dir=.'\nnpm\u001b[0m\u001b[91m ERR! gyp info spawn args ]\nnpm ERR! gyp info spawn make\n\u001b[0m\u001b[91mnpm ERR!\u001b[0m\u001b[91m gyp info spawn args [ 'BUILDTYPE=Release', '-C', 'build' ]\n\u001b[0m\u001b[91mnpm \u001b[0m\u001b[91mERR! <command-line>: warning: \"_GLIBCXX_USE_CXX11_ABI\" redefined\nnpm\u001b[0m\u001b[91m ERR! <command-line>: note: this is the location of the previous definition\nnpm ERR!\u001b[0m\u001b[91m In file included from /root/.cache/node-gyp/19.3.0/include/node/v8-local-handle.h:12,\nnpm \u001b[0m\u001b[91mERR!\u001b[0m\u001b[91m                  from /root/.cache/node-gyp/19.3.0/include/node/v8-array-buffer.h:12,\n\u001b[0m\u001b[91mnpm ERR!\u001b[0m\u001b[91m                  from /root/.cache/node-gyp/19.3.0/include/node/v8.h:24,\nnpm ERR!                  from /root/.cache/node-gyp/19.3.0/include/node/node.h:73,\nnpm ERR!\u001b[0m\u001b[91m                  from ../src/common.cc:22:\nnpm ERR! /root/.cache/node-gyp/19.3.0/include/node/v8-internal.h: In function 'void v8::internal::PerformCastCheck(T*)':\n\u001b[0m\u001b[91mnpm \u001b[0m\u001b[91mERR!\u001b[0m\u001b[91m /root/.cache/node-gyp/19.3.0/include/node/v8-internal.h:850:38: error: 'remove_cv_t' is not a member of 'std'\nnpm ERR!              !std::is_same<Data, std::remove_cv_t<T>>::value>::Perform(data);\n\u001b[0m\u001b[91mnpm \u001b[0m\u001b[91mERR!\u001b[0m\u001b[91m                                       ^~~~~~~~~~~\nnpm ERR! /root/.cache/node-gyp/19.3.0/include/node/v8-internal.h:850:38: note: suggested alternative: 'remove_cv'\nnpm\u001b[0m\u001b[91m ERR!              !std::is_same<Data, std::remove_cv_t<T>>::value>::Perform(data);\n\u001b[0m\u001b[91mnpm\u001b[0m\u001b[91m ERR!\u001b[0m\u001b[91m                                       ^~~~~~~~~~~\n\u001b[0m\u001b[91mnpm ERR!                                       remove_cv\n\u001b[0m\u001b[91mnpm ERR! /root/.cache/node-gyp/19.3.0/include/node/v8-internal.h:850:38: error: 'remove_cv_t' is not a member of 'std'\nnpm ERR! /root/.cache/node-gyp/19.3.0/include/node/v8-internal.h:850:38: note: suggested alternative: 'remove_cv'\nnpm\u001b[0m\u001b[91m ERR!              !std::is_same<Data, std::remove_cv_t<T>>::value>::Perform(data);\nnpm\u001b[0m\u001b[91m ERR!\u001b[0m\u001b[91m                                       ^~~~~~~~~~~\nnpm\u001b[0m\u001b[91m ERR!                                       remove_cv\nnpm ERR!\u001b[0m\u001b[91m /root/.cache/node-gyp/19.3.0/include/node/v8-internal.h:850:50: error: template argument 2 is invalid\nnpm ERR!              !std::is_same<Data, std::remove_cv_t<T>>::value>::Perform(data);\n\u001b[0m\u001b[91mnpm ERR!                                                   ^\n\u001b[0m\u001b[91mnpm ERR! /root/.cache/node-gyp/19.3.0/include/node/v8-internal.h:850:63: error: '::Perform' has not been declared\nnpm \u001b[0m\u001b[91mERR!              !std::is_same<Data, std::remove_cv_t<T>>::value>::Perform(data);\nnpm ERR!                                                                ^~~~~~~\nnpm\u001b[0m\u001b[91m ERR! /root/.cache/node-gyp/19.3.0/include/node/v8-internal.h:850:63: note: suggested alternative: 'perror'\n\u001b[0m\u001b[91mnpm \u001b[0m\u001b[91mERR!\u001b[0m\u001b[91m              !std::is_same<Data, std::remove_cv_t<T>>::value>::Perform(data);\n\u001b[0m\u001b[91mnpm ERR!\u001b[0m\u001b[91m                                                                ^~~~~~~\nnpm\u001b[0m\u001b[91m ERR!\u001b[0m\u001b[91m                                                                perror\n\u001b[0m\u001b[91mnpm ERR!\u001b[0m\u001b[91m In file included from /root/.cache/node-gyp/19.3.0/include/node/v8-object.h:9,\n\u001b[0m\u001b[91mnpm ERR!\u001b[0m\u001b[91m                  from /root/.cache/node-gyp/19.3.0/include/node/v8-array-buffer.h:13,\nnpm ERR!\u001b[0m\u001b[91m                  from /root/.cache/node-gyp/19.3.0/include/node/v8.h:24,\nnpm\u001b[0m\u001b[91m \u001b[0m\u001b[91mERR!                  from /root/.cache/node-gyp/19.3.0/include/node/node.h:73,\nnpm ERR!                  from ../src/common.cc:22:\nnpm ERR!\u001b[0m\u001b[91m /root/.cache/node-gyp/19.3.0/include/node/v8-maybe.h: At global scope:\nnpm ERR!\u001b[0m\u001b[91m /root/.cache/node-gyp/19.3.0/include/node/v8-maybe.h:106:27: error: 'std::enable_if_t' has not been declared\n\u001b[0m\u001b[91mnpm ERR!\u001b[0m\u001b[91m    template <class U, std::enable_if_t<!std::is_lvalue_reference_v<U>>*>\nnpm \u001b[0m\u001b[91mERR!                            ^~~~~~~~~~~\nnpm \u001b[0m\u001b[91mERR! /root/.cache/node-gyp/19.3.0/include/node/v8-maybe.h:106:38: error: expected '>' before '<' token\n\u001b[0m\u001b[91mnpm ERR!\u001b[0m\u001b[91m    template <class U, std::enable_if_t<!std::is_lvalue_reference_v<U>>*>\nnpm ERR!\u001b[0m\u001b[91m                                       ^\nnpm ERR!\u001b[0m\u001b[91m /root/.cache/node-gyp/19.3.0/include/node/v8-maybe.h:123:25: error: 'std::enable_if_t' has not been declared\nnpm \u001b[0m\u001b[91mERR!  template <class T, std::enable_if_t<!std::is_lvalue_reference_v<T>>* = nullptr>\nnpm \u001b[0m\u001b[91mERR!\u001b[0m\u001b[91m                          ^~~~~~~~~~~\nnpm ERR!\u001b[0m\u001b[91m /root/.cache/node-gyp/19.3.0/include/node/v8-maybe.h:123:36: error: expected '>' before '<' token\nnpm\u001b[0m\u001b[91m ERR!\u001b[0m\u001b[91m  template <class T, std::enable_if_t<!std::is_lvalue_reference_v<T>>* = nullptr>\nnpm ERR!\u001b[0m\u001b[91m                                     ^\nnpm\u001b[0m\u001b[91m ERR!\u001b[0m\u001b[91m In file included from ../../nan/nan.h:176,\nnpm\u001b[0m\u001b[91m ERR!\u001b[0m\u001b[91m                  from ../src/common.cc:24:\nnpm \u001b[0m\u001b[91mERR! ../../nan/nan_callbacks.h:55:23: error: 'AccessorSignature' is not a member of 'v8'\n\u001b[0m\u001b[91mnpm ERR!\u001b[0m\u001b[91m  typedef v8::Local<v8::AccessorSignature> Sig;\n\u001b[0m\u001b[91mnpm ERR!\u001b[0m\u001b[91m                        ^~~~~~~~~~~~~~~~~\nnpm ERR! ../../nan/nan_callbacks.h:55:23: note: suggested alternative: 'Signature'\nnpm\u001b[0m\u001b[91m ERR!  typedef v8::Local<v8::AccessorSignature> Sig;\nnpm ERR!                        ^~~~~~~~~~~~~~~~~\n\u001b[0m\u001b[91mnpm ERR!                        Signature\n\u001b[0m\u001b[91mnpm ERR!\u001b[0m\u001b[91m ../../nan/nan_callbacks.h:55:23: error: 'AccessorSignature' is not a member of 'v8'\nnpm ERR! ../../nan/nan_callbacks.h:55:23: note: suggested alternative: 'Signature'\nnpm ERR!  typedef v8::Local<v8::AccessorSignature> Sig;\nnpm ERR!                        ^~~~~~~~~~~~~~~~~\nnpm ERR!\u001b[0m\u001b[91m                        Signature\nnpm ERR! ../../nan/nan_callbacks.h:55:40: error: template argument 1 is invalid\nnpm ERR!  typedef v8::Local<v8::AccessorSignature> Sig;\nnpm ERR!                                         ^\nnpm\u001b[0m\u001b[91m ERR! In file included from ../src/common.cc:24:\nnpm ERR!\u001b[0m\u001b[91m ../../nan/nan.h: In function 'void Nan::SetAccessor(v8::Local<v8::ObjectTemplate>, v8::Local<v8::String>, Nan::GetterCallback, Nan::SetterCallback, v8::Local<v8::Value>, v8::AccessControl, v8::PropertyAttribute, Nan::imp::Sig)':\nnpm ERR!\u001b[0m\u001b[91m ../../nan/nan.h:2542:16: error: no matching function for call to 'v8::ObjectTemplate::SetAccessor(v8::Local<v8::String>&, void (*&)(v8::Local<v8::Name>, const v8::PropertyCallbackInfo<v8::Value>&), void (*&)(v8::Local<v8::Name>, v8::Local<v8::Value>, const v8::PropertyCallbackInfo<void>&), v8::Local<v8::Object>&, v8::AccessControl&, v8::PropertyAttribute&, Nan::imp::Sig&)'\nnpm ERR!      , signature);\nnpm ERR!\u001b[0m\u001b[91m                 ^\nnpm ERR!\u001b[0m\u001b[91m In file included from /root/.cache/node-gyp/19.3.0/include/node/v8-function.h:15,\nnpm ERR!\u001b[0m\u001b[91m                  from /root/.cache/node-gyp/19.3.0/include/node/v8.h:33,\n\u001b[0m\u001b[91mnpm\u001b[0m\u001b[91m ERR!                  from /root/.cache/node-gyp/19.3.0/include/node/node.h:73,\nnpm ERR!                  from ../src/common.cc:22:\nnpm\u001b[0m\u001b[91m ERR!\u001b[0m\u001b[91m /root/.cache/node-gyp/19.3.0/include/node/v8-template.h:807:8: note: candidate: 'void v8::ObjectTemplate::SetAccessor(v8::Local<v8::String>, v8::AccessorGetterCallback, v8::AccessorSetterCallback, v8::Local<v8::Value>, v8::AccessControl, v8::PropertyAttribute, v8::SideEffectType, v8::SideEffectType)'\n\u001b[0m\u001b[91mnpm ERR!    void SetAccessor(\nnpm ERR!\u001b[0m\u001b[91m         ^~~~~~~~~~~\nnpm ERR!\u001b[0m\u001b[91m /root/.cache/node-gyp/19.3.0/include/node/v8-template.h:807:8: note:   no known conversion for argument 7 from 'Nan::imp::Sig' {aka 'int'} to 'v8::SideEffectType'\nnpm\u001b[0m\u001b[91m ERR! /root/.cache/node-gyp/19.3.0/include/node/v8-template.h:814:8: note: candidate: 'void v8::ObjectTemplate::SetAccessor(v8::Local<v8::Name>, v8::AccessorNameGetterCallback, v8::AccessorNameSetterCallback, v8::Local<v8::Value>, v8::AccessControl, v8::PropertyAttribute, v8::SideEffectType, v8::SideEffectType)'\nnpm\u001b[0m\u001b[91m ERR!    void SetAccessor(\nnpm ERR!         ^~~~~~~~~~~\n\u001b[0m\u001b[91mnpm \u001b[0m\u001b[91mERR!\u001b[0m\u001b[91m /root/.cache/node-gyp/19.3.0/include/node/v8-template.h:814:8: note:   no known conversion for argument 7 from 'Nan::imp::Sig' {aka 'int'} to 'v8::SideEffectType'\n\u001b[0m\u001b[91mnpm ERR!\u001b[0m\u001b[91m make: *** [sharp.target.mk:139: Release/obj.target/sharp/src/common.o] Error 1\n\u001b[0m\u001b[91mnpm ERR!\u001b[0m\u001b[91m gyp ERR! build error \nnpm \u001b[0m\u001b[91mERR! gyp ERR! stack Error: `make` failed with exit code: 2\n\u001b[0m\u001b[91mnpm\u001b[0m\u001b[91m ERR!\u001b[0m\u001b[91m gyp ERR! stack     at ChildProcess.onExit (/usr/local/lib/node_modules/npm/node_modules/node-gyp/lib/build.js:203:23)\n\u001b[0m\u001b[91mnpm ERR!\u001b[0m\u001b[91m gyp ERR! stack     at ChildProcess.emit (node:events:513:28)\n\u001b[0m\u001b[91mnpm ERR!\u001b[0m\u001b[91m gyp ERR! stack     at ChildProcess._handle.onexit (node:internal/child_process:293:12)\nnpm \u001b[0m\u001b[91mERR! gyp ERR! System Linux 5.4.0-113-generic\n\u001b[0m\u001b[91mnpm\u001b[0m\u001b[91m ERR!\u001b[0m\u001b[91m gyp ERR! command \"/usr/local/bin/node\" \"/usr/local/lib/node_modules/npm/node_modules/node-gyp/bin/node-gyp.js\" \"rebuild\"\nnpm\u001b[0m\u001b[91m ERR!\u001b[0m\u001b[91m gyp ERR! cwd /app/node_modules/sharp\n\u001b[0m\u001b[91mnpm ERR! gyp ERR! node -v v19.3.0\nnpm \u001b[0m\u001b[91mERR!\u001b[0m\u001b[91m gyp ERR! node-gyp -v v9.3.0\n\u001b[0m\u001b[91mnpm ERR! gyp ERR! not ok\n\u001b[0m\u001b[91m\n\u001b[0m\u001b[91mnpm ERR! A complete log of this run can be found in:\nnpm ERR!     /root/.npm/_logs/2023-01-03T01_49_25_207Z-debug-0.log\n\u001b[0mRemoving intermediate container 8a85c9c20f87\n","stderr":"The command '/bin/sh -c apt-get update && apt-get install -y python3 git build-essential && npm install' returned a non-zero code: 1\n"},"endTime":1672710619368}