{"repository":"https://github.com/cool-bots/doge-cool","dockerfilePath":"Dockerfile","startTime":1672891833166,"endTime":1672891878876,"clone":{"startTime":1672891833167,"stdout":"","stderr":"Cloning into '/tmp/dinghy-analysis/cool-bots/doge-cool'...\n","error":null,"endTime":1672891833994,"commit":"42b5602a959ae4be5e4f30014591d445b85e690b"},"originalBuild":{"startTime":1672891834091,"endTime":1672891878802,"error":{"code":1,"killed":false,"signal":null,"cmd":"docker build --no-cache --force-rm -t doge-cool:latest -f /tmp/dinghy-analysis/cool-bots/doge-cool/Dockerfile ."},"stdout":"Sending build context to Docker daemon  459.3kB\r\r\nStep 1/6 : FROM node:8-alpine\n8-alpine: Pulling from library/node\ne6b0cf9c0882: Pulling fs layer\n93f9cf0467ca: Pulling fs layer\na564402f98da: Pulling fs layer\nb68680f1d28f: Pulling fs layer\nb68680f1d28f: Waiting\na564402f98da: Verifying Checksum\na564402f98da: Download complete\ne6b0cf9c0882: Verifying Checksum\ne6b0cf9c0882: Download complete\n93f9cf0467ca: Verifying Checksum\n93f9cf0467ca: Download complete\ne6b0cf9c0882: Pull complete\nb68680f1d28f: Verifying Checksum\nb68680f1d28f: Download complete\n93f9cf0467ca: Pull complete\na564402f98da: Pull complete\nb68680f1d28f: Pull complete\nDigest: sha256:38f7bf07ffd72ac612ec8c829cb20ad416518dbb679768d7733c93175453f4d4\nStatus: Downloaded newer image for node:8-alpine\n ---> 2b8fcdc6230a\nStep 2/6 : WORKDIR /opt/app\n ---> Running in fa18bdf85f85\nRemoving intermediate container fa18bdf85f85\n ---> eb57acdfd305\nStep 3/6 : COPY . /opt/app\n ---> 8fedbd685dd9\nStep 4/6 : RUN npm i\n ---> Running in b4ee7b12d56b\n\u001b[91mnpm WARN deprecated\u001b[0m\u001b[91m chokidar@2.1.8: Chokidar 2 does not receive security updates since 2019. Upgrade to chokidar 3 with 15x fewer dependencies\n\u001b[0m\u001b[91mnpm WARN deprecated fsevents@1.2.13: fsevents 1 will break on node v14+ and could be using insecure binaries. Upgrade to fsevents 2.\n\u001b[0m\u001b[91mnpm WARN deprecated request@2.88.2: request has been deprecated, see https://github.com/request/request/issues/3142\n\u001b[0m\u001b[91mnpm WARN deprecated request-promise-native@1.0.9: request-promise-native has been deprecated because it extends the now deprecated request package, see https://github.com/request/request/issues/3142\n\u001b[0m\u001b[91mnpm WARN deprecated uuid@3.4.0: Please upgrade  to version 7 or higher.  Older versions may use Math.random() in certain circumstances, which is known to be problematic.  See https://v8.dev/blog/math-random for details.\n\u001b[0m\u001b[91mnpm WARN deprecated har-validator@5.1.5: this library is no longer supported\n\u001b[0m\u001b[91mnpm WARN deprecated axios@0.18.1: Critical security vulnerability fixed in v0.21.1. For more information, see https://github.com/axios/axios/pull/3410\n\u001b[0m\u001b[91mnpm WARN deprecated joi@11.4.0: This version has been deprecated in accordance with the hapi support policy (hapi.im/support). Please upgrade to the latest version to get the best features, bug fixes, and security patches. If you are unable to upgrade at this time, paid support is available for older versions (hapi.im/commercial).\n\u001b[0m\u001b[91mnpm WARN deprecated @slack/client@4.12.0: Slack Client is deprecated - Use @slack/web-api, @slack/rtm-api, or @slack/webhook instead.\n\u001b[0m\u001b[91mnpm WARN deprecated source-map-resolve@0.5.3: See https://github.com/lydell/source-map-resolve#deprecated\n\u001b[0m\u001b[91mnpm WARN deprecated hoek@4.2.1: This version has been deprecated in accordance with the hapi support policy (hapi.im/support). Please upgrade to the latest version to get the best features, bug fixes, and security patches. If you are unable to upgrade at this time, paid support is available for older versions (hapi.im/commercial).\n\u001b[0m\u001b[91mnpm WARN deprecated topo@2.0.2: This version has been deprecated in accordance with the hapi support policy (hapi.im/support). Please upgrade to the latest version to get the best features, bug fixes, and security patches. If you are unable to upgrade at this time, paid support is available for older versions (hapi.im/commercial).\n\u001b[0m\u001b[91mnpm WARN deprecated axios@0.17.1: Critical security vulnerability fixed in v0.21.1. For more information, see https://github.com/axios/axios/pull/3410\n\u001b[0m\u001b[91mnpm WARN deprecated formidable@1.2.6: Please upgrade to latest, formidable@v2 or formidable@v3! Check these notes: https://bit.ly/2ZEqIau\n\u001b[0m\u001b[91mnpm WARN deprecated @types/form-data@2.5.0: This is a stub types definition. form-data provides its own type definitions, so you do not need this installed.\n\u001b[0m\u001b[91mnpm WARN deprecated source-map-url@0.4.1: See https://github.com/lydell/source-map-url#deprecated\n\u001b[0m\u001b[91mnpm WARN deprecated resolve-url@0.2.1: https://github.com/lydell/resolve-url#deprecated\n\u001b[0m\u001b[91mnpm WARN deprecated\u001b[0m\u001b[91m urix@0.1.0: Please see https://github.com/lydell/urix#deprecated\n\u001b[0m\u001b[91mnpm WARN deprecated @types/p-retry@3.0.1: This is a stub types definition. p-retry provides its own type definitions, so you do not need this installed.\n\u001b[0m\u001b[91mnpm WARN deprecated @types/p-cancelable@1.0.1: This is a stub types definition. p-cancelable provides its own type definitions, so you do not need this installed.\n\u001b[0m\u001b[91mnpm WARN deprecated bson@1.0.9: Fixed a critical issue with BSON serialization documented in CVE-2019-2391, see https://bit.ly/2KcpXdo for more details\n\u001b[0m\n> dtrace-provider@0.8.8 install /opt/app/node_modules/dtrace-provider\n> node-gyp rebuild || node suppress-error.js\n\n\u001b[91mgyp ERR! find Python\u001b[0m\u001b[91m \ngyp ERR!\u001b[0m\u001b[91m find Python\u001b[0m\u001b[91m Python is not set from command line or npm configuration\ngyp \u001b[0m\u001b[91mERR!\u001b[0m\u001b[91m find Python Python is not set from environment variable PYTHON\ngyp ERR! find Python checking if \"python\" can be used\ngyp ERR! find Python\u001b[0m\u001b[91m - \"python\" is not in PATH or produced an error\ngyp ERR! find Python checking if \"python2\" can be used\n\u001b[0m\u001b[91mgyp ERR! \u001b[0m\u001b[91mfind Python - \"python2\" is not in PATH or produced an error\n\u001b[0m\u001b[91mgyp ERR!\u001b[0m\u001b[91m find Python checking if \"python3\" can be used\ngyp ERR! \u001b[0m\u001b[91mfind Python - \"python3\" is not in PATH or produced an error\n\u001b[0m\u001b[91mgyp \u001b[0m\u001b[91mERR!\u001b[0m\u001b[91m \u001b[0m\u001b[91mfind Python\u001b[0m\u001b[91m \ngyp\u001b[0m\u001b[91m ERR!\u001b[0m\u001b[91m find Python\u001b[0m\u001b[91m **********************************************************\n\u001b[0m\u001b[91mgyp ERR! find Python You need to install the latest version of Python.\ngyp ERR!\u001b[0m\u001b[91m find Python Node-gyp should be able to find and use Python. If not,\ngyp \u001b[0m\u001b[91mERR! find Python\u001b[0m\u001b[91m you can try one of the following options:\n\u001b[0m\u001b[91mgyp\u001b[0m\u001b[91m \u001b[0m\u001b[91mERR! find Python\u001b[0m\u001b[91m - Use the switch --python=\"/path/to/pythonexecutable\"\n\u001b[0m\u001b[91mgyp\u001b[0m\u001b[91m ERR!\u001b[0m\u001b[91m \u001b[0m\u001b[91mfind Python\u001b[0m\u001b[91m   (accepted by both node-gyp and npm)\n\u001b[0m\u001b[91mgyp \u001b[0m\u001b[91mERR! find Python\u001b[0m\u001b[91m - Set the environment variable PYTHON\ngyp ERR! find Python\u001b[0m\u001b[91m - Set the npm configuration variable python:\ngyp ERR! find Python   npm config set python \"/path/to/pythonexecutable\"\n\u001b[0m\u001b[91mgyp ERR! \u001b[0m\u001b[91mfind Python For more information consult the documentation at:\ngyp\u001b[0m\u001b[91m ERR!\u001b[0m\u001b[91m find Python https://github.com/nodejs/node-gyp#installation\ngyp ERR!\u001b[0m\u001b[91m find Python **********************************************************\n\u001b[0m\u001b[91mgyp ERR! find Python\u001b[0m\u001b[91m \n\u001b[0m\u001b[91mgyp ERR! configure error \n\u001b[0m\u001b[91mgyp ERR! stack Error: Could not find any Python installation to use\ngyp ERR!\u001b[0m\u001b[91m stack\u001b[0m\u001b[91m     at PythonFinder.fail (/usr/local/lib/node_modules/npm/node_modules/node-gyp/lib/find-python.js:307:47)\ngyp ERR! stack\u001b[0m\u001b[91m     at PythonFinder.runChecks (/usr/local/lib/node_modules/npm/node_modules/node-gyp/lib/find-python.js:136:21)\n\u001b[0m\u001b[91mgyp ERR! \u001b[0m\u001b[91mstack     at PythonFinder.<anonymous> (/usr/local/lib/node_modules/npm/node_modules/node-gyp/lib/find-python.js:179:16)\ngyp\u001b[0m\u001b[91m \u001b[0m\u001b[91mERR! \u001b[0m\u001b[91mstack\u001b[0m\u001b[91m     at PythonFinder.execFileCallback (/usr/local/lib/node_modules/npm/node_modules/node-gyp/lib/find-python.js:271:16)\ngyp ERR!\u001b[0m\u001b[91m \u001b[0m\u001b[91mstack\u001b[0m\u001b[91m     at exithandler (child_process.js:288:5)\n\u001b[0m\u001b[91mgyp \u001b[0m\u001b[91mERR!\u001b[0m\u001b[91m stack\u001b[0m\u001b[91m     at ChildProcess.errorhandler (child_process.js:300:5)\n\u001b[0m\u001b[91mgyp ERR!\u001b[0m\u001b[91m \u001b[0m\u001b[91mstack     at emitOne (events.js:116:13)\n\u001b[0m\u001b[91mgyp\u001b[0m\u001b[91m ERR! \u001b[0m\u001b[91mstack\u001b[0m\u001b[91m     at ChildProcess.emit (events.js:211:7)\ngyp\u001b[0m\u001b[91m \u001b[0m\u001b[91mERR! stack\u001b[0m\u001b[91m     at Process.ChildProcess._handle.onexit (internal/child_process.js:196:12)\ngyp \u001b[0m\u001b[91mERR! \u001b[0m\u001b[91mstack\u001b[0m\u001b[91m     at onErrorNT (internal/child_process.js:362:16)\n\u001b[0m\u001b[91mgyp ERR! System Linux 5.4.0-113-generic\n\u001b[0m\u001b[91mgyp ERR! command \"/usr/local/bin/node\" \"/usr/local/lib/node_modules/npm/node_modules/node-gyp/bin/node-gyp.js\" \"rebuild\"\n\u001b[0m\u001b[91mgyp ERR! \u001b[0m\u001b[91mcwd /opt/app/node_modules/dtrace-provider\n\u001b[0m\u001b[91mgyp ERR!\u001b[0m\u001b[91m node -v v8.17.0\n\u001b[0m\u001b[91mgyp\u001b[0m\u001b[91m \u001b[0m\u001b[91mERR! node-gyp -v\u001b[0m\u001b[91m v5.0.5\n\u001b[0m\u001b[91mgyp ERR!\u001b[0m\u001b[91m not ok\u001b[0m\u001b[91m \n\u001b[0m\n> husky@1.3.1 install /opt/app/node_modules/husky\n> node husky install\n\nhusky > setting up git hooks\nhusky > done\n\n> ngrok@3.1.1 postinstall /opt/app/node_modules/ngrok\n> node ./postinstall.js\n\nngrok - downloading binary https://bin.equinox.io/c/4VmDzA7iaHb/ngrok-stable-linux-amd64.zip\n\u001b[91mngrok - error downloading binary { Error: certificate has expired\n    at TLSSocket.<anonymous> (_tls_wrap.js:1116:38)\n    at emitNone (events.js:106:13)\n    at TLSSocket.emit (events.js:208:7)\n    at TLSSocket._finishInit (_tls_wrap.js:643:8)\n    at TLSWrap.ssl.onhandshakedone (_tls_wrap.js:473:38) code: 'CERT_HAS_EXPIRED' }\n\u001b[0m\u001b[91mngrok - install failed, retrying\n\u001b[0mngrok - downloading binary https://bin.equinox.io/c/4VmDzA7iaHb/ngrok-stable-linux-amd64.zip\n\u001b[91mngrok - error downloading binary { Error: certificate has expired\n    at TLSSocket.<anonymous> (_tls_wrap.js:1116:38)\n    at emitNone (events.js:106:13)\n    at TLSSocket.emit (events.js:208:7)\n    at TLSSocket._finishInit (_tls_wrap.js:643:8)\n    at TLSWrap.ssl.onhandshakedone (_tls_wrap.js:473:38) code: 'CERT_HAS_EXPIRED' }\nngrok - install failed, retrying\n\u001b[0mngrok - downloading binary https://bin.equinox.io/c/4VmDzA7iaHb/ngrok-stable-linux-amd64.zip\n\u001b[91mngrok - error downloading binary { Error: certificate has expired\n    at TLSSocket.<anonymous> (_tls_wrap.js:1116:38)\n    at emitNone (events.js:106:13)\n    at TLSSocket.emit (events.js:208:7)\n    at TLSSocket._finishInit (_tls_wrap.js:643:8)\n    at TLSWrap.ssl.onhandshakedone (_tls_wrap.js:473:38) code: 'CERT_HAS_EXPIRED' }\n\u001b[0m\u001b[91mngrok - install failed { Error: certificate has expired\n    at TLSSocket.<anonymous> (_tls_wrap.js:1116:38)\n    at emitNone (events.js:106:13)\n    at TLSSocket.emit (events.js:208:7)\n    at TLSSocket._finishInit (_tls_wrap.js:643:8)\n    at TLSWrap.ssl.onhandshakedone (_tls_wrap.js:473:38) code: 'CERT_HAS_EXPIRED' }\n\u001b[0m\u001b[91mnpm WARN notsup Unsupported engine for block_io@4.2.1: wanted: {\"node\":\"^19 || ^18 || ^17 || ^16 || ^15 || ^14 || ^13 || ^12\"} (current: {\"node\":\"8.17.0\",\"npm\":\"6.13.4\"})\nnpm WARN notsup Not compatible with your version of node/npm: block_io@4.2.1\nnpm WARN notsup Unsupported engine for tiny-secp256k1@2.2.1: wanted: {\"node\":\">=14.0.0\"} (current: {\"node\":\"8.17.0\",\"npm\":\"6.13.4\"})\nnpm WARN notsup\u001b[0m\u001b[91m Not compatible with your version of node/npm: tiny-secp256k1@2.2.1\nnpm WARN notsup Unsupported engine for uint8array-tools@0.0.7: wanted: {\"node\":\">=14.0.0\"} (current: {\"node\":\"8.17.0\",\"npm\":\"6.13.4\"})\nnpm WARN \u001b[0m\u001b[91mnotsup Not compatible with your version of node/npm: uint8array-tools@0.0.7\nnpm \u001b[0m\u001b[91mWARN notsup Unsupported engine for koa-convert@2.0.0: wanted: {\"node\":\">= 10\"} (current: {\"node\":\"8.17.0\",\"npm\":\"6.13.4\"})\nnpm WARN notsup Not compatible with your version of node/npm: koa-convert@2.0.0\n\u001b[0m\u001b[91mnpm WARN optional SKIPPING OPTIONAL DEPENDENCY: fsevents@^1.2.7 (node_modules/chokidar/node_modules/fsevents):\nnpm WARN notsup SKIPPING OPTIONAL DEPENDENCY: Unsupported platform for fsevents@1.2.13: wanted {\"os\":\"darwin\",\"arch\":\"any\"} (current: {\"os\":\"linux\",\"arch\":\"x64\"})\n\u001b[0m\u001b[91m\n\u001b[0m\u001b[91mnpm ERR! \u001b[0m\u001b[91mcode ELIFECYCLE\n\u001b[0m\u001b[91mnpm ERR! \u001b[0m\u001b[91merrno 1\n\u001b[0m\u001b[91mnpm ERR!\u001b[0m\u001b[91m ngrok@3.1.1 postinstall: `node ./postinstall.js`\nnpm\u001b[0m\u001b[91m ERR!\u001b[0m\u001b[91m Exit status 1\n\u001b[0m\u001b[91mnpm ERR!\u001b[0m\u001b[91m \nnpm ERR!\u001b[0m\u001b[91m Failed at the ngrok@3.1.1 postinstall script.\nnpm \u001b[0m\u001b[91mERR!\u001b[0m\u001b[91m This is probably not a problem with npm. There is likely additional logging output above.\n\u001b[0m\u001b[91m\nnpm ERR! A complete log of this run can be found in:\n\u001b[0m\u001b[91mnpm ERR!\u001b[0m\u001b[91m     /root/.npm/_logs/2023-01-05T04_11_15_614Z-debug.log\n\u001b[0mRemoving intermediate container b4ee7b12d56b\n","stderr":"The command '/bin/sh -c npm i' returned a non-zero code: 1\n"}}