{"repository":"https://github.com/mafintosh/try-dat","dockerfilePath":"Dockerfile","startTime":1672994517808,"endTime":1672995026869,"clone":{"startTime":1672994517808,"stdout":"","stderr":"Cloning into '/tmp/dinghy-analysis/mafintosh/try-dat'...\n","error":null,"endTime":1672994519438,"commit":"b211004bfa806b383b89f1230a04c560624bad61"},"originalBuild":{"startTime":1672994519525,"endTime":1672995026815,"error":{"code":1,"killed":false,"signal":null,"cmd":"docker build --no-cache --force-rm -t try-dat:latest -f /tmp/dinghy-analysis/mafintosh/try-dat/Dockerfile ."},"stdout":"Sending build context to Docker daemon  5.567MB\r\r\nStep 1/9 : FROM maxogden/docker-adventure-time\nlatest: Pulling from maxogden/docker-adventure-time\n9fb6c798fa41: Pulling fs layer\n3b61febd4aef: Pulling fs layer\n9d99b9777eb0: Pulling fs layer\nd010c8cf75d7: Pulling fs layer\n7fac07fb303e: Pulling fs layer\nb49d7233a5e9: Pulling fs layer\n7905a677276b: Pulling fs layer\n90fe925dc748: Pulling fs layer\n93989e275ce2: Pulling fs layer\n90fe925dc748: Waiting\nb49d7233a5e9: Waiting\n7905a677276b: Waiting\n93989e275ce2: Waiting\n7fac07fb303e: Waiting\nd010c8cf75d7: Waiting\n9d99b9777eb0: Download complete\n3b61febd4aef: Verifying Checksum\n3b61febd4aef: Download complete\nd010c8cf75d7: Download complete\n7fac07fb303e: Verifying Checksum\n7fac07fb303e: Download complete\n9fb6c798fa41: Verifying Checksum\n9fb6c798fa41: Download complete\n7905a677276b: Verifying Checksum\n7905a677276b: Download complete\n93989e275ce2: Download complete\n90fe925dc748: Verifying Checksum\n90fe925dc748: Download complete\n9fb6c798fa41: Pull complete\n3b61febd4aef: Pull complete\n9d99b9777eb0: Pull complete\nd010c8cf75d7: Pull complete\n7fac07fb303e: Pull complete\nb49d7233a5e9: Verifying Checksum\nb49d7233a5e9: Download complete\nb49d7233a5e9: Pull complete\n7905a677276b: Pull complete\n90fe925dc748: Pull complete\n93989e275ce2: Pull complete\nDigest: sha256:9e906c838f8816cce3d5d1dbb73f0c78e694489b0e9cd476f29396ef248d8b53\nStatus: Downloaded newer image for maxogden/docker-adventure-time:latest\n ---> c8764e0ea098\nStep 2/9 : RUN apt-get update && apt-get install -qy docker.io libncurses5-dev\n ---> Running in 1ccd47590b4d\nHit:1 http://archive.ubuntu.com/ubuntu xenial InRelease\nGet:2 http://archive.ubuntu.com/ubuntu xenial-updates InRelease [99.8 kB]\nGet:3 http://archive.ubuntu.com/ubuntu xenial-backports InRelease [97.4 kB]\nGet:4 http://security.ubuntu.com/ubuntu xenial-security InRelease [99.8 kB]\nGet:5 http://archive.ubuntu.com/ubuntu xenial-updates/universe Sources [549 kB]\nGet:6 http://archive.ubuntu.com/ubuntu xenial-updates/main amd64 Packages [2560 kB]\nGet:7 http://archive.ubuntu.com/ubuntu xenial-updates/restricted amd64 Packages [16.4 kB]\nGet:8 http://archive.ubuntu.com/ubuntu xenial-updates/universe amd64 Packages [1544 kB]\nGet:9 http://archive.ubuntu.com/ubuntu xenial-updates/multiverse amd64 Packages [26.2 kB]\nGet:10 http://archive.ubuntu.com/ubuntu xenial-backports/main amd64 Packages [10.9 kB]\nGet:11 http://archive.ubuntu.com/ubuntu xenial-backports/universe amd64 Packages [12.7 kB]\nGet:12 http://security.ubuntu.com/ubuntu xenial-security/universe Sources [256 kB]\nGet:13 http://security.ubuntu.com/ubuntu xenial-security/main amd64 Packages [2051 kB]\nGet:14 http://security.ubuntu.com/ubuntu xenial-security/restricted amd64 Packages [15.9 kB]\nGet:15 http://security.ubuntu.com/ubuntu xenial-security/universe amd64 Packages [984 kB]\nGet:16 http://security.ubuntu.com/ubuntu xenial-security/multiverse amd64 Packages [8820 B]\nFetched 8332 kB in 2s (3765 kB/s)\nReading package lists...\nReading package lists...\nBuilding dependency tree...\nReading state information...\nThe following additional packages will be installed:\n  apparmor bridge-utils cgroupfs-mount containerd dh-python dns-root-data\n  dnsmasq-base iptables libapparmor-perl libnetfilter-conntrack3 libnfnetlink0\n  libperl5.22 libpython3-stdlib libpython3.5 libpython3.5-minimal\n  libpython3.5-stdlib libseccomp2 libtinfo-dev netcat netcat-traditional perl\n  perl-base perl-modules-5.22 pigz python3 python3-minimal python3.5\n  python3.5-minimal runc ubuntu-fan\nSuggested packages:\n  apparmor-profiles apparmor-profiles-extra apparmor-docs apparmor-utils\n  mountall aufs-tools btrfs-tools debootstrap docker-doc rinse zfs-fuse\n  | zfsutils ncurses-doc perl-doc libterm-readline-gnu-perl\n  | libterm-readline-perl-perl python3-doc python3-tk python3-venv\n  python3.5-venv python3.5-doc binfmt-support\nThe following NEW packages will be installed:\n  apparmor bridge-utils cgroupfs-mount containerd dh-python dns-root-data\n  dnsmasq-base docker.io iptables libapparmor-perl libncurses5-dev\n  libnetfilter-conntrack3 libnfnetlink0 libpython3-stdlib libtinfo-dev netcat\n  netcat-traditional pigz python3 python3-minimal python3.5 python3.5-minimal\n  runc ubuntu-fan\nThe following packages will be upgraded:\n  libperl5.22 libpython3.5 libpython3.5-minimal libpython3.5-stdlib\n  libseccomp2 perl perl-base perl-modules-5.22\n8 upgraded, 24 newly installed, 0 to remove and 160 not upgraded.\nNeed to get 67.1 MB of archives.\nAfter this operation, 273 MB of additional disk space will be used.\nGet:1 http://archive.ubuntu.com/ubuntu xenial-updates/main amd64 libperl5.22 amd64 5.22.1-9ubuntu0.9 [3360 kB]\nGet:2 http://archive.ubuntu.com/ubuntu xenial-updates/main amd64 perl amd64 5.22.1-9ubuntu0.9 [237 kB]\nGet:3 http://archive.ubuntu.com/ubuntu xenial-updates/main amd64 perl-base amd64 5.22.1-9ubuntu0.9 [1287 kB]\nGet:4 http://archive.ubuntu.com/ubuntu xenial-updates/main amd64 perl-modules-5.22 all 5.22.1-9ubuntu0.9 [2634 kB]\nGet:5 http://archive.ubuntu.com/ubuntu xenial-updates/main amd64 libpython3.5 amd64 3.5.2-2ubuntu0~16.04.13 [1360 kB]\nGet:6 http://archive.ubuntu.com/ubuntu xenial-updates/main amd64 libpython3.5-stdlib amd64 3.5.2-2ubuntu0~16.04.13 [2135 kB]\nGet:7 http://archive.ubuntu.com/ubuntu xenial-updates/main amd64 libpython3.5-minimal amd64 3.5.2-2ubuntu0~16.04.13 [524 kB]\nGet:8 http://archive.ubuntu.com/ubuntu xenial-updates/main amd64 python3.5-minimal amd64 3.5.2-2ubuntu0~16.04.13 [1597 kB]\nGet:9 http://archive.ubuntu.com/ubuntu xenial/main amd64 python3-minimal amd64 3.5.1-3 [23.3 kB]\nGet:10 http://archive.ubuntu.com/ubuntu xenial-updates/main amd64 python3.5 amd64 3.5.2-2ubuntu0~16.04.13 [165 kB]\nGet:11 http://archive.ubuntu.com/ubuntu xenial/main amd64 libpython3-stdlib amd64 3.5.1-3 [6818 B]\nGet:12 http://archive.ubuntu.com/ubuntu xenial-updates/main amd64 dh-python all 2.20151103ubuntu1.2 [73.9 kB]\nGet:13 http://archive.ubuntu.com/ubuntu xenial/main amd64 python3 amd64 3.5.1-3 [8710 B]\nGet:14 http://archive.ubuntu.com/ubuntu xenial/main amd64 libnfnetlink0 amd64 1.0.1-3 [13.3 kB]\nGet:15 http://archive.ubuntu.com/ubuntu xenial/universe amd64 pigz amd64 2.3.1-2 [61.1 kB]\nGet:16 http://archive.ubuntu.com/ubuntu xenial-updates/main amd64 libseccomp2 amd64 2.5.1-1ubuntu1~16.04.1 [43.2 kB]\nGet:17 http://archive.ubuntu.com/ubuntu xenial-updates/main amd64 libapparmor-perl amd64 2.10.95-0ubuntu2.11 [33.6 kB]\nGet:18 http://archive.ubuntu.com/ubuntu xenial-updates/main amd64 apparmor amd64 2.10.95-0ubuntu2.11 [451 kB]\nGet:19 http://archive.ubuntu.com/ubuntu xenial/main amd64 iptables amd64 1.6.0-2ubuntu3 [266 kB]\nGet:20 http://archive.ubuntu.com/ubuntu xenial/main amd64 bridge-utils amd64 1.5-9ubuntu1 [28.6 kB]\nGet:21 http://archive.ubuntu.com/ubuntu xenial/universe amd64 cgroupfs-mount all 1.2 [4970 B]\nGet:22 http://archive.ubuntu.com/ubuntu xenial-updates/universe amd64 runc amd64 1.0.0~rc7+git20190403.029124da-0ubuntu1~16.04.4 [1890 kB]\nGet:23 http://archive.ubuntu.com/ubuntu xenial-updates/universe amd64 containerd amd64 1.2.6-0ubuntu1~16.04.6+esm1 [19.8 MB]\nGet:24 http://archive.ubuntu.com/ubuntu xenial-updates/main amd64 dns-root-data all 2018013001~16.04.1 [5424 B]\nGet:25 http://archive.ubuntu.com/ubuntu xenial/main amd64 libnetfilter-conntrack3 amd64 1.0.5-1 [36.6 kB]\nGet:26 http://archive.ubuntu.com/ubuntu xenial-updates/main amd64 dnsmasq-base amd64 2.75-1ubuntu0.16.04.10 [296 kB]\nGet:27 http://archive.ubuntu.com/ubuntu xenial-updates/universe amd64 docker.io amd64 18.09.7-0ubuntu1~16.04.7 [30.5 MB]\nGet:28 http://archive.ubuntu.com/ubuntu xenial/main amd64 libtinfo-dev amd64 6.0+20160213-1ubuntu1 [77.4 kB]\nGet:29 http://archive.ubuntu.com/ubuntu xenial/main amd64 libncurses5-dev amd64 6.0+20160213-1ubuntu1 [175 kB]\nGet:30 http://archive.ubuntu.com/ubuntu xenial/universe amd64 netcat-traditional amd64 1.10-41 [60.7 kB]\nGet:31 http://archive.ubuntu.com/ubuntu xenial/universe amd64 netcat all 1.10-41 [3438 B]\nGet:32 http://archive.ubuntu.com/ubuntu xenial-updates/main amd64 ubuntu-fan all 0.12.8~16.04.3 [35.1 kB]\n\u001b[91mdebconf: delaying package configuration, since apt-utils is not installed\n\u001b[0mFetched 67.1 MB in 4s (15.7 MB/s)\n(Reading database ... \r(Reading database ... 5%\r(Reading database ... 10%\r(Reading database ... 15%\r(Reading database ... 20%\r(Reading database ... 25%\r(Reading database ... 30%\r(Reading database ... 35%\r(Reading database ... 40%\r(Reading database ... 45%\r(Reading database ... 50%\r(Reading database ... 55%\r(Reading database ... 60%\r(Reading database ... 65%\r(Reading database ... 70%\r(Reading database ... 75%\r(Reading database ... 80%\r(Reading database ... 85%\r(Reading database ... 90%\r(Reading database ... 95%\r(Reading database ... 100%\r(Reading database ... 21800 files and directories currently installed.)\r\nPreparing to unpack .../libperl5.22_5.22.1-9ubuntu0.9_amd64.deb ...\r\nUnpacking libperl5.22:amd64 (5.22.1-9ubuntu0.9) over (5.22.1-9) ...\r\nPreparing to unpack .../perl_5.22.1-9ubuntu0.9_amd64.deb ...\r\nUnpacking perl (5.22.1-9ubuntu0.9) over (5.22.1-9) ...\r\nPreparing to unpack .../perl-base_5.22.1-9ubuntu0.9_amd64.deb ...\r\nUnpacking perl-base (5.22.1-9ubuntu0.9) over (5.22.1-9) ...\r\nSetting up perl-base (5.22.1-9ubuntu0.9) ...\r\n(Reading database ... \r(Reading database ... 5%\r(Reading database ... 10%\r(Reading database ... 15%\r(Reading database ... 20%\r(Reading database ... 25%\r(Reading database ... 30%\r(Reading database ... 35%\r(Reading database ... 40%\r(Reading database ... 45%\r(Reading database ... 50%\r(Reading database ... 55%\r(Reading database ... 60%\r(Reading database ... 65%\r(Reading database ... 70%\r(Reading database ... 75%\r(Reading database ... 80%\r(Reading database ... 85%\r(Reading database ... 90%\r(Reading database ... 95%\r(Reading database ... 100%\r(Reading database ... 21800 files and directories currently installed.)\r\nPreparing to unpack .../perl-modules-5.22_5.22.1-9ubuntu0.9_all.deb ...\r\nUnpacking perl-modules-5.22 (5.22.1-9ubuntu0.9) over (5.22.1-9) ...\r\nPreparing to unpack .../libpython3.5_3.5.2-2ubuntu0~16.04.13_amd64.deb ...\r\nUnpacking libpython3.5:amd64 (3.5.2-2ubuntu0~16.04.13) over (3.5.2-2ubuntu0~16.04.3) ...\r\nPreparing to unpack .../libpython3.5-stdlib_3.5.2-2ubuntu0~16.04.13_amd64.deb ...\r\nUnpacking libpython3.5-stdlib:amd64 (3.5.2-2ubuntu0~16.04.13) over (3.5.2-2ubuntu0~16.04.3) ...\r\nPreparing to unpack .../libpython3.5-minimal_3.5.2-2ubuntu0~16.04.13_amd64.deb ...\r\nUnpacking libpython3.5-minimal:amd64 (3.5.2-2ubuntu0~16.04.13) over (3.5.2-2ubuntu0~16.04.3) ...\r\nSelecting previously unselected package python3.5-minimal.\r\nPreparing to unpack .../python3.5-minimal_3.5.2-2ubuntu0~16.04.13_amd64.deb ...\r\nUnpacking python3.5-minimal (3.5.2-2ubuntu0~16.04.13) ...\r\nSelecting previously unselected package python3-minimal.\r\nPreparing to unpack .../python3-minimal_3.5.1-3_amd64.deb ...\r\nUnpacking python3-minimal (3.5.1-3) ...\r\nSelecting previously unselected package python3.5.\r\nPreparing to unpack .../python3.5_3.5.2-2ubuntu0~16.04.13_amd64.deb ...\r\nUnpacking python3.5 (3.5.2-2ubuntu0~16.04.13) ...\r\nSelecting previously unselected package libpython3-stdlib:amd64.\r\nPreparing to unpack .../libpython3-stdlib_3.5.1-3_amd64.deb ...\r\nUnpacking libpython3-stdlib:amd64 (3.5.1-3) ...\r\nSelecting previously unselected package dh-python.\r\nPreparing to unpack .../dh-python_2.20151103ubuntu1.2_all.deb ...\r\nUnpacking dh-python (2.20151103ubuntu1.2) ...\r\nProcessing triggers for libc-bin (2.23-0ubuntu9) ...\r\nProcessing triggers for mime-support (3.59ubuntu1) ...\r\nSetting up libpython3.5-minimal:amd64 (3.5.2-2ubuntu0~16.04.13) ...\r\nSetting up python3.5-minimal (3.5.2-2ubuntu0~16.04.13) ...\r\nSetting up python3-minimal (3.5.1-3) ...\r\nSelecting previously unselected package python3.\r\n(Reading database ... \r(Reading database ... 5%\r(Reading database ... 10%\r(Reading database ... 15%\r(Reading database ... 20%\r(Reading database ... 25%\r(Reading database ... 30%\r(Reading database ... 35%\r(Reading database ... 40%\r(Reading database ... 45%\r(Reading database ... 50%\r(Reading database ... 55%\r(Reading database ... 60%\r(Reading database ... 65%\r(Reading database ... 70%\r(Reading database ... 75%\r(Reading database ... 80%\r(Reading database ... 85%\r(Reading database ... 90%\r(Reading database ... 95%\r(Reading database ... 100%\r(Reading database ... 21903 files and directories currently installed.)\r\nPreparing to unpack .../python3_3.5.1-3_amd64.deb ...\r\nUnpacking python3 (3.5.1-3) ...\r\nSelecting previously unselected package libnfnetlink0:amd64.\r\nPreparing to unpack .../libnfnetlink0_1.0.1-3_amd64.deb ...\r\nUnpacking libnfnetlink0:amd64 (1.0.1-3) ...\r\nSelecting previously unselected package pigz.\r\nPreparing to unpack .../pigz_2.3.1-2_amd64.deb ...\r\nUnpacking pigz (2.3.1-2) ...\r\nPreparing to unpack .../libseccomp2_2.5.1-1ubuntu1~16.04.1_amd64.deb ...\r\nUnpacking libseccomp2:amd64 (2.5.1-1ubuntu1~16.04.1) over (2.2.3-3ubuntu3) ...\r\nProcessing triggers for libc-bin (2.23-0ubuntu9) ...\r\nSetting up libseccomp2:amd64 (2.5.1-1ubuntu1~16.04.1) ...\r\nProcessing triggers for libc-bin (2.23-0ubuntu9) ...\r\nSelecting previously unselected package libapparmor-perl.\r\n(Reading database ... \r(Reading database ... 5%\r(Reading database ... 10%\r(Reading database ... 15%\r(Reading database ... 20%\r(Reading database ... 25%\r(Reading database ... 30%\r(Reading database ... 35%\r(Reading database ... 40%\r(Reading database ... 45%\r(Reading database ... 50%\r(Reading database ... 55%\r(Reading database ... 60%\r(Reading database ... 65%\r(Reading database ... 70%\r(Reading database ... 75%\r(Reading database ... 80%\r(Reading database ... 85%\r(Reading database ... 90%\r(Reading database ... 95%\r(Reading database ... 100%\r(Reading database ... 21932 files and directories currently installed.)\r\nPreparing to unpack .../libapparmor-perl_2.10.95-0ubuntu2.11_amd64.deb ...\r\nUnpacking libapparmor-perl (2.10.95-0ubuntu2.11) ...\r\nSelecting previously unselected package apparmor.\r\nPreparing to unpack .../apparmor_2.10.95-0ubuntu2.11_amd64.deb ...\r\nUnpacking apparmor (2.10.95-0ubuntu2.11) ...\r\nSelecting previously unselected package iptables.\r\nPreparing to unpack .../iptables_1.6.0-2ubuntu3_amd64.deb ...\r\nUnpacking iptables (1.6.0-2ubuntu3) ...\r\nSelecting previously unselected package bridge-utils.\r\nPreparing to unpack .../bridge-utils_1.5-9ubuntu1_amd64.deb ...\r\nUnpacking bridge-utils (1.5-9ubuntu1) ...\r\nSelecting previously unselected package cgroupfs-mount.\r\nPreparing to unpack .../cgroupfs-mount_1.2_all.deb ...\r\nUnpacking cgroupfs-mount (1.2) ...\r\nSelecting previously unselected package runc.\r\nPreparing to unpack .../runc_1.0.0~rc7+git20190403.029124da-0ubuntu1~16.04.4_amd64.deb ...\r\nUnpacking runc (1.0.0~rc7+git20190403.029124da-0ubuntu1~16.04.4) ...\r\nSelecting previously unselected package containerd.\r\nPreparing to unpack .../containerd_1.2.6-0ubuntu1~16.04.6+esm1_amd64.deb ...\r\nUnpacking containerd (1.2.6-0ubuntu1~16.04.6+esm1) ...\r\nSelecting previously unselected package dns-root-data.\r\nPreparing to unpack .../dns-root-data_2018013001~16.04.1_all.deb ...\r\nUnpacking dns-root-data (2018013001~16.04.1) ...\r\nSelecting previously unselected package libnetfilter-conntrack3:amd64.\r\nPreparing to unpack .../libnetfilter-conntrack3_1.0.5-1_amd64.deb ...\r\nUnpacking libnetfilter-conntrack3:amd64 (1.0.5-1) ...\r\nSelecting previously unselected package dnsmasq-base.\r\nPreparing to unpack .../dnsmasq-base_2.75-1ubuntu0.16.04.10_amd64.deb ...\r\nUnpacking dnsmasq-base (2.75-1ubuntu0.16.04.10) ...\r\nSelecting previously unselected package docker.io.\r\nPreparing to unpack .../docker.io_18.09.7-0ubuntu1~16.04.7_amd64.deb ...\r\nUnpacking docker.io (18.09.7-0ubuntu1~16.04.7) ...\r\nSelecting previously unselected package libtinfo-dev:amd64.\r\nPreparing to unpack .../libtinfo-dev_6.0+20160213-1ubuntu1_amd64.deb ...\r\nUnpacking libtinfo-dev:amd64 (6.0+20160213-1ubuntu1) ...\r\nSelecting previously unselected package libncurses5-dev:amd64.\r\nPreparing to unpack .../libncurses5-dev_6.0+20160213-1ubuntu1_amd64.deb ...\r\nUnpacking libncurses5-dev:amd64 (6.0+20160213-1ubuntu1) ...\r\nSelecting previously unselected package netcat-traditional.\r\nPreparing to unpack .../netcat-traditional_1.10-41_amd64.deb ...\r\nUnpacking netcat-traditional (1.10-41) ...\r\nSelecting previously unselected package netcat.\r\nPreparing to unpack .../netcat_1.10-41_all.deb ...\r\nUnpacking netcat (1.10-41) ...\r\nSelecting previously unselected package ubuntu-fan.\r\nPreparing to unpack .../ubuntu-fan_0.12.8~16.04.3_all.deb ...\r\nUnpacking ubuntu-fan (0.12.8~16.04.3) ...\r\nProcessing triggers for systemd (229-4ubuntu19) ...\r\nProcessing triggers for libc-bin (2.23-0ubuntu9) ...\r\nProcessing triggers for dbus (1.10.6-1ubuntu3.3) ...\r\nSetting up perl-modules-5.22 (5.22.1-9ubuntu0.9) ...\r\nSetting up libperl5.22:amd64 (5.22.1-9ubuntu0.9) ...\r\nSetting up perl (5.22.1-9ubuntu0.9) ...\r\nSetting up libpython3.5-stdlib:amd64 (3.5.2-2ubuntu0~16.04.13) ...\r\nSetting up libpython3.5:amd64 (3.5.2-2ubuntu0~16.04.13) ...\r\nSetting up python3.5 (3.5.2-2ubuntu0~16.04.13) ...\r\nSetting up libpython3-stdlib:amd64 (3.5.1-3) ...\r\nSetting up libnfnetlink0:amd64 (1.0.1-3) ...\r\nSetting up pigz (2.3.1-2) ...\r\nSetting up libapparmor-perl (2.10.95-0ubuntu2.11) ...\r\nSetting up iptables (1.6.0-2ubuntu3) ...\r\nSetting up bridge-utils (1.5-9ubuntu1) ...\r\ndebconf: unable to initialize frontend: Dialog\r\ndebconf: (TERM is not set, so the dialog frontend is not usable.)\r\ndebconf: falling back to frontend: Readline\r\nSetting up cgroupfs-mount (1.2) ...\r\ninvoke-rc.d: could not determine current runlevel\r\ninvoke-rc.d: policy-rc.d denied execution of start.\r\nSetting up runc (1.0.0~rc7+git20190403.029124da-0ubuntu1~16.04.4) ...\r\nSetting up containerd (1.2.6-0ubuntu1~16.04.6+esm1) ...\r\nSetting up dns-root-data (2018013001~16.04.1) ...\r\nSetting up libnetfilter-conntrack3:amd64 (1.0.5-1) ...\r\nSetting up dnsmasq-base (2.75-1ubuntu0.16.04.10) ...\r\nSetting up docker.io (18.09.7-0ubuntu1~16.04.7) ...\r\ndebconf: unable to initialize frontend: Dialog\r\ndebconf: (TERM is not set, so the dialog frontend is not usable.)\r\ndebconf: falling back to frontend: Readline\r\nAdding group `docker' (GID 109) ...\r\nDone.\r\ninvoke-rc.d: could not determine current runlevel\r\ninvoke-rc.d: policy-rc.d denied execution of start.\r\nSetting up libtinfo-dev:amd64 (6.0+20160213-1ubuntu1) ...\r\nSetting up libncurses5-dev:amd64 (6.0+20160213-1ubuntu1) ...\r\nSetting up netcat-traditional (1.10-41) ...\r\nupdate-alternatives: using /bin/nc.traditional to provide /bin/nc (nc) in auto mode\r\nSetting up netcat (1.10-41) ...\r\nSetting up ubuntu-fan (0.12.8~16.04.3) ...\r\ninvoke-rc.d: could not determine current runlevel\r\ninvoke-rc.d: policy-rc.d denied execution of start.\r\nSetting up python3 (3.5.1-3) ...\r\nrunning python rtupdate hooks for python3.5...\r\nrunning python post-rtupdate hooks for python3.5...\r\nSetting up apparmor (2.10.95-0ubuntu2.11) ...\r\ndebconf: unable to initialize frontend: Dialog\r\ndebconf: (TERM is not set, so the dialog frontend is not usable.)\r\ndebconf: falling back to frontend: Readline\r\nupdate-rc.d: warning: start and stop actions are no longer supported; falling back to defaults\r\ndiff: /var/lib/apparmor/profiles/.apparmor.md5sums: No such file or directory\r\nSetting up dh-python (2.20151103ubuntu1.2) ...\r\nProcessing triggers for libc-bin (2.23-0ubuntu9) ...\r\nProcessing triggers for systemd (229-4ubuntu19) ...\r\nProcessing triggers for dbus (1.10.6-1ubuntu3.3) ...\r\nRemoving intermediate container 1ccd47590b4d\n ---> 438c0d5a9bd2\nStep 3/9 : RUN npm install -g docker-run@3.1.0\n ---> Running in 6e878e693370\n/usr/local/bin/docker-run -> /usr/local/lib/node_modules/docker-run/bin.js\n/usr/local/lib\n`-- docker-run@3.1.0 \n  +-- debug@1.0.5 \n  | `-- ms@2.0.0 \n  +-- docker-raw-stream@1.3.1 \n  | `-- through2@0.5.1 \n  +-- docker-remote-api@4.4.1 \n  | +-- concat-stream@1.6.2 \n  | | +-- buffer-from@1.1.2 \n  | | +-- inherits@2.0.4 \n  | | +-- readable-stream@2.3.7 \n  | | | +-- isarray@1.0.0 \n  | | | +-- process-nextick-args@2.0.1 \n  | | | +-- safe-buffer@5.1.2 \n  | | | +-- string_decoder@1.1.1 \n  | | | `-- util-deprecate@1.0.2 \n  | | `-- typedarray@0.0.6 \n  | +-- docker-host@3.1.0 \n  | +-- once@1.4.0 \n  | | `-- wrappy@1.0.2 \n  | `-- xtend@3.0.0 \n  +-- minimist@1.2.7 \n  +-- pump@1.0.3 \n  | `-- end-of-stream@1.4.4 \n  `-- through2@0.6.5 \n    +-- readable-stream@1.0.34 \n    | +-- core-util-is@1.0.3 \n    | +-- isarray@0.0.1 \n    | `-- string_decoder@0.10.31 \n    `-- xtend@4.0.2 \n\nRemoving intermediate container 6e878e693370\n ---> 7e7adf4404e5\nStep 4/9 : RUN npm install -g --unsafe-perm dat\n ---> Running in e9dc91bb5736\n\u001b[91mnpm WARN deprecated dat@14.0.3: Package no longer supported. Contact Support at https://www.npmjs.com/support for more info.\n\u001b[0m\u001b[91mnpm WARN deprecated dat-json@1.0.3: Package no longer supported. Contact Support at https://www.npmjs.com/support for more info.\n\u001b[0m\u001b[91mnpm WARN deprecated\u001b[0m\u001b[91m dat-log@2.0.1: Package no longer supported. Contact Support at https://www.npmjs.com/support for more info.\n\u001b[0m\u001b[91mnpm WARN deprecated dat-registry@4.0.2: Package no longer supported. Contact Support at https://www.npmjs.com/support for more info.\n\u001b[0m\u001b[91mnpm WARN \u001b[0m\u001b[91mdeprecated dat-encoding@5.0.2: Package no longer supported. Contact Support at https://www.npmjs.com/support for more info.\n\u001b[0m\u001b[91mnpm WARN deprecated\u001b[0m\u001b[91m dat-link-resolve@2.3.1: Package no longer supported. Contact Support at https://www.npmjs.com/support for more info.\n\u001b[0m\u001b[91mnpm WARN deprecated dat-node@4.0.1: Package no longer supported. Contact Support at https://www.npmjs.com/support for more info.\n\u001b[0m\u001b[91mnpm WARN deprecated dat-dns@3.2.1: Package no longer supported. Contact Support at https://www.npmjs.com/support for more info.\n\u001b[0m\u001b[91mnpm WARN deprecated\u001b[0m\u001b[91m hyperdrive-http@4.4.1: Package no longer supported. Contact Support at https://www.npmjs.com/support for more info.\n\u001b[0m\u001b[91mnpm WARN deprecated hyperdrive-network-speed@2.1.1: Package no longer supported. Contact Support at https://www.npmjs.com/support for more info.\n\u001b[0m\u001b[91mnpm WARN \u001b[0m\u001b[91mdeprecated dat-storage@1.1.2: Package no longer supported. Contact Support at https://www.npmjs.com/support for more info.\n\u001b[0m\u001b[91mnpm WARN deprecated\u001b[0m\u001b[91m dat-ignore@2.1.3: Package no longer supported. Contact Support at https://www.npmjs.com/support for more info.\n\u001b[0m\u001b[91mnpm WARN deprecated source-map-resolve@0.5.3: See https://github.com/lydell/source-map-resolve#deprecated\n\u001b[0m\u001b[91mnpm WARN deprecated source-map-url@0.4.1: See https://github.com/lydell/source-map-url#deprecated\n\u001b[0m\u001b[91mnpm WARN deprecated urix@0.1.0: Please see https://github.com/lydell/urix#deprecated\n\u001b[0m\u001b[91mnpm WARN deprecated resolve-url@0.2.1: https://github.com/lydell/resolve-url#deprecated\n\u001b[0m\u001b[91mnpm WARN deprecated dat-secret-storage@4.0.2: Package no longer supported. Contact Support at https://www.npmjs.com/support for more info.\n\u001b[0m\u001b[91mnpm WARN deprecated request@2.88.2: request has been deprecated, see https://github.com/request/request/issues/3142\n\u001b[0m\u001b[91mnpm WARN deprecated har-validator@5.1.5: this library is no longer supported\n\u001b[0m\u001b[91mnpm WARN deprecated uuid@3.4.0: Please upgrade  to version 7 or higher.  Older versions may use Math.random() in certain circumstances, which is known to be problematic.  See https://v8.dev/blog/math-random for details.\n\u001b[0m/usr/local/bin/dat -> /usr/local/lib/node_modules/dat/bin/cli.js\n\n> sodium-native@3.4.1 install /usr/local/lib/node_modules/dat/node_modules/@hyperswarm/dht/node_modules/sodium-native\n> node-gyp-build\n\n\u001b[91m/usr/local/lib/node_modules/dat/node_modules/@hyperswarm/dht/node_modules/sodium-native/deps/bin.js:46\nasync function start () {\n      ^^^^^^^^\n\nSyntaxError: Unexpected token function\n    at createScript (vm.js:56:10)\n    at Object.runInThisContext (vm.js:97:10)\n    at Module._compile (module.js:542:28)\n    at Object.Module._extensions..js (module.js:579:10)\n    at Module.load (module.js:487:32)\n    at tryModuleLoad (module.js:446:12)\n    at Function.Module._load (module.js:438:3)\n    at Module.runMain (module.js:604:10)\n    at run (bootstrap_node.js:389:7)\n    at startup (bootstrap_node.js:149:9)\n\u001b[0m\u001b[91mgyp: Call to 'node deps/bin.js --print-lib' returned exit status 1 while in binding.gyp. while trying to load binding.gyp\n\u001b[0m\u001b[91mgyp\u001b[0m\u001b[91m \u001b[0m\u001b[91mERR! \u001b[0m\u001b[91mconfigure error\u001b[0m\u001b[91m \n\u001b[0m\u001b[91mgyp \u001b[0m\u001b[91mERR!\u001b[0m\u001b[91m \u001b[0m\u001b[91mstack\u001b[0m\u001b[91m Error: `gyp` failed with exit code: 1\n\u001b[0m\u001b[91mgyp\u001b[0m\u001b[91m ERR!\u001b[0m\u001b[91m stack\u001b[0m\u001b[91m     at ChildProcess.onCpExit (/usr/local/lib/node_modules/npm/node_modules/node-gyp/lib/configure.js:305:16)\ngyp \u001b[0m\u001b[91mERR!\u001b[0m\u001b[91m stack\u001b[0m\u001b[91m     at emitTwo (events.js:106:13)\ngyp\u001b[0m\u001b[91m ERR!\u001b[0m\u001b[91m \u001b[0m\u001b[91mstack\u001b[0m\u001b[91m     at ChildProcess.emit (events.js:191:7)\ngyp\u001b[0m\u001b[91m \u001b[0m\u001b[91mERR!\u001b[0m\u001b[91m stack\u001b[0m\u001b[91m     at Process.ChildProcess._handle.onexit (internal/child_process.js:219:12)\n\u001b[0m\u001b[91mgyp ERR!\u001b[0m\u001b[91m System\u001b[0m\u001b[91m Linux 5.4.0-113-generic\n\u001b[0m\u001b[91mgyp \u001b[0m\u001b[91mERR! \u001b[0m\u001b[91mcommand \"/usr/local/bin/node\" \"/usr/local/lib/node_modules/npm/node_modules/node-gyp/bin/node-gyp.js\" \"rebuild\"\n\u001b[0m\u001b[91mgyp ERR! \u001b[0m\u001b[91mcwd\u001b[0m\u001b[91m /usr/local/lib/node_modules/dat/node_modules/@hyperswarm/dht/node_modules/sodium-native\n\u001b[0m\u001b[91mgyp\u001b[0m\u001b[91m \u001b[0m\u001b[91mERR! \u001b[0m\u001b[91mnode -v v6.11.3\n\u001b[0m\u001b[91mgyp \u001b[0m\u001b[91mERR! \u001b[0m\u001b[91mnode-gyp -v v3.4.0\n\u001b[0m\u001b[91mgyp ERR!\u001b[0m\u001b[91m not ok\u001b[0m\u001b[91m \n\u001b[0m/usr/local/lib\n`-- (empty)\n\n\u001b[91mnpm ERR! Linux 5.4.0-113-generic\nnpm ERR! argv \"/usr/local/bin/node\" \"/usr/local/bin/npm\" \"install\" \"-g\" \"--unsafe-perm\" \"dat\"\nnpm ERR! node v6.11.3\nnpm ERR! npm  v3.10.10\n\u001b[0m\u001b[91mnpm ERR! code ELIFECYCLE\n\u001b[0m\u001b[91m\n\u001b[0m\u001b[91mnpm ERR! sodium-native@3.4.1 install: `node-gyp-build`\nnpm ERR!\u001b[0m\u001b[91m Exit status 1\n\u001b[0m\u001b[91mnpm ERR! \nnpm \u001b[0m\u001b[91mERR!\u001b[0m\u001b[91m Failed at the sodium-native@3.4.1 install script 'node-gyp-build'.\n\u001b[0m\u001b[91mnpm ERR! Make sure you have the latest version of node.js and npm installed.\nnpm \u001b[0m\u001b[91mERR!\u001b[0m\u001b[91m If you do, this is most likely a problem with the sodium-native package,\nnpm ERR! not with npm itself.\n\u001b[0m\u001b[91mnpm ERR! Tell the author that this fails on your system:\n\u001b[0m\u001b[91mnpm ERR!     node-gyp-build\n\u001b[0m\u001b[91mnpm ERR!\u001b[0m\u001b[91m You can get information on how to open an issue for this project with:\n\u001b[0m\u001b[91mnpm ERR!     npm bugs sodium-native\nnpm ERR! Or if that isn't available, you can get their info via:\nnpm ERR!     npm owner ls sodium-native\nnpm \u001b[0m\u001b[91mERR! There is likely additional logging output above.\n\u001b[0m\u001b[91m\n\u001b[0m\u001b[91mnpm ERR! Please include the following file with any support request:\nnpm ERR!     /root/npm-debug.log\n\u001b[0m\u001b[91mnpm ERR! \u001b[0m\u001b[91mcode 1\n\u001b[0mRemoving intermediate container e9dc91bb5736\n","stderr":"The command '/bin/sh -c npm install -g --unsafe-perm dat' returned a non-zero code: 1\n"}}