{"repository":"https://github.com/nordstrom/elwin","dockerfilePath":"Dockerfile","startTime":1672069057568,"clone":{"stdout":"","stderr":"Cloning into '/tmp/dinghy-analysis/nordstrom/elwin'...\n","error":null,"commit":"4a0638bab1315822da3a735ff02ed06ea568e0c4"},"originalBuild":{"startTimestamp":1672069058383,"endTimestamp":1672069081251,"error":{"code":1,"killed":false,"signal":null,"cmd":"docker build --no-cache --force-rm -t elwin:latest -f /tmp/dinghy-analysis/nordstrom/elwin/Dockerfile ."},"stdout":"Sending build context to Docker daemon  49.66kB\r\r\nStep 1/10 : FROM python:2\n2: Pulling from library/python\nDigest: sha256:cfa62318c459b1fde9e0841c619906d15ada5910d625176e24bf692cf8a2601d\nStatus: Downloaded newer image for python:2\n ---> 68e7be49c28c\nStep 2/10 : RUN mkdir -p /usr/src/app\n ---> Running in ae7bbeb97d08\nRemoving intermediate container ae7bbeb97d08\n ---> 7311aec1f3f8\nStep 3/10 : WORKDIR /usr/src/app\n ---> Running in 4d67820691b5\nRemoving intermediate container 4d67820691b5\n ---> 43547b7c2f9e\nStep 4/10 : COPY requirements.txt /usr/src/app/\n ---> b3c3ad9e74ac\nStep 5/10 : RUN pip install --no-cache-dir -r requirements.txt\n ---> Running in 9476d72fc72d\n\u001b[91mDEPRECATION: Python 2.7 reached the end of its life on January 1st, 2020. Please upgrade your Python as Python 2.7 is no longer maintained. A future version of pip will drop support for Python 2.7. More details about Python 2 support in pip, can be found at https://pip.pypa.io/en/latest/development/release-process/#python-2-support\n\u001b[0mCollecting click==6.6\n  Downloading click-6.6-py2.py3-none-any.whl (71 kB)\nCollecting Flask==0.11.1\n  Downloading Flask-0.11.1-py2.py3-none-any.whl (80 kB)\nCollecting itsdangerous==0.24\n  Downloading itsdangerous-0.24.tar.gz (46 kB)\nCollecting Jinja2==2.8\n  Downloading Jinja2-2.8-py2.py3-none-any.whl (263 kB)\nCollecting MarkupSafe==0.23\n  Downloading MarkupSafe-0.23.tar.gz (13 kB)\nCollecting PlanOut==0.6.0\n  Downloading PlanOut-0.6.0.tar.gz (16 kB)\nCollecting pymongo==3.2.2\n  Downloading pymongo-3.2.2.tar.gz (504 kB)\nCollecting six==1.10.0\n  Downloading six-1.10.0-py2.py3-none-any.whl (10 kB)\nCollecting uWSGI==2.0.13.1\n  Downloading uwsgi-2.0.13.1.tar.gz (784 kB)\nCollecting Werkzeug==0.11.10\n  Downloading Werkzeug-0.11.10-py2.py3-none-any.whl (306 kB)\nCollecting wheel==0.24.0\n  Downloading wheel-0.24.0-py2.py3-none-any.whl (63 kB)\nBuilding wheels for collected packages: itsdangerous, MarkupSafe, PlanOut, pymongo, uWSGI\n  Building wheel for itsdangerous (setup.py): started\n  Building wheel for itsdangerous (setup.py): finished with status 'done'\n  Created wheel for itsdangerous: filename=itsdangerous-0.24-py2-none-any.whl size=10621 sha256=677b905dfa61fa1e4666c596ed0783d5ce6e290f658d54364cd2b9cc5ce2e0a5\n  Stored in directory: /tmp/pip-ephem-wheel-cache-Qx0kYZ/wheels/a1/51/f9/d3a5c89c941efb961e535b45c6d2cd2402c68972061f7d5847\n  Building wheel for MarkupSafe (setup.py): started\n  Building wheel for MarkupSafe (setup.py): finished with status 'done'\n  Created wheel for MarkupSafe: filename=MarkupSafe-0.23-cp27-cp27mu-linux_x86_64.whl size=29240 sha256=2fce2873a1b656ab4f34adaf5ffcdd783583116b4a10547136faebe2938d4e62\n  Stored in directory: /tmp/pip-ephem-wheel-cache-Qx0kYZ/wheels/0a/6b/fe/365b176df07f4c62e6a240f9cbc896c7b36d9faa439393a65a\n  Building wheel for PlanOut (setup.py): started\n  Building wheel for PlanOut (setup.py): finished with status 'done'\n  Created wheel for PlanOut: filename=PlanOut-0.6.0-py2-none-any.whl size=22965 sha256=af284ce0632fe814d5beeb6813aebdb38c4f60a78559d1bb62435be0de843242\n  Stored in directory: /tmp/pip-ephem-wheel-cache-Qx0kYZ/wheels/4b/da/d5/9c2a7ee87ec45704e8f3c1aa780f059cd2fb98bf57f3001dbc\n  Building wheel for pymongo (setup.py): started\n  Building wheel for pymongo (setup.py): finished with status 'done'\n  Created wheel for pymongo: filename=pymongo-3.2.2-cp27-cp27mu-linux_x86_64.whl size=328694 sha256=268508298c11ec76fe7665954fa986bf466d6c4b9490b96e02f3244a1a286ecb\n  Stored in directory: /tmp/pip-ephem-wheel-cache-Qx0kYZ/wheels/15/82/78/fc88cf0707daeb47d500f03a6c7e94ba153432105f63946f0b\n  Building wheel for uWSGI (setup.py): started\n  Building wheel for uWSGI (setup.py): finished with status 'error'\n\u001b[91m  ERROR: Command errored out with exit status 1:\n   command: /usr/local/bin/python -u -c 'import sys, setuptools, tokenize; sys.argv[0] = '\"'\"'/tmp/pip-install-M3dOE7/uWSGI/setup.py'\"'\"'; __file__='\"'\"'/tmp/pip-install-M3dOE7/uWSGI/setup.py'\"'\"';f=getattr(tokenize, '\"'\"'open'\"'\"', open)(__file__);code=f.read().replace('\"'\"'\\r\\n'\"'\"', '\"'\"'\\n'\"'\"');f.close();exec(compile(code, __file__, '\"'\"'exec'\"'\"'))' bdist_wheel -d /tmp/pip-wheel-3W57VG\n       cwd: /tmp/pip-install-M3dOE7/uWSGI/\n  Complete output (106 lines):\n  running bdist_wheel\n  running build\n  running build_py\n  creating build\n  creating build/lib\n  copying uwsgidecorators.py -> build/lib\n  installing to build/bdist.linux-x86_64/wheel\n  running install\n  using profile: buildconf/default.ini\n  detected include path: ['/usr/lib/gcc/x86_64-linux-gnu/8/include', '/usr/local/include', '/usr/lib/gcc/x86_64-linux-gnu/8/include-fixed', '/usr/include/x86_64-linux-gnu', '/usr/include']\n  Patching \"bin_name\" to properly install_scripts dir\n  detected CPU cores: 36\n  configured CFLAGS: -O2 -I. -Wall -Werror -D_LARGEFILE_SOURCE -D_FILE_OFFSET_BITS=64 -fno-strict-aliasing -Wextra -Wno-unused-parameter -Wno-missing-field-initializers -DUWSGI_HAS_IFADDRS -DUWSGI_ZLIB -DUWSGI_LOCK_USE_MUTEX -DUWSGI_EVENT_USE_EPOLL -DUWSGI_EVENT_TIMER_USE_TIMERFD -DUWSGI_EVENT_FILEMONITOR_USE_INOTIFY  -DUWSGI_PCRE -DUWSGI_ROUTING -DUWSGI_UUID -DUWSGI_VERSION=\"\\\"2.0.13.1\\\"\" -DUWSGI_VERSION_BASE=\"2\" -DUWSGI_VERSION_MAJOR=\"0\" -DUWSGI_VERSION_MINOR=\"13\" -DUWSGI_VERSION_REVISION=\"1\" -DUWSGI_VERSION_CUSTOM=\"\\\"\\\"\" -DUWSGI_YAML -DUWSGI_SSL -I/usr/include/libxml2 -DUWSGI_XML -DUWSGI_XML_LIBXML2 -DUWSGI_PLUGIN_DIR=\"\\\".\\\"\" -DUWSGI_DECLARE_EMBEDDED_PLUGINS=\"UDEP(python);UDEP(gevent);UDEP(ping);UDEP(cache);UDEP(nagios);UDEP(rrdtool);UDEP(carbon);UDEP(rpc);UDEP(corerouter);UDEP(fastrouter);UDEP(http);UDEP(ugreen);UDEP(signal);UDEP(syslog);UDEP(rsyslog);UDEP(logsocket);UDEP(router_uwsgi);UDEP(router_redirect);UDEP(router_basicauth);UDEP(zergpool);UDEP(redislog);UDEP(mongodblog);UDEP(router_rewrite);UDEP(router_http);UDEP(logfile);UDEP(router_cache);UDEP(rawrouter);UDEP(router_static);UDEP(sslrouter);UDEP(spooler);UDEP(cheaper_busyness);UDEP(symcall);UDEP(transformation_tofile);UDEP(transformation_gzip);UDEP(transformation_chunked);UDEP(transformation_offload);UDEP(router_memcached);UDEP(router_redis);UDEP(router_hash);UDEP(router_expires);UDEP(router_metrics);UDEP(transformation_template);UDEP(stats_pusher_socket);\" -DUWSGI_LOAD_EMBEDDED_PLUGINS=\"ULEP(python);ULEP(gevent);ULEP(ping);ULEP(cache);ULEP(nagios);ULEP(rrdtool);ULEP(carbon);ULEP(rpc);ULEP(corerouter);ULEP(fastrouter);ULEP(http);ULEP(ugreen);ULEP(signal);ULEP(syslog);ULEP(rsyslog);ULEP(logsocket);ULEP(router_uwsgi);ULEP(router_redirect);ULEP(router_basicauth);ULEP(zergpool);ULEP(redislog);ULEP(mongodblog);ULEP(router_rewrite);ULEP(router_http);ULEP(logfile);ULEP(router_cache);ULEP(rawrouter);ULEP(router_static);ULEP(sslrouter);ULEP(spooler);ULEP(cheaper_busyness);ULEP(symcall);ULEP(transformation_tofile);ULEP(transformation_gzip);ULEP(transformation_chunked);ULEP(transformation_offload);ULEP(router_memcached);ULEP(router_redis);ULEP(router_hash);ULEP(router_expires);ULEP(router_metrics);ULEP(transformation_template);ULEP(stats_pusher_socket);\"\n  *** uWSGI compiling server core ***\n  [thread 0][gcc -pthread] core/utils.o\n  [thread 2][gcc -pthread] core/protocol.o\n  [thread 3][gcc -pthread] core/socket.o\n  [thread 4][gcc -pthread] core/logging.o\n  [thread 5][gcc -pthread] core/master.o\n  [thread 6][gcc -pthread] core/master_utils.o\n  [thread 7][gcc -pthread] core/emperor.o\n  [thread 8][gcc -pthread] core/notify.o\n  [thread 9][gcc -pthread] core/mule.o\n  [thread 10][gcc -pthread] core/subscription.o\n  [thread 11][gcc -pthread] core/stats.o\n  [thread 12][gcc -pthread] core/sendfile.o\n  [thread 13][gcc -pthread] core/async.o\n  [thread 14][gcc -pthread] core/master_checks.o\n  [thread 15][gcc -pthread] core/fifo.o\n  [thread 16][gcc -pthread] core/offload.o\n  [thread 17][gcc -pthread] core/io.o\n  [thread 18][gcc -pthread] core/static.o\n  [thread 21][gcc -pthread] core/websockets.o\n  [thread 20][gcc -pthread] core/spooler.o\n  [thread 19][gcc -pthread] core/snmp.o\n  [thread 22][gcc -pthread] core/exceptions.o\n  [thread 23][gcc -pthread] core/config.o\n  [thread 24][gcc -pthread] core/setup_utils.o\n  [thread 25][gcc -pthread] core/clock.o\n  [thread 26][gcc -pthread] core/init.o\n  [thread 27][gcc -pthread] core/buffer.o\n  [thread 28][gcc -pthread] core/reader.o\n  [thread 29][gcc -pthread] core/writer.o\n  [thread 30][gcc -pthread] core/alarm.o\n  [thread 31][gcc -pthread] core/cron.o\n  [thread 32][gcc -pthread] core/hooks.o\n  [thread 33][gcc -pthread] core/plugins.o\n  [thread 34][gcc -pthread] core/lock.o\n  [thread 35][gcc -pthread] core/cache.o\n  [thread 1][gcc -pthread] core/daemons.o\n  core/emperor.c: In function ‘uwsgi_emperor_vassal_start’:\n  core/emperor.c:991:15: error: cast between incompatible function types from ‘void (*)(struct uwsgi_instance *)’ to ‘int (*)(void *)’ [-Werror=cast-function-type]\n     pid = clone((int (*)(void *)) uwsgi_emperor_spawn_vassal, stack + PTHREAD_STACK_MIN, SIGCHLD | uwsgi.emperor_clone, (void *) n_ui);\n                 ^\n  [thread 24][gcc -pthread] core/errors.o\n  [thread 25][gcc -pthread] core/hash.o\n  [thread 15][gcc -pthread] core/master_events.o\n  [thread 12][gcc -pthread] core/chunked.o\n  [thread 21][gcc -pthread] core/queue.o\n  core/mule.c: In function ‘uwsgi_setup_mules_and_farms’:\n  core/mule.c:453:4: error: ‘strncpy’ specified bound 255 equals destination size [-Werror=stringop-truncation]\n      strncpy(uwsgi.farms[i].name, farm_value, 0xff);\n      ^~~~~~~~~~~~~~~~~~~~~~~~~~~~~~~~~~~~~~~~~~~~~~\n  [thread 34][gcc -pthread] core/event.o\n  [thread 13][gcc -pthread] core/signal.o\n  cc1: all warnings being treated as errors\n  [thread 14][gcc -pthread] core/strings.o\n  [thread 30][gcc -pthread] core/progress.o\n  [thread 26][gcc -pthread] core/timebomb.ocore/emperor.c: In function ‘uwsgi_emperor_blacklist_add’:\n  core/emperor.c:156:2: error: ‘strncpy’ specified bound 255 equals destination size [-Werror=stringop-truncation]\n    strncpy(uebi->id, id, 0xff);\n    ^~~~~~~~~~~~~~~~~~~~~~~~~~~\n  core/hash.c: In function ‘murmur2_hash’:\n  core/hash.c:44:13: error: this statement may fall through [-Werror=implicit-fallthrough=]\n             h ^= key[2] << 16;\n             ~~^~~~~~~~~~~~~~~\n  core/hash.c:45:7: note: here\n         case 2:\n         ^~~~\n  core/hash.c:46:13: error: this statement may fall through [-Werror=implicit-fallthrough=]\n             h ^= key[1] << 8;\n             ~~^~~~~~~~~~~~~~\n  core/hash.c:47:7: note: here\n         case 1:\n         ^~~~\n  core/signal.c: In function ‘uwsgi_register_signal’:\n  core/signal.c:126:2: error: ‘strncpy’ specified bound depends on the length of the source argument [-Werror=stringop-overflow=]\n    strncpy(use->receiver, receiver, strlen(receiver) + 1);\n    ^~~~~~~~~~~~~~~~~~~~~~~~~~~~~~~~~~~~~~~~~~~~~~~~~~~~~~\n  core/signal.c:126:35: note: length computed here\n    strncpy(use->receiver, receiver, strlen(receiver) + 1);\n                                     ^~~~~~~~~~~~~~~~\n  cc1: all warnings being treated as errors\n  cc1: all warnings being treated as errors\n  core/utils.c: In function ‘uwsgi_substitute’:\n  core/utils.c:1727:3: error: ‘strncat’ output truncated before terminating nul copying as many bytes from a string as its length [-Werror=stringop-truncation]\n     strncat(dst, with, with_len);\n     ^~~~~~~~~~~~~~~~~~~~~~~~~~~~\n  core/utils.c:1707:20: note: length computed here\n    size_t with_len = strlen(with);\n                      ^~~~~~~~~~~~\n  core/utils.c:1732:2: error: ‘strncat’ output truncated before terminating nul copying as many bytes from a string as its length [-Werror=stringop-truncation]\n    strncat(dst, ptr, strlen(ptr));\n    ^~~~~~~~~~~~~~~~~~~~~~~~~~~~~~\n  cc1: all warnings being treated as errors\n  cc1: all warnings being treated as errors\n  ----------------------------------------\n\u001b[0m\u001b[91m  ERROR: Failed building wheel for uWSGI\n\u001b[0m  Running setup.py clean for uWSGI\nSuccessfully built itsdangerous MarkupSafe PlanOut pymongo\nFailed to build uWSGI\nInstalling collected packages: click, Werkzeug, itsdangerous, MarkupSafe, Jinja2, Flask, PlanOut, pymongo, six, uWSGI, wheel\n  Attempting uninstall: six\n    Found existing installation: six 1.14.0\n    Uninstalling six-1.14.0:\n      Successfully uninstalled six-1.14.0\n    Running setup.py install for uWSGI: started\n    Running setup.py install for uWSGI: finished with status 'error'\n\u001b[91m    ERROR: Command errored out with exit status 1:\n     command: /usr/local/bin/python -u -c 'import sys, setuptools, tokenize; sys.argv[0] = '\"'\"'/tmp/pip-install-M3dOE7/uWSGI/setup.py'\"'\"'; __file__='\"'\"'/tmp/pip-install-M3dOE7/uWSGI/setup.py'\"'\"';f=getattr(tokenize, '\"'\"'open'\"'\"', open)(__file__);code=f.read().replace('\"'\"'\\r\\n'\"'\"', '\"'\"'\\n'\"'\"');f.close();exec(compile(code, __file__, '\"'\"'exec'\"'\"'))' install --record /tmp/pip-record-XI4yU7/install-record.txt --single-version-externally-managed --compile --install-headers /usr/local/include/python2.7/uWSGI\n         cwd: /tmp/pip-install-M3dOE7/uWSGI/\n    Complete output (179 lines):\n    running install\n    using profile: buildconf/default.ini\n    detected include path: ['/usr/lib/gcc/x86_64-linux-gnu/8/include', '/usr/local/include', '/usr/lib/gcc/x86_64-linux-gnu/8/include-fixed', '/usr/include/x86_64-linux-gnu', '/usr/include']\n    Patching \"bin_name\" to properly install_scripts dir\n    detected CPU cores: 36\n    configured CFLAGS: -O2 -I. -Wall -Werror -D_LARGEFILE_SOURCE -D_FILE_OFFSET_BITS=64 -fno-strict-aliasing -Wextra -Wno-unused-parameter -Wno-missing-field-initializers -DUWSGI_HAS_IFADDRS -DUWSGI_ZLIB -DUWSGI_LOCK_USE_MUTEX -DUWSGI_EVENT_USE_EPOLL -DUWSGI_EVENT_TIMER_USE_TIMERFD -DUWSGI_EVENT_FILEMONITOR_USE_INOTIFY  -DUWSGI_PCRE -DUWSGI_ROUTING -DUWSGI_UUID -DUWSGI_VERSION=\"\\\"2.0.13.1\\\"\" -DUWSGI_VERSION_BASE=\"2\" -DUWSGI_VERSION_MAJOR=\"0\" -DUWSGI_VERSION_MINOR=\"13\" -DUWSGI_VERSION_REVISION=\"1\" -DUWSGI_VERSION_CUSTOM=\"\\\"\\\"\" -DUWSGI_YAML -DUWSGI_SSL -I/usr/include/libxml2 -DUWSGI_XML -DUWSGI_XML_LIBXML2 -DUWSGI_PLUGIN_DIR=\"\\\".\\\"\" -DUWSGI_DECLARE_EMBEDDED_PLUGINS=\"UDEP(python);UDEP(gevent);UDEP(ping);UDEP(cache);UDEP(nagios);UDEP(rrdtool);UDEP(carbon);UDEP(rpc);UDEP(corerouter);UDEP(fastrouter);UDEP(http);UDEP(ugreen);UDEP(signal);UDEP(syslog);UDEP(rsyslog);UDEP(logsocket);UDEP(router_uwsgi);UDEP(router_redirect);UDEP(router_basicauth);UDEP(zergpool);UDEP(redislog);UDEP(mongodblog);UDEP(router_rewrite);UDEP(router_http);UDEP(logfile);UDEP(router_cache);UDEP(rawrouter);UDEP(router_static);UDEP(sslrouter);UDEP(spooler);UDEP(cheaper_busyness);UDEP(symcall);UDEP(transformation_tofile);UDEP(transformation_gzip);UDEP(transformation_chunked);UDEP(transformation_offload);UDEP(router_memcached);UDEP(router_redis);UDEP(router_hash);UDEP(router_expires);UDEP(router_metrics);UDEP(transformation_template);UDEP(stats_pusher_socket);\" -DUWSGI_LOAD_EMBEDDED_PLUGINS=\"ULEP(python);ULEP(gevent);ULEP(ping);ULEP(cache);ULEP(nagios);ULEP(rrdtool);ULEP(carbon);ULEP(rpc);ULEP(corerouter);ULEP(fastrouter);ULEP(http);ULEP(ugreen);ULEP(signal);ULEP(syslog);ULEP(rsyslog);ULEP(logsocket);ULEP(router_uwsgi);ULEP(router_redirect);ULEP(router_basicauth);ULEP(zergpool);ULEP(redislog);ULEP(mongodblog);ULEP(router_rewrite);ULEP(router_http);ULEP(logfile);ULEP(router_cache);ULEP(rawrouter);ULEP(router_static);ULEP(sslrouter);ULEP(spooler);ULEP(cheaper_busyness);ULEP(symcall);ULEP(transformation_tofile);ULEP(transformation_gzip);ULEP(transformation_chunked);ULEP(transformation_offload);ULEP(router_memcached);ULEP(router_redis);ULEP(router_hash);ULEP(router_expires);ULEP(router_metrics);ULEP(transformation_template);ULEP(stats_pusher_socket);\"\n    *** uWSGI compiling server core ***\n    [thread 1][gcc -pthread] core/utils.o\n    core/protocol.o is up to date\n    core/socket.o is up to date\n    core/logging.o is up to date\n    core/master.o is up to date\n    core/master_utils.o is up to date\n    [thread 2][gcc -pthread] core/emperor.o\n    core/notify.o is up to date\n    [thread 3][gcc -pthread] core/mule.o\n    core/subscription.o is up to date\n    core/stats.o is up to date\n    core/sendfile.o is up to date\n    core/async.o is up to date\n    core/master_checks.o is up to date\n    core/fifo.o is up to date\n    core/offload.o is up to date\n    core/io.o is up to date\n    core/static.o is up to date\n    core/websockets.o is up to date\n    core/spooler.o is up to date\n    core/snmp.o is up to date\n    core/exceptions.o is up to date\n    core/config.o is up to date\n    core/setup_utils.o is up to date\n    core/clock.o is up to date\n    core/init.o is up to date\n    core/buffer.o is up to date\n    core/reader.o is up to date\n    core/writer.o is up to date\n    core/alarm.o is up to date\n    core/cron.o is up to date\n    core/hooks.o is up to date\n    core/plugins.o is up to date\n    core/lock.o is up to date\n    core/cache.o is up to date\n    core/daemons.o is up to date\n    core/errors.o is up to date\n    [thread 4][gcc -pthread] core/hash.o\n    core/master_events.o is up to date\n    core/chunked.o is up to date\n    core/queue.o is up to date\n    core/event.o is up to date\n    [thread 5][gcc -pthread] core/signal.o\n    core/strings.o is up to date\n    core/progress.o is up to date\n    [thread 7][gcc -pthread] core/timebomb.o\n    [thread 6][gcc -pthread] core/ini.o\n    [thread 8][gcc -pthread] core/fsmon.o\n    [thread 10][gcc -pthread] core/mount.o\n    [thread 9][gcc -pthread] core/metrics.o\n    [thread 11][gcc -pthread] core/plugins_builder.o\n    [thread 12][gcc -pthread] core/sharedarea.o\n    [thread 13][gcc -pthread] core/rpc.o\n    [thread 14][gcc -pthread] core/gateway.o\n    [thread 15][gcc -pthread] core/loop.o\n    [thread 16][gcc -pthread] core/cookie.o\n    [thread 17][gcc -pthread] core/querystring.o\n    [thread 18][gcc -pthread] core/rb_timers.o\n    [thread 19][gcc -pthread] core/transformations.o\n    [thread 20][gcc -pthread] core/uwsgi.o\n    [thread 21][gcc -pthread] proto/base.o\n    [thread 22][gcc -pthread] proto/uwsgi.o\n    [thread 23][gcc -pthread] proto/http.o\n    [thread 24][gcc -pthread] proto/fastcgi.o\n    [thread 25][gcc -pthread] proto/scgi.o\n    [thread 26][gcc -pthread] proto/puwsgi.o\n    [thread 27][gcc -pthread] lib/linux_ns.o\n    [thread 28][gcc -pthread] core/zlib.o\n    [thread 29][gcc -pthread] core/regexp.o\n    [thread 30][gcc -pthread] core/routing.o\n    [thread 31][gcc -pthread] core/yaml.o\n    [thread 32][gcc -pthread] core/ssl.o\n    [thread 33][gcc -pthread] core/legion.o\n    [thread 34][gcc -pthread] core/xmlconf.o\n    [thread 35][gcc -pthread] core/dot_h.o\n    [thread 0][gcc -pthread] core/config_py.o\n    *** uWSGI compiling embedded plugins ***\n    [thread 0][gcc -pthread] plugins/python/python_plugin.o\n    [thread 35][gcc -pthread] plugins/python/pyutils.o\n    core/emperor.c: In function ‘uwsgi_emperor_vassal_start’:\n    core/emperor.c:991:15: error: cast between incompatible function types from ‘void (*)(struct uwsgi_instance *)’ to ‘int (*)(void *)’ [-Werror=cast-function-type]\n       pid = clone((int (*)(void *)) uwsgi_emperor_spawn_vassal, stack + PTHREAD_STACK_MIN, SIGCHLD | uwsgi.emperor_clone, (void *) n_ui);\n                   ^\n    core/hash.c: In function ‘murmur2_hash’:\n    core/hash.c:44:13: error: this statement may fall through [-Werror=implicit-fallthrough=]\n               h ^= key[2] << 16;\n               ~~^~~~~~~~~~~~~~~\n    core/hash.c:45:7: note: here\n           case 2:\n           ^~~~\n    core/hash.c:46:13: error: this statement may fall through [-Werror=implicit-fallthrough=]\n               h ^= key[1] << 8;\n               ~~^~~~~~~~~~~~~~\n    core/hash.c:47:7: note: here\n           case 1:\n           ^~~~\n    [thread 7][gcc -pthread] plugins/python/pyloader.o\n    cc1: all warnings being treated as errors\n    core/signal.c: In function ‘uwsgi_register_signal’:\n    core/signal.c:126:2: error: ‘strncpy’ specified bound depends on the length of the source argument [-Werror=stringop-overflow=]\n      strncpy(use->receiver, receiver, strlen(receiver) + 1);\n      ^~~~~~~~~~~~~~~~~~~~~~~~~~~~~~~~~~~~~~~~~~~~~~~~~~~~~~\n    core/signal.c:126:35: note: length computed here\n      strncpy(use->receiver, receiver, strlen(receiver) + 1);\n                                       ^~~~~~~~~~~~~~~~\n    core/legion.c: In function ‘uwsgi_legion_register’:\n    core/legion.c:1077:44: error: invalid application of ‘sizeof’ to incomplete type ‘EVP_CIPHER_CTX’ {aka ‘struct evp_cipher_ctx_st’}\n      EVP_CIPHER_CTX *ctx = uwsgi_malloc(sizeof(EVP_CIPHER_CTX));\n                                                ^~~~~~~~~~~~~~\n    core/legion.c:1112:45: erro\u001b[0m\u001b[91mr: invalid application of ‘sizeof’ to incomplete type ‘EVP_CIPHER_CTX’ {aka ‘struct evp_cipher_ctx_st’}\n      EVP_CIPHER_CTX *ctx2 = uwsgi_malloc(sizeof(EVP_CIPHER_CTX));\n                                                 ^~~~~~~~~~~~~~\n    cc1: all warnings being treated as errors\n    core/mule.c: In function ‘uwsgi_setup_mules_and_farms’:\n    core/mule.c:453:4: error: ‘strncpy’ specified bound 255 equals destination size [-Werror=stringop-truncation]\n        strncpy(uwsgi.farms[i].name, farm_value, 0xff);\n        ^~~~~~~~~~~~~~~~~~~~~~~~~~~~~~~~~~~~~~~~~~~~~~\n    cc1: all warnings being treated as errors\n    core/ssl.c: In function ‘uwsgi_ssl_init’:\n    core/ssl.c:17:9: error: ‘OPENSSL_config’ is deprecated [-Werror=deprecated-declarations]\n             OPENSSL_config(NULL);\n             ^~~~~~~~~~~~~~\n    In file included from /usr/include/openssl/e_os2.h:13,\n                     from /usr/include/openssl/bio.h:13,\n                     from /usr/include/openssl/conf.h:13,\n                     from ./uwsgi.h:356,\n                     from core/ssl.c:1:\n    /usr/include/openssl/conf.h:91:1: note: declared here\n     DEPRECATEDIN_1_1_0(void OPENSSL_config(const char *config_name))\n     ^~~~~~~~~~~~~~~~~~\n    core/ssl.c: In function ‘uwsgi_ssl_info_cb’:\n    core/ssl.c:26:24: error: dereferencing pointer to incomplete type ‘SSL’ {aka ‘const struct ssl_st’}\n                     if (ssl->s3) {\n                            ^~\n    core/ssl.c: In function ‘uwsgi_ssl_session_new_cb’:\n    core/ssl.c:62:69: error: dereferencing pointer to incomplete type ‘SSL_SESSION’ {aka ‘struct ssl_session_st’}\n             if (uwsgi_cache_set2(uwsgi.ssl_sessions_cache, (char *) sess->session_id, sess->session_id_length, session_blob, len, uwsgi.ssl_sessions_timeout, 0)) {\n                                                                         ^~\n    core/ssl.c: In function ‘uwsgi_ssl_new_server_context’:\n    core/ssl.c:408:46: error: passing argument 2 of ‘SSL_CTX_sess_set_get_cb’ from incompatible pointer type [-Werror=incompatible-pointer-types]\n                     SSL_CTX_sess_set_get_cb(ctx, uwsgi_ssl_session_get_cb);\n                                                  ^~~~~~~~~~~~~~~~~~~~~~~~\n    In file included from ./uwsgi.h:357,\n                     from core/ssl.c:1:\n    /usr/include/openssl/ssl.h:721:45: note: expected ‘SSL_SESSION * (*)(struct ssl_st *, const unsigned char *, int,  int *)’ {aka ‘struct ssl_session_st * (*)(struct ssl_st *, const unsigned char *, int,  int *)’} but argument is of type ‘SSL_SESSION * (*)(SSL *, unsigned char *, int,  int *)’ {aka ‘struct ssl_session_st * (*)(struct ssl_st *, unsigned char *, int,  int *)’}\n                                  SSL_SESSION *(*get_session_cb) (struct ssl_st\n                                  ~~~~~~~~~~~~~~~^~~~~~~~~~~~~~~~~~~~~~~~~~~~~~\n                                                                  *ssl,\n                                                                  ~~~~~\n                                                                  const unsigned char\n                                                                  ~~~~~~~~~~~~~~~~~~~\n                                                                  *data, int len,\n                                                                  ~~~~~~~~~~~~~~~\n                                                                  int *copy));\n                                                                  ~~~~~~~~~~\n    cc1: all warnings being treated as errors\n    core/emperor.c: In function ‘uwsgi_emperor_blacklist_add’:\n    core/emperor.c:156:2: error: ‘strncpy’ specified bound 255 equals destination size [-Werror=stringop-truncation]\n      strncpy(uebi->id, id, 0xff);\n      ^~~~~~~~~~~~~~~~~~~~~~~~~~~\n    cc1: all warnings being treated as errors\n    core/utils.c: In function ‘uwsgi_substitute’:\n    core/utils.c:1727:3: error: ‘strncat’ output truncated before terminating nul copying as many bytes from a string as its length [-Werror=stringop-truncation]\n       strncat(dst, with, with_len);\n       ^~~~~~~~~~~~~~~~~~~~~~~~~~~~\n    core/utils.c:1707:20: note: length computed here\n      size_t with_len = strlen(with);\n                        ^~~~~~~~~~~~\n    core/utils.c:1732:2: error: ‘strncat’ output truncated before terminating nul copying as many bytes from a string as its length [-Werror=stringop-truncation]\n      strncat(dst, ptr, strlen(ptr));\n      ^~~~~~~~~~~~~~~~~~~~~~~~~~~~~~\n    cc1: all warnings being treated as errors\n    ----------------------------------------\n\u001b[0m\u001b[91mERROR: Command errored out with exit status 1: /usr/local/bin/python -u -c 'import sys, setuptools, tokenize; sys.argv[0] = '\"'\"'/tmp/pip-install-M3dOE7/uWSGI/setup.py'\"'\"'; __file__='\"'\"'/tmp/pip-install-M3dOE7/uWSGI/setup.py'\"'\"';f=getattr(tokenize, '\"'\"'open'\"'\"', open)(__file__);code=f.read().replace('\"'\"'\\r\\n'\"'\"', '\"'\"'\\n'\"'\"');f.close();exec(compile(code, __file__, '\"'\"'exec'\"'\"'))' install --record /tmp/pip-record-XI4yU7/install-record.txt --single-version-externally-managed --compile --install-headers /usr/local/include/python2.7/uWSGI Check the logs for full command output.\n\u001b[0m\u001b[91mWARNING: You are using pip version 20.0.2; however, version 20.3.4 is available.\nYou should consider upgrading via the '/usr/local/bin/python -m pip install --upgrade pip' command.\n\u001b[0mRemoving intermediate container 9476d72fc72d\n","stderr":"The command '/bin/sh -c pip install --no-cache-dir -r requirements.txt' returned a non-zero code: 1\n"},"endTime":1672069081321}