{"repository":"https://github.com/napalm-automation/napalm","dockerfilePath":"Dockerfile","startTime":1672510756090,"clone":{"stdout":"","stderr":"Cloning into '/tmp/dinghy-analysis/napalm-automation/napalm'...\n","error":null,"commit":"734d5207a38510b519d7a5208d2c12257bc049f7"},"originalBuild":{"startTimestamp":1672510757404,"endTimestamp":1672511076912,"error":{"code":1,"killed":false,"signal":null,"cmd":"docker build --no-cache --force-rm -t napalm:latest -f /tmp/dinghy-analysis/napalm-automation/napalm/Dockerfile ."},"stdout":"Sending build context to Docker daemon  36.59MB\r\r\nStep 1/3 : FROM python:3.6-slim-stretch\n3.6-slim-stretch: Pulling from library/python\n778066204fb7: Pulling fs layer\n0036158cfada: Pulling fs layer\n0e3a508508d3: Pulling fs layer\n5c9866230de7: Pulling fs layer\n4d2393ffbbeb: Pulling fs layer\n5c9866230de7: Waiting\n4d2393ffbbeb: Waiting\n0036158cfada: Verifying Checksum\n0036158cfada: Download complete\n0e3a508508d3: Verifying Checksum\n0e3a508508d3: Download complete\n778066204fb7: Verifying Checksum\n778066204fb7: Download complete\n5c9866230de7: Download complete\n4d2393ffbbeb: Verifying Checksum\n4d2393ffbbeb: Download complete\n778066204fb7: Pull complete\n0036158cfada: Pull complete\n0e3a508508d3: Pull complete\n5c9866230de7: Pull complete\n4d2393ffbbeb: Pull complete\nDigest: sha256:66f641652a3549459fe8f72e2daebbb5be383cf3120d0abbf911042e5059e749\nStatus: Downloaded newer image for python:3.6-slim-stretch\n ---> 6820b3264fd5\nStep 2/3 : COPY ./ /var/cache/napalm/\n ---> 74c01e8ce4f5\nStep 3/3 : RUN apt-get update  && apt-get install -y python-dev python-cffi libxslt1-dev libssl-dev libffi-dev  && apt-get autoremove  && rm -rf /var/lib/apt/lists/*  && pip --no-cache-dir install -U cffi cryptography /var/cache/napalm/  && rm -rf /var/cache/napalm/\n ---> Running in f616ee39b1d0\nIgn:1 http://deb.debian.org/debian stretch InRelease\nGet:2 http://security.debian.org/debian-security stretch/updates InRelease [59.1 kB]\nGet:3 http://deb.debian.org/debian stretch-updates InRelease [93.6 kB]\nGet:4 http://deb.debian.org/debian stretch Release [118 kB]\nGet:5 http://deb.debian.org/debian stretch Release.gpg [3177 B]\nGet:6 http://security.debian.org/debian-security stretch/updates/main amd64 Packages [782 kB]\nGet:7 http://deb.debian.org/debian stretch/main amd64 Packages [7080 kB]\nFetched 8135 kB in 1s (4554 kB/s)\nReading package lists...\nReading package lists...\nBuilding dependency tree...\nReading state information...\nThe following additional packages will be installed:\n  bzip2 file icu-devtools libasan3 libatomic1 libc-dev-bin libc6-dev\n  libcilkrts5 libexpat1 libexpat1-dev libgcc-6-dev libgomp1 libicu-dev\n  libicu57 libitm1 liblsan0 libmagic-mgc libmagic1 libmpx2 libpython-dev\n  libpython-stdlib libpython2.7 libpython2.7-dev libpython2.7-minimal\n  libpython2.7-stdlib libquadmath0 libssl-doc libssl1.1 libstdc++-6-dev\n  libtsan0 libubsan0 libxml2 libxml2-dev libxslt1.1 linux-libc-dev manpages\n  manpages-dev mime-support python python-cffi-backend python-minimal\n  python-ply python-pycparser python2.7 python2.7-dev python2.7-minimal\n  sgml-base xml-core xz-utils\nSuggested packages:\n  bzip2-doc glibc-doc icu-doc libstdc++-6-doc pkg-config man-browser\n  python-doc python-tk python-ply-doc python-pkg-resources cpp python2.7-doc\n  binutils binfmt-support sgml-base-doc debhelper\nThe following NEW packages will be installed:\n  bzip2 file icu-devtools libasan3 libatomic1 libc-dev-bin libc6-dev\n  libcilkrts5 libexpat1-dev libffi-dev libgcc-6-dev libgomp1 libicu-dev\n  libicu57 libitm1 liblsan0 libmagic-mgc libmagic1 libmpx2 libpython-dev\n  libpython-stdlib libpython2.7 libpython2.7-dev libpython2.7-minimal\n  libpython2.7-stdlib libquadmath0 libssl-dev libssl-doc libstdc++-6-dev\n  libtsan0 libubsan0 libxml2 libxml2-dev libxslt1-dev libxslt1.1\n  linux-libc-dev manpages manpages-dev mime-support python python-cffi\n  python-cffi-backend python-dev python-minimal python-ply python-pycparser\n  python2.7 python2.7-dev python2.7-minimal sgml-base xml-core xz-utils\nThe following packages will be upgraded:\n  libexpat1 libssl1.1\n2 upgraded, 52 newly installed, 0 to remove and 10 not upgraded.\nNeed to get 78.9 MB of archives.\nAfter this operation, 274 MB of additional disk space will be used.\nGet:1 http://deb.debian.org/debian stretch/main amd64 python-minimal amd64 2.7.13-2 [40.5 kB]\nGet:2 http://deb.debian.org/debian stretch/main amd64 mime-support all 3.60 [36.7 kB]\nGet:3 http://deb.debian.org/debian stretch/main amd64 libpython-stdlib amd64 2.7.13-2 [20.0 kB]\nGet:4 http://deb.debian.org/debian stretch/main amd64 python amd64 2.7.13-2 [154 kB]\nGet:5 http://deb.debian.org/debian stretch/main amd64 sgml-base all 1.29 [14.8 kB]\nGet:6 http://deb.debian.org/debian stretch/main amd64 bzip2 amd64 1.0.6-8.1 [47.5 kB]\nGet:7 http://deb.debian.org/debian stretch/main amd64 libmagic-mgc amd64 1:5.30-1+deb9u3 [222 kB]\nGet:8 http://security.debian.org/debian-security stretch/updates/main amd64 libpython2.7-minimal amd64 2.7.13-2+deb9u6 [390 kB]\nGet:9 http://deb.debian.org/debian stretch/main amd64 libmagic1 amd64 1:5.30-1+deb9u3 [111 kB]\nGet:10 http://deb.debian.org/debian stretch/main amd64 file amd64 1:5.30-1+deb9u3 [64.2 kB]\nGet:11 http://deb.debian.org/debian stretch/main amd64 manpages all 4.10-2 [1222 kB]\nGet:12 http://security.debian.org/debian-security stretch/updates/main amd64 python2.7-minimal amd64 2.7.13-2+deb9u6 [1382 kB]\nGet:13 http://deb.debian.org/debian stretch/main amd64 libasan3 amd64 6.3.0-18+deb9u1 [311 kB]\nGet:14 http://deb.debian.org/debian stretch/main amd64 libatomic1 amd64 6.3.0-18+deb9u1 [8966 B]\nGet:15 http://deb.debian.org/debian stretch/main amd64 libc-dev-bin amd64 2.24-11+deb9u4 [259 kB]\nGet:16 http://deb.debian.org/debian stretch/main amd64 libc6-dev amd64 2.24-11+deb9u4 [2364 kB]\nGet:17 http://security.debian.org/debian-security stretch/updates/main amd64 libexpat1 amd64 2.2.0-2+deb9u5 [84.7 kB]\nGet:18 http://security.debian.org/debian-security stretch/updates/main amd64 libssl1.1 amd64 1.1.0l-1~deb9u6 [1360 kB]\nGet:19 http://deb.debian.org/debian stretch/main amd64 libcilkrts5 amd64 6.3.0-18+deb9u1 [40.5 kB]\nGet:20 http://deb.debian.org/debian stretch/main amd64 libffi-dev amd64 3.2.1-6 [161 kB]\nGet:21 http://deb.debian.org/debian stretch/main amd64 libgomp1 amd64 6.3.0-18+deb9u1 [73.3 kB]\nGet:22 http://deb.debian.org/debian stretch/main amd64 libitm1 amd64 6.3.0-18+deb9u1 [27.3 kB]\nGet:23 http://deb.debian.org/debian stretch/main amd64 liblsan0 amd64 6.3.0-18+deb9u1 [115 kB]\nGet:24 http://deb.debian.org/debian stretch/main amd64 libtsan0 amd64 6.3.0-18+deb9u1 [257 kB]\nGet:25 http://deb.debian.org/debian stretch/main amd64 libubsan0 amd64 6.3.0-18+deb9u1 [107 kB]\nGet:26 http://deb.debian.org/debian stretch/main amd64 libmpx2 amd64 6.3.0-18+deb9u1 [11.2 kB]\nGet:27 http://deb.debian.org/debian stretch/main amd64 libquadmath0 amd64 6.3.0-18+deb9u1 [131 kB]\nGet:28 http://deb.debian.org/debian stretch/main amd64 libgcc-6-dev amd64 6.3.0-18+deb9u1 [2296 kB]\nGet:29 http://security.debian.org/debian-security stretch/updates/main amd64 libpython2.7-stdlib amd64 2.7.13-2+deb9u6 [1898 kB]\nGet:30 http://deb.debian.org/debian stretch/main amd64 libstdc++-6-dev amd64 6.3.0-18+deb9u1 [1420 kB]\nGet:31 http://security.debian.org/debian-security stretch/updates/main amd64 python2.7 amd64 2.7.13-2+deb9u6 [286 kB]\nGet:32 http://security.debian.org/debian-security stretch/updates/main amd64 libicu57 amd64 57.1-6+deb9u5 [7700 kB]\nGet:33 http://deb.debian.org/debian stretch/main amd64 libpython-dev amd64 2.7.13-2 [20.1 kB]\nGet:34 http://deb.debian.org/debian stretch/main amd64 libxslt1.1 amd64 1.1.29-2.1+deb9u2 [233 kB]\nGet:35 http://deb.debian.org/debian stretch/main amd64 libxslt1-dev amd64 1.1.29-2.1+deb9u2 [514 kB]\nGet:36 http://deb.debian.org/debian stretch/main amd64 manpages-dev all 4.10-2 [2145 kB]\nGet:37 http://deb.debian.org/debian stretch/main amd64 python-cffi-backend amd64 1.9.1-2 [69.0 kB]\nGet:38 http://deb.debian.org/debian stretch/main amd64 python-ply all 3.9-1 [64.3 kB]\nGet:39 http://deb.debian.org/debian stretch/main amd64 python-pycparser all 2.17-2 [63.3 kB]\nGet:40 http://deb.debian.org/debian stretch/main amd64 python-cffi all 1.9.1-2 [73.2 kB]\nGet:41 http://deb.debian.org/debian stretch/main amd64 python-dev amd64 2.7.13-2 [1126 B]\nGet:42 http://deb.debian.org/debian stretch/main amd64 xml-core all 0.17 [23.2 kB]\nGet:43 http://security.debian.org/debian-security stretch/updates/main amd64 libxml2 amd64 2.9.4+dfsg1-2.2+deb9u7 [920 kB]\nGet:44 http://security.debian.org/debian-security stretch/updates/main amd64 xz-utils amd64 5.2.2-1.2+deb9u1 [266 kB]\nGet:45 http://security.debian.org/debian-security stretch/updates/main amd64 icu-devtools amd64 57.1-6+deb9u5 [178 kB]\nGet:46 http://security.debian.org/debian-security stretch/updates/main amd64 linux-libc-dev amd64 4.9.320-2 [1633 kB]\nGet:47 http://security.debian.org/debian-security stretch/updates/main amd64 libexpat1-dev amd64 2.2.0-2+deb9u5 [136 kB]\nGet:48 http://security.debian.org/debian-security stretch/updates/main amd64 libicu-dev amd64 57.1-6+deb9u5 [16.5 MB]\nGet:49 http://security.debian.org/debian-security stretch/updates/main amd64 libpython2.7 amd64 2.7.13-2+deb9u6 [1072 kB]\nGet:50 http://security.debian.org/debian-security stretch/updates/main amd64 libpython2.7-dev amd64 2.7.13-2+deb9u6 [28.2 MB]\nGet:51 http://security.debian.org/debian-security stretch/updates/main amd64 libssl-dev amd64 1.1.0l-1~deb9u6 [1595 kB]\nGet:52 http://security.debian.org/debian-security stretch/updates/main amd64 libssl-doc all 1.1.0l-1~deb9u6 [1481 kB]\nGet:53 http://security.debian.org/debian-security stretch/updates/main amd64 libxml2-dev amd64 2.9.4+dfsg1-2.2+deb9u7 [812 kB]\nGet:54 http://security.debian.org/debian-security stretch/updates/main amd64 python2.7-dev amd64 2.7.13-2+deb9u6 [284 kB]\n\u001b[91mdebconf: delaying package configuration, since apt-utils is not installed\n\u001b[0mFetched 78.9 MB in 1s (53.5 MB/s)\nSelecting previously unselected package libpython2.7-minimal:amd64.\r\n(Reading database ... \r(Reading database ... 5%\r(Reading database ... 10%\r(Reading database ... 15%\r(Reading database ... 20%\r(Reading database ... 25%\r(Reading database ... 30%\r(Reading database ... 35%\r(Reading database ... 40%\r(Reading database ... 45%\r(Reading database ... 50%\r(Reading database ... 55%\r(Reading database ... 60%\r(Reading database ... 65%\r(Reading database ... 70%\r(Reading database ... 75%\r(Reading database ... 80%\r(Reading database ... 85%\r(Reading database ... 90%\r(Reading database ... 95%\r(Reading database ... 100%\r(Reading database ... 6697 files and directories currently installed.)\r\nPreparing to unpack .../0-libpython2.7-minimal_2.7.13-2+deb9u6_amd64.deb ...\r\nUnpacking libpython2.7-minimal:amd64 (2.7.13-2+deb9u6) ...\r\nSelecting previously unselected package python2.7-minimal.\r\nPreparing to unpack .../1-python2.7-minimal_2.7.13-2+deb9u6_amd64.deb ...\r\nUnpacking python2.7-minimal (2.7.13-2+deb9u6) ...\r\nSelecting previously unselected package python-minimal.\r\nPreparing to unpack .../2-python-minimal_2.7.13-2_amd64.deb ...\r\nUnpacking python-minimal (2.7.13-2) ...\r\nSelecting previously unselected package mime-support.\r\nPreparing to unpack .../3-mime-support_3.60_all.deb ...\r\nUnpacking mime-support (3.60) ...\r\nPreparing to unpack .../4-libexpat1_2.2.0-2+deb9u5_amd64.deb ...\r\nUnpacking libexpat1:amd64 (2.2.0-2+deb9u5) over (2.2.0-2+deb9u3) ...\r\nPreparing to unpack .../5-libssl1.1_1.1.0l-1~deb9u6_amd64.deb ...\r\nUnpacking libssl1.1:amd64 (1.1.0l-1~deb9u6) over (1.1.0l-1~deb9u3) ...\r\nSelecting previously unselected package libpython2.7-stdlib:amd64.\r\nPreparing to unpack .../6-libpython2.7-stdlib_2.7.13-2+deb9u6_amd64.deb ...\r\nUnpacking libpython2.7-stdlib:amd64 (2.7.13-2+deb9u6) ...\r\nSelecting previously unselected package python2.7.\r\nPreparing to unpack .../7-python2.7_2.7.13-2+deb9u6_amd64.deb ...\r\nUnpacking python2.7 (2.7.13-2+deb9u6) ...\r\nSelecting previously unselected package libpython-stdlib:amd64.\r\nPreparing to unpack .../8-libpython-stdlib_2.7.13-2_amd64.deb ...\r\nUnpacking libpython-stdlib:amd64 (2.7.13-2) ...\r\nSetting up libpython2.7-minimal:amd64 (2.7.13-2+deb9u6) ...\r\nSetting up python2.7-minimal (2.7.13-2+deb9u6) ...\r\nLinking and byte-compiling packages for runtime python2.7...\r\nSetting up python-minimal (2.7.13-2) ...\r\nSelecting previously unselected package python.\r\n(Reading database ... \r(Reading database ... 5%\r(Reading database ... 10%\r(Reading database ... 15%\r(Reading database ... 20%\r(Reading database ... 25%\r(Reading database ... 30%\r(Reading database ... 35%\r(Reading database ... 40%\r(Reading database ... 45%\r(Reading database ... 50%\r(Reading database ... 55%\r(Reading database ... 60%\r(Reading database ... 65%\r(Reading database ... 70%\r(Reading database ... 75%\r(Reading database ... 80%\r(Reading database ... 85%\r(Reading database ... 90%\r(Reading database ... 95%\r(Reading database ... 100%\r(Reading database ... 7470 files and directories currently installed.)\r\nPreparing to unpack .../00-python_2.7.13-2_amd64.deb ...\r\nUnpacking python (2.7.13-2) ...\r\nSelecting previously unselected package sgml-base.\r\nPreparing to unpack .../01-sgml-base_1.29_all.deb ...\r\nUnpacking sgml-base (1.29) ...\r\nSelecting previously unselected package bzip2.\r\nPreparing to unpack .../02-bzip2_1.0.6-8.1_amd64.deb ...\r\nUnpacking bzip2 (1.0.6-8.1) ...\r\nSelecting previously unselected package libmagic-mgc.\r\nPreparing to unpack .../03-libmagic-mgc_1%3a5.30-1+deb9u3_amd64.deb ...\r\nUnpacking libmagic-mgc (1:5.30-1+deb9u3) ...\r\nSelecting previously unselected package libmagic1:amd64.\r\nPreparing to unpack .../04-libmagic1_1%3a5.30-1+deb9u3_amd64.deb ...\r\nUnpacking libmagic1:amd64 (1:5.30-1+deb9u3) ...\r\nSelecting previously unselected package file.\r\nPreparing to unpack .../05-file_1%3a5.30-1+deb9u3_amd64.deb ...\r\nUnpacking file (1:5.30-1+deb9u3) ...\r\nSelecting previously unselected package libicu57:amd64.\r\nPreparing to unpack .../06-libicu57_57.1-6+deb9u5_amd64.deb ...\r\nUnpacking libicu57:amd64 (57.1-6+deb9u5) ...\r\nSelecting previously unselected package libxml2:amd64.\r\nPreparing to unpack .../07-libxml2_2.9.4+dfsg1-2.2+deb9u7_amd64.deb ...\r\nUnpacking libxml2:amd64 (2.9.4+dfsg1-2.2+deb9u7) ...\r\nSelecting previously unselected package manpages.\r\nPreparing to unpack .../08-manpages_4.10-2_all.deb ...\r\nUnpacking manpages (4.10-2) ...\r\nSelecting previously unselected package xz-utils.\r\nPreparing to unpack .../09-xz-utils_5.2.2-1.2+deb9u1_amd64.deb ...\r\nUnpacking xz-utils (5.2.2-1.2+deb9u1) ...\r\nSelecting previously unselected package icu-devtools.\r\nPreparing to unpack .../10-icu-devtools_57.1-6+deb9u5_amd64.deb ...\r\nUnpacking icu-devtools (57.1-6+deb9u5) ...\r\nSelecting previously unselected package libasan3:amd64.\r\nPreparing to unpack .../11-libasan3_6.3.0-18+deb9u1_amd64.deb ...\r\nUnpacking libasan3:amd64 (6.3.0-18+deb9u1) ...\r\nSelecting previously unselected package libatomic1:amd64.\r\nPreparing to unpack .../12-libatomic1_6.3.0-18+deb9u1_amd64.deb ...\r\nUnpacking libatomic1:amd64 (6.3.0-18+deb9u1) ...\r\nSelecting previously unselected package libc-dev-bin.\r\nPreparing to unpack .../13-libc-dev-bin_2.24-11+deb9u4_amd64.deb ...\r\nUnpacking libc-dev-bin (2.24-11+deb9u4) ...\r\nSelecting previously unselected package linux-libc-dev:amd64.\r\nPreparing to unpack .../14-linux-libc-dev_4.9.320-2_amd64.deb ...\r\nUnpacking linux-libc-dev:amd64 (4.9.320-2) ...\r\nSelecting previously unselected package libc6-dev:amd64.\r\nPreparing to unpack .../15-libc6-dev_2.24-11+deb9u4_amd64.deb ...\r\nUnpacking libc6-dev:amd64 (2.24-11+deb9u4) ...\r\nSelecting previously unselected package libcilkrts5:amd64.\r\nPreparing to unpack .../16-libcilkrts5_6.3.0-18+deb9u1_amd64.deb ...\r\nUnpacking libcilkrts5:amd64 (6.3.0-18+deb9u1) ...\r\nSelecting previously unselected package libexpat1-dev:amd64.\r\nPreparing to unpack .../17-libexpat1-dev_2.2.0-2+deb9u5_amd64.deb ...\r\nUnpacking libexpat1-dev:amd64 (2.2.0-2+deb9u5) ...\r\nSelecting previously unselected package libffi-dev:amd64.\r\nPreparing to unpack .../18-libffi-dev_3.2.1-6_amd64.deb ...\r\nUnpacking libffi-dev:amd64 (3.2.1-6) ...\r\nSelecting previously unselected package libgomp1:amd64.\r\nPreparing to unpack .../19-libgomp1_6.3.0-18+deb9u1_amd64.deb ...\r\nUnpacking libgomp1:amd64 (6.3.0-18+deb9u1) ...\r\nSelecting previously unselected package libitm1:amd64.\r\nPreparing to unpack .../20-libitm1_6.3.0-18+deb9u1_amd64.deb ...\r\nUnpacking libitm1:amd64 (6.3.0-18+deb9u1) ...\r\nSelecting previously unselected package liblsan0:amd64.\r\nPreparing to unpack .../21-liblsan0_6.3.0-18+deb9u1_amd64.deb ...\r\nUnpacking liblsan0:amd64 (6.3.0-18+deb9u1) ...\r\nSelecting previously unselected package libtsan0:amd64.\r\nPreparing to unpack .../22-libtsan0_6.3.0-18+deb9u1_amd64.deb ...\r\nUnpacking libtsan0:amd64 (6.3.0-18+deb9u1) ...\r\nSelecting previously unselected package libubsan0:amd64.\r\nPreparing to unpack .../23-libubsan0_6.3.0-18+deb9u1_amd64.deb ...\r\nUnpacking libubsan0:amd64 (6.3.0-18+deb9u1) ...\r\nSelecting previously unselected package libmpx2:amd64.\r\nPreparing to unpack .../24-libmpx2_6.3.0-18+deb9u1_amd64.deb ...\r\nUnpacking libmpx2:amd64 (6.3.0-18+deb9u1) ...\r\nSelecting previously unselected package libquadmath0:amd64.\r\nPreparing to unpack .../25-libquadmath0_6.3.0-18+deb9u1_amd64.deb ...\r\nUnpacking libquadmath0:amd64 (6.3.0-18+deb9u1) ...\r\nSelecting previously unselected package libgcc-6-dev:amd64.\r\nPreparing to unpack .../26-libgcc-6-dev_6.3.0-18+deb9u1_amd64.deb ...\r\nUnpacking libgcc-6-dev:amd64 (6.3.0-18+deb9u1) ...\r\nSelecting previously unselected package libstdc++-6-dev:amd64.\r\nPreparing to unpack .../27-libstdc++-6-dev_6.3.0-18+deb9u1_amd64.deb ...\r\nUnpacking libstdc++-6-dev:amd64 (6.3.0-18+deb9u1) ...\r\nSelecting previously unselected package libicu-dev.\r\nPreparing to unpack .../28-libicu-dev_57.1-6+deb9u5_amd64.deb ...\r\nUnpacking libicu-dev (57.1-6+deb9u5) ...\r\nSelecting previously unselected package libpython2.7:amd64.\r\nPreparing to unpack .../29-libpython2.7_2.7.13-2+deb9u6_amd64.deb ...\r\nUnpacking libpython2.7:amd64 (2.7.13-2+deb9u6) ...\r\nSelecting previously unselected package libpython2.7-dev:amd64.\r\nPreparing to unpack .../30-libpython2.7-dev_2.7.13-2+deb9u6_amd64.deb ...\r\nUnpacking libpython2.7-dev:amd64 (2.7.13-2+deb9u6) ...\r\nSelecting previously unselected package libpython-dev:amd64.\r\nPreparing to unpack .../31-libpython-dev_2.7.13-2_amd64.deb ...\r\nUnpacking libpython-dev:amd64 (2.7.13-2) ...\r\nSelecting previously unselected package libssl-dev:amd64.\r\nPreparing to unpack .../32-libssl-dev_1.1.0l-1~deb9u6_amd64.deb ...\r\nUnpacking libssl-dev:amd64 (1.1.0l-1~deb9u6) ...\r\nSelecting previously unselected package libssl-doc.\r\nPreparing to unpack .../33-libssl-doc_1.1.0l-1~deb9u6_all.deb ...\r\nUnpacking libssl-doc (1.1.0l-1~deb9u6) ...\r\nSelecting previously unselected package libxml2-dev:amd64.\r\nPreparing to unpack .../34-libxml2-dev_2.9.4+dfsg1-2.2+deb9u7_amd64.deb ...\r\nUnpacking libxml2-dev:amd64 (2.9.4+dfsg1-2.2+deb9u7) ...\r\nSelecting previously unselected package libxslt1.1:amd64.\r\nPreparing to unpack .../35-libxslt1.1_1.1.29-2.1+deb9u2_amd64.deb ...\r\nUnpacking libxslt1.1:amd64 (1.1.29-2.1+deb9u2) ...\r\nSelecting previously unselected package libxslt1-dev:amd64.\r\nPreparing to unpack .../36-libxslt1-dev_1.1.29-2.1+deb9u2_amd64.deb ...\r\nUnpacking libxslt1-dev:amd64 (1.1.29-2.1+deb9u2) ...\r\nSelecting previously unselected package manpages-dev.\r\nPreparing to unpack .../37-manpages-dev_4.10-2_all.deb ...\r\nUnpacking manpages-dev (4.10-2) ...\r\nSelecting previously unselected package python-cffi-backend.\r\nPreparing to unpack .../38-python-cffi-backend_1.9.1-2_amd64.deb ...\r\nUnpacking python-cffi-backend (1.9.1-2) ...\r\nSelecting previously unselected package python-ply.\r\nPreparing to unpack .../39-python-ply_3.9-1_all.deb ...\r\nUnpacking python-ply (3.9-1) ...\r\nSelecting previously unselected package python-pycparser.\r\nPreparing to unpack .../40-python-pycparser_2.17-2_all.deb ...\r\nUnpacking python-pycparser (2.17-2) ...\r\nSelecting previously unselected package python-cffi.\r\nPreparing to unpack .../41-python-cffi_1.9.1-2_all.deb ...\r\nUnpacking python-cffi (1.9.1-2) ...\r\nSelecting previously unselected package python2.7-dev.\r\nPreparing to unpack .../42-python2.7-dev_2.7.13-2+deb9u6_amd64.deb ...\r\nUnpacking python2.7-dev (2.7.13-2+deb9u6) ...\r\nSelecting previously unselected package python-dev.\r\nPreparing to unpack .../43-python-dev_2.7.13-2_amd64.deb ...\r\nUnpacking python-dev (2.7.13-2) ...\r\nSelecting previously unselected package xml-core.\r\nPreparing to unpack .../44-xml-core_0.17_all.deb ...\r\nUnpacking xml-core (0.17) ...\r\nSetting up libquadmath0:amd64 (6.3.0-18+deb9u1) ...\r\nSetting up libgomp1:amd64 (6.3.0-18+deb9u1) ...\r\nSetting up libatomic1:amd64 (6.3.0-18+deb9u1) ...\r\nSetting up manpages (4.10-2) ...\r\nSetting up libexpat1:amd64 (2.2.0-2+deb9u5) ...\r\nSetting up libasan3:amd64 (6.3.0-18+deb9u1) ...\r\nSetting up mime-support (3.60) ...\r\nSetting up libcilkrts5:amd64 (6.3.0-18+deb9u1) ...\r\nSetting up libubsan0:amd64 (6.3.0-18+deb9u1) ...\r\nSetting up libtsan0:amd64 (6.3.0-18+deb9u1) ...\r\nSetting up linux-libc-dev:amd64 (4.9.320-2) ...\r\nSetting up libffi-dev:amd64 (3.2.1-6) ...\r\nSetting up sgml-base (1.29) ...\r\nSetting up libicu57:amd64 (57.1-6+deb9u5) ...\r\nSetting up libxml2:amd64 (2.9.4+dfsg1-2.2+deb9u7) ...\r\nSetting up libmagic-mgc (1:5.30-1+deb9u3) ...\r\nSetting up bzip2 (1.0.6-8.1) ...\r\nSetting up libmagic1:amd64 (1:5.30-1+deb9u3) ...\r\nSetting up liblsan0:amd64 (6.3.0-18+deb9u1) ...\r\nSetting up libxslt1.1:amd64 (1.1.29-2.1+deb9u2) ...\r\nSetting up libmpx2:amd64 (6.3.0-18+deb9u1) ...\r\nProcessing triggers for libc-bin (2.24-11+deb9u4) ...\r\nSetting up libssl1.1:amd64 (1.1.0l-1~deb9u6) ...\r\ndebconf: unable to initialize frontend: Dialog\r\ndebconf: (TERM is not set, so the dialog frontend is not usable.)\r\ndebconf: falling back to frontend: Readline\r\ndebconf: unable to initialize frontend: Readline\r\ndebconf: (Can't locate Term/ReadLine.pm in @INC (you may need to install the Term::ReadLine module) (@INC contains: /etc/perl /usr/local/lib/x86_64-linux-gnu/perl/5.24.1 /usr/local/share/perl/5.24.1 /usr/lib/x86_64-linux-gnu/perl5/5.24 /usr/share/perl5 /usr/lib/x86_64-linux-gnu/perl/5.24 /usr/share/perl/5.24 /usr/local/lib/site_perl /usr/lib/x86_64-linux-gnu/perl-base .) at /usr/share/perl5/Debconf/FrontEnd/Readline.pm line 7.)\r\ndebconf: falling back to frontend: Teletype\r\nSetting up xz-utils (5.2.2-1.2+deb9u1) ...\r\nupdate-alternatives: using /usr/bin/xz to provide /usr/bin/lzma (lzma) in auto mode\r\nupdate-alternatives: warning: skip creation of /usr/share/man/man1/lzma.1.gz because associated file /usr/share/man/man1/xz.1.gz (of link group lzma) doesn't exist\r\nupdate-alternatives: warning: skip creation of /usr/share/man/man1/unlzma.1.gz because associated file /usr/share/man/man1/unxz.1.gz (of link group lzma) doesn't exist\r\nupdate-alternatives: warning: skip creation of /usr/share/man/man1/lzcat.1.gz because associated file /usr/share/man/man1/xzcat.1.gz (of link group lzma) doesn't exist\r\nupdate-alternatives: warning: skip creation of /usr/share/man/man1/lzmore.1.gz because associated file /usr/share/man/man1/xzmore.1.gz (of link group lzma) doesn't exist\r\nupdate-alternatives: warning: skip creation of /usr/share/man/man1/lzless.1.gz because associated file /usr/share/man/man1/xzless.1.gz (of link group lzma) doesn't exist\r\nupdate-alternatives: warning: skip creation of /usr/share/man/man1/lzdiff.1.gz because associated file /usr/share/man/man1/xzdiff.1.gz (of link group lzma) doesn't exist\r\nupdate-alternatives: warning: skip creation of /usr/share/man/man1/lzcmp.1.gz because associated file /usr/share/man/man1/xzcmp.1.gz (of link group lzma) doesn't exist\r\nupdate-alternatives: warning: skip creation of /usr/share/man/man1/lzgrep.1.gz because associated file /usr/share/man/man1/xzgrep.1.gz (of link group lzma) doesn't exist\r\nupdate-alternatives: warning: skip creation of /usr/share/man/man1/lzegrep.1.gz because associated file /usr/share/man/man1/xzegrep.1.gz (of link group lzma) doesn't exist\r\nupdate-alternatives: warning: skip creation of /usr/share/man/man1/lzfgrep.1.gz because associated file /usr/share/man/man1/xzfgrep.1.gz (of link group lzma) doesn't exist\r\nSetting up icu-devtools (57.1-6+deb9u5) ...\r\nSetting up libssl-doc (1.1.0l-1~deb9u6) ...\r\nSetting up libc-dev-bin (2.24-11+deb9u4) ...\r\nSetting up xml-core (0.17) ...\r\nSetting up manpages-dev (4.10-2) ...\r\nSetting up libc6-dev:amd64 (2.24-11+deb9u4) ...\r\nSetting up libitm1:amd64 (6.3.0-18+deb9u1) ...\r\nSetting up libpython2.7-stdlib:amd64 (2.7.13-2+deb9u6) ...\r\nSetting up libgcc-6-dev:amd64 (6.3.0-18+deb9u1) ...\r\nSetting up libstdc++-6-dev:amd64 (6.3.0-18+deb9u1) ...\r\nSetting up libssl-dev:amd64 (1.1.0l-1~deb9u6) ...\r\nSetting up python2.7 (2.7.13-2+deb9u6) ...\r\nSetting up libicu-dev (57.1-6+deb9u5) ...\r\nSetting up file (1:5.30-1+deb9u3) ...\r\nSetting up libxml2-dev:amd64 (2.9.4+dfsg1-2.2+deb9u7) ...\r\nSetting up libpython-stdlib:amd64 (2.7.13-2) ...\r\nSetting up libpython2.7:amd64 (2.7.13-2+deb9u6) ...\r\nSetting up libexpat1-dev:amd64 (2.2.0-2+deb9u5) ...\r\nSetting up libpython2.7-dev:amd64 (2.7.13-2+deb9u6) ...\r\nSetting up python2.7-dev (2.7.13-2+deb9u6) ...\r\nSetting up python (2.7.13-2) ...\r\nSetting up libxslt1-dev:amd64 (1.1.29-2.1+deb9u2) ...\r\nSetting up libpython-dev:amd64 (2.7.13-2) ...\r\nSetting up python-ply (3.9-1) ...\r\nSetting up python-dev (2.7.13-2) ...\r\nSetting up python-cffi-backend (1.9.1-2) ...\r\nSetting up python-pycparser (2.17-2) ...\r\nSetting up python-cffi (1.9.1-2) ...\r\nProcessing triggers for libc-bin (2.24-11+deb9u4) ...\r\nProcessing triggers for sgml-base (1.29) ...\r\nReading package lists...\nBuilding dependency tree...\nReading state information...\n0 upgraded, 0 newly installed, 0 to remove and 10 not upgraded.\nProcessing /var/cache/napalm\n\u001b[91m  DEPRECATION: A future pip version will change local packages to be built in-place without first copying to a temporary directory. We recommend you use --use-feature=in-tree-build to test your packages with this new behavior before it becomes the default.\n   pip 21.3 will remove support for this functionality. You can find discussion regarding this at https://github.com/pypa/pip/issues/7555.\n\u001b[0mCollecting cffi\n  Downloading cffi-1.15.1-cp36-cp36m-manylinux_2_5_x86_64.manylinux1_x86_64.whl (402 kB)\nCollecting cryptography\n  Downloading cryptography-38.0.4-cp36-abi3-manylinux_2_24_x86_64.whl (4.0 MB)\nCollecting pycparser\n  Downloading pycparser-2.21-py2.py3-none-any.whl (118 kB)\nRequirement already satisfied: setuptools>=38.4.0 in /usr/local/lib/python3.6/site-packages (from napalm==4.0.0) (57.4.0)\nCollecting paramiko>=2.6.0\n  Downloading paramiko-2.12.0-py2.py3-none-any.whl (213 kB)\nCollecting requests>=2.7.0\n  Downloading requests-2.27.1-py2.py3-none-any.whl (63 kB)\nCollecting future\n  Downloading future-0.18.2.tar.gz (829 kB)\nCollecting textfsm\n  Downloading textfsm-1.1.3-py2.py3-none-any.whl (44 kB)\nCollecting jinja2\n  Downloading Jinja2-3.0.3-py3-none-any.whl (133 kB)\nCollecting netaddr\n  Downloading netaddr-0.8.0-py2.py3-none-any.whl (1.9 MB)\nCollecting pyYAML\n  Downloading PyYAML-6.0-cp36-cp36m-manylinux_2_5_x86_64.manylinux1_x86_64.manylinux_2_12_x86_64.manylinux2010_x86_64.whl (603 kB)\nCollecting pyeapi>=0.8.2\n  Downloading pyeapi-0.8.4.tar.gz (138 kB)\nCollecting netmiko>=4.1.0\n  Downloading netmiko-4.1.2-py3-none-any.whl (196 kB)\nCollecting junos-eznc>=2.6.3\n  Downloading junos_eznc-2.6.6-py2.py3-none-any.whl (197 kB)\nCollecting scp\n  Downloading scp-0.14.4-py2.py3-none-any.whl (8.6 kB)\nCollecting lxml>=4.3.0\n  Downloading lxml-4.9.2-cp36-cp36m-manylinux_2_17_x86_64.manylinux2014_x86_64.manylinux_2_24_x86_64.whl (6.6 MB)\nCollecting ncclient\n  Downloading ncclient-0.6.13.tar.gz (105 kB)\nCollecting ttp\n  Downloading ttp-0.9.2-py2.py3-none-any.whl (85 kB)\nCollecting ttp_templates\n  Downloading ttp_templates-0.3.2-py3-none-any.whl (71 kB)\nCollecting netutils>=1.0.0\n  Downloading netutils-1.2.0-py3-none-any.whl (113 kB)\nINFO: pip is looking at multiple versions of <Python from Requires-Python> to determine which version is compatible with other requirements. This could take a while.\nINFO: pip is looking at multiple versions of cryptography to determine which version is compatible with other requirements. This could take a while.\nCollecting cryptography\n  Downloading cryptography-38.0.3-cp36-abi3-manylinux_2_24_x86_64.whl (4.1 MB)\n  Downloading cryptography-38.0.1-cp36-abi3-manylinux_2_24_x86_64.whl (4.0 MB)\n  Downloading cryptography-38.0.0-cp36-abi3-manylinux_2_24_x86_64.whl (4.0 MB)\n  Downloading cryptography-37.0.4-cp36-abi3-manylinux_2_24_x86_64.whl (4.1 MB)\n  Downloading cryptography-37.0.2-cp36-abi3-manylinux_2_24_x86_64.whl (4.0 MB)\n  Downloading cryptography-37.0.1-cp36-abi3-manylinux_2_24_x86_64.whl (4.0 MB)\n  Downloading cryptography-37.0.0-cp36-abi3-manylinux_2_24_x86_64.whl (4.0 MB)\nINFO: pip is looking at multiple versions of <Python from Requires-Python> to determine which version is compatible with other requirements. This could take a while.\nINFO: pip is looking at multiple versions of cryptography to determine which version is compatible with other requirements. This could take a while.\n  Downloading cryptography-36.0.2-cp36-abi3-manylinux_2_24_x86_64.whl (3.6 MB)\n  Downloading cryptography-36.0.1-cp36-abi3-manylinux_2_24_x86_64.whl (3.6 MB)\n  Downloading cryptography-36.0.0-cp36-abi3-manylinux_2_24_x86_64.whl (3.6 MB)\n  Downloading cryptography-35.0.0-cp36-abi3-manylinux_2_24_x86_64.whl (3.5 MB)\n  Downloading cryptography-3.4.8-cp36-abi3-manylinux_2_24_x86_64.whl (3.0 MB)\nINFO: This is taking longer than usual. You might need to provide the dependency resolver with stricter constraints to reduce runtime. If you want to abort this run, you can press Ctrl + C to do so. To improve how pip performs, tell us what happened here: https://pip.pypa.io/surveys/backtracking\nINFO: This is taking longer than usual. You might need to provide the dependency resolver with stricter constraints to reduce runtime. If you want to abort this run, you can press Ctrl + C to do so. To improve how pip performs, tell us what happened here: https://pip.pypa.io/surveys/backtracking\n  Downloading cryptography-3.4.7-cp36-abi3-manylinux2014_x86_64.whl (3.2 MB)\n  Downloading cryptography-3.4.6-cp36-abi3-manylinux2014_x86_64.whl (3.2 MB)\n  Downloading cryptography-3.4.5-cp36-abi3-manylinux2014_x86_64.whl (3.2 MB)\n  Downloading cryptography-3.4.4-cp36-abi3-manylinux2014_x86_64.whl (3.2 MB)\n  Downloading cryptography-3.4.3-cp36-abi3-manylinux2014_x86_64.whl (3.2 MB)\n  Downloading cryptography-3.4.2-cp36-abi3-manylinux2014_x86_64.whl (3.2 MB)\n  Downloading cryptography-3.4.1-cp36-abi3-manylinux2014_x86_64.whl (3.2 MB)\nCollecting setuptools-rust>=0.11.4\n  Downloading setuptools_rust-1.1.2-py3-none-any.whl (21 kB)\nCollecting cryptography\n  Downloading cryptography-3.4-cp36-abi3-manylinux2014_x86_64.whl (3.2 MB)\n  Downloading cryptography-3.3.2-cp36-abi3-manylinux2010_x86_64.whl (2.6 MB)\nCollecting six>=1.4.1\n  Downloading six-1.16.0-py2.py3-none-any.whl (11 kB)\nCollecting cryptography\n  Downloading cryptography-3.3.1-cp36-abi3-manylinux2010_x86_64.whl (2.6 MB)\n  Downloading cryptography-3.3-cp36-abi3-manylinux2010_x86_64.whl (2.6 MB)\n  Downloading cryptography-3.2.1-cp35-abi3-manylinux2010_x86_64.whl (2.6 MB)\n  Downloading cryptography-3.2-cp35-abi3-manylinux2010_x86_64.whl (2.6 MB)\n  Downloading cryptography-3.1.1-cp35-abi3-manylinux2010_x86_64.whl (2.6 MB)\n  Downloading cryptography-3.1-cp35-abi3-manylinux2010_x86_64.whl (2.6 MB)\n  Downloading cryptography-3.0-cp35-abi3-manylinux2010_x86_64.whl (2.7 MB)\n  Downloading cryptography-2.9.2-cp35-abi3-manylinux2010_x86_64.whl (2.7 MB)\n  Downloading cryptography-2.9.1-cp35-abi3-manylinux2010_x86_64.whl (2.7 MB)\n  Downloading cryptography-2.9-cp35-abi3-manylinux2010_x86_64.whl (2.7 MB)\n  Downloading cryptography-2.8-cp34-abi3-manylinux2010_x86_64.whl (2.3 MB)\n  Downloading cryptography-2.7-cp34-abi3-manylinux1_x86_64.whl (2.3 MB)\nCollecting asn1crypto>=0.21.0\n  Downloading asn1crypto-1.5.1-py2.py3-none-any.whl (105 kB)\nCollecting cryptography\n  Downloading cryptography-2.6.1-cp34-abi3-manylinux1_x86_64.whl (2.3 MB)\n  Downloading cryptography-2.6.tar.gz (492 kB)\n  Installing build dependencies: started\n  Installing build dependencies: finished with status 'done'\n  Getting requirements to build wheel: started\n  Getting requirements to build wheel: finished with status 'done'\n    Preparing wheel metadata: started\n    Preparing wheel metadata: finished with status 'done'\n  Downloading cryptography-2.5-cp34-abi3-manylinux1_x86_64.whl (2.4 MB)\n  Downloading cryptography-2.4.2-cp34-abi3-manylinux1_x86_64.whl (2.1 MB)\nCollecting idna>=2.1\n  Downloading idna-3.4-py3-none-any.whl (61 kB)\nCollecting cryptography\n  Downloading cryptography-2.4.1-cp34-abi3-manylinux1_x86_64.whl (2.1 MB)\n  Downloading cryptography-2.4.tar.gz (468 kB)\n  Installing build dependencies: started\n  Installing build dependencies: finished with status 'done'\n  Getting requirements to build wheel: started\n  Getting requirements to build wheel: finished with status 'done'\n    Preparing wheel metadata: started\n    Preparing wheel metadata: finished with status 'done'\n  Downloading cryptography-2.3.1-cp34-abi3-manylinux1_x86_64.whl (2.1 MB)\n  Downloading cryptography-2.3-cp34-abi3-manylinux1_x86_64.whl (2.1 MB)\n  Downloading cryptography-2.2.2-cp34-abi3-manylinux1_x86_64.whl (2.2 MB)\n  Downloading cryptography-2.2.1-cp34-abi3-manylinux1_x86_64.whl (2.2 MB)\n  Downloading cryptography-2.2-cp34-abi3-manylinux1_x86_64.whl (2.2 MB)\n  Downloading cryptography-2.1.4-cp36-cp36m-manylinux1_x86_64.whl (2.2 MB)\n  Downloading cryptography-2.1.3-cp36-cp36m-manylinux1_x86_64.whl (2.2 MB)\n  Downloading cryptography-2.1.2-cp36-cp36m-manylinux1_x86_64.whl (2.2 MB)\n  Downloading cryptography-2.1.1-cp36-cp36m-manylinux1_x86_64.whl (2.2 MB)\n  Downloading cryptography-2.1-cp36-cp36m-manylinux1_x86_64.whl (2.2 MB)\n  Downloading cryptography-2.0.3-cp36-cp36m-manylinux1_x86_64.whl (2.2 MB)\n  Downloading cryptography-2.0.2-cp36-cp36m-manylinux1_x86_64.whl (2.2 MB)\n  Downloading cryptography-2.0.1-cp36-cp36m-manylinux1_x86_64.whl (2.3 MB)\n  Downloading cryptography-2.0-cp36-cp36m-manylinux1_x86_64.whl (2.1 MB)\n  Downloading cryptography-1.9.tar.gz (409 kB)\n  Downloading cryptography-1.8.2.tar.gz (423 kB)\nCollecting packaging\n  Downloading packaging-21.3-py3-none-any.whl (40 kB)\nCollecting cryptography\n  Downloading cryptography-1.8.1.tar.gz (423 kB)\n  Downloading cryptography-1.8.tar.gz (423 kB)\n  Downloading cryptography-1.7.2.tar.gz (420 kB)\nCollecting pyasn1>=0.1.8\n  Downloading pyasn1-0.4.8-py2.py3-none-any.whl (77 kB)\nCollecting cryptography\n  Downloading cryptography-1.7.1.tar.gz (420 kB)\n  Downloading cryptography-1.7.tar.gz (420 kB)\n  Downloading cryptography-1.6.tar.gz (410 kB)\n  Downloading cryptography-1.5.3.tar.gz (400 kB)\n  Downloading cryptography-1.5.2.tar.gz (400 kB)\n  Downloading cryptography-1.5.1.tar.gz (400 kB)\n  Downloading cryptography-1.5.tar.gz (400 kB)\n  Downloading cryptography-1.4.tar.gz (399 kB)\n  Downloading cryptography-1.3.4.tar.gz (384 kB)\n  Downloading cryptography-1.3.3.tar.gz (384 kB)\n  Downloading cryptography-1.3.2.tar.gz (383 kB)\n  Downloading cryptography-1.3.1.tar.gz (383 kB)\n  Downloading cryptography-1.3.tar.gz (383 kB)\n  Downloading cryptography-1.2.3.tar.gz (373 kB)\n  Downloading cryptography-1.2.2.tar.gz (372 kB)\n  Downloading cryptography-1.2.1.tar.gz (372 kB)\n  Downloading cryptography-1.2.tar.gz (372 kB)\n  Downloading cryptography-1.1.2.tar.gz (349 kB)\n  Downloading cryptography-1.1.1.tar.gz (348 kB)\n  Downloading cryptography-1.1.tar.gz (348 kB)\n  Downloading cryptography-1.0.2.tar.gz (332 kB)\n  Downloading cryptography-1.0.1.tar.gz (332 kB)\n  Downloading cryptography-1.0.tar.gz (331 kB)\n  Downloading cryptography-0.9.3.tar.gz (303 kB)\n  Downloading cryptography-0.9.2.tar.gz (302 kB)\n  Downloading cryptography-0.9.1.tar.gz (302 kB)\n  Downloading cryptography-0.9.tar.gz (302 kB)\n  Downloading cryptography-0.8.2.tar.gz (268 kB)\n  Downloading cryptography-0.8.1.tar.gz (268 kB)\n  Downloading cryptography-0.8.tar.gz (268 kB)\n  Downloading cryptography-0.7.2.tar.gz (247 kB)\n  Downloading cryptography-0.7.1.tar.gz (247 kB)\nCollecting enum34\n  Downloading enum34-1.1.10-py3-none-any.whl (11 kB)\nCollecting cryptography\n  Downloading cryptography-0.7.tar.gz (247 kB)\n  Downloading cryptography-0.6.1.tar.gz (236 kB)\n  Downloading cryptography-0.6.tar.gz (236 kB)\n  Downloading cryptography-0.5.4.tar.gz (320 kB)\n\u001b[91m    ERROR: Command errored out with exit status 1:\n     command: /usr/local/bin/python -c 'import io, os, sys, setuptools, tokenize; sys.argv[0] = '\"'\"'/tmp/pip-install-yph79u9_/cryptography_d055887fa2f34d61a58c4b5eb4b6b0ac/setup.py'\"'\"'; __file__='\"'\"'/tmp/pip-install-yph79u9_/cryptography_d055887fa2f34d61a58c4b5eb4b6b0ac/setup.py'\"'\"';f = getattr(tokenize, '\"'\"'open'\"'\"', open)(__file__) if os.path.exists(__file__) else io.StringIO('\"'\"'from setuptools import setup; setup()'\"'\"');code = f.read().replace('\"'\"'\\r\\n'\"'\"', '\"'\"'\\n'\"'\"');f.close();exec(compile(code, __file__, '\"'\"'exec'\"'\"'))' egg_info --egg-base /tmp/pip-pip-egg-info-r6d5_el9\n         cwd: /tmp/pip-install-yph79u9_/cryptography_d055887fa2f34d61a58c4b5eb4b6b0ac/\n    Complete output (98 lines):\n    running egg_info\n    creating /tmp/pip-pip-egg-info-r6d5_el9/cryptography.egg-info\n    writing /tmp/pip-pip-egg-info-r6d5_el9/cryptography.egg-info/PKG-INFO\n    writing dependency_links to /tmp/pip-pip-egg-info-r6d5_el9/cryptography.egg-info/dependency_links.txt\n    writing requirements to /tmp/pip-pip-egg-info-r6d5_el9/cryptography.egg-info/requires.txt\n    writing top-level names to /tmp/pip-pip-egg-info-r6d5_el9/cryptography.egg-info/top_level.txt\n    writing manifest file '/tmp/pip-pip-egg-info-r6d5_el9/cryptography.egg-info/SOURCES.txt'\n    Traceback (most recent call last):\n      File \"/usr/local/lib/python3.6/distutils/unixccompiler.py\", line 118, in _compile\n        extra_postargs)\n      File \"/usr/local/lib/python3.6/distutils/ccompiler.py\", line 909, in spawn\n        spawn(cmd, dry_run=self.dry_run)\n      File \"/usr/local/lib/python3.6/distutils/spawn.py\", line 36, in spawn\n        _spawn_posix(cmd, search_path, dry_run=dry_run)\n      File \"/usr/local/lib/python3.6/distutils/spawn.py\", line 159, in _spawn_posix\n        % (cmd, exit_status))\n    distutils.errors.DistutilsExecError: command 'gcc' failed with exit status 1\n    \n    During handling of the above exception, another exception occurred:\n    \n    Traceback (most recent call last):\n      File \"/tmp/pip-install-yph79u9_/cryptography_d055887fa2f34d61a58c4b5eb4b6b0ac/.eggs/cffi-1.15.1-py3.6-linux-x86_64.egg/cffi/ffiplatform.py\", line 51, in _build\n        dist.run_command('build_ext')\n      File \"/usr/local/lib/python3.6/distutils/dist.py\", line 974, in run_command\n        cmd_obj.run()\n      File \"/usr/local/lib/python3.6/site-packages/setuptools/command/build_ext.py\", line 79, in run\n        _build_ext.run(self)\n      File \"/usr/local/lib/python3.6/distutils/command/build_ext.py\", line 339, in run\n        self.build_extensions()\n      File \"/usr/local/lib/python3.6/distutils/command/build_ext.py\", line 448, in build_extensions\n        self._build_extensions_serial()\n      File \"/usr/local/lib/python3.6/distutils/command/build_ext.py\", line 473, in _build_extensions_serial\n        self.build_extension(ext)\n      File \"/usr/local/lib/python3.6/site-packages/setuptools/command/build_ext.py\", line 202, in build_extension\n        _build_ext.build_extension(self, ext)\n      File \"/usr/local/lib/python3.6/distutils/command/build_ext.py\", line 533, in build_extension\n        depends=ext.depends)\n      File \"/usr/local/lib/python3.6/distutils/ccompiler.py\", line 574, in compile\n        self._compile(obj, src, ext, cc_args, extra_postargs, pp_opts)\n      File \"/usr/local/lib/python3.6/distutils/unixccompiler.py\", line 120, in _compile\n        raise CompileError(msg)\n    distutils.errors.CompileError: command 'gcc' failed with exit status 1\n    \n    During handling of the above exception, another exception occurred:\n    \n    Traceback (most recent call last):\n      File \"<string>\", line 1, in <module>\n      File \"/tmp/pip-install-yph79u9_/cryptography_d055887fa2f34d61a58c4b5eb4b6b0ac/setup.py\", line 174, in <module>\n        \"test\": PyTest,\n      File \"/usr/local/lib/python3.6/site-packages/setuptools/__init__.py\", line 153, in setup\n        return distutils.core.setup(**attrs)\n      File \"/usr/local/lib/python3.6/distutils/core.py\", line 148, in setup\n        dist.run_commands()\n      File \"/usr/local/lib/python3.6/distutils/dist.py\", line 955, in run_commands\n        self.run_command(cmd)\n      File \"/usr/local/lib/python3.6/distutils/dist.py\", line 974, in run_command\n        cmd_obj.run()\n      File \"/usr/local/lib/python3.6/site-packages/setuptools/command/egg_info.py\", line 299, in run\n        self.find_sources()\n      File \"/usr/local/lib/python3.6/site-packages/setuptools/command/egg_info.py\", line 306, in find_sources\n        mm.run()\n      File \"/usr/local/lib/python3.6/site-packages/setuptools/command/egg_info.py\", line 541, in run\n        self.add_defaults()\n      File \"/usr/local/lib/python3.6/site-packages/setuptools/command/egg_info.py\", line 578, in add_defaults\n        sdist.add_defaults(self)\n      File \"/usr/local/lib/python3.6/site-packages/setuptools/command/py36compat.py\", line 32, in add_defaults\n        self._add_defaults_python()\n      File \"/usr/local/lib/python3.6/site-packages/setuptools/command/sdist.py\", line 107, in _add_defaults_python\n        build_py = self.get_finalized_command('build_py')\n      File \"/usr/local/lib/python3.6/distutils/cmd.py\", line 299, in get_finalized_command\n        cmd_obj.ensure_finalized()\n      File \"/usr/local/lib/python3.6/distutils/cmd.py\", line 107, in ensure_finalized\n        self.finalize_options()\n      File \"/usr/local/lib/python3.6/site-packages/setuptools/command/build_py.py\", line 37, in finalize_options\n        orig.build_py.finalize_options(self)\n      File \"/usr/local/lib/python3.6/distutils/command/build_py.py\", line 45, in finalize_options\n        ('force', 'force'))\n      File \"/usr/local/lib/python3.6/distutils/cmd.py\", line 287, in set_undefined_options\n        src_cmd_obj.ensure_finalized()\n      File \"/usr/local/lib/python3.6/distutils/cmd.py\", line 107, in ensure_finalized\n        self.finalize_options()\n      File \"/tmp/pip-install-yph79u9_/cryptography_d055887fa2f34d61a58c4b5eb4b6b0ac/setup.py\", line 88, in finalize_options\n        self.distribution.ext_modules = get_ext_modules()\n      File \"/tmp/pip-install-yph79u9_/cryptography_d055887fa2f34d61a58c4b5eb4b6b0ac/setup.py\", line 65, in get_ext_modules\n        from cryptography.hazmat.primitives import constant_time, padding\n      File \"/tmp/pip-install-yph79u9_/cryptography_d055887fa2f34d61a58c4b5eb4b6b0ac/cryptography/hazmat/primitives/constant_time.py\", line 54, in <module>\n        ext_package=\"cryptography\",\n      File \"/tmp/pip-install-yph79u9_/cryptography_d055887fa2f34d61a58c4b5eb4b6b0ac/.eggs/cffi-1.15.1-py3.6-linux-x86_64.egg/cffi/api.py\", line 468, in verify\n        lib = self.verifier.load_library()\n      File \"/tmp/pip-install-yph79u9_/cryptography_d055887fa2f34d61a58c4b5eb4b6b0ac/.eggs/cffi-1.15.1-py3.6-linux-x86_64.egg/cffi/verifier.py\", line 105, in load_library\n        self._compile_module()\n      File \"/tmp/pip-install-yph79u9_/cryptography_d055887fa2f34d61a58c4b5eb4b6b0ac/.eggs/cffi-1.15.1-py3.6-linux-x86_64.egg/cffi/verifier.py\", line 202, in _compile_module\n        outputfilename = ffiplatform.compile(tmpdir, self.get_extension())\n      File \"/tmp/pip-install-yph79u9_/cryptography_d055887fa2f34d61a58c4b5eb4b6b0ac/.eggs/cffi-1.15.1-py3.6-linux-x86_64.egg/cffi/ffiplatform.py\", line 22, in compile\n        outputfilename = _build(tmpdir, ext, compiler_verbose, debug)\n      File \"/tmp/pip-install-yph79u9_/cryptography_d055887fa2f34d61a58c4b5eb4b6b0ac/.eggs/cffi-1.15.1-py3.6-linux-x86_64.egg/cffi/ffiplatform.py\", line 58, in _build\n        raise VerificationError('%s: %s' % (e.__class__.__name__, e))\n    cffi.VerificationError: CompileError: command 'gcc' failed with exit status 1\n    ----------------------------------------\n\u001b[0m\u001b[91mWARNING: Discarding https://files.pythonhosted.org/packages/94/48/217ac1910789012ec38ec17174d17fab7767d84ed277a2392437164a1d55/cryptography-0.5.4.tar.gz#sha256=5675999f3744cbc32a60cb0bba64de21405abced32ce19655212612262dd270d (from https://pypi.org/simple/cryptography/). Command errored out with exit status 1: python setup.py egg_info Check the logs for full command output.\n\u001b[0m  Downloading cryptography-0.5.3.tar.gz (319 kB)\n\u001b[91m    ERROR: Command errored out with exit status 1:\n     command: /usr/local/bin/python -c 'import io, os, sys, setuptools, tokenize; sys.argv[0] = '\"'\"'/tmp/pip-install-yph79u9_/cryptography_ef187100650c49438aa3f6bb52f03e33/setup.py'\"'\"'; __file__='\"'\"'/tmp/pip-install-yph79u9_/cryptography_ef187100650c49438aa3f6bb52f03e33/setup.py'\"'\"';f = getattr(tokenize, '\"'\"'open'\"'\"', open)(__file__) if os.path.exists(__file__) else io.StringIO('\"'\"'from setuptools import setup; setup()'\"'\"');code = f.read().replace('\"'\"'\\r\\n'\"'\"', '\"'\"'\\n'\"'\"');f.close();exec(compile(code, __file__, '\"'\"'exec'\"'\"'))' egg_info --egg-base /tmp/pip-pip-egg-info-dliaxmfh\n         cwd: /tmp/pip-install-yph79u9_/cryptography_ef187100650c49438aa3f6bb52f03e33/\n    Complete output (98 lines):\n    running egg_info\n    creating /tmp/pip-pip-egg-info-dliaxmfh/cryptography.egg-info\n    writing /tmp/pip-pip-egg-info-dliaxmfh/cryptography.egg-info/PKG-INFO\n    writing dependency_links to /tmp/pip-pip-egg-info-dliaxmfh/cryptography.egg-info/dependency_links.txt\n    writing requirements to /tmp/pip-pip-egg-info-dliaxmfh/cryptography.egg-info/requires.txt\n    writing top-level names to /tmp/pip-pip-egg-info-dliaxmfh/cryptography.egg-info/top_level.txt\n    writing manifest file '/tmp/pip-pip-egg-info-dliaxmfh/cryptography.egg-info/SOURCES.txt'\n    Traceback (most recent call last):\n      File \"/usr/local/lib/python3.6/distutils/unixccompiler.py\", line 118, in _compile\n        extra_postargs)\n      File \"/usr/local/lib/python3.6/distutils/ccompiler.py\", line 909, in spawn\n        spawn(cmd, dry_run=self.dry_run)\n      File \"/usr/local/lib/python3.6/distutils/spawn.py\", line 36, in spawn\n        _spawn_posix(cmd, search_path, dry_run=dry_run)\n      File \"/usr/local/lib/python3.6/distutils/spawn.py\", line 159, in _spawn_posix\n        % (cmd, exit_status))\n    distutils.errors.DistutilsExecError: command 'gcc' failed with exit status 1\n    \n    During handling of the above exception, another exception occurred:\n    \n    Traceback (most recent call last):\n      File \"/tmp/pip-install-yph79u9_/cryptography_ef187100650c49438aa3f6bb52f03e33/.eggs/cffi-1.15.1-py3.6-linux-x86_64.egg/cffi/ffiplatform.py\", line 51, in _build\n        dist.run_command('build_ext')\n      File \"/usr/local/lib/python3.6/distutils/dist.py\", line 974, in run_command\n        cmd_obj.run()\n      File \"/usr/local/lib/python3.6/site-packages/setuptools/command/build_ext.py\", line 79, in run\n        _build_ext.run(self)\n      File \"/usr/local/lib/python3.6/distutils/command/build_ext.py\", line 339, in run\n        self.build_extensions()\n      File \"/usr/local/lib/python3.6/distutils/command/build_ext.py\", line 448, in build_extensions\n        self._build_extensions_serial()\n      File \"/usr/local/lib/python3.6/distutils/command/build_ext.py\", line 473, in _build_extensions_serial\n        self.build_extension(ext)\n      File \"/usr/local/lib/python3.6/site-packages/setuptools/command/build_ext.py\", line 202, in build_extension\n        _build_ext.build_extension(self, ext)\n      File \"/usr/local/lib/python3.6/distutils/command/build_ext.py\", line 533, in build_extension\n        depends=ext.depends)\n      File \"/usr/local/lib/python3.6/distutils/ccompiler.py\", line 574, in compile\n        self._compile(obj, src, ext, cc_args, extra_postargs, pp_opts)\n      File \"/usr/local/lib/python3.6/distutils/unixccompiler.py\", line 120, in _compile\n        raise CompileError(msg)\n    distutils.errors.CompileError: command 'gcc' failed with exit status 1\n    \n    During handling of the above exception, another exception occurred:\n    \n    Traceback (most recent call last):\n      File \"<string>\", line 1, in <module>\n      File \"/tmp/pip-install-yph79u9_/cryptography_ef187100650c49438aa3f6bb52f03e33/setup.py\", line 174, in <module>\n        \"test\": PyTest,\n      File \"/usr/local/lib/python3.6/site-packages/setuptools/__init__.py\", line 153, in setup\n        return distutils.core.setup(**attrs)\n      File \"/usr/local/lib/python3.6/distutils/core.py\", line 148, in setup\n        dist.run_commands()\n      File \"/usr/local/lib/python3.6/distutils/dist.py\", line 955, in run_commands\n        self.run_command(cmd)\n      File \"/usr/local/lib/python3.6/distutils/dist.py\", line 974, in run_command\n        cmd_obj.run()\n      File \"/usr/local/lib/python3.6/site-packages/setuptools/command/egg_info.py\", line 299, in run\n        self.find_sources()\n      File \"/usr/local/lib/python3.6/site-packages/setuptools/command/egg_info.py\", line 306, in find_sources\n        mm.run()\n      File \"/usr/local/lib/python3.6/site-packages/setuptools/command/egg_info.py\", line 541, in run\n        self.add_defaults()\n      File \"/usr/local/lib/python3.6/site-packages/setuptools/command/egg_info.py\", line 578, in add_defaults\n        sdist.add_defaults(self)\n      File \"/usr/local/lib/python3.6/site-packages/setuptools/command/py36compat.py\", line 32, in add_defaults\n        self._add_defaults_python()\n      File \"/usr/local/lib/python3.6/site-packages/setuptools/command/sdist.py\", line 107, in _add_defaults_python\n        build_py = self.get_finalized_command('build_py')\n      File \"/usr/local/lib/python3.6/distutils/cmd.py\", line 299, in get_finalized_command\n        cmd_obj.ensure_finalized()\n      File \"/usr/local/lib/python3.6/distutils/cmd.py\", line 107, in ensure_finalized\n        self.finalize_options()\n      File \"/usr/local/lib/python3.6/site-packages/setuptools/command/build_py.py\", line 37, in finalize_options\n        orig.build_py.finalize_options(self)\n      File \"/usr/local/lib/python3.6/distutils/command/build_py.py\", line 45, in finalize_options\n        ('force', 'force'))\n      File \"/usr/local/lib/python3.6/distutils/cmd.py\", line 287, in set_undefined_options\n        src_cmd_obj.ensure_finalized()\n      File \"/usr/local/lib/python3.6/distutils/cmd.py\", line 107, in ensure_finalized\n        self.finalize_options()\n      File \"/tmp/pip-install-yph79u9_/cryptography_ef187100650c49438aa3f6bb52f03e33/setup.py\", line 88, in finalize_options\n        self.distribution.ext_modules = get_ext_modules()\n      File \"/tmp/pip-install-yph79u9_/cryptography_ef187100650c49438aa3f6bb52f03e33/setup.py\", line 65, in get_ext_modules\n        from cryptography.hazmat.primitives import constant_time, padding\n      File \"/tmp/pip-install-yph79u9_/cryptography_ef187100650c49438aa3f6bb52f03e33/cryptography/hazmat/primitives/constant_time.py\", line 54, in <module>\n        ext_package=\"cryptography\",\n      File \"/tmp/pip-install-yph79u9_/cryptography_ef187100650c49438aa3f6bb52f03e33/.eggs/cffi-1.15.1-py3.6-linux-x86_64.egg/cffi/api.py\", line 468, in verify\n        lib = self.verifier.load_library()\n      File \"/tmp/pip-install-yph79u9_/cryptography_ef187100650c49438aa3f6bb52f03e33/.eggs/cffi-1.15.1-py3.6-linux-x86_64.egg/cffi/verifier.py\", line 105, in load_library\n        self._compile_module()\n      File \"/tmp/pip-install-yph79u9_/cryptography_ef187100650c49438aa3f6bb52f03e33/.eggs/cffi-1.15.1-py3.6-linux-x86_64.egg/cffi/verifier.py\", line 202, in _compile_module\n        outputfilename = ffiplatform.compile(tmpdir, self.get_extension())\n      File \"/tmp/pip-install-yph79u9_/cryptography_ef187100650c49438aa3f6bb52f03e33/.eggs/cffi-1.15.1-py3.6-linux-x86_64.egg/cffi/ffiplatform.py\", line 22, in compile\n        outputfilename = _build(tmpdir, ext, compiler_verbose, debug)\n      File \"/tmp/pip-install-yph79u9_/cryptography_ef187100650c49438aa3f6bb52f03e33/.eggs/cffi-1.15.1-py3.6-linux-x86_64.egg/cffi/ffiplatform.py\", line 58, in _build\n        raise VerificationError('%s: %s' % (e.__class__.__name__, e))\n    cffi.VerificationError: CompileError: command 'gcc' failed with exit status 1\n    ----------------------------------------\n\u001b[0m\u001b[91mWARNING: Discarding https://files.pythonhosted.org/packages/45/31/a0fef1693e6c3e1bc313b0b86e182997c08f56f308561eb0307c6394d897/cryptography-0.5.3.tar.gz#sha256=f03f3861699226441db9161e79c019a5910eafafa40deaaa31ccce41640d4827 (from https://pypi.org/simple/cryptography/). Command errored out with exit status 1: python setup.py egg_info Check the logs for full command output.\n\u001b[0m  Downloading cryptography-0.5.2.tar.gz (319 kB)\n\u001b[91m    ERROR: Command errored out with exit status 1:\n     command: /usr/local/bin/python -c 'import io, os, sys, setuptools, tokenize; sys.argv[0] = '\"'\"'/tmp/pip-install-yph79u9_/cryptography_ec80ebe63fa4485ea00e00b61e758567/setup.py'\"'\"'; __file__='\"'\"'/tmp/pip-install-yph79u9_/cryptography_ec80ebe63fa4485ea00e00b61e758567/setup.py'\"'\"';f = getattr(tokenize, '\"'\"'open'\"'\"', open)(__file__) if os.path.exists(__file__) else io.StringIO('\"'\"'from setuptools import setup; setup()'\"'\"');code = f.read().replace('\"'\"'\\r\\n'\"'\"', '\"'\"'\\n'\"'\"');f.close();exec(compile(code, __file__, '\"'\"'exec'\"'\"'))' egg_info --egg-base /tmp/pip-pip-egg-info-rwii4o1x\n         cwd: /tmp/pip-install-yph79u9_/cryptography_ec80ebe63fa4485ea00e00b61e758567/\n    Complete output (98 lines):\n    running egg_info\n    creating /tmp/pip-pip-egg-info-rwii4o1x/cryptography.egg-info\n    writing /tmp/pip-pip-egg-info-rwii4o1x/cryptography.egg-info/PKG-INFO\n    writing dependency_links to /tmp/pip-pip-egg-info-rwii4o1x/cryptography.egg-info/dependency_links.txt\n    writing requirements to /tmp/pip-pip-egg-info-rwii4o1x/cryptography.egg-info/requires.txt\n    writing top-level names to /tmp/pip-pip-egg-info-rwii4o1x/cryptography.egg-info/top_level.txt\n    writing manifest file '/tmp/pip-pip-egg-info-rwii4o1x/cryptography.egg-info/SOURCES.txt'\n    Traceback (most recent call last):\n      File \"/usr/local/lib/python3.6/distutils/unixccompiler.py\", line 118, in _compile\n        extra_postargs)\n      File \"/usr/local/lib/python3.6/distutils/ccompiler.py\", line 909, in spawn\n        spawn(cmd, dry_run=self.dry_run)\n      File \"/usr/local/lib/python3.6/distutils/spawn.py\", line 36, in spawn\n        _spawn_posix(cmd, search_path, dry_run=dry_run)\n      File \"/usr/local/lib/python3.6/distutils/spawn.py\", line 159, in _spawn_posix\n        % (cmd, exit_status))\n    distutils.errors.DistutilsExecError: command 'gcc' failed with exit status 1\n    \n    During handling of the above exception, another exception occurred:\n    \n    Traceback (most recent call last):\n      File \"/tmp/pip-install-yph79u9_/cryptography_ec80ebe63fa4485ea00e00b61e758567/.eggs/cffi-1.15.1-py3.6-linux-x86_64.egg/cffi/ffiplatform.py\", line 51, in _build\n        dist.run_command('build_ext')\n      File \"/usr/local/lib/python3.6/distutils/dist.py\", line 974, in run_command\n        cmd_obj.run()\n      File \"/usr/local/lib/python3.6/site-packages/setuptools/command/build_ext.py\", line 79, in run\n        _build_ext.run(self)\n      File \"/usr/local/lib/python3.6/distutils/command/build_ext.py\", line 339, in run\n        self.build_extensions()\n      File \"/usr/local/lib/python3.6/distutils/command/build_ext.py\", line 448, in build_extensions\n        self._build_extensions_serial()\n      File \"/usr/local/lib/python3.6/distutils/command/build_ext.py\", line 473, in _build_extensions_serial\n        self.build_extension(ext)\n      File \"/usr/local/lib/python3.6/site-packages/setuptools/command/build_ext.py\", line 202, in build_extension\n        _build_ext.build_extension(self, ext)\n      File \"/usr/local/lib/python3.6/distutils/command/build_ext.py\", line 533, in build_extension\n        depends=ext.depends)\n      File \"/usr/local/lib/python3.6/distutils/ccompiler.py\", line 574, in compile\n        self._compile(obj, src, ext, cc_args, extra_postargs, pp_opts)\n      File \"/usr/local/lib/python3.6/distutils/unixccompiler.py\", line 120, in _compile\n        raise CompileError(msg)\n    distutils.errors.CompileError: command 'gcc' failed with exit status 1\n    \n    During handling of the above exception, another exception occurred:\n    \n    Traceback (most recent call last):\n      File \"<string>\", line 1, in <module>\n      File \"/tmp/pip-install-yph79u9_/cryptography_ec80ebe63fa4485ea00e00b61e758567/setup.py\", line 174, in <module>\n        \"test\": PyTest,\n      File \"/usr/local/lib/python3.6/site-packages/setuptools/__init__.py\", line 153, in setup\n        return distutils.core.setup(**attrs)\n      File \"/usr/local/lib/python3.6/distutils/core.py\", line 148, in setup\n        dist.run_commands()\n      File \"/usr/local/lib/python3.6/distutils/dist.py\", line 955, in run_commands\n        self.run_command(cmd)\n      File \"/usr/local/lib/python3.6/distutils/dist.py\", line 974, in run_command\n        cmd_obj.run()\n      File \"/usr/local/lib/python3.6/site-packages/setuptools/command/egg_info.py\", line 299, in run\n        self.find_sources()\n      File \"/usr/local/lib/python3.6/site-packages/setuptools/command/egg_info.py\", line 306, in find_sources\n        mm.run()\n      File \"/usr/local/lib/python3.6/site-packages/setuptools/command/egg_info.py\", line 541, in run\n        self.add_defaults()\n      File \"/usr/local/lib/python3.6/site-packages/setuptools/command/egg_info.py\", line 578, in add_defaults\n        sdist.add_defaults(self)\n      File \"/usr/local/lib/python3.6/site-packages/setuptools/command/py36compat.py\", line 32, in add_defaults\n        self._add_defaults_python()\n      File \"/usr/local/lib/python3.6/site-packages/setuptools/command/sdist.py\", line 107, in _add_defaults_python\n        build_py = self.get_finalized_command('build_py')\n      File \"/usr/local/lib/python3.6/distutils/cmd.py\", line 299, in get_finalized_command\n        cmd_obj.ensure_finalized()\n      File \"/usr/local/lib/python3.6/distutils/cmd.py\", line 107, in ensure_finalized\n        self.finalize_options()\n      File \"/usr/local/lib/python3.6/site-packages/setuptools/command/build_py.py\", line 37, in finalize_options\n        orig.build_py.finalize_options(self)\n      File \"/usr/local/lib/python3.6/distutils/command/build_py.py\", line 45, in finalize_options\n        ('force', 'force'))\n      File \"/usr/local/lib/python3.6/distutils/cmd.py\", line 287, in set_undefined_options\n        src_cmd_obj.ensure_finalized()\n      File \"/usr/local/lib/python3.6/distutils/cmd.py\", line 107, in ensure_finalized\n        self.finalize_options()\n      File \"/tmp/pip-install-yph79u9_/cryptography_ec80ebe63fa4485ea00e00b61e758567/setup.py\", line 88, in finalize_options\n        self.distribution.ext_modules = get_ext_modules()\n      File \"/tmp/pip-install-yph79u9_/cryptography_ec80ebe63fa4485ea00e00b61e758567/setup.py\", line 65, in get_ext_modules\n        from cryptography.hazmat.primitives import constant_time, padding\n      File \"/tmp/pip-install-yph79u9_/cryptography_ec80ebe63fa4485ea00e00b61e758567/cryptography/hazmat/primitives/constant_time.py\", line 54, in <module>\n        ext_package=\"cryptography\",\n      File \"/tmp/pip-install-yph79u9_/cryptography_ec80ebe63fa4485ea00e00b61e758567/.eggs/cffi-1.15.1-py3.6-linux-x86_64.egg/cffi/api.py\", line 468, in verify\n        lib = self.verifier.load_library()\n      File \"/tmp/pip-install-yph79u9_/cryptography_ec80ebe63fa4485ea00e00b61e758567/.eggs/cffi-1.15.1-py3.6-linux-x86_64.egg/cffi/verifier.py\", line 105, in load_library\n        self._compile_module()\n      File \"/tmp/pip-install-yph79u9_/cryptography_ec80ebe63fa4485ea00e00b61e758567/.eggs/cffi-1.15.1-py3.6-linux-x86_64.egg/cffi/verifier.py\", line 202, in _compile_module\n        outputfilename = ffiplatform.compile(tmpdir, self.get_extension())\n      File \"/tmp/pip-install-yph79u9_/cryptography_ec80ebe63fa4485ea00e00b61e758567/.eggs/cffi-1.15.1-py3.6-linux-x86_64.egg/cffi/ffiplatform.py\", line 22, in compile\n        outputfilename = _build(tmpdir, ext, compiler_verbose, debug)\n      File \"/tmp/pip-install-yph79u9_/cryptography_ec80ebe63fa4485ea00e00b61e758567/.eggs/cffi-1.15.1-py3.6-linux-x86_64.egg/cffi/ffiplatform.py\", line 58, in _build\n        raise VerificationError('%s: %s' % (e.__class__.__name__, e))\n    cffi.VerificationError: CompileError: command 'gcc' failed with exit status 1\n    ----------------------------------------\n\u001b[0m\u001b[91mWARNING: Discarding https://files.pythonhosted.org/packages/af/de/11aa6ef58de2ee27c8624428e1590b649fa7de26ab28a7d4801929381c5e/cryptography-0.5.2.tar.gz#sha256=39e00712ace199c0346f59a5e4526782841277167649ee5dc4ec8faeb786d288 (from https://pypi.org/simple/cryptography/). Command errored out with exit status 1: python setup.py egg_info Check the logs for full command output.\n\u001b[0m  Downloading cryptography-0.5.1.tar.gz (319 kB)\n\u001b[91m    ERROR: Command errored out with exit status 1:\n     command: /usr/local/bin/python -c 'import io, os, sys, setuptools, tokenize; sys.argv[0] = '\"'\"'/tmp/pip-install-yph79u9_/cryptography_c7bbef2144464493a926497099b12aa2/setup.py'\"'\"'; __file__='\"'\"'/tmp/pip-install-yph79u9_/cryptography_c7bbef2144464493a926497099b12aa2/setup.py'\"'\"';f = getattr(tokenize, '\"'\"'open'\"'\"', open)(__file__) if os.path.exists(__file__) else io.StringIO('\"'\"'from setuptools import setup; setup()'\"'\"');code = f.read().replace('\"'\"'\\r\\n'\"'\"', '\"'\"'\\n'\"'\"');f.close();exec(compile(code, __file__, '\"'\"'exec'\"'\"'))' egg_info --egg-base /tmp/pip-pip-egg-info-y_wmp912\n         cwd: /tmp/pip-install-yph79u9_/cryptography_c7bbef2144464493a926497099b12aa2/\n    Complete output (98 lines):\n    running egg_info\n    creating /tmp/pip-pip-egg-info-y_wmp912/cryptography.egg-info\n    writing /tmp/pip-pip-egg-info-y_wmp912/cryptography.egg-info/PKG-INFO\n    writing dependency_links to /tmp/pip-pip-egg-info-y_wmp912/cryptography.egg-info/dependency_links.txt\n    writing requirements to /tmp/pip-pip-egg-info-y_wmp912/cryptography.egg-info/requires.txt\n    writing top-level names to /tmp/pip-pip-egg-info-y_wmp912/cryptography.egg-info/top_level.txt\n    writing manifest file '/tmp/pip-pip-egg-info-y_wmp912/cryptography.egg-info/SOURCES.txt'\n    Traceback (most recent call last):\n      File \"/usr/local/lib/python3.6/distutils/unixccompiler.py\", line 118, in _compile\n        extra_postargs)\n      File \"/usr/local/lib/python3.6/distutils/ccompiler.py\", line 909, in spawn\n        spawn(cmd, dry_run=self.dry_run)\n      File \"/usr/local/lib/python3.6/distutils/spawn.py\", line 36, in spawn\n        _spawn_posix(cmd, search_path, dry_run=dry_run)\n      File \"/usr/local/lib/python3.6/distutils/spawn.py\", line 159, in _spawn_posix\n        % (cmd, exit_status))\n    distutils.errors.DistutilsExecError: command 'gcc' failed with exit status 1\n    \n    During handling of the above exception, another exception occurred:\n    \n    Traceback (most recent call last):\n      File \"/tmp/pip-install-yph79u9_/cryptography_c7bbef2144464493a926497099b12aa2/.eggs/cffi-1.15.1-py3.6-linux-x86_64.egg/cffi/ffiplatform.py\", line 51, in _build\n        dist.run_command('build_ext')\n      File \"/usr/local/lib/python3.6/distutils/dist.py\", line 974, in run_command\n        cmd_obj.run()\n      File \"/usr/local/lib/python3.6/site-packages/setuptools/command/build_ext.py\", line 79, in run\n        _build_ext.run(self)\n      File \"/usr/local/lib/python3.6/distutils/command/build_ext.py\", line 339, in run\n        self.build_extensions()\n      File \"/usr/local/lib/python3.6/distutils/command/build_ext.py\", line 448, in build_extensions\n        self._build_extensions_serial()\n      File \"/usr/local/lib/python3.6/distutils/command/build_ext.py\", line 473, in _build_extensions_serial\n        self.build_extension(ext)\n      File \"/usr/local/lib/python3.6/site-packages/setuptools/command/build_ext.py\", line 202, in build_extension\n        _build_ext.build_extension(self, ext)\n      File \"/usr/local/lib/python3.6/distutils/command/build_ext.py\", line 533, in build_extension\n        depends=ext.depends)\n      File \"/usr/local/lib/python3.6/distutils/ccompiler.py\", line 574, in compile\n        self._compile(obj, src, ext, cc_args, extra_postargs, pp_opts)\n      File \"/usr/local/lib/python3.6/distutils/unixccompiler.py\", line 120, in _compile\n        raise CompileError(msg)\n    distutils.errors.CompileError: command 'gcc' failed with exit status 1\n    \n    During handling of the above exception, another exception occurred:\n    \n    Traceback (most recent call last):\n      File \"<string>\", line 1, in <module>\n      File \"/tmp/pip-install-yph79u9_/cryptography_c7bbef2144464493a926497099b12aa2/setup.py\", line 174, in <module>\n        \"test\": PyTest,\n      File \"/usr/local/lib/python3.6/site-packages/setuptools/__init__.py\", line 153, in setup\n        return distutils.core.setup(**attrs)\n      File \"/usr/local/lib/python3.6/distutils/core.py\", line 148, in setup\n        dist.run_commands()\n      File \"/usr/local/lib/python3.6/distutils/dist.py\", line 955, in run_commands\n        self.run_command(cmd)\n      File \"/usr/local/lib/python3.6/distutils/dist.py\", line 974, in run_command\n        cmd_obj.run()\n      File \"/usr/local/lib/python3.6/site-packages/setuptools/command/egg_info.py\", line 299, in run\n        self.find_sources()\n      File \"/usr/local/lib/python3.6/site-packages/setuptools/command/egg_info.py\", line 306, in find_sources\n        mm.run()\n      File \"/usr/local/lib/python3.6/site-packages/setuptools/command/egg_info.py\", line 541, in run\n        self.add_defaults()\n      File \"/usr/local/lib/python3.6/site-packages/setuptools/command/egg_info.py\", line 578, in add_defaults\n        sdist.add_defaults(self)\n      File \"/usr/local/lib/python3.6/site-packages/setuptools/command/py36compat.py\", line 32, in add_defaults\n        self._add_defaults_python()\n      File \"/usr/local/lib/python3.6/site-packages/setuptools/command/sdist.py\", line 107, in _add_defaults_python\n        build_py = self.get_finalized_command('build_py')\n      File \"/usr/local/lib/python3.6/distutils/cmd.py\", line 299, in get_finalized_command\n        cmd_obj.ensure_finalized()\n      File \"/usr/local/lib/python3.6/distutils/cmd.py\", line 107, in ensure_finalized\n        self.finalize_options()\n      File \"/usr/local/lib/python3.6/site-packages/setuptools/command/build_py.py\", line 37, in finalize_options\n        orig.build_py.finalize_options(self)\n      File \"/usr/local/lib/python3.6/distutils/command/build_py.py\", line 45, in finalize_options\n        ('force', 'force'))\n      File \"/usr/local/lib/python3.6/distutils/cmd.py\", line 287, in set_undefined_options\n        src_cmd_obj.ensure_finalized()\n      File \"/usr/local/lib/python3.6/distutils/cmd.py\", line 107, in ensure_finalized\n        self.finalize_options()\n      File \"/tmp/pip-install-yph79u9_/cryptography_c7bbef2144464493a926497099b12aa2/setup.py\", line 88, in finalize_options\n        self.distribution.ext_modules = get_ext_modules()\n      File \"/tmp/pip-install-yph79u9_/cryptography_c7bbef2144464493a926497099b12aa2/setup.py\", line 65, in get_ext_modules\n        from cryptography.hazmat.primitives import constant_time, padding\n      File \"/tmp/pip-install-yph79u9_/cryptography_c7bbef2144464493a926497099b12aa2/cryptography/hazmat/primitives/constant_time.py\", line 54, in <module>\n        ext_package=\"cryptography\",\n      File \"/tmp/pip-install-yph79u9_/cryptography_c7bbef2144464493a926497099b12aa2/.eggs/cffi-1.15.1-py3.6-linux-x86_64.egg/cffi/api.py\", line 468, in verify\n        lib = self.verifier.load_library()\n      File \"/tmp/pip-install-yph79u9_/cryptography_c7bbef2144464493a926497099b12aa2/.eggs/cffi-1.15.1-py3.6-linux-x86_64.egg/cffi/verifier.py\", line 105, in load_library\n        self._compile_module()\n      File \"/tmp/pip-install-yph79u9_/cryptography_c7bbef2144464493a926497099b12aa2/.eggs/cffi-1.15.1-py3.6-linux-x86_64.egg/cffi/verifier.py\", line 202, in _compile_module\n        outputfilename = ffiplatform.compile(tmpdir, self.get_extension())\n      File \"/tmp/pip-install-yph79u9_/cryptography_c7bbef2144464493a926497099b12aa2/.eggs/cffi-1.15.1-py3.6-linux-x86_64.egg/cffi/ffiplatform.py\", line 22, in compile\n        outputfilename = _build(tmpdir, ext, compiler_verbose, debug)\n      File \"/tmp/pip-install-yph79u9_/cryptography_c7bbef2144464493a926497099b12aa2/.eggs/cffi-1.15.1-py3.6-linux-x86_64.egg/cffi/ffiplatform.py\", line 58, in _build\n        raise VerificationError('%s: %s' % (e.__class__.__name__, e))\n    cffi.VerificationError: CompileError: command 'gcc' failed with exit status 1\n    ----------------------------------------\n\u001b[0m\u001b[91mWARNING: Discarding https://files.pythonhosted.org/packages/01/92/1270ded2e3f9eff8327a0be71e98a813dc7f19ed91d0f29c112ac0fa91d1/cryptography-0.5.1.tar.gz#sha256=24f1a17044a76d83dcb1f553cdc35cef5bb0261f18ca28a96b7fd2bc039f3945 (from https://pypi.org/simple/cryptography/). Command errored out with exit status 1: python setup.py egg_info Check the logs for full command output.\n\u001b[0m  Downloading cryptography-0.5.tar.gz (319 kB)\n\u001b[91m    ERROR: Command errored out with exit status 1:\n     command: /usr/local/bin/python -c 'import io, os, sys, setuptools, tokenize; sys.argv[0] = '\"'\"'/tmp/pip-install-yph79u9_/cryptography_0c6785694b3248779915555a412046ec/setup.py'\"'\"'; __file__='\"'\"'/tmp/pip-install-yph79u9_/cryptography_0c6785694b3248779915555a412046ec/setup.py'\"'\"';f = getattr(tokenize, '\"'\"'open'\"'\"', open)(__file__) if os.path.exists(__file__) else io.StringIO('\"'\"'from setuptools import setup; setup()'\"'\"');code = f.read().replace('\"'\"'\\r\\n'\"'\"', '\"'\"'\\n'\"'\"');f.close();exec(compile(code, __file__, '\"'\"'exec'\"'\"'))' egg_info --egg-base /tmp/pip-pip-egg-info-230vrrmu\n         cwd: /tmp/pip-install-yph79u9_/cryptography_0c6785694b3248779915555a412046ec/\n    Complete output (98 lines):\n    running egg_info\n    creating /tmp/pip-pip-egg-info-230vrrmu/cryptography.egg-info\n    writing /tmp/pip-pip-egg-info-230vrrmu/cryptography.egg-info/PKG-INFO\n    writing dependency_links to /tmp/pip-pip-egg-info-230vrrmu/cryptography.egg-info/dependency_links.txt\n    writing requirements to /tmp/pip-pip-egg-info-230vrrmu/cryptography.egg-info/requires.txt\n    writing top-level names to /tmp/pip-pip-egg-info-230vrrmu/cryptography.egg-info/top_level.txt\n    writing manifest file '/tmp/pip-pip-egg-info-230vrrmu/cryptography.egg-info/SOURCES.txt'\n    Traceback (most recent call last):\n      File \"/usr/local/lib/python3.6/distutils/unixccompiler.py\", line 118, in _compile\n        extra_postargs)\n      File \"/usr/local/lib/python3.6/distutils/ccompiler.py\", line 909, in spawn\n        spawn(cmd, dry_run=self.dry_run)\n      File \"/usr/local/lib/python3.6/distutils/spawn.py\", line 36, in spawn\n        _spawn_posix(cmd, search_path, dry_run=dry_run)\n      File \"/usr/local/lib/python3.6/distutils/spawn.py\", line 159, in _spawn_posix\n        % (cmd, exit_status))\n    distutils.errors.DistutilsExecError: command 'gcc' failed with exit status 1\n    \n    During handling of the above exception, another exception occurred:\n    \n    Traceback (most recent call last):\n      File \"/tmp/pip-install-yph79u9_/cryptography_0c6785694b3248779915555a412046ec/.eggs/cffi-1.15.1-py3.6-linux-x86_64.egg/cffi/ffiplatform.py\", line 51, in _build\n        dist.run_command('build_ext')\n      File \"/usr/local/lib/python3.6/distutils/dist.py\", line 974, in run_command\n        cmd_obj.run()\n      File \"/usr/local/lib/python3.6/site-packages/setuptools/command/build_ext.py\", line 79, in run\n        _build_ext.run(self)\n      File \"/usr/local/lib/python3.6/distutils/command/build_ext.py\", line 339, in run\n        self.build_extensions()\n      File \"/usr/local/lib/python3.6/distutils/command/build_ext.py\", line 448, in build_extensions\n        self._build_extensions_serial()\n      File \"/usr/local/lib/python3.6/distutils/command/build_ext.py\", line 473, in _build_extensions_serial\n        self.build_extension(ext)\n      File \"/usr/local/lib/python3.6/site-packages/setuptools/command/build_ext.py\", line 202, in build_extension\n        _build_ext.build_extension(self, ext)\n      File \"/usr/local/lib/python3.6/distutils/command/build_ext.py\", line 533, in build_extension\n        depends=ext.depends)\n      File \"/usr/local/lib/python3.6/distutils/ccompiler.py\", line 574, in compile\n        self._compile(obj, src, ext, cc_args, extra_postargs, pp_opts)\n      File \"/usr/local/lib/python3.6/distutils/unixccompiler.py\", line 120, in _compile\n        raise CompileError(msg)\n    distutils.errors.CompileError: command 'gcc' failed with exit status 1\n    \n    During handling of the above exception, another exception occurred:\n    \n    Traceback (most recent call last):\n      File \"<string>\", line 1, in <module>\n      File \"/tmp/pip-install-yph79u9_/cryptography_0c6785694b3248779915555a412046ec/setup.py\", line 174, in <module>\n        \"test\": PyTest,\n      File \"/usr/local/lib/python3.6/site-packages/setuptools/__init__.py\", line 153, in setup\n        return distutils.core.setup(**attrs)\n      File \"/usr/local/lib/python3.6/distutils/core.py\", line 148, in setup\n        dist.run_commands()\n      File \"/usr/local/lib/python3.6/distutils/dist.py\", line 955, in run_commands\n        self.run_command(cmd)\n      File \"/usr/local/lib/python3.6/distutils/dist.py\", line 974, in run_command\n        cmd_obj.run()\n      File \"/usr/local/lib/python3.6/site-packages/setuptools/command/egg_info.py\", line 299, in run\n        self.find_sources()\n      File \"/usr/local/lib/python3.6/site-packages/setuptools/command/egg_info.py\", line 306, in find_sources\n        mm.run()\n      File \"/usr/local/lib/python3.6/site-packages/setuptools/command/egg_info.py\", line 541, in run\n        self.add_defaults()\n      File \"/usr/local/lib/python3.6/site-packages/setuptools/command/egg_info.py\", line 578, in add_defaults\n        sdist.add_defaults(self)\n      File \"/usr/local/lib/python3.6/site-packages/setuptools/command/py36compat.py\", line 32, in add_defaults\n        self._add_defaults_python()\n      File \"/usr/local/lib/python3.6/site-packages/setuptools/command/sdist.py\", line 107, in _add_defaults_python\n        build_py = self.get_finalized_command('build_py')\n      File \"/usr/local/lib/python3.6/distutils/cmd.py\", line 299, in get_finalized_command\n        cmd_obj.ensure_finalized()\n      File \"/usr/local/lib/python3.6/distutils/cmd.py\", line 107, in ensure_finalized\n        self.finalize_options()\n      File \"/usr/local/lib/python3.6/site-packages/setuptools/command/build_py.py\", line 37, in finalize_options\n        orig.build_py.finalize_options(self)\n      File \"/usr/local/lib/python3.6/distutils/command/build_py.py\", line 45, in finalize_options\n        ('force', 'force'))\n      File \"/usr/local/lib/python3.6/distutils/cmd.py\", line 287, in set_undefined_options\n        src_cmd_obj.ensure_finalized()\n      File \"/usr/local/lib/python3.6/distutils/cmd.py\", line 107, in ensure_finalized\n        self.finalize_options()\n      File \"/tmp/pip-install-yph79u9_/cryptography_0c6785694b3248779915555a412046ec/setup.py\", line 88, in finalize_options\n        self.distribution.ext_modules = get_ext_modules()\n      File \"/tmp/pip-install-yph79u9_/cryptography_0c6785694b3248779915555a412046ec/setup.py\", line 65, in get_ext_modules\n        from cryptography.hazmat.primitives import constant_time, padding\n      File \"/tmp/pip-install-yph79u9_/cryptography_0c6785694b3248779915555a412046ec/cryptography/hazmat/primitives/constant_time.py\", line 54, in <module>\n        ext_package=\"cryptography\",\n      File \"/tmp/pip-install-yph79u9_/cryptography_0c6785694b3248779915555a412046ec/.eggs/cffi-1.15.1-py3.6-linux-x86_64.egg/cffi/api.py\", line 468, in verify\n        lib = self.verifier.load_library()\n      File \"/tmp/pip-install-yph79u9_/cryptography_0c6785694b3248779915555a412046ec/.eggs/cffi-1.15.1-py3.6-linux-x86_64.egg/cffi/verifier.py\", line 105, in load_library\n        self._compile_module()\n      File \"/tmp/pip-install-yph79u9_/cryptography_0c6785694b3248779915555a412046ec/.eggs/cffi-1.15.1-py3.6-linux-x86_64.egg/cffi/verifier.py\", line 202, in _compile_module\n        outputfilename = ffiplatform.compile(tmpdir, self.get_extension())\n      File \"/tmp/pip-install-yph79u9_/cryptography_0c6785694b3248779915555a412046ec/.eggs/cffi-1.15.1-py3.6-linux-x86_64.egg/cffi/ffiplatform.py\", line 22, in compile\n        outputfilename = _build(tmpdir, ext, compiler_verbose, debug)\n      File \"/tmp/pip-install-yph79u9_/cryptography_0c6785694b3248779915555a412046ec/.eggs/cffi-1.15.1-py3.6-linux-x86_64.egg/cffi/ffiplatform.py\", line 58, in _build\n        raise VerificationError('%s: %s' % (e.__class__.__name__, e))\n    cffi.VerificationError: CompileError: command 'gcc' failed with exit status 1\n    ----------------------------------------\n\u001b[0m\u001b[91mWARNING: Discarding https://files.pythonhosted.org/packages/01/98/9140051a6dbdbd06a0a03d8ca3907c1ef3b1415480eaf2c7ce647d90629b/cryptography-0.5.tar.gz#sha256=af66ca7e7d38d8462f5193532477a37f50baa794e6410345276784c0e59a716e (from https://pypi.org/simple/cryptography/). Command errored out with exit status 1: python setup.py egg_info Check the logs for full command output.\n\u001b[0m  Downloading cryptography-0.4.tar.gz (260 kB)\n\u001b[91m    ERROR: Command errored out with exit status 1:\n     command: /usr/local/bin/python -c 'import io, os, sys, setuptools, tokenize; sys.argv[0] = '\"'\"'/tmp/pip-install-yph79u9_/cryptography_bef73dc1bce5481dbb106f8f8af49b87/setup.py'\"'\"'; __file__='\"'\"'/tmp/pip-install-yph79u9_/cryptography_bef73dc1bce5481dbb106f8f8af49b87/setup.py'\"'\"';f = getattr(tokenize, '\"'\"'open'\"'\"', open)(__file__) if os.path.exists(__file__) else io.StringIO('\"'\"'from setuptools import setup; setup()'\"'\"');code = f.read().replace('\"'\"'\\r\\n'\"'\"', '\"'\"'\\n'\"'\"');f.close();exec(compile(code, __file__, '\"'\"'exec'\"'\"'))' egg_info --egg-base /tmp/pip-pip-egg-info-dsdcm0ze\n         cwd: /tmp/pip-install-yph79u9_/cryptography_bef73dc1bce5481dbb106f8f8af49b87/\n    Complete output (98 lines):\n    running egg_info\n    creating /tmp/pip-pip-egg-info-dsdcm0ze/cryptography.egg-info\n    writing /tmp/pip-pip-egg-info-dsdcm0ze/cryptography.egg-info/PKG-INFO\n    writing dependency_links to /tmp/pip-pip-egg-info-dsdcm0ze/cryptography.egg-info/dependency_links.txt\n    writing requirements to /tmp/pip-pip-egg-info-dsdcm0ze/cryptography.egg-info/requires.txt\n    writing top-level names to /tmp/pip-pip-egg-info-dsdcm0ze/cryptography.egg-info/top_level.txt\n    writing manifest file '/tmp/pip-pip-egg-info-dsdcm0ze/cryptography.egg-info/SOURCES.txt'\n    Traceback (most recent call last):\n      File \"/usr/local/lib/python3.6/distutils/unixccompiler.py\", line 118, in _compile\n        extra_postargs)\n      File \"/usr/local/lib/python3.6/distutils/ccompiler.py\", line 909, in spawn\n        spawn(cmd, dry_run=self.dry_run)\n      File \"/usr/local/lib/python3.6/distutils/spawn.py\", line 36, in spawn\n        _spawn_posix(cmd, search_path, dry_run=dry_run)\n      File \"/usr/local/lib/python3.6/distutils/spawn.py\", line 159, in _spawn_posix\n        % (cmd, exit_status))\n    distutils.errors.DistutilsExecError: command 'gcc' failed with exit status 1\n    \n    During handling of the above exception, another exception occurred:\n    \n    Traceback (most recent call last):\n      File \"/tmp/pip-install-yph79u9_/cryptography_bef73dc1bce5481dbb106f8f8af49b87/.eggs/cffi-1.15.1-py3.6-linux-x86_64.egg/cffi/ffiplatform.py\", line 51, in _build\n        dist.run_command('build_ext')\n      File \"/usr/local/lib/python3.6/distutils/dist.py\", line 974, in run_command\n        cmd_obj.run()\n      File \"/usr/local/lib/python3.6/site-packages/setuptools/command/build_ext.py\", line 79, in run\n        _build_ext.run(self)\n      File \"/usr/local/lib/python3.6/distutils/command/build_ext.py\", line 339, in run\n        self.build_extensions()\n      File \"/usr/local/lib/python3.6/distutils/command/build_ext.py\", line 448, in build_extensions\n        self._build_extensions_serial()\n      File \"/usr/local/lib/python3.6/distutils/command/build_ext.py\", line 473, in _build_extensions_serial\n        self.build_extension(ext)\n      File \"/usr/local/lib/python3.6/site-packages/setuptools/command/build_ext.py\", line 202, in build_extension\n        _build_ext.build_extension(self, ext)\n      File \"/usr/local/lib/python3.6/distutils/command/build_ext.py\", line 533, in build_extension\n        depends=ext.depends)\n      File \"/usr/local/lib/python3.6/distutils/ccompiler.py\", line 574, in compile\n        self._compile(obj, src, ext, cc_args, extra_postargs, pp_opts)\n      File \"/usr/local/lib/python3.6/distutils/unixccompiler.py\", line 120, in _compile\n        raise CompileError(msg)\n    distutils.errors.CompileError: command 'gcc' failed with exit status 1\n    \n    During handling of the above exception, another exception occurred:\n    \n    Traceback (most recent call last):\n      File \"<string>\", line 1, in <module>\n      File \"/tmp/pip-install-yph79u9_/cryptography_bef73dc1bce5481dbb106f8f8af49b87/setup.py\", line 174, in <module>\n        \"test\": PyTest,\n      File \"/usr/local/lib/python3.6/site-packages/setuptools/__init__.py\", line 153, in setup\n        return distutils.core.setup(**attrs)\n      File \"/usr/local/lib/python3.6/distutils/core.py\", line 148, in setup\n        dist.run_commands()\n      File \"/usr/local/lib/python3.6/distutils/dist.py\", line 955, in run_commands\n        self.run_command(cmd)\n      File \"/usr/local/lib/python3.6/distutils/dist.py\", line 974, in run_command\n        cmd_obj.run()\n      File \"/usr/local/lib/python3.6/site-packages/setuptools/command/egg_info.py\", line 299, in run\n        self.find_sources()\n      File \"/usr/local/lib/python3.6/site-packages/setuptools/command/egg_info.py\", line 306, in find_sources\n        mm.run()\n      File \"/usr/local/lib/python3.6/site-packages/setuptools/command/egg_info.py\", line 541, in run\n        self.add_defaults()\n      File \"/usr/local/lib/python3.6/site-packages/setuptools/command/egg_info.py\", line 578, in add_defaults\n        sdist.add_defaults(self)\n      File \"/usr/local/lib/python3.6/site-packages/setuptools/command/py36compat.py\", line 32, in add_defaults\n        self._add_defaults_python()\n      File \"/usr/local/lib/python3.6/site-packages/setuptools/command/sdist.py\", line 107, in _add_defaults_python\n        build_py = self.get_finalized_command('build_py')\n      File \"/usr/local/lib/python3.6/distutils/cmd.py\", line 299, in get_finalized_command\n        cmd_obj.ensure_finalized()\n      File \"/usr/local/lib/python3.6/distutils/cmd.py\", line 107, in ensure_finalized\n        self.finalize_options()\n      File \"/usr/local/lib/python3.6/site-packages/setuptools/command/build_py.py\", line 37, in finalize_options\n        orig.build_py.finalize_options(self)\n      File \"/usr/local/lib/python3.6/distutils/command/build_py.py\", line 45, in finalize_options\n        ('force', 'force'))\n      File \"/usr/local/lib/python3.6/distutils/cmd.py\", line 287, in set_undefined_options\n        src_cmd_obj.ensure_finalized()\n      File \"/usr/local/lib/python3.6/distutils/cmd.py\", line 107, in ensure_finalized\n        self.finalize_options()\n      File \"/tmp/pip-install-yph79u9_/cryptography_bef73dc1bce5481dbb106f8f8af49b87/setup.py\", line 88, in finalize_options\n        self.distribution.ext_modules = get_ext_modules()\n      File \"/tmp/pip-install-yph79u9_/cryptography_bef73dc1bce5481dbb106f8f8af49b87/setup.py\", line 65, in get_ext_modules\n        from cryptography.hazmat.primitives import constant_time, padding\n      File \"/tmp/pip-install-yph79u9_/cryptography_bef73dc1bce5481dbb106f8f8af49b87/cryptography/hazmat/primitives/constant_time.py\", line 55, in <module>\n        ext_package=\"cryptography\",\n      File \"/tmp/pip-install-yph79u9_/cryptography_bef73dc1bce5481dbb106f8f8af49b87/.eggs/cffi-1.15.1-py3.6-linux-x86_64.egg/cffi/api.py\", line 468, in verify\n        lib = self.verifier.load_library()\n      File \"/tmp/pip-install-yph79u9_/cryptography_bef73dc1bce5481dbb106f8f8af49b87/.eggs/cffi-1.15.1-py3.6-linux-x86_64.egg/cffi/verifier.py\", line 105, in load_library\n        self._compile_module()\n      File \"/tmp/pip-install-yph79u9_/cryptography_bef73dc1bce5481dbb106f8f8af49b87/.eggs/cffi-1.15.1-py3.6-linux-x86_64.egg/cffi/verifier.py\", line 202, in _compile_module\n        outputfilename = ffiplatform.compile(tmpdir, self.get_extension())\n      File \"/tmp/pip-install-yph79u9_/cryptography_bef73dc1bce5481dbb106f8f8af49b87/.eggs/cffi-1.15.1-py3.6-linux-x86_64.egg/cffi/ffiplatform.py\", line 22, in compile\n        outputfilename = _build(tmpdir, ext, compiler_verbose, debug)\n      File \"/tmp/pip-install-yph79u9_/cryptography_bef73dc1bce5481dbb106f8f8af49b87/.eggs/cffi-1.15.1-py3.6-linux-x86_64.egg/cffi/ffiplatform.py\", line 58, in _build\n        raise VerificationError('%s: %s' % (e.__class__.__name__, e))\n    cffi.VerificationError: CompileError: command 'gcc' failed with exit status 1\n    ----------------------------------------\n\u001b[0m\u001b[91mWARNING: Discarding https://files.pythonhosted.org/packages/86/61/d88288d2c615137b8fffb1a097b9730a1be7b35ac057ef1ad36b73c19b9d/cryptography-0.4.tar.gz#sha256=5ef81de44c87a87779710cbb476ffbec86a4a6c0bd2a5bebeccc3bfb3c3478e5 (from https://pypi.org/simple/cryptography/). Command errored out with exit status 1: python setup.py egg_info Check the logs for full command output.\n\u001b[0m  Downloading cryptography-0.3.tar.gz (208 kB)\n\u001b[91m    ERROR: Command errored out with exit status 1:\n     command: /usr/local/bin/python -c 'import io, os, sys, setuptools, tokenize; sys.argv[0] = '\"'\"'/tmp/pip-install-yph79u9_/cryptography_d172f0cfeb2e4ac488b1ff59d865bf7b/setup.py'\"'\"'; __file__='\"'\"'/tmp/pip-install-yph79u9_/cryptography_d172f0cfeb2e4ac488b1ff59d865bf7b/setup.py'\"'\"';f = getattr(tokenize, '\"'\"'open'\"'\"', open)(__file__) if os.path.exists(__file__) else io.StringIO('\"'\"'from setuptools import setup; setup()'\"'\"');code = f.read().replace('\"'\"'\\r\\n'\"'\"', '\"'\"'\\n'\"'\"');f.close();exec(compile(code, __file__, '\"'\"'exec'\"'\"'))' egg_info --egg-base /tmp/pip-pip-egg-info-3z74rse0\n         cwd: /tmp/pip-install-yph79u9_/cryptography_d172f0cfeb2e4ac488b1ff59d865bf7b/\n    Complete output (96 lines):\n    running egg_info\n    creating /tmp/pip-pip-egg-info-3z74rse0/cryptography.egg-info\n    writing /tmp/pip-pip-egg-info-3z74rse0/cryptography.egg-info/PKG-INFO\n    writing dependency_links to /tmp/pip-pip-egg-info-3z74rse0/cryptography.egg-info/dependency_links.txt\n    writing requirements to /tmp/pip-pip-egg-info-3z74rse0/cryptography.egg-info/requires.txt\n    writing top-level names to /tmp/pip-pip-egg-info-3z74rse0/cryptography.egg-info/top_level.txt\n    writing manifest file '/tmp/pip-pip-egg-info-3z74rse0/cryptography.egg-info/SOURCES.txt'\n    Traceback (most recent call last):\n      File \"/usr/local/lib/python3.6/distutils/unixccompiler.py\", line 118, in _compile\n        extra_postargs)\n      File \"/usr/local/lib/python3.6/distutils/ccompiler.py\", line 909, in spawn\n        spawn(cmd, dry_run=self.dry_run)\n      File \"/usr/local/lib/python3.6/distutils/spawn.py\", line 36, in spawn\n        _spawn_posix(cmd, search_path, dry_run=dry_run)\n      File \"/usr/local/lib/python3.6/distutils/spawn.py\", line 159, in _spawn_posix\n        % (cmd, exit_status))\n    distutils.errors.DistutilsExecError: command 'gcc' failed with exit status 1\n    \n    During handling of the above exception, another exception occurred:\n    \n    Traceback (most recent call last):\n      File \"/tmp/pip-install-yph79u9_/cryptography_d172f0cfeb2e4ac488b1ff59d865bf7b/.eggs/cffi-1.15.1-py3.6-linux-x86_64.egg/cffi/ffiplatform.py\", line 51, in _build\n        dist.run_command('build_ext')\n      File \"/usr/local/lib/python3.6/distutils/dist.py\", line 974, in run_command\n        cmd_obj.run()\n      File \"/usr/local/lib/python3.6/site-packages/setuptools/command/build_ext.py\", line 79, in run\n        _build_ext.run(self)\n      File \"/usr/local/lib/python3.6/distutils/command/build_ext.py\", line 339, in run\n        self.build_extensions()\n      File \"/usr/local/lib/python3.6/distutils/command/build_ext.py\", line 448, in build_extensions\n        self._build_extensions_serial()\n      File \"/usr/local/lib/python3.6/distutils/command/build_ext.py\", line 473, in _build_extensions_serial\n        self.build_extension(ext)\n      File \"/usr/local/lib/python3.6/site-packages/setuptools/command/build_ext.py\", line 202, in build_extension\n        _build_ext.build_extension(self, ext)\n      File \"/usr/local/lib/python3.6/distutils/command/build_ext.py\", line 533, in build_extension\n        depends=ext.depends)\n      File \"/usr/local/lib/python3.6/distutils/ccompiler.py\", line 574, in compile\n        self._compile(obj, src, ext, cc_args, extra_postargs, pp_opts)\n      File \"/usr/local/lib/python3.6/distutils/unixccompiler.py\", line 120, in _compile\n        raise CompileError(msg)\n    distutils.errors.CompileError: command 'gcc' failed with exit status 1\n    \n    During handling of the above exception, another exception occurred:\n    \n    Traceback (most recent call last):\n      File \"<string>\", line 1, in <module>\n      File \"/tmp/pip-install-yph79u9_/cryptography_d172f0cfeb2e4ac488b1ff59d865bf7b/setup.py\", line 156, in <module>\n        \"test\": PyTest,\n      File \"/usr/local/lib/python3.6/site-packages/setuptools/__init__.py\", line 153, in setup\n        return distutils.core.setup(**attrs)\n      File \"/usr/local/lib/python3.6/distutils/core.py\", line 148, in setup\n        dist.run_commands()\n      File \"/usr/local/lib/python3.6/distutils/dist.py\", line 955, in run_commands\n        self.run_command(cmd)\n      File \"/usr/local/lib/python3.6/distutils/dist.py\", line 974, in run_command\n        cmd_obj.run()\n      File \"/usr/local/lib/python3.6/site-packages/setuptools/command/egg_info.py\", line 299, in run\n        self.find_sources()\n      File \"/usr/local/lib/python3.6/site-packages/setuptools/command/egg_info.py\", line 306, in find_sources\n        mm.run()\n      File \"/usr/local/lib/python3.6/site-packages/setuptools/command/egg_info.py\", line 541, in run\n        self.add_defaults()\n      File \"/usr/local/lib/python3.6/site-packages/setuptools/command/egg_info.py\", line 578, in add_defaults\n        sdist.add_defaults(self)\n      File \"/usr/local/lib/python3.6/site-packages/setuptools/command/py36compat.py\", line 32, in add_defaults\n        self._add_defaults_python()\n      File \"/usr/local/lib/python3.6/site-packages/setuptools/command/sdist.py\", line 107, in _add_defaults_python\n        build_py = self.get_finalized_command('build_py')\n      File \"/usr/local/lib/python3.6/distutils/cmd.py\", line 299, in get_finalized_command\n        cmd_obj.ensure_finalized()\n      File \"/usr/local/lib/python3.6/distutils/cmd.py\", line 107, in ensure_finalized\n        self.finalize_options()\n      File \"/usr/local/lib/python3.6/site-packages/setuptools/command/build_py.py\", line 37, in finalize_options\n        orig.build_py.finalize_options(self)\n      File \"/usr/local/lib/python3.6/distutils/command/build_py.py\", line 45, in finalize_options\n        ('force', 'force'))\n      File \"/usr/local/lib/python3.6/distutils/cmd.py\", line 287, in set_undefined_options\n        src_cmd_obj.ensure_finalized()\n      File \"/usr/local/lib/python3.6/distutils/cmd.py\", line 107, in ensure_finalized\n        self.finalize_options()\n      File \"/tmp/pip-install-yph79u9_/cryptography_d172f0cfeb2e4ac488b1ff59d865bf7b/setup.py\", line 72, in finalize_options\n        from cryptography.hazmat.primitives import constant_time, padding\n      File \"/tmp/pip-install-yph79u9_/cryptography_d172f0cfeb2e4ac488b1ff59d865bf7b/cryptography/hazmat/primitives/constant_time.py\", line 55, in <module>\n        ext_package=\"cryptography\",\n      File \"/tmp/pip-install-yph79u9_/cryptography_d172f0cfeb2e4ac488b1ff59d865bf7b/.eggs/cffi-1.15.1-py3.6-linux-x86_64.egg/cffi/api.py\", line 468, in verify\n        lib = self.verifier.load_library()\n      File \"/tmp/pip-install-yph79u9_/cryptography_d172f0cfeb2e4ac488b1ff59d865bf7b/.eggs/cffi-1.15.1-py3.6-linux-x86_64.egg/cffi/verifier.py\", line 105, in load_library\n        self._compile_module()\n      File \"/tmp/pip-install-yph79u9_/cryptography_d172f0cfeb2e4ac488b1ff59d865bf7b/.eggs/cffi-1.15.1-py3.6-linux-x86_64.egg/cffi/verifier.py\", line 202, in _compile_module\n        outputfilename = ffiplatform.compile(tmpdir, self.get_extension())\n      File \"/tmp/pip-install-yph79u9_/cryptography_d172f0cfeb2e4ac488b1ff59d865bf7b/.eggs/cffi-1.15.1-py3.6-linux-x86_64.egg/cffi/ffiplatform.py\", line 22, in compile\n        outputfilename = _build(tmpdir, ext, compiler_verbose, debug)\n      File \"/tmp/pip-install-yph79u9_/cryptography_d172f0cfeb2e4ac488b1ff59d865bf7b/.eggs/cffi-1.15.1-py3.6-linux-x86_64.egg/cffi/ffiplatform.py\", line 58, in _build\n        raise VerificationError('%s: %s' % (e.__class__.__name__, e))\n    cffi.VerificationError: CompileError: command 'gcc' failed with exit status 1\n    ----------------------------------------\n\u001b[0m\u001b[91mWARNING: Discarding https://files.pythonhosted.org/packages/23/e5/b88c59881762846b5d470f1118d6428a16021e3b900aadacd29323b7307b/cryptography-0.3.tar.gz#sha256=372fe51b170cf313b06c6118044d0517a43196a44086893d2756ec6454a457f3 (from https://pypi.org/simple/cryptography/). Command errored out with exit status 1: python setup.py egg_info Check the logs for full command output.\n\u001b[0m  Downloading cryptography-0.2.2.tar.gz (13.8 MB)\n\u001b[91m    ERROR: Command errored out with exit status 1:\n     command: /usr/local/bin/python -c 'import io, os, sys, setuptools, tokenize; sys.argv[0] = '\"'\"'/tmp/pip-install-yph79u9_/cryptography_c00bb84ff25448f08b01ec8b54d02379/setup.py'\"'\"'; __file__='\"'\"'/tmp/pip-install-yph79u9_/cryptography_c00bb84ff25448f08b01ec8b54d02379/setup.py'\"'\"';f = getattr(tokenize, '\"'\"'open'\"'\"', open)(__file__) if os.path.exists(__file__) else io.StringIO('\"'\"'from setuptools import setup; setup()'\"'\"');code = f.read().replace('\"'\"'\\r\\n'\"'\"', '\"'\"'\\n'\"'\"');f.close();exec(compile(code, __file__, '\"'\"'exec'\"'\"'))' egg_info --egg-base /tmp/pip-pip-egg-info-qgkbaosw\n         cwd: /tmp/pip-install-yph79u9_/cryptography_c00bb84ff25448f08b01ec8b54d02379/\n    Complete output (96 lines):\n    running egg_info\n    creating /tmp/pip-pip-egg-info-qgkbaosw/cryptography.egg-info\n    writing /tmp/pip-pip-egg-info-qgkbaosw/cryptography.egg-info/PKG-INFO\n    writing dependency_links to /tmp/pip-pip-egg-info-qgkbaosw/cryptography.egg-info/dependency_links.txt\n    writing requirements to /tmp/pip-pip-egg-info-qgkbaosw/cryptography.egg-info/requires.txt\n    writing top-level names to /tmp/pip-pip-egg-info-qgkbaosw/cryptography.egg-info/top_level.txt\n    writing manifest file '/tmp/pip-pip-egg-info-qgkbaosw/cryptography.egg-info/SOURCES.txt'\n    Traceback (most recent call last):\n      File \"/usr/local/lib/python3.6/distutils/unixccompiler.py\", line 118, in _compile\n        extra_postargs)\n      File \"/usr/local/lib/python3.6/distutils/ccompiler.py\", line 909, in spawn\n        spawn(cmd, dry_run=self.dry_run)\n      File \"/usr/local/lib/python3.6/distutils/spawn.py\", line 36, in spawn\n        _spawn_posix(cmd, search_path, dry_run=dry_run)\n      File \"/usr/local/lib/python3.6/distutils/spawn.py\", line 159, in _spawn_posix\n        % (cmd, exit_status))\n    distutils.errors.DistutilsExecError: command 'gcc' failed with exit status 1\n    \n    During handling of the above exception, another exception occurred:\n    \n    Traceback (most recent call last):\n      File \"/tmp/pip-install-yph79u9_/cryptography_c00bb84ff25448f08b01ec8b54d02379/.eggs/cffi-1.15.1-py3.6-linux-x86_64.egg/cffi/ffiplatform.py\", line 51, in _build\n        dist.run_command('build_ext')\n      File \"/usr/local/lib/python3.6/distutils/dist.py\", line 974, in run_command\n        cmd_obj.run()\n      File \"/usr/local/lib/python3.6/site-packages/setuptools/command/build_ext.py\", line 79, in run\n        _build_ext.run(self)\n      File \"/usr/local/lib/python3.6/distutils/command/build_ext.py\", line 339, in run\n        self.build_extensions()\n      File \"/usr/local/lib/python3.6/distutils/command/build_ext.py\", line 448, in build_extensions\n        self._build_extensions_serial()\n      File \"/usr/local/lib/python3.6/distutils/command/build_ext.py\", line 473, in _build_extensions_serial\n        self.build_extension(ext)\n      File \"/usr/local/lib/python3.6/site-packages/setuptools/command/build_ext.py\", line 202, in build_extension\n        _build_ext.build_extension(self, ext)\n      File \"/usr/local/lib/python3.6/distutils/command/build_ext.py\", line 533, in build_extension\n        depends=ext.depends)\n      File \"/usr/local/lib/python3.6/distutils/ccompiler.py\", line 574, in compile\n        self._compile(obj, src, ext, cc_args, extra_postargs, pp_opts)\n      File \"/usr/local/lib/python3.6/distutils/unixccompiler.py\", line 120, in _compile\n        raise CompileError(msg)\n    distutils.errors.CompileError: command 'gcc' failed with exit status 1\n    \n    During handling of the above exception, another exception occurred:\n    \n    Traceback (most recent call last):\n      File \"<string>\", line 1, in <module>\n      File \"/tmp/pip-install-yph79u9_/cryptography_c00bb84ff25448f08b01ec8b54d02379/setup.py\", line 113, in <module>\n        \"build\": cffi_build,\n      File \"/usr/local/lib/python3.6/site-packages/setuptools/__init__.py\", line 153, in setup\n        return distutils.core.setup(**attrs)\n      File \"/usr/local/lib/python3.6/distutils/core.py\", line 148, in setup\n        dist.run_commands()\n      File \"/usr/local/lib/python3.6/distutils/dist.py\", line 955, in run_commands\n        self.run_command(cmd)\n      File \"/usr/local/lib/python3.6/distutils/dist.py\", line 974, in run_command\n        cmd_obj.run()\n      File \"/usr/local/lib/python3.6/site-packages/setuptools/command/egg_info.py\", line 299, in run\n        self.find_sources()\n      File \"/usr/local/lib/python3.6/site-packages/setuptools/command/egg_info.py\", line 306, in find_sources\n        mm.run()\n      File \"/usr/local/lib/python3.6/site-packages/setuptools/command/egg_info.py\", line 541, in run\n        self.add_defaults()\n      File \"/usr/local/lib/python3.6/site-packages/setuptools/command/egg_info.py\", line 578, in add_defaults\n        sdist.add_defaults(self)\n      File \"/usr/local/lib/python3.6/site-packages/setuptools/command/py36compat.py\", line 32, in add_defaults\n        self._add_defaults_python()\n      File \"/usr/local/lib/python3.6/site-packages/setuptools/command/sdist.py\", line 107, in _add_defaults_python\n        build_py = self.get_finalized_command('build_py')\n      File \"/usr/local/lib/python3.6/distutils/cmd.py\", line 299, in get_finalized_command\n        cmd_obj.ensure_finalized()\n      File \"/usr/local/lib/python3.6/distutils/cmd.py\", line 107, in ensure_finalized\n        self.finalize_options()\n      File \"/usr/local/lib/python3.6/site-packages/setuptools/command/build_py.py\", line 37, in finalize_options\n        orig.build_py.finalize_options(self)\n      File \"/usr/local/lib/python3.6/distutils/command/build_py.py\", line 45, in finalize_options\n        ('force', 'force'))\n      File \"/usr/local/lib/python3.6/distutils/cmd.py\", line 287, in set_undefined_options\n        src_cmd_obj.ensure_finalized()\n      File \"/usr/local/lib/python3.6/distutils/cmd.py\", line 107, in ensure_finalized\n        self.finalize_options()\n      File \"/tmp/pip-install-yph79u9_/cryptography_c00bb84ff25448f08b01ec8b54d02379/setup.py\", line 52, in finalize_options\n        from cryptography.hazmat.primitives import constant_time, padding\n      File \"/tmp/pip-install-yph79u9_/cryptography_c00bb84ff25448f08b01ec8b54d02379/cryptography/hazmat/primitives/constant_time.py\", line 47, in <module>\n        ext_package=\"cryptography\",\n      File \"/tmp/pip-install-yph79u9_/cryptography_c00bb84ff25448f08b01ec8b54d02379/.eggs/cffi-1.15.1-py3.6-linux-x86_64.egg/cffi/api.py\", line 468, in verify\n        lib = self.verifier.load_library()\n      File \"/tmp/pip-install-yph79u9_/cryptography_c00bb84ff25448f08b01ec8b54d02379/.eggs/cffi-1.15.1-py3.6-linux-x86_64.egg/cffi/verifier.py\", line 105, in load_library\n        self._compile_module()\n      File \"/tmp/pip-install-yph79u9_/cryptography_c00bb84ff25448f08b01ec8b54d02379/.eggs/cffi-1.15.1-py3.6-linux-x86_64.egg/cffi/verifier.py\", line 202, in _compile_module\n        outputfilename = ffiplatform.compile(tmpdir, self.get_extension())\n      File \"/tmp/pip-install-yph79u9_/cryptography_c00bb84ff25448f08b01ec8b54d02379/.eggs/cffi-1.15.1-py3.6-linux-x86_64.egg/cffi/ffiplatform.py\", line 22, in compile\n        outputfilename = _build(tmpdir, ext, compiler_verbose, debug)\n      File \"/tmp/pip-install-yph79u9_/cryptography_c00bb84ff25448f08b01ec8b54d02379/.eggs/cffi-1.15.1-py3.6-linux-x86_64.egg/cffi/ffiplatform.py\", line 58, in _build\n        raise VerificationError('%s: %s' % (e.__class__.__name__, e))\n    cffi.VerificationError: CompileError: command 'gcc' failed with exit status 1\n    ----------------------------------------\n\u001b[0m\u001b[91mWARNING: Discarding https://files.pythonhosted.org/packages/58/fe/43cbb888ba191e24bacf2285daa27f28d3f2a8170058d5d7b57209b8f82f/cryptography-0.2.2.tar.gz#sha256=01cbf64277f1a08c70ba6206b3b5c24ae49f346937299074ad89956652d69aeb (from https://pypi.org/simple/cryptography/). Command errored out with exit status 1: python setup.py egg_info Check the logs for full command output.\n\u001b[0m  Downloading cryptography-0.2.1.tar.gz (13.8 MB)\n\u001b[91m    ERROR: Command errored out with exit status 1:\n     command: /usr/local/bin/python -c 'import io, os, sys, setuptools, tokenize; sys.argv[0] = '\"'\"'/tmp/pip-install-yph79u9_/cryptography_96a41e11cddc404599e82e9f2e66b843/setup.py'\"'\"'; __file__='\"'\"'/tmp/pip-install-yph79u9_/cryptography_96a41e11cddc404599e82e9f2e66b843/setup.py'\"'\"';f = getattr(tokenize, '\"'\"'open'\"'\"', open)(__file__) if os.path.exists(__file__) else io.StringIO('\"'\"'from setuptools import setup; setup()'\"'\"');code = f.read().replace('\"'\"'\\r\\n'\"'\"', '\"'\"'\\n'\"'\"');f.close();exec(compile(code, __file__, '\"'\"'exec'\"'\"'))' egg_info --egg-base /tmp/pip-pip-egg-info-dvsd4mhb\n         cwd: /tmp/pip-install-yph79u9_/cryptography_96a41e11cddc404599e82e9f2e66b843/\n    Complete output (96 lines):\n    running egg_info\n    creating /tmp/pip-pip-egg-info-dvsd4mhb/cryptography.egg-info\n    writing /tmp/pip-pip-egg-info-dvsd4mhb/cryptography.egg-info/PKG-INFO\n    writing dependency_links to /tmp/pip-pip-egg-info-dvsd4mhb/cryptography.egg-info/dependency_links.txt\n    writing requirements to /tmp/pip-pip-egg-info-dvsd4mhb/cryptography.egg-info/requires.txt\n    writing top-level names to /tmp/pip-pip-egg-info-dvsd4mhb/cryptography.egg-info/top_level.txt\n    writing manifest file '/tmp/pip-pip-egg-info-dvsd4mhb/cryptography.egg-info/SOURCES.txt'\n    Traceback (most recent call last):\n      File \"/usr/local/lib/python3.6/distutils/unixccompiler.py\", line 118, in _compile\n        extra_postargs)\n      File \"/usr/local/lib/python3.6/distutils/ccompiler.py\", line 909, in spawn\n        spawn(cmd, dry_run=self.dry_run)\n      File \"/usr/local/lib/python3.6/distutils/spawn.py\", line 36, in spawn\n        _spawn_posix(cmd, search_path, dry_run=dry_run)\n      File \"/usr/local/lib/python3.6/distutils/spawn.py\", line 159, in _spawn_posix\n        % (cmd, exit_status))\n    distutils.errors.DistutilsExecError: command 'gcc' failed with exit status 1\n    \n    During handling of the above exception, another exception occurred:\n    \n    Traceback (most recent call last):\n      File \"/tmp/pip-install-yph79u9_/cryptography_96a41e11cddc404599e82e9f2e66b843/.eggs/cffi-1.15.1-py3.6-linux-x86_64.egg/cffi/ffiplatform.py\", line 51, in _build\n        dist.run_command('build_ext')\n      File \"/usr/local/lib/python3.6/distutils/dist.py\", line 974, in run_command\n        cmd_obj.run()\n      File \"/usr/local/lib/python3.6/site-packages/setuptools/command/build_ext.py\", line 79, in run\n        _build_ext.run(self)\n      File \"/usr/local/lib/python3.6/distutils/command/build_ext.py\", line 339, in run\n        self.build_extensions()\n      File \"/usr/local/lib/python3.6/distutils/command/build_ext.py\", line 448, in build_extensions\n        self._build_extensions_serial()\n      File \"/usr/local/lib/python3.6/distutils/command/build_ext.py\", line 473, in _build_extensions_serial\n        self.build_extension(ext)\n      File \"/usr/local/lib/python3.6/site-packages/setuptools/command/build_ext.py\", line 202, in build_extension\n        _build_ext.build_extension(self, ext)\n      File \"/usr/local/lib/python3.6/distutils/command/build_ext.py\", line 533, in build_extension\n        depends=ext.depends)\n      File \"/usr/local/lib/python3.6/distutils/ccompiler.py\", line 574, in compile\n        self._compile(obj, src, ext, cc_args, extra_postargs, pp_opts)\n      File \"/usr/local/lib/python3.6/distutils/unixccompiler.py\", line 120, in _compile\n        raise CompileError(msg)\n    distutils.errors.CompileError: command 'gcc' failed with exit status 1\n    \n    During handling of the above exception, another exception occurred:\n    \n    Traceback (most recent call last):\n      File \"<string>\", line 1, in <module>\n      File \"/tmp/pip-install-yph79u9_/cryptography_96a41e11cddc404599e82e9f2e66b843/setup.py\", line 113, in <module>\n        \"build\": cffi_build,\n      File \"/usr/local/lib/python3.6/site-packages/setuptools/__init__.py\", line 153, in setup\n        return distutils.core.setup(**attrs)\n      File \"/usr/local/lib/python3.6/distutils/core.py\", line 148, in setup\n        dist.run_commands()\n      File \"/usr/local/lib/python3.6/distutils/dist.py\", line 955, in run_commands\n        self.run_command(cmd)\n      File \"/usr/local/lib/python3.6/distutils/dist.py\", line 974, in run_command\n        cmd_obj.run()\n      File \"/usr/local/lib/python3.6/site-packages/setuptools/command/egg_info.py\", line 299, in run\n        self.find_sources()\n      File \"/usr/local/lib/python3.6/site-packages/setuptools/command/egg_info.py\", line 306, in find_sources\n        mm.run()\n      File \"/usr/local/lib/python3.6/site-packages/setuptools/command/egg_info.py\", line 541, in run\n        self.add_defaults()\n      File \"/usr/local/lib/python3.6/site-packages/setuptools/command/egg_info.py\", line 578, in add_defaults\n        sdist.add_defaults(self)\n      File \"/usr/local/lib/python3.6/site-packages/setuptools/command/py36compat.py\", line 32, in add_defaults\n        self._add_defaults_python()\n      File \"/usr/local/lib/python3.6/site-packages/setuptools/command/sdist.py\", line 107, in _add_defaults_python\n        build_py = self.get_finalized_command('build_py')\n      File \"/usr/local/lib/python3.6/distutils/cmd.py\", line 299, in get_finalized_command\n        cmd_obj.ensure_finalized()\n      File \"/usr/local/lib/python3.6/distutils/cmd.py\", line 107, in ensure_finalized\n        self.finalize_options()\n      File \"/usr/local/lib/python3.6/site-packages/setuptools/command/build_py.py\", line 37, in finalize_options\n        orig.build_py.finalize_options(self)\n      File \"/usr/local/lib/python3.6/distutils/command/build_py.py\", line 45, in finalize_options\n        ('force', 'force'))\n      File \"/usr/local/lib/python3.6/distutils/cmd.py\", line 287, in set_undefined_options\n        src_cmd_obj.ensure_finalized()\n      File \"/usr/local/lib/python3.6/distutils/cmd.py\", line 107, in ensure_finalized\n        self.finalize_options()\n      File \"/tmp/pip-install-yph79u9_/cryptography_96a41e11cddc404599e82e9f2e66b843/setup.py\", line 52, in finalize_options\n        from cryptography.hazmat.primitives import constant_time, padding\n      File \"/tmp/pip-install-yph79u9_/cryptography_96a41e11cddc404599e82e9f2e66b843/cryptography/hazmat/primitives/constant_time.py\", line 47, in <module>\n        ext_package=\"cryptography\",\n      File \"/tmp/pip-install-yph79u9_/cryptography_96a41e11cddc404599e82e9f2e66b843/.eggs/cffi-1.15.1-py3.6-linux-x86_64.egg/cffi/api.py\", line 468, in verify\n        lib = self.verifier.load_library()\n      File \"/tmp/pip-install-yph79u9_/cryptography_96a41e11cddc404599e82e9f2e66b843/.eggs/cffi-1.15.1-py3.6-linux-x86_64.egg/cffi/verifier.py\", line 105, in load_library\n        self._compile_module()\n      File \"/tmp/pip-install-yph79u9_/cryptography_96a41e11cddc404599e82e9f2e66b843/.eggs/cffi-1.15.1-py3.6-linux-x86_64.egg/cffi/verifier.py\", line 202, in _compile_module\n        outputfilename = ffiplatform.compile(tmpdir, self.get_extension())\n      File \"/tmp/pip-install-yph79u9_/cryptography_96a41e11cddc404599e82e9f2e66b843/.eggs/cffi-1.15.1-py3.6-linux-x86_64.egg/cffi/ffiplatform.py\", line 22, in compile\n        outputfilename = _build(tmpdir, ext, compiler_verbose, debug)\n      File \"/tmp/pip-install-yph79u9_/cryptography_96a41e11cddc404599e82e9f2e66b843/.eggs/cffi-1.15.1-py3.6-linux-x86_64.egg/cffi/ffiplatform.py\", line 58, in _build\n        raise VerificationError('%s: %s' % (e.__class__.__name__, e))\n    cffi.VerificationError: CompileError: command 'gcc' failed with exit status 1\n    ----------------------------------------\n\u001b[0m\u001b[91mWARNING: Discarding https://files.pythonhosted.org/packages/5b/ad/bb54a553dfecc78396fc1d10db71991cae57d51b095a50ac2c2bf6c9841b/cryptography-0.2.1.tar.gz#sha256=5b4b93a9841364396ac75ee3f0f4550752821df5a89078c1e16a716339ba39a3 (from https://pypi.org/simple/cryptography/). Command errored out with exit status 1: python setup.py egg_info Check the logs for full command output.\n\u001b[0m  Downloading cryptography-0.2.tar.gz (13.8 MB)\n\u001b[91m    ERROR: Command errored out with exit status 1:\n     command: /usr/local/bin/python -c 'import io, os, sys, setuptools, tokenize; sys.argv[0] = '\"'\"'/tmp/pip-install-yph79u9_/cryptography_d6dc8920cb53420e8b6b4ef95ec24526/setup.py'\"'\"'; __file__='\"'\"'/tmp/pip-install-yph79u9_/cryptography_d6dc8920cb53420e8b6b4ef95ec24526/setup.py'\"'\"';f = getattr(tokenize, '\"'\"'open'\"'\"', open)(__file__) if os.path.exists(__file__) else io.StringIO('\"'\"'from setuptools import setup; setup()'\"'\"');code = f.read().replace('\"'\"'\\r\\n'\"'\"', '\"'\"'\\n'\"'\"');f.close();exec(compile(code, __file__, '\"'\"'exec'\"'\"'))' egg_info --egg-base /tmp/pip-pip-egg-info-gd_z61hb\n         cwd: /tmp/pip-install-yph79u9_/cryptography_d6dc8920cb53420e8b6b4ef95ec24526/\n    Complete output (96 lines):\n    running egg_info\n    creating /tmp/pip-pip-egg-info-gd_z61hb/cryptography.egg-info\n    writing /tmp/pip-pip-egg-info-gd_z61hb/cryptography.egg-info/PKG-INFO\n    writing dependency_links to /tmp/pip-pip-egg-info-gd_z61hb/cryptography.egg-info/dependency_links.txt\n    writing requirements to /tmp/pip-pip-egg-info-gd_z61hb/cryptography.egg-info/requires.txt\n    writing top-level names to /tmp/pip-pip-egg-info-gd_z61hb/cryptography.egg-info/top_level.txt\n    writing manifest file '/tmp/pip-pip-egg-info-gd_z61hb/cryptography.egg-info/SOURCES.txt'\n    Traceback (most recent call last):\n      File \"/usr/local/lib/python3.6/distutils/unixccompiler.py\", line 118, in _compile\n        extra_postargs)\n      File \"/usr/local/lib/python3.6/distutils/ccompiler.py\", line 909, in spawn\n        spawn(cmd, dry_run=self.dry_run)\n      File \"/usr/local/lib/python3.6/distutils/spawn.py\", line 36, in spawn\n        _spawn_posix(cmd, search_path, dry_run=dry_run)\n      File \"/usr/local/lib/python3.6/distutils/spawn.py\", line 159, in _spawn_posix\n        % (cmd, exit_status))\n    distutils.errors.DistutilsExecError: command 'gcc' failed with exit status 1\n    \n    During handling of the above exception, another exception occurred:\n    \n    Traceback (most recent call last):\n      File \"/tmp/pip-install-yph79u9_/cryptography_d6dc8920cb53420e8b6b4ef95ec24526/.eggs/cffi-1.15.1-py3.6-linux-x86_64.egg/cffi/ffiplatform.py\", line 51, in _build\n        dist.run_command('build_ext')\n      File \"/usr/local/lib/python3.6/distutils/dist.py\", line 974, in run_command\n        cmd_obj.run()\n      File \"/usr/local/lib/python3.6/site-packages/setuptools/command/build_ext.py\", line 79, in run\n        _build_ext.run(self)\n      File \"/usr/local/lib/python3.6/distutils/command/build_ext.py\", line 339, in run\n        self.build_extensions()\n      File \"/usr/local/lib/python3.6/distutils/command/build_ext.py\", line 448, in build_extensions\n        self._build_extensions_serial()\n      File \"/usr/local/lib/python3.6/distutils/command/build_ext.py\", line 473, in _build_extensions_serial\n        self.build_extension(ext)\n      File \"/usr/local/lib/python3.6/site-packages/setuptools/command/build_ext.py\", line 202, in build_extension\n        _build_ext.build_extension(self, ext)\n      File \"/usr/local/lib/python3.6/distutils/command/build_ext.py\", line 533, in build_extension\n        depends=ext.depends)\n      File \"/usr/local/lib/python3.6/distutils/ccompiler.py\", line 574, in compile\n        self._compile(obj, src, ext, cc_args, extra_postargs, pp_opts)\n      File \"/usr/local/lib/python3.6/distutils/unixccompiler.py\", line 120, in _compile\n        raise CompileError(msg)\n    distutils.errors.CompileError: command 'gcc' failed with exit status 1\n    \n    During handling of the above exception, another exception occurred:\n    \n    Traceback (most recent call last):\n      File \"<string>\", line 1, in <module>\n      File \"/tmp/pip-install-yph79u9_/cryptography_d6dc8920cb53420e8b6b4ef95ec24526/setup.py\", line 113, in <module>\n        \"build\": cffi_build,\n      File \"/usr/local/lib/python3.6/site-packages/setuptools/__init__.py\", line 153, in setup\n        return distutils.core.setup(**attrs)\n      File \"/usr/local/lib/python3.6/distutils/core.py\", line 148, in setup\n        dist.run_commands()\n      File \"/usr/local/lib/python3.6/distutils/dist.py\", line 955, in run_commands\n        self.run_command(cmd)\n      File \"/usr/local/lib/python3.6/distutils/dist.py\", line 974, in run_command\n        cmd_obj.run()\n      File \"/usr/local/lib/python3.6/site-packages/setuptools/command/egg_info.py\", line 299, in run\n        self.find_sources()\n      File \"/usr/local/lib/python3.6/site-packages/setuptools/command/egg_info.py\", line 306, in find_sources\n        mm.run()\n      File \"/usr/local/lib/python3.6/site-packages/setuptools/command/egg_info.py\", line 541, in run\n        self.add_defaults()\n      File \"/usr/local/lib/python3.6/site-packages/setuptools/command/egg_info.py\", line 578, in add_defaults\n        sdist.add_defaults(self)\n      File \"/usr/local/lib/python3.6/site-packages/setuptools/command/py36compat.py\", line 32, in add_defaults\n        self._add_defaults_python()\n      File \"/usr/local/lib/python3.6/site-packages/setuptools/command/sdist.py\", line 107, in _add_defaults_python\n        build_py = self.get_finalized_command('build_py')\n      File \"/usr/local/lib/python3.6/distutils/cmd.py\", line 299, in get_finalized_command\n        cmd_obj.ensure_finalized()\n      File \"/usr/local/lib/python3.6/distutils/cmd.py\", line 107, in ensure_finalized\n        self.finalize_options()\n      File \"/usr/local/lib/python3.6/site-packages/setuptools/command/build_py.py\", line 37, in finalize_options\n        orig.build_py.finalize_options(self)\n      File \"/usr/local/lib/python3.6/distutils/command/build_py.py\", line 45, in finalize_options\n        ('force', 'force'))\n      File \"/usr/local/lib/python3.6/distutils/cmd.py\", line 287, in set_undefined_options\n        src_cmd_obj.ensure_finalized()\n      File \"/usr/local/lib/python3.6/distutils/cmd.py\", line 107, in ensure_finalized\n        self.finalize_options()\n      File \"/tmp/pip-install-yph79u9_/cryptography_d6dc8920cb53420e8b6b4ef95ec24526/setup.py\", line 52, in finalize_options\n        from cryptography.hazmat.primitives import constant_time, padding\n      File \"/tmp/pip-install-yph79u9_/cryptography_d6dc8920cb53420e8b6b4ef95ec24526/cryptography/hazmat/primitives/constant_time.py\", line 47, in <module>\n        ext_package=\"cryptography\",\n      File \"/tmp/pip-install-yph79u9_/cryptography_d6dc8920cb53420e8b6b4ef95ec24526/.eggs/cffi-1.15.1-py3.6-linux-x86_64.egg/cffi/api.py\", line 468, in verify\n        lib = self.verifier.load_library()\n      File \"/tmp/pip-install-yph79u9_/cryptography_d6dc8920cb53420e8b6b4ef95ec24526/.eggs/cffi-1.15.1-py3.6-linux-x86_64.egg/cffi/verifier.py\", line 105, in load_library\n        self._compile_module()\n      File \"/tmp/pip-install-yph79u9_/cryptography_d6dc8920cb53420e8b6b4ef95ec24526/.eggs/cffi-1.15.1-py3.6-linux-x86_64.egg/cffi/verifier.py\", line 202, in _compile_module\n        outputfilename = ffiplatform.compile(tmpdir, self.get_extension())\n      File \"/tmp/pip-install-yph79u9_/cryptography_d6dc8920cb53420e8b6b4ef95ec24526/.eggs/cffi-1.15.1-py3.6-linux-x86_64.egg/cffi/ffiplatform.py\", line 22, in compile\n        outputfilename = _build(tmpdir, ext, compiler_verbose, debug)\n      File \"/tmp/pip-install-yph79u9_/cryptography_d6dc8920cb53420e8b6b4ef95ec24526/.eggs/cffi-1.15.1-py3.6-linux-x86_64.egg/cffi/ffiplatform.py\", line 58, in _build\n        raise VerificationError('%s: %s' % (e.__class__.__name__, e))\n    cffi.VerificationError: CompileError: command 'gcc' failed with exit status 1\n    ----------------------------------------\n\u001b[0m\u001b[91mWARNING: Discarding https://files.pythonhosted.org/packages/03/f8/697762ae5c6b1cc4ea6a672c4960ca5f15d1eb518c53dc179d93b682bf48/cryptography-0.2.tar.gz#sha256=603bbaca2aec11157917470c750cc051e432a7278f94ac936c2cf9d5f4add791 (from https://pypi.org/simple/cryptography/). Command errored out with exit status 1: python setup.py egg_info Check the logs for full command output.\n\u001b[0m  Downloading cryptography-0.1.tar.gz (13.4 MB)\n\u001b[91m    ERROR: Command errored out with exit status 1:\n     command: /usr/local/bin/python -c 'import io, os, sys, setuptools, tokenize; sys.argv[0] = '\"'\"'/tmp/pip-install-yph79u9_/cryptography_40934c955b7f4907ba1ec5b9174786ae/setup.py'\"'\"'; __file__='\"'\"'/tmp/pip-install-yph79u9_/cryptography_40934c955b7f4907ba1ec5b9174786ae/setup.py'\"'\"';f = getattr(tokenize, '\"'\"'open'\"'\"', open)(__file__) if os.path.exists(__file__) else io.StringIO('\"'\"'from setuptools import setup; setup()'\"'\"');code = f.read().replace('\"'\"'\\r\\n'\"'\"', '\"'\"'\\n'\"'\"');f.close();exec(compile(code, __file__, '\"'\"'exec'\"'\"'))' egg_info --egg-base /tmp/pip-pip-egg-info-hp12pjua\n         cwd: /tmp/pip-install-yph79u9_/cryptography_40934c955b7f4907ba1ec5b9174786ae/\n    Complete output (96 lines):\n    running egg_info\n    creating /tmp/pip-pip-egg-info-hp12pjua/cryptography.egg-info\n    writing /tmp/pip-pip-egg-info-hp12pjua/cryptography.egg-info/PKG-INFO\n    writing dependency_links to /tmp/pip-pip-egg-info-hp12pjua/cryptography.egg-info/dependency_links.txt\n    writing requirements to /tmp/pip-pip-egg-info-hp12pjua/cryptography.egg-info/requires.txt\n    writing top-level names to /tmp/pip-pip-egg-info-hp12pjua/cryptography.egg-info/top_level.txt\n    writing manifest file '/tmp/pip-pip-egg-info-hp12pjua/cryptography.egg-info/SOURCES.txt'\n    Traceback (most recent call last):\n      File \"/usr/local/lib/python3.6/distutils/unixccompiler.py\", line 118, in _compile\n        extra_postargs)\n      File \"/usr/local/lib/python3.6/distutils/ccompiler.py\", line 909, in spawn\n        spawn(cmd, dry_run=self.dry_run)\n      File \"/usr/local/lib/python3.6/distutils/spawn.py\", line 36, in spawn\n        _spawn_posix(cmd, search_path, dry_run=dry_run)\n      File \"/usr/local/lib/python3.6/distutils/spawn.py\", line 159, in _spawn_posix\n        % (cmd, exit_status))\n    distutils.errors.DistutilsExecError: command 'gcc' failed with exit status 1\n    \n    During handling of the above exception, another exception occurred:\n    \n    Traceback (most recent call last):\n      File \"/tmp/pip-install-yph79u9_/cryptography_40934c955b7f4907ba1ec5b9174786ae/.eggs/cffi-1.15.1-py3.6-linux-x86_64.egg/cffi/ffiplatform.py\", line 51, in _build\n        dist.run_command('build_ext')\n      File \"/usr/local/lib/python3.6/distutils/dist.py\", line 974, in run_command\n        cmd_obj.run()\n      File \"/usr/local/lib/python3.6/site-packages/setuptools/command/build_ext.py\", line 79, in run\n        _build_ext.run(self)\n      File \"/usr/local/lib/python3.6/distutils/command/build_ext.py\", line 339, in run\n        self.build_extensions()\n      File \"/usr/local/lib/python3.6/distutils/command/build_ext.py\", line 448, in build_extensions\n        self._build_extensions_serial()\n      File \"/usr/local/lib/python3.6/distutils/command/build_ext.py\", line 473, in _build_extensions_serial\n        self.build_extension(ext)\n      File \"/usr/local/lib/python3.6/site-packages/setuptools/command/build_ext.py\", line 202, in build_extension\n        _build_ext.build_extension(self, ext)\n      File \"/usr/local/lib/python3.6/distutils/command/build_ext.py\", line 533, in build_extension\n        depends=ext.depends)\n      File \"/usr/local/lib/python3.6/distutils/ccompiler.py\", line 574, in compile\n        self._compile(obj, src, ext, cc_args, extra_postargs, pp_opts)\n      File \"/usr/local/lib/python3.6/distutils/unixccompiler.py\", line 120, in _compile\n        raise CompileError(msg)\n    distutils.errors.CompileError: command 'gcc' failed with exit status 1\n    \n    During handling of the above exception, another exception occurred:\n    \n    Traceback (most recent call last):\n      File \"<string>\", line 1, in <module>\n      File \"/tmp/pip-install-yph79u9_/cryptography_40934c955b7f4907ba1ec5b9174786ae/setup.py\", line 105, in <module>\n        \"build\": cffi_build,\n      File \"/usr/local/lib/python3.6/site-packages/setuptools/__init__.py\", line 153, in setup\n        return distutils.core.setup(**attrs)\n      File \"/usr/local/lib/python3.6/distutils/core.py\", line 148, in setup\n        dist.run_commands()\n      File \"/usr/local/lib/python3.6/distutils/dist.py\", line 955, in run_commands\n        self.run_command(cmd)\n      File \"/usr/local/lib/python3.6/distutils/dist.py\", line 974, in run_command\n        cmd_obj.run()\n      File \"/usr/local/lib/python3.6/site-packages/setuptools/command/egg_info.py\", line 299, in run\n        self.find_sources()\n      File \"/usr/local/lib/python3.6/site-packages/setuptools/command/egg_info.py\", line 306, in find_sources\n        mm.run()\n      File \"/usr/local/lib/python3.6/site-packages/setuptools/command/egg_info.py\", line 541, in run\n        self.add_defaults()\n      File \"/usr/local/lib/python3.6/site-packages/setuptools/command/egg_info.py\", line 578, in add_defaults\n        sdist.add_defaults(self)\n      File \"/usr/local/lib/python3.6/site-packages/setuptools/command/py36compat.py\", line 32, in add_defaults\n        self._add_defaults_python()\n      File \"/usr/local/lib/python3.6/site-packages/setuptools/command/sdist.py\", line 107, in _add_defaults_python\n        build_py = self.get_finalized_command('build_py')\n      File \"/usr/local/lib/python3.6/distutils/cmd.py\", line 299, in get_finalized_command\n        cmd_obj.ensure_finalized()\n      File \"/usr/local/lib/python3.6/distutils/cmd.py\", line 107, in ensure_finalized\n        self.finalize_options()\n      File \"/usr/local/lib/python3.6/site-packages/setuptools/command/build_py.py\", line 37, in finalize_options\n        orig.build_py.finalize_options(self)\n      File \"/usr/local/lib/python3.6/distutils/command/build_py.py\", line 45, in finalize_options\n        ('force', 'force'))\n      File \"/usr/local/lib/python3.6/distutils/cmd.py\", line 287, in set_undefined_options\n        src_cmd_obj.ensure_finalized()\n      File \"/usr/local/lib/python3.6/distutils/cmd.py\", line 107, in ensure_finalized\n        self.finalize_options()\n      File \"/tmp/pip-install-yph79u9_/cryptography_40934c955b7f4907ba1ec5b9174786ae/setup.py\", line 47, in finalize_options\n        from cryptography.hazmat.primitives import constant_time, padding\n      File \"/tmp/pip-install-yph79u9_/cryptography_40934c955b7f4907ba1ec5b9174786ae/cryptography/hazmat/primitives/constant_time.py\", line 47, in <module>\n        ext_package=\"cryptography\",\n      File \"/tmp/pip-install-yph79u9_/cryptography_40934c955b7f4907ba1ec5b9174786ae/.eggs/cffi-1.15.1-py3.6-linux-x86_64.egg/cffi/api.py\", line 468, in verify\n        lib = self.verifier.load_library()\n      File \"/tmp/pip-install-yph79u9_/cryptography_40934c955b7f4907ba1ec5b9174786ae/.eggs/cffi-1.15.1-py3.6-linux-x86_64.egg/cffi/verifier.py\", line 105, in load_library\n        self._compile_module()\n      File \"/tmp/pip-install-yph79u9_/cryptography_40934c955b7f4907ba1ec5b9174786ae/.eggs/cffi-1.15.1-py3.6-linux-x86_64.egg/cffi/verifier.py\", line 202, in _compile_module\n        outputfilename = ffiplatform.compile(tmpdir, self.get_extension())\n      File \"/tmp/pip-install-yph79u9_/cryptography_40934c955b7f4907ba1ec5b9174786ae/.eggs/cffi-1.15.1-py3.6-linux-x86_64.egg/cffi/ffiplatform.py\", line 22, in compile\n        outputfilename = _build(tmpdir, ext, compiler_verbose, debug)\n      File \"/tmp/pip-install-yph79u9_/cryptography_40934c955b7f4907ba1ec5b9174786ae/.eggs/cffi-1.15.1-py3.6-linux-x86_64.egg/cffi/ffiplatform.py\", line 58, in _build\n        raise VerificationError('%s: %s' % (e.__class__.__name__, e))\n    cffi.VerificationError: CompileError: command 'gcc' failed with exit status 1\n    ----------------------------------------\n\u001b[0m\u001b[91mWARNING: Discarding https://files.pythonhosted.org/packages/42/ba/ce099c780821ddf9036479e25e7a886adccce07b28936bf56944c1b687a9/cryptography-0.1.tar.gz#sha256=daabc24469daea5697f623dce531ab81c54476b8213af32431cb03330937bcfb (from https://pypi.org/simple/cryptography/). Command errored out with exit status 1: python setup.py egg_info Check the logs for full command output.\n\u001b[0mINFO: pip is looking at multiple versions of cffi to determine which version is compatible with other requirements. This could take a while.\nCollecting cffi\n  Downloading cffi-1.15.0-cp36-cp36m-manylinux_2_5_x86_64.manylinux1_x86_64.whl (405 kB)\n  Downloading cffi-1.14.6-cp36-cp36m-manylinux1_x86_64.whl (401 kB)\n  Downloading cffi-1.14.5-cp36-cp36m-manylinux1_x86_64.whl (401 kB)\n  Downloading cffi-1.14.4-cp36-cp36m-manylinux1_x86_64.whl (401 kB)\n  Downloading cffi-1.14.3-cp36-cp36m-manylinux1_x86_64.whl (400 kB)\n  Downloading cffi-1.14.2-cp36-cp36m-manylinux1_x86_64.whl (400 kB)\n  Downloading cffi-1.14.1-cp36-cp36m-manylinux1_x86_64.whl (400 kB)\nINFO: pip is looking at multiple versions of cffi to determine which version is compatible with other requirements. This could take a while.\n  Downloading cffi-1.14.0-cp36-cp36m-manylinux1_x86_64.whl (399 kB)\n  Downloading cffi-1.13.2-cp36-cp36m-manylinux1_x86_64.whl (397 kB)\n  Downloading cffi-1.13.1-cp36-cp36m-manylinux1_x86_64.whl (392 kB)\n  Downloading cffi-1.13.0-cp36-cp36m-manylinux1_x86_64.whl (430 kB)\n  Downloading cffi-1.12.3-cp36-cp36m-manylinux1_x86_64.whl (430 kB)\nINFO: This is taking longer than usual. You might need to provide the dependency resolver with stricter constraints to reduce runtime. If you want to abort this run, you can press Ctrl + C to do so. To improve how pip performs, tell us what happened here: https://pip.pypa.io/surveys/backtracking\n  Downloading cffi-1.12.2-cp36-cp36m-manylinux1_x86_64.whl (428 kB)\n  Downloading cffi-1.12.1-cp36-cp36m-manylinux1_x86_64.whl (428 kB)\n  Downloading cffi-1.12.0-cp36-cp36m-manylinux1_x86_64.whl (428 kB)\n  Downloading cffi-1.11.5-cp36-cp36m-manylinux1_x86_64.whl (421 kB)\n  Downloading cffi-1.11.4-cp36-cp36m-manylinux1_x86_64.whl (420 kB)\n  Downloading cffi-1.11.3-cp36-cp36m-manylinux1_x86_64.whl (420 kB)\n  Downloading cffi-1.11.2-cp36-cp36m-manylinux1_x86_64.whl (419 kB)\n  Downloading cffi-1.11.1-cp36-cp36m-manylinux1_x86_64.whl (419 kB)\n  Downloading cffi-1.11.0-cp36-cp36m-manylinux1_x86_64.whl (418 kB)\n  Downloading cffi-1.10.0-cp36-cp36m-manylinux1_x86_64.whl (406 kB)\n  Downloading cffi-1.9.1-cp36-cp36m-manylinux1_x86_64.whl (398 kB)\n  Downloading cffi-1.9.0.tar.gz (407 kB)\n\u001b[91m    ERROR: Command errored out with exit status 1:\n     command: /usr/local/bin/python -c 'import io, os, sys, setuptools, tokenize; sys.argv[0] = '\"'\"'/tmp/pip-install-yph79u9_/cffi_1f90640fce5941d3bb4fa8ef4947739b/setup.py'\"'\"'; __file__='\"'\"'/tmp/pip-install-yph79u9_/cffi_1f90640fce5941d3bb4fa8ef4947739b/setup.py'\"'\"';f = getattr(tokenize, '\"'\"'open'\"'\"', open)(__file__) if os.path.exists(__file__) else io.StringIO('\"'\"'from setuptools import setup; setup()'\"'\"');code = f.read().replace('\"'\"'\\r\\n'\"'\"', '\"'\"'\\n'\"'\"');f.close();exec(compile(code, __file__, '\"'\"'exec'\"'\"'))' egg_info --egg-base /tmp/pip-pip-egg-info-r4mq4myi\n         cwd: /tmp/pip-install-yph79u9_/cffi_1f90640fce5941d3bb4fa8ef4947739b/\n    Complete output (6 lines):\n    \n        No working compiler found, or bogus compiler options\n        passed to the compiler from Python's distutils module.\n        See the error messages above.\n        (If they are about -mno-fused-madd and you are on OS/X 10.8,\n        see http://stackoverflow.com/questions/22313407/ .)\n    ----------------------------------------\n\u001b[0m\u001b[91mWARNING: Discarding https://files.pythonhosted.org/packages/be/ff/f8508db9c857c45ce0c909809db7e6c952f37776173d88bcb8404f44c574/cffi-1.9.0.tar.gz#sha256=ef98626610d1c9b409da6529970a584cf88f0d1e9f3e902a569eddc1332d7864 (from https://pypi.org/simple/cffi/). Command errored out with exit status 1: python setup.py egg_info Check the logs for full command output.\n\u001b[0m  Downloading cffi-1.8.3.tar.gz (403 kB)\n\u001b[91m    ERROR: Command errored out with exit status 1:\n     command: /usr/local/bin/python -c 'import io, os, sys, setuptools, tokenize; sys.argv[0] = '\"'\"'/tmp/pip-install-yph79u9_/cffi_689bb8cfc8754a6abd2b2049cfea2697/setup.py'\"'\"'; __file__='\"'\"'/tmp/pip-install-yph79u9_/cffi_689bb8cfc8754a6abd2b2049cfea2697/setup.py'\"'\"';f = getattr(tokenize, '\"'\"'open'\"'\"', open)(__file__) if os.path.exists(__file__) else io.StringIO('\"'\"'from setuptools import setup; setup()'\"'\"');code = f.read().replace('\"'\"'\\r\\n'\"'\"', '\"'\"'\\n'\"'\"');f.close();exec(compile(code, __file__, '\"'\"'exec'\"'\"'))' egg_info --egg-base /tmp/pip-pip-egg-info-xk7e9iex\n         cwd: /tmp/pip-install-yph79u9_/cffi_689bb8cfc8754a6abd2b2049cfea2697/\n    Complete output (6 lines):\n    \n        No working compiler found, or bogus compiler options\n        passed to the compiler from Python's distutils module.\n        See the error messages above.\n        (If they are about -mno-fused-madd and you are on OS/X 10.8,\n        see http://stackoverflow.com/questions/22313407/ .)\n    ----------------------------------------\n\u001b[0m\u001b[91mWARNING: Discarding https://files.pythonhosted.org/packages/0a/f3/686af8873b70028fccf67b15c78fd4e4667a3da995007afc71e786d61b0a/cffi-1.8.3.tar.gz#sha256=c321bd46faa7847261b89c0469569530cad5a41976bb6dba8202c0159f476568 (from https://pypi.org/simple/cffi/). Command errored out with exit status 1: python setup.py egg_info Check the logs for full command output.\n\u001b[0m  Downloading cffi-1.8.2.tar.gz (403 kB)\n\u001b[91m    ERROR: Command errored out with exit status 1:\n     command: /usr/local/bin/python -c 'import io, os, sys, setuptools, tokenize; sys.argv[0] = '\"'\"'/tmp/pip-install-yph79u9_/cffi_ddcba748eba74081af11e4ccd0401fde/setup.py'\"'\"'; __file__='\"'\"'/tmp/pip-install-yph79u9_/cffi_ddcba748eba74081af11e4ccd0401fde/setup.py'\"'\"';f = getattr(tokenize, '\"'\"'open'\"'\"', open)(__file__) if os.path.exists(__file__) else io.StringIO('\"'\"'from setuptools import setup; setup()'\"'\"');code = f.read().replace('\"'\"'\\r\\n'\"'\"', '\"'\"'\\n'\"'\"');f.close();exec(compile(code, __file__, '\"'\"'exec'\"'\"'))' egg_info --egg-base /tmp/pip-pip-egg-info-wzpcbz30\n         cwd: /tmp/pip-install-yph79u9_/cffi_ddcba748eba74081af11e4ccd0401fde/\n    Complete output (6 lines):\n    \n        No working compiler found, or bogus compiler options\n        passed to the compiler from Python's distutils module.\n        See the error messages above.\n        (If they are about -mno-fused-madd and you are on OS/X 10.8,\n        see http://stackoverflow.com/questions/22313407/ .)\n    ----------------------------------------\n\u001b[0m\u001b[91mWARNING: Discarding https://files.pythonhosted.org/packages/b8/21/9d6f08d2d36a0a8c84623646b4ed5a07023d868823361a086b021fb21172/cffi-1.8.2.tar.gz#sha256=2b636db1a179439d73ae0a090479e179a43df5d4eddc7e4c4067f960d4038530 (from https://pypi.org/simple/cffi/). Command errored out with exit status 1: python setup.py egg_info Check the logs for full command output.\n\u001b[0m  Downloading cffi-1.7.0.tar.gz (400 kB)\n\u001b[91m    ERROR: Command errored out with exit status 1:\n     command: /usr/local/bin/python -c 'import io, os, sys, setuptools, tokenize; sys.argv[0] = '\"'\"'/tmp/pip-install-yph79u9_/cffi_0183fdad38874d25b818564960c414be/setup.py'\"'\"'; __file__='\"'\"'/tmp/pip-install-yph79u9_/cffi_0183fdad38874d25b818564960c414be/setup.py'\"'\"';f = getattr(tokenize, '\"'\"'open'\"'\"', open)(__file__) if os.path.exists(__file__) else io.StringIO('\"'\"'from setuptools import setup; setup()'\"'\"');code = f.read().replace('\"'\"'\\r\\n'\"'\"', '\"'\"'\\n'\"'\"');f.close();exec(compile(code, __file__, '\"'\"'exec'\"'\"'))' egg_info --egg-base /tmp/pip-pip-egg-info-8ff83t6z\n         cwd: /tmp/pip-install-yph79u9_/cffi_0183fdad38874d25b818564960c414be/\n    Complete output (6 lines):\n    \n        No working compiler found, or bogus compiler options\n        passed to the compiler from Python's distutils module.\n        See the error messages above.\n        (If they are about -mno-fused-madd and you are on OS/X 10.8,\n        see http://stackoverflow.com/questions/22313407/ .)\n    ----------------------------------------\n\u001b[0m\u001b[91mWARNING: Discarding https://files.pythonhosted.org/packages/83/3c/00b553fd05ae32f27b3637f705c413c4ce71290aa9b4c4764df694e906d9/cffi-1.7.0.tar.gz#sha256=6ed5dd6afd8361f34819c68aaebf9e8fc12b5a5893f91f50c9e50c8886bb60df (from https://pypi.org/simple/cffi/). Command errored out with exit status 1: python setup.py egg_info Check the logs for full command output.\n\u001b[0m  Downloading cffi-1.6.0.tar.gz (397 kB)\n\u001b[91m    ERROR: Command errored out with exit status 1:\n     command: /usr/local/bin/python -c 'import io, os, sys, setuptools, tokenize; sys.argv[0] = '\"'\"'/tmp/pip-install-yph79u9_/cffi_e07cbeaae554429db7def39738571cf2/setup.py'\"'\"'; __file__='\"'\"'/tmp/pip-install-yph79u9_/cffi_e07cbeaae554429db7def39738571cf2/setup.py'\"'\"';f = getattr(tokenize, '\"'\"'open'\"'\"', open)(__file__) if os.path.exists(__file__) else io.StringIO('\"'\"'from setuptools import setup; setup()'\"'\"');code = f.read().replace('\"'\"'\\r\\n'\"'\"', '\"'\"'\\n'\"'\"');f.close();exec(compile(code, __file__, '\"'\"'exec'\"'\"'))' egg_info --egg-base /tmp/pip-pip-egg-info-agqozupf\n         cwd: /tmp/pip-install-yph79u9_/cffi_e07cbeaae554429db7def39738571cf2/\n    Complete output (6 lines):\n    \n        No working compiler found, or bogus compiler options\n        passed to the compiler from Python's distutils module.\n        See the error messages above.\n        (If they are about -mno-fused-madd and you are on OS/X 10.8,\n        see http://stackoverflow.com/questions/22313407/ .)\n    ----------------------------------------\n\u001b[0m\u001b[91mWARNING: Discarding https://files.pythonhosted.org/packages/b6/98/11feff87072e2e640fb8320712b781eccdef05d588618915236b32289d5a/cffi-1.6.0.tar.gz#sha256=a7f75c4ef2362c0a0e54657add0a6c509fecbfa3b3807bc0925f5cb1c9f927db (from https://pypi.org/simple/cffi/). Command errored out with exit status 1: python setup.py egg_info Check the logs for full command output.\n\u001b[0m  Downloading cffi-1.5.2.tar.gz (388 kB)\n\u001b[91m    ERROR: Command errored out with exit status 1:\n     command: /usr/local/bin/python -c 'import io, os, sys, setuptools, tokenize; sys.argv[0] = '\"'\"'/tmp/pip-install-yph79u9_/cffi_6a14cf293c7e4356a7da56cc18b44f92/setup.py'\"'\"'; __file__='\"'\"'/tmp/pip-install-yph79u9_/cffi_6a14cf293c7e4356a7da56cc18b44f92/setup.py'\"'\"';f = getattr(tokenize, '\"'\"'open'\"'\"', open)(__file__) if os.path.exists(__file__) else io.StringIO('\"'\"'from setuptools import setup; setup()'\"'\"');code = f.read().replace('\"'\"'\\r\\n'\"'\"', '\"'\"'\\n'\"'\"');f.close();exec(compile(code, __file__, '\"'\"'exec'\"'\"'))' egg_info --egg-base /tmp/pip-pip-egg-info-vcoaqgfw\n         cwd: /tmp/pip-install-yph79u9_/cffi_6a14cf293c7e4356a7da56cc18b44f92/\n    Complete output (6 lines):\n    \n        No working compiler found, or bogus compiler options\n        passed to the compiler from Python's distutils module.\n        See the error messages above.\n        (If they are about -mno-fused-madd and you are on OS/X 10.8,\n        see http://stackoverflow.com/questions/22313407/ .)\n    ----------------------------------------\n\u001b[0m\u001b[91mWARNING: Discarding https://files.pythonhosted.org/packages/c7/bb/2e1ba0ef25477929b44040800a880f02b42efb757e06a9d8899591582ba4/cffi-1.5.2.tar.gz#sha256=da9bde99872e46f7bb5cff40a9b1cc08406765efafb583c704de108b6cb821dd (from https://pypi.org/simple/cffi/). Command errored out with exit status 1: python setup.py egg_info Check the logs for full command output.\n\u001b[0m  Downloading cffi-1.5.1.tar.gz (388 kB)\n\u001b[91m    ERROR: Command errored out with exit status 1:\n     command: /usr/local/bin/python -c 'import io, os, sys, setuptools, tokenize; sys.argv[0] = '\"'\"'/tmp/pip-install-yph79u9_/cffi_83d1bb83b347408ea0b23ac0045a696b/setup.py'\"'\"'; __file__='\"'\"'/tmp/pip-install-yph79u9_/cffi_83d1bb83b347408ea0b23ac0045a696b/setup.py'\"'\"';f = getattr(tokenize, '\"'\"'open'\"'\"', open)(__file__) if os.path.exists(__file__) else io.StringIO('\"'\"'from setuptools import setup; setup()'\"'\"');code = f.read().replace('\"'\"'\\r\\n'\"'\"', '\"'\"'\\n'\"'\"');f.close();exec(compile(code, __file__, '\"'\"'exec'\"'\"'))' egg_info --egg-base /tmp/pip-pip-egg-info-ok88jfp6\n         cwd: /tmp/pip-install-yph79u9_/cffi_83d1bb83b347408ea0b23ac0045a696b/\n    Complete output (6 lines):\n    \n        No working compiler found, or bogus compiler options\n        passed to the compiler from Python's distutils module.\n        See the error messages above.\n        (If they are about -mno-fused-madd and you are on OS/X 10.8,\n        see http://stackoverflow.com/questions/22313407/ .)\n    ----------------------------------------\n\u001b[0m\u001b[91mWARNING: Discarding https://files.pythonhosted.org/packages/83/2f/aea41b8d298defbc116290305daf7188791f94d1e5f264100c95771bf94f/cffi-1.5.1.tar.gz#sha256=72f18cdd4102a85326d2a8ce6adf1d2d54c2dbed443f6b693dc8ba50b9239ca0 (from https://pypi.org/simple/cffi/). Command errored out with exit status 1: python setup.py egg_info Check the logs for full command output.\n\u001b[0m  Downloading cffi-1.5.0.tar.gz (385 kB)\n\u001b[91m    ERROR: Command errored out with exit status 1:\n     command: /usr/local/bin/python -c 'import io, os, sys, setuptools, tokenize; sys.argv[0] = '\"'\"'/tmp/pip-install-yph79u9_/cffi_7c6eea47def943c18440c14becc6e13d/setup.py'\"'\"'; __file__='\"'\"'/tmp/pip-install-yph79u9_/cffi_7c6eea47def943c18440c14becc6e13d/setup.py'\"'\"';f = getattr(tokenize, '\"'\"'open'\"'\"', open)(__file__) if os.path.exists(__file__) else io.StringIO('\"'\"'from setuptools import setup; setup()'\"'\"');code = f.read().replace('\"'\"'\\r\\n'\"'\"', '\"'\"'\\n'\"'\"');f.close();exec(compile(code, __file__, '\"'\"'exec'\"'\"'))' egg_info --egg-base /tmp/pip-pip-egg-info-r2nhrnsl\n         cwd: /tmp/pip-install-yph79u9_/cffi_7c6eea47def943c18440c14becc6e13d/\n    Complete output (6 lines):\n    \n        No working compiler found, or bogus compiler options\n        passed to the compiler from Python's distutils module.\n        See the error messages above.\n        (If they are about -mno-fused-madd and you are on OS/X 10.8,\n        see http://stackoverflow.com/questions/22313407/ .)\n    ----------------------------------------\n\u001b[0m\u001b[91mWARNING: Discarding https://files.pythonhosted.org/packages/5a/e5/0656020ab4467f479b1d56d8b82fd1e407a752d8a0850925860458cb1ff6/cffi-1.5.0.tar.gz#sha256=44f76f6c3fc654860821785192eca29bd66531af57d09b681e6d52584604a7e7 (from https://pypi.org/simple/cffi/). Command errored out with exit status 1: python setup.py egg_info Check the logs for full command output.\n\u001b[0m  Downloading cffi-1.4.2.tar.gz (365 kB)\n\u001b[91m    ERROR: Command errored out with exit status 1:\n     command: /usr/local/bin/python -c 'import io, os, sys, setuptools, tokenize; sys.argv[0] = '\"'\"'/tmp/pip-install-yph79u9_/cffi_9ba8e80996b242168518b3e088211e3e/setup.py'\"'\"'; __file__='\"'\"'/tmp/pip-install-yph79u9_/cffi_9ba8e80996b242168518b3e088211e3e/setup.py'\"'\"';f = getattr(tokenize, '\"'\"'open'\"'\"', open)(__file__) if os.path.exists(__file__) else io.StringIO('\"'\"'from setuptools import setup; setup()'\"'\"');code = f.read().replace('\"'\"'\\r\\n'\"'\"', '\"'\"'\\n'\"'\"');f.close();exec(compile(code, __file__, '\"'\"'exec'\"'\"'))' egg_info --egg-base /tmp/pip-pip-egg-info-4cl8_c2o\n         cwd: /tmp/pip-install-yph79u9_/cffi_9ba8e80996b242168518b3e088211e3e/\n    Complete output (6 lines):\n    \n        No working compiler found, or bogus compiler options\n        passed to the compiler from Python's distutils module.\n        See the error messages above.\n        (If they are about -mno-fused-madd and you are on OS/X 10.8,\n        see http://stackoverflow.com/questions/22313407/ .)\n    ----------------------------------------\n\u001b[0m\u001b[91mWARNING: Discarding https://files.pythonhosted.org/packages/92/00/c8670a2898ab7121cdac3b59f4307977a86e08a59efd662f6c05200a2f11/cffi-1.4.2.tar.gz#sha256=8f1d177d364ea35900415ae24ca3e471be3d5334ed0419294068c49f45913998 (from https://pypi.org/simple/cffi/). Command errored out with exit status 1: python setup.py egg_info Check the logs for full command output.\n\u001b[0m  Downloading cffi-1.4.1.tar.gz (365 kB)\n\u001b[91m    ERROR: Command errored out with exit status 1:\n     command: /usr/local/bin/python -c 'import io, os, sys, setuptools, tokenize; sys.argv[0] = '\"'\"'/tmp/pip-install-yph79u9_/cffi_816095745b1643e8baa8f740a7a811c8/setup.py'\"'\"'; __file__='\"'\"'/tmp/pip-install-yph79u9_/cffi_816095745b1643e8baa8f740a7a811c8/setup.py'\"'\"';f = getattr(tokenize, '\"'\"'open'\"'\"', open)(__file__) if os.path.exists(__file__) else io.StringIO('\"'\"'from setuptools import setup; setup()'\"'\"');code = f.read().replace('\"'\"'\\r\\n'\"'\"', '\"'\"'\\n'\"'\"');f.close();exec(compile(code, __file__, '\"'\"'exec'\"'\"'))' egg_info --egg-base /tmp/pip-pip-egg-info-ffitb5xk\n         cwd: /tmp/pip-install-yph79u9_/cffi_816095745b1643e8baa8f740a7a811c8/\n    Complete output (6 lines):\n    \n        No working compiler found, or bogus compiler options\n        passed to the compiler from Python's distutils module.\n        See the error messages above.\n        (If they are about -mno-fused-madd and you are on OS/X 10.8,\n        see http://stackoverflow.com/questions/22313407/ .)\n    ----------------------------------------\n\u001b[0m\u001b[91mWARNING: Discarding https://files.pythonhosted.org/packages/90/4d/daa75e035f144eecd745b97b820f782beb02cd6841cd3a865828a1f8cfdd/cffi-1.4.1.tar.gz#sha256=61fa9e32cc91744b92b3ec96f74c5910aa6c2f0a9fbba939fbad71dab558b974 (from https://pypi.org/simple/cffi/). Command errored out with exit status 1: python setup.py egg_info Check the logs for full command output.\n\u001b[0m  Downloading cffi-1.4.0.tar.gz (365 kB)\n\u001b[91m    ERROR: Command errored out with exit status 1:\n     command: /usr/local/bin/python -c 'import io, os, sys, setuptools, tokenize; sys.argv[0] = '\"'\"'/tmp/pip-install-yph79u9_/cffi_ecbe4ff9f54649239da2b6b3978a8f31/setup.py'\"'\"'; __file__='\"'\"'/tmp/pip-install-yph79u9_/cffi_ecbe4ff9f54649239da2b6b3978a8f31/setup.py'\"'\"';f = getattr(tokenize, '\"'\"'open'\"'\"', open)(__file__) if os.path.exists(__file__) else io.StringIO('\"'\"'from setuptools import setup; setup()'\"'\"');code = f.read().replace('\"'\"'\\r\\n'\"'\"', '\"'\"'\\n'\"'\"');f.close();exec(compile(code, __file__, '\"'\"'exec'\"'\"'))' egg_info --egg-base /tmp/pip-pip-egg-info-jcmuy6bm\n         cwd: /tmp/pip-install-yph79u9_/cffi_ecbe4ff9f54649239da2b6b3978a8f31/\n    Complete output (6 lines):\n    \n        No working compiler found, or bogus compiler options\n        passed to the compiler from Python's distutils module.\n        See the error messages above.\n        (If they are about -mno-fused-madd and you are on OS/X 10.8,\n        see http://stackoverflow.com/questions/22313407/ .)\n    ----------------------------------------\n\u001b[0m\u001b[91mWARNING: Discarding https://files.pythonhosted.org/packages/0d/82/e3099d1ed6ad4e4775a9d6d06b0eccc884808067ce70402562776c5ec7b9/cffi-1.4.0.tar.gz#sha256=afeb3ce1c1e200aeb70313bc0bd94ebba4f2f37b2ae7ce00cabb648f548359eb (from https://pypi.org/simple/cffi/). Command errored out with exit status 1: python setup.py egg_info Check the logs for full command output.\n\u001b[0m  Downloading cffi-1.3.1.tar.gz (351 kB)\n\u001b[91m    ERROR: Command errored out with exit status 1:\n     command: /usr/local/bin/python -c 'import io, os, sys, setuptools, tokenize; sys.argv[0] = '\"'\"'/tmp/pip-install-yph79u9_/cffi_aacdb93c51d4485d990f8e05dd3bf8e4/setup.py'\"'\"'; __file__='\"'\"'/tmp/pip-install-yph79u9_/cffi_aacdb93c51d4485d990f8e05dd3bf8e4/setup.py'\"'\"';f = getattr(tokenize, '\"'\"'open'\"'\"', open)(__file__) if os.path.exists(__file__) else io.StringIO('\"'\"'from setuptools import setup; setup()'\"'\"');code = f.read().replace('\"'\"'\\r\\n'\"'\"', '\"'\"'\\n'\"'\"');f.close();exec(compile(code, __file__, '\"'\"'exec'\"'\"'))' egg_info --egg-base /tmp/pip-pip-egg-info-ov0h38ho\n         cwd: /tmp/pip-install-yph79u9_/cffi_aacdb93c51d4485d990f8e05dd3bf8e4/\n    Complete output (6 lines):\n    \n        No working compiler found, or bogus compiler options\n        passed to the compiler from Python's distutils module.\n        See the error messages above.\n        (If they are about -mno-fused-madd and you are on OS/X 10.8,\n        see http://stackoverflow.com/questions/22313407/ .)\n    ----------------------------------------\n\u001b[0m\u001b[91mWARNING: Discarding https://files.pythonhosted.org/packages/7b/4c/93881d3184d41d83134124366b0ce170074024ecc37cbb11a9f6cdbc6a8f/cffi-1.3.1.tar.gz#sha256=d45dd39a770b4afb591c82555f6a8bbc1ac7eb019eda9b621eee1a0a72201220 (from https://pypi.org/simple/cffi/). Command errored out with exit status 1: python setup.py egg_info Check the logs for full command output.\n\u001b[0m  Downloading cffi-1.3.0.tar.gz (347 kB)\n\u001b[91m    ERROR: Command errored out with exit status 1:\n     command: /usr/local/bin/python -c 'import io, os, sys, setuptools, tokenize; sys.argv[0] = '\"'\"'/tmp/pip-install-yph79u9_/cffi_0d032cb663e64c18ad6bd00b35068b8e/setup.py'\"'\"'; __file__='\"'\"'/tmp/pip-install-yph79u9_/cffi_0d032cb663e64c18ad6bd00b35068b8e/setup.py'\"'\"';f = getattr(tokenize, '\"'\"'open'\"'\"', open)(__file__) if os.path.exists(__file__) else io.StringIO('\"'\"'from setuptools import setup; setup()'\"'\"');code = f.read().replace('\"'\"'\\r\\n'\"'\"', '\"'\"'\\n'\"'\"');f.close();exec(compile(code, __file__, '\"'\"'exec'\"'\"'))' egg_info --egg-base /tmp/pip-pip-egg-info-f4ryaieh\n         cwd: /tmp/pip-install-yph79u9_/cffi_0d032cb663e64c18ad6bd00b35068b8e/\n    Complete output (6 lines):\n    \n        No working compiler found, or bogus compiler options\n        passed to the compiler from Python's distutils module.\n        See the error messages above.\n        (If they are about -mno-fused-madd and you are on OS/X 10.8,\n        see http://stackoverflow.com/questions/22313407/ .)\n    ----------------------------------------\n\u001b[0m\u001b[91mWARNING: Discarding https://files.pythonhosted.org/packages/37/c2/39e7a3fc867ae08f4a4ab0d112e0acd00672b099fad380f7f38689a083e0/cffi-1.3.0.tar.gz#sha256=9daa53aff0b5cf64c85c10eab7ce6776880d0ee71b78cedeae196ae82b6734e9 (from https://pypi.org/simple/cffi/). Command errored out with exit status 1: python setup.py egg_info Check the logs for full command output.\n\u001b[0m  Downloading cffi-1.2.1.tar.gz (335 kB)\n\u001b[91m    ERROR: Command errored out with exit status 1:\n     command: /usr/local/bin/python -c 'import io, os, sys, setuptools, tokenize; sys.argv[0] = '\"'\"'/tmp/pip-install-yph79u9_/cffi_3821b25ef7f2409ba7032b12869a82ca/setup.py'\"'\"'; __file__='\"'\"'/tmp/pip-install-yph79u9_/cffi_3821b25ef7f2409ba7032b12869a82ca/setup.py'\"'\"';f = getattr(tokenize, '\"'\"'open'\"'\"', open)(__file__) if os.path.exists(__file__) else io.StringIO('\"'\"'from setuptools import setup; setup()'\"'\"');code = f.read().replace('\"'\"'\\r\\n'\"'\"', '\"'\"'\\n'\"'\"');f.close();exec(compile(code, __file__, '\"'\"'exec'\"'\"'))' egg_info --egg-base /tmp/pip-pip-egg-info-8ota3kxw\n         cwd: /tmp/pip-install-yph79u9_/cffi_3821b25ef7f2409ba7032b12869a82ca/\n    Complete output (6 lines):\n    \n        No working compiler found, or bogus compiler options\n        passed to the compiler from Python's distutils module.\n        See the error messages above.\n        (If they are about -mno-fused-madd and you are on OS/X 10.8,\n        see http://stackoverflow.com/questions/22313407/ .)\n    ----------------------------------------\n\u001b[0m\u001b[91mWARNING: Discarding https://files.pythonhosted.org/packages/22/86/b4ae6aeec29105cd2faa07ed2f647349fbcad502d880cb504dca84368853/cffi-1.2.1.tar.gz#sha256=eab571deb0a152e2f53c404c08a94870a131526896cad08cd43bf86ce3771e3d (from https://pypi.org/simple/cffi/). Command errored out with exit status 1: python setup.py egg_info Check the logs for full command output.\n\u001b[0m  Downloading cffi-1.2.0-1.tar.gz (335 kB)\n\u001b[91m    ERROR: Command errored out with exit status 1:\n     command: /usr/local/bin/python -c 'import io, os, sys, setuptools, tokenize; sys.argv[0] = '\"'\"'/tmp/pip-install-yph79u9_/cffi_ef11f875468b42a19ffd2261f967c7ba/setup.py'\"'\"'; __file__='\"'\"'/tmp/pip-install-yph79u9_/cffi_ef11f875468b42a19ffd2261f967c7ba/setup.py'\"'\"';f = getattr(tokenize, '\"'\"'open'\"'\"', open)(__file__) if os.path.exists(__file__) else io.StringIO('\"'\"'from setuptools import setup; setup()'\"'\"');code = f.read().replace('\"'\"'\\r\\n'\"'\"', '\"'\"'\\n'\"'\"');f.close();exec(compile(code, __file__, '\"'\"'exec'\"'\"'))' egg_info --egg-base /tmp/pip-pip-egg-info-i80za5ab\n         cwd: /tmp/pip-install-yph79u9_/cffi_ef11f875468b42a19ffd2261f967c7ba/\n    Complete output (6 lines):\n    \n        No working compiler found, or bogus compiler options\n        passed to the compiler from Python's distutils module.\n        See the error messages above.\n        (If they are about -mno-fused-madd and you are on OS/X 10.8,\n        see http://stackoverflow.com/questions/22313407/ .)\n    ----------------------------------------\n\u001b[0m\u001b[91mWARNING: Discarding https://files.pythonhosted.org/packages/ff/6d/9f5004f4619e64e25785029d3fab9807eddc780e194ba323ecd4007fa8c5/cffi-1.2.0-1.tar.gz#sha256=9b9c2b964fd88ddbf99ea8fff65c56264c8866b77050fd53f0159e53c98c27e0 (from https://pypi.org/simple/cffi/). Command errored out with exit status 1: python setup.py egg_info Check the logs for full command output.\n\u001b[0m  Downloading cffi-1.1.2.tar.gz (326 kB)\n\u001b[91m    ERROR: Command errored out with exit status 1:\n     command: /usr/local/bin/python -c 'import io, os, sys, setuptools, tokenize; sys.argv[0] = '\"'\"'/tmp/pip-install-yph79u9_/cffi_e1a0dd0d53ae46a8b6cefb133b0ffb94/setup.py'\"'\"'; __file__='\"'\"'/tmp/pip-install-yph79u9_/cffi_e1a0dd0d53ae46a8b6cefb133b0ffb94/setup.py'\"'\"';f = getattr(tokenize, '\"'\"'open'\"'\"', open)(__file__) if os.path.exists(__file__) else io.StringIO('\"'\"'from setuptools import setup; setup()'\"'\"');code = f.read().replace('\"'\"'\\r\\n'\"'\"', '\"'\"'\\n'\"'\"');f.close();exec(compile(code, __file__, '\"'\"'exec'\"'\"'))' egg_info --egg-base /tmp/pip-pip-egg-info-r4ffaa4l\n         cwd: /tmp/pip-install-yph79u9_/cffi_e1a0dd0d53ae46a8b6cefb133b0ffb94/\n    Complete output (6 lines):\n    \n        No working compiler found, or bogus compiler options\n        passed to the compiler from Python's distutils module.\n        See the error messages above.\n        (If they are about -mno-fused-madd and you are on OS/X 10.8,\n        see http://stackoverflow.com/questions/22313407/ .)\n    ----------------------------------------\n\u001b[0m\u001b[91mWARNING: Discarding https://files.pythonhosted.org/packages/a0/f2/b9ea4dd14dd586b8cc5c70f8b505cee7e03851e514ceb00f7406a498a6a2/cffi-1.1.2.tar.gz#sha256=390970b602708c91ddc73953bb6929e56291c18a4d80f360afa00fad8b6f3339 (from https://pypi.org/simple/cffi/). Command errored out with exit status 1: python setup.py egg_info Check the logs for full command output.\n\u001b[0m  Downloading cffi-1.1.1.tar.gz (326 kB)\n\u001b[91m    ERROR: Command errored out with exit status 1:\n     command: /usr/local/bin/python -c 'import io, os, sys, setuptools, tokenize; sys.argv[0] = '\"'\"'/tmp/pip-install-yph79u9_/cffi_2de48de13076485daca6e4ebc1a69a48/setup.py'\"'\"'; __file__='\"'\"'/tmp/pip-install-yph79u9_/cffi_2de48de13076485daca6e4ebc1a69a48/setup.py'\"'\"';f = getattr(tokenize, '\"'\"'open'\"'\"', open)(__file__) if os.path.exists(__file__) else io.StringIO('\"'\"'from setuptools import setup; setup()'\"'\"');code = f.read().replace('\"'\"'\\r\\n'\"'\"', '\"'\"'\\n'\"'\"');f.close();exec(compile(code, __file__, '\"'\"'exec'\"'\"'))' egg_info --egg-base /tmp/pip-pip-egg-info-4uzy7r3q\n         cwd: /tmp/pip-install-yph79u9_/cffi_2de48de13076485daca6e4ebc1a69a48/\n    Complete output (6 lines):\n    \n        No working compiler found, or bogus compiler options\n        passed to the compiler from Python's distutils module.\n        See the error messages above.\n        (If they are about -mno-fused-madd and you are on OS/X 10.8,\n        see http://stackoverflow.com/questions/22313407/ .)\n    ----------------------------------------\n\u001b[0m\u001b[91mWARNING: Discarding https://files.pythonhosted.org/packages/52/d2/7131b46b07381f457e68ef21b4a1609dc52a429e790370f3249118a3bc3e/cffi-1.1.1.tar.gz#sha256=81fbaf121a67a0c4d390cc0ce7a69661f987f5cf34997575131e8a1bbe1ee1c6 (from https://pypi.org/simple/cffi/). Command errored out with exit status 1: python setup.py egg_info Check the logs for full command output.\n\u001b[0m  Downloading cffi-1.1.0.tar.gz (323 kB)\n\u001b[91m    ERROR: Command errored out with exit status 1:\n     command: /usr/local/bin/python -c 'import io, os, sys, setuptools, tokenize; sys.argv[0] = '\"'\"'/tmp/pip-install-yph79u9_/cffi_17d696a41a5e4063926dc2c6f745ae8e/setup.py'\"'\"'; __file__='\"'\"'/tmp/pip-install-yph79u9_/cffi_17d696a41a5e4063926dc2c6f745ae8e/setup.py'\"'\"';f = getattr(tokenize, '\"'\"'open'\"'\"', open)(__file__) if os.path.exists(__file__) else io.StringIO('\"'\"'from setuptools import setup; setup()'\"'\"');code = f.read().replace('\"'\"'\\r\\n'\"'\"', '\"'\"'\\n'\"'\"');f.close();exec(compile(code, __file__, '\"'\"'exec'\"'\"'))' egg_info --egg-base /tmp/pip-pip-egg-info-txuz0t6v\n         cwd: /tmp/pip-install-yph79u9_/cffi_17d696a41a5e4063926dc2c6f745ae8e/\n    Complete output (6 lines):\n    \n        No working compiler found, or bogus compiler options\n        passed to the compiler from Python's distutils module.\n        See the error messages above.\n        (If they are about -mno-fused-madd and you are on OS/X 10.8,\n        see http://stackoverflow.com/questions/22313407/ .)\n    ----------------------------------------\n\u001b[0m\u001b[91mWARNING: Discarding https://files.pythonhosted.org/packages/0e/2e/aab1da231b20da57ea6cf350d5b1236a43ef324e7c5f14b952d4720a1eec/cffi-1.1.0.tar.gz#sha256=d8c1dcef421bf3b9335925dd5bf39c3fad923a3cbd814c3664d754638b32355e (from https://pypi.org/simple/cffi/). Command errored out with exit status 1: python setup.py egg_info Check the logs for full command output.\n\u001b[0m  Downloading cffi-1.0.3.tar.gz (317 kB)\n\u001b[91m    ERROR: Command errored out with exit status 1:\n     command: /usr/local/bin/python -c 'import io, os, sys, setuptools, tokenize; sys.argv[0] = '\"'\"'/tmp/pip-install-yph79u9_/cffi_b2c787b518c5475facd98b6299224997/setup.py'\"'\"'; __file__='\"'\"'/tmp/pip-install-yph79u9_/cffi_b2c787b518c5475facd98b6299224997/setup.py'\"'\"';f = getattr(tokenize, '\"'\"'open'\"'\"', open)(__file__) if os.path.exists(__file__) else io.StringIO('\"'\"'from setuptools import setup; setup()'\"'\"');code = f.read().replace('\"'\"'\\r\\n'\"'\"', '\"'\"'\\n'\"'\"');f.close();exec(compile(code, __file__, '\"'\"'exec'\"'\"'))' egg_info --egg-base /tmp/pip-pip-egg-info-swd6gela\n         cwd: /tmp/pip-install-yph79u9_/cffi_b2c787b518c5475facd98b6299224997/\n    Complete output (6 lines):\n    \n        No working compiler found, or bogus compiler options\n        passed to the compiler from Python's distutils module.\n        See the error messages above.\n        (If they are about -mno-fused-madd and you are on OS/X 10.8,\n        see http://stackoverflow.com/questions/22313407/ .)\n    ----------------------------------------\n\u001b[0m\u001b[91mWARNING: Discarding https://files.pythonhosted.org/packages/9e/65/abc5285b975f7537290c78ef8838e060a335d9c84bf19e609a42de3a6667/cffi-1.0.3.tar.gz#sha256=4fdede789f446fb6c57eed8cf5eb43d2a582a34536ff2cd1edf7256e17e9046c (from https://pypi.org/simple/cffi/). Command errored out with exit status 1: python setup.py egg_info Check the logs for full command output.\n\u001b[0m  Downloading cffi-1.0.2-2.tar.gz (317 kB)\n\u001b[91m    ERROR: Command errored out with exit status 1:\n     command: /usr/local/bin/python -c 'import io, os, sys, setuptools, tokenize; sys.argv[0] = '\"'\"'/tmp/pip-install-yph79u9_/cffi_2cef283c206042588caba54032d1369b/setup.py'\"'\"'; __file__='\"'\"'/tmp/pip-install-yph79u9_/cffi_2cef283c206042588caba54032d1369b/setup.py'\"'\"';f = getattr(tokenize, '\"'\"'open'\"'\"', open)(__file__) if os.path.exists(__file__) else io.StringIO('\"'\"'from setuptools import setup; setup()'\"'\"');code = f.read().replace('\"'\"'\\r\\n'\"'\"', '\"'\"'\\n'\"'\"');f.close();exec(compile(code, __file__, '\"'\"'exec'\"'\"'))' egg_info --egg-base /tmp/pip-pip-egg-info-65zukf6v\n         cwd: /tmp/pip-install-yph79u9_/cffi_2cef283c206042588caba54032d1369b/\n    Complete output (6 lines):\n    \n        No working compiler found, or bogus compiler options\n        passed to the compiler from Python's distutils module.\n        See the error messages above.\n        (If they are about -mno-fused-madd and you are on OS/X 10.8,\n        see http://stackoverflow.com/questions/22313407/ .)\n    ----------------------------------------\n\u001b[0m\u001b[91mWARNING: Discarding https://files.pythonhosted.org/packages/ef/23/c6f7003ebb7b4b3fe4872f112b18ee181a3ec2b137e964093a8b35d4a5bd/cffi-1.0.2-2.tar.gz#sha256=6dc6ae05816e44c71094049321403fda1013013d68506f30914a59683a47fd32 (from https://pypi.org/simple/cffi/). Command errored out with exit status 1: python setup.py egg_info Check the logs for full command output.\n\u001b[0m  Downloading cffi-1.0.1.tar.gz (316 kB)\n\u001b[91m    ERROR: Command errored out with exit status 1:\n     command: /usr/local/bin/python -c 'import io, os, sys, setuptools, tokenize; sys.argv[0] = '\"'\"'/tmp/pip-install-yph79u9_/cffi_777777237fe548738e4aeba753482486/setup.py'\"'\"'; __file__='\"'\"'/tmp/pip-install-yph79u9_/cffi_777777237fe548738e4aeba753482486/setup.py'\"'\"';f = getattr(tokenize, '\"'\"'open'\"'\"', open)(__file__) if os.path.exists(__file__) else io.StringIO('\"'\"'from setuptools import setup; setup()'\"'\"');code = f.read().replace('\"'\"'\\r\\n'\"'\"', '\"'\"'\\n'\"'\"');f.close();exec(compile(code, __file__, '\"'\"'exec'\"'\"'))' egg_info --egg-base /tmp/pip-pip-egg-info-yr4uaxh0\n         cwd: /tmp/pip-install-yph79u9_/cffi_777777237fe548738e4aeba753482486/\n    Complete output (6 lines):\n    \n        No working compiler found, or bogus compiler options\n        passed to the compiler from Python's distutils module.\n        See the error messages above.\n        (If they are about -mno-fused-madd and you are on OS/X 10.8,\n        see http://stackoverflow.com/questions/22313407/ .)\n    ----------------------------------------\n\u001b[0m\u001b[91mWARNING: Discarding https://files.pythonhosted.org/packages/0d/5a/0cf8a6a6dd21730cfbde72c7698c820e630e124cd5cd7220d2db294dd45c/cffi-1.0.1.tar.gz#sha256=0ec99b6b9d8bdc5772fe6434128eac6b9a355aaddfd4f34338d4d073285dcbea (from https://pypi.org/simple/cffi/). Command errored out with exit status 1: python setup.py egg_info Check the logs for full command output.\n\u001b[0m  Downloading cffi-1.0.0.tar.gz (315 kB)\n\u001b[91m    ERROR: Command errored out with exit status 1:\n     command: /usr/local/bin/python -c 'import io, os, sys, setuptools, tokenize; sys.argv[0] = '\"'\"'/tmp/pip-install-yph79u9_/cffi_f76db7a3912c46e2a7b136683bbc0ffd/setup.py'\"'\"'; __file__='\"'\"'/tmp/pip-install-yph79u9_/cffi_f76db7a3912c46e2a7b136683bbc0ffd/setup.py'\"'\"';f = getattr(tokenize, '\"'\"'open'\"'\"', open)(__file__) if os.path.exists(__file__) else io.StringIO('\"'\"'from setuptools import setup; setup()'\"'\"');code = f.read().replace('\"'\"'\\r\\n'\"'\"', '\"'\"'\\n'\"'\"');f.close();exec(compile(code, __file__, '\"'\"'exec'\"'\"'))' egg_info --egg-base /tmp/pip-pip-egg-info-v0145cdj\n         cwd: /tmp/pip-install-yph79u9_/cffi_f76db7a3912c46e2a7b136683bbc0ffd/\n    Complete output (6 lines):\n    \n        No working compiler found, or bogus compiler options\n        passed to the compiler from Python's distutils module.\n        See the error messages above.\n        (If they are about -mno-fused-madd and you are on OS/X 10.8,\n        see http://stackoverflow.com/questions/22313407/ .)\n    ----------------------------------------\nWARNING: Discarding https://files.pythonhosted.org/packages/19/de/bada429cf4927f3c3be484dd53e66ad88070c43a29ee0051b401b86855e5/cffi-1.0.0.tar.gz#sha256=2adba5f550163c6af07c8de8b7a03425bb7f08b1b75211d1b21807fa01c80d0e (from https://pypi.org/simple/cffi/). Command errored out with exit status 1: python setup.py egg_info Check the logs for full command output.\n\u001b[0m  Downloading cffi-0.9.2.tar.gz (209 kB)\n\u001b[91m    ERROR: Command errored out with exit status 1:\n     command: /usr/local/bin/python -c 'import io, os, sys, setuptools, tokenize; sys.argv[0] = '\"'\"'/tmp/pip-install-yph79u9_/cffi_6fab44a87461415a93f0752c90d849d0/setup.py'\"'\"'; __file__='\"'\"'/tmp/pip-install-yph79u9_/cffi_6fab44a87461415a93f0752c90d849d0/setup.py'\"'\"';f = getattr(tokenize, '\"'\"'open'\"'\"', open)(__file__) if os.path.exists(__file__) else io.StringIO('\"'\"'from setuptools import setup; setup()'\"'\"');code = f.read().replace('\"'\"'\\r\\n'\"'\"', '\"'\"'\\n'\"'\"');f.close();exec(compile(code, __file__, '\"'\"'exec'\"'\"'))' egg_info --egg-base /tmp/pip-pip-egg-info-zmiq0t4o\n         cwd: /tmp/pip-install-yph79u9_/cffi_6fab44a87461415a93f0752c90d849d0/\n    Complete output (6 lines):\n    \n        No working compiler found, or bogus compiler options\n        passed to the compiler from Python's distutils module.\n        See the error messages above.\n        (If they are about -mno-fused-madd and you are on OS/X 10.8,\n        see http://stackoverflow.com/questions/22313407/ .)\n    ----------------------------------------\n\u001b[0m\u001b[91mWARNING: Discarding https://files.pythonhosted.org/packages/98/65/1db49d53a92ef1f27ccafddd0d41de16f7f424b702d130cf8f9b29efcb97/cffi-0.9.2.tar.gz#sha256=1988ce7ff9c64ecd5077776175e90fd8f0a8c827cb241a23647175ce08126bb2 (from https://pypi.org/simple/cffi/). Command errored out with exit status 1: python setup.py egg_info Check the logs for full command output.\n\u001b[0m  Downloading cffi-0.9.1.tar.gz (207 kB)\n\u001b[91m    ERROR: Command errored out with exit status 1:\n     command: /usr/local/bin/python -c 'import io, os, sys, setuptools, tokenize; sys.argv[0] = '\"'\"'/tmp/pip-install-yph79u9_/cffi_44ca1ecbdeae48459c6c153d3c4c563c/setup.py'\"'\"'; __file__='\"'\"'/tmp/pip-install-yph79u9_/cffi_44ca1ecbdeae48459c6c153d3c4c563c/setup.py'\"'\"';f = getattr(tokenize, '\"'\"'open'\"'\"', open)(__file__) if os.path.exists(__file__) else io.StringIO('\"'\"'from setuptools import setup; setup()'\"'\"');code = f.read().replace('\"'\"'\\r\\n'\"'\"', '\"'\"'\\n'\"'\"');f.close();exec(compile(code, __file__, '\"'\"'exec'\"'\"'))' egg_info --egg-base /tmp/pip-pip-egg-info-h1zvwb86\n         cwd: /tmp/pip-install-yph79u9_/cffi_44ca1ecbdeae48459c6c153d3c4c563c/\n    Complete output (6 lines):\n    \n        No working compiler found, or bogus compiler options\n        passed to the compiler from Python's distutils module.\n        See the error messages above.\n        (If they are about -mno-fused-madd and you are on OS/X 10.8,\n        see http://stackoverflow.com/questions/22313407/ .)\n    ----------------------------------------\n\u001b[0m\u001b[91mWARNING: Discarding https://files.pythonhosted.org/packages/60/27/a23f2041f95f127eb8b60fe1789d41f060063a3490304a527c552c76f0a9/cffi-0.9.1.tar.gz#sha256=8eba3d02fd88c49774418e790f1994258666d4cbd2c064038f295fa151a88740 (from https://pypi.org/simple/cffi/). Command errored out with exit status 1: python setup.py egg_info Check the logs for full command output.\n\u001b[0m  Downloading cffi-0.9.0.tar.gz (215 kB)\n\u001b[91m    ERROR: Command errored out with exit status 1:\n     command: /usr/local/bin/python -c 'import io, os, sys, setuptools, tokenize; sys.argv[0] = '\"'\"'/tmp/pip-install-yph79u9_/cffi_881c9a7be09740f2b3ca796e8201f3ee/setup.py'\"'\"'; __file__='\"'\"'/tmp/pip-install-yph79u9_/cffi_881c9a7be09740f2b3ca796e8201f3ee/setup.py'\"'\"';f = getattr(tokenize, '\"'\"'open'\"'\"', open)(__file__) if os.path.exists(__file__) else io.StringIO('\"'\"'from setuptools import setup; setup()'\"'\"');code = f.read().replace('\"'\"'\\r\\n'\"'\"', '\"'\"'\\n'\"'\"');f.close();exec(compile(code, __file__, '\"'\"'exec'\"'\"'))' egg_info --egg-base /tmp/pip-pip-egg-info-x071jc0t\n         cwd: /tmp/pip-install-yph79u9_/cffi_881c9a7be09740f2b3ca796e8201f3ee/\n    Complete output (6 lines):\n    \n        No working compiler found, or bogus compiler options\n        passed to the compiler from Python's distutils module.\n        See the error messages above.\n        (If they are about -mno-fused-madd and you are on OS/X 10.8,\n        see http://stackoverflow.com/questions/22313407/ .)\n    ----------------------------------------\n\u001b[0m\u001b[91mWARNING: Discarding https://files.pythonhosted.org/packages/83/22/0ae2baf86ef643c303739ebb70ded6bc5a9bbfc93dfdc041543a54587565/cffi-0.9.0.tar.gz#sha256=7b5cfbf8c7c67a132744846539def2ef9d0baed726d289416bd60ed2559a77d0 (from https://pypi.org/simple/cffi/). Command errored out with exit status 1: python setup.py egg_info Check the logs for full command output.\n\u001b[0m  Downloading cffi-0.8.6.tar.gz (196 kB)\n  Downloading cffi-0.8.5.tar.gz (196 kB)\n  Downloading cffi-0.8.4.tar.gz (196 kB)\n  Downloading cffi-0.8.3.tar.gz (196 kB)\n  Downloading cffi-0.8.2.tar.gz (197 kB)\n  Downloading cffi-0.8.1.tar.gz (195 kB)\n\u001b[91m    ERROR: Command errored out with exit status 1:\n     command: /usr/local/bin/python -c 'import io, os, sys, setuptools, tokenize; sys.argv[0] = '\"'\"'/tmp/pip-install-yph79u9_/cffi_0c31723ef5c34218ae7fdd0ba3dd1e93/setup.py'\"'\"'; __file__='\"'\"'/tmp/pip-install-yph79u9_/cffi_0c31723ef5c34218ae7fdd0ba3dd1e93/setup.py'\"'\"';f = getattr(tokenize, '\"'\"'open'\"'\"', open)(__file__) if os.path.exists(__file__) else io.StringIO('\"'\"'from setuptools import setup; setup()'\"'\"');code = f.read().replace('\"'\"'\\r\\n'\"'\"', '\"'\"'\\n'\"'\"');f.close();exec(compile(code, __file__, '\"'\"'exec'\"'\"'))' egg_info --egg-base /tmp/pip-pip-egg-info-yh06ovap\n         cwd: /tmp/pip-install-yph79u9_/cffi_0c31723ef5c34218ae7fdd0ba3dd1e93/\n    Complete output (7 lines):\n    the above error message can be safely ignored;\n    will not use '__thread' in the C code\n    Traceback (most recent call last):\n      File \"<string>\", line 1, in <module>\n      File \"/tmp/pip-install-yph79u9_/cffi_0c31723ef5c34218ae7fdd0ba3dd1e93/setup.py\", line 94, in <module>\n        from setuptools import setup, Feature, Extension\n    ImportError: cannot import name 'Feature'\n    ----------------------------------------\n\u001b[0m\u001b[91mWARNING: Discarding https://files.pythonhosted.org/packages/d6/be/ada73b680b0a2aa9dece6ca73f18adfcbdd720a303dde8820f061ced5429/cffi-0.8.1.tar.gz#sha256=1db1eff2093e31eaaa83b274f8c6d5d2dad2908d43a301185d205e5d256d6818 (from https://pypi.org/simple/cffi/). Command errored out with exit status 1: python setup.py egg_info Check the logs for full command output.\n\u001b[0m  Downloading cffi-0.8.tar.gz (194 kB)\n\u001b[91m    ERROR: Command errored out with exit status 1:\n     command: /usr/local/bin/python -c 'import io, os, sys, setuptools, tokenize; sys.argv[0] = '\"'\"'/tmp/pip-install-yph79u9_/cffi_73e351415fdd49aea64265acd894c4c4/setup.py'\"'\"'; __file__='\"'\"'/tmp/pip-install-yph79u9_/cffi_73e351415fdd49aea64265acd894c4c4/setup.py'\"'\"';f = getattr(tokenize, '\"'\"'open'\"'\"', open)(__file__) if os.path.exists(__file__) else io.StringIO('\"'\"'from setuptools import setup; setup()'\"'\"');code = f.read().replace('\"'\"'\\r\\n'\"'\"', '\"'\"'\\n'\"'\"');f.close();exec(compile(code, __file__, '\"'\"'exec'\"'\"'))' egg_info --egg-base /tmp/pip-pip-egg-info-4e5qm4sz\n         cwd: /tmp/pip-install-yph79u9_/cffi_73e351415fdd49aea64265acd894c4c4/\n    Complete output (31 lines):\n    Traceback (most recent call last):\n      File \"/usr/local/lib/python3.6/distutils/unixccompiler.py\", line 118, in _compile\n        extra_postargs)\n      File \"/usr/local/lib/python3.6/distutils/ccompiler.py\", line 909, in spawn\n        spawn(cmd, dry_run=self.dry_run)\n      File \"/usr/local/lib/python3.6/distutils/spawn.py\", line 36, in spawn\n        _spawn_posix(cmd, search_path, dry_run=dry_run)\n      File \"/usr/local/lib/python3.6/distutils/spawn.py\", line 159, in _spawn_posix\n        % (cmd, exit_status))\n    distutils.errors.DistutilsExecError: command 'cc' failed with exit status 1\n    \n    During handling of the above exception, another exception occurred:\n    \n    Traceback (most recent call last):\n      File \"/tmp/pip-install-yph79u9_/cffi_73e351415fdd49aea64265acd894c4c4/setup.py\", line 49, in ask_supports_thread\n        compiler.compile(['c/check__thread.c'])\n      File \"/usr/local/lib/python3.6/distutils/ccompiler.py\", line 574, in compile\n        self._compile(obj, src, ext, cc_args, extra_postargs, pp_opts)\n      File \"/usr/local/lib/python3.6/distutils/unixccompiler.py\", line 120, in _compile\n        raise CompileError(msg)\n    distutils.errors.CompileError: command 'cc' failed with exit status 1\n    \n    During handling of the above exception, another exception occurred:\n    \n    Traceback (most recent call last):\n      File \"<string>\", line 1, in <module>\n      File \"/tmp/pip-install-yph79u9_/cffi_73e351415fdd49aea64265acd894c4c4/setup.py\", line 85, in <module>\n        ask_supports_thread()\n      File \"/tmp/pip-install-yph79u9_/cffi_73e351415fdd49aea64265acd894c4c4/setup.py\", line 51, in ask_supports_thread\n        print >> sys.stderr, \"will not use '__thread' in the C code\"\n    TypeError: unsupported operand type(s) for >>: 'builtin_function_or_method' and '_io.TextIOWrapper'. Did you mean \"print(<message>, file=<output_stream>)\"?\n    ----------------------------------------\n\u001b[0m\u001b[91mWARNING: Discarding https://files.pythonhosted.org/packages/2c/55/f7110fdb54f173a08a551a88504fe948a1f50e7202afeeb451c5958aa311/cffi-0.8.tar.gz#sha256=c336ee26831ac9da2c0ed0ea094941d2fc5877c3468e7ee703047c571180dde3 (from https://pypi.org/simple/cffi/). Command errored out with exit status 1: python setup.py egg_info Check the logs for full command output.\n\u001b[0m  Downloading cffi-0.7.2.tar.gz (175 kB)\n\u001b[91m    ERROR: Command errored out with exit status 1:\n     command: /usr/local/bin/python -c 'import io, os, sys, setuptools, tokenize; sys.argv[0] = '\"'\"'/tmp/pip-install-yph79u9_/cffi_750985d7050342dcb9139ee04366091b/setup.py'\"'\"'; __file__='\"'\"'/tmp/pip-install-yph79u9_/cffi_750985d7050342dcb9139ee04366091b/setup.py'\"'\"';f = getattr(tokenize, '\"'\"'open'\"'\"', open)(__file__) if os.path.exists(__file__) else io.StringIO('\"'\"'from setuptools import setup; setup()'\"'\"');code = f.read().replace('\"'\"'\\r\\n'\"'\"', '\"'\"'\\n'\"'\"');f.close();exec(compile(code, __file__, '\"'\"'exec'\"'\"'))' egg_info --egg-base /tmp/pip-pip-egg-info-h7mfph5a\n         cwd: /tmp/pip-install-yph79u9_/cffi_750985d7050342dcb9139ee04366091b/\n    Complete output (5 lines):\n    Traceback (most recent call last):\n      File \"<string>\", line 1, in <module>\n      File \"/tmp/pip-install-yph79u9_/cffi_750985d7050342dcb9139ee04366091b/setup.py\", line 77, in <module>\n        from setuptools import setup, Feature, Extension\n    ImportError: cannot import name 'Feature'\n    ----------------------------------------\n\u001b[0m\u001b[91mWARNING: Discarding https://files.pythonhosted.org/packages/3b/fd/43af216f363df65f7e3f101e19a81a659ff87ad6d2df9862569a0e097bf5/cffi-0.7.2.tar.gz#sha256=b723ab49b48c1604e5a3b5e838b0049eaa61e365408a71e40ba0a42d16472042 (from https://pypi.org/simple/cffi/). Command errored out with exit status 1: python setup.py egg_info Check the logs for full command output.\n\u001b[0m  Downloading cffi-0.7.1.tar.gz (175 kB)\n\u001b[91m    ERROR: Command errored out with exit status 1:\n     command: /usr/local/bin/python -c 'import io, os, sys, setuptools, tokenize; sys.argv[0] = '\"'\"'/tmp/pip-install-yph79u9_/cffi_8c5f39ab0ab340b59c53795168139640/setup.py'\"'\"'; __file__='\"'\"'/tmp/pip-install-yph79u9_/cffi_8c5f39ab0ab340b59c53795168139640/setup.py'\"'\"';f = getattr(tokenize, '\"'\"'open'\"'\"', open)(__file__) if os.path.exists(__file__) else io.StringIO('\"'\"'from setuptools import setup; setup()'\"'\"');code = f.read().replace('\"'\"'\\r\\n'\"'\"', '\"'\"'\\n'\"'\"');f.close();exec(compile(code, __file__, '\"'\"'exec'\"'\"'))' egg_info --egg-base /tmp/pip-pip-egg-info-tyh2wv2d\n         cwd: /tmp/pip-install-yph79u9_/cffi_8c5f39ab0ab340b59c53795168139640/\n    Complete output (5 lines):\n    Traceback (most recent call last):\n      File \"<string>\", line 1, in <module>\n      File \"/tmp/pip-install-yph79u9_/cffi_8c5f39ab0ab340b59c53795168139640/setup.py\", line 77, in <module>\n        from setuptools import setup, Feature, Extension\n    ImportError: cannot import name 'Feature'\n    ----------------------------------------\n\u001b[0m\u001b[91mWARNING: Discarding https://files.pythonhosted.org/packages/43/bc/ec40d2edc570afc1fc678fc3c52b0774d0b3c3cbb74389957cef100fa6ae/cffi-0.7.1.tar.gz#sha256=c404158883d25c7205337a562c18a53c532e0b500d32c573fbb301137509aa45 (from https://pypi.org/simple/cffi/). Command errored out with exit status 1: python setup.py egg_info Check the logs for full command output.\n\u001b[0m  Downloading cffi-0.7.tar.gz (175 kB)\n\u001b[91m    ERROR: Command errored out with exit status 1:\n     command: /usr/local/bin/python -c 'import io, os, sys, setuptools, tokenize; sys.argv[0] = '\"'\"'/tmp/pip-install-yph79u9_/cffi_5a8da73b846642c8b97d740ad79b35c6/setup.py'\"'\"'; __file__='\"'\"'/tmp/pip-install-yph79u9_/cffi_5a8da73b846642c8b97d740ad79b35c6/setup.py'\"'\"';f = getattr(tokenize, '\"'\"'open'\"'\"', open)(__file__) if os.path.exists(__file__) else io.StringIO('\"'\"'from setuptools import setup; setup()'\"'\"');code = f.read().replace('\"'\"'\\r\\n'\"'\"', '\"'\"'\\n'\"'\"');f.close();exec(compile(code, __file__, '\"'\"'exec'\"'\"'))' egg_info --egg-base /tmp/pip-pip-egg-info-adgfl7y2\n         cwd: /tmp/pip-install-yph79u9_/cffi_5a8da73b846642c8b97d740ad79b35c6/\n    Complete output (5 lines):\n    Traceback (most recent call last):\n      File \"<string>\", line 1, in <module>\n      File \"/tmp/pip-install-yph79u9_/cffi_5a8da73b846642c8b97d740ad79b35c6/setup.py\", line 77, in <module>\n        from setuptools import setup, Feature, Extension\n    ImportError: cannot import name 'Feature'\n    ----------------------------------------\n\u001b[0m\u001b[91mWARNING: Discarding https://files.pythonhosted.org/packages/ad/b9/925f7eb1b3539fbae720f8b9b2254aa16300e7c7d6b68dad6549ea68e24b/cffi-0.7.tar.gz#sha256=6411fa3e23c611a2d49faa0ced21c7fd345aebfdbe4877f5026862aaacea5e7e (from https://pypi.org/simple/cffi/). Command errored out with exit status 1: python setup.py egg_info Check the logs for full command output.\n\u001b[0m  Downloading cffi-0.6.tar.gz (169 kB)\n\u001b[91m    ERROR: Command errored out with exit status 1:\n     command: /usr/local/bin/python -c 'import io, os, sys, setuptools, tokenize; sys.argv[0] = '\"'\"'/tmp/pip-install-yph79u9_/cffi_564e40fbca8742b18e3ede8b968eb7b6/setup.py'\"'\"'; __file__='\"'\"'/tmp/pip-install-yph79u9_/cffi_564e40fbca8742b18e3ede8b968eb7b6/setup.py'\"'\"';f = getattr(tokenize, '\"'\"'open'\"'\"', open)(__file__) if os.path.exists(__file__) else io.StringIO('\"'\"'from setuptools import setup; setup()'\"'\"');code = f.read().replace('\"'\"'\\r\\n'\"'\"', '\"'\"'\\n'\"'\"');f.close();exec(compile(code, __file__, '\"'\"'exec'\"'\"'))' egg_info --egg-base /tmp/pip-pip-egg-info-z86bau7g\n         cwd: /tmp/pip-install-yph79u9_/cffi_564e40fbca8742b18e3ede8b968eb7b6/\n    Complete output (5 lines):\n    Traceback (most recent call last):\n      File \"<string>\", line 1, in <module>\n      File \"/tmp/pip-install-yph79u9_/cffi_564e40fbca8742b18e3ede8b968eb7b6/setup.py\", line 80, in <module>\n        from setuptools import setup, Feature, Extension\n    ImportError: cannot import name 'Feature'\n    ----------------------------------------\n\u001b[0m\u001b[91mWARNING: Discarding https://files.pythonhosted.org/packages/a3/cd/bd9c9f64ce2b56ebab9880d99803dd6f217c1c789534c6a01008fe52164f/cffi-0.6.tar.gz#sha256=22d49bdb13e962b425fad0a001f8d331c51224235e5850fb2c193180c9757d14 (from https://pypi.org/simple/cffi/). Command errored out with exit status 1: python setup.py egg_info Check the logs for full command output.\n\u001b[0m  Downloading cffi-0.5.tar.gz (161 kB)\n\u001b[91m    ERROR: Command errored out with exit status 1:\n     command: /usr/local/bin/python -c 'import io, os, sys, setuptools, tokenize; sys.argv[0] = '\"'\"'/tmp/pip-install-yph79u9_/cffi_101e6e71575f49b28a0e4f4965cefb59/setup.py'\"'\"'; __file__='\"'\"'/tmp/pip-install-yph79u9_/cffi_101e6e71575f49b28a0e4f4965cefb59/setup.py'\"'\"';f = getattr(tokenize, '\"'\"'open'\"'\"', open)(__file__) if os.path.exists(__file__) else io.StringIO('\"'\"'from setuptools import setup; setup()'\"'\"');code = f.read().replace('\"'\"'\\r\\n'\"'\"', '\"'\"'\\n'\"'\"');f.close();exec(compile(code, __file__, '\"'\"'exec'\"'\"'))' egg_info --egg-base /tmp/pip-pip-egg-info-gx436xsi\n         cwd: /tmp/pip-install-yph79u9_/cffi_101e6e71575f49b28a0e4f4965cefb59/\n    Complete output (5 lines):\n    Traceback (most recent call last):\n      File \"<string>\", line 1, in <module>\n      File \"/tmp/pip-install-yph79u9_/cffi_101e6e71575f49b28a0e4f4965cefb59/setup.py\", line 80, in <module>\n        from setuptools import setup, Feature, Extension\n    ImportError: cannot import name 'Feature'\n    ----------------------------------------\n\u001b[0m\u001b[91mWARNING: Discarding https://files.pythonhosted.org/packages/78/7a/2b495bb0b22faec9567792769bb0ff965bdee2f68198656a668ff90fc451/cffi-0.5.tar.gz#sha256=773695ffc930e9c9d26210c87248e7945241343d059a0a261ac3c36abc36b13a (from https://pypi.org/simple/cffi/). Command errored out with exit status 1: python setup.py egg_info Check the logs for full command output.\n\u001b[0m  Downloading cffi-0.4.2.tar.gz (155 kB)\n\u001b[91m    ERROR: Command errored out with exit status 1:\n     command: /usr/local/bin/python -c 'import io, os, sys, setuptools, tokenize; sys.argv[0] = '\"'\"'/tmp/pip-install-yph79u9_/cffi_36b7a897e9824d9ab002f306a428e22d/setup.py'\"'\"'; __file__='\"'\"'/tmp/pip-install-yph79u9_/cffi_36b7a897e9824d9ab002f306a428e22d/setup.py'\"'\"';f = getattr(tokenize, '\"'\"'open'\"'\"', open)(__file__) if os.path.exists(__file__) else io.StringIO('\"'\"'from setuptools import setup; setup()'\"'\"');code = f.read().replace('\"'\"'\\r\\n'\"'\"', '\"'\"'\\n'\"'\"');f.close();exec(compile(code, __file__, '\"'\"'exec'\"'\"'))' egg_info --egg-base /tmp/pip-pip-egg-info-tcowzss3\n         cwd: /tmp/pip-install-yph79u9_/cffi_36b7a897e9824d9ab002f306a428e22d/\n    Complete output (5 lines):\n    Traceback (most recent call last):\n      File \"<string>\", line 1, in <module>\n      File \"/tmp/pip-install-yph79u9_/cffi_36b7a897e9824d9ab002f306a428e22d/setup.py\", line 80, in <module>\n        from setuptools import setup, Feature, Extension\n    ImportError: cannot import name 'Feature'\n    ----------------------------------------\n\u001b[0m\u001b[91mWARNING: Discarding https://files.pythonhosted.org/packages/62/ef/1c1b48a94a80ed8360d92938cf6cf0a819f9da30dce986ff6ef1ebdf1236/cffi-0.4.2.tar.gz#sha256=3c0095719e45d231572ab29f40f6411d27c952d955d5e55adf82817180c03c4e (from https://pypi.org/simple/cffi/). Command errored out with exit status 1: python setup.py egg_info Check the logs for full command output.\n\u001b[0m  Downloading cffi-0.4.1.tar.gz (155 kB)\n\u001b[91m    ERROR: Command errored out with exit status 1:\n     command: /usr/local/bin/python -c 'import io, os, sys, setuptools, tokenize; sys.argv[0] = '\"'\"'/tmp/pip-install-yph79u9_/cffi_94d773750ca94da3973f41d3d9cd4b09/setup.py'\"'\"'; __file__='\"'\"'/tmp/pip-install-yph79u9_/cffi_94d773750ca94da3973f41d3d9cd4b09/setup.py'\"'\"';f = getattr(tokenize, '\"'\"'open'\"'\"', open)(__file__) if os.path.exists(__file__) else io.StringIO('\"'\"'from setuptools import setup; setup()'\"'\"');code = f.read().replace('\"'\"'\\r\\n'\"'\"', '\"'\"'\\n'\"'\"');f.close();exec(compile(code, __file__, '\"'\"'exec'\"'\"'))' egg_info --egg-base /tmp/pip-pip-egg-info-vf5bab1g\n         cwd: /tmp/pip-install-yph79u9_/cffi_94d773750ca94da3973f41d3d9cd4b09/\n    Complete output (5 lines):\n    Traceback (most recent call last):\n      File \"<string>\", line 1, in <module>\n      File \"/tmp/pip-install-yph79u9_/cffi_94d773750ca94da3973f41d3d9cd4b09/setup.py\", line 80, in <module>\n        from setuptools import setup, Feature, Extension\n    ImportError: cannot import name 'Feature'\n    ----------------------------------------\n\u001b[0m\u001b[91mWARNING: Discarding https://files.pythonhosted.org/packages/f3/e7/32989c19732c333ce9b7372efd094a1b7207ef7b14bbdd40ac67e1868c89/cffi-0.4.1.tar.gz#sha256=b4e978615a1535d5b0f58c4d0568765b0f106f286ee21bb701d013cab6975fa5 (from https://pypi.org/simple/cffi/). Command errored out with exit status 1: python setup.py egg_info Check the logs for full command output.\n\u001b[0m  Downloading cffi-0.4.tar.gz (155 kB)\n\u001b[91m    ERROR: Command errored out with exit status 1:\n     command: /usr/local/bin/python -c 'import io, os, sys, setuptools, tokenize; sys.argv[0] = '\"'\"'/tmp/pip-install-yph79u9_/cffi_9ba9eccfe391424a8bf2f16a522df1c4/setup.py'\"'\"'; __file__='\"'\"'/tmp/pip-install-yph79u9_/cffi_9ba9eccfe391424a8bf2f16a522df1c4/setup.py'\"'\"';f = getattr(tokenize, '\"'\"'open'\"'\"', open)(__file__) if os.path.exists(__file__) else io.StringIO('\"'\"'from setuptools import setup; setup()'\"'\"');code = f.read().replace('\"'\"'\\r\\n'\"'\"', '\"'\"'\\n'\"'\"');f.close();exec(compile(code, __file__, '\"'\"'exec'\"'\"'))' egg_info --egg-base /tmp/pip-pip-egg-info-xaw5p83y\n         cwd: /tmp/pip-install-yph79u9_/cffi_9ba9eccfe391424a8bf2f16a522df1c4/\n    Complete output (5 lines):\n    Traceback (most recent call last):\n      File \"<string>\", line 1, in <module>\n      File \"/tmp/pip-install-yph79u9_/cffi_9ba9eccfe391424a8bf2f16a522df1c4/setup.py\", line 80, in <module>\n        from setuptools import setup, Feature, Extension\n    ImportError: cannot import name 'Feature'\n    ----------------------------------------\n\u001b[0m\u001b[91mWARNING: Discarding https://files.pythonhosted.org/packages/54/fe/06a7fe224e3094bbaf2de28e5fe87ced40586104e8ab51f1a0c239ee6f0b/cffi-0.4.tar.gz#sha256=6e4c1af2af9d21aaa07ec547be97ca84b6284f0fbdd96fc34a974bb782811e07 (from https://pypi.org/simple/cffi/). Command errored out with exit status 1: python setup.py egg_info Check the logs for full command output.\n\u001b[0m  Downloading cffi-0.3.tar.gz (130 kB)\n\u001b[91m    ERROR: Command errored out with exit status 1:\n     command: /usr/local/bin/python -c 'import io, os, sys, setuptools, tokenize; sys.argv[0] = '\"'\"'/tmp/pip-install-yph79u9_/cffi_4cfe37374f514a98b7ea72c4b93fe420/setup.py'\"'\"'; __file__='\"'\"'/tmp/pip-install-yph79u9_/cffi_4cfe37374f514a98b7ea72c4b93fe420/setup.py'\"'\"';f = getattr(tokenize, '\"'\"'open'\"'\"', open)(__file__) if os.path.exists(__file__) else io.StringIO('\"'\"'from setuptools import setup; setup()'\"'\"');code = f.read().replace('\"'\"'\\r\\n'\"'\"', '\"'\"'\\n'\"'\"');f.close();exec(compile(code, __file__, '\"'\"'exec'\"'\"'))' egg_info --egg-base /tmp/pip-pip-egg-info-xi13fwfu\n         cwd: /tmp/pip-install-yph79u9_/cffi_4cfe37374f514a98b7ea72c4b93fe420/\n    Complete output (5 lines):\n    Traceback (most recent call last):\n      File \"<string>\", line 1, in <module>\n      File \"/tmp/pip-install-yph79u9_/cffi_4cfe37374f514a98b7ea72c4b93fe420/setup.py\", line 70, in <module>\n        from setuptools import setup, Feature, Extension\n    ImportError: cannot import name 'Feature'\n    ----------------------------------------\n\u001b[0m\u001b[91mWARNING: Discarding https://files.pythonhosted.org/packages/8e/a7/4de8caac66cbaf071a9aec6c4a8c0313a3770ad884d89660d56116c2a721/cffi-0.3.tar.gz#sha256=8308ec1c8c7ca40f16373a91ab4f4a5fd3d875193965d4b50078506cd814ed56 (from https://pypi.org/simple/cffi/). Command errored out with exit status 1: python setup.py egg_info Check the logs for full command output.\n\u001b[0m  Downloading cffi-0.2.1.tar.gz (114 kB)\n\u001b[91m    ERROR: Command errored out with exit status 1:\n     command: /usr/local/bin/python -c 'import io, os, sys, setuptools, tokenize; sys.argv[0] = '\"'\"'/tmp/pip-install-yph79u9_/cffi_08c70abee17449e8985c318f2dec60cc/setup.py'\"'\"'; __file__='\"'\"'/tmp/pip-install-yph79u9_/cffi_08c70abee17449e8985c318f2dec60cc/setup.py'\"'\"';f = getattr(tokenize, '\"'\"'open'\"'\"', open)(__file__) if os.path.exists(__file__) else io.StringIO('\"'\"'from setuptools import setup; setup()'\"'\"');code = f.read().replace('\"'\"'\\r\\n'\"'\"', '\"'\"'\\n'\"'\"');f.close();exec(compile(code, __file__, '\"'\"'exec'\"'\"'))' egg_info --egg-base /tmp/pip-pip-egg-info-785tptn0\n         cwd: /tmp/pip-install-yph79u9_/cffi_08c70abee17449e8985c318f2dec60cc/\n    Complete output (6 lines):\n    Traceback (most recent call last):\n      File \"<string>\", line 1, in <module>\n      File \"/tmp/pip-install-yph79u9_/cffi_08c70abee17449e8985c318f2dec60cc/setup.py\", line 19\n        except OSError, e:\n                      ^\n    SyntaxError: invalid syntax\n    ----------------------------------------\n\u001b[0m\u001b[91mWARNING: Discarding https://files.pythonhosted.org/packages/e8/e3/5ab48bd83da13adb5df119a30cc07bcfe4ff00d170d2c0d8ecda617991e2/cffi-0.2.1.tar.gz#sha256=282e06763bc35511e91f50a3f1b1aa6ab9cf851f353de21068dcf96eb030a6ad (from https://pypi.org/simple/cffi/). Command errored out with exit status 1: python setup.py egg_info Check the logs for full command output.\n\u001b[0m  Downloading cffi-0.2.tar.gz (103 kB)\n\u001b[91m    ERROR: Command errored out with exit status 1:\n     command: /usr/local/bin/python -c 'import io, os, sys, setuptools, tokenize; sys.argv[0] = '\"'\"'/tmp/pip-install-yph79u9_/cffi_1ccdc87d2d584bc99fcc58adb844414a/setup.py'\"'\"'; __file__='\"'\"'/tmp/pip-install-yph79u9_/cffi_1ccdc87d2d584bc99fcc58adb844414a/setup.py'\"'\"';f = getattr(tokenize, '\"'\"'open'\"'\"', open)(__file__) if os.path.exists(__file__) else io.StringIO('\"'\"'from setuptools import setup; setup()'\"'\"');code = f.read().replace('\"'\"'\\r\\n'\"'\"', '\"'\"'\\n'\"'\"');f.close();exec(compile(code, __file__, '\"'\"'exec'\"'\"'))' egg_info --egg-base /tmp/pip-pip-egg-info-hfi90xsc\n         cwd: /tmp/pip-install-yph79u9_/cffi_1ccdc87d2d584bc99fcc58adb844414a/\n    Complete output (6 lines):\n    Traceback (most recent call last):\n      File \"<string>\", line 1, in <module>\n      File \"/tmp/pip-install-yph79u9_/cffi_1ccdc87d2d584bc99fcc58adb844414a/setup.py\", line 19\n        except OSError, e:\n                      ^\n    SyntaxError: invalid syntax\n    ----------------------------------------\n\u001b[0m\u001b[91mWARNING: Discarding https://files.pythonhosted.org/packages/0a/6a/a69652b50330d647a44195fc174c3ed6e51dee7b9d096834829c3c6e229a/cffi-0.2.tar.gz#sha256=745084db16c816ab1b6e8037ec9d6b650389ceae81e19d37403a9afb8cd8d135 (from https://pypi.org/simple/cffi/). Command errored out with exit status 1: python setup.py egg_info Check the logs for full command output.\n\u001b[0m  Downloading cffi-0.1.tar.gz (84 kB)\n\u001b[91m    ERROR: Command errored out with exit status 1:\n     command: /usr/local/bin/python -c 'import io, os, sys, setuptools, tokenize; sys.argv[0] = '\"'\"'/tmp/pip-install-yph79u9_/cffi_dd2d20b8a8844973a43e01eb389e6e61/setup.py'\"'\"'; __file__='\"'\"'/tmp/pip-install-yph79u9_/cffi_dd2d20b8a8844973a43e01eb389e6e61/setup.py'\"'\"';f = getattr(tokenize, '\"'\"'open'\"'\"', open)(__file__) if os.path.exists(__file__) else io.StringIO('\"'\"'from setuptools import setup; setup()'\"'\"');code = f.read().replace('\"'\"'\\r\\n'\"'\"', '\"'\"'\\n'\"'\"');f.close();exec(compile(code, __file__, '\"'\"'exec'\"'\"'))' egg_info --egg-base /tmp/pip-pip-egg-info-_403g01e\n         cwd: /tmp/pip-install-yph79u9_/cffi_dd2d20b8a8844973a43e01eb389e6e61/\n    Complete output (5 lines):\n    Traceback (most recent call last):\n      File \"<string>\", line 1, in <module>\n      File \"/tmp/pip-install-yph79u9_/cffi_dd2d20b8a8844973a43e01eb389e6e61/setup.py\", line 27, in <module>\n        from setuptools import setup, Feature, Extension\n    ImportError: cannot import name 'Feature'\n    ----------------------------------------\n\u001b[0m\u001b[91mWARNING: Discarding https://files.pythonhosted.org/packages/c1/bc/ee6354b225acc60e58ccc3e6152224d66349539ac0fd616821f4bb3472b6/cffi-0.1.tar.gz#sha256=c9638c80a712464b42b9cc2e2d51176bbe5e300f74ff93606a63a8001ca4e925 (from https://pypi.org/simple/cffi/). Command errored out with exit status 1: python setup.py egg_info Check the logs for full command output.\n\u001b[0m\u001b[91mERROR: Cannot install cffi, cryptography==1.0, cryptography==1.0.1, cryptography==1.0.2, cryptography==1.1, cryptography==1.1.1, cryptography==1.1.2, cryptography==1.2, cryptography==1.2.1, cryptography==1.2.2, cryptography==1.2.3, cryptography==1.3, cryptography==1.3.1, cryptography==1.3.2, cryptography==1.3.3, cryptography==1.3.4, cryptography==1.4, cryptography==1.5, cryptography==1.5.1, cryptography==1.5.2, cryptography==1.5.3, cryptography==1.6, cryptography==1.7, cryptography==1.7.1, cryptography==1.7.2, cryptography==1.8, cryptography==1.8.1, cryptography==1.8.2, cryptography==1.9, cryptography==2.0, cryptography==2.0.1, cryptography==2.0.2, cryptography==2.0.3, cryptography==2.1, cryptography==2.1.1, cryptography==2.1.2, cryptography==2.1.3, cryptography==2.1.4, cryptography==2.2, cryptography==2.2.1, cryptography==2.2.2, cryptography==2.3, cryptography==2.3.1, cryptography==2.4, cryptography==2.4.1, cryptography==2.4.2, cryptography==2.5, cryptography==2.6, cryptography==2.6.1, cryptography==2.7, cryptography==2.8, cryptography==2.9, cryptography==2.9.1, cryptography==2.9.2, cryptography==3.0, cryptography==3.1, cryptography==3.1.1, cryptography==3.2, cryptography==3.2.1, cryptography==3.3, cryptography==3.3.1, cryptography==3.3.2, cryptography==3.4, cryptography==3.4.1, cryptography==3.4.2, cryptography==3.4.3, cryptography==3.4.4, cryptography==3.4.5, cryptography==3.4.6, cryptography==3.4.7, cryptography==3.4.8, cryptography==35.0.0, cryptography==36.0.0, cryptography==36.0.1, cryptography==36.0.2, cryptography==37.0.0, cryptography==37.0.1, cryptography==37.0.2, cryptography==37.0.4, cryptography==38.0.0, cryptography==38.0.1, cryptography==38.0.3 and cryptography==38.0.4 because these package versions have conflicting dependencies.\n\u001b[0m\nThe conflict is caused by:\n    The user requested cffi\n    cryptography 38.0.4 depends on cffi>=1.12\n    The user requested cffi\n    cryptography 38.0.3 depends on cffi>=1.12\n    The user requested cffi\n    cryptography 38.0.1 depends on cffi>=1.12\n    The user requested cffi\n    cryptography 38.0.0 depends on cffi>=1.12\n    The user requested cffi\n    cryptography 37.0.4 depends on cffi>=1.12\n    The user requested cffi\n    cryptography 37.0.2 depends on cffi>=1.12\n    The user requested cffi\n    cryptography 37.0.1 depends on cffi>=1.12\n    The user requested cffi\n    cryptography 37.0.0 depends on cffi>=1.12\n    The user requested cffi\n    cryptography 36.0.2 depends on cffi>=1.12\n    The user requested cffi\n    cryptography 36.0.1 depends on cffi>=1.12\n    The user requested cffi\n    cryptography 36.0.0 depends on cffi>=1.12\n    The user requested cffi\n    cryptography 35.0.0 depends on cffi>=1.12\n    The user requested cffi\n    cryptography 3.4.8 depends on cffi>=1.12\n    The user requested cffi\n    cryptography 3.4.7 depends on cffi>=1.12\n    The user requested cffi\n    cryptography 3.4.6 depends on cffi>=1.12\n    The user requested cffi\n    cryptography 3.4.5 depends on cffi>=1.12\n    The user requested cffi\n    cryptography 3.4.4 depends on cffi>=1.12\n    The user requested cffi\n    cryptography 3.4.3 depends on cffi>=1.12\n    The user requested cffi\n    cryptography 3.4.2 depends on cffi>=1.12\n    The user requested cffi\n    cryptography 3.4.1 depends on cffi>=1.12\n    The user requested cffi\n    cryptography 3.4 depends on cffi>=1.12\n    The user requested cffi\n    cryptography 3.3.2 depends on cffi>=1.12\n    The user requested cffi\n    cryptography 3.3.1 depends on cffi>=1.12\n    The user requested cffi\n    cryptography 3.3 depends on cffi>=1.12\n    The user requested cffi\n    cryptography 3.2.1 depends on cffi!=1.11.3 and >=1.8\n    The user requested cffi\n    cryptography 3.2 depends on cffi!=1.11.3 and >=1.8\n    The user requested cffi\n    cryptography 3.1.1 depends on cffi!=1.11.3 and >=1.8\n    The user requested cffi\n    cryptography 3.1 depends on cffi!=1.11.3 and >=1.8\n    The user requested cffi\n    cryptography 3.0 depends on cffi!=1.11.3 and >=1.8\n    The user requested cffi\n    cryptography 2.9.2 depends on cffi!=1.11.3 and >=1.8\n    The user requested cffi\n    cryptography 2.9.1 depends on cffi!=1.11.3 and >=1.8\n    The user requested cffi\n    cryptography 2.9 depends on cffi!=1.11.3 and >=1.8\n    The user requested cffi\n    cryptography 2.8 depends on cffi!=1.11.3 and >=1.8\n    The user requested cffi\n    cryptography 2.7 depends on cffi!=1.11.3 and >=1.8\n    The user requested cffi\n    cryptography 2.6.1 depends on cffi!=1.11.3 and >=1.8\n    The user requested cffi\n    cryptography 2.6 depends on cffi!=1.11.3 and >=1.8\n    The user requested cffi\n    cryptography 2.5 depends on cffi!=1.11.3 and >=1.8\n    The user requested cffi\n    cryptography 2.4.2 depends on cffi!=1.11.3 and >=1.7\n    The user requested cffi\n    cryptography 2.4.1 depends on cffi!=1.11.3 and >=1.7\n    The user requested cffi\n    cryptography 2.4 depends on cffi!=1.11.3 and >=1.7\n    The user requested cffi\n    cryptography 2.3.1 depends on cffi!=1.11.3 and >=1.7\n    The user requested cffi\n    cryptography 2.3 depends on cffi!=1.11.3 and >=1.7\n    The user requested cffi\n    cryptography 2.2.2 depends on cffi>=1.7; platform_python_implementation != \"PyPy\"\n    The user requested cffi\n    cryptography 2.2.1 depends on cffi>=1.7; platform_python_implementation != \"PyPy\"\n    The user requested cffi\n    cryptography 2.2 depends on cffi>=1.7; platform_python_implementation != \"PyPy\"\n    The user requested cffi\n    cryptography 2.1.4 depends on cffi>=1.7; platform_python_implementation != \"PyPy\"\n    The user requested cffi\n    cryptography 2.1.3 depends on cffi>=1.7; platform_python_implementation != \"PyPy\"\n    The user requested cffi\n    cryptography 2.1.2 depends on cffi>=1.7; platform_python_implementation != \"PyPy\"\n    The user requested cffi\n    cryptography 2.1.1 depends on cffi>=1.7; platform_python_implementation != \"PyPy\"\n    The user requested cffi\n    cryptography 2.1 depends on cffi>=1.7; platform_python_implementation != \"PyPy\"\n    The user requested cffi\n    cryptography 2.0.3 depends on cffi>=1.7\n    The user requested cffi\n    cryptography 2.0.2 depends on cffi>=1.7\n    The user requested cffi\n    cryptography 2.0.1 depends on cffi>=1.7\n    The user requested cffi\n    cryptography 2.0 depends on cffi>=1.7\n    The user requested cffi\n    cryptography 1.9 depends on cffi>=1.7\n    The user requested cffi\n    cryptography 1.8.2 depends on cffi>=1.4.1\n    The user requested cffi\n    cryptography 1.8.1 depends on cffi>=1.4.1\n    The user requested cffi\n    cryptography 1.8 depends on cffi>=1.4.1\n    The user requested cffi\n    cryptography 1.7.2 depends on cffi>=1.4.1\n    The user requested cffi\n    cryptography 1.7.1 depends on cffi>=1.4.1\n    The user requested cffi\n    cryptography 1.7 depends on cffi>=1.4.1\n    The user requested cffi\n    cryptography 1.6 depends on cffi>=1.4.1\n    The user requested cffi\n    cryptography 1.5.3 depends on cffi>=1.4.1\n    The user requested cffi\n    cryptography 1.5.2 depends on cffi>=1.4.1\n    The user requested cffi\n    cryptography 1.5.1 depends on cffi>=1.4.1\n    The user requested cffi\n    cryptography 1.5 depends on cffi>=1.4.1\n    The user requested cffi\n    cryptography 1.4 depends on cffi>=1.4.1\n    The user requested cffi\n    cryptography 1.3.4 depends on cffi>=1.4.1\n    The user requested cffi\n    cryptography 1.3.3 depends on cffi>=1.4.1\n    The user requested cffi\n    cryptography 1.3.2 depends on cffi>=1.4.1\n    The user requested cffi\n    cryptography 1.3.1 depends on cffi>=1.4.1\n    The user requested cffi\n    cryptography 1.3 depends on cffi>=1.4.1\n    The user requested cffi\n    cryptography 1.2.3 depends on cffi>=1.4.1\n    The user requested cffi\n    cryptography 1.2.2 depends on cffi>=1.4.1\n    The user requested cffi\n    cryptography 1.2.1 depends on cffi>=1.4.1\n    The user requested cffi\n    cryptography 1.2 depends on cffi>=1.4.1\n    The user requested cffi\n    cryptography 1.1.2 depends on cffi>=1.1.0\n    The user requested cffi\n    cryptography 1.1.1 depends on cffi>=1.1.0\n    The user requested cffi\n    cryptography 1.1 depends on cffi>=1.1.0\n    The user requested cffi\n    cryptography 1.0.2 depends on cffi>=1.1.0\n    The user requested cffi\n    cryptography 1.0.1 depends on cffi>=1.1.0\n    The user requested cffi\n    cryptography 1.0 depends on cffi>=1.1.0\n\nTo fix this you could try to:\n1. loosen the range of package versions you've specified\n2. remove package versions to allow pip attempt to solve the dependency conflict\n\n\u001b[91mERROR: ResolutionImpossible: for help visit https://pip.pypa.io/en/latest/user_guide/#fixing-conflicting-dependencies\n\u001b[0m\u001b[91mWARNING: You are using pip version 21.2.4; however, version 21.3.1 is available.\nYou should consider upgrading via the '/usr/local/bin/python -m pip install --upgrade pip' command.\n\u001b[0mRemoving intermediate container f616ee39b1d0\n","stderr":"The command '/bin/sh -c apt-get update  && apt-get install -y python-dev python-cffi libxslt1-dev libssl-dev libffi-dev  && apt-get autoremove  && rm -rf /var/lib/apt/lists/*  && pip --no-cache-dir install -U cffi cryptography /var/cache/napalm/  && rm -rf /var/cache/napalm/' returned a non-zero code: 1\n"},"endTime":1672511077039}