{"repository":"https://github.com/zhou0/mysocks","dockerfilePath":"Dockerfile","startTime":1673005707842,"endTime":1673006146672,"clone":{"startTime":1673005707843,"stdout":"","stderr":"Cloning into '/tmp/dinghy-analysis/zhou0/mysocks'...\n","error":null,"endTime":1673005710049,"commit":"5f934fd3a8aa449e42a1a39da48b01f3731b49f3"},"originalBuild":{"startTime":1673005710137,"endTime":1673006146467,"error":{"code":2,"killed":false,"signal":null,"cmd":"docker build --no-cache --force-rm -t mysocks:latest -f /tmp/dinghy-analysis/zhou0/mysocks/Dockerfile ."},"stdout":"Sending build context to Docker daemon  62.02MB\r\r\n\u001b[91m[WARNING]: Empty continuation line found in:\n    RUN set -ex &&     apk add --no-cache --virtual .build-deps                                 autoconf                                 automake                                 build-base                                 cmake                                 curl                                 file                                 libtool                                 linux-headers                                 openssl-dev                                 tar                                 &&     curl -sSL $LIBUV_URL | tar xz && cd libuv-1.18.0 && ./autogen.sh && ./configure --prefix=/usr --disable-static && make && make install && cd .. &&     curl -sSL $WOLFSSL_URL | tar xz && cd wolfssl-3.11.0-stable &&  ./autogen.sh && ./configure --prefix=/usr --disable-static --enable-ipv6 --enable-aesgcm --enable-aesccm --enable-aesni --enable-aesctr --disable-coding --enable-hkdf --enable-poly1305 --enable-camellia --disable-des3 --enable-hc128 --enable-rabbit --enable-chacha --disable-examples --disable-iopool --disable-oldtls --disable-asn --disable-rsa --enable-fastmath --enable-sha  --disable-dh --enable-arc4 --disable-hashdrbg --disable-ecc --disable-sha512 --enable-cryptonly --disable-extended-master --disable-sha224 && make && make install && cd .. &&     curl -sSL $MYSOCKS_URL | tar xz && cd mysocks-0.5.12 && mkdir -p build/release && cd build/release &&     cmake -DCMAKE_BUILD_TYPE=Release ../.. &&     make && make install &&     runDeps=\"$(         scanelf --needed --nobanner /usr/local/bin/ssclient             | awk '{ gsub(/,/, \"\\nso:\", $2); print \"so:\" $2 }'             | xargs -r apk info --installed             | sort -u     )\" &&     cd ../../.. &&     apk add --no-cache --virtual .run-deps $runDeps &&     apk del .build-deps &&     rm -fr libuv-1.18.0 && rm -fr wolfssl-3.11.0-stable && rm -fr mysocks-0.5.12\n[WARNING]: Empty continuation lines will become errors in a future release.\n\u001b[0mStep 1/6 : FROM alpine:3.3\n3.3: Pulling from library/alpine\n207e252fc310: Pulling fs layer\n207e252fc310: Verifying Checksum\n207e252fc310: Download complete\n207e252fc310: Pull complete\nDigest: sha256:6bff6f65597a69246f79233ef37ff0dc50d97eaecbabbe4f8a885bf358be1ecf\nStatus: Downloaded newer image for alpine:3.3\n ---> a6fc1dbfa81a\nStep 2/6 : MAINTAINER lzh <lzh@cpan.org>\n ---> Running in d8b4d39fe02e\nRemoving intermediate container d8b4d39fe02e\n ---> 3b8c635e8306\nStep 3/6 : ARG MYSOCKS_URL=https://github.com/zhou0/mysocks/archive/0.5.12.tar.gz\n ---> Running in 9954a4335cec\nRemoving intermediate container 9954a4335cec\n ---> b4bd9e211782\nStep 4/6 : ARG LIBUV_URL=https://github.com/libuv/libuv/archive/v1.18.0.tar.gz\n ---> Running in e1abcafc32b8\nRemoving intermediate container e1abcafc32b8\n ---> 27c7595ccd26\nStep 5/6 : ARG WOLFSSL_URL=https://github.com/wolfSSL/wolfssl/archive/v3.11.0-stable.tar.gz\n ---> Running in 08c172c420aa\nRemoving intermediate container 08c172c420aa\n ---> fd2cf9e5acc0\nStep 6/6 : RUN set -ex &&     apk add --no-cache --virtual .build-deps                                 autoconf                                 automake                                 build-base                                 cmake                                 curl                                 file                                 libtool                                 linux-headers                                 openssl-dev                                 tar                                 &&     curl -sSL $LIBUV_URL | tar xz && cd libuv-1.18.0 && ./autogen.sh && ./configure --prefix=/usr --disable-static && make && make install && cd .. &&     curl -sSL $WOLFSSL_URL | tar xz && cd wolfssl-3.11.0-stable &&  ./autogen.sh && ./configure --prefix=/usr --disable-static --enable-ipv6 --enable-aesgcm --enable-aesccm --enable-aesni --enable-aesctr --disable-coding --enable-hkdf --enable-poly1305 --enable-camellia --disable-des3 --enable-hc128 --enable-rabbit --enable-chacha --disable-examples --disable-iopool --disable-oldtls --disable-asn --disable-rsa --enable-fastmath --enable-sha  --disable-dh --enable-arc4 --disable-hashdrbg --disable-ecc --disable-sha512 --enable-cryptonly --disable-extended-master --disable-sha224 && make && make install && cd .. &&     curl -sSL $MYSOCKS_URL | tar xz && cd mysocks-0.5.12 && mkdir -p build/release && cd build/release &&     cmake -DCMAKE_BUILD_TYPE=Release ../.. &&     make && make install &&     runDeps=\"$(         scanelf --needed --nobanner /usr/local/bin/ssclient             | awk '{ gsub(/,/, \"\\nso:\", $2); print \"so:\" $2 }'             | xargs -r apk info --installed             | sort -u     )\" &&     cd ../../.. &&     apk add --no-cache --virtual .run-deps $runDeps &&     apk del .build-deps &&     rm -fr libuv-1.18.0 && rm -fr wolfssl-3.11.0-stable && rm -fr mysocks-0.5.12\n ---> Running in 2258a9b690c4\n\u001b[91m+ apk add --no-cache --virtual .build-deps autoconf automake build-base cmake curl file libtool linux-headers openssl-dev tar\n\u001b[0mfetch http://dl-cdn.alpinelinux.org/alpine/v3.3/main/x86_64/APKINDEX.tar.gz\nfetch http://dl-cdn.alpinelinux.org/alpine/v3.3/community/x86_64/APKINDEX.tar.gz\n(1/47) Installing m4 (1.4.17-r1)\n(2/47) Installing perl (5.22.3-r0)\n(3/47) Installing autoconf (2.69-r0)\n(4/47) Installing automake (1.15-r0)\n(5/47) Installing binutils-libs (2.25.1-r0)\n(6/47) Installing binutils (2.25.1-r0)\n(7/47) Installing gmp (6.1.0-r0)\n(8/47) Installing isl (0.14.1-r0)\n(9/47) Installing libgomp (5.3.0-r0)\n(10/47) Installing libatomic (5.3.0-r0)\n(11/47) Installing libgcc (5.3.0-r0)\n(12/47) Installing pkgconf (0.9.12-r0)\n(13/47) Installing pkgconfig (0.25-r1)\n(14/47) Installing mpfr3 (3.1.2-r0)\n(15/47) Installing mpc1 (1.0.3-r0)\n(16/47) Installing libstdc++ (5.3.0-r0)\n(17/47) Installing gcc (5.3.0-r0)\n(18/47) Installing make (4.1-r0)\n(19/47) Installing musl-dev (1.1.12-r8)\n(20/47) Installing libc-dev (0.7-r0)\n(21/47) Installing fortify-headers (0.7-r0)\n(22/47) Installing g++ (5.3.0-r0)\n(23/47) Installing build-base (0.4-r1)\n(24/47) Installing libattr (2.4.47-r4)\n(25/47) Installing libacl (2.2.52-r2)\n(26/47) Installing libbz2 (1.0.6-r4)\n(27/47) Installing expat (2.2.0-r0)\n(28/47) Installing xz-libs (5.2.2-r1)\n(29/47) Installing libarchive (3.2.2-r1)\n(30/47) Installing openssl (1.0.2q-r0)\n(31/47) Installing ca-certificates (20161130-r0)\n(32/47) Installing libssh2 (1.6.0-r1)\n(33/47) Installing curl (7.55.0-r2)\n(34/47) Installing ncurses-terminfo-base (6.0_p20170701-r0)\n(35/47) Installing ncurses-terminfo (6.0_p20170701-r0)\n(36/47) Installing ncurses-libs (6.0_p20170701-r0)\n(37/47) Installing cmake (3.3.2-r3)\n(38/47) Installing file (5.25-r0)\n(39/47) Installing readline (6.3.008-r4)\n(40/47) Installing bash (4.3.42-r6)\nExecuting bash-4.3.42-r6.post-install\n(41/47) Installing libltdl (2.4.6-r0)\n(42/47) Installing libtool (2.4.6-r0)\n(43/47) Installing linux-headers (4.1.12-r0)\n(44/47) Installing zlib-dev (1.2.11-r0)\n(45/47) Installing openssl-dev (1.0.2q-r0)\n(46/47) Installing tar (1.28-r2)\n(47/47) Installing .build-deps (0)\nExecuting busybox-1.24.2-r2.trigger\nExecuting ca-certificates-20161130-r0.trigger\nOK: 256 MiB in 58 packages\n\u001b[91m+ curl -sSL https://github.com/libuv/libuv/archive/v1.18.0.tar.gz\n\u001b[0m\u001b[91m+ tar xz\n\u001b[0m\u001b[91m+ cd libuv-1.18.0\n+ ./autogen.sh\n\u001b[0m\u001b[91mUnescaped left brace in regex is deprecated, passed through in regex; marked by <-- HERE in m/\\${ <-- HERE ([^ \\t=:+{}]+)}/ at /usr/bin/automake line 3936.\n\u001b[0m\u001b[91m+ libtoolize --copy\n\u001b[0mlibtoolize: putting auxiliary files in '.'.\nlibtoolize: copying file './ltmain.sh'\nlibtoolize: putting macros in AC_CONFIG_MACRO_DIRS, 'm4'.\nlibtoolize: copying file 'm4/libtool.m4'\nlibtoolize: copying file 'm4/ltoptions.m4'\nlibtoolize: copying file 'm4/ltsugar.m4'\nlibtoolize: copying file 'm4/ltversion.m4'\nlibtoolize: copying file 'm4/lt~obsolete.m4'\n\u001b[91m+ aclocal -I m4\n\u001b[0m\u001b[91m+ autoconf\n\u001b[0m\u001b[91m+ automake --add-missing --copy\n\u001b[0m\u001b[91mUnescaped left brace in regex is deprecated, passed through in regex; marked by <-- HERE in m/\\${ <-- HERE ([^ \\t=:+{}]+)}/ at /usr/bin/automake line 3936.\n\u001b[0m\u001b[91mconfigure.ac:38: installing './ar-lib'\n\u001b[0m\u001b[91mconfigure.ac:25: installing './compile'\n\u001b[0m\u001b[91mconfigure.ac:22: installing './config.guess'\n\u001b[0m\u001b[91mconfigure.ac:22: installing './config.sub'\n\u001b[0m\u001b[91mconfigure.ac:21: installing './install-sh'\n\u001b[0m\u001b[91mconfigure.ac:21: installing './missing'\n\u001b[0m\u001b[91mMakefile.am: installing './depcomp'\n\u001b[0m\u001b[91m+ ./configure --prefix=/usr --disable-static\n\u001b[0mchecking for a BSD-compatible install... /usr/bin/install -c\nchecking whether build environment is sane... yes\nchecking for a thread-safe mkdir -p... ./install-sh -c -d\nchecking for gawk... no\nchecking for mawk... no\nchecking for nawk... no\nchecking for awk... awk\nchecking whether make sets $(MAKE)... yes\nchecking whether make supports nested variables... yes\nchecking build system type... x86_64-unknown-linux-gnu\nchecking host system type... x86_64-unknown-linux-gnu\nchecking for gcc... gcc\nchecking whether the C compiler works... yes\nchecking for C compiler default output file name... a.out\nchecking for suffix of executables... \nchecking whether we are cross compiling... no\nchecking for suffix of object files... o\nchecking whether we are using the GNU C compiler... yes\nchecking whether gcc accepts -g... yes\nchecking for gcc option to accept ISO C89... none needed\nchecking whether gcc understands -c and -o together... yes\nchecking for style of include used by make... GNU\nchecking dependency style of gcc... gcc3\nchecking if gcc supports -pedantic flag... yes\nchecking for gcc way to treat warnings as errors... -Werror\nchecking if gcc supports -fvisibility=hidden... yes\nchecking if gcc supports -g flag... yes\nchecking if gcc supports -std=gnu89 flag... yes\nchecking if gcc supports -Wall flag... yes\nchecking if gcc supports -Wextra flag... yes\nchecking if gcc supports -Wno-unused-parameter flag... yes\nchecking if gcc supports -Wstrict-prototypes flag... yes\nchecking for ar... ar\nchecking the archiver (ar) interface... ar\nchecking how to print strings... printf\nchecking for a sed that does not truncate output... /bin/sed\nchecking for grep that handles long lines and -e... /bin/grep\nchecking for egrep... /bin/grep -E\nchecking for fgrep... /bin/grep -F\nchecking for ld used by gcc... /usr/x86_64-alpine-linux-musl/bin/ld\nchecking if the linker (/usr/x86_64-alpine-linux-musl/bin/ld) is GNU ld... yes\nchecking for BSD- or MS-compatible name lister (nm)... /usr/bin/nm -B\nchecking the name lister (/usr/bin/nm -B) interface... BSD nm\nchecking whether ln -s works... yes\nchecking the maximum length of command line arguments... 98304\nchecking how to convert x86_64-unknown-linux-gnu file names to x86_64-unknown-linux-gnu format... func_convert_file_noop\nchecking how to convert x86_64-unknown-linux-gnu file names to toolchain format... func_convert_file_noop\nchecking for /usr/x86_64-alpine-linux-musl/bin/ld option to reload object files... -r\nchecking for objdump... objdump\nchecking how to recognize dependent libraries... pass_all\nchecking for dlltool... no\nchecking how to associate runtime and link libraries... printf %s\\n\nchecking for archiver @FILE support... @\nchecking for strip... strip\nchecking for ranlib... ranlib\nchecking command to parse /usr/bin/nm -B output from gcc object... ok\nchecking for sysroot... no\nchecking for a working dd... /bin/dd\nchecking how to truncate binary pipes... /bin/dd bs=4096 count=1\nchecking for mt... no\nchecking if : is a manifest tool... no\nchecking how to run the C preprocessor... gcc -E\nchecking for ANSI C header files... yes\nchecking for sys/types.h... yes\nchecking for sys/stat.h... yes\nchecking for stdlib.h... yes\nchecking for string.h... yes\nchecking for memory.h... yes\nchecking for strings.h... yes\nchecking for inttypes.h... yes\nchecking for stdint.h... yes\nchecking for unistd.h... yes\nchecking for dlfcn.h... yes\nchecking for objdir... .libs\nchecking if gcc supports -fno-rtti -fno-exceptions... no\nchecking for gcc option to produce PIC... -fPIC -DPIC\nchecking if gcc PIC flag -fPIC -DPIC works... yes\nchecking if gcc static flag -static works... yes\nchecking if gcc supports -c -o file.o... yes\nchecking if gcc supports -c -o file.o... (cached) yes\nchecking whether the gcc linker (/usr/x86_64-alpine-linux-musl/bin/ld -m elf_x86_64) supports shared libraries... yes\nchecking whether -lc should be explicitly linked in... no\nchecking dynamic linker characteristics... GNU/Linux ld.so\nchecking how to hardcode library paths into programs... immediate\nchecking whether stripping libraries is possible... yes\nchecking if libtool supports shared libraries... yes\nchecking whether to build shared libraries... yes\nchecking whether to build static libraries... no\nchecking whether make supports nested variables... (cached) yes\nchecking for dlopen in -ldl... yes\nchecking for kstat_lookup in -lkstat... no\nchecking for gethostbyname in -lnsl... no\nchecking for perfstat_cpu in -lperfstat... no\nchecking for pthread_mutex_init in -lpthread... yes\nchecking for clock_gettime in -lrt... yes\nchecking for sendfile in -lsendfile... no\nchecking for socket in -lsocket... no\nchecking for special C compiler options needed for large files... no\nchecking for _FILE_OFFSET_BITS value needed for large files... no\nchecking sys/ahafs_evProds.h usability... no\nchecking sys/ahafs_evProds.h presence... no\nchecking for sys/ahafs_evProds.h... no\nchecking for pkg-config... yes\nchecking that generated files are newer than configure... done\nconfigure: creating ./config.status\nconfig.status: creating libuv.pc\nconfig.status: creating Makefile\nconfig.status: executing depfiles commands\nconfig.status: executing libtool commands\n\u001b[91m+ make\n\u001b[0m  CC       src/libuv_la-fs-poll.lo\n  CC       src/libuv_la-inet.lo\n  CC       src/libuv_la-threadpool.lo\n  CC       src/libuv_la-uv-common.lo\n  CC       src/libuv_la-version.lo\n  CC       src/unix/libuv_la-async.lo\n  CC       src/unix/libuv_la-core.lo\n  CC       src/unix/libuv_la-dl.lo\n  CC       src/unix/libuv_la-fs.lo\n  CC       src/unix/libuv_la-getaddrinfo.lo\n  CC       src/unix/libuv_la-getnameinfo.lo\n  CC       src/unix/libuv_la-loop-watcher.lo\n  CC       src/unix/libuv_la-loop.lo\n  CC       src/unix/libuv_la-pipe.lo\n  CC       src/unix/libuv_la-poll.lo\n  CC       src/unix/libuv_la-process.lo\n  CC       src/unix/libuv_la-signal.lo\n  CC       src/unix/libuv_la-stream.lo\n  CC       src/unix/libuv_la-tcp.lo\n  CC       src/unix/libuv_la-thread.lo\n  CC       src/unix/libuv_la-timer.lo\n  CC       src/unix/libuv_la-tty.lo\n  CC       src/unix/libuv_la-udp.lo\n  CC       src/unix/libuv_la-linux-core.lo\n  CC       src/unix/libuv_la-linux-inotify.lo\n  CC       src/unix/libuv_la-linux-syscalls.lo\n  CC       src/unix/libuv_la-procfs-exepath.lo\n  CC       src/unix/libuv_la-proctitle.lo\n  CC       src/unix/libuv_la-sysinfo-loadavg.lo\n  CC       src/unix/libuv_la-sysinfo-memory.lo\n  CCLD     libuv.la\n\u001b[91m+ make install\n\u001b[0mmake[1]: Entering directory '/libuv-1.18.0'\n ./install-sh -c -d '/usr/lib'\n /bin/bash ./libtool   --mode=install /usr/bin/install -c   libuv.la '/usr/lib'\nlibtool: install: /usr/bin/install -c .libs/libuv.so.1.0.0 /usr/lib/libuv.so.1.0.0\nlibtool: install: (cd /usr/lib && { ln -s -f libuv.so.1.0.0 libuv.so.1 || { rm -f libuv.so.1 && ln -s libuv.so.1.0.0 libuv.so.1; }; })\nlibtool: install: (cd /usr/lib && { ln -s -f libuv.so.1.0.0 libuv.so || { rm -f libuv.so && ln -s libuv.so.1.0.0 libuv.so; }; })\nlibtool: install: /usr/bin/install -c .libs/libuv.lai /usr/lib/libuv.la\nlibtool: finish: PATH=\"/usr/local/sbin:/usr/local/bin:/usr/sbin:/usr/bin:/sbin:/bin:/sbin\" ldconfig -n /usr/lib\n----------------------------------------------------------------------\nLibraries have been installed in:\n   /usr/lib\n\nIf you ever happen to want to link against installed libraries\nin a given directory, LIBDIR, you must either use libtool, and\nspecify the full pathname of the library, or use the '-LLIBDIR'\nflag during linking and do at least one of the following:\n   - add LIBDIR to the 'LD_LIBRARY_PATH' environment variable\n     during execution\n   - add LIBDIR to the 'LD_RUN_PATH' environment variable\n     during linking\n   - use the '-Wl,-rpath -Wl,LIBDIR' linker flag\n\nSee any operating system documentation about shared libraries for\nmore information, such as the ld(1) and ld.so(8) manual pages.\n----------------------------------------------------------------------\n ./install-sh -c -d '/usr/include'\n /usr/bin/install -c -m 644 include/uv.h include/uv-errno.h include/uv-threadpool.h include/uv-version.h include/uv-unix.h include/uv-linux.h '/usr/include'\n ./install-sh -c -d '/usr/lib/pkgconfig'\n /usr/bin/install -c -m 644 libuv.pc '/usr/lib/pkgconfig'\nmake[1]: Leaving directory '/libuv-1.18.0'\n\u001b[91m+ cd ..\n\u001b[0m\u001b[91m+ curl -sSL https://github.com/wolfSSL/wolfssl/archive/v3.11.0-stable.tar.gz\n+ tar xz\n\u001b[0m\u001b[91m+ cd wolfssl-3.11.0-stable\n+ ./autogen.sh\n\u001b[0m\u001b[91mautoreconf: Entering directory `.'\n\u001b[0m\u001b[91mautoreconf: configure.ac: not using Gettext\n\u001b[0m\u001b[91mautoreconf: running: aclocal --force -I m4\n\u001b[0m\u001b[91mautoreconf: configure.ac: tracing\n\u001b[0m\u001b[91mautoreconf: configure.ac: creating directory build-aux\n\u001b[0m\u001b[91mautoreconf: running: libtoolize --copy --force\n\u001b[0mlibtoolize: putting auxiliary files in AC_CONFIG_AUX_DIR, 'build-aux'.\nlibtoolize: copying file 'build-aux/ltmain.sh'\nlibtoolize: putting macros in AC_CONFIG_MACRO_DIRS, 'm4'.\nlibtoolize: copying file 'm4/libtool.m4'\nlibtoolize: copying file 'm4/ltoptions.m4'\nlibtoolize: copying file 'm4/ltsugar.m4'\nlibtoolize: copying file 'm4/ltversion.m4'\nlibtoolize: copying file 'm4/lt~obsolete.m4'\n\u001b[91mautoreconf: running: /usr/bin/autoconf --force\n\u001b[0m\u001b[91mautoreconf: running: /usr/bin/autoheader --force\n\u001b[0m\u001b[91mautoreconf: running: automake --add-missing --copy --force-missing\n\u001b[0m\u001b[91mUnescaped left brace in regex is deprecated, passed through in regex; marked by <-- HERE in m/\\${ <-- HERE ([^ \\t=:+{}]+)}/ at /usr/bin/automake line 3936.\n\u001b[0m\u001b[91mconfigure.ac:58: installing 'build-aux/compile'\n\u001b[0m\u001b[91mconfigure.ac:17: installing 'build-aux/config.guess'\n\u001b[0m\u001b[91mconfigure.ac:17: installing 'build-aux/config.sub'\n\u001b[0m\u001b[91mconfigure.ac:20: installing 'build-aux/install-sh'\n\u001b[0m\u001b[91mconfigure.ac:20: installing 'build-aux/missing'\n\u001b[0m\u001b[91mMakefile.am: installing 'build-aux/depcomp'\n\u001b[0m\u001b[91mparallel-tests: installing 'build-aux/test-driver'\n\u001b[0m\u001b[91mautoreconf: Leaving directory `.'\n\u001b[0m\u001b[91m+ ./configure --prefix=/usr --disable-static --enable-ipv6 --enable-aesgcm --enable-aesccm --enable-aesni --enable-aesctr --disable-coding --enable-hkdf --enable-poly1305 --enable-camellia --disable-des3 --enable-hc128 --enable-rabbit --enable-chacha --disable-examples --disable-iopool --disable-oldtls --disable-asn --disable-rsa --enable-fastmath --enable-sha --disable-dh --enable-arc4 --disable-hashdrbg --disable-ecc --disable-sha512\u001b[0m\u001b[91m --enable-cryptonly --disable-extended-master --disable-sha224\n\u001b[0mchecking build system type... x86_64-unknown-linux-gnu\nchecking host system type... x86_64-unknown-linux-gnu\nchecking for a BSD-compatible install... /usr/bin/install -c\nchecking whether build environment is sane... yes\nchecking for a thread-safe mkdir -p... build-aux/install-sh -c -d\nchecking for gawk... no\nchecking for mawk... no\nchecking for nawk... no\nchecking for awk... awk\nchecking whether make sets $(MAKE)... yes\nchecking whether make supports nested variables... yes\nchecking whether UID '0' is supported by ustar format... yes\nchecking whether GID '0' is supported by ustar format... yes\nchecking how to create a ustar tar archive... gnutar\nchecking how to print strings... printf\nchecking for style of include used by make... GNU\nchecking for gcc... gcc\nchecking whether the C compiler works... yes\nchecking for C compiler default output file name... a.out\nchecking for suffix of executables... \nchecking whether we are cross compiling... no\nchecking for suffix of object files... o\nchecking whether we are using the GNU C compiler... yes\nchecking whether gcc accepts -g... yes\nchecking for gcc option to accept ISO C89... none needed\nchecking whether gcc understands -c and -o together... yes\nchecking dependency style of gcc... gcc3\nchecking for a sed that does not truncate output... /bin/sed\nchecking for grep that handles long lines and -e... /bin/grep\nchecking for egrep... /bin/grep -E\nchecking for fgrep... /bin/grep -F\nchecking for ld used by gcc... /usr/x86_64-alpine-linux-musl/bin/ld\nchecking if the linker (/usr/x86_64-alpine-linux-musl/bin/ld) is GNU ld... yes\nchecking for BSD- or MS-compatible name lister (nm)... /usr/bin/nm -B\nchecking the name lister (/usr/bin/nm -B) interface... BSD nm\nchecking whether ln -s works... yes\nchecking the maximum length of command line arguments... 98304\nchecking how to convert x86_64-unknown-linux-gnu file names to x86_64-unknown-linux-gnu format... func_convert_file_noop\nchecking how to convert x86_64-unknown-linux-gnu file names to toolchain format... func_convert_file_noop\nchecking for /usr/x86_64-alpine-linux-musl/bin/ld option to reload object files... -r\nchecking for objdump... objdump\nchecking how to recognize dependent libraries... pass_all\nchecking for dlltool... no\nchecking how to associate runtime and link libraries... printf %s\\n\nchecking for ar... ar\nchecking for archiver @FILE support... @\nchecking for strip... strip\nchecking for ranlib... ranlib\nchecking command to parse /usr/bin/nm -B output from gcc object... ok\nchecking for sysroot... no\nchecking for a working dd... /bin/dd\nchecking how to truncate binary pipes... /bin/dd bs=4096 count=1\nchecking for mt... no\nchecking if : is a manifest tool... no\nchecking how to run the C preprocessor... gcc -E\nchecking for ANSI C header files... yes\nchecking for sys/types.h... yes\nchecking for sys/stat.h... yes\nchecking for stdlib.h... yes\nchecking for string.h... yes\nchecking for memory.h... yes\nchecking for strings.h... yes\nchecking for inttypes.h... yes\nchecking for stdint.h... yes\nchecking for unistd.h... yes\nchecking for dlfcn.h... yes\nchecking for objdir... .libs\nchecking if gcc supports -fno-rtti -fno-exceptions... no\nchecking for gcc option to produce PIC... -fPIC -DPIC\nchecking if gcc PIC flag -fPIC -DPIC works... yes\nchecking if gcc static flag -static works... yes\nchecking if gcc supports -c -o file.o... yes\nchecking if gcc supports -c -o file.o... (cached) yes\nchecking whether the gcc linker (/usr/x86_64-alpine-linux-musl/bin/ld -m elf_x86_64) supports shared libraries... yes\nchecking whether -lc should be explicitly linked in... no\nchecking dynamic linker characteristics... GNU/Linux ld.so\nchecking how to hardcode library paths into programs... immediate\nchecking whether stripping libraries is possible... yes\nchecking if libtool supports shared libraries... yes\nchecking whether to build shared libraries... yes\nchecking whether to build static libraries... no\nchecking for g++... g++\nchecking whether we are using the GNU C++ compiler... yes\nchecking whether g++ accepts -g... yes\nchecking dependency style of g++... gcc3\nchecking how to run the C++ preprocessor... g++ -E\nchecking for ld used by g++... /usr/x86_64-alpine-linux-musl/bin/ld -m elf_x86_64\nchecking if the linker (/usr/x86_64-alpine-linux-musl/bin/ld -m elf_x86_64) is GNU ld... yes\nchecking whether the g++ linker (/usr/x86_64-alpine-linux-musl/bin/ld -m elf_x86_64) supports shared libraries... yes\nchecking for g++ option to produce PIC... -fPIC -DPIC\nchecking if g++ PIC flag -fPIC -DPIC works... yes\nchecking if g++ static flag -static works... yes\nchecking if g++ supports -c -o file.o... yes\nchecking if g++ supports -c -o file.o... (cached) yes\nchecking whether the g++ linker (/usr/x86_64-alpine-linux-musl/bin/ld -m elf_x86_64) supports shared libraries... yes\nchecking dynamic linker characteristics... (cached) GNU/Linux ld.so\nchecking how to hardcode library paths into programs... immediate\nchecking whether the -Werror option is usable... yes\nchecking for simple visibility declarations... yes\nchecking whether make supports nested variables... (cached) yes\nchecking size of long long... 8\nchecking size of long... 8\nchecking for __uint128_t... yes\nchecking for gethostbyname... yes\nchecking for getaddrinfo... yes\nchecking for gettimeofday... yes\nchecking for gmtime_r... yes\nchecking for inet_ntoa... yes\nchecking for memset... yes\nchecking for socket... yes\nchecking arpa/inet.h usability... yes\nchecking arpa/inet.h presence... yes\nchecking for arpa/inet.h... yes\nchecking fcntl.h usability... yes\nchecking fcntl.h presence... yes\nchecking for fcntl.h... yes\nchecking limits.h usability... yes\nchecking limits.h presence... yes\nchecking for limits.h... yes\nchecking netdb.h usability... yes\nchecking netdb.h presence... yes\nchecking for netdb.h... yes\nchecking netinet/in.h usability... yes\nchecking netinet/in.h presence... yes\nchecking for netinet/in.h... yes\nchecking stddef.h usability... yes\nchecking stddef.h presence... yes\nchecking for stddef.h... yes\nchecking sys/ioctl.h usability... yes\nchecking sys/ioctl.h presence... yes\nchecking for sys/ioctl.h... yes\nchecking sys/socket.h usability... yes\nchecking sys/socket.h presence... yes\nchecking for sys/socket.h... yes\nchecking sys/time.h usability... yes\nchecking sys/time.h presence... yes\nchecking for sys/time.h... yes\nchecking errno.h usability... yes\nchecking errno.h presence... yes\nchecking for errno.h... yes\nchecking for socket in -lnetwork... no\nchecking whether byte ordering is bigendian... no\nchecking for gcc... (cached) gcc\nchecking whether we are using the GNU C compiler... (cached) yes\nchecking whether gcc accepts -g... (cached) yes\nchecking for gcc option to accept ISO C89... (cached) none needed\nchecking whether gcc understands -c and -o together... (cached) yes\nchecking dependency style of gcc... (cached) gcc3\nchecking whether gcc and cc understand -c and -o together... yes\nchecking whether we are using the GNU C++ compiler... (cached) yes\nchecking whether g++ accepts -g... (cached) yes\nchecking dependency style of g++... (cached) gcc3\nchecking for size_t... yes\nchecking for uint8_t... yes\nchecking dependency style of gcc... gcc3\nchecking for cos in -lm... yes\nchecking for thread local storage (TLS) class... __thread\nchecking for debug... no\nchecking for the pthreads library -lpthreads... no\nchecking whether pthreads work without any flags... yes\nchecking for joinable pthread attribute... PTHREAD_CREATE_JOINABLE\nchecking if more special flags are required for pthreads... no\nchecking for PTHREAD_PRIO_INHERIT... yes\nchecking for fast RSA... no\nchecking for library containing gethostbyname... none required\nchecking for library containing socket... none required\nchecking for vcs system... none\nchecking for vcs checkout... no\nchecking whether the linker accepts -Werror... yes\nchecking whether the linker accepts -z relro -z now... yes\nchecking whether the linker accepts -pie... yes\nchecking whether C compiler accepts ... yes\nchecking whether C compiler accepts -Werror... yes\nchecking whether C compiler accepts -Wno-pragmas... yes\nchecking whether C compiler accepts -Wall... yes\nchecking whether C compiler accepts -Wno-strict-aliasing... yes\nchecking whether C compiler accepts -Wextra... yes\nchecking whether C compiler accepts -Wunknown-pragmas... yes\nchecking whether C compiler accepts -Wthis-test-should-fail... no\nchecking whether C compiler accepts --param=ssp-buffer-size=1... yes\nchecking whether C compiler accepts -Waddress... yes\nchecking whether C compiler accepts -Warray-bounds... yes\nchecking whether C compiler accepts -Wbad-function-cast... yes\nchecking whether C compiler accepts -Wchar-subscripts... yes\nchecking whether C compiler accepts -Wcomment... yes\nchecking whether C compiler accepts -Wfloat-equal... yes\nchecking whether C compiler accepts -Wformat-security... yes\nchecking whether C compiler accepts -Wformat=2... yes\nchecking whether C compiler accepts -Wmaybe-uninitialized... yes\nchecking whether C compiler accepts -Wmissing-field-initializers... yes\nchecking whether C compiler accepts -Wmissing-noreturn... yes\nchecking whether C compiler accepts -Wmissing-prototypes... yes\nchecking whether C compiler accepts -Wnested-externs... yes\nchecking whether C compiler accepts -Wnormalized=id... yes\nchecking whether C compiler accepts -Woverride-init... yes\nchecking whether C compiler accepts -Wpointer-arith... yes\nchecking whether C compiler accepts -Wpointer-sign... yes\nchecking whether C compiler accepts -Wredundant-decls... yes\nchecking whether C compiler accepts -Wshadow... yes\nchecking whether C compiler accepts -Wshorten-64-to-32... no\nchecking whether C compiler accepts -Wsign-compare... yes\nchecking whether C compiler accepts -Wstrict-overflow=1... yes\nchecking whether C compiler accepts -Wstrict-prototypes... no\nchecking whether C compiler accepts -Wswitch-enum... yes\nchecking whether C compiler accepts -Wundef... yes\nchecking whether C compiler accepts -Wunused... yes\nchecking whether C compiler accepts -Wunused-result... yes\nchecking whether C compiler accepts -Wunused-variable... yes\nchecking whether C compiler accepts -Wwrite-strings... yes\nchecking whether C compiler accepts -fwrapv... yes\ncreating wolfssl-config - generic 3.11.0 for -lwolfssl\nchecking the number of available CPUs... 36 \nconfigure: adding automake macro support\nconfigure: creating aminclude.am\nconfigure: added jobserver support to make for 37 jobs\nchecking that generated files are newer than configure... done\nconfigure: creating ./config.status\nconfig.status: creating stamp-h\nconfig.status: creating Makefile\nconfig.status: creating wolfssl/version.h\nconfig.status: creating wolfssl/options.h\nconfig.status: creating support/wolfssl.pc\nconfig.status: creating rpm/spec\nconfig.status: creating config.h\nconfig.status: executing depfiles commands\nconfig.status: executing libtool commands\n---\nRunning make clean...\n---\nGenerating user options header...\nnot outputting (N)DEBUG to wolfssl/options.h\noption w/o begin -D is -maes, not saving to wolfssl/options.h\noption w/o begin -D is -msse4, not saving to wolfssl/options.h\noption w/o begin -D is -Wall, not saving to wolfssl/options.h\noption w/o begin -D is -Wno-unused, not saving to wolfssl/options.h\noption w/o begin -D is -Os, not saving to wolfssl/options.h\noption w/o begin -D is -fomit-frame-pointer, not saving to wolfssl/options.h\n\n\n---\nConfiguration summary for wolfssl version 3.11.0\n\n   * Installation prefix:        /usr\n   * System type:                unknown-linux-gnu\n   * Host CPU:                   x86_64\n   * C Compiler:                 gcc\n   * C Flags:                     -Wno-pragmas -Wall -Wno-strict-aliasing -Wextra -Wunknown-pragmas --param=ssp-buffer-size=1 -Waddress -Warray-bounds -Wbad-function-cast -Wchar-subscripts -Wcomment -Wfloat-equal -Wformat-security -Wformat=2 -Wmaybe-uninitialized -Wmissing-field-initializers -Wmissing-noreturn -Wmissing-prototypes -Wnested-externs -Wnormalized=id -Woverride-init -Wpointer-arith -Wpointer-sign -Wredundant-decls -Wshadow -Wsign-compare -Wstrict-overflow=1 -Wswitch-enum -Wundef -Wunused -Wunused-result -Wunused-variable -Wwrite-strings -fwrapv \n   * C++ Compiler:               g++\n   * C++ Flags:                  -g -O2\n   * CPP Flags:                   -fvisibility=hidden\n   * CCAS Flags:                 \n   * LIB Flags:                   -pie -z relro -z now \n   * Debug enabled:              no\n   * Warnings as failure:        no\n   * make -j:                    37\n   * VCS checkout:               no\n\n   Features \n   * Single threaded:            no\n   * Filesystem:                 yes\n   * OpenSSH Build:              no\n   * OpenSSL Extra API:          no\n   * Max Strength Build:         no\n   * Distro Build:               no\n   * fastmath:                   no\n   * sniffer:                    no\n   * snifftest:                  no\n   * ARC4:                       yes\n   * AES:                        yes\n   * AES-NI:                     yes\n   * AES-GCM:                    yes\n   * AES-CCM:                    yes\n   * AES-CTR:                    yes\n   * DES3:                       no\n   * IDEA:                       no\n   * Camellia:                   yes\n   * NULL Cipher:                no\n   * MD5:                        yes\n   * RIPEMD:                     no\n   * SHA:                        yes\n   * SHA-224:                    no\n   * SHA-512:                    no\n   * BLAKE2:                     no\n   * CMAC:                       no\n   * keygen:                     no\n   * certgen:                    no\n   * certreq:                    no\n   * certext:                    no\n   * HC-128:                     yes\n   * RABBIT:                     yes\n   * CHACHA:                     yes\n   * Hash DRBG:                  no\n   * PWDBASED:                   no\n   * scrypt:                     no\n   * wolfCrypt Only:             yes\n   * HKDF:                       yes\n   * X9.63 KDF:                  no\n   * MD4:                        no\n   * PSK:                        no\n   * Poly1305:                   yes\n   * LEANPSK:                    no\n   * LEANTLS:                    no\n   * RSA:                        no\n   * DSA:                        no\n   * DH:                         no\n   * ECC:                        no\n   * CURVE25519:                 no\n   * ED25519:                    no\n   * FPECC:                      no\n   * ECC_ENCRYPT:                no\n   * ASN:                        no\n   * Anonymous cipher:           no\n   * CODING:                     no\n   * MEMORY:                     yes\n   * I/O POOL:                   no\n   * LIGHTY:                     no\n   * HAPROXY:                    no\n   * STUNNEL:                    no\n   * NGINX:                      no\n   * ERROR_STRINGS:              yes\n   * DTLS:                       no\n   * SCTP:                       no\n   * Old TLS Versions:           no\n   * SSL version 3.0:            no\n   * OCSP:                       no\n   * OCSP Stapling:              no\n   * OCSP Stapling v2:           no\n   * CRL:                        no\n   * CRL-MONITOR:                no\n   * Persistent session cache:   no\n   * Persistent cert    cache:   no\n   * Atomic User Record Layer:   no\n   * Public Key Callbacks:       no\n   * NTRU:                       no\n   * Whitewood netRandom:        no\n   * Server Name Indication:     no\n   * ALPN:                       no\n   * Maximum Fragment Length:    no\n   * Truncated HMAC:             no\n   * Supported Elliptic Curves:  no\n   * Session Ticket:             no\n   * Extended Master Secret:     no\n   * Renegotiation Indication:   no\n   * Secure Renegotiation:       no\n   * All TLS Extensions:         no\n   * PKCS#7                      no\n   * wolfSCEP                    no\n   * Secure Remote Password      no\n   * Small Stack:                no\n   * valgrind unit tests:        no\n   * LIBZ:                       no\n   * Examples:                   no\n   * User Crypto:                no\n   * Fast RSA:                   no\n   * Async Crypto:               no\n   * Cavium:                     no\n   * ARM ASM:                    no\n   * AES Key Wrap:               no\n   * Write duplicate:            no\n   * Intel Quick Assist:         no\n\n---\n\u001b[91m+ make\n\u001b[0mmake -j37  all-am\nmake[1]: Entering directory '/wolfssl-3.11.0-stable'\n  CC       wolfcrypt/src/src_libwolfssl_la-hmac.lo\n  CC       wolfcrypt/src/src_libwolfssl_la-hash.lo\n  CC       wolfcrypt/src/src_libwolfssl_la-random.lo\n  CC       wolfcrypt/src/src_libwolfssl_la-sha256.lo\n  CC       wolfcrypt/src/src_libwolfssl_la-aes.lo\n  CC       wolfcrypt/src/src_libwolfssl_la-sha.lo\n  CC       wolfcrypt/src/src_libwolfssl_la-wc_encrypt.lo\n  CC       wolfcrypt/src/src_libwolfssl_la-logging.lo\n  CC       wolfcrypt/src/src_libwolfssl_la-error.lo\n  CC       wolfcrypt/src/src_libwolfssl_la-signature.lo\n  CC       wolfcrypt/src/src_libwolfssl_la-wolfmath.lo\n  CC       wolfcrypt/src/src_libwolfssl_la-wc_port.lo\n  CC       wolfcrypt/src/src_libwolfssl_la-poly1305.lo\n  CC       wolfcrypt/src/src_libwolfssl_la-memory.lo\n  CC       wolfcrypt/src/src_libwolfssl_la-arc4.lo\n  CC       wolfcrypt/src/src_libwolfssl_la-hc128.lo\n  CCAS     wolfcrypt/src/aes_asm.lo\n  CC       wolfcrypt/src/src_libwolfssl_la-md5.lo\n  CC       wolfcrypt/src/src_libwolfssl_la-camellia.lo\n  CC       wolfcrypt/src/src_libwolfssl_la-rabbit.lo\n  CC       wolfcrypt/src/src_libwolfssl_la-chacha20_poly1305.lo\n  CC       wolfcrypt/src/src_libwolfssl_la-chacha.lo\n  CC       wolfcrypt/benchmark/benchmark.o\n  CC       wolfcrypt/test/test.o\n  CCLD     src/libwolfssl.la\n  CCLD     wolfcrypt/benchmark/benchmark\n  CCLD     wolfcrypt/test/testwolfcrypt\nmake[1]: Leaving directory '/wolfssl-3.11.0-stable'\n\u001b[91m+ make install\n\u001b[0mmake -j37  install-am\nmake[1]: Entering directory '/wolfssl-3.11.0-stable'\nmake[2]: Entering directory '/wolfssl-3.11.0-stable'\n\u001b[91mmake[2]: warning: -jN forced in submake: disabling jobserver mode.\n\u001b[0m/bin/bash /wolfssl-3.11.0-stable/build-aux/install-sh -d /usr/bin\n build-aux/install-sh -c -d '/usr/share/doc/wolfssl'\n build-aux/install-sh -c -d '/usr/share/doc/wolfssl/example'\n /usr/bin/install -c -m 644 certs/taoCert.txt doc/README.txt '/usr/share/doc/wolfssl'\n /usr/bin/install -c -m 644 examples/client/client.c examples/echoclient/echoclient.c examples/echoserver/echoserver.c examples/server/server.c examples/sctp/sctp-server.c examples/sctp/sctp-server-dtls.c examples/sctp/sctp-client.c examples/sctp/sctp-client-dtls.c '/usr/share/doc/wolfssl/example'\n/usr/bin/install -c wolfssl-config /usr/bin\n build-aux/install-sh -c -d '/usr/include'\n build-aux/install-sh -c -d '/usr/lib/pkgconfig'\n build-aux/install-sh -c -d '/usr/lib'\n /usr/bin/install -c -m 644 support/wolfssl.pc '/usr/lib/pkgconfig'\n /bin/bash ./libtool   --mode=install /usr/bin/install -c   src/libwolfssl.la '/usr/lib'\n build-aux/install-sh -c -d '/usr/include/cyassl/ctaocrypt'\n /usr/bin/install -c -m 644  cyassl/ctaocrypt/aes.h cyassl/ctaocrypt/arc4.h cyassl/ctaocrypt/asn.h cyassl/ctaocrypt/asn_public.h cyassl/ctaocrypt/poly1305.h cyassl/ctaocrypt/camellia.h cyassl/ctaocrypt/coding.h cyassl/ctaocrypt/compress.h cyassl/ctaocrypt/des3.h cyassl/ctaocrypt/dh.h cyassl/ctaocrypt/dsa.h cyassl/ctaocrypt/ecc.h cyassl/ctaocrypt/error-crypt.h cyassl/ctaocrypt/fips_test.h cyassl/ctaocrypt/hc128.h cyassl/ctaocrypt/hmac.h cyassl/ctaocrypt/integer.h cyassl/ctaocrypt/md2.h cyassl/ctaocrypt/md4.h cyassl/ctaocrypt/md5.h cyassl/ctaocrypt/misc.h cyassl/ctaocrypt/pkcs7.h cyassl/ctaocrypt/wc_port.h cyassl/ctaocrypt/pwdbased.h cyassl/ctaocrypt/rabbit.h cyassl/ctaocrypt/chacha.h cyassl/ctaocrypt/random.h cyassl/ctaocrypt/ripemd.h cyassl/ctaocrypt/rsa.h cyassl/ctaocrypt/settings.h cyassl/ctaocrypt/settings_comp.h cyassl/ctaocrypt/sha256.h cyassl/ctaocrypt/sha512.h cyassl/ctaocrypt/sha.h cyassl/ctaocrypt/blake2.h cyassl/ctaocrypt/blake2-int.h cyassl/ctaocrypt/blake2-impl.h cyassl/ctaocrypt/tfm.h cyassl/ctaocrypt/types.h cyassl/ctaocrypt/visibility.h '/usr/include/cyassl/ctaocrypt'\n build-aux/install-sh -c -d '/usr/include/wolfssl/wolfcrypt'\n /usr/bin/install -c -m 644  wolfssl/wolfcrypt/aes.h wolfssl/wolfcrypt/arc4.h wolfssl/wolfcrypt/asn.h wolfssl/wolfcrypt/asn_public.h wolfssl/wolfcrypt/poly1305.h wolfssl/wolfcrypt/camellia.h wolfssl/wolfcrypt/cmac.h wolfssl/wolfcrypt/coding.h wolfssl/wolfcrypt/compress.h wolfssl/wolfcrypt/des3.h wolfssl/wolfcrypt/dh.h wolfssl/wolfcrypt/dsa.h wolfssl/wolfcrypt/ecc.h wolfssl/wolfcrypt/curve25519.h wolfssl/wolfcrypt/ed25519.h wolfssl/wolfcrypt/fe_operations.h wolfssl/wolfcrypt/ge_operations.h wolfssl/wolfcrypt/error-crypt.h wolfssl/wolfcrypt/fips_test.h wolfssl/wolfcrypt/hash.h wolfssl/wolfcrypt/hc128.h wolfssl/wolfcrypt/hmac.h wolfssl/wolfcrypt/integer.h wolfssl/wolfcrypt/md2.h wolfssl/wolfcrypt/md4.h wolfssl/wolfcrypt/md5.h wolfssl/wolfcrypt/misc.h wolfssl/wolfcrypt/pkcs7.h wolfssl/wolfcrypt/wc_encrypt.h wolfssl/wolfcrypt/wc_port.h wolfssl/wolfcrypt/pwdbased.h wolfssl/wolfcrypt/rabbit.h wolfssl/wolfcrypt/chacha.h wolfssl/wolfcrypt/chacha20_poly1305.h wolfssl/wolfcrypt/random.h wolfssl/wolfcrypt/ripemd.h wolfssl/wolfcrypt/rsa.h wolfssl/wolfcrypt/settings.h wolfssl/wolfcrypt/sha256.h wolfssl/wolfcrypt/sha512.h '/usr/include/wolfssl/wolfcrypt'\n build-aux/install-sh -c -d '/usr/include/wolfssl'\n /usr/bin/install -c -m 644  wolfssl/error-ssl.h wolfssl/ssl.h wolfssl/sniffer_error.h wolfssl/sniffer.h wolfssl/callbacks.h wolfssl/certs_test.h wolfssl/test.h wolfssl/version.h wolfssl/ocsp.h wolfssl/crl.h wolfssl/io.h wolfssl/options.h '/usr/include/wolfssl'\nlibtool: install: /usr/bin/install -c src/.libs/libwolfssl.so.12.0.0 /usr/lib/libwolfssl.so.12.0.0\n build-aux/install-sh -c -d '/usr/include/cyassl/ctaocrypt'\nlibtool: install: (cd /usr/lib && { ln -s -f libwolfssl.so.12.0.0 libwolfssl.so.12 || { rm -f libwolfssl.so.12 && ln -s libwolfssl.so.12.0.0 libwolfssl.so.12; }; })\n /usr/bin/install -c -m 644  cyassl/ctaocrypt/logging.h cyassl/ctaocrypt/memory.h cyassl/ctaocrypt/mpi_class.h cyassl/ctaocrypt/mpi_superclass.h '/usr/include/cyassl/ctaocrypt'\nlibtool: install: (cd /usr/lib && { ln -s -f libwolfssl.so.12.0.0 libwolfssl.so || { rm -f libwolfssl.so && ln -s libwolfssl.so.12.0.0 libwolfssl.so; }; })\nlibtool: install: /usr/bin/install -c src/.libs/libwolfssl.lai /usr/lib/libwolfssl.la\n build-aux/install-sh -c -d '/usr/include/cyassl/openssl'\n /usr/bin/install -c -m 644  cyassl/openssl/asn1.h cyassl/openssl/bio.h cyassl/openssl/bn.h cyassl/openssl/conf.h cyassl/openssl/crypto.h cyassl/openssl/des.h cyassl/openssl/dh.h cyassl/openssl/dsa.h cyassl/openssl/ecdsa.h cyassl/openssl/ecdh.h cyassl/openssl/ec.h cyassl/openssl/ec25519.h cyassl/openssl/ed25519.h cyassl/openssl/engine.h cyassl/openssl/err.h cyassl/openssl/evp.h cyassl/openssl/hmac.h cyassl/openssl/lhash.h cyassl/openssl/md4.h cyassl/openssl/md5.h cyassl/openssl/ripemd.h cyassl/openssl/ocsp.h cyassl/openssl/opensslconf.h cyassl/openssl/opensslv.h cyassl/openssl/ossl_typ.h cyassl/openssl/pem.h cyassl/openssl/pkcs12.h cyassl/openssl/rand.h cyassl/openssl/rsa.h cyassl/openssl/sha.h cyassl/openssl/ssl23.h cyassl/openssl/ssl.h cyassl/openssl/stack.h cyassl/openssl/ui.h cyassl/openssl/x509.h cyassl/openssl/x509v3.h '/usr/include/cyassl/openssl'\n build-aux/install-sh -c -d '/usr/include/wolfssl/openssl'\n /usr/bin/install -c -m 644  wolfssl/openssl/asn1.h wolfssl/openssl/aes.h wolfssl/openssl/bio.h wolfssl/openssl/bn.h wolfssl/openssl/conf.h wolfssl/openssl/crypto.h wolfssl/openssl/des.h wolfssl/openssl/dh.h wolfssl/openssl/dsa.h wolfssl/openssl/ecdsa.h wolfssl/openssl/ecdh.h wolfssl/openssl/ec.h wolfssl/openssl/ec25519.h wolfssl/openssl/ed25519.h wolfssl/openssl/engine.h wolfssl/openssl/err.h wolfssl/openssl/evp.h wolfssl/openssl/hmac.h wolfssl/openssl/lhash.h wolfssl/openssl/md4.h wolfssl/openssl/md5.h wolfssl/openssl/ripemd.h wolfssl/openssl/ocsp.h wolfssl/openssl/opensslconf.h wolfssl/openssl/opensslv.h wolfssl/openssl/ossl_typ.h wolfssl/openssl/pem.h wolfssl/openssl/pkcs12.h wolfssl/openssl/rand.h wolfssl/openssl/rsa.h wolfssl/openssl/sha.h wolfssl/openssl/ssl23.h wolfssl/openssl/ssl.h wolfssl/openssl/stack.h wolfssl/openssl/ui.h wolfssl/openssl/x509.h wolfssl/openssl/x509v3.h '/usr/include/wolfssl/openssl'\nlibtool: finish: PATH=\"/usr/local/sbin:/usr/local/bin:/usr/sbin:/usr/bin:/sbin:/bin:/sbin\" ldconfig -n /usr/lib\n build-aux/install-sh -c -d '/usr/include/wolfssl/wolfcrypt'\n /usr/bin/install -c -m 644  wolfssl/wolfcrypt/sha.h wolfssl/wolfcrypt/signature.h wolfssl/wolfcrypt/blake2.h wolfssl/wolfcrypt/blake2-int.h wolfssl/wolfcrypt/blake2-impl.h wolfssl/wolfcrypt/tfm.h wolfssl/wolfcrypt/srp.h wolfssl/wolfcrypt/idea.h wolfssl/wolfcrypt/types.h wolfssl/wolfcrypt/visibility.h wolfssl/wolfcrypt/logging.h wolfssl/wolfcrypt/memory.h wolfssl/wolfcrypt/mpi_class.h wolfssl/wolfcrypt/mpi_superclass.h wolfssl/wolfcrypt/mem_track.h wolfssl/wolfcrypt/wolfevent.h wolfssl/wolfcrypt/pkcs12.h wolfssl/wolfcrypt/wolfmath.h '/usr/include/wolfssl/wolfcrypt'\n build-aux/install-sh -c -d '/usr/include/cyassl'\n----------------------------------------------------------------------\nLibraries have been installed in:\n   /usr/lib\n\nIf you ever happen to want to link against installed libraries\nin a given directory, LIBDIR, you must either use libtool, and\nspecify the full pathname of the library, or use the '-LLIBDIR'\nflag during linking and do at least one of the following:\n   - add LIBDIR to the 'LD_LIBRARY_PATH' environment variable\n     during execution\n   - add LIBDIR to the 'LD_RUN_PATH' environment variable\n     during linking\n   - use the '-Wl,-rpath -Wl,LIBDIR' linker flag\n\nSee any operating system documentation about shared libraries for\nmore information, such as the ld(1) and ld.so(8) manual pages.\n----------------------------------------------------------------------\n /usr/bin/install -c -m 644  cyassl/error-ssl.h cyassl/ssl.h cyassl/sniffer_error.h cyassl/sniffer.h cyassl/callbacks.h cyassl/certs_test.h cyassl/test.h cyassl/version.h cyassl/ocsp.h cyassl/crl.h cyassl/options.h '/usr/include/cyassl'\nmake[2]: Leaving directory '/wolfssl-3.11.0-stable'\nmake[1]: Leaving directory '/wolfssl-3.11.0-stable'\n\u001b[91m+ cd ..\n\u001b[0m\u001b[91m+ curl -sSL https://github.com/zhou0/mysocks/archive/0.5.12.tar.gz\n\u001b[0m\u001b[91m+ tar xz\n\u001b[0m\u001b[91m+ cd mysocks-0.5.12\n+ mkdir -p build/release\n\u001b[0m\u001b[91m+ cd build/release\n+ cmake -DCMAKE_BUILD_TYPE=Release ../..\n\u001b[0m-- The C compiler identification is GNU 5.3.0\n-- The CXX compiler identification is GNU 5.3.0\n-- Check for working C compiler: /usr/bin/cc\n-- Check for working C compiler: /usr/bin/cc -- works\n-- Detecting C compiler ABI info\n-- Detecting C compiler ABI info - done\n-- Detecting C compile features\n-- Detecting C compile features - done\n-- Check for working CXX compiler: /usr/bin/c++\n-- Check for working CXX compiler: /usr/bin/c++ -- works\n-- Detecting CXX compiler ABI info\n-- Detecting CXX compiler ABI info - done\n-- Detecting CXX compile features\n-- Detecting CXX compile features - done\n-- Configuring done\n-- Generating done\n-- Build files have been written to: /mysocks-0.5.12/build/release\n\u001b[91m+ make\n\u001b[0mScanning dependencies of target ssclient\n[  4%] Building C object CMakeFiles/ssclient.dir/gnulib/lib/arcfour.c.o\n[  8%] Building C object CMakeFiles/ssclient.dir/libmd5-rfc/md5.c.o\n[ 13%] Building C object CMakeFiles/ssclient.dir/src/client.c.o\n\u001b[91m/mysocks-0.5.12/src/client.c: In function 'conn_read_done':\n/mysocks-0.5.12/src/client.c:823:35: warning: passing argument 2 of 'cipher_encrypt' discards 'const' qualifier from pointer target type [-Wdiscarded-qualifiers]\n                 cipher_encrypt(c, &buf->len, buf->base, nread);\n                                   ^\n\u001b[0m\u001b[91mIn file included from /mysocks-0.5.12/src/client.c:29:0:\n/mysocks-0.5.12/src/cipher.h:53:6: note: expected 'size_t * {aka long unsigned int *}' but argument is of type 'const size_t * {aka const long unsigned int *}'\n void cipher_encrypt(conn*, size_t * encryptl,\n      ^\n/mysocks-0.5.12/src/client.c:829:35: warning: passing argument 2 of 'cipher_decrypt' discards 'const' qualifier from pointer target type [-Wdiscarded-qualifiers]\n                 cipher_decrypt(c, &buf->len, buf->base, nread);\n                                   ^\nIn file included from /mysocks-0.5.12/src/client.c:29:0:\n/mysocks-0.5.12/src/cipher.h:55:6: note: expected 'size_t * {aka long unsigned int *}' but argument is of type 'const size_t * {aka const long unsigned int *}'\n void cipher_decrypt(conn *, size_t * plainl,\n      ^\n\u001b[0m[ 17%] Building C object CMakeFiles/ssclient.dir/src/cipher.c.o\n[ 21%] Building C object CMakeFiles/ssclient.dir/src/main.c.o\n[ 26%] Building C object CMakeFiles/ssclient.dir/src/s5.c.o\n[ 30%] Building C object CMakeFiles/ssclient.dir/src/server.c.o\n[ 34%] Building C object CMakeFiles/ssclient.dir/src/util.c.o\n[ 39%] Linking C executable bin/ssclient\n[ 39%] Built target ssclient\nScanning dependencies of target ssclient-openssl\n[ 43%] Building C object CMakeFiles/ssclient-openssl.dir/src/client.c.o\n\u001b[91mIn file included from /mysocks-0.5.12/OpenSSL_1_1_0/include/openssl/evp.h:16:0,\n                 from /mysocks-0.5.12/src/cipher-openssl.h:10,\n                 from /mysocks-0.5.12/src/client.c:27:\n/mysocks-0.5.12/OpenSSL_1_1_0/include/openssl/bio.h:670:1: warning: return type defaults to 'int' [-Wimplicit-int]\n DEPRECATEDIN_1_1_0(struct hostent *BIO_gethostbyname(const char *name))\n ^\n/mysocks-0.5.12/OpenSSL_1_1_0/include/openssl/bio.h: In function 'DEPRECATEDIN_1_1_0':\n/mysocks-0.5.12/OpenSSL_1_1_0/include/openssl/bio.h:671:1: error: expected declaration specifiers before 'DEPRECATEDIN_1_1_0'\n DEPRECATEDIN_1_1_0(int BIO_get_port(const char *str, unsigned short *port_ptr))\n ^\n/mysocks-0.5.12/OpenSSL_1_1_0/include/openssl/bio.h:678:2: error: expected declaration specifiers before ';' token\n };\n  ^\n/mysocks-0.5.12/OpenSSL_1_1_0/include/openssl/bio.h:679:1: warning: empty declaration\n enum BIO_sock_info_type {\n ^\n/mysocks-0.5.12/OpenSSL_1_1_0/include/openssl/bio.h:683:55: warning: 'union BIO_sock_info_u' declared inside parameter list\n                   enum BIO_sock_info_type type, union BIO_sock_info_u *info);\n                                                       ^\n/mysocks-0.5.12/OpenSSL_1_1_0/include/openssl/bio.h:683:55: warning: its scope is only this definition or declaration, which is probably not what you want\n\u001b[0m\u001b[91mIn file included from /mysocks-0.5.12/OpenSSL_1_1_0/include/openssl/asn1.h:24:0,\n                 from /mysocks-0.5.12/OpenSSL_1_1_0/include/openssl/objects.h:916,\n                 from /mysocks-0.5.12/OpenSSL_1_1_0/include/openssl/evp.h:27,\n                 from /mysocks-0.5.12/src/cipher-openssl.h:10,\n                 from /mysocks-0.5.12/src/client.c:27:\n/mysocks-0.5.12/OpenSSL_1_1_0/include/openssl/bn.h:285:1: error: expected declaration specifiers before 'DEPRECATEDIN_0_9_8'\n DEPRECATEDIN_0_9_8(BIGNUM *BN_generate_prime(BIGNUM *ret, int bits, int safe,\n ^\n\u001b[0m\u001b[91m/mysocks-0.5.12/OpenSSL_1_1_0/include/openssl/bn.h:361:1: error: expected declaration specifiers before 'DEPRECATEDIN_0_9_8'\n DEPRECATEDIN_0_9_8(void BN_set_params(int mul, int high, int low, int mont))\n ^\n\u001b[0m\u001b[91mIn file included from /mysocks-0.5.12/OpenSSL_1_1_0/include/openssl/objects.h:916:0,\n                 from /mysocks-0.5.12/OpenSSL_1_1_0/include/openssl/evp.h:27,\n                 from /mysocks-0.5.12/src/cipher-openssl.h:10,\n                 from /mysocks-0.5.12/src/client.c:27:\n/mysocks-0.5.12/OpenSSL_1_1_0/include/openssl/asn1.h:119:5: warning: empty declaration\n     struct X509_algor_st;\n     ^\n\u001b[0m\u001b[91mIn file included from /mysocks-0.5.12/OpenSSL_1_1_0/include/openssl/crypto.h:29:0,\n                 from /mysocks-0.5.12/OpenSSL_1_1_0/include/openssl/bio.h:20,\n                 from /mysocks-0.5.12/OpenSSL_1_1_0/include/openssl/evp.h:16,\n                 from /mysocks-0.5.12/src/cipher-openssl.h:10,\n                 from /mysocks-0.5.12/src/client.c:27:\n/mysocks-0.5.12/OpenSSL_1_1_0/include/openssl/safestack.h:20:25: warning: empty declaration\n # define STACK_OF(type) struct stack_st_##type\n                         ^\n/mysocks-0.5.12/OpenSSL_1_1_0/include/openssl/safestack.h:23:5: note: in expansion of macro 'STACK_OF'\n     STACK_OF(t1); \\\n     ^\n/mysocks-0.5.12/OpenSSL_1_1_0/include/openssl/safestack.h:122:29: note: in expansion of macro 'SKM_DEFINE_STACK_OF'\n # define DEFINE_STACK_OF(t) SKM_DEFINE_STACK_OF(t, t, t)\n                             ^\n/mysocks-0.5.12/OpenSSL_1_1_0/include/openssl/asn1.h:120:1: note: in expansion of macro 'DEFINE_STACK_OF'\n DEFINE_STACK_OF(X509_ALGOR)\n ^\n/mysocks-0.5.12/OpenSSL_1_1_0/include/openssl/safestack.h:24:19: error: storage class specified for parameter 'sk_X509_ALGOR_compfunc'\n     typedef int (*sk_##t1##_compfunc)(const t3 * const *a, const t3 *const *b); \\\n                   ^\n/mysocks-0.5.12/OpenSSL_1_1_0/include/openssl/safestack.h:122:29: note: in expansion of macro 'SKM_DEFINE_STACK_OF'\n # define DEFINE_STACK_OF(t) SKM_DEFINE_STACK_OF(t, t, t)\n                             ^\n/mysocks-0.5.12/OpenSSL_1_1_0/include/openssl/asn1.h:120:1: note: in expansion of macro 'DEFINE_STACK_OF'\n DEFINE_STACK_OF(X509_ALGOR)\n ^\n/mysocks-0.5.12/OpenSSL_1_1_0/include/openssl/safestack.h:25:20: error: storage class specified for parameter 'sk_X509_ALGOR_freefunc'\n     typedef void (*sk_##t1##_freefunc)(t3 *a); \\\n                    ^\n/mysocks-0.5.12/OpenSSL_1_1_0/include/openssl/safestack.h:122:29: note: in expansion of macro 'SKM_DEFINE_STACK_OF'\n # define DEFINE_STACK_OF(t) SKM_DEFINE_STACK_OF(t, t, t)\n                             ^\n/mysocks-0.5.12/OpenSSL_1_1_0/include/openssl/asn1.h:120:1: note: in expansion of macro 'DEFINE_STACK_OF'\n DEFINE_STACK_OF(X509_ALGOR)\n ^\n/mysocks-0.5.12/OpenSSL_1_1_0/include/openssl/safestack.h:26:20: error: storage class specified for parameter 'sk_X509_ALGOR_copyfunc'\n     typedef t3 * (*sk_##t1##_copyfunc)(const t3 *a); \\\n                    ^\n/mysocks-0.5.12/OpenSSL_1_1_0/include/openssl/safestack.h:122:29: note: in expansion of macro 'SKM_DEFINE_STACK_OF'\n # define DEFINE_STACK_OF(t) SKM_DEFINE_STACK_OF(t, t, t)\n                             ^\n/mysocks-0.5.12/OpenSSL_1_1_0/include/openssl/asn1.h:120:1: note: in expansion of macro 'DEFINE_STACK_OF'\n DEFINE_STACK_OF(X509_ALGOR)\n ^\n\u001b[0m\u001b[91m/mysocks-0.5.12/OpenSSL_1_1_0/include/openssl/safestack.h:28:5: error: expected '=', ',', ';', 'asm' or '__attribute__' before '{' token\n     { \\\n     ^\n/mysocks-0.5.12/OpenSSL_1_1_0/include/openssl/safestack.h:122:29: note: in expansion of macro 'SKM_DEFINE_STACK_OF'\n # define DEFINE_STACK_OF(t) SKM_DEFINE_STACK_OF(t, t, t)\n                             ^\n/mysocks-0.5.12/OpenSSL_1_1_0/include/openssl/asn1.h:120:1: note: in expansion of macro 'DEFINE_STACK_OF'\n DEFINE_STACK_OF(X509_ALGOR)\n ^\n/mysocks-0.5.12/OpenSSL_1_1_0/include/openssl/safestack.h:32:5: error: expected '=', ',', ';', 'asm' or '__attribute__' before '{' token\n     { \\\n     ^\n/mysocks-0.5.12/OpenSSL_1_1_0/include/openssl/safestack.h:122:29: note: in expansion of macro 'SKM_DEFINE_STACK_OF'\n # define DEFINE_STACK_OF(t) SKM_DEFINE_STACK_OF(t, t, t)\n                             ^\n/mysocks-0.5.12/OpenSSL_1_1_0/include/openssl/asn1.h:120:1: note: in expansion of macro 'DEFINE_STACK_OF'\n DEFINE_STACK_OF(X509_ALGOR)\n ^\n\u001b[0m\u001b[91m/mysocks-0.5.12/OpenSSL_1_1_0/include/openssl/safestack.h:35:52: error: expected declaration specifiers or '...' before 'sk_X509_ALGOR_compfunc'\n     static ossl_inline STACK_OF(t1) *sk_##t1##_new(sk_##t1##_compfunc compare) \\\n                                                    ^\n/mysocks-0.5.12/OpenSSL_1_1_0/include/openssl/safestack.h:122:29: note: in expansion of macro 'SKM_DEFINE_STACK_OF'\n # define DEFINE_STACK_OF(t) SKM_DEFINE_STACK_OF(t, t, t)\n                             ^\n/mysocks-0.5.12/OpenSSL_1_1_0/include/openssl/asn1.h:120:1: note: in expansion of macro 'DEFINE_STACK_OF'\n DEFINE_STACK_OF(X509_ALGOR)\n ^\n\u001b[0m\u001b[91m/mysocks-0.5.12/OpenSSL_1_1_0/include/openssl/safestack.h:40:5: error: expected '=', ',', ';', 'asm' or '__attribute__' before '{' token\n     { \\\n     ^\n/mysocks-0.5.12/OpenSSL_1_1_0/include/openssl/safestack.h:122:29: note: in expansion of macro 'SKM_DEFINE_STACK_OF'\n # define DEFINE_STACK_OF(t) SKM_DEFINE_STACK_OF(t, t, t)\n                             ^\n/mysocks-0.5.12/OpenSSL_1_1_0/include/openssl/asn1.h:120:1: note: in expansion of macro 'DEFINE_STACK_OF'\n DEFINE_STACK_OF(X509_ALGOR)\n ^\n\u001b[0m\u001b[91m/mysocks-0.5.12/OpenSSL_1_1_0/include/openssl/safestack.h:44:5: error: expected '=', ',', ';', 'asm' or '__attribute__' before '{' token\n     { \\\n     ^\n/mysocks-0.5.12/OpenSSL_1_1_0/include/openssl/safestack.h:122:29: note: in expansion of macro 'SKM_DEFINE_STACK_OF'\n # define DEFINE_STACK_OF(t) SKM_DEFINE_STACK_OF(t, t, t)\n                             ^\n/mysocks-0.5.12/OpenSSL_1_1_0/include/openssl/asn1.h:120:1: note: in expansion of macro 'DEFINE_STACK_OF'\n DEFINE_STACK_OF(X509_ALGOR)\n ^\n/mysocks-0.5.12/OpenSSL_1_1_0/include/openssl/safestack.h:48:5: error: expected '=', ',', ';', 'asm' or '__attribute__' before '{' token\n     { \\\n     ^\n/mysocks-0.5.12/OpenSSL_1_1_0/include/openssl/safestack.h:122:29: note: in expansion of macro 'SKM_DEFINE_STACK_OF'\n # define DEFINE_STACK_OF(t) SKM_DEFINE_STACK_OF(t, t, t)\n                             ^\n/mysocks-0.5.12/OpenSSL_1_1_0/include/openssl/asn1.h:120:1: note: in expansion of macro 'DEFINE_STACK_OF'\n DEFINE_STACK_OF(X509_ALGOR)\n ^\n\u001b[0m\u001b[91m/mysocks-0.5.12/OpenSSL_1_1_0/include/openssl/safestack.h:52:5: error: expected '=', ',', ';', 'asm' or '__attribute__' before '{' token\n     { \\\n     ^\n/mysocks-0.5.12/OpenSSL_1_1_0/include/openssl/safestack.h:122:29: note: in expansion of macro 'SKM_DEFINE_STACK_OF'\n # define DEFINE_STACK_OF(t) SKM_DEFINE_STACK_OF(t, t, t)\n                             ^\n/mysocks-0.5.12/OpenSSL_1_1_0/include/openssl/asn1.h:120:1: note: in expansion of macro 'DEFINE_STACK_OF'\n DEFINE_STACK_OF(X509_ALGOR)\n ^\n\u001b[0m\u001b[91m/mysocks-0.5.12/OpenSSL_1_1_0/include/openssl/safestack.h:56:5: error: expected '=', ',', ';', 'asm' or '__attribute__' before '{' token\n     { \\\n     ^\n/mysocks-0.5.12/OpenSSL_1_1_0/include/openssl/safestack.h:122:29: note: in expansion of macro 'SKM_DEFINE_STACK_OF'\n # define DEFINE_STACK_OF(t) SKM_DEFINE_STACK_OF(t, t, t)\n                             ^\n/mysocks-0.5.12/OpenSSL_1_1_0/include/openssl/asn1.h:120:1: note: in expansion of macro 'DEFINE_STACK_OF'\n DEFINE_STACK_OF(X509_ALGOR)\n ^\n\u001b[0m\u001b[91m/mysocks-0.5.12/OpenSSL_1_1_0/include/openssl/safestack.h:61:5: error: expected '=', ',', ';', 'asm' or '__attribute__' before '{' token\n     { \\\n     ^\n/mysocks-0.5.12/OpenSSL_1_1_0/include/openssl/safestack.h:122:29: note: in expansion of macro 'SKM_DEFINE_STACK_OF'\n # define DEFINE_STACK_OF(t) SKM_DEFINE_STACK_OF(t, t, t)\n                             ^\n/mysocks-0.5.12/OpenSSL_1_1_0/include/openssl/asn1.h:120:1: note: in expansion of macro 'DEFINE_STACK_OF'\n DEFINE_STACK_OF(X509_ALGOR)\n ^\n\u001b[0m\u001b[91m/mysocks-0.5.12/OpenSSL_1_1_0/include/openssl/safestack.h:65:5: error: expected '=', ',', ';', 'asm' or '__attribute__' before '{' token\n     { \\\n     ^\n/mysocks-0.5.12/OpenSSL_1_1_0/include/openssl/safestack.h:122:29: note: in expansion of macro 'SKM_DEFINE_STACK_OF'\n # define DEFINE_STACK_OF(t) SKM_DEFINE_STACK_OF(t, t, t)\n                             ^\n/mysocks-0.5.12/OpenSSL_1_1_0/include/openssl/asn1.h:120:1: note: in expansion of macro 'DEFINE_STACK_OF'\n DEFINE_STACK_OF(X509_ALGOR)\n ^\n/mysocks-0.5.12/OpenSSL_1_1_0/include/openssl/safestack.h:69:5: error: expected '=', ',', ';', 'asm' or '__attribute__' before '{' token\n     { \\\n     ^\n/mysocks-0.5.12/OpenSSL_1_1_0/include/openssl/safestack.h:122:29: note: in expansion of macro 'SKM_DEFINE_STACK_OF'\n # define DEFINE_STACK_OF(t) SKM_DEFINE_STACK_OF(t, t, t)\n                             ^\n/mysocks-0.5.12/OpenSSL_1_1_0/include/openssl/asn1.h:120:1: note: in expansion of macro 'DEFINE_STACK_OF'\n DEFINE_STACK_OF(X509_ALGOR)\n ^\n/mysocks-0.5.12/OpenSSL_1_1_0/include/openssl/safestack.h:73:5: error: expected '=', ',', ';', 'asm' or '__attribute__' before '{' token\n     { \\\n     ^\n/mysocks-0.5.12/OpenSSL_1_1_0/include/openssl/safestack.h:122:29: note: in expansion of macro 'SKM_DEFINE_STACK_OF'\n # define DEFINE_STACK_OF(t) SKM_DEFINE_STACK_OF(t, t, t)\n                             ^\n/mysocks-0.5.12/OpenSSL_1_1_0/include/openssl/asn1.h:120:1: note: in expansion of macro 'DEFINE_STACK_OF'\n DEFINE_STACK_OF(X509_ALGOR)\n ^\n\u001b[0m\u001b[91m/mysocks-0.5.12/OpenSSL_1_1_0/include/openssl/safestack.h:76:66: error: expected declaration specifiers or '...' before 'sk_X509_ALGOR_freefunc'\n     static ossl_inline void sk_##t1##_pop_free(STACK_OF(t1) *sk, sk_##t1##_freefunc freefunc) \\\n                                                                  ^\n/mysocks-0.5.12/OpenSSL_1_1_0/include/openssl/safestack.h:122:29: note: in expansion of macro 'SKM_DEFINE_STACK_OF'\n # define DEFINE_STACK_OF(t) SKM_DEFINE_STACK_OF(t, t, t)\n                             ^\n/mysocks-0.5.12/OpenSSL_1_1_0/include/openssl/asn1.h:120:1: note: in expansion of macro 'DEFINE_STACK_OF'\n DEFINE_STACK_OF(X509_ALGOR)\n ^\n/mysocks-0.5.12/OpenSSL_1_1_0/include/openssl/safestack.h:81:5: error: expected '=', ',', ';', 'asm' or '__attribute__' before '{' token\n     { \\\n     ^\n/mysocks-0.5.12/OpenSSL_1_1_0/include/openssl/safestack.h:122:29: note: in expansion of macro 'SKM_DEFINE_STACK_OF'\n # define DEFINE_STACK_OF(t) SKM_DEFINE_STACK_OF(t, t, t)\n                             ^\n/mysocks-0.5.12/OpenSSL_1_1_0/include/openssl/asn1.h:120:1: note: in expansion of macro 'DEFINE_STACK_OF'\n DEFINE_STACK_OF(X509_ALGOR)\n ^\n\u001b[0m\u001b[91m/mysocks-0.5.12/OpenSSL_1_1_0/include/openssl/safestack.h:85:5: error: expected '=', ',', ';', 'asm' or '__attribute__' before '{' token\n     { \\\n     ^\n/mysocks-0.5.12/OpenSSL_1_1_0/include/openssl/safestack.h:122:29: note: in expansion of macro 'SKM_DEFINE_STACK_OF'\n # define DEFINE_STACK_OF(t) SKM_DEFINE_STACK_OF(t, t, t)\n                             ^\n/mysocks-0.5.12/OpenSSL_1_1_0/include/openssl/asn1.h:120:1: note: in expansion of macro 'DEFINE_STACK_OF'\n DEFINE_STACK_OF(X509_ALGOR)\n ^\n/mysocks-0.5.12/OpenSSL_1_1_0/include/openssl/safestack.h:89:5: error: expected '=', ',', ';', 'asm' or '__attribute__' before '{' token\n     { \\\n     ^\n/mysocks-0.5.12/OpenSSL_1_1_0/include/openssl/safestack.h:122:29: note: in expansion of macro 'SKM_DEFINE_STACK_OF'\n # define DEFINE_STACK_OF(t) SKM_DEFINE_STACK_OF(t, t, t)\n                             ^\n/mysocks-0.5.12/OpenSSL_1_1_0/include/openssl/asn1.h:120:1: note: in expansion of macro 'DEFINE_STACK_OF'\n DEFINE_STACK_OF(X509_ALGOR)\n ^\n\u001b[0m\u001b[91m/mysocks-0.5.12/OpenSSL_1_1_0/include/openssl/safestack.h:93:5: error: expected '=', ',', ';', 'asm' or '__attribute__' before '{' token\n     { \\\n     ^\n/mysocks-0.5.12/OpenSSL_1_1_0/include/openssl/safestack.h:122:29: note: in expansion of macro 'SKM_DEFINE_STACK_OF'\n # define DEFINE_STACK_OF(t) SKM_DEFINE_STACK_OF(t, t, t)\n                             ^\n/mysocks-0.5.12/OpenSSL_1_1_0/include/openssl/asn1.h:120:1: note: in expansion of macro 'DEFINE_STACK_OF'\n DEFINE_STACK_OF(X509_ALGOR)\n ^\n/mysocks-0.5.12/OpenSSL_1_1_0/include/openssl/safestack.h:97:5: error: expected '=', ',', ';', 'asm' or '__attribute__' before '{' token\n     { \\\n     ^\n/mysocks-0.5.12/OpenSSL_1_1_0/include/openssl/safestack.h:122:29: note: in expansion of macro 'SKM_DEFINE_STACK_OF'\n # define DEFINE_STACK_OF(t) SKM_DEFINE_STACK_OF(t, t, t)\n                             ^\n/mysocks-0.5.12/OpenSSL_1_1_0/include/openssl/asn1.h:120:1: note: in expansion of macro 'DEFINE_STACK_OF'\n DEFINE_STACK_OF(X509_ALGOR)\n ^\n\u001b[0m\u001b[91m/mysocks-0.5.12/OpenSSL_1_1_0/include/openssl/safestack.h:101:5: error: expected '=', ',', ';', 'asm' or '__attribute__' before '{' token\n     { \\\n     ^\n/mysocks-0.5.12/OpenSSL_1_1_0/include/openssl/safestack.h:122:29: note: in expansion of macro 'SKM_DEFINE_STACK_OF'\n # define DEFINE_STACK_OF(t) SKM_DEFINE_STACK_OF(t, t, t)\n                             ^\n/mysocks-0.5.12/OpenSSL_1_1_0/include/openssl/asn1.h:120:1: note: in expansion of macro 'DEFINE_STACK_OF'\n DEFINE_STACK_OF(X509_ALGOR)\n ^\n/mysocks-0.5.12/OpenSSL_1_1_0/include/openssl/safestack.h:105:5: error: expected '=', ',', ';', 'asm' or '__attribute__' before '{' token\n     { \\\n     ^\n/mysocks-0.5.12/OpenSSL_1_1_0/include/openssl/safestack.h:122:29: note: in expansion of macro 'SKM_DEFINE_STACK_OF'\n # define DEFINE_STACK_OF(t) SKM_DEFINE_STACK_OF(t, t, t)\n                             ^\n/mysocks-0.5.12/OpenSSL_1_1_0/include/openssl/asn1.h:120:1: note: in expansion of macro 'DEFINE_STACK_OF'\n DEFINE_STACK_OF(X509_ALGOR)\n ^\n\u001b[0m\u001b[91m/mysocks-0.5.12/OpenSSL_1_1_0/include/openssl/safestack.h:109:53: error: expected declaration specifiers or '...' before 'sk_X509_ALGOR_copyfunc'\n                                                     sk_##t1##_copyfunc copyfunc, \\\n                                                     ^\n/mysocks-0.5.12/OpenSSL_1_1_0/include/openssl/safestack.h:122:29: note: in expansion of macro 'SKM_DEFINE_STACK_OF'\n # define DEFINE_STACK_OF(t) SKM_DEFINE_STACK_OF(t, t, t)\n                             ^\n/mysocks-0.5.12/OpenSSL_1_1_0/include/openssl/asn1.h:120:1: note: in expansion of macro 'DEFINE_STACK_OF'\n DEFINE_STACK_OF(X509_ALGOR)\n ^\n/mysocks-0.5.12/OpenSSL_1_1_0/include/openssl/safestack.h:110:53: error: expected declaration specifiers or '...' before 'sk_X509_ALGOR_freefunc'\n                                                     sk_##t1##_freefunc freefunc) \\\n                                                     ^\n/mysocks-0.5.12/OpenSSL_1_1_0/include/openssl/safestack.h:122:29: note: in expansion of macro 'SKM_DEFINE_STACK_OF'\n # define DEFINE_STACK_OF(t) SKM_DEFINE_STACK_OF(t, t, t)\n                             ^\n/mysocks-0.5.12/OpenSSL_1_1_0/include/openssl/asn1.h:120:1: note: in expansion of macro 'DEFINE_STACK_OF'\n DEFINE_STACK_OF(X509_ALGOR)\n ^\n/mysocks-0.5.12/OpenSSL_1_1_0/include/openssl/safestack.h:116:43: error: expected '=', ',', ';', 'asm' or '__attribute__' before 'sk_X509_ALGOR_set_cmp_func'\n     static ossl_inline sk_##t1##_compfunc sk_##t1##_set_cmp_func(STACK_OF(t1) *sk, sk_##t1##_compfunc compare) \\\n                                           ^\n/mysocks-0.5.12/OpenSSL_1_1_0/include/openssl/safestack.h:122:29: note: in expansion of macro 'SKM_DEFINE_STACK_OF'\n # define DEFINE_STACK_OF(t) SKM_DEFINE_STACK_OF(t, t, t)\n                             ^\n/mysocks-0.5.12/OpenSSL_1_1_0/include/openssl/asn1.h:120:1: note: in expansion of macro 'DEFINE_STACK_OF'\n DEFINE_STACK_OF(X509_ALGOR)\n ^\n\u001b[0m\u001b[91mIn file included from /mysocks-0.5.12/OpenSSL_1_1_0/include/openssl/objects.h:916:0,\n                 from /mysocks-0.5.12/OpenSSL_1_1_0/include/openssl/evp.h:27,\n                 from /mysocks-0.5.12/src/cipher-openssl.h:10,\n                 from /mysocks-0.5.12/src/client.c:27:\n/mysocks-0.5.12/OpenSSL_1_1_0/include/openssl/asn1.h:145:1: warning: empty declaration\n struct asn1_string_st {\n ^\n/mysocks-0.5.12/OpenSSL_1_1_0/include/openssl/asn1.h:167:3: error: storage class specified for parameter 'ASN1_ENCODING'\n } ASN1_ENCODING;\n   ^\n\u001b[0m\u001b[91m/mysocks-0.5.12/OpenSSL_1_1_0/include/openssl/asn1.h:191:3: error: storage class specified for parameter 'ASN1_STRING_TABLE'\n } ASN1_STRING_TABLE;\n   ^\n\u001b[0m\u001b[91mIn file included from /mysocks-0.5.12/OpenSSL_1_1_0/include/openssl/crypto.h:29:0,\n                 from /mysocks-0.5.12/OpenSSL_1_1_0/include/openssl/bio.h:20,\n                 from /mysocks-0.5.12/OpenSSL_1_1_0/include/openssl/evp.h:16,\n                 from /mysocks-0.5.12/src/cipher-openssl.h:10,\n                 from /mysocks-0.5.12/src/client.c:27:\n/mysocks-0.5.12/OpenSSL_1_1_0/include/openssl/safestack.h:20:25: warning: empty declaration\n # define STACK_OF(type) struct stack_st_##type\n                         ^\n/mysocks-0.5.12/OpenSSL_1_1_0/include/openssl/safestack.h:23:5: note: in expansion of macro 'STACK_OF'\n     STACK_OF(t1); \\\n     ^\n/mysocks-0.5.12/OpenSSL_1_1_0/include/openssl/safestack.h:122:29: note: in expansion of macro 'SKM_DEFINE_STACK_OF'\n # define DEFINE_STACK_OF(t) SKM_DEFINE_STACK_OF(t, t, t)\n                             ^\n/mysocks-0.5.12/OpenSSL_1_1_0/include/openssl/asn1.h:193:1: note: in expansion of macro 'DEFINE_STACK_OF'\n DEFINE_STACK_OF(ASN1_STRING_TABLE)\n ^\n/mysocks-0.5.12/OpenSSL_1_1_0/include/openssl/asn1.h:193:17: warning: type defaults to 'int' in declaration of 'ASN1_STRING_TABLE' [-Wimplicit-int]\n DEFINE_STACK_OF(ASN1_STRING_TABLE)\n                 ^\n/mysocks-0.5.12/OpenSSL_1_1_0/include/openssl/safestack.h:24:45: note: in definition of macro 'SKM_DEFINE_STACK_OF'\n     typedef int (*sk_##t1##_compfunc)(const t3 * const *a, const t3 *const *b); \\\n                                             ^\n/mysocks-0.5.12/OpenSSL_1_1_0/include/openssl/asn1.h:193:1: note: in expansion of macro 'DEFINE_STACK_OF'\n DEFINE_STACK_OF(ASN1_STRING_TABLE)\n ^\n\u001b[0m\u001b[91m/mysocks-0.5.12/OpenSSL_1_1_0/include/openssl/safestack.h:24:48: error: expected ';', ',' or ')' before '*' token\n     typedef int (*sk_##t1##_compfunc)(const t3 * const *a, const t3 *const *b); \\\n                                                ^\n/mysocks-0.5.12/OpenSSL_1_1_0/include/openssl/safestack.h:122:29: note: in expansion of macro 'SKM_DEFINE_STACK_OF'\n # define DEFINE_STACK_OF(t) SKM_DEFINE_STACK_OF(t, t, t)\n                             ^\n/mysocks-0.5.12/OpenSSL_1_1_0/include/openssl/asn1.h:193:1: note: in expansion of macro 'DEFINE_STACK_OF'\n DEFINE_STACK_OF(ASN1_STRING_TABLE)\n ^\n\u001b[0m\u001b[91m/mysocks-0.5.12/OpenSSL_1_1_0/include/openssl/asn1.h:193:17: error: expected declaration specifiers or '...' before 'ASN1_STRING_TABLE'\n DEFINE_STACK_OF(ASN1_STRING_TABLE)\n                 ^\n/mysocks-0.5.12/OpenSSL_1_1_0/include/openssl/safestack.h:25:40: note: in definition of macro 'SKM_DEFINE_STACK_OF'\n     typedef void (*sk_##t1##_freefunc)(t3 *a); \\\n                                        ^\n/mysocks-0.5.12/OpenSSL_1_1_0/include/openssl/asn1.h:193:1: note: in expansion of macro 'DEFINE_STACK_OF'\n DEFINE_STACK_OF(ASN1_STRING_TABLE)\n ^\n\u001b[0m\u001b[91m/mysocks-0.5.12/OpenSSL_1_1_0/include/openssl/safestack.h:26:16: error: expected '=', ',', ';', 'asm' or '__attribute__' before '*' token\n     typedef t3 * (*sk_##t1##_copyfunc)(const t3 *a); \\\n                ^\n/mysocks-0.5.12/OpenSSL_1_1_0/include/openssl/safestack.h:122:29: note: in expansion of macro 'SKM_DEFINE_STACK_OF'\n # define DEFINE_STACK_OF(t) SKM_DEFINE_STACK_OF(t, t, t)\n                             ^\n/mysocks-0.5.12/OpenSSL_1_1_0/include/openssl/asn1.h:193:1: note: in expansion of macro 'DEFINE_STACK_OF'\n DEFINE_STACK_OF(ASN1_STRING_TABLE)\n ^\n\u001b[0m\u001b[91m/mysocks-0.5.12/OpenSSL_1_1_0/include/openssl/safestack.h:28:5: error: expected '=', ',', ';', 'asm' or '__attribute__' before '{' token\n     { \\\n     ^\n/mysocks-0.5.12/OpenSSL_1_1_0/include/openssl/safestack.h:122:29: note: in expansion of macro 'SKM_DEFINE_STACK_OF'\n # define DEFINE_STACK_OF(t) SKM_DEFINE_STACK_OF(t, t, t)\n                             ^\n/mysocks-0.5.12/OpenSSL_1_1_0/include/openssl/asn1.h:193:1: note: in expansion of macro 'DEFINE_STACK_OF'\n DEFINE_STACK_OF(ASN1_STRING_TABLE)\n ^\n/mysocks-0.5.12/OpenSSL_1_1_0/include/openssl/safestack.h:31:27: error: expected '=', ',', ';', 'asm' or '__attribute__' before '*' token\n     static ossl_inline t2 *sk_##t1##_value(const STACK_OF(t1) *sk, int idx) \\\n                           ^\n/mysocks-0.5.12/OpenSSL_1_1_0/include/openssl/safestack.h:122:29: note: in expansion of macro 'SKM_DEFINE_STACK_OF'\n # define DEFINE_STACK_OF(t) SKM_DEFINE_STACK_OF(t, t, t)\n                             ^\n/mysocks-0.5.12/OpenSSL_1_1_0/include/openssl/asn1.h:193:1: note: in expansion of macro 'DEFINE_STACK_OF'\n DEFINE_STACK_OF(ASN1_STRING_TABLE)\n ^\n\u001b[0m\u001b[91m/mysocks-0.5.12/OpenSSL_1_1_0/include/openssl/safestack.h:35:52: error: unknown type name 'sk_ASN1_STRING_TABLE_compfunc'\n     static ossl_inline STACK_OF(t1) *sk_##t1##_new(sk_##t1##_compfunc compare) \\\n                                                    ^\n/mysocks-0.5.12/OpenSSL_1_1_0/include/openssl/safestack.h:122:29: note: in expansion of macro 'SKM_DEFINE_STACK_OF'\n # define DEFINE_STACK_OF(t) SKM_DEFINE_STACK_OF(t, t, t)\n                             ^\n/mysocks-0.5.12/OpenSSL_1_1_0/include/openssl/asn1.h:193:1: note: in expansion of macro 'DEFINE_STACK_OF'\n DEFINE_STACK_OF(ASN1_STRING_TABLE)\n ^\n/mysocks-0.5.12/OpenSSL_1_1_0/include/openssl/safestack.h:40:5: error: expected '=', ',', ';', 'asm' or '__attribute__' before '{' token\n     { \\\n     ^\n/mysocks-0.5.12/OpenSSL_1_1_0/include/openssl/safestack.h:122:29: note: in expansion of macro 'SKM_DEFINE_STACK_OF'\n # define DEFINE_STACK_OF(t) SKM_DEFINE_STACK_OF(t, t, t)\n                             ^\n/mysocks-0.5.12/OpenSSL_1_1_0/include/openssl/asn1.h:193:1: note: in expansion of macro 'DEFINE_STACK_OF'\n DEFINE_STACK_OF(ASN1_STRING_TABLE)\n ^\n\u001b[0m\u001b[91m/mysocks-0.5.12/OpenSSL_1_1_0/include/openssl/safestack.h:44:5: error: expected '=', ',', ';', 'asm' or '__attribute__' before '{' token\n     { \\\n     ^\n/mysocks-0.5.12/OpenSSL_1_1_0/include/openssl/safestack.h:122:29: note: in expansion of macro 'SKM_DEFINE_STACK_OF'\n # define DEFINE_STACK_OF(t) SKM_DEFINE_STACK_OF(t, t, t)\n                             ^\n/mysocks-0.5.12/OpenSSL_1_1_0/include/openssl/asn1.h:193:1: note: in expansion of macro 'DEFINE_STACK_OF'\n DEFINE_STACK_OF(ASN1_STRING_TABLE)\n ^\n/mysocks-0.5.12/OpenSSL_1_1_0/include/openssl/safestack.h:48:5: error: expected '=', ',', ';', 'asm' or '__attribute__' before '{' token\n     { \\\n     ^\n/mysocks-0.5.12/OpenSSL_1_1_0/include/openssl/safestack.h:122:29: note: in expansion of macro 'SKM_DEFINE_STACK_OF'\n # define DEFINE_STACK_OF(t) SKM_DEFINE_STACK_OF(t, t, t)\n                             ^\n/mysocks-0.5.12/OpenSSL_1_1_0/include/openssl/asn1.h:193:1: note: in expansion of macro 'DEFINE_STACK_OF'\n DEFINE_STACK_OF(ASN1_STRING_TABLE)\n ^\n\u001b[0m\u001b[91m/mysocks-0.5.12/OpenSSL_1_1_0/include/openssl/safestack.h:51:27: error: expected '=', ',', ';', 'asm' or '__attribute__' before '*' token\n     static ossl_inline t2 *sk_##t1##_delete(STACK_OF(t1) *sk, int i) \\\n                           ^\n/mysocks-0.5.12/OpenSSL_1_1_0/include/openssl/safestack.h:122:29: note: in expansion of macro 'SKM_DEFINE_STACK_OF'\n # define DEFINE_STACK_OF(t) SKM_DEFINE_STACK_OF(t, t, t)\n                             ^\n/mysocks-0.5.12/OpenSSL_1_1_0/include/openssl/asn1.h:193:1: note: in expansion of macro 'DEFINE_STACK_OF'\n DEFINE_STACK_OF(ASN1_STRING_TABLE)\n ^\n/mysocks-0.5.12/OpenSSL_1_1_0/include/openssl/safestack.h:55:27: error: expected '=', ',', ';', 'asm' or '__attribute__' before '*' token\n     static ossl_inline t2 *sk_##t1##_delete_ptr(STACK_OF(t1) *sk, t2 *ptr) \\\n                           ^\n/mysocks-0.5.12/OpenSSL_1_1_0/include/openssl/safestack.h:122:29: note: in expansion of macro 'SKM_DEFINE_STACK_OF'\n # define DEFINE_STACK_OF(t) SKM_DEFINE_STACK_OF(t, t, t)\n                             ^\n/mysocks-0.5.12/OpenSSL_1_1_0/include/openssl/asn1.h:193:1: note: in expansion of macro 'DEFINE_STACK_OF'\n DEFINE_STACK_OF(ASN1_STRING_TABLE)\n ^\n\u001b[0m\u001b[91m/mysocks-0.5.12/OpenSSL_1_1_0/include/openssl/asn1.h:193:17: error: expected declaration specifiers or '...' before 'ASN1_STRING_TABLE'\n DEFINE_STACK_OF(ASN1_STRING_TABLE)\n                 ^\n/mysocks-0.5.12/OpenSSL_1_1_0/include/openssl/safestack.h:60:61: note: in definition of macro 'SKM_DEFINE_STACK_OF'\n     static ossl_inline int sk_##t1##_push(STACK_OF(t1) *sk, t2 *ptr) \\\n                                                             ^\n/mysocks-0.5.12/OpenSSL_1_1_0/include/openssl/asn1.h:193:1: note: in expansion of macro 'DEFINE_STACK_OF'\n DEFINE_STACK_OF(ASN1_STRING_TABLE)\n ^\n\u001b[0m\u001b[91m/mysocks-0.5.12/OpenSSL_1_1_0/include/openssl/asn1.h:193:17: error: expected declaration specifiers or '...' before 'ASN1_STRING_TABLE'\n DEFINE_STACK_OF(ASN1_STRING_TABLE)\n                 ^\n/mysocks-0.5.12/OpenSSL_1_1_0/include/openssl/safestack.h:64:64: note: in definition of macro 'SKM_DEFINE_STACK_OF'\n     static ossl_inline int sk_##t1##_unshift(STACK_OF(t1) *sk, t2 *ptr) \\\n                                                                ^\n/mysocks-0.5.12/OpenSSL_1_1_0/include/openssl/asn1.h:193:1: note: in expansion of macro 'DEFINE_STACK_OF'\n DEFINE_STACK_OF(ASN1_STRING_TABLE)\n ^\n/mysocks-0.5.12/OpenSSL_1_1_0/include/openssl/safestack.h:68:27: error: expected '=', ',', ';', 'asm' or '__attribute__' before '*' token\n     static ossl_inline t2 *sk_##t1##_pop(STACK_OF(t1) *sk) \\\n                           ^\n/mysocks-0.5.12/OpenSSL_1_1_0/include/openssl/safestack.h:122:29: note: in expansion of macro 'SKM_DEFINE_STACK_OF'\n # define DEFINE_STACK_OF(t) SKM_DEFINE_STACK_OF(t, t, t)\n                             ^\n/mysocks-0.5.12/OpenSSL_1_1_0/include/openssl/asn1.h:193:1: note: in expansion of macro 'DEFINE_STACK_OF'\n DEFINE_STACK_OF(ASN1_STRING_TABLE)\n ^\n/mysocks-0.5.12/OpenSSL_1_1_0/include/openssl/safestack.h:72:27: error: expected '=', ',', ';', 'asm' or '__attribute__' before '*' token\n     static ossl_inline t2 *sk_##t1##_shift(STACK_OF(t1) *sk) \\\n                           ^\n/mysocks-0.5.12/OpenSSL_1_1_0/include/openssl/safestack.h:122:29: note: in expansion of macro 'SKM_DEFINE_STACK_OF'\n # define DEFINE_STACK_OF(t) SKM_DEFINE_STACK_OF(t, t, t)\n                             ^\n/mysocks-0.5.12/OpenSSL_1_1_0/include/openssl/asn1.h:193:1: note: in expansion of macro 'DEFINE_STACK_OF'\n DEFINE_STACK_OF(ASN1_STRING_TABLE)\n ^\n\u001b[0m\u001b[91m/mysocks-0.5.12/OpenSSL_1_1_0/include/openssl/safestack.h:76:66: error: unknown type name 'sk_ASN1_STRING_TABLE_freefunc'\n     static ossl_inline void sk_##t1##_pop_free(STACK_OF(t1) *sk, sk_##t1##_freefunc freefunc) \\\n                                                                  ^\n/mysocks-0.5.12/OpenSSL_1_1_0/include/openssl/safestack.h:122:29: note: in expansion of macro 'SKM_DEFINE_STACK_OF'\n # define DEFINE_STACK_OF(t) SKM_DEFINE_STACK_OF(t, t, t)\n                             ^\n/mysocks-0.5.12/OpenSSL_1_1_0/include/openssl/asn1.h:193:1: note: in expansion of macro 'DEFINE_STACK_OF'\n DEFINE_STACK_OF(ASN1_STRING_TABLE)\n ^\n/mysocks-0.5.12/OpenSSL_1_1_0/include/openssl/asn1.h:193:17: error: expected declaration specifiers or '...' before 'ASN1_STRING_TABLE'\n DEFINE_STACK_OF(ASN1_STRING_TABLE)\n                 ^\n/mysocks-0.5.12/OpenSSL_1_1_0/include/openssl/safestack.h:80:63: note: in definition of macro 'SKM_DEFINE_STACK_OF'\n     static ossl_inline int sk_##t1##_insert(STACK_OF(t1) *sk, t2 *ptr, int idx) \\\n                                                               ^\n/mysocks-0.5.12/OpenSSL_1_1_0/include/openssl/asn1.h:193:1: note: in expansion of macro 'DEFINE_STACK_OF'\n DEFINE_STACK_OF(ASN1_STRING_TABLE)\n ^\n\u001b[0m\u001b[91m/mysocks-0.5.12/OpenSSL_1_1_0/include/openssl/safestack.h:84:27: error: expected '=', ',', ';', 'asm' or '__attribute__' before '*' token\n     static ossl_inline t2 *sk_##t1##_set(STACK_OF(t1) *sk, int idx, t2 *ptr) \\\n                           ^\n/mysocks-0.5.12/OpenSSL_1_1_0/include/openssl/safestack.h:122:29: note: in expansion of macro 'SKM_DEFINE_STACK_OF'\n # define DEFINE_STACK_OF(t) SKM_DEFINE_STACK_OF(t, t, t)\n                             ^\n/mysocks-0.5.12/OpenSSL_1_1_0/include/openssl/asn1.h:193:1: note: in expansion of macro 'DEFINE_STACK_OF'\n DEFINE_STACK_OF(ASN1_STRING_TABLE)\n ^\n\u001b[0m\u001b[91m/mysocks-0.5.12/OpenSSL_1_1_0/include/openssl/asn1.h:193:17: error: expected declaration specifiers or '...' before 'ASN1_STRING_TABLE'\n DEFINE_STACK_OF(ASN1_STRING_TABLE)\n                 ^\n/mysocks-0.5.12/OpenSSL_1_1_0/include/openssl/safestack.h:88:61: note: in definition of macro 'SKM_DEFINE_STACK_OF'\n     static ossl_inline int sk_##t1##_find(STACK_OF(t1) *sk, t2 *ptr) \\\n                                                             ^\n/mysocks-0.5.12/OpenSSL_1_1_0/include/openssl/asn1.h:193:1: note: in expansion of macro 'DEFINE_STACK_OF'\n DEFINE_STACK_OF(ASN1_STRING_TABLE)\n ^\n\u001b[0m\u001b[91m/mysocks-0.5.12/OpenSSL_1_1_0/include/openssl/asn1.h:193:17: error: expected declaration specifiers or '...' before 'ASN1_STRING_TABLE'\n DEFINE_STACK_OF(ASN1_STRING_TABLE)\n                 ^\n/mysocks-0.5.12/OpenSSL_1_1_0/include/openssl/safestack.h:92:64: note: in definition of macro 'SKM_DEFINE_STACK_OF'\n     static ossl_inline int sk_##t1##_find_ex(STACK_OF(t1) *sk, t2 *ptr) \\\n                                                                ^\n/mysocks-0.5.12/OpenSSL_1_1_0/include/openssl/asn1.h:193:1: note: in expansion of macro 'DEFINE_STACK_OF'\n DEFINE_STACK_OF(ASN1_STRING_TABLE)\n ^\n/mysocks-0.5.12/OpenSSL_1_1_0/include/openssl/safestack.h:97:5: error: expected '=', ',', ';', 'asm' or '__attribute__' before '{' token\n     { \\\n     ^\n/mysocks-0.5.12/OpenSSL_1_1_0/include/openssl/safestack.h:122:29: note: in expansion of macro 'SKM_DEFINE_STACK_OF'\n # define DEFINE_STACK_OF(t) SKM_DEFINE_STACK_OF(t, t, t)\n                             ^\n/mysocks-0.5.12/OpenSSL_1_1_0/include/openssl/asn1.h:193:1: note: in expansion of macro 'DEFINE_STACK_OF'\n DEFINE_STACK_OF(ASN1_STRING_TABLE)\n ^\n\u001b[0m\u001b[91m/mysocks-0.5.12/OpenSSL_1_1_0/include/openssl/safestack.h:101:5: error: expected '=', ',', ';', 'asm' or '__attribute__' before '{' token\n     { \\\n     ^\n/mysocks-0.5.12/OpenSSL_1_1_0/include/openssl/safestack.h:122:29: note: in expansion of macro 'SKM_DEFINE_STACK_OF'\n # define DEFINE_STACK_OF(t) SKM_DEFINE_STACK_OF(t, t, t)\n                             ^\n/mysocks-0.5.12/OpenSSL_1_1_0/include/openssl/asn1.h:193:1: note: in expansion of macro 'DEFINE_STACK_OF'\n DEFINE_STACK_OF(ASN1_STRING_TABLE)\n ^\n/mysocks-0.5.12/OpenSSL_1_1_0/include/openssl/safestack.h:105:5: error: expected '=', ',', ';', 'asm' or '__attribute__' before '{' token\n     { \\\n     ^\n/mysocks-0.5.12/OpenSSL_1_1_0/include/openssl/safestack.h:122:29: note: in expansion of macro 'SKM_DEFINE_STACK_OF'\n # define DEFINE_STACK_OF(t) SKM_DEFINE_STACK_OF(t, t, t)\n                             ^\n/mysocks-0.5.12/OpenSSL_1_1_0/include/openssl/asn1.h:193:1: note: in expansion of macro 'DEFINE_STACK_OF'\n DEFINE_STACK_OF(ASN1_STRING_TABLE)\n ^\n\u001b[0m\u001b[91m/mysocks-0.5.12/OpenSSL_1_1_0/include/openssl/safestack.h:109:53: error: unknown type name 'sk_ASN1_STRING_TABLE_copyfunc'\n                                                     sk_##t1##_copyfunc copyfunc, \\\n                                                     ^\n/mysocks-0.5.12/OpenSSL_1_1_0/include/openssl/safestack.h:122:29: note: in expansion of macro 'SKM_DEFINE_STACK_OF'\n # define DEFINE_STACK_OF(t) SKM_DEFINE_STACK_OF(t, t, t)\n                             ^\n/mysocks-0.5.12/OpenSSL_1_1_0/include/openssl/asn1.h:193:1: note: in expansion of macro 'DEFINE_STACK_OF'\n DEFINE_STACK_OF(ASN1_STRING_TABLE)\n ^\n/mysocks-0.5.12/OpenSSL_1_1_0/include/openssl/safestack.h:110:53: error: unknown type name 'sk_ASN1_STRING_TABLE_freefunc'\n                                                     sk_##t1##_freefunc freefunc) \\\n                                                     ^\n/mysocks-0.5.12/OpenSSL_1_1_0/include/openssl/safestack.h:122:29: note: in expansion of macro 'SKM_DEFINE_STACK_OF'\n # define DEFINE_STACK_OF(t) SKM_DEFINE_STACK_OF(t, t, t)\n                             ^\n/mysocks-0.5.12/OpenSSL_1_1_0/include/openssl/asn1.h:193:1: note: in expansion of macro 'DEFINE_STACK_OF'\n DEFINE_STACK_OF(ASN1_STRING_TABLE)\n ^\n\u001b[0m\u001b[91m/mysocks-0.5.12/OpenSSL_1_1_0/include/openssl/safestack.h:116:24: error: unknown type name 'sk_ASN1_STRING_TABLE_compfunc'\n     static ossl_inline sk_##t1##_compfunc sk_##t1##_set_cmp_func(STACK_OF(t1) *sk, sk_##t1##_compfunc compare) \\\n                        ^\n/mysocks-0.5.12/OpenSSL_1_1_0/include/openssl/safestack.h:122:29: note: in expansion of macro 'SKM_DEFINE_STACK_OF'\n # define DEFINE_STACK_OF(t) SKM_DEFINE_STACK_OF(t, t, t)\n                             ^\n/mysocks-0.5.12/OpenSSL_1_1_0/include/openssl/asn1.h:193:1: note: in expansion of macro 'DEFINE_STACK_OF'\n DEFINE_STACK_OF(ASN1_STRING_TABLE)\n ^\n/mysocks-0.5.12/OpenSSL_1_1_0/include/openssl/safestack.h:116:84: error: unknown type name 'sk_ASN1_STRING_TABLE_compfunc'\n     static ossl_inline sk_##t1##_compfunc sk_##t1##_set_cmp_func(STACK_OF(t1) *sk, sk_##t1##_compfunc compare) \\\n                                                                                    ^\n/mysocks-0.5.12/OpenSSL_1_1_0/include/openssl/safestack.h:122:29: note: in expansion of macro 'SKM_DEFINE_STACK_OF'\n # define DEFINE_STACK_OF(t) SKM_DEFINE_STACK_OF(t, t, t)\n                             ^\n/mysocks-0.5.12/OpenSSL_1_1_0/include/openssl/asn1.h:193:1: note: in expansion of macro 'DEFINE_STACK_OF'\n DEFINE_STACK_OF(ASN1_STRING_TABLE)\n ^\n\u001b[0m\u001b[91mIn file included from /mysocks-0.5.12/OpenSSL_1_1_0/include/openssl/objects.h:916:0,\n                 from /mysocks-0.5.12/OpenSSL_1_1_0/include/openssl/evp.h:27,\n                 from /mysocks-0.5.12/src/cipher-openssl.h:10,\n                 from /mysocks-0.5.12/src/client.c:27:\n/mysocks-0.5.12/OpenSSL_1_1_0/include/openssl/asn1.h:209:33: error: storage class specified for parameter 'ASN1_TEMPLATE'\n typedef struct ASN1_TEMPLATE_st ASN1_TEMPLATE;\n                                 ^\n/mysocks-0.5.12/OpenSSL_1_1_0/include/openssl/asn1.h:210:28: error: storage class specified for parameter 'ASN1_TLC'\n typedef struct ASN1_TLC_st ASN1_TLC;\n                            ^\n\u001b[0m\u001b[91m/mysocks-0.5.12/OpenSSL_1_1_0/include/openssl/asn1.h:212:30: error: storage class specified for parameter 'ASN1_VALUE'\n typedef struct ASN1_VALUE_st ASN1_VALUE;\n                              ^\n\u001b[0m\u001b[91m/mysocks-0.5.12/OpenSSL_1_1_0/include/openssl/asn1.h:272:45: error: storage class specified for parameter 'd2i_of_void'\n # define TYPEDEF_D2I_OF(type) typedef type *d2i_of_##type(type **,const unsigned char **,long)\n                                             ^\n/mysocks-0.5.12/OpenSSL_1_1_0/include/openssl/asn1.h:274:33: note: in expansion of macro 'TYPEDEF_D2I_OF'\n # define TYPEDEF_D2I2D_OF(type) TYPEDEF_D2I_OF(type); TYPEDEF_I2D_OF(type)\n                                 ^\n/mysocks-0.5.12/OpenSSL_1_1_0/include/openssl/asn1.h:276:1: note: in expansion of macro 'TYPEDEF_D2I2D_OF'\n TYPEDEF_D2I2D_OF(void);\n ^\n/mysocks-0.5.12/OpenSSL_1_1_0/include/openssl/asn1.h:273:43: error: storage class specified for parameter 'i2d_of_void'\n # define TYPEDEF_I2D_OF(type) typedef int i2d_of_##type(type *,unsigned char **)\n                                           ^\n/mysocks-0.5.12/OpenSSL_1_1_0/include/openssl/asn1.h:274:55: note: in expansion of macro 'TYPEDEF_I2D_OF'\n # define TYPEDEF_D2I2D_OF(type) TYPEDEF_D2I_OF(type); TYPEDEF_I2D_OF(type)\n                                                       ^\n/mysocks-0.5.12/OpenSSL_1_1_0/include/openssl/asn1.h:276:1: note: in expansion of macro 'TYPEDEF_D2I2D_OF'\n TYPEDEF_D2I2D_OF(void);\n ^\n/mysocks-0.5.12/OpenSSL_1_1_0/include/openssl/asn1.h:317:25: error: storage class specified for parameter 'ASN1_ITEM_EXP'\n typedef const ASN1_ITEM ASN1_ITEM_EXP;\n                         ^\n\u001b[0m\u001b[91mIn file included from /mysocks-0.5.12/OpenSSL_1_1_0/include/openssl/crypto.h:29:0,\n                 from /mysocks-0.5.12/OpenSSL_1_1_0/include/openssl/bio.h:20,\n                 from /mysocks-0.5.12/OpenSSL_1_1_0/include/openssl/evp.h:16,\n                 from /mysocks-0.5.12/src/cipher-openssl.h:10,\n                 from /mysocks-0.5.12/src/client.c:27:\n/mysocks-0.5.12/OpenSSL_1_1_0/include/openssl/safestack.h:20:25: warning: empty declaration\n # define STACK_OF(type) struct stack_st_##type\n                         ^\n/mysocks-0.5.12/OpenSSL_1_1_0/include/openssl/safestack.h:23:5: note: in expansion of macro 'STACK_OF'\n     STACK_OF(t1); \\\n     ^\n/mysocks-0.5.12/OpenSSL_1_1_0/include/openssl/safestack.h:122:29: note: in expansion of macro 'SKM_DEFINE_STACK_OF'\n # define DEFINE_STACK_OF(t) SKM_DEFINE_STACK_OF(t, t, t)\n                             ^\n/mysocks-0.5.12/OpenSSL_1_1_0/include/openssl/asn1.h:437:1: note: in expansion of macro 'DEFINE_STACK_OF'\n DEFINE_STACK_OF(ASN1_INTEGER)\n ^\n\u001b[0m\u001b[91m/mysocks-0.5.12/OpenSSL_1_1_0/include/openssl/safestack.h:24:19: error: storage class specified for parameter 'sk_ASN1_INTEGER_compfunc'\n     typedef int (*sk_##t1##_compfunc)(const t3 * const *a, const t3 *const *b); \\\n                   ^\n/mysocks-0.5.12/OpenSSL_1_1_0/include/openssl/safestack.h:122:29: note: in expansion of macro 'SKM_DEFINE_STACK_OF'\n # define DEFINE_STACK_OF(t) SKM_DEFINE_STACK_OF(t, t, t)\n                             ^\n/mysocks-0.5.12/OpenSSL_1_1_0/include/openssl/asn1.h:437:1: note: in expansion of macro 'DEFINE_STACK_OF'\n DEFINE_STACK_OF(ASN1_INTEGER)\n ^\n\u001b[0m\u001b[91m/mysocks-0.5.12/OpenSSL_1_1_0/include/openssl/safestack.h:25:20: error: storage class specified for parameter 'sk_ASN1_INTEGER_freefunc'\n     typedef void (*sk_##t1##_freefunc)(t3 *a); \\\n                    ^\n/mysocks-0.5.12/OpenSSL_1_1_0/include/openssl/safestack.h:122:29: note: in expansion of macro 'SKM_DEFINE_STACK_OF'\n # define DEFINE_STACK_OF(t) SKM_DEFINE_STACK_OF(t, t, t)\n                             ^\n/mysocks-0.5.12/OpenSSL_1_1_0/include/openssl/asn1.h:437:1: note: in expansion of macro 'DEFINE_STACK_OF'\n DEFINE_STACK_OF(ASN1_INTEGER)\n ^\n/mysocks-0.5.12/OpenSSL_1_1_0/include/openssl/safestack.h:26:20: error: storage class specified for parameter 'sk_ASN1_INTEGER_copyfunc'\n     typedef t3 * (*sk_##t1##_copyfunc)(const t3 *a); \\\n                    ^\n/mysocks-0.5.12/OpenSSL_1_1_0/include/openssl/safestack.h:122:29: note: in expansion of macro 'SKM_DEFINE_STACK_OF'\n # define DEFINE_STACK_OF(t) SKM_DEFINE_STACK_OF(t, t, t)\n                             ^\n/mysocks-0.5.12/OpenSSL_1_1_0/include/openssl/asn1.h:437:1: note: in expansion of macro 'DEFINE_STACK_OF'\n DEFINE_STACK_OF(ASN1_INTEGER)\n ^\n\u001b[0m\u001b[91m/mysocks-0.5.12/OpenSSL_1_1_0/include/openssl/safestack.h:28:5: error: expected '=', ',', ';', 'asm' or '__attribute__' before '{' token\n     { \\\n     ^\n/mysocks-0.5.12/OpenSSL_1_1_0/include/openssl/safestack.h:122:29: note: in expansion of macro 'SKM_DEFINE_STACK_OF'\n # define DEFINE_STACK_OF(t) SKM_DEFINE_STACK_OF(t, t, t)\n                             ^\n/mysocks-0.5.12/OpenSSL_1_1_0/include/openssl/asn1.h:437:1: note: in expansion of macro 'DEFINE_STACK_OF'\n DEFINE_STACK_OF(ASN1_INTEGER)\n ^\n\u001b[0m\u001b[91m/mysocks-0.5.12/OpenSSL_1_1_0/include/openssl/safestack.h:32:5: error: expected '=', ',', ';', 'asm' or '__attribute__' before '{' token\n     { \\\n     ^\n/mysocks-0.5.12/OpenSSL_1_1_0/include/openssl/safestack.h:122:29: note: in expansion of macro 'SKM_DEFINE_STACK_OF'\n # define DEFINE_STACK_OF(t) SKM_DEFINE_STACK_OF(t, t, t)\n                             ^\n/mysocks-0.5.12/OpenSSL_1_1_0/include/openssl/asn1.h:437:1: note: in expansion of macro 'DEFINE_STACK_OF'\n DEFINE_STACK_OF(ASN1_INTEGER)\n ^\n\u001b[0m\u001b[91m/mysocks-0.5.12/OpenSSL_1_1_0/include/openssl/safestack.h:35:52: error: expected declaration specifiers or '...' before 'sk_ASN1_INTEGER_compfunc'\n     static ossl_inline STACK_OF(t1) *sk_##t1##_new(sk_##t1##_compfunc compare) \\\n                                                    ^\n/mysocks-0.5.12/OpenSSL_1_1_0/include/openssl/safestack.h:122:29: note: in expansion of macro 'SKM_DEFINE_STACK_OF'\n # define DEFINE_STACK_OF(t) SKM_DEFINE_STACK_OF(t, t, t)\n                             ^\n/mysocks-0.5.12/OpenSSL_1_1_0/include/openssl/asn1.h:437:1: note: in expansion of macro 'DEFINE_STACK_OF'\n DEFINE_STACK_OF(ASN1_INTEGER)\n ^\n\u001b[0m\u001b[91m/mysocks-0.5.12/OpenSSL_1_1_0/include/openssl/safestack.h:40:5: error: expected '=', ',', ';', 'asm' or '__attribute__' before '{' token\n     { \\\n     ^\n/mysocks-0.5.12/OpenSSL_1_1_0/include/openssl/safestack.h:122:29: note: in expansion of macro 'SKM_DEFINE_STACK_OF'\n # define DEFINE_STACK_OF(t) SKM_DEFINE_STACK_OF(t, t, t)\n                             ^\n/mysocks-0.5.12/OpenSSL_1_1_0/include/openssl/asn1.h:437:1: note: in expansion of macro 'DEFINE_STACK_OF'\n DEFINE_STACK_OF(ASN1_INTEGER)\n ^\n\u001b[0m\u001b[91m/mysocks-0.5.12/OpenSSL_1_1_0/include/openssl/safestack.h:44:5: error: expected '=', ',', ';', 'asm' or '__attribute__' before '{' token\n     { \\\n     ^\n/mysocks-0.5.12/OpenSSL_1_1_0/include/openssl/safestack.h:122:29: note: in expansion of macro 'SKM_DEFINE_STACK_OF'\n # define DEFINE_STACK_OF(t) SKM_DEFINE_STACK_OF(t, t, t)\n                             ^\n/mysocks-0.5.12/OpenSSL_1_1_0/include/openssl/asn1.h:437:1: note: in expansion of macro 'DEFINE_STACK_OF'\n DEFINE_STACK_OF(ASN1_INTEGER)\n ^\n\u001b[0m\u001b[91m/mysocks-0.5.12/OpenSSL_1_1_0/include/openssl/safestack.h:48:5: error: expected '=', ',', ';', 'asm' or '__attribute__' before '{' token\n     { \\\n     ^\n/mysocks-0.5.12/OpenSSL_1_1_0/include/openssl/safestack.h:122:29: note: in expansion of macro 'SKM_DEFINE_STACK_OF'\n # define DEFINE_STACK_OF(t) SKM_DEFINE_STACK_OF(t, t, t)\n                             ^\n/mysocks-0.5.12/OpenSSL_1_1_0/include/openssl/asn1.h:437:1: note: in expansion of macro 'DEFINE_STACK_OF'\n DEFINE_STACK_OF(ASN1_INTEGER)\n ^\n/mysocks-0.5.12/OpenSSL_1_1_0/include/openssl/safestack.h:52:5: error: expected '=', ',', ';', 'asm' or '__attribute__' before '{' token\n     { \\\n     ^\n/mysocks-0.5.12/OpenSSL_1_1_0/include/openssl/safestack.h:122:29: note: in expansion of macro 'SKM_DEFINE_STACK_OF'\n # define DEFINE_STACK_OF(t) SKM_DEFINE_STACK_OF(t, t, t)\n                             ^\n/mysocks-0.5.12/OpenSSL_1_1_0/include/openssl/asn1.h:437:1: note: in expansion of macro 'DEFINE_STACK_OF'\n DEFINE_STACK_OF(ASN1_INTEGER)\n ^\n\u001b[0m\u001b[91m/mysocks-0.5.12/OpenSSL_1_1_0/include/openssl/safestack.h:56:5: error: expected '=', ',', ';', 'asm' or '__attribute__' before '{' token\n     { \\\n     ^\n/mysocks-0.5.12/OpenSSL_1_1_0/include/openssl/safestack.h:122:29: note: in expansion of macro 'SKM_DEFINE_STACK_OF'\n # define DEFINE_STACK_OF(t) SKM_DEFINE_STACK_OF(t, t, t)\n                             ^\n/mysocks-0.5.12/OpenSSL_1_1_0/include/openssl/asn1.h:437:1: note: in expansion of macro 'DEFINE_STACK_OF'\n DEFINE_STACK_OF(ASN1_INTEGER)\n ^\n\u001b[0m\u001b[91m/mysocks-0.5.12/OpenSSL_1_1_0/include/openssl/safestack.h:61:5: error: expected '=', ',', ';', 'asm' or '__attribute__' before '{' token\n     { \\\n     ^\n/mysocks-0.5.12/OpenSSL_1_1_0/include/openssl/safestack.h:122:29: note: in expansion of macro 'SKM_DEFINE_STACK_OF'\n # define DEFINE_STACK_OF(t) SKM_DEFINE_STACK_OF(t, t, t)\n                             ^\n/mysocks-0.5.12/OpenSSL_1_1_0/include/openssl/asn1.h:437:1: note: in expansion of macro 'DEFINE_STACK_OF'\n DEFINE_STACK_OF(ASN1_INTEGER)\n ^\n\u001b[0m\u001b[91m/mysocks-0.5.12/OpenSSL_1_1_0/include/openssl/safestack.h:65:5: error: expected '=', ',', ';', 'asm' or '__attribute__' before '{' token\n     { \\\n     ^\n/mysocks-0.5.12/OpenSSL_1_1_0/include/openssl/safestack.h:122:29: note: in expansion of macro 'SKM_DEFINE_STACK_OF'\n # define DEFINE_STACK_OF(t) SKM_DEFINE_STACK_OF(t, t, t)\n                             ^\n/mysocks-0.5.12/OpenSSL_1_1_0/include/openssl/asn1.h:437:1: note: in expansion of macro 'DEFINE_STACK_OF'\n DEFINE_STACK_OF(ASN1_INTEGER)\n ^\n/mysocks-0.5.12/OpenSSL_1_1_0/include/openssl/safestack.h:69:5: error: expected '=', ',', ';', 'asm' or '__attribute__' before '{' token\n     { \\\n     ^\n/mysocks-0.5.12/OpenSSL_1_1_0/include/openssl/safestack.h:122:29: note: in expansion of macro 'SKM_DEFINE_STACK_OF'\n # define DEFINE_STACK_OF(t) SKM_DEFINE_STACK_OF(t, t, t)\n                             ^\n/mysocks-0.5.12/OpenSSL_1_1_0/include/openssl/asn1.h:437:1: note: in expansion of macro 'DEFINE_STACK_OF'\n DEFINE_STACK_OF(ASN1_INTEGER)\n ^\n\u001b[0m\u001b[91m/mysocks-0.5.12/OpenSSL_1_1_0/include/openssl/safestack.h:73:5: error: expected '=', ',', ';', 'asm' or '__attribute__' before '{' token\n     { \\\n     ^\n/mysocks-0.5.12/OpenSSL_1_1_0/include/openssl/safestack.h:122:29: note: in expansion of macro 'SKM_DEFINE_STACK_OF'\n # define DEFINE_STACK_OF(t) SKM_DEFINE_STACK_OF(t, t, t)\n                             ^\n/mysocks-0.5.12/OpenSSL_1_1_0/include/openssl/asn1.h:437:1: note: in expansion of macro 'DEFINE_STACK_OF'\n DEFINE_STACK_OF(ASN1_INTEGER)\n ^\n/mysocks-0.5.12/OpenSSL_1_1_0/include/openssl/safestack.h:76:66: error: expected declaration specifiers or '...' before 'sk_ASN1_INTEGER_freefunc'\n     static ossl_inline void sk_##t1##_pop_free(STACK_OF(t1) *sk, sk_##t1##_freefunc freefunc) \\\n                                                                  ^\n/mysocks-0.5.12/OpenSSL_1_1_0/include/openssl/safestack.h:122:29: note: in expansion of macro 'SKM_DEFINE_STACK_OF'\n # define DEFINE_STACK_OF(t) SKM_DEFINE_STACK_OF(t, t, t)\n                             ^\n/mysocks-0.5.12/OpenSSL_1_1_0/include/openssl/asn1.h:437:1: note: in expansion of macro 'DEFINE_STACK_OF'\n DEFINE_STACK_OF(ASN1_INTEGER)\n ^\n\u001b[0m\u001b[91m/mysocks-0.5.12/OpenSSL_1_1_0/include/openssl/safestack.h:81:5: error: expected '=', ',', ';', 'asm' or '__attribute__' before '{' token\n     { \\\n     ^\n/mysocks-0.5.12/OpenSSL_1_1_0/include/openssl/safestack.h:122:29: note: in expansion of macro 'SKM_DEFINE_STACK_OF'\n # define DEFINE_STACK_OF(t) SKM_DEFINE_STACK_OF(t, t, t)\n                             ^\n/mysocks-0.5.12/OpenSSL_1_1_0/include/openssl/asn1.h:437:1: note: in expansion of macro 'DEFINE_STACK_OF'\n DEFINE_STACK_OF(ASN1_INTEGER)\n ^\n/mysocks-0.5.12/OpenSSL_1_1_0/include/openssl/safestack.h:85:5: error: expected '=', ',', ';', 'asm' or '__attribute__' before '{' token\n     { \\\n     ^\n/mysocks-0.5.12/OpenSSL_1_1_0/include/openssl/safestack.h:122:29: note: in expansion of macro 'SKM_DEFINE_STACK_OF'\n # define DEFINE_STACK_OF(t) SKM_DEFINE_STACK_OF(t, t, t)\n                             ^\n/mysocks-0.5.12/OpenSSL_1_1_0/include/openssl/asn1.h:437:1: note: in expansion of macro 'DEFINE_STACK_OF'\n DEFINE_STACK_OF(ASN1_INTEGER)\n ^\n\u001b[0m\u001b[91m/mysocks-0.5.12/OpenSSL_1_1_0/include/openssl/safestack.h:89:5: error: expected '=', ',', ';', 'asm' or '__attribute__' before '{' token\n     { \\\n     ^\n/mysocks-0.5.12/OpenSSL_1_1_0/include/openssl/safestack.h:122:29: note: in expansion of macro 'SKM_DEFINE_STACK_OF'\n # define DEFINE_STACK_OF(t) SKM_DEFINE_STACK_OF(t, t, t)\n                             ^\n/mysocks-0.5.12/OpenSSL_1_1_0/include/openssl/asn1.h:437:1: note: in expansion of macro 'DEFINE_STACK_OF'\n DEFINE_STACK_OF(ASN1_INTEGER)\n ^\n\u001b[0m\u001b[91m/mysocks-0.5.12/OpenSSL_1_1_0/include/openssl/safestack.h:93:5: error: expected '=', ',', ';', 'asm' or '__attribute__' before '{' token\n     { \\\n     ^\n/mysocks-0.5.12/OpenSSL_1_1_0/include/openssl/safestack.h:122:29: note: in expansion of macro 'SKM_DEFINE_STACK_OF'\n # define DEFINE_STACK_OF(t) SKM_DEFINE_STACK_OF(t, t, t)\n                             ^\n/mysocks-0.5.12/OpenSSL_1_1_0/include/openssl/asn1.h:437:1: note: in expansion of macro 'DEFINE_STACK_OF'\n DEFINE_STACK_OF(ASN1_INTEGER)\n ^\n\u001b[0m\u001b[91m/mysocks-0.5.12/OpenSSL_1_1_0/include/openssl/safestack.h:97:5: error: expected '=', ',', ';', 'asm' or '__attribute__' before '{' token\n     { \\\n     ^\n/mysocks-0.5.12/OpenSSL_1_1_0/include/openssl/safestack.h:122:29: note: in expansion of macro 'SKM_DEFINE_STACK_OF'\n # define DEFINE_STACK_OF(t) SKM_DEFINE_STACK_OF(t, t, t)\n                             ^\n/mysocks-0.5.12/OpenSSL_1_1_0/include/openssl/asn1.h:437:1: note: in expansion of macro 'DEFINE_STACK_OF'\n DEFINE_STACK_OF(ASN1_INTEGER)\n ^\n/mysocks-0.5.12/OpenSSL_1_1_0/include/openssl/safestack.h:101:5: error: expected '=', ',', ';', 'asm' or '__attribute__' before '{' token\n     { \\\n     ^\n/mysocks-0.5.12/OpenSSL_1_1_0/include/openssl/safestack.h:122:29: note: in expansion of macro 'SKM_DEFINE_STACK_OF'\n # define DEFINE_STACK_OF(t) SKM_DEFINE_STACK_OF(t, t, t)\n                             ^\n/mysocks-0.5.12/OpenSSL_1_1_0/include/openssl/asn1.h:437:1: note: in expansion of macro 'DEFINE_STACK_OF'\n DEFINE_STACK_OF(ASN1_INTEGER)\n ^\n\u001b[0m\u001b[91m/mysocks-0.5.12/OpenSSL_1_1_0/include/openssl/safestack.h:105:5: error: expected '=', ',', ';', 'asm' or '__attribute__' before '{' token\n     { \\\n     ^\n/mysocks-0.5.12/OpenSSL_1_1_0/include/openssl/safestack.h:122:29: note: in expansion of macro 'SKM_DEFINE_STACK_OF'\n # define DEFINE_STACK_OF(t) SKM_DEFINE_STACK_OF(t, t, t)\n                             ^\n/mysocks-0.5.12/OpenSSL_1_1_0/include/openssl/asn1.h:437:1: note: in expansion of macro 'DEFINE_STACK_OF'\n DEFINE_STACK_OF(ASN1_INTEGER)\n ^\n\u001b[0m\u001b[91m/mysocks-0.5.12/OpenSSL_1_1_0/include/openssl/safestack.h:109:53: error: expected declaration specifiers or '...' before 'sk_ASN1_INTEGER_copyfunc'\n                                                     sk_##t1##_copyfunc copyfunc, \\\n                                                     ^\n/mysocks-0.5.12/OpenSSL_1_1_0/include/openssl/safestack.h:122:29: note: in expansion of macro 'SKM_DEFINE_STACK_OF'\n # define DEFINE_STACK_OF(t) SKM_DEFINE_STACK_OF(t, t, t)\n                             ^\n/mysocks-0.5.12/OpenSSL_1_1_0/include/openssl/asn1.h:437:1: note: in expansion of macro 'DEFINE_STACK_OF'\n DEFINE_STACK_OF(ASN1_INTEGER)\n ^\n/mysocks-0.5.12/OpenSSL_1_1_0/include/openssl/safestack.h:110:53: error: expected declaration specifiers or '...' before 'sk_ASN1_INTEGER_freefunc'\n                                                     sk_##t1##_freefunc freefunc) \\\n                                                     ^\n/mysocks-0.5.12/OpenSSL_1_1_0/include/openssl/safestack.h:122:29: note: in expansion of macro 'SKM_DEFINE_STACK_OF'\n # define DEFINE_STACK_OF(t) SKM_DEFINE_STACK_OF(t, t, t)\n                             ^\n/mysocks-0.5.12/OpenSSL_1_1_0/include/openssl/asn1.h:437:1: note: in expansion of macro 'DEFINE_STACK_OF'\n DEFINE_STACK_OF(ASN1_INTEGER)\n ^\n\u001b[0m\u001b[91m/mysocks-0.5.12/OpenSSL_1_1_0/include/openssl/safestack.h:116:43: error: expected '=', ',', ';', 'asm' or '__attribute__' before 'sk_ASN1_INTEGER_set_cmp_func'\n     static ossl_inline sk_##t1##_compfunc sk_##t1##_set_cmp_func(STACK_OF(t1) *sk, sk_##t1##_compfunc compare) \\\n                                           ^\n/mysocks-0.5.12/OpenSSL_1_1_0/include/openssl/safestack.h:122:29: note: in expansion of macro 'SKM_DEFINE_STACK_OF'\n # define DEFINE_STACK_OF(t) SKM_DEFINE_STACK_OF(t, t, t)\n                             ^\n/mysocks-0.5.12/OpenSSL_1_1_0/include/openssl/asn1.h:437:1: note: in expansion of macro 'DEFINE_STACK_OF'\n DEFINE_STACK_OF(ASN1_INTEGER)\n ^\n\u001b[0m\u001b[91m/mysocks-0.5.12/OpenSSL_1_1_0/include/openssl/safestack.h:20:25: warning: empty declaration\n # define STACK_OF(type) struct stack_st_##type\n                         ^\n/mysocks-0.5.12/OpenSSL_1_1_0/include/openssl/safestack.h:23:5: note: in expansion of macro 'STACK_OF'\n     STACK_OF(t1); \\\n     ^\n/mysocks-0.5.12/OpenSSL_1_1_0/include/openssl/safestack.h:122:29: note: in expansion of macro 'SKM_DEFINE_STACK_OF'\n # define DEFINE_STACK_OF(t) SKM_DEFINE_STACK_OF(t, t, t)\n                             ^\n/mysocks-0.5.12/OpenSSL_1_1_0/include/openssl/asn1.h:439:1: note: in expansion of macro 'DEFINE_STACK_OF'\n DEFINE_STACK_OF(ASN1_GENERALSTRING)\n ^\n\u001b[0m\u001b[91m/mysocks-0.5.12/OpenSSL_1_1_0/include/openssl/safestack.h:24:19: error: storage class specified for parameter 'sk_ASN1_GENERALSTRING_compfunc'\n     typedef int (*sk_##t1##_compfunc)(const t3 * const *a, const t3 *const *b); \\\n                   ^\n/mysocks-0.5.12/OpenSSL_1_1_0/include/openssl/safestack.h:122:29: note: in expansion of macro 'SKM_DEFINE_STACK_OF'\n # define DEFINE_STACK_OF(t) SKM_DEFINE_STACK_OF(t, t, t)\n                             ^\n/mysocks-0.5.12/OpenSSL_1_1_0/include/openssl/asn1.h:439:1: note: in expansion of macro 'DEFINE_STACK_OF'\n DEFINE_STACK_OF(ASN1_GENERALSTRING)\n ^\n\u001b[0m\u001b[91m/mysocks-0.5.12/OpenSSL_1_1_0/include/openssl/safestack.h:25:20: error: storage class specified for parameter 'sk_ASN1_GENERALSTRING_freefunc'\n     typedef void (*sk_##t1##_freefunc)(t3 *a); \\\n                    ^\n/mysocks-0.5.12/OpenSSL_1_1_0/include/openssl/safestack.h:122:29: note: in expansion of macro 'SKM_DEFINE_STACK_OF'\n # define DEFINE_STACK_OF(t) SKM_DEFINE_STACK_OF(t, t, t)\n                             ^\n/mysocks-0.5.12/OpenSSL_1_1_0/include/openssl/asn1.h:439:1: note: in expansion of macro 'DEFINE_STACK_OF'\n DEFINE_STACK_OF(ASN1_GENERALSTRING)\n ^\n\u001b[0m\u001b[91m/mysocks-0.5.12/OpenSSL_1_1_0/include/openssl/safestack.h:26:20: error: storage class specified for parameter 'sk_ASN1_GENERALSTRING_copyfunc'\n     typedef t3 * (*sk_##t1##_copyfunc)(const t3 *a); \\\n                    ^\n/mysocks-0.5.12/OpenSSL_1_1_0/include/openssl/safestack.h:122:29: note: in expansion of macro 'SKM_DEFINE_STACK_OF'\n # define DEFINE_STACK_OF(t) SKM_DEFINE_STACK_OF(t, t, t)\n                             ^\n/mysocks-0.5.12/OpenSSL_1_1_0/include/openssl/asn1.h:439:1: note: in expansion of macro 'DEFINE_STACK_OF'\n DEFINE_STACK_OF(ASN1_GENERALSTRING)\n ^\n\u001b[0m\u001b[91m/mysocks-0.5.12/OpenSSL_1_1_0/include/openssl/safestack.h:28:5: error: expected '=', ',', ';', 'asm' or '__attribute__' before '{' token\n     { \\\n     ^\n/mysocks-0.5.12/OpenSSL_1_1_0/include/openssl/safestack.h:122:29: note: in expansion of macro 'SKM_DEFINE_STACK_OF'\n # define DEFINE_STACK_OF(t) SKM_DEFINE_STACK_OF(t, t, t)\n                             ^\n/mysocks-0.5.12/OpenSSL_1_1_0/include/openssl/asn1.h:439:1: note: in expansion of macro 'DEFINE_STACK_OF'\n DEFINE_STACK_OF(ASN1_GENERALSTRING)\n ^\n\u001b[0m\u001b[91m/mysocks-0.5.12/OpenSSL_1_1_0/include/openssl/safestack.h:32:5: error: expected '=', ',', ';', 'asm' or '__attribute__' before '{' token\n     { \\\n     ^\n/mysocks-0.5.12/OpenSSL_1_1_0/include/openssl/safestack.h:122:29: note: in expansion of macro 'SKM_DEFINE_STACK_OF'\n # define DEFINE_STACK_OF(t) SKM_DEFINE_STACK_OF(t, t, t)\n                             ^\n/mysocks-0.5.12/OpenSSL_1_1_0/include/openssl/asn1.h:439:1: note: in expansion of macro 'DEFINE_STACK_OF'\n DEFINE_STACK_OF(ASN1_GENERALSTRING)\n ^\n\u001b[0m\u001b[91m/mysocks-0.5.12/OpenSSL_1_1_0/include/openssl/safestack.h:35:52: error: expected declaration specifiers or '...' before 'sk_ASN1_GENERALSTRING_compfunc'\n     static ossl_inline STACK_OF(t1) *sk_##t1##_new(sk_##t1##_compfunc compare) \\\n                                                    ^\n/mysocks-0.5.12/OpenSSL_1_1_0/include/openssl/safestack.h:122:29: note: in expansion of macro 'SKM_DEFINE_STACK_OF'\n # define DEFINE_STACK_OF(t) SKM_DEFINE_STACK_OF(t, t, t)\n                             ^\n/mysocks-0.5.12/OpenSSL_1_1_0/include/openssl/asn1.h:439:1: note: in expansion of macro 'DEFINE_STACK_OF'\n DEFINE_STACK_OF(ASN1_GENERALSTRING)\n ^\n\u001b[0m\u001b[91m/mysocks-0.5.12/OpenSSL_1_1_0/include/openssl/safestack.h:40:5: error: expected '=', ',', ';', 'asm' or '__attribute__' before '{' token\n     { \\\n     ^\n/mysocks-0.5.12/OpenSSL_1_1_0/include/openssl/safestack.h:122:29: note: in expansion of macro 'SKM_DEFINE_STACK_OF'\n # define DEFINE_STACK_OF(t) SKM_DEFINE_STACK_OF(t, t, t)\n                             ^\n/mysocks-0.5.12/OpenSSL_1_1_0/include/openssl/asn1.h:439:1: note: in expansion of macro 'DEFINE_STACK_OF'\n DEFINE_STACK_OF(ASN1_GENERALSTRING)\n ^\n\u001b[0m\u001b[91m/mysocks-0.5.12/OpenSSL_1_1_0/include/openssl/safestack.h:44:5: error: expected '=', ',', ';', 'asm' or '__attribute__' before '{' token\n     { \\\n     ^\n/mysocks-0.5.12/OpenSSL_1_1_0/include/openssl/safestack.h:122:29: note: in expansion of macro 'SKM_DEFINE_STACK_OF'\n # define DEFINE_STACK_OF(t) SKM_DEFINE_STACK_OF(t, t, t)\n                             ^\n/mysocks-0.5.12/OpenSSL_1_1_0/include/openssl/asn1.h:439:1: note: in expansion of macro 'DEFINE_STACK_OF'\n DEFINE_STACK_OF(ASN1_GENERALSTRING)\n ^\n\u001b[0m\u001b[91m/mysocks-0.5.12/OpenSSL_1_1_0/include/openssl/safestack.h:48:5: error: expected '=', ',', ';', 'asm' or '__attribute__' before '{' token\n     { \\\n     ^\n/mysocks-0.5.12/OpenSSL_1_1_0/include/openssl/safestack.h:122:29: note: in expansion of macro 'SKM_DEFINE_STACK_OF'\n # define DEFINE_STACK_OF(t) SKM_DEFINE_STACK_OF(t, t, t)\n                             ^\n/mysocks-0.5.12/OpenSSL_1_1_0/include/openssl/asn1.h:439:1: note: in expansion of macro 'DEFINE_STACK_OF'\n DEFINE_STACK_OF(ASN1_GENERALSTRING)\n ^\n\u001b[0m\u001b[91m/mysocks-0.5.12/OpenSSL_1_1_0/include/openssl/safestack.h:52:5: error: expected '=', ',', ';', 'asm' or '__attribute__' before '{' token\n     { \\\n     ^\n/mysocks-0.5.12/OpenSSL_1_1_0/include/openssl/safestack.h:122:29: note: in expansion of macro 'SKM_DEFINE_STACK_OF'\n # define DEFINE_STACK_OF(t) SKM_DEFINE_STACK_OF(t, t, t)\n                             ^\n/mysocks-0.5.12/OpenSSL_1_1_0/include/openssl/asn1.h:439:1: note: in expansion of macro 'DEFINE_STACK_OF'\n DEFINE_STACK_OF(ASN1_GENERALSTRING)\n ^\n/mysocks-0.5.12/OpenSSL_1_1_0/include/openssl/safestack.h:56:5: error: expected '=', ',', ';', 'asm' or '__attribute__' before '{' token\n     { \\\n     ^\n/mysocks-0.5.12/OpenSSL_1_1_0/include/openssl/safestack.h:122:29: note: in expansion of macro 'SKM_DEFINE_STACK_OF'\n # define DEFINE_STACK_OF(t) SKM_DEFINE_STACK_OF(t, t, t)\n                             ^\n/mysocks-0.5.12/OpenSSL_1_1_0/include/openssl/asn1.h:439:1: note: in expansion of macro 'DEFINE_STACK_OF'\n DEFINE_STACK_OF(ASN1_GENERALSTRING)\n ^\n\u001b[0m\u001b[91m/mysocks-0.5.12/OpenSSL_1_1_0/include/openssl/safestack.h:61:5: error: expected '=', ',', ';', 'asm' or '__attribute__' before '{' token\n     { \\\n     ^\n/mysocks-0.5.12/OpenSSL_1_1_0/include/openssl/safestack.h:122:29: note: in expansion of macro 'SKM_DEFINE_STACK_OF'\n # define DEFINE_STACK_OF(t) SKM_DEFINE_STACK_OF(t, t, t)\n                             ^\n/mysocks-0.5.12/OpenSSL_1_1_0/include/openssl/asn1.h:439:1: note: in expansion of macro 'DEFINE_STACK_OF'\n DEFINE_STACK_OF(ASN1_GENERALSTRING)\n ^\n/mysocks-0.5.12/OpenSSL_1_1_0/include/openssl/safestack.h:65:5: error: expected '=', ',', ';', 'asm' or '__attribute__' before '{' token\n     { \\\n     ^\n/mysocks-0.5.12/OpenSSL_1_1_0/include/openssl/safestack.h:122:29: note: in expansion of macro 'SKM_DEFINE_STACK_OF'\n # define DEFINE_STACK_OF(t) SKM_DEFINE_STACK_OF(t, t, t)\n                             ^\n/mysocks-0.5.12/OpenSSL_1_1_0/include/openssl/asn1.h:439:1: note: in expansion of macro 'DEFINE_STACK_OF'\n DEFINE_STACK_OF(ASN1_GENERALSTRING)\n ^\n\u001b[0m\u001b[91m/mysocks-0.5.12/OpenSSL_1_1_0/include/openssl/safestack.h:69:5: error: expected '=', ',', ';', 'asm' or '__attribute__' before '{' token\n     { \\\n     ^\n/mysocks-0.5.12/OpenSSL_1_1_0/include/openssl/safestack.h:122:29: note: in expansion of macro 'SKM_DEFINE_STACK_OF'\n # define DEFINE_STACK_OF(t) SKM_DEFINE_STACK_OF(t, t, t)\n                             ^\n/mysocks-0.5.12/OpenSSL_1_1_0/include/openssl/asn1.h:439:1: note: in expansion of macro 'DEFINE_STACK_OF'\n DEFINE_STACK_OF(ASN1_GENERALSTRING)\n ^\n\u001b[0m\u001b[91m/mysocks-0.5.12/OpenSSL_1_1_0/include/openssl/safestack.h:73:5: error: expected '=', ',', ';', 'asm' or '__attribute__' before '{' token\n     { \\\n     ^\n/mysocks-0.5.12/OpenSSL_1_1_0/include/openssl/safestack.h:122:29: note: in expansion of macro 'SKM_DEFINE_STACK_OF'\n # define DEFINE_STACK_OF(t) SKM_DEFINE_STACK_OF(t, t, t)\n                             ^\n/mysocks-0.5.12/OpenSSL_1_1_0/include/openssl/asn1.h:439:1: note: in expansion of macro 'DEFINE_STACK_OF'\n DEFINE_STACK_OF(ASN1_GENERALSTRING)\n ^\n\u001b[0m\u001b[91m/mysocks-0.5.12/OpenSSL_1_1_0/include/openssl/safestack.h:76:66: error: expected declaration specifiers or '...' before 'sk_ASN1_GENERALSTRING_freefunc'\n     static ossl_inline void sk_##t1##_pop_free(STACK_OF(t1) *sk, sk_##t1##_freefunc freefunc) \\\n                                                                  ^\n/mysocks-0.5.12/OpenSSL_1_1_0/include/openssl/safestack.h:122:29: note: in expansion of macro 'SKM_DEFINE_STACK_OF'\n # define DEFINE_STACK_OF(t) SKM_DEFINE_STACK_OF(t, t, t)\n                             ^\n/mysocks-0.5.12/OpenSSL_1_1_0/include/openssl/asn1.h:439:1: note: in expansion of macro 'DEFINE_STACK_OF'\n DEFINE_STACK_OF(ASN1_GENERALSTRING)\n ^\n/mysocks-0.5.12/OpenSSL_1_1_0/include/openssl/safestack.h:81:5: error: expected '=', ',', ';', 'asm' or '__attribute__' before '{' token\n     { \\\n     ^\n/mysocks-0.5.12/OpenSSL_1_1_0/include/openssl/safestack.h:122:29: note: in expansion of macro 'SKM_DEFINE_STACK_OF'\n # define DEFINE_STACK_OF(t) SKM_DEFINE_STACK_OF(t, t, t)\n                             ^\n/mysocks-0.5.12/OpenSSL_1_1_0/include/openssl/asn1.h:439:1: note: in expansion of macro 'DEFINE_STACK_OF'\n DEFINE_STACK_OF(ASN1_GENERALSTRING)\n ^\n\u001b[0m\u001b[91m/mysocks-0.5.12/OpenSSL_1_1_0/include/openssl/safestack.h:85:5: error: expected '=', ',', ';', 'asm' or '__attribute__' before '{' token\n     { \\\n     ^\n/mysocks-0.5.12/OpenSSL_1_1_0/include/openssl/safestack.h:122:29: note: in expansion of macro 'SKM_DEFINE_STACK_OF'\n # define DEFINE_STACK_OF(t) SKM_DEFINE_STACK_OF(t, t, t)\n                             ^\n/mysocks-0.5.12/OpenSSL_1_1_0/include/openssl/asn1.h:439:1: note: in expansion of macro 'DEFINE_STACK_OF'\n DEFINE_STACK_OF(ASN1_GENERALSTRING)\n ^\n/mysocks-0.5.12/OpenSSL_1_1_0/include/openssl/safestack.h:89:5: error: expected '=', ',', ';', 'asm' or '__attribute__' before '{' token\n     { \\\n     ^\n/mysocks-0.5.12/OpenSSL_1_1_0/include/openssl/safestack.h:122:29: note: in expansion of macro 'SKM_DEFINE_STACK_OF'\n # define DEFINE_STACK_OF(t) SKM_DEFINE_STACK_OF(t, t, t)\n                             ^\n/mysocks-0.5.12/OpenSSL_1_1_0/include/openssl/asn1.h:439:1: note: in expansion of macro 'DEFINE_STACK_OF'\n DEFINE_STACK_OF(ASN1_GENERALSTRING)\n ^\n\u001b[0m\u001b[91m/mysocks-0.5.12/OpenSSL_1_1_0/include/openssl/safestack.h:93:5: error: expected '=', ',', ';', 'asm' or '__attribute__' before '{' token\n     { \\\n     ^\n/mysocks-0.5.12/OpenSSL_1_1_0/include/openssl/safestack.h:122:29: note: in expansion of macro 'SKM_DEFINE_STACK_OF'\n # define DEFINE_STACK_OF(t) SKM_DEFINE_STACK_OF(t, t, t)\n                             ^\n/mysocks-0.5.12/OpenSSL_1_1_0/include/openssl/asn1.h:439:1: note: in expansion of macro 'DEFINE_STACK_OF'\n DEFINE_STACK_OF(ASN1_GENERALSTRING)\n ^\n\u001b[0m\u001b[91m/mysocks-0.5.12/OpenSSL_1_1_0/include/openssl/safestack.h:97:5: error: expected '=', ',', ';', 'asm' or '__attribute__' before '{' token\n     { \\\n     ^\n/mysocks-0.5.12/OpenSSL_1_1_0/include/openssl/safestack.h:122:29: note: in expansion of macro 'SKM_DEFINE_STACK_OF'\n # define DEFINE_STACK_OF(t) SKM_DEFINE_STACK_OF(t, t, t)\n                             ^\n/mysocks-0.5.12/OpenSSL_1_1_0/include/openssl/asn1.h:439:1: note: in expansion of macro 'DEFINE_STACK_OF'\n DEFINE_STACK_OF(ASN1_GENERALSTRING)\n ^\n\u001b[0m\u001b[91m/mysocks-0.5.12/OpenSSL_1_1_0/include/openssl/safestack.h:101:5: error: expected '=', ',', ';', 'asm' or '__attribute__' before '{' token\n     { \\\n     ^\n/mysocks-0.5.12/OpenSSL_1_1_0/include/openssl/safestack.h:122:29: note: in expansion of macro 'SKM_DEFINE_STACK_OF'\n # define DEFINE_STACK_OF(t) SKM_DEFINE_STACK_OF(t, t, t)\n                             ^\n/mysocks-0.5.12/OpenSSL_1_1_0/include/openssl/asn1.h:439:1: note: in expansion of macro 'DEFINE_STACK_OF'\n DEFINE_STACK_OF(ASN1_GENERALSTRING)\n ^\n\u001b[0m\u001b[91m/mysocks-0.5.12/OpenSSL_1_1_0/include/openssl/safestack.h:105:5: error: expected '=', ',', ';', 'asm' or '__attribute__' before '{' token\n     { \\\n     ^\n/mysocks-0.5.12/OpenSSL_1_1_0/include/openssl/safestack.h:122:29: note: in expansion of macro 'SKM_DEFINE_STACK_OF'\n # define DEFINE_STACK_OF(t) SKM_DEFINE_STACK_OF(t, t, t)\n                             ^\n/mysocks-0.5.12/OpenSSL_1_1_0/include/openssl/asn1.h:439:1: note: in expansion of macro 'DEFINE_STACK_OF'\n DEFINE_STACK_OF(ASN1_GENERALSTRING)\n ^\n/mysocks-0.5.12/OpenSSL_1_1_0/include/openssl/safestack.h:109:53: error: expected declaration specifiers or '...' before 'sk_ASN1_GENERALSTRING_copyfunc'\n                                                     sk_##t1##_copyfunc copyfunc, \\\n                                                     ^\n/mysocks-0.5.12/OpenSSL_1_1_0/include/openssl/safestack.h:122:29: note: in expansion of macro 'SKM_DEFINE_STACK_OF'\n # define DEFINE_STACK_OF(t) SKM_DEFINE_STACK_OF(t, t, t)\n                             ^\n/mysocks-0.5.12/OpenSSL_1_1_0/include/openssl/asn1.h:439:1: note: in expansion of macro 'DEFINE_STACK_OF'\n DEFINE_STACK_OF(ASN1_GENERALSTRING)\n ^\n\u001b[0m\u001b[91m/mysocks-0.5.12/OpenSSL_1_1_0/include/openssl/safestack.h:110:53: error: expected declaration specifiers or '...' before 'sk_ASN1_GENERALSTRING_freefunc'\n                                                     sk_##t1##_freefunc freefunc) \\\n                                                     ^\n/mysocks-0.5.12/OpenSSL_1_1_0/include/openssl/safestack.h:122:29: note: in expansion of macro 'SKM_DEFINE_STACK_OF'\n # define DEFINE_STACK_OF(t) SKM_DEFINE_STACK_OF(t, t, t)\n                             ^\n/mysocks-0.5.12/OpenSSL_1_1_0/include/openssl/asn1.h:439:1: note: in expansion of macro 'DEFINE_STACK_OF'\n DEFINE_STACK_OF(ASN1_GENERALSTRING)\n ^\n/mysocks-0.5.12/OpenSSL_1_1_0/include/openssl/safestack.h:116:43: error: expected '=', ',', ';', 'asm' or '__attribute__' before 'sk_ASN1_GENERALSTRING_set_cmp_func'\n     static ossl_inline sk_##t1##_compfunc sk_##t1##_set_cmp_func(STACK_OF(t1) *sk, sk_##t1##_compfunc compare) \\\n                                           ^\n/mysocks-0.5.12/OpenSSL_1_1_0/include/openssl/safestack.h:122:29: note: in expansion of macro 'SKM_DEFINE_STACK_OF'\n # define DEFINE_STACK_OF(t) SKM_DEFINE_STACK_OF(t, t, t)\n                             ^\n/mysocks-0.5.12/OpenSSL_1_1_0/include/openssl/asn1.h:439:1: note: in expansion of macro 'DEFINE_STACK_OF'\n DEFINE_STACK_OF(ASN1_GENERALSTRING)\n ^\n\u001b[0m\u001b[91m/mysocks-0.5.12/OpenSSL_1_1_0/include/openssl/safestack.h:20:25: warning: empty declaration\n # define STACK_OF(type) struct stack_st_##type\n                         ^\n/mysocks-0.5.12/OpenSSL_1_1_0/include/openssl/safestack.h:23:5: note: in expansion of macro 'STACK_OF'\n     STACK_OF(t1); \\\n     ^\n/mysocks-0.5.12/OpenSSL_1_1_0/include/openssl/safestack.h:122:29: note: in expansion of macro 'SKM_DEFINE_STACK_OF'\n # define DEFINE_STACK_OF(t) SKM_DEFINE_STACK_OF(t, t, t)\n                             ^\n/mysocks-0.5.12/OpenSSL_1_1_0/include/openssl/asn1.h:441:1: note: in expansion of macro 'DEFINE_STACK_OF'\n DEFINE_STACK_OF(ASN1_UTF8STRING)\n ^\n/mysocks-0.5.12/OpenSSL_1_1_0/include/openssl/safestack.h:24:19: error: storage class specified for parameter 'sk_ASN1_UTF8STRING_compfunc'\n     typedef int (*sk_##t1##_compfunc)(const t3 * const *a, const t3 *const *b); \\\n                   ^\n/mysocks-0.5.12/OpenSSL_1_1_0/include/openssl/safestack.h:122:29: note: in expansion of macro 'SKM_DEFINE_STACK_OF'\n # define DEFINE_STACK_OF(t) SKM_DEFINE_STACK_OF(t, t, t)\n                             ^\n/mysocks-0.5.12/OpenSSL_1_1_0/include/openssl/asn1.h:441:1: note: in expansion of macro 'DEFINE_STACK_OF'\n DEFINE_STACK_OF(ASN1_UTF8STRING)\n ^\n\u001b[0m\u001b[91m/mysocks-0.5.12/OpenSSL_1_1_0/include/openssl/safestack.h:25:20: error: storage class specified for parameter 'sk_ASN1_UTF8STRING_freefunc'\n     typedef void (*sk_##t1##_freefunc)(t3 *a); \\\n                    ^\n/mysocks-0.5.12/OpenSSL_1_1_0/include/openssl/safestack.h:122:29: note: in expansion of macro 'SKM_DEFINE_STACK_OF'\n # define DEFINE_STACK_OF(t) SKM_DEFINE_STACK_OF(t, t, t)\n                             ^\n/mysocks-0.5.12/OpenSSL_1_1_0/include/openssl/asn1.h:441:1: note: in expansion of macro 'DEFINE_STACK_OF'\n DEFINE_STACK_OF(ASN1_UTF8STRING)\n ^\n\u001b[0m\u001b[91m/mysocks-0.5.12/OpenSSL_1_1_0/include/openssl/safestack.h:26:20: error: storage class specified for parameter 'sk_ASN1_UTF8STRING_copyfunc'\n     typedef t3 * (*sk_##t1##_copyfunc)(const t3 *a); \\\n                    ^\n/mysocks-0.5.12/OpenSSL_1_1_0/include/openssl/safestack.h:122:29: note: in expansion of macro 'SKM_DEFINE_STACK_OF'\n # define DEFINE_STACK_OF(t) SKM_DEFINE_STACK_OF(t, t, t)\n                             ^\n/mysocks-0.5.12/OpenSSL_1_1_0/include/openssl/asn1.h:441:1: note: in expansion of macro 'DEFINE_STACK_OF'\n DEFINE_STACK_OF(ASN1_UTF8STRING)\n ^\n\u001b[0m\u001b[91m/mysocks-0.5.12/OpenSSL_1_1_0/include/openssl/safestack.h:28:5: error: expected '=', ',', ';', 'asm' or '__attribute__' before '{' token\n     { \\\n     ^\n/mysocks-0.5.12/OpenSSL_1_1_0/include/openssl/safestack.h:122:29: note: in expansion of macro 'SKM_DEFINE_STACK_OF'\n # define DEFINE_STACK_OF(t) SKM_DEFINE_STACK_OF(t, t, t)\n                             ^\n/mysocks-0.5.12/OpenSSL_1_1_0/include/openssl/asn1.h:441:1: note: in expansion of macro 'DEFINE_STACK_OF'\n DEFINE_STACK_OF(ASN1_UTF8STRING)\n ^\n/mysocks-0.5.12/OpenSSL_1_1_0/include/openssl/safestack.h:32:5: error: expected '=', ',', ';', 'asm' or '__attribute__' before '{' token\n     { \\\n     ^\n/mysocks-0.5.12/OpenSSL_1_1_0/include/openssl/safestack.h:122:29: note: in expansion of macro 'SKM_DEFINE_STACK_OF'\n # define DEFINE_STACK_OF(t) SKM_DEFINE_STACK_OF(t, t, t)\n                             ^\n/mysocks-0.5.12/OpenSSL_1_1_0/include/openssl/asn1.h:441:1: note: in expansion of macro 'DEFINE_STACK_OF'\n DEFINE_STACK_OF(ASN1_UTF8STRING)\n ^\n\u001b[0m\u001b[91m/mysocks-0.5.12/OpenSSL_1_1_0/include/openssl/safestack.h:35:52: error: expected declaration specifiers or '...' before 'sk_ASN1_UTF8STRING_compfunc'\n     static ossl_inline STACK_OF(t1) *sk_##t1##_new(sk_##t1##_compfunc compare) \\\n                                                    ^\n/mysocks-0.5.12/OpenSSL_1_1_0/include/openssl/safestack.h:122:29: note: in expansion of macro 'SKM_DEFINE_STACK_OF'\n # define DEFINE_STACK_OF(t) SKM_DEFINE_STACK_OF(t, t, t)\n                             ^\n/mysocks-0.5.12/OpenSSL_1_1_0/include/openssl/asn1.h:441:1: note: in expansion of macro 'DEFINE_STACK_OF'\n DEFINE_STACK_OF(ASN1_UTF8STRING)\n ^\n\u001b[0m\u001b[91m/mysocks-0.5.12/OpenSSL_1_1_0/include/openssl/safestack.h:40:5: error: expected '=', ',', ';', 'asm' or '__attribute__' before '{' token\n     { \\\n     ^\n/mysocks-0.5.12/OpenSSL_1_1_0/include/openssl/safestack.h:122:29: note: in expansion of macro 'SKM_DEFINE_STACK_OF'\n # define DEFINE_STACK_OF(t) SKM_DEFINE_STACK_OF(t, t, t)\n                             ^\n/mysocks-0.5.12/OpenSSL_1_1_0/include/openssl/asn1.h:441:1: note: in expansion of macro 'DEFINE_STACK_OF'\n DEFINE_STACK_OF(ASN1_UTF8STRING)\n ^\n\u001b[0m\u001b[91m/mysocks-0.5.12/OpenSSL_1_1_0/include/openssl/safestack.h:44:5: error: expected '=', ',', ';', 'asm' or '__attribute__' before '{' token\n     { \\\n     ^\n/mysocks-0.5.12/OpenSSL_1_1_0/include/openssl/safestack.h:122:29: note: in expansion of macro 'SKM_DEFINE_STACK_OF'\n # define DEFINE_STACK_OF(t) SKM_DEFINE_STACK_OF(t, t, t)\n                             ^\n/mysocks-0.5.12/OpenSSL_1_1_0/include/openssl/asn1.h:441:1: note: in expansion of macro 'DEFINE_STACK_OF'\n DEFINE_STACK_OF(ASN1_UTF8STRING)\n ^\n\u001b[0m\u001b[91m/mysocks-0.5.12/OpenSSL_1_1_0/include/openssl/safestack.h:48:5: error: expected '=', ',', ';', 'asm' or '__attribute__' before '{' token\n     { \\\n     ^\n/mysocks-0.5.12/OpenSSL_1_1_0/include/openssl/safestack.h:122:29: note: in expansion of macro 'SKM_DEFINE_STACK_OF'\n # define DEFINE_STACK_OF(t) SKM_DEFINE_STACK_OF(t, t, t)\n                             ^\n/mysocks-0.5.12/OpenSSL_1_1_0/include/openssl/asn1.h:441:1: note: in expansion of macro 'DEFINE_STACK_OF'\n DEFINE_STACK_OF(ASN1_UTF8STRING)\n ^\n/mysocks-0.5.12/OpenSSL_1_1_0/include/openssl/safestack.h:52:5: error: expected '=', ',', ';', 'asm' or '__attribute__' before '{' token\n     { \\\n     ^\n/mysocks-0.5.12/OpenSSL_1_1_0/include/openssl/safestack.h:122:29: note: in expansion of macro 'SKM_DEFINE_STACK_OF'\n # define DEFINE_STACK_OF(t) SKM_DEFINE_STACK_OF(t, t, t)\n                             ^\n/mysocks-0.5.12/OpenSSL_1_1_0/include/openssl/asn1.h:441:1: note: in expansion of macro 'DEFINE_STACK_OF'\n DEFINE_STACK_OF(ASN1_UTF8STRING)\n ^\n\u001b[0m\u001b[91m/mysocks-0.5.12/OpenSSL_1_1_0/include/openssl/safestack.h:56:5: error: expected '=', ',', ';', 'asm' or '__attribute__' before '{' token\n     { \\\n     ^\n/mysocks-0.5.12/OpenSSL_1_1_0/include/openssl/safestack.h:122:29: note: in expansion of macro 'SKM_DEFINE_STACK_OF'\n # define DEFINE_STACK_OF(t) SKM_DEFINE_STACK_OF(t, t, t)\n                             ^\n/mysocks-0.5.12/OpenSSL_1_1_0/include/openssl/asn1.h:441:1: note: in expansion of macro 'DEFINE_STACK_OF'\n DEFINE_STACK_OF(ASN1_UTF8STRING)\n ^\n/mysocks-0.5.12/OpenSSL_1_1_0/include/openssl/safestack.h:61:5: error: expected '=', ',', ';', 'asm' or '__attribute__' before '{' token\n     { \\\n     ^\n/mysocks-0.5.12/OpenSSL_1_1_0/include/openssl/safestack.h:122:29: note: in expansion of macro 'SKM_DEFINE_STACK_OF'\n # define DEFINE_STACK_OF(t) SKM_DEFINE_STACK_OF(t, t, t)\n                             ^\n/mysocks-0.5.12/OpenSSL_1_1_0/include/openssl/asn1.h:441:1: note: in expansion of macro 'DEFINE_STACK_OF'\n DEFINE_STACK_OF(ASN1_UTF8STRING)\n ^\n\u001b[0m\u001b[91m/mysocks-0.5.12/OpenSSL_1_1_0/include/openssl/safestack.h:65:5: error: expected '=', ',', ';', 'asm' or '__attribute__' before '{' token\n     { \\\n     ^\n/mysocks-0.5.12/OpenSSL_1_1_0/include/openssl/safestack.h:122:29: note: in expansion of macro 'SKM_DEFINE_STACK_OF'\n # define DEFINE_STACK_OF(t) SKM_DEFINE_STACK_OF(t, t, t)\n                             ^\n/mysocks-0.5.12/OpenSSL_1_1_0/include/openssl/asn1.h:441:1: note: in expansion of macro 'DEFINE_STACK_OF'\n DEFINE_STACK_OF(ASN1_UTF8STRING)\n ^\n/mysocks-0.5.12/OpenSSL_1_1_0/include/openssl/safestack.h:69:5: error: expected '=', ',', ';', 'asm' or '__attribute__' before '{' token\n     { \\\n     ^\n/mysocks-0.5.12/OpenSSL_1_1_0/include/openssl/safestack.h:122:29: note: in expansion of macro 'SKM_DEFINE_STACK_OF'\n # define DEFINE_STACK_OF(t) SKM_DEFINE_STACK_OF(t, t, t)\n                             ^\n/mysocks-0.5.12/OpenSSL_1_1_0/include/openssl/asn1.h:441:1: note: in expansion of macro 'DEFINE_STACK_OF'\n DEFINE_STACK_OF(ASN1_UTF8STRING)\n ^\n\u001b[0m\u001b[91m/mysocks-0.5.12/OpenSSL_1_1_0/include/openssl/safestack.h:73:5: error: expected '=', ',', ';', 'asm' or '__attribute__' before '{' token\n     { \\\n     ^\n/mysocks-0.5.12/OpenSSL_1_1_0/include/openssl/safestack.h:122:29: note: in expansion of macro 'SKM_DEFINE_STACK_OF'\n # define DEFINE_STACK_OF(t) SKM_DEFINE_STACK_OF(t, t, t)\n                             ^\n/mysocks-0.5.12/OpenSSL_1_1_0/include/openssl/asn1.h:441:1: note: in expansion of macro 'DEFINE_STACK_OF'\n DEFINE_STACK_OF(ASN1_UTF8STRING)\n ^\n/mysocks-0.5.12/OpenSSL_1_1_0/include/openssl/safestack.h:76:66: error: expected declaration specifiers or '...' before 'sk_ASN1_UTF8STRING_freefunc'\n     static ossl_inline void sk_##t1##_pop_free(STACK_OF(t1) *sk, sk_##t1##_freefunc freefunc) \\\n                                                                  ^\n/mysocks-0.5.12/OpenSSL_1_1_0/include/openssl/safestack.h:122:29: note: in expansion of macro 'SKM_DEFINE_STACK_OF'\n # define DEFINE_STACK_OF(t) SKM_DEFINE_STACK_OF(t, t, t)\n                             ^\n/mysocks-0.5.12/OpenSSL_1_1_0/include/openssl/asn1.h:441:1: note: in expansion of macro 'DEFINE_STACK_OF'\n DEFINE_STACK_OF(ASN1_UTF8STRING)\n ^\n\u001b[0m\u001b[91m/mysocks-0.5.12/OpenSSL_1_1_0/include/openssl/safestack.h:81:5: error: expected '=', ',', ';', 'asm' or '__attribute__' before '{' token\n     { \\\n     ^\n/mysocks-0.5.12/OpenSSL_1_1_0/include/openssl/safestack.h:122:29: note: in expansion of macro 'SKM_DEFINE_STACK_OF'\n # define DEFINE_STACK_OF(t) SKM_DEFINE_STACK_OF(t, t, t)\n                             ^\n/mysocks-0.5.12/OpenSSL_1_1_0/include/openssl/asn1.h:441:1: note: in expansion of macro 'DEFINE_STACK_OF'\n DEFINE_STACK_OF(ASN1_UTF8STRING)\n ^\n/mysocks-0.5.12/OpenSSL_1_1_0/include/openssl/safestack.h:85:5: error: expected '=', ',', ';', 'asm' or '__attribute__' before '{' token\n     { \\\n     ^\n/mysocks-0.5.12/OpenSSL_1_1_0/include/openssl/safestack.h:122:29: note: in expansion of macro 'SKM_DEFINE_STACK_OF'\n # define DEFINE_STACK_OF(t) SKM_DEFINE_STACK_OF(t, t, t)\n                             ^\n/mysocks-0.5.12/OpenSSL_1_1_0/include/openssl/asn1.h:441:1: note: in expansion of macro 'DEFINE_STACK_OF'\n DEFINE_STACK_OF(ASN1_UTF8STRING)\n ^\n\u001b[0m\u001b[91m/mysocks-0.5.12/OpenSSL_1_1_0/include/openssl/safestack.h:89:5: error: expected '=', ',', ';', 'asm' or '__attribute__' before '{' token\n     { \\\n     ^\n/mysocks-0.5.12/OpenSSL_1_1_0/include/openssl/safestack.h:122:29: note: in expansion of macro 'SKM_DEFINE_STACK_OF'\n # define DEFINE_STACK_OF(t) SKM_DEFINE_STACK_OF(t, t, t)\n                             ^\n/mysocks-0.5.12/OpenSSL_1_1_0/include/openssl/asn1.h:441:1: note: in expansion of macro 'DEFINE_STACK_OF'\n DEFINE_STACK_OF(ASN1_UTF8STRING)\n ^\n/mysocks-0.5.12/OpenSSL_1_1_0/include/openssl/safestack.h:93:5: error: expected '=', ',', ';', 'asm' or '__attribute__' before '{' token\n     { \\\n     ^\n/mysocks-0.5.12/OpenSSL_1_1_0/include/openssl/safestack.h:122:29: note: in expansion of macro 'SKM_DEFINE_STACK_OF'\n # define DEFINE_STACK_OF(t) SKM_DEFINE_STACK_OF(t, t, t)\n                             ^\n/mysocks-0.5.12/OpenSSL_1_1_0/include/openssl/asn1.h:441:1: note: in expansion of macro 'DEFINE_STACK_OF'\n DEFINE_STACK_OF(ASN1_UTF8STRING)\n ^\n\u001b[0m\u001b[91m/mysocks-0.5.12/OpenSSL_1_1_0/include/openssl/safestack.h:97:5: error: expected '=', ',', ';', 'asm' or '__attribute__' before '{' token\n     { \\\n     ^\n/mysocks-0.5.12/OpenSSL_1_1_0/include/openssl/safestack.h:122:29: note: in expansion of macro 'SKM_DEFINE_STACK_OF'\n # define DEFINE_STACK_OF(t) SKM_DEFINE_STACK_OF(t, t, t)\n                             ^\n/mysocks-0.5.12/OpenSSL_1_1_0/include/openssl/asn1.h:441:1: note: in expansion of macro 'DEFINE_STACK_OF'\n DEFINE_STACK_OF(ASN1_UTF8STRING)\n ^\n/mysocks-0.5.12/OpenSSL_1_1_0/include/openssl/safestack.h:101:5: error: expected '=', ',', ';', 'asm' or '__attribute__' before '{' token\n     { \\\n     ^\n/mysocks-0.5.12/OpenSSL_1_1_0/include/openssl/safestack.h:122:29: note: in expansion of macro 'SKM_DEFINE_STACK_OF'\n # define DEFINE_STACK_OF(t) SKM_DEFINE_STACK_OF(t, t, t)\n                             ^\n/mysocks-0.5.12/OpenSSL_1_1_0/include/openssl/asn1.h:441:1: note: in expansion of macro 'DEFINE_STACK_OF'\n DEFINE_STACK_OF(ASN1_UTF8STRING)\n ^\n\u001b[0m\u001b[91m/mysocks-0.5.12/OpenSSL_1_1_0/include/openssl/safestack.h:105:5: error: expected '=', ',', ';', 'asm' or '__attribute__' before '{' token\n     { \\\n     ^\n/mysocks-0.5.12/OpenSSL_1_1_0/include/openssl/safestack.h:122:29: note: in expansion of macro 'SKM_DEFINE_STACK_OF'\n # define DEFINE_STACK_OF(t) SKM_DEFINE_STACK_OF(t, t, t)\n                             ^\n/mysocks-0.5.12/OpenSSL_1_1_0/include/openssl/asn1.h:441:1: note: in expansion of macro 'DEFINE_STACK_OF'\n DEFINE_STACK_OF(ASN1_UTF8STRING)\n ^\n\u001b[0m\u001b[91m/mysocks-0.5.12/OpenSSL_1_1_0/include/openssl/safestack.h:109:53: error: expected declaration specifiers or '...' before 'sk_ASN1_UTF8STRING_copyfunc'\n                                                     sk_##t1##_copyfunc copyfunc, \\\n                                                     ^\n/mysocks-0.5.12/OpenSSL_1_1_0/include/openssl/safestack.h:122:29: note: in expansion of macro 'SKM_DEFINE_STACK_OF'\n # define DEFINE_STACK_OF(t) SKM_DEFINE_STACK_OF(t, t, t)\n                             ^\n/mysocks-0.5.12/OpenSSL_1_1_0/include/openssl/asn1.h:441:1: note: in expansion of macro 'DEFINE_STACK_OF'\n DEFINE_STACK_OF(ASN1_UTF8STRING)\n ^\n/mysocks-0.5.12/OpenSSL_1_1_0/include/openssl/safestack.h:110:53: error: expected declaration specifiers or '...' before 'sk_ASN1_UTF8STRING_freefunc'\n                                                     sk_##t1##_freefunc freefunc) \\\n                                                     ^\n/mysocks-0.5.12/OpenSSL_1_1_0/include/openssl/safestack.h:122:29: note: in expansion of macro 'SKM_DEFINE_STACK_OF'\n # define DEFINE_STACK_OF(t) SKM_DEFINE_STACK_OF(t, t, t)\n                             ^\n/mysocks-0.5.12/OpenSSL_1_1_0/include/openssl/asn1.h:441:1: note: in expansion of macro 'DEFINE_STACK_OF'\n DEFINE_STACK_OF(ASN1_UTF8STRING)\n ^\n\u001b[0m\u001b[91m/mysocks-0.5.12/OpenSSL_1_1_0/include/openssl/safestack.h:116:43: error: expected '=', ',', ';', 'asm' or '__attribute__' before 'sk_ASN1_UTF8STRING_set_cmp_func'\n     static ossl_inline sk_##t1##_compfunc sk_##t1##_set_cmp_func(STACK_OF(t1) *sk, sk_##t1##_compfunc compare) \\\n                                           ^\n/mysocks-0.5.12/OpenSSL_1_1_0/include/openssl/safestack.h:122:29: note: in expansion of macro 'SKM_DEFINE_STACK_OF'\n # define DEFINE_STACK_OF(t) SKM_DEFINE_STACK_OF(t, t, t)\n                             ^\n/mysocks-0.5.12/OpenSSL_1_1_0/include/openssl/asn1.h:441:1: note: in expansion of macro 'DEFINE_STACK_OF'\n DEFINE_STACK_OF(ASN1_UTF8STRING)\n ^\n\u001b[0m\u001b[91mIn file included from /mysocks-0.5.12/OpenSSL_1_1_0/include/openssl/objects.h:916:0,\n                 from /mysocks-0.5.12/OpenSSL_1_1_0/include/openssl/evp.h:27,\n                 from /mysocks-0.5.12/src/cipher-openssl.h:10,\n                 from /mysocks-0.5.12/src/client.c:27:\n/mysocks-0.5.12/OpenSSL_1_1_0/include/openssl/asn1.h:470:9: error: expected specifier-qualifier-list before 'ASN1_VALUE'\n         ASN1_VALUE *asn1_value;\n         ^\n/mysocks-0.5.12/OpenSSL_1_1_0/include/openssl/asn1.h:472:3: error: storage class specified for parameter 'ASN1_TYPE'\n } ASN1_TYPE;\n   ^\n\u001b[0m\u001b[91mIn file included from /mysocks-0.5.12/OpenSSL_1_1_0/include/openssl/crypto.h:29:0,\n                 from /mysocks-0.5.12/OpenSSL_1_1_0/include/openssl/bio.h:20,\n                 from /mysocks-0.5.12/OpenSSL_1_1_0/include/openssl/evp.h:16,\n                 from /mysocks-0.5.12/src/cipher-openssl.h:10,\n                 from /mysocks-0.5.12/src/client.c:27:\n/mysocks-0.5.12/OpenSSL_1_1_0/include/openssl/safestack.h:20:25: warning: empty declaration\n # define STACK_OF(type) struct stack_st_##type\n                         ^\n/mysocks-0.5.12/OpenSSL_1_1_0/include/openssl/safestack.h:23:5: note: in expansion of macro 'STACK_OF'\n     STACK_OF(t1); \\\n     ^\n/mysocks-0.5.12/OpenSSL_1_1_0/include/openssl/safestack.h:122:29: note: in expansion of macro 'SKM_DEFINE_STACK_OF'\n # define DEFINE_STACK_OF(t) SKM_DEFINE_STACK_OF(t, t, t)\n                             ^\n/mysocks-0.5.12/OpenSSL_1_1_0/include/openssl/asn1.h:474:1: note: in expansion of macro 'DEFINE_STACK_OF'\n DEFINE_STACK_OF(ASN1_TYPE)\n ^\n\u001b[0m\u001b[91m/mysocks-0.5.12/OpenSSL_1_1_0/include/openssl/asn1.h:474:17: warning: type defaults to 'int' in declaration of 'ASN1_TYPE' [-Wimplicit-int]\n DEFINE_STACK_OF(ASN1_TYPE)\n                 ^\n/mysocks-0.5.12/OpenSSL_1_1_0/include/openssl/safestack.h:24:45: note: in definition of macro 'SKM_DEFINE_STACK_OF'\n     typedef int (*sk_##t1##_compfunc)(const t3 * const *a, const t3 *const *b); \\\n                                             ^\n/mysocks-0.5.12/OpenSSL_1_1_0/include/openssl/asn1.h:474:1: note: in expansion of macro 'DEFINE_STACK_OF'\n DEFINE_STACK_OF(ASN1_TYPE)\n ^\n\u001b[0m\u001b[91m/mysocks-0.5.12/OpenSSL_1_1_0/include/openssl/safestack.h:24:48: error: expected ';', ',' or ')' before '*' token\n     typedef int (*sk_##t1##_compfunc)(const t3 * const *a, const t3 *const *b); \\\n                                                ^\n/mysocks-0.5.12/OpenSSL_1_1_0/include/openssl/safestack.h:122:29: note: in expansion of macro 'SKM_DEFINE_STACK_OF'\n # define DEFINE_STACK_OF(t) SKM_DEFINE_STACK_OF(t, t, t)\n                             ^\n/mysocks-0.5.12/OpenSSL_1_1_0/include/openssl/asn1.h:474:1: note: in expansion of macro 'DEFINE_STACK_OF'\n DEFINE_STACK_OF(ASN1_TYPE)\n ^\n\u001b[0m\u001b[91m/mysocks-0.5.12/OpenSSL_1_1_0/include/openssl/asn1.h:474:17: error: expected declaration specifiers or '...' before 'ASN1_TYPE'\n DEFINE_STACK_OF(ASN1_TYPE)\n                 ^\n/mysocks-0.5.12/OpenSSL_1_1_0/include/openssl/safestack.h:25:40: note: in definition of macro 'SKM_DEFINE_STACK_OF'\n     typedef void (*sk_##t1##_freefunc)(t3 *a); \\\n                                        ^\n/mysocks-0.5.12/OpenSSL_1_1_0/include/openssl/asn1.h:474:1: note: in expansion of macro 'DEFINE_STACK_OF'\n DEFINE_STACK_OF(ASN1_TYPE)\n ^\n/mysocks-0.5.12/OpenSSL_1_1_0/include/openssl/safestack.h:26:16: error: expected '=', ',', ';', 'asm' or '__attribute__' before '*' token\n     typedef t3 * (*sk_##t1##_copyfunc)(const t3 *a); \\\n                ^\n/mysocks-0.5.12/OpenSSL_1_1_0/include/openssl/safestack.h:122:29: note: in expansion of macro 'SKM_DEFINE_STACK_OF'\n # define DEFINE_STACK_OF(t) SKM_DEFINE_STACK_OF(t, t, t)\n                             ^\n/mysocks-0.5.12/OpenSSL_1_1_0/include/openssl/asn1.h:474:1: note: in expansion of macro 'DEFINE_STACK_OF'\n DEFINE_STACK_OF(ASN1_TYPE)\n ^\n\u001b[0m\u001b[91m/mysocks-0.5.12/OpenSSL_1_1_0/include/openssl/safestack.h:28:5: error: expected '=', ',', ';', 'asm' or '__attribute__' before '{' token\n     { \\\n     ^\n/mysocks-0.5.12/OpenSSL_1_1_0/include/openssl/safestack.h:122:29: note: in expansion of macro 'SKM_DEFINE_STACK_OF'\n # define DEFINE_STACK_OF(t) SKM_DEFINE_STACK_OF(t, t, t)\n                             ^\n/mysocks-0.5.12/OpenSSL_1_1_0/include/openssl/asn1.h:474:1: note: in expansion of macro 'DEFINE_STACK_OF'\n DEFINE_STACK_OF(ASN1_TYPE)\n ^\n/mysocks-0.5.12/OpenSSL_1_1_0/include/openssl/safestack.h:31:27: error: expected '=', ',', ';', 'asm' or '__attribute__' before '*' token\n     static ossl_inline t2 *sk_##t1##_value(const STACK_OF(t1) *sk, int idx) \\\n                           ^\n/mysocks-0.5.12/OpenSSL_1_1_0/include/openssl/safestack.h:122:29: note: in expansion of macro 'SKM_DEFINE_STACK_OF'\n # define DEFINE_STACK_OF(t) SKM_DEFINE_STACK_OF(t, t, t)\n                             ^\n/mysocks-0.5.12/OpenSSL_1_1_0/include/openssl/asn1.h:474:1: note: in expansion of macro 'DEFINE_STACK_OF'\n DEFINE_STACK_OF(ASN1_TYPE)\n ^\n\u001b[0m\u001b[91m/mysocks-0.5.12/OpenSSL_1_1_0/include/openssl/safestack.h:35:52: error: unknown type name 'sk_ASN1_TYPE_compfunc'\n     static ossl_inline STACK_OF(t1) *sk_##t1##_new(sk_##t1##_compfunc compare) \\\n                                                    ^\n/mysocks-0.5.12/OpenSSL_1_1_0/include/openssl/safestack.h:122:29: note: in expansion of macro 'SKM_DEFINE_STACK_OF'\n # define DEFINE_STACK_OF(t) SKM_DEFINE_STACK_OF(t, t, t)\n                             ^\n/mysocks-0.5.12/OpenSSL_1_1_0/include/openssl/asn1.h:474:1: note: in expansion of macro 'DEFINE_STACK_OF'\n DEFINE_STACK_OF(ASN1_TYPE)\n ^\n/mysocks-0.5.12/OpenSSL_1_1_0/include/openssl/safestack.h:40:5: error: expected '=', ',', ';', 'asm' or '__attribute__' before '{' token\n     { \\\n     ^\n/mysocks-0.5.12/OpenSSL_1_1_0/include/openssl/safestack.h:122:29: note: in expansion of macro 'SKM_DEFINE_STACK_OF'\n # define DEFINE_STACK_OF(t) SKM_DEFINE_STACK_OF(t, t, t)\n                             ^\n/mysocks-0.5.12/OpenSSL_1_1_0/include/openssl/asn1.h:474:1: note: in expansion of macro 'DEFINE_STACK_OF'\n DEFINE_STACK_OF(ASN1_TYPE)\n ^\n\u001b[0m\u001b[91m/mysocks-0.5.12/OpenSSL_1_1_0/include/openssl/safestack.h:44:5: error: expected '=', ',', ';', 'asm' or '__attribute__' before '{' token\n     { \\\n     ^\n/mysocks-0.5.12/OpenSSL_1_1_0/include/openssl/safestack.h:122:29: note: in expansion of macro 'SKM_DEFINE_STACK_OF'\n # define DEFINE_STACK_OF(t) SKM_DEFINE_STACK_OF(t, t, t)\n                             ^\n/mysocks-0.5.12/OpenSSL_1_1_0/include/openssl/asn1.h:474:1: note: in expansion of macro 'DEFINE_STACK_OF'\n DEFINE_STACK_OF(ASN1_TYPE)\n ^\n/mysocks-0.5.12/OpenSSL_1_1_0/include/openssl/safestack.h:48:5: error: expected '=', ',', ';', 'asm' or '__attribute__' before '{' token\n     { \\\n     ^\n/mysocks-0.5.12/OpenSSL_1_1_0/include/openssl/safestack.h:122:29: note: in expansion of macro 'SKM_DEFINE_STACK_OF'\n # define DEFINE_STACK_OF(t) SKM_DEFINE_STACK_OF(t, t, t)\n                             ^\n/mysocks-0.5.12/OpenSSL_1_1_0/include/openssl/asn1.h:474:1: note: in expansion of macro 'DEFINE_STACK_OF'\n DEFINE_STACK_OF(ASN1_TYPE)\n ^\n\u001b[0m\u001b[91m/mysocks-0.5.12/OpenSSL_1_1_0/include/openssl/safestack.h:51:27: error: expected '=', ',', ';', 'asm' or '__attribute__' before '*' token\n     static ossl_inline t2 *sk_##t1##_delete(STACK_OF(t1) *sk, int i) \\\n                           ^\n/mysocks-0.5.12/OpenSSL_1_1_0/include/openssl/safestack.h:122:29: note: in expansion of macro 'SKM_DEFINE_STACK_OF'\n # define DEFINE_STACK_OF(t) SKM_DEFINE_STACK_OF(t, t, t)\n                             ^\n/mysocks-0.5.12/OpenSSL_1_1_0/include/openssl/asn1.h:474:1: note: in expansion of macro 'DEFINE_STACK_OF'\n DEFINE_STACK_OF(ASN1_TYPE)\n ^\n\u001b[0m\u001b[91m/mysocks-0.5.12/OpenSSL_1_1_0/include/openssl/safestack.h:55:27: error: expected '=', ',', ';', 'asm' or '__attribute__' before '*' token\n     static ossl_inline t2 *sk_##t1##_delete_ptr(STACK_OF(t1) *sk, t2 *ptr) \\\n                           ^\n/mysocks-0.5.12/OpenSSL_1_1_0/include/openssl/safestack.h:122:29: note: in expansion of macro 'SKM_DEFINE_STACK_OF'\n # define DEFINE_STACK_OF(t) SKM_DEFINE_STACK_OF(t, t, t)\n                             ^\n/mysocks-0.5.12/OpenSSL_1_1_0/include/openssl/asn1.h:474:1: note: in expansion of macro 'DEFINE_STACK_OF'\n DEFINE_STACK_OF(ASN1_TYPE)\n ^\n\u001b[0m\u001b[91m/mysocks-0.5.12/OpenSSL_1_1_0/include/openssl/asn1.h:474:17: error: expected declaration specifiers or '...' before 'ASN1_TYPE'\n DEFINE_STACK_OF(ASN1_TYPE)\n                 ^\n/mysocks-0.5.12/OpenSSL_1_1_0/include/openssl/safestack.h:60:61: note: in definition of macro 'SKM_DEFINE_STACK_OF'\n     static ossl_inline int sk_##t1##_push(STACK_OF(t1) *sk, t2 *ptr) \\\n                                                             ^\n/mysocks-0.5.12/OpenSSL_1_1_0/include/openssl/asn1.h:474:1: note: in expansion of macro 'DEFINE_STACK_OF'\n DEFINE_STACK_OF(ASN1_TYPE)\n ^\n/mysocks-0.5.12/OpenSSL_1_1_0/include/openssl/asn1.h:474:17: error: expected declaration specifiers or '...' before 'ASN1_TYPE'\n DEFINE_STACK_OF(ASN1_TYPE)\n                 ^\n/mysocks-0.5.12/OpenSSL_1_1_0/include/openssl/safestack.h:64:64: note: in definition of macro 'SKM_DEFINE_STACK_OF'\n     static ossl_inline int sk_##t1##_unshift(STACK_OF(t1) *sk, t2 *ptr) \\\n                                                                ^\n/mysocks-0.5.12/OpenSSL_1_1_0/include/openssl/asn1.h:474:1: note: in expansion of macro 'DEFINE_STACK_OF'\n DEFINE_STACK_OF(ASN1_TYPE)\n ^\n\u001b[0m\u001b[91m/mysocks-0.5.12/OpenSSL_1_1_0/include/openssl/safestack.h:68:27: error: expected '=', ',', ';', 'asm' or '__attribute__' before '*' token\n     static ossl_inline t2 *sk_##t1##_pop(STACK_OF(t1) *sk) \\\n                           ^\n/mysocks-0.5.12/OpenSSL_1_1_0/include/openssl/safestack.h:122:29: note: in expansion of macro 'SKM_DEFINE_STACK_OF'\n # define DEFINE_STACK_OF(t) SKM_DEFINE_STACK_OF(t, t, t)\n                             ^\n/mysocks-0.5.12/OpenSSL_1_1_0/include/openssl/asn1.h:474:1: note: in expansion of macro 'DEFINE_STACK_OF'\n DEFINE_STACK_OF(ASN1_TYPE)\n ^\n\u001b[0m\u001b[91m/mysocks-0.5.12/OpenSSL_1_1_0/include/openssl/safestack.h:72:27: error: expected '=', ',', ';', 'asm' or '__attribute__' before '*' token\n     static ossl_inline t2 *sk_##t1##_shift(STACK_OF(t1) *sk) \\\n                           ^\n/mysocks-0.5.12/OpenSSL_1_1_0/include/openssl/safestack.h:122:29: note: in expansion of macro 'SKM_DEFINE_STACK_OF'\n # define DEFINE_STACK_OF(t) SKM_DEFINE_STACK_OF(t, t, t)\n                             ^\n/mysocks-0.5.12/OpenSSL_1_1_0/include/openssl/asn1.h:474:1: note: in expansion of macro 'DEFINE_STACK_OF'\n DEFINE_STACK_OF(ASN1_TYPE)\n ^\n/mysocks-0.5.12/OpenSSL_1_1_0/include/openssl/safestack.h:76:66: error: unknown type name 'sk_ASN1_TYPE_freefunc'\n     static ossl_inline void sk_##t1##_pop_free(STACK_OF(t1) *sk, sk_##t1##_freefunc freefunc) \\\n                                                                  ^\n/mysocks-0.5.12/OpenSSL_1_1_0/include/openssl/safestack.h:122:29: note: in expansion of macro 'SKM_DEFINE_STACK_OF'\n # define DEFINE_STACK_OF(t) SKM_DEFINE_STACK_OF(t, t, t)\n                             ^\n/mysocks-0.5.12/OpenSSL_1_1_0/include/openssl/asn1.h:474:1: note: in expansion of macro 'DEFINE_STACK_OF'\n DEFINE_STACK_OF(ASN1_TYPE)\n ^\n\u001b[0m\u001b[91m/mysocks-0.5.12/OpenSSL_1_1_0/include/openssl/asn1.h:474:17: error: expected declaration specifiers or '...' before 'ASN1_TYPE'\n DEFINE_STACK_OF(ASN1_TYPE)\n                 ^\n/mysocks-0.5.12/OpenSSL_1_1_0/include/openssl/safestack.h:80:63: note: in definition of macro 'SKM_DEFINE_STACK_OF'\n     static ossl_inline int sk_##t1##_insert(STACK_OF(t1) *sk, t2 *ptr, int idx) \\\n                                                               ^\n/mysocks-0.5.12/OpenSSL_1_1_0/include/openssl/asn1.h:474:1: note: in expansion of macro 'DEFINE_STACK_OF'\n DEFINE_STACK_OF(ASN1_TYPE)\n ^\n\u001b[0m\u001b[91m/mysocks-0.5.12/OpenSSL_1_1_0/include/openssl/safestack.h:84:27: error: expected '=', ',', ';', 'asm' or '__attribute__' before '*' token\n     static ossl_inline t2 *sk_##t1##_set(STACK_OF(t1) *sk, int idx, t2 *ptr) \\\n                           ^\n/mysocks-0.5.12/OpenSSL_1_1_0/include/openssl/safestack.h:122:29: note: in expansion of macro 'SKM_DEFINE_STACK_OF'\n # define DEFINE_STACK_OF(t) SKM_DEFINE_STACK_OF(t, t, t)\n                             ^\n/mysocks-0.5.12/OpenSSL_1_1_0/include/openssl/asn1.h:474:1: note: in expansion of macro 'DEFINE_STACK_OF'\n DEFINE_STACK_OF(ASN1_TYPE)\n ^\n\u001b[0m\u001b[91m/mysocks-0.5.12/OpenSSL_1_1_0/include/openssl/asn1.h:474:17: error: expected declaration specifiers or '...' before 'ASN1_TYPE'\n DEFINE_STACK_OF(ASN1_TYPE)\n                 ^\n/mysocks-0.5.12/OpenSSL_1_1_0/include/openssl/safestack.h:88:61: note: in definition of macro 'SKM_DEFINE_STACK_OF'\n     static ossl_inline int sk_##t1##_find(STACK_OF(t1) *sk, t2 *ptr) \\\n                                                             ^\n/mysocks-0.5.12/OpenSSL_1_1_0/include/openssl/asn1.h:474:1: note: in expansion of macro 'DEFINE_STACK_OF'\n DEFINE_STACK_OF(ASN1_TYPE)\n ^\n\u001b[0m\u001b[91m/mysocks-0.5.12/OpenSSL_1_1_0/include/openssl/asn1.h:474:17: error: expected declaration specifiers or '...' before 'ASN1_TYPE'\n DEFINE_STACK_OF(ASN1_TYPE)\n                 ^\n/mysocks-0.5.12/OpenSSL_1_1_0/include/openssl/safestack.h:92:64: note: in definition of macro 'SKM_DEFINE_STACK_OF'\n     static ossl_inline int sk_##t1##_find_ex(STACK_OF(t1) *sk, t2 *ptr) \\\n                                                                ^\n/mysocks-0.5.12/OpenSSL_1_1_0/include/openssl/asn1.h:474:1: note: in expansion of macro 'DEFINE_STACK_OF'\n DEFINE_STACK_OF(ASN1_TYPE)\n ^\n/mysocks-0.5.12/OpenSSL_1_1_0/include/openssl/safestack.h:97:5: error: expected '=', ',', ';', 'asm' or '__attribute__' before '{' token\n     { \\\n     ^\n/mysocks-0.5.12/OpenSSL_1_1_0/include/openssl/safestack.h:122:29: note: in expansion of macro 'SKM_DEFINE_STACK_OF'\n # define DEFINE_STACK_OF(t) SKM_DEFINE_STACK_OF(t, t, t)\n                             ^\n/mysocks-0.5.12/OpenSSL_1_1_0/include/openssl/asn1.h:474:1: note: in expansion of macro 'DEFINE_STACK_OF'\n DEFINE_STACK_OF(ASN1_TYPE)\n ^\n\u001b[0m\u001b[91m/mysocks-0.5.12/OpenSSL_1_1_0/include/openssl/safestack.h:101:5: error: expected '=', ',', ';', 'asm' or '__attribute__' before '{' token\n     { \\\n     ^\n/mysocks-0.5.12/OpenSSL_1_1_0/include/openssl/safestack.h:122:29: note: in expansion of macro 'SKM_DEFINE_STACK_OF'\n # define DEFINE_STACK_OF(t) SKM_DEFINE_STACK_OF(t, t, t)\n                             ^\n/mysocks-0.5.12/OpenSSL_1_1_0/include/openssl/asn1.h:474:1: note: in expansion of macro 'DEFINE_STACK_OF'\n DEFINE_STACK_OF(ASN1_TYPE)\n ^\n/mysocks-0.5.12/OpenSSL_1_1_0/include/openssl/safestack.h:105:5: error: expected '=', ',', ';', 'asm' or '__attribute__' before '{' token\n     { \\\n     ^\n/mysocks-0.5.12/OpenSSL_1_1_0/include/openssl/safestack.h:122:29: note: in expansion of macro 'SKM_DEFINE_STACK_OF'\n # define DEFINE_STACK_OF(t) SKM_DEFINE_STACK_OF(t, t, t)\n                             ^\n/mysocks-0.5.12/OpenSSL_1_1_0/include/openssl/asn1.h:474:1: note: in expansion of macro 'DEFINE_STACK_OF'\n DEFINE_STACK_OF(ASN1_TYPE)\n ^\n\u001b[0m\u001b[91m/mysocks-0.5.12/OpenSSL_1_1_0/include/openssl/safestack.h:109:53: error: unknown type name 'sk_ASN1_TYPE_copyfunc'\n                                                     sk_##t1##_copyfunc copyfunc, \\\n                                                     ^\n/mysocks-0.5.12/OpenSSL_1_1_0/include/openssl/safestack.h:122:29: note: in expansion of macro 'SKM_DEFINE_STACK_OF'\n # define DEFINE_STACK_OF(t) SKM_DEFINE_STACK_OF(t, t, t)\n                             ^\n/mysocks-0.5.12/OpenSSL_1_1_0/include/openssl/asn1.h:474:1: note: in expansion of macro 'DEFINE_STACK_OF'\n DEFINE_STACK_OF(ASN1_TYPE)\n ^\n/mysocks-0.5.12/OpenSSL_1_1_0/include/openssl/safestack.h:110:53: error: unknown type name 'sk_ASN1_TYPE_freefunc'\n                                                     sk_##t1##_freefunc freefunc) \\\n                                                     ^\n/mysocks-0.5.12/OpenSSL_1_1_0/include/openssl/safestack.h:122:29: note: in expansion of macro 'SKM_DEFINE_STACK_OF'\n # define DEFINE_STACK_OF(t) SKM_DEFINE_STACK_OF(t, t, t)\n                             ^\n/mysocks-0.5.12/OpenSSL_1_1_0/include/openssl/asn1.h:474:1: note: in expansion of macro 'DEFINE_STACK_OF'\n DEFINE_STACK_OF(ASN1_TYPE)\n ^\n\u001b[0m\u001b[91m/mysocks-0.5.12/OpenSSL_1_1_0/include/openssl/safestack.h:116:24: error: unknown type name 'sk_ASN1_TYPE_compfunc'\n     static ossl_inline sk_##t1##_compfunc sk_##t1##_set_cmp_func(STACK_OF(t1) *sk, sk_##t1##_compfunc compare) \\\n                        ^\n/mysocks-0.5.12/OpenSSL_1_1_0/include/openssl/safestack.h:122:29: note: in expansion of macro 'SKM_DEFINE_STACK_OF'\n # define DEFINE_STACK_OF(t) SKM_DEFINE_STACK_OF(t, t, t)\n                             ^\n/mysocks-0.5.12/OpenSSL_1_1_0/include/openssl/asn1.h:474:1: note: in expansion of macro 'DEFINE_STACK_OF'\n DEFINE_STACK_OF(ASN1_TYPE)\n ^\n/mysocks-0.5.12/OpenSSL_1_1_0/include/openssl/safestack.h:116:84: error: unknown type name 'sk_ASN1_TYPE_compfunc'\n     static ossl_inline sk_##t1##_compfunc sk_##t1##_set_cmp_func(STACK_OF(t1) *sk, sk_##t1##_compfunc compare) \\\n                                                                                    ^\n/mysocks-0.5.12/OpenSSL_1_1_0/include/openssl/safestack.h:122:29: note: in expansion of macro 'SKM_DEFINE_STACK_OF'\n # define DEFINE_STACK_OF(t) SKM_DEFINE_STACK_OF(t, t, t)\n                             ^\n/mysocks-0.5.12/OpenSSL_1_1_0/include/openssl/asn1.h:474:1: note: in expansion of macro 'DEFINE_STACK_OF'\n DEFINE_STACK_OF(ASN1_TYPE)\n ^\n\u001b[0m\u001b[91mIn file included from /mysocks-0.5.12/OpenSSL_1_1_0/include/openssl/objects.h:916:0,\n                 from /mysocks-0.5.12/OpenSSL_1_1_0/include/openssl/evp.h:27,\n                 from /mysocks-0.5.12/src/cipher-openssl.h:10,\n                 from /mysocks-0.5.12/src/client.c:27:\n/mysocks-0.5.12/OpenSSL_1_1_0/include/openssl/asn1.h:476:29: error: storage class specified for parameter 'ASN1_SEQUENCE_ANY'\n typedef STACK_OF(ASN1_TYPE) ASN1_SEQUENCE_ANY;\n                             ^\n/mysocks-0.5.12/OpenSSL_1_1_0/include/openssl/asn1.h:478:37: error: expected declaration specifiers before 'ASN1_SEQUENCE_ANY'\n DECLARE_ASN1_ENCODE_FUNCTIONS_const(ASN1_SEQUENCE_ANY, ASN1_SEQUENCE_ANY)\n                                     ^\n/mysocks-0.5.12/OpenSSL_1_1_0/include/openssl/asn1.h:235:9: note: in definition of macro 'DECLARE_ASN1_ENCODE_FUNCTIONS_const'\n         type *d2i_##name(type **a, const unsigned char **in, long len); \\\n         ^\n\u001b[0m\u001b[91m/mysocks-0.5.12/OpenSSL_1_1_0/include/openssl/asn1.h:478:37: warning: type defaults to 'int' in declaration of 'ASN1_SEQUENCE_ANY' [-Wimplicit-int]\n DECLARE_ASN1_ENCODE_FUNCTIONS_const(ASN1_SEQUENCE_ANY, ASN1_SEQUENCE_ANY)\n                                     ^\n/mysocks-0.5.12/OpenSSL_1_1_0/include/openssl/asn1.h:236:30: note: in definition of macro 'DECLARE_ASN1_ENCODE_FUNCTIONS_const'\n         int i2d_##name(const type *a, unsigned char **out); \\\n                              ^\n\u001b[0m\u001b[91m/mysocks-0.5.12/OpenSSL_1_1_0/include/openssl/asn1.h:236:35: error: expected ';', ',' or ')' before '*' token\n         int i2d_##name(const type *a, unsigned char **out); \\\n                                   ^\n/mysocks-0.5.12/OpenSSL_1_1_0/include/openssl/asn1.h:478:1: note: in expansion of macro 'DECLARE_ASN1_ENCODE_FUNCTIONS_const'\n DECLARE_ASN1_ENCODE_FUNCTIONS_const(ASN1_SEQUENCE_ANY, ASN1_SEQUENCE_ANY)\n ^\n\u001b[0m\u001b[91m/mysocks-0.5.12/OpenSSL_1_1_0/include/openssl/asn1.h:478:56: error: storage class specified for parameter 'ASN1_SEQUENCE_ANY_it'\n DECLARE_ASN1_ENCODE_FUNCTIONS_const(ASN1_SEQUENCE_ANY, ASN1_SEQUENCE_ANY)\n                                                        ^\n/mysocks-0.5.12/OpenSSL_1_1_0/include/openssl/asn1.h:328:40: note: in definition of macro 'DECLARE_ASN1_ITEM'\n         OPENSSL_EXTERN const ASN1_ITEM name##_it;\n                                        ^\n/mysocks-0.5.12/OpenSSL_1_1_0/include/openssl/asn1.h:478:1: note: in expansion of macro 'DECLARE_ASN1_ENCODE_FUNCTIONS_const'\n DECLARE_ASN1_ENCODE_FUNCTIONS_const(ASN1_SEQUENCE_ANY, ASN1_SEQUENCE_ANY)\n ^\n/mysocks-0.5.12/OpenSSL_1_1_0/include/openssl/asn1.h:479:37: error: expected declaration specifiers before 'ASN1_SEQUENCE_ANY'\n DECLARE_ASN1_ENCODE_FUNCTIONS_const(ASN1_SEQUENCE_ANY, ASN1_SET_ANY)\n                                     ^\n/mysocks-0.5.12/OpenSSL_1_1_0/include/openssl/asn1.h:235:9: note: in definition of macro 'DECLARE_ASN1_ENCODE_FUNCTIONS_const'\n         type *d2i_##name(type **a, const unsigned char **in, long len); \\\n         ^\n\u001b[0m\u001b[91m/mysocks-0.5.12/OpenSSL_1_1_0/include/openssl/asn1.h:479:37: warning: type defaults to 'int' in declaration of 'ASN1_SEQUENCE_ANY' [-Wimplicit-int]\n DECLARE_ASN1_ENCODE_FUNCTIONS_const(ASN1_SEQUENCE_ANY, ASN1_SET_ANY)\n                                     ^\n/mysocks-0.5.12/OpenSSL_1_1_0/include/openssl/asn1.h:236:30: note: in definition of macro 'DECLARE_ASN1_ENCODE_FUNCTIONS_const'\n         int i2d_##name(const type *a, unsigned char **out); \\\n                              ^\n/mysocks-0.5.12/OpenSSL_1_1_0/include/openssl/asn1.h:236:35: error: expected ';', ',' or ')' before '*' token\n         int i2d_##name(const type *a, unsigned char **out); \\\n                                   ^\n/mysocks-0.5.12/OpenSSL_1_1_0/include/openssl/asn1.h:479:1: note: in expansion of macro 'DECLARE_ASN1_ENCODE_FUNCTIONS_const'\n DECLARE_ASN1_ENCODE_FUNCTIONS_const(ASN1_SEQUENCE_ANY, ASN1_SET_ANY)\n ^\n\u001b[0m\u001b[91m/mysocks-0.5.12/OpenSSL_1_1_0/include/openssl/asn1.h:479:56: error: storage class specified for parameter 'ASN1_SET_ANY_it'\n DECLARE_ASN1_ENCODE_FUNCTIONS_const(ASN1_SEQUENCE_ANY, ASN1_SET_ANY)\n                                                        ^\n/mysocks-0.5.12/OpenSSL_1_1_0/include/openssl/asn1.h:328:40: note: in definition of macro 'DECLARE_ASN1_ITEM'\n         OPENSSL_EXTERN const ASN1_ITEM name##_it;\n                                        ^\n/mysocks-0.5.12/OpenSSL_1_1_0/include/openssl/asn1.h:479:1: note: in expansion of macro 'DECLARE_ASN1_ENCODE_FUNCTIONS_const'\n DECLARE_ASN1_ENCODE_FUNCTIONS_const(ASN1_SEQUENCE_ANY, ASN1_SET_ANY)\n ^\n/mysocks-0.5.12/OpenSSL_1_1_0/include/openssl/asn1.h:486:3: error: storage class specified for parameter 'BIT_STRING_BITNAME'\n } BIT_STRING_BITNAME;\n   ^\n\u001b[0m\u001b[91m/mysocks-0.5.12/OpenSSL_1_1_0/include/openssl/asn1.h:517:30: error: expected declaration specifiers before 'ASN1_TYPE'\n DECLARE_ASN1_FUNCTIONS_fname(ASN1_TYPE, ASN1_ANY, ASN1_TYPE)\n                              ^\n/mysocks-0.5.12/OpenSSL_1_1_0/include/openssl/asn1.h:247:9: note: in definition of macro 'DECLARE_ASN1_ALLOC_FUNCTIONS_name'\n         type *name##_new(void); \\\n         ^\n/mysocks-0.5.12/OpenSSL_1_1_0/include/openssl/asn1.h:517:1: note: in expansion of macro 'DECLARE_ASN1_FUNCTIONS_fname'\n DECLARE_ASN1_FUNCTIONS_fname(ASN1_TYPE, ASN1_ANY, ASN1_TYPE)\n ^\n/mysocks-0.5.12/OpenSSL_1_1_0/include/openssl/asn1.h:517:30: error: expected declaration specifiers or '...' before 'ASN1_TYPE'\n DECLARE_ASN1_FUNCTIONS_fname(ASN1_TYPE, ASN1_ANY, ASN1_TYPE)\n                              ^\n/mysocks-0.5.12/OpenSSL_1_1_0/include/openssl/asn1.h:248:26: note: in definition of macro 'DECLARE_ASN1_ALLOC_FUNCTIONS_name'\n         void name##_free(type *a);\n                          ^\n/mysocks-0.5.12/OpenSSL_1_1_0/include/openssl/asn1.h:517:1: note: in expansion of macro 'DECLARE_ASN1_FUNCTIONS_fname'\n DECLARE_ASN1_FUNCTIONS_fname(ASN1_TYPE, ASN1_ANY, ASN1_TYPE)\n ^\n\u001b[0m\u001b[91m/mysocks-0.5.12/OpenSSL_1_1_0/include/openssl/asn1.h:517:30: error: expected declaration specifiers before 'ASN1_TYPE'\n DECLARE_ASN1_FUNCTIONS_fname(ASN1_TYPE, ASN1_ANY, ASN1_TYPE)\n                              ^\n/mysocks-0.5.12/OpenSSL_1_1_0/include/openssl/asn1.h:230:9: note: in definition of macro 'DECLARE_ASN1_ENCODE_FUNCTIONS'\n         type *d2i_##name(type **a, const unsigned char **in, long len); \\\n         ^\n/mysocks-0.5.12/OpenSSL_1_1_0/include/openssl/asn1.h:517:1: note: in expansion of macro 'DECLARE_ASN1_FUNCTIONS_fname'\n DECLARE_ASN1_FUNCTIONS_fname(ASN1_TYPE, ASN1_ANY, ASN1_TYPE)\n ^\n\u001b[0m\u001b[91m/mysocks-0.5.12/OpenSSL_1_1_0/include/openssl/asn1.h:517:30: error: expected declaration specifiers or '...' before 'ASN1_TYPE'\n DECLARE_ASN1_FUNCTIONS_fname(ASN1_TYPE, ASN1_ANY, ASN1_TYPE)\n                              ^\n/mysocks-0.5.12/OpenSSL_1_1_0/include/openssl/asn1.h:231:24: note: in definition of macro 'DECLARE_ASN1_ENCODE_FUNCTIONS'\n         int i2d_##name(type *a, unsigned char **out); \\\n                        ^\n/mysocks-0.5.12/OpenSSL_1_1_0/include/openssl/asn1.h:517:1: note: in expansion of macro 'DECLARE_ASN1_FUNCTIONS_fname'\n DECLARE_ASN1_FUNCTIONS_fname(ASN1_TYPE, ASN1_ANY, ASN1_TYPE)\n ^\n\u001b[0m\u001b[91m/mysocks-0.5.12/OpenSSL_1_1_0/include/openssl/asn1.h:517:41: error: storage class specified for parameter 'ASN1_ANY_it'\n DECLARE_ASN1_FUNCTIONS_fname(ASN1_TYPE, ASN1_ANY, ASN1_TYPE)\n                                         ^\n/mysocks-0.5.12/OpenSSL_1_1_0/include/openssl/asn1.h:328:40: note: in definition of macro 'DECLARE_ASN1_ITEM'\n         OPENSSL_EXTERN const ASN1_ITEM name##_it;\n                                        ^\n/mysocks-0.5.12/OpenSSL_1_1_0/include/openssl/asn1.h:227:9: note: in expansion of macro 'DECLARE_ASN1_ENCODE_FUNCTIONS'\n         DECLARE_ASN1_ENCODE_FUNCTIONS(type, itname, name)\n         ^\n/mysocks-0.5.12/OpenSSL_1_1_0/include/openssl/asn1.h:517:1: note: in expansion of macro 'DECLARE_ASN1_FUNCTIONS_fname'\n DECLARE_ASN1_FUNCTIONS_fname(ASN1_TYPE, ASN1_ANY, ASN1_TYPE)\n ^\n/mysocks-0.5.12/OpenSSL_1_1_0/include/openssl/asn1.h:519:25: warning: type defaults to 'int' in declaration of 'ASN1_TYPE' [-Wimplicit-int]\n int ASN1_TYPE_get(const ASN1_TYPE *a);\n                         ^\n/mysocks-0.5.12/OpenSSL_1_1_0/include/openssl/asn1.h:519:35: error: expected ';', ',' or ')' before '*' token\n int ASN1_TYPE_get(const ASN1_TYPE *a);\n                                   ^\n\u001b[0m\u001b[91m/mysocks-0.5.12/OpenSSL_1_1_0/include/openssl/asn1.h:520:20: error: expected declaration specifiers or '...' before 'ASN1_TYPE'\n void ASN1_TYPE_set(ASN1_TYPE *a, int type, void *value);\n                    ^\n/mysocks-0.5.12/OpenSSL_1_1_0/include/openssl/asn1.h:521:20: error: expected declaration specifiers or '...' before 'ASN1_TYPE'\n int ASN1_TYPE_set1(ASN1_TYPE *a, int type, const void *value);\n                    ^\n/mysocks-0.5.12/OpenSSL_1_1_0/include/openssl/asn1.h:522:25: warning: type defaults to 'int' in declaration of 'ASN1_TYPE' [-Wimplicit-int]\n int ASN1_TYPE_cmp(const ASN1_TYPE *a, const ASN1_TYPE *b);\n                         ^\n\u001b[0m\u001b[91m/mysocks-0.5.12/OpenSSL_1_1_0/include/openssl/asn1.h:522:35: error: expected ';', ',' or ')' before '*' token\n int ASN1_TYPE_cmp(const ASN1_TYPE *a, const ASN1_TYPE *b);\n                                   ^\n/mysocks-0.5.12/OpenSSL_1_1_0/include/openssl/asn1.h:524:1: error: expected declaration specifiers before 'ASN1_TYPE'\n ASN1_TYPE *ASN1_TYPE_pack_sequence(const ASN1_ITEM *it, void *s, ASN1_TYPE **t);\n ^\n\u001b[0m\u001b[91m/mysocks-0.5.12/OpenSSL_1_1_0/include/openssl/asn1.h:525:60: warning: type defaults to 'int' in declaration of 'ASN1_TYPE' [-Wimplicit-int]\n void *ASN1_TYPE_unpack_sequence(const ASN1_ITEM *it, const ASN1_TYPE *t);\n                                                            ^\n\u001b[0m\u001b[91m/mysocks-0.5.12/OpenSSL_1_1_0/include/openssl/asn1.h:525:70: error: expected ';', ',' or ')' before '*' token\n void *ASN1_TYPE_unpack_sequence(const ASN1_ITEM *it, const ASN1_TYPE *t);\n                                                                      ^\n\u001b[0m\u001b[91m/mysocks-0.5.12/OpenSSL_1_1_0/include/openssl/asn1.h:533:19: error: storage class specified for parameter 'ASN1_OBJECT_it'\n DECLARE_ASN1_ITEM(ASN1_OBJECT)\n                   ^\n/mysocks-0.5.12/OpenSSL_1_1_0/include/openssl/asn1.h:328:40: note: in definition of macro 'DECLARE_ASN1_ITEM'\n         OPENSSL_EXTERN const ASN1_ITEM name##_it;\n                                        ^\n\u001b[0m\u001b[91mIn file included from /mysocks-0.5.12/OpenSSL_1_1_0/include/openssl/crypto.h:29:0,\n                 from /mysocks-0.5.12/OpenSSL_1_1_0/include/openssl/bio.h:20,\n                 from /mysocks-0.5.12/OpenSSL_1_1_0/include/openssl/evp.h:16,\n                 from /mysocks-0.5.12/src/cipher-openssl.h:10,\n                 from /mysocks-0.5.12/src/client.c:27:\n/mysocks-0.5.12/OpenSSL_1_1_0/include/openssl/safestack.h:20:25: warning: empty declaration\n # define STACK_OF(type) struct stack_st_##type\n                         ^\n/mysocks-0.5.12/OpenSSL_1_1_0/include/openssl/safestack.h:23:5: note: in expansion of macro 'STACK_OF'\n     STACK_OF(t1); \\\n     ^\n/mysocks-0.5.12/OpenSSL_1_1_0/include/openssl/safestack.h:122:29: note: in expansion of macro 'SKM_DEFINE_STACK_OF'\n # define DEFINE_STACK_OF(t) SKM_DEFINE_STACK_OF(t, t, t)\n                             ^\n/mysocks-0.5.12/OpenSSL_1_1_0/include/openssl/asn1.h:535:1: note: in expansion of macro 'DEFINE_STACK_OF'\n DEFINE_STACK_OF(ASN1_OBJECT)\n ^\n\u001b[0m\u001b[91m/mysocks-0.5.12/OpenSSL_1_1_0/include/openssl/safestack.h:24:19: error: storage class specified for parameter 'sk_ASN1_OBJECT_compfunc'\n     typedef int (*sk_##t1##_compfunc)(const t3 * const *a, const t3 *const *b); \\\n                   ^\n/mysocks-0.5.12/OpenSSL_1_1_0/include/openssl/safestack.h:122:29: note: in expansion of macro 'SKM_DEFINE_STACK_OF'\n # define DEFINE_STACK_OF(t) SKM_DEFINE_STACK_OF(t, t, t)\n                             ^\n/mysocks-0.5.12/OpenSSL_1_1_0/include/openssl/asn1.h:535:1: note: in expansion of macro 'DEFINE_STACK_OF'\n DEFINE_STACK_OF(ASN1_OBJECT)\n ^\n\u001b[0m\u001b[91m/mysocks-0.5.12/OpenSSL_1_1_0/include/openssl/safestack.h:25:20: error: storage class specified for parameter 'sk_ASN1_OBJECT_freefunc'\n     typedef void (*sk_##t1##_freefunc)(t3 *a); \\\n                    ^\n/mysocks-0.5.12/OpenSSL_1_1_0/include/openssl/safestack.h:122:29: note: in expansion of macro 'SKM_DEFINE_STACK_OF'\n # define DEFINE_STACK_OF(t) SKM_DEFINE_STACK_OF(t, t, t)\n                             ^\n/mysocks-0.5.12/OpenSSL_1_1_0/include/openssl/asn1.h:535:1: note: in expansion of macro 'DEFINE_STACK_OF'\n DEFINE_STACK_OF(ASN1_OBJECT)\n ^\n\u001b[0m\u001b[91m/mysocks-0.5.12/OpenSSL_1_1_0/include/openssl/safestack.h:26:20: error: storage class specified for parameter 'sk_ASN1_OBJECT_copyfunc'\n     typedef t3 * (*sk_##t1##_copyfunc)(const t3 *a); \\\n                    ^\n/mysocks-0.5.12/OpenSSL_1_1_0/include/openssl/safestack.h:122:29: note: in expansion of macro 'SKM_DEFINE_STACK_OF'\n # define DEFINE_STACK_OF(t) SKM_DEFINE_STACK_OF(t, t, t)\n                             ^\n/mysocks-0.5.12/OpenSSL_1_1_0/include/openssl/asn1.h:535:1: note: in expansion of macro 'DEFINE_STACK_OF'\n DEFINE_STACK_OF(ASN1_OBJECT)\n ^\n\u001b[0m\u001b[91m/mysocks-0.5.12/OpenSSL_1_1_0/include/openssl/safestack.h:28:5: error: expected '=', ',', ';', 'asm' or '__attribute__' before '{' token\n     { \\\n     ^\n/mysocks-0.5.12/OpenSSL_1_1_0/include/openssl/safestack.h:122:29: note: in expansion of macro 'SKM_DEFINE_STACK_OF'\n # define DEFINE_STACK_OF(t) SKM_DEFINE_STACK_OF(t, t, t)\n                             ^\n/mysocks-0.5.12/OpenSSL_1_1_0/include/openssl/asn1.h:535:1: note: in expansion of macro 'DEFINE_STACK_OF'\n DEFINE_STACK_OF(ASN1_OBJECT)\n ^\n\u001b[0m\u001b[91m/mysocks-0.5.12/OpenSSL_1_1_0/include/openssl/safestack.h:32:5: error: expected '=', ',', ';', 'asm' or '__attribute__' before '{' token\n     { \\\n     ^\n/mysocks-0.5.12/OpenSSL_1_1_0/include/openssl/safestack.h:122:29: note: in expansion of macro 'SKM_DEFINE_STACK_OF'\n # define DEFINE_STACK_OF(t) SKM_DEFINE_STACK_OF(t, t, t)\n                             ^\n/mysocks-0.5.12/OpenSSL_1_1_0/include/openssl/asn1.h:535:1: note: in expansion of macro 'DEFINE_STACK_OF'\n DEFINE_STACK_OF(ASN1_OBJECT)\n ^\n\u001b[0m\u001b[91m/mysocks-0.5.12/OpenSSL_1_1_0/include/openssl/safestack.h:35:52: error: expected declaration specifiers or '...' before 'sk_ASN1_OBJECT_compfunc'\n     static ossl_inline STACK_OF(t1) *sk_##t1##_new(sk_##t1##_compfunc compare) \\\n                                                    ^\n/mysocks-0.5.12/OpenSSL_1_1_0/include/openssl/safestack.h:122:29: note: in expansion of macro 'SKM_DEFINE_STACK_OF'\n # define DEFINE_STACK_OF(t) SKM_DEFINE_STACK_OF(t, t, t)\n                             ^\n/mysocks-0.5.12/OpenSSL_1_1_0/include/openssl/asn1.h:535:1: note: in expansion of macro 'DEFINE_STACK_OF'\n DEFINE_STACK_OF(ASN1_OBJECT)\n ^\n/mysocks-0.5.12/OpenSSL_1_1_0/include/openssl/safestack.h:40:5: error: expected '=', ',', ';', 'asm' or '__attribute__' before '{' token\n     { \\\n     ^\n/mysocks-0.5.12/OpenSSL_1_1_0/include/openssl/safestack.h:122:29: note: in expansion of macro 'SKM_DEFINE_STACK_OF'\n # define DEFINE_STACK_OF(t) SKM_DEFINE_STACK_OF(t, t, t)\n                             ^\n/mysocks-0.5.12/OpenSSL_1_1_0/include/openssl/asn1.h:535:1: note: in expansion of macro 'DEFINE_STACK_OF'\n DEFINE_STACK_OF(ASN1_OBJECT)\n ^\n\u001b[0m\u001b[91m/mysocks-0.5.12/OpenSSL_1_1_0/include/openssl/safestack.h:44:5: error: expected '=', ',', ';', 'asm' or '__attribute__' before '{' token\n     { \\\n     ^\n/mysocks-0.5.12/OpenSSL_1_1_0/include/openssl/safestack.h:122:29: note: in expansion of macro 'SKM_DEFINE_STACK_OF'\n # define DEFINE_STACK_OF(t) SKM_DEFINE_STACK_OF(t, t, t)\n                             ^\n/mysocks-0.5.12/OpenSSL_1_1_0/include/openssl/asn1.h:535:1: note: in expansion of macro 'DEFINE_STACK_OF'\n DEFINE_STACK_OF(ASN1_OBJECT)\n ^\n/mysocks-0.5.12/OpenSSL_1_1_0/include/openssl/safestack.h:48:5: error: expected '=', ',', ';', 'asm' or '__attribute__' before '{' token\n     { \\\n     ^\n/mysocks-0.5.12/OpenSSL_1_1_0/include/openssl/safestack.h:122:29: note: in expansion of macro 'SKM_DEFINE_STACK_OF'\n # define DEFINE_STACK_OF(t) SKM_DEFINE_STACK_OF(t, t, t)\n                             ^\n/mysocks-0.5.12/OpenSSL_1_1_0/include/openssl/asn1.h:535:1: note: in expansion of macro 'DEFINE_STACK_OF'\n DEFINE_STACK_OF(ASN1_OBJECT)\n ^\n\u001b[0m\u001b[91m/mysocks-0.5.12/OpenSSL_1_1_0/include/openssl/safestack.h:52:5: error: expected '=', ',', ';', 'asm' or '__attribute__' before '{' token\n     { \\\n     ^\n/mysocks-0.5.12/OpenSSL_1_1_0/include/openssl/safestack.h:122:29: note: in expansion of macro 'SKM_DEFINE_STACK_OF'\n # define DEFINE_STACK_OF(t) SKM_DEFINE_STACK_OF(t, t, t)\n                             ^\n/mysocks-0.5.12/OpenSSL_1_1_0/include/openssl/asn1.h:535:1: note: in expansion of macro 'DEFINE_STACK_OF'\n DEFINE_STACK_OF(ASN1_OBJECT)\n ^\n\u001b[0m\u001b[91m/mysocks-0.5.12/OpenSSL_1_1_0/include/openssl/safestack.h:56:5: error: expected '=', ',', ';', 'asm' or '__attribute__' before '{' token\n     { \\\n     ^\n/mysocks-0.5.12/OpenSSL_1_1_0/include/openssl/safestack.h:122:29: note: in expansion of macro 'SKM_DEFINE_STACK_OF'\n # define DEFINE_STACK_OF(t) SKM_DEFINE_STACK_OF(t, t, t)\n                             ^\n/mysocks-0.5.12/OpenSSL_1_1_0/include/openssl/asn1.h:535:1: note: in expansion of macro 'DEFINE_STACK_OF'\n DEFINE_STACK_OF(ASN1_OBJECT)\n ^\n\u001b[0m\u001b[91m/mysocks-0.5.12/OpenSSL_1_1_0/include/openssl/safestack.h:61:5: error: expected '=', ',', ';', 'asm' or '__attribute__' before '{' token\n     { \\\n     ^\n/mysocks-0.5.12/OpenSSL_1_1_0/include/openssl/safestack.h:122:29: note: in expansion of macro 'SKM_DEFINE_STACK_OF'\n # define DEFINE_STACK_OF(t) SKM_DEFINE_STACK_OF(t, t, t)\n                             ^\n/mysocks-0.5.12/OpenSSL_1_1_0/include/openssl/asn1.h:535:1: note: in expansion of macro 'DEFINE_STACK_OF'\n DEFINE_STACK_OF(ASN1_OBJECT)\n ^\n\u001b[0m\u001b[91m/mysocks-0.5.12/OpenSSL_1_1_0/include/openssl/safestack.h:65:5: error: expected '=', ',', ';', 'asm' or '__attribute__' before '{' token\n     { \\\n     ^\n/mysocks-0.5.12/OpenSSL_1_1_0/include/openssl/safestack.h:122:29: note: in expansion of macro 'SKM_DEFINE_STACK_OF'\n # define DEFINE_STACK_OF(t) SKM_DEFINE_STACK_OF(t, t, t)\n                             ^\n/mysocks-0.5.12/OpenSSL_1_1_0/include/openssl/asn1.h:535:1: note: in expansion of macro 'DEFINE_STACK_OF'\n DEFINE_STACK_OF(ASN1_OBJECT)\n ^\n\u001b[0m\u001b[91m/mysocks-0.5.12/OpenSSL_1_1_0/include/openssl/safestack.h:69:5: error: expected '=', ',', ';', 'asm' or '__attribute__' before '{' token\n     { \\\n     ^\n/mysocks-0.5.12/OpenSSL_1_1_0/include/openssl/safestack.h:122:29: note: in expansion of macro 'SKM_DEFINE_STACK_OF'\n # define DEFINE_STACK_OF(t) SKM_DEFINE_STACK_OF(t, t, t)\n                             ^\n/mysocks-0.5.12/OpenSSL_1_1_0/include/openssl/asn1.h:535:1: note: in expansion of macro 'DEFINE_STACK_OF'\n DEFINE_STACK_OF(ASN1_OBJECT)\n ^\n\u001b[0m\u001b[91m/mysocks-0.5.12/OpenSSL_1_1_0/include/openssl/safestack.h:73:5: error: expected '=', ',', ';', 'asm' or '__attribute__' before '{' token\n     { \\\n     ^\n/mysocks-0.5.12/OpenSSL_1_1_0/include/openssl/safestack.h:122:29: note: in expansion of macro 'SKM_DEFINE_STACK_OF'\n # define DEFINE_STACK_OF(t) SKM_DEFINE_STACK_OF(t, t, t)\n                             ^\n/mysocks-0.5.12/OpenSSL_1_1_0/include/openssl/asn1.h:535:1: note: in expansion of macro 'DEFINE_STACK_OF'\n DEFINE_STACK_OF(ASN1_OBJECT)\n ^\n\u001b[0m\u001b[91m/mysocks-0.5.12/OpenSSL_1_1_0/include/openssl/safestack.h:76:66: error: expected declaration specifiers or '...' before 'sk_ASN1_OBJECT_freefunc'\n     static ossl_inline void sk_##t1##_pop_free(STACK_OF(t1) *sk, sk_##t1##_freefunc freefunc) \\\n                                                                  ^\n/mysocks-0.5.12/OpenSSL_1_1_0/include/openssl/safestack.h:122:29: note: in expansion of macro 'SKM_DEFINE_STACK_OF'\n # define DEFINE_STACK_OF(t) SKM_DEFINE_STACK_OF(t, t, t)\n                             ^\n/mysocks-0.5.12/OpenSSL_1_1_0/include/openssl/asn1.h:535:1: note: in expansion of macro 'DEFINE_STACK_OF'\n DEFINE_STACK_OF(ASN1_OBJECT)\n ^\n\u001b[0m\u001b[91m/mysocks-0.5.12/OpenSSL_1_1_0/include/openssl/safestack.h:81:5: error: expected '=', ',', ';', 'asm' or '__attribute__' before '{' token\n     { \\\n     ^\n/mysocks-0.5.12/OpenSSL_1_1_0/include/openssl/safestack.h:122:29: note: in expansion of macro 'SKM_DEFINE_STACK_OF'\n # define DEFINE_STACK_OF(t) SKM_DEFINE_STACK_OF(t, t, t)\n                             ^\n/mysocks-0.5.12/OpenSSL_1_1_0/include/openssl/asn1.h:535:1: note: in expansion of macro 'DEFINE_STACK_OF'\n DEFINE_STACK_OF(ASN1_OBJECT)\n ^\n/mysocks-0.5.12/OpenSSL_1_1_0/include/openssl/safestack.h:85:5: error: expected '=', ',', ';', 'asm' or '__attribute__' before '{' token\n     { \\\n     ^\n/mysocks-0.5.12/OpenSSL_1_1_0/include/openssl/safestack.h:122:29: note: in expansion of macro 'SKM_DEFINE_STACK_OF'\n # define DEFINE_STACK_OF(t) SKM_DEFINE_STACK_OF(t, t, t)\n                             ^\n/mysocks-0.5.12/OpenSSL_1_1_0/include/openssl/asn1.h:535:1: note: in expansion of macro 'DEFINE_STACK_OF'\n DEFINE_STACK_OF(ASN1_OBJECT)\n ^\n\u001b[0m\u001b[91m/mysocks-0.5.12/OpenSSL_1_1_0/include/openssl/safestack.h:89:5: error: expected '=', ',', ';', 'asm' or '__attribute__' before '{' token\n     { \\\n     ^\n/mysocks-0.5.12/OpenSSL_1_1_0/include/openssl/safestack.h:122:29: note: in expansion of macro 'SKM_DEFINE_STACK_OF'\n # define DEFINE_STACK_OF(t) SKM_DEFINE_STACK_OF(t, t, t)\n                             ^\n/mysocks-0.5.12/OpenSSL_1_1_0/include/openssl/asn1.h:535:1: note: in expansion of macro 'DEFINE_STACK_OF'\n DEFINE_STACK_OF(ASN1_OBJECT)\n ^\n\u001b[0m\u001b[91m/mysocks-0.5.12/OpenSSL_1_1_0/include/openssl/safestack.h:93:5: error: expected '=', ',', ';', 'asm' or '__attribute__' before '{' token\n     { \\\n     ^\n/mysocks-0.5.12/OpenSSL_1_1_0/include/openssl/safestack.h:122:29: note: in expansion of macro 'SKM_DEFINE_STACK_OF'\n # define DEFINE_STACK_OF(t) SKM_DEFINE_STACK_OF(t, t, t)\n                             ^\n/mysocks-0.5.12/OpenSSL_1_1_0/include/openssl/asn1.h:535:1: note: in expansion of macro 'DEFINE_STACK_OF'\n DEFINE_STACK_OF(ASN1_OBJECT)\n ^\n\u001b[0m\u001b[91m/mysocks-0.5.12/OpenSSL_1_1_0/include/openssl/safestack.h:97:5: error: expected '=', ',', ';', 'asm' or '__attribute__' before '{' token\n     { \\\n     ^\n/mysocks-0.5.12/OpenSSL_1_1_0/include/openssl/safestack.h:122:29: note: in expansion of macro 'SKM_DEFINE_STACK_OF'\n # define DEFINE_STACK_OF(t) SKM_DEFINE_STACK_OF(t, t, t)\n                             ^\n/mysocks-0.5.12/OpenSSL_1_1_0/include/openssl/asn1.h:535:1: note: in expansion of macro 'DEFINE_STACK_OF'\n DEFINE_STACK_OF(ASN1_OBJECT)\n ^\n\u001b[0m\u001b[91m/mysocks-0.5.12/OpenSSL_1_1_0/include/openssl/safestack.h:101:5: error: expected '=', ',', ';', 'asm' or '__attribute__' before '{' token\n     { \\\n     ^\n/mysocks-0.5.12/OpenSSL_1_1_0/include/openssl/safestack.h:122:29: note: in expansion of macro 'SKM_DEFINE_STACK_OF'\n # define DEFINE_STACK_OF(t) SKM_DEFINE_STACK_OF(t, t, t)\n                             ^\n/mysocks-0.5.12/OpenSSL_1_1_0/include/openssl/asn1.h:535:1: note: in expansion of macro 'DEFINE_STACK_OF'\n DEFINE_STACK_OF(ASN1_OBJECT)\n ^\n\u001b[0m\u001b[91m/mysocks-0.5.12/OpenSSL_1_1_0/include/openssl/safestack.h:105:5: error: expected '=', ',', ';', 'asm' or '__attribute__' before '{' token\n     { \\\n     ^\n/mysocks-0.5.12/OpenSSL_1_1_0/include/openssl/safestack.h:122:29: note: in expansion of macro 'SKM_DEFINE_STACK_OF'\n # define DEFINE_STACK_OF(t) SKM_DEFINE_STACK_OF(t, t, t)\n                             ^\n/mysocks-0.5.12/OpenSSL_1_1_0/include/openssl/asn1.h:535:1: note: in expansion of macro 'DEFINE_STACK_OF'\n DEFINE_STACK_OF(ASN1_OBJECT)\n ^\n\u001b[0m\u001b[91m/mysocks-0.5.12/OpenSSL_1_1_0/include/openssl/safestack.h:109:53: error: expected declaration specifiers or '...' before 'sk_ASN1_OBJECT_copyfunc'\n                                                     sk_##t1##_copyfunc copyfunc, \\\n                                                     ^\n/mysocks-0.5.12/OpenSSL_1_1_0/include/openssl/safestack.h:122:29: note: in expansion of macro 'SKM_DEFINE_STACK_OF'\n # define DEFINE_STACK_OF(t) SKM_DEFINE_STACK_OF(t, t, t)\n                             ^\n/mysocks-0.5.12/OpenSSL_1_1_0/include/openssl/asn1.h:535:1: note: in expansion of macro 'DEFINE_STACK_OF'\n DEFINE_STACK_OF(ASN1_OBJECT)\n ^\n\u001b[0m\u001b[91m/mysocks-0.5.12/OpenSSL_1_1_0/include/openssl/safestack.h:110:53: error: expected declaration specifiers or '...' before 'sk_ASN1_OBJECT_freefunc'\n                                                     sk_##t1##_freefunc freefunc) \\\n                                                     ^\n/mysocks-0.5.12/OpenSSL_1_1_0/include/openssl/safestack.h:122:29: note: in expansion of macro 'SKM_DEFINE_STACK_OF'\n # define DEFINE_STACK_OF(t) SKM_DEFINE_STACK_OF(t, t, t)\n                             ^\n/mysocks-0.5.12/OpenSSL_1_1_0/include/openssl/asn1.h:535:1: note: in expansion of macro 'DEFINE_STACK_OF'\n DEFINE_STACK_OF(ASN1_OBJECT)\n ^\n\u001b[0m\u001b[91m/mysocks-0.5.12/OpenSSL_1_1_0/include/openssl/safestack.h:116:43: error: expected '=', ',', ';', 'asm' or '__attribute__' before 'sk_ASN1_OBJECT_set_cmp_func'\n     static ossl_inline sk_##t1##_compfunc sk_##t1##_set_cmp_func(STACK_OF(t1) *sk, sk_##t1##_compfunc compare) \\\n                                           ^\n/mysocks-0.5.12/OpenSSL_1_1_0/include/openssl/safestack.h:122:29: note: in expansion of macro 'SKM_DEFINE_STACK_OF'\n # define DEFINE_STACK_OF(t) SKM_DEFINE_STACK_OF(t, t, t)\n                             ^\n/mysocks-0.5.12/OpenSSL_1_1_0/include/openssl/asn1.h:535:1: note: in expansion of macro 'DEFINE_STACK_OF'\n DEFINE_STACK_OF(ASN1_OBJECT)\n ^\n\u001b[0m\u001b[91mIn file included from /mysocks-0.5.12/OpenSSL_1_1_0/include/openssl/objects.h:916:0,\n                 from /mysocks-0.5.12/OpenSSL_1_1_0/include/openssl/evp.h:27,\n                 from /mysocks-0.5.12/src/cipher-openssl.h:10,\n                 from /mysocks-0.5.12/src/client.c:27:\n/mysocks-0.5.12/OpenSSL_1_1_0/include/openssl/asn1.h:553:1: error: expected declaration specifiers before 'DEPRECATEDIN_1_1_0'\n DEPRECATEDIN_1_1_0(unsigned char *ASN1_STRING_data(ASN1_STRING *x))\n ^\n\u001b[0m\u001b[91m/mysocks-0.5.12/OpenSSL_1_1_0/include/openssl/asn1.h:556:24: error: storage class specified for parameter 'ASN1_BIT_STRING_it'\n DECLARE_ASN1_FUNCTIONS(ASN1_BIT_STRING)\n                        ^\n/mysocks-0.5.12/OpenSSL_1_1_0/include/openssl/asn1.h:328:40: note: in definition of macro 'DECLARE_ASN1_ITEM'\n         OPENSSL_EXTERN const ASN1_ITEM name##_it;\n                                        ^\n/mysocks-0.5.12/OpenSSL_1_1_0/include/openssl/asn1.h:223:9: note: in expansion of macro 'DECLARE_ASN1_ENCODE_FUNCTIONS'\n         DECLARE_ASN1_ENCODE_FUNCTIONS(type, name, name)\n         ^\n/mysocks-0.5.12/OpenSSL_1_1_0/include/openssl/asn1.h:216:39: note: in expansion of macro 'DECLARE_ASN1_FUNCTIONS_name'\n # define DECLARE_ASN1_FUNCTIONS(type) DECLARE_ASN1_FUNCTIONS_name(type, type)\n                                       ^\n/mysocks-0.5.12/OpenSSL_1_1_0/include/openssl/asn1.h:556:1: note: in expansion of macro 'DECLARE_ASN1_FUNCTIONS'\n DECLARE_ASN1_FUNCTIONS(ASN1_BIT_STRING)\n ^\n/mysocks-0.5.12/OpenSSL_1_1_0/include/openssl/asn1.h:564:32: error: expected declaration specifiers or '...' before 'BIT_STRING_BITNAME'\n                                BIT_STRING_BITNAME *tbl, int indent);\n                                ^\n/mysocks-0.5.12/OpenSSL_1_1_0/include/openssl/asn1.h:565:47: error: expected declaration specifiers or '...' before 'BIT_STRING_BITNAME'\n int ASN1_BIT_STRING_num_asc(const char *name, BIT_STRING_BITNAME *tbl);\n                                               ^\n/mysocks-0.5.12/OpenSSL_1_1_0/include/openssl/asn1.h:567:29: error: expected declaration specifiers or '...' before 'BIT_STRING_BITNAME'\n                             BIT_STRING_BITNAME *tbl);\n                             ^\n\u001b[0m\u001b[91m/mysocks-0.5.12/OpenSSL_1_1_0/include/openssl/asn1.h:569:24: error: storage class specified for parameter 'ASN1_INTEGER_it'\n DECLARE_ASN1_FUNCTIONS(ASN1_INTEGER)\n                        ^\n/mysocks-0.5.12/OpenSSL_1_1_0/include/openssl/asn1.h:328:40: note: in definition of macro 'DECLARE_ASN1_ITEM'\n         OPENSSL_EXTERN const ASN1_ITEM name##_it;\n                                        ^\n/mysocks-0.5.12/OpenSSL_1_1_0/include/openssl/asn1.h:223:9: note: in expansion of macro 'DECLARE_ASN1_ENCODE_FUNCTIONS'\n         DECLARE_ASN1_ENCODE_FUNCTIONS(type, name, name)\n         ^\n/mysocks-0.5.12/OpenSSL_1_1_0/include/openssl/asn1.h:216:39: note: in expansion of macro 'DECLARE_ASN1_FUNCTIONS_name'\n # define DECLARE_ASN1_FUNCTIONS(type) DECLARE_ASN1_FUNCTIONS_name(type, type)\n                                       ^\n/mysocks-0.5.12/OpenSSL_1_1_0/include/openssl/asn1.h:569:1: note: in expansion of macro 'DECLARE_ASN1_FUNCTIONS'\n DECLARE_ASN1_FUNCTIONS(ASN1_INTEGER)\n ^\n\u001b[0m\u001b[91m/mysocks-0.5.12/OpenSSL_1_1_0/include/openssl/asn1.h:575:24: error: storage class specified for parameter 'ASN1_ENUMERATED_it'\n DECLARE_ASN1_FUNCTIONS(ASN1_ENUMERATED)\n                        ^\n/mysocks-0.5.12/OpenSSL_1_1_0/include/openssl/asn1.h:328:40: note: in definition of macro 'DECLARE_ASN1_ITEM'\n         OPENSSL_EXTERN const ASN1_ITEM name##_it;\n                                        ^\n/mysocks-0.5.12/OpenSSL_1_1_0/include/openssl/asn1.h:223:9: note: in expansion of macro 'DECLARE_ASN1_ENCODE_FUNCTIONS'\n         DECLARE_ASN1_ENCODE_FUNCTIONS(type, name, name)\n         ^\n/mysocks-0.5.12/OpenSSL_1_1_0/include/openssl/asn1.h:216:39: note: in expansion of macro 'DECLARE_ASN1_FUNCTIONS_name'\n # define DECLARE_ASN1_FUNCTIONS(type) DECLARE_ASN1_FUNCTIONS_name(type, type)\n                                       ^\n/mysocks-0.5.12/OpenSSL_1_1_0/include/openssl/asn1.h:575:1: note: in expansion of macro 'DECLARE_ASN1_FUNCTIONS'\n DECLARE_ASN1_FUNCTIONS(ASN1_ENUMERATED)\n ^\n\u001b[0m\u001b[91m/mysocks-0.5.12/OpenSSL_1_1_0/include/openssl/asn1.h:594:24: error: storage class specified for parameter 'ASN1_OCTET_STRING_it'\n DECLARE_ASN1_FUNCTIONS(ASN1_OCTET_STRING)\n                        ^\n/mysocks-0.5.12/OpenSSL_1_1_0/include/openssl/asn1.h:328:40: note: in definition of macro 'DECLARE_ASN1_ITEM'\n         OPENSSL_EXTERN const ASN1_ITEM name##_it;\n                                        ^\n/mysocks-0.5.12/OpenSSL_1_1_0/include/openssl/asn1.h:223:9: note: in expansion of macro 'DECLARE_ASN1_ENCODE_FUNCTIONS'\n         DECLARE_ASN1_ENCODE_FUNCTIONS(type, name, name)\n         ^\n/mysocks-0.5.12/OpenSSL_1_1_0/include/openssl/asn1.h:216:39: note: in expansion of macro 'DECLARE_ASN1_FUNCTIONS_name'\n # define DECLARE_ASN1_FUNCTIONS(type) DECLARE_ASN1_FUNCTIONS_name(type, type)\n                                       ^\n/mysocks-0.5.12/OpenSSL_1_1_0/include/openssl/asn1.h:594:1: note: in expansion of macro 'DECLARE_ASN1_FUNCTIONS'\n DECLARE_ASN1_FUNCTIONS(ASN1_OCTET_STRING)\n ^\n\u001b[0m\u001b[91m/mysocks-0.5.12/OpenSSL_1_1_0/include/openssl/asn1.h:601:24: error: storage class specified for parameter 'ASN1_VISIBLESTRING_it'\n DECLARE_ASN1_FUNCTIONS(ASN1_VISIBLESTRING)\n                        ^\n/mysocks-0.5.12/OpenSSL_1_1_0/include/openssl/asn1.h:328:40: note: in definition of macro 'DECLARE_ASN1_ITEM'\n         OPENSSL_EXTERN const ASN1_ITEM name##_it;\n                                        ^\n/mysocks-0.5.12/OpenSSL_1_1_0/include/openssl/asn1.h:223:9: note: in expansion of macro 'DECLARE_ASN1_ENCODE_FUNCTIONS'\n         DECLARE_ASN1_ENCODE_FUNCTIONS(type, name, name)\n         ^\n/mysocks-0.5.12/OpenSSL_1_1_0/include/openssl/asn1.h:216:39: note: in expansion of macro 'DECLARE_ASN1_FUNCTIONS_name'\n # define DECLARE_ASN1_FUNCTIONS(type) DECLARE_ASN1_FUNCTIONS_name(type, type)\n                                       ^\n/mysocks-0.5.12/OpenSSL_1_1_0/include/openssl/asn1.h:601:1: note: in expansion of macro 'DECLARE_ASN1_FUNCTIONS'\n DECLARE_ASN1_FUNCTIONS(ASN1_VISIBLESTRING)\n ^\n\u001b[0m\u001b[91m/mysocks-0.5.12/OpenSSL_1_1_0/include/openssl/asn1.h:602:24: error: storage class specified for parameter 'ASN1_UNIVERSALSTRING_it'\n DECLARE_ASN1_FUNCTIONS(ASN1_UNIVERSALSTRING)\n                        ^\n/mysocks-0.5.12/OpenSSL_1_1_0/include/openssl/asn1.h:328:40: note: in definition of macro 'DECLARE_ASN1_ITEM'\n         OPENSSL_EXTERN const ASN1_ITEM name##_it;\n                                        ^\n/mysocks-0.5.12/OpenSSL_1_1_0/include/openssl/asn1.h:223:9: note: in expansion of macro 'DECLARE_ASN1_ENCODE_FUNCTIONS'\n         DECLARE_ASN1_ENCODE_FUNCTIONS(type, name, name)\n         ^\n/mysocks-0.5.12/OpenSSL_1_1_0/include/openssl/asn1.h:216:39: note: in expansion of macro 'DECLARE_ASN1_FUNCTIONS_name'\n # define DECLARE_ASN1_FUNCTIONS(type) DECLARE_ASN1_FUNCTIONS_name(type, type)\n                                       ^\n/mysocks-0.5.12/OpenSSL_1_1_0/include/openssl/asn1.h:602:1: note: in expansion of macro 'DECLARE_ASN1_FUNCTIONS'\n DECLARE_ASN1_FUNCTIONS(ASN1_UNIVERSALSTRING)\n ^\n\u001b[0m\u001b[91m/mysocks-0.5.12/OpenSSL_1_1_0/include/openssl/asn1.h:603:24: error: storage class specified for parameter 'ASN1_UTF8STRING_it'\n DECLARE_ASN1_FUNCTIONS(ASN1_UTF8STRING)\n                        ^\n/mysocks-0.5.12/OpenSSL_1_1_0/include/openssl/asn1.h:328:40: note: in definition of macro 'DECLARE_ASN1_ITEM'\n         OPENSSL_EXTERN const ASN1_ITEM name##_it;\n                                        ^\n/mysocks-0.5.12/OpenSSL_1_1_0/include/openssl/asn1.h:223:9: note: in expansion of macro 'DECLARE_ASN1_ENCODE_FUNCTIONS'\n         DECLARE_ASN1_ENCODE_FUNCTIONS(type, name, name)\n         ^\n/mysocks-0.5.12/OpenSSL_1_1_0/include/openssl/asn1.h:216:39: note: in expansion of macro 'DECLARE_ASN1_FUNCTIONS_name'\n # define DECLARE_ASN1_FUNCTIONS(type) DECLARE_ASN1_FUNCTIONS_name(type, type)\n                                       ^\n/mysocks-0.5.12/OpenSSL_1_1_0/include/openssl/asn1.h:603:1: note: in expansion of macro 'DECLARE_ASN1_FUNCTIONS'\n DECLARE_ASN1_FUNCTIONS(ASN1_UTF8STRING)\n ^\n\u001b[0m\u001b[91m/mysocks-0.5.12/OpenSSL_1_1_0/include/openssl/asn1.h:604:24: error: storage class specified for parameter 'ASN1_NULL_it'\n DECLARE_ASN1_FUNCTIONS(ASN1_NULL)\n                        ^\n/mysocks-0.5.12/OpenSSL_1_1_0/include/openssl/asn1.h:328:40: note: in definition of macro 'DECLARE_ASN1_ITEM'\n         OPENSSL_EXTERN const ASN1_ITEM name##_it;\n                                        ^\n/mysocks-0.5.12/OpenSSL_1_1_0/include/openssl/asn1.h:223:9: note: in expansion of macro 'DECLARE_ASN1_ENCODE_FUNCTIONS'\n         DECLARE_ASN1_ENCODE_FUNCTIONS(type, name, name)\n         ^\n/mysocks-0.5.12/OpenSSL_1_1_0/include/openssl/asn1.h:216:39: note: in expansion of macro 'DECLARE_ASN1_FUNCTIONS_name'\n # define DECLARE_ASN1_FUNCTIONS(type) DECLARE_ASN1_FUNCTIONS_name(type, type)\n                                       ^\n/mysocks-0.5.12/OpenSSL_1_1_0/include/openssl/asn1.h:604:1: note: in expansion of macro 'DECLARE_ASN1_FUNCTIONS'\n DECLARE_ASN1_FUNCTIONS(ASN1_NULL)\n ^\n\u001b[0m\u001b[91m/mysocks-0.5.12/OpenSSL_1_1_0/include/openssl/asn1.h:605:24: error: storage class specified for parameter 'ASN1_BMPSTRING_it'\n DECLARE_ASN1_FUNCTIONS(ASN1_BMPSTRING)\n                        ^\n/mysocks-0.5.12/OpenSSL_1_1_0/include/openssl/asn1.h:328:40: note: in definition of macro 'DECLARE_ASN1_ITEM'\n         OPENSSL_EXTERN const ASN1_ITEM name##_it;\n                                        ^\n/mysocks-0.5.12/OpenSSL_1_1_0/include/openssl/asn1.h:223:9: note: in expansion of macro 'DECLARE_ASN1_ENCODE_FUNCTIONS'\n         DECLARE_ASN1_ENCODE_FUNCTIONS(type, name, name)\n         ^\n/mysocks-0.5.12/OpenSSL_1_1_0/include/openssl/asn1.h:216:39: note: in expansion of macro 'DECLARE_ASN1_FUNCTIONS_name'\n # define DECLARE_ASN1_FUNCTIONS(type) DECLARE_ASN1_FUNCTIONS_name(type, type)\n                                       ^\n/mysocks-0.5.12/OpenSSL_1_1_0/include/openssl/asn1.h:605:1: note: in expansion of macro 'DECLARE_ASN1_FUNCTIONS'\n DECLARE_ASN1_FUNCTIONS(ASN1_BMPSTRING)\n ^\n\u001b[0m\u001b[91m/mysocks-0.5.12/OpenSSL_1_1_0/include/openssl/asn1.h:610:42: error: storage class specified for parameter 'ASN1_PRINTABLE_it'\n DECLARE_ASN1_FUNCTIONS_name(ASN1_STRING, ASN1_PRINTABLE)\n                                          ^\n/mysocks-0.5.12/OpenSSL_1_1_0/include/openssl/asn1.h:328:40: note: in definition of macro 'DECLARE_ASN1_ITEM'\n         OPENSSL_EXTERN const ASN1_ITEM name##_it;\n                                        ^\n/mysocks-0.5.12/OpenSSL_1_1_0/include/openssl/asn1.h:223:9: note: in expansion of macro 'DECLARE_ASN1_ENCODE_FUNCTIONS'\n         DECLARE_ASN1_ENCODE_FUNCTIONS(type, name, name)\n         ^\n/mysocks-0.5.12/OpenSSL_1_1_0/include/openssl/asn1.h:610:1: note: in expansion of macro 'DECLARE_ASN1_FUNCTIONS_name'\n DECLARE_ASN1_FUNCTIONS_name(ASN1_STRING, ASN1_PRINTABLE)\n ^\n\u001b[0m\u001b[91m/mysocks-0.5.12/OpenSSL_1_1_0/include/openssl/asn1.h:612:42: error: storage class specified for parameter 'DIRECTORYSTRING_it'\n DECLARE_ASN1_FUNCTIONS_name(ASN1_STRING, DIRECTORYSTRING)\n                                          ^\n/mysocks-0.5.12/OpenSSL_1_1_0/include/openssl/asn1.h:328:40: note: in definition of macro 'DECLARE_ASN1_ITEM'\n         OPENSSL_EXTERN const ASN1_ITEM name##_it;\n                                        ^\n/mysocks-0.5.12/OpenSSL_1_1_0/include/openssl/asn1.h:223:9: note: in expansion of macro 'DECLARE_ASN1_ENCODE_FUNCTIONS'\n         DECLARE_ASN1_ENCODE_FUNCTIONS(type, name, name)\n         ^\n/mysocks-0.5.12/OpenSSL_1_1_0/include/openssl/asn1.h:612:1: note: in expansion of macro 'DECLARE_ASN1_FUNCTIONS_name'\n DECLARE_ASN1_FUNCTIONS_name(ASN1_STRING, DIRECTORYSTRING)\n ^\n\u001b[0m\u001b[91m/mysocks-0.5.12/OpenSSL_1_1_0/include/openssl/asn1.h:613:42: error: storage class specified for parameter 'DISPLAYTEXT_it'\n DECLARE_ASN1_FUNCTIONS_name(ASN1_STRING, DISPLAYTEXT)\n                                          ^\n/mysocks-0.5.12/OpenSSL_1_1_0/include/openssl/asn1.h:328:40: note: in definition of macro 'DECLARE_ASN1_ITEM'\n         OPENSSL_EXTERN const ASN1_ITEM name##_it;\n                                        ^\n/mysocks-0.5.12/OpenSSL_1_1_0/include/openssl/asn1.h:223:9: note: in expansion of macro 'DECLARE_ASN1_ENCODE_FUNCTIONS'\n         DECLARE_ASN1_ENCODE_FUNCTIONS(type, name, name)\n         ^\n/mysocks-0.5.12/OpenSSL_1_1_0/include/openssl/asn1.h:613:1: note: in expansion of macro 'DECLARE_ASN1_FUNCTIONS_name'\n DECLARE_ASN1_FUNCTIONS_name(ASN1_STRING, DISPLAYTEXT)\n ^\n\u001b[0m\u001b[91m/mysocks-0.5.12/OpenSSL_1_1_0/include/openssl/asn1.h:614:24: error: storage class specified for parameter 'ASN1_PRINTABLESTRING_it'\n DECLARE_ASN1_FUNCTIONS(ASN1_PRINTABLESTRING)\n                        ^\n/mysocks-0.5.12/OpenSSL_1_1_0/include/openssl/asn1.h:328:40: note: in definition of macro 'DECLARE_ASN1_ITEM'\n         OPENSSL_EXTERN const ASN1_ITEM name##_it;\n                                        ^\n/mysocks-0.5.12/OpenSSL_1_1_0/include/openssl/asn1.h:223:9: note: in expansion of macro 'DECLARE_ASN1_ENCODE_FUNCTIONS'\n         DECLARE_ASN1_ENCODE_FUNCTIONS(type, name, name)\n         ^\n/mysocks-0.5.12/OpenSSL_1_1_0/include/openssl/asn1.h:216:39: note: in expansion of macro 'DECLARE_ASN1_FUNCTIONS_name'\n # define DECLARE_ASN1_FUNCTIONS(type) DECLARE_ASN1_FUNCTIONS_name(type, type)\n                                       ^\n/mysocks-0.5.12/OpenSSL_1_1_0/include/openssl/asn1.h:614:1: note: in expansion of macro 'DECLARE_ASN1_FUNCTIONS'\n DECLARE_ASN1_FUNCTIONS(ASN1_PRINTABLESTRING)\n ^\n\u001b[0m\u001b[91m/mysocks-0.5.12/OpenSSL_1_1_0/include/openssl/asn1.h:615:24: error: storage class specified for parameter 'ASN1_T61STRING_it'\n DECLARE_ASN1_FUNCTIONS(ASN1_T61STRING)\n                        ^\n/mysocks-0.5.12/OpenSSL_1_1_0/include/openssl/asn1.h:328:40: note: in definition of macro 'DECLARE_ASN1_ITEM'\n         OPENSSL_EXTERN const ASN1_ITEM name##_it;\n                                        ^\n/mysocks-0.5.12/OpenSSL_1_1_0/include/openssl/asn1.h:223:9: note: in expansion of macro 'DECLARE_ASN1_ENCODE_FUNCTIONS'\n         DECLARE_ASN1_ENCODE_FUNCTIONS(type, name, name)\n         ^\n/mysocks-0.5.12/OpenSSL_1_1_0/include/openssl/asn1.h:216:39: note: in expansion of macro 'DECLARE_ASN1_FUNCTIONS_name'\n # define DECLARE_ASN1_FUNCTIONS(type) DECLARE_ASN1_FUNCTIONS_name(type, type)\n                                       ^\n/mysocks-0.5.12/OpenSSL_1_1_0/include/openssl/asn1.h:615:1: note: in expansion of macro 'DECLARE_ASN1_FUNCTIONS'\n DECLARE_ASN1_FUNCTIONS(ASN1_T61STRING)\n ^\n\u001b[0m\u001b[91m/mysocks-0.5.12/OpenSSL_1_1_0/include/openssl/asn1.h:616:24: error: storage class specified for parameter 'ASN1_IA5STRING_it'\n DECLARE_ASN1_FUNCTIONS(ASN1_IA5STRING)\n                        ^\n/mysocks-0.5.12/OpenSSL_1_1_0/include/openssl/asn1.h:328:40: note: in definition of macro 'DECLARE_ASN1_ITEM'\n         OPENSSL_EXTERN const ASN1_ITEM name##_it;\n                                        ^\n/mysocks-0.5.12/OpenSSL_1_1_0/include/openssl/asn1.h:223:9: note: in expansion of macro 'DECLARE_ASN1_ENCODE_FUNCTIONS'\n         DECLARE_ASN1_ENCODE_FUNCTIONS(type, name, name)\n         ^\n/mysocks-0.5.12/OpenSSL_1_1_0/include/openssl/asn1.h:216:39: note: in expansion of macro 'DECLARE_ASN1_FUNCTIONS_name'\n # define DECLARE_ASN1_FUNCTIONS(type) DECLARE_ASN1_FUNCTIONS_name(type, type)\n                                       ^\n/mysocks-0.5.12/OpenSSL_1_1_0/include/openssl/asn1.h:616:1: note: in expansion of macro 'DECLARE_ASN1_FUNCTIONS'\n DECLARE_ASN1_FUNCTIONS(ASN1_IA5STRING)\n ^\n\u001b[0m\u001b[91m/mysocks-0.5.12/OpenSSL_1_1_0/include/openssl/asn1.h:617:24: error: storage class specified for parameter 'ASN1_GENERALSTRING_it'\n DECLARE_ASN1_FUNCTIONS(ASN1_GENERALSTRING)\n                        ^\n/mysocks-0.5.12/OpenSSL_1_1_0/include/openssl/asn1.h:328:40: note: in definition of macro 'DECLARE_ASN1_ITEM'\n         OPENSSL_EXTERN const ASN1_ITEM name##_it;\n                                        ^\n/mysocks-0.5.12/OpenSSL_1_1_0/include/openssl/asn1.h:223:9: note: in expansion of macro 'DECLARE_ASN1_ENCODE_FUNCTIONS'\n         DECLARE_ASN1_ENCODE_FUNCTIONS(type, name, name)\n         ^\n/mysocks-0.5.12/OpenSSL_1_1_0/include/openssl/asn1.h:216:39: note: in expansion of macro 'DECLARE_ASN1_FUNCTIONS_name'\n # define DECLARE_ASN1_FUNCTIONS(type) DECLARE_ASN1_FUNCTIONS_name(type, type)\n                                       ^\n/mysocks-0.5.12/OpenSSL_1_1_0/include/openssl/asn1.h:617:1: note: in expansion of macro 'DECLARE_ASN1_FUNCTIONS'\n DECLARE_ASN1_FUNCTIONS(ASN1_GENERALSTRING)\n ^\n\u001b[0m\u001b[91m/mysocks-0.5.12/OpenSSL_1_1_0/include/openssl/asn1.h:618:24: error: storage class specified for parameter 'ASN1_UTCTIME_it'\n DECLARE_ASN1_FUNCTIONS(ASN1_UTCTIME)\n                        ^\n/mysocks-0.5.12/OpenSSL_1_1_0/include/openssl/asn1.h:328:40: note: in definition of macro 'DECLARE_ASN1_ITEM'\n         OPENSSL_EXTERN const ASN1_ITEM name##_it;\n                                        ^\n/mysocks-0.5.12/OpenSSL_1_1_0/include/openssl/asn1.h:223:9: note: in expansion of macro 'DECLARE_ASN1_ENCODE_FUNCTIONS'\n         DECLARE_ASN1_ENCODE_FUNCTIONS(type, name, name)\n         ^\n/mysocks-0.5.12/OpenSSL_1_1_0/include/openssl/asn1.h:216:39: note: in expansion of macro 'DECLARE_ASN1_FUNCTIONS_name'\n # define DECLARE_ASN1_FUNCTIONS(type) DECLARE_ASN1_FUNCTIONS_name(type, type)\n                                       ^\n/mysocks-0.5.12/OpenSSL_1_1_0/include/openssl/asn1.h:618:1: note: in expansion of macro 'DECLARE_ASN1_FUNCTIONS'\n DECLARE_ASN1_FUNCTIONS(ASN1_UTCTIME)\n ^\n\u001b[0m\u001b[91m/mysocks-0.5.12/OpenSSL_1_1_0/include/openssl/asn1.h:619:24: error: storage class specified for parameter 'ASN1_GENERALIZEDTIME_it'\n DECLARE_ASN1_FUNCTIONS(ASN1_GENERALIZEDTIME)\n                        ^\n/mysocks-0.5.12/OpenSSL_1_1_0/include/openssl/asn1.h:328:40: note: in definition of macro 'DECLARE_ASN1_ITEM'\n         OPENSSL_EXTERN const ASN1_ITEM name##_it;\n                                        ^\n/mysocks-0.5.12/OpenSSL_1_1_0/include/openssl/asn1.h:223:9: note: in expansion of macro 'DECLARE_ASN1_ENCODE_FUNCTIONS'\n         DECLARE_ASN1_ENCODE_FUNCTIONS(type, name, name)\n         ^\n/mysocks-0.5.12/OpenSSL_1_1_0/include/openssl/asn1.h:216:39: note: in expansion of macro 'DECLARE_ASN1_FUNCTIONS_name'\n # define DECLARE_ASN1_FUNCTIONS(type) DECLARE_ASN1_FUNCTIONS_name(type, type)\n                                       ^\n/mysocks-0.5.12/OpenSSL_1_1_0/include/openssl/asn1.h:619:1: note: in expansion of macro 'DECLARE_ASN1_FUNCTIONS'\n DECLARE_ASN1_FUNCTIONS(ASN1_GENERALIZEDTIME)\n ^\n\u001b[0m\u001b[91m/mysocks-0.5.12/OpenSSL_1_1_0/include/openssl/asn1.h:620:24: error: storage class specified for parameter 'ASN1_TIME_it'\n DECLARE_ASN1_FUNCTIONS(ASN1_TIME)\n                        ^\n/mysocks-0.5.12/OpenSSL_1_1_0/include/openssl/asn1.h:328:40: note: in definition of macro 'DECLARE_ASN1_ITEM'\n         OPENSSL_EXTERN const ASN1_ITEM name##_it;\n                                        ^\n/mysocks-0.5.12/OpenSSL_1_1_0/include/openssl/asn1.h:223:9: note: in expansion of macro 'DECLARE_ASN1_ENCODE_FUNCTIONS'\n         DECLARE_ASN1_ENCODE_FUNCTIONS(type, name, name)\n         ^\n/mysocks-0.5.12/OpenSSL_1_1_0/include/openssl/asn1.h:216:39: note: in expansion of macro 'DECLARE_ASN1_FUNCTIONS_name'\n # define DECLARE_ASN1_FUNCTIONS(type) DECLARE_ASN1_FUNCTIONS_name(type, type)\n                                       ^\n/mysocks-0.5.12/OpenSSL_1_1_0/include/openssl/asn1.h:620:1: note: in expansion of macro 'DECLARE_ASN1_FUNCTIONS'\n DECLARE_ASN1_FUNCTIONS(ASN1_TIME)\n ^\n/mysocks-0.5.12/OpenSSL_1_1_0/include/openssl/asn1.h:622:19: error: storage class specified for parameter 'ASN1_OCTET_STRING_NDEF_it'\n DECLARE_ASN1_ITEM(ASN1_OCTET_STRING_NDEF)\n                   ^\n/mysocks-0.5.12/OpenSSL_1_1_0/include/openssl/asn1.h:328:40: note: in definition of macro 'DECLARE_ASN1_ITEM'\n         OPENSSL_EXTERN const ASN1_ITEM name##_it;\n                                        ^\n\u001b[0m\u001b[91m/mysocks-0.5.12/OpenSSL_1_1_0/include/openssl/asn1.h:681:16: error: expected declaration specifiers or '...' before 'i2d_of_void'\n void *ASN1_dup(i2d_of_void *i2d, d2i_of_void *d2i, void *x);\n                ^\n/mysocks-0.5.12/OpenSSL_1_1_0/include/openssl/asn1.h:681:34: error: expected declaration specifiers or '...' before 'd2i_of_void'\n void *ASN1_dup(i2d_of_void *i2d, d2i_of_void *d2i, void *x);\n                                  ^\n\u001b[0m\u001b[91m/mysocks-0.5.12/OpenSSL_1_1_0/include/openssl/asn1.h:702:41: error: expected declaration specifiers or '...' before 'd2i_of_void'\n void *ASN1_d2i_fp(void *(*xnew) (void), d2i_of_void *d2i, FILE *in, void **x);\n                                         ^\n/mysocks-0.5.12/OpenSSL_1_1_0/include/openssl/asn1.h:711:17: error: expected declaration specifiers or '...' before 'i2d_of_void'\n int ASN1_i2d_fp(i2d_of_void *i2d, FILE *out, void *x);\n                 ^\n\u001b[0m\u001b[91m/mysocks-0.5.12/OpenSSL_1_1_0/include/openssl/asn1.h:729:42: error: expected declaration specifiers or '...' before 'd2i_of_void'\n void *ASN1_d2i_bio(void *(*xnew) (void), d2i_of_void *d2i, BIO *in, void **x);\n                                          ^\n/mysocks-0.5.12/OpenSSL_1_1_0/include/openssl/asn1.h:738:18: error: expected declaration specifiers or '...' before 'i2d_of_void'\n int ASN1_i2d_bio(i2d_of_void *i2d, BIO *out, unsigned char *x);\n                  ^\n\u001b[0m\u001b[91m/mysocks-0.5.12/OpenSSL_1_1_0/include/openssl/asn1.h:768:31: error: expected declaration specifiers or '...' before 'ASN1_TYPE'\n int ASN1_TYPE_set_octetstring(ASN1_TYPE *a, unsigned char *data, int len);\n                               ^\n/mysocks-0.5.12/OpenSSL_1_1_0/include/openssl/asn1.h:769:37: warning: type defaults to 'int' in declaration of 'ASN1_TYPE' [-Wimplicit-int]\n int ASN1_TYPE_get_octetstring(const ASN1_TYPE *a, unsigned char *data, int max_len);\n                                     ^\n\u001b[0m\u001b[91m/mysocks-0.5.12/OpenSSL_1_1_0/include/openssl/asn1.h:769:47: error: expected ';', ',' or ')' before '*' token\n int ASN1_TYPE_get_octetstring(const ASN1_TYPE *a, unsigned char *data, int max_len);\n                                               ^\n/mysocks-0.5.12/OpenSSL_1_1_0/include/openssl/asn1.h:770:35: error: expected declaration specifiers or '...' before 'ASN1_TYPE'\n int ASN1_TYPE_set_int_octetstring(ASN1_TYPE *a, long num,\n                                   ^\n/mysocks-0.5.12/OpenSSL_1_1_0/include/openssl/asn1.h:772:41: warning: type defaults to 'int' in declaration of 'ASN1_TYPE' [-Wimplicit-int]\n int ASN1_TYPE_get_int_octetstring(const ASN1_TYPE *a, long *num,\n                                         ^\n\u001b[0m\u001b[91m/mysocks-0.5.12/OpenSSL_1_1_0/include/openssl/asn1.h:772:51: error: expected ';', ',' or ')' before '*' token\n int ASN1_TYPE_get_int_octetstring(const ASN1_TYPE *a, long *num,\n                                                   ^\n\u001b[0m\u001b[91m/mysocks-0.5.12/OpenSSL_1_1_0/include/openssl/asn1.h:792:1: error: expected declaration specifiers before 'ASN1_STRING_TABLE'\n ASN1_STRING_TABLE *ASN1_STRING_TABLE_get(int nid);\n ^\n/mysocks-0.5.12/OpenSSL_1_1_0/include/openssl/asn1.h:799:1: error: expected declaration specifiers before 'ASN1_VALUE'\n ASN1_VALUE *ASN1_item_new(const ASN1_ITEM *it);\n ^\n/mysocks-0.5.12/OpenSSL_1_1_0/include/openssl/asn1.h:800:21: error: expected declaration specifiers or '...' before 'ASN1_VALUE'\n void ASN1_item_free(ASN1_VALUE *val, const ASN1_ITEM *it);\n                     ^\n/mysocks-0.5.12/OpenSSL_1_1_0/include/openssl/asn1.h:801:1: error: expected declaration specifiers before 'ASN1_VALUE'\n ASN1_VALUE *ASN1_item_d2i(ASN1_VALUE **val, const unsigned char **in,\n ^\n/mysocks-0.5.12/OpenSSL_1_1_0/include/openssl/asn1.h:803:19: error: expected declaration specifiers or '...' before 'ASN1_VALUE'\n int ASN1_item_i2d(ASN1_VALUE *val, unsigned char **out, const ASN1_ITEM *it);\n                   ^\n/mysocks-0.5.12/OpenSSL_1_1_0/include/openssl/asn1.h:804:24: error: expected declaration specifiers or '...' before 'ASN1_VALUE'\n int ASN1_item_ndef_i2d(ASN1_VALUE *val, unsigned char **out,\n                        ^\n\u001b[0m\u001b[91m/mysocks-0.5.12/OpenSSL_1_1_0/include/openssl/asn1.h:810:1: error: expected declaration specifiers before 'ASN1_TYPE'\n ASN1_TYPE *ASN1_generate_nconf(const char *str, CONF *nconf);\n ^\n/mysocks-0.5.12/OpenSSL_1_1_0/include/openssl/asn1.h:811:1: error: expected declaration specifiers before 'ASN1_TYPE'\n ASN1_TYPE *ASN1_generate_v3(const char *str, X509V3_CTX *cnf);\n ^\n\u001b[0m\u001b[91m/mysocks-0.5.12/OpenSSL_1_1_0/include/openssl/asn1.h:835:31: error: expected declaration specifiers or '...' before 'ASN1_VALUE'\n int ASN1_item_print(BIO *out, ASN1_VALUE *ifld, int indent,\n                               ^\n\u001b[0m\u001b[91m/mysocks-0.5.12/OpenSSL_1_1_0/include/openssl/asn1.h:853:21: error: expected '=', ',', ';', 'asm' or '__attribute__' before '*' token\n const ASN1_TEMPLATE *ASN1_SCTX_get_template(ASN1_SCTX *p);\n                     ^\n/mysocks-0.5.12/OpenSSL_1_1_0/include/openssl/asn1.h:860:29: error: expected declaration specifiers or '...' before 'ASN1_VALUE'\n BIO *BIO_new_NDEF(BIO *out, ASN1_VALUE *val, const ASN1_ITEM *it);\n                             ^\n\u001b[0m\u001b[91m/mysocks-0.5.12/OpenSSL_1_1_0/include/openssl/asn1.h:862:35: error: expected declaration specifiers or '...' before 'ASN1_VALUE'\n int i2d_ASN1_bio_stream(BIO *out, ASN1_VALUE *val, BIO *in, int flags,\n                                   ^\n/mysocks-0.5.12/OpenSSL_1_1_0/include/openssl/asn1.h:864:41: error: expected declaration specifiers or '...' before 'ASN1_VALUE'\n int PEM_write_bio_ASN1_stream(BIO *out, ASN1_VALUE *val, BIO *in, int flags,\n                                         ^\n\u001b[0m\u001b[91m/mysocks-0.5.12/OpenSSL_1_1_0/include/openssl/asn1.h:866:32: error: expected declaration specifiers or '...' before 'ASN1_VALUE'\n int SMIME_write_ASN1(BIO *bio, ASN1_VALUE *val, BIO *data, int flags,\n                                ^\n\u001b[0m\u001b[91m/mysocks-0.5.12/OpenSSL_1_1_0/include/openssl/asn1.h:869:1: error: expected declaration specifiers before 'ASN1_VALUE'\n ASN1_VALUE *SMIME_read_ASN1(BIO *bio, BIO **bcont, const ASN1_ITEM *it);\n ^\n\u001b[0m\u001b[91mIn file included from /mysocks-0.5.12/OpenSSL_1_1_0/include/openssl/evp.h:27:0,\n                 from /mysocks-0.5.12/src/cipher-openssl.h:10,\n                 from /mysocks-0.5.12/src/client.c:27:\n/mysocks-0.5.12/OpenSSL_1_1_0/include/openssl/objects.h:940:3: error: storage class specified for parameter 'OBJ_NAME'\n } OBJ_NAME;\n   ^\n\u001b[0m\u001b[91m/mysocks-0.5.12/OpenSSL_1_1_0/include/openssl/objects.h:952:50: warning: type defaults to 'int' in declaration of 'OBJ_NAME' [-Wimplicit-int]\n void OBJ_NAME_do_all(int type, void (*fn) (const OBJ_NAME *, void *arg),\n                                                  ^\n/mysocks-0.5.12/OpenSSL_1_1_0/include/openssl/objects.h:952:59: error: expected ';', ',' or ')' before '*' token\n void OBJ_NAME_do_all(int type, void (*fn) (const OBJ_NAME *, void *arg),\n                                                           ^\n/mysocks-0.5.12/OpenSSL_1_1_0/include/openssl/objects.h:953:22: error: expected ';', ',' or ')' before 'void'\n                      void *arg);\n                      ^\n/mysocks-0.5.12/OpenSSL_1_1_0/include/openssl/objects.h:955:47: warning: type defaults to 'int' in declaration of 'OBJ_NAME' [-Wimplicit-int]\n                             void (*fn) (const OBJ_NAME *, void *arg),\n                                               ^\n/mysocks-0.5.12/OpenSSL_1_1_0/include/openssl/objects.h:955:56: error: expected ';', ',' or ')' before '*' token\n                             void (*fn) (const OBJ_NAME *, void *arg),\n                                                        ^\n\u001b[0m\u001b[91m/mysocks-0.5.12/OpenSSL_1_1_0/include/openssl/objects.h:956:29: error: expected ';', ',' or ')' before 'void'\n                             void *arg);\n                             ^\n\u001b[0m\u001b[91mIn file included from /mysocks-0.5.12/src/cipher-openssl.h:10:0,\n                 from /mysocks-0.5.12/src/client.c:27:\n/mysocks-0.5.12/OpenSSL_1_1_0/include/openssl/evp.h:191:69: error: expected declaration specifiers or '...' before 'ASN1_TYPE'\n                                                                     ASN1_TYPE *));\n                                                                     ^\n/mysocks-0.5.12/OpenSSL_1_1_0/include/openssl/evp.h:194:69: error: expected declaration specifiers or '...' before 'ASN1_TYPE'\n                                                                     ASN1_TYPE *));\n                                                                     ^\n\u001b[0m\u001b[91m/mysocks-0.5.12/OpenSSL_1_1_0/include/openssl/evp.h:209:70: error: expected declaration specifiers or '...' before 'ASN1_TYPE'\n                                                                      ASN1_TYPE *);\n                                                                      ^\n/mysocks-0.5.12/OpenSSL_1_1_0/include/openssl/evp.h:211:64: error: expected declaration specifiers or '...' before 'ASN1_TYPE'\n                                                                ASN1_TYPE *);\n                                                                ^\n\u001b[0m\u001b[91m/mysocks-0.5.12/OpenSSL_1_1_0/include/openssl/evp.h:352:3: error: storage class specified for parameter 'EVP_CTRL_TLS1_1_MULTIBLOCK_PARAM'\n } EVP_CTRL_TLS1_1_MULTIBLOCK_PARAM;\n   ^\n/mysocks-0.5.12/OpenSSL_1_1_0/include/openssl/evp.h:371:3: error: storage class specified for parameter 'EVP_CIPHER_INFO'\n } EVP_CIPHER_INFO;\n   ^\n/mysocks-0.5.12/OpenSSL_1_1_0/include/openssl/evp.h:376:44: error: expected declaration specifiers or '...' before 'ASN1_TYPE'\n                               int passlen, ASN1_TYPE *param,\n                                            ^\n\u001b[0m\u001b[91m/mysocks-0.5.12/OpenSSL_1_1_0/include/openssl/evp.h:908:1: warning: empty declaration\n struct rsa_st;\n ^\n/mysocks-0.5.12/OpenSSL_1_1_0/include/openssl/evp.h:914:1: warning: empty declaration\n struct dsa_st;\n ^\n/mysocks-0.5.12/OpenSSL_1_1_0/include/openssl/evp.h:920:1: warning: empty declaration\n struct dh_st;\n ^\n\u001b[0m\u001b[91m/mysocks-0.5.12/OpenSSL_1_1_0/include/openssl/evp.h:926:1: warning: empty declaration\n struct ec_key_st;\n ^\n\u001b[0m\u001b[91m/mysocks-0.5.12/OpenSSL_1_1_0/include/openssl/evp.h:969:49: error: expected declaration specifiers or '...' before 'ASN1_TYPE'\n int EVP_CIPHER_param_to_asn1(EVP_CIPHER_CTX *c, ASN1_TYPE *type);\n                                                 ^\n/mysocks-0.5.12/OpenSSL_1_1_0/include/openssl/evp.h:970:49: error: expected declaration specifiers or '...' before 'ASN1_TYPE'\n int EVP_CIPHER_asn1_to_param(EVP_CIPHER_CTX *c, ASN1_TYPE *type);\n                                                 ^\n/mysocks-0.5.12/OpenSSL_1_1_0/include/openssl/evp.h:973:47: error: expected declaration specifiers or '...' before 'ASN1_TYPE'\n int EVP_CIPHER_set_asn1_iv(EVP_CIPHER_CTX *c, ASN1_TYPE *type);\n                                               ^\n/mysocks-0.5.12/OpenSSL_1_1_0/include/openssl/evp.h:974:47: error: expected declaration specifiers or '...' before 'ASN1_TYPE'\n int EVP_CIPHER_get_asn1_iv(EVP_CIPHER_CTX *c, ASN1_TYPE *type);\n                                               ^\n/mysocks-0.5.12/OpenSSL_1_1_0/include/openssl/evp.h:978:24: error: expected declaration specifiers or '...' before 'ASN1_TYPE'\n                        ASN1_TYPE *param, const EVP_CIPHER *cipher,\n                        ^\n\u001b[0m\u001b[91m/mysocks-0.5.12/OpenSSL_1_1_0/include/openssl/evp.h:987:27: error: expected declaration specifiers or '...' before 'ASN1_TYPE'\n                           ASN1_TYPE *param, const EVP_CIPHER *cipher,\n                           ^\n\u001b[0m\u001b[91m/mysocks-0.5.12/OpenSSL_1_1_0/include/openssl/evp.h:997:43: error: expected declaration specifiers or '...' before 'ASN1_TYPE'\n                              int passlen, ASN1_TYPE *param,\n                                           ^\n/mysocks-0.5.12/OpenSSL_1_1_0/include/openssl/evp.h:1004:24: error: expected declaration specifiers or '...' before 'ASN1_TYPE'\n                        ASN1_TYPE *param, EVP_CIPHER_CTX *ctx, int en_de);\n                        ^\n/mysocks-0.5.12/OpenSSL_1_1_0/include/openssl/evp.h:1016:38: error: unknown type name 'EVP_PBE_KEYGEN'\n                          int md_nid, EVP_PBE_KEYGEN *keygen);\n                                      ^\n\u001b[0m\u001b[91m/mysocks-0.5.12/OpenSSL_1_1_0/include/openssl/evp.h:1018:21: error: unknown type name 'EVP_PBE_KEYGEN'\n                     EVP_PBE_KEYGEN *keygen);\n                     ^\n/mysocks-0.5.12/OpenSSL_1_1_0/include/openssl/evp.h:1020:18: error: unknown type name 'EVP_PBE_KEYGEN'\n                  EVP_PBE_KEYGEN **pkeygen);\n                  ^\n\u001b[0m\u001b[91m/mysocks-0.5.12/OpenSSL_1_1_0/include/openssl/evp.h:1247:13: error: storage class specified for parameter 'EVP_PKEY_gen_cb'\n typedef int EVP_PKEY_gen_cb(EVP_PKEY_CTX *ctx);\n             ^\n/mysocks-0.5.12/OpenSSL_1_1_0/include/openssl/evp.h:1254:45: error: expected declaration specifiers or '...' before 'EVP_PKEY_gen_cb'\n void EVP_PKEY_CTX_set_cb(EVP_PKEY_CTX *ctx, EVP_PKEY_gen_cb *cb);\n                                             ^\n/mysocks-0.5.12/OpenSSL_1_1_0/include/openssl/evp.h:1255:1: error: expected declaration specifiers before 'EVP_PKEY_gen_cb'\n EVP_PKEY_gen_cb *EVP_PKEY_CTX_get_cb(EVP_PKEY_CTX *ctx);\n ^\n\u001b[0m\u001b[91mIn file included from /mysocks-0.5.12/src/client.c:27:0:\n/mysocks-0.5.12/src/cipher-openssl.h:32:3: error: storage class specified for parameter 'cipher_t'\n } cipher_t;\n   ^\n\u001b[0m\u001b[91m/mysocks-0.5.12/src/client.c:66:22: error: storage class specified for parameter 'config'\n extern server_config config;\n                      ^\n/mysocks-0.5.12/src/client.c:67:17: error: expected '=', ',', ';', 'asm' or '__attribute__' before 'cipher'\n extern cipher_t cipher;\n                 ^\n/mysocks-0.5.12/src/client.c:69:1: warning: empty declaration\n enum conn_state\n ^\n\u001b[0m\u001b[91m/mysocks-0.5.12/src/client.c:78:1: warning: empty declaration\n enum sess_state\n ^\n/mysocks-0.5.12/src/client.c:99:1: error: expected '=', ',', ';', 'asm' or '__attribute__' before '{' token\n {\n ^\n\u001b[0m\u001b[91m/mysocks-0.5.12/src/client.c:148:1: error: expected '=', ',', ';', 'asm' or '__attribute__' before '{' token\n {\n ^\n\u001b[0m\u001b[91m/mysocks-0.5.12/src/client.c:227:1: error: expected '=', ',', ';', 'asm' or '__attribute__' before '{' token\n {\n ^\n\u001b[0m\u001b[91m/mysocks-0.5.12/src/client.c:293:1: error: expected '=', ',', ';', 'asm' or '__attribute__' before '{' token\n {\n ^\n/mysocks-0.5.12/src/client.c:299:1: error: expected '=', ',', ';', 'asm' or '__attribute__' before '{' token\n {\n ^\n\u001b[0m\u001b[91m/mysocks-0.5.12/src/client.c:318:1: error: expected '=', ',', ';', 'asm' or '__attribute__' before '{' token\n {\n ^\n\u001b[0m\u001b[91m/mysocks-0.5.12/src/client.c:431:1: error: expected '=', ',', ';', 'asm' or '__attribute__' before '{' token\n {\n ^\n/mysocks-0.5.12/src/client.c:476:1: error: expected '=', ',', ';', 'asm' or '__attribute__' before '{' token\n {\n ^\n\u001b[0m\u001b[91m/mysocks-0.5.12/src/client.c:509:1: error: expected '=', ',', ';', 'asm' or '__attribute__' before '{' token\n {\n ^\n\u001b[0m\u001b[91m/mysocks-0.5.12/src/client.c:575:1: error: expected '=', ',', ';', 'asm' or '__attribute__' before '{' token\n {\n ^\n/mysocks-0.5.12/src/client.c:600:1: error: expected '=', ',', ';', 'asm' or '__attribute__' before '{' token\n {\n ^\n\u001b[0m\u001b[91m/mysocks-0.5.12/src/client.c:616:1: error: expected '=', ',', ';', 'asm' or '__attribute__' before '{' token\n {\n ^\n/mysocks-0.5.12/src/client.c:640:1: error: expected '=', ',', ';', 'asm' or '__attribute__' before '{' token\n {\n ^\n/mysocks-0.5.12/src/client.c:646:1: error: expected '=', ',', ';', 'asm' or '__attribute__' before '{' token\n {\n ^\n\u001b[0m\u001b[91m/mysocks-0.5.12/src/client.c:698:1: error: expected '=', ',', ';', 'asm' or '__attribute__' before '{' token\n {\n ^\n/mysocks-0.5.12/src/client.c:708:1: error: expected '=', ',', ';', 'asm' or '__attribute__' before '{' token\n {\n ^\n\u001b[0m\u001b[91m/mysocks-0.5.12/src/client.c:718:1: error: expected '=', ',', ';', 'asm' or '__attribute__' before '{' token\n {\n ^\n\u001b[0m\u001b[91m/mysocks-0.5.12/src/client.c:737:1: error: expected '=', ',', ';', 'asm' or '__attribute__' before '{' token\n {\n ^\n\u001b[0m\u001b[91m/mysocks-0.5.12/src/client.c:766:1: error: expected '=', ',', ';', 'asm' or '__attribute__' before '{' token\n {\n ^\n/mysocks-0.5.12/src/client.c:777:1: error: expected '=', ',', ';', 'asm' or '__attribute__' before '{' token\n {\n ^\n\u001b[0m\u001b[91m/mysocks-0.5.12/src/client.c:791:1: error: expected '=', ',', ';', 'asm' or '__attribute__' before '{' token\n {\n ^\n/mysocks-0.5.12/src/client.c:802:1: error: expected '=', ',', ';', 'asm' or '__attribute__' before '{' token\n {\n ^\n\u001b[0m\u001b[91m/mysocks-0.5.12/src/client.c:842:1: error: expected '=', ',', ';', 'asm' or '__attribute__' before '{' token\n {\n ^\n/mysocks-0.5.12/src/client.c:857:1: error: expected '=', ',', ';', 'asm' or '__attribute__' before '{' token\n {\n ^\n\u001b[0m\u001b[91m/mysocks-0.5.12/src/client.c:885:1: error: expected '=', ',', ';', 'asm' or '__attribute__' before '{' token\n {\n ^\n/mysocks-0.5.12/src/client.c:902:1: error: expected '=', ',', ';', 'asm' or '__attribute__' before '{' token\n {\n ^\n/mysocks-0.5.12/src/client.c:914:1: error: expected '=', ',', ';', 'asm' or '__attribute__' before '{' token\n {\n ^\n\u001b[0m\u001b[91mIn file included from /mysocks-0.5.12/OpenSSL_1_1_0/include/openssl/evp.h:16:0,\n                 from /mysocks-0.5.12/src/cipher-openssl.h:10,\n                 from /mysocks-0.5.12/src/client.c:27:\n/mysocks-0.5.12/OpenSSL_1_1_0/include/openssl/bio.h:670:1: error: old-style parameter declarations in prototyped function definition\n DEPRECATEDIN_1_1_0(struct hostent *BIO_gethostbyname(const char *name))\n ^\n\u001b[0m\u001b[91m/mysocks-0.5.12/src/client.c:919:1: error: expected '{' at end of input\n }\n ^\n\u001b[0mCMakeFiles/ssclient-openssl.dir/build.make:62: recipe for target 'CMakeFiles/ssclient-openssl.dir/src/client.c.o' failed\n\u001b[91mmake[2]: *** [CMakeFiles/ssclient-openssl.dir/src/client.c.o] Error 1\n\u001b[0mCMakeFiles/Makefile2:104: recipe for target 'CMakeFiles/ssclient-openssl.dir/all' failed\n\u001b[91mmake[1]: *** [CMakeFiles/ssclient-openssl.dir/all] Error 2\n\u001b[0mMakefile:138: recipe for target 'all' failed\n\u001b[91mmake: *** [all] Error 2\n\u001b[0mRemoving intermediate container 2258a9b690c4\n","stderr":"The command '/bin/sh -c set -ex &&     apk add --no-cache --virtual .build-deps                                 autoconf                                 automake                                 build-base                                 cmake                                 curl                                 file                                 libtool                                 linux-headers                                 openssl-dev                                 tar                                 &&     curl -sSL $LIBUV_URL | tar xz && cd libuv-1.18.0 && ./autogen.sh && ./configure --prefix=/usr --disable-static && make && make install && cd .. &&     curl -sSL $WOLFSSL_URL | tar xz && cd wolfssl-3.11.0-stable &&  ./autogen.sh && ./configure --prefix=/usr --disable-static --enable-ipv6 --enable-aesgcm --enable-aesccm --enable-aesni --enable-aesctr --disable-coding --enable-hkdf --enable-poly1305 --enable-camellia --disable-des3 --enable-hc128 --enable-rabbit --enable-chacha --disable-examples --disable-iopool --disable-oldtls --disable-asn --disable-rsa --enable-fastmath --enable-sha  --disable-dh --enable-arc4 --disable-hashdrbg --disable-ecc --disable-sha512 --enable-cryptonly --disable-extended-master --disable-sha224 && make && make install && cd .. &&     curl -sSL $MYSOCKS_URL | tar xz && cd mysocks-0.5.12 && mkdir -p build/release && cd build/release &&     cmake -DCMAKE_BUILD_TYPE=Release ../.. &&     make && make install &&     runDeps=\"$(         scanelf --needed --nobanner /usr/local/bin/ssclient             | awk '{ gsub(/,/, \"\\nso:\", $2); print \"so:\" $2 }'             | xargs -r apk info --installed             | sort -u     )\" &&     cd ../../.. &&     apk add --no-cache --virtual .run-deps $runDeps &&     apk del .build-deps &&     rm -fr libuv-1.18.0 && rm -fr wolfssl-3.11.0-stable && rm -fr mysocks-0.5.12' returned a non-zero code: 2\n"}}