{"repository":"https://github.com/alaricode/top-app-demo","dockerfilePath":"Dockerfile","startTime":1672691053293,"clone":{"stdout":"","stderr":"Cloning into '/tmp/dinghy-analysis/alaricode/top-app-demo'...\n","error":null,"commit":"31cde4d1100fa2ec2494258cd93fa979cfa4d0e4"},"originalBuild":{"startTimestamp":1672691054193,"endTimestamp":1672691123981,"error":{"code":1,"killed":false,"signal":null,"cmd":"docker build --no-cache --force-rm -t top-app-demo:latest -f /tmp/dinghy-analysis/alaricode/top-app-demo/Dockerfile ."},"stdout":"Sending build context to Docker daemon  1.278MB\r\r\nStep 1/10 : FROM node:14-alpine\n14-alpine: Pulling from library/node\nc158987b0551: Already exists\n859c8d0e9faf: Pulling fs layer\n69c317f5cbe1: Pulling fs layer\nd0c4a6a4173f: Pulling fs layer\nd0c4a6a4173f: Download complete\n69c317f5cbe1: Verifying Checksum\n69c317f5cbe1: Download complete\n859c8d0e9faf: Verifying Checksum\n859c8d0e9faf: Download complete\n859c8d0e9faf: Pull complete\n69c317f5cbe1: Pull complete\nd0c4a6a4173f: Pull complete\nDigest: sha256:80e825b1f5ab859498a2f0f98f8197131a562906e5f8c95977057502e68ca05a\nStatus: Downloaded newer image for node:14-alpine\n ---> fb7170aa2b9b\nStep 2/10 : WORKDIR /opt/app\n ---> Running in 68c15b8cce83\nRemoving intermediate container 68c15b8cce83\n ---> be11b6748c95\nStep 3/10 : ADD package.json package.json\n ---> 74282d51e2ec\nStep 4/10 : RUN npm install\n ---> Running in 4c0a0725787f\n\u001b[91mnpm WARN deprecated @types/classnames@2.3.1: This is a stub types definition. classnames provides its own type definitions, so you do not need this installed.\n\u001b[0m\u001b[91mnpm WARN deprecated stable@0.1.8: Modern JS already guarantees Array#sort() is a stable sort, so this library is deprecated. See the compatibility table on MDN: https://developer.mozilla.org/en-US/docs/Web/JavaScript/Reference/Global_Objects/Array/sort#browser_compatibility\n\u001b[0m\u001b[91mnpm WARN lifecycle top-app@0.1.0~prepare: cannot run in wd top-app@0.1.0 husky install (wd=/opt/app)\n\u001b[0m\u001b[91mnpm notice created a lockfile as package-lock.json. You should commit this file.\n\u001b[0m\u001b[91mnpm WARN optional SKIPPING OPTIONAL DEPENDENCY: @next/swc-android-arm64@12.0.1 (node_modules/next/node_modules/@next/swc-android-arm64):\n\u001b[0m\u001b[91mnpm WARN notsup SKIPPING OPTIONAL DEPENDENCY: Unsupported platform for @next/swc-android-arm64@12.0.1: wanted {\"os\":\"android\",\"arch\":\"arm64\"} (current: {\"os\":\"linux\",\"arch\":\"x64\"})\n\u001b[0m\u001b[91mnpm WARN optional SKIPPING OPTIONAL DEPENDENCY: @next/swc-darwin-arm64@12.0.1 (node_modules/next/node_modules/@next/swc-darwin-arm64):\nnpm WARN notsup\u001b[0m\u001b[91m SKIPPING OPTIONAL DEPENDENCY: Unsupported platform for @next/swc-darwin-arm64@12.0.1: wanted {\"os\":\"darwin\",\"arch\":\"arm64\"} (current: {\"os\":\"linux\",\"arch\":\"x64\"})\n\u001b[0m\u001b[91mnpm WARN optional SKIPPING OPTIONAL DEPENDENCY: @next/swc-darwin-x64@12.0.1 (node_modules/next/node_modules/@next/swc-darwin-x64):\nnpm WARN notsup\u001b[0m\u001b[91m SKIPPING OPTIONAL DEPENDENCY: Unsupported platform for @next/swc-darwin-x64@12.0.1: wanted {\"os\":\"darwin\",\"arch\":\"x64\"} (current: {\"os\":\"linux\",\"arch\":\"x64\"})\n\u001b[0m\u001b[91mnpm WARN optional SKIPPING OPTIONAL DEPENDENCY: @next/swc-linux-arm64-gnu@12.0.1 (node_modules/next/node_modules/@next/swc-linux-arm64-gnu):\nnpm WARN\u001b[0m\u001b[91m notsup SKIPPING OPTIONAL DEPENDENCY: Unsupported platform for @next/swc-linux-arm64-gnu@12.0.1: wanted {\"os\":\"linux\",\"arch\":\"arm64\"} (current: {\"os\":\"linux\",\"arch\":\"x64\"})\n\u001b[0m\u001b[91mnpm WARN optional SKIPPING OPTIONAL DEPENDENCY: @next/swc-linux-arm-gnueabihf@12.0.1 (node_modules/next/node_modules/@next/swc-linux-arm-gnueabihf):\nnpm WARN \u001b[0m\u001b[91mnotsup SKIPPING OPTIONAL DEPENDENCY: Unsupported platform for @next/swc-linux-arm-gnueabihf@12.0.1: wanted {\"os\":\"linux\",\"arch\":\"arm\"} (current: {\"os\":\"linux\",\"arch\":\"x64\"})\n\u001b[0m\u001b[91mnpm WARN optional SKIPPING OPTIONAL DEPENDENCY: @next/swc-linux-arm64-musl@12.0.1 (node_modules/next/node_modules/@next/swc-linux-arm64-musl):\nnpm WARN notsup\u001b[0m\u001b[91m SKIPPING OPTIONAL DEPENDENCY: Unsupported platform for @next/swc-linux-arm64-musl@12.0.1: wanted {\"os\":\"linux\",\"arch\":\"arm64\"} (current: {\"os\":\"linux\",\"arch\":\"x64\"})\n\u001b[0m\u001b[91mnpm WARN optional SKIPPING OPTIONAL DEPENDENCY: @next/swc-win32-arm64-msvc@12.0.1 (node_modules/next/node_modules/@next/swc-win32-arm64-msvc):\nnpm WARN notsup SKIPPING OPTIONAL DEPENDENCY: Unsupported platform for @next/swc-win32-arm64-msvc@12.0.1: wanted {\"os\":\"win32\",\"arch\":\"arm64\"} (current: {\"os\":\"linux\",\"arch\":\"x64\"})\n\u001b[0m\u001b[91mnpm WARN optional SKIPPING OPTIONAL DEPENDENCY: @next/swc-win32-ia32-msvc@12.0.1 (node_modules/next/node_modules/@next/swc-win32-ia32-msvc):\nnpm WARN notsup SKIPPING OPTIONAL DEPENDENCY: Unsupported platform for @next/swc-win32-ia32-msvc@12.0.1: wanted {\"os\":\"win32\",\"arch\":\"ia32\"} (current: {\"os\":\"linux\",\"arch\":\"x64\"})\n\u001b[0m\u001b[91mnpm WARN optional SKIPPING OPTIONAL DEPENDENCY: @next/swc-win32-x64-msvc@12.0.1 (node_modules/next/node_modules/@next/swc-win32-x64-msvc):\nnpm WARN notsup SKIPPING OPTIONAL DEPENDENCY: Unsupported platform for @next/swc-win32-x64-msvc@12.0.1: wanted {\"os\":\"win32\",\"arch\":\"x64\"} (current: {\"os\":\"linux\",\"arch\":\"x64\"})\n\u001b[0m\u001b[91mnpm WARN optional SKIPPING OPTIONAL DEPENDENCY: fsevents@~2.3.1 (node_modules/chokidar/node_modules/fsevents):\nnpm WARN notsup SKIPPING OPTIONAL DEPENDENCY: Unsupported platform for fsevents@2.3.2: wanted {\"os\":\"darwin\",\"arch\":\"any\"} (current: {\"os\":\"linux\",\"arch\":\"x64\"})\n\u001b[0m\u001b[91mnpm WARN react-yandex-metrika@2.6.0 requires a peer of prop-types@* but none is installed. You must install peer dependencies yourself.\n\u001b[0m\u001b[91mnpm WARN react-server-dom-webpack@0.0.0-experimental-3c4c1c470-20211021 requires a peer of react@0.0.0-experimental-3c4c1c470-20211021 but none is installed. You must install peer dependencies yourself.\n\u001b[0m\u001b[91mnpm WARN react-server-dom-webpack@0.0.0-experimental-3c4c1c470-20211021 requires a peer of react-dom@0.0.0-experimental-3c4c1c470-20211021 but none is installed. You must install peer dependencies yourself.\n\u001b[0m\u001b[91mnpm WARN react-server-dom-webpack@0.0.0-experimental-3c4c1c470-20211021 requires a peer of webpack@^4.43.0 but none is installed. You must install peer dependencies yourself.\n\u001b[0m\u001b[91mnpm WARN stylelint-order-config-standard@0.1.3 requires a peer of stylelint-order@^3.0.0 || ^4.0.0 but none is installed. You must install peer dependencies yourself.\n\u001b[0m\u001b[91mnpm WARN update-browserslist-db@1.0.10 requires a peer of browserslist@>= 4.21.0 but none is installed. You must install peer dependencies yourself.\n\u001b[0m\u001b[91mnpm WARN postcss-safe-parser@6.0.0 requires a peer of postcss@^8.3.3 but none is installed. You must install peer dependencies yourself.\n\u001b[0m\u001b[91mnpm WARN postcss-sorting@7.0.1 requires a peer of postcss@^8.3.9 but none is installed. You must install peer dependencies yourself.\n\u001b[0m\u001b[91m\n\u001b[0madded 700 packages from 413 contributors and audited 710 packages in 36.362s\n\n106 packages are looking for funding\n  run `npm fund` for details\n\nfound 9 vulnerabilities (2 moderate, 5 high, 2 critical)\n  run `npm audit fix` to fix them, or `npm audit` for details\nRemoving intermediate container 4c0a0725787f\n ---> 7dd3f5f3eb53\nStep 5/10 : ADD . .\n ---> 956976652f5e\nStep 6/10 : ENV NODE_ENV production\n ---> Running in 017050d97f6f\nRemoving intermediate container 017050d97f6f\n ---> 47181a195a17\nStep 7/10 : RUN npm run build\n ---> Running in 40e102f2fc1d\n\n> top-app@0.1.0 build /opt/app\n> next build\n\ninfo  - Loaded env from /opt/app/.env\nAttention: Next.js now collects completely anonymous telemetry regarding usage.\nThis information is used to shape Next.js' roadmap and prioritize features.\nYou can learn more, including how to opt-out if you'd not like to participate in this anonymous program, by visiting the following URL:\nhttps://nextjs.org/telemetry\n\ninfo  - Checking validity of types...\n\u001b[91mIt looks like you're trying to use TypeScript but do not have the required package(s) installed.\n\nPlease install @types/react by running:\n\n\tnpm install --save-dev @types/react\n\nIf you are not trying to use TypeScript, please remove the tsconfig.json file from your package root (and any TypeScript files in your pages directory).\n\n\u001b[0m\u001b[91mnpm \u001b[0m\u001b[91mERR! \u001b[0m\u001b[91mcode\u001b[0m\u001b[91m ELIFECYCLE\n\u001b[0m\u001b[91mnpm\u001b[0m\u001b[91m \u001b[0m\u001b[91mERR! \u001b[0m\u001b[91merrno\u001b[0m\u001b[91m 1\n\u001b[0m\u001b[91mnpm ERR! top-app@0.1.0 build: `next build`\nnpm\u001b[0m\u001b[91m \u001b[0m\u001b[91mERR!\u001b[0m\u001b[91m Exit status 1\nnpm\u001b[0m\u001b[91m ERR!\u001b[0m\u001b[91m \nnpm ERR!\u001b[0m\u001b[91m Failed at the top-app@0.1.0 build script.\nnpm \u001b[0m\u001b[91mERR!\u001b[0m\u001b[91m This is probably not a problem with npm. There is likely additional logging output above.\n\u001b[0m\u001b[91m\nnpm ERR! A complete log of this run can be found in:\nnpm ERR!     /root/.npm/_logs/2023-01-02T20_25_23_554Z-debug.log\n\u001b[0mRemoving intermediate container 40e102f2fc1d\n","stderr":"The command '/bin/sh -c npm run build' returned a non-zero code: 1\n"},"endTime":1672691124058}