{"repository":"https://github.com/alaricode/top-api-demo","dockerfilePath":"Dockerfile","startTime":1672382691798,"clone":{"stdout":"","stderr":"Cloning into '/tmp/dinghy-analysis/alaricode/top-api-demo'...\n","error":null,"commit":"87868cb329685aec2501b7399dd9744783e94a44"},"originalBuild":{"startTimestamp":1672382692757,"endTimestamp":1672382761111,"error":{"code":1,"killed":false,"signal":null,"cmd":"docker build --no-cache --force-rm -t top-api-demo:latest -f /tmp/dinghy-analysis/alaricode/top-api-demo/Dockerfile ."},"stdout":"Sending build context to Docker daemon  1.213MB\r\r\nStep 1/8 : FROM node:14-alpine\n14-alpine: Pulling from library/node\nc158987b0551: Already exists\n859c8d0e9faf: Pulling fs layer\n69c317f5cbe1: Pulling fs layer\nd0c4a6a4173f: Pulling fs layer\nd0c4a6a4173f: Verifying Checksum\nd0c4a6a4173f: Download complete\n69c317f5cbe1: Verifying Checksum\n69c317f5cbe1: Download complete\n859c8d0e9faf: Verifying Checksum\n859c8d0e9faf: Download complete\n859c8d0e9faf: Pull complete\n69c317f5cbe1: Pull complete\nd0c4a6a4173f: Pull complete\nDigest: sha256:80e825b1f5ab859498a2f0f98f8197131a562906e5f8c95977057502e68ca05a\nStatus: Downloaded newer image for node:14-alpine\n ---> fb7170aa2b9b\nStep 2/8 : WORKDIR /opt/app\n ---> Running in bd89711ff6d2\nRemoving intermediate container bd89711ff6d2\n ---> b7f1b3bd3e81\nStep 3/8 : ADD package.json package.json\n ---> e888c0d3e5f4\nStep 4/8 : RUN npm install\n ---> Running in e4b1e00e1ec1\n\u001b[91mnpm WARN deprecated tslint@6.1.3: TSLint has been deprecated in favor of ESLint. Please see https://github.com/palantir/tslint/issues/4534 for more information.\n\u001b[0m\u001b[91mnpm WARN deprecated sourcemap-codec@1.4.8: Please use @jridgewell/sourcemap-codec instead\n\u001b[0m\u001b[91mnpm WARN deprecated sane@4.1.0: some dependency vulnerabilities fixed, support for node < 10 dropped, and newer ECMAScript syntax/features added\n\u001b[0m\u001b[91mnpm WARN deprecated w3c-hr-time@1.0.2: Use your platform's native performance.now() and performance.timeOrigin.\n\u001b[0m\u001b[91mnpm WARN deprecated source-map-resolve@0.5.3: See https://github.com/lydell/source-map-resolve#deprecated\n\u001b[0m\u001b[91mnpm WARN deprecated resolve-url@0.2.1: https://github.com/lydell/resolve-url#deprecated\n\u001b[0m\u001b[91mnpm WARN deprecated urix@0.1.0: Please see https://github.com/lydell/urix#deprecated\n\u001b[0m\u001b[91mnpm WARN deprecated source-map-url@0.4.1: See https://github.com/lydell/source-map-url#deprecated\n\u001b[0m\n> sharp@0.27.2 install /opt/app/node_modules/sharp\n> (node install/libvips && node install/dll-copy && prebuild-install) || (node-gyp rebuild && node install/dll-copy)\n\n\u001b[91mERR!\u001b[0m\u001b[91m sharp Use with musl 1.2.3 requires manual installation of libvips >= 8.10.5\n\u001b[0m\u001b[91minfo sharp Attempting to build from source via node-gyp but this may fail due to the above error\n\u001b[0m\u001b[91minfo sharp Please see https://sharp.pixelplumbing.com/install for required dependencies\n\u001b[0m\u001b[91mgyp ERR! find Python \ngyp ERR! find Python Python is not set from command line or npm configuration\ngyp ERR! find Python Python is not set from environment variable PYTHON\ngyp ERR! find Python checking if \"python\" can be used\ngyp ERR! find Python - \"python\" is not in PATH or produced an error\ngyp ERR! find Python checking if \"python2\" can be used\ngyp ERR! find Python - \"python2\" is not in PATH or produced an error\ngyp ERR! find Python checking if \"python3\" can be used\ngyp ERR! \u001b[0m\u001b[91mfind Python - \"python3\" is not in PATH or produced an error\ngyp ERR! find Python \ngyp ERR! find Python **********************************************************\ngyp ERR!\u001b[0m\u001b[91m find Python You need to install the latest version of Python.\ngyp ERR! find Python Node-gyp should be able to find and use Python. If not,\n\u001b[0m\u001b[91mgyp ERR! \u001b[0m\u001b[91mfind Python you can try one of the following options:\ngyp \u001b[0m\u001b[91mERR! find Python - Use the switch --python=\"/path/to/pythonexecutable\"\ngyp\u001b[0m\u001b[91m ERR!\u001b[0m\u001b[91m find Python\u001b[0m\u001b[91m   (accepted by both node-gyp and npm)\ngyp\u001b[0m\u001b[91m ERR!\u001b[0m\u001b[91m find Python - Set the environment variable PYTHON\ngyp \u001b[0m\u001b[91mERR! \u001b[0m\u001b[91mfind Python - Set the npm configuration variable python:\ngyp \u001b[0m\u001b[91mERR! find Python   npm config set python \"/path/to/pythonexecutable\"\ngyp ERR! find Python For more information consult the documentation at:\ngyp ERR! find Python https://github.com/nodejs/node-gyp#installation\ngyp\u001b[0m\u001b[91m ERR! find Python **********************************************************\n\u001b[0m\u001b[91mgyp\u001b[0m\u001b[91m ERR!\u001b[0m\u001b[91m find Python\u001b[0m\u001b[91m \n\u001b[0m\u001b[91mgyp ERR! configure error\u001b[0m\u001b[91m \n\u001b[0m\u001b[91mgyp ERR! stack Error: Could not find any Python installation to use\ngyp ERR! stack     at PythonFinder.fail (/usr/local/lib/node_modules/npm/node_modules/node-gyp/lib/find-python.js:307:47)\ngyp\u001b[0m\u001b[91m ERR! stack\u001b[0m\u001b[91m     at PythonFinder.runChecks (/usr/local/lib/node_modules/npm/node_modules/node-gyp/lib/find-python.js:136:21)\ngyp ERR! stack\u001b[0m\u001b[91m     at PythonFinder.<anonymous> (/usr/local/lib/node_modules/npm/node_modules/node-gyp/lib/find-python.js:179:16)\ngyp ERR!\u001b[0m\u001b[91m stack     at PythonFinder.execFileCallback (/usr/local/lib/node_modules/npm/node_modules/node-gyp/lib/find-python.js:271:16)\ngyp ERR!\u001b[0m\u001b[91m stack     at exithandler (child_process.js:390:5)\ngyp ERR! stack     at ChildProcess.errorhandler (child_process.js:402:5)\ngyp ERR! stack\u001b[0m\u001b[91m     at ChildProcess.emit (events.js:400:28)\ngyp ERR! stack\u001b[0m\u001b[91m     at Process.ChildProcess._handle.onexit (internal/child_process.js:283:12)\ngyp\u001b[0m\u001b[91m ERR! stack     at onErrorNT (internal/child_process.js:472:16)\ngyp ERR! stack     at processTicksAndRejections (internal/process/task_queues.js:82:21)\n\u001b[0m\u001b[91mgyp ERR! System Linux 5.4.0-113-generic\n\u001b[0m\u001b[91mgyp ERR! command \"/usr/local/bin/node\" \"/usr/local/lib/node_modules/npm/node_modules/node-gyp/bin/node-gyp.js\" \"rebuild\"\ngyp ERR!\u001b[0m\u001b[91m cwd /opt/app/node_modules/sharp\ngyp ERR! node -v v14.21.2\n\u001b[0m\u001b[91mgyp\u001b[0m\u001b[91m ERR!\u001b[0m\u001b[91m node-gyp -v\u001b[0m\u001b[91m v5.1.0\n\u001b[0m\u001b[91mgyp \u001b[0m\u001b[91mERR! not ok\u001b[0m\u001b[91m \n\u001b[0m\u001b[91mnpm WARN optional SKIPPING OPTIONAL DEPENDENCY: fsevents@~2.3.2 (node_modules/chokidar/node_modules/fsevents):\nnpm WARN notsup SKIPPING OPTIONAL DEPENDENCY: Unsupported platform for fsevents@2.3.2: wanted {\"os\":\"darwin\",\"arch\":\"any\"} (current: {\"os\":\"linux\",\"arch\":\"x64\"})\n\u001b[0m\u001b[91mnpm WARN @typegoose/typegoose@9.13.2 requires a peer of mongoose@~6.7.2 but none is installed. You must install peer dependencies yourself.\n\u001b[0m\u001b[91mnpm WARN nestjs-typegoose@7.1.38 requires a peer of @nestjs/common@^6.10.1 || ^7.0.0 but none is installed. You must install peer dependencies yourself.\n\u001b[0m\u001b[91mnpm WARN nestjs-typegoose@7.1.38 requires a peer of @nestjs/core@^6.10.1 || ^7.0.0 but none is installed. You must install peer dependencies yourself.\n\u001b[0m\u001b[91mnpm WARN nestjs-typegoose@7.1.38 requires a peer of @typegoose/typegoose@^6.2.1 || ^7.0.0 but none is installed. You must install peer dependencies yourself.\n\u001b[0m\u001b[91mnpm WARN nestjs-typegoose@7.1.38 requires a peer of mongoose@^5.10.6 but none is installed. You must install peer dependencies yourself.\n\u001b[0m\u001b[91mnpm WARN ajv-keywords@3.5.2 requires a peer of ajv@^6.9.1 but none is installed. You must install peer dependencies yourself.\n\u001b[0m\u001b[91m\n\u001b[0m\u001b[91mnpm ERR! code\u001b[0m\u001b[91m ELIFECYCLE\n\u001b[0m\u001b[91mnpm ERR! errno 1\n\u001b[0m\u001b[91mnpm ERR! sharp@0.27.2 install: `(node install/libvips && node install/dll-copy && prebuild-install) || (node-gyp rebuild && node install/dll-copy)`\nnpm ERR! Exit status 1\n\u001b[0m\u001b[91mnpm ERR!\u001b[0m\u001b[91m \nnpm \u001b[0m\u001b[91mERR!\u001b[0m\u001b[91m Failed at the sharp@0.27.2 install script.\nnpm ERR! This is probably not a problem with npm. There is likely additional logging output above.\n\u001b[0m\u001b[91m\nnpm ERR! A complete log of this run can be found in:\nnpm ERR!     /root/.npm/_logs/2022-12-30T06_45_56_747Z-debug.log\n\u001b[0mRemoving intermediate container e4b1e00e1ec1\n","stderr":"The command '/bin/sh -c npm install' returned a non-zero code: 1\n"},"endTime":1672382761189}