{"repository":"https://github.com/sanmmm/musicradio","dockerfilePath":"Dockerfile","startTime":1672191497604,"clone":{"stdout":"","stderr":"Cloning into '/tmp/dinghy-analysis/sanmmm/musicradio'...\n","error":null,"commit":"38f230a05a7bc4fb37baee010e603343c0ba910e"},"originalBuild":{"startTimestamp":1672191498738,"endTimestamp":1672191734068,"error":{"code":1,"killed":false,"signal":null,"cmd":"docker build --no-cache --force-rm -t musicradio:latest -f /tmp/dinghy-analysis/sanmmm/musicradio/Dockerfile ."},"stdout":"Sending build context to Docker daemon  1.675MB\r\r\nStep 1/20 : FROM node:12\n ---> 6c8de432fc7f\nStep 2/20 : WORKDIR /app\n ---> Running in 7663cdda8895\nRemoving intermediate container 7663cdda8895\n ---> d649ca23d6d5\nStep 3/20 : RUN npm config set registry https://registry.npm.taobao.org/ && npm install -g pm2\n ---> Running in 4a73cfaa51a7\n\u001b[91mnpm \u001b[0m\u001b[91mWARN\u001b[0m\u001b[91m deprecated\u001b[0m\u001b[91m uuid@3.4.0: Please upgrade  to version 7 or higher.  Older versions may use Math.random() in certain circumstances, which is known to be problematic.  See https://v8.dev/blog/math-random for details.\n\u001b[0m/usr/local/bin/pm2 -> /usr/local/lib/node_modules/pm2/bin/pm2\n/usr/local/bin/pm2-dev -> /usr/local/lib/node_modules/pm2/bin/pm2-dev\n/usr/local/bin/pm2-docker -> /usr/local/lib/node_modules/pm2/bin/pm2-docker\n/usr/local/bin/pm2-runtime -> /usr/local/lib/node_modules/pm2/bin/pm2-runtime\n\u001b[91mnpm WARN optional SKIPPING OPTIONAL DEPENDENCY: fsevents@~2.3.2 (node_modules/pm2/node_modules/chokidar/node_modules/fsevents):\nnpm \u001b[0m\u001b[91mWARN notsup SKIPPING OPTIONAL DEPENDENCY: Unsupported platform for fsevents@2.3.2: wanted {\"os\":\"darwin\",\"arch\":\"any\"} (current: {\"os\":\"linux\",\"arch\":\"x64\"})\n\u001b[0m\u001b[91m\n\u001b[0m+ pm2@5.2.2\nadded 184 packages from 182 contributors in 26.903s\nRemoving intermediate container 4a73cfaa51a7\n ---> 089f8a6fab7d\nStep 4/20 : COPY ./frontend/package*.json ./frontend/\n ---> 4d7f884d6703\nStep 5/20 : RUN cd frontend && npm install\n ---> Running in f1d0b2a13698\n\u001b[91mnpm WARN deprecated babel-eslint@9.0.0: babel-eslint is now @babel/eslint-parser. This package will no longer receive updates.\n\u001b[0m\u001b[91mnpm WARN deprecated @material-ui/core@4.12.4: Material UI v4 doesn't receive active development since September 2021. See the guide https://mui.com/material-ui/migration/migration-v4/ to upgrade to v5.\n\u001b[0m\u001b[91mnpm WARN deprecated @material-ui/lab@4.0.0-alpha.61: Material UI v4 doesn't receive active development since September 2021. See the guide https://mui.com/material-ui/migration/migration-v4/ to upgrade to v5.\n\u001b[0m\u001b[91mnpm WARN deprecated @material-ui/styles@4.11.5: Material UI v4 doesn't receive active development since September 2021. See the guide https://mui.com/material-ui/migration/migration-v4/ to upgrade to v5.\n\u001b[0m\u001b[91mnpm WARN deprecated core-js@3.6.5: core-js@<3.23.3 is no longer maintained and not recommended for usage due to the number of issues. Because of the V8 engine whims, feature detection in old core-js versions could cause a slowdown up to 100x even if nothing is polyfilled. Some versions have web compatibility issues. Please, upgrade your dependencies to the actual version of core-js.\n\u001b[0m\u001b[91mnpm WARN deprecated @formatjs/intl-utils@2.3.0: the package is rather renamed to @formatjs/ecma-abstract with some changes in functionality (primarily selectUnit is removed and we don't plan to make any further changes to this package\n\u001b[0m\u001b[91mnpm WARN deprecated @formatjs/intl-unified-numberformat@3.3.7: We have renamed the package to @formatjs/intl-numberformat\n\u001b[0m\u001b[91mnpm WARN deprecated core-js@3.8.2: core-js@<3.23.3 is no longer maintained and not recommended for usage due to the number of issues. Because of the V8 engine whims, feature detection in old core-js versions could cause a slowdown up to 100x even if nothing is polyfilled. Some versions have web compatibility issues. Please, upgrade your dependencies to the actual version of core-js.\n\u001b[0m\u001b[91mnpm WARN deprecated intl-messageformat-parser@3.6.4: We've written a new parser that's 6x faster and is backwards compatible. Please use @formatjs/icu-messageformat-parser\n\u001b[0m\u001b[91mnpm WARN deprecated source-map-resolve@0.5.3: See https://github.com/lydell/source-map-resolve#deprecated\n\u001b[0m\u001b[91mnpm WARN deprecated @types/history@5.0.0: This is a stub types definition. history provides its own type definitions, so you do not need this installed.\n\u001b[0m\u001b[91mnpm WARN\u001b[0m\u001b[91m deprecated mini-create-react-context@0.4.1: Package no longer supported. Contact Support at https://www.npmjs.com/support for more info.\n\u001b[0m\u001b[91mnpm WARN deprecated flatten@1.0.3: flatten is deprecated in favor of utility frameworks such as lodash.\n\u001b[0m\u001b[91mnpm WARN deprecated core-js@2.6.12: core-js@<3.23.3 is no longer maintained and not recommended for usage due to the number of issues. Because of the V8 engine whims, feature detection in old core-js versions could cause a slowdown up to 100x even if nothing is polyfilled. Some versions have web compatibility issues. Please, upgrade your dependencies to the actual version of core-js.\n\u001b[0m\u001b[91mnpm WARN deprecated react-native-swipeout@2.3.6: Package no longer supported. Use at your own risk or consider using https://github.com/software-mansion/react-native-gesture-handler\n\u001b[0m\u001b[91mnpm WARN deprecated resolve-url@0.2.1: https://github.com/lydell/resolve-url#deprecated\n\u001b[0m\u001b[91mnpm WARN \u001b[0m\u001b[91mdeprecated urix@0.1.0: Please see https://github.com/lydell/urix#deprecated\n\u001b[0m\u001b[91mnpm WARN deprecated source-map-url@0.4.1: See https://github.com/lydell/source-map-url#deprecated\n\u001b[0m\u001b[91mnpm WARN deprecated querystring@0.2.0: The querystring API is considered Legacy. new code should use the URLSearchParams API instead.\n\u001b[0m\u001b[91mnpm WARN deprecated core-js@1.2.7: core-js@<3.23.3 is no longer maintained and not recommended for usage due to the number of issues. Because of the V8 engine whims, feature detection in old core-js versions could cause a slowdown up to 100x even if nothing is polyfilled. Some versions have web compatibility issues. Please, upgrade your dependencies to the actual version of core-js.\n\u001b[0m\u001b[91mnpm WARN deprecated sane@4.1.0: some dependency vulnerabilities fixed, support for node < 10 dropped, and newer ECMAScript syntax/features added\n\u001b[0m\n> husky@0.14.3 install /app/frontend/node_modules/husky\n> node ./bin/install.js\n\nhusky\nsetting up Git hooks\ncan't find .git directory, skipping Git hooks installation\n\n> core-js@3.6.5 postinstall /app/frontend/node_modules/@umijs/babel-plugin-lock-core-js-3/node_modules/core-js\n> node -e \"try{require('./postinstall')}catch(e){}\"\n\n\u001b[96mThank you for using core-js (\u001b[94m https://github.com/zloirock/core-js \u001b[96m) for polyfilling JavaScript standard library!\u001b[0m\n\n\u001b[96mThe project needs your help! Please consider supporting of core-js on Open Collective or Patreon: \u001b[0m\n\u001b[96m>\u001b[94m https://opencollective.com/core-js \u001b[0m\n\u001b[96m>\u001b[94m https://www.patreon.com/zloirock \u001b[0m\n\n\u001b[96mAlso, the author of core-js (\u001b[94m https://github.com/zloirock \u001b[96m) is looking for a good job -)\u001b[0m\n\n\n> core-js@3.6.5 postinstall /app/frontend/node_modules/@umijs/preset-built-in/node_modules/core-js\n> node -e \"try{require('./postinstall')}catch(e){}\"\n\n\u001b[96mThank you for using core-js (\u001b[94m https://github.com/zloirock/core-js \u001b[96m) for polyfilling JavaScript standard library!\u001b[0m\n\n\u001b[96mThe project needs your help! Please consider supporting of core-js on Open Collective or Patreon: \u001b[0m\n\u001b[96m>\u001b[94m https://opencollective.com/core-js \u001b[0m\n\u001b[96m>\u001b[94m https://www.patreon.com/zloirock \u001b[0m\n\n\u001b[96mAlso, the author of core-js (\u001b[94m https://github.com/zloirock \u001b[96m) is looking for a good job -)\u001b[0m\n\n\n> core-js@3.8.2 postinstall /app/frontend/node_modules/@umijs/test/node_modules/core-js\n> node -e \"try{require('./postinstall')}catch(e){}\"\n\n\u001b[96mThank you for using core-js (\u001b[94m https://github.com/zloirock/core-js \u001b[96m) for polyfilling JavaScript standard library!\u001b[0m\n\n\u001b[96mThe project needs your help! Please consider supporting of core-js on Open Collective or Patreon: \u001b[0m\n\u001b[96m>\u001b[94m https://opencollective.com/core-js \u001b[0m\n\u001b[96m>\u001b[94m https://www.patreon.com/zloirock \u001b[0m\n\n\u001b[96mAlso, the author of core-js (\u001b[94m https://github.com/zloirock \u001b[96m) is looking for a good job -)\u001b[0m\n\n\n> core-js@2.6.12 postinstall /app/frontend/node_modules/core-js\n> node -e \"try{require('./postinstall')}catch(e){}\"\n\n\u001b[96mThank you for using core-js (\u001b[94m https://github.com/zloirock/core-js \u001b[96m) for polyfilling JavaScript standard library!\u001b[0m\n\n\u001b[96mThe project needs your help! Please consider supporting of core-js on Open Collective or Patreon: \u001b[0m\n\u001b[96m>\u001b[94m https://opencollective.com/core-js \u001b[0m\n\u001b[96m>\u001b[94m https://www.patreon.com/zloirock \u001b[0m\n\n\u001b[96mAlso, the author of core-js (\u001b[94m https://github.com/zloirock \u001b[96m) is looking for a good job -)\u001b[0m\n\n\n> core-js-pure@3.27.0 postinstall /app/frontend/node_modules/core-js-pure\n> node -e \"try{require('./postinstall')}catch(e){}\"\n\n\u001b[96mThank you for using core-js (\u001b[94m https://github.com/zloirock/core-js \u001b[96m) for polyfilling JavaScript standard library!\u001b[0m\n\n\u001b[96mThe project needs your help! Please consider supporting of core-js:\u001b[0m\n\u001b[96m>\u001b[94m https://opencollective.com/core-js \u001b[0m\n\u001b[96m>\u001b[94m https://patreon.com/zloirock \u001b[0m\n\u001b[96m>\u001b[94m bitcoin: bc1qlea7544qtsmj2rayg0lthvza9fau63ux0fstcz \u001b[0m\n\n\u001b[96mAlso, the author of core-js (\u001b[94m https://github.com/zloirock \u001b[96m) is looking for a good job -)\u001b[0m\n\n\n> esbuild@0.12.15 postinstall /app/frontend/node_modules/esbuild\n> node install.js\n\n\u001b[91mnpm notice created a lockfile as package-lock.json. You should commit this file.\n\u001b[0m\u001b[91mnpm WARN optional SKIPPING OPTIONAL DEPENDENCY: fsevents@~2.3.1 (node_modules/chokidar/node_modules/fsevents):\nnpm WARN notsup SKIPPING OPTIONAL DEPENDENCY: Unsupported platform for fsevents@2.3.2: wanted {\"os\":\"darwin\",\"arch\":\"any\"} (current: {\"os\":\"linux\",\"arch\":\"x64\"})\n\u001b[0m\u001b[91mnpm WARN dva-logger@1.0.0 requires a peer of dva@^1.1.0 but none is installed. You must install peer dependencies yourself.\n\u001b[0m\u001b[91mnpm WARN eslint-config-umi@1.6.0 requires a peer of eslint-plugin-jsx-a11y@6.x but none is installed. You must install peer dependencies yourself.\n\u001b[0m\u001b[91mnpm WARN eslint-config-umi@1.6.0 requires a peer of eslint-plugin-react-hooks@1.5.0 but none is installed. You must install peer dependencies yourself.\n\u001b[0m\u001b[91mnpm WARN eslint-plugin-jsx-a11y@5.1.1 requires a peer of eslint@^2.10.2 || ^3 || ^4 but none is installed. You must install peer dependencies yourself.\n\u001b[0m\u001b[91mnpm WARN @umijs/plugin-layout@0.18.1 requires a peer of @ant-design/pro-layout@^6.0.0 but none is installed. You must install peer dependencies yourself.\n\u001b[0m\u001b[91mnpm WARN babel-plugin-dva-hmr@0.4.2 requires a peer of redbox-react@1.x but none is installed. You must install peer dependencies yourself.\n\u001b[0m\u001b[91mnpm WARN dva-immer@0.5.2 requires a peer of dva@^2.5.0-0 but none is installed. You must install peer dependencies yourself.\n\u001b[0m\u001b[91mnpm WARN dva-loading@3.0.22 requires a peer of dva-core@^1.1.0 | ^1.5.0-0 | ^1.6.0-0 but none is installed. You must install peer dependencies yourself.\n\u001b[0m\u001b[91mnpm WARN eslint-config-react-app@5.0.2 requires a peer of @typescript-eslint/eslint-plugin@2.x but none is installed. You must install peer dependencies yourself.\n\u001b[0m\u001b[91mnpm WARN eslint-config-react-app@5.0.2 requires a peer of @typescript-eslint/parser@2.x but none is installed. You must install peer dependencies yourself.\n\u001b[0m\u001b[91mnpm WARN eslint-config-react-app@5.0.2 requires a peer of babel-eslint@10.x but none is installed. You must install peer dependencies yourself.\n\u001b[0m\u001b[91mnpm WARN eslint-config-react-app@5.0.2 requires a peer of eslint@6.x but none is installed. You must install peer dependencies yourself.\n\u001b[0m\u001b[91mnpm WARN eslint-config-react-app@5.0.2 requires a peer of eslint-plugin-flowtype@3.x but none is installed. You must install peer dependencies yourself.\n\u001b[0m\u001b[91mnpm WARN eslint-config-react-app@5.0.2 requires a peer of eslint-plugin-jsx-a11y@6.x but none is installed. You must install peer dependencies yourself.\n\u001b[0m\u001b[91mnpm WARN eslint-config-react-app@5.0.2 requires a peer of eslint-plugin-react-hooks@1.x but none is installed. You must install peer dependencies yourself.\n\u001b[0m\u001b[91mnpm WARN frontend No description\n\u001b[0m\u001b[91mnpm WARN frontend No repository field.\n\u001b[0m\u001b[91mnpm WARN frontend No license field.\n\u001b[0m\u001b[91m\n\u001b[0madded 1491 packages from 971 contributors in 86.286s\n\n101 packages are looking for funding\n  run `npm fund` for details\n\nRemoving intermediate container f1d0b2a13698\n ---> c36acfdffe1b\nStep 6/20 : COPY ./backend/package*.json ./backend/\n ---> 64d2dc69fb78\nStep 7/20 : RUN cd backend && npm install\n ---> Running in 3419de79d4e6\n\n> nodemon@1.19.4 postinstall /app/backend/node_modules/nodemon\n> node bin/postinstall || exit 0\n\n\u001b[32mLove nodemon? You can now support the project via the open collective:\u001b[22m\u001b[39m\n > \u001b[96m\u001b[1mhttps://opencollective.com/nodemon/donate\u001b[0m\n\n\u001b[91mnpm WARN optional SKIPPING OPTIONAL DEPENDENCY: fsevents@1.2.12 (node_modules/fsevents):\nnpm WARN notsup SKIPPING OPTIONAL DEPENDENCY: Unsupported platform for fsevents@1.2.12: wanted {\"os\":\"darwin\",\"arch\":\"any\"} (current: {\"os\":\"linux\",\"arch\":\"x64\"})\n\u001b[0m\u001b[91mnpm WARN optional SKIPPING OPTIONAL DEPENDENCY: fsevents@2.1.3 (node_modules/jest-haste-map/node_modules/fsevents):\nnpm WARN notsup SKIPPING OPTIONAL DEPENDENCY: Unsupported platform for fsevents@2.1.3: wanted {\"os\":\"darwin\",\"arch\":\"any\"} (current: {\"os\":\"linux\",\"arch\":\"x64\"})\n\u001b[0m\u001b[91m\n\u001b[0madded 1149 packages from 612 contributors in 19.142s\n\n44 packages are looking for funding\n  run `npm fund` for details\n\nRemoving intermediate container 3419de79d4e6\n ---> b7f8d3efb674\nStep 8/20 : COPY ./common/ ./common/\n ---> be738ff46bbf\nStep 9/20 : COPY ./frontend/ ./frontend/\n ---> 7af9f82a6f29\nStep 10/20 : RUN cd frontend/config && mv settings.template.ts settings.ts\n ---> Running in c573ef0dc836\nRemoving intermediate container c573ef0dc836\n ---> 091b7ab31acc\nStep 11/20 : ENV OUTPUT_PATH=../static ASYNC_SETTINGS=1\n ---> Running in 926997976f89\nRemoving intermediate container 926997976f89\n ---> 56c48ef69c4b\nStep 12/20 : RUN cd ./frontend && npm run build && rm -r /app/frontend\n ---> Running in 0d48964e9fa7\n\n> @ build /app/frontend\n> umi build\n\nℹ Compiling Webpack\n\u001b[91mBrowserslist: caniuse-lite is outdated. Please run:\nnpx browserslist@latest --update-db\n\nWhy you should do it regularly:\nhttps://github.com/browserslist/browserslist#browsers-data-updating\n\u001b[0m✔ Webpack: Compiled with some errors in 26.56s\n ERROR  Failed to compile with 67 errors1:42:10 AM\n\n error  in /app/frontend/src/components/adminActionManage/listContainer.tsx\n\n[tsl] ERROR in /app/frontend/src/components/adminActionManage/listContainer.tsx(61,14)\n      TS2786: 'ScrollBar' cannot be used as a JSX component.\n  Its instance type 'ScrollBar' is not a valid JSX element.\n    The types returned by 'render()' are incompatible between these types.\n      Type 'React.ReactNode' is not assignable to type 'import(\"/app/frontend/node_modules/@types/react-transition-group/node_modules/@types/react/index\").ReactNode'.\n        Type '{}' is not assignable to type 'ReactNode'.\n          Type '{}' is missing the following properties from type 'ReactPortal': key, children, type, props\n\n error  in /app/frontend/src/components/chatList/emoji.tsx\n\n[tsl] ERROR in /app/frontend/src/components/chatList/emoji.tsx(147,37)\n      TS2786: 'ScrollBar' cannot be used as a JSX component.\n  Its instance type 'ScrollBar' is not a valid JSX element.\n\n error  in /app/frontend/src/components/chatList/index.tsx\n\n[tsl] ERROR in /app/frontend/src/components/chatList/index.tsx(364,14)\n      TS2786: 'ScorllBar' cannot be used as a JSX component.\n  Its instance type 'ScrollBar' is not a valid JSX element.\n\n error  in /app/frontend/src/components/list/index.tsx\n\n[tsl] ERROR in /app/frontend/src/components/list/index.tsx(124,26)\n      TS2786: 'CustomCheckbox' cannot be used as a JSX component.\n  Its element type 'ReactElement<any, any> | Component<Pick<CheckboxProps, \"ref\" | \"form\" | \"slot\" | \"style\" | \"title\" | \"className\" | \"innerRef\" | \"key\" | \"defaultChecked\" | ... 278 more ... | \"indeterminateIcon\"> & StyledComponentProps<...>, any, any>' is not a valid JSX element.\n    Type 'Component<Pick<CheckboxProps, \"ref\" | \"form\" | \"slot\" | \"style\" | \"title\" | \"className\" | \"innerRef\" | \"key\" | \"defaultChecked\" | \"defaultValue\" | \"suppressContentEditableWarning\" | ... 276 more ... | \"indeterminateIcon\"> & StyledComponentProps<...>, any, any>' is not assignable to type 'Element | ElementClass'.\n      Type 'Component<Pick<CheckboxProps, \"ref\" | \"form\" | \"slot\" | \"style\" | \"title\" | \"className\" | \"innerRef\" | \"key\" | \"defaultChecked\" | \"defaultValue\" | \"suppressContentEditableWarning\" | ... 276 more ... | \"indeterminateIcon\"> & StyledComponentProps<...>, any, any>' is not assignable to type 'ElementClass'.\n\n error  in /app/frontend/src/components/list/index.tsx\n\n[tsl] ERROR in /app/frontend/src/components/list/index.tsx(133,14)\n      TS2786: 'Scrollbar' cannot be used as a JSX component.\n  Its instance type 'ScrollBar' is not a valid JSX element.\n\n error  in /app/frontend/src/components/list/index.tsx\n\n[tsl] ERROR in /app/frontend/src/components/list/index.tsx(229,27)\n      TS2786: 'CustomCheckbox' cannot be used as a JSX component.\n  Its element type 'ReactElement<any, any> | Component<Pick<CheckboxProps, \"ref\" | \"form\" | \"slot\" | \"style\" | \"title\" | \"className\" | \"innerRef\" | \"key\" | \"defaultChecked\" | ... 278 more ... | \"indeterminateIcon\"> & StyledComponentProps<...>, any, any>' is not a valid JSX element.\n    Type 'Component<Pick<CheckboxProps, \"ref\" | \"form\" | \"slot\" | \"style\" | \"title\" | \"className\" | \"innerRef\" | \"key\" | \"defaultChecked\" | \"defaultValue\" | \"suppressContentEditableWarning\" | ... 276 more ... | \"indeterminateIcon\"> & StyledComponentProps<...>, any, any>' is not assignable to type 'Element | ElementClass'.\n      Type 'Component<Pick<CheckboxProps, \"ref\" | \"form\" | \"slot\" | \"style\" | \"title\" | \"className\" | \"innerRef\" | \"key\" | \"defaultChecked\" | \"defaultValue\" | \"suppressContentEditableWarning\" | ... 276 more ... | \"indeterminateIcon\"> & StyledComponentProps<...>, any, any>' is not assignable to type 'ElementClass'.\n        The types returned by 'render()' are incompatible between these types.\n          Type 'React.ReactNode' is not assignable to type 'import(\"/app/frontend/node_modules/@types/react-transition-group/node_modules/@types/react/index\").ReactNode'.\n            Type '{}' is not assignable to type 'ReactNode'.\n              Type '{}' is not assignable to type 'ReactPortal'.\n\n error  in /app/frontend/src/components/musicSearchList/index.tsx\n\n[tsl] ERROR in /app/frontend/src/components/musicSearchList/index.tsx(159,34)\n      TS2786: 'ScrollBar' cannot be used as a JSX component.\n  Its instance type 'ScrollBar' is not a valid JSX element.\n\n error  in /app/frontend/src/components/musicSearchList/index.tsx\n\n[tsl] ERROR in /app/frontend/src/components/musicSearchList/index.tsx(191,46)\n      TS2786: 'CustomBtn' cannot be used as a JSX component.\n  Its element type 'ReactElement<any, any> | Component<Pick<DefaultComponentProps<ExtendButtonBaseTypeMap<ButtonTypeMap<{}, \"button\">>>, \"ref\" | ... 284 more ... | \"startIcon\"> & StyledComponentProps<...>, any, any>' is not a valid JSX element.\n    Type 'Component<Pick<DefaultComponentProps<ExtendButtonBaseTypeMap<ButtonTypeMap<{}, \"button\">>>, \"ref\" | \"form\" | ... 283 more ... | \"startIcon\"> & StyledComponentProps<...>, any, any>' is not assignable to type 'Element | ElementClass'.\n      Type 'Component<Pick<DefaultComponentProps<ExtendButtonBaseTypeMap<ButtonTypeMap<{}, \"button\">>>, \"ref\" | \"form\" | ... 283 more ... | \"startIcon\"> & StyledComponentProps<...>, any, any>' is not assignable to type 'ElementClass'.\n        The types returned by 'render()' are incompatible between these types.\n          Type 'React.ReactNode' is not assignable to type 'import(\"/app/frontend/node_modules/@types/react-transition-group/node_modules/@types/react/index\").ReactNode'.\n            Type '{}' is not assignable to type 'ReactNode'.\n              Type '{}' is not assignable to type 'ReactPortal'.\n\n error  in /app/frontend/src/components/musicSearchList/index.tsx\n\n[tsl] ERROR in /app/frontend/src/components/musicSearchList/index.tsx(203,60)\n      TS2786: 'ScrollBar' cannot be used as a JSX component.\n  Its instance type 'ScrollBar' is not a valid JSX element.\n\n error  in /app/frontend/src/components/player/index.tsx\n\n[tsl] ERROR in /app/frontend/src/components/player/index.tsx(491,34)\n      TS2786: 'VolumeSlider' cannot be used as a JSX component.\n  Its element type 'ReactElement<any, any> | Component<Pick<DefaultComponentProps<SliderTypeMap<{}, \"span\">>, \"ref\" | \"slot\" | \"style\" | \"title\" | ... 270 more ... | \"valueLabelFormat\"> & StyledComponentProps<...>, any, any>' is not a valid JSX element.\n    Type 'Component<Pick<DefaultComponentProps<SliderTypeMap<{}, \"span\">>, \"ref\" | \"slot\" | \"style\" | \"title\" | \"track\" | \"className\" | \"innerRef\" | ... 267 more ... | \"valueLabelFormat\"> & StyledComponentProps<...>, any, any>' is not assignable to type 'Element | ElementClass'.\n      Type 'Component<Pick<DefaultComponentProps<SliderTypeMap<{}, \"span\">>, \"ref\" | \"slot\" | \"style\" | \"title\" | \"track\" | \"className\" | \"innerRef\" | ... 267 more ... | \"valueLabelFormat\"> & StyledComponentProps<...>, any, any>' is not assignable to type 'ElementClass'.\n        The types returned by 'render()' are incompatible between these types.\n          Type 'React.ReactNode' is not assignable to type 'import(\"/app/frontend/node_modules/@types/react-transition-group/node_modules/@types/react/index\").ReactNode'.\n            Type '{}' is not assignable to type 'ReactNode'.\n              Type '{}' is not assignable to type 'ReactPortal'.\n\n error  in /app/frontend/src/components/roomVisualization/index.tsx\n\n[tsl] ERROR in /app/frontend/src/components/roomVisualization/index.tsx(315,10)\n      TS2786: 'ReactEcharts' cannot be used as a JSX component.\n  Its instance type 'ReactEchartsCore' is not a valid JSX element.\n    The types returned by 'render()' are incompatible between these types.\n      Type 'React.ReactNode' is not assignable to type 'import(\"/app/frontend/node_modules/@types/react-transition-group/node_modules/@types/react/index\").ReactNode'.\n        Type '{}' is not assignable to type 'ReactNode'.\n          Type '{}' is not assignable to type 'ReactPortal'.\n\n error  in /app/frontend/src/components/roomVisualization/index.tsx\n\n[tsl] ERROR in /app/frontend/src/components/roomVisualization/index.tsx(315,23)\n      TS2769: No overload matches this call.\n  Overload 1 of 2, '(props: ReactEchartsCorePropsTypes | Readonly<ReactEchartsCorePropsTypes>): ReactEchartsCore', gave the following error.\n    Type '{ title: {}; visualMap: ({ type: string; splitNumber: number; min: number; max: number; dimension: number; seriesIndex: number; showLabel: boolean; show: boolean; inRange: { color: string[]; symbolSize: number[]; }; outOfRange: { ...; }; } | { ...; })[]; geo: { ...; }; series: ({ ...; } | { ...; })[]; }' is not assignable to type 'EChartOption<Series>'.\n      Types of property 'visualMap' are incompatible.\n        Type '({ type: string; splitNumber: number; min: number; max: number; dimension: number; seriesIndex: number; showLabel: boolean; show: boolean; inRange: { color: string[]; symbolSize: number[]; }; outOfRange: { ...; }; } | { ...; })[]' is not assignable to type 'VisualMap[]'.\n          Type '{ type: string; splitNumber: number; min: number; max: number; dimension: number; seriesIndex: number; showLabel: boolean; show: boolean; inRange: { color: string[]; symbolSize: number[]; }; outOfRange: { ...; }; } | { ...; }' is not assignable to type 'VisualMap'.\n            Type '{ type: string; splitNumber: number; min: number; max: number; dimension: number; seriesIndex: number; showLabel: boolean; show: boolean; inRange: { color: string[]; symbolSize: number[]; }; outOfRange: { ...; }; }' is not assignable to type 'VisualMap'.\n              Type '{ type: string; splitNumber: number; min: number; max: number; dimension: number; seriesIndex: number; showLabel: boolean; show: boolean; inRange: { color: string[]; symbolSize: number[]; }; outOfRange: { ...; }; }' is not assignable to type 'Piecewise'.\n                Types of property 'type' are incompatible.\n                  Type 'string' is not assignable to type '\"piecewise\"'.\n  Overload 2 of 2, '(props: ReactEchartsCorePropsTypes, context: any): ReactEchartsCore', gave the following error.\n    Type '{ title: {}; visualMap: ({ type: string; splitNumber: number; min: number; max: number; dimension: number; seriesIndex: number; showLabel: boolean; show: boolean; inRange: { color: string[]; symbolSize: number[]; }; outOfRange: { ...; }; } | { ...; })[]; geo: { ...; }; series: ({ ...; } | { ...; })[]; }' is not assignable to type 'EChartOption<Series>'.\n\n error  in /app/frontend/src/pages/index/index.tsx\n\n[tsl] ERROR in /app/frontend/src/pages/index/index.tsx(175,14)\n      TS2786: 'CustomTabs' cannot be used as a JSX component.\n  Its element type 'ReactElement<any, any> | Component<Pick<DefaultComponentProps<TabsTypeMap<{}, ExtendButtonBase<ButtonBaseTypeMap<{}, \"button\">>>>, \"ref\" | ... 286 more ... | \"textColor\"> & StyledComponentProps<...>, any, any>' is not a valid JSX element.\n    Type 'Component<Pick<DefaultComponentProps<TabsTypeMap<{}, ExtendButtonBase<ButtonBaseTypeMap<{}, \"button\">>>>, \"ref\" | ... 286 more ... | \"textColor\"> & StyledComponentProps<...>, any, any>' is not assignable to type 'Element | ElementClass'.\n      Type 'Component<Pick<DefaultComponentProps<TabsTypeMap<{}, ExtendButtonBase<ButtonBaseTypeMap<{}, \"button\">>>>, \"ref\" | ... 286 more ... | \"textColor\"> & StyledComponentProps<...>, any, any>' is not assignable to type 'ElementClass'.\n        The types returned by 'render()' are incompatible between these types.\n          Type 'React.ReactNode' is not assignable to type 'import(\"/app/frontend/node_modules/@types/react-transition-group/node_modules/@types/react/index\").ReactNode'.\n            Type '{}' is not assignable to type 'ReactNode'.\n              Type '{}' is not assignable to type 'ReactPortal'.\n\n error  in /app/frontend/src/pages/index/index.tsx\n\n[tsl] ERROR in /app/frontend/src/pages/index/index.tsx(176,18)\n      TS2786: 'CustomTab' cannot be used as a JSX component.\n  Its element type 'ReactElement<any, any> | Component<Pick<DefaultComponentProps<ExtendButtonBaseTypeMap<TabTypeMap<{}, \"div\">>>, \"ref\" | ... 274 more ... | \"wrapped\"> & StyledComponentProps<...>, any, any>' is not a valid JSX element.\n    Type 'Component<Pick<DefaultComponentProps<ExtendButtonBaseTypeMap<TabTypeMap<{}, \"div\">>>, \"ref\" | \"label\" | \"slot\" | ... 272 more ... | \"wrapped\"> & StyledComponentProps<...>, any, any>' is not assignable to type 'Element | ElementClass'.\n      Type 'Component<Pick<DefaultComponentProps<ExtendButtonBaseTypeMap<TabTypeMap<{}, \"div\">>>, \"ref\" | \"label\" | \"slot\" | ... 272 more ... | \"wrapped\"> & StyledComponentProps<...>, any, any>' is not assignable to type 'ElementClass'.\n        The types returned by 'render()' are incompatible between these types.\n          Type 'React.ReactNode' is not assignable to type 'import(\"/app/frontend/node_modules/@types/react-transition-group/node_modules/@types/react/index\").ReactNode'.\n            Type '{}' is not assignable to type 'ReactNode'.\n              Type '{}' is not assignable to type 'ReactPortal'.\n\n error  in /app/frontend/src/pages/index/index.tsx\n\n[tsl] ERROR in /app/frontend/src/pages/index/index.tsx(177,18)\n      TS2786: 'CustomTab' cannot be used as a JSX component.\n  Its element type 'ReactElement<any, any> | Component<Pick<DefaultComponentProps<ExtendButtonBaseTypeMap<TabTypeMap<{}, \"div\">>>, \"ref\" | ... 274 more ... | \"wrapped\"> & StyledComponentProps<...>, any, any>' is not a valid JSX element.\n    Type 'Component<Pick<DefaultComponentProps<ExtendButtonBaseTypeMap<TabTypeMap<{}, \"div\">>>, \"ref\" | \"label\" | \"slot\" | ... 272 more ... | \"wrapped\"> & StyledComponentProps<...>, any, any>' is not assignable to type 'Element | ElementClass'.\n      Type 'Component<Pick<DefaultComponentProps<ExtendButtonBaseTypeMap<TabTypeMap<{}, \"div\">>>, \"ref\" | \"label\" | \"slot\" | ... 272 more ... | \"wrapped\"> & StyledComponentProps<...>, any, any>' is not assignable to type 'ElementClass'.\n\n error  in /app/frontend/src/pages/index/index.tsx\n\n[tsl] ERROR in /app/frontend/src/pages/index/index.tsx(180,26)\n      TS2786: 'CustomTab' cannot be used as a JSX component.\n  Its element type 'ReactElement<any, any> | Component<Pick<DefaultComponentProps<ExtendButtonBaseTypeMap<TabTypeMap<{}, \"div\">>>, \"ref\" | ... 274 more ... | \"wrapped\"> & StyledComponentProps<...>, any, any>' is not a valid JSX element.\n    Type 'Component<Pick<DefaultComponentProps<ExtendButtonBaseTypeMap<TabTypeMap<{}, \"div\">>>, \"ref\" | \"label\" | \"slot\" | ... 272 more ... | \"wrapped\"> & StyledComponentProps<...>, any, any>' is not assignable to type 'Element | ElementClass'.\n      Type 'Component<Pick<DefaultComponentProps<ExtendButtonBaseTypeMap<TabTypeMap<{}, \"div\">>>, \"ref\" | \"label\" | \"slot\" | ... 272 more ... | \"wrapped\"> & StyledComponentProps<...>, any, any>' is not assignable to type 'ElementClass'.\n\n error  in /app/frontend/src/pages/index/index.tsx\n\n[tsl] ERROR in /app/frontend/src/pages/index/index.tsx(181,26)\n      TS2786: 'CustomTab' cannot be used as a JSX component.\n  Its element type 'ReactElement<any, any> | Component<Pick<DefaultComponentProps<ExtendButtonBaseTypeMap<TabTypeMap<{}, \"div\">>>, \"ref\" | ... 274 more ... | \"wrapped\"> & StyledComponentProps<...>, any, any>' is not a valid JSX element.\n    Type 'Component<Pick<DefaultComponentProps<ExtendButtonBaseTypeMap<TabTypeMap<{}, \"div\">>>, \"ref\" | \"label\" | \"slot\" | ... 272 more ... | \"wrapped\"> & StyledComponentProps<...>, any, any>' is not assignable to type 'Element | ElementClass'.\n      Type 'Component<Pick<DefaultComponentProps<ExtendButtonBaseTypeMap<TabTypeMap<{}, \"div\">>>, \"ref\" | \"label\" | \"slot\" | ... 272 more ... | \"wrapped\"> & StyledComponentProps<...>, any, any>' is not assignable to type 'ElementClass'.\n\n error  in /app/frontend/src/pages/index/input.tsx\n\n[tsl] ERROR in /app/frontend/src/pages/index/input.tsx(275,22)\n      TS2786: 'CustomBtn' cannot be used as a JSX component.\n  Its element type 'ReactElement<any, any> | Component<Pick<DefaultComponentProps<ExtendButtonBaseTypeMap<ButtonTypeMap<{}, \"button\">>>, \"ref\" | ... 284 more ... | \"startIcon\"> & StyledComponentProps<...>, any, any>' is not a valid JSX element.\n    Type 'Component<Pick<DefaultComponentProps<ExtendButtonBaseTypeMap<ButtonTypeMap<{}, \"button\">>>, \"ref\" | \"form\" | ... 283 more ... | \"startIcon\"> & StyledComponentProps<...>, any, any>' is not assignable to type 'Element | ElementClass'.\n      Type 'Component<Pick<DefaultComponentProps<ExtendButtonBaseTypeMap<ButtonTypeMap<{}, \"button\">>>, \"ref\" | \"form\" | ... 283 more ... | \"startIcon\"> & StyledComponentProps<...>, any, any>' is not assignable to type 'ElementClass'.\n\n error  in /app/frontend/src/pages/index/input.tsx\n\n[tsl] ERROR in /app/frontend/src/pages/index/input.tsx(305,10)\n      TS2786: 'CustomTabs' cannot be used as a JSX component.\n  Its element type 'ReactElement<any, any> | Component<Pick<DefaultComponentProps<TabsTypeMap<{}, ExtendButtonBase<ButtonBaseTypeMap<{}, \"button\">>>>, \"ref\" | ... 286 more ... | \"textColor\"> & StyledComponentProps<...>, any, any>' is not a valid JSX element.\n    Type 'Component<Pick<DefaultComponentProps<TabsTypeMap<{}, ExtendButtonBase<ButtonBaseTypeMap<{}, \"button\">>>>, \"ref\" | ... 286 more ... | \"textColor\"> & StyledComponentProps<...>, any, any>' is not assignable to type 'Element | ElementClass'.\n      Type 'Component<Pick<DefaultComponentProps<TabsTypeMap<{}, ExtendButtonBase<ButtonBaseTypeMap<{}, \"button\">>>>, \"ref\" | ... 286 more ... | \"textColor\"> & StyledComponentProps<...>, any, any>' is not assignable to type 'ElementClass'.\n\n error  in /app/frontend/src/pages/index/input.tsx\n\n[tsl] ERROR in /app/frontend/src/pages/index/input.tsx(306,14)\n      TS2786: 'CustomTab' cannot be used as a JSX component.\n  Its element type 'ReactElement<any, any> | Component<Pick<DefaultComponentProps<ExtendButtonBaseTypeMap<TabTypeMap<{}, \"div\">>>, \"ref\" | ... 274 more ... | \"wrapped\"> & StyledComponentProps<...>, any, any>' is not a valid JSX element.\n    Type 'Component<Pick<DefaultComponentProps<ExtendButtonBaseTypeMap<TabTypeMap<{}, \"div\">>>, \"ref\" | \"label\" | \"slot\" | ... 272 more ... | \"wrapped\"> & StyledComponentProps<...>, any, any>' is not assignable to type 'Element | ElementClass'.\n      Type 'Component<Pick<DefaultComponentProps<ExtendButtonBaseTypeMap<TabTypeMap<{}, \"div\">>>, \"ref\" | \"label\" | \"slot\" | ... 272 more ... | \"wrapped\"> & StyledComponentProps<...>, any, any>' is not assignable to type 'ElementClass'.\n\n error  in /app/frontend/src/pages/index/input.tsx\n\n[tsl] ERROR in /app/frontend/src/pages/index/input.tsx(307,14)\n      TS2786: 'CustomTab' cannot be used as a JSX component.\n  Its element type 'ReactElement<any, any> | Component<Pick<DefaultComponentProps<ExtendButtonBaseTypeMap<TabTypeMap<{}, \"div\">>>, \"ref\" | ... 274 more ... | \"wrapped\"> & StyledComponentProps<...>, any, any>' is not a valid JSX element.\n    Type 'Component<Pick<DefaultComponentProps<ExtendButtonBaseTypeMap<TabTypeMap<{}, \"div\">>>, \"ref\" | \"label\" | \"slot\" | ... 272 more ... | \"wrapped\"> & StyledComponentProps<...>, any, any>' is not assignable to type 'Element | ElementClass'.\n      Type 'Component<Pick<DefaultComponentProps<ExtendButtonBaseTypeMap<TabTypeMap<{}, \"div\">>>, \"ref\" | \"label\" | \"slot\" | ... 272 more ... | \"wrapped\"> & StyledComponentProps<...>, any, any>' is not assignable to type 'ElementClass'.\n\n error  in /app/frontend/src/pages/index/roomList.tsx\n\n[tsl] ERROR in /app/frontend/src/pages/index/roomList.tsx(99,13)\n      TS2786: 'ScrollBar' cannot be used as a JSX component.\n  Its instance type 'ScrollBar' is not a valid JSX element.\n\n error  in /app/frontend/src/utils/styleInject.tsx\n\n[tsl] ERROR in /app/frontend/src/utils/styleInject.tsx(35,13)\n      TS2786: 'CustomTextFeildContent' cannot be used as a JSX component.\n  Its element type 'ReactElement<any, any> | Component<(Pick<StandardTextFieldProps, \"ref\" | \"label\" | \"slot\" | \"select\" | \"style\" | \"title\" | \"className\" | ... 278 more ... | \"SelectProps\"> & StyledComponentProps<...>) | (Pick<...> & StyledComponentProps<...>) | (Pick<...> & StyledComponentProps<...>), any, any>' is not a valid JSX element.\n    Type 'Component<(Pick<StandardTextFieldProps, \"ref\" | \"label\" | \"slot\" | \"select\" | \"style\" | \"title\" | \"className\" | \"innerRef\" | \"key\" | \"defaultChecked\" | \"defaultValue\" | ... 274 more ... | \"SelectProps\"> & StyledComponentProps<...>) | (Pick<...> & StyledComponentProps<...>) | (Pick<...> & StyledComponentProps<...>), ...' is not assignable to type 'Element | ElementClass'.\n      Type 'Component<(Pick<StandardTextFieldProps, \"ref\" | \"label\" | \"slot\" | \"select\" | \"style\" | \"title\" | \"className\" | \"innerRef\" | \"key\" | \"defaultChecked\" | \"defaultValue\" | ... 274 more ... | \"SelectProps\"> & StyledComponentProps<...>) | (Pick<...> & StyledComponentProps<...>) | (Pick<...> & StyledComponentProps<...>), ...' is not assignable to type 'ElementClass'.\n        The types returned by 'render()' are incompatible between these types.\n          Type 'React.ReactNode' is not assignable to type 'import(\"/app/frontend/node_modules/@types/react-transition-group/node_modules/@types/react/index\").ReactNode'.\n            Type '{}' is not assignable to type 'ReactNode'.\n              Type '{}' is not assignable to type 'ReactPortal'.\n\n error  in /app/frontend/node_modules/@types/react-router/ts4.6/index.d.ts\n\n[tsl] ERROR in /app/frontend/node_modules/@types/react-router/ts4.6/index.d.ts(124,100)\n      TS1110: Type expected.\n\n error  in /app/frontend/node_modules/@types/react-router/ts4.6/index.d.ts\n\n[tsl] ERROR in /app/frontend/node_modules/@types/react-router/ts4.6/index.d.ts(124,109)\n      TS1005: '}' expected.\n\n error  in /app/frontend/node_modules/@types/react-router/ts4.6/index.d.ts\n\n[tsl] ERROR in /app/frontend/node_modules/@types/react-router/ts4.6/index.d.ts(124,114)\n      TS1128: Declaration or statement expected.\n\n error  in /app/frontend/node_modules/@types/react-router/ts4.6/index.d.ts\n\n[tsl] ERROR in /app/frontend/node_modules/@types/react-router/ts4.6/index.d.ts(124,115)\n      TS1128: Declaration or statement expected.\n\n error  in /app/frontend/node_modules/@types/react-router/ts4.6/index.d.ts\n\n[tsl] ERROR in /app/frontend/node_modules/@types/react-router/ts4.6/index.d.ts(126,18)\n      TS1005: ';' expected.\n\n error  in /app/frontend/node_modules/@types/react-router/ts4.6/index.d.ts\n\n[tsl] ERROR in /app/frontend/node_modules/@types/react-router/ts4.6/index.d.ts(126,19)\n      TS1005: ';' expected.\n\n error  in /app/frontend/node_modules/@types/react-router/ts4.6/index.d.ts\n\n[tsl] ERROR in /app/frontend/node_modules/@types/react-router/ts4.6/index.d.ts(126,26)\n      TS1005: ';' expected.\n\n error  in /app/frontend/node_modules/@types/react-router/ts4.6/index.d.ts\n\n[tsl] ERROR in /app/frontend/node_modules/@types/react-router/ts4.6/index.d.ts(126,32)\n      TS1109: Expression expected.\n\n error  in /app/frontend/node_modules/@types/react-router/ts4.6/index.d.ts\n\n[tsl] ERROR in /app/frontend/node_modules/@types/react-router/ts4.6/index.d.ts(128,18)\n      TS1005: ';' expected.\n\n error  in /app/frontend/node_modules/@types/react-router/ts4.6/index.d.ts\n\n[tsl] ERROR in /app/frontend/node_modules/@types/react-router/ts4.6/index.d.ts(128,19)\n      TS1005: ';' expected.\n\n error  in /app/frontend/node_modules/@types/react-router/ts4.6/index.d.ts\n\n[tsl] ERROR in /app/frontend/node_modules/@types/react-router/ts4.6/index.d.ts(128,26)\n      TS1005: ';' expected.\n\n error  in /app/frontend/node_modules/@types/react-router/ts4.6/index.d.ts\n\n[tsl] ERROR in /app/frontend/node_modules/@types/react-router/ts4.6/index.d.ts(134,18)\n      TS1005: ';' expected.\n\n error  in /app/frontend/node_modules/@types/react-router/ts4.6/index.d.ts\n\n[tsl] ERROR in /app/frontend/node_modules/@types/react-router/ts4.6/index.d.ts(134,19)\n      TS1005: ';' expected.\n\n error  in /app/frontend/node_modules/@types/react-router/ts4.6/index.d.ts\n\n[tsl] ERROR in /app/frontend/node_modules/@types/react-router/ts4.6/index.d.ts(134,26)\n      TS1005: ';' expected.\n\n error  in /app/frontend/node_modules/@types/react-router/ts4.6/index.d.ts\n\n[tsl] ERROR in /app/frontend/node_modules/@types/react-router/ts4.6/index.d.ts(134,33)\n      TS1128: Declaration or statement expected.\n\n error  in /app/frontend/node_modules/@types/react-router/ts4.6/index.d.ts\n\n[tsl] ERROR in /app/frontend/node_modules/@types/react-router/ts4.6/index.d.ts(134,35)\n      TS1005: ';' expected.\n\n error  in /app/frontend/node_modules/@types/react-router/ts4.6/index.d.ts\n\n[tsl] ERROR in /app/frontend/node_modules/@types/react-router/ts4.6/index.d.ts(134,42)\n      TS1005: ';' expected.\n\n error  in /app/frontend/node_modules/@types/react-router/ts4.6/index.d.ts\n\n[tsl] ERROR in /app/frontend/node_modules/@types/react-router/ts4.6/index.d.ts(134,67)\n      TS1161: Unterminated regular expression literal.\n\n error  in /app/frontend/node_modules/@types/react-router/ts4.6/index.d.ts\n\n[tsl] ERROR in /app/frontend/node_modules/@types/react-router/ts4.6/index.d.ts(135,31)\n      TS1005: ':' expected.\n\n error  in /app/frontend/node_modules/@types/react-router/ts4.6/index.d.ts\n\n[tsl] ERROR in /app/frontend/node_modules/@types/react-router/ts4.6/index.d.ts(135,48)\n      TS1005: '}' expected.\n\n error  in /app/frontend/node_modules/@types/react-router/ts4.6/index.d.ts\n\n[tsl] ERROR in /app/frontend/node_modules/@types/react-router/ts4.6/index.d.ts(135,53)\n      TS1128: Declaration or statement expected.\n\n error  in /app/frontend/node_modules/@types/react-router/ts4.6/index.d.ts\n\n[tsl] ERROR in /app/frontend/node_modules/@types/react-router/ts4.6/index.d.ts(135,56)\n      TS1005: ')' expected.\n\n error  in /app/frontend/node_modules/@types/react-router/ts4.6/index.d.ts\n\n[tsl] ERROR in /app/frontend/node_modules/@types/react-router/ts4.6/index.d.ts(135,63)\n      TS1005: ';' expected.\n\n error  in /app/frontend/node_modules/@types/react-router/ts4.6/index.d.ts\n\n[tsl] ERROR in /app/frontend/node_modules/@types/react-router/ts4.6/index.d.ts(135,71)\n      TS1128: Declaration or statement expected.\n\n error  in /app/frontend/node_modules/@types/react-router/ts4.6/index.d.ts\n\n[tsl] ERROR in /app/frontend/node_modules/@types/react-router/ts4.6/index.d.ts(138,18)\n      TS1005: ';' expected.\n\n error  in /app/frontend/node_modules/@types/react-router/ts4.6/index.d.ts\n\n[tsl] ERROR in /app/frontend/node_modules/@types/react-router/ts4.6/index.d.ts(138,19)\n      TS1005: ';' expected.\n\n error  in /app/frontend/node_modules/@types/react-router/ts4.6/index.d.ts\n\n[tsl] ERROR in /app/frontend/node_modules/@types/react-router/ts4.6/index.d.ts(138,26)\n      TS1005: ';' expected.\n\n error  in /app/frontend/node_modules/@types/react-router/ts4.6/index.d.ts\n\n[tsl] ERROR in /app/frontend/node_modules/@types/react-router/ts4.6/index.d.ts(138,33)\n      TS1128: Declaration or statement expected.\n\n error  in /app/frontend/node_modules/@types/react-router/ts4.6/index.d.ts\n\n[tsl] ERROR in /app/frontend/node_modules/@types/react-router/ts4.6/index.d.ts(138,35)\n      TS1005: ';' expected.\n\n error  in /app/frontend/node_modules/@types/react-router/ts4.6/index.d.ts\n\n[tsl] ERROR in /app/frontend/node_modules/@types/react-router/ts4.6/index.d.ts(138,42)\n      TS1005: ';' expected.\n\n error  in /app/frontend/node_modules/@types/react-router/ts4.6/index.d.ts\n\n[tsl] ERROR in /app/frontend/node_modules/@types/react-router/ts4.6/index.d.ts(139,40)\n      TS1005: ';' expected.\n\n error  in /app/frontend/node_modules/@types/react-router/ts4.6/index.d.ts\n\n[tsl] ERROR in /app/frontend/node_modules/@types/react-router/ts4.6/index.d.ts(139,41)\n      TS1005: ';' expected.\n\n error  in /app/frontend/node_modules/@types/react-router/ts4.6/index.d.ts\n\n[tsl] ERROR in /app/frontend/node_modules/@types/react-router/ts4.6/index.d.ts(139,48)\n      TS1005: ';' expected.\n\n error  in /app/frontend/node_modules/@types/react-router/ts4.6/index.d.ts\n\n[tsl] ERROR in /app/frontend/node_modules/@types/react-router/ts4.6/index.d.ts(139,56)\n      TS1005: ')' expected.\n\n error  in /app/frontend/node_modules/@types/react-router/ts4.6/index.d.ts\n\n[tsl] ERROR in /app/frontend/node_modules/@types/react-router/ts4.6/index.d.ts(139,63)\n      TS1005: ';' expected.\n\n error  in /app/frontend/node_modules/@types/react-router/ts4.6/index.d.ts\n\n[tsl] ERROR in /app/frontend/node_modules/@types/react-router/ts4.6/index.d.ts(139,71)\n      TS1128: Declaration or statement expected.\n\n error  in /app/frontend/node_modules/@types/react-router/ts4.6/index.d.ts\n\n[tsl] ERROR in /app/frontend/node_modules/@types/react-router/ts4.6/index.d.ts(174,1)\n      TS1160: Unterminated template literal.\n\n error  in /app/frontend/node_modules/@types/babel__traverse/index.d.ts\n\n[tsl] ERROR in /app/frontend/node_modules/@types/babel__traverse/index.d.ts(68,50)\n      TS1005: ']' expected.\n\n error  in /app/frontend/node_modules/@types/babel__traverse/index.d.ts\n\n[tsl] ERROR in /app/frontend/node_modules/@types/babel__traverse/index.d.ts(68,53)\n      TS1005: ';' expected.\n\n error  in /app/frontend/node_modules/@types/babel__traverse/index.d.ts\n\n[tsl] ERROR in /app/frontend/node_modules/@types/babel__traverse/index.d.ts(68,58)\n      TS1005: ';' expected.\n\n error  in /app/frontend/node_modules/@types/babel__traverse/index.d.ts\n\n[tsl] ERROR in /app/frontend/node_modules/@types/babel__traverse/index.d.ts(68,70)\n      TS1011: An element access expression should take an argument.\n\n error  in /app/frontend/node_modules/@types/babel__traverse/index.d.ts\n\n[tsl] ERROR in /app/frontend/node_modules/@types/babel__traverse/index.d.ts(68,83)\n      TS1005: ';' expected.\n\n error  in /app/frontend/node_modules/@types/babel__traverse/index.d.ts\n\n[tsl] ERROR in /app/frontend/node_modules/@types/babel__traverse/index.d.ts(68,84)\n      TS1128: Declaration or statement expected.\n\n error  in /app/frontend/node_modules/@types/babel__traverse/index.d.ts\n\n[tsl] ERROR in /app/frontend/node_modules/@types/babel__traverse/index.d.ts(68,88)\n      TS1128: Declaration or statement expected.\n\nChild\n    \n    ERROR in /app/frontend/src/components/adminActionManage/listContainer.tsx\n    [tsl] ERROR in /app/frontend/src/components/adminActionManage/listContainer.tsx(61,14)\n          TS2786: 'ScrollBar' cannot be used as a JSX component.\n      Its instance type 'ScrollBar' is not a valid JSX element.\n        The types returned by 'render()' are incompatible between these types.\n          Type 'React.ReactNode' is not assignable to type 'import(\"/app/frontend/node_modules/@types/react-transition-group/node_modules/@types/react/index\").ReactNode'.\n            Type '{}' is not assignable to type 'ReactNode'.\n              Type '{}' is missing the following properties from type 'ReactPortal': key, children, type, props\n    \n    ERROR in /app/frontend/src/components/chatList/emoji.tsx\n    [tsl] ERROR in /app/frontend/src/components/chatList/emoji.tsx(147,37)\n          TS2786: 'ScrollBar' cannot be used as a JSX component.\n      Its instance type 'ScrollBar' is not a valid JSX element.\n    \n    ERROR in /app/frontend/src/components/chatList/index.tsx\n    [tsl] ERROR in /app/frontend/src/components/chatList/index.tsx(364,14)\n          TS2786: 'ScorllBar' cannot be used as a JSX component.\n      Its instance type 'ScrollBar' is not a valid JSX element.\n    \n    ERROR in /app/frontend/src/components/list/index.tsx\n    [tsl] ERROR in /app/frontend/src/components/list/index.tsx(124,26)\n          TS2786: 'CustomCheckbox' cannot be used as a JSX component.\n      Its element type 'ReactElement<any, any> | Component<Pick<CheckboxProps, \"ref\" | \"form\" | \"slot\" | \"style\" | \"title\" | \"className\" | \"innerRef\" | \"key\" | \"defaultChecked\" | ... 278 more ... | \"indeterminateIcon\"> & StyledComponentProps<...>, any, any>' is not a valid JSX element.\n        Type 'Component<Pick<CheckboxProps, \"ref\" | \"form\" | \"slot\" | \"style\" | \"title\" | \"className\" | \"innerRef\" | \"key\" | \"defaultChecked\" | \"defaultValue\" | \"suppressContentEditableWarning\" | ... 276 more ... | \"indeterminateIcon\"> & StyledComponentProps<...>, any, any>' is not assignable to type 'Element | ElementClass'.\n          Type 'Component<Pick<CheckboxProps, \"ref\" | \"form\" | \"slot\" | \"style\" | \"title\" | \"className\" | \"innerRef\" | \"key\" | \"defaultChecked\" | \"defaultValue\" | \"suppressContentEditableWarning\" | ... 276 more ... | \"indeterminateIcon\"> & StyledComponentProps<...>, any, any>' is not assignable to type 'ElementClass'.\n    \n    ERROR in /app/frontend/src/components/list/index.tsx\n    [tsl] ERROR in /app/frontend/src/components/list/index.tsx(133,14)\n          TS2786: 'Scrollbar' cannot be used as a JSX component.\n      Its instance type 'ScrollBar' is not a valid JSX element.\n    \n    ERROR in /app/frontend/src/components/list/index.tsx\n    [tsl] ERROR in /app/frontend/src/components/list/index.tsx(229,27)\n          TS2786: 'CustomCheckbox' cannot be used as a JSX component.\n      Its element type 'ReactElement<any, any> | Component<Pick<CheckboxProps, \"ref\" | \"form\" | \"slot\" | \"style\" | \"title\" | \"className\" | \"innerRef\" | \"key\" | \"defaultChecked\" | ... 278 more ... | \"indeterminateIcon\"> & StyledComponentProps<...>, any, any>' is not a valid JSX element.\n        Type 'Component<Pick<CheckboxProps, \"ref\" | \"form\" | \"slot\" | \"style\" | \"title\" | \"className\" | \"innerRef\" | \"key\" | \"defaultChecked\" | \"defaultValue\" | \"suppressContentEditableWarning\" | ... 276 more ... | \"indeterminateIcon\"> & StyledComponentProps<...>, any, any>' is not assignable to type 'Element | ElementClass'.\n          Type 'Component<Pick<CheckboxProps, \"ref\" | \"form\" | \"slot\" | \"style\" | \"title\" | \"className\" | \"innerRef\" | \"key\" | \"defaultChecked\" | \"defaultValue\" | \"suppressContentEditableWarning\" | ... 276 more ... | \"indeterminateIcon\"> & StyledComponentProps<...>, any, any>' is not assignable to type 'ElementClass'.\n            The types returned by 'render()' are incompatible between these types.\n              Type 'React.ReactNode' is not assignable to type 'import(\"/app/frontend/node_modules/@types/react-transition-group/node_modules/@types/react/index\").ReactNode'.\n                Type '{}' is not assignable to type 'ReactNode'.\n                  Type '{}' is not assignable to type 'ReactPortal'.\n    \n    ERROR in /app/frontend/src/components/musicSearchList/index.tsx\n    [tsl] ERROR in /app/frontend/src/components/musicSearchList/index.tsx(159,34)\n          TS2786: 'ScrollBar' cannot be used as a JSX component.\n      Its instance type 'ScrollBar' is not a valid JSX element.\n    \n    ERROR in /app/frontend/src/components/musicSearchList/index.tsx\n    [tsl] ERROR in /app/frontend/src/components/musicSearchList/index.tsx(191,46)\n          TS2786: 'CustomBtn' cannot be used as a JSX component.\n      Its element type 'ReactElement<any, any> | Component<Pick<DefaultComponentProps<ExtendButtonBaseTypeMap<ButtonTypeMap<{}, \"button\">>>, \"ref\" | ... 284 more ... | \"startIcon\"> & StyledComponentProps<...>, any, any>' is not a valid JSX element.\n        Type 'Component<Pick<DefaultComponentProps<ExtendButtonBaseTypeMap<ButtonTypeMap<{}, \"button\">>>, \"ref\" | \"form\" | ... 283 more ... | \"startIcon\"> & StyledComponentProps<...>, any, any>' is not assignable to type 'Element | ElementClass'.\n          Type 'Component<Pick<DefaultComponentProps<ExtendButtonBaseTypeMap<ButtonTypeMap<{}, \"button\">>>, \"ref\" | \"form\" | ... 283 more ... | \"startIcon\"> & StyledComponentProps<...>, any, any>' is not assignable to type 'ElementClass'.\n            The types returned by 'render()' are incompatible between these types.\n              Type 'React.ReactNode' is not assignable to type 'import(\"/app/frontend/node_modules/@types/react-transition-group/node_modules/@types/react/index\").ReactNode'.\n                Type '{}' is not assignable to type 'ReactNode'.\n                  Type '{}' is not assignable to type 'ReactPortal'.\n    \n    ERROR in /app/frontend/src/components/musicSearchList/index.tsx\n    [tsl] ERROR in /app/frontend/src/components/musicSearchList/index.tsx(203,60)\n          TS2786: 'ScrollBar' cannot be used as a JSX component.\n      Its instance type 'ScrollBar' is not a valid JSX element.\n    \n    ERROR in /app/frontend/src/components/player/index.tsx\n    [tsl] ERROR in /app/frontend/src/components/player/index.tsx(491,34)\n          TS2786: 'VolumeSlider' cannot be used as a JSX component.\n      Its element type 'ReactElement<any, any> | Component<Pick<DefaultComponentProps<SliderTypeMap<{}, \"span\">>, \"ref\" | \"slot\" | \"style\" | \"title\" | ... 270 more ... | \"valueLabelFormat\"> & StyledComponentProps<...>, any, any>' is not a valid JSX element.\n        Type 'Component<Pick<DefaultComponentProps<SliderTypeMap<{}, \"span\">>, \"ref\" | \"slot\" | \"style\" | \"title\" | \"track\" | \"className\" | \"innerRef\" | ... 267 more ... | \"valueLabelFormat\"> & StyledComponentProps<...>, any, any>' is not assignable to type 'Element | ElementClass'.\n          Type 'Component<Pick<DefaultComponentProps<SliderTypeMap<{}, \"span\">>, \"ref\" | \"slot\" | \"style\" | \"title\" | \"track\" | \"className\" | \"innerRef\" | ... 267 more ... | \"valueLabelFormat\"> & StyledComponentProps<...>, any, any>' is not assignable to type 'ElementClass'.\n            The types returned by 'render()' are incompatible between these types.\n              Type 'React.ReactNode' is not assignable to type 'import(\"/app/frontend/node_modules/@types/react-transition-group/node_modules/@types/react/index\").ReactNode'.\n                Type '{}' is not assignable to type 'ReactNode'.\n                  Type '{}' is not assignable to type 'ReactPortal'.\n    \n    ERROR in /app/frontend/src/components/roomVisualization/index.tsx\n    [tsl] ERROR in /app/frontend/src/components/roomVisualization/index.tsx(315,10)\n          TS2786: 'ReactEcharts' cannot be used as a JSX component.\n      Its instance type 'ReactEchartsCore' is not a valid JSX element.\n        The types returned by 'render()' are incompatible between these types.\n          Type 'React.ReactNode' is not assignable to type 'import(\"/app/frontend/node_modules/@types/react-transition-group/node_modules/@types/react/index\").ReactNode'.\n            Type '{}' is not assignable to type 'ReactNode'.\n              Type '{}' is not assignable to type 'ReactPortal'.\n    \n    ERROR in /app/frontend/src/components/roomVisualization/index.tsx\n    [tsl] ERROR in /app/frontend/src/components/roomVisualization/index.tsx(315,23)\n          TS2769: No overload matches this call.\n      Overload 1 of 2, '(props: ReactEchartsCorePropsTypes | Readonly<ReactEchartsCorePropsTypes>): ReactEchartsCore', gave the following error.\n        Type '{ title: {}; visualMap: ({ type: string; splitNumber: number; min: number; max: number; dimension: number; seriesIndex: number; showLabel: boolean; show: boolean; inRange: { color: string[]; symbolSize: number[]; }; outOfRange: { ...; }; } | { ...; })[]; geo: { ...; }; series: ({ ...; } | { ...; })[]; }' is not assignable to type 'EChartOption<Series>'.\n          Types of property 'visualMap' are incompatible.\n            Type '({ type: string; splitNumber: number; min: number; max: number; dimension: number; seriesIndex: number; showLabel: boolean; show: boolean; inRange: { color: string[]; symbolSize: number[]; }; outOfRange: { ...; }; } | { ...; })[]' is not assignable to type 'VisualMap[]'.\n              Type '{ type: string; splitNumber: number; min: number; max: number; dimension: number; seriesIndex: number; showLabel: boolean; show: boolean; inRange: { color: string[]; symbolSize: number[]; }; outOfRange: { ...; }; } | { ...; }' is not assignable to type 'VisualMap'.\n                Type '{ type: string; splitNumber: number; min: number; max: number; dimension: number; seriesIndex: number; showLabel: boolean; show: boolean; inRange: { color: string[]; symbolSize: number[]; }; outOfRange: { ...; }; }' is not assignable to type 'VisualMap'.\n                  Type '{ type: string; splitNumber: number; min: number; max: number; dimension: number; seriesIndex: number; showLabel: boolean; show: boolean; inRange: { color: string[]; symbolSize: number[]; }; outOfRange: { ...; }; }' is not assignable to type 'Piecewise'.\n                    Types of property 'type' are incompatible.\n                      Type 'string' is not assignable to type '\"piecewise\"'.\n      Overload 2 of 2, '(props: ReactEchartsCorePropsTypes, context: any): ReactEchartsCore', gave the following error.\n        Type '{ title: {}; visualMap: ({ type: string; splitNumber: number; min: number; max: number; dimension: number; seriesIndex: number; showLabel: boolean; show: boolean; inRange: { color: string[]; symbolSize: number[]; }; outOfRange: { ...; }; } | { ...; })[]; geo: { ...; }; series: ({ ...; } | { ...; })[]; }' is not assignable to type 'EChartOption<Series>'.\n    \n    ERROR in /app/frontend/src/pages/index/index.tsx\n    [tsl] ERROR in /app/frontend/src/pages/index/index.tsx(175,14)\n          TS2786: 'CustomTabs' cannot be used as a JSX component.\n      Its element type 'ReactElement<any, any> | Component<Pick<DefaultComponentProps<TabsTypeMap<{}, ExtendButtonBase<ButtonBaseTypeMap<{}, \"button\">>>>, \"ref\" | ... 286 more ... | \"textColor\"> & StyledComponentProps<...>, any, any>' is not a valid JSX element.\n        Type 'Component<Pick<DefaultComponentProps<TabsTypeMap<{}, ExtendButtonBase<ButtonBaseTypeMap<{}, \"button\">>>>, \"ref\" | ... 286 more ... | \"textColor\"> & StyledComponentProps<...>, any, any>' is not assignable to type 'Element | ElementClass'.\n          Type 'Component<Pick<DefaultComponentProps<TabsTypeMap<{}, ExtendButtonBase<ButtonBaseTypeMap<{}, \"button\">>>>, \"ref\" | ... 286 more ... | \"textColor\"> & StyledComponentProps<...>, any, any>' is not assignable to type 'ElementClass'.\n            The types returned by 'render()' are incompatible between these types.\n              Type 'React.ReactNode' is not assignable to type 'import(\"/app/frontend/node_modules/@types/react-transition-group/node_modules/@types/react/index\").ReactNode'.\n                Type '{}' is not assignable to type 'ReactNode'.\n                  Type '{}' is not assignable to type 'ReactPortal'.\n    \n    ERROR in /app/frontend/src/pages/index/index.tsx\n    [tsl] ERROR in /app/frontend/src/pages/index/index.tsx(176,18)\n          TS2786: 'CustomTab' cannot be used as a JSX component.\n      Its element type 'ReactElement<any, any> | Component<Pick<DefaultComponentProps<ExtendButtonBaseTypeMap<TabTypeMap<{}, \"div\">>>, \"ref\" | ... 274 more ... | \"wrapped\"> & StyledComponentProps<...>, any, any>' is not a valid JSX element.\n        Type 'Component<Pick<DefaultComponentProps<ExtendButtonBaseTypeMap<TabTypeMap<{}, \"div\">>>, \"ref\" | \"label\" | \"slot\" | ... 272 more ... | \"wrapped\"> & StyledComponentProps<...>, any, any>' is not assignable to type 'Element | ElementClass'.\n          Type 'Component<Pick<DefaultComponentProps<ExtendButtonBaseTypeMap<TabTypeMap<{}, \"div\">>>, \"ref\" | \"label\" | \"slot\" | ... 272 more ... | \"wrapped\"> & StyledComponentProps<...>, any, any>' is not assignable to type 'ElementClass'.\n            The types returned by 'render()' are incompatible between these types.\n              Type 'React.ReactNode' is not assignable to type 'import(\"/app/frontend/node_modules/@types/react-transition-group/node_modules/@types/react/index\").ReactNode'.\n                Type '{}' is not assignable to type 'ReactNode'.\n                  Type '{}' is not assignable to type 'ReactPortal'.\n    \n    ERROR in /app/frontend/src/pages/index/index.tsx\n    [tsl] ERROR in /app/frontend/src/pages/index/index.tsx(177,18)\n          TS2786: 'CustomTab' cannot be used as a JSX component.\n      Its element type 'ReactElement<any, any> | Component<Pick<DefaultComponentProps<ExtendButtonBaseTypeMap<TabTypeMap<{}, \"div\">>>, \"ref\" | ... 274 more ... | \"wrapped\"> & StyledComponentProps<...>, any, any>' is not a valid JSX element.\n        Type 'Component<Pick<DefaultComponentProps<ExtendButtonBaseTypeMap<TabTypeMap<{}, \"div\">>>, \"ref\" | \"label\" | \"slot\" | ... 272 more ... | \"wrapped\"> & StyledComponentProps<...>, any, any>' is not assignable to type 'Element | ElementClass'.\n          Type 'Component<Pick<DefaultComponentProps<ExtendButtonBaseTypeMap<TabTypeMap<{}, \"div\">>>, \"ref\" | \"label\" | \"slot\" | ... 272 more ... | \"wrapped\"> & StyledComponentProps<...>, any, any>' is not assignable to type 'ElementClass'.\n    \n    ERROR in /app/frontend/src/pages/index/index.tsx\n    [tsl] ERROR in /app/frontend/src/pages/index/index.tsx(180,26)\n          TS2786: 'CustomTab' cannot be used as a JSX component.\n      Its element type 'ReactElement<any, any> | Component<Pick<DefaultComponentProps<ExtendButtonBaseTypeMap<TabTypeMap<{}, \"div\">>>, \"ref\" | ... 274 more ... | \"wrapped\"> & StyledComponentProps<...>, any, any>' is not a valid JSX element.\n        Type 'Component<Pick<DefaultComponentProps<ExtendButtonBaseTypeMap<TabTypeMap<{}, \"div\">>>, \"ref\" | \"label\" | \"slot\" | ... 272 more ... | \"wrapped\"> & StyledComponentProps<...>, any, any>' is not assignable to type 'Element | ElementClass'.\n          Type 'Component<Pick<DefaultComponentProps<ExtendButtonBaseTypeMap<TabTypeMap<{}, \"div\">>>, \"ref\" | \"label\" | \"slot\" | ... 272 more ... | \"wrapped\"> & StyledComponentProps<...>, any, any>' is not assignable to type 'ElementClass'.\n    \n    ERROR in /app/frontend/src/pages/index/index.tsx\n    [tsl] ERROR in /app/frontend/src/pages/index/index.tsx(181,26)\n          TS2786: 'CustomTab' cannot be used as a JSX component.\n      Its element type 'ReactElement<any, any> | Component<Pick<DefaultComponentProps<ExtendButtonBaseTypeMap<TabTypeMap<{}, \"div\">>>, \"ref\" | ... 274 more ... | \"wrapped\"> & StyledComponentProps<...>, any, any>' is not a valid JSX element.\n        Type 'Component<Pick<DefaultComponentProps<ExtendButtonBaseTypeMap<TabTypeMap<{}, \"div\">>>, \"ref\" | \"label\" | \"slot\" | ... 272 more ... | \"wrapped\"> & StyledComponentProps<...>, any, any>' is not assignable to type 'Element | ElementClass'.\n          Type 'Component<Pick<DefaultComponentProps<ExtendButtonBaseTypeMap<TabTypeMap<{}, \"div\">>>, \"ref\" | \"label\" | \"slot\" | ... 272 more ... | \"wrapped\"> & StyledComponentProps<...>, any, any>' is not assignable to type 'ElementClass'.\n    \n    ERROR in /app/frontend/src/pages/index/input.tsx\n    [tsl] ERROR in /app/frontend/src/pages/index/input.tsx(275,22)\n          TS2786: 'CustomBtn' cannot be used as a JSX component.\n      Its element type 'ReactElement<any, any> | Component<Pick<DefaultComponentProps<ExtendButtonBaseTypeMap<ButtonTypeMap<{}, \"button\">>>, \"ref\" | ... 284 more ... | \"startIcon\"> & StyledComponentProps<...>, any, any>' is not a valid JSX element.\n        Type 'Component<Pick<DefaultComponentProps<ExtendButtonBaseTypeMap<ButtonTypeMap<{}, \"button\">>>, \"ref\" | \"form\" | ... 283 more ... | \"startIcon\"> & StyledComponentProps<...>, any, any>' is not assignable to type 'Element | ElementClass'.\n          Type 'Component<Pick<DefaultComponentProps<ExtendButtonBaseTypeMap<ButtonTypeMap<{}, \"button\">>>, \"ref\" | \"form\" | ... 283 more ... | \"startIcon\"> & StyledComponentProps<...>, any, any>' is not assignable to type 'ElementClass'.\n    \n    ERROR in /app/frontend/src/pages/index/input.tsx\n    [tsl] ERROR in /app/frontend/src/pages/index/input.tsx(305,10)\n          TS2786: 'CustomTabs' cannot be used as a JSX component.\n      Its element type 'ReactElement<any, any> | Component<Pick<DefaultComponentProps<TabsTypeMap<{}, ExtendButtonBase<ButtonBaseTypeMap<{}, \"button\">>>>, \"ref\" | ... 286 more ... | \"textColor\"> & StyledComponentProps<...>, any, any>' is not a valid JSX element.\n        Type 'Component<Pick<DefaultComponentProps<TabsTypeMap<{}, ExtendButtonBase<ButtonBaseTypeMap<{}, \"button\">>>>, \"ref\" | ... 286 more ... | \"textColor\"> & StyledComponentProps<...>, any, any>' is not assignable to type 'Element | ElementClass'.\n          Type 'Component<Pick<DefaultComponentProps<TabsTypeMap<{}, ExtendButtonBase<ButtonBaseTypeMap<{}, \"button\">>>>, \"ref\" | ... 286 more ... | \"textColor\"> & StyledComponentProps<...>, any, any>' is not assignable to type 'ElementClass'.\n    \n    ERROR in /app/frontend/src/pages/index/input.tsx\n    [tsl] ERROR in /app/frontend/src/pages/index/input.tsx(306,14)\n          TS2786: 'CustomTab' cannot be used as a JSX component.\n      Its element type 'ReactElement<any, any> | Component<Pick<DefaultComponentProps<ExtendButtonBaseTypeMap<TabTypeMap<{}, \"div\">>>, \"ref\" | ... 274 more ... | \"wrapped\"> & StyledComponentProps<...>, any, any>' is not a valid JSX element.\n        Type 'Component<Pick<DefaultComponentProps<ExtendButtonBaseTypeMap<TabTypeMap<{}, \"div\">>>, \"ref\" | \"label\" | \"slot\" | ... 272 more ... | \"wrapped\"> & StyledComponentProps<...>, any, any>' is not assignable to type 'Element | ElementClass'.\n          Type 'Component<Pick<DefaultComponentProps<ExtendButtonBaseTypeMap<TabTypeMap<{}, \"div\">>>, \"ref\" | \"label\" | \"slot\" | ... 272 more ... | \"wrapped\"> & StyledComponentProps<...>, any, any>' is not assignable to type 'ElementClass'.\n    \n    ERROR in /app/frontend/src/pages/index/input.tsx\n    [tsl] ERROR in /app/frontend/src/pages/index/input.tsx(307,14)\n          TS2786: 'CustomTab' cannot be used as a JSX component.\n      Its element type 'ReactElement<any, any> | Component<Pick<DefaultComponentProps<ExtendButtonBaseTypeMap<TabTypeMap<{}, \"div\">>>, \"ref\" | ... 274 more ... | \"wrapped\"> & StyledComponentProps<...>, any, any>' is not a valid JSX element.\n        Type 'Component<Pick<DefaultComponentProps<ExtendButtonBaseTypeMap<TabTypeMap<{}, \"div\">>>, \"ref\" | \"label\" | \"slot\" | ... 272 more ... | \"wrapped\"> & StyledComponentProps<...>, any, any>' is not assignable to type 'Element | ElementClass'.\n          Type 'Component<Pick<DefaultComponentProps<ExtendButtonBaseTypeMap<TabTypeMap<{}, \"div\">>>, \"ref\" | \"label\" | \"slot\" | ... 272 more ... | \"wrapped\"> & StyledComponentProps<...>, any, any>' is not assignable to type 'ElementClass'.\n    \n    ERROR in /app/frontend/src/pages/index/roomList.tsx\n    [tsl] ERROR in /app/frontend/src/pages/index/roomList.tsx(99,13)\n          TS2786: 'ScrollBar' cannot be used as a JSX component.\n      Its instance type 'ScrollBar' is not a valid JSX element.\n    \n    ERROR in /app/frontend/src/utils/styleInject.tsx\n    [tsl] ERROR in /app/frontend/src/utils/styleInject.tsx(35,13)\n          TS2786: 'CustomTextFeildContent' cannot be used as a JSX component.\n      Its element type 'ReactElement<any, any> | Component<(Pick<StandardTextFieldProps, \"ref\" | \"label\" | \"slot\" | \"select\" | \"style\" | \"title\" | \"className\" | ... 278 more ... | \"SelectProps\"> & StyledComponentProps<...>) | (Pick<...> & StyledComponentProps<...>) | (Pick<...> & StyledComponentProps<...>), any, any>' is not a valid JSX element.\n        Type 'Component<(Pick<StandardTextFieldProps, \"ref\" | \"label\" | \"slot\" | \"select\" | \"style\" | \"title\" | \"className\" | \"innerRef\" | \"key\" | \"defaultChecked\" | \"defaultValue\" | ... 274 more ... | \"SelectProps\"> & StyledComponentProps<...>) | (Pick<...> & StyledComponentProps<...>) | (Pick<...> & StyledComponentProps<...>), ...' is not assignable to type 'Element | ElementClass'.\n          Type 'Component<(Pick<StandardTextFieldProps, \"ref\" | \"label\" | \"slot\" | \"select\" | \"style\" | \"title\" | \"className\" | \"innerRef\" | \"key\" | \"defaultChecked\" | \"defaultValue\" | ... 274 more ... | \"SelectProps\"> & StyledComponentProps<...>) | (Pick<...> & StyledComponentProps<...>) | (Pick<...> & StyledComponentProps<...>), ...' is not assignable to type 'ElementClass'.\n            The types returned by 'render()' are incompatible between these types.\n              Type 'React.ReactNode' is not assignable to type 'import(\"/app/frontend/node_modules/@types/react-transition-group/node_modules/@types/react/index\").ReactNode'.\n                Type '{}' is not assignable to type 'ReactNode'.\n                  Type '{}' is not assignable to type 'ReactPortal'.\n    \n    ERROR in /app/frontend/node_modules/@types/react-router/ts4.6/index.d.ts\n    [tsl] ERROR in /app/frontend/node_modules/@types/react-router/ts4.6/index.d.ts(124,100)\n          TS1110: Type expected.\n    \n    ERROR in /app/frontend/node_modules/@types/react-router/ts4.6/index.d.ts\n    [tsl] ERROR in /app/frontend/node_modules/@types/react-router/ts4.6/index.d.ts(124,109)\n          TS1005: '}' expected.\n    \n    ERROR in /app/frontend/node_modules/@types/react-router/ts4.6/index.d.ts\n    [tsl] ERROR in /app/frontend/node_modules/@types/react-router/ts4.6/index.d.ts(124,114)\n          TS1128: Declaration or statement expected.\n    \n    ERROR in /app/frontend/node_modules/@types/react-router/ts4.6/index.d.ts\n    [tsl] ERROR in /app/frontend/node_modules/@types/react-router/ts4.6/index.d.ts(124,115)\n          TS1128: Declaration or statement expected.\n    \n    ERROR in /app/frontend/node_modules/@types/react-router/ts4.6/index.d.ts\n    [tsl] ERROR in /app/frontend/node_modules/@types/react-router/ts4.6/index.d.ts(126,18)\n          TS1005: ';' expected.\n    \n    ERROR in /app/frontend/node_modules/@types/react-router/ts4.6/index.d.ts\n    [tsl] ERROR in /app/frontend/node_modules/@types/react-router/ts4.6/index.d.ts(126,19)\n          TS1005: ';' expected.\n    \n    ERROR in /app/frontend/node_modules/@types/react-router/ts4.6/index.d.ts\n    [tsl] ERROR in /app/frontend/node_modules/@types/react-router/ts4.6/index.d.ts(126,26)\n          TS1005: ';' expected.\n    \n    ERROR in /app/frontend/node_modules/@types/react-router/ts4.6/index.d.ts\n    [tsl] ERROR in /app/frontend/node_modules/@types/react-router/ts4.6/index.d.ts(126,32)\n          TS1109: Expression expected.\n    \n    ERROR in /app/frontend/node_modules/@types/react-router/ts4.6/index.d.ts\n    [tsl] ERROR in /app/frontend/node_modules/@types/react-router/ts4.6/index.d.ts(128,18)\n          TS1005: ';' expected.\n    \n    ERROR in /app/frontend/node_modules/@types/react-router/ts4.6/index.d.ts\n    [tsl] ERROR in /app/frontend/node_modules/@types/react-router/ts4.6/index.d.ts(128,19)\n          TS1005: ';' expected.\n    \n    ERROR in /app/frontend/node_modules/@types/react-router/ts4.6/index.d.ts\n    [tsl] ERROR in /app/frontend/node_modules/@types/react-router/ts4.6/index.d.ts(128,26)\n          TS1005: ';' expected.\n    \n    ERROR in /app/frontend/node_modules/@types/react-router/ts4.6/index.d.ts\n    [tsl] ERROR in /app/frontend/node_modules/@types/react-router/ts4.6/index.d.ts(134,18)\n          TS1005: ';' expected.\n    \n    ERROR in /app/frontend/node_modules/@types/react-router/ts4.6/index.d.ts\n    [tsl] ERROR in /app/frontend/node_modules/@types/react-router/ts4.6/index.d.ts(134,19)\n          TS1005: ';' expected.\n    \n    ERROR in /app/frontend/node_modules/@types/react-router/ts4.6/index.d.ts\n    [tsl] ERROR in /app/frontend/node_modules/@types/react-router/ts4.6/index.d.ts(134,26)\n          TS1005: ';' expected.\n    \n    ERROR in /app/frontend/node_modules/@types/react-router/ts4.6/index.d.ts\n    [tsl] ERROR in /app/frontend/node_modules/@types/react-router/ts4.6/index.d.ts(134,33)\n          TS1128: Declaration or statement expected.\n    \n    ERROR in /app/frontend/node_modules/@types/react-router/ts4.6/index.d.ts\n    [tsl] ERROR in /app/frontend/node_modules/@types/react-router/ts4.6/index.d.ts(134,35)\n          TS1005: ';' expected.\n    \n    ERROR in /app/frontend/node_modules/@types/react-router/ts4.6/index.d.ts\n    [tsl] ERROR in /app/frontend/node_modules/@types/react-router/ts4.6/index.d.ts(134,42)\n          TS1005: ';' expected.\n    \n    ERROR in /app/frontend/node_modules/@types/react-router/ts4.6/index.d.ts\n    [tsl] ERROR in /app/frontend/node_modules/@types/react-router/ts4.6/index.d.ts(134,67)\n          TS1161: Unterminated regular expression literal.\n    \n    ERROR in /app/frontend/node_modules/@types/react-router/ts4.6/index.d.ts\n    [tsl] ERROR in /app/frontend/node_modules/@types/react-router/ts4.6/index.d.ts(135,31)\n          TS1005: ':' expected.\n    \n    ERROR in /app/frontend/node_modules/@types/react-router/ts4.6/index.d.ts\n    [tsl] ERROR in /app/frontend/node_modules/@types/react-router/ts4.6/index.d.ts(135,48)\n          TS1005: '}' expected.\n    \n    ERROR in /app/frontend/node_modules/@types/react-router/ts4.6/index.d.ts\n    [tsl] ERROR in /app/frontend/node_modules/@types/react-router/ts4.6/index.d.ts(135,53)\n          TS1128: Declaration or statement expected.\n    \n    ERROR in /app/frontend/node_modules/@types/react-router/ts4.6/index.d.ts\n    [tsl] ERROR in /app/frontend/node_modules/@types/react-router/ts4.6/index.d.ts(135,56)\n          TS1005: ')' expected.\n    \n    ERROR in /app/frontend/node_modules/@types/react-router/ts4.6/index.d.ts\n    [tsl] ERROR in /app/frontend/node_modules/@types/react-router/ts4.6/index.d.ts(135,63)\n          TS1005: ';' expected.\n    \n    ERROR in /app/frontend/node_modules/@types/react-router/ts4.6/index.d.ts\n    [tsl] ERROR in /app/frontend/node_modules/@types/react-router/ts4.6/index.d.ts(135,71)\n          TS1128: Declaration or statement expected.\n    \n    ERROR in /app/frontend/node_modules/@types/react-router/ts4.6/index.d.ts\n    [tsl] ERROR in /app/frontend/node_modules/@types/react-router/ts4.6/index.d.ts(138,18)\n          TS1005: ';' expected.\n    \n    ERROR in /app/frontend/node_modules/@types/react-router/ts4.6/index.d.ts\n    [tsl] ERROR in /app/frontend/node_modules/@types/react-router/ts4.6/index.d.ts(138,19)\n          TS1005: ';' expected.\n    \n    ERROR in /app/frontend/node_modules/@types/react-router/ts4.6/index.d.ts\n    [tsl] ERROR in /app/frontend/node_modules/@types/react-router/ts4.6/index.d.ts(138,26)\n          TS1005: ';' expected.\n    \n    ERROR in /app/frontend/node_modules/@types/react-router/ts4.6/index.d.ts\n    [tsl] ERROR in /app/frontend/node_modules/@types/react-router/ts4.6/index.d.ts(138,33)\n          TS1128: Declaration or statement expected.\n    \n    ERROR in /app/frontend/node_modules/@types/react-router/ts4.6/index.d.ts\n    [tsl] ERROR in /app/frontend/node_modules/@types/react-router/ts4.6/index.d.ts(138,35)\n          TS1005: ';' expected.\n    \n    ERROR in /app/frontend/node_modules/@types/react-router/ts4.6/index.d.ts\n    [tsl] ERROR in /app/frontend/node_modules/@types/react-router/ts4.6/index.d.ts(138,42)\n          TS1005: ';' expected.\n    \n    ERROR in /app/frontend/node_modules/@types/react-router/ts4.6/index.d.ts\n    [tsl] ERROR in /app/frontend/node_modules/@types/react-router/ts4.6/index.d.ts(139,40)\n          TS1005: ';' expected.\n    \n    ERROR in /app/frontend/node_modules/@types/react-router/ts4.6/index.d.ts\n    [tsl] ERROR in /app/frontend/node_modules/@types/react-router/ts4.6/index.d.ts(139,41)\n          TS1005: ';' expected.\n    \n    ERROR in /app/frontend/node_modules/@types/react-router/ts4.6/index.d.ts\n    [tsl] ERROR in /app/frontend/node_modules/@types/react-router/ts4.6/index.d.ts(139,48)\n          TS1005: ';' expected.\n    \n    ERROR in /app/frontend/node_modules/@types/react-router/ts4.6/index.d.ts\n    [tsl] ERROR in /app/frontend/node_modules/@types/react-router/ts4.6/index.d.ts(139,56)\n          TS1005: ')' expected.\n    \n    ERROR in /app/frontend/node_modules/@types/react-router/ts4.6/index.d.ts\n    [tsl] ERROR in /app/frontend/node_modules/@types/react-router/ts4.6/index.d.ts(139,63)\n          TS1005: ';' expected.\n    \n    ERROR in /app/frontend/node_modules/@types/react-router/ts4.6/index.d.ts\n    [tsl] ERROR in /app/frontend/node_modules/@types/react-router/ts4.6/index.d.ts(139,71)\n          TS1128: Declaration or statement expected.\n    \n    ERROR in /app/frontend/node_modules/@types/react-router/ts4.6/index.d.ts\n    [tsl] ERROR in /app/frontend/node_modules/@types/react-router/ts4.6/index.d.ts(174,1)\n          TS1160: Unterminated template literal.\n    \n    ERROR in /app/frontend/node_modules/@types/babel__traverse/index.d.ts\n    [tsl] ERROR in /app/frontend/node_modules/@types/babel__traverse/index.d.ts(68,50)\n          TS1005: ']' expected.\n    \n    ERROR in /app/frontend/node_modules/@types/babel__traverse/index.d.ts\n    [tsl] ERROR in /app/frontend/node_modules/@types/babel__traverse/index.d.ts(68,53)\n          TS1005: ';' expected.\n    \n    ERROR in /app/frontend/node_modules/@types/babel__traverse/index.d.ts\n    [tsl] ERROR in /app/frontend/node_modules/@types/babel__traverse/index.d.ts(68,58)\n          TS1005: ';' expected.\n    \n    ERROR in /app/frontend/node_modules/@types/babel__traverse/index.d.ts\n    [tsl] ERROR in /app/frontend/node_modules/@types/babel__traverse/index.d.ts(68,70)\n          TS1011: An element access expression should take an argument.\n    \n    ERROR in /app/frontend/node_modules/@types/babel__traverse/index.d.ts\n    [tsl] ERROR in /app/frontend/node_modules/@types/babel__traverse/index.d.ts(68,83)\n          TS1005: ';' expected.\n    \n    ERROR in /app/frontend/node_modules/@types/babel__traverse/index.d.ts\n    [tsl] ERROR in /app/frontend/node_modules/@types/babel__traverse/index.d.ts(68,84)\n          TS1128: Declaration or statement expected.\n    \n    ERROR in /app/frontend/node_modules/@types/babel__traverse/index.d.ts\n    [tsl] ERROR in /app/frontend/node_modules/@types/babel__traverse/index.d.ts(68,88)\n          TS1128: Declaration or statement expected.\n\u001b[91mnull\n\u001b[0m info  如果你需要进交流群，请访问 https://fb.umijs.org\n\u001b[91mbuild failed\n\u001b[0m\u001b[91mError: build failed\n    at /app/frontend/node_modules/@umijs/bundler-webpack/lib/index.js:177:29\n    at finalCallback (/app/frontend/node_modules/@umijs/deps/compiled/webpack/4/bundle4.js:108196:12)\n    at /app/frontend/node_modules/@umijs/deps/compiled/webpack/4/bundle4.js:108219:6\n    at done (/app/frontend/node_modules/@umijs/deps/compiled/webpack/4/bundle4.js:67212:13)\n    at runCompilers (/app/frontend/node_modules/@umijs/deps/compiled/webpack/4/bundle4.js:108123:48)\n    at /app/frontend/node_modules/@umijs/deps/compiled/webpack/4/bundle4.js:108130:7\n    at /app/frontend/node_modules/@umijs/deps/compiled/webpack/4/bundle4.js:108212:7\n    at finalCallback (/app/frontend/node_modules/@umijs/deps/compiled/webpack/4/bundle4.js:98589:39)\n    at /app/frontend/node_modules/@umijs/deps/compiled/webpack/4/bundle4.js:98605:13\n    at AsyncSeriesHook.eval [as callAsync] (eval at create (/app/frontend/node_modules/@umijs/deps/compiled/webpack/4/bundle4.js:147581:10), <anonymous>:49:1)\n    at AsyncSeriesHook.lazyCompileHook (/app/frontend/node_modules/@umijs/deps/compiled/webpack/4/bundle4.js:147518:20)\n    at onCompiled (/app/frontend/node_modules/@umijs/deps/compiled/webpack/4/bundle4.js:98603:21)\n    at /app/frontend/node_modules/@umijs/deps/compiled/webpack/4/bundle4.js:99013:15\n    at eval (eval at create (/app/frontend/node_modules/@umijs/deps/compiled/webpack/4/bundle4.js:147581:10), <anonymous>:9:1)\n    at /app/frontend/node_modules/ts-loader/dist/after-compile.js:36:9\n    at AsyncSeriesHook.eval [as callAsync] (eval at create (/app/frontend/node_modules/@umijs/deps/compiled/webpack/4/bundle4.js:147581:10), <anonymous>:5:1)\n\u001b[0m info  如果你需要进交流群，请访问 https://fb.umijs.org\n\u001b[91mnpm ERR! code\u001b[0m\u001b[91m ELIFECYCLE\nnpm\u001b[0m\u001b[91m \u001b[0m\u001b[91mERR! \u001b[0m\u001b[91merrno 1\n\u001b[0m\u001b[91mnpm ERR! @ build: `umi build`\nnpm ERR! Exit status 1\nnpm ERR! \nnpm \u001b[0m\u001b[91mERR! Failed at the @ build script.\nnpm ERR! This is probably not a problem with npm. There is likely additional logging output above.\n\u001b[0m\u001b[91m\nnpm ERR! A complete log of this run can be found in:\nnpm\u001b[0m\u001b[91m ERR!     /root/.npm/_logs/2022-12-28T01_42_10_478Z-debug.log\n\u001b[0mRemoving intermediate container 0d48964e9fa7\n","stderr":"The command '/bin/sh -c cd ./frontend && npm run build && rm -r /app/frontend' returned a non-zero code: 1\n"},"endTime":1672191734148}