{"repository":"https://github.com/geodels/gospl","dockerfilePath":"Dockerfile","startTime":1672994002592,"endTime":1672994348727,"clone":{"startTime":1672994002593,"stdout":"","stderr":"Cloning into '/tmp/dinghy-analysis/geodels/gospl'...\n","error":null,"endTime":1672994012359,"commit":"41d7e01bac48442c3b868c2ae776c2242fa91c13"},"originalBuild":{"startTime":1672994012438,"endTime":1672994348590,"error":{"code":1,"killed":false,"signal":null,"cmd":"docker build --no-cache --force-rm -t gospl:latest -f /tmp/dinghy-analysis/geodels/gospl/Dockerfile ."},"stdout":"Sending build context to Docker daemon  343.3MB\r\r\nStep 1/10 : FROM geodels/gospl-base:latest\nlatest: Pulling from geodels/gospl-base\n0bc3020d05f1: Pulling fs layer\nf49dd964e40e: Pulling fs layer\nfffed3d313b6: Pulling fs layer\na0083886aa80: Pulling fs layer\n15652115491f: Pulling fs layer\n9da2cb2d7215: Pulling fs layer\ncc692a0bc053: Pulling fs layer\n8e93855961c6: Pulling fs layer\n1905c3bbe2db: Pulling fs layer\n533b32e3e8b7: Pulling fs layer\naaf05f2d741f: Pulling fs layer\n7f796ed17155: Pulling fs layer\ne78d864c23d5: Pulling fs layer\nc57044d7ee6b: Pulling fs layer\n2d1ceec736e4: Pulling fs layer\na3ed95caeb02: Pulling fs layer\n7b116356d252: Pulling fs layer\n23c685d4c0d2: Pulling fs layer\n53c216cc1e7f: Pulling fs layer\n78cc7cf33c2f: Pulling fs layer\n94f9d6135c59: Pulling fs layer\nbbac2b12a901: Pulling fs layer\n21e730c01080: Pulling fs layer\na0083886aa80: Waiting\n15652115491f: Waiting\n2d1ceec736e4: Waiting\n9da2cb2d7215: Waiting\na3ed95caeb02: Waiting\ncc692a0bc053: Waiting\n8e93855961c6: Waiting\n7b116356d252: Waiting\n1905c3bbe2db: Waiting\n23c685d4c0d2: Waiting\nbbac2b12a901: Waiting\n53c216cc1e7f: Waiting\n533b32e3e8b7: Waiting\n21e730c01080: Waiting\n78cc7cf33c2f: Waiting\naaf05f2d741f: Waiting\nc57044d7ee6b: Waiting\n7f796ed17155: Waiting\nfffed3d313b6: Download complete\n0bc3020d05f1: Verifying Checksum\n0bc3020d05f1: Download complete\na0083886aa80: Verifying Checksum\na0083886aa80: Download complete\n9da2cb2d7215: Verifying Checksum\n9da2cb2d7215: Download complete\ncc692a0bc053: Verifying Checksum\ncc692a0bc053: Download complete\n0bc3020d05f1: Pull complete\n15652115491f: Verifying Checksum\n15652115491f: Download complete\n8e93855961c6: Verifying Checksum\n8e93855961c6: Download complete\n1905c3bbe2db: Verifying Checksum\n1905c3bbe2db: Download complete\naaf05f2d741f: Verifying Checksum\naaf05f2d741f: Download complete\n533b32e3e8b7: Verifying Checksum\n533b32e3e8b7: Download complete\n7f796ed17155: Verifying Checksum\n7f796ed17155: Download complete\ne78d864c23d5: Verifying Checksum\ne78d864c23d5: Download complete\n2d1ceec736e4: Verifying Checksum\n2d1ceec736e4: Download complete\nf49dd964e40e: Download complete\na3ed95caeb02: Verifying Checksum\na3ed95caeb02: Download complete\n7b116356d252: Verifying Checksum\n7b116356d252: Download complete\n23c685d4c0d2: Download complete\n53c216cc1e7f: Download complete\n94f9d6135c59: Download complete\nbbac2b12a901: Download complete\nc57044d7ee6b: Verifying Checksum\nc57044d7ee6b: Download complete\n21e730c01080: Download complete\nf49dd964e40e: Pull complete\nfffed3d313b6: Pull complete\na0083886aa80: Pull complete\n15652115491f: Pull complete\n9da2cb2d7215: Pull complete\ncc692a0bc053: Pull complete\n8e93855961c6: Pull complete\n1905c3bbe2db: Pull complete\n533b32e3e8b7: Pull complete\naaf05f2d741f: Pull complete\n7f796ed17155: Pull complete\ne78d864c23d5: Pull complete\nc57044d7ee6b: Pull complete\n2d1ceec736e4: Pull complete\na3ed95caeb02: Pull complete\n7b116356d252: Pull complete\n23c685d4c0d2: Pull complete\n53c216cc1e7f: Pull complete\n78cc7cf33c2f: Pull complete\n94f9d6135c59: Pull complete\nbbac2b12a901: Pull complete\n21e730c01080: Pull complete\nDigest: sha256:b7f674ebce9908010712c7dc11002a1ce0f1c44769a3a9af1a4aa244de6faa6b\nStatus: Downloaded newer image for geodels/gospl-base:latest\n ---> 3a1797fea3a6\nStep 2/10 : ENV PETSC_DIR=/opt/petsc\n ---> Running in 4704ad568f0d\nRemoving intermediate container 4704ad568f0d\n ---> 73311c3d7dbe\nStep 3/10 : ENV PETSC_ARCH=arch-linux-c-opt\n ---> Running in 73e566c0423b\nRemoving intermediate container 73e566c0423b\n ---> 79a473496148\nStep 4/10 : ENV LD_LIBRARY_PATH \"$LD_LIBRARY_PATH:/live/lib/\"\n ---> Running in b5b2d040375b\nRemoving intermediate container b5b2d040375b\n ---> b4a856e7ce22\nStep 5/10 : ADD dockerhub/bashrc-term /root/.bashrc\n ---> b988204cdaeb\nStep 6/10 : RUN apt-get update -qq &&     DEBIAN_FRONTEND=noninteractive apt-get install -yq --no-install-recommends         libgl1-mesa-dev\n ---> Running in e5a1323607ac\nReading package lists...\nBuilding dependency tree...\nReading state information...\nThe following additional packages will be installed:\n  libegl-mesa0 libegl1 libgbm1 libgles1 libgles2 libglvnd-core-dev\n  libglvnd-dev libopengl0 libwayland-client0 libwayland-server0 libx11-xcb-dev\n  libxcb-dri2-0-dev libxcb-dri3-dev libxcb-glx0-dev libxcb-present-dev\n  libxcb-randr0 libxcb-randr0-dev libxcb-render0 libxcb-render0-dev\n  libxcb-shape0 libxcb-shape0-dev libxcb-sync-dev libxcb-xfixes0\n  libxcb-xfixes0-dev libxshmfence-dev\nThe following NEW packages will be installed:\n  libegl-mesa0 libegl1 libgbm1 libgl1-mesa-dev libgles1 libgles2\n  libglvnd-core-dev libglvnd-dev libopengl0 libwayland-client0\n  libwayland-server0 libx11-xcb-dev libxcb-dri2-0-dev libxcb-dri3-dev\n  libxcb-glx0-dev libxcb-present-dev libxcb-randr0 libxcb-randr0-dev\n  libxcb-render0 libxcb-render0-dev libxcb-shape0 libxcb-shape0-dev\n  libxcb-sync-dev libxcb-xfixes0 libxcb-xfixes0-dev libxshmfence-dev\n0 upgraded, 26 newly installed, 0 to remove and 73 not upgraded.\nNeed to get 2013 kB of archives.\nAfter this operation, 4396 kB of additional disk space will be used.\nGet:1 http://deb.debian.org/debian buster/main amd64 libwayland-server0 amd64 1.16.0-1 [32.5 kB]\nGet:2 http://deb.debian.org/debian buster/main amd64 libgbm1 amd64 18.3.6-2+deb10u1 [67.8 kB]\nGet:3 http://deb.debian.org/debian buster/main amd64 libwayland-client0 amd64 1.16.0-1 [26.4 kB]\nGet:4 http://deb.debian.org/debian buster/main amd64 libxcb-xfixes0 amd64 1.13.1-2 [103 kB]\nGet:5 http://deb.debian.org/debian buster/main amd64 libegl-mesa0 amd64 18.3.6-2+deb10u1 [135 kB]\nGet:6 http://deb.debian.org/debian buster/main amd64 libglvnd-core-dev amd64 1.1.0-1 [13.2 kB]\nGet:7 http://deb.debian.org/debian buster/main amd64 libegl1 amd64 1.1.0-1 [33.6 kB]\nGet:8 http://deb.debian.org/debian buster/main amd64 libgles1 amd64 1.1.0-1 [13.8 kB]\nGet:9 http://deb.debian.org/debian buster/main amd64 libgles2 amd64 1.1.0-1 [19.0 kB]\nGet:10 http://deb.debian.org/debian buster/main amd64 libopengl0 amd64 1.1.0-1 [33.4 kB]\nGet:11 http://deb.debian.org/debian buster/main amd64 libglvnd-dev amd64 1.1.0-1 [5128 B]\nGet:12 http://deb.debian.org/debian buster/main amd64 libx11-xcb-dev amd64 2:1.6.7-1+deb10u2 [193 kB]\nGet:13 http://deb.debian.org/debian buster/main amd64 libxcb-dri3-dev amd64 1.13.1-2 [101 kB]\nGet:14 http://deb.debian.org/debian buster/main amd64 libxcb-randr0 amd64 1.13.1-2 [110 kB]\nGet:15 http://deb.debian.org/debian buster/main amd64 libxcb-render0 amd64 1.13.1-2 [109 kB]\nGet:16 http://deb.debian.org/debian buster/main amd64 libxcb-render0-dev amd64 1.13.1-2 [112 kB]\nGet:17 http://deb.debian.org/debian buster/main amd64 libxcb-randr0-dev amd64 1.13.1-2 [114 kB]\nGet:18 http://deb.debian.org/debian buster/main amd64 libxcb-shape0 amd64 1.13.1-2 [99.5 kB]\nGet:19 http://deb.debian.org/debian buster/main amd64 libxcb-shape0-dev amd64 1.13.1-2 [101 kB]\nGet:20 http://deb.debian.org/debian buster/main amd64 libxcb-xfixes0-dev amd64 1.13.1-2 [105 kB]\nGet:21 http://deb.debian.org/debian buster/main amd64 libxcb-sync-dev amd64 1.13.1-2 [104 kB]\nGet:22 http://deb.debian.org/debian buster/main amd64 libxcb-present-dev amd64 1.13.1-2 [101 kB]\nGet:23 http://deb.debian.org/debian buster/main amd64 libxshmfence-dev amd64 1.3-1 [8360 B]\nGet:24 http://deb.debian.org/debian buster/main amd64 libxcb-dri2-0-dev amd64 1.13.1-2 [102 kB]\nGet:25 http://deb.debian.org/debian buster/main amd64 libxcb-glx0-dev amd64 1.13.1-2 [122 kB]\nGet:26 http://deb.debian.org/debian buster/main amd64 libgl1-mesa-dev amd64 18.3.6-2+deb10u1 [48.0 kB]\n\u001b[91mdebconf: delaying package configuration, since apt-utils is not installed\n\u001b[0mFetched 2013 kB in 2s (1230 kB/s)\nSelecting previously unselected package libwayland-server0:amd64.\r\n(Reading database ... \r(Reading database ... 5%\r(Reading database ... 10%\r(Reading database ... 15%\r(Reading database ... 20%\r(Reading database ... 25%\r(Reading database ... 30%\r(Reading database ... 35%\r(Reading database ... 40%\r(Reading database ... 45%\r(Reading database ... 50%\r(Reading database ... 55%\r(Reading database ... 60%\r(Reading database ... 65%\r(Reading database ... 70%\r(Reading database ... 75%\r(Reading database ... 80%\r(Reading database ... 85%\r(Reading database ... 90%\r(Reading database ... 95%\r(Reading database ... 100%\r(Reading database ... 26127 files and directories currently installed.)\r\nPreparing to unpack .../00-libwayland-server0_1.16.0-1_amd64.deb ...\r\nUnpacking libwayland-server0:amd64 (1.16.0-1) ...\r\nSelecting previously unselected package libgbm1:amd64.\r\nPreparing to unpack .../01-libgbm1_18.3.6-2+deb10u1_amd64.deb ...\r\nUnpacking libgbm1:amd64 (18.3.6-2+deb10u1) ...\r\nSelecting previously unselected package libwayland-client0:amd64.\r\nPreparing to unpack .../02-libwayland-client0_1.16.0-1_amd64.deb ...\r\nUnpacking libwayland-client0:amd64 (1.16.0-1) ...\r\nSelecting previously unselected package libxcb-xfixes0:amd64.\r\nPreparing to unpack .../03-libxcb-xfixes0_1.13.1-2_amd64.deb ...\r\nUnpacking libxcb-xfixes0:amd64 (1.13.1-2) ...\r\nSelecting previously unselected package libegl-mesa0:amd64.\r\nPreparing to unpack .../04-libegl-mesa0_18.3.6-2+deb10u1_amd64.deb ...\r\nUnpacking libegl-mesa0:amd64 (18.3.6-2+deb10u1) ...\r\nSelecting previously unselected package libglvnd-core-dev:amd64.\r\nPreparing to unpack .../05-libglvnd-core-dev_1.1.0-1_amd64.deb ...\r\nUnpacking libglvnd-core-dev:amd64 (1.1.0-1) ...\r\nSelecting previously unselected package libegl1:amd64.\r\nPreparing to unpack .../06-libegl1_1.1.0-1_amd64.deb ...\r\nUnpacking libegl1:amd64 (1.1.0-1) ...\r\nSelecting previously unselected package libgles1:amd64.\r\nPreparing to unpack .../07-libgles1_1.1.0-1_amd64.deb ...\r\nUnpacking libgles1:amd64 (1.1.0-1) ...\r\nSelecting previously unselected package libgles2:amd64.\r\nPreparing to unpack .../08-libgles2_1.1.0-1_amd64.deb ...\r\nUnpacking libgles2:amd64 (1.1.0-1) ...\r\nSelecting previously unselected package libopengl0:amd64.\r\nPreparing to unpack .../09-libopengl0_1.1.0-1_amd64.deb ...\r\nUnpacking libopengl0:amd64 (1.1.0-1) ...\r\nSelecting previously unselected package libglvnd-dev:amd64.\r\nPreparing to unpack .../10-libglvnd-dev_1.1.0-1_amd64.deb ...\r\nUnpacking libglvnd-dev:amd64 (1.1.0-1) ...\r\nSelecting previously unselected package libx11-xcb-dev:amd64.\r\nPreparing to unpack .../11-libx11-xcb-dev_2%3a1.6.7-1+deb10u2_amd64.deb ...\r\nUnpacking libx11-xcb-dev:amd64 (2:1.6.7-1+deb10u2) ...\r\nSelecting previously unselected package libxcb-dri3-dev:amd64.\r\nPreparing to unpack .../12-libxcb-dri3-dev_1.13.1-2_amd64.deb ...\r\nUnpacking libxcb-dri3-dev:amd64 (1.13.1-2) ...\r\nSelecting previously unselected package libxcb-randr0:amd64.\r\nPreparing to unpack .../13-libxcb-randr0_1.13.1-2_amd64.deb ...\r\nUnpacking libxcb-randr0:amd64 (1.13.1-2) ...\r\nSelecting previously unselected package libxcb-render0:amd64.\r\nPreparing to unpack .../14-libxcb-render0_1.13.1-2_amd64.deb ...\r\nUnpacking libxcb-render0:amd64 (1.13.1-2) ...\r\nSelecting previously unselected package libxcb-render0-dev:amd64.\r\nPreparing to unpack .../15-libxcb-render0-dev_1.13.1-2_amd64.deb ...\r\nUnpacking libxcb-render0-dev:amd64 (1.13.1-2) ...\r\nSelecting previously unselected package libxcb-randr0-dev:amd64.\r\nPreparing to unpack .../16-libxcb-randr0-dev_1.13.1-2_amd64.deb ...\r\nUnpacking libxcb-randr0-dev:amd64 (1.13.1-2) ...\r\nSelecting previously unselected package libxcb-shape0:amd64.\r\nPreparing to unpack .../17-libxcb-shape0_1.13.1-2_amd64.deb ...\r\nUnpacking libxcb-shape0:amd64 (1.13.1-2) ...\r\nSelecting previously unselected package libxcb-shape0-dev:amd64.\r\nPreparing to unpack .../18-libxcb-shape0-dev_1.13.1-2_amd64.deb ...\r\nUnpacking libxcb-shape0-dev:amd64 (1.13.1-2) ...\r\nSelecting previously unselected package libxcb-xfixes0-dev:amd64.\r\nPreparing to unpack .../19-libxcb-xfixes0-dev_1.13.1-2_amd64.deb ...\r\nUnpacking libxcb-xfixes0-dev:amd64 (1.13.1-2) ...\r\nSelecting previously unselected package libxcb-sync-dev:amd64.\r\nPreparing to unpack .../20-libxcb-sync-dev_1.13.1-2_amd64.deb ...\r\nUnpacking libxcb-sync-dev:amd64 (1.13.1-2) ...\r\nSelecting previously unselected package libxcb-present-dev:amd64.\r\nPreparing to unpack .../21-libxcb-present-dev_1.13.1-2_amd64.deb ...\r\nUnpacking libxcb-present-dev:amd64 (1.13.1-2) ...\r\nSelecting previously unselected package libxshmfence-dev:amd64.\r\nPreparing to unpack .../22-libxshmfence-dev_1.3-1_amd64.deb ...\r\nUnpacking libxshmfence-dev:amd64 (1.3-1) ...\r\nSelecting previously unselected package libxcb-dri2-0-dev:amd64.\r\nPreparing to unpack .../23-libxcb-dri2-0-dev_1.13.1-2_amd64.deb ...\r\nUnpacking libxcb-dri2-0-dev:amd64 (1.13.1-2) ...\r\nSelecting previously unselected package libxcb-glx0-dev:amd64.\r\nPreparing to unpack .../24-libxcb-glx0-dev_1.13.1-2_amd64.deb ...\r\nUnpacking libxcb-glx0-dev:amd64 (1.13.1-2) ...\r\nSelecting previously unselected package libgl1-mesa-dev:amd64.\r\nPreparing to unpack .../25-libgl1-mesa-dev_18.3.6-2+deb10u1_amd64.deb ...\r\nUnpacking libgl1-mesa-dev:amd64 (18.3.6-2+deb10u1) ...\r\nSetting up libwayland-server0:amd64 (1.16.0-1) ...\r\nSetting up libx11-xcb-dev:amd64 (2:1.6.7-1+deb10u2) ...\r\nSetting up libxcb-xfixes0:amd64 (1.13.1-2) ...\r\nSetting up libglvnd-core-dev:amd64 (1.1.0-1) ...\r\nSetting up libgbm1:amd64 (18.3.6-2+deb10u1) ...\r\nSetting up libxcb-render0:amd64 (1.13.1-2) ...\r\nSetting up libxshmfence-dev:amd64 (1.3-1) ...\r\nSetting up libxcb-shape0:amd64 (1.13.1-2) ...\r\nSetting up libxcb-dri3-dev:amd64 (1.13.1-2) ...\r\nSetting up libopengl0:amd64 (1.1.0-1) ...\r\nSetting up libxcb-dri2-0-dev:amd64 (1.13.1-2) ...\r\nSetting up libgles2:amd64 (1.1.0-1) ...\r\nSetting up libgles1:amd64 (1.1.0-1) ...\r\nSetting up libxcb-render0-dev:amd64 (1.13.1-2) ...\r\nSetting up libxcb-glx0-dev:amd64 (1.13.1-2) ...\r\nSetting up libxcb-shape0-dev:amd64 (1.13.1-2) ...\r\nSetting up libxcb-randr0:amd64 (1.13.1-2) ...\r\nSetting up libxcb-sync-dev:amd64 (1.13.1-2) ...\r\nSetting up libxcb-xfixes0-dev:amd64 (1.13.1-2) ...\r\nSetting up libwayland-client0:amd64 (1.16.0-1) ...\r\nSetting up libegl-mesa0:amd64 (18.3.6-2+deb10u1) ...\r\nSetting up libxcb-randr0-dev:amd64 (1.13.1-2) ...\r\nSetting up libxcb-present-dev:amd64 (1.13.1-2) ...\r\nSetting up libegl1:amd64 (1.1.0-1) ...\r\nSetting up libglvnd-dev:amd64 (1.1.0-1) ...\r\nSetting up libgl1-mesa-dev:amd64 (18.3.6-2+deb10u1) ...\r\nProcessing triggers for libc-bin (2.28-10) ...\r\nRemoving intermediate container e5a1323607ac\n ---> 513a30ead4b2\nStep 7/10 : RUN python3 -m pip install --no-cache-dir         pytest-mpi         pytest-cov         coveralls\n ---> Running in 02633126b520\nCollecting pytest-mpi\n  Downloading https://files.pythonhosted.org/packages/a6/2b/0ed49de84e96ebf771c86a16d88b48c08d291627cfcdce30973f8538c99e/pytest_mpi-0.6-py2.py3-none-any.whl\nCollecting pytest-cov\n  Downloading https://files.pythonhosted.org/packages/fe/1f/9ec0ddd33bd2b37d6ec50bb39155bca4fe7085fa78b3b434c05459a860e3/pytest_cov-4.0.0-py3-none-any.whl\nCollecting coveralls\n  Downloading https://files.pythonhosted.org/packages/56/d6/e95db3c56afd1eff815db7dda01908f5e57770e47042209db448ab496197/coveralls-3.3.1-py2.py3-none-any.whl\nCollecting pytest (from pytest-mpi)\n  Downloading https://files.pythonhosted.org/packages/67/68/a5eb36c3a8540594b6035e6cdae40c1ef1b6a2bfacbecc3d1a544583c078/pytest-7.2.0-py3-none-any.whl (316kB)\nCollecting coverage[toml]>=5.2.1 (from pytest-cov)\n  Downloading https://files.pythonhosted.org/packages/64/28/2bcc666054929b496f54efea5f6982a46f2c4f68cd5c6eb6ee160ce78bf3/coverage-7.0.3-cp37-cp37m-manylinux_2_5_x86_64.manylinux1_x86_64.manylinux_2_17_x86_64.manylinux2014_x86_64.whl (221kB)\nCollecting docopt>=0.6.1 (from coveralls)\n  Downloading https://files.pythonhosted.org/packages/a2/55/8f8cab2afd404cf578136ef2cc5dfb50baa1761b68c9da1fb1e4eed343c9/docopt-0.6.2.tar.gz\nRequirement already satisfied: requests>=1.0.0 in /usr/local/lib/python3.7/dist-packages (from coveralls) (2.25.1)\nCollecting pluggy<2.0,>=0.12 (from pytest->pytest-mpi)\n  Downloading https://files.pythonhosted.org/packages/9e/01/f38e2ff29715251cf25532b9082a1589ab7e4f571ced434f98d0139336dc/pluggy-1.0.0-py2.py3-none-any.whl\nCollecting iniconfig (from pytest->pytest-mpi)\n  Downloading https://files.pythonhosted.org/packages/9b/dd/b3c12c6d707058fa947864b67f0c4e0c39ef8610988d7baea9578f3c48f3/iniconfig-1.1.1-py2.py3-none-any.whl\nRequirement already satisfied: packaging in /usr/local/lib/python3.7/dist-packages (from pytest->pytest-mpi) (21.0)\nCollecting exceptiongroup>=1.0.0rc8; python_version < \"3.11\" (from pytest->pytest-mpi)\n  Downloading https://files.pythonhosted.org/packages/e8/14/9c6a7e5f12294ccd6975a45e02899ed25468cd7c2c86f3d9725f387f9f5f/exceptiongroup-1.1.0-py3-none-any.whl\nCollecting tomli>=1.0.0; python_version < \"3.11\" (from pytest->pytest-mpi)\n  Downloading https://files.pythonhosted.org/packages/97/75/10a9ebee3fd790d20926a90a2547f0bf78f371b2f13aa822c759680ca7b9/tomli-2.0.1-py3-none-any.whl\nRequirement already satisfied: attrs>=19.2.0 in /usr/local/lib/python3.7/dist-packages (from pytest->pytest-mpi) (21.2.0)\nRequirement already satisfied: importlib-metadata>=0.12; python_version < \"3.8\" in /usr/local/lib/python3.7/dist-packages (from pytest->pytest-mpi) (3.10.1)\nRequirement already satisfied: urllib3<1.27,>=1.21.1 in /usr/local/lib/python3.7/dist-packages (from requests>=1.0.0->coveralls) (1.26.6)\nRequirement already satisfied: certifi>=2017.4.17 in /usr/local/lib/python3.7/dist-packages (from requests>=1.0.0->coveralls) (2021.5.30)\nRequirement already satisfied: idna<3,>=2.5 in /usr/local/lib/python3.7/dist-packages (from requests>=1.0.0->coveralls) (2.10)\nRequirement already satisfied: chardet<5,>=3.0.2 in /usr/local/lib/python3.7/dist-packages (from requests>=1.0.0->coveralls) (4.0.0)\nRequirement already satisfied: pyparsing>=2.0.2 in /usr/local/lib/python3.7/dist-packages (from packaging->pytest->pytest-mpi) (2.4.7)\nRequirement already satisfied: typing-extensions>=3.6.4; python_version < \"3.8\" in /usr/local/lib/python3.7/dist-packages (from importlib-metadata>=0.12; python_version < \"3.8\"->pytest->pytest-mpi) (3.10.0.0)\nRequirement already satisfied: zipp>=0.5 in /usr/local/lib/python3.7/dist-packages (from importlib-metadata>=0.12; python_version < \"3.8\"->pytest->pytest-mpi) (3.5.0)\nInstalling collected packages: pluggy, iniconfig, exceptiongroup, tomli, pytest, pytest-mpi, coverage, pytest-cov, docopt, coveralls\n\u001b[91mcoveralls 3.3.1 has requirement coverage!=6.0.*,!=6.1,!=6.1.1,<7.0,>=4.1, but you'll have coverage 7.0.3 which is incompatible.\n\u001b[0m  Running setup.py install for docopt: started\n    Running setup.py install for docopt: finished with status 'done'\nSuccessfully installed coverage-7.0.3 coveralls-3.3.1 docopt-0.6.2 exceptiongroup-1.1.0 iniconfig-1.1.1 pluggy-1.0.0 pytest-7.2.0 pytest-cov-4.0.0 pytest-mpi-0.6 tomli-2.0.1\nRemoving intermediate container 02633126b520\n ---> fa334c0b12bc\nStep 8/10 : WORKDIR /live/lib\n ---> Running in e9c6c80b6ff6\nRemoving intermediate container e9c6c80b6ff6\n ---> 4c1569c94b39\nStep 9/10 : RUN git clone https://github.com/Geodels/gospl.git &&     cd gospl &&     export F90=gfortran &&     export PETSC_DIR=/opt/petsc &&     export PETSC_ARCH=arch-linux-c-opt &&     python3 setup.py install &&     python3 -m pip install -e .\n ---> Running in 5111362f6646\n\u001b[91mCloning into 'gospl'...\n\u001b[0m\u001b[91mChecking out files:  78% (162/207)   \r\u001b[0m\u001b[91mChecking out files:  79% (164/207)   \r\u001b[0m\u001b[91mChecking out files:  80% (166/207)   \r\u001b[0m\u001b[91mChecking out files:  81% (168/207)   \r\u001b[0m\u001b[91mChecking out files:  82% (170/207)   \r\u001b[0m\u001b[91mChecking out files:  83% (172/207)   \r\u001b[0m\u001b[91mChecking out files:  84% (174/207)   \r\u001b[0m\u001b[91mChecking out files:  85% (176/207)   \r\u001b[0m\u001b[91mChecking out files:  86% (179/207)   \r\u001b[0m\u001b[91mChecking out files:  87% (181/207)   \r\u001b[0m\u001b[91mChecking out files:  88% (183/207)   \r\u001b[0m\u001b[91mChecking out files:  89% (185/207)   \r\u001b[0m\u001b[91mChecking out files:  90% (187/207)   \r\u001b[0m\u001b[91mChecking out files:  91% (189/207)   \r\u001b[0m\u001b[91mChecking out files:  92% (191/207)   \rChecking out files:  93% (193/207)   \rChecking out files:  94% (195/207)   \r\u001b[0m\u001b[91mChecking out files:  95% (197/207)   \r\u001b[0m\u001b[91mChecking out files:  96% (199/207)   \r\u001b[0m\u001b[91mChecking out files:  97% (201/207)   \r\u001b[0m\u001b[91mChecking out files:  98% (203/207)   \r\u001b[0m\u001b[91mChecking out files:  99% (205/207)   \r\u001b[0m\u001b[91mChecking out files: 100% (207/207)   \r\u001b[0m\u001b[91mChecking out files: 100% (207/207), done.\n\u001b[0mRequirement already satisfied: numpy in /usr/local/lib/python3.7/dist-packages (1.21.0)\nrunning install\nrunning bdist_egg\nrunning egg_info\nrunning build_src\nbuild_src\nbuilding extension \"gospl._fortran\" sources\ncreating build\ncreating build/src.linux-x86_64-3.7\ncreating build/src.linux-x86_64-3.7/fortran\nf2py options: []\nf2py: fortran/functions.pyf\nReading fortran codes...\n\tReading file 'fortran/functions.pyf' (format:free)\nPost-processing...\n\tBlock: _fortran\n\t\t\tBlock: setmaxnb\n\t\t\tBlock: sethillslopecoeff\n\t\t\tBlock: jacobiancoeff\n\t\t\tBlock: fctcoeff\n\t\t\tBlock: scale_volume\n\t\t\tBlock: distocean\n\t\t\tBlock: mfdreceivers\n\t\t\tBlock: strataonesed\n\t\t\tBlock: stratathreesed\n\t\t\tBlock: stratafullsed\n\t\t\tBlock: label_pits\n\t\t\tBlock: edge_tile\n\t\t\tBlock: fill_tile\n\t\t\tBlock: graph_nodes\n\t\t\tBlock: spill_pts\n\t\t\tBlock: fill_edges\n\t\t\tBlock: fill_depressions\n\t\t\tBlock: combine_edges\n\t\t\tBlock: fill_dir\n\t\t\tBlock: fill_rcvs\n\t\t\tBlock: nghb_dir\n\t\t\tBlock: getpitvol\n\t\t\tBlock: pits_cons\n\t\t\tBlock: definetin\n\t\t\tBlock: definegtin\n\t\t\tBlock: gfill\nIn: fortran/functions.pyf:_fortran:unknown_interface:gfill\nget_useparameters: no module meshparams info used by gfill\n\t\t\tBlock: filllabel\nIn: fortran/functions.pyf:_fortran:unknown_interface:filllabel\nget_useparameters: no module meshparams info used by filllabel\nPost-processing (stage 2)...\nBuilding modules...\n\tBuilding module \"_fortran\"...\n\t\tConstructing wrapper function \"setmaxnb\"...\n\t\t  maxnb = setmaxnb(nb)\n\t\tConstructing wrapper function \"sethillslopecoeff\"...\n\t\t  dcoeff = sethillslopecoeff(nb,kd)\n\t\tConstructing wrapper function \"jacobiancoeff\"...\n\t\t  dcoeff = jacobiancoeff(h,kd,kp,[nb])\n\t\tConstructing wrapper function \"fctcoeff\"...\n\t\t  dcoeff = fctcoeff(h,kd,[nb])\n\t\tConstructing wrapper function \"scale_volume\"...\n\t\t  scale = scale_volume(ids,vscale,[nb,n])\n\t\tConstructing wrapper function \"distocean\"...\n\t\t  dep = distocean(nrcv,sid,flux,rcv,wght,area,depth,[nb,nbi])\n\t\tConstructing wrapper function \"mfdreceivers\"...\n\t\t  rcv,dist,wgt = mfdreceivers(nrcv,exp,inids,elev,sl,[nb])\n\t\tConstructing wrapper function \"strataonesed\"...\n\t\t  nstrath,nstratz,nphis = strataonesed(n,stratnb,ids,weights,strath,stratz,phis,[nb])\n\t\tConstructing wrapper function \"stratathreesed\"...\n\t\t  nstrath,nstratz,nstratf,nstratw,nphis,nphif,nphiw = stratathreesed(n,stratnb,ids,weights,strath,stratz,stratf,stratw,phis,phif,phiw,[nb])\n\t\tConstructing wrapper function \"stratafullsed\"...\n\t\t  nstrath,nstratz,nstratf,nstratw,nstratc,nphis,nphif,nphiw,nphic = stratafullsed(n,stratnb,ids,weights,strath,stratz,stratf,stratw,stratc,phis,phif,phiw,phic,[nb])\n\t\tConstructing wrapper function \"label_pits\"...\n\t\t  label = label_pits(lvl,fill,[nb])\n\t\tConstructing wrapper function \"edge_tile\"...\n\t\t  ledge = edge_tile(lvl,border,elev,[nb])\n\t\tConstructing wrapper function \"fill_tile\"...\n\t\t  fillz,labels,graphnb = fill_tile(edge,elev,inids,[m,nb])\n\t\tConstructing wrapper function \"graph_nodes\"...\n\t\t  newwgraph = graph_nodes(graphnb)\n\t\tConstructing wrapper function \"spill_pts\"...\n\t\t  spill,lspill,rank_bn = spill_pts(mpirk,pitsnb,elev,pitids,border,[m])\n\t\tConstructing wrapper function \"fill_edges\"...\n\t\t  nelev,spillrank,spillnodes,spillid = fill_edges(nb,cgraph,maxnghbs,[m])\n\t\tConstructing wrapper function \"fill_depressions\"...\n\t\t  elev = fill_depressions(lvl,dem,fillp,wsh,ggraph,[m,nb])\n\t\tConstructing wrapper function \"combine_edges\"...\n\t\t  newgraph,graphnb = combine_edges(elev,labels,ins,outs,[m,n])\n\t\tConstructing wrapper function \"fill_dir\"...\n\t\t  ptdir = fill_dir(spill,pitids,h,[m,n])\n\t\tConstructing wrapper function \"fill_rcvs\"...\n\t\t  rcvs = fill_rcvs(pitids,h,ptdir,[n])\n\t\tConstructing wrapper function \"nghb_dir\"...\n\t\t  nptdir = nghb_dir(pitids,h,ptdir,[n])\n\t\tConstructing wrapper function \"getpitvol\"...\n\t\t  vol = getpitvol(hlvl,elev,pit,id,[m,n])\n\t\tConstructing wrapper function \"pits_cons\"...\n\t\t  npitids = pits_cons(pitids,pitnb,[m,n])\n\t\tConstructing wrapper function \"definetin\"...\n\t\t  ngbid,edgemax = definetin(coords,cells_nodes,cells_edges,edges_nodes,area,circumcenter,[n,nb,m])\n\t\tConstructing wrapper function \"definegtin\"...\n\t\t  ngbnb,ngbid = definegtin(nb,cells_nodes,edges_nodes,[n,m])\n\t\tConstructing wrapper function \"gfill\"...\n\t\t  fillz = gfill(sl,elev,ngbid,hmax,[nb])\n\t\tConstructing wrapper function \"filllabel\"...\n\t\t  fillz,labels = filllabel(sl,elev,ngbid,[nb])\n\tWrote C/API module \"_fortran\" to file \"build/src.linux-x86_64-3.7/fortran/_fortranmodule.c\"\n  adding 'build/src.linux-x86_64-3.7/build/src.linux-x86_64-3.7/fortran/fortranobject.c' to sources.\n  adding 'build/src.linux-x86_64-3.7/build/src.linux-x86_64-3.7/fortran' to include_dirs.\ncreating build/src.linux-x86_64-3.7/build\ncreating build/src.linux-x86_64-3.7/build/src.linux-x86_64-3.7\ncreating build/src.linux-x86_64-3.7/build/src.linux-x86_64-3.7/fortran\ncopying /usr/local/lib/python3.7/dist-packages/numpy/f2py/src/fortranobject.c -> build/src.linux-x86_64-3.7/build/src.linux-x86_64-3.7/fortran\ncopying /usr/local/lib/python3.7/dist-packages/numpy/f2py/src/fortranobject.h -> build/src.linux-x86_64-3.7/build/src.linux-x86_64-3.7/fortran\nbuild_src: building npy-pkg config files\ncreating gospl.egg-info\nwriting gospl.egg-info/PKG-INFO\nwriting dependency_links to gospl.egg-info/dependency_links.txt\nwriting requirements to gospl.egg-info/requires.txt\nwriting top-level names to gospl.egg-info/top_level.txt\nwriting manifest file 'gospl.egg-info/SOURCES.txt'\nreading manifest file 'gospl.egg-info/SOURCES.txt'\nreading manifest template 'MANIFEST.in'\nwarning: no files found matching 'MANIFEST'\nadding license file 'LICENSE'\nwriting manifest file 'gospl.egg-info/SOURCES.txt'\ninstalling library code to build/bdist.linux-x86_64/egg\nrunning install_lib\nrunning build_py\ncreating build/lib.linux-x86_64-3.7\ncreating build/lib.linux-x86_64-3.7/gospl\ncopying gospl/__init__.py -> build/lib.linux-x86_64-3.7/gospl\ncopying gospl/model.py -> build/lib.linux-x86_64-3.7/gospl\ncreating build/lib.linux-x86_64-3.7/gospl/flow\ncopying gospl/flow/__init__.py -> build/lib.linux-x86_64-3.7/gospl/flow\ncopying gospl/flow/pitfilling.py -> build/lib.linux-x86_64-3.7/gospl/flow\ncopying gospl/flow/flowplex.py -> build/lib.linux-x86_64-3.7/gospl/flow\ncreating build/lib.linux-x86_64-3.7/gospl/mesher\ncopying gospl/mesher/__init__.py -> build/lib.linux-x86_64-3.7/gospl/mesher\ncopying gospl/mesher/earthplates.py -> build/lib.linux-x86_64-3.7/gospl/mesher\ncopying gospl/mesher/unstructuredmesh.py -> build/lib.linux-x86_64-3.7/gospl/mesher\ncreating build/lib.linux-x86_64-3.7/gospl/tools\ncopying gospl/tools/__init__.py -> build/lib.linux-x86_64-3.7/gospl/tools\ncopying gospl/tools/outmesh.py -> build/lib.linux-x86_64-3.7/gospl/tools\ncopying gospl/tools/inputparser.py -> build/lib.linux-x86_64-3.7/gospl/tools\ncreating build/lib.linux-x86_64-3.7/gospl/sed\ncopying gospl/sed/sedplex.py -> build/lib.linux-x86_64-3.7/gospl/sed\ncopying gospl/sed/__init__.py -> build/lib.linux-x86_64-3.7/gospl/sed\ncopying gospl/sed/stratplex.py -> build/lib.linux-x86_64-3.7/gospl/sed\ncopying gospl/sed/seaplex.py -> build/lib.linux-x86_64-3.7/gospl/sed\nrunning build_ext\ncustomize UnixCCompiler\ncustomize UnixCCompiler using build_ext\nCCompilerOpt.cc_test_flags[1008] : testing flags (-march=native)\nC compiler: x86_64-linux-gnu-gcc -pthread -DNDEBUG -g -fwrapv -O2 -Wall -g -fstack-protector-strong -Wformat -Werror=format-security -Wdate-time -D_FORTIFY_SOURCE=2 -fPIC\n\ncreating /tmp/tmp9q4nuzgk/usr\ncreating /tmp/tmp9q4nuzgk/usr/local\ncreating /tmp/tmp9q4nuzgk/usr/local/lib\ncreating /tmp/tmp9q4nuzgk/usr/local/lib/python3.7\ncreating /tmp/tmp9q4nuzgk/usr/local/lib/python3.7/dist-packages\ncreating /tmp/tmp9q4nuzgk/usr/local/lib/python3.7/dist-packages/numpy\ncreating /tmp/tmp9q4nuzgk/usr/local/lib/python3.7/dist-packages/numpy/distutils\ncreating /tmp/tmp9q4nuzgk/usr/local/lib/python3.7/dist-packages/numpy/distutils/checks\ncompile options: '-I/usr/include/python3.7m -c'\nextra options: '-march=native'\nCCompilerOpt.cc_test_flags[1008] : testing flags (-O3)\nC compiler: x86_64-linux-gnu-gcc -pthread -DNDEBUG -g -fwrapv -O2 -Wall -g -fstack-protector-strong -Wformat -Werror=format-security -Wdate-time -D_FORTIFY_SOURCE=2 -fPIC\n\ncompile options: '-I/usr/include/python3.7m -c'\nextra options: '-O3'\nCCompilerOpt.cc_test_flags[1008] : testing flags (-Werror)\nC compiler: x86_64-linux-gnu-gcc -pthread -DNDEBUG -g -fwrapv -O2 -Wall -g -fstack-protector-strong -Wformat -Werror=format-security -Wdate-time -D_FORTIFY_SOURCE=2 -fPIC\n\ncompile options: '-I/usr/include/python3.7m -c'\nextra options: '-Werror'\nCCompilerOpt.__init__[1696] : check requested baseline\nCCompilerOpt.cc_test_flags[1008] : testing flags (-msse)\nC compiler: x86_64-linux-gnu-gcc -pthread -DNDEBUG -g -fwrapv -O2 -Wall -g -fstack-protector-strong -Wformat -Werror=format-security -Wdate-time -D_FORTIFY_SOURCE=2 -fPIC\n\ncompile options: '-I/usr/include/python3.7m -c'\nextra options: '-msse'\nCCompilerOpt.cc_test_flags[1008] : testing flags (-msse2)\nC compiler: x86_64-linux-gnu-gcc -pthread -DNDEBUG -g -fwrapv -O2 -Wall -g -fstack-protector-strong -Wformat -Werror=format-security -Wdate-time -D_FORTIFY_SOURCE=2 -fPIC\n\ncompile options: '-I/usr/include/python3.7m -c'\nextra options: '-msse2'\nCCompilerOpt.feature_test[1463] : testing feature 'SSE' with flags (-msse -msse2)\nC compiler: x86_64-linux-gnu-gcc -pthread -DNDEBUG -g -fwrapv -O2 -Wall -g -fstack-protector-strong -Wformat -Werror=format-security -Wdate-time -D_FORTIFY_SOURCE=2 -fPIC\n\ncompile options: '-I/usr/include/python3.7m -c'\nextra options: '-msse -msse2 -Werror'\nCCompilerOpt.feature_test[1463] : testing feature 'SSE2' with flags (-msse -msse2)\nC compiler: x86_64-linux-gnu-gcc -pthread -DNDEBUG -g -fwrapv -O2 -Wall -g -fstack-protector-strong -Wformat -Werror=format-security -Wdate-time -D_FORTIFY_SOURCE=2 -fPIC\n\ncompile options: '-I/usr/include/python3.7m -c'\nextra options: '-msse -msse2 -Werror'\nCCompilerOpt.cc_test_flags[1008] : testing flags (-msse3)\nC compiler: x86_64-linux-gnu-gcc -pthread -DNDEBUG -g -fwrapv -O2 -Wall -g -fstack-protector-strong -Wformat -Werror=format-security -Wdate-time -D_FORTIFY_SOURCE=2 -fPIC\n\ncompile options: '-I/usr/include/python3.7m -c'\nextra options: '-msse3'\nCCompilerOpt.feature_test[1463] : testing feature 'SSE3' with flags (-msse -msse2 -msse3)\nC compiler: x86_64-linux-gnu-gcc -pthread -DNDEBUG -g -fwrapv -O2 -Wall -g -fstack-protector-strong -Wformat -Werror=format-security -Wdate-time -D_FORTIFY_SOURCE=2 -fPIC\n\ncompile options: '-I/usr/include/python3.7m -c'\nextra options: '-msse -msse2 -msse3 -Werror'\nCCompilerOpt.__init__[1705] : check requested dispatch-able features\nCCompilerOpt.cc_test_flags[1008] : testing flags (-mssse3)\nC compiler: x86_64-linux-gnu-gcc -pthread -DNDEBUG -g -fwrapv -O2 -Wall -g -fstack-protector-strong -Wformat -Werror=format-security -Wdate-time -D_FORTIFY_SOURCE=2 -fPIC\n\ncompile options: '-I/usr/include/python3.7m -c'\nextra options: '-mssse3'\nCCompilerOpt.feature_test[1463] : testing feature 'SSSE3' with flags (-msse -msse2 -msse3 -mssse3)\nC compiler: x86_64-linux-gnu-gcc -pthread -DNDEBUG -g -fwrapv -O2 -Wall -g -fstack-protector-strong -Wformat -Werror=format-security -Wdate-time -D_FORTIFY_SOURCE=2 -fPIC\n\ncompile options: '-I/usr/include/python3.7m -c'\nextra options: '-msse -msse2 -msse3 -mssse3 -Werror'\nCCompilerOpt.cc_test_flags[1008] : testing flags (-msse4.1)\nC compiler: x86_64-linux-gnu-gcc -pthread -DNDEBUG -g -fwrapv -O2 -Wall -g -fstack-protector-strong -Wformat -Werror=format-security -Wdate-time -D_FORTIFY_SOURCE=2 -fPIC\n\ncompile options: '-I/usr/include/python3.7m -c'\nextra options: '-msse4.1'\nCCompilerOpt.feature_test[1463] : testing feature 'SSE41' with flags (-msse -msse2 -msse3 -mssse3 -msse4.1)\nC compiler: x86_64-linux-gnu-gcc -pthread -DNDEBUG -g -fwrapv -O2 -Wall -g -fstack-protector-strong -Wformat -Werror=format-security -Wdate-time -D_FORTIFY_SOURCE=2 -fPIC\n\ncompile options: '-I/usr/include/python3.7m -c'\nextra options: '-msse -msse2 -msse3 -mssse3 -msse4.1 -Werror'\nCCompilerOpt.cc_test_flags[1008] : testing flags (-mpopcnt)\nC compiler: x86_64-linux-gnu-gcc -pthread -DNDEBUG -g -fwrapv -O2 -Wall -g -fstack-protector-strong -Wformat -Werror=format-security -Wdate-time -D_FORTIFY_SOURCE=2 -fPIC\n\ncompile options: '-I/usr/include/python3.7m -c'\nextra options: '-mpopcnt'\nCCompilerOpt.feature_test[1463] : testing feature 'POPCNT' with flags (-msse -msse2 -msse3 -mssse3 -msse4.1 -mpopcnt)\nC compiler: x86_64-linux-gnu-gcc -pthread -DNDEBUG -g -fwrapv -O2 -Wall -g -fstack-protector-strong -Wformat -Werror=format-security -Wdate-time -D_FORTIFY_SOURCE=2 -fPIC\n\ncompile options: '-I/usr/include/python3.7m -c'\nextra options: '-msse -msse2 -msse3 -mssse3 -msse4.1 -mpopcnt -Werror'\nCCompilerOpt.cc_test_flags[1008] : testing flags (-msse4.2)\nC compiler: x86_64-linux-gnu-gcc -pthread -DNDEBUG -g -fwrapv -O2 -Wall -g -fstack-protector-strong -Wformat -Werror=format-security -Wdate-time -D_FORTIFY_SOURCE=2 -fPIC\n\ncompile options: '-I/usr/include/python3.7m -c'\nextra options: '-msse4.2'\nCCompilerOpt.cc_test_flags[1008] : testing flags (-mavx)\nC compiler: x86_64-linux-gnu-gcc -pthread -DNDEBUG -g -fwrapv -O2 -Wall -g -fstack-protector-strong -Wformat -Werror=format-security -Wdate-time -D_FORTIFY_SOURCE=2 -fPIC\n\ncompile options: '-I/usr/include/python3.7m -c'\nextra options: '-mavx'\nCCompilerOpt.feature_test[1463] : testing feature 'AVX' with flags (-msse -msse2 -msse3 -mssse3 -msse4.1 -mpopcnt -msse4.2 -mavx)\nC compiler: x86_64-linux-gnu-gcc -pthread -DNDEBUG -g -fwrapv -O2 -Wall -g -fstack-protector-strong -Wformat -Werror=format-security -Wdate-time -D_FORTIFY_SOURCE=2 -fPIC\n\ncompile options: '-I/usr/include/python3.7m -c'\nextra options: '-msse -msse2 -msse3 -mssse3 -msse4.1 -mpopcnt -msse4.2 -mavx -Werror'\nCCompilerOpt.cc_test_flags[1008] : testing flags (-mf16c)\nC compiler: x86_64-linux-gnu-gcc -pthread -DNDEBUG -g -fwrapv -O2 -Wall -g -fstack-protector-strong -Wformat -Werror=format-security -Wdate-time -D_FORTIFY_SOURCE=2 -fPIC\n\ncompile options: '-I/usr/include/python3.7m -c'\nextra options: '-mf16c'\nCCompilerOpt.cc_test_flags[1008] : testing flags (-mfma)\nC compiler: x86_64-linux-gnu-gcc -pthread -DNDEBUG -g -fwrapv -O2 -Wall -g -fstack-protector-strong -Wformat -Werror=format-security -Wdate-time -D_FORTIFY_SOURCE=2 -fPIC\n\ncompile options: '-I/usr/include/python3.7m -c'\nextra options: '-mfma'\nCCompilerOpt.cc_test_flags[1008] : testing flags (-mavx2)\nC compiler: x86_64-linux-gnu-gcc -pthread -DNDEBUG -g -fwrapv -O2 -Wall -g -fstack-protector-strong -Wformat -Werror=format-security -Wdate-time -D_FORTIFY_SOURCE=2 -fPIC\n\ncompile options: '-I/usr/include/python3.7m -c'\nextra options: '-mavx2'\nCCompilerOpt.cc_test_flags[1008] : testing flags (-mavx512f)\nC compiler: x86_64-linux-gnu-gcc -pthread -DNDEBUG -g -fwrapv -O2 -Wall -g -fstack-protector-strong -Wformat -Werror=format-security -Wdate-time -D_FORTIFY_SOURCE=2 -fPIC\n\ncompile options: '-I/usr/include/python3.7m -c'\nextra options: '-mavx512f'\nCCompilerOpt.cc_test_flags[1008] : testing flags (-mavx512cd)\nC compiler: x86_64-linux-gnu-gcc -pthread -DNDEBUG -g -fwrapv -O2 -Wall -g -fstack-protector-strong -Wformat -Werror=format-security -Wdate-time -D_FORTIFY_SOURCE=2 -fPIC\n\ncompile options: '-I/usr/include/python3.7m -c'\nextra options: '-mavx512cd'\nCCompilerOpt.feature_test[1463] : testing feature 'AVX512CD' with flags (-msse -msse2 -msse3 -mssse3 -msse4.1 -mpopcnt -msse4.2 -mavx -mf16c -mfma -mavx2 -mavx512f -mavx512cd)\nC compiler: x86_64-linux-gnu-gcc -pthread -DNDEBUG -g -fwrapv -O2 -Wall -g -fstack-protector-strong -Wformat -Werror=format-security -Wdate-time -D_FORTIFY_SOURCE=2 -fPIC\n\ncompile options: '-I/usr/include/python3.7m -c'\nextra options: '-msse -msse2 -msse3 -mssse3 -msse4.1 -mpopcnt -msse4.2 -mavx -mf16c -mfma -mavx2 -mavx512f -mavx512cd -Werror'\nCCompilerOpt.feature_test[1463] : testing feature 'AVX2' with flags (-msse -msse2 -msse3 -mssse3 -msse4.1 -mpopcnt -msse4.2 -mavx -mf16c -mavx2)\nC compiler: x86_64-linux-gnu-gcc -pthread -DNDEBUG -g -fwrapv -O2 -Wall -g -fstack-protector-strong -Wformat -Werror=format-security -Wdate-time -D_FORTIFY_SOURCE=2 -fPIC\n\ncompile options: '-I/usr/include/python3.7m -c'\nextra options: '-msse -msse2 -msse3 -mssse3 -msse4.1 -mpopcnt -msse4.2 -mavx -mf16c -mavx2 -Werror'\nCCompilerOpt.feature_test[1463] : testing feature 'F16C' with flags (-msse -msse2 -msse3 -mssse3 -msse4.1 -mpopcnt -msse4.2 -mavx -mf16c)\nC compiler: x86_64-linux-gnu-gcc -pthread -DNDEBUG -g -fwrapv -O2 -Wall -g -fstack-protector-strong -Wformat -Werror=format-security -Wdate-time -D_FORTIFY_SOURCE=2 -fPIC\n\ncompile options: '-I/usr/include/python3.7m -c'\nextra options: '-msse -msse2 -msse3 -mssse3 -msse4.1 -mpopcnt -msse4.2 -mavx -mf16c -Werror'\nCCompilerOpt.feature_test[1463] : testing feature 'FMA3' with flags (-msse -msse2 -msse3 -mssse3 -msse4.1 -mpopcnt -msse4.2 -mavx -mf16c -mfma)\nC compiler: x86_64-linux-gnu-gcc -pthread -DNDEBUG -g -fwrapv -O2 -Wall -g -fstack-protector-strong -Wformat -Werror=format-security -Wdate-time -D_FORTIFY_SOURCE=2 -fPIC\n\ncompile options: '-I/usr/include/python3.7m -c'\nextra options: '-msse -msse2 -msse3 -mssse3 -msse4.1 -mpopcnt -msse4.2 -mavx -mf16c -mfma -Werror'\nCCompilerOpt.feature_test[1463] : testing feature 'SSE42' with flags (-msse -msse2 -msse3 -mssse3 -msse4.1 -mpopcnt -msse4.2)\nC compiler: x86_64-linux-gnu-gcc -pthread -DNDEBUG -g -fwrapv -O2 -Wall -g -fstack-protector-strong -Wformat -Werror=format-security -Wdate-time -D_FORTIFY_SOURCE=2 -fPIC\n\ncompile options: '-I/usr/include/python3.7m -c'\nextra options: '-msse -msse2 -msse3 -mssse3 -msse4.1 -mpopcnt -msse4.2 -Werror'\nCCompilerOpt.cc_test_flags[1008] : testing flags (-mavx512vl -mavx512bw -mavx512dq)\nC compiler: x86_64-linux-gnu-gcc -pthread -DNDEBUG -g -fwrapv -O2 -Wall -g -fstack-protector-strong -Wformat -Werror=format-security -Wdate-time -D_FORTIFY_SOURCE=2 -fPIC\n\ncompile options: '-I/usr/include/python3.7m -c'\nextra options: '-mavx512vl -mavx512bw -mavx512dq'\nCCompilerOpt.feature_test[1463] : testing feature 'AVX512_SKX' with flags (-msse -msse2 -msse3 -mssse3 -msse4.1 -mpopcnt -msse4.2 -mavx -mf16c -mfma -mavx2 -mavx512f -mavx512cd -mavx512vl -mavx512bw -mavx512dq)\nC compiler: x86_64-linux-gnu-gcc -pthread -DNDEBUG -g -fwrapv -O2 -Wall -g -fstack-protector-strong -Wformat -Werror=format-security -Wdate-time -D_FORTIFY_SOURCE=2 -fPIC\n\ncompile options: '-I/usr/include/python3.7m -c'\nextra options: '-msse -msse2 -msse3 -mssse3 -msse4.1 -mpopcnt -msse4.2 -mavx -mf16c -mfma -mavx2 -mavx512f -mavx512cd -mavx512vl -mavx512bw -mavx512dq -Werror'\nCCompilerOpt.feature_test[1463] : testing feature 'AVX512F' with flags (-msse -msse2 -msse3 -mssse3 -msse4.1 -mpopcnt -msse4.2 -mavx -mf16c -mfma -mavx2 -mavx512f)\nC compiler: x86_64-linux-gnu-gcc -pthread -DNDEBUG -g -fwrapv -O2 -Wall -g -fstack-protector-strong -Wformat -Werror=format-security -Wdate-time -D_FORTIFY_SOURCE=2 -fPIC\n\ncompile options: '-I/usr/include/python3.7m -c'\nextra options: '-msse -msse2 -msse3 -mssse3 -msse4.1 -mpopcnt -msse4.2 -mavx -mf16c -mfma -mavx2 -mavx512f -Werror'\nCCompilerOpt.cc_test_flags[1008] : testing flags (-mavx512ifma -mavx512vbmi)\nC compiler: x86_64-linux-gnu-gcc -pthread -DNDEBUG -g -fwrapv -O2 -Wall -g -fstack-protector-strong -Wformat -Werror=format-security -Wdate-time -D_FORTIFY_SOURCE=2 -fPIC\n\ncompile options: '-I/usr/include/python3.7m -c'\nextra options: '-mavx512ifma -mavx512vbmi'\nCCompilerOpt.feature_test[1463] : testing feature 'AVX512_CNL' with flags (-msse -msse2 -msse3 -mssse3 -msse4.1 -mpopcnt -msse4.2 -mavx -mf16c -mfma -mavx2 -mavx512f -mavx512cd -mavx512vl -mavx512bw -mavx512dq -mavx512ifma -mavx512vbmi)\nC compiler: x86_64-linux-gnu-gcc -pthread -DNDEBUG -g -fwrapv -O2 -Wall -g -fstack-protector-strong -Wformat -Werror=format-security -Wdate-time -D_FORTIFY_SOURCE=2 -fPIC\n\ncompile options: '-I/usr/include/python3.7m -c'\nextra options: '-msse -msse2 -msse3 -mssse3 -msse4.1 -mpopcnt -msse4.2 -mavx -mf16c -mfma -mavx2 -mavx512f -mavx512cd -mavx512vl -mavx512bw -mavx512dq -mavx512ifma -mavx512vbmi -Werror'\nCCompilerOpt.cc_test_flags[1008] : testing flags (-mavx512vnni)\nC compiler: x86_64-linux-gnu-gcc -pthread -DNDEBUG -g -fwrapv -O2 -Wall -g -fstack-protector-strong -Wformat -Werror=format-security -Wdate-time -D_FORTIFY_SOURCE=2 -fPIC\n\ncompile options: '-I/usr/include/python3.7m -c'\nextra options: '-mavx512vnni'\nCCompilerOpt.feature_test[1463] : testing feature 'AVX512_CLX' with flags (-msse -msse2 -msse3 -mssse3 -msse4.1 -mpopcnt -msse4.2 -mavx -mf16c -mfma -mavx2 -mavx512f -mavx512cd -mavx512vl -mavx512bw -mavx512dq -mavx512vnni)\nC compiler: x86_64-linux-gnu-gcc -pthread -DNDEBUG -g -fwrapv -O2 -Wall -g -fstack-protector-strong -Wformat -Werror=format-security -Wdate-time -D_FORTIFY_SOURCE=2 -fPIC\n\ncompile options: '-I/usr/include/python3.7m -c'\nextra options: '-msse -msse2 -msse3 -mssse3 -msse4.1 -mpopcnt -msse4.2 -mavx -mf16c -mfma -mavx2 -mavx512f -mavx512cd -mavx512vl -mavx512bw -mavx512dq -mavx512vnni -Werror'\nCCompilerOpt.cc_test_flags[1008] : testing flags (-mavx512vbmi2 -mavx512bitalg -mavx512vpopcntdq)\nC compiler: x86_64-linux-gnu-gcc -pthread -DNDEBUG -g -fwrapv -O2 -Wall -g -fstack-protector-strong -Wformat -Werror=format-security -Wdate-time -D_FORTIFY_SOURCE=2 -fPIC\n\ncompile options: '-I/usr/include/python3.7m -c'\nextra options: '-mavx512vbmi2 -mavx512bitalg -mavx512vpopcntdq'\nCCompilerOpt.feature_test[1463] : testing feature 'AVX512_ICL' with flags (-msse -msse2 -msse3 -mssse3 -msse4.1 -mpopcnt -msse4.2 -mavx -mf16c -mfma -mavx2 -mavx512f -mavx512cd -mavx512vl -mavx512bw -mavx512dq -mavx512vnni -mavx512ifma -mavx512vbmi -mavx512vbmi2 -mavx512bitalg -mavx512vpopcntdq)\nC compiler: x86_64-linux-gnu-gcc -pthread -DNDEBUG -g -fwrapv -O2 -Wall -g -fstack-protector-strong -Wformat -Werror=format-security -Wdate-time -D_FORTIFY_SOURCE=2 -fPIC\n\ncompile options: '-I/usr/include/python3.7m -c'\nextra options: '-msse -msse2 -msse3 -mssse3 -msse4.1 -mpopcnt -msse4.2 -mavx -mf16c -mfma -mavx2 -mavx512f -mavx512cd -mavx512vl -mavx512bw -mavx512dq -mavx512vnni -mavx512ifma -mavx512vbmi -mavx512vbmi2 -mavx512bitalg -mavx512vpopcntdq -Werror'\nCCompilerOpt.cc_test_flags[1008] : testing flags (-mavx512er -mavx512pf)\nC compiler: x86_64-linux-gnu-gcc -pthread -DNDEBUG -g -fwrapv -O2 -Wall -g -fstack-protector-strong -Wformat -Werror=format-security -Wdate-time -D_FORTIFY_SOURCE=2 -fPIC\n\ncompile options: '-I/usr/include/python3.7m -c'\nextra options: '-mavx512er -mavx512pf'\nCCompilerOpt.feature_test[1463] : testing feature 'AVX512_KNL' with flags (-msse -msse2 -msse3 -mssse3 -msse4.1 -mpopcnt -msse4.2 -mavx -mf16c -mfma -mavx2 -mavx512f -mavx512cd -mavx512er -mavx512pf)\nC compiler: x86_64-linux-gnu-gcc -pthread -DNDEBUG -g -fwrapv -O2 -Wall -g -fstack-protector-strong -Wformat -Werror=format-security -Wdate-time -D_FORTIFY_SOURCE=2 -fPIC\n\ncompile options: '-I/usr/include/python3.7m -c'\nextra options: '-msse -msse2 -msse3 -mssse3 -msse4.1 -mpopcnt -msse4.2 -mavx -mf16c -mfma -mavx2 -mavx512f -mavx512cd -mavx512er -mavx512pf -Werror'\nCCompilerOpt.cc_test_flags[1008] : testing flags (-mavx5124fmaps -mavx5124vnniw -mavx512vpopcntdq)\nC compiler: x86_64-linux-gnu-gcc -pthread -DNDEBUG -g -fwrapv -O2 -Wall -g -fstack-protector-strong -Wformat -Werror=format-security -Wdate-time -D_FORTIFY_SOURCE=2 -fPIC\n\ncompile options: '-I/usr/include/python3.7m -c'\nextra options: '-mavx5124fmaps -mavx5124vnniw -mavx512vpopcntdq'\nCCompilerOpt.feature_test[1463] : testing feature 'AVX512_KNM' with flags (-msse -msse2 -msse3 -mssse3 -msse4.1 -mpopcnt -msse4.2 -mavx -mf16c -mfma -mavx2 -mavx512f -mavx512cd -mavx512er -mavx512pf -mavx5124fmaps -mavx5124vnniw -mavx512vpopcntdq)\nC compiler: x86_64-linux-gnu-gcc -pthread -DNDEBUG -g -fwrapv -O2 -Wall -g -fstack-protector-strong -Wformat -Werror=format-security -Wdate-time -D_FORTIFY_SOURCE=2 -fPIC\n\ncompile options: '-I/usr/include/python3.7m -c'\nextra options: '-msse -msse2 -msse3 -mssse3 -msse4.1 -mpopcnt -msse4.2 -mavx -mf16c -mfma -mavx2 -mavx512f -mavx512cd -mavx512er -mavx512pf -mavx5124fmaps -mavx5124vnniw -mavx512vpopcntdq -Werror'\nCCompilerOpt.__init__[1718] : skip features (SSE3 SSE2 SSE) since its part of baseline\nCCompilerOpt.__init__[1721] : initialize targets groups\nCCompilerOpt.__init__[1723] : parse target group simd_test\nCCompilerOpt._parse_target_tokens[1936] : skip targets (VSX3 VSX2 ASIMD FMA4 NEON XOP VSX) not part of baseline or dispatch-able features\nCCompilerOpt._parse_policy_not_keepbase[2046] : skip baseline features (SSE2)\nCCompilerOpt.generate_dispatch_header[2267] : generate CPU dispatch header: (build/src.linux-x86_64-3.7/numpy/distutils/include/npy_cpu_dispatch_config.h)\nCCompilerOpt.generate_dispatch_header[2278] : dispatch header dir build/src.linux-x86_64-3.7/numpy/distutils/include does not exist, creating it\nCCompilerOpt.feature_extra_checks[1541] : Testing extra checks for feature 'AVX512F' (AVX512F_REDUCE)\nC compiler: x86_64-linux-gnu-gcc -pthread -DNDEBUG -g -fwrapv -O2 -Wall -g -fstack-protector-strong -Wformat -Werror=format-security -Wdate-time -D_FORTIFY_SOURCE=2 -fPIC\n\ncompile options: '-I/usr/include/python3.7m -c'\nextra options: '-msse -msse2 -msse3 -mssse3 -msse4.1 -mpopcnt -msse4.2 -mavx -mf16c -mfma -mavx2 -mavx512f -Werror'\nCCompilerOpt.feature_extra_checks[1541] : Testing extra checks for feature 'AVX512_SKX' (AVX512BW_MASK AVX512DQ_MASK)\nC compiler: x86_64-linux-gnu-gcc -pthread -DNDEBUG -g -fwrapv -O2 -Wall -g -fstack-protector-strong -Wformat -Werror=format-security -Wdate-time -D_FORTIFY_SOURCE=2 -fPIC\n\ncompile options: '-I/usr/include/python3.7m -c'\nextra options: '-msse -msse2 -msse3 -mssse3 -msse4.1 -mpopcnt -msse4.2 -mavx -mf16c -mfma -mavx2 -mavx512f -mavx512cd -mavx512vl -mavx512bw -mavx512dq -Werror'\nC compiler: x86_64-linux-gnu-gcc -pthread -DNDEBUG -g -fwrapv -O2 -Wall -g -fstack-protector-strong -Wformat -Werror=format-security -Wdate-time -D_FORTIFY_SOURCE=2 -fPIC\n\ncompile options: '-I/usr/include/python3.7m -c'\nextra options: '-msse -msse2 -msse3 -mssse3 -msse4.1 -mpopcnt -msse4.2 -mavx -mf16c -mfma -mavx2 -mavx512f -mavx512cd -mavx512vl -mavx512bw -mavx512dq -Werror'\nget_default_fcompiler: matching types: '['gnu95', 'intel', 'lahey', 'pg', 'nv', 'absoft', 'nag', 'vast', 'compaq', 'intele', 'intelem', 'gnu', 'g95', 'pathf95', 'nagfor', 'fujitsu']'\ncustomize Gnu95FCompiler\nFound executable /usr/bin/gfortran\ncustomize Gnu95FCompiler\ncustomize Gnu95FCompiler using build_ext\nbuilding 'gospl._fortran' extension\ncompiling C sources\nC compiler: x86_64-linux-gnu-gcc -pthread -DNDEBUG -g -fwrapv -O2 -Wall -g -fstack-protector-strong -Wformat -Werror=format-security -Wdate-time -D_FORTIFY_SOURCE=2 -fPIC\n\ncreating build/temp.linux-x86_64-3.7/build\ncreating build/temp.linux-x86_64-3.7/build/src.linux-x86_64-3.7\ncreating build/temp.linux-x86_64-3.7/build/src.linux-x86_64-3.7/fortran\ncreating build/temp.linux-x86_64-3.7/build/src.linux-x86_64-3.7/build\ncreating build/temp.linux-x86_64-3.7/build/src.linux-x86_64-3.7/build/src.linux-x86_64-3.7\ncreating build/temp.linux-x86_64-3.7/build/src.linux-x86_64-3.7/build/src.linux-x86_64-3.7/fortran\ncompile options: '-Ibuild/src.linux-x86_64-3.7/build/src.linux-x86_64-3.7/fortran -I/usr/local/lib/python3.7/dist-packages/numpy/core/include -Ibuild/src.linux-x86_64-3.7/numpy/distutils/include -I/usr/include/python3.7m -c'\nextra options: '-msse -msse2 -msse3'\nx86_64-linux-gnu-gcc: build/src.linux-x86_64-3.7/fortran/_fortranmodule.c\nx86_64-linux-gnu-gcc: build/src.linux-x86_64-3.7/build/src.linux-x86_64-3.7/fortran/fortranobject.c\n\u001b[91mIn file included from /usr/local/lib/python3.7/dist-packages/numpy/core/include/numpy/ndarraytypes.h:1969,\n                 from /usr/local/lib/python3.7/dist-packages/numpy/core/include/numpy/ndarrayobject.h:12,\n                 from /usr/local/lib/python3.7/dist-packages/numpy/core/include/numpy/arrayobject.h:4,\n                 from build/src.linux-x86_64-3.7/build/src.linux-x86_64-3.7/fortran/fortranobject.h:13,\n                 from build/src.linux-x86_64-3.7/build/src.linux-x86_64-3.7/fortran/fortranobject.c:2:\n/usr/local/lib/python3.7/dist-packages/numpy/core/include/numpy/npy_1_7_deprecated_api.h:17:2: warning: #warning \"Using deprecated NumPy API, disable it with \" \"#define NPY_NO_DEPRECATED_API NPY_1_7_API_VERSION\" [-Wcpp]\n #warning \"Using deprecated NumPy API, disable it with \" \\\n  ^~~~~~~\n\u001b[0m\u001b[91mIn file included from /usr/local/lib/python3.7/dist-packages/numpy/core/include/numpy/ndarraytypes.h:1969,\n                 from /usr/local/lib/python3.7/dist-packages/numpy/core/include/numpy/ndarrayobject.h:12,\n                 from /usr/local/lib/python3.7/dist-packages/numpy/core/include/numpy/arrayobject.h:4,\n                 from build/src.linux-x86_64-3.7/build/src.linux-x86_64-3.7/fortran/fortranobject.h:13,\n                 from build/src.linux-x86_64-3.7/fortran/_fortranmodule.c:16:\n/usr/local/lib/python3.7/dist-packages/numpy/core/include/numpy/npy_1_7_deprecated_api.h:17:2: warning: #warning \"Using deprecated NumPy API, disable it with \" \"#define NPY_NO_DEPRECATED_API NPY_1_7_API_VERSION\" [-Wcpp]\n #warning \"Using deprecated NumPy API, disable it with \" \\\n  ^~~~~~~\n\u001b[0m\u001b[91mbuild/src.linux-x86_64-3.7/fortran/_fortranmodule.c:109:12: warning: f2py_size defined but not used [-Wunused-function]\n static int f2py_size(PyArrayObject* var, ...)\n            ^~~~~~~~~\n\u001b[0mcompiling Fortran 90 module sources\ncreating build/temp.linux-x86_64-3.7/gospl\nFortran f77 compiler: /usr/bin/gfortran -Wall -g -ffixed-form -fno-second-underscore -fPIC -O3 -funroll-loops\nFortran f90 compiler: gfortran -Wall -g -fno-second-underscore -fPIC -O3 -funroll-loops\nFortran fix compiler: gfortran -Wall -g -ffixed-form -fno-second-underscore -Wall -g -fno-second-underscore -fPIC -O3 -funroll-loops\ncreating build/temp.linux-x86_64-3.7/fortran\ncompile options: '-Ibuild/src.linux-x86_64-3.7/build/src.linux-x86_64-3.7/fortran -I/usr/local/lib/python3.7/dist-packages/numpy/core/include -Ibuild/src.linux-x86_64-3.7/numpy/distutils/include -I/usr/include/python3.7m -c'\nextra options: '-Jbuild/temp.linux-x86_64-3.7/gospl -Ibuild/temp.linux-x86_64-3.7/gospl'\ngfortran:f90: fortran/functions.F90\n/usr/bin/gfortran -Wall -g -Wall -g -shared build/temp.linux-x86_64-3.7/build/src.linux-x86_64-3.7/fortran/_fortranmodule.o build/temp.linux-x86_64-3.7/build/src.linux-x86_64-3.7/build/src.linux-x86_64-3.7/fortran/fortranobject.o build/temp.linux-x86_64-3.7/fortran/functions.o -L/usr/lib/gcc/x86_64-linux-gnu/8 -L/usr/lib/gcc/x86_64-linux-gnu/8 -lgfortran -o build/lib.linux-x86_64-3.7/gospl/_fortran.cpython-37m-x86_64-linux-gnu.so\ncreating build/bdist.linux-x86_64\ncreating build/bdist.linux-x86_64/egg\ncreating build/bdist.linux-x86_64/egg/gospl\ncopying build/lib.linux-x86_64-3.7/gospl/__init__.py -> build/bdist.linux-x86_64/egg/gospl\ncreating build/bdist.linux-x86_64/egg/gospl/flow\ncopying build/lib.linux-x86_64-3.7/gospl/flow/__init__.py -> build/bdist.linux-x86_64/egg/gospl/flow\ncopying build/lib.linux-x86_64-3.7/gospl/flow/pitfilling.py -> build/bdist.linux-x86_64/egg/gospl/flow\ncopying build/lib.linux-x86_64-3.7/gospl/flow/flowplex.py -> build/bdist.linux-x86_64/egg/gospl/flow\ncreating build/bdist.linux-x86_64/egg/gospl/mesher\ncopying build/lib.linux-x86_64-3.7/gospl/mesher/__init__.py -> build/bdist.linux-x86_64/egg/gospl/mesher\ncopying build/lib.linux-x86_64-3.7/gospl/mesher/earthplates.py -> build/bdist.linux-x86_64/egg/gospl/mesher\ncopying build/lib.linux-x86_64-3.7/gospl/mesher/unstructuredmesh.py -> build/bdist.linux-x86_64/egg/gospl/mesher\ncopying build/lib.linux-x86_64-3.7/gospl/model.py -> build/bdist.linux-x86_64/egg/gospl\ncreating build/bdist.linux-x86_64/egg/gospl/tools\ncopying build/lib.linux-x86_64-3.7/gospl/tools/__init__.py -> build/bdist.linux-x86_64/egg/gospl/tools\ncopying build/lib.linux-x86_64-3.7/gospl/tools/outmesh.py -> build/bdist.linux-x86_64/egg/gospl/tools\ncopying build/lib.linux-x86_64-3.7/gospl/tools/inputparser.py -> build/bdist.linux-x86_64/egg/gospl/tools\ncreating build/bdist.linux-x86_64/egg/gospl/sed\ncopying build/lib.linux-x86_64-3.7/gospl/sed/sedplex.py -> build/bdist.linux-x86_64/egg/gospl/sed\ncopying build/lib.linux-x86_64-3.7/gospl/sed/__init__.py -> build/bdist.linux-x86_64/egg/gospl/sed\ncopying build/lib.linux-x86_64-3.7/gospl/sed/stratplex.py -> build/bdist.linux-x86_64/egg/gospl/sed\ncopying build/lib.linux-x86_64-3.7/gospl/sed/seaplex.py -> build/bdist.linux-x86_64/egg/gospl/sed\ncopying build/lib.linux-x86_64-3.7/gospl/_fortran.cpython-37m-x86_64-linux-gnu.so -> build/bdist.linux-x86_64/egg/gospl\nbyte-compiling build/bdist.linux-x86_64/egg/gospl/__init__.py to __init__.cpython-37.pyc\nbyte-compiling build/bdist.linux-x86_64/egg/gospl/flow/__init__.py to __init__.cpython-37.pyc\nbyte-compiling build/bdist.linux-x86_64/egg/gospl/flow/pitfilling.py to pitfilling.cpython-37.pyc\nbyte-compiling build/bdist.linux-x86_64/egg/gospl/flow/flowplex.py to flowplex.cpython-37.pyc\nbyte-compiling build/bdist.linux-x86_64/egg/gospl/mesher/__init__.py to __init__.cpython-37.pyc\nbyte-compiling build/bdist.linux-x86_64/egg/gospl/mesher/earthplates.py to earthplates.cpython-37.pyc\nbyte-compiling build/bdist.linux-x86_64/egg/gospl/mesher/unstructuredmesh.py to unstructuredmesh.cpython-37.pyc\nbyte-compiling build/bdist.linux-x86_64/egg/gospl/model.py to model.cpython-37.pyc\nbyte-compiling build/bdist.linux-x86_64/egg/gospl/tools/__init__.py to __init__.cpython-37.pyc\nbyte-compiling build/bdist.linux-x86_64/egg/gospl/tools/outmesh.py to outmesh.cpython-37.pyc\nbyte-compiling build/bdist.linux-x86_64/egg/gospl/tools/inputparser.py to inputparser.cpython-37.pyc\nbyte-compiling build/bdist.linux-x86_64/egg/gospl/sed/sedplex.py to sedplex.cpython-37.pyc\nbyte-compiling build/bdist.linux-x86_64/egg/gospl/sed/__init__.py to __init__.cpython-37.pyc\nbyte-compiling build/bdist.linux-x86_64/egg/gospl/sed/stratplex.py to stratplex.cpython-37.pyc\nbyte-compiling build/bdist.linux-x86_64/egg/gospl/sed/seaplex.py to seaplex.cpython-37.pyc\ncreating stub loader for gospl/_fortran.cpython-37m-x86_64-linux-gnu.so\nbyte-compiling build/bdist.linux-x86_64/egg/gospl/_fortran.py to _fortran.cpython-37.pyc\ncreating build/bdist.linux-x86_64/egg/EGG-INFO\ncopying gospl.egg-info/PKG-INFO -> build/bdist.linux-x86_64/egg/EGG-INFO\ncopying gospl.egg-info/SOURCES.txt -> build/bdist.linux-x86_64/egg/EGG-INFO\ncopying gospl.egg-info/dependency_links.txt -> build/bdist.linux-x86_64/egg/EGG-INFO\ncopying gospl.egg-info/requires.txt -> build/bdist.linux-x86_64/egg/EGG-INFO\ncopying gospl.egg-info/top_level.txt -> build/bdist.linux-x86_64/egg/EGG-INFO\nwriting build/bdist.linux-x86_64/egg/EGG-INFO/native_libs.txt\nzip_safe flag not set; analyzing archive contents...\ngospl.__pycache__._fortran.cpython-37: module references __file__\ncreating dist\ncreating 'dist/gospl-0.3.2-py3.7-linux-x86_64.egg' and adding 'build/bdist.linux-x86_64/egg' to it\nremoving 'build/bdist.linux-x86_64/egg' (and everything under it)\nProcessing gospl-0.3.2-py3.7-linux-x86_64.egg\ncreating /usr/local/lib/python3.7/dist-packages/gospl-0.3.2-py3.7-linux-x86_64.egg\nExtracting gospl-0.3.2-py3.7-linux-x86_64.egg to /usr/local/lib/python3.7/dist-packages\nAdding gospl 0.3.2 to easy-install.pth file\n\nInstalled /usr/local/lib/python3.7/dist-packages/gospl-0.3.2-py3.7-linux-x86_64.egg\nProcessing dependencies for gospl==0.3.2\nSearching for numpy-indexed==0.3.5\nReading https://pypi.org/simple/numpy-indexed/\nDownloading https://files.pythonhosted.org/packages/4c/90/fe830d577400954db57a88f7022efef095745e1df4256ca5171d659d4177/numpy_indexed-0.3.5-py2.py3-none-any.whl#sha256=625dfa932211d82d15ab9ade45faddeddba90fc7e9f53b715dc007b4a995bd58\nBest match: numpy-indexed 0.3.5\nProcessing numpy_indexed-0.3.5-py2.py3-none-any.whl\nInstalling numpy_indexed-0.3.5-py2.py3-none-any.whl to /usr/local/lib/python3.7/dist-packages\nAdding numpy-indexed 0.3.5 to easy-install.pth file\n\nInstalled /usr/local/lib/python3.7/dist-packages/numpy_indexed-0.3.5-py3.7.egg\nSearching for vtk>=9.0.3\nReading https://pypi.org/simple/vtk/\nDownloading https://files.pythonhosted.org/packages/f6/29/010a13dbab604af8a278630748feeb8fabe8000ad4d5dfac0f8c5947e4f9/vtk-9.2.4-cp37-cp37m-manylinux_2_17_x86_64.manylinux2014_x86_64.whl#sha256=8d5b728fa9d203a7faeb5ed8a1441d9cec46deed8eaae5f2ecb056016e3c93e7\nBest match: vtk 9.2.4\nProcessing vtk-9.2.4-cp37-cp37m-manylinux_2_17_x86_64.manylinux2014_x86_64.whl\nInstalling vtk-9.2.4-cp37-cp37m-manylinux_2_17_x86_64.manylinux2014_x86_64.whl to /usr/local/lib/python3.7/dist-packages\nAdding vtk 9.2.4 to easy-install.pth file\n\nInstalled /usr/local/lib/python3.7/dist-packages/vtk-9.2.4-py3.7-linux-x86_64.egg\nSearching for mpi4py==3.1.1\nReading https://pypi.org/simple/mpi4py/\nDownloading https://files.pythonhosted.org/packages/bd/d3/b1e686fcf2fe1677fa010f0a29a1b8a8cd3fd56161aacd59c5be252fe382/mpi4py-3.1.1.tar.gz#sha256=e11f8587a3b93bb24c8526addec664b586b965d83c0882b884c14dc3fd6b9f5c\nBest match: mpi4py 3.1.1\nProcessing mpi4py-3.1.1.tar.gz\nWriting /tmp/easy_install-e66r1gyb/mpi4py-3.1.1/setup.cfg\nRunning mpi4py-3.1.1/setup.py -q bdist_egg --dist-dir /tmp/easy_install-e66r1gyb/mpi4py-3.1.1/egg-dist-tmp-msk46xtl\n\u001b[91m/usr/bin/ld: cannot find -llmpe\n\u001b[0m\u001b[91mcollect2: error: ld returned 1 exit status\n\u001b[0m\u001b[91m/usr/bin/ld: cannot find -lvt-mpi\n\u001b[0m\u001b[91mcollect2: error: ld returned 1 exit status\n\u001b[0m\u001b[91m/usr/bin/ld: cannot find -lvt.mpi\n\u001b[0m\u001b[91mcollect2: error: ld returned 1 exit status\n\u001b[0m\u001b[91m/usr/bin/ld: cannot find -lvt-mpi\n\u001b[0m\u001b[91mcollect2: error: ld returned 1 exit status\n\u001b[0m\u001b[91m/usr/bin/ld: cannot find -lvt.mpi\n\u001b[0m\u001b[91mcollect2: error: ld returned 1 exit status\n\u001b[0m\u001b[91m/usr/bin/ld: cannot find -lvt-hyb\n\u001b[0m\u001b[91mcollect2: error: ld returned 1 exit status\n\u001b[0m\u001b[91m/usr/bin/ld: cannot find -\u001b[0m\u001b[91mlvt.ompi\n\u001b[0m\u001b[91mcollect2: error: ld returned 1 exit status\n\u001b[0mcreating /usr/local/lib/python3.7/dist-packages/mpi4py-3.1.1-py3.7-linux-x86_64.egg\nExtracting mpi4py-3.1.1-py3.7-linux-x86_64.egg to /usr/local/lib/python3.7/dist-packages\nAdding mpi4py 3.1.1 to easy-install.pth file\n\nInstalled /usr/local/lib/python3.7/dist-packages/mpi4py-3.1.1-py3.7-linux-x86_64.egg\nSearching for future\nReading https://pypi.org/simple/future/\nDownloading https://files.pythonhosted.org/packages/45/0b/38b06fd9b92dc2b68d58b75f900e97884c45bedd2ff83203d933cf5851c9/future-0.18.2.tar.gz#sha256=b1bead90b70cf6ec3f0710ae53a525360fa360d306a86583adc6bf83a4db537d\nBest match: future 0.18.2\nProcessing future-0.18.2.tar.gz\nWriting /tmp/easy_install-z03a38qf/future-0.18.2/setup.cfg\nRunning future-0.18.2/setup.py -q bdist_egg --dist-dir /tmp/easy_install-z03a38qf/future-0.18.2/egg-dist-tmp-87jmsfdz\n\u001b[91mrmbadname1: Replacing \"rank\" with \"rank_bn\".\nrmbadname1: Replacing \"rank\" with \"rank_bn\".\nwarning: no files found matching '*.au' under directory 'tests'\n\u001b[0m\u001b[91mwarning: no files found matching '*.gif' under directory 'tests'\n\u001b[0m\u001b[91mwarning: no files found matching '*.txt' under directory 'tests'\n\u001b[0m\u001b[91mzip_safe flag not set; analyzing archive contents...\n\u001b[0m\u001b[91mfuture.backports.test.__pycache__.ssl_servers.cpython-37: module references __file__\n\u001b[0m\u001b[91mfuture.backports.test.__pycache__.support.cpython-37: module references __file__\n\u001b[0m\u001b[91mfuture.standard_library.__pycache__.__init__.cpython-37: module references __file__\nfuture.standard_library.__pycache__.__init__.cpython-37: module references __path__\n\u001b[0m\u001b[91mfuture.utils.__pycache__.__init__.cpython-37: module MAY be using inspect.stack\n\u001b[0m\u001b[91mpast.builtins.__pycache__.misc.cpython-37: module MAY be using inspect.stack\n\u001b[0m\u001b[91mpast.translation.__pycache__.__init__.cpython-37: module references __file__\npast.translation.__pycache__.__init__.cpython-37: module references __path__\n\u001b[0mcreating /usr/local/lib/python3.7/dist-packages/future-0.18.2-py3.7.egg\nExtracting future-0.18.2-py3.7.egg to /usr/local/lib/python3.7/dist-packages\nAdding future 0.18.2 to easy-install.pth file\nInstalling futurize script to /usr/local/bin\nInstalling pasteurize script to /usr/local/bin\n\nInstalled /usr/local/lib/python3.7/dist-packages/future-0.18.2-py3.7.egg\nSearching for scikit-fuzzy==0.4.2\nBest match: scikit-fuzzy 0.4.2\nAdding scikit-fuzzy 0.4.2 to easy-install.pth file\n\nUsing /usr/local/lib/python3.7/dist-packages\nSearching for pre-commit==2.13.0\nBest match: pre-commit 2.13.0\nAdding pre-commit 2.13.0 to easy-install.pth file\nInstalling pre-commit script to /usr/local/bin\nInstalling pre-commit-validate-config script to /usr/local/bin\nInstalling pre-commit-validate-manifest script to /usr/local/bin\n\nUsing /usr/local/lib/python3.7/dist-packages\nSearching for meshplex==0.16.2\nBest match: meshplex 0.16.2\nAdding meshplex 0.16.2 to easy-install.pth file\n\nUsing /usr/local/lib/python3.7/dist-packages\nSearching for meshio==4.4.6\nBest match: meshio 4.4.6\nAdding meshio 4.4.6 to easy-install.pth file\nInstalling meshio-ascii script to /usr/local/bin\nInstalling meshio-binary script to /usr/local/bin\nInstalling meshio-compress script to /usr/local/bin\nInstalling meshio-convert script to /usr/local/bin\nInstalling meshio-decompress script to /usr/local/bin\nInstalling meshio-info script to /usr/local/bin\n\nUsing /usr/local/lib/python3.7/dist-packages\nSearching for ruamel.yaml==0.17.10\nBest match: ruamel.yaml 0.17.10\nAdding ruamel.yaml 0.17.10 to easy-install.pth file\n\nUsing /usr/local/lib/python3.7/dist-packages\nSearching for pandas==1.3.0\nBest match: pandas 1.3.0\nAdding pandas 1.3.0 to easy-install.pth file\n\nUsing /usr/local/lib/python3.7/dist-packages\nSearching for h5py==2.10.0\nBest match: h5py 2.10.0\nAdding h5py 2.10.0 to easy-install.pth file\n\nUsing /usr/local/lib/python3.7/dist-packages\nSearching for petsc4py==3.13.0\nBest match: petsc4py 3.13.0\nAdding petsc4py 3.13.0 to easy-install.pth file\n\nUsing /usr/local/lib/python3.7/dist-packages\nSearching for Cython==0.29.23\nBest match: Cython 0.29.23\nAdding Cython 0.29.23 to easy-install.pth file\nInstalling cygdb script to /usr/local/bin\nInstalling cython script to /usr/local/bin\nInstalling cythonize script to /usr/local/bin\n\nUsing /usr/local/lib/python3.7/dist-packages\nSearching for scipy==1.7.0\nBest match: scipy 1.7.0\nAdding scipy 1.7.0 to easy-install.pth file\n\nUsing /usr/local/lib/python3.7/dist-packages\nSearching for numpy==1.21.0\nBest match: numpy 1.21.0\nAdding numpy 1.21.0 to easy-install.pth file\nInstalling f2py script to /usr/local/bin\nInstalling f2py3 script to /usr/local/bin\nInstalling f2py3.7 script to /usr/local/bin\n\nUsing /usr/local/lib/python3.7/dist-packages\nSearching for networkx==2.6.1\nBest match: networkx 2.6.1\nAdding networkx 2.6.1 to easy-install.pth file\n\nUsing /usr/local/lib/python3.7/dist-packages\nSearching for matplotlib==3.4.2\nBest match: matplotlib 3.4.2\nAdding matplotlib 3.4.2 to easy-install.pth file\n\nUsing /usr/local/lib/python3.7/dist-packages\nSearching for PyYAML==5.4.1\nBest match: PyYAML 5.4.1\nAdding PyYAML 5.4.1 to easy-install.pth file\n\nUsing /usr/local/lib/python3.7/dist-packages\nSearching for cfgv==3.3.0\nBest match: cfgv 3.3.0\nAdding cfgv 3.3.0 to easy-install.pth file\n\nUsing /usr/local/lib/python3.7/dist-packages\nSearching for virtualenv==20.4.7\nBest match: virtualenv 20.4.7\nAdding virtualenv 20.4.7 to easy-install.pth file\nInstalling virtualenv script to /usr/local/bin\n\nUsing /usr/local/lib/python3.7/dist-packages\nSearching for nodeenv==1.6.0\nBest match: nodeenv 1.6.0\nAdding nodeenv 1.6.0 to easy-install.pth file\nInstalling nodeenv script to /usr/local/bin\n\nUsing /usr/local/lib/python3.7/dist-packages\nSearching for identify==2.2.11\nBest match: identify 2.2.11\nAdding identify 2.2.11 to easy-install.pth file\nInstalling identify-cli script to /usr/local/bin\n\nUsing /usr/local/lib/python3.7/dist-packages\nSearching for toml==0.10.2\nBest match: toml 0.10.2\nAdding toml 0.10.2 to easy-install.pth file\n\nUsing /usr/local/lib/python3.7/dist-packages\nSearching for importlib-metadata==3.10.1\nBest match: importlib-metadata 3.10.1\nAdding importlib-metadata 3.10.1 to easy-install.pth file\n\nUsing /usr/local/lib/python3.7/dist-packages\nSearching for npx==0.0.17\nBest match: npx 0.0.17\nAdding npx 0.0.17 to easy-install.pth file\n\nUsing /usr/local/lib/python3.7/dist-packages\nSearching for ruamel.yaml.clib==0.2.6\nBest match: ruamel.yaml.clib 0.2.6\nAdding ruamel.yaml.clib 0.2.6 to easy-install.pth file\n\nUsing /usr/local/lib/python3.7/dist-packages\nSearching for pytz==2021.1\nBest match: pytz 2021.1\nAdding pytz 2021.1 to easy-install.pth file\n\nUsing /usr/local/lib/python3.7/dist-packages\nSearching for python-dateutil==2.8.1\nBest match: python-dateutil 2.8.1\nAdding python-dateutil 2.8.1 to easy-install.pth file\n\nUsing /usr/local/lib/python3.7/dist-packages\nSearching for six==1.16.0\nBest match: six 1.16.0\nAdding six 1.16.0 to easy-install.pth file\n\nUsing /usr/local/lib/python3.7/dist-packages\nSearching for kiwisolver==1.3.1\nBest match: kiwisolver 1.3.1\nAdding kiwisolver 1.3.1 to easy-install.pth file\n\nUsing /usr/local/lib/python3.7/dist-packages\nSearching for pyparsing==2.4.7\nBest match: pyparsing 2.4.7\nAdding pyparsing 2.4.7 to easy-install.pth file\n\nUsing /usr/local/lib/python3.7/dist-packages\nSearching for Pillow==8.3.1\nBest match: Pillow 8.3.1\nAdding Pillow 8.3.1 to easy-install.pth file\n\nUsing /usr/local/lib/python3.7/dist-packages\nSearching for cycler==0.10.0\nBest match: cycler 0.10.0\nAdding cycler 0.10.0 to easy-install.pth file\n\nUsing /usr/local/lib/python3.7/dist-packages\nSearching for appdirs==1.4.4\nBest match: appdirs 1.4.4\nAdding appdirs 1.4.4 to easy-install.pth file\n\nUsing /usr/local/lib/python3.7/dist-packages\nSearching for filelock==3.0.12\nBest match: filelock 3.0.12\nAdding filelock 3.0.12 to easy-install.pth file\n\nUsing /usr/local/lib/python3.7/dist-packages\nSearching for distlib==0.3.2\nBest match: distlib 0.3.2\nAdding distlib 0.3.2 to easy-install.pth file\n\nUsing /usr/local/lib/python3.7/dist-packages\nSearching for zipp==3.5.0\nBest match: zipp 3.5.0\nAdding zipp 3.5.0 to easy-install.pth file\n\nUsing /usr/local/lib/python3.7/dist-packages\nSearching for typing-extensions==3.10.0.0\nBest match: typing-extensions 3.10.0.0\nAdding typing-extensions 3.10.0.0 to easy-install.pth file\n\nUsing /usr/local/lib/python3.7/dist-packages\nFinished processing dependencies for gospl==0.3.2\n\n########### EXT COMPILER OPTIMIZATION ###########\nPlatform      : \n  Architecture: x64\n  Compiler    : gcc\n\nCPU baseline  : \n  Requested   : 'min'\n  Enabled     : SSE SSE2 SSE3\n  Flags       : -msse -msse2 -msse3\n  Extra checks: none\n\nCPU dispatch  : \n  Requested   : 'max -xop -fma4'\n  Enabled     : SSSE3 SSE41 POPCNT SSE42 AVX F16C FMA3 AVX2 AVX512F AVX512CD AVX512_KNL AVX512_KNM AVX512_SKX AVX512_CLX AVX512_CNL AVX512_ICL\n  Generated   : none\nCCompilerOpt.cache_flush[804] : write cache to path -> /live/lib/gospl/build/temp.linux-x86_64-3.7/ccompiler_opt_cache_ext.py\nObtaining file:///live/lib/gospl\n  Installing build dependencies: started\n  Installing build dependencies: finished with status 'done'\nRequirement already satisfied: numpy>=1.19.2 in /usr/local/lib/python3.7/dist-packages (from gospl==0.3.2) (1.21.0)\nRequirement already satisfied: scipy>=1.5.2 in /usr/local/lib/python3.7/dist-packages (from gospl==0.3.2) (1.7.0)\nRequirement already satisfied: Cython>=0.29.21 in /usr/local/lib/python3.7/dist-packages (from gospl==0.3.2) (0.29.23)\nCollecting mpi4py==3.1.1 (from gospl==0.3.2)\n  Downloading https://files.pythonhosted.org/packages/bd/d3/b1e686fcf2fe1677fa010f0a29a1b8a8cd3fd56161aacd59c5be252fe382/mpi4py-3.1.1.tar.gz (2.4MB)\n  Installing build dependencies: started\n  Installing build dependencies: finished with status 'done'\nRequirement already satisfied: petsc4py>=3.13.0 in /usr/local/lib/python3.7/dist-packages (from gospl==0.3.2) (3.13.0)\nRequirement already satisfied: h5py>=2.10.0 in /usr/local/lib/python3.7/dist-packages (from gospl==0.3.2) (2.10.0)\nRequirement already satisfied: pandas>=1.1.2 in /usr/local/lib/python3.7/dist-packages (from gospl==0.3.2) (1.3.0)\nRequirement already satisfied: ruamel.yaml>=0.16.12 in /usr/local/lib/python3.7/dist-packages (from gospl==0.3.2) (0.17.10)\nRequirement already satisfied: meshio>=4.2.2 in /usr/local/lib/python3.7/dist-packages (from gospl==0.3.2) (4.4.6)\nRequirement already satisfied: meshplex>=0.13.4 in /usr/local/lib/python3.7/dist-packages (from gospl==0.3.2) (0.16.2)\nRequirement already satisfied: pre-commit>=2.7.1 in /usr/local/lib/python3.7/dist-packages (from gospl==0.3.2) (2.13.0)\nCollecting vtk>=9.0.3 (from gospl==0.3.2)\n\u001b[91m  Could not find a version that satisfies the requirement vtk>=9.0.3 (from gospl==0.3.2) (from versions: 8.1.2)\n\u001b[0m\u001b[91mNo matching distribution found for vtk>=9.0.3 (from gospl==0.3.2)\n\u001b[0mRemoving intermediate container 5111362f6646\n","stderr":"The command '/bin/sh -c git clone https://github.com/Geodels/gospl.git &&     cd gospl &&     export F90=gfortran &&     export PETSC_DIR=/opt/petsc &&     export PETSC_ARCH=arch-linux-c-opt &&     python3 setup.py install &&     python3 -m pip install -e .' returned a non-zero code: 1\n"}}