{"repository":"https://github.com/grexor/apa","dockerfilePath":"Dockerfile","startTime":1672238989637,"clone":{"stdout":"","stderr":"Cloning into '/tmp/dinghy-analysis/grexor/apa'...\n","error":null,"commit":"43c20d28e475151942361cf38fd7102eada5aa3f"},"originalBuild":{"startTimestamp":1672238990575,"endTimestamp":1672239823363,"error":{"code":1,"killed":false,"signal":null,"cmd":"docker build --no-cache --force-rm -t apa:latest -f /tmp/dinghy-analysis/grexor/apa/Dockerfile ."},"stdout":"Sending build context to Docker daemon  1.383MB\r\r\nStep 1/51 : FROM groovy\nlatest: Pulling from library/groovy\n6e3729cf69e0: Already exists\n4d8d923227d8: Pulling fs layer\neda8241fd25f: Pulling fs layer\n35dccabde73d: Pulling fs layer\n5a188d57668b: Pulling fs layer\nf24096aaf627: Pulling fs layer\n2a9a73fbb09f: Pulling fs layer\n71fcadcaa8f4: Pulling fs layer\n71fcadcaa8f4: Waiting\n2a9a73fbb09f: Waiting\nf24096aaf627: Waiting\n5a188d57668b: Waiting\n35dccabde73d: Verifying Checksum\n35dccabde73d: Download complete\n5a188d57668b: Verifying Checksum\n5a188d57668b: Download complete\n4d8d923227d8: Verifying Checksum\n4d8d923227d8: Download complete\nf24096aaf627: Verifying Checksum\nf24096aaf627: Download complete\n71fcadcaa8f4: Download complete\n2a9a73fbb09f: Verifying Checksum\n2a9a73fbb09f: Download complete\n4d8d923227d8: Pull complete\neda8241fd25f: Verifying Checksum\neda8241fd25f: Download complete\neda8241fd25f: Pull complete\n35dccabde73d: Pull complete\n5a188d57668b: Pull complete\nf24096aaf627: Pull complete\n2a9a73fbb09f: Pull complete\n71fcadcaa8f4: Pull complete\nDigest: sha256:46440e28b28d5221b02a91c29536c7873f1b37832499ebe8ae1538453427da72\nStatus: Downloaded newer image for groovy:latest\n ---> 4812c70d20c5\nStep 2/51 : MAINTAINER Gregor Rot <gregor.rot@gmail.com>\n ---> Running in 11cfdf85ca8f\nRemoving intermediate container 11cfdf85ca8f\n ---> f01119a5a2ec\nStep 3/51 : ENV DEBIAN_FRONTEND=noninteractive\n ---> Running in 564fd0da19a3\nRemoving intermediate container 564fd0da19a3\n ---> c501133c58be\nStep 4/51 : ENV TZ=Europe/Zurich\n ---> Running in c3f1923988f4\nRemoving intermediate container c3f1923988f4\n ---> 8ff23c1bd9e5\nStep 5/51 : USER root\n ---> Running in dd3c7e150c14\nRemoving intermediate container dd3c7e150c14\n ---> 917a4a4dc7de\nStep 6/51 : RUN apt update\n ---> Running in 4d4bd88bfdcc\n\u001b[91m\nWARNING: apt does not have a stable CLI interface. Use with caution in scripts.\n\n\u001b[0mGet:1 http://security.ubuntu.com/ubuntu jammy-security InRelease [110 kB]\nGet:2 http://archive.ubuntu.com/ubuntu jammy InRelease [270 kB]\nGet:3 http://security.ubuntu.com/ubuntu jammy-security/universe amd64 Packages [781 kB]\nGet:4 http://security.ubuntu.com/ubuntu jammy-security/main amd64 Packages [667 kB]\nGet:5 http://security.ubuntu.com/ubuntu jammy-security/multiverse amd64 Packages [4,732 B]\nGet:6 http://security.ubuntu.com/ubuntu jammy-security/restricted amd64 Packages [593 kB]\nGet:7 http://archive.ubuntu.com/ubuntu jammy-updates InRelease [114 kB]\nGet:8 http://archive.ubuntu.com/ubuntu jammy-backports InRelease [99.8 kB]\nGet:9 http://archive.ubuntu.com/ubuntu jammy/multiverse amd64 Packages [266 kB]\nGet:10 http://archive.ubuntu.com/ubuntu jammy/main amd64 Packages [1,792 kB]\nGet:11 http://archive.ubuntu.com/ubuntu jammy/restricted amd64 Packages [164 kB]\nGet:12 http://archive.ubuntu.com/ubuntu jammy/universe amd64 Packages [17.5 MB]\nGet:13 http://archive.ubuntu.com/ubuntu jammy-updates/multiverse amd64 Packages [8,150 B]\nGet:14 http://archive.ubuntu.com/ubuntu jammy-updates/universe amd64 Packages [970 kB]\nGet:15 http://archive.ubuntu.com/ubuntu jammy-updates/restricted amd64 Packages [641 kB]\nGet:16 http://archive.ubuntu.com/ubuntu jammy-updates/main amd64 Packages [972 kB]\nGet:17 http://archive.ubuntu.com/ubuntu jammy-backports/main amd64 Packages [3,520 B]\nGet:18 http://archive.ubuntu.com/ubuntu jammy-backports/universe amd64 Packages [7,278 B]\nFetched 24.9 MB in 3s (7,984 kB/s)\nReading package lists...\nBuilding dependency tree...\nReading state information...\n1 package can be upgraded. Run 'apt list --upgradable' to see it.\nRemoving intermediate container 4d4bd88bfdcc\n ---> e8a17f0bd881\nStep 7/51 : RUN apt-get install -y vim\n ---> Running in 3de14bccb911\nReading package lists...\nBuilding dependency tree...\nReading state information...\nThe following additional packages will be installed:\n  libgpm2 libmpdec3 libpython3.10 libpython3.10-minimal libpython3.10-stdlib\n  libsodium23 media-types vim-common vim-runtime xxd\nSuggested packages:\n  gpm ctags vim-doc vim-scripts\nThe following NEW packages will be installed:\n  libgpm2 libmpdec3 libpython3.10 libpython3.10-minimal libpython3.10-stdlib\n  libsodium23 media-types vim vim-common vim-runtime xxd\n0 upgraded, 11 newly installed, 0 to remove and 1 not upgraded.\nNeed to get 13.6 MB of archives.\nAfter this operation, 58.4 MB of additional disk space will be used.\nGet:1 http://archive.ubuntu.com/ubuntu jammy/main amd64 libmpdec3 amd64 2.5.1-2build2 [86.8 kB]\nGet:2 http://archive.ubuntu.com/ubuntu jammy-updates/main amd64 libpython3.10-minimal amd64 3.10.6-1~22.04.2 [810 kB]\nGet:3 http://archive.ubuntu.com/ubuntu jammy/main amd64 media-types all 7.0.0 [25.5 kB]\nGet:4 http://archive.ubuntu.com/ubuntu jammy-updates/main amd64 libpython3.10-stdlib amd64 3.10.6-1~22.04.2 [1,832 kB]\nGet:5 http://archive.ubuntu.com/ubuntu jammy-updates/main amd64 xxd amd64 2:8.2.3995-1ubuntu2.1 [51.3 kB]\nGet:6 http://archive.ubuntu.com/ubuntu jammy-updates/main amd64 vim-common all 2:8.2.3995-1ubuntu2.1 [81.5 kB]\nGet:7 http://archive.ubuntu.com/ubuntu jammy/main amd64 libgpm2 amd64 1.20.7-10build1 [15.3 kB]\nGet:8 http://archive.ubuntu.com/ubuntu jammy-updates/main amd64 libpython3.10 amd64 3.10.6-1~22.04.2 [1,955 kB]\nGet:9 http://archive.ubuntu.com/ubuntu jammy/main amd64 libsodium23 amd64 1.0.18-1build2 [164 kB]\nGet:10 http://archive.ubuntu.com/ubuntu jammy-updates/main amd64 vim-runtime all 2:8.2.3995-1ubuntu2.1 [6,832 kB]\nGet:11 http://archive.ubuntu.com/ubuntu jammy-updates/main amd64 vim amd64 2:8.2.3995-1ubuntu2.1 [1,727 kB]\n\u001b[91mdebconf: delaying package configuration, since apt-utils is not installed\n\u001b[0mFetched 13.6 MB in 0s (27.8 MB/s)\nSelecting previously unselected package libmpdec3:amd64.\r\n(Reading database ... \r(Reading database ... 5%\r(Reading database ... 10%\r(Reading database ... 15%\r(Reading database ... 20%\r(Reading database ... 25%\r(Reading database ... 30%\r(Reading database ... 35%\r(Reading database ... 40%\r(Reading database ... 45%\r(Reading database ... 50%\r(Reading database ... 55%\r(Reading database ... 60%\r(Reading database ... 65%\r(Reading database ... 70%\r(Reading database ... 75%\r(Reading database ... 80%\r(Reading database ... 85%\r(Reading database ... 90%\r(Reading database ... 95%\r(Reading database ... 100%\r(Reading database ... 8177 files and directories currently installed.)\r\nPreparing to unpack .../00-libmpdec3_2.5.1-2build2_amd64.deb ...\r\nUnpacking libmpdec3:amd64 (2.5.1-2build2) ...\r\nSelecting previously unselected package libpython3.10-minimal:amd64.\r\nPreparing to unpack .../01-libpython3.10-minimal_3.10.6-1~22.04.2_amd64.deb ...\r\nUnpacking libpython3.10-minimal:amd64 (3.10.6-1~22.04.2) ...\r\nSelecting previously unselected package media-types.\r\nPreparing to unpack .../02-media-types_7.0.0_all.deb ...\r\nUnpacking media-types (7.0.0) ...\r\nSelecting previously unselected package libpython3.10-stdlib:amd64.\r\nPreparing to unpack .../03-libpython3.10-stdlib_3.10.6-1~22.04.2_amd64.deb ...\r\nUnpacking libpython3.10-stdlib:amd64 (3.10.6-1~22.04.2) ...\r\nSelecting previously unselected package xxd.\r\nPreparing to unpack .../04-xxd_2%3a8.2.3995-1ubuntu2.1_amd64.deb ...\r\nUnpacking xxd (2:8.2.3995-1ubuntu2.1) ...\r\nSelecting previously unselected package vim-common.\r\nPreparing to unpack .../05-vim-common_2%3a8.2.3995-1ubuntu2.1_all.deb ...\r\nUnpacking vim-common (2:8.2.3995-1ubuntu2.1) ...\r\nSelecting previously unselected package libgpm2:amd64.\r\nPreparing to unpack .../06-libgpm2_1.20.7-10build1_amd64.deb ...\r\nUnpacking libgpm2:amd64 (1.20.7-10build1) ...\r\nSelecting previously unselected package libpython3.10:amd64.\r\nPreparing to unpack .../07-libpython3.10_3.10.6-1~22.04.2_amd64.deb ...\r\nUnpacking libpython3.10:amd64 (3.10.6-1~22.04.2) ...\r\nSelecting previously unselected package libsodium23:amd64.\r\nPreparing to unpack .../08-libsodium23_1.0.18-1build2_amd64.deb ...\r\nUnpacking libsodium23:amd64 (1.0.18-1build2) ...\r\nSelecting previously unselected package vim-runtime.\r\nPreparing to unpack .../09-vim-runtime_2%3a8.2.3995-1ubuntu2.1_all.deb ...\r\nAdding 'diversion of /usr/share/vim/vim82/doc/help.txt to /usr/share/vim/vim82/doc/help.txt.vim-tiny by vim-runtime'\r\nAdding 'diversion of /usr/share/vim/vim82/doc/tags to /usr/share/vim/vim82/doc/tags.vim-tiny by vim-runtime'\r\nUnpacking vim-runtime (2:8.2.3995-1ubuntu2.1) ...\r\nSelecting previously unselected package vim.\r\nPreparing to unpack .../10-vim_2%3a8.2.3995-1ubuntu2.1_amd64.deb ...\r\nUnpacking vim (2:8.2.3995-1ubuntu2.1) ...\r\nSetting up media-types (7.0.0) ...\r\nSetting up libsodium23:amd64 (1.0.18-1build2) ...\r\nSetting up libgpm2:amd64 (1.20.7-10build1) ...\r\nSetting up xxd (2:8.2.3995-1ubuntu2.1) ...\r\nSetting up vim-common (2:8.2.3995-1ubuntu2.1) ...\r\nSetting up libpython3.10-minimal:amd64 (3.10.6-1~22.04.2) ...\r\nSetting up libmpdec3:amd64 (2.5.1-2build2) ...\r\nSetting up vim-runtime (2:8.2.3995-1ubuntu2.1) ...\r\nSetting up libpython3.10-stdlib:amd64 (3.10.6-1~22.04.2) ...\r\nSetting up libpython3.10:amd64 (3.10.6-1~22.04.2) ...\r\nSetting up vim (2:8.2.3995-1ubuntu2.1) ...\r\nupdate-alternatives: using /usr/bin/vim.basic to provide /usr/bin/vim (vim) in auto mode\r\nupdate-alternatives: using /usr/bin/vim.basic to provide /usr/bin/vimdiff (vimdiff) in auto mode\r\nupdate-alternatives: using /usr/bin/vim.basic to provide /usr/bin/rvim (rvim) in auto mode\r\nupdate-alternatives: using /usr/bin/vim.basic to provide /usr/bin/rview (rview) in auto mode\r\nupdate-alternatives: using /usr/bin/vim.basic to provide /usr/bin/vi (vi) in auto mode\r\nupdate-alternatives: warning: skip creation of /usr/share/man/da/man1/vi.1.gz because associated file /usr/share/man/da/man1/vim.1.gz (of link group vi) doesn't exist\r\nupdate-alternatives: warning: skip creation of /usr/share/man/de/man1/vi.1.gz because associated file /usr/share/man/de/man1/vim.1.gz (of link group vi) doesn't exist\r\nupdate-alternatives: warning: skip creation of /usr/share/man/fr/man1/vi.1.gz because associated file /usr/share/man/fr/man1/vim.1.gz (of link group vi) doesn't exist\r\nupdate-alternatives: warning: skip creation of /usr/share/man/it/man1/vi.1.gz because associated file /usr/share/man/it/man1/vim.1.gz (of link group vi) doesn't exist\r\nupdate-alternatives: warning: skip creation of /usr/share/man/ja/man1/vi.1.gz because associated file /usr/share/man/ja/man1/vim.1.gz (of link group vi) doesn't exist\r\nupdate-alternatives: warning: skip creation of /usr/share/man/pl/man1/vi.1.gz because associated file /usr/share/man/pl/man1/vim.1.gz (of link group vi) doesn't exist\r\nupdate-alternatives: warning: skip creation of /usr/share/man/ru/man1/vi.1.gz because associated file /usr/share/man/ru/man1/vim.1.gz (of link group vi) doesn't exist\r\nupdate-alternatives: warning: skip creation of /usr/share/man/man1/vi.1.gz because associated file /usr/share/man/man1/vim.1.gz (of link group vi) doesn't exist\r\nupdate-alternatives: using /usr/bin/vim.basic to provide /usr/bin/view (view) in auto mode\r\nupdate-alternatives: warning: skip creation of /usr/share/man/da/man1/view.1.gz because associated file /usr/share/man/da/man1/vim.1.gz (of link group view) doesn't exist\r\nupdate-alternatives: warning: skip creation of /usr/share/man/de/man1/view.1.gz because associated file /usr/share/man/de/man1/vim.1.gz (of link group view) doesn't exist\r\nupdate-alternatives: warning: skip creation of /usr/share/man/fr/man1/view.1.gz because associated file /usr/share/man/fr/man1/vim.1.gz (of link group view) doesn't exist\r\nupdate-alternatives: warning: skip creation of /usr/share/man/it/man1/view.1.gz because associated file /usr/share/man/it/man1/vim.1.gz (of link group view) doesn't exist\r\nupdate-alternatives: warning: skip creation of /usr/share/man/ja/man1/view.1.gz because associated file /usr/share/man/ja/man1/vim.1.gz (of link group view) doesn't exist\r\nupdate-alternatives: warning: skip creation of /usr/share/man/pl/man1/view.1.gz because associated file /usr/share/man/pl/man1/vim.1.gz (of link group view) doesn't exist\r\nupdate-alternatives: warning: skip creation of /usr/share/man/ru/man1/view.1.gz because associated file /usr/share/man/ru/man1/vim.1.gz (of link group view) doesn't exist\r\nupdate-alternatives: warning: skip creation of /usr/share/man/man1/view.1.gz because associated file /usr/share/man/man1/vim.1.gz (of link group view) doesn't exist\r\nupdate-alternatives: using /usr/bin/vim.basic to provide /usr/bin/ex (ex) in auto mode\r\nupdate-alternatives: warning: skip creation of /usr/share/man/da/man1/ex.1.gz because associated file /usr/share/man/da/man1/vim.1.gz (of link group ex) doesn't exist\r\nupdate-alternatives: warning: skip creation of /usr/share/man/de/man1/ex.1.gz because associated file /usr/share/man/de/man1/vim.1.gz (of link group ex) doesn't exist\r\nupdate-alternatives: warning: skip creation of /usr/share/man/fr/man1/ex.1.gz because associated file /usr/share/man/fr/man1/vim.1.gz (of link group ex) doesn't exist\r\nupdate-alternatives: warning: skip creation of /usr/share/man/it/man1/ex.1.gz because associated file /usr/share/man/it/man1/vim.1.gz (of link group ex) doesn't exist\r\nupdate-alternatives: warning: skip creation of /usr/share/man/ja/man1/ex.1.gz because associated file /usr/share/man/ja/man1/vim.1.gz (of link group ex) doesn't exist\r\nupdate-alternatives: warning: skip creation of /usr/share/man/pl/man1/ex.1.gz because associated file /usr/share/man/pl/man1/vim.1.gz (of link group ex) doesn't exist\r\nupdate-alternatives: warning: skip creation of /usr/share/man/ru/man1/ex.1.gz because associated file /usr/share/man/ru/man1/vim.1.gz (of link group ex) doesn't exist\r\nupdate-alternatives: warning: skip creation of /usr/share/man/man1/ex.1.gz because associated file /usr/share/man/man1/vim.1.gz (of link group ex) doesn't exist\r\nupdate-alternatives: using /usr/bin/vim.basic to provide /usr/bin/editor (editor) in auto mode\r\nupdate-alternatives: warning: skip creation of /usr/share/man/da/man1/editor.1.gz because associated file /usr/share/man/da/man1/vim.1.gz (of link group editor) doesn't exist\r\nupdate-alternatives: warning: skip creation of /usr/share/man/de/man1/editor.1.gz because associated file /usr/share/man/de/man1/vim.1.gz (of link group editor) doesn't exist\r\nupdate-alternatives: warning: skip creation of /usr/share/man/fr/man1/editor.1.gz because associated file /usr/share/man/fr/man1/vim.1.gz (of link group editor) doesn't exist\r\nupdate-alternatives: warning: skip creation of /usr/share/man/it/man1/editor.1.gz because associated file /usr/share/man/it/man1/vim.1.gz (of link group editor) doesn't exist\r\nupdate-alternatives: warning: skip creation of /usr/share/man/ja/man1/editor.1.gz because associated file /usr/share/man/ja/man1/vim.1.gz (of link group editor) doesn't exist\r\nupdate-alternatives: warning: skip creation of /usr/share/man/pl/man1/editor.1.gz because associated file /usr/share/man/pl/man1/vim.1.gz (of link group editor) doesn't exist\r\nupdate-alternatives: warning: skip creation of /usr/share/man/ru/man1/editor.1.gz because associated file /usr/share/man/ru/man1/vim.1.gz (of link group editor) doesn't exist\r\nupdate-alternatives: warning: skip creation of /usr/share/man/man1/editor.1.gz because associated file /usr/share/man/man1/vim.1.gz (of link group editor) doesn't exist\r\nProcessing triggers for libc-bin (2.35-0ubuntu3.1) ...\r\nRemoving intermediate container 3de14bccb911\n ---> 22f9bd51cadd\nStep 8/51 : RUN apt-get install -y python3\n ---> Running in 68724bb91683\nReading package lists...\nBuilding dependency tree...\nReading state information...\nThe following additional packages will be installed:\n  libpython3-stdlib python3-minimal python3.10 python3.10-minimal\nSuggested packages:\n  python3-doc python3-tk python3-venv python3.10-venv python3.10-doc\n  binfmt-support\nThe following NEW packages will be installed:\n  libpython3-stdlib python3 python3-minimal python3.10 python3.10-minimal\n0 upgraded, 5 newly installed, 0 to remove and 1 not upgraded.\nNeed to get 2,802 kB of archives.\nAfter this operation, 6,944 kB of additional disk space will be used.\nGet:1 http://archive.ubuntu.com/ubuntu jammy-updates/main amd64 python3.10-minimal amd64 3.10.6-1~22.04.2 [2,251 kB]\nGet:2 http://archive.ubuntu.com/ubuntu jammy-updates/main amd64 python3-minimal amd64 3.10.6-1~22.04 [24.3 kB]\nGet:3 http://archive.ubuntu.com/ubuntu jammy-updates/main amd64 python3.10 amd64 3.10.6-1~22.04.2 [497 kB]\nGet:4 http://archive.ubuntu.com/ubuntu jammy-updates/main amd64 libpython3-stdlib amd64 3.10.6-1~22.04 [6,910 B]\nGet:5 http://archive.ubuntu.com/ubuntu jammy-updates/main amd64 python3 amd64 3.10.6-1~22.04 [22.8 kB]\n\u001b[91mdebconf: delaying package configuration, since apt-utils is not installed\n\u001b[0mFetched 2,802 kB in 1s (2,261 kB/s)\nSelecting previously unselected package python3.10-minimal.\r\n(Reading database ... \r(Reading database ... 5%\r(Reading database ... 10%\r(Reading database ... 15%\r(Reading database ... 20%\r(Reading database ... 25%\r(Reading database ... 30%\r(Reading database ... 35%\r(Reading database ... 40%\r(Reading database ... 45%\r(Reading database ... 50%\r(Reading database ... 55%\r(Reading database ... 60%\r(Reading database ... 65%\r(Reading database ... 70%\r(Reading database ... 75%\r(Reading database ... 80%\r(Reading database ... 85%\r(Reading database ... 90%\r(Reading database ... 95%\r(Reading database ... 100%\r(Reading database ... 10857 files and directories currently installed.)\r\nPreparing to unpack .../python3.10-minimal_3.10.6-1~22.04.2_amd64.deb ...\r\nUnpacking python3.10-minimal (3.10.6-1~22.04.2) ...\r\nSetting up python3.10-minimal (3.10.6-1~22.04.2) ...\r\nSelecting previously unselected package python3-minimal.\r\n(Reading database ... \r(Reading database ... 5%\r(Reading database ... 10%\r(Reading database ... 15%\r(Reading database ... 20%\r(Reading database ... 25%\r(Reading database ... 30%\r(Reading database ... 35%\r(Reading database ... 40%\r(Reading database ... 45%\r(Reading database ... 50%\r(Reading database ... 55%\r(Reading database ... 60%\r(Reading database ... 65%\r(Reading database ... 70%\r(Reading database ... 75%\r(Reading database ... 80%\r(Reading database ... 85%\r(Reading database ... 90%\r(Reading database ... 95%\r(Reading database ... 100%\r(Reading database ... 10866 files and directories currently installed.)\r\nPreparing to unpack .../python3-minimal_3.10.6-1~22.04_amd64.deb ...\r\nUnpacking python3-minimal (3.10.6-1~22.04) ...\r\nSelecting previously unselected package python3.10.\r\nPreparing to unpack .../python3.10_3.10.6-1~22.04.2_amd64.deb ...\r\nUnpacking python3.10 (3.10.6-1~22.04.2) ...\r\nSelecting previously unselected package libpython3-stdlib:amd64.\r\nPreparing to unpack .../libpython3-stdlib_3.10.6-1~22.04_amd64.deb ...\r\nUnpacking libpython3-stdlib:amd64 (3.10.6-1~22.04) ...\r\nSetting up python3-minimal (3.10.6-1~22.04) ...\r\nSelecting previously unselected package python3.\r\n(Reading database ... \r(Reading database ... 5%\r(Reading database ... 10%\r(Reading database ... 15%\r(Reading database ... 20%\r(Reading database ... 25%\r(Reading database ... 30%\r(Reading database ... 35%\r(Reading database ... 40%\r(Reading database ... 45%\r(Reading database ... 50%\r(Reading database ... 55%\r(Reading database ... 60%\r(Reading database ... 65%\r(Reading database ... 70%\r(Reading database ... 75%\r(Reading database ... 80%\r(Reading database ... 85%\r(Reading database ... 90%\r(Reading database ... 95%\r(Reading database ... 100%\r(Reading database ... 10911 files and directories currently installed.)\r\nPreparing to unpack .../python3_3.10.6-1~22.04_amd64.deb ...\r\nUnpacking python3 (3.10.6-1~22.04) ...\r\nSetting up python3.10 (3.10.6-1~22.04.2) ...\r\nSetting up libpython3-stdlib:amd64 (3.10.6-1~22.04) ...\r\nSetting up python3 (3.10.6-1~22.04) ...\r\nRemoving intermediate container 68724bb91683\n ---> 41eb926e83d5\nStep 9/51 : RUN apt-get install -y git\n ---> Running in 0480ad4b33c3\nReading package lists...\nBuilding dependency tree...\nReading state information...\nThe following additional packages will be installed:\n  git-man less libbsd0 libcbor0.8 libcurl3-gnutls libedit2 liberror-perl\n  libfido2-1 libgdbm-compat4 libgdbm6 libmd0 libperl5.34 libx11-6 libx11-data\n  libxau6 libxcb1 libxdmcp6 libxext6 libxmuu1 netbase openssh-client patch\n  perl perl-modules-5.34 xauth\nSuggested packages:\n  gettext-base git-daemon-run | git-daemon-sysvinit git-doc git-email git-gui\n  gitk gitweb git-cvs git-mediawiki git-svn gdbm-l10n keychain libpam-ssh\n  monkeysphere ssh-askpass ed diffutils-doc perl-doc libterm-readline-gnu-perl\n  | libterm-readline-perl-perl make libtap-harness-archive-perl\nThe following NEW packages will be installed:\n  git git-man less libbsd0 libcbor0.8 libcurl3-gnutls libedit2 liberror-perl\n  libfido2-1 libgdbm-compat4 libgdbm6 libmd0 libperl5.34 libx11-6 libx11-data\n  libxau6 libxcb1 libxdmcp6 libxext6 libxmuu1 netbase openssh-client patch\n  perl perl-modules-5.34 xauth\n0 upgraded, 26 newly installed, 0 to remove and 1 not upgraded.\nNeed to get 14.8 MB of archives.\nAfter this operation, 77.7 MB of additional disk space will be used.\nGet:1 http://archive.ubuntu.com/ubuntu jammy-updates/main amd64 perl-modules-5.34 all 5.34.0-3ubuntu1.1 [2,976 kB]\nGet:2 http://archive.ubuntu.com/ubuntu jammy/main amd64 libgdbm6 amd64 1.23-1 [33.9 kB]\nGet:3 http://archive.ubuntu.com/ubuntu jammy/main amd64 libgdbm-compat4 amd64 1.23-1 [6,606 B]\nGet:4 http://archive.ubuntu.com/ubuntu jammy-updates/main amd64 libperl5.34 amd64 5.34.0-3ubuntu1.1 [4,819 kB]\nGet:5 http://archive.ubuntu.com/ubuntu jammy-updates/main amd64 perl amd64 5.34.0-3ubuntu1.1 [232 kB]\nGet:6 http://archive.ubuntu.com/ubuntu jammy/main amd64 less amd64 590-1build1 [143 kB]\nGet:7 http://archive.ubuntu.com/ubuntu jammy/main amd64 libmd0 amd64 1.0.4-1build1 [23.0 kB]\nGet:8 http://archive.ubuntu.com/ubuntu jammy/main amd64 libbsd0 amd64 0.11.5-1 [44.8 kB]\nGet:9 http://archive.ubuntu.com/ubuntu jammy/main amd64 netbase all 6.3 [12.9 kB]\nGet:10 http://archive.ubuntu.com/ubuntu jammy/main amd64 libcbor0.8 amd64 0.8.0-2ubuntu1 [24.6 kB]\nGet:11 http://archive.ubuntu.com/ubuntu jammy/main amd64 libedit2 amd64 3.1-20210910-1build1 [96.8 kB]\nGet:12 http://archive.ubuntu.com/ubuntu jammy/main amd64 libfido2-1 amd64 1.10.0-1 [82.8 kB]\nGet:13 http://archive.ubuntu.com/ubuntu jammy/main amd64 libxau6 amd64 1:1.0.9-1build5 [7,634 B]\nGet:14 http://archive.ubuntu.com/ubuntu jammy/main amd64 libxdmcp6 amd64 1:1.1.3-0ubuntu5 [10.9 kB]\nGet:15 http://archive.ubuntu.com/ubuntu jammy/main amd64 libxcb1 amd64 1.14-3ubuntu3 [49.0 kB]\nGet:16 http://archive.ubuntu.com/ubuntu jammy/main amd64 libx11-data all 2:1.7.5-1 [119 kB]\nGet:17 http://archive.ubuntu.com/ubuntu jammy/main amd64 libx11-6 amd64 2:1.7.5-1 [666 kB]\nGet:18 http://archive.ubuntu.com/ubuntu jammy/main amd64 libxext6 amd64 2:1.3.4-1build1 [31.8 kB]\nGet:19 http://archive.ubuntu.com/ubuntu jammy/main amd64 libxmuu1 amd64 2:1.1.3-3 [10.2 kB]\nGet:20 http://archive.ubuntu.com/ubuntu jammy/main amd64 openssh-client amd64 1:8.9p1-3 [909 kB]\nGet:21 http://archive.ubuntu.com/ubuntu jammy/main amd64 xauth amd64 1:1.1-1build2 [27.5 kB]\nGet:22 http://archive.ubuntu.com/ubuntu jammy-updates/main amd64 libcurl3-gnutls amd64 7.81.0-1ubuntu1.6 [283 kB]\nGet:23 http://archive.ubuntu.com/ubuntu jammy/main amd64 liberror-perl all 0.17029-1 [26.5 kB]\nGet:24 http://archive.ubuntu.com/ubuntu jammy-updates/main amd64 git-man all 1:2.34.1-1ubuntu1.5 [953 kB]\nGet:25 http://archive.ubuntu.com/ubuntu jammy-updates/main amd64 git amd64 1:2.34.1-1ubuntu1.5 [3,132 kB]\nGet:26 http://archive.ubuntu.com/ubuntu jammy/main amd64 patch amd64 2.7.6-7build2 [109 kB]\n\u001b[91mdebconf: delaying package configuration, since apt-utils is not installed\n\u001b[0mFetched 14.8 MB in 1s (24.3 MB/s)\nSelecting previously unselected package perl-modules-5.34.\r\n(Reading database ... \r(Reading database ... 5%\r(Reading database ... 10%\r(Reading database ... 15%\r(Reading database ... 20%\r(Reading database ... 25%\r(Reading database ... 30%\r(Reading database ... 35%\r(Reading database ... 40%\r(Reading database ... 45%\r(Reading database ... 50%\r(Reading database ... 55%\r(Reading database ... 60%\r(Reading database ... 65%\r(Reading database ... 70%\r(Reading database ... 75%\r(Reading database ... 80%\r(Reading database ... 85%\r(Reading database ... 90%\r(Reading database ... 95%\r(Reading database ... 100%\r(Reading database ... 10931 files and directories currently installed.)\r\nPreparing to unpack .../00-perl-modules-5.34_5.34.0-3ubuntu1.1_all.deb ...\r\nUnpacking perl-modules-5.34 (5.34.0-3ubuntu1.1) ...\r\nSelecting previously unselected package libgdbm6:amd64.\r\nPreparing to unpack .../01-libgdbm6_1.23-1_amd64.deb ...\r\nUnpacking libgdbm6:amd64 (1.23-1) ...\r\nSelecting previously unselected package libgdbm-compat4:amd64.\r\nPreparing to unpack .../02-libgdbm-compat4_1.23-1_amd64.deb ...\r\nUnpacking libgdbm-compat4:amd64 (1.23-1) ...\r\nSelecting previously unselected package libperl5.34:amd64.\r\nPreparing to unpack .../03-libperl5.34_5.34.0-3ubuntu1.1_amd64.deb ...\r\nUnpacking libperl5.34:amd64 (5.34.0-3ubuntu1.1) ...\r\nSelecting previously unselected package perl.\r\nPreparing to unpack .../04-perl_5.34.0-3ubuntu1.1_amd64.deb ...\r\nUnpacking perl (5.34.0-3ubuntu1.1) ...\r\nSelecting previously unselected package less.\r\nPreparing to unpack .../05-less_590-1build1_amd64.deb ...\r\nUnpacking less (590-1build1) ...\r\nSelecting previously unselected package libmd0:amd64.\r\nPreparing to unpack .../06-libmd0_1.0.4-1build1_amd64.deb ...\r\nUnpacking libmd0:amd64 (1.0.4-1build1) ...\r\nSelecting previously unselected package libbsd0:amd64.\r\nPreparing to unpack .../07-libbsd0_0.11.5-1_amd64.deb ...\r\nUnpacking libbsd0:amd64 (0.11.5-1) ...\r\nSelecting previously unselected package netbase.\r\nPreparing to unpack .../08-netbase_6.3_all.deb ...\r\nUnpacking netbase (6.3) ...\r\nSelecting previously unselected package libcbor0.8:amd64.\r\nPreparing to unpack .../09-libcbor0.8_0.8.0-2ubuntu1_amd64.deb ...\r\nUnpacking libcbor0.8:amd64 (0.8.0-2ubuntu1) ...\r\nSelecting previously unselected package libedit2:amd64.\r\nPreparing to unpack .../10-libedit2_3.1-20210910-1build1_amd64.deb ...\r\nUnpacking libedit2:amd64 (3.1-20210910-1build1) ...\r\nSelecting previously unselected package libfido2-1:amd64.\r\nPreparing to unpack .../11-libfido2-1_1.10.0-1_amd64.deb ...\r\nUnpacking libfido2-1:amd64 (1.10.0-1) ...\r\nSelecting previously unselected package libxau6:amd64.\r\nPreparing to unpack .../12-libxau6_1%3a1.0.9-1build5_amd64.deb ...\r\nUnpacking libxau6:amd64 (1:1.0.9-1build5) ...\r\nSelecting previously unselected package libxdmcp6:amd64.\r\nPreparing to unpack .../13-libxdmcp6_1%3a1.1.3-0ubuntu5_amd64.deb ...\r\nUnpacking libxdmcp6:amd64 (1:1.1.3-0ubuntu5) ...\r\nSelecting previously unselected package libxcb1:amd64.\r\nPreparing to unpack .../14-libxcb1_1.14-3ubuntu3_amd64.deb ...\r\nUnpacking libxcb1:amd64 (1.14-3ubuntu3) ...\r\nSelecting previously unselected package libx11-data.\r\nPreparing to unpack .../15-libx11-data_2%3a1.7.5-1_all.deb ...\r\nUnpacking libx11-data (2:1.7.5-1) ...\r\nSelecting previously unselected package libx11-6:amd64.\r\nPreparing to unpack .../16-libx11-6_2%3a1.7.5-1_amd64.deb ...\r\nUnpacking libx11-6:amd64 (2:1.7.5-1) ...\r\nSelecting previously unselected package libxext6:amd64.\r\nPreparing to unpack .../17-libxext6_2%3a1.3.4-1build1_amd64.deb ...\r\nUnpacking libxext6:amd64 (2:1.3.4-1build1) ...\r\nSelecting previously unselected package libxmuu1:amd64.\r\nPreparing to unpack .../18-libxmuu1_2%3a1.1.3-3_amd64.deb ...\r\nUnpacking libxmuu1:amd64 (2:1.1.3-3) ...\r\nSelecting previously unselected package openssh-client.\r\nPreparing to unpack .../19-openssh-client_1%3a8.9p1-3_amd64.deb ...\r\nUnpacking openssh-client (1:8.9p1-3) ...\r\nSelecting previously unselected package xauth.\r\nPreparing to unpack .../20-xauth_1%3a1.1-1build2_amd64.deb ...\r\nUnpacking xauth (1:1.1-1build2) ...\r\nSelecting previously unselected package libcurl3-gnutls:amd64.\r\nPreparing to unpack .../21-libcurl3-gnutls_7.81.0-1ubuntu1.6_amd64.deb ...\r\nUnpacking libcurl3-gnutls:amd64 (7.81.0-1ubuntu1.6) ...\r\nSelecting previously unselected package liberror-perl.\r\nPreparing to unpack .../22-liberror-perl_0.17029-1_all.deb ...\r\nUnpacking liberror-perl (0.17029-1) ...\r\nSelecting previously unselected package git-man.\r\nPreparing to unpack .../23-git-man_1%3a2.34.1-1ubuntu1.5_all.deb ...\r\nUnpacking git-man (1:2.34.1-1ubuntu1.5) ...\r\nSelecting previously unselected package git.\r\nPreparing to unpack .../24-git_1%3a2.34.1-1ubuntu1.5_amd64.deb ...\r\nUnpacking git (1:2.34.1-1ubuntu1.5) ...\r\nSelecting previously unselected package patch.\r\nPreparing to unpack .../25-patch_2.7.6-7build2_amd64.deb ...\r\nUnpacking patch (2.7.6-7build2) ...\r\nSetting up libxau6:amd64 (1:1.0.9-1build5) ...\r\nSetting up libcbor0.8:amd64 (0.8.0-2ubuntu1) ...\r\nSetting up less (590-1build1) ...\r\nSetting up libcurl3-gnutls:amd64 (7.81.0-1ubuntu1.6) ...\r\nSetting up perl-modules-5.34 (5.34.0-3ubuntu1.1) ...\r\nSetting up libx11-data (2:1.7.5-1) ...\r\nSetting up patch (2.7.6-7build2) ...\r\nSetting up libmd0:amd64 (1.0.4-1build1) ...\r\nSetting up git-man (1:2.34.1-1ubuntu1.5) ...\r\nSetting up netbase (6.3) ...\r\nSetting up libfido2-1:amd64 (1.10.0-1) ...\r\nSetting up libbsd0:amd64 (0.11.5-1) ...\r\nSetting up libgdbm6:amd64 (1.23-1) ...\r\nSetting up libxdmcp6:amd64 (1:1.1.3-0ubuntu5) ...\r\nSetting up libxcb1:amd64 (1.14-3ubuntu3) ...\r\nSetting up libedit2:amd64 (3.1-20210910-1build1) ...\r\nSetting up libgdbm-compat4:amd64 (1.23-1) ...\r\nSetting up libx11-6:amd64 (2:1.7.5-1) ...\r\nSetting up libxmuu1:amd64 (2:1.1.3-3) ...\r\nSetting up libperl5.34:amd64 (5.34.0-3ubuntu1.1) ...\r\nSetting up openssh-client (1:8.9p1-3) ...\r\nupdate-alternatives: using /usr/bin/ssh to provide /usr/bin/rsh (rsh) in auto mode\r\nupdate-alternatives: warning: skip creation of /usr/share/man/man1/rsh.1.gz because associated file /usr/share/man/man1/ssh.1.gz (of link group rsh) doesn't exist\r\nupdate-alternatives: using /usr/bin/slogin to provide /usr/bin/rlogin (rlogin) in auto mode\r\nupdate-alternatives: warning: skip creation of /usr/share/man/man1/rlogin.1.gz because associated file /usr/share/man/man1/slogin.1.gz (of link group rlogin) doesn't exist\r\nupdate-alternatives: using /usr/bin/scp to provide /usr/bin/rcp (rcp) in auto mode\r\nupdate-alternatives: warning: skip creation of /usr/share/man/man1/rcp.1.gz because associated file /usr/share/man/man1/scp.1.gz (of link group rcp) doesn't exist\r\nSetting up libxext6:amd64 (2:1.3.4-1build1) ...\r\nSetting up perl (5.34.0-3ubuntu1.1) ...\r\nSetting up xauth (1:1.1-1build2) ...\r\nSetting up liberror-perl (0.17029-1) ...\r\nSetting up git (1:2.34.1-1ubuntu1.5) ...\r\nProcessing triggers for libc-bin (2.35-0ubuntu3.1) ...\r\nRemoving intermediate container 0480ad4b33c3\n ---> f708d7758822\nStep 10/51 : RUN apt-get install -y python3-pip\n ---> Running in 830d014e16bf\nReading package lists...\nBuilding dependency tree...\nReading state information...\nThe following additional packages will be installed:\n  build-essential bzip2 cpp cpp-11 dpkg-dev fakeroot g++ g++-11 gcc gcc-11\n  gcc-11-base javascript-common libalgorithm-diff-perl\n  libalgorithm-diff-xs-perl libalgorithm-merge-perl libasan6 libatomic1\n  libc-dev-bin libc-devtools libc6-dev libcc1-0 libcrypt-dev libdeflate0\n  libdpkg-perl libexpat1-dev libfakeroot libfile-fcntllock-perl libgcc-11-dev\n  libgd3 libgomp1 libisl23 libitm1 libjbig0 libjpeg-turbo8 libjpeg8\n  libjs-jquery libjs-sphinxdoc libjs-underscore liblocale-gettext-perl\n  liblsan0 libmpc3 libmpfr6 libnsl-dev libpython3-dev libpython3.10-dev\n  libquadmath0 libstdc++-11-dev libtiff5 libtirpc-dev libtsan0 libubsan1\n  libwebp7 libxpm4 linux-libc-dev lto-disabled-list make manpages manpages-dev\n  python3-dev python3-distutils python3-lib2to3 python3-pkg-resources\n  python3-setuptools python3-wheel python3.10-dev rpcsvc-proto xz-utils\n  zlib1g-dev\nSuggested packages:\n  bzip2-doc cpp-doc gcc-11-locales debian-keyring g++-multilib g++-11-multilib\n  gcc-11-doc gcc-multilib autoconf automake libtool flex bison gdb gcc-doc\n  gcc-11-multilib apache2 | lighttpd | httpd glibc-doc bzr libgd-tools\n  libstdc++-11-doc make-doc man-browser python-setuptools-doc\nThe following NEW packages will be installed:\n  build-essential bzip2 cpp cpp-11 dpkg-dev fakeroot g++ g++-11 gcc gcc-11\n  gcc-11-base javascript-common libalgorithm-diff-perl\n  libalgorithm-diff-xs-perl libalgorithm-merge-perl libasan6 libatomic1\n  libc-dev-bin libc-devtools libc6-dev libcc1-0 libcrypt-dev libdeflate0\n  libdpkg-perl libexpat1-dev libfakeroot libfile-fcntllock-perl libgcc-11-dev\n  libgd3 libgomp1 libisl23 libitm1 libjbig0 libjpeg-turbo8 libjpeg8\n  libjs-jquery libjs-sphinxdoc libjs-underscore liblocale-gettext-perl\n  liblsan0 libmpc3 libmpfr6 libnsl-dev libpython3-dev libpython3.10-dev\n  libquadmath0 libstdc++-11-dev libtiff5 libtirpc-dev libtsan0 libubsan1\n  libwebp7 libxpm4 linux-libc-dev lto-disabled-list make manpages manpages-dev\n  python3-dev python3-distutils python3-lib2to3 python3-pip\n  python3-pkg-resources python3-setuptools python3-wheel python3.10-dev\n  rpcsvc-proto xz-utils zlib1g-dev\n0 upgraded, 69 newly installed, 0 to remove and 1 not upgraded.\nNeed to get 73.6 MB of archives.\nAfter this operation, 244 MB of additional disk space will be used.\nGet:1 http://archive.ubuntu.com/ubuntu jammy/main amd64 liblocale-gettext-perl amd64 1.07-4build3 [17.1 kB]\nGet:2 http://archive.ubuntu.com/ubuntu jammy/main amd64 python3-pkg-resources all 59.6.0-1.2 [132 kB]\nGet:3 http://archive.ubuntu.com/ubuntu jammy/main amd64 manpages all 5.10-1ubuntu1 [1,375 kB]\nGet:4 http://archive.ubuntu.com/ubuntu jammy/main amd64 xz-utils amd64 5.2.5-2ubuntu1 [84.8 kB]\nGet:5 http://archive.ubuntu.com/ubuntu jammy-updates/main amd64 libc-dev-bin amd64 2.35-0ubuntu3.1 [20.4 kB]\nGet:6 http://archive.ubuntu.com/ubuntu jammy-updates/main amd64 linux-libc-dev amd64 5.15.0-56.62 [1,333 kB]\nGet:7 http://archive.ubuntu.com/ubuntu jammy/main amd64 libcrypt-dev amd64 1:4.4.27-1 [112 kB]\nGet:8 http://archive.ubuntu.com/ubuntu jammy/main amd64 rpcsvc-proto amd64 1.4.2-0ubuntu6 [68.5 kB]\nGet:9 http://archive.ubuntu.com/ubuntu jammy-updates/main amd64 libtirpc-dev amd64 1.3.2-2ubuntu0.1 [192 kB]\nGet:10 http://archive.ubuntu.com/ubuntu jammy/main amd64 libnsl-dev amd64 1.3.0-2build2 [71.3 kB]\nGet:11 http://archive.ubuntu.com/ubuntu jammy-updates/main amd64 libc6-dev amd64 2.35-0ubuntu3.1 [2,099 kB]\nGet:12 http://archive.ubuntu.com/ubuntu jammy-updates/main amd64 gcc-11-base amd64 11.3.0-1ubuntu1~22.04 [20.8 kB]\nGet:13 http://archive.ubuntu.com/ubuntu jammy/main amd64 libisl23 amd64 0.24-2build1 [727 kB]\nGet:14 http://archive.ubuntu.com/ubuntu jammy/main amd64 libmpfr6 amd64 4.1.0-3build3 [1,425 kB]\nGet:15 http://archive.ubuntu.com/ubuntu jammy/main amd64 libmpc3 amd64 1.2.1-2build1 [46.9 kB]\nGet:16 http://archive.ubuntu.com/ubuntu jammy-updates/main amd64 cpp-11 amd64 11.3.0-1ubuntu1~22.04 [9,967 kB]\nGet:17 http://archive.ubuntu.com/ubuntu jammy/main amd64 cpp amd64 4:11.2.0-1ubuntu1 [27.7 kB]\nGet:18 http://archive.ubuntu.com/ubuntu jammy-updates/main amd64 libcc1-0 amd64 12.1.0-2ubuntu1~22.04 [47.4 kB]\nGet:19 http://archive.ubuntu.com/ubuntu jammy-updates/main amd64 libgomp1 amd64 12.1.0-2ubuntu1~22.04 [126 kB]\nGet:20 http://archive.ubuntu.com/ubuntu jammy-updates/main amd64 libitm1 amd64 12.1.0-2ubuntu1~22.04 [30.2 kB]\nGet:21 http://archive.ubuntu.com/ubuntu jammy-updates/main amd64 libatomic1 amd64 12.1.0-2ubuntu1~22.04 [10.4 kB]\nGet:22 http://archive.ubuntu.com/ubuntu jammy-updates/main amd64 libasan6 amd64 11.3.0-1ubuntu1~22.04 [2,284 kB]\nGet:23 http://archive.ubuntu.com/ubuntu jammy-updates/main amd64 liblsan0 amd64 12.1.0-2ubuntu1~22.04 [1,069 kB]\nGet:24 http://archive.ubuntu.com/ubuntu jammy-updates/main amd64 libtsan0 amd64 11.3.0-1ubuntu1~22.04 [2,262 kB]\nGet:25 http://archive.ubuntu.com/ubuntu jammy-updates/main amd64 libubsan1 amd64 12.1.0-2ubuntu1~22.04 [976 kB]\nGet:26 http://archive.ubuntu.com/ubuntu jammy-updates/main amd64 libquadmath0 amd64 12.1.0-2ubuntu1~22.04 [154 kB]\nGet:27 http://archive.ubuntu.com/ubuntu jammy-updates/main amd64 libgcc-11-dev amd64 11.3.0-1ubuntu1~22.04 [2,517 kB]\nGet:28 http://archive.ubuntu.com/ubuntu jammy-updates/main amd64 gcc-11 amd64 11.3.0-1ubuntu1~22.04 [20.1 MB]\nGet:29 http://archive.ubuntu.com/ubuntu jammy/main amd64 gcc amd64 4:11.2.0-1ubuntu1 [5,112 B]\nGet:30 http://archive.ubuntu.com/ubuntu jammy-updates/main amd64 libstdc++-11-dev amd64 11.3.0-1ubuntu1~22.04 [2,087 kB]\nGet:31 http://archive.ubuntu.com/ubuntu jammy-updates/main amd64 g++-11 amd64 11.3.0-1ubuntu1~22.04 [11.4 MB]\nGet:32 http://archive.ubuntu.com/ubuntu jammy/main amd64 g++ amd64 4:11.2.0-1ubuntu1 [1,412 B]\nGet:33 http://archive.ubuntu.com/ubuntu jammy/main amd64 make amd64 4.3-4.1build1 [180 kB]\nGet:34 http://archive.ubuntu.com/ubuntu jammy-updates/main amd64 libdpkg-perl all 1.21.1ubuntu2.1 [237 kB]\nGet:35 http://archive.ubuntu.com/ubuntu jammy/main amd64 bzip2 amd64 1.0.8-5build1 [34.8 kB]\nGet:36 http://archive.ubuntu.com/ubuntu jammy/main amd64 lto-disabled-list all 24 [12.5 kB]\nGet:37 http://archive.ubuntu.com/ubuntu jammy-updates/main amd64 dpkg-dev all 1.21.1ubuntu2.1 [922 kB]\nGet:38 http://archive.ubuntu.com/ubuntu jammy/main amd64 build-essential amd64 12.9ubuntu3 [4,744 B]\nGet:39 http://archive.ubuntu.com/ubuntu jammy/main amd64 libfakeroot amd64 1.28-1ubuntu1 [31.5 kB]\nGet:40 http://archive.ubuntu.com/ubuntu jammy/main amd64 fakeroot amd64 1.28-1ubuntu1 [60.4 kB]\nGet:41 http://archive.ubuntu.com/ubuntu jammy/main amd64 javascript-common all 11+nmu1 [5,936 B]\nGet:42 http://archive.ubuntu.com/ubuntu jammy/main amd64 libalgorithm-diff-perl all 1.201-1 [41.8 kB]\nGet:43 http://archive.ubuntu.com/ubuntu jammy/main amd64 libalgorithm-diff-xs-perl amd64 0.04-6build3 [11.9 kB]\nGet:44 http://archive.ubuntu.com/ubuntu jammy/main amd64 libalgorithm-merge-perl all 0.08-3 [12.0 kB]\nGet:45 http://archive.ubuntu.com/ubuntu jammy/main amd64 libjpeg-turbo8 amd64 2.1.2-0ubuntu1 [134 kB]\nGet:46 http://archive.ubuntu.com/ubuntu jammy/main amd64 libjpeg8 amd64 8c-2ubuntu10 [2,264 B]\nGet:47 http://archive.ubuntu.com/ubuntu jammy/main amd64 libdeflate0 amd64 1.10-2 [70.9 kB]\nGet:48 http://archive.ubuntu.com/ubuntu jammy-updates/main amd64 libjbig0 amd64 2.1-3.1ubuntu0.22.04.1 [29.2 kB]\nGet:49 http://archive.ubuntu.com/ubuntu jammy/main amd64 libwebp7 amd64 1.2.2-2 [206 kB]\nGet:50 http://archive.ubuntu.com/ubuntu jammy-updates/main amd64 libtiff5 amd64 4.3.0-6ubuntu0.3 [183 kB]\nGet:51 http://archive.ubuntu.com/ubuntu jammy/main amd64 libxpm4 amd64 1:3.5.12-1build2 [36.2 kB]\nGet:52 http://archive.ubuntu.com/ubuntu jammy/main amd64 libgd3 amd64 2.3.0-2ubuntu2 [129 kB]\nGet:53 http://archive.ubuntu.com/ubuntu jammy-updates/main amd64 libc-devtools amd64 2.35-0ubuntu3.1 [28.9 kB]\nGet:54 http://archive.ubuntu.com/ubuntu jammy-updates/main amd64 libexpat1-dev amd64 2.4.7-1ubuntu0.2 [147 kB]\nGet:55 http://archive.ubuntu.com/ubuntu jammy/main amd64 libfile-fcntllock-perl amd64 0.22-3build7 [33.9 kB]\nGet:56 http://archive.ubuntu.com/ubuntu jammy/main amd64 libjs-jquery all 3.6.0+dfsg+~3.5.13-1 [321 kB]\nGet:57 http://archive.ubuntu.com/ubuntu jammy/main amd64 libjs-underscore all 1.13.2~dfsg-2 [118 kB]\nGet:58 http://archive.ubuntu.com/ubuntu jammy/main amd64 libjs-sphinxdoc all 4.3.2-1 [139 kB]\nGet:59 http://archive.ubuntu.com/ubuntu jammy-updates/main amd64 zlib1g-dev amd64 1:1.2.11.dfsg-2ubuntu9.2 [164 kB]\nGet:60 http://archive.ubuntu.com/ubuntu jammy-updates/main amd64 libpython3.10-dev amd64 3.10.6-1~22.04.2 [4,755 kB]\nGet:61 http://archive.ubuntu.com/ubuntu jammy-updates/main amd64 libpython3-dev amd64 3.10.6-1~22.04 [7,166 B]\nGet:62 http://archive.ubuntu.com/ubuntu jammy/main amd64 manpages-dev all 5.10-1ubuntu1 [2,309 kB]\nGet:63 http://archive.ubuntu.com/ubuntu jammy-updates/main amd64 python3.10-dev amd64 3.10.6-1~22.04.2 [507 kB]\nGet:64 http://archive.ubuntu.com/ubuntu jammy-updates/main amd64 python3-lib2to3 all 3.10.6-1~22.04 [77.6 kB]\nGet:65 http://archive.ubuntu.com/ubuntu jammy-updates/main amd64 python3-distutils all 3.10.6-1~22.04 [139 kB]\nGet:66 http://archive.ubuntu.com/ubuntu jammy-updates/main amd64 python3-dev amd64 3.10.6-1~22.04 [26.0 kB]\nGet:67 http://archive.ubuntu.com/ubuntu jammy/main amd64 python3-setuptools all 59.6.0-1.2 [339 kB]\nGet:68 http://archive.ubuntu.com/ubuntu jammy/universe amd64 python3-wheel all 0.37.1-2 [31.9 kB]\nGet:69 http://archive.ubuntu.com/ubuntu jammy/universe amd64 python3-pip all 22.0.2+dfsg-1 [1,306 kB]\n\u001b[91mdebconf: delaying package configuration, since apt-utils is not installed\n\u001b[0mFetched 73.6 MB in 6s (12.1 MB/s)\nSelecting previously unselected package liblocale-gettext-perl.\r\n(Reading database ... \r(Reading database ... 5%\r(Reading database ... 10%\r(Reading database ... 15%\r(Reading database ... 20%\r(Reading database ... 25%\r(Reading database ... 30%\r(Reading database ... 35%\r(Reading database ... 40%\r(Reading database ... 45%\r(Reading database ... 50%\r(Reading database ... 55%\r(Reading database ... 60%\r(Reading database ... 65%\r(Reading database ... 70%\r(Reading database ... 75%\r(Reading database ... 80%\r(Reading database ... 85%\r(Reading database ... 90%\r(Reading database ... 95%\r(Reading database ... 100%\r(Reading database ... 14320 files and directories currently installed.)\r\nPreparing to unpack .../00-liblocale-gettext-perl_1.07-4build3_amd64.deb ...\r\nUnpacking liblocale-gettext-perl (1.07-4build3) ...\r\nSelecting previously unselected package python3-pkg-resources.\r\nPreparing to unpack .../01-python3-pkg-resources_59.6.0-1.2_all.deb ...\r\nUnpacking python3-pkg-resources (59.6.0-1.2) ...\r\nSelecting previously unselected package manpages.\r\nPreparing to unpack .../02-manpages_5.10-1ubuntu1_all.deb ...\r\nUnpacking manpages (5.10-1ubuntu1) ...\r\nSelecting previously unselected package xz-utils.\r\nPreparing to unpack .../03-xz-utils_5.2.5-2ubuntu1_amd64.deb ...\r\nUnpacking xz-utils (5.2.5-2ubuntu1) ...\r\nSelecting previously unselected package libc-dev-bin.\r\nPreparing to unpack .../04-libc-dev-bin_2.35-0ubuntu3.1_amd64.deb ...\r\nUnpacking libc-dev-bin (2.35-0ubuntu3.1) ...\r\nSelecting previously unselected package linux-libc-dev:amd64.\r\nPreparing to unpack .../05-linux-libc-dev_5.15.0-56.62_amd64.deb ...\r\nUnpacking linux-libc-dev:amd64 (5.15.0-56.62) ...\r\nSelecting previously unselected package libcrypt-dev:amd64.\r\nPreparing to unpack .../06-libcrypt-dev_1%3a4.4.27-1_amd64.deb ...\r\nUnpacking libcrypt-dev:amd64 (1:4.4.27-1) ...\r\nSelecting previously unselected package rpcsvc-proto.\r\nPreparing to unpack .../07-rpcsvc-proto_1.4.2-0ubuntu6_amd64.deb ...\r\nUnpacking rpcsvc-proto (1.4.2-0ubuntu6) ...\r\nSelecting previously unselected package libtirpc-dev:amd64.\r\nPreparing to unpack .../08-libtirpc-dev_1.3.2-2ubuntu0.1_amd64.deb ...\r\nUnpacking libtirpc-dev:amd64 (1.3.2-2ubuntu0.1) ...\r\nSelecting previously unselected package libnsl-dev:amd64.\r\nPreparing to unpack .../09-libnsl-dev_1.3.0-2build2_amd64.deb ...\r\nUnpacking libnsl-dev:amd64 (1.3.0-2build2) ...\r\nSelecting previously unselected package libc6-dev:amd64.\r\nPreparing to unpack .../10-libc6-dev_2.35-0ubuntu3.1_amd64.deb ...\r\nUnpacking libc6-dev:amd64 (2.35-0ubuntu3.1) ...\r\nSelecting previously unselected package gcc-11-base:amd64.\r\nPreparing to unpack .../11-gcc-11-base_11.3.0-1ubuntu1~22.04_amd64.deb ...\r\nUnpacking gcc-11-base:amd64 (11.3.0-1ubuntu1~22.04) ...\r\nSelecting previously unselected package libisl23:amd64.\r\nPreparing to unpack .../12-libisl23_0.24-2build1_amd64.deb ...\r\nUnpacking libisl23:amd64 (0.24-2build1) ...\r\nSelecting previously unselected package libmpfr6:amd64.\r\nPreparing to unpack .../13-libmpfr6_4.1.0-3build3_amd64.deb ...\r\nUnpacking libmpfr6:amd64 (4.1.0-3build3) ...\r\nSelecting previously unselected package libmpc3:amd64.\r\nPreparing to unpack .../14-libmpc3_1.2.1-2build1_amd64.deb ...\r\nUnpacking libmpc3:amd64 (1.2.1-2build1) ...\r\nSelecting previously unselected package cpp-11.\r\nPreparing to unpack .../15-cpp-11_11.3.0-1ubuntu1~22.04_amd64.deb ...\r\nUnpacking cpp-11 (11.3.0-1ubuntu1~22.04) ...\r\nSelecting previously unselected package cpp.\r\nPreparing to unpack .../16-cpp_4%3a11.2.0-1ubuntu1_amd64.deb ...\r\nUnpacking cpp (4:11.2.0-1ubuntu1) ...\r\nSelecting previously unselected package libcc1-0:amd64.\r\nPreparing to unpack .../17-libcc1-0_12.1.0-2ubuntu1~22.04_amd64.deb ...\r\nUnpacking libcc1-0:amd64 (12.1.0-2ubuntu1~22.04) ...\r\nSelecting previously unselected package libgomp1:amd64.\r\nPreparing to unpack .../18-libgomp1_12.1.0-2ubuntu1~22.04_amd64.deb ...\r\nUnpacking libgomp1:amd64 (12.1.0-2ubuntu1~22.04) ...\r\nSelecting previously unselected package libitm1:amd64.\r\nPreparing to unpack .../19-libitm1_12.1.0-2ubuntu1~22.04_amd64.deb ...\r\nUnpacking libitm1:amd64 (12.1.0-2ubuntu1~22.04) ...\r\nSelecting previously unselected package libatomic1:amd64.\r\nPreparing to unpack .../20-libatomic1_12.1.0-2ubuntu1~22.04_amd64.deb ...\r\nUnpacking libatomic1:amd64 (12.1.0-2ubuntu1~22.04) ...\r\nSelecting previously unselected package libasan6:amd64.\r\nPreparing to unpack .../21-libasan6_11.3.0-1ubuntu1~22.04_amd64.deb ...\r\nUnpacking libasan6:amd64 (11.3.0-1ubuntu1~22.04) ...\r\nSelecting previously unselected package liblsan0:amd64.\r\nPreparing to unpack .../22-liblsan0_12.1.0-2ubuntu1~22.04_amd64.deb ...\r\nUnpacking liblsan0:amd64 (12.1.0-2ubuntu1~22.04) ...\r\nSelecting previously unselected package libtsan0:amd64.\r\nPreparing to unpack .../23-libtsan0_11.3.0-1ubuntu1~22.04_amd64.deb ...\r\nUnpacking libtsan0:amd64 (11.3.0-1ubuntu1~22.04) ...\r\nSelecting previously unselected package libubsan1:amd64.\r\nPreparing to unpack .../24-libubsan1_12.1.0-2ubuntu1~22.04_amd64.deb ...\r\nUnpacking libubsan1:amd64 (12.1.0-2ubuntu1~22.04) ...\r\nSelecting previously unselected package libquadmath0:amd64.\r\nPreparing to unpack .../25-libquadmath0_12.1.0-2ubuntu1~22.04_amd64.deb ...\r\nUnpacking libquadmath0:amd64 (12.1.0-2ubuntu1~22.04) ...\r\nSelecting previously unselected package libgcc-11-dev:amd64.\r\nPreparing to unpack .../26-libgcc-11-dev_11.3.0-1ubuntu1~22.04_amd64.deb ...\r\nUnpacking libgcc-11-dev:amd64 (11.3.0-1ubuntu1~22.04) ...\r\nSelecting previously unselected package gcc-11.\r\nPreparing to unpack .../27-gcc-11_11.3.0-1ubuntu1~22.04_amd64.deb ...\r\nUnpacking gcc-11 (11.3.0-1ubuntu1~22.04) ...\r\nSelecting previously unselected package gcc.\r\nPreparing to unpack .../28-gcc_4%3a11.2.0-1ubuntu1_amd64.deb ...\r\nUnpacking gcc (4:11.2.0-1ubuntu1) ...\r\nSelecting previously unselected package libstdc++-11-dev:amd64.\r\nPreparing to unpack .../29-libstdc++-11-dev_11.3.0-1ubuntu1~22.04_amd64.deb ...\r\nUnpacking libstdc++-11-dev:amd64 (11.3.0-1ubuntu1~22.04) ...\r\nSelecting previously unselected package g++-11.\r\nPreparing to unpack .../30-g++-11_11.3.0-1ubuntu1~22.04_amd64.deb ...\r\nUnpacking g++-11 (11.3.0-1ubuntu1~22.04) ...\r\nSelecting previously unselected package g++.\r\nPreparing to unpack .../31-g++_4%3a11.2.0-1ubuntu1_amd64.deb ...\r\nUnpacking g++ (4:11.2.0-1ubuntu1) ...\r\nSelecting previously unselected package make.\r\nPreparing to unpack .../32-make_4.3-4.1build1_amd64.deb ...\r\nUnpacking make (4.3-4.1build1) ...\r\nSelecting previously unselected package libdpkg-perl.\r\nPreparing to unpack .../33-libdpkg-perl_1.21.1ubuntu2.1_all.deb ...\r\nUnpacking libdpkg-perl (1.21.1ubuntu2.1) ...\r\nSelecting previously unselected package bzip2.\r\nPreparing to unpack .../34-bzip2_1.0.8-5build1_amd64.deb ...\r\nUnpacking bzip2 (1.0.8-5build1) ...\r\nSelecting previously unselected package lto-disabled-list.\r\nPreparing to unpack .../35-lto-disabled-list_24_all.deb ...\r\nUnpacking lto-disabled-list (24) ...\r\nSelecting previously unselected package dpkg-dev.\r\nPreparing to unpack .../36-dpkg-dev_1.21.1ubuntu2.1_all.deb ...\r\nUnpacking dpkg-dev (1.21.1ubuntu2.1) ...\r\nSelecting previously unselected package build-essential.\r\nPreparing to unpack .../37-build-essential_12.9ubuntu3_amd64.deb ...\r\nUnpacking build-essential (12.9ubuntu3) ...\r\nSelecting previously unselected package libfakeroot:amd64.\r\nPreparing to unpack .../38-libfakeroot_1.28-1ubuntu1_amd64.deb ...\r\nUnpacking libfakeroot:amd64 (1.28-1ubuntu1) ...\r\nSelecting previously unselected package fakeroot.\r\nPreparing to unpack .../39-fakeroot_1.28-1ubuntu1_amd64.deb ...\r\nUnpacking fakeroot (1.28-1ubuntu1) ...\r\nSelecting previously unselected package javascript-common.\r\nPreparing to unpack .../40-javascript-common_11+nmu1_all.deb ...\r\nUnpacking javascript-common (11+nmu1) ...\r\nSelecting previously unselected package libalgorithm-diff-perl.\r\nPreparing to unpack .../41-libalgorithm-diff-perl_1.201-1_all.deb ...\r\nUnpacking libalgorithm-diff-perl (1.201-1) ...\r\nSelecting previously unselected package libalgorithm-diff-xs-perl.\r\nPreparing to unpack .../42-libalgorithm-diff-xs-perl_0.04-6build3_amd64.deb ...\r\nUnpacking libalgorithm-diff-xs-perl (0.04-6build3) ...\r\nSelecting previously unselected package libalgorithm-merge-perl.\r\nPreparing to unpack .../43-libalgorithm-merge-perl_0.08-3_all.deb ...\r\nUnpacking libalgorithm-merge-perl (0.08-3) ...\r\nSelecting previously unselected package libjpeg-turbo8:amd64.\r\nPreparing to unpack .../44-libjpeg-turbo8_2.1.2-0ubuntu1_amd64.deb ...\r\nUnpacking libjpeg-turbo8:amd64 (2.1.2-0ubuntu1) ...\r\nSelecting previously unselected package libjpeg8:amd64.\r\nPreparing to unpack .../45-libjpeg8_8c-2ubuntu10_amd64.deb ...\r\nUnpacking libjpeg8:amd64 (8c-2ubuntu10) ...\r\nSelecting previously unselected package libdeflate0:amd64.\r\nPreparing to unpack .../46-libdeflate0_1.10-2_amd64.deb ...\r\nUnpacking libdeflate0:amd64 (1.10-2) ...\r\nSelecting previously unselected package libjbig0:amd64.\r\nPreparing to unpack .../47-libjbig0_2.1-3.1ubuntu0.22.04.1_amd64.deb ...\r\nUnpacking libjbig0:amd64 (2.1-3.1ubuntu0.22.04.1) ...\r\nSelecting previously unselected package libwebp7:amd64.\r\nPreparing to unpack .../48-libwebp7_1.2.2-2_amd64.deb ...\r\nUnpacking libwebp7:amd64 (1.2.2-2) ...\r\nSelecting previously unselected package libtiff5:amd64.\r\nPreparing to unpack .../49-libtiff5_4.3.0-6ubuntu0.3_amd64.deb ...\r\nUnpacking libtiff5:amd64 (4.3.0-6ubuntu0.3) ...\r\nSelecting previously unselected package libxpm4:amd64.\r\nPreparing to unpack .../50-libxpm4_1%3a3.5.12-1build2_amd64.deb ...\r\nUnpacking libxpm4:amd64 (1:3.5.12-1build2) ...\r\nSelecting previously unselected package libgd3:amd64.\r\nPreparing to unpack .../51-libgd3_2.3.0-2ubuntu2_amd64.deb ...\r\nUnpacking libgd3:amd64 (2.3.0-2ubuntu2) ...\r\nSelecting previously unselected package libc-devtools.\r\nPreparing to unpack .../52-libc-devtools_2.35-0ubuntu3.1_amd64.deb ...\r\nUnpacking libc-devtools (2.35-0ubuntu3.1) ...\r\nSelecting previously unselected package libexpat1-dev:amd64.\r\nPreparing to unpack .../53-libexpat1-dev_2.4.7-1ubuntu0.2_amd64.deb ...\r\nUnpacking libexpat1-dev:amd64 (2.4.7-1ubuntu0.2) ...\r\nSelecting previously unselected package libfile-fcntllock-perl.\r\nPreparing to unpack .../54-libfile-fcntllock-perl_0.22-3build7_amd64.deb ...\r\nUnpacking libfile-fcntllock-perl (0.22-3build7) ...\r\nSelecting previously unselected package libjs-jquery.\r\nPreparing to unpack .../55-libjs-jquery_3.6.0+dfsg+~3.5.13-1_all.deb ...\r\nUnpacking libjs-jquery (3.6.0+dfsg+~3.5.13-1) ...\r\nSelecting previously unselected package libjs-underscore.\r\nPreparing to unpack .../56-libjs-underscore_1.13.2~dfsg-2_all.deb ...\r\nUnpacking libjs-underscore (1.13.2~dfsg-2) ...\r\nSelecting previously unselected package libjs-sphinxdoc.\r\nPreparing to unpack .../57-libjs-sphinxdoc_4.3.2-1_all.deb ...\r\nUnpacking libjs-sphinxdoc (4.3.2-1) ...\r\nSelecting previously unselected package zlib1g-dev:amd64.\r\nPreparing to unpack .../58-zlib1g-dev_1%3a1.2.11.dfsg-2ubuntu9.2_amd64.deb ...\r\nUnpacking zlib1g-dev:amd64 (1:1.2.11.dfsg-2ubuntu9.2) ...\r\nSelecting previously unselected package libpython3.10-dev:amd64.\r\nPreparing to unpack .../59-libpython3.10-dev_3.10.6-1~22.04.2_amd64.deb ...\r\nUnpacking libpython3.10-dev:amd64 (3.10.6-1~22.04.2) ...\r\nSelecting previously unselected package libpython3-dev:amd64.\r\nPreparing to unpack .../60-libpython3-dev_3.10.6-1~22.04_amd64.deb ...\r\nUnpacking libpython3-dev:amd64 (3.10.6-1~22.04) ...\r\nSelecting previously unselected package manpages-dev.\r\nPreparing to unpack .../61-manpages-dev_5.10-1ubuntu1_all.deb ...\r\nUnpacking manpages-dev (5.10-1ubuntu1) ...\r\nSelecting previously unselected package python3.10-dev.\r\nPreparing to unpack .../62-python3.10-dev_3.10.6-1~22.04.2_amd64.deb ...\r\nUnpacking python3.10-dev (3.10.6-1~22.04.2) ...\r\nSelecting previously unselected package python3-lib2to3.\r\nPreparing to unpack .../63-python3-lib2to3_3.10.6-1~22.04_all.deb ...\r\nUnpacking python3-lib2to3 (3.10.6-1~22.04) ...\r\nSelecting previously unselected package python3-distutils.\r\nPreparing to unpack .../64-python3-distutils_3.10.6-1~22.04_all.deb ...\r\nUnpacking python3-distutils (3.10.6-1~22.04) ...\r\nSelecting previously unselected package python3-dev.\r\nPreparing to unpack .../65-python3-dev_3.10.6-1~22.04_amd64.deb ...\r\nUnpacking python3-dev (3.10.6-1~22.04) ...\r\nSelecting previously unselected package python3-setuptools.\r\nPreparing to unpack .../66-python3-setuptools_59.6.0-1.2_all.deb ...\r\nUnpacking python3-setuptools (59.6.0-1.2) ...\r\nSelecting previously unselected package python3-wheel.\r\nPreparing to unpack .../67-python3-wheel_0.37.1-2_all.deb ...\r\nUnpacking python3-wheel (0.37.1-2) ...\r\nSelecting previously unselected package python3-pip.\r\nPreparing to unpack .../68-python3-pip_22.0.2+dfsg-1_all.deb ...\r\nUnpacking python3-pip (22.0.2+dfsg-1) ...\r\nSetting up python3-pkg-resources (59.6.0-1.2) ...\r\nSetting up javascript-common (11+nmu1) ...\r\nSetting up gcc-11-base:amd64 (11.3.0-1ubuntu1~22.04) ...\r\nSetting up lto-disabled-list (24) ...\r\nSetting up libxpm4:amd64 (1:3.5.12-1build2) ...\r\nSetting up libfile-fcntllock-perl (0.22-3build7) ...\r\nSetting up libalgorithm-diff-perl (1.201-1) ...\r\nSetting up manpages (5.10-1ubuntu1) ...\r\nSetting up libdeflate0:amd64 (1.10-2) ...\r\nSetting up linux-libc-dev:amd64 (5.15.0-56.62) ...\r\nSetting up libgomp1:amd64 (12.1.0-2ubuntu1~22.04) ...\r\nSetting up bzip2 (1.0.8-5build1) ...\r\nSetting up libjbig0:amd64 (2.1-3.1ubuntu0.22.04.1) ...\r\nSetting up libfakeroot:amd64 (1.28-1ubuntu1) ...\r\nSetting up libasan6:amd64 (11.3.0-1ubuntu1~22.04) ...\r\nSetting up fakeroot (1.28-1ubuntu1) ...\r\nupdate-alternatives: using /usr/bin/fakeroot-sysv to provide /usr/bin/fakeroot (fakeroot) in auto mode\r\nupdate-alternatives: warning: skip creation of /usr/share/man/man1/fakeroot.1.gz because associated file /usr/share/man/man1/fakeroot-sysv.1.gz (of link group fakeroot) doesn't exist\r\nupdate-alternatives: warning: skip creation of /usr/share/man/man1/faked.1.gz because associated file /usr/share/man/man1/faked-sysv.1.gz (of link group fakeroot) doesn't exist\r\nupdate-alternatives: warning: skip creation of /usr/share/man/es/man1/fakeroot.1.gz because associated file /usr/share/man/es/man1/fakeroot-sysv.1.gz (of link group fakeroot) doesn't exist\r\nupdate-alternatives: warning: skip creation of /usr/share/man/es/man1/faked.1.gz because associated file /usr/share/man/es/man1/faked-sysv.1.gz (of link group fakeroot) doesn't exist\r\nupdate-alternatives: warning: skip creation of /usr/share/man/fr/man1/fakeroot.1.gz because associated file /usr/share/man/fr/man1/fakeroot-sysv.1.gz (of link group fakeroot) doesn't exist\r\nupdate-alternatives: warning: skip creation of /usr/share/man/fr/man1/faked.1.gz because associated file /usr/share/man/fr/man1/faked-sysv.1.gz (of link group fakeroot) doesn't exist\r\nupdate-alternatives: warning: skip creation of /usr/share/man/sv/man1/fakeroot.1.gz because associated file /usr/share/man/sv/man1/fakeroot-sysv.1.gz (of link group fakeroot) doesn't exist\r\nupdate-alternatives: warning: skip creation of /usr/share/man/sv/man1/faked.1.gz because associated file /usr/share/man/sv/man1/faked-sysv.1.gz (of link group fakeroot) doesn't exist\r\nSetting up libtirpc-dev:amd64 (1.3.2-2ubuntu0.1) ...\r\nSetting up rpcsvc-proto (1.4.2-0ubuntu6) ...\r\nSetting up make (4.3-4.1build1) ...\r\nSetting up libmpfr6:amd64 (4.1.0-3build3) ...\r\nSetting up xz-utils (5.2.5-2ubuntu1) ...\r\nupdate-alternatives: using /usr/bin/xz to provide /usr/bin/lzma (lzma) in auto mode\r\nupdate-alternatives: warning: skip creation of /usr/share/man/man1/lzma.1.gz because associated file /usr/share/man/man1/xz.1.gz (of link group lzma) doesn't exist\r\nupdate-alternatives: warning: skip creation of /usr/share/man/man1/unlzma.1.gz because associated file /usr/share/man/man1/unxz.1.gz (of link group lzma) doesn't exist\r\nupdate-alternatives: warning: skip creation of /usr/share/man/man1/lzcat.1.gz because associated file /usr/share/man/man1/xzcat.1.gz (of link group lzma) doesn't exist\r\nupdate-alternatives: warning: skip creation of /usr/share/man/man1/lzmore.1.gz because associated file /usr/share/man/man1/xzmore.1.gz (of link group lzma) doesn't exist\r\nupdate-alternatives: warning: skip creation of /usr/share/man/man1/lzless.1.gz because associated file /usr/share/man/man1/xzless.1.gz (of link group lzma) doesn't exist\r\nupdate-alternatives: warning: skip creation of /usr/share/man/man1/lzdiff.1.gz because associated file /usr/share/man/man1/xzdiff.1.gz (of link group lzma) doesn't exist\r\nupdate-alternatives: warning: skip creation of /usr/share/man/man1/lzcmp.1.gz because associated file /usr/share/man/man1/xzcmp.1.gz (of link group lzma) doesn't exist\r\nupdate-alternatives: warning: skip creation of /usr/share/man/man1/lzgrep.1.gz because associated file /usr/share/man/man1/xzgrep.1.gz (of link group lzma) doesn't exist\r\nupdate-alternatives: warning: skip creation of /usr/share/man/man1/lzegrep.1.gz because associated file /usr/share/man/man1/xzegrep.1.gz (of link group lzma) doesn't exist\r\nupdate-alternatives: warning: skip creation of /usr/share/man/man1/lzfgrep.1.gz because associated file /usr/share/man/man1/xzfgrep.1.gz (of link group lzma) doesn't exist\r\nSetting up libquadmath0:amd64 (12.1.0-2ubuntu1~22.04) ...\r\nSetting up libmpc3:amd64 (1.2.1-2build1) ...\r\nSetting up libatomic1:amd64 (12.1.0-2ubuntu1~22.04) ...\r\nSetting up libjpeg-turbo8:amd64 (2.1.2-0ubuntu1) ...\r\nSetting up libdpkg-perl (1.21.1ubuntu2.1) ...\r\nSetting up libwebp7:amd64 (1.2.2-2) ...\r\nSetting up libubsan1:amd64 (12.1.0-2ubuntu1~22.04) ...\r\nSetting up libnsl-dev:amd64 (1.3.0-2build2) ...\r\nSetting up libcrypt-dev:amd64 (1:4.4.27-1) ...\r\nSetting up libjs-jquery (3.6.0+dfsg+~3.5.13-1) ...\r\nSetting up libisl23:amd64 (0.24-2build1) ...\r\nSetting up libc-dev-bin (2.35-0ubuntu3.1) ...\r\nSetting up python3-lib2to3 (3.10.6-1~22.04) ...\r\nSetting up libalgorithm-diff-xs-perl (0.04-6build3) ...\r\nSetting up libcc1-0:amd64 (12.1.0-2ubuntu1~22.04) ...\r\nSetting up liblocale-gettext-perl (1.07-4build3) ...\r\nSetting up liblsan0:amd64 (12.1.0-2ubuntu1~22.04) ...\r\nSetting up libitm1:amd64 (12.1.0-2ubuntu1~22.04) ...\r\nSetting up libjs-underscore (1.13.2~dfsg-2) ...\r\nSetting up libalgorithm-merge-perl (0.08-3) ...\r\nSetting up libtsan0:amd64 (11.3.0-1ubuntu1~22.04) ...\r\nSetting up libjpeg8:amd64 (8c-2ubuntu10) ...\r\nSetting up python3-distutils (3.10.6-1~22.04) ...\r\nSetting up cpp-11 (11.3.0-1ubuntu1~22.04) ...\r\nSetting up manpages-dev (5.10-1ubuntu1) ...\r\nSetting up python3-setuptools (59.6.0-1.2) ...\r\nSetting up python3-wheel (0.37.1-2) ...\r\nSetting up dpkg-dev (1.21.1ubuntu2.1) ...\r\nSetting up python3-pip (22.0.2+dfsg-1) ...\r\nSetting up libjs-sphinxdoc (4.3.2-1) ...\r\nSetting up libgcc-11-dev:amd64 (11.3.0-1ubuntu1~22.04) ...\r\nSetting up gcc-11 (11.3.0-1ubuntu1~22.04) ...\r\nSetting up cpp (4:11.2.0-1ubuntu1) ...\r\nSetting up libc6-dev:amd64 (2.35-0ubuntu3.1) ...\r\nSetting up libtiff5:amd64 (4.3.0-6ubuntu0.3) ...\r\nSetting up gcc (4:11.2.0-1ubuntu1) ...\r\nSetting up libexpat1-dev:amd64 (2.4.7-1ubuntu0.2) ...\r\nSetting up libgd3:amd64 (2.3.0-2ubuntu2) ...\r\nSetting up libstdc++-11-dev:amd64 (11.3.0-1ubuntu1~22.04) ...\r\nSetting up zlib1g-dev:amd64 (1:1.2.11.dfsg-2ubuntu9.2) ...\r\nSetting up libc-devtools (2.35-0ubuntu3.1) ...\r\nSetting up g++-11 (11.3.0-1ubuntu1~22.04) ...\r\nSetting up libpython3.10-dev:amd64 (3.10.6-1~22.04.2) ...\r\nSetting up python3.10-dev (3.10.6-1~22.04.2) ...\r\nSetting up g++ (4:11.2.0-1ubuntu1) ...\r\nupdate-alternatives: using /usr/bin/g++ to provide /usr/bin/c++ (c++) in auto mode\r\nupdate-alternatives: warning: skip creation of /usr/share/man/man1/c++.1.gz because associated file /usr/share/man/man1/g++.1.gz (of link group c++) doesn't exist\r\nSetting up build-essential (12.9ubuntu3) ...\r\nSetting up libpython3-dev:amd64 (3.10.6-1~22.04) ...\r\nSetting up python3-dev (3.10.6-1~22.04) ...\r\nProcessing triggers for libc-bin (2.35-0ubuntu3.1) ...\r\nRemoving intermediate container 830d014e16bf\n ---> bed2af5310fc\nStep 11/51 : RUN apt-get install -y rna-star\n ---> Running in 114bafce97e4\nReading package lists...\nBuilding dependency tree...\nReading state information...\nThe following additional packages will be installed:\n  libhts3 libhtscodecs2\nThe following NEW packages will be installed:\n  libhts3 libhtscodecs2 rna-star\n0 upgraded, 3 newly installed, 0 to remove and 1 not upgraded.\nNeed to get 2,128 kB of archives.\nAfter this operation, 17.9 MB of additional disk space will be used.\nGet:1 http://archive.ubuntu.com/ubuntu jammy/universe amd64 libhtscodecs2 amd64 1.1.1-3 [53.2 kB]\nGet:2 http://archive.ubuntu.com/ubuntu jammy/universe amd64 libhts3 amd64 1.13+ds-2build1 [390 kB]\nGet:3 http://archive.ubuntu.com/ubuntu jammy/universe amd64 rna-star amd64 2.7.10a+dfsg-1 [1,685 kB]\n\u001b[91mdebconf: delaying package configuration, since apt-utils is not installed\n\u001b[0mFetched 2,128 kB in 1s (1,871 kB/s)\nSelecting previously unselected package libhtscodecs2:amd64.\r\n(Reading database ... \r(Reading database ... 5%\r(Reading database ... 10%\r(Reading database ... 15%\r(Reading database ... 20%\r(Reading database ... 25%\r(Reading database ... 30%\r(Reading database ... 35%\r(Reading database ... 40%\r(Reading database ... 45%\r(Reading database ... 50%\r(Reading database ... 55%\r(Reading database ... 60%\r(Reading database ... 65%\r(Reading database ... 70%\r(Reading database ... 75%\r(Reading database ... 80%\r(Reading database ... 85%\r(Reading database ... 90%\r(Reading database ... 95%\r(Reading database ... 100%\r(Reading database ... 21823 files and directories currently installed.)\r\nPreparing to unpack .../libhtscodecs2_1.1.1-3_amd64.deb ...\r\nUnpacking libhtscodecs2:amd64 (1.1.1-3) ...\r\nSelecting previously unselected package libhts3:amd64.\r\nPreparing to unpack .../libhts3_1.13+ds-2build1_amd64.deb ...\r\nUnpacking libhts3:amd64 (1.13+ds-2build1) ...\r\nSelecting previously unselected package rna-star.\r\nPreparing to unpack .../rna-star_2.7.10a+dfsg-1_amd64.deb ...\r\nUnpacking rna-star (2.7.10a+dfsg-1) ...\r\nSetting up libhtscodecs2:amd64 (1.1.1-3) ...\r\nSetting up libhts3:amd64 (1.13+ds-2build1) ...\r\nSetting up rna-star (2.7.10a+dfsg-1) ...\r\nProcessing triggers for libc-bin (2.35-0ubuntu3.1) ...\r\nRemoving intermediate container 114bafce97e4\n ---> 56227ed560cf\nStep 12/51 : RUN apt-get install -y samtools\n ---> Running in 4bd1416da718\nReading package lists...\nBuilding dependency tree...\nReading state information...\nSuggested packages:\n  cwltool\nThe following NEW packages will be installed:\n  samtools\n0 upgraded, 1 newly installed, 0 to remove and 1 not upgraded.\nNeed to get 520 kB of archives.\nAfter this operation, 1,183 kB of additional disk space will be used.\nGet:1 http://archive.ubuntu.com/ubuntu jammy/universe amd64 samtools amd64 1.13-4 [520 kB]\n\u001b[91mdebconf: delaying package configuration, since apt-utils is not installed\n\u001b[0mFetched 520 kB in 0s (1,665 kB/s)\nSelecting previously unselected package samtools.\r\n(Reading database ... \r(Reading database ... 5%\r(Reading database ... 10%\r(Reading database ... 15%\r(Reading database ... 20%\r(Reading database ... 25%\r(Reading database ... 30%\r(Reading database ... 35%\r(Reading database ... 40%\r(Reading database ... 45%\r(Reading database ... 50%\r(Reading database ... 55%\r(Reading database ... 60%\r(Reading database ... 65%\r(Reading database ... 70%\r(Reading database ... 75%\r(Reading database ... 80%\r(Reading database ... 85%\r(Reading database ... 90%\r(Reading database ... 95%\r(Reading database ... 100%\r(Reading database ... 21868 files and directories currently installed.)\r\nPreparing to unpack .../samtools_1.13-4_amd64.deb ...\r\nUnpacking samtools (1.13-4) ...\r\nSetting up samtools (1.13-4) ...\r\nRemoving intermediate container 4bd1416da718\n ---> 942df393fb95\nStep 13/51 : RUN apt-get install -y libcurl4-openssl-dev\n ---> Running in 5d55d0eb1a84\nReading package lists...\nBuilding dependency tree...\nReading state information...\nSuggested packages:\n  libcurl4-doc libidn11-dev libkrb5-dev libldap2-dev librtmp-dev libssh2-1-dev\n  libssl-dev pkg-config\nThe following NEW packages will be installed:\n  libcurl4-openssl-dev\n0 upgraded, 1 newly installed, 0 to remove and 1 not upgraded.\nNeed to get 385 kB of archives.\nAfter this operation, 1,694 kB of additional disk space will be used.\nGet:1 http://archive.ubuntu.com/ubuntu jammy-updates/main amd64 libcurl4-openssl-dev amd64 7.81.0-1ubuntu1.6 [385 kB]\n\u001b[91mdebconf: delaying package configuration, since apt-utils is not installed\n\u001b[0mFetched 385 kB in 0s (1,659 kB/s)\nSelecting previously unselected package libcurl4-openssl-dev:amd64.\r\n(Reading database ... \r(Reading database ... 5%\r(Reading database ... 10%\r(Reading database ... 15%\r(Reading database ... 20%\r(Reading database ... 25%\r(Reading database ... 30%\r(Reading database ... 35%\r(Reading database ... 40%\r(Reading database ... 45%\r(Reading database ... 50%\r(Reading database ... 55%\r(Reading database ... 60%\r(Reading database ... 65%\r(Reading database ... 70%\r(Reading database ... 75%\r(Reading database ... 80%\r(Reading database ... 85%\r(Reading database ... 90%\r(Reading database ... 95%\r(Reading database ... 100%\r(Reading database ... 21948 files and directories currently installed.)\r\nPreparing to unpack .../libcurl4-openssl-dev_7.81.0-1ubuntu1.6_amd64.deb ...\r\nUnpacking libcurl4-openssl-dev:amd64 (7.81.0-1ubuntu1.6) ...\r\nSetting up libcurl4-openssl-dev:amd64 (7.81.0-1ubuntu1.6) ...\r\nRemoving intermediate container 5d55d0eb1a84\n ---> de1a1a8e03b0\nStep 14/51 : RUN apt-get install -y libxml2-dev\n ---> Running in 86016458772c\nReading package lists...\nBuilding dependency tree...\nReading state information...\nThe following additional packages will be installed:\n  icu-devtools libicu-dev libicu70 libxml2\nSuggested packages:\n  icu-doc pkg-config\nThe following NEW packages will be installed:\n  icu-devtools libicu-dev libicu70 libxml2 libxml2-dev\n0 upgraded, 5 newly installed, 0 to remove and 1 not upgraded.\nNeed to get 24.0 MB of archives.\nAfter this operation, 88.6 MB of additional disk space will be used.\nGet:1 http://archive.ubuntu.com/ubuntu jammy/main amd64 libicu70 amd64 70.1-2 [10.6 MB]\nGet:2 http://archive.ubuntu.com/ubuntu jammy-updates/main amd64 libxml2 amd64 2.9.13+dfsg-1ubuntu0.2 [764 kB]\nGet:3 http://archive.ubuntu.com/ubuntu jammy/main amd64 icu-devtools amd64 70.1-2 [197 kB]\nGet:4 http://archive.ubuntu.com/ubuntu jammy/main amd64 libicu-dev amd64 70.1-2 [11.6 MB]\nGet:5 http://archive.ubuntu.com/ubuntu jammy-updates/main amd64 libxml2-dev amd64 2.9.13+dfsg-1ubuntu0.2 [804 kB]\n\u001b[91mdebconf: delaying package configuration, since apt-utils is not installed\n\u001b[0mFetched 24.0 MB in 1s (22.9 MB/s)\nSelecting previously unselected package libicu70:amd64.\r\n(Reading database ... \r(Reading database ... 5%\r(Reading database ... 10%\r(Reading database ... 15%\r(Reading database ... 20%\r(Reading database ... 25%\r(Reading database ... 30%\r(Reading database ... 35%\r(Reading database ... 40%\r(Reading database ... 45%\r(Reading database ... 50%\r(Reading database ... 55%\r(Reading database ... 60%\r(Reading database ... 65%\r(Reading database ... 70%\r(Reading database ... 75%\r(Reading database ... 80%\r(Reading database ... 85%\r(Reading database ... 90%\r(Reading database ... 95%\r(Reading database ... 100%\r(Reading database ... 21969 files and directories currently installed.)\r\nPreparing to unpack .../libicu70_70.1-2_amd64.deb ...\r\nUnpacking libicu70:amd64 (70.1-2) ...\r\nSelecting previously unselected package libxml2:amd64.\r\nPreparing to unpack .../libxml2_2.9.13+dfsg-1ubuntu0.2_amd64.deb ...\r\nUnpacking libxml2:amd64 (2.9.13+dfsg-1ubuntu0.2) ...\r\nSelecting previously unselected package icu-devtools.\r\nPreparing to unpack .../icu-devtools_70.1-2_amd64.deb ...\r\nUnpacking icu-devtools (70.1-2) ...\r\nSelecting previously unselected package libicu-dev:amd64.\r\nPreparing to unpack .../libicu-dev_70.1-2_amd64.deb ...\r\nUnpacking libicu-dev:amd64 (70.1-2) ...\r\nSelecting previously unselected package libxml2-dev:amd64.\r\nPreparing to unpack .../libxml2-dev_2.9.13+dfsg-1ubuntu0.2_amd64.deb ...\r\nUnpacking libxml2-dev:amd64 (2.9.13+dfsg-1ubuntu0.2) ...\r\nSetting up libicu70:amd64 (70.1-2) ...\r\nSetting up icu-devtools (70.1-2) ...\r\nSetting up libicu-dev:amd64 (70.1-2) ...\r\nSetting up libxml2:amd64 (2.9.13+dfsg-1ubuntu0.2) ...\r\nSetting up libxml2-dev:amd64 (2.9.13+dfsg-1ubuntu0.2) ...\r\nProcessing triggers for libc-bin (2.35-0ubuntu3.1) ...\r\nRemoving intermediate container 86016458772c\n ---> 1b8a53833434\nStep 15/51 : RUN apt-get install -y libssl-dev\n ---> Running in 9e7ef5b7e825\nReading package lists...\nBuilding dependency tree...\nReading state information...\nSuggested packages:\n  libssl-doc\nThe following NEW packages will be installed:\n  libssl-dev\n0 upgraded, 1 newly installed, 0 to remove and 1 not upgraded.\nNeed to get 2,372 kB of archives.\nAfter this operation, 12.4 MB of additional disk space will be used.\nGet:1 http://archive.ubuntu.com/ubuntu jammy-updates/main amd64 libssl-dev amd64 3.0.2-0ubuntu1.7 [2,372 kB]\n\u001b[91mdebconf: delaying package configuration, since apt-utils is not installed\n\u001b[0mFetched 2,372 kB in 1s (2,214 kB/s)\nSelecting previously unselected package libssl-dev:amd64.\r\n(Reading database ... \r(Reading database ... 5%\r(Reading database ... 10%\r(Reading database ... 15%\r(Reading database ... 20%\r(Reading database ... 25%\r(Reading database ... 30%\r(Reading database ... 35%\r(Reading database ... 40%\r(Reading database ... 45%\r(Reading database ... 50%\r(Reading database ... 55%\r(Reading database ... 60%\r(Reading database ... 65%\r(Reading database ... 70%\r(Reading database ... 75%\r(Reading database ... 80%\r(Reading database ... 85%\r(Reading database ... 90%\r(Reading database ... 95%\r(Reading database ... 100%\r(Reading database ... 22309 files and directories currently installed.)\r\nPreparing to unpack .../libssl-dev_3.0.2-0ubuntu1.7_amd64.deb ...\r\nUnpacking libssl-dev:amd64 (3.0.2-0ubuntu1.7) ...\r\nSetting up libssl-dev:amd64 (3.0.2-0ubuntu1.7) ...\r\nRemoving intermediate container 9e7ef5b7e825\n ---> baf97a743051\nStep 16/51 : RUN pip3 install pysam\n ---> Running in 5187aa380f71\nCollecting pysam\n  Downloading pysam-0.20.0-cp310-cp310-manylinux_2_24_x86_64.whl (15.5 MB)\n      15.5/15.5 MB 22.1 MB/s eta 0:00:00\nInstalling collected packages: pysam\nSuccessfully installed pysam-0.20.0\n\u001b[91mWARNING: Running pip as the 'root' user can result in broken permissions and conflicting behaviour with the system package manager. It is recommended to use a virtual environment instead: https://pip.pypa.io/warnings/venv\n\u001b[0mRemoving intermediate container 5187aa380f71\n ---> baca532ef26a\nStep 17/51 : RUN pip3 install numpy\n ---> Running in 0e3ee62451cf\nCollecting numpy\n  Downloading numpy-1.24.1-cp310-cp310-manylinux_2_17_x86_64.manylinux2014_x86_64.whl (17.3 MB)\n      17.3/17.3 MB 16.2 MB/s eta 0:00:00\nInstalling collected packages: numpy\nSuccessfully installed numpy-1.24.1\n\u001b[91mWARNING: Running pip as the 'root' user can result in broken permissions and conflicting behaviour with the system package manager. It is recommended to use a virtual environment instead: https://pip.pypa.io/warnings/venv\n\u001b[0mRemoving intermediate container 0e3ee62451cf\n ---> 80d47ed06605\nStep 18/51 : RUN pip3 install matplotlib==3.2\n ---> Running in 77b33bbaf773\nCollecting matplotlib==3.2\n  Downloading matplotlib-3.2.0.tar.gz (40.5 MB)\n      40.5/40.5 MB 4.5 MB/s eta 0:00:00\n  Preparing metadata (setup.py): started\n  Preparing metadata (setup.py): finished with status 'done'\nCollecting cycler>=0.10\n  Downloading cycler-0.11.0-py3-none-any.whl (6.4 kB)\nCollecting kiwisolver>=1.0.1\n  Downloading kiwisolver-1.4.4-cp310-cp310-manylinux_2_12_x86_64.manylinux2010_x86_64.whl (1.6 MB)\n      1.6/1.6 MB 17.9 MB/s eta 0:00:00\nRequirement already satisfied: numpy>=1.11 in /usr/local/lib/python3.10/dist-packages (from matplotlib==3.2) (1.24.1)\nCollecting pyparsing!=2.0.4,!=2.1.2,!=2.1.6,>=2.0.1\n  Downloading pyparsing-3.0.9-py3-none-any.whl (98 kB)\n      98.3/98.3 KB 2.0 MB/s eta 0:00:00\nCollecting python-dateutil>=2.1\n  Downloading python_dateutil-2.8.2-py2.py3-none-any.whl (247 kB)\n      247.7/247.7 KB 11.8 MB/s eta 0:00:00\nCollecting six>=1.5\n  Downloading six-1.16.0-py2.py3-none-any.whl (11 kB)\nBuilding wheels for collected packages: matplotlib\n  Building wheel for matplotlib (setup.py): started\n  Building wheel for matplotlib (setup.py): finished with status 'error'\n\u001b[91m  error: subprocess-exited-with-error\n  \n   python setup.py bdist_wheel did not run successfully.\n   exit code: 1\n  > [594 lines of output]\n      \n      Edit setup.cfg to change the build options; suppress output with --quiet.\n      \n      BUILDING MATPLOTLIB\n        matplotlib: yes [3.2.0]\n            python: yes [3.10.6 (main, Nov 14 2022, 16:10:14) [GCC 11.3.0]]\n          platform: yes [linux]\n       sample_data: yes [installing]\n             tests: no  [skipping due to configuration]\n               agg: yes [installing]\n             tkagg: yes [installing; run-time loading from Python Tcl/Tk]\n            macosx: no  [Mac OS-X only]\n      \n      running bdist_wheel\n      running build\n      running build_py\n      creating build\n      creating build/lib.linux-x86_64-3.10\n      copying lib/pylab.py -> build/lib.linux-x86_64-3.10\n      creating build/lib.linux-x86_64-3.10/mpl_toolkits\n      copying lib/mpl_toolkits/__init__.py -> build/lib.linux-x86_64-3.10/mpl_toolkits\n      creating build/lib.linux-x86_64-3.10/matplotlib\n      copying lib/matplotlib/gridspec.py -> build/lib.linux-x86_64-3.10/matplotlib\n      copying lib/matplotlib/font_manager.py -> build/lib.linux-x86_64-3.10/matplotlib\n      copying lib/matplotlib/__init__.py -> build/lib.linux-x86_64-3.10/matplotlib\n      copying lib/matplotlib/cm.py -> build/lib.linux-x86_64-3.10/matplotlib\n      copying lib/matplotlib/backend_managers.py -> build/lib.linux-x86_64-3.10/matplotlib\n      copying lib/matplotlib/blocking_input.py -> build/lib.linux-x86_64-3.10/matplotlib\n      copying lib/matplotlib/afm.py -> build/lib.linux-x86_64-3.10/matplotlib\n      copying lib/matplotlib/bezier.py -> build/lib.linux-x86_64-3.10/matplotlib\n      copying lib/matplotlib/_animation_data.py -> build/lib.linux-x86_64-3.10/matplotlib\n      copying lib/matplotlib/artist.py -> build/lib.linux-x86_64-3.10/matplotlib\n      copying lib/matplotlib/lines.py -> build/lib.linux-x86_64-3.10/matplotlib\n      copying lib/matplotlib/spines.py -> build/lib.linux-x86_64-3.10/matplotlib\n      copying lib/matplotlib/backend_bases.py -> build/lib.linux-x86_64-3.10/matplotlib\n      copying lib/matplotlib/pylab.py -> build/lib.linux-x86_64-3.10/matplotlib\n      copying lib/matplotlib/quiver.py -> build/lib.linux-x86_64-3.10/matplotlib\n      copying lib/matplotlib/markers.py -> build/lib.linux-x86_64-3.10/matplotlib\n      copying lib/matplotlib/_text_layout.py -> build/lib.linux-x86_64-3.10/matplotlib\n      copying lib/matplotlib/category.py -> build/lib.linux-x86_64-3.10/matplotlib\n      copying lib/matplotlib/widgets.py -> build/lib.linux-x86_64-3.10/matplotlib\n      copying lib/matplotlib/animation.py -> build/lib.linux-x86_64-3.10/matplotlib\n      copying lib/matplotlib/mlab.py -> build/lib.linux-x86_64-3.10/matplotlib\n      copying lib/matplotlib/_layoutbox.py -> build/lib.linux-x86_64-3.10/matplotlib\n      copying lib/matplotlib/ticker.py -> build/lib.linux-x86_64-3.10/matplotlib\n      copying lib/matplotlib/path.py -> build/lib.linux-x86_64-3.10/matplotlib\n      copying lib/matplotlib/text.py -> build/lib.linux-x86_64-3.10/matplotlib\n      copying lib/matplotlib/stackplot.py -> build/lib.linux-x86_64-3.10/matplotlib\n      copying lib/matplotlib/_color_data.py -> build/lib.linux-x86_64-3.10/matplotlib\n      copying lib/matplotlib/image.py -> build/lib.linux-x86_64-3.10/matplotlib\n      copying lib/matplotlib/texmanager.py -> build/lib.linux-x86_64-3.10/matplotlib\n      copying lib/matplotlib/textpath.py -> build/lib.linux-x86_64-3.10/matplotlib\n      copying lib/matplotlib/units.py -> build/lib.linux-x86_64-3.10/matplotlib\n      copying lib/matplotlib/collections.py -> build/lib.linux-x86_64-3.10/matplotlib\n      copying lib/matplotlib/_cm.py -> build/lib.linux-x86_64-3.10/matplotlib\n      copying lib/matplotlib/_pylab_helpers.py -> build/lib.linux-x86_64-3.10/matplotlib\n      copying lib/matplotlib/table.py -> build/lib.linux-x86_64-3.10/matplotlib\n      copying lib/matplotlib/pyplot.py -> build/lib.linux-x86_64-3.10/matplotlib\n      copying lib/matplotlib/transforms.py -> build/lib.linux-x\u001b[0m\u001b[91m86_64-3.10/matplotlib\n      copying lib/matplotlib/_cm_listed.py -> build/lib.linux-x86_64-3.10/matplotlib\n      copying lib/matplotlib/backend_tools.py -> build/lib.linux-x86_64-3.10/matplotlib\n      copying lib/matplotlib/legend_handler.py -> build/lib.linux-x86_64-3.10/matplotlib\n      copying lib/matplotlib/_mathtext_data.py -> build/lib.linux-x86_64-3.10/matplotlib\n      copying lib/matplotlib/colorbar.py -> build/lib.linux-x86_64-3.10/matplotlib\n      copying lib/matplotlib/streamplot.py -> build/lib.linux-x86_64-3.10/matplotlib\n      copying lib/matplotlib/_version.py -> build/lib.linux-x86_64-3.10/matplotlib\n      copying lib/matplotlib/tight_layout.py -> build/lib.linux-x86_64-3.10/matplotlib\n      copying lib/matplotlib/type1font.py -> build/lib.linux-x86_64-3.10/matplotlib\n      copying lib/matplotlib/mathtext.py -> build/lib.linux-x86_64-3.10/matplotlib\n      copying lib/matplotlib/dviread.py -> build/lib.linux-x86_64-3.10/matplotlib\n      copying lib/matplotlib/scale.py -> build/lib.linux-x86_64-3.10/matplotlib\n      copying lib/matplotlib/hatch.py -> build/lib.linux-x86_64-3.10/matplotlib\n      copying lib/matplotlib/figure.py -> build/lib.linux-x86_64-3.10/matplotlib\n      copying lib/matplotlib/_constrained_layout.py -> build/lib.linux-x86_64-3.10/matplotlib\n      copying lib/matplotlib/docstring.py -> build/lib.linux-x86_64-3.10/matplotlib\n      copying lib/matplotlib/legend.py -> build/lib.linux-x86_64-3.10/matplotlib\n      copying lib/matplotlib/contour.py -> build/lib.linux-x86_64-3.10/matplotlib\n      copying lib/matplotlib/colors.py -> build/lib.linux-x86_64-3.10/matplotlib\n      copying lib/matplotlib/offsetbox.py -> build/lib.linux-x86_64-3.10/matplotlib\n      copying lib/matplotlib/dates.py -> build/lib.linux-x86_64-3.10/matplotlib\n      copying lib/matplotlib/patheffects.py -> build/lib.linux-x86_64-3.10/matplotlib\n      copying lib/matplotlib/container.py -> build/lib.linux-x86_64-3.10/matplotlib\n      copying lib/matplotlib/rcsetup.py -> build/lib.linux-x86_64-3.10/matplotlib\n      copying lib/matplotlib/tight_bbox.py -> build/lib.linux-x86_64-3.10/matplotlib\n      copying lib/matplotlib/axis.py -> build/lib.linux-x86_64-3.10/matplotlib\n      copying lib/matplotlib/sankey.py -> build/lib.linux-x86_64-3.10/matplotlib\n      copying lib/matplotlib/patches.py -> build/lib.linux-x86_64-3.10/matplotlib\n      copying lib/matplotlib/fontconfig_pattern.py -> build/lib.linux-x86_64-3.10/matplotlib\n      creating build/lib.linux-x86_64-3.10/mpl_toolkits/tests\n      copying lib/mpl_toolkits/tests/__init__.py -> build/lib.linux-x86_64-3.10/mpl_toolkits/tests\n      copying lib/mpl_toolkits/tests/test_axisartist_axislines.py -> build/lib.linux-x86_64-3.10/mpl_toolkits/tests\n      copying lib/mpl_toolkits/tests/test_axisartist_angle_helper.py -> build/lib.linux-x86_64-3.10/mpl_toolkits/tests\n      copying lib/mpl_toolkits/tests/test_axisartist_floating_axes.py -> build/lib.linux-x86_64-3.10/mpl_toolkits/tests\n      copying lib/mpl_toolkits/tests/test_axisartist_axis_artist.py -> build/lib.linux-x86_64-3.10/mpl_toolkits/tests\n      copying lib/mpl_toolkits/tests/test_axes_grid1.py -> build/lib.linux-x86_64-3.10/mpl_toolkits/tests\n      copying lib/mpl_toolkits/tests/test_axisartist_clip_path.py -> build/lib.linux-x86_64-3.10/mpl_toolkits/tests\n      copying lib/mpl_toolkits/tests/test_axisartist_grid_helper_curvelinear.py -> build/lib.linux-x86_64-3.10/mpl_toolkits/tests\n      copying lib/mpl_toolkits/tests/test_axes_grid.py -> build/lib.linux-x86_64-3.10/mpl_toolkits/tests\n      copying lib/mpl_toolkits/tests/test_axisartist_grid_finder.py -> build/lib.linux-x86_64-3.10/mpl_toolkits/tests\n      copying lib/mpl_toolkits/tests/conftest.py -> build/lib.linux-x86_64-3.10/mpl_toolkits/tests\n      copying lib/mpl_toolkits/tests/test_mplot3d.py -> build/lib.linux-x86_64-3.10/mpl_toolkits/tests\n      creating build/lib.linux-x86_64-3.10/mpl_toolkits/mplot3d\n      copying lib/mpl_toolkits/mplot3d/proj3d.py -> build/lib.linux-x86_64-3.10/mpl_toolkits/mplot3d\n      copying lib/mpl_toolkits/mplot3d/__init__.py -> build/lib.linux-x86_64-3.10/mpl_toolkits/mplot3d\n      copying lib/mpl_toolkits/mplot3d/axes3d.py -> build/lib.linux-x86_64-3.10/mpl_toolkits/mplot3d\n      copying lib/mpl_toolkits/mplot3d/art3d.py -> build/lib.linux-x86_64-3.10/mpl_toolkits/mplot3d\n      copying lib/mpl_toolkits/mplot3d/axis3d.py -> build/lib.linux-x86_64-3.10/mpl_toolkits/mplot3d\n      creating build/lib.linux-x86_64-3.10/mpl_toolkits/axes_grid\n      copying lib/mpl_toolkits/axes_grid/grid_finder.py -> build/lib.linux-x86_64-3.10/mpl_toolkits/axes_grid\n      copying lib/mpl_toolkits/axes_grid/__init__.py -> build/lib.linux-x86_64-3.10/mpl_toolkits/axes_grid\n      copying lib/mpl_toolkits/axes_grid/clip_path.py -> build/lib.linux-x86_64-3.10/mpl_toolkits/axes_grid\n      copying lib/mpl_toolkits/axes_grid/axislines.py -> build/lib.linux-x86_64-3.10/mpl_toolkits/axes_grid\n      copying lib/mpl_toolkits/axes_grid/axis_artist.py -> build/lib.linux-x86_64-3.10/mpl_toolkits/axes_grid\n      copying lib/mpl_toolkits/axes_grid/axes_divider.py -> build/lib.linux-x86_64-3.10/mpl_toolkits/axes_grid\n      copying lib/mpl_toolkits/axes_grid/parasite_axes.py -> build/lib.linux-x86_64-3.10/mpl_toolkits/axes_grid\n      copying lib/mpl_toolkits/axes_grid/axes_rgb.py -> build/lib.linux-x86_64-3.10/mpl_toolkits/axes_grid\n      copying lib/mpl_toolkits/axes_grid/colorbar.py -> build/lib.linux-x86_64-3.10/mpl_toolkits/axes_grid\n      copying lib/mpl_toolkits/axes_grid/angle_helper.py -> build/lib.linux-x86_64-3.10/mpl_toolkits/axes_grid\n      copying lib/mpl_toolkits/axes_grid/axes_grid.py -> build/lib.linux-x86_64-3.10/mpl_toolkits/axes_grid\n      copying lib/mpl_toolkits/axes_grid/grid_helper_curvelinear.py -> build/lib.linux-x86_64-3.10/mpl_toolkits/axes_grid\n      copying lib/mpl_toolkits/axes_grid/axisline_style.py -> build/lib.linux-x86_64-3.10/mpl_toolkits/axes_grid\n      copying lib/mpl_toolkits/axes_grid/anchored_artists.py -> build/lib.linux-x86_64-3.10/mpl_toolkits/axes_grid\n      copying lib/mpl_toolkits/axes_grid/floating_axes.py -> build/lib.linux-x86_64-3.10/mpl_toolkits/axes_grid\n      copying lib/mpl_toolkits/axes_grid/axes_size.py -> build/lib.linux-x86_64-3.10/mpl_toolkits/axes_grid\n      copying lib/mpl_toolkits/axes_grid/inset_locator.py -> build/lib.linux-x86_64-3.10/mpl_toolkits/axes_grid\n      creating build/lib.linux-x86_64-3.10/mpl_toolkits/axisartist\n      copying lib/mpl_toolkits/axisartist/grid_finder.py -> build/lib.linux-x86_64-3.10/mpl_toolkits/axisartist\n      copying lib/mpl_toolkits/axisartist/__init__.py -> build/lib.linux-x86_64-3.10/mpl_toolkits/axisartist\n      copying lib/mpl_toolkits/axisartist/clip_path.py -> build/lib.linux-x86_64-3.10/mpl_toolkits/axisartist\n      copying lib/mpl_toolkits/axisartist/axislines.py -> build/lib.linux-x86_64-3.10/mpl_toolkits/axisartist\n      copying lib/mpl_toolkits/axisartist/axis_artist.py -> build/lib.linux-x86_64-3.10/mpl_toolkits/axisartist\n      copying lib/mpl_toolkits/axisartist/axes_divider.py -> build/lib.linux-x86_64-3.10/mpl_toolkits/axisartist\n      copying lib/mpl_toolkits/axisartist/parasite_axes.py -> build/lib.linux-x86_64-3.10/mpl_toolkits/axisartist\n      copying lib/mpl_toolkits/axisartist/axes_rgb.py -> build/lib.linux-x86_64-3.10/mpl_toolkits/axisartist\n      copying lib/mpl_toolkits/axisartist/angle_helper.py -> build/lib.linux-x86_64-3.10/mpl_toolkits/axisartist\n      copying lib/mpl_toolkits/axisartist/axes_grid.py -> build/lib.linux-x86_64-3.10/mpl_toolkits/axisartist\n      copying lib/mpl_toolkits/axisartist/grid_helper_curvelinear.py -> build/lib.linux-x86_64-3.10/mpl_toolkits/axisartist\n      copying lib/mpl_toolkits/axisartist/axisline_style.py -> build/lib.linux-x86_64-3.10/mpl_toolkits/axisartist\n      copying lib/mpl_toolkits/axisartist/floating_axes.py -> build/lib.linux-x86_64-3.10/mpl_toolkits/axisartist\n      creating build/lib.linux-x86_64-3.10/mpl_toolkits/axes_grid1\n      copying lib/mpl_toolkits/axes_grid1/__init__.py -> build/lib.linux-x86_64-3.10/mpl_toolkits/axes_grid1\n      copying lib/mpl_toolkits/axes_grid1/axes_divider.py -> build/lib.linux-x86_64-3.10/mpl_toolkits/axes_grid1\n      copying lib/mpl_toolkits/axes_grid1/parasite_axes.py -> build/lib.linux-x86_64-3.10/mpl_toolkits/axes_grid1\n      copying lib/mpl_toolkits/axes_grid1/axes_rgb.py -> build/lib.linux-x86_64-3.10/mpl_toolkits/axes_grid1\n      copying lib/mpl_toolkits/axes_grid1/colorbar.py -> build/lib.linux-x86_64-3.10/mpl_toolkits/axes_grid1\n      copying lib/mpl_toolkits/axes_grid1/mpl_axes.py -> build/lib.linux-x86_64-3.10/mpl_toolkits/axes_grid1\n      copying lib/mpl_toolkits/axes_grid1/axes_grid.py -> build/lib.linux-x86_64-3.10/mpl_toolkits/axes_grid1\n      copying lib/mpl_toolkits/axes_grid1/anchored_artists.py -> build/lib.linux-x86_64-3.10/mpl_toolkits/axes_grid1\n      copying lib/mpl_toolkits/axes_grid1/axes_size.py -> build/lib.linux-x86_64-3.10/mpl_toolkits/axes_grid1\n      copying lib/mpl_toolkits/axes_grid1/inset_locator.py -> build/lib.linux-x86_64-3.10/mpl_toolkits/axes_grid1\n      creating build/lib.linux-x86_64-3.10/matplotlib/testing\n      copying lib/matplotlib/testing/__init__.py -> build/lib.linux-x86_64-3.10/matplotlib/testing\n      copying lib/matplotlib/testing/decorators.py -> build/lib.linux-x86_64-3.10/matplotlib/testing\n      copying lib/matplotlib/testing/compare.py -> build/lib.linux-x86_64-3.10/matplotlib/testing\n      copying lib/matplotlib/testing/exceptions.py -> build/lib.linux-x86_64-3.10/matplotlib/testing\n      copying lib/matplotlib/testing/conftest.py -> build/lib.linux-x86_64-3.10/matplotlib/testing\n      copying lib/matplotlib/testing/disable_internet.py -> build/lib.linux-x86_64-3.10/matplotlib/testing\n      creating build/lib.linux-x86_64-3.10/matplotlib/projections\n      copying lib/matplotlib/projections/__init__.py -> build/lib.linux-x86_64-3.10/matplotlib/projections\n      copying lib/matplotlib/projections/polar.py -> build/lib.linux-x86_64-3.10/matplotlib/projections\n      copying lib/matplotlib/projections/geo.py -> build/lib.linux-x86_64-3.10/matplotlib/projections\n      creating build/lib.linux-x86_64-3.10/matplotlib/tests\n      copying lib/matplotlib/tests/test_compare_images.py -> build/lib.linux-x86_64-3.10/matplotlib/tests\n      copying lib/matplotlib/tests/test_testing.py -> build/lib.linux-x86_64-3.10/matplotlib/tests\n      copying lib/matplotlib/tests/__init__.py -> build/lib.linux-x86_64-3.10/matplotlib/tests\n      copying lib/matplotlib/tests/test_backend_qt.py -> build/lib.linux-x86_64-3.10/matplotlib/tests\n      copying lib/matplotlib/tests/test_marker.py -> build/lib.linux-x86_64-3.10/matplotlib/tests\n      copying lib/matplotlib/tests/test_backend_pdf.py -> build/lib.linux-x86_64-3.10/matplotlib/tests\n      copying lib/matplotlib/tests/test_patheffects.py -> build/lib.linux-x86_64-3.10/matplotlib/tests\n      copying lib/matplotlib/tests/test_axes.py -> build/lib.linux-x86_64-3.10/matplotlib/tests\n      copying lib/matplotlib/tests/test_mathtext.py -> build/lib.linux-x86_64-3.10/matplotlib/tests\n      copying lib/matplotlib/tests/test_scale.py -> build/lib.linux-x86_64-3.10/matplotlib/tests\n      copying lib/matplotlib/tests/test_cycles.py -> build/lib.linux-x86_64-3.10/matplotlib/tests\n      copying lib/matplotlib/tests/test_sphinxext.py -> build/lib.linux-x86_64-3.10/matplotlib/tests\n      copying lib/matplotlib/tests/test_backend_tk.py -> build/lib.linux-x86_64-3.10/matplotlib/tests\n      copying lib/matplotlib/tests/test_triangulation.py -> build/lib.linux-x86_64-3.10/matplotlib/tests\n      copying lib/matplotlib/tests/test_backend_ps.py -> build/lib.linux-x86_64-3.10/matplotlib/tests\n      copying lib/matplotlib/tests/test_backend_svg.py -> build/lib.linux-x86_64-3.10/matplotlib/tests\n      copying lib/matplotlib/tests/test_backend_webagg.py -> build/lib.linux-x86_64-3.10/matplotlib/tests\n      copying lib/matplotlib/tests/test_agg_filter.py -> build/lib.linux-x86_64-3.10/matplotlib/tests\n      copying lib/matplotlib/tests/test_transforms.py -> build/lib.linux-x86_64-3.10/matplotlib/tests\n      copying lib/matplotlib/tests/test_backend_cairo.py -> build/lib.linux-x86_64-3.10/matplotlib/tests\n      copying lib/matplotlib/tests/test_matplotlib.py -> build/lib.linux-x86_64-3.10/matplotlib/tests\n      copying lib/matplotlib/tests/test_contour.py -> build/lib.linux-x86_64-3.10/matplotlib/tests\n      copying lib/matplotlib/tests/test_rcparams.py -> build/lib.linux-x86_64-3.10/matplotlib/tests\n      copying lib/matplotlib/tests/test_sankey.py -> build/lib.linux-x86_64-3.10/matplotlib/tests\n      copying lib/matplotlib/tests/test_png.py -> build/lib.linux-x86_64-3.10/matplotlib/tests\n      copying lib/matplotlib/tests/test_pickle.py -> build/lib.linux-x86_64-3.10/matplotlib/tests\n      copying lib/matplotlib/tests/test_legend.py -> build/lib.linux-x86_64-3.10/matplotlib/tests\n      copying lib/matplotlib/tests/test_backends_interactive.py -> build/lib.linux-x86_64-3.10/matplotlib/tests\n      copying lib/matplotlib/tests/test_arrow_patches.py -> build/lib.linux-x86_64-3.10/matplotlib/tests\n      copying lib/matplotlib/tests/test_path.py -> build/lib.linux-x86_64-3.10/matplotlib/tests\n      copying lib/matplotlib/tests/test_basic.py -> build/lib.linux-x86_64-3.10/matplotlib/tests\n      copying lib/matplotlib/tests/test_fontconfig_pattern.py -> build/lib.linux-x86_64-3.10/matplotlib/tests\n      copying lib/matplotlib/tests/test_colors.py -> build/lib.linux-x86_64-3.10/matplotlib/tests\n      copying lib/matplotlib/tests/test_subplots.py -> build/lib.linux-x86_64-3.10/matplotlib/tests\n      copying lib/matplotlib/tests/test_afm.py -> build/lib.linux-x86_64-3.10/matplotlib/tests\n      copying lib/matplotlib/tests/test_units.py -> build/lib.linux-x86_64-3.10/matplotlib/tests\n      copying lib/matplotlib/tests/test_ticker.py -> build/lib.linux-x86_64-3.10/matplotlib/tests\n      copying lib/matplotlib/tests/test_backend_pgf.py -> build/lib.linux-x86_64-3.10/matplotlib/tests\n      copying lib/matplotlib/tests/test_backend_nbagg.py -> build/lib.linux-x86_64-3.10/matplotlib/tests\n      copying lib/matplotlib/tests/test_category.py -> build/lib.linux-x86_64-3.10/matplotlib/tests\n      copying lib/matplotlib/tests/test_animation.py -> build/lib.linux-x86_64-3.10/matplotlib/tests\n      copying lib/matplotlib/tests/test_bbox_tight.py -> build/lib.linux-x86_64-3.10/matplotlib/tests\n      copying lib/matplotlib/tests/test_table.py -> build/lib.linux-x86_64-3.10/matplotlib/tests\n      copying lib/matplotlib/tests/test_texmanager.py -> build/lib.linux-x86_64-3.10/matplotlib/tests\n      copying lib/matplotlib/tests/test_image.py -> build/lib.linux-x86_64-3.10/matplotlib/tests\n      copying lib/matplotlib/tests/test_tightlayout.py -> build/lib.linux-x86_64-3.10/matplotlib/tests\n      copying lib/matplotlib/tests/test_quiver.py -> build/lib.linux-x86_64-3.10/matplotlib/tests\n      copying lib/matplotlib/tests/test_patches.py -> build/lib.linux-x86_64-3.10/matplotlib/tests\n      copying lib/matplotlib/tests/test_text.py -> build/lib.linux-x86_64-3.10/matplotlib/tests\n      copying lib/matplotlib/tests/test_collections.py -> build/lib.linux-x86_64-3.10/matplotlib/tests\n      copying lib/matplotlib/tests/test_figure.py -> build/lib.linux-x86_64-3.10/matplotlib/tests\n      copying lib/matplotlib/tests/test_gridspec.py -> build/lib.linux-x86_64-3.10/matplotlib/tests\n      copying lib/matplotlib/tests/test_backend_tools.py -> build/lib.linux-x86_64-3.10/matplotlib/tests\n      copying lib/matplotlib/tests/test_type1font.py -> build/lib.linux-x86_64-3.10/matplotlib/tests\n      copying lib/matplotlib/tests/test_style.py -> build/lib.linux-x86_64-3.10/matplotlib/tests\n      copying lib/matplotlib/tests/test_lines.py -> build/lib.linux-x86_64-3.10/matplotlib/tests\n      copying lib/matplotlib/tests/test_pyplot.py -> build/lib.linux-x86_64-3.10/matplotlib/tests\n      copying lib/matplotlib/tests/test_simplification.py -> build/lib.linux-x86_64-3.10/matplotlib/tests\n      copying lib/matplotlib/tests/test_ttconv.py -> build/lib.linux-x86_64-3.10/matplotlib/tests\n      copying lib/matplotlib/tests/test_dates.py -> build/lib.linux-x86_64-3.10/matplotlib/tests\n      copying lib/matplotlib/tests/test_usetex.py -> build/lib.linux-x86_64-3.10/matplotlib/tests\n      copying lib/matplotlib/tests/test_cbook.py -> build/lib.linux-x86_64-3.10/matplotlib/tests\n      copying lib/matplotlib/tests/test_backend_bases.py -> build/lib.linux-x86_64-3.10/matplotlib/tests\n      copying lib/matplotlib/tests/test_mlab.py -> build/lib.linux-x86_64-3.10/matplotlib/tests\n      copying lib/matplotlib/tests/test_constrainedlayout.py -> build/lib.linux-x86_64-3.10/matplotlib/tests\n      copying lib/matplotlib/tests/test_spines.py -> build/lib.linux-x86_64-3.10/matplotlib/tests\n      copying lib/matplotlib/tests/test_skew.py -> build/lib.linux-x86_64-3.10/matplotlib/tests\n      copying lib/matplotlib/tests/test_container.py -> build/lib.linux-x86_64-3.10/matplotlib/tests\n      copying lib/matplotlib/tests/test_artist.py -> build/lib.linux-x86_64-3.10/matplotlib/tests\n      copying lib/matplotlib/tests/test_dviread.py -> build/lib.linux-x86_64-3.10/matplotlib/tests\n      copying lib/matplotlib/tests/test_agg.py -> build/lib.linux-x86_64-3.10/matplotlib/tests\n      copying lib/matplotlib/tests/test_colorbar.py -> build/lib.linux-x86_64-3.10/matplotlib/tests\n      copying lib/matplotlib/tests/test_streamplot.py -> build/lib.linux-x86_64-3.10/matplotlib/tests\n      copying lib/matplotlib/tests/test_preprocess_data.py -> build/lib.linux-x86_64-3.10/matplotlib/tests\n      copying lib/matplotlib/tests/conftest.py -> build/lib.linux-x86_64-3.10/matplotlib/tests\n      copying lib/matplotlib/tests/test_font_manager.py -> build/lib.linux-x86_64-3.10/matplotlib/tests\n      copying lib/matplotlib/tests/test_widgets.py -> build/lib.linux-x86_64-3.10/matplotlib/tests\n      copying lib/matplotlib/tests/test_determinism.py -> build/lib.linux-x86_64-3.10/matplotlib/tests\n      copying lib/matplotlib/tests/test_offsetbox.py -> build/lib.linux-x86_64-3.10/matplotlib/tests\n      creating build/lib.linux-x86_64-3.10/matplotlib/cbook\n      copying lib/matplotlib/cbook/__init__.py -> build/lib.linux-x86_64-3.10/matplotlib/cbook\n      copying lib/matplotlib/cbook/deprecation.py -> build/lib.linux-x86_64-3.10/matplotlib/cbook\n      creating build/lib.linux-x86_64-3.10/matplotlib/sphinxext\n      copying lib/matplotlib/sphinxext/mathmpl.py -> build/lib.linux-x86_64-3.10/matplotlib/sphinxext\n      copying lib/matplotlib/sphinxext/__init__.py -> build/lib.linux-x86_64-3.10/matplotlib/sphinxext\n      copying lib/matplotlib/sphinxext/plot_directive.py -> build/lib.linux-x86_64-3.10/matplotlib/sphinxext\n      creating build/lib.linux-x86_64-3.10/matplotlib/compat\n      copying lib/matplotlib/compat/__init__.py -> build/lib.linux-x86_64-3.10/matplotlib/compat\n      creating build/lib.linux-x86_64-3.10/matplotlib/axes\n      copying lib/matplotlib/axes/_axes.py -> build/lib.linux-x86_64-3.10/matplotlib/axes\n      copying lib/matplotlib/axes/__init__.py -> build/lib.linux-x86_64-3.10/matplotlib/axes\n      copying lib/matplotlib/axes/_base.py -> build/lib.linux-x86_64-3.10/matplotlib/axes\n      copying lib/matplotlib/axes/_subplots.py -> build/lib.linux-x86_64-3.10/matplotlib/axes\n      copying lib/matplotlib/axes/_secondary_axes.py -> build/lib.linux-x86_64-3.10/matplotlib/axes\n      creating build/lib.linux-x86_64-3.10/matplotlib/style\n      copying lib/matplotlib/style/__init__.py -> build/lib.linux-x86_64-3.10/matplotlib/style\n      copying lib/matplotlib/style/core.py -> build/lib.linux-x86_64-3.10/matplotlib/style\n      creating build/lib.linux-x86_64-3.10/matplotlib/backends\n      copying lib/matplotlib/backends/backend_tkcairo.py -> build/lib.linux-x86_64-3.10/matplotlib/backends\n      copying lib/matplotlib/backends/__init__.py -> build/lib.linux-x86_64-3.10/matplotlib/backends\n      copying lib/matplotlib/backends/backend_pdf.py -> build/lib.linux-x86_64-3.10/matplotlib/backends\n      copying lib/matplotlib/backends/backend_wxagg.py -> build/lib.linux-x86_64-3.10/matplotlib/backends\n      copying lib/matplotlib/backends/backend_macosx.py -> build/lib.linux-x86_64-3.10/matplotlib/backends\n      copying lib/matplotlib/backends/backend_webagg_core.py -> build/lib.linux-x86_64-3.10/matplotlib/backends\n      copying lib/matplotlib/backends/backend_wxcairo.py -> build/lib.linux-x86_64-3.10/matplotlib/backends\n      copying lib/matplotlib/backends/backend_template.py -> build/lib.linux-x86_64-3.10/matplotlib/backends\n      copying lib/matplotlib/backends/backend_pgf.py -> build/lib.linux-x86_64-3.10/matplotlib/backends\n      copying lib/matplotlib/backends/backend_ps.py -> build/lib.linux-x86_64-3.10/matplotlib/backends\n      copying lib/matplotlib/backends/_backend_pdf_ps.py -> build/lib.linux-x86_64-3.10/matplotlib/backends\n      copying lib/matplotlib/backends/backend_qt4agg.py -> build/lib.linux-x86_64-3.10/matplotlib/backends\n      copying lib/matplotlib/backends/backend_cairo.py -> build/lib.linux-x86_64-3.10/matplotlib/backends\n      copying lib/matplotlib/backends/backend_qt5agg.py -> build/lib.linux-x86_64-3.10/matplotlib/backends\n      copying lib/matplotlib/backends/qt_compat.py -> build/lib.linux-x86_64-3.10/matplotlib/backends\n      copying lib/matplotlib/backends/backend_nbagg.py -> build/lib.linux-x86_64-3.10/matplotlib/backends\n      copying lib/matplotlib/backends/backend_webagg.py -> build/lib.linux-x86_64-3.10/matplotlib/backends\n      copying lib/matplotlib/backends/backend_agg.py -> build/lib.linux-x86_64-3.10/matplotlib/backends\n      copying lib/matplotlib/backends/_backend_tk.py -> build/lib.linux-x86_64-3.10/matplotlib/backends\n      copying lib/matplotlib/backends/backend_gtk3agg.py -> build/lib.linux-x86_64-3.10/matplotlib/backends\n      copying lib/matplotlib/backends/backend_qt4.py -> build/lib.linux-x86_64-3.10/matplotlib/backends\n      copying lib/matplotlib/backends/backend_gtk3.py -> build/lib.linux-x86_64-3.10/matplotlib/backends\n      copying lib/matplotlib/backends/backend_tkagg.py -> build/lib.linux-x86_64-3.10/matplotlib/backends\n      copying lib/matplotlib/backends/backend_qt4cairo.py -> build/lib.linux-x86_64-3.10/matplotlib/backends\n      copying lib/matplotlib/backends/backend_qt5.py -> build/lib.linux-x86_64-3.10/matplotlib/backends\n      copying lib/matplotlib/backends/backend_wx.py -> build/lib.linux-x86_64-3.10/matplotlib/backends\n      copying lib/matplotlib/backends/backend_gtk3cairo.py -> build/lib.linux-x86_64-3.10/matplotlib/backends\n      copying lib/matplotlib/backends/backend_qt5cairo.py -> build/lib.linux-x86_64-3.10/matplotlib/backends\n      copying lib/matplotlib/backends/backend_svg.py -> build/lib.linux-x86_64-3.10/matplotlib/backends\n      copying lib/matplotlib/backends/backend_mixed.py -> build/lib.linux-x86_64-3.10/matplotlib/backends\n      creating build/lib.linux-x86_64-3.10/matplotlib/tri\n      copying lib/matplotlib/tri/__init__.py -> build/lib.linux-x86_64-3.10/matplotlib/tri\n      copying lib/matplotlib/tri/tricontour.py -> build/lib.linux-x86_64-3.10/matplotlib/tri\n      copying lib/matplotlib/tri/triinterpolate.py -> build/lib.linux-x86_64-3.10/matplotlib/tri\n      copying lib/matplotlib/tri/triplot.py -> build/lib.linux-x86_64-3.10/matplotlib/tri\n      copying lib/matplotlib/tri/tripcolor.py -> build/lib.linux-x86_64-3.10/matplotlib/tri\n      copying lib/matplotlib/tri/trirefine.py -> build/lib.linux-x86_64-3.10/matplotlib/tri\n      copying lib/matplotlib/tri/tritools.py -> build/lib.linux-x86_64-3.10/matplotlib/tri\n      copying lib/matplotlib/tri/triangulation.py -> build/lib.linux-x86_64-3.10/matplotlib/tri\n      copying lib/matplotlib/tri/trifinder.py -> build/lib.linux-x86_64-3.10/matplotlib/tri\n      creating build/lib.linux-x86_64-3.10/matplotlib/testing/jpl_units\n      copying lib/matplotlib/testing/jpl_units/__init__.py -> build/lib.linux-x86_64-3.10/matplotlib/testing/jpl_units\n      copying lib/matplotlib/testing/jpl_units/UnitDbl.py -> build/lib.linux-x86_64-3.10/matplotlib/testing/jpl_units\n      copying lib/matplotlib/testing/jpl_units/EpochConverter.py -> build/lib.linux-x86_64-3.10/matplotlib/testing/jpl_units\n      copying lib/matplotlib/testing/jpl_units/StrConverter.py -> build/lib.linux-x86_64-3.10/matplotlib/testing/jpl_units\n      copying lib/matplotlib/testing/jpl_units/Duration.py -> build/lib.linux-x86_64-3.10/matplotlib/testing/jpl_units\n      copying lib/matplotlib/testing/jpl_units/Epoch.py -> build/lib.linux-x86_64-3.10/matplotlib/testing/jpl_units\n      copying lib/matplotlib/testing/jpl_units/UnitDblConverter.py -> build/lib.linux-x86_64-3.10/matplotlib/testing/jpl_units\n      copying lib/matplotlib/testing/jpl_units/UnitDblFormatter.py -> build/lib.linux-x86_64-3.10/matplotlib/testing/jpl_units\n      creating build/lib.linux-x86_64-3.10/matplotlib/backends/qt_editor\n      copying lib/matplotlib/backends/qt_editor/formlayout.py -> build/lib.linux-x86_64-3.10/matplotlib/backends/qt_editor\n      copying lib/matplotlib/backends/qt_editor/__init__.py -> build/lib.linux-x86_64-3.10/matplotlib/backends/qt_editor\n      copying lib/matplotlib/backends/qt_editor/figureoptions.py -> build/lib.linux-x86_64-3.10/matplotlib/backends/qt_editor\n      copying lib/matplotlib/backends/qt_editor/_formlayout.py -> build/lib.linux-x86_64-3.10/matplotlib/backends/qt_editor\n      copying lib/matplotlib/backends/qt_editor/formsubplottool.py -> build/lib.linux-x86_64-3.10/matplotlib/backends/qt_editor\n      creating build/lib.linux-x86_64-3.10/matplotlib/mpl-data\n      creating build/lib.linux-x86_64-3.10/matplotlib/mpl-data/images\n      copying lib/matplotlib/mpl-data/images/filesave.png -> build/lib.linux-x86_64-3.10/matplotlib/mpl-data/images\n      creating build/lib.linux-x86_64-3.10/matplotlib/mpl-data/fonts\n      creating build/lib.linux-x86_64-3.10/matplotlib/mpl-data/fonts/ttf\n      copying lib/matplotlib/mpl-data/fonts/ttf/STIXNonUniBolIta.ttf -> build/lib.linux-x86_64-3.10/matplotlib/mpl-data/fonts/ttf\n      creating build/lib.linux-x86_64-3.10/matplotlib/mpl-data/fonts/afm\n      copying lib/matplotlib/mpl-data/fonts/afm/cmex10.afm -> build/lib.linux-x86_64-3.10/matplotlib/mpl-data/fonts/afm\n      copying lib/matplotlib/mpl-data/fonts/afm/ptmri8a.afm -> build/lib.linux-x86_64-3.10/matplotlib/mpl-data/fonts/afm\n      copying lib/matplotlib/mpl-data/images/zoom_to_rect.gif -> build/lib.linux-x86_64-3.10/matplotlib/mpl-data/images\n      creating build/lib.linux-x86_64-3.10/matplotlib/mpl-data/fonts/pdfcorefonts\n      copying lib/matplotlib/mpl-data/fonts/pdfcorefonts/Symbol.afm -> build/lib.linux-x86_64-3.10/matplotlib/mpl-data/fonts/pdfcorefonts\n      copying lib/matplotlib/mpl-data/images/help.ppm -> build/lib.linux-x86_64-3.10/matplotlib/mpl-data/images\n      creating build/lib.linux-x86_64-3.10/matplotlib/backends/web_backend\n      creating build/lib.linux-x86_64-3.10/matplotlib/backends/web_backend/jquery-ui-1.12.1\n      copying lib/matplotlib/backends/web_backend/jquery-ui-1.12.1/jquery-ui.min.js -> build/lib.linux-x86_64-3.10/matplotlib/backends/web_backend/jquery-ui-1.12.1\n      copying lib/matplotlib/mpl-data/fonts/ttf/STIXSizOneSymBol.ttf -> build/lib.linux-x86_64-3.10/matplotlib/mpl-data/fonts/ttf\n      copying lib/matplotlib/mpl-data/fonts/ttf/DejaVuSerif.ttf -> build/lib.linux-x86_64-3.10/matplotlib/mpl-data/fonts/ttf\n      copying lib/matplotlib/mpl-data/fonts/pdfcorefonts/readme.txt -> build/lib.linux-x86_64-3.10/matplotlib/mpl-data/fonts/pdfcorefonts\n      copying lib/matplotlib/mpl-data/fonts/afm/pncr8a.afm -> build/lib.linux-x86_64-3.10/matplotlib/mpl-data/fonts/afm\n      creating build/lib.linux-x86_64-3.10/matplotlib/mpl-data/sample_data\n      copying lib/matplotlib/mpl-data/sample_data/percent_bachelors_degrees_women_usa.csv -> build/lib.linux-x86_64-3.10/matplotlib/mpl-data/sample_data\n      copying lib/matplotlib/mpl-data/fonts/pdfcorefonts/Times-Bold.afm -> build/lib.linux-x86_64-3.10/matplotlib/mpl-data/fonts/pdfcorefonts\n      copying lib/matplotlib/backends/web_backend/jquery-ui-1.12.1/index.html -> build/lib.linux-x86_64-3.10/matplotlib/backends/web_backend/jquery-ui-1.12.1\n      copying lib/matplotlib/mpl-data/fonts/pdfcorefonts/Helvetica-Oblique.afm -> build/lib.linux-x86_64-3.10/matplotlib/mpl-data/fonts/pdfcorefonts\n      copying lib/matplotlib/mpl-data/fonts/afm/pcrro8a.afm -> build/lib.linux-x86_64-3.10/matplotlib/mpl-data/fonts/afm\n      creating build/lib.linux-x86_64-3.10/matplotlib/mpl-data/stylelib\n      copying lib/matplotlib/mpl-data/stylelib/seaborn-muted.mplstyle -> build/lib.linux-x86_64-3.10/matplotlib/mpl-data/stylelib\n      copying lib/matplotlib/mpl-data/fonts/pdfcorefonts/ZapfDingbats.afm -> build/lib.linux-x86_64-3.10/matplotlib/mpl-data/fonts/pdfcorefonts\n      copying lib/matplotlib/mpl-data/fonts/ttf/LICENSE_STIX -> build/lib.linux-x86_64-3.10/matplotlib/mpl-data/fonts/ttf\n      copying lib/matplotlib/mpl-data/images/matplotlib.svg -> build/lib.linux-x86_64-3.10/matplotlib/mpl-data/images\n      copying lib/matplotlib/mpl-data/images/qt4_editor_options.pdf -> build/lib.linux-x86_64-3.10/matplotlib/mpl-data/images\n      copying lib/matplotlib/mpl-data/stylelib/_classic_test_patch.mplstyle -> build/lib.linux-x86_64-3.10/matplotlib/mpl-data/stylelib\n      creating build/lib.linux-x86_64-3.10/matplotlib/backends/web_backend/jquery-ui-1.12.1/images\n      copying lib/matplotlib/backends/web_backend/jquery-ui-1.12.1/images/ui-icons_777620_256x240.png -> build/lib.linux-x86_64-3.10/matplotlib/backends/web_backend/jquery-ui-1.12.1/images\n      copying lib/matplotlib/mpl-data/fonts/ttf/STIXGeneralItalic.ttf -> build/lib.linux-x86_64-3.10/matplotlib/mpl-data/fonts/ttf\n      copying lib/matplotlib/backends/web_backend/jquery-ui-1.12.1/AUTHORS.txt -> build/lib.linux-x86_64-3.10/matplotlib/backends/web_backend/jquery-ui-1.12.1\n      copying lib/matplotlib/mpl-data/images/back.pdf -> build/lib.linux-x86_64-3.10/matplotlib/mpl-data/images\n      copying lib/matplotlib/mpl-data/fonts/ttf/STIXSizThreeSymReg.ttf -> build/lib.linux-x86_64-3.10/matplotlib/mpl-data/fonts/ttf\n      copying lib/matplotlib/backends/web_backend/all_figures.html -> build/lib.linux-x86_64-3.10/matplotlib/backends/web_backend\n      copying lib/matplotlib/mpl-data/images/move.pdf -> build/lib.linux-x86_64-3.10/matplotlib/mpl-data/images\n      copying lib/matplotlib/mpl-data/images/hand.gif -> build/lib.linux-x86_64-3.10/matplotlib/mpl-data/images\n      copying lib/matplotlib/backends/web_backend/jquery-ui-1.12.1/images/ui-icons_777777_256x240.png -> build/lib.linux-x86_64-3.10/matplotlib/backends/web_backend/jquery-ui-1.12.1/images\n      copying lib/matplotlib/mpl-data/sample_data/embedding_in_wx3.xrc -> build/lib.linux-x86_64-3.10/matplotlib/mpl-data/sample_data\n      copying lib/matplotlib/mpl-data/stylelib/seaborn-pastel.mplstyle -> build/lib.linux-x86_64-3.10/matplotlib/mpl-data/stylelib\n      copying lib/matplotlib/mpl-data/sample_data/topobathy.npz -> build/lib.linux-x86_64-3.10/matplotlib/mpl-data/sample_data\n      copying lib/matplotlib/mpl-data/images/subplots.png -> build/lib.linux-x86_64-3.10/matplotlib/mpl-data/images\n      copying lib/matplotlib/mpl-data/fonts/afm/cmmi10.afm -> build/lib.linux-x86_64-3.10/matplotlib/mpl-data/fonts/afm\n      copying lib/matplotlib/mpl-data/fonts/afm/cmtt10.afm -> build/lib.linux-x86_64-3.10/matplotlib/mpl-data/fonts/afm\n      copying lib/matplotlib/mpl-data/fonts/afm/pbkdi8a.afm -> build/lib.linux-x86_64-3.10/matplotlib/mpl-data/fonts/afm\n      copying lib/matplotlib/mpl-data/fonts/afm/putr8a.afm -> build/lib.linux-x86_64-3.10/matplotlib/mpl-data/fonts/afm\n      copying lib/matplotlib/mpl-data/images/subplots_large.png -> build/lib.linux-x86_64-3.10/matplotlib/mpl-data/images\n      copying lib/matplotlib/backends/web_backend/jquery-ui-1.12.1/jquery-ui.js -> build/lib.linux-x86_64-3.10/matplotlib/backends/web_backend/jquery-ui-1.12.1\n      copying lib/matplotlib/mpl-data/fonts/ttf/DejaVuSansMono.ttf -> build/lib.linux-x86_64-3.10/matplotlib/mpl-data/fonts/ttf\n      copying lib/matplotlib/mpl-data/fonts/ttf/cmsy10.ttf -> build/lib.linux-x86_64-3.10/matplotlib/mpl-data/fonts/ttf\n      copying lib/matplotlib/mpl-data/stylelib/seaborn-ticks.mplstyle -> build/lib.linux-x86_64-3.10/matplotlib/mpl-data/stylelib\n      copying lib/matplotlib/mpl-data/fonts/afm/phvl8a.afm -> build/lib.linux-x86_64-3.10/matplotlib/mpl-data/fonts/afm\n      copying lib/matplotlib/mpl-data/images/back.png -> build/lib.linux-x86_64-3.10/matplotlib/mpl-data/images\n      creating build/lib.linux-x86_64-3.10/matplotlib/backends/web_backend/js\n      copying lib/matplotlib/backends/web_backend/js/mpl.js -> build/lib.linux-x86_64-3.10/mat\u001b[0m\u001b[91mplotlib/backends/web_backend/js\n      copying lib/matplotlib/mpl-data/images/matplotlib.png -> build/lib.linux-x86_64-3.10/matplotlib/mpl-data/images\n      copying lib/matplotlib/mpl-data/sample_data/jacksboro_fault_dem.npz -> build/lib.linux-x86_64-3.10/matplotlib/mpl-data/sample_data\n      creating build/lib.linux-x86_64-3.10/matplotlib/backends/web_backend/jquery-ui-1.12.1/external\n      creating build/lib.linux-x86_64-3.10/matplotlib/backends/web_backend/jquery-ui-1.12.1/external/jquery\n      copying lib/matplotlib/backends/web_backend/jquery-ui-1.12.1/external/jquery/jquery.js -> build/lib.linux-x86_64-3.10/matplotlib/backends/web_backend/jquery-ui-1.12.1/external/jquery\n      copying lib/matplotlib/mpl-data/images/matplotlib_large.png -> build/lib.linux-x86_64-3.10/matplotlib/mpl-data/images\n      copying lib/matplotlib/mpl-data/fonts/pdfcorefonts/Helvetica.afm -> build/lib.linux-x86_64-3.10/matplotlib/mpl-data/fonts/pdfcorefonts\n      copying lib/matplotlib/mpl-data/fonts/afm/phvb8an.afm -> build/lib.linux-x86_64-3.10/matplotlib/mpl-data/fonts/afm\n      copying lib/matplotlib/mpl-data/fonts/pdfcorefonts/Times-BoldItalic.afm -> build/lib.linux-x86_64-3.10/matplotlib/mpl-data/fonts/pdfcorefonts\n      copying lib/matplotlib/mpl-data/fonts/afm/pcrb8a.afm -> build/lib.linux-x86_64-3.10/matplotlib/mpl-data/fonts/afm\n      copying lib/matplotlib/mpl-data/fonts/ttf/DejaVuSansDisplay.ttf -> build/lib.linux-x86_64-3.10/matplotlib/mpl-data/fonts/ttf\n      copying lib/matplotlib/mpl-data/fonts/afm/phvro8an.afm -> build/lib.linux-x86_64-3.10/matplotlib/mpl-data/fonts/afm\n      copying lib/matplotlib/mpl-data/sample_data/demodata.csv -> build/lib.linux-x86_64-3.10/matplotlib/mpl-data/sample_data\n      copying lib/matplotlib/mpl-data/fonts/afm/pncb8a.afm -> build/lib.linux-x86_64-3.10/matplotlib/mpl-data/fonts/afm\n      copying lib/matplotlib/mpl-data/sample_data/grace_hopper.png -> build/lib.linux-x86_64-3.10/matplotlib/mpl-data/sample_data\n      copying lib/matplotlib/mpl-data/fonts/afm/putri8a.afm -> build/lib.linux-x86_64-3.10/matplotlib/mpl-data/fonts/afm\n      copying lib/matplotlib/mpl-data/sample_data/None_vs_nearest-pdf.png -> build/lib.linux-x86_64-3.10/matplotlib/mpl-data/sample_data\n      copying lib/matplotlib/mpl-data/fonts/afm/ptmb8a.afm -> build/lib.linux-x86_64-3.10/matplotlib/mpl-data/fonts/afm\n      copying lib/matplotlib/mpl-data/images/filesave.pdf -> build/lib.linux-x86_64-3.10/matplotlib/mpl-data/images\n      copying lib/matplotlib/mpl-data/images/help.pdf -> build/lib.linux-x86_64-3.10/matplotlib/mpl-data/images\n      copying lib/matplotlib/mpl-data/sample_data/Minduka_Present_Blue_Pack.png -> build/lib.linux-x86_64-3.10/matplotlib/mpl-data/sample_data\n      copying lib/matplotlib/mpl-data/stylelib/seaborn-colorblind.mplstyle -> build/lib.linux-x86_64-3.10/matplotlib/mpl-data/stylelib\n      copying lib/matplotlib/mpl-data/stylelib/seaborn-dark-palette.mplstyle -> build/lib.linux-x86_64-3.10/matplotlib/mpl-data/stylelib\n      copying lib/matplotlib/backends/web_backend/jquery-ui-1.12.1/package.json -> build/lib.linux-x86_64-3.10/matplotlib/backends/web_backend/jquery-ui-1.12.1\n      copying lib/matplotlib/mpl-data/images/help.svg -> build/lib.linux-x86_64-3.10/matplotlib/mpl-data/images\n      copying lib/matplotlib/backends/web_backend/jquery-ui-1.12.1/jquery-ui.structure.css -> build/lib.linux-x86_64-3.10/matplotlib/backends/web_backend/jquery-ui-1.12.1\n      copying lib/matplotlib/backends/web_backend/jquery-ui-1.12.1/jquery-ui.structure.min.css -> build/lib.linux-x86_64-3.10/matplotlib/backends/web_backend/jquery-ui-1.12.1\n      copying lib/matplotlib/mpl-data/images/forward.pdf -> build/lib.linux-x86_64-3.10/matplotlib/mpl-data/images\n      creating build/lib.linux-x86_64-3.10/matplotlib/mpl-data/sample_data/axes_grid\n      copying lib/matplotlib/mpl-data/sample_data/axes_grid/bivariate_normal.npy -> build/lib.linux-x86_64-3.10/matplotlib/mpl-data/sample_data/axes_grid\n      copying lib/matplotlib/mpl-data/images/hand_large.gif -> build/lib.linux-x86_64-3.10/matplotlib/mpl-data/images\n      copying lib/matplotlib/mpl-data/images/qt4_editor_options_large.png -> build/lib.linux-x86_64-3.10/matplotlib/mpl-data/images\n      copying lib/matplotlib/mpl-data/fonts/afm/pplri8a.afm -> build/lib.linux-x86_64-3.10/matplotlib/mpl-data/fonts/afm\n      copying lib/matplotlib/mpl-data/sample_data/goog.npz -> build/lib.linux-x86_64-3.10/matplotlib/mpl-data/sample_data\n      copying lib/matplotlib/mpl-data/images/home.pdf -> build/lib.linux-x86_64-3.10/matplotlib/mpl-data/images\n      copying lib/matplotlib/mpl-data/images/forward_large.png -> build/lib.linux-x86_64-3.10/matplotlib/mpl-data/images\n      copying lib/matplotlib/mpl-data/images/subplots_large.gif -> build/lib.linux-x86_64-3.10/matplotlib/mpl-data/images\n      copying lib/matplotlib/backends/web_backend/jquery-ui-1.12.1/LICENSE.txt -> build/lib.linux-x86_64-3.10/matplotlib/backends/web_backend/jquery-ui-1.12.1\n      copying lib/matplotlib/mpl-data/fonts/afm/phvb8a.afm -> build/lib.linux-x86_64-3.10/matplotlib/mpl-data/fonts/afm\n      copying lib/matplotlib/mpl-data/fonts/afm/pzdr.afm -> build/lib.linux-x86_64-3.10/matplotlib/mpl-data/fonts/afm\n      copying lib/matplotlib/mpl-data/images/zoom_to_rect_large.gif -> build/lib.linux-x86_64-3.10/matplotlib/mpl-data/images\n      copying lib/matplotlib/mpl-data/fonts/pdfcorefonts/Courier-Bold.afm -> build/lib.linux-x86_64-3.10/matplotlib/mpl-data/fonts/pdfcorefonts\n      copying lib/matplotlib/mpl-data/fonts/ttf/DejaVuSans-Oblique.ttf -> build/lib.linux-x86_64-3.10/matplotlib/mpl-data/fonts/ttf\n      copying lib/matplotlib/mpl-data/images/forward.gif -> build/lib.linux-x86_64-3.10/matplotlib/mpl-data/images\n      copying lib/matplotlib/mpl-data/fonts/pdfcorefonts/Courier-BoldOblique.afm -> build/lib.linux-x86_64-3.10/matplotlib/mpl-data/fonts/pdfcorefonts\n      copying lib/matplotlib/mpl-data/fonts/afm/putb8a.afm -> build/lib.linux-x86_64-3.10/matplotlib/mpl-data/fonts/afm\n      copying lib/matplotlib/mpl-data/fonts/afm/pncri8a.afm -> build/lib.linux-x86_64-3.10/matplotlib/mpl-data/fonts/afm\n      copying lib/matplotlib/mpl-data/fonts/ttf/DejaVuSerif-Bold.ttf -> build/lib.linux-x86_64-3.10/matplotlib/mpl-data/fonts/ttf\n      copying lib/matplotlib/mpl-data/fonts/ttf/DejaVuSans-BoldOblique.ttf -> build/lib.linux-x86_64-3.10/matplotlib/mpl-data/fonts/ttf\n      copying lib/matplotlib/mpl-data/fonts/afm/pplb8a.afm -> build/lib.linux-x86_64-3.10/matplotlib/mpl-data/fonts/afm\n      copying lib/matplotlib/mpl-data/images/back.svg -> build/lib.linux-x86_64-3.10/matplotlib/mpl-data/images\n      copying lib/matplotlib/backends/web_backend/jquery-ui-1.12.1/images/ui-icons_ffffff_256x240.png -> build/lib.linux-x86_64-3.10/matplotlib/backends/web_backend/jquery-ui-1.12.1/images\n      copying lib/matplotlib/mpl-data/images/back.gif -> build/lib.linux-x86_64-3.10/matplotlib/mpl-data/images\n      copying lib/matplotlib/backends/web_backend/js/mpl_tornado.js -> build/lib.linux-x86_64-3.10/matplotlib/backends/web_backend/js\n      copying lib/matplotlib/mpl-data/stylelib/seaborn.mplstyle -> build/lib.linux-x86_64-3.10/matplotlib/mpl-data/stylelib\n      copying lib/matplotlib/mpl-data/fonts/afm/ptmr8a.afm -> build/lib.linux-x86_64-3.10/matplotlib/mpl-data/fonts/afm\n      copying lib/matplotlib/mpl-data/fonts/ttf/cmss10.ttf -> build/lib.linux-x86_64-3.10/matplotlib/mpl-data/fonts/ttf\n      copying lib/matplotlib/mpl-data/images/home.png -> build/lib.linux-x86_64-3.10/matplotlib/mpl-data/images\n      copying lib/matplotlib/mpl-data/stylelib/seaborn-deep.mplstyle -> build/lib.linux-x86_64-3.10/matplotlib/mpl-data/stylelib\n      copying lib/matplotlib/backends/web_backend/jquery-ui-1.12.1/jquery-ui.min.css -> build/lib.linux-x86_64-3.10/matplotlib/backends/web_backend/jquery-ui-1.12.1\n      copying lib/matplotlib/mpl-data/sample_data/ada.png -> build/lib.linux-x86_64-3.10/matplotlib/mpl-data/sample_data\n      copying lib/matplotlib/mpl-data/fonts/ttf/STIXSizFourSymReg.ttf -> build/lib.linux-x86_64-3.10/matplotlib/mpl-data/fonts/ttf\n      copying lib/matplotlib/mpl-data/fonts/ttf/DejaVuSansMono-Bold.ttf -> build/lib.linux-x86_64-3.10/matplotlib/mpl-data/fonts/ttf\n      copying lib/matplotlib/mpl-data/fonts/afm/pzcmi8a.afm -> build/lib.linux-x86_64-3.10/matplotlib/mpl-data/fonts/afm\n      copying lib/matplotlib/mpl-data/fonts/afm/pagk8a.afm -> build/lib.linux-x86_64-3.10/matplotlib/mpl-data/fonts/afm\n      copying lib/matplotlib/backends/web_backend/jquery-ui-1.12.1/jquery-ui.theme.css -> build/lib.linux-x86_64-3.10/matplotlib/backends/web_backend/jquery-ui-1.12.1\n      copying lib/matplotlib/mpl-data/fonts/ttf/DejaVuSansMono-Oblique.ttf -> build/lib.linux-x86_64-3.10/matplotlib/mpl-data/fonts/ttf\n      copying lib/matplotlib/mpl-data/fonts/afm/phvlo8a.afm -> build/lib.linux-x86_64-3.10/matplotlib/mpl-data/fonts/afm\n      copying lib/matplotlib/mpl-data/images/home.gif -> build/lib.linux-x86_64-3.10/matplotlib/mpl-data/images\n      copying lib/matplotlib/mpl-data/images/matplotlib.pdf -> build/lib.linux-x86_64-3.10/matplotlib/mpl-data/images\n      copying lib/matplotlib/mpl-data/images/filesave.svg -> build/lib.linux-x86_64-3.10/matplotlib/mpl-data/images\n      copying lib/matplotlib/mpl-data/fonts/afm/pagd8a.afm -> build/lib.linux-x86_64-3.10/matplotlib/mpl-data/fonts/afm\n      copying lib/matplotlib/mpl-data/stylelib/seaborn-paper.mplstyle -> build/lib.linux-x86_64-3.10/matplotlib/mpl-data/stylelib\n      copying lib/matplotlib/mpl-data/fonts/ttf/STIXGeneral.ttf -> build/lib.linux-x86_64-3.10/matplotlib/mpl-data/fonts/ttf\n      copying lib/matplotlib/backends/web_backend/js/nbagg_mpl.js -> build/lib.linux-x86_64-3.10/matplotlib/backends/web_backend/js\n      copying lib/matplotlib/mpl-data/fonts/afm/cmr10.afm -> build/lib.linux-x86_64-3.10/matplotlib/mpl-data/fonts/afm\n      copying lib/matplotlib/mpl-data/fonts/afm/pcrbo8a.afm -> build/lib.linux-x86_64-3.10/matplotlib/mpl-data/fonts/afm\n      copying lib/matplotlib/mpl-data/images/zoom_to_rect.svg -> build/lib.linux-x86_64-3.10/matplotlib/mpl-data/images\n      copying lib/matplotlib/mpl-data/stylelib/seaborn-talk.mplstyle -> build/lib.linux-x86_64-3.10/matplotlib/mpl-data/stylelib\n      copying lib/matplotlib/mpl-data/stylelib/seaborn-whitegrid.mplstyle -> build/lib.linux-x86_64-3.10/matplotlib/mpl-data/stylelib\n      copying lib/matplotlib/mpl-data/fonts/pdfcorefonts/Helvetica-Bold.afm -> build/lib.linux-x86_64-3.10/matplotlib/mpl-data/fonts/pdfcorefonts\n      copying lib/matplotlib/backends/web_backend/jquery-ui-1.12.1/images/ui-icons_444444_256x240.png -> build/lib.linux-x86_64-3.10/matplotlib/backends/web_backend/jquery-ui-1.12.1/images\n      copying lib/matplotlib/mpl-data/fonts/ttf/STIXSizFourSymBol.ttf -> build/lib.linux-x86_64-3.10/matplotlib/mpl-data/fonts/ttf\n      copying lib/matplotlib/mpl-data/fonts/pdfcorefonts/Courier-Oblique.afm -> build/lib.linux-x86_64-3.10/matplotlib/mpl-data/fonts/pdfcorefonts\n      copying lib/matplotlib/mpl-data/fonts/afm/ptmbi8a.afm -> build/lib.linux-x86_64-3.10/matplotlib/mpl-data/fonts/afm\n      copying lib/matplotlib/backends/web_backend/jquery-ui-1.12.1/images/ui-icons_555555_256x240.png -> build/lib.linux-x86_64-3.10/matplotlib/backends/web_backend/jquery-ui-1.12.1/images\n      copying lib/matplotlib/mpl-data/sample_data/eeg.dat -> build/lib.linux-x86_64-3.10/matplotlib/mpl-data/sample_data\n      copying lib/matplotlib/mpl-data/images/home.svg -> build/lib.linux-x86_64-3.10/matplotlib/mpl-data/images\n      copying lib/matplotlib/mpl-data/fonts/afm/putbi8a.afm -> build/lib.linux-x86_64-3.10/matplotlib/mpl-data/fonts/afm\n      copying lib/matplotlib/mpl-data/images/home_large.gif -> build/lib.linux-x86_64-3.10/matplotlib/mpl-data/images\n      copying lib/matplotlib/mpl-data/fonts/ttf/DejaVuSerifDisplay.ttf -> build/lib.linux-x86_64-3.10/matplotlib/mpl-data/fonts/ttf\n      copying lib/matplotlib/mpl-data/images/zoom_to_rect_large.png -> build/lib.linux-x86_64-3.10/matplotlib/mpl-data/images\n      copying lib/matplotlib/mpl-data/fonts/afm/pplr8a.afm -> build/lib.linux-x86_64-3.10/matplotlib/mpl-data/fonts/afm\n      copying lib/matplotlib/mpl-data/stylelib/seaborn-darkgrid.mplstyle -> build/lib.linux-x86_64-3.10/matplotlib/mpl-data/stylelib\n      copying lib/matplotlib/mpl-data/fonts/afm/pbkl8a.afm -> build/lib.linux-x86_64-3.10/matplotlib/mpl-data/fonts/afm\n      copying lib/matplotlib/mpl-data/fonts/ttf/cmtt10.ttf -> build/lib.linux-x86_64-3.10/matplotlib/mpl-data/fonts/ttf\n      creating build/lib.linux-x86_64-3.10/matplotlib/backends/web_backend/css\n      copying lib/matplotlib/backends/web_backend/css/page.css -> build/lib.linux-x86_64-3.10/matplotlib/backends/web_backend/css\n      copying lib/matplotlib/mpl-data/fonts/ttf/STIXSizFiveSymReg.ttf -> build/lib.linux-x86_64-3.10/matplotlib/mpl-data/fonts/ttf\n      copying lib/matplotlib/mpl-data/stylelib/fivethirtyeight.mplstyle -> build/lib.linux-x86_64-3.10/matplotlib/mpl-data/stylelib\n      copying lib/matplotlib/mpl-data/fonts/ttf/DejaVuSans.ttf -> build/lib.linux-x86_64-3.10/matplotlib/mpl-data/fonts/ttf\n      copying lib/matplotlib/mpl-data/sample_data/logo2.png -> build/lib.linux-x86_64-3.10/matplotlib/mpl-data/sample_data\n      copying lib/matplotlib/mpl-data/images/filesave_large.gif -> build/lib.linux-x86_64-3.10/matplotlib/mpl-data/images\n      copying lib/matplotlib/mpl-data/fonts/afm/pagdo8a.afm -> build/lib.linux-x86_64-3.10/matplotlib/mpl-data/fonts/afm\n      copying lib/matplotlib/mpl-data/sample_data/ct.raw.gz -> build/lib.linux-x86_64-3.10/matplotlib/mpl-data/sample_data\n      copying lib/matplotlib/mpl-data/fonts/afm/pbkd8a.afm -> build/lib.linux-x86_64-3.10/matplotlib/mpl-data/fonts/afm\n      copying lib/matplotlib/mpl-data/fonts/ttf/STIXGeneralBolIta.ttf -> build/lib.linux-x86_64-3.10/matplotlib/mpl-data/fonts/ttf\n      copying lib/matplotlib/mpl-data/images/filesave_large.png -> build/lib.linux-x86_64-3.10/matplotlib/mpl-data/images\n      copying lib/matplotlib/mpl-data/fonts/afm/pncbi8a.afm -> build/lib.linux-x86_64-3.10/matplotlib/mpl-data/fonts/afm\n      copying lib/matplotlib/mpl-data/fonts/ttf/LICENSE_DEJAVU -> build/lib.linux-x86_64-3.10/matplotlib/mpl-data/fonts/ttf\n      copying lib/matplotlib/mpl-data/sample_data/membrane.dat -> build/lib.linux-x86_64-3.10/matplotlib/mpl-data/sample_data\n      copying lib/matplotlib/mpl-data/stylelib/grayscale.mplstyle -> build/lib.linux-x86_64-3.10/matplotlib/mpl-data/stylelib\n      copying lib/matplotlib/mpl-data/sample_data/grace_hopper.jpg -> build/lib.linux-x86_64-3.10/matplotlib/mpl-data/sample_data\n      copying lib/matplotlib/mpl-data/images/move.gif -> build/lib.linux-x86_64-3.10/matplotlib/mpl-data/images\n      copying lib/matplotlib/mpl-data/sample_data/aapl.npz -> build/lib.linux-x86_64-3.10/matplotlib/mpl-data/sample_data\n      copying lib/matplotlib/mpl-data/fonts/afm/pcrr8a.afm -> build/lib.linux-x86_64-3.10/matplotlib/mpl-data/fonts/afm\n      copying lib/matplotlib/mpl-data/fonts/afm/phvr8a.afm -> build/lib.linux-x86_64-3.10/matplotlib/mpl-data/fonts/afm\n      copying lib/matplotlib/mpl-data/fonts/ttf/STIXNonUni.ttf -> build/lib.linux-x86_64-3.10/matplotlib/mpl-data/fonts/ttf\n      copying lib/matplotlib/mpl-data/images/subplots.svg -> build/lib.linux-x86_64-3.10/matplotlib/mpl-data/images\n      copying lib/matplotlib/mpl-data/images/qt4_editor_options.svg -> build/lib.linux-x86_64-3.10/matplotlib/mpl-data/images\n      copying lib/matplotlib/mpl-data/fonts/ttf/cmr10.ttf -> build/lib.linux-x86_64-3.10/matplotlib/mpl-data/fonts/ttf\n      copying lib/matplotlib/mpl-data/images/qt4_editor_options.png -> build/lib.linux-x86_64-3.10/matplotlib/mpl-data/images\n      copying lib/matplotlib/backends/web_backend/single_figure.html -> build/lib.linux-x86_64-3.10/matplotlib/backends/web_backend\n      copying lib/matplotlib/mpl-data/fonts/afm/phvbo8a.afm -> build/lib.linux-x86_64-3.10/matplotlib/mpl-data/fonts/afm\n      copying lib/matplotlib/mpl-data/stylelib/seaborn-dark.mplstyle -> build/lib.linux-x86_64-3.10/matplotlib/mpl-data/stylelib\n      copying lib/matplotlib/mpl-data/fonts/ttf/DejaVuSans-Bold.ttf -> build/lib.linux-x86_64-3.10/matplotlib/mpl-data/fonts/ttf\n      copying lib/matplotlib/mpl-data/stylelib/seaborn-bright.mplstyle -> build/lib.linux-x86_64-3.10/matplotlib/mpl-data/stylelib\n      copying lib/matplotlib/mpl-data/images/home_large.png -> build/lib.linux-x86_64-3.10/matplotlib/mpl-data/images\n      copying lib/matplotlib/mpl-data/fonts/ttf/STIXSizTwoSymBol.ttf -> build/lib.linux-x86_64-3.10/matplotlib/mpl-data/fonts/ttf\n      copying lib/matplotlib/backends/web_backend/nbagg_uat.ipynb -> build/lib.linux-x86_64-3.10/matplotlib/backends/web_backend\n      copying lib/matplotlib/mpl-data/stylelib/dark_background.mplstyle -> build/lib.linux-x86_64-3.10/matplotlib/mpl-data/stylelib\n      copying lib/matplotlib/mpl-data/images/forward.svg -> build/lib.linux-x86_64-3.10/matplotlib/mpl-data/images\n      copying lib/matplotlib/mpl-data/stylelib/ggplot.mplstyle -> build/lib.linux-x86_64-3.10/matplotlib/mpl-data/stylelib\n      copying lib/matplotlib/mpl-data/images/hand.pdf -> build/lib.linux-x86_64-3.10/matplotlib/mpl-data/images\n      copying lib/matplotlib/mpl-data/sample_data/msft.csv -> build/lib.linux-x86_64-3.10/matplotlib/mpl-data/sample_data\n      copying lib/matplotlib/mpl-data/stylelib/Solarize_Light2.mplstyle -> build/lib.linux-x86_64-3.10/matplotlib/mpl-data/stylelib\n      copying lib/matplotlib/mpl-data/fonts/pdfcorefonts/Times-Italic.afm -> build/lib.linux-x86_64-3.10/matplotlib/mpl-data/fonts/pdfcorefonts\n      copying lib/matplotlib/mpl-data/fonts/ttf/STIXNonUniIta.ttf -> build/lib.linux-x86_64-3.10/matplotlib/mpl-data/fonts/ttf\n      copying lib/matplotlib/mpl-data/images/filesave.gif -> build/lib.linux-x86_64-3.10/matplotlib/mpl-data/images\n      copying lib/matplotlib/mpl-data/stylelib/seaborn-white.mplstyle -> build/lib.linux-x86_64-3.10/matplotlib/mpl-data/stylelib\n      copying lib/matplotlib/mpl-data/fonts/ttf/STIXSizThreeSymBol.ttf -> build/lib.linux-x86_64-3.10/matplotlib/mpl-data/fonts/ttf\n      copying lib/matplotlib/mpl-data/images/move_large.gif -> build/lib.linux-x86_64-3.10/matplotlib/mpl-data/images\n      copying lib/matplotlib/mpl-data/sample_data/s1045.ima.gz -> build/lib.linux-x86_64-3.10/matplotlib/mpl-data/sample_data\n      copying lib/matplotlib/mpl-data/fonts/afm/psyr.afm -> build/lib.linux-x86_64-3.10/matplotlib/mpl-data/fonts/afm\n      copying lib/matplotlib/mpl-data/stylelib/classic.mplstyle -> build/lib.linux-x86_64-3.10/matplotlib/mpl-data/stylelib\n      copying lib/matplotlib/mpl-data/fonts/ttf/cmex10.ttf -> build/lib.linux-x86_64-3.10/matplotlib/mpl-data/fonts/ttf\n      copying lib/matplotlib/mpl-data/fonts/ttf/cmb10.ttf -> build/lib.linux-x86_64-3.10/matplotlib/mpl-data/fonts/ttf\n      copying lib/matplotlib/mpl-data/fonts/ttf/DejaVuSerif-BoldItalic.ttf -> build/lib.linux-x86_64-3.10/matplotlib/mpl-data/fonts/ttf\n      copying lib/matplotlib/mpl-data/images/move.svg -> build/lib.linux-x86_64-3.10/matplotlib/mpl-data/images\n      copying lib/matplotlib/mpl-data/fonts/afm/cmsy10.afm -> build/lib.linux-x86_64-3.10/matplotlib/mpl-data/fonts/afm\n      copying lib/matplotlib/mpl-data/fonts/afm/pbkli8a.afm -> build/lib.linux-x86_64-3.10/matplotlib/mpl-data/fonts/afm\n      copying lib/matplotlib/mpl-data/fonts/ttf/STIXSizOneSymReg.ttf -> build/lib.linux-x86_64-3.10/matplotlib/mpl-data/fonts/ttf\n      copying lib/matplotlib/mpl-data/images/move_large.png -> build/lib.linux-x86_64-3.10/matplotlib/mpl-data/images\n      copying lib/matplotlib/backends/web_backend/css/fbm.css -> build/lib.linux-x86_64-3.10/matplotlib/backends/web_backend/css\n      copying lib/matplotlib/backends/web_backend/jquery-ui-1.12.1/jquery-ui.theme.min.css -> build/lib.linux-x86_64-3.10/matplotlib/backends/web_backend/jquery-ui-1.12.1\n      copying lib/matplotlib/mpl-data/images/subplots.pdf -> build/lib.linux-x86_64-3.10/matplotlib/mpl-data/images\n      copying lib/matplotlib/mpl-data/stylelib/fast.mplstyle -> build/lib.linux-x86_64-3.10/matplotlib/mpl-data/stylelib\n      copying lib/matplotlib/mpl-data/stylelib/seaborn-poster.mplstyle -> build/lib.linux-x86_64-3.10/matplotlib/mpl-data/stylelib\n      copying lib/matplotlib/mpl-data/images/forward_large.gif -> build/lib.linux-x86_64-3.10/matplotlib/mpl-data/images\n      copying lib/matplotlib/mpl-data/images/back_large.gif -> build/lib.linux-x86_64-3.10/matplotlib/mpl-data/images\n      copying lib/matplotlib/mpl-data/images/help_large.ppm -> build/lib.linux-x86_64-3.10/matplotlib/mpl-data/images\n      copying lib/matplotlib/mpl-data/stylelib/tableau-colorblind10.mplstyle -> build/lib.linux-x86_64-3.10/matplotlib/mpl-data/stylelib\n      copying lib/matplotlib/mpl-data/fonts/afm/phvbo8an.afm -> build/lib.linux-x86_64-3.10/matplotlib/mpl-data/fonts/afm\n      copying lib/matplotlib/mpl-data/fonts/ttf/STIXGeneralBol.ttf -> build/lib.linux-x86_64-3.10/matplotlib/mpl-data/fonts/ttf\n      copying lib/matplotlib/backends/web_backend/css/boilerplate.css -> build/lib.linux-x86_64-3.10/matplotlib/backends/web_backend/css\n      copying lib/matplotlib/backends/web_backend/jquery-ui-1.12.1/jquery-ui.css -> build/lib.linux-x86_64-3.10/matplotlib/backends/web_backend/jquery-ui-1.12.1\n      copying lib/matplotlib/mpl-data/images/subplots.gif -> build/lib.linux-x86_64-3.10/matplotlib/mpl-data/images\n      copying lib/matplotlib/mpl-data/fonts/afm/phvr8an.afm -> build/lib.linux-x86_64-3.10/matplotlib/mpl-data/fonts/afm\n      copying lib/matplotlib/mpl-data/images/help_large.png -> build/lib.linux-x86_64-3.10/matplotlib/mpl-data/images\n      copying lib/matplotlib/mpl-data/sample_data/data_x_x2_x3.csv -> build/lib.linux-x86_64-3.10/matplotlib/mpl-data/sample_data\n      copying lib/matplotlib/mpl-data/sample_data/README.txt -> build/lib.linux-x86_64-3.10/matplotlib/mpl-data/sample_data\n      copying lib/matplotlib/mpl-data/images/hand.svg -> build/lib.linux-x86_64-3.10/matplotlib/mpl-data/images\n      copying lib/matplotlib/mpl-data/images/matplotlib_128.ppm -> build/lib.linux-x86_64-3.10/matplotlib/mpl-data/images\n      copying lib/matplotlib/mpl-data/images/zoom_to_rect.pdf -> build/lib.linux-x86_64-3.10/matplotlib/mpl-data/images\n      copying lib/matplotlib/mpl-data/fonts/afm/phvro8a.afm -> build/lib.linux-x86_64-3.10/matplotlib/mpl-data/fonts/afm\n      copying lib/matplotlib/backends/web_backend/jquery-ui-1.12.1/images/ui-icons_cc0000_256x240.png -> build/lib.linux-x86_64-3.10/matplotlib/backends/web_backend/jquery-ui-1.12.1/images\n      copying lib/matplotlib/mpl-data/fonts/ttf/cmmi10.ttf -> build/lib.linux-x86_64-3.10/matplotlib/mpl-data/fonts/ttf\n      copying lib/matplotlib/mpl-data/images/help.png -> build/lib.linux-x86_64-3.10/matplotlib/mpl-data/images\n      copying lib/matplotlib/mpl-data/fonts/pdfcorefonts/Courier.afm -> build/lib.linux-x86_64-3.10/matplotlib/mpl-data/fonts/pdfcorefonts\n      copying lib/matplotlib/mpl-data/images/forward.png -> build/lib.linux-x86_64-3.10/matplotlib/mpl-data/images\n      copying lib/matplotlib/mpl-data/fonts/afm/pagko8a.afm -> build/lib.linux-x86_64-3.10/matplotlib/mpl-data/fonts/afm\n      copying lib/matplotlib/mpl-data/fonts/ttf/STIXSizTwoSymReg.ttf -> build/lib.linux-x86_64-3.10/matplotlib/mpl-data/fonts/ttf\n      copying lib/matplotlib/mpl-data/fonts/pdfcorefonts/Times-Roman.afm -> build/lib.linux-x86_64-3.10/matplotlib/mpl-data/fonts/pdfcorefonts\n      copying lib/matplotlib/mpl-data/fonts/ttf/DejaVuSerif-Italic.ttf -> build/lib.linux-x86_64-3.10/matplotlib/mpl-data/fonts/ttf\n      copying lib/matplotlib/mpl-data/fonts/ttf/STIXNonUniBol.ttf -> build/lib.linux-x86_64-3.10/matplotlib/mpl-data/fonts/ttf\n      copying lib/matplotlib/mpl-data/images/back_large.png -> build/lib.linux-x86_64-3.10/matplotlib/mpl-data/images\n      copying lib/matplotlib/mpl-data/images/hand.png -> build/lib.linux-x86_64-3.10/matplotlib/mpl-data/images\n      copying lib/matplotlib/mpl-data/images/zoom_to_rect.png -> build/lib.linux-x86_64-3.10/matplotlib/mpl-data/images\n      copying lib/matplotlib/mpl-data/stylelib/seaborn-notebook.mplstyle -> build/lib.linux-x86_64-3.10/matplotlib/mpl-data/stylelib\n      copying lib/matplotlib/backends/web_backend/ipython_inline_figure.html -> build/lib.linux-x86_64-3.10/matplotlib/backends/web_backend\n      copying lib/matplotlib/mpl-data/images/move.png -> build/lib.linux-x86_64-3.10/matplotlib/mpl-data/images\n      copying lib/matplotlib/mpl-data/fonts/afm/pplbi8a.afm -> build/lib.linux-x86_64-3.10/matplotlib/mpl-data/fonts/afm\n      copying lib/matplotlib/mpl-data/fonts/ttf/DejaVuSansMono-BoldOblique.ttf -> build/lib.linux-x86_64-3.10/matplotlib/mpl-data/fonts/ttf\n      copying lib/matplotlib/mpl-data/fonts/pdfcorefonts/Helvetica-BoldOblique.afm -> build/lib.linux-x86_64-3.10/matplotlib/mpl-data/fonts/pdfcorefonts\n      copying lib/matplotlib/mpl-data/stylelib/bmh.mplstyle -> build/lib.linux-x86_64-3.10/matplotlib/mpl-data/stylelib\n      copying lib/matplotlib/mpl-data/matplotlibrc -> build/lib.linux-x86_64-3.10/matplotlib/mpl-data\n      UPDATING build/lib.linux-x86_64-3.10/matplotlib/_version.py\n      set build/lib.linux-x86_64-3.10/matplotlib/_version.py to '3.2.0'\n      running build_ext\n      IMPORTANT WARNING:\n          pkg-config is not installed.\n          Matplotlib may not be able to find some of its dependencies.\n      building 'matplotlib.ft2font' extension\n      creating build/temp.linux-x86_64-3.10\n      creating build/temp.linux-x86_64-3.10/src\n      x86_64-linux-gnu-gcc -Wno-unused-result -Wsign-compare -DNDEBUG -g -fwrapv -O2 -Wall -g -fstack-protector-strong -Wformat -Werror=format-security -g -fwrapv -O2 -g -fstack-protector-strong -Wformat -Werror=format-security -Wdate-time -D_FORTIFY_SOURCE=2 -fPIC -DFREETYPE_BUILD_TYPE=system -DPY_ARRAY_UNIQUE_SYMBOL=MPL_matplotlib_ft2font_ARRAY_API -DNPY_NO_DEPRECATED_API=NPY_1_7_API_VERSION -D__STDC_FORMAT_MACROS=1 -Iextern/agg24-svn/include -I/usr/local/lib/python3.10/dist-packages/numpy/core/include -I/usr/include/python3.10 -c src/checkdep_freetype2.c -o build/temp.linux-x86_64-3.10/src/checkdep_freetype2.o\n      src/checkdep_freetype2.c:3:6: error: #error \"FreeType version 2.3 or higher is required. You may set the MPLLOCALFREETYPE environment variable to 1 to let Matplotlib download it.\"\n          3 |     #error \"FreeType version 2.3 or higher is required. \\\n            |      ^~~~~\n      src/checkdep_freetype2.c:10:10: error: #include expects \"FILENAME\" or <FILENAME>\n         10 | #include FT_FREETYPE_H\n            |          ^~~~~~~~~~~~~\n      src/checkdep_freetype2.c:15:9: note: #pragma message: Compiling with FreeType version FREETYPE_MAJOR.FREETYPE_MINOR.FREETYPE_PATCH.\n         15 | #pragma message(\"Compiling with FreeType version \" \\\n            |         ^~~~~~~\n      src/checkdep_freetype2.c:18:4: error: #error \"FreeType version 2.3 or higher is required. You may set the MPLLOCALFREETYPE environment variable to 1 to let Matplotlib download it.\"\n         18 |   #error \"FreeType version 2.3 or higher is required. \\\n            |    ^~~~~\n      error: command '/usr/bin/x86_64-linux-gnu-gcc' failed with exit code 1\n      [end of output]\n  \n  note: This error originates from a subprocess, and is likely not a problem with pip.\n  ERROR: Failed building wheel for matplotlib\n\u001b[0m  Running setup.py clean for matplotlib\n\u001b[91m  error: subprocess-exited-with-error\n  \n   python setup.py clean did not run successfully.\n   exit code: 1\n  > [6 lines of output]\n      Traceback (most recent call last):\n        File \"<string>\", line 2, in <module>\n        File \"<pip-setuptools-caller>\", line 34, in <module>\n        File \"/tmp/pip-install-gbolz_bp/matplotlib_2e6896f541054d4aa4de17aefacb156b/setup.py\", line 247, in <module>\n          long_description=long_description,\n      NameError: name 'long_description' is not defined\n      [end of output]\n  \n  note: This error originates from a subprocess, and is likely not a problem with pip.\n\u001b[0m\u001b[91m  ERROR: Failed cleaning build dir for matplotlib\n\u001b[0mFailed to build matplotlib\nInstalling collected packages: six, pyparsing, kiwisolver, cycler, python-dateutil, matplotlib\n  Running setup.py install for matplotlib: started\n  Running setup.py install for matplotlib: finished with status 'error'\n\u001b[91m  error: subprocess-exited-with-error\n  \n   Running setup.py install for matplotlib did not run successfully.\n   exit code: 1\n  > [40 lines of output]\n      \n      Edit setup.cfg to change the build options; suppress output with --quiet.\n      \n      BUILDING MATPLOTLIB\n        matplotlib: yes [3.2.0]\n            python: yes [3.10.6 (main, Nov 14 2022, 16:10:14) [GCC 11.3.0]]\n          platform: yes [linux]\n       sample_data: yes [installing]\n             tests: no  [skipping due to configuration]\n               agg: yes [installing]\n             tkagg: yes [installing; run-time loading from Python Tcl/Tk]\n            macosx: no  [Mac OS-X only]\n      \n      running install\n      /usr/lib/python3/dist-packages/setuptools/command/install.py:34: SetuptoolsDeprecationWarning: setup.py install is deprecated. Use build and pip and other standards-based tools.\n        warnings.warn(\n      running build\n      running build_py\n      copying lib/matplotlib/mpl-data/matplotlibrc -> build/lib.linux-x86_64-3.10/matplotlib/mpl-data\n      UPDATING build/lib.linux-x86_64-3.10/matplotlib/_version.py\n      set build/lib.linux-x86_64-3.10/matplotlib/_version.py to '3.2.0'\n      running build_ext\n      IMPORTANT WARNING:\n          pkg-config is not installed.\n          Matplotlib may not be able to find some of its dependencies.\n      building 'matplotlib.ft2font' extension\n      x86_64-linux-gnu-gcc -Wno-unused-result -Wsign-compare -DNDEBUG -g -fwrapv -O2 -Wall -g -fstack-protector-strong -Wformat -Werror=format-security -g -fwrapv -O2 -g -fstack-protector-strong -Wformat -Werror=format-security -Wdate-time -D_FORTIFY_SOURCE=2 -fPIC -DFREETYPE_BUILD_TYPE=system -DPY_ARRAY_UNIQUE_SYMBOL=MPL_matplotlib_ft2font_ARRAY_API -DNPY_NO_DEPRECATED_API=NPY_1_7_API_VERSION -D__STDC_FORMAT_MACROS=1 -Iextern/agg24-svn/include -I/usr/local/lib/python3.10/dist-packages/numpy/core/include -I/usr/include/python3.10 -c src/checkdep_freetype2.c -o build/temp.linux-x86_64-3.10/src/checkdep_freetype2.o\n      src/checkdep_freetype2.c:3:6: error: #error \"FreeType version 2.3 or higher is required. You may set the MPLLOCALFREETYPE environment variable to 1 to let Matplotlib download it.\"\n          3 |     #error \"FreeType version 2.3 or higher is required. \\\n            |      ^~~~~\n      src/checkdep_freetype2.c:10:10: error: #include expects \"FILENAME\" or <FILENAME>\n         10 | #include FT_FREETYPE_H\n            |          ^~~~~~~~~~~~~\n      src/checkdep_freetype2.c:15:9: note: #pragma message: Compiling with FreeType version FREETYPE_MAJOR.FREETYPE_MINOR.FREETYPE_PATCH.\n         15 | #pragma message(\"Compiling with FreeType version \" \\\n            |         ^~~~~~~\n      src/checkdep_freetype2.c:18:4: error: #error \"FreeType version 2.3 or higher is required. You may set the MPLLOCALFREETYPE environment variable to 1 to let Matplotlib download it.\"\n         18 |   #error \"FreeType version 2.3 or higher is required. \\\n            |    ^~~~~\n      error: command '/usr/bin/x86_64-linux-gnu-gcc' failed with exit code 1\n      [end of output]\n  \n  note: This error originates from a subprocess, and is likely not a problem with pip.\n\u001b[0m\u001b[91merror: legacy-install-failure\n\n Encountered error while trying to install package.\n> matplotlib\n\nnote: This is an issue with the package mentioned above, not pip.\nhint: See above for output from the failure.\n\u001b[0mRemoving intermediate container 77b33bbaf773\n","stderr":"The command '/bin/sh -c pip3 install matplotlib==3.2' returned a non-zero code: 1\n"},"endTime":1672239823443}