{"repository":"https://github.com/igorzg/js_cms","dockerfilePath":"Dockerfile","startTime":1672084221807,"clone":{"stdout":"","stderr":"Cloning into '/tmp/dinghy-analysis/igorzg/js_cms'...\n","error":null,"commit":"9c4aed2c0e5a5b2d953ef899916ff63c36012c8a"},"originalBuild":{"startTimestamp":1672084222722,"endTimestamp":1672084273064,"error":{"code":1,"killed":false,"signal":null,"cmd":"docker build --no-cache --force-rm -t js_cms:latest -f /tmp/dinghy-analysis/igorzg/js_cms/Dockerfile ."},"stdout":"Sending build context to Docker daemon  766.5kB\r\r\nStep 1/6 : FROM node\nlatest: Pulling from library/node\n32de3c850997: Already exists\nfa1d4c8d85a4: Already exists\nc796299bbbdd: Already exists\n81283a9569ad: Already exists\n60b38700e7fb: Already exists\n9537c7a3988e: Pulling fs layer\ndfc2ed565c15: Pulling fs layer\nb65dd9eadf26: Pulling fs layer\nc46cc3bcdf59: Pulling fs layer\nc46cc3bcdf59: Waiting\n9537c7a3988e: Verifying Checksum\n9537c7a3988e: Download complete\nb65dd9eadf26: Verifying Checksum\nb65dd9eadf26: Download complete\n9537c7a3988e: Pull complete\nc46cc3bcdf59: Verifying Checksum\nc46cc3bcdf59: Download complete\ndfc2ed565c15: Verifying Checksum\ndfc2ed565c15: Download complete\ndfc2ed565c15: Pull complete\nb65dd9eadf26: Pull complete\nc46cc3bcdf59: Pull complete\nDigest: sha256:d5222e1ebd7dd7e9683f47a8861a4711cb4407a4830cbe04a582ca4986245700\nStatus: Downloaded newer image for node:latest\n ---> 548714e444f4\nStep 2/6 : WORKDIR /usr/src/app\n ---> Running in f85cdf5aafb6\nRemoving intermediate container f85cdf5aafb6\n ---> a1ab417ebb20\nStep 3/6 : COPY package.json .\n ---> 187005585907\nStep 4/6 : RUN npm install\n ---> Running in a75a260907db\n\u001b[91mnpm WARN deprecated source-map-url@0.4.1: See https://github.com/lydell/source-map-url#deprecated\n\u001b[0m\u001b[91mnpm WARN deprecated urix@0.1.0: Please see https://github.com/lydell/urix#deprecated\n\u001b[0m\u001b[91mnpm WARN deprecated resolve-url@0.2.1: https://github.com/lydell/resolve-url#deprecated\n\u001b[0m\u001b[91mnpm WARN deprecated source-map-resolve@0.5.3: See https://github.com/lydell/source-map-resolve#deprecated\n\u001b[0m\u001b[91mnpm WARN deprecated har-validator@5.1.5: this library is no longer supported\n\u001b[0m\u001b[91mnpm WARN deprecated kleur@2.0.2: Please upgrade to kleur@3 or migrate to 'ansi-colors' if you prefer the old syntax. Visit <https://github.com/lukeed/kleur/releases/tag/v3.0.0\\> for migration path(s).\n\u001b[0m\u001b[91mnpm WARN deprecated chokidar@2.1.8: Chokidar 2 does not receive security updates since 2019. Upgrade to chokidar 3 with 15x fewer dependencies\n\u001b[0m\u001b[91mnpm WARN deprecated uuid@3.4.0: Please upgrade  to version 7 or higher.  Older versions may use Math.random() in certain circumstances, which is known to be problematic.  See https://v8.dev/blog/math-random for details.\n\u001b[0m\u001b[91mnpm WARN deprecated request-promise-native@1.0.9: request-promise-native has been deprecated because it extends the now deprecated request package, see https://github.com/request/request/issues/3142\n\u001b[0m\u001b[91mnpm WARN deprecated w3c-hr-time@1.0.2: Use your platform's native performance.now() and performance.timeOrigin.\n\u001b[0m\u001b[91mnpm WARN deprecated left-pad@1.3.0: use String.prototype.padStart()\n\u001b[0m\u001b[91mnpm WARN deprecated sane@2.5.2: some dependency vulnerabilities fixed, support for node < 10 dropped, and newer ECMAScript syntax/features added\n\u001b[0m\u001b[91mnpm WARN deprecated request@2.88.2: request has been deprecated, see https://github.com/request/request/issues/3142\n\u001b[0m\u001b[91mnpm WARN deprecated @types/mongoose@5.11.97: Mongoose publishes its own types, so you do not need to install this package.\n\u001b[0m\u001b[91mnpm WARN deprecated tar@2.2.2: This version of tar is no longer supported, and will not receive security updates. Please upgrade asap.\n\u001b[0m\u001b[91mnpm WARN deprecated @typeix/rexxar@1.2.0: @typeix/rexxar is deprecated you should migrate to @typeix/resty\n\u001b[0m\u001b[91mnpm WARN deprecated core-js@2.6.12: core-js@<3.23.3 is no longer maintained and not recommended for usage due to the number of issues. Because of the V8 engine whims, feature detection in old core-js versions could cause a slowdown up to 100x even if nothing is polyfilled. Some versions have web compatibility issues. Please, upgrade your dependencies to the actual version of core-js.\n\u001b[0m\u001b[91mnpm ERR! code 1\n\u001b[0m\u001b[91mnpm ERR! path /usr/src/app/node_modules/node-sass\n\u001b[0m\u001b[91mnpm ERR! command failed\nnpm ERR! command sh -c node scripts/build.js\nnpm ERR! Building: /usr/local/bin/node /usr/src/app/node_modules/node-gyp/bin/node-gyp.js rebuild --verbose --libsass_ext= --libsass_cflags= --libsass_ldflags= --libsass_library=\n\u001b[0m\u001b[91mnpm ERR! gyp info it worked if it ends with ok\nnpm ERR! gyp verb cli [\nnpm ERR! gyp verb cli   '/usr/local/bin/node',\nnpm ERR! gyp verb cli   '/usr/src/app/node_modules/node-gyp/bin/node-gyp.js',\nnpm \u001b[0m\u001b[91mERR! gyp verb cli   'rebuild',\nnpm ERR!\u001b[0m\u001b[91m gyp verb cli   '--verbose',\nnpm \u001b[0m\u001b[91mERR! gyp verb cli   '--libsass_ext=',\nnpm ERR!\u001b[0m\u001b[91m gyp verb cli   '--libsass_cflags=',\n\u001b[0m\u001b[91mnpm ERR! gyp verb cli   '--libsass_ldflags=',\nnpm ERR!\u001b[0m\u001b[91m gyp verb cli   '--libsass_library='\nnpm \u001b[0m\u001b[91mERR! gyp verb cli ]\nnpm ERR!\u001b[0m\u001b[91m gyp info using node-gyp@3.8.0\n\u001b[0m\u001b[91mnpm \u001b[0m\u001b[91mERR! gyp info using node@19.3.0 | linux | x64\n\u001b[0m\u001b[91mnpm \u001b[0m\u001b[91mERR! gyp verb command rebuild []\n\u001b[0m\u001b[91mnpm \u001b[0m\u001b[91mERR!\u001b[0m\u001b[91m gyp verb command clean []\n\u001b[0m\u001b[91mnpm ERR! gyp verb clean removing \"build\" directory\n\u001b[0m\u001b[91mnpm \u001b[0m\u001b[91mERR!\u001b[0m\u001b[91m gyp verb command configure []\nnpm ERR! gyp verb check python checking for Python executable \"python2\" in the PATH\nnpm\u001b[0m\u001b[91m ERR! gyp verb `which` failed Error: not found: python2\nnpm ERR! gyp verb `which` failed     at getNotFoundError (/usr/src/app/node_modules/which/which.js:13:12)\nnpm ERR!\u001b[0m\u001b[91m gyp verb `which` failed     at F (/usr/src/app/node_modules/which/which.js:68:19)\nnpm ERR! gyp verb `which` failed     at E (/usr/src/app/node_modules/which/which.js:80:29)\nnpm\u001b[0m\u001b[91m ERR!\u001b[0m\u001b[91m gyp verb `which` failed     at /usr/src/app/node_modules/which/which.js:89:16\nnpm\u001b[0m\u001b[91m ERR! gyp verb `which` failed     at /usr/src/app/node_modules/isexe/index.js:42:5\n\u001b[0m\u001b[91mnpm \u001b[0m\u001b[91mERR!\u001b[0m\u001b[91m gyp verb `which` failed     at /usr/src/app/node_modules/isexe/mode.js:8:5\nnpm\u001b[0m\u001b[91m ERR!\u001b[0m\u001b[91m gyp verb `which` failed     at FSReqCallback.oncomplete (node:fs:190:21)\n\u001b[0m\u001b[91mnpm ERR! gyp verb `which` failed  python2 Error: not found: python2\nnpm\u001b[0m\u001b[91m ERR!\u001b[0m\u001b[91m gyp verb `which` failed     at getNotFoundError (/usr/src/app/node_modules/which/which.js:13:12)\n\u001b[0m\u001b[91mnpm ERR!\u001b[0m\u001b[91m gyp verb `which` failed     at F (/usr/src/app/node_modules/which/which.js:68:19)\nnpm\u001b[0m\u001b[91m ERR!\u001b[0m\u001b[91m gyp verb `which` failed     at E (/usr/src/app/node_modules/which/which.js:80:29)\n\u001b[0m\u001b[91mnpm ERR!\u001b[0m\u001b[91m gyp verb `which` failed     at /usr/src/app/node_modules/which/which.js:89:16\n\u001b[0m\u001b[91mnpm ERR! gyp verb `which` failed     at /usr/src/app/node_modules/isexe/index.js:42:5\n\u001b[0m\u001b[91mnpm ERR!\u001b[0m\u001b[91m gyp verb `which` failed     at /usr/src/app/node_modules/isexe/mode.js:8:5\nnpm\u001b[0m\u001b[91m ERR!\u001b[0m\u001b[91m gyp verb `which` failed     at FSReqCallback.oncomplete (node:fs:190:21) {\n\u001b[0m\u001b[91mnpm ERR!\u001b[0m\u001b[91m gyp verb `which` failed   code: 'ENOENT'\nnpm ERR!\u001b[0m\u001b[91m gyp verb `which` failed }\nnpm ERR!\u001b[0m\u001b[91m gyp verb check python checking for Python executable \"python\" in the PATH\n\u001b[0m\u001b[91mnpm ERR!\u001b[0m\u001b[91m gyp verb `which` failed Error: not found: python\nnpm\u001b[0m\u001b[91m ERR!\u001b[0m\u001b[91m gyp verb `which` failed     at getNotFoundError (/usr/src/app/node_modules/which/which.js:13:12)\nnpm ERR! gyp verb `which` failed     at F (/usr/src/app/node_modules/which/which.js:68:19)\nnpm \u001b[0m\u001b[91mERR!\u001b[0m\u001b[91m gyp verb `which` failed     at E (/usr/src/app/node_modules/which/which.js:80:29)\nnpm ERR! gyp verb `which` failed     at /usr/src/app/node_modules/which/which.js:89:16\n\u001b[0m\u001b[91mnpm ERR!\u001b[0m\u001b[91m gyp verb `which` failed     at /usr/src/app/node_modules/isexe/index.js:42:5\nnpm ERR!\u001b[0m\u001b[91m gyp verb `which` failed     at /usr/src/app/node_modules/isexe/mode.js:8:5\nnpm\u001b[0m\u001b[91m ERR! gyp verb `which` failed     at FSReqCallback.oncomplete (node:fs:190:21)\nnpm \u001b[0m\u001b[91mERR!\u001b[0m\u001b[91m gyp verb `which` failed  python Error: not found: python\nnpm ERR! gyp verb `which` failed     at getNotFoundError (/usr/src/app/node_modules/which/which.js:13:12)\nnpm ERR! gyp verb `which` failed     at F (/usr/src/app/node_modules/which/which.js:68:19)\n\u001b[0m\u001b[91mnpm ERR! gyp verb `which` failed     at E (/usr/src/app/node_modules/which/which.js:80:29)\n\u001b[0m\u001b[91mnpm ERR! gyp verb `which` failed     at /usr/src/app/node_modules/which/which.js:89:16\n\u001b[0m\u001b[91mnpm \u001b[0m\u001b[91mERR! gyp verb `which` failed     at /usr/src/app/node_modules/isexe/index.js:42:5\nnpm\u001b[0m\u001b[91m ERR!\u001b[0m\u001b[91m gyp verb `which` failed     at /usr/src/app/node_modules/isexe/mode.js:8:5\n\u001b[0m\u001b[91mnpm ERR! gyp verb `which` failed     at FSReqCallback.oncomplete (node:fs:190:21) {\nnpm\u001b[0m\u001b[91m ERR!\u001b[0m\u001b[91m gyp verb `which` failed   code: 'ENOENT'\nnpm ERR! gyp verb `which` failed }\nnpm ERR! gyp ERR! configure error \nnpm ERR! gyp ERR! stack Error: Can't find Python executable \"python\", you can set the PYTHON env variable.\nnpm ERR! gyp ERR! stack     at PythonFinder.failNoPython (/usr/src/app/node_modules/node-gyp/lib/configure.js:484:19)\nnpm ERR! gyp ERR! stack     at PythonFinder.<anonymous> (/usr/src/app/node_modules/node-gyp/lib/configure.js:406:16)\nnpm ERR! gyp ERR! stack     at F (/usr/src/app/node_modules/which/which.js:68:16)\nnpm ERR! gyp ERR! stack     at E (/usr/src/app/node_modules/which/which.js:80:29)\nnpm ERR! gyp ERR! stack     at /usr/src/app/node_modules/which/which.js:89:16\nnpm ERR!\u001b[0m\u001b[91m gyp ERR! stack     at /usr/src/app/node_modules/isexe/index.js:42:5\nnpm ERR!\u001b[0m\u001b[91m gyp ERR! stack     at /usr/src/app/node_modules/isexe/mode.js:8:5\nnpm\u001b[0m\u001b[91m ERR!\u001b[0m\u001b[91m gyp ERR! stack     at FSReqCallback.oncomplete (node:fs:190:21)\n\u001b[0m\u001b[91mnpm \u001b[0m\u001b[91mERR!\u001b[0m\u001b[91m gyp ERR! System Linux 5.4.0-113-generic\n\u001b[0m\u001b[91mnpm ERR!\u001b[0m\u001b[91m gyp ERR! command \"/usr/local/bin/node\" \"/usr/src/app/node_modules/node-gyp/bin/node-gyp.js\" \"rebuild\" \"--verbose\" \"--libsass_ext=\" \"--libsass_cflags=\" \"--libsass_ldflags=\" \"--libsass_library=\"\n\u001b[0m\u001b[91mnpm \u001b[0m\u001b[91mERR! gyp ERR! cwd /usr/src/app/node_modules/node-sass\nnpm \u001b[0m\u001b[91mERR!\u001b[0m\u001b[91m gyp ERR! node -v v19.3.0\nnpm\u001b[0m\u001b[91m ERR!\u001b[0m\u001b[91m gyp ERR! node-gyp -v v3.8.0\n\u001b[0m\u001b[91mnpm ERR! gyp ERR! not ok \nnpm ERR! Build failed with error code: 1\n\u001b[0m\u001b[91m\n\u001b[0m\u001b[91mnpm ERR! A complete log of this run can be found in:\nnpm ERR!     /root/.npm/_logs/2022-12-26T19_50_37_735Z-debug-0.log\n\u001b[0mRemoving intermediate container a75a260907db\n","stderr":"The command '/bin/sh -c npm install' returned a non-zero code: 1\n"},"endTime":1672084273140}