{"repository":"https://github.com/sportngin/opsicle","dockerfilePath":"Dockerfile","startTime":1672853626877,"endTime":1672853870644,"clone":{"startTime":1672853626878,"stdout":"","stderr":"Cloning into '/tmp/dinghy-analysis/sportngin/opsicle'...\n","error":null,"endTime":1672853627704,"commit":"c301978146c9577e8e857daa287263c325e5d541"},"originalBuild":{"startTime":1672853627813,"endTime":1672853870572,"error":{"code":1,"killed":false,"signal":null,"cmd":"docker build --no-cache --force-rm -t opsicle:latest -f /tmp/dinghy-analysis/sportngin/opsicle/Dockerfile ."},"stdout":"Sending build context to Docker daemon    446kB\r\r\nStep 1/4 : FROM ruby:slim\nslim: Pulling from library/ruby\n3f4ca61aafcd: Already exists\n2c1347bf51c5: Pulling fs layer\n4a72f1f78ce7: Pulling fs layer\nd3a9d2a1cf2d: Pulling fs layer\nf04d22e0d520: Pulling fs layer\nf04d22e0d520: Waiting\n4a72f1f78ce7: Verifying Checksum\n4a72f1f78ce7: Download complete\n2c1347bf51c5: Verifying Checksum\n2c1347bf51c5: Download complete\nf04d22e0d520: Verifying Checksum\nf04d22e0d520: Download complete\nd3a9d2a1cf2d: Verifying Checksum\nd3a9d2a1cf2d: Download complete\n2c1347bf51c5: Pull complete\n4a72f1f78ce7: Pull complete\nd3a9d2a1cf2d: Pull complete\nf04d22e0d520: Pull complete\nDigest: sha256:8f243a374ec6820be6d883b8151452fe0a7f91d94e44e03a8270c9050a86f21e\nStatus: Downloaded newer image for ruby:slim\n ---> 5f509291214b\nStep 2/4 : RUN apt-get update -q &&     apt-get install -qy     libncurses5-dev libncursesw5-dev gcc libffi-dev make ssh\n ---> Running in e59148ec20f6\nGet:1 http://deb.debian.org/debian bullseye InRelease [116 kB]\nGet:2 http://deb.debian.org/debian-security bullseye-security InRelease [48.4 kB]\nGet:3 http://deb.debian.org/debian bullseye-updates InRelease [44.1 kB]\nGet:4 http://deb.debian.org/debian bullseye/main amd64 Packages [8183 kB]\nGet:5 http://deb.debian.org/debian-security bullseye-security/main amd64 Packages [210 kB]\nGet:6 http://deb.debian.org/debian bullseye-updates/main amd64 Packages [14.6 kB]\nFetched 8616 kB in 2s (4902 kB/s)\nReading package lists...\nReading package lists...\nBuilding dependency tree...\nReading state information...\nlibffi-dev is already the newest version (3.3-6).\nThe following additional packages will be installed:\n  binutils binutils-common binutils-x86-64-linux-gnu cpp cpp-10 dbus dmsetup\n  gcc-10 libapparmor1 libargon2-1 libasan6 libatomic1 libbinutils libbsd0\n  libcap2 libcbor0 libcc1-0 libcryptsetup12 libctf-nobfd0 libctf0 libdbus-1-3\n  libdevmapper1.02.1 libedit2 libexpat1 libfido2-1 libgcc-10-dev libgomp1\n  libip4tc2 libisl23 libitm1 libjson-c5 libkmod2 liblsan0 libmd0 libmpc3\n  libmpfr6 libncurses-dev libnss-systemd libpam-systemd libquadmath0 libtsan0\n  libubsan1 libwrap0 libx11-6 libx11-data libxau6 libxcb1 libxdmcp6 libxext6\n  libxmuu1 ncurses-term openssh-client openssh-server openssh-sftp-server\n  runit-helper sensible-utils systemd systemd-sysv systemd-timesyncd ucf xauth\nSuggested packages:\n  binutils-doc cpp-doc gcc-10-locales default-dbus-session-bus\n  | dbus-session-bus gcc-multilib manpages-dev autoconf automake libtool flex\n  bison gdb gcc-doc gcc-10-multilib gcc-10-doc ncurses-doc make-doc keychain\n  libpam-ssh monkeysphere ssh-askpass molly-guard ufw systemd-container\n  policykit-1\nThe following NEW packages will be installed:\n  binutils binutils-common binutils-x86-64-linux-gnu cpp cpp-10 dbus dmsetup\n  gcc gcc-10 libapparmor1 libargon2-1 libasan6 libatomic1 libbinutils libbsd0\n  libcap2 libcbor0 libcc1-0 libcryptsetup12 libctf-nobfd0 libctf0 libdbus-1-3\n  libdevmapper1.02.1 libedit2 libexpat1 libfido2-1 libgcc-10-dev libgomp1\n  libip4tc2 libisl23 libitm1 libjson-c5 libkmod2 liblsan0 libmd0 libmpc3\n  libmpfr6 libncurses-dev libncurses5-dev libncursesw5-dev libnss-systemd\n  libpam-systemd libquadmath0 libtsan0 libubsan1 libwrap0 libx11-6 libx11-data\n  libxau6 libxcb1 libxdmcp6 libxext6 libxmuu1 make ncurses-term openssh-client\n  openssh-server openssh-sftp-server runit-helper sensible-utils ssh systemd\n  systemd-sysv systemd-timesyncd ucf xauth\n0 upgraded, 66 newly installed, 0 to remove and 0 not upgraded.\nNeed to get 52.7 MB of archives.\nAfter this operation, 192 MB of additional disk space will be used.\nGet:1 http://deb.debian.org/debian bullseye/main amd64 libapparmor1 amd64 2.13.6-10 [99.3 kB]\nGet:2 http://deb.debian.org/debian bullseye/main amd64 libcap2 amd64 1:2.44-1 [23.6 kB]\nGet:3 http://deb.debian.org/debian bullseye/main amd64 libargon2-1 amd64 0~20171227-0.2 [19.6 kB]\nGet:4 http://deb.debian.org/debian bullseye/main amd64 dmsetup amd64 2:1.02.175-2.1 [92.1 kB]\nGet:5 http://deb.debian.org/debian bullseye/main amd64 libdevmapper1.02.1 amd64 2:1.02.175-2.1 [143 kB]\nGet:6 http://deb.debian.org/debian bullseye/main amd64 libjson-c5 amd64 0.15-2 [42.8 kB]\nGet:7 http://deb.debian.org/debian bullseye/main amd64 libcryptsetup12 amd64 2:2.3.7-1+deb11u1 [248 kB]\nGet:8 http://deb.debian.org/debian bullseye/main amd64 libip4tc2 amd64 1.8.7-1 [34.6 kB]\nGet:9 http://deb.debian.org/debian bullseye/main amd64 libkmod2 amd64 28-1 [55.6 kB]\nGet:10 http://deb.debian.org/debian bullseye/main amd64 systemd amd64 247.3-7+deb11u1 [4501 kB]\nGet:11 http://deb.debian.org/debian bullseye/main amd64 systemd-sysv amd64 247.3-7+deb11u1 [113 kB]\nGet:12 http://deb.debian.org/debian bullseye/main amd64 libdbus-1-3 amd64 1.12.24-0+deb11u1 [222 kB]\nGet:13 http://deb.debian.org/debian bullseye/main amd64 libexpat1 amd64 2.2.10-2+deb11u5 [98.2 kB]\nGet:14 http://deb.debian.org/debian bullseye/main amd64 dbus amd64 1.12.24-0+deb11u1 [243 kB]\nGet:15 http://deb.debian.org/debian bullseye/main amd64 libmd0 amd64 1.0.3-3 [28.0 kB]\nGet:16 http://deb.debian.org/debian bullseye/main amd64 libbsd0 amd64 0.11.3-1 [108 kB]\nGet:17 http://deb.debian.org/debian bullseye/main amd64 libedit2 amd64 3.1-20191231-2+b1 [96.7 kB]\nGet:18 http://deb.debian.org/debian bullseye/main amd64 libcbor0 amd64 0.5.0+dfsg-2 [24.0 kB]\nGet:19 http://deb.debian.org/debian bullseye/main amd64 libfido2-1 amd64 1.6.0-2 [53.3 kB]\nGet:20 http://deb.debian.org/debian bullseye/main amd64 openssh-client amd64 1:8.4p1-5+deb11u1 [929 kB]\nGet:21 http://deb.debian.org/debian bullseye/main amd64 openssh-sftp-server amd64 1:8.4p1-5+deb11u1 [52.4 kB]\nGet:22 http://deb.debian.org/debian bullseye/main amd64 sensible-utils all 0.0.14 [14.8 kB]\nGet:23 http://deb.debian.org/debian bullseye/main amd64 ucf all 3.0043 [74.0 kB]\nGet:24 http://deb.debian.org/debian bullseye/main amd64 runit-helper all 2.10.3 [7808 B]\nGet:25 http://deb.debian.org/debian bullseye/main amd64 libwrap0 amd64 7.6.q-31 [59.0 kB]\nGet:26 http://deb.debian.org/debian bullseye/main amd64 openssh-server amd64 1:8.4p1-5+deb11u1 [385 kB]\nGet:27 http://deb.debian.org/debian bullseye/main amd64 ssh all 1:8.4p1-5+deb11u1 [252 kB]\nGet:28 http://deb.debian.org/debian bullseye/main amd64 libnss-systemd amd64 247.3-7+deb11u1 [199 kB]\nGet:29 http://deb.debian.org/debian bullseye/main amd64 libpam-systemd amd64 247.3-7+deb11u1 [283 kB]\nGet:30 http://deb.debian.org/debian bullseye/main amd64 ncurses-term all 6.2+20201114-2 [504 kB]\nGet:31 http://deb.debian.org/debian bullseye/main amd64 systemd-timesyncd amd64 247.3-7+deb11u1 [131 kB]\nGet:32 http://deb.debian.org/debian bullseye/main amd64 binutils-common amd64 2.35.2-2 [2220 kB]\nGet:33 http://deb.debian.org/debian bullseye/main amd64 libbinutils amd64 2.35.2-2 [570 kB]\nGet:34 http://deb.debian.org/debian bullseye/main amd64 libctf-nobfd0 amd64 2.35.2-2 [110 kB]\nGet:35 http://deb.debian.org/debian bullseye/main amd64 libctf0 amd64 2.35.2-2 [53.2 kB]\nGet:36 http://deb.debian.org/debian bullseye/main amd64 binutils-x86-64-linux-gnu amd64 2.35.2-2 [1809 kB]\nGet:37 http://deb.debian.org/debian bullseye/main amd64 binutils amd64 2.35.2-2 [61.2 kB]\nGet:38 http://deb.debian.org/debian bullseye/main amd64 libisl23 amd64 0.23-1 [676 kB]\nGet:39 http://deb.debian.org/debian bullseye/main amd64 libmpfr6 amd64 4.1.0-3 [2012 kB]\nGet:40 http://deb.debian.org/debian bullseye/main amd64 libmpc3 amd64 1.2.0-1 [45.0 kB]\nGet:41 http://deb.debian.org/debian bullseye/main amd64 cpp-10 amd64 10.2.1-6 [8528 kB]\nGet:42 http://deb.debian.org/debian bullseye/main amd64 cpp amd64 4:10.2.1-1 [19.7 kB]\nGet:43 http://deb.debian.org/debian bullseye/main amd64 libcc1-0 amd64 10.2.1-6 [47.0 kB]\nGet:44 http://deb.debian.org/debian bullseye/main amd64 libgomp1 amd64 10.2.1-6 [99.9 kB]\nGet:45 http://deb.debian.org/debian bullseye/main amd64 libitm1 amd64 10.2.1-6 [25.8 kB]\nGet:46 http://deb.debian.org/debian bullseye/main amd64 libatomic1 amd64 10.2.1-6 [9008 B]\nGet:47 http://deb.debian.org/debian bullseye/main amd64 libasan6 amd64 10.2.1-6 [2065 kB]\nGet:48 http://deb.debian.org/debian bullseye/main amd64 liblsan0 amd64 10.2.1-6 [828 kB]\nGet:49 http://deb.debian.org/debian bullseye/main amd64 libtsan0 amd64 10.2.1-6 [2000 kB]\nGet:50 http://deb.debian.org/debian bullseye/main amd64 libubsan1 amd64 10.2.1-6 [777 kB]\nGet:51 http://deb.debian.org/debian bullseye/main amd64 libquadmath0 amd64 10.2.1-6 [145 kB]\nGet:52 http://deb.debian.org/debian bullseye/main amd64 libgcc-10-dev amd64 10.2.1-6 [2328 kB]\nGet:53 http://deb.debian.org/debian bullseye/main amd64 gcc-10 amd64 10.2.1-6 [17.0 MB]\nGet:54 http://deb.debian.org/debian bullseye/main amd64 gcc amd64 4:10.2.1-1 [5192 B]\nGet:55 http://deb.debian.org/debian bullseye/main amd64 libncurses-dev amd64 6.2+20201114-2 [344 kB]\nGet:56 http://deb.debian.org/debian bullseye/main amd64 libncurses5-dev amd64 6.2+20201114-2 [936 B]\nGet:57 http://deb.debian.org/debian bullseye/main amd64 libncursesw5-dev amd64 6.2+20201114-2 [940 B]\nGet:58 http://deb.debian.org/debian bullseye/main amd64 libxau6 amd64 1:1.0.9-1 [19.7 kB]\nGet:59 http://deb.debian.org/debian bullseye/main amd64 libxdmcp6 amd64 1:1.1.2-3 [26.3 kB]\nGet:60 http://deb.debian.org/debian bullseye/main amd64 libxcb1 amd64 1.14-3 [140 kB]\nGet:61 http://deb.debian.org/debian bullseye/main amd64 libx11-data all 2:1.7.2-1 [311 kB]\nGet:62 http://deb.debian.org/debian bullseye/main amd64 libx11-6 amd64 2:1.7.2-1 [772 kB]\nGet:63 http://deb.debian.org/debian bullseye/main amd64 libxext6 amd64 2:1.3.3-1.1 [52.7 kB]\nGet:64 http://deb.debian.org/debian bullseye/main amd64 libxmuu1 amd64 2:1.1.2-2+b3 [23.9 kB]\nGet:65 http://deb.debian.org/debian bullseye/main amd64 make amd64 4.3-4.1 [396 kB]\nGet:66 http://deb.debian.org/debian bullseye/main amd64 xauth amd64 1:1.1-1 [40.5 kB]\n\u001b[91mdebconf: delaying package configuration, since apt-utils is not installed\n\u001b[0mFetched 52.7 MB in 2s (28.7 MB/s)\nSelecting previously unselected package libapparmor1:amd64.\r\n(Reading database ... \r(Reading database ... 5%\r(Reading database ... 10%\r(Reading database ... 15%\r(Reading database ... 20%\r(Reading database ... 25%\r(Reading database ... 30%\r(Reading database ... 35%\r(Reading database ... 40%\r(Reading database ... 45%\r(Reading database ... 50%\r(Reading database ... 55%\r(Reading database ... 60%\r(Reading database ... 65%\r(Reading database ... 70%\r(Reading database ... 75%\r(Reading database ... 80%\r(Reading database ... 85%\r(Reading database ... 90%\r(Reading database ... 95%\r(Reading database ... 100%\r(Reading database ... 9019 files and directories currently installed.)\r\nPreparing to unpack .../0-libapparmor1_2.13.6-10_amd64.deb ...\r\nUnpacking libapparmor1:amd64 (2.13.6-10) ...\r\nSelecting previously unselected package libcap2:amd64.\r\nPreparing to unpack .../1-libcap2_1%3a2.44-1_amd64.deb ...\r\nUnpacking libcap2:amd64 (1:2.44-1) ...\r\nSelecting previously unselected package libargon2-1:amd64.\r\nPreparing to unpack .../2-libargon2-1_0~20171227-0.2_amd64.deb ...\r\nUnpacking libargon2-1:amd64 (0~20171227-0.2) ...\r\nSelecting previously unselected package dmsetup.\r\nPreparing to unpack .../3-dmsetup_2%3a1.02.175-2.1_amd64.deb ...\r\nUnpacking dmsetup (2:1.02.175-2.1) ...\r\nSelecting previously unselected package libdevmapper1.02.1:amd64.\r\nPreparing to unpack .../4-libdevmapper1.02.1_2%3a1.02.175-2.1_amd64.deb ...\r\nUnpacking libdevmapper1.02.1:amd64 (2:1.02.175-2.1) ...\r\nSelecting previously unselected package libjson-c5:amd64.\r\nPreparing to unpack .../5-libjson-c5_0.15-2_amd64.deb ...\r\nUnpacking libjson-c5:amd64 (0.15-2) ...\r\nSelecting previously unselected package libcryptsetup12:amd64.\r\nPreparing to unpack .../6-libcryptsetup12_2%3a2.3.7-1+deb11u1_amd64.deb ...\r\nUnpacking libcryptsetup12:amd64 (2:2.3.7-1+deb11u1) ...\r\nSelecting previously unselected package libip4tc2:amd64.\r\nPreparing to unpack .../7-libip4tc2_1.8.7-1_amd64.deb ...\r\nUnpacking libip4tc2:amd64 (1.8.7-1) ...\r\nSelecting previously unselected package libkmod2:amd64.\r\nPreparing to unpack .../8-libkmod2_28-1_amd64.deb ...\r\nUnpacking libkmod2:amd64 (28-1) ...\r\nSelecting previously unselected package systemd.\r\nPreparing to unpack .../9-systemd_247.3-7+deb11u1_amd64.deb ...\r\nUnpacking systemd (247.3-7+deb11u1) ...\r\nSetting up libapparmor1:amd64 (2.13.6-10) ...\r\nSetting up libcap2:amd64 (1:2.44-1) ...\r\nSetting up libargon2-1:amd64 (0~20171227-0.2) ...\r\nSetting up libjson-c5:amd64 (0.15-2) ...\r\nSetting up libip4tc2:amd64 (1.8.7-1) ...\r\nSetting up libkmod2:amd64 (28-1) ...\r\nSetting up libdevmapper1.02.1:amd64 (2:1.02.175-2.1) ...\r\nSetting up libcryptsetup12:amd64 (2:2.3.7-1+deb11u1) ...\r\nSetting up systemd (247.3-7+deb11u1) ...\r\nCreated symlink /etc/systemd/system/getty.target.wants/getty@tty1.service → /lib/systemd/system/getty@.service.\r\nCreated symlink /etc/systemd/system/multi-user.target.wants/remote-fs.target → /lib/systemd/system/remote-fs.target.\r\nCreated symlink /etc/systemd/system/sysinit.target.wants/systemd-pstore.service → /lib/systemd/system/systemd-pstore.service.\r\nInitializing machine ID from random generator.\r\nSetting up dmsetup (2:1.02.175-2.1) ...\r\nSelecting previously unselected package systemd-sysv.\r\n(Reading database ... \r(Reading database ... 5%\r(Reading database ... 10%\r(Reading database ... 15%\r(Reading database ... 20%\r(Reading database ... 25%\r(Reading database ... 30%\r(Reading database ... 35%\r(Reading database ... 40%\r(Reading database ... 45%\r(Reading database ... 50%\r(Reading database ... 55%\r(Reading database ... 60%\r(Reading database ... 65%\r(Reading database ... 70%\r(Reading database ... 75%\r(Reading database ... 80%\r(Reading database ... 85%\r(Reading database ... 90%\r(Reading database ... 95%\r(Reading database ... 100%\r(Reading database ... 9874 files and directories currently installed.)\r\nPreparing to unpack .../00-systemd-sysv_247.3-7+deb11u1_amd64.deb ...\r\nUnpacking systemd-sysv (247.3-7+deb11u1) ...\r\nSelecting previously unselected package libdbus-1-3:amd64.\r\nPreparing to unpack .../01-libdbus-1-3_1.12.24-0+deb11u1_amd64.deb ...\r\nUnpacking libdbus-1-3:amd64 (1.12.24-0+deb11u1) ...\r\nSelecting previously unselected package libexpat1:amd64.\r\nPreparing to unpack .../02-libexpat1_2.2.10-2+deb11u5_amd64.deb ...\r\nUnpacking libexpat1:amd64 (2.2.10-2+deb11u5) ...\r\nSelecting previously unselected package dbus.\r\nPreparing to unpack .../03-dbus_1.12.24-0+deb11u1_amd64.deb ...\r\nUnpacking dbus (1.12.24-0+deb11u1) ...\r\nSelecting previously unselected package libmd0:amd64.\r\nPreparing to unpack .../04-libmd0_1.0.3-3_amd64.deb ...\r\nUnpacking libmd0:amd64 (1.0.3-3) ...\r\nSelecting previously unselected package libbsd0:amd64.\r\nPreparing to unpack .../05-libbsd0_0.11.3-1_amd64.deb ...\r\nUnpacking libbsd0:amd64 (0.11.3-1) ...\r\nSelecting previously unselected package libedit2:amd64.\r\nPreparing to unpack .../06-libedit2_3.1-20191231-2+b1_amd64.deb ...\r\nUnpacking libedit2:amd64 (3.1-20191231-2+b1) ...\r\nSelecting previously unselected package libcbor0:amd64.\r\nPreparing to unpack .../07-libcbor0_0.5.0+dfsg-2_amd64.deb ...\r\nUnpacking libcbor0:amd64 (0.5.0+dfsg-2) ...\r\nSelecting previously unselected package libfido2-1:amd64.\r\nPreparing to unpack .../08-libfido2-1_1.6.0-2_amd64.deb ...\r\nUnpacking libfido2-1:amd64 (1.6.0-2) ...\r\nSelecting previously unselected package openssh-client.\r\nPreparing to unpack .../09-openssh-client_1%3a8.4p1-5+deb11u1_amd64.deb ...\r\nUnpacking openssh-client (1:8.4p1-5+deb11u1) ...\r\nSelecting previously unselected package openssh-sftp-server.\r\nPreparing to unpack .../10-openssh-sftp-server_1%3a8.4p1-5+deb11u1_amd64.deb ...\r\nUnpacking openssh-sftp-server (1:8.4p1-5+deb11u1) ...\r\nSelecting previously unselected package sensible-utils.\r\nPreparing to unpack .../11-sensible-utils_0.0.14_all.deb ...\r\nUnpacking sensible-utils (0.0.14) ...\r\nSelecting previously unselected package ucf.\r\nPreparing to unpack .../12-ucf_3.0043_all.deb ...\r\nMoving old data out of the way\r\nUnpacking ucf (3.0043) ...\r\nSelecting previously unselected package runit-helper.\r\nPreparing to unpack .../13-runit-helper_2.10.3_all.deb ...\r\nUnpacking runit-helper (2.10.3) ...\r\nSelecting previously unselected package libwrap0:amd64.\r\nPreparing to unpack .../14-libwrap0_7.6.q-31_amd64.deb ...\r\nUnpacking libwrap0:amd64 (7.6.q-31) ...\r\nSelecting previously unselected package openssh-server.\r\nPreparing to unpack .../15-openssh-server_1%3a8.4p1-5+deb11u1_amd64.deb ...\r\nUnpacking openssh-server (1:8.4p1-5+deb11u1) ...\r\nSelecting previously unselected package ssh.\r\nPreparing to unpack .../16-ssh_1%3a8.4p1-5+deb11u1_all.deb ...\r\nUnpacking ssh (1:8.4p1-5+deb11u1) ...\r\nSelecting previously unselected package libnss-systemd:amd64.\r\nPreparing to unpack .../17-libnss-systemd_247.3-7+deb11u1_amd64.deb ...\r\nUnpacking libnss-systemd:amd64 (247.3-7+deb11u1) ...\r\nSelecting previously unselected package libpam-systemd:amd64.\r\nPreparing to unpack .../18-libpam-systemd_247.3-7+deb11u1_amd64.deb ...\r\nUnpacking libpam-systemd:amd64 (247.3-7+deb11u1) ...\r\nSelecting previously unselected package ncurses-term.\r\nPreparing to unpack .../19-ncurses-term_6.2+20201114-2_all.deb ...\r\nUnpacking ncurses-term (6.2+20201114-2) ...\r\nSelecting previously unselected package systemd-timesyncd.\r\nPreparing to unpack .../20-systemd-timesyncd_247.3-7+deb11u1_amd64.deb ...\r\nUnpacking systemd-timesyncd (247.3-7+deb11u1) ...\r\nSelecting previously unselected package binutils-common:amd64.\r\nPreparing to unpack .../21-binutils-common_2.35.2-2_amd64.deb ...\r\nUnpacking binutils-common:amd64 (2.35.2-2) ...\r\nSelecting previously unselected package libbinutils:amd64.\r\nPreparing to unpack .../22-libbinutils_2.35.2-2_amd64.deb ...\r\nUnpacking libbinutils:amd64 (2.35.2-2) ...\r\nSelecting previously unselected package libctf-nobfd0:amd64.\r\nPreparing to unpack .../23-libctf-nobfd0_2.35.2-2_amd64.deb ...\r\nUnpacking libctf-nobfd0:amd64 (2.35.2-2) ...\r\nSelecting previously unselected package libctf0:amd64.\r\nPreparing to unpack .../24-libctf0_2.35.2-2_amd64.deb ...\r\nUnpacking libctf0:amd64 (2.35.2-2) ...\r\nSelecting previously unselected package binutils-x86-64-linux-gnu.\r\nPreparing to unpack .../25-binutils-x86-64-linux-gnu_2.35.2-2_amd64.deb ...\r\nUnpacking binutils-x86-64-linux-gnu (2.35.2-2) ...\r\nSelecting previously unselected package binutils.\r\nPreparing to unpack .../26-binutils_2.35.2-2_amd64.deb ...\r\nUnpacking binutils (2.35.2-2) ...\r\nSelecting previously unselected package libisl23:amd64.\r\nPreparing to unpack .../27-libisl23_0.23-1_amd64.deb ...\r\nUnpacking libisl23:amd64 (0.23-1) ...\r\nSelecting previously unselected package libmpfr6:amd64.\r\nPreparing to unpack .../28-libmpfr6_4.1.0-3_amd64.deb ...\r\nUnpacking libmpfr6:amd64 (4.1.0-3) ...\r\nSelecting previously unselected package libmpc3:amd64.\r\nPreparing to unpack .../29-libmpc3_1.2.0-1_amd64.deb ...\r\nUnpacking libmpc3:amd64 (1.2.0-1) ...\r\nSelecting previously unselected package cpp-10.\r\nPreparing to unpack .../30-cpp-10_10.2.1-6_amd64.deb ...\r\nUnpacking cpp-10 (10.2.1-6) ...\r\nSelecting previously unselected package cpp.\r\nPreparing to unpack .../31-cpp_4%3a10.2.1-1_amd64.deb ...\r\nUnpacking cpp (4:10.2.1-1) ...\r\nSelecting previously unselected package libcc1-0:amd64.\r\nPreparing to unpack .../32-libcc1-0_10.2.1-6_amd64.deb ...\r\nUnpacking libcc1-0:amd64 (10.2.1-6) ...\r\nSelecting previously unselected package libgomp1:amd64.\r\nPreparing to unpack .../33-libgomp1_10.2.1-6_amd64.deb ...\r\nUnpacking libgomp1:amd64 (10.2.1-6) ...\r\nSelecting previously unselected package libitm1:amd64.\r\nPreparing to unpack .../34-libitm1_10.2.1-6_amd64.deb ...\r\nUnpacking libitm1:amd64 (10.2.1-6) ...\r\nSelecting previously unselected package libatomic1:amd64.\r\nPreparing to unpack .../35-libatomic1_10.2.1-6_amd64.deb ...\r\nUnpacking libatomic1:amd64 (10.2.1-6) ...\r\nSelecting previously unselected package libasan6:amd64.\r\nPreparing to unpack .../36-libasan6_10.2.1-6_amd64.deb ...\r\nUnpacking libasan6:amd64 (10.2.1-6) ...\r\nSelecting previously unselected package liblsan0:amd64.\r\nPreparing to unpack .../37-liblsan0_10.2.1-6_amd64.deb ...\r\nUnpacking liblsan0:amd64 (10.2.1-6) ...\r\nSelecting previously unselected package libtsan0:amd64.\r\nPreparing to unpack .../38-libtsan0_10.2.1-6_amd64.deb ...\r\nUnpacking libtsan0:amd64 (10.2.1-6) ...\r\nSelecting previously unselected package libubsan1:amd64.\r\nPreparing to unpack .../39-libubsan1_10.2.1-6_amd64.deb ...\r\nUnpacking libubsan1:amd64 (10.2.1-6) ...\r\nSelecting previously unselected package libquadmath0:amd64.\r\nPreparing to unpack .../40-libquadmath0_10.2.1-6_amd64.deb ...\r\nUnpacking libquadmath0:amd64 (10.2.1-6) ...\r\nSelecting previously unselected package libgcc-10-dev:amd64.\r\nPreparing to unpack .../41-libgcc-10-dev_10.2.1-6_amd64.deb ...\r\nUnpacking libgcc-10-dev:amd64 (10.2.1-6) ...\r\nSelecting previously unselected package gcc-10.\r\nPreparing to unpack .../42-gcc-10_10.2.1-6_amd64.deb ...\r\nUnpacking gcc-10 (10.2.1-6) ...\r\nSelecting previously unselected package gcc.\r\nPreparing to unpack .../43-gcc_4%3a10.2.1-1_amd64.deb ...\r\nUnpacking gcc (4:10.2.1-1) ...\r\nSelecting previously unselected package libncurses-dev:amd64.\r\nPreparing to unpack .../44-libncurses-dev_6.2+20201114-2_amd64.deb ...\r\nUnpacking libncurses-dev:amd64 (6.2+20201114-2) ...\r\nSelecting previously unselected package libncurses5-dev:amd64.\r\nPreparing to unpack .../45-libncurses5-dev_6.2+20201114-2_amd64.deb ...\r\nUnpacking libncurses5-dev:amd64 (6.2+20201114-2) ...\r\nSelecting previously unselected package libncursesw5-dev:amd64.\r\nPreparing to unpack .../46-libncursesw5-dev_6.2+20201114-2_amd64.deb ...\r\nUnpacking libncursesw5-dev:amd64 (6.2+20201114-2) ...\r\nSelecting previously unselected package libxau6:amd64.\r\nPreparing to unpack .../47-libxau6_1%3a1.0.9-1_amd64.deb ...\r\nUnpacking libxau6:amd64 (1:1.0.9-1) ...\r\nSelecting previously unselected package libxdmcp6:amd64.\r\nPreparing to unpack .../48-libxdmcp6_1%3a1.1.2-3_amd64.deb ...\r\nUnpacking libxdmcp6:amd64 (1:1.1.2-3) ...\r\nSelecting previously unselected package libxcb1:amd64.\r\nPreparing to unpack .../49-libxcb1_1.14-3_amd64.deb ...\r\nUnpacking libxcb1:amd64 (1.14-3) ...\r\nSelecting previously unselected package libx11-data.\r\nPreparing to unpack .../50-libx11-data_2%3a1.7.2-1_all.deb ...\r\nUnpacking libx11-data (2:1.7.2-1) ...\r\nSelecting previously unselected package libx11-6:amd64.\r\nPreparing to unpack .../51-libx11-6_2%3a1.7.2-1_amd64.deb ...\r\nUnpacking libx11-6:amd64 (2:1.7.2-1) ...\r\nSelecting previously unselected package libxext6:amd64.\r\nPreparing to unpack .../52-libxext6_2%3a1.3.3-1.1_amd64.deb ...\r\nUnpacking libxext6:amd64 (2:1.3.3-1.1) ...\r\nSelecting previously unselected package libxmuu1:amd64.\r\nPreparing to unpack .../53-libxmuu1_2%3a1.1.2-2+b3_amd64.deb ...\r\nUnpacking libxmuu1:amd64 (2:1.1.2-2+b3) ...\r\nSelecting previously unselected package make.\r\nPreparing to unpack .../54-make_4.3-4.1_amd64.deb ...\r\nUnpacking make (4.3-4.1) ...\r\nSelecting previously unselected package xauth.\r\nPreparing to unpack .../55-xauth_1%3a1.1-1_amd64.deb ...\r\nUnpacking xauth (1:1.1-1) ...\r\nSetting up libexpat1:amd64 (2.2.10-2+deb11u5) ...\r\nSetting up runit-helper (2.10.3) ...\r\nSetting up systemd-sysv (247.3-7+deb11u1) ...\r\nSetting up libxau6:amd64 (1:1.0.9-1) ...\r\nSetting up libncurses-dev:amd64 (6.2+20201114-2) ...\r\nSetting up libncursesw5-dev:amd64 (6.2+20201114-2) ...\r\nSetting up libcbor0:amd64 (0.5.0+dfsg-2) ...\r\nSetting up binutils-common:amd64 (2.35.2-2) ...\r\nSetting up libctf-nobfd0:amd64 (2.35.2-2) ...\r\nSetting up libnss-systemd:amd64 (247.3-7+deb11u1) ...\r\nFirst installation detected...\r\nChecking NSS setup...\r\nSetting up libgomp1:amd64 (10.2.1-6) ...\r\nSetting up libasan6:amd64 (10.2.1-6) ...\r\nSetting up libwrap0:amd64 (7.6.q-31) ...\r\nSetting up libx11-data (2:1.7.2-1) ...\r\nSetting up make (4.3-4.1) ...\r\nSetting up libmpfr6:amd64 (4.1.0-3) ...\r\nSetting up libdbus-1-3:amd64 (1.12.24-0+deb11u1) ...\r\nSetting up dbus (1.12.24-0+deb11u1) ...\r\ninvoke-rc.d: could not determine current runlevel\r\ninvoke-rc.d: policy-rc.d denied execution of start.\r\nSetting up libquadmath0:amd64 (10.2.1-6) ...\r\nSetting up libmpc3:amd64 (1.2.0-1) ...\r\nSetting up systemd-timesyncd (247.3-7+deb11u1) ...\r\nCreated symlink /etc/systemd/system/dbus-org.freedesktop.timesync1.service → /lib/systemd/system/systemd-timesyncd.service.\r\nCreated symlink /etc/systemd/system/sysinit.target.wants/systemd-timesyncd.service → /lib/systemd/system/systemd-timesyncd.service.\r\nSetting up libatomic1:amd64 (10.2.1-6) ...\r\nSetting up libubsan1:amd64 (10.2.1-6) ...\r\nSetting up libmd0:amd64 (1.0.3-3) ...\r\nSetting up sensible-utils (0.0.14) ...\r\nSetting up libncurses5-dev:amd64 (6.2+20201114-2) ...\r\nSetting up libpam-systemd:amd64 (247.3-7+deb11u1) ...\r\ndebconf: unable to initialize frontend: Dialog\r\ndebconf: (TERM is not set, so the dialog frontend is not usable.)\r\ndebconf: falling back to frontend: Readline\r\ndebconf: unable to initialize frontend: Readline\r\ndebconf: (Can't locate Term/ReadLine.pm in @INC (you may need to install the Term::ReadLine module) (@INC contains: /etc/perl /usr/local/lib/x86_64-linux-gnu/perl/5.32.1 /usr/local/share/perl/5.32.1 /usr/lib/x86_64-linux-gnu/perl5/5.32 /usr/share/perl5 /usr/lib/x86_64-linux-gnu/perl-base /usr/lib/x86_64-linux-gnu/perl/5.32 /usr/share/perl/5.32 /usr/local/lib/site_perl) at /usr/share/perl5/Debconf/FrontEnd/Readline.pm line 7.)\r\ndebconf: falling back to frontend: Teletype\r\nSetting up libbinutils:amd64 (2.35.2-2) ...\r\nSetting up libfido2-1:amd64 (1.6.0-2) ...\r\nSetting up libisl23:amd64 (0.23-1) ...\r\nSetting up libbsd0:amd64 (0.11.3-1) ...\r\nSetting up libcc1-0:amd64 (10.2.1-6) ...\r\nSetting up liblsan0:amd64 (10.2.1-6) ...\r\nSetting up cpp-10 (10.2.1-6) ...\r\nSetting up libitm1:amd64 (10.2.1-6) ...\r\nSetting up ncurses-term (6.2+20201114-2) ...\r\nSetting up libtsan0:amd64 (10.2.1-6) ...\r\nSetting up libctf0:amd64 (2.35.2-2) ...\r\nSetting up libxdmcp6:amd64 (1:1.1.2-3) ...\r\nSetting up libxcb1:amd64 (1.14-3) ...\r\nSetting up libgcc-10-dev:amd64 (10.2.1-6) ...\r\nSetting up libedit2:amd64 (3.1-20191231-2+b1) ...\r\nSetting up ucf (3.0043) ...\r\ndebconf: unable to initialize frontend: Dialog\r\ndebconf: (TERM is not set, so the dialog frontend is not usable.)\r\ndebconf: falling back to frontend: Readline\r\ndebconf: unable to initialize frontend: Readline\r\ndebconf: (Can't locate Term/ReadLine.pm in @INC (you may need to install the Term::ReadLine module) (@INC contains: /etc/perl /usr/local/lib/x86_64-linux-gnu/perl/5.32.1 /usr/local/share/perl/5.32.1 /usr/lib/x86_64-linux-gnu/perl5/5.32 /usr/share/perl5 /usr/lib/x86_64-linux-gnu/perl-base /usr/lib/x86_64-linux-gnu/perl/5.32 /usr/share/perl/5.32 /usr/local/lib/site_perl) at /usr/share/perl5/Debconf/FrontEnd/Readline.pm line 7.)\r\ndebconf: falling back to frontend: Teletype\r\nSetting up cpp (4:10.2.1-1) ...\r\nSetting up libx11-6:amd64 (2:1.7.2-1) ...\r\nSetting up libxmuu1:amd64 (2:1.1.2-2+b3) ...\r\nSetting up binutils-x86-64-linux-gnu (2.35.2-2) ...\r\nSetting up openssh-client (1:8.4p1-5+deb11u1) ...\r\nSetting up libxext6:amd64 (2:1.3.3-1.1) ...\r\nSetting up binutils (2.35.2-2) ...\r\nSetting up gcc-10 (10.2.1-6) ...\r\nSetting up xauth (1:1.1-1) ...\r\nSetting up openssh-sftp-server (1:8.4p1-5+deb11u1) ...\r\nSetting up openssh-server (1:8.4p1-5+deb11u1) ...\r\ndebconf: unable to initialize frontend: Dialog\r\ndebconf: (TERM is not set, so the dialog frontend is not usable.)\r\ndebconf: falling back to frontend: Readline\r\ndebconf: unable to initialize frontend: Readline\r\ndebconf: (Can't locate Term/ReadLine.pm in @INC (you may need to install the Term::ReadLine module) (@INC contains: /etc/perl /usr/local/lib/x86_64-linux-gnu/perl/5.32.1 /usr/local/share/perl/5.32.1 /usr/lib/x86_64-linux-gnu/perl5/5.32 /usr/share/perl5 /usr/lib/x86_64-linux-gnu/perl-base /usr/lib/x86_64-linux-gnu/perl/5.32 /usr/share/perl/5.32 /usr/local/lib/site_perl) at /usr/share/perl5/Debconf/FrontEnd/Readline.pm line 7.)\r\ndebconf: falling back to frontend: Teletype\r\n\r\nCreating config file /etc/ssh/sshd_config with new version\r\nCreating SSH2 RSA key; this may take some time ...\r\n3072 SHA256:VA9T/p+Ii0hVM4jJYjbEGiUGfI392pOny3/LgCTMP9I root@e59148ec20f6 (RSA)\r\nCreating SSH2 ECDSA key; this may take some time ...\r\n256 SHA256:ZVwgKhuXUW/l6yC/njPZY6m9U5JlYKXLYh4xQOj8dRg root@e59148ec20f6 (ECDSA)\r\nCreating SSH2 ED25519 key; this may take some time ...\r\n256 SHA256:s13UAKdXhLzd+HKHlAKr2qRhQU4bwGQR5VjHYPAw9Fk root@e59148ec20f6 (ED25519)\r\nCreated symlink /etc/systemd/system/sshd.service → /lib/systemd/system/ssh.service.\r\nCreated symlink /etc/systemd/system/multi-user.target.wants/ssh.service → /lib/systemd/system/ssh.service.\r\ninvoke-rc.d: could not determine current runlevel\r\ninvoke-rc.d: policy-rc.d denied execution of start.\r\nSetting up gcc (4:10.2.1-1) ...\r\nSetting up ssh (1:8.4p1-5+deb11u1) ...\r\nProcessing triggers for libc-bin (2.31-13+deb11u5) ...\r\nRemoving intermediate container e59148ec20f6\n ---> 58d8fff478e1\nStep 3/4 : RUN gem install opsicle\n ---> Running in 0ee342830547\nSuccessfully installed unicode-display_width-1.8.0\nSuccessfully installed terminal-table-1.8.0\nThe `minitar` executable is no longer bundled with `minitar`. If you are\nexpecting this executable, make sure you also install `minitar-cli`.\nSuccessfully installed minitar-0.9\nSuccessfully installed highline-2.1.0\nSuccessfully installed hashdiff-1.0.1\nSuccessfully installed gli-2.21.0\nBuilding native extensions. This could take a while...\n\u001b[91mERROR:  Error installing opsicle:\n\tERROR: Failed to build gem native extension.\n\n    current directory: /usr/local/bundle/gems/curses-1.0.2/ext/curses\n/usr/local/bin/ruby -I /usr/local/lib/ruby/3.2.0 extconf.rb\nchecking for tgetent() in -ltinfo... yes\nchecking for ncurses.h... yes\nchecking for initscr() in -lncursesw... yes\nheader: ncurses.h\nlibrary: ncursesw\nchecking for beep()... yes\nchecking for bkgd()... yes\nchecking for bkgdset()... yes\nchecking for curs_set()... yes\nchecking for deleteln()... yes\nchecking for doupdate()... yes\nchecking for flash()... yes\nchecking for getbkgd()... yes\nchecking for getnstr()... yes\nchecking for init()... no\nchecking for init in ncurses.h... no\nchecking for isendwin()... yes\nchecking for keyname()... yes\nchecking for keypad()... yes\nchecking for resizeterm()... yes\nchecking for scrl()... yes\nchecking for set()... no\nchecking for set in ncurses.h... no\nchecking for setscrreg()... yes\nchecking for ungetch()... yes\nchecking for wattroff()... yes\nchecking for wattron()... yes\nchecking for wattrset()... yes\nchecking for wbkgd()... yes\nchecking for wbkgdset()... yes\nchecking for wdeleteln()... yes\nchecking for wgetnstr()... yes\nchecking for wresize()... yes\nchecking for wscrl()... yes\nchecking for wsetscrreg()... yes\nchecking for def_prog_mode()... yes\nchecking for reset_prog_mode()... yes\nchecking for timeout()... yes\nchecking for wtimeout()... yes\nchecking for nodelay()... yes\nchecking for init_color()... yes\nchecking for wcolor_set()... yes\nchecking for use_default_colors()... yes\nchecking for newpad()... yes\nchecking for ESCDELAY in ncurses.h... yes\nchecking for TABSIZE in ncurses.h... yes\nchecking for COLORS in ncurses.h... yes\nchecking for COLOR_PAIRS in ncurses.h... yes\nchecking for function curses_version in ncurses.h... yes\nchecking for variable curses_version in ncurses.h... no\ncreating Makefile\n\ncurrent directory: /usr/local/bundle/gems/curses-1.0.2/ext/curses\nmake DESTDIR\\= sitearchdir\\=./.gem.20230104-7-q1xe3b sitelibdir\\=./.gem.20230104-7-q1xe3b clean\n\ncurrent directory: /usr/local/bundle/gems/curses-1.0.2/ext/curses\nmake DESTDIR\\= sitearchdir\\=./.gem.20230104-7-q1xe3b sitelibdir\\=./.gem.20230104-7-q1xe3b\ncompiling curses.c\ncurses.c: In function ‘curses_ungetmouse’:\ncurses.c:1325:5: warning: ‘RB_OBJ_TAINTED’ is deprecated: taintedness turned out to be a wrong idea. [-Wdeprecated-declarations]\n 1325 |     GetMOUSE(mevent,mdata);\n      |     ^~~~~~~~\nIn file included from /usr/local/include/ruby-3.2.0/ruby/internal/core/rstring.h:30,\n                 from /usr/local/include/ruby-3.2.0/ruby/internal/arithmetic/char.h:29,\n                 from /usr/local/include/ruby-3.2.0/ruby/internal/arithmetic.h:24,\n                 from /usr/local/include/ruby-3.2.0/ruby/ruby.h:28,\n                 from /usr/local/include/ruby-3.2.0/ruby.h:38,\n                 from curses.c:19:\n/usr/local/include/ruby-3.2.0/ruby/internal/fl_type.h:118:30: note: declared here\n  118 | #define RB_OBJ_TAINTED       RB_OBJ_TAINTED\n      |                              ^~~~~~~~~~~~~~\n/usr/local/include/ruby-3.2.0/ruby/internal/fl_type.h:822:1: note: in expansion of macro ‘RB_OBJ_TAINTED’\n  822 | RB_OBJ_TAINTED(VALUE obj)\n      | ^~~~~~~~~~~~~~\ncurses.c:1260:30: warning: implicit declaration of function ‘rb_safe_level’ [-Wimplicit-function-declaration]\n 1260 |     if (!OBJ_TAINTED(obj) && rb_safe_level() >= 4)\\\n      |                              ^~~~~~~~~~~~~\ncurses.c:1325:5: note: in expansion of macro ‘GetMOUSE’\n 1325 |     GetMOUSE(mevent,mdata);\n      |     ^~~~~~~~\ncurses.c: In function ‘curs_mouse_id’:\ncurses.c:1368:12: warning: ‘RB_OBJ_TAINTED’ is deprecated: taintedness turned out to be a wrong idea. [-Wdeprecated-declarations]\n 1368 |     struct mousedata *mdata; \\\n      |            ^~~~~~~~~\ncurses.c:1378:1: note: in expansion of macro ‘DEFINE_MOUSE_GET_MEMBER’\n 1378 | DEFINE_MOUSE_GET_MEMBER(curs_mouse_id, id)\n      | ^~~~~~~~~~~~~~~~~~~~~~~\nIn file included from /usr/local/include/ruby-3.2.0/ruby/internal/core/rstring.h:30,\n                 from /usr/local/include/ruby-3.2.0/ruby/internal/arithmetic/char.h:29,\n                 from /usr/local/include/ruby-3.2.0/ruby/internal/arithmetic.h:24,\n                 from /usr/local/include/ruby-3.2.0/ruby/ruby.h:28,\n                 from /usr/local/include/ruby-3.2.0/ruby.h:38,\n                 from curses.c:19:\n/usr/local/include/ruby-3.2.0/ruby/internal/fl_type.h:118:30: note: declared here\n  118 | #define RB_OBJ_TAINTED       RB_OBJ_TAINTED\n      |                              ^~~~~~~~~~~~~~\n/usr/local/include/ruby-3.2.0/ruby/internal/fl_type.h:822:1: note: in expansion of macro ‘RB_OBJ_TAINTED’\n  822 | RB_OBJ_TAINTED(VALUE obj)\n      | ^~~~~~~~~~~~~~\ncurses.c: In function ‘curs_mouse_x’:\ncurses.c:1368:12: warning: ‘RB_OBJ_TAINTED’ is deprecated: taintedness turned out to be a wrong idea. [-Wdeprecated-declarations]\n 1368 |     struct mousedata *mdata; \\\n      |            ^~~~~~~~~\ncurses.c:1384:1: note: in expansion of macro ‘DEFINE_MOUSE_GET_MEMBER’\n 1384 | DEFINE_MOUSE_GET_MEMBER(curs_mouse_x, x)\n      | ^~~~~~~~~~~~~~~~~~~~~~~\nIn file included from /usr/local/include/ruby-3.2.0/ruby/internal/core/rstring.h:30,\n                 from /usr/local/include/ruby-3.2.0/ruby/internal/arithmetic/char.h:29,\n                 from /usr/local/include/ruby-3.2.0/ruby/internal/arithmetic.h:24,\n                 from /usr/local/include/ruby-3.2.0/ruby/ruby.h:28,\n                 from /usr/local/include/ruby-3.2.0/ruby.h:38,\n                 from curses.c:19:\n/usr/local/include/ruby-3.2.0/ruby/internal/fl_type.h:118:30: note: declared here\n  118 | #define RB_OBJ_TAINTED       RB_OBJ_TAINTED\n      |                              ^~~~~~~~~~~~~~\n/usr/local/include/ruby-3.2.0/ruby/internal/fl_type.h:822:1: note: in expansion of macro ‘RB_OBJ_TAINTED’\n  822 | RB_OBJ_TAINTED(VALUE obj)\n      | ^~~~~~~~~~~~~~\ncurses.c: In function ‘curs_mouse_y’:\ncurses.c:1368:12: warning: ‘RB_OBJ_TAINTED’ is deprecated: taintedness turned out to be a wrong idea. [-Wdeprecated-declarations]\n 1368 |     struct mousedata *mdata; \\\n      |            ^~~~~~~~~\ncurses.c:1390:1: note: in expansion of macro ‘DEFINE_MOUSE_GET_MEMBER’\n 1390 | DEFINE_MOUSE_GET_MEMBER(curs_mouse_y, y)\n      | ^~~~~~~~~~~~~~~~~~~~~~~\nIn file included from /usr/local/include/ruby-3.2.0/ruby/internal/core/rstring.h:30,\n                 from /usr/local/include/ruby-3.2.0/ruby/internal/arithmetic/char.h:29,\n                 from /usr/local/include/ruby-3.2.0/ruby/internal/arithmetic.h:24,\n                 from /usr/local/include/ruby-3.2.0/ruby/ruby.h:28,\n                 from /usr/local/include/ruby-3.2.0/ruby.h:38,\n                 from curses.c:19:\n/usr/local/include/ruby-3.2.0/ruby/internal/fl_type.h:118:30: note: declared here\n  118 | #define RB_OBJ_TAINTED       RB_OBJ_TAINTED\n      |                              ^~~~~~~~~~~~~~\n/usr/local/include/ruby-3.2.0/ruby/internal/fl_type.h:822:1: note: in expansion of macro ‘RB_OBJ_TAINTED’\n  822 | RB_OBJ_TAINTED(VALUE obj)\n      | ^~~~~~~~~~~~~~\ncurses.c: In function ‘curs_mouse_z’:\ncurses.c:1368:12: warning: ‘RB_OBJ_TAINTED’ is deprecated: taintedness turned out to be a wrong idea. [-Wdeprecated-declarations]\n 1368 |     struct mousedata *mdata; \\\n      |            ^~~~~~~~~\ncurses.c:1396:1: note: in expansion of macro ‘DEFINE_MOUSE_GET_MEMBER’\n 1396 | DEFINE_MOUSE_GET_MEMBER(curs_mouse_z, z)\n      | ^~~~~~~~~~~~~~~~~~~~~~~\nIn file included from /usr/local/include/ruby-3.2.0/ruby/internal/core/rstring.h:30,\n                 from /usr/local/include/ruby-3.2.0/ruby/internal/arithmetic/char.h:29,\n                 from /usr/local/include/ruby-3.2.0/ruby/internal/arithmetic.h:24,\n                 from /usr/local/include/ruby-3.2.0/ruby/ruby.h:28,\n                 from /usr/local/include/ruby-3.2.0/ruby.h:38,\n                 from curses.c:19:\n/usr/local/include/ruby-3.2.0/ruby/internal/fl_type.h:118:30: note: declared here\n  118 | #define RB_OBJ_TAINTED       RB_OBJ_TAINTED\n      |                              ^~~~~~~~~~~~~~\n/usr/local/include/ruby-3.2.0/ruby/internal/fl_type.h:822:1: note: in expansion of macro ‘RB_OBJ_TAINTED’\n  822 | RB_OBJ_TAINTED(VALUE obj)\n      | ^~~~~~~~~~~~~~\ncurses.c: In function ‘curs_mouse_bstate’:\ncurses.c:1368:12: warning: ‘RB_OBJ_TAINTED’ is deprecated: taintedness turned out to be a wrong idea. [-Wdeprecated-declarations]\n 1368 |     struct mousedata *mdata; \\\n      |            ^~~~~~~~~\ncurses.c:1403:1: note: in expansion of macro ‘DEFINE_MOUSE_GET_MEMBER’\n 1403 | DEFINE_MOUSE_GET_MEMBER(curs_mouse_bstate, bstate)\n      | ^~~~~~~~~~~~~~~~~~~~~~~\nIn file included from /usr/local/include/ruby-3.2.0/ruby/internal/core/rstring.h:30,\n                 from /usr/local/include/ruby-3.2.0/ruby/internal/arithmetic/char.h:29,\n                 from /usr/local/include/ruby-3.2.0/ruby/internal/arithmetic.h:24,\n                 from /usr/local/include/ruby-3.2.0/ruby/ruby.h:28,\n                 from /usr/local/include/ruby-3.2.0/ruby.h:38,\n                 from curses.c:19:\n/usr/local/include/ruby-3.2.0/ruby/internal/fl_type.h:118:30: note: declared here\n  118 | #define RB_OBJ_TAINTED       RB_OBJ_TAINTED\n      |                              ^~~~~~~~~~~~~~\n/usr/local/include/ruby-3.2.0/ruby/internal/fl_type.h:822:1: note: in expansion of macro ‘RB_OBJ_TAINTED’\n  822 | RB_OBJ_TAINTED(VALUE obj)\n      | ^~~~~~~~~~~~~~\ncurses.c: In function ‘window_subwin’:\ncurses.c:1525:5: warning: ‘RB_OBJ_TAINTED’ is deprecated: taintedness turned out to be a wrong idea. [-Wdeprecated-declarations]\n 1525 |     GetWINDOW(obj, winp);\n      |     ^~~~~~~~~\nIn file included from /usr/local/include/ruby-3.2.0/ruby/internal/core/rstring.h:30,\n                 from /usr/local/include/ruby-3.2.0/ruby/internal/arithmetic/char.h:29,\n                 from /usr/local/include/ruby-3.2.0/ruby/internal/arithmetic.h:24,\n                 from /usr/local/include/ruby-3.2.0/ruby/ruby.h:28,\n                 from /usr/local/include/ruby-3.2.0/ruby.h:38,\n                 from curses.c:19:\n/usr/local/include/ruby-3.2.0/ruby/internal/fl_type.h:118:30: note: declared here\n  118 | #define RB_OBJ_TAINTED       RB_OBJ_TAINTED\n      |                              ^~~~~~~~~~~~~~\n/usr/local/include/ruby-3.2.0/ruby/internal/fl_type.h:822:1: note: in expansion of macro ‘RB_OBJ_TAINTED’\n  822 | RB_OBJ_TAINTED(VALUE obj)\n      | ^~~~~~~~~~~~~~\ncurses.c: In function ‘window_close’:\ncurses.c:1542:5: warning: ‘RB_OBJ_TAINTED’ is deprecated: taintedness turned out to be a wrong idea. [-Wdeprecated-declarations]\n 1542 |     GetWINDOW(obj, winp);\n      |     ^~~~~~~~~\nIn file included from /usr/local/include/ruby-3.2.0/ruby/internal/core/rstring.h:30,\n                 from /usr/local/include/ruby-3.2.0/ruby/internal/arithmetic/char.h:29,\n                 from /usr/local/include/ruby-3.2.0/ruby/internal/arithmetic.h:24,\n                 from /usr/local/include/ruby-3.2.0/ruby/ruby.h:28,\n                 from /usr/local/include/ruby-3.2.0/ruby.h:38,\n                 from curses.c:19:\n/usr/local/include/ruby-3.2.0/ruby/internal/fl_type.h:118:30: note: declared here\n  118 | #define RB_OBJ_TAINTED       RB_OBJ_TAINTED\n      |                              ^~~~~~~~~~~~~~\n/usr/local/include/ruby-3.2.0/ruby/internal/fl_type.h:822:1: note: in expansion of macro ‘RB_OBJ_TAINTED’\n  822 | RB_OBJ_TAINTED(VALUE obj)\n      | ^~~~~~~~~~~~~~\ncurses.c: In function ‘window_clear’:\ncurses.c:1559:5: warning: ‘RB_OBJ_TAINTED’ is deprecated: taintedness turned out to be a wrong idea. [-Wdeprecated-declarations]\n 1559 |     GetWINDOW(obj, winp);\n      |     ^~~~~~~~~\nIn file included from /usr/local/include/ruby-3.2.0/ruby/internal/core/rstring.h:30,\n                 from /usr/local/include/ruby-3.2.0/ruby/internal/arithmetic/char.h:29,\n                 from /usr/local/include/ruby-3.2.0/ruby/internal/arithmetic.h:24,\n                 from /usr/local/include/ruby-3.2.0/ruby/ruby.h:28,\n                 from /usr/local/include/ruby-3.2.0/ruby.h:38,\n                 from curses.c:19:\n/usr/local/include/ruby-3.2.0/ruby/internal/fl_type.h:118:30: note: declared here\n  118 | #define RB_OBJ_TAINTED       RB_OBJ_TAINTED\n      |                              ^~~~~~~~~~~~~~\n/usr/local/include/ruby-3.2.0/ruby/internal/fl_type.h:822:1: note: in expansion of macro ‘RB_OBJ_TAINTED’\n  822 | RB_OBJ_TAINTED(VALUE obj)\n      | ^~~~~~~~~~~~~~\ncurses.c: In function ‘window_clrtoeol’:\ncurses.c:1575:5: warning: ‘RB_OBJ_TAINTED’ is deprecated: taintedness turned out to be a wrong idea. [-Wdeprecated-declarations]\n 1575 |     GetWINDOW(obj, winp);\n      |     ^~~~~~~~~\nIn file included from /usr/local/include/ruby-3.2.0/ruby/internal/core/rstring.h:30,\n                 from /usr/local/include/ruby-3.2.0/ruby/internal/arithmetic/char.h:29,\n                 from /usr/local/include/ruby-3.2.0/ruby/internal/arithmetic.h:24,\n                 from /usr/local/include/ruby-3.2.0/ruby/ruby.h:28,\n                 from /usr/local/include/ruby-3.2.0/ruby.h:38,\n                 from curses.c:19:\n/usr/local/include/ruby-3.2.0/ruby/internal/fl_type.h:118:30: note: declared here\n  118 | #define RB_OBJ_TAINTED       RB_OBJ_TAINTED\n      |                              ^~~~~~~~~~~~~~\n/usr/local/include/ruby-3.2.0/ruby/internal/fl_type.h:822:1: note: in expansion of macro ‘RB_OBJ_TAINTED’\n  822 | RB_OBJ_TAINTED(VALUE obj)\n      | ^~~~~~~~~~~~~~\ncurses.c: In function ‘window_refresh’:\ncurses.c:1592:5: warning: ‘RB_OBJ_TAINTED’ is deprecated: taintedness turned out to be a wrong idea. [-Wdeprecated-declarations]\n 1592 |     GetWINDOW(obj, winp);\n      |     ^~~~~~~~~\nIn file included from /usr/local/include/ruby-3.2.0/ruby/internal/core/rstring.h:30,\n                 from /usr/local/include/ruby-3.2.0/ruby/internal/arithmetic/char.h:29,\n                 from /usr/local/include/ruby-3.2.0/ruby/internal/arithmetic.h:24,\n                 from /usr/local/include/ruby-3.2.0/ruby/ruby.h:28,\n                 from /usr/local/include/ruby-3.2.0/ruby.h:38,\n                 from curses.c:19:\n/usr/local/include/ruby-3.2.0/ruby/internal/fl_type.h:118:30: note: declared here\n  118 | #define RB_OBJ_TAINTED       RB_OBJ_TAINTED\n      |                              ^~~~~~~~~~~~~~\n/usr/local/include/ruby-3.2.0/ruby/internal/fl_type.h:822:1: note: in expansion of macro ‘RB_OBJ_TAINTED’\n  822 | RB_OBJ_TAINTED(VALUE obj)\n      | ^~~~~~~~~~~~~~\ncurses.c: In function ‘window_noutrefresh’:\ncurses.c:1611:5: warning: ‘RB_OBJ_TAINTED’ is deprecated: taintedness turned out to be a wrong idea. [-Wdeprecated-declarations]\n 1611 |     GetWINDOW(obj, winp);\n      |     ^~~~~~~~~\nIn file included from /usr/local/include/ruby-3.2.0/ruby/internal/core/rstring.h:30,\n                 from /usr/local/include/ruby-3.2.0/ruby/internal/arithmetic/char.h:29,\n                 from /usr/local/include/ruby-3.2.0/ruby/internal/arithmetic.h:24,\n                 from /usr/local/include/ruby-3.2.0/ruby/ruby.h:28,\n                 from /usr/local/include/ruby-3.2.0/ruby.h:38,\n                 from curses.c:19:\n/usr/local/include/ruby-3.2.0/ruby/internal/fl_type.h:118:30: note: declared here\n  118 | #define RB_OBJ_TAINTED       RB_OBJ_TAINTED\n      |                              ^~~~~~~~~~~~~~\n/usr/local/include/ruby-3.2.0/ruby/internal/fl_type.h:822:1: note: in expansion of macro ‘RB_OBJ_TAINTED’\n  822 | RB_OBJ_TAINTED(VALUE obj)\n      | ^~~~~~~~~~~~~~\ncurses.c: In function ‘window_move’:\ncurses.c:1632:5: warning: ‘RB_OBJ_TAINTED’ is deprecated: taintedness turned out to be a wrong idea. [-Wdeprecated-declarations]\n 1632 |     GetWINDOW(obj, winp);\n      |     ^~~~~~~~~\nIn file included from /usr/local/include/ruby-3.2.0/ruby/internal/core/rstring.h:30,\n                 from /usr/local/include/ruby-3.2.0/ruby/internal/arithmetic/char.h:29,\n                 from /usr/local/include/ruby-3.2.0/ruby/internal/arithmetic.h:24,\n                 from /usr/local/include/ruby-3.2.0/ruby/ruby.h:28,\n                 from /usr/local/include/ruby-3.2.0/ruby.h:38,\n                 from curses.c:19:\n/usr/local/include/ruby-3.2.0/ruby/internal/fl_type.h:118:30: note: declared here\n  118 | #define RB_OBJ_TAINTED       RB_OBJ_TAINTED\n      |                              ^~~~~~~~~~~~~~\n/usr/local/include/ruby-3.2.0/ruby/internal/fl_type.h:822:1: note: in expansion of macro ‘RB_OBJ_TAINTED’\n  822 | RB_OBJ_TAINTED(VALUE obj)\n      | ^~~~~~~~~~~~~~\ncurses.c: In function ‘window_setpos’:\ncurses.c:1652:5: warning: ‘RB_OBJ_TAINTED’ is deprecated: taintedness turned out to be a wrong idea. [-Wdeprecated-declarations]\n 1652 |     GetWINDOW(obj, winp);\n      |     ^~~~~~~~~\nIn file included from /usr/local/include/ruby-3.2.0/ruby/internal/core/rstring.h:30,\n                 from /usr/local/include/ruby-3.2.0/ruby/internal/arithmetic/char.h:29,\n                 from /usr/local/include/ruby-3.2.0/ruby/internal/arithmetic.h:24,\n                 from /usr/local/include/ruby-3.2.0/ruby/ruby.h:28,\n                 from /usr/local/include/ruby-3.2.0/ruby.h:38,\n                 from curses.c:19:\n/usr/local/include/ruby-3.2.0/ruby/internal/fl_type.h:118:30: note: declared here\n  118 | #define RB_OBJ_TAINTED       RB_OBJ_TAINTED\n      |                              ^~~~~~~~~~~~~~\n/usr/local/include/ruby-3.2.0/ruby/internal/fl_type.h:822:1: note: in expansion of macro ‘RB_OBJ_TAINTED’\n  822 | RB_OBJ_TAINTED(VALUE obj)\n      | ^~~~~~~~~~~~~~\ncurses.c: In function ‘window_cury’:\ncurses.c:1668:5: warning: ‘RB_OBJ_TAINTED’ is deprecated: taintedness turned out to be a wrong idea. [-Wdeprecated-declarations]\n 1668 |     GetWINDOW(obj, winp);\n      |     ^~~~~~~~~\nIn file included from /usr/local/include/ruby-3.2.0/ruby/internal/core/rstring.h:30,\n                 from /usr/local/include/ruby-3.2.0/ruby/internal/arithmetic/char.h:29,\n                 from /usr/local/include/ruby-3.2.0/ruby/internal/arithmetic.h:24,\n                 from /usr/local/include/ruby-3.2.0/ruby/ruby.h:28,\n                 from /usr/local/include/ruby-3.2.0/ruby.h:38,\n                 from curses.c:19:\n/usr/local/include/ruby-3.2.0/ruby/internal/fl_type.h:118:30: note: declared here\n  118 | #define RB_OBJ_TAINTED       RB_OBJ_TAINTED\n      |                              ^~~~~~~~~~~~~~\n/usr/local/include/ruby-3.2.0/ruby/internal/fl_type.h:822:1: note: in expansion of macro ‘RB_OBJ_TAINTED’\n  822 | RB_OBJ_TAINTED(VALUE obj)\n      | ^~~~~~~~~~~~~~\ncurses.c: In function ‘window_curx’:\ncurses.c:1684:5: warning: ‘RB_OBJ_TAINTED’ is deprecated: taintedness turned out to be a wrong idea. [-Wdeprecated-declarations]\n 1684 |     GetWINDOW(obj, winp);\n      |     ^~~~~~~~~\nIn file included from /usr/local/include/ruby-3.2.0/ruby/internal/core/rstring.h:30,\n                 from /usr/local/include/ruby-3.2.0/ruby/internal/arithmetic/char.h:29,\n                 from /usr/local/include/ruby-3.2.0/ruby/internal/arithmetic.h:24,\n                 from /usr/local/include/ruby-3.2.0/ruby/ruby.h:28,\n                 from /usr/local/include/ruby-3.2.0/ruby.h:38,\n                 from curses.c:19:\n/usr/local/include/ruby-3.2.0/ruby/internal/fl_type.h:118:30: note: declared here\n  118 | #define RB_OBJ_TAINTED       RB_OBJ_TAINTED\n      |                              ^~~~~~~~~~~~~~\n/usr/local/include/ruby-3.2.0/ruby/internal/fl_type.h:822:1: note: in expansion of macro ‘RB_OBJ_TAINTED’\n  822 | RB_OBJ_TAINTED(VALUE obj)\n      | ^~~~~~~~~~~~~~\ncurses.c: In function ‘window_maxy’:\ncurses.c:1699:5: warning: ‘RB_OBJ_TAINTED’ is deprecated: taintedness turned out to be a wrong idea. [-Wdeprecated-declarations]\n 1699 |     GetWINDOW(obj, winp);\n      |     ^~~~~~~~~\nIn file included from /usr/local/include/ruby-3.2.0/ruby/internal/core/rstring.h:30,\n                 from /usr/local/include/ruby-3.2.0/ruby/internal/arithmetic/char.h:29,\n                 from /usr/local/include/ruby-3.2.0/ruby/internal/arithmetic.h:24,\n                 from /usr/local/include/ruby-3.2.0/ruby/ruby.h:28,\n                 from /usr/local/include/ruby-3.2.0/ruby.h:38,\n                 from curses.c:19:\n/usr/local/include/ruby-3.2.0/ruby/internal/fl_type.h:118:30: note: declared here\n  118 | #define RB_OBJ_TAINTED       RB_OBJ_TAINTED\n      |                              ^~~~~~~~~~~~~~\n/usr/local/include/ruby-3.2.0/ruby/internal/fl_type.h:822:1: note: in expansion of macro ‘RB_OBJ_TAINTED’\n  822 | RB_OBJ_TAINTED(VALUE obj)\n      | ^~~~~~~~~~~~~~\ncurses.c: In function ‘window_maxx’:\ncurses.c:1723:5: warning: ‘RB_OBJ_TAINTED’ is deprecated: taintedness turned out to be a wrong idea. [-Wdeprecated-declarations]\n 1723 |     GetWINDOW(obj, winp);\n      |     ^~~~~~~~~\nIn file included from /usr/local/include/ruby-3.2.0/ruby/internal/core/rstring.h:30,\n                 from /usr/local/include/ruby-3.2.0/ruby/internal/arithmetic/char.h:29,\n                 from /usr/local/include/ruby-3.2.0/ruby/internal/arithmetic.h:24,\n                 from /usr/local/include/ruby-3.2.0/ruby/ruby.h:28,\n                 from /usr/local/include/ruby-3.2.0/ruby.h:38,\n                 from curses.c:19:\n/usr/local/include/ruby-3.2.0/ruby/internal/fl_type.h:118:30: note: declared here\n  118 | #define RB_OBJ_TAINTED       RB_OBJ_TAINTED\n      |                              ^~~~~~~~~~~~~~\n/usr/local/include/ruby-3.2.0/ruby/internal/fl_type.h:822:1: note: in expansion of macro ‘RB_OBJ_TAINTED’\n  822 | RB_OBJ_TAINTED(VALUE obj)\n      | ^~~~~~~~~~~~~~\ncurses.c: In function ‘window_begy’:\ncurses.c:1748:5: warning: ‘RB_OBJ_TAINTED’ is deprecated: taintedness turned out to be a wrong idea. [-Wdeprecated-declarations]\n 1748 |     GetWINDOW(obj, winp);\n      |     ^~~~~~~~~\nIn file included from /usr/local/include/ruby-3.2.0/ruby/internal/core/rstring.h:30,\n                 from /usr/local/include/ruby-3.2.0/ruby/internal/arithmetic/char.h:29,\n                 from /usr/local/include/ruby-3.2.0/ruby/internal/arithmetic.h:24,\n                 from /usr/local/include/ruby-3.2.0/ruby/ruby.h:28,\n                 from /usr/local/include/ruby-3.2.0/ruby.h:38,\n                 from curses.c:19:\n/usr/local/include/ruby-3.2.0/ruby/internal/fl_type.h:118:30: note: declared here\n  118 | #define RB_OBJ_TAINTED       RB_OBJ_TAINTED\n      |                              ^~~~~~~~~~~~~~\n/usr/local/include/ruby-3.2.0/ruby/internal/fl_type.h:822:1: note: in expansion of macro ‘RB_OBJ_TAINTED’\n  822 | RB_OBJ_TAINTED(VALUE obj)\n      | ^~~~~~~~~~~~~~\ncurses.c: In function ‘window_begx’:\ncurses.c:1768:5: warning: ‘RB_OBJ_TAINTED’ is deprecated: taintedness turned out to be a wrong idea. [-Wdeprecated-declarations]\n 1768 |     GetWINDOW(obj, winp);\n      |     ^~~~~~~~~\nIn file included from /usr/local/include/ruby-3.2.0/ruby/internal/core/rstring.h:30,\n                 from /usr/local/include/ruby-3.2.0/ruby/internal/arithmetic/char.h:29,\n                 from /usr/local/include/ruby-3.2.0/ruby/internal/arithmetic.h:24,\n                 from /usr/local/include/ruby-3.2.0/ruby/ruby.h:28,\n                 from /usr/local/include/ruby-3.2.0/ruby.h:38,\n                 from curses.c:19:\n/usr/local/include/ruby-3.2.0/ruby/internal/fl_type.h:118:30: note: declared here\n  118 | #define RB_OBJ_TAINTED       RB_OBJ_TAINTED\n      |                              ^~~~~~~~~~~~~~\n/usr/local/include/ruby-3.2.0/ruby/internal/fl_type.h:822:1: note: in expansion of macro ‘RB_OBJ_TAINTED’\n  822 | RB_OBJ_TAINTED(VALUE obj)\n      | ^~~~~~~~~~~~~~\ncurses.c: In function ‘window_box’:\ncurses.c:1796:5: warning: ‘RB_OBJ_TAINTED’ is deprecated: taintedness turned out to be a wrong idea. [-Wdeprecated-declarations]\n 1796 |     GetWINDOW(self, winp);\n      |     ^~~~~~~~~\nIn file included from /usr/local/include/ruby-3.2.0/ruby/internal/core/rstring.h:30,\n                 from /usr/local/include/ruby-3.2.0/ruby/internal/arithmetic/char.h:29,\n                 from /usr/local/include/ruby-3.2.0/ruby/internal/arithmetic.h:24,\n                 from /usr/local/include/ruby-3.2.0/ruby/ruby.h:28,\n                 from /usr/local/include/ruby-3.2.0/ruby.h:38,\n                 from curses.c:19:\n/usr/local/include/ruby-3.2.0/ruby/internal/fl_type.h:118:30: note: declared here\n  118 | #define RB_OBJ_TAINTED       RB_OBJ_TAINTED\n      |                              ^~~~~~~~~~~~~~\n/usr/local/include/ruby-3.2.0/ruby/internal/fl_type.h:822:1: note: in expansion of macro ‘RB_OBJ_TAINTED’\n  822 | RB_OBJ_TAINTED(VALUE obj)\n      | ^~~~~~~~~~~~~~\ncurses.c: In function ‘window_standout’:\ncurses.c:1835:5: warning: ‘RB_OBJ_TAINTED’ is deprecated: taintedness turned out to be a wrong idea. [-Wdeprecated-declarations]\n 1835 |     GetWINDOW(obj, winp);\n      |     ^~~~~~~~~\nIn file included from /usr/local/include/ruby-3.2.0/ruby/internal/core/rstring.h:30,\n                 from /usr/local/include/ruby-3.2.0/ruby/internal/arithmetic/char.h:29,\n                 from /usr/local/include/ruby-3.2.0/ruby/internal/arithmetic.h:24,\n                 from /usr/local/include/ruby-3.2.0/ruby/ruby.h:28,\n                 from /usr/local/include/ruby-3.2.0/ruby.h:38,\n                 from curses.c:19:\n/usr/local/include/ruby-3.2.0/ruby/internal/fl_type.h:118:30: note: declared here\n  118 | #define RB_OBJ_TAINTED       RB_OBJ_TAINTED\n      |                              ^~~~~~~~~~~~~~\n/usr/local/include/ruby-3.2.0/ruby/internal/fl_type.h:822:1: note: in expansion of macro ‘RB_OBJ_TAINTED’\n  822 | RB_OBJ_TAINTED(VALUE obj)\n      | ^~~~~~~~~~~~~~\ncurses.c: In function ‘window_standend’:\ncurses.c:1854:5: warning: ‘RB_OBJ_TAINTED’ is deprecated: taintedness turned out to be a wrong idea. [-Wdeprecated-declarations]\n 1854 |     GetWINDOW(obj, winp);\n      |     ^~~~~~~~~\nIn file included from /usr/local/include/ruby-3.2.0/ruby/internal/core/rstring.h:30,\n                 from /usr/local/include/ruby-3.2.0/ruby/internal/arithmetic/char.h:29,\n                 from /usr/local/include/ruby-3.2.0/ruby/internal/arithmetic.h:24,\n                 from /usr/local/include/ruby-3.2.0/ruby/ruby.h:28,\n                 from /usr/local/include/ruby-3.2.0/ruby.h:38,\n                 from curses.c:19:\n/usr/local/include/ruby-3.2.0/ruby/internal/fl_type.h:118:30: note: declared here\n  118 | #define RB_OBJ_TAINTED       RB_OBJ_TAINTED\n      |                              ^~~~~~~~~~~~~~\n/usr/local/include/ruby-3.2.0/ruby/internal/fl_type.h:822:1: note: in expansion of macro ‘RB_OBJ_TAINTED’\n  822 | RB_OBJ_TAINTED(VALUE obj)\n      | ^~~~~~~~~~~~~~\ncurses.c: In function ‘window_inch’:\ncurses.c:1869:5: warning: ‘RB_OBJ_TAINTED’ is deprecated: taintedness turned out to be a wrong idea. [-Wdeprecated-declarations]\n 1869 |     GetWINDOW(obj, winp);\n      |     ^~~~~~~~~\nIn file included from /usr/local/include/ruby-3.2.0/ruby/internal/core/rstring.h:30,\n                 from /usr/local/include/ruby-3.2.0/ruby/internal/arithmetic/char.h:29,\n                 from /usr/local/include/ruby-3.2.0/ruby/internal/arithmetic.h:24,\n                 from /usr/local/include/ruby-3.2.0/ruby/ruby.h:28,\n                 from /usr/local/include/ruby-3.2.0/ruby.h:38,\n                 from curses.c:19:\n/usr/local/include/ruby-3.2.0/ruby/internal/fl_type.h:118:30: note: declared here\n  118 | #define RB_OBJ_TAINTED       RB_OBJ_TAINTED\n      |                              ^~~~~~~~~~~~~~\n/usr/local/include/ruby-3.2.0/ruby/internal/fl_type.h:822:1: note: in expansion of macro ‘RB_OBJ_TAINTED’\n  822 | RB_OBJ_TAINTED(VALUE obj)\n      | ^~~~~~~~~~~~~~\ncurses.c: In function ‘window_addch’:\ncurses.c:1886:5: warning: ‘RB_OBJ_TAINTED’ is deprecated: taintedness turned out to be a wrong idea. [-Wdeprecated-declarations]\n 1886 |     GetWINDOW(obj, winp);\n      |     ^~~~~~~~~\nIn file included from /usr/local/include/ruby-3.2.0/ruby/internal/core/rstring.h:30,\n                 from /usr/local/include/ruby-3.2.0/ruby/internal/arithmetic/char.h:29,\n                 from /usr/local/include/ruby-3.2.0/ruby/internal/arithmetic.h:24,\n                 from /usr/local/include/ruby-3.2.0/ruby/ruby.h:28,\n                 from /usr/local/include/ruby-3.2.0/ruby.h:38,\n                 from curses.c:19:\n/usr/local/include/ruby-3.2.0/ruby/internal/fl_type.h:118:30: note: declared here\n  118 | #define RB_OBJ_TAINTED       RB_OBJ_TAINTED\n      |                              ^~~~~~~~~~~~~~\n/usr/local/include/ruby-3.2.0/ruby/internal/fl_type.h:822:1: note: in expansion of macro ‘RB_OBJ_TAINTED’\n  822 | RB_OBJ_TAINTED(VALUE obj)\n      | ^~~~~~~~~~~~~~\ncurses.c: In function ‘window_insch’:\ncurses.c:1904:5: warning: ‘RB_OBJ_TAINTED’ is deprecated: taintedness turned out to be a wrong idea. [-Wdeprecated-declarations]\n 1904 |     GetWINDOW(obj, winp);\n      |     ^~~~~~~~~\nIn file included from /usr/local/include/ruby-3.2.0/ruby/internal/core/rstring.h:30,\n                 from /usr/local/include/ruby-3.2.0/ruby/internal/arithmetic/char.h:29,\n                 from /usr/local/include/ruby-3.2.0/ruby/internal/arithmetic.h:24,\n                 from /usr/local/include/ruby-3.2.0/ruby/ruby.h:28,\n                 from /usr/local/include/ruby-3.2.0/ruby.h:38,\n                 from curses.c:19:\n/usr/local/include/ruby-3.2.0/ruby/internal/fl_type.h:118:30: note: declared here\n  118 | #define RB_OBJ_TAINTED       RB_OBJ_TAINTED\n      |                              ^~~~~~~~~~~~~~\n/usr/local/include/ruby-3.2.0/ruby/internal/fl_type.h:822:1: note: in expansion of macro ‘RB_OBJ_TAINTED’\n  822 | RB_OBJ_TAINTED(VALUE obj)\n      | ^~~~~~~~~~~~~~\ncurses.c: In function ‘window_addstr’:\ncurses.c:1925:2: warning: ‘RB_OBJ_TAINTED’ is deprecated: taintedness turned out to be a wrong idea. [-Wdeprecated-declarations]\n 1925 |  GetWINDOW(obj, winp);\n      |  ^~~~~~~~~\nIn file included from /usr/local/include/ruby-3.2.0/ruby/internal/core/rstring.h:30,\n                 from /usr/local/include/ruby-3.2.0/ruby/internal/arithmetic/char.h:29,\n                 from /usr/local/include/ruby-3.2.0/ruby/internal/arithmetic.h:24,\n                 from /usr/local/include/ruby-3.2.0/ruby/ruby.h:28,\n                 from /usr/local/include/ruby-3.2.0/ruby.h:38,\n                 from curses.c:19:\n/usr/local/include/ruby-3.2.0/ruby/internal/fl_type.h:118:30: note: declared here\n  118 | #define RB_OBJ_TAINTED       RB_OBJ_TAINTED\n      |                              ^~~~~~~~~~~~~~\n/usr/local/include/ruby-3.2.0/ruby/internal/fl_type.h:822:1: note: in expansion of macro ‘RB_OBJ_TAINTED’\n  822 | RB_OBJ_TAINTED(VALUE obj)\n      | ^~~~~~~~~~~~~~\ncurses.c: In function ‘window_getch’:\ncurses.c:1976:5: warning: ‘RB_OBJ_TAINTED’ is deprecated: taintedness turned out to be a wrong idea. [-Wdeprecated-declarations]\n 1976 |     GetWINDOW(obj, winp);\n      |     ^~~~~~~~~\nIn file included from /usr/local/include/ruby-3.2.0/ruby/internal/core/rstring.h:30,\n                 from /usr/local/include/ruby-3.2.0/ruby/internal/arithmetic/char.h:29,\n                 from /usr/local/include/ruby-3.2.0/ruby/internal/arithmetic.h:24,\n                 from /usr/local/include/ruby-3.2.0/ruby/ruby.h:28,\n                 from /usr/local/include/ruby-3.2.0/ruby.h:38,\n                 from curses.c:19:\n/usr/local/include/ruby-3.2.0/ruby/internal/fl_type.h:118:30: note: declared here\n  118 | #define RB_OBJ_TAINTED       RB_OBJ_TAINTED\n      |                              ^~~~~~~~~~~~~~\n/usr/local/include/ruby-3.2.0/ruby/internal/fl_type.h:822:1: note: in expansion of macro ‘RB_OBJ_TAINTED’\n  822 | RB_OBJ_TAINTED(VALUE obj)\n      | ^~~~~~~~~~~~~~\ncurses.c: In function ‘window_getstr’:\ncurses.c:2018:5: warning: ‘RB_OBJ_TAINTED’ is deprecated: taintedness turned out to be a wrong idea. [-Wdeprecated-declarations]\n 2018 |     GetWINDOW(obj, winp);\n      |     ^~~~~~~~~\nIn file included from /usr/local/include/ruby-3.2.0/ruby/internal/core/rstring.h:30,\n                 from /usr/local/include/ruby-3.2.0/ruby/internal/arithmetic/char.h:29,\n                 from /usr/local/include/ruby-3.2.0/ruby/internal/arithmetic.h:24,\n                 from /usr/local/include/ruby-3.2.0/ruby/ruby.h:28,\n                 from /usr/local/include/ruby-3.2.0/ruby.h:38,\n                 from curses.c:19:\n/usr/local/include/ruby-3.2.0/ruby/internal/fl_type.h:118:30: note: declared here\n  118 | #define RB_OBJ_TAINTED       RB_OBJ_TAINTED\n      |                              ^~~~~~~~~~~~~~\n/usr/local/include/ruby-3.2.0/ruby/internal/fl_type.h:822:1: note: in expansion of macro ‘RB_OBJ_TAINTED’\n  822 | RB_OBJ_TAINTED(VALUE obj)\n      | ^~~~~~~~~~~~~~\ncurses.c: In function ‘window_delch’:\ncurses.c:2035:5: warning: ‘RB_OBJ_TAINTED’ is deprecated: taintedness turned out to be a wrong idea. [-Wdeprecated-declarati\u001b[0m\u001b[91mons]\n 2035 |     GetWINDOW(obj, winp);\n      |     ^~~~~~~~~\nIn file included from /usr/local/include/ruby-3.2.0/ruby/internal/core/rstring.h:30,\n                 from /usr/local/include/ruby-3.2.0/ruby/internal/arithmetic/char.h:29,\n                 from /usr/local/include/ruby-3.2.0/ruby/internal/arithmetic.h:24,\n                 from /usr/local/include/ruby-3.2.0/ruby/ruby.h:28,\n                 from /usr/local/include/ruby-3.2.0/ruby.h:38,\n                 from curses.c:19:\n/usr/local/include/ruby-3.2.0/ruby/internal/fl_type.h:118:30: note: declared here\n  118 | #define RB_OBJ_TAINTED       RB_OBJ_TAINTED\n      |                              ^~~~~~~~~~~~~~\n/usr/local/include/ruby-3.2.0/ruby/internal/fl_type.h:822:1: note: in expansion of macro ‘RB_OBJ_TAINTED’\n  822 | RB_OBJ_TAINTED(VALUE obj)\n      | ^~~~~~~~~~~~~~\ncurses.c: In function ‘window_deleteln’:\ncurses.c:2052:5: warning: ‘RB_OBJ_TAINTED’ is deprecated: taintedness turned out to be a wrong idea. [-Wdeprecated-declarations]\n 2052 |     GetWINDOW(obj, winp);\n      |     ^~~~~~~~~\nIn file included from /usr/local/include/ruby-3.2.0/ruby/internal/core/rstring.h:30,\n                 from /usr/local/include/ruby-3.2.0/ruby/internal/arithmetic/char.h:29,\n                 from /usr/local/include/ruby-3.2.0/ruby/internal/arithmetic.h:24,\n                 from /usr/local/include/ruby-3.2.0/ruby/ruby.h:28,\n                 from /usr/local/include/ruby-3.2.0/ruby.h:38,\n                 from curses.c:19:\n/usr/local/include/ruby-3.2.0/ruby/internal/fl_type.h:118:30: note: declared here\n  118 | #define RB_OBJ_TAINTED       RB_OBJ_TAINTED\n      |                              ^~~~~~~~~~~~~~\n/usr/local/include/ruby-3.2.0/ruby/internal/fl_type.h:822:1: note: in expansion of macro ‘RB_OBJ_TAINTED’\n  822 | RB_OBJ_TAINTED(VALUE obj)\n      | ^~~~~~~~~~~~~~\ncurses.c: In function ‘window_insertln’:\ncurses.c:2070:5: warning: ‘RB_OBJ_TAINTED’ is deprecated: taintedness turned out to be a wrong idea. [-Wdeprecated-declarations]\n 2070 |     GetWINDOW(obj, winp);\n      |     ^~~~~~~~~\nIn file included from /usr/local/include/ruby-3.2.0/ruby/internal/core/rstring.h:30,\n                 from /usr/local/include/ruby-3.2.0/ruby/internal/arithmetic/char.h:29,\n                 from /usr/local/include/ruby-3.2.0/ruby/internal/arithmetic.h:24,\n                 from /usr/local/include/ruby-3.2.0/ruby/ruby.h:28,\n                 from /usr/local/include/ruby-3.2.0/ruby.h:38,\n                 from curses.c:19:\n/usr/local/include/ruby-3.2.0/ruby/internal/fl_type.h:118:30: note: declared here\n  118 | #define RB_OBJ_TAINTED       RB_OBJ_TAINTED\n      |                              ^~~~~~~~~~~~~~\n/usr/local/include/ruby-3.2.0/ruby/internal/fl_type.h:822:1: note: in expansion of macro ‘RB_OBJ_TAINTED’\n  822 | RB_OBJ_TAINTED(VALUE obj)\n      | ^~~~~~~~~~~~~~\ncurses.c: In function ‘window_scrollok’:\ncurses.c:2096:5: warning: ‘RB_OBJ_TAINTED’ is deprecated: taintedness turned out to be a wrong idea. [-Wdeprecated-declarations]\n 2096 |     GetWINDOW(obj, winp);\n      |     ^~~~~~~~~\nIn file included from /usr/local/include/ruby-3.2.0/ruby/internal/core/rstring.h:30,\n                 from /usr/local/include/ruby-3.2.0/ruby/internal/arithmetic/char.h:29,\n                 from /usr/local/include/ruby-3.2.0/ruby/internal/arithmetic.h:24,\n                 from /usr/local/include/ruby-3.2.0/ruby/ruby.h:28,\n                 from /usr/local/include/ruby-3.2.0/ruby.h:38,\n                 from curses.c:19:\n/usr/local/include/ruby-3.2.0/ruby/internal/fl_type.h:118:30: note: declared here\n  118 | #define RB_OBJ_TAINTED       RB_OBJ_TAINTED\n      |                              ^~~~~~~~~~~~~~\n/usr/local/include/ruby-3.2.0/ruby/internal/fl_type.h:822:1: note: in expansion of macro ‘RB_OBJ_TAINTED’\n  822 | RB_OBJ_TAINTED(VALUE obj)\n      | ^~~~~~~~~~~~~~\ncurses.c: In function ‘window_idlok’:\ncurses.c:2122:5: warning: ‘RB_OBJ_TAINTED’ is deprecated: taintedness turned out to be a wrong idea. [-Wdeprecated-declarations]\n 2122 |     GetWINDOW(obj, winp);\n      |     ^~~~~~~~~\nIn file included from /usr/local/include/ruby-3.2.0/ruby/internal/core/rstring.h:30,\n                 from /usr/local/include/ruby-3.2.0/ruby/internal/arithmetic/char.h:29,\n                 from /usr/local/include/ruby-3.2.0/ruby/internal/arithmetic.h:24,\n                 from /usr/local/include/ruby-3.2.0/ruby/ruby.h:28,\n                 from /usr/local/include/ruby-3.2.0/ruby.h:38,\n                 from curses.c:19:\n/usr/local/include/ruby-3.2.0/ruby/internal/fl_type.h:118:30: note: declared here\n  118 | #define RB_OBJ_TAINTED       RB_OBJ_TAINTED\n      |                              ^~~~~~~~~~~~~~\n/usr/local/include/ruby-3.2.0/ruby/internal/fl_type.h:822:1: note: in expansion of macro ‘RB_OBJ_TAINTED’\n  822 | RB_OBJ_TAINTED(VALUE obj)\n      | ^~~~~~~~~~~~~~\ncurses.c: In function ‘window_setscrreg’:\ncurses.c:2148:5: warning: ‘RB_OBJ_TAINTED’ is deprecated: taintedness turned out to be a wrong idea. [-Wdeprecated-declarations]\n 2148 |     GetWINDOW(obj, winp);\n      |     ^~~~~~~~~\nIn file included from /usr/local/include/ruby-3.2.0/ruby/internal/core/rstring.h:30,\n                 from /usr/local/include/ruby-3.2.0/ruby/internal/arithmetic/char.h:29,\n                 from /usr/local/include/ruby-3.2.0/ruby/internal/arithmetic.h:24,\n                 from /usr/local/include/ruby-3.2.0/ruby/ruby.h:28,\n                 from /usr/local/include/ruby-3.2.0/ruby.h:38,\n                 from curses.c:19:\n/usr/local/include/ruby-3.2.0/ruby/internal/fl_type.h:118:30: note: declared here\n  118 | #define RB_OBJ_TAINTED       RB_OBJ_TAINTED\n      |                              ^~~~~~~~~~~~~~\n/usr/local/include/ruby-3.2.0/ruby/internal/fl_type.h:822:1: note: in expansion of macro ‘RB_OBJ_TAINTED’\n  822 | RB_OBJ_TAINTED(VALUE obj)\n      | ^~~~~~~~~~~~~~\ncurses.c: In function ‘window_color_set’:\ncurses.c:2171:5: warning: ‘RB_OBJ_TAINTED’ is deprecated: taintedness turned out to be a wrong idea. [-Wdeprecated-declarations]\n 2171 |     GetWINDOW(obj, winp);\n      |     ^~~~~~~~~\nIn file included from /usr/local/include/ruby-3.2.0/ruby/internal/core/rstring.h:30,\n                 from /usr/local/include/ruby-3.2.0/ruby/internal/arithmetic/char.h:29,\n                 from /usr/local/include/ruby-3.2.0/ruby/internal/arithmetic.h:24,\n                 from /usr/local/include/ruby-3.2.0/ruby/ruby.h:28,\n                 from /usr/local/include/ruby-3.2.0/ruby.h:38,\n                 from curses.c:19:\n/usr/local/include/ruby-3.2.0/ruby/internal/fl_type.h:118:30: note: declared here\n  118 | #define RB_OBJ_TAINTED       RB_OBJ_TAINTED\n      |                              ^~~~~~~~~~~~~~\n/usr/local/include/ruby-3.2.0/ruby/internal/fl_type.h:822:1: note: in expansion of macro ‘RB_OBJ_TAINTED’\n  822 | RB_OBJ_TAINTED(VALUE obj)\n      | ^~~~~~~~~~~~~~\ncurses.c: In function ‘window_scroll’:\ncurses.c:2187:5: warning: ‘RB_OBJ_TAINTED’ is deprecated: taintedness turned out to be a wrong idea. [-Wdeprecated-declarations]\n 2187 |     GetWINDOW(obj, winp);\n      |     ^~~~~~~~~\nIn file included from /usr/local/include/ruby-3.2.0/ruby/internal/core/rstring.h:30,\n                 from /usr/local/include/ruby-3.2.0/ruby/internal/arithmetic/char.h:29,\n                 from /usr/local/include/ruby-3.2.0/ruby/internal/arithmetic.h:24,\n                 from /usr/local/include/ruby-3.2.0/ruby/ruby.h:28,\n                 from /usr/local/include/ruby-3.2.0/ruby.h:38,\n                 from curses.c:19:\n/usr/local/include/ruby-3.2.0/ruby/internal/fl_type.h:118:30: note: declared here\n  118 | #define RB_OBJ_TAINTED       RB_OBJ_TAINTED\n      |                              ^~~~~~~~~~~~~~\n/usr/local/include/ruby-3.2.0/ruby/internal/fl_type.h:822:1: note: in expansion of macro ‘RB_OBJ_TAINTED’\n  822 | RB_OBJ_TAINTED(VALUE obj)\n      | ^~~~~~~~~~~~~~\ncurses.c: In function ‘window_scrl’:\ncurses.c:2210:5: warning: ‘RB_OBJ_TAINTED’ is deprecated: taintedness turned out to be a wrong idea. [-Wdeprecated-declarations]\n 2210 |     GetWINDOW(obj, winp);\n      |     ^~~~~~~~~\nIn file included from /usr/local/include/ruby-3.2.0/ruby/internal/core/rstring.h:30,\n                 from /usr/local/include/ruby-3.2.0/ruby/internal/arithmetic/char.h:29,\n                 from /usr/local/include/ruby-3.2.0/ruby/internal/arithmetic.h:24,\n                 from /usr/local/include/ruby-3.2.0/ruby/ruby.h:28,\n                 from /usr/local/include/ruby-3.2.0/ruby.h:38,\n                 from curses.c:19:\n/usr/local/include/ruby-3.2.0/ruby/internal/fl_type.h:118:30: note: declared here\n  118 | #define RB_OBJ_TAINTED       RB_OBJ_TAINTED\n      |                              ^~~~~~~~~~~~~~\n/usr/local/include/ruby-3.2.0/ruby/internal/fl_type.h:822:1: note: in expansion of macro ‘RB_OBJ_TAINTED’\n  822 | RB_OBJ_TAINTED(VALUE obj)\n      | ^~~~~~~~~~~~~~\ncurses.c: In function ‘window_attroff’:\ncurses.c:2232:5: warning: ‘RB_OBJ_TAINTED’ is deprecated: taintedness turned out to be a wrong idea. [-Wdeprecated-declarations]\n 2232 |     GetWINDOW(obj,winp);\n      |     ^~~~~~~~~\nIn file included from /usr/local/include/ruby-3.2.0/ruby/internal/core/rstring.h:30,\n                 from /usr/local/include/ruby-3.2.0/ruby/internal/arithmetic/char.h:29,\n                 from /usr/local/include/ruby-3.2.0/ruby/internal/arithmetic.h:24,\n                 from /usr/local/include/ruby-3.2.0/ruby/ruby.h:28,\n                 from /usr/local/include/ruby-3.2.0/ruby.h:38,\n                 from curses.c:19:\n/usr/local/include/ruby-3.2.0/ruby/internal/fl_type.h:118:30: note: declared here\n  118 | #define RB_OBJ_TAINTED       RB_OBJ_TAINTED\n      |                              ^~~~~~~~~~~~~~\n/usr/local/include/ruby-3.2.0/ruby/internal/fl_type.h:822:1: note: in expansion of macro ‘RB_OBJ_TAINTED’\n  822 | RB_OBJ_TAINTED(VALUE obj)\n      | ^~~~~~~~~~~~~~\ncurses.c: In function ‘window_attron’:\ncurses.c:2255:5: warning: ‘RB_OBJ_TAINTED’ is deprecated: taintedness turned out to be a wrong idea. [-Wdeprecated-declarations]\n 2255 |     GetWINDOW(obj,winp);\n      |     ^~~~~~~~~\nIn file included from /usr/local/include/ruby-3.2.0/ruby/internal/core/rstring.h:30,\n                 from /usr/local/include/ruby-3.2.0/ruby/internal/arithmetic/char.h:29,\n                 from /usr/local/include/ruby-3.2.0/ruby/internal/arithmetic.h:24,\n                 from /usr/local/include/ruby-3.2.0/ruby/ruby.h:28,\n                 from /usr/local/include/ruby-3.2.0/ruby.h:38,\n                 from curses.c:19:\n/usr/local/include/ruby-3.2.0/ruby/internal/fl_type.h:118:30: note: declared here\n  118 | #define RB_OBJ_TAINTED       RB_OBJ_TAINTED\n      |                              ^~~~~~~~~~~~~~\n/usr/local/include/ruby-3.2.0/ruby/internal/fl_type.h:822:1: note: in expansion of macro ‘RB_OBJ_TAINTED’\n  822 | RB_OBJ_TAINTED(VALUE obj)\n      | ^~~~~~~~~~~~~~\ncurses.c: In function ‘window_attrset’:\ncurses.c:2302:5: warning: ‘RB_OBJ_TAINTED’ is deprecated: taintedness turned out to be a wrong idea. [-Wdeprecated-declarations]\n 2302 |     GetWINDOW(obj,winp);\n      |     ^~~~~~~~~\nIn file included from /usr/local/include/ruby-3.2.0/ruby/internal/core/rstring.h:30,\n                 from /usr/local/include/ruby-3.2.0/ruby/internal/arithmetic/char.h:29,\n                 from /usr/local/include/ruby-3.2.0/ruby/internal/arithmetic.h:24,\n                 from /usr/local/include/ruby-3.2.0/ruby/ruby.h:28,\n                 from /usr/local/include/ruby-3.2.0/ruby.h:38,\n                 from curses.c:19:\n/usr/local/include/ruby-3.2.0/ruby/internal/fl_type.h:118:30: note: declared here\n  118 | #define RB_OBJ_TAINTED       RB_OBJ_TAINTED\n      |                              ^~~~~~~~~~~~~~\n/usr/local/include/ruby-3.2.0/ruby/internal/fl_type.h:822:1: note: in expansion of macro ‘RB_OBJ_TAINTED’\n  822 | RB_OBJ_TAINTED(VALUE obj)\n      | ^~~~~~~~~~~~~~\ncurses.c: In function ‘window_bkgdset’:\ncurses.c:2324:5: warning: ‘RB_OBJ_TAINTED’ is deprecated: taintedness turned out to be a wrong idea. [-Wdeprecated-declarations]\n 2324 |     GetWINDOW(obj,winp);\n      |     ^~~~~~~~~\nIn file included from /usr/local/include/ruby-3.2.0/ruby/internal/core/rstring.h:30,\n                 from /usr/local/include/ruby-3.2.0/ruby/internal/arithmetic/char.h:29,\n                 from /usr/local/include/ruby-3.2.0/ruby/internal/arithmetic.h:24,\n                 from /usr/local/include/ruby-3.2.0/ruby/ruby.h:28,\n                 from /usr/local/include/ruby-3.2.0/ruby.h:38,\n                 from curses.c:19:\n/usr/local/include/ruby-3.2.0/ruby/internal/fl_type.h:118:30: note: declared here\n  118 | #define RB_OBJ_TAINTED       RB_OBJ_TAINTED\n      |                              ^~~~~~~~~~~~~~\n/usr/local/include/ruby-3.2.0/ruby/internal/fl_type.h:822:1: note: in expansion of macro ‘RB_OBJ_TAINTED’\n  822 | RB_OBJ_TAINTED(VALUE obj)\n      | ^~~~~~~~~~~~~~\ncurses.c: In function ‘window_bkgd’:\ncurses.c:2345:5: warning: ‘RB_OBJ_TAINTED’ is deprecated: taintedness turned out to be a wrong idea. [-Wdeprecated-declarations]\n 2345 |     GetWINDOW(obj,winp);\n      |     ^~~~~~~~~\nIn file included from /usr/local/include/ruby-3.2.0/ruby/internal/core/rstring.h:30,\n                 from /usr/local/include/ruby-3.2.0/ruby/internal/arithmetic/char.h:29,\n                 from /usr/local/include/ruby-3.2.0/ruby/internal/arithmetic.h:24,\n                 from /usr/local/include/ruby-3.2.0/ruby/ruby.h:28,\n                 from /usr/local/include/ruby-3.2.0/ruby.h:38,\n                 from curses.c:19:\n/usr/local/include/ruby-3.2.0/ruby/internal/fl_type.h:118:30: note: declared here\n  118 | #define RB_OBJ_TAINTED       RB_OBJ_TAINTED\n      |                              ^~~~~~~~~~~~~~\n/usr/local/include/ruby-3.2.0/ruby/internal/fl_type.h:822:1: note: in expansion of macro ‘RB_OBJ_TAINTED’\n  822 | RB_OBJ_TAINTED(VALUE obj)\n      | ^~~~~~~~~~~~~~\ncurses.c: In function ‘window_resize’:\ncurses.c:2384:5: warning: ‘RB_OBJ_TAINTED’ is deprecated: taintedness turned out to be a wrong idea. [-Wdeprecated-declarations]\n 2384 |     GetWINDOW(obj,winp);\n      |     ^~~~~~~~~\nIn file included from /usr/local/include/ruby-3.2.0/ruby/internal/core/rstring.h:30,\n                 from /usr/local/include/ruby-3.2.0/ruby/internal/arithmetic/char.h:29,\n                 from /usr/local/include/ruby-3.2.0/ruby/internal/arithmetic.h:24,\n                 from /usr/local/include/ruby-3.2.0/ruby/ruby.h:28,\n                 from /usr/local/include/ruby-3.2.0/ruby.h:38,\n                 from curses.c:19:\n/usr/local/include/ruby-3.2.0/ruby/internal/fl_type.h:118:30: note: declared here\n  118 | #define RB_OBJ_TAINTED       RB_OBJ_TAINTED\n      |                              ^~~~~~~~~~~~~~\n/usr/local/include/ruby-3.2.0/ruby/internal/fl_type.h:822:1: note: in expansion of macro ‘RB_OBJ_TAINTED’\n  822 | RB_OBJ_TAINTED(VALUE obj)\n      | ^~~~~~~~~~~~~~\ncurses.c: In function ‘window_keypad’:\ncurses.c:2425:5: warning: ‘RB_OBJ_TAINTED’ is deprecated: taintedness turned out to be a wrong idea. [-Wdeprecated-declarations]\n 2425 |     GetWINDOW(obj,winp);\n      |     ^~~~~~~~~\nIn file included from /usr/local/include/ruby-3.2.0/ruby/internal/core/rstring.h:30,\n                 from /usr/local/include/ruby-3.2.0/ruby/internal/arithmetic/char.h:29,\n                 from /usr/local/include/ruby-3.2.0/ruby/internal/arithmetic.h:24,\n                 from /usr/local/include/ruby-3.2.0/ruby/ruby.h:28,\n                 from /usr/local/include/ruby-3.2.0/ruby.h:38,\n                 from curses.c:19:\n/usr/local/include/ruby-3.2.0/ruby/internal/fl_type.h:118:30: note: declared here\n  118 | #define RB_OBJ_TAINTED       RB_OBJ_TAINTED\n      |                              ^~~~~~~~~~~~~~\n/usr/local/include/ruby-3.2.0/ruby/internal/fl_type.h:822:1: note: in expansion of macro ‘RB_OBJ_TAINTED’\n  822 | RB_OBJ_TAINTED(VALUE obj)\n      | ^~~~~~~~~~~~~~\ncurses.c: In function ‘window_nodelay’:\ncurses.c:2457:5: warning: ‘RB_OBJ_TAINTED’ is deprecated: taintedness turned out to be a wrong idea. [-Wdeprecated-declarations]\n 2457 |     GetWINDOW(obj,winp);\n      |     ^~~~~~~~~\nIn file included from /usr/local/include/ruby-3.2.0/ruby/internal/core/rstring.h:30,\n                 from /usr/local/include/ruby-3.2.0/ruby/internal/arithmetic/char.h:29,\n                 from /usr/local/include/ruby-3.2.0/ruby/internal/arithmetic.h:24,\n                 from /usr/local/include/ruby-3.2.0/ruby/ruby.h:28,\n                 from /usr/local/include/ruby-3.2.0/ruby.h:38,\n                 from curses.c:19:\n/usr/local/include/ruby-3.2.0/ruby/internal/fl_type.h:118:30: note: declared here\n  118 | #define RB_OBJ_TAINTED       RB_OBJ_TAINTED\n      |                              ^~~~~~~~~~~~~~\n/usr/local/include/ruby-3.2.0/ruby/internal/fl_type.h:822:1: note: in expansion of macro ‘RB_OBJ_TAINTED’\n  822 | RB_OBJ_TAINTED(VALUE obj)\n      | ^~~~~~~~~~~~~~\ncurses.c: In function ‘window_timeout’:\ncurses.c:2486:5: warning: ‘RB_OBJ_TAINTED’ is deprecated: taintedness turned out to be a wrong idea. [-Wdeprecated-declarations]\n 2486 |     GetWINDOW(obj,winp);\n      |     ^~~~~~~~~\nIn file included from /usr/local/include/ruby-3.2.0/ruby/internal/core/rstring.h:30,\n                 from /usr/local/include/ruby-3.2.0/ruby/internal/arithmetic/char.h:29,\n                 from /usr/local/include/ruby-3.2.0/ruby/internal/arithmetic.h:24,\n                 from /usr/local/include/ruby-3.2.0/ruby/ruby.h:28,\n                 from /usr/local/include/ruby-3.2.0/ruby.h:38,\n                 from curses.c:19:\n/usr/local/include/ruby-3.2.0/ruby/internal/fl_type.h:118:30: note: declared here\n  118 | #define RB_OBJ_TAINTED       RB_OBJ_TAINTED\n      |                              ^~~~~~~~~~~~~~\n/usr/local/include/ruby-3.2.0/ruby/internal/fl_type.h:822:1: note: in expansion of macro ‘RB_OBJ_TAINTED’\n  822 | RB_OBJ_TAINTED(VALUE obj)\n      | ^~~~~~~~~~~~~~\ncurses.c: In function ‘pad_refresh’:\ncurses.c:2582:5: warning: ‘RB_OBJ_TAINTED’ is deprecated: taintedness turned out to be a wrong idea. [-Wdeprecated-declarations]\n 2582 |     GetWINDOW(obj, padp);\n      |     ^~~~~~~~~\nIn file included from /usr/local/include/ruby-3.2.0/ruby/internal/core/rstring.h:30,\n                 from /usr/local/include/ruby-3.2.0/ruby/internal/arithmetic/char.h:29,\n                 from /usr/local/include/ruby-3.2.0/ruby/internal/arithmetic.h:24,\n                 from /usr/local/include/ruby-3.2.0/ruby/ruby.h:28,\n                 from /usr/local/include/ruby-3.2.0/ruby.h:38,\n                 from curses.c:19:\n/usr/local/include/ruby-3.2.0/ruby/internal/fl_type.h:118:30: note: declared here\n  118 | #define RB_OBJ_TAINTED       RB_OBJ_TAINTED\n      |                              ^~~~~~~~~~~~~~\n/usr/local/include/ruby-3.2.0/ruby/internal/fl_type.h:822:1: note: in expansion of macro ‘RB_OBJ_TAINTED’\n  822 | RB_OBJ_TAINTED(VALUE obj)\n      | ^~~~~~~~~~~~~~\ncurses.c: In function ‘pad_noutrefresh’:\ncurses.c:2614:5: warning: ‘RB_OBJ_TAINTED’ is deprecated: taintedness turned out to be a wrong idea. [-Wdeprecated-declarations]\n 2614 |     GetWINDOW(obj, padp);\n      |     ^~~~~~~~~\nIn file included from /usr/local/include/ruby-3.2.0/ruby/internal/core/rstring.h:30,\n                 from /usr/local/include/ruby-3.2.0/ruby/internal/arithmetic/char.h:29,\n                 from /usr/local/include/ruby-3.2.0/ruby/internal/arithmetic.h:24,\n                 from /usr/local/include/ruby-3.2.0/ruby/ruby.h:28,\n                 from /usr/local/include/ruby-3.2.0/ruby.h:38,\n                 from curses.c:19:\n/usr/local/include/ruby-3.2.0/ruby/internal/fl_type.h:118:30: note: declared here\n  118 | #define RB_OBJ_TAINTED       RB_OBJ_TAINTED\n      |                              ^~~~~~~~~~~~~~\n/usr/local/include/ruby-3.2.0/ruby/internal/fl_type.h:822:1: note: in expansion of macro ‘RB_OBJ_TAINTED’\n  822 | RB_OBJ_TAINTED(VALUE obj)\n      | ^~~~~~~~~~~~~~\nIn file included from /usr/local/include/ruby-3.2.0/ruby/ruby.h:27,\n                 from /usr/local/include/ruby-3.2.0/ruby.h:38,\n                 from curses.c:19:\ncurses.c: In function ‘Init_curses’:\n/usr/local/include/ruby-3.2.0/ruby/internal/anyargs.h:338:142: warning: passing argument 3 of ‘rb_define_module_function_00’ from incompatible pointer type [-Wincompatible-pointer-types]\n  338 | #define rb_define_module_function(mod, mid, func, arity)    RBIMPL_ANYARGS_DISPATCH_rb_define_module_function((arity), (func))((mod), (mid), (func), (arity))\n      |                                                                                                                                              ^~~~~~\n      |                                                                                                                                              |\n      |                                                                                                                                              VALUE (*)(void) {aka long unsigned int (*)(void)}\ncurses.c:2703:5: note: in expansion of macro ‘rb_define_module_function’\n 2703 |     rb_define_module_function(mCurses, \"init_screen\", curses_init_screen, 0);\n      |     ^~~~~~~~~~~~~~~~~~~~~~~~~\n/usr/local/include/ruby-3.2.0/ruby/internal/anyargs.h:274:21: note: expected ‘VALUE (*)(VALUE)’ {aka ‘long unsigned int (*)(long unsigned int)’} but argument is of type ‘VALUE (*)(void)’ {aka ‘long unsigned int (*)(void)’}\n  274 | RBIMPL_ANYARGS_DECL(rb_define_module_function, VALUE, const char *)\n      |                     ^~~~~~~~~~~~~~~~~~~~~~~~~\n/usr/local/include/ruby-3.2.0/ruby/internal/anyargs.h:255:41: note: in definition of macro ‘RBIMPL_ANYARGS_DECL’\n  255 | RBIMPL_ANYARGS_ATTRSET(sym) static void sym ## _00(__VA_ARGS__, VALUE(*)(VALUE), int); \\\n      |                                         ^~~\n/usr/local/include/ruby-3.2.0/ruby/internal/anyargs.h:338:142: warning: passing argument 3 of ‘rb_define_module_function_00’ from incompatible pointer type [-Wincompatible-pointer-types]\n  338 | #define rb_define_module_function(mod, mid, func, arity)    RBIMPL_ANYARGS_DISPATCH_rb_define_module_function((arity), (func))((mod), (mid), (func), (arity))\n      |                                                                                                                                              ^~~~~~\n      |                                                                                                                                              |\n      |                                                                                                                                              VALUE (*)(void) {aka long unsigned int (*)(void)}\ncurses.c:2704:5: note: in expansion of macro ‘rb_define_module_function’\n 2704 |     rb_define_module_function(mCurses, \"close_screen\", curses_close_screen, 0);\n      |     ^~~~~~~~~~~~~~~~~~~~~~~~~\n/usr/local/include/ruby-3.2.0/ruby/internal/anyargs.h:274:21: note: expected ‘VALUE (*)(VALUE)’ {aka ‘long unsigned int (*)(long unsigned int)’} but argument is of type ‘VALUE (*)(void)’ {aka ‘long unsigned int (*)(void)’}\n  274 | RBIMPL_ANYARGS_DECL(rb_define_module_function, VALUE, const char *)\n      |                     ^~~~~~~~~~~~~~~~~~~~~~~~~\n/usr/local/include/ruby-3.2.0/ruby/internal/anyargs.h:255:41: note: in definition of macro ‘RBIMPL_ANYARGS_DECL’\n  255 | RBIMPL_ANYARGS_ATTRSET(sym) static void sym ## _00(__VA_ARGS__, VALUE(*)(VALUE), int); \\\n      |                                         ^~~\n/usr/local/include/ruby-3.2.0/ruby/internal/anyargs.h:338:142: warning: passing argument 3 of ‘rb_define_module_function_00’ from incompatible pointer type [-Wincompatible-pointer-types]\n  338 | #define rb_define_module_function(mod, mid, func, arity)    RBIMPL_ANYARGS_DISPATCH_rb_define_module_function((arity), (func))((mod), (mid), (func), (arity))\n      |                                                                                                                                              ^~~~~~\n      |                                                                                                                                              |\n      |                                                                                                                                              VALUE (*)(void) {aka long unsigned int (*)(void)}\ncurses.c:2705:5: note: in expansion of macro ‘rb_define_module_function’\n 2705 |     rb_define_module_function(mCurses, \"closed?\", curses_closed, 0);\n      |     ^~~~~~~~~~~~~~~~~~~~~~~~~\n/usr/local/include/ruby-3.2.0/ruby/internal/anyargs.h:274:21: note: expected ‘VALUE (*)(VALUE)’ {aka ‘long unsigned int (*)(long unsigned int)’} but argument is of type ‘VALUE (*)(void)’ {aka ‘long unsigned int (*)(void)’}\n  274 | RBIMPL_ANYARGS_DECL(rb_define_module_function, VALUE, const char *)\n      |                     ^~~~~~~~~~~~~~~~~~~~~~~~~\n/usr/local/include/ruby-3.2.0/ruby/internal/anyargs.h:255:41: note: in definition of macro ‘RBIMPL_ANYARGS_DECL’\n  255 | RBIMPL_ANYARGS_ATTRSET(sym) static void sym ## _00(__VA_ARGS__, VALUE(*)(VALUE), int); \\\n      |                                         ^~~\n/usr/local/include/ruby-3.2.0/ruby/internal/anyargs.h:338:142: warning: passing argument 3 of ‘rb_define_module_function_00’ from incompatible pointer type [-Wincompatible-pointer-types]\n  338 | #define rb_define_module_function(mod, mid, func, arity)    RBIMPL_ANYARGS_DISPATCH_rb_define_module_function((arity), (func))((mod), (mid), (func), (arity))\n      |                                                                                                                                              ^~~~~~\n      |                                                                                                                                              |\n      |                                                                                                                                              VALUE (*)(void) {aka long unsigned int (*)(void)}\ncurses.c:2706:5: note: in expansion of macro ‘rb_define_module_function’\n 2706 |     rb_define_module_function(mCurses, \"stdscr\", curses_stdscr, 0);\n      |     ^~~~~~~~~~~~~~~~~~~~~~~~~\n/usr/local/include/ruby-3.2.0/ruby/internal/anyargs.h:274:21: note: expected ‘VALUE (*)(VALUE)’ {aka ‘long unsigned int (*)(long unsigned int)’} but argument is of type ‘VALUE (*)(void)’ {aka ‘long unsigned int (*)(void)’}\n  274 | RBIMPL_ANYARGS_DECL(rb_define_module_function, VALUE, const char *)\n      |                     ^~~~~~~~~~~~~~~~~~~~~~~~~\n/usr/local/include/ruby-3.2.0/ruby/internal/anyargs.h:255:41: note: in definition of macro ‘RBIMPL_ANYARGS_DECL’\n  255 | RBIMPL_ANYARGS_ATTRSET(sym) static void sym ## _00(__VA_ARGS__, VALUE(*)(VALUE), int); \\\n      |                                         ^~~\n/usr/local/include/ruby-3.2.0/ruby/internal/anyargs.h:338:142: warning: passing argument 3 of ‘rb_define_module_function_00’ from incompatible pointer type [-Wincompatible-pointer-types]\n  338 | #define rb_define_module_function(mod, mid, func, arity)    RBIMPL_ANYARGS_DISPATCH_rb_define_module_function((arity), (func))((mod), (mid), (func), (arity))\n      |                                                                                                                                              ^~~~~~\n      |                                                                                                                                              |\n      |                                                                                                                                              VALUE (*)(void) {aka long unsigned int (*)(void)}\ncurses.c:2710:5: note: in expansion of macro ‘rb_define_module_function’\n 2710 |     rb_define_module_function(mCurses, \"clrtoeol\", curses_clrtoeol, 0);\n      |     ^~~~~~~~~~~~~~~~~~~~~~~~~\n/usr/local/include/ruby-3.2.0/ruby/internal/anyargs.h:274:21: note: expected ‘VALUE (*)(VALUE)’ {aka ‘long unsigned int (*)(long unsigned int)’} but argument is of type ‘VALUE (*)(void)’ {aka ‘long unsigned int (*)(void)’}\n  274 | RBIMPL_ANYARGS_DECL(rb_define_module_function, VALUE, const char *)\n      |                     ^~~~~~~~~~~~~~~~~~~~~~~~~\n/usr/local/include/ruby-3.2.0/ruby/internal/anyargs.h:255:41: note: in definition of macro ‘RBIMPL_ANYARGS_DECL’\n  255 | RBIMPL_ANYARGS_ATTRSET(sym) static void sym ## _00(__VA_ARGS__, VALUE(*)(VALUE), int); \\\n      |                                         ^~~\n/usr/local/include/ruby-3.2.0/ruby/internal/anyargs.h:338:142: warning: passing argument 3 of ‘rb_define_module_function_00’ from incompatible pointer type [-Wincompatible-pointer-types]\n  338 | #define rb_define_module_function(mod, mid, func, arity)    RBIMPL_ANYARGS_DISPATCH_rb_define_module_function((arity), (func))((mod), (mid), (func), (arity))\n      |                                                                                                                                              ^~~~~~\n      |                                                                                                                                              |\n      |                                                                                                                                              VALUE (*)(void) {aka long unsigned int (*)(void)}\ncurses.c:2737:5: note: in expansion of macro ‘rb_define_module_function’\n 2737 |     rb_define_module_function(mCurses, \"lines\", curses_lines, 0);\n      |     ^~~~~~~~~~~~~~~~~~~~~~~~~\n/usr/local/include/ruby-3.2.0/ruby/internal/anyargs.h:274:21: note: expected ‘VALUE (*)(VALUE)’ {aka ‘long unsigned int (*)(long unsigned int)’} but argument is of type ‘VALUE (*)(void)’ {aka ‘long unsigned int (*)(void)’}\n  274 | RBIMPL_ANYARGS_DECL(rb_define_module_function, VALUE, const char *)\n      |                     ^~~~~~~~~~~~~~~~~~~~~~~~~\n/usr/local/include/ruby-3.2.0/ruby/internal/anyargs.h:255:41: note: in definition of macro ‘RBIMPL_ANYARGS_DECL’\n  255 | RBIMPL_ANYARGS_ATTRSET(sym) static void sym ## _00(__VA_ARGS__, VALUE(*)(VALUE), int); \\\n      |                                         ^~~\n/usr/local/include/ruby-3.2.0/ruby/internal/anyargs.h:338:142: warning: passing argument 3 of ‘rb_define_module_function_00’ from incompatible pointer type [-Wincompatible-pointer-types]\n  338 | #define rb_define_module_function(mod, mid, func, arity)    RBIMPL_ANYARGS_DISPATCH_rb_define_module_function((arity), (func))((mod), (mid), (func), (arity))\n      |                                                                                                                                              ^~~~~~\n      |                                                                                                                                              |\n      |                                                                                                                                              VALUE (*)(void) {aka long unsigned int (*)(void)}\ncurses.c:2738:5: note: in expansion of macro ‘rb_define_module_function’\n 2738 |     rb_define_module_function(mCurses, \"cols\", curses_cols, 0);\n      |     ^~~~~~~~~~~~~~~~~~~~~~~~~\n/usr/local/include/ruby-3.2.0/ruby/internal/anyargs.h:274:21: note: expected ‘VALUE (*)(VALUE)’ {aka ‘long unsigned int (*)(long unsigned int)’} but argument is of type ‘VALUE (*)(void)’ {aka ‘long unsigned int (*)(void)’}\n  274 | RBIMPL_ANYARGS_DECL(rb_define_module_function, VALUE, const char *)\n      |                     ^~~~~~~~~~~~~~~~~~~~~~~~~\n/usr/local/include/ruby-3.2.0/ruby/internal/anyargs.h:255:41: note: in definition of macro ‘RBIMPL_ANYARGS_DECL’\n  255 | RBIMPL_ANYARGS_ATTRSET(sym) static void sym ## _00(__VA_ARGS__, VALUE(*)(VALUE), int); \\\n      |                                         ^~~\ncurses.c:2834:56: error: ‘rb_cData’ undeclared (first use in this function)\n 2834 |     cWindow = rb_define_class_under(mCurses, \"Window\", rb_cData);\n      |                                                        ^~~~~~~~\ncurses.c:2834:56: note: each undeclared identifier is reported only once for each function it appears in\ncurses.c: At top level:\ncc1: note: unrecognized command-line option ‘-Wno-self-assign’ may have been intended to silence earlier diagnostics\ncc1: note: unrecognized command-line option ‘-Wno-parentheses-equality’ may have been intended to silence earlier diagnostics\ncc1: note: unrecognized command-line option ‘-Wno-constant-logical-operand’ may have been intended to silence earlier diagnostics\nmake:\u001b[0m\u001b[91m *** [Makefile:248: curses.o] Error 1\n\nmake failed, exit code 2\n\nGem files will remain installed in /usr/local/bundle/gems/curses-1.0.2 for inspection.\nResults logged to /usr/local/bundle/extensions/x86_64-linux/3.2.0/curses-1.0.2/gem_make.out\n\u001b[0mRemoving intermediate container 0ee342830547\n","stderr":"The command '/bin/sh -c gem install opsicle' returned a non-zero code: 1\n"}}