{"repository":"https://github.com/datatogether/webapp","dockerfilePath":"Dockerfile","startTime":1672514295528,"clone":{"stdout":"","stderr":"Cloning into '/tmp/dinghy-analysis/datatogether/webapp'...\n","error":null,"commit":"ea6a678f2ba1a7a06439d6da825f9f6f629d24fa"},"originalBuild":{"startTimestamp":1672514296510,"endTimestamp":1672514412818,"error":{"code":1,"killed":false,"signal":null,"cmd":"docker build --no-cache --force-rm -t webapp:latest -f /tmp/dinghy-analysis/datatogether/webapp/Dockerfile ."},"stdout":"Sending build context to Docker daemon  1.462MB\r\r\nStep 1/6 : FROM node:latest\n ---> 548714e444f4\nStep 2/6 : ADD . /home/context\n ---> f39029b27e73\nStep 3/6 : WORKDIR /home/context\n ---> Running in f2b1da437d56\nRemoving intermediate container f2b1da437d56\n ---> 360758c132db\nStep 4/6 : RUN npm install\n ---> Running in 8d91b35d7df8\n\u001b[91mnpm WARN deprecated natives@1.1.0: This module relies on Node.js's internals and will break at some point. Do not use it, and update to graceful-fs@4.x.\n\u001b[0m\u001b[91mnpm WARN deprecated acorn-dynamic-import@2.0.2: This is probably built in to whatever tool you're using. If you still need it... idk\n\u001b[0m\u001b[91mnpm WARN deprecated chokidar@1.6.1: Chokidar 2 will break on node v14+. Upgrade to chokidar 3 with 15x less dependencies.\n\u001b[0m\u001b[91mnpm WARN deprecated json3@3.3.2: Please use the native JSON object instead of JSON 3\n\u001b[0m\u001b[91mnpm WARN deprecated cryptiles@2.0.5: This version has been deprecated in accordance with the hapi support policy (hapi.im/support). Please upgrade to the latest version to get the best features, bug fixes, and security patches. If you are unable to upgrade at this time, paid support is available for older versions (hapi.im/commercial).\n\u001b[0m\u001b[91mnpm WARN deprecated samsam@1.1.2: This package has been deprecated in favour of @sinonjs/samsam\n\u001b[0m\u001b[91mnpm WARN deprecated formatio@1.1.1: This package is unmaintained. Use @sinonjs/formatio instead\n\u001b[0m\u001b[91mnpm WARN deprecated sntp@1.0.9: This module moved to @hapi/sntp. Please make sure to switch over as this distribution is no longer supported and may contain bugs and critical security issues.\n\u001b[0m\u001b[91mnpm WARN deprecated boom@2.10.1: This version has been deprecated in accordance with the hapi support policy (hapi.im/support). Please upgrade to the latest version to get the best features, bug fixes, and security patches. If you are unable to upgrade at this time, paid support is available for older versions (hapi.im/commercial).\n\u001b[0m\u001b[91mnpm WARN deprecated create-react-class@15.5.2: create-react-class has known issues with Browserify before version 15.5.3. Please update create-react-class to 15.5.3 or a newer version.\n\u001b[0m\u001b[91mnpm WARN deprecated hoek@2.16.3: This version has been deprecated in accordance with the hapi support policy (hapi.im/support). Please upgrade to the latest version to get the best features, bug fixes, and security patches. If you are unable to upgrade at this time, paid support is available for older versions (hapi.im/commercial).\n\u001b[0m\u001b[91mnpm WARN deprecated flatten@1.0.2: flatten is deprecated in favor of utility frameworks such as lodash.\n\u001b[0m\u001b[91mnpm WARN deprecated har-validator@4.2.1: this library is no longer supported\n\u001b[0m\u001b[91mnpm WARN deprecated clone@1.0.2: XSS vulnerability fixed in v1.0.3\n\u001b[0m\u001b[91mnpm WARN deprecated ini@1.3.4: Please update to ini >=1.3.6 to avoid a prototype pollution issue\n\u001b[0m\u001b[91mnpm WARN deprecated hawk@3.1.3: This module moved to @hapi/hawk. Please make sure to switch over as this distribution is no longer supported and may contain bugs and critical security issues.\n\u001b[0m\u001b[91mnpm WARN deprecated redux-devtools-instrument@1.8.0: Package moved to @redux-devtools/instrument.\n\u001b[0m\u001b[91mnpm WARN deprecated is-buffer@1.1.5: This version of 'is-buffer' is out-of-date. You must update to v1.1.6 or newer\n\u001b[0m\u001b[91mnpm WARN deprecated sane@1.4.1: some dependency vulnerabilities fixed, support for node < 10 dropped, and newer ECMAScript syntax/features added\n\u001b[0m\u001b[91mnpm WARN deprecated request@2.81.0: request has been deprecated, see https://github.com/request/request/issues/3142\n\u001b[0m\u001b[91mnpm WARN deprecated tar@2.2.1: This version of tar is no longer supported, and will not receive security updates. Please upgrade asap.\n\u001b[0m\u001b[91mnpm WARN deprecated svgo@0.7.2: This SVGO version is no longer supported. Upgrade to v2.x.x.\n\u001b[0m\u001b[91mnpm WARN deprecated gulp-util@3.0.8: gulp-util is deprecated - replace it, following the guidelines at https://medium.com/gulpjs/gulp-util-ca3b1f9f9ac5\n\u001b[0m\u001b[91mnpm WARN deprecated browserslist@1.7.7: Browserslist 2 could fail on reading Browserslist >3.0 config used in other tools.\n\u001b[0m\u001b[91mnpm WARN deprecated querystring@0.2.0: The querystring API is considered Legacy. new code should use the URLSearchParams API instead.\n\u001b[0m\u001b[91mnpm WARN deprecated uuid@3.0.1: Please upgrade  to version 7 or higher.  Older versions may use Math.random() in certain circumstances, which is known to be problematic.  See https://v8.dev/blog/math-random for details.\n\u001b[0m\u001b[91mnpm WARN deprecated mkdirp@0.5.1: Legacy versions of mkdirp are no longer supported. Please update to mkdirp 1.x. (Note that the API surface has changed to use Promises in 1.x.)\n\u001b[0m\u001b[91mnpm WARN deprecated buffer@4.9.1: This version of 'buffer' is out-of-date. You must update to v4.9.2 or newer\n\u001b[0m\u001b[91mnpm WARN deprecated redux-devtools@3.3.2: Package moved to @redux-devtools/core.\n\u001b[0m\u001b[91mnpm WARN deprecated babel-preset-es2015@6.24.1: ðŸ™Œ  Thanks for using Babel: we recommend using babel-preset-env now: please read https://babeljs.io/env to update!\n\u001b[0m\u001b[91mnpm WARN deprecated redux-devtools-dock-monitor@1.1.1: Package moved to @redux-devtools/dock-monitor.\n\u001b[0m\u001b[91mnpm WARN deprecated graceful-fs@1.2.3: please upgrade to graceful-fs 4 for compatibility with current and future versions of Node.js\n\u001b[0m\u001b[91mnpm WARN deprecated minimatch@2.0.10: Please update to minimatch 3.0.2 or higher to avoid a RegExp DoS issue\n\u001b[0m\u001b[91mnpm WARN deprecated minimatch@0.2.14: Please update to minimatch 3.0.2 or higher to avoid a RegExp DoS issue\n\u001b[0m\u001b[91mnpm WARN deprecated domelementtype@1.3.0: update to domelementtype@1.3.1\n\u001b[0m\u001b[91mnpm WARN deprecated redux-devtools-log-monitor@1.2.0: Package moved to @redux-devtools/log-monitor.\n\u001b[0m\u001b[91mnpm WARN deprecated lodash.isarray@4.0.0: This package is deprecated. Use Array.isArray.\n\u001b[0m\u001b[91mnpm WARN deprecated graceful-fs@3.0.11: please upgrade to graceful-fs 4 for compatibility with current and future versions of Node.js\n\u001b[0m\u001b[91mnpm WARN deprecated uuid@2.0.3: Please upgrade  to version 7 or higher.  Older versions may use Math.random() in certain circumstances, which is known to be problematic.  See https://v8.dev/blog/math-random for details.\n\u001b[0m\u001b[91mnpm WARN deprecated highlight.js@9.10.0: Version no longer supported. Upgrade to @latest\n\u001b[0m\u001b[91mnpm WARN deprecated highlight.js@9.7.0: Version no longer supported. Upgrade to @latest\n\u001b[0m\u001b[91mnpm WARN deprecated core-js@1.2.7: core-js@<3.23.3 is no longer maintained and not recommended for usage due to the number of issues. Because of the V8 engine whims, feature detection in old core-js versions could cause a slowdown up to 100x even if nothing is polyfilled. Some versions have web compatibility issues. Please, upgrade your dependencies to the actual version of core-js.\n\u001b[0m\u001b[91mnpm WARN deprecated core-js@2.4.1: core-js@<3.23.3 is no longer maintained and not recommended for usage due to the number of issues. Because of the V8 engine whims, feature detection in old core-js versions could cause a slowdown up to 100x even if nothing is polyfilled. Some versions have web compatibility issues. Please, upgrade your dependencies to the actual version of core-js.\n\u001b[0m\u001b[91mnpm ERR! code 1\nnpm ERR! path /home/context/node_modules/node-sass\n\u001b[0m\u001b[91mnpm ERR! command failed\nnpm \u001b[0m\u001b[91mERR! command sh -c node scripts/build.js\n\u001b[0m\u001b[91mnpm ERR! Building: /usr/local/bin/node /home/context/node_modules/node-gyp/bin/node-gyp.js rebuild --verbose --libsass_ext= --libsass_cflags= --libsass_ldflags= --libsass_library=\n\u001b[0m\u001b[91mnpm ERR! gyp info it worked if it ends with ok\nnpm ERR!\u001b[0m\u001b[91m gyp verb cli [\nnpm\u001b[0m\u001b[91m ERR! gyp verb cli   '/usr/local/bin/node',\nnpm \u001b[0m\u001b[91mERR! gyp verb cli   '/home/context/node_modules/node-gyp/bin/node-gyp.js',\n\u001b[0m\u001b[91mnpm \u001b[0m\u001b[91mERR! gyp verb cli   'rebuild',\n\u001b[0m\u001b[91mnpm ERR! gyp verb cli   '--verbose',\nnpm\u001b[0m\u001b[91m ERR! gyp verb cli   '--libsass_ext=',\nnpm ERR! gyp verb cli   '--libsass_cflags=',\nnpm ERR! gyp verb cli   '--libsass_ldflags=',\nnpm \u001b[0m\u001b[91mERR! gyp verb cli   '--libsass_library='\nnpm ERR! gyp verb cli ]\nnpm \u001b[0m\u001b[91mERR! gyp info using node-gyp@3.6.0\n\u001b[0m\u001b[91mnpm ERR! gyp info using node@19.3.0 | linux | x64\nnpm ERR!\u001b[0m\u001b[91m gyp verb command rebuild []\nnpm\u001b[0m\u001b[91m ERR! gyp verb command clean []\nnpm\u001b[0m\u001b[91m ERR!\u001b[0m\u001b[91m gyp verb clean removing \"build\" directory\nnpm \u001b[0m\u001b[91mERR! gyp verb command configure []\n\u001b[0m\u001b[91mnpm ERR!\u001b[0m\u001b[91m gyp verb check python checking for Python executable \"python2\" in the PATH\nnpm ERR!\u001b[0m\u001b[91m gyp verb `which` failed Error: not found: python2\nnpm ERR!\u001b[0m\u001b[91m gyp verb `which` failed     at getNotFoundError (/home/context/node_modules/which/which.js:13:12)\nnpm ERR!\u001b[0m\u001b[91m gyp verb `which` failed     at F (/home/context/node_modules/which/which.js:68:19)\nnpm\u001b[0m\u001b[91m ERR! gyp verb `which` failed     at E (/home/context/node_modules/which/which.js:80:29)\nnpm\u001b[0m\u001b[91m ERR! gyp verb `which` failed     at /home/context/node_modules/which/which.js:89:16\nnpm ERR! gyp verb `which` failed     at /home/context/node_modules/isexe/index.js:42:5\nnpm ERR! gyp verb `which` failed     at /home/context/node_modules/isexe/mode.js:8:5\nnpm ERR! gyp verb `which` failed     at FSReqCallback.oncomplete (node:fs:190:21)\nnpm\u001b[0m\u001b[91m ERR! gyp verb `which` failed  python2 Error: not found: python2\nnpm ERR! gyp verb `which` failed     at getNotFoundError (/home/context/node_modules/which/which.js:13:12)\nnpm \u001b[0m\u001b[91mERR! gyp verb `which` failed     at F (/home/context/node_modules/which/which.js:68:19)\nnpm ERR!\u001b[0m\u001b[91m gyp verb `which` failed     at E (/home/context/node_modules/which/which.js:80:29)\n\u001b[0m\u001b[91mnpm ERR! gyp verb `which` failed     at /home/context/node_modules/which/which.js:89:16\n\u001b[0m\u001b[91mnpm \u001b[0m\u001b[91mERR! gyp verb `which` failed     at /home/context/node_modules/isexe/index.js:42:5\nnpm \u001b[0m\u001b[91mERR! gyp verb `which` failed     at /home/context/node_modules/isexe/mode.js:8:5\n\u001b[0m\u001b[91mnpm ERR! gyp verb `which` failed     at FSReqCallback.oncomplete (node:fs:190:21) {\nnpm ERR! gyp verb `which` failed   code: 'ENOENT'\nnpm\u001b[0m\u001b[91m ERR!\u001b[0m\u001b[91m gyp verb `which` failed }\nnpm\u001b[0m\u001b[91m ERR!\u001b[0m\u001b[91m gyp verb check python checking for Python executable \"python\" in the PATH\nnpm\u001b[0m\u001b[91m ERR!\u001b[0m\u001b[91m gyp verb `which` failed Error: not found: python\nnpm\u001b[0m\u001b[91m ERR! gyp verb `which` failed     at getNotFoundError (/home/context/node_modules/which/which.js:13:12)\n\u001b[0m\u001b[91mnpm ERR!\u001b[0m\u001b[91m gyp verb `which` failed     at F (/home/context/node_modules/which/which.js:68:19)\nnpm ERR! gyp verb `which` failed     at E (/home/context/node_modules/which/which.js:80:29)\n\u001b[0m\u001b[91mnpm ERR! gyp verb `which` failed     at /home/context/node_modules/which/which.js:89:16\nnpm ERR! gyp verb `which` failed     at /home/context/node_modules/isexe/index.js:42:5\nnpm\u001b[0m\u001b[91m ERR! gyp verb `which` failed     at /home/context/node_modules/isexe/mode.js:8:5\nnpm ERR! gyp verb `which` failed     at FSReqCallback.oncomplete (node:fs:190:21)\n\u001b[0m\u001b[91mnpm ERR! gyp verb `which` failed  python Error: not found: python\nnpm \u001b[0m\u001b[91mERR! gyp verb `which` failed     at getNotFoundError (/home/context/node_modules/which/which.js:13:12)\n\u001b[0m\u001b[91mnpm ERR!\u001b[0m\u001b[91m gyp verb `which` failed     at F (/home/context/node_modules/which/which.js:68:19)\nnpm ERR!\u001b[0m\u001b[91m gyp verb `which` failed     at E (/home/context/node_modules/which/which.js:80:29)\n\u001b[0m\u001b[91mnpm ERR!\u001b[0m\u001b[91m gyp verb `which` failed     at /home/context/node_modules/which/which.js:89:16\nnpm ERR! gyp verb `which` failed     at /home/context/node_modules/isexe/index.js:42:5\nnpm\u001b[0m\u001b[91m ERR!\u001b[0m\u001b[91m gyp verb `which` failed     at /home/context/node_modules/isexe/mode.js:8:5\nnpm \u001b[0m\u001b[91mERR!\u001b[0m\u001b[91m gyp verb `which` failed     at FSReqCallback.oncomplete (node:fs:190:21) {\nnpm\u001b[0m\u001b[91m ERR! gyp verb `which` failed   code: 'ENOENT'\nnpm \u001b[0m\u001b[91mERR!\u001b[0m\u001b[91m gyp verb `which` failed }\n\u001b[0m\u001b[91mnpm ERR!\u001b[0m\u001b[91m gyp ERR! configure error \nnpm ERR! gyp ERR! stack Error: Can't find Python executable \"python\", you can set the PYTHON env variable.\nnpm ERR! gyp ERR! stack     at PythonFinder.failNoPython (/home/context/node_modules/node-gyp/lib/configure.js:482:19)\nnpm ERR! gyp ERR! stack     at PythonFinder.<anonymous> (/home/context/node_modules/node-gyp/lib/configure.js:396:16)\n\u001b[0m\u001b[91mnpm ERR! gyp ERR! stack     at F (/home/context/node_modules/which/which.js:68:16)\nnpm ERR!\u001b[0m\u001b[91m gyp ERR! stack     at E (/home/context/node_modules/which/which.js:80:29)\nnpm ERR!\u001b[0m\u001b[91m gyp ERR! stack     at /home/context/node_modules/which/which.js:89:16\nnpm ERR!\u001b[0m\u001b[91m gyp ERR! stack     at /home/context/node_modules/isexe/index.js:42:5\nnpm ERR! gyp ERR! stack     at /home/context/node_modules/isexe/mode.js:8:5\nnpm\u001b[0m\u001b[91m ERR! gyp ERR! stack     at FSReqCallback.oncomplete (node:fs:190:21)\n\u001b[0m\u001b[91mnpm ERR! gyp ERR! System Linux 5.4.0-113-generic\nnpm ERR!\u001b[0m\u001b[91m gyp ERR! command \"/usr/local/bin/node\" \"/home/context/node_modules/node-gyp/bin/node-gyp.js\" \"rebuild\" \"--verbose\" \"--libsass_ext=\" \"--libsass_cflags=\" \"--libsass_ldflags=\" \"--libsass_library=\"\nnpm ERR! gyp ERR! cwd /home/context/node_modules/node-sass\n\u001b[0m\u001b[91mnpm ERR! gyp ERR! node -v v19.3.0\n\u001b[0m\u001b[91mnpm \u001b[0m\u001b[91mERR! gyp ERR! node-gyp -v v3.6.0\nnpm \u001b[0m\u001b[91mERR!\u001b[0m\u001b[91m gyp ERR! not ok \nnpm ERR!\u001b[0m\u001b[91m Build failed with error code: 1\n\u001b[0m\u001b[91m\n\u001b[0m\u001b[91mnpm ERR! A complete log of this run can be found in:\nnpm ERR!     /root/.npm/_logs/2022-12-31T19_18_21_110Z-debug-0.log\n\u001b[0mRemoving intermediate container 8d91b35d7df8\n","stderr":"The command '/bin/sh -c npm install' returned a non-zero code: 1\n"},"endTime":1672514412899}