{"repository":"https://github.com/hirevo/alexandrie","dockerfilePath":"Dockerfile","startTime":1672513078112,"clone":{"stdout":"","stderr":"Cloning into '/tmp/dinghy-analysis/hirevo/alexandrie'...\n","error":null,"commit":"6e0b9019f30247006d16e13599c022c2e2f7a449"},"originalBuild":{"startTimestamp":1672513079145,"endTimestamp":1672513415860,"error":{"code":101,"killed":false,"signal":null,"cmd":"docker build --no-cache --force-rm -t alexandrie:latest -f /tmp/dinghy-analysis/hirevo/alexandrie/Dockerfile ."},"stdout":"Sending build context to Docker daemon  1.096MB\r\r\nStep 1/30 : FROM rust:1.50-slim-buster as builder\n1.50-slim-buster: Pulling from library/rust\n6f28985ad184: Pulling fs layer\n6d29020d040c: Pulling fs layer\n6f28985ad184: Verifying Checksum\n6f28985ad184: Download complete\n6f28985ad184: Pull complete\n6d29020d040c: Verifying Checksum\n6d29020d040c: Download complete\n6d29020d040c: Pull complete\nDigest: sha256:5bd08f7d6d4ad8d1288abfe384b33980d8a575cd9d5bf8abbba16487f32896e1\nStatus: Downloaded newer image for rust:1.50-slim-buster\n ---> 5401738c9512\nStep 2/30 : ARG DATABASE\n ---> Running in a98cda4e3c73\nRemoving intermediate container a98cda4e3c73\n ---> 9ce986695190\nStep 3/30 : RUN apt update\n ---> Running in 705eb9d8b85d\n\u001b[91m\nWARNING: apt does not have a stable CLI interface. Use with caution in scripts.\n\n\u001b[0mGet:1 http://deb.debian.org/debian buster InRelease [122 kB]\nGet:2 http://deb.debian.org/debian buster-updates InRelease [56.6 kB]\nGet:3 http://security.debian.org/debian-security buster/updates InRelease [34.8 kB]\nGet:4 http://deb.debian.org/debian buster/main amd64 Packages [7909 kB]\nGet:5 http://deb.debian.org/debian buster-updates/main amd64 Packages [8788 B]\nGet:6 http://security.debian.org/debian-security buster/updates/main amd64 Packages [422 kB]\nFetched 8553 kB in 1s (5914 kB/s)\nReading package lists...\nBuilding dependency tree...\nReading state information...\n31 packages can be upgraded. Run 'apt list --upgradable' to see them.\nRemoving intermediate container 705eb9d8b85d\n ---> 49b8f933dbc2\nStep 4/30 : RUN apt install -y clang libssl-dev pkg-config\n ---> Running in 55152374eda6\n\u001b[91m\nWARNING: apt does not have a stable CLI interface. Use with caution in scripts.\n\n\u001b[0mReading package lists...\nBuilding dependency tree...\nReading state information...\nThe following additional packages will be installed:\n  binfmt-support bzip2 clang-7 file lib32gcc1 lib32stdc++6 libbsd0 libbz2-1.0\n  libc-dev-bin libc6 libc6-dev libc6-i386 libclang-common-7-dev libclang1-7\n  libdpkg-perl libedit2 libexpat1 libffi-dev libfile-fcntllock-perl libgc1c2\n  libgdbm-compat4 libgdbm6 libglib2.0-0 libglib2.0-data libgpm2 libicu63\n  libllvm7 liblocale-gettext-perl libmagic-mgc libmagic1 libncurses-dev\n  libncurses6 libncursesw6 libobjc-8-dev libobjc4 libomp-7-dev libomp5-7\n  libperl5.28 libpipeline1 libpython-stdlib libpython2-stdlib\n  libpython2.7-minimal libpython2.7-stdlib libreadline7 libsqlite3-0 libssl1.1\n  libstdc++-8-dev libtinfo-dev libtinfo6 libxml2 llvm-7 llvm-7-dev\n  llvm-7-runtime lsb-base mime-support netbase perl perl-modules-5.28 python\n  python-minimal python2 python2-minimal python2.7 python2.7-minimal\n  readline-common shared-mime-info xdg-user-dirs xz-utils\nSuggested packages:\n  bzip2-doc clang-7-doc glibc-doc libc-l10n locales manpages-dev\n  debian-keyring gnupg | gnupg2 patch sensible-utils git bzr gdbm-l10n gpm\n  ncurses-doc libomp-7-doc libssl-doc libstdc++-8-doc llvm-7-doc perl-doc\n  libterm-readline-gnu-perl | libterm-readline-perl-perl make libb-debug-perl\n  liblocale-codes-perl dpkg-dev python-doc python-tk python2-doc python2.7-doc\n  readline-doc\nRecommended packages:\n  manpages manpages-dev\nThe following NEW packages will be installed:\n  binfmt-support bzip2 clang clang-7 file lib32gcc1 lib32stdc++6 libbsd0\n  libc6-i386 libclang-common-7-dev libclang1-7 libdpkg-perl libedit2 libexpat1\n  libffi-dev libfile-fcntllock-perl libgc1c2 libgdbm-compat4 libgdbm6\n  libglib2.0-0 libglib2.0-data libgpm2 libicu63 libllvm7\n  liblocale-gettext-perl libmagic-mgc libmagic1 libncurses-dev libncurses6\n  libobjc-8-dev libobjc4 libomp-7-dev libomp5-7 libperl5.28 libpipeline1\n  libpython-stdlib libpython2-stdlib libpython2.7-minimal libpython2.7-stdlib\n  libreadline7 libsqlite3-0 libssl-dev libstdc++-8-dev libtinfo-dev libxml2\n  llvm-7 llvm-7-dev llvm-7-runtime lsb-base mime-support netbase perl\n  perl-modules-5.28 pkg-config python python-minimal python2 python2-minimal\n  python2.7 python2.7-minimal readline-common shared-mime-info xdg-user-dirs\n  xz-utils\nThe following packages will be upgraded:\n  libbz2-1.0 libc-dev-bin libc6 libc6-dev libncursesw6 libssl1.1 libtinfo6\n7 upgraded, 64 newly installed, 0 to remove and 24 not upgraded.\nNeed to get 99.2 MB of archives.\nAfter this operation, 520 MB of additional disk space will be used.\nGet:1 http://deb.debian.org/debian buster/main amd64 perl-modules-5.28 all 5.28.1-6+deb10u1 [2873 kB]\nGet:2 http://security.debian.org/debian-security buster/updates/main amd64 libc6-dev amd64 2.28-10+deb10u2 [2693 kB]\nGet:3 http://deb.debian.org/debian buster/main amd64 libgdbm6 amd64 1.18.1-4 [64.7 kB]\nGet:4 http://deb.debian.org/debian buster/main amd64 libgdbm-compat4 amd64 1.18.1-4 [44.1 kB]\nGet:5 http://deb.debian.org/debian buster/main amd64 libperl5.28 amd64 5.28.1-6+deb10u1 [3894 kB]\nGet:6 http://security.debian.org/debian-security buster/updates/main amd64 libc-dev-bin amd64 2.28-10+deb10u2 [276 kB]\nGet:7 http://security.debian.org/debian-security buster/updates/main amd64 libc6 amd64 2.28-10+deb10u2 [2869 kB]\nGet:8 http://deb.debian.org/debian buster/main amd64 perl amd64 5.28.1-6+deb10u1 [204 kB]\nGet:9 http://deb.debian.org/debian buster/main amd64 libpython2.7-minimal amd64 2.7.16-2+deb10u1 [395 kB]\nGet:10 http://security.debian.org/debian-security buster/updates/main amd64 libbz2-1.0 amd64 1.0.6-9.2~deb10u2 [45.4 kB]\nGet:11 http://security.debian.org/debian-security buster/updates/main amd64 libexpat1 amd64 2.2.6-2+deb10u6 [108 kB]\nGet:12 http://security.debian.org/debian-security buster/updates/main amd64 libtinfo6 amd64 6.1+20181013-2+deb10u3 [326 kB]\nGet:13 http://security.debian.org/debian-security buster/updates/main amd64 libncursesw6 amd64 6.1+20181013-2+deb10u3 [132 kB]\nGet:14 http://deb.debian.org/debian buster/main amd64 python2.7-minimal amd64 2.7.16-2+deb10u1 [1369 kB]\nGet:15 http://deb.debian.org/debian buster/main amd64 python2-minimal amd64 2.7.16-1 [41.4 kB]\nGet:16 http://deb.debian.org/debian buster/main amd64 python-minimal amd64 2.7.16-1 [21.0 kB]\nGet:17 http://deb.debian.org/debian buster/main amd64 libssl1.1 amd64 1.1.1n-0+deb10u3 [1551 kB]\nGet:18 http://security.debian.org/debian-security buster/updates/main amd64 libsqlite3-0 amd64 3.27.2-3+deb10u2 [641 kB]\nGet:19 http://deb.debian.org/debian buster/main amd64 mime-support all 3.62 [37.2 kB]\nGet:20 http://security.debian.org/debian-security buster/updates/main amd64 bzip2 amd64 1.0.6-9.2~deb10u2 [48.5 kB]\nGet:21 http://deb.debian.org/debian buster/main amd64 readline-common all 7.0-5 [70.6 kB]\nGet:22 http://security.debian.org/debian-security buster/updates/main amd64 libxml2 amd64 2.9.4+dfsg1-7+deb10u5 [690 kB]\nGet:23 http://deb.debian.org/debian buster/main amd64 libreadline7 amd64 7.0-5 [151 kB]\nGet:24 http://deb.debian.org/debian buster/main amd64 libpython2.7-stdlib amd64 2.7.16-2+deb10u1 [1912 kB]\nGet:25 http://security.debian.org/debian-security buster/updates/main amd64 libc6-i386 amd64 2.28-10+deb10u2 [2873 kB]\nGet:26 http://deb.debian.org/debian buster/main amd64 python2.7 amd64 2.7.16-2+deb10u1 [305 kB]\nGet:27 http://deb.debian.org/debian buster/main amd64 libpython2-stdlib amd64 2.7.16-1 [20.8 kB]\nGet:28 http://security.debian.org/debian-security buster/updates/main amd64 libglib2.0-0 amd64 2.58.3-2+deb10u4 [1259 kB]\nGet:29 http://deb.debian.org/debian buster/main amd64 libpython-stdlib amd64 2.7.16-1 [20.8 kB]\nGet:30 http://deb.debian.org/debian buster/main amd64 python2 amd64 2.7.16-1 [41.6 kB]\nGet:31 http://deb.debian.org/debian buster/main amd64 python amd64 2.7.16-1 [22.8 kB]\nGet:32 http://deb.debian.org/debian buster/main amd64 liblocale-gettext-perl amd64 1.07-3+b4 [18.9 kB]\nGet:33 http://deb.debian.org/debian buster/main amd64 netbase all 5.6 [19.4 kB]\nGet:34 http://deb.debian.org/debian buster/main amd64 libmagic-mgc amd64 1:5.35-4+deb10u2 [242 kB]\nGet:35 http://deb.debian.org/debian buster/main amd64 libmagic1 amd64 1:5.35-4+deb10u2 [118 kB]\nGet:36 http://deb.debian.org/debian buster/main amd64 file amd64 1:5.35-4+deb10u2 [66.4 kB]\nGet:37 http://security.debian.org/debian-security buster/updates/main amd64 libglib2.0-data all 2.58.3-2+deb10u4 [1110 kB]\nGet:38 http://deb.debian.org/debian buster/main amd64 libicu63 amd64 63.1-6+deb10u3 [8293 kB]\nGet:39 http://security.debian.org/debian-security buster/updates/main amd64 libncurses6 amd64 6.1+20181013-2+deb10u3 [102 kB]\nGet:40 http://security.debian.org/debian-security buster/updates/main amd64 libncurses-dev amd64 6.1+20181013-2+deb10u3 [333 kB]\nGet:41 http://security.debian.org/debian-security buster/updates/main amd64 libtinfo-dev amd64 6.1+20181013-2+deb10u3 [940 B]\nGet:42 http://deb.debian.org/debian buster/main amd64 xz-utils amd64 5.2.4-1+deb10u1 [183 kB]\nGet:43 http://deb.debian.org/debian buster/main amd64 libpipeline1 amd64 1.5.1-2 [31.2 kB]\nGet:44 http://deb.debian.org/debian buster/main amd64 lsb-base all 10.2019051400 [28.4 kB]\nGet:45 http://deb.debian.org/debian buster/main amd64 binfmt-support amd64 2.2.0-2 [70.0 kB]\nGet:46 http://deb.debian.org/debian buster/main amd64 libbsd0 amd64 0.9.1-2+deb10u1 [99.5 kB]\nGet:47 http://deb.debian.org/debian buster/main amd64 libedit2 amd64 3.1-20181209-1 [94.0 kB]\nGet:48 http://deb.debian.org/debian buster/main amd64 libllvm7 amd64 1:7.0.1-8+deb10u2 [13.1 MB]\nGet:49 http://deb.debian.org/debian buster/main amd64 libstdc++-8-dev amd64 8.3.0-6 [1532 kB]\nGet:50 http://deb.debian.org/debian buster/main amd64 libgc1c2 amd64 1:7.6.4-0.4 [224 kB]\nGet:51 http://deb.debian.org/debian buster/main amd64 libobjc4 amd64 8.3.0-6 [50.3 kB]\nGet:52 http://deb.debian.org/debian buster/main amd64 libobjc-8-dev amd64 8.3.0-6 [226 kB]\nGet:53 http://deb.debian.org/debian buster/main amd64 lib32gcc1 amd64 1:8.3.0-6 [47.9 kB]\nGet:54 http://deb.debian.org/debian buster/main amd64 lib32stdc++6 amd64 8.3.0-6 [407 kB]\nGet:55 http://deb.debian.org/debian buster/main amd64 libclang-common-7-dev amd64 1:7.0.1-8+deb10u2 [3158 kB]\nGet:56 http://deb.debian.org/debian buster/main amd64 libclang1-7 amd64 1:7.0.1-8+deb10u2 [5997 kB]\nGet:57 http://deb.debian.org/debian buster/main amd64 clang-7 amd64 1:7.0.1-8+deb10u2 [7891 kB]\nGet:58 http://deb.debian.org/debian buster/main amd64 clang amd64 1:7.0-47 [7468 B]\nGet:59 http://deb.debian.org/debian buster/main amd64 libdpkg-perl all 1.19.8 [1415 kB]\nGet:60 http://deb.debian.org/debian buster/main amd64 libffi-dev amd64 3.2.1-9 [156 kB]\nGet:61 http://deb.debian.org/debian buster/main amd64 libfile-fcntllock-perl amd64 0.22-3+b5 [35.4 kB]\nGet:62 http://deb.debian.org/debian buster/main amd64 libgpm2 amd64 1.20.7-5 [35.1 kB]\nGet:63 http://deb.debian.org/debian buster/main amd64 libomp5-7 amd64 1:7.0.1-8+deb10u2 [319 kB]\nGet:64 http://deb.debian.org/debian buster/main amd64 libomp-7-dev amd64 1:7.0.1-8+deb10u2 [57.8 kB]\nGet:65 http://deb.debian.org/debian buster/main amd64 libssl-dev amd64 1.1.1n-0+deb10u3 [1808 kB]\nGet:66 http://deb.debian.org/debian buster/main amd64 llvm-7-runtime amd64 1:7.0.1-8+deb10u2 [190 kB]\nGet:67 http://deb.debian.org/debian buster/main amd64 llvm-7 amd64 1:7.0.1-8+deb10u2 [4554 kB]\nGet:68 http://deb.debian.org/debian buster/main amd64 llvm-7-dev amd64 1:7.0.1-8+deb10u2 [21.3 MB]\nGet:69 http://deb.debian.org/debian buster/main amd64 pkg-config amd64 0.29-6 [63.5 kB]\nGet:70 http://deb.debian.org/debian buster/main amd64 shared-mime-info amd64 1.10-1 [766 kB]\nGet:71 http://deb.debian.org/debian buster/main amd64 xdg-user-dirs amd64 0.17-2 [53.8 kB]\n\u001b[91mdebconf: delaying package configuration, since apt-utils is not installed\n\u001b[0mFetched 99.2 MB in 2s (59.9 MB/s)\nSelecting previously unselected package perl-modules-5.28.\r\n(Reading database ... \r(Reading database ... 5%\r(Reading database ... 10%\r(Reading database ... 15%\r(Reading database ... 20%\r(Reading database ... 25%\r(Reading database ... 30%\r(Reading database ... 35%\r(Reading database ... 40%\r(Reading database ... 45%\r(Reading database ... 50%\r(Reading database ... 55%\r(Reading database ... 60%\r(Reading database ... 65%\r(Reading database ... 70%\r(Reading database ... 75%\r(Reading database ... 80%\r(Reading database ... 85%\r(Reading database ... 90%\r(Reading database ... 95%\r(Reading database ... 100%\r(Reading database ... 8936 files and directories currently installed.)\r\nPreparing to unpack .../perl-modules-5.28_5.28.1-6+deb10u1_all.deb ...\r\nUnpacking perl-modules-5.28 (5.28.1-6+deb10u1) ...\r\nPreparing to unpack .../libc6-dev_2.28-10+deb10u2_amd64.deb ...\r\nUnpacking libc6-dev:amd64 (2.28-10+deb10u2) over (2.28-10) ...\r\nPreparing to unpack .../libc-dev-bin_2.28-10+deb10u2_amd64.deb ...\r\nUnpacking libc-dev-bin (2.28-10+deb10u2) over (2.28-10) ...\r\nPreparing to unpack .../libc6_2.28-10+deb10u2_amd64.deb ...\r\ndebconf: unable to initialize frontend: Dialog\r\ndebconf: (TERM is not set, so the dialog frontend is not usable.)\r\ndebconf: falling back to frontend: Readline\r\nUnpacking libc6:amd64 (2.28-10+deb10u2) over (2.28-10) ...\r\nSetting up libc6:amd64 (2.28-10+deb10u2) ...\r\ndebconf: unable to initialize frontend: Dialog\r\ndebconf: (TERM is not set, so the dialog frontend is not usable.)\r\ndebconf: falling back to frontend: Readline\r\n(Reading database ... \r(Reading database ... 5%\r(Reading database ... 10%\r(Reading database ... 15%\r(Reading database ... 20%\r(Reading database ... 25%\r(Reading database ... 30%\r(Reading database ... 35%\r(Reading database ... 40%\r(Reading database ... 45%\r(Reading database ... 50%\r(Reading database ... 55%\r(Reading database ... 60%\r(Reading database ... 65%\r(Reading database ... 70%\r(Reading database ... 75%\r(Reading database ... 80%\r(Reading database ... 85%\r(Reading database ... 90%\r(Reading database ... 95%\r(Reading database ... 100%\r(Reading database ... 10307 files and directories currently installed.)\r\nPreparing to unpack .../libbz2-1.0_1.0.6-9.2~deb10u2_amd64.deb ...\r\nUnpacking libbz2-1.0:amd64 (1.0.6-9.2~deb10u2) over (1.0.6-9.2~deb10u1) ...\r\nSetting up libbz2-1.0:amd64 (1.0.6-9.2~deb10u2) ...\r\nSelecting previously unselected package libgdbm6:amd64.\r\n(Reading database ... \r(Reading database ... 5%\r(Reading database ... 10%\r(Reading database ... 15%\r(Reading database ... 20%\r(Reading database ... 25%\r(Reading database ... 30%\r(Reading database ... 35%\r(Reading database ... 40%\r(Reading database ... 45%\r(Reading database ... 50%\r(Reading database ... 55%\r(Reading database ... 60%\r(Reading database ... 65%\r(Reading database ... 70%\r(Reading database ... 75%\r(Reading database ... 80%\r(Reading database ... 85%\r(Reading database ... 90%\r(Reading database ... 95%\r(Reading database ... 100%\r(Reading database ... 10307 files and directories currently installed.)\r\nPreparing to unpack .../00-libgdbm6_1.18.1-4_amd64.deb ...\r\nUnpacking libgdbm6:amd64 (1.18.1-4) ...\r\nSelecting previously unselected package libgdbm-compat4:amd64.\r\nPreparing to unpack .../01-libgdbm-compat4_1.18.1-4_amd64.deb ...\r\nUnpacking libgdbm-compat4:amd64 (1.18.1-4) ...\r\nSelecting previously unselected package libperl5.28:amd64.\r\nPreparing to unpack .../02-libperl5.28_5.28.1-6+deb10u1_amd64.deb ...\r\nUnpacking libperl5.28:amd64 (5.28.1-6+deb10u1) ...\r\nSelecting previously unselected package perl.\r\nPreparing to unpack .../03-perl_5.28.1-6+deb10u1_amd64.deb ...\r\nUnpacking perl (5.28.1-6+deb10u1) ...\r\nSelecting previously unselected package libpython2.7-minimal:amd64.\r\nPreparing to unpack .../04-libpython2.7-minimal_2.7.16-2+deb10u1_amd64.deb ...\r\nUnpacking libpython2.7-minimal:amd64 (2.7.16-2+deb10u1) ...\r\nSelecting previously unselected package python2.7-minimal.\r\nPreparing to unpack .../05-python2.7-minimal_2.7.16-2+deb10u1_amd64.deb ...\r\nUnpacking python2.7-minimal (2.7.16-2+deb10u1) ...\r\nSelecting previously unselected package python2-minimal.\r\nPreparing to unpack .../06-python2-minimal_2.7.16-1_amd64.deb ...\r\nUnpacking python2-minimal (2.7.16-1) ...\r\nSelecting previously unselected package python-minimal.\r\nPreparing to unpack .../07-python-minimal_2.7.16-1_amd64.deb ...\r\nUnpacking python-minimal (2.7.16-1) ...\r\nPreparing to unpack .../08-libssl1.1_1.1.1n-0+deb10u3_amd64.deb ...\r\nUnpacking libssl1.1:amd64 (1.1.1n-0+deb10u3) over (1.1.1d-0+deb10u5) ...\r\nSelecting previously unselected package mime-support.\r\nPreparing to unpack .../09-mime-support_3.62_all.deb ...\r\nUnpacking mime-support (3.62) ...\r\nSelecting previously unselected package libexpat1:amd64.\r\nPreparing to unpack .../10-libexpat1_2.2.6-2+deb10u6_amd64.deb ...\r\nUnpacking libexpat1:amd64 (2.2.6-2+deb10u6) ...\r\nPreparing to unpack .../11-libtinfo6_6.1+20181013-2+deb10u3_amd64.deb ...\r\nUnpacking libtinfo6:amd64 (6.1+20181013-2+deb10u3) over (6.1+20181013-2+deb10u2) ...\r\nSetting up libtinfo6:amd64 (6.1+20181013-2+deb10u3) ...\r\n(Reading database ... \r(Reading database ... 5%\r(Reading database ... 10%\r(Reading database ... 15%\r(Reading database ... 20%\r(Reading database ... 25%\r(Reading database ... 30%\r(Reading database ... 35%\r(Reading database ... 40%\r(Reading database ... 45%\r(Reading database ... 50%\r(Reading database ... 55%\r(Reading database ... 60%\r(Reading database ... 65%\r(Reading database ... 70%\r(Reading database ... 75%\r(Reading database ... 80%\r(Reading database ... 85%\r(Reading database ... 90%\r(Reading database ... 95%\r(Reading database ... 100%\r(Reading database ... 11161 files and directories currently installed.)\r\nPreparing to unpack .../libncursesw6_6.1+20181013-2+deb10u3_amd64.deb ...\r\nUnpacking libncursesw6:amd64 (6.1+20181013-2+deb10u3) over (6.1+20181013-2+deb10u2) ...\r\nSetting up libncursesw6:amd64 (6.1+20181013-2+deb10u3) ...\r\nSelecting previously unselected package readline-common.\r\n(Reading database ... \r(Reading database ... 5%\r(Reading database ... 10%\r(Reading database ... 15%\r(Reading database ... 20%\r(Reading database ... 25%\r(Reading database ... 30%\r(Reading database ... 35%\r(Reading database ... 40%\r(Reading database ... 45%\r(Reading database ... 50%\r(Reading database ... 55%\r(Reading database ... 60%\r(Reading database ... 65%\r(Reading database ... 70%\r(Reading database ... 75%\r(Reading database ... 80%\r(Reading database ... 85%\r(Reading database ... 90%\r(Reading database ... 95%\r(Reading database ... 100%\r(Reading database ... 11161 files and directories currently installed.)\r\nPreparing to unpack .../0-readline-common_7.0-5_all.deb ...\r\nUnpacking readline-common (7.0-5) ...\r\nSelecting previously unselected package libreadline7:amd64.\r\nPreparing to unpack .../1-libreadline7_7.0-5_amd64.deb ...\r\nUnpacking libreadline7:amd64 (7.0-5) ...\r\nSelecting previously unselected package libsqlite3-0:amd64.\r\nPreparing to unpack .../2-libsqlite3-0_3.27.2-3+deb10u2_amd64.deb ...\r\nUnpacking libsqlite3-0:amd64 (3.27.2-3+deb10u2) ...\r\nSelecting previously unselected package libpython2.7-stdlib:amd64.\r\nPreparing to unpack .../3-libpython2.7-stdlib_2.7.16-2+deb10u1_amd64.deb ...\r\nUnpacking libpython2.7-stdlib:amd64 (2.7.16-2+deb10u1) ...\r\nSelecting previously unselected package python2.7.\r\nPreparing to unpack .../4-python2.7_2.7.16-2+deb10u1_amd64.deb ...\r\nUnpacking python2.7 (2.7.16-2+deb10u1) ...\r\nSelecting previously unselected package libpython2-stdlib:amd64.\r\nPreparing to unpack .../5-libpython2-stdlib_2.7.16-1_amd64.deb ...\r\nUnpacking libpython2-stdlib:amd64 (2.7.16-1) ...\r\nSelecting previously unselected package libpython-stdlib:amd64.\r\nPreparing to unpack .../6-libpython-stdlib_2.7.16-1_amd64.deb ...\r\nUnpacking libpython-stdlib:amd64 (2.7.16-1) ...\r\nSetting up libpython2.7-minimal:amd64 (2.7.16-2+deb10u1) ...\r\nSetting up python2.7-minimal (2.7.16-2+deb10u1) ...\r\nLinking and byte-compiling packages for runtime python2.7...\r\nSetting up python2-minimal (2.7.16-1) ...\r\nSelecting previously unselected package python2.\r\n(Reading database ... \r(Reading database ... 5%\r(Reading database ... 10%\r(Reading database ... 15%\r(Reading database ... 20%\r(Reading database ... 25%\r(Reading database ... 30%\r(Reading database ... 35%\r(Reading database ... 40%\r(Reading database ... 45%\r(Reading database ... 50%\r(Reading database ... 55%\r(Reading database ... 60%\r(Reading database ... 65%\r(Reading database ... 70%\r(Reading database ... 75%\r(Reading database ... 80%\r(Reading database ... 85%\r(Reading database ... 90%\r(Reading database ... 95%\r(Reading database ... 100%\r(Reading database ... 11708 files and directories currently installed.)\r\nPreparing to unpack .../python2_2.7.16-1_amd64.deb ...\r\nUnpacking python2 (2.7.16-1) ...\r\nSetting up python-minimal (2.7.16-1) ...\r\nSelecting previously unselected package python.\r\n(Reading database ... \r(Reading database ... 5%\r(Reading database ... 10%\r(Reading database ... 15%\r(Reading database ... 20%\r(Reading database ... 25%\r(Reading database ... 30%\r(Reading database ... 35%\r(Reading database ... 40%\r(Reading database ... 45%\r(Reading database ... 50%\r(Reading database ... 55%\r(Reading database ... 60%\r(Reading database ... 65%\r(Reading database ... 70%\r(Reading database ... 75%\r(Reading database ... 80%\r(Reading database ... 85%\r(Reading database ... 90%\r(Reading database ... 95%\r(Reading database ... 100%\r(Reading database ... 11741 files and directories currently installed.)\r\nPreparing to unpack .../00-python_2.7.16-1_amd64.deb ...\r\nUnpacking python (2.7.16-1) ...\r\nSelecting previously unselected package liblocale-gettext-perl.\r\nPreparing to unpack .../01-liblocale-gettext-perl_1.07-3+b4_amd64.deb ...\r\nUnpacking liblocale-gettext-perl (1.07-3+b4) ...\r\nSelecting previously unselected package netbase.\r\nPreparing to unpack .../02-netbase_5.6_all.deb ...\r\nUnpacking netbase (5.6) ...\r\nSelecting previously unselected package bzip2.\r\nPreparing to unpack .../03-bzip2_1.0.6-9.2~deb10u2_amd64.deb ...\r\nUnpacking bzip2 (1.0.6-9.2~deb10u2) ...\r\nSelecting previously unselected package libmagic-mgc.\r\nPreparing to unpack .../04-libmagic-mgc_1%3a5.35-4+deb10u2_amd64.deb ...\r\nUnpacking libmagic-mgc (1:5.35-4+deb10u2) ...\r\nSelecting previously unselected package libmagic1:amd64.\r\nPreparing to unpack .../05-libmagic1_1%3a5.35-4+deb10u2_amd64.deb ...\r\nUnpacking libmagic1:amd64 (1:5.35-4+deb10u2) ...\r\nSelecting previously unselected package file.\r\nPreparing to unpack .../06-file_1%3a5.35-4+deb10u2_amd64.deb ...\r\nUnpacking file (1:5.35-4+deb10u2) ...\r\nSelecting previously unselected package libicu63:amd64.\r\nPreparing to unpack .../07-libicu63_63.1-6+deb10u3_amd64.deb ...\r\nUnpacking libicu63:amd64 (63.1-6+deb10u3) ...\r\nSelecting previously unselected package libxml2:amd64.\r\nPreparing to unpack .../08-libxml2_2.9.4+dfsg1-7+deb10u5_amd64.deb ...\r\nUnpacking libxml2:amd64 (2.9.4+dfsg1-7+deb10u5) ...\r\nSelecting previously unselected package xz-utils.\r\nPreparing to unpack .../09-xz-utils_5.2.4-1+deb10u1_amd64.deb ...\r\nUnpacking xz-utils (5.2.4-1+deb10u1) ...\r\nSelecting previously unselected package libpipeline1:amd64.\r\nPreparing to unpack .../10-libpipeline1_1.5.1-2_amd64.deb ...\r\nUnpacking libpipeline1:amd64 (1.5.1-2) ...\r\nSelecting previously unselected package lsb-base.\r\nPreparing to unpack .../11-lsb-base_10.2019051400_all.deb ...\r\nUnpacking lsb-base (10.2019051400) ...\r\nSelecting previously unselected package binfmt-support.\r\nPreparing to unpack .../12-binfmt-support_2.2.0-2_amd64.deb ...\r\nUnpacking binfmt-support (2.2.0-2) ...\r\nSelecting previously unselected package libbsd0:amd64.\r\nPreparing to unpack .../13-libbsd0_0.9.1-2+deb10u1_amd64.deb ...\r\nUnpacking libbsd0:amd64 (0.9.1-2+deb10u1) ...\r\nSelecting previously unselected package libedit2:amd64.\r\nPreparing to unpack .../14-libedit2_3.1-20181209-1_amd64.deb ...\r\nUnpacking libedit2:amd64 (3.1-20181209-1) ...\r\nSelecting previously unselected package libllvm7:amd64.\r\nPreparing to unpack .../15-libllvm7_1%3a7.0.1-8+deb10u2_amd64.deb ...\r\nUnpacking libllvm7:amd64 (1:7.0.1-8+deb10u2) ...\r\nSelecting previously unselected package libstdc++-8-dev:amd64.\r\nPreparing to unpack .../16-libstdc++-8-dev_8.3.0-6_amd64.deb ...\r\nUnpacking libstdc++-8-dev:amd64 (8.3.0-6) ...\r\nSelecting previously unselected package libgc1c2:amd64.\r\nPreparing to unpack .../17-libgc1c2_1%3a7.6.4-0.4_amd64.deb ...\r\nUnpacking libgc1c2:amd64 (1:7.6.4-0.4) ...\r\nSelecting previously unselected package libobjc4:amd64.\r\nPreparing to unpack .../18-libobjc4_8.3.0-6_amd64.deb ...\r\nUnpacking libobjc4:amd64 (8.3.0-6) ...\r\nSelecting previously unselected package libobjc-8-dev:amd64.\r\nPreparing to unpack .../19-libobjc-8-dev_8.3.0-6_amd64.deb ...\r\nUnpacking libobjc-8-dev:amd64 (8.3.0-6) ...\r\nSelecting previously unselected package libc6-i386.\r\nPreparing to unpack .../20-libc6-i386_2.28-10+deb10u2_amd64.deb ...\r\nUnpacking libc6-i386 (2.28-10+deb10u2) ...\r\nSelecting previously unselected package lib32gcc1.\r\nPreparing to unpack .../21-lib32gcc1_1%3a8.3.0-6_amd64.deb ...\r\nUnpacking lib32gcc1 (1:8.3.0-6) ...\r\nSelecting previously unselected package lib32stdc++6.\r\nPreparing to unpack .../22-lib32stdc++6_8.3.0-6_amd64.deb ...\r\nUnpacking lib32stdc++6 (8.3.0-6) ...\r\nSelecting previously unselected package libclang-common-7-dev.\r\nPreparing to unpack .../23-libclang-common-7-dev_1%3a7.0.1-8+deb10u2_amd64.deb ...\r\nUnpacking libclang-common-7-dev (1:7.0.1-8+deb10u2) ...\r\nSelecting previously unselected package libclang1-7.\r\nPreparing to unpack .../24-libclang1-7_1%3a7.0.1-8+deb10u2_amd64.deb ...\r\nUnpacking libclang1-7 (1:7.0.1-8+deb10u2) ...\r\nSelecting previously unselected package clang-7.\r\nPreparing to unpack .../25-clang-7_1%3a7.0.1-8+deb10u2_amd64.deb ...\r\nUnpacking clang-7 (1:7.0.1-8+deb10u2) ...\r\nSelecting previously unselected package clang.\r\nPreparing to unpack .../26-clang_1%3a7.0-47_amd64.deb ...\r\nUnpacking clang (1:7.0-47) ...\r\nSelecting previously unselected package libdpkg-perl.\r\nPreparing to unpack .../27-libdpkg-perl_1.19.8_all.deb ...\r\nUnpacking libdpkg-perl (1.19.8) ...\r\nSelecting previously unselected package libffi-dev:amd64.\r\nPreparing to unpack .../28-libffi-dev_3.2.1-9_amd64.deb ...\r\nUnpacking libffi-dev:amd64 (3.2.1-9) ...\r\nSelecting previously unselected package libfile-fcntllock-perl.\r\nPreparing to unpack .../29-libfile-fcntllock-perl_0.22-3+b5_amd64.deb ...\r\nUnpacking libfile-fcntllock-perl (0.22-3+b5) ...\r\nSelecting previously unselected package libglib2.0-0:amd64.\r\nPreparing to unpack .../30-libglib2.0-0_2.58.3-2+deb10u4_amd64.deb ...\r\nUnpacking libglib2.0-0:amd64 (2.58.3-2+deb10u4) ...\r\nSelecting previously unselected package libglib2.0-data.\r\nPreparing to unpack .../31-libglib2.0-data_2.58.3-2+deb10u4_all.deb ...\r\nUnpacking libglib2.0-data (2.58.3-2+deb10u4) ...\r\nSelecting previously unselected package libgpm2:amd64.\r\nPreparing to unpack .../32-libgpm2_1.20.7-5_amd64.deb ...\r\nUnpacking libgpm2:amd64 (1.20.7-5) ...\r\nSelecting previously unselected package libncurses6:amd64.\r\nPreparing to unpack .../33-libncurses6_6.1+20181013-2+deb10u3_amd64.deb ...\r\nUnpacking libncurses6:amd64 (6.1+20181013-2+deb10u3) ...\r\nSelecting previously unselected package libncurses-dev:amd64.\r\nPreparing to unpack .../34-libncurses-dev_6.1+20181013-2+deb10u3_amd64.deb ...\r\nUnpacking libncurses-dev:amd64 (6.1+20181013-2+deb10u3) ...\r\nSelecting previously unselected package libomp5-7:amd64.\r\nPreparing to unpack .../35-libomp5-7_1%3a7.0.1-8+deb10u2_amd64.deb ...\r\nUnpacking libomp5-7:amd64 (1:7.0.1-8+deb10u2) ...\r\nSelecting previously unselected package libomp-7-dev.\r\nPreparing to unpack .../36-libomp-7-dev_1%3a7.0.1-8+deb10u2_amd64.deb ...\r\nUnpacking libomp-7-dev (1:7.0.1-8+deb10u2) ...\r\nSelecting previously unselected package libssl-dev:amd64.\r\nPreparing to unpack .../37-libssl-dev_1.1.1n-0+deb10u3_amd64.deb ...\r\nUnpacking libssl-dev:amd64 (1.1.1n-0+deb10u3) ...\r\nSelecting previously unselected package libtinfo-dev:amd64.\r\nPreparing to unpack .../38-libtinfo-dev_6.1+20181013-2+deb10u3_amd64.deb ...\r\nUnpacking libtinfo-dev:amd64 (6.1+20181013-2+deb10u3) ...\r\nSelecting previously unselected package llvm-7-runtime.\r\nPreparing to unpack .../39-llvm-7-runtime_1%3a7.0.1-8+deb10u2_amd64.deb ...\r\nUnpacking llvm-7-runtime (1:7.0.1-8+deb10u2) ...\r\nSelecting previously unselected package llvm-7.\r\nPreparing to unpack .../40-llvm-7_1%3a7.0.1-8+deb10u2_amd64.deb ...\r\nUnpacking llvm-7 (1:7.0.1-8+deb10u2) ...\r\nSelecting previously unselected package llvm-7-dev.\r\nPreparing to unpack .../41-llvm-7-dev_1%3a7.0.1-8+deb10u2_amd64.deb ...\r\nUnpacking llvm-7-dev (1:7.0.1-8+deb10u2) ...\r\nSelecting previously unselected package pkg-config.\r\nPreparing to unpack .../42-pkg-config_0.29-6_amd64.deb ...\r\nUnpacking pkg-config (0.29-6) ...\r\nSelecting previously unselected package shared-mime-info.\r\nPreparing to unpack .../43-shared-mime-info_1.10-1_amd64.deb ...\r\nUnpacking shared-mime-info (1.10-1) ...\r\nSelecting previously unselected package xdg-user-dirs.\r\nPreparing to unpack .../44-xdg-user-dirs_0.17-2_amd64.deb ...\r\nUnpacking xdg-user-dirs (0.17-2) ...\r\nSetting up perl-modules-5.28 (5.28.1-6+deb10u1) ...\r\nSetting up libexpat1:amd64 (2.2.6-2+deb10u6) ...\r\nSetting up libpipeline1:amd64 (1.5.1-2) ...\r\nSetting up lsb-base (10.2019051400) ...\r\nSetting up libgpm2:amd64 (1.20.7-5) ...\r\nSetting up mime-support (3.62) ...\r\nSetting up xdg-user-dirs (0.17-2) ...\r\nSetting up libmagic-mgc (1:5.35-4+deb10u2) ...\r\nSetting up libgc1c2:amd64 (1:7.6.4-0.4) ...\r\nSetting up libglib2.0-0:amd64 (2.58.3-2+deb10u4) ...\r\nNo schema files found: doing nothing.\r\nSetting up libssl1.1:amd64 (1.1.1n-0+deb10u3) ...\r\ndebconf: unable to initialize frontend: Dialog\r\ndebconf: (TERM is not set, so the dialog frontend is not usable.)\r\ndebconf: falling back to frontend: Readline\r\nSetting up libsqlite3-0:amd64 (3.27.2-3+deb10u2) ...\r\nSetting up libmagic1:amd64 (1:5.35-4+deb10u2) ...\r\nSetting up libobjc4:amd64 (8.3.0-6) ...\r\nSetting up file (1:5.35-4+deb10u2) ...\r\nSetting up bzip2 (1.0.6-9.2~deb10u2) ...\r\nSetting up libffi-dev:amd64 (3.2.1-9) ...\r\nSetting up libicu63:amd64 (63.1-6+deb10u3) ...\r\nSetting up libobjc-8-dev:amd64 (8.3.0-6) ...\r\nSetting up libglib2.0-data (2.58.3-2+deb10u4) ...\r\nSetting up libncurses6:amd64 (6.1+20181013-2+deb10u3) ...\r\nSetting up xz-utils (5.2.4-1+deb10u1) ...\r\nupdate-alternatives: using /usr/bin/xz to provide /usr/bin/lzma (lzma) in auto mode\r\nupdate-alternatives: warning: skip creation of /usr/share/man/man1/lzma.1.gz because associated file /usr/share/man/man1/xz.1.gz (of link group lzma) doesn't exist\r\nupdate-alternatives: warning: skip creation of /usr/share/man/man1/unlzma.1.gz because associated file /usr/share/man/man1/unxz.1.gz (of link group lzma) doesn't exist\r\nupdate-alternatives: warning: skip creation of /usr/share/man/man1/lzcat.1.gz because associated file /usr/share/man/man1/xzcat.1.gz (of link group lzma) doesn't exist\r\nupdate-alternatives: warning: skip creation of /usr/share/man/man1/lzmore.1.gz because associated file /usr/share/man/man1/xzmore.1.gz (of link group lzma) doesn't exist\r\nupdate-alternatives: warning: skip creation of /usr/share/man/man1/lzless.1.gz because associated file /usr/share/man/man1/xzless.1.gz (of link group lzma) doesn't exist\r\nupdate-alternatives: warning: skip creation of /usr/share/man/man1/lzdiff.1.gz because associated file /usr/share/man/man1/xzdiff.1.gz (of link group lzma) doesn't exist\r\nupdate-alternatives: warning: skip creation of /usr/share/man/man1/lzcmp.1.gz because associated file /usr/share/man/man1/xzcmp.1.gz (of link group lzma) doesn't exist\r\nupdate-alternatives: warning: skip creation of /usr/share/man/man1/lzgrep.1.gz because associated file /usr/share/man/man1/xzgrep.1.gz (of link group lzma) doesn't exist\r\nupdate-alternatives: warning: skip creation of /usr/share/man/man1/lzegrep.1.gz because associated file /usr/share/man/man1/xzegrep.1.gz (of link group lzma) doesn't exist\r\nupdate-alternatives: warning: skip creation of /usr/share/man/man1/lzfgrep.1.gz because associated file /usr/share/man/man1/xzfgrep.1.gz (of link group lzma) doesn't exist\r\nSetting up libssl-dev:amd64 (1.1.1n-0+deb10u3) ...\r\nSetting up libomp5-7:amd64 (1:7.0.1-8+deb10u2) ...\r\nSetting up binfmt-support (2.2.0-2) ...\r\ninvoke-rc.d: could not determine current runlevel\r\ninvoke-rc.d: policy-rc.d denied execution of start.\r\nSetting up libc6-i386 (2.28-10+deb10u2) ...\r\nSetting up netbase (5.6) ...\r\nSetting up libc-dev-bin (2.28-10+deb10u2) ...\r\nSetting up libbsd0:amd64 (0.9.1-2+deb10u1) ...\r\nSetting up readline-common (7.0-5) ...\r\nSetting up libxml2:amd64 (2.9.4+dfsg1-7+deb10u5) ...\r\nSetting up liblocale-gettext-perl (1.07-3+b4) ...\r\nSetting up libreadline7:amd64 (7.0-5) ...\r\nSetting up libgdbm6:amd64 (1.18.1-4) ...\r\nSetting up libedit2:amd64 (3.1-20181209-1) ...\r\nSetting up lib32gcc1 (1:8.3.0-6) ...\r\nSetting up libpython2.7-stdlib:amd64 (2.7.16-2+deb10u1) ...\r\nSetting up libomp-7-dev (1:7.0.1-8+deb10u2) ...\r\nSetting up lib32stdc++6 (8.3.0-6) ...\r\nSetting up shared-mime-info (1.10-1) ...\r\nSetting up libgdbm-compat4:amd64 (1.18.1-4) ...\r\nSetting up libperl5.28:amd64 (5.28.1-6+deb10u1) ...\r\nSetting up libllvm7:amd64 (1:7.0.1-8+deb10u2) ...\r\nSetting up libc6-dev:amd64 (2.28-10+deb10u2) ...\r\nSetting up libclang1-7 (1:7.0.1-8+deb10u2) ...\r\nSetting up libstdc++-8-dev:amd64 (8.3.0-6) ...\r\nSetting up libncurses-dev:amd64 (6.1+20181013-2+deb10u3) ...\r\nSetting up llvm-7-runtime (1:7.0.1-8+deb10u2) ...\r\nSetting up python2.7 (2.7.16-2+deb10u1) ...\r\nSetting up llvm-7 (1:7.0.1-8+deb10u2) ...\r\nSetting up libpython2-stdlib:amd64 (2.7.16-1) ...\r\nSetting up python2 (2.7.16-1) ...\r\nSetting up libpython-stdlib:amd64 (2.7.16-1) ...\r\nSetting up perl (5.28.1-6+deb10u1) ...\r\nSetting up libdpkg-perl (1.19.8) ...\r\nSetting up libclang-common-7-dev (1:7.0.1-8+deb10u2) ...\r\nSetting up python (2.7.16-1) ...\r\nSetting up libtinfo-dev:amd64 (6.1+20181013-2+deb10u3) ...\r\nSetting up clang-7 (1:7.0.1-8+deb10u2) ...\r\nSetting up llvm-7-dev (1:7.0.1-8+deb10u2) ...\r\nSetting up libfile-fcntllock-perl (0.22-3+b5) ...\r\nSetting up clang (1:7.0-47) ...\r\nSetting up pkg-config (0.29-6) ...\r\nProcessing triggers for libc-bin (2.28-10) ...\r\nRemoving intermediate container 55152374eda6\n ---> 6bb0420b2119\nStep 5/30 : RUN     if [ \"${DATABASE}\" = \"sqlite\" ]; then         apt install -y sqlite3 libsqlite3-dev;         mkdir -p /usr/local/cargo/bin/;         touch /usr/local/cargo/bin/diesel;     fi &&     if [ \"${DATABASE}\" = \"postgres\" ]; then         apt install -y  libpq-dev;         cargo install diesel_cli --no-default-features --features \"postgres\";     fi &&     if [ \"${DATABASE}\" = \"mysql\" ]; then         apt install -y default-libmysqlclient-dev;         cargo install diesel_cli --no-default-features --features \"mysql\";     fi\n ---> Running in 7ecfd08ef898\nRemoving intermediate container 7ecfd08ef898\n ---> b60dcb753a81\nStep 6/30 : WORKDIR /alexandrie\n ---> Running in 320745a541b6\nRemoving intermediate container 320745a541b6\n ---> 7c0017cdeed3\nStep 7/30 : COPY crates crates\n ---> 09c6a994dc72\nStep 8/30 : COPY syntect syntect\n ---> a73db957457a\nStep 9/30 : COPY helpers helpers\n ---> 070be701670f\nStep 10/30 : COPY migrations migrations\n ---> bbe13992adc5\nStep 11/30 : COPY wasm-pbkdf2 wasm-pbkdf2\n ---> 1d17a9f5d2b3\nStep 12/30 : COPY Cargo.toml Cargo.toml\n ---> 9578d96e5a8d\nStep 13/30 : COPY Cargo.lock Cargo.lock\n ---> a17b817981a9\nStep 14/30 : RUN cd crates/alexandrie && cargo build --release --no-default-features --features \"${DATABASE} frontend git2\"\n ---> Running in ba286976f4a1\n\u001b[91m    Updating crates.io index\n\u001b[0m\u001b[91m Downloading crates ...\n\u001b[0m\u001b[91m  Downloaded aead v0.3.2\n\u001b[0m\u001b[91m  Downloaded aes v0.6.0\n\u001b[0m\u001b[91m  Downloaded ammonia v3.1.2\n\u001b[0m\u001b[91m  Downloaded async-attributes v1.1.2\n\u001b[0m\u001b[91m  Downloaded async-trait v0.1.51\n\u001b[0m\u001b[91m  Downloaded ucd-trie v0.1.3\n\u001b[0m\u001b[91m  Downloaded typenum v1.14.0\n\u001b[0m\u001b[91m  Downloaded async-executor v1.4.1\n\u001b[0m\u001b[91m  Downloaded universal-hash v0.4.1\n\u001b[0m\u001b[91m  Downloaded unicode-width v0.1.9\n\u001b[0m\u001b[91m  Downloaded unicode-normalization v0.1.19\n\u001b[0m\u001b[91m  Downloaded migrations_internals v1.4.1\n\u001b[0m\u001b[91m  Downloaded matches v0.1.9\n\u001b[0m\u001b[91m  Downloaded crossbeam-queue v0.3.2\n\u001b[0m\u001b[91m  Downloaded crypto-mac v0.8.0\n\u001b[0m\u001b[91m  Downloaded log v0.4.14\n\u001b[0m\u001b[91m  Downloaded migrations_macros v1.4.2\n\u001b[0m\u001b[91m  Downloaded fake-simd v0.1.2\n\u001b[0m\u001b[91m  Downloaded fnv v1.0.7\n\u001b[0m\u001b[91m  Downloaded filetime v0.2.15\n\u001b[0m\u001b[91m  Downloaded once_cell v1.8.0\n\u001b[0m\u001b[91m  Downloaded opaque-debug v0.3.0\n\u001b[0m\u001b[91m  Downloaded ghash v0.3.1\n\u001b[0m\u001b[91m  Downloaded hex v0.4.3\n\u001b[0m\u001b[91m  Downloaded openssl-probe v0.1.4\n\u001b[0m\u001b[91m  Downloaded git2 v0.13.23\n\u001b[0m\u001b[91m  Downloaded http-client v6.5.1\n\u001b[0m\u001b[91m  Downloaded percent-encoding v2.1.0\n\u001b[0m\u001b[91m  Downloaded parking_lot v0.11.2\n\u001b[0m\u001b[91m  Downloaded slog-term v2.8.0\n\u001b[0m\u001b[91m  Downloaded untrusted v0.7.1\n\u001b[0m\u001b[91m  Downloaded time v0.2.27\n\u001b[0m\u001b[91m  Downloaded value-bag v1.0.0-alpha.7\n\u001b[0m\u001b[91m  Downloaded yaml-rust v0.4.5\n\u001b[0m\u001b[91m  Downloaded tinyvec_macros v0.1.0\n\u001b[0m\u001b[91m  Downloaded indexmap v1.7.0\n\u001b[0m\u001b[91m  Downloaded url v2.2.2\n\u001b[0m\u001b[91m  Downloaded walkdir v2.3.2\n\u001b[0m\u001b[91m  Downloaded vec_map v0.8.2\n\u001b[0m\u001b[91m  Downloaded opaque-debug v0.2.3\n\u001b[0m\u001b[91m  Downloaded unicase v2.6.0\n\u001b[0m\u001b[91m  Downloaded phf v0.8.0\n\u001b[0m\u001b[91m  Downloaded num-integer v0.1.44\n\u001b[0m\u001b[91m  Downloaded xattr v0.2.2\n\u001b[0m\u001b[91m  Downloaded mac v0.1.1\n\u001b[0m\u001b[91m  Downloaded idna v0.2.3\n\u001b[0m\u001b[91m  Downloaded pin-project v1.0.8\n\u001b[0m\u001b[91m  Downloaded pin-project-lite v0.1.12\n\u001b[0m\u001b[91m  Downloaded same-file v1.0.6\n\u001b[0m\u001b[91m  Downloaded ppv-lite86 v0.2.10\n\u001b[0m\u001b[91m  Downloaded route-recognizer v0.2.0\n\u001b[0m\u001b[91m  Downloaded signal-hook-registry v1.4.0\n\u001b[0m\u001b[91m  Downloaded term v0.7.0\n\u001b[0m\u001b[91m  Downloaded shadow-rs v0.5.25\n\u001b[0m\u001b[91m  Downloaded textwrap v0.11.0\n\u001b[0m\u001b[91m  Downloaded thiserror v1.0.30\n\u001b[0m\u001b[91m  Downloaded tar v0.4.37\n\u001b[0m\u001b[91m  Downloaded serde_derive v1.0.130\n\u001b[0m\u001b[91m  Downloaded rand v0.8.4\n\u001b[0m\u001b[91m  Downloaded signal-hook v0.3.10\n\u001b[0m\u001b[91m  Downloaded tendril v0.4.2\n\u001b[0m\u001b[91m  Downloaded serde_json v1.0.68\n\u001b[0m\u001b[91m  Downloaded sval v1.0.0-alpha.5\n\u001b[0m\u001b[91m  Downloaded syntect v4.6.0\n\u001b[0m\u001b[91m  Downloaded rand_core v0.5.1\n\u001b[0m\u001b[91m  Downloaded serde_qs v0.8.5\n\u001b[0m\u001b[91m  Downloaded sha-1 v0.8.2\n\u001b[0m\u001b[91m  Downloaded thiserror-impl v1.0.30\n\u001b[0m\u001b[91m  Downloaded strsim v0.8.0\n\u001b[0m\u001b[91m  Downloaded rand_pcg v0.2.1\n\u001b[0m\u001b[91m  Downloaded serde_urlencoded v0.7.0\n\u001b[0m\u001b[91m  Downloaded sha2 v0.9.8\n\u001b[0m\u001b[91m  Downloaded semver-parser v0.10.2\n\u001b[0m\u001b[91m  Downloaded regex-syntax v0.6.25\n\u001b[0m\u001b[91m  Downloaded serde v1.0.130\n\u001b[0m\u001b[91m  Downloaded rand_core v0.6.3\n\u001b[0m\u001b[91m  Downloaded pkg-config v0.3.20\n\u001b[0m\u001b[91m  Downloaded pest_generator v2.1.3\n\u001b[0m\u001b[91m  Downloaded proc-macro2 v1.0.29\n\u001b[0m\u001b[91m  Downloaded new_debug_unreachable v1.0.4\n\u001b[0m\u001b[91m  Downloaded take_mut v0.2.2\n\u001b[0m\u001b[91m  Downloaded phf_generator v0.8.0\n\u001b[0m\u001b[91m  Downloaded phf_codegen v0.8.0\n\u001b[0m\u001b[91m  Downloaded openssl-sys v0.9.67\n\u001b[0m\u001b[91m  Downloaded time v0.1.44\n\u001b[0m\u001b[91m  Downloaded string_cache_codegen v0.5.1\n\u001b[0m\u001b[91m  Downloaded parking_lot_core v0.8.5\n\u001b[0m\u001b[91m  Downloaded markup5ever_rcdom v0.1.0\n\u001b[0m\u001b[91m  Downloaded ring v0.16.20\n\u001b[0m\u001b[91m  Downloaded nodrop v0.1.14\n\u001b[0m\u001b[91m  Downloaded memchr v2.4.1\n\u001b[0m\u001b[91m  Downloaded lock_api v0.4.5\n\u001b[0m\u001b[91m  Downloaded libssh2-sys v0.2.21\n\u001b[0m\u001b[91m  Downloaded async-global-executor v2.0.2\n\u001b[0m\u001b[91m  Downloaded form_urlencoded v1.0.1\n\u001b[0m\u001b[91m  Downloaded futures-sink v0.3.17\n\u001b[0m\u001b[91m  Downloaded cookie v0.14.4\n\u001b[0m\u001b[91m  Downloaded markup5ever v0.10.1\n\u001b[0m\u001b[91m  Downloaded miniz_oxide v0.4.4\n\u001b[0m\u001b[91m  Downloaded r2d2 v0.8.9\n\u001b[0m\u001b[91m  Downloaded quick-error v2.0.1\n\u001b[0m\u001b[91m  Downloaded pulldown-cmark v0.8.0\n\u001b[0m\u001b[91m  Downloaded rand v0.7.3\n\u001b[0m\u001b[91m  Downloaded syn v1.0.80\n\u001b[0m\u001b[91m  Downloaded phf_shared v0.8.0\n\u001b[0m\u001b[91m  Downloaded string_cache v0.8.1\n\u001b[0m\u001b[91m  Downloaded semver v0.11.0\n\u001b[0m\u001b[91m  Downloaded quote v1.0.10\n\u001b[0m\u001b[91m  Downloaded plist v1.2.1\n\u001b[0m\u001b[91m  Downloaded precomputed-hash v0.1.1\n\u001b[0m\u001b[91m  Downloaded scopeguard v1.1.0\n\u001b[0m\u001b[91m  Downloaded pin-utils v0.1.0\n\u001b[0m\u001b[91m  Downloaded pin-project-lite v0.2.7\n\u001b[0m\u001b[91m  Downloaded standback v0.2.17\n\u001b[0m\u001b[91m  Downloaded ryu v1.0.5\n\u001b[0m\u001b[91m  Downloaded rand_chacha v0.2.2\n\u001b[0m\u001b[91m  Downloaded proc-macro-nested v0.1.7\n\u001b[0m\u001b[91m  Downloaded subtle v2.4.1\n\u001b[0m\u001b[91m  Downloaded pin-project-internal v1.0.8\n\u001b[0m\u001b[91m  Downloaded libgit2-sys v0.12.24+1.3.0\n\u001b[0m\u001b[91m  Downloaded scheduled-thread-pool v0.2.5\n\u001b[0m\u001b[91m  Downloaded safemem v0.3.3\n\u001b[0m\u001b[91m  Downloaded polyval v0.4.5\n\u001b[0m\u001b[91m  Downloaded polling v2.1.0\n\u001b[0m\u001b[91m  Downloaded libz-sys v1.1.3\n\u001b[0m\u001b[91m  Downloaded rand_chacha v0.3.1\n\u001b[0m\u001b[91m  Downloaded proc-macro-hack v0.5.19\n\u001b[0m\u001b[91m  Downloaded num-format v0.4.0\n\u001b[0m\u001b[91m  Downloaded onig_sys v69.7.1\n\u001b[0m\u001b[91m  Downloaded http-types v2.12.0\n\u001b[0m\u001b[91m  Downloaded block-padding v0.1.5\n\u001b[0m\u001b[91m  Downloaded slog v2.7.0\n\u001b[0m\u001b[91m  Downloaded arrayvec v0.4.12\n\u001b[0m\u001b[91m  Downloaded autocfg v1.0.1\n\u001b[0m\u001b[91m  Downloaded pest_derive v2.1.0\n\u001b[0m\u001b[91m  Downloaded async-task v4.0.3\n\u001b[0m\u001b[91m  Downloaded cfg-if v1.0.0\n\u001b[0m\u001b[91m  Downloaded bitflags v1.3.2\n\u001b[0m\u001b[91m  Downloaded async-std v1.10.0\n\u001b[0m\u001b[91m  Downloaded async-process v1.2.0\n\u001b[0m\u001b[91m  Downloaded line-wrap v0.1.1\n\u001b[0m\u001b[91m  Downloaded async-sse v4.1.0\n\u001b[0m\u001b[91m  Downloaded async-mutex v1.4.0\n\u001b[0m\u001b[91m  Downloaded time-macros v0.1.1\n\u001b[0m\u001b[91m  Downloaded async-lock v2.4.0\n\u001b[0m\u001b[91m  Downloaded itoa v0.4.8\n\u001b[0m\u001b[91m  Downloaded atty v0.2.14\n\u001b[0m\u001b[91m  Downloaded async-dup v1.2.2\n\u001b[0m\u001b[91m  Downloaded spin v0.5.2\n\u001b[0m\u001b[91m  Downloaded slog-async v2.7.0\n\u001b[0m\u001b[91m  Downloaded simple-mutex v1.1.5\n\u001b[0m\u001b[91m  Downloaded parking v2.0.0\n\u001b[0m\u001b[91m  Downloaded libc v0.2.103\n\u001b[0m\u001b[91m  Downloaded kv-log-macro v1.0.7\n\u001b[0m\u001b[91m  Downloaded httparse v1.5.1\n\u001b[0m\u001b[91m  Downloaded getopts v0.2.21\n\u001b[0m\u001b[91m  Downloaded diesel_derives v1.4.1\n\u001b[0m\u001b[91m  Downloaded hkdf v0.10.0\n\u001b[0m\u001b[91m  Downloaded xml-rs v0.8.4\n\u001b[0m\u001b[91m  Downloaded waker-fn v1.1.0\n\u001b[0m\u001b[91m  Downloaded version_check v0.9.3\n\u001b[0m\u001b[91m  Downloaded utf-8 v0.7.6\n\u001b[0m\u001b[91m  Downloaded thread_local v1.1.3\n\u001b[0m\u001b[91m  Downloaded hmac v0.8.1\n\u001b[0m\u001b[91m  Downloaded getrandom v0.2.3\n\u001b[0m\u001b[91m  Downloaded diesel_migrations v1.4.0\n\u001b[0m\u001b[91m  Downloaded socket2 v0.4.2\n\u001b[0m\u001b[91m  Downloaded futf v0.1.4\n\u001b[0m\u001b[91m  Downloaded tide v0.16.0\n\u001b[0m\u001b[91m  Downloaded futures-core v0.3.17\n\u001b[0m\u001b[91m  Downloaded futures v0.3.17\n\u001b[0m\u001b[91m  Downloaded dirs-sys-next v0.1.2\n\u001b[0m\u001b[91m  Downloaded blake3 v0.3.8\n\u001b[0m\u001b[91m  Downloaded bincode v1.3.3\n\u001b[0m\u001b[91m  Downloaded stable_deref_trait v1.2.0\n  Downloaded smallvec v1.7.0\n\u001b[0m\u001b[91m  Downloaded jobserver v0.1.24\n\u001b[0m\u001b[91m  Downloaded xml5ever v0.16.1\n\u001b[0m\u001b[91m  Downloaded slog-stdlog v4.1.0\n\u001b[0m\u001b[91m  Downloaded slog-scope v4.4.0\n\u001b[0m\u001b[91m  Downloaded slab v0.4.4\n\u001b[0m\u001b[91m  Downloaded siphasher v0.3.7\n\u001b[0m\u001b[91m  Downloaded pest_meta v2.1.3\n\u001b[0m\u001b[91m  Downloaded pest v2.1.3\n\u001b[0m\u001b[91m  Downloaded num-bigint v0.2.6\n\u001b[0m\u001b[91m  Downloaded lazy_static v1.4.0\n\u001b[0m\u001b[91m  Downloaded instant v0.1.11\n\u001b[0m\u001b[91m  Downloaded infer v0.2.3\n\u001b[0m\u001b[91m  Downloaded hmac v0.10.1\n\u001b[0m\u001b[91m  Downloaded html5ever v0.25.1\n\u001b[0m\u001b[91m  Downloaded hashbrown v0.11.2\n\u001b[0m\u001b[91m  Downloaded handlebars v3.5.5\n\u001b[0m\u001b[91m  Downloaded futures-lite v1.12.0\n\u001b[0m\u001b[91m  Downloaded getrandom v0.1.16\n\u001b[0m\u001b[91m  Downloaded generic-array v0.14.4\n\u001b[0m\u001b[91m  Downloaded futures-util v0.3.17\n\u001b[0m\u001b[91m  Downloaded ansi_term v0.11.0\n\u001b[0m\u001b[91m  Downloaded onig v6.3.0\n\u001b[0m\u001b[91m  Downloaded num-traits v0.2.14\n\u001b[0m\u001b[91m  Downloaded generic-array v0.12.4\n\u001b[0m\u001b[91m  Downloaded futures-task v0.3.17\n\u001b[0m\u001b[91m  Downloaded futures-io v0.3.17\n\u001b[0m\u001b[91m  Downloaded num_cpus v1.13.0\n\u001b[0m\u001b[91m  Downloaded futures-macro v0.3.17\n\u001b[0m\u001b[91m  Downloaded futures-executor v0.3.17\n\u001b[0m\u001b[91m  Downloaded futures-channel v0.3.17\n\u001b[0m\u001b[91m  Downloaded flate2 v1.0.22\n\u001b[0m\u001b[91m  Downloaded event-listener v2.5.1\n\u001b[0m\u001b[91m  Downloaded fastrand v1.5.0\n\u001b[0m\u001b[91m  Downloaded dirs-next v2.0.0\n\u001b[0m\u001b[91m  Downloaded digest v0.8.1\n\u001b[0m\u001b[91m  Downloaded linked-hash-map v0.5.4\n\u001b[0m\u001b[91m  Downloaded digest v0.9.0\n\u001b[0m\u001b[91m  Downloaded diesel v1.4.8\n\u001b[0m\u001b[91m  Downloaded ctr v0.6.0\n\u001b[0m\u001b[91m  Downloaded crypto-mac v0.10.1\n\u001b[0m\u001b[91m  Downloaded dashmap v4.0.2\n\u001b[0m\u001b[91m  Downloaded ctor v0.1.21\n\u001b[0m\u001b[91m  Downloaded crossbeam-channel v0.5.1\n\u001b[0m\u001b[91m  Downloaded const_fn v0.4.8\n\u001b[0m\u001b[91m  Downloaded chrono v0.4.19\n\u001b[0m\u001b[91m  Downloaded crossbeam-utils v0.8.5\n\u001b[0m\u001b[91m  Downloaded crc32fast v1.2.1\n\u001b[0m\u001b[91m  Downloaded cpuid-bool v0.2.0\n\u001b[0m\u001b[91m  Downloaded constant_time_eq v0.1.5\n\u001b[0m\u001b[91m  Downloaded clap v2.33.3\n\u001b[0m\u001b[91m  Downloaded cpufeatures v0.2.1\n\u001b[0m\u001b[91m  Downloaded concurrent-queue v1.2.2\n\u001b[0m\u001b[91m  Downloaded cipher v0.2.5\n\u001b[0m\u001b[91m  Downloaded cc v1.0.71\n\u001b[0m\u001b[91m  Downloaded cache-padded v1.1.1\n\u001b[0m\u001b[91m  Downloaded maplit v1.0.2\n\u001b[0m\u001b[91m  Downloaded lazycell v1.3.0\n\u001b[0m\u001b[91m  Downloaded cfg-if v0.1.10\n\u001b[0m\u001b[91m  Downloaded byte-pool v0.2.3\n\u001b[0m\u001b[91m  Downloaded atomic-waker v1.0.0\n\u001b[0m\u001b[91m  Downloaded unicode-bidi v0.3.7\n\u001b[0m\u001b[91m  Downloaded byteorder v1.4.3\n\u001b[0m\u001b[91m  Downloaded byte-tools v0.3.1\n\u001b[0m\u001b[91m  Downloaded block-buffer v0.7.3\n\u001b[0m\u001b[91m  Downloaded blocking v1.0.2\n\u001b[0m\u001b[91m  Downloaded block-buffer v0.9.0\n\u001b[0m\u001b[91m  Downloaded base64 v0.12.3\n\u001b[0m\u001b[91m  Downloaded unicode-xid v0.2.2\n\u001b[0m\u001b[91m  Downloaded bigdecimal v0.1.2\n\u001b[0m\u001b[91m  Downloaded base64 v0.13.0\n\u001b[0m\u001b[91m  Downloaded toml v0.5.8\n\u001b[0m\u001b[91m  Downloaded tinyvec v1.5.0\n\u001b[0m\u001b[91m  Downloaded time-macros-impl v0.1.2\n\u001b[0m\u001b[91m  Downloaded async-session v2.0.1\n\u001b[0m\u001b[91m  Downloaded async-channel v1.6.1\n\u001b[0m\u001b[91m  Downloaded arrayvec v0.5.2\n\u001b[0m\u001b[91m  Downloaded async-io v1.6.0\n\u001b[0m\u001b[91m  Downloaded async-h1 v2.3.2\n\u001b[0m\u001b[91m  Downloaded arc-swap v1.4.0\n\u001b[0m\u001b[91m  Downloaded arrayref v0.3.6\n\u001b[0m\u001b[91m  Downloaded anyhow v1.0.44\n\u001b[0m\u001b[91m  Downloaded aes-soft v0.6.4\n\u001b[0m\u001b[91m  Downloaded aes-gcm v0.8.0\n\u001b[0m\u001b[91m  Downloaded adler v1.0.2\n\u001b[0m\u001b[91m   Compiling libc v0.2.103\n   Compiling proc-macro2 v1.0.29\n\u001b[0m\u001b[91m   Compiling unicode-xid v0.2.2\n   Compiling syn v1.0.80\n\u001b[0m\u001b[91m   Compiling version_check v0.9.3\n\u001b[0m\u001b[91m   Compiling autocfg v1.0.1\n   Compiling cfg-if v1.0.0\n   Compiling serde v\u001b[0m\u001b[91m1.0.130\n\u001b[0m\u001b[91m   Compiling serde_derive v1.0.130\n\u001b[0m\u001b[91m   Compiling log v\u001b[0m\u001b[91m0.4.14\n\u001b[0m\u001b[91m   Compiling pkg-config v\u001b[0m\u001b[91m0.3.20\n\u001b[0m\u001b[91m   Compiling getrandom v0.1.16\n\u001b[0m\u001b[91m   Compiling sval v\u001b[0m\u001b[91m1.0.0-alpha.5\n\u001b[0m\u001b[91m   Compiling typenum v1.14.0\n\u001b[0m\u001b[91m   Compiling lazy_static v1.4.0\n\u001b[0m\u001b[91m   Compiling futures-core v\u001b[0m\u001b[91m0.3.17\n\u001b[0m\u001b[91m   Compiling memchr v\u001b[0m\u001b[91m2.4.1\n\u001b[0m\u001b[91m   Compiling subtle v\u001b[0m\u001b[91m2.4.1\n\u001b[0m\u001b[91m   Compiling futures-io v0.3.17\n\u001b[0m\u001b[91m   Compiling once_cell v1.8.0\n\u001b[0m\u001b[91m   Compiling pin-project-lite v0.2.7\n\u001b[0m\u001b[91m   Compiling parking_lot_core v0.8.5\n\u001b[0m\u001b[91m   Compiling event-listener v2.5.1\n\u001b[0m\u001b[91m   Compiling percent-encoding v2.1.0\n\u001b[0m\u001b[91m   Compiling proc-macro-hack v0.5.19\n\u001b[0m\u001b[91m   Compiling tinyvec_macros v0.1.0\n\u001b[0m\u001b[91m   Compiling matches v0.1.9\n\u001b[0m\u001b[91m   Compiling cache-padded v\u001b[0m\u001b[91m1.1.1\n\u001b[0m\u001b[91m   Compiling slab v0.4.4\n\u001b[0m\u001b[91m   Compiling ryu v1.0.5\n\u001b[0m\u001b[91m   Compiling \u001b[0m\u001b[91mitoa v0.4.8\n\u001b[0m\u001b[91m   Compiling opaque-debug v\u001b[0m\u001b[91m0.3.0\n\u001b[0m\u001b[91m   Compiling fastrand v1.5.0\n\u001b[0m\u001b[91m   Compiling crossbeam-utils v0.8.5\n\u001b[0m\u001b[91m   Compiling ppv-lite86 v0.2.10\n\u001b[0m\u001b[91m   Compiling parking v2.0.0\n\u001b[0m\u001b[91m   Compiling waker-fn v1.1.0\n\u001b[0m\u001b[91m   Compiling serde_json v1.0.68\n   Compiling siphasher v0.3.7\n\u001b[0m\u001b[91m   Compiling unicode-bidi v0.3.7\n\u001b[0m\u001b[91m   Compiling pin-utils v0.1.0\n\u001b[0m\u001b[91m  \u001b[0m\u001b[91m Compiling signal-hook\u001b[0m\u001b[91m v\u001b[0m\u001b[91m0.3.10\u001b[0m\u001b[91m\n\u001b[0m\u001b[91m   Compiling async-task v4.0.3\n\u001b[0m\u001b[91m   Compiling base64 v0.13.0\n\u001b[0m\u001b[91m   Compiling const_fn v0.4.8\n\u001b[0m\u001b[91m   Compiling atomic-waker v1.0.0\n\u001b[0m\u001b[91m   Compiling cpuid-bool v0.2.0\n\u001b[0m\u001b[91m   Compiling new_debug_unreachable v1.0.4\n\u001b[0m\u001b[91m \u001b[0m\u001b[91m \u001b[0m\u001b[91m \u001b[0m\u001b[91mCompiling bitflags v1.3.2\n\u001b[0m\u001b[91m   Compiling smallvec v1.7.0\n\u001b[0m\u001b[91m   Compiling mac v0.1.1\n\u001b[0m\u001b[91m   Compiling anyhow v1.0.44\n\u001b[0m\u001b[91m   Compiling scopeguard v1.1.0\n\u001b[0m\u001b[91m \u001b[0m\u001b[91m  Compiling cpufeatures v0.2.1\n\u001b[0m\u001b[91m   Compiling utf-8 v0.7.6\n\u001b[0m\u001b[91m   Compiling ucd-trie v0.1.3\n\u001b[0m\u001b[91m   Compiling precomputed-hash v0.1.1\n\u001b[0m\u001b[91m  \u001b[0m\u001b[91m Compiling proc-macro-nested v\u001b[0m\u001b[91m0.1.7\n\u001b[0m\u001b[91m   Compiling futures-channel v0.3.17\n\u001b[0m\u001b[91m   Compiling http-types v2.12.0\n\u001b[0m\u001b[91m   Compiling slog v2.7.0\n\u001b[0m\u001b[91m   Compiling futures-task v0.3.17\n\u001b[0m\u001b[91m \u001b[0m\u001b[91m  Compiling\u001b[0m\u001b[91m crc32fast\u001b[0m\u001b[91m v1.2.1\u001b[0m\u001b[91m\n\u001b[0m\u001b[91m  \u001b[0m\u001b[91m Compiling \u001b[0m\u001b[91minfer\u001b[0m\u001b[91m v\u001b[0m\u001b[91m0.2.3\n\u001b[0m\u001b[91m \u001b[0m\u001b[91m  Compiling unicode-width\u001b[0m\u001b[91m v0.1.9\u001b[0m\u001b[91m\n\u001b[0m\u001b[91m   Compiling async-trait v0.1.51\n\u001b[0m\u001b[91m   Compiling crossbeam-queue v0.3.2\u001b[0m\u001b[91m\n\u001b[0m\u001b[91m   Compiling futures-sink v0.3.17\n\u001b[0m\u001b[91m \u001b[0m\u001b[91m \u001b[0m\u001b[91m \u001b[0m\u001b[91mCompiling same-file v1.0.6\n\u001b[0m\u001b[91m   Compiling safemem v0.3.3\n\u001b[0m\u001b[91m   Compiling openssl-probe v0.1.4\n\u001b[0m\u001b[91m   Compiling httparse v1.5.1\n\u001b[0m\u001b[91m \u001b[0m\u001b[91m  Compiling adler v1.0.2\n\u001b[0m\u001b[91m   Compiling maplit v1.0.2\n\u001b[0m\u001b[91m   Compiling hashbrown v0.11.2\n\u001b[0m\u001b[91m   Compiling byteorder v1.4.3\n\u001b[0m\u001b[91m   Compiling xml-rs v0.8.4\n\u001b[0m\u001b[91m \u001b[0m\u001b[91m  Compiling cfg-if v0.1.10\n\u001b[0m\u001b[91m   Compiling arrayvec v0.5.2\n\u001b[0m\u001b[91m  \u001b[0m\u001b[91m Compiling\u001b[0m\u001b[91m \u001b[0m\u001b[91marrayref\u001b[0m\u001b[91m v\u001b[0m\u001b[91m0.3.6\u001b[0m\u001b[91m\n\u001b[0m\u001b[91m   Compiling linked-hash-map v0.5.4\n\u001b[0m\u001b[91m   Compiling pulldown-cmark v0.8.0\n\u001b[0m\u001b[91m \u001b[0m\u001b[91m  \u001b[0m\u001b[91mCompiling\u001b[0m\u001b[91m constant_time_eq v0.1.5\n\u001b[0m\u001b[91m   \u001b[0m\u001b[91mCompiling stable_deref_trait v\u001b[0m\u001b[91m1.2.0\n\u001b[0m\u001b[91m   Compiling arrayvec v0.4.12\n\u001b[0m\u001b[91m  \u001b[0m\u001b[91m Compiling base64 v0.12.3\n\u001b[0m\u001b[91m   Compiling nodrop v0.1.14\n\u001b[0m\u001b[91m   Compiling lazycell v1.3.0\n\u001b[0m\u001b[91m   Compiling arc-swap v1.4.0\n\u001b[0m\u001b[91m   \u001b[0m\u001b[91mCompiling regex-syntax v0.6.25\n\u001b[0m\u001b[91m   Compiling fnv v1.0.7\n\u001b[0m\u001b[91m  \u001b[0m\u001b[91m \u001b[0m\u001b[91mCompiling \u001b[0m\u001b[91mpin-project-lite v\u001b[0m\u001b[91m0.1.12\u001b[0m\u001b[91m\n\u001b[0m\u001b[91m \u001b[0m\u001b[91m  Compiling slog-async v\u001b[0m\u001b[91m2.7.0\n\u001b[0m\u001b[91m   Compiling vec_map v0.8.2\n\u001b[0m\u001b[91m   Compiling take_mut v0.2.2\n\u001b[0m\u001b[91m   Compiling untrusted v0.7.1\n\u001b[0m\u001b[91m   Compiling ansi_term v0.11.0\n\u001b[0m\u001b[91m   Compiling spin v0.5.2\n\u001b[0m\u001b[91m   Compiling quick-error v2.0.1\n\u001b[0m\u001b[91m   Compiling route-recognizer v0.2.0\n\u001b[0m\u001b[91m  \u001b[0m\u001b[91m Compiling\u001b[0m\u001b[91m strsim v0.8.0\n\u001b[0m\u001b[91m  \u001b[0m\u001b[91m Compiling\u001b[0m\u001b[91m hex v0.4.3\n\u001b[0m\u001b[91m   Compiling instant v0.1.11\n\u001b[0m\u001b[91m   Compiling tinyvec v1.5.0\n\u001b[0m\u001b[91m   Compiling concurrent-queue v1.2.2\n\u001b[0m\u001b[91m   Compiling form_urlencoded v1.0.1\n\u001b[0m\u001b[91m   Compiling async-mutex v1.4.0\n\u001b[0m\u001b[91m   Compiling async-lock v2.4.0\n\u001b[0m\u001b[91m   Compiling simple-mutex v1.1.5\n\u001b[0m\u001b[91m \u001b[0m\u001b[91m  Compiling thread_local v1.1.3\n\u001b[0m\u001b[91m   Compiling phf_shared v0.8.0\n\u001b[0m\u001b[91m   Compiling futf v0.1.4\n\u001b[0m\u001b[91m  \u001b[0m\u001b[91m Compiling\u001b[0m\u001b[91m \u001b[0m\u001b[91mlock_api\u001b[0m\u001b[91m v\u001b[0m\u001b[91m0.4.5\n\u001b[0m\u001b[91m   Compiling num-traits v0.2.14\n\u001b[0m\u001b[91m   Compiling num-integer v\u001b[0m\u001b[91m0.1.44\n\u001b[0m\u001b[91m  \u001b[0m\u001b[91m Compiling num-bigint v0.2.6\n\u001b[0m\u001b[91m \u001b[0m\u001b[91m  Compiling \u001b[0m\u001b[91mfutures-macro\u001b[0m\u001b[91m v\u001b[0m\u001b[91m0.3.17\n\u001b[0m\u001b[91m \u001b[0m\u001b[91m  Compiling futures-util v0.3.17\n\u001b[0m\u001b[91m \u001b[0m\u001b[91m  Compiling indexmap v1.7.0\n\u001b[0m\u001b[91m   Compiling miniz_oxide v0.4.4\n\u001b[0m\u001b[91m   Compiling value-bag v1.0.0-alpha.7\n\u001b[0m\u001b[91m \u001b[0m\u001b[91m \u001b[0m\u001b[91m Compiling \u001b[0m\u001b[91mgeneric-array\u001b[0m\u001b[91m v0.14.4\u001b[0m\u001b[91m\n\u001b[0m\u001b[91m \u001b[0m\u001b[91m  \u001b[0m\u001b[91mCompiling standback v0.2.17\n\u001b[0m\u001b[91m \u001b[0m\u001b[91m  Compiling\u001b[0m\u001b[91m time v0.2.27\n\u001b[0m\u001b[91m   Compiling cookie v0.14.4\n\u001b[0m\u001b[91m   Compiling unicase v2.6.0\n\u001b[0m\u001b[91m   Compiling pest v2.1.3\n\u001b[0m\u001b[91m   Compiling getopts v0.2.21\n\u001b[0m\u001b[91m   Compiling textwrap v0.11.0\n\u001b[0m\u001b[91m   Compiling line-wrap v0.1.1\n\u001b[0m\u001b[91m   \u001b[0m\u001b[91mCompiling walkdir v2.3.2\n\u001b[0m\u001b[91m \u001b[0m\u001b[91m  \u001b[0m\u001b[91mCompiling\u001b[0m\u001b[91m yaml-rust v0.4.5\u001b[0m\u001b[91m\n\u001b[0m\u001b[91m   Compiling async-dup v1.2.2\n\u001b[0m\u001b[91m   Compiling tendril v0.4.2\n\u001b[0m\u001b[91m   Compiling phf v0.8.0\n\u001b[0m\u001b[91m   \u001b[0m\u001b[91mCompiling\u001b[0m\u001b[91m \u001b[0m\u001b[91masync-channel\u001b[0m\u001b[91m v1.6.1\n\u001b[0m\u001b[91m   \u001b[0m\u001b[91mCompiling crossbeam-channel v\u001b[0m\u001b[91m0.5.1\u001b[0m\u001b[91m\n\u001b[0m\u001b[91m \u001b[0m\u001b[91m  \u001b[0m\u001b[91mCompiling\u001b[0m\u001b[91m unicode-normalization v0.1.19\u001b[0m\u001b[91m\n\u001b[0m\u001b[91m   Compiling futures-lite v1.12.0\n\u001b[0m\u001b[91m  \u001b[0m\u001b[91m Compiling quote v1.0.10\n\u001b[0m\u001b[91m   Compiling byte-pool v0.2.3\n\u001b[0m\u001b[91m \u001b[0m\u001b[91m  Compiling \u001b[0m\u001b[91mjobserver v0.1.24\n\u001b[0m\u001b[91m   Compiling time v0.1.44\n\u001b[0m\u001b[91m \u001b[0m\u001b[91m  \u001b[0m\u001b[91mCompiling \u001b[0m\u001b[91msocket2 v\u001b[0m\u001b[91m0.4.2\n\u001b[0m\u001b[91m   Compiling num_cpus v1.13.0\n\u001b[0m\u001b[91m   Compiling signal-hook-registry v1.4.0\n\u001b[0m\u001b[91m   Compiling getrandom v0.2.3\n\u001b[0m\u001b[91m   Compiling dirs-sys-next v0.1.2\n\u001b[0m\u001b[91m  \u001b[0m\u001b[91m Compiling atty v0.2.14\n\u001b[0m\u001b[91m  \u001b[0m\u001b[91m Compiling filetime v0.2.15\n\u001b[0m\u001b[91m   Compiling xattr v0.2.2\n\u001b[0m\u001b[91m   Compiling slog-scope v4.4.0\n\u001b[0m\u001b[91m   Compiling semver-parser v0.10.2\n\u001b[0m\u001b[91m   Compiling num-format v0.4.0\n\u001b[0m\u001b[91m   Compiling rand_core v0.5.1\n\u001b[0m\u001b[91m   Compiling cc v1.0.71\n\u001b[0m\u001b[91m   Compiling pest_meta v2.1.3\n\u001b[0m\u001b[91m   Compiling parking_lot v0.11.2\n\u001b[0m\u001b[91m   Compiling flate2 v1.0.22\n\u001b[0m\u001b[91m   Compiling dashmap v4.0.2\n\u001b[0m\u001b[91m  \u001b[0m\u001b[91m Compiling\u001b[0m\u001b[91m \u001b[0m\u001b[91mrand_core\u001b[0m\u001b[91m v\u001b[0m\u001b[91m0.6.3\u001b[0m\u001b[91m\n\u001b[0m\u001b[91m   Compiling clap v2.33.3\n\u001b[0m\u001b[91m   Compiling dirs-next v2.0.0\n\u001b[0m\u001b[91m   Compiling async-executor v1.4.1\n\u001b[0m\u001b[91m   Compiling blocking v1.0.2\n\u001b[0m\u001b[91m   Compiling tar v0.4.37\n\u001b[0m\u001b[91m   Compiling rand_pcg v0.2.1\n\u001b[0m\u001b[91m   Compiling rand_chacha v0.2.2\n\u001b[0m\u001b[91m \u001b[0m\u001b[91m \u001b[0m\u001b[91m \u001b[0m\u001b[91mCompiling\u001b[0m\u001b[91m \u001b[0m\u001b[91midna v\u001b[0m\u001b[91m0.2.3\u001b[0m\u001b[91m\n\u001b[0m\u001b[91m  \u001b[0m\u001b[91m Compiling term v0.7.0\n\u001b[0m\u001b[91m   Compiling scheduled-thread-pool v0.2.5\n\u001b[0m\u001b[91m   Compiling rand_chacha v0.3.1\n\u001b[0m\u001b[91m   Compiling digest v0.9.0\n\u001b[0m\u001b[91m \u001b[0m\u001b[91m \u001b[0m\u001b[91m \u001b[0m\u001b[91mCompiling\u001b[0m\u001b[91m \u001b[0m\u001b[91mcipher\u001b[0m\u001b[91m v0.2.5\n\u001b[0m\u001b[91m   Compiling universal-hash v0.4.1\n\u001b[0m\u001b[91m   Compiling block-buffer v0.9.0\n\u001b[0m\u001b[91m   Compiling crypto-mac v0.10.1\n\u001b[0m\u001b[91m   Compiling aead v0.3.2\n\u001b[0m\u001b[91m   Compiling crypto-mac v0.8.0\n\u001b[0m\u001b[91m \u001b[0m\u001b[91m  Compiling rand\u001b[0m\u001b[91m v\u001b[0m\u001b[91m0.7.3\u001b[0m\u001b[91m\n\u001b[0m\u001b[91m   Compiling polyval v0.4.5\n\u001b[0m\u001b[91m   \u001b[0m\u001b[91mCompiling \u001b[0m\u001b[91mrand\u001b[0m\u001b[91m v0.8.4\n\u001b[0m\u001b[91m   Compiling aes-soft v0.6.4\n\u001b[0m\u001b[91m \u001b[0m\u001b[91m  \u001b[0m\u001b[91mCompiling\u001b[0m\u001b[91m \u001b[0m\u001b[91mctr v\u001b[0m\u001b[91m0.6.0\u001b[0m\u001b[91m\n\u001b[0m\u001b[91m \u001b[0m\u001b[91m \u001b[0m\u001b[91m \u001b[0m\u001b[91mCompiling\u001b[0m\u001b[91m \u001b[0m\u001b[91msha2\u001b[0m\u001b[91m v\u001b[0m\u001b[91m0.9.8\u001b[0m\u001b[91m\n\u001b[0m\u001b[91m  \u001b[0m\u001b[91m Compiling \u001b[0m\u001b[91mhmac\u001b[0m\u001b[91m v0.10.1\n\u001b[0m\u001b[91m   Compiling hmac v0.8.1\n\u001b[0m\u001b[91m   Compiling ghash v0.3.1\n\u001b[0m\u001b[91m \u001b[0m\u001b[91m \u001b[0m\u001b[91m \u001b[0m\u001b[91mCompiling\u001b[0m\u001b[91m hkdf\u001b[0m\u001b[91m v0.10.0\n\u001b[0m\u001b[91m  \u001b[0m\u001b[91m Compiling\u001b[0m\u001b[91m \u001b[0m\u001b[91maes\u001b[0m\u001b[91m v\u001b[0m\u001b[91m0.6.0\u001b[0m\u001b[91m\n\u001b[0m\u001b[91m   Compiling aes-gcm v0.8.0\n\u001b[0m\u001b[91m   Compiling openssl-sys v0.9.67\n\u001b[0m\u001b[91m   \u001b[0m\u001b[91mCompiling\u001b[0m\u001b[91m libz-sys v1.1.3\n\u001b[0m\u001b[91m   Compiling \u001b[0m\u001b[91mlibssh2-sys\u001b[0m\u001b[91m v\u001b[0m\u001b[91m0.2.21\u001b[0m\u001b[91m\n\u001b[0m\u001b[91m   Compiling libgit2-sys v0.12.24+1.3.0\n\u001b[0m\u001b[91m   Compiling onig_sys v69.7.1\n\u001b[0m\u001b[91m   Compiling blake3 v0.3.8\n\u001b[0m\u001b[91m   Compiling ring v0.16.20\n\u001b[0m\u001b[91m   Compiling\u001b[0m\u001b[91m phf_generator v0.8.0\n\u001b[0m\u001b[91m   \u001b[0m\u001b[91mCompiling string_cache_codegen\u001b[0m\u001b[91m v0.5.1\n\u001b[0m\u001b[91m   Compiling phf_codegen v0.8.0\n\u001b[0m\u001b[91m   Compiling\u001b[0m\u001b[91m \u001b[0m\u001b[91mmarkup5ever v\u001b[0m\u001b[91m0.10.1\u001b[0m\u001b[91m\n\u001b[0m\u001b[91m   Compiling onig v6.3.0\n\u001b[0m\u001b[91m   Compiling pest_generator v2.1.3\n\u001b[0m\u001b[91m   Compiling ctor v0.1.21\n\u001b[0m\u001b[91m   Compiling thiserror-impl v1.0.30\n\u001b[0m\u001b[91m   Compiling time-macros-impl v0.1.2\n\u001b[0m\u001b[91m   Compiling async-attributes v1.1.2\n\u001b[0m\u001b[91m   Compiling diesel_derives v1.4.1\n\u001b[0m\u001b[91m   Compiling html5ever v0.25.1\n\u001b[0m\u001b[91m   Compiling pin-project-internal v1.0.8\n\u001b[0m\u001b[91m   Compiling pest_derive v\u001b[0m\u001b[91m2.1.0\n\u001b[0m\u001b[91m \u001b[0m\u001b[91m  Compiling \u001b[0m\u001b[91mtime-macros\u001b[0m\u001b[91m v\u001b[0m\u001b[91m0.1.1\u001b[0m\u001b[91m\n\u001b[0m\u001b[91m   Compiling thiserror v1.0.30\n\u001b[0m\u001b[91m   Compiling polling v2.1.0\n\u001b[0m\u001b[91m   Compiling kv-log-macro v1.0.7\n\u001b[0m\u001b[91m   Compiling r2d2 v0.8.9\n\u001b[0m\u001b[91m   Compiling slog-stdlog v4.1.0\n\u001b[0m\u001b[91m   Compiling pin-project v1.0.8\n\u001b[0m\u001b[91m   Compiling async-io v1.6.0\n\u001b[0m\u001b[91m   Compiling async-process v1.2.0\n\u001b[0m\u001b[91m   Compiling async-global-executor v2.0.2\n\u001b[0m\u001b[91m   Compiling async-std v1.10.0\n\u001b[0m\u001b[91m   Compiling futures-executor v0.3.17\n\u001b[0m\u001b[91m   Compiling futures v0.3.17\n\u001b[0m\u001b[91m   Compiling url v2.2.2\n\u001b[0m\u001b[91m   Compiling chrono v0.4.19\n\u001b[0m\u001b[91m   Compiling string_cache v0.8.1\n\u001b[0m\u001b[91m   Compiling serde_qs v0.8.5\n\u001b[0m\u001b[91m   Compiling serde_urlencoded v0.7.0\n\u001b[0m\u001b[91m   Compiling bincode v\u001b[0m\u001b[91m1.3.3\n\u001b[0m\u001b[91m   Compiling bigdecimal v\u001b[0m\u001b[91m0.1.2\n\u001b[0m\u001b[91m   Compiling semver v\u001b[0m\u001b[91m0.11.0\n\u001b[0m\u001b[91m   Compiling toml v0.5.8\n\u001b[0m\u001b[91m   Compiling alexandrie-storage v0.1.0 (/alexandrie/crates/alexandrie-storage)\n\u001b[0m\u001b[91m   Compiling git2 v0.13.23\n\u001b[0m\u001b[91m   Compiling handlebars v3.5.5\n\u001b[0m\u001b[91m   Compiling diesel v1.4.8\n\u001b[0m\u001b[91m   Compiling plist v1.2.1\n\u001b[0m\u001b[91m   Compiling async-session v2.0.1\u001b[0m\u001b[91m\n\u001b[0m\u001b[91m   Compiling slog-term v2.8.0\n\u001b[0m\u001b[91m   Compiling xml5ever v0.16.1\n\u001b[0m\u001b[91m   Compiling syntect v4.6.0\n\u001b[0m\u001b[91m   Compiling markup5ever_rcdom v0.1.0\n\u001b[0m\u001b[91m   Compiling http-client v6.5.1\n\u001b[0m\u001b[91m   Compiling async-h1 v\u001b[0m\u001b[91m2.3.2\n\u001b[0m\u001b[91m   Compiling async-sse v4.1.0\n\u001b[0m\u001b[91m   Compiling ammonia v3.1.2\n\u001b[0m\u001b[91m   Compiling shadow-rs v0.5.25\n\u001b[0m\u001b[91m   \u001b[0m\u001b[91mCompiling \u001b[0m\u001b[91malexandrie-index\u001b[0m\u001b[91m v\u001b[0m\u001b[91m0.1.0\u001b[0m\u001b[91m (\u001b[0m\u001b[91m/alexandrie/crates/alexandrie-index\u001b[0m\u001b[91m)\u001b[0m\u001b[91m\n\u001b[0m\u001b[91m   Compiling tide v0.16.0\n\u001b[0m\u001b[91m   Compiling alexandrie-rendering v0.1.0 (/alexandrie/crates/alexandrie-rendering)\n\u001b[0m\u001b[91m   Compiling alexandrie v0.1.0 (/alexandrie/crates/alexandrie)\n\u001b[0m\u001b[91m   Compiling migrations_internals v1.4.1\n\u001b[0m\u001b[91m   Compiling migrations_macros v1.4.2\n\u001b[0m\u001b[91m   Compiling diesel_migrations v1.4.0\n\u001b[0m\u001b[91merror: At least one database backend must be enabled to build this crate (eg. by passing argument `--features [mysql|sqlite|postgres]`).\n  --> crates/alexandrie/src/db/mod.rs:27:1\n   |\n27 | compile_error!(\"At least one database backend must be enabled to build this crate (eg. by passing argument `--features [mysql|sqlite|postgres]`).\");\n   | ^^^^^^^^^^^^^^^^^^^^^^^^^^^^^^^^^^^^^^^^^^^^^^^^^^^^^^^^^^^^^^^^^^^^^^^^^^^^^^^^^^^^^^^^^^^^^^^^^^^^^^^^^^^^^^^^^^^^^^^^^^^^^^^^^^^^^^^^^^^^^^^^^^^^\n\n\u001b[0m\u001b[91merror: expected type, found `\"not implemented\"`\n  --> crates/alexandrie/src/db/mod.rs:29:23\n   |\n29 | pub type Connection = unimplemented!();\n   |                       ^^^^^^^^^^^^^^^^\n   |                       |\n   |                       expected type\n   |                       in this macro invocation\n   |                       this macro call doesn't expand to a type\n   |\n   = note: this error originates in a macro (in Nightly builds, run with -Z macro-backtrace for more info)\n\n\u001b[0m\u001b[91merror[E0433]: failed to resolve: use of undeclared crate or module `embedded_migrations`\n   --> crates/alexandrie/src/main.rs:224:25\n    |\n224 |     state.db.run(|conn| embedded_migrations::run(conn)).await\n    |                         ^^^^^^^^^^^^^^^^^^^ use of undeclared crate or module `embedded_migrations`\n\n\u001b[0m\u001b[91merror[E0425]: cannot find value `database_url` in this scope\n  --> crates/alexandrie/src/db/database.rs:67:34\n   |\n67 |         Self::from_pool_builder(&database_url, builder)\n   |                                  ^^^^^^^^^^^^ not found in this scope\n\n\u001b[0m\u001b[91mwarning: unused `#[macro_use]` import\n  --> crates/alexandrie/src/main.rs:21:1\n   |\n21 | #[macro_use]\n   | ^^^^^^^^^^^^\n   |\nnote: the lint level is defined here\n  --> crates/alexandrie/src/main.rs:1:9\n   |\n1  | #![warn(unused, missing_docs)]\n   |         ^^^^^^\n   = note: `#[warn(unused_imports)]` implied by `#[warn(unused)]`\n\n\u001b[0m\u001b[91merror[E0277]: the trait bound `bool: FromSql<diesel::sql_types::Bool, _>` is not satisfied\n  --> crates/alexandrie/src/api/account/register.rs:62:10\n   |\n62 |         .get_result(conn)?;\n   |          ^^^^^^^^^^ the trait `FromSql<diesel::sql_types::Bool, _>` is not implemented for `bool`\n   |\n   = note: required because of the requirements on the impl of `diesel::Queryable<diesel::sql_types::Bool, _>` for `bool`\n   = note: required because of the requirements on the impl of `LoadQuery<_, bool>` for `diesel::query_builder::SelectStatement<(), query_builder::select_clause::SelectClause<Exists<diesel::query_builder::SelectStatement<schema::authors::table, query_builder::select_clause::DefaultSelectClause, query_builder::distinct_clause::NoDistinctClause, query_builder::where_clause::WhereClause<diesel::expression::operators::Eq<schema::authors::columns::email, diesel::expression::bound::Bound<diesel::sql_types::Text, &str>>>>>>>`\n\n\u001b[0m\u001b[91merror[E0277]: the trait bound `bool: FromSql<diesel::sql_types::Bool, _>` is not satisfied\n   --> crates/alexandrie/src/api/crates/publish.rs:287:14\n    |\n287 |             .get_result(conn)?;\n    |              ^^^^^^^^^^ the trait `FromSql<diesel::sql_types::Bool, _>` is not implemented for `bool`\n    |\n    = note: required because of the requirements on the impl of `diesel::Queryable<diesel::sql_types::Bool, _>` for `bool`\n    = note: required because of the requirements on the impl of `LoadQuery<_, bool>` for `diesel::query_builder::SelectStatement<(), query_builder::select_clause::SelectClause<Exists<diesel::query_builder::SelectStatement<schema::crate_authors::table, query_builder::select_clause::DefaultSelectClause, query_builder::distinct_clause::NoDistinctClause, query_builder::where_clause::WhereClause<diesel::expression::operators::And<diesel::expression::operators::Eq<schema::crate_authors::columns::crate_id, diesel::expression::bound::Bound<diesel::sql_types::BigInt, &i64>>, diesel::expression::operators::Eq<schema::crate_authors::columns::author_id, _>>>>>>>`\n\n\u001b[0m\u001b[91merror[E0277]: the trait bound `bool: FromSql<diesel::sql_types::Bool, _>` is not satisfied\n   --> crates/alexandrie/src/frontend/account/register.rs:107:10\n    |\n107 |         .get_result(conn)?;\n    |          ^^^^^^^^^^ the trait `FromSql<diesel::sql_types::Bool, _>` is not implemented for `bool`\n    |\n    = note: required because of the requirements on the impl of `diesel::Queryable<diesel::sql_types::Bool, _>` for `bool`\n    = note: required because of the requirements on the impl of `LoadQuery<_, bool>` for `diesel::query_builder::SelectStatement<(), query_builder::select_clause::SelectClause<Exists<diesel::query_builder::SelectStatement<schema::authors::table, query_builder::select_clause::DefaultSelectClause, query_builder::distinct_clause::NoDistinctClause, query_builder::where_clause::WhereClause<diesel::expression::operators::Eq<schema::authors::columns::email, diesel::expression::bound::Bound<diesel::sql_types::Text, &str>>>>>>>`\n\n\u001b[0m\u001b[91merror[E0277]: the trait bound `BigDecimal: FromSql<diesel::sql_types::Numeric, _>` is not satisfied\n  --> crates/alexandrie/src/frontend/index.rs:30:14\n   |\n30 |             .first::<Option<BigDecimal>>(conn)?\n   |              ^^^^^ the trait `FromSql<diesel::sql_types::Numeric, _>` is not implemented for `BigDecimal`\n   |\n   = note: required because of the requirements on the impl of `diesel::Queryable<diesel::sql_types::Numeric, _>` for `BigDecimal`\n   = note: 1 redundant requirements hidden\n   = note: required because of the requirements on the impl of `diesel::Queryable<diesel::sql_types::Nullable<diesel::sql_types::Numeric>, _>` for `std::option::Option<BigDecimal>`\n   = note: required because of the requirements on the impl of `LoadQuery<_, std::option::Option<BigDecimal>>` for `diesel::query_builder::SelectStatement<schema::crates::table, query_builder::select_clause::SelectClause<aggregate_folding::sum::sum<diesel::sql_types::BigInt, schema::crates::columns::downloads>>, query_builder::distinct_clause::NoDistinctClause, query_builder::where_clause::NoWhereClause, query_builder::order_clause::NoOrderClause, query_builder::limit_clause::LimitClause<diesel::expression::bound::Bound<diesel::sql_types::BigInt, i64>>>`\n\n\u001b[0m\u001b[91merror[E0277]: the trait bound `bool: FromSql<diesel::sql_types::Bool, _>` is not satisfied\n  --> crates/alexandrie/src/utils/checks.rs:14:6\n   |\n14 |     .get_result(conn)?;\n   |      ^^^^^^^^^^ the trait `FromSql<diesel::sql_types::Bool, _>` is not implemented for `bool`\n   |\n   = note: required because of the requirements on the impl of `diesel::Queryable<diesel::sql_types::Bool, _>` for `bool`\n   = note: required because of the requirements on the impl of `LoadQuery<_, bool>` for `diesel::query_builder::SelectStatement<(), query_builder::select_clause::SelectClause<Exists<diesel::query_builder::SelectStatement<schema::crates::table, query_builder::select_clause::DefaultSelectClause, query_builder::distinct_clause::NoDistinctClause, query_builder::where_clause::WhereClause<diesel::expression::operators::Eq<schema::crates::columns::canon_name, diesel::expression::bound::Bound<diesel::sql_types::Text, &str>>>>>>>`\n\n\u001b[0m\u001b[91merror[E0277]: the trait bound `bool: FromSql<diesel::sql_types::Bool, _>` is not satisfied\n  --> crates/alexandrie/src/utils/checks.rs:32:6\n   |\n32 |     .get_result(conn)?;\n   |      ^^^^^^^^^^ the trait `FromSql<diesel::sql_types::Bool, _>` is not implemented for `bool`\n   |\n   = note: required because of the requirements on the impl of `diesel::Queryable<diesel::sql_types::Bool, _>` for `bool`\n   = note: required because of the requirements on the impl of `LoadQuery<_, bool>` for `diesel::query_builder::SelectStatement<(), query_builder::select_clause::SelectClause<Exists<diesel::query_builder::SelectStatement<JoinOn<diesel::query_source::joins::Join<JoinOn<diesel::query_source::joins::Join<schema::crate_authors::table, schema::authors::table, Inner>, diesel::expression::operators::Eq<diesel::expression::nullable::Nullable<schema::crate_authors::columns::author_id>, diesel::expression::nullable::Nullable<schema::authors::columns::id>>>, schema::crates::table, Inner>, diesel::expression::operators::Eq<diesel::expression::nullable::Nullable<schema::crate_authors::columns::crate_id>, diesel::expression::nullable::Nullable<schema::crates::columns::id>>>, query_builder::select_clause::DefaultSelectClause, query_builder::distinct_clause::NoDistinctClause, query_builder::where_clause::WhereClause<diesel::expression::operators::And<diesel::expression::operators::Eq<schema::crates::columns::canon_name, diesel::expression::bound::Bound<diesel::sql_types::Text, &str>>, diesel::expression::operators::Eq<schema::authors::columns::id, diesel::expression::bound::Bound<diesel::sql_types::BigInt, i64>>>>>>>>`\n\n\u001b[0m\u001b[91merror[E0277]: the trait bound `bool: FromSql<diesel::sql_types::Bool, _>` is not satisfied\n  --> crates/alexandrie/src/utils/sessions.rs:73:80\n   |\n73 |                     dsl::select(dsl::exists(sessions::table.find(&record.id))).get_result(conn)?;\n   |                                                                                ^^^^^^^^^^ the trait `FromSql<diesel::sql_types::Bool, _>` is not implemented for `bool`\n   |\n   = note: required because of the requirements on the impl of `diesel::Queryable<diesel::sql_types::Bool, _>` for `bool`\n   = note: required because of the requirements on the impl of `LoadQuery<_, bool>` for `diesel::query_builder::SelectStatement<(), query_builder::select_clause::SelectClause<Exists<diesel::query_builder::SelectStatement<schema::sessions::table, query_builder::select_clause::DefaultSelectClause, query_builder::distinct_clause::NoDistinctClause, query_builder::where_clause::WhereClause<diesel::expression::operators::Eq<schema::sessions::columns::id, diesel::expression::bound::Bound<diesel::sql_types::Text, &std::string::String>>>>>>>`\n\n\u001b[0m\u001b[91merror: aborting due to 11 previous errors; 1 warning emitted\n\nSome errors have detailed explanations: E0277, E0425, E0433.\nFor more information about an error, try `rustc --explain E0277`.\n\u001b[0m\u001b[91merror: could not compile `alexandrie`\n\nTo learn more, run the command again with --verbose.\n\u001b[0mRemoving intermediate container ba286976f4a1\n","stderr":"The command '/bin/sh -c cd crates/alexandrie && cargo build --release --no-default-features --features \"${DATABASE} frontend git2\"' returned a non-zero code: 101\n"},"endTime":1672513415949}