{"repository":"https://github.com/builders-club/number-one","dockerfilePath":"Dockerfile","startTime":1672272420024,"clone":{"stdout":"","stderr":"Cloning into '/tmp/dinghy-analysis/builders-club/number-one'...\n","error":null,"commit":"a5d25f47c965263101d8ad86e7b48eec2f9b7a46"},"originalBuild":{"startTimestamp":1672272421330,"endTimestamp":1672272544698,"error":{"code":2,"killed":false,"signal":null,"cmd":"docker build --no-cache --force-rm -t number-one:latest -f /tmp/dinghy-analysis/builders-club/number-one/Dockerfile ."},"stdout":"Sending build context to Docker daemon  9.471MB\r\r\nStep 1/14 : FROM node:12.6.0-alpine as build\n12.6.0-alpine: Pulling from library/node\ne7c96db7181b: Already exists\na2b3c20ed471: Pulling fs layer\n240c8d07e1ef: Pulling fs layer\n21738480b7ba: Pulling fs layer\n21738480b7ba: Verifying Checksum\n240c8d07e1ef: Verifying Checksum\n240c8d07e1ef: Download complete\na2b3c20ed471: Verifying Checksum\na2b3c20ed471: Download complete\na2b3c20ed471: Pull complete\n240c8d07e1ef: Pull complete\n21738480b7ba: Pull complete\nDigest: sha256:182778091c2c27ffa76caa41e762b21a2555118bae00212c52b347bddbc058ba\nStatus: Downloaded newer image for node:12.6.0-alpine\n ---> a9a8b83644f7\nStep 2/14 : ARG BUILDVERSION=0.0.0\n ---> Running in d5d95963f360\nRemoving intermediate container d5d95963f360\n ---> bb9903d9406e\nStep 3/14 : WORKDIR /app\n ---> Running in afbd04078139\nRemoving intermediate container afbd04078139\n ---> 0f27f182edce\nStep 4/14 : COPY ./package.json ./\n ---> fcbb93b09462\nStep 5/14 : RUN npm i --silent\n ---> Running in cab467db89ee\nDownloading binary from https://github.com/sass/node-sass/releases/download/v4.14.1/linux_musl-x64-72_binding.node\nDownload complete\nBinary saved to /app/node_modules/node-sass/vendor/linux_musl-x64-72/binding.node\nCaching binary to /root/.npm/node-sass/4.14.1/linux_musl-x64-72_binding.node\nBinary found at /app/node_modules/node-sass/vendor/linux_musl-x64-72/binding.node\nTesting binary\nBinary is fine\nadded 803 packages from 871 contributors and audited 807 packages in 23.347s\nfound 25 vulnerabilities (8 moderate, 17 high)\n  run `npm audit fix` to fix them, or `npm audit` for details\nRemoving intermediate container cab467db89ee\n ---> f40ef2d7d719\nStep 6/14 : COPY ./ .\n ---> 3ac7533fa694\nStep 7/14 : RUN npm run build\n ---> Running in 6b99ac46405e\n\n> number-one@1.1.70 build /app\n> npm run build:typescript && npm run build:scss && npm run build:copy\n\n\n> number-one@1.1.70 build:typescript /app\n> tsc\n\nnode_modules/@types/express-serve-static-core/index.d.ts(99,68): error TS1110: Type expected.\nnode_modules/@types/express-serve-static-core/index.d.ts(99,77): error TS1005: '}' expected.\nnode_modules/@types/express-serve-static-core/index.d.ts(99,78): error TS1128: Declaration or statement expected.\nnode_modules/@types/express-serve-static-core/index.d.ts(99,80): error TS1005: ';' expected.\nnode_modules/@types/express-serve-static-core/index.d.ts(101,33): error TS1005: ';' expected.\nnode_modules/@types/express-serve-static-core/index.d.ts(101,48): error TS1005: ';' expected.\nnode_modules/@types/express-serve-static-core/index.d.ts(102,8): error TS1005: ';' expected.\nnode_modules/@types/express-serve-static-core/index.d.ts(108,22): error TS1005: ';' expected.\nnode_modules/@types/express-serve-static-core/index.d.ts(108,23): error TS1005: ';' expected.\nnode_modules/@types/express-serve-static-core/index.d.ts(108,33): error TS1005: ')' expected.\nnode_modules/@types/express-serve-static-core/index.d.ts(110,26): error TS1005: ';' expected.\nnode_modules/@types/express-serve-static-core/index.d.ts(110,27): error TS1005: ';' expected.\nnode_modules/@types/express-serve-static-core/index.d.ts(110,35): error TS1128: Declaration or statement expected.\nnode_modules/@types/express-serve-static-core/index.d.ts(110,37): error TS1005: ';' expected.\nnode_modules/@types/express-serve-static-core/index.d.ts(110,44): error TS1005: ';' expected.\nnode_modules/@types/express-serve-static-core/index.d.ts(114,52): error TS1005: ';' expected.\nnode_modules/@types/express-serve-static-core/index.d.ts(114,53): error TS1005: ';' expected.\nnode_modules/@types/express-serve-static-core/index.d.ts(114,60): error TS1005: ';' expected.\nnode_modules/@types/express-serve-static-core/index.d.ts(114,70): error TS1128: Declaration or statement expected.\nnode_modules/@types/express-serve-static-core/index.d.ts(118,28): error TS1005: ';' expected.\nnode_modules/@types/express-serve-static-core/index.d.ts(118,29): error TS1005: ';' expected.\nnode_modules/@types/express-serve-static-core/index.d.ts(118,53): error TS1005: '(' expected.\nnode_modules/@types/express-serve-static-core/index.d.ts(118,55): error TS1005: ';' expected.\nnode_modules/@types/express-serve-static-core/index.d.ts(118,62): error TS1005: ';' expected.\nnode_modules/@types/express-serve-static-core/index.d.ts(224,41): error TS1005: ';' expected.\nnode_modules/@types/express-serve-static-core/index.d.ts(233,31): error TS1005: ';' expected.\nnode_modules/@types/express-serve-static-core/index.d.ts(259,62): error TS1005: ';' expected.\nnode_modules/@types/express-serve-static-core/index.d.ts(355,49): error TS1005: ';' expected.\nnode_modules/@types/express-serve-static-core/index.d.ts(356,59): error TS1005: ';' expected.\nnode_modules/@types/express-serve-static-core/index.d.ts(357,5): error TS1005: ';' expected.\nnode_modules/@types/express-serve-static-core/index.d.ts(357,25): error TS1005: ';' expected.\nnode_modules/@types/express-serve-static-core/index.d.ts(357,44): error TS1005: ';' expected.\nnode_modules/@types/express-serve-static-core/index.d.ts(358,31): error TS1005: ';' expected.\nnode_modules/@types/express-serve-static-core/index.d.ts(363,84): error TS1005: ';' expected.\nnode_modules/@types/express-serve-static-core/index.d.ts(378,13): error TS1005: ';' expected.\nnode_modules/@types/express-serve-static-core/index.d.ts(379,14): error TS1005: ';' expected.\nnode_modules/@types/express-serve-static-core/index.d.ts(379,29): error TS1005: ';' expected.\nnode_modules/@types/express-serve-static-core/index.d.ts(392,20): error TS1005: ';' expected.\nnode_modules/@types/express-serve-static-core/index.d.ts(401,28): error TS1005: ';' expected.\nnode_modules/@types/express-serve-static-core/index.d.ts(402,45): error TS1005: ';' expected.\nnode_modules/@types/express-serve-static-core/index.d.ts(405,13): error TS1005: ';' expected.\nnode_modules/@types/express-serve-static-core/index.d.ts(479,56): error TS1005: ';' expected.\nnode_modules/@types/express-serve-static-core/index.d.ts(483,48): error TS1005: ';' expected.\nnode_modules/@types/express-serve-static-core/index.d.ts(502,35): error TS1005: ';' expected.\nnode_modules/@types/express-serve-static-core/index.d.ts(502,58): error TS1005: ';' expected.\nnode_modules/@types/express-serve-static-core/index.d.ts(508,36): error TS1005: ';' expected.\nnode_modules/@types/express-serve-static-core/index.d.ts(510,13): error TS1005: ';' expected.\nnode_modules/@types/express-serve-static-core/index.d.ts(516,53): error TS1005: ';' expected.\nnode_modules/@types/express-serve-static-core/index.d.ts(556,26): error TS1005: ';' expected.\nnode_modules/@types/express-serve-static-core/index.d.ts(562,31): error TS1005: ';' expected.\nnode_modules/@types/express-serve-static-core/index.d.ts(585,24): error TS1005: ';' expected.\nnode_modules/@types/express-serve-static-core/index.d.ts(666,20): error TS1005: ';' expected.\nnode_modules/@types/express-serve-static-core/index.d.ts(671,46): error TS1005: ';' expected.\nnode_modules/@types/express-serve-static-core/index.d.ts(684,46): error TS1005: ';' expected.\nnode_modules/@types/express-serve-static-core/index.d.ts(732,40): error TS1005: ';' expected.\nnode_modules/@types/express-serve-static-core/index.d.ts(735,22): error TS1005: ';' expected.\nnode_modules/@types/express-serve-static-core/index.d.ts(736,51): error TS1005: ';' expected.\nnode_modules/@types/express-serve-static-core/index.d.ts(742,13): error TS1005: ';' expected.\nnode_modules/@types/express-serve-static-core/index.d.ts(742,68): error TS1005: ';' expected.\nnode_modules/@types/express-serve-static-core/index.d.ts(743,13): error TS1005: ';' expected.\nnode_modules/@types/express-serve-static-core/index.d.ts(744,13): error TS1005: ';' expected.\nnode_modules/@types/express-serve-static-core/index.d.ts(745,13): error TS1005: ';' expected.\nnode_modules/@types/express-serve-static-core/index.d.ts(745,68): error TS1005: ';' expected.\nnode_modules/@types/express-serve-static-core/index.d.ts(747,43): error TS1005: ';' expected.\nnode_modules/@types/express-serve-static-core/index.d.ts(751,48): error TS1005: ';' expected.\nnode_modules/@types/express-serve-static-core/index.d.ts(752,44): error TS1005: ';' expected.\nnode_modules/@types/express-serve-static-core/index.d.ts(753,47): error TS1005: ';' expected.\nnode_modules/@types/express-serve-static-core/index.d.ts(792,40): error TS1005: ';' expected.\nnode_modules/@types/express-serve-static-core/index.d.ts(794,54): error TS1005: ';' expected.\nnode_modules/@types/express-serve-static-core/index.d.ts(795,31): error TS1005: ';' expected.\nnode_modules/@types/express-serve-static-core/index.d.ts(797,35): error TS1005: ';' expected.\nnode_modules/@types/express-serve-static-core/index.d.ts(802,26): error TS1005: ';' expected.\nnode_modules/@types/express-serve-static-core/index.d.ts(809,49): error TS1005: ';' expected.\nnode_modules/@types/express-serve-static-core/index.d.ts(809,64): error TS1005: ';' expected.\nnode_modules/@types/express-serve-static-core/index.d.ts(810,66): error TS1005: ';' expected.\nnode_modules/@types/express-serve-static-core/index.d.ts(823,49): error TS1005: ';' expected.\nnode_modules/@types/express-serve-static-core/index.d.ts(823,64): error TS1005: ';' expected.\nnode_modules/@types/express-serve-static-core/index.d.ts(824,66): error TS1005: ';' expected.\nnode_modules/@types/express-serve-static-core/index.d.ts(837,52): error TS1005: ';' expected.\nnode_modules/@types/express-serve-static-core/index.d.ts(840,26): error TS1005: ';' expected.\nnode_modules/@types/express-serve-static-core/index.d.ts(848,54): error TS1005: ';' expected.\nnode_modules/@types/express-serve-static-core/index.d.ts(849,12): error TS1005: ';' expected.\nnode_modules/@types/express-serve-static-core/index.d.ts(849,39): error TS1109: Expression expected.\nnode_modules/@types/express-serve-static-core/index.d.ts(882,38): error TS1005: ';' expected.\nnode_modules/@types/express-serve-static-core/index.d.ts(883,36): error TS1005: ';' expected.\nnode_modules/@types/express-serve-static-core/index.d.ts(891,72): error TS1005: ';' expected.\nnode_modules/@types/express-serve-static-core/index.d.ts(896,20): error TS1005: ';' expected.\nnode_modules/@types/express-serve-static-core/index.d.ts(896,31): error TS1005: ';' expected.\nnode_modules/@types/express-serve-static-core/index.d.ts(905,20): error TS1005: ';' expected.\nnode_modules/@types/express-serve-static-core/index.d.ts(916,31): error TS1005: ';' expected.\nnode_modules/@types/express-serve-static-core/index.d.ts(919,23): error TS1005: ';' expected.\nnode_modules/@types/express-serve-static-core/index.d.ts(923,20): error TS1005: ';' expected.\nnode_modules/@types/express-serve-static-core/index.d.ts(923,30): error TS1005: ';' expected.\nnode_modules/@types/express-serve-static-core/index.d.ts(923,52): error TS1005: ';' expected.\nnode_modules/@types/express-serve-static-core/index.d.ts(927,14): error TS1005: ';' expected.\nnode_modules/@types/express-serve-static-core/index.d.ts(927,63): error TS1005: ';' expected.\nnode_modules/@types/express-serve-static-core/index.d.ts(928,14): error TS1005: ';' expected.\nnode_modules/@types/express-serve-static-core/index.d.ts(929,14): error TS1005: ';' expected.\nnode_modules/@types/express-serve-static-core/index.d.ts(944,36): error TS1005: ';' expected.\nnode_modules/@types/express-serve-static-core/index.d.ts(946,19): error TS1005: ';' expected.\nnode_modules/@types/express-serve-static-core/index.d.ts(958,46): error TS1005: ';' expected.\nnode_modules/@types/express-serve-static-core/index.d.ts(972,31): error TS1005: ';' expected.\nnode_modules/@types/express-serve-static-core/index.d.ts(972,60): error TS1005: ';' expected.\nnode_modules/@types/express-serve-static-core/index.d.ts(975,23): error TS1005: ';' expected.\nnode_modules/@types/express-serve-static-core/index.d.ts(975,46): error TS1005: ';' expected.\nnode_modules/@types/express-serve-static-core/index.d.ts(977,9): error TS1005: ';' expected.\nnode_modules/@types/express-serve-static-core/index.d.ts(994,16): error TS1005: ';' expected.\nnode_modules/@types/express-serve-static-core/index.d.ts(994,38): error TS1005: ';' expected.\nnode_modules/@types/express-serve-static-core/index.d.ts(994,70): error TS1005: ';' expected.\nnode_modules/@types/express-serve-static-core/index.d.ts(1000,12): error TS1005: ';' expected.\nnode_modules/@types/express-serve-static-core/index.d.ts(1001,12): error TS1005: ';' expected.\nnode_modules/@types/express-serve-static-core/index.d.ts(1071,53): error TS1005: ';' expected.\nnode_modules/@types/express-serve-static-core/index.d.ts(1072,12): error TS1005: ';' expected.\nnode_modules/@types/express-serve-static-core/index.d.ts(1074,25): error TS1005: ';' expected.\nnode_modules/@types/express-serve-static-core/index.d.ts(1089,52): error TS1005: ';' expected.\nnode_modules/@types/express-serve-static-core/index.d.ts(1104,16): error TS1005: ';' expected.\nnode_modules/@types/express-serve-static-core/index.d.ts(1104,29): error TS1005: ';' expected.\nnode_modules/@types/express-serve-static-core/index.d.ts(1104,46): error TS1005: ';' expected.\nnode_modules/@types/express-serve-static-core/index.d.ts(1140,18): error TS1005: ';' expected.\nnode_modules/@types/express-serve-static-core/index.d.ts(1152,18): error TS1005: ';' expected.\nnode_modules/@types/express-serve-static-core/index.d.ts(1163,17): error TS1005: ';' expected.\nnode_modules/@types/express-serve-static-core/index.d.ts(1166,18): error TS1005: ';' expected.\nnode_modules/@types/express-serve-static-core/index.d.ts(1170,31): error TS1005: ';' expected.\nnode_modules/@types/express-serve-static-core/index.d.ts(1170,48): error TS1005: ';' expected.\nnode_modules/@types/express-serve-static-core/index.d.ts(1186,16): error TS1005: ';' expected.\nnode_modules/@types/express-serve-static-core/index.d.ts(1187,33): error TS1005: ';' expected.\nnode_modules/@types/express-serve-static-core/index.d.ts(1255,1): error TS1160: Unterminated template literal.\n\u001b[91mnpm\u001b[0m\u001b[91m \u001b[0m\u001b[91mERR!\u001b[0m\u001b[91m code\u001b[0m\u001b[91m ELIFECYCLE\n\u001b[0m\u001b[91mnpm \u001b[0m\u001b[91mERR! \u001b[0m\u001b[91merrno 2\n\u001b[0m\u001b[91mnpm \u001b[0m\u001b[91mERR!\u001b[0m\u001b[91m number-one@1.1.70 build:typescript: `tsc`\n\u001b[0m\u001b[91mnpm\u001b[0m\u001b[91m \u001b[0m\u001b[91mERR!\u001b[0m\u001b[91m Exit status 2\n\u001b[0m\u001b[91mnpm\u001b[0m\u001b[91m ERR!\u001b[0m\u001b[91m \nnpm \u001b[0m\u001b[91mERR!\u001b[0m\u001b[91m Failed at the number-one@1.1.70 build:typescript script.\nnpm\u001b[0m\u001b[91m ERR!\u001b[0m\u001b[91m This is probably not a problem with npm. There is likely additional logging output above.\n\u001b[0m\u001b[91m\nnpm ERR!\u001b[0m\u001b[91m A complete log of this run can be found in:\nnpm ERR!     /root/.npm/_logs/2022-12-29T00_08_30_815Z-debug.log\n\u001b[0m\u001b[91mnpm\u001b[0m\u001b[91m \u001b[0m\u001b[91mERR!\u001b[0m\u001b[91m \u001b[0m\u001b[91mcode\u001b[0m\u001b[91m ELIFECYCLE\n\u001b[0m\u001b[91mnpm \u001b[0m\u001b[91mERR! \u001b[0m\u001b[91merrno\u001b[0m\u001b[91m 2\n\u001b[0m\u001b[91mnpm\u001b[0m\u001b[91m \u001b[0m\u001b[91mERR!\u001b[0m\u001b[91m number-one@1.1.70 build: `npm run build:typescript && npm run build:scss && npm run build:copy`\n\u001b[0m\u001b[91mnpm\u001b[0m\u001b[91m \u001b[0m\u001b[91mERR!\u001b[0m\u001b[91m Exit status 2\n\u001b[0m\u001b[91mnpm \u001b[0m\u001b[91mERR!\u001b[0m\u001b[91m \nnpm\u001b[0m\u001b[91m ERR!\u001b[0m\u001b[91m Failed at the number-one@1.1.70 build script.\nnpm\u001b[0m\u001b[91m \u001b[0m\u001b[91mERR!\u001b[0m\u001b[91m This is probably not a problem with npm. There is likely additional logging output above.\n\u001b[0m\u001b[91m\n\u001b[0m\u001b[91mnpm\u001b[0m\u001b[91m \u001b[0m\u001b[91mERR!\u001b[0m\u001b[91m A complete log of this run can be found in:\nnpm\u001b[0m\u001b[91m \u001b[0m\u001b[91mERR!\u001b[0m\u001b[91m     /root/.npm/_logs/2022-12-29T00_08_30_834Z-debug.log\n\u001b[0mRemoving intermediate container 6b99ac46405e\n","stderr":"The command '/bin/sh -c npm run build' returned a non-zero code: 2\n"},"endTime":1672272544769}