{"repository":"https://github.com/janw/tapedrive","dockerfilePath":"Dockerfile","startTime":1672513696376,"clone":{"stdout":"","stderr":"Cloning into '/tmp/dinghy-analysis/janw/tapedrive'...\n","error":null,"commit":"d5a5ba870b12d1c4c38820097402b1a785fd487a"},"originalBuild":{"startTimestamp":1672513697838,"endTimestamp":1672513769945,"error":{"code":1,"killed":false,"signal":null,"cmd":"docker build --no-cache --force-rm -t tapedrive:latest -f /tmp/dinghy-analysis/janw/tapedrive/Dockerfile ."},"stdout":"Sending build context to Docker daemon    767kB\r\r\nStep 1/30 : FROM node:lts as frontend\nlts: Pulling from library/node\n32de3c850997: Already exists\nfa1d4c8d85a4: Already exists\nc796299bbbdd: Already exists\n81283a9569ad: Already exists\n60b38700e7fb: Already exists\n9537c7a3988e: Already exists\nfd36cab452a2: Pulling fs layer\n2d0da1e46288: Pulling fs layer\n1815baed2c16: Pulling fs layer\n1815baed2c16: Download complete\n2d0da1e46288: Verifying Checksum\n2d0da1e46288: Download complete\nfd36cab452a2: Verifying Checksum\nfd36cab452a2: Download complete\nfd36cab452a2: Pull complete\n2d0da1e46288: Pull complete\n1815baed2c16: Pull complete\nDigest: sha256:e9ad817b0d42b4d177a4bef8a0aff97c352468a008c3fdb2b4a82533425480df\nStatus: Downloaded newer image for node:lts\n ---> 7b2a09676e2c\nStep 2/30 : LABEL maintainer=\"Jan Willhaus <mail@janwillhaus.de\"\n ---> Running in 95e3dfcc2899\nRemoving intermediate container 95e3dfcc2899\n ---> 93d2bfe898e0\nStep 3/30 : WORKDIR /frontend\n ---> Running in 7bfed5b3c6a3\nRemoving intermediate container 7bfed5b3c6a3\n ---> 62e18fcb137f\nStep 4/30 : COPY package-lock.json package.json ./\n ---> 0afa199f5713\nStep 5/30 : RUN npm install\n ---> Running in 299f2fe5535c\n\u001b[91mnpm\u001b[0m\u001b[91m WARN \u001b[0m\u001b[91mold lockfile \n\u001b[0m\u001b[91mnpm \u001b[0m\u001b[91mWARN old lockfile The package-lock.json file was created with an old version of npm,\nnpm WARN\u001b[0m\u001b[91m old lockfile so supplemental metadata must be fetched from the registry.\nnpm WARN\u001b[0m\u001b[91m old lockfile \nnpm WARN old lockfile This is a one-time fix-up, please be patient...\nnpm WARN old lockfile \n\u001b[0m\u001b[91mnpm WARN deprecated urix@0.1.0: Please see https://github.com/lydell/urix#deprecated\n\u001b[0m\u001b[91mnpm WARN deprecated stable@0.1.8: Modern JS already guarantees Array#sort() is a stable sort, so this library is deprecated. See the compatibility table on MDN: https://developer.mozilla.org/en-US/docs/Web/JavaScript/Reference/Global_Objects/Array/sort#browser_compatibility\n\u001b[0m\u001b[91mnpm WARN deprecated source-map-resolve@0.5.3: See https://github.com/lydell/source-map-resolve#deprecated\n\u001b[0m\u001b[91mnpm WARN deprecated uuid@3.3.3: Please upgrade  to version 7 or higher.  Older versions may use Math.random() in certain circumstances, which is known to be problematic.  See https://v8.dev/blog/math-random for details.\n\u001b[0m\u001b[91mnpm WARN deprecated source-map-url@0.4.0: See https://github.com/lydell/source-map-url#deprecated\n\u001b[0m\u001b[91mnpm WARN deprecated resolve-url@0.2.1: https://github.com/lydell/resolve-url#deprecated\n\u001b[0m\u001b[91mnpm WARN deprecated querystring@0.2.0: The querystring API is considered Legacy. new code should use the URLSearchParams API instead.\n\u001b[0m\u001b[91mnpm WARN deprecated request@2.88.2: request has been deprecated, see https://github.com/request/request/issues/3142\n\u001b[0m\u001b[91mnpm WARN deprecated ini@1.3.5: Please update to ini >=1.3.6 to avoid a prototype pollution issue\n\u001b[0m\u001b[91mnpm WARN deprecated har-validator@5.1.5: this library is no longer supported\n\u001b[0m\u001b[91mnpm WARN deprecated html-webpack-plugin@3.2.0: 3.x is no longer supported\n\u001b[0m\u001b[91mnpm WARN deprecated chokidar@2.1.8: Chokidar 2 does not receive security updates since 2019. Upgrade to chokidar 3 with 15x fewer dependencies\n\u001b[0m\u001b[91mnpm WARN deprecated svgo@1.3.2: This SVGO version is no longer supported. Upgrade to v2.x.x.\n\u001b[0m\u001b[91mnpm WARN deprecated axios@0.19.0: Critical security vulnerability fixed in v0.21.1. For more information, see https://github.com/axios/axios/pull/3410\n\u001b[0m\u001b[91mnpm WARN deprecated tar@2.2.2: This version of tar is no longer supported, and will not receive security updates. Please upgrade asap.\n\u001b[0m\u001b[91mnpm WARN deprecated popper.js@1.16.1: You can find the new Popper v2 at @popperjs/core, this package is dedicated to the legacy v1\n\u001b[0m\u001b[91mnpm WARN deprecated debug@4.1.1: Debug versions >=3.2.0 <3.2.7 || >=4 <4.3.1 have a low-severity ReDos regression when used in a Node.js environment. It is recommended you upgrade to 3.2.7 or 4.3.1. (https://github.com/visionmedia/debug/issues/797)\n\u001b[0m\u001b[91mnpm WARN deprecated debug@4.1.1: Debug versions >=3.2.0 <3.2.7 || >=4 <4.3.1 have a low-severity ReDos regression when used in a Node.js environment. It is recommended you upgrade to 3.2.7 or 4.3.1. (https://github.com/visionmedia/debug/issues/797)\n\u001b[0m\u001b[91mnpm WARN deprecated debug@4.1.1: Debug versions >=3.2.0 <3.2.7 || >=4 <4.3.1 have a low-severity ReDos regression when used in a Node.js environment. It is recommended you upgrade to 3.2.7 or 4.3.1. (https://github.com/visionmedia/debug/issues/797)\n\u001b[0m\u001b[91mnpm WARN deprecated debug@3.2.6: Debug versions >=3.2.0 <3.2.7 || >=4 <4.3.1 have a low-severity ReDos regression when used in a Node.js environment. It is recommended you upgrade to 3.2.7 or 4.3.1. (https://github.com/visionmedia/debug/issues/797)\n\u001b[0m\u001b[91mnpm WARN deprecated uuid@3.4.0: Please upgrade  to version 7 or higher.  Older versions may use Math.random() in certain circumstances, which is known to be problematic.  See https://v8.dev/blog/math-random for details.\n\u001b[0m\u001b[91mnpm WARN deprecated debug@3.2.6: Debug versions >=3.2.0 <3.2.7 || >=4 <4.3.1 have a low-severity ReDos regression when used in a Node.js environment. It is recommended you upgrade to 3.2.7 or 4.3.1. (https://github.com/visionmedia/debug/issues/797)\n\u001b[0m\u001b[91mnpm WARN deprecated debug@4.1.1: Debug versions >=3.2.0 <3.2.7 || >=4 <4.3.1 have a low-severity ReDos regression when used in a Node.js environment. It is recommended you upgrade to 3.2.7 or 4.3.1. (https://github.com/visionmedia/debug/issues/797)\n\u001b[0m\u001b[91mnpm WARN deprecated debug@4.1.1: Debug versions >=3.2.0 <3.2.7 || >=4 <4.3.1 have a low-severity ReDos regression when used in a Node.js environment. It is recommended you upgrade to 3.2.7 or 4.3.1. (https://github.com/visionmedia/debug/issues/797)\n\u001b[0m\u001b[91mnpm notice \nnpm notice New major version of npm available! 8.19.2 -> 9.2.0\nnpm notice Changelog: <https://github.com/npm/cli/releases/tag/v9.2.0>\nnpm notice\u001b[0m\u001b[91m Run `npm install -g npm@9.2.0` to update!\nnpm \u001b[0m\u001b[91mnotice \n\u001b[0m\u001b[91mnpm ERR! code 1\n\u001b[0m\u001b[91mnpm ERR! \u001b[0m\u001b[91mpath /frontend/node_modules/node-sass\n\u001b[0m\u001b[91mnpm ERR! command failed\nnpm ERR! command sh -c -- node scripts/build.js\n\u001b[0m\u001b[91mnpm ERR! Building: /usr/local/bin/node /frontend/node_modules/node-gyp/bin/node-gyp.js rebuild --verbose --libsass_ext= --libsass_cflags= --libsass_ldflags= --libsass_library=\n\u001b[0m\u001b[91mnpm ERR! gyp info it worked if it ends with ok\nnpm ERR!\u001b[0m\u001b[91m gyp verb cli [\nnpm ERR! gyp verb cli   '/usr/local/bin/node',\n\u001b[0m\u001b[91mnpm \u001b[0m\u001b[91mERR! gyp verb cli   '/frontend/node_modules/node-gyp/bin/node-gyp.js',\n\u001b[0m\u001b[91mnpm \u001b[0m\u001b[91mERR! gyp verb cli   'rebuild',\n\u001b[0m\u001b[91mnpm \u001b[0m\u001b[91mERR!\u001b[0m\u001b[91m gyp verb cli   '--verbose',\nnpm\u001b[0m\u001b[91m ERR!\u001b[0m\u001b[91m gyp verb cli   '--libsass_ext=',\nnpm ERR!\u001b[0m\u001b[91m gyp verb cli   '--libsass_cflags=',\nnpm ERR!\u001b[0m\u001b[91m gyp verb cli   '--libsass_ldflags=',\nnpm ERR!\u001b[0m\u001b[91m gyp verb cli   '--libsass_library='\nnpm\u001b[0m\u001b[91m ERR!\u001b[0m\u001b[91m gyp verb cli ]\nnpm ERR! gyp info using node-gyp@3.8.0\nnpm ERR! gyp info using node@18.12.1 | linux | x64\nnpm ERR!\u001b[0m\u001b[91m gyp verb command rebuild []\nnpm ERR! gyp verb command clean []\nnpm \u001b[0m\u001b[91mERR!\u001b[0m\u001b[91m gyp verb clean removing \"build\" directory\nnpm ERR! gyp verb command configure []\n\u001b[0m\u001b[91mnpm \u001b[0m\u001b[91mERR!\u001b[0m\u001b[91m gyp verb check python checking for Python executable \"python2\" in the PATH\nnpm\u001b[0m\u001b[91m \u001b[0m\u001b[91mERR!\u001b[0m\u001b[91m gyp verb `which` failed Error: not found: python2\n\u001b[0m\u001b[91mnpm\u001b[0m\u001b[91m ERR!\u001b[0m\u001b[91m gyp verb `which` failed     at getNotFoundError (/frontend/node_modules/which/which.js:13:12)\nnpm ERR! gyp verb `which` failed     at F (/frontend/node_modules/which/which.js:68:19)\nnpm\u001b[0m\u001b[91m ERR!\u001b[0m\u001b[91m gyp verb `which` failed     at E (/frontend/node_modules/which/which.js:80:29)\n\u001b[0m\u001b[91mnpm ERR! gyp verb `which` failed     at /frontend/node_modules/which/which.js:89:16\nnpm \u001b[0m\u001b[91mERR!\u001b[0m\u001b[91m gyp verb `which` failed     at /frontend/node_modules/isexe/index.js:42:5\nnpm ERR! gyp verb `which` failed     at /frontend/node_modules/isexe/mode.js:8:5\n\u001b[0m\u001b[91mnpm ERR!\u001b[0m\u001b[91m gyp verb `which` failed     at FSReqCallback.oncomplete (node:fs:207:21)\nnpm ERR! gyp verb `which` failed  python2 Error: not found: python2\n\u001b[0m\u001b[91mnpm \u001b[0m\u001b[91mERR! gyp verb `which` failed     at getNotFoundError (/frontend/node_modules/which/which.js:13:12)\nnpm\u001b[0m\u001b[91m ERR!\u001b[0m\u001b[91m gyp verb `which` failed     at F (/frontend/node_modules/which/which.js:68:19)\n\u001b[0m\u001b[91mnpm \u001b[0m\u001b[91mERR!\u001b[0m\u001b[91m gyp verb `which` failed     at E (/frontend/node_modules/which/which.js:80:29)\nnpm\u001b[0m\u001b[91m ERR!\u001b[0m\u001b[91m gyp verb `which` failed     at /frontend/node_modules/which/which.js:89:16\n\u001b[0m\u001b[91mnpm ERR!\u001b[0m\u001b[91m gyp verb `which` failed     at /frontend/node_modules/isexe/index.js:42:5\nnpm ERR!\u001b[0m\u001b[91m gyp verb `which` failed     at /frontend/node_modules/isexe/mode.js:8:5\nnpm ERR!\u001b[0m\u001b[91m gyp verb `which` failed     at FSReqCallback.oncomplete (node:fs:207:21) {\nnpm ERR! gyp verb `which` failed   code: 'ENOENT'\nnpm ERR! gyp verb `which` failed }\nnpm ERR! gyp verb check python checking for Python executable \"python\" in the PATH\nnpm ERR! gyp verb `which` failed Error: not found: python\nnpm \u001b[0m\u001b[91mERR! gyp verb `which` failed     at getNotFoundError (/frontend/node_modules/which/which.js:13:12)\nnpm\u001b[0m\u001b[91m ERR!\u001b[0m\u001b[91m gyp verb `which` failed     at F (/frontend/node_modules/which/which.js:68:19)\nnpm ERR!\u001b[0m\u001b[91m gyp verb `which` failed     at E (/frontend/node_modules/which/which.js:80:29)\nnpm\u001b[0m\u001b[91m \u001b[0m\u001b[91mERR! gyp verb `which` failed     at /frontend/node_modules/which/which.js:89:16\n\u001b[0m\u001b[91mnpm\u001b[0m\u001b[91m ERR! gyp verb `which` failed     at /frontend/node_modules/isexe/index.js:42:5\nnpm\u001b[0m\u001b[91m ERR!\u001b[0m\u001b[91m gyp verb `which` failed     at /frontend/node_modules/isexe/mode.js:8:5\n\u001b[0m\u001b[91mnpm\u001b[0m\u001b[91m \u001b[0m\u001b[91mERR!\u001b[0m\u001b[91m gyp verb `which` failed     at FSReqCallback.oncomplete (node:fs:207:21)\nnpm \u001b[0m\u001b[91mERR!\u001b[0m\u001b[91m gyp verb `which` failed  python Error: not found: python\n\u001b[0m\u001b[91mnpm ERR! gyp verb `which` failed     at getNotFoundError (/frontend/node_modules/which/which.js:13:12)\n\u001b[0m\u001b[91mnpm\u001b[0m\u001b[91m \u001b[0m\u001b[91mERR!\u001b[0m\u001b[91m gyp verb `which` failed     at F (/frontend/node_modules/which/which.js:68:19)\nnpm ERR!\u001b[0m\u001b[91m gyp verb `which` failed     at E (/frontend/node_modules/which/which.js:80:29)\nnpm ERR!\u001b[0m\u001b[91m gyp verb `which` failed     at /frontend/node_modules/which/which.js:89:16\nnpm ERR!\u001b[0m\u001b[91m gyp verb `which` failed     at /frontend/node_modules/isexe/index.js:42:5\nnpm \u001b[0m\u001b[91mERR!\u001b[0m\u001b[91m gyp verb `which` failed     at /frontend/node_modules/isexe/mode.js:8:5\n\u001b[0m\u001b[91mnpm \u001b[0m\u001b[91mERR! gyp verb `which` failed     at FSReqCallback.oncomplete (node:fs:207:21) {\n\u001b[0m\u001b[91mnpm\u001b[0m\u001b[91m ERR!\u001b[0m\u001b[91m gyp verb `which` failed   code: 'ENOENT'\nnpm\u001b[0m\u001b[91m ERR!\u001b[0m\u001b[91m gyp verb `which` failed }\nnpm ERR!\u001b[0m\u001b[91m gyp ERR! configure error \nnpm ERR!\u001b[0m\u001b[91m gyp ERR! stack Error: Can't find Python executable \"python\", you can set the PYTHON env variable.\nnpm \u001b[0m\u001b[91mERR!\u001b[0m\u001b[91m gyp ERR! stack     at PythonFinder.failNoPython (/frontend/node_modules/node-gyp/lib/configure.js:484:19)\n\u001b[0m\u001b[91mnpm \u001b[0m\u001b[91mERR! gyp ERR! stack     at PythonFinder.<anonymous> (/frontend/node_modules/node-gyp/lib/configure.js:406:16)\nnpm ERR!\u001b[0m\u001b[91m gyp ERR! stack     at F (/frontend/node_modules/which/which.js:68:16)\nnpm ERR!\u001b[0m\u001b[91m gyp ERR! stack     at E (/frontend/node_modules/which/which.js:80:29)\nnpm ERR!\u001b[0m\u001b[91m gyp ERR! stack     at /frontend/node_modules/which/which.js:89:16\nnpm \u001b[0m\u001b[91mERR!\u001b[0m\u001b[91m gyp ERR! stack     at /frontend/node_modules/isexe/index.js:42:5\nnpm ERR! gyp ERR! stack     at /frontend/node_modules/isexe/mode.js:8:5\nnpm\u001b[0m\u001b[91m ERR!\u001b[0m\u001b[91m gyp ERR! stack     at FSReqCallback.oncomplete (node:fs:207:21)\nnpm \u001b[0m\u001b[91mERR!\u001b[0m\u001b[91m gyp ERR! System Linux 5.4.0-113-generic\n\u001b[0m\u001b[91mnpm ERR!\u001b[0m\u001b[91m gyp ERR! command \"/usr/local/bin/node\" \"/frontend/node_modules/node-gyp/bin/node-gyp.js\" \"rebuild\" \"--verbose\" \"--libsass_ext=\" \"--libsass_cflags=\" \"--libsass_ldflags=\" \"--libsass_library=\"\n\u001b[0m\u001b[91mnpm ERR!\u001b[0m\u001b[91m gyp ERR! cwd /frontend/node_modules/node-sass\n\u001b[0m\u001b[91mnpm\u001b[0m\u001b[91m ERR!\u001b[0m\u001b[91m gyp ERR! node -v v18.12.1\nnpm ERR! gyp ERR! node-gyp -v v3.8.0\n\u001b[0m\u001b[91mnpm ERR!\u001b[0m\u001b[91m gyp ERR! not ok \nnpm ERR!\u001b[0m\u001b[91m Build failed with error code: 1\n\u001b[0m\u001b[91m\n\u001b[0m\u001b[91mnpm ERR! A complete log of this run can be found in:\nnpm ERR!\u001b[0m\u001b[91m     /root/.npm/_logs/2022-12-31T19_09_02_619Z-debug-0.log\n\u001b[0mRemoving intermediate container 299f2fe5535c\n","stderr":"The command '/bin/sh -c npm install' returned a non-zero code: 1\n"},"endTime":1672513770025}