{"repository":"https://github.com/0xproject/0x-api","dockerfilePath":"Dockerfile","startTime":1672498504210,"clone":{"stdout":"","stderr":"Cloning into '/tmp/dinghy-analysis/0xproject/0x-api'...\n","error":null,"commit":"fd88ed86a0da924e90597551074e99700d1a9de6"},"originalBuild":{"startTimestamp":1672498505572,"endTimestamp":1672498892830,"error":null,"stdout":"Sending build context to Docker daemon  2.569MB\r\r\nStep 1/12 : FROM node:16-alpine as yarn-install\n ---> 610c0494e820\nStep 2/12 : WORKDIR /usr/src/app\n ---> Running in 7860edf153be\nRemoving intermediate container 7860edf153be\n ---> 61e094bb1563\nStep 3/12 : COPY package.json yarn.lock ./\n ---> c90daa803482\nStep 4/12 : RUN apk update &&     apk upgrade &&     apk add --no-cache --virtual build-dependencies bash git openssh python3 make g++ libc6-compat &&     yarn --frozen-lockfile --no-cache &&     apk del build-dependencies &&     yarn cache clean\n ---> Running in 0a3f50227268\nfetch https://dl-cdn.alpinelinux.org/alpine/v3.17/main/x86_64/APKINDEX.tar.gz\nfetch https://dl-cdn.alpinelinux.org/alpine/v3.17/community/x86_64/APKINDEX.tar.gz\nv3.17.0-306-g917d743036 [https://dl-cdn.alpinelinux.org/alpine/v3.17/main]\nv3.17.0-307-g96eb718a77 [https://dl-cdn.alpinelinux.org/alpine/v3.17/community]\nOK: 17813 distinct packages available\n(1/1) Upgrading ca-certificates-bundle (20220614-r2 -> 20220614-r3)\nOK: 9 MiB in 17 packages\nfetch https://dl-cdn.alpinelinux.org/alpine/v3.17/main/x86_64/APKINDEX.tar.gz\nfetch https://dl-cdn.alpinelinux.org/alpine/v3.17/community/x86_64/APKINDEX.tar.gz\n(1/41) Installing ncurses-terminfo-base (6.3_p20221119-r0)\n(2/41) Installing ncurses-libs (6.3_p20221119-r0)\n(3/41) Installing readline (8.2.0-r0)\n(4/41) Installing bash (5.2.15-r0)\nExecuting bash-5.2.15-r0.post-install\n(5/41) Installing ca-certificates (20220614-r3)\n(6/41) Installing brotli-libs (1.0.9-r9)\n(7/41) Installing nghttp2-libs (1.51.0-r0)\n(8/41) Installing libcurl (7.87.0-r0)\n(9/41) Installing libexpat (2.5.0-r0)\n(10/41) Installing pcre2 (10.42-r0)\n(11/41) Installing git (2.38.2-r0)\n(12/41) Installing openssh-keygen (9.1_p1-r1)\n(13/41) Installing libedit (20221030.3.1-r0)\n(14/41) Installing openssh-client-common (9.1_p1-r1)\n(15/41) Installing openssh-client-default (9.1_p1-r1)\n(16/41) Installing openssh-sftp-server (9.1_p1-r1)\n(17/41) Installing openssh-server-common (9.1_p1-r1)\n(18/41) Installing openssh-server (9.1_p1-r1)\n(19/41) Installing openssh (9.1_p1-r1)\n(20/41) Installing libbz2 (1.0.8-r4)\n(21/41) Installing libffi (3.4.4-r0)\n(22/41) Installing gdbm (1.23-r0)\n(23/41) Installing xz-libs (5.2.9-r0)\n(24/41) Installing mpdecimal (2.5.1-r1)\n(25/41) Installing sqlite-libs (3.40.1-r0)\n(26/41) Installing python3 (3.10.9-r1)\n(27/41) Installing make (4.3-r1)\n(28/41) Installing libstdc++-dev (12.2.1_git20220924-r4)\n(29/41) Installing binutils (2.39-r2)\n(30/41) Installing libgomp (12.2.1_git20220924-r4)\n(31/41) Installing libatomic (12.2.1_git20220924-r4)\n(32/41) Installing gmp (6.2.1-r2)\n(33/41) Installing isl25 (0.25-r0)\n(34/41) Installing mpfr4 (4.1.0-r0)\n(35/41) Installing mpc1 (1.2.1-r1)\n(36/41) Installing gcc (12.2.1_git20220924-r4)\n(37/41) Installing musl-dev (1.2.3-r4)\n(38/41) Installing libc-dev (0.7.2-r3)\n(39/41) Installing g++ (12.2.1_git20220924-r4)\n(40/41) Installing libc6-compat (1.2.3-r4)\n(41/41) Installing build-dependencies (20221231.145640)\nExecuting busybox-1.35.0-r29.trigger\nExecuting ca-certificates-20220614-r3.trigger\nOK: 303 MiB in 58 packages\nyarn install v1.22.19\n[1/4] Resolving packages...\n[2/4] Fetching packages...\n[3/4] Linking dependencies...\n\u001b[91mwarning \"@0x/contracts-zero-ex > @0x/subproviders > web3-provider-engine > eth-block-tracker > @babel/plugin-transform-runtime@7.18.10\" has unmet peer dependency \"@babel/core@^7.0.0-0\".\n\u001b[0m\u001b[91mwarning \"@0x/contracts-zero-ex > @0x/subproviders > web3-provider-engine > eth-block-tracker > @babel/plugin-transform-runtime > babel-plugin-polyfill-corejs2@0.3.2\" has unmet peer dependency \"@babel/core@^7.0.0-0\".\nwarning \"@0x/contracts-zero-ex > @0x/subproviders > web3-provider-engine > eth-block-tracker > @babel/plugin-transform-runtime > babel-plugin-polyfill-corejs3@0.5.3\" has unmet peer dependency \"@babel/core@^7.0.0-0\".\nwarning \"@0x/contracts-zero-ex > @0x/subproviders > web3-provider-engine > eth-block-tracker > @babel/plugin-transform-runtime > babel-plugin-polyfill-regenerator@0.4.0\" has unmet peer dependency \"@babel/core@^7.0.0-0\".\n\u001b[0m\u001b[91mwarning \"@0x/contracts-zero-ex > @0x/subproviders > web3-provider-engine > eth-block-tracker > @babel/plugin-transform-runtime > babel-plugin-polyfill-corejs2 > @babel/helper-define-polyfill-provider@0.3.2\" has unmet peer dependency \"@babel/core@^7.4.0-0\".\n\u001b[0m\u001b[91mwarning \"@0x/contracts-zero-ex > @0x/subproviders > web3-provider-engine > eth-block-tracker > @babel/plugin-transform-runtime > babel-plugin-polyfill-corejs2 > @babel/helper-define-polyfill-provider > @babel/helper-compilation-targets@7.18.9\" has unmet peer dependency \"@babel/core@^7.0.0\".\n\u001b[0m\u001b[91mwarning \" > @balancer-labs/sor@4.0.1-beta.5\" has unmet peer dependency \"@ethersproject/bignumber@^5.4.2\".\nwarning \" > @balancer-labs/sor@4.0.1-beta.5\" has unmet peer dependency \"@ethersproject/constants@^5.4.0\".\n\u001b[0m[4/4] Building fresh packages...\n\u001b[91mwarning Error running install script for optional dependency: \"/usr/src/app/node_modules/@ledgerhq/hw-transport-node-hid-noevents/node_modules/node-hid, /usr/src/app/node_modules/@ledgerhq/hw-transport-node-hid/node_modules/node-hid: Command failed.\nExit code: 1\nCommand: prebuild-install --runtime napi || node-gyp rebuild\nArguments: \nDirectory: /usr/src/app/node_modules/@ledgerhq/hw-transport-node-hid/node_modules/node-hid\nOutput:\nprebuild-install WARN install No prebuilt binaries found (target=3 runtime=napi arch=x64 libc=musl platform=linux)\ngyp info it worked if it ends with ok\ngyp info using node-gyp@9.1.0\ngyp info using node@16.19.0 | linux | x64\ngyp info find Python using Python version 3.10.9 found at \\\"/usr/bin/python3\\\"\ngyp http GET https://unofficial-builds.nodejs.org/download/release/v16.19.0/node-v16.19.0-headers.tar.gz\ngyp http 200 https://unofficial-builds.nodejs.org/download/release/v16.19.0/node-v16.19.0-headers.tar.gz\ngyp http GET https://unofficial-builds.nodejs.org/download/release/v16.19.0/SHASUMS256.txt\ngyp http 200 https://unofficial-builds.nodejs.org/download/release/v16.19.0/SHASUMS256.txt\ngyp info spawn /usr/bin/python3\ngyp info spawn args [\ngyp info spawn args   '/usr/local/lib/node_modules/npm/node_modules/node-gyp/gyp/gyp_main.py',\ngyp info spawn args   'binding.gyp',\ngyp info spawn args   '-f',\ngyp info spawn args   'make',\ngyp info spawn args   '-I',\ngyp info spawn args   '/usr/src/app/node_modules/@ledgerhq/hw-transport-node-hid/node_modules/node-hid/build/config.gypi',\ngyp info spawn args   '-I',\ngyp info spawn args   '/usr/local/lib/node_modules/npm/node_modules/node-gyp/addon.gypi',\ngyp info spawn args   '-I',\ngyp info spawn args   '/root/.cache/node-gyp/16.19.0/include/node/common.gypi',\ngyp info spawn args   '-Dlibrary=shared_library',\ngyp info spawn args   '-Dvisibility=default',\ngyp info spawn args   '-Dnode_root_dir=/root/.cache/node-gyp/16.19.0',\ngyp info spawn args   '-Dnode_gyp_dir=/usr/local/lib/node_modules/npm/node_modules/node-gyp',\ngyp info spawn args   '-Dnode_lib_file=/root/.cache/node-gyp/16.19.0/<(target_arch)/node.lib',\ngyp info spawn args   '-Dmodule_root_dir=/usr/src/app/node_modules/@ledgerhq/hw-transport-node-hid/node_modules/node-hid',\ngyp info spawn args   '-Dnode_engine=v8',\ngyp info spawn args   '--depth=.',\ngyp info spawn args   '--no-parallel',\ngyp info spawn args   '--generator-output',\ngyp info spawn args   'build',\ngyp info spawn args   '-Goutput_dir=.'\ngyp info spawn args ]\n/bin/sh: pkg-config: not found\ngyp: Call to 'pkg-config libusb-1.0 --cflags-only-I | sed s/-I//g' returned exit status 0 while in binding.gyp. while trying to load binding.gyp\ngyp ERR! configure error \ngyp ERR! stack Error: `gyp` failed with exit code: 1\ngyp ERR! stack     at ChildProcess.onCpExit (/usr/local/lib/node_modules/npm/node_modules/node-gyp/lib/configure.js:284:16)\ngyp ERR! stack     at ChildProcess.emit (node:events:513:28)\ngyp ERR! stack     at Process.ChildProcess._handle.onexit (node:internal/child_process:293:12)\ngyp ERR! System Linux 5.4.0-113-generic\ngyp ERR! command \\\"/usr/local/bin/node\\\" \\\"/usr/local/lib/node_modules/npm/node_modules/node-gyp/bin/node-gyp.js\\\" \\\"rebuild\\\"\ngyp ERR! cwd /usr/src/app/node_modules/@ledgerhq/hw-transport-node-hid/node_modules/node-hid\ngyp ERR! node -v v16.19.0\ngyp ERR! node-gyp -v v9.1.0\ngyp ERR! not ok\"\n\u001b[0minfo This module is OPTIONAL, you can safely ignore this error\ninfo This module is OPTIONAL, you can safely ignore this error\n\u001b[91mwarning Error running install script for optional dependency: \"/usr/src/app/node_modules/node-hid: Command failed.\nExit code: 1\nCommand: prebuild-install || node-gyp rebuild\nArguments: \nDirectory: /usr/src/app/node_modules/node-hid\nOutput:\nprebuild-install WARN install No prebuilt binaries found (target=16.19.0 runtime=node arch=x64 libc=musl platform=linux)\ngyp info it worked if it ends with ok\ngyp info using node-gyp@9.1.0\ngyp info using node@16.19.0 | linux | x64\ngyp info find Python using Python version 3.10.9 found at \\\"/usr/bin/python3\\\"\ngyp info spawn /usr/bin/python3\ngyp info spawn args [\ngyp info spawn args   '/usr/local/lib/node_modules/npm/node_modules/node-gyp/gyp/gyp_main.py',\ngyp info spawn args   'binding.gyp',\ngyp info spawn args   '-f',\ngyp info spawn args   'make',\ngyp info spawn args   '-I',\ngyp info spawn args   '/usr/src/app/node_modules/node-hid/build/config.gypi',\ngyp info spawn args   '-I',\ngyp info spawn args   '/usr/local/lib/node_modules/npm/node_modules/node-gyp/addon.gypi',\ngyp info spawn args   '-I',\ngyp info spawn args   '/root/.cache/node-gyp/16.19.0/include/node/common.gypi',\ngyp info spawn args   '-Dlibrary=shared_library',\ngyp info spawn args   '-Dvisibility=default',\ngyp info spawn args   '-Dnode_root_dir=/root/.cache/node-gyp/16.19.0',\ngyp info spawn args   '-Dnode_gyp_dir=/usr/local/lib/node_modules/npm/node_modules/node-gyp',\ngyp info spawn args   '-Dnode_lib_file=/root/.cache/node-gyp/16.19.0/<(target_arch)/node.lib',\ngyp info spawn args   '-Dmodule_root_dir=/usr/src/app/node_modules/node-hid',\ngyp info spawn args   '-Dnode_engine=v8',\ngyp info spawn args   '--depth=.',\ngyp info spawn args   '--no-parallel',\ngyp info spawn args   '--generator-output',\ngyp info spawn args   'build',\ngyp info spawn args   '-Goutput_dir=.'\ngyp info spawn args ]\ngyp info spawn make\ngyp info spawn args [ 'BUILDTYPE=Release', '-C', 'build' ]\n../hidapi/linux/hid.c:41:10: fatal error: linux/hidraw.h: No such file or directory\n   41 | #include <linux/hidraw.h>\n      |          ^~~~~~~~~~~~~~~~\ncompilation terminated.\nmake: *** [hidapi-linux-hidraw.target.mk:113: Release/obj.target/hidapi-linux-hidraw/hidapi/linux/hid.o] Error 1\ngyp ERR! build error \ngyp ERR! stack Error: `make` failed with exit code: 2\ngyp ERR! stack     at ChildProcess.onExit (/usr/local/lib/node_modules/npm/node_modules/node-gyp/lib/build.js:201:23)\ngyp ERR! stack     at ChildProcess.emit (node:events:513:28)\ngyp ERR! stack     at Process.ChildProcess._handle.onexit (node:internal/child_process:293:12)\ngyp ERR! System Linux 5.4.0-113-generic\ngyp ERR! command \\\"/usr/local/bin/node\\\" \\\"/usr/local/lib/node_modules/npm/node_modules/node-gyp/bin/node-gyp.js\\\" \\\"rebuild\\\"\ngyp ERR! cwd /usr/src/app/node_modules/node-hid\ngyp ERR! node -v v16.19.0\ngyp ERR! node-gyp -v v9.1.0\ngyp ERR! not ok \nmake: Entering directory '/usr/src/app/node_modules/node-hid/build'\n  CC(target) Release/obj.target/hidapi-linux-hidraw/hidapi/linux/hid.o\nmake: Leaving directory '/usr/src/app/node_modules/node-hid/build'\"\n\u001b[0minfo This module is OPTIONAL, you can safely ignore this error\n\u001b[91mwarning Error running install script for optional dependency: \"/usr/src/app/node_modules/usb: Command failed.\nExit code: 1\nCommand: node-gyp-build\nArguments: \nDirectory: /usr/src/app/node_modules/usb\nOutput:\ngyp info it worked if it ends with ok\ngyp info using node-gyp@9.1.0\ngyp info using node@16.19.0 | linux | x64\ngyp info find Python using Python version 3.10.9 found at \\\"/usr/bin/python3\\\"\ngyp http GET https://unofficial-builds.nodejs.org/download/release/v16.19.0/node-v16.19.0-headers.tar.gz\ngyp http 200 https://unofficial-builds.nodejs.org/download/release/v16.19.0/node-v16.19.0-headers.tar.gz\ngyp http GET https://unofficial-builds.nodejs.org/download/release/v16.19.0/SHASUMS256.txt\ngyp http 200 https://unofficial-builds.nodejs.org/download/release/v16.19.0/SHASUMS256.txt\ngyp info spawn /usr/bin/python3\ngyp info spawn args [\ngyp info spawn args   '/usr/local/lib/node_modules/npm/node_modules/node-gyp/gyp/gyp_main.py',\ngyp info spawn args   'binding.gyp',\ngyp info spawn args   '-f',\ngyp info spawn args   'make',\ngyp info spawn args   '-I',\ngyp info spawn args   '/usr/src/app/node_modules/usb/build/config.gypi',\ngyp info spawn args   '-I',\ngyp info spawn args   '/usr/local/lib/node_modules/npm/node_modules/node-gyp/addon.gypi',\ngyp info spawn args   '-I',\ngyp info spawn args   '/root/.cache/node-gyp/16.19.0/include/node/common.gypi',\ngyp info spawn args   '-Dlibrary=shared_library',\ngyp info spawn args   '-Dvisibility=default',\ngyp info spawn args   '-Dnode_root_dir=/root/.cache/node-gyp/16.19.0',\ngyp info spawn args   '-Dnode_gyp_dir=/usr/local/lib/node_modules/npm/node_modules/node-gyp',\ngyp info spawn args   '-Dnode_lib_file=/root/.cache/node-gyp/16.19.0/<(target_arch)/node.lib',\ngyp info spawn args   '-Dmodule_root_dir=/usr/src/app/node_modules/usb',\ngyp info spawn args   '-Dnode_engine=v8',\ngyp info spawn args   '--depth=.',\ngyp info spawn args   '--no-parallel',\ngyp info spawn args   '--generator-output',\ngyp info spawn args   'build',\ngyp info spawn args   '-Goutput_dir=.'\ngyp info spawn args ]\ngyp info spawn make\ngyp info spawn args [ 'BUILDTYPE=Release', '-C', 'build' ]\nmake: Entering directory '/usr/src/app/node_modules/usb/build'\n  CC(target) Release/obj.target/libusb/libusb/libusb/core.o\n  CC(target) Release/obj.target/libusb/libusb/libusb/descriptor.o\n  CC(target) Release/obj.target/libusb/libusb/libusb/hotplug.o\n  CC(target) Release/obj.target/libusb/libusb/libusb/io.o\n  CC(target) Release/obj.target/libusb/libusb/libusb/strerror.o\n  CC(target) Release/obj.target/libusb/libusb/libusb/sync.o\n  CC(target) Release/obj.target/libusb/libusb/libusb/os/poll_posix.o\n  CC(target) Release/obj.target/libusb/libusb/libusb/os/threads_posix.o\n  CC(target) Release/obj.target/libusb/libusb/libusb/os/linux_usbfs.o\nmake: Leaving directory '/usr/src/app/node_modules/usb/build'\nIn file included from ../libusb/libusb/os/linux_usbfs.c:43:\n../libusb/libusb/os/linux_usbfs.h:24:10: fatal error: linux/types.h: No such file or directory\n   24 | #include <linux/types.h>\n      |          ^~~~~~~~~~~~~~~\ncompilation terminated.\nmake: *** [libusb.target.mk:158: Release/obj.target/libusb/libusb/libusb/os/linux_usbfs.o] Error 1\ngyp ERR! build error \ngyp ERR! stack Error: `make` failed with exit code: 2\ngyp ERR! stack     at ChildProcess.onExit (/usr/local/lib/node_modules/npm/node_modules/node-gyp/lib/build.js:201:23)\ngyp ERR! stack     at ChildProcess.emit (node:events:513:28)\ngyp ERR! stack     at Process.ChildProcess._handle.onexit (node:internal/child_process:293:12)\ngyp ERR! System Linux 5.4.0-113-generic\ngyp ERR! command \\\"/usr/local/bin/node\\\" \\\"/usr/local/lib/node_modules/npm/node_modules/node-gyp/bin/node-gyp.js\\\" \\\"rebuild\\\"\ngyp ERR! cwd /usr/src/app/node_modules/usb\ngyp ERR! node -v v16.19.0\ngyp ERR! node-gyp -v v9.1.0\ngyp ERR! not ok\"\n\u001b[0mDone in 92.18s.\n(1/41) Purging build-dependencies (20221231.145640)\n(2/41) Purging bash (5.2.15-r0)\nExecuting bash-5.2.15-r0.pre-deinstall\n(3/41) Purging git (2.38.2-r0)\n(4/41) Purging openssh (9.1_p1-r1)\n(5/41) Purging openssh-sftp-server (9.1_p1-r1)\n(6/41) Purging openssh-server (9.1_p1-r1)\n(7/41) Purging openssh-server-common (9.1_p1-r1)\n(8/41) Purging python3 (3.10.9-r1)\n(9/41) Purging make (4.3-r1)\n(10/41) Purging g++ (12.2.1_git20220924-r4)\n(11/41) Purging libstdc++-dev (12.2.1_git20220924-r4)\n(12/41) Purging gcc (12.2.1_git20220924-r4)\n(13/41) Purging binutils (2.39-r2)\n(14/41) Purging libatomic (12.2.1_git20220924-r4)\n(15/41) Purging libgomp (12.2.1_git20220924-r4)\n(16/41) Purging libc-dev (0.7.2-r3)\n(17/41) Purging musl-dev (1.2.3-r4)\n(18/41) Purging libc6-compat (1.2.3-r4)\n(19/41) Purging readline (8.2.0-r0)\n(20/41) Purging openssh-client-default (9.1_p1-r1)\n(21/41) Purging openssh-keygen (9.1_p1-r1)\n(22/41) Purging openssh-client-common (9.1_p1-r1)\n(23/41) Purging libedit (20221030.3.1-r0)\n(24/41) Purging ncurses-libs (6.3_p20221119-r0)\n(25/41) Purging ncurses-terminfo-base (6.3_p20221119-r0)\n(26/41) Purging libcurl (7.87.0-r0)\n(27/41) Purging ca-certificates (20220614-r3)\nExecuting ca-certificates-20220614-r3.post-deinstall\n(28/41) Purging brotli-libs (1.0.9-r9)\n(29/41) Purging nghttp2-libs (1.51.0-r0)\n(30/41) Purging libexpat (2.5.0-r0)\n(31/41) Purging pcre2 (10.42-r0)\n(32/41) Purging libbz2 (1.0.8-r4)\n(33/41) Purging libffi (3.4.4-r0)\n(34/41) Purging gdbm (1.23-r0)\n(35/41) Purging xz-libs (5.2.9-r0)\n(36/41) Purging mpdecimal (2.5.1-r1)\n(37/41) Purging sqlite-libs (3.40.1-r0)\n(38/41) Purging isl25 (0.25-r0)\n(39/41) Purging mpc1 (1.2.1-r1)\n(40/41) Purging mpfr4 (4.1.0-r0)\n(41/41) Purging gmp (6.2.1-r2)\nExecuting busybox-1.35.0-r29.trigger\nOK: 9 MiB in 17 packages\nyarn cache v1.22.19\nsuccess Cleared cache.\nDone in 3.90s.\nRemoving intermediate container 0a3f50227268\n ---> 9390ef956a37\nStep 5/12 : FROM node:16-alpine\n ---> 610c0494e820\nStep 6/12 : RUN apk update &&     apk upgrade &&     apk add ca-certificates libc6-compat &&     ln -s /lib/libc.musl-x86_64.so.1 /lib/ld-linux-x86-64.so.2\n ---> Running in 6436ae964864\nfetch https://dl-cdn.alpinelinux.org/alpine/v3.17/main/x86_64/APKINDEX.tar.gz\nfetch https://dl-cdn.alpinelinux.org/alpine/v3.17/community/x86_64/APKINDEX.tar.gz\nv3.17.0-306-g917d743036 [https://dl-cdn.alpinelinux.org/alpine/v3.17/main]\nv3.17.0-307-g96eb718a77 [https://dl-cdn.alpinelinux.org/alpine/v3.17/community]\nOK: 17813 distinct packages available\n(1/1) Upgrading ca-certificates-bundle (20220614-r2 -> 20220614-r3)\nOK: 9 MiB in 17 packages\n(1/2) Installing ca-certificates (20220614-r3)\n(2/2) Installing libc6-compat (1.2.3-r4)\nExecuting busybox-1.35.0-r29.trigger\nExecuting ca-certificates-20220614-r3.trigger\nOK: 10 MiB in 19 packages\nRemoving intermediate container 6436ae964864\n ---> 15b6afc1955c\nStep 7/12 : WORKDIR /usr/src/app\n ---> Running in dbb9fbc1a3ba\nRemoving intermediate container dbb9fbc1a3ba\n ---> 54d9ba60167e\nStep 8/12 : COPY --from=yarn-install /usr/src/app/node_modules /usr/src/app/node_modules\n ---> 5db154efa863\nStep 9/12 : COPY . .\n ---> ccd529b965ca\nStep 10/12 : RUN yarn build\n ---> Running in 8c0ccf6294e7\nyarn run v1.22.19\n$ yarn pre_build && tsc -p tsconfig.json\n$ run-s compile contracts:gen generate_contract_wrappers contracts:copy\n$ sol-compiler\n\u001b[91mCreating directory at ./test/generated-artifacts...\n\u001b[0m\u001b[91mCreating directory at /usr/src/app/node_modules/@0x/sol-compiler/solc_bin...\n\u001b[0mPre-fetching solidity versions: 0.6.12...\n\u001b[91mDownloading soljson-v0.6.12+commit.27d51765.js...\n\u001b[0m\u001b[91mCompiling 56 contracts (AaveV2Sampler.sol,AaveV3Sampler.sol,ApproximateBuys.sol,LibMathV06.sol,LibSafeMathV06.sol,LibRichErrorsV06.sol,LibSafeMathRichErrorsV06.sol,LibMathRichErrorsV06.sol,BalanceChecker.sol,BalancerSampler.sol,IBalancer.sol,BalancerV2BatchSampler.sol,IBalancerV2Vault.sol,BalancerV2Common.sol,BalancerV2Sampler.sol,SamplerUtils.sol,LibERC20TokenV06.sol,LibBytesV06.sol,LibBytesRichErrorsV06.sol,IERC20TokenV06.sol,BancorSampler.sol,IBancor.sol,BancorV3Sampler.sol,IBancorV3.sol,CompoundSampler.sol,CurveSampler.sol,ICurve.sol,DODOSampler.sol,DODOV2Sampler.sol,ERC20BridgeSampler.sol,GMXSampler.sol,IGMX.sol,KyberDmmSampler.sol,LidoSampler.sol,MakerPSMSampler.sol,MStableSampler.sol,IMStable.sol,MooniswapSampler.sol,IMooniswap.sol,NativeOrderSampler.sol,PlatypusSampler.sol,IPlatypus.sol,ShellSampler.sol,IShell.sol,SynthetixSampler.sol,TwoHopSampler.sol,UniswapSampler.sol,IUniswapExchangeQuotes.sol,UniswapV2Sampler.sol,IUniswapV2Router01.sol,UniswapV3Sampler.sol,VelodromeSampler.sol,WooPPSampler.sol,UtilitySampler.sol,FakeTaker.sol,TestNativeOrderSampler.sol) with Solidity 0.6.12+commit.27d51765...\n\u001b[0mwarning GMXSampler.sol: Warning: SPDX license identifier not provided in source file. Before publishing, consider adding a comment containing \"SPDX-License-Identifier: <SPDX-License>\" to each source file. Use \"SPDX-License-Identifier: UNLICENSED\" for non-open-source code. Please see https://spdx.org for more information.\n\nwarning PlatypusSampler.sol: Warning: SPDX license identifier not provided in source file. Before publishing, consider adding a comment containing \"SPDX-License-Identifier: <SPDX-License>\" to each source file. Use \"SPDX-License-Identifier: UNLICENSED\" for non-open-source code. Please see https://spdx.org for more information.\n\nwarning IGMX.sol: Warning: SPDX license identifier not provided in source file. Before publishing, consider adding a comment containing \"SPDX-License-Identifier: <SPDX-License>\" to each source file. Use \"SPDX-License-Identifier: UNLICENSED\" for non-open-source code. Please see https://spdx.org for more information.\n\nwarning IPlatypus.sol: Warning: SPDX license identifier not provided in source file. Before publishing, consider adding a comment containing \"SPDX-License-Identifier: <SPDX-License>\" to each source file. Use \"SPDX-License-Identifier: UNLICENSED\" for non-open-source code. Please see https://spdx.org for more information.\n\nwarning KyberDmmSampler.sol:125:90: Warning: This declaration shadows an existing declaration.\n            try factory.getPools{gas: KYBER_DMM_CALL_GAS}(path[i], path[i + 1]) returns (address[] memory allPools) {\n                                                                                         ^-----------------------^\n/usr/src/app/contracts/src/KyberDmmSampler.sol:124:13: The shadowed declaration is here:\n            address[] memory allPools;\n            ^-----------------------^\n\nwarning UniswapV3Sampler.sol:26:47: Warning: This declaration shadows an existing declaration.\n    function factory() external view returns (IUniswapV3Factory factory);\n                                              ^-----------------------^\n/usr/src/app/contracts/src/UniswapV3Sampler.sol:26:5: The shadowed declaration is here:\n    function factory() external view returns (IUniswapV3Factory factory);\n    ^-------------------------------------------------------------------^\n\nwarning CurveSampler.sol:55:58: Warning: Using \".gas(...)\" is deprecated. Use \"{gas: ...}\" instead.\n            (bool didSucceed, bytes memory resultData) = curveInfo.poolAddress.staticcall.gas(CURVE_CALL_GAS)(\n                                                         ^----------------------------------^\n\nwarning CurveSampler.sol:103:58: Warning: Using \".gas(...)\" is deprecated. Use \"{gas: ...}\" instead.\n            (bool didSucceed, bytes memory resultData) = curveInfo.poolAddress.staticcall.gas(CURVE_CALL_GAS)(\n                                                         ^----------------------------------^\n\nwarning UniswapSampler.sol:172:36: Warning: Using \".gas(...)\" is deprecated. Use \"{gas: ...}\" instead.\n        (didSucceed, resultData) = uniswapExchangeAddress.staticcall.gas(UNISWAP_CALL_GAS)(\n                                   ^-----------------------------------^\n\nwarning BancorSampler.sol:90:9: Warning: Unused function parameter. Remove or comment out the variable name to silence this warning.\n        address takerToken,\n        ^----------------^\n\nwarning BancorSampler.sol:91:9: Warning: Unused function parameter. Remove or comment out the variable name to silence this warning.\n        address makerToken,\n        ^----------------^\n\nwarning DODOV2Sampler.sol:128:10: Warning: Unused local variable.\n        (address takerToken, address pool, bool sellBase) = abi.decode(takerTokenData, (address, address, bool));\n         ^----------------^\n\nwarning GMXSampler.sol:35:17: Warning: Unused try/catch parameter. Remove or comment out the variable name to silence this warning.\n                uint256 feeAmount\n                ^---------------^\n\nwarning GMXSampler.sol:71:9: Warning: Unused function parameter. Remove or comment out the variable name to silence this warning.\n        bytes memory makerTokenData,\n        ^-------------------------^\n\nwarning KyberDmmSampler.sol:124:13: Warning: Unused local variable.\n            address[] memory allPools;\n            ^-----------------------^\n\nwarning MooniswapSampler.sol:132:10: Warning: Unused local variable.\n        (address _registry, address mooniswapMakerToken) = abi.decode(makerTokenData, (address, address));\n         ^---------------^\n\nwarning PlatypusSampler.sol:19:17: Warning: Unused try/catch parameter. Remove or comment out the variable name to silence this warning.\n                uint256 feeAmount\n                ^---------------^\n\nwarning PlatypusSampler.sol:26:22: Warning: Unused try/catch parameter. Remove or comment out the variable name to silence this warning.\n            } catch (bytes memory result) {\n                     ^-----------------^\n\nwarning PlatypusSampler.sol:54:9: Warning: Unused function parameter. Remove or comment out the variable name to silence this warning.\n        bytes memory takerTokenData,\n        ^-------------------------^\n\nwarning WooPPSampler.sol:83:9: Warning: Unused local variable.\n        uint256 numSamples = makerTokenAmounts.length;\n        ^----------------^\n\nwarning WooPPSampler.sol:96:9: Warning: Unused function parameter. Remove or comment out the variable name to silence this warning.\n        bytes memory makerTokenData,\n        ^-------------------------^\n\nwarning ApproximateBuys.sol:103:5: Warning: Function state mutability can be restricted to pure\n    function _safeGetPartialAmountCeil(\n    ^ (Relevant source part starts here and spans across multiple lines).\n\nwarning UtilitySampler.sol:66:5: Warning: Function state mutability can be restricted to view\n    function getGasLeft() public returns (uint256) {\n    ^ (Relevant source part starts here and spans across multiple lines).\n\nwarning ERC20BridgeSampler.sol:52:1: Warning: Contract code size exceeds 24576 bytes (a limit introduced in Spurious Dragon). This contract may not be deployable on mainnet. Consider enabling the optimizer (with a low \"runs\" value!), turning off revert strings, or using libraries.\ncontract ERC20BridgeSampler is\n^ (Relevant source part starts here and spans across multiple lines).\n\n\u001b[91mAaveV2Sampler artifact saved!\n\u001b[0m\u001b[91mAaveV2Sampler input artifact saved!\n\u001b[0m\u001b[91mAaveV3Sampler artifact saved!\n\u001b[0m\u001b[91mAaveV3Sampler input artifact saved!\n\u001b[0m\u001b[91mApproximateBuys artifact saved!\n\u001b[0m\u001b[91mApproximateBuys input artifact saved!\n\u001b[0m\u001b[91mBalanceChecker artifact saved!\n\u001b[0m\u001b[91mBalanceChecker input artifact saved!\n\u001b[0m\u001b[91mBalancerSampler artifact saved!\n\u001b[0m\u001b[91mBalancerSampler input artifact saved!\n\u001b[0m\u001b[91mIBalancer artifact saved!\n\u001b[0m\u001b[91mIBalancer input artifact saved!\n\u001b[0m\u001b[91mBalancerV2BatchSampler artifact saved!\n\u001b[0m\u001b[91mBalancerV2BatchSampler input artifact saved!\n\u001b[0m\u001b[91mIBalancerV2Vault artifact saved!\n\u001b[0m\u001b[91mIBalancerV2Vault input artifact saved!\n\u001b[0m\u001b[91mBalancerV2Common artifact saved!\n\u001b[0m\u001b[91mBalancerV2Common input artifact saved!\n\u001b[0m\u001b[91mBalancerV2Sampler artifact saved!\n\u001b[0m\u001b[91mBalancerV2Sampler input artifact saved!\n\u001b[0m\u001b[91mSamplerUtils artifact saved!\n\u001b[0m\u001b[91mSamplerUtils input artifact saved!\n\u001b[0m\u001b[91mBancorSampler artifact saved!\n\u001b[0m\u001b[91mBancorSampler input artifact saved!\n\u001b[0m\u001b[91mIBancor artifact saved!\n\u001b[0m\u001b[91mIBancor input artifact saved!\n\u001b[0m\u001b[91mBancorV3Sampler artifact saved!\n\u001b[0m\u001b[91mBancorV3Sampler input artifact saved!\n\u001b[0m\u001b[91mIBancorV3 artifact saved!\n\u001b[0m\u001b[91mIBancorV3 input artifact saved!\n\u001b[0m\u001b[91mCompoundSampler artifact saved!\n\u001b[0m\u001b[91mCompoundSampler input artifact saved!\n\u001b[0m\u001b[91mCurveSampler artifact saved!\n\u001b[0m\u001b[91mCurveSampler input artifact saved!\n\u001b[0m\u001b[91mICurve artifact saved!\n\u001b[0m\u001b[91mICurve input artifact saved!\n\u001b[0m\u001b[91mDODOSampler artifact saved!\n\u001b[0m\u001b[91mDODOSampler input artifact saved!\n\u001b[0m\u001b[91mDODOV2Sampler artifact saved!\n\u001b[0m\u001b[91mDODOV2Sampler input artifact saved!\n\u001b[0m\u001b[91mERC20BridgeSampler artifact saved!\n\u001b[0m\u001b[91mERC20BridgeSampler input artifact saved!\n\u001b[0m\u001b[91mGMXSampler artifact saved!\n\u001b[0m\u001b[91mGMXSampler input artifact saved!\n\u001b[0m\u001b[91mIGMX artifact saved!\n\u001b[0m\u001b[91mIGMX input artifact saved!\n\u001b[0m\u001b[91mKyberDmmSampler artifact saved!\n\u001b[0m\u001b[91mKyberDmmSampler input artifact saved!\n\u001b[0m\u001b[91mLidoSampler artifact saved!\n\u001b[0m\u001b[91mLidoSampler input artifact saved!\n\u001b[0m\u001b[91mMakerPSMSampler artifact saved!\n\u001b[0m\u001b[91mMakerPSMSampler input artifact saved!\n\u001b[0m\u001b[91mMStableSampler artifact saved!\n\u001b[0m\u001b[91mMStableSampler input artifact saved!\n\u001b[0m\u001b[91mIMStable artifact saved!\n\u001b[0m\u001b[91mIMStable input artifact saved!\n\u001b[0m\u001b[91mMooniswapSampler artifact saved!\n\u001b[0m\u001b[91mMooniswapSampler input artifact saved!\n\u001b[0m\u001b[91mIMooniswap artifact saved!\n\u001b[0m\u001b[91mIMooniswap input artifact saved!\n\u001b[0m\u001b[91mNativeOrderSampler artifact saved!\n\u001b[0m\u001b[91mNativeOrderSampler input artifact saved!\n\u001b[0m\u001b[91mPlatypusSampler artifact saved!\n\u001b[0m\u001b[91mPlatypusSampler input artifact saved!\n\u001b[0m\u001b[91mIPlatypus artifact saved!\n\u001b[0m\u001b[91mIPlatypus input artifact saved!\n\u001b[0m\u001b[91mShellSampler artifact saved!\n\u001b[0m\u001b[91mShellSampler input artifact saved!\n\u001b[0m\u001b[91mIShell artifact saved!\n\u001b[0m\u001b[91mIShell input artifact saved!\n\u001b[0m\u001b[91mSynthetixSampler artifact saved!\n\u001b[0m\u001b[91mSynthetixSampler input artifact saved!\n\u001b[0m\u001b[91mTwoHopSampler artifact saved!\n\u001b[0m\u001b[91mTwoHopSampler input artifact saved!\n\u001b[0m\u001b[91mUniswapSampler artifact saved!\n\u001b[0m\u001b[91mUniswapSampler input artifact saved!\n\u001b[0m\u001b[91mIUniswapExchangeQuotes artifact saved!\n\u001b[0m\u001b[91mIUniswapExchangeQuotes input artifact saved!\n\u001b[0m\u001b[91mUniswapV2Sampler artifact saved!\n\u001b[0m\u001b[91mUniswapV2Sampler input artifact saved!\n\u001b[0m\u001b[91mIUniswapV2Router01 artifact saved!\n\u001b[0m\u001b[91mIUniswapV2Router01 input artifact saved!\n\u001b[0m\u001b[91mUniswapV3Sampler artifact saved!\n\u001b[0m\u001b[91mUniswapV3Sampler input artifact saved!\n\u001b[0m\u001b[91mVelodromeSampler artifact saved!\n\u001b[0m\u001b[91mVelodromeSampler input artifact saved!\n\u001b[0m\u001b[91mWooPPSampler artifact saved!\n\u001b[0m\u001b[91mWooPPSampler input artifact saved!\n\u001b[0m\u001b[91mUtilitySampler artifact saved!\n\u001b[0m\u001b[91mUtilitySampler input artifact saved!\n\u001b[0m\u001b[91mFakeTaker artifact saved!\n\u001b[0m\u001b[91mFakeTaker input artifact saved!\n\u001b[0m\u001b[91mTestNativeOrderSampler artifact saved!\n\u001b[0m\u001b[91mTestNativeOrderSampler input artifact saved!\n\u001b[0m$ contracts-gen generate\n$ abi-gen --debug --abis  ${npm_package_config_abis} --output test/generated-wrappers --backend ethers\nFound 9 partial templates\nFound 47 ABI files\nProcessing: AaveV2Sampler...\nCreated: test/generated-wrappers/aave_v2_sampler.ts\nProcessing: AaveV3Sampler...\nCreated: test/generated-wrappers/aave_v3_sampler.ts\nProcessing: ApproximateBuys...\nCreated: test/generated-wrappers/approximate_buys.ts\nProcessing: BalanceChecker...\nCreated: test/generated-wrappers/balance_checker.ts\nProcessing: BalancerSampler...\nCreated: test/generated-wrappers/balancer_sampler.ts\nProcessing: BalancerV2BatchSampler...\nCreated: test/generated-wrappers/balancer_v2_batch_sampler.ts\nProcessing: BalancerV2Common...\nCreated: test/generated-wrappers/balancer_v2_common.ts\nProcessing: BalancerV2Sampler...\nCreated: test/generated-wrappers/balancer_v2_sampler.ts\nProcessing: BancorSampler...\nCreated: test/generated-wrappers/bancor_sampler.ts\nProcessing: BancorV3Sampler...\nCreated: test/generated-wrappers/bancor_v3_sampler.ts\nProcessing: CompoundSampler...\nCreated: test/generated-wrappers/compound_sampler.ts\nProcessing: CurveSampler...\nCreated: test/generated-wrappers/curve_sampler.ts\nProcessing: DODOSampler...\nCreated: test/generated-wrappers/d_o_d_o_sampler.ts\nProcessing: DODOV2Sampler...\nCreated: test/generated-wrappers/d_o_d_o_v2_sampler.ts\nProcessing: ERC20BridgeSampler...\nCreated: test/generated-wrappers/erc20_bridge_sampler.ts\nProcessing: FakeTaker...\nCreated: test/generated-wrappers/fake_taker.ts\nProcessing: GMXSampler...\nCreated: test/generated-wrappers/g_m_x_sampler.ts\nProcessing: IBalancer...\nCouldn't find deployedBytecode for IBalancer, using undefined. Found [0x]\nCreated: test/generated-wrappers/i_balancer.ts\nProcessing: IBalancerV2Vault...\nCouldn't find deployedBytecode for IBalancerV2Vault, using undefined. Found [0x]\nCreated: test/generated-wrappers/i_balancer_v2_vault.ts\nProcessing: IBancor...\nCouldn't find deployedBytecode for IBancor, using undefined. Found [0x]\nCreated: test/generated-wrappers/i_bancor.ts\nProcessing: IBancorV3...\nCouldn't find deployedBytecode for IBancorV3, using undefined. Found [0x]\nCreated: test/generated-wrappers/i_bancor_v3.ts\nProcessing: ICurve...\nCouldn't find deployedBytecode for ICurve, using undefined. Found [0x]\nCreated: test/generated-wrappers/i_curve.ts\nProcessing: IGMX...\nCouldn't find deployedBytecode for IGMX, using undefined. Found [0x]\nCreated: test/generated-wrappers/igmx.ts\nProcessing: IMooniswap...\nCouldn't find deployedBytecode for IMooniswap, using undefined. Found [0x]\nCreated: test/generated-wrappers/i_mooniswap.ts\nProcessing: IMStable...\nCouldn't find deployedBytecode for IMStable, using undefined. Found [0x]\nCreated: test/generated-wrappers/i_m_stable.ts\nProcessing: IPlatypus...\nCouldn't find deployedBytecode for IPlatypus, using undefined. Found [0x]\nCreated: test/generated-wrappers/i_platypus.ts\nProcessing: IShell...\nCouldn't find deployedBytecode for IShell, using undefined. Found [0x]\nCreated: test/generated-wrappers/i_shell.ts\nProcessing: IUniswapExchangeQuotes...\nCouldn't find deployedBytecode for IUniswapExchangeQuotes, using undefined. Found [0x]\nCreated: test/generated-wrappers/i_uniswap_exchange_quotes.ts\nProcessing: IUniswapV2Router01...\nCouldn't find deployedBytecode for IUniswapV2Router01, using undefined. Found [0x]\nCreated: test/generated-wrappers/i_uniswap_v2_router01.ts\nProcessing: KyberDmmSampler...\nCreated: test/generated-wrappers/kyber_dmm_sampler.ts\nProcessing: LidoSampler...\nCreated: test/generated-wrappers/lido_sampler.ts\nProcessing: MakerPSMSampler...\nCreated: test/generated-wrappers/maker_p_s_m_sampler.ts\nProcessing: MooniswapSampler...\nCreated: test/generated-wrappers/mooniswap_sampler.ts\nProcessing: MStableSampler...\nCreated: test/generated-wrappers/m_stable_sampler.ts\nProcessing: NativeOrderSampler...\nCreated: test/generated-wrappers/native_order_sampler.ts\nProcessing: PlatypusSampler...\nCreated: test/generated-wrappers/platypus_sampler.ts\nProcessing: SamplerUtils...\nCreated: test/generated-wrappers/sampler_utils.ts\nProcessing: ShellSampler...\nCreated: test/generated-wrappers/shell_sampler.ts\nProcessing: SynthetixSampler...\nCreated: test/generated-wrappers/synthetix_sampler.ts\nProcessing: TestNativeOrderSampler...\nCreated: test/generated-wrappers/test_native_order_sampler.ts\nProcessing: TwoHopSampler...\nCreated: test/generated-wrappers/two_hop_sampler.ts\nProcessing: UniswapSampler...\nCreated: test/generated-wrappers/uniswap_sampler.ts\nProcessing: UniswapV2Sampler...\nCreated: test/generated-wrappers/uniswap_v2_sampler.ts\nProcessing: UniswapV3Sampler...\nCreated: test/generated-wrappers/uniswap_v3_sampler.ts\nProcessing: UtilitySampler...\nCreated: test/generated-wrappers/utility_sampler.ts\nProcessing: VelodromeSampler...\nCreated: test/generated-wrappers/velodrome_sampler.ts\nProcessing: WooPPSampler...\nCreated: test/generated-wrappers/woo_p_p_sampler.ts\n$ contracts-gen copy\nDone in 53.61s.\nRemoving intermediate container 8c0ccf6294e7\n ---> 838cca987871\nStep 11/12 : EXPOSE 3000\n ---> Running in 43ba53acf543\nRemoving intermediate container 43ba53acf543\n ---> 4ae681b255bd\nStep 12/12 : CMD [ \"node\", \"lib/src/index.js\" ]\n ---> Running in b2fe0a9a2948\nRemoving intermediate container b2fe0a9a2948\n ---> c95d46733239\nSuccessfully built c95d46733239\nSuccessfully tagged 0x-api:latest\n","stderr":"","imageSize":1196421626},"repair":{"violations":[{"name":"apkAddUseNoCache","position":{"start":17,"end":17,"columnStart":4,"columnEnd":40}}],"repairedDockerfile":"# Stage 1\nFROM node:16-alpine as yarn-install\nWORKDIR /usr/src/app\n# Install app dependencies\nCOPY package.json yarn.lock ./\nRUN apk update && \\\n    apk upgrade && \\\n    apk add --no-cache --virtual build-dependencies bash git openssh python3 make g++ libc6-compat && \\\n    yarn --frozen-lockfile --no-cache && \\\n    apk del build-dependencies && \\\n    yarn cache clean\n\n# Runtime container with minimal dependencies\nFROM node:16-alpine\n\nRUN apk update && \\\n    apk upgrade && \\\n    apk add --no-cache ca-certificates libc6-compat && \\\n    ln -s /lib/libc.musl-x86_64.so.1 /lib/ld-linux-x86-64.so.2\n\nWORKDIR /usr/src/app\nCOPY --from=yarn-install /usr/src/app/node_modules /usr/src/app/node_modules\n# Bundle app source\nCOPY . .\n\nRUN yarn build\n\nEXPOSE 3000\nCMD [ \"node\", \"lib/src/index.js\" ]\n"},"repairedBuild":{"startTimestamp":1672498895741,"endTimestamp":1672499209475,"error":null,"stdout":"Sending build context to Docker daemon  2.569MB\r\r\nStep 1/12 : FROM node:16-alpine as yarn-install\n ---> 610c0494e820\nStep 2/12 : WORKDIR /usr/src/app\n ---> Running in 200ec9561688\nRemoving intermediate container 200ec9561688\n ---> 0e7ef75048ec\nStep 3/12 : COPY package.json yarn.lock ./\n ---> 555cb36f34eb\nStep 4/12 : RUN apk update &&     apk upgrade &&     apk add --no-cache --virtual build-dependencies bash git openssh python3 make g++ libc6-compat &&     yarn --frozen-lockfile --no-cache &&     apk del build-dependencies &&     yarn cache clean\n ---> Running in a0b712e5f2bf\nfetch https://dl-cdn.alpinelinux.org/alpine/v3.17/main/x86_64/APKINDEX.tar.gz\nfetch https://dl-cdn.alpinelinux.org/alpine/v3.17/community/x86_64/APKINDEX.tar.gz\nv3.17.0-306-g917d743036 [https://dl-cdn.alpinelinux.org/alpine/v3.17/main]\nv3.17.0-307-g96eb718a77 [https://dl-cdn.alpinelinux.org/alpine/v3.17/community]\nOK: 17813 distinct packages available\n(1/1) Upgrading ca-certificates-bundle (20220614-r2 -> 20220614-r3)\nOK: 9 MiB in 17 packages\nfetch https://dl-cdn.alpinelinux.org/alpine/v3.17/main/x86_64/APKINDEX.tar.gz\nfetch https://dl-cdn.alpinelinux.org/alpine/v3.17/community/x86_64/APKINDEX.tar.gz\n(1/41) Installing ncurses-terminfo-base (6.3_p20221119-r0)\n(2/41) Installing ncurses-libs (6.3_p20221119-r0)\n(3/41) Installing readline (8.2.0-r0)\n(4/41) Installing bash (5.2.15-r0)\nExecuting bash-5.2.15-r0.post-install\n(5/41) Installing ca-certificates (20220614-r3)\n(6/41) Installing brotli-libs (1.0.9-r9)\n(7/41) Installing nghttp2-libs (1.51.0-r0)\n(8/41) Installing libcurl (7.87.0-r0)\n(9/41) Installing libexpat (2.5.0-r0)\n(10/41) Installing pcre2 (10.42-r0)\n(11/41) Installing git (2.38.2-r0)\n(12/41) Installing openssh-keygen (9.1_p1-r1)\n(13/41) Installing libedit (20221030.3.1-r0)\n(14/41) Installing openssh-client-common (9.1_p1-r1)\n(15/41) Installing openssh-client-default (9.1_p1-r1)\n(16/41) Installing openssh-sftp-server (9.1_p1-r1)\n(17/41) Installing openssh-server-common (9.1_p1-r1)\n(18/41) Installing openssh-server (9.1_p1-r1)\n(19/41) Installing openssh (9.1_p1-r1)\n(20/41) Installing libbz2 (1.0.8-r4)\n(21/41) Installing libffi (3.4.4-r0)\n(22/41) Installing gdbm (1.23-r0)\n(23/41) Installing xz-libs (5.2.9-r0)\n(24/41) Installing mpdecimal (2.5.1-r1)\n(25/41) Installing sqlite-libs (3.40.1-r0)\n(26/41) Installing python3 (3.10.9-r1)\n(27/41) Installing make (4.3-r1)\n(28/41) Installing libstdc++-dev (12.2.1_git20220924-r4)\n(29/41) Installing binutils (2.39-r2)\n(30/41) Installing libgomp (12.2.1_git20220924-r4)\n(31/41) Installing libatomic (12.2.1_git20220924-r4)\n(32/41) Installing gmp (6.2.1-r2)\n(33/41) Installing isl25 (0.25-r0)\n(34/41) Installing mpfr4 (4.1.0-r0)\n(35/41) Installing mpc1 (1.2.1-r1)\n(36/41) Installing gcc (12.2.1_git20220924-r4)\n(37/41) Installing musl-dev (1.2.3-r4)\n(38/41) Installing libc-dev (0.7.2-r3)\n(39/41) Installing g++ (12.2.1_git20220924-r4)\n(40/41) Installing libc6-compat (1.2.3-r4)\n(41/41) Installing build-dependencies (20221231.150142)\nExecuting busybox-1.35.0-r29.trigger\nExecuting ca-certificates-20220614-r3.trigger\nOK: 303 MiB in 58 packages\nyarn install v1.22.19\n[1/4] Resolving packages...\n[2/4] Fetching packages...\n[3/4] Linking dependencies...\n\u001b[91mwarning \"@0x/contracts-zero-ex > @0x/subproviders > web3-provider-engine > eth-block-tracker > @babel/plugin-transform-runtime@7.18.10\" has unmet peer dependency \"@babel/core@^7.0.0-0\".\n\u001b[0m\u001b[91mwarning \"@0x/contracts-zero-ex > @0x/subproviders > web3-provider-engine > eth-block-tracker > @babel/plugin-transform-runtime > babel-plugin-polyfill-corejs2@0.3.2\" has unmet peer dependency \"@babel/core@^7.0.0-0\".\n\u001b[0m\u001b[91mwarning \"@0x/contracts-zero-ex > @0x/subproviders > web3-provider-engine > eth-block-tracker > @babel/plugin-transform-runtime > babel-plugin-polyfill-corejs3@0.5.3\" has unmet peer dependency \"@babel/core@^7.0.0-0\".\nwarning \"@0x/contracts-zero-ex > @0x/subproviders > web3-provider-engine > eth-block-tracker > @babel/plugin-transform-runtime > babel-plugin-polyfill-regenerator@0.4.0\" has unmet peer dependency \"@babel/core@^7.0.0-0\".\nwarning \"@0x/contracts-zero-ex > @0x/subproviders > web3-provider-engine > eth-block-tracker > @babel/plugin-transform-runtime > babel-plugin-polyfill-corejs2 > @babel/helper-define-polyfill-provider@0.3.2\" has unmet peer dependency \"@babel/core@^7.4.0-0\".\nwarning \"@0x/contracts-zero-ex > @0x/subproviders > web3-provider-engine > eth-block-tracker > @babel/plugin-transform-runtime > babel-plugin-polyfill-corejs2 > @babel/helper-define-polyfill-provider > @babel/helper-compilation-targets@7.18.9\" has unmet peer dependency \"@babel/core@^7.0.0\".\n\u001b[0m\u001b[91mwarning \" > @balancer-labs/sor@4.0.1-beta.5\" has unmet peer dependency \"@ethersproject/bignumber@^5.4.2\".\nwarning \" > @balancer-labs/sor@4.0.1-beta.5\" has unmet peer dependency \"@ethersproject/constants@^5.4.0\".\n\u001b[0m[4/4] Building fresh packages...\n\u001b[91mwarning Error running install script for optional dependency: \"/usr/src/app/node_modules/@ledgerhq/hw-transport-node-hid-noevents/node_modules/node-hid, /usr/src/app/node_modules/@ledgerhq/hw-transport-node-hid/node_modules/node-hid: Command failed.\nExit code: 1\nCommand: prebuild-install --runtime napi || node-gyp rebuild\nArguments: \nDirectory: /usr/src/app/node_modules/@ledgerhq/hw-transport-node-hid-noevents/node_modules/node-hid\nOutput:\nprebuild-install WARN install No prebuilt binaries found (target=3 runtime=napi arch=x64 libc=musl platform=linux)\ngyp info it worked if it ends with ok\ngyp info using node-gyp@9.1.0\ngyp info using node@16.19.0 | linux | x64\ngyp info find Python using Python version 3.10.9 found at \\\"/usr/bin/python3\\\"\ngyp http GET https://unofficial-builds.nodejs.org/download/release/v16.19.0/node-v16.19.0-headers.tar.gz\ngyp http 200 https://unofficial-builds.nodejs.org/download/release/v16.19.0/node-v16.19.0-headers.tar.gz\ngyp http GET https://unofficial-builds.nodejs.org/download/release/v16.19.0/SHASUMS256.txt\ngyp http 200 https://unofficial-builds.nodejs.org/download/release/v16.19.0/SHASUMS256.txt\ngyp info spawn /usr/bin/python3\ngyp info spawn args [\ngyp info spawn args   '/usr/local/lib/node_modules/npm/node_modules/node-gyp/gyp/gyp_main.py',\ngyp info spawn args   'binding.gyp',\ngyp info spawn args   '-f',\ngyp info spawn args   'make',\ngyp info spawn args   '-I',\ngyp info spawn args   '/usr/src/app/node_modules/@ledgerhq/hw-transport-node-hid-noevents/node_modules/node-hid/build/config.gypi',\ngyp info spawn args   '-I',\ngyp info spawn args   '/usr/local/lib/node_modules/npm/node_modules/node-gyp/addon.gypi',\ngyp info spawn args   '-I',\ngyp info spawn args   '/root/.cache/node-gyp/16.19.0/include/node/common.gypi',\ngyp info spawn args   '-Dlibrary=shared_library',\ngyp info spawn args   '-Dvisibility=default',\ngyp info spawn args   '-Dnode_root_dir=/root/.cache/node-gyp/16.19.0',\ngyp info spawn args   '-Dnode_gyp_dir=/usr/local/lib/node_modules/npm/node_modules/node-gyp',\ngyp info spawn args   '-Dnode_lib_file=/root/.cache/node-gyp/16.19.0/<(target_arch)/node.lib',\ngyp info spawn args   '-Dmodule_root_dir=/usr/src/app/node_modules/@ledgerhq/hw-transport-node-hid-noevents/node_modules/node-hid',\ngyp info spawn args   '-Dnode_engine=v8',\ngyp info spawn args   '--depth=.',\ngyp info spawn args   '--no-parallel',\ngyp info spawn args   '--generator-output',\ngyp info spawn args   'build',\ngyp info spawn args   '-Goutput_dir=.'\ngyp info spawn args ]\n/bin/sh: pkg-config: not found\ngyp: Call to 'pkg-config libusb-1.0 --cflags-only-I | sed s/-I//g' returned exit status 0 while in binding.gyp. while trying to load binding.gyp\ngyp ERR! configure error \ngyp ERR! stack Error: `gyp` failed with exit code: 1\ngyp ERR! stack     at ChildProcess.onCpExit (/usr/local/lib/node_modules/npm/node_modules/node-gyp/lib/configure.js:284:16)\ngyp ERR! stack     at ChildProcess.emit (node:events:513:28)\ngyp ERR! stack     at Process.ChildProcess._handle.onexit (node:internal/child_process:293:12)\ngyp ERR! System Linux 5.4.0-113-generic\ngyp ERR! command \\\"/usr/local/bin/node\\\" \\\"/usr/local/lib/node_modules/npm/node_modules/node-gyp/bin/node-gyp.js\\\" \\\"rebuild\\\"\ngyp ERR! cwd /usr/src/app/node_modules/@ledgerhq/hw-transport-node-hid-noevents/node_modules/node-hid\ngyp ERR! node -v v16.19.0\ngyp ERR! node-gyp -v v9.1.0\ngyp ERR! not ok\"\n\u001b[0minfo This module is OPTIONAL, you can safely ignore this error\n\u001b[91mwarning Error running install script for optional dependency: \"/usr/src/app/node_modules/node-hid: Command failed.\nExit code: 1\nCommand: prebuild-install || node-gyp rebuild\nArguments: \nDirectory: /usr/src/app/node_modules/node-hid\nOutput:\nprebuild-install WARN install No prebuilt binaries found (target=16.19.0 runtime=node arch=x64 libc=musl platform=linux)\ngyp info it worked if it ends with ok\ngyp info using node-gyp@9.1.0\ngyp info using node@16.19.0 | linux | x64\ngyp info find Python using Python version 3.10.9 found at \\\"/usr/bin/python3\\\"\ngyp info spawn /usr/bin/python3\ngyp info spawn args [\ngyp info spawn args   '/usr/local/lib/node_modules/npm/node_modules/node-gyp/gyp/gyp_main.py',\ngyp info spawn args   'binding.gyp',\ngyp info spawn args   '-f',\ngyp info spawn args   'make',\ngyp info spawn args   '-I',\ngyp info spawn args   '/usr/src/app/node_modules/node-hid/build/config.gypi',\ngyp info spawn args   '-I',\ngyp info spawn args   '/usr/local/lib/node_modules/npm/node_modules/node-gyp/addon.gypi',\ngyp info spawn args   '-I',\ngyp info spawn args   '/root/.cache/node-gyp/16.19.0/include/node/common.gypi',\ngyp info spawn args   '-Dlibrary=shared_library',\ngyp info spawn args   '-Dvisibility=default',\ngyp info spawn args   '-Dnode_root_dir=/root/.cache/node-gyp/16.19.0',\ngyp info spawn args   '-Dnode_gyp_dir=/usr/local/lib/node_modules/npm/node_modules/node-gyp',\ngyp info spawn args   '-Dnode_lib_file=/root/.cache/node-gyp/16.19.0/<(target_arch)/node.lib',\ngyp info spawn args   '-Dmodule_root_dir=/usr/src/app/node_modules/node-hid',\ngyp info spawn args   '-Dnode_engine=v8',\ngyp info spawn args   '--depth=.',\ngyp info spawn args   '--no-parallel',\ngyp info spawn args   '--generator-output',\ngyp info spawn args   'build',\ngyp info spawn args   '-Goutput_dir=.'\ngyp info spawn args ]\ngyp info spawn make\ngyp info spawn args [ 'BUILDTYPE=Release', '-C', 'build' ]\n../hidapi/linux/hid.c:41:10: fatal error: linux/hidraw.h: No such file or directory\n   41 | #include <linux/hidraw.h>\n      |          ^~~~~~~~~~~~~~~~\ncompilation terminated.\nmake: *** [hidapi-linux-hidraw.target.mk:113: Release/obj.target/hidapi-linux-hidraw/hidapi/linux/hid.o] Error 1\ngyp ERR! build error \ngyp ERR! stack Error: `make` failed with exit code: 2\ngyp ERR! stack     at ChildProcess.onExit (/usr/local/lib/node_modules/npm/node_modules/node-gyp/lib/build.js:201:23)\ngyp ERR! stack     at ChildProcess.emit (node:events:513:28)\ngyp ERR! stack     at Process.ChildProcess._handle.onexit (node:internal/child_process:293:12)\ngyp ERR! System Linux 5.4.0-113-generic\ngyp ERR! command \\\"/usr/local/bin/node\\\" \\\"/usr/local/lib/node_modules/npm/node_modules/node-gyp/bin/node-gyp.js\\\" \\\"rebuild\\\"\ngyp ERR! cwd /usr/src/app/node_modules/node-hid\ngyp ERR! node -v v16.19.0\ngyp ERR! node-gyp -v v9.1.0\ngyp ERR! not ok \nmake: Entering directory '/usr/src/app/node_modules/node-hid/build'\n  CC(target) Release/obj.target/hidapi-linux-hidraw/hidapi/linux/hid.o\nmake: Leaving directory '/usr/src/app/node_modules/node-hid/build'\"\n\u001b[0minfo This module is OPTIONAL, you can safely ignore this error\ninfo This module is OPTIONAL, you can safely ignore this error\n\u001b[91mwarning Error running install script for optional dependency: \"/usr/src/app/node_modules/usb: Command failed.\nExit code: 1\nCommand: node-gyp-build\nArguments: \nDirectory: /usr/src/app/node_modules/usb\nOutput:\ngyp info it worked if it ends with ok\ngyp info using node-gyp@9.1.0\ngyp info using node@16.19.0 | linux | x64\ngyp info find Python using Python version 3.10.9 found at \\\"/usr/bin/python3\\\"\ngyp http GET https://unofficial-builds.nodejs.org/download/release/v16.19.0/node-v16.19.0-headers.tar.gz\ngyp http 200 https://unofficial-builds.nodejs.org/download/release/v16.19.0/node-v16.19.0-headers.tar.gz\ngyp http GET https://unofficial-builds.nodejs.org/download/release/v16.19.0/SHASUMS256.txt\ngyp http 200 https://unofficial-builds.nodejs.org/download/release/v16.19.0/SHASUMS256.txt\ngyp info spawn /usr/bin/python3\ngyp info spawn args [\ngyp info spawn args   '/usr/local/lib/node_modules/npm/node_modules/node-gyp/gyp/gyp_main.py',\ngyp info spawn args   'binding.gyp',\ngyp info spawn args   '-f',\ngyp info spawn args   'make',\ngyp info spawn args   '-I',\ngyp info spawn args   '/usr/src/app/node_modules/usb/build/config.gypi',\ngyp info spawn args   '-I',\ngyp info spawn args   '/usr/local/lib/node_modules/npm/node_modules/node-gyp/addon.gypi',\ngyp info spawn args   '-I',\ngyp info spawn args   '/root/.cache/node-gyp/16.19.0/include/node/common.gypi',\ngyp info spawn args   '-Dlibrary=shared_library',\ngyp info spawn args   '-Dvisibility=default',\ngyp info spawn args   '-Dnode_root_dir=/root/.cache/node-gyp/16.19.0',\ngyp info spawn args   '-Dnode_gyp_dir=/usr/local/lib/node_modules/npm/node_modules/node-gyp',\ngyp info spawn args   '-Dnode_lib_file=/root/.cache/node-gyp/16.19.0/<(target_arch)/node.lib',\ngyp info spawn args   '-Dmodule_root_dir=/usr/src/app/node_modules/usb',\ngyp info spawn args   '-Dnode_engine=v8',\ngyp info spawn args   '--depth=.',\ngyp info spawn args   '--no-parallel',\ngyp info spawn args   '--generator-output',\ngyp info spawn args   'build',\ngyp info spawn args   '-Goutput_dir=.'\ngyp info spawn args ]\ngyp info spawn make\ngyp info spawn args [ 'BUILDTYPE=Release', '-C', 'build' ]\nmake: Entering directory '/usr/src/app/node_modules/usb/build'\n  CC(target) Release/obj.target/libusb/libusb/libusb/core.o\n  CC(target) Release/obj.target/libusb/libusb/libusb/descriptor.o\n  CC(target) Release/obj.target/libusb/libusb/libusb/hotplug.o\n  CC(target) Release/obj.target/libusb/libusb/libusb/io.o\n  CC(target) Release/obj.target/libusb/libusb/libusb/strerror.o\n  CC(target) Release/obj.target/libusb/libusb/libusb/sync.o\n  CC(target) Release/obj.target/libusb/libusb/libusb/os/poll_posix.o\n  CC(target) Release/obj.target/libusb/libusb/libusb/os/threads_posix.o\n  CC(target) Release/obj.target/libusb/libusb/libusb/os/linux_usbfs.o\nIn file included from ../libusb/libusb/os/linux_usbfs.c:43:\n../libusb/libusb/os/linux_usbfs.h:24:10: fatal error: linux/types.h: No such file or directory\n   24 | #include <linux/types.h>\n      |          ^~~~~~~~~~~~~~~\ncompilation terminated.\nmake: *** [libusb.target.mk:158: Release/obj.target/libusb/libusb/libusb/os/linux_usbfs.o] Error 1\nmake: Leaving directory '/usr/src/app/node_modules/usb/build'\ngyp ERR! build error \ngyp ERR! stack Error: `make` failed with exit code: 2\ngyp ERR! stack     at ChildProcess.onExit (/usr/local/lib/node_modules/npm/node_modules/node-gyp/lib/build.js:201:23)\ngyp ERR! stack     at ChildProcess.emit (node:events:513:28)\ngyp ERR! stack     at Process.ChildProcess._handle.onexit (node:internal/child_process:293:12)\ngyp ERR! System Linux 5.4.0-113-generic\ngyp ERR! command \\\"/usr/local/bin/node\\\" \\\"/usr/local/lib/node_modules/npm/node_modules/node-gyp/bin/node-gyp.js\\\" \\\"rebuild\\\"\ngyp ERR! cwd /usr/src/app/node_modules/usb\ngyp ERR! node -v v16.19.0\ngyp ERR! node-gyp -v v9.1.0\ngyp ERR! not ok\"\n\u001b[0mDone in 99.75s.\n(1/41) Purging build-dependencies (20221231.150142)\n(2/41) Purging bash (5.2.15-r0)\nExecuting bash-5.2.15-r0.pre-deinstall\n(3/41) Purging git (2.38.2-r0)\n(4/41) Purging openssh (9.1_p1-r1)\n(5/41) Purging openssh-sftp-server (9.1_p1-r1)\n(6/41) Purging openssh-server (9.1_p1-r1)\n(7/41) Purging openssh-server-common (9.1_p1-r1)\n(8/41) Purging python3 (3.10.9-r1)\n(9/41) Purging make (4.3-r1)\n(10/41) Purging g++ (12.2.1_git20220924-r4)\n(11/41) Purging libstdc++-dev (12.2.1_git20220924-r4)\n(12/41) Purging gcc (12.2.1_git20220924-r4)\n(13/41) Purging binutils (2.39-r2)\n(14/41) Purging libatomic (12.2.1_git20220924-r4)\n(15/41) Purging libgomp (12.2.1_git20220924-r4)\n(16/41) Purging libc-dev (0.7.2-r3)\n(17/41) Purging musl-dev (1.2.3-r4)\n(18/41) Purging libc6-compat (1.2.3-r4)\n(19/41) Purging readline (8.2.0-r0)\n(20/41) Purging openssh-client-default (9.1_p1-r1)\n(21/41) Purging openssh-keygen (9.1_p1-r1)\n(22/41) Purging openssh-client-common (9.1_p1-r1)\n(23/41) Purging libedit (20221030.3.1-r0)\n(24/41) Purging ncurses-libs (6.3_p20221119-r0)\n(25/41) Purging ncurses-terminfo-base (6.3_p20221119-r0)\n(26/41) Purging libcurl (7.87.0-r0)\n(27/41) Purging ca-certificates (20220614-r3)\nExecuting ca-certificates-20220614-r3.post-deinstall\n(28/41) Purging brotli-libs (1.0.9-r9)\n(29/41) Purging nghttp2-libs (1.51.0-r0)\n(30/41) Purging libexpat (2.5.0-r0)\n(31/41) Purging pcre2 (10.42-r0)\n(32/41) Purging libbz2 (1.0.8-r4)\n(33/41) Purging libffi (3.4.4-r0)\n(34/41) Purging gdbm (1.23-r0)\n(35/41) Purging xz-libs (5.2.9-r0)\n(36/41) Purging mpdecimal (2.5.1-r1)\n(37/41) Purging sqlite-libs (3.40.1-r0)\n(38/41) Purging isl25 (0.25-r0)\n(39/41) Purging mpc1 (1.2.1-r1)\n(40/41) Purging mpfr4 (4.1.0-r0)\n(41/41) Purging gmp (6.2.1-r2)\nExecuting busybox-1.35.0-r29.trigger\nOK: 9 MiB in 17 packages\nyarn cache v1.22.19\nsuccess Cleared cache.\nDone in 3.73s.\nRemoving intermediate container a0b712e5f2bf\n ---> 4acf6a18cc05\nStep 5/12 : FROM node:16-alpine\n ---> 610c0494e820\nStep 6/12 : RUN apk update &&     apk upgrade &&     apk add --no-cache ca-certificates libc6-compat &&     ln -s /lib/libc.musl-x86_64.so.1 /lib/ld-linux-x86-64.so.2\n ---> Running in f6635d4e82d6\nfetch https://dl-cdn.alpinelinux.org/alpine/v3.17/main/x86_64/APKINDEX.tar.gz\nfetch https://dl-cdn.alpinelinux.org/alpine/v3.17/community/x86_64/APKINDEX.tar.gz\nv3.17.0-306-g917d743036 [https://dl-cdn.alpinelinux.org/alpine/v3.17/main]\nv3.17.0-307-g96eb718a77 [https://dl-cdn.alpinelinux.org/alpine/v3.17/community]\nOK: 17813 distinct packages available\n(1/1) Upgrading ca-certificates-bundle (20220614-r2 -> 20220614-r3)\nOK: 9 MiB in 17 packages\nfetch https://dl-cdn.alpinelinux.org/alpine/v3.17/main/x86_64/APKINDEX.tar.gz\nfetch https://dl-cdn.alpinelinux.org/alpine/v3.17/community/x86_64/APKINDEX.tar.gz\n(1/2) Installing ca-certificates (20220614-r3)\n(2/2) Installing libc6-compat (1.2.3-r4)\nExecuting busybox-1.35.0-r29.trigger\nExecuting ca-certificates-20220614-r3.trigger\nOK: 10 MiB in 19 packages\nRemoving intermediate container f6635d4e82d6\n ---> 01a71801a991\nStep 7/12 : WORKDIR /usr/src/app\n ---> Running in a4f4c5ade4ea\nRemoving intermediate container a4f4c5ade4ea\n ---> 2b5bfd17c255\nStep 8/12 : COPY --from=yarn-install /usr/src/app/node_modules /usr/src/app/node_modules\n ---> eca67d73564d\nStep 9/12 : COPY . .\n ---> eb513e2f9482\nStep 10/12 : RUN yarn build\n ---> Running in 2d71eac298e9\nyarn run v1.22.19\n$ yarn pre_build && tsc -p tsconfig.json\n$ run-s compile contracts:gen generate_contract_wrappers contracts:copy\n$ sol-compiler\n\u001b[91mCreating directory at ./test/generated-artifacts...\n\u001b[0m\u001b[91mCreating directory at /usr/src/app/node_modules/@0x/sol-compiler/solc_bin...\n\u001b[0mPre-fetching solidity versions: 0.6.12...\n\u001b[91mDownloading soljson-v0.6.12+commit.27d51765.js...\n\u001b[0m\u001b[91mCompiling 56 contracts (AaveV2Sampler.sol,AaveV3Sampler.sol,ApproximateBuys.sol,LibMathV06.sol,LibSafeMathV06.sol,LibRichErrorsV06.sol,LibSafeMathRichErrorsV06.sol,LibMathRichErrorsV06.sol,BalanceChecker.sol,BalancerSampler.sol,IBalancer.sol,BalancerV2BatchSampler.sol,IBalancerV2Vault.sol,BalancerV2Common.sol,BalancerV2Sampler.sol,SamplerUtils.sol,LibERC20TokenV06.sol,LibBytesV06.sol,LibBytesRichErrorsV06.sol,IERC20TokenV06.sol,BancorSampler.sol,IBancor.sol,BancorV3Sampler.sol,IBancorV3.sol,CompoundSampler.sol,CurveSampler.sol,ICurve.sol,DODOSampler.sol,DODOV2Sampler.sol,ERC20BridgeSampler.sol,GMXSampler.sol,IGMX.sol,KyberDmmSampler.sol,LidoSampler.sol,MakerPSMSampler.sol,MStableSampler.sol,IMStable.sol,MooniswapSampler.sol,IMooniswap.sol,NativeOrderSampler.sol,PlatypusSampler.sol,IPlatypus.sol,ShellSampler.sol,IShell.sol,SynthetixSampler.sol,TwoHopSampler.sol,UniswapSampler.sol,IUniswapExchangeQuotes.sol,UniswapV2Sampler.sol,IUniswapV2Router01.sol,UniswapV3Sampler.sol,VelodromeSampler.sol,WooPPSampler.sol,UtilitySampler.sol,FakeTaker.sol,TestNativeOrderSampler.sol) with Solidity 0.6.12+commit.27d51765...\n\u001b[0mwarning GMXSampler.sol: Warning: SPDX license identifier not provided in source file. Before publishing, consider adding a comment containing \"SPDX-License-Identifier: <SPDX-License>\" to each source file. Use \"SPDX-License-Identifier: UNLICENSED\" for non-open-source code. Please see https://spdx.org for more information.\n\nwarning PlatypusSampler.sol: Warning: SPDX license identifier not provided in source file. Before publishing, consider adding a comment containing \"SPDX-License-Identifier: <SPDX-License>\" to each source file. Use \"SPDX-License-Identifier: UNLICENSED\" for non-open-source code. Please see https://spdx.org for more information.\n\nwarning IGMX.sol: Warning: SPDX license identifier not provided in source file. Before publishing, consider adding a comment containing \"SPDX-License-Identifier: <SPDX-License>\" to each source file. Use \"SPDX-License-Identifier: UNLICENSED\" for non-open-source code. Please see https://spdx.org for more information.\n\nwarning IPlatypus.sol: Warning: SPDX license identifier not provided in source file. Before publishing, consider adding a comment containing \"SPDX-License-Identifier: <SPDX-License>\" to each source file. Use \"SPDX-License-Identifier: UNLICENSED\" for non-open-source code. Please see https://spdx.org for more information.\n\nwarning KyberDmmSampler.sol:125:90: Warning: This declaration shadows an existing declaration.\n            try factory.getPools{gas: KYBER_DMM_CALL_GAS}(path[i], path[i + 1]) returns (address[] memory allPools) {\n                                                                                         ^-----------------------^\n/usr/src/app/contracts/src/KyberDmmSampler.sol:124:13: The shadowed declaration is here:\n            address[] memory allPools;\n            ^-----------------------^\n\nwarning UniswapV3Sampler.sol:26:47: Warning: This declaration shadows an existing declaration.\n    function factory() external view returns (IUniswapV3Factory factory);\n                                              ^-----------------------^\n/usr/src/app/contracts/src/UniswapV3Sampler.sol:26:5: The shadowed declaration is here:\n    function factory() external view returns (IUniswapV3Factory factory);\n    ^-------------------------------------------------------------------^\n\nwarning CurveSampler.sol:55:58: Warning: Using \".gas(...)\" is deprecated. Use \"{gas: ...}\" instead.\n            (bool didSucceed, bytes memory resultData) = curveInfo.poolAddress.staticcall.gas(CURVE_CALL_GAS)(\n                                                         ^----------------------------------^\n\nwarning CurveSampler.sol:103:58: Warning: Using \".gas(...)\" is deprecated. Use \"{gas: ...}\" instead.\n            (bool didSucceed, bytes memory resultData) = curveInfo.poolAddress.staticcall.gas(CURVE_CALL_GAS)(\n                                                         ^----------------------------------^\n\nwarning UniswapSampler.sol:172:36: Warning: Using \".gas(...)\" is deprecated. Use \"{gas: ...}\" instead.\n        (didSucceed, resultData) = uniswapExchangeAddress.staticcall.gas(UNISWAP_CALL_GAS)(\n                                   ^-----------------------------------^\n\nwarning BancorSampler.sol:90:9: Warning: Unused function parameter. Remove or comment out the variable name to silence this warning.\n        address takerToken,\n        ^----------------^\n\nwarning BancorSampler.sol:91:9: Warning: Unused function parameter. Remove or comment out the variable name to silence this warning.\n        address makerToken,\n        ^----------------^\n\nwarning DODOV2Sampler.sol:128:10: Warning: Unused local variable.\n        (address takerToken, address pool, bool sellBase) = abi.decode(takerTokenData, (address, address, bool));\n         ^----------------^\n\nwarning GMXSampler.sol:35:17: Warning: Unused try/catch parameter. Remove or comment out the variable name to silence this warning.\n                uint256 feeAmount\n                ^---------------^\n\nwarning GMXSampler.sol:71:9: Warning: Unused function parameter. Remove or comment out the variable name to silence this warning.\n        bytes memory makerTokenData,\n        ^-------------------------^\n\nwarning KyberDmmSampler.sol:124:13: Warning: Unused local variable.\n            address[] memory allPools;\n            ^-----------------------^\n\nwarning MooniswapSampler.sol:132:10: Warning: Unused local variable.\n        (address _registry, address mooniswapMakerToken) = abi.decode(makerTokenData, (address, address));\n         ^---------------^\n\nwarning PlatypusSampler.sol:19:17: Warning: Unused try/catch parameter. Remove or comment out the variable name to silence this warning.\n                uint256 feeAmount\n                ^---------------^\n\nwarning PlatypusSampler.sol:26:22: Warning: Unused try/catch parameter. Remove or comment out the variable name to silence this warning.\n            } catch (bytes memory result) {\n                     ^-----------------^\n\nwarning PlatypusSampler.sol:54:9: Warning: Unused function parameter. Remove or comment out the variable name to silence this warning.\n        bytes memory takerTokenData,\n        ^-------------------------^\n\nwarning WooPPSampler.sol:83:9: Warning: Unused local variable.\n        uint256 numSamples = makerTokenAmounts.length;\n        ^----------------^\n\nwarning WooPPSampler.sol:96:9: Warning: Unused function parameter. Remove or comment out the variable name to silence this warning.\n        bytes memory makerTokenData,\n        ^-------------------------^\n\nwarning ApproximateBuys.sol:103:5: Warning: Function state mutability can be restricted to pure\n    function _safeGetPartialAmountCeil(\n    ^ (Relevant source part starts here and spans across multiple lines).\n\nwarning UtilitySampler.sol:66:5: Warning: Function state mutability can be restricted to view\n    function getGasLeft() public returns (uint256) {\n    ^ (Relevant source part starts here and spans across multiple lines).\n\nwarning ERC20BridgeSampler.sol:52:1: Warning: Contract code size exceeds 24576 bytes (a limit introduced in Spurious Dragon). This contract may not be deployable on mainnet. Consider enabling the optimizer (with a low \"runs\" value!), turning off revert strings, or using libraries.\ncontract ERC20BridgeSampler is\n^ (Relevant source part starts here and spans across multiple lines).\n\n\u001b[91mAaveV2Sampler artifact saved!\n\u001b[0m\u001b[91mAaveV2Sampler input artifact saved!\n\u001b[0m\u001b[91mAaveV3Sampler artifact saved!\n\u001b[0m\u001b[91mAaveV3Sampler input artifact saved!\n\u001b[0m\u001b[91mApproximateBuys artifact saved!\n\u001b[0m\u001b[91mApproximateBuys input artifact saved!\n\u001b[0m\u001b[91mBalanceChecker artifact saved!\n\u001b[0m\u001b[91mBalanceChecker input artifact saved!\n\u001b[0m\u001b[91mBalancerSampler artifact saved!\n\u001b[0m\u001b[91mBalancerSampler input artifact saved!\n\u001b[0m\u001b[91mIBalancer artifact saved!\n\u001b[0m\u001b[91mIBalancer input artifact saved!\n\u001b[0m\u001b[91mBalancerV2BatchSampler artifact saved!\n\u001b[0m\u001b[91mBalancerV2BatchSampler input artifact saved!\n\u001b[0m\u001b[91mIBalancerV2Vault artifact saved!\n\u001b[0m\u001b[91mIBalancerV2Vault input artifact saved!\n\u001b[0m\u001b[91mBalancerV2Common artifact saved!\n\u001b[0m\u001b[91mBalancerV2Common input artifact saved!\n\u001b[0m\u001b[91mBalancerV2Sampler artifact saved!\n\u001b[0m\u001b[91mBalancerV2Sampler input artifact saved!\n\u001b[0m\u001b[91mSamplerUtils artifact saved!\n\u001b[0m\u001b[91mSamplerUtils input artifact saved!\n\u001b[0m\u001b[91mBancorSampler artifact saved!\n\u001b[0m\u001b[91mBancorSampler input artifact saved!\n\u001b[0m\u001b[91mIBancor artifact saved!\n\u001b[0m\u001b[91mIBancor input artifact saved!\n\u001b[0m\u001b[91mBancorV3Sampler artifact saved!\n\u001b[0m\u001b[91mBancorV3Sampler input artifact saved!\n\u001b[0m\u001b[91mIBancorV3 artifact saved!\n\u001b[0m\u001b[91mIBancorV3 input artifact saved!\n\u001b[0m\u001b[91mCompoundSampler artifact saved!\n\u001b[0m\u001b[91mCompoundSampler input artifact saved!\n\u001b[0m\u001b[91mCurveSampler artifact saved!\n\u001b[0m\u001b[91mCurveSampler input artifact saved!\n\u001b[0m\u001b[91mICurve artifact saved!\n\u001b[0m\u001b[91mICurve input artifact saved!\n\u001b[0m\u001b[91mDODOSampler artifact saved!\nDODOSampler input artifact saved!\n\u001b[0m\u001b[91mDODOV2Sampler artifact saved!\n\u001b[0m\u001b[91mDODOV2Sampler input artifact saved!\n\u001b[0m\u001b[91mERC20BridgeSampler artifact saved!\n\u001b[0m\u001b[91mERC20BridgeSampler input artifact saved!\n\u001b[0m\u001b[91mGMXSampler artifact saved!\n\u001b[0m\u001b[91mGMXSampler input artifact saved!\n\u001b[0m\u001b[91mIGMX artifact saved!\n\u001b[0m\u001b[91mIGMX input artifact saved!\n\u001b[0m\u001b[91mKyberDmmSampler artifact saved!\n\u001b[0m\u001b[91mKyberDmmSampler input artifact saved!\n\u001b[0m\u001b[91mLidoSampler artifact saved!\n\u001b[0m\u001b[91mLidoSampler input artifact saved!\n\u001b[0m\u001b[91mMakerPSMSampler artifact saved!\n\u001b[0m\u001b[91mMakerPSMSampler input artifact saved!\n\u001b[0m\u001b[91mMStableSampler artifact saved!\n\u001b[0m\u001b[91mMStableSampler input artifact saved!\n\u001b[0m\u001b[91mIMStable artifact saved!\n\u001b[0m\u001b[91mIMStable input artifact saved!\n\u001b[0m\u001b[91mMooniswapSampler artifact saved!\n\u001b[0m\u001b[91mMooniswapSampler input artifact saved!\n\u001b[0m\u001b[91mIMooniswap artifact saved!\n\u001b[0m\u001b[91mIMooniswap input artifact saved!\n\u001b[0m\u001b[91mNativeOrderSampler artifact saved!\n\u001b[0m\u001b[91mNativeOrderSampler input artifact saved!\n\u001b[0m\u001b[91mPlatypusSampler artifact saved!\n\u001b[0m\u001b[91mPlatypusSampler input artifact saved!\n\u001b[0m\u001b[91mIPlatypus artifact saved!\n\u001b[0m\u001b[91mIPlatypus input artifact saved!\n\u001b[0m\u001b[91mShellSampler artifact saved!\n\u001b[0m\u001b[91mShellSampler input artifact saved!\n\u001b[0m\u001b[91mIShell artifact saved!\n\u001b[0m\u001b[91mIShell input artifact saved!\n\u001b[0m\u001b[91mSynthetixSampler artifact saved!\n\u001b[0m\u001b[91mSynthetixSampler input artifact saved!\n\u001b[0m\u001b[91mTwoHopSampler artifact saved!\n\u001b[0m\u001b[91mTwoHopSampler input artifact saved!\n\u001b[0m\u001b[91mUniswapSampler artifact saved!\n\u001b[0m\u001b[91mUniswapSampler input artifact saved!\n\u001b[0m\u001b[91mIUniswapExchangeQuotes artifact saved!\n\u001b[0m\u001b[91mIUniswapExchangeQuotes input artifact saved!\n\u001b[0m\u001b[91mUniswapV2Sampler artifact saved!\n\u001b[0m\u001b[91mUniswapV2Sampler input artifact saved!\n\u001b[0m\u001b[91mIUniswapV2Router01 artifact saved!\n\u001b[0m\u001b[91mIUniswapV2Router01 input artifact saved!\n\u001b[0m\u001b[91mUniswapV3Sampler artifact saved!\n\u001b[0m\u001b[91mUniswapV3Sampler input artifact saved!\n\u001b[0m\u001b[91mVelodromeSampler artifact saved!\n\u001b[0m\u001b[91mVelodromeSampler input artifact saved!\n\u001b[0m\u001b[91mWooPPSampler artifact saved!\n\u001b[0m\u001b[91mWooPPSampler input artifact saved!\n\u001b[0m\u001b[91mUtilitySampler artifact saved!\n\u001b[0m\u001b[91mUtilitySampler input artifact saved!\n\u001b[0m\u001b[91mFakeTaker artifact saved!\n\u001b[0m\u001b[91mFakeTaker input artifact saved!\n\u001b[0m\u001b[91mTestNativeOrderSampler artifact saved!\n\u001b[0m\u001b[91mTestNativeOrderSampler input artifact saved!\n\u001b[0m$ contracts-gen generate\n$ abi-gen --debug --abis  ${npm_package_config_abis} --output test/generated-wrappers --backend ethers\nFound 9 partial templates\nFound 47 ABI files\nProcessing: AaveV2Sampler...\nCreated: test/generated-wrappers/aave_v2_sampler.ts\nProcessing: AaveV3Sampler...\nCreated: test/generated-wrappers/aave_v3_sampler.ts\nProcessing: ApproximateBuys...\nCreated: test/generated-wrappers/approximate_buys.ts\nProcessing: BalanceChecker...\nCreated: test/generated-wrappers/balance_checker.ts\nProcessing: BalancerSampler...\nCreated: test/generated-wrappers/balancer_sampler.ts\nProcessing: BalancerV2BatchSampler...\nCreated: test/generated-wrappers/balancer_v2_batch_sampler.ts\nProcessing: BalancerV2Common...\nCreated: test/generated-wrappers/balancer_v2_common.ts\nProcessing: BalancerV2Sampler...\nCreated: test/generated-wrappers/balancer_v2_sampler.ts\nProcessing: BancorSampler...\nCreated: test/generated-wrappers/bancor_sampler.ts\nProcessing: BancorV3Sampler...\nCreated: test/generated-wrappers/bancor_v3_sampler.ts\nProcessing: CompoundSampler...\nCreated: test/generated-wrappers/compound_sampler.ts\nProcessing: CurveSampler...\nCreated: test/generated-wrappers/curve_sampler.ts\nProcessing: DODOSampler...\nCreated: test/generated-wrappers/d_o_d_o_sampler.ts\nProcessing: DODOV2Sampler...\nCreated: test/generated-wrappers/d_o_d_o_v2_sampler.ts\nProcessing: ERC20BridgeSampler...\nCreated: test/generated-wrappers/erc20_bridge_sampler.ts\nProcessing: FakeTaker...\nCreated: test/generated-wrappers/fake_taker.ts\nProcessing: GMXSampler...\nCreated: test/generated-wrappers/g_m_x_sampler.ts\nProcessing: IBalancer...\nCouldn't find deployedBytecode for IBalancer, using undefined. Found [0x]\nCreated: test/generated-wrappers/i_balancer.ts\nProcessing: IBalancerV2Vault...\nCouldn't find deployedBytecode for IBalancerV2Vault, using undefined. Found [0x]\nCreated: test/generated-wrappers/i_balancer_v2_vault.ts\nProcessing: IBancor...\nCouldn't find deployedBytecode for IBancor, using undefined. Found [0x]\nCreated: test/generated-wrappers/i_bancor.ts\nProcessing: IBancorV3...\nCouldn't find deployedBytecode for IBancorV3, using undefined. Found [0x]\nCreated: test/generated-wrappers/i_bancor_v3.ts\nProcessing: ICurve...\nCouldn't find deployedBytecode for ICurve, using undefined. Found [0x]\nCreated: test/generated-wrappers/i_curve.ts\nProcessing: IGMX...\nCouldn't find deployedBytecode for IGMX, using undefined. Found [0x]\nCreated: test/generated-wrappers/igmx.ts\nProcessing: IMooniswap...\nCouldn't find deployedBytecode for IMooniswap, using undefined. Found [0x]\nCreated: test/generated-wrappers/i_mooniswap.ts\nProcessing: IMStable...\nCouldn't find deployedBytecode for IMStable, using undefined. Found [0x]\nCreated: test/generated-wrappers/i_m_stable.ts\nProcessing: IPlatypus...\nCouldn't find deployedBytecode for IPlatypus, using undefined. Found [0x]\nCreated: test/generated-wrappers/i_platypus.ts\nProcessing: IShell...\nCouldn't find deployedBytecode for IShell, using undefined. Found [0x]\nCreated: test/generated-wrappers/i_shell.ts\nProcessing: IUniswapExchangeQuotes...\nCouldn't find deployedBytecode for IUniswapExchangeQuotes, using undefined. Found [0x]\nCreated: test/generated-wrappers/i_uniswap_exchange_quotes.ts\nProcessing: IUniswapV2Router01...\nCouldn't find deployedBytecode for IUniswapV2Router01, using undefined. Found [0x]\nCreated: test/generated-wrappers/i_uniswap_v2_router01.ts\nProcessing: KyberDmmSampler...\nCreated: test/generated-wrappers/kyber_dmm_sampler.ts\nProcessing: LidoSampler...\nCreated: test/generated-wrappers/lido_sampler.ts\nProcessing: MakerPSMSampler...\nCreated: test/generated-wrappers/maker_p_s_m_sampler.ts\nProcessing: MooniswapSampler...\nCreated: test/generated-wrappers/mooniswap_sampler.ts\nProcessing: MStableSampler...\nCreated: test/generated-wrappers/m_stable_sampler.ts\nProcessing: NativeOrderSampler...\nCreated: test/generated-wrappers/native_order_sampler.ts\nProcessing: PlatypusSampler...\nCreated: test/generated-wrappers/platypus_sampler.ts\nProcessing: SamplerUtils...\nCreated: test/generated-wrappers/sampler_utils.ts\nProcessing: ShellSampler...\nCreated: test/generated-wrappers/shell_sampler.ts\nProcessing: SynthetixSampler...\nCreated: test/generated-wrappers/synthetix_sampler.ts\nProcessing: TestNativeOrderSampler...\nCreated: test/generated-wrappers/test_native_order_sampler.ts\nProcessing: TwoHopSampler...\nCreated: test/generated-wrappers/two_hop_sampler.ts\nProcessing: UniswapSampler...\nCreated: test/generated-wrappers/uniswap_sampler.ts\nProcessing: UniswapV2Sampler...\nCreated: test/generated-wrappers/uniswap_v2_sampler.ts\nProcessing: UniswapV3Sampler...\nCreated: test/generated-wrappers/uniswap_v3_sampler.ts\nProcessing: UtilitySampler...\nCreated: test/generated-wrappers/utility_sampler.ts\nProcessing: VelodromeSampler...\nCreated: test/generated-wrappers/velodrome_sampler.ts\nProcessing: WooPPSampler...\nCreated: test/generated-wrappers/woo_p_p_sampler.ts\n$ contracts-gen copy\nDone in 53.90s.\nRemoving intermediate container 2d71eac298e9\n ---> 4cc231f462e5\nStep 11/12 : EXPOSE 3000\n ---> Running in 9f631ada19ba\nRemoving intermediate container 9f631ada19ba\n ---> dbbc3be6293c\nStep 12/12 : CMD [ \"node\", \"lib/src/index.js\" ]\n ---> Running in d8d7a3d04343\nRemoving intermediate container d8d7a3d04343\n ---> c936ce8682fe\nSuccessfully built c936ce8682fe\nSuccessfully tagged 0x-api:latest\n","stderr":"","imageSize":1196421637},"endTime":1672499211367}