{"repository":"https://github.com/mh-cad/vistarsier","dockerfilePath":"Dockerfile","startTime":1672946342298,"endTime":1672946784478,"clone":{"startTime":1672946342299,"stdout":"","stderr":"Cloning into '/tmp/dinghy-analysis/mh-cad/vistarsier'...\n","error":null,"endTime":1672946345324,"commit":"7b74a5870fd358d2ab96dfe47ecdf2e09545f8c4"},"originalBuild":{"startTime":1672946345405,"endTime":1672946784394,"error":{"code":2,"killed":false,"signal":null,"cmd":"docker build --no-cache --force-rm -t vistarsier:latest -f /tmp/dinghy-analysis/mh-cad/vistarsier/Dockerfile ."},"stdout":"Sending build context to Docker daemon  89.56MB\r\r\nStep 1/29 : FROM debian:buster\nbuster: Pulling from library/debian\nc7c50787e2da: Already exists\nDigest: sha256:a3b7e971fef3e488479afd0a8387b35bed4c55891a1597d64a8fc6494d61d798\nStatus: Downloaded newer image for debian:buster\n ---> 53906583a002\nStep 2/29 : FROM python:3.7-buster\n3.7-buster: Pulling from library/python\nc7c50787e2da: Already exists\naff359114acb: Already exists\n821dc261e045: Already exists\n3790459d63d5: Already exists\nc09b016fff62: Already exists\n6aa81cf5366e: Pulling fs layer\ne0db39f82eb8: Pulling fs layer\n46342603aaef: Pulling fs layer\n317feb3717d1: Pulling fs layer\n317feb3717d1: Waiting\n46342603aaef: Download complete\n6aa81cf5366e: Verifying Checksum\n6aa81cf5366e: Download complete\n317feb3717d1: Verifying Checksum\n317feb3717d1: Download complete\n6aa81cf5366e: Pull complete\ne0db39f82eb8: Verifying Checksum\ne0db39f82eb8: Download complete\ne0db39f82eb8: Pull complete\n46342603aaef: Pull complete\n317feb3717d1: Pull complete\nDigest: sha256:e3640f2047f6daad8a67118db4ce406b31321d5d36e0962e7c38b7c64e7918f4\nStatus: Downloaded newer image for python:3.7-buster\n ---> c98b2be474db\nStep 3/29 : RUN echo 'deb http://deb.debian.org/debian buster main contrib non-free' >> /etc/apt/sources.list && cat /etc/apt/sources.list\n ---> Running in cb59886f08f6\n# deb http://snapshot.debian.org/archive/debian/20221219T000000Z buster main\ndeb http://deb.debian.org/debian buster main\n# deb http://snapshot.debian.org/archive/debian-security/20221219T000000Z buster/updates main\ndeb http://deb.debian.org/debian-security buster/updates main\n# deb http://snapshot.debian.org/archive/debian/20221219T000000Z buster-updates main\ndeb http://deb.debian.org/debian buster-updates main\ndeb http://deb.debian.org/debian buster main contrib non-free\nRemoving intermediate container cb59886f08f6\n ---> dc599445e8cd\nStep 4/29 : RUN apt-get update -qq     && apt-get install -y -q --no-install-recommends            apt-utils            bzip2            ca-certificates            curl            locales            unzip            git            cmake     && apt-get clean\n ---> Running in 734e12767ed2\n\u001b[91mW: Target Packages (main/binary-amd64/Packages) is configured multiple times in /etc/apt/sources.list:2 and /etc/apt/sources.list:7\nW: Target Packages (main/binary-all/Packages) is configured multiple times in /etc/apt/sources.list:2 and /etc/apt/sources.list:7\nW: Target Packages (main/binary-amd64/Packages) is configured multiple times in /etc/apt/sources.list:2 and /etc/apt/sources.list:7\nW: Target Packages (main/binary-all/Packages) is configured multiple times in /etc/apt/sources.list:2 and /etc/apt/sources.list:7\n\u001b[0mReading package lists...\nBuilding dependency tree...\nReading state information...\nca-certificates is already the newest version (20200601~deb10u2).\nbzip2 is already the newest version (1.0.6-9.2~deb10u2).\ncurl is already the newest version (7.64.0-4+deb10u3).\ngit is already the newest version (1:2.20.1-2+deb10u6).\nunzip is already the newest version (6.0-23+deb10u3).\nThe following additional packages will be installed:\n  cmake-data libapt-inst2.0 libarchive13 libc-l10n libjsoncpp1 librhash0\n  libuv1\nSuggested packages:\n  cmake-doc ninja-build lrzip\nThe following NEW packages will be installed:\n  apt-utils cmake cmake-data libapt-inst2.0 libarchive13 libc-l10n libjsoncpp1\n  librhash0 libuv1 locales\n0 upgraded, 10 newly installed, 0 to remove and 2 not upgraded.\nNeed to get 11.1 MB of archives.\nAfter this operation, 49.4 MB of additional disk space will be used.\nGet:1 http://deb.debian.org/debian buster/main amd64 libapt-inst2.0 amd64 1.8.2.3 [204 kB]\nGet:2 http://deb.debian.org/debian buster/main amd64 apt-utils amd64 1.8.2.3 [421 kB]\nGet:3 http://deb.debian.org/debian-security buster/updates/main amd64 libc-l10n all 2.28-10+deb10u2 [846 kB]\nGet:4 http://deb.debian.org/debian-security buster/updates/main amd64 locales all 2.28-10+deb10u2 [4058 kB]\nGet:5 http://deb.debian.org/debian buster/main amd64 cmake-data all 3.13.4-1 [1476 kB]\nGet:6 http://deb.debian.org/debian-security buster/updates/main amd64 libarchive13 amd64 3.3.3-4+deb10u2 [314 kB]\nGet:7 http://deb.debian.org/debian buster/main amd64 libjsoncpp1 amd64 1.7.4-3 [75.6 kB]\nGet:8 http://deb.debian.org/debian buster/main amd64 librhash0 amd64 1.3.8-1 [122 kB]\nGet:9 http://deb.debian.org/debian buster/main amd64 libuv1 amd64 1.24.1-1+deb10u1 [110 kB]\nGet:10 http://deb.debian.org/debian buster/main amd64 cmake amd64 3.13.4-1 [3480 kB]\n\u001b[91mdebconf: delaying package configuration, since apt-utils is not installed\n\u001b[0mFetched 11.1 MB in 0s (80.6 MB/s)\nSelecting previously unselected package libapt-inst2.0:amd64.\r\n(Reading database ... \r(Reading database ... 5%\r(Reading database ... 10%\r(Reading database ... 15%\r(Reading database ... 20%\r(Reading database ... 25%\r(Reading database ... 30%\r(Reading database ... 35%\r(Reading database ... 40%\r(Reading database ... 45%\r(Reading database ... 50%\r(Reading database ... 55%\r(Reading database ... 60%\r(Reading database ... 65%\r(Reading database ... 70%\r(Reading database ... 75%\r(Reading database ... 80%\r(Reading database ... 85%\r(Reading database ... 90%\r(Reading database ... 95%\r(Reading database ... 100%\r(Reading database ... 24611 files and directories currently installed.)\r\nPreparing to unpack .../0-libapt-inst2.0_1.8.2.3_amd64.deb ...\r\nUnpacking libapt-inst2.0:amd64 (1.8.2.3) ...\r\nSelecting previously unselected package apt-utils.\r\nPreparing to unpack .../1-apt-utils_1.8.2.3_amd64.deb ...\r\nUnpacking apt-utils (1.8.2.3) ...\r\nSelecting previously unselected package libc-l10n.\r\nPreparing to unpack .../2-libc-l10n_2.28-10+deb10u2_all.deb ...\r\nUnpacking libc-l10n (2.28-10+deb10u2) ...\r\nSelecting previously unselected package locales.\r\nPreparing to unpack .../3-locales_2.28-10+deb10u2_all.deb ...\r\nUnpacking locales (2.28-10+deb10u2) ...\r\nSelecting previously unselected package cmake-data.\r\nPreparing to unpack .../4-cmake-data_3.13.4-1_all.deb ...\r\nUnpacking cmake-data (3.13.4-1) ...\r\nSelecting previously unselected package libarchive13:amd64.\r\nPreparing to unpack .../5-libarchive13_3.3.3-4+deb10u2_amd64.deb ...\r\nUnpacking libarchive13:amd64 (3.3.3-4+deb10u2) ...\r\nSelecting previously unselected package libjsoncpp1:amd64.\r\nPreparing to unpack .../6-libjsoncpp1_1.7.4-3_amd64.deb ...\r\nUnpacking libjsoncpp1:amd64 (1.7.4-3) ...\r\nSelecting previously unselected package librhash0:amd64.\r\nPreparing to unpack .../7-librhash0_1.3.8-1_amd64.deb ...\r\nUnpacking librhash0:amd64 (1.3.8-1) ...\r\nSelecting previously unselected package libuv1:amd64.\r\nPreparing to unpack .../8-libuv1_1.24.1-1+deb10u1_amd64.deb ...\r\nUnpacking libuv1:amd64 (1.24.1-1+deb10u1) ...\r\nSelecting previously unselected package cmake.\r\nPreparing to unpack .../9-cmake_3.13.4-1_amd64.deb ...\r\nUnpacking cmake (3.13.4-1) ...\r\nSetting up libc-l10n (2.28-10+deb10u2) ...\r\nSetting up libarchive13:amd64 (3.3.3-4+deb10u2) ...\r\nSetting up libapt-inst2.0:amd64 (1.8.2.3) ...\r\nSetting up locales (2.28-10+deb10u2) ...\r\ndebconf: unable to initialize frontend: Dialog\r\ndebconf: (TERM is not set, so the dialog frontend is not usable.)\r\ndebconf: falling back to frontend: Readline\r\nGenerating locales (this might take a while)...\r\nGeneration complete.\r\nSetting up libuv1:amd64 (1.24.1-1+deb10u1) ...\r\nSetting up librhash0:amd64 (1.3.8-1) ...\r\nSetting up cmake-data (3.13.4-1) ...\r\nSetting up libjsoncpp1:amd64 (1.7.4-3) ...\r\nSetting up apt-utils (1.8.2.3) ...\r\nSetting up cmake (3.13.4-1) ...\r\nProcessing triggers for libc-bin (2.28-10+deb10u2) ...\r\n\u001b[91mW: Target Packages (main/binary-amd64/Packages) is configured multiple times in /etc/apt/sources.list:2 and /etc/apt/sources.list:7\nW: Target Packages (main/binary-all/Packages) is configured multiple times in /etc/apt/sources.list:2 and /etc/apt/sources.list:7\n\u001b[0mRemoving intermediate container 734e12767ed2\n ---> c3fa1a7871ec\nStep 5/29 : ENV ANTSPATH=\"/opt/ants\"     PATH=\"/opt/ants:$PATH\"     CMAKE_INSTALL_PREFIX=$ANTSPATH\n ---> Running in 5f9d3644c936\nRemoving intermediate container 5f9d3644c936\n ---> 2fdefabf9b21\nStep 6/29 : RUN echo \"Cloning ANTs repo...\"     && mkdir ~/code     && cd ~/code     && git clone --branch v2.3.1 https://github.com/ANTsX/ANTs.git\n ---> Running in e50cd2bd1625\nCloning ANTs repo...\n\u001b[91mCloning into 'ANTs'...\n\u001b[0m\u001b[91mNote: checking out '6f403d7b204b12423ac2448e1b179a95aca27459'.\n\nYou are in 'detached HEAD' state. You can look around, make experimental\nchanges and commit them, and you can discard any commits you make in this\nstate without impacting any branches by performing another checkout.\n\nIf you want to create a new branch to retain commits you create, you may\ndo so (now or later) by using -b with the checkout command again. Example:\n\n  git checkout -b <new-branch-name>\n\n\u001b[0mRemoving intermediate container e50cd2bd1625\n ---> 40a3d0a6e0bb\nStep 7/29 : RUN echo \"Building ANTs...\"     && mkdir -p ~/bin/antsBuild     && cd ~/bin/antsBuild     && cmake ~/code/ANTs\n ---> Running in 0adcd7dcd50f\nBuilding ANTs...\n-- The C compiler identification is GNU 8.3.0\n-- The CXX compiler identification is GNU 8.3.0\n-- Check for working C compiler: /usr/bin/cc\n-- Check for working C compiler: /usr/bin/cc -- works\n-- Detecting C compiler ABI info\n-- Detecting C compiler ABI info - done\n-- Detecting C compile features\n-- Detecting C compile features - done\n-- Check for working CXX compiler: /usr/bin/c++\n-- Check for working CXX compiler: /usr/bin/c++ -- works\n-- Detecting CXX compiler ABI info\n-- Detecting CXX compiler ABI info - done\n-- Detecting CXX compile features\n-- Detecting CXX compile features - done\n-- Setting build type to 'Release' as none was specified.\n-- Performing Test C_HAS_WARNING-Wno-uninitialized\n-- Performing Test C_HAS_WARNING-Wno-uninitialized - Success\n-- Performing Test C_HAS_WARNING-Wno-unused-parameter\n-- Performing Test C_HAS_WARNING-Wno-unused-parameter - Success\n-- Performing Test C_HAS_WARNING-Wall\n-- Performing Test C_HAS_WARNING-Wall - Success\n-- Performing Test C_HAS_WARNING-Wcast-align\n-- Performing Test C_HAS_WARNING-Wcast-align - Success\n-- Performing Test C_HAS_WARNING-Wdisabled-optimization\n-- Performing Test C_HAS_WARNING-Wdisabled-optimization - Success\n-- Performing Test C_HAS_WARNING-Wextra\n-- Performing Test C_HAS_WARNING-Wextra - Success\n-- Performing Test C_HAS_WARNING-Wformat=2\n-- Performing Test C_HAS_WARNING-Wformat=2 - Success\n-- Performing Test C_HAS_WARNING-Winvalid-pch\n-- Performing Test C_HAS_WARNING-Winvalid-pch - Success\n-- Performing Test C_HAS_WARNING-Wno-format-nonliteral\n-- Performing Test C_HAS_WARNING-Wno-format-nonliteral - Success\n-- Performing Test C_HAS_WARNING-Wpointer-arith\n-- Performing Test C_HAS_WARNING-Wpointer-arith - Success\n-- Performing Test C_HAS_WARNING-Wshadow\n-- Performing Test C_HAS_WARNING-Wshadow - Success\n-- Performing Test C_HAS_WARNING-Wunused\n-- Performing Test C_HAS_WARNING-Wunused - Success\n-- Performing Test C_HAS_WARNING-Wwrite-strings\n-- Performing Test C_HAS_WARNING-Wwrite-strings - Success\n-- Performing Test C_HAS_WARNING-funit-at-a-time\n-- Performing Test C_HAS_WARNING-funit-at-a-time - Success\n-- Performing Test C_HAS_WARNING-Wno-strict-overflow\n-- Performing Test C_HAS_WARNING-Wno-strict-overflow - Success\n-- Performing Test CXX_HAS_WARNING-Wall\n-- Performing Test CXX_HAS_WARNING-Wall - Success\n-- Performing Test CXX_HAS_WARNING-Wcast-align\n-- Performing Test CXX_HAS_WARNING-Wcast-align - Success\n-- Performing Test CXX_HAS_WARNING-Wdisabled-optimization\n-- Performing Test CXX_HAS_WARNING-Wdisabled-optimization - Success\n-- Performing Test CXX_HAS_WARNING-Wextra\n-- Performing Test CXX_HAS_WARNING-Wextra - Success\n-- Performing Test CXX_HAS_WARNING-Wformat=2\n-- Performing Test CXX_HAS_WARNING-Wformat=2 - Success\n-- Performing Test CXX_HAS_WARNING-Winvalid-pch\n-- Performing Test CXX_HAS_WARNING-Winvalid-pch - Success\n-- Performing Test CXX_HAS_WARNING-Wno-format-nonliteral\n-- Performing Test CXX_HAS_WARNING-Wno-format-nonliteral - Success\n-- Performing Test CXX_HAS_WARNING-Wpointer-arith\n-- Performing Test CXX_HAS_WARNING-Wpointer-arith - Success\n-- Performing Test CXX_HAS_WARNING-Wshadow\n-- Performing Test CXX_HAS_WARNING-Wshadow - Success\n-- Performing Test CXX_HAS_WARNING-Wunused\n-- Performing Test CXX_HAS_WARNING-Wunused - Success\n-- Performing Test CXX_HAS_WARNING-Wwrite-strings\n-- Performing Test CXX_HAS_WARNING-Wwrite-strings - Success\n-- Performing Test CXX_HAS_WARNING-funit-at-a-time\n-- Performing Test CXX_HAS_WARNING-funit-at-a-time - Success\n-- Performing Test CXX_HAS_WARNING-Wno-strict-overflow\n-- Performing Test CXX_HAS_WARNING-Wno-strict-overflow - Success\n-- Performing Test CXX_HAS_WARNING-Wno-deprecated\n-- Performing Test CXX_HAS_WARNING-Wno-deprecated - Success\n-- Performing Test CXX_HAS_WARNING-Wno-invalid-offsetof\n-- Performing Test CXX_HAS_WARNING-Wno-invalid-offsetof - Success\n-- Performing Test CXX_HAS_WARNING-Woverloaded-virtual\n-- Performing Test CXX_HAS_WARNING-Woverloaded-virtual - Success\n-- Performing Test CXX_HAS_WARNING-Wstrict-null-sentinel\n-- Performing Test CXX_HAS_WARNING-Wstrict-null-sentinel - Success\n-- Performing Test CXX_HAS_DISABLE_OPTIMIZATION_FLAG\n-- Performing Test CXX_HAS_DISABLE_OPTIMIZATION_FLAG - Failed\n-- Found Git: /usr/bin/git (found version \"2.20.1\") \n-- SuperBuild - ANTS => Requires ITKv5, \n-- SuperBuild -   ITKv5[OK]\n-- Found ZLIB: /usr/lib/x86_64-linux-gnu/libz.so (found version \"1.2.11\") \n-- SuperBuild - ANTS[OK]\n-- Configuring done\n-- Generating done\n-- Build files have been written to: /root/bin/antsBuild\nRemoving intermediate container 0adcd7dcd50f\n ---> 3111fc3eaaf5\nStep 8/29 : RUN cd ~/bin/antsBuild/     && make\n ---> Running in 2010e5086463\nScanning dependencies of target ITKv5\n[  5%] Creating directories for 'ITKv5'\n[ 11%] Performing download step (git clone) for 'ITKv5'\n\u001b[91mCloning into 'ITKv5'...\n\u001b[0m\u001b[91mfatal: unable to connect to github.com:\ngithub.com[0: 140.82.121.4]: errno=Connection timed out\n\n\u001b[0m\u001b[91mCloning into 'ITKv5'...\n\u001b[0m\u001b[91mfatal: unable to connect to github.com:\ngithub.com[0: 140.82.121.4]: errno=Connection timed out\n\n\u001b[0m\u001b[91mCloning into 'ITKv5'...\n\u001b[0m\u001b[91mfatal: unable to connect to github.com:\ngithub.com[0: 140.82.121.4]: errno=Connection timed out\n\n\u001b[0m-- Had to git clone more than once:\n          3 times.\n\u001b[91mCMake Error at ITKv5-prefix/tmp/ITKv5-gitclone.cmake:66 (message):\n  Failed to clone repository:\n  'git://github.com/InsightSoftwareConsortium/ITK.git'\n\n\n\u001b[0m\u001b[91mmake[2]: *** [CMakeFiles/ITKv5.dir/build.make:90: ITKv5-prefix/src/ITKv5-stamp/ITKv5-download] Error 1\n\u001b[0m\u001b[91mmake[1]: *** [CMakeFiles/Makefile2:110: CMakeFiles/ITKv5.dir/all] Error 2\n\u001b[0m\u001b[91mmake: *** [Makefile:117: all] Error 2\n\u001b[0mRemoving intermediate container 2010e5086463\n","stderr":"The command '/bin/sh -c cd ~/bin/antsBuild/     && make' returned a non-zero code: 2\n"}}