{"repository":"https://github.com/drph4nt0m/avbot","dockerfilePath":"Dockerfile","startTime":1672111775902,"clone":{"stdout":"","stderr":"Cloning into '/tmp/dinghy-analysis/drph4nt0m/avbot'...\n","error":null,"commit":"5d2e31805bc34a087d51fcb62401c3eec7fbcc31"},"originalBuild":{"startTimestamp":1672111776756,"endTimestamp":1672111878163,"error":{"code":2,"killed":false,"signal":null,"cmd":"docker build --no-cache --force-rm -t avbot:latest -f /tmp/dinghy-analysis/drph4nt0m/avbot/Dockerfile ."},"stdout":"Sending build context to Docker daemon  967.2kB\r\r\nStep 1/13 : FROM node:lts-alpine as build-runner\nlts-alpine: Pulling from library/node\nDigest: sha256:a136ed7b0df71082cdb171f36d640ea3b392a5c70401c642326acee767b8c540\nStatus: Downloaded newer image for node:lts-alpine\n ---> 6d7b7852bcd3\nStep 2/13 : WORKDIR /tmp/app\n ---> Running in 1e3ca55d4d26\nRemoving intermediate container 1e3ca55d4d26\n ---> 2f5bf38f1b74\nStep 3/13 : COPY package.json .\n ---> faa4208a9a97\nStep 4/13 : RUN npm install\n ---> Running in c7d8a1e431d6\n\u001b[91mnpm WARN deprecated har-validator@5.1.5: this library is no longer supported\n\u001b[0m\u001b[91mnpm WARN deprecated request@2.88.2: request has been deprecated, see https://github.com/request/request/issues/3142\n\u001b[0m\u001b[91mnpm WARN deprecated uuid@3.4.0: Please upgrade  to version 7 or higher.  Older versions may use Math.random() in certain circumstances, which is known to be problematic.  See https://v8.dev/blog/math-random for details.\n\u001b[0m\nadded 545 packages, and audited 546 packages in 49s\n\n90 packages are looking for funding\n  run `npm fund` for details\n\nfound 0 vulnerabilities\n\u001b[91mnpm notice \nnpm notice New major version of npm available! 8.19.2 -> 9.2.0\nnpm notice Changelog: <https://github.com/npm/cli/releases/tag/v9.2.0>\nnpm notice\u001b[0m\u001b[91m Run `npm install -g npm@9.2.0` to update!\nnpm notice \n\u001b[0mRemoving intermediate container c7d8a1e431d6\n ---> 882d63dbc054\nStep 5/13 : COPY src ./src\n ---> 44f812c5da32\nStep 6/13 : COPY tsconfig.json   .\n ---> e60ed3af8b46\nStep 7/13 : RUN npm run build\n ---> Running in 9a89a9da154f\n\n> avbot@4.0.0 build\n> tsc\n\nsrc/commands/Atis.ts(19,13): error TS2769: No overload matches this call.\n  Overload 1 of 3, '(name: VName<string>): ClassMethodDecorator', gave the following error.\n    Argument of type '{ name: string; }' is not assignable to parameter of type 'VName<string>'.\n      Type '{ name: string; }' is not assignable to type 'string'.\n  Overload 2 of 3, '(options: SlashGroupOptions<\"atis\", string, VName<string>>): ClassDecoratorEx', gave the following error.\n    Argument of type '{ name: \"atis\"; }' is not assignable to parameter of type 'SlashGroupOptions<\"atis\", string, VName<string>>'.\n      Type '{ name: \"atis\"; }' is not assignable to type 'SlashGroupSubRoot<\"atis\", string, VName<string>>'.\n        Property 'description' is missing in type '{ name: \"atis\"; }' but required in type 'SlashGroupBase<\"atis\", string>'.\nsrc/commands/Flight.ts(43,22): error TS2345: Argument of type '{ name: \"call-sign\"; description: \"What call sign would you like the bot to give information for?\"; required: true; }' is not assignable to parameter of type 'SlashOptionOptions<\"call-sign\", \"What call sign would you like the bot to give information for?\">'.\n  Type '{ name: \"call-sign\"; description: \"What call sign would you like the bot to give information for?\"; required: true; }' is not assignable to type 'SlashOptionAutoCompleteOptions<\"call-sign\", \"What call sign would you like the bot to give information for?\">'.\n    Property 'type' is missing in type '{ name: \"call-sign\"; description: \"What call sign would you like the bot to give information for?\"; required: true; }' but required in type '{ autocomplete?: SlashAutoCompleteOption; type: ApplicationCommandOptionType.String | ApplicationCommandOptionType.Integer | ApplicationCommandOptionType.Number; }'.\nsrc/commands/Metar.ts(36,22): error TS2345: Argument of type '{ name: \"raw-only\"; description: \"Gives you only the raw METAR for the chosen airport\"; required: false; }' is not assignable to parameter of type 'SlashOptionOptions<\"raw-only\", \"Gives you only the raw METAR for the chosen airport\">'.\n  Type '{ name: \"raw-only\"; description: \"Gives you only the raw METAR for the chosen airport\"; required: false; }' is not assignable to type 'SlashOptionAutoCompleteOptions<\"raw-only\", \"Gives you only the raw METAR for the chosen airport\">'.\n    Property 'type' is missing in type '{ name: \"raw-only\"; description: \"Gives you only the raw METAR for the chosen airport\"; required: false; }' but required in type '{ autocomplete?: SlashAutoCompleteOption; type: ApplicationCommandOptionType.String | ApplicationCommandOptionType.Integer | ApplicationCommandOptionType.Number; }'.\nsrc/commands/Notam.ts(38,22): error TS2345: Argument of type '{ name: \"upcoming\"; description: \"Do you also want to get upcoming NOTAMs?\"; required: false; }' is not assignable to parameter of type 'SlashOptionOptions<\"upcoming\", \"Do you also want to get upcoming NOTAMs?\">'.\n  Type '{ name: \"upcoming\"; description: \"Do you also want to get upcoming NOTAMs?\"; required: false; }' is not assignable to type 'SlashOptionAutoCompleteOptions<\"upcoming\", \"Do you also want to get upcoming NOTAMs?\">'.\n    Property 'type' is missing in type '{ name: \"upcoming\"; description: \"Do you also want to get upcoming NOTAMs?\"; required: false; }' but required in type '{ autocomplete?: SlashAutoCompleteOption; type: ApplicationCommandOptionType.String | ApplicationCommandOptionType.Integer | ApplicationCommandOptionType.Number; }'.\nsrc/commands/Taf.ts(37,22): error TS2345: Argument of type '{ name: \"raw-only\"; description: \"Gives you only the raw TAF for the chosen airport\"; required: false; }' is not assignable to parameter of type 'SlashOptionOptions<\"raw-only\", \"Gives you only the raw TAF for the chosen airport\">'.\n  Type '{ name: \"raw-only\"; description: \"Gives you only the raw TAF for the chosen airport\"; required: false; }' is not assignable to type 'SlashOptionAutoCompleteOptions<\"raw-only\", \"Gives you only the raw TAF for the chosen airport\">'.\n    Property 'type' is missing in type '{ name: \"raw-only\"; description: \"Gives you only the raw TAF for the chosen airport\"; required: false; }' but required in type '{ autocomplete?: SlashAutoCompleteOption; type: ApplicationCommandOptionType.String | ApplicationCommandOptionType.Integer | ApplicationCommandOptionType.Number; }'.\nsrc/commands/Time.ts(19,13): error TS2769: No overload matches this call.\n  Overload 1 of 3, '(name: VName<string>): ClassMethodDecorator', gave the following error.\n    Argument of type '{ name: string; }' is not assignable to parameter of type 'VName<string>'.\n      Type '{ name: string; }' is not assignable to type 'string'.\n  Overload 2 of 3, '(options: SlashGroupOptions<\"time\", string, VName<string>>): ClassDecoratorEx', gave the following error.\n    Argument of type '{ name: \"time\"; }' is not assignable to parameter of type 'SlashGroupOptions<\"time\", string, VName<string>>'.\n      Type '{ name: \"time\"; }' is not assignable to type 'SlashGroupSubRoot<\"time\", string, VName<string>>'.\n        Property 'description' is missing in type '{ name: \"time\"; }' but required in type 'SlashGroupBase<\"time\", string>'.\nsrc/commands/Time.ts(81,22): error TS2345: Argument of type '{ name: \"time\"; description: \"Enter local or zulu time as defined by your previous choices (\\\"HHmm\\\" format)\"; required: true; }' is not assignable to parameter of type 'SlashOptionOptions<\"time\", \"Enter local or zulu time as defined by your previous choices (\\\"HHmm\\\" format)\">'.\n  Type '{ name: \"time\"; description: \"Enter local or zulu time as defined by your previous choices (\\\"HHmm\\\" format)\"; required: true; }' is not assignable to type 'SlashOptionAutoCompleteOptions<\"time\", \"Enter local or zulu time as defined by your previous choices (\\\"HHmm\\\" format)\">'.\n    Property 'type' is missing in type '{ name: \"time\"; description: \"Enter local or zulu time as defined by your previous choices (\\\"HHmm\\\" format)\"; required: true; }' but required in type '{ autocomplete?: SlashAutoCompleteOption; type: ApplicationCommandOptionType.String | ApplicationCommandOptionType.Integer | ApplicationCommandOptionType.Number; }'.\nsrc/events/OnReady.ts(27,17): error TS2345: Argument of type '{ log: boolean; }' is not assignable to parameter of type 'InitCommandOptions'.\n  Object literal may only specify known properties, and 'log' does not exist in type 'InitCommandOptions'.\nRemoving intermediate container 9a89a9da154f\n","stderr":"The command '/bin/sh -c npm run build' returned a non-zero code: 2\n"},"endTime":1672111878261}