{"repository":"https://github.com/bilive/bilive_client","dockerfilePath":"Dockerfile","startTime":1672912654848,"endTime":1672912681690,"clone":{"startTime":1672912655256,"stdout":"","stderr":"Cloning into '/tmp/dinghy-analysis/bilive/bilive_client'...\n","error":null,"endTime":1672912656147,"commit":"2873de0532c54832f5464a4c57325ad9af8b8698"},"originalBuild":{"startTime":1672912656723,"endTime":1672912681547,"error":{"code":2,"killed":false,"signal":null,"cmd":"docker build --no-cache --force-rm -t bilive_client:latest -f /tmp/dinghy-analysis/bilive/bilive_client/Dockerfile ."},"stdout":"Sending build context to Docker daemon  591.4kB\r\r\nStep 1/6 : FROM node:14-alpine\n ---> fb7170aa2b9b\nStep 2/6 : WORKDIR /app\n ---> Running in eaea5b293dd7\nRemoving intermediate container eaea5b293dd7\n ---> 7232fe57b586\nStep 3/6 : COPY . /app\n ---> 62d7ba71491a\nStep 4/6 : RUN npm install && npm run build\n ---> Running in 776f4a01c4fd\n\u001b[91mnpm WARN deprecated popper.js@1.16.1: You can find the new Popper v2 at @popperjs/core, this package is dedicated to the legacy v1\n\u001b[0m\u001b[91mnpm notice\u001b[0m\u001b[91m created a lockfile as package-lock.json. You should commit this file.\n\u001b[0m\u001b[91mnpm WARN\u001b[0m\u001b[91m bilive_client@4.0.0 No repository field.\n\u001b[0m\u001b[91m\n\u001b[0madded 57 packages from 124 contributors and audited 58 packages in 3.505s\n\n10 packages are looking for funding\n  run `npm fund` for details\n\nfound 0 vulnerabilities\n\n\n> bilive_client@4.0.0 build /app\n> npm run build:client && npm run build:view\n\n\n> bilive_client@4.0.0 build:client /app\n> tsc -p tsconfig.json && npm-run-posix-or-windows copy:client\n\nbilive/webapi.ts(111,43): error TS2345: Argument of type 'Duplex' is not assignable to parameter of type 'Socket'.\n  Type 'Duplex' is missing the following properties from type 'Socket': connect, setTimeout, setNoDelay, setKeepAlive, and 9 more.\nnode_modules/@types/node/globals.d.ts(347,13): error TS2403: Subsequent variable declarations must have the same type.  Variable 'AbortSignal' must be of type '{ new (): AbortSignal; prototype: AbortSignal; abort(reason?: any): AbortSignal; timeout(milliseconds: number): AbortSignal; }', but here has type '{ new (): AbortSignal; prototype: AbortSignal; }'.\n\u001b[91mnpm\u001b[0m\u001b[91m \u001b[0m\u001b[91mERR! \u001b[0m\u001b[91mcode\u001b[0m\u001b[91m ELIFECYCLE\n\u001b[0m\u001b[91mnpm\u001b[0m\u001b[91m \u001b[0m\u001b[91mERR! errno 2\n\u001b[0m\u001b[91mnpm ERR!\u001b[0m\u001b[91m bilive_client@4.0.0 build:client: `tsc -p tsconfig.json && npm-run-posix-or-windows copy:client`\nnpm\u001b[0m\u001b[91m \u001b[0m\u001b[91mERR!\u001b[0m\u001b[91m Exit status 2\n\u001b[0m\u001b[91mnpm \u001b[0m\u001b[91mERR!\u001b[0m\u001b[91m \nnpm ERR!\u001b[0m\u001b[91m Failed at the bilive_client@4.0.0 build:client script.\nnpm ERR!\u001b[0m\u001b[91m This is probably not a problem with npm. There is likely additional logging output above.\n\u001b[0m\u001b[91m\n\u001b[0m\u001b[91mnpm\u001b[0m\u001b[91m ERR!\u001b[0m\u001b[91m A complete log of this run can be found in:\nnpm\u001b[0m\u001b[91m \u001b[0m\u001b[91mERR!\u001b[0m\u001b[91m     /root/.npm/_logs/2023-01-05T09_57_48_687Z-debug.log\n\u001b[0m\u001b[91mnpm\u001b[0m\u001b[91m \u001b[0m\u001b[91mERR! \u001b[0m\u001b[91mcode ELIFECYCLE\n\u001b[0m\u001b[91mnpm\u001b[0m\u001b[91m \u001b[0m\u001b[91mERR! \u001b[0m\u001b[91merrno\u001b[0m\u001b[91m 2\n\u001b[0m\u001b[91mnpm ERR!\u001b[0m\u001b[91m bilive_client@4.0.0 build: `npm run build:client && npm run build:view`\nnpm \u001b[0m\u001b[91mERR!\u001b[0m\u001b[91m Exit status 2\n\u001b[0m\u001b[91mnpm\u001b[0m\u001b[91m ERR!\u001b[0m\u001b[91m \nnpm \u001b[0m\u001b[91mERR!\u001b[0m\u001b[91m Failed at the bilive_client@4.0.0 build script.\nnpm ERR!\u001b[0m\u001b[91m This is probably not a problem with npm. There is likely additional logging output above.\n\u001b[0m\u001b[91m\n\u001b[0m\u001b[91mnpm ERR!\u001b[0m\u001b[91m A complete log of this run can be found in:\nnpm \u001b[0m\u001b[91mERR!\u001b[0m\u001b[91m     /root/.npm/_logs/2023-01-05T09_57_48_739Z-debug.log\n\u001b[0mRemoving intermediate container 776f4a01c4fd\n","stderr":"The command '/bin/sh -c npm install && npm run build' returned a non-zero code: 2\n"}}