{"repository":"https://github.com/ikus060/rdiffweb","dockerfilePath":"Dockerfile","startTime":1672962147265,"endTime":1672963483057,"clone":{"startTime":1672962147266,"stdout":"","stderr":"Cloning into '/tmp/dinghy-analysis/ikus060/rdiffweb'...\n","error":null,"endTime":1672962149783,"commit":"70c1de694f1f93efa494f29115b33857aa496e8d"},"originalBuild":{"startTime":1672962149866,"endTime":1672963482986,"error":{"code":1,"killed":false,"signal":null,"cmd":"docker build --no-cache --force-rm -t rdiffweb:latest -f /tmp/dinghy-analysis/ikus060/rdiffweb/Dockerfile ."},"stdout":"Sending build context to Docker daemon   14.5MB\r\r\nStep 1/9 : FROM python:3.10-bullseye\n3.10-bullseye: Pulling from library/python\n32de3c850997: Already exists\nfa1d4c8d85a4: Already exists\nc796299bbbdd: Already exists\n81283a9569ad: Already exists\n60b38700e7fb: Already exists\n0f67f32c26d3: Already exists\n3dd123b388af: Pulling fs layer\n486bcd00fb03: Pulling fs layer\n8cc4d42c9476: Pulling fs layer\n486bcd00fb03: Download complete\n8cc4d42c9476: Verifying Checksum\n8cc4d42c9476: Download complete\n3dd123b388af: Verifying Checksum\n3dd123b388af: Download complete\n3dd123b388af: Pull complete\n486bcd00fb03: Pull complete\n8cc4d42c9476: Pull complete\nDigest: sha256:e29d26090d182598cb33342d854042c6781808f55f1b4ff6c94ccd88da5495a4\nStatus: Downloaded newer image for python:3.10-bullseye\n ---> 3aae3bded9cf\nStep 2/9 : LABEL author=\"Patrik Dufresne <patrik@ikus-soft.com>\"\n ---> Running in 6c4b1631270c\nRemoving intermediate container 6c4b1631270c\n ---> a78cfd5bd5df\nStep 3/9 : EXPOSE 8080\n ---> Running in eeccaa5fa8ed\nRemoving intermediate container eeccaa5fa8ed\n ---> 177d8c9b9c3e\nStep 4/9 : VOLUME [\"/etc/rdiffweb\", \"/backups\"]\n ---> Running in ce04e9c7ed0e\nRemoving intermediate container ce04e9c7ed0e\n ---> ea5a7a16c115\nStep 5/9 : ENV RDIFFWEB_SERVER_HOST=0.0.0.0\n ---> Running in 7e915d02bb42\nRemoving intermediate container 7e915d02bb42\n ---> efb953bd70a9\nStep 6/9 : RUN set -x;   apt -y update &&   apt install -y --no-install-recommends librsync-dev python3-pyxattr python3-pylibacl &&   rm -Rf /var/lib/apt/lists/*\n ---> Running in aef8d524531d\n\u001b[91m+ apt -y update\n\u001b[0m\u001b[91m\nWARNING: apt does not have a stable CLI interface. Use with caution in scripts.\n\n\u001b[0mGet:1 http://deb.debian.org/debian bullseye InRelease [116 kB]\nGet:2 http://deb.debian.org/debian-security bullseye-security InRelease [48.4 kB]\nGet:3 http://deb.debian.org/debian bullseye-updates InRelease [44.1 kB]\nGet:4 http://deb.debian.org/debian bullseye/main amd64 Packages [8183 kB]\nGet:5 http://deb.debian.org/debian-security bullseye-security/main amd64 Packages [210 kB]\nGet:6 http://deb.debian.org/debian bullseye-updates/main amd64 Packages [14.6 kB]\nFetched 8616 kB in 1s (6575 kB/s)\nReading package lists...\nBuilding dependency tree...\nReading state information...\n1 package can be upgraded. Run 'apt list --upgradable' to see it.\n\u001b[91m+ apt install -y --no-install-recommends librsync-dev python3-pyxattr python3-pylibacl\n\u001b[0m\u001b[91m\nWARNING: apt does not have a stable CLI interface. Use with caution in scripts.\n\n\u001b[0mReading package lists...\nBuilding dependency tree...\nReading state information...\nThe following additional packages will be installed:\n  libb2-1 libpopt-dev libpopt0 librsync2\nSuggested packages:\n  python3-pylibacl-dbg python-pylibacl-doc python3-pyxattr-dbg\n  python-pyxattr-doc\nThe following NEW packages will be installed:\n  libb2-1 libpopt-dev libpopt0 librsync-dev librsync2 python3-pylibacl\n  python3-pyxattr\n0 upgraded, 7 newly installed, 0 to remove and 1 not upgraded.\nNeed to get 237 kB of archives.\nAfter this operation, 814 kB of additional disk space will be used.\nGet:1 http://deb.debian.org/debian bullseye/main amd64 libb2-1 amd64 0.98.1-1.1 [40.9 kB]\nGet:2 http://deb.debian.org/debian bullseye/main amd64 libpopt0 amd64 1.18-2 [49.6 kB]\nGet:3 http://deb.debian.org/debian bullseye/main amd64 libpopt-dev amd64 1.18-2 [55.1 kB]\nGet:4 http://deb.debian.org/debian bullseye/main amd64 librsync2 amd64 2.3.1-1 [38.0 kB]\nGet:5 http://deb.debian.org/debian bullseye/main amd64 librsync-dev amd64 2.3.1-1 [13.4 kB]\nGet:6 http://deb.debian.org/debian bullseye/main amd64 python3-pylibacl amd64 0.6.0-1+b1 [21.5 kB]\nGet:7 http://deb.debian.org/debian bullseye/main amd64 python3-pyxattr amd64 0.7.2-1+b1 [18.2 kB]\n\u001b[91mdebconf: delaying package configuration, since apt-utils is not installed\n\u001b[0mFetched 237 kB in 0s (3273 kB/s)\nSelecting previously unselected package libb2-1:amd64.\r\n(Reading database ... \r(Reading database ... 5%\r(Reading database ... 10%\r(Reading database ... 15%\r(Reading database ... 20%\r(Reading database ... 25%\r(Reading database ... 30%\r(Reading database ... 35%\r(Reading database ... 40%\r(Reading database ... 45%\r(Reading database ... 50%\r(Reading database ... 55%\r(Reading database ... 60%\r(Reading database ... 65%\r(Reading database ... 70%\r(Reading database ... 75%\r(Reading database ... 80%\r(Reading database ... 85%\r(Reading database ... 90%\r(Reading database ... 95%\r(Reading database ... 100%\r(Reading database ... 23422 files and directories currently installed.)\r\nPreparing to unpack .../0-libb2-1_0.98.1-1.1_amd64.deb ...\r\nUnpacking libb2-1:amd64 (0.98.1-1.1) ...\r\nSelecting previously unselected package libpopt0:amd64.\r\nPreparing to unpack .../1-libpopt0_1.18-2_amd64.deb ...\r\nUnpacking libpopt0:amd64 (1.18-2) ...\r\nSelecting previously unselected package libpopt-dev:amd64.\r\nPreparing to unpack .../2-libpopt-dev_1.18-2_amd64.deb ...\r\nUnpacking libpopt-dev:amd64 (1.18-2) ...\r\nSelecting previously unselected package librsync2:amd64.\r\nPreparing to unpack .../3-librsync2_2.3.1-1_amd64.deb ...\r\nUnpacking librsync2:amd64 (2.3.1-1) ...\r\nSelecting previously unselected package librsync-dev.\r\nPreparing to unpack .../4-librsync-dev_2.3.1-1_amd64.deb ...\r\nUnpacking librsync-dev (2.3.1-1) ...\r\nSelecting previously unselected package python3-pylibacl:amd64.\r\nPreparing to unpack .../5-python3-pylibacl_0.6.0-1+b1_amd64.deb ...\r\nUnpacking python3-pylibacl:amd64 (0.6.0-1+b1) ...\r\nSelecting previously unselected package python3-pyxattr:amd64.\r\nPreparing to unpack .../6-python3-pyxattr_0.7.2-1+b1_amd64.deb ...\r\nUnpacking python3-pyxattr:amd64 (0.7.2-1+b1) ...\r\nSetting up libb2-1:amd64 (0.98.1-1.1) ...\r\nSetting up python3-pylibacl:amd64 (0.6.0-1+b1) ...\r\nSetting up librsync2:amd64 (2.3.1-1) ...\r\nSetting up libpopt0:amd64 (1.18-2) ...\r\nSetting up python3-pyxattr:amd64 (0.7.2-1+b1) ...\r\nSetting up libpopt-dev:amd64 (1.18-2) ...\r\nSetting up librsync-dev (2.3.1-1) ...\r\nProcessing triggers for libc-bin (2.31-13+deb11u5) ...\r\n\u001b[91m+ rm -Rf /var/lib/apt/lists/auxfiles /var/lib/apt/lists/deb.debian.org_debian-security_dists_bullseye-security_InRelease /var/lib/apt/lists/deb.debian.org_debian-security_dists_bullseye-security_main_binary-amd64_Packages.lz4 /var/lib/apt/lists/deb.debian.org_debian_dists_bullseye-updates_InRelease /var/lib/apt/lists/deb.debian.org_debian_dists_bullseye-updates_main_binary-amd64_Packages.lz4 /var/lib/apt/lists/deb.debian.org_debian_dists_bullseye_InRelease /var/lib/apt/lists/deb.debian.org_debian_dists_bullseye_main_binary-amd64_Packages.lz4 /var/lib/apt/lists/lock /var/lib/apt/lists/partial\n\u001b[0mRemoving intermediate container aef8d524531d\n ---> bd006a8b2903\nStep 7/9 : COPY . /tmp/rdiffweb/\n ---> 3b0776fb334f\nStep 8/9 : RUN set -x;   cd /tmp/rdiffweb/ &&   pip3 install rdiff-backup==2.0.5 pytest &&   pip3 install . \".[test]\" &&   pytest &&   pip3 uninstall -y pytest &&   rm -Rf /root/.cache /tmp/* /var/log/*\n ---> Running in a7144ad11f35\n\u001b[91m+ cd /tmp/rdiffweb/\n+ pip3 install rdiff-backup==2.0.5 pytest\n\u001b[0mCollecting rdiff-backup==2.0.5\n  Downloading rdiff-backup-2.0.5.tar.gz (456 kB)\n     ━━━━━━━━━━━━━━━━━━━━━━━━━━━━━━━━━━━━━━ 456.1/456.1 kB 24.6 MB/s eta 0:00:00\n  Preparing metadata (setup.py): started\n  Preparing metadata (setup.py): finished with status 'done'\nCollecting pytest\n  Downloading pytest-7.2.0-py3-none-any.whl (316 kB)\n     ━━━━━━━━━━━━━━━━━━━━━━━━━━━━━━━━━━━━━━ 316.8/316.8 kB 26.6 MB/s eta 0:00:00\nRequirement already satisfied: setuptools in /usr/local/lib/python3.10/site-packages (from rdiff-backup==2.0.5) (65.5.0)\nCollecting exceptiongroup>=1.0.0rc8\n  Downloading exceptiongroup-1.1.0-py3-none-any.whl (14 kB)\nCollecting attrs>=19.2.0\n  Downloading attrs-22.2.0-py3-none-any.whl (60 kB)\n     ━━━━━━━━━━━━━━━━━━━━━━━━━━━━━━━━━━━━━━━━ 60.0/60.0 kB 2.8 MB/s eta 0:00:00\nCollecting packaging\n  Using cached packaging-22.0-py3-none-any.whl (42 kB)\nCollecting iniconfig\n  Downloading iniconfig-1.1.1-py2.py3-none-any.whl (5.0 kB)\nCollecting tomli>=1.0.0\n  Using cached tomli-2.0.1-py3-none-any.whl (12 kB)\nCollecting pluggy<2.0,>=0.12\n  Downloading pluggy-1.0.0-py2.py3-none-any.whl (13 kB)\nBuilding wheels for collected packages: rdiff-backup\n  Building wheel for rdiff-backup (setup.py): started\n  Building wheel for rdiff-backup (setup.py): finished with status 'done'\n  Created wheel for rdiff-backup: filename=rdiff_backup-2.0.5-cp310-cp310-linux_x86_64.whl size=290204 sha256=46a0a088519049c4cdafe3da00a1d87ffb80f65d874b96832e9605cbbd8cc582\n  Stored in directory: /root/.cache/pip/wheels/d0/07/de/91676442cf330b40a7b5657c0750ddd001d12157b8439a9a31\nSuccessfully built rdiff-backup\nInstalling collected packages: iniconfig, tomli, rdiff-backup, pluggy, packaging, exceptiongroup, attrs, pytest\nSuccessfully installed attrs-22.2.0 exceptiongroup-1.1.0 iniconfig-1.1.1 packaging-22.0 pluggy-1.0.0 pytest-7.2.0 rdiff-backup-2.0.5 tomli-2.0.1\n\u001b[91mWARNING: Running pip as the 'root' user can result in broken permissions and conflicting behaviour with the system package manager. It is recommended to use a virtual environment instead: https://pip.pypa.io/warnings/venv\n\u001b[0m\u001b[91m+ pip3 install . .[test]\n\u001b[0mProcessing /tmp/rdiffweb\n  Installing build dependencies: started\n  Installing build dependencies: finished with status 'done'\n  Getting requirements to build wheel: started\n  Getting requirements to build wheel: finished with status 'done'\n  Installing backend dependencies: started\n  Installing backend dependencies: finished with status 'done'\n  Preparing metadata (pyproject.toml): started\n  Preparing metadata (pyproject.toml): finished with status 'done'\nCollecting cached-property\n  Downloading cached_property-1.5.2-py2.py3-none-any.whl (7.6 kB)\nCollecting configargparse\n  Downloading ConfigArgParse-1.5.3-py3-none-any.whl (20 kB)\nCollecting WTForms\n  Downloading WTForms-3.0.1-py3-none-any.whl (136 kB)\n     ━━━━━━━━━━━━━━━━━━━━━━━━━━━━━━━━━━━━━━━ 136.5/136.5 kB 6.7 MB/s eta 0:00:00\nCollecting psutil>=2.1.1\n  Downloading psutil-5.9.4-cp36-abi3-manylinux_2_12_x86_64.manylinux2010_x86_64.manylinux_2_17_x86_64.manylinux2014_x86_64.whl (280 kB)\n     ━━━━━━━━━━━━━━━━━━━━━━━━━━━━━━━━━━━━━━ 280.2/280.2 kB 16.4 MB/s eta 0:00:00\nCollecting MarkupSafe<3\n  Downloading MarkupSafe-2.1.1-cp310-cp310-manylinux_2_17_x86_64.manylinux2014_x86_64.whl (25 kB)\nCollecting babel>=0.9.6\n  Using cached Babel-2.11.0-py3-none-any.whl (9.5 MB)\nCollecting CherryPy>=8.9.1\n  Downloading CherryPy-18.8.0-py2.py3-none-any.whl (348 kB)\n     ━━━━━━━━━━━━━━━━━━━━━━━━━━━━━━━━━━━━━━━ 348.4/348.4 kB 3.0 MB/s eta 0:00:00\nCollecting Jinja2>=2.10\n  Downloading Jinja2-3.1.2-py3-none-any.whl (133 kB)\n     ━━━━━━━━━━━━━━━━━━━━━━━━━━━━━━━━━━━━━━━ 133.1/133.1 kB 1.8 MB/s eta 0:00:00\nCollecting argon2-cffi>=18.3.0\n  Downloading argon2_cffi-21.3.0-py3-none-any.whl (14 kB)\nCollecting ldap3\n  Downloading ldap3-2.9.1-py2.py3-none-any.whl (432 kB)\n     ━━━━━━━━━━━━━━━━━━━━━━━━━━━━━━━━━━━━━━ 432.2/432.2 kB 21.1 MB/s eta 0:00:00\nCollecting apscheduler\n  Downloading APScheduler-3.9.1.post1-py2.py3-none-any.whl (59 kB)\n     ━━━━━━━━━━━━━━━━━━━━━━━━━━━━━━━━━━━━━━━━ 59.6/59.6 kB 1.4 MB/s eta 0:00:00\nCollecting sqlalchemy>=1.2\n  Downloading SQLAlchemy-1.4.46-cp310-cp310-manylinux_2_5_x86_64.manylinux1_x86_64.manylinux_2_17_x86_64.manylinux2014_x86_64.whl (1.6 MB)\n     ━━━━━━━━━━━━━━━━━━━━━━━━━━━━━━━━━━━━━━━━ 1.6/1.6 MB 40.5 MB/s eta 0:00:00\nCollecting zxcvbn>=4.4.27\n  Downloading zxcvbn-4.4.28.tar.gz (407 kB)\n     ━━━━━━━━━━━━━━━━━━━━━━━━━━━━━━━━━━━━━━ 407.9/407.9 kB 22.7 MB/s eta 0:00:00\n  Preparing metadata (setup.py): started\n  Preparing metadata (setup.py): finished with status 'done'\nCollecting distro\n  Downloading distro-1.8.0-py3-none-any.whl (20 kB)\nCollecting humanfriendly\n  Downloading humanfriendly-10.0-py2.py3-none-any.whl (86 kB)\n     ━━━━━━━━━━━━━━━━━━━━━━━━━━━━━━━━━━━━━━━━ 86.8/86.8 kB 3.3 MB/s eta 0:00:00\nRequirement already satisfied: pytest in /usr/local/lib/python3.10/site-packages (from rdiffweb==2.5.6.dev0+g70c1de6.d20230105) (7.2.0)\nCollecting parameterized\n  Downloading parameterized-0.8.1-py2.py3-none-any.whl (26 kB)\nCollecting argon2-cffi-bindings\n  Downloading argon2_cffi_bindings-21.2.0-cp36-abi3-manylinux_2_17_x86_64.manylinux2014_x86_64.whl (86 kB)\n     ━━━━━━━━━━━━━━━━━━━━━━━━━━━━━━━━━━━━━━━━ 86.2/86.2 kB 2.4 MB/s eta 0:00:00\nCollecting pytz>=2015.7\n  Using cached pytz-2022.7-py2.py3-none-any.whl (499 kB)\nCollecting zc.lockfile\n  Downloading zc.lockfile-2.0-py2.py3-none-any.whl (9.7 kB)\nCollecting cheroot>=8.2.1\n  Downloading cheroot-9.0.0-py2.py3-none-any.whl (100 kB)\n     ━━━━━━━━━━━━━━━━━━━━━━━━━━━━━━━━━━━━━━━ 100.6/100.6 kB 7.2 MB/s eta 0:00:00\nCollecting more-itertools\n  Downloading more_itertools-9.0.0-py3-none-any.whl (52 kB)\n     ━━━━━━━━━━━━━━━━━━━━━━━━━━━━━━━━━━━━━━━━ 52.8/52.8 kB 3.6 MB/s eta 0:00:00\nCollecting jaraco.collections\n  Downloading jaraco.collections-3.8.0-py3-none-any.whl (10 kB)\nCollecting portend>=2.1.1\n  Downloading portend-3.1.0-py3-none-any.whl (5.3 kB)\nCollecting greenlet!=0.4.17\n  Downloading greenlet-2.0.1-cp310-cp310-manylinux_2_17_x86_64.manylinux2014_x86_64.whl (539 kB)\n     ━━━━━━━━━━━━━━━━━━━━━━━━━━━━━━━━━━━━━━ 539.9/539.9 kB 33.9 MB/s eta 0:00:00\nRequirement already satisfied: setuptools>=0.7 in /usr/local/lib/python3.10/site-packages (from apscheduler->rdiffweb==2.5.6.dev0+g70c1de6.d20230105) (65.5.0)\nCollecting tzlocal!=3.*,>=2.0\n  Downloading tzlocal-4.2-py3-none-any.whl (19 kB)\nCollecting six>=1.4.0\n  Downloading six-1.16.0-py2.py3-none-any.whl (11 kB)\nCollecting pyasn1>=0.4.6\n  Downloading pyasn1-0.4.8-py2.py3-none-any.whl (77 kB)\n     ━━━━━━━━━━━━━━━━━━━━━━━━━━━━━━━━━━━━━━━━ 77.1/77.1 kB 5.8 MB/s eta 0:00:00\nRequirement already satisfied: pluggy<2.0,>=0.12 in /usr/local/lib/python3.10/site-packages (from pytest->rdiffweb==2.5.6.dev0+g70c1de6.d20230105) (1.0.0)\nRequirement already satisfied: iniconfig in /usr/local/lib/python3.10/site-packages (from pytest->rdiffweb==2.5.6.dev0+g70c1de6.d20230105) (1.1.1)\nRequirement already satisfied: attrs>=19.2.0 in /usr/local/lib/python3.10/site-packages (from pytest->rdiffweb==2.5.6.dev0+g70c1de6.d20230105) (22.2.0)\nRequirement already satisfied: packaging in /usr/local/lib/python3.10/site-packages (from pytest->rdiffweb==2.5.6.dev0+g70c1de6.d20230105) (22.0)\nRequirement already satisfied: tomli>=1.0.0 in /usr/local/lib/python3.10/site-packages (from pytest->rdiffweb==2.5.6.dev0+g70c1de6.d20230105) (2.0.1)\nRequirement already satisfied: exceptiongroup>=1.0.0rc8 in /usr/local/lib/python3.10/site-packages (from pytest->rdiffweb==2.5.6.dev0+g70c1de6.d20230105) (1.1.0)\nCollecting jaraco.functools\n  Downloading jaraco.functools-3.5.2-py3-none-any.whl (7.3 kB)\nCollecting tempora>=1.8\n  Downloading tempora-5.2.0-py3-none-any.whl (13 kB)\nCollecting pytz-deprecation-shim\n  Downloading pytz_deprecation_shim-0.1.0.post0-py2.py3-none-any.whl (15 kB)\nCollecting cffi>=1.0.1\n  Downloading cffi-1.15.1-cp310-cp310-manylinux_2_17_x86_64.manylinux2014_x86_64.whl (441 kB)\n     ━━━━━━━━━━━━━━━━━━━━━━━━━━━━━━━━━━━━━━ 441.8/441.8 kB 18.8 MB/s eta 0:00:00\nCollecting jaraco.text\n  Downloading jaraco.text-3.11.0-py3-none-any.whl (11 kB)\nCollecting jaraco.classes\n  Downloading jaraco.classes-3.2.3-py3-none-any.whl (6.0 kB)\nCollecting pycparser\n  Downloading pycparser-2.21-py2.py3-none-any.whl (118 kB)\n     ━━━━━━━━━━━━━━━━━━━━━━━━━━━━━━━━━━━━━━ 118.7/118.7 kB 13.3 MB/s eta 0:00:00\nCollecting jaraco.context>=4.1\n  Downloading jaraco.context-4.2.0-py3-none-any.whl (5.0 kB)\nCollecting autocommand\n  Downloading autocommand-2.2.2-py3-none-any.whl (19 kB)\nCollecting inflect\n  Downloading inflect-6.0.2-py3-none-any.whl (34 kB)\nCollecting tzdata\n  Downloading tzdata-2022.7-py2.py3-none-any.whl (340 kB)\n     ━━━━━━━━━━━━━━━━━━━━━━━━━━━━━━━━━━━━━━ 340.1/340.1 kB 17.6 MB/s eta 0:00:00\nCollecting pydantic>=1.9.1\n  Downloading pydantic-1.10.4-cp310-cp310-manylinux_2_17_x86_64.manylinux2014_x86_64.whl (3.1 MB)\n     ━━━━━━━━━━━━━━━━━━━━━━━━━━━━━━━━━━━━━━━━ 3.1/3.1 MB 6.2 MB/s eta 0:00:00\nCollecting typing-extensions>=4.2.0\n  Using cached typing_extensions-4.4.0-py3-none-any.whl (26 kB)\nBuilding wheels for collected packages: rdiffweb, zxcvbn\n  Building wheel for rdiffweb (pyproject.toml): started\n  Building wheel for rdiffweb (pyproject.toml): finished with status 'done'\n  Created wheel for rdiffweb: filename=rdiffweb-2.5.6.dev0+g70c1de6.d20230105-py3-none-any.whl size=4990126 sha256=76fdadb71f821e04e48fdb806fb4d3bcdd384834070b6a9781f3e3941a66c104\n  Stored in directory: /tmp/pip-ephem-wheel-cache-bopvw2qk/wheels/25/e2/1b/024218c97264f2341c1a3db7377f3892d0cce7e3b0f1d481ad\n  Building wheel for zxcvbn (setup.py): started\n  Building wheel for zxcvbn (setup.py): finished with status 'done'\n  Created wheel for zxcvbn: filename=zxcvbn-4.4.28-py2.py3-none-any.whl size=408125 sha256=4452687011edeaafca4d522added4cf3db57248abfac37b1b8f571da2b83a3ce\n  Stored in directory: /root/.cache/pip/wheels/3b/a8/7b/d5be0c3f04d4e35569a373dd5eca2ac8dda0eb289ea66e6557\nSuccessfully built rdiffweb zxcvbn\nInstalling collected packages: zxcvbn, pytz, pyasn1, parameterized, cached-property, zc.lockfile, tzdata, typing-extensions, tempora, six, pycparser, psutil, more-itertools, MarkupSafe, ldap3, jaraco.context, humanfriendly, greenlet, distro, configargparse, babel, autocommand, WTForms, sqlalchemy, pytz-deprecation-shim, pydantic, portend, Jinja2, jaraco.functools, jaraco.classes, cffi, tzlocal, inflect, cheroot, argon2-cffi-bindings, jaraco.text, argon2-cffi, apscheduler, jaraco.collections, CherryPy, rdiffweb\nSuccessfully installed CherryPy-18.8.0 Jinja2-3.1.2 MarkupSafe-2.1.1 WTForms-3.0.1 apscheduler-3.9.1.post1 argon2-cffi-21.3.0 argon2-cffi-bindings-21.2.0 autocommand-2.2.2 babel-2.11.0 cached-property-1.5.2 cffi-1.15.1 cheroot-9.0.0 configargparse-1.5.3 distro-1.8.0 greenlet-2.0.1 humanfriendly-10.0 inflect-6.0.2 jaraco.classes-3.2.3 jaraco.collections-3.8.0 jaraco.context-4.2.0 jaraco.functools-3.5.2 jaraco.text-3.11.0 ldap3-2.9.1 more-itertools-9.0.0 parameterized-0.8.1 portend-3.1.0 psutil-5.9.4 pyasn1-0.4.8 pycparser-2.21 pydantic-1.10.4 pytz-2022.7 pytz-deprecation-shim-0.1.0.post0 rdiffweb-2.5.6.dev0+g70c1de6.d20230105 six-1.16.0 sqlalchemy-1.4.46 tempora-5.2.0 typing-extensions-4.4.0 tzdata-2022.7 tzlocal-4.2 zc.lockfile-2.0 zxcvbn-4.4.28\n\u001b[91mWARNING: Running pip as the 'root' user can result in broken permissions and conflicting behaviour with the system package manager. It is recommended to use a virtual environment instead: https://pip.pypa.io/warnings/venv\n\u001b[0m\u001b[91m+ pytest\n\u001b[0m============================= test session starts ==============================\nplatform linux -- Python 3.10.9, pytest-7.2.0, pluggy-1.0.0\nrootdir: /tmp/rdiffweb\ncollected 740 items\n\nrdiffweb/controller/tests/test_api.py .............                      [  1%]\nrdiffweb/controller/tests/test_check_links.py ..                         [  2%]\nrdiffweb/controller/tests/test_controller.py ........................... [  5%]\n........                                                                 [  6%]\nrdiffweb/controller/tests/test_page_admin.py .......                     [  7%]\nrdiffweb/controller/tests/test_page_admin_logs.py .......                [  8%]\nrdiffweb/controller/tests/test_page_admin_repos.py ..                    [  8%]\nrdiffweb/controller/tests/test_page_admin_session.py ......              [  9%]\nrdiffweb/controller/tests/test_page_admin_sysinfo.py ..                  [ 10%]\nrdiffweb/controller/tests/test_page_admin_users.py ..................... [ 12%]\n..............................                                           [ 16%]\nrdiffweb/controller/tests/test_page_browse.py ...................        [ 19%]\nrdiffweb/controller/tests/test_page_delete.py ......F............        [ 22%]\nrdiffweb/controller/tests/test_page_error.py .............               [ 23%]\nrdiffweb/controller/tests/test_page_graphs.py ...........                [ 25%]\nrdiffweb/controller/tests/test_page_history.py .........                 [ 26%]\nrdiffweb/controller/tests/test_page_login.py ........................... [ 30%]\n...........                                                              [ 31%]\nrdiffweb/controller/tests/test_page_logs.py .............                [ 33%]\nrdiffweb/controller/tests/test_page_mfa.py ...................           [ 35%]\nrdiffweb/controller/tests/test_page_prefs_general.py ................... [ 38%]\n...........                                                              [ 40%]\nrdiffweb/controller/tests/test_page_prefs_mfa.py ..........              [ 41%]\nrdiffweb/controller/tests/test_page_prefs_notification.py ......         [ 42%]\nrdiffweb/controller/tests/test_page_prefs_session.py .......             [ 43%]\nrdiffweb/controller/tests/test_page_prefs_ssh.py ..................      [ 45%]\nrdiffweb/controller/tests/test_page_prefs_tokens.py ........             [ 46%]\nrdiffweb/controller/tests/test_page_restore.py ..................        [ 49%]\nrdiffweb/controller/tests/test_page_settings.py .......                  [ 50%]\nrdiffweb/controller/tests/test_page_settings_remove_older.py ....        [ 50%]\nrdiffweb/controller/tests/test_page_settings_set_encoding.py ........    [ 51%]\nrdiffweb/controller/tests/test_page_status.py ...                        [ 52%]\nrdiffweb/controller/tests/test_secure_headers.py ......................  [ 55%]\nrdiffweb/core/model/tests/test_db_after_create.py .......                [ 55%]\nrdiffweb/core/model/tests/test_repo.py ..................                [ 58%]\nrdiffweb/core/model/tests/test_token.py ............                     [ 60%]\nrdiffweb/core/model/tests/test_user.py ................................. [ 64%]\n...................                                                      [ 67%]\nrdiffweb/core/tests/test_authorizedkeys.py ..........                    [ 68%]\nrdiffweb/core/tests/test_config.py .................                     [ 70%]\nrdiffweb/core/tests/test_i18n.py ................                        [ 72%]\nrdiffweb/core/tests/test_librdiff.py ................................... [ 77%]\n......................................................                   [ 84%]\nrdiffweb/core/tests/test_login.py ............                           [ 86%]\nrdiffweb/core/tests/test_notification.py ............                    [ 88%]\nrdiffweb/core/tests/test_passwd.py ....                                  [ 88%]\nrdiffweb/core/tests/test_quota.py ................                       [ 90%]\nrdiffweb/core/tests/test_rdw_helpers.py ..                               [ 91%]\nrdiffweb/core/tests/test_rdw_templating.py s..............               [ 93%]\nrdiffweb/core/tests/test_remove_older.py ....                            [ 93%]\nrdiffweb/core/tests/test_restore.py ..............                       [ 95%]\nrdiffweb/plugins/tests/test_ldap.py .............sss                     [ 97%]\nrdiffweb/plugins/tests/test_scheduler.py .....                           [ 98%]\nrdiffweb/plugins/tests/test_smtp.py ......                               [ 99%]\nrdiffweb/tests/test_app.py ..                                            [ 99%]\nrdiffweb/tests/test_main.py ....                                         [100%]\n\n=================================== FAILURES ===================================\n____________ DeleteRepoTest.test_delete_path_5_with_broken_symlink _____________\n\na = (<rdiffweb.controller.tests.test_page_delete.DeleteRepoTest testMethod=test_delete_path_5_with_broken_symlink>,)\n\n    @wraps(func)\n    def standalone_func(*a):\n>       return func(*(a + p.args), **p.kwargs)\n\n/usr/local/lib/python3.10/site-packages/parameterized/parameterized.py:533: \n_ _ _ _ _ _ _ _ _ _ _ _ _ _ _ _ _ _ _ _ _ _ _ _ _ _ _ _ _ _ _ _ _ _ _ _ _ _ _ _ \nrdiffweb/controller/tests/test_page_delete.py:93: in test_delete_path\n    self.assertStatus(expected_history_status)\n/usr/local/lib/python3.10/site-packages/cheroot/test/webtest.py:323: in assertStatus\n    self._handlewebError(msg)\n_ _ _ _ _ _ _ _ _ _ _ _ _ _ _ _ _ _ _ _ _ _ _ _ _ _ _ _ _ _ _ _ _ _ _ _ _ _ _ _ \n\nself = <rdiffweb.controller.tests.test_page_delete.DeleteRepoTest testMethod=test_delete_path_5_with_broken_symlink>\nmsg = 'Status 200 OK does not match 404'\n\n    def _handlewebError(self, msg):  # noqa: C901  # FIXME\n        print('')\n        print('    ERROR: %s' % msg)\n    \n        if not self.interactive:\n>           raise self.failureException(msg)\nE           AssertionError: Status 200 OK does not match 404\n\n/usr/local/lib/python3.10/site-packages/cheroot/test/webtest.py:255: AssertionError\n----------------------------- Captured stdout call -----------------------------\n\n    ERROR: Status 200 OK does not match 404\n------------------------------ Captured log call -------------------------------\nINFO     cherrypy.access.139749848148928:_cplogging.py:283 127.0.0.1 - - [05/Jan/2023:23:52:10] \"POST /logout HTTP/1.1\" 303 92 \"\" \"\"\nINFO     cherrypy.access.139749848148928:_cplogging.py:283 127.0.0.1 - - [05/Jan/2023:23:52:10] \"POST /login/ HTTP/1.1\" 303 92 \"\" \"\"\nINFO     cherrypy.access.139749848148928:_cplogging.py:283 127.0.0.1 - admin [05/Jan/2023:23:52:11] \"POST /delete/admin/testcases/BrokenSymlink/ HTTP/1.1\" 303 136 \"\" \"\"\nINFO     cherrypy.access.139749848148928:_cplogging.py:283 127.0.0.1 - admin [05/Jan/2023:23:52:13] \"GET /history/admin/testcases/BrokenSymlink HTTP/1.1\" 200 9990 \"\" \"\"\n=============================== warnings summary ===============================\nrdiffweb/tools/db.py:156\n  /tmp/rdiffweb/rdiffweb/tools/db.py:156: MovedIn20Warning: Deprecated API features detected! These feature(s) are not compatible with SQLAlchemy 2.0. To prevent incompatible upgrades prior to updating applications, ensure requirements files are pinned to \"sqlalchemy<2.0\". Set environment variable SQLALCHEMY_WARN_20=1 to show all deprecation warnings.  Set environment variable SQLALCHEMY_SILENCE_UBER_WARNING=1 to silence this message. (Background on SQLAlchemy 2.0 at: https://sqlalche.me/e/b8d9)\n    self._base = declarative_base(metaclass=BaseExtensions, cls=Base)\n\nrdiffweb/controller/tests/test_api.py: 2 warnings\nrdiffweb/controller/tests/test_check_links.py: 1 warning\nrdiffweb/controller/tests/test_controller.py: 9 warnings\nrdiffweb/controller/tests/test_page_admin.py: 1 warning\nrdiffweb/controller/tests/test_page_admin_logs.py: 3 warnings\nrdiffweb/controller/tests/test_page_admin_repos.py: 1 warning\nrdiffweb/controller/tests/test_page_admin_session.py: 1 warning\nrdiffweb/controller/tests/test_page_admin_sysinfo.py: 1 warning\nrdiffweb/controller/tests/test_page_admin_users.py: 1 warning\nrdiffweb/controller/tests/test_page_browse.py: 1 warning\nrdiffweb/controller/tests/test_page_delete.py: 10 warnings\nrdiffweb/controller/tests/test_page_error.py: 5 warnings\nrdiffweb/controller/tests/test_page_graphs.py: 1 warning\nrdiffweb/controller/tests/test_page_history.py: 1 warning\nrdiffweb/controller/tests/test_page_login.py: 9 warnings\nrdiffweb/controller/tests/test_page_logs.py: 1 warning\nrdiffweb/controller/tests/test_page_mfa.py: 2 warnings\nrdiffweb/controller/tests/test_page_prefs_general.py: 2 warnings\nrdiffweb/controller/tests/test_page_prefs_mfa.py: 1 warning\nrdiffweb/controller/tests/test_page_prefs_notification.py: 1 warning\nrdiffweb/controller/tests/test_page_prefs_session.py: 1 warning\nrdiffweb/controller/tests/test_page_prefs_ssh.py: 3 warnings\nrdiffweb/controller/tests/test_page_prefs_tokens.py: 1 warning\nrdiffweb/controller/tests/test_page_restore.py: 1 warning\nrdiffweb/controller/tests/test_page_settings.py: 1 warning\nrdiffweb/controller/tests/test_page_settings_remove_older.py: 1 warning\nrdiffweb/controller/tests/test_page_settings_set_encoding.py: 1 warning\nrdiffweb/controller/tests/test_page_status.py: 1 warning\nrdiffweb/controller/tests/test_secure_headers.py: 1 warning\nrdiffweb/core/model/tests/test_db_after_create.py: 3 warnings\nrdiffweb/core/model/tests/test_repo.py: 1 warning\nrdiffweb/core/model/tests/test_token.py: 1 warning\nrdiffweb/core/model/tests/test_user.py: 6 warnings\nrdiffweb/core/tests/test_i18n.py: 1 warning\nrdiffweb/core/tests/test_login.py: 5 warnings\nrdiffweb/core/tests/test_notification.py: 2 warnings\nrdiffweb/core/tests/test_quota.py: 4 warnings\nrdiffweb/core/tests/test_rdw_templating.py: 2 warnings\nrdiffweb/core/tests/test_remove_older.py: 1 warning\nrdiffweb/core/tests/test_restore.py: 1 warning\nrdiffweb/plugins/tests/test_ldap.py: 3 warnings\nrdiffweb/plugins/tests/test_scheduler.py: 3 warnings\nrdiffweb/plugins/tests/test_smtp.py: 2 warnings\nrdiffweb/tests/test_app.py: 1 warning\n  /usr/local/lib/python3.10/site-packages/apscheduler/util.py:436: PytzUsageWarning: The localize method is no longer necessary, as this time zone supports the fold attribute (PEP 495). For more details on migrating to a PEP 495-compliant implementation, see https://pytz-deprecation-shim.readthedocs.io/en/latest/migration.html\n    return tzinfo.localize(dt)\n\n-- Docs: https://docs.pytest.org/en/stable/how-to/capture-warnings.html\n=========================== short test summary info ============================\nFAILED rdiffweb/controller/tests/test_page_delete.py::DeleteRepoTest::test_delete_path_5_with_broken_symlink\n===== 1 failed, 735 passed, 4 skipped, 102 warnings in 1272.36s (0:21:12) ======\nRemoving intermediate container a7144ad11f35\n","stderr":"The command '/bin/sh -c set -x;   cd /tmp/rdiffweb/ &&   pip3 install rdiff-backup==2.0.5 pytest &&   pip3 install . \".[test]\" &&   pytest &&   pip3 uninstall -y pytest &&   rm -Rf /root/.cache /tmp/* /var/log/*' returned a non-zero code: 1\n"}}