{"repository":"https://github.com/sebastienbarbier/seven23","dockerfilePath":"Dockerfile","startTime":1672727631377,"clone":{"stdout":"","stderr":"Cloning into '/tmp/dinghy-analysis/sebastienbarbier/seven23'...\n","error":null,"commit":"81a6e49ecd462a7dd7059f740edd4e80b2fbc58e"},"originalBuild":{"startTimestamp":1672727632386,"endTimestamp":1672727786705,"error":{"code":1,"killed":false,"signal":null,"cmd":"docker build --no-cache --force-rm -t seven23:latest -f /tmp/dinghy-analysis/sebastienbarbier/seven23/Dockerfile ."},"stdout":"Sending build context to Docker daemon  2.885MB\r\r\nStep 1/10 : FROM node:12.7.0-alpine as build\n12.7.0-alpine: Pulling from library/node\ne7c96db7181b: Already exists\n72484f09da35: Pulling fs layer\n86bee4bed5f2: Pulling fs layer\nf9e983f0fe2c: Pulling fs layer\nf9e983f0fe2c: Download complete\n86bee4bed5f2: Verifying Checksum\n86bee4bed5f2: Download complete\n72484f09da35: Verifying Checksum\n72484f09da35: Download complete\n72484f09da35: Pull complete\n86bee4bed5f2: Pull complete\nf9e983f0fe2c: Pull complete\nDigest: sha256:300e3d2c19067c1aec9d9b2bd3acbd43d53797a5836d70a23e437a5634bcd33a\nStatus: Downloaded newer image for node:12.7.0-alpine\n ---> d97a436daee9\nStep 2/10 : WORKDIR /app\n ---> Running in 2910b4c8916d\nRemoving intermediate container 2910b4c8916d\n ---> e0930eb07890\nStep 3/10 : ENV PATH /app/node_modules/.bin:$PATH\n ---> Running in 447060fd283a\nRemoving intermediate container 447060fd283a\n ---> 47df912f2e20\nStep 4/10 : COPY package.json /app/package.json\n ---> 3733c45745b9\nStep 5/10 : RUN npm install &>/dev/null\n ---> Running in f9a86bd29922\nRemoving intermediate container f9a86bd29922\n ---> d236a02072ec\nStep 6/10 : COPY . /app\n ---> d791739280de\nStep 7/10 : RUN npm run build\n ---> Running in e6c9e7d0d7da\n\n> seven23@1.1.2 build /app\n> webpack --config webpack-production.config.js;cp build/index.html build/404.html; cp build/index.html build/401.html\n\n\u001b[91m[webpack-cli] HookWebpackError: Not supported\n    at makeWebpackError (/app/node_modules/webpack/lib/HookWebpackError.js:48:9)\n    at /app/node_modules/webpack/lib/Compilation.js:3060:12\n    at eval (eval at create (/app/node_modules/tapable/lib/HookCodeFactory.js:33:10), <anonymous>:64:1)\n    at /app/node_modules/webpack/lib/Compilation.js:510:26\n    at /app/node_modules/copy-webpack-plugin/dist/index.js:710:13\n    at processTicksAndRejections (internal/process/task_queues.js:85:5)\n-- inner error --\nError: Not supported\n    at /app/node_modules/copy-webpack-plugin/dist/index.js:706:13\n    at fn (/app/node_modules/webpack/lib/Compilation.js:509:9)\n    at Hook.eval [as callAsync] (eval at create (/app/node_modules/tapable/lib/HookCodeFactory.js:33:10), <anonymous>:62:1)\n    at Hook.CALL_ASYNC_DELEGATE [as _callAsync] (/app/node_modules/tapable/lib/Hook.js:18:14)\n    at cont (/app/node_modules/webpack/lib/Compilation.js:3057:34)\n    at /app/node_modules/webpack/lib/Compilation.js:3105:10\n    at symbolIterator (/app/node_modules/neo-async/async.js:3485:9)\n    at done (/app/node_modules/neo-async/async.js:3527:9)\n    at /app/node_modules/neo-async/async.js:2830:7\n    at done (/app/node_modules/neo-async/async.js:2865:11)\ncaused by plugins in Compilation.hooks.processAssets\nError: Not supported\n    at /app/node_modules/copy-webpack-plugin/dist/index.js:706:13\n    at fn (/app/node_modules/webpack/lib/Compilation.js:509:9)\n    at Hook.eval [as callAsync] (eval at create (/app/node_modules/tapable/lib/HookCodeFactory.js:33:10), <anonymous>:62:1)\n    at Hook.CALL_ASYNC_DELEGATE [as _callAsync] (/app/node_modules/tapable/lib/Hook.js:18:14)\n    at cont (/app/node_modules/webpack/lib/Compilation.js:3057:34)\n    at /app/node_modules/webpack/lib/Compilation.js:3105:10\n    at symbolIterator (/app/node_modules/neo-async/async.js:3485:9)\n    at done (/app/node_modules/neo-async/async.js:3527:9)\n    at /app/node_modules/neo-async/async.js:2830:7\n    at done (/app/node_modules/neo-async/async.js:2865:11)\n\u001b[0m\u001b[91mcp: can't stat 'build/index.html': No such file or directory\n\u001b[0m\u001b[91mcp: can't stat 'build/index.html': No such file or directory\n\u001b[0m\u001b[91mnpm ERR! code\u001b[0m\u001b[91m ELIFECYCLE\n\u001b[0m\u001b[91mnpm ERR!\u001b[0m\u001b[91m \u001b[0m\u001b[91merrno 1\n\u001b[0m\u001b[91mnpm \u001b[0m\u001b[91mERR!\u001b[0m\u001b[91m seven23@1.1.2 build: `webpack --config webpack-production.config.js;cp build/index.html build/404.html; cp build/index.html build/401.html`\n\u001b[0m\u001b[91mnpm\u001b[0m\u001b[91m \u001b[0m\u001b[91mERR!\u001b[0m\u001b[91m Exit status 1\n\u001b[0m\u001b[91mnpm \u001b[0m\u001b[91mERR!\u001b[0m\u001b[91m \n\u001b[0m\u001b[91mnpm \u001b[0m\u001b[91mERR!\u001b[0m\u001b[91m Failed at the seven23@1.1.2 build script.\n\u001b[0m\u001b[91mnpm \u001b[0m\u001b[91mERR!\u001b[0m\u001b[91m This is probably not a problem with npm. There is likely additional logging output above.\n\u001b[0m\u001b[91m\n\u001b[0m\u001b[91mnpm \u001b[0m\u001b[91mERR! A complete log of this run can be found in:\nnpm\u001b[0m\u001b[91m \u001b[0m\u001b[91mERR!\u001b[0m\u001b[91m     /root/.npm/_logs/2023-01-03T06_36_19_602Z-debug.log\n\u001b[0mRemoving intermediate container e6c9e7d0d7da\n","stderr":"The command '/bin/sh -c npm run build' returned a non-zero code: 1\n"},"endTime":1672727786780}