{"repository":"https://github.com/xaya/taurion_gsp","dockerfilePath":"Dockerfile","startTime":1673056068894,"endTime":1673056576832,"clone":{"startTime":1673056068894,"stdout":"","stderr":"Cloning into '/tmp/dinghy-analysis/xaya/taurion_gsp'...\n","error":null,"endTime":1673056070087,"commit":"e5b44aafcd14cce65e3483bb8eddeea2bf688a2c"},"originalBuild":{"startTime":1673056070173,"endTime":1673056576722,"error":{"code":2,"killed":false,"signal":null,"cmd":"docker build --no-cache --force-rm -t taurion_gsp:latest -f /tmp/dinghy-analysis/xaya/taurion_gsp/Dockerfile ."},"stdout":"Sending build context to Docker daemon  6.387MB\r\r\nStep 1/21 : FROM xaya/charon AS build\nlatest: Pulling from xaya/charon\n530afca65e2e: Pulling fs layer\ndb6c3f2eb322: Pulling fs layer\nbfa2310a3ace: Pulling fs layer\nab931adb119e: Pulling fs layer\n07ca907e7ef2: Pulling fs layer\n07ca907e7ef2: Waiting\nab931adb119e: Waiting\n530afca65e2e: Verifying Checksum\n530afca65e2e: Pull complete\ndb6c3f2eb322: Verifying Checksum\ndb6c3f2eb322: Download complete\nab931adb119e: Verifying Checksum\nab931adb119e: Download complete\nbfa2310a3ace: Verifying Checksum\nbfa2310a3ace: Download complete\n07ca907e7ef2: Verifying Checksum\n07ca907e7ef2: Download complete\ndb6c3f2eb322: Pull complete\nbfa2310a3ace: Pull complete\nab931adb119e: Pull complete\n07ca907e7ef2: Pull complete\nDigest: sha256:dc56bf58415f8f490f150e3835282d73971054ffc37496160aec79a99b305fc3\nStatus: Downloaded newer image for xaya/charon:latest\n ---> c807a47997e7\nStep 2/21 : RUN apk add --no-cache   autoconf   autoconf-archive   automake   build-base   cmake   gflags-dev   git   libtool   pkgconfig\n ---> Running in d8c76260ca84\nfetch https://dl-cdn.alpinelinux.org/alpine/v3.16/main/x86_64/APKINDEX.tar.gz\nfetch https://dl-cdn.alpinelinux.org/alpine/v3.16/community/x86_64/APKINDEX.tar.gz\n(1/37) Upgrading musl (1.2.3-r0 -> 1.2.3-r2)\n(2/37) Installing m4 (1.4.19-r1)\n(3/37) Installing perl (5.34.1-r0)\n(4/37) Installing autoconf (2.71-r0)\n(5/37) Installing autoconf-archive (2022.02.11-r0)\n(6/37) Installing automake (1.16.5-r0)\n(7/37) Installing binutils (2.38-r3)\n(8/37) Installing libmagic (5.41-r0)\n(9/37) Installing file (5.41-r0)\n(10/37) Installing libgomp (11.2.1_git20220219-r2)\n(11/37) Installing libatomic (11.2.1_git20220219-r2)\n(12/37) Installing isl22 (0.22-r0)\n(13/37) Installing mpfr4 (4.1.0-r0)\n(14/37) Installing mpc1 (1.2.1-r0)\n(15/37) Installing gcc (11.2.1_git20220219-r2)\n(16/37) Installing musl-dev (1.2.3-r2)\n(17/37) Installing libc-dev (0.7.2-r3)\n(18/37) Installing g++ (11.2.1_git20220219-r2)\n(19/37) Installing make (4.3-r0)\n(20/37) Installing fortify-headers (1.1-r1)\n(21/37) Installing patch (2.7.6-r7)\n(22/37) Installing build-base (0.5-r3)\n(23/37) Installing libacl (2.3.1-r0)\n(24/37) Installing lz4-libs (1.9.3-r1)\n(25/37) Installing zstd-libs (1.5.2-r1)\n(26/37) Installing libarchive (3.6.1-r1)\n(27/37) Installing rhash-libs (1.4.2-r2)\n(28/37) Installing libuv (1.44.1-r0)\n(29/37) Installing cmake (3.23.1-r0)\n(30/37) Installing gflags-dev (2.2.2-r1)\n(31/37) Installing pcre2 (10.40-r0)\n(32/37) Installing git (2.36.3-r0)\n(33/37) Installing perl-error (0.17029-r1)\n(34/37) Installing perl-git (2.36.3-r0)\n(35/37) Installing git-perl (2.36.3-r0)\n(36/37) Installing libltdl (2.4.7-r0)\n(37/37) Installing libtool (2.4.7-r0)\nExecuting busybox-1.35.0-r15.trigger\nOK: 391 MiB in 110 packages\nRemoving intermediate container d8c76260ca84\n ---> 3ed78d17b99a\nStep 3/21 : WORKDIR /usr/src/benchmark\n ---> Running in e5a876106a83\nRemoving intermediate container e5a876106a83\n ---> d00840eb11b6\nStep 4/21 : RUN git clone https://github.com/google/benchmark .\n ---> Running in ab5a426c3d12\n\u001b[91mCloning into '.'...\n\u001b[0mRemoving intermediate container ab5a426c3d12\n ---> 332de2c1e101\nStep 5/21 : RUN git clone https://github.com/google/googletest\n ---> Running in 46634777ff95\n\u001b[91mCloning into 'googletest'...\n\u001b[0mRemoving intermediate container 46634777ff95\n ---> da05d4beda3b\nStep 6/21 : RUN cmake . && make && make install/strip\n ---> Running in af761610c724\n-- The CXX compiler identification is GNU 11.2.1\n-- Detecting CXX compiler ABI info\n-- Detecting CXX compiler ABI info - done\n-- Check for working CXX compiler: /usr/bin/c++ - skipped\n-- Detecting CXX compile features\n-- Detecting CXX compile features - done\n-- Failed to find LLVM FileCheck\n-- Found Git: /usr/bin/git (found version \"2.36.3\") \n-- git version: v1.7.1-7-g62edc4fb normalized to 1.7.1.7\n-- Version: 1.7.1.7\n-- Looking for shm_open in rt\n-- Looking for shm_open in rt - found\n-- Performing Test HAVE_CXX_FLAG_WALL\n-- Performing Test HAVE_CXX_FLAG_WALL - Success\n-- Performing Test HAVE_CXX_FLAG_WEXTRA\n-- Performing Test HAVE_CXX_FLAG_WEXTRA - Success\n-- Performing Test HAVE_CXX_FLAG_WSHADOW\n-- Performing Test HAVE_CXX_FLAG_WSHADOW - Success\n-- Performing Test HAVE_CXX_FLAG_WFLOAT_EQUAL\n-- Performing Test HAVE_CXX_FLAG_WFLOAT_EQUAL - Success\n-- Performing Test HAVE_CXX_FLAG_WERROR\n-- Performing Test HAVE_CXX_FLAG_WERROR - Success\n-- Performing Test HAVE_CXX_FLAG_PEDANTIC\n-- Performing Test HAVE_CXX_FLAG_PEDANTIC - Success\n-- Performing Test HAVE_CXX_FLAG_PEDANTIC_ERRORS\n-- Performing Test HAVE_CXX_FLAG_PEDANTIC_ERRORS - Success\n-- Performing Test HAVE_CXX_FLAG_WSHORTEN_64_TO_32\n-- Performing Test HAVE_CXX_FLAG_WSHORTEN_64_TO_32 - Failed\n-- Performing Test HAVE_CXX_FLAG_FSTRICT_ALIASING\n-- Performing Test HAVE_CXX_FLAG_FSTRICT_ALIASING - Success\n-- Performing Test HAVE_CXX_FLAG_WNO_DEPRECATED_DECLARATIONS\n-- Performing Test HAVE_CXX_FLAG_WNO_DEPRECATED_DECLARATIONS - Success\n-- Performing Test HAVE_CXX_FLAG_WNO_DEPRECATED\n-- Performing Test HAVE_CXX_FLAG_WNO_DEPRECATED - Success\n-- Performing Test HAVE_CXX_FLAG_WSTRICT_ALIASING\n-- Performing Test HAVE_CXX_FLAG_WSTRICT_ALIASING - Success\n-- Performing Test HAVE_CXX_FLAG_WD654\n-- Performing Test HAVE_CXX_FLAG_WD654 - Failed\n-- Performing Test HAVE_CXX_FLAG_WTHREAD_SAFETY\n-- Performing Test HAVE_CXX_FLAG_WTHREAD_SAFETY - Failed\n-- Performing Test HAVE_CXX_FLAG_COVERAGE\n-- Performing Test HAVE_CXX_FLAG_COVERAGE - Success\n-- Compiling and running to test HAVE_STD_REGEX\n-- Performing Test HAVE_STD_REGEX -- success\n-- Compiling and running to test HAVE_GNU_POSIX_REGEX\n-- Performing Test HAVE_GNU_POSIX_REGEX -- failed to compile\n-- Compiling and running to test HAVE_POSIX_REGEX\n-- Performing Test HAVE_POSIX_REGEX -- success\n-- Compiling and running to test HAVE_STEADY_CLOCK\n-- Performing Test HAVE_STEADY_CLOCK -- success\n-- Looking for C++ include pthread.h\n-- Looking for C++ include pthread.h - found\n-- Performing Test CMAKE_HAVE_LIBC_PTHREAD\n-- Performing Test CMAKE_HAVE_LIBC_PTHREAD - Success\n-- Found Threads: TRUE  \n-- Looking for Google Test sources\n-- Looking for Google Test sources in /usr/src/benchmark/googletest\n-- Found Google Test in /usr/src/benchmark/googletest\n-- Configuring done\n-- Generating done\n-- Build files have been written to: /usr/src/benchmark/third_party/googletest\n[ 11%] Creating directories for 'googletest'\n[ 22%] No download step for 'googletest'\n[ 33%] No update step for 'googletest'\n[ 44%] No patch step for 'googletest'\n[ 55%] No configure step for 'googletest'\n[ 66%] No build step for 'googletest'\n[ 77%] No install step for 'googletest'\n[ 88%] No test step for 'googletest'\n[100%] Completed 'googletest'\n[100%] Built target googletest\n-- The C compiler identification is GNU 11.2.1\n-- Detecting C compiler ABI info\n-- Detecting C compiler ABI info - done\n-- Check for working C compiler: /usr/bin/cc - skipped\n-- Detecting C compile features\n-- Detecting C compile features - done\n-- Found Python: /usr/bin/python3.10 (found version \"3.10.4\") found components: Interpreter \n-- Performing Test BENCHMARK_HAS_O3_FLAG\n-- Performing Test BENCHMARK_HAS_O3_FLAG - Success\n-- Performing Test BENCHMARK_HAS_WNO_ODR\n-- Performing Test BENCHMARK_HAS_WNO_ODR - Success\n-- Performing Test BENCHMARK_HAS_WNO_LTO_TYPE_MISMATCH\n-- Performing Test BENCHMARK_HAS_WNO_LTO_TYPE_MISMATCH - Success\n-- Configuring done\n-- Generating done\n-- Build files have been written to: /usr/src/benchmark\n[  1%] Building CXX object src/CMakeFiles/benchmark.dir/benchmark.cc.o\n[  2%] Building CXX object src/CMakeFiles/benchmark.dir/benchmark_api_internal.cc.o\n[  3%] Building CXX object src/CMakeFiles/benchmark.dir/benchmark_name.cc.o\n[  4%] Building CXX object src/CMakeFiles/benchmark.dir/benchmark_register.cc.o\n[  5%] Building CXX object src/CMakeFiles/benchmark.dir/benchmark_runner.cc.o\n[  6%] Building CXX object src/CMakeFiles/benchmark.dir/check.cc.o\n[  7%] Building CXX object src/CMakeFiles/benchmark.dir/colorprint.cc.o\n[  8%] Building CXX object src/CMakeFiles/benchmark.dir/commandlineflags.cc.o\n[  9%] Building CXX object src/CMakeFiles/benchmark.dir/complexity.cc.o\n[ 10%] Building CXX object src/CMakeFiles/benchmark.dir/console_reporter.cc.o\n[ 11%] Building CXX object src/CMakeFiles/benchmark.dir/counter.cc.o\n[ 11%] Building CXX object src/CMakeFiles/benchmark.dir/csv_reporter.cc.o\n[ 12%] Building CXX object src/CMakeFiles/benchmark.dir/json_reporter.cc.o\n[ 13%] Building CXX object src/CMakeFiles/benchmark.dir/perf_counters.cc.o\n[ 14%] Building CXX object src/CMakeFiles/benchmark.dir/reporter.cc.o\n[ 15%] Building CXX object src/CMakeFiles/benchmark.dir/sleep.cc.o\n[ 16%] Building CXX object src/CMakeFiles/benchmark.dir/statistics.cc.o\n[ 17%] Building CXX object src/CMakeFiles/benchmark.dir/string_util.cc.o\n[ 18%] Building CXX object src/CMakeFiles/benchmark.dir/sysinfo.cc.o\n[ 19%] Building CXX object src/CMakeFiles/benchmark.dir/timers.cc.o\n[ 20%] Linking CXX static library libbenchmark.a\n[ 20%] Built target benchmark\n[ 21%] Building CXX object src/CMakeFiles/benchmark_main.dir/benchmark_main.cc.o\n[ 22%] Linking CXX static library libbenchmark_main.a\n[ 22%] Built target benchmark_main\n[ 23%] Building CXX object test/CMakeFiles/output_test_helper.dir/output_test_helper.cc.o\n[ 24%] Linking CXX static library liboutput_test_helper.a\n[ 24%] Built target output_test_helper\n[ 25%] Building CXX object test/CMakeFiles/benchmark_test.dir/benchmark_test.cc.o\n[ 26%] Linking CXX executable benchmark_test\n[ 26%] Built target benchmark_test\n[ 27%] Building CXX object test/CMakeFiles/spec_arg_test.dir/spec_arg_test.cc.o\n[ 28%] Linking CXX executable spec_arg_test\n[ 28%] Built target spec_arg_test\n[ 28%] Building CXX object test/CMakeFiles/spec_arg_verbosity_test.dir/spec_arg_verbosity_test.cc.o\n[ 29%] Linking CXX executable spec_arg_verbosity_test\n[ 29%] Built target spec_arg_verbosity_test\n[ 30%] Building CXX object test/CMakeFiles/benchmark_setup_teardown_test.dir/benchmark_setup_teardown_test.cc.o\n[ 31%] Linking CXX executable benchmark_setup_teardown_test\n[ 31%] Built target benchmark_setup_teardown_test\n[ 32%] Building CXX object test/CMakeFiles/filter_test.dir/filter_test.cc.o\n[ 33%] Linking CXX executable filter_test\n[ 33%] Built target filter_test\n[ 34%] Building CXX object test/CMakeFiles/options_test.dir/options_test.cc.o\n[ 35%] Linking CXX executable options_test\n[ 35%] Built target options_test\n[ 36%] Building CXX object test/CMakeFiles/basic_test.dir/basic_test.cc.o\n[ 37%] Linking CXX executable basic_test\n[ 37%] Built target basic_test\n[ 38%] Building CXX object test/CMakeFiles/repetitions_test.dir/repetitions_test.cc.o\n[ 39%] Linking CXX executable repetitions_test\n[ 39%] Built target repetitions_test\n[ 40%] Building CXX object test/CMakeFiles/diagnostics_test.dir/diagnostics_test.cc.o\n[ 41%] Linking CXX executable diagnostics_test\n[ 41%] Built target diagnostics_test\n[ 42%] Building CXX object test/CMakeFiles/skip_with_error_test.dir/skip_with_error_test.cc.o\n[ 43%] Linking CXX executable skip_with_error_test\n[ 43%] Built target skip_with_error_test\n[ 44%] Building CXX object test/CMakeFiles/donotoptimize_test.dir/donotoptimize_test.cc.o\n[ 45%] Linking CXX executable donotoptimize_test\n[ 45%] Built target donotoptimize_test\n[ 46%] Building CXX object test/CMakeFiles/fixture_test.dir/fixture_test.cc.o\n[ 47%] Linking CXX executable fixture_test\n[ 47%] Built target fixture_test\n[ 48%] Building CXX object test/CMakeFiles/register_benchmark_test.dir/register_benchmark_test.cc.o\n[ 50%] Linking CXX executable register_benchmark_test\n[ 50%] Built target register_benchmark_test\n[ 51%] Building CXX object test/CMakeFiles/map_test.dir/map_test.cc.o\n[ 52%] Linking CXX executable map_test\n[ 52%] Built target map_test\n[ 53%] Building CXX object test/CMakeFiles/multiple_ranges_test.dir/multiple_ranges_test.cc.o\n[ 54%] Linking CXX executable multiple_ranges_test\n[ 54%] Built target multiple_ranges_test\n[ 54%] Building CXX object test/CMakeFiles/args_product_test.dir/args_product_test.cc.o\n[ 55%] Linking CXX executable args_product_test\n[ 55%] Built target args_product_test\n[ 56%] Building CXX object test/CMakeFiles/link_main_test.dir/link_main_test.cc.o\n[ 57%] Linking CXX executable link_main_test\n[ 57%] Built target link_main_test\n[ 58%] Building CXX object test/CMakeFiles/reporter_output_test.dir/reporter_output_test.cc.o\n[ 59%] Linking CXX executable reporter_output_test\n[ 59%] Built target reporter_output_test\n[ 60%] Building CXX object test/CMakeFiles/templated_fixture_test.dir/templated_fixture_test.cc.o\n[ 61%] Linking CXX executable templated_fixture_test\n[ 61%] Built target templated_fixture_test\n[ 62%] Building CXX object test/CMakeFiles/user_counters_test.dir/user_counters_test.cc.o\n[ 63%] Linking CXX executable user_counters_test\n[ 63%] Built target user_counters_test\n[ 64%] Building CXX object test/CMakeFiles/perf_counters_test.dir/perf_counters_test.cc.o\n[ 65%] Linking CXX executable perf_counters_test\n[ 65%] Built target perf_counters_test\n[ 65%] Building CXX object test/CMakeFiles/internal_threading_test.dir/internal_threading_test.cc.o\n[ 66%] Linking CXX executable internal_threading_test\n[ 66%] Built target internal_threading_test\n[ 67%] Building CXX object test/CMakeFiles/report_aggregates_only_test.dir/report_aggregates_only_test.cc.o\n[ 68%] Linking CXX executable report_aggregates_only_test\n[ 68%] Built target report_aggregates_only_test\n[ 68%] Building CXX object test/CMakeFiles/display_aggregates_only_test.dir/display_aggregates_only_test.cc.o\n[ 69%] Linking CXX executable display_aggregates_only_test\n[ 69%] Built target display_aggregates_only_test\n[ 70%] Building CXX object test/CMakeFiles/user_counters_tabular_test.dir/user_counters_tabular_test.cc.o\n[ 71%] Linking CXX executable user_counters_tabular_test\n[ 71%] Built target user_counters_tabular_test\n[ 72%] Building CXX object test/CMakeFiles/user_counters_thousands_test.dir/user_counters_thousands_test.cc.o\n[ 73%] Linking CXX executable user_counters_thousands_test\n[ 73%] Built target user_counters_thousands_test\n[ 74%] Building CXX object test/CMakeFiles/memory_manager_test.dir/memory_manager_test.cc.o\n[ 75%] Linking CXX executable memory_manager_test\n[ 75%] Built target memory_manager_test\n[ 76%] Building CXX object test/CMakeFiles/cxx03_test.dir/cxx03_test.cc.o\n[ 77%] Linking CXX executable cxx03_test\n[ 77%] Built target cxx03_test\n[ 78%] Building CXX object test/CMakeFiles/complexity_test.dir/complexity_test.cc.o\n[ 79%] Linking CXX executable complexity_test\n[ 79%] Built target complexity_test\n[ 80%] Building CXX object third_party/googletest/build/googletest/CMakeFiles/gtest.dir/src/gtest-all.cc.o\n[ 81%] Linking CXX static library ../../../../lib/libgtest.a\n[ 81%] Built target gtest\n[ 82%] Building CXX object third_party/googletest/build/googlemock/CMakeFiles/gmock.dir/src/gmock-all.cc.o\n[ 83%] Linking CXX static library ../../../../lib/libgmock.a\n[ 83%] Built target gmock\n[ 84%] Building CXX object third_party/googletest/build/googlemock/CMakeFiles/gmock_main.dir/src/gmock_main.cc.o\n[ 85%] Linking CXX static library ../../../../lib/libgmock_main.a\n[ 85%] Built target gmock_main\n[ 86%] Building CXX object test/CMakeFiles/benchmark_gtest.dir/benchmark_gtest.cc.o\n[ 87%] Linking CXX executable benchmark_gtest\n[ 87%] Built target benchmark_gtest\n[ 88%] Building CXX object test/CMakeFiles/benchmark_name_gtest.dir/benchmark_name_gtest.cc.o\n[ 88%] Linking CXX executable benchmark_name_gtest\n[ 88%] Built target benchmark_name_gtest\n[ 89%] Building CXX object test/CMakeFiles/benchmark_random_interleaving_gtest.dir/benchmark_random_interleaving_gtest.cc.o\n[ 90%] Linking CXX executable benchmark_random_interleaving_gtest\n[ 90%] Built target benchmark_random_interleaving_gtest\n[ 91%] Building CXX object test/CMakeFiles/commandlineflags_gtest.dir/commandlineflags_gtest.cc.o\n[ 92%] Linking CXX executable commandlineflags_gtest\n[ 92%] Built target commandlineflags_gtest\n[ 93%] Building CXX object test/CMakeFiles/statistics_gtest.dir/statistics_gtest.cc.o\n[ 94%] Linking CXX executable statistics_gtest\n[ 94%] Built target statistics_gtest\n[ 95%] Building CXX object test/CMakeFiles/string_util_gtest.dir/string_util_gtest.cc.o\n[ 96%] Linking CXX executable string_util_gtest\n[ 96%] Built target string_util_gtest\n[ 97%] Building CXX object test/CMakeFiles/perf_counters_gtest.dir/perf_counters_gtest.cc.o\n[ 97%] Linking CXX executable perf_counters_gtest\n[ 97%] Built target perf_counters_gtest\n[ 98%] Building CXX object test/CMakeFiles/time_unit_gtest.dir/time_unit_gtest.cc.o\n[100%] Linking CXX executable time_unit_gtest\n[100%] Built target time_unit_gtest\nConsolidate compiler generated dependencies of target benchmark\n[ 20%] Built target benchmark\nConsolidate compiler generated dependencies of target benchmark_main\n[ 22%] Built target benchmark_main\nConsolidate compiler generated dependencies of target output_test_helper\n[ 24%] Built target output_test_helper\nConsolidate compiler generated dependencies of target benchmark_test\n[ 26%] Built target benchmark_test\nConsolidate compiler generated dependencies of target spec_arg_test\n[ 28%] Built target spec_arg_test\nConsolidate compiler generated dependencies of target spec_arg_verbosity_test\n[ 29%] Built target spec_arg_verbosity_test\nConsolidate compiler generated dependencies of target benchmark_setup_teardown_test\n[ 31%] Built target benchmark_setup_teardown_test\nConsolidate compiler generated dependencies of target filter_test\n[ 33%] Built target filter_test\nConsolidate compiler generated dependencies of target options_test\n[ 35%] Built target options_test\nConsolidate compiler generated dependencies of target basic_test\n[ 37%] Built target basic_test\nConsolidate compiler generated dependencies of target repetitions_test\n[ 39%] Built target repetitions_test\nConsolidate compiler generated dependencies of target diagnostics_test\n[ 41%] Built target diagnostics_test\nConsolidate compiler generated dependencies of target skip_with_error_test\n[ 43%] Built target skip_with_error_test\nConsolidate compiler generated dependencies of target donotoptimize_test\n[ 45%] Built target donotoptimize_test\nConsolidate compiler generated dependencies of target fixture_test\n[ 47%] Built target fixture_test\nConsolidate compiler generated dependencies of target register_benchmark_test\n[ 50%] Built target register_benchmark_test\nConsolidate compiler generated dependencies of target map_test\n[ 52%] Built target map_test\nConsolidate compiler generated dependencies of target multiple_ranges_test\n[ 54%] Built target multiple_ranges_test\nConsolidate compiler generated dependencies of target args_product_test\n[ 55%] Built target args_product_test\nConsolidate compiler generated dependencies of target link_main_test\n[ 57%] Built target link_main_test\nConsolidate compiler generated dependencies of target reporter_output_test\n[ 59%] Built target reporter_output_test\nConsolidate compiler generated dependencies of target templated_fixture_test\n[ 61%] Built target templated_fixture_test\nConsolidate compiler generated dependencies of target user_counters_test\n[ 63%] Built target user_counters_test\nConsolidate compiler generated dependencies of target perf_counters_test\n[ 65%] Built target perf_counters_test\nConsolidate compiler generated dependencies of target internal_threading_test\n[ 66%] Built target internal_threading_test\nConsolidate compiler generated dependencies of target report_aggregates_only_test\n[ 68%] Built target report_aggregates_only_test\nConsolidate compiler generated dependencies of target display_aggregates_only_test\n[ 69%] Built target display_aggregates_only_test\nConsolidate compiler generated dependencies of target user_counters_tabular_test\n[ 71%] Built target user_counters_tabular_test\nConsolidate compiler generated dependencies of target user_counters_thousands_test\n[ 73%] Built target user_counters_thousands_test\nConsolidate compiler generated dependencies of target memory_manager_test\n[ 75%] Built target memory_manager_test\nConsolidate compiler generated dependencies of target cxx03_test\n[ 77%] Built target cxx03_test\nConsolidate compiler generated dependencies of target complexity_test\n[ 79%] Built target complexity_test\nConsolidate compiler generated dependencies of target gtest\n[ 81%] Built target gtest\nConsolidate compiler generated dependencies of target gmock\n[ 83%] Built target gmock\nConsolidate compiler generated dependencies of target gmock_main\n[ 85%] Built target gmock_main\nConsolidate compiler generated dependencies of target benchmark_gtest\n[ 87%] Built target benchmark_gtest\nConsolidate compiler generated dependencies of target benchmark_name_gtest\n[ 88%] Built target benchmark_name_gtest\nConsolidate compiler generated dependencies of target benchmark_random_interleaving_gtest\n[ 90%] Built target benchmark_random_interleaving_gtest\nConsolidate compiler generated dependencies of target commandlineflags_gtest\n[ 92%] Built target commandlineflags_gtest\nConsolidate compiler generated dependencies of target statistics_gtest\n[ 94%] Built target statistics_gtest\nConsolidate compiler generated dependencies of target string_util_gtest\n[ 96%] Built target string_util_gtest\nConsolidate compiler generated dependencies of target perf_counters_gtest\n[ 97%] Built target perf_counters_gtest\nConsolidate compiler generated dependencies of target time_unit_gtest\n[100%] Built target time_unit_gtest\nInstalling the project stripped...\n-- Install configuration: \"\"\n-- Installing: /usr/local/lib/libbenchmark.a\n-- Installing: /usr/local/lib/libbenchmark_main.a\n-- Installing: /usr/local/include/benchmark\n-- Installing: /usr/local/include/benchmark/benchmark.h\n-- Installing: /usr/local/include/benchmark/export.h\n-- Up-to-date: /usr/local/include/benchmark\n-- Up-to-date: /usr/local/include/benchmark/benchmark.h\n-- Up-to-date: /usr/local/include/benchmark/export.h\n-- Installing: /usr/local/lib/cmake/benchmark/benchmarkConfig.cmake\n-- Installing: /usr/local/lib/cmake/benchmark/benchmarkConfigVersion.cmake\n-- Installing: /usr/local/lib/pkgconfig/benchmark.pc\n-- Installing: /usr/local/lib/cmake/benchmark/benchmarkTargets.cmake\n-- Installing: /usr/local/lib/cmake/benchmark/benchmarkTargets-noconfig.cmake\n-- Installing: /usr/local/share/doc/benchmark\n-- Installing: /usr/local/share/doc/benchmark/dependencies.md\n-- Installing: /usr/local/share/doc/benchmark/index.md\n-- Installing: /usr/local/share/doc/benchmark/perf_counters.md\n-- Installing: /usr/local/share/doc/benchmark/python_bindings.md\n-- Installing: /usr/local/share/doc/benchmark/platform_specific_build_instructions.md\n-- Installing: /usr/local/share/doc/benchmark/releasing.md\n-- Installing: /usr/local/share/doc/benchmark/reducing_variance.md\n-- Installing: /usr/local/share/doc/benchmark/AssemblyTests.md\n-- Installing: /usr/local/share/doc/benchmark/user_guide.md\n-- Installing: /usr/local/share/doc/benchmark/tools.md\n-- Installing: /usr/local/share/doc/benchmark/_config.yml\n-- Installing: /usr/local/share/doc/benchmark/random_interleaving.md\nRemoving intermediate container af761610c724\n ---> 4f9a2292638d\nStep 7/21 : WORKDIR /usr/src/taurion\n ---> Running in 9543f7a9b2e0\nRemoving intermediate container 9543f7a9b2e0\n ---> 5ac5f4d432e8\nStep 8/21 : COPY . .\n ---> b970962bbcaf\nStep 9/21 : RUN make distclean || true\n ---> Running in 381b14231392\n\u001b[91mmake: *** No rule to make target 'distclean'.  Stop.\n\u001b[0mRemoving intermediate container 381b14231392\n ---> 16823a49f617\nStep 10/21 : RUN ./autogen.sh && ./configure && make && make install-strip\n ---> Running in 457ef6979ba1\nlibtoolize: putting auxiliary files in '.'.\nlibtoolize: linking file './ltmain.sh'\nlibtoolize: putting macros in AC_CONFIG_MACRO_DIRS, 'm4'.\nlibtoolize: linking file 'm4/libtool.m4'\nlibtoolize: linking file 'm4/ltoptions.m4'\nlibtoolize: linking file 'm4/ltsugar.m4'\nlibtoolize: linking file 'm4/ltversion.m4'\nlibtoolize: linking file 'm4/lt~obsolete.m4'\nlibtoolize: putting auxiliary files in '.'.\nlibtoolize: copying file './ltmain.sh'\nlibtoolize: putting macros in AC_CONFIG_MACRO_DIRS, 'm4'.\nlibtoolize: copying file 'm4/libtool.m4'\nlibtoolize: copying file 'm4/ltoptions.m4'\nlibtoolize: copying file 'm4/ltsugar.m4'\nlibtoolize: copying file 'm4/ltversion.m4'\nlibtoolize: copying file 'm4/lt~obsolete.m4'\n\u001b[91mconfigure.ac:10: installing './ar-lib'\n\u001b[0m\u001b[91mconfigure.ac:9: installing './compile'\n\u001b[0m\u001b[91mconfigure.ac:13: installing './config.guess'\n\u001b[0m\u001b[91mconfigure.ac:13: installing './config.sub'\n\u001b[0m\u001b[91mconfigure.ac:2: installing './install-sh'\n\u001b[0m\u001b[91mconfigure.ac:2: installing './missing'\n\u001b[0m\u001b[91mMakefile.am: installing './INSTALL'\n\u001b[0m\u001b[91mdatabase/Makefile.am: installing './depcomp'\n\u001b[0m\u001b[91mparallel-tests: installing './test-driver'\n\u001b[0m\u001b[91mproto/Makefile.am:155: warning: '%'-style pattern rules are a GNU make extension\n\u001b[0m\u001b[91mproto/Makefile.am:135: installing './py-compile'\n\u001b[0mchecking for a BSD-compatible install... /usr/bin/install -c\nchecking whether build environment is sane... yes\nchecking for a race-free mkdir -p... ./install-sh -c -d\nchecking for gawk... no\nchecking for mawk... no\nchecking for nawk... no\nchecking for awk... awk\nchecking whether make sets $(MAKE)... yes\nchecking whether make supports nested variables... yes\nchecking whether make supports nested variables... (cached) yes\nchecking for g++... g++\nchecking whether the C++ compiler works... yes\nchecking for C++ compiler default output file name... a.out\nchecking for suffix of executables... \nchecking whether we are cross compiling... no\nchecking for suffix of object files... o\nchecking whether the compiler supports GNU C++... yes\nchecking whether g++ accepts -g... yes\nchecking for g++ option to enable C++11 features... none needed\nchecking whether make supports the include directive... yes (GNU style)\nchecking dependency style of g++... gcc3\nchecking for gcc... gcc\nchecking whether the compiler supports GNU C... yes\nchecking whether gcc accepts -g... yes\nchecking for gcc option to enable C11 features... none needed\nchecking whether gcc understands -c and -o together... yes\nchecking dependency style of gcc... gcc3\nchecking dependency style of gcc... gcc3\nchecking for ar... ar\nchecking the archiver (ar) interface... ar\nchecking for a Python interpreter with version >= 3.7... python3\nchecking for python3... /usr/bin/python3\nchecking for python3 version... 3.10\nchecking for python3 platform... linux\nchecking for GNU default python3 prefix... ${prefix}\nchecking for GNU default python3 exec_prefix... ${exec_prefix}\nchecking for python3 script directory (pythondir)... ${PYTHON_PREFIX}/lib/python3.10/site-packages\nchecking for python3 extension module directory (pyexecdir)... ${PYTHON_EXEC_PREFIX}/lib/python3.10/site-packages\nchecking build system type... x86_64-pc-linux-musl\nchecking host system type... x86_64-pc-linux-musl\nchecking how to print strings... printf\nchecking for a sed that does not truncate output... /bin/sed\nchecking for grep that handles long lines and -e... /bin/grep\nchecking for egrep... /bin/grep -E\nchecking for fgrep... /bin/grep -F\nchecking for ld used by gcc... /usr/x86_64-alpine-linux-musl/bin/ld\nchecking if the linker (/usr/x86_64-alpine-linux-musl/bin/ld) is GNU ld... yes\nchecking for BSD- or MS-compatible name lister (nm)... /usr/bin/nm -B\nchecking the name lister (/usr/bin/nm -B) interface... BSD nm\nchecking whether ln -s works... yes\nchecking the maximum length of command line arguments... 98304\nchecking how to convert x86_64-pc-linux-musl file names to x86_64-pc-linux-musl format... func_convert_file_noop\nchecking how to convert x86_64-pc-linux-musl file names to toolchain format... func_convert_file_noop\nchecking for /usr/x86_64-alpine-linux-musl/bin/ld option to reload object files... -r\nchecking for file... file\nchecking for objdump... objdump\nchecking how to recognize dependent libraries... pass_all\nchecking for dlltool... no\nchecking how to associate runtime and link libraries... printf %s\\n\nchecking for archiver @FILE support... @\nchecking for strip... strip\nchecking for ranlib... ranlib\nchecking command to parse /usr/bin/nm -B output from gcc object... ok\nchecking for sysroot... no\nchecking for a working dd... /bin/dd\nchecking how to truncate binary pipes... /bin/dd bs=4096 count=1\nchecking for mt... no\nchecking if : is a manifest tool... no\nchecking for stdio.h... yes\nchecking for stdlib.h... yes\nchecking for string.h... yes\nchecking for inttypes.h... yes\nchecking for stdint.h... yes\nchecking for strings.h... yes\nchecking for sys/stat.h... yes\nchecking for sys/types.h... yes\nchecking for unistd.h... yes\nchecking for dlfcn.h... yes\nchecking for objdir... .libs\nchecking if gcc supports -fno-rtti -fno-exceptions... no\nchecking for gcc option to produce PIC... -fPIC -DPIC\nchecking if gcc PIC flag -fPIC -DPIC works... yes\nchecking if gcc static flag -static works... yes\nchecking if gcc supports -c -o file.o... yes\nchecking if gcc supports -c -o file.o... (cached) yes\nchecking whether the gcc linker (/usr/x86_64-alpine-linux-musl/bin/ld -m elf_x86_64) supports shared libraries... yes\nchecking whether -lc should be explicitly linked in... no\nchecking dynamic linker characteristics... GNU/Linux ld.so\nchecking how to hardcode library paths into programs... immediate\nchecking whether stripping libraries is possible... yes\nchecking if libtool supports shared libraries... yes\nchecking whether to build shared libraries... yes\nchecking whether to build static libraries... yes\nchecking how to run the C++ preprocessor... g++ -E\nchecking for ld used by g++... /usr/x86_64-alpine-linux-musl/bin/ld -m elf_x86_64\nchecking if the linker (/usr/x86_64-alpine-linux-musl/bin/ld -m elf_x86_64) is GNU ld... yes\nchecking whether the g++ linker (/usr/x86_64-alpine-linux-musl/bin/ld -m elf_x86_64) supports shared libraries... yes\nchecking for g++ option to produce PIC... -fPIC -DPIC\nchecking if g++ PIC flag -fPIC -DPIC works... yes\nchecking if g++ static flag -static works... yes\nchecking if g++ supports -c -o file.o... yes\nchecking if g++ supports -c -o file.o... (cached) yes\nchecking whether the g++ linker (/usr/x86_64-alpine-linux-musl/bin/ld -m elf_x86_64) supports shared libraries... yes\nchecking dynamic linker characteristics... (cached) GNU/Linux ld.so\nchecking how to hardcode library paths into programs... immediate\nchecking whether g++ supports C++14 features with -std=c++14... yes\nchecking whether C++ compiler accepts -Wall... yes\nchecking whether C++ compiler accepts -Werror... yes\nchecking whether C++ compiler accepts -pedantic... yes\nchecking whether C++ compiler accepts -Wno-deprecated... yes\nchecking for pkg-config... /usr/bin/pkg-config\nchecking pkg-config is at least version 0.9.0... yes\nchecking for XAYAGAME... yes\nchecking for CHARON... yes\nchecking for SQLITE3... yes\nchecking for JSON... yes\nchecking for MHD... yes\nchecking for GLOG... yes\nchecking for GFLAGS... yes\nchecking for GTEST... yes\nchecking for GTEST_MAIN... yes\nchecking for PROTOBUF... yes\nchecking for BENCHMARK... yes\nchecking for __gmpz_init in -lgmp... yes\nchecking that generated files are newer than configure... done\nconfigure: creating ./config.status\nconfig.status: creating Makefile\nconfig.status: creating data/Makefile\nconfig.status: creating database/Makefile\nconfig.status: creating gametest/Makefile\nconfig.status: creating hexagonal/Makefile\nconfig.status: creating mapdata/Makefile\nconfig.status: creating proto/Makefile\nconfig.status: creating src/Makefile\nconfig.status: creating config.h\nconfig.status: executing depfiles commands\nconfig.status: executing libtool commands\n\nSlow assertions: no\nCXXFLAGS: -g -O2 -Wall -Werror -pedantic -Wno-deprecated -DGLOG_NO_ABBREVIATED_SEVERITIES\nmake  all-recursive\nmake[1]: Entering directory '/usr/src/taurion'\nMaking all in data\nmake[2]: Entering directory '/usr/src/taurion/data'\nmake[2]: Nothing to be done for 'all'.\nmake[2]: Leaving directory '/usr/src/taurion/data'\nMaking all in hexagonal\nmake[2]: Entering directory '/usr/src/taurion/hexagonal'\n  CXX      libhexagonal_la-pathfinder.lo\n  CXX      libhexagonal_la-ring.lo\n  CXXLD    libhexagonal.la\nmake[2]: Leaving directory '/usr/src/taurion/hexagonal'\nMaking all in proto\nmake[2]: Entering directory '/usr/src/taurion/proto'\nprotoc -I.. --cpp_out=.. \"../proto/account.proto\"\nprotoc -I.. --cpp_out=.. \"../proto/building.proto\"\nprotoc -I.. --cpp_out=.. \"../proto/character.proto\"\nprotoc -I.. --cpp_out=.. \"../proto/combat.proto\"\nprotoc -I.. --cpp_out=.. \"../proto/config.proto\"\nprotoc -I.. --cpp_out=.. \"../proto/geometry.proto\"\nprotoc -I.. --cpp_out=.. \"../proto/inventory.proto\"\nprotoc -I.. --cpp_out=.. \"../proto/modifier.proto\"\nprotoc -I.. --cpp_out=.. \"../proto/movement.proto\"\nprotoc -I.. --cpp_out=.. \"../proto/ongoing.proto\"\nprotoc -I.. --cpp_out=.. \"../proto/region.proto\"\nprotoc -I.. --python_out=.. \"../proto/account.proto\"\nprotoc -I.. --python_out=.. \"../proto/building.proto\"\nprotoc -I.. --python_out=.. \"../proto/character.proto\"\nprotoc -I.. --python_out=.. \"../proto/combat.proto\"\nprotoc -I.. --python_out=.. \"../proto/config.proto\"\nprotoc -I.. --python_out=.. \"../proto/geometry.proto\"\nprotoc -I.. --python_out=.. \"../proto/inventory.proto\"\nprotoc -I.. --python_out=.. \"../proto/modifier.proto\"\nprotoc -I.. --python_out=.. \"../proto/movement.proto\"\nprotoc -I.. --python_out=.. \"../proto/ongoing.proto\"\nprotoc -I.. --python_out=.. \"../proto/region.proto\"\ncat roconfig_gen_head.cpp roconfig/initialbuildings.pb.text roconfig/params.pb.text roconfig/resourcedist.pb.text roconfig/safezones.pb.text roconfig/items/artefacts.pb.text roconfig/items/fitments.pb.text roconfig/items/materials.pb.text roconfig/items/vehicles_others.pb.text roconfig/items/vehicles_starter.pb.text roconfig/buildings/ancient1.pb.text roconfig/buildings/ancient2.pb.text roconfig/buildings/ancient3.pb.text roconfig/buildings/obelisk1.pb.text roconfig/buildings/obelisk2.pb.text roconfig/buildings/obelisk3.pb.text roconfig/buildings/r_c1.pb.text roconfig/buildings/r_c2.pb.text roconfig/buildings/r_c3.pb.text roconfig/buildings/r_c4.pb.text roconfig/buildings/r_c5.pb.text roconfig/buildings/r_c6.pb.text roconfig/buildings/r_c7.pb.text roconfig/buildings/r_c8.pb.text roconfig/buildings/r_c9.pb.text roconfig/buildings/r_c10.pb.text roconfig/buildings/r_c11.pb.text roconfig/buildings/r_cc.pb.text roconfig/buildings/r_cf.pb.text roconfig/buildings/r_rf.pb.text roconfig/buildings/r_r.pb.text roconfig/buildings/r_rt.pb.text roconfig/buildings/r_ss.pb.text roconfig/buildings/r_vb.pb.text roconfig/buildings/g_c1.pb.text roconfig/buildings/g_c2.pb.text roconfig/buildings/g_c3.pb.text roconfig/buildings/g_c4.pb.text roconfig/buildings/g_c5.pb.text roconfig/buildings/g_c6.pb.text roconfig/buildings/g_c7.pb.text roconfig/buildings/g_c8.pb.text roconfig/buildings/g_c9.pb.text roconfig/buildings/g_c10.pb.text roconfig/buildings/g_cc.pb.text roconfig/buildings/g_cf.pb.text roconfig/buildings/g_rf.pb.text roconfig/buildings/g_r.pb.text roconfig/buildings/g_rt.pb.text roconfig/buildings/g_ss.pb.text roconfig/buildings/g_vb.pb.text roconfig/buildings/b_c1.pb.text roconfig/buildings/b_c2.pb.text roconfig/buildings/b_c3.pb.text roconfig/buildings/b_c4.pb.text roconfig/buildings/b_c5.pb.text roconfig/buildings/b_c6.pb.text roconfig/buildings/b_c7.pb.text roconfig/buildings/b_c8.pb.text roconfig/buildings/b_c9.pb.text roconfig/buildings/b_c10.pb.text roconfig/buildings/b_c11.pb.text roconfig/buildings/b_cc.pb.text roconfig/buildings/b_cf.pb.text roconfig/buildings/b_rf.pb.text roconfig/buildings/b_r.pb.text roconfig/buildings/b_rt.pb.text roconfig/buildings/b_ss.pb.text roconfig/buildings/b_vb.pb.text roconfig/testnet.pb.text roconfig_gen_mid.cpp roconfig/test_params.pb.text roconfig/test_resourcedist.pb.text roconfig/test_safezones.pb.text roconfig/buildings/test.pb.text roconfig/items/test.pb.text roconfig_gen_tail.cpp >roconfig_gen.cpp\n  CXX      roconfig_gen-roconfig_gen.o\n  CXX      roconfig_gen-account.pb.o\n  CXX      roconfig_gen-building.pb.o\n  CXX      roconfig_gen-character.pb.o\n  CXX      roconfig_gen-combat.pb.o\n  CXX      roconfig_gen-config.pb.o\n  CXX      roconfig_gen-geometry.pb.o\n  CXX      roconfig_gen-inventory.pb.o\n  CXX      roconfig_gen-modifier.pb.o\n  CXX      roconfig_gen-movement.pb.o\n  CXX      roconfig_gen-ongoing.pb.o\n  CXX      roconfig_gen-region.pb.o\n  CXXLD    roconfig_gen\n./roconfig_gen \\\n          --out_binary=\"./roconfig.pb\" \\\n          --out_text=\"./roconfig.pb.text\"\ntouch ./roconfig_blob.s\nmake  all-am\nmake[3]: Entering directory '/usr/src/taurion/proto'\n  CXX      libpxproto_la-roconfig.lo\n  CCAS     roconfig_blob.lo\n  CXX      libpxproto_la-account.pb.lo\n  CXX      libpxproto_la-building.pb.lo\n  CXX      libpxproto_la-character.pb.lo\n  CXX      libpxproto_la-combat.pb.lo\n  CXX      libpxproto_la-config.pb.lo\n  CXX      libpxproto_la-geometry.pb.lo\n  CXX      libpxproto_la-inventory.pb.lo\n  CXX      libpxproto_la-modifier.pb.lo\n  CXX      libpxproto_la-movement.pb.lo\n  CXX      libpxproto_la-ongoing.pb.lo\n  CXX      libpxproto_la-region.pb.lo\n  CXXLD    libpxproto.la\nmake[3]: Leaving directory '/usr/src/taurion/proto'\nmake[2]: Leaving directory '/usr/src/taurion/proto'\nMaking all in database\nmake[2]: Entering directory '/usr/src/taurion/database'\n  CXX      libdatabase_la-account.lo\n  CXX      libdatabase_la-building.lo\n  CXX      libdatabase_la-character.lo\n  CXX      libdatabase_la-combat.lo\n  CXX      libdatabase_la-coord.lo\n  CXX      libdatabase_la-damagelists.lo\n  CXX      libdatabase_la-database.lo\n  CXX      libdatabase_la-dex.lo\n  CXX      libdatabase_la-faction.lo\n  CXX      libdatabase_la-fighter.lo\n  CXX      libdatabase_la-inventory.lo\n  CXX      libdatabase_la-itemcounts.lo\n  CXX      libdatabase_la-moneysupply.lo\n  CXX      libdatabase_la-ongoing.lo\n  CXX      libdatabase_la-region.lo\ncat schema_head.cpp schema.sql schema_tail.cpp >schema.cpp\n  CXX      libdatabase_la-schema.lo\n  CXX      libdatabase_la-target.lo\n  CXX      libdatabase_la-uniquehandles.lo\n  CXXLD    libdatabase.la\nmake[2]: Leaving directory '/usr/src/taurion/database'\nMaking all in mapdata\nmake[2]: Entering directory '/usr/src/taurion/mapdata'\nmake[2]: Leaving directory '/usr/src/taurion/mapdata'\n\u001b[91mmake[2]: *** No rule to make target 'obstacledata.dat.xz', needed by 'obstacledata.dat'.  Stop.\n\u001b[0m\u001b[91mmake[1]: *** [Makefile:443: all-recursive] Error 1\n\u001b[0mmake[1]: Leaving directory '/usr/src/taurion'\n\u001b[91mmake: *** [Makefile:375: all] Error 2\n\u001b[0mRemoving intermediate container 457ef6979ba1\n","stderr":"The command '/bin/sh -c ./autogen.sh && ./configure && make && make install-strip' returned a non-zero code: 2\n"}}