{"repository":"https://github.com/keikoproj/minion-manager","dockerfilePath":"Dockerfile","startTime":1673168172598,"endTime":1673168285632,"clone":{"startTime":1673168172598,"stdout":"","stderr":"Cloning into '/tmp/dinghy-analysis/keikoproj/minion-manager'...\n","error":null,"endTime":1673168175318,"commit":"c4e89a5c4614f86f0e58acb919bb99cd9122c897"},"originalBuild":{"startTime":1673168175407,"endTime":1673168285555,"error":{"code":1,"killed":false,"signal":null,"cmd":"docker build --no-cache --force-rm -t minion-manager:latest -f /tmp/dinghy-analysis/keikoproj/minion-manager/Dockerfile ."},"stdout":"Sending build context to Docker daemon  73.98MB\r\r\nStep 1/15 : FROM python:2.7.15-alpine3.8 AS Base\n2.7.15-alpine3.8: Pulling from library/python\n169185f82c45: Pulling fs layer\n81ac1279a939: Pulling fs layer\n938c429bd3b7: Pulling fs layer\n79325594e4c0: Pulling fs layer\n79325594e4c0: Waiting\n169185f82c45: Verifying Checksum\n169185f82c45: Download complete\n81ac1279a939: Verifying Checksum\n81ac1279a939: Download complete\n169185f82c45: Pull complete\n79325594e4c0: Verifying Checksum\n79325594e4c0: Download complete\n81ac1279a939: Pull complete\n938c429bd3b7: Verifying Checksum\n938c429bd3b7: Download complete\n938c429bd3b7: Pull complete\n79325594e4c0: Pull complete\nDigest: sha256:5aacbdaa473a41c262e4e74ed1a8eeccb01877da84ca1a902e6e56a61eca7b96\nStatus: Downloaded newer image for python:2.7.15-alpine3.8\n ---> d53a30ef8798\nStep 2/15 : RUN pip install pipenv==2018.10.13\n ---> Running in ec03548d20ae\n\u001b[91mDEPRECATION: Python 2.7 will reach the end of its life on January 1st, 2020. Please upgrade your Python as Python 2.7 won't be maintained after that date. A future version of pip will drop support for Python 2.7.\n\u001b[0mCollecting pipenv==2018.10.13\n  Downloading https://files.pythonhosted.org/packages/c3/e7/140613195a136c07be4c85db87400a130932093f1ddb1a8ca3593324a735/pipenv-2018.10.13-py2-none-any.whl (5.2MB)\nRequirement already satisfied: setuptools>=36.2.1 in /usr/local/lib/python2.7/site-packages (from pipenv==2018.10.13) (40.8.0)\nCollecting virtualenv (from pipenv==2018.10.13)\n  Downloading https://files.pythonhosted.org/packages/6f/43/df7c7b1b7a5ac4e41fac24c3682c1cc32f2c1d683d308bba2500338d1e3e/virtualenv-20.15.1-py2.py3-none-any.whl (10.1MB)\nCollecting enum34; python_version < \"3\" (from pipenv==2018.10.13)\n  Downloading https://files.pythonhosted.org/packages/6f/2c/a9386903ece2ea85e9807e0e062174dc26fdce8b05f216d00491be29fad5/enum34-1.1.10-py2-none-any.whl\nRequirement already satisfied: pip>=9.0.1 in /usr/local/lib/python2.7/site-packages (from pipenv==2018.10.13) (19.0.3)\nCollecting typing; python_version < \"3.5\" (from pipenv==2018.10.13)\n  Downloading https://files.pythonhosted.org/packages/0b/cb/da856e81731833b94da70a08712f658416266a5fb2a9d9e426c8061becef/typing-3.10.0.0-py2-none-any.whl\nCollecting certifi (from pipenv==2018.10.13)\n  Downloading https://files.pythonhosted.org/packages/37/45/946c02767aabb873146011e665728b680884cd8fe70dde973c640e45b775/certifi-2021.10.8-py2.py3-none-any.whl (149kB)\nCollecting virtualenv-clone>=0.2.5 (from pipenv==2018.10.13)\n  Downloading https://files.pythonhosted.org/packages/85/76/49120db3bb8de4073ac199a08dc7f11255af8968e1e14038aee95043fafa/virtualenv-clone-0.5.7.tar.gz\nCollecting importlib-metadata>=0.12; python_version < \"3.8\" (from virtualenv->pipenv==2018.10.13)\n  Downloading https://files.pythonhosted.org/packages/cf/b4/877779cd7b5a15536ecbe0655cfb35a0de0ede6d888151fd7356d278c47d/importlib_metadata-2.1.3-py2.py3-none-any.whl\nCollecting six<2,>=1.9.0 (from virtualenv->pipenv==2018.10.13)\n  Downloading https://files.pythonhosted.org/packages/d9/5a/e7c31adbe875f2abbb91bd84cf2dc52d792b5a01506781dbcf25c91daf11/six-1.16.0-py2.py3-none-any.whl\nCollecting platformdirs<3,>=2 (from virtualenv->pipenv==2018.10.13)\n  Downloading https://files.pythonhosted.org/packages/12/57/f4e6d433fba8bde239baa65f626a31fc6d0556a2065fcc81aaa0f4f1507b/platformdirs-2.0.2-py2.py3-none-any.whl\nCollecting distlib<1,>=0.3.1 (from virtualenv->pipenv==2018.10.13)\n  Downloading https://files.pythonhosted.org/packages/76/cb/6bbd2b10170ed991cf64e8c8b85e01f2fb38f95d1bc77617569e0b0b26ac/distlib-0.3.6-py2.py3-none-any.whl (468kB)\nCollecting importlib-resources>=1.0; python_version < \"3.7\" (from virtualenv->pipenv==2018.10.13)\n  Downloading https://files.pythonhosted.org/packages/8d/94/2f6ceee0c4e63bff0177c07e68d27c937a19f6bc77c4739755b49f5adb04/importlib_resources-3.3.1-py2.py3-none-any.whl\nCollecting filelock<4,>=3.2 (from virtualenv->pipenv==2018.10.13)\n  Downloading https://files.pythonhosted.org/packages/f1/12/585c4d8bef61cd7f9497a021d935ba9fb3127f5e45593c2fcc313897f582/filelock-3.2.1-py2.py3-none-any.whl\nCollecting pathlib2<3,>=2.3.3; python_version < \"3.4\" and sys_platform != \"win32\" (from virtualenv->pipenv==2018.10.13)\n  Downloading https://files.pythonhosted.org/packages/09/eb/4af4bcd5b8731366b676192675221c5324394a580dfae469d498313b5c4a/pathlib2-2.3.7.post1-py2.py3-none-any.whl\nCollecting configparser>=3.5; python_version < \"3\" (from importlib-metadata>=0.12; python_version < \"3.8\"->virtualenv->pipenv==2018.10.13)\n  Downloading https://files.pythonhosted.org/packages/7a/2a/95ed0501cf5d8709490b1d3a3f9b5cf340da6c433f896bbe9ce08dbe6785/configparser-4.0.2-py2.py3-none-any.whl\nCollecting zipp>=0.5 (from importlib-metadata>=0.12; python_version < \"3.8\"->virtualenv->pipenv==2018.10.13)\n  Downloading https://files.pythonhosted.org/packages/96/0a/67556e9b7782df7118c1f49bdc494da5e5e429c93aa77965f33e81287c8c/zipp-1.2.0-py2.py3-none-any.whl\nCollecting contextlib2; python_version < \"3\" (from importlib-metadata>=0.12; python_version < \"3.8\"->virtualenv->pipenv==2018.10.13)\n  Downloading https://files.pythonhosted.org/packages/85/60/370352f7ef6aa96c52fb001831622f50f923c1d575427d021b8ab3311236/contextlib2-0.6.0.post1-py2.py3-none-any.whl\nCollecting singledispatch; python_version < \"3.4\" (from importlib-resources>=1.0; python_version < \"3.7\"->virtualenv->pipenv==2018.10.13)\n  Downloading https://files.pythonhosted.org/packages/3f/09/2a17c6505a8373229cb3de6161e3af74ff90afcf4516719aa6cf32fad151/singledispatch-3.7.0-py2.py3-none-any.whl\nCollecting scandir; python_version < \"3.5\" (from pathlib2<3,>=2.3.3; python_version < \"3.4\" and sys_platform != \"win32\"->virtualenv->pipenv==2018.10.13)\n  Downloading https://files.pythonhosted.org/packages/df/f5/9c052db7bd54d0cbf1bc0bb6554362bba1012d03e5888950a4f5c5dadc4e/scandir-1.10.0.tar.gz\nBuilding wheels for collected packages: virtualenv-clone, scandir\n  Building wheel for virtualenv-clone (setup.py): started\n  Building wheel for virtualenv-clone (setup.py): finished with status 'done'\n  Stored in directory: /root/.cache/pip/wheels/a4/60/b4/697c1a2103beb1584bd2ac80b346017a9335d8f7e73e8cc3b9\n  Building wheel for scandir (setup.py): started\n  Building wheel for scandir (setup.py): finished with status 'done'\n  Stored in directory: /root/.cache/pip/wheels/91/95/75/19c98a91239878abbc7c59970abd3b4e0438a7dd5b61778335\nSuccessfully built virtualenv-clone scandir\nInstalling collected packages: configparser, contextlib2, zipp, six, typing, scandir, pathlib2, importlib-metadata, platformdirs, distlib, singledispatch, importlib-resources, filelock, virtualenv, enum34, certifi, virtualenv-clone, pipenv\nSuccessfully installed certifi-2021.10.8 configparser-4.0.2 contextlib2-0.6.0.post1 distlib-0.3.6 enum34-1.1.10 filelock-3.2.1 importlib-metadata-2.1.3 importlib-resources-3.3.1 pathlib2-2.3.7.post1 pipenv-2018.10.13 platformdirs-2.0.2 scandir-1.10.0 singledispatch-3.7.0 six-1.16.0 typing-3.10.0.0 virtualenv-20.15.1 virtualenv-clone-0.5.7 zipp-1.2.0\n\u001b[91mYou are using pip version 19.0.3, however version 20.3.4 is available.\nYou should consider upgrading via the 'pip install --upgrade pip' command.\n\u001b[0mRemoving intermediate container ec03548d20ae\n ---> 95f5e9336212\nStep 3/15 : WORKDIR /src\n ---> Running in be464217b19e\nRemoving intermediate container be464217b19e\n ---> bbb7e9adc04b\nStep 4/15 : COPY Pipfile /src/\n ---> bf6c684256e9\nStep 5/15 : COPY Pipfile.lock /src/\n ---> 0ea6b0705a45\nStep 6/15 : RUN wget -O /usr/local/bin/kubectl https://storage.googleapis.com/kubernetes-release/release/v1.18.16/bin/linux/amd64/kubectl\n ---> Running in 15530a3cd31d\n\u001b[91mConnecting to storage.googleapis.com (172.217.21.176:443)\n\u001b[0m\u001b[91mkubectl               38% |***********                    | 16384k  0:00:01 ETA\n\u001b[0m\u001b[91mkubectl              100% |*******************************| 42956k  0:00:00 ETA\n\n\u001b[0mRemoving intermediate container 15530a3cd31d\n ---> cfec886a1022\nStep 7/15 : RUN chmod +x /usr/local/bin/kubectl\n ---> Running in 1fc040a3b95c\nRemoving intermediate container 1fc040a3b95c\n ---> 29f2ba79cb19\nStep 8/15 : FROM Base AS Main\n ---> 29f2ba79cb19\nStep 9/15 : RUN pipenv install --system --deploy\n ---> Running in 9094895af88f\nInstalling dependencies from Pipfile.lock (9e3ece)…\nRemoving intermediate container 9094895af88f\n ---> c411e402fd2d\nStep 10/15 : COPY . /src\n ---> 05f8d5a5a903\nStep 11/15 : ENV PYTHONPATH=/src\n ---> Running in 6ab894c27b77\nRemoving intermediate container 6ab894c27b77\n ---> 16cb18c3f54b\nStep 12/15 : RUN chmod u+x minion_manager.py\n ---> Running in b7c08252c694\nRemoving intermediate container b7c08252c694\n ---> ce2d6f2caa7d\nStep 13/15 : FROM Base AS Dev\n ---> 29f2ba79cb19\nStep 14/15 : RUN apk add --no-cache build-base openssl-dev libffi-dev\n ---> Running in f9289a1262cb\nfetch http://dl-cdn.alpinelinux.org/alpine/v3.8/main/x86_64/APKINDEX.tar.gz\nfetch http://dl-cdn.alpinelinux.org/alpine/v3.8/community/x86_64/APKINDEX.tar.gz\n(1/26) Upgrading musl (1.1.19-r10 -> 1.1.19-r11)\n(2/26) Installing binutils (2.30-r6)\n(3/26) Installing libmagic (5.32-r2)\n(4/26) Installing file (5.32-r2)\n(5/26) Installing gmp (6.1.2-r1)\n(6/26) Installing isl (0.18-r0)\n(7/26) Installing libgomp (6.4.0-r9)\n(8/26) Installing libatomic (6.4.0-r9)\n(9/26) Installing pkgconf (1.5.3-r0)\n(10/26) Installing libgcc (6.4.0-r9)\n(11/26) Installing mpfr3 (3.1.5-r1)\n(12/26) Installing mpc1 (1.0.3-r1)\n(13/26) Installing libstdc++ (6.4.0-r9)\n(14/26) Installing gcc (6.4.0-r9)\n(15/26) Installing musl-dev (1.1.19-r11)\n(16/26) Installing libc-dev (0.7.1-r0)\n(17/26) Installing g++ (6.4.0-r9)\n(18/26) Installing make (4.2.1-r2)\n(19/26) Installing fortify-headers (0.9-r0)\n(20/26) Installing build-base (0.5-r1)\n(21/26) Upgrading musl-utils (1.1.19-r10 -> 1.1.19-r11)\n(22/26) Installing libffi-dev (3.2.1-r4)\n(23/26) Installing zlib-dev (1.2.11-r1)\n(24/26) Installing libcrypto1.0 (1.0.2u-r0)\n(25/26) Installing libssl1.0 (1.0.2u-r0)\n(26/26) Installing openssl-dev (1.0.2u-r0)\nExecuting busybox-1.28.4-r3.trigger\nOK: 198 MiB in 56 packages\nRemoving intermediate container f9289a1262cb\n ---> af907185a3a5\nStep 15/15 : RUN pipenv install --system --deploy --dev\n ---> Running in a96a9952f9cc\nInstalling dependencies from Pipfile.lock (9e3ece)…\nAn error occurred while installing cryptography==3.3.2 --hash=sha256:0d7b69674b738068fa6ffade5c962ecd14969690585aaca0a1b1fc9058938a72 --hash=sha256:1bd0ccb0a1ed775cd7e2144fe46df9dc03eefd722bbcf587b3e0616ea4a81eff --hash=sha256:3c284fc1e504e88e51c428db9c9274f2da9f73fdf5d7e13a36b8ecb039af6e6c --hash=sha256:49570438e60f19243e7e0d504527dd5fe9b4b967b5a1ff21cc12b57602dd85d3 --hash=sha256:541dd758ad49b45920dda3b5b48c968f8b2533d8981bcdb43002798d8f7a89ed --hash=sha256:5a60d3780149e13b7a6ff7ad6526b38846354d11a15e21068e57073e29e19bed --hash=sha256:7951a966613c4211b6612b0352f5bf29989955ee592c4a885d8c7d0f830d0433 --hash=sha256:922f9602d67c15ade470c11d616f2b2364950602e370c76f0c94c94ae672742e --hash=sha256:a0f0b96c572fc9f25c3f4ddbf4688b9b38c69836713fb255f4a2715d93cbaf44 --hash=sha256:a777c096a49d80f9d2979695b835b0f9c9edab73b59e4ceb51f19724dda887ed --hash=sha256:a9a4ac9648d39ce71c2f63fe7dc6db144b9fa567ddfc48b9fde1b54483d26042 --hash=sha256:aa4969f24d536ae2268c902b2c3d62ab464b5a66bcb247630d208a79a8098e9b --hash=sha256:c7390f9b2119b2b43160abb34f63277a638504ef8df99f11cb52c1fda66a2e6f --hash=sha256:e18e6ab84dfb0ab997faf8cca25a86ff15dfea4027b986322026cc99e0a892da! Will try again.\nInstalling initially failed dependencies…\nCollecting cryptography==3.3.2 \n  Using cached https://files.pythonhosted.org/packages/d4/85/38715448253404186029c575d559879912eb8a1c5d16ad9f25d35f7c4f4c/cryptography-3.3.2.tar.gz\n  Installing build dependencies: started\n  Installing build dependencies: finished with status 'done'\n  Getting requirements to build wheel: started\n  Getting requirements to build wheel: finished with status 'done'\n    Preparing wheel metadata: started\n    Preparing wheel metadata: finished with status 'done'\nBuilding wheels for collected packages: cryptography\n  Building wheel for cryptography (PEP 517): started\n  Building wheel for cryptography (PEP 517): finished with status 'error'\n  Complete output from command /usr/local/bin/python /usr/local/lib/python2.7/site-packages/pip/_vendor/pep517/_in_process.py build_wheel /tmp/tmpsk6eMC:\n  running bdist_wheel\n  running build\n  running build_py\n  creating build\n  creating build/lib.linux-x86_64-2.7\n  creating build/lib.linux-x86_64-2.7/cryptography\n  copying src/cryptography/__init__.py -> build/lib.linux-x86_64-2.7/cryptography\n  copying src/cryptography/exceptions.py -> build/lib.linux-x86_64-2.7/cryptography\n  copying src/cryptography/fernet.py -> build/lib.linux-x86_64-2.7/cryptography\n  copying src/cryptography/__about__.py -> build/lib.linux-x86_64-2.7/cryptography\n  copying src/cryptography/utils.py -> build/lib.linux-x86_64-2.7/cryptography\n  creating build/lib.linux-x86_64-2.7/cryptography/x509\n  copying src/cryptography/x509/__init__.py -> build/lib.linux-x86_64-2.7/cryptography/x509\n  copying src/cryptography/x509/base.py -> build/lib.linux-x86_64-2.7/cryptography/x509\n  copying src/cryptography/x509/certificate_transparency.py -> build/lib.linux-x86_64-2.7/cryptography/x509\n  copying src/cryptography/x509/ocsp.py -> build/lib.linux-x86_64-2.7/cryptography/x509\n  copying src/cryptography/x509/name.py -> build/lib.linux-x86_64-2.7/cryptography/x509\n  copying src/cryptography/x509/oid.py -> build/lib.linux-x86_64-2.7/cryptography/x509\n  copying src/cryptography/x509/general_name.py -> build/lib.linux-x86_64-2.7/cryptography/x509\n  copying src/cryptography/x509/extensions.py -> build/lib.linux-x86_64-2.7/cryptography/x509\n  creating build/lib.linux-x86_64-2.7/cryptography/hazmat\n  copying src/cryptography/hazmat/__init__.py -> build/lib.linux-x86_64-2.7/cryptography/hazmat\n  copying src/cryptography/hazmat/_der.py -> build/lib.linux-x86_64-2.7/cryptography/hazmat\n  copying src/cryptography/hazmat/_oid.py -> build/lib.linux-x86_64-2.7/cryptography/hazmat\n  creating build/lib.linux-x86_64-2.7/cryptography/hazmat/primitives\n  copying src/cryptography/hazmat/primitives/__init__.py -> build/lib.linux-x86_64-2.7/cryptography/hazmat/primitives\n  copying src/cryptography/hazmat/primitives/poly1305.py -> build/lib.linux-x86_64-2.7/cryptography/hazmat/primitives\n  copying src/cryptography/hazmat/primitives/keywrap.py -> build/lib.linux-x86_64-2.7/cryptography/hazmat/primitives\n  copying src/cryptography/hazmat/primitives/padding.py -> build/lib.linux-x86_64-2.7/cryptography/hazmat/primitives\n  copying src/cryptography/hazmat/primitives/cmac.py -> build/lib.linux-x86_64-2.7/cryptography/hazmat/primitives\n  copying src/cryptography/hazmat/primitives/hashes.py -> build/lib.linux-x86_64-2.7/cryptography/hazmat/primitives\n  copying src/cryptography/hazmat/primitives/hmac.py -> build/lib.linux-x86_64-2.7/cryptography/hazmat/primitives\n  copying src/cryptography/hazmat/primitives/constant_time.py -> build/lib.linux-x86_64-2.7/cryptography/hazmat/primitives\n  creating build/lib.linux-x86_64-2.7/cryptography/hazmat/bindings\n  copying src/cryptography/hazmat/bindings/__init__.py -> build/lib.linux-x86_64-2.7/cryptography/hazmat/bindings\n  creating build/lib.linux-x86_64-2.7/cryptography/hazmat/backends\n  copying src/cryptography/hazmat/backends/__init__.py -> build/lib.linux-x86_64-2.7/cryptography/hazmat/backends\n  copying src/cryptography/hazmat/backends/interfaces.py -> build/lib.linux-x86_64-2.7/cryptography/hazmat/backends\n  creating build/lib.linux-x86_64-2.7/cryptography/hazmat/primitives/ciphers\n  copying src/cryptography/hazmat/primitives/ciphers/__init__.py -> build/lib.linux-x86_64-2.7/cryptography/hazmat/primitives/ciphers\n  copying src/cryptography/hazmat/primitives/ciphers/base.py -> build/lib.linux-x86_64-2.7/cryptography/hazmat/primitives/ciphers\n  copying src/cryptography/hazmat/primitives/ciphers/algorithms.py -> build/lib.linux-x86_64-2.7/cryptography/hazmat/primitives/ciphers\n  copying src/cryptography/hazmat/primitives/ciphers/modes.py -> build/lib.linux-x86_64-2.7/cryptography/hazmat/primitives/ciphers\n  copying src/cryptography/hazmat/primitives/ciphers/aead.py -> build/lib.linux-x86_64-2.7/cryptography/hazmat/primitives/ciphers\n  creating build/lib.linux-x86_64-2.7/cryptography/hazmat/primitives/serialization\n  copying src/cryptography/hazmat/primitives/serialization/__init__.py -> build/lib.linux-x86_64-2.7/cryptography/hazmat/primitives/serialization\n  copying src/cryptography/hazmat/primitives/serialization/base.py -> build/lib.linux-x86_64-2.7/cryptography/hazmat/primitives/serialization\n  copying src/cryptography/hazmat/primitives/serialization/pkcs12.py -> build/lib.linux-x86_64-2.7/cryptography/hazmat/primitives/serialization\n  copying src/cryptography/hazmat/primitives/serialization/pkcs7.py -> build/lib.linux-x86_64-2.7/cryptography/hazmat/primitives/serialization\n  copying src/cryptography/hazmat/primitives/serialization/ssh.py -> build/lib.linux-x86_64-2.7/cryptography/hazmat/primitives/serialization\n  creating build/lib.linux-x86_64-2.7/cryptography/hazmat/primitives/kdf\n  copying src/cryptography/hazmat/primitives/kdf/__init__.py -> build/lib.linux-x86_64-2.7/cryptography/hazmat/primitives/kdf\n  copying src/cryptography/hazmat/primitives/kdf/concatkdf.py -> build/lib.linux-x86_64-2.7/cryptography/hazmat/primitives/kdf\n  copying src/cryptography/hazmat/primitives/kdf/x963kdf.py -> build/lib.linux-x86_64-2.7/cryptography/hazmat/primitives/kdf\n  copying src/cryptography/hazmat/primitives/kdf/kbkdf.py -> build/lib.linux-x86_64-2.7/cryptography/hazmat/primitives/kdf\n  copying src/cryptography/hazmat/primitives/kdf/scrypt.py -> build/lib.linux-x86_64-2.7/cryptography/hazmat/primitives/kdf\n  copying src/cryptography/hazmat/primitives/kdf/hkdf.py -> build/lib.linux-x86_64-2.7/cryptography/hazmat/primitives/kdf\n  copying src/cryptography/hazmat/primitives/kdf/pbkdf2.py -> build/lib.linux-x86_64-2.7/cryptography/hazmat/primitives/kdf\n  creating build/lib.linux-x86_64-2.7/cryptography/hazmat/primitives/asymmetric\n  copying src/cryptography/hazmat/primitives/asymmetric/__init__.py -> build/lib.linux-x86_64-2.7/cryptography/hazmat/primitives/asymmetric\n  copying src/cryptography/hazmat/primitives/asymmetric/dh.py -> build/lib.linux-x86_64-2.7/cryptography/hazmat/primitives/asymmetric\n  copying src/cryptography/hazmat/primitives/asymmetric/ec.py -> build/lib.linux-x86_64-2.7/cryptography/hazmat/primitives/asymmetric\n  copying src/cryptography/hazmat/primitives/asymmetric/ed448.py -> build/lib.linux-x86_64-2.7/cryptography/hazmat/primitives/asymmetric\n  copying src/cryptography/hazmat/primitives/asymmetric/padding.py -> build/lib.linux-x86_64-2.7/cryptography/hazmat/primitives/asymmetric\n  copying src/cryptography/hazmat/primitives/asymmetric/rsa.py -> build/lib.linux-x86_64-2.7/cryptography/hazmat/primitives/asymmetric\n  copying src/cryptography/hazmat/primitives/asymmetric/dsa.py -> build/lib.linux-x86_64-2.7/cryptography/hazmat/primitives/asymmetric\n  copying src/cryptography/hazmat/primitives/asymmetric/x448.py -> build/lib.linux-x86_64-2.7/cryptography/hazmat/primitives/asymmetric\n  copying src/cryptography/hazmat/primitives/asymmetric/utils.py -> build/lib.linux-x86_64-2.7/cryptography/hazmat/primitives/asymmetric\n  copying src/cryptography/hazmat/primitives/asymmetric/ed25519.py -> build/lib.linux-x86_64-2.7/cryptography/hazmat/primitives/asymmetric\n  copying src/cryptography/hazmat/primitives/asymmetric/x25519.py -> build/lib.linux-x86_64-2.7/cryptography/hazmat/primitives/asymmetric\n  creating build/lib.linux-x86_64-2.7/cryptography/hazmat/primitives/twofactor\n  copying src/cryptography/hazmat/primitives/twofactor/__init__.py -> build/lib.linux-x86_64-2.7/cryptography/hazmat/primitives/twofactor\n  copying src/cryptography/hazmat/primitives/twofactor/totp.py -> build/lib.linux-x86_64-2.7/cryptography/hazmat/primitives/twofactor\n  copying src/cryptography/hazmat/primitives/twofactor/hotp.py -> build/lib.linux-x86_64-2.7/cryptography/hazmat/primitives/twofactor\n  copying src/cryptography/hazmat/primitives/twofactor/utils.py -> build/lib.linux-x86_64-2.7/cryptography/hazmat/primitives/twofactor\n  creating build/lib.linux-x86_64-2.7/cryptography/hazmat/bindings/openssl\n  copying src/cryptography/hazmat/bindings/openssl/__init__.py -> build/lib.linux-x86_64-2.7/cryptography/hazmat/bindings/openssl\n  copying src/cryptography/hazmat/bindings/openssl/binding.py -> build/lib.linux-x86_64-2.7/cryptography/hazmat/bindings/openssl\n  copying src/cryptography/hazmat/bindings/openssl/_conditional.py -> build/lib.linux-x86_64-2.7/cryptography/hazmat/bindings/openssl\n  creating build/lib.linux-x86_64-2.7/cryptography/hazmat/backends/openssl\n  copying src/cryptography/hazmat/backends/openssl/__init__.py -> build/lib.linux-x86_64-2.7/cryptography/hazmat/backends/openssl\n  copying src/cryptography/hazmat/backends/openssl/poly1305.py -> build/lib.linux-x86_64-2.7/cryptography/hazmat/backends/openssl\n  copying src/cryptography/hazmat/backends/openssl/dh.py -> build/lib.linux-x86_64-2.7/cryptography/hazmat/backends/openssl\n  copying src/cryptography/hazmat/backends/openssl/ec.py -> build/lib.linux-x86_64-2.7/cryptography/hazmat/backends/openssl\n  copying src/cryptography/hazmat/backends/openssl/ciphers.py -> build/lib.linux-x86_64-2.7/cryptography/hazmat/backends/openssl\n  copying src/cryptography/hazmat/backends/openssl/x509.py -> build/lib.linux-x86_64-2.7/cryptography/hazmat/backends/openssl\n  copying src/cryptography/hazmat/backends/openssl/ed448.py -> build/lib.linux-x86_64-2.7/cryptography/hazmat/backends/openssl\n  copying src/cryptography/hazmat/backends/openssl/ocsp.py -> build/lib.linux-x86_64-2.7/cryptography/hazmat/backends/openssl\n  copying src/cryptography/hazmat/backends/openssl/rsa.py -> build/lib.linux-x86_64-2.7/cryptography/hazmat/backends/openssl\n  copying src/cryptography/hazmat/backends/openssl/backend.py -> build/lib.linux-x86_64-2.7/cryptography/hazmat/backends/openssl\n  copying src/cryptography/hazmat/backends/openssl/cmac.py -> build/lib.linux-x86_64-2.7/cryptography/hazmat/backends/openssl\n  copying src/cryptography/hazmat/backends/openssl/encode_asn1.py -> build/lib.linux-x86_64-2.7/cryptography/hazmat/backends/openssl\n  copying src/cryptography/hazmat/backends/openssl/dsa.py -> build/lib.linux-x86_64-2.7/cryptography/hazmat/backends/openssl\n  copying src/cryptography/hazmat/backends/openssl/hashes.py -> build/lib.linux-x86_64-2.7/cryptography/hazmat/backends/openssl\n  copying src/cryptography/hazmat/backends/openssl/x448.py -> build/lib.linux-x86_64-2.7/cryptography/hazmat/backends/openssl\n  copying src/cryptography/hazmat/backends/openssl/hmac.py -> build/lib.linux-x86_64-2.7/cryptography/hazmat/backends/openssl\n  copying src/cryptography/hazmat/backends/openssl/utils.py -> build/lib.linux-x86_64-2.7/cryptography/hazmat/backends/openssl\n  copying src/cryptography/hazmat/backends/openssl/ed25519.py -> build/lib.linux-x86_64-2.7/cryptography/hazmat/backends/openssl\n  copying src/cryptography/hazmat/backends/openssl/aead.py -> build/lib.linux-x86_64-2.7/cryptography/hazmat/backends/openssl\n  copying src/cryptography/hazmat/backends/openssl/decode_asn1.py -> build/lib.linux-x86_64-2.7/cryptography/hazmat/backends/openssl\n  copying src/cryptography/hazmat/backends/openssl/x25519.py -> build/lib.linux-x86_64-2.7/cryptography/hazmat/backends/openssl\n  running egg_info\n  writing requirements to src/cryptography.egg-info/requires.txt\n  writing src/cryptography.egg-info/PKG-INFO\n  writing top-level names to src/cryptography.egg-info/top_level.txt\n  writing dependency_links to src/cryptography.egg-info/dependency_links.txt\n  reading manifest file 'src/cryptography.egg-info/SOURCES.txt'\n  reading manifest template 'MANIFEST.in'\n  no previously-included directories found matching 'docs/_build'\n  warning: no previously-included files found matching 'vectors'\n  warning: no previously-included files matching '*' found under directory 'vectors'\n  warning: no previously-included files matching '*' found under directory '.github'\n  warning: no previously-included files found matching 'release.py'\n  warning: no previously-included files found matching '.coveragerc'\n  warning: no previously-included files found matching 'codecov.yml'\n  warning: no previously-included files found matching '.readthedocs.yml'\n  warning: no previously-included files found matching 'dev-requirements.txt'\n  warning: no previously-included files found matching 'rtd-requirements.txt'\n  warning: no previously-included files found matching 'tox.ini'\n  warning: no previously-included files matching '*' found under directory '.zuul.d'\n  warning: no previously-included files matching '*' found under directory '.zuul.playbooks'\n  writing manifest file 'src/cryptography.egg-info/SOURCES.txt'\n  warning: build_py: byte-compiling is disabled, skipping.\n  \n  running build_ext\n  generating cffi module 'build/temp.linux-x86_64-2.7/_padding.c'\n  creating build/temp.linux-x86_64-2.7\n  generating cffi module 'build/temp.linux-x86_64-2.7/_openssl.c'\n  building '_openssl' extension\n  creating build/temp.linux-x86_64-2.7/build\n  creating build/temp.linux-x86_64-2.7/build/temp.linux-x86_64-2.7\n  gcc -fno-strict-aliasing -g -O2 -DNDEBUG -g -fwrapv -O3 -Wall -Wstrict-prototypes -DTHREAD_STACK_SIZE=0x100000 -fPIC -I/usr/local/include/python2.7 -c build/temp.linux-x86_64-2.7/_openssl.c -o build/temp.linux-x86_64-2.7/build/temp.linux-x86_64-2.7/_openssl.o -Wconversion -Wno-error=sign-conversion\n  build/temp.linux-x86_64-2.7/_openssl.c: In function 'Cryptography_CRYPTO_set_mem_functions':\n  build/temp.linux-x86_64-2.7/_openssl.c:942:37: warning: passing argument 1 of 'CRYPTO_set_mem_functions' from incompatible pointer type [-Wincompatible-pointer-types]\n       return CRYPTO_set_mem_functions(m, r, f);\n                                       ^\n  In file included from /usr/include/openssl/bio.h:69:0,\n                   from /usr/include/openssl/asn1.h:65,\n                   from build/temp.linux-x86_64-2.7/_openssl.c:614:\n  /usr/include/openssl/crypto.h:499:5: note: expected 'void * (*)(size_t) {aka void * (*)(long unsigned int)}' but argument is of type 'void * (*)(size_t,  const char *, int) {aka void * (*)(long unsigned int,  const char *, int)}'\n   int CRYPTO_set_mem_functions(void *(*m) (size_t), void *(*r) (void *, size_t),\n       ^~~~~~~~~~~~~~~~~~~~~~~~\n  build/temp.linux-x86_64-2.7/_openssl.c:942:40: warning: passing argument 2 of 'CRYPTO_set_mem_functions' from incompatible pointer type [-Wincompatible-pointer-types]\n       return CRYPTO_set_mem_functions(m, r, f);\n                                          ^\n  In file included from /usr/include/openssl/bio.h:69:0,\n                   from /usr/include/openssl/asn1.h:65,\n                   from build/temp.linux-x86_64-2.7/_openssl.c:614:\n  /usr/include/openssl/crypto.h:499:5: note: expected 'void * (*)(void *, size_t) {aka void * (*)(void *, long unsigned int)}' but argument is of type 'void * (*)(void *, size_t,  const char *, int) {aka void * (*)(void *, long unsigned int,  const char *, int)}'\n   int CRYPTO_set_mem_functions(void *(*m) (size_t), void *(*r) (void *, size_t),\n       ^~~~~~~~~~~~~~~~~~~~~~~~\n  build/temp.linux-x86_64-2.7/_openssl.c:942:43: warning: passing argument 3 of 'CRYPTO_set_mem_functions' from incompatible pointer type [-Wincompatible-pointer-types]\n       return CRYPTO_set_mem_functions(m, r, f);\n                                             ^\n  In file included from /usr/include/openssl/bio.h:69:0,\n                   from /usr/include/openssl/asn1.h:65,\n                   from build/temp.linux-x86_64-2.7/_openssl.c:614:\n  /usr/include/openssl/crypto.h:499:5: note: expected 'void (*)(void *)' but argument is of type 'void (*)(void *, const char *, int)'\n   int CRYPTO_set_mem_functions(void *(*m) (size_t), void *(*r) (void *, size_t),\n       ^~~~~~~~~~~~~~~~~~~~~~~~\n  build/temp.linux-x86_64-2.7/_openssl.c: In function 'Cryptography_EVP_MD_CTX_new':\n  build/temp.linux-x86_64-2.7/_openssl.c:1202:12: warning: implicit declaration of function 'EVP_MD_CTX_new' [-Wimplicit-function-declaration]\n       return EVP_MD_CTX_new();\n              ^~~~~~~~~~~~~~\n  build/temp.linux-x86_64-2.7/_openssl.c:1202:12: warning: return makes pointer from integer without a cast [-Wint-conversion]\n       return EVP_MD_CTX_new();\n              ^~~~~~~~~~~~~~~~\n  build/temp.linux-x86_64-2.7/_openssl.c: In function 'Cryptography_EVP_MD_CTX_free':\n  build/temp.linux-x86_64-2.7/_openssl.c:1205:5: warning: implicit declaration of function 'EVP_MD_CTX_free' [-Wimplicit-function-declaration]\n       EVP_MD_CTX_free(md);\n       ^~~~~~~~~~~~~~~\n  build/temp.linux-x86_64-2.7/_openssl.c: At top level:\n  build/temp.linux-x86_64-2.7/_openssl.c:1330:8: error: redefinition of 'struct ocsp_responder_id_st'\n   struct ocsp_responder_id_st {\n          ^~~~~~~~~~~~~~~~~~~~\n  In file included from /usr/include/openssl/crypto.h:131:0,\n                   from /usr/include/openssl/bio.h:69,\n                   from /usr/include/openssl/asn1.h:65,\n                   from build/temp.linux-x86_64-2.7/_openssl.c:614:\n  /usr/include/openssl/ossl_typ.h:208:16: note: originally defined here\n   typedef struct ocsp_responder_id_st OCSP_RESPID;\n                  ^~~~~~~~~~~~~~~~~~~~\n  build/temp.linux-x86_64-2.7/_openssl.c:1337:8: error: redefinition of 'struct ocsp_response_data_st'\n   struct ocsp_response_data_st {\n          ^~~~~~~~~~~~~~~~~~~~~\n  In file included from build/temp.linux-x86_64-2.7/_openssl.c:678:0:\n  /usr/include/openssl/ocsp.h:263:16: note: originally defined here\n   typedef struct ocsp_response_data_st {\n                  ^~~~~~~~~~~~~~~~~~~~~\n  build/temp.linux-x86_64-2.7/_openssl.c:1344:8: error: redefinition of 'struct ocsp_basic_response_st'\n   struct ocsp_basic_response_st {\n          ^~~~~~~~~~~~~~~~~~~~~~\n  In file included from build/temp.linux-x86_64-2.7/_openssl.c:678:0:\n  /usr/include/openssl/ocsp.h:297:16: note: originally defined here\n   typedef struct ocsp_basic_response_st {\n                  ^~~~~~~~~~~~~~~~~~~~~~\n  build/temp.linux-x86_64-2.7/_openssl.c: In function 'OCSP_resp_get0_tbs_sigalg':\n  build/temp.linux-x86_64-2.7/_openssl.c:1397:12: warning: return from incompatible pointer type [-Wincompatible-pointer-types]\n       return &bs->signatureAlgorithm;\n              ^~~~~~~~~~~~~~~~~~~~~~~\n  build/temp.linux-x86_64-2.7/_openssl.c: In function 'OCSP_resp_get0_respdata':\n  build/temp.linux-x86_64-2.7/_openssl.c:1406:12: warning: return from incompatible pointer type [-Wincompatible-pointer-types]\n       return &bs->tbsResponseData;\n              ^~~~~~~~~~~~~~~~~~~~\n  In file included from build/temp.linux-x86_64-2.7/_openssl.c:815:0:\n  build/temp.linux-x86_64-2.7/_openssl.c: At top level:\n  build/temp.linux-x86_64-2.7/_openssl.c:2158:19: error: expected identifier or '(' before numeric constant\n   static const long SSL_ST_BEFORE = 0;\n                     ^\n  build/temp.linux-x86_64-2.7/_openssl.c:2159:19: error: expected identifier or '(' before numeric constant\n   static const long SSL_ST_OK = 0;\n                     ^\n  build/temp.linux-x86_64-2.7/_openssl.c:2160:19: error: expected identifier or '(' before numeric constant\n   static const long SSL_ST_INIT = 0;\n                     ^\n  build/temp.linux-x86_64-2.7/_openssl.c:2161:19: error: expected identifier or '(' before numeric constant\n   static const long SSL_ST_RENEGOTIATE = 0;\n                     ^\n  build/temp.linux-x86_64-2.7/_openssl.c: In function 'Cryptography_pem_password_cb':\n  build/temp.linux-x86_64-2.7/_openssl.c:2385:35: warning: conversion to 'size_t {aka long unsigned int}' from 'int' may change the sign of the result [-Wsign-conversion]\n           memcpy(buf, st->password, st->length);\n                                     ^~\n  build/temp.linux-x86_64-2.7/_openssl.c: In function '_cffi_const_EVP_PKEY_X25519':\n  build/temp.linux-x86_64-2.7/_openssl.c:1265:25: error: 'NID_X25519' undeclared (first use in this function)\n   #define EVP_PKEY_X25519 NID_X25519\n                           ^\n  build/temp.linux-x86_64-2.7/_openssl.c:6385:12: note: in expansion of macro 'EVP_PKEY_X25519'\n     int n = (EVP_PKEY_X25519) <= 0;\n              ^~~~~~~~~~~~~~~\n  build/temp.linux-x86_64-2.7/_openssl.c:1265:25: note: each undeclared identifier is reported only once for each function it appears in\n   #define EVP_PKEY_X25519 NID_X25519\n                           ^\n  build/temp.linux-x86_64-2.7/_openssl.c:6385:12: note: in expansion of macro 'EVP_PKEY_X25519'\n     int n = (EVP_PKEY_X25519) <= 0;\n              ^~~~~~~~~~~~~~~\n  build/temp.linux-x86_64-2.7/_openssl.c: In function '_cffi_const_EVP_PKEY_X448':\n  build/temp.linux-x86_64-2.7/_openssl.c:1272:23: error: 'NID_X448' undeclared (first use in this function)\n   #define EVP_PKEY_X448 NID_X448\n                         ^\n  build/temp.linux-x86_64-2.7/_openssl.c:6392:12: note: in expansion of macro 'EVP_PKEY_X448'\n     int n = (EVP_PKEY_X448) <= 0;\n              ^~~~~~~~~~~~~\n  build/temp.linux-x86_64-2.7/_openssl.c: In function '_cffi_const_NID_X25519':\n  build/temp.linux-x86_64-2.7/_openssl.c:6511:12: error: 'NID_X25519' undeclared (first use in this function)\n     int n = (NID_X25519) <= 0;\n              ^~~~~~~~~~\n  build/temp.linux-x86_64-2.7/_openssl.c: In function '_cffi_const_NID_X448':\n  build/temp.linux-x86_64-2.7/_openssl.c:6518:12: error: 'NID_X448' undeclared (first use in this function)\n     int n = (NID_X448) <= 0;\n              ^~~~~~~~\n  build/temp.linux-x86_64-2.7/_openssl.c: In function '_cffi_const_TLS_ST_BEFORE':\n  build/temp.linux-x86_64-2.7/_openssl.c:7433:12: error: 'TLS_ST_BEFORE' undeclared (first use in this function)\n     int n = (TLS_ST_BEFORE) <= 0;\n              ^~~~~~~~~~~~~\n  build/temp.linux-x86_64-2.7/_openssl.c: In function '_cffi_const_TLS_ST_OK':\n  build/temp.linux-x86_64-2.7/_openssl.c:7440:12: error: 'TLS_ST_OK' undeclared (first use in this function)\n     int n = (TLS_ST_OK) <= 0;\n              ^~~~~~~~~\n  build/temp.linux-x86_64-2.7/_openssl.c: In function '_cffi_const_X509_CHECK_FLAG_NEVER_CHECK_SUBJECT':\n  build/temp.linux-x86_64-2.7/_openssl.c:7468:12: error: 'X509_CHECK_FLAG_NEVER_CHECK_SUBJECT' undeclared (first use in this function)\n     int n = (X509_CHECK_FLAG_NEVER_CHECK_SUBJECT) <= 0;\n              ^~~~~~~~~~~~~~~~~~~~~~~~~~~~~~~~~~~\n  build/temp.linux-x86_64-2.7/_openssl.c: In function '_cffi_d_BIO_up_ref':\n  build/temp.linux-x86_64-2.7/_openssl.c:10506:10: warning: implicit declaration of function 'BIO_up_ref' [-Wimplicit-function-declaration]\n     return BIO_up_ref(x0);\n            ^~~~~~~~~~\n  build/temp.linux-x86_64-2.7/_openssl.c: In function '_cffi_d_DH_get0_key':\n  build/temp.linux-x86_64-2.7/_openssl.c:13979:3: warning: implicit declaration of function 'DH_get0_key' [-Wimplicit-function-declaration]\n     DH_get0_key(x0, x1, x2);\n     ^~~~~~~~~~~\n  build/temp.linux-x86_64-2.7/_openssl.c: In function '_cffi_d_DH_get0_pqg':\n  build/temp.linux-x86_64-2.7/_openssl.c:14041:3: warning: implicit declaration of function 'DH_get0_pqg' [-Wimplicit-function-declaration]\n     DH_get0_pqg(x0, x1, x2, x3);\n     ^~~~~~~~~~~\n  build/temp.linux-x86_64-2.7/_openssl.c: In function '_cffi_d_DH_set0_key':\n  build/temp.linux-x86_64-2.7/_openssl.c:14140:10: warning: implicit declaration of function 'DH_set0_key' [-Wimplicit-function-declaration]\n     return DH_set0_key(x0, x1, x2);\n            ^~~~~~~~~~~\n  build/temp.linux-x86_64-2.7/_openssl.c: In function '_cffi_d_DH_set0_pqg':\n  build/temp.linux-x86_64-2.7/_openssl.c:14204:10: warning: implicit declaration of function 'DH_set0_pqg' [-Wimplicit-function-declaration]\n     return DH_set0_pqg(x0, x1, x2, x3);\n            ^~~~~~~~~~~\n  build/temp.linux-x86_64-2.7/_openssl.c: In function '_cffi_d_DSA_get0_key':\n  build/temp.linux-x86_64-2.7/_openssl.c:14651:3: warning: implicit declaration of function 'DSA_get0_key' [-Wimplicit-function-declaration]\n     DSA_get0_key(x0, x1, x2);\n     ^~~~~~~~~~~~\n  build/temp.linux-x86_64-2.7/_openssl.c: In function '_cffi_d_DSA_get0_pqg':\n  build/temp.linux-x86_64-2.7/_openssl.c:14713:3: warning: implicit declaration of function 'DSA_get0_pqg' [-Wimplicit-function-declaration]\n     DSA_get0_pqg(x0, x1, x2, x3);\n     ^~~~~~~~~~~~\n  build/temp.linux-x86_64-2.7/_openssl.c: In function '_cffi_d_DSA_set0_key':\n  build/temp.linux-x86_64-2.7/_openssl.c:14812:10: warning: implicit declaration of function 'DSA_set0_key' [-Wimplicit-function-declaration]\n     return DSA_set0_key(x0, x1, x2);\n            ^~~~~~~~~~~~\n  build/temp.linux-x86_64-2.7/_openssl.c: In function '_cffi_d_DSA_set0_pqg':\n  build/temp.linux-x86_64-2.7/_openssl.c:14876:10: warning: implicit declaration of function 'DSA_set0_pqg' [-Wimplicit-function-declaration]\n     return DSA_set0_pqg(x0, x1, x2, x3);\n            ^~~~~~~~~~~~\n  build/temp.linux-x86_64-2.7/_openssl.c: In function '_cffi_d_EVP_MD_CTX_new':\n  build/temp.linux-x86_64-2.7/_openssl.c:20393:10: warning: return makes pointer from integer without a cast [-Wint-conversion]\n     return EVP_MD_CTX_new();\n            ^~~~~~~~~~~~~~~~\n  build/temp.linux-x86_64-2.7/_openssl.c: In function '_cffi_f_EVP_MD_CTX_new':\n  build/temp.linux-x86_64-2.7/_openssl.c:20404:12: warning: assignment makes pointer from integer without a cast [-Wint-conversion]\n     { result = EVP_MD_CTX_new(); }\n              ^\n  build/temp.linux-x86_64-2.7/_openssl.c: In function '_cffi_d_EVP_PBE_scrypt':\n  build/temp.linux-x86_64-2.7/_openssl.c:20419:10: warning: implicit declaration of function 'EVP_PBE_scrypt' [-Wimplicit-function-declaration]\n     return EVP_PBE_scrypt(x0, x1, x2, x3, x4, x5, x6, x7, x8, x9);\n            ^~~~~~~~~~~~~~\n  build/temp.linux-x86_64-2.7/_openssl.c: In function '_cffi_d_EVP_PKEY_get1_tls_encodedpoint':\n  build/temp.linux-x86_64-2.7/_openssl.c:21739:10: warning: implicit declaration of function 'EVP_PKEY_get1_tls_encodedpoint' [-Wimplicit-function-declaration]\n     return EVP_PKEY_get1_tls_encodedpoint(x0, x1);\n            ^~~~~~~~~~~~~~~~~~~~~~~~~~~~~~\n  build/temp.linux-x86_64-2.7/_openssl.c:21739:10: warning: conversion to 'size_t {aka long unsigned int}' from 'int' may change the sign of the result [-Wsign-conversion]\n     return EVP_PKEY_get1_tls_encodedpoint(x0, x1);\n            ^~~~~~~~~~~~~~~~~~~~~~~~~~~~~~~~~~~~~~\n  build/temp.linux-x86_64-2.7/_openssl.c: In function '_cffi_f_EVP_PKEY_get1_tls_encodedpoint':\n  build/temp.linux-x86_64-2.7/_openssl.c:21777:14: warning: conversion to 'size_t {aka long unsigned int}' from 'int' may change the sign of the result [-Wsign-conversion]\n     { result = EVP_PKEY_get1_tls_encodedpoint(x0, x1); }\n                ^~~~~~~~~~~~~~~~~~~~~~~~~~~~~~\n  build/temp.linux-x86_64-2.7/_openssl.c: In function '_cffi_d_EVP_PKEY_set1_tls_encodedpoint':\n  build/temp.linux-x86_64-2.7/_openssl.c:22417:10: warning: implicit declaration of function 'EVP_PKEY_set1_tls_encodedpoint' [-Wimplicit-function-declaration]\n     return EVP_PKEY_set1_tls_encodedpoint(x0, x1, x2);\n            ^~~~~~~~~~~~~~~~~~~~~~~~~~~~~~\n  build/temp.linux-x86_64-2.7/_openssl.c: In function '_cffi_d_HMAC_CTX_free':\n  build/temp.linux-x86_64-2.7/_openssl.c:23701:3: warning: implicit declaration of function 'HMAC_CTX_free' [-Wimplicit-function-declaration]\n     HMAC_CTX_free(x0);\n     ^~~~~~~~~~~~~\n  build/temp.linux-x86_64-2.7/_openssl.c: In function '_cffi_d_HMAC_CTX_new':\n  build/temp.linux-x86_64-2.7/_openssl.c:23737:10: warning: implicit declaration of function 'HMAC_CTX_new' [-Wimplicit-function-declaration]\n     return HMAC_CTX_new();\n            ^~~~~~~~~~~~\n  build/temp.linux-x86_64-2.7/_openssl.c:23737:10: warning: return makes pointer from integer without a cast [-Wint-conversion]\n     return HMAC_CTX_new();\n            ^~~~~~~~~~~~~~\n  build/temp.linux-x86_64-2.7/_openssl.c: In function '_cffi_f_HMAC_CTX_new':\n  build/temp.linux-x86_64-2.7/_openssl.c:23748:12: warning: assignment makes pointer from integer without a cast [-Wint-conversion]\n     { result = HMAC_CTX_new(); }\n              ^\n  build/temp.linux-x86_64-2.7/_openssl.c: In function '_cffi_d_OCSP_SINGLERESP_get0_id':\n  build/temp.linux-x86_64-2.7/_openssl.c:25282:10: warning: implicit declaration of function 'OCSP_SINGLERESP_get0_id' [-Wimplicit-function-declaration]\n     return OCSP_SINGLERESP_get0_id(x0);\n            ^~~~~~~~~~~~~~~~~~~~~~~\n  build/temp.linux-x86_64-2.7/_openssl.c:25282:10: warning: return makes pointer from integer without a cast [-Wint-conversion]\n     return OCSP_SINGLERESP_get0_id(x0);\n            ^~~~~~~~~~~~~~~~~~~~~~~~~~~\n  build/temp.linux-x86_64-2.7/_openssl.c: In function '_cffi_f_OCSP_SINGLERESP_get0_id':\n  build/temp.linux-x86_64-2.7/_openssl.c:25305:12: warning: assignment makes pointer from integer without a cast [-Wint-conversion]\n     { result = OCSP_SINGLERESP_get0_id(x0); }\n              ^\n  build/temp.linux-x86_64-2.7/_openssl.c: In function '_cffi_d_OCSP_cert_to_id':\n  build/temp.linux-x86_64-2.7/_openssl.c:25649:30: warning: passing argument 2 of 'OCSP_cert_to_id' discards 'const' qualifier from pointer target type [-Wdiscarded-qualifiers]\n     return OCSP_cert_to_id(x0, x1, x2);\n                                ^~\n  In file included from build/temp.linux-x86_64-2.7/_openssl.c:678:0:\n  /usr/include/openssl/ocsp.h:417:14: note: expected 'X509 * {aka struct x509_st *}' but argument is of type 'const X509 * {aka const struct x509_st *}'\n   OCSP_CERTID *OCSP_cert_to_id(const EVP_MD *dgst, X509 *subject, X509 *issuer);\n                ^~~~~~~~~~~~~~~\n  build/temp.linux-x86_64-2.7/_openssl.c:25649:34: warning: passing argument 3 of 'OCSP_cert_to_id' discards 'const' qualifier from pointer target type [-Wdiscarded-qualifiers]\n     return OCSP_cert_to_id(x0, x1, x2);\n                                    ^~\n  In file included from build/temp.linux-x86_64-2.7/_openssl.c:678:0:\n  /usr/include/openssl/ocsp.h:417:14: note: expected 'X509 * {aka struct x509_st *}' but argument is of type 'const X509 * {aka const struct x509_st *}'\n   OCSP_CERTID *OCSP_cert_to_id(const EVP_MD *dgst, X509 *subject, X509 *issuer);\n                ^~~~~~~~~~~~~~~\n  build/temp.linux-x86_64-2.7/_openssl.c: In function '_cffi_f_OCSP_cert_to_id':\n  build/temp.linux-x86_64-2.7/_openssl.c:25698:34: warning: passing argument 2 of 'OCSP_cert_to_id' discards 'const' qualifier from pointer target type [-Wdiscarded-qualifiers]\n     { result = OCSP_cert_to_id(x0, x1, x2); }\n                                    ^~\n  In file included from build/temp.linux-x86_64-2.7/_openssl.c:678:0:\n  /usr/include/openssl/ocsp.h:417:14: note: expected 'X509 * {aka struct x509_st *}' but argument is of type 'const X509 * {aka const struct x509_st *}'\n   OCSP_CERTID *OCSP_cert_to_id(const EVP_MD *dgst, X509 *subject, X509 *issuer);\n                ^~~~~~~~~~~~~~~\n  build/temp.linux-x86_64-2.7/_openssl.c:25698:38: warning: passing argument 3 of 'OCSP_cert_to_id' discards 'const' qualifier from pointer target type [-Wdiscarded-qualifiers]\n     { result = OCSP_cert_to_id(x0, x1, x2); }\n                                        ^~\n  In file included from build/temp.linux-x86_64-2.7/_openssl.c:678:0:\n  /usr/include/openssl/ocsp.h:417:14: note: expected 'X509 * {aka struct x509_st *}' but argument is of type 'const X509 * {aka const struct x509_st *}'\n   OCSP_CERTID *OCSP_cert_to_id(const EVP_MD *dgst, X509 *subject, X509 *issuer);\n                ^~~~~~~~~~~~~~~\n  build/temp.linux-x86_64-2.7/_openssl.c: In function '_cffi_d_OCSP_resp_get0_certs':\n  build/temp.linux-x86_64-2.7/_openssl.c:26062:10: warning: implicit declaration of function 'OCSP_resp_get0_certs' [-Wimplicit-function-declaration]\n     return OCSP_resp_get0_certs(x0);\n            ^~~~~~~~~~~~~~~~~~~~\n  build/temp.linux-x86_64-2.7/_openssl.c:26062:10: warning: return makes pointer from integer without a cast [-Wint-conversion]\n     return OCSP_resp_get0_certs(x0);\n            ^~~~~~~~~~~~~~~~~~~~~~~~\n  build/temp.linux-x86_64-2.7/_openssl.c: In function '_cffi_f_OCSP_resp_get0_certs':\n  build/temp.linux-x86_64-2.7/_openssl.c:26085:12: warning: assignment makes pointer from integer without a cast [-Wint-conversion]\n     { result = OCSP_resp_get0_certs(x0); }\n              ^\n  build/temp.linux-x86_64-2.7/_openssl.c: In function '_cffi_d_OCSP_resp_get0_id':\n  build/temp.linux-x86_64-2.7/_openssl.c:26100:10: warning: implicit declaration of function 'OCSP_resp_get0_id' [-Wimplicit-function-declaration]\n     return OCSP_resp_get0_id(x0, x1, x2);\n            ^~~~~~~~~~~~~~~~~\n  build/temp.linux-x86_64-2.7/_openssl.c: In function '_cffi_d_OCSP_resp_get0_produced_at':\n  build/temp.linux-x86_64-2.7/_openssl.c:26164:10: warning: implicit declaration of function 'OCSP_resp_get0_produced_at' [-Wimplicit-function-declaration]\n     return OCSP_resp_get0_produced_at(x0);\n            ^~~~~~~~~~~~~~~~~~~~~~~~~~\n  build/temp.linux-x86_64-2.7/_openssl.c:26164:10: warning: return makes pointer from integer without a cast [-Wint-conversion]\n     return OCSP_resp_get0_produced_at(x0);\n            ^~~~~~~~~~~~~~~~~~~~~~~~~~~~~~\n  build/temp.linux-x86_64-2.7/_openssl.c: In function '_cffi_f_OCSP_resp_get0_produced_at':\n  build/temp.linux-x86_64-2.7/_openssl.c:26187:12: warning: assignment makes pointer from integer without a cast [-Wint-conversion]\n     { result = OCSP_resp_get0_produced_at(x0); }\n              ^\n  build/temp.linux-x86_64-2.7/_openssl.c: In function '_cffi_d_OCSP_resp_get0_signature':\n  build/temp.linux-x86_64-2.7/_openssl.c:26240:10: warning: implicit declaration of function 'OCSP_resp_get0_signature' [-Wimplicit-function-declaration]\n     return OCSP_resp_get0_signature(x0);\n            ^~~~~~~~~~~~~~~~~~~~~~~~\n  build/temp.linux-x86_64-2.7/_openssl.c:26240:10: warning: return makes pointer from integer without a cast [-Wint-conversion]\n     return OCSP_resp_get0_signature(x0);\n            ^~~~~~~~~~~~~~~~~~~~~~~~~~~~\n  build/temp.linux-x86_64-2.7/_openssl.c: In function '_cffi_f_OCSP_resp_get0_signature':\n  build/temp.linux-x86_64-2.7/_openssl.c:26263:12: warning: assignment makes pointer from integer without a cast [-Wint-conversion]\n     { result = OCSP_resp_get0_signature(x0); }\n              ^\n  build/temp.linux-x86_64-2.7/_openssl.c: In function '_cffi_d_OPENSSL_cleanup':\n  build/temp.linux-x86_64-2.7/_openssl.c:26526:3: warning: implicit declaration of function 'OPENSSL_cleanup' [-Wimplicit-function-declaration]\n     OPENSSL_cleanup();\n     ^~~~~~~~~~~~~~~\n  build/temp.linux-x86_64-2.7/_openssl.c: In function '_cffi_d_RSA_get0_crt_params':\n  build/temp.linux-x86_64-2.7/_openssl.c:29785:3: warning: implicit declaration of function 'RSA_get0_crt_params' [-Wimplicit-function-declaration]\n     RSA_get0_crt_params(x0, x1, x2, x3);\n     ^~~~~~~~~~~~~~~~~~~\n  build/temp.linux-x86_64-2.7/_openssl.c: In function '_cffi_d_RSA_get0_factors':\n  build/temp.linux-x86_64-2.7/_openssl.c:29858:3: warning: implicit declaration of function 'RSA_get0_factors' [-Wimplicit-function-declaration]\n     RSA_get0_factors(x0, x1, x2);\n     ^~~~~~~~~~~~~~~~\n  build/temp.linux-x86_64-2.7/_openssl.c: In function '_cffi_d_RSA_get0_key':\n  build/temp.linux-x86_64-2.7/_openssl.c:29920:3: warning: implicit declaration of function 'RSA_get0_key' [-Wimplicit-function-declaration]\n     RSA_get0_key(x0, x1, x2, x3);\n     ^~~~~~~~~~~~\n  build/temp.linux-x86_64-2.7/_openssl.c: In function '_cffi_d_RSA_set0_crt_params':\n  build/temp.linux-x86_64-2.7/_openssl.c:30078:10: warning: implicit declaration of function 'RSA_set0_crt_params' [-Wimplicit-function-declaration]\n     return RSA_set0_crt_params(x0, x1, x2, x3);\n            ^~~~~~~~~~~~~~~~~~~\n  build/temp.linux-x86_64-2.7/_openssl.c: In function '_cffi_d_RSA_set0_factors':\n  build/temp.linux-x86_64-2.7/_openssl.c:30153:10: warning: implicit declaration of function 'RSA_set0_factors' [-Wimplicit-function-declaration]\n     return RSA_set0_factors(x0, x1, x2);\n            ^~~~~~~~~~~~~~~~\n  build/temp.linux-x86_64-2.7/_openssl.c: In function '_cffi_d_RSA_set0_key':\n  build/temp.linux-x86_64-2.7/_openssl.c:30217:10: warning: implicit declaration of function 'RSA_set0_key' [-Wimplicit-function-declaration]\n     return RSA_set0_key(x0, x1, x2, x3);\n            ^~~~~~~~~~~~\n  build/temp.linux-x86_64-2.7/_openssl.c: In function '_cffi_d_SSL_CIPHER_get_auth_nid':\n  build/temp.linux-x86_64-2.7/_openssl.c:30943:10: warning: implicit declaration of function 'SSL_CIPHER_get_auth_nid' [-Wimplicit-function-declaration]\n     return SSL_CIPHER_get_auth_nid(x0);\n            ^~~~~~~~~~~~~~~~~~~~~~~\n  build/temp.linux-x86_64-2.7/_openssl.c: In function '_cffi_d_SSL_CIPHER_get_cipher_nid':\n  build/temp.linux-x86_64-2.7/_openssl.c:31034:10: warning: implicit declaration of function 'SSL_CIPHER_get_cipher_nid' [-Wimplicit-function-declaration]\n     return SSL_CIPHER_get_cipher_nid(x0);\n            ^~~~~~~~~~~~~~~~~~~~~~~~~\n  build/temp.linux-x86_64-2.7/_openssl.c: In function '_cffi_d_SSL_CIPHER_get_digest_nid':\n  build/temp.linux-x86_64-2.7/_openssl.c:31072:10: warning: implicit declaration of function 'SSL_CIPHER_get_digest_nid' [-Wimplicit-function-declaration]\n     return SSL_CIPHER_get_digest_nid(x0);\n            ^~~~~~~~~~~~~~~~~~~~~~~~~\n  build/temp.linux-x86_64-2.7/_openssl.c: In function '_cffi_d_SSL_CIPHER_get_kx_nid':\n  build/temp.linux-x86_64-2.7/_openssl.c:31148:10: warning: implicit declaration of function 'SSL_CIPHER_get_kx_nid' [-Wimplicit-function-declaration]\n     return SSL_CIPHER_get_kx_nid(x0);\n            ^~~~~~~~~~~~~~~~~~~~~\n  build/temp.linux-x86_64-2.7/_openssl.c: In function '_cffi_d_SSL_CIPHER_is_aead':\n  build/temp.linux-x86_64-2.7/_openssl.c:31262:10: warning: implicit declaration of function 'SSL_CIPHER_is_aead' [-Wimplicit-function-declaration]\n     return SSL_CIPHER_is_aead(x0);\n            ^~~~~~~~~~~~~~~~~~\n  build/temp.linux-x86_64-2.7/_openssl.c: In function '_cffi_d_SSL_CTX_add_extra_chain_cert':\n  build/temp.linux-x86_64-2.7/_openssl.c:31441:10: warning: conversion to 'long unsigned int' from 'long int' may change the sign of the result [-Wsign-conversion]\n     return SSL_CTX_add_extra_chain_cert(x0, x1);\n            ^~~~~~~~~~~~~~~~~~~~~~~~~~~~\n  build/temp.linux-x86_64-2.7/_openssl.c: In function '_cffi_f_SSL_CTX_add_extra_chain_cert':\n  build/temp.linux-x86_64-2.7/_openssl.c:31479:14: warning: conversion to 'long unsigned int' from 'long int' may change the sign of the result [-Wsign-conversion]\n     { result = SSL_CTX_add_extra_chain_cert(x0, x1); }\n                ^~~~~~~~~~~~~~~~~~~~~~~~~~~~\n  build/temp.linux-x86_64-2.7/_openssl.c: In function '_cffi_d_SSL_CTX_clear_mode':\n  build/temp.linux-x86_64-2.7/_openssl.c:31620:10: warning: conversion to 'long int' from 'long unsigned int' may change the sign of the result [-Wsign-conversion]\n     return SSL_CTX_clear_mode(x0, x1);\n            ^~~~~~~~~~~~~~~~~~\n  build/temp.linux-x86_64-2.7/_openssl.c:31620:10: warning: conversion to 'long unsigned int' from 'long int' may change the sign of the result [-Wsign-conversion]\n  build/temp.linux-x86_64-2.7/_openssl.c: In function '_cffi_f_SSL_CTX_clear_mode':\n  build/temp.linux-x86_64-2.7/_openssl.c:31653:14: warning: conversion to 'long int' from 'long unsigned int' may change the sign of the result [-Wsign-conversion]\n     { result = SSL_CTX_clear_mode(x0, x1); }\n                ^~~~~~~~~~~~~~~~~~\n  build/temp.linux-x86_64-2.7/_openssl.c:31653:14: warning: conversion to 'long unsigned int' from 'long int' may change the sign of the result [-Wsign-conversion]\n  build/temp.linux-x86_64-2.7/_openssl.c: In function '_cffi_d_SSL_CTX_clear_options':\n  build/temp.linux-x86_64-2.7/_openssl.c:31668:10: warning: conversion to 'long int' from 'long unsigned int' may change the sign of the result [-Wsign-conversion]\n     return SSL_CTX_clear_options(x0, x1);\n            ^~~~~~~~~~~~~~~~~~~~~\n  build/temp.linux-x86_64-2.7/_openssl.c:31668:10: warning: conversion to 'long unsigned int' from 'long int' may change the sign of the result [-Wsign-conversion]\n  build/temp.linux-x86_64-2.7/_openssl.c: In function '_cffi_f_SSL_CTX_clear_options':\n  build/temp.linux-x86_64-2.7/_openssl.c:31701:14: warning: conversion to 'long int' from 'long unsigned int' may change the sign of the result [-Wsign-conversion]\n     { result = SSL_CTX_clear_options(x0, x1); }\n                ^~~~~~~~~~~~~~~~~~~~~\n  build/temp.linux-x86_64-2.7/_openssl.c:31701:14: warning: conversion to 'long unsigned int' from 'long int' may change the sign of the result [-Wsign-conversion]\n  build/temp.linux-x86_64-2.7/_openssl.c: In function '_cffi_d_SSL_CTX_get_mode':\n  build/temp.linux-x86_64-2.7/_openssl.c:32109:10: warning: conversion to 'long unsigned int' from 'long int' may change the sign of the result [-Wsign-conversion]\n     return SSL_CTX_get_mode(x0);\n            ^~~~~~~~~~~~~~~~\n  build/temp.linux-x86_64-2.7/_openssl.c: In function '_cffi_f_SSL_CTX_get_mode':\n  build/temp.linux-x86_64-2.7/_openssl.c:32132:14: warning: conversion to 'long unsigned int' from 'long int' may change the sign of the result [-Wsign-conversion]\n     { result = SSL_CTX_get_mode(x0); }\n                ^~~~~~~~~~~~~~~~\n  build/temp.linux-x86_64-2.7/_openssl.c: In function '_cffi_d_SSL_CTX_get_options':\n  build/temp.linux-x86_64-2.7/_openssl.c:32147:10: warning: conversion to 'long unsigned int' from 'long int' may change the sign of the result [-Wsign-conversion]\n     return SSL_CTX_get_options(x0);\n            ^~~~~~~~~~~~~~~~~~~\n  build/temp.linux-x86_64-2.7/_openssl.c: In function '_cffi_f_SSL_CTX_get_options':\n  build/temp.linux-x86_64-2.7/_openssl.c:32170:14: warning: conversion to 'long unsigned int' from 'long int' may change the sign of the result [-Wsign-conversion]\n     { result = SSL_CTX_get_options(x0); }\n                ^~~~~~~~~~~~~~~~~~~\n  build/temp.linux-x86_64-2.7/_openssl.c: In function '_cffi_d_SSL_CTX_get_session_cache_mode':\n  build/temp.linux-x86_64-2.7/_openssl.c:32223:10: warning: conversion to 'long unsigned int' from 'long int' may change the sign of the result [-Wsign-conversion]\n     return SSL_CTX_get_session_cache_mode(x0);\n            ^~~~~~~~~~~~~~~~~~~~~~~~~~~~~~\n  build/temp.linux-x86_64-2.7/_openssl.c: In function '_cffi_f_SSL_CTX_get_session_cache_mode':\n  build/temp.linux-x86_64-2.7/_openssl.c:32246:14: warning: conversion to 'long unsigned int' from 'long int' may change the sign of the result [-Wsign-conversion]\n     { result = SSL_CTX_get_session_cache_mode(x0); }\n                ^~~~~~~~~~~~~~~~~~~~~~~~~~~~~~\n  build/temp.linux-x86_64-2.7/_openssl.c: In function '_cffi_d_SSL_CTX_set_max_proto_version':\n  build/temp.linux-x86_64-2.7/_openssl.c:33852:10: warning: implicit declaration of function 'SSL_CTX_set_max_proto_version' [-Wimplicit-function-declaration]\n     return SSL_CTX_set_max_proto_version(x0, x1);\n            ^~~~~~~~~~~~~~~~~~~~~~~~~~~~~\n  build/temp.linux-x86_64-2.7/_openssl.c: In function '_cffi_d_SSL_CTX_set_min_proto_version':\n  build/temp.linux-x86_64-2.7/_openssl.c:33900:10: warning: implicit declaration of function 'SSL_CTX_set_min_proto_version' [-Wimplicit-function-declaration]\n     return SSL_CTX_set_min_proto_version(x0, x1);\n            ^~~~~~~~~~~~~~~~~~~~~~~~~~~~~\n  build/temp.linux-x86_64-2.7/_openssl.c: In function '_cffi_d_SSL_CTX_set_mode':\n  build/temp.linux-x86_64-2.7/_openssl.c:33948:10: warning: conversion to 'long int' from 'long unsigned int' may change the sign of the result [-Wsign-conversion]\n     return SSL_CTX_set_mode(x0, x1);\n            ^~~~~~~~~~~~~~~~\n  build/temp.linux-x86_64-2.7/_openssl.c:33948:10: warning: conversion to 'long unsigned int' from 'long int' may change the sign of the result [-Wsign-conversion]\n  build/temp.linux-x86_64-2.7/_openssl.c: In function '_cffi_f_SSL_CTX_set_mode':\n  build/temp.linux-x86_64-2.7/_openssl.c:33981:14: warning: conversion to 'long int' from 'long unsigned int' may change the sign of the result [-Wsign-conversion]\n     { result = SSL_CTX_set_mode(x0, x1); }\n                ^~~~~~~~~~~~~~~~\n  build/temp.linux-x86_64-2.7/_openssl.c:33981:14: warning: conversion to 'long unsigned int' from 'long int' may change the sign of the result [-Wsign-conversion]\n  build/temp.linux-x86_64-2.7/_openssl.c: In function '_cffi_d_SSL_CTX_set_options':\n  build/temp.linux-x86_64-2.7/_openssl.c:33996:10: warning: conversion to 'long int' from 'long unsigned int' may change the sign of the result [-Wsign-conversion]\n     return SSL_CTX_set_options(x0, x1);\n            ^~~~~~~~~~~~~~~~~~~\n  build/temp.linux-x86_64-2.7/_openssl.c:33996:10: warning: conversion to 'long unsigned int' from 'long int' may change the sign of the result [-Wsign-conversion]\n  build/temp.linux-x86_64-2.7/_openssl.c: In function '_cffi_f_SSL_CTX_set_options':\n  build/temp.linux-x86_64-2.7/_openssl.c:34029:14: warning: conversion to 'long int' from 'long unsigned int' may change the sign of the result [-Wsign-conversion]\n     { result = SSL_CTX_set_options(x0, x1); }\n                ^~~~~~~~~~~~~~~~~~~\n  build/temp.linux-x86_64-2.7/_openssl.c:34029:14: warning: conversion to 'long unsigned int' from 'long int' may change the sign of the result [-Wsign-conversion]\n  In file included from build/temp.linux-x86_64-2.7/_openssl.c:815:0:\n  build/temp.linux-x86_64-2.7/_openssl.c: In function '_cffi_d_SSL_CTX_set_session_cache_mode':\n  build/temp.linux-x86_64-2.7/_openssl.c:34230:45: warning: conversion to 'long int' from 'long unsigned int' may change the sign of the result [-Wsign-conversion]\n     return SSL_CTX_set_session_cache_mode(x0, x1);\n                                               ^\n  build/temp.linux-x86_64-2.7/_openssl.c:34230:10: warning: conversion to 'long unsigned int' from 'long int' may change the sign of the result [-Wsign-conversion]\n     return SSL_CTX_set_session_cache_mode(x0, x1);\n            ^~~~~~~~~~~~~~~~~~~~~~~~~~~~~~\n  In file included from build/temp.linux-x86_64-2.7/_openssl.c:815:0:\n  build/temp.linux-x86_64-2.7/_openssl.c: In function '_cffi_f_SSL_CTX_set_session_cache_mode':\n  build/temp.linux-x86_64-2.7/_openssl.c:34263:49: warning: conversion to 'long int' from 'long unsigned int' may change the sign of the result [-Wsign-conversion]\n     { result = SSL_CTX_set_session_cache_mode(x0, x1); }\n                                                   ^\n  build/temp.linux-x86_64-2.7/_openssl.c:34263:14: warning: conversion to 'long unsigned int' from 'long int' may change the sign of the result [-Wsign-conversion]\n     { result = SSL_CTX_set_session_cache_mode(x0, x1); }\n                ^~~~~~~~~~~~~~~~~~~~~~~~~~~~~~\n  build/temp.linux-x86_64-2.7/_openssl.c: In function '_cffi_d_SSL_CTX_set_tmp_dh':\n  build/temp.linux-x86_64-2.7/_openssl.c:34636:10: warning: conversion to 'long unsigned int' from 'long int' may change the sign of the result [-Wsign-conversion]\n     return SSL_CTX_set_tmp_dh(x0, x1);\n            ^~~~~~~~~~~~~~~~~~\n  build/temp.linux-x86_64-2.7/_openssl.c: In function '_cffi_f_SSL_CTX_set_tmp_dh':\n  build/temp.linux-x86_64-2.7/_openssl.c:34674:14: warning: conversion to 'long unsigned int' from 'long int' may change the sign of the result [-Wsign-conversion]\n     { result = SSL_CTX_set_tmp_dh(x0, x1); }\n                ^~~~~~~~~~~~~~~~~~\n  build/temp.linux-x86_64-2.7/_openssl.c: In function '_cffi_d_SSL_CTX_set_tmp_ecdh':\n  build/temp.linux-x86_64-2.7/_openssl.c:34689:10: warning: conversion to 'long unsigned int' from 'long int' may change the sign of the result [-Wsign-conversion]\n     return SSL_CTX_set_tmp_ecdh(x0, x1);\n            ^~~~~~~~~~~~~~~~~~~~\n  build/temp.linux-x86_64-2.7/_openssl.c: In function '_cffi_f_SSL_CTX_set_tmp_ecdh':\n  build/temp.linux-x86_64-2.7/_openssl.c:34727:14: warning: conversion to 'long unsigned int' from 'long int' may change the sign of the result [-Wsign-conversion]\n     { result = SSL_CTX_set_tmp_ecdh(x0, x1); }\n                ^~~~~~~~~~~~~~~~~~~~\n  build/temp.linux-x86_64-2.7/_openssl.c: In function '_cffi_d_SSL_SESSION_get_master_key':\n  build/temp.linux-x86_64-2.7/_openssl.c:35259:10: warning: implicit declaration of function 'SSL_SESSION_get_master_key' [-Wimplicit-function-declaration]\n     return SSL_SESSION_get_master_key(x0, x1, x2);\n            ^~~~~~~~~~~~~~~~~~~~~~~~~~\n  build/temp.linux-x86_64-2.7/_openssl.c:35259:10: warning: conversion to 'size_t {aka long unsigned int}' from 'int' may change the sign of the result [-Wsign-conversion]\n     return SSL_SESSION_get_master_key(x0, x1, x2);\n            ^~~~~~~~~~~~~~~~~~~~~~~~~~~~~~~~~~~~~~\n  build/temp.linux-x86_64-2.7/_openssl.c: In function '_cffi_f_SSL_SESSION_get_master_key':\n  build/temp.linux-x86_64-2.7/_openssl.c:35303:14: warning: conversion to 'size_t {aka long unsigned int}' from 'int' may change the sign of the result [-Wsign-conversion]\n     { result = SSL_SESSION_get_master_key(x0, x1, x2); }\n                ^~~~~~~~~~~~~~~~~~~~~~~~~~\n  build/temp.linux-x86_64-2.7/_openssl.c: In function '_cffi_d_SSL_SESSION_get_ticket_lifetime_hint':\n  build/temp.linux-x86_64-2.7/_openssl.c:35356:10: warning: implicit declaration of function 'SSL_SESSION_get_ticket_lifetime_hint' [-Wimplicit-function-declaration]\n     return SSL_SESSION_get_ticket_lifetime_hint(x0);\n            ^~~~~~~~~~~~~~~~~~~~~~~~~~~~~~~~~~~~\n  build/temp.linux-x86_64-2.7/_openssl.c: In function '_cffi_d_SSL_SESSION_has_ticket':\n  build/temp.linux-x86_64-2.7/_openssl.c:35470:10: warning: implicit declaration of function 'SSL_SESSION_has_ticket' [-Wimplicit-function-declaration]\n     return SSL_SESSION_has_ticket(x0);\n            ^~~~~~~~~~~~~~~~~~~~~~\n  build/temp.linux-x86_64-2.7/_openssl.c: In function '_cffi_d_SSL_clear_mode':\n  build/temp.linux-x86_64-2.7/_openssl.c:35567:10: warning: conversion to 'long int' from 'long unsigned int' may change the sign of the result [-Wsign-conversion]\n     return SSL_clear_mode(x0, x1);\n            ^~~~~~~~~~~~~~\n  build/temp.linux-x86_64-2.7/_openssl.c:35567:10: warning: conversion to 'long unsigned int' from 'long int' may change the sign of the result [-Wsign-conversion]\n  build/temp.linux-x86_64-2.7/_openssl.c: In function '_cffi_f_SSL_clear_mode':\n  build/temp.linux-x86_64-2.7/_openssl.c:35600:14: warning: conversion to 'long int' from 'long unsigned int' may change the sign of the result [-Wsign-conversion]\n     { result = SSL_clear_mode(x0, x1); }\n                ^~~~~~~~~~~~~~\n  build/temp.linux-x86_64-2.7/_openssl.c:35600:14: warning: conversion to 'long unsigned int' from 'long int' may change the sign of the result [-Wsign-conversion]\n  build/temp.linux-x86_64-2.7/_openssl.c: In function '_cffi_d_SSL_get0_verified_chain':\n  build/temp.linux-x86_64-2.7/_openssl.c:35918:10: warning: implicit declaration of function 'SSL_get0_verified_chain' [-Wimplicit-function-declaration]\n     return SSL_get0_verified_chain(x0);\n            ^~~~~~~~~~~~~~~~~~~~~~~\n  build/temp.linux-x86_64-2.7/_openssl.c:35918:10: warning: return makes pointer from integer without a cast [-Wint-conversion]\n     return SSL_get0_verified_chain(x0);\n            ^~~~~~~~~~~~~~~~~~~~~~~~~~~\n  build/temp.linux-x86_64-2.7/_openssl.c: In function '_cffi_f_SSL_get0_verified_chain':\n  build/temp.linux-x86_64-2.7/_openssl.c:35941:12: warning: assignment makes pointer from integer without a cast [-Wint-conversion]\n     { result = SSL_get0_verified_chain(x0); }\n              ^\n  build/temp.linux-x86_64-2.7/_openssl.c: In function '_cffi_d_SSL_get_client_random':\n  build/temp.linux-x86_64-2.7/_openssl.c:36118:10: warning: implicit declaration of function 'SSL_get_client_random' [-Wimplicit-function-declaration]\n     return SSL_get_client_random(x0, x1, x2);\n            ^~~~~~~~~~~~~~~~~~~~~\n  build/temp.linux-x86_64-2.7/_openssl.c:36118:10: warning: conversion to 'size_t {aka long unsigned int}' from 'int' may change the sign of the result [-Wsign-conversion]\n     return SSL_get_client_random(x0, x1, x2);\n            ^~~~~~~~~~~~~~~~~~~~~~~~~~~~~~~~~\n  build/temp.linux-x86_64-2.7/_openssl.c: In function '_cffi_f_SSL_get_client_random':\n  build/temp.linux-x86_64-2.7/_openssl.c:36162:14: warning: conversion to 'size_t {aka long unsigned int}' from 'int' may change the sign of the result [-Wsign-conversion]\n     { result = SSL_get_client_random(x0, x1, x2); }\n                ^~~~~~~~~~~~~~~~~~~~~\n  build/temp.linux-x86_64-2.7/_openssl.c: In function '_cffi_d_SSL_get_mode':\n  build/temp.linux-x86_64-2.7/_openssl.c:36553:10: warning: conversion to 'long unsigned int' from 'long int' may change the sign of the result [-Wsign-conversion]\n     return SSL_get_mode(x0);\n            ^~~~~~~~~~~~\n  build/temp.linux-x86_64-2.7/_openssl.c: In function '_cffi_f_SSL_get_mode':\n  build/temp.linux-x86_64-2.7/_openssl.c:36576:14: warning: conversion to 'long unsigned int' from 'long int' may change the sign of the result [-Wsign-conversion]\n     { result = SSL_get_mode(x0); }\n                ^~~~~~~~~~~~\n  build/temp.linux-x86_64-2.7/_openssl.c: In function '_cffi_d_SSL_get_options':\n  build/temp.linux-x86_64-2.7/_openssl.c:36591:10: warning: conversion to 'long unsigned int' from 'long int' may change the sign of the result [-Wsign-conversion]\n     return SSL_get_options(x0);\n            ^~~~~~~~~~~~~~~\n  build/temp.linux-x86_64-2.7/_openssl.c: In function '_cffi_f_SSL_get_options':\n  build/temp.linux-x86_64-2.7/_openssl.c:36614:14: warning: conversion to 'long unsigned int' from 'long int' may change the sign of the result [-Wsign-conversion]\n     { result = SSL_get_options(x0); }\n                ^~~~~~~~~~~~~~~\n  build/temp.linux-x86_64-2.7/_openssl.c: In function '_cffi_d_SSL_get_server_random':\n  build/temp.linux-x86_64-2.7/_openssl.c:36840:10: warning: implicit declaration of function 'SSL_get_server_random' [-Wimplicit-function-declaration]\n     return SSL_get_server_random(x0, x1, x2);\n            ^~~~~~~~~~~~~~~~~~~~~\n  build/temp.linux-x86_64-2.7/_openssl.c:36840:10: warning: conversion to 'size_t {aka long unsigned int}' from 'int' may change the sign of the result [-Wsign-conversion]\n     return SSL_get_server_random(x0, x1, x2);\n            ^~~~~~~~~~~~~~~~~~~~~~~~~~~~~~~~~\n  build/temp.linux-x86_64-2.7/_openssl.c: In function '_cffi_f_SSL_get_server_random':\n  build/temp.linux-x86_64-2.7/_openssl.c:36884:14: warning: conversion to 'size_t {aka long unsigned int}' from 'int' may change the sign of the result [-Wsign-conversion]\n     { result = SSL_get_server_random(x0, x1, x2); }\n                ^~~~~~~~~~~~~~~~~~~~~\n  build/temp.linux-x86_64-2.7/_openssl.c: In function '_cffi_d_SSL_set_max_proto_version':\n  build/temp.linux-x86_64-2.7/_openssl.c:38271:10: warning: implicit declaration of function 'SSL_set_max_proto_version' [-Wimplicit-function-declaration]\n     return SSL_set_max_proto_version(x0, x1);\n            ^~~~~~~~~~~~~~~~~~~~~~~~~\n  build/temp.linux-x86_64-2.7/_openssl.c: In function '_cffi_d_SSL_set_min_proto_version':\n  build/temp.linux-x86_64-2.7/_openssl.c:38319:10: warning: implicit declaration of function 'SSL_set_min_proto_version' [-Wimplicit-function-declaration]\n     return SSL_set_min_proto_version(x0, x1);\n            ^~~~~~~~~~~~~~~~~~~~~~~~~\n  build/temp.linux-x86_64-2.7/_openssl.c: In function '_cffi_d_SSL_set_mode':\n  build/temp.linux-x86_64-2.7/_openssl.c:38367:10: warning: conversion to 'long int' from 'long unsigned int' may change the sign of the result [-Wsign-conversion]\n     return SSL_set_mode(x0, x1);\n            ^~~~~~~~~~~~\n  build/temp.linux-x86_64-2.7/_openssl.c:38367:10: warning: conversion to 'long unsigned int' from 'long int' may change the sign of the result [-Wsign-conversion]\n  build/temp.linux-x86_64-2.7/_openssl.c: In function '_cffi_f_SSL_set_mode':\n  build/temp.linux-x86_64-2.7/_openssl.c:38400:14: warning: conversion to 'long int' from 'long unsigned int' may change the sign of the result [-Wsign-conversion]\n     { result = SSL_set_mode(x0, x1); }\n                ^~~~~~~~~~~~\n  build/temp.linux-x86_64-2.7/_openssl.c:38400:14: warning: conversion to 'long unsigned int' from 'long int' may change the sign of the result [-Wsign-conversion]\n  build/temp.linux-x86_64-2.7/_openssl.c: In function '_cffi_d_SSL_set_options':\n  build/temp.linux-x86_64-2.7/_openssl.c:38415:10: warning: conversion to 'long int' from 'long unsigned int' may change the sign of the result [-Wsign-conversion]\n     return SSL_set_options(x0, x1);\n            ^~~~~~~~~~~~~~~\n  build/temp.linux-x86_64-2.7/_openssl.c:38415:10: warning: conversion to 'long unsigned int' from 'long int' may change the sign of the result [-Wsign-conversion]\n  build/temp.linux-x86_64-2.7/_openssl.c: In function '_cffi_f_SSL_set_options':\n  build/temp.linux-x86_64-2.7/_openssl.c:38448:14: warning: conversion to 'long int' from 'long unsigned int' may change the sign of the result [-Wsign-conversion]\n     { result = SSL_set_options(x0, x1); }\n                ^~~~~~~~~~~~~~~\n  build/temp.linux-x86_64-2.7/_openssl.c:38448:14: warning: conversion to 'long unsigned int' from 'long int' may change the sign of the result [-Wsign-conversion]\n  buil\u001b[91mDEPRECATION: Python 2.7 will reach the end of its life on January 1st, 2020. Please upgrade your Python as Python 2.7 won't be maintained after that date. A future version of pip will drop support for Python 2.7.\n  Failed building wheel for cryptography\nCould not build wheels for cryptography which use PEP 517 and cannot be installed directly\nYou are using pip version 19.0.3, however version 20.3.4 is available.\nYou should consider upgrading via the 'pip install --upgrade pip' command.\n\n\u001b[0md/temp.linux-x86_64-2.7/_openssl.c: In function '_cffi_d_TLS_client_method':\n  build/temp.linux-x86_64-2.7/_openssl.c:39426:10: warning: implicit declaration of function 'TLS_client_method' [-Wimplicit-function-declaration]\n     return TLS_client_method();\n            ^~~~~~~~~~~~~~~~~\n  build/temp.linux-x86_64-2.7/_openssl.c:39426:10: warning: return makes pointer from integer without a cast [-Wint-conversion]\n     return TLS_client_method();\n            ^~~~~~~~~~~~~~~~~~~\n  build/temp.linux-x86_64-2.7/_openssl.c: In function '_cffi_f_TLS_client_method':\n  build/temp.linux-x86_64-2.7/_openssl.c:39437:12: warning: assignment makes pointer from integer without a cast [-Wint-conversion]\n     { result = TLS_client_method(); }\n              ^\n  build/temp.linux-x86_64-2.7/_openssl.c: In function '_cffi_d_TLS_method':\n  build/temp.linux-x86_64-2.7/_openssl.c:39452:10: warning: implicit declaration of function 'TLS_method' [-Wimplicit-function-declaration]\n     return TLS_method();\n            ^~~~~~~~~~\n  build/temp.linux-x86_64-2.7/_openssl.c:39452:10: warning: return makes pointer from integer without a cast [-Wint-conversion]\n     return TLS_method();\n            ^~~~~~~~~~~~\n  build/temp.linux-x86_64-2.7/_openssl.c: In function '_cffi_f_TLS_method':\n  build/temp.linux-x86_64-2.7/_openssl.c:39463:12: warning: assignment makes pointer from integer without a cast [-Wint-conversion]\n     { result = TLS_method(); }\n              ^\n  build/temp.linux-x86_64-2.7/_openssl.c: In function '_cffi_d_TLS_server_method':\n  build/temp.linux-x86_64-2.7/_openssl.c:39478:10: warning: implicit declaration of function 'TLS_server_method' [-Wimplicit-function-declaration]\n     return TLS_server_method();\n            ^~~~~~~~~~~~~~~~~\n  build/temp.linux-x86_64-2.7/_openssl.c:39478:10: warning: return makes pointer from integer without a cast [-Wint-conversion]\n     return TLS_server_method();\n            ^~~~~~~~~~~~~~~~~~~\n  build/temp.linux-x86_64-2.7/_openssl.c: In function '_cffi_f_TLS_server_method':\n  build/temp.linux-x86_64-2.7/_openssl.c:39489:12: warning: assignment makes pointer from integer without a cast [-Wint-conversion]\n     { result = TLS_server_method(); }\n              ^\n  build/temp.linux-x86_64-2.7/_openssl.c: In function '_cffi_d_X509_ATTRIBUTE_count':\n  build/temp.linux-x86_64-2.7/_openssl.c:40270:31: warning: passing argument 1 of 'X509_ATTRIBUTE_count' discards 'const' qualifier from pointer target type [-Wdiscarded-qualifiers]\n     return X509_ATTRIBUTE_count(x0);\n                                 ^~\n  In file included from /usr/include/openssl/engine.h:99:0,\n                   from build/temp.linux-x86_64-2.7/_openssl.c:657:\n  /usr/include/openssl/x509.h:1152:5: note: expected 'X509_ATTRIBUTE * {aka struct x509_attributes_st *}' but argument is of type 'const X509_ATTRIBUTE * {aka const struct x509_attributes_st *}'\n   int X509_ATTRIBUTE_count(X509_ATTRIBUTE *attr);\n       ^~~~~~~~~~~~~~~~~~~~\n  build/temp.linux-x86_64-2.7/_openssl.c: In function '_cffi_f_X509_ATTRIBUTE_count':\n  build/temp.linux-x86_64-2.7/_openssl.c:40293:35: warning: passing argument 1 of 'X509_ATTRIBUTE_count' discards 'const' qualifier from pointer target type [-Wdiscarded-qualifiers]\n     { result = X509_ATTRIBUTE_count(x0); }\n                                     ^~\n  In file included from /usr/include/openssl/engine.h:99:0,\n                   from build/temp.linux-x86_64-2.7/_openssl.c:657:\n  /usr/include/openssl/x509.h:1152:5: note: expected 'X509_ATTRIBUTE * {aka struct x509_attributes_st *}' but argument is of type 'const X509_ATTRIBUTE * {aka const struct x509_attributes_st *}'\n   int X509_ATTRIBUTE_count(X509_ATTRIBUTE *attr);\n       ^~~~~~~~~~~~~~~~~~~~\n  build/temp.linux-x86_64-2.7/_openssl.c: In function '_cffi_d_X509_CRL_get0_signature':\n  build/temp.linux-x86_64-2.7/_openssl.c:40724:3: warning: implicit declaration of function 'X509_CRL_get0_signature' [-Wimplicit-function-declaration]\n     X509_CRL_get0_signature(x0, x1, x2);\n     ^~~~~~~~~~~~~~~~~~~~~~~\n  build/temp.linux-x86_64-2.7/_openssl.c: In function '_cffi_d_X509_NAME_ENTRY_set':\n  build/temp.linux-x86_64-2.7/_openssl.c:41949:10: warning: implicit declaration of function 'X509_NAME_ENTRY_set' [-Wimplicit-function-declaration]\n     return X509_NAME_ENTRY_set(x0);\n            ^~~~~~~~~~~~~~~~~~~\n  build/temp.linux-x86_64-2.7/_openssl.c: In function '_cffi_d_X509_OBJECT_get0_X509':\n  build/temp.linux-x86_64-2.7/_openssl.c:42814:10: warning: implicit declaration of function 'X509_OBJECT_get0_X509' [-Wimplicit-function-declaration]\n     return X509_OBJECT_get0_X509(x0);\n            ^~~~~~~~~~~~~~~~~~~~~\n  build/temp.linux-x86_64-2.7/_openssl.c:42814:10: warning: return makes pointer from integer without a cast [-Wint-conversion]\n     return X509_OBJECT_get0_X509(x0);\n            ^~~~~~~~~~~~~~~~~~~~~~~~~\n  build/temp.linux-x86_64-2.7/_openssl.c: In function '_cffi_f_X509_OBJECT_get0_X509':\n  build/temp.linux-x86_64-2.7/_openssl.c:42837:12: warning: assignment makes pointer from integer without a cast [-Wint-conversion]\n     { result = X509_OBJECT_get0_X509(x0); }\n              ^\n  build/temp.linux-x86_64-2.7/_openssl.c: In function '_cffi_d_X509_OBJECT_get_type':\n  build/temp.linux-x86_64-2.7/_openssl.c:42852:10: warning: implicit declaration of function 'X509_OBJECT_get_type' [-Wimplicit-function-declaration]\n     return X509_OBJECT_get_type(x0);\n            ^~~~~~~~~~~~~~~~~~~~\n  build/temp.linux-x86_64-2.7/_openssl.c: In function '_cffi_d_X509_REQ_get0_signature':\n  build/temp.linux-x86_64-2.7/_openssl.c:43055:3: warning: implicit declaration of function 'X509_REQ_get0_signature' [-Wimplicit-function-declaration]\n     X509_REQ_get0_signature(x0, x1, x2);\n     ^~~~~~~~~~~~~~~~~~~~~~~\n  build/temp.linux-x86_64-2.7/_openssl.c: In function '_cffi_d_X509_REQ_get_attr_by_OBJ':\n  build/temp.linux-x86_64-2.7/_openssl.c:43165:39: warning: passing argument 2 of 'X509_REQ_get_attr_by_OBJ' discards 'const' qualifier from pointer target type [-Wdiscarded-qualifiers]\n     return X509_REQ_get_attr_by_OBJ(x0, x1, x2);\n                                         ^~\n  In file included from /usr/include/openssl/engine.h:99:0,\n                   from build/temp.linux-x86_64-2.7/_openssl.c:657:\n  /usr/include/openssl/x509.h:928:5: note: expected 'ASN1_OBJECT * {aka struct asn1_object_st *}' but argument is of type 'const ASN1_OBJECT * {aka const struct asn1_object_st *}'\n   int X509_REQ_get_attr_by_OBJ(const X509_REQ *req, ASN1_OBJECT *obj,\n       ^~~~~~~~~~~~~~~~~~~~~~~~\n  build/temp.linux-x86_64-2.7/_openssl.c: In function '_cffi_f_X509_REQ_get_attr_by_OBJ':\n  build/temp.linux-x86_64-2.7/_openssl.c:43209:43: warning: passing argument 2 of 'X509_REQ_get_attr_by_OBJ' discards 'const' qualifier from pointer target type [-Wdiscarded-qualifiers]\n     { result = X509_REQ_get_attr_by_OBJ(x0, x1, x2); }\n                                             ^~\n  In file included from /usr/include/openssl/engine.h:99:0,\n                   from build/temp.linux-x86_64-2.7/_openssl.c:657:\n  /usr/include/openssl/x509.h:928:5: note: expected 'ASN1_OBJECT * {aka struct asn1_object_st *}' but argument is of type 'const ASN1_OBJECT * {aka const struct asn1_object_st *}'\n   int X509_REQ_get_attr_by_OBJ(const X509_REQ *req, ASN1_OBJECT *obj,\n       ^~~~~~~~~~~~~~~~~~~~~~~~\n  build/temp.linux-x86_64-2.7/_openssl.c: In function '_cffi_d_X509_REVOKED_get0_revocationDate':\n  build/temp.linux-x86_64-2.7/_openssl.c:43990:10: warning: implicit declaration of function 'X509_REVOKED_get0_revocationDate' [-Wimplicit-function-declaration]\n     return X509_REVOKED_get0_revocationDate(x0);\n            ^~~~~~~~~~~~~~~~~~~~~~~~~~~~~~~~\n  build/temp.linux-x86_64-2.7/_openssl.c:43990:10: warning: return makes pointer from integer without a cast [-Wint-conversion]\n     return X509_REVOKED_get0_revocationDate(x0);\n            ^~~~~~~~~~~~~~~~~~~~~~~~~~~~~~~~~~~~\n  build/temp.linux-x86_64-2.7/_openssl.c: In function '_cffi_f_X509_REVOKED_get0_revocationDate':\n  build/temp.linux-x86_64-2.7/_openssl.c:44013:12: warning: assignment makes pointer from integer without a cast [-Wint-conversion]\n     { result = X509_REVOKED_get0_revocationDate(x0); }\n              ^\n  build/temp.linux-x86_64-2.7/_openssl.c: In function '_cffi_d_X509_REVOKED_get0_serialNumber':\n  build/temp.linux-x86_64-2.7/_openssl.c:44028:10: warning: implicit declaration of function 'X509_REVOKED_get0_serialNumber' [-Wimplicit-function-declaration]\n     return X509_REVOKED_get0_serialNumber(x0);\n            ^~~~~~~~~~~~~~~~~~~~~~~~~~~~~~\n  build/temp.linux-x86_64-2.7/_openssl.c:44028:10: warning: return makes pointer from integer without a cast [-Wint-conversion]\n     return X509_REVOKED_get0_serialNumber(x0);\n            ^~~~~~~~~~~~~~~~~~~~~~~~~~~~~~~~~~\n  build/temp.linux-x86_64-2.7/_openssl.c: In function '_cffi_f_X509_REVOKED_get0_serialNumber':\n  build/temp.linux-x86_64-2.7/_openssl.c:44051:12: warning: assignment makes pointer from integer without a cast [-Wint-conversion]\n     { result = X509_REVOKED_get0_serialNumber(x0); }\n              ^\n  build/temp.linux-x86_64-2.7/_openssl.c: In function '_cffi_d_X509_STORE_CTX_get0_cert':\n  build/temp.linux-x86_64-2.7/_openssl.c:44356:10: warning: implicit declaration of function 'X509_STORE_CTX_get0_cert' [-Wimplicit-function-declaration]\n     return X509_STORE_CTX_get0_cert(x0);\n            ^~~~~~~~~~~~~~~~~~~~~~~~\n  build/temp.linux-x86_64-2.7/_openssl.c:44356:10: warning: return makes pointer from integer without a cast [-Wint-conversion]\n     return X509_STORE_CTX_get0_cert(x0);\n            ^~~~~~~~~~~~~~~~~~~~~~~~~~~~\n  build/temp.linux-x86_64-2.7/_openssl.c: In function '_cffi_f_X509_STORE_CTX_get0_cert':\n  build/temp.linux-x86_64-2.7/_openssl.c:44379:12: warning: assignment makes pointer from integer without a cast [-Wint-conversion]\n     { result = X509_STORE_CTX_get0_cert(x0); }\n              ^\n  build/temp.linux-x86_64-2.7/_openssl.c: In function '_cffi_d_X509_STORE_get0_objects':\n  build/temp.linux-x86_64-2.7/_openssl.c:45517:10: warning: implicit declaration of function 'X509_STORE_get0_objects' [-Wimplicit-function-declaration]\n     return X509_STORE_get0_objects(x0);\n            ^~~~~~~~~~~~~~~~~~~~~~~\n  build/temp.linux-x86_64-2.7/_openssl.c:45517:10: warning: return makes pointer from integer without a cast [-Wint-conversion]\n     return X509_STORE_get0_objects(x0);\n            ^~~~~~~~~~~~~~~~~~~~~~~~~~~\n  build/temp.linux-x86_64-2.7/_openssl.c: In function '_cffi_f_X509_STORE_get0_objects':\n  build/temp.linux-x86_64-2.7/_openssl.c:45540:12: warning: assignment makes pointer from integer without a cast [-Wint-conversion]\n     { result = X509_STORE_get0_objects(x0); }\n              ^\n  build/temp.linux-x86_64-2.7/_openssl.c: In function '_cffi_d_X509_STORE_get0_param':\n  build/temp.linux-x86_64-2.7/_openssl.c:45555:10: warning: implicit declaration of function 'X509_STORE_get0_param' [-Wimplicit-function-declaration]\n     return X509_STORE_get0_param(x0);\n            ^~~~~~~~~~~~~~~~~~~~~\n  build/temp.linux-x86_64-2.7/_openssl.c:45555:10: warning: return makes pointer from integer without a cast [-Wint-conversion]\n     return X509_STORE_get0_param(x0);\n            ^~~~~~~~~~~~~~~~~~~~~~~~~\n  build/temp.linux-x86_64-2.7/_openssl.c: In function '_cffi_f_X509_STORE_get0_param':\n  build/temp.linux-x86_64-2.7/_openssl.c:45578:12: warning: assignment makes pointer from integer without a cast [-Wint-conversion]\n     { result = X509_STORE_get0_param(x0); }\n              ^\n  build/temp.linux-x86_64-2.7/_openssl.c: In function '_cffi_d_X509_STORE_get_get_issuer':\n  build/temp.linux-x86_64-2.7/_openssl.c:45593:10: warning: implicit declaration of function 'X509_STORE_get_get_issuer' [-Wimplicit-function-declaration]\n     return X509_STORE_get_get_issuer(x0);\n            ^~~~~~~~~~~~~~~~~~~~~~~~~\n  build/temp.linux-x86_64-2.7/_openssl.c:45593:10: warning: return makes pointer from integer without a cast [-Wint-conversion]\n     return X509_STORE_get_get_issuer(x0);\n            ^~~~~~~~~~~~~~~~~~~~~~~~~~~~~\n  build/temp.linux-x86_64-2.7/_openssl.c: In function '_cffi_f_X509_STORE_get_get_issuer':\n  build/temp.linux-x86_64-2.7/_openssl.c:45616:12: warning: assignment makes pointer from integer without a cast [-Wint-conversion]\n     { result = X509_STORE_get_get_issuer(x0); }\n              ^\n  build/temp.linux-x86_64-2.7/_openssl.c: In function '_cffi_d_X509_STORE_set_get_issuer':\n  build/temp.linux-x86_64-2.7/_openssl.c:45860:3: warning: implicit declaration of function 'X509_STORE_set_get_issuer' [-Wimplicit-function-declaration]\n     X509_STORE_set_get_issuer(x0, x1);\n     ^~~~~~~~~~~~~~~~~~~~~~~~~\n  build/temp.linux-x86_64-2.7/_openssl.c: In function '_cffi_d_X509_get0_signature':\n  build/temp.linux-x86_64-2.7/_openssl.c:47062:23: warning: passing argument 1 of 'X509_get0_signature' from incompatible pointer type [-Wincompatible-pointer-types]\n     X509_get0_signature(x0, x1, x2);\n                         ^~\n  In file included from /usr/include/openssl/engine.h:99:0,\n                   from build/temp.linux-x86_64-2.7/_openssl.c:657:\n  /usr/include/openssl/x509.h:837:6: note: expected 'ASN1_BIT_STRING ** {aka struct asn1_string_st **}' but argument is of type 'const ASN1_OCTET_STRING ** {aka const struct asn1_string_st **}'\n   void X509_get0_signature(ASN1_BIT_STRING **psig, X509_ALGOR **palg,\n        ^~~~~~~~~~~~~~~~~~~\n  build/temp.linux-x86_64-2.7/_openssl.c:47062:27: warning: passing argument 2 of 'X509_get0_signature' from incompatible pointer type [-Wincompatible-pointer-types]\n     X509_get0_signature(x0, x1, x2);\n                             ^~\n  In file included from /usr/include/openssl/engine.h:99:0,\n                   from build/temp.linux-x86_64-2.7/_openssl.c:657:\n  /usr/include/openssl/x509.h:837:6: note: expected 'X509_ALGOR ** {aka struct X509_algor_st **}' but argument is of type 'const X509_ALGOR ** {aka const struct X509_algor_st **}'\n   void X509_get0_signature(ASN1_BIT_STRING **psig, X509_ALGOR **palg,\n        ^~~~~~~~~~~~~~~~~~~\n  build/temp.linux-x86_64-2.7/_openssl.c: In function '_cffi_f_X509_get0_signature':\n  build/temp.linux-x86_64-2.7/_openssl.c:47109:25: warning: passing argument 1 of 'X509_get0_signature' from incompatible pointer type [-Wincompatible-pointer-types]\n     { X509_get0_signature(x0, x1, x2); }\n                           ^~\n  In file included from /usr/include/openssl/engine.h:99:0,\n                   from build/temp.linux-x86_64-2.7/_openssl.c:657:\n  /usr/include/openssl/x509.h:837:6: note: expected 'ASN1_BIT_STRING ** {aka struct asn1_string_st **}' but argument is of type 'const ASN1_OCTET_STRING ** {aka const struct asn1_string_st **}'\n   void X509_get0_signature(ASN1_BIT_STRING **psig, X509_ALGOR **palg,\n        ^~~~~~~~~~~~~~~~~~~\n  build/temp.linux-x86_64-2.7/_openssl.c:47109:29: warning: passing argument 2 of 'X509_get0_signature' from incompatible pointer type [-Wincompatible-pointer-types]\n     { X509_get0_signature(x0, x1, x2); }\n                               ^~\n  In file included from /usr/include/openssl/engine.h:99:0,\n                   from build/temp.linux-x86_64-2.7/_openssl.c:657:\n  /usr/include/openssl/x509.h:837:6: note: expected 'X509_ALGOR ** {aka struct X509_algor_st **}' but argument is of type 'const X509_ALGOR ** {aka const struct X509_algor_st **}'\n   void X509_get0_signature(ASN1_BIT_STRING **psig, X509_ALGOR **palg,\n        ^~~~~~~~~~~~~~~~~~~\n  build/temp.linux-x86_64-2.7/_openssl.c: In function '_cffi_d_X509_get0_tbs_sigalg':\n  build/temp.linux-x86_64-2.7/_openssl.c:47124:10: warning: implicit declaration of function 'X509_get0_tbs_sigalg' [-Wimplicit-function-declaration]\n     return X509_get0_tbs_sigalg(x0);\n            ^~~~~~~~~~~~~~~~~~~~\n  build/temp.linux-x86_64-2.7/_openssl.c:47124:10: warning: return makes pointer from integer without a cast [-Wint-conversion]\n     return X509_get0_tbs_sigalg(x0);\n            ^~~~~~~~~~~~~~~~~~~~~~~~\n  build/temp.linux-x86_64-2.7/_openssl.c: In function '_cffi_f_X509_get0_tbs_sigalg':\n  build/temp.linux-x86_64-2.7/_openssl.c:47147:12: warning: assignment makes pointer from integer without a cast [-Wint-conversion]\n     { result = X509_get0_tbs_sigalg(x0); }\n              ^\n  build/temp.linux-x86_64-2.7/_openssl.c: In function '_cffi_d_X509_getm_notAfter':\n  build/temp.linux-x86_64-2.7/_openssl.c:47726:10: warning: implicit declaration of function 'X509_getm_notAfter' [-Wimplicit-function-declaration]\n     return X509_getm_notAfter(x0);\n            ^~~~~~~~~~~~~~~~~~\n  build/temp.linux-x86_64-2.7/_openssl.c:47726:10: warning: return makes pointer from integer without a cast [-Wint-conversion]\n     return X509_getm_notAfter(x0);\n            ^~~~~~~~~~~~~~~~~~~~~~\n  build/temp.linux-x86_64-2.7/_openssl.c: In function '_cffi_f_X509_getm_notAfter':\n  build/temp.linux-x86_64-2.7/_openssl.c:47749:12: warning: assignment makes pointer from integer without a cast [-Wint-conversion]\n     { result = X509_getm_notAfter(x0); }\n              ^\n  build/temp.linux-x86_64-2.7/_openssl.c: In function '_cffi_d_X509_getm_notBefore':\n  build/temp.linux-x86_64-2.7/_openssl.c:47764:10: warning: implicit declaration of function 'X509_getm_notBefore' [-Wimplicit-function-declaration]\n     return X509_getm_notBefore(x0);\n            ^~~~~~~~~~~~~~~~~~~\n  build/temp.linux-x86_64-2.7/_openssl.c:47764:10: warning: return makes pointer from integer without a cast [-Wint-conversion]\n     return X509_getm_notBefore(x0);\n            ^~~~~~~~~~~~~~~~~~~~~~~\n  build/temp.linux-x86_64-2.7/_openssl.c: In function '_cffi_f_X509_getm_notBefore':\n  build/temp.linux-x86_64-2.7/_openssl.c:47787:12: warning: assignment makes pointer from integer without a cast [-Wint-conversion]\n     { result = X509_getm_notBefore(x0); }\n              ^\n  build/temp.linux-x86_64-2.7/_openssl.c: In function '_cffi_d_X509_set1_notAfter':\n  build/temp.linux-x86_64-2.7/_openssl.c:47941:10: warning: implicit declaration of function 'X509_set1_notAfter' [-Wimplicit-function-declaration]\n     return X509_set1_notAfter(x0, x1);\n            ^~~~~~~~~~~~~~~~~~\n  build/temp.linux-x86_64-2.7/_openssl.c: In function '_cffi_d_X509_set1_notBefore':\n  build/temp.linux-x86_64-2.7/_openssl.c:47994:10: warning: implicit declaration of function 'X509_set1_notBefore' [-Wimplicit-function-declaration]\n     return X509_set1_notBefore(x0, x1);\n            ^~~~~~~~~~~~~~~~~~~\n  build/temp.linux-x86_64-2.7/_openssl.c: In function '_cffi_d_X509_up_ref':\n  build/temp.linux-x86_64-2.7/_openssl.c:48515:10: warning: implicit declaration of function 'X509_up_ref' [-Wimplicit-function-declaration]\n     return X509_up_ref(x0);\n            ^~~~~~~~~~~\n  build/temp.linux-x86_64-2.7/_openssl.c: In function '_cffi_d_i2d_re_X509_CRL_tbs':\n  build/temp.linux-x86_64-2.7/_openssl.c:50656:10: warning: implicit declaration of function 'i2d_re_X509_CRL_tbs' [-Wimplicit-function-declaration]\n     return i2d_re_X509_CRL_tbs(x0, x1);\n            ^~~~~~~~~~~~~~~~~~~\n  build/temp.linux-x86_64-2.7/_openssl.c: In function '_cffi_d_i2d_re_X509_REQ_tbs':\n  build/temp.linux-x86_64-2.7/_openssl.c:50709:10: warning: implicit declaration of function 'i2d_re_X509_REQ_tbs' [-Wimplicit-function-declaration]\n     return i2d_re_X509_REQ_tbs(x0, x1);\n            ^~~~~~~~~~~~~~~~~~~\n  \n      =============================DEBUG ASSISTANCE=============================\n      If you are seeing a compilation error please try the following steps to\n      successfully install cryptography:\n      1) Upgrade to the latest pip and try again. This will fix errors for most\n         users. See: https://pip.pypa.io/en/stable/installing/#upgrading-pip\n      2) Read https://cryptography.io/en/latest/installation.html for specific\n         instructions for your platform.\n      3) Check our frequently asked questions for more information:\n         https://cryptography.io/en/latest/faq.html\n      =============================DEBUG ASSISTANCE=============================\n  \n  error: command 'gcc' failed with exit status 1\n  \n  ----------------------------------------\n  Running setup.py clean for cryptography\nFailed to build cryptography\n\n\u001b[91m/usr/local/lib/python2.7/site-packages/pipenv/vendor/vistir/compat.py:109: ResourceWarning: Implicitly cleaning up <TemporaryDirectory '/tmp/pipenv-pjpo6r-requirements'>\n  warnings.warn(warn_message, ResourceWarning)\n\u001b[0mRemoving intermediate container a96a9952f9cc\n","stderr":"The command '/bin/sh -c pipenv install --system --deploy --dev' returned a non-zero code: 1\n"}}