{"repository":"https://github.com/muicss/flaskapp","dockerfilePath":"Dockerfile","startTime":1672515136899,"clone":{"stdout":"","stderr":"Cloning into '/tmp/dinghy-analysis/muicss/flaskapp'...\n","error":null,"commit":"11b163c850cd617fcab80900825e735d5e88726f"},"originalBuild":{"startTimestamp":1672515137877,"endTimestamp":1672515190868,"error":{"code":1,"killed":false,"signal":null,"cmd":"docker build --no-cache --force-rm -t flaskapp:latest -f /tmp/dinghy-analysis/muicss/flaskapp/Dockerfile ."},"stdout":"Sending build context to Docker daemon  4.154MB\r\r\nStep 1/14 : FROM python:3.8.2-alpine as base\n3.8.2-alpine: Pulling from library/python\ncbdbe7a5bc2a: Pulling fs layer\n26ebcd19a4e3: Pulling fs layer\n35acdcbeccf1: Pulling fs layer\n647f327f91dd: Pulling fs layer\n9add0a120de2: Pulling fs layer\n647f327f91dd: Waiting\n9add0a120de2: Waiting\n26ebcd19a4e3: Download complete\ncbdbe7a5bc2a: Download complete\ncbdbe7a5bc2a: Pull complete\n647f327f91dd: Verifying Checksum\n647f327f91dd: Download complete\n26ebcd19a4e3: Pull complete\n9add0a120de2: Verifying Checksum\n9add0a120de2: Download complete\n35acdcbeccf1: Verifying Checksum\n35acdcbeccf1: Download complete\n35acdcbeccf1: Pull complete\n647f327f91dd: Pull complete\n9add0a120de2: Pull complete\nDigest: sha256:745fac134e7ea2947934f4baba06db821e63db3607938692017f766c4834cbc0\nStatus: Downloaded newer image for python:3.8.2-alpine\n ---> 6c32e2504283\nStep 2/14 : MAINTAINER Andres Morey \"andresmarcel@gmail.com\"\n ---> Running in 0e6dfe986ba9\nRemoving intermediate container 0e6dfe986ba9\n ---> 003fd51a2e34\nStep 3/14 : FROM base as builder\n ---> 003fd51a2e34\nStep 4/14 : RUN apk update     && apk add --no-cache --virtual build-dependencies gcc libffi-dev libxml2-dev musl-dev make     && apk add --no-cache libxslt-dev     && apk add --no-cache bash\n ---> Running in 91dab9a536ea\nfetch http://dl-cdn.alpinelinux.org/alpine/v3.11/main/x86_64/APKINDEX.tar.gz\nfetch http://dl-cdn.alpinelinux.org/alpine/v3.11/community/x86_64/APKINDEX.tar.gz\nv3.11.13-12-g2cfa91a2b4 [http://dl-cdn.alpinelinux.org/alpine/v3.11/main]\nv3.11.11-124-gf2729ece5a [http://dl-cdn.alpinelinux.org/alpine/v3.11/community]\nOK: 11290 distinct packages available\nfetch http://dl-cdn.alpinelinux.org/alpine/v3.11/main/x86_64/APKINDEX.tar.gz\nfetch http://dl-cdn.alpinelinux.org/alpine/v3.11/community/x86_64/APKINDEX.tar.gz\n(1/22) Upgrading musl (1.1.24-r2 -> 1.1.24-r3)\n(2/22) Upgrading zlib (1.2.11-r3 -> 1.2.11-r5)\n(3/22) Installing libgcc (9.3.0-r0)\n(4/22) Installing libstdc++ (9.3.0-r0)\n(5/22) Installing binutils (2.33.1-r1)\n(6/22) Installing gmp (6.1.2-r1)\n(7/22) Installing isl (0.18-r0)\n(8/22) Installing libgomp (9.3.0-r0)\n(9/22) Installing libatomic (9.3.0-r0)\n(10/22) Installing mpfr4 (4.0.2-r1)\n(11/22) Installing mpc1 (1.1.0-r1)\n(12/22) Installing gcc (9.3.0-r0)\n(13/22) Installing linux-headers (4.19.36-r0)\n(14/22) Installing pkgconf (1.6.3-r0)\n(15/22) Installing libffi-dev (3.2.1-r6)\n(16/22) Installing zlib-dev (1.2.11-r5)\n(17/22) Installing xz-dev (5.2.4-r0)\n(18/22) Installing libxml2 (2.9.12-r0)\n(19/22) Installing libxml2-dev (2.9.12-r0)\n(20/22) Installing musl-dev (1.1.24-r3)\n(21/22) Installing make (4.2.1-r2)\n(22/22) Installing build-dependencies (20221231.193231)\nExecuting busybox-1.31.1-r9.trigger\nOK: 133 MiB in 54 packages\nfetch http://dl-cdn.alpinelinux.org/alpine/v3.11/main/x86_64/APKINDEX.tar.gz\nfetch http://dl-cdn.alpinelinux.org/alpine/v3.11/community/x86_64/APKINDEX.tar.gz\n(1/4) Installing libgpg-error (1.36-r2)\n(2/4) Installing libgcrypt (1.8.8-r1)\n(3/4) Installing libxslt (1.1.34-r0)\n(4/4) Installing libxslt-dev (1.1.34-r0)\nExecuting busybox-1.31.1-r9.trigger\nOK: 135 MiB in 58 packages\nfetch http://dl-cdn.alpinelinux.org/alpine/v3.11/main/x86_64/APKINDEX.tar.gz\nfetch http://dl-cdn.alpinelinux.org/alpine/v3.11/community/x86_64/APKINDEX.tar.gz\n(1/1) Installing bash (5.0.11-r1)\nExecuting bash-5.0.11-r1.post-install\nExecuting busybox-1.31.1-r9.trigger\nOK: 136 MiB in 59 packages\nRemoving intermediate container 91dab9a536ea\n ---> 1cecc286d8ce\nStep 5/14 : COPY requirements.txt /requirements.txt\n ---> d58e3d53b793\nStep 6/14 : RUN pip install -r /requirements.txt\n ---> Running in d3d61e9b8634\nCollecting bcrypt==3.2.0\n  Downloading bcrypt-3.2.0.tar.gz (42 kB)\n  Installing build dependencies: started\n  Installing build dependencies: finished with status 'done'\n  Getting requirements to build wheel: started\n  Getting requirements to build wheel: finished with status 'done'\n    Preparing wheel metadata: started\n    Preparing wheel metadata: finished with status 'done'\nCollecting blinker==1.4\n  Downloading blinker-1.4.tar.gz (111 kB)\nCollecting cachetools==4.2.4\n  Downloading cachetools-4.2.4-py3-none-any.whl (10 kB)\nCollecting certifi==2021.10.8\n  Downloading certifi-2021.10.8-py2.py3-none-any.whl (149 kB)\nCollecting cffi==1.15.0\n  Downloading cffi-1.15.0.tar.gz (484 kB)\nCollecting chardet==4.0.0\n  Downloading chardet-4.0.0-py2.py3-none-any.whl (178 kB)\nCollecting charset-normalizer==2.0.9\n  Downloading charset_normalizer-2.0.9-py3-none-any.whl (39 kB)\nCollecting click==8.0.3\n  Downloading click-8.0.3-py3-none-any.whl (97 kB)\nCollecting cssselect==1.1.0\n  Downloading cssselect-1.1.0-py2.py3-none-any.whl (16 kB)\nCollecting cssutils==2.3.0\n  Downloading cssutils-2.3.0-py3-none-any.whl (404 kB)\nCollecting dnspython==2.1.0\n  Downloading dnspython-2.1.0-py3-none-any.whl (241 kB)\nCollecting email-validator==1.1.3\n  Downloading email_validator-1.1.3-py2.py3-none-any.whl (18 kB)\nCollecting Flask==2.0.2\n  Downloading Flask-2.0.2-py3-none-any.whl (95 kB)\nCollecting Flask-Login==0.5.0\n  Downloading Flask_Login-0.5.0-py2.py3-none-any.whl (16 kB)\nCollecting Flask-Mail==0.9.1\n  Downloading Flask-Mail-0.9.1.tar.gz (45 kB)\nCollecting Flask-Principal==0.4.0\n  Downloading Flask-Principal-0.4.0.tar.gz (5.5 kB)\nCollecting Flask-SQLAlchemy==2.5.1\n  Downloading Flask_SQLAlchemy-2.5.1-py2.py3-none-any.whl (17 kB)\nCollecting Flask-WTF==1.0.0\n  Downloading Flask_WTF-1.0.0-py3-none-any.whl (12 kB)\nCollecting gevent==21.12.0\n  Downloading gevent-21.12.0.tar.gz (6.2 MB)\n  Installing build dependencies: started\n  Installing build dependencies: finished with status 'error'\n\u001b[91m  ERROR: Command errored out with exit status 1:\n   command: /usr/local/bin/python /usr/local/lib/python3.8/site-packages/pip install --ignore-installed --no-user --prefix /tmp/pip-build-env-0nrw8p3_/overlay --no-warn-script-location --no-binary :none: --only-binary :none: -i https://pypi.org/simple -- 'setuptools >= 40.8.0' wheel 'Cython >= 3.0a9' 'cffi >= 1.12.3 ; platform_python_implementation == '\"'\"'CPython'\"'\"'' 'greenlet >= 0.4.17, < 2.0 ; platform_python_implementation == '\"'\"'CPython'\"'\"''\n       cwd: None\n  Complete output (199 lines):\n  Collecting setuptools>=40.8.0\n    Using cached setuptools-65.6.3-py3-none-any.whl (1.2 MB)\n  Collecting wheel\n    Using cached wheel-0.38.4-py3-none-any.whl (36 kB)\n  Collecting Cython>=3.0a9\n    Downloading Cython-3.0.0a11-py2.py3-none-any.whl (1.1 MB)\n  Processing /root/.cache/pip/wheels/4f/6c/1c/87e97bb9c55afbf66881d37eed21c108b012c29105af6be450/cffi-1.15.1-cp38-cp38-linux_x86_64.whl\n  Collecting greenlet<2.0,>=0.4.17\n    Downloading greenlet-1.1.3.post0.tar.gz (91 kB)\n  Collecting pycparser\n    Using cached pycparser-2.21-py2.py3-none-any.whl (118 kB)\n  Building wheels for collected packages: greenlet\n    Building wheel for greenlet (setup.py): started\n    Building wheel for greenlet (setup.py): finished with status 'error'\n    ERROR: Command errored out with exit status 1:\n     command: /usr/local/bin/python -u -c 'import sys, setuptools, tokenize; sys.argv[0] = '\"'\"'/tmp/pip-install-renez6nb/greenlet/setup.py'\"'\"'; __file__='\"'\"'/tmp/pip-install-renez6nb/greenlet/setup.py'\"'\"';f=getattr(tokenize, '\"'\"'open'\"'\"', open)(__file__);code=f.read().replace('\"'\"'\\r\\n'\"'\"', '\"'\"'\\n'\"'\"');f.close();exec(compile(code, __file__, '\"'\"'exec'\"'\"'))' bdist_wheel -d /tmp/pip-wheel-916t3a3z\n         cwd: /tmp/pip-install-renez6nb/greenlet/\n    Complete output (83 lines):\n    running bdist_wheel\n    running build\n    running build_py\n    creating build\n    creating build/lib.linux-x86_64-3.8\n    creating build/lib.linux-x86_64-3.8/greenlet\n    copying src/greenlet/__init__.py -> build/lib.linux-x86_64-3.8/greenlet\n    creating build/lib.linux-x86_64-3.8/greenlet/tests\n    copying src/greenlet/tests/__init__.py -> build/lib.linux-x86_64-3.8/greenlet/tests\n    copying src/greenlet/tests/test_gc.py -> build/lib.linux-x86_64-3.8/greenlet/tests\n    copying src/greenlet/tests/test_weakref.py -> build/lib.linux-x86_64-3.8/greenlet/tests\n    copying src/greenlet/tests/test_version.py -> build/lib.linux-x86_64-3.8/greenlet/tests\n    copying src/greenlet/tests/test_cpp.py -> build/lib.linux-x86_64-3.8/greenlet/tests\n    copying src/greenlet/tests/test_generator_nested.py -> build/lib.linux-x86_64-3.8/greenlet/tests\n    copying src/greenlet/tests/test_generator.py -> build/lib.linux-x86_64-3.8/greenlet/tests\n    copying src/greenlet/tests/test_greenlet.py -> build/lib.linux-x86_64-3.8/greenlet/tests\n    copying src/greenlet/tests/test_throw.py -> build/lib.linux-x86_64-3.8/greenlet/tests\n    copying src/greenlet/tests/test_extension_interface.py -> build/lib.linux-x86_64-3.8/greenlet/tests\n    copying src/greenlet/tests/test_contextvars.py -> build/lib.linux-x86_64-3.8/greenlet/tests\n    copying src/greenlet/tests/test_tracing.py -> build/lib.linux-x86_64-3.8/greenlet/tests\n    copying src/greenlet/tests/test_stack_saved.py -> build/lib.linux-x86_64-3.8/greenlet/tests\n    copying src/greenlet/tests/test_leaks.py -> build/lib.linux-x86_64-3.8/greenlet/tests\n    creating build/lib.linux-x86_64-3.8/greenlet/platform\n    copying src/greenlet/platform/__init__.py -> build/lib.linux-x86_64-3.8/greenlet/platform\n    running egg_info\n    writing src/greenlet.egg-info/PKG-INFO\n    writing dependency_links to src/greenlet.egg-info/dependency_links.txt\n    writing requirements to src/greenlet.egg-info/requires.txt\n    writing top-level names to src/greenlet.egg-info/top_level.txt\n    reading manifest file 'src/greenlet.egg-info/SOURCES.txt'\n    reading manifest template 'MANIFEST.in'\n    no previously-included directories found matching 'docs/_build'\n    warning: no files found matching '*.py' under directory 'appveyor'\n    warning: no previously-included files matching '*.pyc' found anywhere in distribution\n    warning: no previously-included files matching '*.pyd' found anywhere in distribution\n    warning: no previously-included files matching '*.so' found anywhere in distribution\n    warning: no previously-included files matching '.coverage' found anywhere in distribution\n    writing manifest file 'src/greenlet.egg-info/SOURCES.txt'\n    copying src/greenlet/greenlet.c -> build/lib.linux-x86_64-3.8/greenlet\n    copying src/greenlet/greenlet.h -> build/lib.linux-x86_64-3.8/greenlet\n    copying src/greenlet/slp_platformselect.h -> build/lib.linux-x86_64-3.8/greenlet\n    copying src/greenlet/tests/_test_extension.c -> build/lib.linux-x86_64-3.8/greenlet/tests\n    copying src/greenlet/tests/_test_extension_cpp.cpp -> build/lib.linux-x86_64-3.8/greenlet/tests\n    copying src/greenlet/platform/setup_switch_x64_masm.cmd -> build/lib.linux-x86_64-3.8/greenlet/platform\n    copying src/greenlet/platform/switch_aarch64_gcc.h -> build/lib.linux-x86_64-3.8/greenlet/platform\n    copying src/greenlet/platform/switch_alpha_unix.h -> build/lib.linux-x86_64-3.8/greenlet/platform\n    copying src/greenlet/platform/switch_amd64_unix.h -> build/lib.linux-x86_64-3.8/greenlet/platform\n    copying src/greenlet/platform/switch_arm32_gcc.h -> build/lib.linux-x86_64-3.8/greenlet/platform\n    copying src/greenlet/platform/switch_arm32_ios.h -> build/lib.linux-x86_64-3.8/greenlet/platform\n    copying src/greenlet/platform/switch_csky_gcc.h -> build/lib.linux-x86_64-3.8/greenlet/platform\n    copying src/greenlet/platform/switch_m68k_gcc.h -> build/lib.linux-x86_64-3.8/greenlet/platform\n    copying src/greenlet/platform/switch_mips_unix.h -> build/lib.linux-x86_64-3.8/greenlet/platform\n    copying src/greenlet/platform/switch_ppc64_aix.h -> build/lib.linux-x86_64-3.8/greenlet/platform\n    copying src/greenlet/platform/switch_ppc64_linux.h -> build/lib.linux-x86_64-3.8/greenlet/platform\n    copying src/greenlet/platform/switch_ppc_aix.h -> build/lib.linux-x86_64-3.8/greenlet/platform\n    copying src/greenlet/platform/switch_ppc_linux.h -> build/lib.linux-x86_64-3.8/greenlet/platform\n    copying src/greenlet/platform/switch_ppc_macosx.h -> build/lib.linux-x86_64-3.8/greenlet/platform\n    copying src/greenlet/platform/switch_ppc_unix.h -> build/lib.linux-x86_64-3.8/greenlet/platform\n    copying src/greenlet/platform/switch_riscv_unix.h -> build/lib.linux-x86_64-3.8/greenlet/platform\n    copying src/greenlet/platform/switch_s390_unix.h -> build/lib.linux-x86_64-3.8/greenlet/platform\n    copying src/greenlet/platform/switch_sparc_sun_gcc.h -> build/lib.linux-x86_64-3.8/greenlet/platform\n    copying src/greenlet/platform/switch_x32_unix.h -> build/lib.linux-x86_64-3.8/greenlet/platform\n    copying src/greenlet/platform/switch_x64_masm.asm -> build/lib.linux-x86_64-3.8/greenlet/platform\n    copying src/greenlet/platform/switch_x64_masm.obj -> build/lib.linux-x86_64-3.8/greenlet/platform\n    copying src/greenlet/platform/switch_x64_msvc.h -> build/lib.linux-x86_64-3.8/greenlet/platform\n    copying src/greenlet/platform/switch_x86_msvc.h -> build/lib.linux-x86_64-3.8/greenlet/platform\n    copying src/greenlet/platform/switch_x86_unix.h -> build/lib.linux-x86_64-3.8/greenlet/platform\n    running build_ext\n    building 'greenlet._greenlet' extension\n    creating build/temp.linux-x86_64-3.8\n    creating build/temp.linux-x86_64-3.8/src\n    creating build/temp.linux-x86_64-3.8/src/greenlet\n    gcc -Wno-unused-result -Wsign-compare -DNDEBUG -g -fwrapv -O3 -Wall -DTHREAD_STACK_SIZE=0x100000 -fPIC -I/usr/local/include/python3.8 -c src/greenlet/greenlet.c -o build/temp.linux-x86_64-3.8/src/greenlet/greenlet.o\n    gcc -shared build/temp.linux-x86_64-3.8/src/greenlet/greenlet.o -L/usr/local/lib -o build/lib.linux-x86_64-3.8/greenlet/_greenlet.cpython-38-x86_64-linux-gnu.so\n    building 'greenlet.tests._test_extension' extension\n    creating build/temp.linux-x86_64-3.8/src/greenlet/tests\n    gcc -Wno-unused-result -Wsign-compare -DNDEBUG -g -fwrapv -O3 -Wall -DTHREAD_STACK_SIZE=0x100000 -fPIC -Isrc/greenlet/ -I/usr/local/include/python3.8 -c src/greenlet/tests/_test_extension.c -o build/temp.linux-x86_64-3.8/src/greenlet/tests/_test_extension.o\n    gcc -shared build/temp.linux-x86_64-3.8/src/greenlet/tests/_test_extension.o -L/usr/local/lib -o build/lib.linux-x86_64-3.8/greenlet/tests/_test_extension.cpython-38-x86_64-linux-gnu.so\n    building 'greenlet.tests._test_extension_cpp' extension\n    gcc -Wno-unused-result -Wsign-compare -DNDEBUG -g -fwrapv -O3 -Wall -DTHREAD_STACK_SIZE=0x100000 -fPIC -Isrc/greenlet/ -I/usr/local/include/python3.8 -c src/greenlet/tests/_test_extension_cpp.cpp -o build/temp.linux-x86_64-3.8/src/greenlet/tests/_test_extension_cpp.o\n    gcc: fatal error: cannot execute 'cc1plus': execvp: No such file or directory\n    compilation terminated.\n    error: command 'gcc' failed with exit status 1\n    ----------------------------------------\n    ERROR: Failed building wheel for greenlet\n    Running setup.py clean for greenlet\n  Failed to build greenlet\n  Installing collected packages: setuptools, wheel, Cython, pycparser, cffi, greenlet\n      Running setup.py install for greenlet: started\n      Running setup.py install for greenlet: finished with status 'error'\n      ERROR: Command errored out with exit status 1:\n       command: /usr/local/bin/python -u -c 'import sys, setuptools, tokenize; sys.argv[0] = '\"'\"'/tmp/pip-install-renez6nb/greenlet/setup.py'\"'\"'; __file__='\"'\"'/tmp/pip-install-renez6nb/greenlet/setup.py'\"'\"';f=getattr(tokenize, '\"'\"'open'\"'\"', open)(__file__);code=f.read().replace('\"'\"'\\r\\n'\"'\"', '\"'\"'\\n'\"'\"');f.close();exec(compile(code, __file__, '\"'\"'exec'\"'\"'))' install --record /tmp/pip-record-bn5x69vi/install-record.txt --single-version-externally-managed --prefix /tmp/pip-build-env-0nrw8p3_/overlay --compile --install-headers /tmp/pip-build-env-0nrw8p3_/overlay/include/python3.8/greenlet\n           cwd: /tmp/pip-install-renez6nb/greenlet/\n      Complete output (83 lines):\n      running install\n      running build\n      running build_py\n      creating build\n      creating build/lib.linux-x86_64-3.8\n      creating build/lib.linux-x86_64-3.8/greenlet\n      copying src/greenlet/__init__.py -> build/lib.linux-x86_64-3.8/greenlet\n      creating build/lib.linux-x86_64-3.8/greenlet/tests\n      copying src/greenlet/tests/__init__.py -> build/lib.linux-x86_64-3.8/greenlet/tests\n      copying src/greenlet/tests/test_gc.py -> build/lib.linux-x86_64-3.8/greenlet/tests\n      copying src/greenlet/tests/test_weakref.py -> build/lib.linux-x86_64-3.8/greenlet/tests\n      copying src/greenlet/tests/test_version.py -> build/lib.linux-x86_64-3.8/greenlet/tests\n      copying src/greenlet/tests/test_cpp.py -> build/lib.linux-x86_64-3.8/greenlet/tests\n      copying src/greenlet/tests/test_generator_nested.py -> build/lib.linux-x86_64-3.8/greenlet/tests\n      copying src/greenlet/tests/test_generator.py -> build/lib.linux-x86_64-3.8/greenlet/tests\n      copying src/greenlet/tests/test_greenlet.py -> build/lib.linux-x86_64-3.8/greenlet/tests\n      copying src/greenlet/tests/test_throw.py -> build/lib.linux-x86_64-3.8/greenlet/tests\n      copying src/greenlet/tests/test_extension_interface.py -> build/lib.linux-x86_64-3.8/greenlet/tests\n      copying src/greenlet/tests/test_contextvars.py -> build/lib.linux-x86_64-3.8/greenlet/tests\n      copying src/greenlet/tests/test_tracing.py -> build/lib.linux-x86_64-3.8/greenlet/tests\n      copying src/greenlet/tests/test_stack_saved.py -> build/lib.linux-x86_64-3.8/greenlet/tests\n      copying src/greenlet/tests/test_leaks.py -> build/lib.linux-x86_64-3.8/greenlet/tests\n      creating build/lib.linux-x86_64-3.8/greenlet/platform\n      copying src/greenlet/platform/__init__.py -> build/lib.linux-x86_64-3.8/greenlet/platform\n      running egg_info\n      writing src/greenlet.egg-info/PKG-INFO\n      writing dependency_links to src/greenlet.egg-info/dependency_links.txt\n      writing requirements to src/greenlet.egg-info/requires.txt\n      writing top-level names to src/greenlet.egg-info/top_level.txt\n      reading manifest file 'src/greenlet.egg-info/SOURCES.txt'\n      reading manifest template 'MANIFEST.in'\n      no previously-included directories found matching 'docs/_build'\n      warning: no files found matching '*.py' under directory 'appveyor'\n      warning: no previously-included files matching '*.pyc' found anywhere in distribution\n      warning: no previously-included files matching '*.pyd' found anywhere in distribution\n      warning: no previously-included files matching '*.so' found anywhere in distribution\n      warning: no previously-included files matching '.coverage' found anywhere in distribution\n      writing manifest file 'src/greenlet.egg-info/SOURCES.txt'\n      copying src/greenlet/greenlet.c -> build/lib.linux-x86_64-3.8/greenlet\n      copying src/greenlet/greenlet.h -> build/lib.linux-x86_64-3.8/greenlet\n      copying src/greenlet/slp_platformselect.h -> build/lib.linux-x86_64-3.8/greenlet\n      copying src/greenlet/tests/_test_extension.c -> build/lib.linux-x86_64-3.8/greenlet/tests\n      copying src/greenlet/tests/_test_extension_cpp.cpp -> build/lib.linux-x86_64-3.8/greenlet/tests\n      copying src/greenlet/platform/setup_switch_x64_masm.cmd -> build/lib.linux-x86_64-3.8/greenlet/platform\n      copying src/greenlet/platform/switch_aarch64_gcc.h -> build/lib.linux-x86_64-3.8/greenlet/platform\n      copying src/greenlet/platform/switch_alpha_unix.h -> build/lib.linux-x86_64-3.8/greenlet/platform\n      copying src/greenlet/platform/switch_amd64_unix.h -> build/lib.linux-x86_64-3.8/greenlet/platform\n      copying src/greenlet/platform/switch_arm32_gcc.h -> build/lib.linux-x86_64-3.8/greenlet/platform\n      copying src/greenlet/platform/switch_arm32_ios.h -> build/lib.linux-x86_64-3.8/greenlet/platform\n      copying src/greenlet/platform/switch_csky_gcc.h -> build/lib.linux-x86_64-3.8/greenlet/platform\n      copying src/greenlet/platform/switch_m68k_gcc.h -> build/lib.linux-x86_64-3.8/greenlet/platform\n      copying src/greenlet/platform/switch_mips_unix.h -> build/lib.linux-x86_64-3.8/greenlet/platform\n      copying src/greenlet/platform/switch_ppc64_aix.h -> build/lib.linux-x86_64-3.8/greenlet/platform\n      copying src/greenlet/platform/switch_ppc64_linux.h -> build/lib.linux-x86_64-3.8/greenlet/platform\n      copying src/greenlet/platform/switch_ppc_aix.h -> build/lib.linux-x86_64-3.8/greenlet/platform\n      copying src/greenlet/platform/switch_ppc_linux.h -> build/lib.linux-x86_64-3.8/greenlet/platform\n      copying src/greenlet/platform/switch_ppc_macosx.h -> build/lib.linux-x86_64-3.8/greenlet/platform\n      copying src/greenlet/platform/switch_ppc_unix.h -> build/lib.linux-x86_64-3.8/greenlet/platform\n      copying src/greenlet/platform/switch_riscv_unix.h -> build/lib.linux-x86_64-3.8/greenlet/platform\n      copying src/greenlet/platform/switch_s390_unix.h -> build/lib.linux-x86_64-3.8/greenlet/platform\n      copying src/greenlet/platform/switch_sparc_sun_gcc.h -> build/lib.linux-x86_64-3.8/greenlet/platform\n      copying src/greenlet/platform/switch_x32_unix.h -> build/lib.linux-x86_64-3.8/greenlet/platform\n      copying src/greenlet/platform/switch_x64_masm.asm -> build/lib.linux-x86_64-3.8/greenlet/platform\n      copying src/greenlet/platform/switch_x64_masm.obj -> build/lib.linux-x86_64-3.8/greenlet/platform\n      copying src/greenlet/platform/switch_x64_msvc.h -> build/lib.linux-x86_64-3.8/greenlet/platform\n      copying src/greenlet/platform/switch_x86_msvc.h -> build/lib.linux-x86_64-3.8/greenlet/platform\n      copying src/greenlet/platform/switch_x86_unix.h -> build/lib.linux-x86_64-3.8/greenlet/platform\n      running build_ext\n      building 'greenlet._greenlet' extension\n      creating build/temp.linux-x86_64-3.8\n      creating build/temp.linux-x86_64-3.8/src\n      creating build/temp.linux-x86_64-3.8/src/greenlet\n      gcc -Wno-unused-result -Wsign-compare -DNDEBUG -g -fwrapv -O3 -Wall -DTHREAD_STACK_SIZE=0x100000 -fPIC -I/usr/local/include/python3.8 -c src/greenlet/greenlet.c -o build/temp.linux-x86_64-3.8/src/greenlet/greenlet.o\n      gcc -shared build/temp.linux-x86_64-3.8/src/greenlet/greenlet.o -L/usr/local/lib -o build/lib.linux-x86_64-3.8/greenlet/_greenlet.cpython-38-x86_64-linux-gnu.so\n      building 'greenlet.tests._test_extension' extension\n      creating build/temp.linux-x86_64-3.8/src/greenlet/tests\n      gcc -Wno-unused-result -Wsign-compare -DNDEBUG -g -fwrapv -O3 -Wall -DTHREAD_STACK_SIZE=0x100000 -fPIC -Isrc/greenlet/ -I/usr/local/include/python3.8 -c src/greenlet/tests/_test_extension.c -o build/temp.linux-x86_64-3.8/src/greenlet/tests/_test_extension.o\n      gcc -shared build/temp.linux-x86_64-3.8/src/greenlet/tests/_test_extension.o -L/usr/local/lib -o build/lib.linux-x86_64-3.8/greenlet/tests/_test_extension.cpython-38-x86_64-linux-gnu.so\n      building 'greenlet.tests._test_extension_cpp' extension\n      gcc -Wno-unused-result -Wsign-compare -DNDEBUG -g -fwrapv -O3 -Wall -DTHREAD_STACK_SIZE=0x100000 -fPIC -Isrc/greenlet/ -I/usr/local/include/python3.8 -c src/greenlet/tests/_test_extension_cpp.cpp -o build/temp.linux-x86_64-3.8/src/greenlet/tests/_test_extension_cpp.o\n      gcc: fatal error: cannot execute 'cc1plus': execvp: No such file or directory\n      compilation terminated.\n      error: command 'gcc' failed with exit status 1\n      ----------------------------------------\n  ERROR: Command errored out with exit status 1: /usr/local/bin/python -u -c 'import sys, setuptools, tokenize; sys.argv[0] = '\"'\"'/tmp/pip-install-renez6nb/greenlet/setup.py'\"'\"'; __file__='\"'\"'/tmp/pip-install-renez6nb/greenlet/setup.py'\"'\"';f=getattr(tokenize, '\"'\"'open'\"'\"', open)(__file__);code=f.read().replace('\"'\"'\\r\\n'\"'\"', '\"'\"'\\n'\"'\"');f.close();exec(compile(code, __file__, '\"'\"'exec'\"'\"'))' install --record /tmp/pip-record-bn5x69vi/install-record.txt --single-version-externally-managed --prefix /tmp/pip-build-env-0nrw8p3_/overlay --compile --install-headers /tmp/pip-build-env-0nrw8p3_/overlay/include/python3.8/greenlet Check the logs for full command output.\n  WARNING: You are using pip version 20.1; however, version 22.3.1 is available.\n  You should consider upgrading via the '/usr/local/bin/python -m pip install --upgrade pip' command.\n  ----------------------------------------\n\u001b[0m\u001b[91mERROR: Command errored out with exit status 1: /usr/local/bin/python /usr/local/lib/python3.8/site-packages/pip install --ignore-installed --no-user --prefix /tmp/pip-build-env-0nrw8p3_/overlay --no-warn-script-location --no-binary :none: --only-binary :none: -i https://pypi.org/simple -- 'setuptools >= 40.8.0' wheel 'Cython >= 3.0a9' 'cffi >= 1.12.3 ; platform_python_implementation == '\"'\"'CPython'\"'\"'' 'greenlet >= 0.4.17, < 2.0 ; platform_python_implementation == '\"'\"'CPython'\"'\"'' Check the logs for full command output.\n\u001b[0m\u001b[91mWARNING: You are using pip version 20.1; however, version 22.3.1 is available.\nYou should consider upgrading via the '/usr/local/bin/python -m pip install --upgrade pip' command.\n\u001b[0mRemoving intermediate container d3d61e9b8634\n","stderr":"The command '/bin/sh -c pip install -r /requirements.txt' returned a non-zero code: 1\n"},"endTime":1672515190948}