{"repository":"https://github.com/hpbl/writeme","dockerfilePath":"Dockerfile","startTime":1672054614872,"clone":{"stdout":"","stderr":"Cloning into '/tmp/dinghy-analysis/hpbl/writeme'...\n","error":null,"commit":"d1b401d6711208b8d342c5b955e7f12733ef0a7a"},"originalBuild":{"startTimestamp":1672054618587,"endTimestamp":1672054886036,"error":{"code":1,"killed":false,"signal":null,"cmd":"docker build --no-cache --force-rm -t writeme:latest -f /tmp/dinghy-analysis/hpbl/writeme/Dockerfile ."},"stdout":"Sending build context to Docker daemon   52.5MB\r\r\nStep 1/10 : FROM fnndsc/ubuntu-python3\nlatest: Pulling from fnndsc/ubuntu-python3\n08c01a0ec47e: Already exists\n16148ba5b9c4: Pulling fs layer\n16148ba5b9c4: Verifying Checksum\n16148ba5b9c4: Download complete\n16148ba5b9c4: Pull complete\nDigest: sha256:612b88b00d167c28a2bff5d7759f99112a5987463683362cd87d2e4c1726183d\nStatus: Downloaded newer image for fnndsc/ubuntu-python3:latest\n ---> ede8162e204c\nStep 2/10 : MAINTAINER Hilton Pintor\n ---> Running in 30a33d12289b\nRemoving intermediate container 30a33d12289b\n ---> b689731cd9cd\nStep 3/10 : RUN pip install --upgrade pip\n ---> Running in 1a549bfa2e95\nRequirement already satisfied: pip in /usr/local/lib/python3.8/dist-packages (22.0.3)\nCollecting pip\n  Downloading pip-22.3.1-py3-none-any.whl (2.1 MB)\n     ━━━━━━━━━━━━━━━━━━━━━━━━━━━━━━━━━━━━━━━━ 2.1/2.1 MB 24.0 MB/s eta 0:00:00\nInstalling collected packages: pip\n  Attempting uninstall: pip\n    Found existing installation: pip 22.0.3\n    Uninstalling pip-22.0.3:\n      Successfully uninstalled pip-22.0.3\nSuccessfully installed pip-22.3.1\n\u001b[91mWARNING: Running pip as the 'root' user can result in broken permissions and conflicting behaviour with the system package manager. It is recommended to use a virtual environment instead: https://pip.pypa.io/warnings/venv\n\u001b[0mRemoving intermediate container 1a549bfa2e95\n ---> 63da2c27bbdc\nStep 4/10 : WORKDIR /app\n ---> Running in 643dcc6126a9\nRemoving intermediate container 643dcc6126a9\n ---> bb351109ed93\nStep 5/10 : COPY requirements.txt .\n ---> 5211ce18f7a2\nStep 6/10 : RUN pip install -r requirements.txt\n ---> Running in 50b9564b7bb2\nCollecting numpy\n  Downloading numpy-1.24.0-cp38-cp38-manylinux_2_17_x86_64.manylinux2014_x86_64.whl (17.3 MB)\n     ━━━━━━━━━━━━━━━━━━━━━━━━━━━━━━━━━━━━━━━━ 17.3/17.3 MB 5.9 MB/s eta 0:00:00\nCollecting pandas\n  Downloading pandas-1.5.2-cp38-cp38-manylinux_2_17_x86_64.manylinux2014_x86_64.whl (12.2 MB)\n     ━━━━━━━━━━━━━━━━━━━━━━━━━━━━━━━━━━━━━━━━ 12.2/12.2 MB 56.0 MB/s eta 0:00:00\nCollecting scipy\n  Downloading scipy-1.9.3-cp38-cp38-manylinux_2_17_x86_64.manylinux2014_x86_64.whl (33.8 MB)\n     ━━━━━━━━━━━━━━━━━━━━━━━━━━━━━━━━━━━━━━━━ 33.8/33.8 MB 32.3 MB/s eta 0:00:00\nCollecting scikit-learn==0.20\n  Downloading scikit-learn-0.20.0.tar.gz (28.1 MB)\n     ━━━━━━━━━━━━━━━━━━━━━━━━━━━━━━━━━━━━━━━━ 28.1/28.1 MB 9.9 MB/s eta 0:00:00\n  Preparing metadata (setup.py): started\n  Preparing metadata (setup.py): finished with status 'done'\nCollecting markdown\n  Downloading Markdown-3.4.1-py3-none-any.whl (93 kB)\n     ━━━━━━━━━━━━━━━━━━━━━━━━━━━━━━━━━━━━━━━━ 93.3/93.3 kB 8.2 MB/s eta 0:00:00\nCollecting markdown2\n  Downloading markdown2-2.4.6-py2.py3-none-any.whl (37 kB)\nCollecting bs4\n  Downloading bs4-0.0.1.tar.gz (1.1 kB)\n  Preparing metadata (setup.py): started\n  Preparing metadata (setup.py): finished with status 'done'\nCollecting nltk\n  Downloading nltk-3.8-py3-none-any.whl (1.5 MB)\n     ━━━━━━━━━━━━━━━━━━━━━━━━━━━━━━━━━━━━━━━━ 1.5/1.5 MB 52.4 MB/s eta 0:00:00\nCollecting html2text\n  Downloading html2text-2020.1.16-py3-none-any.whl (32 kB)\nCollecting lxml\n  Downloading lxml-4.9.2-cp38-cp38-manylinux_2_17_x86_64.manylinux2014_x86_64.manylinux_2_24_x86_64.whl (7.1 MB)\n     ━━━━━━━━━━━━━━━━━━━━━━━━━━━━━━━━━━━━━━━━ 7.1/7.1 MB 13.5 MB/s eta 0:00:00\nCollecting flask\n  Downloading Flask-2.2.2-py3-none-any.whl (101 kB)\n     ━━━━━━━━━━━━━━━━━━━━━━━━━━━━━━━━━━━━━━━ 101.5/101.5 kB 6.0 MB/s eta 0:00:00\nCollecting requests\n  Downloading requests-2.28.1-py3-none-any.whl (62 kB)\n     ━━━━━━━━━━━━━━━━━━━━━━━━━━━━━━━━━━━━━━━━ 62.8/62.8 kB 5.4 MB/s eta 0:00:00\nCollecting joblib\n  Downloading joblib-1.2.0-py3-none-any.whl (297 kB)\n     ━━━━━━━━━━━━━━━━━━━━━━━━━━━━━━━━━━━━━━ 298.0/298.0 kB 10.2 MB/s eta 0:00:00\nCollecting python-dateutil>=2.8.1\n  Downloading python_dateutil-2.8.2-py2.py3-none-any.whl (247 kB)\n     ━━━━━━━━━━━━━━━━━━━━━━━━━━━━━━━━━━━━━━━ 247.7/247.7 kB 7.8 MB/s eta 0:00:00\nCollecting pytz>=2020.1\n  Downloading pytz-2022.7-py2.py3-none-any.whl (499 kB)\n     ━━━━━━━━━━━━━━━━━━━━━━━━━━━━━━━━━━━━━━ 499.4/499.4 kB 23.8 MB/s eta 0:00:00\nCollecting importlib-metadata>=4.4\n  Downloading importlib_metadata-5.2.0-py3-none-any.whl (21 kB)\nCollecting beautifulsoup4\n  Downloading beautifulsoup4-4.11.1-py3-none-any.whl (128 kB)\n     ━━━━━━━━━━━━━━━━━━━━━━━━━━━━━━━━━━━━━━ 128.2/128.2 kB 10.1 MB/s eta 0:00:00\nCollecting click\n  Downloading click-8.1.3-py3-none-any.whl (96 kB)\n     ━━━━━━━━━━━━━━━━━━━━━━━━━━━━━━━━━━━━━━━ 96.6/96.6 kB 170.7 kB/s eta 0:00:00\nCollecting tqdm\n  Downloading tqdm-4.64.1-py2.py3-none-any.whl (78 kB)\n     ━━━━━━━━━━━━━━━━━━━━━━━━━━━━━━━━━━━━━━━━ 78.5/78.5 kB 3.5 MB/s eta 0:00:00\nCollecting regex>=2021.8.3\n  Downloading regex-2022.10.31-cp38-cp38-manylinux_2_17_x86_64.manylinux2014_x86_64.whl (772 kB)\n     ━━━━━━━━━━━━━━━━━━━━━━━━━━━━━━━━━━━━━━ 772.3/772.3 kB 34.6 MB/s eta 0:00:00\nCollecting Werkzeug>=2.2.2\n  Downloading Werkzeug-2.2.2-py3-none-any.whl (232 kB)\n     ━━━━━━━━━━━━━━━━━━━━━━━━━━━━━━━━━━━━━━ 232.7/232.7 kB 13.7 MB/s eta 0:00:00\nCollecting itsdangerous>=2.0\n  Downloading itsdangerous-2.1.2-py3-none-any.whl (15 kB)\nCollecting Jinja2>=3.0\n  Downloading Jinja2-3.1.2-py3-none-any.whl (133 kB)\n     ━━━━━━━━━━━━━━━━━━━━━━━━━━━━━━━━━━━━━━━ 133.1/133.1 kB 5.6 MB/s eta 0:00:00\nCollecting certifi>=2017.4.17\n  Downloading certifi-2022.12.7-py3-none-any.whl (155 kB)\n     ━━━━━━━━━━━━━━━━━━━━━━━━━━━━━━━━━━━━━━━ 155.3/155.3 kB 8.7 MB/s eta 0:00:00\nCollecting charset-normalizer<3,>=2\n  Downloading charset_normalizer-2.1.1-py3-none-any.whl (39 kB)\nCollecting idna<4,>=2.5\n  Downloading idna-3.4-py3-none-any.whl (61 kB)\n     ━━━━━━━━━━━━━━━━━━━━━━━━━━━━━━━━━━━━━━━━ 61.5/61.5 kB 2.1 MB/s eta 0:00:00\nCollecting urllib3<1.27,>=1.21.1\n  Downloading urllib3-1.26.13-py2.py3-none-any.whl (140 kB)\n     ━━━━━━━━━━━━━━━━━━━━━━━━━━━━━━━━━━━━━━━ 140.6/140.6 kB 7.0 MB/s eta 0:00:00\nCollecting zipp>=0.5\n  Downloading zipp-3.11.0-py3-none-any.whl (6.6 kB)\nCollecting MarkupSafe>=2.0\n  Downloading MarkupSafe-2.1.1-cp38-cp38-manylinux_2_17_x86_64.manylinux2014_x86_64.whl (25 kB)\nCollecting six>=1.5\n  Downloading six-1.16.0-py2.py3-none-any.whl (11 kB)\nCollecting soupsieve>1.2\n  Downloading soupsieve-2.3.2.post1-py3-none-any.whl (37 kB)\nBuilding wheels for collected packages: scikit-learn, bs4\n  Building wheel for scikit-learn (setup.py): started\n  Building wheel for scikit-learn (setup.py): finished with status 'error'\n\u001b[91m  error: subprocess-exited-with-error\n  \n  × python setup.py bdist_wheel did not run successfully.\n  │ exit code: 1\n  ╰─> [16 lines of output]\n      Partial import of sklearn during the build process.\n      Traceback (most recent call last):\n        File \"/tmp/pip-install-j8_eqwd2/scikit-learn_c9d7c8ea5a1d4fcfbe3c7e9ac9ab2e62/setup.py\", line 153, in get_numpy_status\n          import numpy\n      ModuleNotFoundError: No module named 'numpy'\n      Traceback (most recent call last):\n        File \"<string>\", line 2, in <module>\n        File \"<pip-setuptools-caller>\", line 34, in <module>\n        File \"/tmp/pip-install-j8_eqwd2/scikit-learn_c9d7c8ea5a1d4fcfbe3c7e9ac9ab2e62/setup.py\", line 250, in <module>\n          setup_package()\n        File \"/tmp/pip-install-j8_eqwd2/scikit-learn_c9d7c8ea5a1d4fcfbe3c7e9ac9ab2e62/setup.py\", line 238, in setup_package\n          raise ImportError(\"Numerical Python (NumPy) is not \"\n      ImportError: Numerical Python (NumPy) is not installed.\n      scikit-learn requires NumPy >= 1.8.2.\n      Installation instructions are available on the scikit-learn website: http://scikit-learn.org/stable/install.html\n      \n      [end of output]\n  \n  note: This error originates from a subprocess, and is likely not a problem with pip.\n\u001b[0m\u001b[91m  ERROR: Failed building wheel for scikit-learn\n\u001b[0m  Running setup.py clean for scikit-learn\n  Building wheel for bs4 (setup.py): started\n  Building wheel for bs4 (setup.py): finished with status 'done'\n  Created wheel for bs4: filename=bs4-0.0.1-py3-none-any.whl size=1272 sha256=6238c70e945e1f649b79aef1e6125d76f71375c5dc04a70ebc865239b98c0c3f\n  Stored in directory: /root/.cache/pip/wheels/ed/34/70/793aad3a97d75912e528af7c5039a198db5d17027f9b7f9a5b\nSuccessfully built bs4\nFailed to build scikit-learn\nInstalling collected packages: pytz, zipp, urllib3, tqdm, soupsieve, six, regex, numpy, MarkupSafe, markdown2, lxml, joblib, itsdangerous, idna, html2text, click, charset-normalizer, certifi, Werkzeug, scipy, requests, python-dateutil, nltk, Jinja2, importlib-metadata, beautifulsoup4, scikit-learn, pandas, markdown, flask, bs4\n  Running setup.py install for scikit-learn: started\n  Running setup.py install for scikit-learn: still running...\n  Running setup.py install for scikit-learn: still running...\n  Running setup.py install for scikit-learn: finished with status 'done'\n\u001b[91m  DEPRECATION: scikit-learn was installed using the legacy 'setup.py install' method, because a wheel could not be built for it. pip 23.1 will enforce this behaviour change. A possible replacement is to fix the wheel build issue reported above. Discussion can be found at https://github.com/pypa/pip/issues/8368\n\u001b[0mSuccessfully installed Jinja2-3.1.2 MarkupSafe-2.1.1 Werkzeug-2.2.2 beautifulsoup4-4.11.1 bs4-0.0.1 certifi-2022.12.7 charset-normalizer-2.1.1 click-8.1.3 flask-2.2.2 html2text-2020.1.16 idna-3.4 importlib-metadata-5.2.0 itsdangerous-2.1.2 joblib-1.2.0 lxml-4.9.2 markdown-3.4.1 markdown2-2.4.6 nltk-3.8 numpy-1.24.0 pandas-1.5.2 python-dateutil-2.8.2 pytz-2022.7 regex-2022.10.31 requests-2.28.1 scikit-learn-0.20.0 scipy-1.9.3 six-1.16.0 soupsieve-2.3.2.post1 tqdm-4.64.1 urllib3-1.26.13 zipp-3.11.0\n\u001b[91mWARNING: Running pip as the 'root' user can result in broken permissions and conflicting behaviour with the system package manager. It is recommended to use a virtual environment instead: https://pip.pypa.io/warnings/venv\n\u001b[0mRemoving intermediate container 50b9564b7bb2\n ---> 40526cd36f07\nStep 7/10 : RUN python3 -c \"import nltk; nltk.download('words')\"\n ---> Running in f0fd4bc12fe4\n\u001b[91m/usr/local/lib/python3.8/dist-packages/sklearn/externals/joblib/externals/cloudpickle/cloudpickle.py:47: DeprecationWarning: the imp module is deprecated in favour of importlib; see the module's documentation for alternative uses\n  import imp\nTraceback (most recent call last):\n  File \"<string>\", line 1, in <module>\n  File \"/usr/local/lib/python3.8/dist-packages/nltk/__init__.py\", line 145, in <module>\n    from nltk.chunk import *\n  File \"/usr/local/lib/python3.8/dist-packages/nltk/chunk/__init__.py\", line 155, in <module>\n    from nltk.chunk.api import ChunkParserI\n  File \"/usr/local/lib/python3.8/dist-packages/nltk/chunk/api.py\", line 13, in <module>\n    from nltk.chunk.util import ChunkScore\n  File \"/usr/local/lib/python3.8/dist-packages/nltk/chunk/util.py\", line 12, in <module>\n    from nltk.tag.mapping import map_tag\n  File \"/usr/local/lib/python3.8/dist-packages/nltk/tag/__init__.py\", line 70, in <module>\n    from nltk.tag.sequential import (\n  File \"/usr/local/lib/python3.8/dist-packages/nltk/tag/sequential.py\", line 26, in <module>\n    from nltk.classify import NaiveBayesClassifier\n  File \"/usr/local/lib/python3.8/dist-packages/nltk/classify/__init__.py\", line 97, in <module>\n    from nltk.classify.scikitlearn import SklearnClassifier\n  File \"/usr/local/lib/python3.8/dist-packages/nltk/classify/scikitlearn.py\", line 38, in <module>\n    from sklearn.feature_extraction import DictVectorizer\n  File \"/usr/local/lib/python3.8/dist-packages/sklearn/__init__.py\", line 64, in <module>\n    from .base import clone\n  File \"/usr/local/lib/python3.8/dist-packages/sklearn/base.py\", line 13, in <module>\n    from .utils.fixes import signature\n  File \"/usr/local/lib/python3.8/dist-packages/sklearn/utils/__init__.py\", line 13, in <module>\n    from .validation import (as_float_array,\n  File \"/usr/local/lib/python3.8/dist-packages/sklearn/utils/validation.py\", line 27, in <module>\n    from ..utils._joblib import Memory\n  File \"/usr/local/lib/python3.8/dist-packages/sklearn/utils/_joblib.py\", line 18, in <module>\n    from ..externals.joblib import __all__   # noqa\n  File \"/usr/local/lib/python3.8/dist-packages/sklearn/externals/joblib/__init__.py\", line 119, in <module>\n    from .parallel import Parallel\n  File \"/usr/local/lib/python3.8/dist-packages/sklearn/externals/joblib/parallel.py\", line 32, in <module>\n    from .externals.cloudpickle import dumps, loads\n  File \"/usr/local/lib/python3.8/dist-packages/sklearn/externals/joblib/externals/cloudpickle/__init__.py\", line 3, in <module>\n    from .cloudpickle import *\n  File \"/usr/local/lib/python3.8/dist-packages/sklearn/externals/joblib/externals/cloudpickle/cloudpickle.py\", line 151, in <module>\n    _cell_set_template_code = _make_cell_set_template_code()\n  File \"/usr/local/lib/python3.8/dist-packages/sklearn/externals/joblib/externals/cloudpickle/cloudpickle.py\", line 132, in _make_cell_set_template_code\n    return types.CodeType(\nTypeError: an integer is required (got type bytes)\n\u001b[0mRemoving intermediate container f0fd4bc12fe4\n","stderr":"The command '/bin/sh -c python3 -c \"import nltk; nltk.download('words')\"' returned a non-zero code: 1\n"},"endTime":1672054886152}