{"repository":"https://github.com/sensinov/djane","dockerfilePath":"Dockerfile","startTime":1672313832760,"clone":{"stdout":"","stderr":"Cloning into '/tmp/dinghy-analysis/sensinov/djane'...\n","error":null,"commit":"7a3952bacd6e82c0b48c905dcf5583c9428ddf97"},"originalBuild":{"startTimestamp":1672313833783,"endTimestamp":1672313870986,"error":{"code":1,"killed":false,"signal":null,"cmd":"docker build --no-cache --force-rm -t djane:latest -f /tmp/dinghy-analysis/sensinov/djane/Dockerfile ."},"stdout":"Sending build context to Docker daemon  1.074MB\r\r\nStep 1/13 : FROM node:latest AS build\nlatest: Pulling from library/node\n32de3c850997: Already exists\nfa1d4c8d85a4: Already exists\nc796299bbbdd: Already exists\n81283a9569ad: Already exists\n60b38700e7fb: Already exists\n9537c7a3988e: Pulling fs layer\ndfc2ed565c15: Pulling fs layer\nb65dd9eadf26: Pulling fs layer\nc46cc3bcdf59: Pulling fs layer\nc46cc3bcdf59: Waiting\n9537c7a3988e: Verifying Checksum\n9537c7a3988e: Download complete\nb65dd9eadf26: Verifying Checksum\nb65dd9eadf26: Download complete\n9537c7a3988e: Pull complete\nc46cc3bcdf59: Verifying Checksum\nc46cc3bcdf59: Download complete\ndfc2ed565c15: Verifying Checksum\ndfc2ed565c15: Download complete\ndfc2ed565c15: Pull complete\nb65dd9eadf26: Pull complete\nc46cc3bcdf59: Pull complete\nDigest: sha256:d5222e1ebd7dd7e9683f47a8861a4711cb4407a4830cbe04a582ca4986245700\nStatus: Downloaded newer image for node:latest\n ---> 548714e444f4\nStep 2/13 : WORKDIR /build\n ---> Running in 047f278f4970\nRemoving intermediate container 047f278f4970\n ---> 5074a572c464\nStep 3/13 : COPY package*.json ./\n ---> cd0d083ec951\nStep 4/13 : RUN npm install --production\n ---> Running in c482b9019ab3\n\u001b[91mnpm\u001b[0m\u001b[91m WARN config production Use `--omit=dev` instead.\n\u001b[0m\u001b[91mnpm \u001b[0m\u001b[91mWARN\u001b[0m\u001b[91m old lockfile \n\u001b[0m\u001b[91mnpm\u001b[0m\u001b[91m WARN \u001b[0m\u001b[91mold lockfile The package-lock.json file was created with an old version of npm,\n\u001b[0m\u001b[91mnpm WARN\u001b[0m\u001b[91m old lockfile\u001b[0m\u001b[91m so supplemental metadata must be fetched from the registry.\nnpm WARN \u001b[0m\u001b[91mold lockfile \nnpm\u001b[0m\u001b[91m WARN old lockfile This is a one-time fix-up, please be patient...\n\u001b[0m\u001b[91mnpm WARN \u001b[0m\u001b[91mold lockfile\u001b[0m\u001b[91m \n\u001b[0m\u001b[91mnpm WARN deprecated urix@0.1.0: Please see https://github.com/lydell/urix#deprecated\n\u001b[0m\u001b[91mnpm WARN deprecated w3c-hr-time@1.0.1: Use your platform's native performance.now() and performance.timeOrigin.\n\u001b[0m\u001b[91mnpm WARN deprecated set-value@2.0.0: Critical bug fixed in v3.0.1, please upgrade to the latest version.\n\u001b[0m\u001b[91mnpm WARN deprecated request-promise-native@1.0.7: request-promise-native has been deprecated because it extends the now deprecated request package, see https://github.com/request/request/issues/3142\n\u001b[0m\u001b[91mnpm WARN deprecated source-map-url@0.4.0: See https://github.com/lydell/source-map-url#deprecated\n\u001b[0m\u001b[91mnpm WARN deprecated resolve-url@0.2.1: https://github.com/lydell/resolve-url#deprecated\n\u001b[0m\u001b[91mnpm WARN deprecated sane@4.1.0: some dependency vulnerabilities fixed, support for node < 10 dropped, and newer ECMAScript syntax/features added\n\u001b[0m\u001b[91mnpm WARN deprecated mixin-deep@1.3.1: Critical bug fixed in v2.0.1, please upgrade to the latest version.\n\u001b[0m\u001b[91mnpm WARN deprecated uuid@3.3.2: Please upgrade  to version 7 or higher.  Older versions may use Math.random() in certain circumstances, which is known to be problematic.  See https://v8.dev/blog/math-random for details.\n\u001b[0m\u001b[91mnpm WARN deprecated source-map-resolve@0.5.2: See https://github.com/lydell/source-map-resolve#deprecated\n\u001b[0m\u001b[91mnpm WARN deprecated left-pad@1.3.0: use String.prototype.padStart()\n\u001b[0m\u001b[91mnpm WARN deprecated request@2.88.0: request has been deprecated, see https://github.com/request/request/issues/3142\n\u001b[0m\u001b[91mnpm WARN deprecated ini@1.3.5: Please update to ini >=1.3.6 to avoid a prototype pollution issue\n\u001b[0m\u001b[91mnpm WARN deprecated har-validator@5.1.3: this library is no longer supported\n\u001b[0m\u001b[91mnpm WARN deprecated mkdirp@0.5.1: Legacy versions of mkdirp are no longer supported. Please update to mkdirp 1.x. (Note that the API surface has changed to use Promises in 1.x.)\n\u001b[0m\u001b[91mnpm WARN deprecated node-pre-gyp@0.12.0: Please upgrade to @mapbox/node-pre-gyp: the non-scoped node-pre-gyp package is deprecated and only the @mapbox scoped package will recieve updates in the future\n\u001b[0m\u001b[91mnpm WARN deprecated bcrypt@3.0.6: versions < v5.0.0 do not handle NUL in passwords properly\n\u001b[0m\u001b[91mnpm WARN deprecated set-value@0.4.3: Critical bug fixed in v3.0.1, please upgrade to the latest version.\n\u001b[0m\u001b[91mnpm WARN deprecated bson@1.1.1: Fixed a critical issue with BSON serialization documented in CVE-2019-2391, see https://bit.ly/2KcpXdo for more details\n\u001b[0m\u001b[91mnpm WARN deprecated debug@3.2.6: Debug versions >=3.2.0 <3.2.7 || >=4 <4.3.1 have a low-severity ReDos regression when used in a Node.js environment. It is recommended you upgrade to 3.2.7 or 4.3.1. (https://github.com/visionmedia/debug/issues/797)\n\u001b[0m\u001b[91mnpm WARN deprecated debug@4.1.1: Debug versions >=3.2.0 <3.2.7 || >=4 <4.3.1 have a low-severity ReDos regression when used in a Node.js environment. It is recommended you upgrade to 3.2.7 or 4.3.1. (https://github.com/visionmedia/debug/issues/797)\n\u001b[0m\u001b[91mnpm WARN deprecated debug@4.1.1: Debug versions >=3.2.0 <3.2.7 || >=4 <4.3.1 have a low-severity ReDos regression when used in a Node.js environment. It is recommended you upgrade to 3.2.7 or 4.3.1. (https://github.com/visionmedia/debug/issues/797)\n\u001b[0m\u001b[91mnpm WARN deprecated debug@4.1.1: Debug versions >=3.2.0 <3.2.7 || >=4 <4.3.1 have a low-severity ReDos regression when used in a Node.js environment. It is recommended you upgrade to 3.2.7 or 4.3.1. (https://github.com/visionmedia/debug/issues/797)\n\u001b[0m\u001b[91mnpm ERR! code 1\nnpm ERR! path /build/node_modules/bcrypt\n\u001b[0m\u001b[91mnpm ERR! command failed\nnpm ERR! command sh -c node-pre-gyp install --fallback-to-build\n\u001b[0m\u001b[91mnpm ERR!\u001b[0m\u001b[91m make: Entering directory '/build/node_modules/bcrypt/build'\nnpm ERR!   CXX(target) Release/obj.target/bcrypt_lib/src/blowfish.o\nnpm ERR!   CXX(target) Release/obj.target/bcrypt_lib/src/bcrypt.o\nnpm ERR!   CXX(target) Release/obj.target/bcrypt_lib/src/bcrypt_node.o\nnpm ERR! make: Leaving directory '/build/node_modules/bcrypt/build'\nnpm ERR! Failed to execute '/usr/local/bin/node /usr/local/lib/node_modules/npm/node_modules/node-gyp/bin/node-gyp.js build --fallback-to-build --module=/build/node_modules/bcrypt/lib/binding/bcrypt_lib.node --module_name=bcrypt_lib --module_path=/build/node_modules/bcrypt/lib/binding --napi_version=8 --node_abi_napi=napi --napi_build_version=0 --node_napi_label=node-v111' (1)\n\u001b[0m\u001b[91mnpm ERR! node-pre-gyp info it worked if it ends with ok\nnpm ERR! node-pre-gyp info using node-pre-gyp@0.12.0\nnpm ERR! node-pre-gyp info using node@19.3.0 | linux | x64\n\u001b[0m\u001b[91mnpm ERR! node-pre-gyp WARN Using request for node-pre-gyp https download \nnpm ERR!\u001b[0m\u001b[91m node-pre-gyp info check checked for \"/build/node_modules/bcrypt/lib/binding/bcrypt_lib.node\" (not found)\nnpm ERR! node-pre-gyp http GET https://github.com/kelektiv/node.bcrypt.js/releases/download/v3.0.6/bcrypt_lib-v3.0.6-node-v111-linux-x64-glibc.tar.gz\nnpm \u001b[0m\u001b[91mERR! node-pre-gyp http 404 https://github.com/kelektiv/node.bcrypt.js/releases/download/v3.0.6/bcrypt_lib-v3.0.6-node-v111-linux-x64-glibc.tar.gz\nnpm ERR! node-pre-gyp WARN Tried to download(404): https://github.com/kelektiv/node.bcrypt.js/releases/download/v3.0.6/bcrypt_lib-v3.0.6-node-v111-linux-x64-glibc.tar.gz \nnpm\u001b[0m\u001b[91m ERR! node-pre-gyp WARN Pre-built binaries not found for bcrypt@3.0.6 and node@19.3.0 (node-v111 ABI, glibc) (falling back to source compile with node-gyp) \nnpm ERR! node-pre-gyp http 404 status code downloading tarball https://github.com/kelektiv/node.bcrypt.js/releases/download/v3.0.6/bcrypt_lib-v3.0.6-node-v111-linux-x64-glibc.tar.gz \nnpm ERR! gyp info it worked if it ends with ok\nnpm\u001b[0m\u001b[91m ERR! gyp info using node-gyp@9.3.0\nnpm ERR! gyp info using node@19.3.0 | linux | x64\nnpm ERR! gyp info ok \nnpm ERR! gyp info it worked if it ends with ok\nnpm ERR!\u001b[0m\u001b[91m gyp info using node-gyp@9.3.0\nnpm ERR! gyp info using node@19.3.0 | linux | x64\nnpm ERR! gyp info find Python using Python version 3.9.2 found at \"/usr/bin/python3\"\nnpm ERR!\u001b[0m\u001b[91m gyp http GET https://nodejs.org/download/release/v19.3.0/node-v19.3.0-headers.tar.gz\nnpm ERR! gyp http 200 https://nodejs.org/download/release/v19.3.0/node-v19.3.0-headers.tar.gz\nnpm ERR! gyp http GET https://nodejs.org/download/release/v19.3.0/SHASUMS256.txt\nnpm ERR! gyp http 200 https://nodejs.org/download/release/v19.3.0/SHASUMS256.txt\n\u001b[0m\u001b[91mnpm ERR! gyp info spawn /usr/bin/python3\nnpm ERR! gyp info spawn args [\nnpm ERR! gyp info spawn args   '/usr/local/lib/node_modules/npm/node_modules/node-gyp/gyp/gyp_main.py',\nnpm ERR!\u001b[0m\u001b[91m gyp info spawn args   'binding.gyp',\nnpm \u001b[0m\u001b[91mERR! gyp info spawn args   '-f',\nnpm\u001b[0m\u001b[91m ERR! gyp info spawn args   'make',\nnpm ERR!\u001b[0m\u001b[91m gyp info spawn args   '-I',\nnpm ERR! gyp info spawn args   '/build/node_modules/bcrypt/build/config.gypi',\nnpm ERR! gyp info spawn args   '-I',\nnpm ERR!\u001b[0m\u001b[91m gyp info spawn args   '/usr/local/lib/node_modules/npm/node_modules/node-gyp/addon.gypi',\nnpm ERR! gyp info spawn args   '-I',\nnpm ERR! gyp info spawn args   '/root/.cache/node-gyp/19.3.0/include/node/common.gypi',\n\u001b[0m\u001b[91mnpm ERR!\u001b[0m\u001b[91m gyp info spawn args   '-Dlibrary=shared_library',\nnpm ERR! gyp info spawn args   '-Dvisibility=default',\nnpm \u001b[0m\u001b[91mERR! gyp info spawn args   '-Dnode_root_dir=/root/.cache/node-gyp/19.3.0',\nnpm ERR! gyp info spawn args   '-Dnode_gyp_dir=/usr/local/lib/node_modules/npm/node_modules/node-gyp',\nnpm ERR! gyp info spawn args   '-Dnode_lib_file=/root/.cache/node-gyp/19.3.0/<(target_arch)/node.lib',\nnpm ERR! gyp info spawn args   '-Dmodule_root_dir=/build/node_modules/bcrypt',\nnpm ERR! gyp info spawn args   '-Dnode_engine=v8',\n\u001b[0m\u001b[91mnpm ERR! gyp info spawn args   '--depth=.',\nnpm ERR! gyp info spawn args   '--no-parallel',\nnpm ERR! gyp info spawn args   '--generator-output',\nnpm\u001b[0m\u001b[91m ERR! gyp info spawn args   'build',\nnpm ERR! gyp info spawn args   '-Goutput_dir=.'\nnpm ERR!\u001b[0m\u001b[91m gyp info spawn args ]\nnpm ERR!\u001b[0m\u001b[91m gyp info ok \nnpm ERR! gyp info it worked if it ends with ok\n\u001b[0m\u001b[91mnpm ERR!\u001b[0m\u001b[91m gyp info using node-gyp@9.3.0\nnpm ERR! gyp info using node@19.3.0 | linux | x64\nnpm\u001b[0m\u001b[91m ERR!\u001b[0m\u001b[91m gyp info spawn make\nnpm ERR!\u001b[0m\u001b[91m gyp info spawn args [ 'BUILDTYPE=Release', '-C', 'build' ]\nnpm\u001b[0m\u001b[91m ERR! In file included from ../../nan/nan.h:173,\n\u001b[0m\u001b[91mnpm ERR!                  from ../src/bcrypt_node.cc:1:\nnpm ERR! ../../nan/nan_callbacks.h:55:23: error: 'AccessorSignature' is not a member of 'v8'\nnpm\u001b[0m\u001b[91m ERR!\u001b[0m\u001b[91m    55 | typedef v8::Local<v8::AccessorSignature> Sig;\nnpm ERR!       |                       ^~~~~~~~~~~~~~~~~\nnpm \u001b[0m\u001b[91mERR! ../../nan/nan_callbacks.h:55:40: error: template argument 1 is invalid\nnpm ERR!\u001b[0m\u001b[91m    55 | typedef v8::Local<v8::AccessorSignature> Sig;\nnpm ERR!       |                                        ^\nnpm ERR! In file included from ../src/bcrypt_node.cc:1:\nnpm \u001b[0m\u001b[91mERR! ../../nan/nan.h: In function 'void Nan::AsyncQueueWorker(Nan::AsyncWorker*)':\nnpm ERR! ../../nan/nan.h:2232:7: warning: cast between incompatible function types from 'void (*)(uv_work_t*)' {aka 'void (*)(uv_work_s*)'} to 'uv_after_work_cb' {aka 'void (*)(uv_work_s*, int)'} [-Wcast-function-type]\nnpm ERR!  2232 |     , reinterpret_cast<uv_after_work_cb>(AsyncExecuteComplete)\nnpm ERR!\u001b[0m\u001b[91m       |       ^~~~~~~~~~~~~~~~~~~~~~~~~~~~~~~~~~~~~~~~~~~~~~~~~~~~~~~~\nnpm ERR! ../../nan/nan.h: In function 'void Nan::SetAccessor(v8::Local<v8::ObjectTemplate>, v8::Local<v8::String>, Nan::GetterCallback, Nan::SetterCallback, v8::Local<v8::Value>, v8::AccessControl, v8::PropertyAttribute, Nan::imp::Sig)':\nnpm ERR! ../../nan/nan.h:2477:16: error: no matching function for call to 'v8::ObjectTemplate::SetAccessor(v8::Local<v8::String>&, void (*&)(v8::Local<v8::Name>, const v8::PropertyCallbackInfo<v8::Value>&), void (*&)(v8::Local<v8::Name>, v8::Local<v8::Value>, const v8::PropertyCallbackInfo<void>&), v8::Local<v8::Object>&, v8::AccessControl&, v8::PropertyAttribute&, Nan::imp::Sig&)'\nnpm ERR!\u001b[0m\u001b[91m  2477 |     , signature);\nnpm ERR!       |                ^\nnpm \u001b[0m\u001b[91mERR! In file included from /root/.cache/node-gyp/19.3.0/include/node/v8-function.h:15,\nnpm ERR!                  from /root/.cache/node-gyp/19.3.0/include/node/v8.h:33,\nnpm ERR!\u001b[0m\u001b[91m                  from /root/.cache/node-gyp/19.3.0/include/node/node.h:73,\nnpm ERR!\u001b[0m\u001b[91m                  from ../../nan/nan.h:53,\nnpm \u001b[0m\u001b[91mERR!                  from ../src/bcrypt_node.cc:1:\nnpm ERR! /root/.cache/node-gyp/19.3.0/include/node/v8-template.h:807:8: note: candidate: 'void v8::ObjectTemplate::SetAccessor(v8::Local<v8::String>, v8::AccessorGetterCallback, v8::AccessorSetterCallback, v8::Local<v8::Value>, v8::AccessControl, v8::PropertyAttribute, v8::SideEffectType, v8::SideEffectType)'\nnpm\u001b[0m\u001b[91m ERR!   807 |   void SetAccessor(\nnpm ERR!       |        ^~~~~~~~~~~\nnpm ERR! /root/.cache/node-gyp/19.3.0/include/node/v8-template.h:812:22: note:   no known conversion for argument 7 from 'Nan::imp::Sig' {aka 'int'} to 'v8::SideEffectType'\nnpm ERR!\u001b[0m\u001b[91m   812 |       SideEffectType getter_side_effect_type = SideEffectType::kHasSideEffect,\nnpm ERR!       |       ~~~~~~~~~~~~~~~^~~~~~~~~~~~~~~~~~~~~~~~~~~~~~~~~~~~~~~~~~~~~~~~~~~~~~~~\nnpm ERR! /root/.cache/node-gyp/19.3.0/include/node/v8-template.h:814:8: note: candidate: 'void v8::ObjectTemplate::SetAccessor(v8::Local<v8::Name>, v8::AccessorNameGetterCallback, v8::AccessorNameSetterCallback, v8::Local<v8::Value>, v8::AccessControl, v8::PropertyAttribute, v8::SideEffectType, v8::SideEffectType)'\nnpm\u001b[0m\u001b[91m ERR!   814 |   void SetAccessor(\nnpm ERR!       |        ^~~~~~~~~~~\nnpm ERR!\u001b[0m\u001b[91m /root/.cache/node-gyp/19.3.0/include/node/v8-template.h:819:22: note:   no known conversion for argument 7 from 'Nan::imp::Sig' {aka 'int'} to 'v8::SideEffectType'\nnpm ERR!   819 |       SideEffectType getter_side_effect_type = SideEffectType::kHasSideEffect,\nnpm ERR!\u001b[0m\u001b[91m       |       ~~~~~~~~~~~~~~~^~~~~~~~~~~~~~~~~~~~~~~~~~~~~~~~~~~~~~~~~~~~~~~~~~~~~~~~\nnpm ERR!\u001b[0m\u001b[91m In file included from ../../nan/nan.h:2818,\nnpm ERR!                  from ../src/bcrypt_node.cc:1:\n\u001b[0m\u001b[91mnpm ERR!\u001b[0m\u001b[91m ../../nan/nan_typedarray_contents.h: In constructor 'Nan::TypedArrayContents<T>::TypedArrayContents(v8::Local<v8::Value>)':\nnpm\u001b[0m\u001b[91m ERR! ../../nan/nan_typedarray_contents.h:34:43: error: 'class v8::ArrayBuffer' has no member named 'GetContents'\n\u001b[0m\u001b[91mnpm ERR!\u001b[0m\u001b[91m    34 |       data   = static_cast<char*>(buffer->GetContents().Data()) + byte_offset;\nnpm ERR!       |                                           ^~~~~~~~~~~\n\u001b[0m\u001b[91mnpm ERR! In file included from ../../nan/nan.h:53,\nnpm ERR!                  from ../src/bcrypt_node.cc:1:\n\u001b[0m\u001b[91mnpm ERR!\u001b[0m\u001b[91m ../src/bcrypt_node.cc: At global scope:\nnpm\u001b[0m\u001b[91m ERR!\u001b[0m\u001b[91m /root/.cache/node-gyp/19.3.0/include/node/node.h:993:7: warning: cast between incompatible function types from 'void (*)(Nan::ADDON_REGISTER_FUNCTION_ARGS_TYPE)' {aka 'void (*)(v8::Local<v8::Object>)'} to 'node::addon_register_func' {aka 'void (*)(v8::Local<v8::Object>, v8::Local<v8::Value>, void*)'} [-Wcast-function-type]\nnpm ERR!   993 |       (node::addon_register_func) (regfunc),                          \\\nnpm ERR!       |       ^~~~~~~~~~~~~~~~~~~~~~~~~~~~~~~~~~~~~\nnpm ERR! /root/.cache/node-gyp/19.3.0/include/node/node.h:1027:3: note: in expansion of macro 'NODE_MODULE_X'\nnpm \u001b[0m\u001b[91mERR!  1027 |   NODE_MODULE_X(modname, regfunc, NULL, 0)  // NOLINT (readability/null_usage)\n\u001b[0m\u001b[91mnpm ERR!       |   ^~~~~~~~~~~~~\nnpm ERR!\u001b[0m\u001b[91m ../src/bcrypt_node.cc:378:1: note: in expansion of macro 'NODE_MODULE'\nnpm ERR!   378 | NODE_MODULE(bcrypt_lib, init);\n\u001b[0m\u001b[91mnpm ERR!       | ^~~~~~~~~~~\nnpm ERR! make: *** [bcrypt_lib.target.mk:115: Release/obj.target/bcrypt_lib/src/bcrypt_node.o] Error 1\nnpm\u001b[0m\u001b[91m ERR! gyp ERR! build error \n\u001b[0m\u001b[91mnpm\u001b[0m\u001b[91m ERR! gyp ERR! stack Error: `make` failed with exit code: 2\nnpm ERR! gyp ERR! stack     at ChildProcess.onExit (/usr/local/lib/node_modules/npm/node_modules/node-gyp/lib/build.js:203:23)\nnpm ERR! gyp ERR! stack     at ChildProcess.emit (node:events:513:28)\nnpm \u001b[0m\u001b[91mERR! gyp ERR! stack     at ChildProcess._handle.onexit (node:internal/child_process:293:12)\n\u001b[0m\u001b[91mnpm ERR!\u001b[0m\u001b[91m gyp ERR! System Linux 5.4.0-113-generic\nnpm ERR! gyp ERR! command \"/usr/local/bin/node\" \"/usr/local/lib/node_modules/npm/node_modules/node-gyp/bin/node-gyp.js\" \"build\" \"--fallback-to-build\" \"--module=/build/node_modules/bcrypt/lib/binding/bcrypt_lib.node\" \"--module_name=bcrypt_lib\" \"--module_path=/build/node_modules/bcrypt/lib/binding\" \"--napi_version=8\" \"--node_abi_napi=napi\" \"--napi_build_version=0\" \"--node_napi_label=node-v111\"\nnpm ERR! gyp ERR! cwd /build/node_modules/bcrypt\nnpm ERR!\u001b[0m\u001b[91m gyp ERR! node -v v19.3.0\nnpm ERR! gyp ERR! node-gyp -v v9.3.0\nnpm ERR!\u001b[0m\u001b[91m gyp ERR! not ok \nnpm \u001b[0m\u001b[91mERR! node-pre-gyp ERR! build error \nnpm\u001b[0m\u001b[91m ERR! node-pre-gyp ERR! stack Error: Failed to execute '/usr/local/bin/node /usr/local/lib/node_modules/npm/node_modules/node-gyp/bin/node-gyp.js build --fallback-to-build --module=/build/node_modules/bcrypt/lib/binding/bcrypt_lib.node --module_name=bcrypt_lib --module_path=/build/node_modules/bcrypt/lib/binding --napi_version=8 --node_abi_napi=napi --napi_build_version=0 --node_napi_label=node-v111' (1)\nnpm ERR!\u001b[0m\u001b[91m node-pre-gyp ERR! stack     at ChildProcess.<anonymous> (/build/node_modules/node-pre-gyp/lib/util/compile.js:83:29)\nnpm ERR! node-pre-gyp ERR! stack     at ChildProcess.emit (node:events:513:28)\n\u001b[0m\u001b[91mnpm ERR! node-pre-gyp ERR! stack     at maybeClose (node:internal/child_process:1098:16)\nnpm ERR! node-pre-gyp ERR! stack     at ChildProcess._handle.onexit (node:internal/child_process:304:5)\nnpm ERR!\u001b[0m\u001b[91m node-pre-gyp ERR! System Linux 5.4.0-113-generic\nnpm ERR! node-pre-gyp ERR! command \"/usr/local/bin/node\" \"/build/node_modules/.bin/node-pre-gyp\" \"install\" \"--fallback-to-build\"\n\u001b[0m\u001b[91mnpm ERR! node-pre-gyp ERR! cwd /build/node_modules/bcrypt\n\u001b[0m\u001b[91mnpm ERR!\u001b[0m\u001b[91m node-pre-gyp ERR! node -v v19.3.0\nnpm ERR! node-pre-gyp ERR! node-pre-gyp -v v0.12.0\nnpm\u001b[0m\u001b[91m ERR! node-pre-gyp ERR! not ok\n\u001b[0m\u001b[91m\n\u001b[0m\u001b[91mnpm ERR! A complete log of this run can be found in:\nnpm ERR!\u001b[0m\u001b[91m     /root/.npm/_logs/2022-12-29T11_37_32_309Z-debug-0.log\n\u001b[0mRemoving intermediate container c482b9019ab3\n","stderr":"The command '/bin/sh -c npm install --production' returned a non-zero code: 1\n"},"endTime":1672313871051}