{"repository":"https://github.com/decentraland/agora","dockerfilePath":"Dockerfile","startTime":1672259700666,"clone":{"stdout":"","stderr":"Cloning into '/tmp/dinghy-analysis/decentraland/agora'...\n","error":null,"commit":"1a2e41f7b807f215cba81c5caf2d00b84f183d2d"},"originalBuild":{"startTimestamp":1672259701849,"endTimestamp":1672259839889,"error":null,"stdout":"Sending build context to Docker daemon  7.979MB\r\r\nStep 1/15 : ARG RUN\nStep 2/15 : FROM node:12 as builder\n ---> 6c8de432fc7f\nStep 3/15 : WORKDIR /app\n ---> Running in e64713dacfa2\nRemoving intermediate container e64713dacfa2\n ---> 441749a22089\nStep 4/15 : COPY package.json /app/package.json\n ---> 7cc38a44a5ed\nStep 5/15 : COPY package-lock.json /app/package-lock.json\n ---> 57cf50eb025e\nStep 6/15 : COPY tsconfig.json /app/tsconfig.json\n ---> 8fe5855e2099\nStep 7/15 : RUN apt-get update\n ---> Running in 7a1fe83938c7\nGet:1 http://security.debian.org/debian-security stretch/updates InRelease [59.1 kB]\nIgn:2 http://deb.debian.org/debian stretch InRelease\nGet:3 http://deb.debian.org/debian stretch-updates InRelease [93.6 kB]\nGet:4 http://deb.debian.org/debian stretch Release [118 kB]\nGet:5 http://deb.debian.org/debian stretch Release.gpg [3177 B]\nGet:6 http://security.debian.org/debian-security stretch/updates/main amd64 Packages [782 kB]\nGet:7 http://deb.debian.org/debian stretch/main amd64 Packages [7080 kB]\nFetched 8135 kB in 1s (5163 kB/s)\nReading package lists...\nRemoving intermediate container 7a1fe83938c7\n ---> a9f1f7f00792\nStep 8/15 : RUN apt-get -y -qq install python-setuptools python-dev build-essential\n ---> Running in 2b08881ea782\n\u001b[91mdebconf: delaying package configuration, since apt-utils is not installed\n\u001b[0mSelecting previously unselected package build-essential.\r\n(Reading database ... \r(Reading database ... 5%\r(Reading database ... 10%\r(Reading database ... 15%\r(Reading database ... 20%\r(Reading database ... 25%\r(Reading database ... 30%\r(Reading database ... 35%\r(Reading database ... 40%\r(Reading database ... 45%\r(Reading database ... 50%\r(Reading database ... 55%\r(Reading database ... 60%\r(Reading database ... 65%\r(Reading database ... 70%\r(Reading database ... 75%\r(Reading database ... 80%\r(Reading database ... 85%\r(Reading database ... 90%\r(Reading database ... 95%\r(Reading database ... 100%\r(Reading database ... 29963 files and directories currently installed.)\r\nPreparing to unpack .../0-build-essential_12.3_amd64.deb ...\r\nUnpacking build-essential (12.3) ...\r\nSelecting previously unselected package libpython2.7:amd64.\r\nPreparing to unpack .../1-libpython2.7_2.7.13-2+deb9u6_amd64.deb ...\r\nUnpacking libpython2.7:amd64 (2.7.13-2+deb9u6) ...\r\nSelecting previously unselected package libpython2.7-dev:amd64.\r\nPreparing to unpack .../2-libpython2.7-dev_2.7.13-2+deb9u6_amd64.deb ...\r\nUnpacking libpython2.7-dev:amd64 (2.7.13-2+deb9u6) ...\r\nSelecting previously unselected package libpython-dev:amd64.\r\nPreparing to unpack .../3-libpython-dev_2.7.13-2_amd64.deb ...\r\nUnpacking libpython-dev:amd64 (2.7.13-2) ...\r\nSelecting previously unselected package python2.7-dev.\r\nPreparing to unpack .../4-python2.7-dev_2.7.13-2+deb9u6_amd64.deb ...\r\nUnpacking python2.7-dev (2.7.13-2+deb9u6) ...\r\nSelecting previously unselected package python-dev.\r\nPreparing to unpack .../5-python-dev_2.7.13-2_amd64.deb ...\r\nUnpacking python-dev (2.7.13-2) ...\r\nSelecting previously unselected package python-pkg-resources.\r\nPreparing to unpack .../6-python-pkg-resources_33.1.1-1_all.deb ...\r\nUnpacking python-pkg-resources (33.1.1-1) ...\r\nSelecting previously unselected package python-setuptools.\r\nPreparing to unpack .../7-python-setuptools_33.1.1-1_all.deb ...\r\nUnpacking python-setuptools (33.1.1-1) ...\r\nSetting up build-essential (12.3) ...\r\nSetting up python-pkg-resources (33.1.1-1) ...\r\nProcessing triggers for libc-bin (2.24-11+deb9u4) ...\r\nSetting up libpython2.7:amd64 (2.7.13-2+deb9u6) ...\r\nSetting up libpython2.7-dev:amd64 (2.7.13-2+deb9u6) ...\r\nSetting up python2.7-dev (2.7.13-2+deb9u6) ...\r\nSetting up libpython-dev:amd64 (2.7.13-2) ...\r\nSetting up python-setuptools (33.1.1-1) ...\r\nSetting up python-dev (2.7.13-2) ...\r\nProcessing triggers for libc-bin (2.24-11+deb9u4) ...\r\nRemoving intermediate container 2b08881ea782\n ---> 686f162f7afd\nStep 9/15 : RUN npm install\n ---> Running in 878031522cad\n\n> keccak@1.4.0 install /app/node_modules/keccak\n> npm run rebuild || echo \"Keccak bindings compilation fail. Pure JS implementation will be used.\"\n\n\n> keccak@1.4.0 rebuild /app/node_modules/keccak\n> node-gyp rebuild\n\nmake: Entering directory '/app/node_modules/keccak/build'\n  CXX(target) Release/obj.target/keccak/src/addon.o\n\u001b[91mIn file included from ../../nan/nan_converters.h:67:0,\n                 from ../../nan/nan.h:202,\n                 from ../src/addon.cc:2:\n../../nan/nan_converters_43_inl.h: In static member function 'static Nan::imp::ToFactoryBase<v8::Boolean>::return_t Nan::imp::ToFactory<v8::Boolean>::convert(v8::Local<v8::Value>)':\n../../nan/nan_converters_43_inl.h:18:51: warning: 'v8::MaybeLocal<v8::Boolean> v8::Value::ToBoolean(v8::Local<v8::Context>) const' is deprecated: ToBoolean can never throw. Use Local version. [-Wdeprecated-declarations]\n       val->To ## TYPE(isolate->GetCurrentContext())                            \\\n                                                   ^\n../../nan/nan_converters_43_inl.h:22:1: note: in expansion of macro 'X'\n X(Boolean)\n ^\nIn file included from /root/.cache/node-gyp/12.22.12/include/node/v8-internal.h:14:0,\n                 from /root/.cache/node-gyp/12.22.12/include/node/v8.h:27,\n                 from /root/.cache/node-gyp/12.22.12/include/node/node.h:67,\n                 from ../src/addon.cc:1:\n/root/.cache/node-gyp/12.22.12/include/node/v8.h:2664:59: note: declared here\n                 V8_WARN_UNUSED_RESULT MaybeLocal<Boolean> ToBoolean(\n                                                           ^\n/root/.cache/node-gyp/12.22.12/include/node/v8config.h:328:3: note: in definition of macro 'V8_DEPRECATED'\n   declarator __attribute__((deprecated(message)))\n   ^~~~~~~~~~\n\u001b[0m\u001b[91mIn file included from ../../nan/nan_converters.h:67:0,\n                 from ../../nan/nan.h:202,\n                 from ../src/addon.cc:2:\n../../nan/nan_converters_43_inl.h: In static member function 'static Nan::imp::ValueFactoryBase<bool>::return_t Nan::imp::ToFactory<bool>::convert(v8::Local<v8::Value>)':\n../../nan/nan_converters_43_inl.h:37:57: warning: 'v8::Maybe<bool> v8::Value::BooleanValue(v8::Local<v8::Context>) const' is deprecated: BooleanValue can never throw. Use Isolate version. [-Wdeprecated-declarations]\n   return val->NAME ## Value(isolate->GetCurrentContext());                     \\\n                                                         ^\n../../nan/nan_converters_43_inl.h:40:1: note: in expansion of macro 'X'\n X(bool, Boolean)\n ^\nIn file included from /root/.cache/node-gyp/12.22.12/include/node/v8-internal.h:14:0,\n                 from /root/.cache/node-gyp/12.22.12/include/node/v8.h:27,\n                 from /root/.cache/node-gyp/12.22.12/include/node/node.h:67,\n                 from ../src/addon.cc:1:\n/root/.cache/node-gyp/12.22.12/include/node/v8.h:2702:51: note: declared here\n                 V8_WARN_UNUSED_RESULT Maybe<bool> BooleanValue(\n                                                   ^\n/root/.cache/node-gyp/12.22.12/include/node/v8config.h:328:3: note: in definition of macro 'V8_DEPRECATED'\n   declarator __attribute__((deprecated(message)))\n   ^~~~~~~~~~\n\u001b[0m\u001b[91mIn file included from ../../nan/nan_new.h:189:0,\n                 from ../../nan/nan.h:203,\n                 from ../src/addon.cc:2:\n../../nan/nan_implementation_12_inl.h: In static member function 'static Nan::imp::FactoryBase<v8::Function>::return_t Nan::imp::Factory<v8::Function>::New(Nan::FunctionCallback, v8::Local<v8::Value>)':\n../../nan/nan_implementation_12_inl.h:105:32: error: no matching function for call to 'v8::Function::New(v8::Isolate*&, void (&)(const v8::FunctionCallbackInfo<v8::Value>&), v8::Local<v8::Object>&)'\n                           , obj));\n                                ^\nIn file included from /root/.cache/node-gyp/12.22.12/include/node/node.h:67:0,\n                 from ../src/addon.cc:1:\n/root/.cache/node-gyp/12.22.12/include/node/v8.h:4275:31: note: candidate: static v8::MaybeLocal<v8::Function> v8::Function::New(v8::Local<v8::Context>, v8::FunctionCallback, v8::Local<v8::Value>, int, v8::ConstructorBehavior, v8::SideEffectType)\n   static MaybeLocal<Function> New(\n                               ^~~\n/root/.cache/node-gyp/12.22.12/include/node/v8.h:4275:31: note:   no known conversion for argument 1 from 'v8::Isolate*' to 'v8::Local<v8::Context>'\n\u001b[0m\u001b[91mIn file included from ../../nan/nan_new.h:189:0,\n                 from ../../nan/nan.h:203,\n                 from ../src/addon.cc:2:\n../../nan/nan_implementation_12_inl.h: In static member function 'static Nan::imp::FactoryBase<v8::StringObject>::return_t Nan::imp::Factory<v8::StringObject>::New(v8::Local<v8::String>)':\n../../nan/nan_implementation_12_inl.h:337:37: error: no matching function for call to 'v8::StringObject::New(v8::Local<v8::String>&)'\n   return v8::StringObject::New(value).As<v8::StringObject>();\n                                     ^\nIn file included from /root/.cache/node-gyp/12.22.12/include/node/node.h:67:0,\n                 from ../src/addon.cc:1:\n/root/.cache/node-gyp/12.22.12/include/node/v8.h:5531:23: note: candidate: static v8::Local<v8::Value> v8::StringObject::New(v8::Isolate*, v8::Local<v8::String>)\n   static Local<Value> New(Isolate* isolate, Local<String> value);\n                       ^~~\n/root/.cache/node-gyp/12.22.12/include/node/v8.h:5531:23: note:   candidate expects 2 arguments, 1 provided\nIn file included from ../../nan/nan_new.h:189:0,\n                 from ../../nan/nan.h:203,\n                 from ../src/addon.cc:2:\n../../nan/nan_implementation_12_inl.h:337:58: error: expected primary-expression before '>' token\n   return v8::StringObject::New(value).As<v8::StringObject>();\n                                                          ^\n../../nan/nan_implementation_12_inl.h:337:60: error: expected primary-expression before ')' token\n   return v8::StringObject::New(value).As<v8::StringObject>();\n                                                            ^\n\u001b[0m\u001b[91mIn file included from ../src/addon.cc:2:0:\n../../nan/nan.h: In constructor 'Nan::Utf8String::Utf8String(v8::Local<v8::Value>)':\n../../nan/nan.h:1034:53: error: no matching function for call to 'v8::Value::ToString()'\n       v8::Local<v8::String> string = from->ToString();\n                                                     ^\nIn file included from /root/.cache/node-gyp/12.22.12/include/node/node.h:67:0,\n                 from ../src/addon.cc:1:\n/root/.cache/node-gyp/12.22.12/include/node/v8.h:2668:44: note: candidate: v8::MaybeLocal<v8::String> v8::Value::ToString(v8::Local<v8::Context>) const\n   V8_WARN_UNUSED_RESULT MaybeLocal<String> ToString(\n                                            ^~~~~~~~\n/root/.cache/node-gyp/12.22.12/include/node/v8.h:2668:44: note:   candidate expects 1 argument, 0 provided\nIn file included from /root/.cache/node-gyp/12.22.12/include/node/v8-internal.h:14:0,\n                 from /root/.cache/node-gyp/12.22.12/include/node/v8.h:27,\n                 from /root/.cache/node-gyp/12.22.12/include/node/node.h:67,\n                 from ../src/addon.cc:1:\n/root/.cache/node-gyp/12.22.12/include/node/v8.h:2684:31: note: candidate: v8::Local<v8::String> v8::Value::ToString(v8::Isolate*) const\n                 Local<String> ToString(Isolate* isolate) const);\n                               ^\n/root/.cache/node-gyp/12.22.12/include/node/v8config.h:328:3: note: in definition of macro 'V8_DEPRECATED'\n   declarator __attribute__((deprecated(message)))\n   ^~~~~~~~~~\n/root/.cache/node-gyp/12.22.12/include/node/v8.h:2684:31: note:   candidate expects 1 argument, 0 provided\n                 Local<String> ToString(Isolate* isolate) const);\n                               ^\n/root/.cache/node-gyp/12.22.12/include/node/v8config.h:328:3: note: in definition of macro 'V8_DEPRECATED'\n   declarator __attribute__((deprecated(message)))\n   ^~~~~~~~~~\n\u001b[0m\u001b[91mIn file included from ../src/addon.cc:2:0:\n../../nan/nan.h:1044:74: error: no matching function for call to 'v8::String::WriteUtf8(char*&, int, int, const int&)'\n         length_ = string->WriteUtf8(str_, static_cast<int>(len), 0, flags);\n                                                                          ^\nIn file included from /root/.cache/node-gyp/12.22.12/include/node/node.h:67:0,\n                 from ../src/addon.cc:1:\n/root/.cache/node-gyp/12.22.12/include/node/v8.h:2878:7: note: candidate: int v8::String::WriteUtf8(v8::Isolate*, char*, int, int*, int) const\n   int WriteUtf8(Isolate* isolate, char* buffer, int length = -1,\n       ^~~~~~~~~\n/root/.cache/node-gyp/12.22.12/include/node/v8.h:2878:7: note:   no known conversion for argument 1 from 'char*' to 'v8::Isolate*'\n\u001b[0m\u001b[91mIn file included from ../src/addon.cc:2:0:\n../../nan/nan.h: In member function 'void Nan::AsyncWorker::SaveToPersistent(const char*, const v8::Local<v8::Value>&)':\n../../nan/nan.h:1818:64: warning: 'bool v8::Object::Set(v8::Local<v8::Value>, v8::Local<v8::Value>)' is deprecated: Use maybe version [-Wdeprecated-declarations]\n     New(persistentHandle)->Set(New(key).ToLocalChecked(), value);\n                                                                ^\nIn file included from /root/.cache/node-gyp/12.22.12/include/node/v8-internal.h:14:0,\n                 from /root/.cache/node-gyp/12.22.12/include/node/v8.h:27,\n                 from /root/.cache/node-gyp/12.22.12/include/node/node.h:67,\n                 from ../src/addon.cc:1:\n/root/.cache/node-gyp/12.22.12/include/node/v8.h:3499:22: note: declared here\n                 bool Set(Local<Value> key, Local<Value> value));\n                      ^\n/root/.cache/node-gyp/12.22.12/include/node/v8config.h:328:3: note: in definition of macro 'V8_DEPRECATED'\n   declarator __attribute__((deprecated(message)))\n   ^~~~~~~~~~\n\u001b[0m\u001b[91mIn file included from ../src/addon.cc:2:0:\n../../nan/nan.h: In member function 'void Nan::AsyncWorker::SaveToPersistent(const v8::Local<v8::String>&, const v8::Local<v8::Value>&)':\n../../nan/nan.h:1824:42: warning: 'bool v8::Object::Set(v8::Local<v8::Value>, v8::Local<v8::Value>)' is deprecated: Use maybe version [-Wdeprecated-declarations]\n     New(persistentHandle)->Set(key, value);\n                                          ^\nIn file included from /root/.cache/node-gyp/12.22.12/include/node/v8-internal.h:14:0,\n                 from /root/.cache/node-gyp/12.22.12/include/node/v8.h:27,\n                 from /root/.cache/node-gyp/12.22.12/include/node/node.h:67,\n                 from ../src/addon.cc:1:\n/root/.cache/node-gyp/12.22.12/include/node/v8.h:3499:22: note: declared here\n                 bool Set(Local<Value> key, Local<Value> value));\n                      ^\n/root/.cache/node-gyp/12.22.12/include/node/v8config.h:328:3: note: in definition of macro 'V8_DEPRECATED'\n   declarator __attribute__((deprecated(message)))\n   ^~~~~~~~~~\n\u001b[0m\u001b[91mIn file included from ../src/addon.cc:2:0:\n../../nan/nan.h: In member function 'void Nan::AsyncWorker::SaveToPersistent(uint32_t, const v8::Local<v8::Value>&)':\n../../nan/nan.h:1830:44: warning: 'bool v8::Object::Set(uint32_t, v8::Local<v8::Value>)' is deprecated: Use maybe version [-Wdeprecated-declarations]\n     New(persistentHandle)->Set(index, value);\n                                            ^\nIn file included from /root/.cache/node-gyp/12.22.12/include/node/v8-internal.h:14:0,\n                 from /root/.cache/node-gyp/12.22.12/include/node/v8.h:27,\n                 from /root/.cache/node-gyp/12.22.12/include/node/node.h:67,\n                 from ../src/addon.cc:1:\n/root/.cache/node-gyp/12.22.12/include/node/v8.h:3508:22: note: declared here\n                 bool Set(uint32_t index, Local<Value> value));\n                      ^\n/root/.cache/node-gyp/12.22.12/include/node/v8config.h:328:3: note: in definition of macro 'V8_DEPRECATED'\n   declarator __attribute__((deprecated(message)))\n   ^~~~~~~~~~\n\u001b[0m\u001b[91mIn file included from ../src/addon.cc:2:0:\n../../nan/nan.h: In member function 'v8::Local<v8::Value> Nan::AsyncWorker::GetFromPersistent(const char*) const':\n../../nan/nan.h:1836:61: warning: 'v8::Local<v8::Value> v8::Object::Get(v8::Local<v8::Value>)' is deprecated: Use maybe version [-Wdeprecated-declarations]\n         New(persistentHandle)->Get(New(key).ToLocalChecked()));\n                                                             ^\nIn file included from /root/.cache/node-gyp/12.22.12/include/node/v8-internal.h:14:0,\n                 from /root/.cache/node-gyp/12.22.12/include/node/v8.h:27,\n                 from /root/.cache/node-gyp/12.22.12/include/node/node.h:67,\n                 from ../src/addon.cc:1:\n/root/.cache/node-gyp/12.22.12/include/node/v8.h:3553:51: note: declared here\n   V8_DEPRECATED(\"Use maybe version\", Local<Value> Get(Local<Value> key));\n                                                   ^\n/root/.cache/node-gyp/12.22.12/include/node/v8config.h:328:3: note: in definition of macro 'V8_DEPRECATED'\n   declarator __attribute__((deprecated(message)))\n   ^~~~~~~~~~\n\u001b[0m\u001b[91mIn file included from ../src/addon.cc:2:0:\n../../nan/nan.h: In member function 'v8::Local<v8::Value> Nan::AsyncWorker::GetFromPersistent(const v8::Local<v8::String>&) const':\n../../nan/nan.h:1842:55: warning: 'v8::Local<v8::Value> v8::Object::Get(v8::Local<v8::Value>)' is deprecated: Use maybe version [-Wdeprecated-declarations]\n     return scope.Escape(New(persistentHandle)->Get(key));\n                                                       ^\nIn file included from /root/.cache/node-gyp/12.22.12/include/node/v8-internal.h:14:0,\n                 from /root/.cache/node-gyp/12.22.12/include/node/v8.h:27,\n                 from /root/.cache/node-gyp/12.22.12/include/node/node.h:67,\n                 from ../src/addon.cc:1:\n/root/.cache/node-gyp/12.22.12/include/node/v8.h:3553:51: note: declared here\n   V8_DEPRECATED(\"Use maybe version\", Local<Value> Get(Local<Value> key));\n                                                   ^\n/root/.cache/node-gyp/12.22.12/include/node/v8config.h:328:3: note: in definition of macro 'V8_DEPRECATED'\n   declarator __attribute__((deprecated(message)))\n   ^~~~~~~~~~\n\u001b[0m\u001b[91mIn file included from ../src/addon.cc:2:0:\n../../nan/nan.h: In member function 'v8::Local<v8::Value> Nan::AsyncWorker::GetFromPersistent(uint32_t) const':\n../../nan/nan.h:1847:57: warning: 'v8::Local<v8::Value> v8::Object::Get(uint32_t)' is deprecated: Use maybe version [-Wdeprecated-declarations]\n     return scope.Escape(New(persistentHandle)->Get(index));\n                                                         ^\nIn file included from /root/.cache/node-gyp/12.22.12/include/node/v8-internal.h:14:0,\n                 from /root/.cache/node-gyp/12.22.12/include/node/v8.h:27,\n                 from /root/.cache/node-gyp/12.22.12/include/node/node.h:67,\n                 from ../src/addon.cc:1:\n/root/.cache/node-gyp/12.22.12/include/node/v8.h:3557:51: note: declared here\n   V8_DEPRECATED(\"Use maybe version\", Local<Value> Get(uint32_t index));\n                                                   ^\n/root/.cache/node-gyp/12.22.12/include/node/v8config.h:328:3: note: in definition of macro 'V8_DEPRECATED'\n   declarator __attribute__((deprecated(message)))\n   ^~~~~~~~~~\n\u001b[0m\u001b[91mIn file included from /usr/include/c++/6/cassert:44:0,\n                 from /root/.cache/node-gyp/12.22.12/include/node/node_object_wrap.h:26,\n                 from ../../nan/nan.h:53,\n                 from ../src/addon.cc:2:\n../../nan/nan_object_wrap.h: In destructor 'virtual Nan::ObjectWrap::~ObjectWrap()':\n../../nan/nan_object_wrap.h:24:25: error: 'class Nan::Persistent<v8::Object>' has no member named 'IsNearDeath'\n     assert(persistent().IsNearDeath());\n                         ^\n\u001b[0m\u001b[91mIn file included from ../../nan/nan.h:2657:0,\n                 from ../src/addon.cc:2:\n../../nan/nan_object_wrap.h: In member function 'void Nan::ObjectWrap::MakeWeak()':\n../../nan/nan_object_wrap.h:67:34: warning: 'void v8::PersistentBase<T>::MarkIndependent() [with T = v8::Object]' is deprecated: Weak objects are always considered independent. Use TracedGlobal when trying to use EmbedderHeapTracer. Use a strong handle when trying to keep an object alive. [-Wdeprecated-declarations]\n     persistent().MarkIndependent();\n                                  ^\nIn file included from /root/.cache/node-gyp/12.22.12/include/node/v8-internal.h:14:0,\n                 from /root/.cache/node-gyp/12.22.12/include/node/v8.h:27,\n                 from /root/.cache/node-gyp/12.22.12/include/node/node.h:67,\n                 from ../src/addon.cc:1:\n/root/.cache/node-gyp/12.22.12/include/node/v8.h:570:22: note: declared here\n       V8_INLINE void MarkIndependent());\n                      ^\n/root/.cache/node-gyp/12.22.12/include/node/v8config.h:328:3: note: in definition of macro 'V8_DEPRECATED'\n   declarator __attribute__((deprecated(message)))\n   ^~~~~~~~~~\n\u001b[0m\u001b[91mIn file included from /usr/include/c++/6/cassert:44:0,\n                 from /root/.cache/node-gyp/12.22.12/include/node/node_object_wrap.h:26,\n                 from ../../nan/nan.h:53,\n                 from ../src/addon.cc:2:\n../../nan/nan_object_wrap.h: In static member function 'static void Nan::ObjectWrap::WeakCallback(const v8::WeakCallbackInfo<Nan::ObjectWrap>&)':\n../../nan/nan_object_wrap.h:124:26: error: 'class Nan::Persistent<v8::Object>' has no member named 'IsNearDeath'\n     assert(wrap->handle_.IsNearDeath());\n                          ^\n\u001b[0m\u001b[91m../src/addon.cc: In static member function 'static Nan::NAN_METHOD_RETURN_TYPE KeccakWrapper::Initialize(Nan::NAN_METHOD_ARGS_TYPE)':\n../src/addon.cc:37:47: error: no matching function for call to 'v8::Value::IntegerValue()'\n     unsigned int rate = info[0]->IntegerValue();\n                                               ^\nIn file included from /root/.cache/node-gyp/12.22.12/include/node/node.h:67:0,\n                 from ../src/addon.cc:1:\n/root/.cache/node-gyp/12.22.12/include/node/v8.h:2705:40: note: candidate: v8::Maybe<long int> v8::Value::IntegerValue(v8::Local<v8::Context>) const\n   V8_WARN_UNUSED_RESULT Maybe<int64_t> IntegerValue(\n                                        ^~~~~~~~~~~~\n/root/.cache/node-gyp/12.22.12/include/node/v8.h:2705:40: note:   candidate expects 1 argument, 0 provided\n../src/addon.cc:38:51: error: no matching function for call to 'v8::Value::IntegerValue()'\n     unsigned int capacity = info[1]->IntegerValue();\n                                                   ^\n\u001b[0m\u001b[91mIn file included from /root/.cache/node-gyp/12.22.12/include/node/node.h:67:0,\n                 from ../src/addon.cc:1:\n/root/.cache/node-gyp/12.22.12/include/node/v8.h:2705:40: note: candidate: v8::Maybe<long int> v8::Value::IntegerValue(v8::Local<v8::Context>) const\n   V8_WARN_UNUSED_RESULT Maybe<int64_t> IntegerValue(\n                                        ^~~~~~~~~~~~\n/root/.cache/node-gyp/12.22.12/include/node/v8.h:2705:40: note:   candidate expects 1 argument, 0 provided\n\u001b[0m\u001b[91m../src/addon.cc: In static member function 'static Nan::NAN_METHOD_RETURN_TYPE KeccakWrapper::AbsorbLastFewBits(Nan::NAN_METHOD_ARGS_TYPE)':\n../src/addon.cc:56:48: error: no matching function for call to 'v8::Value::IntegerValue()'\n     unsigned char bits = info[0]->IntegerValue();\n                                                ^\nIn file included from /root/.cache/node-gyp/12.22.12/include/node/node.h:67:0,\n                 from ../src/addon.cc:1:\n/root/.cache/node-gyp/12.22.12/include/node/v8.h:2705:40: note: candidate: v8::Maybe<long int> v8::Value::IntegerValue(v8::Local<v8::Context>) const\n   V8_WARN_UNUSED_RESULT Maybe<int64_t> IntegerValue(\n                                        ^~~~~~~~~~~~\n/root/.cache/node-gyp/12.22.12/include/node/v8.h:2705:40: note:   candidate expects 1 argument, 0 provided\n\u001b[0m\u001b[91m../src/addon.cc: In static member function 'static Nan::NAN_METHOD_RETURN_TYPE KeccakWrapper::Squeeze(Nan::NAN_METHOD_ARGS_TYPE)':\n../src/addon.cc:64:43: error: no matching function for call to 'v8::Value::IntegerValue()'\n     size_t length = info[0]->IntegerValue();\n                                           ^\nIn file included from /root/.cache/node-gyp/12.22.12/include/node/node.h:67:0,\n                 from ../src/addon.cc:1:\n/root/.cache/node-gyp/12.22.12/include/node/v8.h:2705:40: note: candidate: v8::Maybe<long int> v8::Value::IntegerValue(v8::Local<v8::Context>) const\n   V8_WARN_UNUSED_RESULT Maybe<int64_t> IntegerValue(\n                                        ^~~~~~~~~~~~\n/root/.cache/node-gyp/12.22.12/include/node/v8.h:2705:40: note:   candidate expects 1 argument, 0 provided\n\u001b[0m\u001b[91m../src/addon.cc: In static member function 'static Nan::NAN_METHOD_RETURN_TYPE KeccakWrapper::Copy(Nan::NAN_METHOD_ARGS_TYPE)':\n../src/addon.cc:75:82: error: no matching function for call to 'v8::Value::ToObject()'\n     KeccakWrapper* to = Nan::ObjectWrap::Unwrap<KeccakWrapper>(info[0]->ToObject());\n                                                                                  ^\nIn file included from /root/.cache/node-gyp/12.22.12/include/node/node.h:67:0,\n                 from ../src/addon.cc:1:\n/root/.cache/node-gyp/12.22.12/include/node/v8.h:2672:44: note: candidate: v8::MaybeLocal<v8::Object> v8::Value::ToObject(v8::Local<v8::Context>) const\n   V8_WARN_UNUSED_RESULT MaybeLocal<Object> ToObject(\n                                            ^~~~~~~~\n/root/.cache/node-gyp/12.22.12/include/node/v8.h:2672:44: note:   candidate expects 1 argument, 0 provided\n\u001b[0m\u001b[91mIn file included from /root/.cache/node-gyp/12.22.12/include/node/v8-internal.h:14:0,\n                 from /root/.cache/node-gyp/12.22.12/include/node/v8.h:27,\n                 from /root/.cache/node-gyp/12.22.12/include/node/node.h:67,\n                 from ../src/addon.cc:1:\n/root/.cache/node-gyp/12.22.12/include/node/v8.h:2686:31: note: candidate: v8::Local<v8::Object> v8::Value::ToObject(v8::Isolate*) const\n                 Local<Object> ToObject(Isolate* isolate) const);\n                               ^\n/root/.cache/node-gyp/12.22.12/include/node/v8config.h:328:3: note: in definition of macro 'V8_DEPRECATED'\n   declarator __attribute__((deprecated(message)))\n   ^~~~~~~~~~\n/root/.cache/node-gyp/12.22.12/include/node/v8.h:2686:31: note:   candidate expects 1 argument, 0 provided\n                 Local<Object> ToObject(Isolate* isolate) const);\n                               ^\n/root/.cache/node-gyp/12.22.12/include/node/v8config.h:328:3: note: in definition of macro 'V8_DEPRECATED'\n   declarator __attribute__((deprecated(message)))\n   ^~~~~~~~~~\n\u001b[0m\u001b[91mmake: *** [Release/obj.target/keccak/src/addon.o] Error 1\n\u001b[0mkeccak.target.mk:129: recipe for target 'Release/obj.target/keccak/src/addon.o' failed\nmake: Leaving directory '/app/node_modules/keccak/build'\n\u001b[91mgyp\u001b[0m\u001b[91m ERR! \u001b[0m\u001b[91mbuild error\u001b[0m\u001b[91m \n\u001b[0m\u001b[91mgyp\u001b[0m\u001b[91m ERR!\u001b[0m\u001b[91m \u001b[0m\u001b[91mstack\u001b[0m\u001b[91m Error: `make` failed with exit code: 2\ngyp\u001b[0m\u001b[91m \u001b[0m\u001b[91mERR! stack\u001b[0m\u001b[91m     at ChildProcess.onExit (/usr/local/lib/node_modules/npm/node_modules/node-gyp/lib/build.js:194:23)\ngyp\u001b[0m\u001b[91m ERR!\u001b[0m\u001b[91m \u001b[0m\u001b[91mstack     at ChildProcess.emit (events.js:314:20)\n\u001b[0m\u001b[91mgyp \u001b[0m\u001b[91mERR! \u001b[0m\u001b[91mstack\u001b[0m\u001b[91m     at Process.ChildProcess._handle.onexit (internal/child_process.js:276:12)\n\u001b[0m\u001b[91mgyp ERR!\u001b[0m\u001b[91m \u001b[0m\u001b[91mSystem Linux 5.4.0-113-generic\n\u001b[0m\u001b[91mgyp ERR!\u001b[0m\u001b[91m \u001b[0m\u001b[91mcommand\u001b[0m\u001b[91m \"/usr/local/bin/node\" \"/usr/local/lib/node_modules/npm/node_modules/node-gyp/bin/node-gyp.js\" \"rebuild\"\n\u001b[0m\u001b[91mgyp \u001b[0m\u001b[91mERR! \u001b[0m\u001b[91mcwd /app/node_modules/keccak\n\u001b[0m\u001b[91mgyp \u001b[0m\u001b[91mERR!\u001b[0m\u001b[91m node -v\u001b[0m\u001b[91m v12.22.12\n\u001b[0m\u001b[91mgyp \u001b[0m\u001b[91mERR! \u001b[0m\u001b[91mnode-gyp -v v5.1.0\n\u001b[0m\u001b[91mgyp ERR!\u001b[0m\u001b[91m not ok\u001b[0m\u001b[91m \n\u001b[0m\u001b[91mnpm\u001b[0m\u001b[91m \u001b[0m\u001b[91mERR! \u001b[0m\u001b[91mcode ELIFECYCLE\n\u001b[0m\u001b[91mnpm \u001b[0m\u001b[91mERR!\u001b[0m\u001b[91m errno\u001b[0m\u001b[91m 1\n\u001b[0m\u001b[91mnpm ERR!\u001b[0m\u001b[91m keccak@1.4.0 rebuild: `node-gyp rebuild`\nnpm\u001b[0m\u001b[91m \u001b[0m\u001b[91mERR! Exit status 1\n\u001b[0m\u001b[91mnpm\u001b[0m\u001b[91m ERR!\u001b[0m\u001b[91m \n\u001b[0m\u001b[91mnpm\u001b[0m\u001b[91m \u001b[0m\u001b[91mERR!\u001b[0m\u001b[91m Failed at the keccak@1.4.0 rebuild script.\nnpm \u001b[0m\u001b[91mERR!\u001b[0m\u001b[91m This is probably not a problem with npm. There is likely additional logging output above.\n\u001b[0m\u001b[91mnpm \u001b[0m\u001b[91mWARN\u001b[0m\u001b[91m Local package.json exists, but node_modules missing, did you mean to install?\n\u001b[0m\u001b[91m\nnpm ERR! A complete log of this run can be found in:\nnpm \u001b[0m\u001b[91mERR!\u001b[0m\u001b[91m     /root/.npm/_logs/2022-12-28T20_35_51_745Z-debug.log\n\u001b[0mKeccak bindings compilation fail. Pure JS implementation will be used.\n\n> secp256k1@3.7.1 install /app/node_modules/secp256k1\n> npm run rebuild || echo \"Secp256k1 bindings compilation fail. Pure JS implementation will be used.\"\n\n\n> secp256k1@3.7.1 rebuild /app/node_modules/secp256k1\n> node-gyp rebuild\n\nmake: Entering directory '/app/node_modules/secp256k1/build'\n  CXX(target) Release/obj.target/secp256k1/src/addon.o\n  CXX(target) Release/obj.target/secp256k1/src/privatekey.o\n\u001b[91m../src/privatekey.cc: In function 'Nan::NAN_METHOD_RETURN_TYPE privateKeyNegate(Nan::NAN_METHOD_ARGS_TYPE)':\n../src/privatekey.cc:73:61: warning: ignoring return value of 'int secp256k1_ec_privkey_negate(const secp256k1_context*, unsigned char*)', declared with attribute warn_unused_result [-Wunused-result]\n   secp256k1_ec_privkey_negate(secp256k1ctx, &private_key[0]);\n                                                             ^\n\u001b[0m  CXX(target) Release/obj.target/secp256k1/src/publickey.o\n  CXX(target) Release/obj.target/secp256k1/src/signature.o\n  CXX(target) Release/obj.target/secp256k1/src/ecdsa.o\n  CXX(target) Release/obj.target/secp256k1/src/ecdh.o\n  CC(target) Release/obj.target/secp256k1/src/secp256k1-src/src/secp256k1.o\n  CC(target) Release/obj.target/secp256k1/src/secp256k1-src/contrib/lax_der_parsing.o\n  CC(target) Release/obj.target/secp256k1/src/secp256k1-src/contrib/lax_der_privatekey_parsing.o\n  SOLINK_MODULE(target) Release/obj.target/secp256k1.node\n  COPY Release/secp256k1.node\nmake: Leaving directory '/app/node_modules/secp256k1/build'\n\n> core-js@2.6.9 postinstall /app/node_modules/core-js\n> node scripts/postinstall || echo \"ignore\"\n\n\u001b[96mThank you for using core-js (\u001b[94m https://github.com/zloirock/core-js \u001b[96m) for polyfilling JavaScript standard library!\u001b[0m\n\n\u001b[96mThe project needs your help! Please consider supporting of core-js on Open Collective or Patreon: \u001b[0m\n\u001b[96m>\u001b[94m https://opencollective.com/core-js \u001b[0m\n\u001b[96m>\u001b[94m https://www.patreon.com/zloirock \u001b[0m\n\n\u001b[96mAlso, the author of core-js (\u001b[94m https://github.com/zloirock \u001b[96m) is looking for a good job -)\u001b[0m\n\n\u001b[91mnpm WARN optional SKIPPING OPTIONAL DEPENDENCY: fsevents@1.2.4 (node_modules/fsevents):\nnpm\u001b[0m\u001b[91m WARN notsup SKIPPING OPTIONAL DEPENDENCY: Unsupported platform for fsevents@1.2.4: wanted {\"os\":\"darwin\",\"arch\":\"any\"} (current: {\"os\":\"linux\",\"arch\":\"x64\"})\n\u001b[0m\u001b[91m\n\u001b[0madded 624 packages from 748 contributors and audited 694 packages in 20.725s\nfound 278 vulnerabilities (9 low, 86 moderate, 160 high, 23 critical)\n  run `npm audit fix` to fix them, or `npm audit` for details\nRemoving intermediate container 878031522cad\n ---> c725ef283204\nStep 10/15 : COPY . /app\n ---> 5a6c10fd47c6\nStep 11/15 : RUN npm run build\n ---> Running in b451fc5a1bc2\n\n> agora@2.6.1 build /app\n> npm run lint && npm run build:tsc\n\n\n> agora@2.6.1 lint /app\n> tslint -p src/tsconfig.json && tslint -p scripts/tsconfig.json\n\n\n> agora@2.6.1 build:tsc /app\n> tsc -p src/tsconfig.json\n\nFiles:          137\nLines:        26271\nNodes:       104490\nIdentifiers:  32728\nSymbols:      38368\nTypes:        10674\nMemory used: 63121K\nI/O read:     0.01s\nI/O write:    0.01s\nParse time:   0.41s\nBind time:    0.18s\nCheck time:   0.59s\nEmit time:    0.14s\nTotal time:   1.32s\nRemoving intermediate container b451fc5a1bc2\n ---> f95303615fdc\nStep 12/15 : FROM node:12\n ---> 6c8de432fc7f\nStep 13/15 : WORKDIR /app\n ---> Running in 00f576e1edd8\nRemoving intermediate container 00f576e1edd8\n ---> 5089f29ffeac\nStep 14/15 : COPY --from=builder /app /app\n ---> 650cde2b0fbc\nStep 15/15 : ENTRYPOINT [ \"./entrypoint.sh\" ]\n ---> Running in 7d6a077d7be8\nRemoving intermediate container 7d6a077d7be8\n ---> c22df301ee83\nSuccessfully built c22df301ee83\nSuccessfully tagged agora:latest\n","stderr":"","imageSize":1057454279},"repair":{"violations":[{"name":"npmCacheCleanAfterInstall","position":{"start":12,"end":12,"columnStart":4,"columnEnd":15}},{"name":"ruleAptGetInstallUseNoRec","position":{"start":11,"end":11,"columnStart":4,"columnEnd":71}},{"name":"ruleAptGetUpdatePrecedesInstall","position":{"start":11,"end":11,"columnStart":4,"columnEnd":71}},{"name":"ruleAptGetInstallThenRemoveAptLists","position":{"start":11,"end":11,"columnStart":4,"columnEnd":71}}],"repairedDockerfile":"ARG RUN\n\nFROM node:12 as builder\n\nWORKDIR /app\n\nCOPY package.json /app/package.json\nCOPY package-lock.json /app/package-lock.json\nCOPY tsconfig.json /app/tsconfig.json\n\n\nRUN apt-get update && \\\napt-get -y --no-install-recommends -qq install python-setuptools python-dev build-essential\nRUN npm install\n\nCOPY . /app\n\nRUN npm run build\n\nFROM node:12\n\nWORKDIR /app\n\nCOPY --from=builder /app /app\n\nENTRYPOINT [ \"./entrypoint.sh\" ]\n"},"repairedBuild":{"startTimestamp":1672259844217,"endTimestamp":1672259945349,"error":null,"stdout":"Sending build context to Docker daemon  7.979MB\r\r\nStep 1/14 : ARG RUN\nStep 2/14 : FROM node:12 as builder\n ---> 6c8de432fc7f\nStep 3/14 : WORKDIR /app\n ---> Running in 549f74273fcf\nRemoving intermediate container 549f74273fcf\n ---> 56dd7e18e07d\nStep 4/14 : COPY package.json /app/package.json\n ---> 1e9e8285dae5\nStep 5/14 : COPY package-lock.json /app/package-lock.json\n ---> 78385942de0e\nStep 6/14 : COPY tsconfig.json /app/tsconfig.json\n ---> e96e1ebcead5\nStep 7/14 : RUN apt-get update && apt-get -y --no-install-recommends -qq install python-setuptools python-dev build-essential\n ---> Running in 3517f20c7bf7\nIgn:1 http://deb.debian.org/debian stretch InRelease\nGet:2 http://security.debian.org/debian-security stretch/updates InRelease [59.1 kB]\nGet:3 http://deb.debian.org/debian stretch-updates InRelease [93.6 kB]\nGet:4 http://deb.debian.org/debian stretch Release [118 kB]\nGet:5 http://deb.debian.org/debian stretch Release.gpg [3177 B]\nGet:6 http://security.debian.org/debian-security stretch/updates/main amd64 Packages [782 kB]\nGet:7 http://deb.debian.org/debian stretch/main amd64 Packages [7080 kB]\nFetched 8135 kB in 1s (5245 kB/s)\nReading package lists...\n\u001b[91mdebconf: delaying package configuration, since apt-utils is not installed\n\u001b[0mSelecting previously unselected package build-essential.\r\n(Reading database ... \r(Reading database ... 5%\r(Reading database ... 10%\r(Reading database ... 15%\r(Reading database ... 20%\r(Reading database ... 25%\r(Reading database ... 30%\r(Reading database ... 35%\r(Reading database ... 40%\r(Reading database ... 45%\r(Reading database ... 50%\r(Reading database ... 55%\r(Reading database ... 60%\r(Reading database ... 65%\r(Reading database ... 70%\r(Reading database ... 75%\r(Reading database ... 80%\r(Reading database ... 85%\r(Reading database ... 90%\r(Reading database ... 95%\r(Reading database ... 100%\r(Reading database ... 29963 files and directories currently installed.)\r\nPreparing to unpack .../0-build-essential_12.3_amd64.deb ...\r\nUnpacking build-essential (12.3) ...\r\nSelecting previously unselected package libpython2.7:amd64.\r\nPreparing to unpack .../1-libpython2.7_2.7.13-2+deb9u6_amd64.deb ...\r\nUnpacking libpython2.7:amd64 (2.7.13-2+deb9u6) ...\r\nSelecting previously unselected package libpython2.7-dev:amd64.\r\nPreparing to unpack .../2-libpython2.7-dev_2.7.13-2+deb9u6_amd64.deb ...\r\nUnpacking libpython2.7-dev:amd64 (2.7.13-2+deb9u6) ...\r\nSelecting previously unselected package libpython-dev:amd64.\r\nPreparing to unpack .../3-libpython-dev_2.7.13-2_amd64.deb ...\r\nUnpacking libpython-dev:amd64 (2.7.13-2) ...\r\nSelecting previously unselected package python2.7-dev.\r\nPreparing to unpack .../4-python2.7-dev_2.7.13-2+deb9u6_amd64.deb ...\r\nUnpacking python2.7-dev (2.7.13-2+deb9u6) ...\r\nSelecting previously unselected package python-dev.\r\nPreparing to unpack .../5-python-dev_2.7.13-2_amd64.deb ...\r\nUnpacking python-dev (2.7.13-2) ...\r\nSelecting previously unselected package python-pkg-resources.\r\nPreparing to unpack .../6-python-pkg-resources_33.1.1-1_all.deb ...\r\nUnpacking python-pkg-resources (33.1.1-1) ...\r\nSelecting previously unselected package python-setuptools.\r\nPreparing to unpack .../7-python-setuptools_33.1.1-1_all.deb ...\r\nUnpacking python-setuptools (33.1.1-1) ...\r\nSetting up build-essential (12.3) ...\r\nSetting up python-pkg-resources (33.1.1-1) ...\r\nProcessing triggers for libc-bin (2.24-11+deb9u4) ...\r\nSetting up libpython2.7:amd64 (2.7.13-2+deb9u6) ...\r\nSetting up libpython2.7-dev:amd64 (2.7.13-2+deb9u6) ...\r\nSetting up python2.7-dev (2.7.13-2+deb9u6) ...\r\nSetting up libpython-dev:amd64 (2.7.13-2) ...\r\nSetting up python-setuptools (33.1.1-1) ...\r\nSetting up python-dev (2.7.13-2) ...\r\nProcessing triggers for libc-bin (2.24-11+deb9u4) ...\r\nRemoving intermediate container 3517f20c7bf7\n ---> 7a9dffd4d796\nStep 8/14 : RUN npm install\n ---> Running in bfa60784d65c\n\n> keccak@1.4.0 install /app/node_modules/keccak\n> npm run rebuild || echo \"Keccak bindings compilation fail. Pure JS implementation will be used.\"\n\n\n> keccak@1.4.0 rebuild /app/node_modules/keccak\n> node-gyp rebuild\n\nmake: Entering directory '/app/node_modules/keccak/build'\n  CXX(target) Release/obj.target/keccak/src/addon.o\n\u001b[91mIn file included from ../../nan/nan_converters.h:67:0,\n                 from ../../nan/nan.h:202,\n                 from ../src/addon.cc:2:\n../../nan/nan_converters_43_inl.h: In static member function 'static Nan::imp::ToFactoryBase<v8::Boolean>::return_t Nan::imp::ToFactory<v8::Boolean>::convert(v8::Local<v8::Value>)':\n../../nan/nan_converters_43_inl.h:18:51: warning: 'v8::MaybeLocal<v8::Boolean> v8::Value::ToBoolean(v8::Local<v8::Context>) const' is deprecated: ToBoolean can never throw. Use Local version. [-Wdeprecated-declarations]\n       val->To ## TYPE(isolate->GetCurrentContext())                            \\\n                                                   ^\n../../nan/nan_converters_43_inl.h:22:1: note: in expansion of macro 'X'\n X(Boolean)\n ^\nIn file included from /root/.cache/node-gyp/12.22.12/include/node/v8-internal.h:14:0,\n                 from /root/.cache/node-gyp/12.22.12/include/node/v8.h:27,\n                 from /root/.cache/node-gyp/12.22.12/include/node/node.h:67,\n                 from ../src/addon.cc:1:\n/root/.cache/node-gyp/12.22.12/include/node/v8.h:2664:59: note: declared here\n                 V8_WARN_UNUSED_RESULT MaybeLocal<Boolean> ToBoolean(\n                                                           ^\n/root/.cache/node-gyp/12.22.12/include/node/v8config.h:328:3: note: in definition of macro 'V8_DEPRECATED'\n   declarator __attribute__((deprecated(message)))\n   ^~~~~~~~~~\n\u001b[0m\u001b[91mIn file included from ../../nan/nan_converters.h:67:0,\n                 from ../../nan/nan.h:202,\n                 from ../src/addon.cc:2:\n../../nan/nan_converters_43_inl.h: In static member function 'static Nan::imp::ValueFactoryBase<bool>::return_t Nan::imp::ToFactory<bool>::convert(v8::Local<v8::Value>)':\n../../nan/nan_converters_43_inl.h:37:57: warning: 'v8::Maybe<bool> v8::Value::BooleanValue(v8::Local<v8::Context>) const' is deprecated: BooleanValue can never throw. Use Isolate version. [-Wdeprecated-declarations]\n   return val->NAME ## Value(isolate->GetCurrentContext());                     \\\n                                                         ^\n../../nan/nan_converters_43_inl.h:40:1: note: in expansion of macro 'X'\n X(bool, Boolean)\n ^\nIn file included from /root/.cache/node-gyp/12.22.12/include/node/v8-internal.h:14:0,\n                 from /root/.cache/node-gyp/12.22.12/include/node/v8.h:27,\n                 from /root/.cache/node-gyp/12.22.12/include/node/node.h:67,\n                 from ../src/addon.cc:1:\n/root/.cache/node-gyp/12.22.12/include/node/v8.h:2702:51: note: declared here\n                 V8_WARN_UNUSED_RESULT Maybe<bool> BooleanValue(\n                                                   ^\n/root/.cache/node-gyp/12.22.12/include/node/v8config.h:328:3: note: in definition of macro 'V8_DEPRECATED'\n   declarator __attribute__((deprecated(message)))\n   ^~~~~~~~~~\n\u001b[0m\u001b[91mIn file included from ../../nan/nan_new.h:189:0,\n                 from ../../nan/nan.h:203,\n                 from ../src/addon.cc:2:\n../../nan/nan_implementation_12_inl.h: In static member function 'static Nan::imp::FactoryBase<v8::Function>::return_t Nan::imp::Factory<v8::Function>::New(Nan::FunctionCallback, v8::Local<v8::Value>)':\n../../nan/nan_implementation_12_inl.h:105:32: error: no matching function for call to 'v8::Function::New(v8::Isolate*&, void (&)(const v8::FunctionCallbackInfo<v8::Value>&), v8::Local<v8::Object>&)'\n                           , obj));\n                                ^\nIn file included from /root/.cache/node-gyp/12.22.12/include/node/node.h:67:0,\n                 from ../src/addon.cc:1:\n/root/.cache/node-gyp/12.22.12/include/node/v8.h:4275:31: note: candidate: static v8::MaybeLocal<v8::Function> v8::Function::New(v8::Local<v8::Context>, v8::FunctionCallback, v8::Local<v8::Value>, int, v8::ConstructorBehavior, v8::SideEffectType)\n   static MaybeLocal<Function> New(\n                               ^~~\n/root/.cache/node-gyp/12.22.12/include/node/v8.h:4275:31: note:   no known conversion for argument 1 from 'v8::Isolate*' to 'v8::Local<v8::Context>'\n\u001b[0m\u001b[91mIn file included from ../../nan/nan_new.h:189:0,\n                 from ../../nan/nan.h:203,\n                 from ../src/addon.cc:2:\n../../nan/nan_implementation_12_inl.h: In static member function 'static Nan::imp::FactoryBase<v8::StringObject>::return_t Nan::imp::Factory<v8::StringObject>::New(v8::Local<v8::String>)':\n../../nan/nan_implementation_12_inl.h:337:37: error: no matching function for call to 'v8::StringObject::New(v8::Local<v8::String>&)'\n   return v8::StringObject::New(value).As<v8::StringObject>();\n                                     ^\nIn file included from /root/.cache/node-gyp/12.22.12/include/node/node.h:67:0,\n                 from ../src/addon.cc:1:\n/root/.cache/node-gyp/12.22.12/include/node/v8.h:5531:23: note: candidate: static v8::Local<v8::Value> v8::StringObject::New(v8::Isolate*, v8::Local<v8::String>)\n   static Local<Value> New(Isolate* isolate, Local<String> value);\n                       ^~~\n/root/.cache/node-gyp/12.22.12/include/node/v8.h:5531:23: note:   candidate expects 2 arguments, 1 provided\nIn file included from ../../nan/nan_new.h:189:0,\n                 from ../../nan/nan.h:203,\n                 from ../src/addon.cc:2:\n../../nan/nan_implementation_12_inl.h:337:58: error: expected primary-expression before '>' token\n   return v8::StringObject::New(value).As<v8::StringObject>();\n                                                          ^\n../../nan/nan_implementation_12_inl.h:337:60: error: expected primary-expression before ')' token\n   return v8::StringObject::New(value).As<v8::StringObject>();\n                                                            ^\n\u001b[0m\u001b[91mIn file included from ../src/addon.cc:2:0:\n../../nan/nan.h: In constructor 'Nan::Utf8String::Utf8String(v8::Local<v8::Value>)':\n../../nan/nan.h:1034:53: error: no matching function for call to 'v8::Value::ToString()'\n       v8::Local<v8::String> string = from->ToString();\n                                                     ^\nIn file included from /root/.cache/node-gyp/12.22.12/include/node/node.h:67:0,\n                 from ../src/addon.cc:1:\n/root/.cache/node-gyp/12.22.12/include/node/v8.h:2668:44: note: candidate: v8::MaybeLocal<v8::String> v8::Value::ToString(v8::Local<v8::Context>) const\n   V8_WARN_UNUSED_RESULT MaybeLocal<String> ToString(\n                                            ^~~~~~~~\n/root/.cache/node-gyp/12.22.12/include/node/v8.h:2668:44: note:   candidate expects 1 argument, 0 provided\nIn file included from /root/.cache/node-gyp/12.22.12/include/node/v8-internal.h:14:0,\n                 from /root/.cache/node-gyp/12.22.12/include/node/v8.h:27,\n                 from /root/.cache/node-gyp/12.22.12/include/node/node.h:67,\n                 from ../src/addon.cc:1:\n/root/.cache/node-gyp/12.22.12/include/node/v8.h:2684:31: note: candidate: v8::Local<v8::String> v8::Value::ToString(v8::Isolate*) const\n                 Local<String> ToString(Isolate* isolate) const);\n                               ^\n/root/.cache/node-gyp/12.22.12/include/node/v8config.h:328:3: note: in definition of macro 'V8_DEPRECATED'\n   declarator __attribute__((deprecated(message)))\n   ^~~~~~~~~~\n/root/.cache/node-gyp/12.22.12/include/node/v8.h:2684:31: note:   candidate expects 1 argument, 0 provided\n                 Local<String> ToString(Isolate* isolate) const);\n                               ^\n/root/.cache/node-gyp/12.22.12/include/node/v8config.h:328:3: note: in definition of macro 'V8_DEPRECATED'\n   declarator __attribute__((deprecated(message)))\n   ^~~~~~~~~~\n\u001b[0m\u001b[91mIn file included from ../src/addon.cc:2:0:\n../../nan/nan.h:1044:74: error: no matching function for call to 'v8::String::WriteUtf8(char*&, int, int, const int&)'\n         length_ = string->WriteUtf8(str_, static_cast<int>(len), 0, flags);\n                                                                          ^\nIn file included from /root/.cache/node-gyp/12.22.12/include/node/node.h:67:0,\n                 from ../src/addon.cc:1:\n/root/.cache/node-gyp/12.22.12/include/node/v8.h:2878:7: note: candidate: int v8::String::WriteUtf8(v8::Isolate*, char*, int, int*, int) const\n   int WriteUtf8(Isolate* isolate, char* buffer, int length = -1,\n       ^~~~~~~~~\n/root/.cache/node-gyp/12.22.12/include/node/v8.h:2878:7: note:   no known conversion for argument 1 from 'char*' to 'v8::Isolate*'\n\u001b[0m\u001b[91mIn file included from ../src/addon.cc:2:0:\n../../nan/nan.h: In member function 'void Nan::AsyncWorker::SaveToPersistent(const char*, const v8::Local<v8::Value>&)':\n../../nan/nan.h:1818:64: warning: 'bool v8::Object::Set(v8::Local<v8::Value>, v8::Local<v8::Value>)' is deprecated: Use maybe version [-Wdeprecated-declarations]\n     New(persistentHandle)->Set(New(key).ToLocalChecked(), value);\n                                                                ^\nIn file included from /root/.cache/node-gyp/12.22.12/include/node/v8-internal.h:14:0,\n                 from /root/.cache/node-gyp/12.22.12/include/node/v8.h:27,\n                 from /root/.cache/node-gyp/12.22.12/include/node/node.h:67,\n                 from ../src/addon.cc:1:\n/root/.cache/node-gyp/12.22.12/include/node/v8.h:3499:22: note: declared here\n                 bool Set(Local<Value> key, Local<Value> value));\n                      ^\n/root/.cache/node-gyp/12.22.12/include/node/v8config.h:328:3: note: in definition of macro 'V8_DEPRECATED'\n   declarator __attribute__((deprecated(message)))\n   ^~~~~~~~~~\nIn file included from ../src/addon.cc:2:0:\n../../nan/nan.h: In member function 'void Nan::AsyncWorker::SaveToPersistent(const v8::Local<v8::String>&, const v8::Local<v8::Value>&)':\n../../nan/nan.h:1824:42: warning: 'bool v8::Object::Set(v8::Local<v8::Value>, v8::Local<v8::Value>)' is deprecated: Use maybe version [-Wdeprecated-declarations]\n     New(persistentHandle)->Set(key, value);\n                                          ^\nIn file included from /root/.cache/node-gyp/12.22.12/include/node/v8-internal.h:14:0,\n                 from /root/.cache/node-gyp/12.22.12/include/node/v8.h:27,\n                 from /root/.cache/node-gyp/12.22.12/include/node/node.h:67,\n                 from ../src/addon.cc:1:\n/root/.cache/node-gyp/12.22.12/include/node/v8.h:3499:22: note: declared here\n                 bool Set(Local<Value> key, Local<Value> value));\n                      ^\n/root/.cache/node-gyp/12.22.12/include/node/v8config.h:328:3: note: in definition of macro 'V8_DEPRECATED'\n   declarator __attribute__((deprecated(message)))\n   ^~~~~~~~~~\nIn file included from ../src/addon.cc:2:0:\n../../nan/nan.h: In member function 'void Nan::AsyncWorker::SaveToPersistent(uint32_t, const v8::Local<v8::Value>&)':\n../../nan/nan.h:1830:44: warning: 'bool v8::Object::Set(uint32_t, v8::Local<v8::Value>)' is deprecated: Use maybe version [-Wdeprecated-declarations]\n     New(persistentHandle)->Set(index, value);\n                                            ^\nIn file included from /root/.cache/node-gyp/12.22.12/include/node/v8-internal.h:14:0,\n                 from /root/.cache/node-gyp/12.22.12/include/node/v8.h:27,\n                 from /root/.cache/node-gyp/12.22.12/include/node/node.h:67,\n                 from ../src/addon.cc:1:\n/root/.cache/node-gyp/12.22.12/include/node/v8.h:3508:22: note: declared here\n                 bool Set(uint32_t index, Local<Value> value));\n                      ^\n/root/.cache/node-gyp/12.22.12/include/node/v8config.h:328:3: note: in definition of macro 'V8_DEPRECATED'\n   declarator __attribute__((deprecated(message)))\n   ^~~~~~~~~~\nIn file included from ../src/addon.cc:2:0:\n../../nan/nan.h: In member function 'v8::Local<v8::Value> Nan::AsyncWorker::GetFromPersistent(const char*) const':\n../../nan/nan.h:1836:61: warning: 'v8::Local<v8::Value> v8::Object::Get(v8::Local<v8::Value>)' is deprecated: Use maybe version [-Wdeprecated-declarations]\n         New(persistentHandle)->Get(New(key).ToLocalChecked()));\n                                                             ^\nIn file included from /root/.cache/node-gyp/12.22.12/include/node/v8-internal.h:14:0,\n                 from /root/.cache/node-gyp/12.22.12/include/node/v8.h:27,\n                 from /root/.cache/node-gyp/12.22.12/include/node/node.h:67,\n                 from ../src/addon.cc:1:\n/root/.cache/node-gyp/12.22.12/include/node/v8.h:3553:51: note: declared here\n   V8_DEPRECATED(\"Use maybe version\", Local<Value> Get(Local<Value> key));\n                                                   ^\n/root/.cache/node-gyp/12.22.12/include/node/v8config.h:328:3: note: in definition of macro 'V8_DEPRECATED'\n   declarator __attribute__((deprecated(message)))\n   ^~~~~~~~~~\nIn file included from ../src/addon.cc:2:0:\n../../nan/nan.h: In member function 'v8::Local<v8::Value> Nan::AsyncWorker::GetFromPersistent(const v8::Local<v8::String>&) const':\n../../nan/nan.h:1842:55: warning: 'v8::Local<v8::Value> v8::Object::Get(v8::Local<v8::Value>)' is deprecated: Use maybe version [-Wdeprecated-declarations]\n     return scope.Escape(New(persistentHandle)->Get(key));\n                                                       ^\nIn file included from /root/.cache/node-gyp/12.22.12/include/node/v8-internal.h:14:0,\n                 from /root/.cache/node-gyp/12.22.12/include/node/v8.h:27,\n                 from /root/.cache/node-gyp/12.22.12/include/node/node.h:67,\n                 from ../src/addon.cc:1:\n/root/.cache/node-gyp/12.22.12/include/node/v8.h:3553:51: note: declared here\n   V8_DEPRECATED(\"Use maybe version\", Local<Value> Get(Local<Value> key));\n                                                   ^\n/root/.cache/node-gyp/12.22.12/include/node/v8config.h:328:3: note: in definition of macro 'V8_DEPRECATED'\n   declarator __attribute__((deprecated(message)))\n   ^~~~~~~~~~\nIn file included from ../src/addon.cc:2:0:\n../../nan/nan.h: In member function 'v8::Local<v8::Value> Nan::AsyncWorker::GetFromPersistent(uint32_t) const':\n../../nan/nan.h:1847:57: warning: 'v8::Local<v8::Value> v8::Object::Get(uint32_t)' is deprecated: Use maybe version [-Wdeprecated-declarations]\n     return scope.Escape(New(persistentHandle)->Get(index));\n                                                         ^\nIn file included from /root/.cache/node-gyp/12.22.12/include/node/v8-internal.h:14:0,\n                 from /root/.cache/node-gyp/12.22.12/include/node/v8.h:27,\n                 from /root/.cache/node-gyp/12.22.12/include/node/node.h:67,\n                 from ../src/addon.cc:1:\n/root/.cache/node-gyp/12.22.12/include/node/v8.h:3557:51: note: declared here\n   V8_DEPRECATED(\"Use maybe version\", Local<Value> Get(uint32_t index));\n                                                   ^\n/root/.cache/node-gyp/12.22.12/include/node/v8config.h:328:3: note: in definition of macro 'V8_DEPRECATED'\n   declarator __attribute__((deprecated(message)))\n   ^~~~~~~~~~\n\u001b[0m\u001b[91mIn file included from /usr/include/c++/6/cassert:44:0,\n                 from /root/.cache/node-gyp/12.22.12/include/node/node_object_wrap.h:26,\n                 from ../../nan/nan.h:53,\n                 from ../src/addon.cc:2:\n../../nan/nan_object_wrap.h: In destructor 'virtual Nan::ObjectWrap::~ObjectWrap()':\n../../nan/nan_object_wrap.h:24:25: error: 'class Nan::Persistent<v8::Object>' has no member named 'IsNearDeath'\n     assert(persistent().IsNearDeath());\n                         ^\nIn file included from ../../nan/nan.h:2657:0,\n                 from ../src/addon.cc:2:\n../../nan/nan_object_wrap.h: In member function 'void Nan::ObjectWrap::MakeWeak()':\n../../nan/nan_object_wrap.h:67:34: warning: 'void v8::PersistentBase<T>::MarkIndependent() [with T = v8::Object]' is deprecated: Weak objects are always considered independent. Use TracedGlobal when trying to use EmbedderHeapTracer. Use a strong handle when trying to keep an object alive. [-Wdeprecated-declarations]\n     persistent().MarkIndependent();\n                                  ^\nIn file included from /root/.cache/node-gyp/12.22.12/include/node/v8-internal.h:14:0,\n                 from /root/.cache/node-gyp/12.22.12/include/node/v8.h:27,\n                 from /root/.cache/node-gyp/12.22.12/include/node/node.h:67,\n                 from ../src/addon.cc:1:\n/root/.cache/node-gyp/12.22.12/include/node/v8.h:570:22: note: declared here\n       V8_INLINE void MarkIndependent());\n                      ^\n/root/.cache/node-gyp/12.22.12/include/node/v8config.h:328:3: note: in definition of macro 'V8_DEPRECATED'\n   declarator __attribute__((deprecated(message)))\n   ^~~~~~~~~~\nIn file included from /usr/include/c++/6/cassert:44:0,\n                 from /root/.cache/node-gyp/12.22.12/include/node/node_object_wrap.h:26,\n                 from ../../nan/nan.h:53,\n                 from ../src/addon.cc:2:\n../../nan/nan_object_wrap.h: In static member function 'static void Nan::ObjectWrap::WeakCallback(const v8::WeakCallbackInfo<Nan::ObjectWrap>&)':\n../../nan/nan_object_wrap.h:124:26: error: 'class Nan::Persistent<v8::Object>' has no member named 'IsNearDeath'\n     assert(wrap->handle_.IsNearDeath());\n                          ^\n\u001b[0m\u001b[91m../src/addon.cc: In static member function 'static Nan::NAN_METHOD_RETURN_TYPE KeccakWrapper::Initialize(Nan::NAN_METHOD_ARGS_TYPE)':\n../src/addon.cc:37:47: error: no matching function for call to 'v8::Value::IntegerValue()'\n     unsigned int rate = info[0]->IntegerValue();\n                                               ^\n\u001b[0m\u001b[91mIn file included from /root/.cache/node-gyp/12.22.12/include/node/node.h:67:0,\n                 from ../src/addon.cc:1:\n/root/.cache/node-gyp/12.22.12/include/node/v8.h:2705:40: note: candidate: v8::Maybe<long int> v8::Value::IntegerValue(v8::Local<v8::Context>) const\n   V8_WARN_UNUSED_RESULT Maybe<int64_t> IntegerValue(\n                                        ^~~~~~~~~~~~\n/root/.cache/node-gyp/12.22.12/include/node/v8.h:2705:40: note:   candidate expects 1 argument, 0 provided\n../src/addon.cc:38:51: error: no matching function for call to 'v8::Value::IntegerValue()'\n     unsigned int capacity = info[1]->IntegerValue();\n                                                   ^\nIn file included from /root/.cache/node-gyp/12.22.12/include/node/node.h:67:0,\n                 from ../src/addon.cc:1:\n/root/.cache/node-gyp/12.22.12/include/node/v8.h:2705:40: note: candidate: v8::Maybe<long int> v8::Value::IntegerValue(v8::Local<v8::Context>) const\n   V8_WARN_UNUSED_RESULT Maybe<int64_t> IntegerValue(\n                                        ^~~~~~~~~~~~\n/root/.cache/node-gyp/12.22.12/include/node/v8.h:2705:40: note:   candidate expects 1 argument, 0 provided\n\u001b[0m\u001b[91m../src/addon.cc: In static member function 'static Nan::NAN_METHOD_RETURN_TYPE KeccakWrapper::AbsorbLastFewBits(Nan::NAN_METHOD_ARGS_TYPE)':\n../src/addon.cc:56:48: error: no matching function for call to 'v8::Value::IntegerValue()'\n     unsigned char bits = info[0]->IntegerValue();\n                                                ^\nIn file included from /root/.cache/node-gyp/12.22.12/include/node/node.h:67:0,\n                 from ../src/addon.cc:1:\n/root/.cache/node-gyp/12.22.12/include/node/v8.h:2705:40: note: candidate: v8::Maybe<long int> v8::Value::IntegerValue(v8::Local<v8::Context>) const\n   V8_WARN_UNUSED_RESULT Maybe<int64_t> IntegerValue(\n                                        ^~~~~~~~~~~~\n/root/.cache/node-gyp/12.22.12/include/node/v8.h:2705:40: note:   candidate expects 1 argument, 0 provided\n../src/addon.cc: In static member function 'static Nan::NAN_METHOD_RETURN_TYPE KeccakWrapper::Squeeze(Nan::NAN_METHOD_ARGS_TYPE)':\n../src/addon.cc:64:43: error: no matching function for call to 'v8::Value::IntegerValue()'\n     size_t length = info[0]->IntegerValue();\n                                           ^\nIn file included from /root/.cache/node-gyp/12.22.12/include/node/node.h:67:0,\n                 from ../src/addon.cc:1:\n/root/.cache/node-gyp/12.22.12/include/node/v8.h:2705:40: note: candidate: v8::Maybe<long int> v8::Value::IntegerValue(v8::Local<v8::Context>) const\n   V8_WARN_UNUSED_RESULT Maybe<int64_t> IntegerValue(\n                                        ^~~~~~~~~~~~\n/root/.cache/node-gyp/12.22.12/include/node/v8.h:2705:40: note:   candidate expects 1 argument, 0 provided\n../src/addon.cc: In static member function 'static Nan::NAN_METHOD_RETURN_TYPE KeccakWrapper::Copy(Nan::NAN_METHOD_ARGS_TYPE)':\n../src/addon.cc:75:82: error: no matching function for call to 'v8::Value::ToObject()'\n     KeccakWrapper* to = Nan::ObjectWrap::Unwrap<KeccakWrapper>(info[0]->ToObject());\n                                                                                  ^\nIn file included from /root/.cache/node-gyp/12.22.12/include/node/node.h:67:0,\n                 from ../src/addon.cc:1:\n/root/.cache/node-gyp/12.22.12/include/node/v8.h:2672:44: note: candidate: v8::MaybeLocal<v8::Object> v8::Value::ToObject(v8::Local<v8::Context>) const\n   V8_WARN_UNUSED_RESULT MaybeLocal<Object> ToObject(\n                                            ^~~~~~~~\n/root/.cache/node-gyp/12.22.12/include/node/v8.h:2672:44: note:   candidate expects 1 argument, 0 provided\nIn file included from /root/.cache/node-gyp/12.22.12/include/node/v8-internal.h:14:0,\n                 from /root/.cache/node-gyp/12.22.12/include/node/v8.h:27,\n                 from /root/.cache/node-gyp/12.22.12/include/node/node.h:67,\n                 from ../src/addon.cc:1:\n/root/.cache/node-gyp/12.22.12/include/node/v8.h:2686:31: note: candidate: v8::Local<v8::Object> v8::Value::ToObject(v8::Isolate*) const\n                 Local<Object> ToObject(Isolate* isolate) const);\n                               ^\n/root/.cache/node-gyp/12.22.12/include/node/v8config.h:328:3: note: in definition of macro 'V8_DEPRECATED'\n   declarator __attribute__((deprecated(message)))\n   ^~~~~~~~~~\n/root/.cache/node-gyp/12.22.12/include/node/v8.h:2686:31: note:   candidate expects 1 argument, 0 provided\n                 Local<Object> ToObject(Isolate* isolate) const);\n                               ^\n/root/.cache/node-gyp/12.22.12/include/node/v8config.h:328:3: note: in definition of macro 'V8_DEPRECATED'\n   declarator __attribute__((deprecated(message)))\n   ^~~~~~~~~~\n\u001b[0mkeccak.target.mk:129: recipe for target 'Release/obj.target/keccak/src/addon.o' failed\nmake: Leaving directory '/app/node_modules/keccak/build'\n\u001b[91mmake: *** [Release/obj.target/keccak/src/addon.o] Error 1\n\u001b[0m\u001b[91mgyp\u001b[0m\u001b[91m ERR! build error \n\u001b[0m\u001b[91mgyp\u001b[0m\u001b[91m ERR!\u001b[0m\u001b[91m stack\u001b[0m\u001b[91m Error: `make` failed with exit code: 2\ngyp\u001b[0m\u001b[91m ERR!\u001b[0m\u001b[91m stack     at ChildProcess.onExit (/usr/local/lib/node_modules/npm/node_modules/node-gyp/lib/build.js:194:23)\n\u001b[0m\u001b[91mgyp\u001b[0m\u001b[91m ERR! \u001b[0m\u001b[91mstack     at ChildProcess.emit (events.js:314:20)\n\u001b[0m\u001b[91mgyp \u001b[0m\u001b[91mERR! \u001b[0m\u001b[91mstack\u001b[0m\u001b[91m     at Process.ChildProcess._handle.onexit (internal/child_process.js:276:12)\n\u001b[0m\u001b[91mgyp ERR!\u001b[0m\u001b[91m \u001b[0m\u001b[91mSystem Linux 5.4.0-113-generic\n\u001b[0m\u001b[91mgyp ERR! command\u001b[0m\u001b[91m \"/usr/local/bin/node\" \"/usr/local/lib/node_modules/npm/node_modules/node-gyp/bin/node-gyp.js\" \"rebuild\"\n\u001b[0m\u001b[91mgyp ERR!\u001b[0m\u001b[91m cwd /app/node_modules/keccak\n\u001b[0m\u001b[91mgyp ERR!\u001b[0m\u001b[91m node -v\u001b[0m\u001b[91m v12.22.12\n\u001b[0m\u001b[91mgyp ERR! \u001b[0m\u001b[91mnode-gyp -v v5.1.0\n\u001b[0m\u001b[91mgyp ERR! \u001b[0m\u001b[91mnot ok \n\u001b[0m\u001b[91mnpm\u001b[0m\u001b[91m ERR!\u001b[0m\u001b[91m \u001b[0m\u001b[91mcode\u001b[0m\u001b[91m ELIFECYCLE\n\u001b[0m\u001b[91mnpm\u001b[0m\u001b[91m \u001b[0m\u001b[91mERR!\u001b[0m\u001b[91m errno\u001b[0m\u001b[91m 1\n\u001b[0m\u001b[91mnpm\u001b[0m\u001b[91m \u001b[0m\u001b[91mERR!\u001b[0m\u001b[91m keccak@1.4.0 rebuild: `node-gyp rebuild`\nnpm\u001b[0m\u001b[91m \u001b[0m\u001b[91mERR!\u001b[0m\u001b[91m Exit status 1\n\u001b[0m\u001b[91mnpm\u001b[0m\u001b[91m ERR!\u001b[0m\u001b[91m \n\u001b[0m\u001b[91mnpm \u001b[0m\u001b[91mERR!\u001b[0m\u001b[91m Failed at the keccak@1.4.0 rebuild script.\nnpm\u001b[0m\u001b[91m \u001b[0m\u001b[91mERR!\u001b[0m\u001b[91m This is probably not a problem with npm. There is likely additional logging output above.\n\u001b[0m\u001b[91mnpm WARN\u001b[0m\u001b[91m Local package.json exists, but node_modules missing, did you mean to install?\n\u001b[0m\u001b[91m\n\u001b[0m\u001b[91mnpm \u001b[0m\u001b[91mERR!\u001b[0m\u001b[91m A complete log of this run can be found in:\nnpm\u001b[0m\u001b[91m ERR!\u001b[0m\u001b[91m     /root/.npm/_logs/2022-12-28T20_38_15_417Z-debug.log\n\u001b[0mKeccak bindings compilation fail. Pure JS implementation will be used.\n\n> secp256k1@3.7.1 install /app/node_modules/secp256k1\n> npm run rebuild || echo \"Secp256k1 bindings compilation fail. Pure JS implementation will be used.\"\n\n\n> secp256k1@3.7.1 rebuild /app/node_modules/secp256k1\n> node-gyp rebuild\n\nmake: Entering directory '/app/node_modules/secp256k1/build'\n  CXX(target) Release/obj.target/secp256k1/src/addon.o\n  CXX(target) Release/obj.target/secp256k1/src/privatekey.o\n\u001b[91m../src/privatekey.cc: In function 'Nan::NAN_METHOD_RETURN_TYPE privateKeyNegate(Nan::NAN_METHOD_ARGS_TYPE)':\n../src/privatekey.cc:73:61: warning: ignoring return value of 'int secp256k1_ec_privkey_negate(const secp256k1_context*, unsigned char*)', declared with attribute warn_unused_result [-Wunused-result]\n   secp256k1_ec_privkey_negate(secp256k1ctx, &private_key[0]);\n                                                             ^\n\u001b[0m  CXX(target) Release/obj.target/secp256k1/src/publickey.o\n  CXX(target) Release/obj.target/secp256k1/src/signature.o\n  CXX(target) Release/obj.target/secp256k1/src/ecdsa.o\n  CXX(target) Release/obj.target/secp256k1/src/ecdh.o\n  CC(target) Release/obj.target/secp256k1/src/secp256k1-src/src/secp256k1.o\n  CC(target) Release/obj.target/secp256k1/src/secp256k1-src/contrib/lax_der_parsing.o\n  CC(target) Release/obj.target/secp256k1/src/secp256k1-src/contrib/lax_der_privatekey_parsing.o\n  SOLINK_MODULE(target) Release/obj.target/secp256k1.node\n  COPY Release/secp256k1.node\nmake: Leaving directory '/app/node_modules/secp256k1/build'\n\n> core-js@2.6.9 postinstall /app/node_modules/core-js\n> node scripts/postinstall || echo \"ignore\"\n\n\u001b[96mThank you for using core-js (\u001b[94m https://github.com/zloirock/core-js \u001b[96m) for polyfilling JavaScript standard library!\u001b[0m\n\n\u001b[96mThe project needs your help! Please consider supporting of core-js on Open Collective or Patreon: \u001b[0m\n\u001b[96m>\u001b[94m https://opencollective.com/core-js \u001b[0m\n\u001b[96m>\u001b[94m https://www.patreon.com/zloirock \u001b[0m\n\n\u001b[96mAlso, the author of core-js (\u001b[94m https://github.com/zloirock \u001b[96m) is looking for a good job -)\u001b[0m\n\n\u001b[91mnpm WARN optional SKIPPING OPTIONAL DEPENDENCY: fsevents@1.2.4 (node_modules/fsevents):\nnpm WARN notsup SKIPPING OPTIONAL DEPENDENCY: Unsupported platform for fsevents@1.2.4: wanted {\"os\":\"darwin\",\"arch\":\"any\"} (current: {\"os\":\"linux\",\"arch\":\"x64\"})\n\n\u001b[0madded 624 packages from 748 contributors and audited 694 packages in 21.056s\nfound 278 vulnerabilities (9 low, 86 moderate, 160 high, 23 critical)\n  run `npm audit fix` to fix them, or `npm audit` for details\nRemoving intermediate container bfa60784d65c\n ---> 4f2d172d59bd\nStep 9/14 : COPY . /app\n ---> 6bed4501e7a5\nStep 10/14 : RUN npm run build\n ---> Running in 8c1f8f31827c\n\n> agora@2.6.1 build /app\n> npm run lint && npm run build:tsc\n\n\n> agora@2.6.1 lint /app\n> tslint -p src/tsconfig.json && tslint -p scripts/tsconfig.json\n\n\n> agora@2.6.1 build:tsc /app\n> tsc -p src/tsconfig.json\n\nFiles:          137\nLines:        26271\nNodes:       104490\nIdentifiers:  32728\nSymbols:      38368\nTypes:        10674\nMemory used: 63875K\nI/O read:     0.01s\nI/O write:    0.01s\nParse time:   0.41s\nBind time:    0.16s\nCheck time:   0.57s\nEmit time:    0.10s\nTotal time:   1.23s\nRemoving intermediate container 8c1f8f31827c\n ---> 8f92eb1413eb\nStep 11/14 : FROM node:12\n ---> 6c8de432fc7f\nStep 12/14 : WORKDIR /app\n ---> Running in 42a1f0ec4e34\nRemoving intermediate container 42a1f0ec4e34\n ---> 1e4df13b1ae6\nStep 13/14 : COPY --from=builder /app /app\n ---> e0f7ab6f5c91\nStep 14/14 : ENTRYPOINT [ \"./entrypoint.sh\" ]\n ---> Running in 0e6a6c3b9611\nRemoving intermediate container 0e6a6c3b9611\n ---> bc058c33a62b\nSuccessfully built bc058c33a62b\nSuccessfully tagged agora:latest\n","stderr":"","imageSize":1057454305},"endTime":1672259951979}