{"repository":"https://github.com/tonyngophd/dronest","dockerfilePath":"Dockerfile","startTime":1672558816845,"clone":{"stdout":"","stderr":"Cloning into '/tmp/dinghy-analysis/tonyngophd/dronest'...\n","error":null,"commit":"f0976c31cbbf6fb032851bd42ac566bb381608f0"},"originalBuild":{"startTimestamp":1672558818426,"endTimestamp":1672559149894,"error":null,"stdout":"Sending build context to Docker daemon  28.33MB\r\r\nStep 1/17 : FROM node:12 AS build-stage\n12: Pulling from library/node\nf5196cdf2518: Pulling fs layer\n9bed1e86f01e: Pulling fs layer\nf44e4bdb3a6c: Pulling fs layer\n2f75d131f406: Pulling fs layer\n07dff4ad21eb: Pulling fs layer\ne0ac4f13b766: Pulling fs layer\ndf2c3b2eb7cc: Pulling fs layer\nefe636eac583: Pulling fs layer\nfe17849545bb: Pulling fs layer\n07dff4ad21eb: Waiting\ne0ac4f13b766: Waiting\ndf2c3b2eb7cc: Waiting\nefe636eac583: Waiting\n2f75d131f406: Waiting\nfe17849545bb: Waiting\nf44e4bdb3a6c: Verifying Checksum\nf44e4bdb3a6c: Download complete\n9bed1e86f01e: Verifying Checksum\n9bed1e86f01e: Download complete\nf5196cdf2518: Verifying Checksum\nf5196cdf2518: Download complete\ne0ac4f13b766: Download complete\n2f75d131f406: Verifying Checksum\n2f75d131f406: Download complete\nefe636eac583: Verifying Checksum\nefe636eac583: Download complete\nfe17849545bb: Verifying Checksum\nfe17849545bb: Download complete\ndf2c3b2eb7cc: Verifying Checksum\ndf2c3b2eb7cc: Download complete\nf5196cdf2518: Pull complete\n07dff4ad21eb: Verifying Checksum\n07dff4ad21eb: Download complete\n9bed1e86f01e: Pull complete\nf44e4bdb3a6c: Pull complete\n2f75d131f406: Pull complete\n07dff4ad21eb: Pull complete\ne0ac4f13b766: Pull complete\ndf2c3b2eb7cc: Pull complete\nefe636eac583: Pull complete\nfe17849545bb: Pull complete\nDigest: sha256:01627afeb110b3054ba4a1405541ca095c8bfca1cb6f2be9479c767a2711879e\nStatus: Downloaded newer image for node:12\n ---> 6c8de432fc7f\nStep 2/17 : WORKDIR /react-app\n ---> Running in 576a64f81d29\nRemoving intermediate container 576a64f81d29\n ---> 8ec3dbed4ec5\nStep 3/17 : COPY react-app/. .\n ---> 4daa5f06d88d\nStep 4/17 : ENV REACT_APP_BASE_URL=\"https://dronest.herokuapp.com\"\n ---> Running in 5db52b622032\nRemoving intermediate container 5db52b622032\n ---> 8c0b14fdebc5\nStep 5/17 : RUN npm install\n ---> Running in 03deb7326a64\n\u001b[91mnpm\u001b[0m\u001b[91m WARN read-shrinkwrap This version of npm is compatible with lockfileVersion@1, but package-lock.json was generated for lockfileVersion@2. I'll try to do my best with it!\n\u001b[0m\n> bufferutil@1.2.1 install /react-app/node_modules/bufferutil\n> node-gyp rebuild\n\nmake: Entering directory '/react-app/node_modules/bufferutil/build'\n  CXX(target) Release/obj.target/bufferutil/src/bufferutil.o\n\u001b[91m../src/bufferutil.cc:25:30: error: 'v8::Handle' has not been declared\n   static void Initialize(v8::Handle<v8::Object> target)\n                              ^~~~~~\n../src/bufferutil.cc:25:36: error: expected ',' or '...' before '<' token\n   static void Initialize(v8::Handle<v8::Object> target)\n                                    ^\n\u001b[0m\u001b[91m../src/bufferutil.cc: In static member function 'static void BufferUtil::Initialize(int)':\n../src/bufferutil.cc:33:14: error: 'target' was not declared in this scope\n     Nan::Set(target, Nan::New<String>(\"BufferUtil\").ToLocalChecked(), t->GetFunction());\n              ^~~~~~\n\u001b[0m\u001b[91m../src/bufferutil.cc:33:86: error: no matching function for call to 'v8::FunctionTemplate::GetFunction()'\n     Nan::Set(target, Nan::New<String>(\"BufferUtil\").ToLocalChecked(), t->GetFunction());\n                                                                                      ^\nIn file included from ../src/bufferutil.cc:7:0:\n/root/.cache/node-gyp/12.22.12/include/node/v8.h:6126:46: note: candidate: v8::MaybeLocal<v8::Function> v8::FunctionTemplate::GetFunction(v8::Local<v8::Context>)\n   V8_WARN_UNUSED_RESULT MaybeLocal<Function> GetFunction(\n                                              ^~~~~~~~~~~\n/root/.cache/node-gyp/12.22.12/include/node/v8.h:6126:46: note:   candidate expects 1 argument, 0 provided\n\u001b[0m\u001b[91m../src/bufferutil.cc: In static member function 'static Nan::NAN_METHOD_RETURN_TYPE BufferUtil::Merge(Nan::NAN_METHOD_ARGS_TYPE)':\n../src/bufferutil.cc:49:49: error: no matching function for call to 'v8::Value::ToObject()'\n     Local<Object> bufferObj = info[0]->ToObject();\n                                                 ^\nIn file included from ../src/bufferutil.cc:7:0:\n/root/.cache/node-gyp/12.22.12/include/node/v8.h:2672:44: note: candidate: v8::MaybeLocal<v8::Object> v8::Value::ToObject(v8::Local<v8::Context>) const\n   V8_WARN_UNUSED_RESULT MaybeLocal<Object> ToObject(\n                                            ^~~~~~~~\n/root/.cache/node-gyp/12.22.12/include/node/v8.h:2672:44: note:   candidate expects 1 argument, 0 provided\n\u001b[0m\u001b[91mIn file included from /root/.cache/node-gyp/12.22.12/include/node/v8-internal.h:14:0,\n                 from /root/.cache/node-gyp/12.22.12/include/node/v8.h:27,\n                 from ../src/bufferutil.cc:7:\n/root/.cache/node-gyp/12.22.12/include/node/v8.h:2686:31: note: candidate: v8::Local<v8::Object> v8::Value::ToObject(v8::Isolate*) const\n                 Local<Object> ToObject(Isolate* isolate) const);\n                               ^\n/root/.cache/node-gyp/12.22.12/include/node/v8config.h:328:3: note: in definition of macro 'V8_DEPRECATED'\n   declarator __attribute__((deprecated(message)))\n   ^~~~~~~~~~\n/root/.cache/node-gyp/12.22.12/include/node/v8.h:2686:31: note:   candidate expects 1 argument, 0 provided\n                 Local<Object> ToObject(Isolate* isolate) const);\n                               ^\n/root/.cache/node-gyp/12.22.12/include/node/v8config.h:328:3: note: in definition of macro 'V8_DEPRECATED'\n   declarator __attribute__((deprecated(message)))\n   ^~~~~~~~~~\n\u001b[0m\u001b[91m../src/bufferutil.cc:56:39: warning: 'v8::Local<v8::Value> v8::Object::Get(uint32_t)' is deprecated: Use maybe version [-Wdeprecated-declarations]\n       Local<Object> src = array->Get(i)->ToObject();\n                                       ^\nIn file included from /root/.cache/node-gyp/12.22.12/include/node/v8-internal.h:14:0,\n                 from /root/.cache/node-gyp/12.22.12/include/node/v8.h:27,\n                 from ../src/bufferutil.cc:7:\n/root/.cache/node-gyp/12.22.12/include/node/v8.h:3557:51: note: declared here\n   V8_DEPRECATED(\"Use maybe version\", Local<Value> Get(uint32_t index));\n                                                   ^\n/root/.cache/node-gyp/12.22.12/include/node/v8config.h:328:3: note: in definition of macro 'V8_DEPRECATED'\n   declarator __attribute__((deprecated(message)))\n   ^~~~~~~~~~\n../src/bufferutil.cc:56:51: error: no matching function for call to 'v8::Value::ToObject()'\n       Local<Object> src = array->Get(i)->ToObject();\n                                                   ^\nIn file included from ../src/bufferutil.cc:7:0:\n/root/.cache/node-gyp/12.22.12/include/node/v8.h:2672:44: note: candidate: v8::MaybeLocal<v8::Object> v8::Value::ToObject(v8::Local<v8::Context>) const\n   V8_WARN_UNUSED_RESULT MaybeLocal<Object> ToObject(\n                                            ^~~~~~~~\n\u001b[0m\u001b[91m/root/.cache/node-gyp/12.22.12/include/node/v8.h:2672:44: note:   candidate expects 1 argument, 0 provided\nIn file included from /root/.cache/node-gyp/12.22.12/include/node/v8-internal.h:14:0,\n                 from /root/.cache/node-gyp/12.22.12/include/node/v8.h:27,\n                 from ../src/bufferutil.cc:7:\n/root/.cache/node-gyp/12.22.12/include/node/v8.h:2686:31: note: candidate: v8::Local<v8::Object> v8::Value::ToObject(v8::Isolate*) const\n                 Local<Object> ToObject(Isolate* isolate) const);\n                               ^\n/root/.cache/node-gyp/12.22.12/include/node/v8config.h:328:3: note: in definition of macro 'V8_DEPRECATED'\n   declarator __attribute__((deprecated(message)))\n   ^~~~~~~~~~\n/root/.cache/node-gyp/12.22.12/include/node/v8.h:2686:31: note:   candidate expects 1 argument, 0 provided\n                 Local<Object> ToObject(Isolate* isolate) const);\n                               ^\n/root/.cache/node-gyp/12.22.12/include/node/v8config.h:328:3: note: in definition of macro 'V8_DEPRECATED'\n   declarator __attribute__((deprecated(message)))\n   ^~~~~~~~~~\n\u001b[0m\u001b[91m../src/bufferutil.cc: In static member function 'static Nan::NAN_METHOD_RETURN_TYPE BufferUtil::Unmask(Nan::NAN_METHOD_ARGS_TYPE)':\n../src/bufferutil.cc:67:50: error: no matching function for call to 'v8::Value::ToObject()'\n     Local<Object> buffer_obj = info[0]->ToObject();\n                                                  ^\nIn file included from ../src/bufferutil.cc:7:0:\n/root/.cache/node-gyp/12.22.12/include/node/v8.h:2672:44: note: candidate: v8::MaybeLocal<v8::Object> v8::Value::ToObject(v8::Local<v8::Context>) const\n   V8_WARN_UNUSED_RESULT MaybeLocal<Object> ToObject(\n                                            ^~~~~~~~\n/root/.cache/node-gyp/12.22.12/include/node/v8.h:2672:44: note:   candidate expects 1 argument, 0 provided\nIn file included from /root/.cache/node-gyp/12.22.12/include/node/v8-internal.h:14:0,\n                 from /root/.cache/node-gyp/12.22.12/include/node/v8.h:27,\n                 from ../src/bufferutil.cc:7:\n/root/.cache/node-gyp/12.22.12/include/node/v8.h:2686:31: note: candidate: v8::Local<v8::Object> v8::Value::ToObject(v8::Isolate*) const\n                 Local<Object> ToObject(Isolate* isolate) const);\n                               ^\n/root/.cache/node-gyp/12.22.12/include/node/v8config.h:328:3: note: in definition of macro 'V8_DEPRECATED'\n   declarator __attribute__((deprecated(message)))\n   ^~~~~~~~~~\n/root/.cache/node-gyp/12.22.12/include/node/v8.h:2686:31: note:   candidate expects 1 argument, 0 provided\n                 Local<Object> ToObject(Isolate* isolate) const);\n                               ^\n/root/.cache/node-gyp/12.22.12/include/node/v8config.h:328:3: note: in definition of macro 'V8_DEPRECATED'\n   declarator __attribute__((deprecated(message)))\n   ^~~~~~~~~~\n\u001b[0m\u001b[91m../src/bufferutil.cc:69:48: error: no matching function for call to 'v8::Value::ToObject()'\n     Local<Object> mask_obj = info[1]->ToObject();\n                                                ^\nIn file included from ../src/bufferutil.cc:7:0:\n/root/.cache/node-gyp/12.22.12/include/node/v8.h:2672:44: note: candidate: v8::MaybeLocal<v8::Object> v8::Value::ToObject(v8::Local<v8::Context>) const\n   V8_WARN_UNUSED_RESULT MaybeLocal<Object> ToObject(\n                                            ^~~~~~~~\n/root/.cache/node-gyp/12.22.12/include/node/v8.h:2672:44: note:   candidate expects 1 argument, 0 provided\n\u001b[0m\u001b[91mIn file included from /root/.cache/node-gyp/12.22.12/include/node/v8-internal.h:14:0,\n                 from /root/.cache/node-gyp/12.22.12/include/node/v8.h:27,\n                 from ../src/bufferutil.cc:7:\n/root/.cache/node-gyp/12.22.12/include/node/v8.h:2686:31: note: candidate: v8::Local<v8::Object> v8::Value::ToObject(v8::Isolate*) const\n                 Local<Object> ToObject(Isolate* isolate) const);\n                               ^\n/root/.cache/node-gyp/12.22.12/include/node/v8config.h:328:3: note: in definition of macro 'V8_DEPRECATED'\n   declarator __attribute__((deprecated(message)))\n   ^~~~~~~~~~\n/root/.cache/node-gyp/12.22.12/include/node/v8.h:2686:31: note:   candidate expects 1 argument, 0 provided\n                 Local<Object> ToObject(Isolate* isolate) const);\n                               ^\n/root/.cache/node-gyp/12.22.12/include/node/v8config.h:328:3: note: in definition of macro 'V8_DEPRECATED'\n   declarator __attribute__((deprecated(message)))\n   ^~~~~~~~~~\n\u001b[0m\u001b[91m../src/bufferutil.cc: In static member function 'static Nan::NAN_METHOD_RETURN_TYPE BufferUtil::Mask(Nan::NAN_METHOD_ARGS_TYPE)':\n../src/bufferutil.cc:88:50: error: no matching function for call to 'v8::Value::ToObject()'\n     Local<Object> buffer_obj = info[0]->ToObject();\n                                                  ^\nIn file included from ../src/bufferutil.cc:7:0:\n/root/.cache/node-gyp/12.22.12/include/node/v8.h:2672:44: note: candidate: v8::MaybeLocal<v8::Object> v8::Value::ToObject(v8::Local<v8::Context>) const\n   V8_WARN_UNUSED_RESULT MaybeLocal<Object> ToObject(\n                                            ^~~~~~~~\n/root/.cache/node-gyp/12.22.12/include/node/v8.h:2672:44: note:   candidate expects 1 argument, 0 provided\nIn file included from /root/.cache/node-gyp/12.22.12/include/node/v8-internal.h:14:0,\n                 from /root/.cache/node-gyp/12.22.12/include/node/v8.h:27,\n                 from ../src/bufferutil.cc:7:\n/root/.cache/node-gyp/12.22.12/include/node/v8.h:2686:31: note: candidate: v8::Local<v8::Object> v8::Value::ToObject(v8::Isolate*) const\n                 Local<Object> ToObject(Isolate* isolate) const);\n                               ^\n/root/.cache/node-gyp/12.22.12/include/node/v8config.h:328:3: note: in definition of macro 'V8_DEPRECATED'\n   declarator __attribute__((deprecated(message)))\n   ^~~~~~~~~~\n/root/.cache/node-gyp/12.22.12/include/node/v8.h:2686:31: note:   candidate expects 1 argument, 0 provided\n                 Local<Object> ToObject(Isolate* isolate) const);\n                               ^\n/root/.cache/node-gyp/12.22.12/include/node/v8config.h:328:3: note: in definition of macro 'V8_DEPRECATED'\n   declarator __attribute__((deprecated(message)))\n   ^~~~~~~~~~\n\u001b[0m\u001b[91m../src/bufferutil.cc:89:48: error: no matching function for call to 'v8::Value::ToObject()'\n     Local<Object> mask_obj = info[1]->ToObject();\n                                                ^\nIn file included from ../src/bufferutil.cc:7:0:\n/root/.cache/node-gyp/12.22.12/include/node/v8.h:2672:44: note: candidate: v8::MaybeLocal<v8::Object> v8::Value::ToObject(v8::Local<v8::Context>) const\n   V8_WARN_UNUSED_RESULT MaybeLocal<Object> ToObject(\n                                            ^~~~~~~~\n/root/.cache/node-gyp/12.22.12/include/node/v8.h:2672:44: note:   candidate expects 1 argument, 0 provided\nIn file included from /root/.cache/node-gyp/12.22.12/include/node/v8-internal.h:14:0,\n                 from /root/.cache/node-gyp/12.22.12/include/node/v8.h:27,\n                 from ../src/bufferutil.cc:7:\n/root/.cache/node-gyp/12.22.12/include/node/v8.h:2686:31: note: candidate: v8::Local<v8::Object> v8::Value::ToObject(v8::Isolate*) const\n                 Local<Object> ToObject(Isolate* isolate) const);\n                               ^\n/root/.cache/node-gyp/12.22.12/include/node/v8config.h:328:3: note: in definition of macro 'V8_DEPRECATED'\n   declarator __attribute__((deprecated(message)))\n   ^~~~~~~~~~\n\u001b[0m\u001b[91m/root/.cache/node-gyp/12.22.12/include/node/v8.h:2686:31: note:   candidate expects 1 argument, 0 provided\n                 Local<Object> ToObject(Isolate* isolate) const);\n                               ^\n/root/.cache/node-gyp/12.22.12/include/node/v8config.h:328:3: note: in definition of macro 'V8_DEPRECATED'\n   declarator __attribute__((deprecated(message)))\n   ^~~~~~~~~~\n\u001b[0m\u001b[91m../src/bufferutil.cc:91:50: error: no matching function for call to 'v8::Value::ToObject()'\n     Local<Object> output_obj = info[2]->ToObject();\n                                                  ^\nIn file included from ../src/bufferutil.cc:7:0:\n/root/.cache/node-gyp/12.22.12/include/node/v8.h:2672:44: note: candidate: v8::MaybeLocal<v8::Object> v8::Value::ToObject(v8::Local<v8::Context>) const\n   V8_WARN_UNUSED_RESULT MaybeLocal<Object> ToObject(\n                                            ^~~~~~~~\n/root/.cache/node-gyp/12.22.12/include/node/v8.h:2672:44: note:   candidate expects 1 argument, 0 provided\nIn file included from /root/.cache/node-gyp/12.22.12/include/node/v8-internal.h:14:0,\n                 from /root/.cache/node-gyp/12.22.12/include/node/v8.h:27,\n                 from ../src/bufferutil.cc:7:\n/root/.cache/node-gyp/12.22.12/include/node/v8.h:2686:31: note: candidate: v8::Local<v8::Object> v8::Value::ToObject(v8::Isolate*) const\n                 Local<Object> ToObject(Isolate* isolate) const);\n                               ^\n/root/.cache/node-gyp/12.22.12/include/node/v8config.h:328:3: note: in definition of macro 'V8_DEPRECATED'\n   declarator __attribute__((deprecated(message)))\n   ^~~~~~~~~~\n/root/.cache/node-gyp/12.22.12/include/node/v8.h:2686:31: note:   candidate expects 1 argument, 0 provided\n                 Local<Object> ToObject(Isolate* isolate) const);\n                               ^\n/root/.cache/node-gyp/12.22.12/include/node/v8config.h:328:3: note: in definition of macro 'V8_DEPRECATED'\n   declarator __attribute__((deprecated(message)))\n   ^~~~~~~~~~\n\u001b[0m\u001b[91m../src/bufferutil.cc:92:51: error: no matching function for call to 'v8::Value::Int32Value()'\n     unsigned int dataOffset = info[3]->Int32Value();\n                                                   ^\nIn file included from ../src/bufferutil.cc:7:0:\n/root/.cache/node-gyp/12.22.12/include/node/v8.h:2709:40: note: candidate: v8::Maybe<int> v8::Value::Int32Value(v8::Local<v8::Context>) const\n   V8_WARN_UNUSED_RESULT Maybe<int32_t> Int32Value(Local<Context> context) const;\n                                        ^~~~~~~~~~\n/root/.cache/node-gyp/12.22.12/include/node/v8.h:2709:40: note:   candidate expects 1 argument, 0 provided\n\u001b[0m\u001b[91m../src/bufferutil.cc:93:47: error: no matching function for call to 'v8::Value::Int32Value()'\n     unsigned int length = info[4]->Int32Value();\n                                               ^\n\u001b[0m\u001b[91mIn file included from ../src/bufferutil.cc:7:0:\n/root/.cache/node-gyp/12.22.12/include/node/v8.h:2709:40: note: candidate: v8::Maybe<int> v8::Value::Int32Value(v8::Local<v8::Context>) const\n   V8_WARN_UNUSED_RESULT Maybe<int32_t> Int32Value(Local<Context> context) const;\n                                        ^~~~~~~~~~\n/root/.cache/node-gyp/12.22.12/include/node/v8.h:2709:40: note:   candidate expects 1 argument, 0 provided\n\u001b[0m\u001b[91m../src/bufferutil.cc: At global scope:\n../src/bufferutil.cc:114:12: error: variable or field 'init' declared void\n void init (Handle<Object> target)\n            ^~~~~~\n../src/bufferutil.cc:114:12: error: 'Handle' was not declared in this scope\n../src/bufferutil.cc:114:25: error: expected primary-expression before '>' token\n void init (Handle<Object> target)\n                         ^\n../src/bufferutil.cc:114:27: error: 'target' was not declared in this scope\n void init (Handle<Object> target)\n                           ^~~~~~\n\u001b[0m\u001b[91mIn file included from ../src/bufferutil.cc:8:0:\n../src/bufferutil.cc:120:25: error: 'init' was not declared in this scope\n NODE_MODULE(bufferutil, init)\n                         ^\n/root/.cache/node-gyp/12.22.12/include/node/node.h:736:36: note: in definition of macro 'NODE_MODULE_X'\n       (node::addon_register_func) (regfunc),                          \\\n                                    ^~~~~~~\n../src/bufferutil.cc:120:1: note: in expansion of macro 'NODE_MODULE'\n NODE_MODULE(bufferutil, init)\n ^~~~~~~~~~~\n\u001b[0mbufferutil.target.mk:112: recipe for target 'Release/obj.target/bufferutil/src/bufferutil.o' failed\nmake: Leaving directory '/react-app/node_modules/bufferutil/build'\n\u001b[91mmake: *** [Release/obj.target/bufferutil/src/bufferutil.o] Error 1\n\u001b[0m\u001b[91mgyp ERR! build error \n\u001b[0m\u001b[91mgyp \u001b[0m\u001b[91mERR! stack\u001b[0m\u001b[91m Error: `make` failed with exit code: 2\n\u001b[0m\u001b[91mgyp \u001b[0m\u001b[91mERR! \u001b[0m\u001b[91mstack\u001b[0m\u001b[91m     at ChildProcess.onExit (/usr/local/lib/node_modules/npm/node_modules/node-gyp/lib/build.js:194:23)\n\u001b[0m\u001b[91mgyp \u001b[0m\u001b[91mERR! \u001b[0m\u001b[91mstack     at ChildProcess.emit (events.js:314:20)\ngyp \u001b[0m\u001b[91mERR!\u001b[0m\u001b[91m stack\u001b[0m\u001b[91m     at Process.ChildProcess._handle.onexit (internal/child_process.js:276:12)\n\u001b[0m\u001b[91mgyp ERR! \u001b[0m\u001b[91mSystem Linux 5.4.0-113-generic\n\u001b[0m\u001b[91mgyp ERR!\u001b[0m\u001b[91m command\u001b[0m\u001b[91m \"/usr/local/bin/node\" \"/usr/local/lib/node_modules/npm/node_modules/node-gyp/bin/node-gyp.js\" \"rebuild\"\n\u001b[0m\u001b[91mgyp \u001b[0m\u001b[91mERR!\u001b[0m\u001b[91m cwd /react-app/node_modules/bufferutil\n\u001b[0m\u001b[91mgyp ERR! \u001b[0m\u001b[91mnode -v\u001b[0m\u001b[91m v12.22.12\n\u001b[0m\u001b[91mgyp ERR!\u001b[0m\u001b[91m node-gyp -v\u001b[0m\u001b[91m v5.1.0\n\u001b[0m\u001b[91mgyp\u001b[0m\u001b[91m ERR!\u001b[0m\u001b[91m not ok \n\u001b[0m\n> utf-8-validate@1.2.2 install /react-app/node_modules/utf-8-validate\n> node-gyp rebuild\n\nmake: Entering directory '/react-app/node_modules/utf-8-validate/build'\n  CXX(target) Release/obj.target/validation/src/validation.o\n\u001b[91mIn file included from ../node_modules/nan/nan.h:190:0,\n                 from ../src/validation.cc:15:\n../node_modules/nan/nan_maybe_43_inl.h: In function 'Nan::Maybe<bool> Nan::ForceSet(v8::Local<v8::Object>, v8::Local<v8::Value>, v8::Local<v8::Value>, v8::PropertyAttribute)':\n../node_modules/nan/nan_maybe_43_inl.h:88:15: error: 'class v8::Object' has no member named 'ForceSet'\n   return obj->ForceSet(GetCurrentContext(), key, value, attribs);\n               ^~~~~~~~\n\u001b[0m\u001b[91mIn file included from ../node_modules/nan/nan_converters.h:59:0,\n                 from ../node_modules/nan/nan.h:195,\n                 from ../src/validation.cc:15:\n../node_modules/nan/nan_converters_43_inl.h: In static member function 'static Nan::imp::ToFactoryBase<v8::Boolean>::return_t Nan::imp::ToFactory<v8::Boolean>::convert(v8::Local<v8::Value>)':\n../node_modules/nan/nan_converters_43_inl.h:15:45: warning: 'v8::MaybeLocal<v8::Boolean> v8::Value::ToBoolean(v8::Local<v8::Context>) const' is deprecated: ToBoolean can never throw. Use Local version. [-Wdeprecated-declarations]\n   return val->To ## TYPE(GetCurrentContext());                                 \\\n                                             ^\n../node_modules/nan/nan_converters_43_inl.h:18:1: note: in expansion of macro 'X'\n X(Boolean)\n ^\nIn file included from /root/.cache/node-gyp/12.22.12/include/node/v8-internal.h:14:0,\n                 from /root/.cache/node-gyp/12.22.12/include/node/v8.h:27,\n                 from ../src/validation.cc:7:\n/root/.cache/node-gyp/12.22.12/include/node/v8.h:2664:59: note: declared here\n                 V8_WARN_UNUSED_RESULT MaybeLocal<Boolean> ToBoolean(\n                                                           ^\n/root/.cache/node-gyp/12.22.12/include/node/v8config.h:328:3: note: in definition of macro 'V8_DEPRECATED'\n   declarator __attribute__((deprecated(message)))\n   ^~~~~~~~~~\n\u001b[0m\u001b[91mIn file included from ../node_modules/nan/nan_converters.h:59:0,\n                 from ../node_modules/nan/nan.h:195,\n                 from ../src/validation.cc:15:\n../node_modules/nan/nan_converters_43_inl.h: In static member function 'static Nan::imp::ValueFactoryBase<bool>::return_t Nan::imp::ToFactory<bool>::convert(v8::Local<v8::Value>)':\n../node_modules/nan/nan_converters_43_inl.h:31:48: warning: 'v8::Maybe<bool> v8::Value::BooleanValue(v8::Local<v8::Context>) const' is deprecated: BooleanValue can never throw. Use Isolate version. [-Wdeprecated-declarations]\n   return val->NAME ## Value(GetCurrentContext());                              \\\n                                                ^\n../node_modules/nan/nan_converters_43_inl.h:34:1: note: in expansion of macro 'X'\n X(bool, Boolean)\n ^\nIn file included from /root/.cache/node-gyp/12.22.12/include/node/v8-internal.h:14:0,\n                 from /root/.cache/node-gyp/12.22.12/include/node/v8.h:27,\n                 from ../src/validation.cc:7:\n/root/.cache/node-gyp/12.22.12/include/node/v8.h:2702:51: note: declared here\n                 V8_WARN_UNUSED_RESULT Maybe<bool> BooleanValue(\n                                                   ^\n/root/.cache/node-gyp/12.22.12/include/node/v8config.h:328:3: note: in definition of macro 'V8_DEPRECATED'\n   declarator __attribute__((deprecated(message)))\n   ^~~~~~~~~~\n\u001b[0m\u001b[91mIn file included from ../node_modules/nan/nan_new.h:189:0,\n                 from ../node_modules/nan/nan.h:196,\n                 from ../src/validation.cc:15:\n../node_modules/nan/nan_implementation_12_inl.h: In static member function 'static Nan::imp::FactoryBase<v8::Function>::return_t Nan::imp::Factory<v8::Function>::New(Nan::FunctionCallback, v8::Local<v8::Value>)':\n../node_modules/nan/nan_implementation_12_inl.h:109:32: error: no matching function for call to 'v8::Function::New(v8::Isolate*&, void (&)(const v8::FunctionCallbackInfo<v8::Value>&), v8::Local<v8::Object>&)'\n                           , obj));\n                                ^\nIn file included from ../src/validation.cc:7:0:\n/root/.cache/node-gyp/12.22.12/include/node/v8.h:4275:31: note: candidate: static v8::MaybeLocal<v8::Function> v8::Function::New(v8::Local<v8::Context>, v8::FunctionCallback, v8::Local<v8::Value>, int, v8::ConstructorBehavior, v8::SideEffectType)\n   static MaybeLocal<Function> New(\n                               ^~~\n/root/.cache/node-gyp/12.22.12/include/node/v8.h:4275:31: note:   no known conversion for argument 1 from 'v8::Isolate*' to 'v8::Local<v8::Context>'\n\u001b[0m\u001b[91mIn file included from ../node_modules/nan/nan_new.h:189:0,\n                 from ../node_modules/nan/nan.h:196,\n                 from ../src/validation.cc:15:\n../node_modules/nan/nan_implementation_12_inl.h: In static member function 'static Nan::imp::FactoryBase<v8::StringObject>::return_t Nan::imp::Factory<v8::StringObject>::New(v8::Local<v8::String>)':\n../node_modules/nan/nan_implementation_12_inl.h:345:37: error: no matching function for call to 'v8::StringObject::New(v8::Local<v8::String>&)'\n   return v8::StringObject::New(value).As<v8::StringObject>();\n                                     ^\nIn file included from ../src/validation.cc:7:0:\n/root/.cache/node-gyp/12.22.12/include/node/v8.h:5531:23: note: candidate: static v8::Local<v8::Value> v8::StringObject::New(v8::Isolate*, v8::Local<v8::String>)\n   static Local<Value> New(Isolate* isolate, Local<String> value);\n                       ^~~\n/root/.cache/node-gyp/12.22.12/include/node/v8.h:5531:23: note:   candidate expects 2 arguments, 1 provided\nIn file included from ../node_modules/nan/nan_new.h:189:0,\n                 from ../node_modules/nan/nan.h:196,\n                 from ../src/validation.cc:15:\n../node_modules/nan/nan_implementation_12_inl.h:345:58: error: expected primary-expression before '>' token\n   return v8::StringObject::New(value).As<v8::StringObject>();\n                                                          ^\n../node_modules/nan/nan_implementation_12_inl.h:345:60: error: expected primary-expression before ')' token\n   return v8::StringObject::New(value).As<v8::StringObject>();\n                                                            ^\n\u001b[0m\u001b[91mIn file included from ../src/validation.cc:15:0:\n../node_modules/nan/nan.h: In function 'v8::Local<v8::Value> Nan::MakeCallback(v8::Local<v8::Object>, v8::Local<v8::Function>, int, v8::Local<v8::Value>*)':\n../node_modules/nan/nan.h:817:60: warning: 'v8::Local<v8::Value> node::MakeCallback(v8::Isolate*, v8::Local<v8::Object>, v8::Local<v8::Function>, int, v8::Local<v8::Value>*)' is deprecated: Use MakeCallback(..., async_context) [-Wdeprecated-declarations]\n         v8::Isolate::GetCurrent(), target, func, argc, argv);\n                                                            ^\nIn file included from ../src/validation.cc:8:0:\n/root/.cache/node-gyp/12.22.12/include/node/node.h:183:50: note: declared here\n                 NODE_EXTERN v8::Local<v8::Value> MakeCallback(\n                                                  ^\n/root/.cache/node-gyp/12.22.12/include/node/node.h:102:42: note: in definition of macro 'NODE_DEPRECATED'\n     __attribute__((deprecated(message))) declarator\n                                          ^~~~~~~~~~\n\u001b[0m\u001b[91mIn file included from ../src/validation.cc:15:0:\n../node_modules/nan/nan.h: In function 'v8::Local<v8::Value> Nan::MakeCallback(v8::Local<v8::Object>, v8::Local<v8::String>, int, v8::Local<v8::Value>*)':\n../node_modules/nan/nan.h:831:62: warning: 'v8::Local<v8::Value> node::MakeCallback(v8::Isolate*, v8::Local<v8::Object>, v8::Local<v8::String>, int, v8::Local<v8::Value>*)' is deprecated: Use MakeCallback(..., async_context) [-Wdeprecated-declarations]\n         v8::Isolate::GetCurrent(), target, symbol, argc, argv);\n                                                              ^\nIn file included from ../src/validation.cc:8:0:\n/root/.cache/node-gyp/12.22.12/include/node/node.h:176:50: note: declared here\n                 NODE_EXTERN v8::Local<v8::Value> MakeCallback(\n                                                  ^\n/root/.cache/node-gyp/12.22.12/include/node/node.h:102:42: note: in definition of macro 'NODE_DEPRECATED'\n     __attribute__((deprecated(message))) declarator\n                                          ^~~~~~~~~~\n\u001b[0m\u001b[91mIn file included from ../src/validation.cc:15:0:\n../node_modules/nan/nan.h: In function 'v8::Local<v8::Value> Nan::MakeCallback(v8::Local<v8::Object>, const char*, int, v8::Local<v8::Value>*)':\n../node_modules/nan/nan.h:845:62: warning: 'v8::Local<v8::Value> node::MakeCallback(v8::Isolate*, v8::Local<v8::Object>, const char*, int, v8::Local<v8::Value>*)' is deprecated: Use MakeCallback(..., async_context) [-Wdeprecated-declarations]\n         v8::Isolate::GetCurrent(), target, method, argc, argv);\n                                                              ^\nIn file included from ../src/validation.cc:8:0:\n/root/.cache/node-gyp/12.22.12/include/node/node.h:169:50: note: declared here\n                 NODE_EXTERN v8::Local<v8::Value> MakeCallback(\n                                                  ^\n/root/.cache/node-gyp/12.22.12/include/node/node.h:102:42: note: in definition of macro 'NODE_DEPRECATED'\n     __attribute__((deprecated(message))) declarator\n                                          ^~~~~~~~~~\n\u001b[0m\u001b[91mIn file included from ../src/validation.cc:15:0:\n../node_modules/nan/nan.h: In constructor 'Nan::Utf8String::Utf8String(v8::Local<v8::Value>)':\n../node_modules/nan/nan.h:890:53: error: no matching function for call to 'v8::Value::ToString()'\n       v8::Local<v8::String> string = from->ToString();\n                                                     ^\nIn file included from ../src/validation.cc:7:0:\n/root/.cache/node-gyp/12.22.12/include/node/v8.h:2668:44: note: candidate: v8::MaybeLocal<v8::String> v8::Value::ToString(v8::Local<v8::Context>) const\n   V8_WARN_UNUSED_RESULT MaybeLocal<String> ToString(\n                                            ^~~~~~~~\n/root/.cache/node-gyp/12.22.12/include/node/v8.h:2668:44: note:   candidate expects 1 argument, 0 provided\nIn file included from /root/.cache/node-gyp/12.22.12/include/node/v8-internal.h:14:0,\n                 from /root/.cache/node-gyp/12.22.12/include/node/v8.h:27,\n                 from ../src/validation.cc:7:\n/root/.cache/node-gyp/12.22.12/include/node/v8.h:2684:31: note: candidate: v8::Local<v8::String> v8::Value::ToString(v8::Isolate*) const\n                 Local<String> ToString(Isolate* isolate) const);\n                               ^\n/root/.cache/node-gyp/12.22.12/include/node/v8config.h:328:3: note: in definition of macro 'V8_DEPRECATED'\n   declarator __attribute__((deprecated(message)))\n   ^~~~~~~~~~\n/root/.cache/node-gyp/12.22.12/include/node/v8.h:2684:31: note:   candidate expects 1 argument, 0 provided\n                 Local<String> ToString(Isolate* isolate) const);\n                               ^\n/root/.cache/node-gyp/12.22.12/include/node/v8config.h:328:3: note: in definition of macro 'V8_DEPRECATED'\n   declarator __attribute__((deprecated(message)))\n   ^~~~~~~~~~\n\u001b[0m\u001b[91mIn file included from ../src/validation.cc:15:0:\n../node_modules/nan/nan.h:900:74: error: no matching function for call to 'v8::String::WriteUtf8(char*&, int, int, const int&)'\n         length_ = string->WriteUtf8(str_, static_cast<int>(len), 0, flags);\n                                                                          ^\nIn file included from ../src/validation.cc:7:0:\n/root/.cache/node-gyp/12.22.12/include/node/v8.h:2878:7: note: candidate: int v8::String::WriteUtf8(v8::Isolate*, char*, int, int*, int) const\n   int WriteUtf8(Isolate* isolate, char* buffer, int length = -1,\n       ^~~~~~~~~\n/root/.cache/node-gyp/12.22.12/include/node/v8.h:2878:7: note:   no known conversion for argument 1 from 'char*' to 'v8::Isolate*'\n\u001b[0m\u001b[91mIn file included from ../src/validation.cc:15:0:\n../node_modules/nan/nan.h: In member function 'v8::Local<v8::Value> Nan::Callback::Call_(v8::Isolate*, v8::Local<v8::Object>, int, v8::Local<v8::Value>*) const':\n../node_modules/nan/nan.h:1453:5: warning: 'v8::Local<v8::Value> node::MakeCallback(v8::Isolate*, v8::Local<v8::Object>, v8::Local<v8::Function>, int, v8::Local<v8::Value>*)' is deprecated: Use MakeCallback(..., async_context) [-Wdeprecated-declarations]\n     ));\n     ^\nIn file included from ../src/validation.cc:8:0:\n/root/.cache/node-gyp/12.22.12/include/node/node.h:183:50: note: declared here\n                 NODE_EXTERN v8::Local<v8::Value> MakeCallback(\n                                                  ^\n/root/.cache/node-gyp/12.22.12/include/node/node.h:102:42: note: in definition of macro 'NODE_DEPRECATED'\n     __attribute__((deprecated(message))) declarator\n                                          ^~~~~~~~~~\n\u001b[0m\u001b[91mIn file included from ../src/validation.cc:15:0:\n../node_modules/nan/nan.h: In member function 'void Nan::AsyncWorker::SaveToPersistent(const char*, const v8::Local<v8::Value>&)':\n../node_modules/nan/nan.h:1507:64: warning: 'bool v8::Object::Set(v8::Local<v8::Value>, v8::Local<v8::Value>)' is deprecated: Use maybe version [-Wdeprecated-declarations]\n     New(persistentHandle)->Set(New(key).ToLocalChecked(), value);\n                                                                ^\nIn file included from /root/.cache/node-gyp/12.22.12/include/node/v8-internal.h:14:0,\n                 from /root/.cache/node-gyp/12.22.12/include/node/v8.h:27,\n                 from ../src/validation.cc:7:\n/root/.cache/node-gyp/12.22.12/include/node/v8.h:3499:22: note: declared here\n                 bool Set(Local<Value> key, Local<Value> value));\n                      ^\n/root/.cache/node-gyp/12.22.12/include/node/v8config.h:328:3: note: in definition of macro 'V8_DEPRECATED'\n   declarator __attribute__((deprecated(message)))\n   ^~~~~~~~~~\n\u001b[0m\u001b[91mIn file included from ../src/validation.cc:15:0:\n../node_modules/nan/nan.h: In member function 'void Nan::AsyncWorker::SaveToPersistent(const v8::Local<v8::String>&, const v8::Local<v8::Value>&)':\n../node_modules/nan/nan.h:1513:42: warning: 'bool v8::Object::Set(v8::Local<v8::Value>, v8::Local<v8::Value>)' is deprecated: Use maybe version [-Wdeprecated-declarations]\n     New(persistentHandle)->Set(key, value);\n                                          ^\nIn file included from /root/.cache/node-gyp/12.22.12/include/node/v8-internal.h:14:0,\n                 from /root/.cache/node-gyp/12.22.12/include/node/v8.h:27,\n                 from ../src/validation.cc:7:\n/root/.cache/node-gyp/12.22.12/include/node/v8.h:3499:22: note: declared here\n                 bool Set(Local<Value> key, Local<Value> value));\n                      ^\n/root/.cache/node-gyp/12.22.12/include/node/v8config.h:328:3: note: in definition of macro 'V8_DEPRECATED'\n   declarator __attribute__((deprecated(message)))\n   ^~~~~~~~~~\n\u001b[0m\u001b[91mIn file included from ../src/validation.cc:15:0:\n../node_modules/nan/nan.h: In member function 'void Nan::AsyncWorker::SaveToPersistent(uint32_t, const v8::Local<v8::Value>&)':\n../node_modules/nan/nan.h:1519:44: warning: 'bool v8::Object::Set(uint32_t, v8::Local<v8::Value>)' is deprecated: Use maybe version [-Wdeprecated-declarations]\n     New(persistentHandle)->Set(index, value);\n                                            ^\nIn file included from /root/.cache/node-gyp/12.22.12/include/node/v8-internal.h:14:0,\n                 from /root/.cache/node-gyp/12.22.12/include/node/v8.h:27,\n                 from ../src/validation.cc:7:\n/root/.cache/node-gyp/12.22.12/include/node/v8.h:3508:22: note: declared here\n                 bool Set(uint32_t index, Local<Value> value));\n                      ^\n/root/.cache/node-gyp/12.22.12/include/node/v8config.h:328:3: note: in definition of macro 'V8_DEPRECATED'\n   declarator __attribute__((deprecated(message)))\n   ^~~~~~~~~~\n\u001b[0m\u001b[91mIn file included from ../src/validation.cc:15:0:\n../node_modules/nan/nan.h: In member function 'v8::Local<v8::Value> Nan::AsyncWorker::GetFromPersistent(const char*) const':\n../node_modules/nan/nan.h:1525:61: warning: 'v8::Local<v8::Value> v8::Object::Get(v8::Local<v8::Value>)' is deprecated: Use maybe version [-Wdeprecated-declarations]\n         New(persistentHandle)->Get(New(key).ToLocalChecked()));\n                                                             ^\nIn file included from /root/.cache/node-gyp/12.22.12/include/node/v8-internal.h:14:0,\n                 from /root/.cache/node-gyp/12.22.12/include/node/v8.h:27,\n                 from ../src/validation.cc:7:\n/root/.cache/node-gyp/12.22.12/include/node/v8.h:3553:51: note: declared here\n   V8_DEPRECATED(\"Use maybe version\", Local<Value> Get(Local<Value> key));\n                                                   ^\n/root/.cache/node-gyp/12.22.12/include/node/v8config.h:328:3: note: in definition of macro 'V8_DEPRECATED'\n   declarator __attribute__((deprecated(message)))\n   ^~~~~~~~~~\n\u001b[0m\u001b[91mIn file included from ../src/validation.cc:15:0:\n../node_modules/nan/nan.h: In member function 'v8::Local<v8::Value> Nan::AsyncWorker::GetFromPersistent(const v8::Local<v8::String>&) const':\n../node_modules/nan/nan.h:1531:55: warning: 'v8::Local<v8::Value> v8::Object::Get(v8::Local<v8::Value>)' is deprecated: Use maybe version [-Wdeprecated-declarations]\n     return scope.Escape(New(persistentHandle)->Get(key));\n                                                       ^\nIn file included from /root/.cache/node-gyp/12.22.12/include/node/v8-internal.h:14:0,\n                 from /root/.cache/node-gyp/12.22.12/include/node/v8.h:27,\n                 from ../src/validation.cc:7:\n/root/.cache/node-gyp/12.22.12/include/node/v8.h:3553:51: note: declared here\n   V8_DEPRECATED(\"Use maybe version\", Local<Value> Get(Local<Value> key));\n                                                   ^\n/root/.cache/node-gyp/12.22.12/include/node/v8config.h:328:3: note: in definition of macro 'V8_DEPRECATED'\n   declarator __attribute__((deprecated(message)))\n   ^~~~~~~~~~\n\u001b[0m\u001b[91mIn file included from ../src/validation.cc:15:0:\n../node_modules/nan/nan.h: In member function 'v8::Local<v8::Value> Nan::AsyncWorker::GetFromPersistent(uint32_t) const':\n../node_modules/nan/nan.h:1536:57: warning: 'v8::Local<v8::Value> v8::Object::Get(uint32_t)' is deprecated: Use maybe version [-Wdeprecated-declarations]\n     return scope.Escape(New(persistentHandle)->Get(index));\n                                                         ^\nIn file included from /root/.cache/node-gyp/12.22.12/include/node/v8-internal.h:14:0,\n                 from /root/.cache/node-gyp/12.22.12/include/node/v8.h:27,\n                 from ../src/validation.cc:7:\n/root/.cache/node-gyp/12.22.12/include/node/v8.h:3557:51: note: declared here\n   V8_DEPRECATED(\"Use maybe version\", Local<Value> Get(uint32_t index));\n                                                   ^\n/root/.cache/node-gyp/12.22.12/include/node/v8config.h:328:3: note: in definition of macro 'V8_DEPRECATED'\n   declarator __attribute__((deprecated(message)))\n   ^~~~~~~~~~\n\u001b[0m\u001b[91mIn file included from /usr/include/c++/6/cassert:44:0,\n                 from /root/.cache/node-gyp/12.22.12/include/node/node_object_wrap.h:26,\n                 from ../src/validation.cc:11:\n../node_modules/nan/nan_object_wrap.h: In destructor 'virtual Nan::ObjectWrap::~ObjectWrap()':\n../node_modules/nan/nan_object_wrap.h:24:25: error: 'class Nan::Persistent<v8::Object>' has no member named 'IsNearDeath'\n     assert(persistent().IsNearDeath());\n                         ^\n\u001b[0m\u001b[91mIn file included from ../node_modules/nan/nan.h:2190:0,\n                 from ../src/validation.cc:15:\n../node_modules/nan/nan_object_wrap.h: In member function 'void Nan::ObjectWrap::MakeWeak()':\n../node_modules/nan/nan_object_wrap.h:67:34: warning: 'void v8::PersistentBase<T>::MarkIndependent() [with T = v8::Object]' is deprecated: Weak objects are always considered independent. Use TracedGlobal when trying to use EmbedderHeapTracer. Use a strong handle when trying to keep an object alive. [-Wdeprecated-declarations]\n     persistent().MarkIndependent();\n                                  ^\nIn file included from /root/.cache/node-gyp/12.22.12/include/node/v8-internal.h:14:0,\n                 from /root/.cache/node-gyp/12.22.12/include/node/v8.h:27,\n                 from ../src/validation.cc:7:\n/root/.cache/node-gyp/12.22.12/include/node/v8.h:570:22: note: declared here\n       V8_INLINE void MarkIndependent());\n                      ^\n/root/.cache/node-gyp/12.22.12/include/node/v8config.h:328:3: note: in definition of macro 'V8_DEPRECATED'\n   declarator __attribute__((deprecated(message)))\n   ^~~~~~~~~~\n\u001b[0m\u001b[91mIn file included from /usr/include/c++/6/cassert:44:0,\n                 from /root/.cache/node-gyp/12.22.12/include/node/node_object_wrap.h:26,\n                 from ../src/validation.cc:11:\n../node_modules/nan/nan_object_wrap.h: In static member function 'static void Nan::ObjectWrap::WeakCallback(const v8::WeakCallbackInfo<Nan::ObjectWrap>&)':\n../node_modules/nan/nan_object_wrap.h:124:26: error: 'class Nan::Persistent<v8::Object>' has no member named 'IsNearDeath'\n     assert(wrap->handle_.IsNearDeath());\n                          ^\n\u001b[0m\u001b[91m../src/validation.cc: At global scope:\n../src/validation.cc:106:30: error: 'v8::Handle' has not been declared\n   static void Initialize(v8::Handle<v8::Object> target)\n                              ^~~~~~\n../src/validation.cc:106:36: error: expected ',' or '...' before '<' token\n   static void Initialize(v8::Handle<v8::Object> target)\n                                    ^\n\u001b[0m\u001b[91m../src/validation.cc: In static member function 'static void Validation::Initialize(int)':\n../src/validation.cc:112:14: error: 'target' was not declared in this scope\n     Nan::Set(target, Nan::New<String>(\"Validation\").ToLocalChecked(), t->GetFunction());\n              ^~~~~~\n\u001b[0m\u001b[91m../src/validation.cc:112:86: error: no matching function for call to 'v8::FunctionTemplate::GetFunction()'\n     Nan::Set(target, Nan::New<String>(\"Validation\").ToLocalChecked(), t->GetFunction());\n                                                                                      ^\n\u001b[0m\u001b[91mIn file included from ../src/validation.cc:7:0:\n/root/.cache/node-gyp/12.22.12/include/node/v8.h:6126:46: note: candidate: v8::MaybeLocal<v8::Function> v8::FunctionTemplate::GetFunction(v8::Local<v8::Context>)\n   V8_WARN_UNUSED_RESULT MaybeLocal<Function> GetFunction(\n                                              ^~~~~~~~~~~\n/root/.cache/node-gyp/12.22.12/include/node/v8.h:6126:46: note:   candidate expects 1 argument, 0 provided\n\u001b[0m\u001b[91m../src/validation.cc: In static member function 'static Nan::NAN_METHOD_RETURN_TYPE Validation::IsValidUTF8(Nan::NAN_METHOD_ARGS_TYPE)':\n../src/validation.cc:131:50: error: no matching function for call to 'v8::Value::ToObject()'\n     Local<Object> buffer_obj = info[0]->ToObject();\n                                                  ^\nIn file included from ../src/validation.cc:7:0:\n/root/.cache/node-gyp/12.22.12/include/node/v8.h:2672:44: note: candidate: v8::MaybeLocal<v8::Object> v8::Value::ToObject(v8::Local<v8::Context>) const\n   V8_WARN_UNUSED_RESULT MaybeLocal<Object> ToObject(\n                                            ^~~~~~~~\n/root/.cache/node-gyp/12.22.12/include/node/v8.h:2672:44: note:   candidate expects 1 argument, 0 provided\nIn file included from /root/.cache/node-gyp/12.22.12/include/node/v8-internal.h:14:0,\n                 from /root/.cache/node-gyp/12.22.12/include/node/v8.h:27,\n                 from ../src/validation.cc:7:\n/root/.cache/node-gyp/12.22.12/include/node/v8.h:2686:31: note: candidate: v8::Local<v8::Object> v8::Value::ToObject(v8::Isolate*) const\n                 Local<Object> ToObject(Isolate* isolate) const);\n                               ^\n/root/.cache/node-gyp/12.22.12/include/node/v8config.h:328:3: note: in definition of macro 'V8_DEPRECATED'\n   declarator __attribute__((deprecated(message)))\n   ^~~~~~~~~~\n/root/.cache/node-gyp/12.22.12/include/node/v8.h:2686:31: note:   candidate expects 1 argument, 0 provided\n                 Local<Object> ToObject(Isolate* isolate) const);\n                               ^\n/root/.cache/node-gyp/12.22.12/include/node/v8config.h:328:3: note: in definition of macro 'V8_DEPRECATED'\n   declarator __attribute__((deprecated(message)))\n   ^~~~~~~~~~\n\u001b[0m\u001b[91m../src/validation.cc: At global scope:\n../src/validation.cc:140:12: error: variable or field 'init' declared void\n void init (Handle<Object> target)\n            ^~~~~~\n../src/validation.cc:140:12: error: 'Handle' was not declared in this scope\n../src/validation.cc:140:25: error: expected primary-expression before '>' token\n void init (Handle<Object> target)\n                         ^\n../src/validation.cc:140:27: error: 'target' was not declared in this scope\n void init (Handle<Object> target)\n                           ^~~~~~\n\u001b[0m\u001b[91mIn file included from ../src/validation.cc:8:0:\n../src/validation.cc:146:25: error: 'init' was not declared in this scope\n NODE_MODULE(validation, init)\n                         ^\n/root/.cache/node-gyp/12.22.12/include/node/node.h:736:36: note: in definition of macro 'NODE_MODULE_X'\n       (node::addon_register_func) (regfunc),                          \\\n                                    ^~~~~~~\n../src/validation.cc:146:1: note: in expansion of macro 'NODE_MODULE'\n NODE_MODULE(validation, init)\n ^~~~~~~~~~~\n\u001b[0mvalidation.target.mk:112: recipe for target 'Release/obj.target/validation/src/validation.o' failed\nmake: Leaving directory '/react-app/node_modules/utf-8-validate/build'\n\u001b[91mmake: *** [Release/obj.target/validation/src/validation.o] Error 1\n\u001b[0m\u001b[91mgyp\u001b[0m\u001b[91m ERR! build error\u001b[0m\u001b[91m \n\u001b[0m\u001b[91mgyp ERR!\u001b[0m\u001b[91m stack\u001b[0m\u001b[91m Error: `make` failed with exit code: 2\ngyp ERR! \u001b[0m\u001b[91mstack     at ChildProcess.onExit (/usr/local/lib/node_modules/npm/node_modules/node-gyp/lib/build.js:194:23)\n\u001b[0m\u001b[91mgyp\u001b[0m\u001b[91m ERR!\u001b[0m\u001b[91m stack\u001b[0m\u001b[91m     at ChildProcess.emit (events.js:314:20)\n\u001b[0m\u001b[91mgyp ERR!\u001b[0m\u001b[91m stack\u001b[0m\u001b[91m     at Process.ChildProcess._handle.onexit (internal/child_process.js:276:12)\n\u001b[0m\u001b[91mgyp ERR! System Linux 5.4.0-113-generic\n\u001b[0m\u001b[91mgyp ERR! command \"/usr/local/bin/node\" \"/usr/local/lib/node_modules/npm/node_modules/node-gyp/bin/node-gyp.js\" \"rebuild\"\n\u001b[0m\u001b[91mgyp ERR! cwd /react-app/node_modules/utf-8-validate\n\u001b[0m\u001b[91mgyp ERR!\u001b[0m\u001b[91m node -v v12.22.12\n\u001b[0m\u001b[91mgyp ERR!\u001b[0m\u001b[91m node-gyp -v\u001b[0m\u001b[91m v5.1.0\n\u001b[0m\u001b[91mgyp ERR! not ok\u001b[0m\u001b[91m \n\u001b[0m\n> bufferutil@4.0.3 install /react-app/node_modules/jsdom/node_modules/bufferutil\n> node-gyp-build\n\n\u001b[91msh: 1: node-gyp-build: not found\n\u001b[0m\n> utf-8-validate@5.0.4 install /react-app/node_modules/jsdom/node_modules/utf-8-validate\n> node-gyp-build\n\n\u001b[91msh: 1: node-gyp-build: not found\n\u001b[0m\n> core-js@2.6.11 postinstall /react-app/node_modules/babel-runtime/node_modules/core-js\n> node -e \"try{require('./postinstall')}catch(e){}\"\n\n\u001b[96mThank you for using core-js (\u001b[94m https://github.com/zloirock/core-js \u001b[96m) for polyfilling JavaScript standard library!\u001b[0m\n\n\u001b[96mThe project needs your help! Please consider supporting of core-js on Open Collective or Patreon: \u001b[0m\n\u001b[96m>\u001b[94m https://opencollective.com/core-js \u001b[0m\n\u001b[96m>\u001b[94m https://www.patreon.com/zloirock \u001b[0m\n\n\u001b[96mAlso, the author of core-js (\u001b[94m https://github.com/zloirock \u001b[96m) is looking for a good job -)\u001b[0m\n\n\n> core-js@3.6.5 postinstall /react-app/node_modules/core-js\n> node -e \"try{require('./postinstall')}catch(e){}\"\n\n\u001b[96mThank you for using core-js (\u001b[94m https://github.com/zloirock/core-js \u001b[96m) for polyfilling JavaScript standard library!\u001b[0m\n\n\u001b[96mThe project needs your help! Please consider supporting of core-js on Open Collective or Patreon: \u001b[0m\n\u001b[96m>\u001b[94m https://opencollective.com/core-js \u001b[0m\n\u001b[96m>\u001b[94m https://www.patreon.com/zloirock \u001b[0m\n\n\u001b[96mAlso, the author of core-js (\u001b[94m https://github.com/zloirock \u001b[96m) is looking for a good job -)\u001b[0m\n\n\n> core-js-pure@3.6.5 postinstall /react-app/node_modules/core-js-pure\n> node -e \"try{require('./postinstall')}catch(e){}\"\n\n\u001b[96mThank you for using core-js (\u001b[94m https://github.com/zloirock/core-js \u001b[96m) for polyfilling JavaScript standard library!\u001b[0m\n\n\u001b[96mThe project needs your help! Please consider supporting of core-js on Open Collective or Patreon: \u001b[0m\n\u001b[96m>\u001b[94m https://opencollective.com/core-js \u001b[0m\n\u001b[96m>\u001b[94m https://www.patreon.com/zloirock \u001b[0m\n\n\u001b[96mAlso, the author of core-js (\u001b[94m https://github.com/zloirock \u001b[96m) is looking for a good job -)\u001b[0m\n\n\n> ejs@2.7.4 postinstall /react-app/node_modules/ejs\n> node ./postinstall.js\n\nThank you for installing \u001b[35mEJS\u001b[0m: built with the \u001b[32mJake\u001b[0m JavaScript build tool (\u001b[32mhttps://jakejs.com/\u001b[0m)\n\n\n> core-js@2.6.12 postinstall /react-app/node_modules/react-spring/node_modules/core-js\n> node -e \"try{require('./postinstall')}catch(e){}\"\n\n\u001b[96mThank you for using core-js (\u001b[94m https://github.com/zloirock/core-js \u001b[96m) for polyfilling JavaScript standard library!\u001b[0m\n\n\u001b[96mThe project needs your help! Please consider supporting of core-js on Open Collective or Patreon: \u001b[0m\n\u001b[96m>\u001b[94m https://opencollective.com/core-js \u001b[0m\n\u001b[96m>\u001b[94m https://www.patreon.com/zloirock \u001b[0m\n\n\u001b[96mAlso, the author of core-js (\u001b[94m https://github.com/zloirock \u001b[96m) is looking for a good job -)\u001b[0m\n\n\n> spawn-sync@1.0.15 postinstall /react-app/node_modules/spawn-sync\n> node postinstall\n\n\n> @react-spring/core@9.0.0-rc.3 postinstall /react-app/node_modules/@react-spring/core\n> node -e \"console.log('\\u001b[35m\\u001b[1mEnjoy react-spring? You can now donate to our open collective:\\u001b[22m\\u001b[39m\\n > \\u001b[34mhttps://opencollective.com/react-spring/donate\\u001b[0m')\"\n\n\u001b[35m\u001b[1mEnjoy react-spring? You can now donate to our open collective:\u001b[22m\u001b[39m\n > \u001b[34mhttps://opencollective.com/react-spring/donate\u001b[0m\n\u001b[91mnpm WARN optional SKIPPING OPTIONAL DEPENDENCY: fsevents@2.3.2 (node_modules/watchpack/node_modules/fsevents):\nnpm WARN notsup SKIPPING OPTIONAL DEPENDENCY: Unsupported platform for fsevents@2.3.2: wanted {\"os\":\"darwin\",\"arch\":\"any\"} (current: {\"os\":\"linux\",\"arch\":\"x64\"})\n\u001b[0m\u001b[91mnpm WARN optional SKIPPING OPTIONAL DEPENDENCY: fsevents@1.2.4 (node_modules/react-scripts/node_modules/fsevents):\nnpm WARN notsup SKIPPING OPTIONAL DEPENDENCY: Unsupported platform for fsevents@1.2.4: wanted {\"os\":\"darwin\",\"arch\":\"any\"} (current: {\"os\":\"linux\",\"arch\":\"x64\"})\n\u001b[0m\u001b[91mnpm WARN optional SKIPPING OPTIONAL DEPENDENCY: fsevents@1.2.13 (node_modules/fsevents):\nnpm WARN notsup SKIPPING OPTIONAL DEPENDENCY: Unsupported platform for fsevents@1.2.13: wanted {\"os\":\"darwin\",\"arch\":\"any\"} (current: {\"os\":\"linux\",\"arch\":\"x64\"})\n\u001b[0m\u001b[91mnpm WARN optional SKIPPING OPTIONAL DEPENDENCY: bufferutil@1.2.1 (node_modules/bufferutil):\nnpm WARN optional SKIPPING OPTIONAL DEPENDENCY: bufferutil@1.2.1 install: `node-gyp rebuild`\nnpm WARN optional SKIPPING OPTIONAL DEPENDENCY: Exit status 1\n\u001b[0m\u001b[91mnpm WARN optional SKIPPING OPTIONAL DEPENDENCY: utf-8-validate@1.2.2 (node_modules/utf-8-validate):\nnpm WARN optional SKIPPING OPTIONAL DEPENDENCY: utf-8-validate@1.2.2 install: `node-gyp rebuild`\nnpm WARN optional SKIPPING OPTIONAL DEPENDENCY: Exit status 1\n\u001b[0m\u001b[91mnpm WARN optional SKIPPING OPTIONAL DEPENDENCY: bufferutil@4.0.3 (node_modules/jsdom/node_modules/bufferutil):\nnpm WARN optional SKIPPING OPTIONAL DEPENDENCY: bufferutil@4.0.3 install: `node-gyp-build`\nnpm WARN optional SKIPPING OPTIONAL DEPENDENCY: spawn ENOENT\n\u001b[0m\u001b[91mnpm WARN optional SKIPPING OPTIONAL DEPENDENCY: utf-8-validate@5.0.4 (node_modules/jsdom/node_modules/utf-8-validate):\nnpm WARN optional SKIPPING OPTIONAL DEPENDENCY: utf-8-validate@5.0.4 install: `node-gyp-build`\nnpm WARN optional SKIPPING OPTIONAL DEPENDENCY: spawn ENOENT\n\u001b[0m\u001b[91m\n\u001b[0madded 2616 packages from 1272 contributors and audited 2632 packages in 55.02s\n\n80 packages are looking for funding\n  run `npm fund` for details\n\nfound 521 vulnerabilities (62 low, 145 moderate, 259 high, 55 critical)\n  run `npm audit fix` to fix them, or `npm audit` for details\nRemoving intermediate container 03deb7326a64\n ---> 26ef075008b1\nStep 6/17 : RUN npm run build\n ---> Running in 73af58c15fd0\n\n> react-app@0.1.0 build /react-app\n> react-scripts build\n\nCreating an optimized production build...\n\u001b[91mBrowserslist: caniuse-lite is outdated. Please run:\nnpx browserslist@latest --update-db\n\nWhy you should do it regularly:\nhttps://github.com/browserslist/browserslist#browsers-data-updating\n\u001b[0mCompiled with warnings.\n\n./src/components/GoogleMaps/index.js\n  Line 13:   'defaultLocations' is assigned a value but never used  no-unused-vars\n  Line 35:  'map' is assigned a value but never used               no-unused-vars\n\n./src/store/messages.js\n  Line 147:  'post' is defined but never used  no-unused-vars\n\n./src/components/MessagePage/index.js\n  Line 14:  'userArrayFromConvoKey' is defined but never used       no-unused-vars\n  Line 34:  'setAllReceiverIds' is assigned a value but never used  no-unused-vars\n  Line 42:  'messageSession' is assigned a value but never used     no-unused-vars\n  Line 54:  '_' is assigned a value but never used                  no-unused-vars\n\n./src/components/ProfilePage/index.js\n  Line 153:  img elements must have an alt prop, either with meaningful text, or an empty string for decorative images  jsx-a11y/alt-text\n\n./src/components/Post/index.js\n  Line 15:    'createMentionPlugin' is defined but never used       no-unused-vars\n  Line 189:   'history' is assigned a value but never used          no-unused-vars\n  Line 192:   'comments' is assigned a value but never used         no-unused-vars\n  Line 198:   'plugins' is assigned a value but never used          no-unused-vars\n  Line 204:  'editorState' is assigned a value but never used      no-unused-vars\n  Line 204:  'setEditorState' is assigned a value but never used   no-unused-vars\n  Line 208:   'timestamp' is assigned a value but never used        no-unused-vars\n  Line 219:   'likeHandler' is assigned a value but never used      no-unused-vars\n  Line 231:   'saveHandler' is assigned a value but never used      no-unused-vars\n  Line 241:   'deleteHandler' is assigned a value but never used    no-unused-vars\n  Line 272:   'dispatch' is assigned a value but never used         no-unused-vars\n  Line 274:  'setErrors' is assigned a value but never used        no-unused-vars\n  Line 275:  'setMessages' is assigned a value but never used      no-unused-vars\n  Line 325:   'closeModal' is assigned a value but never used       no-unused-vars\n  Line 335:   'escapeHideModal' is assigned a value but never used  no-unused-vars\n\n./src/store/posts.js\n  Line 167:  'res' is assigned a value but never used  no-unused-vars\n  Line 171:  'res' is assigned a value but never used  no-unused-vars\n\n./src/components/auth/LoginForm.js\n  Line 17:  'history' is assigned a value but never used  no-unused-vars\n\n./src/components/ProfilePage/UserRow.js\n  Line 1:   'useEffect' is defined but never used                    no-unused-vars\n  Line 2:   'Link' is defined but never used                         no-unused-vars\n  Line 46:  'showMiniProfile' is assigned a value but never used     no-unused-vars\n  Line 46:  'setShowMiniProfile' is assigned a value but never used  no-unused-vars\n\n./src/components/ProfilePage/Equipment.js\n  Line 1:  'useEffect' is defined but never used        no-unused-vars\n  Line 1:  'useState' is defined but never used         no-unused-vars\n  Line 2:  'Link' is defined but never used             no-unused-vars\n  Line 2:  'useHistory' is defined but never used       no-unused-vars\n  Line 3:   'fetchAFollowing' is defined but never used  no-unused-vars\n  Line 4:  'useDispatch' is defined but never used      no-unused-vars\n  Line 4:  'useSelector' is defined but never used      no-unused-vars\n\n./src/components/auth/LogoutButton.js\n  Line 1:  'useState' is defined but never used  no-unused-vars\n  Line 4:  'GrLogout' is defined but never used  no-unused-vars\n\n./src/components/ProfilePost/index.js\n  Line 1:   'useEffect' is defined but never used                no-unused-vars\n  Line 2:   'nanoid' is defined but never used                   no-unused-vars\n  Line 4:    'PicModal' is defined but never used                 no-unused-vars\n  Line 5:    'PicModalCaption' is defined but never used          no-unused-vars\n  Line 6:    'CommentInput' is defined but never used             no-unused-vars\n  Line 7:   'FaRegHeart' is defined but never used               no-unused-vars\n  Line 7:   'FaRegCommentDots' is defined but never used         no-unused-vars\n  Line 8:    'Comment' is defined but never used                  no-unused-vars\n  Line 9:   'Link' is defined but never used                     no-unused-vars\n  Line 12:   'BsHeart' is defined but never used                  no-unused-vars\n  Line 13:   'BsChat' is defined but never used                   no-unused-vars\n  Line 14:   'BsBookmark' is defined but never used               no-unused-vars\n  Line 15:   'BsHeartFill' is defined but never used              no-unused-vars\n  Line 16:   'BsBookmarkFill' is defined but never used           no-unused-vars\n  Line 24:  'FiEye' is defined but never used                    no-unused-vars\n  Line 30:  'setLikes' is assigned a value but never used        no-unused-vars\n  Line 31:  'setNumComments' is assigned a value but never used  no-unused-vars\n\n./src/components/AAAMainComponents/Bands/index.js\n  Line 1:    'useMemo' is defined but never used                                                                                                                                                              no-unused-vars\n  Line 6:    'fetchAllUsers' is defined but never used                                                                                                                                                        no-unused-vars\n  Line 8:    'ThreeJSBanner' is defined but never used                                                                                                                                                        no-unused-vars\n  Line 69:   'intvl' is assigned a value but never used                                                                                                                                                       no-unused-vars\n  Line 97:   Redundant alt attribute. Screen-readers already announce `img` tags as an image. You dont need to use the words `image`, `photo,` or `picture` (or any specified custom words) in the alt prop  jsx-a11y/img-redundant-alt\n  Line 173:   'categories' is assigned a value but never used                                                                                                                                                  no-unused-vars\n  Line 258:  'set' is assigned a value but never used                                                                                                                                                         no-unused-vars\n\n./src/components/NewPostModalNav/index.js\n  Line 1:  'React' is defined but never used  no-unused-vars\n\n./src/components/UserLists/UserList.js\n  Line 29:  'userComponents' is assigned a value but never used  no-unused-vars\n\n./src/components/NavBar/index.js\n  Line 2:   'Link' is defined but never used                                                                           no-unused-vars\n  Line 3:   'FcHome' is defined but never used                                                                         no-unused-vars\n  Line 3:   'FcAbout' is defined but never used                                                                        no-unused-vars\n  Line 5:   'IoImagesOutline' is defined but never used                                                                no-unused-vars\n  Line 6:   'FaWpexplorer' is defined but never used                                                                   no-unused-vars\n  Line 10:  'ImCompass2' is defined but never used                                                                     no-unused-vars\n  Line 41:  img elements must have an alt prop, either with meaningful text, or an empty string for decorative images  jsx-a11y/alt-text\n\n./src/components/AAAMainComponents/ThreeJS/index.js\n  Line 2:  'ReactDOM' is defined but never used  no-unused-vars\n\n./src/components/HashtagPage/index.js\n  Line 32:  img elements must have an alt prop, either with meaningful text, or an empty string for decorative images  jsx-a11y/alt-text\n\n./src/components/AAAMainComponents/SingleCard/index.js\n  Line 3:    'AiOutlineEye' is defined but never used                                                                   no-unused-vars\n  Line 17:    'BsChat' is defined but never used                                                                         no-unused-vars\n  Line 18:    'BsBookmark' is defined but never used                                                                     no-unused-vars\n  Line 20:    'BsBookmarkFill' is defined but never used                                                                 no-unused-vars\n  Line 373:  img elements must have an alt prop, either with meaningful text, or an empty string for decorative images  jsx-a11y/alt-text\n\n./src/components/About/index.js\n  Line 41:   Using target=\"_blank\" without rel=\"noopener noreferrer\" is a security risk: see https://mathiasbynens.github.io/rel-noopener  react/jsx-no-target-blank\n  Line 42:   img elements must have an alt prop, either with meaningful text, or an empty string for decorative images                     jsx-a11y/alt-text\n  Line 50:   Using target=\"_blank\" without rel=\"noopener noreferrer\" is a security risk: see https://mathiasbynens.github.io/rel-noopener  react/jsx-no-target-blank\n  Line 51:   img elements must have an alt prop, either with meaningful text, or an empty string for decorative images                     jsx-a11y/alt-text\n  Line 58:   Using target=\"_blank\" without rel=\"noopener noreferrer\" is a security risk: see https://mathiasbynens.github.io/rel-noopener  react/jsx-no-target-blank\n  Line 67:   Using target=\"_blank\" without rel=\"noopener noreferrer\" is a security risk: see https://mathiasbynens.github.io/rel-noopener  react/jsx-no-target-blank\n  Line 68:   img elements must have an alt prop, either with meaningful text, or an empty string for decorative images                     jsx-a11y/alt-text\n  Line 77:   Using target=\"_blank\" without rel=\"noopener noreferrer\" is a security risk: see https://mathiasbynens.github.io/rel-noopener  react/jsx-no-target-blank\n  Line 78:   img elements must have an alt prop, either with meaningful text, or an empty string for decorative images                     jsx-a11y/alt-text\n  Line 85:   Using target=\"_blank\" without rel=\"noopener noreferrer\" is a security risk: see https://mathiasbynens.github.io/rel-noopener  react/jsx-no-target-blank\n  Line 86:   img elements must have an alt prop, either with meaningful text, or an empty string for decorative images                     jsx-a11y/alt-text\n  Line 93:   Using target=\"_blank\" without rel=\"noopener noreferrer\" is a security risk: see https://mathiasbynens.github.io/rel-noopener  react/jsx-no-target-blank\n  Line 94:   img elements must have an alt prop, either with meaningful text, or an empty string for decorative images                     jsx-a11y/alt-text\n  Line 101:  Using target=\"_blank\" without rel=\"noopener noreferrer\" is a security risk: see https://mathiasbynens.github.io/rel-noopener  react/jsx-no-target-blank\n  Line 102:  img elements must have an alt prop, either with meaningful text, or an empty string for decorative images                     jsx-a11y/alt-text\n  Line 152:   'gotContents' is assigned a value but never used                                                                              no-unused-vars\n  Line 202:  img elements must have an alt prop, either with meaningful text, or an empty string for decorative images                     jsx-a11y/alt-text\n  Line 203:  img elements must have an alt prop, either with meaningful text, or an empty string for decorative images                     jsx-a11y/alt-text\n  Line 204:  img elements must have an alt prop, either with meaningful text, or an empty string for decorative images                     jsx-a11y/alt-text\n  Line 205:  img elements must have an alt prop, either with meaningful text, or an empty string for decorative images                     jsx-a11y/alt-text\n  Line 210:  img elements must have an alt prop, either with meaningful text, or an empty string for decorative images                     jsx-a11y/alt-text\n  Line 211:  img elements must have an alt prop, either with meaningful text, or an empty string for decorative images                     jsx-a11y/alt-text\n  Line 212:  img elements must have an alt prop, either with meaningful text, or an empty string for decorative images                     jsx-a11y/alt-text\n  Line 213:  img elements must have an alt prop, either with meaningful text, or an empty string for decorative images                     jsx-a11y/alt-text\n  Line 214:  img elements must have an alt prop, either with meaningful text, or an empty string for decorative images                     jsx-a11y/alt-text\n  Line 224:  img elements must have an alt prop, either with meaningful text, or an empty string for decorative images                     jsx-a11y/alt-text\n  Line 225:  img elements must have an alt prop, either with meaningful text, or an empty string for decorative images                     jsx-a11y/alt-text\n  Line 226:  img elements must have an alt prop, either with meaningful text, or an empty string for decorative images                     jsx-a11y/alt-text\n  Line 227:  img elements must have an alt prop, either with meaningful text, or an empty string for decorative images                     jsx-a11y/alt-text\n  Line 228:  img elements must have an alt prop, either with meaningful text, or an empty string for decorative images                     jsx-a11y/alt-text\n  Line 232:  img elements must have an alt prop, either with meaningful text, or an empty string for decorative images                     jsx-a11y/alt-text\n  Line 233:  img elements must have an alt prop, either with meaningful text, or an empty string for decorative images                     jsx-a11y/alt-text\n  Line 234:  img elements must have an alt prop, either with meaningful text, or an empty string for decorative images                     jsx-a11y/alt-text\n  Line 235:  img elements must have an alt prop, either with meaningful text, or an empty string for decorative images                     jsx-a11y/alt-text\n\n./src/components/AAPopups/Modals/index.js\n  Line 44:  img elements must have an alt prop, either with meaningful text, or an empty string for decorative images  jsx-a11y/alt-text\n\n./src/store/follow.js\n  Line 4:  'setUserPOJO' is defined but never used  no-unused-vars\n\n./src/components/Story/index.js\n  Line 4:   'WithSeeMore' is defined but never used            no-unused-vars\n  Line 15:  'openStory' is assigned a value but never used     no-unused-vars\n  Line 15:  'setOpenStory' is assigned a value but never used  no-unused-vars\n  Line 16:  'stories' is assigned a value but never used       no-unused-vars\n\n./src/components/SinglePostPage/index.js\n  Line 4:     'PicModal' is defined but never used                                                                       no-unused-vars\n  Line 32:    'profile' is assigned a value but never used                                                               no-unused-vars\n  Line 83:   img elements must have an alt prop, either with meaningful text, or an empty string for decorative images  jsx-a11y/alt-text\n  Line 117:  img elements must have an alt prop, either with meaningful text, or an empty string for decorative images  jsx-a11y/alt-text\n\n./src/App.js\n  Line 4:    'LoginForm' is defined but never used      no-unused-vars\n  Line 7:    'Feed' is defined but never used           no-unused-vars\n  Line 8:    'Suggestions' is defined but never used    no-unused-vars\n  Line 12:   'NewPostTab' is defined but never used     no-unused-vars\n  Line 16:   'Footer' is defined but never used         no-unused-vars\n  Line 19:  'StoryTopBox' is defined but never used    no-unused-vars\n  Line 27:   'user' is assigned a value but never used  no-unused-vars\n\n./src/components/PicModalCaption/index.js\n  Line 4:   'createMentionPlugin' is defined but never used  no-unused-vars\n  Line 5:  'Link' is defined but never used                 no-unused-vars\n  Line 11:  'profile' is assigned a value but never used     no-unused-vars\n  Line 12:  'history' is assigned a value but never used     no-unused-vars\n\n./src/components/auth/SignUpForm.js\n  Line 5:   'GrClose' is defined but never used                                                                        no-unused-vars\n  Line 75:   img elements must have an alt prop, either with meaningful text, or an empty string for decorative images  jsx-a11y/alt-text\n  Line 224:  'closeModal' is assigned a value but never used                                                            no-unused-vars\n  Line 234:  'escapeHideModal' is assigned a value but never used                                                       no-unused-vars\n\n./src/components/ProfilePostsNav/index.js\n  Line 5:  'BsGrid3X3' is defined but never used      no-unused-vars\n  Line 5:  'BsCloudUpload' is defined but never used  no-unused-vars\n  Line 7:  'FaFly' is defined but never used          no-unused-vars\n\n./src/components/CommentInput/index.js\n  Line 6:    'defaultSuggestionsFilter' is defined but never used  no-unused-vars\n  Line 13:    'clearMentions' is defined but never used             no-unused-vars\n  Line 17:    'fetchHomeFeed' is defined but never used             no-unused-vars\n  Line 21:   'uploadMessage' is defined but never used             no-unused-vars\n  Line 21:   'uploadConvoMessage' is defined but never used        no-unused-vars\n  Line 53:    'Hashtag' is assigned a value but never used          no-unused-vars\n  Line 179:  Expected '===' and instead saw '=='                   eqeqeq\n\n./src/components/NewPost/index.js\n  Line 6:     'defaultSuggestionsFilter' is defined but never used                                                       no-unused-vars\n  Line 12:   'Link' is defined but never used                                                                           no-unused-vars\n  Line 15:   'fetchHomeFeed' is defined but never used                                                                  no-unused-vars\n  Line 18:   'RiDragDropLine' is defined but never used                                                                 no-unused-vars\n  Line 19:   'GrDropbox' is defined but never used                                                                      no-unused-vars\n  Line 156:  Expected '===' and instead saw '=='                                                                        eqeqeq\n  Line 257:  '_' is assigned a value but never used                                                                     no-unused-vars\n  Line 294:  img elements must have an alt prop, either with meaningful text, or an empty string for decorative images  jsx-a11y/alt-text\n\n./src/components/Notification/index.js\n  Line 7:  'fetchSinglePost' is defined but never used                                                                no-unused-vars\n  Line 42:  img elements must have an alt prop, either with meaningful text, or an empty string for decorative images  jsx-a11y/alt-text\n\n./src/components/Feed/index.js\n  Line 7:   'BarePost' is defined but never used                                                                       no-unused-vars\n  Line 13:  'MediaDisplayer' is defined but never used                                                                 no-unused-vars\n  Line 31:   'setPost' is assigned a value but never used                                                               no-unused-vars\n  Line 39:   'num' is assigned a value but never used                                                                   no-unused-vars\n  Line 74:   'user' is assigned a value but never used                                                                  no-unused-vars\n  Line 77:  'postToPop' is assigned a value but never used                                                             no-unused-vars\n  Line 78:  'showPostModal' is assigned a value but never used                                                         no-unused-vars\n  Line 96:   'handleClick' is assigned a value but never used                                                           no-unused-vars\n  Line 107:  img elements must have an alt prop, either with meaningful text, or an empty string for decorative images  jsx-a11y/alt-text\n\n./src/components/Comment/index.js\n  Line 7:   'createMentionPlugin' is defined but never used       no-unused-vars\n  Line 8:   'defaultSuggestionsFilter' is defined but never used  no-unused-vars\n  Line 21:  'history' is assigned a value but never used          no-unused-vars\n\n./src/store/session.js\n  Line 87:  'post' is defined but never used  no-unused-vars\n\n./src/components/utils/index.js\n  Line 8:  'DarkModeSwitch' is defined but never used                                                                                                                                                       no-unused-vars\n  Line 40:  Redundant alt attribute. Screen-readers already announce `img` tags as an image. You dont need to use the words `image`, `photo,` or `picture` (or any specified custom words) in the alt prop  jsx-a11y/img-redundant-alt\n\nSearch for the keywords to learn more about each warning.\nTo ignore, add // eslint-disable-next-line to the line before.\n\nFile sizes after gzip:\n\n  437.43 KB  build/static/js/13.926735b2.chunk.js\n  47.46 KB   build/static/js/main.ad550321.chunk.js\n  10.98 KB   build/static/css/main.f676d19d.chunk.css\n  3.42 KB    build/static/js/reactPlayerFilePlayer.a8ed1c1b.chunk.js\n  2.96 KB    build/static/js/reactPlayerYouTube.46da8c7f.chunk.js\n  2.35 KB    build/static/js/reactPlayerDailyMotion.0e267f86.chunk.js\n  2.1 KB     build/static/js/reactPlayerWistia.710bfdbd.chunk.js\n  2.03 KB    build/static/js/reactPlayerVimeo.b41e8cf7.chunk.js\n  1.99 KB    build/static/js/reactPlayerTwitch.cdc13296.chunk.js\n  1.96 KB    build/static/js/reactPlayerSoundCloud.cff22071.chunk.js\n  1.96 KB    build/static/js/reactPlayerPreview.53a90940.chunk.js\n  1.94 KB    build/static/js/reactPlayerFacebook.03b78893.chunk.js\n  1.92 KB    build/static/js/reactPlayerVidyard.881d425e.chunk.js\n  1.87 KB    build/static/js/reactPlayerMixcloud.c136d8dd.chunk.js\n  1.76 KB    build/static/js/reactPlayerStreamable.610613c0.chunk.js\n  1.37 KB    build/static/js/runtime~main.b3a8b452.js\n  1.23 KB    build/static/css/13.f3701d02.chunk.css\n\nThe project was built assuming it is hosted at the server root.\nYou can control this with the homepage field in your package.json.\nFor example, add this to build it for GitHub Pages:\n\n  \"homepage\" : \"http://myname.github.io/myapp\",\n\nThe build folder is ready to be deployed.\nYou may serve it with a static server:\n\n  npm install -g serve\n  serve -s build\n\nFind out more about deployment here:\n\n  http://bit.ly/CRA-deploy\n\nRemoving intermediate container 73af58c15fd0\n ---> 8dd9ff24b106\nStep 7/17 : FROM python:3.8\n3.8: Pulling from library/python\n32de3c850997: Already exists\nfa1d4c8d85a4: Already exists\nc796299bbbdd: Already exists\n81283a9569ad: Already exists\n60b38700e7fb: Already exists\n0f67f32c26d3: Already exists\ne04be0d92e59: Pulling fs layer\nb5052f164cdb: Pulling fs layer\ne9c72aa5d062: Pulling fs layer\nb5052f164cdb: Verifying Checksum\nb5052f164cdb: Download complete\ne9c72aa5d062: Verifying Checksum\ne9c72aa5d062: Download complete\ne04be0d92e59: Verifying Checksum\ne04be0d92e59: Download complete\ne04be0d92e59: Pull complete\nb5052f164cdb: Pull complete\ne9c72aa5d062: Pull complete\nDigest: sha256:3a519327ab069a4e356a8aa279e80b7ef6270e17c5df1493dd0a5b281755e95a\nStatus: Downloaded newer image for python:3.8\n ---> 51a078947558\nStep 8/17 : ENV FLASK_APP=app\n ---> Running in 2fdc06d3fc5d\nRemoving intermediate container 2fdc06d3fc5d\n ---> 77a5e1183ef5\nStep 9/17 : ENV FLASK_ENV=production\n ---> Running in 8eed4be9b343\nRemoving intermediate container 8eed4be9b343\n ---> 4c5429be02bf\nStep 10/17 : ENV SQLALCHEMY_ECHO=False\n ---> Running in 7a30d85de3fe\nRemoving intermediate container 7a30d85de3fe\n ---> 83aad74a840f\nStep 11/17 : EXPOSE 8000 8080\n ---> Running in 819623be94f4\nRemoving intermediate container 819623be94f4\n ---> 640baae297a5\nStep 12/17 : WORKDIR /var/www\n ---> Running in 99e4da7c647d\nRemoving intermediate container 99e4da7c647d\n ---> f5a3fe678b8d\nStep 13/17 : COPY . .\n ---> 45dbdca1b5a9\nStep 14/17 : COPY --from=build-stage /react-app/build/* app/static/\n ---> 9c74eb6cdb27\nStep 15/17 : RUN pip install -r requirements.txt\n ---> Running in 258d0fba15f0\nCollecting alembic==1.4.3\n  Downloading alembic-1.4.3-py2.py3-none-any.whl (159 kB)\n      159.9/159.9 KB 7.2 MB/s eta 0:00:00\nCollecting astroid==2.4.2\n  Downloading astroid-2.4.2-py3-none-any.whl (213 kB)\n      214.0/214.0 KB 5.2 MB/s eta 0:00:00\nCollecting boto3==1.16.60\n  Downloading boto3-1.16.60-py2.py3-none-any.whl (130 kB)\n      130.3/130.3 KB 13.0 MB/s eta 0:00:00\nCollecting botocore==1.19.60\n  Downloading botocore-1.19.60-py2.py3-none-any.whl (7.2 MB)\n      7.2/7.2 MB 3.5 MB/s eta 0:00:00\nCollecting click==7.1.2\n  Downloading click-7.1.2-py2.py3-none-any.whl (82 kB)\n      82.8/82.8 KB 5.6 MB/s eta 0:00:00\nCollecting dnspython==2.1.0\n  Downloading dnspython-2.1.0-py3-none-any.whl (241 kB)\n      242.0/242.0 KB 16.7 MB/s eta 0:00:00\nCollecting email-validator==1.1.2\n  Downloading email_validator-1.1.2-py2.py3-none-any.whl (17 kB)\nCollecting faker==5.7.0\n  Downloading Faker-5.7.0-py3-none-any.whl (1.1 MB)\n      1.1/1.1 MB 1.1 MB/s eta 0:00:00\nCollecting flask-cors==3.0.8\n  Downloading Flask_Cors-3.0.8-py2.py3-none-any.whl (14 kB)\nCollecting flask-jwt-extended==3.24.1\n  Downloading Flask-JWT-Extended-3.24.1.tar.gz (31 kB)\n  Preparing metadata (setup.py): started\n  Preparing metadata (setup.py): finished with status 'done'\nCollecting flask-login==0.5.0\n  Downloading Flask_Login-0.5.0-py2.py3-none-any.whl (16 kB)\nCollecting flask-migrate==2.5.3\n  Downloading Flask_Migrate-2.5.3-py2.py3-none-any.whl (13 kB)\nCollecting flask-sqlalchemy==2.4.4\n  Downloading Flask_SQLAlchemy-2.4.4-py2.py3-none-any.whl (17 kB)\nCollecting flask-wtf==0.14.3\n  Downloading Flask_WTF-0.14.3-py2.py3-none-any.whl (13 kB)\nCollecting flask==1.1.2\n  Downloading Flask-1.1.2-py2.py3-none-any.whl (94 kB)\n      94.6/94.6 KB 5.1 MB/s eta 0:00:00\nCollecting gunicorn==20.0.4\n  Downloading gunicorn-20.0.4-py2.py3-none-any.whl (77 kB)\n      77.9/77.9 KB 3.6 MB/s eta 0:00:00\nCollecting idna==3.1\n  Downloading idna-3.1-py3-none-any.whl (58 kB)\n      58.6/58.6 KB 3.1 MB/s eta 0:00:00\nCollecting isort==5.7.0\n  Downloading isort-5.7.0-py3-none-any.whl (104 kB)\n      104.2/104.2 KB 5.2 MB/s eta 0:00:00\nCollecting itsdangerous==1.1.0\n  Downloading itsdangerous-1.1.0-py2.py3-none-any.whl (16 kB)\nCollecting jinja2==2.11.2\n  Downloading Jinja2-2.11.2-py2.py3-none-any.whl (125 kB)\n      125.8/125.8 KB 2.0 MB/s eta 0:00:00\nCollecting jmespath==0.10.0\n  Downloading jmespath-0.10.0-py2.py3-none-any.whl (24 kB)\nCollecting lazy-object-proxy==1.4.3\n  Downloading lazy_object_proxy-1.4.3-cp38-cp38-manylinux1_x86_64.whl (58 kB)\n      58.6/58.6 KB 666.2 kB/s eta 0:00:00\nCollecting mako==1.1.3\n  Downloading Mako-1.1.3-py2.py3-none-any.whl (75 kB)\n      75.5/75.5 KB 1.3 MB/s eta 0:00:00\nCollecting markupsafe==1.1.1\n  Downloading MarkupSafe-1.1.1-cp38-cp38-manylinux2010_x86_64.whl (32 kB)\nCollecting mccabe==0.6.1\n  Downloading mccabe-0.6.1-py2.py3-none-any.whl (8.6 kB)\nCollecting pyjwt==1.7.1\n  Downloading PyJWT-1.7.1-py2.py3-none-any.whl (18 kB)\nCollecting pylint==2.6.0\n  Downloading pylint-2.6.0-py3-none-any.whl (325 kB)\n      325.7/325.7 KB 397.7 kB/s eta 0:00:00\nCollecting python-dateutil==2.8.1\n  Downloading python_dateutil-2.8.1-py2.py3-none-any.whl (227 kB)\n      227.2/227.2 KB 528.6 kB/s eta 0:00:00\nCollecting python-dotenv==0.14.0\n  Downloading python_dotenv-0.14.0-py2.py3-none-any.whl (17 kB)\nCollecting python-editor==1.0.4\n  Downloading python_editor-1.0.4-py3-none-any.whl (4.9 kB)\nCollecting s3transfer==0.3.4\n  Downloading s3transfer-0.3.4-py2.py3-none-any.whl (69 kB)\n      69.5/69.5 KB 521.5 kB/s eta 0:00:00\nCollecting six==1.15.0\n  Downloading six-1.15.0-py2.py3-none-any.whl (10 kB)\nCollecting sqlalchemy==1.3.19\n  Downloading SQLAlchemy-1.3.19-cp38-cp38-manylinux2010_x86_64.whl (1.3 MB)\n      1.3/1.3 MB 20.1 MB/s eta 0:00:00\nCollecting text-unidecode==1.3\n  Downloading text_unidecode-1.3-py2.py3-none-any.whl (78 kB)\n      78.2/78.2 KB 82.4 kB/s eta 0:00:00\nCollecting toml==0.10.2\n  Downloading toml-0.10.2-py2.py3-none-any.whl (16 kB)\nCollecting urllib3==1.26.3\n  Downloading urllib3-1.26.3-py2.py3-none-any.whl (137 kB)\n      137.0/137.0 KB 315.7 kB/s eta 0:00:00\nCollecting werkzeug==1.0.1\n  Downloading Werkzeug-1.0.1-py2.py3-none-any.whl (298 kB)\n      298.6/298.6 KB 2.2 MB/s eta 0:00:00\nCollecting wrapt==1.12.1\n  Downloading wrapt-1.12.1.tar.gz (27 kB)\n  Preparing metadata (setup.py): started\n  Preparing metadata (setup.py): finished with status 'done'\nCollecting wtforms==2.3.3\n  Downloading WTForms-2.3.3-py2.py3-none-any.whl (169 kB)\n      169.1/169.1 KB 8.0 MB/s eta 0:00:00\nRequirement already satisfied: setuptools>=3.0 in /usr/local/lib/python3.8/site-packages (from gunicorn==20.0.4->-r requirements.txt (line 16)) (57.5.0)\nBuilding wheels for collected packages: flask-jwt-extended, wrapt\n  Building wheel for flask-jwt-extended (setup.py): started\n  Building wheel for flask-jwt-extended (setup.py): finished with status 'done'\n  Created wheel for flask-jwt-extended: filename=Flask_JWT_Extended-3.24.1-py2.py3-none-any.whl size=21528 sha256=f2100e4b04245076722a3ca3cc32a15844aebd2ca4ed4292ad45b0310ddc4826\n  Stored in directory: /root/.cache/pip/wheels/61/07/a0/b4f3fb0b5a3e2c51a4d3abc0efef78ba8e800ec1f4e76714b4\n  Building wheel for wrapt (setup.py): started\n  Building wheel for wrapt (setup.py): finished with status 'done'\n  Created wheel for wrapt: filename=wrapt-1.12.1-cp38-cp38-linux_x86_64.whl size=76305 sha256=85c005b5c8910d1ab39b73de6a824e3a4130d0cd3b50535ea0657350a36e8a13\n  Stored in directory: /root/.cache/pip/wheels/5f/fd/9e/b6cf5890494cb8ef0b5eaff72e5d55a70fb56316007d6dfe73\nSuccessfully built flask-jwt-extended wrapt\nInstalling collected packages: wrapt, text-unidecode, python-editor, python-dotenv, pyjwt, mccabe, werkzeug, urllib3, toml, sqlalchemy, six, markupsafe, lazy-object-proxy, jmespath, itsdangerous, isort, idna, gunicorn, dnspython, click, wtforms, python-dateutil, mako, jinja2, email-validator, astroid, pylint, flask, faker, botocore, alembic, s3transfer, flask-wtf, flask-sqlalchemy, flask-login, flask-jwt-extended, flask-cors, flask-migrate, boto3\nSuccessfully installed alembic-1.4.3 astroid-2.4.2 boto3-1.16.60 botocore-1.19.60 click-7.1.2 dnspython-2.1.0 email-validator-1.1.2 faker-5.7.0 flask-1.1.2 flask-cors-3.0.8 flask-jwt-extended-3.24.1 flask-login-0.5.0 flask-migrate-2.5.3 flask-sqlalchemy-2.4.4 flask-wtf-0.14.3 gunicorn-20.0.4 idna-3.1 isort-5.7.0 itsdangerous-1.1.0 jinja2-2.11.2 jmespath-0.10.0 lazy-object-proxy-1.4.3 mako-1.1.3 markupsafe-1.1.1 mccabe-0.6.1 pyjwt-1.7.1 pylint-2.6.0 python-dateutil-2.8.1 python-dotenv-0.14.0 python-editor-1.0.4 s3transfer-0.3.4 six-1.15.0 sqlalchemy-1.3.19 text-unidecode-1.3 toml-0.10.2 urllib3-1.26.3 werkzeug-1.0.1 wrapt-1.12.1 wtforms-2.3.3\n\u001b[91mWARNING: Running pip as the 'root' user can result in broken permissions and conflicting behaviour with the system package manager. It is recommended to use a virtual environment instead: https://pip.pypa.io/warnings/venv\n\u001b[0m\u001b[91mWARNING: You are using pip version 22.0.4; however, version 22.3.1 is available.\nYou should consider upgrading via the '/usr/local/bin/python -m pip install --upgrade pip' command.\n\u001b[0mRemoving intermediate container 258d0fba15f0\n ---> 6955c09b2adc\nStep 16/17 : RUN pip install psycopg2\n ---> Running in 4b270fb55aa4\nCollecting psycopg2\n  Downloading psycopg2-2.9.5.tar.gz (384 kB)\n      384.3/384.3 KB 16.2 MB/s eta 0:00:00\n  Preparing metadata (setup.py): started\n  Preparing metadata (setup.py): finished with status 'done'\nBuilding wheels for collected packages: psycopg2\n  Building wheel for psycopg2 (setup.py): started\n  Building wheel for psycopg2 (setup.py): finished with status 'done'\n  Created wheel for psycopg2: filename=psycopg2-2.9.5-cp38-cp38-linux_x86_64.whl size=477324 sha256=6360ca3b2addc898fb03e2b51f6a34234483fa60c5a429a91f3ba025582b8ee1\n  Stored in directory: /root/.cache/pip/wheels/ae/51/cd/0096c52b03b32a5ffea19b70f2c56c905b5d30774229808041\nSuccessfully built psycopg2\nInstalling collected packages: psycopg2\nSuccessfully installed psycopg2-2.9.5\n\u001b[91mWARNING: Running pip as the 'root' user can result in broken permissions and conflicting behaviour with the system package manager. It is recommended to use a virtual environment instead: https://pip.pypa.io/warnings/venv\n\u001b[0m\u001b[91mWARNING: You are using pip version 22.0.4; however, version 22.3.1 is available.\nYou should consider upgrading via the '/usr/local/bin/python -m pip install --upgrade pip' command.\n\u001b[0mRemoving intermediate container 4b270fb55aa4\n ---> c1929a5418ec\nStep 17/17 : CMD gunicorn app:app\n ---> Running in afcd360085d4\nRemoving intermediate container afcd360085d4\n ---> a44b48ba57a7\nSuccessfully built a44b48ba57a7\nSuccessfully tagged dronest:latest\n","stderr":"","imageSize":1071781155},"repair":{"violations":[{"name":"npmCacheCleanAfterInstall","position":{"start":11,"end":11,"columnStart":4,"columnEnd":15}},{"name":"pipUseNoCacheDir","position":{"start":44,"end":44,"columnStart":4,"columnEnd":35}},{"name":"pipUseNoCacheDir","position":{"start":45,"end":45,"columnStart":4,"columnEnd":24}}],"repairedDockerfile":"FROM node:12 AS build-stage\n\nWORKDIR /react-app\nCOPY react-app/. .\n\n# You have to set this because it should be set during build time.\nENV REACT_APP_BASE_URL=\"https://dronest.herokuapp.com\"\n# ENV REACT_APP_WS_URL=\"wss://dronestms.herokuapp.com:8080\"\n#not sure how\n\n# Build our React App\nRUN npm install\nRUN npm run build\n\n# RUN cd ..\n# WORKDIR /messenger_server\n# COPY messenger_server/. .\n\n# # You have to set this because it should be set during build time.\n# # ENV REACT_APP_WS_URL=\"wss://dronestms.herokuapp.com:8080\"\n\n# # Build our messenger_server app\n# RUN npm install\n# #RUN npm run build\n# ENV NODE_ENV=production\n# # RUN npm start\n# # CMD [ \"npm\", \"start\" ]\n\n\n\nFROM python:3.8\n# Setup Flask environment\nENV FLASK_APP=app\nENV FLASK_ENV=production\nENV SQLALCHEMY_ECHO=False\n\nEXPOSE 8000 8080\n\nWORKDIR /var/www\nCOPY . .\n# COPY --from=build-stage /messenger_server app/static/\nCOPY --from=build-stage /react-app/build/* app/static/\n\n# Install Python Dependencies\nRUN pip install --no-cache-dir -r requirements.txt\nRUN pip install --no-cache-dir psycopg2\n\n# Run flask environment\nCMD gunicorn app:app\n\n\n"},"repairedBuild":{"startTimestamp":1672559150691,"endTimestamp":1672559420321,"error":null,"stdout":"Sending build context to Docker daemon  28.33MB\r\r\nStep 1/17 : FROM node:12 AS build-stage\n ---> 6c8de432fc7f\nStep 2/17 : WORKDIR /react-app\n ---> Running in 67745baf4668\nRemoving intermediate container 67745baf4668\n ---> 13a57b1a0371\nStep 3/17 : COPY react-app/. .\n ---> 7a7c08b76c00\nStep 4/17 : ENV REACT_APP_BASE_URL=\"https://dronest.herokuapp.com\"\n ---> Running in 033c18da0cb5\nRemoving intermediate container 033c18da0cb5\n ---> 23a7499b9c01\nStep 5/17 : RUN npm install\n ---> Running in 834a6bc058c9\n\u001b[91mnpm\u001b[0m\u001b[91m WARN \u001b[0m\u001b[91mread-shrinkwrap This version of npm is compatible with lockfileVersion@1, but package-lock.json was generated for lockfileVersion@2. I'll try to do my best with it!\n\u001b[0m\n> bufferutil@1.2.1 install /react-app/node_modules/bufferutil\n> node-gyp rebuild\n\nmake: Entering directory '/react-app/node_modules/bufferutil/build'\n  CXX(target) Release/obj.target/bufferutil/src/bufferutil.o\n\u001b[91m../src/bufferutil.cc:25:30: error: 'v8::Handle' has not been declared\n   static void Initialize(v8::Handle<v8::Object> target)\n                              ^~~~~~\n../src/bufferutil.cc:25:36: error: expected ',' or '...' before '<' token\n   static void Initialize(v8::Handle<v8::Object> target)\n                                    ^\n\u001b[0m\u001b[91m../src/bufferutil.cc: In static member function 'static void BufferUtil::Initialize(int)':\n../src/bufferutil.cc:33:14: error: 'target' was not declared in this scope\n     Nan::Set(target, Nan::New<String>(\"BufferUtil\").ToLocalChecked(), t->GetFunction());\n              ^~~~~~\n\u001b[0m\u001b[91m../src/bufferutil.cc:33:86: error: no matching function for call to 'v8::FunctionTemplate::GetFunction()'\n     Nan::Set(target, Nan::New<String>(\"BufferUtil\").ToLocalChecked(), t->GetFunction());\n                                                                                      ^\nIn file included from ../src/bufferutil.cc:7:0:\n/root/.cache/node-gyp/12.22.12/include/node/v8.h:6126:46: note: candidate: v8::MaybeLocal<v8::Function> v8::FunctionTemplate::GetFunction(v8::Local<v8::Context>)\n   V8_WARN_UNUSED_RESULT MaybeLocal<Function> GetFunction(\n                                              ^~~~~~~~~~~\n/root/.cache/node-gyp/12.22.12/include/node/v8.h:6126:46: note:   candidate expects 1 argument, 0 provided\n\u001b[0m\u001b[91m../src/bufferutil.cc: In static member function 'static Nan::NAN_METHOD_RETURN_TYPE BufferUtil::Merge(Nan::NAN_METHOD_ARGS_TYPE)':\n../src/bufferutil.cc:49:49: error: no matching function for call to 'v8::Value::ToObject()'\n     Local<Object> bufferObj = info[0]->ToObject();\n                                                 ^\nIn file included from ../src/bufferutil.cc:7:0:\n/root/.cache/node-gyp/12.22.12/include/node/v8.h:2672:44: note: candidate: v8::MaybeLocal<v8::Object> v8::Value::ToObject(v8::Local<v8::Context>) const\n   V8_WARN_UNUSED_RESULT MaybeLocal<Object> ToObject(\n                                            ^~~~~~~~\n/root/.cache/node-gyp/12.22.12/include/node/v8.h:2672:44: note:   candidate expects 1 argument, 0 provided\n\u001b[0m\u001b[91mIn file included from /root/.cache/node-gyp/12.22.12/include/node/v8-internal.h:14:0,\n                 from /root/.cache/node-gyp/12.22.12/include/node/v8.h:27,\n                 from ../src/bufferutil.cc:7:\n/root/.cache/node-gyp/12.22.12/include/node/v8.h:2686:31: note: candidate: v8::Local<v8::Object> v8::Value::ToObject(v8::Isolate*) const\n                 Local<Object> ToObject(Isolate* isolate) const);\n                               ^\n/root/.cache/node-gyp/12.22.12/include/node/v8config.h:328:3: note: in definition of macro 'V8_DEPRECATED'\n   declarator __attribute__((deprecated(message)))\n   ^~~~~~~~~~\n/root/.cache/node-gyp/12.22.12/include/node/v8.h:2686:31: note:   candidate expects 1 argument, 0 provided\n                 Local<Object> ToObject(Isolate* isolate) const);\n                               ^\n/root/.cache/node-gyp/12.22.12/include/node/v8config.h:328:3: note: in definition of macro 'V8_DEPRECATED'\n   declarator __attribute__((deprecated(message)))\n   ^~~~~~~~~~\n\u001b[0m\u001b[91m../src/bufferutil.cc:56:39: warning: 'v8::Local<v8::Value> v8::Object::Get(uint32_t)' is deprecated: Use maybe version [-Wdeprecated-declarations]\n       Local<Object> src = array->Get(i)->ToObject();\n                                       ^\n\u001b[0m\u001b[91mIn file included from /root/.cache/node-gyp/12.22.12/include/node/v8-internal.h:14:0,\n                 from /root/.cache/node-gyp/12.22.12/include/node/v8.h:27,\n                 from ../src/bufferutil.cc:7:\n/root/.cache/node-gyp/12.22.12/include/node/v8.h:3557:51: note: declared here\n   V8_DEPRECATED(\"Use maybe version\", Local<Value> Get(uint32_t index));\n                                                   ^\n/root/.cache/node-gyp/12.22.12/include/node/v8config.h:328:3: note: in definition of macro 'V8_DEPRECATED'\n   declarator __attribute__((deprecated(message)))\n   ^~~~~~~~~~\n../src/bufferutil.cc:56:51: error: no matching function for call to 'v8::Value::ToObject()'\n       Local<Object> src = array->Get(i)->ToObject();\n                                                   ^\n\u001b[0m\u001b[91mIn file included from ../src/bufferutil.cc:7:0:\n/root/.cache/node-gyp/12.22.12/include/node/v8.h:2672:44: note: candidate: v8::MaybeLocal<v8::Object> v8::Value::ToObject(v8::Local<v8::Context>) const\n   V8_WARN_UNUSED_RESULT MaybeLocal<Object> ToObject(\n                                            ^~~~~~~~\n/root/.cache/node-gyp/12.22.12/include/node/v8.h:2672:44: note:   candidate expects 1 argument, 0 provided\n\u001b[0m\u001b[91mIn file included from /root/.cache/node-gyp/12.22.12/include/node/v8-internal.h:14:0,\n                 from /root/.cache/node-gyp/12.22.12/include/node/v8.h:27,\n                 from ../src/bufferutil.cc:7:\n/root/.cache/node-gyp/12.22.12/include/node/v8.h:2686:31: note: candidate: v8::Local<v8::Object> v8::Value::ToObject(v8::Isolate*) const\n                 Local<Object> ToObject(Isolate* isolate) const);\n                               ^\n/root/.cache/node-gyp/12.22.12/include/node/v8config.h:328:3: note: in definition of macro 'V8_DEPRECATED'\n   declarator __attribute__((deprecated(message)))\n   ^~~~~~~~~~\n/root/.cache/node-gyp/12.22.12/include/node/v8.h:2686:31: note:   candidate expects 1 argument, 0 provided\n                 Local<Object> ToObject(Isolate* isolate) const);\n                               ^\n/root/.cache/node-gyp/12.22.12/include/node/v8config.h:328:3: note: in definition of macro 'V8_DEPRECATED'\n   declarator __attribute__((deprecated(message)))\n   ^~~~~~~~~~\n\u001b[0m\u001b[91m../src/bufferutil.cc: In static member function 'static Nan::NAN_METHOD_RETURN_TYPE BufferUtil::Unmask(Nan::NAN_METHOD_ARGS_TYPE)':\n../src/bufferutil.cc:67:50: error: no matching function for call to 'v8::Value::ToObject()'\n     Local<Object> buffer_obj = info[0]->ToObject();\n                                                  ^\nIn file included from ../src/bufferutil.cc:7:0:\n/root/.cache/node-gyp/12.22.12/include/node/v8.h:2672:44: note: candidate: v8::MaybeLocal<v8::Object> v8::Value::ToObject(v8::Local<v8::Context>) const\n   V8_WARN_UNUSED_RESULT MaybeLocal<Object> ToObject(\n                                            ^~~~~~~~\n/root/.cache/node-gyp/12.22.12/include/node/v8.h:2672:44: note:   candidate expects 1 argument, 0 provided\n\u001b[0m\u001b[91mIn file included from /root/.cache/node-gyp/12.22.12/include/node/v8-internal.h:14:0,\n                 from /root/.cache/node-gyp/12.22.12/include/node/v8.h:27,\n                 from ../src/bufferutil.cc:7:\n/root/.cache/node-gyp/12.22.12/include/node/v8.h:2686:31: note: candidate: v8::Local<v8::Object> v8::Value::ToObject(v8::Isolate*) const\n                 Local<Object> ToObject(Isolate* isolate) const);\n                               ^\n/root/.cache/node-gyp/12.22.12/include/node/v8config.h:328:3: note: in definition of macro 'V8_DEPRECATED'\n   declarator __attribute__((deprecated(message)))\n   ^~~~~~~~~~\n/root/.cache/node-gyp/12.22.12/include/node/v8.h:2686:31: note:   candidate expects 1 argument, 0 provided\n                 Local<Object> ToObject(Isolate* isolate) const);\n                               ^\n/root/.cache/node-gyp/12.22.12/include/node/v8config.h:328:3: note: in definition of macro 'V8_DEPRECATED'\n   declarator __attribute__((deprecated(message)))\n   ^~~~~~~~~~\n\u001b[0m\u001b[91m../src/bufferutil.cc:69:48: error: no matching function for call to 'v8::Value::ToObject()'\n     Local<Object> mask_obj = info[1]->ToObject();\n                                                ^\nIn file included from ../src/bufferutil.cc:7:0:\n/root/.cache/node-gyp/12.22.12/include/node/v8.h:2672:44: note: candidate: v8::MaybeLocal<v8::Object> v8::Value::ToObject(v8::Local<v8::Context>) const\n   V8_WARN_UNUSED_RESULT MaybeLocal<Object> ToObject(\n                                            ^~~~~~~~\n/root/.cache/node-gyp/12.22.12/include/node/v8.h:2672:44: note:   candidate expects 1 argument, 0 provided\n\u001b[0m\u001b[91mIn file included from /root/.cache/node-gyp/12.22.12/include/node/v8-internal.h:14:0,\n                 from /root/.cache/node-gyp/12.22.12/include/node/v8.h:27,\n                 from ../src/bufferutil.cc:7:\n/root/.cache/node-gyp/12.22.12/include/node/v8.h:2686:31: note: candidate: v8::Local<v8::Object> v8::Value::ToObject(v8::Isolate*) const\n                 Local<Object> ToObject(Isolate* isolate) const);\n                               ^\n/root/.cache/node-gyp/12.22.12/include/node/v8config.h:328:3: note: in definition of macro 'V8_DEPRECATED'\n   declarator __attribute__((deprecated(message)))\n   ^~~~~~~~~~\n\u001b[0m\u001b[91m/root/.cache/node-gyp/12.22.12/include/node/v8.h:2686:31: note:   candidate expects 1 argument, 0 provided\n                 Local<Object> ToObject(Isolate* isolate) const);\n                               ^\n/root/.cache/node-gyp/12.22.12/include/node/v8config.h:328:3: note: in definition of macro 'V8_DEPRECATED'\n   declarator __attribute__((deprecated(message)))\n   ^~~~~~~~~~\n\u001b[0m\u001b[91m../src/bufferutil.cc: In static member function 'static Nan::NAN_METHOD_RETURN_TYPE BufferUtil::Mask(Nan::NAN_METHOD_ARGS_TYPE)':\n../src/bufferutil.cc:88:50: error: no matching function for call to 'v8::Value::ToObject()'\n     Local<Object> buffer_obj = info[0]->ToObject();\n                                                  ^\nIn file included from ../src/bufferutil.cc:7:0:\n/root/.cache/node-gyp/12.22.12/include/node/v8.h:2672:44: note: candidate: v8::MaybeLocal<v8::Object> v8::Value::ToObject(v8::Local<v8::Context>) const\n   V8_WARN_UNUSED_RESULT MaybeLocal<Object> ToObject(\n                                            ^~~~~~~~\n\u001b[0m\u001b[91m/root/.cache/node-gyp/12.22.12/include/node/v8.h:2672:44: note:   candidate expects 1 argument, 0 provided\n\u001b[0m\u001b[91mIn file included from /root/.cache/node-gyp/12.22.12/include/node/v8-internal.h:14:0,\n                 from /root/.cache/node-gyp/12.22.12/include/node/v8.h:27,\n                 from ../src/bufferutil.cc:7:\n/root/.cache/node-gyp/12.22.12/include/node/v8.h:2686:31: note: candidate: v8::Local<v8::Object> v8::Value::ToObject(v8::Isolate*) const\n                 Local<Object> ToObject(Isolate* isolate) const);\n                               ^\n/root/.cache/node-gyp/12.22.12/include/node/v8config.h:328:3: note: in definition of macro 'V8_DEPRECATED'\n   declarator __attribute__((deprecated(message)))\n   ^~~~~~~~~~\n/root/.cache/node-gyp/12.22.12/include/node/v8.h:2686:31: note:   candidate expects 1 argument, 0 provided\n                 Local<Object> ToObject(Isolate* isolate) const);\n                               ^\n/root/.cache/node-gyp/12.22.12/include/node/v8config.h:328:3: note: in definition of macro 'V8_DEPRECATED'\n   declarator __attribute__((deprecated(message)))\n   ^~~~~~~~~~\n\u001b[0m\u001b[91m../src/bufferutil.cc:89:48: error: no matching function for call to 'v8::Value::ToObject()'\n     Local<Object> mask_obj = info[1]->ToObject();\n                                                ^\n\u001b[0m\u001b[91mIn file included from ../src/bufferutil.cc:7:0:\n/root/.cache/node-gyp/12.22.12/include/node/v8.h:2672:44: note: candidate: v8::MaybeLocal<v8::Object> v8::Value::ToObject(v8::Local<v8::Context>) const\n   V8_WARN_UNUSED_RESULT MaybeLocal<Object> ToObject(\n                                            ^~~~~~~~\n/root/.cache/node-gyp/12.22.12/include/node/v8.h:2672:44: note:   candidate expects 1 argument, 0 provided\n\u001b[0m\u001b[91mIn file included from /root/.cache/node-gyp/12.22.12/include/node/v8-internal.h:14:0,\n                 from /root/.cache/node-gyp/12.22.12/include/node/v8.h:27,\n                 from ../src/bufferutil.cc:7:\n/root/.cache/node-gyp/12.22.12/include/node/v8.h:2686:31: note: candidate: v8::Local<v8::Object> v8::Value::ToObject(v8::Isolate*) const\n                 Local<Object> ToObject(Isolate* isolate) const);\n                               ^\n/root/.cache/node-gyp/12.22.12/include/node/v8config.h:328:3: note: in definition of macro 'V8_DEPRECATED'\n   declarator __attribute__((deprecated(message)))\n   ^~~~~~~~~~\n/root/.cache/node-gyp/12.22.12/include/node/v8.h:2686:31: note:   candidate expects 1 argument, 0 provided\n                 Local<Object> ToObject(Isolate* isolate) const);\n                               ^\n/root/.cache/node-gyp/12.22.12/include/node/v8config.h:328:3: note: in definition of macro 'V8_DEPRECATED'\n   declarator __attribute__((deprecated(message)))\n   ^~~~~~~~~~\n\u001b[0m\u001b[91m../src/bufferutil.cc:91:50: error: no matching function for call to 'v8::Value::ToObject()'\n     Local<Object> output_obj = info[2]->ToObject();\n                                                  ^\nIn file included from ../src/bufferutil.cc:7:0:\n/root/.cache/node-gyp/12.22.12/include/node/v8.h:2672:44: note: candidate: v8::MaybeLocal<v8::Object> v8::Value::ToObject(v8::Local<v8::Context>) const\n   V8_WARN_UNUSED_RESULT MaybeLocal<Object> ToObject(\n                                            ^~~~~~~~\n\u001b[0m\u001b[91m/root/.cache/node-gyp/12.22.12/include/node/v8.h:2672:44: note:   candidate expects 1 argument, 0 provided\n\u001b[0m\u001b[91mIn file included from /root/.cache/node-gyp/12.22.12/include/node/v8-internal.h:14:0,\n                 from /root/.cache/node-gyp/12.22.12/include/node/v8.h:27,\n                 from ../src/bufferutil.cc:7:\n/root/.cache/node-gyp/12.22.12/include/node/v8.h:2686:31: note: candidate: v8::Local<v8::Object> v8::Value::ToObject(v8::Isolate*) const\n                 Local<Object> ToObject(Isolate* isolate) const);\n                               ^\n/root/.cache/node-gyp/12.22.12/include/node/v8config.h:328:3: note: in definition of macro 'V8_DEPRECATED'\n   declarator __attribute__((deprecated(message)))\n   ^~~~~~~~~~\n\u001b[0m\u001b[91m/root/.cache/node-gyp/12.22.12/include/node/v8.h:2686:31: note:   candidate expects 1 argument, 0 provided\n                 Local<Object> ToObject(Isolate* isolate) const);\n                               ^\n/root/.cache/node-gyp/12.22.12/include/node/v8config.h:328:3: note: in definition of macro 'V8_DEPRECATED'\n   declarator __attribute__((deprecated(message)))\n   ^~~~~~~~~~\n../src/bufferutil.cc:92:51: error: no matching function for call to 'v8::Value::Int32Value()'\n     unsigned int dataOffset = info[3]->Int32Value();\n                                                   ^\n\u001b[0m\u001b[91mIn file included from ../src/bufferutil.cc:7:0:\n/root/.cache/node-gyp/12.22.12/include/node/v8.h:2709:40: note: candidate: v8::Maybe<int> v8::Value::Int32Value(v8::Local<v8::Context>) const\n   V8_WARN_UNUSED_RESULT Maybe<int32_t> Int32Value(Local<Context> context) const;\n                                        ^~~~~~~~~~\n/root/.cache/node-gyp/12.22.12/include/node/v8.h:2709:40: note:   candidate expects 1 argument, 0 provided\n\u001b[0m\u001b[91m../src/bufferutil.cc:93:47: error: no matching function for call to 'v8::Value::Int32Value()'\n     unsigned int length = info[4]->Int32Value();\n                                               ^\nIn file included from ../src/bufferutil.cc:7:0:\n/root/.cache/node-gyp/12.22.12/include/node/v8.h:2709:40: note: candidate: v8::Maybe<int> v8::Value::Int32Value(v8::Local<v8::Context>) const\n   V8_WARN_UNUSED_RESULT Maybe<int32_t> Int32Value(Local<Context> context) const;\n                                        ^~~~~~~~~~\n/root/.cache/node-gyp/12.22.12/include/node/v8.h:2709:40: note:   candidate expects 1 argument, 0 provided\n\u001b[0m\u001b[91m../src/bufferutil.cc: At global scope:\n../src/bufferutil.cc:114:12: error: variable or field 'init' declared void\n void init (Handle<Object> target)\n            ^~~~~~\n../src/bufferutil.cc:114:12: error: 'Handle' was not declared in this scope\n\u001b[0m\u001b[91m../src/bufferutil.cc:114:25: error: expected primary-expression before '>' token\n void init (Handle<Object> target)\n                         ^\n../src/bufferutil.cc:114:27: error: 'target' was not declared in this scope\n void init (Handle<Object> target)\n                           ^~~~~~\n\u001b[0m\u001b[91mIn file included from ../src/bufferutil.cc:8:0:\n../src/bufferutil.cc:120:25: error: 'init' was not declared in this scope\n NODE_MODULE(bufferutil, init)\n                         ^\n/root/.cache/node-gyp/12.22.12/include/node/node.h:736:36: note: in definition of macro 'NODE_MODULE_X'\n       (node::addon_register_func) (regfunc),                          \\\n                                    ^~~~~~~\n../src/bufferutil.cc:120:1: note: in expansion of macro 'NODE_MODULE'\n NODE_MODULE(bufferutil, init)\n ^~~~~~~~~~~\n\u001b[0mbufferutil.target.mk:112: recipe for target 'Release/obj.target/bufferutil/src/bufferutil.o' failed\nmake: Leaving directory '/react-app/node_modules/bufferutil/build'\n\u001b[91mmake: *** [Release/obj.target/bufferutil/src/bufferutil.o] Error 1\n\u001b[0m\u001b[91mgyp\u001b[0m\u001b[91m ERR!\u001b[0m\u001b[91m build error\u001b[0m\u001b[91m \n\u001b[0m\u001b[91mgyp\u001b[0m\u001b[91m \u001b[0m\u001b[91mERR! \u001b[0m\u001b[91mstack\u001b[0m\u001b[91m Error: `make` failed with exit code: 2\ngyp\u001b[0m\u001b[91m ERR!\u001b[0m\u001b[91m stack     at ChildProcess.onExit (/usr/local/lib/node_modules/npm/node_modules/node-gyp/lib/build.js:194:23)\n\u001b[0m\u001b[91mgyp ERR!\u001b[0m\u001b[91m \u001b[0m\u001b[91mstack     at ChildProcess.emit (events.js:314:20)\ngyp\u001b[0m\u001b[91m ERR!\u001b[0m\u001b[91m \u001b[0m\u001b[91mstack\u001b[0m\u001b[91m     at Process.ChildProcess._handle.onexit (internal/child_process.js:276:12)\n\u001b[0m\u001b[91mgyp ERR!\u001b[0m\u001b[91m System\u001b[0m\u001b[91m Linux 5.4.0-113-generic\n\u001b[0m\u001b[91mgyp ERR!\u001b[0m\u001b[91m command \"/usr/local/bin/node\" \"/usr/local/lib/node_modules/npm/node_modules/node-gyp/bin/node-gyp.js\" \"rebuild\"\n\u001b[0m\u001b[91mgyp \u001b[0m\u001b[91mERR!\u001b[0m\u001b[91m \u001b[0m\u001b[91mcwd /react-app/node_modules/bufferutil\n\u001b[0m\u001b[91mgyp \u001b[0m\u001b[91mERR! \u001b[0m\u001b[91mnode -v\u001b[0m\u001b[91m v12.22.12\n\u001b[0m\u001b[91mgyp ERR!\u001b[0m\u001b[91m \u001b[0m\u001b[91mnode-gyp -v v5.1.0\n\u001b[0m\u001b[91mgyp \u001b[0m\u001b[91mERR! \u001b[0m\u001b[91mnot ok \n\u001b[0m\n> utf-8-validate@1.2.2 install /react-app/node_modules/utf-8-validate\n> node-gyp rebuild\n\nmake: Entering directory '/react-app/node_modules/utf-8-validate/build'\n  CXX(target) Release/obj.target/validation/src/validation.o\n\u001b[91mIn file included from ../node_modules/nan/nan.h:190:0,\n                 from ../src/validation.cc:15:\n../node_modules/nan/nan_maybe_43_inl.h: In function 'Nan::Maybe<bool> Nan::ForceSet(v8::Local<v8::Object>, v8::Local<v8::Value>, v8::Local<v8::Value>, v8::PropertyAttribute)':\n../node_modules/nan/nan_maybe_43_inl.h:88:15: error: 'class v8::Object' has no member named 'ForceSet'\n   return obj->ForceSet(GetCurrentContext(), key, value, attribs);\n               ^~~~~~~~\n\u001b[0m\u001b[91mIn file included from ../node_modules/nan/nan_converters.h:59:0,\n                 from ../node_modules/nan/nan.h:195,\n                 from ../src/validation.cc:15:\n../node_modules/nan/nan_converters_43_inl.h: In static member function 'static Nan::imp::ToFactoryBase<v8::Boolean>::return_t Nan::imp::ToFactory<v8::Boolean>::convert(v8::Local<v8::Value>)':\n../node_modules/nan/nan_converters_43_inl.h:15:45: warning: 'v8::MaybeLocal<v8::Boolean> v8::Value::ToBoolean(v8::Local<v8::Context>) const' is deprecated: ToBoolean can never throw. Use Local version. [-Wdeprecated-declarations]\n   return val->To ## TYPE(GetCurrentContext());                                 \\\n                                             ^\n../node_modules/nan/nan_converters_43_inl.h:18:1: note: in expansion of macro 'X'\n X(Boolean)\n ^\nIn file included from /root/.cache/node-gyp/12.22.12/include/node/v8-internal.h:14:0,\n                 from /root/.cache/node-gyp/12.22.12/include/node/v8.h:27,\n                 from ../src/validation.cc:7:\n/root/.cache/node-gyp/12.22.12/include/node/v8.h:2664:59: note: declared here\n                 V8_WARN_UNUSED_RESULT MaybeLocal<Boolean> ToBoolean(\n                                                           ^\n/root/.cache/node-gyp/12.22.12/include/node/v8config.h:328:3: note: in definition of macro 'V8_DEPRECATED'\n   declarator __attribute__((deprecated(message)))\n   ^~~~~~~~~~\n\u001b[0m\u001b[91mIn file included from ../node_modules/nan/nan_converters.h:59:0,\n                 from ../node_modules/nan/nan.h:195,\n                 from ../src/validation.cc:15:\n../node_modules/nan/nan_converters_43_inl.h: In static member function 'static Nan::imp::ValueFactoryBase<bool>::return_t Nan::imp::ToFactory<bool>::convert(v8::Local<v8::Value>)':\n../node_modules/nan/nan_converters_43_inl.h:31:48: warning: 'v8::Maybe<bool> v8::Value::BooleanValue(v8::Local<v8::Context>) const' is deprecated: BooleanValue can never throw. Use Isolate version. [-Wdeprecated-declarations]\n   return val->NAME ## Value(GetCurrentContext());                              \\\n                                                ^\n../node_modules/nan/nan_converters_43_inl.h:34:1: note: in expansion of macro 'X'\n X(bool, Boolean)\n ^\nIn file included from /root/.cache/node-gyp/12.22.12/include/node/v8-internal.h:14:0,\n                 from /root/.cache/node-gyp/12.22.12/include/node/v8.h:27,\n                 from ../src/validation.cc:7:\n/root/.cache/node-gyp/12.22.12/include/node/v8.h:2702:51: note: declared here\n                 V8_WARN_UNUSED_RESULT Maybe<bool> BooleanValue(\n                                                   ^\n/root/.cache/node-gyp/12.22.12/include/node/v8config.h:328:3: note: in definition of macro 'V8_DEPRECATED'\n   declarator __attribute__((deprecated(message)))\n   ^~~~~~~~~~\n\u001b[0m\u001b[91mIn file included from ../node_modules/nan/nan_new.h:189:0,\n                 from ../node_modules/nan/nan.h:196,\n                 from ../src/validation.cc:15:\n../node_modules/nan/nan_implementation_12_inl.h: In static member function 'static Nan::imp::FactoryBase<v8::Function>::return_t Nan::imp::Factory<v8::Function>::New(Nan::FunctionCallback, v8::Local<v8::Value>)':\n../node_modules/nan/nan_implementation_12_inl.h:109:32: error: no matching function for call to 'v8::Function::New(v8::Isolate*&, void (&)(const v8::FunctionCallbackInfo<v8::Value>&), v8::Local<v8::Object>&)'\n                           , obj));\n                                ^\nIn file included from ../src/validation.cc:7:0:\n/root/.cache/node-gyp/12.22.12/include/node/v8.h:4275:31: note: candidate: static v8::MaybeLocal<v8::Function> v8::Function::New(v8::Local<v8::Context>, v8::FunctionCallback, v8::Local<v8::Value>, int, v8::ConstructorBehavior, v8::SideEffectType)\n   static MaybeLocal<Function> New(\n                               ^~~\n/root/.cache/node-gyp/12.22.12/include/node/v8.h:4275:31: note:   no known conversion for argument 1 from 'v8::Isolate*' to 'v8::Local<v8::Context>'\n\u001b[0m\u001b[91mIn file included from ../node_modules/nan/nan_new.h:189:0,\n                 from ../node_modules/nan/nan.h:196,\n                 from ../src/validation.cc:15:\n../node_modules/nan/nan_implementation_12_inl.h: In static member function 'static Nan::imp::FactoryBase<v8::StringObject>::return_t Nan::imp::Factory<v8::StringObject>::New(v8::Local<v8::String>)':\n../node_modules/nan/nan_implementation_12_inl.h:345:37: error: no matching function for call to 'v8::StringObject::New(v8::Local<v8::String>&)'\n   return v8::StringObject::New(value).As<v8::StringObject>();\n                                     ^\nIn file included from ../src/validation.cc:7:0:\n/root/.cache/node-gyp/12.22.12/include/node/v8.h:5531:23: note: candidate: static v8::Local<v8::Value> v8::StringObject::New(v8::Isolate*, v8::Local<v8::String>)\n   static Local<Value> New(Isolate* isolate, Local<String> value);\n                       ^~~\n/root/.cache/node-gyp/12.22.12/include/node/v8.h:5531:23: note:   candidate expects 2 arguments, 1 provided\nIn file included from ../node_modules/nan/nan_new.h:189:0,\n                 from ../node_modules/nan/nan.h:196,\n                 from ../src/validation.cc:15:\n../node_modules/nan/nan_implementation_12_inl.h:345:58: error: expected primary-expression before '>' token\n   return v8::StringObject::New(value).As<v8::StringObject>();\n                                                          ^\n../node_modules/nan/nan_implementation_12_inl.h:345:60: error: expected primary-expression before ')' token\n   return v8::StringObject::New(value).As<v8::StringObject>();\n                                                            ^\n\u001b[0m\u001b[91mIn file included from ../src/validation.cc:15:0:\n../node_modules/nan/nan.h: In function 'v8::Local<v8::Value> Nan::MakeCallback(v8::Local<v8::Object>, v8::Local<v8::Function>, int, v8::Local<v8::Value>*)':\n../node_modules/nan/nan.h:817:60: warning: 'v8::Local<v8::Value> node::MakeCallback(v8::Isolate*, v8::Local<v8::Object>, v8::Local<v8::Function>, int, v8::Local<v8::Value>*)' is deprecated: Use MakeCallback(..., async_context) [-Wdeprecated-declarations]\n         v8::Isolate::GetCurrent(), target, func, argc, argv);\n                                                            ^\nIn file included from ../src/validation.cc:8:0:\n/root/.cache/node-gyp/12.22.12/include/node/node.h:183:50: note: declared here\n                 NODE_EXTERN v8::Local<v8::Value> MakeCallback(\n                                                  ^\n/root/.cache/node-gyp/12.22.12/include/node/node.h:102:42: note: in definition of macro 'NODE_DEPRECATED'\n     __attribute__((deprecated(message))) declarator\n                                          ^~~~~~~~~~\n\u001b[0m\u001b[91mIn file included from ../src/validation.cc:15:0:\n../node_modules/nan/nan.h: In function 'v8::Local<v8::Value> Nan::MakeCallback(v8::Local<v8::Object>, v8::Local<v8::String>, int, v8::Local<v8::Value>*)':\n../node_modules/nan/nan.h:831:62: warning: 'v8::Local<v8::Value> node::MakeCallback(v8::Isolate*, v8::Local<v8::Object>, v8::Local<v8::String>, int, v8::Local<v8::Value>*)' is deprecated: Use MakeCallback(..., async_context) [-Wdeprecated-declarations]\n         v8::Isolate::GetCurrent(), target, symbol, argc, argv);\n                                                              ^\nIn file included from ../src/validation.cc:8:0:\n/root/.cache/node-gyp/12.22.12/include/node/node.h:176:50: note: declared here\n                 NODE_EXTERN v8::Local<v8::Value> MakeCallback(\n                                                  ^\n/root/.cache/node-gyp/12.22.12/include/node/node.h:102:42: note: in definition of macro 'NODE_DEPRECATED'\n     __attribute__((deprecated(message))) declarator\n                                          ^~~~~~~~~~\n\u001b[0m\u001b[91mIn file included from ../src/validation.cc:15:0:\n../node_modules/nan/nan.h: In function 'v8::Local<v8::Value> Nan::MakeCallback(v8::Local<v8::Object>, const char*, int, v8::Local<v8::Value>*)':\n../node_modules/nan/nan.h:845:62: warning: 'v8::Local<v8::Value> node::MakeCallback(v8::Isolate*, v8::Local<v8::Object>, const char*, int, v8::Local<v8::Value>*)' is deprecated: Use MakeCallback(..., async_context) [-Wdeprecated-declarations]\n         v8::Isolate::GetCurrent(), target, method, argc, argv);\n                                                              ^\nIn file included from ../src/validation.cc:8:0:\n/root/.cache/node-gyp/12.22.12/include/node/node.h:169:50: note: declared here\n                 NODE_EXTERN v8::Local<v8::Value> MakeCallback(\n                                                  ^\n/root/.cache/node-gyp/12.22.12/include/node/node.h:102:42: note: in definition of macro 'NODE_DEPRECATED'\n     __attribute__((deprecated(message))) declarator\n                                          ^~~~~~~~~~\n\u001b[0m\u001b[91mIn file included from ../src/validation.cc:15:0:\n../node_modules/nan/nan.h: In constructor 'Nan::Utf8String::Utf8String(v8::Local<v8::Value>)':\n../node_modules/nan/nan.h:890:53: error: no matching function for call to 'v8::Value::ToString()'\n       v8::Local<v8::String> string = from->ToString();\n                                                     ^\nIn file included from ../src/validation.cc:7:0:\n/root/.cache/node-gyp/12.22.12/include/node/v8.h:2668:44: note: candidate: v8::MaybeLocal<v8::String> v8::Value::ToString(v8::Local<v8::Context>) const\n   V8_WARN_UNUSED_RESULT MaybeLocal<String> ToString(\n                                            ^~~~~~~~\n/root/.cache/node-gyp/12.22.12/include/node/v8.h:2668:44: note:   candidate expects 1 argument, 0 provided\nIn file included from /root/.cache/node-gyp/12.22.12/include/node/v8-internal.h:14:0,\n                 from /root/.cache/node-gyp/12.22.12/include/node/v8.h:27,\n                 from ../src/validation.cc:7:\n/root/.cache/node-gyp/12.22.12/include/node/v8.h:2684:31: note: candidate: v8::Local<v8::String> v8::Value::ToString(v8::Isolate*) const\n                 Local<String> ToString(Isolate* isolate) const);\n                               ^\n/root/.cache/node-gyp/12.22.12/include/node/v8config.h:328:3: note: in definition of macro 'V8_DEPRECATED'\n   declarator __attribute__((deprecated(message)))\n   ^~~~~~~~~~\n/root/.cache/node-gyp/12.22.12/include/node/v8.h:2684:31: note:   candidate expects 1 argument, 0 provided\n                 Local<String> ToString(Isolate* isolate) const);\n                               ^\n/root/.cache/node-gyp/12.22.12/include/node/v8config.h:328:3: note: in definition of macro 'V8_DEPRECATED'\n   declarator __attribute__((deprecated(message)))\n   ^~~~~~~~~~\n\u001b[0m\u001b[91mIn file included from ../src/validation.cc:15:0:\n../node_modules/nan/nan.h:900:74: error: no matching function for call to 'v8::String::WriteUtf8(char*&, int, int, const int&)'\n         length_ = string->WriteUtf8(str_, static_cast<int>(len), 0, flags);\n                                                                          ^\nIn file included from ../src/validation.cc:7:0:\n/root/.cache/node-gyp/12.22.12/include/node/v8.h:2878:7: note: candidate: int v8::String::WriteUtf8(v8::Isolate*, char*, int, int*, int) const\n   int WriteUtf8(Isolate* isolate, char* buffer, int length = -1,\n       ^~~~~~~~~\n/root/.cache/node-gyp/12.22.12/include/node/v8.h:2878:7: note:   no known conversion for argument 1 from 'char*' to 'v8::Isolate*'\n\u001b[0m\u001b[91mIn file included from ../src/validation.cc:15:0:\n../node_modules/nan/nan.h: In member function 'v8::Local<v8::Value> Nan::Callback::Call_(v8::Isolate*, v8::Local<v8::Object>, int, v8::Local<v8::Value>*) const':\n../node_modules/nan/nan.h:1453:5: warning: 'v8::Local<v8::Value> node::MakeCallback(v8::Isolate*, v8::Local<v8::Object>, v8::Local<v8::Function>, int, v8::Local<v8::Value>*)' is deprecated: Use MakeCallback(..., async_context) [-Wdeprecated-declarations]\n     ));\n     ^\nIn file included from ../src/validation.cc:8:0:\n/root/.cache/node-gyp/12.22.12/include/node/node.h:183:50: note: declared here\n                 NODE_EXTERN v8::Local<v8::Value> MakeCallback(\n                                                  ^\n/root/.cache/node-gyp/12.22.12/include/node/node.h:102:42: note: in definition of macro 'NODE_DEPRECATED'\n     __attribute__((deprecated(message))) declarator\n                                          ^~~~~~~~~~\n\u001b[0m\u001b[91mIn file included from ../src/validation.cc:15:0:\n../node_modules/nan/nan.h: In member function 'void Nan::AsyncWorker::SaveToPersistent(const char*, const v8::Local<v8::Value>&)':\n../node_modules/nan/nan.h:1507:64: warning: 'bool v8::Object::Set(v8::Local<v8::Value>, v8::Local<v8::Value>)' is deprecated: Use maybe version [-Wdeprecated-declarations]\n     New(persistentHandle)->Set(New(key).ToLocalChecked(), value);\n                                                                ^\nIn file included from /root/.cache/node-gyp/12.22.12/include/node/v8-internal.h:14:0,\n                 from /root/.cache/node-gyp/12.22.12/include/node/v8.h:27,\n                 from ../src/validation.cc:7:\n/root/.cache/node-gyp/12.22.12/include/node/v8.h:3499:22: note: declared here\n                 bool Set(Local<Value> key, Local<Value> value));\n                      ^\n/root/.cache/node-gyp/12.22.12/include/node/v8config.h:328:3: note: in definition of macro 'V8_DEPRECATED'\n   declarator __attribute__((deprecated(message)))\n   ^~~~~~~~~~\n\u001b[0m\u001b[91mIn file included from ../src/validation.cc:15:0:\n../node_modules/nan/nan.h: In member function 'void Nan::AsyncWorker::SaveToPersistent(const v8::Local<v8::String>&, const v8::Local<v8::Value>&)':\n../node_modules/nan/nan.h:1513:42: warning: 'bool v8::Object::Set(v8::Local<v8::Value>, v8::Local<v8::Value>)' is deprecated: Use maybe version [-Wdeprecated-declarations]\n     New(persistentHandle)->Set(key, value);\n                                          ^\nIn file included from /root/.cache/node-gyp/12.22.12/include/node/v8-internal.h:14:0,\n                 from /root/.cache/node-gyp/12.22.12/include/node/v8.h:27,\n                 from ../src/validation.cc:7:\n/root/.cache/node-gyp/12.22.12/include/node/v8.h:3499:22: note: declared here\n                 bool Set(Local<Value> key, Local<Value> value));\n                      ^\n/root/.cache/node-gyp/12.22.12/include/node/v8config.h:328:3: note: in definition of macro 'V8_DEPRECATED'\n   declarator __attribute__((deprecated(message)))\n   ^~~~~~~~~~\n\u001b[0m\u001b[91mIn file included from ../src/validation.cc:15:0:\n../node_modules/nan/nan.h: In member function 'void Nan::AsyncWorker::SaveToPersistent(uint32_t, const v8::Local<v8::Value>&)':\n../node_modules/nan/nan.h:1519:44: warning: 'bool v8::Object::Set(uint32_t, v8::Local<v8::Value>)' is deprecated: Use maybe version [-Wdeprecated-declarations]\n     New(persistentHandle)->Set(index, value);\n                                            ^\nIn file included from /root/.cache/node-gyp/12.22.12/include/node/v8-internal.h:14:0,\n                 from /root/.cache/node-gyp/12.22.12/include/node/v8.h:27,\n                 from ../src/validation.cc:7:\n/root/.cache/node-gyp/12.22.12/include/node/v8.h:3508:22: note: declared here\n                 bool Set(uint32_t index, Local<Value> value));\n                      ^\n/root/.cache/node-gyp/12.22.12/include/node/v8config.h:328:3: note: in definition of macro 'V8_DEPRECATED'\n   declarator __attribute__((deprecated(message)))\n   ^~~~~~~~~~\n\u001b[0m\u001b[91mIn file included from ../src/validation.cc:15:0:\n../node_modules/nan/nan.h: In member function 'v8::Local<v8::Value> Nan::AsyncWorker::GetFromPersistent(const char*) const':\n../node_modules/nan/nan.h:1525:61: warning: 'v8::Local<v8::Value> v8::Object::Get(v8::Local<v8::Value>)' is deprecated: Use maybe version [-Wdeprecated-declarations]\n         New(persistentHandle)->Get(New(key).ToLocalChecked()));\n                                                             ^\nIn file included from /root/.cache/node-gyp/12.22.12/include/node/v8-internal.h:14:0,\n                 from /root/.cache/node-gyp/12.22.12/include/node/v8.h:27,\n                 from ../src/validation.cc:7:\n/root/.cache/node-gyp/12.22.12/include/node/v8.h:3553:51: note: declared here\n   V8_DEPRECATED(\"Use maybe version\", Local<Value> Get(Local<Value> key));\n                                                   ^\n/root/.cache/node-gyp/12.22.12/include/node/v8config.h:328:3: note: in definition of macro 'V8_DEPRECATED'\n   declarator __attribute__((deprecated(message)))\n   ^~~~~~~~~~\n\u001b[0m\u001b[91mIn file included from ../src/validation.cc:15:0:\n../node_modules/nan/nan.h: In member function 'v8::Local<v8::Value> Nan::AsyncWorker::GetFromPersistent(const v8::Local<v8::String>&) const':\n../node_modules/nan/nan.h:1531:55: warning: 'v8::Local<v8::Value> v8::Object::Get(v8::Local<v8::Value>)' is deprecated: Use maybe version [-Wdeprecated-declarations]\n     return scope.Escape(New(persistentHandle)->Get(key));\n                                                       ^\nIn file included from /root/.cache/node-gyp/12.22.12/include/node/v8-internal.h:14:0,\n                 from /root/.cache/node-gyp/12.22.12/include/node/v8.h:27,\n                 from ../src/validation.cc:7:\n/root/.cache/node-gyp/12.22.12/include/node/v8.h:3553:51: note: declared here\n   V8_DEPRECATED(\"Use maybe version\", Local<Value> Get(Local<Value> key));\n                                                   ^\n/root/.cache/node-gyp/12.22.12/include/node/v8config.h:328:3: note: in definition of macro 'V8_DEPRECATED'\n   declarator __attribute__((deprecated(message)))\n   ^~~~~~~~~~\n\u001b[0m\u001b[91mIn file included from ../src/validation.cc:15:0:\n../node_modules/nan/nan.h: In member function 'v8::Local<v8::Value> Nan::AsyncWorker::GetFromPersistent(uint32_t) const':\n../node_modules/nan/nan.h:1536:57: warning: 'v8::Local<v8::Value> v8::Object::Get(uint32_t)' is deprecated: Use maybe version [-Wdeprecated-declarations]\n     return scope.Escape(New(persistentHandle)->Get(index));\n                                                         ^\nIn file included from /root/.cache/node-gyp/12.22.12/include/node/v8-internal.h:14:0,\n                 from /root/.cache/node-gyp/12.22.12/include/node/v8.h:27,\n                 from ../src/validation.cc:7:\n/root/.cache/node-gyp/12.22.12/include/node/v8.h:3557:51: note: declared here\n   V8_DEPRECATED(\"Use maybe version\", Local<Value> Get(uint32_t index));\n                                                   ^\n/root/.cache/node-gyp/12.22.12/include/node/v8config.h:328:3: note: in definition of macro 'V8_DEPRECATED'\n   declarator __attribute__((deprecated(message)))\n   ^~~~~~~~~~\n\u001b[0m\u001b[91mIn file included from /usr/include/c++/6/cassert:44:0,\n                 from /root/.cache/node-gyp/12.22.12/include/node/node_object_wrap.h:26,\n                 from ../src/validation.cc:11:\n../node_modules/nan/nan_object_wrap.h: In destructor 'virtual Nan::ObjectWrap::~ObjectWrap()':\n../node_modules/nan/nan_object_wrap.h:24:25: error: 'class Nan::Persistent<v8::Object>' has no member named 'IsNearDeath'\n     assert(persistent().IsNearDeath());\n                         ^\n\u001b[0m\u001b[91mIn file included from ../node_modules/nan/nan.h:2190:0,\n                 from ../src/validation.cc:15:\n../node_modules/nan/nan_object_wrap.h: In member function 'void Nan::ObjectWrap::MakeWeak()':\n../node_modules/nan/nan_object_wrap.h:67:34: warning: 'void v8::PersistentBase<T>::MarkIndependent() [with T = v8::Object]' is deprecated: Weak objects are always considered independent. Use TracedGlobal when trying to use EmbedderHeapTracer. Use a strong handle when trying to keep an object alive. [-Wdeprecated-declarations]\n     persistent().MarkIndependent();\n                                  ^\nIn file included from /root/.cache/node-gyp/12.22.12/include/node/v8-internal.h:14:0,\n                 from /root/.cache/node-gyp/12.22.12/include/node/v8.h:27,\n                 from ../src/validation.cc:7:\n/root/.cache/node-gyp/12.22.12/include/node/v8.h:570:22: note: declared here\n       V8_INLINE void MarkIndependent());\n                      ^\n/root/.cache/node-gyp/12.22.12/include/node/v8config.h:328:3: note: in definition of macro 'V8_DEPRECATED'\n   declarator __attribute__((deprecated(message)))\n   ^~~~~~~~~~\n\u001b[0m\u001b[91mIn file included from /usr/include/c++/6/cassert:44:0,\n                 from /root/.cache/node-gyp/12.22.12/include/node/node_object_wrap.h:26,\n                 from ../src/validation.cc:11:\n../node_modules/nan/nan_object_wrap.h: In static member function 'static void Nan::ObjectWrap::WeakCallback(const v8::WeakCallbackInfo<Nan::ObjectWrap>&)':\n../node_modules/nan/nan_object_wrap.h:124:26: error: 'class Nan::Persistent<v8::Object>' has no member named 'IsNearDeath'\n     assert(wrap->handle_.IsNearDeath());\n                          ^\n\u001b[0m\u001b[91m../src/validation.cc: At global scope:\n../src/validation.cc:106:30: error: 'v8::Handle' has not been declared\n   static void Initialize(v8::Handle<v8::Object> target)\n                              ^~~~~~\n../src/validation.cc:106:36: error: expected ',' or '...' before '<' token\n   static void Initialize(v8::Handle<v8::Object> target)\n                                    ^\n\u001b[0m\u001b[91m../src/validation.cc: In static member function 'static void Validation::Initialize(int)':\n../src/validation.cc:112:14: error: 'target' was not declared in this scope\n     Nan::Set(target, Nan::New<String>(\"Validation\").ToLocalChecked(), t->GetFunction());\n              ^~~~~~\n\u001b[0m\u001b[91m../src/validation.cc:112:86: error: no matching function for call to 'v8::FunctionTemplate::GetFunction()'\n     Nan::Set(target, Nan::New<String>(\"Validation\").ToLocalChecked(), t->GetFunction());\n                                                                                      ^\n\u001b[0m\u001b[91mIn file included from ../src/validation.cc:7:0:\n/root/.cache/node-gyp/12.22.12/include/node/v8.h:6126:46: note: candidate: v8::MaybeLocal<v8::Function> v8::FunctionTemplate::GetFunction(v8::Local<v8::Context>)\n   V8_WARN_UNUSED_RESULT MaybeLocal<Function> GetFunction(\n                                              ^~~~~~~~~~~\n/root/.cache/node-gyp/12.22.12/include/node/v8.h:6126:46: note:   candidate expects 1 argument, 0 provided\n\u001b[0m\u001b[91m../src/validation.cc: In static member function 'static Nan::NAN_METHOD_RETURN_TYPE Validation::IsValidUTF8(Nan::NAN_METHOD_ARGS_TYPE)':\n../src/validation.cc:131:50: error: no matching function for call to 'v8::Value::ToObject()'\n     Local<Object> buffer_obj = info[0]->ToObject();\n                                                  ^\nIn file included from ../src/validation.cc:7:0:\n/root/.cache/node-gyp/12.22.12/include/node/v8.h:2672:44: note: candidate: v8::MaybeLocal<v8::Object> v8::Value::ToObject(v8::Local<v8::Context>) const\n   V8_WARN_UNUSED_RESULT MaybeLocal<Object> ToObject(\n                                            ^~~~~~~~\n/root/.cache/node-gyp/12.22.12/include/node/v8.h:2672:44: note:   candidate expects 1 argument, 0 provided\nIn file included from /root/.cache/node-gyp/12.22.12/include/node/v8-internal.h:14:0,\n                 from /root/.cache/node-gyp/12.22.12/include/node/v8.h:27,\n                 from ../src/validation.cc:7:\n/root/.cache/node-gyp/12.22.12/include/node/v8.h:2686:31: note: candidate: v8::Local<v8::Object> v8::Value::ToObject(v8::Isolate*) const\n                 Local<Object> ToObject(Isolate* isolate) const);\n                               ^\n/root/.cache/node-gyp/12.22.12/include/node/v8config.h:328:3: note: in definition of macro 'V8_DEPRECATED'\n   declarator __attribute__((deprecated(message)))\n   ^~~~~~~~~~\n/root/.cache/node-gyp/12.22.12/include/node/v8.h:2686:31: note:   candidate expects 1 argument, 0 provided\n                 Local<Object> ToObject(Isolate* isolate) const);\n                               ^\n/root/.cache/node-gyp/12.22.12/include/node/v8config.h:328:3: note: in definition of macro 'V8_DEPRECATED'\n   declarator __attribute__((deprecated(message)))\n   ^~~~~~~~~~\n\u001b[0m\u001b[91m../src/validation.cc: At global scope:\n../src/validation.cc:140:12: error: variable or field 'init' declared void\n void init (Handle<Object> target)\n            ^~~~~~\n../src/validation.cc:140:12: error: 'Handle' was not declared in this scope\n../src/validation.cc:140:25: error: expected primary-expression before '>' token\n void init (Handle<Object> target)\n                         ^\n../src/validation.cc:140:27: error: 'target' was not declared in this scope\n void init (Handle<Object> target)\n                           ^~~~~~\n\u001b[0m\u001b[91mIn file included from ../src/validation.cc:8:0:\n../src/validation.cc:146:25: error: 'init' was not declared in this scope\n NODE_MODULE(validation, init)\n                         ^\n/root/.cache/node-gyp/12.22.12/include/node/node.h:736:36: note: in definition of macro 'NODE_MODULE_X'\n       (node::addon_register_func) (regfunc),                          \\\n                                    ^~~~~~~\n../src/validation.cc:146:1: note: in expansion of macro 'NODE_MODULE'\n NODE_MODULE(validation, init)\n ^~~~~~~~~~~\n\u001b[0mvalidation.target.mk:112: recipe for target 'Release/obj.target/validation/src/validation.o' failed\nmake: Leaving directory '/react-app/node_modules/utf-8-validate/build'\n\u001b[91mmake: *** [Release/obj.target/validation/src/validation.o] Error 1\n\u001b[0m\u001b[91mgyp\u001b[0m\u001b[91m ERR!\u001b[0m\u001b[91m build error\u001b[0m\u001b[91m \n\u001b[0m\u001b[91mgyp \u001b[0m\u001b[91mERR! \u001b[0m\u001b[91mstack\u001b[0m\u001b[91m Error: `make` failed with exit code: 2\ngyp\u001b[0m\u001b[91m ERR!\u001b[0m\u001b[91m \u001b[0m\u001b[91mstack\u001b[0m\u001b[91m     at ChildProcess.onExit (/usr/local/lib/node_modules/npm/node_modules/node-gyp/lib/build.js:194:23)\n\u001b[0m\u001b[91mgyp\u001b[0m\u001b[91m \u001b[0m\u001b[91mERR! \u001b[0m\u001b[91mstack     at ChildProcess.emit (events.js:314:20)\n\u001b[0m\u001b[91mgyp ERR!\u001b[0m\u001b[91m stack\u001b[0m\u001b[91m     at Process.ChildProcess._handle.onexit (internal/child_process.js:276:12)\n\u001b[0m\u001b[91mgyp ERR!\u001b[0m\u001b[91m System\u001b[0m\u001b[91m Linux 5.4.0-113-generic\n\u001b[0m\u001b[91mgyp ERR!\u001b[0m\u001b[91m command \"/usr/local/bin/node\" \"/usr/local/lib/node_modules/npm/node_modules/node-gyp/bin/node-gyp.js\" \"rebuild\"\n\u001b[0m\u001b[91mgyp \u001b[0m\u001b[91mERR! \u001b[0m\u001b[91mcwd /react-app/node_modules/utf-8-validate\n\u001b[0m\u001b[91mgyp ERR!\u001b[0m\u001b[91m node -v\u001b[0m\u001b[91m v12.22.12\ngyp \u001b[0m\u001b[91mERR! \u001b[0m\u001b[91mnode-gyp -v v5.1.0\n\u001b[0m\u001b[91mgyp \u001b[0m\u001b[91mERR! \u001b[0m\u001b[91mnot ok \n\u001b[0m\n> bufferutil@4.0.3 install /react-app/node_modules/jsdom/node_modules/bufferutil\n> node-gyp-build\n\n\u001b[91msh: 1: node-gyp-build: not found\n\u001b[0m\n> utf-8-validate@5.0.4 install /react-app/node_modules/jsdom/node_modules/utf-8-validate\n> node-gyp-build\n\n\u001b[91msh: 1: node-gyp-build: not found\n\u001b[0m\n> core-js@2.6.11 postinstall /react-app/node_modules/babel-runtime/node_modules/core-js\n> node -e \"try{require('./postinstall')}catch(e){}\"\n\n\u001b[96mThank you for using core-js (\u001b[94m https://github.com/zloirock/core-js \u001b[96m) for polyfilling JavaScript standard library!\u001b[0m\n\n\u001b[96mThe project needs your help! Please consider supporting of core-js on Open Collective or Patreon: \u001b[0m\n\u001b[96m>\u001b[94m https://opencollective.com/core-js \u001b[0m\n\u001b[96m>\u001b[94m https://www.patreon.com/zloirock \u001b[0m\n\n\u001b[96mAlso, the author of core-js (\u001b[94m https://github.com/zloirock \u001b[96m) is looking for a good job -)\u001b[0m\n\n\n> core-js@3.6.5 postinstall /react-app/node_modules/core-js\n> node -e \"try{require('./postinstall')}catch(e){}\"\n\n\u001b[96mThank you for using core-js (\u001b[94m https://github.com/zloirock/core-js \u001b[96m) for polyfilling JavaScript standard library!\u001b[0m\n\n\u001b[96mThe project needs your help! Please consider supporting of core-js on Open Collective or Patreon: \u001b[0m\n\u001b[96m>\u001b[94m https://opencollective.com/core-js \u001b[0m\n\u001b[96m>\u001b[94m https://www.patreon.com/zloirock \u001b[0m\n\n\u001b[96mAlso, the author of core-js (\u001b[94m https://github.com/zloirock \u001b[96m) is looking for a good job -)\u001b[0m\n\n\n> core-js-pure@3.6.5 postinstall /react-app/node_modules/core-js-pure\n> node -e \"try{require('./postinstall')}catch(e){}\"\n\n\u001b[96mThank you for using core-js (\u001b[94m https://github.com/zloirock/core-js \u001b[96m) for polyfilling JavaScript standard library!\u001b[0m\n\n\u001b[96mThe project needs your help! Please consider supporting of core-js on Open Collective or Patreon: \u001b[0m\n\u001b[96m>\u001b[94m https://opencollective.com/core-js \u001b[0m\n\u001b[96m>\u001b[94m https://www.patreon.com/zloirock \u001b[0m\n\n\u001b[96mAlso, the author of core-js (\u001b[94m https://github.com/zloirock \u001b[96m) is looking for a good job -)\u001b[0m\n\n\n> ejs@2.7.4 postinstall /react-app/node_modules/ejs\n> node ./postinstall.js\n\nThank you for installing \u001b[35mEJS\u001b[0m: built with the \u001b[32mJake\u001b[0m JavaScript build tool (\u001b[32mhttps://jakejs.com/\u001b[0m)\n\n\n> core-js@2.6.12 postinstall /react-app/node_modules/react-spring/node_modules/core-js\n> node -e \"try{require('./postinstall')}catch(e){}\"\n\n\u001b[96mThank you for using core-js (\u001b[94m https://github.com/zloirock/core-js \u001b[96m) for polyfilling JavaScript standard library!\u001b[0m\n\n\u001b[96mThe project needs your help! Please consider supporting of core-js on Open Collective or Patreon: \u001b[0m\n\u001b[96m>\u001b[94m https://opencollective.com/core-js \u001b[0m\n\u001b[96m>\u001b[94m https://www.patreon.com/zloirock \u001b[0m\n\n\u001b[96mAlso, the author of core-js (\u001b[94m https://github.com/zloirock \u001b[96m) is looking for a good job -)\u001b[0m\n\n\n> spawn-sync@1.0.15 postinstall /react-app/node_modules/spawn-sync\n> node postinstall\n\n\n> @react-spring/core@9.0.0-rc.3 postinstall /react-app/node_modules/@react-spring/core\n> node -e \"console.log('\\u001b[35m\\u001b[1mEnjoy react-spring? You can now donate to our open collective:\\u001b[22m\\u001b[39m\\n > \\u001b[34mhttps://opencollective.com/react-spring/donate\\u001b[0m')\"\n\n\u001b[35m\u001b[1mEnjoy react-spring? You can now donate to our open collective:\u001b[22m\u001b[39m\n > \u001b[34mhttps://opencollective.com/react-spring/donate\u001b[0m\n\u001b[91mnpm WARN optional SKIPPING OPTIONAL DEPENDENCY: fsevents@2.3.2 (node_modules/watchpack/node_modules/fsevents):\nnpm WARN \u001b[0m\u001b[91mnotsup SKIPPING OPTIONAL DEPENDENCY: Unsupported platform for fsevents@2.3.2: wanted {\"os\":\"darwin\",\"arch\":\"any\"} (current: {\"os\":\"linux\",\"arch\":\"x64\"})\n\u001b[0m\u001b[91mnpm WARN optional SKIPPING OPTIONAL DEPENDENCY: fsevents@1.2.4 (node_modules/react-scripts/node_modules/fsevents):\nnpm WARN notsup SKIPPING OPTIONAL DEPENDENCY: Unsupported platform for fsevents@1.2.4: wanted {\"os\":\"darwin\",\"arch\":\"any\"} (current: {\"os\":\"linux\",\"arch\":\"x64\"})\n\u001b[0m\u001b[91mnpm WARN optional SKIPPING OPTIONAL DEPENDENCY: fsevents@1.2.13 (node_modules/fsevents):\nnpm WARN notsup SKIPPING OPTIONAL DEPENDENCY: Unsupported platform for fsevents@1.2.13: wanted {\"os\":\"darwin\",\"arch\":\"any\"} (current: {\"os\":\"linux\",\"arch\":\"x64\"})\n\u001b[0m\u001b[91mnpm WARN optional SKIPPING OPTIONAL DEPENDENCY: bufferutil@1.2.1 (node_modules/bufferutil):\nnpm WARN optional SKIPPING OPTIONAL DEPENDENCY: bufferutil@1.2.1 install: `node-gyp rebuild`\n\u001b[0m\u001b[91mnpm WARN optional SKIPPING OPTIONAL DEPENDENCY: Exit status 1\n\u001b[0m\u001b[91mnpm WARN optional SKIPPING OPTIONAL DEPENDENCY: utf-8-validate@1.2.2 (node_modules/utf-8-validate):\nnpm WARN optional SKIPPING OPTIONAL DEPENDENCY: utf-8-validate@1.2.2 install: `node-gyp rebuild`\nnpm WARN\u001b[0m\u001b[91m optional SKIPPING OPTIONAL DEPENDENCY: Exit status 1\n\u001b[0m\u001b[91mnpm WARN optional SKIPPING OPTIONAL DEPENDENCY: bufferutil@4.0.3 (node_modules/jsdom/node_modules/bufferutil):\nnpm WARN optional SKIPPING OPTIONAL DEPENDENCY: bufferutil@4.0.3 install: `node-gyp-build`\nnpm WARN \u001b[0m\u001b[91moptional SKIPPING OPTIONAL DEPENDENCY: spawn ENOENT\n\u001b[0m\u001b[91mnpm WARN optional SKIPPING OPTIONAL DEPENDENCY: utf-8-validate@5.0.4 (node_modules/jsdom/node_modules/utf-8-validate):\nnpm WARN optional SKIPPING OPTIONAL DEPENDENCY: utf-8-validate@5.0.4 install: `node-gyp-build`\nnpm WARN optional SKIPPING OPTIONAL DEPENDENCY: spawn ENOENT\n\u001b[0m\u001b[91m\n\u001b[0madded 2616 packages from 1272 contributors and audited 2632 packages in 50.588s\n\n80 packages are looking for funding\n  run `npm fund` for details\n\nfound 521 vulnerabilities (62 low, 145 moderate, 259 high, 55 critical)\n  run `npm audit fix` to fix them, or `npm audit` for details\nRemoving intermediate container 834a6bc058c9\n ---> 68ff91638028\nStep 6/17 : RUN npm run build\n ---> Running in 36be470128a2\n\n> react-app@0.1.0 build /react-app\n> react-scripts build\n\nCreating an optimized production build...\n\u001b[91mBrowserslist: caniuse-lite is outdated. Please run:\nnpx browserslist@latest --update-db\n\nWhy you should do it regularly:\nhttps://github.com/browserslist/browserslist#browsers-data-updating\n\u001b[0mCompiled with warnings.\n\n./src/components/GoogleMaps/index.js\n  Line 13:   'defaultLocations' is assigned a value but never used  no-unused-vars\n  Line 35:  'map' is assigned a value but never used               no-unused-vars\n\n./src/store/messages.js\n  Line 147:  'post' is defined but never used  no-unused-vars\n\n./src/components/MessagePage/index.js\n  Line 14:  'userArrayFromConvoKey' is defined but never used       no-unused-vars\n  Line 34:  'setAllReceiverIds' is assigned a value but never used  no-unused-vars\n  Line 42:  'messageSession' is assigned a value but never used     no-unused-vars\n  Line 54:  '_' is assigned a value but never used                  no-unused-vars\n\n./src/components/ProfilePage/index.js\n  Line 153:  img elements must have an alt prop, either with meaningful text, or an empty string for decorative images  jsx-a11y/alt-text\n\n./src/components/Post/index.js\n  Line 15:    'createMentionPlugin' is defined but never used       no-unused-vars\n  Line 189:   'history' is assigned a value but never used          no-unused-vars\n  Line 192:   'comments' is assigned a value but never used         no-unused-vars\n  Line 198:   'plugins' is assigned a value but never used          no-unused-vars\n  Line 204:  'editorState' is assigned a value but never used      no-unused-vars\n  Line 204:  'setEditorState' is assigned a value but never used   no-unused-vars\n  Line 208:   'timestamp' is assigned a value but never used        no-unused-vars\n  Line 219:   'likeHandler' is assigned a value but never used      no-unused-vars\n  Line 231:   'saveHandler' is assigned a value but never used      no-unused-vars\n  Line 241:   'deleteHandler' is assigned a value but never used    no-unused-vars\n  Line 272:   'dispatch' is assigned a value but never used         no-unused-vars\n  Line 274:  'setErrors' is assigned a value but never used        no-unused-vars\n  Line 275:  'setMessages' is assigned a value but never used      no-unused-vars\n  Line 325:   'closeModal' is assigned a value but never used       no-unused-vars\n  Line 335:   'escapeHideModal' is assigned a value but never used  no-unused-vars\n\n./src/store/posts.js\n  Line 167:  'res' is assigned a value but never used  no-unused-vars\n  Line 171:  'res' is assigned a value but never used  no-unused-vars\n\n./src/components/auth/LoginForm.js\n  Line 17:  'history' is assigned a value but never used  no-unused-vars\n\n./src/components/ProfilePage/UserRow.js\n  Line 1:   'useEffect' is defined but never used                    no-unused-vars\n  Line 2:   'Link' is defined but never used                         no-unused-vars\n  Line 46:  'showMiniProfile' is assigned a value but never used     no-unused-vars\n  Line 46:  'setShowMiniProfile' is assigned a value but never used  no-unused-vars\n\n./src/components/ProfilePage/Equipment.js\n  Line 1:  'useEffect' is defined but never used        no-unused-vars\n  Line 1:  'useState' is defined but never used         no-unused-vars\n  Line 2:  'Link' is defined but never used             no-unused-vars\n  Line 2:  'useHistory' is defined but never used       no-unused-vars\n  Line 3:   'fetchAFollowing' is defined but never used  no-unused-vars\n  Line 4:  'useDispatch' is defined but never used      no-unused-vars\n  Line 4:  'useSelector' is defined but never used      no-unused-vars\n\n./src/components/auth/LogoutButton.js\n  Line 1:  'useState' is defined but never used  no-unused-vars\n  Line 4:  'GrLogout' is defined but never used  no-unused-vars\n\n./src/components/ProfilePost/index.js\n  Line 1:   'useEffect' is defined but never used                no-unused-vars\n  Line 2:   'nanoid' is defined but never used                   no-unused-vars\n  Line 4:    'PicModal' is defined but never used                 no-unused-vars\n  Line 5:    'PicModalCaption' is defined but never used          no-unused-vars\n  Line 6:    'CommentInput' is defined but never used             no-unused-vars\n  Line 7:   'FaRegHeart' is defined but never used               no-unused-vars\n  Line 7:   'FaRegCommentDots' is defined but never used         no-unused-vars\n  Line 8:    'Comment' is defined but never used                  no-unused-vars\n  Line 9:   'Link' is defined but never used                     no-unused-vars\n  Line 12:   'BsHeart' is defined but never used                  no-unused-vars\n  Line 13:   'BsChat' is defined but never used                   no-unused-vars\n  Line 14:   'BsBookmark' is defined but never used               no-unused-vars\n  Line 15:   'BsHeartFill' is defined but never used              no-unused-vars\n  Line 16:   'BsBookmarkFill' is defined but never used           no-unused-vars\n  Line 24:  'FiEye' is defined but never used                    no-unused-vars\n  Line 30:  'setLikes' is assigned a value but never used        no-unused-vars\n  Line 31:  'setNumComments' is assigned a value but never used  no-unused-vars\n\n./src/components/AAAMainComponents/Bands/index.js\n  Line 1:    'useMemo' is defined but never used                                                                                                                                                              no-unused-vars\n  Line 6:    'fetchAllUsers' is defined but never used                                                                                                                                                        no-unused-vars\n  Line 8:    'ThreeJSBanner' is defined but never used                                                                                                                                                        no-unused-vars\n  Line 69:   'intvl' is assigned a value but never used                                                                                                                                                       no-unused-vars\n  Line 97:   Redundant alt attribute. Screen-readers already announce `img` tags as an image. You dont need to use the words `image`, `photo,` or `picture` (or any specified custom words) in the alt prop  jsx-a11y/img-redundant-alt\n  Line 173:   'categories' is assigned a value but never used                                                                                                                                                  no-unused-vars\n  Line 258:  'set' is assigned a value but never used                                                                                                                                                         no-unused-vars\n\n./src/components/NewPostModalNav/index.js\n  Line 1:  'React' is defined but never used  no-unused-vars\n\n./src/components/UserLists/UserList.js\n  Line 29:  'userComponents' is assigned a value but never used  no-unused-vars\n\n./src/components/NavBar/index.js\n  Line 2:   'Link' is defined but never used                                                                           no-unused-vars\n  Line 3:   'FcHome' is defined but never used                                                                         no-unused-vars\n  Line 3:   'FcAbout' is defined but never used                                                                        no-unused-vars\n  Line 5:   'IoImagesOutline' is defined but never used                                                                no-unused-vars\n  Line 6:   'FaWpexplorer' is defined but never used                                                                   no-unused-vars\n  Line 10:  'ImCompass2' is defined but never used                                                                     no-unused-vars\n  Line 41:  img elements must have an alt prop, either with meaningful text, or an empty string for decorative images  jsx-a11y/alt-text\n\n./src/components/AAAMainComponents/ThreeJS/index.js\n  Line 2:  'ReactDOM' is defined but never used  no-unused-vars\n\n./src/components/HashtagPage/index.js\n  Line 32:  img elements must have an alt prop, either with meaningful text, or an empty string for decorative images  jsx-a11y/alt-text\n\n./src/components/AAAMainComponents/SingleCard/index.js\n  Line 3:    'AiOutlineEye' is defined but never used                                                                   no-unused-vars\n  Line 17:    'BsChat' is defined but never used                                                                         no-unused-vars\n  Line 18:    'BsBookmark' is defined but never used                                                                     no-unused-vars\n  Line 20:    'BsBookmarkFill' is defined but never used                                                                 no-unused-vars\n  Line 373:  img elements must have an alt prop, either with meaningful text, or an empty string for decorative images  jsx-a11y/alt-text\n\n./src/components/About/index.js\n  Line 41:   Using target=\"_blank\" without rel=\"noopener noreferrer\" is a security risk: see https://mathiasbynens.github.io/rel-noopener  react/jsx-no-target-blank\n  Line 42:   img elements must have an alt prop, either with meaningful text, or an empty string for decorative images                     jsx-a11y/alt-text\n  Line 50:   Using target=\"_blank\" without rel=\"noopener noreferrer\" is a security risk: see https://mathiasbynens.github.io/rel-noopener  react/jsx-no-target-blank\n  Line 51:   img elements must have an alt prop, either with meaningful text, or an empty string for decorative images                     jsx-a11y/alt-text\n  Line 58:   Using target=\"_blank\" without rel=\"noopener noreferrer\" is a security risk: see https://mathiasbynens.github.io/rel-noopener  react/jsx-no-target-blank\n  Line 67:   Using target=\"_blank\" without rel=\"noopener noreferrer\" is a security risk: see https://mathiasbynens.github.io/rel-noopener  react/jsx-no-target-blank\n  Line 68:   img elements must have an alt prop, either with meaningful text, or an empty string for decorative images                     jsx-a11y/alt-text\n  Line 77:   Using target=\"_blank\" without rel=\"noopener noreferrer\" is a security risk: see https://mathiasbynens.github.io/rel-noopener  react/jsx-no-target-blank\n  Line 78:   img elements must have an alt prop, either with meaningful text, or an empty string for decorative images                     jsx-a11y/alt-text\n  Line 85:   Using target=\"_blank\" without rel=\"noopener noreferrer\" is a security risk: see https://mathiasbynens.github.io/rel-noopener  react/jsx-no-target-blank\n  Line 86:   img elements must have an alt prop, either with meaningful text, or an empty string for decorative images                     jsx-a11y/alt-text\n  Line 93:   Using target=\"_blank\" without rel=\"noopener noreferrer\" is a security risk: see https://mathiasbynens.github.io/rel-noopener  react/jsx-no-target-blank\n  Line 94:   img elements must have an alt prop, either with meaningful text, or an empty string for decorative images                     jsx-a11y/alt-text\n  Line 101:  Using target=\"_blank\" without rel=\"noopener noreferrer\" is a security risk: see https://mathiasbynens.github.io/rel-noopener  react/jsx-no-target-blank\n  Line 102:  img elements must have an alt prop, either with meaningful text, or an empty string for decorative images                     jsx-a11y/alt-text\n  Line 152:   'gotContents' is assigned a value but never used                                                                              no-unused-vars\n  Line 202:  img elements must have an alt prop, either with meaningful text, or an empty string for decorative images                     jsx-a11y/alt-text\n  Line 203:  img elements must have an alt prop, either with meaningful text, or an empty string for decorative images                     jsx-a11y/alt-text\n  Line 204:  img elements must have an alt prop, either with meaningful text, or an empty string for decorative images                     jsx-a11y/alt-text\n  Line 205:  img elements must have an alt prop, either with meaningful text, or an empty string for decorative images                     jsx-a11y/alt-text\n  Line 210:  img elements must have an alt prop, either with meaningful text, or an empty string for decorative images                     jsx-a11y/alt-text\n  Line 211:  img elements must have an alt prop, either with meaningful text, or an empty string for decorative images                     jsx-a11y/alt-text\n  Line 212:  img elements must have an alt prop, either with meaningful text, or an empty string for decorative images                     jsx-a11y/alt-text\n  Line 213:  img elements must have an alt prop, either with meaningful text, or an empty string for decorative images                     jsx-a11y/alt-text\n  Line 214:  img elements must have an alt prop, either with meaningful text, or an empty string for decorative images                     jsx-a11y/alt-text\n  Line 224:  img elements must have an alt prop, either with meaningful text, or an empty string for decorative images                     jsx-a11y/alt-text\n  Line 225:  img elements must have an alt prop, either with meaningful text, or an empty string for decorative images                     jsx-a11y/alt-text\n  Line 226:  img elements must have an alt prop, either with meaningful text, or an empty string for decorative images                     jsx-a11y/alt-text\n  Line 227:  img elements must have an alt prop, either with meaningful text, or an empty string for decorative images                     jsx-a11y/alt-text\n  Line 228:  img elements must have an alt prop, either with meaningful text, or an empty string for decorative images                     jsx-a11y/alt-text\n  Line 232:  img elements must have an alt prop, either with meaningful text, or an empty string for decorative images                     jsx-a11y/alt-text\n  Line 233:  img elements must have an alt prop, either with meaningful text, or an empty string for decorative images                     jsx-a11y/alt-text\n  Line 234:  img elements must have an alt prop, either with meaningful text, or an empty string for decorative images                     jsx-a11y/alt-text\n  Line 235:  img elements must have an alt prop, either with meaningful text, or an empty string for decorative images                     jsx-a11y/alt-text\n\n./src/components/AAPopups/Modals/index.js\n  Line 44:  img elements must have an alt prop, either with meaningful text, or an empty string for decorative images  jsx-a11y/alt-text\n\n./src/store/follow.js\n  Line 4:  'setUserPOJO' is defined but never used  no-unused-vars\n\n./src/components/Story/index.js\n  Line 4:   'WithSeeMore' is defined but never used            no-unused-vars\n  Line 15:  'openStory' is assigned a value but never used     no-unused-vars\n  Line 15:  'setOpenStory' is assigned a value but never used  no-unused-vars\n  Line 16:  'stories' is assigned a value but never used       no-unused-vars\n\n./src/components/SinglePostPage/index.js\n  Line 4:     'PicModal' is defined but never used                                                                       no-unused-vars\n  Line 32:    'profile' is assigned a value but never used                                                               no-unused-vars\n  Line 83:   img elements must have an alt prop, either with meaningful text, or an empty string for decorative images  jsx-a11y/alt-text\n  Line 117:  img elements must have an alt prop, either with meaningful text, or an empty string for decorative images  jsx-a11y/alt-text\n\n./src/App.js\n  Line 4:    'LoginForm' is defined but never used      no-unused-vars\n  Line 7:    'Feed' is defined but never used           no-unused-vars\n  Line 8:    'Suggestions' is defined but never used    no-unused-vars\n  Line 12:   'NewPostTab' is defined but never used     no-unused-vars\n  Line 16:   'Footer' is defined but never used         no-unused-vars\n  Line 19:  'StoryTopBox' is defined but never used    no-unused-vars\n  Line 27:   'user' is assigned a value but never used  no-unused-vars\n\n./src/components/PicModalCaption/index.js\n  Line 4:   'createMentionPlugin' is defined but never used  no-unused-vars\n  Line 5:  'Link' is defined but never used                 no-unused-vars\n  Line 11:  'profile' is assigned a value but never used     no-unused-vars\n  Line 12:  'history' is assigned a value but never used     no-unused-vars\n\n./src/components/auth/SignUpForm.js\n  Line 5:   'GrClose' is defined but never used                                                                        no-unused-vars\n  Line 75:   img elements must have an alt prop, either with meaningful text, or an empty string for decorative images  jsx-a11y/alt-text\n  Line 224:  'closeModal' is assigned a value but never used                                                            no-unused-vars\n  Line 234:  'escapeHideModal' is assigned a value but never used                                                       no-unused-vars\n\n./src/components/ProfilePostsNav/index.js\n  Line 5:  'BsGrid3X3' is defined but never used      no-unused-vars\n  Line 5:  'BsCloudUpload' is defined but never used  no-unused-vars\n  Line 7:  'FaFly' is defined but never used          no-unused-vars\n\n./src/components/CommentInput/index.js\n  Line 6:    'defaultSuggestionsFilter' is defined but never used  no-unused-vars\n  Line 13:    'clearMentions' is defined but never used             no-unused-vars\n  Line 17:    'fetchHomeFeed' is defined but never used             no-unused-vars\n  Line 21:   'uploadMessage' is defined but never used             no-unused-vars\n  Line 21:   'uploadConvoMessage' is defined but never used        no-unused-vars\n  Line 53:    'Hashtag' is assigned a value but never used          no-unused-vars\n  Line 179:  Expected '===' and instead saw '=='                   eqeqeq\n\n./src/components/NewPost/index.js\n  Line 6:     'defaultSuggestionsFilter' is defined but never used                                                       no-unused-vars\n  Line 12:   'Link' is defined but never used                                                                           no-unused-vars\n  Line 15:   'fetchHomeFeed' is defined but never used                                                                  no-unused-vars\n  Line 18:   'RiDragDropLine' is defined but never used                                                                 no-unused-vars\n  Line 19:   'GrDropbox' is defined but never used                                                                      no-unused-vars\n  Line 156:  Expected '===' and instead saw '=='                                                                        eqeqeq\n  Line 257:  '_' is assigned a value but never used                                                                     no-unused-vars\n  Line 294:  img elements must have an alt prop, either with meaningful text, or an empty string for decorative images  jsx-a11y/alt-text\n\n./src/components/Notification/index.js\n  Line 7:  'fetchSinglePost' is defined but never used                                                                no-unused-vars\n  Line 42:  img elements must have an alt prop, either with meaningful text, or an empty string for decorative images  jsx-a11y/alt-text\n\n./src/components/Feed/index.js\n  Line 7:   'BarePost' is defined but never used                                                                       no-unused-vars\n  Line 13:  'MediaDisplayer' is defined but never used                                                                 no-unused-vars\n  Line 31:   'setPost' is assigned a value but never used                                                               no-unused-vars\n  Line 39:   'num' is assigned a value but never used                                                                   no-unused-vars\n  Line 74:   'user' is assigned a value but never used                                                                  no-unused-vars\n  Line 77:  'postToPop' is assigned a value but never used                                                             no-unused-vars\n  Line 78:  'showPostModal' is assigned a value but never used                                                         no-unused-vars\n  Line 96:   'handleClick' is assigned a value but never used                                                           no-unused-vars\n  Line 107:  img elements must have an alt prop, either with meaningful text, or an empty string for decorative images  jsx-a11y/alt-text\n\n./src/components/Comment/index.js\n  Line 7:   'createMentionPlugin' is defined but never used       no-unused-vars\n  Line 8:   'defaultSuggestionsFilter' is defined but never used  no-unused-vars\n  Line 21:  'history' is assigned a value but never used          no-unused-vars\n\n./src/store/session.js\n  Line 87:  'post' is defined but never used  no-unused-vars\n\n./src/components/utils/index.js\n  Line 8:  'DarkModeSwitch' is defined but never used                                                                                                                                                       no-unused-vars\n  Line 40:  Redundant alt attribute. Screen-readers already announce `img` tags as an image. You dont need to use the words `image`, `photo,` or `picture` (or any specified custom words) in the alt prop  jsx-a11y/img-redundant-alt\n\nSearch for the keywords to learn more about each warning.\nTo ignore, add // eslint-disable-next-line to the line before.\n\nFile sizes after gzip:\n\n  437.43 KB  build/static/js/13.926735b2.chunk.js\n  47.46 KB   build/static/js/main.ad550321.chunk.js\n  10.98 KB   build/static/css/main.f676d19d.chunk.css\n  3.42 KB    build/static/js/reactPlayerFilePlayer.a8ed1c1b.chunk.js\n  2.96 KB    build/static/js/reactPlayerYouTube.46da8c7f.chunk.js\n  2.35 KB    build/static/js/reactPlayerDailyMotion.0e267f86.chunk.js\n  2.1 KB     build/static/js/reactPlayerWistia.710bfdbd.chunk.js\n  2.03 KB    build/static/js/reactPlayerVimeo.b41e8cf7.chunk.js\n  1.99 KB    build/static/js/reactPlayerTwitch.cdc13296.chunk.js\n  1.96 KB    build/static/js/reactPlayerSoundCloud.cff22071.chunk.js\n  1.96 KB    build/static/js/reactPlayerPreview.53a90940.chunk.js\n  1.94 KB    build/static/js/reactPlayerFacebook.03b78893.chunk.js\n  1.92 KB    build/static/js/reactPlayerVidyard.881d425e.chunk.js\n  1.87 KB    build/static/js/reactPlayerMixcloud.c136d8dd.chunk.js\n  1.76 KB    build/static/js/reactPlayerStreamable.610613c0.chunk.js\n  1.37 KB    build/static/js/runtime~main.b3a8b452.js\n  1.23 KB    build/static/css/13.f3701d02.chunk.css\n\nThe project was built assuming it is hosted at the server root.\nYou can control this with the homepage field in your package.json.\nFor example, add this to build it for GitHub Pages:\n\n  \"homepage\" : \"http://myname.github.io/myapp\",\n\nThe build folder is ready to be deployed.\nYou may serve it with a static server:\n\n  npm install -g serve\n  serve -s build\n\nFind out more about deployment here:\n\n  http://bit.ly/CRA-deploy\n\nRemoving intermediate container 36be470128a2\n ---> 691f2f432f9e\nStep 7/17 : FROM python:3.8\n ---> 51a078947558\nStep 8/17 : ENV FLASK_APP=app\n ---> Running in 532dfe0a9d43\nRemoving intermediate container 532dfe0a9d43\n ---> 63be47e2fac8\nStep 9/17 : ENV FLASK_ENV=production\n ---> Running in cc006e0a5b5c\nRemoving intermediate container cc006e0a5b5c\n ---> 3589854816c2\nStep 10/17 : ENV SQLALCHEMY_ECHO=False\n ---> Running in a6bec97332a8\nRemoving intermediate container a6bec97332a8\n ---> 1d71159e7d6a\nStep 11/17 : EXPOSE 8000 8080\n ---> Running in e70c788a3b35\nRemoving intermediate container e70c788a3b35\n ---> a8660c69a401\nStep 12/17 : WORKDIR /var/www\n ---> Running in 8cb093d0f67f\nRemoving intermediate container 8cb093d0f67f\n ---> e807da59da45\nStep 13/17 : COPY . .\n ---> 36fdc3218257\nStep 14/17 : COPY --from=build-stage /react-app/build/* app/static/\n ---> d7e04aeb4243\nStep 15/17 : RUN pip install --no-cache-dir -r requirements.txt\n ---> Running in 6ed820520359\nCollecting alembic==1.4.3\n  Downloading alembic-1.4.3-py2.py3-none-any.whl (159 kB)\n      159.9/159.9 KB 68.5 MB/s eta 0:00:00\nCollecting astroid==2.4.2\n  Downloading astroid-2.4.2-py3-none-any.whl (213 kB)\n      214.0/214.0 KB 304.4 MB/s eta 0:00:00\nCollecting boto3==1.16.60\n  Downloading boto3-1.16.60-py2.py3-none-any.whl (130 kB)\n      130.3/130.3 KB 322.8 MB/s eta 0:00:00\nCollecting botocore==1.19.60\n  Downloading botocore-1.19.60-py2.py3-none-any.whl (7.2 MB)\n      7.2/7.2 MB 112.8 MB/s eta 0:00:00\nCollecting click==7.1.2\n  Downloading click-7.1.2-py2.py3-none-any.whl (82 kB)\n      82.8/82.8 KB 248.7 MB/s eta 0:00:00\nCollecting dnspython==2.1.0\n  Downloading dnspython-2.1.0-py3-none-any.whl (241 kB)\n      242.0/242.0 KB 285.9 MB/s eta 0:00:00\nCollecting email-validator==1.1.2\n  Downloading email_validator-1.1.2-py2.py3-none-any.whl (17 kB)\nCollecting faker==5.7.0\n  Downloading Faker-5.7.0-py3-none-any.whl (1.1 MB)\n      1.1/1.1 MB 120.6 MB/s eta 0:00:00\nCollecting flask-cors==3.0.8\n  Downloading Flask_Cors-3.0.8-py2.py3-none-any.whl (14 kB)\nCollecting flask-jwt-extended==3.24.1\n  Downloading Flask-JWT-Extended-3.24.1.tar.gz (31 kB)\n  Preparing metadata (setup.py): started\n  Preparing metadata (setup.py): finished with status 'done'\nCollecting flask-login==0.5.0\n  Downloading Flask_Login-0.5.0-py2.py3-none-any.whl (16 kB)\nCollecting flask-migrate==2.5.3\n  Downloading Flask_Migrate-2.5.3-py2.py3-none-any.whl (13 kB)\nCollecting flask-sqlalchemy==2.4.4\n  Downloading Flask_SQLAlchemy-2.4.4-py2.py3-none-any.whl (17 kB)\nCollecting flask-wtf==0.14.3\n  Downloading Flask_WTF-0.14.3-py2.py3-none-any.whl (13 kB)\nCollecting flask==1.1.2\n  Downloading Flask-1.1.2-py2.py3-none-any.whl (94 kB)\n      94.6/94.6 KB 268.4 MB/s eta 0:00:00\nCollecting gunicorn==20.0.4\n  Downloading gunicorn-20.0.4-py2.py3-none-any.whl (77 kB)\n      77.9/77.9 KB 273.5 MB/s eta 0:00:00\nCollecting idna==3.1\n  Downloading idna-3.1-py3-none-any.whl (58 kB)\n      58.6/58.6 KB 242.7 MB/s eta 0:00:00\nCollecting isort==5.7.0\n  Downloading isort-5.7.0-py3-none-any.whl (104 kB)\n      104.2/104.2 KB 252.7 MB/s eta 0:00:00\nCollecting itsdangerous==1.1.0\n  Downloading itsdangerous-1.1.0-py2.py3-none-any.whl (16 kB)\nCollecting jinja2==2.11.2\n  Downloading Jinja2-2.11.2-py2.py3-none-any.whl (125 kB)\n      125.8/125.8 KB 295.5 MB/s eta 0:00:00\nCollecting jmespath==0.10.0\n  Downloading jmespath-0.10.0-py2.py3-none-any.whl (24 kB)\nCollecting lazy-object-proxy==1.4.3\n  Downloading lazy_object_proxy-1.4.3-cp38-cp38-manylinux1_x86_64.whl (58 kB)\n      58.6/58.6 KB 223.9 MB/s eta 0:00:00\nCollecting mako==1.1.3\n  Downloading Mako-1.1.3-py2.py3-none-any.whl (75 kB)\n      75.5/75.5 KB 90.0 MB/s eta 0:00:00\nCollecting markupsafe==1.1.1\n  Downloading MarkupSafe-1.1.1-cp38-cp38-manylinux2010_x86_64.whl (32 kB)\nCollecting mccabe==0.6.1\n  Downloading mccabe-0.6.1-py2.py3-none-any.whl (8.6 kB)\nCollecting pyjwt==1.7.1\n  Downloading PyJWT-1.7.1-py2.py3-none-any.whl (18 kB)\nCollecting pylint==2.6.0\n  Downloading pylint-2.6.0-py3-none-any.whl (325 kB)\n      325.7/325.7 KB 222.2 MB/s eta 0:00:00\nCollecting python-dateutil==2.8.1\n  Downloading python_dateutil-2.8.1-py2.py3-none-any.whl (227 kB)\n      227.2/227.2 KB 81.0 MB/s eta 0:00:00\nCollecting python-dotenv==0.14.0\n  Downloading python_dotenv-0.14.0-py2.py3-none-any.whl (17 kB)\nCollecting python-editor==1.0.4\n  Downloading python_editor-1.0.4-py3-none-any.whl (4.9 kB)\nCollecting s3transfer==0.3.4\n  Downloading s3transfer-0.3.4-py2.py3-none-any.whl (69 kB)\n      69.5/69.5 KB 243.9 MB/s eta 0:00:00\nCollecting six==1.15.0\n  Downloading six-1.15.0-py2.py3-none-any.whl (10 kB)\nCollecting sqlalchemy==1.3.19\n  Downloading SQLAlchemy-1.3.19-cp38-cp38-manylinux2010_x86_64.whl (1.3 MB)\n      1.3/1.3 MB 129.9 MB/s eta 0:00:00\nCollecting text-unidecode==1.3\n  Downloading text_unidecode-1.3-py2.py3-none-any.whl (78 kB)\n      78.2/78.2 KB 90.4 MB/s eta 0:00:00\nCollecting toml==0.10.2\n  Downloading toml-0.10.2-py2.py3-none-any.whl (16 kB)\nCollecting urllib3==1.26.3\n  Downloading urllib3-1.26.3-py2.py3-none-any.whl (137 kB)\n      137.0/137.0 KB 154.1 MB/s eta 0:00:00\nCollecting werkzeug==1.0.1\n  Downloading Werkzeug-1.0.1-py2.py3-none-any.whl (298 kB)\n      298.6/298.6 KB 257.1 MB/s eta 0:00:00\nCollecting wrapt==1.12.1\n  Downloading wrapt-1.12.1.tar.gz (27 kB)\n  Preparing metadata (setup.py): started\n  Preparing metadata (setup.py): finished with status 'done'\nCollecting wtforms==2.3.3\n  Downloading WTForms-2.3.3-py2.py3-none-any.whl (169 kB)\n      169.1/169.1 KB 303.3 MB/s eta 0:00:00\nRequirement already satisfied: setuptools>=3.0 in /usr/local/lib/python3.8/site-packages (from gunicorn==20.0.4->-r requirements.txt (line 16)) (57.5.0)\nBuilding wheels for collected packages: flask-jwt-extended, wrapt\n  Building wheel for flask-jwt-extended (setup.py): started\n  Building wheel for flask-jwt-extended (setup.py): finished with status 'done'\n  Created wheel for flask-jwt-extended: filename=Flask_JWT_Extended-3.24.1-py2.py3-none-any.whl size=21528 sha256=613f5e2985d0d99c87c838567bebb1c5af3d08d96b600e55bd3284d85d3c68f4\n  Stored in directory: /tmp/pip-ephem-wheel-cache-8ruivmwl/wheels/61/07/a0/b4f3fb0b5a3e2c51a4d3abc0efef78ba8e800ec1f4e76714b4\n  Building wheel for wrapt (setup.py): started\n  Building wheel for wrapt (setup.py): finished with status 'done'\n  Created wheel for wrapt: filename=wrapt-1.12.1-cp38-cp38-linux_x86_64.whl size=76300 sha256=e5db38535aafe129188e3b842b99aab3940547bba88caef9bf09a5a2f76c862b\n  Stored in directory: /tmp/pip-ephem-wheel-cache-8ruivmwl/wheels/5f/fd/9e/b6cf5890494cb8ef0b5eaff72e5d55a70fb56316007d6dfe73\nSuccessfully built flask-jwt-extended wrapt\nInstalling collected packages: wrapt, text-unidecode, python-editor, python-dotenv, pyjwt, mccabe, werkzeug, urllib3, toml, sqlalchemy, six, markupsafe, lazy-object-proxy, jmespath, itsdangerous, isort, idna, gunicorn, dnspython, click, wtforms, python-dateutil, mako, jinja2, email-validator, astroid, pylint, flask, faker, botocore, alembic, s3transfer, flask-wtf, flask-sqlalchemy, flask-login, flask-jwt-extended, flask-cors, flask-migrate, boto3\nSuccessfully installed alembic-1.4.3 astroid-2.4.2 boto3-1.16.60 botocore-1.19.60 click-7.1.2 dnspython-2.1.0 email-validator-1.1.2 faker-5.7.0 flask-1.1.2 flask-cors-3.0.8 flask-jwt-extended-3.24.1 flask-login-0.5.0 flask-migrate-2.5.3 flask-sqlalchemy-2.4.4 flask-wtf-0.14.3 gunicorn-20.0.4 idna-3.1 isort-5.7.0 itsdangerous-1.1.0 jinja2-2.11.2 jmespath-0.10.0 lazy-object-proxy-1.4.3 mako-1.1.3 markupsafe-1.1.1 mccabe-0.6.1 pyjwt-1.7.1 pylint-2.6.0 python-dateutil-2.8.1 python-dotenv-0.14.0 python-editor-1.0.4 s3transfer-0.3.4 six-1.15.0 sqlalchemy-1.3.19 text-unidecode-1.3 toml-0.10.2 urllib3-1.26.3 werkzeug-1.0.1 wrapt-1.12.1 wtforms-2.3.3\n\u001b[91mWARNING: Running pip as the 'root' user can result in broken permissions and conflicting behaviour with the system package manager. It is recommended to use a virtual environment instead: https://pip.pypa.io/warnings/venv\n\u001b[0m\u001b[91mWARNING: You are using pip version 22.0.4; however, version 22.3.1 is available.\nYou should consider upgrading via the '/usr/local/bin/python -m pip install --upgrade pip' command.\n\u001b[0mRemoving intermediate container 6ed820520359\n ---> 1845838da886\nStep 16/17 : RUN pip install --no-cache-dir psycopg2\n ---> Running in 329d1fc1773a\nCollecting psycopg2\n  Downloading psycopg2-2.9.5.tar.gz (384 kB)\n      384.3/384.3 KB 75.0 MB/s eta 0:00:00\n  Preparing metadata (setup.py): started\n  Preparing metadata (setup.py): finished with status 'done'\nBuilding wheels for collected packages: psycopg2\n  Building wheel for psycopg2 (setup.py): started\n  Building wheel for psycopg2 (setup.py): finished with status 'done'\n  Created wheel for psycopg2: filename=psycopg2-2.9.5-cp38-cp38-linux_x86_64.whl size=477384 sha256=e94b195acec3cadfe32ec542b158dd71230c8197f7da3083f3bcf44a4062649a\n  Stored in directory: /tmp/pip-ephem-wheel-cache-ct1dighl/wheels/ae/51/cd/0096c52b03b32a5ffea19b70f2c56c905b5d30774229808041\nSuccessfully built psycopg2\nInstalling collected packages: psycopg2\nSuccessfully installed psycopg2-2.9.5\n\u001b[91mWARNING: Running pip as the 'root' user can result in broken permissions and conflicting behaviour with the system package manager. It is recommended to use a virtual environment instead: https://pip.pypa.io/warnings/venv\n\u001b[0m\u001b[91mWARNING: You are using pip version 22.0.4; however, version 22.3.1 is available.\nYou should consider upgrading via the '/usr/local/bin/python -m pip install --upgrade pip' command.\n\u001b[0mRemoving intermediate container 329d1fc1773a\n ---> 62e3a2af1830\nStep 17/17 : CMD gunicorn app:app\n ---> Running in fcd9338ebc84\nRemoving intermediate container fcd9338ebc84\n ---> 3ef61cf8a6eb\nSuccessfully built 3ef61cf8a6eb\nSuccessfully tagged dronest:latest\n","stderr":"","imageSize":1056919866},"endTime":1672559423456}