{"repository":"https://github.com/topographql/topographql","dockerfilePath":"Dockerfile","startTime":1672618513043,"clone":{"stdout":"","stderr":"Cloning into '/tmp/dinghy-analysis/topographql/topographql'...\n","error":null,"commit":"ea4ce410da812339ca3043155f41f8b8e17a39e1"},"originalBuild":{"startTimestamp":1672618514449,"endTimestamp":1672618638213,"error":{"code":1,"killed":false,"signal":null,"cmd":"docker build --no-cache --force-rm -t topographql:latest -f /tmp/dinghy-analysis/topographql/topographql/Dockerfile ."},"stdout":"Sending build context to Docker daemon    724kB\r\r\nStep 1/7 : FROM node:alpine\n ---> f01bef8b5e92\nStep 2/7 : WORKDIR /usr/src/app\n ---> Running in aecf55cfe0b2\nRemoving intermediate container aecf55cfe0b2\n ---> 3f4c4b468ece\nStep 3/7 : COPY . /usr/src/app\n ---> 442ff4283250\nStep 4/7 : RUN npm install\n ---> Running in 8a50b25100db\n\u001b[91mnpm WARN ERESOLVE overriding peer dependency\n\u001b[0m\u001b[91mnpm WARN While resolving: graphql-language-service-interface@2.10.2\nnpm WARN Found: graphql@14.7.0\nnpm WARN node_modules/graphql\nnpm\u001b[0m\u001b[91m WARN   graphql@\"^14.6.0\" from the root project\nnpm WARN\u001b[0m\u001b[91m   13 more (@apollo/react-hooks, apollo-client, apollo-boost, ...)\n\u001b[0m\u001b[91mnpm \u001b[0m\u001b[91mWARN\u001b[0m\u001b[91m \nnpm \u001b[0m\u001b[91mWARN Could not resolve dependency:\n\u001b[0m\u001b[91mnpm WARN peer graphql@\"^15.5.0 || ^16.0.0\" from graphql-language-service-interface@2.10.2\n\u001b[0m\u001b[91mnpm WARN node_modules/graphql-language-service-interface\nnpm WARN   graphql-language-service-interface@\"^2.3.3\" from codemirror-graphql@0.11.6\n\u001b[0m\u001b[91mnpm WARN   node_modules/codemirror-graphql\n\u001b[0m\u001b[91mnpm WARN \nnpm WARN Conflicting peer dependency: graphql@16.6.0\nnpm WARN\u001b[0m\u001b[91m node_modules/graphql\nnpm WARN   peer graphql@\"^15.5.0 || ^16.0.0\" from graphql-language-service-interface@2.10.2\nnpm WARN   node_modules/graphql-language-service-interface\nnpm WARN     graphql-language-service-interface@\"^2.3.3\" from codemirror-graphql@0.11.6\n\u001b[0m\u001b[91mnpm WARN     node_modules/codemirror-graphql\n\u001b[0m\u001b[91mnpm WARN ERESOLVE overriding peer dependency\n\u001b[0m\u001b[91mnpm WARN ERESOLVE overriding peer dependency\n\u001b[0m\u001b[91mnpm WARN ERESOLVE\u001b[0m\u001b[91m overriding peer dependency\n\u001b[0m\u001b[91mnpm WARN While resolving: graphql-language-service-parser@1.10.4\nnpm WARN Found: graphql@14.7.0\nnpm WARN\u001b[0m\u001b[91m node_modules/graphql\nnpm WARN\u001b[0m\u001b[91m   graphql@\"^14.6.0\" from the root project\nnpm WARN\u001b[0m\u001b[91m   13 more (@apollo/react-hooks, apollo-client, apollo-boost, ...)\nnpm\u001b[0m\u001b[91m WARN\u001b[0m\u001b[91m \nnpm WARN\u001b[0m\u001b[91m Could not resolve dependency:\nnpm\u001b[0m\u001b[91m \u001b[0m\u001b[91mWARN peer graphql@\"^15.5.0 || ^16.0.0\" from graphql-language-service-parser@1.10.4\n\u001b[0m\u001b[91mnpm WARN\u001b[0m\u001b[91m node_modules/graphql-language-service-parser\nnpm WARN\u001b[0m\u001b[91m   graphql-language-service-parser@\"^1.5.2\" from codemirror-graphql@0.11.6\nnpm\u001b[0m\u001b[91m WARN\u001b[0m\u001b[91m   node_modules/codemirror-graphql\n\u001b[0m\u001b[91mnpm WARN\u001b[0m\u001b[91m   1 more (graphql-language-service-interface)\nnpm\u001b[0m\u001b[91m WARN \n\u001b[0m\u001b[91mnpm \u001b[0m\u001b[91mWARN\u001b[0m\u001b[91m Conflicting peer dependency: graphql@16.6.0\nnpm \u001b[0m\u001b[91mWARN\u001b[0m\u001b[91m node_modules/graphql\n\u001b[0m\u001b[91mnpm WARN   peer graphql@\"^15.5.0 || ^16.0.0\" from graphql-language-service-parser@1.10.4\n\u001b[0m\u001b[91mnpm WARN\u001b[0m\u001b[91m   node_modules/graphql-language-service-parser\nnpm WARN\u001b[0m\u001b[91m     graphql-language-service-parser@\"^1.5.2\" from codemirror-graphql@0.11.6\nnpm WARN\u001b[0m\u001b[91m     node_modules/codemirror-graphql\nnpm WARN\u001b[0m\u001b[91m     1 more (graphql-language-service-interface)\n\u001b[0m\u001b[91mnpm WARN ERESOLVE overriding peer dependency\n\u001b[0m\u001b[91mnpm WARN deprecated source-map-url@0.4.1: See https://github.com/lydell/source-map-url#deprecated\n\u001b[0m\u001b[91mnpm WARN deprecated urix@0.1.0: Please see https://github.com/lydell/urix#deprecated\n\u001b[0m\u001b[91mnpm WARN deprecated left-pad@1.3.0: use String.prototype.padStart()\n\u001b[0m\u001b[91mnpm WARN deprecated resolve-url@0.2.1: https://github.com/lydell/resolve-url#deprecated\n\u001b[0m\u001b[91mnpm\u001b[0m\u001b[91m WARN deprecated source-map-resolve@0.5.3: See https://github.com/lydell/source-map-resolve#deprecated\n\u001b[0m\u001b[91mnpm WARN deprecated querystring@0.2.0: The querystring API is considered Legacy. new code should use the URLSearchParams API instead.\n\u001b[0m\u001b[91mnpm WARN deprecated formidable@1.2.6: Please upgrade to latest, formidable@v2 or formidable@v3! Check these notes: https://bit.ly/2ZEqIau\n\u001b[0m\u001b[91mnpm WARN deprecated har-validator@5.1.5: this library is no longer supported\n\u001b[0m\u001b[91mnpm WARN deprecated uuid@3.4.0: Please upgrade  to version 7 or higher.  Older versions may use Math.random() in certain circumstances, which is known to be problematic.  See https://v8.dev/blog/math-random for details.\n\u001b[0m\u001b[91mnpm WARN deprecated request-promise-native@1.0.9: request-promise-native has been deprecated because it extends the now deprecated request package, see https://github.com/request/request/issues/3142\n\u001b[0m\u001b[91mnpm WARN deprecated w3c-hr-time@1.0.2: Use your platform's native performance.now() and performance.timeOrigin.\n\u001b[0m\u001b[91mnpm WARN deprecated sane@4.1.0: some dependency vulnerabilities fixed, support for node < 10 dropped, and newer ECMAScript syntax/features added\n\u001b[0m\u001b[91mnpm WARN deprecated superagent@3.8.3: Please upgrade to v7.0.2+ of superagent.  We have fixed numerous issues with streams, form-data, attach(), filesystem errors not bubbling up (ENOENT on attach()), and all tests are now passing.  See the releases tab for more information at <https://github.com/visionmedia/superagent/releases>.\n\u001b[0m\u001b[91mnpm WARN deprecated request@2.88.2: request has been deprecated, see https://github.com/request/request/issues/3142\n\u001b[0m\u001b[91mnpm WARN deprecated chokidar@2.1.8: Chokidar 2 does not receive security updates since 2019. Upgrade to chokidar 3 with 15x fewer dependencies\n\u001b[0m\u001b[91mnpm WARN deprecated chokidar@2.1.8: Chokidar 2 does not receive security updates since 2019. Upgrade to chokidar 3 with 15x fewer dependencies\n\u001b[0m\u001b[91mnpm WARN deprecated tar@2.2.2: This version of tar is no longer supported, and will not receive security updates. Please upgrade asap.\n\u001b[0m\u001b[91mnpm WARN deprecated core-js@2.6.12: core-js@<3.23.3 is no longer maintained and not recommended for usage due to the number of issues. Because of the V8 engine whims, feature detection in old core-js versions could cause a slowdown up to 100x even if nothing is polyfilled. Some versions have web compatibility issues. Please, upgrade your dependencies to the actual version of core-js.\n\u001b[0m\u001b[91mnpm ERR! code 1\n\u001b[0m\u001b[91mnpm ERR! path /usr/src/app/node_modules/node-sass\n\u001b[0m\u001b[91mnpm ERR! command failed\nnpm ERR! command sh -c node scripts/build.js\n\u001b[0m\u001b[91mnpm ERR! Building: /usr/local/bin/node /usr/src/app/node_modules/node-gyp/bin/node-gyp.js rebuild --verbose --libsass_ext= --libsass_cflags= --libsass_ldflags= --libsass_library=\n\u001b[0m\u001b[91mnpm ERR! gyp info it worked if it ends with ok\nnpm ERR! gyp verb cli [\nnpm ERR! gyp verb cli   '/usr/local/bin/node',\nnpm ERR!\u001b[0m\u001b[91m gyp verb cli   '/usr/src/app/node_modules/node-gyp/bin/node-gyp.js',\nnpm ERR! gyp verb cli   'rebuild',\nnpm ERR! gyp verb cli   '--verbose',\n\u001b[0m\u001b[91mnpm ERR! gyp verb cli   '--libsass_ext=',\n\u001b[0m\u001b[91mnpm ERR! gyp verb cli   '--libsass_cflags=',\n\u001b[0m\u001b[91mnpm ERR!\u001b[0m\u001b[91m gyp verb cli   '--libsass_ldflags=',\nnpm \u001b[0m\u001b[91mERR! gyp verb cli   '--libsass_library='\nnpm\u001b[0m\u001b[91m ERR!\u001b[0m\u001b[91m gyp verb cli ]\nnpm \u001b[0m\u001b[91mERR! gyp info using node-gyp@3.8.0\nnpm\u001b[0m\u001b[91m ERR! gyp info using node@19.3.0 | linux | x64\nnpm ERR! gyp verb command rebuild []\nnpm ERR! gyp verb command clean []\nnpm ERR! gyp verb clean removing \"build\" directory\nnpm ERR!\u001b[0m\u001b[91m gyp verb command configure []\nnpm ERR! gyp verb check python checking for Python executable \"python2\" in the PATH\nnpm ERR! gyp verb `which` failed Error: not found: python2\nnpm\u001b[0m\u001b[91m ERR! gyp verb `which` failed     at getNotFoundError (/usr/src/app/node_modules/which/which.js:13:12)\nnpm ERR!\u001b[0m\u001b[91m gyp verb `which` failed     at F (/usr/src/app/node_modules/which/which.js:68:19)\nnpm ERR!\u001b[0m\u001b[91m gyp verb `which` failed     at E (/usr/src/app/node_modules/which/which.js:80:29)\n\u001b[0m\u001b[91mnpm ERR!\u001b[0m\u001b[91m gyp verb `which` failed     at /usr/src/app/node_modules/which/which.js:89:16\n\u001b[0m\u001b[91mnpm ERR! gyp verb `which` failed     at /usr/src/app/node_modules/isexe/index.js:42:5\n\u001b[0m\u001b[91mnpm ERR!\u001b[0m\u001b[91m gyp verb `which` failed     at /usr/src/app/node_modules/isexe/mode.js:8:5\n\u001b[0m\u001b[91mnpm ERR! gyp verb `which` failed     at FSReqCallback.oncomplete (node:fs:190:21)\nnpm \u001b[0m\u001b[91mERR!\u001b[0m\u001b[91m gyp verb `which` failed  python2 Error: not found: python2\n\u001b[0m\u001b[91mnpm ERR! gyp verb `which` failed     at getNotFoundError (/usr/src/app/node_modules/which/which.js:13:12)\n\u001b[0m\u001b[91mnpm ERR! gyp verb `which` failed     at F (/usr/src/app/node_modules/which/which.js:68:19)\nnpm\u001b[0m\u001b[91m ERR!\u001b[0m\u001b[91m gyp verb `which` failed     at E (/usr/src/app/node_modules/which/which.js:80:29)\nnpm ERR!\u001b[0m\u001b[91m gyp verb `which` failed     at /usr/src/app/node_modules/which/which.js:89:16\nnpm\u001b[0m\u001b[91m ERR! gyp verb `which` failed     at /usr/src/app/node_modules/isexe/index.js:42:5\n\u001b[0m\u001b[91mnpm ERR!\u001b[0m\u001b[91m gyp verb `which` failed     at /usr/src/app/node_modules/isexe/mode.js:8:5\nnpm ERR!\u001b[0m\u001b[91m gyp verb `which` failed     at FSReqCallback.oncomplete (node:fs:190:21) {\nnpm\u001b[0m\u001b[91m ERR!\u001b[0m\u001b[91m gyp verb `which` failed   code: 'ENOENT'\nnpm ERR!\u001b[0m\u001b[91m gyp verb `which` failed }\n\u001b[0m\u001b[91mnpm ERR!\u001b[0m\u001b[91m gyp verb check python checking for Python executable \"python\" in the PATH\nnpm\u001b[0m\u001b[91m ERR! gyp verb `which` failed Error: not found: python\nnpm ERR!\u001b[0m\u001b[91m gyp verb `which` failed     at getNotFoundError (/usr/src/app/node_modules/which/which.js:13:12)\nnpm ERR! gyp verb `which` failed     at F (/usr/src/app/node_modules/which/which.js:68:19)\nnpm\u001b[0m\u001b[91m ERR!\u001b[0m\u001b[91m gyp verb `which` failed     at E (/usr/src/app/node_modules/which/which.js:80:29)\nnpm ERR! gyp verb `which` failed     at /usr/src/app/node_modules/which/which.js:89:16\n\u001b[0m\u001b[91mnpm ERR!\u001b[0m\u001b[91m gyp verb `which` failed     at /usr/src/app/node_modules/isexe/index.js:42:5\nnpm ERR!\u001b[0m\u001b[91m gyp verb `which` failed     at /usr/src/app/node_modules/isexe/mode.js:8:5\nnpm ERR! gyp verb `which` failed     at FSReqCallback.oncomplete (node:fs:190:21)\nnpm \u001b[0m\u001b[91mERR!\u001b[0m\u001b[91m gyp verb `which` failed  python Error: not found: python\n\u001b[0m\u001b[91mnpm\u001b[0m\u001b[91m ERR!\u001b[0m\u001b[91m gyp verb `which` failed     at getNotFoundError (/usr/src/app/node_modules/which/which.js:13:12)\nnpm\u001b[0m\u001b[91m ERR! gyp verb `which` failed     at F (/usr/src/app/node_modules/which/which.js:68:19)\nnpm \u001b[0m\u001b[91mERR! gyp verb `which` failed     at E (/usr/src/app/node_modules/which/which.js:80:29)\n\u001b[0m\u001b[91mnpm ERR! gyp verb `which` failed     at /usr/src/app/node_modules/which/which.js:89:16\nnpm\u001b[0m\u001b[91m ERR! gyp verb `which` failed     at /usr/src/app/node_modules/isexe/index.js:42:5\nnpm \u001b[0m\u001b[91mERR!\u001b[0m\u001b[91m gyp verb `which` failed     at /usr/src/app/node_modules/isexe/mode.js:8:5\nnpm ERR!\u001b[0m\u001b[91m gyp verb `which` failed     at FSReqCallback.oncomplete (node:fs:190:21) {\nnpm \u001b[0m\u001b[91mERR! gyp verb `which` failed   code: 'ENOENT'\nnpm \u001b[0m\u001b[91mERR! gyp verb `which` failed }\nnpm ERR! gyp ERR! configure error \nnpm ERR! gyp ERR! stack Error: Can't find Python executable \"python\", you can set the PYTHON env variable.\n\u001b[0m\u001b[91mnpm ERR! gyp ERR! stack     at PythonFinder.failNoPython (/usr/src/app/node_modules/node-gyp/lib/configure.js:484:19)\nnpm\u001b[0m\u001b[91m ERR!\u001b[0m\u001b[91m gyp ERR! stack     at PythonFinder.<anonymous> (/usr/src/app/node_modules/node-gyp/lib/configure.js:406:16)\n\u001b[0m\u001b[91mnpm ERR!\u001b[0m\u001b[91m gyp ERR! stack     at F (/usr/src/app/node_modules/which/which.js:68:16)\nnpm \u001b[0m\u001b[91mERR! gyp ERR! stack     at E (/usr/src/app/node_modules/which/which.js:80:29)\n\u001b[0m\u001b[91mnpm ERR!\u001b[0m\u001b[91m gyp ERR! stack     at /usr/src/app/node_modules/which/which.js:89:16\nnpm\u001b[0m\u001b[91m ERR! gyp ERR! stack     at /usr/src/app/node_modules/isexe/index.js:42:5\nnpm ERR! gyp ERR! stack     at /usr/src/app/node_modules/isexe/mode.js:8:5\nnpm \u001b[0m\u001b[91mERR!\u001b[0m\u001b[91m gyp ERR! stack     at FSReqCallback.oncomplete (node:fs:190:21)\nnpm\u001b[0m\u001b[91m ERR! gyp ERR! System Linux 5.4.0-113-generic\nnpm\u001b[0m\u001b[91m ERR! gyp ERR! command \"/usr/local/bin/node\" \"/usr/src/app/node_modules/node-gyp/bin/node-gyp.js\" \"rebuild\" \"--verbose\" \"--libsass_ext=\" \"--libsass_cflags=\" \"--libsass_ldflags=\" \"--libsass_library=\"\n\u001b[0m\u001b[91mnpm ERR! gyp ERR! cwd /usr/src/app/node_modules/node-sass\nnpm \u001b[0m\u001b[91mERR!\u001b[0m\u001b[91m gyp ERR! node -v v19.3.0\nnpm ERR!\u001b[0m\u001b[91m gyp ERR! node-gyp -v v3.8.0\nnpm \u001b[0m\u001b[91mERR!\u001b[0m\u001b[91m gyp ERR! not ok \nnpm\u001b[0m\u001b[91m ERR!\u001b[0m\u001b[91m Build failed with error code: 1\n\u001b[0m\u001b[91m\n\u001b[0m\u001b[91mnpm ERR! A complete log of this run can be found in:\nnpm ERR!     /root/.npm/_logs/2023-01-02T00_15_17_023Z-debug-0.log\n\u001b[0mRemoving intermediate container 8a50b25100db\n","stderr":"The command '/bin/sh -c npm install' returned a non-zero code: 1\n"},"endTime":1672618638282}