{"repository":"https://github.com/yooli23/legoeval","dockerfilePath":"Dockerfile","startTime":1673006302746,"endTime":1673006793332,"clone":{"startTime":1673006302746,"stdout":"","stderr":"Cloning into '/tmp/dinghy-analysis/yooli23/legoeval'...\n","error":null,"endTime":1673006303916,"commit":"7252e8ca8625bf2c12405a59f2b98784989d4fd8"},"originalBuild":{"startTime":1673006303996,"endTime":1673006555489,"error":null,"stdout":"Sending build context to Docker daemon  2.991MB\r\r\nStep 1/5 : FROM node\nlatest: Pulling from library/node\nDigest: sha256:d5222e1ebd7dd7e9683f47a8861a4711cb4407a4830cbe04a582ca4986245700\nStatus: Downloaded newer image for node:latest\n ---> 548714e444f4\nStep 2/5 : COPY ./app/requirements.txt .\n ---> 39facf714a6d\nStep 3/5 : RUN apt-get update -y     && apt-get install -y     python3     python3-pip     apt-utils     curl     git     wget     && pip3 install --upgrade pip     && pip3 install -r requirements.txt\n ---> Running in 6ae56cfc2c8e\nGet:1 http://deb.debian.org/debian bullseye InRelease [116 kB]\nGet:2 http://deb.debian.org/debian-security bullseye-security InRelease [48.4 kB]\nGet:3 http://deb.debian.org/debian bullseye-updates InRelease [44.1 kB]\nGet:4 http://deb.debian.org/debian bullseye/main amd64 Packages [8183 kB]\nGet:5 http://deb.debian.org/debian-security bullseye-security/main amd64 Packages [210 kB]\nGet:6 http://deb.debian.org/debian bullseye-updates/main amd64 Packages [14.6 kB]\nFetched 8616 kB in 2s (4561 kB/s)\nReading package lists...\nReading package lists...\nBuilding dependency tree...\nReading state information...\ncurl is already the newest version (7.74.0-1.3+deb11u3).\ngit is already the newest version (1:2.30.2-1).\npython3 is already the newest version (3.9.2-3).\npython3 set to manually installed.\nwget is already the newest version (1.21-1+deb11u1).\nThe following additional packages will be installed:\n  build-essential javascript-common libjs-jquery libjs-sphinxdoc\n  libjs-underscore libpython3-dev libpython3.9 libpython3.9-dev python-pip-whl\n  python3-dev python3-pkg-resources python3-setuptools python3-wheel\n  python3.9-dev\nSuggested packages:\n  apache2 | lighttpd | httpd python-setuptools-doc\nThe following NEW packages will be installed:\n  apt-utils build-essential javascript-common libjs-jquery libjs-sphinxdoc\n  libjs-underscore libpython3-dev libpython3.9 libpython3.9-dev python-pip-whl\n  python3-dev python3-pip python3-pkg-resources python3-setuptools\n  python3-wheel python3.9-dev\n0 upgraded, 16 newly installed, 0 to remove and 1 not upgraded.\nNeed to get 10.1 MB of archives.\nAfter this operation, 35.2 MB of additional disk space will be used.\nGet:1 http://deb.debian.org/debian bullseye/main amd64 apt-utils amd64 2.2.4 [439 kB]\nGet:2 http://deb.debian.org/debian bullseye/main amd64 build-essential amd64 12.9 [7704 B]\nGet:3 http://deb.debian.org/debian bullseye/main amd64 javascript-common all 11+nmu1 [6260 B]\nGet:4 http://deb.debian.org/debian bullseye/main amd64 libjs-jquery all 3.5.1+dfsg+~3.5.5-7 [315 kB]\nGet:5 http://deb.debian.org/debian bullseye/main amd64 libjs-underscore all 1.9.1~dfsg-3 [100 kB]\nGet:6 http://deb.debian.org/debian bullseye/main amd64 libjs-sphinxdoc all 3.4.3-2 [127 kB]\nGet:7 http://deb.debian.org/debian bullseye/main amd64 libpython3.9 amd64 3.9.2-1 [1691 kB]\nGet:8 http://deb.debian.org/debian bullseye/main amd64 libpython3.9-dev amd64 3.9.2-1 [4028 kB]\nGet:9 http://deb.debian.org/debian bullseye/main amd64 libpython3-dev amd64 3.9.2-3 [21.7 kB]\nGet:10 http://deb.debian.org/debian bullseye/main amd64 python-pip-whl all 20.3.4-4+deb11u1 [1948 kB]\nGet:11 http://deb.debian.org/debian bullseye/main amd64 python3.9-dev amd64 3.9.2-1 [515 kB]\nGet:12 http://deb.debian.org/debian bullseye/main amd64 python3-dev amd64 3.9.2-3 [24.8 kB]\nGet:13 http://deb.debian.org/debian bullseye/main amd64 python3-pkg-resources all 52.0.0-4 [190 kB]\nGet:14 http://deb.debian.org/debian bullseye/main amd64 python3-setuptools all 52.0.0-4 [366 kB]\nGet:15 http://deb.debian.org/debian bullseye/main amd64 python3-wheel all 0.34.2-1 [24.0 kB]\nGet:16 http://deb.debian.org/debian bullseye/main amd64 python3-pip all 20.3.4-4+deb11u1 [337 kB]\n\u001b[91mdebconf: delaying package configuration, since apt-utils is not installed\n\u001b[0mFetched 10.1 MB in 1s (9291 kB/s)\nSelecting previously unselected package apt-utils.\r\n(Reading database ... \r(Reading database ... 5%\r(Reading database ... 10%\r(Reading database ... 15%\r(Reading database ... 20%\r(Reading database ... 25%\r(Reading database ... 30%\r(Reading database ... 35%\r(Reading database ... 40%\r(Reading database ... 45%\r(Reading database ... 50%\r(Reading database ... 55%\r(Reading database ... 60%\r(Reading database ... 65%\r(Reading database ... 70%\r(Reading database ... 75%\r(Reading database ... 80%\r(Reading database ... 85%\r(Reading database ... 90%\r(Reading database ... 95%\r(Reading database ... 100%\r(Reading database ... 22790 files and directories currently installed.)\r\nPreparing to unpack .../00-apt-utils_2.2.4_amd64.deb ...\r\nUnpacking apt-utils (2.2.4) ...\r\nSelecting previously unselected package build-essential.\r\nPreparing to unpack .../01-build-essential_12.9_amd64.deb ...\r\nUnpacking build-essential (12.9) ...\r\nSelecting previously unselected package javascript-common.\r\nPreparing to unpack .../02-javascript-common_11+nmu1_all.deb ...\r\nUnpacking javascript-common (11+nmu1) ...\r\nSelecting previously unselected package libjs-jquery.\r\nPreparing to unpack .../03-libjs-jquery_3.5.1+dfsg+~3.5.5-7_all.deb ...\r\nUnpacking libjs-jquery (3.5.1+dfsg+~3.5.5-7) ...\r\nSelecting previously unselected package libjs-underscore.\r\nPreparing to unpack .../04-libjs-underscore_1.9.1~dfsg-3_all.deb ...\r\nUnpacking libjs-underscore (1.9.1~dfsg-3) ...\r\nSelecting previously unselected package libjs-sphinxdoc.\r\nPreparing to unpack .../05-libjs-sphinxdoc_3.4.3-2_all.deb ...\r\nUnpacking libjs-sphinxdoc (3.4.3-2) ...\r\nSelecting previously unselected package libpython3.9:amd64.\r\nPreparing to unpack .../06-libpython3.9_3.9.2-1_amd64.deb ...\r\nUnpacking libpython3.9:amd64 (3.9.2-1) ...\r\nSelecting previously unselected package libpython3.9-dev:amd64.\r\nPreparing to unpack .../07-libpython3.9-dev_3.9.2-1_amd64.deb ...\r\nUnpacking libpython3.9-dev:amd64 (3.9.2-1) ...\r\nSelecting previously unselected package libpython3-dev:amd64.\r\nPreparing to unpack .../08-libpython3-dev_3.9.2-3_amd64.deb ...\r\nUnpacking libpython3-dev:amd64 (3.9.2-3) ...\r\nSelecting previously unselected package python-pip-whl.\r\nPreparing to unpack .../09-python-pip-whl_20.3.4-4+deb11u1_all.deb ...\r\nUnpacking python-pip-whl (20.3.4-4+deb11u1) ...\r\nSelecting previously unselected package python3.9-dev.\r\nPreparing to unpack .../10-python3.9-dev_3.9.2-1_amd64.deb ...\r\nUnpacking python3.9-dev (3.9.2-1) ...\r\nSelecting previously unselected package python3-dev.\r\nPreparing to unpack .../11-python3-dev_3.9.2-3_amd64.deb ...\r\nUnpacking python3-dev (3.9.2-3) ...\r\nSelecting previously unselected package python3-pkg-resources.\r\nPreparing to unpack .../12-python3-pkg-resources_52.0.0-4_all.deb ...\r\nUnpacking python3-pkg-resources (52.0.0-4) ...\r\nSelecting previously unselected package python3-setuptools.\r\nPreparing to unpack .../13-python3-setuptools_52.0.0-4_all.deb ...\r\nUnpacking python3-setuptools (52.0.0-4) ...\r\nSelecting previously unselected package python3-wheel.\r\nPreparing to unpack .../14-python3-wheel_0.34.2-1_all.deb ...\r\nUnpacking python3-wheel (0.34.2-1) ...\r\nSelecting previously unselected package python3-pip.\r\nPreparing to unpack .../15-python3-pip_20.3.4-4+deb11u1_all.deb ...\r\nUnpacking python3-pip (20.3.4-4+deb11u1) ...\r\nSetting up python3-pkg-resources (52.0.0-4) ...\r\nSetting up javascript-common (11+nmu1) ...\r\nSetting up apt-utils (2.2.4) ...\r\nSetting up python3-setuptools (52.0.0-4) ...\r\nSetting up python3-wheel (0.34.2-1) ...\r\nSetting up libpython3.9:amd64 (3.9.2-1) ...\r\nSetting up build-essential (12.9) ...\r\nSetting up python-pip-whl (20.3.4-4+deb11u1) ...\r\nSetting up libjs-jquery (3.5.1+dfsg+~3.5.5-7) ...\r\nSetting up libjs-underscore (1.9.1~dfsg-3) ...\r\nSetting up libpython3.9-dev:amd64 (3.9.2-1) ...\r\nSetting up python3-pip (20.3.4-4+deb11u1) ...\r\nSetting up libjs-sphinxdoc (3.4.3-2) ...\r\nSetting up python3.9-dev (3.9.2-1) ...\r\nSetting up libpython3-dev:amd64 (3.9.2-3) ...\r\nSetting up python3-dev (3.9.2-3) ...\r\nProcessing triggers for libc-bin (2.31-13+deb11u5) ...\r\nRequirement already satisfied: pip in /usr/lib/python3/dist-packages (20.3.4)\nCollecting pip\n  Downloading pip-22.3.1-py3-none-any.whl (2.1 MB)\nInstalling collected packages: pip\n  Attempting uninstall: pip\n    Found existing installation: pip 20.3.4\n    Not uninstalling pip at /usr/lib/python3/dist-packages, outside environment /usr\n    Can't uninstall 'pip'. No files were found to uninstall.\nSuccessfully installed pip-22.3.1\nCollecting sh==1.14.1\n  Downloading sh-1.14.1-py2.py3-none-any.whl (40 kB)\n     ━━━━━━━━━━━━━━━━━━━━━━━━━━━━━━━━━━━━━━━━ 40.3/40.3 kB 1.9 MB/s eta 0:00:00\nCollecting boto3==1.14.45\n  Downloading boto3-1.14.45-py2.py3-none-any.whl (129 kB)\n     ━━━━━━━━━━━━━━━━━━━━━━━━━━━━━━━━━━━━━━━ 129.1/129.1 kB 9.8 MB/s eta 0:00:00\nCollecting click==7.1.2\n  Downloading click-7.1.2-py2.py3-none-any.whl (82 kB)\n     ━━━━━━━━━━━━━━━━━━━━━━━━━━━━━━━━━━━━━━━━ 82.8/82.8 kB 5.5 MB/s eta 0:00:00\nCollecting Flask==1.1.2\n  Downloading Flask-1.1.2-py2.py3-none-any.whl (94 kB)\n     ━━━━━━━━━━━━━━━━━━━━━━━━━━━━━━━━━━━━━━━━ 94.6/94.6 kB 6.9 MB/s eta 0:00:00\nCollecting gunicorn==19.10.0\n  Downloading gunicorn-19.10.0-py2.py3-none-any.whl (113 kB)\n     ━━━━━━━━━━━━━━━━━━━━━━━━━━━━━━━━━━━━━━━ 113.4/113.4 kB 7.6 MB/s eta 0:00:00\nCollecting itsdangerous==1.1.0\n  Downloading itsdangerous-1.1.0-py2.py3-none-any.whl (16 kB)\nCollecting Jinja2==2.11.2\n  Downloading Jinja2-2.11.2-py2.py3-none-any.whl (125 kB)\n     ━━━━━━━━━━━━━━━━━━━━━━━━━━━━━━━━━━━━━━━ 125.8/125.8 kB 8.6 MB/s eta 0:00:00\nCollecting MarkupSafe==1.1.1\n  Downloading MarkupSafe-1.1.1-cp39-cp39-manylinux2010_x86_64.whl (32 kB)\nCollecting Werkzeug==1.0.1\n  Downloading Werkzeug-1.0.1-py2.py3-none-any.whl (298 kB)\n     ━━━━━━━━━━━━━━━━━━━━━━━━━━━━━━━━━━━━━━ 298.6/298.6 kB 21.5 MB/s eta 0:00:00\nCollecting db_by_josh==0.0.3\n  Downloading db_by_josh-0.0.3-py3-none-any.whl (7.5 kB)\nCollecting Flask-SQLAlchemy==2.4.4\n  Downloading Flask_SQLAlchemy-2.4.4-py2.py3-none-any.whl (17 kB)\nCollecting SQLAlchemy==1.3.23\n  Downloading SQLAlchemy-1.3.23-cp39-cp39-manylinux2010_x86_64.whl (1.3 MB)\n     ━━━━━━━━━━━━━━━━━━━━━━━━━━━━━━━━━━━━━━━━ 1.3/1.3 MB 35.1 MB/s eta 0:00:00\nCollecting psycopg2==2.8.6\n  Downloading psycopg2-2.8.6.tar.gz (383 kB)\n     ━━━━━━━━━━━━━━━━━━━━━━━━━━━━━━━━━━━━━━ 383.8/383.8 kB 37.3 MB/s eta 0:00:00\n  Preparing metadata (setup.py): started\n  Preparing metadata (setup.py): finished with status 'done'\nCollecting requests\n  Downloading requests-2.28.1-py3-none-any.whl (62 kB)\n     ━━━━━━━━━━━━━━━━━━━━━━━━━━━━━━━━━━━━━━━ 62.8/62.8 kB 651.5 kB/s eta 0:00:00\nCollecting s3transfer<0.4.0,>=0.3.0\n  Downloading s3transfer-0.3.7-py2.py3-none-any.whl (73 kB)\n     ━━━━━━━━━━━━━━━━━━━━━━━━━━━━━━━━━━━━━━━ 73.4/73.4 kB 460.5 kB/s eta 0:00:00\nCollecting jmespath<1.0.0,>=0.7.1\n  Downloading jmespath-0.10.0-py2.py3-none-any.whl (24 kB)\nCollecting botocore<1.18.0,>=1.17.45\n  Downloading botocore-1.17.63-py2.py3-none-any.whl (6.6 MB)\n     ━━━━━━━━━━━━━━━━━━━━━━━━━━━━━━━━━━━━━━━━ 6.6/6.6 MB 26.1 MB/s eta 0:00:00\nCollecting certifi>=2017.4.17\n  Downloading certifi-2022.12.7-py3-none-any.whl (155 kB)\n     ━━━━━━━━━━━━━━━━━━━━━━━━━━━━━━━━━━━━━━ 155.3/155.3 kB 12.7 MB/s eta 0:00:00\nCollecting urllib3<1.27,>=1.21.1\n  Downloading urllib3-1.26.13-py2.py3-none-any.whl (140 kB)\n     ━━━━━━━━━━━━━━━━━━━━━━━━━━━━━━━━━━━━━━━ 140.6/140.6 kB 6.4 MB/s eta 0:00:00\nCollecting charset-normalizer<3,>=2\n  Downloading charset_normalizer-2.1.1-py3-none-any.whl (39 kB)\nCollecting idna<4,>=2.5\n  Downloading idna-3.4-py3-none-any.whl (61 kB)\n     ━━━━━━━━━━━━━━━━━━━━━━━━━━━━━━━━━━━━━━━━ 61.5/61.5 kB 3.7 MB/s eta 0:00:00\nCollecting docutils<0.16,>=0.10\n  Downloading docutils-0.15.2-py3-none-any.whl (547 kB)\n     ━━━━━━━━━━━━━━━━━━━━━━━━━━━━━━━━━━━━━━ 547.6/547.6 kB 23.9 MB/s eta 0:00:00\nCollecting python-dateutil<3.0.0,>=2.1\n  Downloading python_dateutil-2.8.2-py2.py3-none-any.whl (247 kB)\n     ━━━━━━━━━━━━━━━━━━━━━━━━━━━━━━━━━━━━━━ 247.7/247.7 kB 12.7 MB/s eta 0:00:00\nCollecting urllib3<1.27,>=1.21.1\n  Downloading urllib3-1.25.11-py2.py3-none-any.whl (127 kB)\n     ━━━━━━━━━━━━━━━━━━━━━━━━━━━━━━━━━━━━━━━ 128.0/128.0 kB 6.8 MB/s eta 0:00:00\nCollecting six>=1.5\n  Downloading six-1.16.0-py2.py3-none-any.whl (11 kB)\nBuilding wheels for collected packages: psycopg2\n  Building wheel for psycopg2 (setup.py): started\n  Building wheel for psycopg2 (setup.py): finished with status 'done'\n  Created wheel for psycopg2: filename=psycopg2-2.8.6-cp39-cp39-linux_x86_64.whl size=433915 sha256=9c8b95f655fe95de0d08181a19c9ba3c0a05ac75602eed2dcdd8ea649e1b03d2\n  Stored in directory: /root/.cache/pip/wheels/be/f5/8c/2b2ef3eb0eea18156a293bd5c08dd0e782acaa825ca726b6ad\nSuccessfully built psycopg2\nInstalling collected packages: sh, Werkzeug, urllib3, SQLAlchemy, six, psycopg2, MarkupSafe, jmespath, itsdangerous, idna, gunicorn, docutils, db_by_josh, click, charset-normalizer, certifi, requests, python-dateutil, Jinja2, Flask, botocore, s3transfer, Flask-SQLAlchemy, boto3\nSuccessfully installed Flask-1.1.2 Flask-SQLAlchemy-2.4.4 Jinja2-2.11.2 MarkupSafe-1.1.1 SQLAlchemy-1.3.23 Werkzeug-1.0.1 boto3-1.14.45 botocore-1.17.63 certifi-2022.12.7 charset-normalizer-2.1.1 click-7.1.2 db_by_josh-0.0.3 docutils-0.15.2 gunicorn-19.10.0 idna-3.4 itsdangerous-1.1.0 jmespath-0.10.0 psycopg2-2.8.6 python-dateutil-2.8.2 requests-2.28.1 s3transfer-0.3.7 sh-1.14.1 six-1.16.0 urllib3-1.25.11\n\u001b[91mWARNING: Running pip as the 'root' user can result in broken permissions and conflicting behaviour with the system package manager. It is recommended to use a virtual environment instead: https://pip.pypa.io/warnings/venv\n\u001b[0mRemoving intermediate container 6ae56cfc2c8e\n ---> 7348e25078ff\nStep 4/5 : WORKDIR /root\n ---> Running in 262cbe035d54\nRemoving intermediate container 262cbe035d54\n ---> c9103583b25d\nStep 5/5 : CMD [\"/bin/bash\"]\n ---> Running in 83d7957b5049\nRemoving intermediate container 83d7957b5049\n ---> f0603e5e7e17\nSuccessfully built f0603e5e7e17\nSuccessfully tagged legoeval:latest\n","stderr":"","imageSize":1151616257},"repair":{"startTime":1673006555600,"endTime":1673006555696,"violations":[{"name":"pipUseNoCacheDir","position":{"start":12,"end":12,"columnStart":7,"columnEnd":33}},{"name":"pipUseNoCacheDir","position":{"start":13,"end":13,"columnStart":7,"columnEnd":39}},{"name":"aptGetInstallUseNoRec","position":{"start":5,"end":11,"columnStart":7,"columnEnd":8}},{"name":"ruleAptGetInstallThenRemoveAptLists","position":{"start":5,"end":11,"columnStart":7,"columnEnd":8}}],"repairedDockerfile":"FROM node\n\nCOPY ./app/requirements.txt .\n\nRUN apt-get update -y \\\n    && apt-get install --no-install-recommends -y \\\n    python3 \\\n    python3-pip \\\n    apt-utils \\\n    curl \\\n    git \\\n    wget \\\n    && pip3 install --no-cache-dir --upgrade pip \\\n    && pip3 install --no-cache-dir -r requirements.txt && rm -rf /var/lib/apt/lists/*;\n\nWORKDIR /root\n\nCMD [\"/bin/bash\"]\n\n"},"repairedBuild":{"startTime":1673006622868,"endTime":1673006793220,"error":{"code":1,"killed":false,"signal":null,"cmd":"docker build --no-cache --force-rm -t legoeval:latest -f /tmp/dinghy-analysis/yooli23/legoeval/Dockerfile ."},"stdout":"Sending build context to Docker daemon  2.991MB\r\r\nStep 1/5 : FROM node\n ---> 548714e444f4\nStep 2/5 : COPY ./app/requirements.txt .\n ---> f094bcad3656\nStep 3/5 : RUN apt-get update -y     && apt-get install --no-install-recommends -y     python3     python3-pip     apt-utils     curl     git     wget     && pip3 install --no-cache-dir --upgrade pip     && pip3 install --no-cache-dir -r requirements.txt && rm -rf /var/lib/apt/lists/*;\n ---> Running in 6ae07fb6c9b1\nGet:1 http://deb.debian.org/debian bullseye InRelease [116 kB]\nGet:2 http://deb.debian.org/debian-security bullseye-security InRelease [48.4 kB]\nGet:3 http://deb.debian.org/debian bullseye-updates InRelease [44.1 kB]\nGet:4 http://deb.debian.org/debian bullseye/main amd64 Packages [8183 kB]\nGet:5 http://deb.debian.org/debian-security bullseye-security/main amd64 Packages [210 kB]\nGet:6 http://deb.debian.org/debian bullseye-updates/main amd64 Packages [14.6 kB]\nFetched 8616 kB in 1s (5972 kB/s)\nReading package lists...\nReading package lists...\nBuilding dependency tree...\nReading state information...\ncurl is already the newest version (7.74.0-1.3+deb11u3).\ngit is already the newest version (1:2.30.2-1).\npython3 is already the newest version (3.9.2-3).\npython3 set to manually installed.\nwget is already the newest version (1.21-1+deb11u1).\nSuggested packages:\n  python-setuptools-doc\nRecommended packages:\n  build-essential python3-dev\nThe following NEW packages will be installed:\n  apt-utils python-pip-whl python3-pip python3-pkg-resources\n  python3-setuptools python3-wheel\n0 upgraded, 6 newly installed, 0 to remove and 1 not upgraded.\nNeed to get 3304 kB of archives.\nAfter this operation, 7087 kB of additional disk space will be used.\nGet:1 http://deb.debian.org/debian bullseye/main amd64 apt-utils amd64 2.2.4 [439 kB]\nGet:2 http://deb.debian.org/debian bullseye/main amd64 python-pip-whl all 20.3.4-4+deb11u1 [1948 kB]\nGet:3 http://deb.debian.org/debian bullseye/main amd64 python3-pkg-resources all 52.0.0-4 [190 kB]\nGet:4 http://deb.debian.org/debian bullseye/main amd64 python3-setuptools all 52.0.0-4 [366 kB]\nGet:5 http://deb.debian.org/debian bullseye/main amd64 python3-wheel all 0.34.2-1 [24.0 kB]\nGet:6 http://deb.debian.org/debian bullseye/main amd64 python3-pip all 20.3.4-4+deb11u1 [337 kB]\n\u001b[91mdebconf: delaying package configuration, since apt-utils is not installed\n\u001b[0mFetched 3304 kB in 0s (7225 kB/s)\nSelecting previously unselected package apt-utils.\r\n(Reading database ... \r(Reading database ... 5%\r(Reading database ... 10%\r(Reading database ... 15%\r(Reading database ... 20%\r(Reading database ... 25%\r(Reading database ... 30%\r(Reading database ... 35%\r(Reading database ... 40%\r(Reading database ... 45%\r(Reading database ... 50%\r(Reading database ... 55%\r(Reading database ... 60%\r(Reading database ... 65%\r(Reading database ... 70%\r(Reading database ... 75%\r(Reading database ... 80%\r(Reading database ... 85%\r(Reading database ... 90%\r(Reading database ... 95%\r(Reading database ... 100%\r(Reading database ... 22790 files and directories currently installed.)\r\nPreparing to unpack .../0-apt-utils_2.2.4_amd64.deb ...\r\nUnpacking apt-utils (2.2.4) ...\r\nSelecting previously unselected package python-pip-whl.\r\nPreparing to unpack .../1-python-pip-whl_20.3.4-4+deb11u1_all.deb ...\r\nUnpacking python-pip-whl (20.3.4-4+deb11u1) ...\r\nSelecting previously unselected package python3-pkg-resources.\r\nPreparing to unpack .../2-python3-pkg-resources_52.0.0-4_all.deb ...\r\nUnpacking python3-pkg-resources (52.0.0-4) ...\r\nSelecting previously unselected package python3-setuptools.\r\nPreparing to unpack .../3-python3-setuptools_52.0.0-4_all.deb ...\r\nUnpacking python3-setuptools (52.0.0-4) ...\r\nSelecting previously unselected package python3-wheel.\r\nPreparing to unpack .../4-python3-wheel_0.34.2-1_all.deb ...\r\nUnpacking python3-wheel (0.34.2-1) ...\r\nSelecting previously unselected package python3-pip.\r\nPreparing to unpack .../5-python3-pip_20.3.4-4+deb11u1_all.deb ...\r\nUnpacking python3-pip (20.3.4-4+deb11u1) ...\r\nSetting up python3-pkg-resources (52.0.0-4) ...\r\nSetting up apt-utils (2.2.4) ...\r\nSetting up python3-setuptools (52.0.0-4) ...\r\nSetting up python3-wheel (0.34.2-1) ...\r\nSetting up python-pip-whl (20.3.4-4+deb11u1) ...\r\nSetting up python3-pip (20.3.4-4+deb11u1) ...\r\nRequirement already satisfied: pip in /usr/lib/python3/dist-packages (20.3.4)\nCollecting pip\n  Downloading pip-22.3.1-py3-none-any.whl (2.1 MB)\nInstalling collected packages: pip\n  Attempting uninstall: pip\n    Found existing installation: pip 20.3.4\n    Not uninstalling pip at /usr/lib/python3/dist-packages, outside environment /usr\n    Can't uninstall 'pip'. No files were found to uninstall.\nSuccessfully installed pip-22.3.1\nCollecting sh==1.14.1\n  Downloading sh-1.14.1-py2.py3-none-any.whl (40 kB)\n     ━━━━━━━━━━━━━━━━━━━━━━━━━━━━━━━━━━━━━━━ 40.3/40.3 kB 111.5 MB/s eta 0:00:00\nCollecting boto3==1.14.45\n  Downloading boto3-1.14.45-py2.py3-none-any.whl (129 kB)\n     ━━━━━━━━━━━━━━━━━━━━━━━━━━━━━━━━━━━━━━ 129.1/129.1 kB 91.2 MB/s eta 0:00:00\nCollecting click==7.1.2\n  Downloading click-7.1.2-py2.py3-none-any.whl (82 kB)\n     ━━━━━━━━━━━━━━━━━━━━━━━━━━━━━━━━━━━━━━━ 82.8/82.8 kB 279.8 MB/s eta 0:00:00\nCollecting Flask==1.1.2\n  Downloading Flask-1.1.2-py2.py3-none-any.whl (94 kB)\n     ━━━━━━━━━━━━━━━━━━━━━━━━━━━━━━━━━━━━━━━ 94.6/94.6 kB 302.8 MB/s eta 0:00:00\nCollecting gunicorn==19.10.0\n  Downloading gunicorn-19.10.0-py2.py3-none-any.whl (113 kB)\n     ━━━━━━━━━━━━━━━━━━━━━━━━━━━━━━━━━━━━━ 113.4/113.4 kB 100.9 MB/s eta 0:00:00\nCollecting itsdangerous==1.1.0\n  Downloading itsdangerous-1.1.0-py2.py3-none-any.whl (16 kB)\nCollecting Jinja2==2.11.2\n  Downloading Jinja2-2.11.2-py2.py3-none-any.whl (125 kB)\n     ━━━━━━━━━━━━━━━━━━━━━━━━━━━━━━━━━━━━━ 125.8/125.8 kB 281.2 MB/s eta 0:00:00\nCollecting MarkupSafe==1.1.1\n  Downloading MarkupSafe-1.1.1-cp39-cp39-manylinux2010_x86_64.whl (32 kB)\nCollecting Werkzeug==1.0.1\n  Downloading Werkzeug-1.0.1-py2.py3-none-any.whl (298 kB)\n     ━━━━━━━━━━━━━━━━━━━━━━━━━━━━━━━━━━━━━━ 298.6/298.6 kB 94.8 MB/s eta 0:00:00\nCollecting db_by_josh==0.0.3\n  Downloading db_by_josh-0.0.3-py3-none-any.whl (7.5 kB)\nCollecting Flask-SQLAlchemy==2.4.4\n  Downloading Flask_SQLAlchemy-2.4.4-py2.py3-none-any.whl (17 kB)\nCollecting SQLAlchemy==1.3.23\n  Downloading SQLAlchemy-1.3.23-cp39-cp39-manylinux2010_x86_64.whl (1.3 MB)\n     ━━━━━━━━━━━━━━━━━━━━━━━━━━━━━━━━━━━━━━━━ 1.3/1.3 MB 109.8 MB/s eta 0:00:00\nCollecting psycopg2==2.8.6\n  Downloading psycopg2-2.8.6.tar.gz (383 kB)\n     ━━━━━━━━━━━━━━━━━━━━━━━━━━━━━━━━━━━━━━ 383.8/383.8 kB 91.5 MB/s eta 0:00:00\n  Preparing metadata (setup.py): started\n  Preparing metadata (setup.py): finished with status 'done'\nCollecting requests\n  Downloading requests-2.28.1-py3-none-any.whl (62 kB)\n     ━━━━━━━━━━━━━━━━━━━━━━━━━━━━━━━━━━━━━━━ 62.8/62.8 kB 264.0 MB/s eta 0:00:00\nCollecting botocore<1.18.0,>=1.17.45\n  Downloading botocore-1.17.63-py2.py3-none-any.whl (6.6 MB)\n     ━━━━━━━━━━━━━━━━━━━━━━━━━━━━━━━━━━━━━━━━ 6.6/6.6 MB 113.4 MB/s eta 0:00:00\nCollecting jmespath<1.0.0,>=0.7.1\n  Downloading jmespath-0.10.0-py2.py3-none-any.whl (24 kB)\nCollecting s3transfer<0.4.0,>=0.3.0\n  Downloading s3transfer-0.3.7-py2.py3-none-any.whl (73 kB)\n     ━━━━━━━━━━━━━━━━━━━━━━━━━━━━━━━━━━━━━━━ 73.4/73.4 kB 292.2 MB/s eta 0:00:00\nCollecting urllib3<1.27,>=1.21.1\n  Downloading urllib3-1.26.13-py2.py3-none-any.whl (140 kB)\n     ━━━━━━━━━━━━━━━━━━━━━━━━━━━━━━━━━━━━━ 140.6/140.6 kB 108.8 MB/s eta 0:00:00\nCollecting idna<4,>=2.5\n  Downloading idna-3.4-py3-none-any.whl (61 kB)\n     ━━━━━━━━━━━━━━━━━━━━━━━━━━━━━━━━━━━━━━━ 61.5/61.5 kB 271.8 MB/s eta 0:00:00\nCollecting charset-normalizer<3,>=2\n  Downloading charset_normalizer-2.1.1-py3-none-any.whl (39 kB)\nCollecting certifi>=2017.4.17\n  Downloading certifi-2022.12.7-py3-none-any.whl (155 kB)\n     ━━━━━━━━━━━━━━━━━━━━━━━━━━━━━━━━━━━━━ 155.3/155.3 kB 257.0 MB/s eta 0:00:00\nCollecting urllib3<1.27,>=1.21.1\n  Downloading urllib3-1.25.11-py2.py3-none-any.whl (127 kB)\n     ━━━━━━━━━━━━━━━━━━━━━━━━━━━━━━━━━━━━━ 128.0/128.0 kB 108.8 MB/s eta 0:00:00\nCollecting python-dateutil<3.0.0,>=2.1\n  Downloading python_dateutil-2.8.2-py2.py3-none-any.whl (247 kB)\n     ━━━━━━━━━━━━━━━━━━━━━━━━━━━━━━━━━━━━━ 247.7/247.7 kB 260.1 MB/s eta 0:00:00\nCollecting docutils<0.16,>=0.10\n  Downloading docutils-0.15.2-py3-none-any.whl (547 kB)\n     ━━━━━━━━━━━━━━━━━━━━━━━━━━━━━━━━━━━━━ 547.6/547.6 kB 167.7 MB/s eta 0:00:00\nCollecting six>=1.5\n  Downloading six-1.16.0-py2.py3-none-any.whl (11 kB)\nBuilding wheels for collected packages: psycopg2\n  Building wheel for psycopg2 (setup.py): started\n  Building wheel for psycopg2 (setup.py): finished with status 'error'\n\u001b[91m  error: subprocess-exited-with-error\n  \n  × python setup.py bdist_wheel did not run successfully.\n  │ exit code: 1\n  ╰─> [40 lines of output]\n      running bdist_wheel\n      running build\n      running build_py\n      creating build\n      creating build/lib.linux-x86_64-3.9\n      creating build/lib.linux-x86_64-3.9/psycopg2\n      copying lib/__init__.py -> build/lib.linux-x86_64-3.9/psycopg2\n      copying lib/pool.py -> build/lib.linux-x86_64-3.9/psycopg2\n      copying lib/_ipaddress.py -> build/lib.linux-x86_64-3.9/psycopg2\n      copying lib/errors.py -> build/lib.linux-x86_64-3.9/psycopg2\n      copying lib/_json.py -> build/lib.linux-x86_64-3.9/psycopg2\n      copying lib/sql.py -> build/lib.linux-x86_64-3.9/psycopg2\n      copying lib/_lru_cache.py -> build/lib.linux-x86_64-3.9/psycopg2\n      copying lib/compat.py -> build/lib.linux-x86_64-3.9/psycopg2\n      copying lib/_range.py -> build/lib.linux-x86_64-3.9/psycopg2\n      copying lib/tz.py -> build/lib.linux-x86_64-3.9/psycopg2\n      copying lib/extras.py -> build/lib.linux-x86_64-3.9/psycopg2\n      copying lib/extensions.py -> build/lib.linux-x86_64-3.9/psycopg2\n      copying lib/errorcodes.py -> build/lib.linux-x86_64-3.9/psycopg2\n      running build_ext\n      building 'psycopg2._psycopg' extension\n      creating build/temp.linux-x86_64-3.9\n      creating build/temp.linux-x86_64-3.9/psycopg\n      x86_64-linux-gnu-gcc -pthread -Wno-unused-result -Wsign-compare -DNDEBUG -g -fwrapv -O2 -Wall -g -ffile-prefix-map=/build/python3.9-RNBry6/python3.9-3.9.2=. -fstack-protector-strong -Wformat -Werror=format-security -g -fwrapv -O2 -g -ffile-prefix-map=/build/python3.9-RNBry6/python3.9-3.9.2=. -fstack-protector-strong -Wformat -Werror=format-security -Wdate-time -D_FORTIFY_SOURCE=2 -fPIC -DPSYCOPG_VERSION=2.8.6 (dt dec pq3 ext lo64) -DPG_VERSION_NUM=130009 -DHAVE_LO64=1 -I/usr/include/python3.9 -I. -I/usr/include/postgresql -I/usr/include/postgresql/13/server -c psycopg/adapter_asis.c -o build/temp.linux-x86_64-3.9/psycopg/adapter_asis.o -Wdeclaration-after-statement\n      In file included from psycopg/adapter_asis.c:28:\n      ./psycopg/psycopg.h:35:10: fatal error: Python.h: No such file or directory\n         35 | #include <Python.h>\n            |          ^~~~~~~~~~\n      compilation terminated.\n      \n      It appears you are missing some prerequisite to build the package from source.\n      \n      You may install a binary package by installing 'psycopg2-binary' from PyPI.\n      If you want to install psycopg2 from source, please install the packages\n      required for the build and try again.\n      \n      For further information please check the 'doc/src/install.rst' file (also at\n      <https://www.psycopg.org/docs/install.html>).\n      \n      error: command '/usr/bin/x86_64-linux-gnu-gcc' failed with exit code 1\n      [end of output]\n  \n  note: This error originates from a subprocess, and is likely not a problem with pip.\n\u001b[0m\u001b[91m  ERROR: Failed building wheel for psycopg2\n\u001b[0m  Running setup.py clean for psycopg2\nFailed to build psycopg2\nInstalling collected packages: sh, Werkzeug, urllib3, SQLAlchemy, six, psycopg2, MarkupSafe, jmespath, itsdangerous, idna, gunicorn, docutils, db_by_josh, click, charset-normalizer, certifi, requests, python-dateutil, Jinja2, Flask, botocore, s3transfer, Flask-SQLAlchemy, boto3\n  Running setup.py install for psycopg2: started\n  Running setup.py install for psycopg2: finished with status 'error'\n\u001b[91m  error: subprocess-exited-with-error\n  \n  × Running setup.py install for psycopg2 did not run successfully.\n  │ exit code: 1\n  ╰─> [40 lines of output]\n      running install\n      running build\n      running build_py\n      creating build\n      creating build/lib.linux-x86_64-3.9\n      creating build/lib.linux-x86_64-3.9/psycopg2\n      copying lib/__init__.py -> build/lib.linux-x86_64-3.9/psycopg2\n      copying lib/pool.py -> build/lib.linux-x86_64-3.9/psycopg2\n      copying lib/_ipaddress.py -> build/lib.linux-x86_64-3.9/psycopg2\n      copying lib/errors.py -> build/lib.linux-x86_64-3.9/psycopg2\n      copying lib/_json.py -> build/lib.linux-x86_64-3.9/psycopg2\n      copying lib/sql.py -> build/lib.linux-x86_64-3.9/psycopg2\n      copying lib/_lru_cache.py -> build/lib.linux-x86_64-3.9/psycopg2\n      copying lib/compat.py -> build/lib.linux-x86_64-3.9/psycopg2\n      copying lib/_range.py -> build/lib.linux-x86_64-3.9/psycopg2\n      copying lib/tz.py -> build/lib.linux-x86_64-3.9/psycopg2\n      copying lib/extras.py -> build/lib.linux-x86_64-3.9/psycopg2\n      copying lib/extensions.py -> build/lib.linux-x86_64-3.9/psycopg2\n      copying lib/errorcodes.py -> build/lib.linux-x86_64-3.9/psycopg2\n      running build_ext\n      building 'psycopg2._psycopg' extension\n      creating build/temp.linux-x86_64-3.9\n      creating build/temp.linux-x86_64-3.9/psycopg\n      x86_64-linux-gnu-gcc -pthread -Wno-unused-result -Wsign-compare -DNDEBUG -g -fwrapv -O2 -Wall -g -ffile-prefix-map=/build/python3.9-RNBry6/python3.9-3.9.2=. -fstack-protector-strong -Wformat -Werror=format-security -g -fwrapv -O2 -g -ffile-prefix-map=/build/python3.9-RNBry6/python3.9-3.9.2=. -fstack-protector-strong -Wformat -Werror=format-security -Wdate-time -D_FORTIFY_SOURCE=2 -fPIC -DPSYCOPG_VERSION=2.8.6 (dt dec pq3 ext lo64) -DPG_VERSION_NUM=130009 -DHAVE_LO64=1 -I/usr/include/python3.9 -I. -I/usr/include/postgresql -I/usr/include/postgresql/13/server -c psycopg/adapter_asis.c -o build/temp.linux-x86_64-3.9/psycopg/adapter_asis.o -Wdeclaration-after-statement\n      In file included from psycopg/adapter_asis.c:28:\n      ./psycopg/psycopg.h:35:10: fatal error: Python.h: No such file or directory\n         35 | #include <Python.h>\n            |          ^~~~~~~~~~\n      compilation terminated.\n      \n      It appears you are missing some prerequisite to build the package from source.\n      \n      You may install a binary package by installing 'psycopg2-binary' from PyPI.\n      If you want to install psycopg2 from source, please install the packages\n      required for the build and try again.\n      \n      For further information please check the 'doc/src/install.rst' file (also at\n      <https://www.psycopg.org/docs/install.html>).\n      \n      error: command '/usr/bin/x86_64-linux-gnu-gcc' failed with exit code 1\n      [end of output]\n  \n  note: This error originates from a subprocess, and is likely not a problem with pip.\n\u001b[0m\u001b[91merror: legacy-install-failure\n\n× Encountered error while trying to install package.\n╰─> psycopg2\n\nnote: This is an issue with the package mentioned above, not pip.\nhint: See above for output from the failure.\n\u001b[0mRemoving intermediate container 6ae07fb6c9b1\n","stderr":"The command '/bin/sh -c apt-get update -y     && apt-get install --no-install-recommends -y     python3     python3-pip     apt-utils     curl     git     wget     && pip3 install --no-cache-dir --upgrade pip     && pip3 install --no-cache-dir -r requirements.txt && rm -rf /var/lib/apt/lists/*;' returned a non-zero code: 1\n"}}