{"repository":"https://github.com/line/lfb-sdk","dockerfilePath":"Dockerfile","startTime":1672945350463,"endTime":1672945726360,"clone":{"startTime":1672945350519,"stdout":"","stderr":"Cloning into '/tmp/dinghy-analysis/line/lfb-sdk'...\n","error":null,"endTime":1672945368360,"commit":"a3d51b9449289c80179fd52c837de2ee386ea9c7"},"originalBuild":{"startTime":1672945368444,"endTime":1672945726205,"error":{"code":2,"killed":false,"signal":null,"cmd":"docker build --no-cache --force-rm -t lfb-sdk:latest -f /tmp/dinghy-analysis/line/lfb-sdk/Dockerfile ."},"stdout":"Sending build context to Docker daemon  76.69MB\r\r\nStep 1/23 : FROM golang:alpine AS build-env\n ---> cae57157ceaa\nStep 2/23 : ARG ARCH=$ARCH\n ---> Running in 6324d857d4aa\nRemoving intermediate container 6324d857d4aa\n ---> 549511334d8d\nStep 3/23 : ENV PACKAGES curl make git libc-dev bash gcc g++ linux-headers eudev-dev python3\n ---> Running in c3590301d4ef\nRemoving intermediate container c3590301d4ef\n ---> 6d9c71acef55\nStep 4/23 : RUN apk add --update --no-cache $PACKAGES\n ---> Running in 013f1bcff2f7\nfetch https://dl-cdn.alpinelinux.org/alpine/v3.17/main/x86_64/APKINDEX.tar.gz\nfetch https://dl-cdn.alpinelinux.org/alpine/v3.17/community/x86_64/APKINDEX.tar.gz\n(1/42) Installing ncurses-terminfo-base (6.3_p20221119-r0)\n(2/42) Installing ncurses-libs (6.3_p20221119-r0)\n(3/42) Installing readline (8.2.0-r0)\n(4/42) Installing bash (5.2.15-r0)\nExecuting bash-5.2.15-r0.post-install\n(5/42) Installing brotli-libs (1.0.9-r9)\n(6/42) Installing nghttp2-libs (1.51.0-r0)\n(7/42) Installing libcurl (7.87.0-r0)\n(8/42) Installing curl (7.87.0-r0)\n(9/42) Installing udev-init-scripts (35-r1)\n(10/42) Installing eudev-libs (3.2.11-r4)\n(11/42) Installing libblkid (2.38.1-r1)\n(12/42) Installing xz-libs (5.2.9-r0)\n(13/42) Installing zstd-libs (1.5.2-r9)\n(14/42) Installing kmod-libs (30-r1)\n(15/42) Installing eudev (3.2.11-r4)\n(16/42) Installing pkgconf (1.9.3-r0)\n(17/42) Installing eudev-dev (3.2.11-r4)\n(18/42) Installing libgcc (12.2.1_git20220924-r4)\n(19/42) Installing libstdc++ (12.2.1_git20220924-r4)\n(20/42) Installing libstdc++-dev (12.2.1_git20220924-r4)\n(21/42) Installing binutils (2.39-r2)\n(22/42) Installing libgomp (12.2.1_git20220924-r4)\n(23/42) Installing libatomic (12.2.1_git20220924-r4)\n(24/42) Installing gmp (6.2.1-r2)\n(25/42) Installing isl25 (0.25-r0)\n(26/42) Installing mpfr4 (4.1.0-r0)\n(27/42) Installing mpc1 (1.2.1-r1)\n(28/42) Installing gcc (12.2.1_git20220924-r4)\n(29/42) Installing musl-dev (1.2.3-r4)\n(30/42) Installing libc-dev (0.7.2-r3)\n(31/42) Installing g++ (12.2.1_git20220924-r4)\n(32/42) Installing libexpat (2.5.0-r0)\n(33/42) Installing pcre2 (10.42-r0)\n(34/42) Installing git (2.38.2-r0)\n(35/42) Installing linux-headers (5.19.5-r0)\n(36/42) Installing make (4.3-r1)\n(37/42) Installing libbz2 (1.0.8-r4)\n(38/42) Installing libffi (3.4.4-r0)\n(39/42) Installing gdbm (1.23-r0)\n(40/42) Installing mpdecimal (2.5.1-r1)\n(41/42) Installing sqlite-libs (3.40.1-r0)\n(42/42) Installing python3 (3.10.9-r1)\nExecuting busybox-1.35.0-r29.trigger\nExecuting eudev-3.2.11-r4.trigger\nOK: 307 MiB in 58 packages\nRemoving intermediate container 013f1bcff2f7\n ---> bfef28bd0bb1\nStep 5/23 : WORKDIR /go/src/github.com/line/lbm-sdk\n ---> Running in eaea69df6d2f\nRemoving intermediate container eaea69df6d2f\n ---> 57312df81624\nStep 6/23 : COPY ./Makefile ./\n ---> 05c6febb7a9e\nStep 7/23 : COPY ./contrib ./contrib\n ---> f87e0424fe38\nStep 8/23 : COPY ./go.mod /go/src/github.com/line/lbm-sdk/go.mod\n ---> cc8dd91a8525\nStep 9/23 : COPY ./go.sum /go/src/github.com/line/lbm-sdk/go.sum\n ---> f15294f0a457\nStep 10/23 : RUN go mod download\n ---> Running in 86da963844f3\nRemoving intermediate container 86da963844f3\n ---> e1e2d67b3301\nStep 11/23 : ADD https://github.com/line/wasmvm/releases/download/v1.0.0-0.10.0/libwasmvm_static.x86_64.a /lib/libwasmvm_static.x86_64.a\n\n\n ---> 65a0f034ad59\nStep 12/23 : ADD https://github.com/line/wasmvm/releases/download/v1.0.0-0.10.0/libwasmvm_static.aarch64.a /lib/libwasmvm_static.aarch64.a\n\n\n ---> c6cba30ab332\nStep 13/23 : RUN sha256sum /lib/libwasmvm_static.aarch64.a | grep bc3db72ba32f34ad88ceb1d20479411bd7f50ccd6a5ca50cc8ca462a561e6189\n ---> Running in efb360424635\nbc3db72ba32f34ad88ceb1d20479411bd7f50ccd6a5ca50cc8ca462a561e6189  /lib/libwasmvm_static.aarch64.a\nRemoving intermediate container efb360424635\n ---> 5004d0e6269d\nStep 14/23 : RUN sha256sum /lib/libwasmvm_static.x86_64.a | grep 352fa5de5f9dba66f0a38082541d3e63e21394fee3e577ea35e0906294c61276\n ---> Running in 34e7b9d63da8\n352fa5de5f9dba66f0a38082541d3e63e21394fee3e577ea35e0906294c61276  /lib/libwasmvm_static.x86_64.a\nRemoving intermediate container 34e7b9d63da8\n ---> 044112f3b139\nStep 15/23 : RUN ln -s /lib/libwasmvm_static.${ARCH}.a /usr/lib/libwasmvm_static.a\n ---> Running in a820b7c76fbc\nRemoving intermediate container a820b7c76fbc\n ---> 91c1b8c2c908\nStep 16/23 : COPY . .\n ---> bd8742abadad\nStep 17/23 : RUN BUILD_TAGS=static make build CGO_ENABLED=1\n ---> Running in 92ad477faf2c\nmkdir -p /go/src/github.com/line/lbm-sdk/build/\nCGO_CFLAGS= CGO_LDFLAGS= CGO_ENABLED=1 go build -mod=readonly -tags \"netgo ledger static goleveldb\" -ldflags '-X github.com/line/lbm-sdk/version.Name=sim -X github.com/line/lbm-sdk/version.AppName=simd -X github.com/line/lbm-sdk/version.Version=a3d51b9 -X github.com/line/lbm-sdk/version.Commit=a3d51b9449289c80179fd52c837de2ee386ea9c7 -X github.com/line/lbm-sdk/types.DBBackend=goleveldb -X \"github.com/line/lbm-sdk/version.BuildTags=netgo ledger static goleveldb,\" -w -s' -trimpath -o /go/src/github.com/line/lbm-sdk/build/ ./...\n\u001b[91m# github.com/zondax/hid\nIn file included from /go/pkg/mod/github.com/zondax/hid@v0.9.0/hid_enabled.go:22:\n/usr/include/sys/poll.h:1:2: warning: #warning redirecting incorrect #include <sys/poll.h> to <poll.h> [-Wcpp]\n    1 | #warning redirecting incorrect #include <sys/poll.h> to <poll.h>\n      |  ^~~~~~~\n\u001b[0m\u001b[91m# github.com/line/lbm-sdk/simapp/simd\n/usr/local/go/pkg/tool/linux_amd64/link: running gcc failed: exit status 1\n/usr/lib/gcc/x86_64-alpine-linux-musl/12.2.1/../../../../x86_64-alpine-linux-musl/bin/ld: cannot find -lwasmvm_static: No such file or directory\ncollect2: error: ld returned 1 exit status\n\n\u001b[0m\u001b[91mmake: *** [Makefile:136: build] Error 2\n\u001b[0mRemoving intermediate container 92ad477faf2c\n","stderr":"The command '/bin/sh -c BUILD_TAGS=static make build CGO_ENABLED=1' returned a non-zero code: 2\n"}}