{"repository":"https://github.com/paddy-pyker/botsapp-md","dockerfilePath":"Dockerfile","startTime":1672653181816,"clone":{"stdout":"","stderr":"Cloning into '/tmp/dinghy-analysis/paddy-pyker/botsapp-md'...\n","error":null,"commit":"22a1bf22ac7ee73d6b8b8c5c2bee104f35306401"},"originalBuild":{"startTimestamp":1672653188237,"endTimestamp":1672653328571,"error":{"code":1,"killed":false,"signal":null,"cmd":"docker build --no-cache --force-rm -t botsapp-md:latest -f /tmp/dinghy-analysis/paddy-pyker/botsapp-md/Dockerfile ."},"stdout":"Sending build context to Docker daemon   41.6MB\r\r\nStep 1/7 : FROM nikolaik/python-nodejs\nlatest: Pulling from nikolaik/python-nodejs\nf2f58072e9ed: Already exists\n5c8cfbf51e6e: Already exists\naa3a609d1579: Already exists\n094e7d9bb04e: Pulling fs layer\n2cbfd734f382: Pulling fs layer\naa86ac293d0f: Pulling fs layer\n4cffc9f44941: Pulling fs layer\nae2c75627c86: Pulling fs layer\n2d2b74d2f0f7: Pulling fs layer\ne4cb810db7b1: Pulling fs layer\n2fad4807b6ca: Pulling fs layer\ne4cb810db7b1: Waiting\nae2c75627c86: Waiting\n2d2b74d2f0f7: Waiting\n2fad4807b6ca: Waiting\n4cffc9f44941: Waiting\naa86ac293d0f: Verifying Checksum\naa86ac293d0f: Download complete\n4cffc9f44941: Verifying Checksum\n4cffc9f44941: Download complete\n094e7d9bb04e: Verifying Checksum\n094e7d9bb04e: Download complete\nae2c75627c86: Verifying Checksum\nae2c75627c86: Download complete\n2d2b74d2f0f7: Download complete\ne4cb810db7b1: Download complete\n2cbfd734f382: Verifying Checksum\n2cbfd734f382: Download complete\n2fad4807b6ca: Verifying Checksum\n2fad4807b6ca: Download complete\n094e7d9bb04e: Pull complete\n2cbfd734f382: Pull complete\naa86ac293d0f: Pull complete\n4cffc9f44941: Pull complete\nae2c75627c86: Pull complete\n2d2b74d2f0f7: Pull complete\ne4cb810db7b1: Pull complete\n2fad4807b6ca: Pull complete\nDigest: sha256:95657da4f4ca4159884e1dc670e768ed111aa410be37dca176046aa3d19a06e4\nStatus: Downloaded newer image for nikolaik/python-nodejs:latest\n ---> d4e68ac7a474\nStep 2/7 : WORKDIR /BotsApp-MD\n ---> Running in 0e8233456d61\nRemoving intermediate container 0e8233456d61\n ---> 44e1e47c5ba7\nStep 3/7 : COPY package.json yarn.lock ./\n ---> b99fb81c4ad4\nStep 4/7 : RUN yarn\n ---> Running in 11de5af9af14\nyarn install v1.22.19\n[1/4] Resolving packages...\n[2/4] Fetching packages...\n[3/4] Linking dependencies...\n\u001b[91mwarning \" > @adiwajshing/baileys@4.0.0\" has unmet peer dependency \"jimp@^0.16.1\".\n\u001b[0m\u001b[91mwarning \" > @adiwajshing/baileys@4.0.0\" has unmet peer dependency \"sharp@^0.29.3\".\n\u001b[0m\u001b[91mwarning \" > @adiwajshing/baileys@4.0.0\" has unmet peer dependency \"@adiwajshing/keyed-db@^0.2.4\".\n\u001b[0m\u001b[91mwarning \" > ts-node@10.4.0\" has unmet peer dependency \"@types/node@*\".\n\u001b[0m[4/4] Building fresh packages...\nDone in 14.69s.\nRemoving intermediate container 11de5af9af14\n ---> 3c0b5f5b518d\nStep 5/7 : COPY . .\n ---> 07e886592045\nStep 6/7 : RUN pip install -r zlibrary/requirements.txt\n ---> Running in 054104079ffb\nCollecting aiodns==3.0.0\n  Downloading aiodns-3.0.0-py3-none-any.whl (5.0 kB)\nCollecting aiohttp==3.8.1\n  Downloading aiohttp-3.8.1.tar.gz (7.3 MB)\n     ━━━━━━━━━━━━━━━━━━━━━━━━━━━━━━━━━━━━━━━━ 7.3/7.3 MB 47.7 MB/s eta 0:00:00\n  Installing build dependencies: started\n  Installing build dependencies: finished with status 'done'\n  Getting requirements to build wheel: started\n  Getting requirements to build wheel: finished with status 'done'\n  Installing backend dependencies: started\n  Installing backend dependencies: finished with status 'done'\n  Preparing metadata (pyproject.toml): started\n  Preparing metadata (pyproject.toml): finished with status 'done'\nCollecting aiofiles==0.6.0\n  Downloading aiofiles-0.6.0-py3-none-any.whl (11 kB)\nCollecting aiosignal==1.2.0\n  Downloading aiosignal-1.2.0-py3-none-any.whl (8.2 kB)\nCollecting async-timeout==4.0.2\n  Downloading async_timeout-4.0.2-py3-none-any.whl (5.8 kB)\nCollecting attrs==21.4.0\n  Downloading attrs-21.4.0-py2.py3-none-any.whl (60 kB)\n     ━━━━━━━━━━━━━━━━━━━━━━━━━━━━━━━━━━━━━━━━ 60.6/60.6 kB 5.2 MB/s eta 0:00:00\nCollecting beautifulsoup4==4.10.0\n  Downloading beautifulsoup4-4.10.0-py3-none-any.whl (97 kB)\n     ━━━━━━━━━━━━━━━━━━━━━━━━━━━━━━━━━━━━━━━━ 97.4/97.4 kB 11.3 MB/s eta 0:00:00\nCollecting Brotli==1.0.9\n  Downloading Brotli-1.0.9-cp311-cp311-manylinux_2_17_x86_64.manylinux2014_x86_64.whl (2.7 MB)\n     ━━━━━━━━━━━━━━━━━━━━━━━━━━━━━━━━━━━━━━━━ 2.7/2.7 MB 39.0 MB/s eta 0:00:00\nCollecting bs4==0.0.1\n  Downloading bs4-0.0.1.tar.gz (1.1 kB)\n  Preparing metadata (setup.py): started\n  Preparing metadata (setup.py): finished with status 'done'\nCollecting cchardet==2.1.7\n  Downloading cchardet-2.1.7.tar.gz (653 kB)\n     ━━━━━━━━━━━━━━━━━━━━━━━━━━━━━━━━━━━━━━ 653.6/653.6 kB 18.4 MB/s eta 0:00:00\n  Preparing metadata (setup.py): started\n  Preparing metadata (setup.py): finished with status 'done'\nCollecting cffi==1.15.0\n  Downloading cffi-1.15.0.tar.gz (484 kB)\n     ━━━━━━━━━━━━━━━━━━━━━━━━━━━━━━━━━━━━━━ 484.1/484.1 kB 23.6 MB/s eta 0:00:00\n  Preparing metadata (setup.py): started\n  Preparing metadata (setup.py): finished with status 'done'\nCollecting charset-normalizer==2.0.9\n  Downloading charset_normalizer-2.0.9-py3-none-any.whl (39 kB)\nCollecting frozenlist==1.2.0\n  Downloading frozenlist-1.2.0.tar.gz (65 kB)\n     ━━━━━━━━━━━━━━━━━━━━━━━━━━━━━━━━━━━━━━━━ 65.6/65.6 kB 6.0 MB/s eta 0:00:00\n  Installing build dependencies: started\n  Installing build dependencies: finished with status 'done'\n  Getting requirements to build wheel: started\n  Getting requirements to build wheel: finished with status 'done'\n  Preparing metadata (pyproject.toml): started\n  Preparing metadata (pyproject.toml): finished with status 'done'\nCollecting idna==3.3\n  Downloading idna-3.3-py3-none-any.whl (61 kB)\n     ━━━━━━━━━━━━━━━━━━━━━━━━━━━━━━━━━━━━━━━━ 61.2/61.2 kB 7.3 MB/s eta 0:00:00\nCollecting lxml==4.7.1\n  Downloading lxml-4.7.1.tar.gz (3.2 MB)\n     ━━━━━━━━━━━━━━━━━━━━━━━━━━━━━━━━━━━━━━━━ 3.2/3.2 MB 24.1 MB/s eta 0:00:00\n  Preparing metadata (setup.py): started\n  Preparing metadata (setup.py): finished with status 'done'\nCollecting multidict==5.2.0\n  Downloading multidict-5.2.0.tar.gz (49 kB)\n     ━━━━━━━━━━━━━━━━━━━━━━━━━━━━━━━━━━━━━━━━ 49.0/49.0 kB 5.9 MB/s eta 0:00:00\n  Installing build dependencies: started\n  Installing build dependencies: finished with status 'done'\n  Getting requirements to build wheel: started\n  Getting requirements to build wheel: finished with status 'done'\n  Preparing metadata (pyproject.toml): started\n  Preparing metadata (pyproject.toml): finished with status 'done'\nCollecting pycares==4.1.2\n  Downloading pycares-4.1.2.tar.gz (819 kB)\n     ━━━━━━━━━━━━━━━━━━━━━━━━━━━━━━━━━━━━━━ 819.7/819.7 kB 32.1 MB/s eta 0:00:00\n  Preparing metadata (setup.py): started\n  Preparing metadata (setup.py): finished with status 'done'\nCollecting pycparser==2.21\n  Using cached pycparser-2.21-py2.py3-none-any.whl (118 kB)\nCollecting soupsieve==2.3.1\n  Downloading soupsieve-2.3.1-py3-none-any.whl (37 kB)\nCollecting ujson==5.1.0\n  Downloading ujson-5.1.0.tar.gz (7.1 MB)\n     ━━━━━━━━━━━━━━━━━━━━━━━━━━━━━━━━━━━━━━━━ 7.1/7.1 MB 4.5 MB/s eta 0:00:00\n  Installing build dependencies: started\n  Installing build dependencies: finished with status 'done'\n  Getting requirements to build wheel: started\n  Getting requirements to build wheel: finished with status 'done'\n  Preparing metadata (pyproject.toml): started\n  Preparing metadata (pyproject.toml): finished with status 'done'\nCollecting yarl==1.7.2\n  Downloading yarl-1.7.2.tar.gz (168 kB)\n     ━━━━━━━━━━━━━━━━━━━━━━━━━━━━━━━━━━━━━ 168.6/168.6 kB 772.2 kB/s eta 0:00:00\n  Installing build dependencies: started\n  Installing build dependencies: finished with status 'done'\n  Getting requirements to build wheel: started\n  Getting requirements to build wheel: finished with status 'done'\n  Preparing metadata (pyproject.toml): started\n  Preparing metadata (pyproject.toml): finished with status 'done'\nBuilding wheels for collected packages: aiohttp, bs4, cchardet, cffi, frozenlist, lxml, multidict, pycares, ujson, yarl\n  Building wheel for aiohttp (pyproject.toml): started\n  Building wheel for aiohttp (pyproject.toml): finished with status 'error'\n\u001b[91m  error: subprocess-exited-with-error\n  \n  × Building wheel for aiohttp (pyproject.toml) did not run successfully.\n  │ exit code: 1\n  ╰─> [107 lines of output]\n      *********************\n      * Accelerated build *\n      *********************\n      running bdist_wheel\n      running build\n      running build_py\n      creating build\n      creating build/lib.linux-x86_64-cpython-311\n      creating build/lib.linux-x86_64-cpython-311/aiohttp\n      copying aiohttp/web_request.py -> build/lib.linux-x86_64-cpython-311/aiohttp\n      copying aiohttp/http.py -> build/lib.linux-x86_64-cpython-311/aiohttp\n      copying aiohttp/web_fileresponse.py -> build/lib.linux-x86_64-cpython-311/aiohttp\n      copying aiohttp/__init__.py -> build/lib.linux-x86_64-cpython-311/aiohttp\n      copying aiohttp/locks.py -> build/lib.linux-x86_64-cpython-311/aiohttp\n      copying aiohttp/client.py -> build/lib.linux-x86_64-cpython-311/aiohttp\n      copying aiohttp/web_middlewares.py -> build/lib.linux-x86_64-cpython-311/aiohttp\n      copying aiohttp/web_exceptions.py -> build/lib.linux-x86_64-cpython-311/aiohttp\n      copying aiohttp/web_urldispatcher.py -> build/lib.linux-x86_64-cpython-311/aiohttp\n      copying aiohttp/log.py -> build/lib.linux-x86_64-cpython-311/aiohttp\n      copying aiohttp/client_ws.py -> build/lib.linux-x86_64-cpython-311/aiohttp\n      copying aiohttp/http_websocket.py -> build/lib.linux-x86_64-cpython-311/aiohttp\n      copying aiohttp/http_exceptions.py -> build/lib.linux-x86_64-cpython-311/aiohttp\n      copying aiohttp/worker.py -> build/lib.linux-x86_64-cpython-311/aiohttp\n      copying aiohttp/hdrs.py -> build/lib.linux-x86_64-cpython-311/aiohttp\n      copying aiohttp/web_protocol.py -> build/lib.linux-x86_64-cpython-311/aiohttp\n      copying aiohttp/helpers.py -> build/lib.linux-x86_64-cpython-311/aiohttp\n      copying aiohttp/web_log.py -> build/lib.linux-x86_64-cpython-311/aiohttp\n      copying aiohttp/http_writer.py -> build/lib.linux-x86_64-cpython-311/aiohttp\n      copying aiohttp/client_proto.py -> build/lib.linux-x86_64-cpython-311/aiohttp\n      copying aiohttp/payload.py -> build/lib.linux-x86_64-cpython-311/aiohttp\n      copying aiohttp/abc.py -> build/lib.linux-x86_64-cpython-311/aiohttp\n      copying aiohttp/web_ws.py -> build/lib.linux-x86_64-cpython-311/aiohttp\n      copying aiohttp/client_exceptions.py -> build/lib.linux-x86_64-cpython-311/aiohttp\n      copying aiohttp/connector.py -> build/lib.linux-x86_64-cpython-311/aiohttp\n      copying aiohttp/web_runner.py -> build/lib.linux-x86_64-cpython-311/aiohttp\n      copying aiohttp/web_routedef.py -> build/lib.linux-x86_64-cpython-311/aiohttp\n      copying aiohttp/formdata.py -> build/lib.linux-x86_64-cpython-311/aiohttp\n      copying aiohttp/streams.py -> build/lib.linux-x86_64-cpython-311/aiohttp\n      copying aiohttp/web_app.py -> build/lib.linux-x86_64-cpython-311/aiohttp\n      copying aiohttp/pytest_plugin.py -> build/lib.linux-x86_64-cpython-311/aiohttp\n      copying aiohttp/client_reqrep.py -> build/lib.linux-x86_64-cpython-311/aiohttp\n      copying aiohttp/cookiejar.py -> build/lib.linux-x86_64-cpython-311/aiohttp\n      copying aiohttp/test_utils.py -> build/lib.linux-x86_64-cpython-311/aiohttp\n      copying aiohttp/web_server.py -> build/lib.linux-x86_64-cpython-311/aiohttp\n      copying aiohttp/typedefs.py -> build/lib.linux-x86_64-cpython-311/aiohttp\n      copying aiohttp/resolver.py -> build/lib.linux-x86_64-cpython-311/aiohttp\n      copying aiohttp/multipart.py -> build/lib.linux-x86_64-cpython-311/aiohttp\n      copying aiohttp/payload_streamer.py -> build/lib.linux-x86_64-cpython-311/aiohttp\n      copying aiohttp/tcp_helpers.py -> build/lib.linux-x86_64-cpython-311/aiohttp\n      copying aiohttp/web.py -> build/lib.linux-x86_64-cpython-311/aiohttp\n      copying aiohttp/web_response.py -> build/lib.linux-x86_64-cpython-311/aiohttp\n      copying aiohttp/http_parser.py -> build/lib.linux-x86_64-cpython-311/aiohttp\n      copying aiohttp/tracing.py -> build/lib.linux-x86_64-cpython-311/aiohttp\n      copying aiohttp/base_protocol.py -> build/lib.linux-x86_64-cpython-311/aiohttp\n      running egg_info\n      writing aiohttp.egg-info/PKG-INFO\n      writing dependency_links to aiohttp.egg-info/dependency_links.txt\n      writing requirements to aiohttp.egg-info/requires.txt\n      writing top-level names to aiohttp.egg-info/top_level.txt\n      reading manifest file 'aiohttp.egg-info/SOURCES.txt'\n      reading manifest template 'MANIFEST.in'\n      warning: no files found matching 'aiohttp' anywhere in distribution\n      warning: no previously-included files matching '*.pyc' found anywhere in distribution\n      warning: no previously-included files matching '*.pyd' found anywhere in distribution\n      warning: no previously-included files matching '*.so' found anywhere in distribution\n      warning: no previously-included files matching '*.lib' found anywhere in distribution\n      warning: no previously-included files matching '*.dll' found anywhere in distribution\n      warning: no previously-included files matching '*.a' found anywhere in distribution\n      warning: no previously-included files matching '*.obj' found anywhere in distribution\n      warning: no previously-included files found matching 'aiohttp/*.html'\n      no previously-included directories found matching 'docs/_build'\n      adding license file 'LICENSE.txt'\n      writing manifest file 'aiohttp.egg-info/SOURCES.txt'\n      copying aiohttp/_cparser.pxd -> build/lib.linux-x86_64-cpython-311/aiohttp\n      copying aiohttp/_find_header.c -> build/lib.linux-x86_64-cpython-311/aiohttp\n      copying aiohttp/_find_header.h -> build/lib.linux-x86_64-cpython-311/aiohttp\n      copying aiohttp/_find_header.pxd -> build/lib.linux-x86_64-cpython-311/aiohttp\n      copying aiohttp/_headers.pxi -> build/lib.linux-x86_64-cpython-311/aiohttp\n      copying aiohttp/_helpers.c -> build/lib.linux-x86_64-cpython-311/aiohttp\n      copying aiohttp/_helpers.pyi -> build/lib.linux-x86_64-cpython-311/aiohttp\n      copying aiohttp/_helpers.pyx -> build/lib.linux-x86_64-cpython-311/aiohttp\n      copying aiohttp/_http_parser.c -> build/lib.linux-x86_64-cpython-311/aiohttp\n      copying aiohttp/_http_parser.pyx -> build/lib.linux-x86_64-cpython-311/aiohttp\n      copying aiohttp/_http_writer.c -> build/lib.linux-x86_64-cpython-311/aiohttp\n      copying aiohttp/_http_writer.pyx -> build/lib.linux-x86_64-cpython-311/aiohttp\n      copying aiohttp/_websocket.c -> build/lib.linux-x86_64-cpython-311/aiohttp\n      copying aiohttp/_websocket.pyx -> build/lib.linux-x86_64-cpython-311/aiohttp\n      copying aiohttp/py.typed -> build/lib.linux-x86_64-cpython-311/aiohttp\n      creating build/lib.linux-x86_64-cpython-311/aiohttp/.hash\n      copying aiohttp/.hash/_cparser.pxd.hash -> build/lib.linux-x86_64-cpython-311/aiohttp/.hash\n      copying aiohttp/.hash/_find_header.pxd.hash -> build/lib.linux-x86_64-cpython-311/aiohttp/.hash\n      copying aiohttp/.hash/_helpers.pyi.hash -> build/lib.linux-x86_64-cpython-311/aiohttp/.hash\n      copying aiohttp/.hash/_helpers.pyx.hash -> build/lib.linux-x86_64-cpython-311/aiohttp/.hash\n      copying aiohttp/.hash/_http_parser.pyx.hash -> build/lib.linux-x86_64-cpython-311/aiohttp/.hash\n      copying aiohttp/.hash/_http_writer.pyx.hash -> build/lib.linux-x86_64-cpython-311/aiohttp/.hash\n      copying aiohttp/.hash/_websocket.pyx.hash -> build/lib.linux-x86_64-cpython-311/aiohttp/.hash\n      copying aiohttp/.hash/hdrs.py.hash -> build/lib.linux-x86_64-cpython-311/aiohttp/.hash\n      running build_ext\n      building 'aiohttp._websocket' extension\n      creating build/temp.linux-x86_64-cpython-311\n      creating build/temp.linux-x86_64-cpython-311/aiohttp\n      gcc -pthread -Wsign-compare -DNDEBUG -g -fwrapv -O3 -Wall -fPIC -I/usr/local/include/python3.11 -c aiohttp/_websocket.c -o build/temp.linux-x86_64-cpython-311/aiohttp/_websocket.o\n      aiohttp/_websocket.c:198:12: fatal error: longintrepr.h: No such file or directory\n        198 |   #include \"longintrepr.h\"\n            |            ^~~~~~~~~~~~~~~\n      compilation terminated.\n      error: command '/usr/bin/gcc' failed with exit code 1\n      [end of output]\n  \n  note: This error originates from a subprocess, and is likely not a problem with pip.\n\u001b[0m\u001b[91m  ERROR: Failed building wheel for aiohttp\n\u001b[0m  Building wheel for bs4 (setup.py): started\n  Building wheel for bs4 (setup.py): finished with status 'done'\n  Created wheel for bs4: filename=bs4-0.0.1-py3-none-any.whl size=1256 sha256=4e8641152b5007b5ad6d25c1248e4b14ddbb91442202a2f0e5e73443b51c887e\n  Stored in directory: /root/.cache/pip/wheels/43/3e/57/302f820566f1b49e516cb1a8daf8d99ccab6615f25b41cec80\n  Building wheel for cchardet (setup.py): started\n  Building wheel for cchardet (setup.py): finished with status 'error'\n\u001b[91m  error: subprocess-exited-with-error\n  \n  × python setup.py bdist_wheel did not run successfully.\n  │ exit code: 1\n  ╰─> [23 lines of output]\n      running bdist_wheel\n      running build\n      running build_py\n      creating build\n      creating build/lib.linux-x86_64-cpython-311\n      creating build/lib.linux-x86_64-cpython-311/cchardet\n      copying src/cchardet/__init__.py -> build/lib.linux-x86_64-cpython-311/cchardet\n      copying src/cchardet/version.py -> build/lib.linux-x86_64-cpython-311/cchardet\n      running build_ext\n      building 'cchardet._cchardet' extension\n      creating build/temp.linux-x86_64-cpython-311\n      creating build/temp.linux-x86_64-cpython-311/src\n      creating build/temp.linux-x86_64-cpython-311/src/cchardet\n      creating build/temp.linux-x86_64-cpython-311/src/ext\n      creating build/temp.linux-x86_64-cpython-311/src/ext/uchardet\n      creating build/temp.linux-x86_64-cpython-311/src/ext/uchardet/src\n      creating build/temp.linux-x86_64-cpython-311/src/ext/uchardet/src/LangModels\n      gcc -pthread -Wsign-compare -DNDEBUG -g -fwrapv -O3 -Wall -fPIC -Isrc/ext/uchardet/src -I/usr/local/include/python3.11 -c src/cchardet/_cchardet.cpp -o build/temp.linux-x86_64-cpython-311/src/cchardet/_cchardet.o\n      src/cchardet/_cchardet.cpp:196:12: fatal error: longintrepr.h: No such file or directory\n        196 |   #include \"longintrepr.h\"\n            |            ^~~~~~~~~~~~~~~\n      compilation terminated.\n      error: command '/usr/bin/gcc' failed with exit code 1\n      [end of output]\n  \n  note: This error originates from a subprocess, and is likely not a problem with pip.\n\u001b[0m\u001b[91m  ERROR: Failed building wheel for cchardet\n\u001b[0m  Running setup.py clean for cchardet\n  Building wheel for cffi (setup.py): started\n  Building wheel for cffi (setup.py): finished with status 'done'\n  Created wheel for cffi: filename=cffi-1.15.0-cp311-cp311-linux_x86_64.whl size=440151 sha256=75fd6acd789fd301d649f8d95c8408ce08aaf489a4100c5ceed3f763145a83e9\n  Stored in directory: /root/.cache/pip/wheels/c5/34/41/a204155e2d3c0262e57099c666e445b293f3c722f7a5f90005\n  Building wheel for frozenlist (pyproject.toml): started\n  Building wheel for frozenlist (pyproject.toml): finished with status 'error'\n\u001b[91m  error: subprocess-exited-with-error\n  \n  × Building wheel for frozenlist (pyproject.toml) did not run successfully.\n  │ exit code: 1\n  ╰─> [43 lines of output]\n      /tmp/pip-build-env-oqd43rmy/overlay/lib/python3.11/site-packages/setuptools/config/setupcfg.py:508: SetuptoolsDeprecationWarning: The license_file parameter is deprecated, use license_files instead.\n        warnings.warn(msg, warning_class)\n      **********************\n      * Accellerated build *\n      **********************\n      running bdist_wheel\n      running build\n      running build_py\n      creating build\n      creating build/lib.linux-x86_64-cpython-311\n      creating build/lib.linux-x86_64-cpython-311/frozenlist\n      copying frozenlist/__init__.py -> build/lib.linux-x86_64-cpython-311/frozenlist\n      running egg_info\n      writing frozenlist.egg-info/PKG-INFO\n      writing dependency_links to frozenlist.egg-info/dependency_links.txt\n      writing top-level names to frozenlist.egg-info/top_level.txt\n      reading manifest file 'frozenlist.egg-info/SOURCES.txt'\n      reading manifest template 'MANIFEST.in'\n      warning: no previously-included files matching '*.pyc' found anywhere in distribution\n      warning: no previously-included files matching '*.pyd' found anywhere in distribution\n      warning: no previously-included files matching '*.so' found anywhere in distribution\n      warning: no previously-included files matching '*.lib' found anywhere in distribution\n      warning: no previously-included files matching '*.dll' found anywhere in distribution\n      warning: no previously-included files matching '*.a' found anywhere in distribution\n      warning: no previously-included files matching '*.obj' found anywhere in distribution\n      warning: no previously-included files found matching 'frozenlist/*.html'\n      no previously-included directories found matching 'docs/_build'\n      adding license file 'LICENSE'\n      writing manifest file 'frozenlist.egg-info/SOURCES.txt'\n      copying frozenlist/__init__.pyi -> build/lib.linux-x86_64-cpython-311/frozenlist\n      copying frozenlist/_frozenlist.c -> build/lib.linux-x86_64-cpython-311/frozenlist\n      copying frozenlist/_frozenlist.pyx -> build/lib.linux-x86_64-cpython-311/frozenlist\n      copying frozenlist/py.typed -> build/lib.linux-x86_64-cpython-311/frozenlist\n      running build_ext\n      building 'frozenlist._frozenlist' extension\n      creating build/temp.linux-x86_64-cpython-311\n      creating build/temp.linux-x86_64-cpython-311/frozenlist\n      gcc -pthread -Wsign-compare -DNDEBUG -g -fwrapv -O3 -Wall -fPIC -I/usr/local/include/python3.11 -c frozenlist/_frozenlist.c -o build/temp.linux-x86_64-cpython-311/frozenlist/_frozenlist.o\n      frozenlist/_frozenlist.c:198:12: fatal error: longintrepr.h: No such file or directory\n        198 |   #include \"longintrepr.h\"\n            |            ^~~~~~~~~~~~~~~\n      compilation terminated.\n      error: command '/usr/bin/gcc' failed with exit code 1\n      [end of output]\n  \n  note: This error originates from a subprocess, and is likely not a problem with pip.\n\u001b[0m\u001b[91m  ERROR: Failed building wheel for frozenlist\n\u001b[0m  Building wheel for lxml (setup.py): started\n  Building wheel for lxml (setup.py): finished with status 'error'\n\u001b[91m  error: subprocess-exited-with-error\n  \n  × python setup.py bdist_wheel did not run successfully.\n  │ exit code: 1\n  ╰─> [250 lines of output]\n      Building lxml version 4.7.1.\n      Building without Cython.\n      Building against libxml2 2.9.10 and libxslt 1.1.34\n      running bdist_wheel\n      running build\n      running build_py\n      creating build\n      creating build/lib.linux-x86_64-cpython-311\n      creating build/lib.linux-x86_64-cpython-311/lxml\n      copying src/lxml/__init__.py -> build/lib.linux-x86_64-cpython-311/lxml\n      copying src/lxml/cssselect.py -> build/lib.linux-x86_64-cpython-311/lxml\n      copying src/lxml/doctestcompare.py -> build/lib.linux-x86_64-cpython-311/lxml\n      copying src/lxml/sax.py -> build/lib.linux-x86_64-cpython-311/lxml\n      copying src/lxml/pyclasslookup.py -> build/lib.linux-x86_64-cpython-311/lxml\n      copying src/lxml/_elementpath.py -> build/lib.linux-x86_64-cpython-311/lxml\n      copying src/lxml/usedoctest.py -> build/lib.linux-x86_64-cpython-311/lxml\n      copying src/lxml/builder.py -> build/lib.linux-x86_64-cpython-311/lxml\n      copying src/lxml/ElementInclude.py -> build/lib.linux-x86_64-cpython-311/lxml\n      creating build/lib.linux-x86_64-cpython-311/lxml/includes\n      copying src/lxml/includes/__init__.py -> build/lib.linux-x86_64-cpython-311/lxml/includes\n      creating build/lib.linux-x86_64-cpython-311/lxml/html\n      copying src/lxml/html/__init__.py -> build/lib.linux-x86_64-cpython-311/lxml/html\n      copying src/lxml/html/defs.py -> build/lib.linux-x86_64-cpython-311/lxml/html\n      copying src/lxml/html/_diffcommand.py -> build/lib.linux-x86_64-cpython-311/lxml/html\n      copying src/lxml/html/soupparser.py -> build/lib.linux-x86_64-cpython-311/lxml/html\n      copying src/lxml/html/_html5builder.py -> build/lib.linux-x86_64-cpython-311/lxml/html\n      copying src/lxml/html/_setmixin.py -> build/lib.linux-x86_64-cpython-311/lxml/html\n      copying src/lxml/html/ElementSoup.py -> build/lib.linux-x86_64-cpython-311/lxml/html\n      copying src/lxml/html/clean.py -> build/lib.linux-x86_64-cpython-311/lxml/html\n      copying src/lxml/html/diff.py -> build/lib.linux-x86_64-cpython-311/lxml/html\n      copying src/lxml/html/usedoctest.py -> build/lib.linux-x86_64-cpython-311/lxml/html\n      copying src/lxml/html/builder.py -> build/lib.linux-x86_64-cpython-311/lxml/html\n      copying src/lxml/html/formfill.py -> build/lib.linux-x86_64-cpython-311/lxml/html\n      copying src/lxml/html/html5parser.py -> build/lib.linux-x86_64-cpython-311/lxml/html\n      creating build/lib.linux-x86_64-cpython-311/lxml/isoschematron\n      copying src/lxml/isoschematron/__init__.py -> build/lib.linux-x86_64-cpython-311/lxml/isoschematron\n      copying src/lxml/etree.h -> build/lib.linux-x86_64-cpython-311/lxml\n      copying src/lxml/etree_api.h -> build/lib.linux-x86_64-cpython-311/lxml\n      copying src/lxml/lxml.etree.h -> build/lib.linux-x86_64-cpython-311/lxml\n      copying src/lxml/lxml.etree_api.h -> build/lib.linux-x86_64-cpython-311/lxml\n      copying src/lxml/includes/dtdvalid.pxd -> build/lib.linux-x86_64-cpython-311/lxml/includes\n      copying src/lxml/includes/__init__.pxd -> build/lib.linux-x86_64-cpython-311/lxml/includes\n      copying src/lxml/includes/xmlerror.pxd -> build/lib.linux-x86_64-cpython-311/lxml/includes\n      copying src/lxml/includes/htmlparser.pxd -> build/lib.linux-x86_64-cpython-311/lxml/includes\n      copying src/lxml/includes/tree.pxd -> build/lib.linux-x86_64-cpython-311/lxml/includes\n      copying src/lxml/includes/xinclude.pxd -> build/lib.linux-x86_64-cpython-311/lxml/includes\n      copying src/lxml/includes/relaxng.pxd -> build/lib.linux-x86_64-cpython-311/lxml/includes\n      copying src/lxml/includes/etreepublic.pxd -> build/lib.linux-x86_64-cpython-311/lxml/includes\n      copying src/lxml/includes/xpath.pxd -> build/lib.linux-x86_64-cpython-311/lxml/includes\n      copying src/lxml/includes/c14n.pxd -> build/lib.linux-x86_64-cpython-311/lxml/includes\n      copying src/lxml/includes/xmlschema.pxd -> build/lib.linux-x86_64-cpython-311/lxml/includes\n      copying src/lxml/includes/config.pxd -> build/lib.linux-x86_64-cpython-311/lxml/includes\n      copying src/lxml/includes/schematron.pxd -> build/lib.linux-x86_64-cpython-311/lxml/includes\n      copying src/lxml/includes/uri.pxd -> build/lib.linux-x86_64-cpython-311/lxml/includes\n      copying src/lxml/includes/xmlparser.pxd -> build/lib.linux-x86_64-cpython-311/lxml/includes\n      copying src/lxml/includes/xslt.pxd -> build/lib.linux-x86_64-cpython-311/lxml/includes\n      copying src/lxml/includes/lxml-version.h -> build/lib.linux-x86_64-cpython-311/lxml/includes\n      copying src/lxml/includes/etree_defs.h -> build/lib.linux-x86_64-cpython-311/lxml/includes\n      creating build/lib.linux-x86_64-cpython-311/lxml/isoschematron/resources\n      creating build/lib.linux-x86_64-cpython-311/lxml/isoschematron/resources/rng\n      copying src/lxml/isoschematron/resources/rng/iso-schematron.rng -> build/lib.linux-x86_64-cpython-311/lxml/isoschematron/resources/rng\n      creating build/lib.linux-x86_64-cpython-311/lxml/isoschematron/resources/xsl\n      copying src/lxml/isoschematron/resources/xsl/RNG2Schtrn.xsl -> build/lib.linux-x86_64-cpython-311/lxml/isoschematron/resources/xsl\n      copying src/lxml/isoschematron/resources/xsl/XSD2Schtrn.xsl -> build/lib.linux-x86_64-cpython-311/lxml/isoschematron/resources/xsl\n      creating build/lib.linux-x86_64-cpython-311/lxml/isoschematron/resources/xsl/iso-schematron-xslt1\n      copying src/lxml/isoschematron/resources/xsl/iso-schematron-xslt1/iso_abstract_expand.xsl -> build/lib.linux-x86_64-cpython-311/lxml/isoschematron/resources/xsl/iso-schematron-xslt1\n      copying src/lxml/isoschematron/resources/xsl/iso-schematron-xslt1/iso_dsdl_include.xsl -> build/lib.linux-x86_64-cpython-311/lxml/isoschematron/resources/xsl/iso-schematron-xslt1\n      copying src/lxml/isoschematron/resources/xsl/iso-schematron-xslt1/iso_schematron_skeleton_for_xslt1.xsl -> build/lib.linux-x86_64-cpython-311/lxml/isoschematron/resources/xsl/iso-schematron-xslt1\n      copying src/lxml/isoschematron/resources/xsl/iso-schematron-xslt1/iso_schematron_message.xsl -> build/lib.linux-x86_64-cpython-311/lxml/isoschematron/resources/xsl/iso-schematron-xslt1\n      copying src/lxml/isoschematron/resources/xsl/iso-schematron-xslt1/iso_svrl_for_xslt1.xsl -> build/lib.linux-x86_64-cpython-311/lxml/isoschematron/resources/xsl/iso-schematron-xslt1\n      copying src/lxml/isoschematron/resources/xsl/iso-schematron-xslt1/readme.txt -> build/lib.linux-x86_64-cpython-311/lxml/isoschematron/resources/xsl/iso-schematron-xslt1\n      running build_ext\n      building 'lxml.etree' extension\n      creating build/temp.linux-x86_64-cpython-311\n      creating build/temp.linux-x86_64-cpython-311/src\n      creating build/temp.linux-x86_64-cpython-311/src/lxml\n      gcc -pthread -Wsign-compare -DNDEBUG -g -fwrapv -O3 -Wall -fPIC -DCYTHON_CLINE_IN_TRACEBACK=0 -I/usr/include/libxml2 -Isrc -Isrc/lxml/includes -I/usr/local/include/python3.11 -c src/lxml/etree.c -o build/temp.linux-x86_64-cpython-311/src/lxml/etree.o -w\n      src/lxml/etree.c: In function ‘__Pyx_PyErr_GetTopmostException’:\n      src/lxml/etree.c:262403:21: error: ‘_PyErr_StackItem’ {aka ‘struct _err_stackitem’} has no member named ‘exc_type’\n      262403 |     while ((exc_info->exc_type == NULL || exc_info->exc_type == Py_None) &&\n             |                     ^~\n      src/lxml/etree.c:262403:51: error: ‘_PyErr_StackItem’ {aka ‘struct _err_stackitem’} has no member named ‘exc_type’\n      262403 |     while ((exc_info->exc_type == NULL || exc_info->exc_type == Py_None) &&\n             |                                                   ^~\n      src/lxml/etree.c: In function ‘__Pyx__ExceptionSave’:\n      src/lxml/etree.c:262417:21: error: ‘_PyErr_StackItem’ {aka ‘struct _err_stackitem’} has no member named ‘exc_type’\n      262417 |     *type = exc_info->exc_type;\n             |                     ^~\n      src/lxml/etree.c:262419:19: error: ‘_PyErr_StackItem’ {aka ‘struct _err_stackitem’} has no member named ‘exc_traceback’\n      262419 |     *tb = exc_info->exc_traceback;\n             |                   ^~\n      src/lxml/etree.c: In function ‘__Pyx__ExceptionReset’:\n      src/lxml/etree.c:262433:24: error: ‘_PyErr_StackItem’ {aka ‘struct _err_stackitem’} has no member named ‘exc_type’\n      262433 |     tmp_type = exc_info->exc_type;\n             |                        ^~\n      src/lxml/etree.c:262435:22: error: ‘_PyErr_StackItem’ {aka ‘struct _err_stackitem’} has no member named ‘exc_traceback’\n      262435 |     tmp_tb = exc_info->exc_traceback;\n             |                      ^~\n      src/lxml/etree.c:262436:13: error: ‘_PyErr_StackItem’ {aka ‘struct _err_stackitem’} has no member named ‘exc_type’\n      262436 |     exc_info->exc_type = type;\n             |             ^~\n      src/lxml/etree.c:262438:13: error: ‘_PyErr_StackItem’ {aka ‘struct _err_stackitem’} has no member named ‘exc_traceback’\n      262438 |     exc_info->exc_traceback = tb;\n             |             ^~\n      src/lxml/etree.c: In function ‘__Pyx__GetException’:\n      src/lxml/etree.c:262520:28: error: ‘_PyErr_StackItem’ {aka ‘struct _err_stackitem’} has no member named ‘exc_type’\n      262520 |         tmp_type = exc_info->exc_type;\n             |                            ^~\n      src/lxml/etree.c:262522:26: error: ‘_PyErr_StackItem’ {aka ‘struct _err_stackitem’} has no member named ‘exc_traceback’\n      262522 |         tmp_tb = exc_info->exc_traceback;\n             |                          ^~\n      src/lxml/etree.c:262523:17: error: ‘_PyErr_StackItem’ {aka ‘struct _err_stackitem’} has no member named ‘exc_type’\n      262523 |         exc_info->exc_type = local_type;\n             |                 ^~\n      src/lxml/etree.c:262525:17: error: ‘_PyErr_StackItem’ {aka ‘struct _err_stackitem’} has no member named ‘exc_traceback’\n      262525 |         exc_info->exc_traceback = local_tb;\n             |                 ^~\n      src/lxml/etree.c: In function ‘__Pyx__ExceptionSwap’:\n      src/lxml/etree.c:262711:24: error: ‘_PyErr_StackItem’ {aka ‘struct _err_stackitem’} has no member named ‘exc_type’\n      262711 |     tmp_type = exc_info->exc_type;\n             |                        ^~\n      src/lxml/etree.c:262713:22: error: ‘_PyErr_StackItem’ {aka ‘struct _err_stackitem’} has no member named ‘exc_traceback’\n      262713 |     tmp_tb = exc_info->exc_traceback;\n             |                      ^~\n      src/lxml/etree.c:262714:13: error: ‘_PyErr_StackItem’ {aka ‘struct _err_stackitem’} has no member named ‘exc_type’\n      262714 |     exc_info->exc_type = *type;\n             |             ^~\n      src/lxml/etree.c:262716:13: error: ‘_PyErr_StackItem’ {aka ‘struct _err_stackitem’} has no member named ‘exc_traceback’\n      262716 |     exc_info->exc_traceback = *tb;\n             |             ^~\n      src/lxml/etree.c: In function ‘__Pyx_Coroutine_ExceptionClear’:\n      src/lxml/etree.c:264915:18: error: ‘_PyErr_StackItem’ {aka ‘struct _err_stackitem’} has no member named ‘exc_type’\n      264915 |     t = exc_state->exc_type;\n             |                  ^~\n      src/lxml/etree.c:264917:19: error: ‘_PyErr_StackItem’ {aka ‘struct _err_stackitem’} has no member named ‘exc_traceback’\n      264917 |     tb = exc_state->exc_traceback;\n             |                   ^~\n      src/lxml/etree.c:264918:14: error: ‘_PyErr_StackItem’ {aka ‘struct _err_stackitem’} has no member named ‘exc_type’\n      264918 |     exc_state->exc_type = NULL;\n             |              ^~\n      src/lxml/etree.c:264920:14: error: ‘_PyErr_StackItem’ {aka ‘struct _err_stackitem’} has no member named ‘exc_traceback’\n      264920 |     exc_state->exc_traceback = NULL;\n             |              ^~\n      src/lxml/etree.c: In function ‘__Pyx_Coroutine_SendEx’:\n      src/lxml/etree.c:264997:18: error: ‘_PyErr_StackItem’ {aka ‘struct _err_stackitem’} has no member named ‘exc_type’\n      264997 |     if (exc_state->exc_type) {\n             |                  ^~\n      src/lxml/etree.c:265000:22: error: ‘_PyErr_StackItem’ {aka ‘struct _err_stackitem’} has no member named ‘exc_traceback’\n      265000 |         if (exc_state->exc_traceback) {\n             |                      ^~\n      src/lxml/etree.c:265001:68: error: ‘_PyErr_StackItem’ {aka ‘struct _err_stackitem’} has no member named ‘exc_traceback’\n      265001 |             PyTracebackObject *tb = (PyTracebackObject *) exc_state->exc_traceback;\n             |                                                                    ^~\n      src/lxml/etree.c:265005:14: error: invalid use of incomplete typedef ‘PyFrameObject’ {aka ‘struct _frame’}\n      265005 |             f->f_back = PyThreadState_GetFrame(tstate);\n             |              ^~\n      src/lxml/etree.c: In function ‘__Pyx_Coroutine_ResetFrameBackpointer’:\n      src/lxml/etree.c:265036:33: error: ‘_PyErr_StackItem’ {aka ‘struct _err_stackitem’} has no member named ‘exc_traceback’\n      265036 |     PyObject *exc_tb = exc_state->exc_traceback;\n             |                                 ^~\n      In file included from /usr/local/include/python3.11/Python.h:38,\n                       from src/lxml/etree.c:96:\n      src/lxml/etree.c:265042:19: error: invalid use of incomplete typedef ‘PyFrameObject’ {aka ‘struct _frame’}\n      265042 |         Py_CLEAR(f->f_back);\n             |                   ^~\n      /usr/local/include/python3.11/pyport.h:24:38: note: in definition of macro ‘_Py_CAST’\n         24 | #define _Py_CAST(type, expr) ((type)(expr))\n            |                                      ^~~~\n      /usr/local/include/python3.11/object.h:581:29: note: in expansion of macro ‘_PyObject_CAST’\n        581 |         PyObject *_py_tmp = _PyObject_CAST(op); \\\n            |                             ^~~~~~~~~~~~~~\n      src/lxml/etree.c:265042:9: note: in expansion of macro ‘Py_CLEAR’\n      265042 |         Py_CLEAR(f->f_back);\n             |         ^~~~~~~~\n      In file included from /usr/local/include/python3.11/Python.h:44,\n                       from src/lxml/etree.c:96:\n      src/lxml/etree.c:265042:19: error: invalid use of incomplete typedef ‘PyFrameObject’ {aka ‘struct _frame’}\n      265042 |         Py_CLEAR(f->f_back);\n             |                   ^~\n      /usr/local/include/python3.11/object.h:583:14: note: in definition of macro ‘Py_CLEAR’\n        583 |             (op) = NULL;                        \\\n            |              ^~\n      In file included from /usr/local/include/python3.11/Python.h:45,\n                       from src/lxml/etree.c:96:\n      src/lxml/etree.c: In function ‘__Pyx_Coroutine_traverse_excstate’:\n      src/lxml/etree.c:265348:23: error: ‘_PyErr_StackItem’ {aka ‘struct _err_stackitem’} has no member named ‘exc_type’\n      265348 |     Py_VISIT(exc_state->exc_type);\n             |                       ^~\n      /usr/local/include/python3.11/objimpl.h:199:13: note: in definition of macro ‘Py_VISIT’\n        199 |         if (op) {                                                       \\\n            |             ^~\n      In file included from /usr/local/include/python3.11/Python.h:38,\n                       from src/lxml/etree.c:96:\n      src/lxml/etree.c:265348:23: error: ‘_PyErr_StackItem’ {aka ‘struct _err_stackitem’} has no member named ‘exc_type’\n      265348 |     Py_VISIT(exc_state->exc_type);\n             |                       ^~\n      /usr/local/include/python3.11/pyport.h:24:38: note: in definition of macro ‘_Py_CAST’\n         24 | #define _Py_CAST(type, expr) ((type)(expr))\n            |                                      ^~~~\n      /usr/local/include/python3.11/objimpl.h:200:30: note: in expansion of macro ‘_PyObject_CAST’\n        200 |             int vret = visit(_PyObject_CAST(op), arg);                  \\\n            |                              ^~~~~~~~~~~~~~\n      src/lxml/etree.c:265348:5: note: in expansion of macro ‘Py_VISIT’\n      265348 |     Py_VISIT(exc_state->exc_type);\n             |     ^~~~~~~~\n      In file included from /usr/local/include/python3.11/Python.h:45,\n                       from src/lxml/etree.c:96:\n      src/lxml/etree.c:265350:23: error: ‘_PyErr_StackItem’ {aka ‘struct _err_stackitem’} has no member named ‘exc_traceback’\n      265350 |     Py_VISIT(exc_state->exc_traceback);\n             |                       ^~\n      /usr/local/include/python3.11/objimpl.h:199:13: note: in definition of macro ‘Py_VISIT’\n        199 |         if (op) {                                                       \\\n            |             ^~\n      In file included from /usr/local/include/python3.11/Python.h:38,\n                       from src/lxml/etree.c:96:\n      src/lxml/etree.c:265350:23: error: ‘_PyErr_StackItem’ {aka ‘struct _err_stackitem’} has no member named ‘exc_traceback’\n      265350 |     Py_VISIT(exc_state->exc_traceback);\n             |                       ^~\n      /usr/local/include/python3.11/pyport.h:24:38: note: in definition of macro ‘_Py_CAST’\n         24 | #define _Py_CAST(type, expr) ((type)(expr))\n            |                                      ^~~~\n      /usr/local/include/python3.11/objimpl.h:200:30: note: in expansion of macro ‘_PyObject_CAST’\n        200 |             int vret = visit(_PyObject_CAST(op), arg);                  \\\n            |                              ^~~~~~~~~~~~~~\n      src/lxml/etree.c:265350:5: note: in expansion of macro ‘Py_VISIT’\n      265350 |     Py_VISIT(exc_state->exc_traceback);\n             |     ^~~~~~~~\n      src/lxml/etree.c: In function ‘__Pyx__Coroutine_NewInit’:\n      src/lxml/etree.c:265597:22: error: ‘_PyErr_StackItem’ {aka ‘struct _err_stackitem’} has no member named ‘exc_type’\n      265597 |     gen->gi_exc_state.exc_type = NULL;\n             |                      ^\n      src/lxml/etree.c:265599:22: error: ‘_PyErr_StackItem’ {aka ‘struct _err_stackitem’} has no member named ‘exc_traceback’\n      265599 |     gen->gi_exc_state.exc_traceback = NULL;\n             |                      ^\n      src/lxml/etree.c: In function ‘__Pyx__ReturnWithStopIteration’:\n      src/lxml/etree.c:266582:32: error: ‘_PyErr_StackItem’ {aka ‘struct _err_stackitem’} has no member named ‘exc_type’\n      266582 |     if (!__pyx_tstate->exc_info->exc_type)\n             |                                ^~\n      src/lxml/etree.c: In function ‘__Pyx_AddTraceback’:\n      src/lxml/etree.c:522:62: error: invalid use of incomplete typedef ‘PyFrameObject’ {aka ‘struct _frame’}\n        522 |   #define __Pyx_PyFrame_SetLineNumber(frame, lineno)  (frame)->f_lineno = (lineno)\n            |                                                              ^~\n      src/lxml/etree.c:267807:5: note: in expansion of macro ‘__Pyx_PyFrame_SetLineNumber’\n      267807 |     __Pyx_PyFrame_SetLineNumber(py_frame, py_line);\n             |     ^~~~~~~~~~~~~~~~~~~~~~~~~~~\n      Compile failed: command '/usr/bin/gcc' failed with exit code 1\n      creating tmp\n      cc -I/usr/include/libxml2 -I/usr/include/libxml2 -c /tmp/xmlXPathInith0kuwub0.c -o tmp/xmlXPathInith0kuwub0.o\n      cc tmp/xmlXPathInith0kuwub0.o -lxml2 -o a.out\n      error: command '/usr/bin/gcc' failed with exit code 1\n      [end of output]\n  \n  note: This error originates from a subprocess, and is likely not a problem with pip.\n\u001b[0m\u001b[91m  ERROR: Failed building wheel for lxml\n\u001b[0m  Running setup.py clean for lxml\n  Building wheel for multidict (pyproject.toml): started\n  Building wheel for multidict (pyproject.toml): finished with status 'done'\n  Created wheel for multidict: filename=multidict-5.2.0-cp311-cp311-linux_x86_64.whl size=128574 sha256=be390ad108cca9677fd6b229bb3ca5b3e0b2a5f4608ad3172883fda96b5d3fe1\n  Stored in directory: /root/.cache/pip/wheels/9b/df/d5/c928f53ce173db58e8d6babd0050f1620cb31762ffe64511fc\n  Building wheel for pycares (setup.py): started\n  Building wheel for pycares (setup.py): finished with status 'done'\n  Created wheel for pycares: filename=pycares-4.1.2-cp311-cp311-linux_x86_64.whl size=284553 sha256=600c9331be16e96e82e80218185dbcc71274c93434c3d1f759a7d7a849fcaa59\n  Stored in directory: /root/.cache/pip/wheels/4d/00/4f/e977febdf4cff270b6dccc53436efdcba9898bcfdcde83371c\n  Building wheel for ujson (pyproject.toml): started\n  Building wheel for ujson (pyproject.toml): finished with status 'done'\n  Created wheel for ujson: filename=ujson-5.1.0-cp311-cp311-linux_x86_64.whl size=43727 sha256=2f23a05b313a57126e7eb4200f1ca7f5d92b199b6eaf40ac7caf4ae8e1b7f2af\n  Stored in directory: /root/.cache/pip/wheels/69/70/3c/25b9f33be8fe7002b28f9c3225fa6380d7d7cf8afe81514cb0\n  Building wheel for yarl (pyproject.toml): started\n  Building wheel for yarl (pyproject.toml): finished with status 'error'\n\u001b[91m  error: subprocess-exited-with-error\n  \n  × Building wheel for yarl (pyproject.toml) did not run successfully.\n  │ exit code: 1\n  ╰─> [45 lines of output]\n      /tmp/pip-build-env-vudq10ja/overlay/lib/python3.11/site-packages/setuptools/config/setupcfg.py:508: SetuptoolsDeprecationWarning: The license_file parameter is deprecated, use license_files instead.\n        warnings.warn(msg, warning_class)\n      **********************\n      * Accelerated build *\n      **********************\n      running bdist_wheel\n      running build\n      running build_py\n      creating build\n      creating build/lib.linux-x86_64-cpython-311\n      creating build/lib.linux-x86_64-cpython-311/yarl\n      copying yarl/__init__.py -> build/lib.linux-x86_64-cpython-311/yarl\n      copying yarl/_quoting_py.py -> build/lib.linux-x86_64-cpython-311/yarl\n      copying yarl/_url.py -> build/lib.linux-x86_64-cpython-311/yarl\n      copying yarl/_quoting.py -> build/lib.linux-x86_64-cpython-311/yarl\n      running egg_info\n      writing yarl.egg-info/PKG-INFO\n      writing dependency_links to yarl.egg-info/dependency_links.txt\n      writing requirements to yarl.egg-info/requires.txt\n      writing top-level names to yarl.egg-info/top_level.txt\n      reading manifest file 'yarl.egg-info/SOURCES.txt'\n      reading manifest template 'MANIFEST.in'\n      warning: no previously-included files matching '*.pyc' found anywhere in distribution\n      warning: no previously-included files matching '*.cache' found anywhere in distribution\n      warning: no previously-included files found matching 'yarl/*.html'\n      warning: no previously-included files found matching 'yarl/*.so'\n      warning: no previously-included files found matching 'yarl/*.pyd'\n      no previously-included directories found matching 'docs/_build'\n      adding license file 'LICENSE'\n      writing manifest file 'yarl.egg-info/SOURCES.txt'\n      copying yarl/__init__.pyi -> build/lib.linux-x86_64-cpython-311/yarl\n      copying yarl/_quoting_c.c -> build/lib.linux-x86_64-cpython-311/yarl\n      copying yarl/_quoting_c.pyi -> build/lib.linux-x86_64-cpython-311/yarl\n      copying yarl/_quoting_c.pyx -> build/lib.linux-x86_64-cpython-311/yarl\n      copying yarl/py.typed -> build/lib.linux-x86_64-cpython-311/yarl\n      running build_ext\n      building 'yarl._quoting_c' extension\n      creating build/temp.linux-x86_64-cpython-311\n      creating build/temp.linux-x86_64-cpython-311/yarl\n      gcc -pthread -Wsign-compare -DNDEBUG -g -fwrapv -O3 -Wall -fPIC -I/usr/local/include/python3.11 -c yarl/_quoting_c.c -o build/temp.linux-x86_64-cpython-311/yarl/_quoting_c.o\n      yarl/_quoting_c.c:198:12: fatal error: longintrepr.h: No such file or directory\n        198 |   #include \"longintrepr.h\"\n            |            ^~~~~~~~~~~~~~~\n      compilation terminated.\n      error: command '/usr/bin/gcc' failed with exit code 1\n      [end of output]\n  \n  note: This error originates from a subprocess, and is likely not a problem with pip.\n\u001b[0m\u001b[91m  ERROR: Failed building wheel for yarl\n\u001b[0mSuccessfully built bs4 cffi multidict pycares ujson\nFailed to build aiohttp cchardet frozenlist lxml yarl\n\u001b[91mERROR: Could not build wheels for aiohttp, frozenlist, yarl, which is required to install pyproject.toml-based projects\n\u001b[0mRemoving intermediate container 054104079ffb\n","stderr":"The command '/bin/sh -c pip install -r zlibrary/requirements.txt' returned a non-zero code: 1\n"},"endTime":1672653328663}