{"repository":"https://github.com/flexpa/sero","dockerfilePath":"Dockerfile","startTime":1672973964121,"endTime":1672974014839,"clone":{"startTime":1672973964121,"stdout":"","stderr":"Cloning into '/tmp/dinghy-analysis/flexpa/sero'...\n","error":null,"endTime":1672973965038,"commit":"8d319881d9bec738ffaa0253300e2cab4e6efbaf"},"originalBuild":{"startTime":1672973965128,"endTime":1672974014766,"error":{"code":1,"killed":false,"signal":null,"cmd":"docker build --no-cache --force-rm -t sero:latest -f /tmp/dinghy-analysis/flexpa/sero/Dockerfile ."},"stdout":"Sending build context to Docker daemon  1.319MB\r\r\nStep 1/9 : FROM node:14-alpine AS packages\n14-alpine: Pulling from library/node\nc158987b0551: Already exists\n859c8d0e9faf: Pulling fs layer\n69c317f5cbe1: Pulling fs layer\nd0c4a6a4173f: Pulling fs layer\nd0c4a6a4173f: Download complete\n69c317f5cbe1: Verifying Checksum\n69c317f5cbe1: Download complete\n859c8d0e9faf: Verifying Checksum\n859c8d0e9faf: Download complete\n859c8d0e9faf: Pull complete\n69c317f5cbe1: Pull complete\nd0c4a6a4173f: Pull complete\nDigest: sha256:80e825b1f5ab859498a2f0f98f8197131a562906e5f8c95977057502e68ca05a\nStatus: Downloaded newer image for node:14-alpine\n ---> fb7170aa2b9b\nStep 2/9 : ADD package.json /app/package.json\n ---> cddb2ef74f90\nStep 3/9 : WORKDIR /app\n ---> Running in 77cd083def6d\nRemoving intermediate container 77cd083def6d\n ---> d3cec8f271d9\nStep 4/9 : RUN npm install --only=prod\n ---> Running in 40e7de4f30b2\n\u001b[91mnpm WARN deprecated w3c-hr-time@1.0.2: Use your platform's native performance.now() and performance.timeOrigin.\n\u001b[0m\u001b[91mnpm notice\u001b[0m\u001b[91m created a lockfile as package-lock.json. You should commit this file.\n\u001b[0m\u001b[91mnpm WARN optional SKIPPING OPTIONAL DEPENDENCY: fsevents@^2.3.2 (node_modules/jest-haste-map/node_modules/fsevents):\nnpm WARN\u001b[0m\u001b[91m notsup SKIPPING OPTIONAL DEPENDENCY: Unsupported platform for fsevents@2.3.2: wanted {\"os\":\"darwin\",\"arch\":\"any\"} (current: {\"os\":\"linux\",\"arch\":\"x64\"})\n\u001b[0m\u001b[91mnpm WARN typedoc@0.22.18 requires a peer of typescript@4.0.x || 4.1.x || 4.2.x || 4.3.x || 4.4.x || 4.5.x || 4.6.x || 4.7.x but none is installed. You must install peer dependencies yourself.\n\u001b[0m\u001b[91mnpm WARN @sero.run/sero@0.0.29 No repository field.\n\u001b[0m\u001b[91mnpm WARN @sero.run/sero@0.0.29 license should be a valid SPDX license expression\n\u001b[0m\u001b[91m\n\u001b[0madded 73 packages from 66 contributors and audited 635 packages in 15.541s\n\n4 packages are looking for funding\n  run `npm fund` for details\n\nfound 0 vulnerabilities\n\nRemoving intermediate container 40e7de4f30b2\n ---> 07b69525e23e\nStep 5/9 : FROM packages\n ---> 07b69525e23e\nStep 6/9 : ADD . /app\n ---> 90bc664a6ff9\nStep 7/9 : RUN npm run build\n ---> Running in 335d23992f60\n\n> @sero.run/sero@0.0.29 build /app\n> run-s build:*\n\n\u001b[91msh: run-s: not found\n\u001b[0m\u001b[91mnpm ERR! code\u001b[0m\u001b[91m ELIFECYCLE\n\u001b[0m\u001b[91mnpm\u001b[0m\u001b[91m ERR! \u001b[0m\u001b[91msyscall spawn\n\u001b[0m\u001b[91mnpm ERR!\u001b[0m\u001b[91m file sh\n\u001b[0m\u001b[91mnpm\u001b[0m\u001b[91m \u001b[0m\u001b[91mERR! \u001b[0m\u001b[91merrno\u001b[0m\u001b[91m ENOENT\n\u001b[0m\u001b[91mnpm ERR! @sero.run/sero@0.0.29 build: `run-s build:*`\nnpm ERR! spawn ENOENT\nnpm ERR! \nnpm ERR! Failed at the @sero.run/sero@0.0.29 build script.\nnpm ERR! This is probably not a problem with npm. There is likely additional logging output above.\n\u001b[0m\u001b[91m\nnpm ERR! A complete log of this run can be found in:\nnpm ERR!     /root/.npm/_logs/2023-01-06T03_00_14_243Z-debug.log\n\u001b[0mRemoving intermediate container 335d23992f60\n","stderr":"The command '/bin/sh -c npm run build' returned a non-zero code: 1\n"}}