{"repository":"https://github.com/avuko/kathe","dockerfilePath":"Dockerfile","startTime":1672487976626,"clone":{"stdout":"","stderr":"Cloning into '/tmp/dinghy-analysis/avuko/kathe'...\n","error":null,"commit":"731672f75268364c1aae360894f9a12ce5b75718"},"originalBuild":{"startTimestamp":1672487978576,"endTimestamp":1672488529524,"error":null,"stdout":"Sending build context to Docker daemon  30.62MB\r\r\nStep 1/19 : FROM ubuntu:latest\nlatest: Pulling from library/ubuntu\nDigest: sha256:27cb6e6ccef575a4698b66f5de06c7ecd61589132d5a91d098f7f3f9285415a9\nStatus: Downloaded newer image for ubuntu:latest\n ---> 6b7dfa7e8fdb\nStep 2/19 : WORKDIR /web\n ---> Running in e1c652088710\nRemoving intermediate container e1c652088710\n ---> 1d8b4f83d617\nStep 3/19 : RUN apt-get update   && apt-get install -y python3-pip python3-dev libfuzzy-dev   && cd /usr/local/bin   && ln -s /usr/bin/python3 python   && pip3 install --upgrade pip\n ---> Running in 64d18dcfcc93\nGet:1 http://archive.ubuntu.com/ubuntu jammy InRelease [270 kB]\nGet:2 http://security.ubuntu.com/ubuntu jammy-security InRelease [110 kB]\nGet:3 http://archive.ubuntu.com/ubuntu jammy-updates InRelease [114 kB]\nGet:4 http://archive.ubuntu.com/ubuntu jammy-backports InRelease [99.8 kB]\nGet:5 http://security.ubuntu.com/ubuntu jammy-security/universe amd64 Packages [781 kB]\nGet:6 http://security.ubuntu.com/ubuntu jammy-security/restricted amd64 Packages [593 kB]\nGet:7 http://security.ubuntu.com/ubuntu jammy-security/main amd64 Packages [667 kB]\nGet:8 http://archive.ubuntu.com/ubuntu jammy/universe amd64 Packages [17.5 MB]\nGet:9 http://security.ubuntu.com/ubuntu jammy-security/multiverse amd64 Packages [4732 B]\nGet:10 http://archive.ubuntu.com/ubuntu jammy/restricted amd64 Packages [164 kB]\nGet:11 http://archive.ubuntu.com/ubuntu jammy/main amd64 Packages [1792 kB]\nGet:12 http://archive.ubuntu.com/ubuntu jammy/multiverse amd64 Packages [266 kB]\nGet:13 http://archive.ubuntu.com/ubuntu jammy-updates/multiverse amd64 Packages [8150 B]\nGet:14 http://archive.ubuntu.com/ubuntu jammy-updates/universe amd64 Packages [970 kB]\nGet:15 http://archive.ubuntu.com/ubuntu jammy-updates/restricted amd64 Packages [641 kB]\nGet:16 http://archive.ubuntu.com/ubuntu jammy-updates/main amd64 Packages [972 kB]\nGet:17 http://archive.ubuntu.com/ubuntu jammy-backports/universe amd64 Packages [7291 B]\nGet:18 http://archive.ubuntu.com/ubuntu jammy-backports/main amd64 Packages [3520 B]\nFetched 24.9 MB in 3s (9962 kB/s)\nReading package lists...\nReading package lists...\nBuilding dependency tree...\nReading state information...\nThe following additional packages will be installed:\n  binutils binutils-common binutils-x86-64-linux-gnu build-essential bzip2\n  ca-certificates cpp cpp-11 dirmngr dpkg-dev fakeroot fontconfig-config\n  fonts-dejavu-core g++ g++-11 gcc gcc-11 gcc-11-base gnupg gnupg-l10n\n  gnupg-utils gpg gpg-agent gpg-wks-client gpg-wks-server gpgconf gpgsm\n  javascript-common libalgorithm-diff-perl libalgorithm-diff-xs-perl\n  libalgorithm-merge-perl libasan6 libassuan0 libatomic1 libbinutils\n  libbrotli1 libbsd0 libc-dev-bin libc-devtools libc6-dev libcc1-0\n  libcrypt-dev libctf-nobfd0 libctf0 libdeflate0 libdpkg-perl libexpat1\n  libexpat1-dev libfakeroot libfile-fcntllock-perl libfontconfig1 libfreetype6\n  libfuzzy2 libgcc-11-dev libgd3 libgdbm-compat4 libgdbm6 libgomp1 libisl23\n  libitm1 libjbig0 libjpeg-turbo8 libjpeg8 libjs-jquery libjs-sphinxdoc\n  libjs-underscore libksba8 libldap-2.5-0 libldap-common\n  liblocale-gettext-perl liblsan0 libmd0 libmpc3 libmpdec3 libmpfr6 libnpth0\n  libnsl-dev libperl5.34 libpng16-16 libpython3-dev libpython3-stdlib\n  libpython3.10 libpython3.10-dev libpython3.10-minimal libpython3.10-stdlib\n  libquadmath0 libreadline8 libsasl2-2 libsasl2-modules libsasl2-modules-db\n  libsqlite3-0 libstdc++-11-dev libtiff5 libtirpc-dev libtsan0 libubsan1\n  libwebp7 libx11-6 libx11-data libxau6 libxcb1 libxdmcp6 libxpm4\n  linux-libc-dev lto-disabled-list make manpages manpages-dev media-types\n  netbase openssl patch perl perl-modules-5.34 pinentry-curses python3\n  python3-distutils python3-lib2to3 python3-minimal python3-pkg-resources\n  python3-setuptools python3-wheel python3.10 python3.10-dev\n  python3.10-minimal readline-common rpcsvc-proto ucf xz-utils zlib1g-dev\nSuggested packages:\n  binutils-doc bzip2-doc cpp-doc gcc-11-locales dbus-user-session\n  libpam-systemd pinentry-gnome3 tor debian-keyring g++-multilib\n  g++-11-multilib gcc-11-doc gcc-multilib autoconf automake libtool flex bison\n  gdb gcc-doc gcc-11-multilib parcimonie xloadimage scdaemon apache2\n  | lighttpd | httpd glibc-doc git bzr libgd-tools gdbm-l10n\n  libsasl2-modules-gssapi-mit | libsasl2-modules-gssapi-heimdal\n  libsasl2-modules-ldap libsasl2-modules-otp libsasl2-modules-sql\n  libstdc++-11-doc make-doc man-browser ed diffutils-doc perl-doc\n  libterm-readline-gnu-perl | libterm-readline-perl-perl\n  libtap-harness-archive-perl pinentry-doc python3-doc python3-tk python3-venv\n  python-setuptools-doc python3.10-venv python3.10-doc binfmt-support\n  readline-doc\nThe following NEW packages will be installed:\n  binutils binutils-common binutils-x86-64-linux-gnu build-essential bzip2\n  ca-certificates cpp cpp-11 dirmngr dpkg-dev fakeroot fontconfig-config\n  fonts-dejavu-core g++ g++-11 gcc gcc-11 gcc-11-base gnupg gnupg-l10n\n  gnupg-utils gpg gpg-agent gpg-wks-client gpg-wks-server gpgconf gpgsm\n  javascript-common libalgorithm-diff-perl libalgorithm-diff-xs-perl\n  libalgorithm-merge-perl libasan6 libassuan0 libatomic1 libbinutils\n  libbrotli1 libbsd0 libc-dev-bin libc-devtools libc6-dev libcc1-0\n  libcrypt-dev libctf-nobfd0 libctf0 libdeflate0 libdpkg-perl libexpat1\n  libexpat1-dev libfakeroot libfile-fcntllock-perl libfontconfig1 libfreetype6\n  libfuzzy-dev libfuzzy2 libgcc-11-dev libgd3 libgdbm-compat4 libgdbm6\n  libgomp1 libisl23 libitm1 libjbig0 libjpeg-turbo8 libjpeg8 libjs-jquery\n  libjs-sphinxdoc libjs-underscore libksba8 libldap-2.5-0 libldap-common\n  liblocale-gettext-perl liblsan0 libmd0 libmpc3 libmpdec3 libmpfr6 libnpth0\n  libnsl-dev libperl5.34 libpng16-16 libpython3-dev libpython3-stdlib\n  libpython3.10 libpython3.10-dev libpython3.10-minimal libpython3.10-stdlib\n  libquadmath0 libreadline8 libsasl2-2 libsasl2-modules libsasl2-modules-db\n  libsqlite3-0 libstdc++-11-dev libtiff5 libtirpc-dev libtsan0 libubsan1\n  libwebp7 libx11-6 libx11-data libxau6 libxcb1 libxdmcp6 libxpm4\n  linux-libc-dev lto-disabled-list make manpages manpages-dev media-types\n  netbase openssl patch perl perl-modules-5.34 pinentry-curses python3\n  python3-dev python3-distutils python3-lib2to3 python3-minimal python3-pip\n  python3-pkg-resources python3-setuptools python3-wheel python3.10\n  python3.10-dev python3.10-minimal readline-common rpcsvc-proto ucf xz-utils\n  zlib1g-dev\n0 upgraded, 133 newly installed, 0 to remove and 0 not upgraded.\nNeed to get 101 MB of archives.\nAfter this operation, 355 MB of additional disk space will be used.\nGet:1 http://archive.ubuntu.com/ubuntu jammy/main amd64 liblocale-gettext-perl amd64 1.07-4build3 [17.1 kB]\nGet:2 http://archive.ubuntu.com/ubuntu jammy-updates/main amd64 libpython3.10-minimal amd64 3.10.6-1~22.04.2 [810 kB]\nGet:3 http://archive.ubuntu.com/ubuntu jammy-updates/main amd64 libexpat1 amd64 2.4.7-1ubuntu0.2 [91.0 kB]\nGet:4 http://archive.ubuntu.com/ubuntu jammy-updates/main amd64 python3.10-minimal amd64 3.10.6-1~22.04.2 [2251 kB]\nGet:5 http://archive.ubuntu.com/ubuntu jammy-updates/main amd64 python3-minimal amd64 3.10.6-1~22.04 [24.3 kB]\nGet:6 http://archive.ubuntu.com/ubuntu jammy/main amd64 media-types all 7.0.0 [25.5 kB]\nGet:7 http://archive.ubuntu.com/ubuntu jammy/main amd64 libmpdec3 amd64 2.5.1-2build2 [86.8 kB]\nGet:8 http://archive.ubuntu.com/ubuntu jammy/main amd64 readline-common all 8.1.2-1 [53.5 kB]\nGet:9 http://archive.ubuntu.com/ubuntu jammy/main amd64 libreadline8 amd64 8.1.2-1 [153 kB]\nGet:10 http://archive.ubuntu.com/ubuntu jammy-updates/main amd64 libsqlite3-0 amd64 3.37.2-2ubuntu0.1 [641 kB]\nGet:11 http://archive.ubuntu.com/ubuntu jammy-updates/main amd64 libpython3.10-stdlib amd64 3.10.6-1~22.04.2 [1832 kB]\nGet:12 http://archive.ubuntu.com/ubuntu jammy-updates/main amd64 python3.10 amd64 3.10.6-1~22.04.2 [497 kB]\nGet:13 http://archive.ubuntu.com/ubuntu jammy-updates/main amd64 libpython3-stdlib amd64 3.10.6-1~22.04 [6910 B]\nGet:14 http://archive.ubuntu.com/ubuntu jammy-updates/main amd64 python3 amd64 3.10.6-1~22.04 [22.8 kB]\nGet:15 http://archive.ubuntu.com/ubuntu jammy-updates/main amd64 perl-modules-5.34 all 5.34.0-3ubuntu1.1 [2976 kB]\nGet:16 http://archive.ubuntu.com/ubuntu jammy/main amd64 libgdbm6 amd64 1.23-1 [33.9 kB]\nGet:17 http://archive.ubuntu.com/ubuntu jammy/main amd64 libgdbm-compat4 amd64 1.23-1 [6606 B]\nGet:18 http://archive.ubuntu.com/ubuntu jammy-updates/main amd64 libperl5.34 amd64 5.34.0-3ubuntu1.1 [4819 kB]\nGet:19 http://archive.ubuntu.com/ubuntu jammy-updates/main amd64 perl amd64 5.34.0-3ubuntu1.1 [232 kB]\nGet:20 http://archive.ubuntu.com/ubuntu jammy-updates/main amd64 openssl amd64 3.0.2-0ubuntu1.7 [1183 kB]\nGet:21 http://archive.ubuntu.com/ubuntu jammy-updates/main amd64 ca-certificates all 20211016ubuntu0.22.04.1 [144 kB]\nGet:22 http://archive.ubuntu.com/ubuntu jammy/main amd64 libmd0 amd64 1.0.4-1build1 [23.0 kB]\nGet:23 http://archive.ubuntu.com/ubuntu jammy/main amd64 libbsd0 amd64 0.11.5-1 [44.8 kB]\nGet:24 http://archive.ubuntu.com/ubuntu jammy/main amd64 netbase all 6.3 [12.9 kB]\nGet:25 http://archive.ubuntu.com/ubuntu jammy/main amd64 python3-pkg-resources all 59.6.0-1.2 [132 kB]\nGet:26 http://archive.ubuntu.com/ubuntu jammy/main amd64 ucf all 3.0043 [56.1 kB]\nGet:27 http://archive.ubuntu.com/ubuntu jammy/main amd64 libpng16-16 amd64 1.6.37-3build5 [191 kB]\nGet:28 http://archive.ubuntu.com/ubuntu jammy/main amd64 libxau6 amd64 1:1.0.9-1build5 [7634 B]\nGet:29 http://archive.ubuntu.com/ubuntu jammy/main amd64 libxdmcp6 amd64 1:1.1.3-0ubuntu5 [10.9 kB]\nGet:30 http://archive.ubuntu.com/ubuntu jammy/main amd64 libxcb1 amd64 1.14-3ubuntu3 [49.0 kB]\nGet:31 http://archive.ubuntu.com/ubuntu jammy/main amd64 libx11-data all 2:1.7.5-1 [119 kB]\nGet:32 http://archive.ubuntu.com/ubuntu jammy/main amd64 libx11-6 amd64 2:1.7.5-1 [666 kB]\nGet:33 http://archive.ubuntu.com/ubuntu jammy/main amd64 manpages all 5.10-1ubuntu1 [1375 kB]\nGet:34 http://archive.ubuntu.com/ubuntu jammy/main amd64 xz-utils amd64 5.2.5-2ubuntu1 [84.8 kB]\nGet:35 http://archive.ubuntu.com/ubuntu jammy-updates/main amd64 binutils-common amd64 2.38-4ubuntu2.1 [221 kB]\nGet:36 http://archive.ubuntu.com/ubuntu jammy-updates/main amd64 libbinutils amd64 2.38-4ubuntu2.1 [661 kB]\nGet:37 http://archive.ubuntu.com/ubuntu jammy-updates/main amd64 libctf-nobfd0 amd64 2.38-4ubuntu2.1 [107 kB]\nGet:38 http://archive.ubuntu.com/ubuntu jammy-updates/main amd64 libctf0 amd64 2.38-4ubuntu2.1 [103 kB]\nGet:39 http://archive.ubuntu.com/ubuntu jammy-updates/main amd64 binutils-x86-64-linux-gnu amd64 2.38-4ubuntu2.1 [2328 kB]\nGet:40 http://archive.ubuntu.com/ubuntu jammy-updates/main amd64 binutils amd64 2.38-4ubuntu2.1 [3198 B]\nGet:41 http://archive.ubuntu.com/ubuntu jammy-updates/main amd64 libc-dev-bin amd64 2.35-0ubuntu3.1 [20.4 kB]\nGet:42 http://archive.ubuntu.com/ubuntu jammy-updates/main amd64 linux-libc-dev amd64 5.15.0-56.62 [1333 kB]\nGet:43 http://archive.ubuntu.com/ubuntu jammy/main amd64 libcrypt-dev amd64 1:4.4.27-1 [112 kB]\nGet:44 http://archive.ubuntu.com/ubuntu jammy/main amd64 rpcsvc-proto amd64 1.4.2-0ubuntu6 [68.5 kB]\nGet:45 http://archive.ubuntu.com/ubuntu jammy-updates/main amd64 libtirpc-dev amd64 1.3.2-2ubuntu0.1 [192 kB]\nGet:46 http://archive.ubuntu.com/ubuntu jammy/main amd64 libnsl-dev amd64 1.3.0-2build2 [71.3 kB]\nGet:47 http://archive.ubuntu.com/ubuntu jammy-updates/main amd64 libc6-dev amd64 2.35-0ubuntu3.1 [2099 kB]\nGet:48 http://archive.ubuntu.com/ubuntu jammy-updates/main amd64 gcc-11-base amd64 11.3.0-1ubuntu1~22.04 [20.8 kB]\nGet:49 http://archive.ubuntu.com/ubuntu jammy/main amd64 libisl23 amd64 0.24-2build1 [727 kB]\nGet:50 http://archive.ubuntu.com/ubuntu jammy/main amd64 libmpfr6 amd64 4.1.0-3build3 [1425 kB]\nGet:51 http://archive.ubuntu.com/ubuntu jammy/main amd64 libmpc3 amd64 1.2.1-2build1 [46.9 kB]\nGet:52 http://archive.ubuntu.com/ubuntu jammy-updates/main amd64 cpp-11 amd64 11.3.0-1ubuntu1~22.04 [9967 kB]\nGet:53 http://archive.ubuntu.com/ubuntu jammy/main amd64 cpp amd64 4:11.2.0-1ubuntu1 [27.7 kB]\nGet:54 http://archive.ubuntu.com/ubuntu jammy-updates/main amd64 libcc1-0 amd64 12.1.0-2ubuntu1~22.04 [47.4 kB]\nGet:55 http://archive.ubuntu.com/ubuntu jammy-updates/main amd64 libgomp1 amd64 12.1.0-2ubuntu1~22.04 [126 kB]\nGet:56 http://archive.ubuntu.com/ubuntu jammy-updates/main amd64 libitm1 amd64 12.1.0-2ubuntu1~22.04 [30.2 kB]\nGet:57 http://archive.ubuntu.com/ubuntu jammy-updates/main amd64 libatomic1 amd64 12.1.0-2ubuntu1~22.04 [10.4 kB]\nGet:58 http://archive.ubuntu.com/ubuntu jammy-updates/main amd64 libasan6 amd64 11.3.0-1ubuntu1~22.04 [2284 kB]\nGet:59 http://archive.ubuntu.com/ubuntu jammy-updates/main amd64 liblsan0 amd64 12.1.0-2ubuntu1~22.04 [1069 kB]\nGet:60 http://archive.ubuntu.com/ubuntu jammy-updates/main amd64 libtsan0 amd64 11.3.0-1ubuntu1~22.04 [2262 kB]\nGet:61 http://archive.ubuntu.com/ubuntu jammy-updates/main amd64 libubsan1 amd64 12.1.0-2ubuntu1~22.04 [976 kB]\nGet:62 http://archive.ubuntu.com/ubuntu jammy-updates/main amd64 libquadmath0 amd64 12.1.0-2ubuntu1~22.04 [154 kB]\nGet:63 http://archive.ubuntu.com/ubuntu jammy-updates/main amd64 libgcc-11-dev amd64 11.3.0-1ubuntu1~22.04 [2517 kB]\nGet:64 http://archive.ubuntu.com/ubuntu jammy-updates/main amd64 gcc-11 amd64 11.3.0-1ubuntu1~22.04 [20.1 MB]\nGet:65 http://archive.ubuntu.com/ubuntu jammy/main amd64 gcc amd64 4:11.2.0-1ubuntu1 [5112 B]\nGet:66 http://archive.ubuntu.com/ubuntu jammy-updates/main amd64 libstdc++-11-dev amd64 11.3.0-1ubuntu1~22.04 [2087 kB]\nGet:67 http://archive.ubuntu.com/ubuntu jammy-updates/main amd64 g++-11 amd64 11.3.0-1ubuntu1~22.04 [11.4 MB]\nGet:68 http://archive.ubuntu.com/ubuntu jammy/main amd64 g++ amd64 4:11.2.0-1ubuntu1 [1412 B]\nGet:69 http://archive.ubuntu.com/ubuntu jammy/main amd64 make amd64 4.3-4.1build1 [180 kB]\nGet:70 http://archive.ubuntu.com/ubuntu jammy-updates/main amd64 libdpkg-perl all 1.21.1ubuntu2.1 [237 kB]\nGet:71 http://archive.ubuntu.com/ubuntu jammy/main amd64 bzip2 amd64 1.0.8-5build1 [34.8 kB]\nGet:72 http://archive.ubuntu.com/ubuntu jammy/main amd64 patch amd64 2.7.6-7build2 [109 kB]\nGet:73 http://archive.ubuntu.com/ubuntu jammy/main amd64 lto-disabled-list all 24 [12.5 kB]\nGet:74 http://archive.ubuntu.com/ubuntu jammy-updates/main amd64 dpkg-dev all 1.21.1ubuntu2.1 [922 kB]\nGet:75 http://archive.ubuntu.com/ubuntu jammy/main amd64 build-essential amd64 12.9ubuntu3 [4744 B]\nGet:76 http://archive.ubuntu.com/ubuntu jammy/main amd64 libassuan0 amd64 2.5.5-1build1 [38.2 kB]\nGet:77 http://archive.ubuntu.com/ubuntu jammy-updates/main amd64 gpgconf amd64 2.2.27-3ubuntu2.1 [94.2 kB]\nGet:78 http://archive.ubuntu.com/ubuntu jammy-updates/main amd64 libksba8 amd64 1.6.0-2ubuntu0.1 [119 kB]\nGet:79 http://archive.ubuntu.com/ubuntu jammy/main amd64 libsasl2-modules-db amd64 2.1.27+dfsg2-3ubuntu1 [20.8 kB]\nGet:80 http://archive.ubuntu.com/ubuntu jammy/main amd64 libsasl2-2 amd64 2.1.27+dfsg2-3ubuntu1 [53.9 kB]\nGet:81 http://archive.ubuntu.com/ubuntu jammy-updates/main amd64 libldap-2.5-0 amd64 2.5.13+dfsg-0ubuntu0.22.04.1 [183 kB]\nGet:82 http://archive.ubuntu.com/ubuntu jammy/main amd64 libnpth0 amd64 1.6-3build2 [8664 B]\nGet:83 http://archive.ubuntu.com/ubuntu jammy-updates/main amd64 dirmngr amd64 2.2.27-3ubuntu2.1 [293 kB]\nGet:84 http://archive.ubuntu.com/ubuntu jammy/main amd64 libfakeroot amd64 1.28-1ubuntu1 [31.5 kB]\nGet:85 http://archive.ubuntu.com/ubuntu jammy/main amd64 fakeroot amd64 1.28-1ubuntu1 [60.4 kB]\nGet:86 http://archive.ubuntu.com/ubuntu jammy/main amd64 fonts-dejavu-core all 2.37-2build1 [1041 kB]\nGet:87 http://archive.ubuntu.com/ubuntu jammy/main amd64 fontconfig-config all 2.13.1-4.2ubuntu5 [29.1 kB]\nGet:88 http://archive.ubuntu.com/ubuntu jammy-updates/main amd64 gnupg-l10n all 2.2.27-3ubuntu2.1 [54.4 kB]\nGet:89 http://archive.ubuntu.com/ubuntu jammy-updates/main amd64 gnupg-utils amd64 2.2.27-3ubuntu2.1 [308 kB]\nGet:90 http://archive.ubuntu.com/ubuntu jammy-updates/main amd64 gpg amd64 2.2.27-3ubuntu2.1 [519 kB]\nGet:91 http://archive.ubuntu.com/ubuntu jammy/main amd64 pinentry-curses amd64 1.1.1-1build2 [34.4 kB]\nGet:92 http://archive.ubuntu.com/ubuntu jammy-updates/main amd64 gpg-agent amd64 2.2.27-3ubuntu2.1 [209 kB]\nGet:93 http://archive.ubuntu.com/ubuntu jammy-updates/main amd64 gpg-wks-client amd64 2.2.27-3ubuntu2.1 [62.7 kB]\nGet:94 http://archive.ubuntu.com/ubuntu jammy-updates/main amd64 gpg-wks-server amd64 2.2.27-3ubuntu2.1 [57.5 kB]\nGet:95 http://archive.ubuntu.com/ubuntu jammy-updates/main amd64 gpgsm amd64 2.2.27-3ubuntu2.1 [197 kB]\nGet:96 http://archive.ubuntu.com/ubuntu jammy-updates/main amd64 gnupg all 2.2.27-3ubuntu2.1 [315 kB]\nGet:97 http://archive.ubuntu.com/ubuntu jammy/main amd64 javascript-common all 11+nmu1 [5936 B]\nGet:98 http://archive.ubuntu.com/ubuntu jammy/main amd64 libalgorithm-diff-perl all 1.201-1 [41.8 kB]\nGet:99 http://archive.ubuntu.com/ubuntu jammy/main amd64 libalgorithm-diff-xs-perl amd64 0.04-6build3 [11.9 kB]\nGet:100 http://archive.ubuntu.com/ubuntu jammy/main amd64 libalgorithm-merge-perl all 0.08-3 [12.0 kB]\nGet:101 http://archive.ubuntu.com/ubuntu jammy/main amd64 libbrotli1 amd64 1.0.9-2build6 [315 kB]\nGet:102 http://archive.ubuntu.com/ubuntu jammy-updates/main amd64 libfreetype6 amd64 2.11.1+dfsg-1ubuntu0.1 [389 kB]\nGet:103 http://archive.ubuntu.com/ubuntu jammy/main amd64 libfontconfig1 amd64 2.13.1-4.2ubuntu5 [131 kB]\nGet:104 http://archive.ubuntu.com/ubuntu jammy/main amd64 libjpeg-turbo8 amd64 2.1.2-0ubuntu1 [134 kB]\nGet:105 http://archive.ubuntu.com/ubuntu jammy/main amd64 libjpeg8 amd64 8c-2ubuntu10 [2264 B]\nGet:106 http://archive.ubuntu.com/ubuntu jammy/main amd64 libdeflate0 amd64 1.10-2 [70.9 kB]\nGet:107 http://archive.ubuntu.com/ubuntu jammy-updates/main amd64 libjbig0 amd64 2.1-3.1ubuntu0.22.04.1 [29.2 kB]\nGet:108 http://archive.ubuntu.com/ubuntu jammy/main amd64 libwebp7 amd64 1.2.2-2 [206 kB]\nGet:109 http://archive.ubuntu.com/ubuntu jammy-updates/main amd64 libtiff5 amd64 4.3.0-6ubuntu0.3 [183 kB]\nGet:110 http://archive.ubuntu.com/ubuntu jammy/main amd64 libxpm4 amd64 1:3.5.12-1build2 [36.2 kB]\nGet:111 http://archive.ubuntu.com/ubuntu jammy/main amd64 libgd3 amd64 2.3.0-2ubuntu2 [129 kB]\nGet:112 http://archive.ubuntu.com/ubuntu jammy-updates/main amd64 libc-devtools amd64 2.35-0ubuntu3.1 [28.9 kB]\nGet:113 http://archive.ubuntu.com/ubuntu jammy-updates/main amd64 libexpat1-dev amd64 2.4.7-1ubuntu0.2 [147 kB]\nGet:114 http://archive.ubuntu.com/ubuntu jammy/main amd64 libfile-fcntllock-perl amd64 0.22-3build7 [33.9 kB]\nGet:115 http://archive.ubuntu.com/ubuntu jammy/universe amd64 libfuzzy2 amd64 2.14.1+git20180629.57fcfff-2 [14.8 kB]\nGet:116 http://archive.ubuntu.com/ubuntu jammy/universe amd64 libfuzzy-dev amd64 2.14.1+git20180629.57fcfff-2 [13.0 kB]\nGet:117 http://archive.ubuntu.com/ubuntu jammy/main amd64 libjs-jquery all 3.6.0+dfsg+~3.5.13-1 [321 kB]\nGet:118 http://archive.ubuntu.com/ubuntu jammy/main amd64 libjs-underscore all 1.13.2~dfsg-2 [118 kB]\nGet:119 http://archive.ubuntu.com/ubuntu jammy/main amd64 libjs-sphinxdoc all 4.3.2-1 [139 kB]\nGet:120 http://archive.ubuntu.com/ubuntu jammy-updates/main amd64 libldap-common all 2.5.13+dfsg-0ubuntu0.22.04.1 [15.9 kB]\nGet:121 http://archive.ubuntu.com/ubuntu jammy-updates/main amd64 libpython3.10 amd64 3.10.6-1~22.04.2 [1955 kB]\nGet:122 http://archive.ubuntu.com/ubuntu jammy-updates/main amd64 zlib1g-dev amd64 1:1.2.11.dfsg-2ubuntu9.2 [164 kB]\nGet:123 http://archive.ubuntu.com/ubuntu jammy-updates/main amd64 libpython3.10-dev amd64 3.10.6-1~22.04.2 [4755 kB]\nGet:124 http://archive.ubuntu.com/ubuntu jammy-updates/main amd64 libpython3-dev amd64 3.10.6-1~22.04 [7166 B]\nGet:125 http://archive.ubuntu.com/ubuntu jammy/main amd64 libsasl2-modules amd64 2.1.27+dfsg2-3ubuntu1 [57.5 kB]\nGet:126 http://archive.ubuntu.com/ubuntu jammy/main amd64 manpages-dev all 5.10-1ubuntu1 [2309 kB]\nGet:127 http://archive.ubuntu.com/ubuntu jammy-updates/main amd64 python3.10-dev amd64 3.10.6-1~22.04.2 [507 kB]\nGet:128 http://archive.ubuntu.com/ubuntu jammy-updates/main amd64 python3-lib2to3 all 3.10.6-1~22.04 [77.6 kB]\nGet:129 http://archive.ubuntu.com/ubuntu jammy-updates/main amd64 python3-distutils all 3.10.6-1~22.04 [139 kB]\nGet:130 http://archive.ubuntu.com/ubuntu jammy-updates/main amd64 python3-dev amd64 3.10.6-1~22.04 [26.0 kB]\nGet:131 http://archive.ubuntu.com/ubuntu jammy/main amd64 python3-setuptools all 59.6.0-1.2 [339 kB]\nGet:132 http://archive.ubuntu.com/ubuntu jammy/universe amd64 python3-wheel all 0.37.1-2 [31.9 kB]\nGet:133 http://archive.ubuntu.com/ubuntu jammy/universe amd64 python3-pip all 22.0.2+dfsg-1 [1306 kB]\n\u001b[91mdebconf: delaying package configuration, since apt-utils is not installed\n\u001b[0mFetched 101 MB in 6s (17.6 MB/s)\nSelecting previously unselected package liblocale-gettext-perl.\r\n(Reading database ... \r(Reading database ... 5%\r(Reading database ... 10%\r(Reading database ... 15%\r(Reading database ... 20%\r(Reading database ... 25%\r(Reading database ... 30%\r(Reading database ... 35%\r(Reading database ... 40%\r(Reading database ... 45%\r(Reading database ... 50%\r(Reading database ... 55%\r(Reading database ... 60%\r(Reading database ... 65%\r(Reading database ... 70%\r(Reading database ... 75%\r(Reading database ... 80%\r(Reading database ... 85%\r(Reading database ... 90%\r(Reading database ... 95%\r(Reading database ... 100%\r(Reading database ... 4395 files and directories currently installed.)\r\nPreparing to unpack .../liblocale-gettext-perl_1.07-4build3_amd64.deb ...\r\nUnpacking liblocale-gettext-perl (1.07-4build3) ...\r\nSelecting previously unselected package libpython3.10-minimal:amd64.\r\nPreparing to unpack .../libpython3.10-minimal_3.10.6-1~22.04.2_amd64.deb ...\r\nUnpacking libpython3.10-minimal:amd64 (3.10.6-1~22.04.2) ...\r\nSelecting previously unselected package libexpat1:amd64.\r\nPreparing to unpack .../libexpat1_2.4.7-1ubuntu0.2_amd64.deb ...\r\nUnpacking libexpat1:amd64 (2.4.7-1ubuntu0.2) ...\r\nSelecting previously unselected package python3.10-minimal.\r\nPreparing to unpack .../python3.10-minimal_3.10.6-1~22.04.2_amd64.deb ...\r\nUnpacking python3.10-minimal (3.10.6-1~22.04.2) ...\r\nSetting up libpython3.10-minimal:amd64 (3.10.6-1~22.04.2) ...\r\nSetting up libexpat1:amd64 (2.4.7-1ubuntu0.2) ...\r\nSetting up python3.10-minimal (3.10.6-1~22.04.2) ...\r\nSelecting previously unselected package python3-minimal.\r\n(Reading database ... \r(Reading database ... 5%\r(Reading database ... 10%\r(Reading database ... 15%\r(Reading database ... 20%\r(Reading database ... 25%\r(Reading database ... 30%\r(Reading database ... 35%\r(Reading database ... 40%\r(Reading database ... 45%\r(Reading database ... 50%\r(Reading database ... 55%\r(Reading database ... 60%\r(Reading database ... 65%\r(Reading database ... 70%\r(Reading database ... 75%\r(Reading database ... 80%\r(Reading database ... 85%\r(Reading database ... 90%\r(Reading database ... 95%\r(Reading database ... 100%\r(Reading database ... 4711 files and directories currently installed.)\r\nPreparing to unpack .../0-python3-minimal_3.10.6-1~22.04_amd64.deb ...\r\nUnpacking python3-minimal (3.10.6-1~22.04) ...\r\nSelecting previously unselected package media-types.\r\nPreparing to unpack .../1-media-types_7.0.0_all.deb ...\r\nUnpacking media-types (7.0.0) ...\r\nSelecting previously unselected package libmpdec3:amd64.\r\nPreparing to unpack .../2-libmpdec3_2.5.1-2build2_amd64.deb ...\r\nUnpacking libmpdec3:amd64 (2.5.1-2build2) ...\r\nSelecting previously unselected package readline-common.\r\nPreparing to unpack .../3-readline-common_8.1.2-1_all.deb ...\r\nUnpacking readline-common (8.1.2-1) ...\r\nSelecting previously unselected package libreadline8:amd64.\r\nPreparing to unpack .../4-libreadline8_8.1.2-1_amd64.deb ...\r\nUnpacking libreadline8:amd64 (8.1.2-1) ...\r\nSelecting previously unselected package libsqlite3-0:amd64.\r\nPreparing to unpack .../5-libsqlite3-0_3.37.2-2ubuntu0.1_amd64.deb ...\r\nUnpacking libsqlite3-0:amd64 (3.37.2-2ubuntu0.1) ...\r\nSelecting previously unselected package libpython3.10-stdlib:amd64.\r\nPreparing to unpack .../6-libpython3.10-stdlib_3.10.6-1~22.04.2_amd64.deb ...\r\nUnpacking libpython3.10-stdlib:amd64 (3.10.6-1~22.04.2) ...\r\nSelecting previously unselected package python3.10.\r\nPreparing to unpack .../7-python3.10_3.10.6-1~22.04.2_amd64.deb ...\r\nUnpacking python3.10 (3.10.6-1~22.04.2) ...\r\nSelecting previously unselected package libpython3-stdlib:amd64.\r\nPreparing to unpack .../8-libpython3-stdlib_3.10.6-1~22.04_amd64.deb ...\r\nUnpacking libpython3-stdlib:amd64 (3.10.6-1~22.04) ...\r\nSetting up python3-minimal (3.10.6-1~22.04) ...\r\nSelecting previously unselected package python3.\r\n(Reading database ... \r(Reading database ... 5%\r(Reading database ... 10%\r(Reading database ... 15%\r(Reading database ... 20%\r(Reading database ... 25%\r(Reading database ... 30%\r(Reading database ... 35%\r(Reading database ... 40%\r(Reading database ... 45%\r(Reading database ... 50%\r(Reading database ... 55%\r(Reading database ... 60%\r(Reading database ... 65%\r(Reading database ... 70%\r(Reading database ... 75%\r(Reading database ... 80%\r(Reading database ... 85%\r(Reading database ... 90%\r(Reading database ... 95%\r(Reading database ... 100%\r(Reading database ... 5140 files and directories currently installed.)\r\nPreparing to unpack .../000-python3_3.10.6-1~22.04_amd64.deb ...\r\nUnpacking python3 (3.10.6-1~22.04) ...\r\nSelecting previously unselected package perl-modules-5.34.\r\nPreparing to unpack .../001-perl-modules-5.34_5.34.0-3ubuntu1.1_all.deb ...\r\nUnpacking perl-modules-5.34 (5.34.0-3ubuntu1.1) ...\r\nSelecting previously unselected package libgdbm6:amd64.\r\nPreparing to unpack .../002-libgdbm6_1.23-1_amd64.deb ...\r\nUnpacking libgdbm6:amd64 (1.23-1) ...\r\nSelecting previously unselected package libgdbm-compat4:amd64.\r\nPreparing to unpack .../003-libgdbm-compat4_1.23-1_amd64.deb ...\r\nUnpacking libgdbm-compat4:amd64 (1.23-1) ...\r\nSelecting previously unselected package libperl5.34:amd64.\r\nPreparing to unpack .../004-libperl5.34_5.34.0-3ubuntu1.1_amd64.deb ...\r\nUnpacking libperl5.34:amd64 (5.34.0-3ubuntu1.1) ...\r\nSelecting previously unselected package perl.\r\nPreparing to unpack .../005-perl_5.34.0-3ubuntu1.1_amd64.deb ...\r\nUnpacking perl (5.34.0-3ubuntu1.1) ...\r\nSelecting previously unselected package openssl.\r\nPreparing to unpack .../006-openssl_3.0.2-0ubuntu1.7_amd64.deb ...\r\nUnpacking openssl (3.0.2-0ubuntu1.7) ...\r\nSelecting previously unselected package ca-certificates.\r\nPreparing to unpack .../007-ca-certificates_20211016ubuntu0.22.04.1_all.deb ...\r\nUnpacking ca-certificates (20211016ubuntu0.22.04.1) ...\r\nSelecting previously unselected package libmd0:amd64.\r\nPreparing to unpack .../008-libmd0_1.0.4-1build1_amd64.deb ...\r\nUnpacking libmd0:amd64 (1.0.4-1build1) ...\r\nSelecting previously unselected package libbsd0:amd64.\r\nPreparing to unpack .../009-libbsd0_0.11.5-1_amd64.deb ...\r\nUnpacking libbsd0:amd64 (0.11.5-1) ...\r\nSelecting previously unselected package netbase.\r\nPreparing to unpack .../010-netbase_6.3_all.deb ...\r\nUnpacking netbase (6.3) ...\r\nSelecting previously unselected package python3-pkg-resources.\r\nPreparing to unpack .../011-python3-pkg-resources_59.6.0-1.2_all.deb ...\r\nUnpacking python3-pkg-resources (59.6.0-1.2) ...\r\nSelecting previously unselected package ucf.\r\nPreparing to unpack .../012-ucf_3.0043_all.deb ...\r\nMoving old data out of the way\r\nUnpacking ucf (3.0043) ...\r\nSelecting previously unselected package libpng16-16:amd64.\r\nPreparing to unpack .../013-libpng16-16_1.6.37-3build5_amd64.deb ...\r\nUnpacking libpng16-16:amd64 (1.6.37-3build5) ...\r\nSelecting previously unselected package libxau6:amd64.\r\nPreparing to unpack .../014-libxau6_1%3a1.0.9-1build5_amd64.deb ...\r\nUnpacking libxau6:amd64 (1:1.0.9-1build5) ...\r\nSelecting previously unselected package libxdmcp6:amd64.\r\nPreparing to unpack .../015-libxdmcp6_1%3a1.1.3-0ubuntu5_amd64.deb ...\r\nUnpacking libxdmcp6:amd64 (1:1.1.3-0ubuntu5) ...\r\nSelecting previously unselected package libxcb1:amd64.\r\nPreparing to unpack .../016-libxcb1_1.14-3ubuntu3_amd64.deb ...\r\nUnpacking libxcb1:amd64 (1.14-3ubuntu3) ...\r\nSelecting previously unselected package libx11-data.\r\nPreparing to unpack .../017-libx11-data_2%3a1.7.5-1_all.deb ...\r\nUnpacking libx11-data (2:1.7.5-1) ...\r\nSelecting previously unselected package libx11-6:amd64.\r\nPreparing to unpack .../018-libx11-6_2%3a1.7.5-1_amd64.deb ...\r\nUnpacking libx11-6:amd64 (2:1.7.5-1) ...\r\nSelecting previously unselected package manpages.\r\nPreparing to unpack .../019-manpages_5.10-1ubuntu1_all.deb ...\r\nUnpacking manpages (5.10-1ubuntu1) ...\r\nSelecting previously unselected package xz-utils.\r\nPreparing to unpack .../020-xz-utils_5.2.5-2ubuntu1_amd64.deb ...\r\nUnpacking xz-utils (5.2.5-2ubuntu1) ...\r\nSelecting previously unselected package binutils-common:amd64.\r\nPreparing to unpack .../021-binutils-common_2.38-4ubuntu2.1_amd64.deb ...\r\nUnpacking binutils-common:amd64 (2.38-4ubuntu2.1) ...\r\nSelecting previously unselected package libbinutils:amd64.\r\nPreparing to unpack .../022-libbinutils_2.38-4ubuntu2.1_amd64.deb ...\r\nUnpacking libbinutils:amd64 (2.38-4ubuntu2.1) ...\r\nSelecting previously unselected package libctf-nobfd0:amd64.\r\nPreparing to unpack .../023-libctf-nobfd0_2.38-4ubuntu2.1_amd64.deb ...\r\nUnpacking libctf-nobfd0:amd64 (2.38-4ubuntu2.1) ...\r\nSelecting previously unselected package libctf0:amd64.\r\nPreparing to unpack .../024-libctf0_2.38-4ubuntu2.1_amd64.deb ...\r\nUnpacking libctf0:amd64 (2.38-4ubuntu2.1) ...\r\nSelecting previously unselected package binutils-x86-64-linux-gnu.\r\nPreparing to unpack .../025-binutils-x86-64-linux-gnu_2.38-4ubuntu2.1_amd64.deb ...\r\nUnpacking binutils-x86-64-linux-gnu (2.38-4ubuntu2.1) ...\r\nSelecting previously unselected package binutils.\r\nPreparing to unpack .../026-binutils_2.38-4ubuntu2.1_amd64.deb ...\r\nUnpacking binutils (2.38-4ubuntu2.1) ...\r\nSelecting previously unselected package libc-dev-bin.\r\nPreparing to unpack .../027-libc-dev-bin_2.35-0ubuntu3.1_amd64.deb ...\r\nUnpacking libc-dev-bin (2.35-0ubuntu3.1) ...\r\nSelecting previously unselected package linux-libc-dev:amd64.\r\nPreparing to unpack .../028-linux-libc-dev_5.15.0-56.62_amd64.deb ...\r\nUnpacking linux-libc-dev:amd64 (5.15.0-56.62) ...\r\nSelecting previously unselected package libcrypt-dev:amd64.\r\nPreparing to unpack .../029-libcrypt-dev_1%3a4.4.27-1_amd64.deb ...\r\nUnpacking libcrypt-dev:amd64 (1:4.4.27-1) ...\r\nSelecting previously unselected package rpcsvc-proto.\r\nPreparing to unpack .../030-rpcsvc-proto_1.4.2-0ubuntu6_amd64.deb ...\r\nUnpacking rpcsvc-proto (1.4.2-0ubuntu6) ...\r\nSelecting previously unselected package libtirpc-dev:amd64.\r\nPreparing to unpack .../031-libtirpc-dev_1.3.2-2ubuntu0.1_amd64.deb ...\r\nUnpacking libtirpc-dev:amd64 (1.3.2-2ubuntu0.1) ...\r\nSelecting previously unselected package libnsl-dev:amd64.\r\nPreparing to unpack .../032-libnsl-dev_1.3.0-2build2_amd64.deb ...\r\nUnpacking libnsl-dev:amd64 (1.3.0-2build2) ...\r\nSelecting previously unselected package libc6-dev:amd64.\r\nPreparing to unpack .../033-libc6-dev_2.35-0ubuntu3.1_amd64.deb ...\r\nUnpacking libc6-dev:amd64 (2.35-0ubuntu3.1) ...\r\nSelecting previously unselected package gcc-11-base:amd64.\r\nPreparing to unpack .../034-gcc-11-base_11.3.0-1ubuntu1~22.04_amd64.deb ...\r\nUnpacking gcc-11-base:amd64 (11.3.0-1ubuntu1~22.04) ...\r\nSelecting previously unselected package libisl23:amd64.\r\nPreparing to unpack .../035-libisl23_0.24-2build1_amd64.deb ...\r\nUnpacking libisl23:amd64 (0.24-2build1) ...\r\nSelecting previously unselected package libmpfr6:amd64.\r\nPreparing to unpack .../036-libmpfr6_4.1.0-3build3_amd64.deb ...\r\nUnpacking libmpfr6:amd64 (4.1.0-3build3) ...\r\nSelecting previously unselected package libmpc3:amd64.\r\nPreparing to unpack .../037-libmpc3_1.2.1-2build1_amd64.deb ...\r\nUnpacking libmpc3:amd64 (1.2.1-2build1) ...\r\nSelecting previously unselected package cpp-11.\r\nPreparing to unpack .../038-cpp-11_11.3.0-1ubuntu1~22.04_amd64.deb ...\r\nUnpacking cpp-11 (11.3.0-1ubuntu1~22.04) ...\r\nSelecting previously unselected package cpp.\r\nPreparing to unpack .../039-cpp_4%3a11.2.0-1ubuntu1_amd64.deb ...\r\nUnpacking cpp (4:11.2.0-1ubuntu1) ...\r\nSelecting previously unselected package libcc1-0:amd64.\r\nPreparing to unpack .../040-libcc1-0_12.1.0-2ubuntu1~22.04_amd64.deb ...\r\nUnpacking libcc1-0:amd64 (12.1.0-2ubuntu1~22.04) ...\r\nSelecting previously unselected package libgomp1:amd64.\r\nPreparing to unpack .../041-libgomp1_12.1.0-2ubuntu1~22.04_amd64.deb ...\r\nUnpacking libgomp1:amd64 (12.1.0-2ubuntu1~22.04) ...\r\nSelecting previously unselected package libitm1:amd64.\r\nPreparing to unpack .../042-libitm1_12.1.0-2ubuntu1~22.04_amd64.deb ...\r\nUnpacking libitm1:amd64 (12.1.0-2ubuntu1~22.04) ...\r\nSelecting previously unselected package libatomic1:amd64.\r\nPreparing to unpack .../043-libatomic1_12.1.0-2ubuntu1~22.04_amd64.deb ...\r\nUnpacking libatomic1:amd64 (12.1.0-2ubuntu1~22.04) ...\r\nSelecting previously unselected package libasan6:amd64.\r\nPreparing to unpack .../044-libasan6_11.3.0-1ubuntu1~22.04_amd64.deb ...\r\nUnpacking libasan6:amd64 (11.3.0-1ubuntu1~22.04) ...\r\nSelecting previously unselected package liblsan0:amd64.\r\nPreparing to unpack .../045-liblsan0_12.1.0-2ubuntu1~22.04_amd64.deb ...\r\nUnpacking liblsan0:amd64 (12.1.0-2ubuntu1~22.04) ...\r\nSelecting previously unselected package libtsan0:amd64.\r\nPreparing to unpack .../046-libtsan0_11.3.0-1ubuntu1~22.04_amd64.deb ...\r\nUnpacking libtsan0:amd64 (11.3.0-1ubuntu1~22.04) ...\r\nSelecting previously unselected package libubsan1:amd64.\r\nPreparing to unpack .../047-libubsan1_12.1.0-2ubuntu1~22.04_amd64.deb ...\r\nUnpacking libubsan1:amd64 (12.1.0-2ubuntu1~22.04) ...\r\nSelecting previously unselected package libquadmath0:amd64.\r\nPreparing to unpack .../048-libquadmath0_12.1.0-2ubuntu1~22.04_amd64.deb ...\r\nUnpacking libquadmath0:amd64 (12.1.0-2ubuntu1~22.04) ...\r\nSelecting previously unselected package libgcc-11-dev:amd64.\r\nPreparing to unpack .../049-libgcc-11-dev_11.3.0-1ubuntu1~22.04_amd64.deb ...\r\nUnpacking libgcc-11-dev:amd64 (11.3.0-1ubuntu1~22.04) ...\r\nSelecting previously unselected package gcc-11.\r\nPreparing to unpack .../050-gcc-11_11.3.0-1ubuntu1~22.04_amd64.deb ...\r\nUnpacking gcc-11 (11.3.0-1ubuntu1~22.04) ...\r\nSelecting previously unselected package gcc.\r\nPreparing to unpack .../051-gcc_4%3a11.2.0-1ubuntu1_amd64.deb ...\r\nUnpacking gcc (4:11.2.0-1ubuntu1) ...\r\nSelecting previously unselected package libstdc++-11-dev:amd64.\r\nPreparing to unpack .../052-libstdc++-11-dev_11.3.0-1ubuntu1~22.04_amd64.deb ...\r\nUnpacking libstdc++-11-dev:amd64 (11.3.0-1ubuntu1~22.04) ...\r\nSelecting previously unselected package g++-11.\r\nPreparing to unpack .../053-g++-11_11.3.0-1ubuntu1~22.04_amd64.deb ...\r\nUnpacking g++-11 (11.3.0-1ubuntu1~22.04) ...\r\nSelecting previously unselected package g++.\r\nPreparing to unpack .../054-g++_4%3a11.2.0-1ubuntu1_amd64.deb ...\r\nUnpacking g++ (4:11.2.0-1ubuntu1) ...\r\nSelecting previously unselected package make.\r\nPreparing to unpack .../055-make_4.3-4.1build1_amd64.deb ...\r\nUnpacking make (4.3-4.1build1) ...\r\nSelecting previously unselected package libdpkg-perl.\r\nPreparing to unpack .../056-libdpkg-perl_1.21.1ubuntu2.1_all.deb ...\r\nUnpacking libdpkg-perl (1.21.1ubuntu2.1) ...\r\nSelecting previously unselected package bzip2.\r\nPreparing to unpack .../057-bzip2_1.0.8-5build1_amd64.deb ...\r\nUnpacking bzip2 (1.0.8-5build1) ...\r\nSelecting previously unselected package patch.\r\nPreparing to unpack .../058-patch_2.7.6-7build2_amd64.deb ...\r\nUnpacking patch (2.7.6-7build2) ...\r\nSelecting previously unselected package lto-disabled-list.\r\nPreparing to unpack .../059-lto-disabled-list_24_all.deb ...\r\nUnpacking lto-disabled-list (24) ...\r\nSelecting previously unselected package dpkg-dev.\r\nPreparing to unpack .../060-dpkg-dev_1.21.1ubuntu2.1_all.deb ...\r\nUnpacking dpkg-dev (1.21.1ubuntu2.1) ...\r\nSelecting previously unselected package build-essential.\r\nPreparing to unpack .../061-build-essential_12.9ubuntu3_amd64.deb ...\r\nUnpacking build-essential (12.9ubuntu3) ...\r\nSelecting previously unselected package libassuan0:amd64.\r\nPreparing to unpack .../062-libassuan0_2.5.5-1build1_amd64.deb ...\r\nUnpacking libassuan0:amd64 (2.5.5-1build1) ...\r\nSelecting previously unselected package gpgconf.\r\nPreparing to unpack .../063-gpgconf_2.2.27-3ubuntu2.1_amd64.deb ...\r\nUnpacking gpgconf (2.2.27-3ubuntu2.1) ...\r\nSelecting previously unselected package libksba8:amd64.\r\nPreparing to unpack .../064-libksba8_1.6.0-2ubuntu0.1_amd64.deb ...\r\nUnpacking libksba8:amd64 (1.6.0-2ubuntu0.1) ...\r\nSelecting previously unselected package libsasl2-modules-db:amd64.\r\nPreparing to unpack .../065-libsasl2-modules-db_2.1.27+dfsg2-3ubuntu1_amd64.deb ...\r\nUnpacking libsasl2-modules-db:amd64 (2.1.27+dfsg2-3ubuntu1) ...\r\nSelecting previously unselected package libsasl2-2:amd64.\r\nPreparing to unpack .../066-libsasl2-2_2.1.27+dfsg2-3ubuntu1_amd64.deb ...\r\nUnpacking libsasl2-2:amd64 (2.1.27+dfsg2-3ubuntu1) ...\r\nSelecting previously unselected package libldap-2.5-0:amd64.\r\nPreparing to unpack .../067-libldap-2.5-0_2.5.13+dfsg-0ubuntu0.22.04.1_amd64.deb ...\r\nUnpacking libldap-2.5-0:amd64 (2.5.13+dfsg-0ubuntu0.22.04.1) ...\r\nSelecting previously unselected package libnpth0:amd64.\r\nPreparing to unpack .../068-libnpth0_1.6-3build2_amd64.deb ...\r\nUnpacking libnpth0:amd64 (1.6-3build2) ...\r\nSelecting previously unselected package dirmngr.\r\nPreparing to unpack .../069-dirmngr_2.2.27-3ubuntu2.1_amd64.deb ...\r\nUnpacking dirmngr (2.2.27-3ubuntu2.1) ...\r\nSelecting previously unselected package libfakeroot:amd64.\r\nPreparing to unpack .../070-libfakeroot_1.28-1ubuntu1_amd64.deb ...\r\nUnpacking libfakeroot:amd64 (1.28-1ubuntu1) ...\r\nSelecting previously unselected package fakeroot.\r\nPreparing to unpack .../071-fakeroot_1.28-1ubuntu1_amd64.deb ...\r\nUnpacking fakeroot (1.28-1ubuntu1) ...\r\nSelecting previously unselected package fonts-dejavu-core.\r\nPreparing to unpack .../072-fonts-dejavu-core_2.37-2build1_all.deb ...\r\nUnpacking fonts-dejavu-core (2.37-2build1) ...\r\nSelecting previously unselected package fontconfig-config.\r\nPreparing to unpack .../073-fontconfig-config_2.13.1-4.2ubuntu5_all.deb ...\r\nUnpacking fontconfig-config (2.13.1-4.2ubuntu5) ...\r\nSelecting previously unselected package gnupg-l10n.\r\nPreparing to unpack .../074-gnupg-l10n_2.2.27-3ubuntu2.1_all.deb ...\r\nUnpacking gnupg-l10n (2.2.27-3ubuntu2.1) ...\r\nSelecting previously unselected package gnupg-utils.\r\nPreparing to unpack .../075-gnupg-utils_2.2.27-3ubuntu2.1_amd64.deb ...\r\nUnpacking gnupg-utils (2.2.27-3ubuntu2.1) ...\r\nSelecting previously unselected package gpg.\r\nPreparing to unpack .../076-gpg_2.2.27-3ubuntu2.1_amd64.deb ...\r\nUnpacking gpg (2.2.27-3ubuntu2.1) ...\r\nSelecting previously unselected package pinentry-curses.\r\nPreparing to unpack .../077-pinentry-curses_1.1.1-1build2_amd64.deb ...\r\nUnpacking pinentry-curses (1.1.1-1build2) ...\r\nSelecting previously unselected package gpg-agent.\r\nPreparing to unpack .../078-gpg-agent_2.2.27-3ubuntu2.1_amd64.deb ...\r\nUnpacking gpg-agent (2.2.27-3ubuntu2.1) ...\r\nSelecting previously unselected package gpg-wks-client.\r\nPreparing to unpack .../079-gpg-wks-client_2.2.27-3ubuntu2.1_amd64.deb ...\r\nUnpacking gpg-wks-client (2.2.27-3ubuntu2.1) ...\r\nSelecting previously unselected package gpg-wks-server.\r\nPreparing to unpack .../080-gpg-wks-server_2.2.27-3ubuntu2.1_amd64.deb ...\r\nUnpacking gpg-wks-server (2.2.27-3ubuntu2.1) ...\r\nSelecting previously unselected package gpgsm.\r\nPreparing to unpack .../081-gpgsm_2.2.27-3ubuntu2.1_amd64.deb ...\r\nUnpacking gpgsm (2.2.27-3ubuntu2.1) ...\r\nSelecting previously unselected package gnupg.\r\nPreparing to unpack .../082-gnupg_2.2.27-3ubuntu2.1_all.deb ...\r\nUnpacking gnupg (2.2.27-3ubuntu2.1) ...\r\nSelecting previously unselected package javascript-common.\r\nPreparing to unpack .../083-javascript-common_11+nmu1_all.deb ...\r\nUnpacking javascript-common (11+nmu1) ...\r\nSelecting previously unselected package libalgorithm-diff-perl.\r\nPreparing to unpack .../084-libalgorithm-diff-perl_1.201-1_all.deb ...\r\nUnpacking libalgorithm-diff-perl (1.201-1) ...\r\nSelecting previously unselected package libalgorithm-diff-xs-perl.\r\nPreparing to unpack .../085-libalgorithm-diff-xs-perl_0.04-6build3_amd64.deb ...\r\nUnpacking libalgorithm-diff-xs-perl (0.04-6build3) ...\r\nSelecting previously unselected package libalgorithm-merge-perl.\r\nPreparing to unpack .../086-libalgorithm-merge-perl_0.08-3_all.deb ...\r\nUnpacking libalgorithm-merge-perl (0.08-3) ...\r\nSelecting previously unselected package libbrotli1:amd64.\r\nPreparing to unpack .../087-libbrotli1_1.0.9-2build6_amd64.deb ...\r\nUnpacking libbrotli1:amd64 (1.0.9-2build6) ...\r\nSelecting previously unselected package libfreetype6:amd64.\r\nPreparing to unpack .../088-libfreetype6_2.11.1+dfsg-1ubuntu0.1_amd64.deb ...\r\nUnpacking libfreetype6:amd64 (2.11.1+dfsg-1ubuntu0.1) ...\r\nSelecting previously unselected package libfontconfig1:amd64.\r\nPreparing to unpack .../089-libfontconfig1_2.13.1-4.2ubuntu5_amd64.deb ...\r\nUnpacking libfontconfig1:amd64 (2.13.1-4.2ubuntu5) ...\r\nSelecting previously unselected package libjpeg-turbo8:amd64.\r\nPreparing to unpack .../090-libjpeg-turbo8_2.1.2-0ubuntu1_amd64.deb ...\r\nUnpacking libjpeg-turbo8:amd64 (2.1.2-0ubuntu1) ...\r\nSelecting previously unselected package libjpeg8:amd64.\r\nPreparing to unpack .../091-libjpeg8_8c-2ubuntu10_amd64.deb ...\r\nUnpacking libjpeg8:amd64 (8c-2ubuntu10) ...\r\nSelecting previously unselected package libdeflate0:amd64.\r\nPreparing to unpack .../092-libdeflate0_1.10-2_amd64.deb ...\r\nUnpacking libdeflate0:amd64 (1.10-2) ...\r\nSelecting previously unselected package libjbig0:amd64.\r\nPreparing to unpack .../093-libjbig0_2.1-3.1ubuntu0.22.04.1_amd64.deb ...\r\nUnpacking libjbig0:amd64 (2.1-3.1ubuntu0.22.04.1) ...\r\nSelecting previously unselected package libwebp7:amd64.\r\nPreparing to unpack .../094-libwebp7_1.2.2-2_amd64.deb ...\r\nUnpacking libwebp7:amd64 (1.2.2-2) ...\r\nSelecting previously unselected package libtiff5:amd64.\r\nPreparing to unpack .../095-libtiff5_4.3.0-6ubuntu0.3_amd64.deb ...\r\nUnpacking libtiff5:amd64 (4.3.0-6ubuntu0.3) ...\r\nSelecting previously unselected package libxpm4:amd64.\r\nPreparing to unpack .../096-libxpm4_1%3a3.5.12-1build2_amd64.deb ...\r\nUnpacking libxpm4:amd64 (1:3.5.12-1build2) ...\r\nSelecting previously unselected package libgd3:amd64.\r\nPreparing to unpack .../097-libgd3_2.3.0-2ubuntu2_amd64.deb ...\r\nUnpacking libgd3:amd64 (2.3.0-2ubuntu2) ...\r\nSelecting previously unselected package libc-devtools.\r\nPreparing to unpack .../098-libc-devtools_2.35-0ubuntu3.1_amd64.deb ...\r\nUnpacking libc-devtools (2.35-0ubuntu3.1) ...\r\nSelecting previously unselected package libexpat1-dev:amd64.\r\nPreparing to unpack .../099-libexpat1-dev_2.4.7-1ubuntu0.2_amd64.deb ...\r\nUnpacking libexpat1-dev:amd64 (2.4.7-1ubuntu0.2) ...\r\nSelecting previously unselected package libfile-fcntllock-perl.\r\nPreparing to unpack .../100-libfile-fcntllock-perl_0.22-3build7_amd64.deb ...\r\nUnpacking libfile-fcntllock-perl (0.22-3build7) ...\r\nSelecting previously unselected package libfuzzy2:amd64.\r\nPreparing to unpack .../101-libfuzzy2_2.14.1+git20180629.57fcfff-2_amd64.deb ...\r\nUnpacking libfuzzy2:amd64 (2.14.1+git20180629.57fcfff-2) ...\r\nSelecting previously unselected package libfuzzy-dev:amd64.\r\nPreparing to unpack .../102-libfuzzy-dev_2.14.1+git20180629.57fcfff-2_amd64.deb ...\r\nUnpacking libfuzzy-dev:amd64 (2.14.1+git20180629.57fcfff-2) ...\r\nSelecting previously unselected package libjs-jquery.\r\nPreparing to unpack .../103-libjs-jquery_3.6.0+dfsg+~3.5.13-1_all.deb ...\r\nUnpacking libjs-jquery (3.6.0+dfsg+~3.5.13-1) ...\r\nSelecting previously unselected package libjs-underscore.\r\nPreparing to unpack .../104-libjs-underscore_1.13.2~dfsg-2_all.deb ...\r\nUnpacking libjs-underscore (1.13.2~dfsg-2) ...\r\nSelecting previously unselected package libjs-sphinxdoc.\r\nPreparing to unpack .../105-libjs-sphinxdoc_4.3.2-1_all.deb ...\r\nUnpacking libjs-sphinxdoc (4.3.2-1) ...\r\nSelecting previously unselected package libldap-common.\r\nPreparing to unpack .../106-libldap-common_2.5.13+dfsg-0ubuntu0.22.04.1_all.deb ...\r\nUnpacking libldap-common (2.5.13+dfsg-0ubuntu0.22.04.1) ...\r\nSelecting previously unselected package libpython3.10:amd64.\r\nPreparing to unpack .../107-libpython3.10_3.10.6-1~22.04.2_amd64.deb ...\r\nUnpacking libpython3.10:amd64 (3.10.6-1~22.04.2) ...\r\nSelecting previously unselected package zlib1g-dev:amd64.\r\nPreparing to unpack .../108-zlib1g-dev_1%3a1.2.11.dfsg-2ubuntu9.2_amd64.deb ...\r\nUnpacking zlib1g-dev:amd64 (1:1.2.11.dfsg-2ubuntu9.2) ...\r\nSelecting previously unselected package libpython3.10-dev:amd64.\r\nPreparing to unpack .../109-libpython3.10-dev_3.10.6-1~22.04.2_amd64.deb ...\r\nUnpacking libpython3.10-dev:amd64 (3.10.6-1~22.04.2) ...\r\nSelecting previously unselected package libpython3-dev:amd64.\r\nPreparing to unpack .../110-libpython3-dev_3.10.6-1~22.04_amd64.deb ...\r\nUnpacking libpython3-dev:amd64 (3.10.6-1~22.04) ...\r\nSelecting previously unselected package libsasl2-modules:amd64.\r\nPreparing to unpack .../111-libsasl2-modules_2.1.27+dfsg2-3ubuntu1_amd64.deb ...\r\nUnpacking libsasl2-modules:amd64 (2.1.27+dfsg2-3ubuntu1) ...\r\nSelecting previously unselected package manpages-dev.\r\nPreparing to unpack .../112-manpages-dev_5.10-1ubuntu1_all.deb ...\r\nUnpacking manpages-dev (5.10-1ubuntu1) ...\r\nSelecting previously unselected package python3.10-dev.\r\nPreparing to unpack .../113-python3.10-dev_3.10.6-1~22.04.2_amd64.deb ...\r\nUnpacking python3.10-dev (3.10.6-1~22.04.2) ...\r\nSelecting previously unselected package python3-lib2to3.\r\nPreparing to unpack .../114-python3-lib2to3_3.10.6-1~22.04_all.deb ...\r\nUnpacking python3-lib2to3 (3.10.6-1~22.04) ...\r\nSelecting previously unselected package python3-distutils.\r\nPreparing to unpack .../115-python3-distutils_3.10.6-1~22.04_all.deb ...\r\nUnpacking python3-distutils (3.10.6-1~22.04) ...\r\nSelecting previously unselected package python3-dev.\r\nPreparing to unpack .../116-python3-dev_3.10.6-1~22.04_amd64.deb ...\r\nUnpacking python3-dev (3.10.6-1~22.04) ...\r\nSelecting previously unselected package python3-setuptools.\r\nPreparing to unpack .../117-python3-setuptools_59.6.0-1.2_all.deb ...\r\nUnpacking python3-setuptools (59.6.0-1.2) ...\r\nSelecting previously unselected package python3-wheel.\r\nPreparing to unpack .../118-python3-wheel_0.37.1-2_all.deb ...\r\nUnpacking python3-wheel (0.37.1-2) ...\r\nSelecting previously unselected package python3-pip.\r\nPreparing to unpack .../119-python3-pip_22.0.2+dfsg-1_all.deb ...\r\nUnpacking python3-pip (22.0.2+dfsg-1) ...\r\nSetting up libksba8:amd64 (1.6.0-2ubuntu0.1) ...\r\nSetting up media-types (7.0.0) ...\r\nSetting up javascript-common (11+nmu1) ...\r\nSetting up gcc-11-base:amd64 (11.3.0-1ubuntu1~22.04) ...\r\nSetting up libxau6:amd64 (1:1.0.9-1build5) ...\r\nSetting up lto-disabled-list (24) ...\r\nSetting up libfuzzy2:amd64 (2.14.1+git20180629.57fcfff-2) ...\r\nSetting up manpages (5.10-1ubuntu1) ...\r\nSetting up libfuzzy-dev:amd64 (2.14.1+git20180629.57fcfff-2) ...\r\nSetting up libbrotli1:amd64 (1.0.9-2build6) ...\r\nSetting up libsqlite3-0:amd64 (3.37.2-2ubuntu0.1) ...\r\nSetting up libsasl2-modules:amd64 (2.1.27+dfsg2-3ubuntu1) ...\r\nSetting up binutils-common:amd64 (2.38-4ubuntu2.1) ...\r\nSetting up libdeflate0:amd64 (1.10-2) ...\r\nSetting up linux-libc-dev:amd64 (5.15.0-56.62) ...\r\nSetting up libctf-nobfd0:amd64 (2.38-4ubuntu2.1) ...\r\nSetting up libnpth0:amd64 (1.6-3build2) ...\r\nSetting up libassuan0:amd64 (2.5.5-1build1) ...\r\nSetting up libgomp1:amd64 (12.1.0-2ubuntu1~22.04) ...\r\nSetting up perl-modules-5.34 (5.34.0-3ubuntu1.1) ...\r\nSetting up bzip2 (1.0.8-5build1) ...\r\nSetting up libldap-common (2.5.13+dfsg-0ubuntu0.22.04.1) ...\r\nSetting up libjbig0:amd64 (2.1-3.1ubuntu0.22.04.1) ...\r\nSetting up libfakeroot:amd64 (1.28-1ubuntu1) ...\r\nSetting up libasan6:amd64 (11.3.0-1ubuntu1~22.04) ...\r\nSetting up libsasl2-modules-db:amd64 (2.1.27+dfsg2-3ubuntu1) ...\r\nSetting up fakeroot (1.28-1ubuntu1) ...\r\nupdate-alternatives: using /usr/bin/fakeroot-sysv to provide /usr/bin/fakeroot (fakeroot) in auto mode\r\nupdate-alternatives: warning: skip creation of /usr/share/man/man1/fakeroot.1.gz because associated file /usr/share/man/man1/fakeroot-sysv.1.gz (of link group fakeroot) doesn't exist\r\nupdate-alternatives: warning: skip creation of /usr/share/man/man1/faked.1.gz because associated file /usr/share/man/man1/faked-sysv.1.gz (of link group fakeroot) doesn't exist\r\nupdate-alternatives: warning: skip creation of /usr/share/man/es/man1/fakeroot.1.gz because associated file /usr/share/man/es/man1/fakeroot-sysv.1.gz (of link group fakeroot) doesn't exist\r\nupdate-alternatives: warning: skip creation of /usr/share/man/es/man1/faked.1.gz because associated file /usr/share/man/es/man1/faked-sysv.1.gz (of link group fakeroot) doesn't exist\r\nupdate-alternatives: warning: skip creation of /usr/share/man/fr/man1/fakeroot.1.gz because associated file /usr/share/man/fr/man1/fakeroot-sysv.1.gz (of link group fakeroot) doesn't exist\r\nupdate-alternatives: warning: skip creation of /usr/share/man/fr/man1/faked.1.gz because associated file /usr/share/man/fr/man1/faked-sysv.1.gz (of link group fakeroot) doesn't exist\r\nupdate-alternatives: warning: skip creation of /usr/share/man/sv/man1/fakeroot.1.gz because associated file /usr/share/man/sv/man1/fakeroot-sysv.1.gz (of link group fakeroot) doesn't exist\r\nupdate-alternatives: warning: skip creation of /usr/share/man/sv/man1/faked.1.gz because associated file /usr/share/man/sv/man1/faked-sysv.1.gz (of link group fakeroot) doesn't exist\r\nSetting up libtirpc-dev:amd64 (1.3.2-2ubuntu0.1) ...\r\nSetting up rpcsvc-proto (1.4.2-0ubuntu6) ...\r\nSetting up libx11-data (2:1.7.5-1) ...\r\nSetting up make (4.3-4.1build1) ...\r\nSetting up libmpfr6:amd64 (4.1.0-3build3) ...\r\nSetting up gnupg-l10n (2.2.27-3ubuntu2.1) ...\r\nSetting up xz-utils (5.2.5-2ubuntu1) ...\r\nupdate-alternatives: using /usr/bin/xz to provide /usr/bin/lzma (lzma) in auto mode\r\nupdate-alternatives: warning: skip creation of /usr/share/man/man1/lzma.1.gz because associated file /usr/share/man/man1/xz.1.gz (of link group lzma) doesn't exist\r\nupdate-alternatives: warning: skip creation of /usr/share/man/man1/unlzma.1.gz because associated file /usr/share/man/man1/unxz.1.gz (of link group lzma) doesn't exist\r\nupdate-alternatives: warning: skip creation of /usr/share/man/man1/lzcat.1.gz because associated file /usr/share/man/man1/xzcat.1.gz (of link group lzma) doesn't exist\r\nupdate-alternatives: warning: skip creation of /usr/share/man/man1/lzmore.1.gz because associated file /usr/share/man/man1/xzmore.1.gz (of link group lzma) doesn't exist\r\nupdate-alternatives: warning: skip creation of /usr/share/man/man1/lzless.1.gz because associated file /usr/share/man/man1/xzless.1.gz (of link group lzma) doesn't exist\r\nupdate-alternatives: warning: skip creation of /usr/share/man/man1/lzdiff.1.gz because associated file /usr/share/man/man1/xzdiff.1.gz (of link group lzma) doesn't exist\r\nupdate-alternatives: warning: skip creation of /usr/share/man/man1/lzcmp.1.gz because associated file /usr/share/man/man1/xzcmp.1.gz (of link group lzma) doesn't exist\r\nupdate-alternatives: warning: skip creation of /usr/share/man/man1/lzgrep.1.gz because associated file /usr/share/man/man1/xzgrep.1.gz (of link group lzma) doesn't exist\r\nupdate-alternatives: warning: skip creation of /usr/share/man/man1/lzegrep.1.gz because associated file /usr/share/man/man1/xzegrep.1.gz (of link group lzma) doesn't exist\r\nupdate-alternatives: warning: skip creation of /usr/share/man/man1/lzfgrep.1.gz because associated file /usr/share/man/man1/xzfgrep.1.gz (of link group lzma) doesn't exist\r\nSetting up libquadmath0:amd64 (12.1.0-2ubuntu1~22.04) ...\r\nSetting up libpng16-16:amd64 (1.6.37-3build5) ...\r\nSetting up libmpc3:amd64 (1.2.1-2build1) ...\r\nSetting up libatomic1:amd64 (12.1.0-2ubuntu1~22.04) ...\r\nSetting up patch (2.7.6-7build2) ...\r\nSetting up fonts-dejavu-core (2.37-2build1) ...\r\nSetting up ucf (3.0043) ...\r\ndebconf: unable to initialize frontend: Dialog\r\ndebconf: (TERM is not set, so the dialog frontend is not usable.)\r\ndebconf: falling back to frontend: Readline\r\nSetting up libjpeg-turbo8:amd64 (2.1.2-0ubuntu1) ...\r\nSetting up libsasl2-2:amd64 (2.1.27+dfsg2-3ubuntu1) ...\r\nSetting up libwebp7:amd64 (1.2.2-2) ...\r\nSetting up libubsan1:amd64 (12.1.0-2ubuntu1~22.04) ...\r\nSetting up libmd0:amd64 (1.0.4-1build1) ...\r\nSetting up libnsl-dev:amd64 (1.3.0-2build2) ...\r\nSetting up libcrypt-dev:amd64 (1:4.4.27-1) ...\r\nSetting up libmpdec3:amd64 (2.5.1-2build2) ...\r\nSetting up netbase (6.3) ...\r\nSetting up libjs-jquery (3.6.0+dfsg+~3.5.13-1) ...\r\nSetting up libbinutils:amd64 (2.38-4ubuntu2.1) ...\r\nSetting up libisl23:amd64 (0.24-2build1) ...\r\nSetting up libc-dev-bin (2.35-0ubuntu3.1) ...\r\nSetting up openssl (3.0.2-0ubuntu1.7) ...\r\nSetting up libbsd0:amd64 (0.11.5-1) ...\r\nSetting up readline-common (8.1.2-1) ...\r\nSetting up libcc1-0:amd64 (12.1.0-2ubuntu1~22.04) ...\r\nSetting up liblocale-gettext-perl (1.07-4build3) ...\r\nSetting up liblsan0:amd64 (12.1.0-2ubuntu1~22.04) ...\r\nSetting up libitm1:amd64 (12.1.0-2ubuntu1~22.04) ...\r\nSetting up libgdbm6:amd64 (1.23-1) ...\r\nSetting up libjs-underscore (1.13.2~dfsg-2) ...\r\nSetting up libtsan0:amd64 (11.3.0-1ubuntu1~22.04) ...\r\nSetting up libctf0:amd64 (2.38-4ubuntu2.1) ...\r\nSetting up libjpeg8:amd64 (8c-2ubuntu10) ...\r\nSetting up pinentry-curses (1.1.1-1build2) ...\r\nSetting up cpp-11 (11.3.0-1ubuntu1~22.04) ...\r\nSetting up manpages-dev (5.10-1ubuntu1) ...\r\nSetting up libxdmcp6:amd64 (1:1.1.3-0ubuntu5) ...\r\nSetting up libxcb1:amd64 (1.14-3ubuntu3) ...\r\nSetting up fontconfig-config (2.13.1-4.2ubuntu5) ...\r\nSetting up libreadline8:amd64 (8.1.2-1) ...\r\nSetting up libldap-2.5-0:amd64 (2.5.13+dfsg-0ubuntu0.22.04.1) ...\r\nSetting up libpython3.10-stdlib:amd64 (3.10.6-1~22.04.2) ...\r\nSetting up ca-certificates (20211016ubuntu0.22.04.1) ...\r\ndebconf: unable to initialize frontend: Dialog\r\ndebconf: (TERM is not set, so the dialog frontend is not usable.)\r\ndebconf: falling back to frontend: Readline\r\nUpdating certificates in /etc/ssl/certs...\r\n124 added, 0 removed; done.\r\nSetting up libfreetype6:amd64 (2.11.1+dfsg-1ubuntu0.1) ...\r\nSetting up libgdbm-compat4:amd64 (1.23-1) ...\r\nSetting up libjs-sphinxdoc (4.3.2-1) ...\r\nSetting up libgcc-11-dev:amd64 (11.3.0-1ubuntu1~22.04) ...\r\nSetting up cpp (4:11.2.0-1ubuntu1) ...\r\nSetting up gpgconf (2.2.27-3ubuntu2.1) ...\r\nSetting up libc6-dev:amd64 (2.35-0ubuntu3.1) ...\r\nSetting up libx11-6:amd64 (2:1.7.5-1) ...\r\nSetting up libtiff5:amd64 (4.3.0-6ubuntu0.3) ...\r\nSetting up libfontconfig1:amd64 (2.13.1-4.2ubuntu5) ...\r\nSetting up gpg (2.2.27-3ubuntu2.1) ...\r\nSetting up libpython3-stdlib:amd64 (3.10.6-1~22.04) ...\r\nSetting up gnupg-utils (2.2.27-3ubuntu2.1) ...\r\nSetting up binutils-x86-64-linux-gnu (2.38-4ubuntu2.1) ...\r\nSetting up libpython3.10:amd64 (3.10.6-1~22.04.2) ...\r\nSetting up libperl5.34:amd64 (5.34.0-3ubuntu1.1) ...\r\nSetting up gpg-agent (2.2.27-3ubuntu2.1) ...\r\nSetting up python3.10 (3.10.6-1~22.04.2) ...\r\nSetting up libxpm4:amd64 (1:3.5.12-1build2) ...\r\nSetting up gpgsm (2.2.27-3ubuntu2.1) ...\r\nSetting up python3 (3.10.6-1~22.04) ...\r\nrunning python rtupdate hooks for python3.10...\r\nrunning python post-rtupdate hooks for python3.10...\r\nSetting up binutils (2.38-4ubuntu2.1) ...\r\nSetting up dirmngr (2.2.27-3ubuntu2.1) ...\r\nSetting up perl (5.34.0-3ubuntu1.1) ...\r\nSetting up libexpat1-dev:amd64 (2.4.7-1ubuntu0.2) ...\r\nSetting up libgd3:amd64 (2.3.0-2ubuntu2) ...\r\nSetting up libdpkg-perl (1.21.1ubuntu2.1) ...\r\nSetting up libstdc++-11-dev:amd64 (11.3.0-1ubuntu1~22.04) ...\r\nSetting up gpg-wks-server (2.2.27-3ubuntu2.1) ...\r\nSetting up zlib1g-dev:amd64 (1:1.2.11.dfsg-2ubuntu9.2) ...\r\nSetting up gcc-11 (11.3.0-1ubuntu1~22.04) ...\r\nSetting up python3-lib2to3 (3.10.6-1~22.04) ...\r\nSetting up libc-devtools (2.35-0ubuntu3.1) ...\r\nSetting up python3-pkg-resources (59.6.0-1.2) ...\r\nSetting up python3-distutils (3.10.6-1~22.04) ...\r\nSetting up python3-setuptools (59.6.0-1.2) ...\r\nSetting up gpg-wks-client (2.2.27-3ubuntu2.1) ...\r\nSetting up g++-11 (11.3.0-1ubuntu1~22.04) ...\r\nSetting up libfile-fcntllock-perl (0.22-3build7) ...\r\nSetting up libalgorithm-diff-perl (1.201-1) ...\r\nSetting up python3-wheel (0.37.1-2) ...\r\nSetting up gcc (4:11.2.0-1ubuntu1) ...\r\nSetting up dpkg-dev (1.21.1ubuntu2.1) ...\r\nSetting up libpython3.10-dev:amd64 (3.10.6-1~22.04.2) ...\r\nSetting up python3-pip (22.0.2+dfsg-1) ...\r\nSetting up python3.10-dev (3.10.6-1~22.04.2) ...\r\nSetting up g++ (4:11.2.0-1ubuntu1) ...\r\nupdate-alternatives: using /usr/bin/g++ to provide /usr/bin/c++ (c++) in auto mode\r\nupdate-alternatives: warning: skip creation of /usr/share/man/man1/c++.1.gz because associated file /usr/share/man/man1/g++.1.gz (of link group c++) doesn't exist\r\nSetting up gnupg (2.2.27-3ubuntu2.1) ...\r\nSetting up build-essential (12.9ubuntu3) ...\r\nSetting up libalgorithm-diff-xs-perl (0.04-6build3) ...\r\nSetting up libalgorithm-merge-perl (0.08-3) ...\r\nSetting up libpython3-dev:amd64 (3.10.6-1~22.04) ...\r\nSetting up python3-dev (3.10.6-1~22.04) ...\r\nProcessing triggers for libc-bin (2.35-0ubuntu3.1) ...\r\nProcessing triggers for ca-certificates (20211016ubuntu0.22.04.1) ...\r\nUpdating certificates in /etc/ssl/certs...\r\n0 added, 0 removed; done.\r\nRunning hooks in /etc/ca-certificates/update.d...\r\ndone.\r\nRequirement already satisfied: pip in /usr/lib/python3/dist-packages (22.0.2)\nCollecting pip\n  Downloading pip-22.3.1-py3-none-any.whl (2.1 MB)\n      2.1/2.1 MB 24.6 MB/s eta 0:00:00\nInstalling collected packages: pip\n  Attempting uninstall: pip\n    Found existing installation: pip 22.0.2\n    Not uninstalling pip at /usr/lib/python3/dist-packages, outside environment /usr\n    Can't uninstall 'pip'. No files were found to uninstall.\nSuccessfully installed pip-22.3.1\n\u001b[91mWARNING: Running pip as the 'root' user can result in broken permissions and conflicting behaviour with the system package manager. It is recommended to use a virtual environment instead: https://pip.pypa.io/warnings/venv\n\u001b[0mRemoving intermediate container 64d18dcfcc93\n ---> 4e6deb58345a\nStep 4/19 : ENV LC_ALL=C.UTF-8\n ---> Running in 655df25bc706\nRemoving intermediate container 655df25bc706\n ---> 90555a5f93b1\nStep 5/19 : ENV LANG=C.UTF-8\n ---> Running in 1bce5d6ff8c5\nRemoving intermediate container 1bce5d6ff8c5\n ---> 473bab80b15f\nStep 6/19 : ADD kathe-cli.py /\n ---> e1570b4845df\nStep 7/19 : ADD ./web/app.py /web/\n ---> a52ea01ba1c2\nStep 8/19 : ADD ./web/kathe.py /web/\n ---> 345d08863c0e\nStep 9/19 : ADD ./web/defaults.py /web/\n ---> ed852471b279\nStep 10/19 : ADD ./web/flushcache.py /web/\n ---> 3f9af356665b\nStep 11/19 : ADD ./web/static /web/static\n ---> a01ea9d49fb5\nStep 12/19 : ADD ./web/templates /web/templates\n ---> b55e0baee76f\nStep 13/19 : ADD Pipfile /\n ---> d2b661c964e1\nStep 14/19 : ADD Pipfile.lock /\n ---> 2b0660a86cdd\nStep 15/19 : RUN /usr/bin/python3 -m pip install --upgrade pip\n ---> Running in 2eaeac20b683\nRequirement already satisfied: pip in /usr/local/lib/python3.10/dist-packages (22.3.1)\n\u001b[91mWARNING: Running pip as the 'root' user can result in broken permissions and conflicting behaviour with the system package manager. It is recommended to use a virtual environment instead: https://pip.pypa.io/warnings/venv\n\u001b[0mRemoving intermediate container 2eaeac20b683\n ---> 83f271137b55\nStep 16/19 : RUN pip install ssdeep\n ---> Running in a55555228f35\nCollecting ssdeep\n  Downloading ssdeep-3.4.tar.gz (110 kB)\n      110.8/110.8 kB 308.9 kB/s eta 0:00:00\n  Preparing metadata (setup.py): started\n  Preparing metadata (setup.py): finished with status 'done'\nCollecting cffi>=0.8.6\n  Using cached cffi-1.15.1-cp310-cp310-manylinux_2_17_x86_64.manylinux2014_x86_64.whl (441 kB)\nCollecting six>=1.4.1\n  Using cached six-1.16.0-py2.py3-none-any.whl (11 kB)\nCollecting pycparser\n  Using cached pycparser-2.21-py2.py3-none-any.whl (118 kB)\nBuilding wheels for collected packages: ssdeep\n  Building wheel for ssdeep (setup.py): started\n  Building wheel for ssdeep (setup.py): finished with status 'done'\n  Created wheel for ssdeep: filename=ssdeep-3.4-cp310-cp310-linux_x86_64.whl size=33317 sha256=c75f899009ea4c4d2e8fbe48747e3a9b5442d822d07395246d0c58eb30d741dd\n  Stored in directory: /root/.cache/pip/wheels/76/6c/cb/13322f68cdd4f8b4a481d602aa1252f7aefa57164fe2ae89a8\nSuccessfully built ssdeep\nInstalling collected packages: six, pycparser, cffi, ssdeep\n\u001b[91mWARNING: Running pip as the 'root' user can result in broken permissions and conflicting behaviour with the system package manager. It is recommended to use a virtual environment instead: https://pip.pypa.io/warnings/venv\n\u001b[0mSuccessfully installed cffi-1.15.1 pycparser-2.21 six-1.16.0 ssdeep-3.4\nRemoving intermediate container a55555228f35\n ---> afb4dbca7eff\nStep 17/19 : RUN pip install redis==2.10.6\n ---> Running in 6444f59cff5b\nCollecting redis==2.10.6\n  Downloading redis-2.10.6-py2.py3-none-any.whl (64 kB)\n      65.0/65.0 kB 262.8 kB/s eta 0:00:00\nInstalling collected packages: redis\nSuccessfully installed redis-2.10.6\n\u001b[91mWARNING: Running pip as the 'root' user can result in broken permissions and conflicting behaviour with the system package manager. It is recommended to use a virtual environment instead: https://pip.pypa.io/warnings/venv\n\u001b[0mRemoving intermediate container 6444f59cff5b\n ---> 16f2d509e111\nStep 18/19 : RUN pip install bottle-redis\n ---> Running in 956d00bb6895\nCollecting bottle-redis\n  Downloading bottle-redis-0.2.3.tar.gz (2.6 kB)\n  Preparing metadata (setup.py): started\n  Preparing metadata (setup.py): finished with status 'done'\nCollecting bottle>=0.9\n  Downloading bottle-0.12.23-py3-none-any.whl (90 kB)\n      90.1/90.1 kB 2.6 MB/s eta 0:00:00\nRequirement already satisfied: redis in /usr/local/lib/python3.10/dist-packages (from bottle-redis) (2.10.6)\nBuilding wheels for collected packages: bottle-redis\n  Building wheel for bottle-redis (setup.py): started\n  Building wheel for bottle-redis (setup.py): finished with status 'done'\n  Created wheel for bottle-redis: filename=bottle_redis-0.2.3-py3-none-any.whl size=2041 sha256=abae2f4bee01b4e6fdf4ab4d84ff56eaae31db188a727139da190d37922c5037\n  Stored in directory: /root/.cache/pip/wheels/10/18/43/e2cb805d03812bd92492be7947e636d8e5651bc20047107416\nSuccessfully built bottle-redis\nInstalling collected packages: bottle, bottle-redis\nSuccessfully installed bottle-0.12.23 bottle-redis-0.2.3\n\u001b[91mWARNING: Running pip as the 'root' user can result in broken permissions and conflicting behaviour with the system package manager. It is recommended to use a virtual environment instead: https://pip.pypa.io/warnings/venv\n\u001b[0mRemoving intermediate container 956d00bb6895\n ---> 2c0dffc05066\nStep 19/19 : CMD [\"python3\", \"/web/app.py\"]\n ---> Running in c7ca50b951da\nRemoving intermediate container c7ca50b951da\n ---> 2d20be23a6d9\nSuccessfully built 2d20be23a6d9\nSuccessfully tagged kathe:latest\n","stderr":"","imageSize":503096520},"repair":{"violations":[{"name":"pipUseNoCacheDir","position":{"start":8,"end":8,"columnStart":5,"columnEnd":31}},{"name":"pipUseNoCacheDir","position":{"start":27,"end":27,"columnStart":4,"columnEnd":22}},{"name":"pipUseNoCacheDir","position":{"start":28,"end":28,"columnStart":4,"columnEnd":29}},{"name":"pipUseNoCacheDir","position":{"start":29,"end":29,"columnStart":4,"columnEnd":28}},{"name":"ruleAptGetInstallUseNoRec","position":{"start":5,"end":5,"columnStart":5,"columnEnd":60}},{"name":"ruleAptGetInstallThenRemoveAptLists","position":{"start":5,"end":5,"columnStart":5,"columnEnd":60}}],"repairedDockerfile":"FROM ubuntu:latest\n\nWORKDIR /web\n\nRUN apt-get update \\\n  && apt-get install --no-install-recommends -y python3-pip python3-dev libfuzzy-dev \\\n  && cd /usr/local/bin \\\n  && ln -s /usr/bin/python3 python \\\n  && pip3 install --no-cache-dir --upgrade pip\n\nENV LC_ALL=C.UTF-8\nENV LANG=C.UTF-8\n\n# ENTRYPOINT [\"pipenv\"]\n\nADD kathe-cli.py /\nADD ./web/app.py /web/\nADD ./web/kathe.py /web/\nADD ./web/defaults.py /web/\nADD ./web/flushcache.py /web/\nADD ./web/static /web/static\nADD ./web/templates /web/templates\nADD Pipfile /\nADD Pipfile.lock /\n\nRUN /usr/bin/python3 -m pip install --upgrade pip\n# RUN pip install pipenv\nRUN pip install --no-cache-dir ssdeep\nRUN pip install --no-cache-dir redis==2.10.6\nRUN pip install --no-cache-dir bottle-redis\n# RUN pipenv install --skip-lock\n# CMD pipenv shell\nCMD [\"python3\", \"/web/app.py\"]\n"},"repairedBuild":{"startTimestamp":1672488535168,"endTimestamp":1672488722712,"error":{"code":1,"killed":false,"signal":null,"cmd":"docker build --no-cache --force-rm -t kathe:latest -f /tmp/dinghy-analysis/avuko/kathe/Dockerfile ."},"stdout":"Sending build context to Docker daemon  30.62MB\r\r\nStep 1/19 : FROM ubuntu:latest\n ---> 6b7dfa7e8fdb\nStep 2/19 : WORKDIR /web\n ---> Running in 06bdfa50fd88\nRemoving intermediate container 06bdfa50fd88\n ---> 4e6ae411bcff\nStep 3/19 : RUN apt-get update   && apt-get install --no-install-recommends -y python3-pip python3-dev libfuzzy-dev   && cd /usr/local/bin   && ln -s /usr/bin/python3 python   && pip3 install --no-cache-dir --upgrade pip\n ---> Running in 7172ba1d5426\nGet:1 http://archive.ubuntu.com/ubuntu jammy InRelease [270 kB]\nGet:2 http://security.ubuntu.com/ubuntu jammy-security InRelease [110 kB]\nGet:3 http://archive.ubuntu.com/ubuntu jammy-updates InRelease [114 kB]\nGet:4 http://archive.ubuntu.com/ubuntu jammy-backports InRelease [99.8 kB]\nGet:5 http://archive.ubuntu.com/ubuntu jammy/multiverse amd64 Packages [266 kB]\nGet:6 http://archive.ubuntu.com/ubuntu jammy/universe amd64 Packages [17.5 MB]\nGet:7 http://archive.ubuntu.com/ubuntu jammy/restricted amd64 Packages [164 kB]\nGet:8 http://archive.ubuntu.com/ubuntu jammy/main amd64 Packages [1792 kB]\nGet:9 http://archive.ubuntu.com/ubuntu jammy-updates/main amd64 Packages [972 kB]\nGet:10 http://archive.ubuntu.com/ubuntu jammy-updates/universe amd64 Packages [970 kB]\nGet:11 http://security.ubuntu.com/ubuntu jammy-security/restricted amd64 Packages [593 kB]\nGet:12 http://archive.ubuntu.com/ubuntu jammy-updates/multiverse amd64 Packages [8150 B]\nGet:13 http://archive.ubuntu.com/ubuntu jammy-updates/restricted amd64 Packages [641 kB]\nGet:14 http://archive.ubuntu.com/ubuntu jammy-backports/main amd64 Packages [3520 B]\nGet:15 http://archive.ubuntu.com/ubuntu jammy-backports/universe amd64 Packages [7291 B]\nGet:16 http://security.ubuntu.com/ubuntu jammy-security/universe amd64 Packages [781 kB]\nGet:17 http://security.ubuntu.com/ubuntu jammy-security/main amd64 Packages [667 kB]\nGet:18 http://security.ubuntu.com/ubuntu jammy-security/multiverse amd64 Packages [4732 B]\nFetched 24.9 MB in 2s (10.7 MB/s)\nReading package lists...\nReading package lists...\nBuilding dependency tree...\nReading state information...\nThe following additional packages will be installed:\n  ca-certificates libc-dev-bin libc6-dev libcrypt-dev libexpat1 libexpat1-dev\n  libfuzzy2 libjs-jquery libjs-sphinxdoc libjs-underscore libmpdec3 libnsl-dev\n  libpython3-dev libpython3-stdlib libpython3.10 libpython3.10-dev\n  libpython3.10-minimal libpython3.10-stdlib libreadline8 libsqlite3-0\n  libtirpc-dev linux-libc-dev media-types openssl python3 python3-distutils\n  python3-lib2to3 python3-minimal python3-pkg-resources python3-setuptools\n  python3-wheel python3.10 python3.10-dev python3.10-minimal readline-common\n  rpcsvc-proto zlib1g-dev\nSuggested packages:\n  glibc-doc manpages-dev python3-doc python3-tk python3-venv\n  python-setuptools-doc python3.10-venv python3.10-doc binutils binfmt-support\n  readline-doc\nRecommended packages:\n  manpages manpages-dev libc-devtools javascript-common build-essential\nThe following NEW packages will be installed:\n  ca-certificates libc-dev-bin libc6-dev libcrypt-dev libexpat1 libexpat1-dev\n  libfuzzy-dev libfuzzy2 libjs-jquery libjs-sphinxdoc libjs-underscore\n  libmpdec3 libnsl-dev libpython3-dev libpython3-stdlib libpython3.10\n  libpython3.10-dev libpython3.10-minimal libpython3.10-stdlib libreadline8\n  libsqlite3-0 libtirpc-dev linux-libc-dev media-types openssl python3\n  python3-dev python3-distutils python3-lib2to3 python3-minimal python3-pip\n  python3-pkg-resources python3-setuptools python3-wheel python3.10\n  python3.10-dev python3.10-minimal readline-common rpcsvc-proto zlib1g-dev\n0 upgraded, 40 newly installed, 0 to remove and 0 not upgraded.\nNeed to get 21.9 MB of archives.\nAfter this operation, 89.1 MB of additional disk space will be used.\nGet:1 http://archive.ubuntu.com/ubuntu jammy-updates/main amd64 libpython3.10-minimal amd64 3.10.6-1~22.04.2 [810 kB]\nGet:2 http://archive.ubuntu.com/ubuntu jammy-updates/main amd64 libexpat1 amd64 2.4.7-1ubuntu0.2 [91.0 kB]\nGet:3 http://archive.ubuntu.com/ubuntu jammy-updates/main amd64 python3.10-minimal amd64 3.10.6-1~22.04.2 [2251 kB]\nGet:4 http://archive.ubuntu.com/ubuntu jammy-updates/main amd64 python3-minimal amd64 3.10.6-1~22.04 [24.3 kB]\nGet:5 http://archive.ubuntu.com/ubuntu jammy/main amd64 media-types all 7.0.0 [25.5 kB]\nGet:6 http://archive.ubuntu.com/ubuntu jammy/main amd64 libmpdec3 amd64 2.5.1-2build2 [86.8 kB]\nGet:7 http://archive.ubuntu.com/ubuntu jammy/main amd64 readline-common all 8.1.2-1 [53.5 kB]\nGet:8 http://archive.ubuntu.com/ubuntu jammy/main amd64 libreadline8 amd64 8.1.2-1 [153 kB]\nGet:9 http://archive.ubuntu.com/ubuntu jammy-updates/main amd64 libsqlite3-0 amd64 3.37.2-2ubuntu0.1 [641 kB]\nGet:10 http://archive.ubuntu.com/ubuntu jammy-updates/main amd64 libpython3.10-stdlib amd64 3.10.6-1~22.04.2 [1832 kB]\nGet:11 http://archive.ubuntu.com/ubuntu jammy-updates/main amd64 python3.10 amd64 3.10.6-1~22.04.2 [497 kB]\nGet:12 http://archive.ubuntu.com/ubuntu jammy-updates/main amd64 libpython3-stdlib amd64 3.10.6-1~22.04 [6910 B]\nGet:13 http://archive.ubuntu.com/ubuntu jammy-updates/main amd64 python3 amd64 3.10.6-1~22.04 [22.8 kB]\nGet:14 http://archive.ubuntu.com/ubuntu jammy-updates/main amd64 openssl amd64 3.0.2-0ubuntu1.7 [1183 kB]\nGet:15 http://archive.ubuntu.com/ubuntu jammy-updates/main amd64 ca-certificates all 20211016ubuntu0.22.04.1 [144 kB]\nGet:16 http://archive.ubuntu.com/ubuntu jammy/main amd64 python3-pkg-resources all 59.6.0-1.2 [132 kB]\nGet:17 http://archive.ubuntu.com/ubuntu jammy-updates/main amd64 libc-dev-bin amd64 2.35-0ubuntu3.1 [20.4 kB]\nGet:18 http://archive.ubuntu.com/ubuntu jammy-updates/main amd64 linux-libc-dev amd64 5.15.0-56.62 [1333 kB]\nGet:19 http://archive.ubuntu.com/ubuntu jammy/main amd64 libcrypt-dev amd64 1:4.4.27-1 [112 kB]\nGet:20 http://archive.ubuntu.com/ubuntu jammy/main amd64 rpcsvc-proto amd64 1.4.2-0ubuntu6 [68.5 kB]\nGet:21 http://archive.ubuntu.com/ubuntu jammy-updates/main amd64 libtirpc-dev amd64 1.3.2-2ubuntu0.1 [192 kB]\nGet:22 http://archive.ubuntu.com/ubuntu jammy/main amd64 libnsl-dev amd64 1.3.0-2build2 [71.3 kB]\nGet:23 http://archive.ubuntu.com/ubuntu jammy-updates/main amd64 libc6-dev amd64 2.35-0ubuntu3.1 [2099 kB]\nGet:24 http://archive.ubuntu.com/ubuntu jammy-updates/main amd64 libexpat1-dev amd64 2.4.7-1ubuntu0.2 [147 kB]\nGet:25 http://archive.ubuntu.com/ubuntu jammy/universe amd64 libfuzzy2 amd64 2.14.1+git20180629.57fcfff-2 [14.8 kB]\nGet:26 http://archive.ubuntu.com/ubuntu jammy/universe amd64 libfuzzy-dev amd64 2.14.1+git20180629.57fcfff-2 [13.0 kB]\nGet:27 http://archive.ubuntu.com/ubuntu jammy/main amd64 libjs-jquery all 3.6.0+dfsg+~3.5.13-1 [321 kB]\nGet:28 http://archive.ubuntu.com/ubuntu jammy/main amd64 libjs-underscore all 1.13.2~dfsg-2 [118 kB]\nGet:29 http://archive.ubuntu.com/ubuntu jammy/main amd64 libjs-sphinxdoc all 4.3.2-1 [139 kB]\nGet:30 http://archive.ubuntu.com/ubuntu jammy-updates/main amd64 libpython3.10 amd64 3.10.6-1~22.04.2 [1955 kB]\nGet:31 http://archive.ubuntu.com/ubuntu jammy-updates/main amd64 zlib1g-dev amd64 1:1.2.11.dfsg-2ubuntu9.2 [164 kB]\nGet:32 http://archive.ubuntu.com/ubuntu jammy-updates/main amd64 libpython3.10-dev amd64 3.10.6-1~22.04.2 [4755 kB]\nGet:33 http://archive.ubuntu.com/ubuntu jammy-updates/main amd64 libpython3-dev amd64 3.10.6-1~22.04 [7166 B]\nGet:34 http://archive.ubuntu.com/ubuntu jammy-updates/main amd64 python3.10-dev amd64 3.10.6-1~22.04.2 [507 kB]\nGet:35 http://archive.ubuntu.com/ubuntu jammy-updates/main amd64 python3-lib2to3 all 3.10.6-1~22.04 [77.6 kB]\nGet:36 http://archive.ubuntu.com/ubuntu jammy-updates/main amd64 python3-distutils all 3.10.6-1~22.04 [139 kB]\nGet:37 http://archive.ubuntu.com/ubuntu jammy-updates/main amd64 python3-dev amd64 3.10.6-1~22.04 [26.0 kB]\nGet:38 http://archive.ubuntu.com/ubuntu jammy/main amd64 python3-setuptools all 59.6.0-1.2 [339 kB]\nGet:39 http://archive.ubuntu.com/ubuntu jammy/universe amd64 python3-wheel all 0.37.1-2 [31.9 kB]\nGet:40 http://archive.ubuntu.com/ubuntu jammy/universe amd64 python3-pip all 22.0.2+dfsg-1 [1306 kB]\n\u001b[91mdebconf: delaying package configuration, since apt-utils is not installed\n\u001b[0mFetched 21.9 MB in 2s (10.3 MB/s)\nSelecting previously unselected package libpython3.10-minimal:amd64.\r\n(Reading database ... \r(Reading database ... 5%\r(Reading database ... 10%\r(Reading database ... 15%\r(Reading database ... 20%\r(Reading database ... 25%\r(Reading database ... 30%\r(Reading database ... 35%\r(Reading database ... 40%\r(Reading database ... 45%\r(Reading database ... 50%\r(Reading database ... 55%\r(Reading database ... 60%\r(Reading database ... 65%\r(Reading database ... 70%\r(Reading database ... 75%\r(Reading database ... 80%\r(Reading database ... 85%\r(Reading database ... 90%\r(Reading database ... 95%\r(Reading database ... 100%\r(Reading database ... 4395 files and directories currently installed.)\r\nPreparing to unpack .../libpython3.10-minimal_3.10.6-1~22.04.2_amd64.deb ...\r\nUnpacking libpython3.10-minimal:amd64 (3.10.6-1~22.04.2) ...\r\nSelecting previously unselected package libexpat1:amd64.\r\nPreparing to unpack .../libexpat1_2.4.7-1ubuntu0.2_amd64.deb ...\r\nUnpacking libexpat1:amd64 (2.4.7-1ubuntu0.2) ...\r\nSelecting previously unselected package python3.10-minimal.\r\nPreparing to unpack .../python3.10-minimal_3.10.6-1~22.04.2_amd64.deb ...\r\nUnpacking python3.10-minimal (3.10.6-1~22.04.2) ...\r\nSetting up libpython3.10-minimal:amd64 (3.10.6-1~22.04.2) ...\r\nSetting up libexpat1:amd64 (2.4.7-1ubuntu0.2) ...\r\nSetting up python3.10-minimal (3.10.6-1~22.04.2) ...\r\nSelecting previously unselected package python3-minimal.\r\n(Reading database ... \r(Reading database ... 5%\r(Reading database ... 10%\r(Reading database ... 15%\r(Reading database ... 20%\r(Reading database ... 25%\r(Reading database ... 30%\r(Reading database ... 35%\r(Reading database ... 40%\r(Reading database ... 45%\r(Reading database ... 50%\r(Reading database ... 55%\r(Reading database ... 60%\r(Reading database ... 65%\r(Reading database ... 70%\r(Reading database ... 75%\r(Reading database ... 80%\r(Reading database ... 85%\r(Reading database ... 90%\r(Reading database ... 95%\r(Reading database ... 100%\r(Reading database ... 4697 files and directories currently installed.)\r\nPreparing to unpack .../0-python3-minimal_3.10.6-1~22.04_amd64.deb ...\r\nUnpacking python3-minimal (3.10.6-1~22.04) ...\r\nSelecting previously unselected package media-types.\r\nPreparing to unpack .../1-media-types_7.0.0_all.deb ...\r\nUnpacking media-types (7.0.0) ...\r\nSelecting previously unselected package libmpdec3:amd64.\r\nPreparing to unpack .../2-libmpdec3_2.5.1-2build2_amd64.deb ...\r\nUnpacking libmpdec3:amd64 (2.5.1-2build2) ...\r\nSelecting previously unselected package readline-common.\r\nPreparing to unpack .../3-readline-common_8.1.2-1_all.deb ...\r\nUnpacking readline-common (8.1.2-1) ...\r\nSelecting previously unselected package libreadline8:amd64.\r\nPreparing to unpack .../4-libreadline8_8.1.2-1_amd64.deb ...\r\nUnpacking libreadline8:amd64 (8.1.2-1) ...\r\nSelecting previously unselected package libsqlite3-0:amd64.\r\nPreparing to unpack .../5-libsqlite3-0_3.37.2-2ubuntu0.1_amd64.deb ...\r\nUnpacking libsqlite3-0:amd64 (3.37.2-2ubuntu0.1) ...\r\nSelecting previously unselected package libpython3.10-stdlib:amd64.\r\nPreparing to unpack .../6-libpython3.10-stdlib_3.10.6-1~22.04.2_amd64.deb ...\r\nUnpacking libpython3.10-stdlib:amd64 (3.10.6-1~22.04.2) ...\r\nSelecting previously unselected package python3.10.\r\nPreparing to unpack .../7-python3.10_3.10.6-1~22.04.2_amd64.deb ...\r\nUnpacking python3.10 (3.10.6-1~22.04.2) ...\r\nSelecting previously unselected package libpython3-stdlib:amd64.\r\nPreparing to unpack .../8-libpython3-stdlib_3.10.6-1~22.04_amd64.deb ...\r\nUnpacking libpython3-stdlib:amd64 (3.10.6-1~22.04) ...\r\nSetting up python3-minimal (3.10.6-1~22.04) ...\r\nSelecting previously unselected package python3.\r\n(Reading database ... \r(Reading database ... 5%\r(Reading database ... 10%\r(Reading database ... 15%\r(Reading database ... 20%\r(Reading database ... 25%\r(Reading database ... 30%\r(Reading database ... 35%\r(Reading database ... 40%\r(Reading database ... 45%\r(Reading database ... 50%\r(Reading database ... 55%\r(Reading database ... 60%\r(Reading database ... 65%\r(Reading database ... 70%\r(Reading database ... 75%\r(Reading database ... 80%\r(Reading database ... 85%\r(Reading database ... 90%\r(Reading database ... 95%\r(Reading database ... 100%\r(Reading database ... 5126 files and directories currently installed.)\r\nPreparing to unpack .../00-python3_3.10.6-1~22.04_amd64.deb ...\r\nUnpacking python3 (3.10.6-1~22.04) ...\r\nSelecting previously unselected package openssl.\r\nPreparing to unpack .../01-openssl_3.0.2-0ubuntu1.7_amd64.deb ...\r\nUnpacking openssl (3.0.2-0ubuntu1.7) ...\r\nSelecting previously unselected package ca-certificates.\r\nPreparing to unpack .../02-ca-certificates_20211016ubuntu0.22.04.1_all.deb ...\r\nUnpacking ca-certificates (20211016ubuntu0.22.04.1) ...\r\nSelecting previously unselected package python3-pkg-resources.\r\nPreparing to unpack .../03-python3-pkg-resources_59.6.0-1.2_all.deb ...\r\nUnpacking python3-pkg-resources (59.6.0-1.2) ...\r\nSelecting previously unselected package libc-dev-bin.\r\nPreparing to unpack .../04-libc-dev-bin_2.35-0ubuntu3.1_amd64.deb ...\r\nUnpacking libc-dev-bin (2.35-0ubuntu3.1) ...\r\nSelecting previously unselected package linux-libc-dev:amd64.\r\nPreparing to unpack .../05-linux-libc-dev_5.15.0-56.62_amd64.deb ...\r\nUnpacking linux-libc-dev:amd64 (5.15.0-56.62) ...\r\nSelecting previously unselected package libcrypt-dev:amd64.\r\nPreparing to unpack .../06-libcrypt-dev_1%3a4.4.27-1_amd64.deb ...\r\nUnpacking libcrypt-dev:amd64 (1:4.4.27-1) ...\r\nSelecting previously unselected package rpcsvc-proto.\r\nPreparing to unpack .../07-rpcsvc-proto_1.4.2-0ubuntu6_amd64.deb ...\r\nUnpacking rpcsvc-proto (1.4.2-0ubuntu6) ...\r\nSelecting previously unselected package libtirpc-dev:amd64.\r\nPreparing to unpack .../08-libtirpc-dev_1.3.2-2ubuntu0.1_amd64.deb ...\r\nUnpacking libtirpc-dev:amd64 (1.3.2-2ubuntu0.1) ...\r\nSelecting previously unselected package libnsl-dev:amd64.\r\nPreparing to unpack .../09-libnsl-dev_1.3.0-2build2_amd64.deb ...\r\nUnpacking libnsl-dev:amd64 (1.3.0-2build2) ...\r\nSelecting previously unselected package libc6-dev:amd64.\r\nPreparing to unpack .../10-libc6-dev_2.35-0ubuntu3.1_amd64.deb ...\r\nUnpacking libc6-dev:amd64 (2.35-0ubuntu3.1) ...\r\nSelecting previously unselected package libexpat1-dev:amd64.\r\nPreparing to unpack .../11-libexpat1-dev_2.4.7-1ubuntu0.2_amd64.deb ...\r\nUnpacking libexpat1-dev:amd64 (2.4.7-1ubuntu0.2) ...\r\nSelecting previously unselected package libfuzzy2:amd64.\r\nPreparing to unpack .../12-libfuzzy2_2.14.1+git20180629.57fcfff-2_amd64.deb ...\r\nUnpacking libfuzzy2:amd64 (2.14.1+git20180629.57fcfff-2) ...\r\nSelecting previously unselected package libfuzzy-dev:amd64.\r\nPreparing to unpack .../13-libfuzzy-dev_2.14.1+git20180629.57fcfff-2_amd64.deb ...\r\nUnpacking libfuzzy-dev:amd64 (2.14.1+git20180629.57fcfff-2) ...\r\nSelecting previously unselected package libjs-jquery.\r\nPreparing to unpack .../14-libjs-jquery_3.6.0+dfsg+~3.5.13-1_all.deb ...\r\nUnpacking libjs-jquery (3.6.0+dfsg+~3.5.13-1) ...\r\nSelecting previously unselected package libjs-underscore.\r\nPreparing to unpack .../15-libjs-underscore_1.13.2~dfsg-2_all.deb ...\r\nUnpacking libjs-underscore (1.13.2~dfsg-2) ...\r\nSelecting previously unselected package libjs-sphinxdoc.\r\nPreparing to unpack .../16-libjs-sphinxdoc_4.3.2-1_all.deb ...\r\nUnpacking libjs-sphinxdoc (4.3.2-1) ...\r\nSelecting previously unselected package libpython3.10:amd64.\r\nPreparing to unpack .../17-libpython3.10_3.10.6-1~22.04.2_amd64.deb ...\r\nUnpacking libpython3.10:amd64 (3.10.6-1~22.04.2) ...\r\nSelecting previously unselected package zlib1g-dev:amd64.\r\nPreparing to unpack .../18-zlib1g-dev_1%3a1.2.11.dfsg-2ubuntu9.2_amd64.deb ...\r\nUnpacking zlib1g-dev:amd64 (1:1.2.11.dfsg-2ubuntu9.2) ...\r\nSelecting previously unselected package libpython3.10-dev:amd64.\r\nPreparing to unpack .../19-libpython3.10-dev_3.10.6-1~22.04.2_amd64.deb ...\r\nUnpacking libpython3.10-dev:amd64 (3.10.6-1~22.04.2) ...\r\nSelecting previously unselected package libpython3-dev:amd64.\r\nPreparing to unpack .../20-libpython3-dev_3.10.6-1~22.04_amd64.deb ...\r\nUnpacking libpython3-dev:amd64 (3.10.6-1~22.04) ...\r\nSelecting previously unselected package python3.10-dev.\r\nPreparing to unpack .../21-python3.10-dev_3.10.6-1~22.04.2_amd64.deb ...\r\nUnpacking python3.10-dev (3.10.6-1~22.04.2) ...\r\nSelecting previously unselected package python3-lib2to3.\r\nPreparing to unpack .../22-python3-lib2to3_3.10.6-1~22.04_all.deb ...\r\nUnpacking python3-lib2to3 (3.10.6-1~22.04) ...\r\nSelecting previously unselected package python3-distutils.\r\nPreparing to unpack .../23-python3-distutils_3.10.6-1~22.04_all.deb ...\r\nUnpacking python3-distutils (3.10.6-1~22.04) ...\r\nSelecting previously unselected package python3-dev.\r\nPreparing to unpack .../24-python3-dev_3.10.6-1~22.04_amd64.deb ...\r\nUnpacking python3-dev (3.10.6-1~22.04) ...\r\nSelecting previously unselected package python3-setuptools.\r\nPreparing to unpack .../25-python3-setuptools_59.6.0-1.2_all.deb ...\r\nUnpacking python3-setuptools (59.6.0-1.2) ...\r\nSelecting previously unselected package python3-wheel.\r\nPreparing to unpack .../26-python3-wheel_0.37.1-2_all.deb ...\r\nUnpacking python3-wheel (0.37.1-2) ...\r\nSelecting previously unselected package python3-pip.\r\nPreparing to unpack .../27-python3-pip_22.0.2+dfsg-1_all.deb ...\r\nUnpacking python3-pip (22.0.2+dfsg-1) ...\r\nSetting up media-types (7.0.0) ...\r\nSetting up libfuzzy2:amd64 (2.14.1+git20180629.57fcfff-2) ...\r\nSetting up libfuzzy-dev:amd64 (2.14.1+git20180629.57fcfff-2) ...\r\nSetting up libsqlite3-0:amd64 (3.37.2-2ubuntu0.1) ...\r\nSetting up linux-libc-dev:amd64 (5.15.0-56.62) ...\r\nSetting up libtirpc-dev:amd64 (1.3.2-2ubuntu0.1) ...\r\nSetting up rpcsvc-proto (1.4.2-0ubuntu6) ...\r\nSetting up libnsl-dev:amd64 (1.3.0-2build2) ...\r\nSetting up libcrypt-dev:amd64 (1:4.4.27-1) ...\r\nSetting up libmpdec3:amd64 (2.5.1-2build2) ...\r\nSetting up libjs-jquery (3.6.0+dfsg+~3.5.13-1) ...\r\nSetting up libc-dev-bin (2.35-0ubuntu3.1) ...\r\nSetting up openssl (3.0.2-0ubuntu1.7) ...\r\nSetting up readline-common (8.1.2-1) ...\r\nSetting up libjs-underscore (1.13.2~dfsg-2) ...\r\nSetting up libreadline8:amd64 (8.1.2-1) ...\r\nSetting up libpython3.10-stdlib:amd64 (3.10.6-1~22.04.2) ...\r\nSetting up ca-certificates (20211016ubuntu0.22.04.1) ...\r\ndebconf: unable to initialize frontend: Dialog\r\ndebconf: (TERM is not set, so the dialog frontend is not usable.)\r\ndebconf: falling back to frontend: Readline\r\ndebconf: unable to initialize frontend: Readline\r\ndebconf: (Can't locate Term/ReadLine.pm in @INC (you may need to install the Term::ReadLine module) (@INC contains: /etc/perl /usr/local/lib/x86_64-linux-gnu/perl/5.34.0 /usr/local/share/perl/5.34.0 /usr/lib/x86_64-linux-gnu/perl5/5.34 /usr/share/perl5 /usr/lib/x86_64-linux-gnu/perl-base /usr/lib/x86_64-linux-gnu/perl/5.34 /usr/share/perl/5.34 /usr/local/lib/site_perl) at /usr/share/perl5/Debconf/FrontEnd/Readline.pm line 7.)\r\ndebconf: falling back to frontend: Teletype\r\nUpdating certificates in /etc/ssl/certs...\r\n124 added, 0 removed; done.\r\nSetting up libjs-sphinxdoc (4.3.2-1) ...\r\nSetting up libc6-dev:amd64 (2.35-0ubuntu3.1) ...\r\nSetting up libpython3-stdlib:amd64 (3.10.6-1~22.04) ...\r\nSetting up libpython3.10:amd64 (3.10.6-1~22.04.2) ...\r\nSetting up python3.10 (3.10.6-1~22.04.2) ...\r\nSetting up python3 (3.10.6-1~22.04) ...\r\nrunning python rtupdate hooks for python3.10...\r\nrunning python post-rtupdate hooks for python3.10...\r\nSetting up libexpat1-dev:amd64 (2.4.7-1ubuntu0.2) ...\r\nSetting up zlib1g-dev:amd64 (1:1.2.11.dfsg-2ubuntu9.2) ...\r\nSetting up python3-lib2to3 (3.10.6-1~22.04) ...\r\nSetting up python3-pkg-resources (59.6.0-1.2) ...\r\nSetting up python3-distutils (3.10.6-1~22.04) ...\r\nSetting up python3-setuptools (59.6.0-1.2) ...\r\nSetting up python3-wheel (0.37.1-2) ...\r\nSetting up libpython3.10-dev:amd64 (3.10.6-1~22.04.2) ...\r\nSetting up python3-pip (22.0.2+dfsg-1) ...\r\nSetting up python3.10-dev (3.10.6-1~22.04.2) ...\r\nSetting up libpython3-dev:amd64 (3.10.6-1~22.04) ...\r\nSetting up python3-dev (3.10.6-1~22.04) ...\r\nProcessing triggers for libc-bin (2.35-0ubuntu3.1) ...\r\nProcessing triggers for ca-certificates (20211016ubuntu0.22.04.1) ...\r\nUpdating certificates in /etc/ssl/certs...\r\n0 added, 0 removed; done.\r\nRunning hooks in /etc/ca-certificates/update.d...\r\ndone.\r\nRequirement already satisfied: pip in /usr/lib/python3/dist-packages (22.0.2)\nCollecting pip\n  Downloading pip-22.3.1-py3-none-any.whl (2.1 MB)\n      2.1/2.1 MB 30.5 MB/s eta 0:00:00\nInstalling collected packages: pip\n  Attempting uninstall: pip\n    Found existing installation: pip 22.0.2\n    Not uninstalling pip at /usr/lib/python3/dist-packages, outside environment /usr\n    Can't uninstall 'pip'. No files were found to uninstall.\nSuccessfully installed pip-22.3.1\n\u001b[91mWARNING: Running pip as the 'root' user can result in broken permissions and conflicting behaviour with the system package manager. It is recommended to use a virtual environment instead: https://pip.pypa.io/warnings/venv\n\u001b[0mRemoving intermediate container 7172ba1d5426\n ---> 9210be2321bc\nStep 4/19 : ENV LC_ALL=C.UTF-8\n ---> Running in 620a147d09c4\nRemoving intermediate container 620a147d09c4\n ---> 2de9d9ee9ac2\nStep 5/19 : ENV LANG=C.UTF-8\n ---> Running in 0db8b2b24ffd\nRemoving intermediate container 0db8b2b24ffd\n ---> b18f9d47a2b2\nStep 6/19 : ADD kathe-cli.py /\n ---> 60c34c5d831b\nStep 7/19 : ADD ./web/app.py /web/\n ---> 241413c0dd57\nStep 8/19 : ADD ./web/kathe.py /web/\n ---> f199075531fa\nStep 9/19 : ADD ./web/defaults.py /web/\n ---> 7b549a13b6dd\nStep 10/19 : ADD ./web/flushcache.py /web/\n ---> bb221f994be3\nStep 11/19 : ADD ./web/static /web/static\n ---> c9409ed38e0c\nStep 12/19 : ADD ./web/templates /web/templates\n ---> 249b6d48af6d\nStep 13/19 : ADD Pipfile /\n ---> 2ab6c8cd7423\nStep 14/19 : ADD Pipfile.lock /\n ---> 75216125725d\nStep 15/19 : RUN /usr/bin/python3 -m pip install --upgrade pip\n ---> Running in 9ec92f31da3c\nRequirement already satisfied: pip in /usr/local/lib/python3.10/dist-packages (22.3.1)\n\u001b[91mWARNING: Running pip as the 'root' user can result in broken permissions and conflicting behaviour with the system package manager. It is recommended to use a virtual environment instead: https://pip.pypa.io/warnings/venv\n\u001b[0mRemoving intermediate container 9ec92f31da3c\n ---> 21cd873995eb\nStep 16/19 : RUN pip install --no-cache-dir ssdeep\n ---> Running in ad60f71b1f81\nCollecting ssdeep\n  Downloading ssdeep-3.4.tar.gz (110 kB)\n      110.8/110.8 kB 5.0 MB/s eta 0:00:00\n  Preparing metadata (setup.py): started\n  Preparing metadata (setup.py): finished with status 'error'\n\u001b[91m  error: subprocess-exited-with-error\n  \n   python setup.py egg_info did not run successfully.\n   exit code: 1\n  > [110 lines of output]\n      /usr/lib/python3/dist-packages/setuptools/installer.py:27: SetuptoolsDeprecationWarning: setuptools.installer is deprecated. Requirements should be satisfied by a PEP 517 installer.\n        warnings.warn(\n      running egg_info\n      creating /tmp/pip-pip-egg-info-fq61jou_/ssdeep.egg-info\n      writing /tmp/pip-pip-egg-info-fq61jou_/ssdeep.egg-info/PKG-INFO\n      writing dependency_links to /tmp/pip-pip-egg-info-fq61jou_/ssdeep.egg-info/dependency_links.txt\n      writing requirements to /tmp/pip-pip-egg-info-fq61jou_/ssdeep.egg-info/requires.txt\n      writing top-level names to /tmp/pip-pip-egg-info-fq61jou_/ssdeep.egg-info/top_level.txt\n      writing manifest file '/tmp/pip-pip-egg-info-fq61jou_/ssdeep.egg-info/SOURCES.txt'\n      Traceback (most recent call last):\n        File \"/usr/lib/python3.10/distutils/spawn.py\", line 79, in spawn\n          proc = subprocess.Popen(cmd, env=env)\n        File \"/usr/lib/python3.10/subprocess.py\", line 969, in __init__\n          self._execute_child(args, executable, preexec_fn, close_fds,\n        File \"/usr/lib/python3.10/subprocess.py\", line 1845, in _execute_child\n          raise child_exception_type(errno_num, err_msg, err_filename)\n      FileNotFoundError: [Errno 2] No such file or directory: 'x86_64-linux-gnu-gcc'\n      \n      The above exception was the direct cause of the following exception:\n      \n      Traceback (most recent call last):\n        File \"/usr/lib/python3.10/distutils/unixccompiler.py\", line 117, in _compile\n          self.spawn(compiler_so + cc_args + [src, '-o', obj] +\n        File \"/usr/lib/python3.10/distutils/ccompiler.py\", line 910, in spawn\n          spawn(cmd, dry_run=self.dry_run)\n        File \"/usr/lib/python3.10/distutils/spawn.py\", line 85, in spawn\n          raise DistutilsExecError(\n      distutils.errors.DistutilsExecError: command 'x86_64-linux-gnu-gcc' failed: No such file or directory\n      \n      During handling of the above exception, another exception occurred:\n      \n      Traceback (most recent call last):\n        File \"/tmp/pip-install-zhbleb2l/ssdeep_31a627d42f8945c0930c3d8c9f3820a0/.eggs/cffi-1.15.1-py3.10-linux-x86_64.egg/cffi/ffiplatform.py\", line 51, in _build\n          dist.run_command('build_ext')\n        File \"/usr/lib/python3.10/distutils/dist.py\", line 985, in run_command\n          cmd_obj.run()\n        File \"/usr/lib/python3/dist-packages/setuptools/command/build_ext.py\", line 79, in run\n          _build_ext.run(self)\n        File \"/usr/lib/python3.10/distutils/command/build_ext.py\", line 340, in run\n          self.build_extensions()\n        File \"/usr/lib/python3.10/distutils/command/build_ext.py\", line 449, in build_extensions\n          self._build_extensions_serial()\n        File \"/usr/lib/python3.10/distutils/command/build_ext.py\", line 474, in _build_extensions_serial\n          self.build_extension(ext)\n        File \"/usr/lib/python3/dist-packages/setuptools/command/build_ext.py\", line 202, in build_extension\n          _build_ext.build_extension(self, ext)\n        File \"/usr/lib/python3.10/distutils/command/build_ext.py\", line 529, in build_extension\n          objects = self.compiler.compile(sources,\n        File \"/usr/lib/python3.10/distutils/ccompiler.py\", line 574, in compile\n          self._compile(obj, src, ext, cc_args, extra_postargs, pp_opts)\n        File \"/usr/lib/python3.10/distutils/unixccompiler.py\", line 120, in _compile\n          raise CompileError(msg)\n      distutils.errors.CompileError: command 'x86_64-linux-gnu-gcc' failed: No such file or directory\n      \n      During handling of the above exception, another exception occurred:\n      \n      Traceback (most recent call last):\n        File \"<string>\", line 2, in <module>\n        File \"<pip-setuptools-caller>\", line 34, in <module>\n        File \"/tmp/pip-install-zhbleb2l/ssdeep_31a627d42f8945c0930c3d8c9f3820a0/setup.py\", line 108, in <module>\n          setup(\n        File \"/usr/lib/python3/dist-packages/setuptools/__init__.py\", line 153, in setup\n          return distutils.core.setup(**attrs)\n        File \"/usr/lib/python3.10/distutils/core.py\", line 148, in setup\n          dist.run_commands()\n        File \"/usr/lib/python3.10/distutils/dist.py\", line 966, in run_commands\n          self.run_command(cmd)\n        File \"/usr/lib/python3.10/distutils/dist.py\", line 985, in run_command\n          cmd_obj.run()\n        File \"/usr/lib/python3/dist-packages/setuptools/command/egg_info.py\", line 299, in run\n          self.find_sources()\n        File \"/usr/lib/python3/dist-packages/setuptools/command/egg_info.py\", line 306, in find_sources\n          mm.run()\n        File \"/usr/lib/python3/dist-packages/setuptools/command/egg_info.py\", line 541, in run\n          self.add_defaults()\n        File \"/usr/lib/python3/dist-packages/setuptools/command/egg_info.py\", line 578, in add_defaults\n          sdist.add_defaults(self)\n        File \"/usr/lib/python3.10/distutils/command/sdist.py\", line 226, in add_defaults\n          self._add_defaults_python()\n        File \"/usr/lib/python3/dist-packages/setuptools/command/sdist.py\", line 111, in _add_defaults_python\n          build_py = self.get_finalized_command('build_py')\n        File \"/usr/lib/python3.10/distutils/cmd.py\", line 299, in get_finalized_command\n          cmd_obj.ensure_finalized()\n        File \"/usr/lib/python3.10/distutils/cmd.py\", line 107, in ensure_finalized\n          self.finalize_options()\n        File \"/usr/lib/python3/dist-packages/setuptools/command/build_py.py\", line 29, in finalize_options\n          orig.build_py.finalize_options(self)\n        File \"/usr/lib/python3.10/distutils/command/build_py.py\", line 43, in finalize_options\n          self.set_undefined_options('build',\n        File \"/usr/lib/python3.10/distutils/cmd.py\", line 287, in set_undefined_options\n          src_cmd_obj.ensure_finalized()\n        File \"/usr/lib/python3.10/distutils/cmd.py\", line 107, in ensure_finalized\n          self.finalize_options()\n        File \"/tmp/pip-install-zhbleb2l/ssdeep_31a627d42f8945c0930c3d8c9f3820a0/setup.py\", line 24, in finalize_options\n          self.distribution.ext_modules = get_ext_modules()\n        File \"/tmp/pip-install-zhbleb2l/ssdeep_31a627d42f8945c0930c3d8c9f3820a0/setup.py\", line 79, in get_ext_modules\n          binding.verify()\n        File \"/tmp/pip-install-zhbleb2l/ssdeep_31a627d42f8945c0930c3d8c9f3820a0/src/ssdeep/binding.py\", line 126, in verify\n          self._lib = self.ffi.verify(\n        File \"/tmp/pip-install-zhbleb2l/ssdeep_31a627d42f8945c0930c3d8c9f3820a0/.eggs/cffi-1.15.1-py3.10-linux-x86_64.egg/cffi/api.py\", line 468, in verify\n          lib = self.verifier.load_library()\n        File \"/tmp/pip-install-zhbleb2l/ssdeep_31a627d42f8945c0930c3d8c9f3820a0/.eggs/cffi-1.15.1-py3.10-linux-x86_64.egg/cffi/verifier.py\", line 105, in load_library\n          self._compile_module()\n        File \"/tmp/pip-install-zhbleb2l/ssdeep_31a627d42f8945c0930c3d8c9f3820a0/.eggs/cffi-1.15.1-py3.10-linux-x86_64.egg/cffi/verifier.py\", line 202, in _compile_module\n          outputfilename = ffiplatform.compile(tmpdir, self.get_extension())\n        File \"/tmp/pip-install-zhbleb2l/ssdeep_31a627d42f8945c0930c3d8c9f3820a0/.eggs/cffi-1.15.1-py3.10-linux-x86_64.egg/cffi/ffiplatform.py\", line 22, in compile\n          outputfilename = _build(tmpdir, ext, compiler_verbose, debug)\n        File \"/tmp/pip-install-zhbleb2l/ssdeep_31a627d42f8945c0930c3d8c9f3820a0/.eggs/cffi-1.15.1-py3.10-linux-x86_64.egg/cffi/ffiplatform.py\", line 58, in _build\n          raise VerificationError('%s: %s' % (e.__class__.__name__, e))\n      cffi.VerificationError: CompileError: command 'x86_64-linux-gnu-gcc' failed: No such file or directory\n      [end of output]\n  \n  note: This error originates from a subprocess, and is likely not a problem with pip.\n\u001b[0m\u001b[91merror: metadata-generation-failed\n\n Encountered error while generating package metadata.\n> See above for output.\n\nnote: This is an issue with the package mentioned above, not pip.\nhint: See above for details.\n\u001b[0mRemoving intermediate container ad60f71b1f81\n","stderr":"The command '/bin/sh -c pip install --no-cache-dir ssdeep' returned a non-zero code: 1\n"},"endTime":1672488722786}