{"repository":"https://github.com/clarin-pl/poldeepner","dockerfilePath":"Dockerfile","startTime":1672348149546,"clone":{"stdout":"","stderr":"Cloning into '/tmp/dinghy-analysis/clarin-pl/poldeepner'...\n","error":null,"commit":"1cb82101c4dffc38c1dc1fef290f640cf46109fe"},"originalBuild":{"startTimestamp":1672348153356,"endTimestamp":1672349040232,"error":null,"stdout":"Sending build context to Docker daemon  52.81MB\r\r\nStep 1/27 : FROM nvidia/cuda:10.0-cudnn7-runtime-ubuntu18.04 as poldeepner-base\n10.0-cudnn7-runtime-ubuntu18.04: Pulling from nvidia/cuda\n40dd5be53814: Pulling fs layer\ndebbdc7f8469: Pulling fs layer\n1d336bed0170: Pulling fs layer\nd6f120872b6c: Pulling fs layer\n497a5ecfea53: Pulling fs layer\na5265e10cd2a: Pulling fs layer\n4a3abedd47d8: Pulling fs layer\n086c8b12b5d8: Pulling fs layer\nf41ece72e615: Pulling fs layer\n4606cb364700: Pulling fs layer\nc779eea91bad: Pulling fs layer\nd6f120872b6c: Waiting\na3d96b49c920: Pulling fs layer\n497a5ecfea53: Waiting\na5265e10cd2a: Waiting\nc779eea91bad: Waiting\n4606cb364700: Waiting\n4a3abedd47d8: Waiting\na3d96b49c920: Waiting\n086c8b12b5d8: Waiting\n1d336bed0170: Waiting\ndebbdc7f8469: Verifying Checksum\ndebbdc7f8469: Download complete\n1d336bed0170: Verifying Checksum\n1d336bed0170: Download complete\n40dd5be53814: Verifying Checksum\n40dd5be53814: Download complete\nd6f120872b6c: Verifying Checksum\nd6f120872b6c: Download complete\n497a5ecfea53: Verifying Checksum\n497a5ecfea53: Download complete\n40dd5be53814: Pull complete\n4a3abedd47d8: Verifying Checksum\n4a3abedd47d8: Download complete\na5265e10cd2a: Verifying Checksum\na5265e10cd2a: Download complete\ndebbdc7f8469: Pull complete\nf41ece72e615: Verifying Checksum\nf41ece72e615: Download complete\n1d336bed0170: Pull complete\nd6f120872b6c: Pull complete\n4606cb364700: Verifying Checksum\n4606cb364700: Download complete\n497a5ecfea53: Pull complete\na3d96b49c920: Verifying Checksum\na3d96b49c920: Download complete\na5265e10cd2a: Pull complete\n4a3abedd47d8: Pull complete\nc779eea91bad: Verifying Checksum\nc779eea91bad: Download complete\n086c8b12b5d8: Verifying Checksum\n086c8b12b5d8: Download complete\n086c8b12b5d8: Pull complete\nf41ece72e615: Pull complete\n4606cb364700: Pull complete\nc779eea91bad: Pull complete\na3d96b49c920: Pull complete\nDigest: sha256:67bd49085033c7fcb0481205194311b8e52e812e0f260090ade9529d3ff61378\nStatus: Downloaded newer image for nvidia/cuda:10.0-cudnn7-runtime-ubuntu18.04\n ---> be731942cc09\nStep 2/27 : LABEL maintainer=\"Michał Marcińczuk <marcinczuk@gmail.com>\"\n ---> Running in db5c235cefc0\nRemoving intermediate container db5c235cefc0\n ---> 171ae186368b\nStep 3/27 : RUN apt-get clean && apt-get update\n ---> Running in 9e292d5d649e\nGet:1 https://developer.download.nvidia.com/compute/cuda/repos/ubuntu1804/x86_64  InRelease [1581 B]\nGet:2 https://developer.download.nvidia.com/compute/cuda/repos/ubuntu1804/x86_64  Packages [1082 kB]\nGet:3 http://security.ubuntu.com/ubuntu bionic-security InRelease [88.7 kB]\nGet:4 http://archive.ubuntu.com/ubuntu bionic InRelease [242 kB]\nGet:5 http://security.ubuntu.com/ubuntu bionic-security/restricted amd64 Packages [1311 kB]\nGet:6 http://archive.ubuntu.com/ubuntu bionic-updates InRelease [88.7 kB]\nGet:7 http://archive.ubuntu.com/ubuntu bionic-backports InRelease [83.3 kB]\nGet:8 http://security.ubuntu.com/ubuntu bionic-security/main amd64 Packages [3099 kB]\nGet:9 http://security.ubuntu.com/ubuntu bionic-security/multiverse amd64 Packages [22.9 kB]\nGet:10 http://security.ubuntu.com/ubuntu bionic-security/universe amd64 Packages [1568 kB]\nGet:11 http://archive.ubuntu.com/ubuntu bionic/restricted amd64 Packages [13.5 kB]\nGet:12 http://archive.ubuntu.com/ubuntu bionic/multiverse amd64 Packages [186 kB]\nGet:13 http://archive.ubuntu.com/ubuntu bionic/universe amd64 Packages [11.3 MB]\nGet:14 http://archive.ubuntu.com/ubuntu bionic/main amd64 Packages [1344 kB]\nGet:15 http://archive.ubuntu.com/ubuntu bionic-updates/restricted amd64 Packages [1352 kB]\nGet:16 http://archive.ubuntu.com/ubuntu bionic-updates/multiverse amd64 Packages [30.0 kB]\nGet:17 http://archive.ubuntu.com/ubuntu bionic-updates/universe amd64 Packages [2342 kB]\nGet:18 http://archive.ubuntu.com/ubuntu bionic-updates/main amd64 Packages [3524 kB]\nGet:19 http://archive.ubuntu.com/ubuntu bionic-backports/main amd64 Packages [64.0 kB]\nGet:20 http://archive.ubuntu.com/ubuntu bionic-backports/universe amd64 Packages [20.5 kB]\nFetched 27.8 MB in 2s (11.7 MB/s)\nReading package lists...\nRemoving intermediate container 9e292d5d649e\n ---> 1841813f4517\nStep 4/27 : RUN apt-get install locales\n ---> Running in a3c4072de70a\nReading package lists...\nBuilding dependency tree...\nReading state information...\nThe following NEW packages will be installed:\n  locales\n0 upgraded, 1 newly installed, 0 to remove and 43 not upgraded.\nNeed to get 3613 kB of archives.\nAfter this operation, 14.5 MB of additional disk space will be used.\nGet:1 http://archive.ubuntu.com/ubuntu bionic-updates/main amd64 locales all 2.27-3ubuntu1.6 [3613 kB]\n\u001b[91mdebconf: delaying package configuration, since apt-utils is not installed\n\u001b[0mFetched 3613 kB in 0s (12.4 MB/s)\nSelecting previously unselected package locales.\r\n(Reading database ... \r(Reading database ... 5%\r(Reading database ... 10%\r(Reading database ... 15%\r(Reading database ... 20%\r(Reading database ... 25%\r(Reading database ... 30%\r(Reading database ... 35%\r(Reading database ... 40%\r(Reading database ... 45%\r(Reading database ... 50%\r(Reading database ... 55%\r(Reading database ... 60%\r(Reading database ... 65%\r(Reading database ... 70%\r(Reading database ... 75%\r(Reading database ... 80%\r(Reading database ... 85%\r(Reading database ... 90%\r(Reading database ... 95%\r(Reading database ... 100%\r(Reading database ... 4835 files and directories currently installed.)\r\nPreparing to unpack .../locales_2.27-3ubuntu1.6_all.deb ...\r\nUnpacking locales (2.27-3ubuntu1.6) ...\r\nSetting up locales (2.27-3ubuntu1.6) ...\r\ndebconf: unable to initialize frontend: Dialog\r\ndebconf: (TERM is not set, so the dialog frontend is not usable.)\r\ndebconf: falling back to frontend: Readline\r\ndebconf: unable to initialize frontend: Readline\r\ndebconf: (Can't locate Term/ReadLine.pm in @INC (you may need to install the Term::ReadLine module) (@INC contains: /etc/perl /usr/local/lib/x86_64-linux-gnu/perl/5.26.1 /usr/local/share/perl/5.26.1 /usr/lib/x86_64-linux-gnu/perl5/5.26 /usr/share/perl5 /usr/lib/x86_64-linux-gnu/perl/5.26 /usr/share/perl/5.26 /usr/local/lib/site_perl /usr/lib/x86_64-linux-gnu/perl-base) at /usr/share/perl5/Debconf/FrontEnd/Readline.pm line 7.)\r\ndebconf: falling back to frontend: Teletype\r\nGenerating locales (this might take a while)...\r\nGeneration complete.\r\nRemoving intermediate container a3c4072de70a\n ---> 105c2d375039\nStep 5/27 : RUN locale-gen en_US.UTF-8\n ---> Running in 6442d93b7513\nGenerating locales (this might take a while)...\n  en_US.UTF-8... done\nGeneration complete.\nRemoving intermediate container 6442d93b7513\n ---> 5cfdf02a489b\nStep 6/27 : ENV LANG en_US.UTF-8\n ---> Running in 9bcd6ac48174\nRemoving intermediate container 9bcd6ac48174\n ---> 09fc8082d6d6\nStep 7/27 : ENV LANGUAGE en_US:en\n ---> Running in e2e0c37e5e4f\nRemoving intermediate container e2e0c37e5e4f\n ---> 935edae873a2\nStep 8/27 : ENV LC_ALL en_US.UTF-8\n ---> Running in 6d73979e70b8\nRemoving intermediate container 6d73979e70b8\n ---> b01185303864\nStep 9/27 : RUN apt-get install -y git\n ---> Running in aeffb1395140\nReading package lists...\nBuilding dependency tree...\nReading state information...\nThe following additional packages will be installed:\n  git-man krb5-locales less libbsd0 libcurl3-gnutls libedit2 liberror-perl\n  libexpat1 libgdbm-compat4 libgdbm5 libgssapi-krb5-2 libk5crypto3\n  libkeyutils1 libkrb5-3 libkrb5support0 libnghttp2-14 libperl5.26 libpsl5\n  librtmp1 libssl1.0.0 libx11-6 libx11-data libxau6 libxcb1 libxdmcp6 libxext6\n  libxmuu1 multiarch-support netbase openssh-client patch perl perl-base\n  perl-modules-5.26 publicsuffix xauth\nSuggested packages:\n  gettext-base git-daemon-run | git-daemon-sysvinit git-doc git-el git-email\n  git-gui gitk gitweb git-cvs git-mediawiki git-svn gdbm-l10n krb5-doc\n  krb5-user keychain libpam-ssh monkeysphere ssh-askpass ed diffutils-doc\n  perl-doc libterm-readline-gnu-perl | libterm-readline-perl-perl make\nThe following NEW packages will be installed:\n  git git-man krb5-locales less libbsd0 libcurl3-gnutls libedit2 liberror-perl\n  libexpat1 libgdbm-compat4 libgdbm5 libgssapi-krb5-2 libk5crypto3\n  libkeyutils1 libkrb5-3 libkrb5support0 libnghttp2-14 libperl5.26 libpsl5\n  librtmp1 libssl1.0.0 libx11-6 libx11-data libxau6 libxcb1 libxdmcp6 libxext6\n  libxmuu1 multiarch-support netbase openssh-client patch perl\n  perl-modules-5.26 publicsuffix xauth\nThe following packages will be upgraded:\n  perl-base\n1 upgraded, 36 newly installed, 0 to remove and 42 not upgraded.\nNeed to get 16.7 MB of archives.\nAfter this operation, 91.9 MB of additional disk space will be used.\nGet:1 http://archive.ubuntu.com/ubuntu bionic-updates/main amd64 perl-base amd64 5.26.1-6ubuntu0.6 [1,393 kB]\nGet:2 http://archive.ubuntu.com/ubuntu bionic-updates/main amd64 multiarch-support amd64 2.27-3ubuntu1.6 [6,960 B]\nGet:3 http://archive.ubuntu.com/ubuntu bionic-updates/main amd64 libxau6 amd64 1:1.0.8-1ubuntu1 [7,556 B]\nGet:4 http://archive.ubuntu.com/ubuntu bionic-updates/main amd64 libbsd0 amd64 0.8.7-1ubuntu0.1 [41.6 kB]\nGet:5 http://archive.ubuntu.com/ubuntu bionic/main amd64 libxdmcp6 amd64 1:1.1.2-3 [10.7 kB]\nGet:6 http://archive.ubuntu.com/ubuntu bionic-updates/main amd64 libxcb1 amd64 1.13-2~ubuntu18.04 [45.5 kB]\nGet:7 http://archive.ubuntu.com/ubuntu bionic-updates/main amd64 libx11-data all 2:1.6.4-3ubuntu0.4 [114 kB]\nGet:8 http://archive.ubuntu.com/ubuntu bionic-updates/main amd64 libx11-6 amd64 2:1.6.4-3ubuntu0.4 [572 kB]\nGet:9 http://archive.ubuntu.com/ubuntu bionic/main amd64 libxext6 amd64 2:1.3.3-1 [29.4 kB]\nGet:10 http://archive.ubuntu.com/ubuntu bionic-updates/main amd64 perl-modules-5.26 all 5.26.1-6ubuntu0.6 [2,764 kB]\nGet:11 http://archive.ubuntu.com/ubuntu bionic/main amd64 libgdbm5 amd64 1.14.1-6 [26.0 kB]\nGet:12 http://archive.ubuntu.com/ubuntu bionic/main amd64 libgdbm-compat4 amd64 1.14.1-6 [6,084 B]\nGet:13 http://archive.ubuntu.com/ubuntu bionic-updates/main amd64 libperl5.26 amd64 5.26.1-6ubuntu0.6 [3,556 kB]\nGet:14 http://archive.ubuntu.com/ubuntu bionic-updates/main amd64 perl amd64 5.26.1-6ubuntu0.6 [201 kB]\nGet:15 http://archive.ubuntu.com/ubuntu bionic/main amd64 less amd64 487-0.1 [112 kB]\nGet:16 http://archive.ubuntu.com/ubuntu bionic-updates/main amd64 libexpat1 amd64 2.2.5-3ubuntu0.9 [82.8 kB]\nGet:17 http://archive.ubuntu.com/ubuntu bionic/main amd64 netbase all 5.4 [12.7 kB]\nGet:18 http://archive.ubuntu.com/ubuntu bionic-updates/main amd64 krb5-locales all 1.16-2ubuntu0.2 [13.4 kB]\nGet:19 http://archive.ubuntu.com/ubuntu bionic/main amd64 libedit2 amd64 3.1-20170329-1 [76.9 kB]\nGet:20 http://archive.ubuntu.com/ubuntu bionic-updates/main amd64 libkrb5support0 amd64 1.16-2ubuntu0.2 [30.8 kB]\nGet:21 http://archive.ubuntu.com/ubuntu bionic-updates/main amd64 libk5crypto3 amd64 1.16-2ubuntu0.2 [85.5 kB]\nGet:22 http://archive.ubuntu.com/ubuntu bionic-updates/main amd64 libkeyutils1 amd64 1.5.9-9.2ubuntu2.1 [8,764 B]\nGet:23 http://archive.ubuntu.com/ubuntu bionic-updates/main amd64 libkrb5-3 amd64 1.16-2ubuntu0.2 [279 kB]\nGet:24 http://archive.ubuntu.com/ubuntu bionic-updates/main amd64 libgssapi-krb5-2 amd64 1.16-2ubuntu0.2 [122 kB]\nGet:25 http://archive.ubuntu.com/ubuntu bionic/main amd64 libpsl5 amd64 0.19.1-5build1 [41.8 kB]\nGet:26 http://archive.ubuntu.com/ubuntu bionic-updates/main amd64 libssl1.0.0 amd64 1.0.2n-1ubuntu5.10 [1,089 kB]\nGet:27 http://archive.ubuntu.com/ubuntu bionic/main amd64 libxmuu1 amd64 2:1.1.2-2 [9,674 B]\nGet:28 http://archive.ubuntu.com/ubuntu bionic-updates/main amd64 openssh-client amd64 1:7.6p1-4ubuntu0.7 [610 kB]\nGet:29 http://archive.ubuntu.com/ubuntu bionic/main amd64 publicsuffix all 20180223.1310-1 [97.6 kB]\nGet:30 http://archive.ubuntu.com/ubuntu bionic/main amd64 xauth amd64 1:1.0.10-1 [24.6 kB]\nGet:31 http://archive.ubuntu.com/ubuntu bionic/main amd64 libnghttp2-14 amd64 1.30.0-1ubuntu1 [77.8 kB]\nGet:32 http://archive.ubuntu.com/ubuntu bionic/main amd64 librtmp1 amd64 2.4+20151223.gitfa8646d.1-1 [54.2 kB]\nGet:33 http://archive.ubuntu.com/ubuntu bionic-updates/main amd64 libcurl3-gnutls amd64 7.58.0-2ubuntu3.21 [219 kB]\nGet:34 http://archive.ubuntu.com/ubuntu bionic/main amd64 liberror-perl all 0.17025-1 [22.8 kB]\nGet:35 http://archive.ubuntu.com/ubuntu bionic-updates/main amd64 git-man all 1:2.17.1-1ubuntu0.13 [805 kB]\nGet:36 http://archive.ubuntu.com/ubuntu bionic-updates/main amd64 git amd64 1:2.17.1-1ubuntu0.13 [3,923 kB]\nGet:37 http://archive.ubuntu.com/ubuntu bionic-updates/main amd64 patch amd64 2.7.6-2ubuntu1.1 [102 kB]\n\u001b[91mdebconf: delaying package configuration, since apt-utils is not installed\n\u001b[0mFetched 16.7 MB in 4s (4,515 kB/s)\n(Reading database ... \r(Reading database ... 5%\r(Reading database ... 10%\r(Reading database ... 15%\r(Reading database ... 20%\r(Reading database ... 25%\r(Reading database ... 30%\r(Reading database ... 35%\r(Reading database ... 40%\r(Reading database ... 45%\r(Reading database ... 50%\r(Reading database ... 55%\r(Reading database ... 60%\r(Reading database ... 65%\r(Reading database ... 70%\r(Reading database ... 75%\r(Reading database ... 80%\r(Reading database ... 85%\r(Reading database ... 90%\r(Reading database ... 95%\r(Reading database ... 100%\r(Reading database ... 5453 files and directories currently installed.)\r\nPreparing to unpack .../perl-base_5.26.1-6ubuntu0.6_amd64.deb ...\r\nUnpacking perl-base (5.26.1-6ubuntu0.6) over (5.26.1-6ubuntu0.5) ...\r\nSetting up perl-base (5.26.1-6ubuntu0.6) ...\r\nSelecting previously unselected package multiarch-support.\r\n(Reading database ... \r(Reading database ... 5%\r(Reading database ... 10%\r(Reading database ... 15%\r(Reading database ... 20%\r(Reading database ... 25%\r(Reading database ... 30%\r(Reading database ... 35%\r(Reading database ... 40%\r(Reading database ... 45%\r(Reading database ... 50%\r(Reading database ... 55%\r(Reading database ... 60%\r(Reading database ... 65%\r(Reading database ... 70%\r(Reading database ... 75%\r(Reading database ... 80%\r(Reading database ... 85%\r(Reading database ... 90%\r(Reading database ... 95%\r(Reading database ... 100%\r(Reading database ... 5453 files and directories currently installed.)\r\nPreparing to unpack .../0-multiarch-support_2.27-3ubuntu1.6_amd64.deb ...\r\nUnpacking multiarch-support (2.27-3ubuntu1.6) ...\r\nSelecting previously unselected package libxau6:amd64.\r\nPreparing to unpack .../1-libxau6_1%3a1.0.8-1ubuntu1_amd64.deb ...\r\nUnpacking libxau6:amd64 (1:1.0.8-1ubuntu1) ...\r\nSelecting previously unselected package libbsd0:amd64.\r\nPreparing to unpack .../2-libbsd0_0.8.7-1ubuntu0.1_amd64.deb ...\r\nUnpacking libbsd0:amd64 (0.8.7-1ubuntu0.1) ...\r\nSelecting previously unselected package libxdmcp6:amd64.\r\nPreparing to unpack .../3-libxdmcp6_1%3a1.1.2-3_amd64.deb ...\r\nUnpacking libxdmcp6:amd64 (1:1.1.2-3) ...\r\nSelecting previously unselected package libxcb1:amd64.\r\nPreparing to unpack .../4-libxcb1_1.13-2~ubuntu18.04_amd64.deb ...\r\nUnpacking libxcb1:amd64 (1.13-2~ubuntu18.04) ...\r\nSelecting previously unselected package libx11-data.\r\nPreparing to unpack .../5-libx11-data_2%3a1.6.4-3ubuntu0.4_all.deb ...\r\nUnpacking libx11-data (2:1.6.4-3ubuntu0.4) ...\r\nSelecting previously unselected package libx11-6:amd64.\r\nPreparing to unpack .../6-libx11-6_2%3a1.6.4-3ubuntu0.4_amd64.deb ...\r\nUnpacking libx11-6:amd64 (2:1.6.4-3ubuntu0.4) ...\r\nSetting up multiarch-support (2.27-3ubuntu1.6) ...\r\nSelecting previously unselected package libxext6:amd64.\r\n(Reading database ... \r(Reading database ... 5%\r(Reading database ... 10%\r(Reading database ... 15%\r(Reading database ... 20%\r(Reading database ... 25%\r(Reading database ... 30%\r(Reading database ... 35%\r(Reading database ... 40%\r(Reading database ... 45%\r(Reading database ... 50%\r(Reading database ... 55%\r(Reading database ... 60%\r(Reading database ... 65%\r(Reading database ... 70%\r(Reading database ... 75%\r(Reading database ... 80%\r(Reading database ... 85%\r(Reading database ... 90%\r(Reading database ... 95%\r(Reading database ... 100%\r(Reading database ... 5743 files and directories currently installed.)\r\nPreparing to unpack .../00-libxext6_2%3a1.3.3-1_amd64.deb ...\r\nUnpacking libxext6:amd64 (2:1.3.3-1) ...\r\nSelecting previously unselected package perl-modules-5.26.\r\nPreparing to unpack .../01-perl-modules-5.26_5.26.1-6ubuntu0.6_all.deb ...\r\nUnpacking perl-modules-5.26 (5.26.1-6ubuntu0.6) ...\r\nSelecting previously unselected package libgdbm5:amd64.\r\nPreparing to unpack .../02-libgdbm5_1.14.1-6_amd64.deb ...\r\nUnpacking libgdbm5:amd64 (1.14.1-6) ...\r\nSelecting previously unselected package libgdbm-compat4:amd64.\r\nPreparing to unpack .../03-libgdbm-compat4_1.14.1-6_amd64.deb ...\r\nUnpacking libgdbm-compat4:amd64 (1.14.1-6) ...\r\nSelecting previously unselected package libperl5.26:amd64.\r\nPreparing to unpack .../04-libperl5.26_5.26.1-6ubuntu0.6_amd64.deb ...\r\nUnpacking libperl5.26:amd64 (5.26.1-6ubuntu0.6) ...\r\nSelecting previously unselected package perl.\r\nPreparing to unpack .../05-perl_5.26.1-6ubuntu0.6_amd64.deb ...\r\nUnpacking perl (5.26.1-6ubuntu0.6) ...\r\nSelecting previously unselected package less.\r\nPreparing to unpack .../06-less_487-0.1_amd64.deb ...\r\nUnpacking less (487-0.1) ...\r\nSelecting previously unselected package libexpat1:amd64.\r\nPreparing to unpack .../07-libexpat1_2.2.5-3ubuntu0.9_amd64.deb ...\r\nUnpacking libexpat1:amd64 (2.2.5-3ubuntu0.9) ...\r\nSelecting previously unselected package netbase.\r\nPreparing to unpack .../08-netbase_5.4_all.deb ...\r\nUnpacking netbase (5.4) ...\r\nSelecting previously unselected package krb5-locales.\r\nPreparing to unpack .../09-krb5-locales_1.16-2ubuntu0.2_all.deb ...\r\nUnpacking krb5-locales (1.16-2ubuntu0.2) ...\r\nSelecting previously unselected package libedit2:amd64.\r\nPreparing to unpack .../10-libedit2_3.1-20170329-1_amd64.deb ...\r\nUnpacking libedit2:amd64 (3.1-20170329-1) ...\r\nSelecting previously unselected package libkrb5support0:amd64.\r\nPreparing to unpack .../11-libkrb5support0_1.16-2ubuntu0.2_amd64.deb ...\r\nUnpacking libkrb5support0:amd64 (1.16-2ubuntu0.2) ...\r\nSelecting previously unselected package libk5crypto3:amd64.\r\nPreparing to unpack .../12-libk5crypto3_1.16-2ubuntu0.2_amd64.deb ...\r\nUnpacking libk5crypto3:amd64 (1.16-2ubuntu0.2) ...\r\nSelecting previously unselected package libkeyutils1:amd64.\r\nPreparing to unpack .../13-libkeyutils1_1.5.9-9.2ubuntu2.1_amd64.deb ...\r\nUnpacking libkeyutils1:amd64 (1.5.9-9.2ubuntu2.1) ...\r\nSelecting previously unselected package libkrb5-3:amd64.\r\nPreparing to unpack .../14-libkrb5-3_1.16-2ubuntu0.2_amd64.deb ...\r\nUnpacking libkrb5-3:amd64 (1.16-2ubuntu0.2) ...\r\nSelecting previously unselected package libgssapi-krb5-2:amd64.\r\nPreparing to unpack .../15-libgssapi-krb5-2_1.16-2ubuntu0.2_amd64.deb ...\r\nUnpacking libgssapi-krb5-2:amd64 (1.16-2ubuntu0.2) ...\r\nSelecting previously unselected package libpsl5:amd64.\r\nPreparing to unpack .../16-libpsl5_0.19.1-5build1_amd64.deb ...\r\nUnpacking libpsl5:amd64 (0.19.1-5build1) ...\r\nSelecting previously unselected package libssl1.0.0:amd64.\r\nPreparing to unpack .../17-libssl1.0.0_1.0.2n-1ubuntu5.10_amd64.deb ...\r\nUnpacking libssl1.0.0:amd64 (1.0.2n-1ubuntu5.10) ...\r\nSelecting previously unselected package libxmuu1:amd64.\r\nPreparing to unpack .../18-libxmuu1_2%3a1.1.2-2_amd64.deb ...\r\nUnpacking libxmuu1:amd64 (2:1.1.2-2) ...\r\nSelecting previously unselected package openssh-client.\r\nPreparing to unpack .../19-openssh-client_1%3a7.6p1-4ubuntu0.7_amd64.deb ...\r\nUnpacking openssh-client (1:7.6p1-4ubuntu0.7) ...\r\nSelecting previously unselected package publicsuffix.\r\nPreparing to unpack .../20-publicsuffix_20180223.1310-1_all.deb ...\r\nUnpacking publicsuffix (20180223.1310-1) ...\r\nSelecting previously unselected package xauth.\r\nPreparing to unpack .../21-xauth_1%3a1.0.10-1_amd64.deb ...\r\nUnpacking xauth (1:1.0.10-1) ...\r\nSelecting previously unselected package libnghttp2-14:amd64.\r\nPreparing to unpack .../22-libnghttp2-14_1.30.0-1ubuntu1_amd64.deb ...\r\nUnpacking libnghttp2-14:amd64 (1.30.0-1ubuntu1) ...\r\nSelecting previously unselected package librtmp1:amd64.\r\nPreparing to unpack .../23-librtmp1_2.4+20151223.gitfa8646d.1-1_amd64.deb ...\r\nUnpacking librtmp1:amd64 (2.4+20151223.gitfa8646d.1-1) ...\r\nSelecting previously unselected package libcurl3-gnutls:amd64.\r\nPreparing to unpack .../24-libcurl3-gnutls_7.58.0-2ubuntu3.21_amd64.deb ...\r\nUnpacking libcurl3-gnutls:amd64 (7.58.0-2ubuntu3.21) ...\r\nSelecting previously unselected package liberror-perl.\r\nPreparing to unpack .../25-liberror-perl_0.17025-1_all.deb ...\r\nUnpacking liberror-perl (0.17025-1) ...\r\nSelecting previously unselected package git-man.\r\nPreparing to unpack .../26-git-man_1%3a2.17.1-1ubuntu0.13_all.deb ...\r\nUnpacking git-man (1:2.17.1-1ubuntu0.13) ...\r\nSelecting previously unselected package git.\r\nPreparing to unpack .../27-git_1%3a2.17.1-1ubuntu0.13_amd64.deb ...\r\nUnpacking git (1:2.17.1-1ubuntu0.13) ...\r\nSelecting previously unselected package patch.\r\nPreparing to unpack .../28-patch_2.7.6-2ubuntu1.1_amd64.deb ...\r\nUnpacking patch (2.7.6-2ubuntu1.1) ...\r\nSetting up libedit2:amd64 (3.1-20170329-1) ...\r\nSetting up git-man (1:2.17.1-1ubuntu0.13) ...\r\nSetting up libexpat1:amd64 (2.2.5-3ubuntu0.9) ...\r\nSetting up less (487-0.1) ...\r\ndebconf: unable to initialize frontend: Dialog\r\ndebconf: (TERM is not set, so the dialog frontend is not usable.)\r\ndebconf: falling back to frontend: Readline\r\nSetting up libssl1.0.0:amd64 (1.0.2n-1ubuntu5.10) ...\r\ndebconf: unable to initialize frontend: Dialog\r\ndebconf: (TERM is not set, so the dialog frontend is not usable.)\r\ndebconf: falling back to frontend: Readline\r\nSetting up libnghttp2-14:amd64 (1.30.0-1ubuntu1) ...\r\nSetting up libpsl5:amd64 (0.19.1-5build1) ...\r\nSetting up librtmp1:amd64 (2.4+20151223.gitfa8646d.1-1) ...\r\nSetting up perl-modules-5.26 (5.26.1-6ubuntu0.6) ...\r\nSetting up libgdbm5:amd64 (1.14.1-6) ...\r\nSetting up libbsd0:amd64 (0.8.7-1ubuntu0.1) ...\r\nSetting up libkrb5support0:amd64 (1.16-2ubuntu0.2) ...\r\nSetting up patch (2.7.6-2ubuntu1.1) ...\r\nSetting up krb5-locales (1.16-2ubuntu0.2) ...\r\nSetting up publicsuffix (20180223.1310-1) ...\r\nSetting up libxdmcp6:amd64 (1:1.1.2-3) ...\r\nSetting up libgdbm-compat4:amd64 (1.14.1-6) ...\r\nSetting up libkeyutils1:amd64 (1.5.9-9.2ubuntu2.1) ...\r\nSetting up libx11-data (2:1.6.4-3ubuntu0.4) ...\r\nSetting up libxau6:amd64 (1:1.0.8-1ubuntu1) ...\r\nSetting up netbase (5.4) ...\r\nSetting up libk5crypto3:amd64 (1.16-2ubuntu0.2) ...\r\nSetting up libperl5.26:amd64 (5.26.1-6ubuntu0.6) ...\r\nSetting up libkrb5-3:amd64 (1.16-2ubuntu0.2) ...\r\nSetting up libxcb1:amd64 (1.13-2~ubuntu18.04) ...\r\nSetting up libx11-6:amd64 (2:1.6.4-3ubuntu0.4) ...\r\nSetting up libxmuu1:amd64 (2:1.1.2-2) ...\r\nSetting up libgssapi-krb5-2:amd64 (1.16-2ubuntu0.2) ...\r\nSetting up perl (5.26.1-6ubuntu0.6) ...\r\nSetting up openssh-client (1:7.6p1-4ubuntu0.7) ...\r\nSetting up libxext6:amd64 (2:1.3.3-1) ...\r\nSetting up liberror-perl (0.17025-1) ...\r\nSetting up libcurl3-gnutls:amd64 (7.58.0-2ubuntu3.21) ...\r\nSetting up xauth (1:1.0.10-1) ...\r\nSetting up git (1:2.17.1-1ubuntu0.13) ...\r\nProcessing triggers for libc-bin (2.27-3ubuntu1.5) ...\r\nRemoving intermediate container aeffb1395140\n ---> ecc61260d029\nStep 10/27 : RUN apt-get install -y build-essential python3.6 python3.6-dev python3-pip python3.6-venv\n ---> Running in 5e1bf2c926c5\nReading package lists...\nBuilding dependency tree...\nReading state information...\nThe following additional packages will be installed:\n  binutils binutils-common binutils-x86-64-linux-gnu cpp cpp-7 dbus dh-python\n  dpkg-dev fakeroot file g++ g++-7 gcc gcc-7 gcc-7-base gir1.2-glib-2.0\n  libalgorithm-diff-perl libalgorithm-diff-xs-perl libalgorithm-merge-perl\n  libapparmor1 libasan4 libatomic1 libbinutils libc-dev-bin libc6 libc6-dev\n  libcc1-0 libcilkrts5 libdbus-1-3 libdpkg-perl libexpat1-dev libfakeroot\n  libfile-fcntllock-perl libgcc-7-dev libgirepository-1.0-1 libglib2.0-0\n  libglib2.0-data libgomp1 libicu60 libisl19 libitm1 liblocale-gettext-perl\n  liblsan0 libmagic-mgc libmagic1 libmpc3 libmpdec2 libmpfr6 libmpx2\n  libpython3-dev libpython3-stdlib libpython3.6 libpython3.6-dev\n  libpython3.6-minimal libpython3.6-stdlib libquadmath0 libstdc++-7-dev\n  libtsan0 libubsan0 libxml2 linux-libc-dev make manpages manpages-dev\n  mime-support python-pip-whl python3 python3-asn1crypto python3-cffi-backend\n  python3-crypto python3-cryptography python3-dbus python3-dev\n  python3-distutils python3-gi python3-idna python3-keyring\n  python3-keyrings.alt python3-lib2to3 python3-minimal python3-pkg-resources\n  python3-secretstorage python3-setuptools python3-six python3-wheel\n  python3-xdg python3.6-minimal shared-mime-info xdg-user-dirs xz-utils\nSuggested packages:\n  binutils-doc cpp-doc gcc-7-locales default-dbus-session-bus\n  | dbus-session-bus debian-keyring g++-multilib g++-7-multilib gcc-7-doc\n  libstdc++6-7-dbg gcc-multilib autoconf automake libtool flex bison gdb\n  gcc-doc gcc-7-multilib libgcc1-dbg libgomp1-dbg libitm1-dbg libatomic1-dbg\n  libasan4-dbg liblsan0-dbg libtsan0-dbg libubsan0-dbg libcilkrts5-dbg\n  libmpx2-dbg libquadmath0-dbg glibc-doc bzr libstdc++-7-doc make-doc\n  man-browser python3-doc python3-tk python3-venv python-crypto-doc\n  python-cryptography-doc python3-cryptography-vectors python-dbus-doc\n  python3-dbus-dbg gnome-keyring libkf5wallet-bin gir1.2-gnomekeyring-1.0\n  python-secretstorage-doc python-setuptools-doc python3.6-doc binfmt-support\nThe following NEW packages will be installed:\n  binutils binutils-common binutils-x86-64-linux-gnu build-essential cpp cpp-7\n  dbus dh-python dpkg-dev fakeroot file g++ g++-7 gcc gcc-7 gcc-7-base\n  gir1.2-glib-2.0 libalgorithm-diff-perl libalgorithm-diff-xs-perl\n  libalgorithm-merge-perl libapparmor1 libasan4 libatomic1 libbinutils\n  libc-dev-bin libc6-dev libcc1-0 libcilkrts5 libdbus-1-3 libdpkg-perl\n  libexpat1-dev libfakeroot libfile-fcntllock-perl libgcc-7-dev\n  libgirepository-1.0-1 libglib2.0-0 libglib2.0-data libgomp1 libicu60\n  libisl19 libitm1 liblocale-gettext-perl liblsan0 libmagic-mgc libmagic1\n  libmpc3 libmpdec2 libmpfr6 libmpx2 libpython3-dev libpython3-stdlib\n  libpython3.6 libpython3.6-dev libpython3.6-minimal libpython3.6-stdlib\n  libquadmath0 libstdc++-7-dev libtsan0 libubsan0 libxml2 linux-libc-dev make\n  manpages manpages-dev mime-support python-pip-whl python3 python3-asn1crypto\n  python3-cffi-backend python3-crypto python3-cryptography python3-dbus\n  python3-dev python3-distutils python3-gi python3-idna python3-keyring\n  python3-keyrings.alt python3-lib2to3 python3-minimal python3-pip\n  python3-pkg-resources python3-secretstorage python3-setuptools python3-six\n  python3-wheel python3-xdg python3.6 python3.6-dev python3.6-minimal\n  python3.6-venv shared-mime-info xdg-user-dirs xz-utils\nThe following packages will be upgraded:\n  libc6\n1 upgraded, 94 newly installed, 0 to remove and 41 not upgraded.\nNeed to get 113 MB of archives.\nAfter this operation, 335 MB of additional disk space will be used.\nGet:1 http://archive.ubuntu.com/ubuntu bionic-updates/main amd64 libc6 amd64 2.27-3ubuntu1.6 [2,831 kB]\nGet:2 http://archive.ubuntu.com/ubuntu bionic/main amd64 liblocale-gettext-perl amd64 1.07-3build2 [16.6 kB]\nGet:3 http://archive.ubuntu.com/ubuntu bionic-updates/main amd64 libpython3.6-minimal amd64 3.6.9-1~18.04ubuntu1.9 [533 kB]\nGet:4 http://archive.ubuntu.com/ubuntu bionic-updates/main amd64 python3.6-minimal amd64 3.6.9-1~18.04ubuntu1.9 [1,609 kB]\nGet:5 http://archive.ubuntu.com/ubuntu bionic-updates/main amd64 python3-minimal amd64 3.6.7-1~18.04 [23.7 kB]\nGet:6 http://archive.ubuntu.com/ubuntu bionic/main amd64 mime-support all 3.60ubuntu1 [30.1 kB]\nGet:7 http://archive.ubuntu.com/ubuntu bionic/main amd64 libmpdec2 amd64 2.4.2-1ubuntu1 [84.1 kB]\nGet:8 http://archive.ubuntu.com/ubuntu bionic-updates/main amd64 libpython3.6-stdlib amd64 3.6.9-1~18.04ubuntu1.9 [1,712 kB]\nGet:9 http://archive.ubuntu.com/ubuntu bionic-updates/main amd64 python3.6 amd64 3.6.9-1~18.04ubuntu1.9 [203 kB]\nGet:10 http://archive.ubuntu.com/ubuntu bionic-updates/main amd64 libpython3-stdlib amd64 3.6.7-1~18.04 [7,240 B]\nGet:11 http://archive.ubuntu.com/ubuntu bionic-updates/main amd64 python3 amd64 3.6.7-1~18.04 [47.2 kB]\nGet:12 http://archive.ubuntu.com/ubuntu bionic-updates/main amd64 libapparmor1 amd64 2.12-4ubuntu5.1 [31.3 kB]\nGet:13 http://archive.ubuntu.com/ubuntu bionic-updates/main amd64 libdbus-1-3 amd64 1.12.2-1ubuntu1.4 [175 kB]\nGet:14 http://archive.ubuntu.com/ubuntu bionic-updates/main amd64 dbus amd64 1.12.2-1ubuntu1.4 [150 kB]\nGet:15 http://archive.ubuntu.com/ubuntu bionic-updates/main amd64 libmagic-mgc amd64 1:5.32-2ubuntu0.4 [184 kB]\nGet:16 http://archive.ubuntu.com/ubuntu bionic-updates/main amd64 libmagic1 amd64 1:5.32-2ubuntu0.4 [68.6 kB]\nGet:17 http://archive.ubuntu.com/ubuntu bionic-updates/main amd64 file amd64 1:5.32-2ubuntu0.4 [22.1 kB]\nGet:18 http://archive.ubuntu.com/ubuntu bionic-updates/main amd64 libglib2.0-0 amd64 2.56.4-0ubuntu0.18.04.9 [1,169 kB]\nGet:19 http://archive.ubuntu.com/ubuntu bionic/main amd64 libgirepository-1.0-1 amd64 1.56.1-1 [82.0 kB]\nGet:20 http://archive.ubuntu.com/ubuntu bionic/main amd64 gir1.2-glib-2.0 amd64 1.56.1-1 [131 kB]\nGet:21 http://archive.ubuntu.com/ubuntu bionic-updates/main amd64 libglib2.0-data all 2.56.4-0ubuntu0.18.04.9 [4,728 B]\nGet:22 http://archive.ubuntu.com/ubuntu bionic-updates/main amd64 libicu60 amd64 60.2-3ubuntu3.2 [8,050 kB]\nGet:23 http://archive.ubuntu.com/ubuntu bionic-updates/main amd64 libxml2 amd64 2.9.4+dfsg1-6.1ubuntu1.8 [664 kB]\nGet:24 http://archive.ubuntu.com/ubuntu bionic/main amd64 python3-dbus amd64 1.2.6-1 [89.9 kB]\nGet:25 http://archive.ubuntu.com/ubuntu bionic-updates/main amd64 python3-gi amd64 3.26.1-2ubuntu1 [153 kB]\nGet:26 http://archive.ubuntu.com/ubuntu bionic/main amd64 shared-mime-info amd64 1.9-2 [426 kB]\nGet:27 http://archive.ubuntu.com/ubuntu bionic/main amd64 xdg-user-dirs amd64 0.17-1ubuntu1 [48.0 kB]\nGet:28 http://archive.ubuntu.com/ubuntu bionic-updates/main amd64 xz-utils amd64 5.2.2-1.3ubuntu0.1 [83.8 kB]\nGet:29 http://archive.ubuntu.com/ubuntu bionic/main amd64 manpages all 4.15-1 [1,234 kB]\nGet:30 http://archive.ubuntu.com/ubuntu bionic-updates/main amd64 binutils-common amd64 2.30-21ubuntu1~18.04.8 [197 kB]\nGet:31 http://archive.ubuntu.com/ubuntu bionic-updates/main amd64 libbinutils amd64 2.30-21ubuntu1~18.04.8 [488 kB]\nGet:32 http://archive.ubuntu.com/ubuntu bionic-updates/main amd64 binutils-x86-64-linux-gnu amd64 2.30-21ubuntu1~18.04.8 [1,839 kB]\nGet:33 http://archive.ubuntu.com/ubuntu bionic-updates/main amd64 binutils amd64 2.30-21ubuntu1~18.04.8 [3,388 B]\nGet:34 http://archive.ubuntu.com/ubuntu bionic-updates/main amd64 libc-dev-bin amd64 2.27-3ubuntu1.6 [71.9 kB]\nGet:35 http://archive.ubuntu.com/ubuntu bionic-updates/main amd64 linux-libc-dev amd64 4.15.0-200.211 [997 kB]\nGet:36 http://archive.ubuntu.com/ubuntu bionic-updates/main amd64 libc6-dev amd64 2.27-3ubuntu1.6 [2,587 kB]\nGet:37 http://archive.ubuntu.com/ubuntu bionic-updates/main amd64 gcc-7-base amd64 7.5.0-3ubuntu1~18.04 [18.3 kB]\nGet:38 http://archive.ubuntu.com/ubuntu bionic/main amd64 libisl19 amd64 0.19-1 [551 kB]\nGet:39 http://archive.ubuntu.com/ubuntu bionic/main amd64 libmpfr6 amd64 4.0.1-1 [243 kB]\nGet:40 http://archive.ubuntu.com/ubuntu bionic/main amd64 libmpc3 amd64 1.1.0-1 [40.8 kB]\nGet:41 http://archive.ubuntu.com/ubuntu bionic-updates/main amd64 cpp-7 amd64 7.5.0-3ubuntu1~18.04 [8,591 kB]\nGet:42 http://archive.ubuntu.com/ubuntu bionic-updates/main amd64 cpp amd64 4:7.4.0-1ubuntu2.3 [27.7 kB]\nGet:43 http://archive.ubuntu.com/ubuntu bionic-updates/main amd64 libcc1-0 amd64 8.4.0-1ubuntu1~18.04 [39.4 kB]\nGet:44 http://archive.ubuntu.com/ubuntu bionic-updates/main amd64 libgomp1 amd64 8.4.0-1ubuntu1~18.04 [76.5 kB]\nGet:45 http://archive.ubuntu.com/ubuntu bionic-updates/main amd64 libitm1 amd64 8.4.0-1ubuntu1~18.04 [27.9 kB]\nGet:46 http://archive.ubuntu.com/ubuntu bionic-updates/main amd64 libatomic1 amd64 8.4.0-1ubuntu1~18.04 [9,192 B]\nGet:47 http://archive.ubuntu.com/ubuntu bionic-updates/main amd64 libasan4 amd64 7.5.0-3ubuntu1~18.04 [358 kB]\nGet:48 http://archive.ubuntu.com/ubuntu bionic-updates/main amd64 liblsan0 amd64 8.4.0-1ubuntu1~18.04 [133 kB]\nGet:49 http://archive.ubuntu.com/ubuntu bionic-updates/main amd64 libtsan0 amd64 8.4.0-1ubuntu1~18.04 [288 kB]\nGet:50 http://archive.ubuntu.com/ubuntu bionic-updates/main amd64 libubsan0 amd64 7.5.0-3ubuntu1~18.04 [126 kB]\nGet:51 http://archive.ubuntu.com/ubuntu bionic-updates/main amd64 libcilkrts5 amd64 7.5.0-3ubuntu1~18.04 [42.5 kB]\nGet:52 http://archive.ubuntu.com/ubuntu bionic-updates/main amd64 libmpx2 amd64 8.4.0-1ubuntu1~18.04 [11.6 kB]\nGet:53 http://archive.ubuntu.com/ubuntu bionic-updates/main amd64 libquadmath0 amd64 8.4.0-1ubuntu1~18.04 [134 kB]\nGet:54 http://archive.ubuntu.com/ubuntu bionic-updates/main amd64 libgcc-7-dev amd64 7.5.0-3ubuntu1~18.04 [2,378 kB]\nGet:55 http://archive.ubuntu.com/ubuntu bionic-updates/main amd64 gcc-7 amd64 7.5.0-3ubuntu1~18.04 [9,381 kB]\nGet:56 http://archive.ubuntu.com/ubuntu bionic-updates/main amd64 gcc amd64 4:7.4.0-1ubuntu2.3 [5,184 B]\nGet:57 http://archive.ubuntu.com/ubuntu bionic-updates/main amd64 libstdc++-7-dev amd64 7.5.0-3ubuntu1~18.04 [1,471 kB]\nGet:58 http://archive.ubuntu.com/ubuntu bionic-updates/main amd64 g++-7 amd64 7.5.0-3ubuntu1~18.04 [9,697 kB]\nGet:59 http://archive.ubuntu.com/ubuntu bionic-updates/main amd64 g++ amd64 4:7.4.0-1ubuntu2.3 [1,568 B]\nGet:60 http://archive.ubuntu.com/ubuntu bionic/main amd64 make amd64 4.1-9.1ubuntu1 [154 kB]\nGet:61 http://archive.ubuntu.com/ubuntu bionic-updates/main amd64 libdpkg-perl all 1.19.0.5ubuntu2.4 [212 kB]\nGet:62 http://archive.ubuntu.com/ubuntu bionic-updates/main amd64 dpkg-dev all 1.19.0.5ubuntu2.4 [607 kB]\nGet:63 http://archive.ubuntu.com/ubuntu bionic/main amd64 build-essential amd64 12.4ubuntu1 [4,758 B]\nGet:64 http://archive.ubuntu.com/ubuntu bionic-updates/main amd64 python3-lib2to3 all 3.6.9-1~18.04 [77.4 kB]\nGet:65 http://archive.ubuntu.com/ubuntu bionic-updates/main amd64 python3-distutils all 3.6.9-1~18.04 [144 kB]\nGet:66 http://archive.ubuntu.com/ubuntu bionic/main amd64 dh-python all 3.20180325ubuntu2 [89.2 kB]\nGet:67 http://archive.ubuntu.com/ubuntu bionic/main amd64 libfakeroot amd64 1.22-2ubuntu1 [25.9 kB]\nGet:68 http://archive.ubuntu.com/ubuntu bionic/main amd64 fakeroot amd64 1.22-2ubuntu1 [62.3 kB]\nGet:69 http://archive.ubuntu.com/ubuntu bionic/main amd64 libalgorithm-diff-perl all 1.19.03-1 [47.6 kB]\nGet:70 http://archive.ubuntu.com/ubuntu bionic/main amd64 libalgorithm-diff-xs-perl amd64 0.04-5 [11.1 kB]\nGet:71 http://archive.ubuntu.com/ubuntu bionic/main amd64 libalgorithm-merge-perl all 0.08-3 [12.0 kB]\nGet:72 http://archive.ubuntu.com/ubuntu bionic-updates/main amd64 libexpat1-dev amd64 2.2.5-3ubuntu0.9 [124 kB]\nGet:73 http://archive.ubuntu.com/ubuntu bionic/main amd64 libfile-fcntllock-perl amd64 0.22-3build2 [33.2 kB]\nGet:74 http://archive.ubuntu.com/ubuntu bionic-updates/main amd64 libpython3.6 amd64 3.6.9-1~18.04ubuntu1.9 [1,414 kB]\nGet:75 http://archive.ubuntu.com/ubuntu bionic-updates/main amd64 libpython3.6-dev amd64 3.6.9-1~18.04ubuntu1.9 [44.9 MB]\nGet:76 http://archive.ubuntu.com/ubuntu bionic-updates/main amd64 libpython3-dev amd64 3.6.7-1~18.04 [7,328 B]\nGet:77 http://archive.ubuntu.com/ubuntu bionic/main amd64 manpages-dev all 4.15-1 [2,217 kB]\nGet:78 http://archive.ubuntu.com/ubuntu bionic-updates/universe amd64 python-pip-whl all 9.0.1-2.3~ubuntu1.18.04.5 [1,653 kB]\nGet:79 http://archive.ubuntu.com/ubuntu bionic/main amd64 python3-asn1crypto all 0.24.0-1 [72.8 kB]\nGet:80 http://archive.ubuntu.com/ubuntu bionic/main amd64 python3-cffi-backend amd64 1.11.5-1 [64.6 kB]\nGet:81 http://archive.ubuntu.com/ubuntu bionic/main amd64 python3-crypto amd64 2.6.1-8ubuntu2 [244 kB]\nGet:82 http://archive.ubuntu.com/ubuntu bionic/main amd64 python3-idna all 2.6-1 [32.5 kB]\nGet:83 http://archive.ubuntu.com/ubuntu bionic/main amd64 python3-six all 1.11.0-2 [11.4 kB]\nGet:84 http://archive.ubuntu.com/ubuntu bionic-updates/main amd64 python3-cryptography amd64 2.1.4-1ubuntu1.4 [220 kB]\nGet:85 http://archive.ubuntu.com/ubuntu bionic-updates/main amd64 python3.6-dev amd64 3.6.9-1~18.04ubuntu1.9 [511 kB]\nGet:86 http://archive.ubuntu.com/ubuntu bionic-updates/main amd64 python3-dev amd64 3.6.7-1~18.04 [1,288 B]\nGet:87 http://archive.ubuntu.com/ubuntu bionic/main amd64 python3-secretstorage all 2.3.1-2 [12.1 kB]\nGet:88 http://archive.ubuntu.com/ubuntu bionic/main amd64 python3-keyring all 10.6.0-1 [26.7 kB]\nGet:89 http://archive.ubuntu.com/ubuntu bionic/main amd64 python3-keyrings.alt all 3.0-1 [16.6 kB]\nGet:90 http://archive.ubuntu.com/ubuntu bionic-updates/universe amd64 python3-pip all 9.0.1-2.3~ubuntu1.18.04.5 [114 kB]\nGet:91 http://archive.ubuntu.com/ubuntu bionic/main amd64 python3-pkg-resources all 39.0.1-2 [98.8 kB]\nGet:92 http://archive.ubuntu.com/ubuntu bionic/main amd64 python3-setuptools all 39.0.1-2 [248 kB]\nGet:93 http://archive.ubuntu.com/ubuntu bionic/universe amd64 python3-wheel all 0.30.0-0.2 [36.5 kB]\nGet:94 http://archive.ubuntu.com/ubuntu bionic-updates/main amd64 python3-xdg all 0.25-4ubuntu1.1 [31.3 kB]\nGet:95 http://archive.ubuntu.com/ubuntu bionic-updates/universe amd64 python3.6-venv amd64 3.6.9-1~18.04ubuntu1.9 [6,184 B]\n\u001b[91mdebconf: delaying package configuration, since apt-utils is not installed\n\u001b[0mFetched 113 MB in 5s (24.5 MB/s)\n(Reading database ... \r(Reading database ... 5%\r(Reading database ... 10%\r(Reading database ... 15%\r(Reading database ... 20%\r(Reading database ... 25%\r(Reading database ... 30%\r(Reading database ... 35%\r(Reading database ... 40%\r(Reading database ... 45%\r(Reading database ... 50%\r(Reading database ... 55%\r(Reading database ... 60%\r(Reading database ... 65%\r(Reading database ... 70%\r(Reading database ... 75%\r(Reading database ... 80%\r(Reading database ... 85%\r(Reading database ... 90%\r(Reading database ... 95%\r(Reading database ... 100%\r(Reading database ... 8765 files and directories currently installed.)\r\nPreparing to unpack .../libc6_2.27-3ubuntu1.6_amd64.deb ...\r\ndebconf: unable to initialize frontend: Dialog\r\ndebconf: (TERM is not set, so the dialog frontend is not usable.)\r\ndebconf: falling back to frontend: Readline\r\nUnpacking libc6:amd64 (2.27-3ubuntu1.6) over (2.27-3ubuntu1.5) ...\r\nSetting up libc6:amd64 (2.27-3ubuntu1.6) ...\r\ndebconf: unable to initialize frontend: Dialog\r\ndebconf: (TERM is not set, so the dialog frontend is not usable.)\r\ndebconf: falling back to frontend: Readline\r\nSelecting previously unselected package liblocale-gettext-perl.\r\n(Reading database ... \r(Reading database ... 5%\r(Reading database ... 10%\r(Reading database ... 15%\r(Reading database ... 20%\r(Reading database ... 25%\r(Reading database ... 30%\r(Reading database ... 35%\r(Reading database ... 40%\r(Reading database ... 45%\r(Reading database ... 50%\r(Reading database ... 55%\r(Reading database ... 60%\r(Reading database ... 65%\r(Reading database ... 70%\r(Reading database ... 75%\r(Reading database ... 80%\r(Reading database ... 85%\r(Reading database ... 90%\r(Reading database ... 95%\r(Reading database ... 100%\r(Reading database ... 8765 files and directories currently installed.)\r\nPreparing to unpack .../liblocale-gettext-perl_1.07-3build2_amd64.deb ...\r\nUnpacking liblocale-gettext-perl (1.07-3build2) ...\r\nSelecting previously unselected package libpython3.6-minimal:amd64.\r\nPreparing to unpack .../libpython3.6-minimal_3.6.9-1~18.04ubuntu1.9_amd64.deb ...\r\nUnpacking libpython3.6-minimal:amd64 (3.6.9-1~18.04ubuntu1.9) ...\r\nSelecting previously unselected package python3.6-minimal.\r\nPreparing to unpack .../python3.6-minimal_3.6.9-1~18.04ubuntu1.9_amd64.deb ...\r\nUnpacking python3.6-minimal (3.6.9-1~18.04ubuntu1.9) ...\r\nSetting up libpython3.6-minimal:amd64 (3.6.9-1~18.04ubuntu1.9) ...\r\nSetting up python3.6-minimal (3.6.9-1~18.04ubuntu1.9) ...\r\nSelecting previously unselected package python3-minimal.\r\n(Reading database ... \r(Reading database ... 5%\r(Reading database ... 10%\r(Reading database ... 15%\r(Reading database ... 20%\r(Reading database ... 25%\r(Reading database ... 30%\r(Reading database ... 35%\r(Reading database ... 40%\r(Reading database ... 45%\r(Reading database ... 50%\r(Reading database ... 55%\r(Reading database ... 60%\r(Reading database ... 65%\r(Reading database ... 70%\r(Reading database ... 75%\r(Reading database ... 80%\r(Reading database ... 85%\r(Reading database ... 90%\r(Reading database ... 95%\r(Reading database ... 100%\r(Reading database ... 9018 files and directories currently installed.)\r\nPreparing to unpack .../0-python3-minimal_3.6.7-1~18.04_amd64.deb ...\r\nUnpacking python3-minimal (3.6.7-1~18.04) ...\r\nSelecting previously unselected package mime-support.\r\nPreparing to unpack .../1-mime-support_3.60ubuntu1_all.deb ...\r\nUnpacking mime-support (3.60ubuntu1) ...\r\nSelecting previously unselected package libmpdec2:amd64.\r\nPreparing to unpack .../2-libmpdec2_2.4.2-1ubuntu1_amd64.deb ...\r\nUnpacking libmpdec2:amd64 (2.4.2-1ubuntu1) ...\r\nSelecting previously unselected package libpython3.6-stdlib:amd64.\r\nPreparing to unpack .../3-libpython3.6-stdlib_3.6.9-1~18.04ubuntu1.9_amd64.deb ...\r\nUnpacking libpython3.6-stdlib:amd64 (3.6.9-1~18.04ubuntu1.9) ...\r\nSelecting previously unselected package python3.6.\r\nPreparing to unpack .../4-python3.6_3.6.9-1~18.04ubuntu1.9_amd64.deb ...\r\nUnpacking python3.6 (3.6.9-1~18.04ubuntu1.9) ...\r\nSelecting previously unselected package libpython3-stdlib:amd64.\r\nPreparing to unpack .../5-libpython3-stdlib_3.6.7-1~18.04_amd64.deb ...\r\nUnpacking libpython3-stdlib:amd64 (3.6.7-1~18.04) ...\r\nSetting up python3-minimal (3.6.7-1~18.04) ...\r\nSelecting previously unselected package python3.\r\n(Reading database ... \r(Reading database ... 5%\r(Reading database ... 10%\r(Reading database ... 15%\r(Reading database ... 20%\r(Reading database ... 25%\r(Reading database ... 30%\r(Reading database ... 35%\r(Reading database ... 40%\r(Reading database ... 45%\r(Reading database ... 50%\r(Reading database ... 55%\r(Reading database ... 60%\r(Reading database ... 65%\r(Reading database ... 70%\r(Reading database ... 75%\r(Reading database ... 80%\r(Reading database ... 85%\r(Reading database ... 90%\r(Reading database ... 95%\r(Reading database ... 100%\r(Reading database ... 9448 files and directories currently installed.)\r\nPreparing to unpack .../00-python3_3.6.7-1~18.04_amd64.deb ...\r\nUnpacking python3 (3.6.7-1~18.04) ...\r\nSelecting previously unselected package libapparmor1:amd64.\r\nPreparing to unpack .../01-libapparmor1_2.12-4ubuntu5.1_amd64.deb ...\r\nUnpacking libapparmor1:amd64 (2.12-4ubuntu5.1) ...\r\nSelecting previously unselected package libdbus-1-3:amd64.\r\nPreparing to unpack .../02-libdbus-1-3_1.12.2-1ubuntu1.4_amd64.deb ...\r\nUnpacking libdbus-1-3:amd64 (1.12.2-1ubuntu1.4) ...\r\nSelecting previously unselected package dbus.\r\nPreparing to unpack .../03-dbus_1.12.2-1ubuntu1.4_amd64.deb ...\r\nUnpacking dbus (1.12.2-1ubuntu1.4) ...\r\nSelecting previously unselected package libmagic-mgc.\r\nPreparing to unpack .../04-libmagic-mgc_1%3a5.32-2ubuntu0.4_amd64.deb ...\r\nUnpacking libmagic-mgc (1:5.32-2ubuntu0.4) ...\r\nSelecting previously unselected package libmagic1:amd64.\r\nPreparing to unpack .../05-libmagic1_1%3a5.32-2ubuntu0.4_amd64.deb ...\r\nUnpacking libmagic1:amd64 (1:5.32-2ubuntu0.4) ...\r\nSelecting previously unselected package file.\r\nPreparing to unpack .../06-file_1%3a5.32-2ubuntu0.4_amd64.deb ...\r\nUnpacking file (1:5.32-2ubuntu0.4) ...\r\nSelecting previously unselected package libglib2.0-0:amd64.\r\nPreparing to unpack .../07-libglib2.0-0_2.56.4-0ubuntu0.18.04.9_amd64.deb ...\r\nUnpacking libglib2.0-0:amd64 (2.56.4-0ubuntu0.18.04.9) ...\r\nSelecting previously unselected package libgirepository-1.0-1:amd64.\r\nPreparing to unpack .../08-libgirepository-1.0-1_1.56.1-1_amd64.deb ...\r\nUnpacking libgirepository-1.0-1:amd64 (1.56.1-1) ...\r\nSelecting previously unselected package gir1.2-glib-2.0:amd64.\r\nPreparing to unpack .../09-gir1.2-glib-2.0_1.56.1-1_amd64.deb ...\r\nUnpacking gir1.2-glib-2.0:amd64 (1.56.1-1) ...\r\nSelecting previously unselected package libglib2.0-data.\r\nPreparing to unpack .../10-libglib2.0-data_2.56.4-0ubuntu0.18.04.9_all.deb ...\r\nUnpacking libglib2.0-data (2.56.4-0ubuntu0.18.04.9) ...\r\nSelecting previously unselected package libicu60:amd64.\r\nPreparing to unpack .../11-libicu60_60.2-3ubuntu3.2_amd64.deb ...\r\nUnpacking libicu60:amd64 (60.2-3ubuntu3.2) ...\r\nSelecting previously unselected package libxml2:amd64.\r\nPreparing to unpack .../12-libxml2_2.9.4+dfsg1-6.1ubuntu1.8_amd64.deb ...\r\nUnpacking libxml2:amd64 (2.9.4+dfsg1-6.1ubuntu1.8) ...\r\nSelecting previously unselected package python3-dbus.\r\nPreparing to unpack .../13-python3-dbus_1.2.6-1_amd64.deb ...\r\nUnpacking python3-dbus (1.2.6-1) ...\r\nSelecting previously unselected package python3-gi.\r\nPreparing to unpack .../14-python3-gi_3.26.1-2ubuntu1_amd64.deb ...\r\nUnpacking python3-gi (3.26.1-2ubuntu1) ...\r\nSelecting previously unselected package shared-mime-info.\r\nPreparing to unpack .../15-shared-mime-info_1.9-2_amd64.deb ...\r\nUnpacking shared-mime-info (1.9-2) ...\r\nSelecting previously unselected package xdg-user-dirs.\r\nPreparing to unpack .../16-xdg-user-dirs_0.17-1ubuntu1_amd64.deb ...\r\nUnpacking xdg-user-dirs (0.17-1ubuntu1) ...\r\nSelecting previously unselected package xz-utils.\r\nPreparing to unpack .../17-xz-utils_5.2.2-1.3ubuntu0.1_amd64.deb ...\r\nUnpacking xz-utils (5.2.2-1.3ubuntu0.1) ...\r\nSelecting previously unselected package manpages.\r\nPreparing to unpack .../18-manpages_4.15-1_all.deb ...\r\nUnpacking manpages (4.15-1) ...\r\nSelecting previously unselected package binutils-common:amd64.\r\nPreparing to unpack .../19-binutils-common_2.30-21ubuntu1~18.04.8_amd64.deb ...\r\nUnpacking binutils-common:amd64 (2.30-21ubuntu1~18.04.8) ...\r\nSelecting previously unselected package libbinutils:amd64.\r\nPreparing to unpack .../20-libbinutils_2.30-21ubuntu1~18.04.8_amd64.deb ...\r\nUnpacking libbinutils:amd64 (2.30-21ubuntu1~18.04.8) ...\r\nSelecting previously unselected package binutils-x86-64-linux-gnu.\r\nPreparing to unpack .../21-binutils-x86-64-linux-gnu_2.30-21ubuntu1~18.04.8_amd64.deb ...\r\nUnpacking binutils-x86-64-linux-gnu (2.30-21ubuntu1~18.04.8) ...\r\nSelecting previously unselected package binutils.\r\nPreparing to unpack .../22-binutils_2.30-21ubuntu1~18.04.8_amd64.deb ...\r\nUnpacking binutils (2.30-21ubuntu1~18.04.8) ...\r\nSelecting previously unselected package libc-dev-bin.\r\nPreparing to unpack .../23-libc-dev-bin_2.27-3ubuntu1.6_amd64.deb ...\r\nUnpacking libc-dev-bin (2.27-3ubuntu1.6) ...\r\nSelecting previously unselected package linux-libc-dev:amd64.\r\nPreparing to unpack .../24-linux-libc-dev_4.15.0-200.211_amd64.deb ...\r\nUnpacking linux-libc-dev:amd64 (4.15.0-200.211) ...\r\nSelecting previously unselected package libc6-dev:amd64.\r\nPreparing to unpack .../25-libc6-dev_2.27-3ubuntu1.6_amd64.deb ...\r\nUnpacking libc6-dev:amd64 (2.27-3ubuntu1.6) ...\r\nSelecting previously unselected package gcc-7-base:amd64.\r\nPreparing to unpack .../26-gcc-7-base_7.5.0-3ubuntu1~18.04_amd64.deb ...\r\nUnpacking gcc-7-base:amd64 (7.5.0-3ubuntu1~18.04) ...\r\nSelecting previously unselected package libisl19:amd64.\r\nPreparing to unpack .../27-libisl19_0.19-1_amd64.deb ...\r\nUnpacking libisl19:amd64 (0.19-1) ...\r\nSelecting previously unselected package libmpfr6:amd64.\r\nPreparing to unpack .../28-libmpfr6_4.0.1-1_amd64.deb ...\r\nUnpacking libmpfr6:amd64 (4.0.1-1) ...\r\nSelecting previously unselected package libmpc3:amd64.\r\nPreparing to unpack .../29-libmpc3_1.1.0-1_amd64.deb ...\r\nUnpacking libmpc3:amd64 (1.1.0-1) ...\r\nSelecting previously unselected package cpp-7.\r\nPreparing to unpack .../30-cpp-7_7.5.0-3ubuntu1~18.04_amd64.deb ...\r\nUnpacking cpp-7 (7.5.0-3ubuntu1~18.04) ...\r\nSelecting previously unselected package cpp.\r\nPreparing to unpack .../31-cpp_4%3a7.4.0-1ubuntu2.3_amd64.deb ...\r\nUnpacking cpp (4:7.4.0-1ubuntu2.3) ...\r\nSelecting previously unselected package libcc1-0:amd64.\r\nPreparing to unpack .../32-libcc1-0_8.4.0-1ubuntu1~18.04_amd64.deb ...\r\nUnpacking libcc1-0:amd64 (8.4.0-1ubuntu1~18.04) ...\r\nSelecting previously unselected package libgomp1:amd64.\r\nPreparing to unpack .../33-libgomp1_8.4.0-1ubuntu1~18.04_amd64.deb ...\r\nUnpacking libgomp1:amd64 (8.4.0-1ubuntu1~18.04) ...\r\nSelecting previously unselected package libitm1:amd64.\r\nPreparing to unpack .../34-libitm1_8.4.0-1ubuntu1~18.04_amd64.deb ...\r\nUnpacking libitm1:amd64 (8.4.0-1ubuntu1~18.04) ...\r\nSelecting previously unselected package libatomic1:amd64.\r\nPreparing to unpack .../35-libatomic1_8.4.0-1ubuntu1~18.04_amd64.deb ...\r\nUnpacking libatomic1:amd64 (8.4.0-1ubuntu1~18.04) ...\r\nSelecting previously unselected package libasan4:amd64.\r\nPreparing to unpack .../36-libasan4_7.5.0-3ubuntu1~18.04_amd64.deb ...\r\nUnpacking libasan4:amd64 (7.5.0-3ubuntu1~18.04) ...\r\nSelecting previously unselected package liblsan0:amd64.\r\nPreparing to unpack .../37-liblsan0_8.4.0-1ubuntu1~18.04_amd64.deb ...\r\nUnpacking liblsan0:amd64 (8.4.0-1ubuntu1~18.04) ...\r\nSelecting previously unselected package libtsan0:amd64.\r\nPreparing to unpack .../38-libtsan0_8.4.0-1ubuntu1~18.04_amd64.deb ...\r\nUnpacking libtsan0:amd64 (8.4.0-1ubuntu1~18.04) ...\r\nSelecting previously unselected package libubsan0:amd64.\r\nPreparing to unpack .../39-libubsan0_7.5.0-3ubuntu1~18.04_amd64.deb ...\r\nUnpacking libubsan0:amd64 (7.5.0-3ubuntu1~18.04) ...\r\nSelecting previously unselected package libcilkrts5:amd64.\r\nPreparing to unpack .../40-libcilkrts5_7.5.0-3ubuntu1~18.04_amd64.deb ...\r\nUnpacking libcilkrts5:amd64 (7.5.0-3ubuntu1~18.04) ...\r\nSelecting previously unselected package libmpx2:amd64.\r\nPreparing to unpack .../41-libmpx2_8.4.0-1ubuntu1~18.04_amd64.deb ...\r\nUnpacking libmpx2:amd64 (8.4.0-1ubuntu1~18.04) ...\r\nSelecting previously unselected package libquadmath0:amd64.\r\nPreparing to unpack .../42-libquadmath0_8.4.0-1ubuntu1~18.04_amd64.deb ...\r\nUnpacking libquadmath0:amd64 (8.4.0-1ubuntu1~18.04) ...\r\nSelecting previously unselected package libgcc-7-dev:amd64.\r\nPreparing to unpack .../43-libgcc-7-dev_7.5.0-3ubuntu1~18.04_amd64.deb ...\r\nUnpacking libgcc-7-dev:amd64 (7.5.0-3ubuntu1~18.04) ...\r\nSelecting previously unselected package gcc-7.\r\nPreparing to unpack .../44-gcc-7_7.5.0-3ubuntu1~18.04_amd64.deb ...\r\nUnpacking gcc-7 (7.5.0-3ubuntu1~18.04) ...\r\nSelecting previously unselected package gcc.\r\nPreparing to unpack .../45-gcc_4%3a7.4.0-1ubuntu2.3_amd64.deb ...\r\nUnpacking gcc (4:7.4.0-1ubuntu2.3) ...\r\nSelecting previously unselected package libstdc++-7-dev:amd64.\r\nPreparing to unpack .../46-libstdc++-7-dev_7.5.0-3ubuntu1~18.04_amd64.deb ...\r\nUnpacking libstdc++-7-dev:amd64 (7.5.0-3ubuntu1~18.04) ...\r\nSelecting previously unselected package g++-7.\r\nPreparing to unpack .../47-g++-7_7.5.0-3ubuntu1~18.04_amd64.deb ...\r\nUnpacking g++-7 (7.5.0-3ubuntu1~18.04) ...\r\nSelecting previously unselected package g++.\r\nPreparing to unpack .../48-g++_4%3a7.4.0-1ubuntu2.3_amd64.deb ...\r\nUnpacking g++ (4:7.4.0-1ubuntu2.3) ...\r\nSelecting previously unselected package make.\r\nPreparing to unpack .../49-make_4.1-9.1ubuntu1_amd64.deb ...\r\nUnpacking make (4.1-9.1ubuntu1) ...\r\nSelecting previously unselected package libdpkg-perl.\r\nPreparing to unpack .../50-libdpkg-perl_1.19.0.5ubuntu2.4_all.deb ...\r\nUnpacking libdpkg-perl (1.19.0.5ubuntu2.4) ...\r\nSelecting previously unselected package dpkg-dev.\r\nPreparing to unpack .../51-dpkg-dev_1.19.0.5ubuntu2.4_all.deb ...\r\nUnpacking dpkg-dev (1.19.0.5ubuntu2.4) ...\r\nSelecting previously unselected package build-essential.\r\nPreparing to unpack .../52-build-essential_12.4ubuntu1_amd64.deb ...\r\nUnpacking build-essential (12.4ubuntu1) ...\r\nSelecting previously unselected package python3-lib2to3.\r\nPreparing to unpack .../53-python3-lib2to3_3.6.9-1~18.04_all.deb ...\r\nUnpacking python3-lib2to3 (3.6.9-1~18.04) ...\r\nSelecting previously unselected package python3-distutils.\r\nPreparing to unpack .../54-python3-distutils_3.6.9-1~18.04_all.deb ...\r\nUnpacking python3-distutils (3.6.9-1~18.04) ...\r\nSelecting previously unselected package dh-python.\r\nPreparing to unpack .../55-dh-python_3.20180325ubuntu2_all.deb ...\r\nUnpacking dh-python (3.20180325ubuntu2) ...\r\nSelecting previously unselected package libfakeroot:amd64.\r\nPreparing to unpack .../56-libfakeroot_1.22-2ubuntu1_amd64.deb ...\r\nUnpacking libfakeroot:amd64 (1.22-2ubuntu1) ...\r\nSelecting previously unselected package fakeroot.\r\nPreparing to unpack .../57-fakeroot_1.22-2ubuntu1_amd64.deb ...\r\nUnpacking fakeroot (1.22-2ubuntu1) ...\r\nSelecting previously unselected package libalgorithm-diff-perl.\r\nPreparing to unpack .../58-libalgorithm-diff-perl_1.19.03-1_all.deb ...\r\nUnpacking libalgorithm-diff-perl (1.19.03-1) ...\r\nSelecting previously unselected package libalgorithm-diff-xs-perl.\r\nPreparing to unpack .../59-libalgorithm-diff-xs-perl_0.04-5_amd64.deb ...\r\nUnpacking libalgorithm-diff-xs-perl (0.04-5) ...\r\nSelecting previously unselected package libalgorithm-merge-perl.\r\nPreparing to unpack .../60-libalgorithm-merge-perl_0.08-3_all.deb ...\r\nUnpacking libalgorithm-merge-perl (0.08-3) ...\r\nSelecting previously unselected package libexpat1-dev:amd64.\r\nPreparing to unpack .../61-libexpat1-dev_2.2.5-3ubuntu0.9_amd64.deb ...\r\nUnpacking libexpat1-dev:amd64 (2.2.5-3ubuntu0.9) ...\r\nSelecting previously unselected package libfile-fcntllock-perl.\r\nPreparing to unpack .../62-libfile-fcntllock-perl_0.22-3build2_amd64.deb ...\r\nUnpacking libfile-fcntllock-perl (0.22-3build2) ...\r\nSelecting previously unselected package libpython3.6:amd64.\r\nPreparing to unpack .../63-libpython3.6_3.6.9-1~18.04ubuntu1.9_amd64.deb ...\r\nUnpacking libpython3.6:amd64 (3.6.9-1~18.04ubuntu1.9) ...\r\nSelecting previously unselected package libpython3.6-dev:amd64.\r\nPreparing to unpack .../64-libpython3.6-dev_3.6.9-1~18.04ubuntu1.9_amd64.deb ...\r\nUnpacking libpython3.6-dev:amd64 (3.6.9-1~18.04ubuntu1.9) ...\r\nSelecting previously unselected package libpython3-dev:amd64.\r\nPreparing to unpack .../65-libpython3-dev_3.6.7-1~18.04_amd64.deb ...\r\nUnpacking libpython3-dev:amd64 (3.6.7-1~18.04) ...\r\nSelecting previously unselected package manpages-dev.\r\nPreparing to unpack .../66-manpages-dev_4.15-1_all.deb ...\r\nUnpacking manpages-dev (4.15-1) ...\r\nSelecting previously unselected package python-pip-whl.\r\nPreparing to unpack .../67-python-pip-whl_9.0.1-2.3~ubuntu1.18.04.5_all.deb ...\r\nUnpacking python-pip-whl (9.0.1-2.3~ubuntu1.18.04.5) ...\r\nSelecting previously unselected package python3-asn1crypto.\r\nPreparing to unpack .../68-python3-asn1crypto_0.24.0-1_all.deb ...\r\nUnpacking python3-asn1crypto (0.24.0-1) ...\r\nSelecting previously unselected package python3-cffi-backend.\r\nPreparing to unpack .../69-python3-cffi-backend_1.11.5-1_amd64.deb ...\r\nUnpacking python3-cffi-backend (1.11.5-1) ...\r\nSelecting previously unselected package python3-crypto.\r\nPreparing to unpack .../70-python3-crypto_2.6.1-8ubuntu2_amd64.deb ...\r\nUnpacking python3-crypto (2.6.1-8ubuntu2) ...\r\nSelecting previously unselected package python3-idna.\r\nPreparing to unpack .../71-python3-idna_2.6-1_all.deb ...\r\nUnpacking python3-idna (2.6-1) ...\r\nSelecting previously unselected package python3-six.\r\nPreparing to unpack .../72-python3-six_1.11.0-2_all.deb ...\r\nUnpacking python3-six (1.11.0-2) ...\r\nSelecting previously unselected package python3-cryptography.\r\nPreparing to unpack .../73-python3-cryptography_2.1.4-1ubuntu1.4_amd64.deb ...\r\nUnpacking python3-cryptography (2.1.4-1ubuntu1.4) ...\r\nSelecting previously unselected package python3.6-dev.\r\nPreparing to unpack .../74-python3.6-dev_3.6.9-1~18.04ubuntu1.9_amd64.deb ...\r\nUnpacking python3.6-dev (3.6.9-1~18.04ubuntu1.9) ...\r\nSelecting previously unselected package python3-dev.\r\nPreparing to unpack .../75-python3-dev_3.6.7-1~18.04_amd64.deb ...\r\nUnpacking python3-dev (3.6.7-1~18.04) ...\r\nSelecting previously unselected package python3-secretstorage.\r\nPreparing to unpack .../76-python3-secretstorage_2.3.1-2_all.deb ...\r\nUnpacking python3-secretstorage (2.3.1-2) ...\r\nSelecting previously unselected package python3-keyring.\r\nPreparing to unpack .../77-python3-keyring_10.6.0-1_all.deb ...\r\nUnpacking python3-keyring (10.6.0-1) ...\r\nSelecting previously unselected package python3-keyrings.alt.\r\nPreparing to unpack .../78-python3-keyrings.alt_3.0-1_all.deb ...\r\nUnpacking python3-keyrings.alt (3.0-1) ...\r\nSelecting previously unselected package python3-pip.\r\nPreparing to unpack .../79-python3-pip_9.0.1-2.3~ubuntu1.18.04.5_all.deb ...\r\nUnpacking python3-pip (9.0.1-2.3~ubuntu1.18.04.5) ...\r\nSelecting previously unselected package python3-pkg-resources.\r\nPreparing to unpack .../80-python3-pkg-resources_39.0.1-2_all.deb ...\r\nUnpacking python3-pkg-resources (39.0.1-2) ...\r\nSelecting previously unselected package python3-setuptools.\r\nPreparing to unpack .../81-python3-setuptools_39.0.1-2_all.deb ...\r\nUnpacking python3-setuptools (39.0.1-2) ...\r\nSelecting previously unselected package python3-wheel.\r\nPreparing to unpack .../82-python3-wheel_0.30.0-0.2_all.deb ...\r\nUnpacking python3-wheel (0.30.0-0.2) ...\r\nSelecting previously unselected package python3-xdg.\r\nPreparing to unpack .../83-python3-xdg_0.25-4ubuntu1.1_all.deb ...\r\nUnpacking python3-xdg (0.25-4ubuntu1.1) ...\r\nSelecting previously unselected package python3.6-venv.\r\nPreparing to unpack .../84-python3.6-venv_3.6.9-1~18.04ubuntu1.9_amd64.deb ...\r\nUnpacking python3.6-venv (3.6.9-1~18.04ubuntu1.9) ...\r\nSetting up libquadmath0:amd64 (8.4.0-1ubuntu1~18.04) ...\r\nSetting up libgomp1:amd64 (8.4.0-1ubuntu1~18.04) ...\r\nSetting up libatomic1:amd64 (8.4.0-1ubuntu1~18.04) ...\r\nSetting up python-pip-whl (9.0.1-2.3~ubuntu1.18.04.5) ...\r\nSetting up manpages (4.15-1) ...\r\nSetting up libicu60:amd64 (60.2-3ubuntu3.2) ...\r\nSetting up libcc1-0:amd64 (8.4.0-1ubuntu1~18.04) ...\r\nSetting up make (4.1-9.1ubuntu1) ...\r\nSetting up mime-support (3.60ubuntu1) ...\r\nSetting up libtsan0:amd64 (8.4.0-1ubuntu1~18.04) ...\r\nSetting up libglib2.0-0:amd64 (2.56.4-0ubuntu0.18.04.9) ...\r\nNo schema files found: doing nothing.\r\nSetting up linux-libc-dev:amd64 (4.15.0-200.211) ...\r\nSetting up libmpfr6:amd64 (4.0.1-1) ...\r\nSetting up libdpkg-perl (1.19.0.5ubuntu2.4) ...\r\nSetting up libgirepository-1.0-1:amd64 (1.56.1-1) ...\r\nSetting up libxml2:amd64 (2.9.4+dfsg1-6.1ubuntu1.8) ...\r\nSetting up libmagic-mgc (1:5.32-2ubuntu0.4) ...\r\nSetting up libmagic1:amd64 (1:5.32-2ubuntu0.4) ...\r\nSetting up liblsan0:amd64 (8.4.0-1ubuntu1~18.04) ...\r\nSetting up gcc-7-base:amd64 (7.5.0-3ubuntu1~18.04) ...\r\nSetting up binutils-common:amd64 (2.30-21ubuntu1~18.04.8) ...\r\nSetting up libfile-fcntllock-perl (0.22-3build2) ...\r\nSetting up libmpx2:amd64 (8.4.0-1ubuntu1~18.04) ...\r\nSetting up gir1.2-glib-2.0:amd64 (1.56.1-1) ...\r\nSetting up libglib2.0-data (2.56.4-0ubuntu0.18.04.9) ...\r\nSetting up libapparmor1:amd64 (2.12-4ubuntu5.1) ...\r\nSetting up xz-utils (5.2.2-1.3ubuntu0.1) ...\r\nupdate-alternatives: using /usr/bin/xz to provide /usr/bin/lzma (lzma) in auto mode\r\nupdate-alternatives: warning: skip creation of /usr/share/man/man1/lzma.1.gz because associated file /usr/share/man/man1/xz.1.gz (of link group lzma) doesn't exist\r\nupdate-alternatives: warning: skip creation of /usr/share/man/man1/unlzma.1.gz because associated file /usr/share/man/man1/unxz.1.gz (of link group lzma) doesn't exist\r\nupdate-alternatives: warning: skip creation of /usr/share/man/man1/lzcat.1.gz because associated file /usr/share/man/man1/xzcat.1.gz (of link group lzma) doesn't exist\r\nupdate-alternatives: warning: skip creation of /usr/share/man/man1/lzmore.1.gz because associated file /usr/share/man/man1/xzmore.1.gz (of link group lzma) doesn't exist\r\nupdate-alternatives: warning: skip creation of /usr/share/man/man1/lzless.1.gz because associated file /usr/share/man/man1/xzless.1.gz (of link group lzma) doesn't exist\r\nupdate-alternatives: warning: skip creation of /usr/share/man/man1/lzdiff.1.gz because associated file /usr/share/man/man1/xzdiff.1.gz (of link group lzma) doesn't exist\r\nupdate-alternatives: warning: skip creation of /usr/share/man/man1/lzcmp.1.gz because associated file /usr/share/man/man1/xzcmp.1.gz (of link group lzma) doesn't exist\r\nupdate-alternatives: warning: skip creation of /usr/share/man/man1/lzgrep.1.gz because associated file /usr/share/man/man1/xzgrep.1.gz (of link group lzma) doesn't exist\r\nupdate-alternatives: warning: skip creation of /usr/share/man/man1/lzegrep.1.gz because associated file /usr/share/man/man1/xzegrep.1.gz (of link group lzma) doesn't exist\r\nupdate-alternatives: warning: skip creation of /usr/share/man/man1/lzfgrep.1.gz because associated file /usr/share/man/man1/xzfgrep.1.gz (of link group lzma) doesn't exist\r\nSetting up libfakeroot:amd64 (1.22-2ubuntu1) ...\r\nSetting up libalgorithm-diff-perl (1.19.03-1) ...\r\nSetting up liblocale-gettext-perl (1.07-3build2) ...\r\nSetting up shared-mime-info (1.9-2) ...\r\nSetting up libmpc3:amd64 (1.1.0-1) ...\r\nSetting up libc-dev-bin (2.27-3ubuntu1.6) ...\r\nSetting up manpages-dev (4.15-1) ...\r\nSetting up libc6-dev:amd64 (2.27-3ubuntu1.6) ...\r\nSetting up xdg-user-dirs (0.17-1ubuntu1) ...\r\nSetting up libitm1:amd64 (8.4.0-1ubuntu1~18.04) ...\r\nSetting up libmpdec2:amd64 (2.4.2-1ubuntu1) ...\r\nSetting up libdbus-1-3:amd64 (1.12.2-1ubuntu1.4) ...\r\nSetting up libisl19:amd64 (0.19-1) ...\r\nSetting up libpython3.6-stdlib:amd64 (3.6.9-1~18.04ubuntu1.9) ...\r\nSetting up python3.6 (3.6.9-1~18.04ubuntu1.9) ...\r\nSetting up libasan4:amd64 (7.5.0-3ubuntu1~18.04) ...\r\nSetting up libbinutils:amd64 (2.30-21ubuntu1~18.04.8) ...\r\nSetting up libcilkrts5:amd64 (7.5.0-3ubuntu1~18.04) ...\r\nSetting up libubsan0:amd64 (7.5.0-3ubuntu1~18.04) ...\r\nSetting up python3.6-venv (3.6.9-1~18.04ubuntu1.9) ...\r\nSetting up file (1:5.32-2ubuntu0.4) ...\r\nSetting up fakeroot (1.22-2ubuntu1) ...\r\nupdate-alternatives: using /usr/bin/fakeroot-sysv to provide /usr/bin/fakeroot (fakeroot) in auto mode\r\nupdate-alternatives: warning: skip creation of /usr/share/man/man1/fakeroot.1.gz because associated file /usr/share/man/man1/fakeroot-sysv.1.gz (of link group fakeroot) doesn't exist\r\nupdate-alternatives: warning: skip creation of /usr/share/man/man1/faked.1.gz because associated file /usr/share/man/man1/faked-sysv.1.gz (of link group fakeroot) doesn't exist\r\nupdate-alternatives: warning: skip creation of /usr/share/man/es/man1/fakeroot.1.gz because associated file /usr/share/man/es/man1/fakeroot-sysv.1.gz (of link group fakeroot) doesn't exist\r\nupdate-alternatives: warning: skip creation of /usr/share/man/es/man1/faked.1.gz because associated file /usr/share/man/es/man1/faked-sysv.1.gz (of link group fakeroot) doesn't exist\r\nupdate-alternatives: warning: skip creation of /usr/share/man/fr/man1/fakeroot.1.gz because associated file /usr/share/man/fr/man1/fakeroot-sysv.1.gz (of link group fakeroot) doesn't exist\r\nupdate-alternatives: warning: skip creation of /usr/share/man/fr/man1/faked.1.gz because associated file /usr/share/man/fr/man1/faked-sysv.1.gz (of link group fakeroot) doesn't exist\r\nupdate-alternatives: warning: skip creation of /usr/share/man/sv/man1/fakeroot.1.gz because associated file /usr/share/man/sv/man1/fakeroot-sysv.1.gz (of link group fakeroot) doesn't exist\r\nupdate-alternatives: warning: skip creation of /usr/share/man/sv/man1/faked.1.gz because associated file /usr/share/man/sv/man1/faked-sysv.1.gz (of link group fakeroot) doesn't exist\r\nSetting up libgcc-7-dev:amd64 (7.5.0-3ubuntu1~18.04) ...\r\nSetting up cpp-7 (7.5.0-3ubuntu1~18.04) ...\r\nSetting up libstdc++-7-dev:amd64 (7.5.0-3ubuntu1~18.04) ...\r\nSetting up libalgorithm-merge-perl (0.08-3) ...\r\nSetting up libalgorithm-diff-xs-perl (0.04-5) ...\r\nSetting up libexpat1-dev:amd64 (2.2.5-3ubuntu0.9) ...\r\nSetting up dbus (1.12.2-1ubuntu1.4) ...\r\nSetting up libpython3.6:amd64 (3.6.9-1~18.04ubuntu1.9) ...\r\nSetting up binutils-x86-64-linux-gnu (2.30-21ubuntu1~18.04.8) ...\r\nSetting up libpython3-stdlib:amd64 (3.6.7-1~18.04) ...\r\nSetting up cpp (4:7.4.0-1ubuntu2.3) ...\r\nSetting up python3 (3.6.7-1~18.04) ...\r\nrunning python rtupdate hooks for python3.6...\r\nrunning python post-rtupdate hooks for python3.6...\r\nSetting up python3-cffi-backend (1.11.5-1) ...\r\nSetting up python3-crypto (2.6.1-8ubuntu2) ...\r\nSetting up python3-idna (2.6-1) ...\r\nSetting up python3-xdg (0.25-4ubuntu1.1) ...\r\nSetting up python3-six (1.11.0-2) ...\r\nSetting up python3-wheel (0.30.0-0.2) ...\r\nSetting up python3-pkg-resources (39.0.1-2) ...\r\nSetting up python3-gi (3.26.1-2ubuntu1) ...\r\nSetting up libpython3.6-dev:amd64 (3.6.9-1~18.04ubuntu1.9) ...\r\nSetting up python3-asn1crypto (0.24.0-1) ...\r\nSetting up binutils (2.30-21ubuntu1~18.04.8) ...\r\nSetting up python3.6-dev (3.6.9-1~18.04ubuntu1.9) ...\r\nSetting up python3-lib2to3 (3.6.9-1~18.04) ...\r\nSetting up python3-distutils (3.6.9-1~18.04) ...\r\nSetting up libpython3-dev:amd64 (3.6.7-1~18.04) ...\r\nSetting up python3-cryptography (2.1.4-1ubuntu1.4) ...\r\nSetting up python3-dbus (1.2.6-1) ...\r\nSetting up gcc-7 (7.5.0-3ubuntu1~18.04) ...\r\nSetting up g++-7 (7.5.0-3ubuntu1~18.04) ...\r\nSetting up python3-keyrings.alt (3.0-1) ...\r\nSetting up gcc (4:7.4.0-1ubuntu2.3) ...\r\nSetting up dpkg-dev (1.19.0.5ubuntu2.4) ...\r\nSetting up python3-pip (9.0.1-2.3~ubuntu1.18.04.5) ...\r\nSetting up g++ (4:7.4.0-1ubuntu2.3) ...\r\nupdate-alternatives: using /usr/bin/g++ to provide /usr/bin/c++ (c++) in auto mode\r\nupdate-alternatives: warning: skip creation of /usr/share/man/man1/c++.1.gz because associated file /usr/share/man/man1/g++.1.gz (of link group c++) doesn't exist\r\nSetting up python3-setuptools (39.0.1-2) ...\r\nSetting up python3-secretstorage (2.3.1-2) ...\r\nSetting up dh-python (3.20180325ubuntu2) ...\r\nSetting up python3-keyring (10.6.0-1) ...\r\nSetting up build-essential (12.4ubuntu1) ...\r\nSetting up python3-dev (3.6.7-1~18.04) ...\r\nProcessing triggers for libc-bin (2.27-3ubuntu1.5) ...\r\nRemoving intermediate container 5e1bf2c926c5\n ---> 6154fbc03427\nStep 11/27 : RUN python3.6 -m pip install pip --upgrade\n ---> Running in 6f40cd2953bf\nCollecting pip\n  Downloading https://files.pythonhosted.org/packages/a4/6d/6463d49a933f547439d6b5b98b46af8742cc03ae83543e4d7688c2420f8b/pip-21.3.1-py3-none-any.whl (1.7MB)\nInstalling collected packages: pip\n  Found existing installation: pip 9.0.1\n    Not uninstalling pip at /usr/lib/python3/dist-packages, outside environment /usr\nSuccessfully installed pip-21.3.1\nRemoving intermediate container 6f40cd2953bf\n ---> 065818d7e836\nStep 12/27 : RUN python3.6 -m pip install wheel\n ---> Running in cd3d7e070381\nRequirement already satisfied: wheel in /usr/lib/python3/dist-packages (0.30.0)\n\u001b[91mWARNING: Running pip as the 'root' user can result in broken permissions and conflicting behaviour with the system package manager. It is recommended to use a virtual environment instead: https://pip.pypa.io/warnings/venv\n\u001b[0mRemoving intermediate container cd3d7e070381\n ---> 40b41f629d5b\nStep 13/27 : FROM poldeepner-base\n ---> 40b41f629d5b\nStep 14/27 : RUN pip install seqeval\n ---> Running in b8b57bd93b9a\nCollecting seqeval\n  Downloading seqeval-1.2.2.tar.gz (43 kB)\n  Preparing metadata (setup.py): started\n  Preparing metadata (setup.py): finished with status 'error'\n\u001b[91m  ERROR: Command errored out with exit status 1:\n   command: /usr/bin/python3.6 -c 'import io, os, sys, setuptools, tokenize; sys.argv[0] = '\"'\"'/tmp/pip-install-ucbfuj1m/seqeval_bebe6b0a64724dccbf9d0187064eb3a4/setup.py'\"'\"'; __file__='\"'\"'/tmp/pip-install-ucbfuj1m/seqeval_bebe6b0a64724dccbf9d0187064eb3a4/setup.py'\"'\"';f = getattr(tokenize, '\"'\"'open'\"'\"', open)(__file__) if os.path.exists(__file__) else io.StringIO('\"'\"'from setuptools import setup; setup()'\"'\"');code = f.read().replace('\"'\"'\\r\\n'\"'\"', '\"'\"'\\n'\"'\"');f.close();exec(compile(code, __file__, '\"'\"'exec'\"'\"'))' egg_info --egg-base /tmp/pip-pip-egg-info-c2x4r7ob\n       cwd: /tmp/pip-install-ucbfuj1m/seqeval_bebe6b0a64724dccbf9d0187064eb3a4/\n  Complete output (24 lines):\n  /usr/lib/python3.6/distutils/dist.py:261: UserWarning: Unknown distribution option: 'long_description_content_type'\n    warnings.warn(msg)\n  Traceback (most recent call last):\n    File \"<string>\", line 1, in <module>\n    File \"/tmp/pip-install-ucbfuj1m/seqeval_bebe6b0a64724dccbf9d0187064eb3a4/setup.py\", line 56, in <module>\n      'Programming Language :: Python :: Implementation :: PyPy'\n    File \"/usr/lib/python3/dist-packages/setuptools/__init__.py\", line 129, in setup\n      return distutils.core.setup(**attrs)\n    File \"/usr/lib/python3.6/distutils/core.py\", line 108, in setup\n      _setup_distribution = dist = klass(attrs)\n    File \"/usr/lib/python3/dist-packages/setuptools/dist.py\", line 372, in __init__\n      _Distribution.__init__(self, attrs)\n    File \"/usr/lib/python3.6/distutils/dist.py\", line 281, in __init__\n      self.finalize_options()\n    File \"/usr/lib/python3/dist-packages/setuptools/dist.py\", line 528, in finalize_options\n      ep.load()(self, ep.name, value)\n    File \"/usr/lib/python3/dist-packages/pkg_resources/__init__.py\", line 2324, in load\n      return self.resolve()\n    File \"/usr/lib/python3/dist-packages/pkg_resources/__init__.py\", line 2330, in resolve\n      module = __import__(self.module_name, fromlist=['__name__'], level=0)\n    File \"/tmp/pip-install-ucbfuj1m/seqeval_bebe6b0a64724dccbf9d0187064eb3a4/.eggs/setuptools_scm-7.1.0-py3.6.egg/setuptools_scm/__init__.py\", line 5\n      from __future__ import annotations\n      ^\n  SyntaxError: future feature annotations is not defined\n  ----------------------------------------\n\u001b[0m\u001b[91mWARNING: Discarding https://files.pythonhosted.org/packages/9d/2d/233c79d5b4e5ab1dbf111242299153f3caddddbb691219f363ad55ce783d/seqeval-1.2.2.tar.gz#sha256=f28e97c3ab96d6fcd32b648f6438ff2e09cfba87f05939da9b3970713ec56e6f (from https://pypi.org/simple/seqeval/). Command errored out with exit status 1: python setup.py egg_info Check the logs for full command output.\n\u001b[0m  Downloading seqeval-1.2.1.tar.gz (43 kB)\n  Preparing metadata (setup.py): started\n  Preparing metadata (setup.py): finished with status 'error'\n\u001b[91m  ERROR: Command errored out with exit status 1:\n   command: /usr/bin/python3.6 -c 'import io, os, sys, setuptools, tokenize; sys.argv[0] = '\"'\"'/tmp/pip-install-ucbfuj1m/seqeval_0a280fac05ae4900bde8aa659af65cf8/setup.py'\"'\"'; __file__='\"'\"'/tmp/pip-install-ucbfuj1m/seqeval_0a280fac05ae4900bde8aa659af65cf8/setup.py'\"'\"';f = getattr(tokenize, '\"'\"'open'\"'\"', open)(__file__) if os.path.exists(__file__) else io.StringIO('\"'\"'from setuptools import setup; setup()'\"'\"');code = f.read().replace('\"'\"'\\r\\n'\"'\"', '\"'\"'\\n'\"'\"');f.close();exec(compile(code, __file__, '\"'\"'exec'\"'\"'))' egg_info --egg-base /tmp/pip-pip-egg-info-_j6qci0e\n       cwd: /tmp/pip-install-ucbfuj1m/seqeval_0a280fac05ae4900bde8aa659af65cf8/\n  Complete output (24 lines):\n  /usr/lib/python3.6/distutils/dist.py:261: UserWarning: Unknown distribution option: 'long_description_content_type'\n    warnings.warn(msg)\n  Traceback (most recent call last):\n    File \"<string>\", line 1, in <module>\n    File \"/tmp/pip-install-ucbfuj1m/seqeval_0a280fac05ae4900bde8aa659af65cf8/setup.py\", line 56, in <module>\n      'Programming Language :: Python :: Implementation :: PyPy'\n    File \"/usr/lib/python3/dist-packages/setuptools/__init__.py\", line 129, in setup\n      return distutils.core.setup(**attrs)\n    File \"/usr/lib/python3.6/distutils/core.py\", line 108, in setup\n      _setup_distribution = dist = klass(attrs)\n    File \"/usr/lib/python3/dist-packages/setuptools/dist.py\", line 372, in __init__\n      _Distribution.__init__(self, attrs)\n    File \"/usr/lib/python3.6/distutils/dist.py\", line 281, in __init__\n      self.finalize_options()\n    File \"/usr/lib/python3/dist-packages/setuptools/dist.py\", line 528, in finalize_options\n      ep.load()(self, ep.name, value)\n    File \"/usr/lib/python3/dist-packages/pkg_resources/__init__.py\", line 2324, in load\n      return self.resolve()\n    File \"/usr/lib/python3/dist-packages/pkg_resources/__init__.py\", line 2330, in resolve\n      module = __import__(self.module_name, fromlist=['__name__'], level=0)\n    File \"/tmp/pip-install-ucbfuj1m/seqeval_0a280fac05ae4900bde8aa659af65cf8/.eggs/setuptools_scm-7.1.0-py3.6.egg/setuptools_scm/__init__.py\", line 5\n      from __future__ import annotations\n      ^\n  SyntaxError: future feature annotations is not defined\n  ----------------------------------------\n\u001b[0m\u001b[91mWARNING: Discarding https://files.pythonhosted.org/packages/c4/47/f85f522f1f2532ca650474088e4024a9f52d524379bff058eaadf53cb663/seqeval-1.2.1.tar.gz#sha256=30906241b12e654c8545d1f707c00339d7ccfee1e53b9da0cdc0dea72156721e (from https://pypi.org/simple/seqeval/). Command errored out with exit status 1: python setup.py egg_info Check the logs for full command output.\n\u001b[0m  Downloading seqeval-1.2.0.tar.gz (42 kB)\n  Preparing metadata (setup.py): started\n  Preparing metadata (setup.py): finished with status 'error'\n\u001b[91m  ERROR: Command errored out with exit status 1:\n   command: /usr/bin/python3.6 -c 'import io, os, sys, setuptools, tokenize; sys.argv[0] = '\"'\"'/tmp/pip-install-ucbfuj1m/seqeval_4f1255dae3e643a0bc351b014916dc1c/setup.py'\"'\"'; __file__='\"'\"'/tmp/pip-install-ucbfuj1m/seqeval_4f1255dae3e643a0bc351b014916dc1c/setup.py'\"'\"';f = getattr(tokenize, '\"'\"'open'\"'\"', open)(__file__) if os.path.exists(__file__) else io.StringIO('\"'\"'from setuptools import setup; setup()'\"'\"');code = f.read().replace('\"'\"'\\r\\n'\"'\"', '\"'\"'\\n'\"'\"');f.close();exec(compile(code, __file__, '\"'\"'exec'\"'\"'))' egg_info --egg-base /tmp/pip-pip-egg-info-2rzzosmi\n       cwd: /tmp/pip-install-ucbfuj1m/seqeval_4f1255dae3e643a0bc351b014916dc1c/\n  Complete output (24 lines):\n  /usr/lib/python3.6/distutils/dist.py:261: UserWarning: Unknown distribution option: 'long_description_content_type'\n    warnings.warn(msg)\n  Traceback (most recent call last):\n    File \"<string>\", line 1, in <module>\n    File \"/tmp/pip-install-ucbfuj1m/seqeval_4f1255dae3e643a0bc351b014916dc1c/setup.py\", line 56, in <module>\n      'Programming Language :: Python :: Implementation :: PyPy'\n    File \"/usr/lib/python3/dist-packages/setuptools/__init__.py\", line 129, in setup\n      return distutils.core.setup(**attrs)\n    File \"/usr/lib/python3.6/distutils/core.py\", line 108, in setup\n      _setup_distribution = dist = klass(attrs)\n    File \"/usr/lib/python3/dist-packages/setuptools/dist.py\", line 372, in __init__\n      _Distribution.__init__(self, attrs)\n    File \"/usr/lib/python3.6/distutils/dist.py\", line 281, in __init__\n      self.finalize_options()\n    File \"/usr/lib/python3/dist-packages/setuptools/dist.py\", line 528, in finalize_options\n      ep.load()(self, ep.name, value)\n    File \"/usr/lib/python3/dist-packages/pkg_resources/__init__.py\", line 2324, in load\n      return self.resolve()\n    File \"/usr/lib/python3/dist-packages/pkg_resources/__init__.py\", line 2330, in resolve\n      module = __import__(self.module_name, fromlist=['__name__'], level=0)\n    File \"/tmp/pip-install-ucbfuj1m/seqeval_4f1255dae3e643a0bc351b014916dc1c/.eggs/setuptools_scm-7.1.0-py3.6.egg/setuptools_scm/__init__.py\", line 5\n      from __future__ import annotations\n      ^\n  SyntaxError: future feature annotations is not defined\n  ----------------------------------------\n\u001b[0m\u001b[91mWARNING: Discarding https://files.pythonhosted.org/packages/be/cd/d467b26ee460ff69c04e225c3bc7ea97ade4dc43c6982bac99ff032bb3e1/seqeval-1.2.0.tar.gz#sha256=3a373fda2320e176c20b22eec3c1c98817da99b67df91fce953ac2e22c1018ac (from https://pypi.org/simple/seqeval/). Command errored out with exit status 1: python setup.py egg_info Check the logs for full command output.\n\u001b[0m  Downloading seqeval-1.1.1.tar.gz (40 kB)\n  Preparing metadata (setup.py): started\n  Preparing metadata (setup.py): finished with status 'error'\n\u001b[91m  ERROR: Command errored out with exit status 1:\n   command: /usr/bin/python3.6 -c 'import io, os, sys, setuptools, tokenize; sys.argv[0] = '\"'\"'/tmp/pip-install-ucbfuj1m/seqeval_5089b1d4fd6247ed803089bff4d6345a/setup.py'\"'\"'; __file__='\"'\"'/tmp/pip-install-ucbfuj1m/seqeval_5089b1d4fd6247ed803089bff4d6345a/setup.py'\"'\"';f = getattr(tokenize, '\"'\"'open'\"'\"', open)(__file__) if os.path.exists(__file__) else io.StringIO('\"'\"'from setuptools import setup; setup()'\"'\"');code = f.read().replace('\"'\"'\\r\\n'\"'\"', '\"'\"'\\n'\"'\"');f.close();exec(compile(code, __file__, '\"'\"'exec'\"'\"'))' egg_info --egg-base /tmp/pip-pip-egg-info-hik3h0xy\n       cwd: /tmp/pip-install-ucbfuj1m/seqeval_5089b1d4fd6247ed803089bff4d6345a/\n  Complete output (24 lines):\n  /usr/lib/python3.6/distutils/dist.py:261: UserWarning: Unknown distribution option: 'long_description_content_type'\n    warnings.warn(msg)\n  Traceback (most recent call last):\n    File \"<string>\", line 1, in <module>\n    File \"/tmp/pip-install-ucbfuj1m/seqeval_5089b1d4fd6247ed803089bff4d6345a/setup.py\", line 56, in <module>\n      'Programming Language :: Python :: Implementation :: PyPy'\n    File \"/usr/lib/python3/dist-packages/setuptools/__init__.py\", line 129, in setup\n      return distutils.core.setup(**attrs)\n    File \"/usr/lib/python3.6/distutils/core.py\", line 108, in setup\n      _setup_distribution = dist = klass(attrs)\n    File \"/usr/lib/python3/dist-packages/setuptools/dist.py\", line 372, in __init__\n      _Distribution.__init__(self, attrs)\n    File \"/usr/lib/python3.6/distutils/dist.py\", line 281, in __init__\n      self.finalize_options()\n    File \"/usr/lib/python3/dist-packages/setuptools/dist.py\", line 528, in finalize_options\n      ep.load()(self, ep.name, value)\n    File \"/usr/lib/python3/dist-packages/pkg_resources/__init__.py\", line 2324, in load\n      return self.resolve()\n    File \"/usr/lib/python3/dist-packages/pkg_resources/__init__.py\", line 2330, in resolve\n      module = __import__(self.module_name, fromlist=['__name__'], level=0)\n    File \"/tmp/pip-install-ucbfuj1m/seqeval_5089b1d4fd6247ed803089bff4d6345a/.eggs/setuptools_scm-7.1.0-py3.6.egg/setuptools_scm/__init__.py\", line 5\n      from __future__ import annotations\n      ^\n  SyntaxError: future feature annotations is not defined\n  ----------------------------------------\n\u001b[0m\u001b[91mWARNING: Discarding https://files.pythonhosted.org/packages/ba/7d/4bf58a9ac8cf69d24a388eb44f25d713c9a66ee9abaacb929aa5be0bbd36/seqeval-1.1.1.tar.gz#sha256=02843a9ac7568501c8d15454d2acdf8c68151b3167ba484cfb4282675a84f03d (from https://pypi.org/simple/seqeval/). Command errored out with exit status 1: python setup.py egg_info Check the logs for full command output.\n\u001b[0m  Downloading seqeval-1.1.0.tar.gz (37 kB)\n  Preparing metadata (setup.py): started\n  Preparing metadata (setup.py): finished with status 'error'\n\u001b[91m  ERROR: Command errored out with exit status 1:\n   command: /usr/bin/python3.6 -c 'import io, os, sys, setuptools, tokenize; sys.argv[0] = '\"'\"'/tmp/pip-install-ucbfuj1m/seqeval_6210aa92ade44af4b0720a8350d4972b/setup.py'\"'\"'; __file__='\"'\"'/tmp/pip-install-ucbfuj1m/seqeval_6210aa92ade44af4b0720a8350d4972b/setup.py'\"'\"';f = getattr(tokenize, '\"'\"'open'\"'\"', open)(__file__) if os.path.exists(__file__) else io.StringIO('\"'\"'from setuptools import setup; setup()'\"'\"');code = f.read().replace('\"'\"'\\r\\n'\"'\"', '\"'\"'\\n'\"'\"');f.close();exec(compile(code, __file__, '\"'\"'exec'\"'\"'))' egg_info --egg-base /tmp/pip-pip-egg-info-r668_5i5\n       cwd: /tmp/pip-install-ucbfuj1m/seqeval_6210aa92ade44af4b0720a8350d4972b/\n  Complete output (24 lines):\n  /usr/lib/python3.6/distutils/dist.py:261: UserWarning: Unknown distribution option: 'long_description_content_type'\n    warnings.warn(msg)\n  Traceback (most recent call last):\n    File \"<string>\", line 1, in <module>\n    File \"/tmp/pip-install-ucbfuj1m/seqeval_6210aa92ade44af4b0720a8350d4972b/setup.py\", line 56, in <module>\n      'Programming Language :: Python :: Implementation :: PyPy'\n    File \"/usr/lib/python3/dist-packages/setuptools/__init__.py\", line 129, in setup\n      return distutils.core.setup(**attrs)\n    File \"/usr/lib/python3.6/distutils/core.py\", line 108, in setup\n      _setup_distribution = dist = klass(attrs)\n    File \"/usr/lib/python3/dist-packages/setuptools/dist.py\", line 372, in __init__\n      _Distribution.__init__(self, attrs)\n    File \"/usr/lib/python3.6/distutils/dist.py\", line 281, in __init__\n      self.finalize_options()\n    File \"/usr/lib/python3/dist-packages/setuptools/dist.py\", line 528, in finalize_options\n      ep.load()(self, ep.name, value)\n    File \"/usr/lib/python3/dist-packages/pkg_resources/__init__.py\", line 2324, in load\n      return self.resolve()\n    File \"/usr/lib/python3/dist-packages/pkg_resources/__init__.py\", line 2330, in resolve\n      module = __import__(self.module_name, fromlist=['__name__'], level=0)\n    File \"/tmp/pip-install-ucbfuj1m/seqeval_6210aa92ade44af4b0720a8350d4972b/.eggs/setuptools_scm-7.1.0-py3.6.egg/setuptools_scm/__init__.py\", line 5\n      from __future__ import annotations\n      ^\n  SyntaxError: future feature annotations is not defined\n  ----------------------------------------\n\u001b[0m\u001b[91mWARNING: Discarding https://files.pythonhosted.org/packages/bc/6c/71a5ca457851287ceba1c969bfb21f46ffdae7dfae1fa30456ef4bdc6412/seqeval-1.1.0.tar.gz#sha256=6cf96d8dd2a7d1e428e5d52e28ba2b2468c77128790a0dab1cf78cb680236798 (from https://pypi.org/simple/seqeval/). Command errored out with exit status 1: python setup.py egg_info Check the logs for full command output.\n\u001b[0m  Downloading seqeval-1.0.0.tar.gz (36 kB)\n  Preparing metadata (setup.py): started\n  Preparing metadata (setup.py): finished with status 'error'\n\u001b[91m  ERROR: Command errored out with exit status 1:\n   command: /usr/bin/python3.6 -c 'import io, os, sys, setuptools, tokenize; sys.argv[0] = '\"'\"'/tmp/pip-install-ucbfuj1m/seqeval_cc163c3295b14639b7d2c5eab61128a2/setup.py'\"'\"'; __file__='\"'\"'/tmp/pip-install-ucbfuj1m/seqeval_cc163c3295b14639b7d2c5eab61128a2/setup.py'\"'\"';f = getattr(tokenize, '\"'\"'open'\"'\"', open)(__file__) if os.path.exists(__file__) else io.StringIO('\"'\"'from setuptools import setup; setup()'\"'\"');code = f.read().replace('\"'\"'\\r\\n'\"'\"', '\"'\"'\\n'\"'\"');f.close();exec(compile(code, __file__, '\"'\"'exec'\"'\"'))' egg_info --egg-base /tmp/pip-pip-egg-info-wtyqyt_5\n       cwd: /tmp/pip-install-ucbfuj1m/seqeval_cc163c3295b14639b7d2c5eab61128a2/\n  Complete output (24 lines):\n  /usr/lib/python3.6/distutils/dist.py:261: UserWarning: Unknown distribution option: 'long_description_content_type'\n    warnings.warn(msg)\n  Traceback (most recent call last):\n    File \"<string>\", line 1, in <module>\n    File \"/tmp/pip-install-ucbfuj1m/seqeval_cc163c3295b14639b7d2c5eab61128a2/setup.py\", line 57, in <module>\n      'Programming Language :: Python :: Implementation :: PyPy'\n    File \"/usr/lib/python3/dist-packages/setuptools/__init__.py\", line 129, in setup\n      return distutils.core.setup(**attrs)\n    File \"/usr/lib/python3.6/distutils/core.py\", line 108, in setup\n      _setup_distribution = dist = klass(attrs)\n    File \"/usr/lib/python3/dist-packages/setuptools/dist.py\", line 372, in __init__\n      _Distribution.__init__(self, attrs)\n    File \"/usr/lib/python3.6/distutils/dist.py\", line 281, in __init__\n      self.finalize_options()\n    File \"/usr/lib/python3/dist-packages/setuptools/dist.py\", line 528, in finalize_options\n      ep.load()(self, ep.name, value)\n    File \"/usr/lib/python3/dist-packages/pkg_resources/__init__.py\", line 2324, in load\n      return self.resolve()\n    File \"/usr/lib/python3/dist-packages/pkg_resources/__init__.py\", line 2330, in resolve\n      module = __import__(self.module_name, fromlist=['__name__'], level=0)\n    File \"/tmp/pip-install-ucbfuj1m/seqeval_cc163c3295b14639b7d2c5eab61128a2/.eggs/setuptools_scm-7.1.0-py3.6.egg/setuptools_scm/__init__.py\", line 5\n      from __future__ import annotations\n      ^\n  SyntaxError: future feature annotations is not defined\n  ----------------------------------------\n\u001b[0m\u001b[91mWARNING: Discarding https://files.pythonhosted.org/packages/75/63/180f7556bfd9b0f89bc853ee46d01a3a611d74798230a930afac6873d15c/seqeval-1.0.0.tar.gz#sha256=987d065ebaaca050f26089b8f20e8254f4b268ad2b90a7b7d4c0744abd644078 (from https://pypi.org/simple/seqeval/). Command errored out with exit status 1: python setup.py egg_info Check the logs for full command output.\n\u001b[0m  Downloading seqeval-0.0.19.tar.gz (30 kB)\n  Preparing metadata (setup.py): started\n  Preparing metadata (setup.py): finished with status 'error'\n\u001b[91m  ERROR: Command errored out with exit status 1:\n   command: /usr/bin/python3.6 -c 'import io, os, sys, setuptools, tokenize; sys.argv[0] = '\"'\"'/tmp/pip-install-ucbfuj1m/seqeval_3601eca1b73c49f4a9206706766912f4/setup.py'\"'\"'; __file__='\"'\"'/tmp/pip-install-ucbfuj1m/seqeval_3601eca1b73c49f4a9206706766912f4/setup.py'\"'\"';f = getattr(tokenize, '\"'\"'open'\"'\"', open)(__file__) if os.path.exists(__file__) else io.StringIO('\"'\"'from setuptools import setup; setup()'\"'\"');code = f.read().replace('\"'\"'\\r\\n'\"'\"', '\"'\"'\\n'\"'\"');f.close();exec(compile(code, __file__, '\"'\"'exec'\"'\"'))' egg_info --egg-base /tmp/pip-pip-egg-info-6b7qipo9\n       cwd: /tmp/pip-install-ucbfuj1m/seqeval_3601eca1b73c49f4a9206706766912f4/\n  Complete output (24 lines):\n  /usr/lib/python3.6/distutils/dist.py:261: UserWarning: Unknown distribution option: 'long_description_content_type'\n    warnings.warn(msg)\n  Traceback (most recent call last):\n    File \"<string>\", line 1, in <module>\n    File \"/tmp/pip-install-ucbfuj1m/seqeval_3601eca1b73c49f4a9206706766912f4/setup.py\", line 57, in <module>\n      'Programming Language :: Python :: Implementation :: PyPy'\n    File \"/usr/lib/python3/dist-packages/setuptools/__init__.py\", line 129, in setup\n      return distutils.core.setup(**attrs)\n    File \"/usr/lib/python3.6/distutils/core.py\", line 108, in setup\n      _setup_distribution = dist = klass(attrs)\n    File \"/usr/lib/python3/dist-packages/setuptools/dist.py\", line 372, in __init__\n      _Distribution.__init__(self, attrs)\n    File \"/usr/lib/python3.6/distutils/dist.py\", line 281, in __init__\n      self.finalize_options()\n    File \"/usr/lib/python3/dist-packages/setuptools/dist.py\", line 528, in finalize_options\n      ep.load()(self, ep.name, value)\n    File \"/usr/lib/python3/dist-packages/pkg_resources/__init__.py\", line 2324, in load\n      return self.resolve()\n    File \"/usr/lib/python3/dist-packages/pkg_resources/__init__.py\", line 2330, in resolve\n      module = __import__(self.module_name, fromlist=['__name__'], level=0)\n    File \"/tmp/pip-install-ucbfuj1m/seqeval_3601eca1b73c49f4a9206706766912f4/.eggs/setuptools_scm-7.1.0-py3.6.egg/setuptools_scm/__init__.py\", line 5\n      from __future__ import annotations\n      ^\n  SyntaxError: future feature annotations is not defined\n  ----------------------------------------\n\u001b[0m\u001b[91mWARNING: Discarding https://files.pythonhosted.org/packages/93/e5/b7705156a77f742cfe4fc6f22d0c71591edb2d243328dff2f8fc0f933ab6/seqeval-0.0.19.tar.gz#sha256=63209166fd74b11e88f1fa0132614ce852c6e83f678de76f7a53672c2d16c8d2 (from https://pypi.org/simple/seqeval/). Command errored out with exit status 1: python setup.py egg_info Check the logs for full command output.\n\u001b[0m  Downloading seqeval-0.0.18.tar.gz (20 kB)\n  Preparing metadata (setup.py): started\n  Preparing metadata (setup.py): finished with status 'error'\n\u001b[91m  ERROR: Command errored out with exit status 1:\n   command: /usr/bin/python3.6 -c 'import io, os, sys, setuptools, tokenize; sys.argv[0] = '\"'\"'/tmp/pip-install-ucbfuj1m/seqeval_3199a5a764df4ac7970c4e304a7cea1f/setup.py'\"'\"'; __file__='\"'\"'/tmp/pip-install-ucbfuj1m/seqeval_3199a5a764df4ac7970c4e304a7cea1f/setup.py'\"'\"';f = getattr(tokenize, '\"'\"'open'\"'\"', open)(__file__) if os.path.exists(__file__) else io.StringIO('\"'\"'from setuptools import setup; setup()'\"'\"');code = f.read().replace('\"'\"'\\r\\n'\"'\"', '\"'\"'\\n'\"'\"');f.close();exec(compile(code, __file__, '\"'\"'exec'\"'\"'))' egg_info --egg-base /tmp/pip-pip-egg-info-9y3b2z17\n       cwd: /tmp/pip-install-ucbfuj1m/seqeval_3199a5a764df4ac7970c4e304a7cea1f/\n  Complete output (24 lines):\n  /usr/lib/python3.6/distutils/dist.py:261: UserWarning: Unknown distribution option: 'long_description_content_type'\n    warnings.warn(msg)\n  Traceback (most recent call last):\n    File \"<string>\", line 1, in <module>\n    File \"/tmp/pip-install-ucbfuj1m/seqeval_3199a5a764df4ac7970c4e304a7cea1f/setup.py\", line 57, in <module>\n      'Programming Language :: Python :: Implementation :: PyPy'\n    File \"/usr/lib/python3/dist-packages/setuptools/__init__.py\", line 129, in setup\n      return distutils.core.setup(**attrs)\n    File \"/usr/lib/python3.6/distutils/core.py\", line 108, in setup\n      _setup_distribution = dist = klass(attrs)\n    File \"/usr/lib/python3/dist-packages/setuptools/dist.py\", line 372, in __init__\n      _Distribution.__init__(self, attrs)\n    File \"/usr/lib/python3.6/distutils/dist.py\", line 281, in __init__\n      self.finalize_options()\n    File \"/usr/lib/python3/dist-packages/setuptools/dist.py\", line 528, in finalize_options\n      ep.load()(self, ep.name, value)\n    File \"/usr/lib/python3/dist-packages/pkg_resources/__init__.py\", line 2324, in load\n      return self.resolve()\n    File \"/usr/lib/python3/dist-packages/pkg_resources/__init__.py\", line 2330, in resolve\n      module = __import__(self.module_name, fromlist=['__name__'], level=0)\n    File \"/tmp/pip-install-ucbfuj1m/seqeval_3199a5a764df4ac7970c4e304a7cea1f/.eggs/setuptools_scm-7.1.0-py3.6.egg/setuptools_scm/__init__.py\", line 5\n      from __future__ import annotations\n      ^\n  SyntaxError: future feature annotations is not defined\n  ----------------------------------------\n\u001b[0m\u001b[91mWARNING: Discarding https://files.pythonhosted.org/packages/bb/e6/0ccf683d190049f2c0311281c303756d1e62d0676ac0a88b45ec86bf1ca9/seqeval-0.0.18.tar.gz#sha256=df189bc2cf16211013e2fe3f0e4b7fb6ad1f4dfb2fa062fed63c922028437cca (from https://pypi.org/simple/seqeval/). Command errored out with exit status 1: python setup.py egg_info Check the logs for full command output.\n\u001b[0m  Downloading seqeval-0.0.17.tar.gz (20 kB)\n  Preparing metadata (setup.py): started\n  Preparing metadata (setup.py): finished with status 'error'\n\u001b[91m  ERROR: Command errored out with exit status 1:\n   command: /usr/bin/python3.6 -c 'import io, os, sys, setuptools, tokenize; sys.argv[0] = '\"'\"'/tmp/pip-install-ucbfuj1m/seqeval_e9a13163d0154e51b075ca9ff9e0de1d/setup.py'\"'\"'; __file__='\"'\"'/tmp/pip-install-ucbfuj1m/seqeval_e9a13163d0154e51b075ca9ff9e0de1d/setup.py'\"'\"';f = getattr(tokenize, '\"'\"'open'\"'\"', open)(__file__) if os.path.exists(__file__) else io.StringIO('\"'\"'from setuptools import setup; setup()'\"'\"');code = f.read().replace('\"'\"'\\r\\n'\"'\"', '\"'\"'\\n'\"'\"');f.close();exec(compile(code, __file__, '\"'\"'exec'\"'\"'))' egg_info --egg-base /tmp/pip-pip-egg-info-n2tpe5zu\n       cwd: /tmp/pip-install-ucbfuj1m/seqeval_e9a13163d0154e51b075ca9ff9e0de1d/\n  Complete output (24 lines):\n  /usr/lib/python3.6/distutils/dist.py:261: UserWarning: Unknown distribution option: 'long_description_content_type'\n    warnings.warn(msg)\n  Traceback (most recent call last):\n    File \"<string>\", line 1, in <module>\n    File \"/tmp/pip-install-ucbfuj1m/seqeval_e9a13163d0154e51b075ca9ff9e0de1d/setup.py\", line 57, in <module>\n      'Programming Language :: Python :: Implementation :: PyPy'\n    File \"/usr/lib/python3/dist-packages/setuptools/__init__.py\", line 129, in setup\n      return distutils.core.setup(**attrs)\n    File \"/usr/lib/python3.6/distutils/core.py\", line 108, in setup\n      _setup_distribution = dist = klass(attrs)\n    File \"/usr/lib/python3/dist-packages/setuptools/dist.py\", line 372, in __init__\n      _Distribution.__init__(self, attrs)\n    File \"/usr/lib/python3.6/distutils/dist.py\", line 281, in __init__\n      self.finalize_options()\n    File \"/usr/lib/python3/dist-packages/setuptools/dist.py\", line 528, in finalize_options\n      ep.load()(self, ep.name, value)\n    File \"/usr/lib/python3/dist-packages/pkg_resources/__init__.py\", line 2324, in load\n      return self.resolve()\n    File \"/usr/lib/python3/dist-packages/pkg_resources/__init__.py\", line 2330, in resolve\n      module = __import__(self.module_name, fromlist=['__name__'], level=0)\n    File \"/tmp/pip-install-ucbfuj1m/seqeval_e9a13163d0154e51b075ca9ff9e0de1d/.eggs/setuptools_scm-7.1.0-py3.6.egg/setuptools_scm/__init__.py\", line 5\n      from __future__ import annotations\n      ^\n  SyntaxError: future feature annotations is not defined\n  ----------------------------------------\n\u001b[0m\u001b[91mWARNING: Discarding https://files.pythonhosted.org/packages/d8/9d/89d9ac5d6506f8368ba5ae53b054cf26bf796935eff6a1945431c7a5d485/seqeval-0.0.17.tar.gz#sha256=382043fef1d13e2d236b9fec0bcbfeb7974877a027d798644bc8c8c6a3742910 (from https://pypi.org/simple/seqeval/). Command errored out with exit status 1: python setup.py egg_info Check the logs for full command output.\n\u001b[0m  Downloading seqeval-0.0.16.tar.gz (20 kB)\n  Preparing metadata (setup.py): started\n  Preparing metadata (setup.py): finished with status 'error'\n\u001b[91m  ERROR: Command errored out with exit status 1:\n   command: /usr/bin/python3.6 -c 'import io, os, sys, setuptools, tokenize; sys.argv[0] = '\"'\"'/tmp/pip-install-ucbfuj1m/seqeval_4ac33f36235342b69f66271167017c44/setup.py'\"'\"'; __file__='\"'\"'/tmp/pip-install-ucbfuj1m/seqeval_4ac33f36235342b69f66271167017c44/setup.py'\"'\"';f = getattr(tokenize, '\"'\"'open'\"'\"', open)(__file__) if os.path.exists(__file__) else io.StringIO('\"'\"'from setuptools import setup; setup()'\"'\"');code = f.read().replace('\"'\"'\\r\\n'\"'\"', '\"'\"'\\n'\"'\"');f.close();exec(compile(code, __file__, '\"'\"'exec'\"'\"'))' egg_info --egg-base /tmp/pip-pip-egg-info-phla5xiy\n       cwd: /tmp/pip-install-ucbfuj1m/seqeval_4ac33f36235342b69f66271167017c44/\n  Complete output (24 lines):\n  /usr/lib/python3.6/distutils/dist.py:261: UserWarning: Unknown distribution option: 'long_description_content_type'\n    warnings.warn(msg)\n  Traceback (most recent call last):\n    File \"<string>\", line 1, in <module>\n    File \"/tmp/pip-install-ucbfuj1m/seqeval_4ac33f36235342b69f66271167017c44/setup.py\", line 57, in <module>\n      'Programming Language :: Python :: Implementation :: PyPy'\n    File \"/usr/lib/python3/dist-packages/setuptools/__init__.py\", line 129, in setup\n      return distutils.core.setup(**attrs)\n    File \"/usr/lib/python3.6/distutils/core.py\", line 108, in setup\n      _setup_distribution = dist = klass(attrs)\n    File \"/usr/lib/python3/dist-packages/setuptools/dist.py\", line 372, in __init__\n      _Distribution.__init__(self, attrs)\n    File \"/usr/lib/python3.6/distutils/dist.py\", line 281, in __init__\n      self.finalize_options()\n    File \"/usr/lib/python3/dist-packages/setuptools/dist.py\", line 528, in finalize_options\n      ep.load()(self, ep.name, value)\n    File \"/usr/lib/python3/dist-packages/pkg_resources/__init__.py\", line 2324, in load\n      return self.resolve()\n    File \"/usr/lib/python3/dist-packages/pkg_resources/__init__.py\", line 2330, in resolve\n      module = __import__(self.module_name, fromlist=['__name__'], level=0)\n    File \"/tmp/pip-install-ucbfuj1m/seqeval_4ac33f36235342b69f66271167017c44/.eggs/setuptools_scm-7.1.0-py3.6.egg/setuptools_scm/__init__.py\", line 5\n      from __future__ import annotations\n      ^\n  SyntaxError: future feature annotations is not defined\n  ----------------------------------------\n\u001b[0m\u001b[91mWARNING: Discarding https://files.pythonhosted.org/packages/0c/f4/08d3d249926e38f06f514976022495fa01aeed5d02341125a67736bd2052/seqeval-0.0.16.tar.gz#sha256=99b11f6e42674cbe0d89cd8f72fdc22ecd3ca77a8130fd6d8153349ebb7c4823 (from https://pypi.org/simple/seqeval/). Command errored out with exit status 1: python setup.py egg_info Check the logs for full command output.\n\u001b[0m  Downloading seqeval-0.0.15.tar.gz (20 kB)\n  Preparing metadata (setup.py): started\n  Preparing metadata (setup.py): finished with status 'error'\n\u001b[91m  ERROR: Command errored out with exit status 1:\n   command: /usr/bin/python3.6 -c 'import io, os, sys, setuptools, tokenize; sys.argv[0] = '\"'\"'/tmp/pip-install-ucbfuj1m/seqeval_c52494d35f0f46e9a5e7866f30cdc871/setup.py'\"'\"'; __file__='\"'\"'/tmp/pip-install-ucbfuj1m/seqeval_c52494d35f0f46e9a5e7866f30cdc871/setup.py'\"'\"';f = getattr(tokenize, '\"'\"'open'\"'\"', open)(__file__) if os.path.exists(__file__) else io.StringIO('\"'\"'from setuptools import setup; setup()'\"'\"');code = f.read().replace('\"'\"'\\r\\n'\"'\"', '\"'\"'\\n'\"'\"');f.close();exec(compile(code, __file__, '\"'\"'exec'\"'\"'))' egg_info --egg-base /tmp/pip-pip-egg-info-56sb3at7\n       cwd: /tmp/pip-install-ucbfuj1m/seqeval_c52494d35f0f46e9a5e7866f30cdc871/\n  Complete output (24 lines):\n  /usr/lib/python3.6/distutils/dist.py:261: UserWarning: Unknown distribution option: 'long_description_content_type'\n    warnings.warn(msg)\n  Traceback (most recent call last):\n    File \"<string>\", line 1, in <module>\n    File \"/tmp/pip-install-ucbfuj1m/seqeval_c52494d35f0f46e9a5e7866f30cdc871/setup.py\", line 57, in <module>\n      'Programming Language :: Python :: Implementation :: PyPy'\n    File \"/usr/lib/python3/dist-packages/setuptools/__init__.py\", line 129, in setup\n      return distutils.core.setup(**attrs)\n    File \"/usr/lib/python3.6/distutils/core.py\", line 108, in setup\n      _setup_distribution = dist = klass(attrs)\n    File \"/usr/lib/python3/dist-packages/setuptools/dist.py\", line 372, in __init__\n      _Distribution.__init__(self, attrs)\n    File \"/usr/lib/python3.6/distutils/dist.py\", line 281, in __init__\n      self.finalize_options()\n    File \"/usr/lib/python3/dist-packages/setuptools/dist.py\", line 528, in finalize_options\n      ep.load()(self, ep.name, value)\n    File \"/usr/lib/python3/dist-packages/pkg_resources/__init__.py\", line 2324, in load\n      return self.resolve()\n    File \"/usr/lib/python3/dist-packages/pkg_resources/__init__.py\", line 2330, in resolve\n      module = __import__(self.module_name, fromlist=['__name__'], level=0)\n    File \"/tmp/pip-install-ucbfuj1m/seqeval_c52494d35f0f46e9a5e7866f30cdc871/.eggs/setuptools_scm-7.1.0-py3.6.egg/setuptools_scm/__init__.py\", line 5\n      from __future__ import annotations\n      ^\n  SyntaxError: future feature annotations is not defined\n  ----------------------------------------\n\u001b[0m\u001b[91mWARNING: Discarding https://files.pythonhosted.org/packages/80/ab/02821aa982f1cf1bc2a18e9997d8fcf204534d74646e25aa51196c50da8e/seqeval-0.0.15.tar.gz#sha256=f4919a83f66d394aef9ac44dbcf8f85b1d9e49feaa98a1c4fde71e5aacdedb99 (from https://pypi.org/simple/seqeval/). Command errored out with exit status 1: python setup.py egg_info Check the logs for full command output.\n\u001b[0m  Downloading seqeval-0.0.13.tar.gz (20 kB)\n  Preparing metadata (setup.py): started\n  Preparing metadata (setup.py): finished with status 'error'\n\u001b[91m  ERROR: Command errored out with exit status 1:\n   command: /usr/bin/python3.6 -c 'import io, os, sys, setuptools, tokenize; sys.argv[0] = '\"'\"'/tmp/pip-install-ucbfuj1m/seqeval_627560aa519047659c4aca2cf7a5eb7b/setup.py'\"'\"'; __file__='\"'\"'/tmp/pip-install-ucbfuj1m/seqeval_627560aa519047659c4aca2cf7a5eb7b/setup.py'\"'\"';f = getattr(tokenize, '\"'\"'open'\"'\"', open)(__file__) if os.path.exists(__file__) else io.StringIO('\"'\"'from setuptools import setup; setup()'\"'\"');code = f.read().replace('\"'\"'\\r\\n'\"'\"', '\"'\"'\\n'\"'\"');f.close();exec(compile(code, __file__, '\"'\"'exec'\"'\"'))' egg_info --egg-base /tmp/pip-pip-egg-info-o50g4wgu\n       cwd: /tmp/pip-install-ucbfuj1m/seqeval_627560aa519047659c4aca2cf7a5eb7b/\n  Complete output (24 lines):\n  /usr/lib/python3.6/distutils/dist.py:261: UserWarning: Unknown distribution option: 'long_description_content_type'\n    warnings.warn(msg)\n  Traceback (most recent call last):\n    File \"<string>\", line 1, in <module>\n    File \"/tmp/pip-install-ucbfuj1m/seqeval_627560aa519047659c4aca2cf7a5eb7b/setup.py\", line 57, in <module>\n      'Programming Language :: Python :: Implementation :: PyPy'\n    File \"/usr/lib/python3/dist-packages/setuptools/__init__.py\", line 129, in setup\n      return distutils.core.setup(**attrs)\n    File \"/usr/lib/python3.6/distutils/core.py\", line 108, in setup\n      _setup_distribution = dist = klass(attrs)\n    File \"/usr/lib/python3/dist-packages/setuptools/dist.py\", line 372, in __init__\n      _Distribution.__init__(self, attrs)\n    File \"/usr/lib/python3.6/distutils/dist.py\", line 281, in __init__\n      self.finalize_options()\n    File \"/usr/lib/python3/dist-packages/setuptools/dist.py\", line 528, in finalize_options\n      ep.load()(self, ep.name, value)\n    File \"/usr/lib/python3/dist-packages/pkg_resources/__init__.py\", line 2324, in load\n      return self.resolve()\n    File \"/usr/lib/python3/dist-packages/pkg_resources/__init__.py\", line 2330, in resolve\n      module = __import__(self.module_name, fromlist=['__name__'], level=0)\n    File \"/tmp/pip-install-ucbfuj1m/seqeval_627560aa519047659c4aca2cf7a5eb7b/.eggs/setuptools_scm-7.1.0-py3.6.egg/setuptools_scm/__init__.py\", line 5\n      from __future__ import annotations\n      ^\n  SyntaxError: future feature annotations is not defined\n  ----------------------------------------\n\u001b[0m\u001b[91mWARNING: Discarding https://files.pythonhosted.org/packages/61/fa/c1c87e39572550ae8794a7f0209e2a08301ea28c8cd1deb1204ec8609ecb/seqeval-0.0.13.tar.gz#sha256=37634db12459ca0f34ab189f365311c9473a1f10f3f66f529659a409b032e6a9 (from https://pypi.org/simple/seqeval/). Command errored out with exit status 1: python setup.py egg_info Check the logs for full command output.\n\u001b[0m  Downloading seqeval-0.0.12.tar.gz (21 kB)\n  Preparing metadata (setup.py): started\n  Preparing metadata (setup.py): finished with status 'error'\n\u001b[91m  ERROR: Command errored out with exit status 1:\n   command: /usr/bin/python3.6 -c 'import io, os, sys, setuptools, tokenize; sys.argv[0] = '\"'\"'/tmp/pip-install-ucbfuj1m/seqeval_7affacc94a0e467cb47862fba022c9bb/setup.py'\"'\"'; __file__='\"'\"'/tmp/pip-install-ucbfuj1m/seqeval_7affacc94a0e467cb47862fba022c9bb/setup.py'\"'\"';f = getattr(tokenize, '\"'\"'open'\"'\"', open)(__file__) if os.path.exists(__file__) else io.StringIO('\"'\"'from setuptools import setup; setup()'\"'\"');code = f.read().replace('\"'\"'\\r\\n'\"'\"', '\"'\"'\\n'\"'\"');f.close();exec(compile(code, __file__, '\"'\"'exec'\"'\"'))' egg_info --egg-base /tmp/pip-pip-egg-info-oz6tuxlk\n       cwd: /tmp/pip-install-ucbfuj1m/seqeval_7affacc94a0e467cb47862fba022c9bb/\n  Complete output (24 lines):\n  /usr/lib/python3.6/distutils/dist.py:261: UserWarning: Unknown distribution option: 'long_description_content_type'\n    warnings.warn(msg)\n  Traceback (most recent call last):\n    File \"<string>\", line 1, in <module>\n    File \"/tmp/pip-install-ucbfuj1m/seqeval_7affacc94a0e467cb47862fba022c9bb/setup.py\", line 57, in <module>\n      'Programming Language :: Python :: Implementation :: PyPy'\n    File \"/usr/lib/python3/dist-packages/setuptools/__init__.py\", line 129, in setup\n      return distutils.core.setup(**attrs)\n    File \"/usr/lib/python3.6/distutils/core.py\", line 108, in setup\n      _setup_distribution = dist = klass(attrs)\n    File \"/usr/lib/python3/dist-packages/setuptools/dist.py\", line 372, in __init__\n      _Distribution.__init__(self, attrs)\n    File \"/usr/lib/python3.6/distutils/dist.py\", line 281, in __init__\n      self.finalize_options()\n    File \"/usr/lib/python3/dist-packages/setuptools/dist.py\", line 528, in finalize_options\n      ep.load()(self, ep.name, value)\n    File \"/usr/lib/python3/dist-packages/pkg_resources/__init__.py\", line 2324, in load\n      return self.resolve()\n    File \"/usr/lib/python3/dist-packages/pkg_resources/__init__.py\", line 2330, in resolve\n      module = __import__(self.module_name, fromlist=['__name__'], level=0)\n    File \"/tmp/pip-install-ucbfuj1m/seqeval_7affacc94a0e467cb47862fba022c9bb/.eggs/setuptools_scm-7.1.0-py3.6.egg/setuptools_scm/__init__.py\", line 5\n      from __future__ import annotations\n      ^\n  SyntaxError: future feature annotations is not defined\n  ----------------------------------------\n\u001b[0m\u001b[91mWARNING: Discarding https://files.pythonhosted.org/packages/34/91/068aca8d60ce56dd9ba4506850e876aba5e66a6f2f29aa223224b50df0de/seqeval-0.0.12.tar.gz#sha256=9c7764b88b6d1430ab59de63efddf19495fca82159920fd11e362a405f8fc378 (from https://pypi.org/simple/seqeval/). Command errored out with exit status 1: python setup.py egg_info Check the logs for full command output.\n\u001b[0m  Downloading seqeval-0.0.11.tar.gz (21 kB)\n  Preparing metadata (setup.py): started\n  Preparing metadata (setup.py): finished with status 'error'\n\u001b[91m  ERROR: Command errored out with exit status 1:\n   command: /usr/bin/python3.6 -c 'import io, os, sys, setuptools, tokenize; sys.argv[0] = '\"'\"'/tmp/pip-install-ucbfuj1m/seqeval_4beaa4b2a54f49f08bd7d1c5a64d4cfa/setup.py'\"'\"'; __file__='\"'\"'/tmp/pip-install-ucbfuj1m/seqeval_4beaa4b2a54f49f08bd7d1c5a64d4cfa/setup.py'\"'\"';f = getattr(tokenize, '\"'\"'open'\"'\"', open)(__file__) if os.path.exists(__file__) else io.StringIO('\"'\"'from setuptools import setup; setup()'\"'\"');code = f.read().replace('\"'\"'\\r\\n'\"'\"', '\"'\"'\\n'\"'\"');f.close();exec(compile(code, __file__, '\"'\"'exec'\"'\"'))' egg_info --egg-base /tmp/pip-pip-egg-info-1d4bi8tk\n       cwd: /tmp/pip-install-ucbfuj1m/seqeval_4beaa4b2a54f49f08bd7d1c5a64d4cfa/\n  Complete output (24 lines):\n  /usr/lib/python3.6/distutils/dist.py:261: UserWarning: Unknown distribution option: 'long_description_content_type'\n    warnings.warn(msg)\n  Traceback (most recent call last):\n    File \"<string>\", line 1, in <module>\n    File \"/tmp/pip-install-ucbfuj1m/seqeval_4beaa4b2a54f49f08bd7d1c5a64d4cfa/setup.py\", line 57, in <module>\n      'Programming Language :: Python :: Implementation :: PyPy'\n    File \"/usr/lib/python3/dist-packages/setuptools/__init__.py\", line 129, in setup\n      return distutils.core.setup(**attrs)\n    File \"/usr/lib/python3.6/distutils/core.py\", line 108, in setup\n      _setup_distribution = dist = klass(attrs)\n    File \"/usr/lib/python3/dist-packages/setuptools/dist.py\", line 372, in __init__\n      _Distribution.__init__(self, attrs)\n    File \"/usr/lib/python3.6/distutils/dist.py\", line 281, in __init__\n      self.finalize_options()\n    File \"/usr/lib/python3/dist-packages/setuptools/dist.py\", line 528, in finalize_options\n      ep.load()(self, ep.name, value)\n    File \"/usr/lib/python3/dist-packages/pkg_resources/__init__.py\", line 2324, in load\n      return self.resolve()\n    File \"/usr/lib/python3/dist-packages/pkg_resources/__init__.py\", line 2330, in resolve\n      module = __import__(self.module_name, fromlist=['__name__'], level=0)\n    File \"/tmp/pip-install-ucbfuj1m/seqeval_4beaa4b2a54f49f08bd7d1c5a64d4cfa/.eggs/setuptools_scm-7.1.0-py3.6.egg/setuptools_scm/__init__.py\", line 5\n      from __future__ import annotations\n      ^\n  SyntaxError: future feature annotations is not defined\n  ----------------------------------------\n\u001b[0m\u001b[91mWARNING: Discarding https://files.pythonhosted.org/packages/d6/85/dd7bd498196e02fce41b696ceae294204e11586eedf718459c45dbf0e120/seqeval-0.0.11.tar.gz#sha256=11146a39f3e6811dc94da15b611d443a74281688da45b32deea2d84be4c71377 (from https://pypi.org/simple/seqeval/). Command errored out with exit status 1: python setup.py egg_info Check the logs for full command output.\n\u001b[0m  Downloading seqeval-0.0.10-py3-none-any.whl (7.5 kB)\nCollecting numpy>=1.14.0\n  Downloading numpy-1.19.5-cp36-cp36m-manylinux2010_x86_64.whl (14.8 MB)\nCollecting Keras>=2.2.4\n  Downloading keras-2.10.0-py2.py3-none-any.whl (1.7 MB)\nInstalling collected packages: numpy, Keras, seqeval\nSuccessfully installed Keras-2.10.0 numpy-1.19.5 seqeval-0.0.10\n\u001b[91mWARNING: Running pip as the 'root' user can result in broken permissions and conflicting behaviour with the system package manager. It is recommended to use a virtual environment instead: https://pip.pypa.io/warnings/venv\n\u001b[0mRemoving intermediate container b8b57bd93b9a\n ---> 0838bf2467b6\nStep 15/27 : RUN pip install keras\n ---> Running in 3a15625c9483\nRequirement already satisfied: keras in /usr/local/lib/python3.6/dist-packages (2.10.0)\n\u001b[91mWARNING: Running pip as the 'root' user can result in broken permissions and conflicting behaviour with the system package manager. It is recommended to use a virtual environment instead: https://pip.pypa.io/warnings/venv\n\u001b[0mRemoving intermediate container 3a15625c9483\n ---> a88363bb670b\nStep 16/27 : RUN pip install tensorflow\n ---> Running in 656e7ea574b8\nCollecting tensorflow\n  Downloading tensorflow-2.6.2-cp36-cp36m-manylinux2010_x86_64.whl (458.3 MB)\nCollecting clang~=5.0\n  Downloading clang-5.0.tar.gz (30 kB)\n  Preparing metadata (setup.py): started\n  Preparing metadata (setup.py): finished with status 'done'\nCollecting wrapt~=1.12.1\n  Downloading wrapt-1.12.1.tar.gz (27 kB)\n  Preparing metadata (setup.py): started\n  Preparing metadata (setup.py): finished with status 'done'\nCollecting opt-einsum~=3.3.0\n  Downloading opt_einsum-3.3.0-py3-none-any.whl (65 kB)\nRequirement already satisfied: numpy~=1.19.2 in /usr/local/lib/python3.6/dist-packages (from tensorflow) (1.19.5)\nCollecting tensorflow-estimator<2.7,>=2.6.0\n  Downloading tensorflow_estimator-2.6.0-py2.py3-none-any.whl (462 kB)\nCollecting tensorboard<2.7,>=2.6.0\n  Downloading tensorboard-2.6.0-py3-none-any.whl (5.6 MB)\nCollecting flatbuffers~=1.12.0\n  Downloading flatbuffers-1.12-py2.py3-none-any.whl (15 kB)\nCollecting grpcio<2.0,>=1.37.0\n  Downloading grpcio-1.48.2-cp36-cp36m-manylinux_2_17_x86_64.manylinux2014_x86_64.whl (4.6 MB)\nCollecting six~=1.15.0\n  Downloading six-1.15.0-py2.py3-none-any.whl (10 kB)\nCollecting termcolor~=1.1.0\n  Downloading termcolor-1.1.0.tar.gz (3.9 kB)\n  Preparing metadata (setup.py): started\n  Preparing metadata (setup.py): finished with status 'done'\nCollecting protobuf>=3.9.2\n  Downloading protobuf-3.19.6-cp36-cp36m-manylinux_2_17_x86_64.manylinux2014_x86_64.whl (1.1 MB)\nCollecting absl-py~=0.10\n  Downloading absl_py-0.15.0-py3-none-any.whl (132 kB)\nCollecting h5py~=3.1.0\n  Downloading h5py-3.1.0-cp36-cp36m-manylinux1_x86_64.whl (4.0 MB)\nCollecting keras-preprocessing~=1.1.2\n  Downloading Keras_Preprocessing-1.1.2-py2.py3-none-any.whl (42 kB)\nCollecting typing-extensions~=3.7.4\n  Downloading typing_extensions-3.7.4.3-py3-none-any.whl (22 kB)\nCollecting astunparse~=1.6.3\n  Downloading astunparse-1.6.3-py2.py3-none-any.whl (12 kB)\nCollecting wheel~=0.35\n  Downloading wheel-0.37.1-py2.py3-none-any.whl (35 kB)\nCollecting gast==0.4.0\n  Downloading gast-0.4.0-py3-none-any.whl (9.8 kB)\nCollecting google-pasta~=0.2\n  Downloading google_pasta-0.2.0-py3-none-any.whl (57 kB)\nCollecting keras<2.7,>=2.6.0\n  Downloading keras-2.6.0-py2.py3-none-any.whl (1.3 MB)\nCollecting cached-property\n  Downloading cached_property-1.5.2-py2.py3-none-any.whl (7.6 kB)\nCollecting tensorboard-data-server<0.7.0,>=0.6.0\n  Downloading tensorboard_data_server-0.6.1-py3-none-manylinux2010_x86_64.whl (4.9 MB)\nCollecting google-auth<2,>=1.6.3\n  Downloading google_auth-1.35.0-py2.py3-none-any.whl (152 kB)\nCollecting requests<3,>=2.21.0\n  Downloading requests-2.27.1-py2.py3-none-any.whl (63 kB)\nCollecting setuptools>=41.0.0\n  Downloading setuptools-59.6.0-py3-none-any.whl (952 kB)\nCollecting tensorboard-plugin-wit>=1.6.0\n  Downloading tensorboard_plugin_wit-1.8.1-py3-none-any.whl (781 kB)\nCollecting google-auth-oauthlib<0.5,>=0.4.1\n  Downloading google_auth_oauthlib-0.4.6-py2.py3-none-any.whl (18 kB)\nCollecting markdown>=2.6.8\n  Downloading Markdown-3.3.7-py3-none-any.whl (97 kB)\nCollecting werkzeug>=0.11.15\n  Downloading Werkzeug-2.0.3-py3-none-any.whl (289 kB)\nCollecting rsa<5,>=3.1.4\n  Downloading rsa-4.9-py3-none-any.whl (34 kB)\nCollecting pyasn1-modules>=0.2.1\n  Downloading pyasn1_modules-0.2.8-py2.py3-none-any.whl (155 kB)\nCollecting cachetools<5.0,>=2.0.0\n  Downloading cachetools-4.2.4-py3-none-any.whl (10 kB)\nCollecting requests-oauthlib>=0.7.0\n  Downloading requests_oauthlib-1.3.1-py2.py3-none-any.whl (23 kB)\nCollecting importlib-metadata>=4.4\n  Downloading importlib_metadata-4.8.3-py3-none-any.whl (17 kB)\nRequirement already satisfied: idna<4,>=2.5 in /usr/lib/python3/dist-packages (from requests<3,>=2.21.0->tensorboard<2.7,>=2.6.0->tensorflow) (2.6)\nCollecting certifi>=2017.4.17\n  Downloading certifi-2022.12.7-py3-none-any.whl (155 kB)\nCollecting urllib3<1.27,>=1.21.1\n  Downloading urllib3-1.26.13-py2.py3-none-any.whl (140 kB)\nCollecting charset-normalizer~=2.0.0\n  Downloading charset_normalizer-2.0.12-py3-none-any.whl (39 kB)\nCollecting dataclasses\n  Downloading dataclasses-0.8-py3-none-any.whl (19 kB)\nCollecting zipp>=0.5\n  Downloading zipp-3.6.0-py3-none-any.whl (5.3 kB)\nCollecting pyasn1<0.5.0,>=0.4.6\n  Downloading pyasn1-0.4.8-py2.py3-none-any.whl (77 kB)\nCollecting oauthlib>=3.0.0\n  Downloading oauthlib-3.2.2-py3-none-any.whl (151 kB)\nBuilding wheels for collected packages: clang, termcolor, wrapt\n  Building wheel for clang (setup.py): started\n  Building wheel for clang (setup.py): finished with status 'done'\n  Created wheel for clang: filename=clang-5.0-py3-none-any.whl size=32138 sha256=f8c89e48d9d0ba6b505b368d7899aebe63335b22e43ae00b878d1bbb249258fb\n  Stored in directory: /root/.cache/pip/wheels/22/4c/94/0583f60c9c5b6024ed64f290cb2d43b06bb4f75577dc3c93a7\n  Building wheel for termcolor (setup.py): started\n  Building wheel for termcolor (setup.py): finished with status 'done'\n  Created wheel for termcolor: filename=termcolor-1.1.0-py3-none-any.whl size=5679 sha256=61ee5c43671ed0ff7309c7bf93f4b2bfc5ad80e222da0ac4d0604ca0ec12410d\n  Stored in directory: /root/.cache/pip/wheels/93/2a/eb/e58dbcbc963549ee4f065ff80a59f274cc7210b6eab962acdc\n  Building wheel for wrapt (setup.py): started\n  Building wheel for wrapt (setup.py): finished with status 'done'\n  Created wheel for wrapt: filename=wrapt-1.12.1-cp36-cp36m-linux_x86_64.whl size=69378 sha256=d4a7098198e29b457f548398fcd6fc9cfbac3a4417f03f01e800b4d3e7d37384\n  Stored in directory: /root/.cache/pip/wheels/32/42/7f/23cae9ff6ef66798d00dc5d659088e57dbba01566f6c60db63\nSuccessfully built clang termcolor wrapt\nInstalling collected packages: urllib3, pyasn1, charset-normalizer, certifi, zipp, typing-extensions, six, setuptools, rsa, requests, pyasn1-modules, oauthlib, cachetools, requests-oauthlib, importlib-metadata, google-auth, dataclasses, wheel, werkzeug, tensorboard-plugin-wit, tensorboard-data-server, protobuf, markdown, grpcio, google-auth-oauthlib, cached-property, absl-py, wrapt, termcolor, tensorflow-estimator, tensorboard, opt-einsum, keras-preprocessing, keras, h5py, google-pasta, gast, flatbuffers, clang, astunparse, tensorflow\n  Attempting uninstall: six\n    Found existing installation: six 1.11.0\n    Uninstalling six-1.11.0:\n      Successfully uninstalled six-1.11.0\n  Attempting uninstall: setuptools\n    Found existing installation: setuptools 39.0.1\n    Uninstalling setuptools-39.0.1:\n      Successfully uninstalled setuptools-39.0.1\n  Attempting uninstall: wheel\n    Found existing installation: wheel 0.30.0\n    Uninstalling wheel-0.30.0:\n      Successfully uninstalled wheel-0.30.0\n  Attempting uninstall: keras\n    Found existing installation: keras 2.10.0\n    Uninstalling keras-2.10.0:\n      Successfully uninstalled keras-2.10.0\nSuccessfully installed absl-py-0.15.0 astunparse-1.6.3 cached-property-1.5.2 cachetools-4.2.4 certifi-2022.12.7 charset-normalizer-2.0.12 clang-5.0 dataclasses-0.8 flatbuffers-1.12 gast-0.4.0 google-auth-1.35.0 google-auth-oauthlib-0.4.6 google-pasta-0.2.0 grpcio-1.48.2 h5py-3.1.0 importlib-metadata-4.8.3 keras-2.6.0 keras-preprocessing-1.1.2 markdown-3.3.7 oauthlib-3.2.2 opt-einsum-3.3.0 protobuf-3.19.6 pyasn1-0.4.8 pyasn1-modules-0.2.8 requests-2.27.1 requests-oauthlib-1.3.1 rsa-4.9 setuptools-59.6.0 six-1.15.0 tensorboard-2.6.0 tensorboard-data-server-0.6.1 tensorboard-plugin-wit-1.8.1 tensorflow-2.6.2 tensorflow-estimator-2.6.0 termcolor-1.1.0 typing-extensions-3.7.4.3 urllib3-1.26.13 werkzeug-2.0.3 wheel-0.37.1 wrapt-1.12.1 zipp-3.6.0\n\u001b[91mWARNING: Running pip as the 'root' user can result in broken permissions and conflicting behaviour with the system package manager. It is recommended to use a virtual environment instead: https://pip.pypa.io/warnings/venv\n\u001b[0mRemoving intermediate container 656e7ea574b8\n ---> c1e365540dd4\nStep 17/27 : RUN pip install git+https://www.github.com/keras-team/keras-contrib.git\n ---> Running in 18696da586b3\nCollecting git+https://www.github.com/keras-team/keras-contrib.git\n  Cloning https://www.github.com/keras-team/keras-contrib.git to /tmp/pip-req-build-xexc8s2g\n\u001b[91m  Running command git clone --filter=blob:none -q https://www.github.com/keras-team/keras-contrib.git /tmp/pip-req-build-xexc8s2g\n\u001b[0m\u001b[91m  warning: redirecting to https://github.com/keras-team/keras-contrib.git/\n\u001b[0m  Resolved https://www.github.com/keras-team/keras-contrib.git to commit 3fc5ef709e061416f4bc8a92ca3750c824b5d2b0\n  Preparing metadata (setup.py): started\n  Preparing metadata (setup.py): finished with status 'done'\nRequirement already satisfied: keras in /usr/local/lib/python3.6/dist-packages (from keras-contrib==2.0.8) (2.6.0)\nBuilding wheels for collected packages: keras-contrib\n  Building wheel for keras-contrib (setup.py): started\n  Building wheel for keras-contrib (setup.py): finished with status 'done'\n  Created wheel for keras-contrib: filename=keras_contrib-2.0.8-py3-none-any.whl size=101077 sha256=cefa4e6d661bacaf84d493c1e4dbedb58b95a91419687293370d56bc6ec578be\n  Stored in directory: /tmp/pip-ephem-wheel-cache-y19x7nus/wheels/16/87/6e/8e3b73f23fb38163af1c319aa23f14602018b501ecb91430a2\nSuccessfully built keras-contrib\nInstalling collected packages: keras-contrib\nSuccessfully installed keras-contrib-2.0.8\n\u001b[91mWARNING: Running pip as the 'root' user can result in broken permissions and conflicting behaviour with the system package manager. It is recommended to use a virtual environment instead: https://pip.pypa.io/warnings/venv\n\u001b[0mRemoving intermediate container 18696da586b3\n ---> 21884a6fcda8\nStep 18/27 : RUN pip install cython\n ---> Running in 03c3f6a1a4cc\nCollecting cython\n  Downloading Cython-0.29.32-cp36-cp36m-manylinux_2_17_x86_64.manylinux2014_x86_64.manylinux_2_24_x86_64.whl (2.0 MB)\nInstalling collected packages: cython\nSuccessfully installed cython-0.29.32\n\u001b[91mWARNING: Running pip as the 'root' user can result in broken permissions and conflicting behaviour with the system package manager. It is recommended to use a virtual environment instead: https://pip.pypa.io/warnings/venv\n\u001b[0mRemoving intermediate container 03c3f6a1a4cc\n ---> 9b6984b33b66\nStep 19/27 : RUN pip install pyfasttext\n ---> Running in 38780f6beeed\nCollecting pyfasttext\n  Downloading pyfasttext-0.4.6.tar.gz (244 kB)\n  Preparing metadata (setup.py): started\n  Preparing metadata (setup.py): finished with status 'done'\nCollecting future\n  Downloading future-0.18.2.tar.gz (829 kB)\n  Preparing metadata (setup.py): started\n  Preparing metadata (setup.py): finished with status 'done'\nCollecting cysignals\n  Using cached cysignals-1.11.2-cp36-cp36m-manylinux_2_17_x86_64.manylinux2014_x86_64.whl (867 kB)\nRequirement already satisfied: numpy in /usr/local/lib/python3.6/dist-packages (from pyfasttext) (1.19.5)\nRequirement already satisfied: Cython>=0.28 in /usr/local/lib/python3.6/dist-packages (from cysignals->pyfasttext) (0.29.32)\nBuilding wheels for collected packages: pyfasttext, future\n  Building wheel for pyfasttext (setup.py): started\n  Building wheel for pyfasttext (setup.py): finished with status 'done'\n  Created wheel for pyfasttext: filename=pyfasttext-0.4.6-cp36-cp36m-linux_x86_64.whl size=1467180 sha256=e4642d6d3bbe811e44225e7a395b18f59ccbda716a10be0a700eaee514e17f1b\n  Stored in directory: /root/.cache/pip/wheels/81/98/74/cdaf00a160739381e20d22ade32a0914c06db2846425eb8db5\n  Building wheel for future (setup.py): started\n  Building wheel for future (setup.py): finished with status 'done'\n  Created wheel for future: filename=future-0.18.2-py3-none-any.whl size=491070 sha256=9797faed85ef4a7650ae4aab382af6c5c596a7425a00c17e93bd76fca11020d0\n  Stored in directory: /root/.cache/pip/wheels/6e/9c/ed/4499c9865ac1002697793e0ae05ba6be33553d098f3347fb94\nSuccessfully built pyfasttext future\nInstalling collected packages: future, cysignals, pyfasttext\nSuccessfully installed cysignals-1.11.2 future-0.18.2 pyfasttext-0.4.6\n\u001b[91mWARNING: Running pip as the 'root' user can result in broken permissions and conflicting behaviour with the system package manager. It is recommended to use a virtual environment instead: https://pip.pypa.io/warnings/venv\n\u001b[0mRemoving intermediate container 38780f6beeed\n ---> 3f94c157df20\nStep 20/27 : RUN pip install fasttext\n ---> Running in 1f2afd483c25\nCollecting fasttext\n  Downloading fasttext-0.9.2.tar.gz (68 kB)\n  Preparing metadata (setup.py): started\n  Preparing metadata (setup.py): finished with status 'done'\nCollecting pybind11>=2.2\n  Using cached pybind11-2.10.1-py3-none-any.whl (216 kB)\nRequirement already satisfied: setuptools>=0.7.0 in /usr/local/lib/python3.6/dist-packages (from fasttext) (59.6.0)\nRequirement already satisfied: numpy in /usr/local/lib/python3.6/dist-packages (from fasttext) (1.19.5)\nBuilding wheels for collected packages: fasttext\n  Building wheel for fasttext (setup.py): started\n  Building wheel for fasttext (setup.py): finished with status 'done'\n  Created wheel for fasttext: filename=fasttext-0.9.2-cp36-cp36m-linux_x86_64.whl size=3157745 sha256=521e4ab5c33aa238602fe6bc9eef26f4fdffa7c4d4f6c6204a8fccdea8edce58\n  Stored in directory: /root/.cache/pip/wheels/c3/5c/d0/4a725c6ee7df3267d818d3bc9d89bb173b94832f2b9eca6368\nSuccessfully built fasttext\nInstalling collected packages: pybind11, fasttext\nSuccessfully installed fasttext-0.9.2 pybind11-2.10.1\n\u001b[91mWARNING: Running pip as the 'root' user can result in broken permissions and conflicting behaviour with the system package manager. It is recommended to use a virtual environment instead: https://pip.pypa.io/warnings/venv\n\u001b[0mRemoving intermediate container 1f2afd483c25\n ---> bcd762d4953e\nStep 21/27 : RUN pip install sklearn\n ---> Running in 6f9292b92e52\nCollecting sklearn\n  Downloading sklearn-0.0.post1.tar.gz (3.6 kB)\n  Preparing metadata (setup.py): started\n  Preparing metadata (setup.py): finished with status 'done'\nBuilding wheels for collected packages: sklearn\n  Building wheel for sklearn (setup.py): started\n  Building wheel for sklearn (setup.py): finished with status 'done'\n  Created wheel for sklearn: filename=sklearn-0.0.post1-py3-none-any.whl size=2344 sha256=b605ccfb6c69e006977c55fbe2a9fbde0eddf4a2dbd0bd07ad117b5ff9010c10\n  Stored in directory: /root/.cache/pip/wheels/a8/20/b1/0b08c6071caf725f6b3f48c30faec4a855bcae02df1e61ed6c\nSuccessfully built sklearn\nInstalling collected packages: sklearn\nSuccessfully installed sklearn-0.0.post1\n\u001b[91mWARNING: Running pip as the 'root' user can result in broken permissions and conflicting behaviour with the system package manager. It is recommended to use a virtual environment instead: https://pip.pypa.io/warnings/venv\n\u001b[0mRemoving intermediate container 6f9292b92e52\n ---> 8e1ccf702285\nStep 22/27 : RUN pip install scikit-learn==0.22.2.post1\n ---> Running in 8846919fbea7\nCollecting scikit-learn==0.22.2.post1\n  Downloading scikit_learn-0.22.2.post1-cp36-cp36m-manylinux1_x86_64.whl (7.1 MB)\nRequirement already satisfied: numpy>=1.11.0 in /usr/local/lib/python3.6/dist-packages (from scikit-learn==0.22.2.post1) (1.19.5)\nCollecting scipy>=0.17.0\n  Downloading scipy-1.5.4-cp36-cp36m-manylinux1_x86_64.whl (25.9 MB)\nCollecting joblib>=0.11\n  Downloading joblib-1.1.1-py2.py3-none-any.whl (309 kB)\nInstalling collected packages: scipy, joblib, scikit-learn\nSuccessfully installed joblib-1.1.1 scikit-learn-0.22.2.post1 scipy-1.5.4\n\u001b[91mWARNING: Running pip as the 'root' user can result in broken permissions and conflicting behaviour with the system package manager. It is recommended to use a virtual environment instead: https://pip.pypa.io/warnings/venv\n\u001b[0mRemoving intermediate container 8846919fbea7\n ---> f01703621883\nStep 23/27 : RUN pip install python-dateutil\n ---> Running in a1adcc6f116e\nCollecting python-dateutil\n  Downloading python_dateutil-2.8.2-py2.py3-none-any.whl (247 kB)\nRequirement already satisfied: six>=1.5 in /usr/local/lib/python3.6/dist-packages (from python-dateutil) (1.15.0)\nInstalling collected packages: python-dateutil\nSuccessfully installed python-dateutil-2.8.2\n\u001b[91mWARNING: Running pip as the 'root' user can result in broken permissions and conflicting behaviour with the system package manager. It is recommended to use a virtual environment instead: https://pip.pypa.io/warnings/venv\n\u001b[0mRemoving intermediate container a1adcc6f116e\n ---> 1dad3cbc3474\nStep 24/27 : RUN pip install nltk\n ---> Running in a0facb33ae7d\nCollecting nltk\n  Downloading nltk-3.6.7-py3-none-any.whl (1.5 MB)\nCollecting regex>=2021.8.3\n  Downloading regex-2022.10.31-cp36-cp36m-manylinux_2_17_x86_64.manylinux2014_x86_64.whl (756 kB)\nCollecting tqdm\n  Downloading tqdm-4.64.1-py2.py3-none-any.whl (78 kB)\nRequirement already satisfied: joblib in /usr/local/lib/python3.6/dist-packages (from nltk) (1.1.1)\nCollecting click\n  Downloading click-8.0.4-py3-none-any.whl (97 kB)\nRequirement already satisfied: importlib-metadata in /usr/local/lib/python3.6/dist-packages (from click->nltk) (4.8.3)\nCollecting importlib-resources\n  Downloading importlib_resources-5.4.0-py3-none-any.whl (28 kB)\nRequirement already satisfied: zipp>=0.5 in /usr/local/lib/python3.6/dist-packages (from importlib-metadata->click->nltk) (3.6.0)\nRequirement already satisfied: typing-extensions>=3.6.4 in /usr/local/lib/python3.6/dist-packages (from importlib-metadata->click->nltk) (3.7.4.3)\nInstalling collected packages: importlib-resources, tqdm, regex, click, nltk\nSuccessfully installed click-8.0.4 importlib-resources-5.4.0 nltk-3.6.7 regex-2022.10.31 tqdm-4.64.1\n\u001b[91mWARNING: Running pip as the 'root' user can result in broken permissions and conflicting behaviour with the system package manager. It is recommended to use a virtual environment instead: https://pip.pypa.io/warnings/venv\n\u001b[0mRemoving intermediate container a0facb33ae7d\n ---> b9ec8ba3c34b\nStep 25/27 : RUN pip install gensim\n ---> Running in 39189069ea95\nCollecting gensim\n  Downloading gensim-4.2.0.tar.gz (23.2 MB)\n  Preparing metadata (setup.py): started\n  Preparing metadata (setup.py): finished with status 'done'\nRequirement already satisfied: numpy>=1.17.0 in /usr/local/lib/python3.6/dist-packages (from gensim) (1.19.5)\nRequirement already satisfied: scipy>=0.18.1 in /usr/local/lib/python3.6/dist-packages (from gensim) (1.5.4)\nCollecting smart_open>=1.8.1\n  Downloading smart_open-6.3.0-py3-none-any.whl (56 kB)\nBuilding wheels for collected packages: gensim\n  Building wheel for gensim (setup.py): started\n  Building wheel for gensim (setup.py): finished with status 'done'\n  Created wheel for gensim: filename=gensim-4.2.0-cp36-cp36m-linux_x86_64.whl size=25525312 sha256=c5c107ebe4adb3af00e9c45b5b03419f380009577832aab5c0ec214303e79840\n  Stored in directory: /root/.cache/pip/wheels/44/1e/2b/b0056a533d057c3ed56c84fbdd79cca690496f4cd7c03c157c\nSuccessfully built gensim\nInstalling collected packages: smart-open, gensim\nSuccessfully installed gensim-4.2.0 smart-open-6.3.0\n\u001b[91mWARNING: Running pip as the 'root' user can result in broken permissions and conflicting behaviour with the system package manager. It is recommended to use a virtual environment instead: https://pip.pypa.io/warnings/venv\n\u001b[0mRemoving intermediate container 39189069ea95\n ---> ed375450b536\nStep 26/27 : RUN pip install allennlp==0.9.0\n ---> Running in 8ad4c777ca15\nCollecting allennlp==0.9.0\n  Downloading allennlp-0.9.0-py3-none-any.whl (7.6 MB)\nCollecting spacy<2.2,>=2.1.0\n  Downloading spacy-2.1.9-cp36-cp36m-manylinux1_x86_64.whl (30.8 MB)\nCollecting gevent>=1.3.6\n  Downloading gevent-22.10.2-cp36-cp36m-manylinux_2_17_x86_64.manylinux2014_x86_64.whl (5.8 MB)\nCollecting jsonnet>=0.10.0\n  Downloading jsonnet-0.19.1.tar.gz (593 kB)\n  Preparing metadata (setup.py): started\n  Preparing metadata (setup.py): finished with status 'done'\nCollecting pytest\n  Downloading pytest-7.0.1-py3-none-any.whl (296 kB)\nCollecting flask-cors>=3.0.7\n  Downloading Flask_Cors-3.0.10-py2.py3-none-any.whl (14 kB)\nCollecting sqlparse>=0.2.4\n  Downloading sqlparse-0.4.3-py3-none-any.whl (42 kB)\nCollecting ftfy\n  Downloading ftfy-6.0.3.tar.gz (64 kB)\n  Preparing metadata (setup.py): started\n  Preparing metadata (setup.py): finished with status 'done'\nCollecting unidecode\n  Downloading Unidecode-1.3.6-py3-none-any.whl (235 kB)\nCollecting matplotlib>=2.2.3\n  Downloading matplotlib-3.3.4-cp36-cp36m-manylinux1_x86_64.whl (11.5 MB)\nCollecting conllu==1.3.1\n  Downloading conllu-1.3.1-py2.py3-none-any.whl (9.3 kB)\nRequirement already satisfied: scipy in /usr/local/lib/python3.6/dist-packages (from allennlp==0.9.0) (1.5.4)\nCollecting torch>=1.2.0\n  Downloading torch-1.10.2-cp36-cp36m-manylinux1_x86_64.whl (881.9 MB)\nCollecting flask>=1.0.2\n  Downloading Flask-2.0.3-py3-none-any.whl (95 kB)\nCollecting pytorch-transformers==1.1.0\n  Downloading pytorch_transformers-1.1.0-py3-none-any.whl (158 kB)\nRequirement already satisfied: numpy in /usr/local/lib/python3.6/dist-packages (from allennlp==0.9.0) (1.19.5)\nCollecting numpydoc>=0.8.0\n  Downloading numpydoc-1.1.0-py3-none-any.whl (47 kB)\nCollecting overrides\n  Downloading overrides-7.3.1-py3-none-any.whl (17 kB)\nCollecting pytorch-pretrained-bert>=0.6.0\n  Downloading pytorch_pretrained_bert-0.6.2-py3-none-any.whl (123 kB)\nRequirement already satisfied: scikit-learn in /usr/local/lib/python3.6/dist-packages (from allennlp==0.9.0) (0.22.2.post1)\nRequirement already satisfied: nltk in /usr/local/lib/python3.6/dist-packages (from allennlp==0.9.0) (3.6.7)\nCollecting responses>=0.7\n  Downloading responses-0.17.0-py2.py3-none-any.whl (38 kB)\nCollecting word2number>=1.1\n  Downloading word2number-1.1.zip (9.7 kB)\n  Preparing metadata (setup.py): started\n  Preparing metadata (setup.py): finished with status 'done'\nRequirement already satisfied: requests>=2.18 in /usr/local/lib/python3.6/dist-packages (from allennlp==0.9.0) (2.27.1)\nRequirement already satisfied: h5py in /usr/local/lib/python3.6/dist-packages (from allennlp==0.9.0) (3.1.0)\nCollecting editdistance\n  Downloading editdistance-0.6.2-cp36-cp36m-manylinux_2_17_x86_64.manylinux2014_x86_64.whl (281 kB)\nCollecting tensorboardX>=1.2\n  Downloading tensorboardX-2.5.1-py2.py3-none-any.whl (125 kB)\nCollecting pytz>=2017.3\n  Downloading pytz-2022.7-py2.py3-none-any.whl (499 kB)\nCollecting jsonpickle\n  Downloading jsonpickle-2.2.0-py2.py3-none-any.whl (39 kB)\nCollecting flaky\n  Downloading flaky-3.7.0-py2.py3-none-any.whl (22 kB)\nRequirement already satisfied: tqdm>=4.19 in /usr/local/lib/python3.6/dist-packages (from allennlp==0.9.0) (4.64.1)\nCollecting boto3\n  Downloading boto3-1.23.10-py3-none-any.whl (132 kB)\nCollecting parsimonious>=0.8.0\n  Downloading parsimonious-0.10.0-py3-none-any.whl (48 kB)\nRequirement already satisfied: regex in /usr/local/lib/python3.6/dist-packages (from pytorch-transformers==1.1.0->allennlp==0.9.0) (2022.10.31)\nCollecting sentencepiece\n  Downloading sentencepiece-0.1.97-cp36-cp36m-manylinux_2_17_x86_64.manylinux2014_x86_64.whl (1.3 MB)\nRequirement already satisfied: click>=7.1.2 in /usr/local/lib/python3.6/dist-packages (from flask>=1.0.2->allennlp==0.9.0) (8.0.4)\nCollecting itsdangerous>=2.0\n  Downloading itsdangerous-2.0.1-py3-none-any.whl (18 kB)\nRequirement already satisfied: Werkzeug>=2.0 in /usr/local/lib/python3.6/dist-packages (from flask>=1.0.2->allennlp==0.9.0) (2.0.3)\nCollecting Jinja2>=3.0\n  Downloading Jinja2-3.0.3-py3-none-any.whl (133 kB)\nRequirement already satisfied: Six in /usr/local/lib/python3.6/dist-packages (from flask-cors>=3.0.7->allennlp==0.9.0) (1.15.0)\nCollecting zope.event\n  Downloading zope.event-4.6-py2.py3-none-any.whl (6.8 kB)\nCollecting greenlet>=2.0.0\n  Downloading greenlet-2.0.1-cp36-cp36m-manylinux_2_17_x86_64.manylinux2014_x86_64.whl (513 kB)\nCollecting zope.interface\n  Downloading zope.interface-5.5.2-cp36-cp36m-manylinux_2_5_x86_64.manylinux1_x86_64.manylinux_2_12_x86_64.manylinux2010_x86_64.whl (253 kB)\nRequirement already satisfied: setuptools in /usr/local/lib/python3.6/dist-packages (from gevent>=1.3.6->allennlp==0.9.0) (59.6.0)\nCollecting pyparsing!=2.0.4,!=2.1.2,!=2.1.6,>=2.0.3\n  Downloading pyparsing-3.0.9-py3-none-any.whl (98 kB)\nCollecting pillow>=6.2.0\n  Downloading Pillow-8.4.0-cp36-cp36m-manylinux_2_17_x86_64.manylinux2014_x86_64.whl (3.1 MB)\nCollecting cycler>=0.10\n  Downloading cycler-0.11.0-py3-none-any.whl (6.4 kB)\nRequirement already satisfied: python-dateutil>=2.1 in /usr/local/lib/python3.6/dist-packages (from matplotlib>=2.2.3->allennlp==0.9.0) (2.8.2)\nCollecting kiwisolver>=1.0.1\n  Downloading kiwisolver-1.3.1-cp36-cp36m-manylinux1_x86_64.whl (1.1 MB)\nCollecting sphinx>=1.6.5\n  Downloading sphinx-5.3.0-py3-none-any.whl (3.2 MB)\nRequirement already satisfied: certifi>=2017.4.17 in /usr/local/lib/python3.6/dist-packages (from requests>=2.18->allennlp==0.9.0) (2022.12.7)\nRequirement already satisfied: urllib3<1.27,>=1.21.1 in /usr/local/lib/python3.6/dist-packages (from requests>=2.18->allennlp==0.9.0) (1.26.13)\nRequirement already satisfied: charset-normalizer~=2.0.0 in /usr/local/lib/python3.6/dist-packages (from requests>=2.18->allennlp==0.9.0) (2.0.12)\nRequirement already satisfied: idna<4,>=2.5 in /usr/lib/python3/dist-packages (from requests>=2.18->allennlp==0.9.0) (2.6)\nCollecting plac<1.0.0,>=0.9.6\n  Downloading plac-0.9.6-py2.py3-none-any.whl (20 kB)\nCollecting murmurhash<1.1.0,>=0.28.0\n  Downloading murmurhash-1.0.9-cp36-cp36m-manylinux_2_5_x86_64.manylinux1_x86_64.manylinux_2_17_x86_64.manylinux2014_x86_64.whl (21 kB)\nCollecting blis<0.3.0,>=0.2.2\n  Downloading blis-0.2.4-cp36-cp36m-manylinux1_x86_64.whl (3.2 MB)\nCollecting cymem<2.1.0,>=2.0.2\n  Downloading cymem-2.0.7-cp36-cp36m-manylinux_2_17_x86_64.manylinux2014_x86_64.whl (35 kB)\nCollecting srsly<1.1.0,>=0.0.6\n  Downloading srsly-1.0.6-cp36-cp36m-manylinux_2_17_x86_64.manylinux2014_x86_64.whl (208 kB)\nCollecting preshed<2.1.0,>=2.0.1\n  Downloading preshed-2.0.1-cp36-cp36m-manylinux1_x86_64.whl (83 kB)\nCollecting wasabi<1.1.0,>=0.2.0\n  Downloading wasabi-0.10.1-py3-none-any.whl (26 kB)\nCollecting thinc<7.1.0,>=7.0.8\n  Downloading thinc-7.0.8-cp36-cp36m-manylinux1_x86_64.whl (2.1 MB)\nRequirement already satisfied: protobuf<=3.20.1,>=3.8.0 in /usr/local/lib/python3.6/dist-packages (from tensorboardX>=1.2->allennlp==0.9.0) (3.19.6)\nRequirement already satisfied: typing-extensions in /usr/local/lib/python3.6/dist-packages (from torch>=1.2.0->allennlp==0.9.0) (3.7.4.3)\nRequirement already satisfied: dataclasses in /usr/local/lib/python3.6/dist-packages (from torch>=1.2.0->allennlp==0.9.0) (0.8)\nRequirement already satisfied: importlib-resources in /usr/local/lib/python3.6/dist-packages (from tqdm>=4.19->allennlp==0.9.0) (5.4.0)\nCollecting jmespath<2.0.0,>=0.7.1\n  Downloading jmespath-0.10.0-py2.py3-none-any.whl (24 kB)\nCollecting botocore<1.27.0,>=1.26.10\n  Downloading botocore-1.26.10-py3-none-any.whl (8.8 MB)\nCollecting s3transfer<0.6.0,>=0.5.0\n  Downloading s3transfer-0.5.2-py3-none-any.whl (79 kB)\nCollecting wcwidth\n  Downloading wcwidth-0.2.5-py2.py3-none-any.whl (30 kB)\nRequirement already satisfied: cached-property in /usr/local/lib/python3.6/dist-packages (from h5py->allennlp==0.9.0) (1.5.2)\nRequirement already satisfied: importlib-metadata in /usr/local/lib/python3.6/dist-packages (from jsonpickle->allennlp==0.9.0) (4.8.3)\nRequirement already satisfied: joblib in /usr/local/lib/python3.6/dist-packages (from nltk->allennlp==0.9.0) (1.1.1)\nCollecting pluggy<2.0,>=0.12\n  Downloading pluggy-1.0.0-py2.py3-none-any.whl (13 kB)\nCollecting py>=1.8.2\n  Downloading py-1.11.0-py2.py3-none-any.whl (98 kB)\nCollecting tomli>=1.0.0\n  Downloading tomli-1.2.3-py3-none-any.whl (12 kB)\nCollecting iniconfig\n  Downloading iniconfig-1.1.1-py2.py3-none-any.whl (5.0 kB)\nCollecting attrs>=19.2.0\n  Downloading attrs-22.2.0-py3-none-any.whl (60 kB)\nCollecting packaging\n  Downloading packaging-21.3-py3-none-any.whl (40 kB)\nRequirement already satisfied: zipp>=0.5 in /usr/local/lib/python3.6/dist-packages (from importlib-metadata->jsonpickle->allennlp==0.9.0) (3.6.0)\nCollecting MarkupSafe>=2.0\n  Downloading MarkupSafe-2.0.1-cp36-cp36m-manylinux_2_5_x86_64.manylinux1_x86_64.manylinux_2_12_x86_64.manylinux2010_x86_64.whl (30 kB)\nCollecting Pygments>=2.12\n  Downloading Pygments-2.13.0-py3-none-any.whl (1.1 MB)\nCollecting sphinxcontrib-htmlhelp>=2.0.0\n  Downloading sphinxcontrib_htmlhelp-2.0.0-py2.py3-none-any.whl (100 kB)\nCollecting sphinxcontrib-devhelp\n  Downloading sphinxcontrib_devhelp-1.0.2-py2.py3-none-any.whl (84 kB)\nCollecting babel>=2.9\n  Downloading Babel-2.11.0-py3-none-any.whl (9.5 MB)\nCollecting alabaster<0.8,>=0.7\n  Downloading alabaster-0.7.12-py2.py3-none-any.whl (14 kB)\nCollecting docutils<0.20,>=0.14\n  Downloading docutils-0.18.1-py2.py3-none-any.whl (570 kB)\nCollecting sphinxcontrib-qthelp\n  Downloading sphinxcontrib_qthelp-1.0.3-py2.py3-none-any.whl (90 kB)\nCollecting sphinxcontrib-jsmath\n  Downloading sphinxcontrib_jsmath-1.0.1-py2.py3-none-any.whl (5.1 kB)\nCollecting sphinxcontrib-serializinghtml>=1.1.5\n  Downloading sphinxcontrib_serializinghtml-1.1.5-py2.py3-none-any.whl (94 kB)\nCollecting sphinxcontrib-applehelp\n  Downloading sphinxcontrib_applehelp-1.0.2-py2.py3-none-any.whl (121 kB)\nCollecting snowballstemmer>=2.0\n  Downloading snowballstemmer-2.2.0-py2.py3-none-any.whl (93 kB)\nCollecting imagesize>=1.3\n  Downloading imagesize-1.4.1-py2.py3-none-any.whl (8.8 kB)\nBuilding wheels for collected packages: jsonnet, word2number, ftfy\n  Building wheel for jsonnet (setup.py): started\n  Building wheel for jsonnet (setup.py): finished with status 'done'\n  Created wheel for jsonnet: filename=jsonnet-0.19.1-cp36-cp36m-linux_x86_64.whl size=3996440 sha256=2c3bf4a6dd796804b656d5b0821eaf008cff8b9294dde0a7b68e5fde5273f305\n  Stored in directory: /root/.cache/pip/wheels/78/48/6f/940b966eae2fccbc27f85aac6e7a19bba1ff8bd3b96f0e3ebf\n  Building wheel for word2number (setup.py): started\n  Building wheel for word2number (setup.py): finished with status 'done'\n  Created wheel for word2number: filename=word2number-1.1-py3-none-any.whl size=5582 sha256=0f98c7187479c84bbb500b0fad4890220cb734c79ba25531997656438e093df7\n  Stored in directory: /root/.cache/pip/wheels/6c/5e/36/8b922f014b64e2a45bac622008bc439281784eb1e09fe5d8d5\n  Building wheel for ftfy (setup.py): started\n  Building wheel for ftfy (setup.py): finished with status 'done'\n  Created wheel for ftfy: filename=ftfy-6.0.3-py3-none-any.whl size=41933 sha256=83a28c926cdc655eab03f7c7b234e75f9957c91fb3a39ec313902a0a39269f79\n  Stored in directory: /root/.cache/pip/wheels/ff/2a/24/75041425faf3347ab146a4a3d0484f723b2c44a7966a06e3f0\nSuccessfully built jsonnet word2number ftfy\nInstalling collected packages: jmespath, pytz, pyparsing, MarkupSafe, cymem, botocore, wasabi, srsly, sphinxcontrib-serializinghtml, sphinxcontrib-qthelp, sphinxcontrib-jsmath, sphinxcontrib-htmlhelp, sphinxcontrib-devhelp, sphinxcontrib-applehelp, snowballstemmer, s3transfer, Pygments, preshed, plac, packaging, murmurhash, Jinja2, itsdangerous, imagesize, docutils, blis, babel, alabaster, zope.interface, zope.event, wcwidth, torch, tomli, thinc, sphinx, sentencepiece, py, pluggy, pillow, kiwisolver, iniconfig, greenlet, flask, cycler, boto3, attrs, word2number, unidecode, tensorboardX, sqlparse, spacy, responses, pytorch-transformers, pytorch-pretrained-bert, pytest, parsimonious, overrides, numpydoc, matplotlib, jsonpickle, jsonnet, gevent, ftfy, flask-cors, flaky, editdistance, conllu, allennlp\nSuccessfully installed Jinja2-3.0.3 MarkupSafe-2.0.1 Pygments-2.13.0 alabaster-0.7.12 allennlp-0.9.0 attrs-22.2.0 babel-2.11.0 blis-0.2.4 boto3-1.23.10 botocore-1.26.10 conllu-1.3.1 cycler-0.11.0 cymem-2.0.7 docutils-0.18.1 editdistance-0.6.2 flaky-3.7.0 flask-2.0.3 flask-cors-3.0.10 ftfy-6.0.3 gevent-22.10.2 greenlet-2.0.1 imagesize-1.4.1 iniconfig-1.1.1 itsdangerous-2.0.1 jmespath-0.10.0 jsonnet-0.19.1 jsonpickle-2.2.0 kiwisolver-1.3.1 matplotlib-3.3.4 murmurhash-1.0.9 numpydoc-1.1.0 overrides-7.3.1 packaging-21.3 parsimonious-0.10.0 pillow-8.4.0 plac-0.9.6 pluggy-1.0.0 preshed-2.0.1 py-1.11.0 pyparsing-3.0.9 pytest-7.0.1 pytorch-pretrained-bert-0.6.2 pytorch-transformers-1.1.0 pytz-2022.7 responses-0.17.0 s3transfer-0.5.2 sentencepiece-0.1.97 snowballstemmer-2.2.0 spacy-2.1.9 sphinx-5.3.0 sphinxcontrib-applehelp-1.0.2 sphinxcontrib-devhelp-1.0.2 sphinxcontrib-htmlhelp-2.0.0 sphinxcontrib-jsmath-1.0.1 sphinxcontrib-qthelp-1.0.3 sphinxcontrib-serializinghtml-1.1.5 sqlparse-0.4.3 srsly-1.0.6 tensorboardX-2.5.1 thinc-7.0.8 tomli-1.2.3 torch-1.10.2 unidecode-1.3.6 wasabi-0.10.1 wcwidth-0.2.5 word2number-1.1 zope.event-4.6 zope.interface-5.5.2\n\u001b[91mWARNING: Running pip as the 'root' user can result in broken permissions and conflicting behaviour with the system package manager. It is recommended to use a virtual environment instead: https://pip.pypa.io/warnings/venv\n\u001b[0mRemoving intermediate container 8ad4c777ca15\n ---> f7f8450c4a66\nStep 27/27 : WORKDIR \"/poldeepner\"\n ---> Running in 6a4ae3a4c34c\nRemoving intermediate container 6a4ae3a4c34c\n ---> 1dd78a4a650b\nSuccessfully built 1dd78a4a650b\nSuccessfully tagged poldeepner:latest\n","stderr":"","imageSize":7549248723},"repair":{"violations":[{"name":"pipUseNoCacheDir","position":{"start":26,"end":26,"columnStart":4,"columnEnd":23}},{"name":"pipUseNoCacheDir","position":{"start":27,"end":27,"columnStart":4,"columnEnd":21}},{"name":"pipUseNoCacheDir","position":{"start":28,"end":28,"columnStart":4,"columnEnd":26}},{"name":"pipUseNoCacheDir","position":{"start":29,"end":29,"columnStart":4,"columnEnd":71}},{"name":"pipUseNoCacheDir","position":{"start":30,"end":30,"columnStart":4,"columnEnd":22}},{"name":"pipUseNoCacheDir","position":{"start":31,"end":31,"columnStart":4,"columnEnd":26}},{"name":"pipUseNoCacheDir","position":{"start":32,"end":32,"columnStart":4,"columnEnd":24}},{"name":"pipUseNoCacheDir","position":{"start":33,"end":33,"columnStart":4,"columnEnd":23}},{"name":"pipUseNoCacheDir","position":{"start":34,"end":34,"columnStart":4,"columnEnd":42}},{"name":"pipUseNoCacheDir","position":{"start":35,"end":35,"columnStart":4,"columnEnd":31}},{"name":"pipUseNoCacheDir","position":{"start":36,"end":36,"columnStart":4,"columnEnd":20}},{"name":"pipUseNoCacheDir","position":{"start":37,"end":37,"columnStart":4,"columnEnd":22}},{"name":"pipUseNoCacheDir","position":{"start":38,"end":38,"columnStart":4,"columnEnd":31}},{"name":"ruleAptGetInstallUseY","position":{"start":9,"end":9,"columnStart":4,"columnEnd":27}},{"name":"ruleAptGetInstallUseNoRec","position":{"start":9,"end":9,"columnStart":4,"columnEnd":27}},{"name":"ruleAptGetInstallUseNoRec","position":{"start":16,"end":16,"columnStart":4,"columnEnd":26}},{"name":"ruleAptGetInstallUseNoRec","position":{"start":17,"end":17,"columnStart":4,"columnEnd":89}},{"name":"ruleAptGetUpdatePrecedesInstall","position":{"start":9,"end":9,"columnStart":4,"columnEnd":27}},{"name":"ruleAptGetUpdatePrecedesInstall","position":{"start":16,"end":16,"columnStart":4,"columnEnd":26}},{"name":"ruleAptGetUpdatePrecedesInstall","position":{"start":17,"end":17,"columnStart":4,"columnEnd":89}},{"name":"ruleAptGetInstallThenRemoveAptLists","position":{"start":9,"end":9,"columnStart":4,"columnEnd":27}},{"name":"ruleAptGetInstallThenRemoveAptLists","position":{"start":16,"end":16,"columnStart":4,"columnEnd":26}},{"name":"ruleAptGetInstallThenRemoveAptLists","position":{"start":17,"end":17,"columnStart":4,"columnEnd":89}}],"repairedDockerfile":"#---------------------------------------------------------------\nFROM nvidia/cuda:10.0-cudnn7-runtime-ubuntu18.04 as poldeepner-base\n#---------------------------------------------------------------\n\nLABEL maintainer=\"Michał Marcińczuk <marcinczuk@gmail.com>\"\n\nRUN apt-get clean && apt-get update\n\n# Set the locale\nRUN apt-get install -y --no-install-recommends locales\nRUN locale-gen en_US.UTF-8\nENV LANG en_US.UTF-8\nENV LANGUAGE en_US:en\nENV LC_ALL en_US.UTF-8\n\n# update pip\nRUN apt-get install --no-install-recommends -y git\nRUN apt-get install --no-install-recommends -y build-essential python3.6 python3.6-dev python3-pip python3.6-venv\nRUN python3.6 -m pip install pip --upgrade\nRUN python3.6 -m pip install wheel\n\n\n#---------------------------------------------------------------\nFROM poldeepner-base\n#---------------------------------------------------------------\n\nRUN pip install --no-cache-dir seqeval\nRUN pip install --no-cache-dir keras\nRUN pip install --no-cache-dir tensorflow\nRUN pip install --no-cache-dir git+https://www.github.com/keras-team/keras-contrib.git\nRUN pip install --no-cache-dir cython\nRUN pip install --no-cache-dir pyfasttext\nRUN pip install --no-cache-dir fasttext\nRUN pip install --no-cache-dir sklearn\nRUN pip install --no-cache-dir scikit-learn==0.22.2.post1\nRUN pip install --no-cache-dir python-dateutil\nRUN pip install --no-cache-dir nltk\nRUN pip install --no-cache-dir gensim\nRUN pip install --no-cache-dir allennlp==0.9.0\n\nWORKDIR \"/poldeepner\"\n"},"repairedBuild":{"startTimestamp":1672349049946,"endTimestamp":1672352145746,"error":{"code":1,"killed":false,"signal":null,"cmd":"docker build --no-cache --force-rm -t poldeepner:latest -f /tmp/dinghy-analysis/clarin-pl/poldeepner/Dockerfile ."},"stdout":"Sending build context to Docker daemon  52.81MB\r\r\nStep 1/27 : FROM nvidia/cuda:10.0-cudnn7-runtime-ubuntu18.04 as poldeepner-base\n ---> be731942cc09\nStep 2/27 : LABEL maintainer=\"Michał Marcińczuk <marcinczuk@gmail.com>\"\n ---> Running in d4242a4c649d\nRemoving intermediate container d4242a4c649d\n ---> 2ce92f57046f\nStep 3/27 : RUN apt-get clean && apt-get update\n ---> Running in edb0227330a3\nGet:1 https://developer.download.nvidia.com/compute/cuda/repos/ubuntu1804/x86_64  InRelease [1581 B]\nGet:2 http://archive.ubuntu.com/ubuntu bionic InRelease [242 kB]\nGet:3 http://archive.ubuntu.com/ubuntu bionic-updates InRelease [88.7 kB]\nGet:4 http://security.ubuntu.com/ubuntu bionic-security InRelease [88.7 kB]\nGet:5 https://developer.download.nvidia.com/compute/cuda/repos/ubuntu1804/x86_64  Packages [1082 kB]\nGet:6 http://archive.ubuntu.com/ubuntu bionic-backports InRelease [83.3 kB]\nGet:7 http://archive.ubuntu.com/ubuntu bionic/universe amd64 Packages [11.3 MB]\nGet:8 http://archive.ubuntu.com/ubuntu bionic/restricted amd64 Packages [13.5 kB]\nGet:9 http://archive.ubuntu.com/ubuntu bionic/multiverse amd64 Packages [186 kB]\nGet:10 http://archive.ubuntu.com/ubuntu bionic/main amd64 Packages [1344 kB]\nGet:11 http://archive.ubuntu.com/ubuntu bionic-updates/restricted amd64 Packages [1352 kB]\nGet:12 http://archive.ubuntu.com/ubuntu bionic-updates/main amd64 Packages [3524 kB]\nGet:13 http://archive.ubuntu.com/ubuntu bionic-updates/universe amd64 Packages [2342 kB]\nGet:14 http://archive.ubuntu.com/ubuntu bionic-updates/multiverse amd64 Packages [30.0 kB]\nGet:15 http://archive.ubuntu.com/ubuntu bionic-backports/main amd64 Packages [64.0 kB]\nGet:16 http://archive.ubuntu.com/ubuntu bionic-backports/universe amd64 Packages [20.5 kB]\nGet:17 http://security.ubuntu.com/ubuntu bionic-security/restricted amd64 Packages [1311 kB]\nGet:18 http://security.ubuntu.com/ubuntu bionic-security/main amd64 Packages [3099 kB]\nGet:19 http://security.ubuntu.com/ubuntu bionic-security/multiverse amd64 Packages [22.9 kB]\nGet:20 http://security.ubuntu.com/ubuntu bionic-security/universe amd64 Packages [1568 kB]\nFetched 27.8 MB in 2s (12.0 MB/s)\nReading package lists...\nRemoving intermediate container edb0227330a3\n ---> 4f16c19ebad1\nStep 4/27 : RUN apt-get install -y --no-install-recommends locales\n ---> Running in 5ef710845e09\nReading package lists...\nBuilding dependency tree...\nReading state information...\nThe following NEW packages will be installed:\n  locales\n0 upgraded, 1 newly installed, 0 to remove and 43 not upgraded.\nNeed to get 3613 kB of archives.\nAfter this operation, 14.5 MB of additional disk space will be used.\nGet:1 http://archive.ubuntu.com/ubuntu bionic-updates/main amd64 locales all 2.27-3ubuntu1.6 [3613 kB]\n\u001b[91mdebconf: delaying package configuration, since apt-utils is not installed\n\u001b[0mFetched 3613 kB in 0s (11.5 MB/s)\nSelecting previously unselected package locales.\r\n(Reading database ... \r(Reading database ... 5%\r(Reading database ... 10%\r(Reading database ... 15%\r(Reading database ... 20%\r(Reading database ... 25%\r(Reading database ... 30%\r(Reading database ... 35%\r(Reading database ... 40%\r(Reading database ... 45%\r(Reading database ... 50%\r(Reading database ... 55%\r(Reading database ... 60%\r(Reading database ... 65%\r(Reading database ... 70%\r(Reading database ... 75%\r(Reading database ... 80%\r(Reading database ... 85%\r(Reading database ... 90%\r(Reading database ... 95%\r(Reading database ... 100%\r(Reading database ... 4835 files and directories currently installed.)\r\nPreparing to unpack .../locales_2.27-3ubuntu1.6_all.deb ...\r\nUnpacking locales (2.27-3ubuntu1.6) ...\r\nSetting up locales (2.27-3ubuntu1.6) ...\r\ndebconf: unable to initialize frontend: Dialog\r\ndebconf: (TERM is not set, so the dialog frontend is not usable.)\r\ndebconf: falling back to frontend: Readline\r\ndebconf: unable to initialize frontend: Readline\r\ndebconf: (Can't locate Term/ReadLine.pm in @INC (you may need to install the Term::ReadLine module) (@INC contains: /etc/perl /usr/local/lib/x86_64-linux-gnu/perl/5.26.1 /usr/local/share/perl/5.26.1 /usr/lib/x86_64-linux-gnu/perl5/5.26 /usr/share/perl5 /usr/lib/x86_64-linux-gnu/perl/5.26 /usr/share/perl/5.26 /usr/local/lib/site_perl /usr/lib/x86_64-linux-gnu/perl-base) at /usr/share/perl5/Debconf/FrontEnd/Readline.pm line 7.)\r\ndebconf: falling back to frontend: Teletype\r\nGenerating locales (this might take a while)...\r\nGeneration complete.\r\nRemoving intermediate container 5ef710845e09\n ---> 1bd76a18598e\nStep 5/27 : RUN locale-gen en_US.UTF-8\n ---> Running in cf371f94a93f\nGenerating locales (this might take a while)...\n  en_US.UTF-8... done\nGeneration complete.\nRemoving intermediate container cf371f94a93f\n ---> 507490f40b1c\nStep 6/27 : ENV LANG en_US.UTF-8\n ---> Running in 883012f91d1a\nRemoving intermediate container 883012f91d1a\n ---> f1b85ebc9169\nStep 7/27 : ENV LANGUAGE en_US:en\n ---> Running in 457f934f6682\nRemoving intermediate container 457f934f6682\n ---> 585af672fc67\nStep 8/27 : ENV LC_ALL en_US.UTF-8\n ---> Running in 193fc36273ab\nRemoving intermediate container 193fc36273ab\n ---> 762b180dff64\nStep 9/27 : RUN apt-get install --no-install-recommends -y git\n ---> Running in 7ff3aa88ecdf\nReading package lists...\nBuilding dependency tree...\nReading state information...\nThe following additional packages will be installed:\n  git-man libcurl3-gnutls liberror-perl libexpat1 libgdbm-compat4 libgdbm5\n  libgssapi-krb5-2 libk5crypto3 libkeyutils1 libkrb5-3 libkrb5support0\n  libnghttp2-14 libperl5.26 libpsl5 librtmp1 perl perl-base perl-modules-5.26\nSuggested packages:\n  gettext-base git-daemon-run | git-daemon-sysvinit git-doc git-el git-email\n  git-gui gitk gitweb git-cvs git-mediawiki git-svn gdbm-l10n krb5-doc\n  krb5-user perl-doc libterm-readline-gnu-perl | libterm-readline-perl-perl\n  make\nRecommended packages:\n  patch less ssh-client krb5-locales publicsuffix netbase\nThe following NEW packages will be installed:\n  git git-man libcurl3-gnutls liberror-perl libexpat1 libgdbm-compat4 libgdbm5\n  libgssapi-krb5-2 libk5crypto3 libkeyutils1 libkrb5-3 libkrb5support0\n  libnghttp2-14 libperl5.26 libpsl5 librtmp1 perl perl-modules-5.26\nThe following packages will be upgraded:\n  perl-base\n1 upgraded, 18 newly installed, 0 to remove and 42 not upgraded.\nNeed to get 13.7 MB of archives.\nAfter this operation, 79.1 MB of additional disk space will be used.\nGet:1 http://archive.ubuntu.com/ubuntu bionic-updates/main amd64 perl-base amd64 5.26.1-6ubuntu0.6 [1,393 kB]\nGet:2 http://archive.ubuntu.com/ubuntu bionic-updates/main amd64 perl-modules-5.26 all 5.26.1-6ubuntu0.6 [2,764 kB]\nGet:3 http://archive.ubuntu.com/ubuntu bionic/main amd64 libgdbm5 amd64 1.14.1-6 [26.0 kB]\nGet:4 http://archive.ubuntu.com/ubuntu bionic/main amd64 libgdbm-compat4 amd64 1.14.1-6 [6,084 B]\nGet:5 http://archive.ubuntu.com/ubuntu bionic-updates/main amd64 libperl5.26 amd64 5.26.1-6ubuntu0.6 [3,556 kB]\nGet:6 http://archive.ubuntu.com/ubuntu bionic-updates/main amd64 perl amd64 5.26.1-6ubuntu0.6 [201 kB]\nGet:7 http://archive.ubuntu.com/ubuntu bionic-updates/main amd64 libexpat1 amd64 2.2.5-3ubuntu0.9 [82.8 kB]\nGet:8 http://archive.ubuntu.com/ubuntu bionic-updates/main amd64 libkrb5support0 amd64 1.16-2ubuntu0.2 [30.8 kB]\nGet:9 http://archive.ubuntu.com/ubuntu bionic-updates/main amd64 libk5crypto3 amd64 1.16-2ubuntu0.2 [85.5 kB]\nGet:10 http://archive.ubuntu.com/ubuntu bionic-updates/main amd64 libkeyutils1 amd64 1.5.9-9.2ubuntu2.1 [8,764 B]\nGet:11 http://archive.ubuntu.com/ubuntu bionic-updates/main amd64 libkrb5-3 amd64 1.16-2ubuntu0.2 [279 kB]\nGet:12 http://archive.ubuntu.com/ubuntu bionic-updates/main amd64 libgssapi-krb5-2 amd64 1.16-2ubuntu0.2 [122 kB]\nGet:13 http://archive.ubuntu.com/ubuntu bionic/main amd64 libpsl5 amd64 0.19.1-5build1 [41.8 kB]\nGet:14 http://archive.ubuntu.com/ubuntu bionic/main amd64 libnghttp2-14 amd64 1.30.0-1ubuntu1 [77.8 kB]\nGet:15 http://archive.ubuntu.com/ubuntu bionic/main amd64 librtmp1 amd64 2.4+20151223.gitfa8646d.1-1 [54.2 kB]\nGet:16 http://archive.ubuntu.com/ubuntu bionic-updates/main amd64 libcurl3-gnutls amd64 7.58.0-2ubuntu3.21 [219 kB]\nGet:17 http://archive.ubuntu.com/ubuntu bionic/main amd64 liberror-perl all 0.17025-1 [22.8 kB]\nGet:18 http://archive.ubuntu.com/ubuntu bionic-updates/main amd64 git-man all 1:2.17.1-1ubuntu0.13 [805 kB]\nGet:19 http://archive.ubuntu.com/ubuntu bionic-updates/main amd64 git amd64 1:2.17.1-1ubuntu0.13 [3,923 kB]\n\u001b[91mdebconf: delaying package configuration, since apt-utils is not installed\n\u001b[0mFetched 13.7 MB in 2s (7,913 kB/s)\n(Reading database ... \r(Reading database ... 5%\r(Reading database ... 10%\r(Reading database ... 15%\r(Reading database ... 20%\r(Reading database ... 25%\r(Reading database ... 30%\r(Reading database ... 35%\r(Reading database ... 40%\r(Reading database ... 45%\r(Reading database ... 50%\r(Reading database ... 55%\r(Reading database ... 60%\r(Reading database ... 65%\r(Reading database ... 70%\r(Reading database ... 75%\r(Reading database ... 80%\r(Reading database ... 85%\r(Reading database ... 90%\r(Reading database ... 95%\r(Reading database ... 100%\r(Reading database ... 5453 files and directories currently installed.)\r\nPreparing to unpack .../perl-base_5.26.1-6ubuntu0.6_amd64.deb ...\r\nUnpacking perl-base (5.26.1-6ubuntu0.6) over (5.26.1-6ubuntu0.5) ...\r\nSetting up perl-base (5.26.1-6ubuntu0.6) ...\r\nSelecting previously unselected package perl-modules-5.26.\r\n(Reading database ... \r(Reading database ... 5%\r(Reading database ... 10%\r(Reading database ... 15%\r(Reading database ... 20%\r(Reading database ... 25%\r(Reading database ... 30%\r(Reading database ... 35%\r(Reading database ... 40%\r(Reading database ... 45%\r(Reading database ... 50%\r(Reading database ... 55%\r(Reading database ... 60%\r(Reading database ... 65%\r(Reading database ... 70%\r(Reading database ... 75%\r(Reading database ... 80%\r(Reading database ... 85%\r(Reading database ... 90%\r(Reading database ... 95%\r(Reading database ... 100%\r(Reading database ... 5453 files and directories currently installed.)\r\nPreparing to unpack .../00-perl-modules-5.26_5.26.1-6ubuntu0.6_all.deb ...\r\nUnpacking perl-modules-5.26 (5.26.1-6ubuntu0.6) ...\r\nSelecting previously unselected package libgdbm5:amd64.\r\nPreparing to unpack .../01-libgdbm5_1.14.1-6_amd64.deb ...\r\nUnpacking libgdbm5:amd64 (1.14.1-6) ...\r\nSelecting previously unselected package libgdbm-compat4:amd64.\r\nPreparing to unpack .../02-libgdbm-compat4_1.14.1-6_amd64.deb ...\r\nUnpacking libgdbm-compat4:amd64 (1.14.1-6) ...\r\nSelecting previously unselected package libperl5.26:amd64.\r\nPreparing to unpack .../03-libperl5.26_5.26.1-6ubuntu0.6_amd64.deb ...\r\nUnpacking libperl5.26:amd64 (5.26.1-6ubuntu0.6) ...\r\nSelecting previously unselected package perl.\r\nPreparing to unpack .../04-perl_5.26.1-6ubuntu0.6_amd64.deb ...\r\nUnpacking perl (5.26.1-6ubuntu0.6) ...\r\nSelecting previously unselected package libexpat1:amd64.\r\nPreparing to unpack .../05-libexpat1_2.2.5-3ubuntu0.9_amd64.deb ...\r\nUnpacking libexpat1:amd64 (2.2.5-3ubuntu0.9) ...\r\nSelecting previously unselected package libkrb5support0:amd64.\r\nPreparing to unpack .../06-libkrb5support0_1.16-2ubuntu0.2_amd64.deb ...\r\nUnpacking libkrb5support0:amd64 (1.16-2ubuntu0.2) ...\r\nSelecting previously unselected package libk5crypto3:amd64.\r\nPreparing to unpack .../07-libk5crypto3_1.16-2ubuntu0.2_amd64.deb ...\r\nUnpacking libk5crypto3:amd64 (1.16-2ubuntu0.2) ...\r\nSelecting previously unselected package libkeyutils1:amd64.\r\nPreparing to unpack .../08-libkeyutils1_1.5.9-9.2ubuntu2.1_amd64.deb ...\r\nUnpacking libkeyutils1:amd64 (1.5.9-9.2ubuntu2.1) ...\r\nSelecting previously unselected package libkrb5-3:amd64.\r\nPreparing to unpack .../09-libkrb5-3_1.16-2ubuntu0.2_amd64.deb ...\r\nUnpacking libkrb5-3:amd64 (1.16-2ubuntu0.2) ...\r\nSelecting previously unselected package libgssapi-krb5-2:amd64.\r\nPreparing to unpack .../10-libgssapi-krb5-2_1.16-2ubuntu0.2_amd64.deb ...\r\nUnpacking libgssapi-krb5-2:amd64 (1.16-2ubuntu0.2) ...\r\nSelecting previously unselected package libpsl5:amd64.\r\nPreparing to unpack .../11-libpsl5_0.19.1-5build1_amd64.deb ...\r\nUnpacking libpsl5:amd64 (0.19.1-5build1) ...\r\nSelecting previously unselected package libnghttp2-14:amd64.\r\nPreparing to unpack .../12-libnghttp2-14_1.30.0-1ubuntu1_amd64.deb ...\r\nUnpacking libnghttp2-14:amd64 (1.30.0-1ubuntu1) ...\r\nSelecting previously unselected package librtmp1:amd64.\r\nPreparing to unpack .../13-librtmp1_2.4+20151223.gitfa8646d.1-1_amd64.deb ...\r\nUnpacking librtmp1:amd64 (2.4+20151223.gitfa8646d.1-1) ...\r\nSelecting previously unselected package libcurl3-gnutls:amd64.\r\nPreparing to unpack .../14-libcurl3-gnutls_7.58.0-2ubuntu3.21_amd64.deb ...\r\nUnpacking libcurl3-gnutls:amd64 (7.58.0-2ubuntu3.21) ...\r\nSelecting previously unselected package liberror-perl.\r\nPreparing to unpack .../15-liberror-perl_0.17025-1_all.deb ...\r\nUnpacking liberror-perl (0.17025-1) ...\r\nSelecting previously unselected package git-man.\r\nPreparing to unpack .../16-git-man_1%3a2.17.1-1ubuntu0.13_all.deb ...\r\nUnpacking git-man (1:2.17.1-1ubuntu0.13) ...\r\nSelecting previously unselected package git.\r\nPreparing to unpack .../17-git_1%3a2.17.1-1ubuntu0.13_amd64.deb ...\r\nUnpacking git (1:2.17.1-1ubuntu0.13) ...\r\nSetting up git-man (1:2.17.1-1ubuntu0.13) ...\r\nSetting up libexpat1:amd64 (2.2.5-3ubuntu0.9) ...\r\nSetting up libnghttp2-14:amd64 (1.30.0-1ubuntu1) ...\r\nSetting up libpsl5:amd64 (0.19.1-5build1) ...\r\nSetting up librtmp1:amd64 (2.4+20151223.gitfa8646d.1-1) ...\r\nSetting up perl-modules-5.26 (5.26.1-6ubuntu0.6) ...\r\nSetting up libgdbm5:amd64 (1.14.1-6) ...\r\nSetting up libkrb5support0:amd64 (1.16-2ubuntu0.2) ...\r\nSetting up libgdbm-compat4:amd64 (1.14.1-6) ...\r\nSetting up libkeyutils1:amd64 (1.5.9-9.2ubuntu2.1) ...\r\nSetting up libk5crypto3:amd64 (1.16-2ubuntu0.2) ...\r\nSetting up libperl5.26:amd64 (5.26.1-6ubuntu0.6) ...\r\nSetting up libkrb5-3:amd64 (1.16-2ubuntu0.2) ...\r\nSetting up libgssapi-krb5-2:amd64 (1.16-2ubuntu0.2) ...\r\nSetting up perl (5.26.1-6ubuntu0.6) ...\r\nSetting up liberror-perl (0.17025-1) ...\r\nSetting up libcurl3-gnutls:amd64 (7.58.0-2ubuntu3.21) ...\r\nSetting up git (1:2.17.1-1ubuntu0.13) ...\r\nProcessing triggers for libc-bin (2.27-3ubuntu1.5) ...\r\nRemoving intermediate container 7ff3aa88ecdf\n ---> 2de8c09fe537\nStep 10/27 : RUN apt-get install --no-install-recommends -y build-essential python3.6 python3.6-dev python3-pip python3.6-venv\n ---> Running in 13c61e966b15\nReading package lists...\nBuilding dependency tree...\nReading state information...\nThe following additional packages will be installed:\n  binutils binutils-common binutils-x86-64-linux-gnu cpp cpp-7 dpkg-dev g++\n  g++-7 gcc gcc-7 gcc-7-base libasan4 libatomic1 libbinutils libc-dev-bin\n  libc6 libc6-dev libcc1-0 libcilkrts5 libdpkg-perl libexpat1-dev libgcc-7-dev\n  libgomp1 libisl19 libitm1 liblsan0 libmpc3 libmpdec2 libmpfr6 libmpx2\n  libpython3-stdlib libpython3.6 libpython3.6-dev libpython3.6-minimal\n  libpython3.6-stdlib libquadmath0 libstdc++-7-dev libtsan0 libubsan0\n  linux-libc-dev make mime-support patch python-pip-whl python3\n  python3-distutils python3-lib2to3 python3-minimal python3.6-minimal xz-utils\nSuggested packages:\n  binutils-doc cpp-doc gcc-7-locales debian-keyring g++-multilib\n  g++-7-multilib gcc-7-doc libstdc++6-7-dbg gcc-multilib manpages-dev autoconf\n  automake libtool flex bison gdb gcc-doc gcc-7-multilib libgcc1-dbg\n  libgomp1-dbg libitm1-dbg libatomic1-dbg libasan4-dbg liblsan0-dbg\n  libtsan0-dbg libubsan0-dbg libcilkrts5-dbg libmpx2-dbg libquadmath0-dbg\n  glibc-doc bzr libstdc++-7-doc make-doc ed diffutils-doc python3-doc\n  python3-tk python3-venv python3.6-doc binfmt-support\nRecommended packages:\n  fakeroot libalgorithm-merge-perl manpages manpages-dev\n  libfile-fcntllock-perl liblocale-gettext-perl file python3-dev\n  python3-setuptools python3-wheel\nThe following NEW packages will be installed:\n  binutils binutils-common binutils-x86-64-linux-gnu build-essential cpp cpp-7\n  dpkg-dev g++ g++-7 gcc gcc-7 gcc-7-base libasan4 libatomic1 libbinutils\n  libc-dev-bin libc6-dev libcc1-0 libcilkrts5 libdpkg-perl libexpat1-dev\n  libgcc-7-dev libgomp1 libisl19 libitm1 liblsan0 libmpc3 libmpdec2 libmpfr6\n  libmpx2 libpython3-stdlib libpython3.6 libpython3.6-dev libpython3.6-minimal\n  libpython3.6-stdlib libquadmath0 libstdc++-7-dev libtsan0 libubsan0\n  linux-libc-dev make mime-support patch python-pip-whl python3\n  python3-distutils python3-lib2to3 python3-minimal python3-pip python3.6\n  python3.6-dev python3.6-minimal python3.6-venv xz-utils\nThe following packages will be upgraded:\n  libc6\n1 upgraded, 54 newly installed, 0 to remove and 41 not upgraded.\nNeed to get 97.0 MB of archives.\nAfter this operation, 273 MB of additional disk space will be used.\nGet:1 http://archive.ubuntu.com/ubuntu bionic-updates/main amd64 libc6 amd64 2.27-3ubuntu1.6 [2,831 kB]\nGet:2 http://archive.ubuntu.com/ubuntu bionic-updates/main amd64 libpython3.6-minimal amd64 3.6.9-1~18.04ubuntu1.9 [533 kB]\nGet:3 http://archive.ubuntu.com/ubuntu bionic-updates/main amd64 python3.6-minimal amd64 3.6.9-1~18.04ubuntu1.9 [1,609 kB]\nGet:4 http://archive.ubuntu.com/ubuntu bionic-updates/main amd64 python3-minimal amd64 3.6.7-1~18.04 [23.7 kB]\nGet:5 http://archive.ubuntu.com/ubuntu bionic/main amd64 mime-support all 3.60ubuntu1 [30.1 kB]\nGet:6 http://archive.ubuntu.com/ubuntu bionic/main amd64 libmpdec2 amd64 2.4.2-1ubuntu1 [84.1 kB]\nGet:7 http://archive.ubuntu.com/ubuntu bionic-updates/main amd64 libpython3.6-stdlib amd64 3.6.9-1~18.04ubuntu1.9 [1,712 kB]\nGet:8 http://archive.ubuntu.com/ubuntu bionic-updates/main amd64 python3.6 amd64 3.6.9-1~18.04ubuntu1.9 [203 kB]\nGet:9 http://archive.ubuntu.com/ubuntu bionic-updates/main amd64 libpython3-stdlib amd64 3.6.7-1~18.04 [7,240 B]\nGet:10 http://archive.ubuntu.com/ubuntu bionic-updates/main amd64 python3 amd64 3.6.7-1~18.04 [47.2 kB]\nGet:11 http://archive.ubuntu.com/ubuntu bionic-updates/main amd64 xz-utils amd64 5.2.2-1.3ubuntu0.1 [83.8 kB]\nGet:12 http://archive.ubuntu.com/ubuntu bionic-updates/main amd64 binutils-common amd64 2.30-21ubuntu1~18.04.8 [197 kB]\nGet:13 http://archive.ubuntu.com/ubuntu bionic-updates/main amd64 libbinutils amd64 2.30-21ubuntu1~18.04.8 [488 kB]\nGet:14 http://archive.ubuntu.com/ubuntu bionic-updates/main amd64 binutils-x86-64-linux-gnu amd64 2.30-21ubuntu1~18.04.8 [1,839 kB]\nGet:15 http://archive.ubuntu.com/ubuntu bionic-updates/main amd64 binutils amd64 2.30-21ubuntu1~18.04.8 [3,388 B]\nGet:16 http://archive.ubuntu.com/ubuntu bionic-updates/main amd64 libc-dev-bin amd64 2.27-3ubuntu1.6 [71.9 kB]\nGet:17 http://archive.ubuntu.com/ubuntu bionic-updates/main amd64 linux-libc-dev amd64 4.15.0-200.211 [997 kB]\nGet:18 http://archive.ubuntu.com/ubuntu bionic-updates/main amd64 libc6-dev amd64 2.27-3ubuntu1.6 [2,587 kB]\nGet:19 http://archive.ubuntu.com/ubuntu bionic-updates/main amd64 gcc-7-base amd64 7.5.0-3ubuntu1~18.04 [18.3 kB]\nGet:20 http://archive.ubuntu.com/ubuntu bionic/main amd64 libisl19 amd64 0.19-1 [551 kB]\nGet:21 http://archive.ubuntu.com/ubuntu bionic/main amd64 libmpfr6 amd64 4.0.1-1 [243 kB]\nGet:22 http://archive.ubuntu.com/ubuntu bionic/main amd64 libmpc3 amd64 1.1.0-1 [40.8 kB]\nGet:23 http://archive.ubuntu.com/ubuntu bionic-updates/main amd64 cpp-7 amd64 7.5.0-3ubuntu1~18.04 [8,591 kB]\nGet:24 http://archive.ubuntu.com/ubuntu bionic-updates/main amd64 cpp amd64 4:7.4.0-1ubuntu2.3 [27.7 kB]\nGet:25 http://archive.ubuntu.com/ubuntu bionic-updates/main amd64 libcc1-0 amd64 8.4.0-1ubuntu1~18.04 [39.4 kB]\nGet:26 http://archive.ubuntu.com/ubuntu bionic-updates/main amd64 libgomp1 amd64 8.4.0-1ubuntu1~18.04 [76.5 kB]\nGet:27 http://archive.ubuntu.com/ubuntu bionic-updates/main amd64 libitm1 amd64 8.4.0-1ubuntu1~18.04 [27.9 kB]\nGet:28 http://archive.ubuntu.com/ubuntu bionic-updates/main amd64 libatomic1 amd64 8.4.0-1ubuntu1~18.04 [9,192 B]\nGet:29 http://archive.ubuntu.com/ubuntu bionic-updates/main amd64 libasan4 amd64 7.5.0-3ubuntu1~18.04 [358 kB]\nGet:30 http://archive.ubuntu.com/ubuntu bionic-updates/main amd64 liblsan0 amd64 8.4.0-1ubuntu1~18.04 [133 kB]\nGet:31 http://archive.ubuntu.com/ubuntu bionic-updates/main amd64 libtsan0 amd64 8.4.0-1ubuntu1~18.04 [288 kB]\nGet:32 http://archive.ubuntu.com/ubuntu bionic-updates/main amd64 libubsan0 amd64 7.5.0-3ubuntu1~18.04 [126 kB]\nGet:33 http://archive.ubuntu.com/ubuntu bionic-updates/main amd64 libcilkrts5 amd64 7.5.0-3ubuntu1~18.04 [42.5 kB]\nGet:34 http://archive.ubuntu.com/ubuntu bionic-updates/main amd64 libmpx2 amd64 8.4.0-1ubuntu1~18.04 [11.6 kB]\nGet:35 http://archive.ubuntu.com/ubuntu bionic-updates/main amd64 libquadmath0 amd64 8.4.0-1ubuntu1~18.04 [134 kB]\nGet:36 http://archive.ubuntu.com/ubuntu bionic-updates/main amd64 libgcc-7-dev amd64 7.5.0-3ubuntu1~18.04 [2,378 kB]\nGet:37 http://archive.ubuntu.com/ubuntu bionic-updates/main amd64 gcc-7 amd64 7.5.0-3ubuntu1~18.04 [9,381 kB]\nGet:38 http://archive.ubuntu.com/ubuntu bionic-updates/main amd64 gcc amd64 4:7.4.0-1ubuntu2.3 [5,184 B]\nGet:39 http://archive.ubuntu.com/ubuntu bionic-updates/main amd64 libstdc++-7-dev amd64 7.5.0-3ubuntu1~18.04 [1,471 kB]\nGet:40 http://archive.ubuntu.com/ubuntu bionic-updates/main amd64 g++-7 amd64 7.5.0-3ubuntu1~18.04 [9,697 kB]\nGet:41 http://archive.ubuntu.com/ubuntu bionic-updates/main amd64 g++ amd64 4:7.4.0-1ubuntu2.3 [1,568 B]\nGet:42 http://archive.ubuntu.com/ubuntu bionic/main amd64 make amd64 4.1-9.1ubuntu1 [154 kB]\nGet:43 http://archive.ubuntu.com/ubuntu bionic-updates/main amd64 libdpkg-perl all 1.19.0.5ubuntu2.4 [212 kB]\nGet:44 http://archive.ubuntu.com/ubuntu bionic-updates/main amd64 patch amd64 2.7.6-2ubuntu1.1 [102 kB]\nGet:45 http://archive.ubuntu.com/ubuntu bionic-updates/main amd64 dpkg-dev all 1.19.0.5ubuntu2.4 [607 kB]\nGet:46 http://archive.ubuntu.com/ubuntu bionic/main amd64 build-essential amd64 12.4ubuntu1 [4,758 B]\nGet:47 http://archive.ubuntu.com/ubuntu bionic-updates/main amd64 libexpat1-dev amd64 2.2.5-3ubuntu0.9 [124 kB]\nGet:48 http://archive.ubuntu.com/ubuntu bionic-updates/main amd64 libpython3.6 amd64 3.6.9-1~18.04ubuntu1.9 [1,414 kB]\nGet:49 http://archive.ubuntu.com/ubuntu bionic-updates/main amd64 libpython3.6-dev amd64 3.6.9-1~18.04ubuntu1.9 [44.9 MB]\nGet:50 http://archive.ubuntu.com/ubuntu bionic-updates/universe amd64 python-pip-whl all 9.0.1-2.3~ubuntu1.18.04.5 [1,653 kB]\nGet:51 http://archive.ubuntu.com/ubuntu bionic-updates/main amd64 python3-lib2to3 all 3.6.9-1~18.04 [77.4 kB]\nGet:52 http://archive.ubuntu.com/ubuntu bionic-updates/main amd64 python3-distutils all 3.6.9-1~18.04 [144 kB]\nGet:53 http://archive.ubuntu.com/ubuntu bionic-updates/universe amd64 python3-pip all 9.0.1-2.3~ubuntu1.18.04.5 [114 kB]\nGet:54 http://archive.ubuntu.com/ubuntu bionic-updates/main amd64 python3.6-dev amd64 3.6.9-1~18.04ubuntu1.9 [511 kB]\nGet:55 http://archive.ubuntu.com/ubuntu bionic-updates/universe amd64 python3.6-venv amd64 3.6.9-1~18.04ubuntu1.9 [6,184 B]\n\u001b[91mdebconf: delaying package configuration, since apt-utils is not installed\n\u001b[0mFetched 97.0 MB in 6s (16.1 MB/s)\n(Reading database ... \r(Reading database ... 5%\r(Reading database ... 10%\r(Reading database ... 15%\r(Reading database ... 20%\r(Reading database ... 25%\r(Reading database ... 30%\r(Reading database ... 35%\r(Reading database ... 40%\r(Reading database ... 45%\r(Reading database ... 50%\r(Reading database ... 55%\r(Reading database ... 60%\r(Reading database ... 65%\r(Reading database ... 70%\r(Reading database ... 75%\r(Reading database ... 80%\r(Reading database ... 85%\r(Reading database ... 90%\r(Reading database ... 95%\r(Reading database ... 100%\r(Reading database ... 8340 files and directories currently installed.)\r\nPreparing to unpack .../libc6_2.27-3ubuntu1.6_amd64.deb ...\r\ndebconf: unable to initialize frontend: Dialog\r\ndebconf: (TERM is not set, so the dialog frontend is not usable.)\r\ndebconf: falling back to frontend: Readline\r\nUnpacking libc6:amd64 (2.27-3ubuntu1.6) over (2.27-3ubuntu1.5) ...\r\nSetting up libc6:amd64 (2.27-3ubuntu1.6) ...\r\ndebconf: unable to initialize frontend: Dialog\r\ndebconf: (TERM is not set, so the dialog frontend is not usable.)\r\ndebconf: falling back to frontend: Readline\r\nSelecting previously unselected package libpython3.6-minimal:amd64.\r\n(Reading database ... \r(Reading database ... 5%\r(Reading database ... 10%\r(Reading database ... 15%\r(Reading database ... 20%\r(Reading database ... 25%\r(Reading database ... 30%\r(Reading database ... 35%\r(Reading database ... 40%\r(Reading database ... 45%\r(Reading database ... 50%\r(Reading database ... 55%\r(Reading database ... 60%\r(Reading database ... 65%\r(Reading database ... 70%\r(Reading database ... 75%\r(Reading database ... 80%\r(Reading database ... 85%\r(Reading database ... 90%\r(Reading database ... 95%\r(Reading database ... 100%\r(Reading database ... 8340 files and directories currently installed.)\r\nPreparing to unpack .../libpython3.6-minimal_3.6.9-1~18.04ubuntu1.9_amd64.deb ...\r\nUnpacking libpython3.6-minimal:amd64 (3.6.9-1~18.04ubuntu1.9) ...\r\nSelecting previously unselected package python3.6-minimal.\r\nPreparing to unpack .../python3.6-minimal_3.6.9-1~18.04ubuntu1.9_amd64.deb ...\r\nUnpacking python3.6-minimal (3.6.9-1~18.04ubuntu1.9) ...\r\nSetting up libpython3.6-minimal:amd64 (3.6.9-1~18.04ubuntu1.9) ...\r\nSetting up python3.6-minimal (3.6.9-1~18.04ubuntu1.9) ...\r\nSelecting previously unselected package python3-minimal.\r\n(Reading database ... \r(Reading database ... 5%\r(Reading database ... 10%\r(Reading database ... 15%\r(Reading database ... 20%\r(Reading database ... 25%\r(Reading database ... 30%\r(Reading database ... 35%\r(Reading database ... 40%\r(Reading database ... 45%\r(Reading database ... 50%\r(Reading database ... 55%\r(Reading database ... 60%\r(Reading database ... 65%\r(Reading database ... 70%\r(Reading database ... 75%\r(Reading database ... 80%\r(Reading database ... 85%\r(Reading database ... 90%\r(Reading database ... 95%\r(Reading database ... 100%\r(Reading database ... 8579 files and directories currently installed.)\r\nPreparing to unpack .../0-python3-minimal_3.6.7-1~18.04_amd64.deb ...\r\nUnpacking python3-minimal (3.6.7-1~18.04) ...\r\nSelecting previously unselected package mime-support.\r\nPreparing to unpack .../1-mime-support_3.60ubuntu1_all.deb ...\r\nUnpacking mime-support (3.60ubuntu1) ...\r\nSelecting previously unselected package libmpdec2:amd64.\r\nPreparing to unpack .../2-libmpdec2_2.4.2-1ubuntu1_amd64.deb ...\r\nUnpacking libmpdec2:amd64 (2.4.2-1ubuntu1) ...\r\nSelecting previously unselected package libpython3.6-stdlib:amd64.\r\nPreparing to unpack .../3-libpython3.6-stdlib_3.6.9-1~18.04ubuntu1.9_amd64.deb ...\r\nUnpacking libpython3.6-stdlib:amd64 (3.6.9-1~18.04ubuntu1.9) ...\r\nSelecting previously unselected package python3.6.\r\nPreparing to unpack .../4-python3.6_3.6.9-1~18.04ubuntu1.9_amd64.deb ...\r\nUnpacking python3.6 (3.6.9-1~18.04ubuntu1.9) ...\r\nSelecting previously unselected package libpython3-stdlib:amd64.\r\nPreparing to unpack .../5-libpython3-stdlib_3.6.7-1~18.04_amd64.deb ...\r\nUnpacking libpython3-stdlib:amd64 (3.6.7-1~18.04) ...\r\nSetting up python3-minimal (3.6.7-1~18.04) ...\r\nSelecting previously unselected package python3.\r\n(Reading database ... \r(Reading database ... 5%\r(Reading database ... 10%\r(Reading database ... 15%\r(Reading database ... 20%\r(Reading database ... 25%\r(Reading database ... 30%\r(Reading database ... 35%\r(Reading database ... 40%\r(Reading database ... 45%\r(Reading database ... 50%\r(Reading database ... 55%\r(Reading database ... 60%\r(Reading database ... 65%\r(Reading database ... 70%\r(Reading database ... 75%\r(Reading database ... 80%\r(Reading database ... 85%\r(Reading database ... 90%\r(Reading database ... 95%\r(Reading database ... 100%\r(Reading database ... 9009 files and directories currently installed.)\r\nPreparing to unpack .../00-python3_3.6.7-1~18.04_amd64.deb ...\r\nUnpacking python3 (3.6.7-1~18.04) ...\r\nSelecting previously unselected package xz-utils.\r\nPreparing to unpack .../01-xz-utils_5.2.2-1.3ubuntu0.1_amd64.deb ...\r\nUnpacking xz-utils (5.2.2-1.3ubuntu0.1) ...\r\nSelecting previously unselected package binutils-common:amd64.\r\nPreparing to unpack .../02-binutils-common_2.30-21ubuntu1~18.04.8_amd64.deb ...\r\nUnpacking binutils-common:amd64 (2.30-21ubuntu1~18.04.8) ...\r\nSelecting previously unselected package libbinutils:amd64.\r\nPreparing to unpack .../03-libbinutils_2.30-21ubuntu1~18.04.8_amd64.deb ...\r\nUnpacking libbinutils:amd64 (2.30-21ubuntu1~18.04.8) ...\r\nSelecting previously unselected package binutils-x86-64-linux-gnu.\r\nPreparing to unpack .../04-binutils-x86-64-linux-gnu_2.30-21ubuntu1~18.04.8_amd64.deb ...\r\nUnpacking binutils-x86-64-linux-gnu (2.30-21ubuntu1~18.04.8) ...\r\nSelecting previously unselected package binutils.\r\nPreparing to unpack .../05-binutils_2.30-21ubuntu1~18.04.8_amd64.deb ...\r\nUnpacking binutils (2.30-21ubuntu1~18.04.8) ...\r\nSelecting previously unselected package libc-dev-bin.\r\nPreparing to unpack .../06-libc-dev-bin_2.27-3ubuntu1.6_amd64.deb ...\r\nUnpacking libc-dev-bin (2.27-3ubuntu1.6) ...\r\nSelecting previously unselected package linux-libc-dev:amd64.\r\nPreparing to unpack .../07-linux-libc-dev_4.15.0-200.211_amd64.deb ...\r\nUnpacking linux-libc-dev:amd64 (4.15.0-200.211) ...\r\nSelecting previously unselected package libc6-dev:amd64.\r\nPreparing to unpack .../08-libc6-dev_2.27-3ubuntu1.6_amd64.deb ...\r\nUnpacking libc6-dev:amd64 (2.27-3ubuntu1.6) ...\r\nSelecting previously unselected package gcc-7-base:amd64.\r\nPreparing to unpack .../09-gcc-7-base_7.5.0-3ubuntu1~18.04_amd64.deb ...\r\nUnpacking gcc-7-base:amd64 (7.5.0-3ubuntu1~18.04) ...\r\nSelecting previously unselected package libisl19:amd64.\r\nPreparing to unpack .../10-libisl19_0.19-1_amd64.deb ...\r\nUnpacking libisl19:amd64 (0.19-1) ...\r\nSelecting previously unselected package libmpfr6:amd64.\r\nPreparing to unpack .../11-libmpfr6_4.0.1-1_amd64.deb ...\r\nUnpacking libmpfr6:amd64 (4.0.1-1) ...\r\nSelecting previously unselected package libmpc3:amd64.\r\nPreparing to unpack .../12-libmpc3_1.1.0-1_amd64.deb ...\r\nUnpacking libmpc3:amd64 (1.1.0-1) ...\r\nSelecting previously unselected package cpp-7.\r\nPreparing to unpack .../13-cpp-7_7.5.0-3ubuntu1~18.04_amd64.deb ...\r\nUnpacking cpp-7 (7.5.0-3ubuntu1~18.04) ...\r\nSelecting previously unselected package cpp.\r\nPreparing to unpack .../14-cpp_4%3a7.4.0-1ubuntu2.3_amd64.deb ...\r\nUnpacking cpp (4:7.4.0-1ubuntu2.3) ...\r\nSelecting previously unselected package libcc1-0:amd64.\r\nPreparing to unpack .../15-libcc1-0_8.4.0-1ubuntu1~18.04_amd64.deb ...\r\nUnpacking libcc1-0:amd64 (8.4.0-1ubuntu1~18.04) ...\r\nSelecting previously unselected package libgomp1:amd64.\r\nPreparing to unpack .../16-libgomp1_8.4.0-1ubuntu1~18.04_amd64.deb ...\r\nUnpacking libgomp1:amd64 (8.4.0-1ubuntu1~18.04) ...\r\nSelecting previously unselected package libitm1:amd64.\r\nPreparing to unpack .../17-libitm1_8.4.0-1ubuntu1~18.04_amd64.deb ...\r\nUnpacking libitm1:amd64 (8.4.0-1ubuntu1~18.04) ...\r\nSelecting previously unselected package libatomic1:amd64.\r\nPreparing to unpack .../18-libatomic1_8.4.0-1ubuntu1~18.04_amd64.deb ...\r\nUnpacking libatomic1:amd64 (8.4.0-1ubuntu1~18.04) ...\r\nSelecting previously unselected package libasan4:amd64.\r\nPreparing to unpack .../19-libasan4_7.5.0-3ubuntu1~18.04_amd64.deb ...\r\nUnpacking libasan4:amd64 (7.5.0-3ubuntu1~18.04) ...\r\nSelecting previously unselected package liblsan0:amd64.\r\nPreparing to unpack .../20-liblsan0_8.4.0-1ubuntu1~18.04_amd64.deb ...\r\nUnpacking liblsan0:amd64 (8.4.0-1ubuntu1~18.04) ...\r\nSelecting previously unselected package libtsan0:amd64.\r\nPreparing to unpack .../21-libtsan0_8.4.0-1ubuntu1~18.04_amd64.deb ...\r\nUnpacking libtsan0:amd64 (8.4.0-1ubuntu1~18.04) ...\r\nSelecting previously unselected package libubsan0:amd64.\r\nPreparing to unpack .../22-libubsan0_7.5.0-3ubuntu1~18.04_amd64.deb ...\r\nUnpacking libubsan0:amd64 (7.5.0-3ubuntu1~18.04) ...\r\nSelecting previously unselected package libcilkrts5:amd64.\r\nPreparing to unpack .../23-libcilkrts5_7.5.0-3ubuntu1~18.04_amd64.deb ...\r\nUnpacking libcilkrts5:amd64 (7.5.0-3ubuntu1~18.04) ...\r\nSelecting previously unselected package libmpx2:amd64.\r\nPreparing to unpack .../24-libmpx2_8.4.0-1ubuntu1~18.04_amd64.deb ...\r\nUnpacking libmpx2:amd64 (8.4.0-1ubuntu1~18.04) ...\r\nSelecting previously unselected package libquadmath0:amd64.\r\nPreparing to unpack .../25-libquadmath0_8.4.0-1ubuntu1~18.04_amd64.deb ...\r\nUnpacking libquadmath0:amd64 (8.4.0-1ubuntu1~18.04) ...\r\nSelecting previously unselected package libgcc-7-dev:amd64.\r\nPreparing to unpack .../26-libgcc-7-dev_7.5.0-3ubuntu1~18.04_amd64.deb ...\r\nUnpacking libgcc-7-dev:amd64 (7.5.0-3ubuntu1~18.04) ...\r\nSelecting previously unselected package gcc-7.\r\nPreparing to unpack .../27-gcc-7_7.5.0-3ubuntu1~18.04_amd64.deb ...\r\nUnpacking gcc-7 (7.5.0-3ubuntu1~18.04) ...\r\nSelecting previously unselected package gcc.\r\nPreparing to unpack .../28-gcc_4%3a7.4.0-1ubuntu2.3_amd64.deb ...\r\nUnpacking gcc (4:7.4.0-1ubuntu2.3) ...\r\nSelecting previously unselected package libstdc++-7-dev:amd64.\r\nPreparing to unpack .../29-libstdc++-7-dev_7.5.0-3ubuntu1~18.04_amd64.deb ...\r\nUnpacking libstdc++-7-dev:amd64 (7.5.0-3ubuntu1~18.04) ...\r\nSelecting previously unselected package g++-7.\r\nPreparing to unpack .../30-g++-7_7.5.0-3ubuntu1~18.04_amd64.deb ...\r\nUnpacking g++-7 (7.5.0-3ubuntu1~18.04) ...\r\nSelecting previously unselected package g++.\r\nPreparing to unpack .../31-g++_4%3a7.4.0-1ubuntu2.3_amd64.deb ...\r\nUnpacking g++ (4:7.4.0-1ubuntu2.3) ...\r\nSelecting previously unselected package make.\r\nPreparing to unpack .../32-make_4.1-9.1ubuntu1_amd64.deb ...\r\nUnpacking make (4.1-9.1ubuntu1) ...\r\nSelecting previously unselected package libdpkg-perl.\r\nPreparing to unpack .../33-libdpkg-perl_1.19.0.5ubuntu2.4_all.deb ...\r\nUnpacking libdpkg-perl (1.19.0.5ubuntu2.4) ...\r\nSelecting previously unselected package patch.\r\nPreparing to unpack .../34-patch_2.7.6-2ubuntu1.1_amd64.deb ...\r\nUnpacking patch (2.7.6-2ubuntu1.1) ...\r\nSelecting previously unselected package dpkg-dev.\r\nPreparing to unpack .../35-dpkg-dev_1.19.0.5ubuntu2.4_all.deb ...\r\nUnpacking dpkg-dev (1.19.0.5ubuntu2.4) ...\r\nSelecting previously unselected package build-essential.\r\nPreparing to unpack .../36-build-essential_12.4ubuntu1_amd64.deb ...\r\nUnpacking build-essential (12.4ubuntu1) ...\r\nSelecting previously unselected package libexpat1-dev:amd64.\r\nPreparing to unpack .../37-libexpat1-dev_2.2.5-3ubuntu0.9_amd64.deb ...\r\nUnpacking libexpat1-dev:amd64 (2.2.5-3ubuntu0.9) ...\r\nSelecting previously unselected package libpython3.6:amd64.\r\nPreparing to unpack .../38-libpython3.6_3.6.9-1~18.04ubuntu1.9_amd64.deb ...\r\nUnpacking libpython3.6:amd64 (3.6.9-1~18.04ubuntu1.9) ...\r\nSelecting previously unselected package libpython3.6-dev:amd64.\r\nPreparing to unpack .../39-libpython3.6-dev_3.6.9-1~18.04ubuntu1.9_amd64.deb ...\r\nUnpacking libpython3.6-dev:amd64 (3.6.9-1~18.04ubuntu1.9) ...\r\nSelecting previously unselected package python-pip-whl.\r\nPreparing to unpack .../40-python-pip-whl_9.0.1-2.3~ubuntu1.18.04.5_all.deb ...\r\nUnpacking python-pip-whl (9.0.1-2.3~ubuntu1.18.04.5) ...\r\nSelecting previously unselected package python3-lib2to3.\r\nPreparing to unpack .../41-python3-lib2to3_3.6.9-1~18.04_all.deb ...\r\nUnpacking python3-lib2to3 (3.6.9-1~18.04) ...\r\nSelecting previously unselected package python3-distutils.\r\nPreparing to unpack .../42-python3-distutils_3.6.9-1~18.04_all.deb ...\r\nUnpacking python3-distutils (3.6.9-1~18.04) ...\r\nSelecting previously unselected package python3-pip.\r\nPreparing to unpack .../43-python3-pip_9.0.1-2.3~ubuntu1.18.04.5_all.deb ...\r\nUnpacking python3-pip (9.0.1-2.3~ubuntu1.18.04.5) ...\r\nSelecting previously unselected package python3.6-dev.\r\nPreparing to unpack .../44-python3.6-dev_3.6.9-1~18.04ubuntu1.9_amd64.deb ...\r\nUnpacking python3.6-dev (3.6.9-1~18.04ubuntu1.9) ...\r\nSelecting previously unselected package python3.6-venv.\r\nPreparing to unpack .../45-python3.6-venv_3.6.9-1~18.04ubuntu1.9_amd64.deb ...\r\nUnpacking python3.6-venv (3.6.9-1~18.04ubuntu1.9) ...\r\nSetting up libquadmath0:amd64 (8.4.0-1ubuntu1~18.04) ...\r\nSetting up libgomp1:amd64 (8.4.0-1ubuntu1~18.04) ...\r\nSetting up libatomic1:amd64 (8.4.0-1ubuntu1~18.04) ...\r\nSetting up python-pip-whl (9.0.1-2.3~ubuntu1.18.04.5) ...\r\nSetting up libcc1-0:amd64 (8.4.0-1ubuntu1~18.04) ...\r\nSetting up make (4.1-9.1ubuntu1) ...\r\nSetting up mime-support (3.60ubuntu1) ...\r\nSetting up libtsan0:amd64 (8.4.0-1ubuntu1~18.04) ...\r\nSetting up linux-libc-dev:amd64 (4.15.0-200.211) ...\r\nSetting up libmpfr6:amd64 (4.0.1-1) ...\r\nSetting up libdpkg-perl (1.19.0.5ubuntu2.4) ...\r\nSetting up liblsan0:amd64 (8.4.0-1ubuntu1~18.04) ...\r\nSetting up gcc-7-base:amd64 (7.5.0-3ubuntu1~18.04) ...\r\nSetting up binutils-common:amd64 (2.30-21ubuntu1~18.04.8) ...\r\nSetting up libmpx2:amd64 (8.4.0-1ubuntu1~18.04) ...\r\nSetting up patch (2.7.6-2ubuntu1.1) ...\r\nSetting up xz-utils (5.2.2-1.3ubuntu0.1) ...\r\nupdate-alternatives: using /usr/bin/xz to provide /usr/bin/lzma (lzma) in auto mode\r\nupdate-alternatives: warning: skip creation of /usr/share/man/man1/lzma.1.gz because associated file /usr/share/man/man1/xz.1.gz (of link group lzma) doesn't exist\r\nupdate-alternatives: warning: skip creation of /usr/share/man/man1/unlzma.1.gz because associated file /usr/share/man/man1/unxz.1.gz (of link group lzma) doesn't exist\r\nupdate-alternatives: warning: skip creation of /usr/share/man/man1/lzcat.1.gz because associated file /usr/share/man/man1/xzcat.1.gz (of link group lzma) doesn't exist\r\nupdate-alternatives: warning: skip creation of /usr/share/man/man1/lzmore.1.gz because associated file /usr/share/man/man1/xzmore.1.gz (of link group lzma) doesn't exist\r\nupdate-alternatives: warning: skip creation of /usr/share/man/man1/lzless.1.gz because associated file /usr/share/man/man1/xzless.1.gz (of link group lzma) doesn't exist\r\nupdate-alternatives: warning: skip creation of /usr/share/man/man1/lzdiff.1.gz because associated file /usr/share/man/man1/xzdiff.1.gz (of link group lzma) doesn't exist\r\nupdate-alternatives: warning: skip creation of /usr/share/man/man1/lzcmp.1.gz because associated file /usr/share/man/man1/xzcmp.1.gz (of link group lzma) doesn't exist\r\nupdate-alternatives: warning: skip creation of /usr/share/man/man1/lzgrep.1.gz because associated file /usr/share/man/man1/xzgrep.1.gz (of link group lzma) doesn't exist\r\nupdate-alternatives: warning: skip creation of /usr/share/man/man1/lzegrep.1.gz because associated file /usr/share/man/man1/xzegrep.1.gz (of link group lzma) doesn't exist\r\nupdate-alternatives: warning: skip creation of /usr/share/man/man1/lzfgrep.1.gz because associated file /usr/share/man/man1/xzfgrep.1.gz (of link group lzma) doesn't exist\r\nSetting up libmpc3:amd64 (1.1.0-1) ...\r\nSetting up libc-dev-bin (2.27-3ubuntu1.6) ...\r\nSetting up libc6-dev:amd64 (2.27-3ubuntu1.6) ...\r\nSetting up libitm1:amd64 (8.4.0-1ubuntu1~18.04) ...\r\nSetting up libmpdec2:amd64 (2.4.2-1ubuntu1) ...\r\nSetting up libisl19:amd64 (0.19-1) ...\r\nSetting up libpython3.6-stdlib:amd64 (3.6.9-1~18.04ubuntu1.9) ...\r\nSetting up python3.6 (3.6.9-1~18.04ubuntu1.9) ...\r\nSetting up libasan4:amd64 (7.5.0-3ubuntu1~18.04) ...\r\nSetting up libbinutils:amd64 (2.30-21ubuntu1~18.04.8) ...\r\nSetting up libcilkrts5:amd64 (7.5.0-3ubuntu1~18.04) ...\r\nSetting up libubsan0:amd64 (7.5.0-3ubuntu1~18.04) ...\r\nSetting up python3.6-venv (3.6.9-1~18.04ubuntu1.9) ...\r\nSetting up libgcc-7-dev:amd64 (7.5.0-3ubuntu1~18.04) ...\r\nSetting up cpp-7 (7.5.0-3ubuntu1~18.04) ...\r\nSetting up libstdc++-7-dev:amd64 (7.5.0-3ubuntu1~18.04) ...\r\nSetting up libexpat1-dev:amd64 (2.2.5-3ubuntu0.9) ...\r\nSetting up libpython3.6:amd64 (3.6.9-1~18.04ubuntu1.9) ...\r\nSetting up binutils-x86-64-linux-gnu (2.30-21ubuntu1~18.04.8) ...\r\nSetting up libpython3-stdlib:amd64 (3.6.7-1~18.04) ...\r\nSetting up cpp (4:7.4.0-1ubuntu2.3) ...\r\nSetting up python3 (3.6.7-1~18.04) ...\r\nrunning python rtupdate hooks for python3.6...\r\nrunning python post-rtupdate hooks for python3.6...\r\nSetting up libpython3.6-dev:amd64 (3.6.9-1~18.04ubuntu1.9) ...\r\nSetting up binutils (2.30-21ubuntu1~18.04.8) ...\r\nSetting up python3.6-dev (3.6.9-1~18.04ubuntu1.9) ...\r\nSetting up python3-lib2to3 (3.6.9-1~18.04) ...\r\nSetting up python3-distutils (3.6.9-1~18.04) ...\r\nSetting up gcc-7 (7.5.0-3ubuntu1~18.04) ...\r\nSetting up g++-7 (7.5.0-3ubuntu1~18.04) ...\r\nSetting up gcc (4:7.4.0-1ubuntu2.3) ...\r\nSetting up dpkg-dev (1.19.0.5ubuntu2.4) ...\r\nSetting up python3-pip (9.0.1-2.3~ubuntu1.18.04.5) ...\r\nSetting up g++ (4:7.4.0-1ubuntu2.3) ...\r\nupdate-alternatives: using /usr/bin/g++ to provide /usr/bin/c++ (c++) in auto mode\r\nupdate-alternatives: warning: skip creation of /usr/share/man/man1/c++.1.gz because associated file /usr/share/man/man1/g++.1.gz (of link group c++) doesn't exist\r\nSetting up build-essential (12.4ubuntu1) ...\r\nProcessing triggers for libc-bin (2.27-3ubuntu1.5) ...\r\nRemoving intermediate container 13c61e966b15\n ---> 4cee8b0feea0\nStep 11/27 : RUN python3.6 -m pip install pip --upgrade\n ---> Running in ffe82783328f\nCollecting pip\n  Downloading https://files.pythonhosted.org/packages/a4/6d/6463d49a933f547439d6b5b98b46af8742cc03ae83543e4d7688c2420f8b/pip-21.3.1-py3-none-any.whl (1.7MB)\nInstalling collected packages: pip\n  Found existing installation: pip 9.0.1\n    Not uninstalling pip at /usr/lib/python3/dist-packages, outside environment /usr\nSuccessfully installed pip-21.3.1\nRemoving intermediate container ffe82783328f\n ---> 2ad1ff87a092\nStep 12/27 : RUN python3.6 -m pip install wheel\n ---> Running in 38bdb4cae693\nCollecting wheel\n  Downloading wheel-0.37.1-py2.py3-none-any.whl (35 kB)\nInstalling collected packages: wheel\nSuccessfully installed wheel-0.37.1\n\u001b[91mWARNING: Running pip as the 'root' user can result in broken permissions and conflicting behaviour with the system package manager. It is recommended to use a virtual environment instead: https://pip.pypa.io/warnings/venv\n\u001b[0mRemoving intermediate container 38bdb4cae693\n ---> e0b962b8a880\nStep 13/27 : FROM poldeepner-base\n ---> e0b962b8a880\nStep 14/27 : RUN pip install --no-cache-dir seqeval\n ---> Running in 33ea614c6e01\nCollecting seqeval\n  Downloading seqeval-1.2.2.tar.gz (43 kB)\n  Preparing metadata (setup.py): started\n  Preparing metadata (setup.py): finished with status 'error'\n\u001b[91m  ERROR: Command errored out with exit status 1:\n   command: /usr/bin/python3.6 -c 'import io, os, sys, setuptools, tokenize; sys.argv[0] = '\"'\"'/tmp/pip-install-lctg9bf5/seqeval_651294c9110e4252a250096d64e88645/setup.py'\"'\"'; __file__='\"'\"'/tmp/pip-install-lctg9bf5/seqeval_651294c9110e4252a250096d64e88645/setup.py'\"'\"';f = getattr(tokenize, '\"'\"'open'\"'\"', open)(__file__) if os.path.exists(__file__) else io.StringIO('\"'\"'from setuptools import setup; setup()'\"'\"');code = f.read().replace('\"'\"'\\r\\n'\"'\"', '\"'\"'\\n'\"'\"');f.close();exec(compile(code, __file__, '\"'\"'exec'\"'\"'))' egg_info --egg-base /tmp/pip-pip-egg-info-mw__3_mi\n       cwd: /tmp/pip-install-lctg9bf5/seqeval_651294c9110e4252a250096d64e88645/\n  Complete output (3 lines):\n  Traceback (most recent call last):\n    File \"<string>\", line 1, in <module>\n  ModuleNotFoundError: No module named 'setuptools'\n  ----------------------------------------\n\u001b[0m\u001b[91mWARNING: Discarding https://files.pythonhosted.org/packages/9d/2d/233c79d5b4e5ab1dbf111242299153f3caddddbb691219f363ad55ce783d/seqeval-1.2.2.tar.gz#sha256=f28e97c3ab96d6fcd32b648f6438ff2e09cfba87f05939da9b3970713ec56e6f (from https://pypi.org/simple/seqeval/). Command errored out with exit status 1: python setup.py egg_info Check the logs for full command output.\n\u001b[0m  Downloading seqeval-1.2.1.tar.gz (43 kB)\n  Preparing metadata (setup.py): started\n  Preparing metadata (setup.py): finished with status 'error'\n\u001b[91m  ERROR: Command errored out with exit status 1:\n   command: /usr/bin/python3.6 -c 'import io, os, sys, setuptools, tokenize; sys.argv[0] = '\"'\"'/tmp/pip-install-lctg9bf5/seqeval_4d0a696a1bba4eeeaaa1b860c27658c5/setup.py'\"'\"'; __file__='\"'\"'/tmp/pip-install-lctg9bf5/seqeval_4d0a696a1bba4eeeaaa1b860c27658c5/setup.py'\"'\"';f = getattr(tokenize, '\"'\"'open'\"'\"', open)(__file__) if os.path.exists(__file__) else io.StringIO('\"'\"'from setuptools import setup; setup()'\"'\"');code = f.read().replace('\"'\"'\\r\\n'\"'\"', '\"'\"'\\n'\"'\"');f.close();exec(compile(code, __file__, '\"'\"'exec'\"'\"'))' egg_info --egg-base /tmp/pip-pip-egg-info-t2h0llql\n       cwd: /tmp/pip-install-lctg9bf5/seqeval_4d0a696a1bba4eeeaaa1b860c27658c5/\n  Complete output (3 lines):\n  Traceback (most recent call last):\n    File \"<string>\", line 1, in <module>\n  ModuleNotFoundError: No module named 'setuptools'\n  ----------------------------------------\n\u001b[0m\u001b[91mWARNING: Discarding https://files.pythonhosted.org/packages/c4/47/f85f522f1f2532ca650474088e4024a9f52d524379bff058eaadf53cb663/seqeval-1.2.1.tar.gz#sha256=30906241b12e654c8545d1f707c00339d7ccfee1e53b9da0cdc0dea72156721e (from https://pypi.org/simple/seqeval/). Command errored out with exit status 1: python setup.py egg_info Check the logs for full command output.\n\u001b[0m  Downloading seqeval-1.2.0.tar.gz (42 kB)\n  Preparing metadata (setup.py): started\n  Preparing metadata (setup.py): finished with status 'error'\n\u001b[91m  ERROR: Command errored out with exit status 1:\n   command: /usr/bin/python3.6 -c 'import io, os, sys, setuptools, tokenize; sys.argv[0] = '\"'\"'/tmp/pip-install-lctg9bf5/seqeval_3e0fc3c4f45f41dc8e659952501c3076/setup.py'\"'\"'; __file__='\"'\"'/tmp/pip-install-lctg9bf5/seqeval_3e0fc3c4f45f41dc8e659952501c3076/setup.py'\"'\"';f = getattr(tokenize, '\"'\"'open'\"'\"', open)(__file__) if os.path.exists(__file__) else io.StringIO('\"'\"'from setuptools import setup; setup()'\"'\"');code = f.read().replace('\"'\"'\\r\\n'\"'\"', '\"'\"'\\n'\"'\"');f.close();exec(compile(code, __file__, '\"'\"'exec'\"'\"'))' egg_info --egg-base /tmp/pip-pip-egg-info-l3y6cn3x\n       cwd: /tmp/pip-install-lctg9bf5/seqeval_3e0fc3c4f45f41dc8e659952501c3076/\n  Complete output (3 lines):\n  Traceback (most recent call last):\n    File \"<string>\", line 1, in <module>\n  ModuleNotFoundError: No module named 'setuptools'\n  ----------------------------------------\n\u001b[0m\u001b[91mWARNING: Discarding https://files.pythonhosted.org/packages/be/cd/d467b26ee460ff69c04e225c3bc7ea97ade4dc43c6982bac99ff032bb3e1/seqeval-1.2.0.tar.gz#sha256=3a373fda2320e176c20b22eec3c1c98817da99b67df91fce953ac2e22c1018ac (from https://pypi.org/simple/seqeval/). Command errored out with exit status 1: python setup.py egg_info Check the logs for full command output.\n\u001b[0m  Downloading seqeval-1.1.1.tar.gz (40 kB)\n  Preparing metadata (setup.py): started\n  Preparing metadata (setup.py): finished with status 'error'\n\u001b[91m  ERROR: Command errored out with exit status 1:\n   command: /usr/bin/python3.6 -c 'import io, os, sys, setuptools, tokenize; sys.argv[0] = '\"'\"'/tmp/pip-install-lctg9bf5/seqeval_2c1528bc7fa347a3bdc21f4cd9e1a355/setup.py'\"'\"'; __file__='\"'\"'/tmp/pip-install-lctg9bf5/seqeval_2c1528bc7fa347a3bdc21f4cd9e1a355/setup.py'\"'\"';f = getattr(tokenize, '\"'\"'open'\"'\"', open)(__file__) if os.path.exists(__file__) else io.StringIO('\"'\"'from setuptools import setup; setup()'\"'\"');code = f.read().replace('\"'\"'\\r\\n'\"'\"', '\"'\"'\\n'\"'\"');f.close();exec(compile(code, __file__, '\"'\"'exec'\"'\"'))' egg_info --egg-base /tmp/pip-pip-egg-info-r4vonqdu\n       cwd: /tmp/pip-install-lctg9bf5/seqeval_2c1528bc7fa347a3bdc21f4cd9e1a355/\n  Complete output (3 lines):\n  Traceback (most recent call last):\n    File \"<string>\", line 1, in <module>\n  ModuleNotFoundError: No module named 'setuptools'\n  ----------------------------------------\n\u001b[0m\u001b[91mWARNING: Discarding https://files.pythonhosted.org/packages/ba/7d/4bf58a9ac8cf69d24a388eb44f25d713c9a66ee9abaacb929aa5be0bbd36/seqeval-1.1.1.tar.gz#sha256=02843a9ac7568501c8d15454d2acdf8c68151b3167ba484cfb4282675a84f03d (from https://pypi.org/simple/seqeval/). Command errored out with exit status 1: python setup.py egg_info Check the logs for full command output.\n\u001b[0m  Downloading seqeval-1.1.0.tar.gz (37 kB)\n  Preparing metadata (setup.py): started\n  Preparing metadata (setup.py): finished with status 'error'\n\u001b[91m  ERROR: Command errored out with exit status 1:\n   command: /usr/bin/python3.6 -c 'import io, os, sys, setuptools, tokenize; sys.argv[0] = '\"'\"'/tmp/pip-install-lctg9bf5/seqeval_618922f552be44d4860972f1d1a13540/setup.py'\"'\"'; __file__='\"'\"'/tmp/pip-install-lctg9bf5/seqeval_618922f552be44d4860972f1d1a13540/setup.py'\"'\"';f = getattr(tokenize, '\"'\"'open'\"'\"', open)(__file__) if os.path.exists(__file__) else io.StringIO('\"'\"'from setuptools import setup; setup()'\"'\"');code = f.read().replace('\"'\"'\\r\\n'\"'\"', '\"'\"'\\n'\"'\"');f.close();exec(compile(code, __file__, '\"'\"'exec'\"'\"'))' egg_info --egg-base /tmp/pip-pip-egg-info-wkofbc0k\n       cwd: /tmp/pip-install-lctg9bf5/seqeval_618922f552be44d4860972f1d1a13540/\n  Complete output (3 lines):\n  Traceback (most recent call last):\n    File \"<string>\", line 1, in <module>\n  ModuleNotFoundError: No module named 'setuptools'\n  ----------------------------------------\n\u001b[0m\u001b[91mWARNING: Discarding https://files.pythonhosted.org/packages/bc/6c/71a5ca457851287ceba1c969bfb21f46ffdae7dfae1fa30456ef4bdc6412/seqeval-1.1.0.tar.gz#sha256=6cf96d8dd2a7d1e428e5d52e28ba2b2468c77128790a0dab1cf78cb680236798 (from https://pypi.org/simple/seqeval/). Command errored out with exit status 1: python setup.py egg_info Check the logs for full command output.\n\u001b[0m  Downloading seqeval-1.0.0.tar.gz (36 kB)\n  Preparing metadata (setup.py): started\n  Preparing metadata (setup.py): finished with status 'error'\n\u001b[91m  ERROR: Command errored out with exit status 1:\n   command: /usr/bin/python3.6 -c 'import io, os, sys, setuptools, tokenize; sys.argv[0] = '\"'\"'/tmp/pip-install-lctg9bf5/seqeval_18d8c8b3ed33429daf91d2ad14b3911f/setup.py'\"'\"'; __file__='\"'\"'/tmp/pip-install-lctg9bf5/seqeval_18d8c8b3ed33429daf91d2ad14b3911f/setup.py'\"'\"';f = getattr(tokenize, '\"'\"'open'\"'\"', open)(__file__) if os.path.exists(__file__) else io.StringIO('\"'\"'from setuptools import setup; setup()'\"'\"');code = f.read().replace('\"'\"'\\r\\n'\"'\"', '\"'\"'\\n'\"'\"');f.close();exec(compile(code, __file__, '\"'\"'exec'\"'\"'))' egg_info --egg-base /tmp/pip-pip-egg-info-4n55ki8l\n       cwd: /tmp/pip-install-lctg9bf5/seqeval_18d8c8b3ed33429daf91d2ad14b3911f/\n  Complete output (3 lines):\n  Traceback (most recent call last):\n    File \"<string>\", line 1, in <module>\n  ModuleNotFoundError: No module named 'setuptools'\n  ----------------------------------------\n\u001b[0m\u001b[91mWARNING: Discarding https://files.pythonhosted.org/packages/75/63/180f7556bfd9b0f89bc853ee46d01a3a611d74798230a930afac6873d15c/seqeval-1.0.0.tar.gz#sha256=987d065ebaaca050f26089b8f20e8254f4b268ad2b90a7b7d4c0744abd644078 (from https://pypi.org/simple/seqeval/). Command errored out with exit status 1: python setup.py egg_info Check the logs for full command output.\n\u001b[0m  Downloading seqeval-0.0.19.tar.gz (30 kB)\n  Preparing metadata (setup.py): started\n  Preparing metadata (setup.py): finished with status 'error'\n\u001b[91m  ERROR: Command errored out with exit status 1:\n   command: /usr/bin/python3.6 -c 'import io, os, sys, setuptools, tokenize; sys.argv[0] = '\"'\"'/tmp/pip-install-lctg9bf5/seqeval_a65a343dd65242fe8a40c22b3a810745/setup.py'\"'\"'; __file__='\"'\"'/tmp/pip-install-lctg9bf5/seqeval_a65a343dd65242fe8a40c22b3a810745/setup.py'\"'\"';f = getattr(tokenize, '\"'\"'open'\"'\"', open)(__file__) if os.path.exists(__file__) else io.StringIO('\"'\"'from setuptools import setup; setup()'\"'\"');code = f.read().replace('\"'\"'\\r\\n'\"'\"', '\"'\"'\\n'\"'\"');f.close();exec(compile(code, __file__, '\"'\"'exec'\"'\"'))' egg_info --egg-base /tmp/pip-pip-egg-info-0ehv1zr4\n       cwd: /tmp/pip-install-lctg9bf5/seqeval_a65a343dd65242fe8a40c22b3a810745/\n  Complete output (3 lines):\n  Traceback (most recent call last):\n    File \"<string>\", line 1, in <module>\n  ModuleNotFoundError: No module named 'setuptools'\n  ----------------------------------------\n\u001b[0m\u001b[91mWARNING: Discarding https://files.pythonhosted.org/packages/93/e5/b7705156a77f742cfe4fc6f22d0c71591edb2d243328dff2f8fc0f933ab6/seqeval-0.0.19.tar.gz#sha256=63209166fd74b11e88f1fa0132614ce852c6e83f678de76f7a53672c2d16c8d2 (from https://pypi.org/simple/seqeval/). Command errored out with exit status 1: python setup.py egg_info Check the logs for full command output.\n\u001b[0m  Downloading seqeval-0.0.18.tar.gz (20 kB)\n  Preparing metadata (setup.py): started\n  Preparing metadata (setup.py): finished with status 'error'\n\u001b[91m  ERROR: Command errored out with exit status 1:\n   command: /usr/bin/python3.6 -c 'import io, os, sys, setuptools, tokenize; sys.argv[0] = '\"'\"'/tmp/pip-install-lctg9bf5/seqeval_1af7d078687b49f1828b0da4b1d77deb/setup.py'\"'\"'; __file__='\"'\"'/tmp/pip-install-lctg9bf5/seqeval_1af7d078687b49f1828b0da4b1d77deb/setup.py'\"'\"';f = getattr(tokenize, '\"'\"'open'\"'\"', open)(__file__) if os.path.exists(__file__) else io.StringIO('\"'\"'from setuptools import setup; setup()'\"'\"');code = f.read().replace('\"'\"'\\r\\n'\"'\"', '\"'\"'\\n'\"'\"');f.close();exec(compile(code, __file__, '\"'\"'exec'\"'\"'))' egg_info --egg-base /tmp/pip-pip-egg-info-2hnxlamj\n       cwd: /tmp/pip-install-lctg9bf5/seqeval_1af7d078687b49f1828b0da4b1d77deb/\n  Complete output (3 lines):\n  Traceback (most recent call last):\n    File \"<string>\", line 1, in <module>\n  ModuleNotFoundError: No module named 'setuptools'\n  ----------------------------------------\n\u001b[0m\u001b[91mWARNING: Discarding https://files.pythonhosted.org/packages/bb/e6/0ccf683d190049f2c0311281c303756d1e62d0676ac0a88b45ec86bf1ca9/seqeval-0.0.18.tar.gz#sha256=df189bc2cf16211013e2fe3f0e4b7fb6ad1f4dfb2fa062fed63c922028437cca (from https://pypi.org/simple/seqeval/). Command errored out with exit status 1: python setup.py egg_info Check the logs for full command output.\n\u001b[0m  Downloading seqeval-0.0.17.tar.gz (20 kB)\n  Preparing metadata (setup.py): started\n  Preparing metadata (setup.py): finished with status 'error'\n\u001b[91m  ERROR: Command errored out with exit status 1:\n   command: /usr/bin/python3.6 -c 'import io, os, sys, setuptools, tokenize; sys.argv[0] = '\"'\"'/tmp/pip-install-lctg9bf5/seqeval_ba9dd7801e4f4d95b69cf7f3ac3c017f/setup.py'\"'\"'; __file__='\"'\"'/tmp/pip-install-lctg9bf5/seqeval_ba9dd7801e4f4d95b69cf7f3ac3c017f/setup.py'\"'\"';f = getattr(tokenize, '\"'\"'open'\"'\"', open)(__file__) if os.path.exists(__file__) else io.StringIO('\"'\"'from setuptools import setup; setup()'\"'\"');code = f.read().replace('\"'\"'\\r\\n'\"'\"', '\"'\"'\\n'\"'\"');f.close();exec(compile(code, __file__, '\"'\"'exec'\"'\"'))' egg_info --egg-base /tmp/pip-pip-egg-info-gza729xd\n       cwd: /tmp/pip-install-lctg9bf5/seqeval_ba9dd7801e4f4d95b69cf7f3ac3c017f/\n  Complete output (3 lines):\n  Traceback (most recent call last):\n    File \"<string>\", line 1, in <module>\n  ModuleNotFoundError: No module named 'setuptools'\n  ----------------------------------------\n\u001b[0m\u001b[91mWARNING: Discarding https://files.pythonhosted.org/packages/d8/9d/89d9ac5d6506f8368ba5ae53b054cf26bf796935eff6a1945431c7a5d485/seqeval-0.0.17.tar.gz#sha256=382043fef1d13e2d236b9fec0bcbfeb7974877a027d798644bc8c8c6a3742910 (from https://pypi.org/simple/seqeval/). Command errored out with exit status 1: python setup.py egg_info Check the logs for full command output.\n\u001b[0m  Downloading seqeval-0.0.16.tar.gz (20 kB)\n  Preparing metadata (setup.py): started\n  Preparing metadata (setup.py): finished with status 'error'\n\u001b[91m  ERROR: Command errored out with exit status 1:\n   command: /usr/bin/python3.6 -c 'import io, os, sys, setuptools, tokenize; sys.argv[0] = '\"'\"'/tmp/pip-install-lctg9bf5/seqeval_32e2a1b3de4843f4beb53d97568c43ee/setup.py'\"'\"'; __file__='\"'\"'/tmp/pip-install-lctg9bf5/seqeval_32e2a1b3de4843f4beb53d97568c43ee/setup.py'\"'\"';f = getattr(tokenize, '\"'\"'open'\"'\"', open)(__file__) if os.path.exists(__file__) else io.StringIO('\"'\"'from setuptools import setup; setup()'\"'\"');code = f.read().replace('\"'\"'\\r\\n'\"'\"', '\"'\"'\\n'\"'\"');f.close();exec(compile(code, __file__, '\"'\"'exec'\"'\"'))' egg_info --egg-base /tmp/pip-pip-egg-info-uqcgvoe8\n       cwd: /tmp/pip-install-lctg9bf5/seqeval_32e2a1b3de4843f4beb53d97568c43ee/\n  Complete output (3 lines):\n  Traceback (most recent call last):\n    File \"<string>\", line 1, in <module>\n  ModuleNotFoundError: No module named 'setuptools'\n  ----------------------------------------\n\u001b[0m\u001b[91mWARNING: Discarding https://files.pythonhosted.org/packages/0c/f4/08d3d249926e38f06f514976022495fa01aeed5d02341125a67736bd2052/seqeval-0.0.16.tar.gz#sha256=99b11f6e42674cbe0d89cd8f72fdc22ecd3ca77a8130fd6d8153349ebb7c4823 (from https://pypi.org/simple/seqeval/). Command errored out with exit status 1: python setup.py egg_info Check the logs for full command output.\n\u001b[0m  Downloading seqeval-0.0.15.tar.gz (20 kB)\n  Preparing metadata (setup.py): started\n  Preparing metadata (setup.py): finished with status 'error'\n\u001b[91m  ERROR: Command errored out with exit status 1:\n   command: /usr/bin/python3.6 -c 'import io, os, sys, setuptools, tokenize; sys.argv[0] = '\"'\"'/tmp/pip-install-lctg9bf5/seqeval_ad247ef6d9aa46708fefd7a87c82e0bb/setup.py'\"'\"'; __file__='\"'\"'/tmp/pip-install-lctg9bf5/seqeval_ad247ef6d9aa46708fefd7a87c82e0bb/setup.py'\"'\"';f = getattr(tokenize, '\"'\"'open'\"'\"', open)(__file__) if os.path.exists(__file__) else io.StringIO('\"'\"'from setuptools import setup; setup()'\"'\"');code = f.read().replace('\"'\"'\\r\\n'\"'\"', '\"'\"'\\n'\"'\"');f.close();exec(compile(code, __file__, '\"'\"'exec'\"'\"'))' egg_info --egg-base /tmp/pip-pip-egg-info-eddicequ\n       cwd: /tmp/pip-install-lctg9bf5/seqeval_ad247ef6d9aa46708fefd7a87c82e0bb/\n  Complete output (3 lines):\n  Traceback (most recent call last):\n    File \"<string>\", line 1, in <module>\n  ModuleNotFoundError: No module named 'setuptools'\n  ----------------------------------------\n\u001b[0m\u001b[91mWARNING: Discarding https://files.pythonhosted.org/packages/80/ab/02821aa982f1cf1bc2a18e9997d8fcf204534d74646e25aa51196c50da8e/seqeval-0.0.15.tar.gz#sha256=f4919a83f66d394aef9ac44dbcf8f85b1d9e49feaa98a1c4fde71e5aacdedb99 (from https://pypi.org/simple/seqeval/). Command errored out with exit status 1: python setup.py egg_info Check the logs for full command output.\n\u001b[0m  Downloading seqeval-0.0.13.tar.gz (20 kB)\n  Preparing metadata (setup.py): started\n  Preparing metadata (setup.py): finished with status 'error'\n\u001b[91m  ERROR: Command errored out with exit status 1:\n   command: /usr/bin/python3.6 -c 'import io, os, sys, setuptools, tokenize; sys.argv[0] = '\"'\"'/tmp/pip-install-lctg9bf5/seqeval_37538a7223ec4579afff2731858be28a/setup.py'\"'\"'; __file__='\"'\"'/tmp/pip-install-lctg9bf5/seqeval_37538a7223ec4579afff2731858be28a/setup.py'\"'\"';f = getattr(tokenize, '\"'\"'open'\"'\"', open)(__file__) if os.path.exists(__file__) else io.StringIO('\"'\"'from setuptools import setup; setup()'\"'\"');code = f.read().replace('\"'\"'\\r\\n'\"'\"', '\"'\"'\\n'\"'\"');f.close();exec(compile(code, __file__, '\"'\"'exec'\"'\"'))' egg_info --egg-base /tmp/pip-pip-egg-info-bm0ja3_k\n       cwd: /tmp/pip-install-lctg9bf5/seqeval_37538a7223ec4579afff2731858be28a/\n  Complete output (3 lines):\n  Traceback (most recent call last):\n    File \"<string>\", line 1, in <module>\n  ModuleNotFoundError: No module named 'setuptools'\n  ----------------------------------------\n\u001b[0m\u001b[91mWARNING: Discarding https://files.pythonhosted.org/packages/61/fa/c1c87e39572550ae8794a7f0209e2a08301ea28c8cd1deb1204ec8609ecb/seqeval-0.0.13.tar.gz#sha256=37634db12459ca0f34ab189f365311c9473a1f10f3f66f529659a409b032e6a9 (from https://pypi.org/simple/seqeval/). Command errored out with exit status 1: python setup.py egg_info Check the logs for full command output.\n\u001b[0m  Downloading seqeval-0.0.12.tar.gz (21 kB)\n  Preparing metadata (setup.py): started\n  Preparing metadata (setup.py): finished with status 'error'\n\u001b[91m  ERROR: Command errored out with exit status 1:\n   command: /usr/bin/python3.6 -c 'import io, os, sys, setuptools, tokenize; sys.argv[0] = '\"'\"'/tmp/pip-install-lctg9bf5/seqeval_9e2dd68ad1d745258cbd8e979b604a6c/setup.py'\"'\"'; __file__='\"'\"'/tmp/pip-install-lctg9bf5/seqeval_9e2dd68ad1d745258cbd8e979b604a6c/setup.py'\"'\"';f = getattr(tokenize, '\"'\"'open'\"'\"', open)(__file__) if os.path.exists(__file__) else io.StringIO('\"'\"'from setuptools import setup; setup()'\"'\"');code = f.read().replace('\"'\"'\\r\\n'\"'\"', '\"'\"'\\n'\"'\"');f.close();exec(compile(code, __file__, '\"'\"'exec'\"'\"'))' egg_info --egg-base /tmp/pip-pip-egg-info-dozi4r7r\n       cwd: /tmp/pip-install-lctg9bf5/seqeval_9e2dd68ad1d745258cbd8e979b604a6c/\n  Complete output (3 lines):\n  Traceback (most recent call last):\n    File \"<string>\", line 1, in <module>\n  ModuleNotFoundError: No module named 'setuptools'\n  ----------------------------------------\n\u001b[0m\u001b[91mWARNING: Discarding https://files.pythonhosted.org/packages/34/91/068aca8d60ce56dd9ba4506850e876aba5e66a6f2f29aa223224b50df0de/seqeval-0.0.12.tar.gz#sha256=9c7764b88b6d1430ab59de63efddf19495fca82159920fd11e362a405f8fc378 (from https://pypi.org/simple/seqeval/). Command errored out with exit status 1: python setup.py egg_info Check the logs for full command output.\n\u001b[0m  Downloading seqeval-0.0.11.tar.gz (21 kB)\n  Preparing metadata (setup.py): started\n  Preparing metadata (setup.py): finished with status 'error'\n\u001b[91m  ERROR: Command errored out with exit status 1:\n   command: /usr/bin/python3.6 -c 'import io, os, sys, setuptools, tokenize; sys.argv[0] = '\"'\"'/tmp/pip-install-lctg9bf5/seqeval_c574475a198844a09cc83b123f4124e2/setup.py'\"'\"'; __file__='\"'\"'/tmp/pip-install-lctg9bf5/seqeval_c574475a198844a09cc83b123f4124e2/setup.py'\"'\"';f = getattr(tokenize, '\"'\"'open'\"'\"', open)(__file__) if os.path.exists(__file__) else io.StringIO('\"'\"'from setuptools import setup; setup()'\"'\"');code = f.read().replace('\"'\"'\\r\\n'\"'\"', '\"'\"'\\n'\"'\"');f.close();exec(compile(code, __file__, '\"'\"'exec'\"'\"'))' egg_info --egg-base /tmp/pip-pip-egg-info-r8gx8y6c\n       cwd: /tmp/pip-install-lctg9bf5/seqeval_c574475a198844a09cc83b123f4124e2/\n  Complete output (3 lines):\n  Traceback (most recent call last):\n    File \"<string>\", line 1, in <module>\n  ModuleNotFoundError: No module named 'setuptools'\n  ----------------------------------------\n\u001b[0m\u001b[91mWARNING: Discarding https://files.pythonhosted.org/packages/d6/85/dd7bd498196e02fce41b696ceae294204e11586eedf718459c45dbf0e120/seqeval-0.0.11.tar.gz#sha256=11146a39f3e6811dc94da15b611d443a74281688da45b32deea2d84be4c71377 (from https://pypi.org/simple/seqeval/). Command errored out with exit status 1: python setup.py egg_info Check the logs for full command output.\n\u001b[0m  Downloading seqeval-0.0.10-py3-none-any.whl (7.5 kB)\nCollecting numpy>=1.14.0\n  Downloading numpy-1.19.5-cp36-cp36m-manylinux2010_x86_64.whl (14.8 MB)\nCollecting Keras>=2.2.4\n  Downloading keras-2.10.0-py2.py3-none-any.whl (1.7 MB)\nInstalling collected packages: numpy, Keras, seqeval\nSuccessfully installed Keras-2.10.0 numpy-1.19.5 seqeval-0.0.10\n\u001b[91mWARNING: Running pip as the 'root' user can result in broken permissions and conflicting behaviour with the system package manager. It is recommended to use a virtual environment instead: https://pip.pypa.io/warnings/venv\n\u001b[0mRemoving intermediate container 33ea614c6e01\n ---> 45945205f627\nStep 15/27 : RUN pip install --no-cache-dir keras\n ---> Running in 0d86aacbd969\nRequirement already satisfied: keras in /usr/local/lib/python3.6/dist-packages (2.10.0)\n\u001b[91mWARNING: Running pip as the 'root' user can result in broken permissions and conflicting behaviour with the system package manager. It is recommended to use a virtual environment instead: https://pip.pypa.io/warnings/venv\n\u001b[0mRemoving intermediate container 0d86aacbd969\n ---> b22b30c64b41\nStep 16/27 : RUN pip install --no-cache-dir tensorflow\n ---> Running in 7c8edee8fa0c\nCollecting tensorflow\n  Downloading tensorflow-2.6.2-cp36-cp36m-manylinux2010_x86_64.whl (458.3 MB)\nCollecting keras-preprocessing~=1.1.2\n  Downloading Keras_Preprocessing-1.1.2-py2.py3-none-any.whl (42 kB)\nCollecting protobuf>=3.9.2\n  Downloading protobuf-3.19.6-cp36-cp36m-manylinux_2_17_x86_64.manylinux2014_x86_64.whl (1.1 MB)\nCollecting termcolor~=1.1.0\n  Downloading termcolor-1.1.0.tar.gz (3.9 kB)\n  Preparing metadata (setup.py): started\n  Preparing metadata (setup.py): finished with status 'error'\n\u001b[91m  ERROR: Command errored out with exit status 1:\n   command: /usr/bin/python3.6 -c 'import io, os, sys, setuptools, tokenize; sys.argv[0] = '\"'\"'/tmp/pip-install-rcxjaf81/termcolor_6b17c1bdb98c4c638f73e1467173eda8/setup.py'\"'\"'; __file__='\"'\"'/tmp/pip-install-rcxjaf81/termcolor_6b17c1bdb98c4c638f73e1467173eda8/setup.py'\"'\"';f = getattr(tokenize, '\"'\"'open'\"'\"', open)(__file__) if os.path.exists(__file__) else io.StringIO('\"'\"'from setuptools import setup; setup()'\"'\"');code = f.read().replace('\"'\"'\\r\\n'\"'\"', '\"'\"'\\n'\"'\"');f.close();exec(compile(code, __file__, '\"'\"'exec'\"'\"'))' egg_info --egg-base /tmp/pip-pip-egg-info-85y3nd31\n       cwd: /tmp/pip-install-rcxjaf81/termcolor_6b17c1bdb98c4c638f73e1467173eda8/\n  Complete output (3 lines):\n  Traceback (most recent call last):\n    File \"<string>\", line 1, in <module>\n  ModuleNotFoundError: No module named 'setuptools'\n  ----------------------------------------\n\u001b[0m\u001b[91mWARNING: Discarding https://files.pythonhosted.org/packages/8a/48/a76be51647d0eb9f10e2a4511bf3ffb8cc1e6b14e9e4fab46173aa79f981/termcolor-1.1.0.tar.gz#sha256=1d6d69ce66211143803fbc56652b41d73b4a400a2891d7bf7a1cdf4c02de613b (from https://pypi.org/simple/termcolor/). Command errored out with exit status 1: python setup.py egg_info Check the logs for full command output.\n\u001b[0mCollecting tensorflow\n  Downloading tensorflow-2.6.1-cp36-cp36m-manylinux2010_x86_64.whl (458.3 MB)\n  Downloading tensorflow-2.6.0-cp36-cp36m-manylinux2010_x86_64.whl (458.3 MB)\n  Downloading tensorflow-2.5.2-cp36-cp36m-manylinux2010_x86_64.whl (454.3 MB)\n  Downloading tensorflow-2.5.1-cp36-cp36m-manylinux2010_x86_64.whl (454.3 MB)\n  Downloading tensorflow-2.5.0-cp36-cp36m-manylinux2010_x86_64.whl (454.3 MB)\n  Downloading tensorflow-2.4.4-cp36-cp36m-manylinux2010_x86_64.whl (394.5 MB)\n  Downloading tensorflow-2.4.3-cp36-cp36m-manylinux2010_x86_64.whl (394.5 MB)\n  Downloading tensorflow-2.4.2-cp36-cp36m-manylinux2010_x86_64.whl (394.4 MB)\n  Downloading tensorflow-2.4.1-cp36-cp36m-manylinux2010_x86_64.whl (394.3 MB)\n  Downloading tensorflow-2.4.0-cp36-cp36m-manylinux2010_x86_64.whl (394.7 MB)\n  Downloading tensorflow-2.3.4-cp36-cp36m-manylinux2010_x86_64.whl (320.6 MB)\nCollecting opt-einsum>=2.3.2\n  Downloading opt_einsum-3.3.0-py3-none-any.whl (65 kB)\nCollecting tensorboard<3,>=2.3.0\n  Downloading tensorboard-2.10.1-py3-none-any.whl (5.9 MB)\nCollecting tensorflow-estimator<2.4.0,>=2.3.0\n  Downloading tensorflow_estimator-2.3.0-py2.py3-none-any.whl (459 kB)\nCollecting wrapt>=1.11.1\n  Downloading wrapt-1.14.1-cp36-cp36m-manylinux_2_5_x86_64.manylinux1_x86_64.manylinux_2_17_x86_64.manylinux2014_x86_64.whl (74 kB)\nCollecting numpy<1.19.0,>=1.16.0\n  Downloading numpy-1.18.5-cp36-cp36m-manylinux1_x86_64.whl (20.1 MB)\nCollecting grpcio>=1.8.6\n  Downloading grpcio-1.48.2-cp36-cp36m-manylinux_2_17_x86_64.manylinux2014_x86_64.whl (4.6 MB)\nCollecting absl-py>=0.7.0\n  Downloading absl_py-1.3.0-py3-none-any.whl (124 kB)\nCollecting tensorflow\n  Downloading tensorflow-2.3.3-cp36-cp36m-manylinux2010_x86_64.whl (320.5 MB)\n  Downloading tensorflow-2.3.2-cp36-cp36m-manylinux2010_x86_64.whl (320.4 MB)\n  Downloading tensorflow-2.3.1-cp36-cp36m-manylinux2010_x86_64.whl (320.4 MB)\n  Downloading tensorflow-2.3.0-cp36-cp36m-manylinux2010_x86_64.whl (320.4 MB)\nCollecting scipy==1.4.1\n  Downloading scipy-1.4.1-cp36-cp36m-manylinux1_x86_64.whl (26.1 MB)\nCollecting tensorflow\n  Downloading tensorflow-2.2.3-cp36-cp36m-manylinux2010_x86_64.whl (516.4 MB)\nCollecting tensorflow-estimator<2.3.0,>=2.2.0\n  Downloading tensorflow_estimator-2.2.0-py2.py3-none-any.whl (454 kB)\nCollecting tensorboard<2.3.0,>=2.2.0\n  Downloading tensorboard-2.2.2-py3-none-any.whl (3.0 MB)\nCollecting tensorflow\n  Downloading tensorflow-2.2.2-cp36-cp36m-manylinux2010_x86_64.whl (516.2 MB)\n  Downloading tensorflow-2.2.1-cp36-cp36m-manylinux2010_x86_64.whl (516.2 MB)\n  Downloading tensorflow-2.2.0-cp36-cp36m-manylinux2010_x86_64.whl (516.2 MB)\nRequirement already satisfied: numpy<2.0,>=1.16.0 in /usr/local/lib/python3.6/dist-packages (from tensorflow) (1.19.5)\n  Downloading tensorflow-2.1.4-cp36-cp36m-manylinux2010_x86_64.whl (422.0 MB)\nCollecting tensorboard<2.2.0,>=2.1.0\n  Downloading tensorboard-2.1.1-py3-none-any.whl (3.8 MB)\nCollecting keras-applications>=1.0.8\n  Downloading Keras_Applications-1.0.8-py3-none-any.whl (50 kB)\nCollecting gast==0.2.2\n  Downloading gast-0.2.2.tar.gz (10 kB)\n  Preparing metadata (setup.py): started\n  Preparing metadata (setup.py): finished with status 'error'\n\u001b[91m  ERROR: Command errored out with exit status 1:\n   command: /usr/bin/python3.6 -c 'import io, os, sys, setuptools, tokenize; sys.argv[0] = '\"'\"'/tmp/pip-install-rcxjaf81/gast_3eda0e417f6a43bfa96e2732c8f8b759/setup.py'\"'\"'; __file__='\"'\"'/tmp/pip-install-rcxjaf81/gast_3eda0e417f6a43bfa96e2732c8f8b759/setup.py'\"'\"';f = getattr(tokenize, '\"'\"'open'\"'\"', open)(__file__) if os.path.exists(__file__) else io.StringIO('\"'\"'from setuptools import setup; setup()'\"'\"');code = f.read().replace('\"'\"'\\r\\n'\"'\"', '\"'\"'\\n'\"'\"');f.close();exec(compile(code, __file__, '\"'\"'exec'\"'\"'))' egg_info --egg-base /tmp/pip-pip-egg-info-n2h348u2\n       cwd: /tmp/pip-install-rcxjaf81/gast_3eda0e417f6a43bfa96e2732c8f8b759/\n  Complete output (3 lines):\n  Traceback (most recent call last):\n    File \"<string>\", line 1, in <module>\n  ModuleNotFoundError: No module named 'setuptools'\n  ----------------------------------------\n\u001b[0m\u001b[91mWARNING: Discarding https://files.pythonhosted.org/packages/4e/35/11749bf99b2d4e3cceb4d55ca22590b0d7c2c62b9de38ac4a4a7f4687421/gast-0.2.2.tar.gz#sha256=fe939df4583692f0512161ec1c880e0a10e71e6a232da045ab8edd3756fbadf0 (from https://pypi.org/simple/gast/). Command errored out with exit status 1: python setup.py egg_info Check the logs for full command output.\n\u001b[0mCollecting tensorflow\n  Downloading tensorflow-2.1.3-cp36-cp36m-manylinux2010_x86_64.whl (421.9 MB)\n  Downloading tensorflow-2.1.2-cp36-cp36m-manylinux2010_x86_64.whl (421.8 MB)\n  Downloading tensorflow-2.1.1-cp36-cp36m-manylinux2010_x86_64.whl (421.8 MB)\n  Downloading tensorflow-2.1.0-cp36-cp36m-manylinux2010_x86_64.whl (421.8 MB)\n  Downloading tensorflow-2.0.4-cp36-cp36m-manylinux2010_x86_64.whl (86.4 MB)\n  Downloading tensorflow-2.0.3-cp36-cp36m-manylinux2010_x86_64.whl (86.4 MB)\n  Downloading tensorflow-2.0.2-cp36-cp36m-manylinux2010_x86_64.whl (86.4 MB)\n  Downloading tensorflow-2.0.1-cp36-cp36m-manylinux2010_x86_64.whl (86.3 MB)\n  Downloading tensorflow-2.0.0-cp36-cp36m-manylinux2010_x86_64.whl (86.3 MB)\n  Downloading tensorflow-1.15.5-cp36-cp36m-manylinux2010_x86_64.whl (110.5 MB)\n  Downloading tensorflow-1.15.4-cp36-cp36m-manylinux2010_x86_64.whl (110.5 MB)\n  Downloading tensorflow-1.15.3-cp36-cp36m-manylinux2010_x86_64.whl (110.5 MB)\n  Downloading tensorflow-1.15.2-cp36-cp36m-manylinux2010_x86_64.whl (110.5 MB)\n  Downloading tensorflow-1.15.0-cp36-cp36m-manylinux2010_x86_64.whl (412.3 MB)\n  Downloading tensorflow-1.14.0-cp36-cp36m-manylinux1_x86_64.whl (109.2 MB)\nCollecting tensorflow-estimator<1.15.0rc0,>=1.14.0rc0\n  Downloading tensorflow_estimator-1.14.0-py2.py3-none-any.whl (488 kB)\nCollecting tensorboard<1.15.0,>=1.14.0\n  Downloading tensorboard-1.14.0-py3-none-any.whl (3.1 MB)\nCollecting tensorflow\n  Downloading tensorflow-1.13.2-cp36-cp36m-manylinux1_x86_64.whl (92.6 MB)\nCollecting tensorflow-estimator<1.14.0rc0,>=1.13.0\n  Downloading tensorflow_estimator-1.13.0-py2.py3-none-any.whl (367 kB)\nCollecting tensorboard<1.14.0,>=1.13.0\n  Downloading tensorboard-1.13.1-py3-none-any.whl (3.2 MB)\nCollecting gast>=0.2.0\n  Downloading gast-0.5.3-py3-none-any.whl (19 kB)\nCollecting tensorflow\n  Downloading tensorflow-1.13.1-cp36-cp36m-manylinux1_x86_64.whl (92.5 MB)\n  Downloading tensorflow-1.12.3-cp36-cp36m-manylinux1_x86_64.whl (83.1 MB)\nCollecting tensorboard<1.13.0,>=1.12.0\n  Downloading tensorboard-1.12.2-py3-none-any.whl (3.0 MB)\nCollecting tensorflow\n  Downloading tensorflow-1.12.2-cp36-cp36m-manylinux1_x86_64.whl (83.1 MB)\n  Downloading tensorflow-1.12.0-cp36-cp36m-manylinux1_x86_64.whl (83.1 MB)\n  Downloading tensorflow-1.11.0-cp36-cp36m-manylinux1_x86_64.whl (63.0 MB)\n  Downloading tensorflow-1.10.1-cp36-cp36m-manylinux1_x86_64.whl (58.4 MB)\nCollecting numpy<=1.14.5,>=1.13.3\n  Downloading numpy-1.14.5-cp36-cp36m-manylinux1_x86_64.whl (12.2 MB)\nCollecting tensorflow\n  Downloading tensorflow-1.10.0-cp36-cp36m-manylinux1_x86_64.whl (58.4 MB)\n  Downloading tensorflow-1.9.0-cp36-cp36m-manylinux1_x86_64.whl (51.1 MB)\n  Downloading tensorflow-1.8.0-cp36-cp36m-manylinux1_x86_64.whl (49.1 MB)\nCollecting tensorboard<1.9.0,>=1.8.0\n  Downloading tensorboard-1.8.0-py3-none-any.whl (3.1 MB)\nCollecting tensorflow\n  Downloading tensorflow-1.7.1-cp36-cp36m-manylinux1_x86_64.whl (48.1 MB)\n  Downloading tensorflow-1.7.0-cp36-cp36m-manylinux1_x86_64.whl (48.0 MB)\n  Downloading tensorflow-1.6.0-cp36-cp36m-manylinux1_x86_64.whl (45.8 MB)\n  Downloading tensorflow-1.5.1-cp36-cp36m-manylinux1_x86_64.whl (44.7 MB)\nRequirement already satisfied: wheel>=0.26 in /usr/local/lib/python3.6/dist-packages (from tensorflow) (0.37.1)\nCollecting six>=1.10.0\n  Downloading six-1.16.0-py2.py3-none-any.whl (11 kB)\nCollecting tensorflow-tensorboard<1.6.0,>=1.5.0\n  Downloading tensorflow_tensorboard-1.5.1-py3-none-any.whl (3.0 MB)\nCollecting werkzeug>=0.11.10\n  Downloading Werkzeug-2.0.3-py3-none-any.whl (289 kB)\nCollecting markdown>=2.6.8\n  Downloading Markdown-3.3.7-py3-none-any.whl (97 kB)\nCollecting bleach==1.5.0\n  Downloading bleach-1.5.0-py2.py3-none-any.whl (17 kB)\nCollecting html5lib==0.9999999\n  Downloading html5lib-0.9999999.tar.gz (889 kB)\n  Preparing metadata (setup.py): started\n  Preparing metadata (setup.py): finished with status 'error'\n\u001b[91m  ERROR: Command errored out with exit status 1:\n   command: /usr/bin/python3.6 -c 'import io, os, sys, setuptools, tokenize; sys.argv[0] = '\"'\"'/tmp/pip-install-rcxjaf81/html5lib_807dc0dae3044be3a6b46684ea2855bd/setup.py'\"'\"'; __file__='\"'\"'/tmp/pip-install-rcxjaf81/html5lib_807dc0dae3044be3a6b46684ea2855bd/setup.py'\"'\"';f = getattr(tokenize, '\"'\"'open'\"'\"', open)(__file__) if os.path.exists(__file__) else io.StringIO('\"'\"'from setuptools import setup; setup()'\"'\"');code = f.read().replace('\"'\"'\\r\\n'\"'\"', '\"'\"'\\n'\"'\"');f.close();exec(compile(code, __file__, '\"'\"'exec'\"'\"'))' egg_info --egg-base /tmp/pip-pip-egg-info-kw5txgnm\n       cwd: /tmp/pip-install-rcxjaf81/html5lib_807dc0dae3044be3a6b46684ea2855bd/\n  Complete output (3 lines):\n  Traceback (most recent call last):\n    File \"<string>\", line 1, in <module>\n  ModuleNotFoundError: No module named 'setuptools'\n  ----------------------------------------\n\u001b[0m\u001b[91mWARNING: Discarding https://files.pythonhosted.org/packages/ae/ae/bcb60402c60932b32dfaf19bb53870b29eda2cd17551ba5639219fb5ebf9/html5lib-0.9999999.tar.gz#sha256=2612a191a8d5842bfa057e41ba50bbb9dcb722419d2408c78cff4758d0754868 (from https://pypi.org/simple/html5lib/). Command errored out with exit status 1: python setup.py egg_info Check the logs for full command output.\n\u001b[0mCollecting tensorflow-tensorboard<1.6.0,>=1.5.0\n  Downloading tensorflow_tensorboard-1.5.0-py3-none-any.whl (3.0 MB)\nCollecting futures>=3.1.1\n  Downloading futures-3.1.1-py3-none-any.whl (2.8 kB)\nINFO: pip is looking at multiple versions of six to determine which version is compatible with other requirements. This could take a while.\nCollecting six>=1.10.0\n  Downloading six-1.15.0-py2.py3-none-any.whl (10 kB)\nINFO: pip is looking at multiple versions of protobuf to determine which version is compatible with other requirements. This could take a while.\nCollecting protobuf>=3.4.0\n  Downloading protobuf-3.19.5-cp36-cp36m-manylinux_2_17_x86_64.manylinux2014_x86_64.whl (1.1 MB)\nINFO: pip is looking at multiple versions of numpy to determine which version is compatible with other requirements. This could take a while.\nCollecting numpy>=1.12.1\n  Downloading numpy-1.19.5-cp36-cp36m-manylinux2010_x86_64.whl (14.8 MB)\nINFO: pip is looking at multiple versions of <Python from Requires-Python> to determine which version is compatible with other requirements. This could take a while.\nINFO: pip is looking at multiple versions of absl-py to determine which version is compatible with other requirements. This could take a while.\nCollecting absl-py>=0.1.6\n  Downloading absl_py-1.2.0-py3-none-any.whl (123 kB)\nINFO: pip is looking at multiple versions of tensorflow to determine which version is compatible with other requirements. This could take a while.\nCollecting tensorflow\n  Downloading tensorflow-1.5.0-cp36-cp36m-manylinux1_x86_64.whl (44.4 MB)\n  Downloading tensorflow-1.4.1-cp36-cp36m-manylinux1_x86_64.whl (41.2 MB)\nCollecting tensorflow-tensorboard<0.5.0,>=0.4.0rc1\n  Downloading tensorflow_tensorboard-0.4.0-py3-none-any.whl (1.7 MB)\nCollecting enum34>=1.1.6\n  Downloading enum34-1.1.10-py3-none-any.whl (11 kB)\nCollecting tensorflow-tensorboard<0.5.0,>=0.4.0rc1\n  Downloading tensorflow_tensorboard-0.4.0rc3-py3-none-any.whl (1.7 MB)\n  Downloading tensorflow_tensorboard-0.4.0rc2-py3-none-any.whl (1.7 MB)\n  Downloading tensorflow_tensorboard-0.4.0rc1-py3-none-any.whl (1.7 MB)\nCollecting tensorflow\n  Downloading tensorflow-1.4.0-cp36-cp36m-manylinux1_x86_64.whl (41.2 MB)\n  Downloading tensorflow-1.3.0-cp36-cp36m-manylinux1_x86_64.whl (43.5 MB)\nCollecting tensorflow-tensorboard<0.2.0,>=0.1.0\n  Downloading tensorflow_tensorboard-0.1.8-py3-none-any.whl (1.6 MB)\n  Downloading tensorflow_tensorboard-0.1.7-py3-none-any.whl (2.2 MB)\n  Downloading tensorflow_tensorboard-0.1.6-py3-none-any.whl (2.2 MB)\n  Downloading tensorflow_tensorboard-0.1.5-py3-none-any.whl (2.2 MB)\n  Downloading tensorflow_tensorboard-0.1.4-py3-none-any.whl (2.2 MB)\n  Downloading tensorflow_tensorboard-0.1.2-py3-none-any.whl (1.3 MB)\nCollecting markdown==2.2.0\n  Downloading Markdown-2.2.0.zip (358 kB)\n  Preparing metadata (setup.py): started\n  Preparing metadata (setup.py): finished with status 'error'\n\u001b[91m  ERROR: Command errored out with exit status 1:\n   command: /usr/bin/python3.6 -c 'import io, os, sys, setuptools, tokenize; sys.argv[0] = '\"'\"'/tmp/pip-install-rcxjaf81/markdown_cfd94e767b8646a7b5af3b8685aae5ac/setup.py'\"'\"'; __file__='\"'\"'/tmp/pip-install-rcxjaf81/markdown_cfd94e767b8646a7b5af3b8685aae5ac/setup.py'\"'\"';f = getattr(tokenize, '\"'\"'open'\"'\"', open)(__file__) if os.path.exists(__file__) else io.StringIO('\"'\"'from setuptools import setup; setup()'\"'\"');code = f.read().replace('\"'\"'\\r\\n'\"'\"', '\"'\"'\\n'\"'\"');f.close();exec(compile(code, __file__, '\"'\"'exec'\"'\"'))' egg_info --egg-base /tmp/pip-pip-egg-info-07e7m07h\n       cwd: /tmp/pip-install-rcxjaf81/markdown_cfd94e767b8646a7b5af3b8685aae5ac/\n  Complete output (3 lines):\n  Traceback (most recent call last):\n    File \"<string>\", line 1, in <module>\n  ModuleNotFoundError: No module named 'setuptools'\n  ----------------------------------------\n\u001b[0m\u001b[91mWARNING: Discarding https://files.pythonhosted.org/packages/f1/9b/abac7cce338f4d832b9301c978103fd280f7ead4de869f4eb247beeac32b/Markdown-2.2.0.zip#sha256=7e6497c915492ff3729c62f245acda9d23ad0616185aee927d61bd6dbb0abad3 (from https://pypi.org/simple/markdown/). Command errored out with exit status 1: python setup.py egg_info Check the logs for full command output.\n\u001b[0m  Downloading Markdown-2.2.0.tar.gz (236 kB)\n  Preparing metadata (setup.py): started\n  Preparing metadata (setup.py): finished with status 'error'\n\u001b[91m  ERROR: Command errored out with exit status 1:\n   command: /usr/bin/python3.6 -c 'import io, os, sys, setuptools, tokenize; sys.argv[0] = '\"'\"'/tmp/pip-install-rcxjaf81/markdown_d35a4a60f63f4351820ea59cf8644275/setup.py'\"'\"'; __file__='\"'\"'/tmp/pip-install-rcxjaf81/markdown_d35a4a60f63f4351820ea59cf8644275/setup.py'\"'\"';f = getattr(tokenize, '\"'\"'open'\"'\"', open)(__file__) if os.path.exists(__file__) else io.StringIO('\"'\"'from setuptools import setup; setup()'\"'\"');code = f.read().replace('\"'\"'\\r\\n'\"'\"', '\"'\"'\\n'\"'\"');f.close();exec(compile(code, __file__, '\"'\"'exec'\"'\"'))' egg_info --egg-base /tmp/pip-pip-egg-info-xs_cakya\n       cwd: /tmp/pip-install-rcxjaf81/markdown_d35a4a60f63f4351820ea59cf8644275/\n  Complete output (3 lines):\n  Traceback (most recent call last):\n    File \"<string>\", line 1, in <module>\n  ModuleNotFoundError: No module named 'setuptools'\n  ----------------------------------------\n\u001b[0m\u001b[91mWARNING: Discarding https://files.pythonhosted.org/packages/ac/99/288a81a38526a42c98b5b9832c6e339ca8d5dd38b19a53abfac7c8037c7f/Markdown-2.2.0.tar.gz#sha256=98e1b0a0b2f87b8310d2060a560f427c24ee16c96c83c98ea416f1f8ddc379b5 (from https://pypi.org/simple/markdown/). Command errored out with exit status 1: python setup.py egg_info Check the logs for full command output.\n\u001b[0mCollecting tensorflow-tensorboard<0.2.0,>=0.1.0\n  Downloading tensorflow_tensorboard-0.1.1-py3-none-any.whl (1.2 MB)\nCollecting tensorflow\n  Downloading tensorflow-1.2.1-cp36-cp36m-manylinux1_x86_64.whl (35.0 MB)\nCollecting backports.weakref==1.0rc1\n  Downloading backports.weakref-1.0rc1-py3-none-any.whl (4.3 kB)\nCollecting tensorflow\n  Downloading tensorflow-1.2.0-cp36-cp36m-manylinux1_x86_64.whl (35.0 MB)\n  Downloading tensorflow-1.1.0-cp36-cp36m-manylinux1_x86_64.whl (31.4 MB)\nCollecting dataclasses\n  Downloading dataclasses-0.8-py3-none-any.whl (19 kB)\nInstalling collected packages: dataclasses, werkzeug, six, protobuf, tensorflow\nSuccessfully installed dataclasses-0.8 protobuf-3.19.6 six-1.16.0 tensorflow-1.1.0 werkzeug-2.0.3\n\u001b[91mWARNING: Running pip as the 'root' user can result in broken permissions and conflicting behaviour with the system package manager. It is recommended to use a virtual environment instead: https://pip.pypa.io/warnings/venv\n\u001b[0mRemoving intermediate container 7c8edee8fa0c\n ---> d6e35205bdac\nStep 17/27 : RUN pip install --no-cache-dir git+https://www.github.com/keras-team/keras-contrib.git\n ---> Running in c4faeddcdf69\nCollecting git+https://www.github.com/keras-team/keras-contrib.git\n  Cloning https://www.github.com/keras-team/keras-contrib.git to /tmp/pip-req-build-0ucn_qki\n\u001b[91m  Running command git clone --filter=blob:none -q https://www.github.com/keras-team/keras-contrib.git /tmp/pip-req-build-0ucn_qki\n\u001b[0m\u001b[91m  warning: redirecting to https://github.com/keras-team/keras-contrib.git/\n\u001b[0m  Resolved https://www.github.com/keras-team/keras-contrib.git to commit 3fc5ef709e061416f4bc8a92ca3750c824b5d2b0\n  Preparing metadata (setup.py): started\n  Preparing metadata (setup.py): finished with status 'error'\n\u001b[91m  ERROR: Command errored out with exit status 1:\n   command: /usr/bin/python3.6 -c 'import io, os, sys, setuptools, tokenize; sys.argv[0] = '\"'\"'/tmp/pip-req-build-0ucn_qki/setup.py'\"'\"'; __file__='\"'\"'/tmp/pip-req-build-0ucn_qki/setup.py'\"'\"';f = getattr(tokenize, '\"'\"'open'\"'\"', open)(__file__) if os.path.exists(__file__) else io.StringIO('\"'\"'from setuptools import setup; setup()'\"'\"');code = f.read().replace('\"'\"'\\r\\n'\"'\"', '\"'\"'\\n'\"'\"');f.close();exec(compile(code, __file__, '\"'\"'exec'\"'\"'))' egg_info --egg-base /tmp/pip-pip-egg-info-ztp8elu7\n       cwd: /tmp/pip-req-build-0ucn_qki/\n  Complete output (3 lines):\n  Traceback (most recent call last):\n    File \"<string>\", line 1, in <module>\n  ModuleNotFoundError: No module named 'setuptools'\n  ----------------------------------------\n\u001b[0m\u001b[91mWARNING: Discarding git+https://www.github.com/keras-team/keras-contrib.git. Command errored out with exit status 1: python setup.py egg_info Check the logs for full command output.\n\u001b[0m\u001b[91mERROR: Command errored out with exit status 1: python setup.py egg_info Check the logs for full command output.\n\u001b[0mRemoving intermediate container c4faeddcdf69\n","stderr":"The command '/bin/sh -c pip install --no-cache-dir git+https://www.github.com/keras-team/keras-contrib.git' returned a non-zero code: 1\n"},"endTime":1672352145828}