{"repository":"https://github.com/apple-han/flask-reptiles","dockerfilePath":"Dockerfile","startTime":1672292375866,"clone":{"stdout":"","stderr":"Cloning into '/tmp/dinghy-analysis/apple-han/flask-reptiles'...\n","error":null,"commit":"fe9029742dbe94de3904958efefcb7355c67a662"},"originalBuild":{"startTimestamp":1672292379186,"endTimestamp":1672292481843,"error":{"code":1,"killed":false,"signal":null,"cmd":"docker build --no-cache --force-rm -t flask-reptiles:latest -f /tmp/dinghy-analysis/apple-han/flask-reptiles/Dockerfile ."},"stdout":"Sending build context to Docker daemon  123.3MB\r\r\nStep 1/10 : FROM daocloud.io/python:3.6\n3.6: Pulling from python\nd93a2d7cc901: Pulling fs layer\n15a33158a136: Pulling fs layer\nf67323742a64: Pulling fs layer\nc4b45e832c38: Pulling fs layer\nb71152c33fd2: Pulling fs layer\nd8eff2a5d585: Pulling fs layer\nf80b3bd3dbda: Pulling fs layer\ne5b3e7f65920: Pulling fs layer\nc4b45e832c38: Waiting\nf80b3bd3dbda: Waiting\ne5b3e7f65920: Waiting\nb71152c33fd2: Waiting\nd8eff2a5d585: Waiting\n15a33158a136: Verifying Checksum\n15a33158a136: Download complete\nf67323742a64: Verifying Checksum\nf67323742a64: Download complete\nb71152c33fd2: Verifying Checksum\nd8eff2a5d585: Verifying Checksum\nd8eff2a5d585: Download complete\nf80b3bd3dbda: Verifying Checksum\nf80b3bd3dbda: Download complete\ne5b3e7f65920: Verifying Checksum\ne5b3e7f65920: Download complete\nd93a2d7cc901: Verifying Checksum\nd93a2d7cc901: Download complete\nc4b45e832c38: Verifying Checksum\nc4b45e832c38: Download complete\nd93a2d7cc901: Pull complete\n15a33158a136: Pull complete\nf67323742a64: Pull complete\nc4b45e832c38: Pull complete\nb71152c33fd2: Pull complete\nd8eff2a5d585: Pull complete\nf80b3bd3dbda: Pull complete\ne5b3e7f65920: Pull complete\nDigest: sha256:497a6f39e10440ab20242b56693fbc2d0549b515cd585328a702720ff4db6bd5\nStatus: Downloaded newer image for daocloud.io/python:3.6\n ---> 26acbad26a2c\nStep 2/10 : ENV TZ=Asia/Shanghai\n ---> Running in 0ec3da7872aa\nRemoving intermediate container 0ec3da7872aa\n ---> 145cb38d14ed\nStep 3/10 : RUN mkdir -p /home/apple/app\n ---> Running in 33cecd4d4cf1\nRemoving intermediate container 33cecd4d4cf1\n ---> bd79106a5cac\nStep 4/10 : WORKDIR /home/apple/app\n ---> Running in 1dc410585098\nRemoving intermediate container 1dc410585098\n ---> f5703f9a2a7b\nStep 5/10 : ADD ./requirements.txt /home/apple/app/requirements.txt\n ---> 389b8918775a\nStep 6/10 : RUN pip3 install -i https://pypi.tuna.tsinghua.edu.cn/simple --upgrade pip\n ---> Running in 6f91b5d02683\nCould not fetch URL https://pypi.tuna.tsinghua.edu.cn/simple/pip/: There was a problem confirming the ssl certificate: [SSL: CERTIFICATE_VERIFY_FAILED] certificate verify failed (_ssl.c:748) - skipping\nRequirement already up-to-date: pip in /usr/local/lib/python3.6/site-packages\n\u001b[91mYou are using pip version 9.0.1, however version 22.3.1 is available.\nYou should consider upgrading via the 'pip install --upgrade pip' command.\n\u001b[0mRemoving intermediate container 6f91b5d02683\n ---> d4ffebbaa425\nStep 7/10 : RUN pip3 install -i https://pypi.tuna.tsinghua.edu.cn/simple -r requirements.txt\n ---> Running in 6dcbbf23bdb4\nCollecting aiohttp==3.6.2 (from -r requirements.txt (line 1))\n  Could not fetch URL https://pypi.tuna.tsinghua.edu.cn/simple/aiohttp/: There was a problem confirming the ssl certificate: [SSL: CERTIFICATE_VERIFY_FAILED] certificate verify failed (_ssl.c:748) - skipping\n\u001b[91m  Could not find a version that satisfies the requirement aiohttp==3.6.2 (from -r requirements.txt (line 1)) (from versions: )\n\u001b[0m\u001b[91mNo matching distribution found for aiohttp==3.6.2 (from -r requirements.txt (line 1))\n\u001b[0m\u001b[91mYou are using pip version 9.0.1, however version 22.3.1 is available.\nYou should consider upgrading via the 'pip install --upgrade pip' command.\n\u001b[0mRemoving intermediate container 6dcbbf23bdb4\n","stderr":"The command '/bin/sh -c pip3 install -i https://pypi.tuna.tsinghua.edu.cn/simple -r requirements.txt' returned a non-zero code: 1\n"},"endTime":1672292481924}