{"repository":"https://github.com/argonne-lcf/balsam","dockerfilePath":"Dockerfile","startTime":1672440077617,"clone":{"stdout":"","stderr":"Cloning into '/tmp/dinghy-analysis/argonne-lcf/balsam'...\n","error":null,"commit":"5704158589580b6e64aa17669b265aef79ea2d7a"},"originalBuild":{"startTimestamp":1672440078700,"endTimestamp":1672440306232,"error":{"code":1,"killed":false,"signal":null,"cmd":"docker build --no-cache --force-rm -t balsam:latest -f /tmp/dinghy-analysis/argonne-lcf/balsam/Dockerfile ."},"stdout":"Sending build context to Docker daemon  2.386MB\r\r\nStep 1/14 : FROM python:3-slim\n3-slim: Pulling from library/python\n3f4ca61aafcd: Already exists\n3f487a3359db: Already exists\n7a081ff2e6f9: Pulling fs layer\nfb74cc1c8e1b: Pulling fs layer\neace00a88cc7: Pulling fs layer\nfb74cc1c8e1b: Verifying Checksum\nfb74cc1c8e1b: Download complete\neace00a88cc7: Verifying Checksum\neace00a88cc7: Download complete\n7a081ff2e6f9: Verifying Checksum\n7a081ff2e6f9: Download complete\n7a081ff2e6f9: Pull complete\nfb74cc1c8e1b: Pull complete\neace00a88cc7: Pull complete\nDigest: sha256:8f3997244336ad0f067ad693f85906263a21a7f571b6577a64134aba889bc95e\nStatus: Downloaded newer image for python:3-slim\n ---> 68fdbff1a0f2\nStep 2/14 : WORKDIR /balsam\n ---> Running in eef81cae8259\nRemoving intermediate container eef81cae8259\n ---> d0f75038cd3d\nStep 3/14 : RUN apt-get update &&     apt-get upgrade -y &&     apt-get install -y wget &&     apt-get install -y lsb-release &&     apt-get install -y gnupg &&     sh -c 'echo \"deb http://apt.postgresql.org/pub/repos/apt $(lsb_release -cs)-pgdg main\" > /etc/apt/sources.list.d/pgdg.list' &&     wget --quiet -O - https://www.postgresql.org/media/keys/ACCC4CF8.asc | apt-key add - &&     apt-get install -y build-essential &&     apt-get install -y postgresql &&     apt-get install -y libpq-dev &&     apt-get clean all &&     rm -rf /var/lib/apt/lists/*\n ---> Running in de1bbf649fce\nGet:1 http://deb.debian.org/debian bullseye InRelease [116 kB]\nGet:2 http://deb.debian.org/debian-security bullseye-security InRelease [48.4 kB]\nGet:3 http://deb.debian.org/debian bullseye-updates InRelease [44.1 kB]\nGet:4 http://deb.debian.org/debian bullseye/main amd64 Packages [8183 kB]\nGet:5 http://deb.debian.org/debian-security bullseye-security/main amd64 Packages [210 kB]\nGet:6 http://deb.debian.org/debian bullseye-updates/main amd64 Packages [14.6 kB]\nFetched 8616 kB in 1s (6255 kB/s)\nReading package lists...\nReading package lists...\nBuilding dependency tree...\nReading state information...\nCalculating upgrade...\n0 upgraded, 0 newly installed, 0 to remove and 0 not upgraded.\nReading package lists...\nBuilding dependency tree...\nReading state information...\nThe following additional packages will be installed:\n  libpsl5 publicsuffix\nThe following NEW packages will be installed:\n  libpsl5 publicsuffix wget\n0 upgraded, 3 newly installed, 0 to remove and 0 not upgraded.\nNeed to get 1149 kB of archives.\nAfter this operation, 4001 kB of additional disk space will be used.\nGet:1 http://deb.debian.org/debian bullseye/main amd64 libpsl5 amd64 0.21.0-1.2 [57.3 kB]\nGet:2 http://deb.debian.org/debian bullseye/main amd64 wget amd64 1.21-1+deb11u1 [964 kB]\nGet:3 http://deb.debian.org/debian bullseye/main amd64 publicsuffix all 20220811.1734-0+deb11u1 [127 kB]\n\u001b[91mdebconf: delaying package configuration, since apt-utils is not installed\n\u001b[0mFetched 1149 kB in 0s (38.4 MB/s)\nSelecting previously unselected package libpsl5:amd64.\r\n(Reading database ... \r(Reading database ... 5%\r(Reading database ... 10%\r(Reading database ... 15%\r(Reading database ... 20%\r(Reading database ... 25%\r(Reading database ... 30%\r(Reading database ... 35%\r(Reading database ... 40%\r(Reading database ... 45%\r(Reading database ... 50%\r(Reading database ... 55%\r(Reading database ... 60%\r(Reading database ... 65%\r(Reading database ... 70%\r(Reading database ... 75%\r(Reading database ... 80%\r(Reading database ... 85%\r(Reading database ... 90%\r(Reading database ... 95%\r(Reading database ... 100%\r(Reading database ... 7031 files and directories currently installed.)\r\nPreparing to unpack .../libpsl5_0.21.0-1.2_amd64.deb ...\r\nUnpacking libpsl5:amd64 (0.21.0-1.2) ...\r\nSelecting previously unselected package wget.\r\nPreparing to unpack .../wget_1.21-1+deb11u1_amd64.deb ...\r\nUnpacking wget (1.21-1+deb11u1) ...\r\nSelecting previously unselected package publicsuffix.\r\nPreparing to unpack .../publicsuffix_20220811.1734-0+deb11u1_all.deb ...\r\nUnpacking publicsuffix (20220811.1734-0+deb11u1) ...\r\nSetting up libpsl5:amd64 (0.21.0-1.2) ...\r\nSetting up wget (1.21-1+deb11u1) ...\r\nSetting up publicsuffix (20220811.1734-0+deb11u1) ...\r\nProcessing triggers for libc-bin (2.31-13+deb11u5) ...\r\nReading package lists...\nBuilding dependency tree...\nReading state information...\nThe following additional packages will be installed:\n  distro-info-data libmpdec3 libpython3-stdlib libpython3.9-minimal\n  libpython3.9-stdlib media-types python3 python3-minimal python3.9\n  python3.9-minimal\nSuggested packages:\n  python3-doc python3-tk python3-venv python3.9-venv python3.9-doc binutils\n  binfmt-support\nThe following NEW packages will be installed:\n  distro-info-data libmpdec3 libpython3-stdlib libpython3.9-minimal\n  libpython3.9-stdlib lsb-release media-types python3 python3-minimal\n  python3.9 python3.9-minimal\n0 upgraded, 11 newly installed, 0 to remove and 0 not upgraded.\nNeed to get 5157 kB of archives.\nAfter this operation, 20.0 MB of additional disk space will be used.\nGet:1 http://deb.debian.org/debian bullseye/main amd64 libpython3.9-minimal amd64 3.9.2-1 [801 kB]\nGet:2 http://deb.debian.org/debian bullseye/main amd64 python3.9-minimal amd64 3.9.2-1 [1955 kB]\nGet:3 http://deb.debian.org/debian bullseye/main amd64 python3-minimal amd64 3.9.2-3 [38.2 kB]\nGet:4 http://deb.debian.org/debian bullseye/main amd64 media-types all 4.0.0 [30.3 kB]\nGet:5 http://deb.debian.org/debian bullseye/main amd64 libmpdec3 amd64 2.5.1-1 [87.7 kB]\nGet:6 http://deb.debian.org/debian bullseye/main amd64 libpython3.9-stdlib amd64 3.9.2-1 [1684 kB]\nGet:7 http://deb.debian.org/debian bullseye/main amd64 python3.9 amd64 3.9.2-1 [466 kB]\nGet:8 http://deb.debian.org/debian bullseye/main amd64 libpython3-stdlib amd64 3.9.2-3 [21.4 kB]\nGet:9 http://deb.debian.org/debian bullseye/main amd64 python3 amd64 3.9.2-3 [37.9 kB]\nGet:10 http://deb.debian.org/debian bullseye/main amd64 distro-info-data all 0.51+deb11u3 [7812 B]\nGet:11 http://deb.debian.org/debian bullseye/main amd64 lsb-release all 11.1.0 [27.9 kB]\n\u001b[91mdebconf: delaying package configuration, since apt-utils is not installed\n\u001b[0mFetched 5157 kB in 0s (62.3 MB/s)\nSelecting previously unselected package libpython3.9-minimal:amd64.\r\n(Reading database ... \r(Reading database ... 5%\r(Reading database ... 10%\r(Reading database ... 15%\r(Reading database ... 20%\r(Reading database ... 25%\r(Reading database ... 30%\r(Reading database ... 35%\r(Reading database ... 40%\r(Reading database ... 45%\r(Reading database ... 50%\r(Reading database ... 55%\r(Reading database ... 60%\r(Reading database ... 65%\r(Reading database ... 70%\r(Reading database ... 75%\r(Reading database ... 80%\r(Reading database ... 85%\r(Reading database ... 90%\r(Reading database ... 95%\r(Reading database ... 100%\r(Reading database ... 7141 files and directories currently installed.)\r\nPreparing to unpack .../libpython3.9-minimal_3.9.2-1_amd64.deb ...\r\nUnpacking libpython3.9-minimal:amd64 (3.9.2-1) ...\r\nSelecting previously unselected package python3.9-minimal.\r\nPreparing to unpack .../python3.9-minimal_3.9.2-1_amd64.deb ...\r\nUnpacking python3.9-minimal (3.9.2-1) ...\r\nSetting up libpython3.9-minimal:amd64 (3.9.2-1) ...\r\nSetting up python3.9-minimal (3.9.2-1) ...\r\nSelecting previously unselected package python3-minimal.\r\n(Reading database ... \r(Reading database ... 5%\r(Reading database ... 10%\r(Reading database ... 15%\r(Reading database ... 20%\r(Reading database ... 25%\r(Reading database ... 30%\r(Reading database ... 35%\r(Reading database ... 40%\r(Reading database ... 45%\r(Reading database ... 50%\r(Reading database ... 55%\r(Reading database ... 60%\r(Reading database ... 65%\r(Reading database ... 70%\r(Reading database ... 75%\r(Reading database ... 80%\r(Reading database ... 85%\r(Reading database ... 90%\r(Reading database ... 95%\r(Reading database ... 100%\r(Reading database ... 7426 files and directories currently installed.)\r\nPreparing to unpack .../0-python3-minimal_3.9.2-3_amd64.deb ...\r\nUnpacking python3-minimal (3.9.2-3) ...\r\nSelecting previously unselected package media-types.\r\nPreparing to unpack .../1-media-types_4.0.0_all.deb ...\r\nUnpacking media-types (4.0.0) ...\r\nSelecting previously unselected package libmpdec3:amd64.\r\nPreparing to unpack .../2-libmpdec3_2.5.1-1_amd64.deb ...\r\nUnpacking libmpdec3:amd64 (2.5.1-1) ...\r\nSelecting previously unselected package libpython3.9-stdlib:amd64.\r\nPreparing to unpack .../3-libpython3.9-stdlib_3.9.2-1_amd64.deb ...\r\nUnpacking libpython3.9-stdlib:amd64 (3.9.2-1) ...\r\nSelecting previously unselected package python3.9.\r\nPreparing to unpack .../4-python3.9_3.9.2-1_amd64.deb ...\r\nUnpacking python3.9 (3.9.2-1) ...\r\nSelecting previously unselected package libpython3-stdlib:amd64.\r\nPreparing to unpack .../5-libpython3-stdlib_3.9.2-3_amd64.deb ...\r\nUnpacking libpython3-stdlib:amd64 (3.9.2-3) ...\r\nSetting up python3-minimal (3.9.2-3) ...\r\nSelecting previously unselected package python3.\r\n(Reading database ... \r(Reading database ... 5%\r(Reading database ... 10%\r(Reading database ... 15%\r(Reading database ... 20%\r(Reading database ... 25%\r(Reading database ... 30%\r(Reading database ... 35%\r(Reading database ... 40%\r(Reading database ... 45%\r(Reading database ... 50%\r(Reading database ... 55%\r(Reading database ... 60%\r(Reading database ... 65%\r(Reading database ... 70%\r(Reading database ... 75%\r(Reading database ... 80%\r(Reading database ... 85%\r(Reading database ... 90%\r(Reading database ... 95%\r(Reading database ... 100%\r(Reading database ... 7823 files and directories currently installed.)\r\nPreparing to unpack .../python3_3.9.2-3_amd64.deb ...\r\nUnpacking python3 (3.9.2-3) ...\r\nSelecting previously unselected package distro-info-data.\r\nPreparing to unpack .../distro-info-data_0.51+deb11u3_all.deb ...\r\nUnpacking distro-info-data (0.51+deb11u3) ...\r\nSelecting previously unselected package lsb-release.\r\nPreparing to unpack .../lsb-release_11.1.0_all.deb ...\r\nUnpacking lsb-release (11.1.0) ...\r\nSetting up media-types (4.0.0) ...\r\nSetting up distro-info-data (0.51+deb11u3) ...\r\nSetting up libmpdec3:amd64 (2.5.1-1) ...\r\nSetting up libpython3.9-stdlib:amd64 (3.9.2-1) ...\r\nSetting up libpython3-stdlib:amd64 (3.9.2-3) ...\r\nSetting up python3.9 (3.9.2-1) ...\r\nSetting up python3 (3.9.2-3) ...\r\nrunning python rtupdate hooks for python3.9...\r\nrunning python post-rtupdate hooks for python3.9...\r\nSetting up lsb-release (11.1.0) ...\r\nProcessing triggers for libc-bin (2.31-13+deb11u5) ...\r\nReading package lists...\nBuilding dependency tree...\nReading state information...\nThe following additional packages will be installed:\n  dirmngr gnupg-l10n gnupg-utils gpg gpg-agent gpg-wks-client gpg-wks-server\n  gpgconf gpgsm libassuan0 libksba8 libldap-2.4-2 libldap-common libnpth0\n  libsasl2-2 libsasl2-modules libsasl2-modules-db pinentry-curses\nSuggested packages:\n  dbus-user-session libpam-systemd pinentry-gnome3 tor parcimonie xloadimage\n  scdaemon libsasl2-modules-gssapi-mit | libsasl2-modules-gssapi-heimdal\n  libsasl2-modules-ldap libsasl2-modules-otp libsasl2-modules-sql pinentry-doc\nThe following NEW packages will be installed:\n  dirmngr gnupg gnupg-l10n gnupg-utils gpg gpg-agent gpg-wks-client\n  gpg-wks-server gpgconf gpgsm libassuan0 libksba8 libldap-2.4-2\n  libldap-common libnpth0 libsasl2-2 libsasl2-modules libsasl2-modules-db\n  pinentry-curses\n0 upgraded, 19 newly installed, 0 to remove and 0 not upgraded.\nNeed to get 8272 kB of archives.\nAfter this operation, 16.9 MB of additional disk space will be used.\nGet:1 http://deb.debian.org/debian bullseye/main amd64 libassuan0 amd64 2.5.3-7.1 [50.5 kB]\nGet:2 http://deb.debian.org/debian bullseye/main amd64 gpgconf amd64 2.2.27-2+deb11u2 [548 kB]\nGet:3 http://deb.debian.org/debian-security bullseye-security/main amd64 libksba8 amd64 1.5.0-3+deb11u2 [123 kB]\nGet:4 http://deb.debian.org/debian bullseye/main amd64 libsasl2-modules-db amd64 2.1.27+dfsg-2.1+deb11u1 [69.1 kB]\nGet:5 http://deb.debian.org/debian bullseye/main amd64 libsasl2-2 amd64 2.1.27+dfsg-2.1+deb11u1 [106 kB]\nGet:6 http://deb.debian.org/debian bullseye/main amd64 libldap-2.4-2 amd64 2.4.57+dfsg-3+deb11u1 [232 kB]\nGet:7 http://deb.debian.org/debian bullseye/main amd64 libnpth0 amd64 1.6-3 [19.0 kB]\nGet:8 http://deb.debian.org/debian bullseye/main amd64 dirmngr amd64 2.2.27-2+deb11u2 [763 kB]\nGet:9 http://deb.debian.org/debian bullseye/main amd64 gnupg-l10n all 2.2.27-2+deb11u2 [1086 kB]\nGet:10 http://deb.debian.org/debian bullseye/main amd64 gnupg-utils amd64 2.2.27-2+deb11u2 [905 kB]\nGet:11 http://deb.debian.org/debian bullseye/main amd64 gpg amd64 2.2.27-2+deb11u2 [928 kB]\nGet:12 http://deb.debian.org/debian bullseye/main amd64 pinentry-curses amd64 1.1.0-4 [64.9 kB]\nGet:13 http://deb.debian.org/debian bullseye/main amd64 gpg-agent amd64 2.2.27-2+deb11u2 [669 kB]\nGet:14 http://deb.debian.org/debian bullseye/main amd64 gpg-wks-client amd64 2.2.27-2+deb11u2 [524 kB]\nGet:15 http://deb.debian.org/debian bullseye/main amd64 gpg-wks-server amd64 2.2.27-2+deb11u2 [516 kB]\nGet:16 http://deb.debian.org/debian bullseye/main amd64 gpgsm amd64 2.2.27-2+deb11u2 [645 kB]\nGet:17 http://deb.debian.org/debian bullseye/main amd64 gnupg all 2.2.27-2+deb11u2 [825 kB]\nGet:18 http://deb.debian.org/debian bullseye/main amd64 libldap-common all 2.4.57+dfsg-3+deb11u1 [95.8 kB]\nGet:19 http://deb.debian.org/debian bullseye/main amd64 libsasl2-modules amd64 2.1.27+dfsg-2.1+deb11u1 [104 kB]\n\u001b[91mdebconf: delaying package configuration, since apt-utils is not installed\n\u001b[0mFetched 8272 kB in 0s (55.6 MB/s)\nSelecting previously unselected package libassuan0:amd64.\r\n(Reading database ... \r(Reading database ... 5%\r(Reading database ... 10%\r(Reading database ... 15%\r(Reading database ... 20%\r(Reading database ... 25%\r(Reading database ... 30%\r(Reading database ... 35%\r(Reading database ... 40%\r(Reading database ... 45%\r(Reading database ... 50%\r(Reading database ... 55%\r(Reading database ... 60%\r(Reading database ... 65%\r(Reading database ... 70%\r(Reading database ... 75%\r(Reading database ... 80%\r(Reading database ... 85%\r(Reading database ... 90%\r(Reading database ... 95%\r(Reading database ... 100%\r(Reading database ... 7863 files and directories currently installed.)\r\nPreparing to unpack .../00-libassuan0_2.5.3-7.1_amd64.deb ...\r\nUnpacking libassuan0:amd64 (2.5.3-7.1) ...\r\nSelecting previously unselected package gpgconf.\r\nPreparing to unpack .../01-gpgconf_2.2.27-2+deb11u2_amd64.deb ...\r\nUnpacking gpgconf (2.2.27-2+deb11u2) ...\r\nSelecting previously unselected package libksba8:amd64.\r\nPreparing to unpack .../02-libksba8_1.5.0-3+deb11u2_amd64.deb ...\r\nUnpacking libksba8:amd64 (1.5.0-3+deb11u2) ...\r\nSelecting previously unselected package libsasl2-modules-db:amd64.\r\nPreparing to unpack .../03-libsasl2-modules-db_2.1.27+dfsg-2.1+deb11u1_amd64.deb ...\r\nUnpacking libsasl2-modules-db:amd64 (2.1.27+dfsg-2.1+deb11u1) ...\r\nSelecting previously unselected package libsasl2-2:amd64.\r\nPreparing to unpack .../04-libsasl2-2_2.1.27+dfsg-2.1+deb11u1_amd64.deb ...\r\nUnpacking libsasl2-2:amd64 (2.1.27+dfsg-2.1+deb11u1) ...\r\nSelecting previously unselected package libldap-2.4-2:amd64.\r\nPreparing to unpack .../05-libldap-2.4-2_2.4.57+dfsg-3+deb11u1_amd64.deb ...\r\nUnpacking libldap-2.4-2:amd64 (2.4.57+dfsg-3+deb11u1) ...\r\nSelecting previously unselected package libnpth0:amd64.\r\nPreparing to unpack .../06-libnpth0_1.6-3_amd64.deb ...\r\nUnpacking libnpth0:amd64 (1.6-3) ...\r\nSelecting previously unselected package dirmngr.\r\nPreparing to unpack .../07-dirmngr_2.2.27-2+deb11u2_amd64.deb ...\r\nUnpacking dirmngr (2.2.27-2+deb11u2) ...\r\nSelecting previously unselected package gnupg-l10n.\r\nPreparing to unpack .../08-gnupg-l10n_2.2.27-2+deb11u2_all.deb ...\r\nUnpacking gnupg-l10n (2.2.27-2+deb11u2) ...\r\nSelecting previously unselected package gnupg-utils.\r\nPreparing to unpack .../09-gnupg-utils_2.2.27-2+deb11u2_amd64.deb ...\r\nUnpacking gnupg-utils (2.2.27-2+deb11u2) ...\r\nSelecting previously unselected package gpg.\r\nPreparing to unpack .../10-gpg_2.2.27-2+deb11u2_amd64.deb ...\r\nUnpacking gpg (2.2.27-2+deb11u2) ...\r\nSelecting previously unselected package pinentry-curses.\r\nPreparing to unpack .../11-pinentry-curses_1.1.0-4_amd64.deb ...\r\nUnpacking pinentry-curses (1.1.0-4) ...\r\nSelecting previously unselected package gpg-agent.\r\nPreparing to unpack .../12-gpg-agent_2.2.27-2+deb11u2_amd64.deb ...\r\nUnpacking gpg-agent (2.2.27-2+deb11u2) ...\r\nSelecting previously unselected package gpg-wks-client.\r\nPreparing to unpack .../13-gpg-wks-client_2.2.27-2+deb11u2_amd64.deb ...\r\nUnpacking gpg-wks-client (2.2.27-2+deb11u2) ...\r\nSelecting previously unselected package gpg-wks-server.\r\nPreparing to unpack .../14-gpg-wks-server_2.2.27-2+deb11u2_amd64.deb ...\r\nUnpacking gpg-wks-server (2.2.27-2+deb11u2) ...\r\nSelecting previously unselected package gpgsm.\r\nPreparing to unpack .../15-gpgsm_2.2.27-2+deb11u2_amd64.deb ...\r\nUnpacking gpgsm (2.2.27-2+deb11u2) ...\r\nSelecting previously unselected package gnupg.\r\nPreparing to unpack .../16-gnupg_2.2.27-2+deb11u2_all.deb ...\r\nUnpacking gnupg (2.2.27-2+deb11u2) ...\r\nSelecting previously unselected package libldap-common.\r\nPreparing to unpack .../17-libldap-common_2.4.57+dfsg-3+deb11u1_all.deb ...\r\nUnpacking libldap-common (2.4.57+dfsg-3+deb11u1) ...\r\nSelecting previously unselected package libsasl2-modules:amd64.\r\nPreparing to unpack .../18-libsasl2-modules_2.1.27+dfsg-2.1+deb11u1_amd64.deb ...\r\nUnpacking libsasl2-modules:amd64 (2.1.27+dfsg-2.1+deb11u1) ...\r\nSetting up libksba8:amd64 (1.5.0-3+deb11u2) ...\r\nSetting up libsasl2-modules:amd64 (2.1.27+dfsg-2.1+deb11u1) ...\r\nSetting up libnpth0:amd64 (1.6-3) ...\r\nSetting up libassuan0:amd64 (2.5.3-7.1) ...\r\nSetting up libldap-common (2.4.57+dfsg-3+deb11u1) ...\r\nSetting up libsasl2-modules-db:amd64 (2.1.27+dfsg-2.1+deb11u1) ...\r\nSetting up gnupg-l10n (2.2.27-2+deb11u2) ...\r\nSetting up libsasl2-2:amd64 (2.1.27+dfsg-2.1+deb11u1) ...\r\nSetting up gpgconf (2.2.27-2+deb11u2) ...\r\nSetting up gpg (2.2.27-2+deb11u2) ...\r\nSetting up gnupg-utils (2.2.27-2+deb11u2) ...\r\nSetting up pinentry-curses (1.1.0-4) ...\r\nSetting up gpg-agent (2.2.27-2+deb11u2) ...\r\nSetting up gpgsm (2.2.27-2+deb11u2) ...\r\nSetting up libldap-2.4-2:amd64 (2.4.57+dfsg-3+deb11u1) ...\r\nSetting up dirmngr (2.2.27-2+deb11u2) ...\r\nSetting up gpg-wks-server (2.2.27-2+deb11u2) ...\r\nSetting up gpg-wks-client (2.2.27-2+deb11u2) ...\r\nSetting up gnupg (2.2.27-2+deb11u2) ...\r\nProcessing triggers for libc-bin (2.31-13+deb11u5) ...\r\n\u001b[91mWarning: apt-key is deprecated. Manage keyring files in trusted.gpg.d instead (see apt-key(8)).\n\u001b[0mOK\nReading package lists...\nBuilding dependency tree...\nReading state information...\nThe following additional packages will be installed:\n  binutils binutils-common binutils-x86-64-linux-gnu bzip2 cpp cpp-10 dpkg-dev\n  fakeroot fontconfig-config fonts-dejavu-core g++ g++-10 gcc gcc-10\n  libalgorithm-diff-perl libalgorithm-diff-xs-perl libalgorithm-merge-perl\n  libasan6 libatomic1 libbinutils libbrotli1 libbsd0 libc-dev-bin\n  libc-devtools libc6-dev libcc1-0 libcrypt-dev libctf-nobfd0 libctf0\n  libdeflate0 libdpkg-perl libfakeroot libfile-fcntllock-perl libfontconfig1\n  libfreetype6 libgcc-10-dev libgd3 libgdbm-compat4 libgomp1 libisl23 libitm1\n  libjbig0 libjpeg62-turbo liblocale-gettext-perl liblsan0 libmd0 libmpc3\n  libmpfr6 libnsl-dev libperl5.32 libpng16-16 libquadmath0 libstdc++-10-dev\n  libtiff5 libtirpc-dev libtsan0 libubsan1 libwebp6 libx11-6 libx11-data\n  libxau6 libxcb1 libxdmcp6 libxpm4 linux-libc-dev make manpages manpages-dev\n  patch perl perl-modules-5.32 sensible-utils ucf xz-utils\nSuggested packages:\n  binutils-doc bzip2-doc cpp-doc gcc-10-locales debian-keyring g++-multilib\n  g++-10-multilib gcc-10-doc gcc-multilib autoconf automake libtool flex bison\n  gdb gcc-doc gcc-10-multilib glibc-doc git bzr libgd-tools libstdc++-10-doc\n  make-doc man-browser ed diffutils-doc perl-doc libterm-readline-gnu-perl\n  | libterm-readline-perl-perl libtap-harness-archive-perl\nThe following NEW packages will be installed:\n  binutils binutils-common binutils-x86-64-linux-gnu build-essential bzip2 cpp\n  cpp-10 dpkg-dev fakeroot fontconfig-config fonts-dejavu-core g++ g++-10 gcc\n  gcc-10 libalgorithm-diff-perl libalgorithm-diff-xs-perl\n  libalgorithm-merge-perl libasan6 libatomic1 libbinutils libbrotli1 libbsd0\n  libc-dev-bin libc-devtools libc6-dev libcc1-0 libcrypt-dev libctf-nobfd0\n  libctf0 libdeflate0 libdpkg-perl libfakeroot libfile-fcntllock-perl\n  libfontconfig1 libfreetype6 libgcc-10-dev libgd3 libgdbm-compat4 libgomp1\n  libisl23 libitm1 libjbig0 libjpeg62-turbo liblocale-gettext-perl liblsan0\n  libmd0 libmpc3 libmpfr6 libnsl-dev libperl5.32 libpng16-16 libquadmath0\n  libstdc++-10-dev libtiff5 libtirpc-dev libtsan0 libubsan1 libwebp6 libx11-6\n  libx11-data libxau6 libxcb1 libxdmcp6 libxpm4 linux-libc-dev make manpages\n  manpages-dev patch perl perl-modules-5.32 sensible-utils ucf xz-utils\n0 upgraded, 75 newly installed, 0 to remove and 0 not upgraded.\nNeed to get 78.4 MB of archives.\nAfter this operation, 295 MB of additional disk space will be used.\nGet:1 http://deb.debian.org/debian bullseye/main amd64 perl-modules-5.32 all 5.32.1-4+deb11u2 [2823 kB]\nGet:2 http://deb.debian.org/debian bullseye/main amd64 libgdbm-compat4 amd64 1.19-2 [44.7 kB]\nGet:3 http://deb.debian.org/debian bullseye/main amd64 libperl5.32 amd64 5.32.1-4+deb11u2 [4106 kB]\nGet:4 http://deb.debian.org/debian bullseye/main amd64 perl amd64 5.32.1-4+deb11u2 [293 kB]\nGet:5 http://deb.debian.org/debian bullseye/main amd64 liblocale-gettext-perl amd64 1.07-4+b1 [19.0 kB]\nGet:6 http://deb.debian.org/debian bullseye/main amd64 sensible-utils all 0.0.14 [14.8 kB]\nGet:7 http://deb.debian.org/debian bullseye/main amd64 bzip2 amd64 1.0.8-4 [49.3 kB]\nGet:8 http://deb.debian.org/debian bullseye/main amd64 manpages all 5.10-1 [1412 kB]\nGet:9 http://deb.debian.org/debian bullseye/main amd64 ucf all 3.0043 [74.0 kB]\nGet:10 http://deb.debian.org/debian bullseye/main amd64 xz-utils amd64 5.2.5-2.1~deb11u1 [220 kB]\nGet:11 http://deb.debian.org/debian bullseye/main amd64 binutils-common amd64 2.35.2-2 [2220 kB]\nGet:12 http://deb.debian.org/debian bullseye/main amd64 libbinutils amd64 2.35.2-2 [570 kB]\nGet:13 http://deb.debian.org/debian bullseye/main amd64 libctf-nobfd0 amd64 2.35.2-2 [110 kB]\nGet:14 http://deb.debian.org/debian bullseye/main amd64 libctf0 amd64 2.35.2-2 [53.2 kB]\nGet:15 http://deb.debian.org/debian bullseye/main amd64 binutils-x86-64-linux-gnu amd64 2.35.2-2 [1809 kB]\nGet:16 http://deb.debian.org/debian bullseye/main amd64 binutils amd64 2.35.2-2 [61.2 kB]\nGet:17 http://deb.debian.org/debian bullseye/main amd64 libc-dev-bin amd64 2.31-13+deb11u5 [276 kB]\nGet:18 http://deb.debian.org/debian bullseye/main amd64 linux-libc-dev amd64 5.10.158-2 [1571 kB]\nGet:19 http://deb.debian.org/debian bullseye/main amd64 libcrypt-dev amd64 1:4.4.18-4 [104 kB]\nGet:20 http://deb.debian.org/debian bullseye/main amd64 libtirpc-dev amd64 1.3.1-1+deb11u1 [191 kB]\nGet:21 http://deb.debian.org/debian bullseye/main amd64 libnsl-dev amd64 1.3.0-2 [66.4 kB]\nGet:22 http://deb.debian.org/debian bullseye/main amd64 libc6-dev amd64 2.31-13+deb11u5 [2359 kB]\nGet:23 http://deb.debian.org/debian bullseye/main amd64 libisl23 amd64 0.23-1 [676 kB]\nGet:24 http://deb.debian.org/debian bullseye/main amd64 libmpfr6 amd64 4.1.0-3 [2012 kB]\nGet:25 http://deb.debian.org/debian bullseye/main amd64 libmpc3 amd64 1.2.0-1 [45.0 kB]\nGet:26 http://deb.debian.org/debian bullseye/main amd64 cpp-10 amd64 10.2.1-6 [8528 kB]\nGet:27 http://deb.debian.org/debian bullseye/main amd64 cpp amd64 4:10.2.1-1 [19.7 kB]\nGet:28 http://deb.debian.org/debian bullseye/main amd64 libcc1-0 amd64 10.2.1-6 [47.0 kB]\nGet:29 http://deb.debian.org/debian bullseye/main amd64 libgomp1 amd64 10.2.1-6 [99.9 kB]\nGet:30 http://deb.debian.org/debian bullseye/main amd64 libitm1 amd64 10.2.1-6 [25.8 kB]\nGet:31 http://deb.debian.org/debian bullseye/main amd64 libatomic1 amd64 10.2.1-6 [9008 B]\nGet:32 http://deb.debian.org/debian bullseye/main amd64 libasan6 amd64 10.2.1-6 [2065 kB]\nGet:33 http://deb.debian.org/debian bullseye/main amd64 liblsan0 amd64 10.2.1-6 [828 kB]\nGet:34 http://deb.debian.org/debian bullseye/main amd64 libtsan0 amd64 10.2.1-6 [2000 kB]\nGet:35 http://deb.debian.org/debian bullseye/main amd64 libubsan1 amd64 10.2.1-6 [777 kB]\nGet:36 http://deb.debian.org/debian bullseye/main amd64 libquadmath0 amd64 10.2.1-6 [145 kB]\nGet:37 http://deb.debian.org/debian bullseye/main amd64 libgcc-10-dev amd64 10.2.1-6 [2328 kB]\nGet:38 http://deb.debian.org/debian bullseye/main amd64 gcc-10 amd64 10.2.1-6 [17.0 MB]\nGet:39 http://deb.debian.org/debian bullseye/main amd64 gcc amd64 4:10.2.1-1 [5192 B]\nGet:40 http://deb.debian.org/debian bullseye/main amd64 libstdc++-10-dev amd64 10.2.1-6 [1741 kB]\nGet:41 http://deb.debian.org/debian bullseye/main amd64 g++-10 amd64 10.2.1-6 [9380 kB]\nGet:42 http://deb.debian.org/debian bullseye/main amd64 g++ amd64 4:10.2.1-1 [1644 B]\nGet:43 http://deb.debian.org/debian bullseye/main amd64 make amd64 4.3-4.1 [396 kB]\nGet:44 http://deb.debian.org/debian bullseye/main amd64 libdpkg-perl all 1.20.12 [1551 kB]\nGet:45 http://deb.debian.org/debian bullseye/main amd64 patch amd64 2.7.6-7 [128 kB]\nGet:46 http://deb.debian.org/debian bullseye/main amd64 dpkg-dev all 1.20.12 [2312 kB]\nGet:47 http://deb.debian.org/debian bullseye/main amd64 build-essential amd64 12.9 [7704 B]\nGet:48 http://deb.debian.org/debian bullseye/main amd64 libfakeroot amd64 1.25.3-1.1 [47.0 kB]\nGet:49 http://deb.debian.org/debian bullseye/main amd64 fakeroot amd64 1.25.3-1.1 [87.0 kB]\nGet:50 http://deb.debian.org/debian bullseye/main amd64 fonts-dejavu-core all 2.37-2 [1069 kB]\nGet:51 http://deb.debian.org/debian bullseye/main amd64 fontconfig-config all 2.13.1-4.2 [281 kB]\nGet:52 http://deb.debian.org/debian bullseye/main amd64 libalgorithm-diff-perl all 1.201-1 [43.3 kB]\nGet:53 http://deb.debian.org/debian bullseye/main amd64 libalgorithm-diff-xs-perl amd64 0.04-6+b1 [12.0 kB]\nGet:54 http://deb.debian.org/debian bullseye/main amd64 libalgorithm-merge-perl all 0.08-3 [12.7 kB]\nGet:55 http://deb.debian.org/debian bullseye/main amd64 libbrotli1 amd64 1.0.9-2+b2 [279 kB]\nGet:56 http://deb.debian.org/debian bullseye/main amd64 libmd0 amd64 1.0.3-3 [28.0 kB]\nGet:57 http://deb.debian.org/debian bullseye/main amd64 libbsd0 amd64 0.11.3-1 [108 kB]\nGet:58 http://deb.debian.org/debian bullseye/main amd64 libpng16-16 amd64 1.6.37-3 [294 kB]\nGet:59 http://deb.debian.org/debian bullseye/main amd64 libfreetype6 amd64 2.10.4+dfsg-1+deb11u1 [418 kB]\nGet:60 http://deb.debian.org/debian bullseye/main amd64 libfontconfig1 amd64 2.13.1-4.2 [347 kB]\nGet:61 http://deb.debian.org/debian bullseye/main amd64 libjpeg62-turbo amd64 1:2.0.6-4 [151 kB]\nGet:62 http://deb.debian.org/debian bullseye/main amd64 libdeflate0 amd64 1.7-1 [53.1 kB]\nGet:63 http://deb.debian.org/debian bullseye/main amd64 libjbig0 amd64 2.1-3.1+b2 [31.0 kB]\nGet:64 http://deb.debian.org/debian bullseye/main amd64 libwebp6 amd64 0.6.1-2.1 [258 kB]\nGet:65 http://deb.debian.org/debian bullseye/main amd64 libtiff5 amd64 4.2.0-1+deb11u1 [289 kB]\nGet:66 http://deb.debian.org/debian bullseye/main amd64 libxau6 amd64 1:1.0.9-1 [19.7 kB]\nGet:67 http://deb.debian.org/debian bullseye/main amd64 libxdmcp6 amd64 1:1.1.2-3 [26.3 kB]\nGet:68 http://deb.debian.org/debian bullseye/main amd64 libxcb1 amd64 1.14-3 [140 kB]\nGet:69 http://deb.debian.org/debian bullseye/main amd64 libx11-data all 2:1.7.2-1 [311 kB]\nGet:70 http://deb.debian.org/debian bullseye/main amd64 libx11-6 amd64 2:1.7.2-1 [772 kB]\nGet:71 http://deb.debian.org/debian bullseye/main amd64 libxpm4 amd64 1:3.5.12-1 [49.1 kB]\nGet:72 http://deb.debian.org/debian bullseye/main amd64 libgd3 amd64 2.3.0-2 [137 kB]\nGet:73 http://deb.debian.org/debian bullseye/main amd64 libc-devtools amd64 2.31-13+deb11u5 [246 kB]\nGet:74 http://deb.debian.org/debian bullseye/main amd64 libfile-fcntllock-perl amd64 0.22-3+b7 [35.5 kB]\nGet:75 http://deb.debian.org/debian bullseye/main amd64 manpages-dev all 5.10-1 [2309 kB]\n\u001b[91mdebconf: delaying package configuration, since apt-utils is not installed\n\u001b[0mFetched 78.4 MB in 1s (52.7 MB/s)\nSelecting previously unselected package perl-modules-5.32.\r\n(Reading database ... \r(Reading database ... 5%\r(Reading database ... 10%\r(Reading database ... 15%\r(Reading database ... 20%\r(Reading database ... 25%\r(Reading database ... 30%\r(Reading database ... 35%\r(Reading database ... 40%\r(Reading database ... 45%\r(Reading database ... 50%\r(Reading database ... 55%\r(Reading database ... 60%\r(Reading database ... 65%\r(Reading database ... 70%\r(Reading database ... 75%\r(Reading database ... 80%\r(Reading database ... 85%\r(Reading database ... 90%\r(Reading database ... 95%\r(Reading database ... 100%\r(Reading database ... 8182 files and directories currently installed.)\r\nPreparing to unpack .../00-perl-modules-5.32_5.32.1-4+deb11u2_all.deb ...\r\nUnpacking perl-modules-5.32 (5.32.1-4+deb11u2) ...\r\nSelecting previously unselected package libgdbm-compat4:amd64.\r\nPreparing to unpack .../01-libgdbm-compat4_1.19-2_amd64.deb ...\r\nUnpacking libgdbm-compat4:amd64 (1.19-2) ...\r\nSelecting previously unselected package libperl5.32:amd64.\r\nPreparing to unpack .../02-libperl5.32_5.32.1-4+deb11u2_amd64.deb ...\r\nUnpacking libperl5.32:amd64 (5.32.1-4+deb11u2) ...\r\nSelecting previously unselected package perl.\r\nPreparing to unpack .../03-perl_5.32.1-4+deb11u2_amd64.deb ...\r\nUnpacking perl (5.32.1-4+deb11u2) ...\r\nSelecting previously unselected package liblocale-gettext-perl.\r\nPreparing to unpack .../04-liblocale-gettext-perl_1.07-4+b1_amd64.deb ...\r\nUnpacking liblocale-gettext-perl (1.07-4+b1) ...\r\nSelecting previously unselected package sensible-utils.\r\nPreparing to unpack .../05-sensible-utils_0.0.14_all.deb ...\r\nUnpacking sensible-utils (0.0.14) ...\r\nSelecting previously unselected package bzip2.\r\nPreparing to unpack .../06-bzip2_1.0.8-4_amd64.deb ...\r\nUnpacking bzip2 (1.0.8-4) ...\r\nSelecting previously unselected package manpages.\r\nPreparing to unpack .../07-manpages_5.10-1_all.deb ...\r\nUnpacking manpages (5.10-1) ...\r\nSelecting previously unselected package ucf.\r\nPreparing to unpack .../08-ucf_3.0043_all.deb ...\r\nMoving old data out of the way\r\nUnpacking ucf (3.0043) ...\r\nSelecting previously unselected package xz-utils.\r\nPreparing to unpack .../09-xz-utils_5.2.5-2.1~deb11u1_amd64.deb ...\r\nUnpacking xz-utils (5.2.5-2.1~deb11u1) ...\r\nSelecting previously unselected package binutils-common:amd64.\r\nPreparing to unpack .../10-binutils-common_2.35.2-2_amd64.deb ...\r\nUnpacking binutils-common:amd64 (2.35.2-2) ...\r\nSelecting previously unselected package libbinutils:amd64.\r\nPreparing to unpack .../11-libbinutils_2.35.2-2_amd64.deb ...\r\nUnpacking libbinutils:amd64 (2.35.2-2) ...\r\nSelecting previously unselected package libctf-nobfd0:amd64.\r\nPreparing to unpack .../12-libctf-nobfd0_2.35.2-2_amd64.deb ...\r\nUnpacking libctf-nobfd0:amd64 (2.35.2-2) ...\r\nSelecting previously unselected package libctf0:amd64.\r\nPreparing to unpack .../13-libctf0_2.35.2-2_amd64.deb ...\r\nUnpacking libctf0:amd64 (2.35.2-2) ...\r\nSelecting previously unselected package binutils-x86-64-linux-gnu.\r\nPreparing to unpack .../14-binutils-x86-64-linux-gnu_2.35.2-2_amd64.deb ...\r\nUnpacking binutils-x86-64-linux-gnu (2.35.2-2) ...\r\nSelecting previously unselected package binutils.\r\nPreparing to unpack .../15-binutils_2.35.2-2_amd64.deb ...\r\nUnpacking binutils (2.35.2-2) ...\r\nSelecting previously unselected package libc-dev-bin.\r\nPreparing to unpack .../16-libc-dev-bin_2.31-13+deb11u5_amd64.deb ...\r\nUnpacking libc-dev-bin (2.31-13+deb11u5) ...\r\nSelecting previously unselected package linux-libc-dev:amd64.\r\nPreparing to unpack .../17-linux-libc-dev_5.10.158-2_amd64.deb ...\r\nUnpacking linux-libc-dev:amd64 (5.10.158-2) ...\r\nSelecting previously unselected package libcrypt-dev:amd64.\r\nPreparing to unpack .../18-libcrypt-dev_1%3a4.4.18-4_amd64.deb ...\r\nUnpacking libcrypt-dev:amd64 (1:4.4.18-4) ...\r\nSelecting previously unselected package libtirpc-dev:amd64.\r\nPreparing to unpack .../19-libtirpc-dev_1.3.1-1+deb11u1_amd64.deb ...\r\nUnpacking libtirpc-dev:amd64 (1.3.1-1+deb11u1) ...\r\nSelecting previously unselected package libnsl-dev:amd64.\r\nPreparing to unpack .../20-libnsl-dev_1.3.0-2_amd64.deb ...\r\nUnpacking libnsl-dev:amd64 (1.3.0-2) ...\r\nSelecting previously unselected package libc6-dev:amd64.\r\nPreparing to unpack .../21-libc6-dev_2.31-13+deb11u5_amd64.deb ...\r\nUnpacking libc6-dev:amd64 (2.31-13+deb11u5) ...\r\nSelecting previously unselected package libisl23:amd64.\r\nPreparing to unpack .../22-libisl23_0.23-1_amd64.deb ...\r\nUnpacking libisl23:amd64 (0.23-1) ...\r\nSelecting previously unselected package libmpfr6:amd64.\r\nPreparing to unpack .../23-libmpfr6_4.1.0-3_amd64.deb ...\r\nUnpacking libmpfr6:amd64 (4.1.0-3) ...\r\nSelecting previously unselected package libmpc3:amd64.\r\nPreparing to unpack .../24-libmpc3_1.2.0-1_amd64.deb ...\r\nUnpacking libmpc3:amd64 (1.2.0-1) ...\r\nSelecting previously unselected package cpp-10.\r\nPreparing to unpack .../25-cpp-10_10.2.1-6_amd64.deb ...\r\nUnpacking cpp-10 (10.2.1-6) ...\r\nSelecting previously unselected package cpp.\r\nPreparing to unpack .../26-cpp_4%3a10.2.1-1_amd64.deb ...\r\nUnpacking cpp (4:10.2.1-1) ...\r\nSelecting previously unselected package libcc1-0:amd64.\r\nPreparing to unpack .../27-libcc1-0_10.2.1-6_amd64.deb ...\r\nUnpacking libcc1-0:amd64 (10.2.1-6) ...\r\nSelecting previously unselected package libgomp1:amd64.\r\nPreparing to unpack .../28-libgomp1_10.2.1-6_amd64.deb ...\r\nUnpacking libgomp1:amd64 (10.2.1-6) ...\r\nSelecting previously unselected package libitm1:amd64.\r\nPreparing to unpack .../29-libitm1_10.2.1-6_amd64.deb ...\r\nUnpacking libitm1:amd64 (10.2.1-6) ...\r\nSelecting previously unselected package libatomic1:amd64.\r\nPreparing to unpack .../30-libatomic1_10.2.1-6_amd64.deb ...\r\nUnpacking libatomic1:amd64 (10.2.1-6) ...\r\nSelecting previously unselected package libasan6:amd64.\r\nPreparing to unpack .../31-libasan6_10.2.1-6_amd64.deb ...\r\nUnpacking libasan6:amd64 (10.2.1-6) ...\r\nSelecting previously unselected package liblsan0:amd64.\r\nPreparing to unpack .../32-liblsan0_10.2.1-6_amd64.deb ...\r\nUnpacking liblsan0:amd64 (10.2.1-6) ...\r\nSelecting previously unselected package libtsan0:amd64.\r\nPreparing to unpack .../33-libtsan0_10.2.1-6_amd64.deb ...\r\nUnpacking libtsan0:amd64 (10.2.1-6) ...\r\nSelecting previously unselected package libubsan1:amd64.\r\nPreparing to unpack .../34-libubsan1_10.2.1-6_amd64.deb ...\r\nUnpacking libubsan1:amd64 (10.2.1-6) ...\r\nSelecting previously unselected package libquadmath0:amd64.\r\nPreparing to unpack .../35-libquadmath0_10.2.1-6_amd64.deb ...\r\nUnpacking libquadmath0:amd64 (10.2.1-6) ...\r\nSelecting previously unselected package libgcc-10-dev:amd64.\r\nPreparing to unpack .../36-libgcc-10-dev_10.2.1-6_amd64.deb ...\r\nUnpacking libgcc-10-dev:amd64 (10.2.1-6) ...\r\nSelecting previously unselected package gcc-10.\r\nPreparing to unpack .../37-gcc-10_10.2.1-6_amd64.deb ...\r\nUnpacking gcc-10 (10.2.1-6) ...\r\nSelecting previously unselected package gcc.\r\nPreparing to unpack .../38-gcc_4%3a10.2.1-1_amd64.deb ...\r\nUnpacking gcc (4:10.2.1-1) ...\r\nSelecting previously unselected package libstdc++-10-dev:amd64.\r\nPreparing to unpack .../39-libstdc++-10-dev_10.2.1-6_amd64.deb ...\r\nUnpacking libstdc++-10-dev:amd64 (10.2.1-6) ...\r\nSelecting previously unselected package g++-10.\r\nPreparing to unpack .../40-g++-10_10.2.1-6_amd64.deb ...\r\nUnpacking g++-10 (10.2.1-6) ...\r\nSelecting previously unselected package g++.\r\nPreparing to unpack .../41-g++_4%3a10.2.1-1_amd64.deb ...\r\nUnpacking g++ (4:10.2.1-1) ...\r\nSelecting previously unselected package make.\r\nPreparing to unpack .../42-make_4.3-4.1_amd64.deb ...\r\nUnpacking make (4.3-4.1) ...\r\nSelecting previously unselected package libdpkg-perl.\r\nPreparing to unpack .../43-libdpkg-perl_1.20.12_all.deb ...\r\nUnpacking libdpkg-perl (1.20.12) ...\r\nSelecting previously unselected package patch.\r\nPreparing to unpack .../44-patch_2.7.6-7_amd64.deb ...\r\nUnpacking patch (2.7.6-7) ...\r\nSelecting previously unselected package dpkg-dev.\r\nPreparing to unpack .../45-dpkg-dev_1.20.12_all.deb ...\r\nUnpacking dpkg-dev (1.20.12) ...\r\nSelecting previously unselected package build-essential.\r\nPreparing to unpack .../46-build-essential_12.9_amd64.deb ...\r\nUnpacking build-essential (12.9) ...\r\nSelecting previously unselected package libfakeroot:amd64.\r\nPreparing to unpack .../47-libfakeroot_1.25.3-1.1_amd64.deb ...\r\nUnpacking libfakeroot:amd64 (1.25.3-1.1) ...\r\nSelecting previously unselected package fakeroot.\r\nPreparing to unpack .../48-fakeroot_1.25.3-1.1_amd64.deb ...\r\nUnpacking fakeroot (1.25.3-1.1) ...\r\nSelecting previously unselected package fonts-dejavu-core.\r\nPreparing to unpack .../49-fonts-dejavu-core_2.37-2_all.deb ...\r\nUnpacking fonts-dejavu-core (2.37-2) ...\r\nSelecting previously unselected package fontconfig-config.\r\nPreparing to unpack .../50-fontconfig-config_2.13.1-4.2_all.deb ...\r\nUnpacking fontconfig-config (2.13.1-4.2) ...\r\nSelecting previously unselected package libalgorithm-diff-perl.\r\nPreparing to unpack .../51-libalgorithm-diff-perl_1.201-1_all.deb ...\r\nUnpacking libalgorithm-diff-perl (1.201-1) ...\r\nSelecting previously unselected package libalgorithm-diff-xs-perl.\r\nPreparing to unpack .../52-libalgorithm-diff-xs-perl_0.04-6+b1_amd64.deb ...\r\nUnpacking libalgorithm-diff-xs-perl (0.04-6+b1) ...\r\nSelecting previously unselected package libalgorithm-merge-perl.\r\nPreparing to unpack .../53-libalgorithm-merge-perl_0.08-3_all.deb ...\r\nUnpacking libalgorithm-merge-perl (0.08-3) ...\r\nSelecting previously unselected package libbrotli1:amd64.\r\nPreparing to unpack .../54-libbrotli1_1.0.9-2+b2_amd64.deb ...\r\nUnpacking libbrotli1:amd64 (1.0.9-2+b2) ...\r\nSelecting previously unselected package libmd0:amd64.\r\nPreparing to unpack .../55-libmd0_1.0.3-3_amd64.deb ...\r\nUnpacking libmd0:amd64 (1.0.3-3) ...\r\nSelecting previously unselected package libbsd0:amd64.\r\nPreparing to unpack .../56-libbsd0_0.11.3-1_amd64.deb ...\r\nUnpacking libbsd0:amd64 (0.11.3-1) ...\r\nSelecting previously unselected package libpng16-16:amd64.\r\nPreparing to unpack .../57-libpng16-16_1.6.37-3_amd64.deb ...\r\nUnpacking libpng16-16:amd64 (1.6.37-3) ...\r\nSelecting previously unselected package libfreetype6:amd64.\r\nPreparing to unpack .../58-libfreetype6_2.10.4+dfsg-1+deb11u1_amd64.deb ...\r\nUnpacking libfreetype6:amd64 (2.10.4+dfsg-1+deb11u1) ...\r\nSelecting previously unselected package libfontconfig1:amd64.\r\nPreparing to unpack .../59-libfontconfig1_2.13.1-4.2_amd64.deb ...\r\nUnpacking libfontconfig1:amd64 (2.13.1-4.2) ...\r\nSelecting previously unselected package libjpeg62-turbo:amd64.\r\nPreparing to unpack .../60-libjpeg62-turbo_1%3a2.0.6-4_amd64.deb ...\r\nUnpacking libjpeg62-turbo:amd64 (1:2.0.6-4) ...\r\nSelecting previously unselected package libdeflate0:amd64.\r\nPreparing to unpack .../61-libdeflate0_1.7-1_amd64.deb ...\r\nUnpacking libdeflate0:amd64 (1.7-1) ...\r\nSelecting previously unselected package libjbig0:amd64.\r\nPreparing to unpack .../62-libjbig0_2.1-3.1+b2_amd64.deb ...\r\nUnpacking libjbig0:amd64 (2.1-3.1+b2) ...\r\nSelecting previously unselected package libwebp6:amd64.\r\nPreparing to unpack .../63-libwebp6_0.6.1-2.1_amd64.deb ...\r\nUnpacking libwebp6:amd64 (0.6.1-2.1) ...\r\nSelecting previously unselected package libtiff5:amd64.\r\nPreparing to unpack .../64-libtiff5_4.2.0-1+deb11u1_amd64.deb ...\r\nUnpacking libtiff5:amd64 (4.2.0-1+deb11u1) ...\r\nSelecting previously unselected package libxau6:amd64.\r\nPreparing to unpack .../65-libxau6_1%3a1.0.9-1_amd64.deb ...\r\nUnpacking libxau6:amd64 (1:1.0.9-1) ...\r\nSelecting previously unselected package libxdmcp6:amd64.\r\nPreparing to unpack .../66-libxdmcp6_1%3a1.1.2-3_amd64.deb ...\r\nUnpacking libxdmcp6:amd64 (1:1.1.2-3) ...\r\nSelecting previously unselected package libxcb1:amd64.\r\nPreparing to unpack .../67-libxcb1_1.14-3_amd64.deb ...\r\nUnpacking libxcb1:amd64 (1.14-3) ...\r\nSelecting previously unselected package libx11-data.\r\nPreparing to unpack .../68-libx11-data_2%3a1.7.2-1_all.deb ...\r\nUnpacking libx11-data (2:1.7.2-1) ...\r\nSelecting previously unselected package libx11-6:amd64.\r\nPreparing to unpack .../69-libx11-6_2%3a1.7.2-1_amd64.deb ...\r\nUnpacking libx11-6:amd64 (2:1.7.2-1) ...\r\nSelecting previously unselected package libxpm4:amd64.\r\nPreparing to unpack .../70-libxpm4_1%3a3.5.12-1_amd64.deb ...\r\nUnpacking libxpm4:amd64 (1:3.5.12-1) ...\r\nSelecting previously unselected package libgd3:amd64.\r\nPreparing to unpack .../71-libgd3_2.3.0-2_amd64.deb ...\r\nUnpacking libgd3:amd64 (2.3.0-2) ...\r\nSelecting previously unselected package libc-devtools.\r\nPreparing to unpack .../72-libc-devtools_2.31-13+deb11u5_amd64.deb ...\r\nUnpacking libc-devtools (2.31-13+deb11u5) ...\r\nSelecting previously unselected package libfile-fcntllock-perl.\r\nPreparing to unpack .../73-libfile-fcntllock-perl_0.22-3+b7_amd64.deb ...\r\nUnpacking libfile-fcntllock-perl (0.22-3+b7) ...\r\nSelecting previously unselected package manpages-dev.\r\nPreparing to unpack .../74-manpages-dev_5.10-1_all.deb ...\r\nUnpacking manpages-dev (5.10-1) ...\r\nSetting up libxau6:amd64 (1:1.0.9-1) ...\r\nSetting up manpages (5.10-1) ...\r\nSetting up perl-modules-5.32 (5.32.1-4+deb11u2) ...\r\nSetting up libbrotli1:amd64 (1.0.9-2+b2) ...\r\nSetting up binutils-common:amd64 (2.35.2-2) ...\r\nSetting up libdeflate0:amd64 (1.7-1) ...\r\nSetting up linux-libc-dev:amd64 (5.10.158-2) ...\r\nSetting up libctf-nobfd0:amd64 (2.35.2-2) ...\r\nSetting up libgomp1:amd64 (10.2.1-6) ...\r\nSetting up bzip2 (1.0.8-4) ...\r\nSetting up libjbig0:amd64 (2.1-3.1+b2) ...\r\nSetting up libfakeroot:amd64 (1.25.3-1.1) ...\r\nSetting up libasan6:amd64 (10.2.1-6) ...\r\nSetting up fakeroot (1.25.3-1.1) ...\r\nupdate-alternatives: using /usr/bin/fakeroot-sysv to provide /usr/bin/fakeroot (fakeroot) in auto mode\r\nupdate-alternatives: warning: skip creation of /usr/share/man/man1/fakeroot.1.gz because associated file /usr/share/man/man1/fakeroot-sysv.1.gz (of link group fakeroot) doesn't exist\r\nupdate-alternatives: warning: skip creation of /usr/share/man/man1/faked.1.gz because associated file /usr/share/man/man1/faked-sysv.1.gz (of link group fakeroot) doesn't exist\r\nupdate-alternatives: warning: skip creation of /usr/share/man/es/man1/fakeroot.1.gz because associated file /usr/share/man/es/man1/fakeroot-sysv.1.gz (of link group fakeroot) doesn't exist\r\nupdate-alternatives: warning: skip creation of /usr/share/man/es/man1/faked.1.gz because associated file /usr/share/man/es/man1/faked-sysv.1.gz (of link group fakeroot) doesn't exist\r\nupdate-alternatives: warning: skip creation of /usr/share/man/fr/man1/fakeroot.1.gz because associated file /usr/share/man/fr/man1/fakeroot-sysv.1.gz (of link group fakeroot) doesn't exist\r\nupdate-alternatives: warning: skip creation of /usr/share/man/fr/man1/faked.1.gz because associated file /usr/share/man/fr/man1/faked-sysv.1.gz (of link group fakeroot) doesn't exist\r\nupdate-alternatives: warning: skip creation of /usr/share/man/sv/man1/fakeroot.1.gz because associated file /usr/share/man/sv/man1/fakeroot-sysv.1.gz (of link group fakeroot) doesn't exist\r\nupdate-alternatives: warning: skip creation of /usr/share/man/sv/man1/faked.1.gz because associated file /usr/share/man/sv/man1/faked-sysv.1.gz (of link group fakeroot) doesn't exist\r\nSetting up libtirpc-dev:amd64 (1.3.1-1+deb11u1) ...\r\nSetting up libjpeg62-turbo:amd64 (1:2.0.6-4) ...\r\nSetting up libx11-data (2:1.7.2-1) ...\r\nSetting up make (4.3-4.1) ...\r\nSetting up libmpfr6:amd64 (4.1.0-3) ...\r\nSetting up xz-utils (5.2.5-2.1~deb11u1) ...\r\nupdate-alternatives: using /usr/bin/xz to provide /usr/bin/lzma (lzma) in auto mode\r\nupdate-alternatives: warning: skip creation of /usr/share/man/man1/lzma.1.gz because associated file /usr/share/man/man1/xz.1.gz (of link group lzma) doesn't exist\r\nupdate-alternatives: warning: skip creation of /usr/share/man/man1/unlzma.1.gz because associated file /usr/share/man/man1/unxz.1.gz (of link group lzma) doesn't exist\r\nupdate-alternatives: warning: skip creation of /usr/share/man/man1/lzcat.1.gz because associated file /usr/share/man/man1/xzcat.1.gz (of link group lzma) doesn't exist\r\nupdate-alternatives: warning: skip creation of /usr/share/man/man1/lzmore.1.gz because associated file /usr/share/man/man1/xzmore.1.gz (of link group lzma) doesn't exist\r\nupdate-alternatives: warning: skip creation of /usr/share/man/man1/lzless.1.gz because associated file /usr/share/man/man1/xzless.1.gz (of link group lzma) doesn't exist\r\nupdate-alternatives: warning: skip creation of /usr/share/man/man1/lzdiff.1.gz because associated file /usr/share/man/man1/xzdiff.1.gz (of link group lzma) doesn't exist\r\nupdate-alternatives: warning: skip creation of /usr/share/man/man1/lzcmp.1.gz because associated file /usr/share/man/man1/xzcmp.1.gz (of link group lzma) doesn't exist\r\nupdate-alternatives: warning: skip creation of /usr/share/man/man1/lzgrep.1.gz because associated file /usr/share/man/man1/xzgrep.1.gz (of link group lzma) doesn't exist\r\nupdate-alternatives: warning: skip creation of /usr/share/man/man1/lzegrep.1.gz because associated file /usr/share/man/man1/xzegrep.1.gz (of link group lzma) doesn't exist\r\nupdate-alternatives: warning: skip creation of /usr/share/man/man1/lzfgrep.1.gz because associated file /usr/share/man/man1/xzfgrep.1.gz (of link group lzma) doesn't exist\r\nSetting up libquadmath0:amd64 (10.2.1-6) ...\r\nSetting up libpng16-16:amd64 (1.6.37-3) ...\r\nSetting up libmpc3:amd64 (1.2.0-1) ...\r\nSetting up libatomic1:amd64 (10.2.1-6) ...\r\nSetting up patch (2.7.6-7) ...\r\nSetting up libwebp6:amd64 (0.6.1-2.1) ...\r\nSetting up fonts-dejavu-core (2.37-2) ...\r\nSetting up libgdbm-compat4:amd64 (1.19-2) ...\r\nSetting up libperl5.32:amd64 (5.32.1-4+deb11u2) ...\r\nSetting up libubsan1:amd64 (10.2.1-6) ...\r\nSetting up libmd0:amd64 (1.0.3-3) ...\r\nSetting up libnsl-dev:amd64 (1.3.0-2) ...\r\nSetting up sensible-utils (0.0.14) ...\r\nSetting up libcrypt-dev:amd64 (1:4.4.18-4) ...\r\nSetting up libtiff5:amd64 (4.2.0-1+deb11u1) ...\r\nSetting up libbinutils:amd64 (2.35.2-2) ...\r\nSetting up libisl23:amd64 (0.23-1) ...\r\nSetting up libc-dev-bin (2.31-13+deb11u5) ...\r\nSetting up libbsd0:amd64 (0.11.3-1) ...\r\nSetting up libcc1-0:amd64 (10.2.1-6) ...\r\nSetting up liblocale-gettext-perl (1.07-4+b1) ...\r\nSetting up liblsan0:amd64 (10.2.1-6) ...\r\nSetting up cpp-10 (10.2.1-6) ...\r\nSetting up libitm1:amd64 (10.2.1-6) ...\r\nSetting up libtsan0:amd64 (10.2.1-6) ...\r\nSetting up libctf0:amd64 (2.35.2-2) ...\r\nSetting up manpages-dev (5.10-1) ...\r\nSetting up libxdmcp6:amd64 (1:1.1.2-3) ...\r\nSetting up libxcb1:amd64 (1.14-3) ...\r\nSetting up libgcc-10-dev:amd64 (10.2.1-6) ...\r\nSetting up perl (5.32.1-4+deb11u2) ...\r\nSetting up libfreetype6:amd64 (2.10.4+dfsg-1+deb11u1) ...\r\nSetting up ucf (3.0043) ...\r\ndebconf: unable to initialize frontend: Dialog\r\ndebconf: (TERM is not set, so the dialog frontend is not usable.)\r\ndebconf: falling back to frontend: Readline\r\nSetting up libdpkg-perl (1.20.12) ...\r\nSetting up cpp (4:10.2.1-1) ...\r\nSetting up libc6-dev:amd64 (2.31-13+deb11u5) ...\r\nSetting up libx11-6:amd64 (2:1.7.2-1) ...\r\nSetting up binutils-x86-64-linux-gnu (2.35.2-2) ...\r\nSetting up libstdc++-10-dev:amd64 (10.2.1-6) ...\r\nSetting up libxpm4:amd64 (1:3.5.12-1) ...\r\nSetting up libfile-fcntllock-perl (0.22-3+b7) ...\r\nSetting up libalgorithm-diff-perl (1.201-1) ...\r\nSetting up fontconfig-config (2.13.1-4.2) ...\r\ndebconf: unable to initialize frontend: Dialog\r\ndebconf: (TERM is not set, so the dialog frontend is not usable.)\r\ndebconf: falling back to frontend: Readline\r\nSetting up binutils (2.35.2-2) ...\r\nSetting up dpkg-dev (1.20.12) ...\r\nSetting up gcc-10 (10.2.1-6) ...\r\nSetting up libfontconfig1:amd64 (2.13.1-4.2) ...\r\nSetting up libalgorithm-diff-xs-perl (0.04-6+b1) ...\r\nSetting up libalgorithm-merge-perl (0.08-3) ...\r\nSetting up g++-10 (10.2.1-6) ...\r\nSetting up gcc (4:10.2.1-1) ...\r\nSetting up libgd3:amd64 (2.3.0-2) ...\r\nSetting up g++ (4:10.2.1-1) ...\r\nupdate-alternatives: using /usr/bin/g++ to provide /usr/bin/c++ (c++) in auto mode\r\nSetting up build-essential (12.9) ...\r\nSetting up libc-devtools (2.31-13+deb11u5) ...\r\nProcessing triggers for libc-bin (2.31-13+deb11u5) ...\r\nReading package lists...\nBuilding dependency tree...\nReading state information...\nThe following additional packages will be installed:\n  cron exim4-base exim4-config exim4-daemon-light gsasl-common guile-2.2-libs\n  libc-l10n libedit2 libevent-2.1-7 libfribidi0 libgc1 libgnutls-dane0 libgpm2\n  libgsasl7 libicu67 libidn11 libllvm11 libltdl7 libmailutils7 libmariadb3\n  libncurses6 libntlm0 libpopt0 libpq5 libpython3.9 libsensors-config\n  libsensors5 libunbound8 libxml2 libxslt1.1 libz3-4 locales logrotate\n  mailutils mailutils-common mariadb-common mysql-common postgresql-13\n  postgresql-client-13 postgresql-client-common postgresql-common psmisc\n  ssl-cert sysstat\nSuggested packages:\n  anacron checksecurity exim4-doc-html | exim4-doc-info eximon4 file\n  spf-tools-perl swaks dns-root-data gpm lm-sensors mailutils-mh mailutils-doc\n  postgresql-doc postgresql-doc-13 libjson-perl isag\nThe following NEW packages will be installed:\n  cron exim4-base exim4-config exim4-daemon-light gsasl-common guile-2.2-libs\n  libc-l10n libedit2 libevent-2.1-7 libfribidi0 libgc1 libgnutls-dane0 libgpm2\n  libgsasl7 libicu67 libidn11 libllvm11 libltdl7 libmailutils7 libmariadb3\n  libncurses6 libntlm0 libpopt0 libpq5 libpython3.9 libsensors-config\n  libsensors5 libunbound8 libxml2 libxslt1.1 libz3-4 locales logrotate\n  mailutils mailutils-common mariadb-common mysql-common postgresql\n  postgresql-13 postgresql-client-13 postgresql-client-common\n  postgresql-common psmisc ssl-cert sysstat\n0 upgraded, 45 newly installed, 0 to remove and 0 not upgraded.\nNeed to get 71.6 MB of archives.\nAfter this operation, 293 MB of additional disk space will be used.\nGet:1 http://deb.debian.org/debian bullseye/main amd64 cron amd64 3.0pl1-137 [99.6 kB]\nGet:2 http://deb.debian.org/debian bullseye/main amd64 libpopt0 amd64 1.18-2 [49.6 kB]\nGet:3 http://deb.debian.org/debian bullseye/main amd64 logrotate amd64 3.18.0-2+deb11u1 [72.7 kB]\nGet:4 http://deb.debian.org/debian bullseye/main amd64 libc-l10n all 2.31-13+deb11u5 [865 kB]\nGet:5 http://deb.debian.org/debian bullseye/main amd64 locales all 2.31-13+deb11u5 [4086 kB]\nGet:6 http://deb.debian.org/debian bullseye/main amd64 exim4-config all 4.94.2-7 [335 kB]\nGet:7 http://deb.debian.org/debian bullseye/main amd64 exim4-base amd64 4.94.2-7 [1175 kB]\nGet:8 http://deb.debian.org/debian bullseye/main amd64 libevent-2.1-7 amd64 2.1.12-stable-1 [188 kB]\nGet:9 http://deb.debian.org/debian bullseye/main amd64 libunbound8 amd64 1.13.1-1 [504 kB]\nGet:10 http://deb.debian.org/debian bullseye/main amd64 libgnutls-dane0 amd64 3.7.1-5+deb11u2 [395 kB]\nGet:11 http://deb.debian.org/debian bullseye/main amd64 libidn11 amd64 1.33-3 [116 kB]\nGet:12 http://deb.debian.org/debian bullseye/main amd64 exim4-daemon-light amd64 4.94.2-7 [658 kB]\nGet:13 http://deb.debian.org/debian bullseye/main amd64 gsasl-common all 1.10.0-4+deb11u1 [175 kB]\nGet:14 http://deb.debian.org/debian bullseye/main amd64 libgc1 amd64 1:8.0.4-3 [239 kB]\nGet:15 http://deb.debian.org/debian bullseye/main amd64 libltdl7 amd64 2.4.6-15 [391 kB]\nGet:16 http://deb.debian.org/debian bullseye/main amd64 guile-2.2-libs amd64 2.2.7+1-6 [4980 kB]\nGet:17 http://deb.debian.org/debian bullseye/main amd64 libedit2 amd64 3.1-20191231-2+b1 [96.7 kB]\nGet:18 http://deb.debian.org/debian bullseye/main amd64 libfribidi0 amd64 1.0.8-2+deb11u1 [64.9 kB]\nGet:19 http://deb.debian.org/debian bullseye/main amd64 libgpm2 amd64 1.20.7-8 [35.6 kB]\nGet:20 http://deb.debian.org/debian bullseye/main amd64 libntlm0 amd64 1.6-3 [84.7 kB]\nGet:21 http://deb.debian.org/debian bullseye/main amd64 libgsasl7 amd64 1.10.0-4+deb11u1 [195 kB]\nGet:22 http://deb.debian.org/debian bullseye/main amd64 libicu67 amd64 67.1-7 [8622 kB]\nGet:23 http://deb.debian.org/debian bullseye/main amd64 libz3-4 amd64 4.8.10-1 [6949 kB]\nGet:24 http://deb.debian.org/debian bullseye/main amd64 libllvm11 amd64 1:11.0.1-2 [17.9 MB]\nGet:25 http://deb.debian.org/debian bullseye/main amd64 mailutils-common all 1:3.10-3 [728 kB]\nGet:26 http://deb.debian.org/debian bullseye/main amd64 mysql-common all 5.8+1.0.7 [7464 B]\nGet:27 http://deb.debian.org/debian bullseye/main amd64 mariadb-common all 1:10.5.18-0+deb11u1 [36.9 kB]\nGet:28 http://deb.debian.org/debian bullseye/main amd64 libmariadb3 amd64 1:10.5.18-0+deb11u1 [176 kB]\nGet:29 http://deb.debian.org/debian bullseye/main amd64 libpython3.9 amd64 3.9.2-1 [1691 kB]\nGet:30 http://deb.debian.org/debian bullseye/main amd64 libmailutils7 amd64 1:3.10-3+b1 [893 kB]\nGet:31 http://deb.debian.org/debian bullseye/main amd64 libncurses6 amd64 6.2+20201114-2 [102 kB]\nGet:32 http://deb.debian.org/debian bullseye/main amd64 libpq5 amd64 13.9-0+deb11u1 [180 kB]\nGet:33 http://deb.debian.org/debian bullseye/main amd64 libsensors-config all 1:3.6.0-7 [32.3 kB]\nGet:34 http://deb.debian.org/debian bullseye/main amd64 libsensors5 amd64 1:3.6.0-7 [52.3 kB]\nGet:35 http://deb.debian.org/debian bullseye/main amd64 libxml2 amd64 2.9.10+dfsg-6.7+deb11u3 [693 kB]\nGet:36 http://deb.debian.org/debian bullseye/main amd64 libxslt1.1 amd64 1.1.34-4+deb11u1 [240 kB]\nGet:37 http://deb.debian.org/debian bullseye/main amd64 mailutils amd64 1:3.10-3+b1 [576 kB]\nGet:38 http://deb.debian.org/debian bullseye/main amd64 postgresql-client-common all 225 [89.3 kB]\nGet:39 http://deb.debian.org/debian bullseye/main amd64 postgresql-client-13 amd64 13.9-0+deb11u1 [1508 kB]\nGet:40 http://deb.debian.org/debian bullseye/main amd64 ssl-cert all 1.1.0+nmu1 [21.0 kB]\nGet:41 http://deb.debian.org/debian bullseye/main amd64 postgresql-common all 225 [237 kB]\nGet:42 http://deb.debian.org/debian bullseye/main amd64 postgresql-13 amd64 13.9-0+deb11u1 [15.2 MB]\nGet:43 http://deb.debian.org/debian bullseye/main amd64 postgresql all 13+225 [64.7 kB]\nGet:44 http://deb.debian.org/debian bullseye/main amd64 psmisc amd64 23.4-2 [198 kB]\nGet:45 http://deb.debian.org/debian bullseye/main amd64 sysstat amd64 12.5.2-2 [603 kB]\n\u001b[91mdebconf: delaying package configuration, since apt-utils is not installed\n\u001b[0mFetched 71.6 MB in 1s (54.4 MB/s)\nSelecting previously unselected package cron.\r\n(Reading database ... \r(Reading database ... 5%\r(Reading database ... 10%\r(Reading database ... 15%\r(Reading database ... 20%\r(Reading database ... 25%\r(Reading database ... 30%\r(Reading database ... 35%\r(Reading database ... 40%\r(Reading database ... 45%\r(Reading database ... 50%\r(Reading database ... 55%\r(Reading database ... 60%\r(Reading database ... 65%\r(Reading database ... 70%\r(Reading database ... 75%\r(Reading database ... 80%\r(Reading database ... 85%\r(Reading database ... 90%\r(Reading database ... 95%\r(Reading database ... 100%\r(Reading database ... 17045 files and directories currently installed.)\r\nPreparing to unpack .../00-cron_3.0pl1-137_amd64.deb ...\r\nUnpacking cron (3.0pl1-137) ...\r\nSelecting previously unselected package libpopt0:amd64.\r\nPreparing to unpack .../01-libpopt0_1.18-2_amd64.deb ...\r\nUnpacking libpopt0:amd64 (1.18-2) ...\r\nSelecting previously unselected package logrotate.\r\nPreparing to unpack .../02-logrotate_3.18.0-2+deb11u1_amd64.deb ...\r\nUnpacking logrotate (3.18.0-2+deb11u1) ...\r\nSelecting previously unselected package libc-l10n.\r\nPreparing to unpack .../03-libc-l10n_2.31-13+deb11u5_all.deb ...\r\nUnpacking libc-l10n (2.31-13+deb11u5) ...\r\nSelecting previously unselected package locales.\r\nPreparing to unpack .../04-locales_2.31-13+deb11u5_all.deb ...\r\nUnpacking locales (2.31-13+deb11u5) ...\r\nSelecting previously unselected package exim4-config.\r\nPreparing to unpack .../05-exim4-config_4.94.2-7_all.deb ...\r\nUnpacking exim4-config (4.94.2-7) ...\r\nSelecting previously unselected package exim4-base.\r\nPreparing to unpack .../06-exim4-base_4.94.2-7_amd64.deb ...\r\nUnpacking exim4-base (4.94.2-7) ...\r\nSelecting previously unselected package libevent-2.1-7:amd64.\r\nPreparing to unpack .../07-libevent-2.1-7_2.1.12-stable-1_amd64.deb ...\r\nUnpacking libevent-2.1-7:amd64 (2.1.12-stable-1) ...\r\nSelecting previously unselected package libunbound8:amd64.\r\nPreparing to unpack .../08-libunbound8_1.13.1-1_amd64.deb ...\r\nUnpacking libunbound8:amd64 (1.13.1-1) ...\r\nSelecting previously unselected package libgnutls-dane0:amd64.\r\nPreparing to unpack .../09-libgnutls-dane0_3.7.1-5+deb11u2_amd64.deb ...\r\nUnpacking libgnutls-dane0:amd64 (3.7.1-5+deb11u2) ...\r\nSelecting previously unselected package libidn11:amd64.\r\nPreparing to unpack .../10-libidn11_1.33-3_amd64.deb ...\r\nUnpacking libidn11:amd64 (1.33-3) ...\r\nSelecting previously unselected package exim4-daemon-light.\r\nPreparing to unpack .../11-exim4-daemon-light_4.94.2-7_amd64.deb ...\r\nUnpacking exim4-daemon-light (4.94.2-7) ...\r\nSelecting previously unselected package gsasl-common.\r\nPreparing to unpack .../12-gsasl-common_1.10.0-4+deb11u1_all.deb ...\r\nUnpacking gsasl-common (1.10.0-4+deb11u1) ...\r\nSelecting previously unselected package libgc1:amd64.\r\nPreparing to unpack .../13-libgc1_1%3a8.0.4-3_amd64.deb ...\r\nUnpacking libgc1:amd64 (1:8.0.4-3) ...\r\nSelecting previously unselected package libltdl7:amd64.\r\nPreparing to unpack .../14-libltdl7_2.4.6-15_amd64.deb ...\r\nUnpacking libltdl7:amd64 (2.4.6-15) ...\r\nSelecting previously unselected package guile-2.2-libs:amd64.\r\nPreparing to unpack .../15-guile-2.2-libs_2.2.7+1-6_amd64.deb ...\r\nUnpacking guile-2.2-libs:amd64 (2.2.7+1-6) ...\r\nSelecting previously unselected package libedit2:amd64.\r\nPreparing to unpack .../16-libedit2_3.1-20191231-2+b1_amd64.deb ...\r\nUnpacking libedit2:amd64 (3.1-20191231-2+b1) ...\r\nSelecting previously unselected package libfribidi0:amd64.\r\nPreparing to unpack .../17-libfribidi0_1.0.8-2+deb11u1_amd64.deb ...\r\nUnpacking libfribidi0:amd64 (1.0.8-2+deb11u1) ...\r\nSelecting previously unselected package libgpm2:amd64.\r\nPreparing to unpack .../18-libgpm2_1.20.7-8_amd64.deb ...\r\nUnpacking libgpm2:amd64 (1.20.7-8) ...\r\nSelecting previously unselected package libntlm0:amd64.\r\nPreparing to unpack .../19-libntlm0_1.6-3_amd64.deb ...\r\nUnpacking libntlm0:amd64 (1.6-3) ...\r\nSelecting previously unselected package libgsasl7:amd64.\r\nPreparing to unpack .../20-libgsasl7_1.10.0-4+deb11u1_amd64.deb ...\r\nUnpacking libgsasl7:amd64 (1.10.0-4+deb11u1) ...\r\nSelecting previously unselected package libicu67:amd64.\r\nPreparing to unpack .../21-libicu67_67.1-7_amd64.deb ...\r\nUnpacking libicu67:amd64 (67.1-7) ...\r\nSelecting previously unselected package libz3-4:amd64.\r\nPreparing to unpack .../22-libz3-4_4.8.10-1_amd64.deb ...\r\nUnpacking libz3-4:amd64 (4.8.10-1) ...\r\nSelecting previously unselected package libllvm11:amd64.\r\nPreparing to unpack .../23-libllvm11_1%3a11.0.1-2_amd64.deb ...\r\nUnpacking libllvm11:amd64 (1:11.0.1-2) ...\r\nSelecting previously unselected package mailutils-common.\r\nPreparing to unpack .../24-mailutils-common_1%3a3.10-3_all.deb ...\r\nUnpacking mailutils-common (1:3.10-3) ...\r\nSelecting previously unselected package mysql-common.\r\nPreparing to unpack .../25-mysql-common_5.8+1.0.7_all.deb ...\r\nUnpacking mysql-common (5.8+1.0.7) ...\r\nSelecting previously unselected package mariadb-common.\r\nPreparing to unpack .../26-mariadb-common_1%3a10.5.18-0+deb11u1_all.deb ...\r\nUnpacking mariadb-common (1:10.5.18-0+deb11u1) ...\r\nSelecting previously unselected package libmariadb3:amd64.\r\nPreparing to unpack .../27-libmariadb3_1%3a10.5.18-0+deb11u1_amd64.deb ...\r\nUnpacking libmariadb3:amd64 (1:10.5.18-0+deb11u1) ...\r\nSelecting previously unselected package libpython3.9:amd64.\r\nPreparing to unpack .../28-libpython3.9_3.9.2-1_amd64.deb ...\r\nUnpacking libpython3.9:amd64 (3.9.2-1) ...\r\nSelecting previously unselected package libmailutils7:amd64.\r\nPreparing to unpack .../29-libmailutils7_1%3a3.10-3+b1_amd64.deb ...\r\nUnpacking libmailutils7:amd64 (1:3.10-3+b1) ...\r\nSelecting previously unselected package libncurses6:amd64.\r\nPreparing to unpack .../30-libncurses6_6.2+20201114-2_amd64.deb ...\r\nUnpacking libncurses6:amd64 (6.2+20201114-2) ...\r\nSelecting previously unselected package libpq5:amd64.\r\nPreparing to unpack .../31-libpq5_13.9-0+deb11u1_amd64.deb ...\r\nUnpacking libpq5:amd64 (13.9-0+deb11u1) ...\r\nSelecting previously unselected package libsensors-config.\r\nPreparing to unpack .../32-libsensors-config_1%3a3.6.0-7_all.deb ...\r\nUnpacking libsensors-config (1:3.6.0-7) ...\r\nSelecting previously unselected package libsensors5:amd64.\r\nPreparing to unpack .../33-libsensors5_1%3a3.6.0-7_amd64.deb ...\r\nUnpacking libsensors5:amd64 (1:3.6.0-7) ...\r\nSelecting previously unselected package libxml2:amd64.\r\nPreparing to unpack .../34-libxml2_2.9.10+dfsg-6.7+deb11u3_amd64.deb ...\r\nUnpacking libxml2:amd64 (2.9.10+dfsg-6.7+deb11u3) ...\r\nSelecting previously unselected package libxslt1.1:amd64.\r\nPreparing to unpack .../35-libxslt1.1_1.1.34-4+deb11u1_amd64.deb ...\r\nUnpacking libxslt1.1:amd64 (1.1.34-4+deb11u1) ...\r\nSelecting previously unselected package mailutils.\r\nPreparing to unpack .../36-mailutils_1%3a3.10-3+b1_amd64.deb ...\r\nUnpacking mailutils (1:3.10-3+b1) ...\r\nSelecting previously unselected package postgresql-client-common.\r\nPreparing to unpack .../37-postgresql-client-common_225_all.deb ...\r\nUnpacking postgresql-client-common (225) ...\r\nSelecting previously unselected package postgresql-client-13.\r\nPreparing to unpack .../38-postgresql-client-13_13.9-0+deb11u1_amd64.deb ...\r\nUnpacking postgresql-client-13 (13.9-0+deb11u1) ...\r\nSelecting previously unselected package ssl-cert.\r\nPreparing to unpack .../39-ssl-cert_1.1.0+nmu1_all.deb ...\r\nUnpacking ssl-cert (1.1.0+nmu1) ...\r\nSelecting previously unselected package postgresql-common.\r\nPreparing to unpack .../40-postgresql-common_225_all.deb ...\r\nAdding 'diversion of /usr/bin/pg_config to /usr/bin/pg_config.libpq-dev by postgresql-common'\r\nUnpacking postgresql-common (225) ...\r\nSelecting previously unselected package postgresql-13.\r\nPreparing to unpack .../41-postgresql-13_13.9-0+deb11u1_amd64.deb ...\r\nUnpacking postgresql-13 (13.9-0+deb11u1) ...\r\nSelecting previously unselected package postgresql.\r\nPreparing to unpack .../42-postgresql_13+225_all.deb ...\r\nUnpacking postgresql (13+225) ...\r\nSelecting previously unselected package psmisc.\r\nPreparing to unpack .../43-psmisc_23.4-2_amd64.deb ...\r\nUnpacking psmisc (23.4-2) ...\r\nSelecting previously unselected package sysstat.\r\nPreparing to unpack .../44-sysstat_12.5.2-2_amd64.deb ...\r\nUnpacking sysstat (12.5.2-2) ...\r\nSetting up postgresql-client-common (225) ...\r\nSetting up mysql-common (5.8+1.0.7) ...\r\nupdate-alternatives: using /etc/mysql/my.cnf.fallback to provide /etc/mysql/my.cnf (my.cnf) in auto mode\r\nSetting up libc-l10n (2.31-13+deb11u5) ...\r\nSetting up libgpm2:amd64 (1.20.7-8) ...\r\nSetting up libicu67:amd64 (67.1-7) ...\r\nSetting up psmisc (23.4-2) ...\r\nSetting up libedit2:amd64 (3.1-20191231-2+b1) ...\r\nSetting up cron (3.0pl1-137) ...\r\nAdding group `crontab' (GID 101) ...\r\nDone.\r\ninvoke-rc.d: could not determine current runlevel\r\ninvoke-rc.d: policy-rc.d denied execution of start.\r\nSetting up libsensors-config (1:3.6.0-7) ...\r\nSetting up libpq5:amd64 (13.9-0+deb11u1) ...\r\nSetting up locales (2.31-13+deb11u5) ...\r\ndebconf: unable to initialize frontend: Dialog\r\ndebconf: (TERM is not set, so the dialog frontend is not usable.)\r\ndebconf: falling back to frontend: Readline\r\nGenerating locales (this might take a while)...\r\nGeneration complete.\r\nSetting up postgresql-client-13 (13.9-0+deb11u1) ...\r\nupdate-alternatives: using /usr/share/postgresql/13/man/man1/psql.1.gz to provide /usr/share/man/man1/psql.1.gz (psql.1.gz) in auto mode\r\nSetting up mariadb-common (1:10.5.18-0+deb11u1) ...\r\nupdate-alternatives: using /etc/mysql/mariadb.cnf to provide /etc/mysql/my.cnf (my.cnf) in auto mode\r\nSetting up libz3-4:amd64 (4.8.10-1) ...\r\nSetting up libpython3.9:amd64 (3.9.2-1) ...\r\nSetting up libllvm11:amd64 (1:11.0.1-2) ...\r\nSetting up libntlm0:amd64 (1.6-3) ...\r\nSetting up ssl-cert (1.1.0+nmu1) ...\r\ndebconf: unable to initialize frontend: Dialog\r\ndebconf: (TERM is not set, so the dialog frontend is not usable.)\r\ndebconf: falling back to frontend: Readline\r\nSetting up libidn11:amd64 (1.33-3) ...\r\nSetting up libncurses6:amd64 (6.2+20201114-2) ...\r\nSetting up libfribidi0:amd64 (1.0.8-2+deb11u1) ...\r\nSetting up postgresql-common (225) ...\r\ndebconf: unable to initialize frontend: Dialog\r\ndebconf: (TERM is not set, so the dialog frontend is not usable.)\r\ndebconf: falling back to frontend: Readline\r\nAdding user postgres to group ssl-cert\r\n\r\nCreating config file /etc/postgresql-common/createcluster.conf with new version\r\nBuilding PostgreSQL dictionaries from installed myspell/hunspell packages...\r\nRemoving obsolete dictionary files:\r\ninvoke-rc.d: could not determine current runlevel\r\ninvoke-rc.d: policy-rc.d denied execution of start.\r\nSetting up libevent-2.1-7:amd64 (2.1.12-stable-1) ...\r\nSetting up mailutils-common (1:3.10-3) ...\r\nSetting up libmariadb3:amd64 (1:10.5.18-0+deb11u1) ...\r\nSetting up libsensors5:amd64 (1:3.6.0-7) ...\r\nSetting up libgc1:amd64 (1:8.0.4-3) ...\r\nSetting up libltdl7:amd64 (2.4.6-15) ...\r\nSetting up exim4-config (4.94.2-7) ...\r\ndebconf: unable to initialize frontend: Dialog\r\ndebconf: (TERM is not set, so the dialog frontend is not usable.)\r\ndebconf: falling back to frontend: Readline\r\nAdding system-user for exim (v4)\r\nSetting up gsasl-common (1.10.0-4+deb11u1) ...\r\nSetting up libxml2:amd64 (2.9.10+dfsg-6.7+deb11u3) ...\r\nSetting up sysstat (12.5.2-2) ...\r\ndebconf: unable to initialize frontend: Dialog\r\ndebconf: (TERM is not set, so the dialog frontend is not usable.)\r\ndebconf: falling back to frontend: Readline\r\n\r\nCreating config file /etc/default/sysstat with new version\r\nupdate-alternatives: using /usr/bin/sar.sysstat to provide /usr/bin/sar (sar) in auto mode\r\nupdate-alternatives: warning: skip creation of /usr/share/man/man1/sar.1.gz because associated file /usr/share/man/man1/sar.sysstat.1.gz (of link group sar) doesn't exist\r\nSetting up guile-2.2-libs:amd64 (2.2.7+1-6) ...\r\nSetting up libpopt0:amd64 (1.18-2) ...\r\nSetting up logrotate (3.18.0-2+deb11u1) ...\r\nSetting up exim4-base (4.94.2-7) ...\r\ndebconf: unable to initialize frontend: Dialog\r\ndebconf: (TERM is not set, so the dialog frontend is not usable.)\r\ndebconf: falling back to frontend: Readline\r\nexim: DB upgrade, deleting hints-db\r\nSetting up libgsasl7:amd64 (1.10.0-4+deb11u1) ...\r\nSetting up libunbound8:amd64 (1.13.1-1) ...\r\nSetting up libxslt1.1:amd64 (1.1.34-4+deb11u1) ...\r\nSetting up postgresql-13 (13.9-0+deb11u1) ...\r\ndebconf: unable to initialize frontend: Dialog\r\ndebconf: (TERM is not set, so the dialog frontend is not usable.)\r\ndebconf: falling back to frontend: Readline\r\nCreating new PostgreSQL cluster 13/main ...\r\n/usr/lib/postgresql/13/bin/initdb -D /var/lib/postgresql/13/main --auth-local peer --auth-host md5\r\nThe files belonging to this database system will be owned by user \"postgres\".\r\nThis user must also own the server process.\r\n\r\nThe database cluster will be initialized with locale \"C.UTF-8\".\r\nThe default database encoding has accordingly been set to \"UTF8\".\r\nThe default text search configuration will be set to \"english\".\r\n\r\nData page checksums are disabled.\r\n\r\nfixing permissions on existing directory /var/lib/postgresql/13/main ... ok\r\ncreating subdirectories ... ok\r\nselecting dynamic shared memory implementation ... posix\r\nselecting default max_connections ... 100\r\nselecting default shared_buffers ... 128MB\r\nselecting default time zone ... Etc/UTC\r\ncreating configuration files ... ok\r\nrunning bootstrap script ... ok\r\nperforming post-bootstrap initialization ... ok\r\nsyncing data to disk ... ok\r\n\r\nSuccess. You can now start the database server using:\r\n\r\n    pg_ctlcluster 13 main start\r\n\r\nVer Cluster Port Status Owner    Data directory              Log file\r\n\u001b[31m13  main    5432 down   postgres /var/lib/postgresql/13/main /var/log/postgresql/postgresql-13-main.log\u001b[0m\r\nupdate-alternatives: using /usr/share/postgresql/13/man/man1/postmaster.1.gz to provide /usr/share/man/man1/postmaster.1.gz (postmaster.1.gz) in auto mode\r\ninvoke-rc.d: could not determine current runlevel\r\ninvoke-rc.d: policy-rc.d denied execution of start.\r\nSetting up postgresql (13+225) ...\r\nSetting up libgnutls-dane0:amd64 (3.7.1-5+deb11u2) ...\r\nSetting up libmailutils7:amd64 (1:3.10-3+b1) ...\r\nSetting up exim4-daemon-light (4.94.2-7) ...\r\ndebconf: unable to initialize frontend: Dialog\r\ndebconf: (TERM is not set, so the dialog frontend is not usable.)\r\ndebconf: falling back to frontend: Readline\r\ninvoke-rc.d: could not determine current runlevel\r\ninvoke-rc.d: policy-rc.d denied execution of start.\r\nSetting up mailutils (1:3.10-3+b1) ...\r\nupdate-alternatives: using /usr/bin/frm.mailutils to provide /usr/bin/frm (frm) in auto mode\r\nupdate-alternatives: warning: skip creation of /usr/share/man/man1/frm.1.gz because associated file /usr/share/man/man1/frm.mailutils.1.gz (of link group frm) doesn't exist\r\nupdate-alternatives: using /usr/bin/from.mailutils to provide /usr/bin/from (from) in auto mode\r\nupdate-alternatives: warning: skip creation of /usr/share/man/man1/from.1.gz because associated file /usr/share/man/man1/from.mailutils.1.gz (of link group from) doesn't exist\r\nupdate-alternatives: using /usr/bin/messages.mailutils to provide /usr/bin/messages (messages) in auto mode\r\nupdate-alternatives: warning: skip creation of /usr/share/man/man1/messages.1.gz because associated file /usr/share/man/man1/messages.mailutils.1.gz (of link group messages) doesn't exist\r\nupdate-alternatives: using /usr/bin/movemail.mailutils to provide /usr/bin/movemail (movemail) in auto mode\r\nupdate-alternatives: warning: skip creation of /usr/share/man/man1/movemail.1.gz because associated file /usr/share/man/man1/movemail.mailutils.1.gz (of link group movemail) doesn't exist\r\nupdate-alternatives: using /usr/bin/readmsg.mailutils to provide /usr/bin/readmsg (readmsg) in auto mode\r\nupdate-alternatives: warning: skip creation of /usr/share/man/man1/readmsg.1.gz because associated file /usr/share/man/man1/readmsg.mailutils.1.gz (of link group readmsg) doesn't exist\r\nupdate-alternatives: using /usr/bin/dotlock.mailutils to provide /usr/bin/dotlock (dotlock) in auto mode\r\nupdate-alternatives: warning: skip creation of /usr/share/man/man1/dotlock.1.gz because associated file /usr/share/man/man1/dotlock.mailutils.1.gz (of link group dotlock) doesn't exist\r\nupdate-alternatives: using /usr/bin/mail.mailutils to provide /usr/bin/mailx (mailx) in auto mode\r\nupdate-alternatives: warning: skip creation of /usr/share/man/man1/mailx.1.gz because associated file /usr/share/man/man1/mail.mailutils.1.gz (of link group mailx) doesn't exist\r\nupdate-alternatives: warning: skip creation of /usr/share/man/man1/mail.1.gz because associated file /usr/share/man/man1/mail.mailutils.1.gz (of link group mailx) doesn't exist\r\nProcessing triggers for libc-bin (2.31-13+deb11u5) ...\r\nReading package lists...\nBuilding dependency tree...\nReading state information...\nSuggested packages:\n  postgresql-doc-13\nThe following NEW packages will be installed:\n  libpq-dev\n0 upgraded, 1 newly installed, 0 to remove and 0 not upgraded.\nNeed to get 139 kB of archives.\nAfter this operation, 568 kB of additional disk space will be used.\nGet:1 http://deb.debian.org/debian bullseye/main amd64 libpq-dev amd64 13.9-0+deb11u1 [139 kB]\n\u001b[91mdebconf: delaying package configuration, since apt-utils is not installed\n\u001b[0mFetched 139 kB in 0s (5916 kB/s)\nSelecting previously unselected package libpq-dev.\r\n(Reading database ... \r(Reading database ... 5%\r(Reading database ... 10%\r(Reading database ... 15%\r(Reading database ... 20%\r(Reading database ... 25%\r(Reading database ... 30%\r(Reading database ... 35%\r(Reading database ... 40%\r(Reading database ... 45%\r(Reading database ... 50%\r(Reading database ... 55%\r(Reading database ... 60%\r(Reading database ... 65%\r(Reading database ... 70%\r(Reading database ... 75%\r(Reading database ... 80%\r(Reading database ... 85%\r(Reading database ... 90%\r(Reading database ... 95%\r(Reading database ... 100%\r(Reading database ... 21209 files and directories currently installed.)\r\nPreparing to unpack .../libpq-dev_13.9-0+deb11u1_amd64.deb ...\r\nUnpacking libpq-dev (13.9-0+deb11u1) ...\r\nSetting up libpq-dev (13.9-0+deb11u1) ...\r\nRemoving intermediate container de1bbf649fce\n ---> e1894148e55c\nStep 4/14 : COPY balsam/ balsam\n ---> 0e2a9513414f\nStep 5/14 : COPY requirements/ requirements\n ---> 98d9c8fb350e\nStep 6/14 : COPY tests/ tests\n ---> 28e61164ed90\nStep 7/14 : COPY setup.cfg .\n ---> 1225a5e2dfdb\nStep 8/14 : COPY setup.py .\n ---> 4d691e912da5\nStep 9/14 : COPY Makefile .\n ---> 6829a3276b47\nStep 10/14 : COPY pyproject.toml .\n ---> 3d066fe9dde5\nStep 11/14 : COPY entrypoint.sh .\n ---> 13793b213265\nStep 12/14 : RUN pip install --upgrade pip && pip install -r requirements/deploy.txt\n ---> Running in b6683ddc1e83\nRequirement already satisfied: pip in /usr/local/lib/python3.11/site-packages (22.3.1)\n\u001b[91mWARNING: Running pip as the 'root' user can result in broken permissions and conflicting behaviour with the system package manager. It is recommended to use a virtual environment instead: https://pip.pypa.io/warnings/venv\n\u001b[0mObtaining file:///balsam (from -r requirements/deploy.txt (line 32))\n  Installing build dependencies: started\n  Installing build dependencies: finished with status 'done'\n  Checking if build backend supports build_editable: started\n  Checking if build backend supports build_editable: finished with status 'done'\n  Getting requirements to build editable: started\n  Getting requirements to build editable: finished with status 'done'\n  Preparing editable metadata (pyproject.toml): started\n  Preparing editable metadata (pyproject.toml): finished with status 'done'\nCollecting psycopg2==2.9.4\n  Downloading psycopg2-2.9.4.tar.gz (384 kB)\n      384.0/384.0 kB 2.1 MB/s eta 0:00:00\n  Preparing metadata (setup.py): started\n  Preparing metadata (setup.py): finished with status 'done'\nCollecting fastapi==0.78.0\n  Downloading fastapi-0.78.0-py3-none-any.whl (54 kB)\n      54.6/54.6 kB 6.3 MB/s eta 0:00:00\nCollecting orjson==3.8.0\n  Downloading orjson-3.8.0-cp311-cp311-manylinux_2_28_x86_64.whl (146 kB)\n      146.0/146.0 kB 11.4 MB/s eta 0:00:00\nCollecting uvicorn[standard]==0.18.3\n  Downloading uvicorn-0.18.3-py3-none-any.whl (57 kB)\n      57.4/57.4 kB 4.2 MB/s eta 0:00:00\nCollecting python-multipart==0.0.5\n  Downloading python-multipart-0.0.5.tar.gz (32 kB)\n  Preparing metadata (setup.py): started\n  Preparing metadata (setup.py): finished with status 'done'\nCollecting gunicorn==20.1.0\n  Downloading gunicorn-20.1.0-py3-none-any.whl (79 kB)\n      79.5/79.5 kB 8.9 MB/s eta 0:00:00\nCollecting PyJWT==2.5.0\n  Downloading PyJWT-2.5.0-py3-none-any.whl (20 kB)\nCollecting passlib[bcrypt]==1.7.4\n  Downloading passlib-1.7.4-py2.py3-none-any.whl (525 kB)\n      525.6/525.6 kB 32.6 MB/s eta 0:00:00\nCollecting alembic==1.8.1\n  Downloading alembic-1.8.1-py3-none-any.whl (209 kB)\n      209.8/209.8 kB 15.2 MB/s eta 0:00:00\nCollecting SQLAlchemy==1.4.41\n  Downloading SQLAlchemy-1.4.41-cp311-cp311-manylinux_2_5_x86_64.manylinux1_x86_64.manylinux_2_17_x86_64.manylinux2014_x86_64.whl (1.6 MB)\n      1.6/1.6 MB 23.9 MB/s eta 0:00:00\nCollecting aredis==1.1.8\n  Downloading aredis-1.1.8.tar.gz (128 kB)\n      128.8/128.8 kB 7.4 MB/s eta 0:00:00\n  Preparing metadata (setup.py): started\n  Preparing metadata (setup.py): finished with status 'done'\nCollecting redis==4.3.4\n  Downloading redis-4.3.4-py3-none-any.whl (246 kB)\n      246.2/246.2 kB 21.5 MB/s eta 0:00:00\nCollecting PyYAML==6.0\n  Downloading PyYAML-6.0-cp311-cp311-manylinux_2_17_x86_64.manylinux2014_x86_64.whl (757 kB)\n      757.9/757.9 kB 40.0 MB/s eta 0:00:00\nCollecting multiprocessing-logging==0.3.3\n  Downloading multiprocessing_logging-0.3.3-py2.py3-none-any.whl (8.3 kB)\nCollecting click==8.1.3\n  Downloading click-8.1.3-py3-none-any.whl (96 kB)\n      96.6/96.6 kB 6.0 MB/s eta 0:00:00\nCollecting inquirer==2.10.0\n  Downloading inquirer-2.10.0-py3-none-any.whl (17 kB)\nCollecting pydantic==1.9.1\n  Downloading pydantic-1.9.1-py3-none-any.whl (142 kB)\n      142.9/142.9 kB 15.9 MB/s eta 0:00:00\nCollecting python-dotenv==0.21.0\n  Downloading python_dotenv-0.21.0-py3-none-any.whl (18 kB)\nCollecting python-dateutil==2.8.2\n  Downloading python_dateutil-2.8.2-py2.py3-none-any.whl (247 kB)\n      247.7/247.7 kB 24.9 MB/s eta 0:00:00\nCollecting Jinja2==3.1.2\n  Downloading Jinja2-3.1.2-py3-none-any.whl (133 kB)\n      133.1/133.1 kB 11.8 MB/s eta 0:00:00\nCollecting requests==2.28.1\n  Downloading requests-2.28.1-py3-none-any.whl (62 kB)\n      62.8/62.8 kB 5.3 MB/s eta 0:00:00\nCollecting psutil==5.9.2\n  Downloading psutil-5.9.2.tar.gz (479 kB)\n      479.8/479.8 kB 24.6 MB/s eta 0:00:00\n  Preparing metadata (setup.py): started\n  Preparing metadata (setup.py): finished with status 'done'\nCollecting globus-sdk==3.14.0\n  Downloading globus_sdk-3.14.0-py3-none-any.whl (200 kB)\n      200.6/200.6 kB 10.6 MB/s eta 0:00:00\nCollecting configobj==5.0.6\n  Downloading configobj-5.0.6.tar.gz (33 kB)\n  Preparing metadata (setup.py): started\n  Preparing metadata (setup.py): finished with status 'done'\nCollecting pyzmq==22.3.0\n  Downloading pyzmq-22.3.0.tar.gz (1.2 MB)\n      1.2/1.2 MB 48.5 MB/s eta 0:00:00\n  Installing build dependencies: started\n  Installing build dependencies: finished with status 'done'\n  Getting requirements to build wheel: started\n  Getting requirements to build wheel: finished with status 'done'\n  Preparing metadata (pyproject.toml): started\n  Preparing metadata (pyproject.toml): finished with status 'done'\nCollecting dill==0.3.5.1\n  Downloading dill-0.3.5.1-py2.py3-none-any.whl (95 kB)\n      95.8/95.8 kB 771.3 kB/s eta 0:00:00\nCollecting tblib==1.7.0\n  Downloading tblib-1.7.0-py2.py3-none-any.whl (12 kB)\nCollecting starlette==0.19.1\n  Downloading starlette-0.19.1-py3-none-any.whl (63 kB)\n      63.3/63.3 kB 7.0 MB/s eta 0:00:00\nCollecting h11>=0.8\n  Downloading h11-0.14.0-py3-none-any.whl (58 kB)\n      58.3/58.3 kB 4.1 MB/s eta 0:00:00\nCollecting httptools>=0.4.0\n  Downloading httptools-0.5.0-cp311-cp311-manylinux_2_5_x86_64.manylinux1_x86_64.manylinux_2_17_x86_64.manylinux2014_x86_64.whl (391 kB)\n      391.7/391.7 kB 21.5 MB/s eta 0:00:00\nCollecting uvloop!=0.15.0,!=0.15.1,>=0.14.0\n  Downloading uvloop-0.17.0-cp311-cp311-manylinux_2_17_x86_64.manylinux2014_x86_64.whl (4.2 MB)\n      4.2/4.2 MB 31.5 MB/s eta 0:00:00\nCollecting watchfiles>=0.13\n  Downloading watchfiles-0.18.1-cp37-abi3-manylinux_2_17_x86_64.manylinux2014_x86_64.whl (1.2 MB)\n      1.2/1.2 MB 46.8 MB/s eta 0:00:00\nCollecting websockets>=10.0\n  Downloading websockets-10.4-cp311-cp311-manylinux_2_5_x86_64.manylinux1_x86_64.manylinux_2_17_x86_64.manylinux2014_x86_64.whl (107 kB)\n      107.4/107.4 kB 9.8 MB/s eta 0:00:00\nCollecting six>=1.4.0\n  Downloading six-1.16.0-py2.py3-none-any.whl (11 kB)\nRequirement already satisfied: setuptools>=3.0 in /usr/local/lib/python3.11/site-packages (from gunicorn==20.1.0->-r requirements/deploy.txt (line 8)) (65.5.0)\nCollecting bcrypt>=3.1.0\n  Downloading bcrypt-4.0.1-cp36-abi3-manylinux_2_28_x86_64.whl (593 kB)\n      593.7/593.7 kB 30.6 MB/s eta 0:00:00\nCollecting Mako\n  Downloading Mako-1.2.4-py3-none-any.whl (78 kB)\n      78.7/78.7 kB 8.6 MB/s eta 0:00:00\nCollecting greenlet!=0.4.17\n  Downloading greenlet-2.0.1-cp311-cp311-manylinux_2_17_x86_64.manylinux2014_x86_64.whl (545 kB)\n      545.1/545.1 kB 25.6 MB/s eta 0:00:00\nCollecting deprecated>=1.2.3\n  Downloading Deprecated-1.2.13-py2.py3-none-any.whl (9.6 kB)\nCollecting packaging>=20.4\n  Using cached packaging-22.0-py3-none-any.whl (42 kB)\nCollecting async-timeout>=4.0.2\n  Downloading async_timeout-4.0.2-py3-none-any.whl (5.8 kB)\nCollecting blessed>=1.19.0\n  Downloading blessed-1.19.1-py2.py3-none-any.whl (58 kB)\n      58.0/58.0 kB 2.7 MB/s eta 0:00:00\nCollecting python-editor>=1.0.4\n  Downloading python_editor-1.0.4-py3-none-any.whl (4.9 kB)\nCollecting readchar>=3.0.6\n  Downloading readchar-4.0.3-py3-none-any.whl (8.4 kB)\nCollecting typing-extensions>=3.7.4.3\n  Downloading typing_extensions-4.4.0-py3-none-any.whl (26 kB)\nCollecting MarkupSafe>=2.0\n  Downloading MarkupSafe-2.1.1.tar.gz (18 kB)\n  Preparing metadata (setup.py): started\n  Preparing metadata (setup.py): finished with status 'done'\nCollecting charset-normalizer<3,>=2\n  Downloading charset_normalizer-2.1.1-py3-none-any.whl (39 kB)\nCollecting idna<4,>=2.5\n  Downloading idna-3.4-py3-none-any.whl (61 kB)\n      61.5/61.5 kB 6.4 MB/s eta 0:00:00\nCollecting urllib3<1.27,>=1.21.1\n  Downloading urllib3-1.26.13-py2.py3-none-any.whl (140 kB)\n      140.6/140.6 kB 12.5 MB/s eta 0:00:00\nCollecting certifi>=2017.4.17\n  Downloading certifi-2022.12.7-py3-none-any.whl (155 kB)\n      155.3/155.3 kB 8.7 MB/s eta 0:00:00\nCollecting pyjwt[crypto]<3.0.0,>=2.0.0\n  Downloading PyJWT-2.6.0-py3-none-any.whl (20 kB)\nCollecting cryptography!=3.4.0,>=3.3.1\n  Downloading cryptography-38.0.4-cp36-abi3-manylinux_2_28_x86_64.whl (4.2 MB)\n      4.2/4.2 MB 47.8 MB/s eta 0:00:00\nCollecting anyio<5,>=3.4.0\n  Downloading anyio-3.6.2-py3-none-any.whl (80 kB)\n      80.6/80.6 kB 5.4 MB/s eta 0:00:00\nCollecting pydantic[dotenv]<2.0.0,>=1.8.2\n  Downloading pydantic-1.10.4-cp311-cp311-manylinux_2_17_x86_64.manylinux2014_x86_64.whl (3.0 MB)\n      3.0/3.0 MB 43.0 MB/s eta 0:00:00\nCollecting wcwidth>=0.1.4\n  Downloading wcwidth-0.2.5-py2.py3-none-any.whl (30 kB)\nCollecting cffi>=1.12\n  Downloading cffi-1.15.1-cp311-cp311-manylinux_2_17_x86_64.manylinux2014_x86_64.whl (462 kB)\n      462.6/462.6 kB 25.5 MB/s eta 0:00:00\nCollecting wrapt<2,>=1.10\n  Downloading wrapt-1.14.1.tar.gz (50 kB)\n      50.9/50.9 kB 3.5 MB/s eta 0:00:00\n  Preparing metadata (setup.py): started\n  Preparing metadata (setup.py): finished with status 'done'\nCollecting pydantic[dotenv]<2.0.0,>=1.8.2\n  Downloading pydantic-1.10.2-cp311-cp311-manylinux_2_17_x86_64.manylinux2014_x86_64.whl (14.1 MB)\n      14.1/14.1 MB 62.2 MB/s eta 0:00:00\n  Downloading pydantic-1.10.1-cp311-cp311-manylinux_2_17_x86_64.manylinux2014_x86_64.whl (14.1 MB)\n      14.1/14.1 MB 59.9 MB/s eta 0:00:00\n  Downloading pydantic-1.10.0-cp311-cp311-manylinux_2_17_x86_64.manylinux2014_x86_64.whl (14.1 MB)\n      14.1/14.1 MB 5.5 MB/s eta 0:00:00\n  Downloading pydantic-1.9.2-py3-none-any.whl (143 kB)\n      143.3/143.3 kB 8.8 MB/s eta 0:00:00\nCollecting types-cryptography>=3.3.21\n  Downloading types_cryptography-3.3.23.2-py3-none-any.whl (30 kB)\nCollecting sniffio>=1.1\n  Downloading sniffio-1.3.0-py3-none-any.whl (10 kB)\nCollecting pycparser\n  Downloading pycparser-2.21-py2.py3-none-any.whl (118 kB)\n      118.7/118.7 kB 9.6 MB/s eta 0:00:00\nBuilding wheels for collected packages: psycopg2, python-multipart, aredis, psutil, configobj, pyzmq, balsam, MarkupSafe, wrapt\n  Building wheel for psycopg2 (setup.py): started\n  Building wheel for psycopg2 (setup.py): finished with status 'done'\n  Created wheel for psycopg2: filename=psycopg2-2.9.4-cp311-cp311-linux_x86_64.whl size=155682 sha256=69fc8b41e6cacc89e83cfad8905af70c667e26cd04d29cd878340c3a2bc7db1b\n  Stored in directory: /root/.cache/pip/wheels/98/2d/c5/8b22ca405331357c072b3152f91506c660c2b19f9ba39de7f9\n  Building wheel for python-multipart (setup.py): started\n  Building wheel for python-multipart (setup.py): finished with status 'done'\n  Created wheel for python-multipart: filename=python_multipart-0.0.5-py3-none-any.whl size=31670 sha256=9a2bf4283daca811cfaa2af1fff183dcdaad35e61a0f3d5b1a415e1010c405b5\n  Stored in directory: /root/.cache/pip/wheels/e9/28/d8/e65e8531b6c4d4bcacfc388f668c97d927bc7cdb3719808c13\n  Building wheel for aredis (setup.py): started\n  Building wheel for aredis (setup.py): finished with status 'done'\n  Created wheel for aredis: filename=aredis-1.1.8-cp311-cp311-linux_x86_64.whl size=91184 sha256=2a02e2a8853b8cc7cbefc30a93ad70dfb5787c6f599e3616070d02c8cebede3c\n  Stored in directory: /root/.cache/pip/wheels/7f/95/03/df77152e7214e93afc8615a482471e71fabac193e3e40390d3\n  Building wheel for psutil (setup.py): started\n  Building wheel for psutil (setup.py): finished with status 'done'\n  Created wheel for psutil: filename=psutil-5.9.2-cp311-cp311-linux_x86_64.whl size=228995 sha256=f8e626aa87ccacc18a51faa5543cdc5a37ea3af6d2d1ab727918de1a3183ddf6\n  Stored in directory: /root/.cache/pip/wheels/8a/a6/33/6a7a1123c9720838282582289078bd44d0e01cf2a992942b6a\n  Building wheel for configobj (setup.py): started\n  Building wheel for configobj (setup.py): finished with status 'done'\n  Created wheel for configobj: filename=configobj-5.0.6-py3-none-any.whl size=34527 sha256=5b142bf09cbb79b135c5e9eb3b759489a3cb41996ddfc7cb61ec365ced725664\n  Stored in directory: /root/.cache/pip/wheels/4f/c3/22/994461be7744ab6b91d16982176c549624c4a311216769d3ac\n  Building wheel for pyzmq (pyproject.toml): started\n  Building wheel for pyzmq (pyproject.toml): finished with status 'error'\n\u001b[91m  error: subprocess-exited-with-error\n  \n   Building wheel for pyzmq (pyproject.toml) did not run successfully.\n   exit code: 1\n  > [345 lines of output]\n      /tmp/pip-build-env-8l1kj93m/overlay/lib/python3.11/site-packages/setuptools/_distutils/dist.py:265: UserWarning: Unknown distribution option: 'cffi_modules'\n        warnings.warn(msg)\n      running bdist_wheel\n      running build\n      running build_py\n      copying zmq/__init__.py -> build/lib.linux-x86_64-cpython-311/zmq\n      copying zmq/decorators.py -> build/lib.linux-x86_64-cpython-311/zmq\n      copying zmq/error.py -> build/lib.linux-x86_64-cpython-311/zmq\n      copying zmq/asyncio.py -> build/lib.linux-x86_64-cpython-311/zmq\n      copying zmq/_future.py -> build/lib.linux-x86_64-cpython-311/zmq\n      creating build/lib.linux-x86_64-cpython-311/zmq/utils\n      copying zmq/utils/__init__.py -> build/lib.linux-x86_64-cpython-311/zmq/utils\n      copying zmq/utils/constant_names.py -> build/lib.linux-x86_64-cpython-311/zmq/utils\n      copying zmq/utils/monitor.py -> build/lib.linux-x86_64-cpython-311/zmq/utils\n      copying zmq/utils/interop.py -> build/lib.linux-x86_64-cpython-311/zmq/utils\n      copying zmq/utils/jsonapi.py -> build/lib.linux-x86_64-cpython-311/zmq/utils\n      copying zmq/utils/garbage.py -> build/lib.linux-x86_64-cpython-311/zmq/utils\n      copying zmq/utils/strtypes.py -> build/lib.linux-x86_64-cpython-311/zmq/utils\n      copying zmq/utils/z85.py -> build/lib.linux-x86_64-cpython-311/zmq/utils\n      copying zmq/utils/win32.py -> build/lib.linux-x86_64-cpython-311/zmq/utils\n      creating build/lib.linux-x86_64-cpython-311/zmq/devices\n      copying zmq/devices/__init__.py -> build/lib.linux-x86_64-cpython-311/zmq/devices\n      copying zmq/devices/proxysteerabledevice.py -> build/lib.linux-x86_64-cpython-311/zmq/devices\n      copying zmq/devices/basedevice.py -> build/lib.linux-x86_64-cpython-311/zmq/devices\n      copying zmq/devices/monitoredqueue.py -> build/lib.linux-x86_64-cpython-311/zmq/devices\n      copying zmq/devices/monitoredqueuedevice.py -> build/lib.linux-x86_64-cpython-311/zmq/devices\n      copying zmq/devices/proxydevice.py -> build/lib.linux-x86_64-cpython-311/zmq/devices\n      creating build/lib.linux-x86_64-cpython-311/zmq/log\n      copying zmq/log/__init__.py -> build/lib.linux-x86_64-cpython-311/zmq/log\n      copying zmq/log/handlers.py -> build/lib.linux-x86_64-cpython-311/zmq/log\n      copying zmq/log/__main__.py -> build/lib.linux-x86_64-cpython-311/zmq/log\n      creating build/lib.linux-x86_64-cpython-311/zmq/green\n      copying zmq/green/__init__.py -> build/lib.linux-x86_64-cpython-311/zmq/green\n      copying zmq/green/poll.py -> build/lib.linux-x86_64-cpython-311/zmq/green\n      copying zmq/green/core.py -> build/lib.linux-x86_64-cpython-311/zmq/green\n      copying zmq/green/device.py -> build/lib.linux-x86_64-cpython-311/zmq/green\n      creating build/lib.linux-x86_64-cpython-311/zmq/green/eventloop\n      copying zmq/green/eventloop/__init__.py -> build/lib.linux-x86_64-cpython-311/zmq/green/eventloop\n      copying zmq/green/eventloop/ioloop.py -> build/lib.linux-x86_64-cpython-311/zmq/green/eventloop\n      copying zmq/green/eventloop/zmqstream.py -> build/lib.linux-x86_64-cpython-311/zmq/green/eventloop\n      creating build/lib.linux-x86_64-cpython-311/zmq/tests\n      copying zmq/tests/test_win32_shim.py -> build/lib.linux-x86_64-cpython-311/zmq/tests\n      copying zmq/tests/test_retry_eintr.py -> build/lib.linux-x86_64-cpython-311/zmq/tests\n      copying zmq/tests/test_zmqstream.py -> build/lib.linux-x86_64-cpython-311/zmq/tests\n      copying zmq/tests/__init__.py -> build/lib.linux-x86_64-cpython-311/zmq/tests\n      copying zmq/tests/test_constants.py -> build/lib.linux-x86_64-cpython-311/zmq/tests\n      copying zmq/tests/test_reqrep.py -> build/lib.linux-x86_64-cpython-311/zmq/tests\n      copying zmq/tests/test_etc.py -> build/lib.linux-x86_64-cpython-311/zmq/tests\n      copying zmq/tests/test_cython.py -> build/lib.linux-x86_64-cpython-311/zmq/tests\n      copying zmq/tests/test_cffi_backend.py -> build/lib.linux-x86_64-cpython-311/zmq/tests\n      copying zmq/tests/test_ssh.py -> build/lib.linux-x86_64-cpython-311/zmq/tests\n      copying zmq/tests/test_decorators.py -> build/lib.linux-x86_64-cpython-311/zmq/tests\n      copying zmq/tests/test_device.py -> build/lib.linux-x86_64-cpython-311/zmq/tests\n      copying zmq/tests/test_security.py -> build/lib.linux-x86_64-cpython-311/zmq/tests\n      copying zmq/tests/test_pair.py -> build/lib.linux-x86_64-cpython-311/zmq/tests\n      copying zmq/tests/test_ioloop.py -> build/lib.linux-x86_64-cpython-311/zmq/tests\n      copying zmq/tests/test_version.py -> build/lib.linux-x86_64-cpython-311/zmq/tests\n      copying zmq/tests/test_z85.py -> build/lib.linux-x86_64-cpython-311/zmq/tests\n      copying zmq/tests/test_monqueue.py -> build/lib.linux-x86_64-cpython-311/zmq/tests\n      copying zmq/tests/test_future.py -> build/lib.linux-x86_64-cpython-311/zmq/tests\n      copying zmq/tests/test_socket.py -> build/lib.linux-x86_64-cpython-311/zmq/tests\n      copying zmq/tests/test_log.py -> build/lib.linux-x86_64-cpython-311/zmq/tests\n      copying zmq/tests/test_pubsub.py -> build/lib.linux-x86_64-cpython-311/zmq/tests\n      copying zmq/tests/test_proxy_steerable.py -> build/lib.linux-x86_64-cpython-311/zmq/tests\n      copying zmq/tests/test_error.py -> build/lib.linux-x86_64-cpython-311/zmq/tests\n      copying zmq/tests/test_includes.py -> build/lib.linux-x86_64-cpython-311/zmq/tests\n      copying zmq/tests/test_asyncio.py -> build/lib.linux-x86_64-cpython-311/zmq/tests\n      copying zmq/tests/test_message.py -> build/lib.linux-x86_64-cpython-311/zmq/tests\n      copying zmq/tests/test_monitor.py -> build/lib.linux-x86_64-cpython-311/zmq/tests\n      copying zmq/tests/test_poll.py -> build/lib.linux-x86_64-cpython-311/zmq/tests\n      copying zmq/tests/test_imports.py -> build/lib.linux-x86_64-cpython-311/zmq/tests\n      copying zmq/tests/test_draft.py -> build/lib.linux-x86_64-cpython-311/zmq/tests\n      copying zmq/tests/test_mypy.py -> build/lib.linux-x86_64-cpython-311/zmq/tests\n      copying zmq/tests/test_context.py -> build/lib.linux-x86_64-cpython-311/zmq/tests\n      copying zmq/tests/test_multipart.py -> build/lib.linux-x86_64-cpython-311/zmq/tests\n      copying zmq/tests/conftest.py -> build/lib.linux-x86_64-cpython-311/zmq/tests\n      copying zmq/tests/test_auth.py -> build/lib.linux-x86_64-cpython-311/zmq/tests\n      creating build/lib.linux-x86_64-cpython-311/zmq/backend\n      copying zmq/backend/__init__.py -> build/lib.linux-x86_64-cpython-311/zmq/backend\n      copying zmq/backend/select.py -> build/lib.linux-x86_64-cpython-311/zmq/backend\n      creating build/lib.linux-x86_64-cpython-311/zmq/backend/cffi\n      copying zmq/backend/cffi/__init__.py -> build/lib.linux-x86_64-cpython-311/zmq/backend/cffi\n      copying zmq/backend/cffi/devices.py -> build/lib.linux-x86_64-cpython-311/zmq/backend/cffi\n      copying zmq/backend/cffi/error.py -> build/lib.linux-x86_64-cpython-311/zmq/backend/cffi\n      copying zmq/backend/cffi/_poll.py -> build/lib.linux-x86_64-cpython-311/zmq/backend/cffi\n      copying zmq/backend/cffi/context.py -> build/lib.linux-x86_64-cpython-311/zmq/backend/cffi\n      copying zmq/backend/cffi/message.py -> build/lib.linux-x86_64-cpython-311/zmq/backend/cffi\n      copying zmq/backend/cffi/socket.py -> build/lib.linux-x86_64-cpython-311/zmq/backend/cffi\n      copying zmq/backend/cffi/constants.py -> build/lib.linux-x86_64-cpython-311/zmq/backend/cffi\n      copying zmq/backend/cffi/utils.py -> build/lib.linux-x86_64-cpython-311/zmq/backend/cffi\n      creating build/lib.linux-x86_64-cpython-311/zmq/backend/cython\n      copying zmq/backend/cython/__init__.py -> build/lib.linux-x86_64-cpython-311/zmq/backend/cython\n      creating build/lib.linux-x86_64-cpython-311/zmq/eventloop\n      copying zmq/eventloop/_deprecated.py -> build/lib.linux-x86_64-cpython-311/zmq/eventloop\n      copying zmq/eventloop/__init__.py -> build/lib.linux-x86_64-cpython-311/zmq/eventloop\n      copying zmq/eventloop/ioloop.py -> build/lib.linux-x86_64-cpython-311/zmq/eventloop\n      copying zmq/eventloop/future.py -> build/lib.linux-x86_64-cpython-311/zmq/eventloop\n      copying zmq/eventloop/zmqstream.py -> build/lib.linux-x86_64-cpython-311/zmq/eventloop\n      creating build/lib.linux-x86_64-cpython-311/zmq/eventloop/minitornado\n      copying zmq/eventloop/minitornado/__init__.py -> build/lib.linux-x86_64-cpython-311/zmq/eventloop/minitornado\n      copying zmq/eventloop/minitornado/stack_context.py -> build/lib.linux-x86_64-cpython-311/zmq/eventloop/minitornado\n      copying zmq/eventloop/minitornado/log.py -> build/lib.linux-x86_64-cpython-311/zmq/eventloop/minitornado\n      copying zmq/eventloop/minitornado/concurrent.py -> build/lib.linux-x86_64-cpython-311/zmq/eventloop/minitornado\n      copying zmq/eventloop/minitornado/ioloop.py -> build/lib.linux-x86_64-cpython-311/zmq/eventloop/minitornado\n      copying zmq/eventloop/minitornado/util.py -> build/lib.linux-x86_64-cpython-311/zmq/eventloop/minitornado\n      creating build/lib.linux-x86_64-cpython-311/zmq/eventloop/minitornado/platform\n      copying zmq/eventloop/minitornado/platform/__init__.py -> build/lib.linux-x86_64-cpython-311/zmq/eventloop/minitornado/platform\n      copying zmq/eventloop/minitornado/platform/auto.py -> build/lib.linux-x86_64-cpython-311/zmq/eventloop/minitornado/platform\n      copying zmq/eventloop/minitornado/platform/posix.py -> build/lib.linux-x86_64-cpython-311/zmq/eventloop/minitornado/platform\n      copying zmq/eventloop/minitornado/platform/windows.py -> build/lib.linux-x86_64-cpython-311/zmq/eventloop/minitornado/platform\n      copying zmq/eventloop/minitornado/platform/interface.py -> build/lib.linux-x86_64-cpython-311/zmq/eventloop/minitornado/platform\n      copying zmq/eventloop/minitornado/platform/common.py -> build/lib.linux-x86_64-cpython-311/zmq/eventloop/minitornado/platform\n      creating build/lib.linux-x86_64-cpython-311/zmq/auth\n      copying zmq/auth/thread.py -> build/lib.linux-x86_64-cpython-311/zmq/auth\n      copying zmq/auth/__init__.py -> build/lib.linux-x86_64-cpython-311/zmq/auth\n      copying zmq/auth/base.py -> build/lib.linux-x86_64-cpython-311/zmq/auth\n      copying zmq/auth/ioloop.py -> build/lib.linux-x86_64-cpython-311/zmq/auth\n      copying zmq/auth/asyncio.py -> build/lib.linux-x86_64-cpython-311/zmq/auth\n      copying zmq/auth/certs.py -> build/lib.linux-x86_64-cpython-311/zmq/auth\n      creating build/lib.linux-x86_64-cpython-311/zmq/ssh\n      copying zmq/ssh/__init__.py -> build/lib.linux-x86_64-cpython-311/zmq/ssh\n      copying zmq/ssh/tunnel.py -> build/lib.linux-x86_64-cpython-311/zmq/ssh\n      copying zmq/ssh/forward.py -> build/lib.linux-x86_64-cpython-311/zmq/ssh\n      creating build/lib.linux-x86_64-cpython-311/zmq/sugar\n      copying zmq/sugar/__init__.py -> build/lib.linux-x86_64-cpython-311/zmq/sugar\n      copying zmq/sugar/version.py -> build/lib.linux-x86_64-cpython-311/zmq/sugar\n      copying zmq/sugar/tracker.py -> build/lib.linux-x86_64-cpython-311/zmq/sugar\n      copying zmq/sugar/attrsettr.py -> build/lib.linux-x86_64-cpython-311/zmq/sugar\n      copying zmq/sugar/context.py -> build/lib.linux-x86_64-cpython-311/zmq/sugar\n      copying zmq/sugar/poll.py -> build/lib.linux-x86_64-cpython-311/zmq/sugar\n      copying zmq/sugar/stopwatch.py -> build/lib.linux-x86_64-cpython-311/zmq/sugar\n      copying zmq/sugar/frame.py -> build/lib.linux-x86_64-cpython-311/zmq/sugar\n      copying zmq/sugar/socket.py -> build/lib.linux-x86_64-cpython-311/zmq/sugar\n      copying zmq/sugar/constants.py -> build/lib.linux-x86_64-cpython-311/zmq/sugar\n      copying zmq/__init__.pxd -> build/lib.linux-x86_64-cpython-311/zmq\n      copying zmq/__init__.pyi -> build/lib.linux-x86_64-cpython-311/zmq\n      copying zmq/py.typed -> build/lib.linux-x86_64-cpython-311/zmq\n      copying zmq/utils/buffers.pxd -> build/lib.linux-x86_64-cpython-311/zmq/utils\n      copying zmq/utils/getpid_compat.h -> build/lib.linux-x86_64-cpython-311/zmq/utils\n      copying zmq/utils/zmq_constants.h -> build/lib.linux-x86_64-cpython-311/zmq/utils\n      copying zmq/utils/zmq_compat.h -> build/lib.linux-x86_64-cpython-311/zmq/utils\n      copying zmq/utils/mutex.h -> build/lib.linux-x86_64-cpython-311/zmq/utils\n      copying zmq/utils/pyversion_compat.h -> build/lib.linux-x86_64-cpython-311/zmq/utils\n      copying zmq/utils/ipcmaxlen.h -> build/lib.linux-x86_64-cpython-311/zmq/utils\n      copying zmq/utils/compiler.json -> build/lib.linux-x86_64-cpython-311/zmq/utils\n      copying zmq/utils/config.json -> build/lib.linux-x86_64-cpython-311/zmq/utils\n      copying zmq/devices/monitoredqueue.pxd -> build/lib.linux-x86_64-cpython-311/zmq/devices\n      copying zmq/backend/__init__.pyi -> build/lib.linux-x86_64-cpython-311/zmq/backend\n      copying zmq/backend/constants.pyi -> build/lib.linux-x86_64-cpython-311/zmq/backend\n      copying zmq/backend/cffi/_cdefs.h -> build/lib.linux-x86_64-cpython-311/zmq/backend/cffi\n      copying zmq/backend/cython/checkrc.pxd -> build/lib.linux-x86_64-cpython-311/zmq/backend/cython\n      copying zmq/backend/cython/context.pxd -> build/lib.linux-x86_64-cpython-311/zmq/backend/cython\n      copying zmq/backend/cython/libzmq.pxd -> build/lib.linux-x86_64-cpython-311/zmq/backend/cython\n      copying zmq/backend/cython/__init__.pxd -> build/lib.linux-x86_64-cpython-311/zmq/backend/cython\n      copying zmq/backend/cython/message.pxd -> build/lib.linux-x86_64-cpython-311/zmq/backend/cython\n      copying zmq/backend/cython/socket.pxd -> build/lib.linux-x86_64-cpython-311/zmq/backend/cython\n      copying zmq/backend/cython/constants.pxi -> build/lib.linux-x86_64-cpython-311/zmq/backend/cython\n      copying zmq/backend/cython/constant_enums.pxi -> build/lib.linux-x86_64-cpython-311/zmq/backend/cython\n      copying zmq/sugar/__init__.pyi -> build/lib.linux-x86_64-cpython-311/zmq/sugar\n      copying zmq/sugar/constants.pyi -> build/lib.linux-x86_64-cpython-311/zmq/sugar\n      running build_ext\n      running configure\n      Using bundled libzmq\n      already have bundled/zeromq\n      already have platform.hpp\n      checking for timer_create\n      gcc -pthread -Wsign-compare -DNDEBUG -g -fwrapv -O3 -Wall -fPIC -c /tmp/timer_createfkupov9u.c -o build/temp.linux-x86_64-cpython-311/tmp/timer_createfkupov9u.o\n      /tmp/timer_createfkupov9u.c: In function main:\n      /tmp/timer_createfkupov9u.c:2:5: warning: implicit declaration of function timer_create [-Wimplicit-function-declaration]\n          2 |     timer_create();\n            |     ^~~~~~~~~~~~\n      gcc -pthread build/temp.linux-x86_64-cpython-311/tmp/timer_createfkupov9u.o -o build/temp.linux-x86_64-cpython-311/a.out\n      /usr/bin/ld: build/temp.linux-x86_64-cpython-311/tmp/timer_createfkupov9u.o: in function `main':\n      /tmp/timer_createfkupov9u.c:2: undefined reference to `timer_create'\n      collect2: error: ld returned 1 exit status\n      no timer_create, linking librt\n      building 'zmq.libzmq' extension\n      creating build/temp.linux-x86_64-cpython-311/buildutils\n      creating build/temp.linux-x86_64-cpython-311/bundled\n      creating build/temp.linux-x86_64-cpython-311/bundled/zeromq\n      creating build/temp.linux-x86_64-cpython-311/bundled/zeromq/src\n      g++ -std=c++11 -pthread -Wsign-compare -DNDEBUG -g -fwrapv -O3 -Wall -fPIC -DZMQ_HAVE_CURVE=1 -DZMQ_USE_TWEETNACL=1 -DZMQ_USE_EPOLL=1 -DZMQ_IOTHREADS_USE_EPOLL=1 -DZMQ_POLL_BASED_ON_POLL=1 -Ibundled/zeromq/include -Ibundled -I/usr/local/include/python3.11 -c buildutils/initlibzmq.cpp -o build/temp.linux-x86_64-cpython-311/buildutils/initlibzmq.o\n      g++ -std=c++11 -pthread -Wsign-compare -DNDEBUG -g -fwrapv -O3 -Wall -fPIC -DZMQ_HAVE_CURVE=1 -DZMQ_USE_TWEETNACL=1 -DZMQ_USE_EPOLL=1 -DZMQ_IOTHREADS_USE_EPOLL=1 -DZMQ_POLL_BASED_ON_POLL=1 -Ibundled/zeromq/include -Ibundled -I/usr/local/include/python3.11 -c bundled/zeromq/src/address.cpp -o build/temp.linux-x86_64-cpython-311/bundled/zeromq/src/address.o\n      g++ -std=c++11 -pthread -Wsign-compare -DNDEBUG -g -fwrapv -O3 -Wall -fPIC -DZMQ_HAVE_CURVE=1 -DZMQ_USE_TWEETNACL=1 -DZMQ_USE_EPOLL=1 -DZMQ_IOTHREADS_USE_EPOLL=1 -DZMQ_POLL_BASED_ON_POLL=1 -Ibundled/zeromq/include -Ibundled -I/usr/local/include/python3.11 -c bundled/zeromq/src/channel.cpp -o build/temp.linux-x86_64-cpython-311/bundled/zeromq/src/channel.o\n      g++ -std=c++11 -pthread -Wsign-compare -DNDEBUG -g -fwrapv -O3 -Wall -fPIC -DZMQ_HAVE_CURVE=1 -DZMQ_USE_TWEETNACL=1 -DZMQ_USE_EPOLL=1 -DZMQ_IOTHREADS_USE_EPOLL=1 -DZMQ_POLL_BASED_ON_POLL=1 -Ibundled/zeromq/include -Ibundled -I/usr/local/include/python3.11 -c bundled/zeromq/src/client.cpp -o build/temp.linux-x86_64-cpython-311/bundled/zeromq/src/client.o\n      g++ -std=c++11 -pthread -Wsign-compare -DNDEBUG -g -fwrapv -O3 -Wall -fPIC -DZMQ_HAVE_CURVE=1 -DZMQ_USE_TWEETNACL=1 -DZMQ_USE_EPOLL=1 -DZMQ_IOTHREADS_USE_EPOLL=1 -DZMQ_POLL_BASED_ON_POLL=1 -Ibundled/zeromq/include -Ibundled -I/usr/local/include/python3.11 -c bundled/zeromq/src/clock.cpp -o build/temp.linux-x86_64-cpython-311/bundled/zeromq/src/clock.o\n      g++ -std=c++11 -pthread -Wsign-compare -DNDEBUG -g -fwrapv -O3 -Wall -fPIC -DZMQ_HAVE_CURVE=1 -DZMQ_USE_TWEETNACL=1 -DZMQ_USE_EPOLL=1 -DZMQ_IOTHREADS_USE_EPOLL=1 -DZMQ_POLL_BASED_ON_POLL=1 -Ibundled/zeromq/include -Ibundled -I/usr/local/include/python3.11 -c bundled/zeromq/src/ctx.cpp -o build/temp.linux-x86_64-cpython-311/bundled/zeromq/src/ctx.o\n      g++ -std=c++11 -pthread -Wsign-compare -DNDEBUG -g -fwrapv -O3 -Wall -fPIC -DZMQ_HAVE_CURVE=1 -DZMQ_USE_TWEETNACL=1 -DZMQ_USE_EPOLL=1 -DZMQ_IOTHREADS_USE_EPOLL=1 -DZMQ_POLL_BASED_ON_POLL=1 -Ibundled/zeromq/include -Ibundled -I/usr/local/include/python3.11 -c bundled/zeromq/src/curve_client.cpp -o build/temp.linux-x86_64-cpython-311/bundled/zeromq/src/curve_client.o\n      g++ -std=c++11 -pthread -Wsign-compare -DNDEBUG -g -fwrapv -O3 -Wall -fPIC -DZMQ_HAVE_CURVE=1 -DZMQ_USE_TWEETNACL=1 -DZMQ_USE_EPOLL=1 -DZMQ_IOTHREADS_USE_EPOLL=1 -DZMQ_POLL_BASED_ON_POLL=1 -Ibundled/zeromq/include -Ibundled -I/usr/local/include/python3.11 -c bundled/zeromq/src/curve_mechanism_base.cpp -o build/temp.linux-x86_64-cpython-311/bundled/zeromq/src/curve_mechanism_base.o\n      g++ -std=c++11 -pthread -Wsign-compare -DNDEBUG -g -fwrapv -O3 -Wall -fPIC -DZMQ_HAVE_CURVE=1 -DZMQ_USE_TWEETNACL=1 -DZMQ_USE_EPOLL=1 -DZMQ_IOTHREADS_USE_EPOLL=1 -DZMQ_POLL_BASED_ON_POLL=1 -Ibundled/zeromq/include -Ibundled -I/usr/local/include/python3.11 -c bundled/zeromq/src/curve_server.cpp -o build/temp.linux-x86_64-cpython-311/bundled/zeromq/src/curve_server.o\n      g++ -std=c++11 -pthread -Wsign-compare -DNDEBUG -g -fwrapv -O3 -Wall -fPIC -DZMQ_HAVE_CURVE=1 -DZMQ_USE_TWEETNACL=1 -DZMQ_USE_EPOLL=1 -DZMQ_IOTHREADS_USE_EPOLL=1 -DZMQ_POLL_BASED_ON_POLL=1 -Ibundled/zeromq/include -Ibundled -I/usr/local/include/python3.11 -c bundled/zeromq/src/dealer.cpp -o build/temp.linux-x86_64-cpython-311/bundled/zeromq/src/dealer.o\n      g++ -std=c++11 -pthread -Wsign-compare -DNDEBUG -g -fwrapv -O3 -Wall -fPIC -DZMQ_HAVE_CURVE=1 -DZMQ_USE_TWEETNACL=1 -DZMQ_USE_EPOLL=1 -DZMQ_IOTHREADS_USE_EPOLL=1 -DZMQ_POLL_BASED_ON_POLL=1 -Ibundled/zeromq/include -Ibundled -I/usr/local/include/python3.11 -c bundled/zeromq/src/decoder_allocators.cpp -o build/temp.linux-x86_64-cpython-311/bundled/zeromq/src/decoder_allocators.o\n      g++ -std=c++11 -pthread -Wsign-compare -DNDEBUG -g -fwrapv -O3 -Wall -fPIC -DZMQ_HAVE_CURVE=1 -DZMQ_USE_TWEETNACL=1 -DZMQ_USE_EPOLL=1 -DZMQ_IOTHREADS_USE_EPOLL=1 -DZMQ_POLL_BASED_ON_POLL=1 -Ibundled/zeromq/include -Ibundled -I/usr/local/include/python3.11 -c bundled/zeromq/src/devpoll.cpp -o build/temp.linux-x86_64-cpython-311/bundled/zeromq/src/devpoll.o\n      g++ -std=c++11 -pthread -Wsign-compare -DNDEBUG -g -fwrapv -O3 -Wall -fPIC -DZMQ_HAVE_CURVE=1 -DZMQ_USE_TWEETNACL=1 -DZMQ_USE_EPOLL=1 -DZMQ_IOTHREADS_USE_EPOLL=1 -DZMQ_POLL_BASED_ON_POLL=1 -Ibundled/zeromq/include -Ibundled -I/usr/local/include/python3.11 -c bundled/zeromq/src/dgram.cpp -o build/temp.linux-x86_64-cpython-311/bundled/zeromq/src/dgram.o\n      g++ -std=c++11 -pthread -Wsign-compare -DNDEBUG -g -fwrapv -O3 -Wall -fPIC -DZMQ_HAVE_CURVE=1 -DZMQ_USE_TWEETNACL=1 -DZMQ_USE_EPOLL=1 -DZMQ_IOTHREADS_USE_EPOLL=1 -DZMQ_POLL_BASED_ON_POLL=1 -Ibundled/zeromq/include -Ibundled -I/usr/local/include/python3.11 -c bundled/zeromq/src/dish.cpp -o build/temp.linux-x86_64-cpython-311/bundled/zeromq/src/dish.o\n      g++ -std=c++11 -pthread -Wsign-compare -DNDEBUG -g -fwrapv -O3 -Wall -fPIC -DZMQ_HAVE_CURVE=1 -DZMQ_USE_TWEETNACL=1 -DZMQ_USE_EPOLL=1 -DZMQ_IOTHREADS_USE_EPOLL=1 -DZMQ_POLL_BASED_ON_POLL=1 -Ibundled/zeromq/include -Ibundled -I/usr/local/include/python3.11 -c bundled/zeromq/src/dist.cpp -o build/temp.linux-x86_64-cpython-311/bundled/zeromq/src/dist.o\n      g++ -std=c++11 -pthread -Wsign-compare -DNDEBUG -g -fwrapv -O3 -Wall -fPIC -DZMQ_HAVE_CURVE=1 -DZMQ_USE_TWEETNACL=1 -DZMQ_USE_EPOLL=1 -DZMQ_IOTHREADS_USE_EPOLL=1 -DZMQ_POLL_BASED_ON_POLL=1 -Ibundled/zeromq/include -Ibundled -I/usr/local/include/python3.11 -c bundled/zeromq/src/endpoint.cpp -o build/temp.linux-x86_64-cpython-311/bundled/zeromq/src/endpoint.o\n      g++ -std=c++11 -pthread -Wsign-compare -DNDEBUG -g -fwrapv -O3 -Wall -fPIC -DZMQ_HAVE_CURVE=1 -DZMQ_USE_TWEETNACL=1 -DZMQ_USE_EPOLL=1 -DZMQ_IOTHREADS_USE_EPOLL=1 -DZMQ_POLL_BASED_ON_POLL=1 -Ibundled/zeromq/include -Ibundled -I/usr/local/include/python3.11 -c bundled/zeromq/src/epoll.cpp -o build/temp.linux-x86_64-cpython-311/bundled/zeromq/src/epoll.o\n      g++ -std=c++11 -pthread -Wsign-compare -DNDEBUG -g -fwrapv -O3 -Wall -fPIC -DZMQ_HAVE_CURVE=1 -DZMQ_USE_TWEETNACL=1 -DZMQ_USE_EPOLL=1 -DZMQ_IOTHREADS_USE_EPOLL=1 -DZMQ_POLL_BASED_ON_POLL=1 -Ibundled/zeromq/include -Ibundled -I/usr/local/include/python3.11 -c bundled/zeromq/src/err.cpp -o build/temp.linux-x86_64-cpython-311/bundled/zeromq/src/err.o\n      g++ -std=c++11 -pthread -Wsign-compare -DNDEBUG -g -fwrapv -O3 -Wall -fPIC -DZMQ_HAVE_CURVE=1 -DZMQ_USE_TWEETNACL=1 -DZMQ_USE_EPOLL=1 -DZMQ_IOTHREADS_USE_EPOLL=1 -DZMQ_POLL_BASED_ON_POLL=1 -Ibundled/zeromq/include -Ibundled -I/usr/local/include/python3.11 -c bundled/zeromq/src/fq.cpp -o build/temp.linux-x86_64-cpython-311/bundled/zeromq/src/fq.o\n      g++ -std=c++11 -pthread -Wsign-compare -DNDEBUG -g -fwrapv -O3 -Wall -fPIC -DZMQ_HAVE_CURVE=1 -DZMQ_USE_TWEETNACL=1 -DZMQ_USE_EPOLL=1 -DZMQ_IOTHREADS_USE_EPOLL=1 -DZMQ_POLL_BASED_ON_POLL=1 -Ibundled/zeromq/include -Ibundled -I/usr/local/include/python3.11 -c bundled/zeromq/src/gather.cpp -o build/temp.linux-x86_64-cpython-311/bundled/zeromq/src/gather.o\n      g++ -std=c++11 -pthread -Wsign-compare -DNDEBUG -g -fwrapv -O3 -Wall -fPIC -DZMQ_HAVE_CURVE=1 -DZMQ_USE_TWEETNACL=1 -DZMQ_USE_EPOLL=1 -DZMQ_IOTHREADS_USE_EPOLL=1 -DZMQ_POLL_BASED_ON_POLL=1 -Ibundled/zeromq/include -Ibundled -I/usr/local/include/python3.11 -c bundled/zeromq/src/gssapi_client.cpp -o build/temp.linux-x86_64-cpython-311/bundled/zeromq/src/gssapi_client.o\n      g++ -std=c++11 -pthread -Wsign-compare -DNDEBUG -g -fwrapv -O3 -Wall -fPIC -DZMQ_HAVE_CURVE=1 -DZMQ_USE_TWEETNACL=1 -DZMQ_USE_EPOLL=1 -DZMQ_IOTHREADS_USE_EPOLL=1 -DZMQ_POLL_BASED_ON_POLL=1 -Ibundled/zeromq/include -Ibundled -I/usr/local/include/python3.11 -c bundled/zeromq/src/gssapi_mechanism_base.cpp -o build/temp.linux-x86_64-cpython-311/bundled/zeromq/src/gssapi_mechanism_base.o\n      g++ -std=c++11 -pthread -Wsign-compare -DNDEBUG -g -fwrapv -O3 -Wall -fPIC -DZMQ_HAVE_CURVE=1 -DZMQ_USE_TWEETNACL=1 -DZMQ_USE_EPOLL=1 -DZMQ_IOTHREADS_USE_EPOLL=1 -DZMQ_POLL_BASED_ON_POLL=1 -Ibundled/zeromq/include -Ibundled -I/usr/local/include/python3.11 -c bundled/zeromq/src/gssapi_server.cpp -o build/temp.linux-x86_64-cpython-311/bundled/zeromq/src/gssapi_server.o\n      g++ -std=c++11 -pthread -Wsign-compare -DNDEBUG -g -fwrapv -O3 -Wall -fPIC -DZMQ_HAVE_CURVE=1 -DZMQ_USE_TWEETNACL=1 -DZMQ_USE_EPOLL=1 -DZMQ_IOTHREADS_USE_EPOLL=1 -DZMQ_POLL_BASED_ON_POLL=1 -Ibundled/zeromq/include -Ibundled -I/usr/local/include/python3.11 -c bundled/zeromq/src/io_object.cpp -o build/temp.linux-x86_64-cpython-311/bundled/zeromq/src/io_object.o\n      g++ -std=c++11 -pthread -Wsign-compare -DNDEBUG -g -fwrapv -O3 -Wall -fPIC -DZMQ_HAVE_CURVE=1 -DZMQ_USE_TWEETNACL=1 -DZMQ_USE_EPOLL=1 -DZMQ_IOTHREADS_USE_EPOLL=1 -DZMQ_POLL_BASED_ON_POLL=1 -Ibundled/zeromq/include -Ibundled -I/usr/local/include/python3.11 -c bundled/zeromq/src/io_thread.cpp -o build/temp.linux-x86_64-cpython-311/bundled/zeromq/src/io_thread.o\n      g++ -std=c++11 -pthread -Wsign-compare -DNDEBUG -g -fwrapv -O3 -Wall -fPIC -DZMQ_HAVE_CURVE=1 -DZMQ_USE_TWEETNACL=1 -DZMQ_USE_EPOLL=1 -DZMQ_IOTHREADS_USE_EPOLL=1 -DZMQ_POLL_BASED_ON_POLL=1 -Ibundled/zeromq/include -Ibundled -I/usr/local/include/python3.11 -c bundled/zeromq/src/ip.cpp -o build/temp.linux-x86_64-cpython-311/bundled/zeromq/src/ip.o\n      g++ -std=c++11 -pthread -Wsign-compare -DNDEBUG -g -fwrapv -O3 -Wall -fPIC -DZMQ_HAVE_CURVE=1 -DZMQ_USE_TWEETNACL=1 -DZMQ_USE_EPOLL=1 -DZMQ_IOTHREADS_USE_EPOLL=1 -DZMQ_POLL_BASED_ON_POLL=1 -Ibundled/zeromq/include -Ibundled -I/usr/local/include/python3.11 -c bundled/zeromq/src/ip_resolver.cpp -o build/temp.linux-x86_64-cpython-311/bundled/zeromq/src/ip_resolver.o\n      g++ -std=c++11 -pthread -Wsign-compare -DNDEBUG -g -fwrapv -O3 -Wall -fPIC -DZMQ_HAVE_CURVE=1 -DZMQ_USE_TWEETNACL=1 -DZMQ_USE_EPOLL=1 -DZMQ_IOTHREADS_USE_EPOLL=1 -DZMQ_POLL_BASED_ON_POLL=1 -Ibundled/zeromq/include -Ibundled -I/usr/local/include/python3.11 -c bundled/zeromq/src/ipc_address.cpp -o build/temp.linux-x86_64-cpython-311/bundled/zeromq/src/ipc_address.o\n      g++ -std=c++11 -pthread -Wsign-compare -DNDEBUG -g -fwrapv -O3 -Wall -fPIC -DZMQ_HAVE_CURVE=1 -DZMQ_USE_TWEETNACL=1 -DZMQ_USE_EPOLL=1 -DZMQ_IOTHREADS_USE_EPOLL=1 -DZMQ_POLL_BASED_ON_POLL=1 -Ibundled/zeromq/include -Ibundled -I/usr/local/include/python3.11 -c bundled/zeromq/src/ipc_connecter.cpp -o build/temp.linux-x86_64-cpython-311/bundled/zeromq/src/ipc_connecter.o\n      g++ -std=c++11 -pthread -Wsign-compare -DNDEBUG -g -fwrapv -O3 -Wall -fPIC -DZMQ_HAVE_CURVE=1 -DZMQ_USE_TWEETNACL=1 -DZMQ_USE_EPOLL=1 -DZMQ_IOTHREADS_USE_EPOLL=1 -DZMQ_POLL_BASED_ON_POLL=1 -Ibundled/zeromq/include -Ibundled -I/usr/local/include/python3.11 -c bundled/zeromq/src/ipc_listener.cpp -o build/temp.linux-x86_64-cpython-311/bundled/zeromq/src/ipc_listener.o\n      g++ -std=c++11 -pthread -Wsign-compare -DNDEBUG -g -fwrapv -O3 -Wall -fPIC -DZMQ_HAVE_CURVE=1 -DZMQ_USE_TWEETNACL=1 -DZMQ_USE_EPOLL=1 -DZMQ_IOTHREADS_USE_EPOLL=1 -DZMQ_POLL_BASED_ON_POLL=1 -Ibundled/zeromq/include -Ibundled -I/usr/local/include/python3.11 -c bundled/zeromq/src/kqueue.cpp -o build/temp.linux-x86_64-cpython-311/bundled/zeromq/src/kqueue.o\n      g++ -std=c++11 -pthread -Wsign-compare -DNDEBUG -g -fwrapv -O3 -Wall -fPIC -DZMQ_HAVE_CURVE=1 -DZMQ_USE_TWEETNACL=1 -DZMQ_USE_EPOLL=1 -DZMQ_IOTHREADS_USE_EPOLL=1 -DZMQ_POLL_BASED_ON_POLL=1 -Ibundled/zeromq/include -Ibundled -I/usr/local/include/python3.11 -c bundled/zeromq/src/lb.cpp -o build/temp.linux-x86_64-cpython-311/bundled/zeromq/src/lb.o\n      g++ -std=c++11 -pthread -Wsign-compare -DNDEBUG -g -fwrapv -O3 -Wall -fPIC -DZMQ_HAVE_CURVE=1 -DZMQ_USE_TWEETNACL=1 -DZMQ_USE_EPOLL=1 -DZMQ_IOTHREADS_USE_EPOLL=1 -DZMQ_POLL_BASED_ON_POLL=1 -Ibundled/zeromq/include -Ibundled -I/usr/local/include/python3.11 -c bundled/zeromq/src/mailbox.cpp -o build/temp.linux-x86_64-cpython-311/bundled/zeromq/src/mailbox.o\n      g++ -std=c++11 -pthread -Wsign-compare -DNDEBUG -g -fwrapv -O3 -Wall -fPIC -DZMQ_HAVE_CURVE=1 -DZMQ_USE_TWEETNACL=1 -DZMQ_USE_EPOLL=1 -DZMQ_IOTHREADS_USE_EPOLL=1 -DZMQ_POLL_BASED_ON_POLL=1 -Ibundled/zeromq/include -Ibundled -I/usr/local/include/python3.11 -c bundled/zeromq/src/mailbox_safe.cpp -o build/temp.linux-x86_64-cpython-311/bundled/zeromq/src/mailbox_safe.o\n      g++ -std=c++11 -pthread -Wsign-compare -DNDEBUG -g -fwrapv -O3 -Wall -fPIC -DZMQ_HAVE_CURVE=1 -DZMQ_USE_TWEETNACL=1 -DZMQ_USE_EPOLL=1 -DZMQ_IOTHREADS_USE_EPOLL=1 -DZMQ_POLL_BASED_ON_POLL=1 -Ibundled/zeromq/include -Ibundled -I/usr/local/include/python3.11 -c bundled/zeromq/src/mechanism.cpp -o build/temp.linux-x86_64-cpython-311/bundled/zeromq/src/mechanism.o\n      g++ -std=c++11 -pthread -Wsign-compare -DNDEBUG -g -fwrapv -O3 -Wall -fPIC -DZMQ_HAVE_CURVE=1 -DZMQ_USE_TWEETNACL=1 -DZMQ_USE_EPOLL=1 -DZMQ_IOTHREADS_USE_EPOLL=1 -DZMQ_POLL_BASED_ON_POLL=1 -Ibundled/zeromq/include -Ibundled -I/usr/local/include/python3.11 -c bundled/zeromq/src/mechanism_base.cpp -o build/temp.linux-x86_64-cpython-311/bundled/zeromq/src/mechanism_base.o\n      g++ -std=c++11 -pthread -Wsign-compare -DNDEBUG -g -fwrapv -O3 -Wall -fPIC -DZMQ_HAVE_CURVE=1 -DZMQ_USE_TWEETNACL=1 -DZMQ_USE_EPOLL=1 -DZMQ_IOTHREADS_USE_EPOLL=1 -DZMQ_POLL_BASED_ON_POLL=1 -Ibundled/zeromq/include -Ibundled -I/usr/local/include/python3.11 -c bundled/zeromq/src/metadata.cpp -o build/temp.linux-x86_64-cpython-311/bundled/zeromq/src/metadata.o\n      g++ -std=c++11 -pthread -Wsign-compare -DNDEBUG -g -fwrapv -O3 -Wall -fPIC -DZMQ_HAVE_CURVE=1 -DZMQ_USE_TWEETNACL=1 -DZMQ_USE_EPOLL=1 -DZMQ_IOTHREADS_USE_EPOLL=1 -DZMQ_POLL_BASED_ON_POLL=1 -Ibundled/zeromq/include -Ibundled -I/usr/local/include/python3.11 -c bundled/zeromq/src/msg.cpp -o build/temp.linux-x86_64-cpython-311/bundled/zeromq/src/msg.o\n      g++ -std=c++11 -pthread -Wsign-compare -DNDEBUG -g -fwrapv -O3 -Wall -fPIC -DZMQ_HAVE_CURVE=1 -DZMQ_USE_TWEETNACL=1 -DZMQ_USE_EPOLL=1 -DZMQ_IOTHREADS_USE_EPOLL=1 -DZMQ_POLL_BASED_ON_POLL=1 -Ibundled/zeromq/include -Ibundled -I/usr/local/include/python3.11 -c bundled/zeromq/src/mtrie.cpp -o build/temp.linux-x86_64-cpython-311/bundled/zeromq/src/mtrie.o\n      g++ -std=c++11 -pthread -Wsign-compare -DNDEBUG -g -fwrapv -O3 -Wall -fPIC -DZMQ_HAVE_CURVE=1 -DZMQ_USE_TWEETNACL=1 -DZMQ_USE_EPOLL=1 -DZMQ_IOTHREADS_USE_EPOLL=1 -DZMQ_POLL_BASED_ON_POLL=1 -Ibundled/zeromq/include -Ibundled -I/usr/local/include/python3.11 -c bundled/zeromq/src/norm_engine.cpp -o build/temp.linux-x86_64-cpython-311/bundled/zeromq/src/norm_engine.o\n      g++ -std=c++11 -pthread -Wsign-compare -DNDEBUG -g -fwrapv -O3 -Wall -fPIC -DZMQ_HAVE_CURVE=1 -DZMQ_USE_TWEETNACL=1 -DZMQ_USE_EPOLL=1 -DZMQ_IOTHREADS_USE_EPOLL=1 -DZMQ_POLL_BASED_ON_POLL=1 -Ibundled/zeromq/include -Ibundled -I/usr/local/include/python3.11 -c bundled/zeromq/src/null_mechanism.cpp -o build/temp.linux-x86_64-cpython-311/bundled/zeromq/src/null_mechanism.o\n      g++ -std=c++11 -pthread -Wsign-compare -DNDEBUG -g -fwrapv -O3 -Wall -fPIC -DZMQ_HAVE_CURVE=1 -DZMQ_USE_TWEETNACL=1 -DZMQ_USE_EPOLL=1 -DZMQ_IOTHREADS_USE_EPOLL=1 -DZMQ_POLL_BASED_ON_POLL=1 -Ibundled/zeromq/include -Ibundled -I/usr/local/include/python3.11 -c bundled/zeromq/src/object.cpp -o build/temp.linux-x86_64-cpython-311/bundled/zeromq/src/object.o\n      g++ -std=c++11 -pthread -Wsign-compare -DNDEBUG -g -fwrapv -O3 -Wall -fPIC -DZMQ_HAVE_CURVE=1 -DZMQ_USE_TWEETNACL=1 -DZMQ_USE_EPOLL=1 -DZMQ_IOTHREADS_USE_EPOLL=1 -DZMQ_POLL_BASED_ON_POLL=1 -Ibundled/zeromq/include -Ibundled -I/usr/local/include/python3.11 -c bundled/zeromq/src/options.cpp -o build/temp.linux-x86_64-cpython-311/bundled/zeromq/src/options.o\n      g++ -std=c++11 -pthread -Wsign-compare -DNDEBUG -g -fwrapv -O3 -Wall -fPIC -DZMQ_HAVE_CURVE=1 -DZMQ_USE_TWEETNACL=1 -DZMQ_USE_EPOLL=1 -DZMQ_IOTHREADS_USE_EPOLL=1 -DZMQ_POLL_BASED_ON_POLL=1 -Ibundled/zeromq/include -Ibundled -I/usr/local/include/python3.11 -c bundled/zeromq/src/own.cpp -o build/temp.linux-x86_64-cpython-311/bundled/zeromq/src/own.o\n      g++ -std=c++11 -pthread -Wsign-compare -DNDEBUG -g -fwrapv -O3 -Wall -fPIC -DZMQ_HAVE_CURVE=1 -DZMQ_USE_TWEETNACL=1 -DZMQ_USE_EPOLL=1 -DZMQ_IOTHREADS_USE_EPOLL=1 -DZMQ_POLL_BASED_ON_POLL=1 -Ibundled/zeromq/include -Ibundled -I/usr/local/include/python3.11 -c bundled/zeromq/src/pair.cpp -o build/temp.linux-x86_64-cpython-311/bundled/zeromq/src/pair.o\n      g++ -std=c++11 -pthread -Wsign-compare -DNDEBUG -g -fwrapv -O3 -Wall -fPIC -DZMQ_HAVE_CURVE=1 -DZMQ_USE_TWEETNACL=1 -DZMQ_USE_EPOLL=1 -DZMQ_IOTHREADS_USE_EPOLL=1 -DZMQ_POLL_BASED_ON_POLL=1 -Ibundled/zeromq/include -Ibundled -I/usr/local/include/python3.11 -c bundled/zeromq/src/peer.cpp -o build/temp.linux-x86_64-cpython-311/bundled/zeromq/src/peer.o\n      g++ -std=c++11 -pthread -Wsign-compare -DNDEBUG -g -fwrapv -O3 -Wall -fPIC -DZMQ_HAVE_CURVE=1 -DZMQ_USE_TWEETNACL=1 -DZMQ_USE_EPOLL=1 -DZMQ_IOTHREADS_USE_EPOLL=1 -DZMQ_POLL_BASED_ON_POLL=1 -Ibundled/zeromq/include -Ibundled -I/usr/local/include/python3.11 -c bundled/zeromq/src/pgm_receiver.cpp -o build/temp.linux-x86_64-cpython-311/bundled/zeromq/src/pgm_receiver.o\n      g++ -std=c++11 -pthread -Wsign-compare -DNDEBUG -g -fwrapv -O3 -Wall -fPIC -DZMQ_HAVE_CURVE=1 -DZMQ_USE_TWEETNACL=1 -DZMQ_USE_EPOLL=1 -DZMQ_IOTHREADS_USE_EPOLL=1 -DZMQ_POLL_BASED_\u001b[0m\u001b[91mON_POLL=1 -Ibundled/zeromq/include -Ibundled -I/usr/local/include/python3.11 -c bundled/zeromq/src/pgm_sender.cpp -o build/temp.linux-x86_64-cpython-311/bundled/zeromq/src/pgm_sender.o\n      g++ -std=c++11 -pthread -Wsign-compare -DNDEBUG -g -fwrapv -O3 -Wall -fPIC -DZMQ_HAVE_CURVE=1 -DZMQ_USE_TWEETNACL=1 -DZMQ_USE_EPOLL=1 -DZMQ_IOTHREADS_USE_EPOLL=1 -DZMQ_POLL_BASED_ON_POLL=1 -Ibundled/zeromq/include -Ibundled -I/usr/local/include/python3.11 -c bundled/zeromq/src/pgm_socket.cpp -o build/temp.linux-x86_64-cpython-311/bundled/zeromq/src/pgm_socket.o\n      g++ -std=c++11 -pthread -Wsign-compare -DNDEBUG -g -fwrapv -O3 -Wall -fPIC -DZMQ_HAVE_CURVE=1 -DZMQ_USE_TWEETNACL=1 -DZMQ_USE_EPOLL=1 -DZMQ_IOTHREADS_USE_EPOLL=1 -DZMQ_POLL_BASED_ON_POLL=1 -Ibundled/zeromq/include -Ibundled -I/usr/local/include/python3.11 -c bundled/zeromq/src/pipe.cpp -o build/temp.linux-x86_64-cpython-311/bundled/zeromq/src/pipe.o\n      g++ -std=c++11 -pthread -Wsign-compare -DNDEBUG -g -fwrapv -O3 -Wall -fPIC -DZMQ_HAVE_CURVE=1 -DZMQ_USE_TWEETNACL=1 -DZMQ_USE_EPOLL=1 -DZMQ_IOTHREADS_USE_EPOLL=1 -DZMQ_POLL_BASED_ON_POLL=1 -Ibundled/zeromq/include -Ibundled -I/usr/local/include/python3.11 -c bundled/zeromq/src/plain_client.cpp -o build/temp.linux-x86_64-cpython-311/bundled/zeromq/src/plain_client.o\n      g++ -std=c++11 -pthread -Wsign-compare -DNDEBUG -g -fwrapv -O3 -Wall -fPIC -DZMQ_HAVE_CURVE=1 -DZMQ_USE_TWEETNACL=1 -DZMQ_USE_EPOLL=1 -DZMQ_IOTHREADS_USE_EPOLL=1 -DZMQ_POLL_BASED_ON_POLL=1 -Ibundled/zeromq/include -Ibundled -I/usr/local/include/python3.11 -c bundled/zeromq/src/plain_server.cpp -o build/temp.linux-x86_64-cpython-311/bundled/zeromq/src/plain_server.o\n      g++ -std=c++11 -pthread -Wsign-compare -DNDEBUG -g -fwrapv -O3 -Wall -fPIC -DZMQ_HAVE_CURVE=1 -DZMQ_USE_TWEETNACL=1 -DZMQ_USE_EPOLL=1 -DZMQ_IOTHREADS_USE_EPOLL=1 -DZMQ_POLL_BASED_ON_POLL=1 -Ibundled/zeromq/include -Ibundled -I/usr/local/include/python3.11 -c bundled/zeromq/src/poll.cpp -o build/temp.linux-x86_64-cpython-311/bundled/zeromq/src/poll.o\n      g++ -std=c++11 -pthread -Wsign-compare -DNDEBUG -g -fwrapv -O3 -Wall -fPIC -DZMQ_HAVE_CURVE=1 -DZMQ_USE_TWEETNACL=1 -DZMQ_USE_EPOLL=1 -DZMQ_IOTHREADS_USE_EPOLL=1 -DZMQ_POLL_BASED_ON_POLL=1 -Ibundled/zeromq/include -Ibundled -I/usr/local/include/python3.11 -c bundled/zeromq/src/poller_base.cpp -o build/temp.linux-x86_64-cpython-311/bundled/zeromq/src/poller_base.o\n      g++ -std=c++11 -pthread -Wsign-compare -DNDEBUG -g -fwrapv -O3 -Wall -fPIC -DZMQ_HAVE_CURVE=1 -DZMQ_USE_TWEETNACL=1 -DZMQ_USE_EPOLL=1 -DZMQ_IOTHREADS_USE_EPOLL=1 -DZMQ_POLL_BASED_ON_POLL=1 -Ibundled/zeromq/include -Ibundled -I/usr/local/include/python3.11 -c bundled/zeromq/src/polling_util.cpp -o build/temp.linux-x86_64-cpython-311/bundled/zeromq/src/polling_util.o\n      g++ -std=c++11 -pthread -Wsign-compare -DNDEBUG -g -fwrapv -O3 -Wall -fPIC -DZMQ_HAVE_CURVE=1 -DZMQ_USE_TWEETNACL=1 -DZMQ_USE_EPOLL=1 -DZMQ_IOTHREADS_USE_EPOLL=1 -DZMQ_POLL_BASED_ON_POLL=1 -Ibundled/zeromq/include -Ibundled -I/usr/local/include/python3.11 -c bundled/zeromq/src/pollset.cpp -o build/temp.linux-x86_64-cpython-311/bundled/zeromq/src/pollset.o\n      g++ -std=c++11 -pthread -Wsign-compare -DNDEBUG -g -fwrapv -O3 -Wall -fPIC -DZMQ_HAVE_CURVE=1 -DZMQ_USE_TWEETNACL=1 -DZMQ_USE_EPOLL=1 -DZMQ_IOTHREADS_USE_EPOLL=1 -DZMQ_POLL_BASED_ON_POLL=1 -Ibundled/zeromq/include -Ibundled -I/usr/local/include/python3.11 -c bundled/zeromq/src/precompiled.cpp -o build/temp.linux-x86_64-cpython-311/bundled/zeromq/src/precompiled.o\n      g++ -std=c++11 -pthread -Wsign-compare -DNDEBUG -g -fwrapv -O3 -Wall -fPIC -DZMQ_HAVE_CURVE=1 -DZMQ_USE_TWEETNACL=1 -DZMQ_USE_EPOLL=1 -DZMQ_IOTHREADS_USE_EPOLL=1 -DZMQ_POLL_BASED_ON_POLL=1 -Ibundled/zeromq/include -Ibundled -I/usr/local/include/python3.11 -c bundled/zeromq/src/proxy.cpp -o build/temp.linux-x86_64-cpython-311/bundled/zeromq/src/proxy.o\n      g++ -std=c++11 -pthread -Wsign-compare -DNDEBUG -g -fwrapv -O3 -Wall -fPIC -DZMQ_HAVE_CURVE=1 -DZMQ_USE_TWEETNACL=1 -DZMQ_USE_EPOLL=1 -DZMQ_IOTHREADS_USE_EPOLL=1 -DZMQ_POLL_BASED_ON_POLL=1 -Ibundled/zeromq/include -Ibundled -I/usr/local/include/python3.11 -c bundled/zeromq/src/pub.cpp -o build/temp.linux-x86_64-cpython-311/bundled/zeromq/src/pub.o\n      g++ -std=c++11 -pthread -Wsign-compare -DNDEBUG -g -fwrapv -O3 -Wall -fPIC -DZMQ_HAVE_CURVE=1 -DZMQ_USE_TWEETNACL=1 -DZMQ_USE_EPOLL=1 -DZMQ_IOTHREADS_USE_EPOLL=1 -DZMQ_POLL_BASED_ON_POLL=1 -Ibundled/zeromq/include -Ibundled -I/usr/local/include/python3.11 -c bundled/zeromq/src/pull.cpp -o build/temp.linux-x86_64-cpython-311/bundled/zeromq/src/pull.o\n      g++ -std=c++11 -pthread -Wsign-compare -DNDEBUG -g -fwrapv -O3 -Wall -fPIC -DZMQ_HAVE_CURVE=1 -DZMQ_USE_TWEETNACL=1 -DZMQ_USE_EPOLL=1 -DZMQ_IOTHREADS_USE_EPOLL=1 -DZMQ_POLL_BASED_ON_POLL=1 -Ibundled/zeromq/include -Ibundled -I/usr/local/include/python3.11 -c bundled/zeromq/src/push.cpp -o build/temp.linux-x86_64-cpython-311/bundled/zeromq/src/push.o\n      g++ -std=c++11 -pthread -Wsign-compare -DNDEBUG -g -fwrapv -O3 -Wall -fPIC -DZMQ_HAVE_CURVE=1 -DZMQ_USE_TWEETNACL=1 -DZMQ_USE_EPOLL=1 -DZMQ_IOTHREADS_USE_EPOLL=1 -DZMQ_POLL_BASED_ON_POLL=1 -Ibundled/zeromq/include -Ibundled -I/usr/local/include/python3.11 -c bundled/zeromq/src/radio.cpp -o build/temp.linux-x86_64-cpython-311/bundled/zeromq/src/radio.o\n      g++ -std=c++11 -pthread -Wsign-compare -DNDEBUG -g -fwrapv -O3 -Wall -fPIC -DZMQ_HAVE_CURVE=1 -DZMQ_USE_TWEETNACL=1 -DZMQ_USE_EPOLL=1 -DZMQ_IOTHREADS_USE_EPOLL=1 -DZMQ_POLL_BASED_ON_POLL=1 -Ibundled/zeromq/include -Ibundled -I/usr/local/include/python3.11 -c bundled/zeromq/src/radix_tree.cpp -o build/temp.linux-x86_64-cpython-311/bundled/zeromq/src/radix_tree.o\n      g++ -std=c++11 -pthread -Wsign-compare -DNDEBUG -g -fwrapv -O3 -Wall -fPIC -DZMQ_HAVE_CURVE=1 -DZMQ_USE_TWEETNACL=1 -DZMQ_USE_EPOLL=1 -DZMQ_IOTHREADS_USE_EPOLL=1 -DZMQ_POLL_BASED_ON_POLL=1 -Ibundled/zeromq/include -Ibundled -I/usr/local/include/python3.11 -c bundled/zeromq/src/random.cpp -o build/temp.linux-x86_64-cpython-311/bundled/zeromq/src/random.o\n      g++ -std=c++11 -pthread -Wsign-compare -DNDEBUG -g -fwrapv -O3 -Wall -fPIC -DZMQ_HAVE_CURVE=1 -DZMQ_USE_TWEETNACL=1 -DZMQ_USE_EPOLL=1 -DZMQ_IOTHREADS_USE_EPOLL=1 -DZMQ_POLL_BASED_ON_POLL=1 -Ibundled/zeromq/include -Ibundled -I/usr/local/include/python3.11 -c bundled/zeromq/src/raw_decoder.cpp -o build/temp.linux-x86_64-cpython-311/bundled/zeromq/src/raw_decoder.o\n      g++ -std=c++11 -pthread -Wsign-compare -DNDEBUG -g -fwrapv -O3 -Wall -fPIC -DZMQ_HAVE_CURVE=1 -DZMQ_USE_TWEETNACL=1 -DZMQ_USE_EPOLL=1 -DZMQ_IOTHREADS_USE_EPOLL=1 -DZMQ_POLL_BASED_ON_POLL=1 -Ibundled/zeromq/include -Ibundled -I/usr/local/include/python3.11 -c bundled/zeromq/src/raw_encoder.cpp -o build/temp.linux-x86_64-cpython-311/bundled/zeromq/src/raw_encoder.o\n      g++ -std=c++11 -pthread -Wsign-compare -DNDEBUG -g -fwrapv -O3 -Wall -fPIC -DZMQ_HAVE_CURVE=1 -DZMQ_USE_TWEETNACL=1 -DZMQ_USE_EPOLL=1 -DZMQ_IOTHREADS_USE_EPOLL=1 -DZMQ_POLL_BASED_ON_POLL=1 -Ibundled/zeromq/include -Ibundled -I/usr/local/include/python3.11 -c bundled/zeromq/src/raw_engine.cpp -o build/temp.linux-x86_64-cpython-311/bundled/zeromq/src/raw_engine.o\n      g++ -std=c++11 -pthread -Wsign-compare -DNDEBUG -g -fwrapv -O3 -Wall -fPIC -DZMQ_HAVE_CURVE=1 -DZMQ_USE_TWEETNACL=1 -DZMQ_USE_EPOLL=1 -DZMQ_IOTHREADS_USE_EPOLL=1 -DZMQ_POLL_BASED_ON_POLL=1 -Ibundled/zeromq/include -Ibundled -I/usr/local/include/python3.11 -c bundled/zeromq/src/reaper.cpp -o build/temp.linux-x86_64-cpython-311/bundled/zeromq/src/reaper.o\n      g++ -std=c++11 -pthread -Wsign-compare -DNDEBUG -g -fwrapv -O3 -Wall -fPIC -DZMQ_HAVE_CURVE=1 -DZMQ_USE_TWEETNACL=1 -DZMQ_USE_EPOLL=1 -DZMQ_IOTHREADS_USE_EPOLL=1 -DZMQ_POLL_BASED_ON_POLL=1 -Ibundled/zeromq/include -Ibundled -I/usr/local/include/python3.11 -c bundled/zeromq/src/rep.cpp -o build/temp.linux-x86_64-cpython-311/bundled/zeromq/src/rep.o\n      g++ -std=c++11 -pthread -Wsign-compare -DNDEBUG -g -fwrapv -O3 -Wall -fPIC -DZMQ_HAVE_CURVE=1 -DZMQ_USE_TWEETNACL=1 -DZMQ_USE_EPOLL=1 -DZMQ_IOTHREADS_USE_EPOLL=1 -DZMQ_POLL_BASED_ON_POLL=1 -Ibundled/zeromq/include -Ibundled -I/usr/local/include/python3.11 -c bundled/zeromq/src/req.cpp -o build/temp.linux-x86_64-cpython-311/bundled/zeromq/src/req.o\n      g++ -std=c++11 -pthread -Wsign-compare -DNDEBUG -g -fwrapv -O3 -Wall -fPIC -DZMQ_HAVE_CURVE=1 -DZMQ_USE_TWEETNACL=1 -DZMQ_USE_EPOLL=1 -DZMQ_IOTHREADS_USE_EPOLL=1 -DZMQ_POLL_BASED_ON_POLL=1 -Ibundled/zeromq/include -Ibundled -I/usr/local/include/python3.11 -c bundled/zeromq/src/router.cpp -o build/temp.linux-x86_64-cpython-311/bundled/zeromq/src/router.o\n      g++ -std=c++11 -pthread -Wsign-compare -DNDEBUG -g -fwrapv -O3 -Wall -fPIC -DZMQ_HAVE_CURVE=1 -DZMQ_USE_TWEETNACL=1 -DZMQ_USE_EPOLL=1 -DZMQ_IOTHREADS_USE_EPOLL=1 -DZMQ_POLL_BASED_ON_POLL=1 -Ibundled/zeromq/include -Ibundled -I/usr/local/include/python3.11 -c bundled/zeromq/src/scatter.cpp -o build/temp.linux-x86_64-cpython-311/bundled/zeromq/src/scatter.o\n      g++ -std=c++11 -pthread -Wsign-compare -DNDEBUG -g -fwrapv -O3 -Wall -fPIC -DZMQ_HAVE_CURVE=1 -DZMQ_USE_TWEETNACL=1 -DZMQ_USE_EPOLL=1 -DZMQ_IOTHREADS_USE_EPOLL=1 -DZMQ_POLL_BASED_ON_POLL=1 -Ibundled/zeromq/include -Ibundled -I/usr/local/include/python3.11 -c bundled/zeromq/src/select.cpp -o build/temp.linux-x86_64-cpython-311/bundled/zeromq/src/select.o\n      g++ -std=c++11 -pthread -Wsign-compare -DNDEBUG -g -fwrapv -O3 -Wall -fPIC -DZMQ_HAVE_CURVE=1 -DZMQ_USE_TWEETNACL=1 -DZMQ_USE_EPOLL=1 -DZMQ_IOTHREADS_USE_EPOLL=1 -DZMQ_POLL_BASED_ON_POLL=1 -Ibundled/zeromq/include -Ibundled -I/usr/local/include/python3.11 -c bundled/zeromq/src/server.cpp -o build/temp.linux-x86_64-cpython-311/bundled/zeromq/src/server.o\n      g++ -std=c++11 -pthread -Wsign-compare -DNDEBUG -g -fwrapv -O3 -Wall -fPIC -DZMQ_HAVE_CURVE=1 -DZMQ_USE_TWEETNACL=1 -DZMQ_USE_EPOLL=1 -DZMQ_IOTHREADS_USE_EPOLL=1 -DZMQ_POLL_BASED_ON_POLL=1 -Ibundled/zeromq/include -Ibundled -I/usr/local/include/python3.11 -c bundled/zeromq/src/session_base.cpp -o build/temp.linux-x86_64-cpython-311/bundled/zeromq/src/session_base.o\n      g++ -std=c++11 -pthread -Wsign-compare -DNDEBUG -g -fwrapv -O3 -Wall -fPIC -DZMQ_HAVE_CURVE=1 -DZMQ_USE_TWEETNACL=1 -DZMQ_USE_EPOLL=1 -DZMQ_IOTHREADS_USE_EPOLL=1 -DZMQ_POLL_BASED_ON_POLL=1 -Ibundled/zeromq/include -Ibundled -I/usr/local/include/python3.11 -c bundled/zeromq/src/signaler.cpp -o build/temp.linux-x86_64-cpython-311/bundled/zeromq/src/signaler.o\n      g++ -std=c++11 -pthread -Wsign-compare -DNDEBUG -g -fwrapv -O3 -Wall -fPIC -DZMQ_HAVE_CURVE=1 -DZMQ_USE_TWEETNACL=1 -DZMQ_USE_EPOLL=1 -DZMQ_IOTHREADS_USE_EPOLL=1 -DZMQ_POLL_BASED_ON_POLL=1 -Ibundled/zeromq/include -Ibundled -I/usr/local/include/python3.11 -c bundled/zeromq/src/socket_base.cpp -o build/temp.linux-x86_64-cpython-311/bundled/zeromq/src/socket_base.o\n      g++ -std=c++11 -pthread -Wsign-compare -DNDEBUG -g -fwrapv -O3 -Wall -fPIC -DZMQ_HAVE_CURVE=1 -DZMQ_USE_TWEETNACL=1 -DZMQ_USE_EPOLL=1 -DZMQ_IOTHREADS_USE_EPOLL=1 -DZMQ_POLL_BASED_ON_POLL=1 -Ibundled/zeromq/include -Ibundled -I/usr/local/include/python3.11 -c bundled/zeromq/src/socket_poller.cpp -o build/temp.linux-x86_64-cpython-311/bundled/zeromq/src/socket_poller.o\n      g++ -std=c++11 -pthread -Wsign-compare -DNDEBUG -g -fwrapv -O3 -Wall -fPIC -DZMQ_HAVE_CURVE=1 -DZMQ_USE_TWEETNACL=1 -DZMQ_USE_EPOLL=1 -DZMQ_IOTHREADS_USE_EPOLL=1 -DZMQ_POLL_BASED_ON_POLL=1 -Ibundled/zeromq/include -Ibundled -I/usr/local/include/python3.11 -c bundled/zeromq/src/socks.cpp -o build/temp.linux-x86_64-cpython-311/bundled/zeromq/src/socks.o\n      g++ -std=c++11 -pthread -Wsign-compare -DNDEBUG -g -fwrapv -O3 -Wall -fPIC -DZMQ_HAVE_CURVE=1 -DZMQ_USE_TWEETNACL=1 -DZMQ_USE_EPOLL=1 -DZMQ_IOTHREADS_USE_EPOLL=1 -DZMQ_POLL_BASED_ON_POLL=1 -Ibundled/zeromq/include -Ibundled -I/usr/local/include/python3.11 -c bundled/zeromq/src/socks_connecter.cpp -o build/temp.linux-x86_64-cpython-311/bundled/zeromq/src/socks_connecter.o\n      g++ -std=c++11 -pthread -Wsign-compare -DNDEBUG -g -fwrapv -O3 -Wall -fPIC -DZMQ_HAVE_CURVE=1 -DZMQ_USE_TWEETNACL=1 -DZMQ_USE_EPOLL=1 -DZMQ_IOTHREADS_USE_EPOLL=1 -DZMQ_POLL_BASED_ON_POLL=1 -Ibundled/zeromq/include -Ibundled -I/usr/local/include/python3.11 -c bundled/zeromq/src/stream.cpp -o build/temp.linux-x86_64-cpython-311/bundled/zeromq/src/stream.o\n      g++ -std=c++11 -pthread -Wsign-compare -DNDEBUG -g -fwrapv -O3 -Wall -fPIC -DZMQ_HAVE_CURVE=1 -DZMQ_USE_TWEETNACL=1 -DZMQ_USE_EPOLL=1 -DZMQ_IOTHREADS_USE_EPOLL=1 -DZMQ_POLL_BASED_ON_POLL=1 -Ibundled/zeromq/include -Ibundled -I/usr/local/include/python3.11 -c bundled/zeromq/src/stream_connecter_base.cpp -o build/temp.linux-x86_64-cpython-311/bundled/zeromq/src/stream_connecter_base.o\n      g++ -std=c++11 -pthread -Wsign-compare -DNDEBUG -g -fwrapv -O3 -Wall -fPIC -DZMQ_HAVE_CURVE=1 -DZMQ_USE_TWEETNACL=1 -DZMQ_USE_EPOLL=1 -DZMQ_IOTHREADS_USE_EPOLL=1 -DZMQ_POLL_BASED_ON_POLL=1 -Ibundled/zeromq/include -Ibundled -I/usr/local/include/python3.11 -c bundled/zeromq/src/stream_engine_base.cpp -o build/temp.linux-x86_64-cpython-311/bundled/zeromq/src/stream_engine_base.o\n      g++ -std=c++11 -pthread -Wsign-compare -DNDEBUG -g -fwrapv -O3 -Wall -fPIC -DZMQ_HAVE_CURVE=1 -DZMQ_USE_TWEETNACL=1 -DZMQ_USE_EPOLL=1 -DZMQ_IOTHREADS_USE_EPOLL=1 -DZMQ_POLL_BASED_ON_POLL=1 -Ibundled/zeromq/include -Ibundled -I/usr/local/include/python3.11 -c bundled/zeromq/src/stream_listener_base.cpp -o build/temp.linux-x86_64-cpython-311/bundled/zeromq/src/stream_listener_base.o\n      g++ -std=c++11 -pthread -Wsign-compare -DNDEBUG -g -fwrapv -O3 -Wall -fPIC -DZMQ_HAVE_CURVE=1 -DZMQ_USE_TWEETNACL=1 -DZMQ_USE_EPOLL=1 -DZMQ_IOTHREADS_USE_EPOLL=1 -DZMQ_POLL_BASED_ON_POLL=1 -Ibundled/zeromq/include -Ibundled -I/usr/local/include/python3.11 -c bundled/zeromq/src/sub.cpp -o build/temp.linux-x86_64-cpython-311/bundled/zeromq/src/sub.o\n      g++ -std=c++11 -pthread -Wsign-compare -DNDEBUG -g -fwrapv -O3 -Wall -fPIC -DZMQ_HAVE_CURVE=1 -DZMQ_USE_TWEETNACL=1 -DZMQ_USE_EPOLL=1 -DZMQ_IOTHREADS_USE_EPOLL=1 -DZMQ_POLL_BASED_ON_POLL=1 -Ibundled/zeromq/include -Ibundled -I/usr/local/include/python3.11 -c bundled/zeromq/src/tcp.cpp -o build/temp.linux-x86_64-cpython-311/bundled/zeromq/src/tcp.o\n      g++ -std=c++11 -pthread -Wsign-compare -DNDEBUG -g -fwrapv -O3 -Wall -fPIC -DZMQ_HAVE_CURVE=1 -DZMQ_USE_TWEETNACL=1 -DZMQ_USE_EPOLL=1 -DZMQ_IOTHREADS_USE_EPOLL=1 -DZMQ_POLL_BASED_ON_POLL=1 -Ibundled/zeromq/include -Ibundled -I/usr/local/include/python3.11 -c bundled/zeromq/src/tcp_address.cpp -o build/temp.linux-x86_64-cpython-311/bundled/zeromq/src/tcp_address.o\n      g++ -std=c++11 -pthread -Wsign-compare -DNDEBUG -g -fwrapv -O3 -Wall -fPIC -DZMQ_HAVE_CURVE=1 -DZMQ_USE_TWEETNACL=1 -DZMQ_USE_EPOLL=1 -DZMQ_IOTHREADS_USE_EPOLL=1 -DZMQ_POLL_BASED_ON_POLL=1 -Ibundled/zeromq/include -Ibundled -I/usr/local/include/python3.11 -c bundled/zeromq/src/tcp_connecter.cpp -o build/temp.linux-x86_64-cpython-311/bundled/zeromq/src/tcp_connecter.o\n      g++ -std=c++11 -pthread -Wsign-compare -DNDEBUG -g -fwrapv -O3 -Wall -fPIC -DZMQ_HAVE_CURVE=1 -DZMQ_USE_TWEETNACL=1 -DZMQ_USE_EPOLL=1 -DZMQ_IOTHREADS_USE_EPOLL=1 -DZMQ_POLL_BASED_ON_POLL=1 -Ibundled/zeromq/include -Ibundled -I/usr/local/include/python3.11 -c bundled/zeromq/src/tcp_listener.cpp -o build/temp.linux-x86_64-cpython-311/bundled/zeromq/src/tcp_listener.o\n      g++ -std=c++11 -pthread -Wsign-compare -DNDEBUG -g -fwrapv -O3 -Wall -fPIC -DZMQ_HAVE_CURVE=1 -DZMQ_USE_TWEETNACL=1 -DZMQ_USE_EPOLL=1 -DZMQ_IOTHREADS_USE_EPOLL=1 -DZMQ_POLL_BASED_ON_POLL=1 -Ibundled/zeromq/include -Ibundled -I/usr/local/include/python3.11 -c bundled/zeromq/src/thread.cpp -o build/temp.linux-x86_64-cpython-311/bundled/zeromq/src/thread.o\n      g++ -std=c++11 -pthread -Wsign-compare -DNDEBUG -g -fwrapv -O3 -Wall -fPIC -DZMQ_HAVE_CURVE=1 -DZMQ_USE_TWEETNACL=1 -DZMQ_USE_EPOLL=1 -DZMQ_IOTHREADS_USE_EPOLL=1 -DZMQ_POLL_BASED_ON_POLL=1 -Ibundled/zeromq/include -Ibundled -I/usr/local/include/python3.11 -c bundled/zeromq/src/timers.cpp -o build/temp.linux-x86_64-cpython-311/bundled/zeromq/src/timers.o\n      g++ -std=c++11 -pthread -Wsign-compare -DNDEBUG -g -fwrapv -O3 -Wall -fPIC -DZMQ_HAVE_CURVE=1 -DZMQ_USE_TWEETNACL=1 -DZMQ_USE_EPOLL=1 -DZMQ_IOTHREADS_USE_EPOLL=1 -DZMQ_POLL_BASED_ON_POLL=1 -Ibundled/zeromq/include -Ibundled -I/usr/local/include/python3.11 -c bundled/zeromq/src/tipc_address.cpp -o build/temp.linux-x86_64-cpython-311/bundled/zeromq/src/tipc_address.o\n      g++ -std=c++11 -pthread -Wsign-compare -DNDEBUG -g -fwrapv -O3 -Wall -fPIC -DZMQ_HAVE_CURVE=1 -DZMQ_USE_TWEETNACL=1 -DZMQ_USE_EPOLL=1 -DZMQ_IOTHREADS_USE_EPOLL=1 -DZMQ_POLL_BASED_ON_POLL=1 -Ibundled/zeromq/include -Ibundled -I/usr/local/include/python3.11 -c bundled/zeromq/src/tipc_connecter.cpp -o build/temp.linux-x86_64-cpython-311/bundled/zeromq/src/tipc_connecter.o\n      g++ -std=c++11 -pthread -Wsign-compare -DNDEBUG -g -fwrapv -O3 -Wall -fPIC -DZMQ_HAVE_CURVE=1 -DZMQ_USE_TWEETNACL=1 -DZMQ_USE_EPOLL=1 -DZMQ_IOTHREADS_USE_EPOLL=1 -DZMQ_POLL_BASED_ON_POLL=1 -Ibundled/zeromq/include -Ibundled -I/usr/local/include/python3.11 -c bundled/zeromq/src/tipc_listener.cpp -o build/temp.linux-x86_64-cpython-311/bundled/zeromq/src/tipc_listener.o\n      g++ -std=c++11 -pthread -Wsign-compare -DNDEBUG -g -fwrapv -O3 -Wall -fPIC -DZMQ_HAVE_CURVE=1 -DZMQ_USE_TWEETNACL=1 -DZMQ_USE_EPOLL=1 -DZMQ_IOTHREADS_USE_EPOLL=1 -DZMQ_POLL_BASED_ON_POLL=1 -Ibundled/zeromq/include -Ibundled -I/usr/local/include/python3.11 -c bundled/zeromq/src/trie.cpp -o build/temp.linux-x86_64-cpython-311/bundled/zeromq/src/trie.o\n      gcc -pthread -Wsign-compare -DNDEBUG -g -fwrapv -O3 -Wall -fPIC -DZMQ_HAVE_CURVE=1 -DZMQ_USE_TWEETNACL=1 -DZMQ_USE_EPOLL=1 -DZMQ_IOTHREADS_USE_EPOLL=1 -DZMQ_POLL_BASED_ON_POLL=1 -Ibundled/zeromq/include -Ibundled -I/usr/local/include/python3.11 -c bundled/zeromq/src/tweetnacl.c -o build/temp.linux-x86_64-cpython-311/bundled/zeromq/src/tweetnacl.o\n      bundled/zeromq/src/tweetnacl.c: In function vn:\n      bundled/zeromq/src/tweetnacl.c:53:31: warning: comparison of integer expressions of different signedness: u32 {aka long unsigned int} and int [-Wsign-compare]\n         53 | #define FOR(i,n) for (i = 0;i < n;++i)\n            |                               ^\n      bundled/zeromq/src/tweetnacl.c:101:3: note: in expansion of macro FOR\n        101 |   FOR(i,n) d |= x[i]^y[i];\n            |   ^~~\n      bundled/zeromq/src/tweetnacl.c: In function crypto_sign:\n      bundled/zeromq/src/tweetnacl.c:53:31: warning: comparison of integer expressions of different signedness: i64 {aka long long int} and u64 {aka long long unsigned int} [-Wsign-compare]\n         53 | #define FOR(i,n) for (i = 0;i < n;++i)\n            |                               ^\n      bundled/zeromq/src/tweetnacl.c:767:3: note: in expansion of macro FOR\n        767 |   FOR(i,n) sm[64 + i] = m[i];\n            |   ^~~\n      bundled/zeromq/src/tweetnacl.c: In function crypto_sign_open:\n      bundled/zeromq/src/tweetnacl.c:53:31: warning: comparison of integer expressions of different signedness: int and u64 {aka long long unsigned int} [-Wsign-compare]\n         53 | #define FOR(i,n) for (i = 0;i < n;++i)\n            |                               ^\n      bundled/zeromq/src/tweetnacl.c:834:3: note: in expansion of macro FOR\n        834 |   FOR(i,n) m[i] = sm[i];\n            |   ^~~\n      bundled/zeromq/src/tweetnacl.c:53:31: warning: comparison of integer expressions of different signedness: int and u64 {aka long long unsigned int} [-Wsign-compare]\n         53 | #define FOR(i,n) for (i = 0;i < n;++i)\n            |                               ^\n      bundled/zeromq/src/tweetnacl.c:846:5: note: in expansion of macro FOR\n        846 |     FOR(i,n) m[i] = 0;\n            |     ^~~\n      bundled/zeromq/src/tweetnacl.c:53:31: warning: comparison of integer expressions of different signedness: int and u64 {aka long long unsigned int} [-Wsign-compare]\n         53 | #define FOR(i,n) for (i = 0;i < n;++i)\n            |                               ^\n      bundled/zeromq/src/tweetnacl.c:850:3: note: in expansion of macro FOR\n        850 |   FOR(i,n) m[i] = sm[i + 64];\n            |   ^~~\n      bundled/zeromq/src/tweetnacl.c: In function sodium_init:\n      bundled/zeromq/src/tweetnacl.c:982:13: warning: unused variable rc [-Wunused-variable]\n        982 |         int rc = fcntl (fd, F_SETFD, FD_CLOEXEC);\n            |             ^~\n      g++ -std=c++11 -pthread -Wsign-compare -DNDEBUG -g -fwrapv -O3 -Wall -fPIC -DZMQ_HAVE_CURVE=1 -DZMQ_USE_TWEETNACL=1 -DZMQ_USE_EPOLL=1 -DZMQ_IOTHREADS_USE_EPOLL=1 -DZMQ_POLL_BASED_ON_POLL=1 -Ibundled/zeromq/include -Ibundled -I/usr/local/include/python3.11 -c bundled/zeromq/src/udp_address.cpp -o build/temp.linux-x86_64-cpython-311/bundled/zeromq/src/udp_address.o\n      g++ -std=c++11 -pthread -Wsign-compare -DNDEBUG -g -fwrapv -O3 -Wall -fPIC -DZMQ_HAVE_CURVE=1 -DZMQ_USE_TWEETNACL=1 -DZMQ_USE_EPOLL=1 -DZMQ_IOTHREADS_USE_EPOLL=1 -DZMQ_POLL_BASED_ON_POLL=1 -Ibundled/zeromq/include -Ibundled -I/usr/local/include/python3.11 -c bundled/zeromq/src/udp_engine.cpp -o build/temp.linux-x86_64-cpython-311/bundled/zeromq/src/udp_engine.o\n      g++ -std=c++11 -pthread -Wsign-compare -DNDEBUG -g -fwrapv -O3 -Wall -fPIC -DZMQ_HAVE_CURVE=1 -DZMQ_USE_TWEETNACL=1 -DZMQ_USE_EPOLL=1 -DZMQ_IOTHREADS_USE_EPOLL=1 -DZMQ_POLL_BASED_ON_POLL=1 -Ibundled/zeromq/include -Ibundled -I/usr/local/include/python3.11 -c bundled/zeromq/src/v1_decoder.cpp -o build/temp.linux-x86_64-cpython-311/bundled/zeromq/src/v1_decoder.o\n      g++ -std=c++11 -pthread -Wsign-compare -DNDEBUG -g -fwrapv -O3 -Wall -fPIC -DZMQ_HAVE_CURVE=1 -DZMQ_USE_TWEETNACL=1 -DZMQ_USE_EPOLL=1 -DZMQ_IOTHREADS_USE_EPOLL=1 -DZMQ_POLL_BASED_ON_POLL=1 -Ibundled/zeromq/include -Ibundled -I/usr/local/include/python3.11 -c bundled/zeromq/src/v1_encoder.cpp -o build/temp.linux-x86_64-cpython-311/bundled/zeromq/src/v1_encoder.o\n      g++ -std=c++11 -pthread -Wsign-compare -DNDEBUG -g -fwrapv -O3 -Wall -fPIC -DZMQ_HAVE_CURVE=1 -DZMQ_USE_TWEETNACL=1 -DZMQ_USE_EPOLL=1 -DZMQ_IOTHREADS_USE_EPOLL=1 -DZMQ_POLL_BASED_ON_POLL=1 -Ibundled/zeromq/include -Ibundled -I/usr/local/include/python3.11 -c bundled/zeromq/src/v2_decoder.cpp -o build/temp.linux-x86_64-cpython-311/bundled/zeromq/src/v2_decoder.o\n      g++ -std=c++11 -pthread -Wsign-compare -DNDEBUG -g -fwrapv -O3 -Wall -fPIC -DZMQ_HAVE_CURVE=1 -DZMQ_USE_TWEETNACL=1 -DZMQ_USE_EPOLL=1 -DZMQ_IOTHREADS_USE_EPOLL=1 -DZMQ_POLL_BASED_ON_POLL=1 -Ibundled/zeromq/include -Ibundled -I/usr/local/include/python3.11 -c bundled/zeromq/src/v2_encoder.cpp -o build/temp.linux-x86_64-cpython-311/bundled/zeromq/src/v2_encoder.o\n      g++ -std=c++11 -pthread -Wsign-compare -DNDEBUG -g -fwrapv -O3 -Wall -fPIC -DZMQ_HAVE_CURVE=1 -DZMQ_USE_TWEETNACL=1 -DZMQ_USE_EPOLL=1 -DZMQ_IOTHREADS_USE_EPOLL=1 -DZMQ_POLL_BASED_ON_POLL=1 -Ibundled/zeromq/include -Ibundled -I/usr/local/include/python3.11 -c bundled/zeromq/src/v3_1_encoder.cpp -o build/temp.linux-x86_64-cpython-311/bundled/zeromq/src/v3_1_encoder.o\n      g++ -std=c++11 -pthread -Wsign-compare -DNDEBUG -g -fwrapv -O3 -Wall -fPIC -DZMQ_HAVE_CURVE=1 -DZMQ_USE_TWEETNACL=1 -DZMQ_USE_EPOLL=1 -DZMQ_IOTHREADS_USE_EPOLL=1 -DZMQ_POLL_BASED_ON_POLL=1 -Ibundled/zeromq/include -Ibundled -I/usr/local/include/python3.11 -c bundled/zeromq/src/vmci.cpp -o build/temp.linux-x86_64-cpython-311/bundled/zeromq/src/vmci.o\n      g++ -std=c++11 -pthread -Wsign-compare -DNDEBUG -g -fwrapv -O3 -Wall -fPIC -DZMQ_HAVE_CURVE=1 -DZMQ_USE_TWEETNACL=1 -DZMQ_USE_EPOLL=1 -DZMQ_IOTHREADS_USE_EPOLL=1 -DZMQ_POLL_BASED_ON_POLL=1 -Ibundled/zeromq/include -Ibundled -I/usr/local/include/python3.11 -c bundled/zeromq/src/vmci_address.cpp -o build/temp.linux-x86_64-cpython-311/bundled/zeromq/src/vmci_address.o\n      g++ -std=c++11 -pthread -Wsign-compare -DNDEBUG -g -fwrapv -O3 -Wall -fPIC -DZMQ_HAVE_CURVE=1 -DZMQ_USE_TWEETNACL=1 -DZMQ_USE_EPOLL=1 -DZMQ_IOTHREADS_USE_EPOLL=1 -DZMQ_POLL_BASED_ON_POLL=1 -Ibundled/zeromq/include -Ibundled -I/usr/local/include/python3.11 -c bundled/zeromq/src/vmci_connecter.cpp -o build/temp.linux-x86_64-cpython-311/bundled/zeromq/src/vmci_connecter.o\n      g++ -std=c++11 -pthread -Wsign-compare -DNDEBUG -g -fwrapv -O3 -Wall -fPIC -DZMQ_HAVE_CURVE=1 -DZMQ_USE_TWEETNACL=1 -DZMQ_USE_EPOLL=1 -DZMQ_IOTHREADS_USE_EPOLL=1 -DZMQ_POLL_BASED_ON_POLL=1 -Ibundled/zeromq/include -Ibundled -I/usr/local/include/python3.11 -c bundled/zeromq/src/vmci_listener.cpp -o build/temp.linux-x86_64-cpython-311/bundled/zeromq/src/vmci_listener.o\n      g++ -std=c++11 -pthread -Wsign-compare -DNDEBUG -g -fwrapv -O3 -Wall -fPIC -DZMQ_HAVE_CURVE=1 -DZMQ_USE_TWEETNACL=1 -DZMQ_USE_EPOLL=1 -DZMQ_IOTHREADS_USE_EPOLL=1 -DZMQ_POLL_BASED_ON_POLL=1 -Ibundled/zeromq/include -Ibundled -I/usr/local/include/python3.11 -c bundled/zeromq/src/xpub.cpp -o build/temp.linux-x86_64-cpython-311/bundled/zeromq/src/xpub.o\n      g++ -std=c++11 -pthread -Wsign-compare -DNDEBUG -g -fwrapv -O3 -Wall -fPIC -DZMQ_HAVE_CURVE=1 -DZMQ_USE_TWEETNACL=1 -DZMQ_USE_EPOLL=1 -DZMQ_IOTHREADS_USE_EPOLL=1 -DZMQ_POLL_BASED_ON_POLL=1 -Ibundled/zeromq/include -Ibundled -I/usr/local/include/python3.11 -c bundled/zeromq/src/xsub.cpp -o build/temp.linux-x86_64-cpython-311/bundled/zeromq/src/xsub.o\n      g++ -std=c++11 -pthread -Wsign-compare -DNDEBUG -g -fwrapv -O3 -Wall -fPIC -DZMQ_HAVE_CURVE=1 -DZMQ_USE_TWEETNACL=1 -DZMQ_USE_EPOLL=1 -DZMQ_IOTHREADS_USE_EPOLL=1 -DZMQ_POLL_BASED_ON_POLL=1 -Ibundled/zeromq/include -Ibundled -I/usr/local/include/python3.11 -c bundled/zeromq/src/zap_client.cpp -o build/temp.linux-x86_64-cpython-311/bundled/zeromq/src/zap_client.o\n      g++ -std=c++11 -pthread -Wsign-compare -DNDEBUG -g -fwrapv -O3 -Wall -fPIC -DZMQ_HAVE_CURVE=1 -DZMQ_USE_TWEETNACL=1 -DZMQ_USE_EPOLL=1 -DZMQ_IOTHREADS_USE_EPOLL=1 -DZMQ_POLL_BASED_ON_POLL=1 -Ibundled/zeromq/include -Ibundled -I/usr/local/include/python3.11 -c bundled/zeromq/src/zmq.cpp -o build/temp.linux-x86_64-cpython-311/bundled/zeromq/src/zmq.o\n      g++ -std=c++11 -pthread -Wsign-compare -DNDEBUG -g -fwrapv -O3 -Wall -fPIC -DZMQ_HAVE_CURVE=1 -DZMQ_USE_TWEETNACL=1 -DZMQ_USE_EPOLL=1 -DZMQ_IOTHREADS_USE_EPOLL=1 -DZMQ_POLL_BASED_ON_POLL=1 -Ibundled/zeromq/include -Ibundled -I/usr/local/include/python3.11 -c bundled/zeromq/src/zmq_utils.cpp -o build/temp.linux-x86_64-cpython-311/bundled/zeromq/src/zmq_utils.o\n      g++ -std=c++11 -pthread -Wsign-compare -DNDEBUG -g -fwrapv -O3 -Wall -fPIC -DZMQ_HAVE_CURVE=1 -DZMQ_USE_TWEETNACL=1 -DZMQ_USE_EPOLL=1 -DZMQ_IOTHREADS_USE_EPOLL=1 -DZMQ_POLL_BASED_ON_POLL=1 -Ibundled/zeromq/include -Ibundled -I/usr/local/include/python3.11 -c bundled/zeromq/src/zmtp_engine.cpp -o build/temp.linux-x86_64-cpython-311/bundled/zeromq/src/zmtp_engine.o\n      g++ -std=c++11 -shared -Wl,--strip-all build/temp.linux-x86_64-cpython-311/buildutils/initlibzmq.o build/temp.linux-x86_64-cpython-311/bundled/zeromq/src/address.o build/temp.linux-x86_64-cpython-311/bundled/zeromq/src/channel.o build/temp.linux-x86_64-cpython-311/bundled/zeromq/src/client.o build/temp.linux-x86_64-cpython-311/bundled/zeromq/src/clock.o build/temp.linux-x86_64-cpython-311/bundled/zeromq/src/ctx.o build/temp.linux-x86_64-cpython-311/bundled/zeromq/src/curve_client.o build/temp.linux-x86_64-cpython-311/bundled/zeromq/src/curve_mechanism_base.o build/temp.linux-x86_64-cpython-311/bundled/zeromq/src/curve_server.o build/temp.linux-x86_64-cpython-311/bundled/zeromq/src/dealer.o build/temp.linux-x86_64-cpython-311/bundled/zeromq/src/decoder_allocators.o build/temp.linux-x86_64-cpython-311/bundled/zeromq/src/devpoll.o build/temp.linux-x86_64-cpython-311/bundled/zeromq/src/dgram.o build/temp.linux-x86_64-cpython-311/bundled/zeromq/src/dish.o build/temp.linux-x86_64-cpython-311/bundled/zeromq/src/dist.o build/temp.linux-x86_64-cpython-311/bundled/zeromq/src/endpoint.o build/temp.linux-x86_64-cpython-311/bundled/zeromq/src/epoll.o build/temp.linux-x86_64-cpython-311/bundled/zeromq/src/err.o build/temp.linux-x86_64-cpython-311/bundled/zeromq/src/fq.o build/temp.linux-x86_64-cpython-311/bundled/zeromq/src/gather.o build/temp.linux-x86_64-cpython-311/bundled/zeromq/src/gssapi_client.o build/temp.linux-x86_64-cpython-311/bundled/zeromq/src/gssapi_mechanism_base.o build/temp.linux-x86_64-cpython-311/bundled/zeromq/src/gssapi_server.o build/temp.linux-x86_64-cpython-311/bundled/zeromq/src/io_object.o build/temp.linux-x86_64-cpython-311/bundled/zeromq/src/io_thread.o build/temp.linux-x86_64-cpython-311/bundled/zeromq/src/ip.o build/temp.linux-x86_64-cpython-311/bundled/zeromq/src/ip_resolver.o build/temp.linux-x86_64-cpython-311/bundled/zeromq/src/ipc_address.o build/temp.linux-x86_64-cpython-311/bundled/zeromq/src/ipc_connecter.o build/temp.linux-x86_64-cpython-311/bundled/zeromq/src/ipc_listener.o build/temp.linux-x86_64-cpython-311/bundled/zeromq/src/kqueue.o build/temp.linux-x86_64-cpython-311/bundled/zeromq/src/lb.o build/temp.linux-x86_64-cpython-311/bundled/zeromq/src/mailbox.o build/temp.linux-x86_64-cpython-311/bundled/zeromq/src/mailbox_safe.o build/temp.linux-x86_64-cpython-311/bundled/zeromq/src/mechanism.o build/temp.linux-x86_64-cpython-311/bundled/zeromq/src/mechanism_base.o build/temp.linux-x86_64-cpython-311/bundled/zeromq/src/metadata.o build/temp.linux-x86_64-cpython-311/bundled/zeromq/src/msg.o build/temp.linux-x86_64-cpython-311/bundled/zeromq/src/mtrie.o build/temp.linux-x86_64-cpython-311/bundled/zeromq/src/norm_engine.o build/temp.linux-x86_64-cpython-311/bundled/zeromq/src/null_mechanism.o build/temp.linux-x86_64-cpython-311/bundled/zeromq/src/object.o build/temp.linux-x86_64-cpython-311/bundled/zeromq/src/options.o build/temp.linux-x86_64-cpython-311/bundled/zeromq/src/own.o build/temp.linux-x86_64-cpython-311/bundled/zeromq/src/pair.o build/temp.linux-x86_64-cpython-311/bundled/zeromq/src/peer.o build/temp.linux-x86_64-cpython-311/bundled/zeromq/src/pgm_receiver.o build/temp.linux-x86_64-cpython-311/bundled/zeromq/src/pgm_sender.o build/temp.linux-x86_64-cpython-311/bundled/zeromq/src/pgm_socket.o build/temp.linux-x86_64-cpython-311/bundled/zeromq/src/pipe.o build/temp.linux-x86_64-cpython-311/bundled/zeromq/src/plain_client.o build/temp.linux-x86_64-cpython-311/bundled/zeromq/src/plain_server.o build/temp.linux-x86_64-cpython-311/bundled/zeromq/src/poll.o build/temp.linux-x86_64-cpython-311/bundled/zeromq/src/poller_base.o build/temp.linux-x86_64-cpython-311/bundled/zeromq/src/polling_util.o build/temp.linux-x86_64-cpython-311/bundled/zeromq/src/pollset.o build/temp.linux-x86_64-cpython-311/bundled/zeromq/src/precompiled.o build/temp.linux-x86_64-cpython-311/bundled/zeromq/src/proxy.o build/temp.linux-x86_64-cpython-311/bundled/zeromq/src/pub.o build/temp.linux-x86_64-cpython-311/bundled/zeromq/src/pull.o build/temp.linux-x86_64-cpython-311/bundled/zeromq/src/push.o build/temp.linux-x86_64-cpython-311/bundled/zeromq/src/radio.o build/temp.linux-x86_64-cpython-311/bundled/zeromq/src/radix_tree.o build/temp.linux-x86_64-cpython-311/bundled/zeromq/src/random.o build/temp.linux-x86_64-cpython-311/bundled/zeromq/src/raw_decoder.o build/temp.linux-x86_64-cpython-311/bundled/zeromq/src/raw_encoder.o build/temp.linux-x86_64-cpython-311/bundled/zeromq/src/raw_engine.o build/temp.linux-x86_64-cpython-311/bundled/zeromq/src/reaper.o build/temp.linux-x86_64-cpython-311/bundled/zeromq/src/rep.o build/temp.linux-x86_64-cpython-311/bundled/zeromq/src/req.o build/temp.linux-x86_64-cpython-311/bundled/zeromq/src/router.o build/temp.linux-x86_64-cpython-311/bundled/zeromq/src/scatter.o build/temp.linux-x86_64-cpython-311/bundled/zeromq/src/select.o build/temp.linux-x86_64-cpython-311/bundled/zeromq/src/server.o build/temp.linux-x86_64-cpython-311/bundled/zeromq/src/session_base.o build/temp.linux-x86_64-cpython-311/bundled/zeromq/src/signaler.o build/temp.linux-x86_64-cpython-311/bundled/zeromq/src/socket_base.o build/temp.linux-x86_64-cpython-311/bundled/zeromq/src/socket_poller.o build/temp.linux-x86_64-cpython-311/bundled/zeromq/src/socks.o build/temp.linux-x86_64-cpython-311/bundled/zeromq/src/socks_connecter.o build/temp.linux-x86_64-cpython-311/bundled/zeromq/src/stream.o build/temp.linux-x86_64-cpython-311/bundled/zeromq/src/stream_connecter_base.o build/temp.linux-x86_64-cpython-311/bundled/zeromq/src/stream_engine_base.o build/temp.linux-x86_64-cpython-311/bundled/zeromq/src/stream_listener_base.o build/temp.linux-x86_64-cpython-311/bundled/zeromq/src/sub.o build/temp.linux-x86_64-cpython-311/bundled/zeromq/src/tcp.o build/temp.linux-x86_64-cpython-311/bundled/zeromq/src/tcp_address.o build/temp.linux-x86_64-cpython-311/bundled/zeromq/src/tcp_connecter.o build/temp.linux-x86_64-cpython-311/bundled/zeromq/src/tcp_listener.o build/temp.linux-x86_64-cpython-311/bundled/zeromq/src/thread.o build/temp.linux-x86_64\u001b[0m\u001b[91m-cpython-311/bundled/zeromq/src/timers.o build/temp.linux-x86_64-cpython-311/bundled/zeromq/src/tipc_address.o build/temp.linux-x86_64-cpython-311/bundled/zeromq/src/tipc_connecter.o build/temp.linux-x86_64-cpython-311/bundled/zeromq/src/tipc_listener.o build/temp.linux-x86_64-cpython-311/bundled/zeromq/src/trie.o build/temp.linux-x86_64-cpython-311/bundled/zeromq/src/tweetnacl.o build/temp.linux-x86_64-cpython-311/bundled/zeromq/src/udp_address.o build/temp.linux-x86_64-cpython-311/bundled/zeromq/src/udp_engine.o build/temp.linux-x86_64-cpython-311/bundled/zeromq/src/v1_decoder.o build/temp.linux-x86_64-cpython-311/bundled/zeromq/src/v1_encoder.o build/temp.linux-x86_64-cpython-311/bundled/zeromq/src/v2_decoder.o build/temp.linux-x86_64-cpython-311/bundled/zeromq/src/v2_encoder.o build/temp.linux-x86_64-cpython-311/bundled/zeromq/src/v3_1_encoder.o build/temp.linux-x86_64-cpython-311/bundled/zeromq/src/vmci.o build/temp.linux-x86_64-cpython-311/bundled/zeromq/src/vmci_address.o build/temp.linux-x86_64-cpython-311/bundled/zeromq/src/vmci_connecter.o build/temp.linux-x86_64-cpython-311/bundled/zeromq/src/vmci_listener.o build/temp.linux-x86_64-cpython-311/bundled/zeromq/src/xpub.o build/temp.linux-x86_64-cpython-311/bundled/zeromq/src/xsub.o build/temp.linux-x86_64-cpython-311/bundled/zeromq/src/zap_client.o build/temp.linux-x86_64-cpython-311/bundled/zeromq/src/zmq.o build/temp.linux-x86_64-cpython-311/bundled/zeromq/src/zmq_utils.o build/temp.linux-x86_64-cpython-311/bundled/zeromq/src/zmtp_engine.o -L/usr/local/lib -lrt -o build/lib.linux-x86_64-cpython-311/zmq/libzmq.cpython-311-x86_64-linux-gnu.so\n      building 'zmq.backend.cython._device' extension\n      creating build/temp.linux-x86_64-cpython-311/zmq\n      creating build/temp.linux-x86_64-cpython-311/zmq/backend\n      creating build/temp.linux-x86_64-cpython-311/zmq/backend/cython\n      gcc -pthread -Wsign-compare -DNDEBUG -g -fwrapv -O3 -Wall -fPIC -DHAVE_SYS_UN_H=1 -Ibundled/zeromq/include -Izmq/utils -I/usr/local/include/python3.11 -c zmq/backend/cython/_device.c -o build/temp.linux-x86_64-cpython-311/zmq/backend/cython/_device.o\n      zmq/backend/cython/_device.c:217:12: fatal error: longintrepr.h: No such file or directory\n        217 |   #include \"longintrepr.h\"\n            |            ^~~~~~~~~~~~~~~\n      compilation terminated.\n      ************************************************\n      ************************************************\n      ************************************************\n      error: command '/usr/bin/gcc' failed with exit code 1\n      [end of output]\n  \n  note: This error originates from a subprocess, and is likely not a problem with pip.\n  ERROR: Failed building wheel for pyzmq\n\u001b[0m  Building editable for balsam (pyproject.toml): started\n  Building editable for balsam (pyproject.toml): finished with status 'done'\n  Created wheel for balsam: filename=balsam-0.7.0a20-0.editable-py3-none-any.whl size=3208 sha256=66d5b17e2f02eae2bbc7a7d57411b19ccc5167492e83c772fcaf5c330e240ac6\n  Stored in directory: /tmp/pip-ephem-wheel-cache-tx8lufuy/wheels/3b/f4/89/d9fde7a6188b1be30188275b6faf61039d2b76e9574d02d161\n  Building wheel for MarkupSafe (setup.py): started\n  Building wheel for MarkupSafe (setup.py): finished with status 'done'\n  Created wheel for MarkupSafe: filename=MarkupSafe-2.1.1-cp311-cp311-linux_x86_64.whl size=14353 sha256=ba8b7aea25201934ccdc0f707b9535c4a7a56a3f1901d774c8b601f516b458b3\n  Stored in directory: /root/.cache/pip/wheels/96/ee/62/407c247ad088bcb67b530ba3ac1479058c58a651bd6bf09a1f\n  Building wheel for wrapt (setup.py): started\n  Building wheel for wrapt (setup.py): finished with status 'done'\n  Created wheel for wrapt: filename=wrapt-1.14.1-cp311-cp311-linux_x86_64.whl size=36033 sha256=53e719ff3f5200e7c54ed161b4efdded90b5b2426de5418932a39d22b6b6788e\n  Stored in directory: /root/.cache/pip/wheels/6c/5f/ff/a07f5f99c11c1480c6d2d1d6e0adadd8c1d05bdd668173bc42\nSuccessfully built psycopg2 python-multipart aredis psutil configobj balsam MarkupSafe wrapt\nFailed to build pyzmq\n\u001b[91mERROR: Could not build wheels for pyzmq, which is required to install pyproject.toml-based projects\n\u001b[0mRemoving intermediate container b6683ddc1e83\n","stderr":"The command '/bin/sh -c pip install --upgrade pip && pip install -r requirements/deploy.txt' returned a non-zero code: 1\n"},"endTime":1672440306311}