{"repository":"https://github.com/ryandev/netstatus","dockerfilePath":"Dockerfile","startTime":1672534613271,"clone":{"stdout":"","stderr":"Cloning into '/tmp/dinghy-analysis/ryandev/netstatus'...\n","error":null,"commit":"6821a175c163809a55a9881f6024214d714838bb"},"originalBuild":{"startTimestamp":1672534614356,"endTimestamp":1672534716236,"error":null,"stdout":"Sending build context to Docker daemon  1.802MB\r\r\nStep 1/16 : FROM node:11.6.0-alpine as build\n11.6.0-alpine: Pulling from library/node\ncd784148e348: Already exists\n9abca35fefbf: Pulling fs layer\n7fc670963d22: Pulling fs layer\n9abca35fefbf: Verifying Checksum\n9abca35fefbf: Download complete\n7fc670963d22: Verifying Checksum\n7fc670963d22: Download complete\n9abca35fefbf: Pull complete\n7fc670963d22: Pull complete\nDigest: sha256:d2180576a96698b0c7f0b00474c48f67a494333d9ecb57c675700395aeeb2c35\nStatus: Downloaded newer image for node:11.6.0-alpine\n ---> 9036ebdbc59d\nStep 2/16 : WORKDIR .\n ---> Running in 25568361ea96\nRemoving intermediate container 25568361ea96\n ---> 670b2ba7eff0\nStep 3/16 : ENV PATH /node_modules/.bin:/usr/bin:/bin:$PATH\n ---> Running in 34a2cf7d1585\nRemoving intermediate container 34a2cf7d1585\n ---> 4b9a9c6261f5\nStep 4/16 : COPY . ./\n ---> c0a10848e661\nStep 5/16 : COPY package.json ./\n ---> 945ae12a8ffa\nStep 6/16 : COPY package-lock.json ./\n ---> dda3f4fd4098\nStep 7/16 : COPY scripts/dockerloadenv.sh /dockerloadenv.sh\n ---> 3617ea97c12f\nStep 8/16 : RUN npm ci --silent\n ---> Running in c1a1a0f75ca5\n\nSkipping 'fsevents' build as platform linux is not supported\n\nSkipping 'fsevents' build as platform linux is not supported\nFont Awesome Free 0.2.34 by @fontawesome - https://fontawesome.com\nLicense - https://fontawesome.com/license/free (Icons: CC BY 4.0, Fonts: SIL OFL 1.1, Code: MIT License)\n\nFont Awesome Free 5.15.2 by @fontawesome - https://fontawesome.com\nLicense - https://fontawesome.com/license/free (Icons: CC BY 4.0, Fonts: SIL OFL 1.1, Code: MIT License)\n\nFont Awesome Free 1.2.34 by @fontawesome - https://fontawesome.com\nLicense - https://fontawesome.com/license/free (Icons: CC BY 4.0, Fonts: SIL OFL 1.1, Code: MIT License)\n\nadded 1876 packages in 6.169s\nRemoving intermediate container c1a1a0f75ca5\n ---> dc2efc422af0\nStep 9/16 : RUN npm run build\n ---> Running in 65f41e72e35e\n\n> netspeedts@1.0.0 build /\n> npm run setup; react-scripts build\n\n\n> netspeedts@1.0.0 setup /\n> cp git_modules/speedtest/speedtest.js public/speedtest.js; cp git_modules/speedtest/speedtest_worker.js public/speedtest_worker.js;\n\n\u001b[91mcp: can't stat 'git_modules/speedtest/speedtest.js': No such file or directory\n\u001b[0m\u001b[91mcp: can't stat 'git_modules/speedtest/speedtest_worker.js': No such file or directory\n\u001b[0m\u001b[91mnpm ERR!\u001b[0m\u001b[91m code ELIFECYCLE\n\u001b[0m\u001b[91mnpm ERR! errno 1\n\u001b[0m\u001b[91mnpm ERR!\u001b[0m\u001b[91m netspeedts@1.0.0 setup: `cp git_modules/speedtest/speedtest.js public/speedtest.js; cp git_modules/speedtest/speedtest_worker.js public/speedtest_worker.js;`\nnpm ERR!\u001b[0m\u001b[91m Exit status 1\n\u001b[0m\u001b[91mnpm ERR! \n\u001b[0m\u001b[91mnpm ERR!\u001b[0m\u001b[91m Failed at the netspeedts@1.0.0 setup script.\nnpm ERR!\u001b[0m\u001b[91m This is probably not a problem with npm. There is likely additional logging output above.\n\u001b[0m\u001b[91m\nnpm ERR!\u001b[0m\u001b[91m A complete log of this run can be found in:\nnpm ERR!\u001b[0m\u001b[91m     /root/.npm/_logs/2023-01-01T00_57_41_434Z-debug.log\n\u001b[0mCreating an optimized production build...\n\u001b[91mBrowserslist: caniuse-lite is outdated. Please run:\nnpx browserslist@latest --update-db\n\nWhy you should do it regularly:\nhttps://github.com/browserslist/browserslist#browsers-data-updating\n\u001b[0mCompiled with warnings.\n\nsrc/components/common/icon.tsx\n  Line 17:80:  'JSX' is not defined  no-undef\n\nsrc/components/dashboard/AdditionalInfoRow.tsx\n  Line 10:106:  'JSX' is not defined  no-undef\n  Line 37:61:   'JSX' is not defined  no-undef\n\nsrc/components/dashboard/Container.if.ts\n  Line 3:5:  'Unknown' is defined but never used  no-unused-vars\n  Line 4:5:  'Bad' is defined but never used      no-unused-vars\n  Line 5:5:  'Warning' is defined but never used  no-unused-vars\n  Line 6:5:  'Good' is defined but never used     no-unused-vars\n\nsrc/components/dashboard/Container.tsx\n  Line 11:45:  'JSX' is not defined  no-undef\n  Line 12:68:  'JSX' is not defined  no-undef\n\nsrc/components/dashboard/StatusRow.if.ts\n  Line 3:5:  'Good' is defined but never used     no-unused-vars\n  Line 4:5:  'Warning' is defined but never used  no-unused-vars\n  Line 5:5:  'Bad' is defined but never used      no-unused-vars\n\nsrc/components/dashboard/StatusRow.tsx\n  Line 10:85:  'JSX' is not defined  no-undef\n\nsrc/components/loading/Container.style.ts\n  Line 48:46:  'props' is defined but never used  no-unused-vars\n\nsrc/components/loading/Container.tsx\n  Line 9:67:   'React' is not defined  no-undef\n  Line 9:125:  'JSX' is not defined    no-undef\n\nsrc/components/offline/Container.style.ts\n  Line 44:46:  'props' is defined but never used  no-unused-vars\n\nsrc/components/offline/Container.tsx\n  Line 9:60:   'React' is not defined  no-undef\n  Line 9:118:  'JSX' is not defined    no-undef\n\nsrc/controllers/dashboard.tsx\n  Line 9:46:  'JSX' is not defined  no-undef\n\nsrc/controllers/loading.map.ts\n  Line 6:26:  'state' is defined but never used  no-unused-vars\n  Line 6:47:  'props' is defined but never used  no-unused-vars\n\nsrc/controllers/loading.tsx\n  Line 9:44:  'JSX' is not defined  no-undef\n\nsrc/controllers/offline.tsx\n  Line 9:44:  'JSX' is not defined  no-undef\n\nsrc/interfaces/log.ts\n  Line 3:5:    'FATAL' is defined but never used    no-unused-vars\n  Line 4:5:    'ERROR' is defined but never used    no-unused-vars\n  Line 5:5:    'WARN' is defined but never used     no-unused-vars\n  Line 6:5:    'INFO' is defined but never used     no-unused-vars\n  Line 7:5:    'VERBOSE' is defined but never used  no-unused-vars\n  Line 11:15:  'msg' is defined but never used      no-unused-vars\n  Line 12:15:  'msg' is defined but never used      no-unused-vars\n  Line 13:15:  'msg' is defined but never used      no-unused-vars\n  Line 14:15:  'msg' is defined but never used      no-unused-vars\n  Line 15:15:  'msg' is defined but never used      no-unused-vars\n\nsrc/router/dashboard.tsx\n  Line 13:34:  'props' is defined but never used  no-unused-vars\n\nsrc/router/index.tsx\n  Line 16:20:  'JSX' is not defined  no-undef\n\nsrc/router/loading.tsx\n  Line 18:34:  'props' is defined but never used  no-unused-vars\n\nsrc/router/offline.tsx\n  Line 13:34:  'props' is defined but never used  no-unused-vars\n\nsrc/services/interface.ts\n  Line 15:5:   'Unitialized' is defined but never used    no-unused-vars\n  Line 16:5:   'Initialized' is defined but never used    no-unused-vars\n  Line 17:5:   'Idle' is defined but never used           no-unused-vars\n  Line 18:5:   'Busy' is defined but never used           no-unused-vars\n  Line 19:5:   'Stopped' is defined but never used        no-unused-vars\n  Line 20:5:   'Error' is defined but never used          no-unused-vars\n  Line 27:27:  'subscriberKey' is defined but never used  no-unused-vars\n  Line 27:50:  'callback' is defined but never used       no-unused-vars\n  Line 27:61:  'service' is defined but never used        no-unused-vars\n  Line 28:30:  'subscriberKey' is defined but never used  no-unused-vars\n\nsrc/services/networkspeed/service.ts\n  Line 16:101:  'service' is defined but never used  no-unused-vars\n  Line 22:34:   'this' is defined but never used     no-unused-vars\n  Line 25:25:   'this' is defined but never used     no-unused-vars\n  Line 35:24:   'this' is defined but never used     no-unused-vars\n  Line 46:31:   'this' is defined but never used     no-unused-vars\n\nsrc/services/networkspeed/speedRunner.ts\n  Line 36:27:  'this' is defined but never used        no-unused-vars\n  Line 39:25:  'this' is defined but never used        no-unused-vars\n  Line 57:23:  'this' is defined but never used        no-unused-vars\n  Line 64:50:  'reject' is defined but never used      no-unused-vars\n  Line 86:42:  'wasAborted' is defined but never used  no-unused-vars\n\nsrc/services/onlinestatus/reachable.ts\n  Line 2:6:    'PINGSTATUS' is defined but never used      no-unused-vars\n  Line 3:5:    'INIT' is defined but never used            no-unused-vars\n  Line 4:5:    'RUNNING' is defined but never used         no-unused-vars\n  Line 5:5:    'PASSED' is defined but never used          no-unused-vars\n  Line 6:5:    'FAILED_ERROR' is defined but never used    no-unused-vars\n  Line 7:5:    'FAILED_TIMEOUT' is defined but never used  no-unused-vars\n  Line 20:17:  'result' is defined but never used          no-unused-vars\n  Line 25:59:  'result' is defined but never used          no-unused-vars\n  Line 26:80:  'error' is defined but never used           no-unused-vars\n  Line 40:29:  'this' is defined but never used            no-unused-vars\n  Line 41:28:  'this' is defined but never used            no-unused-vars\n  Line 42:30:  'this' is defined but never used            no-unused-vars\n  Line 43:25:  'this' is defined but never used            no-unused-vars\n  Line 71:55:  'result' is defined but never used          no-unused-vars\n\nsrc/services/onlinestatus/service.ts\n  Line 15:95:  'service' is defined but never used  no-unused-vars\n  Line 21:28:  'this' is defined but never used     no-unused-vars\n  Line 24:19:  'this' is defined but never used     no-unused-vars\n  Line 43:18:  'this' is defined but never used     no-unused-vars\n  Line 55:31:  'this' is defined but never used     no-unused-vars\n\nsrc/services/onlinestatus/util.ts\n  Line 37:13:  'isOnline' is defined but never used  no-unused-vars\n  Line 54:49:  'reject' is defined but never used    no-unused-vars\n  Line 76:19:  'error' is defined but never used     no-unused-vars\n\nsrc/state/networkspeed/dispatcher.ts\n  Line 32:27:  'store' is defined but never used  no-unused-vars\n  Line 43:25:  'store' is defined but never used  no-unused-vars\n\nSearch for the keywords to learn more about each warning.\nTo ignore, add // eslint-disable-next-line to the line before.\n\nFile sizes after gzip:\n\n  78.57 KB  build/static/js/2.ccd896e1.chunk.js\n  9.66 KB   build/static/js/main.86f1909d.chunk.js\n  1.39 KB   build/static/js/3.4378034e.chunk.js\n  1.17 KB   build/static/js/runtime-main.72711c6c.js\n  416 B     build/static/css/main.9b5ad349.chunk.css\n\nThe project was built assuming it is hosted at /.\nYou can control this with the homepage field in your package.json.\n\nThe build folder is ready to be deployed.\nYou may serve it with a static server:\n\n  npm install -g serve\n  serve -s build\n\nFind out more about deployment here:\n\n  https://cra.link/deployment\n\nRemoving intermediate container 65f41e72e35e\n ---> b8abea18d9a0\nStep 10/16 : FROM nginx:1.19.10-alpine as run\n1.19.10-alpine: Pulling from library/nginx\n540db60ca938: Pulling fs layer\n197dc8475a23: Pulling fs layer\n39ea657007e5: Pulling fs layer\n37afbf7d4c3d: Pulling fs layer\n0c01f42c3df7: Pulling fs layer\nd590d87c9181: Pulling fs layer\n37afbf7d4c3d: Waiting\n0c01f42c3df7: Waiting\nd590d87c9181: Waiting\n39ea657007e5: Verifying Checksum\n39ea657007e5: Download complete\n540db60ca938: Verifying Checksum\n540db60ca938: Download complete\n197dc8475a23: Verifying Checksum\n197dc8475a23: Download complete\n540db60ca938: Pull complete\n37afbf7d4c3d: Download complete\n0c01f42c3df7: Download complete\nd590d87c9181: Verifying Checksum\nd590d87c9181: Download complete\n197dc8475a23: Pull complete\n39ea657007e5: Pull complete\n37afbf7d4c3d: Pull complete\n0c01f42c3df7: Pull complete\nd590d87c9181: Pull complete\nDigest: sha256:07ab71a2c8e4ecb19a5a5abcfb3a4f175946c001c8af288b1aa766d67b0d05d2\nStatus: Downloaded newer image for nginx:1.19.10-alpine\n ---> a64a6e03b055\nStep 11/16 : COPY --from=build /build /usr/share/nginx/html\n ---> 782977f8cf4f\nStep 12/16 : RUN apk update  && apk add jq  && rm -rf /var/cache/apk/*\n ---> Running in 259e1d24beda\nfetch https://dl-cdn.alpinelinux.org/alpine/v3.13/main/x86_64/APKINDEX.tar.gz\nfetch https://dl-cdn.alpinelinux.org/alpine/v3.13/community/x86_64/APKINDEX.tar.gz\nv3.13.12-94-g0551adbecc [https://dl-cdn.alpinelinux.org/alpine/v3.13/main]\nv3.13.12-94-g0551adbecc [https://dl-cdn.alpinelinux.org/alpine/v3.13/community]\nOK: 13926 distinct packages available\n(1/2) Installing oniguruma (6.9.6-r0)\n(2/2) Installing jq (1.6-r1)\nExecuting busybox-1.32.1-r6.trigger\nOK: 26 MiB in 44 packages\nRemoving intermediate container 259e1d24beda\n ---> 6e4db76e68d2\nStep 13/16 : EXPOSE 80\n ---> Running in bd4d48971983\nRemoving intermediate container bd4d48971983\n ---> c4116506a042\nStep 14/16 : COPY scripts/dockerloadenv.sh /dockerloadenv.sh\n ---> 31e0cea6b273\nStep 15/16 : ENTRYPOINT [\"sh\", \"/dockerloadenv.sh\"]\n ---> Running in 55270f064cb8\nRemoving intermediate container 55270f064cb8\n ---> 809c8256e0dd\nStep 16/16 : CMD [\"nginx\", \"-g\", \"daemon off;\"]\n ---> Running in ec4371ba0d73\nRemoving intermediate container ec4371ba0d73\n ---> aac6364f9162\nSuccessfully built aac6364f9162\nSuccessfully tagged netstatus:latest\n","stderr":"","imageSize":25921361},"repair":{"violations":[{"name":"apkAddUseNoCache","position":{"start":28,"end":28,"columnStart":4,"columnEnd":14}}],"repairedDockerfile":"# Stage.0 Build environment\nFROM node:11.6.0-alpine as build\n\nWORKDIR .\n\nENV PATH /node_modules/.bin:/usr/bin:/bin:$PATH\n\nCOPY . ./\nCOPY package.json ./\nCOPY package-lock.json ./\nCOPY scripts/dockerloadenv.sh /dockerloadenv.sh\n\n\n# Install deps\nRUN npm ci --silent\n\n# build website\nRUN npm run build\n\n\n# Stage.1 Run\nFROM nginx:1.19.10-alpine as run\n\n# Copy production environment\nCOPY --from=build /build /usr/share/nginx/html\n\n# Install jq, needed for dockerloadenv.sh\nRUN apk update \\\n && apk add --no-cache jq \\\n && rm -rf /var/cache/apk/*\n\nEXPOSE 80\n\nCOPY scripts/dockerloadenv.sh /dockerloadenv.sh\n# Expose docker env to website index.html & then launch nginx\nENTRYPOINT [\"sh\", \"/dockerloadenv.sh\"]\nCMD [\"nginx\", \"-g\", \"daemon off;\"]\n"},"repairedBuild":{"startTimestamp":1672534717581,"endTimestamp":1672534848946,"error":null,"stdout":"Sending build context to Docker daemon  1.802MB\r\r\nStep 1/16 : FROM node:11.6.0-alpine as build\n ---> 9036ebdbc59d\nStep 2/16 : WORKDIR .\n ---> Running in 281d947f4455\nRemoving intermediate container 281d947f4455\n ---> 89a380fc97e0\nStep 3/16 : ENV PATH /node_modules/.bin:/usr/bin:/bin:$PATH\n ---> Running in 4b32bdd96b49\nRemoving intermediate container 4b32bdd96b49\n ---> cd748d9f3da8\nStep 4/16 : COPY . ./\n ---> 461f8b7aafa8\nStep 5/16 : COPY package.json ./\n ---> b7dcab38492c\nStep 6/16 : COPY package-lock.json ./\n ---> 9536639a81be\nStep 7/16 : COPY scripts/dockerloadenv.sh /dockerloadenv.sh\n ---> c5180b6f6162\nStep 8/16 : RUN npm ci --silent\n ---> Running in 628fa167386c\n\nSkipping 'fsevents' build as platform linux is not supported\n\nSkipping 'fsevents' build as platform linux is not supported\nFont Awesome Free 0.2.34 by @fontawesome - https://fontawesome.com\nLicense - https://fontawesome.com/license/free (Icons: CC BY 4.0, Fonts: SIL OFL 1.1, Code: MIT License)\n\nFont Awesome Free 5.15.2 by @fontawesome - https://fontawesome.com\nLicense - https://fontawesome.com/license/free (Icons: CC BY 4.0, Fonts: SIL OFL 1.1, Code: MIT License)\n\nFont Awesome Free 1.2.34 by @fontawesome - https://fontawesome.com\nLicense - https://fontawesome.com/license/free (Icons: CC BY 4.0, Fonts: SIL OFL 1.1, Code: MIT License)\n\nadded 1876 packages in 5.249s\nRemoving intermediate container 628fa167386c\n ---> de198ea47587\nStep 9/16 : RUN npm run build\n ---> Running in 2de04cdda138\n\n> netspeedts@1.0.0 build /\n> npm run setup; react-scripts build\n\n\n> netspeedts@1.0.0 setup /\n> cp git_modules/speedtest/speedtest.js public/speedtest.js; cp git_modules/speedtest/speedtest_worker.js public/speedtest_worker.js;\n\n\u001b[91mcp: can't stat 'git_modules/speedtest/speedtest.js': No such file or directory\n\u001b[0m\u001b[91mcp: can't stat 'git_modules/speedtest/speedtest_worker.js': No such file or directory\n\u001b[0m\u001b[91mnpm ERR! code\u001b[0m\u001b[91m ELIFECYCLE\n\u001b[0m\u001b[91mnpm ERR! errno\u001b[0m\u001b[91m 1\n\u001b[0m\u001b[91mnpm ERR! netspeedts@1.0.0 setup: `cp git_modules/speedtest/speedtest.js public/speedtest.js; cp git_modules/speedtest/speedtest_worker.js public/speedtest_worker.js;`\nnpm ERR! Exit status 1\n\u001b[0m\u001b[91mnpm ERR! \nnpm ERR! Failed at the netspeedts@1.0.0 setup script.\nnpm ERR! This is probably not a problem with npm. There is likely additional logging output above.\n\u001b[0m\u001b[91m\n\u001b[0m\u001b[91mnpm \u001b[0m\u001b[91mERR! A complete log of this run can be found in:\n\u001b[0m\u001b[91mnpm\u001b[0m\u001b[91m \u001b[0m\u001b[91mERR!\u001b[0m\u001b[91m     /root/.npm/_logs/2023-01-01T00_59_56_258Z-debug.log\n\u001b[0mCreating an optimized production build...\n\u001b[91mBrowserslist: caniuse-lite is outdated. Please run:\nnpx browserslist@latest --update-db\n\nWhy you should do it regularly:\nhttps://github.com/browserslist/browserslist#browsers-data-updating\n\u001b[0mCompiled with warnings.\n\nsrc/components/common/icon.tsx\n  Line 17:80:  'JSX' is not defined  no-undef\n\nsrc/components/dashboard/AdditionalInfoRow.tsx\n  Line 10:106:  'JSX' is not defined  no-undef\n  Line 37:61:   'JSX' is not defined  no-undef\n\nsrc/components/dashboard/Container.if.ts\n  Line 3:5:  'Unknown' is defined but never used  no-unused-vars\n  Line 4:5:  'Bad' is defined but never used      no-unused-vars\n  Line 5:5:  'Warning' is defined but never used  no-unused-vars\n  Line 6:5:  'Good' is defined but never used     no-unused-vars\n\nsrc/components/dashboard/Container.tsx\n  Line 11:45:  'JSX' is not defined  no-undef\n  Line 12:68:  'JSX' is not defined  no-undef\n\nsrc/components/dashboard/StatusRow.if.ts\n  Line 3:5:  'Good' is defined but never used     no-unused-vars\n  Line 4:5:  'Warning' is defined but never used  no-unused-vars\n  Line 5:5:  'Bad' is defined but never used      no-unused-vars\n\nsrc/components/dashboard/StatusRow.tsx\n  Line 10:85:  'JSX' is not defined  no-undef\n\nsrc/components/loading/Container.style.ts\n  Line 48:46:  'props' is defined but never used  no-unused-vars\n\nsrc/components/loading/Container.tsx\n  Line 9:67:   'React' is not defined  no-undef\n  Line 9:125:  'JSX' is not defined    no-undef\n\nsrc/components/offline/Container.style.ts\n  Line 44:46:  'props' is defined but never used  no-unused-vars\n\nsrc/components/offline/Container.tsx\n  Line 9:60:   'React' is not defined  no-undef\n  Line 9:118:  'JSX' is not defined    no-undef\n\nsrc/controllers/dashboard.tsx\n  Line 9:46:  'JSX' is not defined  no-undef\n\nsrc/controllers/loading.map.ts\n  Line 6:26:  'state' is defined but never used  no-unused-vars\n  Line 6:47:  'props' is defined but never used  no-unused-vars\n\nsrc/controllers/loading.tsx\n  Line 9:44:  'JSX' is not defined  no-undef\n\nsrc/controllers/offline.tsx\n  Line 9:44:  'JSX' is not defined  no-undef\n\nsrc/interfaces/log.ts\n  Line 3:5:    'FATAL' is defined but never used    no-unused-vars\n  Line 4:5:    'ERROR' is defined but never used    no-unused-vars\n  Line 5:5:    'WARN' is defined but never used     no-unused-vars\n  Line 6:5:    'INFO' is defined but never used     no-unused-vars\n  Line 7:5:    'VERBOSE' is defined but never used  no-unused-vars\n  Line 11:15:  'msg' is defined but never used      no-unused-vars\n  Line 12:15:  'msg' is defined but never used      no-unused-vars\n  Line 13:15:  'msg' is defined but never used      no-unused-vars\n  Line 14:15:  'msg' is defined but never used      no-unused-vars\n  Line 15:15:  'msg' is defined but never used      no-unused-vars\n\nsrc/router/dashboard.tsx\n  Line 13:34:  'props' is defined but never used  no-unused-vars\n\nsrc/router/index.tsx\n  Line 16:20:  'JSX' is not defined  no-undef\n\nsrc/router/loading.tsx\n  Line 18:34:  'props' is defined but never used  no-unused-vars\n\nsrc/router/offline.tsx\n  Line 13:34:  'props' is defined but never used  no-unused-vars\n\nsrc/services/interface.ts\n  Line 15:5:   'Unitialized' is defined but never used    no-unused-vars\n  Line 16:5:   'Initialized' is defined but never used    no-unused-vars\n  Line 17:5:   'Idle' is defined but never used           no-unused-vars\n  Line 18:5:   'Busy' is defined but never used           no-unused-vars\n  Line 19:5:   'Stopped' is defined but never used        no-unused-vars\n  Line 20:5:   'Error' is defined but never used          no-unused-vars\n  Line 27:27:  'subscriberKey' is defined but never used  no-unused-vars\n  Line 27:50:  'callback' is defined but never used       no-unused-vars\n  Line 27:61:  'service' is defined but never used        no-unused-vars\n  Line 28:30:  'subscriberKey' is defined but never used  no-unused-vars\n\nsrc/services/networkspeed/service.ts\n  Line 16:101:  'service' is defined but never used  no-unused-vars\n  Line 22:34:   'this' is defined but never used     no-unused-vars\n  Line 25:25:   'this' is defined but never used     no-unused-vars\n  Line 35:24:   'this' is defined but never used     no-unused-vars\n  Line 46:31:   'this' is defined but never used     no-unused-vars\n\nsrc/services/networkspeed/speedRunner.ts\n  Line 36:27:  'this' is defined but never used        no-unused-vars\n  Line 39:25:  'this' is defined but never used        no-unused-vars\n  Line 57:23:  'this' is defined but never used        no-unused-vars\n  Line 64:50:  'reject' is defined but never used      no-unused-vars\n  Line 86:42:  'wasAborted' is defined but never used  no-unused-vars\n\nsrc/services/onlinestatus/reachable.ts\n  Line 2:6:    'PINGSTATUS' is defined but never used      no-unused-vars\n  Line 3:5:    'INIT' is defined but never used            no-unused-vars\n  Line 4:5:    'RUNNING' is defined but never used         no-unused-vars\n  Line 5:5:    'PASSED' is defined but never used          no-unused-vars\n  Line 6:5:    'FAILED_ERROR' is defined but never used    no-unused-vars\n  Line 7:5:    'FAILED_TIMEOUT' is defined but never used  no-unused-vars\n  Line 20:17:  'result' is defined but never used          no-unused-vars\n  Line 25:59:  'result' is defined but never used          no-unused-vars\n  Line 26:80:  'error' is defined but never used           no-unused-vars\n  Line 40:29:  'this' is defined but never used            no-unused-vars\n  Line 41:28:  'this' is defined but never used            no-unused-vars\n  Line 42:30:  'this' is defined but never used            no-unused-vars\n  Line 43:25:  'this' is defined but never used            no-unused-vars\n  Line 71:55:  'result' is defined but never used          no-unused-vars\n\nsrc/services/onlinestatus/service.ts\n  Line 15:95:  'service' is defined but never used  no-unused-vars\n  Line 21:28:  'this' is defined but never used     no-unused-vars\n  Line 24:19:  'this' is defined but never used     no-unused-vars\n  Line 43:18:  'this' is defined but never used     no-unused-vars\n  Line 55:31:  'this' is defined but never used     no-unused-vars\n\nsrc/services/onlinestatus/util.ts\n  Line 37:13:  'isOnline' is defined but never used  no-unused-vars\n  Line 54:49:  'reject' is defined but never used    no-unused-vars\n  Line 76:19:  'error' is defined but never used     no-unused-vars\n\nsrc/state/networkspeed/dispatcher.ts\n  Line 32:27:  'store' is defined but never used  no-unused-vars\n  Line 43:25:  'store' is defined but never used  no-unused-vars\n\nSearch for the keywords to learn more about each warning.\nTo ignore, add // eslint-disable-next-line to the line before.\n\nFile sizes after gzip:\n\n  78.57 KB  build/static/js/2.ccd896e1.chunk.js\n  9.66 KB   build/static/js/main.86f1909d.chunk.js\n  1.39 KB   build/static/js/3.4378034e.chunk.js\n  1.17 KB   build/static/js/runtime-main.72711c6c.js\n  416 B     build/static/css/main.9b5ad349.chunk.css\n\nThe project was built assuming it is hosted at /.\nYou can control this with the homepage field in your package.json.\n\nThe build folder is ready to be deployed.\nYou may serve it with a static server:\n\n  npm install -g serve\n  serve -s build\n\nFind out more about deployment here:\n\n  https://cra.link/deployment\n\nRemoving intermediate container 2de04cdda138\n ---> 3d4254c7ee08\nStep 10/16 : FROM nginx:1.19.10-alpine as run\n ---> a64a6e03b055\nStep 11/16 : COPY --from=build /build /usr/share/nginx/html\n ---> 50c20ededb38\nStep 12/16 : RUN apk update  && apk add --no-cache jq  && rm -rf /var/cache/apk/*\n ---> Running in 04c9fe3f7ae9\nfetch https://dl-cdn.alpinelinux.org/alpine/v3.13/main/x86_64/APKINDEX.tar.gz\nfetch https://dl-cdn.alpinelinux.org/alpine/v3.13/community/x86_64/APKINDEX.tar.gz\nv3.13.12-94-g0551adbecc [https://dl-cdn.alpinelinux.org/alpine/v3.13/main]\nv3.13.12-94-g0551adbecc [https://dl-cdn.alpinelinux.org/alpine/v3.13/community]\nOK: 13926 distinct packages available\nfetch https://dl-cdn.alpinelinux.org/alpine/v3.13/main/x86_64/APKINDEX.tar.gz\nfetch https://dl-cdn.alpinelinux.org/alpine/v3.13/community/x86_64/APKINDEX.tar.gz\n(1/2) Installing oniguruma (6.9.6-r0)\n(2/2) Installing jq (1.6-r1)\nExecuting busybox-1.32.1-r6.trigger\nOK: 26 MiB in 44 packages\nRemoving intermediate container 04c9fe3f7ae9\n ---> 3ec7f2f3c0ad\nStep 13/16 : EXPOSE 80\n ---> Running in 0a6c5efdf809\nRemoving intermediate container 0a6c5efdf809\n ---> ff2eb60b644a\nStep 14/16 : COPY scripts/dockerloadenv.sh /dockerloadenv.sh\n ---> bd940905f522\nStep 15/16 : ENTRYPOINT [\"sh\", \"/dockerloadenv.sh\"]\n ---> Running in 24639dd7520a\nRemoving intermediate container 24639dd7520a\n ---> 518668670cb2\nStep 16/16 : CMD [\"nginx\", \"-g\", \"daemon off;\"]\n ---> Running in 00869d3a4f1d\nRemoving intermediate container 00869d3a4f1d\n ---> 757badcbbb74\nSuccessfully built 757badcbbb74\nSuccessfully tagged netstatus:latest\n","stderr":"","imageSize":25921361},"endTime":1672534850500}