{"repository":"https://github.com/ad-freiburg/aqqu","dockerfilePath":"Dockerfile","startTime":1672530302836,"clone":{"stdout":"","stderr":"Cloning into '/tmp/dinghy-analysis/ad-freiburg/aqqu'...\n","error":null,"commit":"e8124c8d124b1c4564449fc89586009b43b2689d"},"originalBuild":{"startTimestamp":1672530304401,"endTimestamp":1672530681968,"error":{"code":1,"killed":false,"signal":null,"cmd":"docker build --no-cache --force-rm -t aqqu:latest -f /tmp/dinghy-analysis/ad-freiburg/aqqu/Dockerfile ."},"stdout":"Sending build context to Docker daemon  44.38MB\r\r\nStep 1/13 : ARG TENSORFLOW=tensorflow/tensorflow:1.5.0-py3\nStep 2/13 : FROM $TENSORFLOW\n1.5.0-py3: Pulling from tensorflow/tensorflow\n1be7f2b886e8: Pulling fs layer\n6fbc4a21b806: Pulling fs layer\nc71a6f8e1378: Pulling fs layer\n4be3072e5a37: Pulling fs layer\n06c6d2f59700: Pulling fs layer\n051c5179083a: Pulling fs layer\n9a6754575b55: Pulling fs layer\ndc561f40bd23: Pulling fs layer\na801bc0ed834: Pulling fs layer\n0b4f169465c0: Pulling fs layer\n17aa0b2dd8e9: Pulling fs layer\nee63322f9100: Pulling fs layer\n00b60712ad2f: Pulling fs layer\n0b4f169465c0: Waiting\n17aa0b2dd8e9: Waiting\n00b60712ad2f: Waiting\nee63322f9100: Waiting\ndc561f40bd23: Waiting\n9a6754575b55: Waiting\n051c5179083a: Waiting\n4be3072e5a37: Waiting\na801bc0ed834: Waiting\n06c6d2f59700: Waiting\n6fbc4a21b806: Verifying Checksum\n6fbc4a21b806: Download complete\nc71a6f8e1378: Verifying Checksum\nc71a6f8e1378: Download complete\n4be3072e5a37: Verifying Checksum\n4be3072e5a37: Download complete\n06c6d2f59700: Download complete\n1be7f2b886e8: Verifying Checksum\n1be7f2b886e8: Download complete\n9a6754575b55: Verifying Checksum\n9a6754575b55: Download complete\n1be7f2b886e8: Pull complete\n6fbc4a21b806: Pull complete\na801bc0ed834: Download complete\n0b4f169465c0: Verifying Checksum\n0b4f169465c0: Download complete\ndc561f40bd23: Verifying Checksum\ndc561f40bd23: Download complete\n17aa0b2dd8e9: Verifying Checksum\n17aa0b2dd8e9: Download complete\n051c5179083a: Verifying Checksum\n051c5179083a: Download complete\nc71a6f8e1378: Pull complete\nee63322f9100: Download complete\n00b60712ad2f: Download complete\n4be3072e5a37: Pull complete\n06c6d2f59700: Pull complete\n051c5179083a: Pull complete\n9a6754575b55: Pull complete\ndc561f40bd23: Pull complete\na801bc0ed834: Pull complete\n0b4f169465c0: Pull complete\n17aa0b2dd8e9: Pull complete\nee63322f9100: Pull complete\n00b60712ad2f: Pull complete\nDigest: sha256:77e14bc25522cdfb22dba44b8dbf4fa528b892964ca935a9d1dfddf36785df07\nStatus: Downloaded newer image for tensorflow/tensorflow:1.5.0-py3\n ---> 3488c72e8074\nStep 3/13 : ENV LANG C.UTF-8\n ---> Running in 80c7f9d0c613\nRemoving intermediate container 80c7f9d0c613\n ---> 9047e6f3b2c8\nStep 4/13 : RUN apt-get update && apt-get install -y python3-pip make libsnappy-dev zlib1g-dev libbz2-dev libgflags-dev librocksdb-dev\n ---> Running in 868846f3dc90\nGet:1 http://archive.ubuntu.com/ubuntu xenial InRelease [247 kB]\nGet:2 http://archive.ubuntu.com/ubuntu xenial-updates InRelease [99.8 kB]\nGet:3 http://security.ubuntu.com/ubuntu xenial-security InRelease [99.8 kB]\nGet:4 http://archive.ubuntu.com/ubuntu xenial-backports InRelease [97.4 kB]\nGet:5 http://archive.ubuntu.com/ubuntu xenial/universe Sources [9802 kB]\nGet:6 http://security.ubuntu.com/ubuntu xenial-security/universe Sources [256 kB]\nGet:7 http://archive.ubuntu.com/ubuntu xenial/main amd64 Packages [1558 kB]\nGet:8 http://archive.ubuntu.com/ubuntu xenial/restricted amd64 Packages [14.1 kB]\nGet:9 http://archive.ubuntu.com/ubuntu xenial/universe amd64 Packages [9827 kB]\nGet:10 http://archive.ubuntu.com/ubuntu xenial/multiverse amd64 Packages [176 kB]\nGet:11 http://archive.ubuntu.com/ubuntu xenial-updates/universe Sources [549 kB]\nGet:12 http://archive.ubuntu.com/ubuntu xenial-updates/main amd64 Packages [2560 kB]\nGet:13 http://archive.ubuntu.com/ubuntu xenial-updates/restricted amd64 Packages [16.4 kB]\nGet:14 http://archive.ubuntu.com/ubuntu xenial-updates/universe amd64 Packages [1544 kB]\nGet:15 http://archive.ubuntu.com/ubuntu xenial-updates/multiverse amd64 Packages [26.2 kB]\nGet:16 http://archive.ubuntu.com/ubuntu xenial-backports/main amd64 Packages [10.9 kB]\nGet:17 http://archive.ubuntu.com/ubuntu xenial-backports/universe amd64 Packages [12.7 kB]\nGet:18 http://security.ubuntu.com/ubuntu xenial-security/main amd64 Packages [2051 kB]\nGet:19 http://security.ubuntu.com/ubuntu xenial-security/restricted amd64 Packages [15.9 kB]\nGet:20 http://security.ubuntu.com/ubuntu xenial-security/universe amd64 Packages [984 kB]\nGet:21 http://security.ubuntu.com/ubuntu xenial-security/multiverse amd64 Packages [8820 B]\nFetched 30.0 MB in 3s (9132 kB/s)\nReading package lists...\nReading package lists...\nBuilding dependency tree...\nReading state information...\nmake is already the newest version (4.1-6).\nmake set to manually installed.\nThe following additional packages will be installed:\n  bzip2 bzip2-doc libbz2-1.0 libgflags2v5 librocksdb4.1 libsnappy1v5\n  python-pip-whl python3-pkg-resources python3-setuptools python3-wheel zlib1g\nSuggested packages:\n  python-setuptools-doc\nThe following NEW packages will be installed:\n  bzip2-doc libbz2-dev libgflags-dev libgflags2v5 librocksdb-dev librocksdb4.1\n  libsnappy-dev libsnappy1v5 python-pip-whl python3-pip python3-pkg-resources\n  python3-setuptools python3-wheel\nThe following packages will be upgraded:\n  bzip2 libbz2-1.0 zlib1g zlib1g-dev\n4 upgraded, 13 newly installed, 0 to remove and 117 not upgraded.\nNeed to get 4566 kB of archives.\nAfter this operation, 19.4 MB of additional disk space will be used.\nGet:1 http://archive.ubuntu.com/ubuntu xenial-updates/main amd64 bzip2 amd64 1.0.6-8ubuntu0.2 [32.5 kB]\nGet:2 http://archive.ubuntu.com/ubuntu xenial-updates/main amd64 libbz2-1.0 amd64 1.0.6-8ubuntu0.2 [30.7 kB]\nGet:3 http://archive.ubuntu.com/ubuntu xenial-updates/main amd64 zlib1g-dev amd64 1:1.2.8.dfsg-2ubuntu4.3 [167 kB]\nGet:4 http://archive.ubuntu.com/ubuntu xenial-updates/main amd64 zlib1g amd64 1:1.2.8.dfsg-2ubuntu4.3 [51.2 kB]\nGet:5 http://archive.ubuntu.com/ubuntu xenial-updates/main amd64 bzip2-doc all 1.0.6-8ubuntu0.2 [294 kB]\nGet:6 http://archive.ubuntu.com/ubuntu xenial-updates/main amd64 libbz2-dev amd64 1.0.6-8ubuntu0.2 [29.0 kB]\nGet:7 http://archive.ubuntu.com/ubuntu xenial/universe amd64 libgflags2v5 amd64 2.1.2-3 [54.4 kB]\nGet:8 http://archive.ubuntu.com/ubuntu xenial/universe amd64 libgflags-dev amd64 2.1.2-3 [64.8 kB]\nGet:9 http://archive.ubuntu.com/ubuntu xenial/main amd64 libsnappy1v5 amd64 1.1.3-2 [16.0 kB]\nGet:10 http://archive.ubuntu.com/ubuntu xenial/universe amd64 librocksdb4.1 amd64 4.1-1 [955 kB]\nGet:11 http://archive.ubuntu.com/ubuntu xenial/universe amd64 librocksdb-dev amd64 4.1-1 [1412 kB]\nGet:12 http://archive.ubuntu.com/ubuntu xenial-updates/universe amd64 python-pip-whl all 8.1.1-2ubuntu0.6 [1112 kB]\nGet:13 http://archive.ubuntu.com/ubuntu xenial-updates/universe amd64 python3-pip all 8.1.1-2ubuntu0.6 [109 kB]\nGet:14 http://archive.ubuntu.com/ubuntu xenial/main amd64 python3-pkg-resources all 20.7.0-1 [79.0 kB]\nGet:15 http://archive.ubuntu.com/ubuntu xenial/main amd64 python3-setuptools all 20.7.0-1 [88.0 kB]\nGet:16 http://archive.ubuntu.com/ubuntu xenial/universe amd64 python3-wheel all 0.29.0-1 [48.1 kB]\nGet:17 http://archive.ubuntu.com/ubuntu xenial/main amd64 libsnappy-dev amd64 1.1.3-2 [24.0 kB]\n\u001b[91mdebconf: delaying package configuration, since apt-utils is not installed\n\u001b[0mFetched 4566 kB in 0s (13.3 MB/s)\n(Reading database ... \r(Reading database ... 5%\r(Reading database ... 10%\r(Reading database ... 15%\r(Reading database ... 20%\r(Reading database ... 25%\r(Reading database ... 30%\r(Reading database ... 35%\r(Reading database ... 40%\r(Reading database ... 45%\r(Reading database ... 50%\r(Reading database ... 55%\r(Reading database ... 60%\r(Reading database ... 65%\r(Reading database ... 70%\r(Reading database ... 75%\r(Reading database ... 80%\r(Reading database ... 85%\r(Reading database ... 90%\r(Reading database ... 95%\r(Reading database ... 100%\r(Reading database ... 12490 files and directories currently installed.)\r\nPreparing to unpack .../bzip2_1.0.6-8ubuntu0.2_amd64.deb ...\r\nUnpacking bzip2 (1.0.6-8ubuntu0.2) over (1.0.6-8) ...\r\nPreparing to unpack .../libbz2-1.0_1.0.6-8ubuntu0.2_amd64.deb ...\r\nUnpacking libbz2-1.0:amd64 (1.0.6-8ubuntu0.2) over (1.0.6-8) ...\r\nProcessing triggers for libc-bin (2.23-0ubuntu10) ...\r\nSetting up libbz2-1.0:amd64 (1.0.6-8ubuntu0.2) ...\r\nProcessing triggers for libc-bin (2.23-0ubuntu10) ...\r\n(Reading database ... \r(Reading database ... 5%\r(Reading database ... 10%\r(Reading database ... 15%\r(Reading database ... 20%\r(Reading database ... 25%\r(Reading database ... 30%\r(Reading database ... 35%\r(Reading database ... 40%\r(Reading database ... 45%\r(Reading database ... 50%\r(Reading database ... 55%\r(Reading database ... 60%\r(Reading database ... 65%\r(Reading database ... 70%\r(Reading database ... 75%\r(Reading database ... 80%\r(Reading database ... 85%\r(Reading database ... 90%\r(Reading database ... 95%\r(Reading database ... 100%\r(Reading database ... 12490 files and directories currently installed.)\r\nPreparing to unpack .../zlib1g-dev_1%3a1.2.8.dfsg-2ubuntu4.3_amd64.deb ...\r\nUnpacking zlib1g-dev:amd64 (1:1.2.8.dfsg-2ubuntu4.3) over (1:1.2.8.dfsg-2ubuntu4.1) ...\r\nPreparing to unpack .../zlib1g_1%3a1.2.8.dfsg-2ubuntu4.3_amd64.deb ...\r\nUnpacking zlib1g:amd64 (1:1.2.8.dfsg-2ubuntu4.3) over (1:1.2.8.dfsg-2ubuntu4.1) ...\r\nProcessing triggers for libc-bin (2.23-0ubuntu10) ...\r\nSetting up zlib1g:amd64 (1:1.2.8.dfsg-2ubuntu4.3) ...\r\nProcessing triggers for libc-bin (2.23-0ubuntu10) ...\r\nSelecting previously unselected package bzip2-doc.\r\n(Reading database ... \r(Reading database ... 5%\r(Reading database ... 10%\r(Reading database ... 15%\r(Reading database ... 20%\r(Reading database ... 25%\r(Reading database ... 30%\r(Reading database ... 35%\r(Reading database ... 40%\r(Reading database ... 45%\r(Reading database ... 50%\r(Reading database ... 55%\r(Reading database ... 60%\r(Reading database ... 65%\r(Reading database ... 70%\r(Reading database ... 75%\r(Reading database ... 80%\r(Reading database ... 85%\r(Reading database ... 90%\r(Reading database ... 95%\r(Reading database ... 100%\r(Reading database ... 12490 files and directories currently installed.)\r\nPreparing to unpack .../bzip2-doc_1.0.6-8ubuntu0.2_all.deb ...\r\nUnpacking bzip2-doc (1.0.6-8ubuntu0.2) ...\r\nSelecting previously unselected package libbz2-dev:amd64.\r\nPreparing to unpack .../libbz2-dev_1.0.6-8ubuntu0.2_amd64.deb ...\r\nUnpacking libbz2-dev:amd64 (1.0.6-8ubuntu0.2) ...\r\nSelecting previously unselected package libgflags2v5.\r\nPreparing to unpack .../libgflags2v5_2.1.2-3_amd64.deb ...\r\nUnpacking libgflags2v5 (2.1.2-3) ...\r\nSelecting previously unselected package libgflags-dev.\r\nPreparing to unpack .../libgflags-dev_2.1.2-3_amd64.deb ...\r\nUnpacking libgflags-dev (2.1.2-3) ...\r\nSelecting previously unselected package libsnappy1v5:amd64.\r\nPreparing to unpack .../libsnappy1v5_1.1.3-2_amd64.deb ...\r\nUnpacking libsnappy1v5:amd64 (1.1.3-2) ...\r\nSelecting previously unselected package librocksdb4.1.\r\nPreparing to unpack .../librocksdb4.1_4.1-1_amd64.deb ...\r\nUnpacking librocksdb4.1 (4.1-1) ...\r\nSelecting previously unselected package librocksdb-dev.\r\nPreparing to unpack .../librocksdb-dev_4.1-1_amd64.deb ...\r\nUnpacking librocksdb-dev (4.1-1) ...\r\nSelecting previously unselected package python-pip-whl.\r\nPreparing to unpack .../python-pip-whl_8.1.1-2ubuntu0.6_all.deb ...\r\nUnpacking python-pip-whl (8.1.1-2ubuntu0.6) ...\r\nSelecting previously unselected package python3-pip.\r\nPreparing to unpack .../python3-pip_8.1.1-2ubuntu0.6_all.deb ...\r\nUnpacking python3-pip (8.1.1-2ubuntu0.6) ...\r\nSelecting previously unselected package python3-pkg-resources.\r\nPreparing to unpack .../python3-pkg-resources_20.7.0-1_all.deb ...\r\nUnpacking python3-pkg-resources (20.7.0-1) ...\r\nSelecting previously unselected package python3-setuptools.\r\nPreparing to unpack .../python3-setuptools_20.7.0-1_all.deb ...\r\nUnpacking python3-setuptools (20.7.0-1) ...\r\nSelecting previously unselected package python3-wheel.\r\nPreparing to unpack .../python3-wheel_0.29.0-1_all.deb ...\r\nUnpacking python3-wheel (0.29.0-1) ...\r\nSelecting previously unselected package libsnappy-dev:amd64.\r\nPreparing to unpack .../libsnappy-dev_1.1.3-2_amd64.deb ...\r\nUnpacking libsnappy-dev:amd64 (1.1.3-2) ...\r\nProcessing triggers for libc-bin (2.23-0ubuntu10) ...\r\nSetting up bzip2 (1.0.6-8ubuntu0.2) ...\r\nSetting up zlib1g-dev:amd64 (1:1.2.8.dfsg-2ubuntu4.3) ...\r\nSetting up bzip2-doc (1.0.6-8ubuntu0.2) ...\r\nSetting up libbz2-dev:amd64 (1.0.6-8ubuntu0.2) ...\r\nSetting up libgflags2v5 (2.1.2-3) ...\r\nSetting up libgflags-dev (2.1.2-3) ...\r\nSetting up libsnappy1v5:amd64 (1.1.3-2) ...\r\nSetting up librocksdb4.1 (4.1-1) ...\r\nSetting up librocksdb-dev (4.1-1) ...\r\nSetting up python-pip-whl (8.1.1-2ubuntu0.6) ...\r\nSetting up python3-pip (8.1.1-2ubuntu0.6) ...\r\nSetting up python3-pkg-resources (20.7.0-1) ...\r\nSetting up python3-setuptools (20.7.0-1) ...\r\nSetting up python3-wheel (0.29.0-1) ...\r\nSetting up libsnappy-dev:amd64 (1.1.3-2) ...\r\nProcessing triggers for libc-bin (2.23-0ubuntu10) ...\r\nRemoving intermediate container 868846f3dc90\n ---> 052d6057cfad\nStep 5/13 : COPY requirements.txt /app/\n ---> 656053d3c7ed\nStep 6/13 : WORKDIR /app/\n ---> Running in ba6b4d30fa26\nRemoving intermediate container ba6b4d30fa26\n ---> c11393d12878\nStep 7/13 : RUN pip3 install -r requirements.txt\n ---> Running in b84c26bfb765\nCollecting Flask==1.0 (from -r requirements.txt (line 1))\n  Downloading https://files.pythonhosted.org/packages/55/b1/4365193655df97227ace49311365cc296e74b60c7f5c63d23cd30175e2f6/Flask-1.0-py2.py3-none-any.whl (97kB)\nCollecting Flask-Compress==1.4.0 (from -r requirements.txt (line 2))\n  Downloading https://files.pythonhosted.org/packages/0e/2a/378bd072928f6d92fd8c417d66b00c757dc361c0405a46a0134de6fd323d/Flask-Compress-1.4.0.tar.gz\nCollecting gensim==3.2.0 (from -r requirements.txt (line 3))\n  Downloading https://files.pythonhosted.org/packages/1f/45/2c89934244e7f4b81a8b9aaea7153edb1b271e44840b9839566d33510424/gensim-3.2.0-cp35-cp35m-manylinux1_x86_64.whl (15.9MB)\nCollecting joblib==0.11 (from -r requirements.txt (line 4))\n  Downloading https://files.pythonhosted.org/packages/4f/51/870b2ec270fc29c5d89f85353da420606a9cb39fba4747127e7c7d7eb25d/joblib-0.11-py2.py3-none-any.whl (176kB)\nCollecting numpy==1.14.1 (from -r requirements.txt (line 5))\n  Downloading https://files.pythonhosted.org/packages/90/23/bd375a3ff44b956c00c62deff190d1ef4909c438bd507d60c8ede16ea8d2/numpy-1.14.1-cp35-cp35m-manylinux1_x86_64.whl (12.1MB)\nCollecting requests==2.20.0 (from -r requirements.txt (line 6))\n  Downloading https://files.pythonhosted.org/packages/f1/ca/10332a30cb25b627192b4ea272c351bce3ca1091e541245cccbace6051d8/requests-2.20.0-py2.py3-none-any.whl (60kB)\nRequirement already satisfied: scikit-learn==0.19.1 in /usr/local/lib/python3.5/dist-packages (from -r requirements.txt (line 7))\nRequirement already satisfied: scipy==1.0.0 in /usr/local/lib/python3.5/dist-packages (from -r requirements.txt (line 8))\nCollecting urllib3==1.24.2 (from -r requirements.txt (line 9))\n  Downloading https://files.pythonhosted.org/packages/df/1c/59cca3abf96f991f2ec3131a4ffe72ae3d9ea1f5894abe8a9c5e3c77cfee/urllib3-1.24.2-py2.py3-none-any.whl (131kB)\nCollecting pyrocksdb==0.4 (from -r requirements.txt (line 10))\n  Downloading https://files.pythonhosted.org/packages/92/02/ea89030b42c545df7ae8cfccd567399de1118f26bf23f629fb5391c3e2f8/pyrocksdb-0.4.tar.gz (139kB)\nCollecting cython==0.27.3 (from -r requirements.txt (line 12))\n  Downloading https://files.pythonhosted.org/packages/04/78/b3675b946c64b838c5769fcbf0295f8d20d4d8ce150dfeb2f8f3bb1740d1/Cython-0.27.3-cp35-cp35m-manylinux1_x86_64.whl (3.0MB)\nCollecting pathlib==1.0.1 (from -r requirements.txt (line 13))\n  Downloading https://files.pythonhosted.org/packages/78/f9/690a8600b93c332de3ab4a344a4ac34f00c8f104917061f779db6a918ed6/pathlib-1.0.1-py3-none-any.whl\nCollecting cymem==1.31.2 (from -r requirements.txt (line 14))\n  Downloading https://files.pythonhosted.org/packages/b6/43/39372a0bc24d336dc88b87262c30f09d0a2c759f32a2965f90fb56da46f1/cymem-1.31.2-cp35-cp35m-manylinux1_x86_64.whl (70kB)\nCollecting preshed==1.0.0 (from -r requirements.txt (line 15))\n  Downloading https://files.pythonhosted.org/packages/1b/ac/7c17b1fd54b60972785b646d37da2826311cca70842c011c4ff84fbe95e0/preshed-1.0.0.tar.gz (89kB)\nCollecting thinc==6.10.2 (from -r requirements.txt (line 16))\n  Downloading https://files.pythonhosted.org/packages/55/fd/e9f36081e6f53699943381858848f3b4d759e0dd03c43b98807dde34c252/thinc-6.10.2.tar.gz (1.2MB)\nCollecting murmurhash==0.28 (from -r requirements.txt (line 17))\n  Downloading https://files.pythonhosted.org/packages/50/b1/b5356c5ec4b2a66ab41bd2689830615c8b8a983c005daf52bcf7d8a9d647/murmurhash-0.28.0-cp35-cp35m-manylinux1_x86_64.whl\nCollecting plac==0.9.6 (from -r requirements.txt (line 18))\n  Downloading https://files.pythonhosted.org/packages/9e/9b/62c60d2f5bc135d2aa1d8c8a86aaf84edb719a59c7f11a4316259e61a298/plac-0.9.6-py2.py3-none-any.whl\nCollecting ujson==1.35 (from -r requirements.txt (line 19))\n  Downloading https://files.pythonhosted.org/packages/16/c4/79f3409bc710559015464e5f49b9879430d8f87498ecdc335899732e5377/ujson-1.35.tar.gz (192kB)\nCollecting dill==0.2.7.1 (from -r requirements.txt (line 20))\n  Downloading https://files.pythonhosted.org/packages/91/a0/19d4d31dee064fc553ae01263b5c55e7fb93daff03a69debbedee647c5a0/dill-0.2.7.1.tar.gz (64kB)\nCollecting regex==2017.4.5 (from -r requirements.txt (line 21))\n  Downloading https://files.pythonhosted.org/packages/36/62/c0c0d762ffd4ffaf39f372eb8561b8d491a11ace5a7884610424a8b40f95/regex-2017.04.05.tar.gz (601kB)\nCollecting ftfy==5.0.0 (from -r requirements.txt (line 22))\n  Downloading https://files.pythonhosted.org/packages/36/7e/de02806f399ca538d850d9b6d8a4074b99c8c885edd04353d2bee549762b/ftfy-5.0.tar.gz\nCollecting pytest==3.4.1 (from -r requirements.txt (line 23))\n  Downloading https://files.pythonhosted.org/packages/7e/bf/e4ae65a07d4a7f69725dd7f0803cf57cf708f17dd7354427a3937ccab95d/pytest-3.4.1-py2.py3-none-any.whl (188kB)\nCollecting mock==2.0.0 (from -r requirements.txt (line 24))\n  Downloading https://files.pythonhosted.org/packages/e6/35/f187bdf23be87092bd0f1200d43d23076cee4d0dec109f195173fd3ebc79/mock-2.0.0-py2.py3-none-any.whl (56kB)\nCollecting msgpack-python==0.5.4 (from -r requirements.txt (line 25))\n  Downloading https://files.pythonhosted.org/packages/8b/b8/3ab1585ec7ac02afff2427d5727b922d2907466edd932d98002f0a18c29a/msgpack-python-0.5.4.tar.gz\nCollecting msgpack-numpy==0.4.2 (from -r requirements.txt (line 26))\n  Downloading https://files.pythonhosted.org/packages/c8/c8/45e809b57c8bad861e99f9c89b60fb185fc4e05db65a598aa0c34587878a/msgpack_numpy-0.4.2-py2.py3-none-any.whl\nCollecting spacy==2.0.10 (from -r requirements.txt (line 27))\n  Downloading https://files.pythonhosted.org/packages/69/d5/f317633a482f2a2cb998ee3f7fb0a7d099c25fe49b764c7fed47f7ca0141/spacy-2.0.10.tar.gz (17.5MB)\nRequirement already satisfied: Jinja2>=2.10 in /usr/local/lib/python3.5/dist-packages (from Flask==1.0->-r requirements.txt (line 1))\nRequirement already satisfied: Werkzeug>=0.14 in /usr/local/lib/python3.5/dist-packages (from Flask==1.0->-r requirements.txt (line 1))\nCollecting click>=5.1 (from Flask==1.0->-r requirements.txt (line 1))\n  Downloading https://files.pythonhosted.org/packages/d2/3d/fa76db83bf75c4f8d338c2fd15c8d33fdd7ad23a9b5e57eb6c5de26b430e/click-7.1.2-py2.py3-none-any.whl (82kB)\nCollecting itsdangerous>=0.24 (from Flask==1.0->-r requirements.txt (line 1))\n  Downloading https://files.pythonhosted.org/packages/76/ae/44b03b253d6fade317f32c24d100b3b35c2239807046a4c953c7b89fa49e/itsdangerous-1.1.0-py2.py3-none-any.whl\nCollecting smart-open>=1.2.1 (from gensim==3.2.0->-r requirements.txt (line 3))\n  Downloading https://files.pythonhosted.org/packages/11/9a/ba2d5f67f25e8d5bbf2fcec7a99b1e38428e83cb715f64dd179ca43a11bb/smart_open-3.0.0.tar.gz (113kB)\nRequirement already satisfied: six>=1.5.0 in /usr/local/lib/python3.5/dist-packages (from gensim==3.2.0->-r requirements.txt (line 3))\nCollecting idna<2.8,>=2.5 (from requests==2.20.0->-r requirements.txt (line 6))\n  Downloading https://files.pythonhosted.org/packages/4b/2a/0276479a4b3caeb8a8c1af2f8e4355746a97fab05a372e4a2c6a6b876165/idna-2.7-py2.py3-none-any.whl (58kB)\nCollecting certifi>=2017.4.17 (from requests==2.20.0->-r requirements.txt (line 6))\n  Downloading https://files.pythonhosted.org/packages/0d/e0/481445ea9f9a8ede3f6f373566c7fb20de435203e4828f3738906013ecfa/certifi-2022.5.18-py3-none-any.whl (155kB)\nCollecting chardet<3.1.0,>=3.0.2 (from requests==2.20.0->-r requirements.txt (line 6))\n  Downloading https://files.pythonhosted.org/packages/bc/a9/01ffebfb562e4274b6487b4bb1ddec7ca55ec7510b22e4c51f14098443b8/chardet-3.0.4-py2.py3-none-any.whl (133kB)\nRequirement already satisfied: setuptools in /usr/local/lib/python3.5/dist-packages (from pyrocksdb==0.4->-r requirements.txt (line 10))\nCollecting wrapt (from thinc==6.10.2->-r requirements.txt (line 16))\n  Downloading https://files.pythonhosted.org/packages/30/31/c3f80ed75bec31fc3b4e3193f660b96da8fef70811f0ed67a4dc873412bc/wrapt-1.14.1-cp35-cp35m-manylinux1_x86_64.whl (79kB)\nCollecting tqdm<5.0.0,>=4.10.0 (from thinc==6.10.2->-r requirements.txt (line 16))\n  Downloading https://files.pythonhosted.org/packages/47/bb/849011636c4da2e44f1253cd927cfb20ada4374d8b3a4e425416e84900cc/tqdm-4.64.1-py2.py3-none-any.whl (78kB)\nCollecting cytoolz<0.9,>=0.8 (from thinc==6.10.2->-r requirements.txt (line 16))\n  Downloading https://files.pythonhosted.org/packages/0f/e6/ccc124714dcc1bd511e64ddafb4d5d20ada2533b92e3173a4cf09e0d0831/cytoolz-0.8.2.tar.gz (386kB)\nCollecting termcolor (from thinc==6.10.2->-r requirements.txt (line 16))\n  Downloading https://files.pythonhosted.org/packages/8a/48/a76be51647d0eb9f10e2a4511bf3ffb8cc1e6b14e9e4fab46173aa79f981/termcolor-1.1.0.tar.gz\nRequirement already satisfied: html5lib in /usr/local/lib/python3.5/dist-packages (from ftfy==5.0.0->-r requirements.txt (line 22))\nRequirement already satisfied: wcwidth in /usr/local/lib/python3.5/dist-packages (from ftfy==5.0.0->-r requirements.txt (line 22))\nCollecting py>=1.5.0 (from pytest==3.4.1->-r requirements.txt (line 23))\n  Downloading https://files.pythonhosted.org/packages/f6/f0/10642828a8dfb741e5f3fbaac830550a518a775c7fff6f04a007259b0548/py-1.11.0-py2.py3-none-any.whl (98kB)\nCollecting pluggy<0.7,>=0.5 (from pytest==3.4.1->-r requirements.txt (line 23))\n  Downloading https://files.pythonhosted.org/packages/ba/65/ded3bc40bbf8d887f262f150fbe1ae6637765b5c9534bd55690ed2c0b0f7/pluggy-0.6.0-py3-none-any.whl\nCollecting attrs>=17.2.0 (from pytest==3.4.1->-r requirements.txt (line 23))\n  Downloading https://files.pythonhosted.org/packages/f2/bc/d817287d1aa01878af07c19505fafd1165cd6a119e9d0821ca1d1c20312d/attrs-22.1.0-py2.py3-none-any.whl (58kB)\nCollecting pbr>=0.11 (from mock==2.0.0->-r requirements.txt (line 24))\n  Downloading https://files.pythonhosted.org/packages/e5/37/10e8a53f196cf0bcb93008daed42e2c47c7876430a7efd044ff4d647f30a/pbr-5.11.0-py2.py3-none-any.whl (112kB)\nRequirement already satisfied: MarkupSafe>=0.23 in /usr/local/lib/python3.5/dist-packages (from Jinja2>=2.10->Flask==1.0->-r requirements.txt (line 1))\nCollecting importlib-resources; python_version < \"3.7\" (from tqdm<5.0.0,>=4.10.0->thinc==6.10.2->-r requirements.txt (line 16))\n  Downloading https://files.pythonhosted.org/packages/e6/b5/ca7ff4e244ae51e70f603889fcd67ee142050b539b3e2f40fbbd8ca316b5/importlib_resources-3.2.1-py2.py3-none-any.whl\nCollecting toolz>=0.8.0 (from cytoolz<0.9,>=0.8->thinc==6.10.2->-r requirements.txt (line 16))\n  Downloading https://files.pythonhosted.org/packages/7f/5c/922a3508f5bda2892be3df86c74f9cf1e01217c2b1f8a0ac4841d903e3e9/toolz-0.12.0-py3-none-any.whl (55kB)\nCollecting zipp>=0.4; python_version < \"3.8\" (from importlib-resources; python_version < \"3.7\"->tqdm<5.0.0,>=4.10.0->thinc==6.10.2->-r requirements.txt (line 16))\n  Downloading https://files.pythonhosted.org/packages/96/0a/67556e9b7782df7118c1f49bdc494da5e5e429c93aa77965f33e81287c8c/zipp-1.2.0-py2.py3-none-any.whl\nBuilding wheels for collected packages: Flask-Compress, pyrocksdb, preshed, thinc, ujson, dill, regex, ftfy, msgpack-python, spacy, smart-open, cytoolz, termcolor\n  Running setup.py bdist_wheel for Flask-Compress: started\n  Running setup.py bdist_wheel for Flask-Compress: finished with status 'done'\n  Stored in directory: /root/.cache/pip/wheels/96/32/88/a1f6d9dd3c29570ab3a8acc0d556b3b20abcf3c623c868ce0a\n  Running setup.py bdist_wheel for pyrocksdb: started\n  Running setup.py bdist_wheel for pyrocksdb: finished with status 'done'\n  Stored in directory: /root/.cache/pip/wheels/b7/62/47/bb7cce653ef55e5a7139c04588b3c3a06008d310e0c7211aa7\n  Running setup.py bdist_wheel for preshed: started\n  Running setup.py bdist_wheel for preshed: finished with status 'done'\n  Stored in directory: /root/.cache/pip/wheels/8f/85/06/2d132fb649a6bbcab22487e4147880a55b0dd0f4b18fdfd6b5\n  Running setup.py bdist_wheel for thinc: started\n  Running setup.py bdist_wheel for thinc: finished with status 'done'\n  Stored in directory: /root/.cache/pip/wheels/d8/5c/3e/9acf5d9974fb1c9e7b467563ea5429c9325f67306e93147961\n  Running setup.py bdist_wheel for ujson: started\n  Running setup.py bdist_wheel for ujson: finished with status 'done'\n  Stored in directory: /root/.cache/pip/wheels/28/77/e4/0311145b9c2e2f01470e744855131f9e34d6919687550f87d1\n  Running setup.py bdist_wheel for dill: started\n  Running setup.py bdist_wheel for dill: finished with status 'done'\n  Stored in directory: /root/.cache/pip/wheels/99/c4/ed/1b64d2d5809e60d5a3685530432f6159d6a9959739facb61f2\n  Running setup.py bdist_wheel for regex: started\n  Running setup.py bdist_wheel for regex: finished with status 'done'\n  Stored in directory: /root/.cache/pip/wheels/75/07/38/3c16b529d50cb4e0cd3dbc7b75cece8a09c132692c74450b01\n  Running setup.py bdist_wheel for ftfy: started\n  Running setup.py bdist_wheel for ftfy: finished with status 'done'\n  Stored in directory: /root/.cache/pip/wheels/34/03/de/0d568a1a4e655b71c1f1bea7771e14ac47bfe37eb5e0e37e59\n  Running setup.py bdist_wheel for msgpack-python: started\n  Running setup.py bdist_wheel for msgpack-python: finished with status 'done'\n  Stored in directory: /root/.cache/pip/wheels/f5/52/33/f49e5fca0bd22a9c0d7ab85320f2d0e6ff5fe49cec948d673a\n  Running setup.py bdist_wheel for spacy: started\n  Running setup.py bdist_wheel for spacy: still running...\n  Running setup.py bdist_wheel for spacy: finished with status 'done'\n  Stored in directory: /root/.cache/pip/wheels/0b/8c/77/1cff21364a6e89e93e60a0407072cb28042bc092d2cc48dc35\n  Running setup.py bdist_wheel for smart-open: started\n  Running setup.py bdist_wheel for smart-open: finished with status 'done'\n  Stored in directory: /root/.cache/pip/wheels/18/88/7c/f06dabd5e9cabe02d2269167bcacbbf9b47d0c0ff7d6ebcb78\n  Running setup.py bdist_wheel for cytoolz: started\n  Running setup.py bdist_wheel for cytoolz: finished with status 'done'\n  Stored in directory: /root/.cache/pip/wheels/f8/b1/86/c92e4d36b690208fff8471711b85eaa6bc6d19860a86199a09\n  Running setup.py bdist_wheel for termcolor: started\n  Running setup.py bdist_wheel for termcolor: finished with status 'done'\n  Stored in directory: /root/.cache/pip/wheels/7c/06/54/bc84598ba1daf8f970247f550b175aaaee85f68b4b0c5ab2c6\nSuccessfully built Flask-Compress pyrocksdb preshed thinc ujson dill regex ftfy msgpack-python spacy smart-open cytoolz termcolor\nInstalling collected packages: click, itsdangerous, Flask, Flask-Compress, numpy, idna, certifi, chardet, urllib3, requests, smart-open, gensim, joblib, pyrocksdb, cython, pathlib, cymem, preshed, wrapt, murmurhash, zipp, importlib-resources, tqdm, toolz, cytoolz, plac, dill, termcolor, msgpack-python, msgpack-numpy, thinc, ujson, regex, ftfy, py, pluggy, attrs, pytest, pbr, mock, spacy\n  Found existing installation: numpy 1.14.0\n    Uninstalling numpy-1.14.0:\n      Successfully uninstalled numpy-1.14.0\nSuccessfully installed Flask-1.0 Flask-Compress-1.4.0 attrs-22.1.0 certifi-2022.5.18 chardet-3.0.4 click-7.1.2 cymem-1.31.2 cython-0.27.3 cytoolz-0.8.2 dill-0.2.7.1 ftfy-5.0 gensim-3.2.0 idna-2.7 importlib-resources-3.2.1 itsdangerous-1.1.0 joblib-0.11 mock-2.0.0 msgpack-numpy-0.4.2 msgpack-python-0.5.4 murmurhash-0.28.0 numpy-1.14.1 pathlib-1.0.1 pbr-5.11.0 plac-0.9.6 pluggy-0.6.0 preshed-1.0.0 py-1.11.0 pyrocksdb-0.4 pytest-3.4.1 regex-2017.4.5 requests-2.20.0 smart-open-3.0.0 spacy-2.0.10 termcolor-1.1.0 thinc-6.10.2 toolz-0.12.0 tqdm-4.64.1 ujson-1.35 urllib3-1.24.2 wrapt-1.14.1 zipp-1.2.0\n\u001b[91mYou are using pip version 9.0.1, however version 22.3.1 is available.\nYou should consider upgrading via the 'pip install --upgrade pip' command.\n\u001b[0mRemoving intermediate container b84c26bfb765\n ---> dbcf7bf9eef0\nStep 8/13 : RUN python3 -m spacy download en_core_web_lg\n ---> Running in f3e08cb7ac71\n\u001b[91mTraceback (most recent call last):\n  File \"/usr/local/lib/python3.5/dist-packages/certifi/core.py\", line 14, in <module>\n    from importlib.resources import path as get_path, read_text\nImportError: No module named 'importlib.resources'\n\nDuring handling of the above exception, another exception occurred:\n\nTraceback (most recent call last):\n  File \"/usr/lib/python3.5/runpy.py\", line 174, in _run_module_as_main\n    mod_name, mod_spec, code = _get_module_details(mod_name, _Error)\n  File \"/usr/lib/python3.5/runpy.py\", line 133, in _get_module_details\n    return _get_module_details(pkg_main_name, error)\n  File \"/usr/lib/python3.5/runpy.py\", line 109, in _get_module_details\n    __import__(pkg_name)\n  File \"/usr/local/lib/python3.5/dist-packages/spacy/__init__.py\", line 4, in <module>\n    from .cli.info import info as cli_info\n  File \"/usr/local/lib/python3.5/dist-packages/spacy/cli/__init__.py\", line 1, in <module>\n    from .download import download\n  File \"/usr/local/lib/python3.5/dist-packages/spacy/cli/download.py\", line 5, in <module>\n    import requests\n  File \"/usr/local/lib/python3.5/dist-packages/requests/__init__.py\", line 112, in <module>\n    from . import utils\n  File \"/usr/local/lib/python3.5/dist-packages/requests/utils.py\", line 24, in <module>\n    from . import certs\n  File \"/usr/local/lib/python3.5/dist-packages/requests/certs.py\", line 15, in <module>\n    from certifi import where\n  File \"/usr/local/lib/python3.5/dist-packages/certifi/__init__.py\", line 1, in <module>\n    from .core import contents, where\n  File \"/usr/local/lib/python3.5/dist-packages/certifi/core.py\", line 46, in <module>\n    Resource = Union[str, \"os.PathLike\"]\n  File \"/usr/lib/python3.5/typing.py\", line 552, in __getitem__\n    dict(self.__dict__), parameters, _root=True)\n  File \"/usr/lib/python3.5/typing.py\", line 512, in __new__\n    for t2 in all_params - {t1} if not isinstance(t2, TypeVar)):\n  File \"/usr/lib/python3.5/typing.py\", line 512, in <genexpr>\n    for t2 in all_params - {t1} if not isinstance(t2, TypeVar)):\n  File \"/usr/lib/python3.5/typing.py\", line 190, in __subclasscheck__\n    self._eval_type(globalns, localns)\n  File \"/usr/lib/python3.5/typing.py\", line 177, in _eval_type\n    eval(self.__forward_code__, globalns, localns),\n  File \"<string>\", line 1, in <module>\nAttributeError: module 'os' has no attribute 'PathLike'\n\u001b[0mRemoving intermediate container f3e08cb7ac71\n","stderr":"The command '/bin/sh -c python3 -m spacy download en_core_web_lg' returned a non-zero code: 1\n"},"endTime":1672530682038}