{"repository":"https://github.com/ttu/lego-boost-app","dockerfilePath":"Dockerfile","startTime":1672738530524,"clone":{"stdout":"","stderr":"Cloning into '/tmp/dinghy-analysis/ttu/lego-boost-app'...\n","error":null,"commit":"d7b444fb2c09d2a0aad5066e709653682a1f1502"},"originalBuild":{"startTimestamp":1672738531516,"endTimestamp":1672738558266,"error":{"code":1,"killed":false,"signal":null,"cmd":"docker build --no-cache --force-rm -t lego-boost-app:latest -f /tmp/dinghy-analysis/ttu/lego-boost-app/Dockerfile ."},"stdout":"Sending build context to Docker daemon  1.328MB\r\r\nStep 1/13 : FROM node:11.1.0-alpine as builder\n11.1.0-alpine: Pulling from library/node\n4fe2ade4980c: Pulling fs layer\na3f62ee5351e: Pulling fs layer\nb8ee302f1a47: Pulling fs layer\n4fe2ade4980c: Verifying Checksum\n4fe2ade4980c: Download complete\nb8ee302f1a47: Verifying Checksum\nb8ee302f1a47: Download complete\n4fe2ade4980c: Pull complete\na3f62ee5351e: Verifying Checksum\na3f62ee5351e: Download complete\na3f62ee5351e: Pull complete\nb8ee302f1a47: Pull complete\nDigest: sha256:324ccac1d7c4ddf5eb9f9ed5274c37c90965605b5eb68df0a67c6266837bfb79\nStatus: Downloaded newer image for node:11.1.0-alpine\n ---> 4b3c025f5508\nStep 2/13 : RUN mkdir /app\n ---> Running in f5fcb505f73b\nRemoving intermediate container f5fcb505f73b\n ---> bfc6ce955696\nStep 3/13 : WORKDIR /app\n ---> Running in 76c23e4a64b4\nRemoving intermediate container 76c23e4a64b4\n ---> 6cac815ea2eb\nStep 4/13 : COPY [\"package.json\", \"package-lock.json*\", \"./\"]\n ---> c0ca2152c9c7\nStep 5/13 : RUN npm install\n ---> Running in ef4aaeb0dd13\n\u001b[91mnpm WARN tar ENOENT: no such file or directory, open '/app/node_modules/.staging/websocket-driver-29e3318d/package.json'\n\u001b[0m\u001b[91mnpm WARN tar ENOENT: no such file or directory, open '/app/node_modules/.staging/micromatch-13c2d366/package.json'\n\u001b[0m\u001b[91mnpm WARN tar ENOENT: no such file or directory, open '/app/node_modules/.staging/micromatch-13c2d366/CHANGELOG.md'\n\u001b[0m\u001b[91mnpm WARN tar ENOENT: no such file or directory, open '/app/node_modules/.staging/websocket-driver-29e3318d/README.md'\n\u001b[0m\u001b[91mnpm WARN tar ENOENT: no such file or directory, open '/app/node_modules/.staging/schema-utils-c9d4012d/package.json'\n\u001b[0m\u001b[91mnpm WARN tar ENOENT: no such file or directory, open '/app/node_modules/.staging/micromatch-13c2d366/index.js'\n\u001b[0m\u001b[91mnpm WARN tar ENOENT: no such file or directory, open '/app/node_modules/.staging/schema-utils-c9d4012d/CHANGELOG.md'\n\u001b[0m\u001b[91mnpm WARN tar ENOENT: no such file or directory, open '/app/node_modules/.staging/websocket-driver-29e3318d/LICENSE.md'\n\u001b[0m\u001b[91mnpm WARN tar ENOENT: no such file or directory, open '/app/node_modules/.staging/schema-utils-c9d4012d/LICENSE'\n\u001b[0m\u001b[91mnpm WARN tar ENOENT: no such file or directory, open '/app/node_modules/.staging/schema-utils-c9d4012d/README.md'\n\u001b[0m\u001b[91mnpm WARN tar ENOENT: no such file or directory, open '/app/node_modules/.staging/prettier-21fddb45/parser-graphql.js'\n\u001b[0m\u001b[91mnpm WARN tar ENOENT: no such file or directory, open '/app/node_modules/.staging/workbox-core-0e5ac128/build/workbox-core.dev.js.map'\n\u001b[0m\u001b[91mnpm WARN tar ENOENT: no such file or directory, open '/app/node_modules/.staging/handlebars-992f8f56/dist/cjs/handlebars/compiler/base.js'\n\u001b[0m\u001b[91mnpm WARN tar ENOENT: no such file or directory, open '/app/node_modules/.staging/sockjs-client-dc1a8a75/dist/sockjs.js.map'\n\u001b[0m\u001b[91mnpm WARN tar ENOENT: no such file or directory, open '/app/node_modules/.staging/tslint-78b3aa2e/lib/verify/lines.d.ts'\n\u001b[0m\u001b[91mnpm WARN tar ENOENT: no such file or directory, open '/app/node_modules/.staging/tslint-78b3aa2e/lib/verify/lines.js'\n\u001b[0m\u001b[91mnpm WARN tar ENOENT: no such file or directory, open '/app/node_modules/.staging/typescript-2d0ca0bc/lib/tsserver.js'\n\u001b[0m\u001b[91mnpm WARN lego-boost-app@0.10.0 No description\nnpm WARN lego-boost-app@0.10.0 No repository field.\nnpm WARN lego-boost-app@0.10.0 No license field.\n\u001b[0m\u001b[91m\n\u001b[0m\u001b[91mnpm ERR! code\u001b[0m\u001b[91m ENOGIT\n\u001b[0m\u001b[91mnpm ERR! Error while executing:\nnpm ERR!\u001b[0m\u001b[91m undefined ls-remote -h -t https://github.com/ttu/lego-boost-browser.git\nnpm ERR!\u001b[0m\u001b[91m \nnpm\u001b[0m\u001b[91m ERR! undefined\nnpm ERR! No git binary found in $PATH\n\u001b[0m\u001b[91mnpm ERR! \nnpm ERR! Failed using git.\nnpm ERR!\u001b[0m\u001b[91m Please check if you have git installed and in your PATH.\n\u001b[0m\u001b[91m\nnpm ERR!\u001b[0m\u001b[91m A complete log of this run can be found in:\nnpm ERR!\u001b[0m\u001b[91m     /root/.npm/_logs/2023-01-03T09_35_56_578Z-debug.log\n\u001b[0mRemoving intermediate container ef4aaeb0dd13\n","stderr":"The command '/bin/sh -c npm install' returned a non-zero code: 1\n"},"endTime":1672738558337}