{"repository":"https://github.com/rackerlabs/mimic","dockerfilePath":"Dockerfile","startTime":1672556400505,"clone":{"stdout":"","stderr":"Cloning into '/tmp/dinghy-analysis/rackerlabs/mimic'...\n","error":null,"commit":"efd34108b6aa3eb7ecd26e22f1aa155c14a7885e"},"originalBuild":{"startTimestamp":1672556401548,"endTimestamp":1672556464164,"error":{"code":1,"killed":false,"signal":null,"cmd":"docker build --no-cache --force-rm -t mimic:latest -f /tmp/dinghy-analysis/rackerlabs/mimic/Dockerfile ."},"stdout":"Sending build context to Docker daemon  1.938MB\r\r\nStep 1/7 : FROM python:2.7\n2.7: Pulling from library/python\n7e2b2a5af8f6: Pulling fs layer\n09b6f03ffac4: Pulling fs layer\ndc3f0c679f0f: Pulling fs layer\nfd4b47407fc3: Pulling fs layer\nb32f6bf7d96d: Pulling fs layer\n6f4489a7e4cf: Pulling fs layer\naf4b99ad9ef0: Pulling fs layer\n39db0bc48c26: Pulling fs layer\nacb4a89489fc: Pulling fs layer\nb32f6bf7d96d: Waiting\n39db0bc48c26: Waiting\nacb4a89489fc: Waiting\naf4b99ad9ef0: Waiting\nfd4b47407fc3: Waiting\n6f4489a7e4cf: Waiting\ndc3f0c679f0f: Verifying Checksum\ndc3f0c679f0f: Download complete\n09b6f03ffac4: Verifying Checksum\n09b6f03ffac4: Download complete\n7e2b2a5af8f6: Verifying Checksum\n7e2b2a5af8f6: Download complete\nfd4b47407fc3: Verifying Checksum\nfd4b47407fc3: Download complete\n6f4489a7e4cf: Verifying Checksum\n6f4489a7e4cf: Download complete\naf4b99ad9ef0: Verifying Checksum\naf4b99ad9ef0: Download complete\n39db0bc48c26: Verifying Checksum\nacb4a89489fc: Verifying Checksum\nacb4a89489fc: Download complete\nb32f6bf7d96d: Verifying Checksum\nb32f6bf7d96d: Download complete\n7e2b2a5af8f6: Pull complete\n09b6f03ffac4: Pull complete\ndc3f0c679f0f: Pull complete\nfd4b47407fc3: Pull complete\nb32f6bf7d96d: Pull complete\n6f4489a7e4cf: Pull complete\naf4b99ad9ef0: Pull complete\n39db0bc48c26: Pull complete\nacb4a89489fc: Pull complete\nDigest: sha256:cfa62318c459b1fde9e0841c619906d15ada5910d625176e24bf692cf8a2601d\nStatus: Downloaded newer image for python:2.7\n ---> 68e7be49c28c\nStep 2/7 : RUN mkdir -p /usr/src/app\n ---> Running in 500bc662a0e7\nRemoving intermediate container 500bc662a0e7\n ---> ba656e66a2ed\nStep 3/7 : WORKDIR /usr/src/app\n ---> Running in d5f5f3fcf733\nRemoving intermediate container d5f5f3fcf733\n ---> 5a4134d63f15\nStep 4/7 : COPY . /usr/src/app\n ---> 488fe13d6f31\nStep 5/7 : RUN pip install --no-cache-dir . -r requirements/production.txt\n ---> Running in 5c72e1930b8a\n\u001b[91mDEPRECATION: Python 2.7 reached the end of its life on January 1st, 2020. Please upgrade your Python as Python 2.7 is no longer maintained. A future version of pip will drop support for Python 2.7. More details about Python 2 support in pip, can be found at https://pip.pypa.io/en/latest/development/release-process/#python-2-support\n\u001b[0mProcessing /usr/src/app\nCollecting attrs==16.3.0\n  Downloading attrs-16.3.0-py2.py3-none-any.whl (21 kB)\nCollecting cffi==1.9.1\n  Downloading cffi-1.9.1-cp27-cp27mu-manylinux1_x86_64.whl (387 kB)\nCollecting coverage==4.3.4\n  Downloading coverage-4.3.4-cp27-cp27mu-manylinux1_x86_64.whl (189 kB)\nCollecting cryptography==1.7.2\n  Downloading cryptography-1.7.2.tar.gz (420 kB)\nCollecting ddt==1.1.1\n  Downloading ddt-1.1.1-py2.py3-none-any.whl (5.0 kB)\nCollecting enum34==1.1.6\n  Downloading enum34-1.1.6-py2-none-any.whl (12 kB)\nCollecting extras==1.0.0\n  Downloading extras-1.0.0-py2.py3-none-any.whl (7.3 kB)\nCollecting idna==2.2\n  Downloading idna-2.2-py2.py3-none-any.whl (55 kB)\nCollecting ipaddress==1.0.18\n  Downloading ipaddress-1.0.18-py2-none-any.whl (17 kB)\nCollecting iso8601==0.1.11\n  Downloading iso8601-0.1.11-py2.py3-none-any.whl (11 kB)\nCollecting klein==16.12.0\n  Downloading klein-16.12.0-py2.py3-none-any.whl (26 kB)\nCollecting linecache2==1.0.0\n  Downloading linecache2-1.0.0-py2.py3-none-any.whl (12 kB)\nCollecting pyasn1==0.2.2\n  Downloading pyasn1-0.2.2-py2.py3-none-any.whl (51 kB)\nCollecting pyasn1-modules==0.0.8\n  Downloading pyasn1_modules-0.0.8-py2.py3-none-any.whl (30 kB)\nCollecting pycparser==2.17\n  Downloading pycparser-2.17.tar.gz (231 kB)\nCollecting pyOpenSSL==16.2.0\n  Downloading pyOpenSSL-16.2.0-py2.py3-none-any.whl (43 kB)\nCollecting python-mimeparse==1.6.0\n  Downloading python_mimeparse-1.6.0-py2.py3-none-any.whl (6.1 kB)\nCollecting requests==2.13.0\n  Downloading requests-2.13.0-py2.py3-none-any.whl (584 kB)\nCollecting service-identity==16.0.0\n  Downloading service_identity-16.0.0-py2.py3-none-any.whl (11 kB)\nCollecting six==1.10.0\n  Downloading six-1.10.0-py2.py3-none-any.whl (10 kB)\nCollecting testtools==1.7.1\n  Downloading testtools-1.7.1-py2.py3-none-any.whl (159 kB)\nCollecting traceback2==1.4.0\n  Downloading traceback2-1.4.0-py2.py3-none-any.whl (16 kB)\nCollecting treq==16.12.0\n  Downloading treq-16.12.0-py2.py3-none-any.whl (39 kB)\nCollecting Twisted==16.6.0\n  Downloading Twisted-16.6.0.tar.bz2 (3.0 MB)\nCollecting unittest2==1.1.0\n  Downloading unittest2-1.1.0-py2.py3-none-any.whl (96 kB)\nCollecting Werkzeug==0.11.15\n  Downloading Werkzeug-0.11.15-py2.py3-none-any.whl (307 kB)\nCollecting wheel==0.29.0\n  Downloading wheel-0.29.0-py2.py3-none-any.whl (66 kB)\nCollecting xmltodict==0.10.2\n  Downloading xmltodict-0.10.2.tar.gz (24 kB)\nCollecting zope.interface==4.3.3\n  Downloading zope.interface-4.3.3.tar.gz (150 kB)\nRequirement already satisfied: setuptools>=11.3 in /usr/local/lib/python2.7/site-packages (from cryptography==1.7.2->-r requirements/production.txt (line 8)) (44.1.0)\nCollecting incremental\n  Downloading incremental-22.10.0-py2.py3-none-any.whl (16 kB)\nCollecting constantly>=15.1\n  Downloading constantly-15.1.0-py2.py3-none-any.whl (7.9 kB)\nCollecting argparse\n  Downloading argparse-1.4.0-py2.py3-none-any.whl (23 kB)\nBuilding wheels for collected packages: cryptography, pycparser, Twisted, xmltodict, zope.interface, mimic\n  Building wheel for cryptography (setup.py): started\n  Building wheel for cryptography (setup.py): finished with status 'error'\n\u001b[91m  ERROR: Command errored out with exit status 1:\n   command: /usr/local/bin/python -u -c 'import sys, setuptools, tokenize; sys.argv[0] = '\"'\"'/tmp/pip-install-b7Iy5k/cryptography/setup.py'\"'\"'; __file__='\"'\"'/tmp/pip-install-b7Iy5k/cryptography/setup.py'\"'\"';f=getattr(tokenize, '\"'\"'open'\"'\"', open)(__file__);code=f.read().replace('\"'\"'\\r\\n'\"'\"', '\"'\"'\\n'\"'\"');f.close();exec(compile(code, __file__, '\"'\"'exec'\"'\"'))' bdist_wheel -d /tmp/pip-wheel-CrFqIj\n       cwd: /tmp/pip-install-b7Iy5k/cryptography/\n  Complete output (526 lines):\n  DEPRECATION: Python 2.7 reached the end of its life on January 1st, 2020. Please upgrade your Python as Python 2.7 is no longer maintained. A future version of pip will drop support for Python 2.7. More details about Python 2 support in pip, can be found at https://pip.pypa.io/en/latest/development/release-process/#python-2-support\n  DEPRECATION: Python 2.7 reached the end of its life on January 1st, 2020. Please upgrade your Python as Python 2.7 is no longer maintained. A future version of pip will drop support for Python 2.7. More details about Python 2 support in pip, can be found at https://pip.pypa.io/en/latest/development/release-process/#python-2-support\n  running bdist_wheel\n  running build\n  running build_py\n  creating build\n  creating build/lib.linux-x86_64-2.7\n  creating build/lib.linux-x86_64-2.7/cryptography\n  copying src/cryptography/__init__.py -> build/lib.linux-x86_64-2.7/cryptography\n  copying src/cryptography/exceptions.py -> build/lib.linux-x86_64-2.7/cryptography\n  copying src/cryptography/fernet.py -> build/lib.linux-x86_64-2.7/cryptography\n  copying src/cryptography/__about__.py -> build/lib.linux-x86_64-2.7/cryptography\n  copying src/cryptography/utils.py -> build/lib.linux-x86_64-2.7/cryptography\n  creating build/lib.linux-x86_64-2.7/cryptography/x509\n  copying src/cryptography/x509/__init__.py -> build/lib.linux-x86_64-2.7/cryptography/x509\n  copying src/cryptography/x509/base.py -> build/lib.linux-x86_64-2.7/cryptography/x509\n  copying src/cryptography/x509/name.py -> build/lib.linux-x86_64-2.7/cryptography/x509\n  copying src/cryptography/x509/oid.py -> build/lib.linux-x86_64-2.7/cryptography/x509\n  copying src/cryptography/x509/general_name.py -> build/lib.linux-x86_64-2.7/cryptography/x509\n  copying src/cryptography/x509/extensions.py -> build/lib.linux-x86_64-2.7/cryptography/x509\n  creating build/lib.linux-x86_64-2.7/cryptography/hazmat\n  copying src/cryptography/hazmat/__init__.py -> build/lib.linux-x86_64-2.7/cryptography/hazmat\n  creating build/lib.linux-x86_64-2.7/cryptography/hazmat/primitives\n  copying src/cryptography/hazmat/primitives/__init__.py -> build/lib.linux-x86_64-2.7/cryptography/hazmat/primitives\n  copying src/cryptography/hazmat/primitives/keywrap.py -> build/lib.linux-x86_64-2.7/cryptography/hazmat/primitives\n  copying src/cryptography/hazmat/primitives/padding.py -> build/lib.linux-x86_64-2.7/cryptography/hazmat/primitives\n  copying src/cryptography/hazmat/primitives/cmac.py -> build/lib.linux-x86_64-2.7/cryptography/hazmat/primitives\n  copying src/cryptography/hazmat/primitives/hashes.py -> build/lib.linux-x86_64-2.7/cryptography/hazmat/primitives\n  copying src/cryptography/hazmat/primitives/hmac.py -> build/lib.linux-x86_64-2.7/cryptography/hazmat/primitives\n  copying src/cryptography/hazmat/primitives/constant_time.py -> build/lib.linux-x86_64-2.7/cryptography/hazmat/primitives\n  copying src/cryptography/hazmat/primitives/serialization.py -> build/lib.linux-x86_64-2.7/cryptography/hazmat/primitives\n  creating build/lib.linux-x86_64-2.7/cryptography/hazmat/bindings\n  copying src/cryptography/hazmat/bindings/__init__.py -> build/lib.linux-x86_64-2.7/cryptography/hazmat/bindings\n  creating build/lib.linux-x86_64-2.7/cryptography/hazmat/backends\n  copying src/cryptography/hazmat/backends/__init__.py -> build/lib.linux-x86_64-2.7/cryptography/hazmat/backends\n  copying src/cryptography/hazmat/backends/interfaces.py -> build/lib.linux-x86_64-2.7/cryptography/hazmat/backends\n  copying src/cryptography/hazmat/backends/multibackend.py -> build/lib.linux-x86_64-2.7/cryptography/hazmat/backends\n  creating build/lib.linux-x86_64-2.7/cryptography/hazmat/primitives/interfaces\n  copying src/cryptography/hazmat/primitives/interfaces/__init__.py -> build/lib.linux-x86_64-2.7/cryptography/hazmat/primitives/interfaces\n  creating build/lib.linux-x86_64-2.7/cryptography/hazmat/primitives/ciphers\n  copying src/cryptography/hazmat/primitives/ciphers/__init__.py -> build/lib.linux-x86_64-2.7/cryptography/hazmat/primitives/ciphers\n  copying src/cryptography/hazmat/primitives/ciphers/base.py -> build/lib.linux-x86_64-2.7/cryptography/hazmat/primitives/ciphers\n  copying src/cryptography/hazmat/primitives/ciphers/algorithms.py -> build/lib.linux-x86_64-2.7/cryptography/hazmat/primitives/ciphers\n  copying src/cryptography/hazmat/primitives/ciphers/modes.py -> build/lib.linux-x86_64-2.7/cryptography/hazmat/primitives/ciphers\n  creating build/lib.linux-x86_64-2.7/cryptography/hazmat/primitives/kdf\n  copying src/cryptography/hazmat/primitives/kdf/__init__.py -> build/lib.linux-x86_64-2.7/cryptography/hazmat/primitives/kdf\n  copying src/cryptography/hazmat/primitives/kdf/concatkdf.py -> build/lib.linux-x86_64-2.7/cryptography/hazmat/primitives/kdf\n  copying src/cryptography/hazmat/primitives/kdf/x963kdf.py -> build/lib.linux-x86_64-2.7/cryptography/hazmat/primitives/kdf\n  copying src/cryptography/hazmat/primitives/kdf/kbkdf.py -> build/lib.linux-x86_64-2.7/cryptography/hazmat/primitives/kdf\n  copying src/cryptography/hazmat/primitives/kdf/scrypt.py -> build/lib.linux-x86_64-2.7/cryptography/hazmat/primitives/kdf\n  copying src/cryptography/hazmat/primitives/kdf/hkdf.py -> build/lib.linux-x86_64-2.7/cryptography/hazmat/primitives/kdf\n  copying src/cryptography/hazmat/primitives/kdf/pbkdf2.py -> build/lib.linux-x86_64-2.7/cryptography/hazmat/primitives/kdf\n  creating build/lib.linux-x86_64-2.7/cryptography/hazmat/primitives/asymmetric\n  copying src/cryptography/hazmat/primitives/asymmetric/__init__.py -> build/lib.linux-x86_64-2.7/cryptography/hazmat/primitives/asymmetric\n  copying src/cryptography/hazmat/primitives/asymmetric/dh.py -> build/lib.linux-x86_64-2.7/cryptography/hazmat/primitives/asymmetric\n  copying src/cryptography/hazmat/primitives/asymmetric/ec.py -> build/lib.linux-x86_64-2.7/cryptography/hazmat/primitives/asymmetric\n  copying src/cryptography/hazmat/primitives/asymmetric/padding.py -> build/lib.linux-x86_64-2.7/cryptography/hazmat/primitives/asymmetric\n  copying src/cryptography/hazmat/primitives/asymmetric/rsa.py -> build/lib.linux-x86_64-2.7/cryptography/hazmat/primitives/asymmetric\n  copying src/cryptography/hazmat/primitives/asymmetric/dsa.py -> build/lib.linux-x86_64-2.7/cryptography/hazmat/primitives/asymmetric\n  copying src/cryptography/hazmat/primitives/asymmetric/utils.py -> build/lib.linux-x86_64-2.7/cryptography/hazmat/primitives/asymmetric\n  creating build/lib.linux-x86_64-2.7/cryptography/hazmat/primitives/twofactor\n  copying src/cryptography/hazmat/primitives/twofactor/__init__.py -> build/lib.linux-x86_64-2.7/cryptography/hazmat/primitives/twofactor\n  copying src/cryptography/hazmat/primitives/twofactor/totp.py -> build/lib.linux-x86_64-2.7/cryptography/hazmat/primitives/twofactor\n  copying src/cryptography/hazmat/primitives/twofactor/hotp.py -> build/lib.linux-x86_64-2.7/cryptography/hazmat/primitives/twofactor\n  copying src/cryptography/hazmat/primitives/twofactor/utils.py -> build/lib.linux-x86_64-2.7/cryptography/hazmat/primitives/twofactor\n  creating build/lib.linux-x86_64-2.7/cryptography/hazmat/bindings/openssl\n  copying src/cryptography/hazmat/bindings/openssl/__init__.py -> build/lib.linux-x86_64-2.7/cryptography/hazmat/bindings/openssl\n  copying src/cryptography/hazmat/bindings/openssl/binding.py -> build/lib.linux-x86_64-2.7/cryptography/hazmat/bindings/openssl\n  copying src/cryptography/hazmat/bindings/openssl/_conditional.py -> build/lib.linux-x86_64-2.7/cryptography/hazmat/bindings/openssl\n  creating build/lib.linux-x86_64-2.7/cryptography/hazmat/bindings/commoncrypto\n  copying src/cryptography/hazmat/bindings/commoncrypto/__init__.py -> build/lib.linux-x86_64-2.7/cryptography/hazmat/bindings/commoncrypto\n  copying src/cryptography/hazmat/bindings/commoncrypto/binding.py -> build/lib.linux-x86_64-2.7/cryptography/hazmat/bindings/commoncrypto\n  creating build/lib.linux-x86_64-2.7/cryptography/hazmat/backends/openssl\n  copying src/cryptography/hazmat/backends/openssl/__init__.py -> build/lib.linux-x86_64-2.7/cryptography/hazmat/backends/openssl\n  copying src/cryptography/hazmat/backends/openssl/dh.py -> build/lib.linux-x86_64-2.7/cryptography/hazmat/backends/openssl\n  copying src/cryptography/hazmat/backends/openssl/ec.py -> build/lib.linux-x86_64-2.7/cryptography/hazmat/backends/openssl\n  copying src/cryptography/hazmat/backends/openssl/ciphers.py -> build/lib.linux-x86_64-2.7/cryptography/hazmat/backends/openssl\n  copying src/cryptography/hazmat/backends/openssl/x509.py -> build/lib.linux-x86_64-2.7/cryptography/hazmat/backends/openssl\n  copying src/cryptography/hazmat/backends/openssl/rsa.py -> build/lib.linux-x86_64-2.7/cryptography/hazmat/backends/openssl\n  copying src/cryptography/hazmat/backends/openssl/backend.py -> build/lib.linux-x86_64-2.7/cryptography/hazmat/backends/openssl\n  copying src/cryptography/hazmat/backends/openssl/cmac.py -> build/lib.linux-x86_64-2.7/cryptography/hazmat/backends/openssl\n  copying src/cryptography/hazmat/backends/openssl/encode_asn1.py -> build/lib.linux-x86_64-2.7/cryptography/hazmat/backends/openssl\n  copying src/cryptography/hazmat/backends/openssl/dsa.py -> build/lib.linux-x86_64-2.7/cryptography/hazmat/backends/openssl\n  copying src/cryptography/hazmat/backends/openssl/hashes.py -> build/lib.linux-x86_64-2.7/cryptography/hazmat/backends/openssl\n  copying src/cryptography/hazmat/backends/openssl/hmac.py -> build/lib.linux-x86_64-2.7/cryptography/hazmat/backends/openssl\n  copying src/cryptography/hazmat/backends/openssl/utils.py -> build/lib.linux-x86_64-2.7/cryptography/hazmat/backends/openssl\n  copying src/cryptography/hazmat/backends/openssl/decode_asn1.py -> build/lib.linux-x86_64-2.7/cryptography/hazmat/backends/openssl\n  creating build/lib.linux-x86_64-2.7/cryptography/hazmat/backends/commoncrypto\n  copying src/cryptography/hazmat/backends/commoncrypto/__init__.py -> build/lib.linux-x86_64-2.7/cryptography/hazmat/backends/commoncrypto\n  copying src/cryptography/hazmat/backends/commoncrypto/ciphers.py -> build/lib.linux-x86_64-2.7/cryptography/hazmat/backends/commoncrypto\n  copying src/cryptography/hazmat/backends/commoncrypto/backend.py -> build/lib.linux-x86_64-2.7/cryptography/hazmat/backends/commoncrypto\n  copying src/cryptography/hazmat/backends/commoncrypto/hashes.py -> build/lib.linux-x86_64-2.7/cryptography/hazmat/backends/commoncrypto\n  copying src/cryptography/hazmat/backends/commoncrypto/hmac.py -> build/lib.linux-x86_64-2.7/cryptography/hazmat/backends/commoncrypto\n  running egg_info\n  writing requirements to src/cryptography.egg-info/requires.txt\n  writing src/cryptography.egg-info/PKG-INFO\n  writing top-level names to src/cryptography.egg-info/top_level.txt\n  writing dependency_links to src/cryptography.egg-info/dependency_links.txt\n  writing entry points to src/cryptography.egg-info/entry_points.txt\n  reading manifest file 'src/cryptography.egg-info/SOURCES.txt'\n  reading manifest template 'MANIFEST.in'\n  no previously-included directories found matching 'docs/_build'\n  warning: no previously-included files matching '*' found under directory 'vectors'\n  writing manifest file 'src/cryptography.egg-info/SOURCES.txt'\n  running build_ext\n  generating cffi module 'build/temp.linux-x86_64-2.7/_padding.c'\n  creating build/temp.linux-x86_64-2.7\n  generating cffi module 'build/temp.linux-x86_64-2.7/_constant_time.c'\n  generating cffi module 'build/temp.linux-x86_64-2.7/_openssl.c'\n  building '_openssl' extension\n  creating build/temp.linux-x86_64-2.7/build\n  creating build/temp.linux-x86_64-2.7/build/temp.linux-x86_64-2.7\n  gcc -pthread -fno-strict-aliasing -g -O2 -DNDEBUG -g -fwrapv -O3 -Wall -Wstrict-prototypes -fPIC -I/usr/local/include/python2.7 -c build/temp.linux-x86_64-2.7/_openssl.c -o build/temp.linux-x86_64-2.7/build/temp.linux-x86_64-2.7/_openssl.o\n  build/temp.linux-x86_64-2.7/_openssl.c:890:23: error: conflicting types for ‘ASN1_TIME_to_generalizedtime’\n   ASN1_GENERALIZEDTIME *ASN1_TIME_to_generalizedtime(ASN1_TIME *,\n                         ^~~~~~~~~~~~~~~~~~~~~~~~~~~~\n  In file included from build/temp.linux-x86_64-2.7/_openssl.c:606:\n  /usr/include/openssl/asn1.h:630:23: note: previous declaration of ‘ASN1_TIME_to_generalizedtime’ was here\n   ASN1_GENERALIZEDTIME *ASN1_TIME_to_generalizedtime(const ASN1_TIME *t,\n                         ^~~~~~~~~~~~~~~~~~~~~~~~~~~~\n  build/temp.linux-x86_64-2.7/_openssl.c:984:6: error: conflicting types for ‘BIO_callback_ctrl’\n   long BIO_callback_ctrl(\n        ^~~~~~~~~~~~~~~~~\n  In file included from /usr/include/openssl/asn1.h:16,\n                   from build/temp.linux-x86_64-2.7/_openssl.c:606:\n  /usr/include/openssl/bio.h:566:6: note: previous declaration of ‘BIO_callback_ctrl’ was here\n   long BIO_callback_ctrl(BIO *b, int cmd, BIO_info_cb *fp);\n        ^~~~~~~~~~~~~~~~~\n  build/temp.linux-x86_64-2.7/_openssl.c:1203:5: error: conflicting types for ‘EVP_PKEY_size’\n   int EVP_PKEY_size(EVP_PKEY *);\n       ^~~~~~~~~~~~~\n  In file included from /usr/include/openssl/cmac.h:19,\n                   from build/temp.linux-x86_64-2.7/_openssl.c:616:\n  /usr/include/openssl/evp.h:996:5: note: previous declaration of ‘EVP_PKEY_size’ was here\n   int EVP_PKEY_size(const EVP_PKEY *pkey);\n       ^~~~~~~~~~~~~\n  build/temp.linux-x86_64-2.7/_openssl.c:1504:5: error: conflicting types for ‘SSL_renegotiate_pending’\n   int SSL_renegotiate_pending(SSL *);\n       ^~~~~~~~~~~~~~~~~~~~~~~\n  In file included from build/temp.linux-x86_64-2.7/_openssl.c:779:\n  /usr/include/openssl/ssl.h:1923:12: note: previous declaration of ‘SSL_renegotiate_pending’ was here\n   __owur int SSL_renegotiate_pending(const SSL *s);\n              ^~~~~~~~~~~~~~~~~~~~~~~\n  build/temp.linux-x86_64-2.7/_openssl.c: In function ‘_cffi_d_ASN1_STRING_data’:\n  build/temp.linux-x86_64-2.7/_openssl.c:14705:3: warning: ‘ASN1_STRING_data’ is deprecated [-Wdeprecated-declarations]\n     return ASN1_STRING_data(x0);\n     ^~~~~~\n  In file included from /usr/include/openssl/e_os2.h:13,\n                   from build/temp.linux-x86_64-2.7/_openssl.c:576:\n  /usr/include/openssl/asn1.h:554:1: note: declared here\n   DEPRECATEDIN_1_1_0(unsigned char *ASN1_STRING_data(ASN1_STRING *x))\n   ^~~~~~~~~~~~~~~~~~\n  build/temp.linux-x86_64-2.7/_openssl.c: In function ‘_cffi_f_ASN1_STRING_data’:\n  build/temp.linux-x86_64-2.7/_openssl.c:14728:3: warning: ‘ASN1_STRING_data’ is deprecated [-Wdeprecated-declarations]\n     { result = ASN1_STRING_data(x0); }\n     ^\n  In file included from /usr/include/openssl/e_os2.h:13,\n                   from build/temp.linux-x86_64-2.7/_openssl.c:576:\n  /usr/include/openssl/asn1.h:554:1: note: declared here\n   DEPRECATEDIN_1_1_0(unsigned char *ASN1_STRING_data(ASN1_STRING *x))\n   ^~~~~~~~~~~~~~~~~~\n  build/temp.linux-x86_64-2.7/_openssl.c: In function ‘_cffi_d_BIO_f_buffer’:\n  build/temp.linux-x86_64-2.7/_openssl.c:16142:10: warning: return discards ‘const’ qualifier from pointer target type [-Wdiscarded-qualifiers]\n     return BIO_f_buffer();\n            ^~~~~~~~~~~~~~\n  build/temp.linux-x86_64-2.7/_openssl.c: In function ‘_cffi_f_BIO_f_buffer’:\n  build/temp.linux-x86_64-2.7/_openssl.c:16153:12: warning: assignment discards ‘const’ qualifier from pointer target type [-Wdiscarded-qualifiers]\n     { result = BIO_f_buffer(); }\n              ^\n  build/temp.linux-x86_64-2.7/_openssl.c: In function ‘_cffi_d_BIO_f_null’:\n  build/temp.linux-x86_64-2.7/_openssl.c:16168:10: warning: return discards ‘const’ qualifier from pointer target type [-Wdiscarded-qualifiers]\n     return BIO_f_null();\n            ^~~~~~~~~~~~\n  build/temp.linux-x86_64-2.7/_openssl.c: In function ‘_cffi_f_BIO_f_null’:\n  build/temp.linux-x86_64-2.7/_openssl.c:16179:12: warning: assignment discards ‘const’ qualifier from pointer target type [-Wdiscarded-qualifiers]\n     { result = BIO_f_null(); }\n              ^\n  build/temp.linux-x86_64-2.7/_openssl.c: In function ‘_cffi_d_BIO_s_fd’:\n  build/temp.linux-x86_64-2.7/_openssl.c:17633:10: warning: return discards ‘const’ qualifier from pointer target type [-Wdiscarded-qualifiers]\n     return BIO_s_fd();\n            ^~~~~~~~~~\n  build/temp.linux-x86_64-2.7/_openssl.c: In function ‘_cffi_f_BIO_s_fd’:\n  build/temp.linux-x86_64-2.7/_openssl.c:17644:12: warning: assignment discards ‘const’ qualifier from pointer target type [-Wdiscarded-qualifiers]\n     { result = BIO_s_fd(); }\n              ^\n  build/temp.linux-x86_64-2.7/_openssl.c: In function ‘_cffi_d_BIO_s_file’:\n  build/temp.linux-x86_64-2.7/_openssl.c:17659:10: warning: return discards ‘const’ qualifier from pointer target type [-Wdiscarded-qualifiers]\n     return BIO_s_file();\n            ^~~~~~~~~~~~\n  build/temp.linux-x86_64-2.7/_openssl.c: In function ‘_cffi_f_BIO_s_file’:\n  build/temp.linux-x86_64-2.7/_openssl.c:17670:12: warning: assignment discards ‘const’ qualifier from pointer target type [-Wdiscarded-qualifiers]\n     { result = BIO_s_file(); }\n              ^\n  build/temp.linux-x86_64-2.7/_openssl.c: In function ‘_cffi_d_BIO_s_mem’:\n  build/temp.linux-x86_64-2.7/_openssl.c:17685:10: warning: return discards ‘const’ qualifier from pointer target type [-Wdiscarded-qualifiers]\n     return BIO_s_mem();\n            ^~~~~~~~~~~\n  build/temp.linux-x86_64-2.7/_openssl.c: In function ‘_cffi_f_BIO_s_mem’:\n  build/temp.linux-x86_64-2.7/_openssl.c:17696:12: warning: assignment discards ‘const’ qualifier from pointer target type [-Wdiscarded-qualifiers]\n     { result = BIO_s_mem(); }\n              ^\n  build/temp.linux-x86_64-2.7/_openssl.c: In function ‘_cffi_d_BIO_s_null’:\n  build/temp.linux-x86_64-2.7/_openssl.c:17711:10: warning: return discards ‘const’ qualifier from pointer target type [-Wdiscarded-qualifiers]\n     return BIO_s_null();\n            ^~~~~~~~~~~~\n  build/temp.linux-x86_64-2.7/_openssl.c: In function ‘_cffi_f_BIO_s_null’:\n  build/temp.linux-x86_64-2.7/_openssl.c:17722:12: warning: assignment discards ‘const’ qualifier from pointer target type [-Wdiscarded-qualifiers]\n     { result = BIO_s_null(); }\n              ^\n  build/temp.linux-x86_64-2.7/_openssl.c: In function ‘_cffi_d_BIO_s_socket’:\n  build/temp.linux-x86_64-2.7/_openssl.c:17737:10: warning: return discards ‘const’ qualifier from pointer target type [-Wdiscarded-qualifiers]\n     return BIO_s_socket();\n            ^~~~~~~~~~~~~~\n  build/temp.linux-x86_64-2.7/_openssl.c: In function ‘_cffi_f_BIO_s_socket’:\n  build/temp.linux-x86_64-2.7/_openssl.c:17748:12: warning: assignment discards ‘const’ qualifier from pointer target type [-Wdiscarded-qualifiers]\n     { result = BIO_s_socket(); }\n              ^\n  build/temp.linux-x86_64-2.7/_openssl.c: In function ‘_cffi_d_DTLSv1_client_method’:\n  build/temp.linux-x86_64-2.7/_openssl.c:24353:3: warning: ‘DTLSv1_client_method’ is deprecated [-Wdeprecated-declarations]\n     return DTLSv1_client_method();\n     ^~~~~~\n  In file included from /usr/include/openssl/e_os2.h:13,\n                   from build/temp.linux-x86_64-2.7/_openssl.c:576:\n  /usr/include/openssl/ssl.h:1897:1: note: declared here\n   DEPRECATEDIN_1_1_0(__owur const SSL_METHOD *DTLSv1_client_method(void))\n   ^~~~~~~~~~~~~~~~~~\n  build/temp.linux-x86_64-2.7/_openssl.c: In function ‘_cffi_f_DTLSv1_client_method’:\n  build/temp.linux-x86_64-2.7/_openssl.c:24364:3: warning: ‘DTLSv1_client_method’ is deprecated [-Wdeprecated-declarations]\n     { result = DTLSv1_client_method(); }\n     ^\n  In file included from /usr/include/openssl/e_os2.h:13,\n                   from build/temp.linux-x86_64-2.7/_openssl.c:576:\n  /usr/include/openssl/ssl.h:1897:1: note: declared here\n   DEPRECATEDIN_1_1_0(__owur const SSL_METHOD *DTLSv1_client_method(void))\n   ^~~~~~~~~~~~~~~~~~\n  build/temp.linux-x86_64-2.7/_openssl.c: In function ‘_cffi_d_DTLSv1_method’:\n  build/temp.linux-x86_64-2.7/_openssl.c:24379:3: warning: ‘DTLSv1_method’ is deprecated [-Wdeprecated-declarations]\n     return DTLSv1_method();\n     ^~~~~~\n  In file included from /usr/include/openssl/e_os2.h:13,\n                   from build/temp.linux-x86_64-2.7/_openssl.c:576:\n  /usr/include/openssl/ssl.h:1895:1: note: declared here\n   DEPRECATEDIN_1_1_0(__owur const SSL_METHOD *DTLSv1_method(void)) /* DTLSv1.0 */\n   ^~~~~~~~~~~~~~~~~~\n  build/temp.linux-x86_64-2.7/_openssl.c: In function ‘_cffi_f_DTLSv1_method’:\n  build/temp.linux-x86_64-2.7/_openssl.c:24390:3: warning: ‘DTLSv1_method’ is deprecated [-Wdeprecated-declarations]\n     { result = DTLSv1_method(); }\n     ^\n  In file included from /usr/include/openssl/e_os2.h:13,\n                   from build/temp.linux-x86_64-2.7/_openssl.c:576:\n  /usr/include/openssl/ssl.h:1895:1: note: declared here\n   DEPRECATEDIN_1_1_0(__owur const SSL_METHOD *DTLSv1_method(void)) /* DTLSv1.0 */\n   ^~~~~~~~~~~~~~~~~~\n  build/temp.linux-x86_64-2.7/_openssl.c: In function ‘_cffi_d_DTLSv1_server_method’:\n  build/temp.linux-x86_64-2.7/_openssl.c:24405:3: warning: ‘DTLSv1_server_method’ is deprecated [-Wdeprecated-declarations]\n     return DTLSv1_server_method();\n     ^~~~~~\n  In file included from /usr/include/openssl/e_os2.h:13,\n                   from build/temp.linux-x86_64-2.7/_openssl.c:576:\n  /usr/include/openssl/ssl.h:1896:1: note: declared here\n   DEPRECATEDIN_1_1_0(__owur const SSL_METHOD *DTLSv1_server_method(void))\n   ^~~~~~~~~~~~~~~~~~\n  build/temp.linux-x86_64-2.7/_openssl.c: In function ‘_cffi_f_DTLSv1_server_method’:\n  build/temp.linux-x86_64-2.7/_openssl.c:24416:3: warning: ‘DTLSv1_server_method’ is deprecated [-Wdeprecated-declarations]\n     { result = DTLSv1_server_method(); }\n     ^\n  In file included from /usr/include/openssl/e_os2.h:13,\n                   from build/temp.linux-x86_64-2.7/_openssl.c:576:\n  /usr/include/openssl/ssl.h:1896:1: note: declared here\n   DEPRECATEDIN_1_1_0(__owur const SSL_METHOD *DTLSv1_server_method(void))\n   ^~~~~~~~~~~~~~~~~~\n  build/temp.linux-x86_64-2.7/_openssl.c: In function ‘_cffi_d_OPENSSL_config’:\n  build/temp.linux-x86_64-2.7/_openssl.c:41392:3: warning: ‘OPENSSL_config’ is deprecated [-Wdeprecated-declarations]\n     OPENSSL_config(x0);\n     ^~~~~~~~~~~~~~\n  In file included from /usr/include/openssl/e_os2.h:13,\n                   from build/temp.linux-x86_64-2.7/_openssl.c:576:\n  /usr/include/openssl/conf.h:91:1: note: declared here\n   DEPRECATEDIN_1_1_0(void OPENSSL_config(const char *config_name))\n   ^~~~~~~~~~~~~~~~~~\n  build/temp.linux-x86_64-2.7/_openssl.c: In function ‘_cffi_f_OPENSSL_config’:\n  build/temp.linux-x86_64-2.7/_openssl.c:41413:3: warning: ‘OPENSSL_config’ is deprecated [-Wdeprecated-declarations]\n     { OPENSSL_config(x0); }\n     ^\n  In file included from /usr/include/openssl/e_os2.h:13,\n                   from build/temp.linux-x86_64-2.7/_openssl.c:576:\n  /usr/include/openssl/conf.h:91:1: note: declared here\n   DEPRECATEDIN_1_1_0(void OPENSSL_config(const char *config_name))\n   ^~~~~~~~~~~~~~~~~~\n  build/temp.linux-x86_64-2.7/_openssl.c: In function ‘_cffi_d_TLSv1_1_client_method’:\n  build/temp.linux-x86_64-2.7/_openssl.c:54696:3: warning: ‘TLSv1_1_client_method’ is deprecated [-Wdeprecated-declarations]\n     return TLSv1_1_client_method();\n     ^~~~~~\n  In file included from /usr/include/openssl/e_os2.h:13,\n                   from build/temp.linux-x86_64-2.7/_openssl.c:576:\n  /usr/include/openssl/ssl.h:1885:1: note: declared here\n   DEPRECATEDIN_1_1_0(__owur const SSL_METHOD *TLSv1_1_client_method(void))\n   ^~~~~~~~~~~~~~~~~~\n  build/temp.linux-x86_64-2.7/_openssl.c: In function ‘_cffi_f_TLSv1_1_client_method’:\n  build/temp.linux-x86_64-2.7/_openssl.c:54707:3: warning: ‘TLSv1_1_client_method’ is deprecated [-Wdeprecated-declarations]\n     { result = TLSv1_1_client_method(); }\n     ^\n  In file included from /usr/include/openssl/e_os2.h:13,\n                   from build/temp.linux-x86_64-2.7/_openssl.c:576:\n  /usr/include/openssl/ssl.h:1885:1: note: declared here\n   DEPRECATEDIN_1_1_0(__owur const SSL_METHOD *TLSv1_1_client_method(void))\n   ^~~~~~~~~~~~~~~~~~\n  build/temp.linux-x86_64-2.7/_openssl.c: In function ‘_cffi_d_TLSv1_1_method’:\n  build/temp.linux-x86_64-2.7/_openssl.c:54722:3: warning: ‘TLSv1_1_method’ is deprecated [-Wdeprecated-declarations]\n     return TLSv1_1_method();\n     ^~~~~~\n  In file included from /usr/include/openssl/e_os2.h:13,\n                   from build/temp.linux-x86_64-2.7/_openssl.c:576:\n  /usr/include/openssl/ssl.h:1883:1: note: declared here\n   DEPRECATEDIN_1_1_0(__owur const SSL_METHOD *TLSv1_1_method(void)) /* TLSv1.1 */\n   ^~~~~~~~~~~~~~~~~~\n  build/temp.linux-x86_64-2.7/_openssl.c: In function ‘_cffi_f_TLSv1_1_method’:\n  build/temp.linux-x86_64-2.7/_openssl.c:54733:3: warning: ‘TLSv1_1_method’ is deprecated [-Wdeprecated-declarations]\n     { result = TLSv1_1_method(); }\n     ^\n  In file included from /usr/include/openssl/e_os2.h:13,\n                   from build/temp.linux-x86_64-2.7/_openssl.c:576:\n  /usr/include/openssl/ssl.h:1883:1: note: declared here\n   DEPRECATEDIN_1_1_0(__owur const SSL_METHOD *TLSv1_1_method(void)) /* TLSv1.1 */\n   ^~~~~~~~~~~~~~~~~~\n  build/temp.linux-x86_64-2.7/_openssl.c: In function ‘_cffi_d_TLSv1_1_server_method’:\n  build/temp.linux-x86_64-2.7/_openssl.c:54748:3: warning: ‘TLSv1_1_server_method’ is deprecated [-Wdeprecated-declarations]\n     return TLSv1_1_server_method();\n     ^~~~~~\n  In file included from /usr/include/openssl/e_os2.h:13,\n                   from build/temp.linux-x86_64-2.7/_openssl.c:576:\n  /usr/include/openssl/ssl.h:1884:1: note: declared here\n   DEPRECATEDIN_1_1_0(__owur const SSL_METHOD *TLSv1_1_server_method(void))\n   ^~~~~~~~~~~~~~~~~~\n  build/temp.linux-x86_64-2.7/_openssl.c: In function ‘_cffi_f_TLSv1_1_server_method’:\n  build/temp.linux-x86_64-2.7/_openssl.c:54759:3: warning: ‘TLSv1_1_server_method’ is deprecated [-Wdeprecated-declarations]\n     { result = TLSv1_1_server_method(); }\n     ^\n  In file included from /usr/include/openssl/e_os2.h:13,\n                   from build/temp.linux-x86_64-2.7/_openssl.c:576:\n  /usr/include/openssl/ssl.h:1884:1: note: declared here\n   DEPRECATEDIN_1_1_0(__owur const SSL_METHOD *TLSv1_1_server_method(void))\n   ^~~~~~~~~~~~~~~~~~\n  build/temp.linux-x86_64-2.7/_openssl.c: In function ‘_cffi_d_TLSv1_2_client_method’:\n  build/temp.linux-x86_64-2.7/_openssl.c:54774:3: warning: ‘TLSv1_2_client_method’ is deprecated [-Wdeprecated-declarations]\n     return TLSv1_2_client_method();\n     ^~~~~~\n  In file included from /usr/include/openssl/e_os2.h:13,\n                   from build/temp.linux-x86_64-2.7/_openssl.c:576:\n  /usr/include/openssl/ssl.h:1891:1: note: declared here\n   DEPRECATEDIN_1_1_0(__owur const SSL_METHOD *TLSv1_2_client_method(void))\n   ^~~~~~~~~~~~~~~~~~\n  build/temp.linux-x86_64-2.7/_openssl.c: In function ‘_cffi_f_TLSv1_2_client_method’:\n  build/temp.linux-x86_64-2.7/_openssl.c:54785:3: warning: ‘TLSv1_2_client_method’ is deprecated [-Wdeprecated-declarations]\n     { result = TLSv1_2_client_method(); }\n     ^\n  In file included from /usr/include/openssl/e_os2.h:13,\n                   from build/temp.linux-x86_64-2.7/_openssl.c:576:\n  /usr/include/openssl/ssl.h:1891:1: note: declared here\n   DEPRECATEDIN_1_1_0(__owur const SSL_METHOD *TLSv1_2_client_method(void))\n   ^~~~~~~~~~~~~~~~~~\n  build/temp.linux-x86_64-2.7/_openssl.c: In function ‘_cffi_d_TLSv1_2_method’:\n  build/temp.linux-x86_64-2.7/_openssl.c:54800:3: warning: ‘TLSv1_2_method’ is deprecated [-Wdeprecated-declarations]\n     return TLSv1_2_method();\n     ^~~~~~\n  In file included from /usr/include/openssl/e_os2.h:13,\n                   from build/temp.linux-x86_64-2.7/_openssl.c:576:\n  /usr/include/openssl/ssl.h:1889:1: note: declared here\n   DEPRECATEDIN_1_1_0(__owur const SSL_METHOD *TLSv1_2_method(void)) /* TLSv1.2 */\n   ^~~~~~~~~~~~~~~~~~\n  build/temp.linux-x86_64-2.7/_openssl.c: In function ‘_cffi_f_TLSv1_2_method’:\n  build/temp.linux-x86_64-2.7/_openssl.c:54811:3: warning: ‘TLSv1_2_method’ is deprecated [-Wdeprecated-declarations]\n     { result = TLSv1_2_method(); }\n     ^\n  In file included from /usr/include/openssl/e_os2.h:13,\n                   from build/temp.linux-x86_64-2.7/_openssl.c:576:\n  /usr/include/openssl/ssl.h:1889:1: note: declared here\n   DEPRECATEDIN_1_1_0(__owur const SSL_METHOD *TLSv1_2_method(void)) /* TLSv1.2 */\n   ^~~~~~~~~~~~~~~~~~\n  build/temp.linux-x86_64-2.7/_openssl.c: In function ‘_cffi_d_TLSv1_2_server_method’:\n  build/temp.linux-x86_64-2.7/_openssl.c:54826:3: warning: ‘TLSv1_2_server_method’ is deprecated [-Wdeprecated-declarations]\n     return TLSv1_2_server_method();\n     ^~~~~~\n  In file included from /usr/include/openssl/e_os2.h:13,\n                   from build/temp.linux-x86_64-2.7/_openssl.c:576:\n  /usr/include/openssl/ssl.h:1890:1: note: declared here\n   DEPRECATEDIN_1_1_0(__owur const SSL_METHOD *TLSv1_2_server_method(void))\n   ^~~~~~~~~~~~~~~~~~\n  build/temp.linux-x86_64-2.7/_openssl.c: In function ‘_cffi_f_TLSv1_2_server_method’:\n  build/temp.linux-x86_64-2.7/_openssl.c:54837:3: warning: ‘TLSv1_2_server_method’ is deprecated [-Wdeprecated-declarations]\n     { result = TLSv1_2_server_method(); }\n     ^\n  In file included from /usr/include/openssl/e_os2.h:13,\n                   from build/temp.linux-x86_64-2.7/_openssl.c:576:\n  /usr/include/openssl/ssl.h:1890:1: note: declared here\n   DEPRECATEDIN_1_1_0(__owur const SSL_METHOD *TLSv1_2_server_method(void))\n   ^~~~~~~~~~~~~~~~~~\n  build/temp.linux-x86_64-2.7/_openssl.c: In function ‘_cffi_d_TLSv1_client_method’:\n  build/temp.linux-x86_64-2.7/_openssl.c:54852:3: warning: ‘TLSv1_client_method’ is deprecated [-Wdeprecated-declarations]\n     return TLSv1_client_method();\n     ^~~~~~\n  In file included from /usr/include/openssl/e_os2.h:13,\n                   from build/temp.linux-x86_64-2.7/_openssl.c:576:\n  /usr/include/openssl/ssl.h:1879:1: note: declared here\n   DEPRECATEDIN_1_1_0(__owur const SSL_METHOD *TLSv1_client_method(void))\n   ^~~~~~~~~~~~~~~~~~\n  build/temp.linux-x86_64-2.7/_openssl.c: In function ‘_cffi_f_TLSv1_client_method’:\n  build/temp.linux-x86_64-2.7/_openssl.c:54863:3: warning: ‘TLSv1_client_method’ is deprecated [-Wdeprecated-declarations]\n     { result = TLSv1_client_method(); }\n     ^\n  In file included from /usr/include/openssl/e_os2.h:13,\n                   from build/temp.linux-x86_64-2.7/_openssl.c:576:\n  /usr/include/openssl/ssl.h:1879:1: note: declared here\n   DEPRECATEDIN_1_1_0(__owur const SSL_METHOD *TLSv1_client_method(void))\n   ^~~~~~~~~~~~~~~~~~\n  build/temp.linux-x86_64-2.7/_openssl.c: In function ‘_cffi_d_TLSv1_method’:\n  build/temp.linux-x86_64-2.7/_openssl.c:54878:3: warning: ‘TLSv1_method’ is deprecated [-Wdeprecated-declarations]\n     return TLSv1_method();\n     ^~~~~~\n  In file included from /usr/include/openssl/e_os2.h:13,\n                   from build/temp.linux-x86_64-2.7/_openssl.c:576:\n  /usr/include/openssl/ssl.h:1877:1: note: declared here\n   DEPRECATEDIN_1_1_0(__owur const SSL_METHOD *TLSv1_method(void)) /* TLSv1.0 */\n   ^~~~~~~~~~~~~~~~~~\n  build/temp.linux-x86_64-2.7/_openssl.c: In function ‘_cffi_f_TLSv1_method’:\n  build/temp.linux-x86_64-2.7/_openssl.c:54889:3: warning: ‘TLSv1_method’ is deprecated [-Wdeprecated-declarations]\n     { result = TLSv1_method(); }\n     ^\n  In file included from /usr/include/openssl/e_os2.h:13,\n                   from build/temp.linux-x86_64-2.7/_openssl.c:576:\n  /usr/include/openssl/ssl.h:1877:1: note: declared here\n   DEPRECATEDIN_1_1_0(__owur const SSL_METHOD *TLSv1_method(void)) /* TLSv1.0 */\n   ^~~~~~~~~~~~~~~~~~\n  build/temp.linux-x86_64-2.7/_openssl.c: In function ‘_cffi_d_TLSv1_server_method’:\n  build/temp.linux-x86_64-2.7/_openssl.c:54904:3: warning: ‘TLSv1_server_method’ is deprecated [-Wdeprecated-declarations]\n     return TLSv1_server_method();\n     ^~~~~~\n  In file included from /usr/include/openssl/e_os2.h:13,\n                   from build/temp.linux-x86_64-2.7/_openssl.c:576:\n  /usr/include/openssl/ssl.h:1878:1: note: declared here\n   DEPRECATEDIN_1_1_0(__owur const SSL_METHOD *TLSv1_server_method(void))\n   ^~~~~~~~~~~~~~~~~~\n  build/temp.linux-x86_64-2.7/_openssl.c: In function ‘_\u001b[0m\u001b[91mcffi_f_TLSv1_server_method’:\n  build/temp.linux-x86_64-2.7/_openssl.c:54915:3: warning: ‘TLSv1_server_method’ is deprecated [-Wdeprecated-declarations]\n     { result = TLSv1_server_method(); }\n     ^\n  In file included from /usr/include/openssl/e_os2.h:13,\n                   from build/temp.linux-x86_64-2.7/_openssl.c:576:\n  /usr/include/openssl/ssl.h:1878:1: note: declared here\n   DEPRECATEDIN_1_1_0(__owur const SSL_METHOD *TLSv1_server_method(void))\n   ^~~~~~~~~~~~~~~~~~\n  build/temp.linux-x86_64-2.7/_openssl.c: In function ‘_cffi_d_X509_CRL_get_lastUpdate’:\n  build/temp.linux-x86_64-2.7/_openssl.c:55955:3: warning: ‘X509_CRL_get_lastUpdate’ is deprecated [-Wdeprecated-declarations]\n     return X509_CRL_get_lastUpdate(x0);\n     ^~~~~~\n  In file included from /usr/include/openssl/e_os2.h:13,\n                   from build/temp.linux-x86_64-2.7/_openssl.c:576:\n  /usr/include/openssl/x509.h:727:1: note: declared here\n   DEPRECATEDIN_1_1_0(ASN1_TIME *X509_CRL_get_lastUpdate(X509_CRL *crl))\n   ^~~~~~~~~~~~~~~~~~\n  build/temp.linux-x86_64-2.7/_openssl.c: In function ‘_cffi_f_X509_CRL_get_lastUpdate’:\n  build/temp.linux-x86_64-2.7/_openssl.c:55978:3: warning: ‘X509_CRL_get_lastUpdate’ is deprecated [-Wdeprecated-declarations]\n     { result = X509_CRL_get_lastUpdate(x0); }\n     ^\n  In file included from /usr/include/openssl/e_os2.h:13,\n                   from build/temp.linux-x86_64-2.7/_openssl.c:576:\n  /usr/include/openssl/x509.h:727:1: note: declared here\n   DEPRECATEDIN_1_1_0(ASN1_TIME *X509_CRL_get_lastUpdate(X509_CRL *crl))\n   ^~~~~~~~~~~~~~~~~~\n  build/temp.linux-x86_64-2.7/_openssl.c: In function ‘_cffi_d_X509_CRL_get_nextUpdate’:\n  build/temp.linux-x86_64-2.7/_openssl.c:55993:3: warning: ‘X509_CRL_get_nextUpdate’ is deprecated [-Wdeprecated-declarations]\n     return X509_CRL_get_nextUpdate(x0);\n     ^~~~~~\n  In file included from /usr/include/openssl/e_os2.h:13,\n                   from build/temp.linux-x86_64-2.7/_openssl.c:576:\n  /usr/include/openssl/x509.h:728:1: note: declared here\n   DEPRECATEDIN_1_1_0(ASN1_TIME *X509_CRL_get_nextUpdate(X509_CRL *crl))\n   ^~~~~~~~~~~~~~~~~~\n  build/temp.linux-x86_64-2.7/_openssl.c: In function ‘_cffi_f_X509_CRL_get_nextUpdate’:\n  build/temp.linux-x86_64-2.7/_openssl.c:56016:3: warning: ‘X509_CRL_get_nextUpdate’ is deprecated [-Wdeprecated-declarations]\n     { result = X509_CRL_get_nextUpdate(x0); }\n     ^\n  In file included from /usr/include/openssl/e_os2.h:13,\n                   from build/temp.linux-x86_64-2.7/_openssl.c:576:\n  /usr/include/openssl/x509.h:728:1: note: declared here\n   DEPRECATEDIN_1_1_0(ASN1_TIME *X509_CRL_get_nextUpdate(X509_CRL *crl))\n   ^~~~~~~~~~~~~~~~~~\n  build/temp.linux-x86_64-2.7/_openssl.c: In function ‘_cffi_d_X509_get0_signature’:\n  build/temp.linux-x86_64-2.7/_openssl.c:61735:23: warning: passing argument 1 of ‘X509_get0_signature’ from incompatible pointer type [-Wincompatible-pointer-types]\n     X509_get0_signature(x0, x1, x2);\n                         ^~\n  In file included from /usr/include/openssl/cms.h:16,\n                   from build/temp.linux-x86_64-2.7/_openssl.c:621:\n  /usr/include/openssl/x509.h:571:50: note: expected ‘const ASN1_BIT_STRING **’ {aka ‘const struct asn1_string_st **’} but argument is of type ‘ASN1_OCTET_STRING **’ {aka ‘struct asn1_string_st **’}\n   void X509_get0_signature(const ASN1_BIT_STRING **psig,\n                            ~~~~~~~~~~~~~~~~~~~~~~~~^~~~\n  build/temp.linux-x86_64-2.7/_openssl.c:61735:27: warning: passing argument 2 of ‘X509_get0_signature’ from incompatible pointer type [-Wincompatible-pointer-types]\n     X509_get0_signature(x0, x1, x2);\n                             ^~\n  In file included from /usr/include/openssl/cms.h:16,\n                   from build/temp.linux-x86_64-2.7/_openssl.c:621:\n  /usr/include/openssl/x509.h:572:45: note: expected ‘const X509_ALGOR **’ {aka ‘const struct X509_algor_st **’} but argument is of type ‘X509_ALGOR **’ {aka ‘struct X509_algor_st **’}\n                            const X509_ALGOR **palg, const X509 *x);\n                            ~~~~~~~~~~~~~~~~~~~^~~~\n  build/temp.linux-x86_64-2.7/_openssl.c: In function ‘_cffi_f_X509_get0_signature’:\n  build/temp.linux-x86_64-2.7/_openssl.c:61782:25: warning: passing argument 1 of ‘X509_get0_signature’ from incompatible pointer type [-Wincompatible-pointer-types]\n     { X509_get0_signature(x0, x1, x2); }\n                           ^~\n  In file included from /usr/include/openssl/cms.h:16,\n                   from build/temp.linux-x86_64-2.7/_openssl.c:621:\n  /usr/include/openssl/x509.h:571:50: note: expected ‘const ASN1_BIT_STRING **’ {aka ‘const struct asn1_string_st **’} but argument is of type ‘ASN1_OCTET_STRING **’ {aka ‘struct asn1_string_st **’}\n   void X509_get0_signature(const ASN1_BIT_STRING **psig,\n                            ~~~~~~~~~~~~~~~~~~~~~~~~^~~~\n  build/temp.linux-x86_64-2.7/_openssl.c:61782:29: warning: passing argument 2 of ‘X509_get0_signature’ from incompatible pointer type [-Wincompatible-pointer-types]\n     { X509_get0_signature(x0, x1, x2); }\n                               ^~\n  In file included from /usr/include/openssl/cms.h:16,\n                   from build/temp.linux-x86_64-2.7/_openssl.c:621:\n  /usr/include/openssl/x509.h:572:45: note: expected ‘const X509_ALGOR **’ {aka ‘const struct X509_algor_st **’} but argument is of type ‘X509_ALGOR **’ {aka ‘struct X509_algor_st **’}\n                            const X509_ALGOR **palg, const X509 *x);\n                            ~~~~~~~~~~~~~~~~~~~^~~~\n  At top level:\n  build/temp.linux-x86_64-2.7/_openssl.c:3628:13: warning: ‘_ssl_thread_locking_function’ defined but not used [-Wunused-function]\n   static void _ssl_thread_locking_function(int mode, int n, const char *file,\n               ^~~~~~~~~~~~~~~~~~~~~~~~~~~~\n  error: command 'gcc' failed with exit status 1\n  ----------------------------------------\n  ERROR: Failed building wheel for cryptography\n\u001b[0m  Running setup.py clean for cryptography\n  Building wheel for pycparser (setup.py): started\n  Building wheel for pycparser (setup.py): finished with status 'done'\n  Created wheel for pycparser: filename=pycparser-2.17-py2.py3-none-any.whl size=193884 sha256=2187733373a82602a285bd45802f466b93d5d1f638d54536907c8bed1ac4b0f8\n  Stored in directory: /tmp/pip-ephem-wheel-cache-Hp5470/wheels/03/08/f2/bf70552f051cd78e9d8fe7d196ef762858dcfa156965e3a1e3\n  Building wheel for Twisted (setup.py): started\n  Building wheel for Twisted (setup.py): finished with status 'done'\n  Created wheel for Twisted: filename=Twisted-16.6.0-cp27-cp27mu-linux_x86_64.whl size=3129750 sha256=8bc86d0fcef43459fb742b5844ca2291589f409a241404d7a05fda3718178ce5\n  Stored in directory: /tmp/pip-ephem-wheel-cache-Hp5470/wheels/9c/9c/7e/02714d060e09c8c427edb1feabdec5c6d7ac561c11d87f98de\n  Building wheel for xmltodict (setup.py): started\n  Building wheel for xmltodict (setup.py): finished with status 'done'\n  Created wheel for xmltodict: filename=xmltodict-0.10.2-py2-none-any.whl size=6517 sha256=9f6f6a79cbb0b8358a7a78e8cb1bf9dbcd669c34cdd9aff9e9d964864bf86a61\n  Stored in directory: /tmp/pip-ephem-wheel-cache-Hp5470/wheels/b8/31/3d/dfdd367ff315474213978591f03368f26cb2f2964bf72f6483\n  Building wheel for zope.interface (setup.py): started\n  Building wheel for zope.interface (setup.py): finished with status 'done'\n  Created wheel for zope.interface: filename=zope.interface-4.3.3-cp27-cp27mu-linux_x86_64.whl size=161505 sha256=85a53826f41e6938deb5e9addb05cb67658099ca3321a865170792e54ff1385e\n  Stored in directory: /tmp/pip-ephem-wheel-cache-Hp5470/wheels/30/eb/6b/3a4827f44784e034e309f43a9b08f0431495ee283bde27b789\n  Building wheel for mimic (setup.py): started\n  Building wheel for mimic (setup.py): finished with status 'done'\n  Created wheel for mimic: filename=mimic-2.2.0-py2-none-any.whl size=282944 sha256=1fcf023412beb709925bdcbe3d4ac756029efb5d560f7fff41f7127d202a3f5b\n  Stored in directory: /tmp/pip-ephem-wheel-cache-Hp5470/wheels/93/0d/4e/c35f186accdc19cb167428161d32173ea7a6fbec279afb3cb2\nSuccessfully built pycparser Twisted xmltodict zope.interface mimic\nFailed to build cryptography\nInstalling collected packages: attrs, pycparser, cffi, coverage, idna, pyasn1, six, enum34, ipaddress, cryptography, ddt, extras, iso8601, Werkzeug, zope.interface, constantly, incremental, Twisted, klein, linecache2, pyasn1-modules, pyOpenSSL, python-mimeparse, requests, service-identity, traceback2, argparse, unittest2, testtools, treq, wheel, xmltodict, mimic\n  Attempting uninstall: six\n    Found existing installation: six 1.14.0\n    Uninstalling six-1.14.0:\n      Successfully uninstalled six-1.14.0\n    Running setup.py install for cryptography: started\n    Running setup.py install for cryptography: finished with status 'error'\n\u001b[91m    ERROR: Command errored out with exit status 1:\n     command: /usr/local/bin/python -u -c 'import sys, setuptools, tokenize; sys.argv[0] = '\"'\"'/tmp/pip-install-b7Iy5k/cryptography/setup.py'\"'\"'; __file__='\"'\"'/tmp/pip-install-b7Iy5k/cryptography/setup.py'\"'\"';f=getattr(tokenize, '\"'\"'open'\"'\"', open)(__file__);code=f.read().replace('\"'\"'\\r\\n'\"'\"', '\"'\"'\\n'\"'\"');f.close();exec(compile(code, __file__, '\"'\"'exec'\"'\"'))' install --record /tmp/pip-record-Yu9ofX/install-record.txt --single-version-externally-managed --compile --install-headers /usr/local/include/python2.7/cryptography\n         cwd: /tmp/pip-install-b7Iy5k/cryptography/\n    Complete output (524 lines):\n    running install\n    running build\n    running build_py\n    creating build\n    creating build/lib.linux-x86_64-2.7\n    creating build/lib.linux-x86_64-2.7/cryptography\n    copying src/cryptography/__init__.py -> build/lib.linux-x86_64-2.7/cryptography\n    copying src/cryptography/exceptions.py -> build/lib.linux-x86_64-2.7/cryptography\n    copying src/cryptography/fernet.py -> build/lib.linux-x86_64-2.7/cryptography\n    copying src/cryptography/__about__.py -> build/lib.linux-x86_64-2.7/cryptography\n    copying src/cryptography/utils.py -> build/lib.linux-x86_64-2.7/cryptography\n    creating build/lib.linux-x86_64-2.7/cryptography/x509\n    copying src/cryptography/x509/__init__.py -> build/lib.linux-x86_64-2.7/cryptography/x509\n    copying src/cryptography/x509/base.py -> build/lib.linux-x86_64-2.7/cryptography/x509\n    copying src/cryptography/x509/name.py -> build/lib.linux-x86_64-2.7/cryptography/x509\n    copying src/cryptography/x509/oid.py -> build/lib.linux-x86_64-2.7/cryptography/x509\n    copying src/cryptography/x509/general_name.py -> build/lib.linux-x86_64-2.7/cryptography/x509\n    copying src/cryptography/x509/extensions.py -> build/lib.linux-x86_64-2.7/cryptography/x509\n    creating build/lib.linux-x86_64-2.7/cryptography/hazmat\n    copying src/cryptography/hazmat/__init__.py -> build/lib.linux-x86_64-2.7/cryptography/hazmat\n    creating build/lib.linux-x86_64-2.7/cryptography/hazmat/primitives\n    copying src/cryptography/hazmat/primitives/__init__.py -> build/lib.linux-x86_64-2.7/cryptography/hazmat/primitives\n    copying src/cryptography/hazmat/primitives/keywrap.py -> build/lib.linux-x86_64-2.7/cryptography/hazmat/primitives\n    copying src/cryptography/hazmat/primitives/padding.py -> build/lib.linux-x86_64-2.7/cryptography/hazmat/primitives\n    copying src/cryptography/hazmat/primitives/cmac.py -> build/lib.linux-x86_64-2.7/cryptography/hazmat/primitives\n    copying src/cryptography/hazmat/primitives/hashes.py -> build/lib.linux-x86_64-2.7/cryptography/hazmat/primitives\n    copying src/cryptography/hazmat/primitives/hmac.py -> build/lib.linux-x86_64-2.7/cryptography/hazmat/primitives\n    copying src/cryptography/hazmat/primitives/constant_time.py -> build/lib.linux-x86_64-2.7/cryptography/hazmat/primitives\n    copying src/cryptography/hazmat/primitives/serialization.py -> build/lib.linux-x86_64-2.7/cryptography/hazmat/primitives\n    creating build/lib.linux-x86_64-2.7/cryptography/hazmat/bindings\n    copying src/cryptography/hazmat/bindings/__init__.py -> build/lib.linux-x86_64-2.7/cryptography/hazmat/bindings\n    creating build/lib.linux-x86_64-2.7/cryptography/hazmat/backends\n    copying src/cryptography/hazmat/backends/__init__.py -> build/lib.linux-x86_64-2.7/cryptography/hazmat/backends\n    copying src/cryptography/hazmat/backends/interfaces.py -> build/lib.linux-x86_64-2.7/cryptography/hazmat/backends\n    copying src/cryptography/hazmat/backends/multibackend.py -> build/lib.linux-x86_64-2.7/cryptography/hazmat/backends\n    creating build/lib.linux-x86_64-2.7/cryptography/hazmat/primitives/interfaces\n    copying src/cryptography/hazmat/primitives/interfaces/__init__.py -> build/lib.linux-x86_64-2.7/cryptography/hazmat/primitives/interfaces\n    creating build/lib.linux-x86_64-2.7/cryptography/hazmat/primitives/ciphers\n    copying src/cryptography/hazmat/primitives/ciphers/__init__.py -> build/lib.linux-x86_64-2.7/cryptography/hazmat/primitives/ciphers\n    copying src/cryptography/hazmat/primitives/ciphers/base.py -> build/lib.linux-x86_64-2.7/cryptography/hazmat/primitives/ciphers\n    copying src/cryptography/hazmat/primitives/ciphers/algorithms.py -> build/lib.linux-x86_64-2.7/cryptography/hazmat/primitives/ciphers\n    copying src/cryptography/hazmat/primitives/ciphers/modes.py -> build/lib.linux-x86_64-2.7/cryptography/hazmat/primitives/ciphers\n    creating build/lib.linux-x86_64-2.7/cryptography/hazmat/primitives/kdf\n    copying src/cryptography/hazmat/primitives/kdf/__init__.py -> build/lib.linux-x86_64-2.7/cryptography/hazmat/primitives/kdf\n    copying src/cryptography/hazmat/primitives/kdf/concatkdf.py -> build/lib.linux-x86_64-2.7/cryptography/hazmat/primitives/kdf\n    copying src/cryptography/hazmat/primitives/kdf/x963kdf.py -> build/lib.linux-x86_64-2.7/cryptography/hazmat/primitives/kdf\n    copying src/cryptography/hazmat/primitives/kdf/kbkdf.py -> build/lib.linux-x86_64-2.7/cryptography/hazmat/primitives/kdf\n    copying src/cryptography/hazmat/primitives/kdf/scrypt.py -> build/lib.linux-x86_64-2.7/cryptography/hazmat/primitives/kdf\n    copying src/cryptography/hazmat/primitives/kdf/hkdf.py -> build/lib.linux-x86_64-2.7/cryptography/hazmat/primitives/kdf\n    copying src/cryptography/hazmat/primitives/kdf/pbkdf2.py -> build/lib.linux-x86_64-2.7/cryptography/hazmat/primitives/kdf\n    creating build/lib.linux-x86_64-2.7/cryptography/hazmat/primitives/asymmetric\n    copying src/cryptography/hazmat/primitives/asymmetric/__init__.py -> build/lib.linux-x86_64-2.7/cryptography/hazmat/primitives/asymmetric\n    copying src/cryptography/hazmat/primitives/asymmetric/dh.py -> build/lib.linux-x86_64-2.7/cryptography/hazmat/primitives/asymmetric\n    copying src/cryptography/hazmat/primitives/asymmetric/ec.py -> build/lib.linux-x86_64-2.7/cryptography/hazmat/primitives/asymmetric\n    copying src/cryptography/hazmat/primitives/asymmetric/padding.py -> build/lib.linux-x86_64-2.7/cryptography/hazmat/primitives/asymmetric\n    copying src/cryptography/hazmat/primitives/asymmetric/rsa.py -> build/lib.linux-x86_64-2.7/cryptography/hazmat/primitives/asymmetric\n    copying src/cryptography/hazmat/primitives/asymmetric/dsa.py -> build/lib.linux-x86_64-2.7/cryptography/hazmat/primitives/asymmetric\n    copying src/cryptography/hazmat/primitives/asymmetric/utils.py -> build/lib.linux-x86_64-2.7/cryptography/hazmat/primitives/asymmetric\n    creating build/lib.linux-x86_64-2.7/cryptography/hazmat/primitives/twofactor\n    copying src/cryptography/hazmat/primitives/twofactor/__init__.py -> build/lib.linux-x86_64-2.7/cryptography/hazmat/primitives/twofactor\n    copying src/cryptography/hazmat/primitives/twofactor/totp.py -> build/lib.linux-x86_64-2.7/cryptography/hazmat/primitives/twofactor\n    copying src/cryptography/hazmat/primitives/twofactor/hotp.py -> build/lib.linux-x86_64-2.7/cryptography/hazmat/primitives/twofactor\n    copying src/cryptography/hazmat/primitives/twofactor/utils.py -> build/lib.linux-x86_64-2.7/cryptography/hazmat/primitives/twofactor\n    creating build/lib.linux-x86_64-2.7/cryptography/hazmat/bindings/openssl\n    copying src/cryptography/hazmat/bindings/openssl/__init__.py -> build/lib.linux-x86_64-2.7/cryptography/hazmat/bindings/openssl\n    copying src/cryptography/hazmat/bindings/openssl/binding.py -> build/lib.linux-x86_64-2.7/cryptography/hazmat/bindings/openssl\n    copying src/cryptography/hazmat/bindings/openssl/_conditional.py -> build/lib.linux-x86_64-2.7/cryptography/hazmat/bindings/openssl\n    creating build/lib.linux-x86_64-2.7/cryptography/hazmat/bindings/commoncrypto\n    copying src/cryptography/hazmat/bindings/commoncrypto/__init__.py -> build/lib.linux-x86_64-2.7/cryptography/hazmat/bindings/commoncrypto\n    copying src/cryptography/hazmat/bindings/commoncrypto/binding.py -> build/lib.linux-x86_64-2.7/cryptography/hazmat/bindings/commoncrypto\n    creating build/lib.linux-x86_64-2.7/cryptography/hazmat/backends/openssl\n    copying src/cryptography/hazmat/backends/openssl/__init__.py -> build/lib.linux-x86_64-2.7/cryptography/hazmat/bac\u001b[0m\u001b[91mkends/openssl\n    copying src/cryptography/hazmat/backends/openssl/dh.py -> build/lib.linux-x86_64-2.7/cryptography/hazmat/backends/openssl\n    copying src/cryptography/hazmat/backends/openssl/ec.py -> build/lib.linux-x86_64-2.7/cryptography/hazmat/backends/openssl\n    copying src/cryptography/hazmat/backends/openssl/ciphers.py -> build/lib.linux-x86_64-2.7/cryptography/hazmat/backends/openssl\n    copying src/cryptography/hazmat/backends/openssl/x509.py -> build/lib.linux-x86_64-2.7/cryptography/hazmat/backends/openssl\n    copying src/cryptography/hazmat/backends/openssl/rsa.py -> build/lib.linux-x86_64-2.7/cryptography/hazmat/backends/openssl\n    copying src/cryptography/hazmat/backends/openssl/backend.py -> build/lib.linux-x86_64-2.7/cryptography/hazmat/backends/openssl\n    copying src/cryptography/hazmat/backends/openssl/cmac.py -> build/lib.linux-x86_64-2.7/cryptography/hazmat/backends/openssl\n    copying src/cryptography/hazmat/backends/openssl/encode_asn1.py -> build/lib.linux-x86_64-2.7/cryptography/hazmat/backends/openssl\n    copying src/cryptography/hazmat/backends/openssl/dsa.py -> build/lib.linux-x86_64-2.7/cryptography/hazmat/backends/openssl\n    copying src/cryptography/hazmat/backends/openssl/hashes.py -> build/lib.linux-x86_64-2.7/cryptography/hazmat/backends/openssl\n    copying src/cryptography/hazmat/backends/openssl/hmac.py -> build/lib.linux-x86_64-2.7/cryptography/hazmat/backends/openssl\n    copying src/cryptography/hazmat/backends/openssl/utils.py -> build/lib.linux-x86_64-2.7/cryptography/hazmat/backends/openssl\n    copying src/cryptography/hazmat/backends/openssl/decode_asn1.py -> build/lib.linux-x86_64-2.7/cryptography/hazmat/backends/openssl\n    creating build/lib.linux-x86_64-2.7/cryptography/hazmat/backends/commoncrypto\n    copying src/cryptography/hazmat/backends/commoncrypto/__init__.py -> build/lib.linux-x86_64-2.7/cryptography/hazmat/backends/commoncrypto\n    copying src/cryptography/hazmat/backends/commoncrypto/ciphers.py -> build/lib.linux-x86_64-2.7/cryptography/hazmat/backends/commoncrypto\n    copying src/cryptography/hazmat/backends/commoncrypto/backend.py -> build/lib.linux-x86_64-2.7/cryptography/hazmat/backends/commoncrypto\n    copying src/cryptography/hazmat/backends/commoncrypto/hashes.py -> build/lib.linux-x86_64-2.7/cryptography/hazmat/backends/commoncrypto\n    copying src/cryptography/hazmat/backends/commoncrypto/hmac.py -> build/lib.linux-x86_64-2.7/cryptography/hazmat/backends/commoncrypto\n    running egg_info\n    writing requirements to src/cryptography.egg-info/requires.txt\n    writing src/cryptography.egg-info/PKG-INFO\n    writing top-level names to src/cryptography.egg-info/top_level.txt\n    writing dependency_links to src/cryptography.egg-info/dependency_links.txt\n    writing entry points to src/cryptography.egg-info/entry_points.txt\n    reading manifest file 'src/cryptography.egg-info/SOURCES.txt'\n    reading manifest template 'MANIFEST.in'\n    no previously-included directories found matching 'docs/_build'\n    warning: no previously-included files matching '*' found under directory 'vectors'\n    writing manifest file 'src/cryptography.egg-info/SOURCES.txt'\n    running build_ext\n    generating cffi module 'build/temp.linux-x86_64-2.7/_padding.c'\n    creating build/temp.linux-x86_64-2.7\n    generating cffi module 'build/temp.linux-x86_64-2.7/_constant_time.c'\n    generating cffi module 'build/temp.linux-x86_64-2.7/_openssl.c'\n    building '_openssl' extension\n    creating build/temp.linux-x86_64-2.7/build\n    creating build/temp.linux-x86_64-2.7/build/temp.linux-x86_64-2.7\n    gcc -pthread -fno-strict-aliasing -g -O2 -DNDEBUG -g -fwrapv -O3 -Wall -Wstrict-prototypes -fPIC -I/usr/local/include/python2.7 -c build/temp.linux-x86_64-2.7/_openssl.c -o build/temp.linux-x86_64-2.7/build/temp.linux-x86_64-2.7/_openssl.o\n    build/temp.linux-x86_64-2.7/_openssl.c:754:23: error: conflicting types for ‘ASN1_TIME_to_generalizedtime’\n     ASN1_GENERALIZEDTIME *ASN1_TIME_to_generalizedtime(ASN1_TIME *,\n                           ^~~~~~~~~~~~~~~~~~~~~~~~~~~~\n    In file included from build/temp.linux-x86_64-2.7/_openssl.c:470:\n    /usr/include/openssl/asn1.h:630:23: note: previous declaration of ‘ASN1_TIME_to_generalizedtime’ was here\n     ASN1_GENERALIZEDTIME *ASN1_TIME_to_generalizedtime(const ASN1_TIME *t,\n                           ^~~~~~~~~~~~~~~~~~~~~~~~~~~~\n    build/temp.linux-x86_64-2.7/_openssl.c:848:6: error: conflicting types for ‘BIO_callback_ctrl’\n     long BIO_callback_ctrl(\n          ^~~~~~~~~~~~~~~~~\n    In file included from /usr/include/openssl/asn1.h:16,\n                     from build/temp.linux-x86_64-2.7/_openssl.c:470:\n    /usr/include/openssl/bio.h:566:6: note: previous declaration of ‘BIO_callback_ctrl’ was here\n     long BIO_callback_ctrl(BIO *b, int cmd, BIO_info_cb *fp);\n          ^~~~~~~~~~~~~~~~~\n    build/temp.linux-x86_64-2.7/_openssl.c:1067:5: error: conflicting types for ‘EVP_PKEY_size’\n     int EVP_PKEY_size(EVP_PKEY *);\n         ^~~~~~~~~~~~~\n    In file included from /usr/include/openssl/cmac.h:19,\n                     from build/temp.linux-x86_64-2.7/_openssl.c:480:\n    /usr/include/openssl/evp.h:996:5: note: previous declaration of ‘EVP_PKEY_size’ was here\n     int EVP_PKEY_size(const EVP_PKEY *pkey);\n         ^~~~~~~~~~~~~\n    build/temp.linux-x86_64-2.7/_openssl.c:1368:5: error: conflicting types for ‘SSL_renegotiate_pending’\n     int SSL_renegotiate_pending(SSL *);\n         ^~~~~~~~~~~~~~~~~~~~~~~\n    In file included from build/temp.linux-x86_64-2.7/_openssl.c:643:\n    /usr/include/openssl/ssl.h:1923:12: note: previous declaration of ‘SSL_renegotiate_pending’ was here\n     __owur int SSL_renegotiate_pending(const SSL *s);\n                ^~~~~~~~~~~~~~~~~~~~~~~\n    build/temp.linux-x86_64-2.7/_openssl.c: In function ‘_cffi_d_ASN1_STRING_data’:\n    build/temp.linux-x86_64-2.7/_openssl.c:14551:3: warning: ‘ASN1_STRING_data’ is deprecated [-Wdeprecated-declarations]\n       return ASN1_STRING_data(x0);\n       ^~~~~~\n    In file included from /usr/include/openssl/e_os2.h:13,\n                     from build/temp.linux-x86_64-2.7/_openssl.c:440:\n    /usr/include/openssl/asn1.h:554:1: note: declared here\n     DEPRECATEDIN_1_1_0(unsigned char *ASN1_STRING_data(ASN1_STRING *x))\n     ^~~~~~~~~~~~~~~~~~\n    build/temp.linux-x86_64-2.7/_openssl.c: In function ‘_cffi_f_ASN1_STRING_data’:\n    build/temp.linux-x86_64-2.7/_openssl.c:14574:3: warning: ‘ASN1_STRING_data’ is deprecated [-Wdeprecated-declarations]\n       { result = ASN1_STRING_data(x0); }\n       ^\n    In file included from /usr/include/openssl/e_os2.h:13,\n                     from build/temp.linux-x86_64-2.7/_openssl.c:440:\n    /usr/include/openssl/asn1.h:554:1: note: declared here\n     DEPRECATEDIN_1_1_0(unsigned char *ASN1_STRING_data(ASN1_STRING *x))\n     ^~~~~~~~~~~~~~~~~~\n    build/temp.linux-x86_64-2.7/_openssl.c: In function ‘_cffi_d_BIO_f_buffer’:\n    build/temp.linux-x86_64-2.7/_openssl.c:15950:10: warning: return discards ‘const’ qualifier from pointer target type [-Wdiscarded-qualifiers]\n       return BIO_f_buffer();\n              ^~~~~~~~~~~~~~\n    build/temp.linux-x86_64-2.7/_openssl.c: In function ‘_cffi_f_BIO_f_buffer’:\n    build/temp.linux-x86_64-2.7/_openssl.c:15960:12: warning: assignment discards ‘const’ qualifier from pointer target type [-Wdiscarded-qualifiers]\n       { result = BIO_f_buffer(); }\n                ^\n    build/temp.linux-x86_64-2.7/_openssl.c: In function ‘_cffi_d_BIO_f_null’:\n    build/temp.linux-x86_64-2.7/_openssl.c:15974:10: warning: return discards ‘const’ qualifier from pointer target type [-Wdiscarded-qualifiers]\n       return BIO_f_null();\n              ^~~~~~~~~~~~\n    build/temp.linux-x86_64-2.7/_openssl.c: In function ‘_cffi_f_BIO_f_null’:\n    build/temp.linux-x86_64-2.7/_openssl.c:15984:12: warning: assignment discards ‘const’ qualifier from pointer target type [-Wdiscarded-qualifiers]\n       { result = BIO_f_null(); }\n                ^\n    build/temp.linux-x86_64-2.7/_openssl.c: In function ‘_cffi_d_BIO_s_fd’:\n    build/temp.linux-x86_64-2.7/_openssl.c:17403:10: warning: return discards ‘const’ qualifier from pointer target type [-Wdiscarded-qualifiers]\n       return BIO_s_fd();\n              ^~~~~~~~~~\n    build/temp.linux-x86_64-2.7/_openssl.c: In function ‘_cffi_f_BIO_s_fd’:\n    build/temp.linux-x86_64-2.7/_openssl.c:17413:12: warning: assignment discards ‘const’ qualifier from pointer target type [-Wdiscarded-qualifiers]\n       { result = BIO_s_fd(); }\n                ^\n    build/temp.linux-x86_64-2.7/_openssl.c: In function ‘_cffi_d_BIO_s_file’:\n    build/temp.linux-x86_64-2.7/_openssl.c:17427:10: warning: return discards ‘const’ qualifier from pointer target type [-Wdiscarded-qualifiers]\n       return BIO_s_file();\n              ^~~~~~~~~~~~\n    build/temp.linux-x86_64-2.7/_openssl.c: In function ‘_cffi_f_BIO_s_file’:\n    build/temp.linux-x86_64-2.7/_openssl.c:17437:12: warning: assignment discards ‘const’ qualifier from pointer target type [-Wdiscarded-qualifiers]\n       { result = BIO_s_file(); }\n                ^\n    build/temp.linux-x86_64-2.7/_openssl.c: In function ‘_cffi_d_BIO_s_mem’:\n    build/temp.linux-x86_64-2.7/_openssl.c:17451:10: warning: return discards ‘const’ qualifier from pointer target type [-Wdiscarded-qualifiers]\n       return BIO_s_mem();\n              ^~~~~~~~~~~\n    build/temp.linux-x86_64-2.7/_openssl.c: In function ‘_cffi_f_BIO_s_mem’:\n    build/temp.linux-x86_64-2.7/_openssl.c:17461:12: warning: assignment discards ‘const’ qualifier from pointer target type [-Wdiscarded-qualifiers]\n       { result = BIO_s_mem(); }\n                ^\n    build/temp.linux-x86_64-2.7/_openssl.c: In function ‘_cffi_d_BIO_s_null’:\n    build/temp.linux-x86_64-2.7/_openssl.c:17475:10: warning: return discards ‘const’ qualifier from pointer target type [-Wdiscarded-qualifiers]\n       return BIO_s_null();\n              ^~~~~~~~~~~~\n    build/temp.linux-x86_64-2.7/_openssl.c: In function ‘_cffi_f_BIO_s_null’:\n    build/temp.linux-x86_64-2.7/_openssl.c:17485:12: warning: assignment discards ‘const’ qualifier from pointer target type [-Wdiscarded-qualifiers]\n       { result = BIO_s_null(); }\n                ^\n    build/temp.linux-x86_64-2.7/_openssl.c: In function ‘_cffi_d_BIO_s_socket’:\n    build/temp.linux-x86_64-2.7/_openssl.c:17499:10: warning: return discards ‘const’ qualifier from pointer target type [-Wdiscarded-qualifiers]\n       return BIO_s_socket();\n              ^~~~~~~~~~~~~~\n    build/temp.linux-x86_64-2.7/_openssl.c: In function ‘_cffi_f_BIO_s_socket’:\n    build/temp.linux-x86_64-2.7/_openssl.c:17509:12: warning: assignment discards ‘const’ qualifier from pointer target type [-Wdiscarded-qualifiers]\n       { result = BIO_s_socket(); }\n                ^\n    build/temp.linux-x86_64-2.7/_openssl.c: In function ‘_cffi_d_DTLSv1_client_method’:\n    build/temp.linux-x86_64-2.7/_openssl.c:24149:3: warning: ‘DTLSv1_client_method’ is deprecated [-Wdeprecated-declarations]\n       return DTLSv1_client_method();\n       ^~~~~~\n    In file included from /usr/include/openssl/e_os2.h:13,\n                     from build/temp.linux-x86_64-2.7/_openssl.c:440:\n    /usr/include/openssl/ssl.h:1897:1: note: declared here\n     DEPRECATEDIN_1_1_0(__owur const SSL_METHOD *DTLSv1_client_method(void))\n     ^~~~~~~~~~~~~~~~~~\n    build/temp.linux-x86_64-2.7/_openssl.c: In function ‘_cffi_f_DTLSv1_client_method’:\n    build/temp.linux-x86_64-2.7/_openssl.c:24159:3: warning: ‘DTLSv1_client_method’ is deprecated [-Wdeprecated-declarations]\n       { result = DTLSv1_client_method(); }\n       ^\n    In file included from /usr/include/openssl/e_os2.h:13,\n                     from build/temp.linux-x86_64-2.7/_openssl.c:440:\n    /usr/include/openssl/ssl.h:1897:1: note: declared here\n     DEPRECATEDIN_1_1_0(__owur const SSL_METHOD *DTLSv1_client_method(void))\n     ^~~~~~~~~~~~~~~~~~\n    build/temp.linux-x86_64-2.7/_openssl.c: In function ‘_cffi_d_DTLSv1_method’:\n    build/temp.linux-x86_64-2.7/_openssl.c:24173:3: warning: ‘DTLSv1_method’ is deprecated [-Wdeprecated-declarations]\n       return DTLSv1_method();\n       ^~~~~~\n    In file included from /usr/include/openssl/e_os2.h:13,\n                     from build/temp.linux-x86_64-2.7/_openssl.c:440:\n    /usr/include/openssl/ssl.h:1895:1: note: declared here\n     DEPRECATEDIN_1_1_0(__owur const SSL_METHOD *DTLSv1_method(void)) /* DTLSv1.0 */\n     ^~~~~~~~~~~~~~~~~~\n    build/temp.linux-x86_64-2.7/_openssl.c: In function ‘_cffi_f_DTLSv1_method’:\n    build/temp.linux-x86_64-2.7/_openssl.c:24183:3: warning: ‘DTLSv1_method’ is deprecated [-Wdeprecated-declarations]\n       { result = DTLSv1_method(); }\n       ^\n    In file included from /usr/include/openssl/e_os2.h:13,\n                     from build/temp.linux-x86_64-2.7/_openssl.c:440:\n    /usr/include/openssl/ssl.h:1895:1: note: declared here\n     DEPRECATEDIN_1_1_0(__owur const SSL_METHOD *DTLSv1_method(void)) /* DTLSv1.0 */\n     ^~~~~~~~~~~~~~~~~~\n    build/temp.linux-x86_64-2.7/_openssl.c: In function ‘_cffi_d_DTLSv1_server_method’:\n    build/temp.linux-x86_64-2.7/_openssl.c:24197:3: warning: ‘DTLSv1_server_method’ is deprecated [-Wdeprecated-declarations]\n       return DTLSv1_server_method();\n       ^~~~~~\n    In file included from /usr/include/openssl/e_os2.h:13,\n                     from build/temp.linux-x86_64-2.7/_openssl.c:440:\n    /usr/include/openssl/ssl.h:1896:1: note: declared here\n     DEPRECATEDIN_1_1_0(__owur const SSL_METHOD *DTLSv1_server_method(void))\n     ^~~~~~~~~~~~~~~~~~\n    build/temp.linux-x86_64-2.7/_openssl.c: In function ‘_cffi_f_DTLSv1_server_method’:\n    build/temp.linux-x86_64-2.7/_openssl.c:24207:3: warning: ‘DTLSv1_server_method’ is deprecated [-Wdeprecated-declarations]\n       { result = DTLSv1_server_method(); }\n       ^\n    In file included from /usr/include/openssl/e_os2.h:13,\n                     from build/temp.linux-x86_64-2.7/_openssl.c:440:\n    /usr/include/openssl/ssl.h:1896:1: note: declared here\n     DEPRECATEDIN_1_1_0(__owur const SSL_METHOD *DTLSv1_server_method(void))\n     ^~~~~~~~~~~~~~~~~~\n    build/temp.linux-x86_64-2.7/_openssl.c: In function ‘_cffi_d_OPENSSL_config’:\n    build/temp.linux-x86_64-2.7/_openssl.c:41134:3: warning: ‘OPENSSL_config’ is deprecated [-Wdeprecated-declarations]\n       OPENSSL_config(x0);\n       ^~~~~~~~~~~~~~\n    In file included from /usr/include/openssl/e_os2.h:13,\n                     from build/temp.linux-x86_64-2.7/_openssl.c:440:\n    /usr/include/openssl/conf.h:91:1: note: declared here\n     DEPRECATEDIN_1_1_0(void OPENSSL_config(const char *config_name))\n     ^~~~~~~~~~~~~~~~~~\n    build/temp.linux-x86_64-2.7/_openssl.c: In function ‘_cffi_f_OPENSSL_config’:\n    build/temp.linux-x86_64-2.7/_openssl.c:41156:3: warning: ‘OPENSSL_config’ is deprecated [-Wdeprecated-declarations]\n       { OPENSSL_config(x0); }\n       ^\n    In file included from /usr/include/openssl/e_os2.h:13,\n                     from build/temp.linux-x86_64-2.7/_openssl.c:440:\n    /usr/include/openssl/conf.h:91:1: note: declared here\n     DEPRECATEDIN_1_1_0(void OPENSSL_config(const char *config_name))\n     ^~~~~~~~~~~~~~~~~~\n    build/temp.linux-x86_64-2.7/_openssl.c: In function ‘_cffi_d_TLSv1_1_client_method’:\n    build/temp.linux-x86_64-2.7/_openssl.c:54404:3: warning: ‘TLSv1_1_client_method’ is deprecated [-Wdeprecated-declarations]\n       return TLSv1_1_client_method();\n       ^~~~~~\n    In file included from /usr/include/openssl/e_os2.h:13,\n                     from build/temp.linux-x86_64-2.7/_openssl.c:440:\n    /usr/include/openssl/ssl.h:1885:1: note: declared here\n     DEPRECATEDIN_1_1_0(__owur const SSL_METHOD *TLSv1_1_client_method(void))\n     ^~~~~~~~~~~~~~~~~~\n    build/temp.linux-x86_64-2.7/_openssl.c: In function ‘_cffi_f_TLSv1_1_client_method’:\n    build/temp.linux-x86_64-2.7/_openssl.c:54414:3: warning: ‘TLSv1_1_client_method’ is deprecated [-Wdeprecated-declarations]\n       { result = TLSv1_1_client_method(); }\n       ^\n    In file included from /usr/include/openssl/e_os2.h:13,\n                     from build/temp.linux-x86_64-2.7/_openssl.c:440:\n    /usr/include/openssl/ssl.h:1885:1: note: declared here\n     DEPRECATEDIN_1_1_0(__owur const SSL_METHOD *TLSv1_1_client_method(void))\n     ^~~~~~~~~~~~~~~~~~\n    build/temp.linux-x86_64-2.7/_openssl.c: In function ‘_cffi_d_TLSv1_1_method’:\n    build/temp.linux-x86_64-2.7/_openssl.c:54428:3: warning: ‘TLSv1_1_method’ is deprecated [-Wdeprecated-declarations]\n       return TLSv1_1_method();\n       ^~~~~~\n    In file included from /usr/include/openssl/e_os2.h:13,\n                     from build/temp.linux-x86_64-2.7/_openssl.c:440:\n    /usr/include/openssl/ssl.h:1883:1: note: declared here\n     DEPRECATEDIN_1_1_0(__owur const SSL_METHOD *TLSv1_1_method(void)) /* TLSv1.1 */\n     ^~~~~~~~~~~~~~~~~~\n    build/temp.linux-x86_64-2.7/_openssl.c: In function ‘_cffi_f_TLSv1_1_method’:\n    build/temp.linux-x86_64-2.7/_openssl.c:54438:3: warning: ‘TLSv1_1_method’ is deprecated [-Wdeprecated-declarations]\n       { result = TLSv1_1_method(); }\n       ^\n    In file included from /usr/include/openssl/e_os2.h:13,\n                     from build/temp.linux-x86_64-2.7/_openssl.c:440:\n    /usr/include/openssl/ssl.h:1883:1: note: declared here\n     DEPRECATEDIN_1_1_0(__owur const SSL_METHOD *TLSv1_1_method(void)) /* TLSv1.1 */\n     ^~~~~~~~~~~~~~~~~~\n    build/temp.linux-x86_64-2.7/_openssl.c: In function ‘_cffi_d_TLSv1_1_server_method’:\n    build/temp.linux-x86_64-2.7/_openssl.c:54452:3: warning: ‘TLSv1_1_server_method’ is deprecated [-Wdeprecated-declarations]\n       return TLSv1_1_server_method();\n       ^~~~~~\n    In file included from /usr/include/openssl/e_os2.h:13,\n                     from build/temp.linux-x86_64-2.7/_openssl.c:440:\n    /usr/include/openssl/ssl.h:1884:1: note: declared here\n     DEPRECATEDIN_1_1_0(__owur const SSL_METHOD *TLSv1_1_server_method(void))\n     ^~~~~~~~~~~~~~~~~~\n    build/temp.linux-x86_64-2.7/_openssl.c: In function ‘_cffi_f_TLSv1_1_server_method’:\n    build/temp.linux-x86_64-2.7/_openssl.c:54462:3: warning: ‘TLSv1_1_server_method’ is deprecated [-Wdeprecated-declarations]\n       { result = TLSv1_1_server_method(); }\n       ^\n    In file included from /usr/include/openssl/e_os2.h:13,\n                     from build/temp.linux-x86_64-2.7/_openssl.c:440:\n    /usr/include/openssl/ssl.h:1884:1: note: declared here\n     DEPRECATEDIN_1_1_0(__owur const SSL_METHOD *TLSv1_1_server_method(void))\n     ^~~~~~~~~~~~~~~~~~\n    build/temp.linux-x86_64-2.7/_openssl.c: In function ‘_cffi_d_TLSv1_2_client_method’:\n    build/temp.linux-x86_64-2.7/_openssl.c:54476:3: warning: ‘TLSv1_2_client_method’ is deprecated [-Wdeprecated-declarations]\n       return TLSv1_2_client_method();\n       ^~~~~~\n    In file included from /usr/include/openssl/e_os2.h:13,\n                     from build/temp.linux-x86_64-2.7/_openssl.c:440:\n    /usr/include/openssl/ssl.h:1891:1: note: declared here\n     DEPRECATEDIN_1_1_0(__owur const SSL_METHOD *TLSv1_2_client_method(void))\n     ^~~~~~~~~~~~~~~~~~\n    build/temp.linux-x86_64-2.7/_openssl.c: In function ‘_cffi_f_TLSv1_2_client_method’:\n    build/temp.linux-x86_64-2.7/_openssl.c:54486:3: warning: ‘TLSv1_2_client_method’ is deprecated [-Wdeprecated-declarations]\n       { result = TLSv1_2_client_method(); }\n       ^\n    In file included from /usr/include/openssl/e_os2.h:13,\n                     from build/temp.linux-x86_64-2.7/_openssl.c:440:\n    /usr/include/openssl/ssl.h:1891:1: note: declared here\n     DEPRECATEDIN_1_1_0(__owur const SSL_METHOD *TLSv1_2_client_method(void))\n     ^~~~~~~~~~~~~~~~~~\n    build/temp.linux-x86_64-2.7/_openssl.c: In function ‘_cffi_d_TLSv1_2_method’:\n    build/temp.linux-x86_64-2.7/_openssl.c:54500:3: warning: ‘TLSv1_2_method’ is deprecated [-Wdeprecated-declarations]\n       return TLSv1_2_method();\n       ^~~~~~\n    In file included from /usr/include/openssl/e_os2.h:13,\n                     from build/temp.linux-x86_64-2.7/_openssl.c:440:\n    /usr/include/openssl/ssl.h:1889:1: note: declared here\n     DEPRECATEDIN_1_1_0(__owur const SSL_METHOD *TLSv1_2_method(void)) /* TLSv1.2 */\n     ^~~~~~~~~~~~~~~~~~\n    build/temp.linux-x86_64-2.7/_openssl.c: In function ‘_cffi_f_TLSv1_2_method’:\n    build/temp.linux-x86_64-2.7/_openssl.c:54510:3: warning: ‘TLSv1_2_method’ is deprecated [-Wdeprecated-declarations]\n       { result = TLSv1_2_method(); }\n       ^\n    In file included from /usr/include/openssl/e_os2.h:13,\n                     from build/temp.linux-x86_64-2.7/_openssl.c:440:\n    /usr/include/openssl/ssl.h:1889:1: note: declared here\n     DEPRECATEDIN_1_1_0(__owur const SSL_METHOD *TLSv1_2_method(void)) /* TLSv1.2 */\n     ^~~~~~~~~~~~~~~~~~\n    build/temp.linux-x86_64-2.7/_openssl.c: In function ‘_cffi_d_TLSv1_2_server_method’:\n    build/temp.linux-x86_64-2.7/_openssl.c:54524:3: warning: ‘TLSv1_2_server_method’ is deprecated [-Wdeprecated-declarations]\n       return TLSv1_2_server_method();\n       ^~~~~~\n    In file included from /usr/include/openssl/e_os2.h:13,\n                     from build/temp.linux-x86_64-2.7/_openssl.c:440:\n    /usr/include/openssl/ssl.h:1890:1: note: declared here\n     DEPRECATEDIN_1_1_0(__owur const SSL_METHOD *TLSv1_2_server_method(void))\n     ^~~~~~~~~~~~~~~~~~\n    build/temp.linux-x86_64-2.7/_openssl.c: In function ‘_cffi_f_TLSv1_2_server_method’:\n    build/temp.linux-x86_64-2.7/_openssl.c:54534:3: warning: ‘TLSv1_2_server_method’ is deprecated [-Wdeprecated-declarations]\n       { result = TLSv1_2_server_method(); }\n       ^\n    In file included from /usr/include/openssl/e_os2.h:13,\n                     from build/temp.linux-x86_64-2.7/_openssl.c:440:\n    /usr/include/openssl/ssl.h:1890:1: note: declared here\n     DEPRECATEDIN_1_1_0(__owur const SSL_METHOD *TLSv1_2_server_method(void))\n     ^~~~~~~~~~~~~~~~~~\n    build/temp.linux-x86_64-2.7/_openssl.c: In function ‘_cffi_d_TLSv1_client_method’:\n    build/temp.linux-x86_64-2.7/_openssl.c:54548:3: warning: ‘TLSv1_client_method’ is deprecated [-Wdeprecated-declarations]\n       return TLSv1_client_method();\n       ^~~~~~\n    In file included from /usr/include/openssl/e_os2.h:13,\n                     from build/temp.linux-x86_64-2.7/_openssl.c:440:\n    /usr/include/openssl/ssl.h:1879:1: note: declared here\n     DEPRECATEDIN_1_1_0(__owur const SSL_METHOD *TLSv1_client_method(void))\n     ^~~~~~~~~~~~~~~~~~\n    build/temp.linux-x86_64-2.7/_openssl.c: In function ‘_cffi_f_TLSv1_client_method’:\n    build/temp.linux-x86_64-2.7/_openssl.c:54558:3: warning: ‘TLSv1_client_method’ is deprecated [-Wdeprecated-declarations]\n       { result = TLSv1_client_method(); }\n       ^\n    In file included from /usr/include/openssl/e_os2.h:13,\n                     from build/temp.linux-x86_64-2.7/_openssl.c:440:\n    /usr/include/openssl/ssl.h:1879:1: note: declared here\n     DEPRECATEDIN_1_1_0(__owur const SSL_METHOD *TLSv1_client_method(void))\n     ^~~~~~~~~~~~~~~~~~\n    build/temp.linux-x86_64-2.7/_openssl.c: In function ‘_cffi_d_TLSv1_method’:\n    build/temp.linux-x86_64-2.7/_openssl.c:54572:3: warning: ‘TLSv1_method’ is deprecated [-Wdeprecated-declarations]\n       return TLSv1_method();\n       ^~~~~~\n    In file included from /usr/include/openssl/e_os2.h:13,\n                     from build/temp.linux-x86_64-2.7/_openssl.c:440:\n    /usr/include/openssl/ssl.h:1877:1: note: declared here\n     DEPRECATEDIN_1_1_0(__owur const SSL_METHOD *TLSv1_method(void)) /* TLSv1.0 */\n     ^~~~~~~~~~~~~~~~~~\n    build/temp.linux-x86_64-2.7/_openssl.c: In function ‘_cffi_f_TLSv1_method’:\n    build/temp.linux-x86_64-2.7/_openssl.c:54582:3: warning: ‘TLSv1_method’ is deprecated [-Wdeprecated-declarations]\n       { result = TLSv1_method(); }\n       ^\n    In file included from /usr/include/openssl/e_os2.h:13,\n                     from build/temp.linux-x86_64-2.7/_openssl.c:440:\n    /usr/include/openssl/ssl.h:1877:1: note: declared here\n     DEPRECATEDIN_1_1_0(__owur const SSL_METHOD *TLSv1_method(void)) /* TLSv1.0 */\n     ^~~~~~~~~~~~~~~~~~\n    build/temp.linux-x86_64-2.7/_openssl.c: In function ‘_cffi_d_TLSv1_server_method’:\n    build/temp.linux-x86_64-2.7/_openssl.c:54596:3: warning: ‘TLSv1_server_method’ is deprecated [-Wdeprecated-declarations]\n       return TLSv1_server_method();\n       ^~~~~~\n    In\u001b[0m\u001b[91m file included from /usr/include/openssl/e_os2.h:13,\n                     from build/temp.linux-x86_64-2.7/_openssl.c:440:\n    /usr/include/openssl/ssl.h:1878:1: note: declared here\n     DEPRECATEDIN_1_1_0(__owur const SSL_METHOD *TLSv1_server_method(void))\n     ^~~~~~~~~~~~~~~~~~\n    build/temp.linux-x86_64-2.7/_openssl.c: In function ‘_cffi_f_TLSv1_server_method’:\n    build/temp.linux-x86_64-2.7/_openssl.c:54606:3: warning: ‘TLSv1_server_method’ is deprecated [-Wdeprecated-declarations]\n       { result = TLSv1_server_method(); }\n       ^\n    In file included from /usr/include/openssl/e_os2.h:13,\n                     from build/temp.linux-x86_64-2.7/_openssl.c:440:\n    /usr/include/openssl/ssl.h:1878:1: note: declared here\n     DEPRECATEDIN_1_1_0(__owur const SSL_METHOD *TLSv1_server_method(void))\n     ^~~~~~~~~~~~~~~~~~\n    build/temp.linux-x86_64-2.7/_openssl.c: In function ‘_cffi_d_X509_CRL_get_lastUpdate’:\n    build/temp.linux-x86_64-2.7/_openssl.c:55641:3: warning: ‘X509_CRL_get_lastUpdate’ is deprecated [-Wdeprecated-declarations]\n       return X509_CRL_get_lastUpdate(x0);\n       ^~~~~~\n    In file included from /usr/include/openssl/e_os2.h:13,\n                     from build/temp.linux-x86_64-2.7/_openssl.c:440:\n    /usr/include/openssl/x509.h:727:1: note: declared here\n     DEPRECATEDIN_1_1_0(ASN1_TIME *X509_CRL_get_lastUpdate(X509_CRL *crl))\n     ^~~~~~~~~~~~~~~~~~\n    build/temp.linux-x86_64-2.7/_openssl.c: In function ‘_cffi_f_X509_CRL_get_lastUpdate’:\n    build/temp.linux-x86_64-2.7/_openssl.c:55664:3: warning: ‘X509_CRL_get_lastUpdate’ is deprecated [-Wdeprecated-declarations]\n       { result = X509_CRL_get_lastUpdate(x0); }\n       ^\n    In file included from /usr/include/openssl/e_os2.h:13,\n                     from build/temp.linux-x86_64-2.7/_openssl.c:440:\n    /usr/include/openssl/x509.h:727:1: note: declared here\n     DEPRECATEDIN_1_1_0(ASN1_TIME *X509_CRL_get_lastUpdate(X509_CRL *crl))\n     ^~~~~~~~~~~~~~~~~~\n    build/temp.linux-x86_64-2.7/_openssl.c: In function ‘_cffi_d_X509_CRL_get_nextUpdate’:\n    build/temp.linux-x86_64-2.7/_openssl.c:55677:3: warning: ‘X509_CRL_get_nextUpdate’ is deprecated [-Wdeprecated-declarations]\n       return X509_CRL_get_nextUpdate(x0);\n       ^~~~~~\n    In file included from /usr/include/openssl/e_os2.h:13,\n                     from build/temp.linux-x86_64-2.7/_openssl.c:440:\n    /usr/include/openssl/x509.h:728:1: note: declared here\n     DEPRECATEDIN_1_1_0(ASN1_TIME *X509_CRL_get_nextUpdate(X509_CRL *crl))\n     ^~~~~~~~~~~~~~~~~~\n    build/temp.linux-x86_64-2.7/_openssl.c: In function ‘_cffi_f_X509_CRL_get_nextUpdate’:\n    build/temp.linux-x86_64-2.7/_openssl.c:55700:3: warning: ‘X509_CRL_get_nextUpdate’ is deprecated [-Wdeprecated-declarations]\n       { result = X509_CRL_get_nextUpdate(x0); }\n       ^\n    In file included from /usr/include/openssl/e_os2.h:13,\n                     from build/temp.linux-x86_64-2.7/_openssl.c:440:\n    /usr/include/openssl/x509.h:728:1: note: declared here\n     DEPRECATEDIN_1_1_0(ASN1_TIME *X509_CRL_get_nextUpdate(X509_CRL *crl))\n     ^~~~~~~~~~~~~~~~~~\n    build/temp.linux-x86_64-2.7/_openssl.c: In function ‘_cffi_d_X509_get0_signature’:\n    build/temp.linux-x86_64-2.7/_openssl.c:61353:23: warning: passing argument 1 of ‘X509_get0_signature’ from incompatible pointer type [-Wincompatible-pointer-types]\n       X509_get0_signature(x0, x1, x2);\n                           ^~\n    In file included from /usr/include/openssl/cms.h:16,\n                     from build/temp.linux-x86_64-2.7/_openssl.c:485:\n    /usr/include/openssl/x509.h:571:50: note: expected ‘const ASN1_BIT_STRING **’ {aka ‘const struct asn1_string_st **’} but argument is of type ‘ASN1_OCTET_STRING **’ {aka ‘struct asn1_string_st **’}\n     void X509_get0_signature(const ASN1_BIT_STRING **psig,\n                              ~~~~~~~~~~~~~~~~~~~~~~~~^~~~\n    build/temp.linux-x86_64-2.7/_openssl.c:61353:27: warning: passing argument 2 of ‘X509_get0_signature’ from incompatible pointer type [-Wincompatible-pointer-types]\n       X509_get0_signature(x0, x1, x2);\n                               ^~\n    In file included from /usr/include/openssl/cms.h:16,\n                     from build/temp.linux-x86_64-2.7/_openssl.c:485:\n    /usr/include/openssl/x509.h:572:45: note: expected ‘const X509_ALGOR **’ {aka ‘const struct X509_algor_st **’} but argument is of type ‘X509_ALGOR **’ {aka ‘struct X509_algor_st **’}\n                              const X509_ALGOR **palg, const X509 *x);\n                              ~~~~~~~~~~~~~~~~~~~^~~~\n    build/temp.linux-x86_64-2.7/_openssl.c: In function ‘_cffi_f_X509_get0_signature’:\n    build/temp.linux-x86_64-2.7/_openssl.c:61405:25: warning: passing argument 1 of ‘X509_get0_signature’ from incompatible pointer type [-Wincompatible-pointer-types]\n       { X509_get0_signature(x0, x1, x2); }\n                             ^~\n    In file included from /usr/include/openssl/cms.h:16,\n                     from build/temp.linux-x86_64-2.7/_openssl.c:485:\n    /usr/include/openssl/x509.h:571:50: note: expected ‘const ASN1_BIT_STRING **’ {aka ‘const struct asn1_string_st **’} but argument is of type ‘ASN1_OCTET_STRING **’ {aka ‘struct asn1_string_st **’}\n     void X509_get0_signature(const ASN1_BIT_STRING **psig,\n                              ~~~~~~~~~~~~~~~~~~~~~~~~^~~~\n    build/temp.linux-x86_64-2.7/_openssl.c:61405:29: warning: passing argument 2 of ‘X509_get0_signature’ from incompatible pointer type [-Wincompatible-pointer-types]\n       { X509_get0_signature(x0, x1, x2); }\n                                 ^~\n    In file included from /usr/include/openssl/cms.h:16,\n                     from build/temp.linux-x86_64-2.7/_openssl.c:485:\n    /usr/include/openssl/x509.h:572:45: note: expected ‘const X509_ALGOR **’ {aka ‘const struct X509_algor_st **’} but argument is of type ‘X509_ALGOR **’ {aka ‘struct X509_algor_st **’}\n                              const X509_ALGOR **palg, const X509 *x);\n                              ~~~~~~~~~~~~~~~~~~~^~~~\n    At top level:\n    build/temp.linux-x86_64-2.7/_openssl.c:3492:13: warning: ‘_ssl_thread_locking_function’ defined but not used [-Wunused-function]\n     static void _ssl_thread_locking_function(int mode, int n, const char *file,\n                 ^~~~~~~~~~~~~~~~~~~~~~~~~~~~\n    error: command 'gcc' failed with exit status 1\n    ----------------------------------------\n\u001b[0m\u001b[91mERROR: Command errored out with exit status 1: /usr/local/bin/python -u -c 'import sys, setuptools, tokenize; sys.argv[0] = '\"'\"'/tmp/pip-install-b7Iy5k/cryptography/setup.py'\"'\"'; __file__='\"'\"'/tmp/pip-install-b7Iy5k/cryptography/setup.py'\"'\"';f=getattr(tokenize, '\"'\"'open'\"'\"', open)(__file__);code=f.read().replace('\"'\"'\\r\\n'\"'\"', '\"'\"'\\n'\"'\"');f.close();exec(compile(code, __file__, '\"'\"'exec'\"'\"'))' install --record /tmp/pip-record-Yu9ofX/install-record.txt --single-version-externally-managed --compile --install-headers /usr/local/include/python2.7/cryptography Check the logs for full command output.\n\u001b[0m\u001b[91mWARNING: You are using pip version 20.0.2; however, version 20.3.4 is available.\nYou should consider upgrading via the '/usr/local/bin/python -m pip install --upgrade pip' command.\n\u001b[0mRemoving intermediate container 5c72e1930b8a\n","stderr":"The command '/bin/sh -c pip install --no-cache-dir . -r requirements/production.txt' returned a non-zero code: 1\n"},"endTime":1672556464223}