{"repository":"https://github.com/quran/audio.quran.com","dockerfilePath":"Dockerfile","startTime":1672351795686,"clone":{"stdout":"","stderr":"Cloning into '/tmp/dinghy-analysis/quran/audio.quran.com'...\n","error":null,"commit":"97f7980c02e6809c3c460053dbcafe3daf712f0a"},"originalBuild":{"startTimestamp":1672351802750,"endTimestamp":1672352155770,"error":{"code":2,"killed":false,"signal":null,"cmd":"docker build --no-cache --force-rm -t audio.quran.com:latest -f /tmp/dinghy-analysis/quran/audio.quran.com/Dockerfile ."},"stdout":"Sending build context to Docker daemon  249.5MB\r\r\nStep 1/22 : FROM node:10.13.0\n10.13.0: Pulling from library/node\n54f7e8ac135a: Pulling fs layer\nd6341e30912f: Pulling fs layer\n087a57faf949: Pulling fs layer\n5d71636fb824: Pulling fs layer\n0c1db9598990: Pulling fs layer\n89669bc2deb2: Pulling fs layer\n983ea4fdf0c2: Pulling fs layer\n1a3dc26a871c: Pulling fs layer\ne75626001634: Pulling fs layer\n983ea4fdf0c2: Waiting\n5d71636fb824: Waiting\n1a3dc26a871c: Waiting\ne75626001634: Waiting\n0c1db9598990: Waiting\n89669bc2deb2: Waiting\n087a57faf949: Verifying Checksum\n087a57faf949: Download complete\nd6341e30912f: Verifying Checksum\nd6341e30912f: Download complete\n54f7e8ac135a: Verifying Checksum\n54f7e8ac135a: Download complete\n89669bc2deb2: Download complete\n5d71636fb824: Verifying Checksum\n5d71636fb824: Download complete\n983ea4fdf0c2: Download complete\n1a3dc26a871c: Verifying Checksum\n1a3dc26a871c: Download complete\ne75626001634: Verifying Checksum\ne75626001634: Download complete\n54f7e8ac135a: Pull complete\n0c1db9598990: Verifying Checksum\n0c1db9598990: Download complete\nd6341e30912f: Pull complete\n087a57faf949: Pull complete\n5d71636fb824: Pull complete\n0c1db9598990: Pull complete\n89669bc2deb2: Pull complete\n983ea4fdf0c2: Pull complete\n1a3dc26a871c: Pull complete\ne75626001634: Pull complete\nDigest: sha256:dc724f69561cc8e1437bda5ca0f1c88541ae1794dbd5a392abacf1166c4b0393\nStatus: Downloaded newer image for node:10.13.0\n ---> f09e7c96b6de\nStep 2/22 : ENV API_URL http://localhost:8080\n ---> Running in 6d68d56cd4bf\nRemoving intermediate container 6d68d56cd4bf\n ---> 9ff29cbce118\nStep 3/22 : ENV USE_LOCAL_ASSETS true\n ---> Running in 6760e98a8999\nRemoving intermediate container 6760e98a8999\n ---> fc4e7cbec1eb\nStep 4/22 : ENV NODE_ENV production\n ---> Running in c69cb5a11d53\nRemoving intermediate container c69cb5a11d53\n ---> e420c8670e58\nStep 5/22 : ENV PORT 8000\n ---> Running in 99df8df1c22e\nRemoving intermediate container 99df8df1c22e\n ---> 011c577823c9\nStep 6/22 : ENV APIPORT 3000\n ---> Running in c286f786f492\nRemoving intermediate container c286f786f492\n ---> 34e6e971c634\nStep 7/22 : RUN apt-get -y update && apt-get -y install supervisor ssh rsync\n ---> Running in aefdeaae5737\nGet:1 http://security.debian.org/debian-security stretch/updates InRelease [59.1 kB]\nIgn:2 http://deb.debian.org/debian stretch InRelease\nGet:3 http://deb.debian.org/debian stretch-updates InRelease [93.6 kB]\nGet:4 http://deb.debian.org/debian stretch Release [118 kB]\nGet:5 http://deb.debian.org/debian stretch Release.gpg [3177 B]\nGet:6 http://security.debian.org/debian-security stretch/updates/main amd64 Packages [782 kB]\nGet:7 http://deb.debian.org/debian stretch/main amd64 Packages [7080 kB]\nFetched 8135 kB in 1s (5333 kB/s)\nReading package lists...\nReading package lists...\nBuilding dependency tree...\nReading state information...\nThe following additional packages will be installed:\n  cgmanager dbus dmsetup libapparmor1 libcgmanager0 libcryptsetup4 libdbus-1-3\n  libdevmapper1.02.1 libip4tc0 libkmod2 libnih-dbus1 libnih1 libpam-systemd\n  libpopt0 libseccomp2 libsystemd0 libwrap0 libxmuu1 ncurses-term\n  openssh-client openssh-server openssh-sftp-server python-meld3\n  python-pkg-resources systemd systemd-shim tcpd xauth\nSuggested packages:\n  default-dbus-session-bus | dbus-session-bus keychain libpam-ssh monkeysphere\n  ssh-askpass molly-guard rssh ufw python-setuptools supervisor-doc systemd-ui\n  systemd-container policykit-1 pm-utils\nThe following NEW packages will be installed:\n  cgmanager dbus dmsetup libapparmor1 libcgmanager0 libcryptsetup4\n  libdevmapper1.02.1 libip4tc0 libkmod2 libnih-dbus1 libnih1 libpam-systemd\n  libpopt0 libseccomp2 libwrap0 libxmuu1 ncurses-term openssh-server\n  openssh-sftp-server python-meld3 python-pkg-resources rsync ssh supervisor\n  systemd systemd-shim tcpd xauth\nThe following packages will be upgraded:\n  libdbus-1-3 libsystemd0 openssh-client\n3 upgraded, 28 newly installed, 0 to remove and 173 not upgraded.\nNeed to get 7221 kB of archives.\nAfter this operation, 21.7 MB of additional disk space will be used.\nGet:1 http://security.debian.org/debian-security stretch/updates/main amd64 libsystemd0 amd64 232-25+deb9u14 [282 kB]\nGet:2 http://deb.debian.org/debian stretch/main amd64 libapparmor1 amd64 2.11.0-3+deb9u2 [78.9 kB]\nGet:3 http://security.debian.org/debian-security stretch/updates/main amd64 systemd amd64 232-25+deb9u14 [2471 kB]\nGet:4 http://deb.debian.org/debian stretch/main amd64 dmsetup amd64 2:1.02.137-2 [107 kB]\nGet:5 http://deb.debian.org/debian stretch/main amd64 libdevmapper1.02.1 amd64 2:1.02.137-2 [170 kB]\nGet:6 http://deb.debian.org/debian stretch/main amd64 libcryptsetup4 amd64 2:1.7.3-4 [109 kB]\nGet:7 http://deb.debian.org/debian stretch/main amd64 libip4tc0 amd64 1.6.0+snapshot20161117-6 [67.8 kB]\nGet:8 http://deb.debian.org/debian stretch/main amd64 libkmod2 amd64 23-2 [48.1 kB]\nGet:9 http://security.debian.org/debian-security stretch/updates/main amd64 libpam-systemd amd64 232-25+deb9u14 [189 kB]\nGet:10 http://deb.debian.org/debian stretch/main amd64 libseccomp2 amd64 2.3.1-2.1+deb9u1 [40.7 kB]\nGet:11 http://deb.debian.org/debian stretch/main amd64 openssh-client amd64 1:7.4p1-10+deb9u7 [780 kB]\nGet:12 http://security.debian.org/debian-security stretch/updates/main amd64 rsync amd64 3.1.2-1+deb9u3 [393 kB]\nGet:13 http://deb.debian.org/debian stretch/main amd64 openssh-sftp-server amd64 1:7.4p1-10+deb9u7 [39.5 kB]\nGet:14 http://deb.debian.org/debian stretch/main amd64 libwrap0 amd64 7.6.q-26 [58.2 kB]\nGet:15 http://deb.debian.org/debian stretch/main amd64 openssh-server amd64 1:7.4p1-10+deb9u7 [332 kB]\nGet:16 http://deb.debian.org/debian stretch/main amd64 ssh all 1:7.4p1-10+deb9u7 [189 kB]\nGet:17 http://deb.debian.org/debian stretch/main amd64 libpopt0 amd64 1.16-10+b2 [49.4 kB]\nGet:18 http://deb.debian.org/debian stretch/main amd64 libdbus-1-3 amd64 1.10.32-0+deb9u1 [196 kB]\nGet:19 http://deb.debian.org/debian stretch/main amd64 dbus amd64 1.10.32-0+deb9u1 [213 kB]\nGet:20 http://deb.debian.org/debian stretch/main amd64 ncurses-term all 6.0+20161126-1+deb9u2 [469 kB]\nGet:21 http://deb.debian.org/debian stretch/main amd64 libnih1 amd64 1.0.3-8 [125 kB]\nGet:22 http://deb.debian.org/debian stretch/main amd64 libnih-dbus1 amd64 1.0.3-8 [96.8 kB]\nGet:23 http://deb.debian.org/debian stretch/main amd64 libcgmanager0 amd64 0.41-2 [41.1 kB]\nGet:24 http://deb.debian.org/debian stretch/main amd64 cgmanager amd64 0.41-2 [84.0 kB]\nGet:25 http://deb.debian.org/debian stretch/main amd64 systemd-shim amd64 10-3 [20.0 kB]\nGet:26 http://deb.debian.org/debian stretch/main amd64 libxmuu1 amd64 2:1.1.2-2 [23.5 kB]\nGet:27 http://deb.debian.org/debian stretch/main amd64 python-pkg-resources all 33.1.1-1 [166 kB]\nGet:28 http://deb.debian.org/debian stretch/main amd64 tcpd amd64 7.6.q-26 [23.3 kB]\nGet:29 http://deb.debian.org/debian stretch/main amd64 xauth amd64 1:1.0.9-1+b2 [39.6 kB]\nGet:30 http://deb.debian.org/debian stretch/main amd64 python-meld3 all 1.0.2-2 [37.3 kB]\nGet:31 http://deb.debian.org/debian stretch/main amd64 supervisor all 3.3.1-1+deb9u1 [280 kB]\n\u001b[91mdebconf: delaying package configuration, since apt-utils is not installed\n\u001b[0mFetched 7221 kB in 0s (16.0 MB/s)\n(Reading database ... \r(Reading database ... 5%\r(Reading database ... 10%\r(Reading database ... 15%\r(Reading database ... 20%\r(Reading database ... 25%\r(Reading database ... 30%\r(Reading database ... 35%\r(Reading database ... 40%\r(Reading database ... 45%\r(Reading database ... 50%\r(Reading database ... 55%\r(Reading database ... 60%\r(Reading database ... 65%\r(Reading database ... 70%\r(Reading database ... 75%\r(Reading database ... 80%\r(Reading database ... 85%\r(Reading database ... 90%\r(Reading database ... 95%\r(Reading database ... 100%\r(Reading database ... 29648 files and directories currently installed.)\r\nPreparing to unpack .../libsystemd0_232-25+deb9u14_amd64.deb ...\r\nUnpacking libsystemd0:amd64 (232-25+deb9u14) over (232-25+deb9u6) ...\r\nSetting up libsystemd0:amd64 (232-25+deb9u14) ...\r\nSelecting previously unselected package libapparmor1:amd64.\r\n(Reading database ... \r(Reading database ... 5%\r(Reading database ... 10%\r(Reading database ... 15%\r(Reading database ... 20%\r(Reading database ... 25%\r(Reading database ... 30%\r(Reading database ... 35%\r(Reading database ... 40%\r(Reading database ... 45%\r(Reading database ... 50%\r(Reading database ... 55%\r(Reading database ... 60%\r(Reading database ... 65%\r(Reading database ... 70%\r(Reading database ... 75%\r(Reading database ... 80%\r(Reading database ... 85%\r(Reading database ... 90%\r(Reading database ... 95%\r(Reading database ... 100%\r(Reading database ... 29648 files and directories currently installed.)\r\nPreparing to unpack .../00-libapparmor1_2.11.0-3+deb9u2_amd64.deb ...\r\nUnpacking libapparmor1:amd64 (2.11.0-3+deb9u2) ...\r\nSelecting previously unselected package dmsetup.\r\nPreparing to unpack .../01-dmsetup_2%3a1.02.137-2_amd64.deb ...\r\nUnpacking dmsetup (2:1.02.137-2) ...\r\nSelecting previously unselected package libdevmapper1.02.1:amd64.\r\nPreparing to unpack .../02-libdevmapper1.02.1_2%3a1.02.137-2_amd64.deb ...\r\nUnpacking libdevmapper1.02.1:amd64 (2:1.02.137-2) ...\r\nSelecting previously unselected package libcryptsetup4:amd64.\r\nPreparing to unpack .../03-libcryptsetup4_2%3a1.7.3-4_amd64.deb ...\r\nUnpacking libcryptsetup4:amd64 (2:1.7.3-4) ...\r\nSelecting previously unselected package libip4tc0:amd64.\r\nPreparing to unpack .../04-libip4tc0_1.6.0+snapshot20161117-6_amd64.deb ...\r\nUnpacking libip4tc0:amd64 (1.6.0+snapshot20161117-6) ...\r\nSelecting previously unselected package libkmod2:amd64.\r\nPreparing to unpack .../05-libkmod2_23-2_amd64.deb ...\r\nUnpacking libkmod2:amd64 (23-2) ...\r\nSelecting previously unselected package libseccomp2:amd64.\r\nPreparing to unpack .../06-libseccomp2_2.3.1-2.1+deb9u1_amd64.deb ...\r\nUnpacking libseccomp2:amd64 (2.3.1-2.1+deb9u1) ...\r\nSelecting previously unselected package systemd.\r\nPreparing to unpack .../07-systemd_232-25+deb9u14_amd64.deb ...\r\nUnpacking systemd (232-25+deb9u14) ...\r\nPreparing to unpack .../08-openssh-client_1%3a7.4p1-10+deb9u7_amd64.deb ...\r\nUnpacking openssh-client (1:7.4p1-10+deb9u7) over (1:7.4p1-10+deb9u4) ...\r\nSelecting previously unselected package openssh-sftp-server.\r\nPreparing to unpack .../09-openssh-sftp-server_1%3a7.4p1-10+deb9u7_amd64.deb ...\r\nUnpacking openssh-sftp-server (1:7.4p1-10+deb9u7) ...\r\nSelecting previously unselected package libwrap0:amd64.\r\nPreparing to unpack .../10-libwrap0_7.6.q-26_amd64.deb ...\r\nUnpacking libwrap0:amd64 (7.6.q-26) ...\r\nSelecting previously unselected package openssh-server.\r\nPreparing to unpack .../11-openssh-server_1%3a7.4p1-10+deb9u7_amd64.deb ...\r\nUnpacking openssh-server (1:7.4p1-10+deb9u7) ...\r\nSelecting previously unselected package ssh.\r\nPreparing to unpack .../12-ssh_1%3a7.4p1-10+deb9u7_all.deb ...\r\nUnpacking ssh (1:7.4p1-10+deb9u7) ...\r\nSelecting previously unselected package libpopt0:amd64.\r\nPreparing to unpack .../13-libpopt0_1.16-10+b2_amd64.deb ...\r\nUnpacking libpopt0:amd64 (1.16-10+b2) ...\r\nPreparing to unpack .../14-libdbus-1-3_1.10.32-0+deb9u1_amd64.deb ...\r\nUnpacking libdbus-1-3:amd64 (1.10.32-0+deb9u1) over (1.10.26-0+deb9u1) ...\r\nSelecting previously unselected package dbus.\r\nPreparing to unpack .../15-dbus_1.10.32-0+deb9u1_amd64.deb ...\r\nUnpacking dbus (1.10.32-0+deb9u1) ...\r\nSelecting previously unselected package ncurses-term.\r\nPreparing to unpack .../16-ncurses-term_6.0+20161126-1+deb9u2_all.deb ...\r\nUnpacking ncurses-term (6.0+20161126-1+deb9u2) ...\r\nSelecting previously unselected package libnih1.\r\nPreparing to unpack .../17-libnih1_1.0.3-8_amd64.deb ...\r\nUnpacking libnih1 (1.0.3-8) ...\r\nSelecting previously unselected package libnih-dbus1.\r\nPreparing to unpack .../18-libnih-dbus1_1.0.3-8_amd64.deb ...\r\nUnpacking libnih-dbus1 (1.0.3-8) ...\r\nSelecting previously unselected package libcgmanager0:amd64.\r\nPreparing to unpack .../19-libcgmanager0_0.41-2_amd64.deb ...\r\nUnpacking libcgmanager0:amd64 (0.41-2) ...\r\nSelecting previously unselected package cgmanager.\r\nPreparing to unpack .../20-cgmanager_0.41-2_amd64.deb ...\r\nUnpacking cgmanager (0.41-2) ...\r\nSelecting previously unselected package systemd-shim.\r\nPreparing to unpack .../21-systemd-shim_10-3_amd64.deb ...\r\nAdding 'diversion of /usr/share/dbus-1/system-services/org.freedesktop.systemd1.service to /usr/share/dbus-1/system-services/org.freedesktop.systemd1.service.systemd by systemd-shim'\r\nUnpacking systemd-shim (10-3) ...\r\nSelecting previously unselected package libpam-systemd:amd64.\r\nPreparing to unpack .../22-libpam-systemd_232-25+deb9u14_amd64.deb ...\r\nUnpacking libpam-systemd:amd64 (232-25+deb9u14) ...\r\nSelecting previously unselected package libxmuu1:amd64.\r\nPreparing to unpack .../23-libxmuu1_2%3a1.1.2-2_amd64.deb ...\r\nUnpacking libxmuu1:amd64 (2:1.1.2-2) ...\r\nSelecting previously unselected package python-pkg-resources.\r\nPreparing to unpack .../24-python-pkg-resources_33.1.1-1_all.deb ...\r\nUnpacking python-pkg-resources (33.1.1-1) ...\r\nSelecting previously unselected package rsync.\r\nPreparing to unpack .../25-rsync_3.1.2-1+deb9u3_amd64.deb ...\r\nUnpacking rsync (3.1.2-1+deb9u3) ...\r\nSelecting previously unselected package tcpd.\r\nPreparing to unpack .../26-tcpd_7.6.q-26_amd64.deb ...\r\nUnpacking tcpd (7.6.q-26) ...\r\nSelecting previously unselected package xauth.\r\nPreparing to unpack .../27-xauth_1%3a1.0.9-1+b2_amd64.deb ...\r\nUnpacking xauth (1:1.0.9-1+b2) ...\r\nSelecting previously unselected package python-meld3.\r\nPreparing to unpack .../28-python-meld3_1.0.2-2_all.deb ...\r\nUnpacking python-meld3 (1.0.2-2) ...\r\nSelecting previously unselected package supervisor.\r\nPreparing to unpack .../29-supervisor_3.3.1-1+deb9u1_all.deb ...\r\nUnpacking supervisor (3.3.1-1+deb9u1) ...\r\nSetting up ncurses-term (6.0+20161126-1+deb9u2) ...\r\nSetting up libpopt0:amd64 (1.16-10+b2) ...\r\nSetting up libip4tc0:amd64 (1.6.0+snapshot20161117-6) ...\r\nSetting up python-meld3 (1.0.2-2) ...\r\nSetting up python-pkg-resources (33.1.1-1) ...\r\nSetting up libkmod2:amd64 (23-2) ...\r\nSetting up libxmuu1:amd64 (2:1.1.2-2) ...\r\nSetting up rsync (3.1.2-1+deb9u3) ...\r\ninvoke-rc.d: could not determine current runlevel\r\ninvoke-rc.d: policy-rc.d denied execution of restart.\r\nCreated symlink /etc/systemd/system/multi-user.target.wants/rsync.service â†’ /lib/systemd/system/rsync.service.\r\nSetting up supervisor (3.3.1-1+deb9u1) ...\r\nCreated symlink /etc/systemd/system/multi-user.target.wants/supervisor.service â†’ /lib/systemd/system/supervisor.service.\r\ninvoke-rc.d: could not determine current runlevel\r\ninvoke-rc.d: policy-rc.d denied execution of start.\r\nSetting up xauth (1:1.0.9-1+b2) ...\r\nProcessing triggers for libc-bin (2.24-11+deb9u3) ...\r\nSetting up libseccomp2:amd64 (2.3.1-2.1+deb9u1) ...\r\nSetting up libapparmor1:amd64 (2.11.0-3+deb9u2) ...\r\nSetting up openssh-client (1:7.4p1-10+deb9u7) ...\r\nSetting up libnih1 (1.0.3-8) ...\r\nSetting up libdbus-1-3:amd64 (1.10.32-0+deb9u1) ...\r\nSetting up libnih-dbus1 (1.0.3-8) ...\r\nSetting up libwrap0:amd64 (7.6.q-26) ...\r\nSetting up libcgmanager0:amd64 (0.41-2) ...\r\nSetting up tcpd (7.6.q-26) ...\r\nSetting up cgmanager (0.41-2) ...\r\nCreated symlink /etc/systemd/system/multi-user.target.wants/cgmanager.service â†’ /lib/systemd/system/cgmanager.service.\r\nCreated symlink /etc/systemd/system/multi-user.target.wants/cgproxy.service â†’ /lib/systemd/system/cgproxy.service.\r\ninvoke-rc.d: could not determine current runlevel\r\ninvoke-rc.d: policy-rc.d denied execution of start.\r\ninvoke-rc.d: could not determine current runlevel\r\ninvoke-rc.d: policy-rc.d denied execution of start.\r\nSetting up openssh-sftp-server (1:7.4p1-10+deb9u7) ...\r\nSetting up dbus (1.10.32-0+deb9u1) ...\r\ninvoke-rc.d: could not determine current runlevel\r\ninvoke-rc.d: policy-rc.d denied execution of start.\r\nSetting up systemd-shim (10-3) ...\r\nSetting up openssh-server (1:7.4p1-10+deb9u7) ...\r\ndebconf: unable to initialize frontend: Dialog\r\ndebconf: (TERM is not set, so the dialog frontend is not usable.)\r\ndebconf: falling back to frontend: Readline\r\n\r\nCreating config file /etc/ssh/sshd_config with new version\r\nCreating SSH2 RSA key; this may take some time ...\r\n2048 SHA256:Vr5gBcbCgadTYPxtbVFqJ88Hms1H6ZpnyE8EjMff8Xc root@aefdeaae5737 (RSA)\r\nCreating SSH2 ECDSA key; this may take some time ...\r\n256 SHA256:gjbhcGLP1XcDMYVgGKq8sQRQlSMpkZht81iaDkorKA4 root@aefdeaae5737 (ECDSA)\r\nCreating SSH2 ED25519 key; this may take some time ...\r\n256 SHA256:wwxNhDTZ/tgrpCZwBatffS7eZPDKmMC5ssMupfN2MfQ root@aefdeaae5737 (ED25519)\r\nCreated symlink /etc/systemd/system/sshd.service â†’ /lib/systemd/system/ssh.service.\r\nCreated symlink /etc/systemd/system/multi-user.target.wants/ssh.service â†’ /lib/systemd/system/ssh.service.\r\ninvoke-rc.d: could not determine current runlevel\r\ninvoke-rc.d: policy-rc.d denied execution of start.\r\nSetting up ssh (1:7.4p1-10+deb9u7) ...\r\nSetting up libdevmapper1.02.1:amd64 (2:1.02.137-2) ...\r\nSetting up dmsetup (2:1.02.137-2) ...\r\nSetting up libcryptsetup4:amd64 (2:1.7.3-4) ...\r\nSetting up systemd (232-25+deb9u14) ...\r\nCreated symlink /etc/systemd/system/getty.target.wants/getty@tty1.service â†’ /lib/systemd/system/getty@.service.\r\nCreated symlink /etc/systemd/system/multi-user.target.wants/remote-fs.target â†’ /lib/systemd/system/remote-fs.target.\r\nCreated symlink /etc/systemd/system/sysinit.target.wants/systemd-timesyncd.service â†’ /lib/systemd/system/systemd-timesyncd.service.\r\nAdding group `systemd-journal' (GID 103) ...\r\nDone.\r\nSetting up libpam-systemd:amd64 (232-25+deb9u14) ...\r\ndebconf: unable to initialize frontend: Dialog\r\ndebconf: (TERM is not set, so the dialog frontend is not usable.)\r\ndebconf: falling back to frontend: Readline\r\nProcessing triggers for libc-bin (2.24-11+deb9u3) ...\r\nProcessing triggers for dbus (1.10.32-0+deb9u1) ...\r\nRemoving intermediate container aefdeaae5737\n ---> 257ffc63c7e4\nStep 8/22 : RUN apt-get -y install logrotate\n ---> Running in e42dc832857a\nReading package lists...\nBuilding dependency tree...\nReading state information...\nThe following additional packages will be installed:\n  cron exim4 exim4-base exim4-config exim4-daemon-light guile-2.0-libs\n  libfribidi0 libgc1c2 libgsasl7 libkyotocabinet16v5 libmailutils5 libntlm0\n  libpython2.7 libpython2.7-minimal libpython2.7-stdlib mailutils\n  mailutils-common psmisc python2.7 python2.7-minimal\nSuggested packages:\n  anacron checksecurity eximon4 exim4-doc-html | exim4-doc-info spf-tools-perl\n  swaks mailutils-mh mailutils-doc python2.7-doc binfmt-support\nThe following NEW packages will be installed:\n  cron exim4 exim4-base exim4-config exim4-daemon-light guile-2.0-libs\n  libfribidi0 libgc1c2 libgsasl7 libkyotocabinet16v5 libmailutils5 libntlm0\n  libpython2.7 logrotate mailutils mailutils-common psmisc\nThe following packages will be upgraded:\n  libpython2.7-minimal libpython2.7-stdlib python2.7 python2.7-minimal\n4 upgraded, 17 newly installed, 0 to remove and 169 not upgraded.\nNeed to get 12.4 MB of archives.\nAfter this operation, 27.4 MB of additional disk space will be used.\nGet:1 http://security.debian.org/debian-security stretch/updates/main amd64 cron amd64 3.0pl1-128+deb9u2 [96.6 kB]\nGet:2 http://deb.debian.org/debian stretch/main amd64 logrotate amd64 3.11.0-0.1 [58.7 kB]\nGet:3 http://deb.debian.org/debian stretch/main amd64 guile-2.0-libs amd64 2.0.13+1-4 [2232 kB]\nGet:4 http://security.debian.org/debian-security stretch/updates/main amd64 python2.7 amd64 2.7.13-2+deb9u6 [286 kB]\nGet:5 http://security.debian.org/debian-security stretch/updates/main amd64 libpython2.7-stdlib amd64 2.7.13-2+deb9u6 [1898 kB]\nGet:6 http://deb.debian.org/debian stretch/main amd64 libgsasl7 amd64 1.8.0-8+b2 [207 kB]\nGet:7 http://security.debian.org/debian-security stretch/updates/main amd64 python2.7-minimal amd64 2.7.13-2+deb9u6 [1382 kB]\nGet:8 http://deb.debian.org/debian stretch/main amd64 libkyotocabinet16v5 amd64 1.2.76-4.2+b1 [298 kB]\nGet:9 http://deb.debian.org/debian stretch/main amd64 mailutils-common all 1:3.1.1-1 [642 kB]\nGet:10 http://security.debian.org/debian-security stretch/updates/main amd64 libpython2.7-minimal amd64 2.7.13-2+deb9u6 [390 kB]\nGet:11 http://deb.debian.org/debian stretch/main amd64 libmailutils5 amd64 1:3.1.1-1 [817 kB]\nGet:12 http://security.debian.org/debian-security stretch/updates/main amd64 exim4-config all 4.89-2+deb9u8 [377 kB]\nGet:13 http://deb.debian.org/debian stretch/main amd64 mailutils amd64 1:3.1.1-1 [573 kB]\nGet:14 http://security.debian.org/debian-security stretch/updates/main amd64 exim4-base amd64 4.89-2+deb9u8 [1094 kB]\nGet:15 http://deb.debian.org/debian stretch/main amd64 psmisc amd64 22.21-2.1+b2 [123 kB]\nGet:16 http://security.debian.org/debian-security stretch/updates/main amd64 exim4-daemon-light amd64 4.89-2+deb9u8 [546 kB]\nGet:17 http://security.debian.org/debian-security stretch/updates/main amd64 exim4 all 4.89-2+deb9u8 [7868 B]\nGet:18 http://security.debian.org/debian-security stretch/updates/main amd64 libgc1c2 amd64 1:7.4.2-8+deb9u1 [209 kB]\nGet:19 http://security.debian.org/debian-security stretch/updates/main amd64 libfribidi0 amd64 0.19.7-1+deb9u2 [45.7 kB]\nGet:20 http://security.debian.org/debian-security stretch/updates/main amd64 libntlm0 amd64 1.4-8+deb9u1 [21.6 kB]\nGet:21 http://security.debian.org/debian-security stretch/updates/main amd64 libpython2.7 amd64 2.7.13-2+deb9u6 [1072 kB]\n\u001b[91mdebconf: delaying package configuration, since apt-utils is not installed\n\u001b[0mFetched 12.4 MB in 1s (11.3 MB/s)\nSelecting previously unselected package cron.\r\n(Reading database ... \r(Reading database ... 5%\r(Reading database ... 10%\r(Reading database ... 15%\r(Reading database ... 20%\r(Reading database ... 25%\r(Reading database ... 30%\r(Reading database ... 35%\r(Reading database ... 40%\r(Reading database ... 45%\r(Reading database ... 50%\r(Reading database ... 55%\r(Reading database ... 60%\r(Reading database ... 65%\r(Reading database ... 70%\r(Reading database ... 75%\r(Reading database ... 80%\r(Reading database ... 85%\r(Reading database ... 90%\r(Reading database ... 95%\r(Reading database ... 100%\r(Reading database ... 33521 files and directories currently installed.)\r\nPreparing to unpack .../00-cron_3.0pl1-128+deb9u2_amd64.deb ...\r\nUnpacking cron (3.0pl1-128+deb9u2) ...\r\nPreparing to unpack .../01-python2.7_2.7.13-2+deb9u6_amd64.deb ...\r\nUnpacking python2.7 (2.7.13-2+deb9u6) over (2.7.13-2+deb9u3) ...\r\nPreparing to unpack .../02-libpython2.7-stdlib_2.7.13-2+deb9u6_amd64.deb ...\r\nUnpacking libpython2.7-stdlib:amd64 (2.7.13-2+deb9u6) over (2.7.13-2+deb9u3) ...\r\nPreparing to unpack .../03-python2.7-minimal_2.7.13-2+deb9u6_amd64.deb ...\r\nUnpacking python2.7-minimal (2.7.13-2+deb9u6) over (2.7.13-2+deb9u3) ...\r\nPreparing to unpack .../04-libpython2.7-minimal_2.7.13-2+deb9u6_amd64.deb ...\r\nUnpacking libpython2.7-minimal:amd64 (2.7.13-2+deb9u6) over (2.7.13-2+deb9u3) ...\r\nSelecting previously unselected package logrotate.\r\nPreparing to unpack .../05-logrotate_3.11.0-0.1_amd64.deb ...\r\nUnpacking logrotate (3.11.0-0.1) ...\r\nSelecting previously unselected package exim4-config.\r\nPreparing to unpack .../06-exim4-config_4.89-2+deb9u8_all.deb ...\r\nUnpacking exim4-config (4.89-2+deb9u8) ...\r\nSelecting previously unselected package exim4-base.\r\nPreparing to unpack .../07-exim4-base_4.89-2+deb9u8_amd64.deb ...\r\nUnpacking exim4-base (4.89-2+deb9u8) ...\r\nSelecting previously unselected package exim4-daemon-light.\r\nPreparing to unpack .../08-exim4-daemon-light_4.89-2+deb9u8_amd64.deb ...\r\nUnpacking exim4-daemon-light (4.89-2+deb9u8) ...\r\nSelecting previously unselected package exim4.\r\nPreparing to unpack .../09-exim4_4.89-2+deb9u8_all.deb ...\r\nUnpacking exim4 (4.89-2+deb9u8) ...\r\nSelecting previously unselected package libgc1c2:amd64.\r\nPreparing to unpack .../10-libgc1c2_1%3a7.4.2-8+deb9u1_amd64.deb ...\r\nUnpacking libgc1c2:amd64 (1:7.4.2-8+deb9u1) ...\r\nSelecting previously unselected package guile-2.0-libs:amd64.\r\nPreparing to unpack .../11-guile-2.0-libs_2.0.13+1-4_amd64.deb ...\r\nUnpacking guile-2.0-libs:amd64 (2.0.13+1-4) ...\r\nSelecting previously unselected package libfribidi0:amd64.\r\nPreparing to unpack .../12-libfribidi0_0.19.7-1+deb9u2_amd64.deb ...\r\nUnpacking libfribidi0:amd64 (0.19.7-1+deb9u2) ...\r\nSelecting previously unselected package libntlm0:amd64.\r\nPreparing to unpack .../13-libntlm0_1.4-8+deb9u1_amd64.deb ...\r\nUnpacking libntlm0:amd64 (1.4-8+deb9u1) ...\r\nSelecting previously unselected package libgsasl7.\r\nPreparing to unpack .../14-libgsasl7_1.8.0-8+b2_amd64.deb ...\r\nUnpacking libgsasl7 (1.8.0-8+b2) ...\r\nSelecting previously unselected package libkyotocabinet16v5:amd64.\r\nPreparing to unpack .../15-libkyotocabinet16v5_1.2.76-4.2+b1_amd64.deb ...\r\nUnpacking libkyotocabinet16v5:amd64 (1.2.76-4.2+b1) ...\r\nSelecting previously unselected package mailutils-common.\r\nPreparing to unpack .../16-mailutils-common_1%3a3.1.1-1_all.deb ...\r\nUnpacking mailutils-common (1:3.1.1-1) ...\r\nSelecting previously unselected package libpython2.7:amd64.\r\nPreparing to unpack .../17-libpython2.7_2.7.13-2+deb9u6_amd64.deb ...\r\nUnpacking libpython2.7:amd64 (2.7.13-2+deb9u6) ...\r\nSelecting previously unselected package libmailutils5:amd64.\r\nPreparing to unpack .../18-libmailutils5_1%3a3.1.1-1_amd64.deb ...\r\nUnpacking libmailutils5:amd64 (1:3.1.1-1) ...\r\nSelecting previously unselected package mailutils.\r\nPreparing to unpack .../19-mailutils_1%3a3.1.1-1_amd64.deb ...\r\nUnpacking mailutils (1:3.1.1-1) ...\r\nSelecting previously unselected package psmisc.\r\nPreparing to unpack .../20-psmisc_22.21-2.1+b2_amd64.deb ...\r\nUnpacking psmisc (22.21-2.1+b2) ...\r\nSetting up psmisc (22.21-2.1+b2) ...\r\nSetting up exim4-config (4.89-2+deb9u8) ...\r\ndebconf: unable to initialize frontend: Dialog\r\ndebconf: (TERM is not set, so the dialog frontend is not usable.)\r\ndebconf: falling back to frontend: Readline\r\nAdding system-user for exim (v4)\r\nProcessing triggers for mime-support (3.60) ...\r\nSetting up libgc1c2:amd64 (1:7.4.2-8+deb9u1) ...\r\nSetting up libntlm0:amd64 (1.4-8+deb9u1) ...\r\nProcessing triggers for libc-bin (2.24-11+deb9u3) ...\r\nSetting up guile-2.0-libs:amd64 (2.0.13+1-4) ...\r\nProcessing triggers for systemd (232-25+deb9u14) ...\r\nSetting up libfribidi0:amd64 (0.19.7-1+deb9u2) ...\r\nSetting up libpython2.7-minimal:amd64 (2.7.13-2+deb9u6) ...\r\nSetting up cron (3.0pl1-128+deb9u2) ...\r\nAdding group `crontab' (GID 109) ...\r\nDone.\r\nCreated symlink /etc/systemd/system/multi-user.target.wants/cron.service â†’ /lib/systemd/system/cron.service.\r\nupdate-rc.d: warning: start and stop actions are no longer supported; falling back to defaults\r\ninvoke-rc.d: could not determine current runlevel\r\ninvoke-rc.d: policy-rc.d denied execution of start.\r\nSetting up libkyotocabinet16v5:amd64 (1.2.76-4.2+b1) ...\r\nSetting up logrotate (3.11.0-0.1) ...\r\nSetting up libpython2.7-stdlib:amd64 (2.7.13-2+deb9u6) ...\r\nSetting up python2.7-minimal (2.7.13-2+deb9u6) ...\r\nSetting up mailutils-common (1:3.1.1-1) ...\r\nSetting up libgsasl7 (1.8.0-8+b2) ...\r\nSetting up python2.7 (2.7.13-2+deb9u6) ...\r\nSetting up exim4-base (4.89-2+deb9u8) ...\r\ndebconf: unable to initialize frontend: Dialog\r\ndebconf: (TERM is not set, so the dialog frontend is not usable.)\r\ndebconf: falling back to frontend: Readline\r\nexim: DB upgrade, deleting hints-db\r\nSetting up libpython2.7:amd64 (2.7.13-2+deb9u6) ...\r\nSetting up exim4-daemon-light (4.89-2+deb9u8) ...\r\ndebconf: unable to initialize frontend: Dialog\r\ndebconf: (TERM is not set, so the dialog frontend is not usable.)\r\ndebconf: falling back to frontend: Readline\r\ninvoke-rc.d: could not determine current runlevel\r\ninvoke-rc.d: policy-rc.d denied execution of start.\r\nInitializing GnuTLS DH parameter file\r\nSetting up libmailutils5:amd64 (1:3.1.1-1) ...\r\nSetting up mailutils (1:3.1.1-1) ...\r\nupdate-alternatives: using /usr/bin/frm.mailutils to provide /usr/bin/frm (frm) in auto mode\r\nupdate-alternatives: using /usr/bin/from.mailutils to provide /usr/bin/from (from) in auto mode\r\nupdate-alternatives: using /usr/bin/messages.mailutils to provide /usr/bin/messages (messages) in auto mode\r\nupdate-alternatives: using /usr/bin/movemail.mailutils to provide /usr/bin/movemail (movemail) in auto mode\r\nupdate-alternatives: using /usr/bin/readmsg.mailutils to provide /usr/bin/readmsg (readmsg) in auto mode\r\nupdate-alternatives: using /usr/bin/dotlock.mailutils to provide /usr/bin/dotlock (dotlock) in auto mode\r\nupdate-alternatives: using /usr/bin/mail.mailutils to provide /usr/bin/mailx (mailx) in auto mode\r\nSetting up exim4 (4.89-2+deb9u8) ...\r\ndebconf: unable to initialize frontend: Dialog\r\ndebconf: (TERM is not set, so the dialog frontend is not usable.)\r\ndebconf: falling back to frontend: Readline\r\nProcessing triggers for libc-bin (2.24-11+deb9u3) ...\r\nProcessing triggers for systemd (232-25+deb9u14) ...\r\nRemoving intermediate container e42dc832857a\n ---> 65f0a2da2993\nStep 9/22 : COPY docker/supervisord.conf /etc/supervisor/supervisord.conf\n ---> 6620dfce9436\nStep 10/22 : COPY docker/pm2.logrotate.conf /etc/logrotate.d/pm2\n ---> 005cb338a914\nStep 11/22 : RUN cp /etc/cron.daily/logrotate /etc/cron.hourly\n ---> Running in 85cd8ffae664\nRemoving intermediate container 85cd8ffae664\n ---> 9053f030d485\nStep 12/22 : WORKDIR /tmp\n ---> Running in 789d73c92e61\nRemoving intermediate container 789d73c92e61\n ---> cfff385820fd\nStep 13/22 : ADD package.json package.json\n ---> 68528ea817cd\nStep 14/22 : RUN npm install\n ---> Running in 489f5d557d39\n\u001b[91mnpm WARN deprecated babel-eslint@10.1.0: babel-eslint is now @babel/eslint-parser. This package will no longer receive updates.\n\u001b[0m\u001b[91mnpm WARN deprecated eslint-loader@1.9.0: This loader has been deprecated. Please use eslint-webpack-plugin\n\u001b[0m\u001b[91mnpm WARN deprecated redux-devtools@3.7.0: Package moved to @redux-devtools/core.\n\u001b[0m\u001b[91mnpm WARN deprecated redux-devtools-dock-monitor@1.2.0: Package moved to @redux-devtools/dock-monitor.\n\u001b[0m\u001b[91mnpm WARN deprecated autoprefixer-loader@3.2.0: Please use postcss-loader instead of autoprefixer-loader\n\u001b[0m\u001b[91mnpm WARN deprecated babel@6.23.0: In 6.x, the babel package has been deprecated in favor of babel-cli. Check https://opencollective.com/babel to support the Babel maintainers\n\u001b[0m\u001b[91mnpm WARN deprecated babel-preset-es2015@6.24.1: ðŸ™Œ  Thanks for using Babel: we recommend using babel-preset-env now: please read https://babeljs.io/env to update!\n\u001b[0m\u001b[91mnpm WARN deprecated babel-preset-es2016@6.24.1: ðŸ™Œ  Thanks for using Babel: we recommend using babel-preset-env now: please read https://babeljs.io/env to update!\n\u001b[0m\u001b[91mnpm WARN deprecated bootstrap-sass-loader@1.0.10: Replaced by bootstrap-loader. Please upgrade.\n\u001b[0m\u001b[91mnpm WARN deprecated sequelize@3.35.1: Please update to v6 or higher! A migration guide can be found here: https://sequelize.org/v6/manual/upgrade-to-v6.html\n\u001b[0m\u001b[91mnpm WARN deprecated superagent@5.3.1: Please upgrade to v7.0.2+ of superagent.  We have fixed numerous issues with streams, form-data, attach(), filesystem errors not bubbling up (ENOENT on attach()), and all tests are now passing.  See the releases tab for more information at <https://github.com/visionmedia/superagent/releases>.\n\u001b[0m\u001b[91mnpm WARN deprecated babel-preset-babili@0.1.4: babili has been renamed to babel-minify. Please update to babel-preset-minify\n\u001b[0m\u001b[91mnpm WARN deprecated jade@0.26.3: Jade has been renamed to pug, please install the latest version of pug instead of jade\n\u001b[0m\u001b[91mnpm WARN deprecated mkdirp@0.5.1: Legacy versions of mkdirp are no longer supported. Please update to mkdirp 1.x. (Note that the API surface has changed to use Promises in 1.x.)\n\u001b[0m\u001b[91mnpm WARN deprecated to-iso-string@0.0.2: to-iso-string has been deprecated, use @segment/to-iso-string instead.\n\u001b[0m\u001b[91mnpm WARN deprecated chokidar@1.7.0: Chokidar 2 will break on node v14+. Upgrade to chokidar 3 with 15x less dependencies.\n\u001b[0m\u001b[91mnpm WARN deprecated core-js@2.6.12: core-js@<3.23.3 is no longer maintained and not recommended for usage due to the number of issues. Because of the V8 engine whims, feature detection in old core-js versions could cause a slowdown up to 100x even if nothing is polyfilled. Some versions have web compatibility issues. Please, upgrade your dependencies to the actual version of core-js.\n\u001b[0m\u001b[91mnpm WARN deprecated log4js@0.6.38: 0.x is no longer supported. Please upgrade to 6.x or higher.\n\u001b[0m\u001b[91mnpm WARN deprecated redux-devtools-instrument@1.10.0: Package moved to @redux-devtools/instrument.\n\u001b[0m\u001b[91mnpm WARN deprecated request@2.67.0: request has been deprecated, see https://github.com/request/request/issues/3142\n\u001b[0m\u001b[91mnpm WARN deprecated formatio@1.1.1: This package is unmaintained. Use @sinonjs/formatio instead\n\u001b[0m\u001b[91mnpm WARN deprecated samsam@1.1.2: This package has been deprecated in favour of @sinonjs/samsam\n\u001b[0m\u001b[91mnpm WARN deprecated request@2.81.0: request has been deprecated, see https://github.com/request/request/issues/3142\n\u001b[0m\u001b[91mnpm WARN deprecated request@2.88.2: request has been deprecated, see https://github.com/request/request/issues/3142\n\u001b[0m\u001b[91mnpm WARN deprecated uuid@3.4.0: Please upgrade  to version 7 or higher.  Older versions may use Math.random() in certain circumstances, which is known to be problematic.  See https://v8.dev/blog/math-random for details.\n\u001b[0m\u001b[91mnpm WARN deprecated formidable@1.2.6: Please upgrade to latest, formidable@v2 or formidable@v3! Check these notes: https://bit.ly/2ZEqIau\n\u001b[0m\u001b[91mnpm WARN deprecated terraformer-wkt-parser@1.2.1: terraformer-wkt-parser is deprecated and no longer supported. Please use @terraformer/wkt.\n\u001b[0m\u001b[91mnpm WARN deprecated core-js@2.0.3: core-js@<3.23.3 is no longer maintained and not recommended for usage due to the number of issues. Because of the V8 engine whims, feature detection in old core-js versions could cause a slowdown up to 100x even if nothing is polyfilled. Some versions have web compatibility issues. Please, upgrade your dependencies to the actual version of core-js.\n\u001b[0m\u001b[91mnpm WARN deprecated core-js@0.9.18: core-js@<3.23.3 is no longer maintained and not recommended for usage due to the number of issues. Because of the V8 engine whims, feature detection in old core-js versions could cause a slowdown up to 100x even if nothing is polyfilled. Some versions have web compatibility issues. Please, upgrade your dependencies to the actual version of core-js.\n\u001b[0m\u001b[91mnpm WARN deprecated minimatch@0.3.0: Please update to minimatch 3.0.2 or higher to avoid a RegExp DoS issue\n\u001b[0m\u001b[91mnpm WARN deprecated mkdirp@0.3.0: Legacy versions of mkdirp are no longer supported. Please update to mkdirp 1.x. (Note that the API surface has changed to use Promises in 1.x.)\n\u001b[0m\u001b[91mnpm WARN deprecated fsevents@1.2.13: fsevents 1 will break on node v14+ and could be using insecure binaries. Upgrade to fsevents 2.\n\u001b[0m\u001b[91mnpm WARN deprecated mkdirp@0.5.0: Legacy versions of mkdirp are no longer supported. Please update to mkdirp 1.x. (Note that the API surface has changed to use Promises in 1.x.)\n\u001b[0m\u001b[91mnpm WARN deprecated node-uuid@1.4.8: Use uuid module instead\n\u001b[0m\u001b[91mnpm WARN deprecated tough-cookie@2.2.2: ReDoS vulnerability parsing Set-Cookie https://nodesecurity.io/advisories/130\n\u001b[0m\u001b[91mnpm WARN deprecated har-validator@2.0.6: this library is no longer supported\n\u001b[0m\u001b[91mnpm WARN deprecated samsam@1.1.3: This package has been deprecated in favour of @sinonjs/samsam\n\u001b[0m\u001b[91mnpm WARN deprecated browserslist@1.7.7: Browserslist 2 could fail on reading Browserslist >3.0 config used in other tools.\n\u001b[0m\u001b[91mnpm WARN deprecated hawk@3.1.3: This module moved to @hapi/hawk. Please make sure to switch over as this distribution is no longer supported and may contain bugs and critical security issues.\n\u001b[0m\u001b[91mnpm WARN deprecated har-validator@4.2.1: this library is no longer supported\n\u001b[0m\u001b[91mnpm WARN deprecated har-validator@5.1.5: this library is no longer supported\n\u001b[0m\u001b[91mnpm WARN deprecated tar@2.2.2: This version of tar is no longer supported, and will not receive security updates. Please upgrade asap.\n\u001b[0m\u001b[91mnpm WARN deprecated core-js@1.2.7: core-js@<3.23.3 is no longer maintained and not recommended for usage due to the number of issues. Because of the V8 engine whims, feature detection in old core-js versions could cause a slowdown up to 100x even if nothing is polyfilled. Some versions have web compatibility issues. Please, upgrade your dependencies to the actual version of core-js.\n\u001b[0m\u001b[91mnpm WARN deprecated gulp-util@3.0.8: gulp-util is deprecated - replace it, following the guidelines at https://medium.com/gulpjs/gulp-util-ca3b1f9f9ac5\n\u001b[0m\u001b[91mnpm WARN deprecated terraformer@1.0.12: terraformer is deprecated and no longer supported. Please use @terraformer/arcgis.\n\u001b[0m\u001b[91mnpm WARN deprecated css-list@0.1.3: Deprecated.\n\u001b[0m\u001b[91mnpm WARN deprecated postcss-single-charset@0.3.0: Package no longer supported. Contact support@npmjs.com for more info.\n\u001b[0m\u001b[91mnpm WARN deprecated json3@3.3.2: Please use the native JSON object instead of JSON 3\n\u001b[0m\u001b[91mnpm WARN deprecated hoek@2.16.3: This version has been deprecated in accordance with the hapi support policy (hapi.im/support). Please upgrade to the latest version to get the best features, bug fixes, and security patches. If you are unable to upgrade at this time, paid support is available for older versions (hapi.im/commercial).\n\u001b[0m\u001b[91mnpm WARN deprecated boom@2.10.1: This version has been deprecated in accordance with the hapi support policy (hapi.im/support). Please upgrade to the latest version to get the best features, bug fixes, and security patches. If you are unable to upgrade at this time, paid support is available for older versions (hapi.im/commercial).\n\u001b[0m\u001b[91mnpm WARN deprecated sntp@1.0.9: This module moved to @hapi/sntp. Please make sure to switch over as this distribution is no longer supported and may contain bugs and critical security issues.\n\u001b[0m\u001b[91mnpm WARN deprecated cryptiles@2.0.5: This version has been deprecated in accordance with the hapi support policy (hapi.im/support). Please upgrade to the latest version to get the best features, bug fixes, and security patches. If you are unable to upgrade at this time, paid support is available for older versions (hapi.im/commercial).\n\u001b[0m\u001b[91mnpm WARN deprecated svgo@0.7.2: This SVGO version is no longer supported. Upgrade to v2.x.x.\n\u001b[0m\u001b[91mnpm WARN deprecated chokidar@2.1.8: Chokidar 2 does not receive security updates since 2019. Upgrade to chokidar 3 with 15x fewer dependencies\n\u001b[0m\u001b[91mnpm WARN deprecated querystring@0.2.0: The querystring API is considered Legacy. new code should use the URLSearchParams API instead.\n\u001b[0m\u001b[91mnpm WARN deprecated flatten@0.0.1: flatten is deprecated in favor of utility frameworks such as lodash.\n\u001b[0m\u001b[91mnpm WARN deprecated browserslist@0.4.0: Browserslist 2 could fail on reading Browserslist >3.0 config used in other tools.\n\u001b[0m\u001b[91mnpm WARN deprecated uuid@2.0.3: Please upgrade  to version 7 or higher.  Older versions may use Math.random() in certain circumstances, which is known to be problematic.  See https://v8.dev/blog/math-random for details.\n\u001b[0m\u001b[91mnpm WARN deprecated flatten@1.0.3: flatten is deprecated in favor of utility frameworks such as lodash.\n\u001b[0m\u001b[91mnpm WARN deprecated minimatch@2.0.10: Please update to minimatch 3.0.2 or higher to avoid a RegExp DoS issue\n\u001b[0m\u001b[91mnpm WARN deprecated natives@1.1.6: This module relies on Node.js's internals and will break at some point. Do not use it, and update to graceful-fs@4.x.\n\u001b[0m\u001b[91mnpm WARN deprecated source-map-resolve@0.5.3: See https://github.com/lydell/source-map-resolve#deprecated\n\u001b[0m\u001b[91mnpm WARN deprecated resolve-url@0.2.1: https://github.com/lydell/resolve-url#deprecated\n\u001b[0m\u001b[91mnpm WARN deprecated source-map-url@0.4.1: See https://github.com/lydell/source-map-url#deprecated\n\u001b[0m\u001b[91mnpm WARN deprecated urix@0.1.0: Please see https://github.com/lydell/urix#deprecated\n\u001b[0m\u001b[91mnpm WARN deprecated minimatch@0.2.14: Please update to minimatch 3.0.2 or higher to avoid a RegExp DoS issue\n\u001b[0m\u001b[91mnpm WARN deprecated graceful-fs@1.2.3: please upgrade to graceful-fs 4 for compatibility with current and future versions of Node.js\n\u001b[0m\n> node-sass@4.14.1 install /tmp/node_modules/node-sass\n> node scripts/install.js\n\nDownloading binary from https://github.com/sass/node-sass/releases/download/v4.14.1/linux-x64-64_binding.node\nDownload complete\nBinary saved to /tmp/node_modules/node-sass/vendor/linux-x64-64/binding.node\nCaching binary to /root/.npm/node-sass/4.14.1/linux-x64-64_binding.node\n\n> core-js@2.6.12 postinstall /tmp/node_modules/core-js\n> node -e \"try{require('./postinstall')}catch(e){}\"\n\n\u001b[96mThank you for using core-js (\u001b[94m https://github.com/zloirock/core-js \u001b[96m) for polyfilling JavaScript standard library!\u001b[0m\n\n\u001b[96mThe project needs your help! Please consider supporting of core-js on Open Collective or Patreon: \u001b[0m\n\u001b[96m>\u001b[94m https://opencollective.com/core-js \u001b[0m\n\u001b[96m>\u001b[94m https://www.patreon.com/zloirock \u001b[0m\n\n\u001b[96mAlso, the author of core-js (\u001b[94m https://github.com/zloirock \u001b[96m) is looking for a good job -)\u001b[0m\n\n\n> es5-ext@0.10.62 postinstall /tmp/node_modules/es5-ext\n>  node -e \"try{require('./_postinstall')}catch(e){}\" || exit 0\n\n\n> node-sass@4.14.1 postinstall /tmp/node_modules/node-sass\n> node scripts/build.js\n\nBinary found at /tmp/node_modules/node-sass/vendor/linux-x64-64/binding.node\nTesting binary\nBinary is fine\n\u001b[91mnpm notice created a lockfile as package-lock.json. You should commit this file.\n\u001b[0m\u001b[91mnpm WARN optional SKIPPING OPTIONAL DEPENDENCY: fsevents@^1.0.0 (node_modules/chokidar/node_modules/fsevents):\nnpm WARN notsup SKIPPING OPTIONAL DEPENDENCY: Unsupported platform for fsevents@1.2.13: wanted {\"os\":\"darwin\",\"arch\":\"any\"} (current: {\"os\":\"linux\",\"arch\":\"x64\"})\n\u001b[0m\u001b[91mnpm WARN \u001b[0m\u001b[91moptional SKIPPING OPTIONAL DEPENDENCY: fsevents@~2.3.2 (node_modules/watchpack/node_modules/chokidar/node_modules/fsevents):\n\u001b[0m\u001b[91mnpm WARN \u001b[0m\u001b[91mnotsup SKIPPING OPTIONAL DEPENDENCY: Unsupported platform for fsevents@2.3.2: wanted {\"os\":\"darwin\",\"arch\":\"any\"} (current: {\"os\":\"linux\",\"arch\":\"x64\"})\n\u001b[0m\u001b[91mnpm WARN\u001b[0m\u001b[91m sass-loader@3.2.3 requires a peer of node-sass@^3.4.2 but none is installed. You must install peer dependencies yourself.\n\u001b[0m\u001b[91mnpm WARN\u001b[0m\u001b[91m uglifyjs-webpack-plugin@2.2.0 requires a peer of webpack@^4.0.0 but none is installed. You must install peer dependencies yourself.\nnpm\u001b[0m\u001b[91m \u001b[0m\u001b[91mWARN\u001b[0m\u001b[91m ajv-errors@1.0.1 requires a peer of ajv@>=5.0.0 but none is installed. You must install peer dependencies yourself.\n\u001b[0m\u001b[91mnpm WARN\u001b[0m\u001b[91m ajv-keywords@3.5.2 requires a peer of ajv@^6.9.1 but none is installed. You must install peer dependencies yourself.\n\u001b[0m\u001b[91mnpm WARN\u001b[0m\u001b[91m eslint-loader@1.9.0 requires a peer of eslint@>=1.6.0 <5.0.0 but none is installed. You must install peer dependencies yourself.\n\u001b[0m\u001b[91mnpm \u001b[0m\u001b[91mWARN\u001b[0m\u001b[91m redux-devtools-dock-monitor@1.2.0 requires a peer of @types/react@^16.3.18 but none is installed. You must install peer dependencies yourself.\n\u001b[0m\u001b[91mnpm WARN\u001b[0m\u001b[91m redux-devtools-dock-monitor@1.2.0 requires a peer of react@^16.3.0 but none is installed. You must install peer dependencies yourself.\n\u001b[0m\u001b[91mnpm WARN\u001b[0m\u001b[91m webpack-dev-middleware@1.12.2 requires a peer of webpack@^1.0.0 || ^2.0.0 || ^3.0.0 but none is installed. You must install peer dependencies yourself.\n\u001b[0m\u001b[91mnpm WARN\u001b[0m\u001b[91m webpack-dev-server@1.16.5 requires a peer of webpack@>=1.3.0 <3 but none is installed. You must install peer dependencies yourself.\nnpm\u001b[0m\u001b[91m \u001b[0m\u001b[91mWARN acorn-jsx@5.3.2 requires a peer of acorn@^6.0.0 || ^7.0.0 || ^8.0.0 but none is installed. You must install peer dependencies yourself.\n\u001b[0m\u001b[91mnpm WARN\u001b[0m\u001b[91m react-dock@0.3.0 requires a peer of @types/react@^16.3.18 but none is installed. You must install peer dependencies yourself.\nnpm \u001b[0m\u001b[91mWARN\u001b[0m\u001b[91m react-dock@0.3.0 requires a peer of react@^16.3.0 but none is installed. You must install peer dependencies yourself.\nnpm\u001b[0m\u001b[91m WARN\u001b[0m\u001b[91m The package babili-webpack-plugin is included as both a dev and production dependency.\n\u001b[0m\u001b[91m\n\u001b[0madded 1393 packages from 920 contributors and audited 2125 packages in 45.194s\nfound 204 vulnerabilities (38 low, 65 moderate, 78 high, 23 critical)\n  run `npm audit fix` to fix them, or `npm audit` for details\nRemoving intermediate container 489f5d557d39\n ---> c71713d22d31\nStep 15/22 : RUN npm install -g pm2\n ---> Running in 9336d693504d\n\u001b[91mnpm\u001b[0m\u001b[91m WARN deprecated uuid@3.4.0: Please upgrade  to version 7 or higher.  Older versions may use Math.random() in certain circumstances, which is known to be problematic.  See https://v8.dev/blog/math-random for details.\n\u001b[0m/usr/local/bin/pm2 -> /usr/local/lib/node_modules/pm2/bin/pm2\n/usr/local/bin/pm2-dev -> /usr/local/lib/node_modules/pm2/bin/pm2-dev\n/usr/local/bin/pm2-runtime -> /usr/local/lib/node_modules/pm2/bin/pm2-runtime\n/usr/local/bin/pm2-docker -> /usr/local/lib/node_modules/pm2/bin/pm2-docker\n\u001b[91mnpm WARN optional SKIPPING OPTIONAL DEPENDENCY: fsevents@~2.3.2 (node_modules/pm2/node_modules/chokidar/node_modules/fsevents):\nnpm WARN notsup SKIPPING OPTIONAL DEPENDENCY: Unsupported platform for fsevents@2.3.2: wanted {\"os\":\"darwin\",\"arch\":\"any\"} (current: {\"os\":\"linux\",\"arch\":\"x64\"})\nnpm WARN ws@7.4.6 requires a peer of bufferutil@^4.0.1 but none is installed. You must install peer dependencies yourself.\n\u001b[0m\u001b[91mnpm WARN ws@7.4.6 requires a peer of utf-8-validate@^5.0.2 but none is installed. You must install peer dependencies yourself.\n\u001b[0m\u001b[91m\n\u001b[0m+ pm2@5.2.2\nadded 184 packages from 182 contributors in 10.082s\nRemoving intermediate container 9336d693504d\n ---> ba0a19b43a0d\nStep 16/22 : RUN mkdir /quranicaudio\n ---> Running in 9f2f1203ae03\nRemoving intermediate container 9f2f1203ae03\n ---> c85234c7c7b4\nStep 17/22 : RUN cp -a /tmp/node_modules /quranicaudio\n ---> Running in 6cdafef927c1\nRemoving intermediate container 6cdafef927c1\n ---> 062716bfb492\nStep 18/22 : WORKDIR /quranicaudio\n ---> Running in 662be62f6565\nRemoving intermediate container 662be62f6565\n ---> 7dd7b2efdd61\nStep 19/22 : ADD . /quranicaudio/\n ---> 1e547f074508\nStep 20/22 : RUN npm run build\n ---> Running in 40b75be2574a\n\n> audio.quran.com@1.0.0 build /quranicaudio\n> better-npm-run build\n\nrunning better-npm-run in /quranicaudio\nExecuting script: build\n\nto be executed: webpack --config webpack/prod.config.js \n\u001b[91mclean-webpack-plugin: /quranicaudio/static/dist is outside of the project root. Skipping...\n\u001b[0mHash: \u001b[1mcb5d3d639dc10eed7c9c\u001b[39m\u001b[22m\nVersion: webpack \u001b[1m2.1.0-beta.20\u001b[39m\u001b[22m\nTime: \u001b[1m16597\u001b[39m\u001b[22mms\n[1037] \u001b[1mmulti main\u001b[39m\u001b[22m 40 bytes {\u001b[1m\u001b[33m0\u001b[39m\u001b[22m}\u001b[1m\u001b[32m [built]\u001b[39m\u001b[22m\n    + 1106 hidden modules\n\n\u001b[1m\u001b[31mERROR in ./~/extract-text-webpack-plugin/loader.js?{\"omit\":1,\"remove\":true}!./~/style-loader!./~/css-loader!./~/sass-loader!./~/bootstrap-sass-loader/bootstrap-sass-styles.loader.js!./bootstrap.config.prod.js\nModule build failed: ModuleBuildError: Module build failed: \n$navbar-padding-horizontal:        floor(math.div($grid-gutter-width, 2)) !default;\n                                            ^\n      Invalid CSS after \"...     floor(math\": expected expression (e.g. 1px, bold), was \".div($grid-gutter-w\"\n      in /quranicaudio/node_modules/bootstrap-sass/assets/stylesheets/bootstrap/_variables.scss (line 369, column 46)\n    at /quranicaudio/node_modules/webpack/lib/NormalModule.js:137:35\n    at /quranicaudio/node_modules/loader-runner/lib/LoaderRunner.js:367:11\n    at /quranicaudio/node_modules/loader-runner/lib/LoaderRunner.js:233:18\n    at context.callback (/quranicaudio/node_modules/loader-runner/lib/LoaderRunner.js:111:13)\n    at Object.onRender [as callback] (/quranicaudio/node_modules/sass-loader/index.js:272:13)\n    at /quranicaudio/node_modules/async/lib/async.js:906:35\n    at _arrayEach (/quranicaudio/node_modules/async/lib/async.js:85:13)\n    at Object.<anonymous> (/quranicaudio/node_modules/async/lib/async.js:898:17)\n    at Object.callback (/quranicaudio/node_modules/async/lib/async.js:44:16)\n    at options.error (/quranicaudio/node_modules/node-sass/lib/index.js:294:32)\n @ ./~/bootstrap-sass-loader/index.loader.js!./bootstrap.config.prod.js 1:0-262\n @ multi main\u001b[39m\u001b[22m\n\n\u001b[1m\u001b[31mERROR in ./src/containers/Main/style.scss\nModule build failed: ModuleBuildError: Module build failed: \n$navbar-padding-horizontal:        floor(math.div($grid-gutter-width, 2)) !default;\n                                            ^\n      Invalid CSS after \"...     floor(math\": expected expression (e.g. 1px, bold), was \".div($grid-gutter-w\"\n      in /quranicaudio/node_modules/bootstrap-sass/assets/stylesheets/bootstrap/_variables.scss (line 369, column 46)\n    at /quranicaudio/node_modules/webpack/lib/NormalModule.js:137:35\n    at /quranicaudio/node_modules/loader-runner/lib/LoaderRunner.js:367:11\n    at /quranicaudio/node_modules/loader-runner/lib/LoaderRunner.js:233:18\n    at context.callback (/quranicaudio/node_modules/loader-runner/lib/LoaderRunner.js:111:13)\n    at Object.onRender [as callback] (/quranicaudio/node_modules/sass-loader/index.js:272:13)\n    at /quranicaudio/node_modules/async/lib/async.js:906:35\n    at _arrayEach (/quranicaudio/node_modules/async/lib/async.js:85:13)\n    at Object.<anonymous> (/quranicaudio/node_modules/async/lib/async.js:898:17)\n    at Object.callback (/quranicaudio/node_modules/async/lib/async.js:44:16)\n    at options.error (/quranicaudio/node_modules/node-sass/lib/index.js:294:32)\n @ ./src/containers/Main/download.js 49:13-36\n @ ./src/containers/index.js\n @ ./src/routes.js\n @ ./src/client.js\n @ multi main\u001b[39m\u001b[22m\n\n\u001b[1m\u001b[31mERROR in ./src/containers/Qari/style.scss\nModule build failed: ModuleBuildError: Module build failed: \n$navbar-padding-horizontal:        floor(math.div($grid-gutter-width, 2)) !default;\n                                            ^\n      Invalid CSS after \"...     floor(math\": expected expression (e.g. 1px, bold), was \".div($grid-gutter-w\"\n      in /quranicaudio/node_modules/bootstrap-sass/assets/stylesheets/bootstrap/_variables.scss (line 369, column 46)\n    at /quranicaudio/node_modules/webpack/lib/NormalModule.js:137:35\n    at /quranicaudio/node_modules/loader-runner/lib/LoaderRunner.js:367:11\n    at /quranicaudio/node_modules/loader-runner/lib/LoaderRunner.js:233:18\n    at context.callback (/quranicaudio/node_modules/loader-runner/lib/LoaderRunner.js:111:13)\n    at Object.onRender [as callback] (/quranicaudio/node_modules/sass-loader/index.js:272:13)\n    at /quranicaudio/node_modules/async/lib/async.js:906:35\n    at _arrayEach (/quranicaudio/node_modules/async/lib/async.js:85:13)\n    at Object.<anonymous> (/quranicaudio/node_modules/async/lib/async.js:898:17)\n    at Object.callback (/quranicaudio/node_modules/async/lib/async.js:44:16)\n    at options.error (/quranicaudio/node_modules/node-sass/lib/index.js:294:32)\n @ ./src/containers/Qari/Sura.js 75:13-36\n @ ./src/containers/index.js\n @ ./src/routes.js\n @ ./src/client.js\n @ multi main\u001b[39m\u001b[22m\n\n\u001b[1m\u001b[31mERROR in ./src/containers/App/style.scss\nModule build failed: ModuleBuildError: Module build failed: \n$navbar-padding-horizontal:        floor(math.div($grid-gutter-width, 2)) !default;\n                                            ^\n      Invalid CSS after \"...     floor(math\": expected expression (e.g. 1px, bold), was \".div($grid-gutter-w\"\n      in /quranicaudio/node_modules/bootstrap-sass/assets/stylesheets/bootstrap/_variables.scss (line 369, column 46)\n    at /quranicaudio/node_modules/webpack/lib/NormalModule.js:137:35\n    at /quranicaudio/node_modules/loader-runner/lib/LoaderRunner.js:367:11\n    at /quranicaudio/node_modules/loader-runner/lib/LoaderRunner.js:233:18\n    at context.callback (/quranicaudio/node_modules/loader-runner/lib/LoaderRunner.js:111:13)\n    at Object.onRender [as callback] (/quranicaudio/node_modules/sass-loader/index.js:272:13)\n    at /quranicaudio/node_modules/async/lib/async.js:906:35\n    at _arrayEach (/quranicaudio/node_modules/async/lib/async.js:85:13)\n    at Object.<anonymous> (/quranicaudio/node_modules/async/lib/async.js:898:17)\n    at Object.callback (/quranicaudio/node_modules/async/lib/async.js:44:16)\n    at options.error (/quranicaudio/node_modules/node-sass/lib/index.js:294:32)\n @ ./src/containers/App/index.js 69:13-36\n @ ./src/containers/index.js\n @ ./src/routes.js\n @ ./src/client.js\n @ multi main\u001b[39m\u001b[22m\n\n\u001b[1m\u001b[31mERROR in ./src/components/Header/style.scss\nModule build failed: ModuleBuildError: Module build failed: \n$navbar-padding-horizontal:        floor(math.div($grid-gutter-width, 2)) !default;\n                                            ^\n      Invalid CSS after \"...     floor(math\": expected expression (e.g. 1px, bold), was \".div($grid-gutter-w\"\n      in /quranicaudio/node_modules/bootstrap-sass/assets/stylesheets/bootstrap/_variables.scss (line 369, column 46)\n    at /quranicaudio/node_modules/webpack/lib/NormalModule.js:137:35\n    at /quranicaudio/node_modules/loader-runner/lib/LoaderRunner.js:367:11\n    at /quranicaudio/node_modules/loader-runner/lib/LoaderRunner.js:233:18\n    at context.callback (/quranicaudio/node_modules/loader-runner/lib/LoaderRunner.js:111:13)\n    at Object.onRender [as callback] (/quranicaudio/node_modules/sass-loader/index.js:272:13)\n    at /quranicaudio/node_modules/async/lib/async.js:906:35\n    at _arrayEach (/quranicaudio/node_modules/async/lib/async.js:85:13)\n    at Object.<anonymous> (/quranicaudio/node_modules/async/lib/async.js:898:17)\n    at Object.callback (/quranicaudio/node_modules/async/lib/async.js:44:16)\n    at options.error (/quranicaudio/node_modules/node-sass/lib/index.js:294:32)\n @ ./src/components/Header/index.js 15:13-36\n @ ./src/containers/Main/download.js\n @ ./src/containers/index.js\n @ ./src/routes.js\n @ ./src/client.js\n @ multi main\u001b[39m\u001b[22m\n\n\u001b[1m\u001b[31mERROR in ./src/components/Audioplayer/mobile.scss\nModule build failed: ModuleBuildError: Module build failed: \n$navbar-padding-horizontal:        floor(math.div($grid-gutter-width, 2)) !default;\n                                            ^\n      Invalid CSS after \"...     floor(math\": expected expression (e.g. 1px, bold), was \".div($grid-gutter-w\"\n      in /quranicaudio/node_modules/bootstrap-sass/assets/stylesheets/bootstrap/_variables.scss (line 369, column 46)\n    at /quranicaudio/node_modules/webpack/lib/NormalModule.js:137:35\n    at /quranicaudio/node_modules/loader-runner/lib/LoaderRunner.js:367:11\n    at /quranicaudio/node_modules/loader-runner/lib/LoaderRunner.js:233:18\n    at context.callback (/quranicaudio/node_modules/loader-runner/lib/LoaderRunner.js:111:13)\n    at Object.onRender [as callback] (/quranicaudio/node_modules/sass-loader/index.js:272:13)\n    at /quranicaudio/node_modules/async/lib/async.js:906:35\n    at _arrayEach (/quranicaudio/node_modules/async/lib/async.js:85:13)\n    at Object.<anonymous> (/quranicaudio/node_modules/async/lib/async.js:898:17)\n    at Object.callback (/quranicaudio/node_modules/async/lib/async.js:44:16)\n    at options.error (/quranicaudio/node_modules/node-sass/lib/index.js:294:32)\n @ ./src/components/Audioplayer/MobilePlayer.js 55:14-38\n @ ./src/containers/App/index.js\n @ ./src/containers/index.js\n @ ./src/routes.js\n @ ./src/client.js\n @ multi main\u001b[39m\u001b[22m\n\n\u001b[1m\u001b[31mERROR in ./src/components/QarisList/style.scss\nModule build failed: ModuleBuildError: Module build failed: \n$navbar-padding-horizontal:        floor(math.div($grid-gutter-width, 2)) !default;\n                                            ^\n      Invalid CSS after \"...     floor(math\": expected expression (e.g. 1px, bold), was \".div($grid-gutter-w\"\n      in /quranicaudio/node_modules/bootstrap-sass/assets/stylesheets/bootstrap/_variables.scss (line 369, column 46)\n    at /quranicaudio/node_modules/webpack/lib/NormalModule.js:137:35\n    at /quranicaudio/node_modules/loader-runner/lib/LoaderRunner.js:367:11\n    at /quranicaudio/node_modules/loader-runner/lib/LoaderRunner.js:233:18\n    at context.callback (/quranicaudio/node_modules/loader-runner/lib/LoaderRunner.js:111:13)\n    at Object.onRender [as callback] (/quranicaudio/node_modules/sass-loader/index.js:272:13)\n    at /quranicaudio/node_modules/async/lib/async.js:906:35\n    at _arrayEach (/quranicaudio/node_modules/async/lib/async.js:85:13)\n    at Object.<anonymous> (/quranicaudio/node_modules/async/lib/async.js:898:17)\n    at Object.callback (/quranicaudio/node_modules/async/lib/async.js:44:16)\n    at options.error (/quranicaudio/node_modules/node-sass/lib/index.js:294:32)\n @ ./src/components/QarisList/index.js 42:13-36\n @ ./src/containers/Main/index.js\n @ ./src/containers/index.js\n @ ./src/routes.js\n @ ./src/client.js\n @ multi main\u001b[39m\u001b[22m\n\n\u001b[1m\u001b[31mERROR in ./src/components/Nav/styles.scss\nModule build failed: ModuleBuildError: Module build failed: \n$navbar-padding-horizontal:        floor(math.div($grid-gutter-width, 2)) !default;\n                                            ^\n      Invalid CSS after \"...     floor(math\": expected expression (e.g. 1px, bold), was \".div($grid-gutter-w\"\n      in /quranicaudio/node_modules/bootstrap-sass/assets/stylesheets/bootstrap/_variables.scss (line 369, column 46)\n    at /quranicaudio/node_modules/webpack/lib/NormalModule.js:137:35\n    at /quranicaudio/node_modules/loader-runner/lib/LoaderRunner.js:367:11\n    at /quranicaudio/node_modules/loader-runner/lib/LoaderRunner.js:233:18\n    at context.callback (/quranicaudio/node_modules/loader-runner/lib/LoaderRunner.js:111:13)\n    at Object.onRender [as callback] (/quranicaudio/node_modules/sass-loader/index.js:272:13)\n    at /quranicaudio/node_modules/async/lib/async.js:906:35\n    at _arrayEach (/quranicaudio/node_modules/async/lib/async.js:85:13)\n    at Object.<anonymous> (/quranicaudio/node_modules/async/lib/async.js:898:17)\n    at Object.callback (/quranicaudio/node_modules/async/lib/async.js:44:16)\n    at options.error (/quranicaudio/node_modules/node-sass/lib/index.js:294:32)\n @ ./src/components/Nav/index.js 17:13-37\n @ ./src/containers/Main/index.js\n @ ./src/containers/index.js\n @ ./src/routes.js\n @ ./src/client.js\n @ multi main\u001b[39m\u001b[22m\n\n\u001b[1m\u001b[31mERROR in ./src/components/SurahList/styles.scss\nModule build failed: ModuleBuildError: Module build failed: \n$navbar-padding-horizontal:        floor(math.div($grid-gutter-width, 2)) !default;\n                                            ^\n      Invalid CSS after \"...     floor(math\": expected expression (e.g. 1px, bold), was \".div($grid-gutter-w\"\n      in /quranicaudio/node_modules/bootstrap-sass/assets/stylesheets/bootstrap/_variables.scss (line 369, column 46)\n    at /quranicaudio/node_modules/webpack/lib/NormalModule.js:137:35\n    at /quranicaudio/node_modules/loader-runner/lib/LoaderRunner.js:367:11\n    at /quranicaudio/node_modules/loader-runner/lib/LoaderRunner.js:233:18\n    at context.callback (/quranicaudio/node_modules/loader-runner/lib/LoaderRunner.js:111:13)\n    at Object.onRender [as callback] (/quranicaudio/node_modules/sass-loader/index.js:272:13)\n    at /quranicaudio/node_modules/async/lib/async.js:906:35\n    at _arrayEach (/quranicaudio/node_modules/async/lib/async.js:85:13)\n    at Object.<anonymous> (/quranicaudio/node_modules/async/lib/async.js:898:17)\n    at Object.callback (/quranicaudio/node_modules/async/lib/async.js:44:16)\n    at options.error (/quranicaudio/node_modules/node-sass/lib/index.js:294:32)\n @ ./src/components/SurahList/index.js 45:13-37\n @ ./src/containers/Qari/index.js\n @ ./src/containers/index.js\n @ ./src/routes.js\n @ ./src/client.js\n @ multi main\u001b[39m\u001b[22m\n\n\u001b[1m\u001b[31mERROR in ./src/components/Audioplayer/style.scss\nModule build failed: ModuleBuildError: Module build failed: \n$navbar-padding-horizontal:        floor(math.div($grid-gutter-width, 2)) !default;\n                                            ^\n      Invalid CSS after \"...     floor(math\": expected expression (e.g. 1px, bold), was \".div($grid-gutter-w\"\n      in /quranicaudio/node_modules/bootstrap-sass/assets/stylesheets/bootstrap/_variables.scss (line 369, column 46)\n    at /quranicaudio/node_modules/webpack/lib/NormalModule.js:137:35\n    at /quranicaudio/node_modules/loader-runner/lib/LoaderRunner.js:367:11\n    at /quranicaudio/node_modules/loader-runner/lib/LoaderRunner.js:233:18\n    at context.callback (/quranicaudio/node_modules/loader-runner/lib/LoaderRunner.js:111:13)\n    at Object.onRender [as callback] (/quranicaudio/node_modules/sass-loader/index.js:272:13)\n    at /quranicaudio/node_modules/async/lib/async.js:906:35\n    at _arrayEach (/quranicaudio/node_modules/async/lib/async.js:85:13)\n    at Object.<anonymous> (/quranicaudio/node_modules/async/lib/async.js:898:17)\n    at Object.callback (/quranicaudio/node_modules/async/lib/async.js:44:16)\n    at options.error (/quranicaudio/node_modules/node-sass/lib/index.js:294:32)\n @ ./src/components/Audioplayer/index.js 69:13-36\n @ ./src/containers/App/index.js\n @ ./src/containers/index.js\n @ ./src/routes.js\n @ ./src/client.js\n @ multi main\u001b[39m\u001b[22m\n\n\u001b[1m\u001b[31mERROR in ./src/components/Audioplayer/Track/style.scss\nModule build failed: ModuleBuildError: Module build failed: \n$navbar-padding-horizontal:        floor(math.div($grid-gutter-width, 2)) !default;\n                                            ^\n      Invalid CSS after \"...     floor(math\": expected expression (e.g. 1px, bold), was \".div($grid-gutter-w\"\n      in /quranicaudio/node_modules/bootstrap-sass/assets/stylesheets/bootstrap/_variables.scss (line 369, column 46)\n    at /quranicaudio/node_modules/webpack/lib/NormalModule.js:137:35\n    at /quranicaudio/node_modules/loader-runner/lib/LoaderRunner.js:367:11\n    at /quranicaudio/node_modules/loader-runner/lib/LoaderRunner.js:233:18\n    at context.callback (/quranicaudio/node_modules/loader-runner/lib/LoaderRunner.js:111:13)\n    at Object.onRender [as callback] (/quranicaudio/node_modules/sass-loader/index.js:272:13)\n    at /quranicaudio/node_modules/async/lib/async.js:906:35\n    at _arrayEach (/quranicaudio/node_modules/async/lib/async.js:85:13)\n    at Object.<anonymous> (/quranicaudio/node_modules/async/lib/async.js:898:17)\n    at Object.callback (/quranicaudio/node_modules/async/lib/async.js:44:16)\n    at options.error (/quranicaudio/node_modules/node-sass/lib/index.js:294:32)\n @ ./src/components/Audioplayer/Track/index.js 40:13-36\n @ ./src/components/Audioplayer/MobilePlayer.js\n @ ./src/containers/App/index.js\n @ ./src/containers/index.js\n @ ./src/routes.js\n @ ./src/client.js\n @ multi main\u001b[39m\u001b[22m\nChild \u001b[1mextract-text-webpack-plugin\u001b[39m\u001b[22m:\n        + 1 hidden modules\n    \n    \u001b[1m\u001b[31mERROR in ./~/css-loader!./~/sass-loader!./~/bootstrap-sass-loader/bootstrap-sass-styles.loader.js!./bootstrap.config.prod.js\n    Module build failed: \n    $navbar-padding-horizontal:        floor(math.div($grid-gutter-width, 2)) !default;\n                                                ^\n          Invalid CSS after \"...     floor(math\": expected expression (e.g. 1px, bold), was \".div($grid-gutter-w\"\n          in /quranicaudio/node_modules/bootstrap-sass/assets/stylesheets/bootstrap/_variables.scss (line 369, column 46)\u001b[39m\u001b[22m\nChild \u001b[1mextract-text-webpack-plugin\u001b[39m\u001b[22m:\n        + 1 hidden modules\n    \n    \u001b[1m\u001b[31mERROR in ./~/css-loader?modules&importLoaders=2&sourceMap!./~/autoprefixer-loader?browsers=last 2 version!./~/sass-loader?outputStyle=expanded&sourceMap=true&sourceMapContents=true!./src/containers/Main/style.scss\n    Module build failed: \n    $navbar-padding-horizontal:        floor(math.div($grid-gutter-width, 2)) !default;\n                                                ^\n          Invalid CSS after \"...     floor(math\": expected expression (e.g. 1px, bold), was \".div($grid-gutter-w\"\n          in /quranicaudio/node_modules/bootstrap-sass/assets/stylesheets/bootstrap/_variables.scss (line 369, column 46)\u001b[39m\u001b[22m\nChild \u001b[1mextract-text-webpack-plugin\u001b[39m\u001b[22m:\n        + 1 hidden modules\n    \n    \u001b[1m\u001b[31mERROR in ./~/css-loader?modules&importLoaders=2&sourceMap!./~/autoprefixer-loader?browsers=last 2 version!./~/sass-loader?outputStyle=expanded&sourceMap=true&sourceMapContents=true!./src/containers/Qari/style.scss\n    Module build failed: \n    $navbar-padding-horizontal:        floor(math.div($grid-gutter-width, 2)) !default;\n                                                ^\n          Invalid CSS after \"...     floor(math\": expected expression (e.g. 1px, bold), was \".div($grid-gutter-w\"\n          in /quranicaudio/node_modules/bootstrap-sass/assets/stylesheets/bootstrap/_variables.scss (line 369, column 46)\u001b[39m\u001b[22m\nChild \u001b[1mextract-text-webpack-plugin\u001b[39m\u001b[22m:\n        + 1 hidden modules\n    \n    \u001b[1m\u001b[31mERROR in ./~/css-loader?modules&importLoaders=2&sourceMap!./~/autoprefixer-loader?browsers=last 2 version!./~/sass-loader?outputStyle=expanded&sourceMap=true&sourceMapContents=true!./src/containers/App/style.scss\n    Module build failed: \n    $navbar-padding-horizontal:        floor(math.div($grid-gutter-width, 2)) !default;\n                                                ^\n          Invalid CSS after \"...     floor(math\": expected expression (e.g. 1px, bold), was \".div($grid-gutter-w\"\n          in /quranicaudio/node_modules/bootstrap-sass/assets/stylesheets/bootstrap/_variables.scss (line 369, column 46)\u001b[39m\u001b[22m\nChild \u001b[1mextract-text-webpack-plugin\u001b[39m\u001b[22m:\n        + 1 hidden modules\n    \n    \u001b[1m\u001b[31mERROR in ./~/css-loader?modules&importLoaders=2&sourceMap!./~/autoprefixer-loader?browsers=last 2 version!./~/sass-loader?outputStyle=expanded&sourceMap=true&sourceMapContents=true!./src/components/Header/style.scss\n    Module build failed: \n    $navbar-padding-horizontal:        floor(math.div($grid-gutter-width, 2)) !default;\n                                                ^\n          Invalid CSS after \"...     floor(math\": expected expression (e.g. 1px, bold), was \".div($grid-gutter-w\"\n          in /quranicaudio/node_modules/bootstrap-sass/assets/stylesheets/bootstrap/_variables.scss (line 369, column 46)\u001b[39m\u001b[22m\nChild \u001b[1mextract-text-webpack-plugin\u001b[39m\u001b[22m:\n        + 1 hidden modules\n    \n    \u001b[1m\u001b[31mERROR in ./~/css-loader?modules&importLoaders=2&sourceMap!./~/autoprefixer-loader?browsers=last 2 version!./~/sass-loader?outputStyle=expanded&sourceMap=true&sourceMapContents=true!./src/components/Audioplayer/mobile.scss\n    Module build failed: \n    $navbar-padding-horizontal:        floor(math.div($grid-gutter-width, 2)) !default;\n                                                ^\n          Invalid CSS after \"...     floor(math\": expected expression (e.g. 1px, bold), was \".div($grid-gutter-w\"\n          in /quranicaudio/node_modules/bootstrap-sass/assets/stylesheets/bootstrap/_variables.scss (line 369, column 46)\u001b[39m\u001b[22m\nChild \u001b[1mextract-text-webpack-plugin\u001b[39m\u001b[22m:\n        + 1 hidden modules\n    \n    \u001b[1m\u001b[31mERROR in ./~/css-loader?modules&importLoaders=2&sourceMap!./~/autoprefixer-loader?browsers=last 2 version!./~/sass-loader?outputStyle=expanded&sourceMap=true&sourceMapContents=true!./src/components/QarisList/style.scss\n    Module build failed: \n    $navbar-padding-horizontal:        floor(math.div($grid-gutter-width, 2)) !default;\n                                                ^\n          Invalid CSS after \"...     floor(math\": expected expression (e.g. 1px, bold), was \".div($grid-gutter-w\"\n          in /quranicaudio/node_modules/bootstrap-sass/assets/stylesheets/bootstrap/_variables.scss (line 369, column 46)\u001b[39m\u001b[22m\nChild \u001b[1mextract-text-webpack-plugin\u001b[39m\u001b[22m:\n        + 1 hidden modules\n    \n    \u001b[1m\u001b[31mERROR in ./~/css-loader?modules&importLoaders=2&sourceMap!./~/autoprefixer-loader?browsers=last 2 version!./~/sass-loader?outputStyle=expanded&sourceMap=true&sourceMapContents=true!./src/components/Nav/styles.scss\n    Module build failed: \n    $navbar-padding-horizontal:        floor(math.div($grid-gutter-width, 2)) !default;\n                                                ^\n          Invalid CSS after \"...     floor(math\": expected expression (e.g. 1px, bold), was \".div($grid-gutter-w\"\n          in /quranicaudio/node_modules/bootstrap-sass/assets/stylesheets/bootstrap/_variables.scss (line 369, column 46)\u001b[39m\u001b[22m\nChild \u001b[1mextract-text-webpack-plugin\u001b[39m\u001b[22m:\n        + 1 hidden modules\n    \n    \u001b[1m\u001b[31mERROR in ./~/css-loader?modules&importLoaders=2&sourceMap!./~/autoprefixer-loader?browsers=last 2 version!./~/sass-loader?outputStyle=expanded&sourceMap=true&sourceMapContents=true!./src/components/SurahList/styles.scss\n    Module build failed: \n    $navbar-padding-horizontal:        floor(math.div($grid-gutter-width, 2)) !default;\n                                                ^\n          Invalid CSS after \"...     floor(math\": expected expression (e.g. 1px, bold), was \".div($grid-gutter-w\"\n          in /quranicaudio/node_modules/bootstrap-sass/assets/stylesheets/bootstrap/_variables.scss (line 369, column 46)\u001b[39m\u001b[22m\nChild \u001b[1mextract-text-webpack-plugin\u001b[39m\u001b[22m:\n        + 1 hidden modules\n    \n    \u001b[1m\u001b[31mERROR in ./~/css-loader?modules&importLoaders=2&sourceMap!./~/autoprefixer-loader?browsers=last 2 version!./~/sass-loader?outputStyle=expanded&sourceMap=true&sourceMapContents=true!./src/components/Audioplayer/style.scss\n    Module build failed: \n    $navbar-padding-horizontal:        floor(math.div($grid-gutter-width, 2)) !default;\n                                                ^\n          Invalid CSS after \"...     floor(math\": expected expression (e.g. 1px, bold), was \".div($grid-gutter-w\"\n          in /quranicaudio/node_modules/bootstrap-sass/assets/stylesheets/bootstrap/_variables.scss (line 369, column 46)\u001b[39m\u001b[22m\nChild \u001b[1mextract-text-webpack-plugin\u001b[39m\u001b[22m:\n        + 1 hidden modules\n    \n    \u001b[1m\u001b[31mERROR in ./~/css-loader?modules&importLoaders=2&sourceMap!./~/autoprefixer-loader?browsers=last 2 version!./~/sass-loader?outputStyle=expanded&sourceMap=true&sourceMapContents=true!./src/components/Audioplayer/Track/style.scss\n    Module build failed: \n    $navbar-padding-horizontal:        floor(math.div($grid-gutter-width, 2)) !default;\n                                                ^\n          Invalid CSS after \"...     floor(math\": expected expression (e.g. 1px, bold), was \".div($grid-gutter-w\"\n          in /quranicaudio/node_modules/bootstrap-sass/assets/stylesheets/bootstrap/_variables.scss (line 369, column 46)\u001b[39m\u001b[22m\nChild \u001b[1mextract-text-webpack-plugin\u001b[39m\u001b[22m:\n        + 2 hidden modules\nChild \u001b[1mextract-text-webpack-plugin\u001b[39m\u001b[22m:\n        + 2 hidden modules\nChild \u001b[1mextract-text-webpack-plugin\u001b[39m\u001b[22m:\n        + 2 hidden modules\n\u001b[91mnpm ERR!\u001b[0m\u001b[91m code ELIFECYCLE\n\u001b[0m\u001b[91mnpm \u001b[0m\u001b[91mERR! \u001b[0m\u001b[91merrno\u001b[0m\u001b[91m 2\n\u001b[0m\u001b[91mnpm \u001b[0m\u001b[91mERR!\u001b[0m\u001b[91m audio.quran.com@1.0.0 build: `better-npm-run build`\nnpm\u001b[0m\u001b[91m ERR!\u001b[0m\u001b[91m Exit status 2\n\u001b[0m\u001b[91mnpm \u001b[0m\u001b[91mERR!\u001b[0m\u001b[91m \nnpm\u001b[0m\u001b[91m ERR!\u001b[0m\u001b[91m Failed at the audio.quran.com@1.0.0 build script.\nnpm\u001b[0m\u001b[91m \u001b[0m\u001b[91mERR!\u001b[0m\u001b[91m This is probably not a problem with npm. There is likely additional logging output above.\n\u001b[0m\u001b[91m\nnpm \u001b[0m\u001b[91mERR! A complete log of this run can be found in:\n\u001b[0m\u001b[91mnpm ERR!\u001b[0m\u001b[91m     /root/.npm/_logs/2022-12-29T22_15_51_979Z-debug.log\n\u001b[0mRemoving intermediate container 40b75be2574a\n","stderr":"The command '/bin/sh -c npm run build' returned a non-zero code: 2\n"},"endTime":1672352155882}