{"repository":"https://github.com/shoppinpal/stockup","dockerfilePath":"Dockerfile","startTime":1673173741779,"endTime":1673174779204,"clone":{"startTime":1673173741779,"stdout":"","stderr":"Cloning into '/tmp/dinghy-analysis/shoppinpal/stockup'...\n","error":null,"endTime":1673173745355,"commit":"a40479489b6d51841eaec059a4efa0ef0683fdb7"},"originalBuild":{"startTime":1673173745431,"endTime":1673174779112,"error":{"code":100,"killed":false,"signal":null,"cmd":"docker build --no-cache --force-rm -t stockup:latest -f /tmp/dinghy-analysis/shoppinpal/stockup/Dockerfile ."},"stdout":"Sending build context to Docker daemon  4.493MB\r\r\nStep 1/40 : FROM node:10.15.3 as adminbuilder\n10.15.3: Pulling from library/node\nc5e155d5a1d1: Pulling fs layer\n221d80d00ae9: Pulling fs layer\n4250b3117dca: Pulling fs layer\n3b7ca19181b2: Pulling fs layer\n425d7b2a5bcc: Pulling fs layer\n69df12c70287: Pulling fs layer\nad53476a61f2: Pulling fs layer\n204bb8bac4a1: Pulling fs layer\n3b7ca19181b2: Waiting\n204bb8bac4a1: Waiting\n425d7b2a5bcc: Waiting\n69df12c70287: Waiting\nad53476a61f2: Waiting\n4250b3117dca: Verifying Checksum\n4250b3117dca: Download complete\n221d80d00ae9: Verifying Checksum\n221d80d00ae9: Download complete\nc5e155d5a1d1: Verifying Checksum\nc5e155d5a1d1: Download complete\n69df12c70287: Verifying Checksum\n69df12c70287: Download complete\n3b7ca19181b2: Verifying Checksum\n3b7ca19181b2: Download complete\nad53476a61f2: Verifying Checksum\nad53476a61f2: Download complete\n204bb8bac4a1: Verifying Checksum\n204bb8bac4a1: Download complete\n425d7b2a5bcc: Verifying Checksum\n425d7b2a5bcc: Download complete\nc5e155d5a1d1: Pull complete\n221d80d00ae9: Pull complete\n4250b3117dca: Pull complete\n3b7ca19181b2: Pull complete\n425d7b2a5bcc: Pull complete\n69df12c70287: Pull complete\nad53476a61f2: Pull complete\n204bb8bac4a1: Pull complete\nDigest: sha256:c5e919a89352d3ce6a883dde54a5d51dde12229c2d11088593cd1f3efefcc16e\nStatus: Downloaded newer image for node:10.15.3\n ---> 5a401340b79f\nStep 2/40 : ENV MONGOLAB_URI=mongodb://52.170.2.48:27017/warehouse-local\n ---> Running in c3248002707d\nRemoving intermediate container c3248002707d\n ---> 41be533537a0\nStep 3/40 : RUN mkdir -p /apps/warehouse\n ---> Running in 5aae70375b73\nRemoving intermediate container 5aae70375b73\n ---> 3cc28cf485aa\nStep 4/40 : RUN mkdir -p /apps/warehouse/client\n ---> Running in b8b02e85e7b9\nRemoving intermediate container b8b02e85e7b9\n ---> 8794cb2b67d5\nStep 5/40 : RUN chown -R node:node /apps/warehouse\n ---> Running in d796dd273083\nRemoving intermediate container d796dd273083\n ---> 0459712aa660\nStep 6/40 : COPY . /apps/warehouse\n ---> 2b0ef73283f3\nStep 7/40 : WORKDIR /apps/warehouse\n ---> Running in 55b1925aafad\nRemoving intermediate container 55b1925aafad\n ---> 57b601f388b1\nStep 8/40 : RUN npm install\n ---> Running in 11571184c278\n\u001b[91mnpm\u001b[0m\u001b[91m WARN read-shrinkwrap This version of npm is compatible with lockfileVersion@1, but npm-shrinkwrap.json was generated for lockfileVersion@0. I'll try to do my best with it!\n\u001b[0m\u001b[91mnpm WARN deprecated @sentry/apm@5.10.2: Please migrate to @sentry/tracing; see: https://www.npmjs.com/package/@sentry/apm\n\u001b[0m\u001b[91mnpm WARN deprecated\u001b[0m\u001b[91m babyparse@0.2.1: Deprecated in favour of PapaParse, which now supports Node.js\n\u001b[0m\u001b[91mnpm WARN deprecated\u001b[0m\u001b[91m boom@2.10.1: This version has been deprecated in accordance with the hapi support policy (hapi.im/support). Please upgrade to the latest version to get the best features, bug fixes, and security patches. If you are unable to upgrade at this time, paid support is available for older versions (hapi.im/commercial).\n\u001b[0m\u001b[91mnpm WARN deprecated bson@1.0.9: Fixed a critical issue with BSON serialization documented in CVE-2019-2391, see https://bit.ly/2KcpXdo for more details\n\u001b[0m\u001b[91mnpm WARN deprecated buffer@4.9.1: This version of 'buffer' is out-of-date. You must update to v4.9.2 or newer\n\u001b[0m\u001b[91mnpm WARN deprecated\u001b[0m\u001b[91m buildmail@4.0.1: This project is unmaintained\n\u001b[0m\u001b[91mnpm WARN deprecated coffee-script@1.3.3: CoffeeScript on NPM has moved to \"coffeescript\" (no hyphen)\n\u001b[0m\u001b[91mnpm WARN\u001b[0m\u001b[91m deprecated\u001b[0m\u001b[91m connect@2.30.2: connect 2.x series is deprecated\n\u001b[0m\u001b[91mnpm WARN deprecated core-js@2.6.11: core-js@<3.23.3 is no longer maintained and not recommended for usage due to the number of issues. Because of the V8 engine whims, feature detection in old core-js versions could cause a slowdown up to 100x even if nothing is polyfilled. Some versions have web compatibility issues. Please, upgrade your dependencies to the actual version of core-js.\n\u001b[0m\u001b[91mnpm WARN deprecated cryptiles@2.0.5: This version has been deprecated in accordance with the hapi support policy (hapi.im/support). Please upgrade to the latest version to get the best features, bug fixes, and security patches. If you are unable to upgrade at this time, paid support is available for older versions (hapi.im/commercial).\n\u001b[0m\u001b[91mnpm WARN deprecated coffee-script@1.8.0: CoffeeScript on NPM has moved to \"coffeescript\" (no hyphen)\n\u001b[0m\u001b[91mnpm WARN deprecated mkdirp@0.3.5: Legacy versions of mkdirp are no longer supported. Please update to mkdirp 1.x. (Note that the API surface has changed to use Promises in 1.x.)\n\u001b[0m\u001b[91mnpm WARN deprecated ejs@1.0.0: Critical security bugs fixed in 2.5.5\n\u001b[0m\u001b[91mnpm WARN deprecated minimatch@0.3.0: Please update to minimatch 3.0.2 or higher to avoid a RegExp DoS issue\n\u001b[0m\u001b[91mnpm WARN deprecated formidable@1.2.2: Please upgrade to latest, formidable@v2 or formidable@v3! Check these notes: https://bit.ly/2ZEqIau\n\u001b[0m\u001b[91mnpm WARN deprecated request@2.88.2: request has been deprecated, see https://github.com/request/request/issues/3142\n\u001b[0m\u001b[91mnpm WARN deprecated uuid@3.4.0: Please upgrade  to version 7 or higher.  Older versions may use Math.random() in certain circumstances, which is known to be problematic.  See https://v8.dev/blog/math-random for details.\n\u001b[0m\u001b[91mnpm WARN deprecated gcloud@0.10.0: gcloud has been renamed to google-cloud. To get new features and bug fixes, you must use the new package.\n\u001b[0m\u001b[91mnpm WARN deprecated node-uuid@1.4.8: Use uuid module instead\n\u001b[0m\u001b[91mnpm WARN deprecated minimatch@0.2.14: Please update to minimatch 3.0.2 or higher to avoid a RegExp DoS issue\n\u001b[0m\u001b[91mnpm WARN deprecated\u001b[0m\u001b[91m graceful-fs@1.2.3: please upgrade to graceful-fs 4 for compatibility with current and future versions of Node.js\n\u001b[0m\u001b[91mnpm WARN deprecated grpc@1.24.3: This library will not receive further updates other than security fixes. We recommend using @grpc/grpc-js instead.\n\u001b[0m\u001b[91mnpm WARN deprecated har-validator@5.1.3: this library is no longer supported\n\u001b[0m\u001b[91mnpm WARN deprecated harb@0.1.1: harb has been merged into xlsx\n\u001b[0m\u001b[91mnpm WARN deprecated hawk@2.3.1: This module moved to @hapi/hawk. Please make sure to switch over as this distribution is no longer supported and may contain bugs and critical security issues.\n\u001b[0m\u001b[91mnpm WARN deprecated hoek@2.16.3: This version has been deprecated in accordance with the hapi support policy (hapi.im/support). Please upgrade to the latest version to get the best features, bug fixes, and security patches. If you are unable to upgrade at this time, paid support is available for older versions (hapi.im/commercial).\n\u001b[0m\u001b[91mnpm WARN deprecated\u001b[0m\u001b[91m html-pdf@2.2.0: Please migrate your projects to a newer library like puppeteer\n\u001b[0m\u001b[91mnpm WARN deprecated debug@3.2.6: Debug versions >=3.2.0 <3.2.7 || >=4 <4.3.1 have a low-severity ReDos regression when used in a Node.js environment. It is recommended you upgrade to 3.2.7 or 4.3.1. (https://github.com/visionmedia/debug/issues/797)\n\u001b[0m\u001b[91mnpm WARN deprecated ini@1.3.5: Please update to ini >=1.3.6 to avoid a prototype pollution issue\n\u001b[0m\u001b[91mnpm WARN deprecated items@2.1.2: This module has been deprecated in accordance with the hapi support policy (hapi.im/support). Please upgrade to the latest version of hapi to get the best features, bug fixes, and security patches. If you are unable to upgrade at this time, paid support is available for older versions (hapi.im/commercial).\n\u001b[0m\u001b[91mnpm WARN deprecated j@0.4.5: The underlying libraries have been unified.  See < https://cdn.sheetjs.com/j/ >.\n\u001b[0m\u001b[91mnpm WARN deprecated xlsx@0.9.13: this version is no longer supported.  More info at https://cdn.sheetjs.com/xlsx/\n\u001b[0m\u001b[91mnpm WARN deprecated jade@0.26.3: Jade has been renamed to pug, please install the latest version of pug instead of jade\n\u001b[0m\u001b[91mnpm WARN\u001b[0m\u001b[91m deprecated mkdirp@0.3.0: Legacy versions of mkdirp are no longer supported. Please update to mkdirp 1.x. (Note that the API surface has changed to use Promises in 1.x.)\n\u001b[0m\u001b[91mnpm WARN \u001b[0m\u001b[91mdeprecated\u001b[0m\u001b[91m joi@9.1.1: This version has been deprecated in accordance with the hapi support policy (hapi.im/support). Please upgrade to the latest version to get the best features, bug fixes, and security patches. If you are unable to upgrade at this time, paid support is available for older versions (hapi.im/commercial).\n\u001b[0m\u001b[91mnpm WARN\u001b[0m\u001b[91m deprecated\u001b[0m\u001b[91m hoek@4.2.1: This version has been deprecated in accordance with the hapi support policy (hapi.im/support). Please upgrade to the latest version to get the best features, bug fixes, and security patches. If you are unable to upgrade at this time, paid support is available for older versions (hapi.im/commercial).\n\u001b[0m\u001b[91mnpm WARN\u001b[0m\u001b[91m deprecated\u001b[0m\u001b[91m coffee-script@1.7.1: CoffeeScript on NPM has moved to \"coffeescript\" (no hyphen)\n\u001b[0m\u001b[91mnpm WARN deprecated\u001b[0m\u001b[91m minimatch@0.4.0: Please update to minimatch 3.0.2 or higher to avoid a RegExp DoS issue\n\u001b[0m\u001b[91mnpm WARN deprecated json3@3.3.2: Please use the native JSON object instead of JSON 3\n\u001b[0m\u001b[91mnpm WARN\u001b[0m\u001b[91m deprecated\u001b[0m\u001b[91m loopback@2.37.1: LoopBack 2 is no longer maintained, please upgrade to a newer version. Learn more at https://loopback.io\n\u001b[0m\u001b[91mnpm WARN\u001b[0m\u001b[91m deprecated nodemailer@2.7.2: All versions below 4.0.1 of Nodemailer are deprecated. See https://nodemailer.com/status/\n\u001b[0m\u001b[91mnpm WARN \u001b[0m\u001b[91mdeprecated loopback-boot@2.18.1: This version is no longer supported, please upgrade to 3.x\n\u001b[0m\u001b[91mnpm WARN deprecated loopback-component-explorer@2.4.0: This version is no longer supported, please upgrade to 6.x\n\u001b[0m\u001b[91mnpm WARN deprecated loopback-datasource-juggler@2.46.0: LoopBack 2 is no longer maintained, please upgrade to a newer version. Learn more at https://loopback.io\n\u001b[0m\u001b[91mnpm WARN deprecated loopback-explorer@1.8.0: This version is no longer supported, please upgrade to 6.x\n\u001b[0m\u001b[91mnpm WARN\u001b[0m\u001b[91m deprecated\u001b[0m\u001b[91m mailcomposer@4.0.1: This project is unmaintained\n\u001b[0m\u001b[91mnpm WARN deprecated\u001b[0m\u001b[91m mkdirp@0.5.1: Legacy versions of mkdirp are no longer supported. Please update to mkdirp 1.x. (Note that the API surface has changed to use Promises in 1.x.)\n\u001b[0m\u001b[91mnpm WARN \u001b[0m\u001b[91mdeprecated newrelic@1.30.3: This version of the New Relic Node Agent has reached the end of life.\n\u001b[0m\u001b[91mnpm WARN deprecated node-pre-gyp@0.15.0: Please upgrade to @mapbox/node-pre-gyp: the non-scoped node-pre-gyp package is deprecated and only the @mapbox scoped package will recieve updates in the future\n\u001b[0m\u001b[91mnpm WARN \u001b[0m\u001b[91mdeprecated phantomjs-prebuilt@2.1.16: this package is now deprecated\n\u001b[0m\u001b[91mnpm WARN deprecated\u001b[0m\u001b[91m uuid@3.3.2: Please upgrade  to version 7 or higher.  Older versions may use Math.random() in certain circumstances, which is known to be problematic.  See https://v8.dev/blog/math-random for details.\n\u001b[0m\u001b[91mnpm WARN deprecated\u001b[0m\u001b[91m querystring@0.2.0: The querystring API is considered Legacy. new code should use the URLSearchParams API instead.\n\u001b[0m\u001b[91mnpm WARN deprecated request@2.53.0: request has been deprecated, see https://github.com/request/request/issues/3142\n\u001b[0m\u001b[91mnpm WARN deprecated request-promise@0.3.2: request-promise has been deprecated because it extends the now deprecated request package, see https://github.com/request/request/issues/3142\n\u001b[0m\u001b[91mnpm WARN deprecated sntp@1.0.9: This module moved to @hapi/sntp. Please make sure to switch over as this distribution is no longer supported and may contain bugs and critical security issues.\n\u001b[0m\u001b[91mnpm WARN deprecated socks@1.1.9: If using 2.x branch, please upgrade to at least 2.1.6 to avoid a serious bug with socket data flow and an import issue introduced in 2.1.0\n\u001b[0m\u001b[91mnpm WARN deprecated\u001b[0m\u001b[91m sprintf@0.1.1: The sprintf package is deprecated in favor of sprintf-js.\n\u001b[0m\u001b[91mnpm WARN deprecated stable@0.1.8: Modern JS already guarantees Array#sort() is a stable sort, so this library is deprecated. See the compatibility table on MDN: https://developer.mozilla.org/en-US/docs/Web/JavaScript/Reference/Global_Objects/Array/sort#browser_compatibility\n\u001b[0m\u001b[91mnpm WARN deprecated strong-remoting@2.36.1: LoopBack 2 is no longer maintained, please upgrade to a newer version. Learn more at https://loopback.io\n\u001b[0m\u001b[91mnpm WARN deprecated superagent@3.8.3: Please upgrade to v7.0.2+ of superagent.  We have fixed numerous issues with streams, form-data, attach(), filesystem errors not bubbling up (ENOENT on attach()), and all tests are now passing.  See the releases tab for more information at <https://github.com/visionmedia/superagent/releases>.\n\u001b[0m\u001b[91mnpm WARN deprecated supertest-as-promised@2.0.1: SuperTest 2.0+ supports promises natively; use that instead!\n\u001b[0m\u001b[91mnpm WARN deprecated swagger-ui@2.0.24: No longer maintained, please upgrade to swagger-ui@3.\n\u001b[0m\u001b[91mnpm WARN deprecated coffee-script@1.6.3: CoffeeScript on NPM has moved to \"coffeescript\" (no hyphen)\n\u001b[0m\u001b[91mnpm WARN deprecated\u001b[0m\u001b[91m swagger-client@2.0.36: No longer maintained, please upgrade to swagger-client@3.\n\u001b[0m\u001b[91mnpm WARN deprecated uuid@1.4.2: Please upgrade  to version 7 or higher.  Older versions may use Math.random() in certain circumstances, which is known to be problematic.  See https://v8.dev/blog/math-random for details.\n\u001b[0m\u001b[91mnpm WARN deprecated to-iso-string@0.0.2: to-iso-string has been deprecated, use @segment/to-iso-string instead.\n\u001b[0m\u001b[91mnpm WARN deprecated topo@2.0.2: This version has been deprecated in accordance with the hapi support policy (hapi.im/support). Please upgrade to the latest version to get the best features, bug fixes, and security patches. If you are unable to upgrade at this time, paid support is available for older versions (hapi.im/commercial).\n\u001b[0m\u001b[91mnpm WARN \u001b[0m\u001b[91mdeprecated\u001b[0m\u001b[91m uuid@3.1.0: Please upgrade  to version 7 or higher.  Older versions may use Math.random() in certain circumstances, which is known to be problematic.  See https://v8.dev/blog/math-random for details.\n\u001b[0m\u001b[91mnpm WARN\u001b[0m\u001b[91m deprecated\u001b[0m\u001b[91m win-spawn@2.0.0: use [cross-spawn](https://github.com/IndigoUnited/node-cross-spawn) or [cross-spawn-async](https://github.com/IndigoUnited/node-cross-spawn-async) instead.\n\u001b[0m\u001b[91mnpm WARN deprecated xlsjs@0.7.6: xlsjs has been merged into xlsx\n\u001b[0m\u001b[91mnpm WARN deprecated xlsx@0.8.8: this version is no longer supported.  More info at https://cdn.sheetjs.com/xlsx/\n\u001b[0m\u001b[91mnpm WARN deprecated grunt-ngmin@0.0.3: use grunt-ng-annotate instead\n\u001b[0m\u001b[91mnpm WARN deprecated karma-phantomjs-launcher@0.1.4: PhantomJS development have stopped, use puppeteer or similar\n\u001b[0m\u001b[91mnpm WARN deprecated svgo@0.4.5: This SVGO version is no longer supported. Upgrade to v2.x.x.\n\u001b[0m\u001b[91mnpm WARN deprecated chokidar@2.1.8: Chokidar 2 does not receive security updates since 2019. Upgrade to chokidar 3 with 15x fewer dependencies\n\u001b[0m\u001b[91mnpm WARN deprecated fsevents@1.2.13: fsevents 1 will break on node v14+ and could be using insecure binaries. Upgrade to fsevents 2.\n\u001b[0m\u001b[91mnpm WARN deprecated ngmin@0.4.1: use ng-annotate instead\n\u001b[0m\u001b[91mnpm WARN deprecated protractor@0.24.2: We have news to share - Protractor is deprecated and will reach end-of-life by Summer 2023. To learn more and find out about other options please refer to this post on the Angular blog. Thank you for using and contributing to Protractor. https://goo.gle/state-of-e2e-in-angular\n\u001b[0m\u001b[91mnpm WARN deprecated protractor@0.22.0: We have news to share - Protractor is deprecated and will reach end-of-life by Summer 2023. To learn more and find out about other options please refer to this post on the Angular blog. Thank you for using and contributing to Protractor. https://goo.gle/state-of-e2e-in-angular\n\u001b[0m\u001b[91mnpm WARN deprecated html-webpack-plugin@2.30.1: out of support\n\u001b[0m\u001b[91mnpm WARN deprecated extract-text-webpack-plugin@3.0.0: Deprecated. Please use https://github.com/webpack-contrib/mini-css-extract-plugin\n\u001b[0m\u001b[91mnpm WARN deprecated browserslist@1.7.7: Browserslist 2 could fail on reading Browserslist >3.0 config used in other tools.\n\u001b[0m\u001b[91mnpm WARN deprecated source-map-resolve@0.5.3: See https://github.com/lydell/source-map-resolve#deprecated\n\u001b[0m\u001b[91mnpm WARN deprecated chokidar@1.7.0: Chokidar 2 will break on node v14+. Upgrade to chokidar 3 with 15x less dependencies.\n\u001b[0m\u001b[91mnpm WARN deprecated resolve-url@0.2.1: https://github.com/lydell/resolve-url#deprecated\n\u001b[0m\u001b[91mnpm WARN deprecated urix@0.1.0: Please see https://github.com/lydell/urix#deprecated\n\u001b[0m\u001b[91mnpm WARN deprecated acorn-dynamic-import@2.0.2: This is probably built in to whatever tool you're using. If you still need it... idk\n\u001b[0m\u001b[91mnpm WARN deprecated source-map-url@0.4.1: See https://github.com/lydell/source-map-url#deprecated\n\u001b[0m\u001b[91mnpm WARN deprecated svgo@0.7.2: This SVGO version is no longer supported. Upgrade to v2.x.x.\n\u001b[0m\u001b[91mnpm WARN deprecated flatten@1.0.3: flatten is deprecated in favor of utility frameworks such as lodash.\n\u001b[0m\u001b[91mnpm WARN deprecated xmldom@0.1.31: Deprecated due to CVE-2021-21366 resolved in 0.5.0\n\u001b[0m\n> cson@1.6.2 preinstall /apps/warehouse/node_modules/cson\n> node ./cyclic.js\n\n\n> js2coffee@0.3.5 preinstall /apps/warehouse/node_modules/js2coffee\n> node ./cyclic.js\n\n\n> typechecker@2.0.8 preinstall /apps/warehouse/node_modules/extract-opts/node_modules/typechecker\n> node ./cyclic.js\n\n\n> dtrace-provider@0.8.5 install /apps/warehouse/node_modules/sp-json-logger/node_modules/dtrace-provider\n> node scripts/install.js\n\n\n> dtrace-provider@0.8.5 install /apps/warehouse/node_modules/vend-nodejs-sdk/node_modules/sp-json-logger/node_modules/dtrace-provider\n> node scripts/install.js\n\n\n> grpc@1.24.3 install /apps/warehouse/node_modules/grpc\n> node-pre-gyp install --fallback-to-build --library=static_library\n\n\u001b[91mnode-pre-gyp\u001b[0m\u001b[91m \u001b[0m\u001b[91mWARN Using request for node-pre-gyp https download\u001b[0m\u001b[91m \n\u001b[0m[grpc] Success: \"/apps/warehouse/node_modules/grpc/src/node/extension_binary/node-v64-linux-x64-glibc/grpc_node.node\" is installed via remote\n\n> node-sass@4.14.1 install /apps/warehouse/node_modules/node-sass\n> node scripts/install.js\n\nDownloading binary from https://github.com/sass/node-sass/releases/download/v4.14.1/linux-x64-64_binding.node\nDownload complete\nBinary saved to /apps/warehouse/node_modules/node-sass/vendor/linux-x64-64/binding.node\nCaching binary to /root/.npm/node-sass/4.14.1/linux-x64-64_binding.node\n\n> phantomjs@1.9.20 install /apps/warehouse/node_modules/karma-phantomjs-launcher/node_modules/phantomjs\n> node install.js\n\nPhantomJS not found on PATH\nDownloading https://github.com/Medium/phantomjs/releases/download/v1.9.19/phantomjs-1.9.8-linux-x86_64.tar.bz2\nSaving to /apps/warehouse/node_modules/karma-phantomjs-launcher/node_modules/phantomjs/phantomjs/phantomjs-1.9.8-linux-x86_64.tar.bz2\nReceiving...\n\nReceived 12854K total.\nExtracting tar contents (via spawned process)\nRemoving /apps/warehouse/node_modules/karma-phantomjs-launcher/node_modules/phantomjs/lib/phantom\nCopying extracted folder /apps/warehouse/node_modules/karma-phantomjs-launcher/node_modules/phantomjs/phantomjs/phantomjs-1.9.8-linux-x86_64.tar.bz2-extract-1673174165738/phantomjs-1.9.8-linux-x86_64 -> /apps/warehouse/node_modules/karma-phantomjs-launcher/node_modules/phantomjs/lib/phantom\nWriting location.js file\nDone. Phantomjs binary available at /apps/warehouse/node_modules/karma-phantomjs-launcher/node_modules/phantomjs/lib/phantom/bin/phantomjs\n\n> phantomjs-prebuilt@2.1.16 install /apps/warehouse/node_modules/phantomjs-prebuilt\n> node install.js\n\nPhantomJS not found on PATH\nDownloading https://github.com/Medium/phantomjs/releases/download/v2.1.1/phantomjs-2.1.1-linux-x86_64.tar.bz2\nSaving to /tmp/phantomjs/phantomjs-2.1.1-linux-x86_64.tar.bz2\nReceiving...\n\nReceived 22866K total.\nExtracting tar contents (via spawned process)\nRemoving /apps/warehouse/node_modules/phantomjs-prebuilt/lib/phantom\nCopying extracted folder /tmp/phantomjs/phantomjs-2.1.1-linux-x86_64.tar.bz2-extract-1673174171550/phantomjs-2.1.1-linux-x86_64 -> /apps/warehouse/node_modules/phantomjs-prebuilt/lib/phantom\nWriting location.js file\nDone. Phantomjs binary available at /apps/warehouse/node_modules/phantomjs-prebuilt/lib/phantom/bin/phantomjs\n\n> kerberos@0.0.23 install /apps/warehouse/node_modules/kerberos\n> (node-gyp rebuild) || (exit 0)\n\n\u001b[91m(node:7) MaxListenersExceededWarning: Possible EventEmitter memory leak detected. 11 SIGINT listeners added. Use emitter.setMaxListeners() to increase limit\n\u001b[0mmake: Entering directory '/apps/warehouse/node_modules/kerberos/build'\n  CXX(target) Release/obj.target/kerberos/lib/kerberos.o\n\u001b[91mIn file included from ../../nan/nan.h:190:0,\n                 from ../lib/kerberos.h:9,\n                 from ../lib/kerberos.cc:1:\n../../nan/nan_maybe_43_inl.h: In function 'Nan::Maybe<bool> Nan::ForceSet(v8::Local<v8::Object>, v8::Local<v8::Value>, v8::Local<v8::Value>, v8::PropertyAttribute)':\n../../nan/nan_maybe_43_inl.h:112:15: error: 'class v8::Object' has no member named 'ForceSet'\n   return obj->ForceSet(isolate->GetCurrentContext(), key, value, attribs);\n               ^~~~~~~~\n\u001b[0m\u001b[91mIn file included from ../lib/kerberos.h:9:0,\n                 from ../lib/kerberos.cc:1:\n../../nan/nan.h: In function 'v8::Local<v8::Value> Nan::MakeCallback(v8::Local<v8::Object>, v8::Local<v8::Function>, int, v8::Local<v8::Value>*)':\n../../nan/nan.h:833:60: warning: 'v8::Local<v8::Value> node::MakeCallback(v8::Isolate*, v8::Local<v8::Object>, v8::Local<v8::Function>, int, v8::Local<v8::Value>*)' is deprecated: Use MakeCallback(..., async_context) [-Wdeprecated-declarations]\n         v8::Isolate::GetCurrent(), target, func, argc, argv);\n                                                            ^\nIn file included from ../lib/kerberos.h:4:0,\n                 from ../lib/kerberos.cc:1:\n/root/.node-gyp/10.15.3/include/node/node.h:177:50: note: declared here\n                 NODE_EXTERN v8::Local<v8::Value> MakeCallback(\n                                                  ^\n/root/.node-gyp/10.15.3/include/node/node.h:91:42: note: in definition of macro 'NODE_DEPRECATED'\n     __attribute__((deprecated(message))) declarator\n                                          ^~~~~~~~~~\n\u001b[0m\u001b[91mIn file included from ../lib/kerberos.h:9:0,\n                 from ../lib/kerberos.cc:1:\n../../nan/nan.h: In function 'v8::Local<v8::Value> Nan::MakeCallback(v8::Local<v8::Object>, v8::Local<v8::String>, int, v8::Local<v8::Value>*)':\n../../nan/nan.h:848:62: warning: 'v8::Local<v8::Value> node::MakeCallback(v8::Isolate*, v8::Local<v8::Object>, v8::Local<v8::String>, int, v8::Local<v8::Value>*)' is deprecated: Use MakeCallback(..., async_context) [-Wdeprecated-declarations]\n         v8::Isolate::GetCurrent(), target, symbol, argc, argv);\n                                                              ^\nIn file included from ../lib/kerberos.h:4:0,\n                 from ../lib/kerberos.cc:1:\n/root/.node-gyp/10.15.3/include/node/node.h:170:50: note: declared here\n                 NODE_EXTERN v8::Local<v8::Value> MakeCallback(\n                                                  ^\n/root/.node-gyp/10.15.3/include/node/node.h:91:42: note: in definition of macro 'NODE_DEPRECATED'\n     __attribute__((deprecated(message))) declarator\n                                          ^~~~~~~~~~\n\u001b[0m\u001b[91mIn file included from ../lib/kerberos.h:9:0,\n                 from ../lib/kerberos.cc:1:\n../../nan/nan.h: In function 'v8::Local<v8::Value> Nan::MakeCallback(v8::Local<v8::Object>, const char*, int, v8::Local<v8::Value>*)':\n../../nan/nan.h:863:62: warning: 'v8::Local<v8::Value> node::MakeCallback(v8::Isolate*, v8::Local<v8::Object>, const char*, int, v8::Local<v8::Value>*)' is deprecated: Use MakeCallback(..., async_context) [-Wdeprecated-declarations]\n         v8::Isolate::GetCurrent(), target, method, argc, argv);\n                                                              ^\nIn file included from ../lib/kerberos.h:4:0,\n                 from ../lib/kerberos.cc:1:\n/root/.node-gyp/10.15.3/include/node/node.h:163:50: note: declared here\n                 NODE_EXTERN v8::Local<v8::Value> MakeCallback(\n                                                  ^\n/root/.node-gyp/10.15.3/include/node/node.h:91:42: note: in definition of macro 'NODE_DEPRECATED'\n     __attribute__((deprecated(message))) declarator\n                                          ^~~~~~~~~~\n\u001b[0m\u001b[91mIn file included from ../lib/kerberos.h:9:0,\n                 from ../lib/kerberos.cc:1:\n../../nan/nan.h: In member function 'v8::Local<v8::Value> Nan::Callback::Call_(v8::Isolate*, v8::Local<v8::Object>, int, v8::Local<v8::Value>*) const':\n../../nan/nan.h:1477:5: warning: 'v8::Local<v8::Value> node::MakeCallback(v8::Isolate*, v8::Local<v8::Object>, v8::Local<v8::Function>, int, v8::Local<v8::Value>*)' is deprecated: Use MakeCallback(..., async_context) [-Wdeprecated-declarations]\n     ));\n     ^\nIn file included from ../lib/kerberos.h:4:0,\n                 from ../lib/kerberos.cc:1:\n/root/.node-gyp/10.15.3/include/node/node.h:177:50: note: declared here\n                 NODE_EXTERN v8::Local<v8::Value> MakeCallback(\n                                                  ^\n/root/.node-gyp/10.15.3/include/node/node.h:91:42: note: in definition of macro 'NODE_DEPRECATED'\n     __attribute__((deprecated(message))) declarator\n                                          ^~~~~~~~~~\n\u001b[0m\u001b[91mIn file included from ../lib/kerberos.cc:5:0:\n../lib/kerberos_context.h: In static member function 'static bool KerberosContext::HasInstance(v8::Local<v8::Value>)':\n../lib/kerberos_context.h:28:39: warning: 'v8::Local<v8::Object> v8::Value::ToObject() const' is deprecated: Use maybe version [-Wdeprecated-declarations]\n     Local<Object> obj = val->ToObject();\n                                       ^\nIn file included from /root/.node-gyp/10.15.3/include/node/node.h:63:0,\n                 from ../lib/kerberos.h:4,\n                 from ../lib/kerberos.cc:1:\n/root/.node-gyp/10.15.3/include/node/v8.h:10046:15: note: declared here\n Local<Object> Value::ToObject() const {\n               ^~~~~\n\u001b[0m\u001b[91m../lib/kerberos.cc: In static member function 'static Nan::NAN_METHOD_RETURN_TYPE Kerberos::AuthGSSClientStep(Nan::NAN_METHOD_ARGS_TYPE)':\n../lib/kerberos.cc:253:44: warning: 'v8::Local<v8::Object> v8::Value::ToObject() const' is deprecated: Use maybe version [-Wdeprecated-declarations]\n   Local<Object> object = info[0]->ToObject();\n                                            ^\nIn file included from /root/.node-gyp/10.15.3/include/node/node.h:63:0,\n                 from ../lib/kerberos.h:4,\n                 from ../lib/kerberos.cc:1:\n/root/.node-gyp/10.15.3/include/node/v8.h:10046:15: note: declared here\n Local<Object> Value::ToObject() const {\n               ^~~~~\n\u001b[0m\u001b[91m../lib/kerberos.cc: In static member function 'static Nan::NAN_METHOD_RETURN_TYPE Kerberos::AuthGSSClientUnwrap(Nan::NAN_METHOD_ARGS_TYPE)':\n../lib/kerberos.cc:351:44: warning: 'v8::Local<v8::Object> v8::Value::ToObject() const' is deprecated: Use maybe version [-Wdeprecated-declarations]\n   Local<Object> object = info[0]->ToObject();\n                                            ^\nIn file included from /root/.node-gyp/10.15.3/include/node/node.h:63:0,\n                 from ../lib/kerberos.h:4,\n                 from ../lib/kerberos.cc:1:\n/root/.node-gyp/10.15.3/include/node/v8.h:10046:15: note: declared here\n Local<Object> Value::ToObject() const {\n               ^~~~~\n\u001b[0m\u001b[91m../lib/kerberos.cc: In static member function 'static Nan::NAN_METHOD_RETURN_TYPE Kerberos::AuthGSSClientWrap(Nan::NAN_METHOD_ARGS_TYPE)':\n../lib/kerberos.cc:448:44: warning: 'v8::Local<v8::Object> v8::Value::ToObject() const' is deprecated: Use maybe version [-Wdeprecated-declarations]\n   Local<Object> object = info[0]->ToObject();\n                                            ^\nIn file included from /root/.node-gyp/10.15.3/include/node/node.h:63:0,\n                 from ../lib/kerberos.h:4,\n                 from ../lib/kerberos.cc:1:\n/root/.node-gyp/10.15.3/include/node/v8.h:10046:15: note: declared here\n Local<Object> Value::ToObject() const {\n               ^~~~~\n\u001b[0m\u001b[91m../lib/kerberos.cc: In static member function 'static Nan::NAN_METHOD_RETURN_TYPE Kerberos::AuthGSSClientClean(Nan::NAN_METHOD_ARGS_TYPE)':\n../lib/kerberos.cc:540:44: warning: 'v8::Local<v8::Object> v8::Value::ToObject() const' is deprecated: Use maybe version [-Wdeprecated-declarations]\n   Local<Object> object = info[0]->ToObject();\n                                            ^\nIn file included from /root/.node-gyp/10.15.3/include/node/node.h:63:0,\n                 from ../lib/kerberos.h:4,\n                 from ../lib/kerberos.cc:1:\n/root/.node-gyp/10.15.3/include/node/v8.h:10046:15: note: declared here\n Local<Object> Value::ToObject() const {\n               ^~~~~\n\u001b[0m\u001b[91m../lib/kerberos.cc: In static member function 'static Nan::NAN_METHOD_RETURN_TYPE Kerberos::AuthGSSServerClean(Nan::NAN_METHOD_ARGS_TYPE)':\n../lib/kerberos.cc:716:44: warning: 'v8::Local<v8::Object> v8::Value::ToObject() const' is deprecated: Use maybe version [-Wdeprecated-declarations]\n   Local<Object> object = info[0]->ToObject();\n                                            ^\nIn file included from /root/.node-gyp/10.15.3/include/node/node.h:63:0,\n                 from ../lib/kerberos.h:4,\n                 from ../lib/kerberos.cc:1:\n/root/.node-gyp/10.15.3/include/node/v8.h:10046:15: note: declared here\n Local<Object> Value::ToObject() const {\n               ^~~~~\n\u001b[0m\u001b[91m../lib/kerberos.cc: In static member function 'static Nan::NAN_METHOD_RETURN_TYPE Kerberos::AuthGSSServerStep(Nan::NAN_METHOD_ARGS_TYPE)':\n../lib/kerberos.cc:802:44: warning: 'v8::Local<v8::Object> v8::Value::ToObject() const' is deprecated: Use maybe version [-Wdeprecated-declarations]\n   Local<Object> object = info[0]->ToObject();\n                                            ^\nIn file included from /root/.node-gyp/10.15.3/include/node/node.h:63:0,\n                 from ../lib/kerberos.h:4,\n                 from ../lib/kerberos.cc:1:\n/root/.node-gyp/10.15.3/include/node/v8.h:10046:15: note: declared here\n Local<Object> Value::ToObject() const {\n               ^~~~~\n\u001b[0m\u001b[91m../lib/kerberos.cc: In static member function 'static void Kerberos::After(uv_work_t*)':\n../lib/kerberos.cc:941:39: warning: 'v8::Local<v8::Object> v8::Value::ToObject() const' is deprecated: Use maybe version [-Wdeprecated-declarations]\n     Local<Object> obj = err->ToObject();\n                                       ^\nIn file included from /root/.node-gyp/10.15.3/include/node/node.h:63:0,\n                 from ../lib/kerberos.h:4,\n                 from ../lib/kerberos.cc:1:\n/root/.node-gyp/10.15.3/include/node/v8.h:10046:15: note: declared here\n Local<Object> Value::ToObject() const {\n               ^~~~~\n\u001b[0mkerberos.target.mk:105: recipe for target 'Release/obj.target/kerberos/lib/kerberos.o' failed\nmake: Leaving directory '/apps/warehouse/node_modules/kerberos/build'\n\u001b[91mmake: *** [Release/obj.target/kerberos/lib/kerberos.o] Error 1\n\u001b[0m\u001b[91mgyp ERR!\u001b[0m\u001b[91m \u001b[0m\u001b[91mbuild error\u001b[0m\u001b[91m \n\u001b[0m\u001b[91mgyp \u001b[0m\u001b[91mERR!\u001b[0m\u001b[91m \u001b[0m\u001b[91mstack\u001b[0m\u001b[91m Error: `make` failed with exit code: 2\n\u001b[0m\u001b[91mgyp\u001b[0m\u001b[91m \u001b[0m\u001b[91mERR!\u001b[0m\u001b[91m \u001b[0m\u001b[91mstack     at ChildProcess.onExit (/usr/local/lib/node_modules/npm/node_modules/node-gyp/lib/build.js:262:23)\n\u001b[0m\u001b[91mgyp \u001b[0m\u001b[91mERR!\u001b[0m\u001b[91m \u001b[0m\u001b[91mstack\u001b[0m\u001b[91m     at ChildProcess.emit (events.js:189:13)\ngyp\u001b[0m\u001b[91m \u001b[0m\u001b[91mERR! \u001b[0m\u001b[91mstack\u001b[0m\u001b[91m     at Process.ChildProcess._handle.onexit (internal/child_process.js:248:12)\n\u001b[0m\u001b[91mgyp \u001b[0m\u001b[91mERR! \u001b[0m\u001b[91mSystem Linux 5.4.0-113-generic\n\u001b[0m\u001b[91mgyp \u001b[0m\u001b[91mERR! \u001b[0m\u001b[91mcommand \"/usr/local/bin/node\" \"/usr/local/lib/node_modules/npm/node_modules/node-gyp/bin/node-gyp.js\" \"rebuild\"\n\u001b[0m\u001b[91mgyp \u001b[0m\u001b[91mERR! \u001b[0m\u001b[91mcwd /apps/warehouse/node_modules/kerberos\n\u001b[0m\u001b[91mgyp\u001b[0m\u001b[91m ERR!\u001b[0m\u001b[91m node -v v10.15.3\n\u001b[0m\u001b[91mgyp \u001b[0m\u001b[91mERR!\u001b[0m\u001b[91m \u001b[0m\u001b[91mnode-gyp -v\u001b[0m\u001b[91m v3.8.0\n\u001b[0m\u001b[91mgyp ERR!\u001b[0m\u001b[91m not ok\u001b[0m\u001b[91m \n\u001b[0m\n> core-js@2.6.11 postinstall /apps/warehouse/node_modules/core-js\n> node -e \"try{require('./postinstall')}catch(e){}\"\n\n\u001b[96mThank you for using core-js (\u001b[94m https://github.com/zloirock/core-js \u001b[96m) for polyfilling JavaScript standard library!\u001b[0m\n\n\u001b[96mThe project needs your help! Please consider supporting of core-js on Open Collective or Patreon: \u001b[0m\n\u001b[96m>\u001b[94m https://opencollective.com/core-js \u001b[0m\n\u001b[96m>\u001b[94m https://www.patreon.com/zloirock \u001b[0m\n\n\u001b[96mAlso, the author of core-js (\u001b[94m https://github.com/zloirock \u001b[96m) is looking for a good job -)\u001b[0m\n\n\n> ejs@2.7.4 postinstall /apps/warehouse/node_modules/loopback-swagger/node_modules/ejs\n> node ./postinstall.js\n\nThank you for installing \u001b[35mEJS\u001b[0m: built with the \u001b[32mJake\u001b[0m JavaScript build tool (\u001b[32mhttps://jakejs.com/\u001b[0m)\n\n\n> ejs@2.7.4 postinstall /apps/warehouse/node_modules/loopback/node_modules/ejs\n> node ./postinstall.js\n\nThank you for installing \u001b[35mEJS\u001b[0m: built with the \u001b[32mJake\u001b[0m JavaScript build tool (\u001b[32mhttps://jakejs.com/\u001b[0m)\n\n\n> es5-ext@0.10.62 postinstall /apps/warehouse/node_modules/es5-ext\n>  node -e \"try{require('./_postinstall')}catch(e){}\" || exit 0\n\n\n> uglifyjs-webpack-plugin@0.4.6 postinstall /apps/warehouse/node_modules/uglifyjs-webpack-plugin\n> node lib/post_install.js\n\n\n> node-sass@4.14.1 postinstall /apps/warehouse/node_modules/node-sass\n> node scripts/build.js\n\nBinary found at /apps/warehouse/node_modules/node-sass/vendor/linux-x64-64/binding.node\nTesting binary\nBinary has a problem: { Error: Cannot find module 'lodash/cloneDeep'\n    at Function.Module._resolveFilename (internal/modules/cjs/loader.js:582:15)\n    at Function.Module._load (internal/modules/cjs/loader.js:508:25)\n    at Module.require (internal/modules/cjs/loader.js:637:17)\n    at require (internal/modules/cjs/helpers.js:22:18)\n    at Object.<anonymous> (/apps/warehouse/node_modules/node-sass/lib/index.js:6:15)\n    at Module._compile (internal/modules/cjs/loader.js:701:30)\n    at Object.Module._extensions..js (internal/modules/cjs/loader.js:712:10)\n    at Module.load (internal/modules/cjs/loader.js:600:32)\n    at tryModuleLoad (internal/modules/cjs/loader.js:539:12)\n    at Function.Module._load (internal/modules/cjs/loader.js:531:3) code: 'MODULE_NOT_FOUND' }\nBuilding the binary locally\nBuilding: /usr/local/bin/node /apps/warehouse/node_modules/node-gyp/bin/node-gyp.js rebuild --verbose --libsass_ext= --libsass_cflags= --libsass_ldflags= --libsass_library=\n\u001b[91mgyp\u001b[0m\u001b[91m info\u001b[0m\u001b[91m it worked if it ends with ok\n\u001b[0m\u001b[91mgyp verb cli [ '/usr/local/bin/node',\ngyp \u001b[0m\u001b[91mverb cli\u001b[0m\u001b[91m   '/apps/warehouse/node_modules/node-gyp/bin/node-gyp.js',\ngyp\u001b[0m\u001b[91m verb cli\u001b[0m\u001b[91m   'rebuild',\ngyp verb \u001b[0m\u001b[91mcli   '--verbose',\ngyp verb \u001b[0m\u001b[91mcli   '--libsass_ext=',\ngyp verb\u001b[0m\u001b[91m \u001b[0m\u001b[91mcli   '--libsass_cflags=',\n\u001b[0m\u001b[91mgyp verb\u001b[0m\u001b[91m cli   '--libsass_ldflags=',\ngyp \u001b[0m\u001b[91mverb cli   '--libsass_library=' ]\n\u001b[0m\u001b[91mgyp info using node-gyp@3.8.0\n\u001b[0m\u001b[91mgyp info using node@10.15.3 | linux | x64\n\u001b[0m\u001b[91mgyp verb command rebuild []\n\u001b[0m\u001b[91mgyp verb command clean []\n\u001b[0m\u001b[91mgyp \u001b[0m\u001b[91mverb \u001b[0m\u001b[91mclean\u001b[0m\u001b[91m removing \"build\" directory\n\u001b[0m\u001b[91mgyp verb\u001b[0m\u001b[91m command\u001b[0m\u001b[91m configure []\n\u001b[0m\u001b[91mgyp verb check python checking for Python executable \"python2\" in the PATH\n\u001b[0m\u001b[91mgyp \u001b[0m\u001b[91mverb\u001b[0m\u001b[91m \u001b[0m\u001b[91m`which` succeeded\u001b[0m\u001b[91m python2 /usr/bin/python2\n\u001b[0m\u001b[91mgyp verb check python version `/usr/bin/python2 -c \"import sys; print \"2.7.13\ngyp verb check python version .%s.%s\" % sys.version_info[:3];\"` returned: %j\n\u001b[0m\u001b[91mgyp verb get node dir no --target version specified, falling back to host node version: 10.15.3\n\u001b[0m\u001b[91mgyp verb \u001b[0m\u001b[91mcommand\u001b[0m\u001b[91m install [ '10.15.3' ]\n\u001b[0m\u001b[91mgyp verb install input version string \"10.15.3\"\ngyp verb install installing version: 10.15.3\ngyp verb install --ensure was passed, so won't reinstall if already installed\n\u001b[0m\u001b[91mgyp verb install version is already installed, need to check \"installVersion\"\n\u001b[0m\u001b[91mgyp verb got \"installVersion\"\u001b[0m\u001b[91m 9\ngyp verb \u001b[0m\u001b[91mneeds \"installVersion\" 9\ngyp\u001b[0m\u001b[91m verb install\u001b[0m\u001b[91m version is good\n\u001b[0m\u001b[91mgyp verb get node dir target node version installed: 10.15.3\n\u001b[0m\u001b[91mgyp verb build dir attempting to create \"build\" dir: /apps/warehouse/node_modules/node-sass/build\n\u001b[0m\u001b[91mgyp verb build dir\u001b[0m\u001b[91m \"build\" dir needed to be created? /apps/warehouse/node_modules/node-sass/build\ngyp verb\u001b[0m\u001b[91m build/config.gypi creating config file\n\u001b[0m\u001b[91mgyp verb build/config.gypi writing out config file: /apps/warehouse/node_modules/node-sass/build/config.gypi\n\u001b[0m\u001b[91mgyp verb config.gypi\u001b[0m\u001b[91m checking for gypi file: /apps/warehouse/node_modules/node-sass/config.gypi\n\u001b[0m\u001b[91mgyp verb common.gypi checking for gypi file: /apps/warehouse/node_modules/node-sass/common.gypi\n\u001b[0m\u001b[91mgyp verb gyp\u001b[0m\u001b[91m gyp format was not specified; forcing \"make\"\n\u001b[0m\u001b[91mgyp\u001b[0m\u001b[91m info\u001b[0m\u001b[91m spawn\u001b[0m\u001b[91m /usr/bin/python2\n\u001b[0m\u001b[91mgyp \u001b[0m\u001b[91minfo \u001b[0m\u001b[91mspawn args\u001b[0m\u001b[91m [ '/apps/warehouse/node_modules/node-gyp/gyp/gyp_main.py',\n\u001b[0m\u001b[91mgyp\u001b[0m\u001b[91m \u001b[0m\u001b[91minfo \u001b[0m\u001b[91mspawn args\u001b[0m\u001b[91m   'binding.gyp',\n\u001b[0m\u001b[91mgyp\u001b[0m\u001b[91m \u001b[0m\u001b[91minfo\u001b[0m\u001b[91m \u001b[0m\u001b[91mspawn args\u001b[0m\u001b[91m   '-f',\n\u001b[0m\u001b[91mgyp\u001b[0m\u001b[91m \u001b[0m\u001b[91minfo\u001b[0m\u001b[91m \u001b[0m\u001b[91mspawn args\u001b[0m\u001b[91m   'make',\n\u001b[0m\u001b[91mgyp\u001b[0m\u001b[91m \u001b[0m\u001b[91minfo \u001b[0m\u001b[91mspawn args\u001b[0m\u001b[91m   '-I',\ngyp\u001b[0m\u001b[91m \u001b[0m\u001b[91minfo\u001b[0m\u001b[91m spawn args   '/apps/warehouse/node_modules/node-sass/build/config.gypi',\ngyp\u001b[0m\u001b[91m info\u001b[0m\u001b[91m spawn args\u001b[0m\u001b[91m   '-I',\ngyp\u001b[0m\u001b[91m \u001b[0m\u001b[91minfo\u001b[0m\u001b[91m \u001b[0m\u001b[91mspawn args   '/apps/warehouse/node_modules/node-gyp/addon.gypi',\n\u001b[0m\u001b[91mgyp\u001b[0m\u001b[91m info\u001b[0m\u001b[91m spawn args\u001b[0m\u001b[91m   '-I',\ngyp\u001b[0m\u001b[91m \u001b[0m\u001b[91minfo \u001b[0m\u001b[91mspawn args   '/root/.node-gyp/10.15.3/include/node/common.gypi',\n\u001b[0m\u001b[91mgyp\u001b[0m\u001b[91m info\u001b[0m\u001b[91m spawn args\u001b[0m\u001b[91m   '-Dlibrary=shared_library',\ngyp\u001b[0m\u001b[91m \u001b[0m\u001b[91minfo\u001b[0m\u001b[91m \u001b[0m\u001b[91mspawn args\u001b[0m\u001b[91m   '-Dvisibility=default',\n\u001b[0m\u001b[91mgyp info\u001b[0m\u001b[91m spawn args\u001b[0m\u001b[91m   '-Dnode_root_dir=/root/.node-gyp/10.15.3',\n\u001b[0m\u001b[91mgyp \u001b[0m\u001b[91minfo \u001b[0m\u001b[91mspawn args   '-Dnode_gyp_dir=/apps/warehouse/node_modules/node-gyp',\n\u001b[0m\u001b[91mgyp\u001b[0m\u001b[91m info\u001b[0m\u001b[91m spawn args\u001b[0m\u001b[91m   '-Dnode_lib_file=/root/.node-gyp/10.15.3/<(target_arch)/node.lib',\ngyp\u001b[0m\u001b[91m info\u001b[0m\u001b[91m spawn args\u001b[0m\u001b[91m   '-Dmodule_root_dir=/apps/warehouse/node_modules/node-sass',\n\u001b[0m\u001b[91mgyp \u001b[0m\u001b[91minfo\u001b[0m\u001b[91m \u001b[0m\u001b[91mspawn args   '-Dnode_engine=v8',\n\u001b[0m\u001b[91mgyp\u001b[0m\u001b[91m \u001b[0m\u001b[91minfo \u001b[0m\u001b[91mspawn args\u001b[0m\u001b[91m   '--depth=.',\ngyp\u001b[0m\u001b[91m \u001b[0m\u001b[91minfo\u001b[0m\u001b[91m \u001b[0m\u001b[91mspawn args\u001b[0m\u001b[91m   '--no-parallel',\n\u001b[0m\u001b[91mgyp\u001b[0m\u001b[91m info\u001b[0m\u001b[91m spawn args\u001b[0m\u001b[91m   '--generator-output',\ngyp\u001b[0m\u001b[91m info\u001b[0m\u001b[91m \u001b[0m\u001b[91mspawn args\u001b[0m\u001b[91m   'build',\n\u001b[0m\u001b[91mgyp \u001b[0m\u001b[91minfo\u001b[0m\u001b[91m spawn args\u001b[0m\u001b[91m   '-Goutput_dir=.' ]\n\u001b[0m\u001b[91mgyp verb\u001b[0m\u001b[91m command\u001b[0m\u001b[91m build []\n\u001b[0m\u001b[91mgyp verb build type\u001b[0m\u001b[91m Release\ngyp\u001b[0m\u001b[91m \u001b[0m\u001b[91mverb architecture\u001b[0m\u001b[91m x64\n\u001b[0m\u001b[91mgyp \u001b[0m\u001b[91mverb\u001b[0m\u001b[91m node dev dir\u001b[0m\u001b[91m /root/.node-gyp/10.15.3\n\u001b[0m\u001b[91mgyp verb\u001b[0m\u001b[91m `which` succeeded for `make`\u001b[0m\u001b[91m /usr/bin/make\n\u001b[0m\u001b[91mgyp info \u001b[0m\u001b[91mspawn\u001b[0m\u001b[91m make\n\u001b[0m\u001b[91mgyp info\u001b[0m\u001b[91m spawn args\u001b[0m\u001b[91m [ 'V=1', 'BUILDTYPE=Release', '-C', 'build' ]\n\u001b[0mmake: Entering directory '/apps/warehouse/node_modules/node-sass/build'\n  g++ '-DNODE_GYP_MODULE_NAME=binding' '-DUSING_UV_SHARED=1' '-DUSING_V8_SHARED=1' '-DV8_DEPRECATION_WARNINGS=1' '-D_LARGEFILE_SOURCE' '-D_FILE_OFFSET_BITS=64' '-DBUILDING_NODE_EXTENSION' -I/root/.node-gyp/10.15.3/include/node -I/root/.node-gyp/10.15.3/src -I/root/.node-gyp/10.15.3/deps/openssl/config -I/root/.node-gyp/10.15.3/deps/openssl/openssl/include -I/root/.node-gyp/10.15.3/deps/uv/include -I/root/.node-gyp/10.15.3/deps/zlib -I/root/.node-gyp/10.15.3/deps/v8/include -I../../nan  -fPIC -pthread -Wall -Wextra -Wno-unused-parameter -m64 -O3 -fno-omit-frame-pointer -fno-rtti -fno-exceptions -std=gnu++1y -std=c++0x -MMD -MF ./Release/.deps/Release/obj.target/binding/src/binding.o.d.raw   -c -o Release/obj.target/binding/src/binding.o ../src/binding.cpp\n\u001b[91mIn file included from ../src/binding.cpp:3:0:\n../src/sass_context_wrapper.h:8:26: fatal error: sass/context.h: No such file or directory\n #include <sass/context.h>\n                          ^\ncompilation terminated.\n\u001b[0mbinding.target.mk:116: recipe for target 'Release/obj.target/binding/src/binding.o' failed\nmake: Leaving directory '/apps/warehouse/node_modules/node-sass/build'\n\u001b[91mmake: *** [Release/obj.target/binding/src/binding.o] Error 1\n\u001b[0m\u001b[91mgyp\u001b[0m\u001b[91m ERR!\u001b[0m\u001b[91m \u001b[0m\u001b[91mbuild error\u001b[0m\u001b[91m \n\u001b[0m\u001b[91mgyp \u001b[0m\u001b[91mERR! \u001b[0m\u001b[91mstack\u001b[0m\u001b[91m Error: `make` failed with exit code: 2\ngyp\u001b[0m\u001b[91m ERR!\u001b[0m\u001b[91m \u001b[0m\u001b[91mstack\u001b[0m\u001b[91m     at ChildProcess.onExit (/apps/warehouse/node_modules/node-gyp/lib/build.js:262:23)\n\u001b[0m\u001b[91mgyp \u001b[0m\u001b[91mERR!\u001b[0m\u001b[91m stack\u001b[0m\u001b[91m     at ChildProcess.emit (events.js:189:13)\n\u001b[0m\u001b[91mgyp\u001b[0m\u001b[91m ERR!\u001b[0m\u001b[91m stack\u001b[0m\u001b[91m     at Process.ChildProcess._handle.onexit (internal/child_process.js:248:12)\n\u001b[0m\u001b[91mgyp \u001b[0m\u001b[91mERR! \u001b[0m\u001b[91mSystem Linux 5.4.0-113-generic\n\u001b[0m\u001b[91mgyp ERR! \u001b[0m\u001b[91mcommand\u001b[0m\u001b[91m \"/usr/local/bin/node\" \"/apps/warehouse/node_modules/node-gyp/bin/node-gyp.js\" \"rebuild\" \"--verbose\" \"--libsass_ext=\" \"--libsass_cflags=\" \"--libsass_ldflags=\" \"--libsass_library=\"\n\u001b[0m\u001b[91mgyp ERR! \u001b[0m\u001b[91mcwd /apps/warehouse/node_modules/node-sass\n\u001b[0m\u001b[91mgyp \u001b[0m\u001b[91mERR! \u001b[0m\u001b[91mnode -v\u001b[0m\u001b[91m v10.15.3\n\u001b[0m\u001b[91mgyp \u001b[0m\u001b[91mERR!\u001b[0m\u001b[91m \u001b[0m\u001b[91mnode-gyp -v\u001b[0m\u001b[91m v3.8.0\ngyp \u001b[0m\u001b[91mERR! \u001b[0m\u001b[91mnot ok\u001b[0m\u001b[91m \n\u001b[0m\u001b[91mBuild failed with error code: 1\n\u001b[0m\n> nodemon@1.18.3 postinstall /apps/warehouse/node_modules/nodemon\n> node bin/postinstall || exit 0\n\n\u001b[32mLove nodemon? You can now support the project via the open collective:\u001b[22m\u001b[39m\n > \u001b[96m\u001b[1mhttps://opencollective.com/nodemon/donate\u001b[0m\n\n\u001b[91mnpm WARN lifecycle stockup@1.6.24~postinstall: cannot run in wd stockup@1.6.24 echo -n $NODE_ENV | grep -v 'production' && ./node_modules/protractor/bin/webdriver-manager update || echo 'will NOT run webdriver install or update' (wd=/apps/warehouse)\n\u001b[0m\u001b[91mnpm WARN optional SKIPPING OPTIONAL DEPENDENCY: sl-blip@http://blip.strongloop.com/loopback-component-storage@1.5.1 (node_modules/loopback-component-storage/node_modules/sl-blip):\n\u001b[0m\u001b[91mnpm WARN network\u001b[0m\u001b[91m SKIPPING OPTIONAL DEPENDENCY: request to http://blip.strongloop.com/loopback-component-storage@1.5.1 failed, reason: getaddrinfo ENOTFOUND blip.strongloop.com blip.strongloop.com:80\n\u001b[0m\u001b[91mnpm WARN \u001b[0m\u001b[91moptional SKIPPING OPTIONAL DEPENDENCY: fsevents@~2.3.2 (node_modules/chokidar/node_modules/fsevents):\nnpm\u001b[0m\u001b[91m \u001b[0m\u001b[91mWARN\u001b[0m\u001b[91m notsup\u001b[0m\u001b[91m SKIPPING OPTIONAL DEPENDENCY: Unsupported platform for fsevents@2.3.2: wanted {\"os\":\"darwin\",\"arch\":\"any\"} (current: {\"os\":\"linux\",\"arch\":\"x64\"})\n\u001b[0m\u001b[91mnpm WARN \u001b[0m\u001b[91moptional\u001b[0m\u001b[91m SKIPPING OPTIONAL DEPENDENCY: fsevents@^1.2.7 (node_modules/watchpack-chokidar2/node_modules/chokidar/node_modules/fsevents):\n\u001b[0m\u001b[91mnpm WARN\u001b[0m\u001b[91m notsup\u001b[0m\u001b[91m SKIPPING OPTIONAL DEPENDENCY: Unsupported platform for fsevents@1.2.13: wanted {\"os\":\"darwin\",\"arch\":\"any\"} (current: {\"os\":\"linux\",\"arch\":\"x64\"})\n\u001b[0m\u001b[91mnpm WARN\u001b[0m\u001b[91m \u001b[0m\u001b[91moptional\u001b[0m\u001b[91m SKIPPING OPTIONAL DEPENDENCY: fsevents@^1.0.0 (node_modules/webpack-dev-server/node_modules/chokidar/node_modules/fsevents):\nnpm\u001b[0m\u001b[91m WARN notsup\u001b[0m\u001b[91m SKIPPING OPTIONAL DEPENDENCY: Unsupported platform for fsevents@1.2.13: wanted {\"os\":\"darwin\",\"arch\":\"any\"} (current: {\"os\":\"linux\",\"arch\":\"x64\"})\n\u001b[0m\u001b[91mnpm \u001b[0m\u001b[91mWARN \u001b[0m\u001b[91moptional\u001b[0m\u001b[91m SKIPPING OPTIONAL DEPENDENCY: fsevents@^1.2.7 (node_modules/nodemon/node_modules/chokidar/node_modules/fsevents):\n\u001b[0m\u001b[91mnpm WARN notsup SKIPPING OPTIONAL DEPENDENCY: Unsupported platform for fsevents@1.2.13: wanted {\"os\":\"darwin\",\"arch\":\"any\"} (current: {\"os\":\"linux\",\"arch\":\"x64\"})\n\u001b[0m\u001b[91mnpm WARN\u001b[0m\u001b[91m grunt-karma@0.6.2 requires a peer of karma@~0.10.0 but none is installed. You must install peer dependencies yourself.\n\u001b[0m\u001b[91mnpm\u001b[0m\u001b[91m WARN\u001b[0m\u001b[91m karma-requirejs@0.2.6 requires a peer of karma@>=0.9 but none is installed. You must install peer dependencies yourself.\n\u001b[0m\u001b[91mnpm WARN\u001b[0m\u001b[91m karma-html2js-preprocessor@0.1.0 requires a peer of karma@>=0.9 but none is installed. You must install peer dependencies yourself.\nnpm\u001b[0m\u001b[91m \u001b[0m\u001b[91mWARN\u001b[0m\u001b[91m karma-script-launcher@0.1.0 requires a peer of karma@>=0.9 but none is installed. You must install peer dependencies yourself.\n\u001b[0m\u001b[91mnpm WARN\u001b[0m\u001b[91m karma-jasmine@0.1.6 requires a peer of karma@>=0.9 but none is installed. You must install peer dependencies yourself.\nnpm\u001b[0m\u001b[91m WARN\u001b[0m\u001b[91m karma-coffee-preprocessor@0.1.3 requires a peer of karma@>=0.9 but none is installed. You must install peer dependencies yourself.\n\u001b[0m\u001b[91mnpm WARN\u001b[0m\u001b[91m karma-phantomjs-launcher@0.1.4 requires a peer of karma@>=0.9 but none is installed. You must install peer dependencies yourself.\n\u001b[0m\u001b[91mnpm WARN\u001b[0m\u001b[91m @angular-devkit/schematics@0.0.52 requires a peer of @angular-devkit/core@0.0.29 but none is installed. You must install peer dependencies yourself.\n\u001b[0m\u001b[91mnpm WARN\u001b[0m\u001b[91m @schematics/angular@0.0.49 requires a peer of @angular-devkit/schematics@0.0.34 but none is installed. You must install peer dependencies yourself.\nnpm\u001b[0m\u001b[91m WARN\u001b[0m\u001b[91m stockup@1.6.24 No description\n\u001b[0m\u001b[91mnpm \u001b[0m\u001b[91mWARN\u001b[0m\u001b[91m stockup@1.6.24 No repository field.\n\u001b[0m\u001b[91mnpm \u001b[0m\u001b[91mWARN\u001b[0m\u001b[91m stockup@1.6.24 No license field.\n\u001b[0m\u001b[91mnpm WARN \u001b[0m\u001b[91moptional SKIPPING OPTIONAL DEPENDENCY: node-sass@4.14.1 (node_modules/node-sass):\n\u001b[0m\u001b[91mnpm \u001b[0m\u001b[91mWARN\u001b[0m\u001b[91m optional SKIPPING OPTIONAL DEPENDENCY: node-sass@4.14.1 postinstall: `node scripts/build.js`\n\u001b[0m\u001b[91mnpm\u001b[0m\u001b[91m \u001b[0m\u001b[91mWARN optional\u001b[0m\u001b[91m SKIPPING OPTIONAL DEPENDENCY: Exit status 1\n\u001b[0m\u001b[91m\n\u001b[0madded 1884 packages from 1577 contributors and audited 1871 packages in 359.703s\nfound 603 vulnerabilities (55 low, 169 moderate, 290 high, 89 critical)\n  run `npm audit fix` to fix them, or `npm audit` for details\nRemoving intermediate container 11571184c278\n ---> 372e2a4f4ed7\nStep 9/40 : RUN npm run angular2-sdk\n ---> Running in 3845812a1adf\n\n> stockup@1.6.24 angular2-sdk /apps/warehouse\n> DEBUG=boot:*,common:models:*,server:* SKIP_SEEDING=true ./node_modules/.bin/lb-sdk server/server.js admin/src/app/shared/lb-sdk -i enabled -w enabled\n\n\n\n==========================================================================================\n*    __                  ___           __     _______  __ __  ___       _ __   __        *\n*   / /  ___  ___  ___  / _ )___ _____/ /__  / __/ _ \\/ //_/ / _ )__ __(_) /__/ /__ ____ *\n*  / /__/ _ \\/ _ \\/ _ \\/ _  / _ `/ __/  '_/ _\\ \\/ // / ,<   / _  / // / / / _  / -_) __/ *\n* /____/\\___/\\___/ .__/____/\\_,_/\\__/_/\\_\\ /___/____/_/|_| /____/\\_,_/_/_/\\_,_/\\__/_/V2  *\n*                 /_/                                                                    *\n*                                                                                        *\n*========================================================================================*\n*                                                                                        *\n*                       Developed & Maintained by Jonathan Casarrubias                   *\n*       MEAN Expert  http://mean.expert  http://github.com/mean-expert-official        *\n*                                                                                        *\n*                                      CONTRIBUTORS                                      *\n*                         Joo Ribeiro <http://jonnybgod.ghost.io>                       *\n*                      Nikolay Matiushenkov <https://github.com/mnvx>                    *\n*                         Sylvain Dumont <https://www.weboaks.com>                       *\n*                        Yonggang Luo <https://github.com/lygstate>                      *\n*                       Chris Tunbridge <https://github.com/Destreyf>                    *\n*                       Miguel Serrano <https://github.com/Serranom4>                    *\n*                         Julien Ledun <https://github.com/jledun>                       *\n*                           Paul Robinson <http://nextfaze.com>                          *\n*                         Corentin Hatte <https://github.com/viki53>                     *\n*                      Fabian Scheidt <https://github.com/fabianscheidt>                 *\n*                    Micha Frczkiewicz <https://github.com/bonaventoora>               *\n*                                                                                        *\n*                                 ORIGINALLY FORKED FROM                                 *\n*                      Miroslav Bajtos' <miroslav@strongloop.com>                        *\n*                   https://github.com/strongloop/loopback-sdk-angular                   *\n*                                                                                        *\n==========================================================================================\n\nTHE MAGIC IS ABOUT TO HAPPEN ...\n\n\n{\"name\":\"sp-json-logger\",\"hostname\":\"3845812a1adf\",\"pid\":19,\"level\":20,\"application\":\"\",\"program\":\"\",\"language\":\"\",\"log\":{\"message\":\"Sentry initiated at Web Server\"},\"msg\":\"\",\"time\":\"2023-01-08T10:37:42.912Z\",\"v\":0}\n\u001b[91mthe options [host] is not supported\nthe options [port] is not supported\nthe options [database] is not supported\nthe options [name] is not supported\nthe options [connector] is not supported\nthe options [debug] is not supported\nthe options [url] is not supported\nthe options [safe] is not supported\n\u001b[0m\u001b[91mSun, 08 Jan 2023 10:37:43 GMT loopback deprecated loopback#context middleware is deprecated. See https://docs.strongloop.com/display/APIC/Using%20current%20context for more details. at node_modules/loopback/lib/server-app.js:74:25\n\u001b[0m{\"name\":\"sp-json-logger\",\"hostname\":\"3845812a1adf\",\"pid\":19,\"level\":20,\"application\":\"\",\"program\":\"\",\"language\":\"\",\"log\":{\"message\":\"Enabling authentication\"},\"fileName\":\"server:boot:01_authentication\",\"msg\":\"\",\"time\":\"2023-01-08T10:37:43.616Z\",\"v\":0}\n{\"name\":\"sp-json-logger\",\"hostname\":\"3845812a1adf\",\"pid\":19,\"level\":20,\"application\":\"\",\"program\":\"\",\"language\":\"\",\"log\":{\"message\":\"Defining role and roleMapping models\"},\"fileName\":\"server:boot:02_role-mappings\",\"msg\":\"\",\"time\":\"2023-01-08T10:37:43.617Z\",\"v\":0}\n{\"name\":\"sp-json-logger\",\"hostname\":\"3845812a1adf\",\"pid\":19,\"level\":20,\"application\":\"\",\"program\":\"\",\"language\":\"\",\"log\":{\"message\":\"Defining loopback explorer path\"},\"fileName\":\"server:boot:03_explorer\",\"msg\":\"\",\"time\":\"2023-01-08T10:37:43.617Z\",\"v\":0}\n\u001b[91mSun, 08 Jan 2023 10:37:43 GMT strong-remoting deprecated The built-in CORS middleware provided by REST adapter was deprecated. See https://docs.strongloop.com/display/public/LB/Security+considerations for more details. at node_modules/strong-remoting/lib/remote-objects.js:97:25\n\u001b[0m{\"name\":\"sp-json-logger\",\"hostname\":\"3845812a1adf\",\"pid\":19,\"level\":20,\"application\":\"\",\"program\":\"\",\"language\":\"\",\"log\":{\"message\":\"Defining role resolvers\"},\"fileName\":\"server:boot:04_org-role-resolver\",\"msg\":\"\",\"time\":\"2023-01-08T10:37:43.724Z\",\"v\":0}\n{\"name\":\"sp-json-logger\",\"hostname\":\"3845812a1adf\",\"pid\":19,\"level\":20,\"application\":\"\",\"program\":\"\",\"language\":\"\",\"log\":{\"message\":\"Defining restApiRoot\"},\"fileName\":\"server:boot:05_rest-api\",\"msg\":\"\",\"time\":\"2023-01-08T10:37:43.724Z\",\"v\":0}\n{\"name\":\"sp-json-logger\",\"hostname\":\"3845812a1adf\",\"pid\":19,\"level\":20,\"application\":\"\",\"program\":\"\",\"language\":\"\",\"log\":{\"message\":\"Creating/finding orgAdmin role\"},\"fileName\":\"server:boot:05_seed-roles\",\"msg\":\"\",\"time\":\"2023-01-08T10:37:43.725Z\",\"v\":0}\n{\"name\":\"sp-json-logger\",\"hostname\":\"3845812a1adf\",\"pid\":19,\"level\":50,\"application\":\"\",\"program\":\"\",\"language\":\"\",\"err\":{\"message\":\"Timeout in connecting after 5000 ms\",\"name\":\"Error\",\"stack\":\"Error: Timeout in connecting after 5000 ms\\n    at Timeout.<anonymous> (/apps/warehouse/node_modules/loopback-datasource-juggler/lib/datasource.js:2135:10)\\n    at Timeout._onTimeout (/apps/warehouse/node_modules/async-listener/glue.js:188:31)\\n    at ontimeout (timers.js:436:11)\\n    at tryOnTimeout (timers.js:300:5)\\n    at listOnTimeout (timers.js:263:5)\\n    at Timer.processTimers (timers.js:223:10)\"},\"log\":{\"message\":\"Error in creating roles\"},\"fileName\":\"server:boot:05_seed-roles\",\"msg\":\"Timeout in connecting after 5000 ms\",\"time\":\"2023-01-08T10:37:48.730Z\",\"v\":0}\n{\"name\":\"sp-json-logger\",\"hostname\":\"3845812a1adf\",\"pid\":19,\"level\":20,\"application\":\"\",\"program\":\"\",\"language\":\"\",\"log\":{\"message\":\"Will set up cron jobs for scheduled orders\"},\"fileName\":\"server:boot:06_setup-cron\",\"msg\":\"\",\"time\":\"2023-01-08T10:37:48.731Z\",\"v\":0}\nLoading Framework angular2\nGenerating \"sdk\" for the API endpoint \"/api\"\n\u001b[91mWarning: scope UserModel.accessTokens targets class \"AccessToken\", which is not exposed \nvia remoting. The Angular code for this scope won't be generated.\n\u001b[0m\u001b[91mWarning: scope UserModel.roles targets class \"Role\", which is not exposed \nvia remoting. The Angular code for this scope won't be generated.\n\u001b[0m\u001b[91mWarning: scope UserModel.roleMapping targets class \"RoleMapping\", which is not exposed \nvia remoting. The Angular code for this scope won't be generated.\n\u001b[0m\u001b[91mWarning: scope UserModel.reportModels targets class \"ReportModel\", which is not exposed \nvia remoting. The Angular code for this scope won't be generated.\n\u001b[0m\u001b[91mWarning: scope UserModel.stockOrderLineitemModels targets class \"StockOrderLineitemModel\", which is not exposed \nvia remoting. The Angular code for this scope won't be generated.\n\u001b[0m\u001b[91mWarning: scope UserModel.supplierModels targets class \"SupplierModel\", which is not exposed \nvia remoting. The Angular code for this scope won't be generated.\n\u001b[0m\u001b[91mWarning: scope UserModel.commentModels targets class \"CommentModel\", which is not exposed \nvia remoting. The Angular code for this scope won't be generated.\n\u001b[0m\u001b[91mWarning: scope UserModel.roleMappings targets class \"RoleMapping\", which is not exposed \nvia remoting. The Angular code for this scope won't be generated.\n\u001b[0m\u001b[91mWarning: scope OrgModel.storeModels targets class \"StoreModel\", which is not exposed \nvia remoting. The Angular code for this scope won't be generated.\n\u001b[0m\u001b[91mWarning: scope OrgModel.supplierModels targets class \"SupplierModel\", which is not exposed \nvia remoting. The Angular code for this scope won't be generated.\n\u001b[0m\u001b[91mWarning: scope OrgModel.stockOrderLineitemModels targets class \"StockOrderLineitemModel\", which is not exposed \nvia remoting. The Angular code for this scope won't be generated.\n\u001b[0m\u001b[91mWarning: scope OrgModel.reportModels targets class \"ReportModel\", which is not exposed \nvia remoting. The Angular code for this scope won't be generated.\n\u001b[0m\u001b[91mWarning: scope OrgModel.productModels targets class \"ProductModel\", which is not exposed \nvia remoting. The Angular code for this scope won't be generated.\n\u001b[0m\u001b[91mWarning: scope OrgModel.inventoryModels targets class \"InventoryModel\", which is not exposed \nvia remoting. The Angular code for this scope won't be generated.\n\u001b[0m\u001b[91mWarning: scope OrgModel.syncModels targets class \"SyncModel\", which is not exposed \nvia remoting. The Angular code for this scope won't be generated.\n\u001b[0m\u001b[91mWarning: scope OrgModel.integrationModels targets class \"IntegrationModel\", which is not exposed \nvia remoting. The Angular code for this scope won't be generated.\n\u001b[0m\u001b[91mWarning: scope OrgModel.salesModels targets class \"SalesModel\", which is not exposed \nvia remoting. The Angular code for this scope won't be generated.\n\u001b[0m\u001b[91mWarning: scope OrgModel.salesLineItemsModels targets class \"SalesLineItemsModel\", which is not exposed \nvia remoting. The Angular code for this scope won't be generated.\n\u001b[0m\u001b[91mWarning: scope OrgModel.categoryModels targets class \"CategoryModel\", which is not exposed \nvia remoting. The Angular code for this scope won't be generated.\n\u001b[0m\u001b[91mWarning: scope OrgModel.userStoreMappings targets class \"UserStoreMapping\", which is not exposed \nvia remoting. The Angular code for this scope won't be generated.\n\u001b[0m\u001b[91mWarning: scope OrgModel.orderConfigModels targets class \"OrderConfigModel\", which is not exposed \nvia remoting. The Angular code for this scope won't be generated.\n\u001b[0m\u001b[91mWarning: scope OrgModel.supplierStoreMappings targets class \"SupplierStoreMapping\", which is not exposed \nvia remoting. The Angular code for this scope won't be generated.\n\u001b[0m\u001b[91mWarning: scope OrgModel.commentModels targets class \"CommentModel\", which is not exposed \nvia remoting. The Angular code for this scope won't be generated.\n\u001b[0m\u001b[91mWarning: scope OrgModel.reorderPointsMultiplierModels targets class \"ReorderPointsMultiplierModel\", which is not exposed \nvia remoting. The Angular code for this scope won't be generated.\n\u001b[0mRemoving base directory /apps/warehouse/admin/src/app/shared/lb-sdk\nDRIVER:  ng2web\nLoopBack SDK Builder: adding UserModel model to SDK\nLoopBack SDK Builder: adding OrgModel model to SDK\nLoopBack SDK Builder: adding SchedulerModel model to SDK\nGenerating: /apps/warehouse/admin/src/app/shared/lb-sdk/index.ts\nGenerating: /apps/warehouse/admin/src/app/shared/lb-sdk/models/index.ts\nGenerating: /apps/warehouse/admin/src/app/shared/lb-sdk/services/index.ts\nGenerating: /apps/warehouse/admin/src/app/shared/lb-sdk/services/custom/index.ts\nGenerating: /apps/warehouse/admin/src/app/shared/lb-sdk/services/core/index.ts\nGenerating: /apps/warehouse/admin/src/app/shared/lb-sdk/services/custom/SDKModels.ts\nGenerating: /apps/warehouse/admin/src/app/shared/lb-sdk/lb.config.ts\nGenerating: /apps/warehouse/admin/src/app/shared/lb-sdk/models/BaseModels.ts\nGenerating: /apps/warehouse/admin/src/app/shared/lb-sdk/services/core/auth.service.ts\nGenerating: /apps/warehouse/admin/src/app/shared/lb-sdk/services/core/base.service.ts\nGenerating: /apps/warehouse/admin/src/app/shared/lb-sdk/services/core/error.service.ts\nGenerating: /apps/warehouse/admin/src/app/shared/lb-sdk/services/custom/logger.service.ts\nGenerating: /apps/warehouse/admin/src/app/shared/lb-sdk/storage/storage.swaps.ts\nGenerating: /apps/warehouse/admin/src/app/shared/lb-sdk/storage/cookie.browser.ts\nGenerating: /apps/warehouse/admin/src/app/shared/lb-sdk/storage/storage.browser.ts\nGenerating: /apps/warehouse/admin/src/app/shared/lb-sdk/sockets/socket.connections.ts\nGenerating: /apps/warehouse/admin/src/app/shared/lb-sdk/sockets/socket.driver.ts\nGenerating: /apps/warehouse/admin/src/app/shared/lb-sdk/services/core/io.service.ts\nGenerating: /apps/warehouse/admin/src/app/shared/lb-sdk/services/core/real.time.ts\nGenerating: /apps/warehouse/admin/src/app/shared/lb-sdk/models/FireLoop.ts\nGenerating: /apps/warehouse/admin/src/app/shared/lb-sdk/models/FireLoopRef.ts\nGenerating: /apps/warehouse/admin/src/app/shared/lb-sdk/sockets/socket.browser.ts\nGenerating: /apps/warehouse/admin/src/app/shared/lb-sdk/models/UserModel.ts\nGenerating: /apps/warehouse/admin/src/app/shared/lb-sdk/services/custom/UserModel.ts\nGenerating: /apps/warehouse/admin/src/app/shared/lb-sdk/models/OrgModel.ts\nGenerating: /apps/warehouse/admin/src/app/shared/lb-sdk/services/custom/OrgModel.ts\nGenerating: /apps/warehouse/admin/src/app/shared/lb-sdk/models/SchedulerModel.ts\nGenerating: /apps/warehouse/admin/src/app/shared/lb-sdk/services/custom/SchedulerModel.ts\n\n\nEnjoy!!!\nRemoving intermediate container 3845812a1adf\n ---> ac87ed20a2d1\nStep 10/40 : WORKDIR /apps/warehouse/admin\n ---> Running in 971d13159524\nRemoving intermediate container 971d13159524\n ---> eb82b80efc58\nStep 11/40 : RUN npm install\n ---> Running in 5fb1bfb60774\n\n> node-sass@4.11.0 install /apps/warehouse/admin/node_modules/node-sass\n> node scripts/install.js\n\nDownloading binary from https://github.com/sass/node-sass/releases/download/v4.11.0/linux-x64-64_binding.node\nDownload complete\nBinary saved to /apps/warehouse/admin/node_modules/node-sass/vendor/linux-x64-64/binding.node\nCaching binary to /root/.npm/node-sass/4.11.0/linux-x64-64_binding.node\n\n> node-sass@4.11.0 postinstall /apps/warehouse/admin/node_modules/node-sass\n> node scripts/build.js\n\nBinary found at /apps/warehouse/admin/node_modules/node-sass/vendor/linux-x64-64/binding.node\nTesting binary\nBinary is fine\n\n> @coreui/coreui@2.1.9 postinstall /apps/warehouse/admin/node_modules/@coreui/coreui\n> coreui-plugin-npm-postinstall || exit 0\n\nThank you for using free version of CoreUI!\nCoreUI is an MIT licensed open source project and completely free to use. However, the amount of effort needed to maintain and develop new features for the project is not sustainable without proper financial backing. You can support development by buying CoreUI Pro Version: https://coreui.io/pro/\n\n\u001b[91mnpm WARN optional\u001b[0m\u001b[91m SKIPPING OPTIONAL DEPENDENCY: fsevents@1.2.7 (node_modules/fsevents):\n\u001b[0m\u001b[91mnpm WARN notsup SKIPPING OPTIONAL DEPENDENCY: Unsupported platform for fsevents@1.2.7: wanted {\"os\":\"darwin\",\"arch\":\"any\"} (current: {\"os\":\"linux\",\"arch\":\"x64\"})\n\u001b[0m\u001b[91m\n\u001b[0madded 1128 packages from 1114 contributors and audited 1201 packages in 20.902s\nfound 351 vulnerabilities (11 low, 97 moderate, 175 high, 68 critical)\n  run `npm audit fix` to fix them, or `npm audit` for details\nRemoving intermediate container 5fb1bfb60774\n ---> dbdc7296d8a9\nStep 12/40 : RUN npm run admin\n ---> Running in 33955b373798\n\n> WarehouseAdmin@1.0.0 admin /apps/warehouse/admin\n> ./node_modules/@angular/cli/bin/ng build --prod --aot=false --build-optimizer=false --base-href /v2/ --output-path ./../client/admin/\n\n\u001b[91mBrowserslist: caniuse-lite is outdated. Please run next command `npm update`\n\u001b[0m\nDate: 2023-01-08T10:40:13.142Z\nHash: ea3b63e0b87fc2d83e84\nTime: 36906ms\nchunk {0} common.bb295246004ac01531ec.js (common) 28.9 kB  [rendered]\nchunk {1} runtime.d7dfc540bcf3d808d051.js (runtime) 2.52 kB [entry] [rendered]\nchunk {2} 2.30cd85d4a56f80eb4506.js () 16.9 kB  [rendered]\nchunk {3} 3.77976f274294f793ff57.js () 156 kB  [rendered]\nchunk {4} 4.e772af27fb8c03278005.js () 1.23 MB  [rendered]\nchunk {5} main.d13c6ff0908307d1c807.js (main) 2.13 MB [initial] [rendered]\nchunk {6} polyfills.a106756d476ee8df57b1.js (polyfills) 104 kB [initial] [rendered]\nchunk {7} styles.43ccf111fa5bdcc55101.css (styles) 345 kB [initial] [rendered]\nchunk {8} 8.950081fa6ae1ecb3000a.js () 202 kB  [rendered]\nchunk {9} 9.88b99f9defb16e00f4fe.js () 23.9 kB  [rendered]\nchunk {10} 10.52adc607978c559ae8ac.js () 23.5 kB  [rendered]\nchunk {11} 11.d7b74d918110470413eb.js () 15.8 kB  [rendered]\nchunk {12} 12.1c2336bb85a7b72bfea8.js () 15.1 kB  [rendered]\nchunk {13} 13.71800fc1e636198f6ccb.js () 22.6 kB  [rendered]\nchunk {14} 14.7ba05e8f72d6ca778dcb.js () 21.5 kB  [rendered]\nchunk {15} 15.f85b0063b052bdc26c2e.js () 8.11 kB  [rendered]\nchunk {16} 16.1ebfd817a65378e7b8b9.js () 5.22 kB  [rendered]\nchunk {17} 17.f776867aebb59f8dd803.js () 13 kB  [rendered]\nchunk {18} 18.8081a1fd21470cb70938.js () 9.96 kB  [rendered]\nchunk {scripts} scripts.9055d79c401904c5dbcf.js (scripts) 153 kB [entry] [rendered]\nRemoving intermediate container 33955b373798\n ---> ce225c7eed09\nStep 13/40 : FROM node:8.16 as notification\n8.16: Pulling from library/node\n844c33c7e6ea: Pulling fs layer\nada5d61ae65d: Pulling fs layer\nf8427fdf4292: Pulling fs layer\nf025bafc4ab8: Pulling fs layer\n7a9577c07934: Pulling fs layer\n9b4289f800f5: Pulling fs layer\n60d1e19e1116: Pulling fs layer\n2ec0fae87e1d: Pulling fs layer\nac5856441d80: Pulling fs layer\nf025bafc4ab8: Waiting\n2ec0fae87e1d: Waiting\n60d1e19e1116: Waiting\nada5d61ae65d: Verifying Checksum\nada5d61ae65d: Download complete\nf8427fdf4292: Verifying Checksum\nf8427fdf4292: Download complete\n844c33c7e6ea: Verifying Checksum\n844c33c7e6ea: Download complete\n9b4289f800f5: Verifying Checksum\n9b4289f800f5: Download complete\n60d1e19e1116: Verifying Checksum\n60d1e19e1116: Download complete\n2ec0fae87e1d: Verifying Checksum\n2ec0fae87e1d: Download complete\nf025bafc4ab8: Verifying Checksum\nf025bafc4ab8: Download complete\n844c33c7e6ea: Pull complete\nac5856441d80: Download complete\nada5d61ae65d: Pull complete\nf8427fdf4292: Pull complete\n7a9577c07934: Verifying Checksum\n7a9577c07934: Download complete\nf025bafc4ab8: Pull complete\n7a9577c07934: Pull complete\n9b4289f800f5: Pull complete\n60d1e19e1116: Pull complete\n2ec0fae87e1d: Pull complete\nac5856441d80: Pull complete\nDigest: sha256:850590ec023ab8579c059460f245f62f9fdd8a49eb9d5edbd2ec7fa956885ca5\nStatus: Downloaded newer image for node:8.16\n ---> c0eda5b3a935\nStep 14/40 : RUN mkdir -p /apps/warehouse\n ---> Running in 359897629d2a\nRemoving intermediate container 359897629d2a\n ---> e676b9f7516d\nStep 15/40 : COPY . /apps/warehouse\n ---> cbc0b5907f94\nStep 16/40 : WORKDIR /apps/warehouse/notification-service\n ---> Running in facaaa30621d\nRemoving intermediate container facaaa30621d\n ---> 69dde073d8d9\nStep 17/40 : RUN npm install\n ---> Running in a3a46f6b2c99\n\u001b[91mnpm WARN deprecated @sentry/apm@5.10.2: Please migrate to @sentry/tracing; see: https://www.npmjs.com/package/@sentry/apm\n\u001b[0m\n> dtrace-provider@0.8.5 install /apps/warehouse/notification-service/node_modules/sp-json-logger/node_modules/dtrace-provider\n> node scripts/install.js\n\n\n> nodemon@1.19.4 postinstall /apps/warehouse/notification-service/node_modules/nodemon\n> node bin/postinstall || exit 0\n\n\u001b[32mLove nodemon? You can now support the project via the open collective:\u001b[22m\u001b[39m\n > \u001b[96m\u001b[1mhttps://opencollective.com/nodemon/donate\u001b[0m\n\n\u001b[91mnpm \u001b[0m\u001b[91mWARN notification-service@1.0.0 No repository field.\n\u001b[0m\u001b[91mnpm WARN\u001b[0m\u001b[91m optional\u001b[0m\u001b[91m SKIPPING OPTIONAL DEPENDENCY: fsevents@1.2.9 (node_modules/fsevents):\n\u001b[0m\u001b[91mnpm WARN notsup SKIPPING OPTIONAL DEPENDENCY: Unsupported platform for fsevents@1.2.9: wanted {\"os\":\"darwin\",\"arch\":\"any\"} (current: {\"os\":\"linux\",\"arch\":\"x64\"})\n\u001b[0m\u001b[91m\n\u001b[0madded 373 packages from 293 contributors and audited 441 packages in 9.009s\nfound 54 vulnerabilities (4 low, 9 moderate, 35 high, 6 critical)\n  run `npm audit fix` to fix them, or `npm audit` for details\nRemoving intermediate container a3a46f6b2c99\n ---> 6d013379c0a8\nStep 18/40 : FROM shoppinpal/node:6.10\n6.10: Pulling from shoppinpal/node\n1c7fe136a31e: Pulling fs layer\nece825d3308b: Pulling fs layer\n06854774e2f3: Pulling fs layer\nf0db43b9b8da: Pulling fs layer\n10a877f2c99c: Pulling fs layer\n4872d307853a: Pulling fs layer\nc254193e47fa: Pulling fs layer\n5fabc287e3c3: Pulling fs layer\n98bf3a0d86f1: Pulling fs layer\n68199923d56f: Pulling fs layer\n711f3de66106: Pulling fs layer\n53e551918899: Pulling fs layer\n6fcd69e4554b: Pulling fs layer\nc254193e47fa: Waiting\nf0db43b9b8da: Waiting\n5fabc287e3c3: Waiting\n4872d307853a: Waiting\n10a877f2c99c: Waiting\n98bf3a0d86f1: Waiting\n53e551918899: Waiting\n68199923d56f: Waiting\n711f3de66106: Waiting\n6fcd69e4554b: Waiting\nece825d3308b: Verifying Checksum\nece825d3308b: Download complete\n1c7fe136a31e: Verifying Checksum\n1c7fe136a31e: Download complete\n06854774e2f3: Verifying Checksum\n06854774e2f3: Download complete\n10a877f2c99c: Download complete\n4872d307853a: Verifying Checksum\n4872d307853a: Download complete\n5fabc287e3c3: Verifying Checksum\n5fabc287e3c3: Download complete\nc254193e47fa: Verifying Checksum\nc254193e47fa: Download complete\nf0db43b9b8da: Verifying Checksum\nf0db43b9b8da: Download complete\n98bf3a0d86f1: Verifying Checksum\n98bf3a0d86f1: Download complete\n68199923d56f: Verifying Checksum\n68199923d56f: Download complete\n1c7fe136a31e: Pull complete\n53e551918899: Verifying Checksum\n53e551918899: Download complete\n6fcd69e4554b: Verifying Checksum\n6fcd69e4554b: Download complete\nece825d3308b: Pull complete\n711f3de66106: Verifying Checksum\n711f3de66106: Download complete\n06854774e2f3: Pull complete\nf0db43b9b8da: Pull complete\n10a877f2c99c: Pull complete\n4872d307853a: Pull complete\nc254193e47fa: Pull complete\n5fabc287e3c3: Pull complete\n98bf3a0d86f1: Pull complete\n68199923d56f: Pull complete\n711f3de66106: Pull complete\n53e551918899: Pull complete\n6fcd69e4554b: Pull complete\nDigest: sha256:503455d067f184466d32a17818d31dad17c5abd169cc9f48a54948712226645d\nStatus: Downloaded newer image for shoppinpal/node:6.10\n ---> 2c1f11121a5c\nStep 19/40 : ENV MONGOLAB_URI=mongodb://admin:c64e8e7b05a6d35@35.200.175.36:27017/warehouse-local\n ---> Running in a72fe7fb0b84\nRemoving intermediate container a72fe7fb0b84\n ---> 1c01017ef7b2\nStep 20/40 : RUN sed -i '2d' /etc/apt/sources.list && apt-get -y update && apt-get -y dist-upgrade\n ---> Running in e375788cd549\nIgn http://deb.debian.org jessie InRelease\nGet:1 http://deb.debian.org jessie-updates InRelease [16.3 kB]\nGet:2 http://deb.debian.org jessie Release.gpg [1652 B]\nGet:3 http://deb.debian.org jessie Release [77.3 kB]\nIgn http://deb.debian.org jessie-updates InRelease\nIgn http://deb.debian.org jessie Release\nGet:4 http://deb.debian.org jessie-updates/main amd64 Packages [20 B]\nGet:5 http://deb.debian.org jessie/main amd64 Packages [9098 kB]\nFetched 9193 kB in 7s (1273 kB/s)\nReading package lists...\n\u001b[91mW: GPG error: http://deb.debian.org jessie-updates InRelease: The following signatures were invalid: KEYEXPIRED 1668891673\nW: GPG error: http://deb.debian.org jessie Release: The following signatures were invalid: KEYEXPIRED 1668891673\n\u001b[0mReading package lists...\nBuilding dependency tree...\nReading state information...\n0 upgraded, 0 newly installed, 0 to remove and 0 not upgraded.\nRemoving intermediate container e375788cd549\n ---> 1d48f9e29d84\nStep 21/40 : RUN chown -R node:node /usr/local\n ---> Running in 9e431224ca71\nRemoving intermediate container 9e431224ca71\n ---> bf56c8043b62\nStep 22/40 : RUN apt-get -y update && apt-get -y dist-upgrade && apt-get install -y python-pip python-dev && rm -rf /var/lib/apt/lists/* /tmp/* /var/tmp/* /usr/share/doc/*\n ---> Running in 04d780587450\nIgn http://deb.debian.org jessie InRelease\nGet:1 http://deb.debian.org jessie-updates InRelease [16.3 kB]\nGet:2 http://deb.debian.org jessie Release.gpg [1652 B]\nHit http://deb.debian.org jessie Release\nIgn http://deb.debian.org jessie-updates InRelease\nIgn http://deb.debian.org jessie Release\nGet:3 http://deb.debian.org jessie-updates/main amd64 Packages [20 B]\nGet:4 http://deb.debian.org jessie/main amd64 Packages [9098 kB]\nFetched 9116 kB in 7s (1252 kB/s)\nReading package lists...\n\u001b[91mW: GPG error: http://deb.debian.org jessie-updates InRelease: The following signatures were invalid: KEYEXPIRED 1668891673\nW: GPG error: http://deb.debian.org jessie Release: The following signatures were invalid: KEYEXPIRED 1668891673\n\u001b[0mReading package lists...\nBuilding dependency tree...\nReading state information...\n0 upgraded, 0 newly installed, 0 to remove and 0 not upgraded.\nReading package lists...\nBuilding dependency tree...\nReading state information...\nThe following extra packages will be installed:\n  build-essential dpkg-dev fakeroot g++ g++-4.9 gcc libalgorithm-diff-perl\n  libalgorithm-diff-xs-perl libalgorithm-merge-perl libdpkg-perl libexpat1-dev\n  libfakeroot libfile-fcntllock-perl libpython-dev libpython2.7\n  libpython2.7-dev libstdc++-4.9-dev libtimedate-perl make python-cffi\n  python-chardet python-colorama python-cryptography python-distlib\n  python-html5lib python-ndg-httpsclient python-openssl python-pkg-resources\n  python-ply python-pyasn1 python-pycparser python-requests python-setuptools\n  python-support python-urllib3 python-wheel python2.7-dev\nSuggested packages:\n  debian-keyring g++-multilib g++-4.9-multilib gcc-4.9-doc libstdc++6-4.9-dbg\n  gcc-multilib manpages-dev autoconf automake flex bison gdb gcc-doc\n  libstdc++-4.9-doc make-doc python-cryptography-doc\n  python-cryptography-vectors python-genshi python-lxml python-openssl-doc\n  python-openssl-dbg python-distribute python-distribute-doc python-ply-doc\n  doc-base\nRecommended packages:\n  python-dev-all\nThe following NEW packages will be installed:\n  build-essential dpkg-dev fakeroot g++ g++-4.9 gcc libalgorithm-diff-perl\n  libalgorithm-diff-xs-perl libalgorithm-merge-perl libdpkg-perl libexpat1-dev\n  libfakeroot libfile-fcntllock-perl libpython-dev libpython2.7\n  libpython2.7-dev libstdc++-4.9-dev libtimedate-perl make python-cffi\n  python-chardet python-colorama python-cryptography python-dev python-distlib\n  python-html5lib python-ndg-httpsclient python-openssl python-pip\n  python-pkg-resources python-ply python-pyasn1 python-pycparser\n  python-requests python-setuptools python-support python-urllib3 python-wheel\n  python2.7-dev\n0 upgraded, 39 newly installed, 0 to remove and 0 not upgraded.\nNeed to get 43.3 MB of archives.\nAfter this operation, 91.0 MB of additional disk space will be used.\nWARNING: The following packages cannot be authenticated!\n  libpython2.7 libexpat1-dev libpython2.7-dev python-support gcc\n  libstdc++-4.9-dev g++-4.9 g++ make libtimedate-perl libdpkg-perl dpkg-dev\n  build-essential libfakeroot fakeroot libalgorithm-diff-perl\n  libalgorithm-diff-xs-perl libalgorithm-merge-perl libfile-fcntllock-perl\n  libpython-dev python-ply python-pycparser python-cffi python-pkg-resources\n  python-chardet python-colorama python-cryptography python2.7-dev python-dev\n  python-distlib python-html5lib python-openssl python-ndg-httpsclient\n  python-urllib3 python-requests python-setuptools python-pip python-pyasn1\n  python-wheel\n\u001b[91mE: There are problems and -y was used without --force-yes\n\u001b[0mRemoving intermediate container 04d780587450\n","stderr":"The command '/bin/sh -c apt-get -y update && apt-get -y dist-upgrade && apt-get install -y python-pip python-dev && rm -rf /var/lib/apt/lists/* /tmp/* /var/tmp/* /usr/share/doc/*' returned a non-zero code: 100\n"}}