{"repository":"https://github.com/kratelabs/kratelabs-app","dockerfilePath":"Dockerfile","startTime":1672296966130,"clone":{"stdout":"","stderr":"Cloning into '/tmp/dinghy-analysis/kratelabs/kratelabs-app'...\n","error":null,"commit":"e40f1aade063212ddc25c8a65c13e0dc4c9b76bc"},"originalBuild":{"startTimestamp":1672296967212,"endTimestamp":1672297046579,"error":{"code":1,"killed":false,"signal":null,"cmd":"docker build --no-cache --force-rm -t kratelabs-app:latest -f /tmp/dinghy-analysis/kratelabs/kratelabs-app/Dockerfile ."},"stdout":"Sending build context to Docker daemon  2.241MB\r\r\nStep 1/7 : FROM mhart/alpine-node\nlatest: Pulling from mhart/alpine-node\n2b7421b2895f: Pulling fs layer\n2b7421b2895f: Verifying Checksum\n2b7421b2895f: Download complete\n2b7421b2895f: Pull complete\nDigest: sha256:c9014e9e5b33f29d47c867ea548edc0235ba71677f40456409a44c278d8a8e01\nStatus: Downloaded newer image for mhart/alpine-node:latest\n ---> 40c8537c85c4\nStep 2/7 : MAINTAINER Denis Carriere - carriere.denis@gmail.com\n ---> Running in f7d9af97cd91\nRemoving intermediate container f7d9af97cd91\n ---> 622bcfab8c41\nStep 3/7 : WORKDIR /src\n ---> Running in d71603ba267d\nRemoving intermediate container d71603ba267d\n ---> efec1b38ab79\nStep 4/7 : ADD . .\n ---> 13e20d02d50e\nStep 5/7 : RUN npm install\n ---> Running in 46541b81e60c\n\u001b[91mnpm \u001b[0m\u001b[91mWARN deprecated urix@0.1.0: Please see https://github.com/lydell/urix#deprecated\n\u001b[0m\u001b[91mnpm WARN deprecated source-map-url@0.4.1: See https://github.com/lydell/source-map-url#deprecated\n\u001b[0m\u001b[91mnpm WARN deprecated source-map-resolve@0.5.3: See https://github.com/lydell/source-map-resolve#deprecated\n\u001b[0m\u001b[91mnpm WARN deprecated querystring@0.2.0: The querystring API is considered Legacy. new code should use the URLSearchParams API instead.\n\u001b[0m\u001b[91mnpm WARN deprecated har-validator@5.1.5: this library is no longer supported\n\u001b[0m\u001b[91mnpm WARN deprecated flatten@1.0.3: flatten is deprecated in favor of utility frameworks such as lodash.\n\u001b[0m\u001b[91mnpm WARN deprecated resolve-url@0.2.1: https://github.com/lydell/resolve-url#deprecated\n\u001b[0m\u001b[91mnpm WARN deprecated geojson-area@0.1.0: This module is now under the @mapbox namespace: install @mapbox/geojson-area instead\n\u001b[0m\u001b[91mnpm WARN deprecated chokidar@1.7.0: Chokidar 2 will break on node v14+. Upgrade to chokidar 3 with 15x less dependencies.\n\u001b[0m\u001b[91mnpm WARN deprecated nomnom@1.8.1: Package no longer supported. Contact support@npmjs.com for more info.\n\u001b[0m\u001b[91mnpm WARN deprecated uuid@3.4.0: Please upgrade  to version 7 or higher.  Older versions may use Math.random() in certain circumstances, which is known to be problematic.  See https://v8.dev/blog/math-random for details.\n\u001b[0m\u001b[91mnpm WARN deprecated mapbox-gl-function@1.3.0: This package has been merged with the 'mapbox-gl-style-spec' package\n\u001b[0m\u001b[91mnpm WARN \u001b[0m\u001b[91mdeprecated mapbox-gl-js-supported@1.1.0: This project has been renamed to mapbox-gl-supported. Install using mapbox-gl-supported instead.\n\u001b[0m\u001b[91mnpm WARN deprecated unitbezier@0.0.0: This module has moved: switch to @mapbox/unitbezier\n\u001b[0m\u001b[91mnpm WARN deprecated browserslist@1.7.7: Browserslist 2 could fail on reading Browserslist >3.0 config used in other tools.\n\u001b[0m\u001b[91mnpm WARN deprecated point-geometry@0.0.0: This module has moved: please install @mapbox/point-geometry instead\n\u001b[0m\u001b[91mnpm WARN deprecated feature-filter@2.2.0: This package has been merged into the 'mapbox-gl-style-spec' package\n\u001b[0m\u001b[91mnpm WARN deprecated request@2.88.2: request has been deprecated, see https://github.com/request/request/issues/3142\n\u001b[0m\u001b[91mnpm WARN deprecated vector-tile@1.3.0: This module has moved: please install @mapbox/vector-tile instead\n\u001b[0m\u001b[91mnpm WARN deprecated babel-preset-es2015@6.24.1: ðŸ™Œ  Thanks for using Babel: we recommend using babel-preset-env now: please read https://babeljs.io/env to update!\n\u001b[0m\u001b[91mnpm WARN deprecated svgo@0.7.2: This SVGO version is no longer supported. Upgrade to v2.x.x.\n\u001b[0m\u001b[91mnpm WARN deprecated mapbox-gl-style-spec@8.11.0: This package has been replaced by @mapbox/mapbox-gl-style-spec\n\u001b[0m\u001b[91mnpm WARN deprecated tar@2.2.2: This version of tar is no longer supported, and will not receive security updates. Please upgrade asap.\n\u001b[0m\u001b[91mnpm WARN deprecated shelf-pack@1.1.0: This module is now under the @mapbox namespace: install @mapbox/shelf-pack instead\n\u001b[0m\u001b[91mnpm WARN deprecated core-js@1.2.7: core-js@<3.23.3 is no longer maintained and not recommended for usage due to the number of issues. Because of the V8 engine whims, feature detection in old core-js versions could cause a slowdown up to 100x even if nothing is polyfilled. Some versions have web compatibility issues. Please, upgrade your dependencies to the actual version of core-js.\n\u001b[0m\u001b[91mnpm WARN deprecated core-js@1.2.7: core-js@<3.23.3 is no longer maintained and not recommended for usage due to the number of issues. Because of the V8 engine whims, feature detection in old core-js versions could cause a slowdown up to 100x even if nothing is polyfilled. Some versions have web compatibility issues. Please, upgrade your dependencies to the actual version of core-js.\n\u001b[0m\u001b[91mnpm WARN deprecated core-js@2.6.12: core-js@<3.23.3 is no longer maintained and not recommended for usage due to the number of issues. Because of the V8 engine whims, feature detection in old core-js versions could cause a slowdown up to 100x even if nothing is polyfilled. Some versions have web compatibility issues. Please, upgrade your dependencies to the actual version of core-js.\n\u001b[0m\u001b[91mnpm notice \nnpm notice New major version of npm available! 7.19.1 -> 9.2.0\nnpm notice Changelog: <https://github.com/npm/cli/releases/tag/v9.2.0>\nnpm\u001b[0m\u001b[91m notice Run `npm install -g npm@9.2.0` to update!\nnpm notice \n\u001b[0m\u001b[91mnpm ERR! code 1\nnpm ERR! path /src/node_modules/node-sass\n\u001b[0m\u001b[91mnpm ERR! command failed\nnpm ERR! command sh -c node scripts/build.js\n\u001b[0m\u001b[91mnpm ERR! Building: /usr/bin/node /src/node_modules/node-gyp/bin/node-gyp.js rebuild --verbose --libsass_ext= --libsass_cflags= --libsass_ldflags= --libsass_library=\n\u001b[0m\u001b[91mnpm ERR!\u001b[0m\u001b[91m gyp info it worked if it ends with ok\nnpm ERR! gyp verb cli [\n\u001b[0m\u001b[91mnpm ERR!\u001b[0m\u001b[91m gyp verb cli   '/usr/bin/node',\nnpm\u001b[0m\u001b[91m ERR! gyp verb cli   '/src/node_modules/node-gyp/bin/node-gyp.js',\n\u001b[0m\u001b[91mnpm ERR!\u001b[0m\u001b[91m gyp verb cli   'rebuild',\nnpm \u001b[0m\u001b[91mERR!\u001b[0m\u001b[91m gyp verb cli   '--verbose',\nnpm ERR!\u001b[0m\u001b[91m gyp verb cli   '--libsass_ext=',\nnpm ERR!\u001b[0m\u001b[91m gyp verb cli   '--libsass_cflags=',\nnpm \u001b[0m\u001b[91mERR! gyp verb cli   '--libsass_ldflags=',\nnpm ERR!\u001b[0m\u001b[91m gyp verb cli   '--libsass_library='\nnpm ERR! gyp verb cli ]\n\u001b[0m\u001b[91mnpm\u001b[0m\u001b[91m ERR!\u001b[0m\u001b[91m gyp info using node-gyp@3.8.0\nnpm ERR! gyp info using node@16.4.2 | linux | x64\nnpm ERR!\u001b[0m\u001b[91m gyp verb command rebuild []\nnpm\u001b[0m\u001b[91m ERR! gyp verb command clean []\n\u001b[0m\u001b[91mnpm\u001b[0m\u001b[91m ERR!\u001b[0m\u001b[91m gyp verb clean removing \"build\" directory\nnpm ERR! gyp verb command configure []\nnpm\u001b[0m\u001b[91m ERR! gyp verb check python checking for Python executable \"python2\" in the PATH\nnpm ERR!\u001b[0m\u001b[91m gyp verb `which` failed Error: not found: python2\nnpm ERR!\u001b[0m\u001b[91m gyp verb `which` failed     at getNotFoundError (/src/node_modules/which/which.js:13:12)\nnpm ERR!\u001b[0m\u001b[91m gyp verb `which` failed     at F (/src/node_modules/which/which.js:68:19)\nnpm\u001b[0m\u001b[91m ERR! gyp verb `which` failed     at E (/src/node_modules/which/which.js:80:29)\n\u001b[0m\u001b[91mnpm \u001b[0m\u001b[91mERR!\u001b[0m\u001b[91m gyp verb `which` failed     at /src/node_modules/which/which.js:89:16\nnpm\u001b[0m\u001b[91m \u001b[0m\u001b[91mERR! gyp verb `which` failed     at /src/node_modules/isexe/index.js:42:5\nnpm ERR! gyp verb `which` failed     at /src/node_modules/isexe/mode.js:8:5\n\u001b[0m\u001b[91mnpm ERR!\u001b[0m\u001b[91m gyp verb `which` failed     at FSReqCallback.oncomplete (node:fs:195:21)\nnpm ERR! gyp verb `which` failed  python2 Error: not found: python2\n\u001b[0m\u001b[91mnpm ERR!\u001b[0m\u001b[91m gyp verb `which` failed     at getNotFoundError (/src/node_modules/which/which.js:13:12)\nnpm\u001b[0m\u001b[91m \u001b[0m\u001b[91mERR! gyp verb `which` failed     at F (/src/node_modules/which/which.js:68:19)\n\u001b[0m\u001b[91mnpm ERR!\u001b[0m\u001b[91m gyp verb `which` failed     at E (/src/node_modules/which/which.js:80:29)\nnpm \u001b[0m\u001b[91mERR! gyp verb `which` failed     at /src/node_modules/which/which.js:89:16\n\u001b[0m\u001b[91mnpm ERR! gyp verb `which` failed     at /src/node_modules/isexe/index.js:42:5\n\u001b[0m\u001b[91mnpm\u001b[0m\u001b[91m ERR!\u001b[0m\u001b[91m gyp verb `which` failed     at /src/node_modules/isexe/mode.js:8:5\n\u001b[0m\u001b[91mnpm\u001b[0m\u001b[91m ERR!\u001b[0m\u001b[91m gyp verb `which` failed     at FSReqCallback.oncomplete (node:fs:195:21) {\nnpm ERR!\u001b[0m\u001b[91m gyp verb `which` failed   code: 'ENOENT'\nnpm ERR!\u001b[0m\u001b[91m gyp verb `which` failed }\nnpm ERR! gyp verb check python checking for Python executable \"python\" in the PATH\n\u001b[0m\u001b[91mnpm ERR! gyp verb `which` failed Error: not found: python\nnpm\u001b[0m\u001b[91m ERR!\u001b[0m\u001b[91m gyp verb `which` failed     at getNotFoundError (/src/node_modules/which/which.js:13:12)\nnpm ERR! gyp verb `which` failed     at F (/src/node_modules/which/which.js:68:19)\nnpm \u001b[0m\u001b[91mERR! gyp verb `which` failed     at E (/src/node_modules/which/which.js:80:29)\n\u001b[0m\u001b[91mnpm \u001b[0m\u001b[91mERR! gyp verb `which` failed     at /src/node_modules/which/which.js:89:16\nnpm ERR!\u001b[0m\u001b[91m gyp verb `which` failed     at /src/node_modules/isexe/index.js:42:5\nnpm \u001b[0m\u001b[91mERR! gyp verb `which` failed     at /src/node_modules/isexe/mode.js:8:5\n\u001b[0m\u001b[91mnpm \u001b[0m\u001b[91mERR!\u001b[0m\u001b[91m gyp verb `which` failed     at FSReqCallback.oncomplete (node:fs:195:21)\nnpm \u001b[0m\u001b[91mERR! gyp verb `which` failed  python Error: not found: python\nnpm ERR! gyp verb `which` failed     at getNotFoundError (/src/node_modules/which/which.js:13:12)\nnpm ERR!\u001b[0m\u001b[91m gyp verb `which` failed     at F (/src/node_modules/which/which.js:68:19)\nnpm\u001b[0m\u001b[91m ERR!\u001b[0m\u001b[91m gyp verb `which` failed     at E (/src/node_modules/which/which.js:80:29)\nnpm \u001b[0m\u001b[91mERR! gyp verb `which` failed     at /src/node_modules/which/which.js:89:16\nnpm \u001b[0m\u001b[91mERR! gyp verb `which` failed     at /src/node_modules/isexe/index.js:42:5\nnpm \u001b[0m\u001b[91mERR!\u001b[0m\u001b[91m gyp verb `which` failed     at /src/node_modules/isexe/mode.js:8:5\n\u001b[0m\u001b[91mnpm ERR!\u001b[0m\u001b[91m gyp verb `which` failed     at FSReqCallback.oncomplete (node:fs:195:21) {\nnpm ERR! gyp verb `which` failed   code: 'ENOENT'\nnpm\u001b[0m\u001b[91m \u001b[0m\u001b[91mERR!\u001b[0m\u001b[91m gyp verb `which` failed }\nnpm \u001b[0m\u001b[91mERR! gyp ERR! configure error \n\u001b[0m\u001b[91mnpm ERR!\u001b[0m\u001b[91m gyp ERR! stack Error: Can't find Python executable \"python\", you can set the PYTHON env variable.\nnpm \u001b[0m\u001b[91mERR! gyp ERR! stack     at PythonFinder.failNoPython (/src/node_modules/node-gyp/lib/configure.js:484:19)\n\u001b[0m\u001b[91mnpm \u001b[0m\u001b[91mERR! gyp ERR! stack     at PythonFinder.<anonymous> (/src/node_modules/node-gyp/lib/configure.js:406:16)\n\u001b[0m\u001b[91mnpm\u001b[0m\u001b[91m ERR!\u001b[0m\u001b[91m gyp ERR! stack     at F (/src/node_modules/which/which.js:68:16)\n\u001b[0m\u001b[91mnpm\u001b[0m\u001b[91m ERR!\u001b[0m\u001b[91m gyp ERR! stack     at E (/src/node_modules/which/which.js:80:29)\n\u001b[0m\u001b[91mnpm \u001b[0m\u001b[91mERR!\u001b[0m\u001b[91m gyp ERR! stack     at /src/node_modules/which/which.js:89:16\nnpm\u001b[0m\u001b[91m ERR!\u001b[0m\u001b[91m gyp ERR! stack     at /src/node_modules/isexe/index.js:42:5\nnpm ERR! gyp ERR! stack     at /src/node_modules/isexe/mode.js:8:5\nnpm \u001b[0m\u001b[91mERR!\u001b[0m\u001b[91m gyp ERR! stack     at FSReqCallback.oncomplete (node:fs:195:21)\n\u001b[0m\u001b[91mnpm\u001b[0m\u001b[91m ERR! gyp ERR! System Linux 5.4.0-113-generic\n\u001b[0m\u001b[91mnpm ERR! gyp ERR! command \"/usr/bin/node\" \"/src/node_modules/node-gyp/bin/node-gyp.js\" \"rebuild\" \"--verbose\" \"--libsass_ext=\" \"--libsass_cflags=\" \"--libsass_ldflags=\" \"--libsass_library=\"\n\u001b[0m\u001b[91mnpm \u001b[0m\u001b[91mERR!\u001b[0m\u001b[91m gyp ERR! cwd /src/node_modules/node-sass\n\u001b[0m\u001b[91mnpm ERR!\u001b[0m\u001b[91m gyp ERR! node -v v16.4.2\n\u001b[0m\u001b[91mnpm\u001b[0m\u001b[91m ERR!\u001b[0m\u001b[91m gyp ERR! node-gyp -v v3.8.0\nnpm ERR! gyp ERR! not ok \n\u001b[0m\u001b[91mnpm ERR! Build failed with error code: 1\n\u001b[0m\u001b[91m\n\u001b[0m\u001b[91mnpm \u001b[0m\u001b[91mERR! A complete log of this run can be found in:\nnpm\u001b[0m\u001b[91m \u001b[0m\u001b[91mERR!\u001b[0m\u001b[91m     /root/.npm/_logs/2022-12-29T06_57_07_425Z-debug.log\n\u001b[0mRemoving intermediate container 46541b81e60c\n","stderr":"The command '/bin/sh -c npm install' returned a non-zero code: 1\n"},"endTime":1672297046648}